<?xml version="1.0" encoding="UTF-8"?>
<testsuite xmlns:xsi="http://www.w3.org/2001/XMLSchema-instance" xsi:noNamespaceSchemaLocation="https://maven.apache.org/surefire/maven-surefire-plugin/xsd/surefire-test-report.xsd" name="org.apache.hadoop.ozone.scm.TestSCMContainerPlacementPolicyMetrics" time="81.707" tests="1" errors="1" skipped="0" failures="0">
  <properties>
    <property name="awt.toolkit" value="sun.awt.X11.XToolkit"/>
    <property name="file.encoding.pkg" value="sun.io"/>
    <property name="java.specification.version" value="1.8"/>
    <property name="sun.cpu.isalist" value=""/>
    <property name="sun.jnu.encoding" value="ANSI_X3.4-1968"/>
    <property name="java.class.path" value="/workdir/hadoop-ozone/integration-test/target/test-classes:/workdir/hadoop-ozone/integration-test/target/classes:/home/user/.m2/repository/org/apache/hadoop/hadoop-ozone-common/0.5.0-SNAPSHOT/hadoop-ozone-common-0.5.0-SNAPSHOT.jar:/home/user/.m2/repository/org/apache/commons/commons-compress/1.4.1/commons-compress-1.4.1.jar:/home/user/.m2/repository/org/tukaani/xz/1.0/xz-1.0.jar:/home/user/.m2/repository/org/apache/hadoop/hadoop-common/3.2.0/hadoop-common-3.2.0.jar:/home/user/.m2/repository/org/apache/hadoop/hadoop-hdfs/3.2.0/hadoop-hdfs-3.2.0.jar:/home/user/.m2/repository/org/apache/hadoop/hadoop-hdfs-client/3.2.0/hadoop-hdfs-client-3.2.0.jar:/home/user/.m2/repository/com/fasterxml/jackson/core/jackson-annotations/2.9.9/jackson-annotations-2.9.9.jar:/home/user/.m2/repository/org/apache/hadoop/hadoop-hdds-common/0.5.0-SNAPSHOT/hadoop-hdds-common-0.5.0-SNAPSHOT.jar:/home/user/.m2/repository/javax/annotation/javax.annotation-api/1.2/javax.annotation-api-1.2.jar:/home/user/.m2/repository/org/apache/ratis/ratis-server/0.5.0-3f446aa-SNAPSHOT/ratis-server-0.5.0-3f446aa-SNAPSHOT.jar:/home/user/.m2/repository/org/apache/ratis/ratis-thirdparty-misc/0.2.0/ratis-thirdparty-misc-0.2.0.jar:/home/user/.m2/repository/org/apache/ratis/ratis-proto/0.5.0-3f446aa-SNAPSHOT/ratis-proto-0.5.0-3f446aa-SNAPSHOT.jar:/home/user/.m2/repository/org/apache/ratis/ratis-common/0.5.0-3f446aa-SNAPSHOT/ratis-common-0.5.0-3f446aa-SNAPSHOT.jar:/home/user/.m2/repository/org/apache/ratis/ratis-client/0.5.0-3f446aa-SNAPSHOT/ratis-client-0.5.0-3f446aa-SNAPSHOT.jar:/home/user/.m2/repository/org/apache/ratis/ratis-metrics/0.5.0-3f446aa-SNAPSHOT/ratis-metrics-0.5.0-3f446aa-SNAPSHOT.jar:/home/user/.m2/repository/com/github/joshelser/dropwizard-metrics-hadoop-metrics2-reporter/0.1.2/dropwizard-metrics-hadoop-metrics2-reporter-0.1.2.jar:/home/user/.m2/repository/io/dropwizard/metrics/metrics-jvm/3.2.5/metrics-jvm-3.2.5.jar:/home/user/.m2/repository/io/dropwizard/metrics/metrics-ganglia/3.2.5/metrics-ganglia-3.2.5.jar:/home/user/.m2/repository/info/ganglia/gmetric4j/gmetric4j/1.0.7/gmetric4j-1.0.7.jar:/home/user/.m2/repository/org/apache/ratis/ratis-netty/0.5.0-3f446aa-SNAPSHOT/ratis-netty-0.5.0-3f446aa-SNAPSHOT.jar:/home/user/.m2/repository/org/apache/ratis/ratis-grpc/0.5.0-3f446aa-SNAPSHOT/ratis-grpc-0.5.0-3f446aa-SNAPSHOT.jar:/home/user/.m2/repository/org/rocksdb/rocksdbjni/6.0.1/rocksdbjni-6.0.1.jar:/home/user/.m2/repository/org/apache/logging/log4j/log4j-api/2.11.0/log4j-api-2.11.0.jar:/home/user/.m2/repository/org/apache/logging/log4j/log4j-core/2.11.0/log4j-core-2.11.0.jar:/home/user/.m2/repository/com/lmax/disruptor/3.4.2/disruptor-3.4.2.jar:/home/user/.m2/repository/org/apache/commons/commons-pool2/2.6.0/commons-pool2-2.6.0.jar:/home/user/.m2/repository/org/bouncycastle/bcpkix-jdk15on/1.60/bcpkix-jdk15on-1.60.jar:/home/user/.m2/repository/commons-validator/commons-validator/1.6/commons-validator-1.6.jar:/home/user/.m2/repository/commons-digester/commons-digester/1.8.1/commons-digester-1.8.1.jar:/home/user/.m2/repository/io/jaegertracing/jaeger-client/0.34.0/jaeger-client-0.34.0.jar:/home/user/.m2/repository/io/jaegertracing/jaeger-thrift/0.34.0/jaeger-thrift-0.34.0.jar:/home/user/.m2/repository/org/apache/thrift/libthrift/0.12.0/libthrift-0.12.0.jar:/home/user/.m2/repository/com/squareup/okhttp3/okhttp/3.9.0/okhttp-3.9.0.jar:/home/user/.m2/repository/com/squareup/okio/okio/1.13.0/okio-1.13.0.jar:/home/user/.m2/repository/io/jaegertracing/jaeger-core/0.34.0/jaeger-core-0.34.0.jar:/home/user/.m2/repository/io/jaegertracing/jaeger-tracerresolver/0.34.0/jaeger-tracerresolver-0.34.0.jar:/home/user/.m2/repository/io/opentracing/contrib/opentracing-tracerresolver/0.1.5/opentracing-tracerresolver-0.1.5.jar:/home/user/.m2/repository/io/opentracing/opentracing-util/0.31.0/opentracing-util-0.31.0.jar:/home/user/.m2/repository/io/opentracing/opentracing-api/0.31.0/opentracing-api-0.31.0.jar:/home/user/.m2/repository/io/opentracing/opentracing-noop/0.31.0/opentracing-noop-0.31.0.jar:/home/user/.m2/repository/org/apache/hadoop/hadoop-hdds-server-framework/0.5.0-SNAPSHOT/hadoop-hdds-server-framework-0.5.0-SNAPSHOT.jar:/home/user/.m2/repository/org/apache/hadoop/hadoop-hdds-container-service/0.5.0-SNAPSHOT/hadoop-hdds-container-service-0.5.0-SNAPSHOT.jar:/home/user/.m2/repository/org/apache/hadoop/hadoop-hdds-client/0.5.0-SNAPSHOT/hadoop-hdds-client-0.5.0-SNAPSHOT.jar:/home/user/.m2/repository/org/apache/hadoop/hadoop-hdds-tools/0.5.0-SNAPSHOT/hadoop-hdds-tools-0.5.0-SNAPSHOT.jar:/home/user/.m2/repository/org/apache/hadoop/hadoop-hdds-server-scm/0.5.0-SNAPSHOT/hadoop-hdds-server-scm-0.5.0-SNAPSHOT.jar:/home/user/.m2/repository/org/apache/hadoop/hadoop-hdds-docs/0.5.0-SNAPSHOT/hadoop-hdds-docs-0.5.0-SNAPSHOT.jar:/home/user/.m2/repository/io/dropwizard/metrics/metrics-core/3.2.4/metrics-core-3.2.4.jar:/home/user/.m2/repository/org/hamcrest/hamcrest-all/1.3/hamcrest-all-1.3.jar:/home/user/.m2/repository/org/bouncycastle/bcprov-jdk15on/1.60/bcprov-jdk15on-1.60.jar:/home/user/.m2/repository/info/picocli/picocli/3.9.6/picocli-3.9.6.jar:/home/user/.m2/repository/com/google/protobuf/protobuf-java/2.5.0/protobuf-java-2.5.0.jar:/home/user/.m2/repository/com/google/guava/guava/11.0.2/guava-11.0.2.jar:/home/user/.m2/repository/org/apache/hadoop/hadoop-ozone-ozone-manager/0.5.0-SNAPSHOT/hadoop-ozone-ozone-manager-0.5.0-SNAPSHOT.jar:/home/user/.m2/repository/org/apache/hadoop/hadoop-minikdc/3.2.0/hadoop-minikdc-3.2.0.jar:/home/user/.m2/repository/commons-io/commons-io/2.5/commons-io-2.5.jar:/home/user/.m2/repository/org/apache/kerby/kerb-simplekdc/1.0.1/kerb-simplekdc-1.0.1.jar:/home/user/.m2/repository/org/apache/kerby/kerb-client/1.0.1/kerb-client-1.0.1.jar:/home/user/.m2/repository/org/apache/kerby/kerby-config/1.0.1/kerby-config-1.0.1.jar:/home/user/.m2/repository/org/apache/kerby/kerb-core/1.0.1/kerb-core-1.0.1.jar:/home/user/.m2/repository/org/apache/kerby/kerby-pkix/1.0.1/kerby-pkix-1.0.1.jar:/home/user/.m2/repository/org/apache/kerby/kerby-asn1/1.0.1/kerby-asn1-1.0.1.jar:/home/user/.m2/repository/org/apache/kerby/kerby-util/1.0.1/kerby-util-1.0.1.jar:/home/user/.m2/repository/org/apache/kerby/kerb-common/1.0.1/kerb-common-1.0.1.jar:/home/user/.m2/repository/org/apache/kerby/kerb-crypto/1.0.1/kerb-crypto-1.0.1.jar:/home/user/.m2/repository/org/apache/kerby/kerb-util/1.0.1/kerb-util-1.0.1.jar:/home/user/.m2/repository/org/apache/kerby/token-provider/1.0.1/token-provider-1.0.1.jar:/home/user/.m2/repository/org/apache/kerby/kerb-admin/1.0.1/kerb-admin-1.0.1.jar:/home/user/.m2/repository/org/apache/kerby/kerb-server/1.0.1/kerb-server-1.0.1.jar:/home/user/.m2/repository/org/apache/kerby/kerb-identity/1.0.1/kerb-identity-1.0.1.jar:/home/user/.m2/repository/org/apache/kerby/kerby-xdr/1.0.1/kerby-xdr-1.0.1.jar:/home/user/.m2/repository/org/slf4j/slf4j-log4j12/1.7.25/slf4j-log4j12-1.7.25.jar:/home/user/.m2/repository/org/apache/hadoop/hadoop-ozone-s3gateway/0.5.0-SNAPSHOT/hadoop-ozone-s3gateway-0.5.0-SNAPSHOT.jar:/home/user/.m2/repository/org/jboss/weld/servlet/weld-servlet/2.4.7.Final/weld-servlet-2.4.7.Final.jar:/home/user/.m2/repository/org/glassfish/jersey/containers/jersey-container-servlet-core/2.27/jersey-container-servlet-core-2.27.jar:/home/user/.m2/repository/org/glassfish/hk2/external/javax.inject/2.5.0-b42/javax.inject-2.5.0-b42.jar:/home/user/.m2/repository/org/glassfish/jersey/core/jersey-common/2.27/jersey-common-2.27.jar:/home/user/.m2/repository/org/glassfish/hk2/osgi-resource-locator/1.0.1/osgi-resource-locator-1.0.1.jar:/home/user/.m2/repository/javax/ws/rs/javax.ws.rs-api/2.1/javax.ws.rs-api-2.1.jar:/home/user/.m2/repository/org/glassfish/jersey/ext/cdi/jersey-cdi1x/2.27/jersey-cdi1x-2.27.jar:/home/user/.m2/repository/org/glassfish/jersey/inject/jersey-hk2/2.27/jersey-hk2-2.27.jar:/home/user/.m2/repository/org/glassfish/hk2/hk2-locator/2.5.0-b42/hk2-locator-2.5.0-b42.jar:/home/user/.m2/repository/org/javassist/javassist/3.22.0-CR2/javassist-3.22.0-CR2.jar:/home/user/.m2/repository/org/glassfish/hk2/hk2-api/2.5.0/hk2-api-2.5.0.jar:/home/user/.m2/repository/org/glassfish/hk2/external/jakarta.inject/2.5.0/jakarta.inject-2.5.0.jar:/home/user/.m2/repository/org/glassfish/hk2/hk2-utils/2.5.0/hk2-utils-2.5.0.jar:/home/user/.m2/repository/jakarta/annotation/jakarta.annotation-api/1.3.4/jakarta.annotation-api-1.3.4.jar:/home/user/.m2/repository/org/glassfish/hk2/external/aopalliance-repackaged/2.5.0/aopalliance-repackaged-2.5.0.jar:/home/user/.m2/repository/com/fasterxml/jackson/dataformat/jackson-dataformat-xml/2.9.0/jackson-dataformat-xml-2.9.0.jar:/home/user/.m2/repository/com/fasterxml/jackson/core/jackson-core/2.9.9/jackson-core-2.9.9.jar:/home/user/.m2/repository/com/fasterxml/jackson/module/jackson-module-jaxb-annotations/2.9.9/jackson-module-jaxb-annotations-2.9.9.jar:/home/user/.m2/repository/javax/enterprise/cdi-api/1.2/cdi-api-1.2.jar:/home/user/.m2/repository/javax/el/javax.el-api/3.0.0/javax.el-api-3.0.0.jar:/home/user/.m2/repository/javax/interceptor/javax.interceptor-api/1.2/javax.interceptor-api-1.2.jar:/home/user/.m2/repository/javax/inject/javax.inject/1/javax.inject-1.jar:/home/user/.m2/repository/com/sun/xml/bind/jaxb-impl/2.3.0.1/jaxb-impl-2.3.0.1.jar:/home/user/.m2/repository/com/sun/xml/bind/jaxb-core/2.3.0.1/jaxb-core-2.3.0.1.jar:/home/user/.m2/repository/javax/xml/bind/jaxb-api/2.3.0/jaxb-api-2.3.0.jar:/home/user/.m2/repository/javax/activation/activation/1.1.1/activation-1.1.1.jar:/home/user/.m2/repository/org/apache/hadoop/hadoop-ozone-csi/0.5.0-SNAPSHOT/hadoop-ozone-csi-0.5.0-SNAPSHOT.jar:/home/user/.m2/repository/com/google/protobuf/protobuf-java-util/3.5.1/protobuf-java-util-3.5.1.jar:/home/user/.m2/repository/org/apache/hadoop/hadoop-hdds-config/0.5.0-SNAPSHOT/hadoop-hdds-config-0.5.0-SNAPSHOT.jar:/home/user/.m2/repository/io/grpc/grpc-netty/1.17.1/grpc-netty-1.17.1.jar:/home/user/.m2/repository/io/grpc/grpc-core/1.17.1/grpc-core-1.17.1.jar:/home/user/.m2/repository/io/grpc/grpc-context/1.17.1/grpc-context-1.17.1.jar:/home/user/.m2/repository/com/google/errorprone/error_prone_annotations/2.2.0/error_prone_annotations-2.2.0.jar:/home/user/.m2/repository/org/codehaus/mojo/animal-sniffer-annotations/1.17/animal-sniffer-annotations-1.17.jar:/home/user/.m2/repository/io/opencensus/opencensus-api/0.17.0/opencensus-api-0.17.0.jar:/home/user/.m2/repository/io/opencensus/opencensus-contrib-grpc-metrics/0.17.0/opencensus-contrib-grpc-metrics-0.17.0.jar:/home/user/.m2/repository/io/netty/netty-codec-http2/4.1.30.Final/netty-codec-http2-4.1.30.Final.jar:/home/user/.m2/repository/io/netty/netty-codec-http/4.1.30.Final/netty-codec-http-4.1.30.Final.jar:/home/user/.m2/repository/io/netty/netty-codec/4.1.30.Final/netty-codec-4.1.30.Final.jar:/home/user/.m2/repository/io/netty/netty-handler/4.1.30.Final/netty-handler-4.1.30.Final.jar:/home/user/.m2/repository/io/netty/netty-handler-proxy/4.1.30.Final/netty-handler-proxy-4.1.30.Final.jar:/home/user/.m2/repository/io/netty/netty-codec-socks/4.1.30.Final/netty-codec-socks-4.1.30.Final.jar:/home/user/.m2/repository/io/netty/netty-transport-native-epoll/4.1.30.Final/netty-transport-native-epoll-4.1.30.Final.jar:/home/user/.m2/repository/io/netty/netty-common/4.1.30.Final/netty-common-4.1.30.Final.jar:/home/user/.m2/repository/io/netty/netty-buffer/4.1.30.Final/netty-buffer-4.1.30.Final.jar:/home/user/.m2/repository/io/netty/netty-transport/4.1.30.Final/netty-transport-4.1.30.Final.jar:/home/user/.m2/repository/io/netty/netty-resolver/4.1.30.Final/netty-resolver-4.1.30.Final.jar:/home/user/.m2/repository/io/netty/netty-transport-native-unix-common/4.1.30.Final/netty-transport-native-unix-common-4.1.30.Final.jar:/home/user/.m2/repository/io/grpc/grpc-protobuf/1.17.1/grpc-protobuf-1.17.1.jar:/home/user/.m2/repository/com/google/api/grpc/proto-google-common-protos/1.0.0/proto-google-common-protos-1.0.0.jar:/home/user/.m2/repository/io/grpc/grpc-protobuf-lite/1.17.1/grpc-protobuf-lite-1.17.1.jar:/home/user/.m2/repository/io/grpc/grpc-stub/1.17.1/grpc-stub-1.17.1.jar:/home/user/.m2/repository/org/apache/hadoop/hadoop-ozone-recon/0.5.0-SNAPSHOT/hadoop-ozone-recon-0.5.0-SNAPSHOT.jar:/home/user/.m2/repository/org/apache/hadoop/hadoop-ozone-reconcodegen/0.5.0-SNAPSHOT/hadoop-ozone-reconcodegen-0.5.0-SNAPSHOT.jar:/home/user/.m2/repository/com/google/inject/extensions/guice-multibindings/4.0/guice-multibindings-4.0.jar:/home/user/.m2/repository/com/google/inject/guice/4.0/guice-4.0.jar:/home/user/.m2/repository/aopalliance/aopalliance/1.0/aopalliance-1.0.jar:/home/user/.m2/repository/com/google/inject/extensions/guice-servlet/4.0/guice-servlet-4.0.jar:/home/user/.m2/repository/org/glassfish/jersey/containers/jersey-container-servlet/2.27/jersey-container-servlet-2.27.jar:/home/user/.m2/repository/org/glassfish/hk2/guice-bridge/2.5.0/guice-bridge-2.5.0.jar:/home/user/.m2/repository/org/glassfish/jersey/core/jersey-server/2.27/jersey-server-2.27.jar:/home/user/.m2/repository/org/glassfish/jersey/core/jersey-client/2.27/jersey-client-2.27.jar:/home/user/.m2/repository/org/glassfish/jersey/media/jersey-media-jaxb/2.27/jersey-media-jaxb-2.27.jar:/home/user/.m2/repository/javax/validation/validation-api/1.1.0.Final/validation-api-1.1.0.Final.jar:/home/user/.m2/repository/org/glassfish/jersey/media/jersey-media-json-jackson/2.27/jersey-media-json-jackson-2.27.jar:/home/user/.m2/repository/org/glassfish/jersey/ext/jersey-entity-filtering/2.27/jersey-entity-filtering-2.27.jar:/home/user/.m2/repository/com/google/inject/extensions/guice-assistedinject/4.0/guice-assistedinject-4.0.jar:/home/user/.m2/repository/org/jooq/jooq/3.11.10/jooq-3.11.10.jar:/home/user/.m2/repository/org/jooq/jooq-meta/3.11.10/jooq-meta-3.11.10.jar:/home/user/.m2/repository/org/jooq/jooq-codegen/3.11.10/jooq-codegen-3.11.10.jar:/home/user/.m2/repository/com/jolbox/bonecp/0.8.0.RELEASE/bonecp-0.8.0.RELEASE.jar:/home/user/.m2/repository/org/xerial/sqlite-jdbc/3.25.2/sqlite-jdbc-3.25.2.jar:/home/user/.m2/repository/org/springframework/spring-jdbc/5.1.3.RELEASE/spring-jdbc-5.1.3.RELEASE.jar:/home/user/.m2/repository/org/springframework/spring-beans/5.1.3.RELEASE/spring-beans-5.1.3.RELEASE.jar:/home/user/.m2/repository/org/springframework/spring-core/5.1.3.RELEASE/spring-core-5.1.3.RELEASE.jar:/home/user/.m2/repository/org/springframework/spring-jcl/5.1.3.RELEASE/spring-jcl-5.1.3.RELEASE.jar:/home/user/.m2/repository/org/springframework/spring-tx/5.1.3.RELEASE/spring-tx-5.1.3.RELEASE.jar:/home/user/.m2/repository/org/apache/hadoop/hadoop-ozone-client/0.5.0-SNAPSHOT/hadoop-ozone-client-0.5.0-SNAPSHOT.jar:/home/user/.m2/repository/commons-lang/commons-lang/2.6/commons-lang-2.6.jar:/home/user/.m2/repository/org/apache/hadoop/hadoop-ozone-ozone-manager/0.5.0-SNAPSHOT/hadoop-ozone-ozone-manager-0.5.0-SNAPSHOT-tests.jar:/home/user/.m2/repository/junit/junit/4.11/junit-4.11.jar:/home/user/.m2/repository/org/hamcrest/hamcrest-core/1.3/hamcrest-core-1.3.jar:/home/user/.m2/repository/org/openjdk/jmh/jmh-core/1.19/jmh-core-1.19.jar:/home/user/.m2/repository/net/sf/jopt-simple/jopt-simple/4.6/jopt-simple-4.6.jar:/home/user/.m2/repository/org/apache/commons/commons-math3/3.1.1/commons-math3-3.1.1.jar:/home/user/.m2/repository/org/openjdk/jmh/jmh-generator-annprocess/1.19/jmh-generator-annprocess-1.19.jar:/home/user/.m2/repository/org/mockito/mockito-all/1.8.5/mockito-all-1.8.5.jar:/home/user/.m2/repository/org/apache/hadoop/hadoop-kms/3.2.0/hadoop-kms-3.2.0.jar:/home/user/.m2/repository/org/apache/hadoop/hadoop-auth/3.2.0/hadoop-auth-3.2.0.jar:/home/user/.m2/repository/com/nimbusds/nimbus-jose-jwt/4.41.1/nimbus-jose-jwt-4.41.1.jar:/home/user/.m2/repository/com/github/stephenc/jcip/jcip-annotations/1.0-1/jcip-annotations-1.0-1.jar:/home/user/.m2/repository/net/minidev/json-smart/2.3/json-smart-2.3.jar:/home/user/.m2/repository/net/minidev/accessors-smart/1.2/accessors-smart-1.2.jar:/home/user/.m2/repository/org/ow2/asm/asm/5.0.4/asm-5.0.4.jar:/home/user/.m2/repository/org/apache/curator/curator-framework/2.12.0/curator-framework-2.12.0.jar:/home/user/.m2/repository/com/sun/jersey/jersey-core/1.19/jersey-core-1.19.jar:/home/user/.m2/repository/javax/ws/rs/jsr311-api/1.1.1/jsr311-api-1.1.1.jar:/home/user/.m2/repository/com/sun/jersey/jersey-server/1.19/jersey-server-1.19.jar:/home/user/.m2/repository/javax/servlet/javax.servlet-api/3.1.0/javax.servlet-api-3.1.0.jar:/home/user/.m2/repository/org/eclipse/jetty/jetty-server/9.3.25.v20180904/jetty-server-9.3.25.v20180904.jar:/home/user/.m2/repository/org/eclipse/jetty/jetty-http/9.3.25.v20180904/jetty-http-9.3.25.v20180904.jar:/home/user/.m2/repository/org/eclipse/jetty/jetty-io/9.3.25.v20180904/jetty-io-9.3.25.v20180904.jar:/home/user/.m2/repository/org/eclipse/jetty/jetty-webapp/9.3.25.v20180904/jetty-webapp-9.3.25.v20180904.jar:/home/user/.m2/repository/org/eclipse/jetty/jetty-xml/9.3.25.v20180904/jetty-xml-9.3.25.v20180904.jar:/home/user/.m2/repository/log4j/log4j/1.2.17/log4j-1.2.17.jar:/home/user/.m2/repository/org/slf4j/slf4j-api/1.7.25/slf4j-api-1.7.25.jar:/home/user/.m2/repository/org/slf4j/jul-to-slf4j/1.7.25/jul-to-slf4j-1.7.25.jar:/home/user/.m2/repository/org/eclipse/jetty/jetty-util/9.3.25.v20180904/jetty-util-9.3.25.v20180904.jar:/home/user/.m2/repository/com/fasterxml/jackson/core/jackson-databind/2.9.9/jackson-databind-2.9.9.jar:/home/user/.m2/repository/org/apache/hadoop/hadoop-kms/3.2.0/hadoop-kms-3.2.0-tests.jar:/home/user/.m2/repository/org/apache/hadoop/hadoop-hdds-server-scm/0.5.0-SNAPSHOT/hadoop-hdds-server-scm-0.5.0-SNAPSHOT-tests.jar:/home/user/.m2/repository/org/apache/hadoop/hadoop-hdds-container-service/0.5.0-SNAPSHOT/hadoop-hdds-container-service-0.5.0-SNAPSHOT-tests.jar:/home/user/.m2/repository/org/yaml/snakeyaml/1.16/snakeyaml-1.16.jar:/home/user/.m2/repository/org/apache/hadoop/hadoop-common/3.2.0/hadoop-common-3.2.0-tests.jar:/home/user/.m2/repository/org/apache/hadoop/hadoop-annotations/3.2.0/hadoop-annotations-3.2.0.jar:/usr/lib/jvm/java-1.8.0-openjdk-1.8.0.222.b10-1.el7_7.x86_64/jre/../lib/tools.jar:/home/user/.m2/repository/commons-cli/commons-cli/1.2/commons-cli-1.2.jar:/home/user/.m2/repository/org/apache/httpcomponents/httpclient/4.5.2/httpclient-4.5.2.jar:/home/user/.m2/repository/org/apache/httpcomponents/httpcore/4.4.4/httpcore-4.4.4.jar:/home/user/.m2/repository/commons-codec/commons-codec/1.11/commons-codec-1.11.jar:/home/user/.m2/repository/commons-net/commons-net/3.6/commons-net-3.6.jar:/home/user/.m2/repository/commons-collections/commons-collections/3.2.2/commons-collections-3.2.2.jar:/home/user/.m2/repository/org/eclipse/jetty/jetty-servlet/9.3.25.v20180904/jetty-servlet-9.3.25.v20180904.jar:/home/user/.m2/repository/org/eclipse/jetty/jetty-security/9.3.25.v20180904/jetty-security-9.3.25.v20180904.jar:/home/user/.m2/repository/javax/servlet/jsp/jsp-api/2.1/jsp-api-2.1.jar:/home/user/.m2/repository/com/sun/jersey/jersey-servlet/1.19/jersey-servlet-1.19.jar:/home/user/.m2/repository/com/sun/jersey/jersey-json/1.19/jersey-json-1.19.jar:/home/user/.m2/repository/org/codehaus/jettison/jettison/1.1/jettison-1.1.jar:/home/user/.m2/repository/org/codehaus/jackson/jackson-core-asl/1.9.13/jackson-core-asl-1.9.13.jar:/home/user/.m2/repository/org/codehaus/jackson/jackson-mapper-asl/1.9.13/jackson-mapper-asl-1.9.13.jar:/home/user/.m2/repository/org/codehaus/jackson/jackson-jaxrs/1.9.13/jackson-jaxrs-1.9.13.jar:/home/user/.m2/repository/org/codehaus/jackson/jackson-xc/1.9.13/jackson-xc-1.9.13.jar:/home/user/.m2/repository/commons-logging/commons-logging/1.1.3/commons-logging-1.1.3.jar:/home/user/.m2/repository/commons-beanutils/commons-beanutils/1.9.4/commons-beanutils-1.9.4.jar:/home/user/.m2/repository/org/apache/commons/commons-configuration2/2.1.1/commons-configuration2-2.1.1.jar:/home/user/.m2/repository/org/apache/commons/commons-lang3/3.7/commons-lang3-3.7.jar:/home/user/.m2/repository/org/apache/commons/commons-text/1.4/commons-text-1.4.jar:/home/user/.m2/repository/org/apache/avro/avro/1.7.7/avro-1.7.7.jar:/home/user/.m2/repository/com/thoughtworks/paranamer/paranamer/2.3/paranamer-2.3.jar:/home/user/.m2/repository/org/xerial/snappy/snappy-java/1.0.5/snappy-java-1.0.5.jar:/home/user/.m2/repository/com/google/re2j/re2j/1.1/re2j-1.1.jar:/home/user/.m2/repository/com/google/code/gson/gson/2.2.4/gson-2.2.4.jar:/home/user/.m2/repository/com/jcraft/jsch/0.1.54/jsch-0.1.54.jar:/home/user/.m2/repository/org/apache/curator/curator-client/2.12.0/curator-client-2.12.0.jar:/home/user/.m2/repository/org/apache/curator/curator-recipes/2.12.0/curator-recipes-2.12.0.jar:/home/user/.m2/repository/com/google/code/findbugs/jsr305/3.0.0/jsr305-3.0.0.jar:/home/user/.m2/repository/org/apache/htrace/htrace-core4/4.1.0-incubating/htrace-core4-4.1.0-incubating.jar:/home/user/.m2/repository/org/apache/zookeeper/zookeeper/3.4.13/zookeeper-3.4.13.jar:/home/user/.m2/repository/jline/jline/0.9.94/jline-0.9.94.jar:/home/user/.m2/repository/org/apache/yetus/audience-annotations/0.5.0/audience-annotations-0.5.0.jar:/home/user/.m2/repository/org/codehaus/woodstox/stax2-api/3.1.4/stax2-api-3.1.4.jar:/home/user/.m2/repository/com/fasterxml/woodstox/woodstox-core/5.0.3/woodstox-core-5.0.3.jar:/home/user/.m2/repository/dnsjava/dnsjava/2.1.7/dnsjava-2.1.7.jar:/home/user/.m2/repository/org/apache/hadoop/hadoop-hdfs/3.2.0/hadoop-hdfs-3.2.0-tests.jar:/home/user/.m2/repository/org/eclipse/jetty/jetty-util-ajax/9.3.25.v20180904/jetty-util-ajax-9.3.25.v20180904.jar:/home/user/.m2/repository/commons-daemon/commons-daemon/1.0.13/commons-daemon-1.0.13.jar:/home/user/.m2/repository/io/netty/netty/3.10.5.Final/netty-3.10.5.Final.jar:/home/user/.m2/repository/io/netty/netty-all/4.0.52.Final/netty-all-4.0.52.Final.jar:/home/user/.m2/repository/org/fusesource/leveldbjni/leveldbjni-all/1.8/leveldbjni-all-1.8.jar:"/>
    <property name="java.vm.vendor" value="Oracle Corporation"/>
    <property name="sun.arch.data.model" value="64"/>
    <property name="test.build.dir" value="/workdir/hadoop-ozone/integration-test/target/test-dir"/>
    <property name="test.cache.data" value=""/>
    <property name="java.vendor.url" value="http://java.oracle.com/"/>
    <property name="user.timezone" value=""/>
    <property name="java.vm.specification.version" value="1.8"/>
    <property name="os.name" value="Linux"/>
    <property name="test.build.data" value="/workdir/hadoop-ozone/integration-test/target/test-dir"/>
    <property name="user.country" value="US"/>
    <property name="sun.java.launcher" value="SUN_STANDARD"/>
    <property name="sun.boot.library.path" value="/usr/lib/jvm/java-1.8.0-openjdk-1.8.0.222.b10-1.el7_7.x86_64/jre/lib/amd64"/>
    <property name="sun.java.command" value="/workdir/hadoop-ozone/integration-test/target/surefire/surefirebooter8449862092191458817.jar /workdir/hadoop-ozone/integration-test/target/surefire 2019-10-20T09-37-57_086-jvmRun1 surefire375551193017536283tmp surefire_366409245284545734464tmp"/>
    <property name="surefire.test.class.path" value="/workdir/hadoop-ozone/integration-test/target/test-classes:/workdir/hadoop-ozone/integration-test/target/classes:/home/user/.m2/repository/org/apache/hadoop/hadoop-ozone-common/0.5.0-SNAPSHOT/hadoop-ozone-common-0.5.0-SNAPSHOT.jar:/home/user/.m2/repository/org/apache/commons/commons-compress/1.4.1/commons-compress-1.4.1.jar:/home/user/.m2/repository/org/tukaani/xz/1.0/xz-1.0.jar:/home/user/.m2/repository/org/apache/hadoop/hadoop-common/3.2.0/hadoop-common-3.2.0.jar:/home/user/.m2/repository/org/apache/hadoop/hadoop-hdfs/3.2.0/hadoop-hdfs-3.2.0.jar:/home/user/.m2/repository/org/apache/hadoop/hadoop-hdfs-client/3.2.0/hadoop-hdfs-client-3.2.0.jar:/home/user/.m2/repository/com/fasterxml/jackson/core/jackson-annotations/2.9.9/jackson-annotations-2.9.9.jar:/home/user/.m2/repository/org/apache/hadoop/hadoop-hdds-common/0.5.0-SNAPSHOT/hadoop-hdds-common-0.5.0-SNAPSHOT.jar:/home/user/.m2/repository/javax/annotation/javax.annotation-api/1.2/javax.annotation-api-1.2.jar:/home/user/.m2/repository/org/apache/ratis/ratis-server/0.5.0-3f446aa-SNAPSHOT/ratis-server-0.5.0-3f446aa-SNAPSHOT.jar:/home/user/.m2/repository/org/apache/ratis/ratis-thirdparty-misc/0.2.0/ratis-thirdparty-misc-0.2.0.jar:/home/user/.m2/repository/org/apache/ratis/ratis-proto/0.5.0-3f446aa-SNAPSHOT/ratis-proto-0.5.0-3f446aa-SNAPSHOT.jar:/home/user/.m2/repository/org/apache/ratis/ratis-common/0.5.0-3f446aa-SNAPSHOT/ratis-common-0.5.0-3f446aa-SNAPSHOT.jar:/home/user/.m2/repository/org/apache/ratis/ratis-client/0.5.0-3f446aa-SNAPSHOT/ratis-client-0.5.0-3f446aa-SNAPSHOT.jar:/home/user/.m2/repository/org/apache/ratis/ratis-metrics/0.5.0-3f446aa-SNAPSHOT/ratis-metrics-0.5.0-3f446aa-SNAPSHOT.jar:/home/user/.m2/repository/com/github/joshelser/dropwizard-metrics-hadoop-metrics2-reporter/0.1.2/dropwizard-metrics-hadoop-metrics2-reporter-0.1.2.jar:/home/user/.m2/repository/io/dropwizard/metrics/metrics-jvm/3.2.5/metrics-jvm-3.2.5.jar:/home/user/.m2/repository/io/dropwizard/metrics/metrics-ganglia/3.2.5/metrics-ganglia-3.2.5.jar:/home/user/.m2/repository/info/ganglia/gmetric4j/gmetric4j/1.0.7/gmetric4j-1.0.7.jar:/home/user/.m2/repository/org/apache/ratis/ratis-netty/0.5.0-3f446aa-SNAPSHOT/ratis-netty-0.5.0-3f446aa-SNAPSHOT.jar:/home/user/.m2/repository/org/apache/ratis/ratis-grpc/0.5.0-3f446aa-SNAPSHOT/ratis-grpc-0.5.0-3f446aa-SNAPSHOT.jar:/home/user/.m2/repository/org/rocksdb/rocksdbjni/6.0.1/rocksdbjni-6.0.1.jar:/home/user/.m2/repository/org/apache/logging/log4j/log4j-api/2.11.0/log4j-api-2.11.0.jar:/home/user/.m2/repository/org/apache/logging/log4j/log4j-core/2.11.0/log4j-core-2.11.0.jar:/home/user/.m2/repository/com/lmax/disruptor/3.4.2/disruptor-3.4.2.jar:/home/user/.m2/repository/org/apache/commons/commons-pool2/2.6.0/commons-pool2-2.6.0.jar:/home/user/.m2/repository/org/bouncycastle/bcpkix-jdk15on/1.60/bcpkix-jdk15on-1.60.jar:/home/user/.m2/repository/commons-validator/commons-validator/1.6/commons-validator-1.6.jar:/home/user/.m2/repository/commons-digester/commons-digester/1.8.1/commons-digester-1.8.1.jar:/home/user/.m2/repository/io/jaegertracing/jaeger-client/0.34.0/jaeger-client-0.34.0.jar:/home/user/.m2/repository/io/jaegertracing/jaeger-thrift/0.34.0/jaeger-thrift-0.34.0.jar:/home/user/.m2/repository/org/apache/thrift/libthrift/0.12.0/libthrift-0.12.0.jar:/home/user/.m2/repository/com/squareup/okhttp3/okhttp/3.9.0/okhttp-3.9.0.jar:/home/user/.m2/repository/com/squareup/okio/okio/1.13.0/okio-1.13.0.jar:/home/user/.m2/repository/io/jaegertracing/jaeger-core/0.34.0/jaeger-core-0.34.0.jar:/home/user/.m2/repository/io/jaegertracing/jaeger-tracerresolver/0.34.0/jaeger-tracerresolver-0.34.0.jar:/home/user/.m2/repository/io/opentracing/contrib/opentracing-tracerresolver/0.1.5/opentracing-tracerresolver-0.1.5.jar:/home/user/.m2/repository/io/opentracing/opentracing-util/0.31.0/opentracing-util-0.31.0.jar:/home/user/.m2/repository/io/opentracing/opentracing-api/0.31.0/opentracing-api-0.31.0.jar:/home/user/.m2/repository/io/opentracing/opentracing-noop/0.31.0/opentracing-noop-0.31.0.jar:/home/user/.m2/repository/org/apache/hadoop/hadoop-hdds-server-framework/0.5.0-SNAPSHOT/hadoop-hdds-server-framework-0.5.0-SNAPSHOT.jar:/home/user/.m2/repository/org/apache/hadoop/hadoop-hdds-container-service/0.5.0-SNAPSHOT/hadoop-hdds-container-service-0.5.0-SNAPSHOT.jar:/home/user/.m2/repository/org/apache/hadoop/hadoop-hdds-client/0.5.0-SNAPSHOT/hadoop-hdds-client-0.5.0-SNAPSHOT.jar:/home/user/.m2/repository/org/apache/hadoop/hadoop-hdds-tools/0.5.0-SNAPSHOT/hadoop-hdds-tools-0.5.0-SNAPSHOT.jar:/home/user/.m2/repository/org/apache/hadoop/hadoop-hdds-server-scm/0.5.0-SNAPSHOT/hadoop-hdds-server-scm-0.5.0-SNAPSHOT.jar:/home/user/.m2/repository/org/apache/hadoop/hadoop-hdds-docs/0.5.0-SNAPSHOT/hadoop-hdds-docs-0.5.0-SNAPSHOT.jar:/home/user/.m2/repository/io/dropwizard/metrics/metrics-core/3.2.4/metrics-core-3.2.4.jar:/home/user/.m2/repository/org/hamcrest/hamcrest-all/1.3/hamcrest-all-1.3.jar:/home/user/.m2/repository/org/bouncycastle/bcprov-jdk15on/1.60/bcprov-jdk15on-1.60.jar:/home/user/.m2/repository/info/picocli/picocli/3.9.6/picocli-3.9.6.jar:/home/user/.m2/repository/com/google/protobuf/protobuf-java/2.5.0/protobuf-java-2.5.0.jar:/home/user/.m2/repository/com/google/guava/guava/11.0.2/guava-11.0.2.jar:/home/user/.m2/repository/org/apache/hadoop/hadoop-ozone-ozone-manager/0.5.0-SNAPSHOT/hadoop-ozone-ozone-manager-0.5.0-SNAPSHOT.jar:/home/user/.m2/repository/org/apache/hadoop/hadoop-minikdc/3.2.0/hadoop-minikdc-3.2.0.jar:/home/user/.m2/repository/commons-io/commons-io/2.5/commons-io-2.5.jar:/home/user/.m2/repository/org/apache/kerby/kerb-simplekdc/1.0.1/kerb-simplekdc-1.0.1.jar:/home/user/.m2/repository/org/apache/kerby/kerb-client/1.0.1/kerb-client-1.0.1.jar:/home/user/.m2/repository/org/apache/kerby/kerby-config/1.0.1/kerby-config-1.0.1.jar:/home/user/.m2/repository/org/apache/kerby/kerb-core/1.0.1/kerb-core-1.0.1.jar:/home/user/.m2/repository/org/apache/kerby/kerby-pkix/1.0.1/kerby-pkix-1.0.1.jar:/home/user/.m2/repository/org/apache/kerby/kerby-asn1/1.0.1/kerby-asn1-1.0.1.jar:/home/user/.m2/repository/org/apache/kerby/kerby-util/1.0.1/kerby-util-1.0.1.jar:/home/user/.m2/repository/org/apache/kerby/kerb-common/1.0.1/kerb-common-1.0.1.jar:/home/user/.m2/repository/org/apache/kerby/kerb-crypto/1.0.1/kerb-crypto-1.0.1.jar:/home/user/.m2/repository/org/apache/kerby/kerb-util/1.0.1/kerb-util-1.0.1.jar:/home/user/.m2/repository/org/apache/kerby/token-provider/1.0.1/token-provider-1.0.1.jar:/home/user/.m2/repository/org/apache/kerby/kerb-admin/1.0.1/kerb-admin-1.0.1.jar:/home/user/.m2/repository/org/apache/kerby/kerb-server/1.0.1/kerb-server-1.0.1.jar:/home/user/.m2/repository/org/apache/kerby/kerb-identity/1.0.1/kerb-identity-1.0.1.jar:/home/user/.m2/repository/org/apache/kerby/kerby-xdr/1.0.1/kerby-xdr-1.0.1.jar:/home/user/.m2/repository/org/slf4j/slf4j-log4j12/1.7.25/slf4j-log4j12-1.7.25.jar:/home/user/.m2/repository/org/apache/hadoop/hadoop-ozone-s3gateway/0.5.0-SNAPSHOT/hadoop-ozone-s3gateway-0.5.0-SNAPSHOT.jar:/home/user/.m2/repository/org/jboss/weld/servlet/weld-servlet/2.4.7.Final/weld-servlet-2.4.7.Final.jar:/home/user/.m2/repository/org/glassfish/jersey/containers/jersey-container-servlet-core/2.27/jersey-container-servlet-core-2.27.jar:/home/user/.m2/repository/org/glassfish/hk2/external/javax.inject/2.5.0-b42/javax.inject-2.5.0-b42.jar:/home/user/.m2/repository/org/glassfish/jersey/core/jersey-common/2.27/jersey-common-2.27.jar:/home/user/.m2/repository/org/glassfish/hk2/osgi-resource-locator/1.0.1/osgi-resource-locator-1.0.1.jar:/home/user/.m2/repository/javax/ws/rs/javax.ws.rs-api/2.1/javax.ws.rs-api-2.1.jar:/home/user/.m2/repository/org/glassfish/jersey/ext/cdi/jersey-cdi1x/2.27/jersey-cdi1x-2.27.jar:/home/user/.m2/repository/org/glassfish/jersey/inject/jersey-hk2/2.27/jersey-hk2-2.27.jar:/home/user/.m2/repository/org/glassfish/hk2/hk2-locator/2.5.0-b42/hk2-locator-2.5.0-b42.jar:/home/user/.m2/repository/org/javassist/javassist/3.22.0-CR2/javassist-3.22.0-CR2.jar:/home/user/.m2/repository/org/glassfish/hk2/hk2-api/2.5.0/hk2-api-2.5.0.jar:/home/user/.m2/repository/org/glassfish/hk2/external/jakarta.inject/2.5.0/jakarta.inject-2.5.0.jar:/home/user/.m2/repository/org/glassfish/hk2/hk2-utils/2.5.0/hk2-utils-2.5.0.jar:/home/user/.m2/repository/jakarta/annotation/jakarta.annotation-api/1.3.4/jakarta.annotation-api-1.3.4.jar:/home/user/.m2/repository/org/glassfish/hk2/external/aopalliance-repackaged/2.5.0/aopalliance-repackaged-2.5.0.jar:/home/user/.m2/repository/com/fasterxml/jackson/dataformat/jackson-dataformat-xml/2.9.0/jackson-dataformat-xml-2.9.0.jar:/home/user/.m2/repository/com/fasterxml/jackson/core/jackson-core/2.9.9/jackson-core-2.9.9.jar:/home/user/.m2/repository/com/fasterxml/jackson/module/jackson-module-jaxb-annotations/2.9.9/jackson-module-jaxb-annotations-2.9.9.jar:/home/user/.m2/repository/javax/enterprise/cdi-api/1.2/cdi-api-1.2.jar:/home/user/.m2/repository/javax/el/javax.el-api/3.0.0/javax.el-api-3.0.0.jar:/home/user/.m2/repository/javax/interceptor/javax.interceptor-api/1.2/javax.interceptor-api-1.2.jar:/home/user/.m2/repository/javax/inject/javax.inject/1/javax.inject-1.jar:/home/user/.m2/repository/com/sun/xml/bind/jaxb-impl/2.3.0.1/jaxb-impl-2.3.0.1.jar:/home/user/.m2/repository/com/sun/xml/bind/jaxb-core/2.3.0.1/jaxb-core-2.3.0.1.jar:/home/user/.m2/repository/javax/xml/bind/jaxb-api/2.3.0/jaxb-api-2.3.0.jar:/home/user/.m2/repository/javax/activation/activation/1.1.1/activation-1.1.1.jar:/home/user/.m2/repository/org/apache/hadoop/hadoop-ozone-csi/0.5.0-SNAPSHOT/hadoop-ozone-csi-0.5.0-SNAPSHOT.jar:/home/user/.m2/repository/com/google/protobuf/protobuf-java-util/3.5.1/protobuf-java-util-3.5.1.jar:/home/user/.m2/repository/org/apache/hadoop/hadoop-hdds-config/0.5.0-SNAPSHOT/hadoop-hdds-config-0.5.0-SNAPSHOT.jar:/home/user/.m2/repository/io/grpc/grpc-netty/1.17.1/grpc-netty-1.17.1.jar:/home/user/.m2/repository/io/grpc/grpc-core/1.17.1/grpc-core-1.17.1.jar:/home/user/.m2/repository/io/grpc/grpc-context/1.17.1/grpc-context-1.17.1.jar:/home/user/.m2/repository/com/google/errorprone/error_prone_annotations/2.2.0/error_prone_annotations-2.2.0.jar:/home/user/.m2/repository/org/codehaus/mojo/animal-sniffer-annotations/1.17/animal-sniffer-annotations-1.17.jar:/home/user/.m2/repository/io/opencensus/opencensus-api/0.17.0/opencensus-api-0.17.0.jar:/home/user/.m2/repository/io/opencensus/opencensus-contrib-grpc-metrics/0.17.0/opencensus-contrib-grpc-metrics-0.17.0.jar:/home/user/.m2/repository/io/netty/netty-codec-http2/4.1.30.Final/netty-codec-http2-4.1.30.Final.jar:/home/user/.m2/repository/io/netty/netty-codec-http/4.1.30.Final/netty-codec-http-4.1.30.Final.jar:/home/user/.m2/repository/io/netty/netty-codec/4.1.30.Final/netty-codec-4.1.30.Final.jar:/home/user/.m2/repository/io/netty/netty-handler/4.1.30.Final/netty-handler-4.1.30.Final.jar:/home/user/.m2/repository/io/netty/netty-handler-proxy/4.1.30.Final/netty-handler-proxy-4.1.30.Final.jar:/home/user/.m2/repository/io/netty/netty-codec-socks/4.1.30.Final/netty-codec-socks-4.1.30.Final.jar:/home/user/.m2/repository/io/netty/netty-transport-native-epoll/4.1.30.Final/netty-transport-native-epoll-4.1.30.Final.jar:/home/user/.m2/repository/io/netty/netty-common/4.1.30.Final/netty-common-4.1.30.Final.jar:/home/user/.m2/repository/io/netty/netty-buffer/4.1.30.Final/netty-buffer-4.1.30.Final.jar:/home/user/.m2/repository/io/netty/netty-transport/4.1.30.Final/netty-transport-4.1.30.Final.jar:/home/user/.m2/repository/io/netty/netty-resolver/4.1.30.Final/netty-resolver-4.1.30.Final.jar:/home/user/.m2/repository/io/netty/netty-transport-native-unix-common/4.1.30.Final/netty-transport-native-unix-common-4.1.30.Final.jar:/home/user/.m2/repository/io/grpc/grpc-protobuf/1.17.1/grpc-protobuf-1.17.1.jar:/home/user/.m2/repository/com/google/api/grpc/proto-google-common-protos/1.0.0/proto-google-common-protos-1.0.0.jar:/home/user/.m2/repository/io/grpc/grpc-protobuf-lite/1.17.1/grpc-protobuf-lite-1.17.1.jar:/home/user/.m2/repository/io/grpc/grpc-stub/1.17.1/grpc-stub-1.17.1.jar:/home/user/.m2/repository/org/apache/hadoop/hadoop-ozone-recon/0.5.0-SNAPSHOT/hadoop-ozone-recon-0.5.0-SNAPSHOT.jar:/home/user/.m2/repository/org/apache/hadoop/hadoop-ozone-reconcodegen/0.5.0-SNAPSHOT/hadoop-ozone-reconcodegen-0.5.0-SNAPSHOT.jar:/home/user/.m2/repository/com/google/inject/extensions/guice-multibindings/4.0/guice-multibindings-4.0.jar:/home/user/.m2/repository/com/google/inject/guice/4.0/guice-4.0.jar:/home/user/.m2/repository/aopalliance/aopalliance/1.0/aopalliance-1.0.jar:/home/user/.m2/repository/com/google/inject/extensions/guice-servlet/4.0/guice-servlet-4.0.jar:/home/user/.m2/repository/org/glassfish/jersey/containers/jersey-container-servlet/2.27/jersey-container-servlet-2.27.jar:/home/user/.m2/repository/org/glassfish/hk2/guice-bridge/2.5.0/guice-bridge-2.5.0.jar:/home/user/.m2/repository/org/glassfish/jersey/core/jersey-server/2.27/jersey-server-2.27.jar:/home/user/.m2/repository/org/glassfish/jersey/core/jersey-client/2.27/jersey-client-2.27.jar:/home/user/.m2/repository/org/glassfish/jersey/media/jersey-media-jaxb/2.27/jersey-media-jaxb-2.27.jar:/home/user/.m2/repository/javax/validation/validation-api/1.1.0.Final/validation-api-1.1.0.Final.jar:/home/user/.m2/repository/org/glassfish/jersey/media/jersey-media-json-jackson/2.27/jersey-media-json-jackson-2.27.jar:/home/user/.m2/repository/org/glassfish/jersey/ext/jersey-entity-filtering/2.27/jersey-entity-filtering-2.27.jar:/home/user/.m2/repository/com/google/inject/extensions/guice-assistedinject/4.0/guice-assistedinject-4.0.jar:/home/user/.m2/repository/org/jooq/jooq/3.11.10/jooq-3.11.10.jar:/home/user/.m2/repository/org/jooq/jooq-meta/3.11.10/jooq-meta-3.11.10.jar:/home/user/.m2/repository/org/jooq/jooq-codegen/3.11.10/jooq-codegen-3.11.10.jar:/home/user/.m2/repository/com/jolbox/bonecp/0.8.0.RELEASE/bonecp-0.8.0.RELEASE.jar:/home/user/.m2/repository/org/xerial/sqlite-jdbc/3.25.2/sqlite-jdbc-3.25.2.jar:/home/user/.m2/repository/org/springframework/spring-jdbc/5.1.3.RELEASE/spring-jdbc-5.1.3.RELEASE.jar:/home/user/.m2/repository/org/springframework/spring-beans/5.1.3.RELEASE/spring-beans-5.1.3.RELEASE.jar:/home/user/.m2/repository/org/springframework/spring-core/5.1.3.RELEASE/spring-core-5.1.3.RELEASE.jar:/home/user/.m2/repository/org/springframework/spring-jcl/5.1.3.RELEASE/spring-jcl-5.1.3.RELEASE.jar:/home/user/.m2/repository/org/springframework/spring-tx/5.1.3.RELEASE/spring-tx-5.1.3.RELEASE.jar:/home/user/.m2/repository/org/apache/hadoop/hadoop-ozone-client/0.5.0-SNAPSHOT/hadoop-ozone-client-0.5.0-SNAPSHOT.jar:/home/user/.m2/repository/commons-lang/commons-lang/2.6/commons-lang-2.6.jar:/home/user/.m2/repository/org/apache/hadoop/hadoop-ozone-ozone-manager/0.5.0-SNAPSHOT/hadoop-ozone-ozone-manager-0.5.0-SNAPSHOT-tests.jar:/home/user/.m2/repository/junit/junit/4.11/junit-4.11.jar:/home/user/.m2/repository/org/hamcrest/hamcrest-core/1.3/hamcrest-core-1.3.jar:/home/user/.m2/repository/org/openjdk/jmh/jmh-core/1.19/jmh-core-1.19.jar:/home/user/.m2/repository/net/sf/jopt-simple/jopt-simple/4.6/jopt-simple-4.6.jar:/home/user/.m2/repository/org/apache/commons/commons-math3/3.1.1/commons-math3-3.1.1.jar:/home/user/.m2/repository/org/openjdk/jmh/jmh-generator-annprocess/1.19/jmh-generator-annprocess-1.19.jar:/home/user/.m2/repository/org/mockito/mockito-all/1.8.5/mockito-all-1.8.5.jar:/home/user/.m2/repository/org/apache/hadoop/hadoop-kms/3.2.0/hadoop-kms-3.2.0.jar:/home/user/.m2/repository/org/apache/hadoop/hadoop-auth/3.2.0/hadoop-auth-3.2.0.jar:/home/user/.m2/repository/com/nimbusds/nimbus-jose-jwt/4.41.1/nimbus-jose-jwt-4.41.1.jar:/home/user/.m2/repository/com/github/stephenc/jcip/jcip-annotations/1.0-1/jcip-annotations-1.0-1.jar:/home/user/.m2/repository/net/minidev/json-smart/2.3/json-smart-2.3.jar:/home/user/.m2/repository/net/minidev/accessors-smart/1.2/accessors-smart-1.2.jar:/home/user/.m2/repository/org/ow2/asm/asm/5.0.4/asm-5.0.4.jar:/home/user/.m2/repository/org/apache/curator/curator-framework/2.12.0/curator-framework-2.12.0.jar:/home/user/.m2/repository/com/sun/jersey/jersey-core/1.19/jersey-core-1.19.jar:/home/user/.m2/repository/javax/ws/rs/jsr311-api/1.1.1/jsr311-api-1.1.1.jar:/home/user/.m2/repository/com/sun/jersey/jersey-server/1.19/jersey-server-1.19.jar:/home/user/.m2/repository/javax/servlet/javax.servlet-api/3.1.0/javax.servlet-api-3.1.0.jar:/home/user/.m2/repository/org/eclipse/jetty/jetty-server/9.3.25.v20180904/jetty-server-9.3.25.v20180904.jar:/home/user/.m2/repository/org/eclipse/jetty/jetty-http/9.3.25.v20180904/jetty-http-9.3.25.v20180904.jar:/home/user/.m2/repository/org/eclipse/jetty/jetty-io/9.3.25.v20180904/jetty-io-9.3.25.v20180904.jar:/home/user/.m2/repository/org/eclipse/jetty/jetty-webapp/9.3.25.v20180904/jetty-webapp-9.3.25.v20180904.jar:/home/user/.m2/repository/org/eclipse/jetty/jetty-xml/9.3.25.v20180904/jetty-xml-9.3.25.v20180904.jar:/home/user/.m2/repository/log4j/log4j/1.2.17/log4j-1.2.17.jar:/home/user/.m2/repository/org/slf4j/slf4j-api/1.7.25/slf4j-api-1.7.25.jar:/home/user/.m2/repository/org/slf4j/jul-to-slf4j/1.7.25/jul-to-slf4j-1.7.25.jar:/home/user/.m2/repository/org/eclipse/jetty/jetty-util/9.3.25.v20180904/jetty-util-9.3.25.v20180904.jar:/home/user/.m2/repository/com/fasterxml/jackson/core/jackson-databind/2.9.9/jackson-databind-2.9.9.jar:/home/user/.m2/repository/org/apache/hadoop/hadoop-kms/3.2.0/hadoop-kms-3.2.0-tests.jar:/home/user/.m2/repository/org/apache/hadoop/hadoop-hdds-server-scm/0.5.0-SNAPSHOT/hadoop-hdds-server-scm-0.5.0-SNAPSHOT-tests.jar:/home/user/.m2/repository/org/apache/hadoop/hadoop-hdds-container-service/0.5.0-SNAPSHOT/hadoop-hdds-container-service-0.5.0-SNAPSHOT-tests.jar:/home/user/.m2/repository/org/yaml/snakeyaml/1.16/snakeyaml-1.16.jar:/home/user/.m2/repository/org/apache/hadoop/hadoop-common/3.2.0/hadoop-common-3.2.0-tests.jar:/home/user/.m2/repository/org/apache/hadoop/hadoop-annotations/3.2.0/hadoop-annotations-3.2.0.jar:/usr/lib/jvm/java-1.8.0-openjdk-1.8.0.222.b10-1.el7_7.x86_64/jre/../lib/tools.jar:/home/user/.m2/repository/commons-cli/commons-cli/1.2/commons-cli-1.2.jar:/home/user/.m2/repository/org/apache/httpcomponents/httpclient/4.5.2/httpclient-4.5.2.jar:/home/user/.m2/repository/org/apache/httpcomponents/httpcore/4.4.4/httpcore-4.4.4.jar:/home/user/.m2/repository/commons-codec/commons-codec/1.11/commons-codec-1.11.jar:/home/user/.m2/repository/commons-net/commons-net/3.6/commons-net-3.6.jar:/home/user/.m2/repository/commons-collections/commons-collections/3.2.2/commons-collections-3.2.2.jar:/home/user/.m2/repository/org/eclipse/jetty/jetty-servlet/9.3.25.v20180904/jetty-servlet-9.3.25.v20180904.jar:/home/user/.m2/repository/org/eclipse/jetty/jetty-security/9.3.25.v20180904/jetty-security-9.3.25.v20180904.jar:/home/user/.m2/repository/javax/servlet/jsp/jsp-api/2.1/jsp-api-2.1.jar:/home/user/.m2/repository/com/sun/jersey/jersey-servlet/1.19/jersey-servlet-1.19.jar:/home/user/.m2/repository/com/sun/jersey/jersey-json/1.19/jersey-json-1.19.jar:/home/user/.m2/repository/org/codehaus/jettison/jettison/1.1/jettison-1.1.jar:/home/user/.m2/repository/org/codehaus/jackson/jackson-core-asl/1.9.13/jackson-core-asl-1.9.13.jar:/home/user/.m2/repository/org/codehaus/jackson/jackson-mapper-asl/1.9.13/jackson-mapper-asl-1.9.13.jar:/home/user/.m2/repository/org/codehaus/jackson/jackson-jaxrs/1.9.13/jackson-jaxrs-1.9.13.jar:/home/user/.m2/repository/org/codehaus/jackson/jackson-xc/1.9.13/jackson-xc-1.9.13.jar:/home/user/.m2/repository/commons-logging/commons-logging/1.1.3/commons-logging-1.1.3.jar:/home/user/.m2/repository/commons-beanutils/commons-beanutils/1.9.4/commons-beanutils-1.9.4.jar:/home/user/.m2/repository/org/apache/commons/commons-configuration2/2.1.1/commons-configuration2-2.1.1.jar:/home/user/.m2/repository/org/apache/commons/commons-lang3/3.7/commons-lang3-3.7.jar:/home/user/.m2/repository/org/apache/commons/commons-text/1.4/commons-text-1.4.jar:/home/user/.m2/repository/org/apache/avro/avro/1.7.7/avro-1.7.7.jar:/home/user/.m2/repository/com/thoughtworks/paranamer/paranamer/2.3/paranamer-2.3.jar:/home/user/.m2/repository/org/xerial/snappy/snappy-java/1.0.5/snappy-java-1.0.5.jar:/home/user/.m2/repository/com/google/re2j/re2j/1.1/re2j-1.1.jar:/home/user/.m2/repository/com/google/code/gson/gson/2.2.4/gson-2.2.4.jar:/home/user/.m2/repository/com/jcraft/jsch/0.1.54/jsch-0.1.54.jar:/home/user/.m2/repository/org/apache/curator/curator-client/2.12.0/curator-client-2.12.0.jar:/home/user/.m2/repository/org/apache/curator/curator-recipes/2.12.0/curator-recipes-2.12.0.jar:/home/user/.m2/repository/com/google/code/findbugs/jsr305/3.0.0/jsr305-3.0.0.jar:/home/user/.m2/repository/org/apache/htrace/htrace-core4/4.1.0-incubating/htrace-core4-4.1.0-incubating.jar:/home/user/.m2/repository/org/apache/zookeeper/zookeeper/3.4.13/zookeeper-3.4.13.jar:/home/user/.m2/repository/jline/jline/0.9.94/jline-0.9.94.jar:/home/user/.m2/repository/org/apache/yetus/audience-annotations/0.5.0/audience-annotations-0.5.0.jar:/home/user/.m2/repository/org/codehaus/woodstox/stax2-api/3.1.4/stax2-api-3.1.4.jar:/home/user/.m2/repository/com/fasterxml/woodstox/woodstox-core/5.0.3/woodstox-core-5.0.3.jar:/home/user/.m2/repository/dnsjava/dnsjava/2.1.7/dnsjava-2.1.7.jar:/home/user/.m2/repository/org/apache/hadoop/hadoop-hdfs/3.2.0/hadoop-hdfs-3.2.0-tests.jar:/home/user/.m2/repository/org/eclipse/jetty/jetty-util-ajax/9.3.25.v20180904/jetty-util-ajax-9.3.25.v20180904.jar:/home/user/.m2/repository/commons-daemon/commons-daemon/1.0.13/commons-daemon-1.0.13.jar:/home/user/.m2/repository/io/netty/netty/3.10.5.Final/netty-3.10.5.Final.jar:/home/user/.m2/repository/io/netty/netty-all/4.0.52.Final/netty-all-4.0.52.Final.jar:/home/user/.m2/repository/org/fusesource/leveldbjni/leveldbjni-all/1.8/leveldbjni-all-1.8.jar:"/>
    <property name="sun.cpu.endian" value="little"/>
    <property name="user.home" value="/home/user"/>
    <property name="user.language" value="en"/>
    <property name="java.specification.vendor" value="Oracle Corporation"/>
    <property name="java.home" value="/usr/lib/jvm/java-1.8.0-openjdk-1.8.0.222.b10-1.el7_7.x86_64/jre"/>
    <property name="surefire.excludesFile" value="/tools/ozone-bad-unit-tests"/>
    <property name="java.security.krb5.conf" value="/workdir/hadoop-ozone/integration-test/target/test-classes/krb5.conf"/>
    <property name="basedir" value="/workdir/hadoop-ozone/integration-test"/>
    <property name="file.separator" value="/"/>
    <property name="line.separator" value="&#10;"/>
    <property name="java.vm.specification.vendor" value="Oracle Corporation"/>
    <property name="java.specification.name" value="Java Platform API Specification"/>
    <property name="java.awt.graphicsenv" value="sun.awt.X11GraphicsEnvironment"/>
    <property name="surefire.real.class.path" value="/workdir/hadoop-ozone/integration-test/target/surefire/surefirebooter8449862092191458817.jar"/>
    <property name="hadoop.log.dir" value="/workdir/hadoop-ozone/integration-test/target/log"/>
    <property name="sun.boot.class.path" value="/usr/lib/jvm/java-1.8.0-openjdk-1.8.0.222.b10-1.el7_7.x86_64/jre/lib/resources.jar:/usr/lib/jvm/java-1.8.0-openjdk-1.8.0.222.b10-1.el7_7.x86_64/jre/lib/rt.jar:/usr/lib/jvm/java-1.8.0-openjdk-1.8.0.222.b10-1.el7_7.x86_64/jre/lib/sunrsasign.jar:/usr/lib/jvm/java-1.8.0-openjdk-1.8.0.222.b10-1.el7_7.x86_64/jre/lib/jsse.jar:/usr/lib/jvm/java-1.8.0-openjdk-1.8.0.222.b10-1.el7_7.x86_64/jre/lib/jce.jar:/usr/lib/jvm/java-1.8.0-openjdk-1.8.0.222.b10-1.el7_7.x86_64/jre/lib/charsets.jar:/usr/lib/jvm/java-1.8.0-openjdk-1.8.0.222.b10-1.el7_7.x86_64/jre/lib/jfr.jar:/usr/lib/jvm/java-1.8.0-openjdk-1.8.0.222.b10-1.el7_7.x86_64/jre/classes"/>
    <property name="sun.management.compiler" value="HotSpot 64-Bit Tiered Compilers"/>
    <property name="java.runtime.version" value="1.8.0_222-b10"/>
    <property name="java.net.preferIPv4Stack" value="true"/>
    <property name="user.name" value="jenkins1000"/>
    <property name="path.separator" value=":"/>
    <property name="java.security.egd" value="file:///dev/urandom"/>
    <property name="os.version" value="3.10.0-957.12.2.el7.x86_64"/>
    <property name="java.endorsed.dirs" value="/usr/lib/jvm/java-1.8.0-openjdk-1.8.0.222.b10-1.el7_7.x86_64/jre/lib/endorsed"/>
    <property name="java.runtime.name" value="OpenJDK Runtime Environment"/>
    <property name="file.encoding" value="ANSI_X3.4-1968"/>
    <property name="java.vm.name" value="OpenJDK 64-Bit Server VM"/>
    <property name="test.build.webapps" value=""/>
    <property name="localRepository" value="/home/user/.m2/repository"/>
    <property name="java.vendor.url.bug" value="http://bugreport.sun.com/bugreport/"/>
    <property name="java.io.tmpdir" value="/tmp"/>
    <property name="require.test.libhadoop" value=""/>
    <property name="java.version" value="1.8.0_222"/>
    <property name="user.dir" value="/workdir/hadoop-ozone/integration-test"/>
    <property name="os.arch" value="amd64"/>
    <property name="java.vm.specification.name" value="Java Virtual Machine Specification"/>
    <property name="test.build.classes" value="/workdir/hadoop-ozone/integration-test/target/test-classes"/>
    <property name="java.awt.printerjob" value="sun.print.PSPrinterJob"/>
    <property name="sun.os.patch.level" value="unknown"/>
    <property name="hadoop.tmp.dir" value="/workdir/hadoop-ozone/integration-test/target/tmp"/>
    <property name="java.library.path" value="/usr/lib:/workdir/hadoop-ozone/integration-test/target/native/target/usr/local/lib:/workdir/hadoop-ozone/integration-test/../../hadoop-common-project/hadoop-common/target/native/target/usr/local/lib:/usr/java/packages/lib/amd64:/usr/lib64:/lib64:/lib:/usr/lib"/>
    <property name="java.vm.info" value="mixed mode"/>
    <property name="java.vendor" value="Oracle Corporation"/>
    <property name="java.vm.version" value="25.222-b10"/>
    <property name="java.ext.dirs" value="/usr/lib/jvm/java-1.8.0-openjdk-1.8.0.222.b10-1.el7_7.x86_64/jre/lib/ext:/usr/java/packages/lib/ext"/>
    <property name="sun.io.unicode.encoding" value="UnicodeLittle"/>
    <property name="java.class.version" value="52.0"/>
  </properties>
  <testcase name="test" classname="org.apache.hadoop.ozone.scm.TestSCMContainerPlacementPolicyMetrics" time="81.644">
    <error message="test timed out after 60000 milliseconds" type="java.lang.Exception">java.lang.Exception: test timed out after 60000 milliseconds
	at sun.misc.Unsafe.park(Native Method)
	at java.util.concurrent.locks.LockSupport.park(LockSupport.java:175)
	at java.util.concurrent.CompletableFuture$Signaller.block(CompletableFuture.java:1693)
	at java.util.concurrent.ForkJoinPool.managedBlock(ForkJoinPool.java:3323)
	at java.util.concurrent.CompletableFuture.waitingGet(CompletableFuture.java:1729)
	at java.util.concurrent.CompletableFuture.get(CompletableFuture.java:1895)
	at org.apache.hadoop.hdds.scm.storage.BlockOutputStream.waitOnFlushFutures(BlockOutputStream.java:518)
	at org.apache.hadoop.hdds.scm.storage.BlockOutputStream.handleFlush(BlockOutputStream.java:481)
	at org.apache.hadoop.hdds.scm.storage.BlockOutputStream.close(BlockOutputStream.java:496)
	at org.apache.hadoop.ozone.client.io.BlockOutputStreamEntry.close(BlockOutputStreamEntry.java:143)
	at org.apache.hadoop.ozone.client.io.KeyOutputStream.handleFlushOrClose(KeyOutputStream.java:435)
	at org.apache.hadoop.ozone.client.io.KeyOutputStream.close(KeyOutputStream.java:473)
	at org.apache.hadoop.ozone.client.io.OzoneOutputStream.close(OzoneOutputStream.java:60)
	at org.apache.hadoop.ozone.scm.TestSCMContainerPlacementPolicyMetrics.test(TestSCMContainerPlacementPolicyMetrics.java:112)
	at sun.reflect.NativeMethodAccessorImpl.invoke0(Native Method)
	at sun.reflect.NativeMethodAccessorImpl.invoke(NativeMethodAccessorImpl.java:62)
	at sun.reflect.DelegatingMethodAccessorImpl.invoke(DelegatingMethodAccessorImpl.java:43)
	at java.lang.reflect.Method.invoke(Method.java:498)
	at org.junit.runners.model.FrameworkMethod$1.runReflectiveCall(FrameworkMethod.java:47)
	at org.junit.internal.runners.model.ReflectiveCallable.run(ReflectiveCallable.java:12)
	at org.junit.runners.model.FrameworkMethod.invokeExplosively(FrameworkMethod.java:44)
	at org.junit.internal.runners.statements.InvokeMethod.evaluate(InvokeMethod.java:17)
	at org.junit.internal.runners.statements.FailOnTimeout$StatementThread.run(FailOnTimeout.java:74)
</error>
    <system-out><![CDATA[2019-10-20 10:28:00,075 [main] WARN  server.ServerUtils (ServerUtils.java:getScmDbDir(145)) - ozone.scm.db.dirs is not configured. We recommend adding this setting. Falling back to ozone.metadata.dirs instead.
2019-10-20 10:28:00,170 [main] WARN  server.ServerUtils (ServerUtils.java:getScmDbDir(145)) - ozone.scm.db.dirs is not configured. We recommend adding this setting. Falling back to ozone.metadata.dirs instead.
2019-10-20 10:28:00,173 [main] WARN  server.ServerUtils (ServerUtils.java:getScmDbDir(145)) - ozone.scm.db.dirs is not configured. We recommend adding this setting. Falling back to ozone.metadata.dirs instead.
2019-10-20 10:28:00,198 [main] INFO  util.log (Log.java:initialized(192)) - Logging initialized @884ms
2019-10-20 10:28:00,329 [main] INFO  db.DBStoreBuilder (DBStoreBuilder.java:addTable(117)) - using custom profile for table: deletedBlocks
2019-10-20 10:28:00,329 [main] INFO  db.DBStoreBuilder (DBStoreBuilder.java:processTables(168)) - Using default column profile:DBProfile.DISK for Table:deletedBlocks
2019-10-20 10:28:00,329 [main] INFO  db.DBStoreBuilder (DBStoreBuilder.java:addTable(117)) - using custom profile for table: validCerts
2019-10-20 10:28:00,330 [main] INFO  db.DBStoreBuilder (DBStoreBuilder.java:processTables(168)) - Using default column profile:DBProfile.DISK for Table:validCerts
2019-10-20 10:28:00,330 [main] INFO  db.DBStoreBuilder (DBStoreBuilder.java:addTable(117)) - using custom profile for table: revokedCerts
2019-10-20 10:28:00,330 [main] INFO  db.DBStoreBuilder (DBStoreBuilder.java:processTables(168)) - Using default column profile:DBProfile.DISK for Table:revokedCerts
2019-10-20 10:28:00,350 [main] INFO  db.DBStoreBuilder (DBStoreBuilder.java:addTable(117)) - using custom profile for table: default
2019-10-20 10:28:00,351 [main] INFO  db.DBStoreBuilder (DBStoreBuilder.java:processTables(174)) - Using default column profile:DBProfile.DISK for Table:default
2019-10-20 10:28:00,353 [main] INFO  db.DBStoreBuilder (DBStoreBuilder.java:getDbProfile(205)) - Using default options. DBProfile.DISK
2019-10-20 10:28:00,628 [main] INFO  net.NodeSchemaLoader (NodeSchemaLoader.java:loadSchemaFromFile(125)) - Loading file from sun.misc.CompoundEnumeration@75d4a5c2
2019-10-20 10:28:00,630 [main] INFO  net.NodeSchemaLoader (NodeSchemaLoader.java:loadSchema(171)) - Loading network topology layer schema file
2019-10-20 10:28:00,686 [main] WARN  server.ServerUtils (ServerUtils.java:sanitizeUserArgs(70)) - ozone.scm.stale.node.interval value = 300000 is larger than max = 100000 based on the key value of ozone.scm.heartbeat.thread.interval, reset to the max value 100000.
2019-10-20 10:28:00,688 [main] WARN  server.ServerUtils (ServerUtils.java:sanitizeUserArgs(70)) - ozone.scm.stale.node.interval value = 300000 is larger than max = 100000 based on the key value of ozone.scm.heartbeat.thread.interval, reset to the max value 100000.
2019-10-20 10:28:00,690 [main] INFO  node.SCMNodeManager (SCMNodeManager.java:<init>(116)) - Entering startup safe mode.
2019-10-20 10:28:00,741 [main] INFO  Configuration.deprecation (Configuration.java:logDeprecation(1394)) - hadoop.configured.node.mapping is deprecated. Instead, use net.topology.configured.node.mapping
2019-10-20 10:28:00,745 [main] INFO  algorithms.ContainerPlacementPolicyFactory (ContainerPlacementPolicyFactory.java:getPolicy(57)) - Create container placement policy of type org.apache.hadoop.hdds.scm.container.placement.algorithms.SCMContainerPlacementRackAware
2019-10-20 10:28:00,758 [main] WARN  server.ServerUtils (ServerUtils.java:getScmDbDir(145)) - ozone.scm.db.dirs is not configured. We recommend adding this setting. Falling back to ozone.metadata.dirs instead.
2019-10-20 10:28:00,827 [main] INFO  pipeline.SCMPipelineManager (SCMPipelineManager.java:initializePipelineState(132)) - No pipeline exists in current db
2019-10-20 10:28:00,831 [main] WARN  server.ServerUtils (ServerUtils.java:getScmDbDir(145)) - ozone.scm.db.dirs is not configured. We recommend adding this setting. Falling back to ozone.metadata.dirs instead.
2019-10-20 10:28:00,937 [main] WARN  events.EventQueue (EventQueue.java:fireEvent(183)) - No event handler registered for event TypedEvent{payloadType=SafeModeStatus, name='SafeModeStatus'}
2019-10-20 10:28:01,310 [main] INFO  ipc.CallQueueManager (CallQueueManager.java:<init>(84)) - Using callQueue: class java.util.concurrent.LinkedBlockingQueue, queueCapacity: 2000, scheduler: class org.apache.hadoop.ipc.DefaultRpcScheduler, ipcBackoff: false.
2019-10-20 10:28:01,335 [Socket Reader #1 for port 42778] INFO  ipc.Server (Server.java:run(1074)) - Starting Socket Reader #1 for port 42778
2019-10-20 10:28:01,453 [main] INFO  ipc.CallQueueManager (CallQueueManager.java:<init>(84)) - Using callQueue: class java.util.concurrent.LinkedBlockingQueue, queueCapacity: 2000, scheduler: class org.apache.hadoop.ipc.DefaultRpcScheduler, ipcBackoff: false.
2019-10-20 10:28:01,454 [Socket Reader #1 for port 36218] INFO  ipc.Server (Server.java:run(1074)) - Starting Socket Reader #1 for port 36218
2019-10-20 10:28:01,461 [main] INFO  ipc.CallQueueManager (CallQueueManager.java:<init>(84)) - Using callQueue: class java.util.concurrent.LinkedBlockingQueue, queueCapacity: 2000, scheduler: class org.apache.hadoop.ipc.DefaultRpcScheduler, ipcBackoff: false.
2019-10-20 10:28:01,462 [Socket Reader #1 for port 43297] INFO  ipc.Server (Server.java:run(1074)) - Starting Socket Reader #1 for port 43297
2019-10-20 10:28:01,483 [main] INFO  hdfs.DFSUtil (DFSUtil.java:httpServerTemplateForNNAndJN(1641)) - Starting Web-server for scm at: http://0.0.0.0:0
2019-10-20 10:28:01,624 [main] INFO  server.AuthenticationFilter (AuthenticationFilter.java:constructSecretProvider(240)) - Unable to initialize FileSignerSecretProvider, falling back to use random secrets.
2019-10-20 10:28:01,633 [main] WARN  http.HttpRequestLog (HttpRequestLog.java:getRequestLog(97)) - Jetty request log can only be enabled using Log4j
2019-10-20 10:28:01,641 [main] INFO  http.HttpServer2 (HttpServer2.java:addGlobalFilter(975)) - Added global filter 'safety' (class=org.apache.hadoop.http.HttpServer2$QuotingInputFilter)
2019-10-20 10:28:01,644 [main] INFO  http.HttpServer2 (HttpServer2.java:addFilter(948)) - Added filter static_user_filter (class=org.apache.hadoop.http.lib.StaticUserWebFilter$StaticUserFilter) to context scm
2019-10-20 10:28:01,644 [main] INFO  http.HttpServer2 (HttpServer2.java:addFilter(958)) - Added filter static_user_filter (class=org.apache.hadoop.http.lib.StaticUserWebFilter$StaticUserFilter) to context logs
2019-10-20 10:28:01,644 [main] INFO  http.HttpServer2 (HttpServer2.java:addFilter(958)) - Added filter static_user_filter (class=org.apache.hadoop.http.lib.StaticUserWebFilter$StaticUserFilter) to context static
2019-10-20 10:28:01,678 [main] INFO  server.StorageContainerManager (StorageContainerManager.java:start(772)) - StorageContainerLocationProtocol RPC server is listening at /0.0.0.0:43297
2019-10-20 10:28:01,750 [main] WARN  impl.MetricsConfig (MetricsConfig.java:loadFirst(134)) - Cannot locate configuration: tried hadoop-metrics2-storagecontainermanager.properties,hadoop-metrics2.properties
2019-10-20 10:28:01,764 [main] INFO  impl.MetricsSystemImpl (MetricsSystemImpl.java:startTimer(374)) - Scheduled Metric snapshot period at 10 second(s).
2019-10-20 10:28:01,765 [main] INFO  impl.MetricsSystemImpl (MetricsSystemImpl.java:start(191)) - StorageContainerManager metrics system started
2019-10-20 10:28:01,978 [main] INFO  server.SCMClientProtocolServer (SCMClientProtocolServer.java:start(159)) - RPC server for Client  is listening at /0.0.0.0:43297
2019-10-20 10:28:01,979 [IPC Server Responder] INFO  ipc.Server (Server.java:run(1314)) - IPC Server Responder: starting
2019-10-20 10:28:01,979 [IPC Server listener on 43297] INFO  ipc.Server (Server.java:run(1153)) - IPC Server listener on 43297: starting
2019-10-20 10:28:01,982 [main] INFO  server.StorageContainerManager (StorageContainerManager.java:start(782)) - ScmBlockLocationProtocol RPC server is listening at /0.0.0.0:36218
2019-10-20 10:28:01,983 [main] INFO  server.SCMBlockProtocolServer (SCMBlockProtocolServer.java:start(146)) - RPC server for Block Protocol is listening at /0.0.0.0:36218
2019-10-20 10:28:01,983 [IPC Server Responder] INFO  ipc.Server (Server.java:run(1314)) - IPC Server Responder: starting
2019-10-20 10:28:01,983 [IPC Server listener on 36218] INFO  ipc.Server (Server.java:run(1153)) - IPC Server listener on 36218: starting
2019-10-20 10:28:01,985 [main] INFO  server.StorageContainerManager (StorageContainerManager.java:start(786)) - ScmDatanodeProtocl RPC server is listening at /0.0.0.0:42778
2019-10-20 10:28:01,986 [main] INFO  server.SCMDatanodeProtocolServer (SCMDatanodeProtocolServer.java:start(169)) - RPC server for DataNodes is listening at /0.0.0.0:42778
2019-10-20 10:28:01,986 [IPC Server Responder] INFO  ipc.Server (Server.java:run(1314)) - IPC Server Responder: starting
2019-10-20 10:28:01,987 [IPC Server listener on 42778] INFO  ipc.Server (Server.java:run(1153)) - IPC Server listener on 42778: starting
2019-10-20 10:28:01,990 [main] INFO  http.HttpServer2 (HttpServer2.java:bindListener(1191)) - Jetty bound to port 44082
2019-10-20 10:28:01,992 [main] INFO  server.Server (Server.java:doStart(351)) - jetty-9.3.25.v20180904, build timestamp: 2018-09-04T21:11:46Z, git hash: 3ce520221d0240229c862b122d2b06c12a625732
2019-10-20 10:28:02,033 [main] INFO  handler.ContextHandler (ContextHandler.java:doStart(781)) - Started o.e.j.s.ServletContextHandler@6b53bcc2{/logs,file:///workdir/hadoop-ozone/integration-test/target/log,AVAILABLE}
2019-10-20 10:28:02,034 [main] INFO  handler.ContextHandler (ContextHandler.java:doStart(781)) - Started o.e.j.s.ServletContextHandler@a43ce46{/static,file:///workdir/hadoop-ozone/integration-test/target/test-classes/webapps/static,AVAILABLE}
2019-10-20 10:28:02,073 [main] INFO  handler.ContextHandler (ContextHandler.java:doStart(781)) - Started o.e.j.w.WebAppContext@532721fd{/,file:///workdir/hadoop-ozone/integration-test/target/test-classes/webapps/scm/,AVAILABLE}{/scm}
2019-10-20 10:28:02,079 [main] INFO  server.AbstractConnector (AbstractConnector.java:doStart(278)) - Started ServerConnector@7e1a1da6{HTTP/1.1,[http/1.1]}{0.0.0.0:44082}
2019-10-20 10:28:02,080 [main] INFO  server.Server (Server.java:doStart(419)) - Started @2766ms
2019-10-20 10:28:02,082 [main] INFO  impl.MetricsSinkAdapter (MetricsSinkAdapter.java:start(204)) - Sink prometheus started
2019-10-20 10:28:02,082 [main] INFO  impl.MetricsSystemImpl (MetricsSystemImpl.java:registerSink(301)) - Registered sink prometheus
2019-10-20 10:28:02,084 [main] INFO  server.BaseHttpServer (BaseHttpServer.java:updateConnectorAddress(215)) - HTTP server of SCM is listening at http://0.0.0.0:44082
2019-10-20 10:28:02,089 [org.apache.hadoop.util.JvmPauseMonitor$Monitor@55e7a35c] INFO  util.JvmPauseMonitor (JvmPauseMonitor.java:run(188)) - Starting JVM pause monitor
2019-10-20 10:28:02,091 [main] WARN  server.ServerUtils (ServerUtils.java:getDBPath(222)) - ozone.om.db.dirs is not configured. We recommend adding this setting. Falling back to ozone.metadata.dirs instead.
2019-10-20 10:28:02,184 [main] INFO  ha.OMHANodeDetails (OMHANodeDetails.java:loadOMHAConfig(190)) - Configuration either no ozone.om.address set. Falling back to the default OM address /127.0.0.1:0
2019-10-20 10:28:02,184 [main] INFO  ha.OMHANodeDetails (OMHANodeDetails.java:getOMNodeDetails(220)) - OM Service ID is not set. Setting it to the default ID: omServiceIdDefault
2019-10-20 10:28:02,186 [main] WARN  server.ServerUtils (ServerUtils.java:getDBPath(222)) - ozone.om.db.dirs is not configured. We recommend adding this setting. Falling back to ozone.metadata.dirs instead.
2019-10-20 10:28:02,186 [main] WARN  server.ServerUtils (ServerUtils.java:getDBPath(222)) - ozone.om.db.dirs is not configured. We recommend adding this setting. Falling back to ozone.metadata.dirs instead.
2019-10-20 10:28:02,852 [main] WARN  server.ServerUtils (ServerUtils.java:getDBPath(222)) - ozone.om.db.dirs is not configured. We recommend adding this setting. Falling back to ozone.metadata.dirs instead.
2019-10-20 10:28:02,860 [main] INFO  db.DBStoreBuilder (DBStoreBuilder.java:addTable(117)) - using custom profile for table: userTable
2019-10-20 10:28:02,860 [main] INFO  db.DBStoreBuilder (DBStoreBuilder.java:processTables(168)) - Using default column profile:DBProfile.DISK for Table:userTable
2019-10-20 10:28:02,860 [main] INFO  db.DBStoreBuilder (DBStoreBuilder.java:addTable(117)) - using custom profile for table: volumeTable
2019-10-20 10:28:02,861 [main] INFO  db.DBStoreBuilder (DBStoreBuilder.java:processTables(168)) - Using default column profile:DBProfile.DISK for Table:volumeTable
2019-10-20 10:28:02,861 [main] INFO  db.DBStoreBuilder (DBStoreBuilder.java:addTable(117)) - using custom profile for table: bucketTable
2019-10-20 10:28:02,861 [main] INFO  db.DBStoreBuilder (DBStoreBuilder.java:processTables(168)) - Using default column profile:DBProfile.DISK for Table:bucketTable
2019-10-20 10:28:02,861 [main] INFO  db.DBStoreBuilder (DBStoreBuilder.java:addTable(117)) - using custom profile for table: keyTable
2019-10-20 10:28:02,862 [main] INFO  db.DBStoreBuilder (DBStoreBuilder.java:processTables(168)) - Using default column profile:DBProfile.DISK for Table:keyTable
2019-10-20 10:28:02,862 [main] INFO  db.DBStoreBuilder (DBStoreBuilder.java:addTable(117)) - using custom profile for table: deletedTable
2019-10-20 10:28:02,862 [main] INFO  db.DBStoreBuilder (DBStoreBuilder.java:processTables(168)) - Using default column profile:DBProfile.DISK for Table:deletedTable
2019-10-20 10:28:02,863 [main] INFO  db.DBStoreBuilder (DBStoreBuilder.java:addTable(117)) - using custom profile for table: openKeyTable
2019-10-20 10:28:02,863 [main] INFO  db.DBStoreBuilder (DBStoreBuilder.java:processTables(168)) - Using default column profile:DBProfile.DISK for Table:openKeyTable
2019-10-20 10:28:02,863 [main] INFO  db.DBStoreBuilder (DBStoreBuilder.java:addTable(117)) - using custom profile for table: s3Table
2019-10-20 10:28:02,863 [main] INFO  db.DBStoreBuilder (DBStoreBuilder.java:processTables(168)) - Using default column profile:DBProfile.DISK for Table:s3Table
2019-10-20 10:28:02,864 [main] INFO  db.DBStoreBuilder (DBStoreBuilder.java:addTable(117)) - using custom profile for table: multipartInfoTable
2019-10-20 10:28:02,864 [main] INFO  db.DBStoreBuilder (DBStoreBuilder.java:processTables(168)) - Using default column profile:DBProfile.DISK for Table:multipartInfoTable
2019-10-20 10:28:02,864 [main] INFO  db.DBStoreBuilder (DBStoreBuilder.java:addTable(117)) - using custom profile for table: dTokenTable
2019-10-20 10:28:02,864 [main] INFO  db.DBStoreBuilder (DBStoreBuilder.java:processTables(168)) - Using default column profile:DBProfile.DISK for Table:dTokenTable
2019-10-20 10:28:02,865 [main] INFO  db.DBStoreBuilder (DBStoreBuilder.java:addTable(117)) - using custom profile for table: s3SecretTable
2019-10-20 10:28:02,865 [main] INFO  db.DBStoreBuilder (DBStoreBuilder.java:processTables(168)) - Using default column profile:DBProfile.DISK for Table:s3SecretTable
2019-10-20 10:28:02,865 [main] INFO  db.DBStoreBuilder (DBStoreBuilder.java:addTable(117)) - using custom profile for table: prefixTable
2019-10-20 10:28:02,865 [main] INFO  db.DBStoreBuilder (DBStoreBuilder.java:processTables(168)) - Using default column profile:DBProfile.DISK for Table:prefixTable
2019-10-20 10:28:02,866 [main] INFO  db.DBStoreBuilder (DBStoreBuilder.java:addTable(117)) - using custom profile for table: default
2019-10-20 10:28:02,866 [main] INFO  db.DBStoreBuilder (DBStoreBuilder.java:processTables(174)) - Using default column profile:DBProfile.DISK for Table:default
2019-10-20 10:28:02,866 [main] INFO  db.DBStoreBuilder (DBStoreBuilder.java:getDbProfile(205)) - Using default options. DBProfile.DISK
2019-10-20 10:28:03,281 [main] WARN  scm.HddsServerUtil (HddsServerUtil.java:getDefaultRatisDirectory(354)) - Storage directory for Ratis is not configured. It is a good idea to map this to an SSD disk. Falling back to ozone.metadata.dirs
2019-10-20 10:28:03,307 [main] INFO  ratis.OzoneManagerRatisServer (OzoneManagerRatisServer.java:<init>(243)) - Instantiating OM Ratis server with GroupID: omServiceIdDefault and Raft Peers: localhost:9872
2019-10-20 10:28:03,333 [main] INFO  impl.RaftServerProxy (ConfUtils.java:logGet(43)) - raft.rpc.type = GRPC (default)
2019-10-20 10:28:03,536 [main] INFO  grpc.GrpcFactory (GrpcFactory.java:checkPooledByteBufAllocatorUseCacheForAllThreads(45)) - PERFORMANCE WARNING: useCacheForAllThreads is true that may cause Netty to create a lot garbage objects and, as a result, trigger GC.
	It is recommended to disable useCacheForAllThreads by setting -Dorg.apache.ratis.thirdparty.io.netty.allocator.useCacheForAllThreads=false in command line.
2019-10-20 10:28:03,543 [main] INFO  grpc.GrpcConfigKeys$Server (ConfUtils.java:logGet(43)) - raft.grpc.server.port = 9872 (custom)
2019-10-20 10:28:03,544 [main] INFO  server.GrpcService (ConfUtils.java:logGet(43)) - raft.grpc.message.size.max = 33554432 (custom)
2019-10-20 10:28:03,546 [main] INFO  server.RaftServerConfigKeys (ConfUtils.java:logGet(43)) - raft.server.log.appender.buffer.byte-limit = 33554432 (custom)
2019-10-20 10:28:03,547 [main] INFO  server.GrpcService (ConfUtils.java:logGet(43)) - raft.grpc.flow.control.window = 1MB (=1048576) (default)
2019-10-20 10:28:03,548 [main] INFO  server.RaftServerConfigKeys (ConfUtils.java:logGet(43)) - raft.server.rpc.request.timeout = 3000ms (default)
2019-10-20 10:28:03,707 [main] INFO  server.RaftServerConfigKeys (ConfUtils.java:logGet(43)) - raft.server.storage.dir = [/workdir/hadoop-ozone/integration-test/target/test-dir/MiniOzoneClusterImpl-f8c67304-c3bb-4bf9-9bb2-8ae757b492ce/ozone-meta/ratis] (custom)
2019-10-20 10:28:03,715 [main] INFO  impl.RaftServerProxy (RaftServerProxy.java:addNew(89)) - 8558e340-8e73-44aa-8ae8-a796df6f37c7: addNew group-C5BA1605619E:[8558e340-8e73-44aa-8ae8-a796df6f37c7:localhost:9872] returns group-C5BA1605619E:java.util.concurrent.CompletableFuture@299270eb[Not completed]
2019-10-20 10:28:03,716 [main] INFO  om.OzoneManager (OzoneManager.java:initializeRatisServer(1220)) - OzoneManager Ratis server initialized at port 9872
2019-10-20 10:28:03,719 [main] WARN  scm.HddsServerUtil (HddsServerUtil.java:getDefaultRatisDirectory(354)) - Storage directory for Ratis is not configured. It is a good idea to map this to an SSD disk. Falling back to ozone.metadata.dirs
2019-10-20 10:28:03,719 [main] WARN  scm.HddsServerUtil (HddsServerUtil.java:getDefaultRatisDirectory(354)) - Storage directory for Ratis is not configured. It is a good idea to map this to an SSD disk. Falling back to ozone.metadata.dirs
2019-10-20 10:28:03,730 [pool-22-thread-1] INFO  impl.RaftServerImpl (RaftServerImpl.java:<init>(104)) - 8558e340-8e73-44aa-8ae8-a796df6f37c7: new RaftServerImpl for group-C5BA1605619E:[8558e340-8e73-44aa-8ae8-a796df6f37c7:localhost:9872] with OzoneManagerStateMachine:uninitialized
2019-10-20 10:28:03,733 [pool-22-thread-1] INFO  server.RaftServerConfigKeys (ConfUtils.java:logGet(43)) - raft.server.rpc.timeout.min = 1s (custom)
2019-10-20 10:28:03,733 [main] INFO  ipc.CallQueueManager (CallQueueManager.java:<init>(84)) - Using callQueue: class java.util.concurrent.LinkedBlockingQueue, queueCapacity: 2000, scheduler: class org.apache.hadoop.ipc.DefaultRpcScheduler, ipcBackoff: false.
2019-10-20 10:28:03,734 [pool-22-thread-1] INFO  server.RaftServerConfigKeys (ConfUtils.java:logGet(43)) - raft.server.rpc.timeout.max = 1200ms (custom)
2019-10-20 10:28:03,734 [pool-22-thread-1] INFO  server.RaftServerConfigKeys (ConfUtils.java:logGet(43)) - raft.server.rpcslowness.timeout = 120s (custom)
2019-10-20 10:28:03,734 [Socket Reader #1 for port 34370] INFO  ipc.Server (Server.java:run(1074)) - Starting Socket Reader #1 for port 34370
2019-10-20 10:28:03,736 [pool-22-thread-1] INFO  server.RaftServerConfigKeys (ConfUtils.java:logGet(43)) - raft.server.sleep.deviation.threshold = 300 (default)
2019-10-20 10:28:03,737 [pool-22-thread-1] INFO  server.RaftServerConfigKeys (ConfUtils.java:logGet(43)) - raft.server.log.appender.install.snapshot.enabled = false (custom)
2019-10-20 10:28:03,751 [pool-22-thread-1] INFO  impl.RaftServerImpl (ServerState.java:<init>(103)) - 8558e340-8e73-44aa-8ae8-a796df6f37c7@group-C5BA1605619E: ConfigurationManager, init=-1: [8558e340-8e73-44aa-8ae8-a796df6f37c7:localhost:9872], old=null, confs=<EMPTY_MAP>
2019-10-20 10:28:03,751 [pool-22-thread-1] INFO  server.RaftServerConfigKeys (ConfUtils.java:logGet(43)) - raft.server.storage.dir = [/workdir/hadoop-ozone/integration-test/target/test-dir/MiniOzoneClusterImpl-f8c67304-c3bb-4bf9-9bb2-8ae757b492ce/ozone-meta/ratis] (custom)
2019-10-20 10:28:03,756 [main] INFO  om.OzoneManager (OzoneManager.java:start(1074)) - OzoneManager RPC server is listening at localhost/127.0.0.1:34370
2019-10-20 10:28:03,756 [main] INFO  impl.MetricsSystemImpl (MetricsSystemImpl.java:init(158)) - OzoneManager metrics system started (again)
2019-10-20 10:28:03,756 [main] INFO  ratis.OzoneManagerRatisServer (OzoneManagerRatisServer.java:start(333)) - Starting OzoneManagerRatisServer 8558e340-8e73-44aa-8ae8-a796df6f37c7 at port 9872
2019-10-20 10:28:03,763 [pool-22-thread-1] INFO  server.RaftServerConfigKeys (ConfUtils.java:logGet(43)) - raft.server.log.corruption.policy = EXCEPTION (default)
2019-10-20 10:28:03,765 [pool-22-thread-1] INFO  storage.RaftStorageDirectory (RaftStorageDirectory.java:analyzeStorage(246)) - The storage directory /workdir/hadoop-ozone/integration-test/target/test-dir/MiniOzoneClusterImpl-f8c67304-c3bb-4bf9-9bb2-8ae757b492ce/ozone-meta/ratis/bf265839-605b-3f16-9796-c5ba1605619e does not exist. Creating ...
2019-10-20 10:28:03,784 [pool-22-thread-1] INFO  storage.RaftStorageDirectory (RaftStorageDirectory.java:tryLock(328)) - Lock on /workdir/hadoop-ozone/integration-test/target/test-dir/MiniOzoneClusterImpl-f8c67304-c3bb-4bf9-9bb2-8ae757b492ce/ozone-meta/ratis/bf265839-605b-3f16-9796-c5ba1605619e/in_use.lock acquired by nodename 29976@pr-hdds-2335-x5gnt-184872562
2019-10-20 10:28:03,799 [pool-22-thread-1] INFO  storage.RaftStorage (RaftStorage.java:format(84)) - Storage directory /workdir/hadoop-ozone/integration-test/target/test-dir/MiniOzoneClusterImpl-f8c67304-c3bb-4bf9-9bb2-8ae757b492ce/ozone-meta/ratis/bf265839-605b-3f16-9796-c5ba1605619e has been successfully formatted.
2019-10-20 10:28:03,803 [pool-22-thread-1] INFO  server.RaftServerConfigKeys (ConfUtils.java:logGet(43)) - raft.server.notification.no-leader.timeout = 120s (custom)
2019-10-20 10:28:03,805 [pool-22-thread-1] INFO  server.RaftServerConfigKeys (ConfUtils.java:logGet(43)) - raft.server.log.use.memory = false (default)
2019-10-20 10:28:03,811 [pool-22-thread-1] INFO  server.RaftServerConfigKeys (ConfUtils.java:logGet(43)) - raft.server.log.purge.gap = 1000000 (custom)
2019-10-20 10:28:03,811 [pool-22-thread-1] INFO  server.RaftServerConfigKeys (ConfUtils.java:logGet(43)) - raft.server.log.appender.buffer.byte-limit = 33554432 (custom)
2019-10-20 10:28:03,813 [pool-22-thread-1] INFO  server.RaftServerConfigKeys (ConfUtils.java:logGet(43)) - raft.server.log.segment.size.max = 16384 (custom)
2019-10-20 10:28:03,815 [pool-22-thread-1] INFO  impl.MetricsSystemImpl (MetricsSystemImpl.java:init(158)) - ratis metrics system started (again)
2019-10-20 10:28:03,818 [pool-22-thread-1] INFO  metrics.MetricRegistries (MetricRegistriesLoader.java:load(64)) - Loaded MetricRegistries class org.apache.ratis.metrics.impl.MetricRegistriesImpl
2019-10-20 10:28:03,851 [pool-22-thread-1] INFO  server.RaftServerConfigKeys (ConfUtils.java:logGet(43)) - raft.server.log.segment.cache.num.max = 2 (custom)
2019-10-20 10:28:03,856 [pool-22-thread-1] INFO  segmented.SegmentedRaftLogWorker (SegmentedRaftLogWorker.java:<init>(173)) - new 8558e340-8e73-44aa-8ae8-a796df6f37c7@group-C5BA1605619E-SegmentedRaftLogWorker for RaftStorage:Storage Directory /workdir/hadoop-ozone/integration-test/target/test-dir/MiniOzoneClusterImpl-f8c67304-c3bb-4bf9-9bb2-8ae757b492ce/ozone-meta/ratis/bf265839-605b-3f16-9796-c5ba1605619e
2019-10-20 10:28:03,856 [pool-22-thread-1] INFO  server.RaftServerConfigKeys (ConfUtils.java:logGet(43)) - raft.server.log.queue.byte-limit = 64MB (=67108864) (default)
2019-10-20 10:28:03,857 [pool-22-thread-1] INFO  server.RaftServerConfigKeys (ConfUtils.java:logGet(43)) - raft.server.log.queue.element-limit = 4096 (default)
2019-10-20 10:28:03,858 [pool-22-thread-1] INFO  server.RaftServerConfigKeys (ConfUtils.java:logGet(43)) - raft.server.log.segment.size.max = 16384 (custom)
2019-10-20 10:28:03,858 [pool-22-thread-1] INFO  server.RaftServerConfigKeys (ConfUtils.java:logGet(43)) - raft.server.log.preallocated.size = 16384 (custom)
2019-10-20 10:28:03,859 [pool-22-thread-1] INFO  server.RaftServerConfigKeys (ConfUtils.java:logGet(43)) - raft.server.log.write.buffer.size = 64KB (=65536) (default)
2019-10-20 10:28:03,859 [pool-22-thread-1] INFO  server.RaftServerConfigKeys (ConfUtils.java:logGet(43)) - raft.server.log.force.sync.num = 128 (default)
2019-10-20 10:28:03,861 [pool-22-thread-1] INFO  server.RaftServerConfigKeys (ConfUtils.java:logGet(43)) - raft.server.log.statemachine.data.sync = true (default)
2019-10-20 10:28:03,861 [pool-22-thread-1] INFO  server.RaftServerConfigKeys (ConfUtils.java:logGet(43)) - raft.server.log.statemachine.data.sync.timeout = 10s (default)
2019-10-20 10:28:03,861 [pool-22-thread-1] INFO  server.RaftServerConfigKeys (ConfUtils.java:logGet(43)) - raft.server.log.statemachine.data.sync.timeout.retry = -1 (default)
2019-10-20 10:28:03,873 [pool-22-thread-1] INFO  server.RaftServerConfigKeys (ConfUtils.java:logGet(43)) - raft.server.log.statemachine.data.caching.enabled = false (default)
2019-10-20 10:28:03,878 [pool-22-thread-1] INFO  segmented.SegmentedRaftLogWorker (SegmentedRaftLogWorker.java:lambda$new$0(128)) - 8558e340-8e73-44aa-8ae8-a796df6f37c7@group-C5BA1605619E-SegmentedRaftLogWorker: flushIndex: setUnconditionally 0 -> -1
2019-10-20 10:28:03,883 [pool-22-thread-1] INFO  server.RaftServerConfigKeys (ConfUtils.java:logGet(43)) - raft.server.snapshot.auto.trigger.enabled = true (custom)
2019-10-20 10:28:03,885 [pool-22-thread-1] INFO  server.RaftServerConfigKeys (ConfUtils.java:logGet(43)) - raft.server.snapshot.auto.trigger.threshold = 400000 (default)
2019-10-20 10:28:03,886 [pool-22-thread-1] INFO  server.RaftServerConfigKeys (ConfUtils.java:logGet(43)) - raft.server.snapshot.retention.file.num = -1 (default)
2019-10-20 10:28:03,886 [pool-22-thread-1] INFO  server.RaftServerConfigKeys (ConfUtils.java:logGet(43)) - raft.server.retrycache.expirytime = 600000ms (custom)
2019-10-20 10:28:03,919 [main] INFO  impl.RaftServerImpl (RaftServerImpl.java:start(195)) - 8558e340-8e73-44aa-8ae8-a796df6f37c7@group-C5BA1605619E: start as a follower, conf=-1: [8558e340-8e73-44aa-8ae8-a796df6f37c7:localhost:9872], old=null
2019-10-20 10:28:03,921 [main] INFO  impl.RaftServerImpl (RaftServerImpl.java:setRole(184)) - 8558e340-8e73-44aa-8ae8-a796df6f37c7@group-C5BA1605619E: changes role from      null to FOLLOWER at term 0 for startAsFollower
2019-10-20 10:28:03,923 [main] INFO  impl.RoleInfo (RoleInfo.java:updateAndGet(143)) - 8558e340-8e73-44aa-8ae8-a796df6f37c7: start FollowerState
2019-10-20 10:28:03,926 [main] INFO  util.JmxRegister (JmxRegister.java:tryRegister(44)) - Successfully registered JMX Bean with object name Ratis:service=RaftServer,group=group-C5BA1605619E,id=8558e340-8e73-44aa-8ae8-a796df6f37c7
2019-10-20 10:28:03,941 [main] INFO  impl.RaftServerProxy (RaftServerProxy.java:lambda$start$3(299)) - 8558e340-8e73-44aa-8ae8-a796df6f37c7: start RPC server
2019-10-20 10:28:04,037 [main] INFO  server.GrpcService (GrpcService.java:startImpl(158)) - 8558e340-8e73-44aa-8ae8-a796df6f37c7: GrpcService started, listening on 0.0.0.0/0.0.0.0:9872
2019-10-20 10:28:04,048 [IPC Server Responder] INFO  ipc.Server (Server.java:run(1314)) - IPC Server Responder: starting
2019-10-20 10:28:04,049 [IPC Server listener on 34370] INFO  ipc.Server (Server.java:run(1153)) - IPC Server listener on 34370: starting
2019-10-20 10:28:04,056 [main] INFO  hdfs.DFSUtil (DFSUtil.java:httpServerTemplateForNNAndJN(1641)) - Starting Web-server for ozoneManager at: http://0.0.0.0:0
2019-10-20 10:28:04,058 [main] INFO  server.AuthenticationFilter (AuthenticationFilter.java:constructSecretProvider(240)) - Unable to initialize FileSignerSecretProvider, falling back to use random secrets.
2019-10-20 10:28:04,058 [main] WARN  http.HttpRequestLog (HttpRequestLog.java:getRequestLog(97)) - Jetty request log can only be enabled using Log4j
2019-10-20 10:28:04,060 [main] INFO  http.HttpServer2 (HttpServer2.java:addGlobalFilter(975)) - Added global filter 'safety' (class=org.apache.hadoop.http.HttpServer2$QuotingInputFilter)
2019-10-20 10:28:04,061 [main] INFO  http.HttpServer2 (HttpServer2.java:addFilter(948)) - Added filter static_user_filter (class=org.apache.hadoop.http.lib.StaticUserWebFilter$StaticUserFilter) to context ozoneManager
2019-10-20 10:28:04,062 [main] INFO  http.HttpServer2 (HttpServer2.java:addFilter(958)) - Added filter static_user_filter (class=org.apache.hadoop.http.lib.StaticUserWebFilter$StaticUserFilter) to context logs
2019-10-20 10:28:04,062 [main] INFO  http.HttpServer2 (HttpServer2.java:addFilter(958)) - Added filter static_user_filter (class=org.apache.hadoop.http.lib.StaticUserWebFilter$StaticUserFilter) to context static
2019-10-20 10:28:04,064 [main] INFO  http.HttpServer2 (HttpServer2.java:bindListener(1191)) - Jetty bound to port 41840
2019-10-20 10:28:04,064 [main] INFO  server.Server (Server.java:doStart(351)) - jetty-9.3.25.v20180904, build timestamp: 2018-09-04T21:11:46Z, git hash: 3ce520221d0240229c862b122d2b06c12a625732
2019-10-20 10:28:04,067 [main] INFO  handler.ContextHandler (ContextHandler.java:doStart(781)) - Started o.e.j.s.ServletContextHandler@65f2f9b0{/logs,file:///workdir/hadoop-ozone/integration-test/target/log,AVAILABLE}
2019-10-20 10:28:04,068 [main] INFO  handler.ContextHandler (ContextHandler.java:doStart(781)) - Started o.e.j.s.ServletContextHandler@59e43e8c{/static,file:///workdir/hadoop-ozone/integration-test/target/test-classes/webapps/static,AVAILABLE}
2019-10-20 10:28:04,088 [main] INFO  handler.ContextHandler (ContextHandler.java:doStart(781)) - Started o.e.j.w.WebAppContext@35764bef{/,file:///workdir/hadoop-ozone/integration-test/target/test-classes/webapps/ozoneManager/,AVAILABLE}{/ozoneManager}
2019-10-20 10:28:04,089 [main] INFO  server.AbstractConnector (AbstractConnector.java:doStart(278)) - Started ServerConnector@5633dafd{HTTP/1.1,[http/1.1]}{0.0.0.0:41840}
2019-10-20 10:28:04,090 [main] INFO  server.Server (Server.java:doStart(419)) - Started @4776ms
2019-10-20 10:28:04,090 [Thread-93] INFO  impl.FollowerState (FollowerState.java:run(108)) - 8558e340-8e73-44aa-8ae8-a796df6f37c7@group-C5BA1605619E-FollowerState: change to CANDIDATE, lastRpcTime:167ms, electionTimeout:166ms
2019-10-20 10:28:04,090 [main] WARN  impl.MetricsSystemImpl (MetricsSystemImpl.java:register(276)) - Sink prometheus already exists!
2019-10-20 10:28:04,091 [main] INFO  server.BaseHttpServer (BaseHttpServer.java:updateConnectorAddress(215)) - HTTP server of OZONEMANAGER is listening at http://0.0.0.0:41840
2019-10-20 10:28:04,092 [Thread-93] INFO  impl.RoleInfo (RoleInfo.java:shutdownFollowerState(121)) - 8558e340-8e73-44aa-8ae8-a796df6f37c7: shutdown FollowerState
2019-10-20 10:28:04,092 [Thread-93] INFO  impl.RaftServerImpl (RaftServerImpl.java:setRole(184)) - 8558e340-8e73-44aa-8ae8-a796df6f37c7@group-C5BA1605619E: changes role from  FOLLOWER to CANDIDATE at term 0 for changeToCandidate
2019-10-20 10:28:04,095 [Thread-93] INFO  impl.RoleInfo (RoleInfo.java:updateAndGet(143)) - 8558e340-8e73-44aa-8ae8-a796df6f37c7: start LeaderElection
2019-10-20 10:28:04,110 [8558e340-8e73-44aa-8ae8-a796df6f37c7@group-C5BA1605619E-LeaderElection1] INFO  impl.LeaderElection (LeaderElection.java:askForVotes(178)) - 8558e340-8e73-44aa-8ae8-a796df6f37c7@group-C5BA1605619E-LeaderElection1: begin an election at term 1 for -1: [8558e340-8e73-44aa-8ae8-a796df6f37c7:localhost:9872], old=null
2019-10-20 10:28:04,112 [8558e340-8e73-44aa-8ae8-a796df6f37c7@group-C5BA1605619E-LeaderElection1] INFO  impl.RoleInfo (RoleInfo.java:shutdownLeaderElection(134)) - 8558e340-8e73-44aa-8ae8-a796df6f37c7: shutdown LeaderElection
2019-10-20 10:28:04,113 [8558e340-8e73-44aa-8ae8-a796df6f37c7@group-C5BA1605619E-LeaderElection1] INFO  impl.RaftServerImpl (RaftServerImpl.java:setRole(184)) - 8558e340-8e73-44aa-8ae8-a796df6f37c7@group-C5BA1605619E: changes role from CANDIDATE to LEADER at term 1 for changeToLeader
2019-10-20 10:28:04,113 [8558e340-8e73-44aa-8ae8-a796df6f37c7@group-C5BA1605619E-LeaderElection1] INFO  impl.RaftServerImpl (ServerState.java:setLeader(256)) - 8558e340-8e73-44aa-8ae8-a796df6f37c7@group-C5BA1605619E: change Leader from null to 8558e340-8e73-44aa-8ae8-a796df6f37c7 at term 1 for becomeLeader, leader elected after 310ms
2019-10-20 10:28:04,118 [8558e340-8e73-44aa-8ae8-a796df6f37c7@group-C5BA1605619E-LeaderElection1] INFO  server.RaftServerConfigKeys (ConfUtils.java:logGet(43)) - raft.server.staging.catchup.gap = 1000 (default)
2019-10-20 10:28:04,119 [8558e340-8e73-44aa-8ae8-a796df6f37c7@group-C5BA1605619E-LeaderElection1] INFO  server.RaftServerConfigKeys (ConfUtils.java:logGet(43)) - raft.server.rpc.sleep.time = 25ms (default)
2019-10-20 10:28:04,123 [8558e340-8e73-44aa-8ae8-a796df6f37c7@group-C5BA1605619E-LeaderElection1] INFO  server.RaftServerConfigKeys (ConfUtils.java:logGet(43)) - raft.server.write.element-limit = 4096 (default)
2019-10-20 10:28:04,127 [8558e340-8e73-44aa-8ae8-a796df6f37c7@group-C5BA1605619E-LeaderElection1] INFO  server.RaftServerConfigKeys (ConfUtils.java:logGet(43)) - raft.server.watch.timeout = 10s (default)
2019-10-20 10:28:04,128 [8558e340-8e73-44aa-8ae8-a796df6f37c7@group-C5BA1605619E-LeaderElection1] INFO  server.RaftServerConfigKeys (ConfUtils.java:logGet(43)) - raft.server.watch.timeout.denomination = 1s (default)
2019-10-20 10:28:04,128 [8558e340-8e73-44aa-8ae8-a796df6f37c7@group-C5BA1605619E-LeaderElection1] INFO  server.RaftServerConfigKeys (ConfUtils.java:logGet(43)) - raft.server.watch.element-limit = 65536 (default)
2019-10-20 10:28:04,153 [8558e340-8e73-44aa-8ae8-a796df6f37c7@group-C5BA1605619E-LeaderElection1] INFO  impl.RoleInfo (RoleInfo.java:updateAndGet(143)) - 8558e340-8e73-44aa-8ae8-a796df6f37c7: start LeaderState
2019-10-20 10:28:04,172 [8558e340-8e73-44aa-8ae8-a796df6f37c7@group-C5BA1605619E-LeaderElection1] INFO  segmented.SegmentedRaftLogWorker (SegmentedRaftLogWorker.java:startLogSegment(385)) - 8558e340-8e73-44aa-8ae8-a796df6f37c7@group-C5BA1605619E-SegmentedRaftLogWorker: Starting segment from index:0
2019-10-20 10:28:04,191 [8558e340-8e73-44aa-8ae8-a796df6f37c7@group-C5BA1605619E-LeaderElection1] INFO  impl.RaftServerImpl (ServerState.java:setRaftConf(357)) - 8558e340-8e73-44aa-8ae8-a796df6f37c7@group-C5BA1605619E: set configuration 0: [8558e340-8e73-44aa-8ae8-a796df6f37c7:localhost:9872], old=null at 0
2019-10-20 10:28:04,279 [main] INFO  impl.MetricsSystemImpl (MetricsSystemImpl.java:init(158)) - HddsDatanode metrics system started (again)
2019-10-20 10:28:04,323 [main] INFO  ozone.HddsDatanodeService (HddsDatanodeService.java:start(184)) - HddsDatanodeService host:pr-hdds-2335-x5gnt-184872562 ip:192.168.69.89
2019-10-20 10:28:04,354 [main] INFO  volume.HddsVolume (HddsVolume.java:<init>(176)) - Creating Volume: /workdir/hadoop-ozone/integration-test/target/test-dir/MiniOzoneClusterImpl-f8c67304-c3bb-4bf9-9bb2-8ae757b492ce/datanode-0/data/containers/hdds of  storage type : DISK and capacity : 1482555576320
2019-10-20 10:28:04,355 [main] INFO  volume.VolumeSet (VolumeSet.java:initializeVolumeSet(170)) - Added Volume : /workdir/hadoop-ozone/integration-test/target/test-dir/MiniOzoneClusterImpl-f8c67304-c3bb-4bf9-9bb2-8ae757b492ce/datanode-0/data/containers/hdds to VolumeSet
2019-10-20 10:28:04,358 [main] INFO  volume.ThrottledAsyncChecker (ThrottledAsyncChecker.java:schedule(141)) - Scheduling a check for /workdir/hadoop-ozone/integration-test/target/test-dir/MiniOzoneClusterImpl-f8c67304-c3bb-4bf9-9bb2-8ae757b492ce/datanode-0/data/containers/hdds
2019-10-20 10:28:04,362 [8558e340-8e73-44aa-8ae8-a796df6f37c7@group-C5BA1605619E-SegmentedRaftLogWorker] INFO  segmented.SegmentedRaftLogWorker (SegmentedRaftLogWorker.java:execute(576)) - 8558e340-8e73-44aa-8ae8-a796df6f37c7@group-C5BA1605619E-SegmentedRaftLogWorker: created new log segment /workdir/hadoop-ozone/integration-test/target/test-dir/MiniOzoneClusterImpl-f8c67304-c3bb-4bf9-9bb2-8ae757b492ce/ozone-meta/ratis/bf265839-605b-3f16-9796-c5ba1605619e/current/log_inprogress_0
2019-10-20 10:28:04,375 [main] INFO  volume.HddsVolumeChecker (HddsVolumeChecker.java:checkAllVolumes(204)) - Scheduled health check for volume /workdir/hadoop-ozone/integration-test/target/test-dir/MiniOzoneClusterImpl-f8c67304-c3bb-4bf9-9bb2-8ae757b492ce/datanode-0/data/containers/hdds
2019-10-20 10:28:04,427 [main] INFO  impl.RaftServerProxy (ConfUtils.java:logGet(43)) - raft.rpc.type = GRPC (default)
2019-10-20 10:28:04,428 [main] INFO  grpc.GrpcFactory (GrpcFactory.java:checkPooledByteBufAllocatorUseCacheForAllThreads(45)) - PERFORMANCE WARNING: useCacheForAllThreads is true that may cause Netty to create a lot garbage objects and, as a result, trigger GC.
	It is recommended to disable useCacheForAllThreads by setting -Dorg.apache.ratis.thirdparty.io.netty.allocator.useCacheForAllThreads=false in command line.
2019-10-20 10:28:04,428 [main] INFO  grpc.GrpcConfigKeys$Server (ConfUtils.java:logGet(43)) - raft.grpc.server.port = 0 (default)
2019-10-20 10:28:04,428 [main] INFO  server.GrpcService (ConfUtils.java:logGet(43)) - raft.grpc.message.size.max = 33570816 (custom)
2019-10-20 10:28:04,428 [main] INFO  server.RaftServerConfigKeys (ConfUtils.java:logGet(43)) - raft.server.log.appender.buffer.byte-limit = 33554432 (custom)
2019-10-20 10:28:04,428 [main] INFO  server.GrpcService (ConfUtils.java:logGet(43)) - raft.grpc.flow.control.window = 1MB (=1048576) (default)
2019-10-20 10:28:04,429 [main] INFO  server.RaftServerConfigKeys (ConfUtils.java:logGet(43)) - raft.server.rpc.request.timeout = 3000ms (default)
2019-10-20 10:28:04,429 [main] INFO  server.RaftServerConfigKeys (ConfUtils.java:logGet(43)) - raft.server.storage.dir = [/workdir/hadoop-ozone/integration-test/target/test-dir/MiniOzoneClusterImpl-f8c67304-c3bb-4bf9-9bb2-8ae757b492ce/datanode-0/data/ratis] (custom)
2019-10-20 10:28:04,476 [main] INFO  hdfs.DFSUtil (DFSUtil.java:httpServerTemplateForNNAndJN(1641)) - Starting Web-server for hddsDatanode at: http://0.0.0.0:0
2019-10-20 10:28:04,478 [main] INFO  server.AuthenticationFilter (AuthenticationFilter.java:constructSecretProvider(240)) - Unable to initialize FileSignerSecretProvider, falling back to use random secrets.
2019-10-20 10:28:04,479 [main] WARN  http.HttpRequestLog (HttpRequestLog.java:getRequestLog(97)) - Jetty request log can only be enabled using Log4j
2019-10-20 10:28:04,481 [main] INFO  http.HttpServer2 (HttpServer2.java:addGlobalFilter(975)) - Added global filter 'safety' (class=org.apache.hadoop.http.HttpServer2$QuotingInputFilter)
2019-10-20 10:28:04,482 [main] INFO  http.HttpServer2 (HttpServer2.java:addFilter(948)) - Added filter static_user_filter (class=org.apache.hadoop.http.lib.StaticUserWebFilter$StaticUserFilter) to context hddsDatanode
2019-10-20 10:28:04,482 [main] INFO  http.HttpServer2 (HttpServer2.java:addFilter(958)) - Added filter static_user_filter (class=org.apache.hadoop.http.lib.StaticUserWebFilter$StaticUserFilter) to context logs
2019-10-20 10:28:04,482 [main] INFO  http.HttpServer2 (HttpServer2.java:addFilter(958)) - Added filter static_user_filter (class=org.apache.hadoop.http.lib.StaticUserWebFilter$StaticUserFilter) to context static
2019-10-20 10:28:04,483 [main] INFO  http.HttpServer2 (HttpServer2.java:bindListener(1191)) - Jetty bound to port 37244
2019-10-20 10:28:04,484 [main] INFO  server.Server (Server.java:doStart(351)) - jetty-9.3.25.v20180904, build timestamp: 2018-09-04T21:11:46Z, git hash: 3ce520221d0240229c862b122d2b06c12a625732
2019-10-20 10:28:04,487 [main] INFO  handler.ContextHandler (ContextHandler.java:doStart(781)) - Started o.e.j.s.ServletContextHandler@7c8c70d6{/logs,file:///workdir/hadoop-ozone/integration-test/target/log,AVAILABLE}
2019-10-20 10:28:04,487 [main] INFO  handler.ContextHandler (ContextHandler.java:doStart(781)) - Started o.e.j.s.ServletContextHandler@6edf29c1{/static,jar:file:/home/user/.m2/repository/org/apache/hadoop/hadoop-hdds-container-service/0.5.0-SNAPSHOT/hadoop-hdds-container-service-0.5.0-SNAPSHOT.jar!/webapps/static,AVAILABLE}
2019-10-20 10:28:04,527 [main] INFO  handler.ContextHandler (ContextHandler.java:doStart(781)) - Started o.e.j.w.WebAppContext@57272109{/,file:///tmp/jetty-0.0.0.0-37244-hddsDatanode-_-any-594260667805900102.dir/webapp/,AVAILABLE}{/hddsDatanode}
2019-10-20 10:28:04,528 [main] INFO  server.AbstractConnector (AbstractConnector.java:doStart(278)) - Started ServerConnector@59696551{HTTP/1.1,[http/1.1]}{0.0.0.0:37244}
2019-10-20 10:28:04,529 [main] INFO  server.Server (Server.java:doStart(419)) - Started @5215ms
2019-10-20 10:28:04,530 [main] WARN  impl.MetricsSystemImpl (MetricsSystemImpl.java:register(276)) - Sink prometheus already exists!
2019-10-20 10:28:04,531 [main] INFO  server.BaseHttpServer (BaseHttpServer.java:updateConnectorAddress(215)) - HTTP server of HDDSDATANODE is listening at http://0.0.0.0:37244
2019-10-20 10:28:04,532 [main] INFO  impl.MetricsSystemImpl (MetricsSystemImpl.java:init(158)) - HddsDatanode metrics system started (again)
2019-10-20 10:28:04,535 [main] INFO  ozone.HddsDatanodeService (HddsDatanodeService.java:start(184)) - HddsDatanodeService host:pr-hdds-2335-x5gnt-184872562 ip:192.168.69.89
2019-10-20 10:28:04,538 [org.apache.hadoop.util.JvmPauseMonitor$Monitor@7241a5ed] INFO  util.JvmPauseMonitor (JvmPauseMonitor.java:run(188)) - Starting JVM pause monitor
2019-10-20 10:28:04,544 [main] INFO  volume.HddsVolume (HddsVolume.java:<init>(176)) - Creating Volume: /workdir/hadoop-ozone/integration-test/target/test-dir/MiniOzoneClusterImpl-f8c67304-c3bb-4bf9-9bb2-8ae757b492ce/datanode-1/data/containers/hdds of  storage type : DISK and capacity : 1482555576320
2019-10-20 10:28:04,545 [main] INFO  volume.VolumeSet (VolumeSet.java:initializeVolumeSet(170)) - Added Volume : /workdir/hadoop-ozone/integration-test/target/test-dir/MiniOzoneClusterImpl-f8c67304-c3bb-4bf9-9bb2-8ae757b492ce/datanode-1/data/containers/hdds to VolumeSet
2019-10-20 10:28:04,545 [main] INFO  volume.ThrottledAsyncChecker (ThrottledAsyncChecker.java:schedule(141)) - Scheduling a check for /workdir/hadoop-ozone/integration-test/target/test-dir/MiniOzoneClusterImpl-f8c67304-c3bb-4bf9-9bb2-8ae757b492ce/datanode-1/data/containers/hdds
2019-10-20 10:28:04,546 [main] INFO  volume.HddsVolumeChecker (HddsVolumeChecker.java:checkAllVolumes(204)) - Scheduled health check for volume /workdir/hadoop-ozone/integration-test/target/test-dir/MiniOzoneClusterImpl-f8c67304-c3bb-4bf9-9bb2-8ae757b492ce/datanode-1/data/containers/hdds
2019-10-20 10:28:04,569 [main] INFO  impl.RaftServerProxy (ConfUtils.java:logGet(43)) - raft.rpc.type = GRPC (default)
2019-10-20 10:28:04,569 [main] INFO  grpc.GrpcFactory (GrpcFactory.java:checkPooledByteBufAllocatorUseCacheForAllThreads(45)) - PERFORMANCE WARNING: useCacheForAllThreads is true that may cause Netty to create a lot garbage objects and, as a result, trigger GC.
	It is recommended to disable useCacheForAllThreads by setting -Dorg.apache.ratis.thirdparty.io.netty.allocator.useCacheForAllThreads=false in command line.
2019-10-20 10:28:04,570 [main] INFO  grpc.GrpcConfigKeys$Server (ConfUtils.java:logGet(43)) - raft.grpc.server.port = 0 (default)
2019-10-20 10:28:04,570 [main] INFO  server.GrpcService (ConfUtils.java:logGet(43)) - raft.grpc.message.size.max = 33570816 (custom)
2019-10-20 10:28:04,570 [main] INFO  server.RaftServerConfigKeys (ConfUtils.java:logGet(43)) - raft.server.log.appender.buffer.byte-limit = 33554432 (custom)
2019-10-20 10:28:04,571 [main] INFO  server.GrpcService (ConfUtils.java:logGet(43)) - raft.grpc.flow.control.window = 1MB (=1048576) (default)
2019-10-20 10:28:04,571 [main] INFO  server.RaftServerConfigKeys (ConfUtils.java:logGet(43)) - raft.server.rpc.request.timeout = 3000ms (default)
2019-10-20 10:28:04,572 [main] INFO  server.RaftServerConfigKeys (ConfUtils.java:logGet(43)) - raft.server.storage.dir = [/workdir/hadoop-ozone/integration-test/target/test-dir/MiniOzoneClusterImpl-f8c67304-c3bb-4bf9-9bb2-8ae757b492ce/datanode-1/data/ratis] (custom)
2019-10-20 10:28:04,574 [main] INFO  hdfs.DFSUtil (DFSUtil.java:httpServerTemplateForNNAndJN(1641)) - Starting Web-server for hddsDatanode at: http://0.0.0.0:0
2019-10-20 10:28:04,576 [main] INFO  server.AuthenticationFilter (AuthenticationFilter.java:constructSecretProvider(240)) - Unable to initialize FileSignerSecretProvider, falling back to use random secrets.
2019-10-20 10:28:04,577 [main] WARN  http.HttpRequestLog (HttpRequestLog.java:getRequestLog(97)) - Jetty request log can only be enabled using Log4j
2019-10-20 10:28:04,579 [main] INFO  http.HttpServer2 (HttpServer2.java:addGlobalFilter(975)) - Added global filter 'safety' (class=org.apache.hadoop.http.HttpServer2$QuotingInputFilter)
2019-10-20 10:28:04,580 [main] INFO  http.HttpServer2 (HttpServer2.java:addFilter(948)) - Added filter static_user_filter (class=org.apache.hadoop.http.lib.StaticUserWebFilter$StaticUserFilter) to context hddsDatanode
2019-10-20 10:28:04,581 [main] INFO  http.HttpServer2 (HttpServer2.java:addFilter(958)) - Added filter static_user_filter (class=org.apache.hadoop.http.lib.StaticUserWebFilter$StaticUserFilter) to context logs
2019-10-20 10:28:04,581 [main] INFO  http.HttpServer2 (HttpServer2.java:addFilter(958)) - Added filter static_user_filter (class=org.apache.hadoop.http.lib.StaticUserWebFilter$StaticUserFilter) to context static
2019-10-20 10:28:04,582 [main] INFO  http.HttpServer2 (HttpServer2.java:bindListener(1191)) - Jetty bound to port 44898
2019-10-20 10:28:04,582 [main] INFO  server.Server (Server.java:doStart(351)) - jetty-9.3.25.v20180904, build timestamp: 2018-09-04T21:11:46Z, git hash: 3ce520221d0240229c862b122d2b06c12a625732
2019-10-20 10:28:04,587 [main] INFO  handler.ContextHandler (ContextHandler.java:doStart(781)) - Started o.e.j.s.ServletContextHandler@29a98d9f{/logs,file:///workdir/hadoop-ozone/integration-test/target/log,AVAILABLE}
2019-10-20 10:28:04,587 [main] INFO  handler.ContextHandler (ContextHandler.java:doStart(781)) - Started o.e.j.s.ServletContextHandler@544e8149{/static,jar:file:/home/user/.m2/repository/org/apache/hadoop/hadoop-hdds-container-service/0.5.0-SNAPSHOT/hadoop-hdds-container-service-0.5.0-SNAPSHOT.jar!/webapps/static,AVAILABLE}
2019-10-20 10:28:04,629 [main] INFO  handler.ContextHandler (ContextHandler.java:doStart(781)) - Started o.e.j.w.WebAppContext@7e446d92{/,file:///tmp/jetty-0.0.0.0-44898-hddsDatanode-_-any-3829325227670370611.dir/webapp/,AVAILABLE}{/hddsDatanode}
2019-10-20 10:28:04,630 [main] INFO  server.AbstractConnector (AbstractConnector.java:doStart(278)) - Started ServerConnector@57f9b467{HTTP/1.1,[http/1.1]}{0.0.0.0:44898}
2019-10-20 10:28:04,631 [main] INFO  server.Server (Server.java:doStart(419)) - Started @5317ms
2019-10-20 10:28:04,632 [main] WARN  impl.MetricsSystemImpl (MetricsSystemImpl.java:register(276)) - Sink prometheus already exists!
2019-10-20 10:28:04,633 [main] INFO  server.BaseHttpServer (BaseHttpServer.java:updateConnectorAddress(215)) - HTTP server of HDDSDATANODE is listening at http://0.0.0.0:44898
2019-10-20 10:28:04,633 [main] INFO  impl.MetricsSystemImpl (MetricsSystemImpl.java:init(158)) - HddsDatanode metrics system started (again)
2019-10-20 10:28:04,636 [main] INFO  ozone.HddsDatanodeService (HddsDatanodeService.java:start(184)) - HddsDatanodeService host:pr-hdds-2335-x5gnt-184872562 ip:192.168.69.89
2019-10-20 10:28:04,637 [org.apache.hadoop.util.JvmPauseMonitor$Monitor@35bfb8cd] INFO  util.JvmPauseMonitor (JvmPauseMonitor.java:run(188)) - Starting JVM pause monitor
2019-10-20 10:28:04,647 [main] INFO  volume.HddsVolume (HddsVolume.java:<init>(176)) - Creating Volume: /workdir/hadoop-ozone/integration-test/target/test-dir/MiniOzoneClusterImpl-f8c67304-c3bb-4bf9-9bb2-8ae757b492ce/datanode-2/data/containers/hdds of  storage type : DISK and capacity : 1482555576320
2019-10-20 10:28:04,648 [main] INFO  volume.VolumeSet (VolumeSet.java:initializeVolumeSet(170)) - Added Volume : /workdir/hadoop-ozone/integration-test/target/test-dir/MiniOzoneClusterImpl-f8c67304-c3bb-4bf9-9bb2-8ae757b492ce/datanode-2/data/containers/hdds to VolumeSet
2019-10-20 10:28:04,648 [main] INFO  volume.ThrottledAsyncChecker (ThrottledAsyncChecker.java:schedule(141)) - Scheduling a check for /workdir/hadoop-ozone/integration-test/target/test-dir/MiniOzoneClusterImpl-f8c67304-c3bb-4bf9-9bb2-8ae757b492ce/datanode-2/data/containers/hdds
2019-10-20 10:28:04,650 [main] INFO  volume.HddsVolumeChecker (HddsVolumeChecker.java:checkAllVolumes(204)) - Scheduled health check for volume /workdir/hadoop-ozone/integration-test/target/test-dir/MiniOzoneClusterImpl-f8c67304-c3bb-4bf9-9bb2-8ae757b492ce/datanode-2/data/containers/hdds
2019-10-20 10:28:04,657 [Datanode State Machine Thread - 0] INFO  datanode.InitDatanodeState (InitDatanodeState.java:persistContainerDatanodeDetails(140)) - DatanodeDetails is persisted to /workdir/hadoop-ozone/integration-test/target/test-dir/MiniOzoneClusterImpl-f8c67304-c3bb-4bf9-9bb2-8ae757b492ce/datanode-0/meta/datanode.id
2019-10-20 10:28:04,661 [Datanode State Machine Thread - 0] INFO  datanode.InitDatanodeState (InitDatanodeState.java:persistContainerDatanodeDetails(140)) - DatanodeDetails is persisted to /workdir/hadoop-ozone/integration-test/target/test-dir/MiniOzoneClusterImpl-f8c67304-c3bb-4bf9-9bb2-8ae757b492ce/datanode-1/meta/datanode.id
2019-10-20 10:28:04,672 [main] INFO  impl.RaftServerProxy (ConfUtils.java:logGet(43)) - raft.rpc.type = GRPC (default)
2019-10-20 10:28:04,673 [main] INFO  grpc.GrpcFactory (GrpcFactory.java:checkPooledByteBufAllocatorUseCacheForAllThreads(45)) - PERFORMANCE WARNING: useCacheForAllThreads is true that may cause Netty to create a lot garbage objects and, as a result, trigger GC.
	It is recommended to disable useCacheForAllThreads by setting -Dorg.apache.ratis.thirdparty.io.netty.allocator.useCacheForAllThreads=false in command line.
2019-10-20 10:28:04,673 [main] INFO  grpc.GrpcConfigKeys$Server (ConfUtils.java:logGet(43)) - raft.grpc.server.port = 0 (default)
2019-10-20 10:28:04,673 [main] INFO  server.GrpcService (ConfUtils.java:logGet(43)) - raft.grpc.message.size.max = 33570816 (custom)
2019-10-20 10:28:04,674 [main] INFO  server.RaftServerConfigKeys (ConfUtils.java:logGet(43)) - raft.server.log.appender.buffer.byte-limit = 33554432 (custom)
2019-10-20 10:28:04,674 [main] INFO  server.GrpcService (ConfUtils.java:logGet(43)) - raft.grpc.flow.control.window = 1MB (=1048576) (default)
2019-10-20 10:28:04,674 [main] INFO  server.RaftServerConfigKeys (ConfUtils.java:logGet(43)) - raft.server.rpc.request.timeout = 3000ms (default)
2019-10-20 10:28:04,675 [main] INFO  server.RaftServerConfigKeys (ConfUtils.java:logGet(43)) - raft.server.storage.dir = [/workdir/hadoop-ozone/integration-test/target/test-dir/MiniOzoneClusterImpl-f8c67304-c3bb-4bf9-9bb2-8ae757b492ce/datanode-2/data/ratis] (custom)
2019-10-20 10:28:04,678 [main] INFO  hdfs.DFSUtil (DFSUtil.java:httpServerTemplateForNNAndJN(1641)) - Starting Web-server for hddsDatanode at: http://0.0.0.0:0
2019-10-20 10:28:04,680 [main] INFO  server.AuthenticationFilter (AuthenticationFilter.java:constructSecretProvider(240)) - Unable to initialize FileSignerSecretProvider, falling back to use random secrets.
2019-10-20 10:28:04,681 [main] WARN  http.HttpRequestLog (HttpRequestLog.java:getRequestLog(97)) - Jetty request log can only be enabled using Log4j
2019-10-20 10:28:04,684 [main] INFO  http.HttpServer2 (HttpServer2.java:addGlobalFilter(975)) - Added global filter 'safety' (class=org.apache.hadoop.http.HttpServer2$QuotingInputFilter)
2019-10-20 10:28:04,685 [main] INFO  http.HttpServer2 (HttpServer2.java:addFilter(948)) - Added filter static_user_filter (class=org.apache.hadoop.http.lib.StaticUserWebFilter$StaticUserFilter) to context hddsDatanode
2019-10-20 10:28:04,685 [main] INFO  http.HttpServer2 (HttpServer2.java:addFilter(958)) - Added filter static_user_filter (class=org.apache.hadoop.http.lib.StaticUserWebFilter$StaticUserFilter) to context logs
2019-10-20 10:28:04,685 [main] INFO  http.HttpServer2 (HttpServer2.java:addFilter(958)) - Added filter static_user_filter (class=org.apache.hadoop.http.lib.StaticUserWebFilter$StaticUserFilter) to context static
2019-10-20 10:28:04,687 [main] INFO  http.HttpServer2 (HttpServer2.java:bindListener(1191)) - Jetty bound to port 40697
2019-10-20 10:28:04,687 [main] INFO  server.Server (Server.java:doStart(351)) - jetty-9.3.25.v20180904, build timestamp: 2018-09-04T21:11:46Z, git hash: 3ce520221d0240229c862b122d2b06c12a625732
2019-10-20 10:28:04,689 [main] INFO  handler.ContextHandler (ContextHandler.java:doStart(781)) - Started o.e.j.s.ServletContextHandler@51ec2856{/logs,file:///workdir/hadoop-ozone/integration-test/target/log,AVAILABLE}
2019-10-20 10:28:04,690 [main] INFO  handler.ContextHandler (ContextHandler.java:doStart(781)) - Started o.e.j.s.ServletContextHandler@1caa9eb6{/static,jar:file:/home/user/.m2/repository/org/apache/hadoop/hadoop-hdds-container-service/0.5.0-SNAPSHOT/hadoop-hdds-container-service-0.5.0-SNAPSHOT.jar!/webapps/static,AVAILABLE}
2019-10-20 10:28:04,720 [main] INFO  handler.ContextHandler (ContextHandler.java:doStart(781)) - Started o.e.j.w.WebAppContext@3722c145{/,file:///tmp/jetty-0.0.0.0-40697-hddsDatanode-_-any-7882601349109704775.dir/webapp/,AVAILABLE}{/hddsDatanode}
2019-10-20 10:28:04,721 [main] INFO  server.AbstractConnector (AbstractConnector.java:doStart(278)) - Started ServerConnector@4cbc2e3b{HTTP/1.1,[http/1.1]}{0.0.0.0:40697}
2019-10-20 10:28:04,722 [main] INFO  server.Server (Server.java:doStart(419)) - Started @5408ms
2019-10-20 10:28:04,722 [main] WARN  impl.MetricsSystemImpl (MetricsSystemImpl.java:register(276)) - Sink prometheus already exists!
2019-10-20 10:28:04,724 [main] INFO  server.BaseHttpServer (BaseHttpServer.java:updateConnectorAddress(215)) - HTTP server of HDDSDATANODE is listening at http://0.0.0.0:40697
2019-10-20 10:28:04,724 [main] INFO  impl.MetricsSystemImpl (MetricsSystemImpl.java:init(158)) - HddsDatanode metrics system started (again)
2019-10-20 10:28:04,729 [org.apache.hadoop.util.JvmPauseMonitor$Monitor@140f8a15] INFO  util.JvmPauseMonitor (JvmPauseMonitor.java:run(188)) - Starting JVM pause monitor
2019-10-20 10:28:04,731 [main] INFO  ozone.HddsDatanodeService (HddsDatanodeService.java:start(184)) - HddsDatanodeService host:pr-hdds-2335-x5gnt-184872562 ip:192.168.69.89
2019-10-20 10:28:04,733 [Datanode State Machine Thread - 0] INFO  datanode.InitDatanodeState (InitDatanodeState.java:persistContainerDatanodeDetails(140)) - DatanodeDetails is persisted to /workdir/hadoop-ozone/integration-test/target/test-dir/MiniOzoneClusterImpl-f8c67304-c3bb-4bf9-9bb2-8ae757b492ce/datanode-2/meta/datanode.id
2019-10-20 10:28:04,740 [main] INFO  volume.HddsVolume (HddsVolume.java:<init>(176)) - Creating Volume: /workdir/hadoop-ozone/integration-test/target/test-dir/MiniOzoneClusterImpl-f8c67304-c3bb-4bf9-9bb2-8ae757b492ce/datanode-3/data/containers/hdds of  storage type : DISK and capacity : 1482555576320
2019-10-20 10:28:04,741 [main] INFO  volume.VolumeSet (VolumeSet.java:initializeVolumeSet(170)) - Added Volume : /workdir/hadoop-ozone/integration-test/target/test-dir/MiniOzoneClusterImpl-f8c67304-c3bb-4bf9-9bb2-8ae757b492ce/datanode-3/data/containers/hdds to VolumeSet
2019-10-20 10:28:04,741 [main] INFO  volume.ThrottledAsyncChecker (ThrottledAsyncChecker.java:schedule(141)) - Scheduling a check for /workdir/hadoop-ozone/integration-test/target/test-dir/MiniOzoneClusterImpl-f8c67304-c3bb-4bf9-9bb2-8ae757b492ce/datanode-3/data/containers/hdds
2019-10-20 10:28:04,742 [main] INFO  volume.HddsVolumeChecker (HddsVolumeChecker.java:checkAllVolumes(204)) - Scheduled health check for volume /workdir/hadoop-ozone/integration-test/target/test-dir/MiniOzoneClusterImpl-f8c67304-c3bb-4bf9-9bb2-8ae757b492ce/datanode-3/data/containers/hdds
2019-10-20 10:28:04,759 [main] INFO  impl.RaftServerProxy (ConfUtils.java:logGet(43)) - raft.rpc.type = GRPC (default)
2019-10-20 10:28:04,759 [main] INFO  grpc.GrpcFactory (GrpcFactory.java:checkPooledByteBufAllocatorUseCacheForAllThreads(45)) - PERFORMANCE WARNING: useCacheForAllThreads is true that may cause Netty to create a lot garbage objects and, as a result, trigger GC.
	It is recommended to disable useCacheForAllThreads by setting -Dorg.apache.ratis.thirdparty.io.netty.allocator.useCacheForAllThreads=false in command line.
2019-10-20 10:28:04,760 [main] INFO  grpc.GrpcConfigKeys$Server (ConfUtils.java:logGet(43)) - raft.grpc.server.port = 0 (default)
2019-10-20 10:28:04,760 [main] INFO  server.GrpcService (ConfUtils.java:logGet(43)) - raft.grpc.message.size.max = 33570816 (custom)
2019-10-20 10:28:04,760 [main] INFO  server.RaftServerConfigKeys (ConfUtils.java:logGet(43)) - raft.server.log.appender.buffer.byte-limit = 33554432 (custom)
2019-10-20 10:28:04,760 [main] INFO  server.GrpcService (ConfUtils.java:logGet(43)) - raft.grpc.flow.control.window = 1MB (=1048576) (default)
2019-10-20 10:28:04,761 [main] INFO  server.RaftServerConfigKeys (ConfUtils.java:logGet(43)) - raft.server.rpc.request.timeout = 3000ms (default)
2019-10-20 10:28:04,761 [main] INFO  server.RaftServerConfigKeys (ConfUtils.java:logGet(43)) - raft.server.storage.dir = [/workdir/hadoop-ozone/integration-test/target/test-dir/MiniOzoneClusterImpl-f8c67304-c3bb-4bf9-9bb2-8ae757b492ce/datanode-3/data/ratis] (custom)
2019-10-20 10:28:04,763 [main] INFO  hdfs.DFSUtil (DFSUtil.java:httpServerTemplateForNNAndJN(1641)) - Starting Web-server for hddsDatanode at: http://0.0.0.0:0
2019-10-20 10:28:04,765 [main] INFO  server.AuthenticationFilter (AuthenticationFilter.java:constructSecretProvider(240)) - Unable to initialize FileSignerSecretProvider, falling back to use random secrets.
2019-10-20 10:28:04,766 [main] WARN  http.HttpRequestLog (HttpRequestLog.java:getRequestLog(97)) - Jetty request log can only be enabled using Log4j
2019-10-20 10:28:04,767 [main] INFO  http.HttpServer2 (HttpServer2.java:addGlobalFilter(975)) - Added global filter 'safety' (class=org.apache.hadoop.http.HttpServer2$QuotingInputFilter)
2019-10-20 10:28:04,768 [main] INFO  http.HttpServer2 (HttpServer2.java:addFilter(948)) - Added filter static_user_filter (class=org.apache.hadoop.http.lib.StaticUserWebFilter$StaticUserFilter) to context hddsDatanode
2019-10-20 10:28:04,768 [main] INFO  http.HttpServer2 (HttpServer2.java:addFilter(958)) - Added filter static_user_filter (class=org.apache.hadoop.http.lib.StaticUserWebFilter$StaticUserFilter) to context logs
2019-10-20 10:28:04,769 [main] INFO  http.HttpServer2 (HttpServer2.java:addFilter(958)) - Added filter static_user_filter (class=org.apache.hadoop.http.lib.StaticUserWebFilter$StaticUserFilter) to context static
2019-10-20 10:28:04,770 [main] INFO  http.HttpServer2 (HttpServer2.java:bindListener(1191)) - Jetty bound to port 45710
2019-10-20 10:28:04,770 [main] INFO  server.Server (Server.java:doStart(351)) - jetty-9.3.25.v20180904, build timestamp: 2018-09-04T21:11:46Z, git hash: 3ce520221d0240229c862b122d2b06c12a625732
2019-10-20 10:28:04,773 [main] INFO  handler.ContextHandler (ContextHandler.java:doStart(781)) - Started o.e.j.s.ServletContextHandler@77049094{/logs,file:///workdir/hadoop-ozone/integration-test/target/log,AVAILABLE}
2019-10-20 10:28:04,774 [main] INFO  handler.ContextHandler (ContextHandler.java:doStart(781)) - Started o.e.j.s.ServletContextHandler@59bbe88a{/static,jar:file:/home/user/.m2/repository/org/apache/hadoop/hadoop-hdds-container-service/0.5.0-SNAPSHOT/hadoop-hdds-container-service-0.5.0-SNAPSHOT.jar!/webapps/static,AVAILABLE}
2019-10-20 10:28:04,807 [main] INFO  handler.ContextHandler (ContextHandler.java:doStart(781)) - Started o.e.j.w.WebAppContext@640ab13c{/,file:///tmp/jetty-0.0.0.0-45710-hddsDatanode-_-any-8849785190586687109.dir/webapp/,AVAILABLE}{/hddsDatanode}
2019-10-20 10:28:04,808 [main] INFO  server.AbstractConnector (AbstractConnector.java:doStart(278)) - Started ServerConnector@1e0a864d{HTTP/1.1,[http/1.1]}{0.0.0.0:45710}
2019-10-20 10:28:04,809 [main] INFO  server.Server (Server.java:doStart(419)) - Started @5496ms
2019-10-20 10:28:04,809 [main] WARN  impl.MetricsSystemImpl (MetricsSystemImpl.java:register(276)) - Sink prometheus already exists!
2019-10-20 10:28:04,811 [main] INFO  server.BaseHttpServer (BaseHttpServer.java:updateConnectorAddress(215)) - HTTP server of HDDSDATANODE is listening at http://0.0.0.0:45710
2019-10-20 10:28:04,815 [main] INFO  ozone.MiniOzoneClusterImpl (MiniOzoneClusterImpl.java:lambda$waitForClusterToBeReady$0(147)) - Waiting for cluster to be ready. Got 0 of 4 DN Heartbeats.
2019-10-20 10:28:04,816 [org.apache.hadoop.util.JvmPauseMonitor$Monitor@38a55fc2] INFO  util.JvmPauseMonitor (JvmPauseMonitor.java:run(188)) - Starting JVM pause monitor
2019-10-20 10:28:04,818 [Datanode State Machine Thread - 0] INFO  datanode.InitDatanodeState (InitDatanodeState.java:persistContainerDatanodeDetails(140)) - DatanodeDetails is persisted to /workdir/hadoop-ozone/integration-test/target/test-dir/MiniOzoneClusterImpl-f8c67304-c3bb-4bf9-9bb2-8ae757b492ce/datanode-3/meta/datanode.id
2019-10-20 10:28:05,816 [main] INFO  ozone.MiniOzoneClusterImpl (MiniOzoneClusterImpl.java:lambda$waitForClusterToBeReady$0(147)) - Waiting for cluster to be ready. Got 0 of 4 DN Heartbeats.
2019-10-20 10:28:06,637 [Datanode State Machine Thread - 0] INFO  ozoneimpl.OzoneContainer (OzoneContainer.java:start(213)) - Attempting to start container services.
2019-10-20 10:28:06,642 [Datanode State Machine Thread - 0] INFO  ozoneimpl.OzoneContainer (OzoneContainer.java:startContainerScrub(177)) - Background container scanner has been disabled.
2019-10-20 10:28:06,642 [Datanode State Machine Thread - 0] INFO  ratis.XceiverServerRatis (XceiverServerRatis.java:start(418)) - Starting XceiverServerRatis 9ceef694-dbcf-4070-b7b1-3b3c65b6a699 at port 0
2019-10-20 10:28:06,654 [Datanode State Machine Thread - 0] INFO  impl.RaftServerProxy (RaftServerProxy.java:lambda$start$3(299)) - 9ceef694-dbcf-4070-b7b1-3b3c65b6a699: start RPC server
2019-10-20 10:28:06,658 [Datanode State Machine Thread - 0] INFO  server.GrpcService (GrpcService.java:startImpl(158)) - 9ceef694-dbcf-4070-b7b1-3b3c65b6a699: GrpcService started, listening on 0.0.0.0/0.0.0.0:36536
2019-10-20 10:28:06,659 [Datanode State Machine Thread - 0] INFO  ratis.XceiverServerRatis (XceiverServerRatis.java:start(428)) - XceiverServerRatis 9ceef694-dbcf-4070-b7b1-3b3c65b6a699 is started using port 36536
2019-10-20 10:28:06,662 [Datanode State Machine Thread - 0] INFO  server.XceiverServerGrpc (XceiverServerGrpc.java:start(149)) - XceiverServerGrpc 9ceef694-dbcf-4070-b7b1-3b3c65b6a699 is started using port 41265
2019-10-20 10:28:06,663 [Datanode State Machine Thread - 0] INFO  ozoneimpl.OzoneContainer (OzoneContainer.java:start(213)) - Attempting to start container services.
2019-10-20 10:28:06,665 [Datanode State Machine Thread - 0] INFO  ozoneimpl.OzoneContainer (OzoneContainer.java:startContainerScrub(177)) - Background container scanner has been disabled.
2019-10-20 10:28:06,665 [Datanode State Machine Thread - 0] INFO  ratis.XceiverServerRatis (XceiverServerRatis.java:start(418)) - Starting XceiverServerRatis 875da3d9-0dec-46c7-88bf-73f7a2372b64 at port 0
2019-10-20 10:28:06,679 [Datanode State Machine Thread - 0] INFO  impl.RaftServerProxy (RaftServerProxy.java:lambda$start$3(299)) - 875da3d9-0dec-46c7-88bf-73f7a2372b64: start RPC server
2019-10-20 10:28:06,681 [Datanode State Machine Thread - 0] INFO  server.GrpcService (GrpcService.java:startImpl(158)) - 875da3d9-0dec-46c7-88bf-73f7a2372b64: GrpcService started, listening on 0.0.0.0/0.0.0.0:39990
2019-10-20 10:28:06,681 [Datanode State Machine Thread - 0] INFO  ratis.XceiverServerRatis (XceiverServerRatis.java:start(428)) - XceiverServerRatis 875da3d9-0dec-46c7-88bf-73f7a2372b64 is started using port 39990
2019-10-20 10:28:06,683 [Datanode State Machine Thread - 0] INFO  server.XceiverServerGrpc (XceiverServerGrpc.java:start(149)) - XceiverServerGrpc 875da3d9-0dec-46c7-88bf-73f7a2372b64 is started using port 38417
2019-10-20 10:28:06,745 [Datanode State Machine Thread - 0] INFO  ozoneimpl.OzoneContainer (OzoneContainer.java:start(213)) - Attempting to start container services.
2019-10-20 10:28:06,747 [Datanode State Machine Thread - 0] INFO  ozoneimpl.OzoneContainer (OzoneContainer.java:startContainerScrub(177)) - Background container scanner has been disabled.
2019-10-20 10:28:06,748 [Datanode State Machine Thread - 0] INFO  ratis.XceiverServerRatis (XceiverServerRatis.java:start(418)) - Starting XceiverServerRatis df12c920-952d-4704-9c70-1a288e2f77c7 at port 0
2019-10-20 10:28:06,759 [Datanode State Machine Thread - 0] INFO  impl.RaftServerProxy (RaftServerProxy.java:lambda$start$3(299)) - df12c920-952d-4704-9c70-1a288e2f77c7: start RPC server
2019-10-20 10:28:06,761 [Datanode State Machine Thread - 0] INFO  server.GrpcService (GrpcService.java:startImpl(158)) - df12c920-952d-4704-9c70-1a288e2f77c7: GrpcService started, listening on 0.0.0.0/0.0.0.0:43948
2019-10-20 10:28:06,762 [Datanode State Machine Thread - 0] INFO  ratis.XceiverServerRatis (XceiverServerRatis.java:start(428)) - XceiverServerRatis df12c920-952d-4704-9c70-1a288e2f77c7 is started using port 43948
2019-10-20 10:28:06,763 [Datanode State Machine Thread - 0] INFO  server.XceiverServerGrpc (XceiverServerGrpc.java:start(149)) - XceiverServerGrpc df12c920-952d-4704-9c70-1a288e2f77c7 is started using port 36871
2019-10-20 10:28:06,817 [main] INFO  ozone.MiniOzoneClusterImpl (MiniOzoneClusterImpl.java:lambda$waitForClusterToBeReady$0(147)) - Waiting for cluster to be ready. Got 0 of 4 DN Heartbeats.
2019-10-20 10:28:06,832 [Datanode State Machine Thread - 0] INFO  ozoneimpl.OzoneContainer (OzoneContainer.java:start(213)) - Attempting to start container services.
2019-10-20 10:28:06,833 [Datanode State Machine Thread - 0] INFO  ozoneimpl.OzoneContainer (OzoneContainer.java:startContainerScrub(177)) - Background container scanner has been disabled.
2019-10-20 10:28:06,833 [Datanode State Machine Thread - 0] INFO  ratis.XceiverServerRatis (XceiverServerRatis.java:start(418)) - Starting XceiverServerRatis 3626477e-4d8a-4897-821e-c70ad1c2a38d at port 0
2019-10-20 10:28:06,844 [Datanode State Machine Thread - 0] INFO  impl.RaftServerProxy (RaftServerProxy.java:lambda$start$3(299)) - 3626477e-4d8a-4897-821e-c70ad1c2a38d: start RPC server
2019-10-20 10:28:06,846 [Datanode State Machine Thread - 0] INFO  server.GrpcService (GrpcService.java:startImpl(158)) - 3626477e-4d8a-4897-821e-c70ad1c2a38d: GrpcService started, listening on 0.0.0.0/0.0.0.0:39599
2019-10-20 10:28:06,846 [Datanode State Machine Thread - 0] INFO  ratis.XceiverServerRatis (XceiverServerRatis.java:start(428)) - XceiverServerRatis 3626477e-4d8a-4897-821e-c70ad1c2a38d is started using port 39599
2019-10-20 10:28:06,848 [Datanode State Machine Thread - 0] INFO  server.XceiverServerGrpc (XceiverServerGrpc.java:start(149)) - XceiverServerGrpc 3626477e-4d8a-4897-821e-c70ad1c2a38d is started using port 37181
2019-10-20 10:28:07,818 [main] INFO  ozone.MiniOzoneClusterImpl (MiniOzoneClusterImpl.java:lambda$waitForClusterToBeReady$0(147)) - Waiting for cluster to be ready. Got 0 of 4 DN Heartbeats.
2019-10-20 10:28:08,581 [IPC Server handler 0 on 42778] INFO  net.NetworkTopology (NetworkTopologyImpl.java:add(111)) - Added a new node: /rack1/9ceef694-dbcf-4070-b7b1-3b3c65b6a699
2019-10-20 10:28:08,583 [IPC Server handler 0 on 42778] INFO  node.SCMNodeManager (SCMNodeManager.java:register(268)) - Registered Data node : 9ceef694-dbcf-4070-b7b1-3b3c65b6a699{ip: 192.168.69.89, host: pr-hdds-2335-x5gnt-184872562, networkLocation: /rack1, certSerialId: null}
2019-10-20 10:28:08,586 [EventQueue-NodeRegistrationContainerReportForDataNodeSafeModeRule] INFO  safemode.SCMSafeModeManager (DataNodeSafeModeRule.java:process(71)) - SCM in safe mode. 1 DataNodes registered, 1 required.
2019-10-20 10:28:08,586 [EventQueue-NodeRegistrationContainerReportForContainerSafeModeRule] INFO  safemode.SCMSafeModeManager (SCMSafeModeManager.java:validateSafeModeExitRules(177)) - ScmSafeModeManager, all rules are successfully validated
2019-10-20 10:28:08,587 [EventQueue-NodeRegistrationContainerReportForContainerSafeModeRule] INFO  safemode.SCMSafeModeManager (SCMSafeModeManager.java:exitSafeMode(193)) - SCM exiting safe mode.
2019-10-20 10:28:08,639 [IPC Server handler 1 on 42778] INFO  net.NetworkTopology (NetworkTopologyImpl.java:add(111)) - Added a new node: /rack1/875da3d9-0dec-46c7-88bf-73f7a2372b64
2019-10-20 10:28:08,640 [IPC Server handler 1 on 42778] INFO  node.SCMNodeManager (SCMNodeManager.java:register(268)) - Registered Data node : 875da3d9-0dec-46c7-88bf-73f7a2372b64{ip: 192.168.69.89, host: pr-hdds-2335-x5gnt-184872562, networkLocation: /rack1, certSerialId: null}
2019-10-20 10:28:08,733 [IPC Server handler 3 on 42778] INFO  net.NetworkTopology (NetworkTopologyImpl.java:add(111)) - Added a new node: /rack1/df12c920-952d-4704-9c70-1a288e2f77c7
2019-10-20 10:28:08,733 [IPC Server handler 3 on 42778] INFO  node.SCMNodeManager (SCMNodeManager.java:register(268)) - Registered Data node : df12c920-952d-4704-9c70-1a288e2f77c7{ip: 192.168.69.89, host: pr-hdds-2335-x5gnt-184872562, networkLocation: /rack1, certSerialId: null}
2019-10-20 10:28:08,819 [main] INFO  ozone.MiniOzoneClusterImpl (MiniOzoneClusterImpl.java:lambda$waitForClusterToBeReady$0(147)) - Waiting for cluster to be ready. Got 3 of 4 DN Heartbeats.
2019-10-20 10:28:08,819 [IPC Server handler 4 on 42778] INFO  net.NetworkTopology (NetworkTopologyImpl.java:add(111)) - Added a new node: /rack1/3626477e-4d8a-4897-821e-c70ad1c2a38d
2019-10-20 10:28:08,820 [IPC Server handler 4 on 42778] INFO  node.SCMNodeManager (SCMNodeManager.java:register(268)) - Registered Data node : 3626477e-4d8a-4897-821e-c70ad1c2a38d{ip: 192.168.69.89, host: pr-hdds-2335-x5gnt-184872562, networkLocation: /rack1, certSerialId: null}
2019-10-20 10:28:09,048 [grpc-default-executor-0] INFO  impl.RaftServerProxy (RaftServerProxy.java:addNew(89)) - 9ceef694-dbcf-4070-b7b1-3b3c65b6a699: addNew group-CC6FCEBE3E2F:[9ceef694-dbcf-4070-b7b1-3b3c65b6a699:192.168.69.89:36536] returns group-CC6FCEBE3E2F:java.util.concurrent.CompletableFuture@2f493d3f[Not completed]
2019-10-20 10:28:09,060 [pool-32-thread-1] INFO  impl.RaftServerImpl (RaftServerImpl.java:<init>(104)) - 9ceef694-dbcf-4070-b7b1-3b3c65b6a699: new RaftServerImpl for group-CC6FCEBE3E2F:[9ceef694-dbcf-4070-b7b1-3b3c65b6a699:192.168.69.89:36536] with ContainerStateMachine:uninitialized
2019-10-20 10:28:09,061 [pool-32-thread-1] INFO  server.RaftServerConfigKeys (ConfUtils.java:logGet(43)) - raft.server.rpc.timeout.min = 5s (custom)
2019-10-20 10:28:09,062 [pool-32-thread-1] INFO  server.RaftServerConfigKeys (ConfUtils.java:logGet(43)) - raft.server.rpc.timeout.max = 5200ms (custom)
2019-10-20 10:28:09,062 [pool-32-thread-1] INFO  server.RaftServerConfigKeys (ConfUtils.java:logGet(43)) - raft.server.rpcslowness.timeout = 120s (custom)
2019-10-20 10:28:09,062 [pool-32-thread-1] INFO  server.RaftServerConfigKeys (ConfUtils.java:logGet(43)) - raft.server.sleep.deviation.threshold = 300 (default)
2019-10-20 10:28:09,062 [pool-32-thread-1] INFO  server.RaftServerConfigKeys (ConfUtils.java:logGet(43)) - raft.server.log.appender.install.snapshot.enabled = false (custom)
2019-10-20 10:28:09,062 [pool-32-thread-1] INFO  impl.RaftServerImpl (ServerState.java:<init>(103)) - 9ceef694-dbcf-4070-b7b1-3b3c65b6a699@group-CC6FCEBE3E2F: ConfigurationManager, init=-1: [9ceef694-dbcf-4070-b7b1-3b3c65b6a699:192.168.69.89:36536], old=null, confs=<EMPTY_MAP>
2019-10-20 10:28:09,063 [pool-32-thread-1] INFO  server.RaftServerConfigKeys (ConfUtils.java:logGet(43)) - raft.server.storage.dir = [/workdir/hadoop-ozone/integration-test/target/test-dir/MiniOzoneClusterImpl-f8c67304-c3bb-4bf9-9bb2-8ae757b492ce/datanode-0/data/ratis] (custom)
2019-10-20 10:28:09,063 [pool-32-thread-1] INFO  server.RaftServerConfigKeys (ConfUtils.java:logGet(43)) - raft.server.log.corruption.policy = EXCEPTION (default)
2019-10-20 10:28:09,064 [pool-32-thread-1] INFO  storage.RaftStorageDirectory (RaftStorageDirectory.java:analyzeStorage(246)) - The storage directory /workdir/hadoop-ozone/integration-test/target/test-dir/MiniOzoneClusterImpl-f8c67304-c3bb-4bf9-9bb2-8ae757b492ce/datanode-0/data/ratis/db46e240-6cb8-43c4-bc0a-cc6fcebe3e2f does not exist. Creating ...
2019-10-20 10:28:09,078 [pool-32-thread-1] INFO  storage.RaftStorageDirectory (RaftStorageDirectory.java:tryLock(328)) - Lock on /workdir/hadoop-ozone/integration-test/target/test-dir/MiniOzoneClusterImpl-f8c67304-c3bb-4bf9-9bb2-8ae757b492ce/datanode-0/data/ratis/db46e240-6cb8-43c4-bc0a-cc6fcebe3e2f/in_use.lock acquired by nodename 29976@pr-hdds-2335-x5gnt-184872562
2019-10-20 10:28:09,091 [pool-32-thread-1] INFO  storage.RaftStorage (RaftStorage.java:format(84)) - Storage directory /workdir/hadoop-ozone/integration-test/target/test-dir/MiniOzoneClusterImpl-f8c67304-c3bb-4bf9-9bb2-8ae757b492ce/datanode-0/data/ratis/db46e240-6cb8-43c4-bc0a-cc6fcebe3e2f has been successfully formatted.
2019-10-20 10:28:09,093 [pool-32-thread-1] INFO  ratis.ContainerStateMachine (ContainerStateMachine.java:loadSnapshot(231)) - group-CC6FCEBE3E2F: The snapshot info is null. Setting the last applied indexto:(t:0, i:~)
2019-10-20 10:28:09,093 [pool-32-thread-1] INFO  server.RaftServerConfigKeys (ConfUtils.java:logGet(43)) - raft.server.notification.no-leader.timeout = 120s (custom)
2019-10-20 10:28:09,093 [pool-32-thread-1] INFO  server.RaftServerConfigKeys (ConfUtils.java:logGet(43)) - raft.server.log.use.memory = false (default)
2019-10-20 10:28:09,094 [pool-32-thread-1] INFO  server.RaftServerConfigKeys (ConfUtils.java:logGet(43)) - raft.server.log.purge.gap = 1000000 (custom)
2019-10-20 10:28:09,094 [pool-32-thread-1] INFO  server.RaftServerConfigKeys (ConfUtils.java:logGet(43)) - raft.server.log.appender.buffer.byte-limit = 33554432 (custom)
2019-10-20 10:28:09,094 [pool-32-thread-1] INFO  server.RaftServerConfigKeys (ConfUtils.java:logGet(43)) - raft.server.log.segment.size.max = 1048576 (custom)
2019-10-20 10:28:09,099 [pool-32-thread-1] INFO  server.RaftServerConfigKeys (ConfUtils.java:logGet(43)) - raft.server.log.segment.cache.num.max = 2 (custom)
2019-10-20 10:28:09,099 [pool-32-thread-1] INFO  segmented.SegmentedRaftLogWorker (SegmentedRaftLogWorker.java:<init>(173)) - new 9ceef694-dbcf-4070-b7b1-3b3c65b6a699@group-CC6FCEBE3E2F-SegmentedRaftLogWorker for RaftStorage:Storage Directory /workdir/hadoop-ozone/integration-test/target/test-dir/MiniOzoneClusterImpl-f8c67304-c3bb-4bf9-9bb2-8ae757b492ce/datanode-0/data/ratis/db46e240-6cb8-43c4-bc0a-cc6fcebe3e2f
2019-10-20 10:28:09,100 [pool-32-thread-1] INFO  server.RaftServerConfigKeys (ConfUtils.java:logGet(43)) - raft.server.log.queue.byte-limit = 2147483647 (custom)
2019-10-20 10:28:09,100 [pool-32-thread-1] INFO  server.RaftServerConfigKeys (ConfUtils.java:logGet(43)) - raft.server.log.queue.element-limit = 1024 (custom)
2019-10-20 10:28:09,100 [pool-32-thread-1] INFO  server.RaftServerConfigKeys (ConfUtils.java:logGet(43)) - raft.server.log.segment.size.max = 1048576 (custom)
2019-10-20 10:28:09,100 [pool-32-thread-1] INFO  server.RaftServerConfigKeys (ConfUtils.java:logGet(43)) - raft.server.log.preallocated.size = 16384 (custom)
2019-10-20 10:28:09,100 [pool-32-thread-1] INFO  server.RaftServerConfigKeys (ConfUtils.java:logGet(43)) - raft.server.log.write.buffer.size = 33554432 (custom)
2019-10-20 10:28:09,101 [pool-32-thread-1] INFO  server.RaftServerConfigKeys (ConfUtils.java:logGet(43)) - raft.server.log.force.sync.num = 128 (default)
2019-10-20 10:28:09,101 [pool-32-thread-1] INFO  server.RaftServerConfigKeys (ConfUtils.java:logGet(43)) - raft.server.log.statemachine.data.sync = true (default)
2019-10-20 10:28:09,101 [pool-32-thread-1] INFO  server.RaftServerConfigKeys (ConfUtils.java:logGet(43)) - raft.server.log.statemachine.data.sync.timeout = 10s (default)
2019-10-20 10:28:09,101 [pool-32-thread-1] INFO  server.RaftServerConfigKeys (ConfUtils.java:logGet(43)) - raft.server.log.statemachine.data.sync.timeout.retry = -1 (default)
2019-10-20 10:28:09,102 [pool-32-thread-1] INFO  server.RaftServerConfigKeys (ConfUtils.java:logGet(43)) - raft.server.log.statemachine.data.caching.enabled = true (custom)
2019-10-20 10:28:09,102 [pool-32-thread-1] INFO  segmented.SegmentedRaftLogWorker (SegmentedRaftLogWorker.java:lambda$new$0(128)) - 9ceef694-dbcf-4070-b7b1-3b3c65b6a699@group-CC6FCEBE3E2F-SegmentedRaftLogWorker: flushIndex: setUnconditionally 0 -> -1
2019-10-20 10:28:09,103 [pool-32-thread-1] INFO  server.RaftServerConfigKeys (ConfUtils.java:logGet(43)) - raft.server.snapshot.auto.trigger.enabled = true (custom)
2019-10-20 10:28:09,103 [pool-32-thread-1] INFO  server.RaftServerConfigKeys (ConfUtils.java:logGet(43)) - raft.server.snapshot.auto.trigger.threshold = 10000 (custom)
2019-10-20 10:28:09,103 [pool-32-thread-1] INFO  server.RaftServerConfigKeys (ConfUtils.java:logGet(43)) - raft.server.snapshot.retention.file.num = 5 (custom)
2019-10-20 10:28:09,103 [pool-32-thread-1] INFO  server.RaftServerConfigKeys (ConfUtils.java:logGet(43)) - raft.server.retrycache.expirytime = 600000ms (custom)
2019-10-20 10:28:09,113 [pool-32-thread-1] INFO  impl.RaftServerImpl (RaftServerImpl.java:start(195)) - 9ceef694-dbcf-4070-b7b1-3b3c65b6a699@group-CC6FCEBE3E2F: start as a follower, conf=-1: [9ceef694-dbcf-4070-b7b1-3b3c65b6a699:192.168.69.89:36536], old=null
2019-10-20 10:28:09,113 [pool-32-thread-1] INFO  impl.RaftServerImpl (RaftServerImpl.java:setRole(184)) - 9ceef694-dbcf-4070-b7b1-3b3c65b6a699@group-CC6FCEBE3E2F: changes role from      null to FOLLOWER at term 0 for startAsFollower
2019-10-20 10:28:09,113 [pool-32-thread-1] INFO  impl.RoleInfo (RoleInfo.java:updateAndGet(143)) - 9ceef694-dbcf-4070-b7b1-3b3c65b6a699: start FollowerState
2019-10-20 10:28:09,114 [pool-32-thread-1] INFO  util.JmxRegister (JmxRegister.java:tryRegister(44)) - Successfully registered JMX Bean with object name Ratis:service=RaftServer,group=group-CC6FCEBE3E2F,id=9ceef694-dbcf-4070-b7b1-3b3c65b6a699
2019-10-20 10:28:09,137 [Thread-201] INFO  impl.FollowerState (FollowerState.java:run(108)) - 9ceef694-dbcf-4070-b7b1-3b3c65b6a699@group-CC6FCEBE3E2F-FollowerState: change to CANDIDATE, lastRpcTime:23ms, electionTimeout:23ms
2019-10-20 10:28:09,138 [Thread-201] INFO  impl.RoleInfo (RoleInfo.java:shutdownFollowerState(121)) - 9ceef694-dbcf-4070-b7b1-3b3c65b6a699: shutdown FollowerState
2019-10-20 10:28:09,139 [Thread-201] INFO  impl.RaftServerImpl (RaftServerImpl.java:setRole(184)) - 9ceef694-dbcf-4070-b7b1-3b3c65b6a699@group-CC6FCEBE3E2F: changes role from  FOLLOWER to CANDIDATE at term 0 for changeToCandidate
2019-10-20 10:28:09,140 [Thread-201] INFO  impl.RoleInfo (RoleInfo.java:updateAndGet(143)) - 9ceef694-dbcf-4070-b7b1-3b3c65b6a699: start LeaderElection
2019-10-20 10:28:09,154 [9ceef694-dbcf-4070-b7b1-3b3c65b6a699@group-CC6FCEBE3E2F-LeaderElection2] INFO  impl.LeaderElection (LeaderElection.java:askForVotes(178)) - 9ceef694-dbcf-4070-b7b1-3b3c65b6a699@group-CC6FCEBE3E2F-LeaderElection2: begin an election at term 1 for -1: [9ceef694-dbcf-4070-b7b1-3b3c65b6a699:192.168.69.89:36536], old=null
2019-10-20 10:28:09,155 [9ceef694-dbcf-4070-b7b1-3b3c65b6a699@group-CC6FCEBE3E2F-LeaderElection2] INFO  impl.RoleInfo (RoleInfo.java:shutdownLeaderElection(134)) - 9ceef694-dbcf-4070-b7b1-3b3c65b6a699: shutdown LeaderElection
2019-10-20 10:28:09,156 [9ceef694-dbcf-4070-b7b1-3b3c65b6a699@group-CC6FCEBE3E2F-LeaderElection2] INFO  impl.RaftServerImpl (RaftServerImpl.java:setRole(184)) - 9ceef694-dbcf-4070-b7b1-3b3c65b6a699@group-CC6FCEBE3E2F: changes role from CANDIDATE to LEADER at term 1 for changeToLeader
2019-10-20 10:28:09,156 [9ceef694-dbcf-4070-b7b1-3b3c65b6a699@group-CC6FCEBE3E2F-LeaderElection2] INFO  impl.RaftServerImpl (ServerState.java:setLeader(256)) - 9ceef694-dbcf-4070-b7b1-3b3c65b6a699@group-CC6FCEBE3E2F: change Leader from null to 9ceef694-dbcf-4070-b7b1-3b3c65b6a699 at term 1 for becomeLeader, leader elected after 62ms
2019-10-20 10:28:09,156 [9ceef694-dbcf-4070-b7b1-3b3c65b6a699@group-CC6FCEBE3E2F-LeaderElection2] INFO  server.RaftServerConfigKeys (ConfUtils.java:logGet(43)) - raft.server.staging.catchup.gap = 1000 (default)
2019-10-20 10:28:09,156 [9ceef694-dbcf-4070-b7b1-3b3c65b6a699@group-CC6FCEBE3E2F-LeaderElection2] INFO  server.RaftServerConfigKeys (ConfUtils.java:logGet(43)) - raft.server.rpc.sleep.time = 25ms (default)
2019-10-20 10:28:09,156 [9ceef694-dbcf-4070-b7b1-3b3c65b6a699@group-CC6FCEBE3E2F-LeaderElection2] INFO  server.RaftServerConfigKeys (ConfUtils.java:logGet(43)) - raft.server.write.element-limit = 4096 (default)
2019-10-20 10:28:09,156 [9ceef694-dbcf-4070-b7b1-3b3c65b6a699@group-CC6FCEBE3E2F-LeaderElection2] INFO  server.RaftServerConfigKeys (ConfUtils.java:logGet(43)) - raft.server.watch.timeout = 10s (default)
2019-10-20 10:28:09,157 [9ceef694-dbcf-4070-b7b1-3b3c65b6a699@group-CC6FCEBE3E2F-LeaderElection2] INFO  server.RaftServerConfigKeys (ConfUtils.java:logGet(43)) - raft.server.watch.timeout.denomination = 1s (default)
2019-10-20 10:28:09,158 [9ceef694-dbcf-4070-b7b1-3b3c65b6a699@group-CC6FCEBE3E2F-LeaderElection2] INFO  server.RaftServerConfigKeys (ConfUtils.java:logGet(43)) - raft.server.watch.element-limit = 65536 (default)
2019-10-20 10:28:09,161 [9ceef694-dbcf-4070-b7b1-3b3c65b6a699@group-CC6FCEBE3E2F-LeaderElection2] INFO  impl.RoleInfo (RoleInfo.java:updateAndGet(143)) - 9ceef694-dbcf-4070-b7b1-3b3c65b6a699: start LeaderState
2019-10-20 10:28:09,162 [9ceef694-dbcf-4070-b7b1-3b3c65b6a699@group-CC6FCEBE3E2F-LeaderElection2] INFO  segmented.SegmentedRaftLogWorker (SegmentedRaftLogWorker.java:startLogSegment(385)) - 9ceef694-dbcf-4070-b7b1-3b3c65b6a699@group-CC6FCEBE3E2F-SegmentedRaftLogWorker: Starting segment from index:0
2019-10-20 10:28:09,163 [9ceef694-dbcf-4070-b7b1-3b3c65b6a699@group-CC6FCEBE3E2F-LeaderElection2] INFO  impl.RaftServerImpl (ServerState.java:setRaftConf(357)) - 9ceef694-dbcf-4070-b7b1-3b3c65b6a699@group-CC6FCEBE3E2F: set configuration 0: [9ceef694-dbcf-4070-b7b1-3b3c65b6a699:192.168.69.89:36536], old=null at 0
2019-10-20 10:28:09,208 [RatisPipelineUtilsThread] INFO  pipeline.PipelineStateManager (PipelineStateManager.java:addPipeline(56)) - Created pipeline Pipeline[ Id: db46e240-6cb8-43c4-bc0a-cc6fcebe3e2f, Nodes: 9ceef694-dbcf-4070-b7b1-3b3c65b6a699{ip: 192.168.69.89, host: pr-hdds-2335-x5gnt-184872562, networkLocation: /rack1, certSerialId: null}, Type:RATIS, Factor:ONE, State:OPEN]
2019-10-20 10:28:09,209 [9ceef694-dbcf-4070-b7b1-3b3c65b6a699@group-CC6FCEBE3E2F-SegmentedRaftLogWorker] INFO  segmented.SegmentedRaftLogWorker (SegmentedRaftLogWorker.java:execute(576)) - 9ceef694-dbcf-4070-b7b1-3b3c65b6a699@group-CC6FCEBE3E2F-SegmentedRaftLogWorker: created new log segment /workdir/hadoop-ozone/integration-test/target/test-dir/MiniOzoneClusterImpl-f8c67304-c3bb-4bf9-9bb2-8ae757b492ce/datanode-0/data/ratis/db46e240-6cb8-43c4-bc0a-cc6fcebe3e2f/current/log_inprogress_0
2019-10-20 10:28:09,236 [grpc-default-executor-0] INFO  impl.RaftServerProxy (RaftServerProxy.java:addNew(89)) - 875da3d9-0dec-46c7-88bf-73f7a2372b64: addNew group-87A2375FA410:[875da3d9-0dec-46c7-88bf-73f7a2372b64:192.168.69.89:39990] returns group-87A2375FA410:java.util.concurrent.CompletableFuture@5723dbda[Not completed]
2019-10-20 10:28:09,251 [pool-42-thread-1] INFO  impl.RaftServerImpl (RaftServerImpl.java:<init>(104)) - 875da3d9-0dec-46c7-88bf-73f7a2372b64: new RaftServerImpl for group-87A2375FA410:[875da3d9-0dec-46c7-88bf-73f7a2372b64:192.168.69.89:39990] with ContainerStateMachine:uninitialized
2019-10-20 10:28:09,252 [pool-42-thread-1] INFO  server.RaftServerConfigKeys (ConfUtils.java:logGet(43)) - raft.server.rpc.timeout.min = 5s (custom)
2019-10-20 10:28:09,253 [pool-42-thread-1] INFO  server.RaftServerConfigKeys (ConfUtils.java:logGet(43)) - raft.server.rpc.timeout.max = 5200ms (custom)
2019-10-20 10:28:09,253 [pool-42-thread-1] INFO  server.RaftServerConfigKeys (ConfUtils.java:logGet(43)) - raft.server.rpcslowness.timeout = 120s (custom)
2019-10-20 10:28:09,253 [pool-42-thread-1] INFO  server.RaftServerConfigKeys (ConfUtils.java:logGet(43)) - raft.server.sleep.deviation.threshold = 300 (default)
2019-10-20 10:28:09,253 [pool-42-thread-1] INFO  server.RaftServerConfigKeys (ConfUtils.java:logGet(43)) - raft.server.log.appender.install.snapshot.enabled = false (custom)
2019-10-20 10:28:09,253 [pool-42-thread-1] INFO  impl.RaftServerImpl (ServerState.java:<init>(103)) - 875da3d9-0dec-46c7-88bf-73f7a2372b64@group-87A2375FA410: ConfigurationManager, init=-1: [875da3d9-0dec-46c7-88bf-73f7a2372b64:192.168.69.89:39990], old=null, confs=<EMPTY_MAP>
2019-10-20 10:28:09,254 [pool-42-thread-1] INFO  server.RaftServerConfigKeys (ConfUtils.java:logGet(43)) - raft.server.storage.dir = [/workdir/hadoop-ozone/integration-test/target/test-dir/MiniOzoneClusterImpl-f8c67304-c3bb-4bf9-9bb2-8ae757b492ce/datanode-1/data/ratis] (custom)
2019-10-20 10:28:09,255 [pool-42-thread-1] INFO  server.RaftServerConfigKeys (ConfUtils.java:logGet(43)) - raft.server.log.corruption.policy = EXCEPTION (default)
2019-10-20 10:28:09,255 [pool-42-thread-1] INFO  storage.RaftStorageDirectory (RaftStorageDirectory.java:analyzeStorage(246)) - The storage directory /workdir/hadoop-ozone/integration-test/target/test-dir/MiniOzoneClusterImpl-f8c67304-c3bb-4bf9-9bb2-8ae757b492ce/datanode-1/data/ratis/d3946d6b-8002-4bd3-bfde-87a2375fa410 does not exist. Creating ...
2019-10-20 10:28:09,276 [pool-42-thread-1] INFO  storage.RaftStorageDirectory (RaftStorageDirectory.java:tryLock(328)) - Lock on /workdir/hadoop-ozone/integration-test/target/test-dir/MiniOzoneClusterImpl-f8c67304-c3bb-4bf9-9bb2-8ae757b492ce/datanode-1/data/ratis/d3946d6b-8002-4bd3-bfde-87a2375fa410/in_use.lock acquired by nodename 29976@pr-hdds-2335-x5gnt-184872562
2019-10-20 10:28:09,289 [pool-42-thread-1] INFO  storage.RaftStorage (RaftStorage.java:format(84)) - Storage directory /workdir/hadoop-ozone/integration-test/target/test-dir/MiniOzoneClusterImpl-f8c67304-c3bb-4bf9-9bb2-8ae757b492ce/datanode-1/data/ratis/d3946d6b-8002-4bd3-bfde-87a2375fa410 has been successfully formatted.
2019-10-20 10:28:09,290 [pool-42-thread-1] INFO  ratis.ContainerStateMachine (ContainerStateMachine.java:loadSnapshot(231)) - group-87A2375FA410: The snapshot info is null. Setting the last applied indexto:(t:0, i:~)
2019-10-20 10:28:09,291 [pool-42-thread-1] INFO  server.RaftServerConfigKeys (ConfUtils.java:logGet(43)) - raft.server.notification.no-leader.timeout = 120s (custom)
2019-10-20 10:28:09,291 [pool-42-thread-1] INFO  server.RaftServerConfigKeys (ConfUtils.java:logGet(43)) - raft.server.log.use.memory = false (default)
2019-10-20 10:28:09,291 [pool-42-thread-1] INFO  server.RaftServerConfigKeys (ConfUtils.java:logGet(43)) - raft.server.log.purge.gap = 1000000 (custom)
2019-10-20 10:28:09,291 [pool-42-thread-1] INFO  server.RaftServerConfigKeys (ConfUtils.java:logGet(43)) - raft.server.log.appender.buffer.byte-limit = 33554432 (custom)
2019-10-20 10:28:09,291 [pool-42-thread-1] INFO  server.RaftServerConfigKeys (ConfUtils.java:logGet(43)) - raft.server.log.segment.size.max = 1048576 (custom)
2019-10-20 10:28:09,295 [pool-42-thread-1] INFO  server.RaftServerConfigKeys (ConfUtils.java:logGet(43)) - raft.server.log.segment.cache.num.max = 2 (custom)
2019-10-20 10:28:09,296 [pool-42-thread-1] INFO  segmented.SegmentedRaftLogWorker (SegmentedRaftLogWorker.java:<init>(173)) - new 875da3d9-0dec-46c7-88bf-73f7a2372b64@group-87A2375FA410-SegmentedRaftLogWorker for RaftStorage:Storage Directory /workdir/hadoop-ozone/integration-test/target/test-dir/MiniOzoneClusterImpl-f8c67304-c3bb-4bf9-9bb2-8ae757b492ce/datanode-1/data/ratis/d3946d6b-8002-4bd3-bfde-87a2375fa410
2019-10-20 10:28:09,296 [pool-42-thread-1] INFO  server.RaftServerConfigKeys (ConfUtils.java:logGet(43)) - raft.server.log.queue.byte-limit = 2147483647 (custom)
2019-10-20 10:28:09,296 [pool-42-thread-1] INFO  server.RaftServerConfigKeys (ConfUtils.java:logGet(43)) - raft.server.log.queue.element-limit = 1024 (custom)
2019-10-20 10:28:09,296 [pool-42-thread-1] INFO  server.RaftServerConfigKeys (ConfUtils.java:logGet(43)) - raft.server.log.segment.size.max = 1048576 (custom)
2019-10-20 10:28:09,296 [pool-42-thread-1] INFO  server.RaftServerConfigKeys (ConfUtils.java:logGet(43)) - raft.server.log.preallocated.size = 16384 (custom)
2019-10-20 10:28:09,296 [pool-42-thread-1] INFO  server.RaftServerConfigKeys (ConfUtils.java:logGet(43)) - raft.server.log.write.buffer.size = 33554432 (custom)
2019-10-20 10:28:09,297 [pool-42-thread-1] INFO  server.RaftServerConfigKeys (ConfUtils.java:logGet(43)) - raft.server.log.force.sync.num = 128 (default)
2019-10-20 10:28:09,297 [pool-42-thread-1] INFO  server.RaftServerConfigKeys (ConfUtils.java:logGet(43)) - raft.server.log.statemachine.data.sync = true (default)
2019-10-20 10:28:09,297 [pool-42-thread-1] INFO  server.RaftServerConfigKeys (ConfUtils.java:logGet(43)) - raft.server.log.statemachine.data.sync.timeout = 10s (default)
2019-10-20 10:28:09,297 [pool-42-thread-1] INFO  server.RaftServerConfigKeys (ConfUtils.java:logGet(43)) - raft.server.log.statemachine.data.sync.timeout.retry = -1 (default)
2019-10-20 10:28:09,298 [pool-42-thread-1] INFO  server.RaftServerConfigKeys (ConfUtils.java:logGet(43)) - raft.server.log.statemachine.data.caching.enabled = true (custom)
2019-10-20 10:28:09,298 [pool-42-thread-1] INFO  segmented.SegmentedRaftLogWorker (SegmentedRaftLogWorker.java:lambda$new$0(128)) - 875da3d9-0dec-46c7-88bf-73f7a2372b64@group-87A2375FA410-SegmentedRaftLogWorker: flushIndex: setUnconditionally 0 -> -1
2019-10-20 10:28:09,299 [pool-42-thread-1] INFO  server.RaftServerConfigKeys (ConfUtils.java:logGet(43)) - raft.server.snapshot.auto.trigger.enabled = true (custom)
2019-10-20 10:28:09,299 [pool-42-thread-1] INFO  server.RaftServerConfigKeys (ConfUtils.java:logGet(43)) - raft.server.snapshot.auto.trigger.threshold = 10000 (custom)
2019-10-20 10:28:09,299 [pool-42-thread-1] INFO  server.RaftServerConfigKeys (ConfUtils.java:logGet(43)) - raft.server.snapshot.retention.file.num = 5 (custom)
2019-10-20 10:28:09,299 [pool-42-thread-1] INFO  server.RaftServerConfigKeys (ConfUtils.java:logGet(43)) - raft.server.retrycache.expirytime = 600000ms (custom)
2019-10-20 10:28:09,305 [pool-42-thread-1] INFO  impl.RaftServerImpl (RaftServerImpl.java:start(195)) - 875da3d9-0dec-46c7-88bf-73f7a2372b64@group-87A2375FA410: start as a follower, conf=-1: [875da3d9-0dec-46c7-88bf-73f7a2372b64:192.168.69.89:39990], old=null
2019-10-20 10:28:09,305 [pool-42-thread-1] INFO  impl.RaftServerImpl (RaftServerImpl.java:setRole(184)) - 875da3d9-0dec-46c7-88bf-73f7a2372b64@group-87A2375FA410: changes role from      null to FOLLOWER at term 0 for startAsFollower
2019-10-20 10:28:09,306 [pool-42-thread-1] INFO  impl.RoleInfo (RoleInfo.java:updateAndGet(143)) - 875da3d9-0dec-46c7-88bf-73f7a2372b64: start FollowerState
2019-10-20 10:28:09,306 [pool-42-thread-1] INFO  util.JmxRegister (JmxRegister.java:tryRegister(44)) - Successfully registered JMX Bean with object name Ratis:service=RaftServer,group=group-87A2375FA410,id=875da3d9-0dec-46c7-88bf-73f7a2372b64
2019-10-20 10:28:09,324 [RatisPipelineUtilsThread] INFO  pipeline.PipelineStateManager (PipelineStateManager.java:addPipeline(56)) - Created pipeline Pipeline[ Id: d3946d6b-8002-4bd3-bfde-87a2375fa410, Nodes: 875da3d9-0dec-46c7-88bf-73f7a2372b64{ip: 192.168.69.89, host: pr-hdds-2335-x5gnt-184872562, networkLocation: /rack1, certSerialId: null}, Type:RATIS, Factor:ONE, State:OPEN]
2019-10-20 10:28:09,343 [grpc-default-executor-0] INFO  impl.RaftServerProxy (RaftServerProxy.java:addNew(89)) - df12c920-952d-4704-9c70-1a288e2f77c7: addNew group-AC8CAC662913:[df12c920-952d-4704-9c70-1a288e2f77c7:192.168.69.89:43948] returns group-AC8CAC662913:java.util.concurrent.CompletableFuture@4050af1e[Not completed]
2019-10-20 10:28:09,346 [pool-52-thread-1] INFO  impl.RaftServerImpl (RaftServerImpl.java:<init>(104)) - df12c920-952d-4704-9c70-1a288e2f77c7: new RaftServerImpl for group-AC8CAC662913:[df12c920-952d-4704-9c70-1a288e2f77c7:192.168.69.89:43948] with ContainerStateMachine:uninitialized
2019-10-20 10:28:09,349 [pool-52-thread-1] INFO  server.RaftServerConfigKeys (ConfUtils.java:logGet(43)) - raft.server.rpc.timeout.min = 5s (custom)
2019-10-20 10:28:09,350 [pool-52-thread-1] INFO  server.RaftServerConfigKeys (ConfUtils.java:logGet(43)) - raft.server.rpc.timeout.max = 5200ms (custom)
2019-10-20 10:28:09,350 [pool-52-thread-1] INFO  server.RaftServerConfigKeys (ConfUtils.java:logGet(43)) - raft.server.rpcslowness.timeout = 120s (custom)
2019-10-20 10:28:09,350 [pool-52-thread-1] INFO  server.RaftServerConfigKeys (ConfUtils.java:logGet(43)) - raft.server.sleep.deviation.threshold = 300 (default)
2019-10-20 10:28:09,350 [pool-52-thread-1] INFO  server.RaftServerConfigKeys (ConfUtils.java:logGet(43)) - raft.server.log.appender.install.snapshot.enabled = false (custom)
2019-10-20 10:28:09,351 [pool-52-thread-1] INFO  impl.RaftServerImpl (ServerState.java:<init>(103)) - df12c920-952d-4704-9c70-1a288e2f77c7@group-AC8CAC662913: ConfigurationManager, init=-1: [df12c920-952d-4704-9c70-1a288e2f77c7:192.168.69.89:43948], old=null, confs=<EMPTY_MAP>
2019-10-20 10:28:09,351 [pool-52-thread-1] INFO  server.RaftServerConfigKeys (ConfUtils.java:logGet(43)) - raft.server.storage.dir = [/workdir/hadoop-ozone/integration-test/target/test-dir/MiniOzoneClusterImpl-f8c67304-c3bb-4bf9-9bb2-8ae757b492ce/datanode-2/data/ratis] (custom)
2019-10-20 10:28:09,351 [pool-52-thread-1] INFO  server.RaftServerConfigKeys (ConfUtils.java:logGet(43)) - raft.server.log.corruption.policy = EXCEPTION (default)
2019-10-20 10:28:09,352 [pool-52-thread-1] INFO  storage.RaftStorageDirectory (RaftStorageDirectory.java:analyzeStorage(246)) - The storage directory /workdir/hadoop-ozone/integration-test/target/test-dir/MiniOzoneClusterImpl-f8c67304-c3bb-4bf9-9bb2-8ae757b492ce/datanode-2/data/ratis/ab563049-2163-4b8b-8e81-ac8cac662913 does not exist. Creating ...
2019-10-20 10:28:09,364 [pool-52-thread-1] INFO  storage.RaftStorageDirectory (RaftStorageDirectory.java:tryLock(328)) - Lock on /workdir/hadoop-ozone/integration-test/target/test-dir/MiniOzoneClusterImpl-f8c67304-c3bb-4bf9-9bb2-8ae757b492ce/datanode-2/data/ratis/ab563049-2163-4b8b-8e81-ac8cac662913/in_use.lock acquired by nodename 29976@pr-hdds-2335-x5gnt-184872562
2019-10-20 10:28:09,385 [pool-52-thread-1] INFO  storage.RaftStorage (RaftStorage.java:format(84)) - Storage directory /workdir/hadoop-ozone/integration-test/target/test-dir/MiniOzoneClusterImpl-f8c67304-c3bb-4bf9-9bb2-8ae757b492ce/datanode-2/data/ratis/ab563049-2163-4b8b-8e81-ac8cac662913 has been successfully formatted.
2019-10-20 10:28:09,385 [pool-52-thread-1] INFO  ratis.ContainerStateMachine (ContainerStateMachine.java:loadSnapshot(231)) - group-AC8CAC662913: The snapshot info is null. Setting the last applied indexto:(t:0, i:~)
2019-10-20 10:28:09,385 [pool-52-thread-1] INFO  server.RaftServerConfigKeys (ConfUtils.java:logGet(43)) - raft.server.notification.no-leader.timeout = 120s (custom)
2019-10-20 10:28:09,385 [pool-52-thread-1] INFO  server.RaftServerConfigKeys (ConfUtils.java:logGet(43)) - raft.server.log.use.memory = false (default)
2019-10-20 10:28:09,386 [pool-52-thread-1] INFO  server.RaftServerConfigKeys (ConfUtils.java:logGet(43)) - raft.server.log.purge.gap = 1000000 (custom)
2019-10-20 10:28:09,386 [pool-52-thread-1] INFO  server.RaftServerConfigKeys (ConfUtils.java:logGet(43)) - raft.server.log.appender.buffer.byte-limit = 33554432 (custom)
2019-10-20 10:28:09,386 [pool-52-thread-1] INFO  server.RaftServerConfigKeys (ConfUtils.java:logGet(43)) - raft.server.log.segment.size.max = 1048576 (custom)
2019-10-20 10:28:09,389 [pool-52-thread-1] INFO  server.RaftServerConfigKeys (ConfUtils.java:logGet(43)) - raft.server.log.segment.cache.num.max = 2 (custom)
2019-10-20 10:28:09,389 [pool-52-thread-1] INFO  segmented.SegmentedRaftLogWorker (SegmentedRaftLogWorker.java:<init>(173)) - new df12c920-952d-4704-9c70-1a288e2f77c7@group-AC8CAC662913-SegmentedRaftLogWorker for RaftStorage:Storage Directory /workdir/hadoop-ozone/integration-test/target/test-dir/MiniOzoneClusterImpl-f8c67304-c3bb-4bf9-9bb2-8ae757b492ce/datanode-2/data/ratis/ab563049-2163-4b8b-8e81-ac8cac662913
2019-10-20 10:28:09,389 [pool-52-thread-1] INFO  server.RaftServerConfigKeys (ConfUtils.java:logGet(43)) - raft.server.log.queue.byte-limit = 2147483647 (custom)
2019-10-20 10:28:09,389 [pool-52-thread-1] INFO  server.RaftServerConfigKeys (ConfUtils.java:logGet(43)) - raft.server.log.queue.element-limit = 1024 (custom)
2019-10-20 10:28:09,389 [pool-52-thread-1] INFO  server.RaftServerConfigKeys (ConfUtils.java:logGet(43)) - raft.server.log.segment.size.max = 1048576 (custom)
2019-10-20 10:28:09,390 [pool-52-thread-1] INFO  server.RaftServerConfigKeys (ConfUtils.java:logGet(43)) - raft.server.log.preallocated.size = 16384 (custom)
2019-10-20 10:28:09,390 [pool-52-thread-1] INFO  server.RaftServerConfigKeys (ConfUtils.java:logGet(43)) - raft.server.log.write.buffer.size = 33554432 (custom)
2019-10-20 10:28:09,390 [pool-52-thread-1] INFO  server.RaftServerConfigKeys (ConfUtils.java:logGet(43)) - raft.server.log.force.sync.num = 128 (default)
2019-10-20 10:28:09,390 [pool-52-thread-1] INFO  server.RaftServerConfigKeys (ConfUtils.java:logGet(43)) - raft.server.log.statemachine.data.sync = true (default)
2019-10-20 10:28:09,390 [pool-52-thread-1] INFO  server.RaftServerConfigKeys (ConfUtils.java:logGet(43)) - raft.server.log.statemachine.data.sync.timeout = 10s (default)
2019-10-20 10:28:09,390 [pool-52-thread-1] INFO  server.RaftServerConfigKeys (ConfUtils.java:logGet(43)) - raft.server.log.statemachine.data.sync.timeout.retry = -1 (default)
2019-10-20 10:28:09,391 [pool-52-thread-1] INFO  server.RaftServerConfigKeys (ConfUtils.java:logGet(43)) - raft.server.log.statemachine.data.caching.enabled = true (custom)
2019-10-20 10:28:09,391 [pool-52-thread-1] INFO  segmented.SegmentedRaftLogWorker (SegmentedRaftLogWorker.java:lambda$new$0(128)) - df12c920-952d-4704-9c70-1a288e2f77c7@group-AC8CAC662913-SegmentedRaftLogWorker: flushIndex: setUnconditionally 0 -> -1
2019-10-20 10:28:09,392 [pool-52-thread-1] INFO  server.RaftServerConfigKeys (ConfUtils.java:logGet(43)) - raft.server.snapshot.auto.trigger.enabled = true (custom)
2019-10-20 10:28:09,392 [pool-52-thread-1] INFO  server.RaftServerConfigKeys (ConfUtils.java:logGet(43)) - raft.server.snapshot.auto.trigger.threshold = 10000 (custom)
2019-10-20 10:28:09,392 [pool-52-thread-1] INFO  server.RaftServerConfigKeys (ConfUtils.java:logGet(43)) - raft.server.snapshot.retention.file.num = 5 (custom)
2019-10-20 10:28:09,392 [pool-52-thread-1] INFO  server.RaftServerConfigKeys (ConfUtils.java:logGet(43)) - raft.server.retrycache.expirytime = 600000ms (custom)
2019-10-20 10:28:09,397 [pool-52-thread-1] INFO  impl.RaftServerImpl (RaftServerImpl.java:start(195)) - df12c920-952d-4704-9c70-1a288e2f77c7@group-AC8CAC662913: start as a follower, conf=-1: [df12c920-952d-4704-9c70-1a288e2f77c7:192.168.69.89:43948], old=null
2019-10-20 10:28:09,397 [pool-52-thread-1] INFO  impl.RaftServerImpl (RaftServerImpl.java:setRole(184)) - df12c920-952d-4704-9c70-1a288e2f77c7@group-AC8CAC662913: changes role from      null to FOLLOWER at term 0 for startAsFollower
2019-10-20 10:28:09,397 [pool-52-thread-1] INFO  impl.RoleInfo (RoleInfo.java:updateAndGet(143)) - df12c920-952d-4704-9c70-1a288e2f77c7: start FollowerState
2019-10-20 10:28:09,397 [pool-52-thread-1] INFO  util.JmxRegister (JmxRegister.java:tryRegister(44)) - Successfully registered JMX Bean with object name Ratis:service=RaftServer,group=group-AC8CAC662913,id=df12c920-952d-4704-9c70-1a288e2f77c7
2019-10-20 10:28:09,410 [RatisPipelineUtilsThread] INFO  pipeline.PipelineStateManager (PipelineStateManager.java:addPipeline(56)) - Created pipeline Pipeline[ Id: ab563049-2163-4b8b-8e81-ac8cac662913, Nodes: df12c920-952d-4704-9c70-1a288e2f77c7{ip: 192.168.69.89, host: pr-hdds-2335-x5gnt-184872562, networkLocation: /rack1, certSerialId: null}, Type:RATIS, Factor:ONE, State:OPEN]
2019-10-20 10:28:09,430 [grpc-default-executor-0] INFO  impl.RaftServerProxy (RaftServerProxy.java:addNew(89)) - 3626477e-4d8a-4897-821e-c70ad1c2a38d: addNew group-0666379129A7:[3626477e-4d8a-4897-821e-c70ad1c2a38d:192.168.69.89:39599] returns group-0666379129A7:java.util.concurrent.CompletableFuture@740a99d5[Not completed]
2019-10-20 10:28:09,432 [pool-62-thread-1] INFO  impl.RaftServerImpl (RaftServerImpl.java:<init>(104)) - 3626477e-4d8a-4897-821e-c70ad1c2a38d: new RaftServerImpl for group-0666379129A7:[3626477e-4d8a-4897-821e-c70ad1c2a38d:192.168.69.89:39599] with ContainerStateMachine:uninitialized
2019-10-20 10:28:09,433 [pool-62-thread-1] INFO  server.RaftServerConfigKeys (ConfUtils.java:logGet(43)) - raft.server.rpc.timeout.min = 5s (custom)
2019-10-20 10:28:09,433 [pool-62-thread-1] INFO  server.RaftServerConfigKeys (ConfUtils.java:logGet(43)) - raft.server.rpc.timeout.max = 5200ms (custom)
2019-10-20 10:28:09,433 [pool-62-thread-1] INFO  server.RaftServerConfigKeys (ConfUtils.java:logGet(43)) - raft.server.rpcslowness.timeout = 120s (custom)
2019-10-20 10:28:09,433 [pool-62-thread-1] INFO  server.RaftServerConfigKeys (ConfUtils.java:logGet(43)) - raft.server.sleep.deviation.threshold = 300 (default)
2019-10-20 10:28:09,433 [pool-62-thread-1] INFO  server.RaftServerConfigKeys (ConfUtils.java:logGet(43)) - raft.server.log.appender.install.snapshot.enabled = false (custom)
2019-10-20 10:28:09,433 [pool-62-thread-1] INFO  impl.RaftServerImpl (ServerState.java:<init>(103)) - 3626477e-4d8a-4897-821e-c70ad1c2a38d@group-0666379129A7: ConfigurationManager, init=-1: [3626477e-4d8a-4897-821e-c70ad1c2a38d:192.168.69.89:39599], old=null, confs=<EMPTY_MAP>
2019-10-20 10:28:09,434 [pool-62-thread-1] INFO  server.RaftServerConfigKeys (ConfUtils.java:logGet(43)) - raft.server.storage.dir = [/workdir/hadoop-ozone/integration-test/target/test-dir/MiniOzoneClusterImpl-f8c67304-c3bb-4bf9-9bb2-8ae757b492ce/datanode-3/data/ratis] (custom)
2019-10-20 10:28:09,434 [pool-62-thread-1] INFO  server.RaftServerConfigKeys (ConfUtils.java:logGet(43)) - raft.server.log.corruption.policy = EXCEPTION (default)
2019-10-20 10:28:09,434 [pool-62-thread-1] INFO  storage.RaftStorageDirectory (RaftStorageDirectory.java:analyzeStorage(246)) - The storage directory /workdir/hadoop-ozone/integration-test/target/test-dir/MiniOzoneClusterImpl-f8c67304-c3bb-4bf9-9bb2-8ae757b492ce/datanode-3/data/ratis/b0469aa2-b7e5-4ef2-8499-0666379129a7 does not exist. Creating ...
2019-10-20 10:28:09,447 [pool-62-thread-1] INFO  storage.RaftStorageDirectory (RaftStorageDirectory.java:tryLock(328)) - Lock on /workdir/hadoop-ozone/integration-test/target/test-dir/MiniOzoneClusterImpl-f8c67304-c3bb-4bf9-9bb2-8ae757b492ce/datanode-3/data/ratis/b0469aa2-b7e5-4ef2-8499-0666379129a7/in_use.lock acquired by nodename 29976@pr-hdds-2335-x5gnt-184872562
2019-10-20 10:28:09,460 [pool-62-thread-1] INFO  storage.RaftStorage (RaftStorage.java:format(84)) - Storage directory /workdir/hadoop-ozone/integration-test/target/test-dir/MiniOzoneClusterImpl-f8c67304-c3bb-4bf9-9bb2-8ae757b492ce/datanode-3/data/ratis/b0469aa2-b7e5-4ef2-8499-0666379129a7 has been successfully formatted.
2019-10-20 10:28:09,461 [pool-62-thread-1] INFO  ratis.ContainerStateMachine (ContainerStateMachine.java:loadSnapshot(231)) - group-0666379129A7: The snapshot info is null. Setting the last applied indexto:(t:0, i:~)
2019-10-20 10:28:09,461 [pool-62-thread-1] INFO  server.RaftServerConfigKeys (ConfUtils.java:logGet(43)) - raft.server.notification.no-leader.timeout = 120s (custom)
2019-10-20 10:28:09,461 [pool-62-thread-1] INFO  server.RaftServerConfigKeys (ConfUtils.java:logGet(43)) - raft.server.log.use.memory = false (default)
2019-10-20 10:28:09,461 [pool-62-thread-1] INFO  server.RaftServerConfigKeys (ConfUtils.java:logGet(43)) - raft.server.log.purge.gap = 1000000 (custom)
2019-10-20 10:28:09,461 [pool-62-thread-1] INFO  server.RaftServerConfigKeys (ConfUtils.java:logGet(43)) - raft.server.log.appender.buffer.byte-limit = 33554432 (custom)
2019-10-20 10:28:09,461 [pool-62-thread-1] INFO  server.RaftServerConfigKeys (ConfUtils.java:logGet(43)) - raft.server.log.segment.size.max = 1048576 (custom)
2019-10-20 10:28:09,464 [pool-62-thread-1] INFO  server.RaftServerConfigKeys (ConfUtils.java:logGet(43)) - raft.server.log.segment.cache.num.max = 2 (custom)
2019-10-20 10:28:09,464 [pool-62-thread-1] INFO  segmented.SegmentedRaftLogWorker (SegmentedRaftLogWorker.java:<init>(173)) - new 3626477e-4d8a-4897-821e-c70ad1c2a38d@group-0666379129A7-SegmentedRaftLogWorker for RaftStorage:Storage Directory /workdir/hadoop-ozone/integration-test/target/test-dir/MiniOzoneClusterImpl-f8c67304-c3bb-4bf9-9bb2-8ae757b492ce/datanode-3/data/ratis/b0469aa2-b7e5-4ef2-8499-0666379129a7
2019-10-20 10:28:09,464 [pool-62-thread-1] INFO  server.RaftServerConfigKeys (ConfUtils.java:logGet(43)) - raft.server.log.queue.byte-limit = 2147483647 (custom)
2019-10-20 10:28:09,464 [pool-62-thread-1] INFO  server.RaftServerConfigKeys (ConfUtils.java:logGet(43)) - raft.server.log.queue.element-limit = 1024 (custom)
2019-10-20 10:28:09,464 [pool-62-thread-1] INFO  server.RaftServerConfigKeys (ConfUtils.java:logGet(43)) - raft.server.log.segment.size.max = 1048576 (custom)
2019-10-20 10:28:09,464 [pool-62-thread-1] INFO  server.RaftServerConfigKeys (ConfUtils.java:logGet(43)) - raft.server.log.preallocated.size = 16384 (custom)
2019-10-20 10:28:09,465 [pool-62-thread-1] INFO  server.RaftServerConfigKeys (ConfUtils.java:logGet(43)) - raft.server.log.write.buffer.size = 33554432 (custom)
2019-10-20 10:28:09,465 [pool-62-thread-1] INFO  server.RaftServerConfigKeys (ConfUtils.java:logGet(43)) - raft.server.log.force.sync.num = 128 (default)
2019-10-20 10:28:09,465 [pool-62-thread-1] INFO  server.RaftServerConfigKeys (ConfUtils.java:logGet(43)) - raft.server.log.statemachine.data.sync = true (default)
2019-10-20 10:28:09,465 [pool-62-thread-1] INFO  server.RaftServerConfigKeys (ConfUtils.java:logGet(43)) - raft.server.log.statemachine.data.sync.timeout = 10s (default)
2019-10-20 10:28:09,465 [pool-62-thread-1] INFO  server.RaftServerConfigKeys (ConfUtils.java:logGet(43)) - raft.server.log.statemachine.data.sync.timeout.retry = -1 (default)
2019-10-20 10:28:09,466 [pool-62-thread-1] INFO  server.RaftServerConfigKeys (ConfUtils.java:logGet(43)) - raft.server.log.statemachine.data.caching.enabled = true (custom)
2019-10-20 10:28:09,466 [pool-62-thread-1] INFO  segmented.SegmentedRaftLogWorker (SegmentedRaftLogWorker.java:lambda$new$0(128)) - 3626477e-4d8a-4897-821e-c70ad1c2a38d@group-0666379129A7-SegmentedRaftLogWorker: flushIndex: setUnconditionally 0 -> -1
2019-10-20 10:28:09,466 [pool-62-thread-1] INFO  server.RaftServerConfigKeys (ConfUtils.java:logGet(43)) - raft.server.snapshot.auto.trigger.enabled = true (custom)
2019-10-20 10:28:09,467 [pool-62-thread-1] INFO  server.RaftServerConfigKeys (ConfUtils.java:logGet(43)) - raft.server.snapshot.auto.trigger.threshold = 10000 (custom)
2019-10-20 10:28:09,467 [pool-62-thread-1] INFO  server.RaftServerConfigKeys (ConfUtils.java:logGet(43)) - raft.server.snapshot.retention.file.num = 5 (custom)
2019-10-20 10:28:09,467 [pool-62-thread-1] INFO  server.RaftServerConfigKeys (ConfUtils.java:logGet(43)) - raft.server.retrycache.expirytime = 600000ms (custom)
2019-10-20 10:28:09,473 [pool-62-thread-1] INFO  impl.RaftServerImpl (RaftServerImpl.java:start(195)) - 3626477e-4d8a-4897-821e-c70ad1c2a38d@group-0666379129A7: start as a follower, conf=-1: [3626477e-4d8a-4897-821e-c70ad1c2a38d:192.168.69.89:39599], old=null
2019-10-20 10:28:09,473 [pool-62-thread-1] INFO  impl.RaftServerImpl (RaftServerImpl.java:setRole(184)) - 3626477e-4d8a-4897-821e-c70ad1c2a38d@group-0666379129A7: changes role from      null to FOLLOWER at term 0 for startAsFollower
2019-10-20 10:28:09,473 [pool-62-thread-1] INFO  impl.RoleInfo (RoleInfo.java:updateAndGet(143)) - 3626477e-4d8a-4897-821e-c70ad1c2a38d: start FollowerState
2019-10-20 10:28:09,474 [pool-62-thread-1] INFO  util.JmxRegister (JmxRegister.java:tryRegister(44)) - Successfully registered JMX Bean with object name Ratis:service=RaftServer,group=group-0666379129A7,id=3626477e-4d8a-4897-821e-c70ad1c2a38d
2019-10-20 10:28:09,482 [Thread-206] INFO  impl.FollowerState (FollowerState.java:run(108)) - 875da3d9-0dec-46c7-88bf-73f7a2372b64@group-87A2375FA410-FollowerState: change to CANDIDATE, lastRpcTime:176ms, electionTimeout:176ms
2019-10-20 10:28:09,483 [Thread-206] INFO  impl.RoleInfo (RoleInfo.java:shutdownFollowerState(121)) - 875da3d9-0dec-46c7-88bf-73f7a2372b64: shutdown FollowerState
2019-10-20 10:28:09,485 [Thread-206] INFO  impl.RaftServerImpl (RaftServerImpl.java:setRole(184)) - 875da3d9-0dec-46c7-88bf-73f7a2372b64@group-87A2375FA410: changes role from  FOLLOWER to CANDIDATE at term 0 for changeToCandidate
2019-10-20 10:28:09,486 [Thread-206] INFO  impl.RoleInfo (RoleInfo.java:updateAndGet(143)) - 875da3d9-0dec-46c7-88bf-73f7a2372b64: start LeaderElection
2019-10-20 10:28:09,488 [RatisPipelineUtilsThread] INFO  pipeline.PipelineStateManager (PipelineStateManager.java:addPipeline(56)) - Created pipeline Pipeline[ Id: b0469aa2-b7e5-4ef2-8499-0666379129a7, Nodes: 3626477e-4d8a-4897-821e-c70ad1c2a38d{ip: 192.168.69.89, host: pr-hdds-2335-x5gnt-184872562, networkLocation: /rack1, certSerialId: null}, Type:RATIS, Factor:ONE, State:OPEN]
2019-10-20 10:28:09,502 [875da3d9-0dec-46c7-88bf-73f7a2372b64@group-87A2375FA410-LeaderElection3] INFO  impl.LeaderElection (LeaderElection.java:askForVotes(178)) - 875da3d9-0dec-46c7-88bf-73f7a2372b64@group-87A2375FA410-LeaderElection3: begin an election at term 1 for -1: [875da3d9-0dec-46c7-88bf-73f7a2372b64:192.168.69.89:39990], old=null
2019-10-20 10:28:09,503 [875da3d9-0dec-46c7-88bf-73f7a2372b64@group-87A2375FA410-LeaderElection3] INFO  impl.RoleInfo (RoleInfo.java:shutdownLeaderElection(134)) - 875da3d9-0dec-46c7-88bf-73f7a2372b64: shutdown LeaderElection
2019-10-20 10:28:09,503 [875da3d9-0dec-46c7-88bf-73f7a2372b64@group-87A2375FA410-LeaderElection3] INFO  impl.RaftServerImpl (RaftServerImpl.java:setRole(184)) - 875da3d9-0dec-46c7-88bf-73f7a2372b64@group-87A2375FA410: changes role from CANDIDATE to LEADER at term 1 for changeToLeader
2019-10-20 10:28:09,504 [875da3d9-0dec-46c7-88bf-73f7a2372b64@group-87A2375FA410-LeaderElection3] INFO  impl.RaftServerImpl (ServerState.java:setLeader(256)) - 875da3d9-0dec-46c7-88bf-73f7a2372b64@group-87A2375FA410: change Leader from null to 875da3d9-0dec-46c7-88bf-73f7a2372b64 at term 1 for becomeLeader, leader elected after 213ms
2019-10-20 10:28:09,505 [875da3d9-0dec-46c7-88bf-73f7a2372b64@group-87A2375FA410-LeaderElection3] INFO  server.RaftServerConfigKeys (ConfUtils.java:logGet(43)) - raft.server.staging.catchup.gap = 1000 (default)
2019-10-20 10:28:09,505 [875da3d9-0dec-46c7-88bf-73f7a2372b64@group-87A2375FA410-LeaderElection3] INFO  server.RaftServerConfigKeys (ConfUtils.java:logGet(43)) - raft.server.rpc.sleep.time = 25ms (default)
2019-10-20 10:28:09,507 [875da3d9-0dec-46c7-88bf-73f7a2372b64@group-87A2375FA410-LeaderElection3] INFO  server.RaftServerConfigKeys (ConfUtils.java:logGet(43)) - raft.server.write.element-limit = 4096 (default)
2019-10-20 10:28:09,508 [875da3d9-0dec-46c7-88bf-73f7a2372b64@group-87A2375FA410-LeaderElection3] INFO  server.RaftServerConfigKeys (ConfUtils.java:logGet(43)) - raft.server.watch.timeout = 10s (default)
2019-10-20 10:28:09,510 [875da3d9-0dec-46c7-88bf-73f7a2372b64@group-87A2375FA410-LeaderElection3] INFO  server.RaftServerConfigKeys (ConfUtils.java:logGet(43)) - raft.server.watch.timeout.denomination = 1s (default)
2019-10-20 10:28:09,510 [875da3d9-0dec-46c7-88bf-73f7a2372b64@group-87A2375FA410-LeaderElection3] INFO  server.RaftServerConfigKeys (ConfUtils.java:logGet(43)) - raft.server.watch.element-limit = 65536 (default)
2019-10-20 10:28:09,523 [Thread-209] INFO  impl.FollowerState (FollowerState.java:run(108)) - df12c920-952d-4704-9c70-1a288e2f77c7@group-AC8CAC662913-FollowerState: change to CANDIDATE, lastRpcTime:125ms, electionTimeout:125ms
2019-10-20 10:28:09,523 [Thread-209] INFO  impl.RoleInfo (RoleInfo.java:shutdownFollowerState(121)) - df12c920-952d-4704-9c70-1a288e2f77c7: shutdown FollowerState
2019-10-20 10:28:09,524 [Thread-209] INFO  impl.RaftServerImpl (RaftServerImpl.java:setRole(184)) - df12c920-952d-4704-9c70-1a288e2f77c7@group-AC8CAC662913: changes role from  FOLLOWER to CANDIDATE at term 0 for changeToCandidate
2019-10-20 10:28:09,524 [Thread-209] INFO  impl.RoleInfo (RoleInfo.java:updateAndGet(143)) - df12c920-952d-4704-9c70-1a288e2f77c7: start LeaderElection
2019-10-20 10:28:09,524 [875da3d9-0dec-46c7-88bf-73f7a2372b64@group-87A2375FA410-LeaderElection3] INFO  impl.RoleInfo (RoleInfo.java:updateAndGet(143)) - 875da3d9-0dec-46c7-88bf-73f7a2372b64: start LeaderState
2019-10-20 10:28:09,528 [875da3d9-0dec-46c7-88bf-73f7a2372b64@group-87A2375FA410-LeaderElection3] INFO  segmented.SegmentedRaftLogWorker (SegmentedRaftLogWorker.java:startLogSegment(385)) - 875da3d9-0dec-46c7-88bf-73f7a2372b64@group-87A2375FA410-SegmentedRaftLogWorker: Starting segment from index:0
2019-10-20 10:28:09,528 [grpc-default-executor-2] INFO  impl.RaftServerProxy (RaftServerProxy.java:addNew(89)) - 875da3d9-0dec-46c7-88bf-73f7a2372b64: addNew group-75987F7FE399:[875da3d9-0dec-46c7-88bf-73f7a2372b64:192.168.69.89:39990, df12c920-952d-4704-9c70-1a288e2f77c7:192.168.69.89:43948, 9ceef694-dbcf-4070-b7b1-3b3c65b6a699:192.168.69.89:36536] returns group-75987F7FE399:java.util.concurrent.CompletableFuture@14e72374[Not completed]
2019-10-20 10:28:09,528 [grpc-default-executor-1] INFO  impl.RaftServerProxy (RaftServerProxy.java:addNew(89)) - 9ceef694-dbcf-4070-b7b1-3b3c65b6a699: addNew group-75987F7FE399:[875da3d9-0dec-46c7-88bf-73f7a2372b64:192.168.69.89:39990, df12c920-952d-4704-9c70-1a288e2f77c7:192.168.69.89:43948, 9ceef694-dbcf-4070-b7b1-3b3c65b6a699:192.168.69.89:36536] returns group-75987F7FE399:java.util.concurrent.CompletableFuture@b7c7f85[Not completed]
2019-10-20 10:28:09,528 [875da3d9-0dec-46c7-88bf-73f7a2372b64@group-87A2375FA410-LeaderElection3] INFO  impl.RaftServerImpl (ServerState.java:setRaftConf(357)) - 875da3d9-0dec-46c7-88bf-73f7a2372b64@group-87A2375FA410: set configuration 0: [875da3d9-0dec-46c7-88bf-73f7a2372b64:192.168.69.89:39990], old=null at 0
2019-10-20 10:28:09,528 [grpc-default-executor-0] INFO  impl.RaftServerProxy (RaftServerProxy.java:addNew(89)) - df12c920-952d-4704-9c70-1a288e2f77c7: addNew group-75987F7FE399:[875da3d9-0dec-46c7-88bf-73f7a2372b64:192.168.69.89:39990, df12c920-952d-4704-9c70-1a288e2f77c7:192.168.69.89:43948, 9ceef694-dbcf-4070-b7b1-3b3c65b6a699:192.168.69.89:36536] returns group-75987F7FE399:java.util.concurrent.CompletableFuture@1aa6e595[Not completed]
2019-10-20 10:28:09,557 [df12c920-952d-4704-9c70-1a288e2f77c7@group-AC8CAC662913-LeaderElection4] INFO  impl.LeaderElection (LeaderElection.java:askForVotes(178)) - df12c920-952d-4704-9c70-1a288e2f77c7@group-AC8CAC662913-LeaderElection4: begin an election at term 1 for -1: [df12c920-952d-4704-9c70-1a288e2f77c7:192.168.69.89:43948], old=null
2019-10-20 10:28:09,558 [df12c920-952d-4704-9c70-1a288e2f77c7@group-AC8CAC662913-LeaderElection4] INFO  impl.RoleInfo (RoleInfo.java:shutdownLeaderElection(134)) - df12c920-952d-4704-9c70-1a288e2f77c7: shutdown LeaderElection
2019-10-20 10:28:09,558 [df12c920-952d-4704-9c70-1a288e2f77c7@group-AC8CAC662913-LeaderElection4] INFO  impl.RaftServerImpl (RaftServerImpl.java:setRole(184)) - df12c920-952d-4704-9c70-1a288e2f77c7@group-AC8CAC662913: changes role from CANDIDATE to LEADER at term 1 for changeToLeader
2019-10-20 10:28:09,558 [df12c920-952d-4704-9c70-1a288e2f77c7@group-AC8CAC662913-LeaderElection4] INFO  impl.RaftServerImpl (ServerState.java:setLeader(256)) - df12c920-952d-4704-9c70-1a288e2f77c7@group-AC8CAC662913: change Leader from null to df12c920-952d-4704-9c70-1a288e2f77c7 at term 1 for becomeLeader, leader elected after 172ms
2019-10-20 10:28:09,559 [df12c920-952d-4704-9c70-1a288e2f77c7@group-AC8CAC662913-LeaderElection4] INFO  server.RaftServerConfigKeys (ConfUtils.java:logGet(43)) - raft.server.staging.catchup.gap = 1000 (default)
2019-10-20 10:28:09,559 [df12c920-952d-4704-9c70-1a288e2f77c7@group-AC8CAC662913-LeaderElection4] INFO  server.RaftServerConfigKeys (ConfUtils.java:logGet(43)) - raft.server.rpc.sleep.time = 25ms (default)
2019-10-20 10:28:09,559 [pool-32-thread-1] INFO  impl.RaftServerImpl (RaftServerImpl.java:<init>(104)) - 9ceef694-dbcf-4070-b7b1-3b3c65b6a699: new RaftServerImpl for group-75987F7FE399:[875da3d9-0dec-46c7-88bf-73f7a2372b64:192.168.69.89:39990, df12c920-952d-4704-9c70-1a288e2f77c7:192.168.69.89:43948, 9ceef694-dbcf-4070-b7b1-3b3c65b6a699:192.168.69.89:36536] with ContainerStateMachine:uninitialized
2019-10-20 10:28:09,559 [pool-32-thread-1] INFO  server.RaftServerConfigKeys (ConfUtils.java:logGet(43)) - raft.server.rpc.timeout.min = 5s (custom)
2019-10-20 10:28:09,559 [df12c920-952d-4704-9c70-1a288e2f77c7@group-AC8CAC662913-LeaderElection4] INFO  server.RaftServerConfigKeys (ConfUtils.java:logGet(43)) - raft.server.write.element-limit = 4096 (default)
2019-10-20 10:28:09,559 [pool-32-thread-1] INFO  server.RaftServerConfigKeys (ConfUtils.java:logGet(43)) - raft.server.rpc.timeout.max = 5200ms (custom)
2019-10-20 10:28:09,559 [df12c920-952d-4704-9c70-1a288e2f77c7@group-AC8CAC662913-LeaderElection4] INFO  server.RaftServerConfigKeys (ConfUtils.java:logGet(43)) - raft.server.watch.timeout = 10s (default)
2019-10-20 10:28:09,559 [pool-32-thread-1] INFO  server.RaftServerConfigKeys (ConfUtils.java:logGet(43)) - raft.server.rpcslowness.timeout = 120s (custom)
2019-10-20 10:28:09,560 [df12c920-952d-4704-9c70-1a288e2f77c7@group-AC8CAC662913-LeaderElection4] INFO  server.RaftServerConfigKeys (ConfUtils.java:logGet(43)) - raft.server.watch.timeout.denomination = 1s (default)
2019-10-20 10:28:09,560 [pool-32-thread-1] INFO  server.RaftServerConfigKeys (ConfUtils.java:logGet(43)) - raft.server.sleep.deviation.threshold = 300 (default)
2019-10-20 10:28:09,560 [df12c920-952d-4704-9c70-1a288e2f77c7@group-AC8CAC662913-LeaderElection4] INFO  server.RaftServerConfigKeys (ConfUtils.java:logGet(43)) - raft.server.watch.element-limit = 65536 (default)
2019-10-20 10:28:09,560 [pool-32-thread-1] INFO  server.RaftServerConfigKeys (ConfUtils.java:logGet(43)) - raft.server.log.appender.install.snapshot.enabled = false (custom)
2019-10-20 10:28:09,560 [pool-32-thread-1] INFO  impl.RaftServerImpl (ServerState.java:<init>(103)) - 9ceef694-dbcf-4070-b7b1-3b3c65b6a699@group-75987F7FE399: ConfigurationManager, init=-1: [875da3d9-0dec-46c7-88bf-73f7a2372b64:192.168.69.89:39990, df12c920-952d-4704-9c70-1a288e2f77c7:192.168.69.89:43948, 9ceef694-dbcf-4070-b7b1-3b3c65b6a699:192.168.69.89:36536], old=null, confs=<EMPTY_MAP>
2019-10-20 10:28:09,560 [pool-52-thread-1] INFO  impl.RaftServerImpl (RaftServerImpl.java:<init>(104)) - df12c920-952d-4704-9c70-1a288e2f77c7: new RaftServerImpl for group-75987F7FE399:[875da3d9-0dec-46c7-88bf-73f7a2372b64:192.168.69.89:39990, df12c920-952d-4704-9c70-1a288e2f77c7:192.168.69.89:43948, 9ceef694-dbcf-4070-b7b1-3b3c65b6a699:192.168.69.89:36536] with ContainerStateMachine:uninitialized
2019-10-20 10:28:09,560 [pool-32-thread-1] INFO  server.RaftServerConfigKeys (ConfUtils.java:logGet(43)) - raft.server.storage.dir = [/workdir/hadoop-ozone/integration-test/target/test-dir/MiniOzoneClusterImpl-f8c67304-c3bb-4bf9-9bb2-8ae757b492ce/datanode-0/data/ratis] (custom)
2019-10-20 10:28:09,560 [pool-52-thread-1] INFO  server.RaftServerConfigKeys (ConfUtils.java:logGet(43)) - raft.server.rpc.timeout.min = 5s (custom)
2019-10-20 10:28:09,561 [pool-52-thread-1] INFO  server.RaftServerConfigKeys (ConfUtils.java:logGet(43)) - raft.server.rpc.timeout.max = 5200ms (custom)
2019-10-20 10:28:09,561 [pool-32-thread-1] INFO  server.RaftServerConfigKeys (ConfUtils.java:logGet(43)) - raft.server.log.corruption.policy = EXCEPTION (default)
2019-10-20 10:28:09,561 [pool-52-thread-1] INFO  server.RaftServerConfigKeys (ConfUtils.java:logGet(43)) - raft.server.rpcslowness.timeout = 120s (custom)
2019-10-20 10:28:09,561 [pool-32-thread-1] INFO  storage.RaftStorageDirectory (RaftStorageDirectory.java:analyzeStorage(246)) - The storage directory /workdir/hadoop-ozone/integration-test/target/test-dir/MiniOzoneClusterImpl-f8c67304-c3bb-4bf9-9bb2-8ae757b492ce/datanode-0/data/ratis/7190d325-5f31-402e-91c1-75987f7fe399 does not exist. Creating ...
2019-10-20 10:28:09,561 [pool-52-thread-1] INFO  server.RaftServerConfigKeys (ConfUtils.java:logGet(43)) - raft.server.sleep.deviation.threshold = 300 (default)
2019-10-20 10:28:09,561 [pool-52-thread-1] INFO  server.RaftServerConfigKeys (ConfUtils.java:logGet(43)) - raft.server.log.appender.install.snapshot.enabled = false (custom)
2019-10-20 10:28:09,561 [pool-52-thread-1] INFO  impl.RaftServerImpl (ServerState.java:<init>(103)) - df12c920-952d-4704-9c70-1a288e2f77c7@group-75987F7FE399: ConfigurationManager, init=-1: [875da3d9-0dec-46c7-88bf-73f7a2372b64:192.168.69.89:39990, df12c920-952d-4704-9c70-1a288e2f77c7:192.168.69.89:43948, 9ceef694-dbcf-4070-b7b1-3b3c65b6a699:192.168.69.89:36536], old=null, confs=<EMPTY_MAP>
2019-10-20 10:28:09,562 [pool-52-thread-1] INFO  server.RaftServerConfigKeys (ConfUtils.java:logGet(43)) - raft.server.storage.dir = [/workdir/hadoop-ozone/integration-test/target/test-dir/MiniOzoneClusterImpl-f8c67304-c3bb-4bf9-9bb2-8ae757b492ce/datanode-2/data/ratis] (custom)
2019-10-20 10:28:09,562 [pool-42-thread-1] INFO  impl.RaftServerImpl (RaftServerImpl.java:<init>(104)) - 875da3d9-0dec-46c7-88bf-73f7a2372b64: new RaftServerImpl for group-75987F7FE399:[875da3d9-0dec-46c7-88bf-73f7a2372b64:192.168.69.89:39990, df12c920-952d-4704-9c70-1a288e2f77c7:192.168.69.89:43948, 9ceef694-dbcf-4070-b7b1-3b3c65b6a699:192.168.69.89:36536] with ContainerStateMachine:uninitialized
2019-10-20 10:28:09,562 [pool-52-thread-1] INFO  server.RaftServerConfigKeys (ConfUtils.java:logGet(43)) - raft.server.log.corruption.policy = EXCEPTION (default)
2019-10-20 10:28:09,562 [pool-42-thread-1] INFO  server.RaftServerConfigKeys (ConfUtils.java:logGet(43)) - raft.server.rpc.timeout.min = 5s (custom)
2019-10-20 10:28:09,562 [pool-52-thread-1] INFO  storage.RaftStorageDirectory (RaftStorageDirectory.java:analyzeStorage(246)) - The storage directory /workdir/hadoop-ozone/integration-test/target/test-dir/MiniOzoneClusterImpl-f8c67304-c3bb-4bf9-9bb2-8ae757b492ce/datanode-2/data/ratis/7190d325-5f31-402e-91c1-75987f7fe399 does not exist. Creating ...
2019-10-20 10:28:09,562 [pool-42-thread-1] INFO  server.RaftServerConfigKeys (ConfUtils.java:logGet(43)) - raft.server.rpc.timeout.max = 5200ms (custom)
2019-10-20 10:28:09,563 [pool-42-thread-1] INFO  server.RaftServerConfigKeys (ConfUtils.java:logGet(43)) - raft.server.rpcslowness.timeout = 120s (custom)
2019-10-20 10:28:09,563 [pool-42-thread-1] INFO  server.RaftServerConfigKeys (ConfUtils.java:logGet(43)) - raft.server.sleep.deviation.threshold = 300 (default)
2019-10-20 10:28:09,563 [pool-42-thread-1] INFO  server.RaftServerConfigKeys (ConfUtils.java:logGet(43)) - raft.server.log.appender.install.snapshot.enabled = false (custom)
2019-10-20 10:28:09,563 [pool-42-thread-1] INFO  impl.RaftServerImpl (ServerState.java:<init>(103)) - 875da3d9-0dec-46c7-88bf-73f7a2372b64@group-75987F7FE399: ConfigurationManager, init=-1: [875da3d9-0dec-46c7-88bf-73f7a2372b64:192.168.69.89:39990, df12c920-952d-4704-9c70-1a288e2f77c7:192.168.69.89:43948, 9ceef694-dbcf-4070-b7b1-3b3c65b6a699:192.168.69.89:36536], old=null, confs=<EMPTY_MAP>
2019-10-20 10:28:09,563 [pool-42-thread-1] INFO  server.RaftServerConfigKeys (ConfUtils.java:logGet(43)) - raft.server.storage.dir = [/workdir/hadoop-ozone/integration-test/target/test-dir/MiniOzoneClusterImpl-f8c67304-c3bb-4bf9-9bb2-8ae757b492ce/datanode-1/data/ratis] (custom)
2019-10-20 10:28:09,564 [pool-42-thread-1] INFO  server.RaftServerConfigKeys (ConfUtils.java:logGet(43)) - raft.server.log.corruption.policy = EXCEPTION (default)
2019-10-20 10:28:09,564 [pool-42-thread-1] INFO  storage.RaftStorageDirectory (RaftStorageDirectory.java:analyzeStorage(246)) - The storage directory /workdir/hadoop-ozone/integration-test/target/test-dir/MiniOzoneClusterImpl-f8c67304-c3bb-4bf9-9bb2-8ae757b492ce/datanode-1/data/ratis/7190d325-5f31-402e-91c1-75987f7fe399 does not exist. Creating ...
2019-10-20 10:28:09,564 [df12c920-952d-4704-9c70-1a288e2f77c7@group-AC8CAC662913-LeaderElection4] INFO  impl.RoleInfo (RoleInfo.java:updateAndGet(143)) - df12c920-952d-4704-9c70-1a288e2f77c7: start LeaderState
2019-10-20 10:28:09,565 [df12c920-952d-4704-9c70-1a288e2f77c7@group-AC8CAC662913-LeaderElection4] INFO  segmented.SegmentedRaftLogWorker (SegmentedRaftLogWorker.java:startLogSegment(385)) - df12c920-952d-4704-9c70-1a288e2f77c7@group-AC8CAC662913-SegmentedRaftLogWorker: Starting segment from index:0
2019-10-20 10:28:09,566 [df12c920-952d-4704-9c70-1a288e2f77c7@group-AC8CAC662913-LeaderElection4] INFO  impl.RaftServerImpl (ServerState.java:setRaftConf(357)) - df12c920-952d-4704-9c70-1a288e2f77c7@group-AC8CAC662913: set configuration 0: [df12c920-952d-4704-9c70-1a288e2f77c7:192.168.69.89:43948], old=null at 0
2019-10-20 10:28:09,598 [pool-52-thread-1] INFO  storage.RaftStorageDirectory (RaftStorageDirectory.java:tryLock(328)) - Lock on /workdir/hadoop-ozone/integration-test/target/test-dir/MiniOzoneClusterImpl-f8c67304-c3bb-4bf9-9bb2-8ae757b492ce/datanode-2/data/ratis/7190d325-5f31-402e-91c1-75987f7fe399/in_use.lock acquired by nodename 29976@pr-hdds-2335-x5gnt-184872562
2019-10-20 10:28:09,598 [875da3d9-0dec-46c7-88bf-73f7a2372b64@group-87A2375FA410-SegmentedRaftLogWorker] INFO  segmented.SegmentedRaftLogWorker (SegmentedRaftLogWorker.java:execute(576)) - 875da3d9-0dec-46c7-88bf-73f7a2372b64@group-87A2375FA410-SegmentedRaftLogWorker: created new log segment /workdir/hadoop-ozone/integration-test/target/test-dir/MiniOzoneClusterImpl-f8c67304-c3bb-4bf9-9bb2-8ae757b492ce/datanode-1/data/ratis/d3946d6b-8002-4bd3-bfde-87a2375fa410/current/log_inprogress_0
2019-10-20 10:28:09,598 [pool-32-thread-1] INFO  storage.RaftStorageDirectory (RaftStorageDirectory.java:tryLock(328)) - Lock on /workdir/hadoop-ozone/integration-test/target/test-dir/MiniOzoneClusterImpl-f8c67304-c3bb-4bf9-9bb2-8ae757b492ce/datanode-0/data/ratis/7190d325-5f31-402e-91c1-75987f7fe399/in_use.lock acquired by nodename 29976@pr-hdds-2335-x5gnt-184872562
2019-10-20 10:28:09,598 [pool-42-thread-1] INFO  storage.RaftStorageDirectory (RaftStorageDirectory.java:tryLock(328)) - Lock on /workdir/hadoop-ozone/integration-test/target/test-dir/MiniOzoneClusterImpl-f8c67304-c3bb-4bf9-9bb2-8ae757b492ce/datanode-1/data/ratis/7190d325-5f31-402e-91c1-75987f7fe399/in_use.lock acquired by nodename 29976@pr-hdds-2335-x5gnt-184872562
2019-10-20 10:28:09,611 [df12c920-952d-4704-9c70-1a288e2f77c7@group-AC8CAC662913-SegmentedRaftLogWorker] INFO  segmented.SegmentedRaftLogWorker (SegmentedRaftLogWorker.java:execute(576)) - df12c920-952d-4704-9c70-1a288e2f77c7@group-AC8CAC662913-SegmentedRaftLogWorker: created new log segment /workdir/hadoop-ozone/integration-test/target/test-dir/MiniOzoneClusterImpl-f8c67304-c3bb-4bf9-9bb2-8ae757b492ce/datanode-2/data/ratis/ab563049-2163-4b8b-8e81-ac8cac662913/current/log_inprogress_0
2019-10-20 10:28:09,611 [pool-42-thread-1] INFO  storage.RaftStorage (RaftStorage.java:format(84)) - Storage directory /workdir/hadoop-ozone/integration-test/target/test-dir/MiniOzoneClusterImpl-f8c67304-c3bb-4bf9-9bb2-8ae757b492ce/datanode-1/data/ratis/7190d325-5f31-402e-91c1-75987f7fe399 has been successfully formatted.
2019-10-20 10:28:09,611 [pool-52-thread-1] INFO  storage.RaftStorage (RaftStorage.java:format(84)) - Storage directory /workdir/hadoop-ozone/integration-test/target/test-dir/MiniOzoneClusterImpl-f8c67304-c3bb-4bf9-9bb2-8ae757b492ce/datanode-2/data/ratis/7190d325-5f31-402e-91c1-75987f7fe399 has been successfully formatted.
2019-10-20 10:28:09,611 [pool-32-thread-1] INFO  storage.RaftStorage (RaftStorage.java:format(84)) - Storage directory /workdir/hadoop-ozone/integration-test/target/test-dir/MiniOzoneClusterImpl-f8c67304-c3bb-4bf9-9bb2-8ae757b492ce/datanode-0/data/ratis/7190d325-5f31-402e-91c1-75987f7fe399 has been successfully formatted.
2019-10-20 10:28:09,612 [pool-42-thread-1] INFO  ratis.ContainerStateMachine (ContainerStateMachine.java:loadSnapshot(231)) - group-75987F7FE399: The snapshot info is null. Setting the last applied indexto:(t:0, i:~)
2019-10-20 10:28:09,612 [pool-52-thread-1] INFO  ratis.ContainerStateMachine (ContainerStateMachine.java:loadSnapshot(231)) - group-75987F7FE399: The snapshot info is null. Setting the last applied indexto:(t:0, i:~)
2019-10-20 10:28:09,612 [pool-42-thread-1] INFO  server.RaftServerConfigKeys (ConfUtils.java:logGet(43)) - raft.server.notification.no-leader.timeout = 120s (custom)
2019-10-20 10:28:09,612 [pool-32-thread-1] INFO  ratis.ContainerStateMachine (ContainerStateMachine.java:loadSnapshot(231)) - group-75987F7FE399: The snapshot info is null. Setting the last applied indexto:(t:0, i:~)
2019-10-20 10:28:09,612 [pool-42-thread-1] INFO  server.RaftServerConfigKeys (ConfUtils.java:logGet(43)) - raft.server.log.use.memory = false (default)
2019-10-20 10:28:09,613 [pool-32-thread-1] INFO  server.RaftServerConfigKeys (ConfUtils.java:logGet(43)) - raft.server.notification.no-leader.timeout = 120s (custom)
2019-10-20 10:28:09,612 [pool-52-thread-1] INFO  server.RaftServerConfigKeys (ConfUtils.java:logGet(43)) - raft.server.notification.no-leader.timeout = 120s (custom)
2019-10-20 10:28:09,613 [pool-32-thread-1] INFO  server.RaftServerConfigKeys (ConfUtils.java:logGet(43)) - raft.server.log.use.memory = false (default)
2019-10-20 10:28:09,613 [pool-42-thread-1] INFO  server.RaftServerConfigKeys (ConfUtils.java:logGet(43)) - raft.server.log.purge.gap = 1000000 (custom)
2019-10-20 10:28:09,613 [pool-32-thread-1] INFO  server.RaftServerConfigKeys (ConfUtils.java:logGet(43)) - raft.server.log.purge.gap = 1000000 (custom)
2019-10-20 10:28:09,613 [pool-52-thread-1] INFO  server.RaftServerConfigKeys (ConfUtils.java:logGet(43)) - raft.server.log.use.memory = false (default)
2019-10-20 10:28:09,613 [pool-32-thread-1] INFO  server.RaftServerConfigKeys (ConfUtils.java:logGet(43)) - raft.server.log.appender.buffer.byte-limit = 33554432 (custom)
2019-10-20 10:28:09,613 [pool-42-thread-1] INFO  server.RaftServerConfigKeys (ConfUtils.java:logGet(43)) - raft.server.log.appender.buffer.byte-limit = 33554432 (custom)
2019-10-20 10:28:09,614 [pool-32-thread-1] INFO  server.RaftServerConfigKeys (ConfUtils.java:logGet(43)) - raft.server.log.segment.size.max = 1048576 (custom)
2019-10-20 10:28:09,613 [pool-52-thread-1] INFO  server.RaftServerConfigKeys (ConfUtils.java:logGet(43)) - raft.server.log.purge.gap = 1000000 (custom)
2019-10-20 10:28:09,614 [pool-32-thread-1] INFO  server.RaftServerConfigKeys (ConfUtils.java:logGet(43)) - raft.server.log.segment.cache.num.max = 2 (custom)
2019-10-20 10:28:09,614 [pool-42-thread-1] INFO  server.RaftServerConfigKeys (ConfUtils.java:logGet(43)) - raft.server.log.segment.size.max = 1048576 (custom)
2019-10-20 10:28:09,614 [pool-32-thread-1] INFO  segmented.SegmentedRaftLogWorker (SegmentedRaftLogWorker.java:<init>(173)) - new 9ceef694-dbcf-4070-b7b1-3b3c65b6a699@group-75987F7FE399-SegmentedRaftLogWorker for RaftStorage:Storage Directory /workdir/hadoop-ozone/integration-test/target/test-dir/MiniOzoneClusterImpl-f8c67304-c3bb-4bf9-9bb2-8ae757b492ce/datanode-0/data/ratis/7190d325-5f31-402e-91c1-75987f7fe399
2019-10-20 10:28:09,614 [pool-52-thread-1] INFO  server.RaftServerConfigKeys (ConfUtils.java:logGet(43)) - raft.server.log.appender.buffer.byte-limit = 33554432 (custom)
2019-10-20 10:28:09,614 [pool-32-thread-1] INFO  server.RaftServerConfigKeys (ConfUtils.java:logGet(43)) - raft.server.log.queue.byte-limit = 2147483647 (custom)
2019-10-20 10:28:09,614 [pool-42-thread-1] INFO  server.RaftServerConfigKeys (ConfUtils.java:logGet(43)) - raft.server.log.segment.cache.num.max = 2 (custom)
2019-10-20 10:28:09,615 [pool-32-thread-1] INFO  server.RaftServerConfigKeys (ConfUtils.java:logGet(43)) - raft.server.log.queue.element-limit = 1024 (custom)
2019-10-20 10:28:09,614 [pool-52-thread-1] INFO  server.RaftServerConfigKeys (ConfUtils.java:logGet(43)) - raft.server.log.segment.size.max = 1048576 (custom)
2019-10-20 10:28:09,615 [pool-32-thread-1] INFO  server.RaftServerConfigKeys (ConfUtils.java:logGet(43)) - raft.server.log.segment.size.max = 1048576 (custom)
2019-10-20 10:28:09,615 [pool-42-thread-1] INFO  segmented.SegmentedRaftLogWorker (SegmentedRaftLogWorker.java:<init>(173)) - new 875da3d9-0dec-46c7-88bf-73f7a2372b64@group-75987F7FE399-SegmentedRaftLogWorker for RaftStorage:Storage Directory /workdir/hadoop-ozone/integration-test/target/test-dir/MiniOzoneClusterImpl-f8c67304-c3bb-4bf9-9bb2-8ae757b492ce/datanode-1/data/ratis/7190d325-5f31-402e-91c1-75987f7fe399
2019-10-20 10:28:09,615 [pool-32-thread-1] INFO  server.RaftServerConfigKeys (ConfUtils.java:logGet(43)) - raft.server.log.preallocated.size = 16384 (custom)
2019-10-20 10:28:09,615 [pool-52-thread-1] INFO  server.RaftServerConfigKeys (ConfUtils.java:logGet(43)) - raft.server.log.segment.cache.num.max = 2 (custom)
2019-10-20 10:28:09,616 [pool-32-thread-1] INFO  server.RaftServerConfigKeys (ConfUtils.java:logGet(43)) - raft.server.log.write.buffer.size = 33554432 (custom)
2019-10-20 10:28:09,615 [pool-42-thread-1] INFO  server.RaftServerConfigKeys (ConfUtils.java:logGet(43)) - raft.server.log.queue.byte-limit = 2147483647 (custom)
2019-10-20 10:28:09,616 [pool-32-thread-1] INFO  server.RaftServerConfigKeys (ConfUtils.java:logGet(43)) - raft.server.log.force.sync.num = 128 (default)
2019-10-20 10:28:09,616 [pool-52-thread-1] INFO  segmented.SegmentedRaftLogWorker (SegmentedRaftLogWorker.java:<init>(173)) - new df12c920-952d-4704-9c70-1a288e2f77c7@group-75987F7FE399-SegmentedRaftLogWorker for RaftStorage:Storage Directory /workdir/hadoop-ozone/integration-test/target/test-dir/MiniOzoneClusterImpl-f8c67304-c3bb-4bf9-9bb2-8ae757b492ce/datanode-2/data/ratis/7190d325-5f31-402e-91c1-75987f7fe399
2019-10-20 10:28:09,616 [pool-32-thread-1] INFO  server.RaftServerConfigKeys (ConfUtils.java:logGet(43)) - raft.server.log.statemachine.data.sync = true (default)
2019-10-20 10:28:09,616 [pool-42-thread-1] INFO  server.RaftServerConfigKeys (ConfUtils.java:logGet(43)) - raft.server.log.queue.element-limit = 1024 (custom)
2019-10-20 10:28:09,616 [pool-32-thread-1] INFO  server.RaftServerConfigKeys (ConfUtils.java:logGet(43)) - raft.server.log.statemachine.data.sync.timeout = 10s (default)
2019-10-20 10:28:09,616 [pool-52-thread-1] INFO  server.RaftServerConfigKeys (ConfUtils.java:logGet(43)) - raft.server.log.queue.byte-limit = 2147483647 (custom)
2019-10-20 10:28:09,617 [pool-32-thread-1] INFO  server.RaftServerConfigKeys (ConfUtils.java:logGet(43)) - raft.server.log.statemachine.data.sync.timeout.retry = -1 (default)
2019-10-20 10:28:09,617 [pool-42-thread-1] INFO  server.RaftServerConfigKeys (ConfUtils.java:logGet(43)) - raft.server.log.segment.size.max = 1048576 (custom)
2019-10-20 10:28:09,617 [pool-52-thread-1] INFO  server.RaftServerConfigKeys (ConfUtils.java:logGet(43)) - raft.server.log.queue.element-limit = 1024 (custom)
2019-10-20 10:28:09,618 [pool-42-thread-1] INFO  server.RaftServerConfigKeys (ConfUtils.java:logGet(43)) - raft.server.log.preallocated.size = 16384 (custom)
2019-10-20 10:28:09,618 [pool-32-thread-1] INFO  server.RaftServerConfigKeys (ConfUtils.java:logGet(43)) - raft.server.log.statemachine.data.caching.enabled = true (custom)
2019-10-20 10:28:09,618 [pool-42-thread-1] INFO  server.RaftServerConfigKeys (ConfUtils.java:logGet(43)) - raft.server.log.write.buffer.size = 33554432 (custom)
2019-10-20 10:28:09,618 [pool-52-thread-1] INFO  server.RaftServerConfigKeys (ConfUtils.java:logGet(43)) - raft.server.log.segment.size.max = 1048576 (custom)
2019-10-20 10:28:09,618 [pool-42-thread-1] INFO  server.RaftServerConfigKeys (ConfUtils.java:logGet(43)) - raft.server.log.force.sync.num = 128 (default)
2019-10-20 10:28:09,618 [pool-32-thread-1] INFO  segmented.SegmentedRaftLogWorker (SegmentedRaftLogWorker.java:lambda$new$0(128)) - 9ceef694-dbcf-4070-b7b1-3b3c65b6a699@group-75987F7FE399-SegmentedRaftLogWorker: flushIndex: setUnconditionally 0 -> -1
2019-10-20 10:28:09,618 [pool-52-thread-1] INFO  server.RaftServerConfigKeys (ConfUtils.java:logGet(43)) - raft.server.log.preallocated.size = 16384 (custom)
2019-10-20 10:28:09,619 [pool-42-thread-1] INFO  server.RaftServerConfigKeys (ConfUtils.java:logGet(43)) - raft.server.log.statemachine.data.sync = true (default)
2019-10-20 10:28:09,619 [pool-32-thread-1] INFO  server.RaftServerConfigKeys (ConfUtils.java:logGet(43)) - raft.server.snapshot.auto.trigger.enabled = true (custom)
2019-10-20 10:28:09,619 [pool-52-thread-1] INFO  server.RaftServerConfigKeys (ConfUtils.java:logGet(43)) - raft.server.log.write.buffer.size = 33554432 (custom)
2019-10-20 10:28:09,619 [pool-32-thread-1] INFO  server.RaftServerConfigKeys (ConfUtils.java:logGet(43)) - raft.server.snapshot.auto.trigger.threshold = 10000 (custom)
2019-10-20 10:28:09,619 [pool-42-thread-1] INFO  server.RaftServerConfigKeys (ConfUtils.java:logGet(43)) - raft.server.log.statemachine.data.sync.timeout = 10s (default)
2019-10-20 10:28:09,619 [pool-32-thread-1] INFO  server.RaftServerConfigKeys (ConfUtils.java:logGet(43)) - raft.server.snapshot.retention.file.num = 5 (custom)
2019-10-20 10:28:09,619 [pool-52-thread-1] INFO  server.RaftServerConfigKeys (ConfUtils.java:logGet(43)) - raft.server.log.force.sync.num = 128 (default)
2019-10-20 10:28:09,619 [pool-42-thread-1] INFO  server.RaftServerConfigKeys (ConfUtils.java:logGet(43)) - raft.server.log.statemachine.data.sync.timeout.retry = -1 (default)
2019-10-20 10:28:09,620 [pool-52-thread-1] INFO  server.RaftServerConfigKeys (ConfUtils.java:logGet(43)) - raft.server.log.statemachine.data.sync = true (default)
2019-10-20 10:28:09,620 [pool-42-thread-1] INFO  server.RaftServerConfigKeys (ConfUtils.java:logGet(43)) - raft.server.log.statemachine.data.caching.enabled = true (custom)
2019-10-20 10:28:09,620 [pool-32-thread-1] INFO  server.RaftServerConfigKeys (ConfUtils.java:logGet(43)) - raft.server.retrycache.expirytime = 600000ms (custom)
2019-10-20 10:28:09,620 [pool-52-thread-1] INFO  server.RaftServerConfigKeys (ConfUtils.java:logGet(43)) - raft.server.log.statemachine.data.sync.timeout = 10s (default)
2019-10-20 10:28:09,620 [pool-42-thread-1] INFO  segmented.SegmentedRaftLogWorker (SegmentedRaftLogWorker.java:lambda$new$0(128)) - 875da3d9-0dec-46c7-88bf-73f7a2372b64@group-75987F7FE399-SegmentedRaftLogWorker: flushIndex: setUnconditionally 0 -> -1
2019-10-20 10:28:09,620 [pool-52-thread-1] INFO  server.RaftServerConfigKeys (ConfUtils.java:logGet(43)) - raft.server.log.statemachine.data.sync.timeout.retry = -1 (default)
2019-10-20 10:28:09,620 [pool-42-thread-1] INFO  server.RaftServerConfigKeys (ConfUtils.java:logGet(43)) - raft.server.snapshot.auto.trigger.enabled = true (custom)
2019-10-20 10:28:09,621 [pool-52-thread-1] INFO  server.RaftServerConfigKeys (ConfUtils.java:logGet(43)) - raft.server.log.statemachine.data.caching.enabled = true (custom)
2019-10-20 10:28:09,621 [pool-42-thread-1] INFO  server.RaftServerConfigKeys (ConfUtils.java:logGet(43)) - raft.server.snapshot.auto.trigger.threshold = 10000 (custom)
2019-10-20 10:28:09,621 [pool-42-thread-1] INFO  server.RaftServerConfigKeys (ConfUtils.java:logGet(43)) - raft.server.snapshot.retention.file.num = 5 (custom)
2019-10-20 10:28:09,621 [pool-52-thread-1] INFO  segmented.SegmentedRaftLogWorker (SegmentedRaftLogWorker.java:lambda$new$0(128)) - df12c920-952d-4704-9c70-1a288e2f77c7@group-75987F7FE399-SegmentedRaftLogWorker: flushIndex: setUnconditionally 0 -> -1
2019-10-20 10:28:09,621 [pool-42-thread-1] INFO  server.RaftServerConfigKeys (ConfUtils.java:logGet(43)) - raft.server.retrycache.expirytime = 600000ms (custom)
2019-10-20 10:28:09,621 [pool-52-thread-1] INFO  server.RaftServerConfigKeys (ConfUtils.java:logGet(43)) - raft.server.snapshot.auto.trigger.enabled = true (custom)
2019-10-20 10:28:09,621 [pool-52-thread-1] INFO  server.RaftServerConfigKeys (ConfUtils.java:logGet(43)) - raft.server.snapshot.auto.trigger.threshold = 10000 (custom)
2019-10-20 10:28:09,622 [pool-52-thread-1] INFO  server.RaftServerConfigKeys (ConfUtils.java:logGet(43)) - raft.server.snapshot.retention.file.num = 5 (custom)
2019-10-20 10:28:09,622 [pool-52-thread-1] INFO  server.RaftServerConfigKeys (ConfUtils.java:logGet(43)) - raft.server.retrycache.expirytime = 600000ms (custom)
2019-10-20 10:28:09,625 [pool-32-thread-1] INFO  impl.RaftServerImpl (RaftServerImpl.java:start(195)) - 9ceef694-dbcf-4070-b7b1-3b3c65b6a699@group-75987F7FE399: start as a follower, conf=-1: [875da3d9-0dec-46c7-88bf-73f7a2372b64:192.168.69.89:39990, df12c920-952d-4704-9c70-1a288e2f77c7:192.168.69.89:43948, 9ceef694-dbcf-4070-b7b1-3b3c65b6a699:192.168.69.89:36536], old=null
2019-10-20 10:28:09,626 [pool-32-thread-1] INFO  impl.RaftServerImpl (RaftServerImpl.java:setRole(184)) - 9ceef694-dbcf-4070-b7b1-3b3c65b6a699@group-75987F7FE399: changes role from      null to FOLLOWER at term 0 for startAsFollower
2019-10-20 10:28:09,626 [pool-32-thread-1] INFO  impl.RoleInfo (RoleInfo.java:updateAndGet(143)) - 9ceef694-dbcf-4070-b7b1-3b3c65b6a699: start FollowerState
2019-10-20 10:28:09,626 [pool-42-thread-1] INFO  impl.RaftServerImpl (RaftServerImpl.java:start(195)) - 875da3d9-0dec-46c7-88bf-73f7a2372b64@group-75987F7FE399: start as a follower, conf=-1: [875da3d9-0dec-46c7-88bf-73f7a2372b64:192.168.69.89:39990, df12c920-952d-4704-9c70-1a288e2f77c7:192.168.69.89:43948, 9ceef694-dbcf-4070-b7b1-3b3c65b6a699:192.168.69.89:36536], old=null
2019-10-20 10:28:09,626 [pool-42-thread-1] INFO  impl.RaftServerImpl (RaftServerImpl.java:setRole(184)) - 875da3d9-0dec-46c7-88bf-73f7a2372b64@group-75987F7FE399: changes role from      null to FOLLOWER at term 0 for startAsFollower
2019-10-20 10:28:09,626 [pool-42-thread-1] INFO  impl.RoleInfo (RoleInfo.java:updateAndGet(143)) - 875da3d9-0dec-46c7-88bf-73f7a2372b64: start FollowerState
2019-10-20 10:28:09,627 [pool-52-thread-1] INFO  impl.RaftServerImpl (RaftServerImpl.java:start(195)) - df12c920-952d-4704-9c70-1a288e2f77c7@group-75987F7FE399: start as a follower, conf=-1: [875da3d9-0dec-46c7-88bf-73f7a2372b64:192.168.69.89:39990, df12c920-952d-4704-9c70-1a288e2f77c7:192.168.69.89:43948, 9ceef694-dbcf-4070-b7b1-3b3c65b6a699:192.168.69.89:36536], old=null
2019-10-20 10:28:09,626 [pool-32-thread-1] INFO  util.JmxRegister (JmxRegister.java:tryRegister(44)) - Successfully registered JMX Bean with object name Ratis:service=RaftServer,group=group-75987F7FE399,id=9ceef694-dbcf-4070-b7b1-3b3c65b6a699
2019-10-20 10:28:09,627 [pool-52-thread-1] INFO  impl.RaftServerImpl (RaftServerImpl.java:setRole(184)) - df12c920-952d-4704-9c70-1a288e2f77c7@group-75987F7FE399: changes role from      null to FOLLOWER at term 0 for startAsFollower
2019-10-20 10:28:09,627 [pool-42-thread-1] INFO  util.JmxRegister (JmxRegister.java:tryRegister(44)) - Successfully registered JMX Bean with object name Ratis:service=RaftServer,group=group-75987F7FE399,id=875da3d9-0dec-46c7-88bf-73f7a2372b64
2019-10-20 10:28:09,627 [pool-52-thread-1] INFO  impl.RoleInfo (RoleInfo.java:updateAndGet(143)) - df12c920-952d-4704-9c70-1a288e2f77c7: start FollowerState
2019-10-20 10:28:09,627 [pool-52-thread-1] INFO  util.JmxRegister (JmxRegister.java:tryRegister(44)) - Successfully registered JMX Bean with object name Ratis:service=RaftServer,group=group-75987F7FE399,id=df12c920-952d-4704-9c70-1a288e2f77c7
2019-10-20 10:28:09,646 [Thread-212] INFO  impl.FollowerState (FollowerState.java:run(108)) - 3626477e-4d8a-4897-821e-c70ad1c2a38d@group-0666379129A7-FollowerState: change to CANDIDATE, lastRpcTime:172ms, electionTimeout:170ms
2019-10-20 10:28:09,646 [Thread-212] INFO  impl.RoleInfo (RoleInfo.java:shutdownFollowerState(121)) - 3626477e-4d8a-4897-821e-c70ad1c2a38d: shutdown FollowerState
2019-10-20 10:28:09,647 [Thread-212] INFO  impl.RaftServerImpl (RaftServerImpl.java:setRole(184)) - 3626477e-4d8a-4897-821e-c70ad1c2a38d@group-0666379129A7: changes role from  FOLLOWER to CANDIDATE at term 0 for changeToCandidate
2019-10-20 10:28:09,647 [Thread-212] INFO  impl.RoleInfo (RoleInfo.java:updateAndGet(143)) - 3626477e-4d8a-4897-821e-c70ad1c2a38d: start LeaderElection
2019-10-20 10:28:09,651 [RatisPipelineUtilsThread] INFO  pipeline.PipelineStateManager (PipelineStateManager.java:addPipeline(56)) - Created pipeline Pipeline[ Id: 7190d325-5f31-402e-91c1-75987f7fe399, Nodes: 875da3d9-0dec-46c7-88bf-73f7a2372b64{ip: 192.168.69.89, host: pr-hdds-2335-x5gnt-184872562, networkLocation: /rack1, certSerialId: null}9ceef694-dbcf-4070-b7b1-3b3c65b6a699{ip: 192.168.69.89, host: pr-hdds-2335-x5gnt-184872562, networkLocation: /rack1, certSerialId: null}df12c920-952d-4704-9c70-1a288e2f77c7{ip: 192.168.69.89, host: pr-hdds-2335-x5gnt-184872562, networkLocation: /rack1, certSerialId: null}, Type:RATIS, Factor:THREE, State:OPEN]
2019-10-20 10:28:09,676 [3626477e-4d8a-4897-821e-c70ad1c2a38d@group-0666379129A7-LeaderElection5] INFO  impl.LeaderElection (LeaderElection.java:askForVotes(178)) - 3626477e-4d8a-4897-821e-c70ad1c2a38d@group-0666379129A7-LeaderElection5: begin an election at term 1 for -1: [3626477e-4d8a-4897-821e-c70ad1c2a38d:192.168.69.89:39599], old=null
2019-10-20 10:28:09,676 [3626477e-4d8a-4897-821e-c70ad1c2a38d@group-0666379129A7-LeaderElection5] INFO  impl.RoleInfo (RoleInfo.java:shutdownLeaderElection(134)) - 3626477e-4d8a-4897-821e-c70ad1c2a38d: shutdown LeaderElection
2019-10-20 10:28:09,676 [3626477e-4d8a-4897-821e-c70ad1c2a38d@group-0666379129A7-LeaderElection5] INFO  impl.RaftServerImpl (RaftServerImpl.java:setRole(184)) - 3626477e-4d8a-4897-821e-c70ad1c2a38d@group-0666379129A7: changes role from CANDIDATE to LEADER at term 1 for changeToLeader
2019-10-20 10:28:09,676 [3626477e-4d8a-4897-821e-c70ad1c2a38d@group-0666379129A7-LeaderElection5] INFO  impl.RaftServerImpl (ServerState.java:setLeader(256)) - 3626477e-4d8a-4897-821e-c70ad1c2a38d@group-0666379129A7: change Leader from null to 3626477e-4d8a-4897-821e-c70ad1c2a38d at term 1 for becomeLeader, leader elected after 215ms
2019-10-20 10:28:09,678 [3626477e-4d8a-4897-821e-c70ad1c2a38d@group-0666379129A7-LeaderElection5] INFO  server.RaftServerConfigKeys (ConfUtils.java:logGet(43)) - raft.server.staging.catchup.gap = 1000 (default)
2019-10-20 10:28:09,678 [3626477e-4d8a-4897-821e-c70ad1c2a38d@group-0666379129A7-LeaderElection5] INFO  server.RaftServerConfigKeys (ConfUtils.java:logGet(43)) - raft.server.rpc.sleep.time = 25ms (default)
2019-10-20 10:28:09,678 [3626477e-4d8a-4897-821e-c70ad1c2a38d@group-0666379129A7-LeaderElection5] INFO  server.RaftServerConfigKeys (ConfUtils.java:logGet(43)) - raft.server.write.element-limit = 4096 (default)
2019-10-20 10:28:09,679 [3626477e-4d8a-4897-821e-c70ad1c2a38d@group-0666379129A7-LeaderElection5] INFO  server.RaftServerConfigKeys (ConfUtils.java:logGet(43)) - raft.server.watch.timeout = 10s (default)
2019-10-20 10:28:09,679 [3626477e-4d8a-4897-821e-c70ad1c2a38d@group-0666379129A7-LeaderElection5] INFO  server.RaftServerConfigKeys (ConfUtils.java:logGet(43)) - raft.server.watch.timeout.denomination = 1s (default)
2019-10-20 10:28:09,679 [3626477e-4d8a-4897-821e-c70ad1c2a38d@group-0666379129A7-LeaderElection5] INFO  server.RaftServerConfigKeys (ConfUtils.java:logGet(43)) - raft.server.watch.element-limit = 65536 (default)
2019-10-20 10:28:09,683 [3626477e-4d8a-4897-821e-c70ad1c2a38d@group-0666379129A7-LeaderElection5] INFO  impl.RoleInfo (RoleInfo.java:updateAndGet(143)) - 3626477e-4d8a-4897-821e-c70ad1c2a38d: start LeaderState
2019-10-20 10:28:09,684 [3626477e-4d8a-4897-821e-c70ad1c2a38d@group-0666379129A7-LeaderElection5] INFO  segmented.SegmentedRaftLogWorker (SegmentedRaftLogWorker.java:startLogSegment(385)) - 3626477e-4d8a-4897-821e-c70ad1c2a38d@group-0666379129A7-SegmentedRaftLogWorker: Starting segment from index:0
2019-10-20 10:28:09,685 [3626477e-4d8a-4897-821e-c70ad1c2a38d@group-0666379129A7-LeaderElection5] INFO  impl.RaftServerImpl (ServerState.java:setRaftConf(357)) - 3626477e-4d8a-4897-821e-c70ad1c2a38d@group-0666379129A7: set configuration 0: [3626477e-4d8a-4897-821e-c70ad1c2a38d:192.168.69.89:39599], old=null at 0
2019-10-20 10:28:09,714 [Thread-222] INFO  impl.FollowerState (FollowerState.java:run(108)) - 875da3d9-0dec-46c7-88bf-73f7a2372b64@group-75987F7FE399-FollowerState: change to CANDIDATE, lastRpcTime:87ms, electionTimeout:67ms
2019-10-20 10:28:09,715 [Thread-222] INFO  impl.RoleInfo (RoleInfo.java:shutdownFollowerState(121)) - 875da3d9-0dec-46c7-88bf-73f7a2372b64: shutdown FollowerState
2019-10-20 10:28:09,715 [Thread-222] INFO  impl.RaftServerImpl (RaftServerImpl.java:setRole(184)) - 875da3d9-0dec-46c7-88bf-73f7a2372b64@group-75987F7FE399: changes role from  FOLLOWER to CANDIDATE at term 0 for changeToCandidate
2019-10-20 10:28:09,715 [Thread-222] INFO  impl.RoleInfo (RoleInfo.java:updateAndGet(143)) - 875da3d9-0dec-46c7-88bf-73f7a2372b64: start LeaderElection
2019-10-20 10:28:09,727 [3626477e-4d8a-4897-821e-c70ad1c2a38d@group-0666379129A7-SegmentedRaftLogWorker] INFO  segmented.SegmentedRaftLogWorker (SegmentedRaftLogWorker.java:execute(576)) - 3626477e-4d8a-4897-821e-c70ad1c2a38d@group-0666379129A7-SegmentedRaftLogWorker: created new log segment /workdir/hadoop-ozone/integration-test/target/test-dir/MiniOzoneClusterImpl-f8c67304-c3bb-4bf9-9bb2-8ae757b492ce/datanode-3/data/ratis/b0469aa2-b7e5-4ef2-8499-0666379129a7/current/log_inprogress_0
2019-10-20 10:28:09,727 [875da3d9-0dec-46c7-88bf-73f7a2372b64@group-75987F7FE399-LeaderElection6] INFO  impl.LeaderElection (LeaderElection.java:askForVotes(178)) - 875da3d9-0dec-46c7-88bf-73f7a2372b64@group-75987F7FE399-LeaderElection6: begin an election at term 1 for -1: [875da3d9-0dec-46c7-88bf-73f7a2372b64:192.168.69.89:39990, df12c920-952d-4704-9c70-1a288e2f77c7:192.168.69.89:43948, 9ceef694-dbcf-4070-b7b1-3b3c65b6a699:192.168.69.89:36536], old=null
2019-10-20 10:28:09,756 [grpc-default-executor-0] INFO  impl.RaftServerImpl (RaftServerImpl.java:setRole(184)) - df12c920-952d-4704-9c70-1a288e2f77c7@group-75987F7FE399: changes role from  FOLLOWER to FOLLOWER at term 1 for recognizeCandidate:875da3d9-0dec-46c7-88bf-73f7a2372b64
2019-10-20 10:28:09,756 [grpc-default-executor-1] INFO  impl.RaftServerImpl (RaftServerImpl.java:setRole(184)) - 9ceef694-dbcf-4070-b7b1-3b3c65b6a699@group-75987F7FE399: changes role from  FOLLOWER to FOLLOWER at term 1 for recognizeCandidate:875da3d9-0dec-46c7-88bf-73f7a2372b64
2019-10-20 10:28:09,756 [grpc-default-executor-0] INFO  impl.RoleInfo (RoleInfo.java:shutdownFollowerState(121)) - df12c920-952d-4704-9c70-1a288e2f77c7: shutdown FollowerState
2019-10-20 10:28:09,757 [grpc-default-executor-1] INFO  impl.RoleInfo (RoleInfo.java:shutdownFollowerState(121)) - 9ceef694-dbcf-4070-b7b1-3b3c65b6a699: shutdown FollowerState
2019-10-20 10:28:09,758 [grpc-default-executor-0] INFO  impl.RoleInfo (RoleInfo.java:updateAndGet(143)) - df12c920-952d-4704-9c70-1a288e2f77c7: start FollowerState
2019-10-20 10:28:09,758 [Thread-221] INFO  impl.FollowerState (FollowerState.java:run(117)) - 9ceef694-dbcf-4070-b7b1-3b3c65b6a699@group-75987F7FE399-FollowerState was interrupted: java.lang.InterruptedException: sleep interrupted
2019-10-20 10:28:09,758 [grpc-default-executor-1] INFO  impl.RoleInfo (RoleInfo.java:updateAndGet(143)) - 9ceef694-dbcf-4070-b7b1-3b3c65b6a699: start FollowerState
2019-10-20 10:28:09,786 [Thread-233] INFO  impl.FollowerState (FollowerState.java:run(108)) - 9ceef694-dbcf-4070-b7b1-3b3c65b6a699@group-75987F7FE399-FollowerState: change to CANDIDATE, lastRpcTime:27ms, electionTimeout:25ms
2019-10-20 10:28:09,787 [Thread-233] INFO  impl.RoleInfo (RoleInfo.java:shutdownFollowerState(121)) - 9ceef694-dbcf-4070-b7b1-3b3c65b6a699: shutdown FollowerState
2019-10-20 10:28:09,788 [Thread-233] INFO  impl.RaftServerImpl (RaftServerImpl.java:setRole(184)) - 9ceef694-dbcf-4070-b7b1-3b3c65b6a699@group-75987F7FE399: changes role from  FOLLOWER to CANDIDATE at term 1 for changeToCandidate
2019-10-20 10:28:09,788 [Thread-233] INFO  impl.RoleInfo (RoleInfo.java:updateAndGet(143)) - 9ceef694-dbcf-4070-b7b1-3b3c65b6a699: start LeaderElection
2019-10-20 10:28:09,791 [875da3d9-0dec-46c7-88bf-73f7a2372b64@group-75987F7FE399-LeaderElection6] INFO  impl.LeaderElection (LeaderElection.java:logAndReturn(56)) - 875da3d9-0dec-46c7-88bf-73f7a2372b64@group-75987F7FE399-LeaderElection6: Election PASSED; received 1 response(s) [875da3d9-0dec-46c7-88bf-73f7a2372b64<-9ceef694-dbcf-4070-b7b1-3b3c65b6a699#0:OK-t1] and 0 exception(s); 875da3d9-0dec-46c7-88bf-73f7a2372b64@group-75987F7FE399:t1, leader=null, voted=875da3d9-0dec-46c7-88bf-73f7a2372b64, raftlog=875da3d9-0dec-46c7-88bf-73f7a2372b64@group-75987F7FE399-SegmentedRaftLog:OPENED:c-1,f-1,i0, conf=-1: [875da3d9-0dec-46c7-88bf-73f7a2372b64:192.168.69.89:39990, df12c920-952d-4704-9c70-1a288e2f77c7:192.168.69.89:43948, 9ceef694-dbcf-4070-b7b1-3b3c65b6a699:192.168.69.89:36536], old=null
2019-10-20 10:28:09,792 [875da3d9-0dec-46c7-88bf-73f7a2372b64@group-75987F7FE399-LeaderElection6] INFO  impl.RoleInfo (RoleInfo.java:shutdownLeaderElection(134)) - 875da3d9-0dec-46c7-88bf-73f7a2372b64: shutdown LeaderElection
2019-10-20 10:28:09,792 [875da3d9-0dec-46c7-88bf-73f7a2372b64@group-75987F7FE399-LeaderElection6] INFO  impl.RaftServerImpl (RaftServerImpl.java:setRole(184)) - 875da3d9-0dec-46c7-88bf-73f7a2372b64@group-75987F7FE399: changes role from CANDIDATE to LEADER at term 1 for changeToLeader
2019-10-20 10:28:09,792 [875da3d9-0dec-46c7-88bf-73f7a2372b64@group-75987F7FE399-LeaderElection6] INFO  impl.RaftServerImpl (ServerState.java:setLeader(256)) - 875da3d9-0dec-46c7-88bf-73f7a2372b64@group-75987F7FE399: change Leader from null to 875da3d9-0dec-46c7-88bf-73f7a2372b64 at term 1 for becomeLeader, leader elected after 179ms
2019-10-20 10:28:09,794 [875da3d9-0dec-46c7-88bf-73f7a2372b64@group-75987F7FE399-LeaderElection6] INFO  server.RaftServerConfigKeys (ConfUtils.java:logGet(43)) - raft.server.staging.catchup.gap = 1000 (default)
2019-10-20 10:28:09,794 [875da3d9-0dec-46c7-88bf-73f7a2372b64@group-75987F7FE399-LeaderElection6] INFO  server.RaftServerConfigKeys (ConfUtils.java:logGet(43)) - raft.server.rpc.sleep.time = 25ms (default)
2019-10-20 10:28:09,794 [875da3d9-0dec-46c7-88bf-73f7a2372b64@group-75987F7FE399-LeaderElection6] INFO  server.RaftServerConfigKeys (ConfUtils.java:logGet(43)) - raft.server.write.element-limit = 4096 (default)
2019-10-20 10:28:09,795 [875da3d9-0dec-46c7-88bf-73f7a2372b64@group-75987F7FE399-LeaderElection6] INFO  server.RaftServerConfigKeys (ConfUtils.java:logGet(43)) - raft.server.watch.timeout = 10s (default)
2019-10-20 10:28:09,795 [875da3d9-0dec-46c7-88bf-73f7a2372b64@group-75987F7FE399-LeaderElection6] INFO  server.RaftServerConfigKeys (ConfUtils.java:logGet(43)) - raft.server.watch.timeout.denomination = 1s (default)
2019-10-20 10:28:09,795 [875da3d9-0dec-46c7-88bf-73f7a2372b64@group-75987F7FE399-LeaderElection6] INFO  server.RaftServerConfigKeys (ConfUtils.java:logGet(43)) - raft.server.watch.element-limit = 65536 (default)
2019-10-20 10:28:09,802 [875da3d9-0dec-46c7-88bf-73f7a2372b64@group-75987F7FE399-LeaderElection6] INFO  server.RaftServerConfigKeys (ConfUtils.java:logGet(43)) - raft.server.log.appender.snapshot.chunk.size.max = 16MB (=16777216) (default)
2019-10-20 10:28:09,803 [9ceef694-dbcf-4070-b7b1-3b3c65b6a699@group-75987F7FE399-LeaderElection7] INFO  impl.LeaderElection (LeaderElection.java:askForVotes(178)) - 9ceef694-dbcf-4070-b7b1-3b3c65b6a699@group-75987F7FE399-LeaderElection7: begin an election at term 2 for -1: [875da3d9-0dec-46c7-88bf-73f7a2372b64:192.168.69.89:39990, df12c920-952d-4704-9c70-1a288e2f77c7:192.168.69.89:43948, 9ceef694-dbcf-4070-b7b1-3b3c65b6a699:192.168.69.89:36536], old=null
2019-10-20 10:28:09,803 [875da3d9-0dec-46c7-88bf-73f7a2372b64@group-75987F7FE399-LeaderElection6] INFO  server.RaftServerConfigKeys (ConfUtils.java:logGet(43)) - raft.server.log.appender.buffer.byte-limit = 33554432 (custom)
2019-10-20 10:28:09,811 [875da3d9-0dec-46c7-88bf-73f7a2372b64@group-75987F7FE399-LeaderElection6] INFO  server.RaftServerConfigKeys (ConfUtils.java:logGet(43)) - raft.server.log.appender.buffer.element-limit = 1 (custom)
2019-10-20 10:28:09,820 [main] INFO  ozone.MiniOzoneClusterImpl (MiniOzoneClusterImpl.java:lambda$waitForClusterToBeReady$0(147)) - Cluster is ready. Got 4 of 4 DN Heartbeats.
2019-10-20 10:28:09,823 [875da3d9-0dec-46c7-88bf-73f7a2372b64@group-75987F7FE399-LeaderElection6] INFO  grpc.GrpcConfigKeys$Server (ConfUtils.java:logGet(43)) - raft.grpc.server.leader.outstanding.appends.max = 128 (default)
2019-10-20 10:28:09,823 [875da3d9-0dec-46c7-88bf-73f7a2372b64@group-75987F7FE399-LeaderElection6] INFO  server.RaftServerConfigKeys (ConfUtils.java:logGet(43)) - raft.server.rpc.request.timeout = 3000ms (default)
2019-10-20 10:28:09,823 [875da3d9-0dec-46c7-88bf-73f7a2372b64@group-75987F7FE399-LeaderElection6] INFO  server.RaftServerConfigKeys (ConfUtils.java:logGet(43)) - raft.server.log.appender.install.snapshot.enabled = false (custom)
2019-10-20 10:28:09,827 [grpc-default-executor-1] INFO  impl.RaftServerImpl (RaftServerImpl.java:setRole(184)) - df12c920-952d-4704-9c70-1a288e2f77c7@group-75987F7FE399: changes role from  FOLLOWER to FOLLOWER at term 2 for recognizeCandidate:9ceef694-dbcf-4070-b7b1-3b3c65b6a699
2019-10-20 10:28:09,827 [grpc-default-executor-1] INFO  impl.RoleInfo (RoleInfo.java:shutdownFollowerState(121)) - df12c920-952d-4704-9c70-1a288e2f77c7: shutdown FollowerState
2019-10-20 10:28:09,828 [Thread-232] INFO  impl.FollowerState (FollowerState.java:run(117)) - df12c920-952d-4704-9c70-1a288e2f77c7@group-75987F7FE399-FollowerState was interrupted: java.lang.InterruptedException: sleep interrupted
2019-10-20 10:28:09,828 [grpc-default-executor-1] INFO  impl.RoleInfo (RoleInfo.java:updateAndGet(143)) - df12c920-952d-4704-9c70-1a288e2f77c7: start FollowerState
2019-10-20 10:28:09,833 [875da3d9-0dec-46c7-88bf-73f7a2372b64@group-75987F7FE399-LeaderElection6] INFO  server.RaftServerConfigKeys (ConfUtils.java:logGet(43)) - raft.server.log.appender.snapshot.chunk.size.max = 16MB (=16777216) (default)
2019-10-20 10:28:09,834 [875da3d9-0dec-46c7-88bf-73f7a2372b64@group-75987F7FE399-LeaderElection6] INFO  server.RaftServerConfigKeys (ConfUtils.java:logGet(43)) - raft.server.log.appender.buffer.byte-limit = 33554432 (custom)
2019-10-20 10:28:09,834 [875da3d9-0dec-46c7-88bf-73f7a2372b64@group-75987F7FE399-LeaderElection6] INFO  server.RaftServerConfigKeys (ConfUtils.java:logGet(43)) - raft.server.log.appender.buffer.element-limit = 1 (custom)
2019-10-20 10:28:09,834 [875da3d9-0dec-46c7-88bf-73f7a2372b64@group-75987F7FE399-LeaderElection6] INFO  grpc.GrpcConfigKeys$Server (ConfUtils.java:logGet(43)) - raft.grpc.server.leader.outstanding.appends.max = 128 (default)
2019-10-20 10:28:09,834 [875da3d9-0dec-46c7-88bf-73f7a2372b64@group-75987F7FE399-LeaderElection6] INFO  server.RaftServerConfigKeys (ConfUtils.java:logGet(43)) - raft.server.rpc.request.timeout = 3000ms (default)
2019-10-20 10:28:09,835 [875da3d9-0dec-46c7-88bf-73f7a2372b64@group-75987F7FE399-LeaderElection6] INFO  server.RaftServerConfigKeys (ConfUtils.java:logGet(43)) - raft.server.log.appender.install.snapshot.enabled = false (custom)
2019-10-20 10:28:09,843 [875da3d9-0dec-46c7-88bf-73f7a2372b64@group-75987F7FE399-LeaderElection6] INFO  impl.RoleInfo (RoleInfo.java:updateAndGet(143)) - 875da3d9-0dec-46c7-88bf-73f7a2372b64: start LeaderState
2019-10-20 10:28:09,843 [875da3d9-0dec-46c7-88bf-73f7a2372b64@group-75987F7FE399-LeaderElection6] INFO  segmented.SegmentedRaftLogWorker (SegmentedRaftLogWorker.java:startLogSegment(385)) - 875da3d9-0dec-46c7-88bf-73f7a2372b64@group-75987F7FE399-SegmentedRaftLogWorker: Starting segment from index:0
2019-10-20 10:28:09,843 [Thread-239] INFO  impl.FollowerState (FollowerState.java:run(108)) - df12c920-952d-4704-9c70-1a288e2f77c7@group-75987F7FE399-FollowerState: change to CANDIDATE, lastRpcTime:15ms, electionTimeout:14ms
2019-10-20 10:28:09,844 [Thread-239] INFO  impl.RoleInfo (RoleInfo.java:shutdownFollowerState(121)) - df12c920-952d-4704-9c70-1a288e2f77c7: shutdown FollowerState
2019-10-20 10:28:09,844 [Thread-239] INFO  impl.RaftServerImpl (RaftServerImpl.java:setRole(184)) - df12c920-952d-4704-9c70-1a288e2f77c7@group-75987F7FE399: changes role from  FOLLOWER to CANDIDATE at term 2 for changeToCandidate
2019-10-20 10:28:09,844 [Thread-239] INFO  impl.RoleInfo (RoleInfo.java:updateAndGet(143)) - df12c920-952d-4704-9c70-1a288e2f77c7: start LeaderElection
2019-10-20 10:28:09,844 [875da3d9-0dec-46c7-88bf-73f7a2372b64@group-75987F7FE399-LeaderElection6] INFO  impl.RaftServerImpl (ServerState.java:setRaftConf(357)) - 875da3d9-0dec-46c7-88bf-73f7a2372b64@group-75987F7FE399: set configuration 0: [875da3d9-0dec-46c7-88bf-73f7a2372b64:192.168.69.89:39990, df12c920-952d-4704-9c70-1a288e2f77c7:192.168.69.89:43948, 9ceef694-dbcf-4070-b7b1-3b3c65b6a699:192.168.69.89:36536], old=null at 0
2019-10-20 10:28:09,882 [grpc-default-executor-0] INFO  impl.RaftServerImpl (ServerState.java:setLeader(256)) - 875da3d9-0dec-46c7-88bf-73f7a2372b64@group-75987F7FE399: change Leader from 875da3d9-0dec-46c7-88bf-73f7a2372b64 to null at term 2 for updateCurrentTerm
2019-10-20 10:28:09,882 [grpc-default-executor-0] INFO  impl.RaftServerImpl (RaftServerImpl.java:setRole(184)) - 875da3d9-0dec-46c7-88bf-73f7a2372b64@group-75987F7FE399: changes role from    LEADER to FOLLOWER at term 2 for recognizeCandidate:9ceef694-dbcf-4070-b7b1-3b3c65b6a699
2019-10-20 10:28:09,882 [grpc-default-executor-0] INFO  impl.RoleInfo (RoleInfo.java:shutdownLeaderState(104)) - 875da3d9-0dec-46c7-88bf-73f7a2372b64: shutdown LeaderState
2019-10-20 10:28:09,886 [9ceef694-dbcf-4070-b7b1-3b3c65b6a699@group-75987F7FE399-LeaderElection7] INFO  impl.LeaderElection (LeaderElection.java:logAndReturn(56)) - 9ceef694-dbcf-4070-b7b1-3b3c65b6a699@group-75987F7FE399-LeaderElection7: Election PASSED; received 1 response(s) [9ceef694-dbcf-4070-b7b1-3b3c65b6a699<-df12c920-952d-4704-9c70-1a288e2f77c7#0:OK-t2] and 0 exception(s); 9ceef694-dbcf-4070-b7b1-3b3c65b6a699@group-75987F7FE399:t2, leader=null, voted=9ceef694-dbcf-4070-b7b1-3b3c65b6a699, raftlog=9ceef694-dbcf-4070-b7b1-3b3c65b6a699@group-75987F7FE399-SegmentedRaftLog:OPENED:c-1,f-1,i0, conf=-1: [875da3d9-0dec-46c7-88bf-73f7a2372b64:192.168.69.89:39990, df12c920-952d-4704-9c70-1a288e2f77c7:192.168.69.89:43948, 9ceef694-dbcf-4070-b7b1-3b3c65b6a699:192.168.69.89:36536], old=null
2019-10-20 10:28:09,886 [9ceef694-dbcf-4070-b7b1-3b3c65b6a699@group-75987F7FE399-LeaderElection7] INFO  impl.RoleInfo (RoleInfo.java:shutdownLeaderElection(134)) - 9ceef694-dbcf-4070-b7b1-3b3c65b6a699: shutdown LeaderElection
2019-10-20 10:28:09,887 [9ceef694-dbcf-4070-b7b1-3b3c65b6a699@group-75987F7FE399-LeaderElection7] INFO  impl.RaftServerImpl (RaftServerImpl.java:setRole(184)) - 9ceef694-dbcf-4070-b7b1-3b3c65b6a699@group-75987F7FE399: changes role from CANDIDATE to LEADER at term 2 for changeToLeader
2019-10-20 10:28:09,888 [9ceef694-dbcf-4070-b7b1-3b3c65b6a699@group-75987F7FE399-LeaderElection7] INFO  impl.RaftServerImpl (ServerState.java:setLeader(256)) - 9ceef694-dbcf-4070-b7b1-3b3c65b6a699@group-75987F7FE399: change Leader from null to 9ceef694-dbcf-4070-b7b1-3b3c65b6a699 at term 2 for becomeLeader, leader elected after 275ms
2019-10-20 10:28:09,888 [9ceef694-dbcf-4070-b7b1-3b3c65b6a699@group-75987F7FE399-LeaderElection7] INFO  server.RaftServerConfigKeys (ConfUtils.java:logGet(43)) - raft.server.staging.catchup.gap = 1000 (default)
2019-10-20 10:28:09,888 [9ceef694-dbcf-4070-b7b1-3b3c65b6a699@group-75987F7FE399-LeaderElection7] INFO  server.RaftServerConfigKeys (ConfUtils.java:logGet(43)) - raft.server.rpc.sleep.time = 25ms (default)
2019-10-20 10:28:09,890 [grpc-default-executor-0] INFO  impl.PendingRequests (PendingRequests.java:sendNotLeaderResponses(202)) - 875da3d9-0dec-46c7-88bf-73f7a2372b64@group-75987F7FE399-PendingRequests: sendNotLeaderResponses
2019-10-20 10:28:09,891 [9ceef694-dbcf-4070-b7b1-3b3c65b6a699@group-75987F7FE399-LeaderElection7] INFO  server.RaftServerConfigKeys (ConfUtils.java:logGet(43)) - raft.server.write.element-limit = 4096 (default)
2019-10-20 10:28:09,891 [9ceef694-dbcf-4070-b7b1-3b3c65b6a699@group-75987F7FE399-LeaderElection7] INFO  server.RaftServerConfigKeys (ConfUtils.java:logGet(43)) - raft.server.watch.timeout = 10s (default)
2019-10-20 10:28:09,891 [9ceef694-dbcf-4070-b7b1-3b3c65b6a699@group-75987F7FE399-LeaderElection7] INFO  server.RaftServerConfigKeys (ConfUtils.java:logGet(43)) - raft.server.watch.timeout.denomination = 1s (default)
2019-10-20 10:28:09,892 [9ceef694-dbcf-4070-b7b1-3b3c65b6a699@group-75987F7FE399-LeaderElection7] INFO  server.RaftServerConfigKeys (ConfUtils.java:logGet(43)) - raft.server.watch.element-limit = 65536 (default)
2019-10-20 10:28:09,894 [grpc-default-executor-0] INFO  impl.RoleInfo (RoleInfo.java:updateAndGet(143)) - 875da3d9-0dec-46c7-88bf-73f7a2372b64: start FollowerState
2019-10-20 10:28:09,899 [9ceef694-dbcf-4070-b7b1-3b3c65b6a699@group-75987F7FE399-LeaderElection7] INFO  server.RaftServerConfigKeys (ConfUtils.java:logGet(43)) - raft.server.log.appender.snapshot.chunk.size.max = 16MB (=16777216) (default)
2019-10-20 10:28:09,900 [9ceef694-dbcf-4070-b7b1-3b3c65b6a699@group-75987F7FE399-LeaderElection7] INFO  server.RaftServerConfigKeys (ConfUtils.java:logGet(43)) - raft.server.log.appender.buffer.byte-limit = 33554432 (custom)
2019-10-20 10:28:09,900 [9ceef694-dbcf-4070-b7b1-3b3c65b6a699@group-75987F7FE399-LeaderElection7] INFO  server.RaftServerConfigKeys (ConfUtils.java:logGet(43)) - raft.server.log.appender.buffer.element-limit = 1 (custom)
2019-10-20 10:28:09,900 [9ceef694-dbcf-4070-b7b1-3b3c65b6a699@group-75987F7FE399-LeaderElection7] INFO  grpc.GrpcConfigKeys$Server (ConfUtils.java:logGet(43)) - raft.grpc.server.leader.outstanding.appends.max = 128 (default)
2019-10-20 10:28:09,900 [9ceef694-dbcf-4070-b7b1-3b3c65b6a699@group-75987F7FE399-LeaderElection7] INFO  server.RaftServerConfigKeys (ConfUtils.java:logGet(43)) - raft.server.rpc.request.timeout = 3000ms (default)
2019-10-20 10:28:09,901 [9ceef694-dbcf-4070-b7b1-3b3c65b6a699@group-75987F7FE399-LeaderElection7] INFO  server.RaftServerConfigKeys (ConfUtils.java:logGet(43)) - raft.server.log.appender.install.snapshot.enabled = false (custom)
2019-10-20 10:28:09,903 [875da3d9-0dec-46c7-88bf-73f7a2372b64@group-75987F7FE399-SegmentedRaftLogWorker] INFO  segmented.SegmentedRaftLogWorker (SegmentedRaftLogWorker.java:execute(576)) - 875da3d9-0dec-46c7-88bf-73f7a2372b64@group-75987F7FE399-SegmentedRaftLogWorker: created new log segment /workdir/hadoop-ozone/integration-test/target/test-dir/MiniOzoneClusterImpl-f8c67304-c3bb-4bf9-9bb2-8ae757b492ce/datanode-1/data/ratis/7190d325-5f31-402e-91c1-75987f7fe399/current/log_inprogress_0
2019-10-20 10:28:09,903 [df12c920-952d-4704-9c70-1a288e2f77c7@group-75987F7FE399-LeaderElection8] INFO  impl.LeaderElection (LeaderElection.java:askForVotes(178)) - df12c920-952d-4704-9c70-1a288e2f77c7@group-75987F7FE399-LeaderElection8: begin an election at term 3 for -1: [875da3d9-0dec-46c7-88bf-73f7a2372b64:192.168.69.89:39990, df12c920-952d-4704-9c70-1a288e2f77c7:192.168.69.89:43948, 9ceef694-dbcf-4070-b7b1-3b3c65b6a699:192.168.69.89:36536], old=null
2019-10-20 10:28:09,904 [9ceef694-dbcf-4070-b7b1-3b3c65b6a699@group-75987F7FE399-LeaderElection7] INFO  server.RaftServerConfigKeys (ConfUtils.java:logGet(43)) - raft.server.log.appender.snapshot.chunk.size.max = 16MB (=16777216) (default)
2019-10-20 10:28:09,905 [9ceef694-dbcf-4070-b7b1-3b3c65b6a699@group-75987F7FE399-LeaderElection7] INFO  server.RaftServerConfigKeys (ConfUtils.java:logGet(43)) - raft.server.log.appender.buffer.byte-limit = 33554432 (custom)
2019-10-20 10:28:09,905 [9ceef694-dbcf-4070-b7b1-3b3c65b6a699@group-75987F7FE399-LeaderElection7] INFO  server.RaftServerConfigKeys (ConfUtils.java:logGet(43)) - raft.server.log.appender.buffer.element-limit = 1 (custom)
2019-10-20 10:28:09,906 [org.apache.ratis.server.impl.LogAppender$AppenderDaemon$$Lambda$389/722954996@3924c18c] WARN  server.GrpcLogAppender (GrpcLogAppender.java:mayWait(149)) - 875da3d9-0dec-46c7-88bf-73f7a2372b64@group-75987F7FE399->df12c920-952d-4704-9c70-1a288e2f77c7-GrpcLogAppender: Wait interrupted by java.lang.InterruptedException
2019-10-20 10:28:09,909 [9ceef694-dbcf-4070-b7b1-3b3c65b6a699@group-75987F7FE399-LeaderElection7] INFO  grpc.GrpcConfigKeys$Server (ConfUtils.java:logGet(43)) - raft.grpc.server.leader.outstanding.appends.max = 128 (default)
2019-10-20 10:28:09,906 [org.apache.ratis.server.impl.LogAppender$AppenderDaemon$$Lambda$389/722954996@5ad8ddd0] WARN  server.GrpcLogAppender (GrpcLogAppender.java:mayWait(149)) - 875da3d9-0dec-46c7-88bf-73f7a2372b64@group-75987F7FE399->9ceef694-dbcf-4070-b7b1-3b3c65b6a699-GrpcLogAppender: Wait interrupted by java.lang.InterruptedException
2019-10-20 10:28:09,910 [9ceef694-dbcf-4070-b7b1-3b3c65b6a699@group-75987F7FE399-LeaderElection7] INFO  server.RaftServerConfigKeys (ConfUtils.java:logGet(43)) - raft.server.rpc.request.timeout = 3000ms (default)
2019-10-20 10:28:09,910 [9ceef694-dbcf-4070-b7b1-3b3c65b6a699@group-75987F7FE399-LeaderElection7] INFO  server.RaftServerConfigKeys (ConfUtils.java:logGet(43)) - raft.server.log.appender.install.snapshot.enabled = false (custom)
2019-10-20 10:28:09,919 [9ceef694-dbcf-4070-b7b1-3b3c65b6a699@group-75987F7FE399-LeaderElection7] INFO  impl.RoleInfo (RoleInfo.java:updateAndGet(143)) - 9ceef694-dbcf-4070-b7b1-3b3c65b6a699: start LeaderState
2019-10-20 10:28:09,920 [9ceef694-dbcf-4070-b7b1-3b3c65b6a699@group-75987F7FE399-LeaderElection7] INFO  segmented.SegmentedRaftLogWorker (SegmentedRaftLogWorker.java:startLogSegment(385)) - 9ceef694-dbcf-4070-b7b1-3b3c65b6a699@group-75987F7FE399-SegmentedRaftLogWorker: Starting segment from index:0
2019-10-20 10:28:09,921 [9ceef694-dbcf-4070-b7b1-3b3c65b6a699@group-75987F7FE399-LeaderElection7] INFO  impl.RaftServerImpl (ServerState.java:setRaftConf(357)) - 9ceef694-dbcf-4070-b7b1-3b3c65b6a699@group-75987F7FE399: set configuration 0: [875da3d9-0dec-46c7-88bf-73f7a2372b64:192.168.69.89:39990, df12c920-952d-4704-9c70-1a288e2f77c7:192.168.69.89:43948, 9ceef694-dbcf-4070-b7b1-3b3c65b6a699:192.168.69.89:36536], old=null at 0
2019-10-20 10:28:09,951 [grpc-default-executor-0] INFO  server.GrpcServerProtocolService (GrpcServerProtocolService.java:onCompleted(113)) - 9ceef694-dbcf-4070-b7b1-3b3c65b6a699: Completed APPEND_ENTRIES, lastRequest: null
2019-10-20 10:28:09,951 [grpc-default-executor-2] INFO  server.GrpcServerProtocolService (GrpcServerProtocolService.java:onCompleted(113)) - df12c920-952d-4704-9c70-1a288e2f77c7: Completed APPEND_ENTRIES, lastRequest: null
2019-10-20 10:28:09,959 [grpc-default-executor-1] INFO  server.GrpcLogAppender (GrpcLogAppender.java:onCompleted(308)) - 875da3d9-0dec-46c7-88bf-73f7a2372b64@group-75987F7FE399->9ceef694-dbcf-4070-b7b1-3b3c65b6a699-AppendLogResponseHandler: follower responses appendEntries COMPLETED
2019-10-20 10:28:09,960 [grpc-default-executor-2] INFO  impl.RaftServerImpl (RaftServerImpl.java:setRole(184)) - 875da3d9-0dec-46c7-88bf-73f7a2372b64@group-75987F7FE399: changes role from  FOLLOWER to FOLLOWER at term 3 for recognizeCandidate:df12c920-952d-4704-9c70-1a288e2f77c7
2019-10-20 10:28:09,960 [grpc-default-executor-0] INFO  server.GrpcLogAppender (GrpcLogAppender.java:onCompleted(308)) - 875da3d9-0dec-46c7-88bf-73f7a2372b64@group-75987F7FE399->df12c920-952d-4704-9c70-1a288e2f77c7-AppendLogResponseHandler: follower responses appendEntries COMPLETED
2019-10-20 10:28:09,961 [grpc-default-executor-2] INFO  impl.RoleInfo (RoleInfo.java:shutdownFollowerState(121)) - 875da3d9-0dec-46c7-88bf-73f7a2372b64: shutdown FollowerState
2019-10-20 10:28:09,964 [Thread-243] INFO  impl.FollowerState (FollowerState.java:run(117)) - 875da3d9-0dec-46c7-88bf-73f7a2372b64@group-75987F7FE399-FollowerState was interrupted: java.lang.InterruptedException: sleep interrupted
2019-10-20 10:28:09,964 [9ceef694-dbcf-4070-b7b1-3b3c65b6a699@group-75987F7FE399-SegmentedRaftLogWorker] INFO  segmented.SegmentedRaftLogWorker (SegmentedRaftLogWorker.java:execute(576)) - 9ceef694-dbcf-4070-b7b1-3b3c65b6a699@group-75987F7FE399-SegmentedRaftLogWorker: created new log segment /workdir/hadoop-ozone/integration-test/target/test-dir/MiniOzoneClusterImpl-f8c67304-c3bb-4bf9-9bb2-8ae757b492ce/datanode-0/data/ratis/7190d325-5f31-402e-91c1-75987f7fe399/current/log_inprogress_0
2019-10-20 10:28:09,964 [grpc-default-executor-2] INFO  impl.RoleInfo (RoleInfo.java:updateAndGet(143)) - 875da3d9-0dec-46c7-88bf-73f7a2372b64: start FollowerState
2019-10-20 10:28:09,965 [grpc-default-executor-3] INFO  impl.RaftServerImpl (ServerState.java:setLeader(256)) - 9ceef694-dbcf-4070-b7b1-3b3c65b6a699@group-75987F7FE399: change Leader from 9ceef694-dbcf-4070-b7b1-3b3c65b6a699 to null at term 3 for updateCurrentTerm
2019-10-20 10:28:09,965 [grpc-default-executor-3] INFO  impl.RaftServerImpl (RaftServerImpl.java:setRole(184)) - 9ceef694-dbcf-4070-b7b1-3b3c65b6a699@group-75987F7FE399: changes role from    LEADER to FOLLOWER at term 3 for recognizeCandidate:df12c920-952d-4704-9c70-1a288e2f77c7
2019-10-20 10:28:09,966 [grpc-default-executor-3] INFO  impl.RoleInfo (RoleInfo.java:shutdownLeaderState(104)) - 9ceef694-dbcf-4070-b7b1-3b3c65b6a699: shutdown LeaderState
2019-10-20 10:28:09,968 [org.apache.ratis.server.impl.LogAppender$AppenderDaemon$$Lambda$389/722954996@1cfbe7bb] WARN  server.GrpcLogAppender (GrpcLogAppender.java:mayWait(149)) - 9ceef694-dbcf-4070-b7b1-3b3c65b6a699@group-75987F7FE399->df12c920-952d-4704-9c70-1a288e2f77c7-GrpcLogAppender: Wait interrupted by java.lang.InterruptedException
2019-10-20 10:28:09,969 [org.apache.ratis.server.impl.LogAppender$AppenderDaemon$$Lambda$389/722954996@2d9c2912] WARN  server.GrpcLogAppender (GrpcLogAppender.java:mayWait(149)) - 9ceef694-dbcf-4070-b7b1-3b3c65b6a699@group-75987F7FE399->875da3d9-0dec-46c7-88bf-73f7a2372b64-GrpcLogAppender: Wait interrupted by java.lang.InterruptedException
2019-10-20 10:28:09,968 [grpc-default-executor-3] INFO  impl.PendingRequests (PendingRequests.java:sendNotLeaderResponses(202)) - 9ceef694-dbcf-4070-b7b1-3b3c65b6a699@group-75987F7FE399-PendingRequests: sendNotLeaderResponses
2019-10-20 10:28:09,975 [grpc-default-executor-1] INFO  impl.FollowerInfo (FollowerInfo.java:lambda$new$0(51)) - 875da3d9-0dec-46c7-88bf-73f7a2372b64@group-75987F7FE399->9ceef694-dbcf-4070-b7b1-3b3c65b6a699: nextIndex: updateUnconditionally 0 -> 0
2019-10-20 10:28:09,977 [grpc-default-executor-3] INFO  impl.RoleInfo (RoleInfo.java:updateAndGet(143)) - 9ceef694-dbcf-4070-b7b1-3b3c65b6a699: start FollowerState
2019-10-20 10:28:09,977 [grpc-default-executor-0] INFO  impl.FollowerInfo (FollowerInfo.java:lambda$new$0(51)) - 875da3d9-0dec-46c7-88bf-73f7a2372b64@group-75987F7FE399->df12c920-952d-4704-9c70-1a288e2f77c7: nextIndex: updateUnconditionally 0 -> 0
2019-10-20 10:28:09,996 [df12c920-952d-4704-9c70-1a288e2f77c7@group-75987F7FE399-LeaderElection8] INFO  impl.LeaderElection (LeaderElection.java:logAndReturn(56)) - df12c920-952d-4704-9c70-1a288e2f77c7@group-75987F7FE399-LeaderElection8: Election REJECTED; received 2 response(s) [df12c920-952d-4704-9c70-1a288e2f77c7<-875da3d9-0dec-46c7-88bf-73f7a2372b64#0:FAIL-t3, df12c920-952d-4704-9c70-1a288e2f77c7<-9ceef694-dbcf-4070-b7b1-3b3c65b6a699#0:FAIL-t3] and 0 exception(s); df12c920-952d-4704-9c70-1a288e2f77c7@group-75987F7FE399:t3, leader=null, voted=df12c920-952d-4704-9c70-1a288e2f77c7, raftlog=df12c920-952d-4704-9c70-1a288e2f77c7@group-75987F7FE399-SegmentedRaftLog:OPENED:c-1,f-1,i0, conf=-1: [875da3d9-0dec-46c7-88bf-73f7a2372b64:192.168.69.89:39990, df12c920-952d-4704-9c70-1a288e2f77c7:192.168.69.89:43948, 9ceef694-dbcf-4070-b7b1-3b3c65b6a699:192.168.69.89:36536], old=null
2019-10-20 10:28:09,997 [df12c920-952d-4704-9c70-1a288e2f77c7@group-75987F7FE399-LeaderElection8] INFO  impl.RaftServerImpl (RaftServerImpl.java:setRole(184)) - df12c920-952d-4704-9c70-1a288e2f77c7@group-75987F7FE399: changes role from CANDIDATE to FOLLOWER at term 3 for DISCOVERED_A_NEW_TERM
2019-10-20 10:28:09,998 [df12c920-952d-4704-9c70-1a288e2f77c7@group-75987F7FE399-LeaderElection8] INFO  impl.RoleInfo (RoleInfo.java:shutdownLeaderElection(134)) - df12c920-952d-4704-9c70-1a288e2f77c7: shutdown LeaderElection
2019-10-20 10:28:09,998 [df12c920-952d-4704-9c70-1a288e2f77c7@group-75987F7FE399-LeaderElection8] INFO  impl.RoleInfo (RoleInfo.java:updateAndGet(143)) - df12c920-952d-4704-9c70-1a288e2f77c7: start FollowerState
2019-10-20 10:28:09,999 [grpc-default-executor-4] INFO  server.GrpcServerProtocolService (GrpcServerProtocolService.java:onCompleted(113)) - 875da3d9-0dec-46c7-88bf-73f7a2372b64: Completed APPEND_ENTRIES, lastRequest: 9ceef694-dbcf-4070-b7b1-3b3c65b6a699->875da3d9-0dec-46c7-88bf-73f7a2372b64#0-t2, previous=(t:0, i:0), leaderCommit=-1, initializing? false, entries: <empty>
2019-10-20 10:28:10,000 [grpc-default-executor-1] INFO  server.GrpcServerProtocolService (GrpcServerProtocolService.java:onCompleted(113)) - df12c920-952d-4704-9c70-1a288e2f77c7: Completed APPEND_ENTRIES, lastRequest: 9ceef694-dbcf-4070-b7b1-3b3c65b6a699->df12c920-952d-4704-9c70-1a288e2f77c7#0-t2, previous=(t:0, i:0), leaderCommit=-1, initializing? false, entries: <empty>
2019-10-20 10:28:10,004 [grpc-default-executor-1] INFO  server.GrpcLogAppender (GrpcLogAppender.java:onCompleted(308)) - 9ceef694-dbcf-4070-b7b1-3b3c65b6a699@group-75987F7FE399->875da3d9-0dec-46c7-88bf-73f7a2372b64-AppendLogResponseHandler: follower responses appendEntries COMPLETED
2019-10-20 10:28:10,004 [grpc-default-executor-4] INFO  server.GrpcLogAppender (GrpcLogAppender.java:onCompleted(308)) - 9ceef694-dbcf-4070-b7b1-3b3c65b6a699@group-75987F7FE399->df12c920-952d-4704-9c70-1a288e2f77c7-AppendLogResponseHandler: follower responses appendEntries COMPLETED
2019-10-20 10:28:10,007 [grpc-default-executor-1] INFO  impl.FollowerInfo (FollowerInfo.java:lambda$new$0(51)) - 9ceef694-dbcf-4070-b7b1-3b3c65b6a699@group-75987F7FE399->875da3d9-0dec-46c7-88bf-73f7a2372b64: nextIndex: updateUnconditionally 0 -> 0
2019-10-20 10:28:10,009 [grpc-default-executor-4] INFO  impl.FollowerInfo (FollowerInfo.java:lambda$new$0(51)) - 9ceef694-dbcf-4070-b7b1-3b3c65b6a699@group-75987F7FE399->df12c920-952d-4704-9c70-1a288e2f77c7: nextIndex: updateUnconditionally 0 -> 0
2019-10-20 10:28:10,062 [Thread-252] INFO  impl.FollowerState (FollowerState.java:run(108)) - df12c920-952d-4704-9c70-1a288e2f77c7@group-75987F7FE399-FollowerState: change to CANDIDATE, lastRpcTime:64ms, electionTimeout:63ms
2019-10-20 10:28:10,063 [Thread-252] INFO  impl.RoleInfo (RoleInfo.java:shutdownFollowerState(121)) - df12c920-952d-4704-9c70-1a288e2f77c7: shutdown FollowerState
2019-10-20 10:28:10,063 [Thread-252] INFO  impl.RaftServerImpl (RaftServerImpl.java:setRole(184)) - df12c920-952d-4704-9c70-1a288e2f77c7@group-75987F7FE399: changes role from  FOLLOWER to CANDIDATE at term 3 for changeToCandidate
2019-10-20 10:28:10,063 [Thread-252] INFO  impl.RoleInfo (RoleInfo.java:updateAndGet(143)) - df12c920-952d-4704-9c70-1a288e2f77c7: start LeaderElection
2019-10-20 10:28:10,079 [df12c920-952d-4704-9c70-1a288e2f77c7@group-75987F7FE399-LeaderElection9] INFO  impl.LeaderElection (LeaderElection.java:askForVotes(178)) - df12c920-952d-4704-9c70-1a288e2f77c7@group-75987F7FE399-LeaderElection9: begin an election at term 4 for -1: [875da3d9-0dec-46c7-88bf-73f7a2372b64:192.168.69.89:39990, df12c920-952d-4704-9c70-1a288e2f77c7:192.168.69.89:43948, 9ceef694-dbcf-4070-b7b1-3b3c65b6a699:192.168.69.89:36536], old=null
2019-10-20 10:28:10,086 [grpc-default-executor-4] INFO  impl.RaftServerImpl (RaftServerImpl.java:setRole(184)) - 875da3d9-0dec-46c7-88bf-73f7a2372b64@group-75987F7FE399: changes role from  FOLLOWER to FOLLOWER at term 4 for recognizeCandidate:df12c920-952d-4704-9c70-1a288e2f77c7
2019-10-20 10:28:10,086 [grpc-default-executor-4] INFO  impl.RoleInfo (RoleInfo.java:shutdownFollowerState(121)) - 875da3d9-0dec-46c7-88bf-73f7a2372b64: shutdown FollowerState
2019-10-20 10:28:10,086 [grpc-default-executor-1] INFO  impl.RaftServerImpl (RaftServerImpl.java:setRole(184)) - 9ceef694-dbcf-4070-b7b1-3b3c65b6a699@group-75987F7FE399: changes role from  FOLLOWER to FOLLOWER at term 4 for recognizeCandidate:df12c920-952d-4704-9c70-1a288e2f77c7
2019-10-20 10:28:10,087 [grpc-default-executor-4] INFO  impl.RoleInfo (RoleInfo.java:updateAndGet(143)) - 875da3d9-0dec-46c7-88bf-73f7a2372b64: start FollowerState
2019-10-20 10:28:10,087 [Thread-248] INFO  impl.FollowerState (FollowerState.java:run(117)) - 875da3d9-0dec-46c7-88bf-73f7a2372b64@group-75987F7FE399-FollowerState was interrupted: java.lang.InterruptedException: sleep interrupted
2019-10-20 10:28:10,087 [grpc-default-executor-1] INFO  impl.RoleInfo (RoleInfo.java:shutdownFollowerState(121)) - 9ceef694-dbcf-4070-b7b1-3b3c65b6a699: shutdown FollowerState
2019-10-20 10:28:10,088 [Thread-251] INFO  impl.FollowerState (FollowerState.java:run(117)) - 9ceef694-dbcf-4070-b7b1-3b3c65b6a699@group-75987F7FE399-FollowerState was interrupted: java.lang.InterruptedException: sleep interrupted
2019-10-20 10:28:10,088 [grpc-default-executor-1] INFO  impl.RoleInfo (RoleInfo.java:updateAndGet(143)) - 9ceef694-dbcf-4070-b7b1-3b3c65b6a699: start FollowerState
2019-10-20 10:28:10,103 [df12c920-952d-4704-9c70-1a288e2f77c7@group-75987F7FE399-LeaderElection9] INFO  impl.LeaderElection (LeaderElection.java:logAndReturn(56)) - df12c920-952d-4704-9c70-1a288e2f77c7@group-75987F7FE399-LeaderElection9: Election TIMEOUT; received 0 response(s) [] and 0 exception(s); df12c920-952d-4704-9c70-1a288e2f77c7@group-75987F7FE399:t4, leader=null, voted=df12c920-952d-4704-9c70-1a288e2f77c7, raftlog=df12c920-952d-4704-9c70-1a288e2f77c7@group-75987F7FE399-SegmentedRaftLog:OPENED:c-1,f-1,i0, conf=-1: [875da3d9-0dec-46c7-88bf-73f7a2372b64:192.168.69.89:39990, df12c920-952d-4704-9c70-1a288e2f77c7:192.168.69.89:43948, 9ceef694-dbcf-4070-b7b1-3b3c65b6a699:192.168.69.89:36536], old=null
2019-10-20 10:28:10,118 [df12c920-952d-4704-9c70-1a288e2f77c7@group-75987F7FE399-LeaderElection9] INFO  impl.LeaderElection (LeaderElection.java:askForVotes(178)) - df12c920-952d-4704-9c70-1a288e2f77c7@group-75987F7FE399-LeaderElection9: begin an election at term 5 for -1: [875da3d9-0dec-46c7-88bf-73f7a2372b64:192.168.69.89:39990, df12c920-952d-4704-9c70-1a288e2f77c7:192.168.69.89:43948, 9ceef694-dbcf-4070-b7b1-3b3c65b6a699:192.168.69.89:36536], old=null
2019-10-20 10:28:10,123 [grpc-default-executor-1] INFO  impl.RaftServerImpl (RaftServerImpl.java:setRole(184)) - 875da3d9-0dec-46c7-88bf-73f7a2372b64@group-75987F7FE399: changes role from  FOLLOWER to FOLLOWER at term 5 for recognizeCandidate:df12c920-952d-4704-9c70-1a288e2f77c7
2019-10-20 10:28:10,126 [grpc-default-executor-1] INFO  impl.RoleInfo (RoleInfo.java:shutdownFollowerState(121)) - 875da3d9-0dec-46c7-88bf-73f7a2372b64: shutdown FollowerState
2019-10-20 10:28:10,127 [grpc-default-executor-1] INFO  impl.RoleInfo (RoleInfo.java:updateAndGet(143)) - 875da3d9-0dec-46c7-88bf-73f7a2372b64: start FollowerState
2019-10-20 10:28:10,127 [Thread-256] INFO  impl.FollowerState (FollowerState.java:run(117)) - 875da3d9-0dec-46c7-88bf-73f7a2372b64@group-75987F7FE399-FollowerState was interrupted: java.lang.InterruptedException: sleep interrupted
2019-10-20 10:28:10,127 [grpc-default-executor-4] INFO  impl.RaftServerImpl (RaftServerImpl.java:setRole(184)) - 9ceef694-dbcf-4070-b7b1-3b3c65b6a699@group-75987F7FE399: changes role from  FOLLOWER to FOLLOWER at term 5 for recognizeCandidate:df12c920-952d-4704-9c70-1a288e2f77c7
2019-10-20 10:28:10,128 [grpc-default-executor-4] INFO  impl.RoleInfo (RoleInfo.java:shutdownFollowerState(121)) - 9ceef694-dbcf-4070-b7b1-3b3c65b6a699: shutdown FollowerState
2019-10-20 10:28:10,128 [Thread-257] INFO  impl.FollowerState (FollowerState.java:run(117)) - 9ceef694-dbcf-4070-b7b1-3b3c65b6a699@group-75987F7FE399-FollowerState was interrupted: java.lang.InterruptedException: sleep interrupted
2019-10-20 10:28:10,128 [grpc-default-executor-4] INFO  impl.RoleInfo (RoleInfo.java:updateAndGet(143)) - 9ceef694-dbcf-4070-b7b1-3b3c65b6a699: start FollowerState
2019-10-20 10:28:10,145 [df12c920-952d-4704-9c70-1a288e2f77c7@group-75987F7FE399-LeaderElection9] INFO  impl.LeaderElection (LeaderElection.java:logAndReturn(56)) - df12c920-952d-4704-9c70-1a288e2f77c7@group-75987F7FE399-LeaderElection9: Election REJECTED; received 2 response(s) [df12c920-952d-4704-9c70-1a288e2f77c7<-875da3d9-0dec-46c7-88bf-73f7a2372b64#0:FAIL-t5, df12c920-952d-4704-9c70-1a288e2f77c7<-9ceef694-dbcf-4070-b7b1-3b3c65b6a699#0:FAIL-t5] and 0 exception(s); df12c920-952d-4704-9c70-1a288e2f77c7@group-75987F7FE399:t5, leader=null, voted=df12c920-952d-4704-9c70-1a288e2f77c7, raftlog=df12c920-952d-4704-9c70-1a288e2f77c7@group-75987F7FE399-SegmentedRaftLog:OPENED:c-1,f-1,i0, conf=-1: [875da3d9-0dec-46c7-88bf-73f7a2372b64:192.168.69.89:39990, df12c920-952d-4704-9c70-1a288e2f77c7:192.168.69.89:43948, 9ceef694-dbcf-4070-b7b1-3b3c65b6a699:192.168.69.89:36536], old=null
2019-10-20 10:28:10,145 [df12c920-952d-4704-9c70-1a288e2f77c7@group-75987F7FE399-LeaderElection9] INFO  impl.RaftServerImpl (RaftServerImpl.java:setRole(184)) - df12c920-952d-4704-9c70-1a288e2f77c7@group-75987F7FE399: changes role from CANDIDATE to FOLLOWER at term 5 for DISCOVERED_A_NEW_TERM
2019-10-20 10:28:10,146 [df12c920-952d-4704-9c70-1a288e2f77c7@group-75987F7FE399-LeaderElection9] INFO  impl.RoleInfo (RoleInfo.java:shutdownLeaderElection(134)) - df12c920-952d-4704-9c70-1a288e2f77c7: shutdown LeaderElection
2019-10-20 10:28:10,147 [df12c920-952d-4704-9c70-1a288e2f77c7@group-75987F7FE399-LeaderElection9] INFO  impl.RoleInfo (RoleInfo.java:updateAndGet(143)) - df12c920-952d-4704-9c70-1a288e2f77c7: start FollowerState
2019-10-20 10:28:10,254 [Thread-262] INFO  impl.FollowerState (FollowerState.java:run(108)) - df12c920-952d-4704-9c70-1a288e2f77c7@group-75987F7FE399-FollowerState: change to CANDIDATE, lastRpcTime:106ms, electionTimeout:106ms
2019-10-20 10:28:10,256 [Thread-262] INFO  impl.RoleInfo (RoleInfo.java:shutdownFollowerState(121)) - df12c920-952d-4704-9c70-1a288e2f77c7: shutdown FollowerState
2019-10-20 10:28:10,256 [Thread-262] INFO  impl.RaftServerImpl (RaftServerImpl.java:setRole(184)) - df12c920-952d-4704-9c70-1a288e2f77c7@group-75987F7FE399: changes role from  FOLLOWER to CANDIDATE at term 5 for changeToCandidate
2019-10-20 10:28:10,257 [Thread-262] INFO  impl.RoleInfo (RoleInfo.java:updateAndGet(143)) - df12c920-952d-4704-9c70-1a288e2f77c7: start LeaderElection
2019-10-20 10:28:10,271 [df12c920-952d-4704-9c70-1a288e2f77c7@group-75987F7FE399-LeaderElection10] INFO  impl.LeaderElection (LeaderElection.java:askForVotes(178)) - df12c920-952d-4704-9c70-1a288e2f77c7@group-75987F7FE399-LeaderElection10: begin an election at term 6 for -1: [875da3d9-0dec-46c7-88bf-73f7a2372b64:192.168.69.89:39990, df12c920-952d-4704-9c70-1a288e2f77c7:192.168.69.89:43948, 9ceef694-dbcf-4070-b7b1-3b3c65b6a699:192.168.69.89:36536], old=null
2019-10-20 10:28:10,277 [grpc-default-executor-1] INFO  impl.RaftServerImpl (RaftServerImpl.java:setRole(184)) - 875da3d9-0dec-46c7-88bf-73f7a2372b64@group-75987F7FE399: changes role from  FOLLOWER to FOLLOWER at term 6 for recognizeCandidate:df12c920-952d-4704-9c70-1a288e2f77c7
2019-10-20 10:28:10,277 [grpc-default-executor-1] INFO  impl.RoleInfo (RoleInfo.java:shutdownFollowerState(121)) - 875da3d9-0dec-46c7-88bf-73f7a2372b64: shutdown FollowerState
2019-10-20 10:28:10,278 [grpc-default-executor-4] INFO  impl.RaftServerImpl (RaftServerImpl.java:setRole(184)) - 9ceef694-dbcf-4070-b7b1-3b3c65b6a699@group-75987F7FE399: changes role from  FOLLOWER to FOLLOWER at term 6 for recognizeCandidate:df12c920-952d-4704-9c70-1a288e2f77c7
2019-10-20 10:28:10,278 [grpc-default-executor-1] INFO  impl.RoleInfo (RoleInfo.java:updateAndGet(143)) - 875da3d9-0dec-46c7-88bf-73f7a2372b64: start FollowerState
2019-10-20 10:28:10,278 [Thread-260] INFO  impl.FollowerState (FollowerState.java:run(117)) - 875da3d9-0dec-46c7-88bf-73f7a2372b64@group-75987F7FE399-FollowerState was interrupted: java.lang.InterruptedException: sleep interrupted
2019-10-20 10:28:10,278 [grpc-default-executor-4] INFO  impl.RoleInfo (RoleInfo.java:shutdownFollowerState(121)) - 9ceef694-dbcf-4070-b7b1-3b3c65b6a699: shutdown FollowerState
2019-10-20 10:28:10,279 [grpc-default-executor-4] INFO  impl.RoleInfo (RoleInfo.java:updateAndGet(143)) - 9ceef694-dbcf-4070-b7b1-3b3c65b6a699: start FollowerState
2019-10-20 10:28:10,279 [Thread-261] INFO  impl.FollowerState (FollowerState.java:run(117)) - 9ceef694-dbcf-4070-b7b1-3b3c65b6a699@group-75987F7FE399-FollowerState was interrupted: java.lang.InterruptedException: sleep interrupted
2019-10-20 10:28:10,302 [df12c920-952d-4704-9c70-1a288e2f77c7@group-75987F7FE399-LeaderElection10] INFO  impl.LeaderElection (LeaderElection.java:logAndReturn(56)) - df12c920-952d-4704-9c70-1a288e2f77c7@group-75987F7FE399-LeaderElection10: Election REJECTED; received 2 response(s) [df12c920-952d-4704-9c70-1a288e2f77c7<-875da3d9-0dec-46c7-88bf-73f7a2372b64#0:FAIL-t6, df12c920-952d-4704-9c70-1a288e2f77c7<-9ceef694-dbcf-4070-b7b1-3b3c65b6a699#0:FAIL-t6] and 0 exception(s); df12c920-952d-4704-9c70-1a288e2f77c7@group-75987F7FE399:t6, leader=null, voted=df12c920-952d-4704-9c70-1a288e2f77c7, raftlog=df12c920-952d-4704-9c70-1a288e2f77c7@group-75987F7FE399-SegmentedRaftLog:OPENED:c-1,f-1,i0, conf=-1: [875da3d9-0dec-46c7-88bf-73f7a2372b64:192.168.69.89:39990, df12c920-952d-4704-9c70-1a288e2f77c7:192.168.69.89:43948, 9ceef694-dbcf-4070-b7b1-3b3c65b6a699:192.168.69.89:36536], old=null
2019-10-20 10:28:10,302 [df12c920-952d-4704-9c70-1a288e2f77c7@group-75987F7FE399-LeaderElection10] INFO  impl.RaftServerImpl (RaftServerImpl.java:setRole(184)) - df12c920-952d-4704-9c70-1a288e2f77c7@group-75987F7FE399: changes role from CANDIDATE to FOLLOWER at term 6 for DISCOVERED_A_NEW_TERM
2019-10-20 10:28:10,305 [df12c920-952d-4704-9c70-1a288e2f77c7@group-75987F7FE399-LeaderElection10] INFO  impl.RoleInfo (RoleInfo.java:shutdownLeaderElection(134)) - df12c920-952d-4704-9c70-1a288e2f77c7: shutdown LeaderElection
2019-10-20 10:28:10,305 [df12c920-952d-4704-9c70-1a288e2f77c7@group-75987F7FE399-LeaderElection10] INFO  impl.RoleInfo (RoleInfo.java:updateAndGet(143)) - df12c920-952d-4704-9c70-1a288e2f77c7: start FollowerState
2019-10-20 10:28:10,450 [Thread-268] INFO  impl.FollowerState (FollowerState.java:run(108)) - df12c920-952d-4704-9c70-1a288e2f77c7@group-75987F7FE399-FollowerState: change to CANDIDATE, lastRpcTime:144ms, electionTimeout:143ms
2019-10-20 10:28:10,451 [Thread-268] INFO  impl.RoleInfo (RoleInfo.java:shutdownFollowerState(121)) - df12c920-952d-4704-9c70-1a288e2f77c7: shutdown FollowerState
2019-10-20 10:28:10,451 [Thread-268] INFO  impl.RaftServerImpl (RaftServerImpl.java:setRole(184)) - df12c920-952d-4704-9c70-1a288e2f77c7@group-75987F7FE399: changes role from  FOLLOWER to CANDIDATE at term 6 for changeToCandidate
2019-10-20 10:28:10,451 [Thread-268] INFO  impl.RoleInfo (RoleInfo.java:updateAndGet(143)) - df12c920-952d-4704-9c70-1a288e2f77c7: start LeaderElection
2019-10-20 10:28:10,477 [df12c920-952d-4704-9c70-1a288e2f77c7@group-75987F7FE399-LeaderElection11] INFO  impl.LeaderElection (LeaderElection.java:askForVotes(178)) - df12c920-952d-4704-9c70-1a288e2f77c7@group-75987F7FE399-LeaderElection11: begin an election at term 7 for -1: [875da3d9-0dec-46c7-88bf-73f7a2372b64:192.168.69.89:39990, df12c920-952d-4704-9c70-1a288e2f77c7:192.168.69.89:43948, 9ceef694-dbcf-4070-b7b1-3b3c65b6a699:192.168.69.89:36536], old=null
2019-10-20 10:28:10,485 [grpc-default-executor-1] INFO  impl.RaftServerImpl (RaftServerImpl.java:setRole(184)) - 875da3d9-0dec-46c7-88bf-73f7a2372b64@group-75987F7FE399: changes role from  FOLLOWER to FOLLOWER at term 7 for recognizeCandidate:df12c920-952d-4704-9c70-1a288e2f77c7
2019-10-20 10:28:10,485 [grpc-default-executor-1] INFO  impl.RoleInfo (RoleInfo.java:shutdownFollowerState(121)) - 875da3d9-0dec-46c7-88bf-73f7a2372b64: shutdown FollowerState
2019-10-20 10:28:10,485 [Thread-266] INFO  impl.FollowerState (FollowerState.java:run(117)) - 875da3d9-0dec-46c7-88bf-73f7a2372b64@group-75987F7FE399-FollowerState was interrupted: java.lang.InterruptedException: sleep interrupted
2019-10-20 10:28:10,485 [grpc-default-executor-1] INFO  impl.RoleInfo (RoleInfo.java:updateAndGet(143)) - 875da3d9-0dec-46c7-88bf-73f7a2372b64: start FollowerState
2019-10-20 10:28:10,485 [grpc-default-executor-4] INFO  impl.RaftServerImpl (RaftServerImpl.java:setRole(184)) - 9ceef694-dbcf-4070-b7b1-3b3c65b6a699@group-75987F7FE399: changes role from  FOLLOWER to FOLLOWER at term 7 for recognizeCandidate:df12c920-952d-4704-9c70-1a288e2f77c7
2019-10-20 10:28:10,486 [grpc-default-executor-4] INFO  impl.RoleInfo (RoleInfo.java:shutdownFollowerState(121)) - 9ceef694-dbcf-4070-b7b1-3b3c65b6a699: shutdown FollowerState
2019-10-20 10:28:10,486 [Thread-267] INFO  impl.FollowerState (FollowerState.java:run(117)) - 9ceef694-dbcf-4070-b7b1-3b3c65b6a699@group-75987F7FE399-FollowerState was interrupted: java.lang.InterruptedException: sleep interrupted
2019-10-20 10:28:10,486 [grpc-default-executor-4] INFO  impl.RoleInfo (RoleInfo.java:updateAndGet(143)) - 9ceef694-dbcf-4070-b7b1-3b3c65b6a699: start FollowerState
2019-10-20 10:28:10,507 [df12c920-952d-4704-9c70-1a288e2f77c7@group-75987F7FE399-LeaderElection11] INFO  impl.LeaderElection (LeaderElection.java:logAndReturn(56)) - df12c920-952d-4704-9c70-1a288e2f77c7@group-75987F7FE399-LeaderElection11: Election REJECTED; received 2 response(s) [df12c920-952d-4704-9c70-1a288e2f77c7<-875da3d9-0dec-46c7-88bf-73f7a2372b64#0:FAIL-t7, df12c920-952d-4704-9c70-1a288e2f77c7<-9ceef694-dbcf-4070-b7b1-3b3c65b6a699#0:FAIL-t7] and 0 exception(s); df12c920-952d-4704-9c70-1a288e2f77c7@group-75987F7FE399:t7, leader=null, voted=df12c920-952d-4704-9c70-1a288e2f77c7, raftlog=df12c920-952d-4704-9c70-1a288e2f77c7@group-75987F7FE399-SegmentedRaftLog:OPENED:c-1,f-1,i0, conf=-1: [875da3d9-0dec-46c7-88bf-73f7a2372b64:192.168.69.89:39990, df12c920-952d-4704-9c70-1a288e2f77c7:192.168.69.89:43948, 9ceef694-dbcf-4070-b7b1-3b3c65b6a699:192.168.69.89:36536], old=null
2019-10-20 10:28:10,508 [df12c920-952d-4704-9c70-1a288e2f77c7@group-75987F7FE399-LeaderElection11] INFO  impl.RaftServerImpl (RaftServerImpl.java:setRole(184)) - df12c920-952d-4704-9c70-1a288e2f77c7@group-75987F7FE399: changes role from CANDIDATE to FOLLOWER at term 7 for DISCOVERED_A_NEW_TERM
2019-10-20 10:28:10,508 [df12c920-952d-4704-9c70-1a288e2f77c7@group-75987F7FE399-LeaderElection11] INFO  impl.RoleInfo (RoleInfo.java:shutdownLeaderElection(134)) - df12c920-952d-4704-9c70-1a288e2f77c7: shutdown LeaderElection
2019-10-20 10:28:10,509 [df12c920-952d-4704-9c70-1a288e2f77c7@group-75987F7FE399-LeaderElection11] INFO  impl.RoleInfo (RoleInfo.java:updateAndGet(143)) - df12c920-952d-4704-9c70-1a288e2f77c7: start FollowerState
2019-10-20 10:28:10,827 [Thread-276] INFO  impl.FollowerState (FollowerState.java:run(108)) - df12c920-952d-4704-9c70-1a288e2f77c7@group-75987F7FE399-FollowerState: change to CANDIDATE, lastRpcTime:310ms, electionTimeout:200ms
2019-10-20 10:28:10,846 [Thread-276] INFO  impl.RoleInfo (RoleInfo.java:shutdownFollowerState(121)) - df12c920-952d-4704-9c70-1a288e2f77c7: shutdown FollowerState
2019-10-20 10:28:10,846 [Thread-276] INFO  impl.RaftServerImpl (RaftServerImpl.java:setRole(184)) - df12c920-952d-4704-9c70-1a288e2f77c7@group-75987F7FE399: changes role from  FOLLOWER to CANDIDATE at term 7 for changeToCandidate
2019-10-20 10:28:10,847 [Thread-276] INFO  impl.RoleInfo (RoleInfo.java:updateAndGet(143)) - df12c920-952d-4704-9c70-1a288e2f77c7: start LeaderElection
2019-10-20 10:28:10,871 [df12c920-952d-4704-9c70-1a288e2f77c7@group-75987F7FE399-LeaderElection12] INFO  impl.LeaderElection (LeaderElection.java:askForVotes(178)) - df12c920-952d-4704-9c70-1a288e2f77c7@group-75987F7FE399-LeaderElection12: begin an election at term 8 for -1: [875da3d9-0dec-46c7-88bf-73f7a2372b64:192.168.69.89:39990, df12c920-952d-4704-9c70-1a288e2f77c7:192.168.69.89:43948, 9ceef694-dbcf-4070-b7b1-3b3c65b6a699:192.168.69.89:36536], old=null
2019-10-20 10:28:10,890 [grpc-default-executor-4] INFO  impl.RaftServerImpl (RaftServerImpl.java:setRole(184)) - 875da3d9-0dec-46c7-88bf-73f7a2372b64@group-75987F7FE399: changes role from  FOLLOWER to FOLLOWER at term 8 for recognizeCandidate:df12c920-952d-4704-9c70-1a288e2f77c7
2019-10-20 10:28:10,890 [grpc-default-executor-1] INFO  impl.RaftServerImpl (RaftServerImpl.java:setRole(184)) - 9ceef694-dbcf-4070-b7b1-3b3c65b6a699@group-75987F7FE399: changes role from  FOLLOWER to FOLLOWER at term 8 for recognizeCandidate:df12c920-952d-4704-9c70-1a288e2f77c7
2019-10-20 10:28:10,890 [grpc-default-executor-4] INFO  impl.RoleInfo (RoleInfo.java:shutdownFollowerState(121)) - 875da3d9-0dec-46c7-88bf-73f7a2372b64: shutdown FollowerState
2019-10-20 10:28:10,890 [grpc-default-executor-1] INFO  impl.RoleInfo (RoleInfo.java:shutdownFollowerState(121)) - 9ceef694-dbcf-4070-b7b1-3b3c65b6a699: shutdown FollowerState
2019-10-20 10:28:10,891 [Thread-274] INFO  impl.FollowerState (FollowerState.java:run(117)) - 875da3d9-0dec-46c7-88bf-73f7a2372b64@group-75987F7FE399-FollowerState was interrupted: java.lang.InterruptedException: sleep interrupted
2019-10-20 10:28:10,891 [grpc-default-executor-1] INFO  impl.RoleInfo (RoleInfo.java:updateAndGet(143)) - 9ceef694-dbcf-4070-b7b1-3b3c65b6a699: start FollowerState
2019-10-20 10:28:10,890 [grpc-default-executor-4] INFO  impl.RoleInfo (RoleInfo.java:updateAndGet(143)) - 875da3d9-0dec-46c7-88bf-73f7a2372b64: start FollowerState
2019-10-20 10:28:10,891 [Thread-275] INFO  impl.FollowerState (FollowerState.java:run(117)) - 9ceef694-dbcf-4070-b7b1-3b3c65b6a699@group-75987F7FE399-FollowerState was interrupted: java.lang.InterruptedException: sleep interrupted
2019-10-20 10:28:10,908 [df12c920-952d-4704-9c70-1a288e2f77c7@group-75987F7FE399-LeaderElection12] INFO  impl.LeaderElection (LeaderElection.java:logAndReturn(56)) - df12c920-952d-4704-9c70-1a288e2f77c7@group-75987F7FE399-LeaderElection12: Election REJECTED; received 2 response(s) [df12c920-952d-4704-9c70-1a288e2f77c7<-875da3d9-0dec-46c7-88bf-73f7a2372b64#0:FAIL-t8, df12c920-952d-4704-9c70-1a288e2f77c7<-9ceef694-dbcf-4070-b7b1-3b3c65b6a699#0:FAIL-t8] and 0 exception(s); df12c920-952d-4704-9c70-1a288e2f77c7@group-75987F7FE399:t8, leader=null, voted=df12c920-952d-4704-9c70-1a288e2f77c7, raftlog=df12c920-952d-4704-9c70-1a288e2f77c7@group-75987F7FE399-SegmentedRaftLog:OPENED:c-1,f-1,i0, conf=-1: [875da3d9-0dec-46c7-88bf-73f7a2372b64:192.168.69.89:39990, df12c920-952d-4704-9c70-1a288e2f77c7:192.168.69.89:43948, 9ceef694-dbcf-4070-b7b1-3b3c65b6a699:192.168.69.89:36536], old=null
2019-10-20 10:28:10,908 [df12c920-952d-4704-9c70-1a288e2f77c7@group-75987F7FE399-LeaderElection12] INFO  impl.RaftServerImpl (RaftServerImpl.java:setRole(184)) - df12c920-952d-4704-9c70-1a288e2f77c7@group-75987F7FE399: changes role from CANDIDATE to FOLLOWER at term 8 for DISCOVERED_A_NEW_TERM
2019-10-20 10:28:10,908 [df12c920-952d-4704-9c70-1a288e2f77c7@group-75987F7FE399-LeaderElection12] INFO  impl.RoleInfo (RoleInfo.java:shutdownLeaderElection(134)) - df12c920-952d-4704-9c70-1a288e2f77c7: shutdown LeaderElection
2019-10-20 10:28:10,909 [df12c920-952d-4704-9c70-1a288e2f77c7@group-75987F7FE399-LeaderElection12] INFO  impl.RoleInfo (RoleInfo.java:updateAndGet(143)) - df12c920-952d-4704-9c70-1a288e2f77c7: start FollowerState
2019-10-20 10:28:10,958 [Thread-282] INFO  impl.FollowerState (FollowerState.java:run(108)) - df12c920-952d-4704-9c70-1a288e2f77c7@group-75987F7FE399-FollowerState: change to CANDIDATE, lastRpcTime:49ms, electionTimeout:48ms
2019-10-20 10:28:10,960 [Thread-282] INFO  impl.RoleInfo (RoleInfo.java:shutdownFollowerState(121)) - df12c920-952d-4704-9c70-1a288e2f77c7: shutdown FollowerState
2019-10-20 10:28:10,960 [Thread-282] INFO  impl.RaftServerImpl (RaftServerImpl.java:setRole(184)) - df12c920-952d-4704-9c70-1a288e2f77c7@group-75987F7FE399: changes role from  FOLLOWER to CANDIDATE at term 8 for changeToCandidate
2019-10-20 10:28:10,960 [Thread-282] INFO  impl.RoleInfo (RoleInfo.java:updateAndGet(143)) - df12c920-952d-4704-9c70-1a288e2f77c7: start LeaderElection
2019-10-20 10:28:10,975 [df12c920-952d-4704-9c70-1a288e2f77c7@group-75987F7FE399-LeaderElection13] INFO  impl.LeaderElection (LeaderElection.java:askForVotes(178)) - df12c920-952d-4704-9c70-1a288e2f77c7@group-75987F7FE399-LeaderElection13: begin an election at term 9 for -1: [875da3d9-0dec-46c7-88bf-73f7a2372b64:192.168.69.89:39990, df12c920-952d-4704-9c70-1a288e2f77c7:192.168.69.89:43948, 9ceef694-dbcf-4070-b7b1-3b3c65b6a699:192.168.69.89:36536], old=null
2019-10-20 10:28:10,980 [grpc-default-executor-1] INFO  impl.RaftServerImpl (RaftServerImpl.java:setRole(184)) - 875da3d9-0dec-46c7-88bf-73f7a2372b64@group-75987F7FE399: changes role from  FOLLOWER to FOLLOWER at term 9 for recognizeCandidate:df12c920-952d-4704-9c70-1a288e2f77c7
2019-10-20 10:28:10,981 [grpc-default-executor-4] INFO  impl.RaftServerImpl (RaftServerImpl.java:setRole(184)) - 9ceef694-dbcf-4070-b7b1-3b3c65b6a699@group-75987F7FE399: changes role from  FOLLOWER to FOLLOWER at term 9 for recognizeCandidate:df12c920-952d-4704-9c70-1a288e2f77c7
2019-10-20 10:28:10,981 [grpc-default-executor-1] INFO  impl.RoleInfo (RoleInfo.java:shutdownFollowerState(121)) - 875da3d9-0dec-46c7-88bf-73f7a2372b64: shutdown FollowerState
2019-10-20 10:28:10,981 [grpc-default-executor-4] INFO  impl.RoleInfo (RoleInfo.java:shutdownFollowerState(121)) - 9ceef694-dbcf-4070-b7b1-3b3c65b6a699: shutdown FollowerState
2019-10-20 10:28:10,981 [grpc-default-executor-1] INFO  impl.RoleInfo (RoleInfo.java:updateAndGet(143)) - 875da3d9-0dec-46c7-88bf-73f7a2372b64: start FollowerState
2019-10-20 10:28:10,981 [Thread-280] INFO  impl.FollowerState (FollowerState.java:run(117)) - 875da3d9-0dec-46c7-88bf-73f7a2372b64@group-75987F7FE399-FollowerState was interrupted: java.lang.InterruptedException: sleep interrupted
2019-10-20 10:28:10,981 [grpc-default-executor-4] INFO  impl.RoleInfo (RoleInfo.java:updateAndGet(143)) - 9ceef694-dbcf-4070-b7b1-3b3c65b6a699: start FollowerState
2019-10-20 10:28:10,981 [Thread-281] INFO  impl.FollowerState (FollowerState.java:run(117)) - 9ceef694-dbcf-4070-b7b1-3b3c65b6a699@group-75987F7FE399-FollowerState was interrupted: java.lang.InterruptedException: sleep interrupted
2019-10-20 10:28:11,002 [df12c920-952d-4704-9c70-1a288e2f77c7@group-75987F7FE399-LeaderElection13] INFO  impl.LeaderElection (LeaderElection.java:logAndReturn(56)) - df12c920-952d-4704-9c70-1a288e2f77c7@group-75987F7FE399-LeaderElection13: Election REJECTED; received 2 response(s) [df12c920-952d-4704-9c70-1a288e2f77c7<-875da3d9-0dec-46c7-88bf-73f7a2372b64#0:FAIL-t9, df12c920-952d-4704-9c70-1a288e2f77c7<-9ceef694-dbcf-4070-b7b1-3b3c65b6a699#0:FAIL-t9] and 0 exception(s); df12c920-952d-4704-9c70-1a288e2f77c7@group-75987F7FE399:t9, leader=null, voted=df12c920-952d-4704-9c70-1a288e2f77c7, raftlog=df12c920-952d-4704-9c70-1a288e2f77c7@group-75987F7FE399-SegmentedRaftLog:OPENED:c-1,f-1,i0, conf=-1: [875da3d9-0dec-46c7-88bf-73f7a2372b64:192.168.69.89:39990, df12c920-952d-4704-9c70-1a288e2f77c7:192.168.69.89:43948, 9ceef694-dbcf-4070-b7b1-3b3c65b6a699:192.168.69.89:36536], old=null
2019-10-20 10:28:11,002 [df12c920-952d-4704-9c70-1a288e2f77c7@group-75987F7FE399-LeaderElection13] INFO  impl.RaftServerImpl (RaftServerImpl.java:setRole(184)) - df12c920-952d-4704-9c70-1a288e2f77c7@group-75987F7FE399: changes role from CANDIDATE to FOLLOWER at term 9 for DISCOVERED_A_NEW_TERM
2019-10-20 10:28:11,003 [df12c920-952d-4704-9c70-1a288e2f77c7@group-75987F7FE399-LeaderElection13] INFO  impl.RoleInfo (RoleInfo.java:shutdownLeaderElection(134)) - df12c920-952d-4704-9c70-1a288e2f77c7: shutdown LeaderElection
2019-10-20 10:28:11,004 [df12c920-952d-4704-9c70-1a288e2f77c7@group-75987F7FE399-LeaderElection13] INFO  impl.RoleInfo (RoleInfo.java:updateAndGet(143)) - df12c920-952d-4704-9c70-1a288e2f77c7: start FollowerState
2019-10-20 10:28:11,069 [Thread-290] INFO  rpc.RpcClient (RpcClient.java:createVolume(272)) - Creating Volume: d73caeeb-1aaa-40b8-9bb2-8f7ab2b24322, with jenkins1000 as owner.
2019-10-20 10:28:11,154 [OM StateMachine ApplyTransaction Thread - 0] INFO  volume.OMVolumeCreateRequest (OMVolumeCreateRequest.java:validateAndUpdateCache(193)) - created volume:d73caeeb-1aaa-40b8-9bb2-8f7ab2b24322 for user:jenkins1000
2019-10-20 10:28:11,160 [Thread-289] INFO  impl.FollowerState (FollowerState.java:run(108)) - df12c920-952d-4704-9c70-1a288e2f77c7@group-75987F7FE399-FollowerState: change to CANDIDATE, lastRpcTime:156ms, electionTimeout:155ms
2019-10-20 10:28:11,160 [Thread-289] INFO  impl.RoleInfo (RoleInfo.java:shutdownFollowerState(121)) - df12c920-952d-4704-9c70-1a288e2f77c7: shutdown FollowerState
2019-10-20 10:28:11,160 [Thread-289] INFO  impl.RaftServerImpl (RaftServerImpl.java:setRole(184)) - df12c920-952d-4704-9c70-1a288e2f77c7@group-75987F7FE399: changes role from  FOLLOWER to CANDIDATE at term 9 for changeToCandidate
2019-10-20 10:28:11,161 [Thread-289] INFO  impl.RoleInfo (RoleInfo.java:updateAndGet(143)) - df12c920-952d-4704-9c70-1a288e2f77c7: start LeaderElection
2019-10-20 10:28:11,178 [Thread-290] INFO  rpc.RpcClient (RpcClient.java:createBucket(411)) - Creating Bucket: d73caeeb-1aaa-40b8-9bb2-8f7ab2b24322/daf80d8d-5829-4cc4-910e-5b2839b30f21, with Versioning false and Storage Type set to DISK and Encryption set to false 
2019-10-20 10:28:11,191 [df12c920-952d-4704-9c70-1a288e2f77c7@group-75987F7FE399-LeaderElection14] INFO  impl.LeaderElection (LeaderElection.java:askForVotes(178)) - df12c920-952d-4704-9c70-1a288e2f77c7@group-75987F7FE399-LeaderElection14: begin an election at term 10 for -1: [875da3d9-0dec-46c7-88bf-73f7a2372b64:192.168.69.89:39990, df12c920-952d-4704-9c70-1a288e2f77c7:192.168.69.89:43948, 9ceef694-dbcf-4070-b7b1-3b3c65b6a699:192.168.69.89:36536], old=null
2019-10-20 10:28:11,197 [grpc-default-executor-1] INFO  impl.RaftServerImpl (RaftServerImpl.java:setRole(184)) - 875da3d9-0dec-46c7-88bf-73f7a2372b64@group-75987F7FE399: changes role from  FOLLOWER to FOLLOWER at term 10 for recognizeCandidate:df12c920-952d-4704-9c70-1a288e2f77c7
2019-10-20 10:28:11,197 [grpc-default-executor-4] INFO  impl.RaftServerImpl (RaftServerImpl.java:setRole(184)) - 9ceef694-dbcf-4070-b7b1-3b3c65b6a699@group-75987F7FE399: changes role from  FOLLOWER to FOLLOWER at term 10 for recognizeCandidate:df12c920-952d-4704-9c70-1a288e2f77c7
2019-10-20 10:28:11,198 [grpc-default-executor-1] INFO  impl.RoleInfo (RoleInfo.java:shutdownFollowerState(121)) - 875da3d9-0dec-46c7-88bf-73f7a2372b64: shutdown FollowerState
2019-10-20 10:28:11,198 [grpc-default-executor-4] INFO  impl.RoleInfo (RoleInfo.java:shutdownFollowerState(121)) - 9ceef694-dbcf-4070-b7b1-3b3c65b6a699: shutdown FollowerState
2019-10-20 10:28:11,198 [grpc-default-executor-1] INFO  impl.RoleInfo (RoleInfo.java:updateAndGet(143)) - 875da3d9-0dec-46c7-88bf-73f7a2372b64: start FollowerState
2019-10-20 10:28:11,198 [grpc-default-executor-4] INFO  impl.RoleInfo (RoleInfo.java:updateAndGet(143)) - 9ceef694-dbcf-4070-b7b1-3b3c65b6a699: start FollowerState
2019-10-20 10:28:11,198 [Thread-287] INFO  impl.FollowerState (FollowerState.java:run(117)) - 875da3d9-0dec-46c7-88bf-73f7a2372b64@group-75987F7FE399-FollowerState was interrupted: java.lang.InterruptedException: sleep interrupted
2019-10-20 10:28:11,198 [Thread-288] INFO  impl.FollowerState (FollowerState.java:run(117)) - 9ceef694-dbcf-4070-b7b1-3b3c65b6a699@group-75987F7FE399-FollowerState was interrupted: java.lang.InterruptedException: sleep interrupted
2019-10-20 10:28:11,208 [df12c920-952d-4704-9c70-1a288e2f77c7@group-75987F7FE399-LeaderElection14] INFO  impl.LeaderElection (LeaderElection.java:logAndReturn(56)) - df12c920-952d-4704-9c70-1a288e2f77c7@group-75987F7FE399-LeaderElection14: Election REJECTED; received 2 response(s) [df12c920-952d-4704-9c70-1a288e2f77c7<-875da3d9-0dec-46c7-88bf-73f7a2372b64#0:FAIL-t10, df12c920-952d-4704-9c70-1a288e2f77c7<-9ceef694-dbcf-4070-b7b1-3b3c65b6a699#0:FAIL-t10] and 0 exception(s); df12c920-952d-4704-9c70-1a288e2f77c7@group-75987F7FE399:t10, leader=null, voted=df12c920-952d-4704-9c70-1a288e2f77c7, raftlog=df12c920-952d-4704-9c70-1a288e2f77c7@group-75987F7FE399-SegmentedRaftLog:OPENED:c-1,f-1,i0, conf=-1: [875da3d9-0dec-46c7-88bf-73f7a2372b64:192.168.69.89:39990, df12c920-952d-4704-9c70-1a288e2f77c7:192.168.69.89:43948, 9ceef694-dbcf-4070-b7b1-3b3c65b6a699:192.168.69.89:36536], old=null
2019-10-20 10:28:11,209 [df12c920-952d-4704-9c70-1a288e2f77c7@group-75987F7FE399-LeaderElection14] INFO  impl.RaftServerImpl (RaftServerImpl.java:setRole(184)) - df12c920-952d-4704-9c70-1a288e2f77c7@group-75987F7FE399: changes role from CANDIDATE to FOLLOWER at term 10 for DISCOVERED_A_NEW_TERM
2019-10-20 10:28:11,210 [df12c920-952d-4704-9c70-1a288e2f77c7@group-75987F7FE399-LeaderElection14] INFO  impl.RoleInfo (RoleInfo.java:shutdownLeaderElection(134)) - df12c920-952d-4704-9c70-1a288e2f77c7: shutdown LeaderElection
2019-10-20 10:28:11,211 [df12c920-952d-4704-9c70-1a288e2f77c7@group-75987F7FE399-LeaderElection14] INFO  impl.RoleInfo (RoleInfo.java:updateAndGet(143)) - df12c920-952d-4704-9c70-1a288e2f77c7: start FollowerState
2019-10-20 10:28:11,254 [IPC Server handler 0 on 36218] INFO  server.SCMBlockProtocolServer (SCMBlockProtocolServer.java:allocateBlock(179)) - Allocating 1 blocks of size 4194304, with ExcludeList {datanodes = [], containerIds = [], pipelineIds = []}
2019-10-20 10:28:11,336 [Thread-297] INFO  impl.FollowerState (FollowerState.java:run(108)) - df12c920-952d-4704-9c70-1a288e2f77c7@group-75987F7FE399-FollowerState: change to CANDIDATE, lastRpcTime:125ms, electionTimeout:124ms
2019-10-20 10:28:11,336 [Thread-297] INFO  impl.RoleInfo (RoleInfo.java:shutdownFollowerState(121)) - df12c920-952d-4704-9c70-1a288e2f77c7: shutdown FollowerState
2019-10-20 10:28:11,337 [Thread-297] INFO  impl.RaftServerImpl (RaftServerImpl.java:setRole(184)) - df12c920-952d-4704-9c70-1a288e2f77c7@group-75987F7FE399: changes role from  FOLLOWER to CANDIDATE at term 10 for changeToCandidate
2019-10-20 10:28:11,337 [Thread-297] INFO  impl.RoleInfo (RoleInfo.java:updateAndGet(143)) - df12c920-952d-4704-9c70-1a288e2f77c7: start LeaderElection
2019-10-20 10:28:11,353 [df12c920-952d-4704-9c70-1a288e2f77c7@group-75987F7FE399-LeaderElection15] INFO  impl.LeaderElection (LeaderElection.java:askForVotes(178)) - df12c920-952d-4704-9c70-1a288e2f77c7@group-75987F7FE399-LeaderElection15: begin an election at term 11 for -1: [875da3d9-0dec-46c7-88bf-73f7a2372b64:192.168.69.89:39990, df12c920-952d-4704-9c70-1a288e2f77c7:192.168.69.89:43948, 9ceef694-dbcf-4070-b7b1-3b3c65b6a699:192.168.69.89:36536], old=null
2019-10-20 10:28:11,361 [grpc-default-executor-4] INFO  impl.RaftServerImpl (RaftServerImpl.java:setRole(184)) - 9ceef694-dbcf-4070-b7b1-3b3c65b6a699@group-75987F7FE399: changes role from  FOLLOWER to FOLLOWER at term 11 for recognizeCandidate:df12c920-952d-4704-9c70-1a288e2f77c7
2019-10-20 10:28:11,361 [grpc-default-executor-1] INFO  impl.RaftServerImpl (RaftServerImpl.java:setRole(184)) - 875da3d9-0dec-46c7-88bf-73f7a2372b64@group-75987F7FE399: changes role from  FOLLOWER to FOLLOWER at term 11 for recognizeCandidate:df12c920-952d-4704-9c70-1a288e2f77c7
2019-10-20 10:28:11,361 [grpc-default-executor-4] INFO  impl.RoleInfo (RoleInfo.java:shutdownFollowerState(121)) - 9ceef694-dbcf-4070-b7b1-3b3c65b6a699: shutdown FollowerState
2019-10-20 10:28:11,361 [grpc-default-executor-1] INFO  impl.RoleInfo (RoleInfo.java:shutdownFollowerState(121)) - 875da3d9-0dec-46c7-88bf-73f7a2372b64: shutdown FollowerState
2019-10-20 10:28:11,361 [Thread-296] INFO  impl.FollowerState (FollowerState.java:run(117)) - 9ceef694-dbcf-4070-b7b1-3b3c65b6a699@group-75987F7FE399-FollowerState was interrupted: java.lang.InterruptedException: sleep interrupted
2019-10-20 10:28:11,361 [Thread-295] INFO  impl.FollowerState (FollowerState.java:run(117)) - 875da3d9-0dec-46c7-88bf-73f7a2372b64@group-75987F7FE399-FollowerState was interrupted: java.lang.InterruptedException: sleep interrupted
2019-10-20 10:28:11,361 [grpc-default-executor-4] INFO  impl.RoleInfo (RoleInfo.java:updateAndGet(143)) - 9ceef694-dbcf-4070-b7b1-3b3c65b6a699: start FollowerState
2019-10-20 10:28:11,361 [grpc-default-executor-1] INFO  impl.RoleInfo (RoleInfo.java:updateAndGet(143)) - 875da3d9-0dec-46c7-88bf-73f7a2372b64: start FollowerState
2019-10-20 10:28:11,372 [Thread-290] INFO  impl.MetricsSystemImpl (MetricsSystemImpl.java:init(158)) - XceiverClientMetrics metrics system started (again)
2019-10-20 10:28:11,379 [df12c920-952d-4704-9c70-1a288e2f77c7@group-75987F7FE399-LeaderElection15] INFO  impl.LeaderElection (LeaderElection.java:logAndReturn(56)) - df12c920-952d-4704-9c70-1a288e2f77c7@group-75987F7FE399-LeaderElection15: Election REJECTED; received 2 response(s) [df12c920-952d-4704-9c70-1a288e2f77c7<-875da3d9-0dec-46c7-88bf-73f7a2372b64#0:FAIL-t11, df12c920-952d-4704-9c70-1a288e2f77c7<-9ceef694-dbcf-4070-b7b1-3b3c65b6a699#0:FAIL-t11] and 0 exception(s); df12c920-952d-4704-9c70-1a288e2f77c7@group-75987F7FE399:t11, leader=null, voted=df12c920-952d-4704-9c70-1a288e2f77c7, raftlog=df12c920-952d-4704-9c70-1a288e2f77c7@group-75987F7FE399-SegmentedRaftLog:OPENED:c-1,f-1,i0, conf=-1: [875da3d9-0dec-46c7-88bf-73f7a2372b64:192.168.69.89:39990, df12c920-952d-4704-9c70-1a288e2f77c7:192.168.69.89:43948, 9ceef694-dbcf-4070-b7b1-3b3c65b6a699:192.168.69.89:36536], old=null
2019-10-20 10:28:11,380 [df12c920-952d-4704-9c70-1a288e2f77c7@group-75987F7FE399-LeaderElection15] INFO  impl.RaftServerImpl (RaftServerImpl.java:setRole(184)) - df12c920-952d-4704-9c70-1a288e2f77c7@group-75987F7FE399: changes role from CANDIDATE to FOLLOWER at term 11 for DISCOVERED_A_NEW_TERM
2019-10-20 10:28:11,380 [df12c920-952d-4704-9c70-1a288e2f77c7@group-75987F7FE399-LeaderElection15] INFO  impl.RoleInfo (RoleInfo.java:shutdownLeaderElection(134)) - df12c920-952d-4704-9c70-1a288e2f77c7: shutdown LeaderElection
2019-10-20 10:28:11,381 [df12c920-952d-4704-9c70-1a288e2f77c7@group-75987F7FE399-LeaderElection15] INFO  impl.RoleInfo (RoleInfo.java:updateAndGet(143)) - df12c920-952d-4704-9c70-1a288e2f77c7: start FollowerState
2019-10-20 10:28:11,391 [Thread-303] INFO  impl.FollowerState (FollowerState.java:run(108)) - df12c920-952d-4704-9c70-1a288e2f77c7@group-75987F7FE399-FollowerState: change to CANDIDATE, lastRpcTime:9ms, electionTimeout:5ms
2019-10-20 10:28:11,393 [Thread-303] INFO  impl.RoleInfo (RoleInfo.java:shutdownFollowerState(121)) - df12c920-952d-4704-9c70-1a288e2f77c7: shutdown FollowerState
2019-10-20 10:28:11,393 [Thread-303] INFO  impl.RaftServerImpl (RaftServerImpl.java:setRole(184)) - df12c920-952d-4704-9c70-1a288e2f77c7@group-75987F7FE399: changes role from  FOLLOWER to CANDIDATE at term 11 for changeToCandidate
2019-10-20 10:28:11,393 [Thread-303] INFO  impl.RoleInfo (RoleInfo.java:updateAndGet(143)) - df12c920-952d-4704-9c70-1a288e2f77c7: start LeaderElection
2019-10-20 10:28:11,407 [df12c920-952d-4704-9c70-1a288e2f77c7@group-75987F7FE399-LeaderElection16] INFO  impl.LeaderElection (LeaderElection.java:askForVotes(178)) - df12c920-952d-4704-9c70-1a288e2f77c7@group-75987F7FE399-LeaderElection16: begin an election at term 12 for -1: [875da3d9-0dec-46c7-88bf-73f7a2372b64:192.168.69.89:39990, df12c920-952d-4704-9c70-1a288e2f77c7:192.168.69.89:43948, 9ceef694-dbcf-4070-b7b1-3b3c65b6a699:192.168.69.89:36536], old=null
2019-10-20 10:28:11,412 [grpc-default-executor-4] INFO  impl.RaftServerImpl (RaftServerImpl.java:setRole(184)) - 9ceef694-dbcf-4070-b7b1-3b3c65b6a699@group-75987F7FE399: changes role from  FOLLOWER to FOLLOWER at term 12 for recognizeCandidate:df12c920-952d-4704-9c70-1a288e2f77c7
2019-10-20 10:28:11,412 [grpc-default-executor-1] INFO  impl.RaftServerImpl (RaftServerImpl.java:setRole(184)) - 875da3d9-0dec-46c7-88bf-73f7a2372b64@group-75987F7FE399: changes role from  FOLLOWER to FOLLOWER at term 12 for recognizeCandidate:df12c920-952d-4704-9c70-1a288e2f77c7
2019-10-20 10:28:11,412 [grpc-default-executor-4] INFO  impl.RoleInfo (RoleInfo.java:shutdownFollowerState(121)) - 9ceef694-dbcf-4070-b7b1-3b3c65b6a699: shutdown FollowerState
2019-10-20 10:28:11,413 [grpc-default-executor-1] INFO  impl.RoleInfo (RoleInfo.java:shutdownFollowerState(121)) - 875da3d9-0dec-46c7-88bf-73f7a2372b64: shutdown FollowerState
2019-10-20 10:28:11,413 [Thread-301] INFO  impl.FollowerState (FollowerState.java:run(117)) - 9ceef694-dbcf-4070-b7b1-3b3c65b6a699@group-75987F7FE399-FollowerState was interrupted: java.lang.InterruptedException: sleep interrupted
2019-10-20 10:28:11,413 [grpc-default-executor-4] INFO  impl.RoleInfo (RoleInfo.java:updateAndGet(143)) - 9ceef694-dbcf-4070-b7b1-3b3c65b6a699: start FollowerState
2019-10-20 10:28:11,413 [Thread-302] INFO  impl.FollowerState (FollowerState.java:run(117)) - 875da3d9-0dec-46c7-88bf-73f7a2372b64@group-75987F7FE399-FollowerState was interrupted: java.lang.InterruptedException: sleep interrupted
2019-10-20 10:28:11,413 [grpc-default-executor-1] INFO  impl.RoleInfo (RoleInfo.java:updateAndGet(143)) - 875da3d9-0dec-46c7-88bf-73f7a2372b64: start FollowerState
2019-10-20 10:28:11,422 [df12c920-952d-4704-9c70-1a288e2f77c7@group-75987F7FE399-LeaderElection16] INFO  impl.LeaderElection (LeaderElection.java:logAndReturn(56)) - df12c920-952d-4704-9c70-1a288e2f77c7@group-75987F7FE399-LeaderElection16: Election TIMEOUT; received 0 response(s) [] and 0 exception(s); df12c920-952d-4704-9c70-1a288e2f77c7@group-75987F7FE399:t12, leader=null, voted=df12c920-952d-4704-9c70-1a288e2f77c7, raftlog=df12c920-952d-4704-9c70-1a288e2f77c7@group-75987F7FE399-SegmentedRaftLog:OPENED:c-1,f-1,i0, conf=-1: [875da3d9-0dec-46c7-88bf-73f7a2372b64:192.168.69.89:39990, df12c920-952d-4704-9c70-1a288e2f77c7:192.168.69.89:43948, 9ceef694-dbcf-4070-b7b1-3b3c65b6a699:192.168.69.89:36536], old=null
2019-10-20 10:28:11,441 [df12c920-952d-4704-9c70-1a288e2f77c7@group-75987F7FE399-LeaderElection16] INFO  impl.LeaderElection (LeaderElection.java:askForVotes(178)) - df12c920-952d-4704-9c70-1a288e2f77c7@group-75987F7FE399-LeaderElection16: begin an election at term 13 for -1: [875da3d9-0dec-46c7-88bf-73f7a2372b64:192.168.69.89:39990, df12c920-952d-4704-9c70-1a288e2f77c7:192.168.69.89:43948, 9ceef694-dbcf-4070-b7b1-3b3c65b6a699:192.168.69.89:36536], old=null
2019-10-20 10:28:11,450 [grpc-default-executor-1] INFO  impl.RaftServerImpl (RaftServerImpl.java:setRole(184)) - 875da3d9-0dec-46c7-88bf-73f7a2372b64@group-75987F7FE399: changes role from  FOLLOWER to FOLLOWER at term 13 for recognizeCandidate:df12c920-952d-4704-9c70-1a288e2f77c7
2019-10-20 10:28:11,451 [grpc-default-executor-1] INFO  impl.RoleInfo (RoleInfo.java:shutdownFollowerState(121)) - 875da3d9-0dec-46c7-88bf-73f7a2372b64: shutdown FollowerState
2019-10-20 10:28:11,451 [grpc-default-executor-1] INFO  impl.RoleInfo (RoleInfo.java:updateAndGet(143)) - 875da3d9-0dec-46c7-88bf-73f7a2372b64: start FollowerState
2019-10-20 10:28:11,451 [Thread-308] INFO  impl.FollowerState (FollowerState.java:run(117)) - 875da3d9-0dec-46c7-88bf-73f7a2372b64@group-75987F7FE399-FollowerState was interrupted: java.lang.InterruptedException: sleep interrupted
2019-10-20 10:28:11,451 [grpc-default-executor-3] INFO  impl.RaftServerImpl (RaftServerImpl.java:setRole(184)) - 9ceef694-dbcf-4070-b7b1-3b3c65b6a699@group-75987F7FE399: changes role from  FOLLOWER to FOLLOWER at term 13 for recognizeCandidate:df12c920-952d-4704-9c70-1a288e2f77c7
2019-10-20 10:28:11,452 [grpc-default-executor-3] INFO  impl.RoleInfo (RoleInfo.java:shutdownFollowerState(121)) - 9ceef694-dbcf-4070-b7b1-3b3c65b6a699: shutdown FollowerState
2019-10-20 10:28:11,452 [grpc-default-executor-3] INFO  impl.RoleInfo (RoleInfo.java:updateAndGet(143)) - 9ceef694-dbcf-4070-b7b1-3b3c65b6a699: start FollowerState
2019-10-20 10:28:11,452 [Thread-307] INFO  impl.FollowerState (FollowerState.java:run(117)) - 9ceef694-dbcf-4070-b7b1-3b3c65b6a699@group-75987F7FE399-FollowerState was interrupted: java.lang.InterruptedException: sleep interrupted
2019-10-20 10:28:11,480 [df12c920-952d-4704-9c70-1a288e2f77c7@group-75987F7FE399-LeaderElection16] INFO  impl.LeaderElection (LeaderElection.java:logAndReturn(56)) - df12c920-952d-4704-9c70-1a288e2f77c7@group-75987F7FE399-LeaderElection16: Election REJECTED; received 2 response(s) [df12c920-952d-4704-9c70-1a288e2f77c7<-875da3d9-0dec-46c7-88bf-73f7a2372b64#0:FAIL-t13, df12c920-952d-4704-9c70-1a288e2f77c7<-9ceef694-dbcf-4070-b7b1-3b3c65b6a699#0:FAIL-t13] and 0 exception(s); df12c920-952d-4704-9c70-1a288e2f77c7@group-75987F7FE399:t13, leader=null, voted=df12c920-952d-4704-9c70-1a288e2f77c7, raftlog=df12c920-952d-4704-9c70-1a288e2f77c7@group-75987F7FE399-SegmentedRaftLog:OPENED:c-1,f-1,i0, conf=-1: [875da3d9-0dec-46c7-88bf-73f7a2372b64:192.168.69.89:39990, df12c920-952d-4704-9c70-1a288e2f77c7:192.168.69.89:43948, 9ceef694-dbcf-4070-b7b1-3b3c65b6a699:192.168.69.89:36536], old=null
2019-10-20 10:28:11,480 [df12c920-952d-4704-9c70-1a288e2f77c7@group-75987F7FE399-LeaderElection16] INFO  impl.RaftServerImpl (RaftServerImpl.java:setRole(184)) - df12c920-952d-4704-9c70-1a288e2f77c7@group-75987F7FE399: changes role from CANDIDATE to FOLLOWER at term 13 for DISCOVERED_A_NEW_TERM
2019-10-20 10:28:11,480 [df12c920-952d-4704-9c70-1a288e2f77c7@group-75987F7FE399-LeaderElection16] INFO  impl.RoleInfo (RoleInfo.java:shutdownLeaderElection(134)) - df12c920-952d-4704-9c70-1a288e2f77c7: shutdown LeaderElection
2019-10-20 10:28:11,480 [df12c920-952d-4704-9c70-1a288e2f77c7@group-75987F7FE399-LeaderElection16] INFO  impl.RoleInfo (RoleInfo.java:updateAndGet(143)) - df12c920-952d-4704-9c70-1a288e2f77c7: start FollowerState
2019-10-20 10:28:11,593 [Thread-199] INFO  container.ReplicationManager (ReplicationManager.java:start(162)) - Starting Replication Monitor Thread.
2019-10-20 10:28:11,596 [Thread-316] INFO  impl.FollowerState (FollowerState.java:run(108)) - df12c920-952d-4704-9c70-1a288e2f77c7@group-75987F7FE399-FollowerState: change to CANDIDATE, lastRpcTime:115ms, electionTimeout:115ms
2019-10-20 10:28:11,596 [Thread-316] INFO  impl.RoleInfo (RoleInfo.java:shutdownFollowerState(121)) - df12c920-952d-4704-9c70-1a288e2f77c7: shutdown FollowerState
2019-10-20 10:28:11,596 [Thread-316] INFO  impl.RaftServerImpl (RaftServerImpl.java:setRole(184)) - df12c920-952d-4704-9c70-1a288e2f77c7@group-75987F7FE399: changes role from  FOLLOWER to CANDIDATE at term 13 for changeToCandidate
2019-10-20 10:28:11,596 [Thread-316] INFO  impl.RoleInfo (RoleInfo.java:updateAndGet(143)) - df12c920-952d-4704-9c70-1a288e2f77c7: start LeaderElection
2019-10-20 10:28:11,600 [ReplicationMonitor] INFO  container.ReplicationManager (ReplicationManager.java:run(225)) - Replication Monitor Thread took 4 milliseconds for processing 1 containers.
2019-10-20 10:28:11,623 [df12c920-952d-4704-9c70-1a288e2f77c7@group-75987F7FE399-LeaderElection17] INFO  impl.LeaderElection (LeaderElection.java:askForVotes(178)) - df12c920-952d-4704-9c70-1a288e2f77c7@group-75987F7FE399-LeaderElection17: begin an election at term 14 for -1: [875da3d9-0dec-46c7-88bf-73f7a2372b64:192.168.69.89:39990, df12c920-952d-4704-9c70-1a288e2f77c7:192.168.69.89:43948, 9ceef694-dbcf-4070-b7b1-3b3c65b6a699:192.168.69.89:36536], old=null
2019-10-20 10:28:11,629 [grpc-default-executor-1] INFO  impl.RaftServerImpl (RaftServerImpl.java:setRole(184)) - 875da3d9-0dec-46c7-88bf-73f7a2372b64@group-75987F7FE399: changes role from  FOLLOWER to FOLLOWER at term 14 for recognizeCandidate:df12c920-952d-4704-9c70-1a288e2f77c7
2019-10-20 10:28:11,629 [grpc-default-executor-3] INFO  impl.RaftServerImpl (RaftServerImpl.java:setRole(184)) - 9ceef694-dbcf-4070-b7b1-3b3c65b6a699@group-75987F7FE399: changes role from  FOLLOWER to FOLLOWER at term 14 for recognizeCandidate:df12c920-952d-4704-9c70-1a288e2f77c7
2019-10-20 10:28:11,629 [grpc-default-executor-1] INFO  impl.RoleInfo (RoleInfo.java:shutdownFollowerState(121)) - 875da3d9-0dec-46c7-88bf-73f7a2372b64: shutdown FollowerState
2019-10-20 10:28:11,630 [grpc-default-executor-3] INFO  impl.RoleInfo (RoleInfo.java:shutdownFollowerState(121)) - 9ceef694-dbcf-4070-b7b1-3b3c65b6a699: shutdown FollowerState
2019-10-20 10:28:11,630 [Thread-311] INFO  impl.FollowerState (FollowerState.java:run(117)) - 875da3d9-0dec-46c7-88bf-73f7a2372b64@group-75987F7FE399-FollowerState was interrupted: java.lang.InterruptedException: sleep interrupted
2019-10-20 10:28:11,630 [Thread-312] INFO  impl.FollowerState (FollowerState.java:run(117)) - 9ceef694-dbcf-4070-b7b1-3b3c65b6a699@group-75987F7FE399-FollowerState was interrupted: java.lang.InterruptedException: sleep interrupted
2019-10-20 10:28:11,630 [grpc-default-executor-3] INFO  impl.RoleInfo (RoleInfo.java:updateAndGet(143)) - 9ceef694-dbcf-4070-b7b1-3b3c65b6a699: start FollowerState
2019-10-20 10:28:11,630 [grpc-default-executor-1] INFO  impl.RoleInfo (RoleInfo.java:updateAndGet(143)) - 875da3d9-0dec-46c7-88bf-73f7a2372b64: start FollowerState
2019-10-20 10:28:11,652 [df12c920-952d-4704-9c70-1a288e2f77c7@group-75987F7FE399-LeaderElection17] INFO  impl.LeaderElection (LeaderElection.java:logAndReturn(56)) - df12c920-952d-4704-9c70-1a288e2f77c7@group-75987F7FE399-LeaderElection17: Election REJECTED; received 2 response(s) [df12c920-952d-4704-9c70-1a288e2f77c7<-875da3d9-0dec-46c7-88bf-73f7a2372b64#0:FAIL-t14, df12c920-952d-4704-9c70-1a288e2f77c7<-9ceef694-dbcf-4070-b7b1-3b3c65b6a699#0:FAIL-t14] and 0 exception(s); df12c920-952d-4704-9c70-1a288e2f77c7@group-75987F7FE399:t14, leader=null, voted=df12c920-952d-4704-9c70-1a288e2f77c7, raftlog=df12c920-952d-4704-9c70-1a288e2f77c7@group-75987F7FE399-SegmentedRaftLog:OPENED:c-1,f-1,i0, conf=-1: [875da3d9-0dec-46c7-88bf-73f7a2372b64:192.168.69.89:39990, df12c920-952d-4704-9c70-1a288e2f77c7:192.168.69.89:43948, 9ceef694-dbcf-4070-b7b1-3b3c65b6a699:192.168.69.89:36536], old=null
2019-10-20 10:28:11,652 [df12c920-952d-4704-9c70-1a288e2f77c7@group-75987F7FE399-LeaderElection17] INFO  impl.RaftServerImpl (RaftServerImpl.java:setRole(184)) - df12c920-952d-4704-9c70-1a288e2f77c7@group-75987F7FE399: changes role from CANDIDATE to FOLLOWER at term 14 for DISCOVERED_A_NEW_TERM
2019-10-20 10:28:11,652 [df12c920-952d-4704-9c70-1a288e2f77c7@group-75987F7FE399-LeaderElection17] INFO  impl.RoleInfo (RoleInfo.java:shutdownLeaderElection(134)) - df12c920-952d-4704-9c70-1a288e2f77c7: shutdown LeaderElection
2019-10-20 10:28:11,653 [df12c920-952d-4704-9c70-1a288e2f77c7@group-75987F7FE399-LeaderElection17] INFO  impl.RoleInfo (RoleInfo.java:updateAndGet(143)) - df12c920-952d-4704-9c70-1a288e2f77c7: start FollowerState
2019-10-20 10:28:11,725 [Thread-323] INFO  impl.FollowerState (FollowerState.java:run(108)) - df12c920-952d-4704-9c70-1a288e2f77c7@group-75987F7FE399-FollowerState: change to CANDIDATE, lastRpcTime:72ms, electionTimeout:71ms
2019-10-20 10:28:11,726 [Thread-323] INFO  impl.RoleInfo (RoleInfo.java:shutdownFollowerState(121)) - df12c920-952d-4704-9c70-1a288e2f77c7: shutdown FollowerState
2019-10-20 10:28:11,726 [Thread-323] INFO  impl.RaftServerImpl (RaftServerImpl.java:setRole(184)) - df12c920-952d-4704-9c70-1a288e2f77c7@group-75987F7FE399: changes role from  FOLLOWER to CANDIDATE at term 14 for changeToCandidate
2019-10-20 10:28:11,727 [Thread-323] INFO  impl.RoleInfo (RoleInfo.java:updateAndGet(143)) - df12c920-952d-4704-9c70-1a288e2f77c7: start LeaderElection
2019-10-20 10:28:11,742 [df12c920-952d-4704-9c70-1a288e2f77c7@group-75987F7FE399-LeaderElection18] INFO  impl.LeaderElection (LeaderElection.java:askForVotes(178)) - df12c920-952d-4704-9c70-1a288e2f77c7@group-75987F7FE399-LeaderElection18: begin an election at term 15 for -1: [875da3d9-0dec-46c7-88bf-73f7a2372b64:192.168.69.89:39990, df12c920-952d-4704-9c70-1a288e2f77c7:192.168.69.89:43948, 9ceef694-dbcf-4070-b7b1-3b3c65b6a699:192.168.69.89:36536], old=null
2019-10-20 10:28:11,752 [grpc-default-executor-3] INFO  impl.RaftServerImpl (RaftServerImpl.java:setRole(184)) - 875da3d9-0dec-46c7-88bf-73f7a2372b64@group-75987F7FE399: changes role from  FOLLOWER to FOLLOWER at term 15 for recognizeCandidate:df12c920-952d-4704-9c70-1a288e2f77c7
2019-10-20 10:28:11,752 [grpc-default-executor-1] INFO  impl.RaftServerImpl (RaftServerImpl.java:setRole(184)) - 9ceef694-dbcf-4070-b7b1-3b3c65b6a699@group-75987F7FE399: changes role from  FOLLOWER to FOLLOWER at term 15 for recognizeCandidate:df12c920-952d-4704-9c70-1a288e2f77c7
2019-10-20 10:28:11,752 [grpc-default-executor-3] INFO  impl.RoleInfo (RoleInfo.java:shutdownFollowerState(121)) - 875da3d9-0dec-46c7-88bf-73f7a2372b64: shutdown FollowerState
2019-10-20 10:28:11,752 [grpc-default-executor-1] INFO  impl.RoleInfo (RoleInfo.java:shutdownFollowerState(121)) - 9ceef694-dbcf-4070-b7b1-3b3c65b6a699: shutdown FollowerState
2019-10-20 10:28:11,752 [grpc-default-executor-3] INFO  impl.RoleInfo (RoleInfo.java:updateAndGet(143)) - 875da3d9-0dec-46c7-88bf-73f7a2372b64: start FollowerState
2019-10-20 10:28:11,753 [Thread-322] INFO  impl.FollowerState (FollowerState.java:run(117)) - 9ceef694-dbcf-4070-b7b1-3b3c65b6a699@group-75987F7FE399-FollowerState was interrupted: java.lang.InterruptedException: sleep interrupted
2019-10-20 10:28:11,753 [grpc-default-executor-1] INFO  impl.RoleInfo (RoleInfo.java:updateAndGet(143)) - 9ceef694-dbcf-4070-b7b1-3b3c65b6a699: start FollowerState
2019-10-20 10:28:11,752 [Thread-321] INFO  impl.FollowerState (FollowerState.java:run(117)) - 875da3d9-0dec-46c7-88bf-73f7a2372b64@group-75987F7FE399-FollowerState was interrupted: java.lang.InterruptedException: sleep interrupted
2019-10-20 10:28:11,768 [df12c920-952d-4704-9c70-1a288e2f77c7@group-75987F7FE399-LeaderElection18] INFO  impl.LeaderElection (LeaderElection.java:logAndReturn(56)) - df12c920-952d-4704-9c70-1a288e2f77c7@group-75987F7FE399-LeaderElection18: Election REJECTED; received 2 response(s) [df12c920-952d-4704-9c70-1a288e2f77c7<-875da3d9-0dec-46c7-88bf-73f7a2372b64#0:FAIL-t15, df12c920-952d-4704-9c70-1a288e2f77c7<-9ceef694-dbcf-4070-b7b1-3b3c65b6a699#0:FAIL-t15] and 0 exception(s); df12c920-952d-4704-9c70-1a288e2f77c7@group-75987F7FE399:t15, leader=null, voted=df12c920-952d-4704-9c70-1a288e2f77c7, raftlog=df12c920-952d-4704-9c70-1a288e2f77c7@group-75987F7FE399-SegmentedRaftLog:OPENED:c-1,f-1,i0, conf=-1: [875da3d9-0dec-46c7-88bf-73f7a2372b64:192.168.69.89:39990, df12c920-952d-4704-9c70-1a288e2f77c7:192.168.69.89:43948, 9ceef694-dbcf-4070-b7b1-3b3c65b6a699:192.168.69.89:36536], old=null
2019-10-20 10:28:11,768 [df12c920-952d-4704-9c70-1a288e2f77c7@group-75987F7FE399-LeaderElection18] INFO  impl.RaftServerImpl (RaftServerImpl.java:setRole(184)) - df12c920-952d-4704-9c70-1a288e2f77c7@group-75987F7FE399: changes role from CANDIDATE to FOLLOWER at term 15 for DISCOVERED_A_NEW_TERM
2019-10-20 10:28:11,768 [df12c920-952d-4704-9c70-1a288e2f77c7@group-75987F7FE399-LeaderElection18] INFO  impl.RoleInfo (RoleInfo.java:shutdownLeaderElection(134)) - df12c920-952d-4704-9c70-1a288e2f77c7: shutdown LeaderElection
2019-10-20 10:28:11,768 [df12c920-952d-4704-9c70-1a288e2f77c7@group-75987F7FE399-LeaderElection18] INFO  impl.RoleInfo (RoleInfo.java:updateAndGet(143)) - df12c920-952d-4704-9c70-1a288e2f77c7: start FollowerState
2019-10-20 10:28:11,801 [Thread-329] INFO  impl.FollowerState (FollowerState.java:run(108)) - df12c920-952d-4704-9c70-1a288e2f77c7@group-75987F7FE399-FollowerState: change to CANDIDATE, lastRpcTime:32ms, electionTimeout:32ms
2019-10-20 10:28:11,806 [Thread-329] INFO  impl.RoleInfo (RoleInfo.java:shutdownFollowerState(121)) - df12c920-952d-4704-9c70-1a288e2f77c7: shutdown FollowerState
2019-10-20 10:28:11,806 [Thread-329] INFO  impl.RaftServerImpl (RaftServerImpl.java:setRole(184)) - df12c920-952d-4704-9c70-1a288e2f77c7@group-75987F7FE399: changes role from  FOLLOWER to CANDIDATE at term 15 for changeToCandidate
2019-10-20 10:28:11,806 [Thread-329] INFO  impl.RoleInfo (RoleInfo.java:updateAndGet(143)) - df12c920-952d-4704-9c70-1a288e2f77c7: start LeaderElection
2019-10-20 10:28:11,820 [df12c920-952d-4704-9c70-1a288e2f77c7@group-75987F7FE399-LeaderElection19] INFO  impl.LeaderElection (LeaderElection.java:askForVotes(178)) - df12c920-952d-4704-9c70-1a288e2f77c7@group-75987F7FE399-LeaderElection19: begin an election at term 16 for -1: [875da3d9-0dec-46c7-88bf-73f7a2372b64:192.168.69.89:39990, df12c920-952d-4704-9c70-1a288e2f77c7:192.168.69.89:43948, 9ceef694-dbcf-4070-b7b1-3b3c65b6a699:192.168.69.89:36536], old=null
2019-10-20 10:28:11,852 [grpc-default-executor-1] INFO  impl.RaftServerImpl (RaftServerImpl.java:setRole(184)) - 875da3d9-0dec-46c7-88bf-73f7a2372b64@group-75987F7FE399: changes role from  FOLLOWER to FOLLOWER at term 16 for recognizeCandidate:df12c920-952d-4704-9c70-1a288e2f77c7
2019-10-20 10:28:11,852 [grpc-default-executor-3] INFO  impl.RaftServerImpl (RaftServerImpl.java:setRole(184)) - 9ceef694-dbcf-4070-b7b1-3b3c65b6a699@group-75987F7FE399: changes role from  FOLLOWER to FOLLOWER at term 16 for recognizeCandidate:df12c920-952d-4704-9c70-1a288e2f77c7
2019-10-20 10:28:11,852 [grpc-default-executor-1] INFO  impl.RoleInfo (RoleInfo.java:shutdownFollowerState(121)) - 875da3d9-0dec-46c7-88bf-73f7a2372b64: shutdown FollowerState
2019-10-20 10:28:11,852 [grpc-default-executor-3] INFO  impl.RoleInfo (RoleInfo.java:shutdownFollowerState(121)) - 9ceef694-dbcf-4070-b7b1-3b3c65b6a699: shutdown FollowerState
2019-10-20 10:28:11,857 [grpc-default-executor-3] INFO  impl.RoleInfo (RoleInfo.java:updateAndGet(143)) - 9ceef694-dbcf-4070-b7b1-3b3c65b6a699: start FollowerState
2019-10-20 10:28:11,857 [Thread-327] INFO  impl.FollowerState (FollowerState.java:run(117)) - 875da3d9-0dec-46c7-88bf-73f7a2372b64@group-75987F7FE399-FollowerState was interrupted: java.lang.InterruptedException: sleep interrupted
2019-10-20 10:28:11,857 [grpc-default-executor-1] INFO  impl.RoleInfo (RoleInfo.java:updateAndGet(143)) - 875da3d9-0dec-46c7-88bf-73f7a2372b64: start FollowerState
2019-10-20 10:28:11,857 [Thread-328] INFO  impl.FollowerState (FollowerState.java:run(117)) - 9ceef694-dbcf-4070-b7b1-3b3c65b6a699@group-75987F7FE399-FollowerState was interrupted: java.lang.InterruptedException: sleep interrupted
2019-10-20 10:28:11,888 [df12c920-952d-4704-9c70-1a288e2f77c7@group-75987F7FE399-LeaderElection19] INFO  impl.LeaderElection (LeaderElection.java:logAndReturn(56)) - df12c920-952d-4704-9c70-1a288e2f77c7@group-75987F7FE399-LeaderElection19: Election REJECTED; received 2 response(s) [df12c920-952d-4704-9c70-1a288e2f77c7<-875da3d9-0dec-46c7-88bf-73f7a2372b64#0:FAIL-t16, df12c920-952d-4704-9c70-1a288e2f77c7<-9ceef694-dbcf-4070-b7b1-3b3c65b6a699#0:FAIL-t16] and 0 exception(s); df12c920-952d-4704-9c70-1a288e2f77c7@group-75987F7FE399:t16, leader=null, voted=df12c920-952d-4704-9c70-1a288e2f77c7, raftlog=df12c920-952d-4704-9c70-1a288e2f77c7@group-75987F7FE399-SegmentedRaftLog:OPENED:c-1,f-1,i0, conf=-1: [875da3d9-0dec-46c7-88bf-73f7a2372b64:192.168.69.89:39990, df12c920-952d-4704-9c70-1a288e2f77c7:192.168.69.89:43948, 9ceef694-dbcf-4070-b7b1-3b3c65b6a699:192.168.69.89:36536], old=null
2019-10-20 10:28:11,889 [df12c920-952d-4704-9c70-1a288e2f77c7@group-75987F7FE399-LeaderElection19] INFO  impl.RaftServerImpl (RaftServerImpl.java:setRole(184)) - df12c920-952d-4704-9c70-1a288e2f77c7@group-75987F7FE399: changes role from CANDIDATE to FOLLOWER at term 16 for DISCOVERED_A_NEW_TERM
2019-10-20 10:28:11,889 [df12c920-952d-4704-9c70-1a288e2f77c7@group-75987F7FE399-LeaderElection19] INFO  impl.RoleInfo (RoleInfo.java:shutdownLeaderElection(134)) - df12c920-952d-4704-9c70-1a288e2f77c7: shutdown LeaderElection
2019-10-20 10:28:11,890 [df12c920-952d-4704-9c70-1a288e2f77c7@group-75987F7FE399-LeaderElection19] INFO  impl.RoleInfo (RoleInfo.java:updateAndGet(143)) - df12c920-952d-4704-9c70-1a288e2f77c7: start FollowerState
2019-10-20 10:28:11,967 [Thread-335] INFO  impl.FollowerState (FollowerState.java:run(108)) - df12c920-952d-4704-9c70-1a288e2f77c7@group-75987F7FE399-FollowerState: change to CANDIDATE, lastRpcTime:76ms, electionTimeout:75ms
2019-10-20 10:28:11,969 [Thread-335] INFO  impl.RoleInfo (RoleInfo.java:shutdownFollowerState(121)) - df12c920-952d-4704-9c70-1a288e2f77c7: shutdown FollowerState
2019-10-20 10:28:11,969 [Thread-335] INFO  impl.RaftServerImpl (RaftServerImpl.java:setRole(184)) - df12c920-952d-4704-9c70-1a288e2f77c7@group-75987F7FE399: changes role from  FOLLOWER to CANDIDATE at term 16 for changeToCandidate
2019-10-20 10:28:11,969 [Thread-335] INFO  impl.RoleInfo (RoleInfo.java:updateAndGet(143)) - df12c920-952d-4704-9c70-1a288e2f77c7: start LeaderElection
2019-10-20 10:28:11,985 [df12c920-952d-4704-9c70-1a288e2f77c7@group-75987F7FE399-LeaderElection20] INFO  impl.LeaderElection (LeaderElection.java:askForVotes(178)) - df12c920-952d-4704-9c70-1a288e2f77c7@group-75987F7FE399-LeaderElection20: begin an election at term 17 for -1: [875da3d9-0dec-46c7-88bf-73f7a2372b64:192.168.69.89:39990, df12c920-952d-4704-9c70-1a288e2f77c7:192.168.69.89:43948, 9ceef694-dbcf-4070-b7b1-3b3c65b6a699:192.168.69.89:36536], old=null
2019-10-20 10:28:11,992 [grpc-default-executor-3] INFO  impl.RaftServerImpl (RaftServerImpl.java:setRole(184)) - 9ceef694-dbcf-4070-b7b1-3b3c65b6a699@group-75987F7FE399: changes role from  FOLLOWER to FOLLOWER at term 17 for recognizeCandidate:df12c920-952d-4704-9c70-1a288e2f77c7
2019-10-20 10:28:11,992 [grpc-default-executor-1] INFO  impl.RaftServerImpl (RaftServerImpl.java:setRole(184)) - 875da3d9-0dec-46c7-88bf-73f7a2372b64@group-75987F7FE399: changes role from  FOLLOWER to FOLLOWER at term 17 for recognizeCandidate:df12c920-952d-4704-9c70-1a288e2f77c7
2019-10-20 10:28:11,993 [grpc-default-executor-3] INFO  impl.RoleInfo (RoleInfo.java:shutdownFollowerState(121)) - 9ceef694-dbcf-4070-b7b1-3b3c65b6a699: shutdown FollowerState
2019-10-20 10:28:11,993 [grpc-default-executor-1] INFO  impl.RoleInfo (RoleInfo.java:shutdownFollowerState(121)) - 875da3d9-0dec-46c7-88bf-73f7a2372b64: shutdown FollowerState
2019-10-20 10:28:11,993 [Thread-333] INFO  impl.FollowerState (FollowerState.java:run(117)) - 9ceef694-dbcf-4070-b7b1-3b3c65b6a699@group-75987F7FE399-FollowerState was interrupted: java.lang.InterruptedException: sleep interrupted
2019-10-20 10:28:11,993 [grpc-default-executor-1] INFO  impl.RoleInfo (RoleInfo.java:updateAndGet(143)) - 875da3d9-0dec-46c7-88bf-73f7a2372b64: start FollowerState
2019-10-20 10:28:11,993 [grpc-default-executor-3] INFO  impl.RoleInfo (RoleInfo.java:updateAndGet(143)) - 9ceef694-dbcf-4070-b7b1-3b3c65b6a699: start FollowerState
2019-10-20 10:28:11,993 [Thread-334] INFO  impl.FollowerState (FollowerState.java:run(117)) - 875da3d9-0dec-46c7-88bf-73f7a2372b64@group-75987F7FE399-FollowerState was interrupted: java.lang.InterruptedException: sleep interrupted
2019-10-20 10:28:12,010 [df12c920-952d-4704-9c70-1a288e2f77c7@group-75987F7FE399-LeaderElection20] INFO  impl.LeaderElection (LeaderElection.java:logAndReturn(56)) - df12c920-952d-4704-9c70-1a288e2f77c7@group-75987F7FE399-LeaderElection20: Election REJECTED; received 2 response(s) [df12c920-952d-4704-9c70-1a288e2f77c7<-875da3d9-0dec-46c7-88bf-73f7a2372b64#0:FAIL-t17, df12c920-952d-4704-9c70-1a288e2f77c7<-9ceef694-dbcf-4070-b7b1-3b3c65b6a699#0:FAIL-t17] and 0 exception(s); df12c920-952d-4704-9c70-1a288e2f77c7@group-75987F7FE399:t17, leader=null, voted=df12c920-952d-4704-9c70-1a288e2f77c7, raftlog=df12c920-952d-4704-9c70-1a288e2f77c7@group-75987F7FE399-SegmentedRaftLog:OPENED:c-1,f-1,i0, conf=-1: [875da3d9-0dec-46c7-88bf-73f7a2372b64:192.168.69.89:39990, df12c920-952d-4704-9c70-1a288e2f77c7:192.168.69.89:43948, 9ceef694-dbcf-4070-b7b1-3b3c65b6a699:192.168.69.89:36536], old=null
2019-10-20 10:28:12,011 [df12c920-952d-4704-9c70-1a288e2f77c7@group-75987F7FE399-LeaderElection20] INFO  impl.RaftServerImpl (RaftServerImpl.java:setRole(184)) - df12c920-952d-4704-9c70-1a288e2f77c7@group-75987F7FE399: changes role from CANDIDATE to FOLLOWER at term 17 for DISCOVERED_A_NEW_TERM
2019-10-20 10:28:12,011 [df12c920-952d-4704-9c70-1a288e2f77c7@group-75987F7FE399-LeaderElection20] INFO  impl.RoleInfo (RoleInfo.java:shutdownLeaderElection(134)) - df12c920-952d-4704-9c70-1a288e2f77c7: shutdown LeaderElection
2019-10-20 10:28:12,011 [df12c920-952d-4704-9c70-1a288e2f77c7@group-75987F7FE399-LeaderElection20] INFO  impl.RoleInfo (RoleInfo.java:updateAndGet(143)) - df12c920-952d-4704-9c70-1a288e2f77c7: start FollowerState
2019-10-20 10:28:12,112 [Thread-341] INFO  impl.FollowerState (FollowerState.java:run(108)) - df12c920-952d-4704-9c70-1a288e2f77c7@group-75987F7FE399-FollowerState: change to CANDIDATE, lastRpcTime:100ms, electionTimeout:100ms
2019-10-20 10:28:12,114 [Thread-341] INFO  impl.RoleInfo (RoleInfo.java:shutdownFollowerState(121)) - df12c920-952d-4704-9c70-1a288e2f77c7: shutdown FollowerState
2019-10-20 10:28:12,114 [Thread-341] INFO  impl.RaftServerImpl (RaftServerImpl.java:setRole(184)) - df12c920-952d-4704-9c70-1a288e2f77c7@group-75987F7FE399: changes role from  FOLLOWER to CANDIDATE at term 17 for changeToCandidate
2019-10-20 10:28:12,114 [Thread-341] INFO  impl.RoleInfo (RoleInfo.java:updateAndGet(143)) - df12c920-952d-4704-9c70-1a288e2f77c7: start LeaderElection
2019-10-20 10:28:12,128 [df12c920-952d-4704-9c70-1a288e2f77c7@group-75987F7FE399-LeaderElection21] INFO  impl.LeaderElection (LeaderElection.java:askForVotes(178)) - df12c920-952d-4704-9c70-1a288e2f77c7@group-75987F7FE399-LeaderElection21: begin an election at term 18 for -1: [875da3d9-0dec-46c7-88bf-73f7a2372b64:192.168.69.89:39990, df12c920-952d-4704-9c70-1a288e2f77c7:192.168.69.89:43948, 9ceef694-dbcf-4070-b7b1-3b3c65b6a699:192.168.69.89:36536], old=null
2019-10-20 10:28:12,132 [grpc-default-executor-3] INFO  impl.RaftServerImpl (RaftServerImpl.java:setRole(184)) - 875da3d9-0dec-46c7-88bf-73f7a2372b64@group-75987F7FE399: changes role from  FOLLOWER to FOLLOWER at term 18 for recognizeCandidate:df12c920-952d-4704-9c70-1a288e2f77c7
2019-10-20 10:28:12,132 [grpc-default-executor-1] INFO  impl.RaftServerImpl (RaftServerImpl.java:setRole(184)) - 9ceef694-dbcf-4070-b7b1-3b3c65b6a699@group-75987F7FE399: changes role from  FOLLOWER to FOLLOWER at term 18 for recognizeCandidate:df12c920-952d-4704-9c70-1a288e2f77c7
2019-10-20 10:28:12,132 [grpc-default-executor-3] INFO  impl.RoleInfo (RoleInfo.java:shutdownFollowerState(121)) - 875da3d9-0dec-46c7-88bf-73f7a2372b64: shutdown FollowerState
2019-10-20 10:28:12,132 [grpc-default-executor-1] INFO  impl.RoleInfo (RoleInfo.java:shutdownFollowerState(121)) - 9ceef694-dbcf-4070-b7b1-3b3c65b6a699: shutdown FollowerState
2019-10-20 10:28:12,132 [Thread-340] INFO  impl.FollowerState (FollowerState.java:run(117)) - 875da3d9-0dec-46c7-88bf-73f7a2372b64@group-75987F7FE399-FollowerState was interrupted: java.lang.InterruptedException: sleep interrupted
2019-10-20 10:28:12,132 [grpc-default-executor-3] INFO  impl.RoleInfo (RoleInfo.java:updateAndGet(143)) - 875da3d9-0dec-46c7-88bf-73f7a2372b64: start FollowerState
2019-10-20 10:28:12,133 [grpc-default-executor-1] INFO  impl.RoleInfo (RoleInfo.java:updateAndGet(143)) - 9ceef694-dbcf-4070-b7b1-3b3c65b6a699: start FollowerState
2019-10-20 10:28:12,133 [Thread-339] INFO  impl.FollowerState (FollowerState.java:run(117)) - 9ceef694-dbcf-4070-b7b1-3b3c65b6a699@group-75987F7FE399-FollowerState was interrupted: java.lang.InterruptedException: sleep interrupted
2019-10-20 10:28:12,144 [df12c920-952d-4704-9c70-1a288e2f77c7@group-75987F7FE399-LeaderElection21] INFO  impl.LeaderElection (LeaderElection.java:logAndReturn(56)) - df12c920-952d-4704-9c70-1a288e2f77c7@group-75987F7FE399-LeaderElection21: Election REJECTED; received 2 response(s) [df12c920-952d-4704-9c70-1a288e2f77c7<-875da3d9-0dec-46c7-88bf-73f7a2372b64#0:FAIL-t18, df12c920-952d-4704-9c70-1a288e2f77c7<-9ceef694-dbcf-4070-b7b1-3b3c65b6a699#0:FAIL-t18] and 0 exception(s); df12c920-952d-4704-9c70-1a288e2f77c7@group-75987F7FE399:t18, leader=null, voted=df12c920-952d-4704-9c70-1a288e2f77c7, raftlog=df12c920-952d-4704-9c70-1a288e2f77c7@group-75987F7FE399-SegmentedRaftLog:OPENED:c-1,f-1,i0, conf=-1: [875da3d9-0dec-46c7-88bf-73f7a2372b64:192.168.69.89:39990, df12c920-952d-4704-9c70-1a288e2f77c7:192.168.69.89:43948, 9ceef694-dbcf-4070-b7b1-3b3c65b6a699:192.168.69.89:36536], old=null
2019-10-20 10:28:12,145 [df12c920-952d-4704-9c70-1a288e2f77c7@group-75987F7FE399-LeaderElection21] INFO  impl.RaftServerImpl (RaftServerImpl.java:setRole(184)) - df12c920-952d-4704-9c70-1a288e2f77c7@group-75987F7FE399: changes role from CANDIDATE to FOLLOWER at term 18 for DISCOVERED_A_NEW_TERM
2019-10-20 10:28:12,145 [df12c920-952d-4704-9c70-1a288e2f77c7@group-75987F7FE399-LeaderElection21] INFO  impl.RoleInfo (RoleInfo.java:shutdownLeaderElection(134)) - df12c920-952d-4704-9c70-1a288e2f77c7: shutdown LeaderElection
2019-10-20 10:28:12,145 [df12c920-952d-4704-9c70-1a288e2f77c7@group-75987F7FE399-LeaderElection21] INFO  impl.RoleInfo (RoleInfo.java:updateAndGet(143)) - df12c920-952d-4704-9c70-1a288e2f77c7: start FollowerState
2019-10-20 10:28:12,188 [Thread-347] INFO  impl.FollowerState (FollowerState.java:run(108)) - df12c920-952d-4704-9c70-1a288e2f77c7@group-75987F7FE399-FollowerState: change to CANDIDATE, lastRpcTime:43ms, electionTimeout:43ms
2019-10-20 10:28:12,190 [Thread-347] INFO  impl.RoleInfo (RoleInfo.java:shutdownFollowerState(121)) - df12c920-952d-4704-9c70-1a288e2f77c7: shutdown FollowerState
2019-10-20 10:28:12,190 [Thread-347] INFO  impl.RaftServerImpl (RaftServerImpl.java:setRole(184)) - df12c920-952d-4704-9c70-1a288e2f77c7@group-75987F7FE399: changes role from  FOLLOWER to CANDIDATE at term 18 for changeToCandidate
2019-10-20 10:28:12,190 [Thread-347] INFO  impl.RoleInfo (RoleInfo.java:updateAndGet(143)) - df12c920-952d-4704-9c70-1a288e2f77c7: start LeaderElection
2019-10-20 10:28:12,205 [df12c920-952d-4704-9c70-1a288e2f77c7@group-75987F7FE399-LeaderElection22] INFO  impl.LeaderElection (LeaderElection.java:askForVotes(178)) - df12c920-952d-4704-9c70-1a288e2f77c7@group-75987F7FE399-LeaderElection22: begin an election at term 19 for -1: [875da3d9-0dec-46c7-88bf-73f7a2372b64:192.168.69.89:39990, df12c920-952d-4704-9c70-1a288e2f77c7:192.168.69.89:43948, 9ceef694-dbcf-4070-b7b1-3b3c65b6a699:192.168.69.89:36536], old=null
2019-10-20 10:28:12,211 [grpc-default-executor-1] INFO  impl.RaftServerImpl (RaftServerImpl.java:setRole(184)) - 875da3d9-0dec-46c7-88bf-73f7a2372b64@group-75987F7FE399: changes role from  FOLLOWER to FOLLOWER at term 19 for recognizeCandidate:df12c920-952d-4704-9c70-1a288e2f77c7
2019-10-20 10:28:12,211 [grpc-default-executor-3] INFO  impl.RaftServerImpl (RaftServerImpl.java:setRole(184)) - 9ceef694-dbcf-4070-b7b1-3b3c65b6a699@group-75987F7FE399: changes role from  FOLLOWER to FOLLOWER at term 19 for recognizeCandidate:df12c920-952d-4704-9c70-1a288e2f77c7
2019-10-20 10:28:12,211 [grpc-default-executor-1] INFO  impl.RoleInfo (RoleInfo.java:shutdownFollowerState(121)) - 875da3d9-0dec-46c7-88bf-73f7a2372b64: shutdown FollowerState
2019-10-20 10:28:12,211 [grpc-default-executor-3] INFO  impl.RoleInfo (RoleInfo.java:shutdownFollowerState(121)) - 9ceef694-dbcf-4070-b7b1-3b3c65b6a699: shutdown FollowerState
2019-10-20 10:28:12,212 [Thread-345] INFO  impl.FollowerState (FollowerState.java:run(117)) - 875da3d9-0dec-46c7-88bf-73f7a2372b64@group-75987F7FE399-FollowerState was interrupted: java.lang.InterruptedException: sleep interrupted
2019-10-20 10:28:12,212 [grpc-default-executor-3] INFO  impl.RoleInfo (RoleInfo.java:updateAndGet(143)) - 9ceef694-dbcf-4070-b7b1-3b3c65b6a699: start FollowerState
2019-10-20 10:28:12,212 [grpc-default-executor-1] INFO  impl.RoleInfo (RoleInfo.java:updateAndGet(143)) - 875da3d9-0dec-46c7-88bf-73f7a2372b64: start FollowerState
2019-10-20 10:28:12,212 [Thread-346] INFO  impl.FollowerState (FollowerState.java:run(117)) - 9ceef694-dbcf-4070-b7b1-3b3c65b6a699@group-75987F7FE399-FollowerState was interrupted: java.lang.InterruptedException: sleep interrupted
2019-10-20 10:28:12,238 [df12c920-952d-4704-9c70-1a288e2f77c7@group-75987F7FE399-LeaderElection22] INFO  impl.LeaderElection (LeaderElection.java:logAndReturn(56)) - df12c920-952d-4704-9c70-1a288e2f77c7@group-75987F7FE399-LeaderElection22: Election REJECTED; received 2 response(s) [df12c920-952d-4704-9c70-1a288e2f77c7<-875da3d9-0dec-46c7-88bf-73f7a2372b64#0:FAIL-t19, df12c920-952d-4704-9c70-1a288e2f77c7<-9ceef694-dbcf-4070-b7b1-3b3c65b6a699#0:FAIL-t19] and 0 exception(s); df12c920-952d-4704-9c70-1a288e2f77c7@group-75987F7FE399:t19, leader=null, voted=df12c920-952d-4704-9c70-1a288e2f77c7, raftlog=df12c920-952d-4704-9c70-1a288e2f77c7@group-75987F7FE399-SegmentedRaftLog:OPENED:c-1,f-1,i0, conf=-1: [875da3d9-0dec-46c7-88bf-73f7a2372b64:192.168.69.89:39990, df12c920-952d-4704-9c70-1a288e2f77c7:192.168.69.89:43948, 9ceef694-dbcf-4070-b7b1-3b3c65b6a699:192.168.69.89:36536], old=null
2019-10-20 10:28:12,238 [df12c920-952d-4704-9c70-1a288e2f77c7@group-75987F7FE399-LeaderElection22] INFO  impl.RaftServerImpl (RaftServerImpl.java:setRole(184)) - df12c920-952d-4704-9c70-1a288e2f77c7@group-75987F7FE399: changes role from CANDIDATE to FOLLOWER at term 19 for DISCOVERED_A_NEW_TERM
2019-10-20 10:28:12,238 [df12c920-952d-4704-9c70-1a288e2f77c7@group-75987F7FE399-LeaderElection22] INFO  impl.RoleInfo (RoleInfo.java:shutdownLeaderElection(134)) - df12c920-952d-4704-9c70-1a288e2f77c7: shutdown LeaderElection
2019-10-20 10:28:12,238 [df12c920-952d-4704-9c70-1a288e2f77c7@group-75987F7FE399-LeaderElection22] INFO  impl.RoleInfo (RoleInfo.java:updateAndGet(143)) - df12c920-952d-4704-9c70-1a288e2f77c7: start FollowerState
2019-10-20 10:28:12,287 [Thread-353] INFO  impl.FollowerState (FollowerState.java:run(108)) - df12c920-952d-4704-9c70-1a288e2f77c7@group-75987F7FE399-FollowerState: change to CANDIDATE, lastRpcTime:48ms, electionTimeout:48ms
2019-10-20 10:28:12,293 [Thread-353] INFO  impl.RoleInfo (RoleInfo.java:shutdownFollowerState(121)) - df12c920-952d-4704-9c70-1a288e2f77c7: shutdown FollowerState
2019-10-20 10:28:12,293 [Thread-353] INFO  impl.RaftServerImpl (RaftServerImpl.java:setRole(184)) - df12c920-952d-4704-9c70-1a288e2f77c7@group-75987F7FE399: changes role from  FOLLOWER to CANDIDATE at term 19 for changeToCandidate
2019-10-20 10:28:12,293 [Thread-353] INFO  impl.RoleInfo (RoleInfo.java:updateAndGet(143)) - df12c920-952d-4704-9c70-1a288e2f77c7: start LeaderElection
2019-10-20 10:28:12,309 [df12c920-952d-4704-9c70-1a288e2f77c7@group-75987F7FE399-LeaderElection23] INFO  impl.LeaderElection (LeaderElection.java:askForVotes(178)) - df12c920-952d-4704-9c70-1a288e2f77c7@group-75987F7FE399-LeaderElection23: begin an election at term 20 for -1: [875da3d9-0dec-46c7-88bf-73f7a2372b64:192.168.69.89:39990, df12c920-952d-4704-9c70-1a288e2f77c7:192.168.69.89:43948, 9ceef694-dbcf-4070-b7b1-3b3c65b6a699:192.168.69.89:36536], old=null
2019-10-20 10:28:12,317 [grpc-default-executor-3] INFO  impl.RaftServerImpl (RaftServerImpl.java:setRole(184)) - 875da3d9-0dec-46c7-88bf-73f7a2372b64@group-75987F7FE399: changes role from  FOLLOWER to FOLLOWER at term 20 for recognizeCandidate:df12c920-952d-4704-9c70-1a288e2f77c7
2019-10-20 10:28:12,317 [grpc-default-executor-3] INFO  impl.RoleInfo (RoleInfo.java:shutdownFollowerState(121)) - 875da3d9-0dec-46c7-88bf-73f7a2372b64: shutdown FollowerState
2019-10-20 10:28:12,317 [grpc-default-executor-3] INFO  impl.RoleInfo (RoleInfo.java:updateAndGet(143)) - 875da3d9-0dec-46c7-88bf-73f7a2372b64: start FollowerState
2019-10-20 10:28:12,317 [Thread-351] INFO  impl.FollowerState (FollowerState.java:run(117)) - 875da3d9-0dec-46c7-88bf-73f7a2372b64@group-75987F7FE399-FollowerState was interrupted: java.lang.InterruptedException: sleep interrupted
2019-10-20 10:28:12,317 [grpc-default-executor-1] INFO  impl.RaftServerImpl (RaftServerImpl.java:setRole(184)) - 9ceef694-dbcf-4070-b7b1-3b3c65b6a699@group-75987F7FE399: changes role from  FOLLOWER to FOLLOWER at term 20 for recognizeCandidate:df12c920-952d-4704-9c70-1a288e2f77c7
2019-10-20 10:28:12,318 [grpc-default-executor-1] INFO  impl.RoleInfo (RoleInfo.java:shutdownFollowerState(121)) - 9ceef694-dbcf-4070-b7b1-3b3c65b6a699: shutdown FollowerState
2019-10-20 10:28:12,318 [Thread-352] INFO  impl.FollowerState (FollowerState.java:run(117)) - 9ceef694-dbcf-4070-b7b1-3b3c65b6a699@group-75987F7FE399-FollowerState was interrupted: java.lang.InterruptedException: sleep interrupted
2019-10-20 10:28:12,318 [grpc-default-executor-1] INFO  impl.RoleInfo (RoleInfo.java:updateAndGet(143)) - 9ceef694-dbcf-4070-b7b1-3b3c65b6a699: start FollowerState
2019-10-20 10:28:12,333 [df12c920-952d-4704-9c70-1a288e2f77c7@group-75987F7FE399-LeaderElection23] INFO  impl.LeaderElection (LeaderElection.java:logAndReturn(56)) - df12c920-952d-4704-9c70-1a288e2f77c7@group-75987F7FE399-LeaderElection23: Election REJECTED; received 2 response(s) [df12c920-952d-4704-9c70-1a288e2f77c7<-875da3d9-0dec-46c7-88bf-73f7a2372b64#0:FAIL-t20, df12c920-952d-4704-9c70-1a288e2f77c7<-9ceef694-dbcf-4070-b7b1-3b3c65b6a699#0:FAIL-t20] and 0 exception(s); df12c920-952d-4704-9c70-1a288e2f77c7@group-75987F7FE399:t20, leader=null, voted=df12c920-952d-4704-9c70-1a288e2f77c7, raftlog=df12c920-952d-4704-9c70-1a288e2f77c7@group-75987F7FE399-SegmentedRaftLog:OPENED:c-1,f-1,i0, conf=-1: [875da3d9-0dec-46c7-88bf-73f7a2372b64:192.168.69.89:39990, df12c920-952d-4704-9c70-1a288e2f77c7:192.168.69.89:43948, 9ceef694-dbcf-4070-b7b1-3b3c65b6a699:192.168.69.89:36536], old=null
2019-10-20 10:28:12,333 [df12c920-952d-4704-9c70-1a288e2f77c7@group-75987F7FE399-LeaderElection23] INFO  impl.RaftServerImpl (RaftServerImpl.java:setRole(184)) - df12c920-952d-4704-9c70-1a288e2f77c7@group-75987F7FE399: changes role from CANDIDATE to FOLLOWER at term 20 for DISCOVERED_A_NEW_TERM
2019-10-20 10:28:12,333 [df12c920-952d-4704-9c70-1a288e2f77c7@group-75987F7FE399-LeaderElection23] INFO  impl.RoleInfo (RoleInfo.java:shutdownLeaderElection(134)) - df12c920-952d-4704-9c70-1a288e2f77c7: shutdown LeaderElection
2019-10-20 10:28:12,333 [df12c920-952d-4704-9c70-1a288e2f77c7@group-75987F7FE399-LeaderElection23] INFO  impl.RoleInfo (RoleInfo.java:updateAndGet(143)) - df12c920-952d-4704-9c70-1a288e2f77c7: start FollowerState
2019-10-20 10:28:12,377 [Thread-359] INFO  impl.FollowerState (FollowerState.java:run(108)) - df12c920-952d-4704-9c70-1a288e2f77c7@group-75987F7FE399-FollowerState: change to CANDIDATE, lastRpcTime:43ms, electionTimeout:43ms
2019-10-20 10:28:12,379 [Thread-359] INFO  impl.RoleInfo (RoleInfo.java:shutdownFollowerState(121)) - df12c920-952d-4704-9c70-1a288e2f77c7: shutdown FollowerState
2019-10-20 10:28:12,379 [Thread-359] INFO  impl.RaftServerImpl (RaftServerImpl.java:setRole(184)) - df12c920-952d-4704-9c70-1a288e2f77c7@group-75987F7FE399: changes role from  FOLLOWER to CANDIDATE at term 20 for changeToCandidate
2019-10-20 10:28:12,379 [Thread-359] INFO  impl.RoleInfo (RoleInfo.java:updateAndGet(143)) - df12c920-952d-4704-9c70-1a288e2f77c7: start LeaderElection
2019-10-20 10:28:12,406 [df12c920-952d-4704-9c70-1a288e2f77c7@group-75987F7FE399-LeaderElection24] INFO  impl.LeaderElection (LeaderElection.java:askForVotes(178)) - df12c920-952d-4704-9c70-1a288e2f77c7@group-75987F7FE399-LeaderElection24: begin an election at term 21 for -1: [875da3d9-0dec-46c7-88bf-73f7a2372b64:192.168.69.89:39990, df12c920-952d-4704-9c70-1a288e2f77c7:192.168.69.89:43948, 9ceef694-dbcf-4070-b7b1-3b3c65b6a699:192.168.69.89:36536], old=null
2019-10-20 10:28:12,410 [grpc-default-executor-3] INFO  impl.RaftServerImpl (RaftServerImpl.java:setRole(184)) - 875da3d9-0dec-46c7-88bf-73f7a2372b64@group-75987F7FE399: changes role from  FOLLOWER to FOLLOWER at term 21 for recognizeCandidate:df12c920-952d-4704-9c70-1a288e2f77c7
2019-10-20 10:28:12,410 [grpc-default-executor-3] INFO  impl.RoleInfo (RoleInfo.java:shutdownFollowerState(121)) - 875da3d9-0dec-46c7-88bf-73f7a2372b64: shutdown FollowerState
2019-10-20 10:28:12,410 [grpc-default-executor-1] INFO  impl.RaftServerImpl (RaftServerImpl.java:setRole(184)) - 9ceef694-dbcf-4070-b7b1-3b3c65b6a699@group-75987F7FE399: changes role from  FOLLOWER to FOLLOWER at term 21 for recognizeCandidate:df12c920-952d-4704-9c70-1a288e2f77c7
2019-10-20 10:28:12,410 [Thread-357] INFO  impl.FollowerState (FollowerState.java:run(117)) - 875da3d9-0dec-46c7-88bf-73f7a2372b64@group-75987F7FE399-FollowerState was interrupted: java.lang.InterruptedException: sleep interrupted
2019-10-20 10:28:12,410 [grpc-default-executor-3] INFO  impl.RoleInfo (RoleInfo.java:updateAndGet(143)) - 875da3d9-0dec-46c7-88bf-73f7a2372b64: start FollowerState
2019-10-20 10:28:12,411 [grpc-default-executor-1] INFO  impl.RoleInfo (RoleInfo.java:shutdownFollowerState(121)) - 9ceef694-dbcf-4070-b7b1-3b3c65b6a699: shutdown FollowerState
2019-10-20 10:28:12,412 [Thread-358] INFO  impl.FollowerState (FollowerState.java:run(117)) - 9ceef694-dbcf-4070-b7b1-3b3c65b6a699@group-75987F7FE399-FollowerState was interrupted: java.lang.InterruptedException: sleep interrupted
2019-10-20 10:28:12,412 [grpc-default-executor-1] INFO  impl.RoleInfo (RoleInfo.java:updateAndGet(143)) - 9ceef694-dbcf-4070-b7b1-3b3c65b6a699: start FollowerState
2019-10-20 10:28:12,427 [df12c920-952d-4704-9c70-1a288e2f77c7@group-75987F7FE399-LeaderElection24] INFO  impl.LeaderElection (LeaderElection.java:logAndReturn(56)) - df12c920-952d-4704-9c70-1a288e2f77c7@group-75987F7FE399-LeaderElection24: Election REJECTED; received 2 response(s) [df12c920-952d-4704-9c70-1a288e2f77c7<-875da3d9-0dec-46c7-88bf-73f7a2372b64#0:FAIL-t21, df12c920-952d-4704-9c70-1a288e2f77c7<-9ceef694-dbcf-4070-b7b1-3b3c65b6a699#0:FAIL-t21] and 0 exception(s); df12c920-952d-4704-9c70-1a288e2f77c7@group-75987F7FE399:t21, leader=null, voted=df12c920-952d-4704-9c70-1a288e2f77c7, raftlog=df12c920-952d-4704-9c70-1a288e2f77c7@group-75987F7FE399-SegmentedRaftLog:OPENED:c-1,f-1,i0, conf=-1: [875da3d9-0dec-46c7-88bf-73f7a2372b64:192.168.69.89:39990, df12c920-952d-4704-9c70-1a288e2f77c7:192.168.69.89:43948, 9ceef694-dbcf-4070-b7b1-3b3c65b6a699:192.168.69.89:36536], old=null
2019-10-20 10:28:12,427 [df12c920-952d-4704-9c70-1a288e2f77c7@group-75987F7FE399-LeaderElection24] INFO  impl.RaftServerImpl (RaftServerImpl.java:setRole(184)) - df12c920-952d-4704-9c70-1a288e2f77c7@group-75987F7FE399: changes role from CANDIDATE to FOLLOWER at term 21 for DISCOVERED_A_NEW_TERM
2019-10-20 10:28:12,427 [df12c920-952d-4704-9c70-1a288e2f77c7@group-75987F7FE399-LeaderElection24] INFO  impl.RoleInfo (RoleInfo.java:shutdownLeaderElection(134)) - df12c920-952d-4704-9c70-1a288e2f77c7: shutdown LeaderElection
2019-10-20 10:28:12,427 [df12c920-952d-4704-9c70-1a288e2f77c7@group-75987F7FE399-LeaderElection24] INFO  impl.RoleInfo (RoleInfo.java:updateAndGet(143)) - df12c920-952d-4704-9c70-1a288e2f77c7: start FollowerState
2019-10-20 10:28:12,602 [Thread-365] INFO  impl.FollowerState (FollowerState.java:run(108)) - df12c920-952d-4704-9c70-1a288e2f77c7@group-75987F7FE399-FollowerState: change to CANDIDATE, lastRpcTime:174ms, electionTimeout:174ms
2019-10-20 10:28:12,604 [Thread-365] INFO  impl.RoleInfo (RoleInfo.java:shutdownFollowerState(121)) - df12c920-952d-4704-9c70-1a288e2f77c7: shutdown FollowerState
2019-10-20 10:28:12,604 [Thread-365] INFO  impl.RaftServerImpl (RaftServerImpl.java:setRole(184)) - df12c920-952d-4704-9c70-1a288e2f77c7@group-75987F7FE399: changes role from  FOLLOWER to CANDIDATE at term 21 for changeToCandidate
2019-10-20 10:28:12,604 [Thread-365] INFO  impl.RoleInfo (RoleInfo.java:updateAndGet(143)) - df12c920-952d-4704-9c70-1a288e2f77c7: start LeaderElection
2019-10-20 10:28:12,630 [df12c920-952d-4704-9c70-1a288e2f77c7@group-75987F7FE399-LeaderElection25] INFO  impl.LeaderElection (LeaderElection.java:askForVotes(178)) - df12c920-952d-4704-9c70-1a288e2f77c7@group-75987F7FE399-LeaderElection25: begin an election at term 22 for -1: [875da3d9-0dec-46c7-88bf-73f7a2372b64:192.168.69.89:39990, df12c920-952d-4704-9c70-1a288e2f77c7:192.168.69.89:43948, 9ceef694-dbcf-4070-b7b1-3b3c65b6a699:192.168.69.89:36536], old=null
2019-10-20 10:28:12,635 [grpc-default-executor-1] INFO  impl.RaftServerImpl (RaftServerImpl.java:setRole(184)) - 875da3d9-0dec-46c7-88bf-73f7a2372b64@group-75987F7FE399: changes role from  FOLLOWER to FOLLOWER at term 22 for recognizeCandidate:df12c920-952d-4704-9c70-1a288e2f77c7
2019-10-20 10:28:12,635 [grpc-default-executor-1] INFO  impl.RoleInfo (RoleInfo.java:shutdownFollowerState(121)) - 875da3d9-0dec-46c7-88bf-73f7a2372b64: shutdown FollowerState
2019-10-20 10:28:12,635 [grpc-default-executor-3] INFO  impl.RaftServerImpl (RaftServerImpl.java:setRole(184)) - 9ceef694-dbcf-4070-b7b1-3b3c65b6a699@group-75987F7FE399: changes role from  FOLLOWER to FOLLOWER at term 22 for recognizeCandidate:df12c920-952d-4704-9c70-1a288e2f77c7
2019-10-20 10:28:12,635 [Thread-363] INFO  impl.FollowerState (FollowerState.java:run(117)) - 875da3d9-0dec-46c7-88bf-73f7a2372b64@group-75987F7FE399-FollowerState was interrupted: java.lang.InterruptedException: sleep interrupted
2019-10-20 10:28:12,636 [grpc-default-executor-3] INFO  impl.RoleInfo (RoleInfo.java:shutdownFollowerState(121)) - 9ceef694-dbcf-4070-b7b1-3b3c65b6a699: shutdown FollowerState
2019-10-20 10:28:12,635 [grpc-default-executor-1] INFO  impl.RoleInfo (RoleInfo.java:updateAndGet(143)) - 875da3d9-0dec-46c7-88bf-73f7a2372b64: start FollowerState
2019-10-20 10:28:12,636 [Thread-364] INFO  impl.FollowerState (FollowerState.java:run(117)) - 9ceef694-dbcf-4070-b7b1-3b3c65b6a699@group-75987F7FE399-FollowerState was interrupted: java.lang.InterruptedException: sleep interrupted
2019-10-20 10:28:12,636 [grpc-default-executor-3] INFO  impl.RoleInfo (RoleInfo.java:updateAndGet(143)) - 9ceef694-dbcf-4070-b7b1-3b3c65b6a699: start FollowerState
2019-10-20 10:28:12,644 [df12c920-952d-4704-9c70-1a288e2f77c7@group-75987F7FE399-LeaderElection25] INFO  impl.LeaderElection (LeaderElection.java:logAndReturn(56)) - df12c920-952d-4704-9c70-1a288e2f77c7@group-75987F7FE399-LeaderElection25: Election TIMEOUT; received 0 response(s) [] and 0 exception(s); df12c920-952d-4704-9c70-1a288e2f77c7@group-75987F7FE399:t22, leader=null, voted=df12c920-952d-4704-9c70-1a288e2f77c7, raftlog=df12c920-952d-4704-9c70-1a288e2f77c7@group-75987F7FE399-SegmentedRaftLog:OPENED:c-1,f-1,i0, conf=-1: [875da3d9-0dec-46c7-88bf-73f7a2372b64:192.168.69.89:39990, df12c920-952d-4704-9c70-1a288e2f77c7:192.168.69.89:43948, 9ceef694-dbcf-4070-b7b1-3b3c65b6a699:192.168.69.89:36536], old=null
2019-10-20 10:28:12,658 [df12c920-952d-4704-9c70-1a288e2f77c7@group-75987F7FE399-LeaderElection25] INFO  impl.LeaderElection (LeaderElection.java:askForVotes(178)) - df12c920-952d-4704-9c70-1a288e2f77c7@group-75987F7FE399-LeaderElection25: begin an election at term 23 for -1: [875da3d9-0dec-46c7-88bf-73f7a2372b64:192.168.69.89:39990, df12c920-952d-4704-9c70-1a288e2f77c7:192.168.69.89:43948, 9ceef694-dbcf-4070-b7b1-3b3c65b6a699:192.168.69.89:36536], old=null
2019-10-20 10:28:12,667 [grpc-default-executor-1] INFO  impl.RaftServerImpl (RaftServerImpl.java:setRole(184)) - 875da3d9-0dec-46c7-88bf-73f7a2372b64@group-75987F7FE399: changes role from  FOLLOWER to FOLLOWER at term 23 for recognizeCandidate:df12c920-952d-4704-9c70-1a288e2f77c7
2019-10-20 10:28:12,668 [grpc-default-executor-1] INFO  impl.RoleInfo (RoleInfo.java:shutdownFollowerState(121)) - 875da3d9-0dec-46c7-88bf-73f7a2372b64: shutdown FollowerState
2019-10-20 10:28:12,668 [Thread-371] INFO  impl.FollowerState (FollowerState.java:run(117)) - 875da3d9-0dec-46c7-88bf-73f7a2372b64@group-75987F7FE399-FollowerState was interrupted: java.lang.InterruptedException: sleep interrupted
2019-10-20 10:28:12,669 [grpc-default-executor-1] INFO  impl.RoleInfo (RoleInfo.java:updateAndGet(143)) - 875da3d9-0dec-46c7-88bf-73f7a2372b64: start FollowerState
2019-10-20 10:28:12,669 [grpc-default-executor-3] INFO  impl.RaftServerImpl (RaftServerImpl.java:setRole(184)) - 9ceef694-dbcf-4070-b7b1-3b3c65b6a699@group-75987F7FE399: changes role from  FOLLOWER to FOLLOWER at term 23 for recognizeCandidate:df12c920-952d-4704-9c70-1a288e2f77c7
2019-10-20 10:28:12,669 [grpc-default-executor-3] INFO  impl.RoleInfo (RoleInfo.java:shutdownFollowerState(121)) - 9ceef694-dbcf-4070-b7b1-3b3c65b6a699: shutdown FollowerState
2019-10-20 10:28:12,669 [grpc-default-executor-3] INFO  impl.RoleInfo (RoleInfo.java:updateAndGet(143)) - 9ceef694-dbcf-4070-b7b1-3b3c65b6a699: start FollowerState
2019-10-20 10:28:12,669 [Thread-372] INFO  impl.FollowerState (FollowerState.java:run(117)) - 9ceef694-dbcf-4070-b7b1-3b3c65b6a699@group-75987F7FE399-FollowerState was interrupted: java.lang.InterruptedException: sleep interrupted
2019-10-20 10:28:12,684 [df12c920-952d-4704-9c70-1a288e2f77c7@group-75987F7FE399-LeaderElection25] INFO  impl.LeaderElection (LeaderElection.java:logAndReturn(56)) - df12c920-952d-4704-9c70-1a288e2f77c7@group-75987F7FE399-LeaderElection25: Election REJECTED; received 2 response(s) [df12c920-952d-4704-9c70-1a288e2f77c7<-875da3d9-0dec-46c7-88bf-73f7a2372b64#0:FAIL-t23, df12c920-952d-4704-9c70-1a288e2f77c7<-9ceef694-dbcf-4070-b7b1-3b3c65b6a699#0:FAIL-t23] and 0 exception(s); df12c920-952d-4704-9c70-1a288e2f77c7@group-75987F7FE399:t23, leader=null, voted=df12c920-952d-4704-9c70-1a288e2f77c7, raftlog=df12c920-952d-4704-9c70-1a288e2f77c7@group-75987F7FE399-SegmentedRaftLog:OPENED:c-1,f-1,i0, conf=-1: [875da3d9-0dec-46c7-88bf-73f7a2372b64:192.168.69.89:39990, df12c920-952d-4704-9c70-1a288e2f77c7:192.168.69.89:43948, 9ceef694-dbcf-4070-b7b1-3b3c65b6a699:192.168.69.89:36536], old=null
2019-10-20 10:28:12,684 [df12c920-952d-4704-9c70-1a288e2f77c7@group-75987F7FE399-LeaderElection25] INFO  impl.RaftServerImpl (RaftServerImpl.java:setRole(184)) - df12c920-952d-4704-9c70-1a288e2f77c7@group-75987F7FE399: changes role from CANDIDATE to FOLLOWER at term 23 for DISCOVERED_A_NEW_TERM
2019-10-20 10:28:12,684 [df12c920-952d-4704-9c70-1a288e2f77c7@group-75987F7FE399-LeaderElection25] INFO  impl.RoleInfo (RoleInfo.java:shutdownLeaderElection(134)) - df12c920-952d-4704-9c70-1a288e2f77c7: shutdown LeaderElection
2019-10-20 10:28:12,685 [df12c920-952d-4704-9c70-1a288e2f77c7@group-75987F7FE399-LeaderElection25] INFO  impl.RoleInfo (RoleInfo.java:updateAndGet(143)) - df12c920-952d-4704-9c70-1a288e2f77c7: start FollowerState
2019-10-20 10:28:12,729 [Thread-377] INFO  impl.FollowerState (FollowerState.java:run(108)) - df12c920-952d-4704-9c70-1a288e2f77c7@group-75987F7FE399-FollowerState: change to CANDIDATE, lastRpcTime:44ms, electionTimeout:44ms
2019-10-20 10:28:12,730 [Thread-377] INFO  impl.RoleInfo (RoleInfo.java:shutdownFollowerState(121)) - df12c920-952d-4704-9c70-1a288e2f77c7: shutdown FollowerState
2019-10-20 10:28:12,730 [Thread-377] INFO  impl.RaftServerImpl (RaftServerImpl.java:setRole(184)) - df12c920-952d-4704-9c70-1a288e2f77c7@group-75987F7FE399: changes role from  FOLLOWER to CANDIDATE at term 23 for changeToCandidate
2019-10-20 10:28:12,731 [Thread-377] INFO  impl.RoleInfo (RoleInfo.java:updateAndGet(143)) - df12c920-952d-4704-9c70-1a288e2f77c7: start LeaderElection
2019-10-20 10:28:12,744 [df12c920-952d-4704-9c70-1a288e2f77c7@group-75987F7FE399-LeaderElection26] INFO  impl.LeaderElection (LeaderElection.java:askForVotes(178)) - df12c920-952d-4704-9c70-1a288e2f77c7@group-75987F7FE399-LeaderElection26: begin an election at term 24 for -1: [875da3d9-0dec-46c7-88bf-73f7a2372b64:192.168.69.89:39990, df12c920-952d-4704-9c70-1a288e2f77c7:192.168.69.89:43948, 9ceef694-dbcf-4070-b7b1-3b3c65b6a699:192.168.69.89:36536], old=null
2019-10-20 10:28:12,748 [grpc-default-executor-1] INFO  impl.RaftServerImpl (RaftServerImpl.java:setRole(184)) - 875da3d9-0dec-46c7-88bf-73f7a2372b64@group-75987F7FE399: changes role from  FOLLOWER to FOLLOWER at term 24 for recognizeCandidate:df12c920-952d-4704-9c70-1a288e2f77c7
2019-10-20 10:28:12,748 [grpc-default-executor-1] INFO  impl.RoleInfo (RoleInfo.java:shutdownFollowerState(121)) - 875da3d9-0dec-46c7-88bf-73f7a2372b64: shutdown FollowerState
2019-10-20 10:28:12,748 [grpc-default-executor-1] INFO  impl.RoleInfo (RoleInfo.java:updateAndGet(143)) - 875da3d9-0dec-46c7-88bf-73f7a2372b64: start FollowerState
2019-10-20 10:28:12,748 [Thread-375] INFO  impl.FollowerState (FollowerState.java:run(117)) - 875da3d9-0dec-46c7-88bf-73f7a2372b64@group-75987F7FE399-FollowerState was interrupted: java.lang.InterruptedException: sleep interrupted
2019-10-20 10:28:12,748 [grpc-default-executor-3] INFO  impl.RaftServerImpl (RaftServerImpl.java:setRole(184)) - 9ceef694-dbcf-4070-b7b1-3b3c65b6a699@group-75987F7FE399: changes role from  FOLLOWER to FOLLOWER at term 24 for recognizeCandidate:df12c920-952d-4704-9c70-1a288e2f77c7
2019-10-20 10:28:12,749 [grpc-default-executor-3] INFO  impl.RoleInfo (RoleInfo.java:shutdownFollowerState(121)) - 9ceef694-dbcf-4070-b7b1-3b3c65b6a699: shutdown FollowerState
2019-10-20 10:28:12,749 [grpc-default-executor-3] INFO  impl.RoleInfo (RoleInfo.java:updateAndGet(143)) - 9ceef694-dbcf-4070-b7b1-3b3c65b6a699: start FollowerState
2019-10-20 10:28:12,749 [Thread-376] INFO  impl.FollowerState (FollowerState.java:run(117)) - 9ceef694-dbcf-4070-b7b1-3b3c65b6a699@group-75987F7FE399-FollowerState was interrupted: java.lang.InterruptedException: sleep interrupted
2019-10-20 10:28:12,777 [df12c920-952d-4704-9c70-1a288e2f77c7@group-75987F7FE399-LeaderElection26] INFO  impl.LeaderElection (LeaderElection.java:logAndReturn(56)) - df12c920-952d-4704-9c70-1a288e2f77c7@group-75987F7FE399-LeaderElection26: Election REJECTED; received 2 response(s) [df12c920-952d-4704-9c70-1a288e2f77c7<-875da3d9-0dec-46c7-88bf-73f7a2372b64#0:FAIL-t24, df12c920-952d-4704-9c70-1a288e2f77c7<-9ceef694-dbcf-4070-b7b1-3b3c65b6a699#0:FAIL-t24] and 0 exception(s); df12c920-952d-4704-9c70-1a288e2f77c7@group-75987F7FE399:t24, leader=null, voted=df12c920-952d-4704-9c70-1a288e2f77c7, raftlog=df12c920-952d-4704-9c70-1a288e2f77c7@group-75987F7FE399-SegmentedRaftLog:OPENED:c-1,f-1,i0, conf=-1: [875da3d9-0dec-46c7-88bf-73f7a2372b64:192.168.69.89:39990, df12c920-952d-4704-9c70-1a288e2f77c7:192.168.69.89:43948, 9ceef694-dbcf-4070-b7b1-3b3c65b6a699:192.168.69.89:36536], old=null
2019-10-20 10:28:12,777 [df12c920-952d-4704-9c70-1a288e2f77c7@group-75987F7FE399-LeaderElection26] INFO  impl.RaftServerImpl (RaftServerImpl.java:setRole(184)) - df12c920-952d-4704-9c70-1a288e2f77c7@group-75987F7FE399: changes role from CANDIDATE to FOLLOWER at term 24 for DISCOVERED_A_NEW_TERM
2019-10-20 10:28:12,777 [df12c920-952d-4704-9c70-1a288e2f77c7@group-75987F7FE399-LeaderElection26] INFO  impl.RoleInfo (RoleInfo.java:shutdownLeaderElection(134)) - df12c920-952d-4704-9c70-1a288e2f77c7: shutdown LeaderElection
2019-10-20 10:28:12,777 [df12c920-952d-4704-9c70-1a288e2f77c7@group-75987F7FE399-LeaderElection26] INFO  impl.RoleInfo (RoleInfo.java:updateAndGet(143)) - df12c920-952d-4704-9c70-1a288e2f77c7: start FollowerState
2019-10-20 10:28:12,843 [Thread-383] INFO  impl.FollowerState (FollowerState.java:run(108)) - df12c920-952d-4704-9c70-1a288e2f77c7@group-75987F7FE399-FollowerState: change to CANDIDATE, lastRpcTime:65ms, electionTimeout:65ms
2019-10-20 10:28:12,844 [Thread-383] INFO  impl.RoleInfo (RoleInfo.java:shutdownFollowerState(121)) - df12c920-952d-4704-9c70-1a288e2f77c7: shutdown FollowerState
2019-10-20 10:28:12,844 [Thread-383] INFO  impl.RaftServerImpl (RaftServerImpl.java:setRole(184)) - df12c920-952d-4704-9c70-1a288e2f77c7@group-75987F7FE399: changes role from  FOLLOWER to CANDIDATE at term 24 for changeToCandidate
2019-10-20 10:28:12,844 [Thread-383] INFO  impl.RoleInfo (RoleInfo.java:updateAndGet(143)) - df12c920-952d-4704-9c70-1a288e2f77c7: start LeaderElection
2019-10-20 10:28:12,858 [df12c920-952d-4704-9c70-1a288e2f77c7@group-75987F7FE399-LeaderElection27] INFO  impl.LeaderElection (LeaderElection.java:askForVotes(178)) - df12c920-952d-4704-9c70-1a288e2f77c7@group-75987F7FE399-LeaderElection27: begin an election at term 25 for -1: [875da3d9-0dec-46c7-88bf-73f7a2372b64:192.168.69.89:39990, df12c920-952d-4704-9c70-1a288e2f77c7:192.168.69.89:43948, 9ceef694-dbcf-4070-b7b1-3b3c65b6a699:192.168.69.89:36536], old=null
2019-10-20 10:28:12,864 [grpc-default-executor-1] INFO  impl.RaftServerImpl (RaftServerImpl.java:setRole(184)) - 875da3d9-0dec-46c7-88bf-73f7a2372b64@group-75987F7FE399: changes role from  FOLLOWER to FOLLOWER at term 25 for recognizeCandidate:df12c920-952d-4704-9c70-1a288e2f77c7
2019-10-20 10:28:12,864 [grpc-default-executor-1] INFO  impl.RoleInfo (RoleInfo.java:shutdownFollowerState(121)) - 875da3d9-0dec-46c7-88bf-73f7a2372b64: shutdown FollowerState
2019-10-20 10:28:12,864 [Thread-381] INFO  impl.FollowerState (FollowerState.java:run(117)) - 875da3d9-0dec-46c7-88bf-73f7a2372b64@group-75987F7FE399-FollowerState was interrupted: java.lang.InterruptedException: sleep interrupted
2019-10-20 10:28:12,864 [grpc-default-executor-3] INFO  impl.RaftServerImpl (RaftServerImpl.java:setRole(184)) - 9ceef694-dbcf-4070-b7b1-3b3c65b6a699@group-75987F7FE399: changes role from  FOLLOWER to FOLLOWER at term 25 for recognizeCandidate:df12c920-952d-4704-9c70-1a288e2f77c7
2019-10-20 10:28:12,864 [grpc-default-executor-1] INFO  impl.RoleInfo (RoleInfo.java:updateAndGet(143)) - 875da3d9-0dec-46c7-88bf-73f7a2372b64: start FollowerState
2019-10-20 10:28:12,864 [grpc-default-executor-3] INFO  impl.RoleInfo (RoleInfo.java:shutdownFollowerState(121)) - 9ceef694-dbcf-4070-b7b1-3b3c65b6a699: shutdown FollowerState
2019-10-20 10:28:12,865 [grpc-default-executor-3] INFO  impl.RoleInfo (RoleInfo.java:updateAndGet(143)) - 9ceef694-dbcf-4070-b7b1-3b3c65b6a699: start FollowerState
2019-10-20 10:28:12,865 [Thread-382] INFO  impl.FollowerState (FollowerState.java:run(117)) - 9ceef694-dbcf-4070-b7b1-3b3c65b6a699@group-75987F7FE399-FollowerState was interrupted: java.lang.InterruptedException: sleep interrupted
2019-10-20 10:28:12,893 [df12c920-952d-4704-9c70-1a288e2f77c7@group-75987F7FE399-LeaderElection27] INFO  impl.LeaderElection (LeaderElection.java:logAndReturn(56)) - df12c920-952d-4704-9c70-1a288e2f77c7@group-75987F7FE399-LeaderElection27: Election REJECTED; received 2 response(s) [df12c920-952d-4704-9c70-1a288e2f77c7<-875da3d9-0dec-46c7-88bf-73f7a2372b64#0:FAIL-t25, df12c920-952d-4704-9c70-1a288e2f77c7<-9ceef694-dbcf-4070-b7b1-3b3c65b6a699#0:FAIL-t25] and 0 exception(s); df12c920-952d-4704-9c70-1a288e2f77c7@group-75987F7FE399:t25, leader=null, voted=df12c920-952d-4704-9c70-1a288e2f77c7, raftlog=df12c920-952d-4704-9c70-1a288e2f77c7@group-75987F7FE399-SegmentedRaftLog:OPENED:c-1,f-1,i0, conf=-1: [875da3d9-0dec-46c7-88bf-73f7a2372b64:192.168.69.89:39990, df12c920-952d-4704-9c70-1a288e2f77c7:192.168.69.89:43948, 9ceef694-dbcf-4070-b7b1-3b3c65b6a699:192.168.69.89:36536], old=null
2019-10-20 10:28:12,893 [df12c920-952d-4704-9c70-1a288e2f77c7@group-75987F7FE399-LeaderElection27] INFO  impl.RaftServerImpl (RaftServerImpl.java:setRole(184)) - df12c920-952d-4704-9c70-1a288e2f77c7@group-75987F7FE399: changes role from CANDIDATE to FOLLOWER at term 25 for DISCOVERED_A_NEW_TERM
2019-10-20 10:28:12,893 [df12c920-952d-4704-9c70-1a288e2f77c7@group-75987F7FE399-LeaderElection27] INFO  impl.RoleInfo (RoleInfo.java:shutdownLeaderElection(134)) - df12c920-952d-4704-9c70-1a288e2f77c7: shutdown LeaderElection
2019-10-20 10:28:12,893 [df12c920-952d-4704-9c70-1a288e2f77c7@group-75987F7FE399-LeaderElection27] INFO  impl.RoleInfo (RoleInfo.java:updateAndGet(143)) - df12c920-952d-4704-9c70-1a288e2f77c7: start FollowerState
2019-10-20 10:28:12,977 [Thread-389] INFO  impl.FollowerState (FollowerState.java:run(108)) - df12c920-952d-4704-9c70-1a288e2f77c7@group-75987F7FE399-FollowerState: change to CANDIDATE, lastRpcTime:83ms, electionTimeout:83ms
2019-10-20 10:28:12,978 [Thread-389] INFO  impl.RoleInfo (RoleInfo.java:shutdownFollowerState(121)) - df12c920-952d-4704-9c70-1a288e2f77c7: shutdown FollowerState
2019-10-20 10:28:12,978 [Thread-389] INFO  impl.RaftServerImpl (RaftServerImpl.java:setRole(184)) - df12c920-952d-4704-9c70-1a288e2f77c7@group-75987F7FE399: changes role from  FOLLOWER to CANDIDATE at term 25 for changeToCandidate
2019-10-20 10:28:12,978 [Thread-389] INFO  impl.RoleInfo (RoleInfo.java:updateAndGet(143)) - df12c920-952d-4704-9c70-1a288e2f77c7: start LeaderElection
2019-10-20 10:28:13,000 [df12c920-952d-4704-9c70-1a288e2f77c7@group-75987F7FE399-LeaderElection28] INFO  impl.LeaderElection (LeaderElection.java:askForVotes(178)) - df12c920-952d-4704-9c70-1a288e2f77c7@group-75987F7FE399-LeaderElection28: begin an election at term 26 for -1: [875da3d9-0dec-46c7-88bf-73f7a2372b64:192.168.69.89:39990, df12c920-952d-4704-9c70-1a288e2f77c7:192.168.69.89:43948, 9ceef694-dbcf-4070-b7b1-3b3c65b6a699:192.168.69.89:36536], old=null
2019-10-20 10:28:13,004 [grpc-default-executor-3] INFO  impl.RaftServerImpl (RaftServerImpl.java:setRole(184)) - 875da3d9-0dec-46c7-88bf-73f7a2372b64@group-75987F7FE399: changes role from  FOLLOWER to FOLLOWER at term 26 for recognizeCandidate:df12c920-952d-4704-9c70-1a288e2f77c7
2019-10-20 10:28:13,004 [grpc-default-executor-3] INFO  impl.RoleInfo (RoleInfo.java:shutdownFollowerState(121)) - 875da3d9-0dec-46c7-88bf-73f7a2372b64: shutdown FollowerState
2019-10-20 10:28:13,004 [grpc-default-executor-1] INFO  impl.RaftServerImpl (RaftServerImpl.java:setRole(184)) - 9ceef694-dbcf-4070-b7b1-3b3c65b6a699@group-75987F7FE399: changes role from  FOLLOWER to FOLLOWER at term 26 for recognizeCandidate:df12c920-952d-4704-9c70-1a288e2f77c7
2019-10-20 10:28:13,004 [Thread-387] INFO  impl.FollowerState (FollowerState.java:run(117)) - 875da3d9-0dec-46c7-88bf-73f7a2372b64@group-75987F7FE399-FollowerState was interrupted: java.lang.InterruptedException: sleep interrupted
2019-10-20 10:28:13,004 [grpc-default-executor-3] INFO  impl.RoleInfo (RoleInfo.java:updateAndGet(143)) - 875da3d9-0dec-46c7-88bf-73f7a2372b64: start FollowerState
2019-10-20 10:28:13,004 [grpc-default-executor-1] INFO  impl.RoleInfo (RoleInfo.java:shutdownFollowerState(121)) - 9ceef694-dbcf-4070-b7b1-3b3c65b6a699: shutdown FollowerState
2019-10-20 10:28:13,005 [grpc-default-executor-1] INFO  impl.RoleInfo (RoleInfo.java:updateAndGet(143)) - 9ceef694-dbcf-4070-b7b1-3b3c65b6a699: start FollowerState
2019-10-20 10:28:13,005 [Thread-388] INFO  impl.FollowerState (FollowerState.java:run(117)) - 9ceef694-dbcf-4070-b7b1-3b3c65b6a699@group-75987F7FE399-FollowerState was interrupted: java.lang.InterruptedException: sleep interrupted
2019-10-20 10:28:13,022 [df12c920-952d-4704-9c70-1a288e2f77c7@group-75987F7FE399-LeaderElection28] INFO  impl.LeaderElection (LeaderElection.java:logAndReturn(56)) - df12c920-952d-4704-9c70-1a288e2f77c7@group-75987F7FE399-LeaderElection28: Election REJECTED; received 2 response(s) [df12c920-952d-4704-9c70-1a288e2f77c7<-875da3d9-0dec-46c7-88bf-73f7a2372b64#0:FAIL-t26, df12c920-952d-4704-9c70-1a288e2f77c7<-9ceef694-dbcf-4070-b7b1-3b3c65b6a699#0:FAIL-t26] and 0 exception(s); df12c920-952d-4704-9c70-1a288e2f77c7@group-75987F7FE399:t26, leader=null, voted=df12c920-952d-4704-9c70-1a288e2f77c7, raftlog=df12c920-952d-4704-9c70-1a288e2f77c7@group-75987F7FE399-SegmentedRaftLog:OPENED:c-1,f-1,i0, conf=-1: [875da3d9-0dec-46c7-88bf-73f7a2372b64:192.168.69.89:39990, df12c920-952d-4704-9c70-1a288e2f77c7:192.168.69.89:43948, 9ceef694-dbcf-4070-b7b1-3b3c65b6a699:192.168.69.89:36536], old=null
2019-10-20 10:28:13,022 [df12c920-952d-4704-9c70-1a288e2f77c7@group-75987F7FE399-LeaderElection28] INFO  impl.RaftServerImpl (RaftServerImpl.java:setRole(184)) - df12c920-952d-4704-9c70-1a288e2f77c7@group-75987F7FE399: changes role from CANDIDATE to FOLLOWER at term 26 for DISCOVERED_A_NEW_TERM
2019-10-20 10:28:13,022 [df12c920-952d-4704-9c70-1a288e2f77c7@group-75987F7FE399-LeaderElection28] INFO  impl.RoleInfo (RoleInfo.java:shutdownLeaderElection(134)) - df12c920-952d-4704-9c70-1a288e2f77c7: shutdown LeaderElection
2019-10-20 10:28:13,023 [df12c920-952d-4704-9c70-1a288e2f77c7@group-75987F7FE399-LeaderElection28] INFO  impl.RoleInfo (RoleInfo.java:updateAndGet(143)) - df12c920-952d-4704-9c70-1a288e2f77c7: start FollowerState
2019-10-20 10:28:13,132 [Thread-395] INFO  impl.FollowerState (FollowerState.java:run(108)) - df12c920-952d-4704-9c70-1a288e2f77c7@group-75987F7FE399-FollowerState: change to CANDIDATE, lastRpcTime:109ms, electionTimeout:109ms
2019-10-20 10:28:13,134 [Thread-395] INFO  impl.RoleInfo (RoleInfo.java:shutdownFollowerState(121)) - df12c920-952d-4704-9c70-1a288e2f77c7: shutdown FollowerState
2019-10-20 10:28:13,134 [Thread-395] INFO  impl.RaftServerImpl (RaftServerImpl.java:setRole(184)) - df12c920-952d-4704-9c70-1a288e2f77c7@group-75987F7FE399: changes role from  FOLLOWER to CANDIDATE at term 26 for changeToCandidate
2019-10-20 10:28:13,134 [Thread-395] INFO  impl.RoleInfo (RoleInfo.java:updateAndGet(143)) - df12c920-952d-4704-9c70-1a288e2f77c7: start LeaderElection
2019-10-20 10:28:13,149 [df12c920-952d-4704-9c70-1a288e2f77c7@group-75987F7FE399-LeaderElection29] INFO  impl.LeaderElection (LeaderElection.java:askForVotes(178)) - df12c920-952d-4704-9c70-1a288e2f77c7@group-75987F7FE399-LeaderElection29: begin an election at term 27 for -1: [875da3d9-0dec-46c7-88bf-73f7a2372b64:192.168.69.89:39990, df12c920-952d-4704-9c70-1a288e2f77c7:192.168.69.89:43948, 9ceef694-dbcf-4070-b7b1-3b3c65b6a699:192.168.69.89:36536], old=null
2019-10-20 10:28:13,154 [grpc-default-executor-1] INFO  impl.RaftServerImpl (RaftServerImpl.java:setRole(184)) - 875da3d9-0dec-46c7-88bf-73f7a2372b64@group-75987F7FE399: changes role from  FOLLOWER to FOLLOWER at term 27 for recognizeCandidate:df12c920-952d-4704-9c70-1a288e2f77c7
2019-10-20 10:28:13,154 [grpc-default-executor-1] INFO  impl.RoleInfo (RoleInfo.java:shutdownFollowerState(121)) - 875da3d9-0dec-46c7-88bf-73f7a2372b64: shutdown FollowerState
2019-10-20 10:28:13,154 [grpc-default-executor-1] INFO  impl.RoleInfo (RoleInfo.java:updateAndGet(143)) - 875da3d9-0dec-46c7-88bf-73f7a2372b64: start FollowerState
2019-10-20 10:28:13,154 [Thread-393] INFO  impl.FollowerState (FollowerState.java:run(117)) - 875da3d9-0dec-46c7-88bf-73f7a2372b64@group-75987F7FE399-FollowerState was interrupted: java.lang.InterruptedException: sleep interrupted
2019-10-20 10:28:13,155 [grpc-default-executor-3] INFO  impl.RaftServerImpl (RaftServerImpl.java:setRole(184)) - 9ceef694-dbcf-4070-b7b1-3b3c65b6a699@group-75987F7FE399: changes role from  FOLLOWER to FOLLOWER at term 27 for recognizeCandidate:df12c920-952d-4704-9c70-1a288e2f77c7
2019-10-20 10:28:13,155 [grpc-default-executor-3] INFO  impl.RoleInfo (RoleInfo.java:shutdownFollowerState(121)) - 9ceef694-dbcf-4070-b7b1-3b3c65b6a699: shutdown FollowerState
2019-10-20 10:28:13,155 [grpc-default-executor-3] INFO  impl.RoleInfo (RoleInfo.java:updateAndGet(143)) - 9ceef694-dbcf-4070-b7b1-3b3c65b6a699: start FollowerState
2019-10-20 10:28:13,155 [Thread-394] INFO  impl.FollowerState (FollowerState.java:run(117)) - 9ceef694-dbcf-4070-b7b1-3b3c65b6a699@group-75987F7FE399-FollowerState was interrupted: java.lang.InterruptedException: sleep interrupted
2019-10-20 10:28:13,176 [df12c920-952d-4704-9c70-1a288e2f77c7@group-75987F7FE399-LeaderElection29] INFO  impl.LeaderElection (LeaderElection.java:logAndReturn(56)) - df12c920-952d-4704-9c70-1a288e2f77c7@group-75987F7FE399-LeaderElection29: Election REJECTED; received 2 response(s) [df12c920-952d-4704-9c70-1a288e2f77c7<-875da3d9-0dec-46c7-88bf-73f7a2372b64#0:FAIL-t27, df12c920-952d-4704-9c70-1a288e2f77c7<-9ceef694-dbcf-4070-b7b1-3b3c65b6a699#0:FAIL-t27] and 0 exception(s); df12c920-952d-4704-9c70-1a288e2f77c7@group-75987F7FE399:t27, leader=null, voted=df12c920-952d-4704-9c70-1a288e2f77c7, raftlog=df12c920-952d-4704-9c70-1a288e2f77c7@group-75987F7FE399-SegmentedRaftLog:OPENED:c-1,f-1,i0, conf=-1: [875da3d9-0dec-46c7-88bf-73f7a2372b64:192.168.69.89:39990, df12c920-952d-4704-9c70-1a288e2f77c7:192.168.69.89:43948, 9ceef694-dbcf-4070-b7b1-3b3c65b6a699:192.168.69.89:36536], old=null
2019-10-20 10:28:13,177 [df12c920-952d-4704-9c70-1a288e2f77c7@group-75987F7FE399-LeaderElection29] INFO  impl.RaftServerImpl (RaftServerImpl.java:setRole(184)) - df12c920-952d-4704-9c70-1a288e2f77c7@group-75987F7FE399: changes role from CANDIDATE to FOLLOWER at term 27 for DISCOVERED_A_NEW_TERM
2019-10-20 10:28:13,177 [df12c920-952d-4704-9c70-1a288e2f77c7@group-75987F7FE399-LeaderElection29] INFO  impl.RoleInfo (RoleInfo.java:shutdownLeaderElection(134)) - df12c920-952d-4704-9c70-1a288e2f77c7: shutdown LeaderElection
2019-10-20 10:28:13,177 [df12c920-952d-4704-9c70-1a288e2f77c7@group-75987F7FE399-LeaderElection29] INFO  impl.RoleInfo (RoleInfo.java:updateAndGet(143)) - df12c920-952d-4704-9c70-1a288e2f77c7: start FollowerState
2019-10-20 10:28:13,264 [Thread-401] INFO  impl.FollowerState (FollowerState.java:run(108)) - df12c920-952d-4704-9c70-1a288e2f77c7@group-75987F7FE399-FollowerState: change to CANDIDATE, lastRpcTime:87ms, electionTimeout:87ms
2019-10-20 10:28:13,266 [Thread-401] INFO  impl.RoleInfo (RoleInfo.java:shutdownFollowerState(121)) - df12c920-952d-4704-9c70-1a288e2f77c7: shutdown FollowerState
2019-10-20 10:28:13,267 [Thread-401] INFO  impl.RaftServerImpl (RaftServerImpl.java:setRole(184)) - df12c920-952d-4704-9c70-1a288e2f77c7@group-75987F7FE399: changes role from  FOLLOWER to CANDIDATE at term 27 for changeToCandidate
2019-10-20 10:28:13,267 [Thread-401] INFO  impl.RoleInfo (RoleInfo.java:updateAndGet(143)) - df12c920-952d-4704-9c70-1a288e2f77c7: start LeaderElection
2019-10-20 10:28:13,280 [df12c920-952d-4704-9c70-1a288e2f77c7@group-75987F7FE399-LeaderElection30] INFO  impl.LeaderElection (LeaderElection.java:askForVotes(178)) - df12c920-952d-4704-9c70-1a288e2f77c7@group-75987F7FE399-LeaderElection30: begin an election at term 28 for -1: [875da3d9-0dec-46c7-88bf-73f7a2372b64:192.168.69.89:39990, df12c920-952d-4704-9c70-1a288e2f77c7:192.168.69.89:43948, 9ceef694-dbcf-4070-b7b1-3b3c65b6a699:192.168.69.89:36536], old=null
2019-10-20 10:28:13,282 [df12c920-952d-4704-9c70-1a288e2f77c7@group-75987F7FE399-LeaderElection30] INFO  impl.LeaderElection (LeaderElection.java:logAndReturn(56)) - df12c920-952d-4704-9c70-1a288e2f77c7@group-75987F7FE399-LeaderElection30: Election TIMEOUT; received 0 response(s) [] and 0 exception(s); df12c920-952d-4704-9c70-1a288e2f77c7@group-75987F7FE399:t28, leader=null, voted=df12c920-952d-4704-9c70-1a288e2f77c7, raftlog=df12c920-952d-4704-9c70-1a288e2f77c7@group-75987F7FE399-SegmentedRaftLog:OPENED:c-1,f-1,i0, conf=-1: [875da3d9-0dec-46c7-88bf-73f7a2372b64:192.168.69.89:39990, df12c920-952d-4704-9c70-1a288e2f77c7:192.168.69.89:43948, 9ceef694-dbcf-4070-b7b1-3b3c65b6a699:192.168.69.89:36536], old=null
2019-10-20 10:28:13,284 [grpc-default-executor-1] INFO  impl.RaftServerImpl (RaftServerImpl.java:setRole(184)) - 9ceef694-dbcf-4070-b7b1-3b3c65b6a699@group-75987F7FE399: changes role from  FOLLOWER to FOLLOWER at term 28 for recognizeCandidate:df12c920-952d-4704-9c70-1a288e2f77c7
2019-10-20 10:28:13,284 [grpc-default-executor-3] INFO  impl.RaftServerImpl (RaftServerImpl.java:setRole(184)) - 875da3d9-0dec-46c7-88bf-73f7a2372b64@group-75987F7FE399: changes role from  FOLLOWER to FOLLOWER at term 28 for recognizeCandidate:df12c920-952d-4704-9c70-1a288e2f77c7
2019-10-20 10:28:13,284 [grpc-default-executor-1] INFO  impl.RoleInfo (RoleInfo.java:shutdownFollowerState(121)) - 9ceef694-dbcf-4070-b7b1-3b3c65b6a699: shutdown FollowerState
2019-10-20 10:28:13,286 [grpc-default-executor-3] INFO  impl.RoleInfo (RoleInfo.java:shutdownFollowerState(121)) - 875da3d9-0dec-46c7-88bf-73f7a2372b64: shutdown FollowerState
2019-10-20 10:28:13,286 [Thread-400] INFO  impl.FollowerState (FollowerState.java:run(117)) - 9ceef694-dbcf-4070-b7b1-3b3c65b6a699@group-75987F7FE399-FollowerState was interrupted: java.lang.InterruptedException: sleep interrupted
2019-10-20 10:28:13,286 [grpc-default-executor-3] INFO  impl.RoleInfo (RoleInfo.java:updateAndGet(143)) - 875da3d9-0dec-46c7-88bf-73f7a2372b64: start FollowerState
2019-10-20 10:28:13,286 [grpc-default-executor-1] INFO  impl.RoleInfo (RoleInfo.java:updateAndGet(143)) - 9ceef694-dbcf-4070-b7b1-3b3c65b6a699: start FollowerState
2019-10-20 10:28:13,286 [Thread-399] INFO  impl.FollowerState (FollowerState.java:run(117)) - 875da3d9-0dec-46c7-88bf-73f7a2372b64@group-75987F7FE399-FollowerState was interrupted: java.lang.InterruptedException: sleep interrupted
2019-10-20 10:28:13,298 [df12c920-952d-4704-9c70-1a288e2f77c7@group-75987F7FE399-LeaderElection30] INFO  impl.LeaderElection (LeaderElection.java:askForVotes(178)) - df12c920-952d-4704-9c70-1a288e2f77c7@group-75987F7FE399-LeaderElection30: begin an election at term 29 for -1: [875da3d9-0dec-46c7-88bf-73f7a2372b64:192.168.69.89:39990, df12c920-952d-4704-9c70-1a288e2f77c7:192.168.69.89:43948, 9ceef694-dbcf-4070-b7b1-3b3c65b6a699:192.168.69.89:36536], old=null
2019-10-20 10:28:13,301 [grpc-default-executor-3] INFO  impl.RaftServerImpl (RaftServerImpl.java:setRole(184)) - 875da3d9-0dec-46c7-88bf-73f7a2372b64@group-75987F7FE399: changes role from  FOLLOWER to FOLLOWER at term 29 for recognizeCandidate:df12c920-952d-4704-9c70-1a288e2f77c7
2019-10-20 10:28:13,302 [grpc-default-executor-1] INFO  impl.RaftServerImpl (RaftServerImpl.java:setRole(184)) - 9ceef694-dbcf-4070-b7b1-3b3c65b6a699@group-75987F7FE399: changes role from  FOLLOWER to FOLLOWER at term 29 for recognizeCandidate:df12c920-952d-4704-9c70-1a288e2f77c7
2019-10-20 10:28:13,302 [grpc-default-executor-3] INFO  impl.RoleInfo (RoleInfo.java:shutdownFollowerState(121)) - 875da3d9-0dec-46c7-88bf-73f7a2372b64: shutdown FollowerState
2019-10-20 10:28:13,302 [grpc-default-executor-1] INFO  impl.RoleInfo (RoleInfo.java:shutdownFollowerState(121)) - 9ceef694-dbcf-4070-b7b1-3b3c65b6a699: shutdown FollowerState
2019-10-20 10:28:13,302 [Thread-406] INFO  impl.FollowerState (FollowerState.java:run(117)) - 875da3d9-0dec-46c7-88bf-73f7a2372b64@group-75987F7FE399-FollowerState was interrupted: java.lang.InterruptedException: sleep interrupted
2019-10-20 10:28:13,302 [grpc-default-executor-1] INFO  impl.RoleInfo (RoleInfo.java:updateAndGet(143)) - 9ceef694-dbcf-4070-b7b1-3b3c65b6a699: start FollowerState
2019-10-20 10:28:13,302 [Thread-405] INFO  impl.FollowerState (FollowerState.java:run(117)) - 9ceef694-dbcf-4070-b7b1-3b3c65b6a699@group-75987F7FE399-FollowerState was interrupted: java.lang.InterruptedException: sleep interrupted
2019-10-20 10:28:13,302 [grpc-default-executor-3] INFO  impl.RoleInfo (RoleInfo.java:updateAndGet(143)) - 875da3d9-0dec-46c7-88bf-73f7a2372b64: start FollowerState
2019-10-20 10:28:13,329 [df12c920-952d-4704-9c70-1a288e2f77c7@group-75987F7FE399-LeaderElection30] INFO  impl.LeaderElection (LeaderElection.java:logAndReturn(56)) - df12c920-952d-4704-9c70-1a288e2f77c7@group-75987F7FE399-LeaderElection30: Election REJECTED; received 2 response(s) [df12c920-952d-4704-9c70-1a288e2f77c7<-875da3d9-0dec-46c7-88bf-73f7a2372b64#0:FAIL-t29, df12c920-952d-4704-9c70-1a288e2f77c7<-9ceef694-dbcf-4070-b7b1-3b3c65b6a699#0:FAIL-t29] and 0 exception(s); df12c920-952d-4704-9c70-1a288e2f77c7@group-75987F7FE399:t29, leader=null, voted=df12c920-952d-4704-9c70-1a288e2f77c7, raftlog=df12c920-952d-4704-9c70-1a288e2f77c7@group-75987F7FE399-SegmentedRaftLog:OPENED:c-1,f-1,i0, conf=-1: [875da3d9-0dec-46c7-88bf-73f7a2372b64:192.168.69.89:39990, df12c920-952d-4704-9c70-1a288e2f77c7:192.168.69.89:43948, 9ceef694-dbcf-4070-b7b1-3b3c65b6a699:192.168.69.89:36536], old=null
2019-10-20 10:28:13,329 [df12c920-952d-4704-9c70-1a288e2f77c7@group-75987F7FE399-LeaderElection30] INFO  impl.RaftServerImpl (RaftServerImpl.java:setRole(184)) - df12c920-952d-4704-9c70-1a288e2f77c7@group-75987F7FE399: changes role from CANDIDATE to FOLLOWER at term 29 for DISCOVERED_A_NEW_TERM
2019-10-20 10:28:13,330 [df12c920-952d-4704-9c70-1a288e2f77c7@group-75987F7FE399-LeaderElection30] INFO  impl.RoleInfo (RoleInfo.java:shutdownLeaderElection(134)) - df12c920-952d-4704-9c70-1a288e2f77c7: shutdown LeaderElection
2019-10-20 10:28:13,330 [df12c920-952d-4704-9c70-1a288e2f77c7@group-75987F7FE399-LeaderElection30] INFO  impl.RoleInfo (RoleInfo.java:updateAndGet(143)) - df12c920-952d-4704-9c70-1a288e2f77c7: start FollowerState
2019-10-20 10:28:13,420 [Thread-411] INFO  impl.FollowerState (FollowerState.java:run(108)) - df12c920-952d-4704-9c70-1a288e2f77c7@group-75987F7FE399-FollowerState: change to CANDIDATE, lastRpcTime:90ms, electionTimeout:90ms
2019-10-20 10:28:13,423 [Thread-411] INFO  impl.RoleInfo (RoleInfo.java:shutdownFollowerState(121)) - df12c920-952d-4704-9c70-1a288e2f77c7: shutdown FollowerState
2019-10-20 10:28:13,423 [Thread-411] INFO  impl.RaftServerImpl (RaftServerImpl.java:setRole(184)) - df12c920-952d-4704-9c70-1a288e2f77c7@group-75987F7FE399: changes role from  FOLLOWER to CANDIDATE at term 29 for changeToCandidate
2019-10-20 10:28:13,423 [Thread-411] INFO  impl.RoleInfo (RoleInfo.java:updateAndGet(143)) - df12c920-952d-4704-9c70-1a288e2f77c7: start LeaderElection
2019-10-20 10:28:13,437 [df12c920-952d-4704-9c70-1a288e2f77c7@group-75987F7FE399-LeaderElection31] INFO  impl.LeaderElection (LeaderElection.java:askForVotes(178)) - df12c920-952d-4704-9c70-1a288e2f77c7@group-75987F7FE399-LeaderElection31: begin an election at term 30 for -1: [875da3d9-0dec-46c7-88bf-73f7a2372b64:192.168.69.89:39990, df12c920-952d-4704-9c70-1a288e2f77c7:192.168.69.89:43948, 9ceef694-dbcf-4070-b7b1-3b3c65b6a699:192.168.69.89:36536], old=null
2019-10-20 10:28:13,442 [grpc-default-executor-3] INFO  impl.RaftServerImpl (RaftServerImpl.java:setRole(184)) - 875da3d9-0dec-46c7-88bf-73f7a2372b64@group-75987F7FE399: changes role from  FOLLOWER to FOLLOWER at term 30 for recognizeCandidate:df12c920-952d-4704-9c70-1a288e2f77c7
2019-10-20 10:28:13,442 [grpc-default-executor-1] INFO  impl.RaftServerImpl (RaftServerImpl.java:setRole(184)) - 9ceef694-dbcf-4070-b7b1-3b3c65b6a699@group-75987F7FE399: changes role from  FOLLOWER to FOLLOWER at term 30 for recognizeCandidate:df12c920-952d-4704-9c70-1a288e2f77c7
2019-10-20 10:28:13,442 [grpc-default-executor-3] INFO  impl.RoleInfo (RoleInfo.java:shutdownFollowerState(121)) - 875da3d9-0dec-46c7-88bf-73f7a2372b64: shutdown FollowerState
2019-10-20 10:28:13,442 [grpc-default-executor-3] INFO  impl.RoleInfo (RoleInfo.java:updateAndGet(143)) - 875da3d9-0dec-46c7-88bf-73f7a2372b64: start FollowerState
2019-10-20 10:28:13,442 [grpc-default-executor-1] INFO  impl.RoleInfo (RoleInfo.java:shutdownFollowerState(121)) - 9ceef694-dbcf-4070-b7b1-3b3c65b6a699: shutdown FollowerState
2019-10-20 10:28:13,442 [Thread-409] INFO  impl.FollowerState (FollowerState.java:run(117)) - 875da3d9-0dec-46c7-88bf-73f7a2372b64@group-75987F7FE399-FollowerState was interrupted: java.lang.InterruptedException: sleep interrupted
2019-10-20 10:28:13,444 [Thread-410] INFO  impl.FollowerState (FollowerState.java:run(117)) - 9ceef694-dbcf-4070-b7b1-3b3c65b6a699@group-75987F7FE399-FollowerState was interrupted: java.lang.InterruptedException: sleep interrupted
2019-10-20 10:28:13,444 [grpc-default-executor-1] INFO  impl.RoleInfo (RoleInfo.java:updateAndGet(143)) - 9ceef694-dbcf-4070-b7b1-3b3c65b6a699: start FollowerState
2019-10-20 10:28:13,461 [df12c920-952d-4704-9c70-1a288e2f77c7@group-75987F7FE399-LeaderElection31] INFO  impl.LeaderElection (LeaderElection.java:logAndReturn(56)) - df12c920-952d-4704-9c70-1a288e2f77c7@group-75987F7FE399-LeaderElection31: Election REJECTED; received 2 response(s) [df12c920-952d-4704-9c70-1a288e2f77c7<-875da3d9-0dec-46c7-88bf-73f7a2372b64#0:FAIL-t30, df12c920-952d-4704-9c70-1a288e2f77c7<-9ceef694-dbcf-4070-b7b1-3b3c65b6a699#0:FAIL-t30] and 0 exception(s); df12c920-952d-4704-9c70-1a288e2f77c7@group-75987F7FE399:t30, leader=null, voted=df12c920-952d-4704-9c70-1a288e2f77c7, raftlog=df12c920-952d-4704-9c70-1a288e2f77c7@group-75987F7FE399-SegmentedRaftLog:OPENED:c-1,f-1,i0, conf=-1: [875da3d9-0dec-46c7-88bf-73f7a2372b64:192.168.69.89:39990, df12c920-952d-4704-9c70-1a288e2f77c7:192.168.69.89:43948, 9ceef694-dbcf-4070-b7b1-3b3c65b6a699:192.168.69.89:36536], old=null
2019-10-20 10:28:13,461 [df12c920-952d-4704-9c70-1a288e2f77c7@group-75987F7FE399-LeaderElection31] INFO  impl.RaftServerImpl (RaftServerImpl.java:setRole(184)) - df12c920-952d-4704-9c70-1a288e2f77c7@group-75987F7FE399: changes role from CANDIDATE to FOLLOWER at term 30 for DISCOVERED_A_NEW_TERM
2019-10-20 10:28:13,462 [df12c920-952d-4704-9c70-1a288e2f77c7@group-75987F7FE399-LeaderElection31] INFO  impl.RoleInfo (RoleInfo.java:shutdownLeaderElection(134)) - df12c920-952d-4704-9c70-1a288e2f77c7: shutdown LeaderElection
2019-10-20 10:28:13,462 [df12c920-952d-4704-9c70-1a288e2f77c7@group-75987F7FE399-LeaderElection31] INFO  impl.RoleInfo (RoleInfo.java:updateAndGet(143)) - df12c920-952d-4704-9c70-1a288e2f77c7: start FollowerState
2019-10-20 10:28:13,646 [Thread-417] INFO  impl.FollowerState (FollowerState.java:run(108)) - df12c920-952d-4704-9c70-1a288e2f77c7@group-75987F7FE399-FollowerState: change to CANDIDATE, lastRpcTime:184ms, electionTimeout:184ms
2019-10-20 10:28:13,648 [Thread-417] INFO  impl.RoleInfo (RoleInfo.java:shutdownFollowerState(121)) - df12c920-952d-4704-9c70-1a288e2f77c7: shutdown FollowerState
2019-10-20 10:28:13,648 [Thread-417] INFO  impl.RaftServerImpl (RaftServerImpl.java:setRole(184)) - df12c920-952d-4704-9c70-1a288e2f77c7@group-75987F7FE399: changes role from  FOLLOWER to CANDIDATE at term 30 for changeToCandidate
2019-10-20 10:28:13,649 [Thread-417] INFO  impl.RoleInfo (RoleInfo.java:updateAndGet(143)) - df12c920-952d-4704-9c70-1a288e2f77c7: start LeaderElection
2019-10-20 10:28:13,665 [df12c920-952d-4704-9c70-1a288e2f77c7@group-75987F7FE399-LeaderElection32] INFO  impl.LeaderElection (LeaderElection.java:askForVotes(178)) - df12c920-952d-4704-9c70-1a288e2f77c7@group-75987F7FE399-LeaderElection32: begin an election at term 31 for -1: [875da3d9-0dec-46c7-88bf-73f7a2372b64:192.168.69.89:39990, df12c920-952d-4704-9c70-1a288e2f77c7:192.168.69.89:43948, 9ceef694-dbcf-4070-b7b1-3b3c65b6a699:192.168.69.89:36536], old=null
2019-10-20 10:28:13,670 [grpc-default-executor-1] INFO  impl.RaftServerImpl (RaftServerImpl.java:setRole(184)) - 875da3d9-0dec-46c7-88bf-73f7a2372b64@group-75987F7FE399: changes role from  FOLLOWER to FOLLOWER at term 31 for recognizeCandidate:df12c920-952d-4704-9c70-1a288e2f77c7
2019-10-20 10:28:13,670 [grpc-default-executor-3] INFO  impl.RaftServerImpl (RaftServerImpl.java:setRole(184)) - 9ceef694-dbcf-4070-b7b1-3b3c65b6a699@group-75987F7FE399: changes role from  FOLLOWER to FOLLOWER at term 31 for recognizeCandidate:df12c920-952d-4704-9c70-1a288e2f77c7
2019-10-20 10:28:13,670 [grpc-default-executor-1] INFO  impl.RoleInfo (RoleInfo.java:shutdownFollowerState(121)) - 875da3d9-0dec-46c7-88bf-73f7a2372b64: shutdown FollowerState
2019-10-20 10:28:13,671 [grpc-default-executor-3] INFO  impl.RoleInfo (RoleInfo.java:shutdownFollowerState(121)) - 9ceef694-dbcf-4070-b7b1-3b3c65b6a699: shutdown FollowerState
2019-10-20 10:28:13,671 [grpc-default-executor-1] INFO  impl.RoleInfo (RoleInfo.java:updateAndGet(143)) - 875da3d9-0dec-46c7-88bf-73f7a2372b64: start FollowerState
2019-10-20 10:28:13,671 [Thread-415] INFO  impl.FollowerState (FollowerState.java:run(117)) - 875da3d9-0dec-46c7-88bf-73f7a2372b64@group-75987F7FE399-FollowerState was interrupted: java.lang.InterruptedException: sleep interrupted
2019-10-20 10:28:13,671 [grpc-default-executor-3] INFO  impl.RoleInfo (RoleInfo.java:updateAndGet(143)) - 9ceef694-dbcf-4070-b7b1-3b3c65b6a699: start FollowerState
2019-10-20 10:28:13,671 [Thread-416] INFO  impl.FollowerState (FollowerState.java:run(117)) - 9ceef694-dbcf-4070-b7b1-3b3c65b6a699@group-75987F7FE399-FollowerState was interrupted: java.lang.InterruptedException: sleep interrupted
2019-10-20 10:28:13,688 [df12c920-952d-4704-9c70-1a288e2f77c7@group-75987F7FE399-LeaderElection32] INFO  impl.LeaderElection (LeaderElection.java:logAndReturn(56)) - df12c920-952d-4704-9c70-1a288e2f77c7@group-75987F7FE399-LeaderElection32: Election REJECTED; received 2 response(s) [df12c920-952d-4704-9c70-1a288e2f77c7<-875da3d9-0dec-46c7-88bf-73f7a2372b64#0:FAIL-t31, df12c920-952d-4704-9c70-1a288e2f77c7<-9ceef694-dbcf-4070-b7b1-3b3c65b6a699#0:FAIL-t31] and 0 exception(s); df12c920-952d-4704-9c70-1a288e2f77c7@group-75987F7FE399:t31, leader=null, voted=df12c920-952d-4704-9c70-1a288e2f77c7, raftlog=df12c920-952d-4704-9c70-1a288e2f77c7@group-75987F7FE399-SegmentedRaftLog:OPENED:c-1,f-1,i0, conf=-1: [875da3d9-0dec-46c7-88bf-73f7a2372b64:192.168.69.89:39990, df12c920-952d-4704-9c70-1a288e2f77c7:192.168.69.89:43948, 9ceef694-dbcf-4070-b7b1-3b3c65b6a699:192.168.69.89:36536], old=null
2019-10-20 10:28:13,688 [df12c920-952d-4704-9c70-1a288e2f77c7@group-75987F7FE399-LeaderElection32] INFO  impl.RaftServerImpl (RaftServerImpl.java:setRole(184)) - df12c920-952d-4704-9c70-1a288e2f77c7@group-75987F7FE399: changes role from CANDIDATE to FOLLOWER at term 31 for DISCOVERED_A_NEW_TERM
2019-10-20 10:28:13,688 [df12c920-952d-4704-9c70-1a288e2f77c7@group-75987F7FE399-LeaderElection32] INFO  impl.RoleInfo (RoleInfo.java:shutdownLeaderElection(134)) - df12c920-952d-4704-9c70-1a288e2f77c7: shutdown LeaderElection
2019-10-20 10:28:13,689 [df12c920-952d-4704-9c70-1a288e2f77c7@group-75987F7FE399-LeaderElection32] INFO  impl.RoleInfo (RoleInfo.java:updateAndGet(143)) - df12c920-952d-4704-9c70-1a288e2f77c7: start FollowerState
2019-10-20 10:28:13,856 [Thread-425] INFO  impl.FollowerState (FollowerState.java:run(108)) - df12c920-952d-4704-9c70-1a288e2f77c7@group-75987F7FE399-FollowerState: change to CANDIDATE, lastRpcTime:167ms, electionTimeout:167ms
2019-10-20 10:28:13,858 [Thread-425] INFO  impl.RoleInfo (RoleInfo.java:shutdownFollowerState(121)) - df12c920-952d-4704-9c70-1a288e2f77c7: shutdown FollowerState
2019-10-20 10:28:13,858 [Thread-425] INFO  impl.RaftServerImpl (RaftServerImpl.java:setRole(184)) - df12c920-952d-4704-9c70-1a288e2f77c7@group-75987F7FE399: changes role from  FOLLOWER to CANDIDATE at term 31 for changeToCandidate
2019-10-20 10:28:13,858 [Thread-425] INFO  impl.RoleInfo (RoleInfo.java:updateAndGet(143)) - df12c920-952d-4704-9c70-1a288e2f77c7: start LeaderElection
2019-10-20 10:28:13,874 [df12c920-952d-4704-9c70-1a288e2f77c7@group-75987F7FE399-LeaderElection33] INFO  impl.LeaderElection (LeaderElection.java:askForVotes(178)) - df12c920-952d-4704-9c70-1a288e2f77c7@group-75987F7FE399-LeaderElection33: begin an election at term 32 for -1: [875da3d9-0dec-46c7-88bf-73f7a2372b64:192.168.69.89:39990, df12c920-952d-4704-9c70-1a288e2f77c7:192.168.69.89:43948, 9ceef694-dbcf-4070-b7b1-3b3c65b6a699:192.168.69.89:36536], old=null
2019-10-20 10:28:13,878 [grpc-default-executor-3] INFO  impl.RaftServerImpl (RaftServerImpl.java:setRole(184)) - 9ceef694-dbcf-4070-b7b1-3b3c65b6a699@group-75987F7FE399: changes role from  FOLLOWER to FOLLOWER at term 32 for recognizeCandidate:df12c920-952d-4704-9c70-1a288e2f77c7
2019-10-20 10:28:13,878 [grpc-default-executor-1] INFO  impl.RaftServerImpl (RaftServerImpl.java:setRole(184)) - 875da3d9-0dec-46c7-88bf-73f7a2372b64@group-75987F7FE399: changes role from  FOLLOWER to FOLLOWER at term 32 for recognizeCandidate:df12c920-952d-4704-9c70-1a288e2f77c7
2019-10-20 10:28:13,878 [grpc-default-executor-3] INFO  impl.RoleInfo (RoleInfo.java:shutdownFollowerState(121)) - 9ceef694-dbcf-4070-b7b1-3b3c65b6a699: shutdown FollowerState
2019-10-20 10:28:13,878 [grpc-default-executor-1] INFO  impl.RoleInfo (RoleInfo.java:shutdownFollowerState(121)) - 875da3d9-0dec-46c7-88bf-73f7a2372b64: shutdown FollowerState
2019-10-20 10:28:13,879 [Thread-424] INFO  impl.FollowerState (FollowerState.java:run(117)) - 9ceef694-dbcf-4070-b7b1-3b3c65b6a699@group-75987F7FE399-FollowerState was interrupted: java.lang.InterruptedException: sleep interrupted
2019-10-20 10:28:13,879 [grpc-default-executor-3] INFO  impl.RoleInfo (RoleInfo.java:updateAndGet(143)) - 9ceef694-dbcf-4070-b7b1-3b3c65b6a699: start FollowerState
2019-10-20 10:28:13,879 [grpc-default-executor-1] INFO  impl.RoleInfo (RoleInfo.java:updateAndGet(143)) - 875da3d9-0dec-46c7-88bf-73f7a2372b64: start FollowerState
2019-10-20 10:28:13,879 [Thread-423] INFO  impl.FollowerState (FollowerState.java:run(117)) - 875da3d9-0dec-46c7-88bf-73f7a2372b64@group-75987F7FE399-FollowerState was interrupted: java.lang.InterruptedException: sleep interrupted
2019-10-20 10:28:13,898 [df12c920-952d-4704-9c70-1a288e2f77c7@group-75987F7FE399-LeaderElection33] INFO  impl.LeaderElection (LeaderElection.java:logAndReturn(56)) - df12c920-952d-4704-9c70-1a288e2f77c7@group-75987F7FE399-LeaderElection33: Election REJECTED; received 2 response(s) [df12c920-952d-4704-9c70-1a288e2f77c7<-875da3d9-0dec-46c7-88bf-73f7a2372b64#0:FAIL-t32, df12c920-952d-4704-9c70-1a288e2f77c7<-9ceef694-dbcf-4070-b7b1-3b3c65b6a699#0:FAIL-t32] and 0 exception(s); df12c920-952d-4704-9c70-1a288e2f77c7@group-75987F7FE399:t32, leader=null, voted=df12c920-952d-4704-9c70-1a288e2f77c7, raftlog=df12c920-952d-4704-9c70-1a288e2f77c7@group-75987F7FE399-SegmentedRaftLog:OPENED:c-1,f-1,i0, conf=-1: [875da3d9-0dec-46c7-88bf-73f7a2372b64:192.168.69.89:39990, df12c920-952d-4704-9c70-1a288e2f77c7:192.168.69.89:43948, 9ceef694-dbcf-4070-b7b1-3b3c65b6a699:192.168.69.89:36536], old=null
2019-10-20 10:28:13,898 [df12c920-952d-4704-9c70-1a288e2f77c7@group-75987F7FE399-LeaderElection33] INFO  impl.RaftServerImpl (RaftServerImpl.java:setRole(184)) - df12c920-952d-4704-9c70-1a288e2f77c7@group-75987F7FE399: changes role from CANDIDATE to FOLLOWER at term 32 for DISCOVERED_A_NEW_TERM
2019-10-20 10:28:13,899 [df12c920-952d-4704-9c70-1a288e2f77c7@group-75987F7FE399-LeaderElection33] INFO  impl.RoleInfo (RoleInfo.java:shutdownLeaderElection(134)) - df12c920-952d-4704-9c70-1a288e2f77c7: shutdown LeaderElection
2019-10-20 10:28:13,899 [df12c920-952d-4704-9c70-1a288e2f77c7@group-75987F7FE399-LeaderElection33] INFO  impl.RoleInfo (RoleInfo.java:updateAndGet(143)) - df12c920-952d-4704-9c70-1a288e2f77c7: start FollowerState
2019-10-20 10:28:14,014 [Thread-431] INFO  impl.FollowerState (FollowerState.java:run(108)) - df12c920-952d-4704-9c70-1a288e2f77c7@group-75987F7FE399-FollowerState: change to CANDIDATE, lastRpcTime:115ms, electionTimeout:115ms
2019-10-20 10:28:14,016 [Thread-431] INFO  impl.RoleInfo (RoleInfo.java:shutdownFollowerState(121)) - df12c920-952d-4704-9c70-1a288e2f77c7: shutdown FollowerState
2019-10-20 10:28:14,016 [Thread-431] INFO  impl.RaftServerImpl (RaftServerImpl.java:setRole(184)) - df12c920-952d-4704-9c70-1a288e2f77c7@group-75987F7FE399: changes role from  FOLLOWER to CANDIDATE at term 32 for changeToCandidate
2019-10-20 10:28:14,016 [Thread-431] INFO  impl.RoleInfo (RoleInfo.java:updateAndGet(143)) - df12c920-952d-4704-9c70-1a288e2f77c7: start LeaderElection
2019-10-20 10:28:14,042 [df12c920-952d-4704-9c70-1a288e2f77c7@group-75987F7FE399-LeaderElection34] INFO  impl.LeaderElection (LeaderElection.java:askForVotes(178)) - df12c920-952d-4704-9c70-1a288e2f77c7@group-75987F7FE399-LeaderElection34: begin an election at term 33 for -1: [875da3d9-0dec-46c7-88bf-73f7a2372b64:192.168.69.89:39990, df12c920-952d-4704-9c70-1a288e2f77c7:192.168.69.89:43948, 9ceef694-dbcf-4070-b7b1-3b3c65b6a699:192.168.69.89:36536], old=null
2019-10-20 10:28:14,047 [grpc-default-executor-1] INFO  impl.RaftServerImpl (RaftServerImpl.java:setRole(184)) - 875da3d9-0dec-46c7-88bf-73f7a2372b64@group-75987F7FE399: changes role from  FOLLOWER to FOLLOWER at term 33 for recognizeCandidate:df12c920-952d-4704-9c70-1a288e2f77c7
2019-10-20 10:28:14,047 [grpc-default-executor-1] INFO  impl.RoleInfo (RoleInfo.java:shutdownFollowerState(121)) - 875da3d9-0dec-46c7-88bf-73f7a2372b64: shutdown FollowerState
2019-10-20 10:28:14,047 [grpc-default-executor-3] INFO  impl.RaftServerImpl (RaftServerImpl.java:setRole(184)) - 9ceef694-dbcf-4070-b7b1-3b3c65b6a699@group-75987F7FE399: changes role from  FOLLOWER to FOLLOWER at term 33 for recognizeCandidate:df12c920-952d-4704-9c70-1a288e2f77c7
2019-10-20 10:28:14,048 [Thread-430] INFO  impl.FollowerState (FollowerState.java:run(117)) - 875da3d9-0dec-46c7-88bf-73f7a2372b64@group-75987F7FE399-FollowerState was interrupted: java.lang.InterruptedException: sleep interrupted
2019-10-20 10:28:14,048 [grpc-default-executor-1] INFO  impl.RoleInfo (RoleInfo.java:updateAndGet(143)) - 875da3d9-0dec-46c7-88bf-73f7a2372b64: start FollowerState
2019-10-20 10:28:14,048 [grpc-default-executor-3] INFO  impl.RoleInfo (RoleInfo.java:shutdownFollowerState(121)) - 9ceef694-dbcf-4070-b7b1-3b3c65b6a699: shutdown FollowerState
2019-10-20 10:28:14,048 [grpc-default-executor-3] INFO  impl.RoleInfo (RoleInfo.java:updateAndGet(143)) - 9ceef694-dbcf-4070-b7b1-3b3c65b6a699: start FollowerState
2019-10-20 10:28:14,048 [Thread-429] INFO  impl.FollowerState (FollowerState.java:run(117)) - 9ceef694-dbcf-4070-b7b1-3b3c65b6a699@group-75987F7FE399-FollowerState was interrupted: java.lang.InterruptedException: sleep interrupted
2019-10-20 10:28:14,075 [df12c920-952d-4704-9c70-1a288e2f77c7@group-75987F7FE399-LeaderElection34] INFO  impl.LeaderElection (LeaderElection.java:logAndReturn(56)) - df12c920-952d-4704-9c70-1a288e2f77c7@group-75987F7FE399-LeaderElection34: Election REJECTED; received 2 response(s) [df12c920-952d-4704-9c70-1a288e2f77c7<-875da3d9-0dec-46c7-88bf-73f7a2372b64#0:FAIL-t33, df12c920-952d-4704-9c70-1a288e2f77c7<-9ceef694-dbcf-4070-b7b1-3b3c65b6a699#0:FAIL-t33] and 0 exception(s); df12c920-952d-4704-9c70-1a288e2f77c7@group-75987F7FE399:t33, leader=null, voted=df12c920-952d-4704-9c70-1a288e2f77c7, raftlog=df12c920-952d-4704-9c70-1a288e2f77c7@group-75987F7FE399-SegmentedRaftLog:OPENED:c-1,f-1,i0, conf=-1: [875da3d9-0dec-46c7-88bf-73f7a2372b64:192.168.69.89:39990, df12c920-952d-4704-9c70-1a288e2f77c7:192.168.69.89:43948, 9ceef694-dbcf-4070-b7b1-3b3c65b6a699:192.168.69.89:36536], old=null
2019-10-20 10:28:14,075 [df12c920-952d-4704-9c70-1a288e2f77c7@group-75987F7FE399-LeaderElection34] INFO  impl.RaftServerImpl (RaftServerImpl.java:setRole(184)) - df12c920-952d-4704-9c70-1a288e2f77c7@group-75987F7FE399: changes role from CANDIDATE to FOLLOWER at term 33 for DISCOVERED_A_NEW_TERM
2019-10-20 10:28:14,076 [df12c920-952d-4704-9c70-1a288e2f77c7@group-75987F7FE399-LeaderElection34] INFO  impl.RoleInfo (RoleInfo.java:shutdownLeaderElection(134)) - df12c920-952d-4704-9c70-1a288e2f77c7: shutdown LeaderElection
2019-10-20 10:28:14,076 [df12c920-952d-4704-9c70-1a288e2f77c7@group-75987F7FE399-LeaderElection34] INFO  impl.RoleInfo (RoleInfo.java:updateAndGet(143)) - df12c920-952d-4704-9c70-1a288e2f77c7: start FollowerState
2019-10-20 10:28:14,134 [Thread-437] INFO  impl.FollowerState (FollowerState.java:run(108)) - df12c920-952d-4704-9c70-1a288e2f77c7@group-75987F7FE399-FollowerState: change to CANDIDATE, lastRpcTime:58ms, electionTimeout:58ms
2019-10-20 10:28:14,136 [Thread-437] INFO  impl.RoleInfo (RoleInfo.java:shutdownFollowerState(121)) - df12c920-952d-4704-9c70-1a288e2f77c7: shutdown FollowerState
2019-10-20 10:28:14,136 [Thread-437] INFO  impl.RaftServerImpl (RaftServerImpl.java:setRole(184)) - df12c920-952d-4704-9c70-1a288e2f77c7@group-75987F7FE399: changes role from  FOLLOWER to CANDIDATE at term 33 for changeToCandidate
2019-10-20 10:28:14,137 [Thread-437] INFO  impl.RoleInfo (RoleInfo.java:updateAndGet(143)) - df12c920-952d-4704-9c70-1a288e2f77c7: start LeaderElection
2019-10-20 10:28:14,150 [df12c920-952d-4704-9c70-1a288e2f77c7@group-75987F7FE399-LeaderElection35] INFO  impl.LeaderElection (LeaderElection.java:askForVotes(178)) - df12c920-952d-4704-9c70-1a288e2f77c7@group-75987F7FE399-LeaderElection35: begin an election at term 34 for -1: [875da3d9-0dec-46c7-88bf-73f7a2372b64:192.168.69.89:39990, df12c920-952d-4704-9c70-1a288e2f77c7:192.168.69.89:43948, 9ceef694-dbcf-4070-b7b1-3b3c65b6a699:192.168.69.89:36536], old=null
2019-10-20 10:28:14,154 [grpc-default-executor-1] INFO  impl.RaftServerImpl (RaftServerImpl.java:setRole(184)) - 875da3d9-0dec-46c7-88bf-73f7a2372b64@group-75987F7FE399: changes role from  FOLLOWER to FOLLOWER at term 34 for recognizeCandidate:df12c920-952d-4704-9c70-1a288e2f77c7
2019-10-20 10:28:14,154 [grpc-default-executor-1] INFO  impl.RoleInfo (RoleInfo.java:shutdownFollowerState(121)) - 875da3d9-0dec-46c7-88bf-73f7a2372b64: shutdown FollowerState
2019-10-20 10:28:14,154 [grpc-default-executor-3] INFO  impl.RaftServerImpl (RaftServerImpl.java:setRole(184)) - 9ceef694-dbcf-4070-b7b1-3b3c65b6a699@group-75987F7FE399: changes role from  FOLLOWER to FOLLOWER at term 34 for recognizeCandidate:df12c920-952d-4704-9c70-1a288e2f77c7
2019-10-20 10:28:14,154 [grpc-default-executor-1] INFO  impl.RoleInfo (RoleInfo.java:updateAndGet(143)) - 875da3d9-0dec-46c7-88bf-73f7a2372b64: start FollowerState
2019-10-20 10:28:14,154 [Thread-435] INFO  impl.FollowerState (FollowerState.java:run(117)) - 875da3d9-0dec-46c7-88bf-73f7a2372b64@group-75987F7FE399-FollowerState was interrupted: java.lang.InterruptedException: sleep interrupted
2019-10-20 10:28:14,154 [grpc-default-executor-3] INFO  impl.RoleInfo (RoleInfo.java:shutdownFollowerState(121)) - 9ceef694-dbcf-4070-b7b1-3b3c65b6a699: shutdown FollowerState
2019-10-20 10:28:14,155 [grpc-default-executor-3] INFO  impl.RoleInfo (RoleInfo.java:updateAndGet(143)) - 9ceef694-dbcf-4070-b7b1-3b3c65b6a699: start FollowerState
2019-10-20 10:28:14,155 [Thread-436] INFO  impl.FollowerState (FollowerState.java:run(117)) - 9ceef694-dbcf-4070-b7b1-3b3c65b6a699@group-75987F7FE399-FollowerState was interrupted: java.lang.InterruptedException: sleep interrupted
2019-10-20 10:28:14,169 [df12c920-952d-4704-9c70-1a288e2f77c7@group-75987F7FE399-LeaderElection35] INFO  impl.LeaderElection (LeaderElection.java:logAndReturn(56)) - df12c920-952d-4704-9c70-1a288e2f77c7@group-75987F7FE399-LeaderElection35: Election REJECTED; received 2 response(s) [df12c920-952d-4704-9c70-1a288e2f77c7<-875da3d9-0dec-46c7-88bf-73f7a2372b64#0:FAIL-t34, df12c920-952d-4704-9c70-1a288e2f77c7<-9ceef694-dbcf-4070-b7b1-3b3c65b6a699#0:FAIL-t34] and 0 exception(s); df12c920-952d-4704-9c70-1a288e2f77c7@group-75987F7FE399:t34, leader=null, voted=df12c920-952d-4704-9c70-1a288e2f77c7, raftlog=df12c920-952d-4704-9c70-1a288e2f77c7@group-75987F7FE399-SegmentedRaftLog:OPENED:c-1,f-1,i0, conf=-1: [875da3d9-0dec-46c7-88bf-73f7a2372b64:192.168.69.89:39990, df12c920-952d-4704-9c70-1a288e2f77c7:192.168.69.89:43948, 9ceef694-dbcf-4070-b7b1-3b3c65b6a699:192.168.69.89:36536], old=null
2019-10-20 10:28:14,170 [df12c920-952d-4704-9c70-1a288e2f77c7@group-75987F7FE399-LeaderElection35] INFO  impl.RaftServerImpl (RaftServerImpl.java:setRole(184)) - df12c920-952d-4704-9c70-1a288e2f77c7@group-75987F7FE399: changes role from CANDIDATE to FOLLOWER at term 34 for DISCOVERED_A_NEW_TERM
2019-10-20 10:28:14,170 [df12c920-952d-4704-9c70-1a288e2f77c7@group-75987F7FE399-LeaderElection35] INFO  impl.RoleInfo (RoleInfo.java:shutdownLeaderElection(134)) - df12c920-952d-4704-9c70-1a288e2f77c7: shutdown LeaderElection
2019-10-20 10:28:14,170 [df12c920-952d-4704-9c70-1a288e2f77c7@group-75987F7FE399-LeaderElection35] INFO  impl.RoleInfo (RoleInfo.java:updateAndGet(143)) - df12c920-952d-4704-9c70-1a288e2f77c7: start FollowerState
2019-10-20 10:28:14,279 [Thread-443] INFO  impl.FollowerState (FollowerState.java:run(108)) - df12c920-952d-4704-9c70-1a288e2f77c7@group-75987F7FE399-FollowerState: change to CANDIDATE, lastRpcTime:108ms, electionTimeout:108ms
2019-10-20 10:28:14,281 [Thread-443] INFO  impl.RoleInfo (RoleInfo.java:shutdownFollowerState(121)) - df12c920-952d-4704-9c70-1a288e2f77c7: shutdown FollowerState
2019-10-20 10:28:14,281 [Thread-443] INFO  impl.RaftServerImpl (RaftServerImpl.java:setRole(184)) - df12c920-952d-4704-9c70-1a288e2f77c7@group-75987F7FE399: changes role from  FOLLOWER to CANDIDATE at term 34 for changeToCandidate
2019-10-20 10:28:14,281 [Thread-443] INFO  impl.RoleInfo (RoleInfo.java:updateAndGet(143)) - df12c920-952d-4704-9c70-1a288e2f77c7: start LeaderElection
2019-10-20 10:28:14,326 [df12c920-952d-4704-9c70-1a288e2f77c7@group-75987F7FE399-LeaderElection36] INFO  impl.LeaderElection (LeaderElection.java:askForVotes(178)) - df12c920-952d-4704-9c70-1a288e2f77c7@group-75987F7FE399-LeaderElection36: begin an election at term 35 for -1: [875da3d9-0dec-46c7-88bf-73f7a2372b64:192.168.69.89:39990, df12c920-952d-4704-9c70-1a288e2f77c7:192.168.69.89:43948, 9ceef694-dbcf-4070-b7b1-3b3c65b6a699:192.168.69.89:36536], old=null
2019-10-20 10:28:14,330 [grpc-default-executor-1] INFO  impl.RaftServerImpl (RaftServerImpl.java:setRole(184)) - 9ceef694-dbcf-4070-b7b1-3b3c65b6a699@group-75987F7FE399: changes role from  FOLLOWER to FOLLOWER at term 35 for recognizeCandidate:df12c920-952d-4704-9c70-1a288e2f77c7
2019-10-20 10:28:14,330 [grpc-default-executor-3] INFO  impl.RaftServerImpl (RaftServerImpl.java:setRole(184)) - 875da3d9-0dec-46c7-88bf-73f7a2372b64@group-75987F7FE399: changes role from  FOLLOWER to FOLLOWER at term 35 for recognizeCandidate:df12c920-952d-4704-9c70-1a288e2f77c7
2019-10-20 10:28:14,330 [grpc-default-executor-1] INFO  impl.RoleInfo (RoleInfo.java:shutdownFollowerState(121)) - 9ceef694-dbcf-4070-b7b1-3b3c65b6a699: shutdown FollowerState
2019-10-20 10:28:14,330 [grpc-default-executor-3] INFO  impl.RoleInfo (RoleInfo.java:shutdownFollowerState(121)) - 875da3d9-0dec-46c7-88bf-73f7a2372b64: shutdown FollowerState
2019-10-20 10:28:14,330 [Thread-442] INFO  impl.FollowerState (FollowerState.java:run(117)) - 9ceef694-dbcf-4070-b7b1-3b3c65b6a699@group-75987F7FE399-FollowerState was interrupted: java.lang.InterruptedException: sleep interrupted
2019-10-20 10:28:14,330 [grpc-default-executor-1] INFO  impl.RoleInfo (RoleInfo.java:updateAndGet(143)) - 9ceef694-dbcf-4070-b7b1-3b3c65b6a699: start FollowerState
2019-10-20 10:28:14,330 [Thread-441] INFO  impl.FollowerState (FollowerState.java:run(117)) - 875da3d9-0dec-46c7-88bf-73f7a2372b64@group-75987F7FE399-FollowerState was interrupted: java.lang.InterruptedException: sleep interrupted
2019-10-20 10:28:14,330 [grpc-default-executor-3] INFO  impl.RoleInfo (RoleInfo.java:updateAndGet(143)) - 875da3d9-0dec-46c7-88bf-73f7a2372b64: start FollowerState
2019-10-20 10:28:14,347 [df12c920-952d-4704-9c70-1a288e2f77c7@group-75987F7FE399-LeaderElection36] INFO  impl.LeaderElection (LeaderElection.java:logAndReturn(56)) - df12c920-952d-4704-9c70-1a288e2f77c7@group-75987F7FE399-LeaderElection36: Election REJECTED; received 2 response(s) [df12c920-952d-4704-9c70-1a288e2f77c7<-875da3d9-0dec-46c7-88bf-73f7a2372b64#0:FAIL-t35, df12c920-952d-4704-9c70-1a288e2f77c7<-9ceef694-dbcf-4070-b7b1-3b3c65b6a699#0:FAIL-t35] and 0 exception(s); df12c920-952d-4704-9c70-1a288e2f77c7@group-75987F7FE399:t35, leader=null, voted=df12c920-952d-4704-9c70-1a288e2f77c7, raftlog=df12c920-952d-4704-9c70-1a288e2f77c7@group-75987F7FE399-SegmentedRaftLog:OPENED:c-1,f-1,i0, conf=-1: [875da3d9-0dec-46c7-88bf-73f7a2372b64:192.168.69.89:39990, df12c920-952d-4704-9c70-1a288e2f77c7:192.168.69.89:43948, 9ceef694-dbcf-4070-b7b1-3b3c65b6a699:192.168.69.89:36536], old=null
2019-10-20 10:28:14,348 [df12c920-952d-4704-9c70-1a288e2f77c7@group-75987F7FE399-LeaderElection36] INFO  impl.RaftServerImpl (RaftServerImpl.java:setRole(184)) - df12c920-952d-4704-9c70-1a288e2f77c7@group-75987F7FE399: changes role from CANDIDATE to FOLLOWER at term 35 for DISCOVERED_A_NEW_TERM
2019-10-20 10:28:14,348 [df12c920-952d-4704-9c70-1a288e2f77c7@group-75987F7FE399-LeaderElection36] INFO  impl.RoleInfo (RoleInfo.java:shutdownLeaderElection(134)) - df12c920-952d-4704-9c70-1a288e2f77c7: shutdown LeaderElection
2019-10-20 10:28:14,348 [df12c920-952d-4704-9c70-1a288e2f77c7@group-75987F7FE399-LeaderElection36] INFO  impl.RoleInfo (RoleInfo.java:updateAndGet(143)) - df12c920-952d-4704-9c70-1a288e2f77c7: start FollowerState
2019-10-20 10:28:14,529 [Thread-449] INFO  impl.FollowerState (FollowerState.java:run(108)) - df12c920-952d-4704-9c70-1a288e2f77c7@group-75987F7FE399-FollowerState: change to CANDIDATE, lastRpcTime:180ms, electionTimeout:180ms
2019-10-20 10:28:14,529 [Thread-449] INFO  impl.RoleInfo (RoleInfo.java:shutdownFollowerState(121)) - df12c920-952d-4704-9c70-1a288e2f77c7: shutdown FollowerState
2019-10-20 10:28:14,531 [Thread-449] INFO  impl.RaftServerImpl (RaftServerImpl.java:setRole(184)) - df12c920-952d-4704-9c70-1a288e2f77c7@group-75987F7FE399: changes role from  FOLLOWER to CANDIDATE at term 35 for changeToCandidate
2019-10-20 10:28:14,531 [Thread-449] INFO  impl.RoleInfo (RoleInfo.java:updateAndGet(143)) - df12c920-952d-4704-9c70-1a288e2f77c7: start LeaderElection
2019-10-20 10:28:14,547 [df12c920-952d-4704-9c70-1a288e2f77c7@group-75987F7FE399-LeaderElection37] INFO  impl.LeaderElection (LeaderElection.java:askForVotes(178)) - df12c920-952d-4704-9c70-1a288e2f77c7@group-75987F7FE399-LeaderElection37: begin an election at term 36 for -1: [875da3d9-0dec-46c7-88bf-73f7a2372b64:192.168.69.89:39990, df12c920-952d-4704-9c70-1a288e2f77c7:192.168.69.89:43948, 9ceef694-dbcf-4070-b7b1-3b3c65b6a699:192.168.69.89:36536], old=null
2019-10-20 10:28:14,550 [grpc-default-executor-3] INFO  impl.RaftServerImpl (RaftServerImpl.java:setRole(184)) - 875da3d9-0dec-46c7-88bf-73f7a2372b64@group-75987F7FE399: changes role from  FOLLOWER to FOLLOWER at term 36 for recognizeCandidate:df12c920-952d-4704-9c70-1a288e2f77c7
2019-10-20 10:28:14,550 [grpc-default-executor-1] INFO  impl.RaftServerImpl (RaftServerImpl.java:setRole(184)) - 9ceef694-dbcf-4070-b7b1-3b3c65b6a699@group-75987F7FE399: changes role from  FOLLOWER to FOLLOWER at term 36 for recognizeCandidate:df12c920-952d-4704-9c70-1a288e2f77c7
2019-10-20 10:28:14,550 [grpc-default-executor-3] INFO  impl.RoleInfo (RoleInfo.java:shutdownFollowerState(121)) - 875da3d9-0dec-46c7-88bf-73f7a2372b64: shutdown FollowerState
2019-10-20 10:28:14,550 [grpc-default-executor-1] INFO  impl.RoleInfo (RoleInfo.java:shutdownFollowerState(121)) - 9ceef694-dbcf-4070-b7b1-3b3c65b6a699: shutdown FollowerState
2019-10-20 10:28:14,550 [Thread-448] INFO  impl.FollowerState (FollowerState.java:run(117)) - 875da3d9-0dec-46c7-88bf-73f7a2372b64@group-75987F7FE399-FollowerState was interrupted: java.lang.InterruptedException: sleep interrupted
2019-10-20 10:28:14,550 [Thread-447] INFO  impl.FollowerState (FollowerState.java:run(117)) - 9ceef694-dbcf-4070-b7b1-3b3c65b6a699@group-75987F7FE399-FollowerState was interrupted: java.lang.InterruptedException: sleep interrupted
2019-10-20 10:28:14,550 [grpc-default-executor-3] INFO  impl.RoleInfo (RoleInfo.java:updateAndGet(143)) - 875da3d9-0dec-46c7-88bf-73f7a2372b64: start FollowerState
2019-10-20 10:28:14,550 [grpc-default-executor-1] INFO  impl.RoleInfo (RoleInfo.java:updateAndGet(143)) - 9ceef694-dbcf-4070-b7b1-3b3c65b6a699: start FollowerState
2019-10-20 10:28:14,562 [df12c920-952d-4704-9c70-1a288e2f77c7@group-75987F7FE399-LeaderElection37] INFO  impl.LeaderElection (LeaderElection.java:logAndReturn(56)) - df12c920-952d-4704-9c70-1a288e2f77c7@group-75987F7FE399-LeaderElection37: Election REJECTED; received 2 response(s) [df12c920-952d-4704-9c70-1a288e2f77c7<-875da3d9-0dec-46c7-88bf-73f7a2372b64#0:FAIL-t36, df12c920-952d-4704-9c70-1a288e2f77c7<-9ceef694-dbcf-4070-b7b1-3b3c65b6a699#0:FAIL-t36] and 0 exception(s); df12c920-952d-4704-9c70-1a288e2f77c7@group-75987F7FE399:t36, leader=null, voted=df12c920-952d-4704-9c70-1a288e2f77c7, raftlog=df12c920-952d-4704-9c70-1a288e2f77c7@group-75987F7FE399-SegmentedRaftLog:OPENED:c-1,f-1,i0, conf=-1: [875da3d9-0dec-46c7-88bf-73f7a2372b64:192.168.69.89:39990, df12c920-952d-4704-9c70-1a288e2f77c7:192.168.69.89:43948, 9ceef694-dbcf-4070-b7b1-3b3c65b6a699:192.168.69.89:36536], old=null
2019-10-20 10:28:14,563 [df12c920-952d-4704-9c70-1a288e2f77c7@group-75987F7FE399-LeaderElection37] INFO  impl.RaftServerImpl (RaftServerImpl.java:setRole(184)) - df12c920-952d-4704-9c70-1a288e2f77c7@group-75987F7FE399: changes role from CANDIDATE to FOLLOWER at term 36 for DISCOVERED_A_NEW_TERM
2019-10-20 10:28:14,563 [df12c920-952d-4704-9c70-1a288e2f77c7@group-75987F7FE399-LeaderElection37] INFO  impl.RoleInfo (RoleInfo.java:shutdownLeaderElection(134)) - df12c920-952d-4704-9c70-1a288e2f77c7: shutdown LeaderElection
2019-10-20 10:28:14,563 [df12c920-952d-4704-9c70-1a288e2f77c7@group-75987F7FE399-LeaderElection37] INFO  impl.RoleInfo (RoleInfo.java:updateAndGet(143)) - df12c920-952d-4704-9c70-1a288e2f77c7: start FollowerState
2019-10-20 10:28:14,728 [Thread-457] INFO  impl.FollowerState (FollowerState.java:run(108)) - df12c920-952d-4704-9c70-1a288e2f77c7@group-75987F7FE399-FollowerState: change to CANDIDATE, lastRpcTime:164ms, electionTimeout:164ms
2019-10-20 10:28:14,730 [Thread-457] INFO  impl.RoleInfo (RoleInfo.java:shutdownFollowerState(121)) - df12c920-952d-4704-9c70-1a288e2f77c7: shutdown FollowerState
2019-10-20 10:28:14,730 [Thread-457] INFO  impl.RaftServerImpl (RaftServerImpl.java:setRole(184)) - df12c920-952d-4704-9c70-1a288e2f77c7@group-75987F7FE399: changes role from  FOLLOWER to CANDIDATE at term 36 for changeToCandidate
2019-10-20 10:28:14,730 [Thread-457] INFO  impl.RoleInfo (RoleInfo.java:updateAndGet(143)) - df12c920-952d-4704-9c70-1a288e2f77c7: start LeaderElection
2019-10-20 10:28:14,744 [df12c920-952d-4704-9c70-1a288e2f77c7@group-75987F7FE399-LeaderElection38] INFO  impl.LeaderElection (LeaderElection.java:askForVotes(178)) - df12c920-952d-4704-9c70-1a288e2f77c7@group-75987F7FE399-LeaderElection38: begin an election at term 37 for -1: [875da3d9-0dec-46c7-88bf-73f7a2372b64:192.168.69.89:39990, df12c920-952d-4704-9c70-1a288e2f77c7:192.168.69.89:43948, 9ceef694-dbcf-4070-b7b1-3b3c65b6a699:192.168.69.89:36536], old=null
2019-10-20 10:28:14,750 [grpc-default-executor-1] INFO  impl.RaftServerImpl (RaftServerImpl.java:setRole(184)) - 875da3d9-0dec-46c7-88bf-73f7a2372b64@group-75987F7FE399: changes role from  FOLLOWER to FOLLOWER at term 37 for recognizeCandidate:df12c920-952d-4704-9c70-1a288e2f77c7
2019-10-20 10:28:14,750 [grpc-default-executor-3] INFO  impl.RaftServerImpl (RaftServerImpl.java:setRole(184)) - 9ceef694-dbcf-4070-b7b1-3b3c65b6a699@group-75987F7FE399: changes role from  FOLLOWER to FOLLOWER at term 37 for recognizeCandidate:df12c920-952d-4704-9c70-1a288e2f77c7
2019-10-20 10:28:14,751 [grpc-default-executor-1] INFO  impl.RoleInfo (RoleInfo.java:shutdownFollowerState(121)) - 875da3d9-0dec-46c7-88bf-73f7a2372b64: shutdown FollowerState
2019-10-20 10:28:14,751 [grpc-default-executor-3] INFO  impl.RoleInfo (RoleInfo.java:shutdownFollowerState(121)) - 9ceef694-dbcf-4070-b7b1-3b3c65b6a699: shutdown FollowerState
2019-10-20 10:28:14,751 [grpc-default-executor-1] INFO  impl.RoleInfo (RoleInfo.java:updateAndGet(143)) - 875da3d9-0dec-46c7-88bf-73f7a2372b64: start FollowerState
2019-10-20 10:28:14,751 [Thread-456] INFO  impl.FollowerState (FollowerState.java:run(117)) - 9ceef694-dbcf-4070-b7b1-3b3c65b6a699@group-75987F7FE399-FollowerState was interrupted: java.lang.InterruptedException: sleep interrupted
2019-10-20 10:28:14,751 [Thread-455] INFO  impl.FollowerState (FollowerState.java:run(117)) - 875da3d9-0dec-46c7-88bf-73f7a2372b64@group-75987F7FE399-FollowerState was interrupted: java.lang.InterruptedException: sleep interrupted
2019-10-20 10:28:14,751 [grpc-default-executor-3] INFO  impl.RoleInfo (RoleInfo.java:updateAndGet(143)) - 9ceef694-dbcf-4070-b7b1-3b3c65b6a699: start FollowerState
2019-10-20 10:28:14,764 [df12c920-952d-4704-9c70-1a288e2f77c7@group-75987F7FE399-LeaderElection38] INFO  impl.LeaderElection (LeaderElection.java:logAndReturn(56)) - df12c920-952d-4704-9c70-1a288e2f77c7@group-75987F7FE399-LeaderElection38: Election TIMEOUT; received 0 response(s) [] and 0 exception(s); df12c920-952d-4704-9c70-1a288e2f77c7@group-75987F7FE399:t37, leader=null, voted=df12c920-952d-4704-9c70-1a288e2f77c7, raftlog=df12c920-952d-4704-9c70-1a288e2f77c7@group-75987F7FE399-SegmentedRaftLog:OPENED:c-1,f-1,i0, conf=-1: [875da3d9-0dec-46c7-88bf-73f7a2372b64:192.168.69.89:39990, df12c920-952d-4704-9c70-1a288e2f77c7:192.168.69.89:43948, 9ceef694-dbcf-4070-b7b1-3b3c65b6a699:192.168.69.89:36536], old=null
2019-10-20 10:28:14,779 [df12c920-952d-4704-9c70-1a288e2f77c7@group-75987F7FE399-LeaderElection38] INFO  impl.LeaderElection (LeaderElection.java:askForVotes(178)) - df12c920-952d-4704-9c70-1a288e2f77c7@group-75987F7FE399-LeaderElection38: begin an election at term 38 for -1: [875da3d9-0dec-46c7-88bf-73f7a2372b64:192.168.69.89:39990, df12c920-952d-4704-9c70-1a288e2f77c7:192.168.69.89:43948, 9ceef694-dbcf-4070-b7b1-3b3c65b6a699:192.168.69.89:36536], old=null
2019-10-20 10:28:14,782 [grpc-default-executor-1] INFO  impl.RaftServerImpl (RaftServerImpl.java:setRole(184)) - 875da3d9-0dec-46c7-88bf-73f7a2372b64@group-75987F7FE399: changes role from  FOLLOWER to FOLLOWER at term 38 for recognizeCandidate:df12c920-952d-4704-9c70-1a288e2f77c7
2019-10-20 10:28:14,784 [grpc-default-executor-1] INFO  impl.RoleInfo (RoleInfo.java:shutdownFollowerState(121)) - 875da3d9-0dec-46c7-88bf-73f7a2372b64: shutdown FollowerState
2019-10-20 10:28:14,784 [grpc-default-executor-3] INFO  impl.RaftServerImpl (RaftServerImpl.java:setRole(184)) - 9ceef694-dbcf-4070-b7b1-3b3c65b6a699@group-75987F7FE399: changes role from  FOLLOWER to FOLLOWER at term 38 for recognizeCandidate:df12c920-952d-4704-9c70-1a288e2f77c7
2019-10-20 10:28:14,784 [grpc-default-executor-1] INFO  impl.RoleInfo (RoleInfo.java:updateAndGet(143)) - 875da3d9-0dec-46c7-88bf-73f7a2372b64: start FollowerState
2019-10-20 10:28:14,784 [Thread-461] INFO  impl.FollowerState (FollowerState.java:run(117)) - 875da3d9-0dec-46c7-88bf-73f7a2372b64@group-75987F7FE399-FollowerState was interrupted: java.lang.InterruptedException: sleep interrupted
2019-10-20 10:28:14,785 [grpc-default-executor-3] INFO  impl.RoleInfo (RoleInfo.java:shutdownFollowerState(121)) - 9ceef694-dbcf-4070-b7b1-3b3c65b6a699: shutdown FollowerState
2019-10-20 10:28:14,785 [grpc-default-executor-3] INFO  impl.RoleInfo (RoleInfo.java:updateAndGet(143)) - 9ceef694-dbcf-4070-b7b1-3b3c65b6a699: start FollowerState
2019-10-20 10:28:14,785 [Thread-462] INFO  impl.FollowerState (FollowerState.java:run(117)) - 9ceef694-dbcf-4070-b7b1-3b3c65b6a699@group-75987F7FE399-FollowerState was interrupted: java.lang.InterruptedException: sleep interrupted
2019-10-20 10:28:14,801 [df12c920-952d-4704-9c70-1a288e2f77c7@group-75987F7FE399-LeaderElection38] INFO  impl.LeaderElection (LeaderElection.java:logAndReturn(56)) - df12c920-952d-4704-9c70-1a288e2f77c7@group-75987F7FE399-LeaderElection38: Election REJECTED; received 2 response(s) [df12c920-952d-4704-9c70-1a288e2f77c7<-875da3d9-0dec-46c7-88bf-73f7a2372b64#0:FAIL-t38, df12c920-952d-4704-9c70-1a288e2f77c7<-9ceef694-dbcf-4070-b7b1-3b3c65b6a699#0:FAIL-t38] and 0 exception(s); df12c920-952d-4704-9c70-1a288e2f77c7@group-75987F7FE399:t38, leader=null, voted=df12c920-952d-4704-9c70-1a288e2f77c7, raftlog=df12c920-952d-4704-9c70-1a288e2f77c7@group-75987F7FE399-SegmentedRaftLog:OPENED:c-1,f-1,i0, conf=-1: [875da3d9-0dec-46c7-88bf-73f7a2372b64:192.168.69.89:39990, df12c920-952d-4704-9c70-1a288e2f77c7:192.168.69.89:43948, 9ceef694-dbcf-4070-b7b1-3b3c65b6a699:192.168.69.89:36536], old=null
2019-10-20 10:28:14,801 [df12c920-952d-4704-9c70-1a288e2f77c7@group-75987F7FE399-LeaderElection38] INFO  impl.RaftServerImpl (RaftServerImpl.java:setRole(184)) - df12c920-952d-4704-9c70-1a288e2f77c7@group-75987F7FE399: changes role from CANDIDATE to FOLLOWER at term 38 for DISCOVERED_A_NEW_TERM
2019-10-20 10:28:14,801 [df12c920-952d-4704-9c70-1a288e2f77c7@group-75987F7FE399-LeaderElection38] INFO  impl.RoleInfo (RoleInfo.java:shutdownLeaderElection(134)) - df12c920-952d-4704-9c70-1a288e2f77c7: shutdown LeaderElection
2019-10-20 10:28:14,801 [df12c920-952d-4704-9c70-1a288e2f77c7@group-75987F7FE399-LeaderElection38] INFO  impl.RoleInfo (RoleInfo.java:updateAndGet(143)) - df12c920-952d-4704-9c70-1a288e2f77c7: start FollowerState
2019-10-20 10:28:14,896 [Thread-467] INFO  impl.FollowerState (FollowerState.java:run(108)) - df12c920-952d-4704-9c70-1a288e2f77c7@group-75987F7FE399-FollowerState: change to CANDIDATE, lastRpcTime:94ms, electionTimeout:94ms
2019-10-20 10:28:14,900 [Thread-467] INFO  impl.RoleInfo (RoleInfo.java:shutdownFollowerState(121)) - df12c920-952d-4704-9c70-1a288e2f77c7: shutdown FollowerState
2019-10-20 10:28:14,901 [Thread-467] INFO  impl.RaftServerImpl (RaftServerImpl.java:setRole(184)) - df12c920-952d-4704-9c70-1a288e2f77c7@group-75987F7FE399: changes role from  FOLLOWER to CANDIDATE at term 38 for changeToCandidate
2019-10-20 10:28:14,901 [Thread-467] INFO  impl.RoleInfo (RoleInfo.java:updateAndGet(143)) - df12c920-952d-4704-9c70-1a288e2f77c7: start LeaderElection
2019-10-20 10:28:14,915 [df12c920-952d-4704-9c70-1a288e2f77c7@group-75987F7FE399-LeaderElection39] INFO  impl.LeaderElection (LeaderElection.java:askForVotes(178)) - df12c920-952d-4704-9c70-1a288e2f77c7@group-75987F7FE399-LeaderElection39: begin an election at term 39 for -1: [875da3d9-0dec-46c7-88bf-73f7a2372b64:192.168.69.89:39990, df12c920-952d-4704-9c70-1a288e2f77c7:192.168.69.89:43948, 9ceef694-dbcf-4070-b7b1-3b3c65b6a699:192.168.69.89:36536], old=null
2019-10-20 10:28:14,919 [grpc-default-executor-3] INFO  impl.RaftServerImpl (RaftServerImpl.java:setRole(184)) - 875da3d9-0dec-46c7-88bf-73f7a2372b64@group-75987F7FE399: changes role from  FOLLOWER to FOLLOWER at term 39 for recognizeCandidate:df12c920-952d-4704-9c70-1a288e2f77c7
2019-10-20 10:28:14,919 [grpc-default-executor-1] INFO  impl.RaftServerImpl (RaftServerImpl.java:setRole(184)) - 9ceef694-dbcf-4070-b7b1-3b3c65b6a699@group-75987F7FE399: changes role from  FOLLOWER to FOLLOWER at term 39 for recognizeCandidate:df12c920-952d-4704-9c70-1a288e2f77c7
2019-10-20 10:28:14,920 [grpc-default-executor-3] INFO  impl.RoleInfo (RoleInfo.java:shutdownFollowerState(121)) - 875da3d9-0dec-46c7-88bf-73f7a2372b64: shutdown FollowerState
2019-10-20 10:28:14,920 [grpc-default-executor-1] INFO  impl.RoleInfo (RoleInfo.java:shutdownFollowerState(121)) - 9ceef694-dbcf-4070-b7b1-3b3c65b6a699: shutdown FollowerState
2019-10-20 10:28:14,920 [grpc-default-executor-3] INFO  impl.RoleInfo (RoleInfo.java:updateAndGet(143)) - 875da3d9-0dec-46c7-88bf-73f7a2372b64: start FollowerState
2019-10-20 10:28:14,920 [Thread-465] INFO  impl.FollowerState (FollowerState.java:run(117)) - 875da3d9-0dec-46c7-88bf-73f7a2372b64@group-75987F7FE399-FollowerState was interrupted: java.lang.InterruptedException: sleep interrupted
2019-10-20 10:28:14,920 [grpc-default-executor-1] INFO  impl.RoleInfo (RoleInfo.java:updateAndGet(143)) - 9ceef694-dbcf-4070-b7b1-3b3c65b6a699: start FollowerState
2019-10-20 10:28:14,920 [Thread-466] INFO  impl.FollowerState (FollowerState.java:run(117)) - 9ceef694-dbcf-4070-b7b1-3b3c65b6a699@group-75987F7FE399-FollowerState was interrupted: java.lang.InterruptedException: sleep interrupted
2019-10-20 10:28:14,929 [df12c920-952d-4704-9c70-1a288e2f77c7@group-75987F7FE399-LeaderElection39] INFO  impl.LeaderElection (LeaderElection.java:logAndReturn(56)) - df12c920-952d-4704-9c70-1a288e2f77c7@group-75987F7FE399-LeaderElection39: Election TIMEOUT; received 0 response(s) [] and 0 exception(s); df12c920-952d-4704-9c70-1a288e2f77c7@group-75987F7FE399:t39, leader=null, voted=df12c920-952d-4704-9c70-1a288e2f77c7, raftlog=df12c920-952d-4704-9c70-1a288e2f77c7@group-75987F7FE399-SegmentedRaftLog:OPENED:c-1,f-1,i0, conf=-1: [875da3d9-0dec-46c7-88bf-73f7a2372b64:192.168.69.89:39990, df12c920-952d-4704-9c70-1a288e2f77c7:192.168.69.89:43948, 9ceef694-dbcf-4070-b7b1-3b3c65b6a699:192.168.69.89:36536], old=null
2019-10-20 10:28:14,935 [df12c920-952d-4704-9c70-1a288e2f77c7@group-75987F7FE399-LeaderElection39] INFO  impl.LeaderElection (LeaderElection.java:askForVotes(178)) - df12c920-952d-4704-9c70-1a288e2f77c7@group-75987F7FE399-LeaderElection39: begin an election at term 40 for -1: [875da3d9-0dec-46c7-88bf-73f7a2372b64:192.168.69.89:39990, df12c920-952d-4704-9c70-1a288e2f77c7:192.168.69.89:43948, 9ceef694-dbcf-4070-b7b1-3b3c65b6a699:192.168.69.89:36536], old=null
2019-10-20 10:28:14,937 [grpc-default-executor-3] INFO  impl.RaftServerImpl (RaftServerImpl.java:setRole(184)) - 875da3d9-0dec-46c7-88bf-73f7a2372b64@group-75987F7FE399: changes role from  FOLLOWER to FOLLOWER at term 40 for recognizeCandidate:df12c920-952d-4704-9c70-1a288e2f77c7
2019-10-20 10:28:14,937 [grpc-default-executor-1] INFO  impl.RaftServerImpl (RaftServerImpl.java:setRole(184)) - 9ceef694-dbcf-4070-b7b1-3b3c65b6a699@group-75987F7FE399: changes role from  FOLLOWER to FOLLOWER at term 40 for recognizeCandidate:df12c920-952d-4704-9c70-1a288e2f77c7
2019-10-20 10:28:14,938 [grpc-default-executor-3] INFO  impl.RoleInfo (RoleInfo.java:shutdownFollowerState(121)) - 875da3d9-0dec-46c7-88bf-73f7a2372b64: shutdown FollowerState
2019-10-20 10:28:14,938 [grpc-default-executor-1] INFO  impl.RoleInfo (RoleInfo.java:shutdownFollowerState(121)) - 9ceef694-dbcf-4070-b7b1-3b3c65b6a699: shutdown FollowerState
2019-10-20 10:28:14,938 [Thread-471] INFO  impl.FollowerState (FollowerState.java:run(117)) - 875da3d9-0dec-46c7-88bf-73f7a2372b64@group-75987F7FE399-FollowerState was interrupted: java.lang.InterruptedException: sleep interrupted
2019-10-20 10:28:14,938 [grpc-default-executor-3] INFO  impl.RoleInfo (RoleInfo.java:updateAndGet(143)) - 875da3d9-0dec-46c7-88bf-73f7a2372b64: start FollowerState
2019-10-20 10:28:14,938 [Thread-472] INFO  impl.FollowerState (FollowerState.java:run(117)) - 9ceef694-dbcf-4070-b7b1-3b3c65b6a699@group-75987F7FE399-FollowerState was interrupted: java.lang.InterruptedException: sleep interrupted
2019-10-20 10:28:14,938 [grpc-default-executor-1] INFO  impl.RoleInfo (RoleInfo.java:updateAndGet(143)) - 9ceef694-dbcf-4070-b7b1-3b3c65b6a699: start FollowerState
2019-10-20 10:28:14,953 [df12c920-952d-4704-9c70-1a288e2f77c7@group-75987F7FE399-LeaderElection39] INFO  impl.LeaderElection (LeaderElection.java:logAndReturn(56)) - df12c920-952d-4704-9c70-1a288e2f77c7@group-75987F7FE399-LeaderElection39: Election REJECTED; received 2 response(s) [df12c920-952d-4704-9c70-1a288e2f77c7<-875da3d9-0dec-46c7-88bf-73f7a2372b64#0:FAIL-t40, df12c920-952d-4704-9c70-1a288e2f77c7<-9ceef694-dbcf-4070-b7b1-3b3c65b6a699#0:FAIL-t40] and 0 exception(s); df12c920-952d-4704-9c70-1a288e2f77c7@group-75987F7FE399:t40, leader=null, voted=df12c920-952d-4704-9c70-1a288e2f77c7, raftlog=df12c920-952d-4704-9c70-1a288e2f77c7@group-75987F7FE399-SegmentedRaftLog:OPENED:c-1,f-1,i0, conf=-1: [875da3d9-0dec-46c7-88bf-73f7a2372b64:192.168.69.89:39990, df12c920-952d-4704-9c70-1a288e2f77c7:192.168.69.89:43948, 9ceef694-dbcf-4070-b7b1-3b3c65b6a699:192.168.69.89:36536], old=null
2019-10-20 10:28:14,953 [df12c920-952d-4704-9c70-1a288e2f77c7@group-75987F7FE399-LeaderElection39] INFO  impl.RaftServerImpl (RaftServerImpl.java:setRole(184)) - df12c920-952d-4704-9c70-1a288e2f77c7@group-75987F7FE399: changes role from CANDIDATE to FOLLOWER at term 40 for DISCOVERED_A_NEW_TERM
2019-10-20 10:28:14,953 [df12c920-952d-4704-9c70-1a288e2f77c7@group-75987F7FE399-LeaderElection39] INFO  impl.RoleInfo (RoleInfo.java:shutdownLeaderElection(134)) - df12c920-952d-4704-9c70-1a288e2f77c7: shutdown LeaderElection
2019-10-20 10:28:14,953 [df12c920-952d-4704-9c70-1a288e2f77c7@group-75987F7FE399-LeaderElection39] INFO  impl.RoleInfo (RoleInfo.java:updateAndGet(143)) - df12c920-952d-4704-9c70-1a288e2f77c7: start FollowerState
2019-10-20 10:28:15,047 [Thread-477] INFO  impl.FollowerState (FollowerState.java:run(108)) - df12c920-952d-4704-9c70-1a288e2f77c7@group-75987F7FE399-FollowerState: change to CANDIDATE, lastRpcTime:93ms, electionTimeout:93ms
2019-10-20 10:28:15,047 [Thread-477] INFO  impl.RoleInfo (RoleInfo.java:shutdownFollowerState(121)) - df12c920-952d-4704-9c70-1a288e2f77c7: shutdown FollowerState
2019-10-20 10:28:15,047 [Thread-477] INFO  impl.RaftServerImpl (RaftServerImpl.java:setRole(184)) - df12c920-952d-4704-9c70-1a288e2f77c7@group-75987F7FE399: changes role from  FOLLOWER to CANDIDATE at term 40 for changeToCandidate
2019-10-20 10:28:15,048 [Thread-477] INFO  impl.RoleInfo (RoleInfo.java:updateAndGet(143)) - df12c920-952d-4704-9c70-1a288e2f77c7: start LeaderElection
2019-10-20 10:28:15,053 [df12c920-952d-4704-9c70-1a288e2f77c7@group-75987F7FE399-LeaderElection40] INFO  impl.LeaderElection (LeaderElection.java:askForVotes(178)) - df12c920-952d-4704-9c70-1a288e2f77c7@group-75987F7FE399-LeaderElection40: begin an election at term 41 for -1: [875da3d9-0dec-46c7-88bf-73f7a2372b64:192.168.69.89:39990, df12c920-952d-4704-9c70-1a288e2f77c7:192.168.69.89:43948, 9ceef694-dbcf-4070-b7b1-3b3c65b6a699:192.168.69.89:36536], old=null
2019-10-20 10:28:15,058 [grpc-default-executor-1] INFO  impl.RaftServerImpl (RaftServerImpl.java:setRole(184)) - 875da3d9-0dec-46c7-88bf-73f7a2372b64@group-75987F7FE399: changes role from  FOLLOWER to FOLLOWER at term 41 for recognizeCandidate:df12c920-952d-4704-9c70-1a288e2f77c7
2019-10-20 10:28:15,058 [grpc-default-executor-3] INFO  impl.RaftServerImpl (RaftServerImpl.java:setRole(184)) - 9ceef694-dbcf-4070-b7b1-3b3c65b6a699@group-75987F7FE399: changes role from  FOLLOWER to FOLLOWER at term 41 for recognizeCandidate:df12c920-952d-4704-9c70-1a288e2f77c7
2019-10-20 10:28:15,059 [grpc-default-executor-1] INFO  impl.RoleInfo (RoleInfo.java:shutdownFollowerState(121)) - 875da3d9-0dec-46c7-88bf-73f7a2372b64: shutdown FollowerState
2019-10-20 10:28:15,059 [grpc-default-executor-3] INFO  impl.RoleInfo (RoleInfo.java:shutdownFollowerState(121)) - 9ceef694-dbcf-4070-b7b1-3b3c65b6a699: shutdown FollowerState
2019-10-20 10:28:15,059 [Thread-475] INFO  impl.FollowerState (FollowerState.java:run(117)) - 875da3d9-0dec-46c7-88bf-73f7a2372b64@group-75987F7FE399-FollowerState was interrupted: java.lang.InterruptedException: sleep interrupted
2019-10-20 10:28:15,059 [Thread-476] INFO  impl.FollowerState (FollowerState.java:run(117)) - 9ceef694-dbcf-4070-b7b1-3b3c65b6a699@group-75987F7FE399-FollowerState was interrupted: java.lang.InterruptedException: sleep interrupted
2019-10-20 10:28:15,059 [grpc-default-executor-3] INFO  impl.RoleInfo (RoleInfo.java:updateAndGet(143)) - 9ceef694-dbcf-4070-b7b1-3b3c65b6a699: start FollowerState
2019-10-20 10:28:15,059 [grpc-default-executor-1] INFO  impl.RoleInfo (RoleInfo.java:updateAndGet(143)) - 875da3d9-0dec-46c7-88bf-73f7a2372b64: start FollowerState
2019-10-20 10:28:15,067 [df12c920-952d-4704-9c70-1a288e2f77c7@group-75987F7FE399-LeaderElection40] INFO  impl.LeaderElection (LeaderElection.java:logAndReturn(56)) - df12c920-952d-4704-9c70-1a288e2f77c7@group-75987F7FE399-LeaderElection40: Election TIMEOUT; received 0 response(s) [] and 0 exception(s); df12c920-952d-4704-9c70-1a288e2f77c7@group-75987F7FE399:t41, leader=null, voted=df12c920-952d-4704-9c70-1a288e2f77c7, raftlog=df12c920-952d-4704-9c70-1a288e2f77c7@group-75987F7FE399-SegmentedRaftLog:OPENED:c-1,f-1,i0, conf=-1: [875da3d9-0dec-46c7-88bf-73f7a2372b64:192.168.69.89:39990, df12c920-952d-4704-9c70-1a288e2f77c7:192.168.69.89:43948, 9ceef694-dbcf-4070-b7b1-3b3c65b6a699:192.168.69.89:36536], old=null
2019-10-20 10:28:15,072 [df12c920-952d-4704-9c70-1a288e2f77c7@group-75987F7FE399-LeaderElection40] INFO  impl.LeaderElection (LeaderElection.java:askForVotes(178)) - df12c920-952d-4704-9c70-1a288e2f77c7@group-75987F7FE399-LeaderElection40: begin an election at term 42 for -1: [875da3d9-0dec-46c7-88bf-73f7a2372b64:192.168.69.89:39990, df12c920-952d-4704-9c70-1a288e2f77c7:192.168.69.89:43948, 9ceef694-dbcf-4070-b7b1-3b3c65b6a699:192.168.69.89:36536], old=null
2019-10-20 10:28:15,074 [grpc-default-executor-1] INFO  impl.RaftServerImpl (RaftServerImpl.java:setRole(184)) - 875da3d9-0dec-46c7-88bf-73f7a2372b64@group-75987F7FE399: changes role from  FOLLOWER to FOLLOWER at term 42 for recognizeCandidate:df12c920-952d-4704-9c70-1a288e2f77c7
2019-10-20 10:28:15,074 [grpc-default-executor-1] INFO  impl.RoleInfo (RoleInfo.java:shutdownFollowerState(121)) - 875da3d9-0dec-46c7-88bf-73f7a2372b64: shutdown FollowerState
2019-10-20 10:28:15,074 [grpc-default-executor-3] INFO  impl.RaftServerImpl (RaftServerImpl.java:setRole(184)) - 9ceef694-dbcf-4070-b7b1-3b3c65b6a699@group-75987F7FE399: changes role from  FOLLOWER to FOLLOWER at term 42 for recognizeCandidate:df12c920-952d-4704-9c70-1a288e2f77c7
2019-10-20 10:28:15,074 [grpc-default-executor-1] INFO  impl.RoleInfo (RoleInfo.java:updateAndGet(143)) - 875da3d9-0dec-46c7-88bf-73f7a2372b64: start FollowerState
2019-10-20 10:28:15,074 [Thread-481] INFO  impl.FollowerState (FollowerState.java:run(117)) - 875da3d9-0dec-46c7-88bf-73f7a2372b64@group-75987F7FE399-FollowerState was interrupted: java.lang.InterruptedException: sleep interrupted
2019-10-20 10:28:15,075 [grpc-default-executor-3] INFO  impl.RoleInfo (RoleInfo.java:shutdownFollowerState(121)) - 9ceef694-dbcf-4070-b7b1-3b3c65b6a699: shutdown FollowerState
2019-10-20 10:28:15,075 [grpc-default-executor-3] INFO  impl.RoleInfo (RoleInfo.java:updateAndGet(143)) - 9ceef694-dbcf-4070-b7b1-3b3c65b6a699: start FollowerState
2019-10-20 10:28:15,075 [Thread-482] INFO  impl.FollowerState (FollowerState.java:run(117)) - 9ceef694-dbcf-4070-b7b1-3b3c65b6a699@group-75987F7FE399-FollowerState was interrupted: java.lang.InterruptedException: sleep interrupted
2019-10-20 10:28:15,093 [df12c920-952d-4704-9c70-1a288e2f77c7@group-75987F7FE399-LeaderElection40] INFO  impl.LeaderElection (LeaderElection.java:logAndReturn(56)) - df12c920-952d-4704-9c70-1a288e2f77c7@group-75987F7FE399-LeaderElection40: Election REJECTED; received 2 response(s) [df12c920-952d-4704-9c70-1a288e2f77c7<-875da3d9-0dec-46c7-88bf-73f7a2372b64#0:FAIL-t42, df12c920-952d-4704-9c70-1a288e2f77c7<-9ceef694-dbcf-4070-b7b1-3b3c65b6a699#0:FAIL-t42] and 0 exception(s); df12c920-952d-4704-9c70-1a288e2f77c7@group-75987F7FE399:t42, leader=null, voted=df12c920-952d-4704-9c70-1a288e2f77c7, raftlog=df12c920-952d-4704-9c70-1a288e2f77c7@group-75987F7FE399-SegmentedRaftLog:OPENED:c-1,f-1,i0, conf=-1: [875da3d9-0dec-46c7-88bf-73f7a2372b64:192.168.69.89:39990, df12c920-952d-4704-9c70-1a288e2f77c7:192.168.69.89:43948, 9ceef694-dbcf-4070-b7b1-3b3c65b6a699:192.168.69.89:36536], old=null
2019-10-20 10:28:15,093 [df12c920-952d-4704-9c70-1a288e2f77c7@group-75987F7FE399-LeaderElection40] INFO  impl.RaftServerImpl (RaftServerImpl.java:setRole(184)) - df12c920-952d-4704-9c70-1a288e2f77c7@group-75987F7FE399: changes role from CANDIDATE to FOLLOWER at term 42 for DISCOVERED_A_NEW_TERM
2019-10-20 10:28:15,093 [df12c920-952d-4704-9c70-1a288e2f77c7@group-75987F7FE399-LeaderElection40] INFO  impl.RoleInfo (RoleInfo.java:shutdownLeaderElection(134)) - df12c920-952d-4704-9c70-1a288e2f77c7: shutdown LeaderElection
2019-10-20 10:28:15,093 [df12c920-952d-4704-9c70-1a288e2f77c7@group-75987F7FE399-LeaderElection40] INFO  impl.RoleInfo (RoleInfo.java:updateAndGet(143)) - df12c920-952d-4704-9c70-1a288e2f77c7: start FollowerState
2019-10-20 10:28:15,221 [Thread-487] INFO  impl.FollowerState (FollowerState.java:run(108)) - df12c920-952d-4704-9c70-1a288e2f77c7@group-75987F7FE399-FollowerState: change to CANDIDATE, lastRpcTime:127ms, electionTimeout:127ms
2019-10-20 10:28:15,221 [Thread-487] INFO  impl.RoleInfo (RoleInfo.java:shutdownFollowerState(121)) - df12c920-952d-4704-9c70-1a288e2f77c7: shutdown FollowerState
2019-10-20 10:28:15,221 [Thread-487] INFO  impl.RaftServerImpl (RaftServerImpl.java:setRole(184)) - df12c920-952d-4704-9c70-1a288e2f77c7@group-75987F7FE399: changes role from  FOLLOWER to CANDIDATE at term 42 for changeToCandidate
2019-10-20 10:28:15,221 [Thread-487] INFO  impl.RoleInfo (RoleInfo.java:updateAndGet(143)) - df12c920-952d-4704-9c70-1a288e2f77c7: start LeaderElection
2019-10-20 10:28:15,236 [df12c920-952d-4704-9c70-1a288e2f77c7@group-75987F7FE399-LeaderElection41] INFO  impl.LeaderElection (LeaderElection.java:askForVotes(178)) - df12c920-952d-4704-9c70-1a288e2f77c7@group-75987F7FE399-LeaderElection41: begin an election at term 43 for -1: [875da3d9-0dec-46c7-88bf-73f7a2372b64:192.168.69.89:39990, df12c920-952d-4704-9c70-1a288e2f77c7:192.168.69.89:43948, 9ceef694-dbcf-4070-b7b1-3b3c65b6a699:192.168.69.89:36536], old=null
2019-10-20 10:28:15,242 [grpc-default-executor-3] INFO  impl.RaftServerImpl (RaftServerImpl.java:setRole(184)) - 875da3d9-0dec-46c7-88bf-73f7a2372b64@group-75987F7FE399: changes role from  FOLLOWER to FOLLOWER at term 43 for recognizeCandidate:df12c920-952d-4704-9c70-1a288e2f77c7
2019-10-20 10:28:15,242 [grpc-default-executor-1] INFO  impl.RaftServerImpl (RaftServerImpl.java:setRole(184)) - 9ceef694-dbcf-4070-b7b1-3b3c65b6a699@group-75987F7FE399: changes role from  FOLLOWER to FOLLOWER at term 43 for recognizeCandidate:df12c920-952d-4704-9c70-1a288e2f77c7
2019-10-20 10:28:15,243 [grpc-default-executor-1] INFO  impl.RoleInfo (RoleInfo.java:shutdownFollowerState(121)) - 9ceef694-dbcf-4070-b7b1-3b3c65b6a699: shutdown FollowerState
2019-10-20 10:28:15,242 [grpc-default-executor-3] INFO  impl.RoleInfo (RoleInfo.java:shutdownFollowerState(121)) - 875da3d9-0dec-46c7-88bf-73f7a2372b64: shutdown FollowerState
2019-10-20 10:28:15,243 [grpc-default-executor-1] INFO  impl.RoleInfo (RoleInfo.java:updateAndGet(143)) - 9ceef694-dbcf-4070-b7b1-3b3c65b6a699: start FollowerState
2019-10-20 10:28:15,243 [Thread-486] INFO  impl.FollowerState (FollowerState.java:run(117)) - 9ceef694-dbcf-4070-b7b1-3b3c65b6a699@group-75987F7FE399-FollowerState was interrupted: java.lang.InterruptedException: sleep interrupted
2019-10-20 10:28:15,243 [Thread-485] INFO  impl.FollowerState (FollowerState.java:run(117)) - 875da3d9-0dec-46c7-88bf-73f7a2372b64@group-75987F7FE399-FollowerState was interrupted: java.lang.InterruptedException: sleep interrupted
2019-10-20 10:28:15,243 [grpc-default-executor-3] INFO  impl.RoleInfo (RoleInfo.java:updateAndGet(143)) - 875da3d9-0dec-46c7-88bf-73f7a2372b64: start FollowerState
2019-10-20 10:28:15,271 [df12c920-952d-4704-9c70-1a288e2f77c7@group-75987F7FE399-LeaderElection41] INFO  impl.LeaderElection (LeaderElection.java:logAndReturn(56)) - df12c920-952d-4704-9c70-1a288e2f77c7@group-75987F7FE399-LeaderElection41: Election REJECTED; received 2 response(s) [df12c920-952d-4704-9c70-1a288e2f77c7<-875da3d9-0dec-46c7-88bf-73f7a2372b64#0:FAIL-t43, df12c920-952d-4704-9c70-1a288e2f77c7<-9ceef694-dbcf-4070-b7b1-3b3c65b6a699#0:FAIL-t43] and 0 exception(s); df12c920-952d-4704-9c70-1a288e2f77c7@group-75987F7FE399:t43, leader=null, voted=df12c920-952d-4704-9c70-1a288e2f77c7, raftlog=df12c920-952d-4704-9c70-1a288e2f77c7@group-75987F7FE399-SegmentedRaftLog:OPENED:c-1,f-1,i0, conf=-1: [875da3d9-0dec-46c7-88bf-73f7a2372b64:192.168.69.89:39990, df12c920-952d-4704-9c70-1a288e2f77c7:192.168.69.89:43948, 9ceef694-dbcf-4070-b7b1-3b3c65b6a699:192.168.69.89:36536], old=null
2019-10-20 10:28:15,271 [df12c920-952d-4704-9c70-1a288e2f77c7@group-75987F7FE399-LeaderElection41] INFO  impl.RaftServerImpl (RaftServerImpl.java:setRole(184)) - df12c920-952d-4704-9c70-1a288e2f77c7@group-75987F7FE399: changes role from CANDIDATE to FOLLOWER at term 43 for DISCOVERED_A_NEW_TERM
2019-10-20 10:28:15,271 [df12c920-952d-4704-9c70-1a288e2f77c7@group-75987F7FE399-LeaderElection41] INFO  impl.RoleInfo (RoleInfo.java:shutdownLeaderElection(134)) - df12c920-952d-4704-9c70-1a288e2f77c7: shutdown LeaderElection
2019-10-20 10:28:15,272 [df12c920-952d-4704-9c70-1a288e2f77c7@group-75987F7FE399-LeaderElection41] INFO  impl.RoleInfo (RoleInfo.java:updateAndGet(143)) - df12c920-952d-4704-9c70-1a288e2f77c7: start FollowerState
2019-10-20 10:28:15,456 [Thread-493] INFO  impl.FollowerState (FollowerState.java:run(108)) - df12c920-952d-4704-9c70-1a288e2f77c7@group-75987F7FE399-FollowerState: change to CANDIDATE, lastRpcTime:184ms, electionTimeout:184ms
2019-10-20 10:28:15,456 [Thread-493] INFO  impl.RoleInfo (RoleInfo.java:shutdownFollowerState(121)) - df12c920-952d-4704-9c70-1a288e2f77c7: shutdown FollowerState
2019-10-20 10:28:15,457 [Thread-493] INFO  impl.RaftServerImpl (RaftServerImpl.java:setRole(184)) - df12c920-952d-4704-9c70-1a288e2f77c7@group-75987F7FE399: changes role from  FOLLOWER to CANDIDATE at term 43 for changeToCandidate
2019-10-20 10:28:15,457 [Thread-493] INFO  impl.RoleInfo (RoleInfo.java:updateAndGet(143)) - df12c920-952d-4704-9c70-1a288e2f77c7: start LeaderElection
2019-10-20 10:28:15,472 [df12c920-952d-4704-9c70-1a288e2f77c7@group-75987F7FE399-LeaderElection42] INFO  impl.LeaderElection (LeaderElection.java:askForVotes(178)) - df12c920-952d-4704-9c70-1a288e2f77c7@group-75987F7FE399-LeaderElection42: begin an election at term 44 for -1: [875da3d9-0dec-46c7-88bf-73f7a2372b64:192.168.69.89:39990, df12c920-952d-4704-9c70-1a288e2f77c7:192.168.69.89:43948, 9ceef694-dbcf-4070-b7b1-3b3c65b6a699:192.168.69.89:36536], old=null
2019-10-20 10:28:15,475 [grpc-default-executor-3] INFO  impl.RaftServerImpl (RaftServerImpl.java:setRole(184)) - 9ceef694-dbcf-4070-b7b1-3b3c65b6a699@group-75987F7FE399: changes role from  FOLLOWER to FOLLOWER at term 44 for recognizeCandidate:df12c920-952d-4704-9c70-1a288e2f77c7
2019-10-20 10:28:15,475 [grpc-default-executor-1] INFO  impl.RaftServerImpl (RaftServerImpl.java:setRole(184)) - 875da3d9-0dec-46c7-88bf-73f7a2372b64@group-75987F7FE399: changes role from  FOLLOWER to FOLLOWER at term 44 for recognizeCandidate:df12c920-952d-4704-9c70-1a288e2f77c7
2019-10-20 10:28:15,475 [grpc-default-executor-3] INFO  impl.RoleInfo (RoleInfo.java:shutdownFollowerState(121)) - 9ceef694-dbcf-4070-b7b1-3b3c65b6a699: shutdown FollowerState
2019-10-20 10:28:15,476 [grpc-default-executor-1] INFO  impl.RoleInfo (RoleInfo.java:shutdownFollowerState(121)) - 875da3d9-0dec-46c7-88bf-73f7a2372b64: shutdown FollowerState
2019-10-20 10:28:15,476 [Thread-491] INFO  impl.FollowerState (FollowerState.java:run(117)) - 9ceef694-dbcf-4070-b7b1-3b3c65b6a699@group-75987F7FE399-FollowerState was interrupted: java.lang.InterruptedException: sleep interrupted
2019-10-20 10:28:15,476 [grpc-default-executor-3] INFO  impl.RoleInfo (RoleInfo.java:updateAndGet(143)) - 9ceef694-dbcf-4070-b7b1-3b3c65b6a699: start FollowerState
2019-10-20 10:28:15,476 [grpc-default-executor-1] INFO  impl.RoleInfo (RoleInfo.java:updateAndGet(143)) - 875da3d9-0dec-46c7-88bf-73f7a2372b64: start FollowerState
2019-10-20 10:28:15,476 [Thread-492] INFO  impl.FollowerState (FollowerState.java:run(117)) - 875da3d9-0dec-46c7-88bf-73f7a2372b64@group-75987F7FE399-FollowerState was interrupted: java.lang.InterruptedException: sleep interrupted
2019-10-20 10:28:15,490 [df12c920-952d-4704-9c70-1a288e2f77c7@group-75987F7FE399-LeaderElection42] INFO  impl.LeaderElection (LeaderElection.java:logAndReturn(56)) - df12c920-952d-4704-9c70-1a288e2f77c7@group-75987F7FE399-LeaderElection42: Election REJECTED; received 2 response(s) [df12c920-952d-4704-9c70-1a288e2f77c7<-875da3d9-0dec-46c7-88bf-73f7a2372b64#0:FAIL-t44, df12c920-952d-4704-9c70-1a288e2f77c7<-9ceef694-dbcf-4070-b7b1-3b3c65b6a699#0:FAIL-t44] and 0 exception(s); df12c920-952d-4704-9c70-1a288e2f77c7@group-75987F7FE399:t44, leader=null, voted=df12c920-952d-4704-9c70-1a288e2f77c7, raftlog=df12c920-952d-4704-9c70-1a288e2f77c7@group-75987F7FE399-SegmentedRaftLog:OPENED:c-1,f-1,i0, conf=-1: [875da3d9-0dec-46c7-88bf-73f7a2372b64:192.168.69.89:39990, df12c920-952d-4704-9c70-1a288e2f77c7:192.168.69.89:43948, 9ceef694-dbcf-4070-b7b1-3b3c65b6a699:192.168.69.89:36536], old=null
2019-10-20 10:28:15,490 [df12c920-952d-4704-9c70-1a288e2f77c7@group-75987F7FE399-LeaderElection42] INFO  impl.RaftServerImpl (RaftServerImpl.java:setRole(184)) - df12c920-952d-4704-9c70-1a288e2f77c7@group-75987F7FE399: changes role from CANDIDATE to FOLLOWER at term 44 for DISCOVERED_A_NEW_TERM
2019-10-20 10:28:15,490 [df12c920-952d-4704-9c70-1a288e2f77c7@group-75987F7FE399-LeaderElection42] INFO  impl.RoleInfo (RoleInfo.java:shutdownLeaderElection(134)) - df12c920-952d-4704-9c70-1a288e2f77c7: shutdown LeaderElection
2019-10-20 10:28:15,491 [df12c920-952d-4704-9c70-1a288e2f77c7@group-75987F7FE399-LeaderElection42] INFO  impl.RoleInfo (RoleInfo.java:updateAndGet(143)) - df12c920-952d-4704-9c70-1a288e2f77c7: start FollowerState
2019-10-20 10:28:15,543 [Thread-499] INFO  impl.FollowerState (FollowerState.java:run(108)) - df12c920-952d-4704-9c70-1a288e2f77c7@group-75987F7FE399-FollowerState: change to CANDIDATE, lastRpcTime:52ms, electionTimeout:52ms
2019-10-20 10:28:15,543 [Thread-499] INFO  impl.RoleInfo (RoleInfo.java:shutdownFollowerState(121)) - df12c920-952d-4704-9c70-1a288e2f77c7: shutdown FollowerState
2019-10-20 10:28:15,544 [Thread-499] INFO  impl.RaftServerImpl (RaftServerImpl.java:setRole(184)) - df12c920-952d-4704-9c70-1a288e2f77c7@group-75987F7FE399: changes role from  FOLLOWER to CANDIDATE at term 44 for changeToCandidate
2019-10-20 10:28:15,545 [Thread-499] INFO  impl.RoleInfo (RoleInfo.java:updateAndGet(143)) - df12c920-952d-4704-9c70-1a288e2f77c7: start LeaderElection
2019-10-20 10:28:15,572 [df12c920-952d-4704-9c70-1a288e2f77c7@group-75987F7FE399-LeaderElection43] INFO  impl.LeaderElection (LeaderElection.java:askForVotes(178)) - df12c920-952d-4704-9c70-1a288e2f77c7@group-75987F7FE399-LeaderElection43: begin an election at term 45 for -1: [875da3d9-0dec-46c7-88bf-73f7a2372b64:192.168.69.89:39990, df12c920-952d-4704-9c70-1a288e2f77c7:192.168.69.89:43948, 9ceef694-dbcf-4070-b7b1-3b3c65b6a699:192.168.69.89:36536], old=null
2019-10-20 10:28:15,576 [grpc-default-executor-1] INFO  impl.RaftServerImpl (RaftServerImpl.java:setRole(184)) - 9ceef694-dbcf-4070-b7b1-3b3c65b6a699@group-75987F7FE399: changes role from  FOLLOWER to FOLLOWER at term 45 for recognizeCandidate:df12c920-952d-4704-9c70-1a288e2f77c7
2019-10-20 10:28:15,576 [grpc-default-executor-3] INFO  impl.RaftServerImpl (RaftServerImpl.java:setRole(184)) - 875da3d9-0dec-46c7-88bf-73f7a2372b64@group-75987F7FE399: changes role from  FOLLOWER to FOLLOWER at term 45 for recognizeCandidate:df12c920-952d-4704-9c70-1a288e2f77c7
2019-10-20 10:28:15,576 [grpc-default-executor-1] INFO  impl.RoleInfo (RoleInfo.java:shutdownFollowerState(121)) - 9ceef694-dbcf-4070-b7b1-3b3c65b6a699: shutdown FollowerState
2019-10-20 10:28:15,577 [grpc-default-executor-3] INFO  impl.RoleInfo (RoleInfo.java:shutdownFollowerState(121)) - 875da3d9-0dec-46c7-88bf-73f7a2372b64: shutdown FollowerState
2019-10-20 10:28:15,577 [Thread-497] INFO  impl.FollowerState (FollowerState.java:run(117)) - 9ceef694-dbcf-4070-b7b1-3b3c65b6a699@group-75987F7FE399-FollowerState was interrupted: java.lang.InterruptedException: sleep interrupted
2019-10-20 10:28:15,577 [grpc-default-executor-1] INFO  impl.RoleInfo (RoleInfo.java:updateAndGet(143)) - 9ceef694-dbcf-4070-b7b1-3b3c65b6a699: start FollowerState
2019-10-20 10:28:15,577 [Thread-498] INFO  impl.FollowerState (FollowerState.java:run(117)) - 875da3d9-0dec-46c7-88bf-73f7a2372b64@group-75987F7FE399-FollowerState was interrupted: java.lang.InterruptedException: sleep interrupted
2019-10-20 10:28:15,577 [grpc-default-executor-3] INFO  impl.RoleInfo (RoleInfo.java:updateAndGet(143)) - 875da3d9-0dec-46c7-88bf-73f7a2372b64: start FollowerState
2019-10-20 10:28:15,592 [df12c920-952d-4704-9c70-1a288e2f77c7@group-75987F7FE399-LeaderElection43] INFO  impl.LeaderElection (LeaderElection.java:logAndReturn(56)) - df12c920-952d-4704-9c70-1a288e2f77c7@group-75987F7FE399-LeaderElection43: Election REJECTED; received 2 response(s) [df12c920-952d-4704-9c70-1a288e2f77c7<-875da3d9-0dec-46c7-88bf-73f7a2372b64#0:FAIL-t45, df12c920-952d-4704-9c70-1a288e2f77c7<-9ceef694-dbcf-4070-b7b1-3b3c65b6a699#0:FAIL-t45] and 0 exception(s); df12c920-952d-4704-9c70-1a288e2f77c7@group-75987F7FE399:t45, leader=null, voted=df12c920-952d-4704-9c70-1a288e2f77c7, raftlog=df12c920-952d-4704-9c70-1a288e2f77c7@group-75987F7FE399-SegmentedRaftLog:OPENED:c-1,f-1,i0, conf=-1: [875da3d9-0dec-46c7-88bf-73f7a2372b64:192.168.69.89:39990, df12c920-952d-4704-9c70-1a288e2f77c7:192.168.69.89:43948, 9ceef694-dbcf-4070-b7b1-3b3c65b6a699:192.168.69.89:36536], old=null
2019-10-20 10:28:15,592 [df12c920-952d-4704-9c70-1a288e2f77c7@group-75987F7FE399-LeaderElection43] INFO  impl.RaftServerImpl (RaftServerImpl.java:setRole(184)) - df12c920-952d-4704-9c70-1a288e2f77c7@group-75987F7FE399: changes role from CANDIDATE to FOLLOWER at term 45 for DISCOVERED_A_NEW_TERM
2019-10-20 10:28:15,592 [df12c920-952d-4704-9c70-1a288e2f77c7@group-75987F7FE399-LeaderElection43] INFO  impl.RoleInfo (RoleInfo.java:shutdownLeaderElection(134)) - df12c920-952d-4704-9c70-1a288e2f77c7: shutdown LeaderElection
2019-10-20 10:28:15,592 [df12c920-952d-4704-9c70-1a288e2f77c7@group-75987F7FE399-LeaderElection43] INFO  impl.RoleInfo (RoleInfo.java:updateAndGet(143)) - df12c920-952d-4704-9c70-1a288e2f77c7: start FollowerState
2019-10-20 10:28:15,634 [Thread-507] INFO  impl.FollowerState (FollowerState.java:run(108)) - df12c920-952d-4704-9c70-1a288e2f77c7@group-75987F7FE399-FollowerState: change to CANDIDATE, lastRpcTime:41ms, electionTimeout:41ms
2019-10-20 10:28:15,634 [Thread-507] INFO  impl.RoleInfo (RoleInfo.java:shutdownFollowerState(121)) - df12c920-952d-4704-9c70-1a288e2f77c7: shutdown FollowerState
2019-10-20 10:28:15,634 [Thread-507] INFO  impl.RaftServerImpl (RaftServerImpl.java:setRole(184)) - df12c920-952d-4704-9c70-1a288e2f77c7@group-75987F7FE399: changes role from  FOLLOWER to CANDIDATE at term 45 for changeToCandidate
2019-10-20 10:28:15,634 [Thread-507] INFO  impl.RoleInfo (RoleInfo.java:updateAndGet(143)) - df12c920-952d-4704-9c70-1a288e2f77c7: start LeaderElection
2019-10-20 10:28:15,659 [df12c920-952d-4704-9c70-1a288e2f77c7@group-75987F7FE399-LeaderElection44] INFO  impl.LeaderElection (LeaderElection.java:askForVotes(178)) - df12c920-952d-4704-9c70-1a288e2f77c7@group-75987F7FE399-LeaderElection44: begin an election at term 46 for -1: [875da3d9-0dec-46c7-88bf-73f7a2372b64:192.168.69.89:39990, df12c920-952d-4704-9c70-1a288e2f77c7:192.168.69.89:43948, 9ceef694-dbcf-4070-b7b1-3b3c65b6a699:192.168.69.89:36536], old=null
2019-10-20 10:28:15,662 [grpc-default-executor-1] INFO  impl.RaftServerImpl (RaftServerImpl.java:setRole(184)) - 875da3d9-0dec-46c7-88bf-73f7a2372b64@group-75987F7FE399: changes role from  FOLLOWER to FOLLOWER at term 46 for recognizeCandidate:df12c920-952d-4704-9c70-1a288e2f77c7
2019-10-20 10:28:15,663 [grpc-default-executor-1] INFO  impl.RoleInfo (RoleInfo.java:shutdownFollowerState(121)) - 875da3d9-0dec-46c7-88bf-73f7a2372b64: shutdown FollowerState
2019-10-20 10:28:15,663 [grpc-default-executor-3] INFO  impl.RaftServerImpl (RaftServerImpl.java:setRole(184)) - 9ceef694-dbcf-4070-b7b1-3b3c65b6a699@group-75987F7FE399: changes role from  FOLLOWER to FOLLOWER at term 46 for recognizeCandidate:df12c920-952d-4704-9c70-1a288e2f77c7
2019-10-20 10:28:15,663 [grpc-default-executor-1] INFO  impl.RoleInfo (RoleInfo.java:updateAndGet(143)) - 875da3d9-0dec-46c7-88bf-73f7a2372b64: start FollowerState
2019-10-20 10:28:15,663 [Thread-506] INFO  impl.FollowerState (FollowerState.java:run(117)) - 875da3d9-0dec-46c7-88bf-73f7a2372b64@group-75987F7FE399-FollowerState was interrupted: java.lang.InterruptedException: sleep interrupted
2019-10-20 10:28:15,663 [grpc-default-executor-3] INFO  impl.RoleInfo (RoleInfo.java:shutdownFollowerState(121)) - 9ceef694-dbcf-4070-b7b1-3b3c65b6a699: shutdown FollowerState
2019-10-20 10:28:15,663 [grpc-default-executor-3] INFO  impl.RoleInfo (RoleInfo.java:updateAndGet(143)) - 9ceef694-dbcf-4070-b7b1-3b3c65b6a699: start FollowerState
2019-10-20 10:28:15,663 [Thread-505] INFO  impl.FollowerState (FollowerState.java:run(117)) - 9ceef694-dbcf-4070-b7b1-3b3c65b6a699@group-75987F7FE399-FollowerState was interrupted: java.lang.InterruptedException: sleep interrupted
2019-10-20 10:28:15,679 [df12c920-952d-4704-9c70-1a288e2f77c7@group-75987F7FE399-LeaderElection44] INFO  impl.LeaderElection (LeaderElection.java:logAndReturn(56)) - df12c920-952d-4704-9c70-1a288e2f77c7@group-75987F7FE399-LeaderElection44: Election REJECTED; received 2 response(s) [df12c920-952d-4704-9c70-1a288e2f77c7<-875da3d9-0dec-46c7-88bf-73f7a2372b64#0:FAIL-t46, df12c920-952d-4704-9c70-1a288e2f77c7<-9ceef694-dbcf-4070-b7b1-3b3c65b6a699#0:FAIL-t46] and 0 exception(s); df12c920-952d-4704-9c70-1a288e2f77c7@group-75987F7FE399:t46, leader=null, voted=df12c920-952d-4704-9c70-1a288e2f77c7, raftlog=df12c920-952d-4704-9c70-1a288e2f77c7@group-75987F7FE399-SegmentedRaftLog:OPENED:c-1,f-1,i0, conf=-1: [875da3d9-0dec-46c7-88bf-73f7a2372b64:192.168.69.89:39990, df12c920-952d-4704-9c70-1a288e2f77c7:192.168.69.89:43948, 9ceef694-dbcf-4070-b7b1-3b3c65b6a699:192.168.69.89:36536], old=null
2019-10-20 10:28:15,679 [df12c920-952d-4704-9c70-1a288e2f77c7@group-75987F7FE399-LeaderElection44] INFO  impl.RaftServerImpl (RaftServerImpl.java:setRole(184)) - df12c920-952d-4704-9c70-1a288e2f77c7@group-75987F7FE399: changes role from CANDIDATE to FOLLOWER at term 46 for DISCOVERED_A_NEW_TERM
2019-10-20 10:28:15,679 [df12c920-952d-4704-9c70-1a288e2f77c7@group-75987F7FE399-LeaderElection44] INFO  impl.RoleInfo (RoleInfo.java:shutdownLeaderElection(134)) - df12c920-952d-4704-9c70-1a288e2f77c7: shutdown LeaderElection
2019-10-20 10:28:15,679 [df12c920-952d-4704-9c70-1a288e2f77c7@group-75987F7FE399-LeaderElection44] INFO  impl.RoleInfo (RoleInfo.java:updateAndGet(143)) - df12c920-952d-4704-9c70-1a288e2f77c7: start FollowerState
2019-10-20 10:28:15,757 [Thread-513] INFO  impl.FollowerState (FollowerState.java:run(108)) - df12c920-952d-4704-9c70-1a288e2f77c7@group-75987F7FE399-FollowerState: change to CANDIDATE, lastRpcTime:77ms, electionTimeout:77ms
2019-10-20 10:28:15,757 [Thread-513] INFO  impl.RoleInfo (RoleInfo.java:shutdownFollowerState(121)) - df12c920-952d-4704-9c70-1a288e2f77c7: shutdown FollowerState
2019-10-20 10:28:15,757 [Thread-513] INFO  impl.RaftServerImpl (RaftServerImpl.java:setRole(184)) - df12c920-952d-4704-9c70-1a288e2f77c7@group-75987F7FE399: changes role from  FOLLOWER to CANDIDATE at term 46 for changeToCandidate
2019-10-20 10:28:15,757 [Thread-513] INFO  impl.RoleInfo (RoleInfo.java:updateAndGet(143)) - df12c920-952d-4704-9c70-1a288e2f77c7: start LeaderElection
2019-10-20 10:28:15,771 [df12c920-952d-4704-9c70-1a288e2f77c7@group-75987F7FE399-LeaderElection45] INFO  impl.LeaderElection (LeaderElection.java:askForVotes(178)) - df12c920-952d-4704-9c70-1a288e2f77c7@group-75987F7FE399-LeaderElection45: begin an election at term 47 for -1: [875da3d9-0dec-46c7-88bf-73f7a2372b64:192.168.69.89:39990, df12c920-952d-4704-9c70-1a288e2f77c7:192.168.69.89:43948, 9ceef694-dbcf-4070-b7b1-3b3c65b6a699:192.168.69.89:36536], old=null
2019-10-20 10:28:15,774 [grpc-default-executor-3] INFO  impl.RaftServerImpl (RaftServerImpl.java:setRole(184)) - 875da3d9-0dec-46c7-88bf-73f7a2372b64@group-75987F7FE399: changes role from  FOLLOWER to FOLLOWER at term 47 for recognizeCandidate:df12c920-952d-4704-9c70-1a288e2f77c7
2019-10-20 10:28:15,775 [grpc-default-executor-3] INFO  impl.RoleInfo (RoleInfo.java:shutdownFollowerState(121)) - 875da3d9-0dec-46c7-88bf-73f7a2372b64: shutdown FollowerState
2019-10-20 10:28:15,775 [grpc-default-executor-3] INFO  impl.RoleInfo (RoleInfo.java:updateAndGet(143)) - 875da3d9-0dec-46c7-88bf-73f7a2372b64: start FollowerState
2019-10-20 10:28:15,775 [grpc-default-executor-1] INFO  impl.RaftServerImpl (RaftServerImpl.java:setRole(184)) - 9ceef694-dbcf-4070-b7b1-3b3c65b6a699@group-75987F7FE399: changes role from  FOLLOWER to FOLLOWER at term 47 for recognizeCandidate:df12c920-952d-4704-9c70-1a288e2f77c7
2019-10-20 10:28:15,775 [Thread-511] INFO  impl.FollowerState (FollowerState.java:run(117)) - 875da3d9-0dec-46c7-88bf-73f7a2372b64@group-75987F7FE399-FollowerState was interrupted: java.lang.InterruptedException: sleep interrupted
2019-10-20 10:28:15,775 [grpc-default-executor-1] INFO  impl.RoleInfo (RoleInfo.java:shutdownFollowerState(121)) - 9ceef694-dbcf-4070-b7b1-3b3c65b6a699: shutdown FollowerState
2019-10-20 10:28:15,776 [grpc-default-executor-1] INFO  impl.RoleInfo (RoleInfo.java:updateAndGet(143)) - 9ceef694-dbcf-4070-b7b1-3b3c65b6a699: start FollowerState
2019-10-20 10:28:15,776 [Thread-512] INFO  impl.FollowerState (FollowerState.java:run(117)) - 9ceef694-dbcf-4070-b7b1-3b3c65b6a699@group-75987F7FE399-FollowerState was interrupted: java.lang.InterruptedException: sleep interrupted
2019-10-20 10:28:15,802 [df12c920-952d-4704-9c70-1a288e2f77c7@group-75987F7FE399-LeaderElection45] INFO  impl.LeaderElection (LeaderElection.java:logAndReturn(56)) - df12c920-952d-4704-9c70-1a288e2f77c7@group-75987F7FE399-LeaderElection45: Election REJECTED; received 2 response(s) [df12c920-952d-4704-9c70-1a288e2f77c7<-875da3d9-0dec-46c7-88bf-73f7a2372b64#0:FAIL-t47, df12c920-952d-4704-9c70-1a288e2f77c7<-9ceef694-dbcf-4070-b7b1-3b3c65b6a699#0:FAIL-t47] and 0 exception(s); df12c920-952d-4704-9c70-1a288e2f77c7@group-75987F7FE399:t47, leader=null, voted=df12c920-952d-4704-9c70-1a288e2f77c7, raftlog=df12c920-952d-4704-9c70-1a288e2f77c7@group-75987F7FE399-SegmentedRaftLog:OPENED:c-1,f-1,i0, conf=-1: [875da3d9-0dec-46c7-88bf-73f7a2372b64:192.168.69.89:39990, df12c920-952d-4704-9c70-1a288e2f77c7:192.168.69.89:43948, 9ceef694-dbcf-4070-b7b1-3b3c65b6a699:192.168.69.89:36536], old=null
2019-10-20 10:28:15,802 [df12c920-952d-4704-9c70-1a288e2f77c7@group-75987F7FE399-LeaderElection45] INFO  impl.RaftServerImpl (RaftServerImpl.java:setRole(184)) - df12c920-952d-4704-9c70-1a288e2f77c7@group-75987F7FE399: changes role from CANDIDATE to FOLLOWER at term 47 for DISCOVERED_A_NEW_TERM
2019-10-20 10:28:15,802 [df12c920-952d-4704-9c70-1a288e2f77c7@group-75987F7FE399-LeaderElection45] INFO  impl.RoleInfo (RoleInfo.java:shutdownLeaderElection(134)) - df12c920-952d-4704-9c70-1a288e2f77c7: shutdown LeaderElection
2019-10-20 10:28:15,803 [df12c920-952d-4704-9c70-1a288e2f77c7@group-75987F7FE399-LeaderElection45] INFO  impl.RoleInfo (RoleInfo.java:updateAndGet(143)) - df12c920-952d-4704-9c70-1a288e2f77c7: start FollowerState
2019-10-20 10:28:15,950 [Thread-519] INFO  impl.FollowerState (FollowerState.java:run(108)) - df12c920-952d-4704-9c70-1a288e2f77c7@group-75987F7FE399-FollowerState: change to CANDIDATE, lastRpcTime:147ms, electionTimeout:147ms
2019-10-20 10:28:15,950 [Thread-519] INFO  impl.RoleInfo (RoleInfo.java:shutdownFollowerState(121)) - df12c920-952d-4704-9c70-1a288e2f77c7: shutdown FollowerState
2019-10-20 10:28:15,951 [Thread-519] INFO  impl.RaftServerImpl (RaftServerImpl.java:setRole(184)) - df12c920-952d-4704-9c70-1a288e2f77c7@group-75987F7FE399: changes role from  FOLLOWER to CANDIDATE at term 47 for changeToCandidate
2019-10-20 10:28:15,951 [Thread-519] INFO  impl.RoleInfo (RoleInfo.java:updateAndGet(143)) - df12c920-952d-4704-9c70-1a288e2f77c7: start LeaderElection
2019-10-20 10:28:15,966 [df12c920-952d-4704-9c70-1a288e2f77c7@group-75987F7FE399-LeaderElection46] INFO  impl.LeaderElection (LeaderElection.java:askForVotes(178)) - df12c920-952d-4704-9c70-1a288e2f77c7@group-75987F7FE399-LeaderElection46: begin an election at term 48 for -1: [875da3d9-0dec-46c7-88bf-73f7a2372b64:192.168.69.89:39990, df12c920-952d-4704-9c70-1a288e2f77c7:192.168.69.89:43948, 9ceef694-dbcf-4070-b7b1-3b3c65b6a699:192.168.69.89:36536], old=null
2019-10-20 10:28:15,970 [grpc-default-executor-3] INFO  impl.RaftServerImpl (RaftServerImpl.java:setRole(184)) - 875da3d9-0dec-46c7-88bf-73f7a2372b64@group-75987F7FE399: changes role from  FOLLOWER to FOLLOWER at term 48 for recognizeCandidate:df12c920-952d-4704-9c70-1a288e2f77c7
2019-10-20 10:28:15,970 [grpc-default-executor-1] INFO  impl.RaftServerImpl (RaftServerImpl.java:setRole(184)) - 9ceef694-dbcf-4070-b7b1-3b3c65b6a699@group-75987F7FE399: changes role from  FOLLOWER to FOLLOWER at term 48 for recognizeCandidate:df12c920-952d-4704-9c70-1a288e2f77c7
2019-10-20 10:28:15,970 [grpc-default-executor-3] INFO  impl.RoleInfo (RoleInfo.java:shutdownFollowerState(121)) - 875da3d9-0dec-46c7-88bf-73f7a2372b64: shutdown FollowerState
2019-10-20 10:28:15,970 [grpc-default-executor-1] INFO  impl.RoleInfo (RoleInfo.java:shutdownFollowerState(121)) - 9ceef694-dbcf-4070-b7b1-3b3c65b6a699: shutdown FollowerState
2019-10-20 10:28:15,971 [grpc-default-executor-3] INFO  impl.RoleInfo (RoleInfo.java:updateAndGet(143)) - 875da3d9-0dec-46c7-88bf-73f7a2372b64: start FollowerState
2019-10-20 10:28:15,971 [Thread-517] INFO  impl.FollowerState (FollowerState.java:run(117)) - 875da3d9-0dec-46c7-88bf-73f7a2372b64@group-75987F7FE399-FollowerState was interrupted: java.lang.InterruptedException: sleep interrupted
2019-10-20 10:28:15,971 [Thread-518] INFO  impl.FollowerState (FollowerState.java:run(117)) - 9ceef694-dbcf-4070-b7b1-3b3c65b6a699@group-75987F7FE399-FollowerState was interrupted: java.lang.InterruptedException: sleep interrupted
2019-10-20 10:28:15,971 [grpc-default-executor-1] INFO  impl.RoleInfo (RoleInfo.java:updateAndGet(143)) - 9ceef694-dbcf-4070-b7b1-3b3c65b6a699: start FollowerState
2019-10-20 10:28:15,989 [df12c920-952d-4704-9c70-1a288e2f77c7@group-75987F7FE399-LeaderElection46] INFO  impl.LeaderElection (LeaderElection.java:logAndReturn(56)) - df12c920-952d-4704-9c70-1a288e2f77c7@group-75987F7FE399-LeaderElection46: Election REJECTED; received 2 response(s) [df12c920-952d-4704-9c70-1a288e2f77c7<-875da3d9-0dec-46c7-88bf-73f7a2372b64#0:FAIL-t48, df12c920-952d-4704-9c70-1a288e2f77c7<-9ceef694-dbcf-4070-b7b1-3b3c65b6a699#0:FAIL-t48] and 0 exception(s); df12c920-952d-4704-9c70-1a288e2f77c7@group-75987F7FE399:t48, leader=null, voted=df12c920-952d-4704-9c70-1a288e2f77c7, raftlog=df12c920-952d-4704-9c70-1a288e2f77c7@group-75987F7FE399-SegmentedRaftLog:OPENED:c-1,f-1,i0, conf=-1: [875da3d9-0dec-46c7-88bf-73f7a2372b64:192.168.69.89:39990, df12c920-952d-4704-9c70-1a288e2f77c7:192.168.69.89:43948, 9ceef694-dbcf-4070-b7b1-3b3c65b6a699:192.168.69.89:36536], old=null
2019-10-20 10:28:15,989 [df12c920-952d-4704-9c70-1a288e2f77c7@group-75987F7FE399-LeaderElection46] INFO  impl.RaftServerImpl (RaftServerImpl.java:setRole(184)) - df12c920-952d-4704-9c70-1a288e2f77c7@group-75987F7FE399: changes role from CANDIDATE to FOLLOWER at term 48 for DISCOVERED_A_NEW_TERM
2019-10-20 10:28:15,989 [df12c920-952d-4704-9c70-1a288e2f77c7@group-75987F7FE399-LeaderElection46] INFO  impl.RoleInfo (RoleInfo.java:shutdownLeaderElection(134)) - df12c920-952d-4704-9c70-1a288e2f77c7: shutdown LeaderElection
2019-10-20 10:28:15,990 [df12c920-952d-4704-9c70-1a288e2f77c7@group-75987F7FE399-LeaderElection46] INFO  impl.RoleInfo (RoleInfo.java:updateAndGet(143)) - df12c920-952d-4704-9c70-1a288e2f77c7: start FollowerState
2019-10-20 10:28:16,076 [Thread-525] INFO  impl.FollowerState (FollowerState.java:run(108)) - df12c920-952d-4704-9c70-1a288e2f77c7@group-75987F7FE399-FollowerState: change to CANDIDATE, lastRpcTime:86ms, electionTimeout:86ms
2019-10-20 10:28:16,076 [Thread-525] INFO  impl.RoleInfo (RoleInfo.java:shutdownFollowerState(121)) - df12c920-952d-4704-9c70-1a288e2f77c7: shutdown FollowerState
2019-10-20 10:28:16,076 [Thread-525] INFO  impl.RaftServerImpl (RaftServerImpl.java:setRole(184)) - df12c920-952d-4704-9c70-1a288e2f77c7@group-75987F7FE399: changes role from  FOLLOWER to CANDIDATE at term 48 for changeToCandidate
2019-10-20 10:28:16,077 [Thread-525] INFO  impl.RoleInfo (RoleInfo.java:updateAndGet(143)) - df12c920-952d-4704-9c70-1a288e2f77c7: start LeaderElection
2019-10-20 10:28:16,091 [df12c920-952d-4704-9c70-1a288e2f77c7@group-75987F7FE399-LeaderElection47] INFO  impl.LeaderElection (LeaderElection.java:askForVotes(178)) - df12c920-952d-4704-9c70-1a288e2f77c7@group-75987F7FE399-LeaderElection47: begin an election at term 49 for -1: [875da3d9-0dec-46c7-88bf-73f7a2372b64:192.168.69.89:39990, df12c920-952d-4704-9c70-1a288e2f77c7:192.168.69.89:43948, 9ceef694-dbcf-4070-b7b1-3b3c65b6a699:192.168.69.89:36536], old=null
2019-10-20 10:28:16,094 [grpc-default-executor-1] INFO  impl.RaftServerImpl (RaftServerImpl.java:setRole(184)) - 875da3d9-0dec-46c7-88bf-73f7a2372b64@group-75987F7FE399: changes role from  FOLLOWER to FOLLOWER at term 49 for recognizeCandidate:df12c920-952d-4704-9c70-1a288e2f77c7
2019-10-20 10:28:16,094 [grpc-default-executor-3] INFO  impl.RaftServerImpl (RaftServerImpl.java:setRole(184)) - 9ceef694-dbcf-4070-b7b1-3b3c65b6a699@group-75987F7FE399: changes role from  FOLLOWER to FOLLOWER at term 49 for recognizeCandidate:df12c920-952d-4704-9c70-1a288e2f77c7
2019-10-20 10:28:16,095 [grpc-default-executor-3] INFO  impl.RoleInfo (RoleInfo.java:shutdownFollowerState(121)) - 9ceef694-dbcf-4070-b7b1-3b3c65b6a699: shutdown FollowerState
2019-10-20 10:28:16,095 [grpc-default-executor-1] INFO  impl.RoleInfo (RoleInfo.java:shutdownFollowerState(121)) - 875da3d9-0dec-46c7-88bf-73f7a2372b64: shutdown FollowerState
2019-10-20 10:28:16,095 [Thread-524] INFO  impl.FollowerState (FollowerState.java:run(117)) - 9ceef694-dbcf-4070-b7b1-3b3c65b6a699@group-75987F7FE399-FollowerState was interrupted: java.lang.InterruptedException: sleep interrupted
2019-10-20 10:28:16,095 [Thread-523] INFO  impl.FollowerState (FollowerState.java:run(117)) - 875da3d9-0dec-46c7-88bf-73f7a2372b64@group-75987F7FE399-FollowerState was interrupted: java.lang.InterruptedException: sleep interrupted
2019-10-20 10:28:16,095 [grpc-default-executor-3] INFO  impl.RoleInfo (RoleInfo.java:updateAndGet(143)) - 9ceef694-dbcf-4070-b7b1-3b3c65b6a699: start FollowerState
2019-10-20 10:28:16,095 [grpc-default-executor-1] INFO  impl.RoleInfo (RoleInfo.java:updateAndGet(143)) - 875da3d9-0dec-46c7-88bf-73f7a2372b64: start FollowerState
2019-10-20 10:28:16,120 [df12c920-952d-4704-9c70-1a288e2f77c7@group-75987F7FE399-LeaderElection47] INFO  impl.LeaderElection (LeaderElection.java:logAndReturn(56)) - df12c920-952d-4704-9c70-1a288e2f77c7@group-75987F7FE399-LeaderElection47: Election TIMEOUT; received 0 response(s) [] and 0 exception(s); df12c920-952d-4704-9c70-1a288e2f77c7@group-75987F7FE399:t49, leader=null, voted=df12c920-952d-4704-9c70-1a288e2f77c7, raftlog=df12c920-952d-4704-9c70-1a288e2f77c7@group-75987F7FE399-SegmentedRaftLog:OPENED:c-1,f-1,i0, conf=-1: [875da3d9-0dec-46c7-88bf-73f7a2372b64:192.168.69.89:39990, df12c920-952d-4704-9c70-1a288e2f77c7:192.168.69.89:43948, 9ceef694-dbcf-4070-b7b1-3b3c65b6a699:192.168.69.89:36536], old=null
2019-10-20 10:28:16,133 [df12c920-952d-4704-9c70-1a288e2f77c7@group-75987F7FE399-LeaderElection47] INFO  impl.LeaderElection (LeaderElection.java:askForVotes(178)) - df12c920-952d-4704-9c70-1a288e2f77c7@group-75987F7FE399-LeaderElection47: begin an election at term 50 for -1: [875da3d9-0dec-46c7-88bf-73f7a2372b64:192.168.69.89:39990, df12c920-952d-4704-9c70-1a288e2f77c7:192.168.69.89:43948, 9ceef694-dbcf-4070-b7b1-3b3c65b6a699:192.168.69.89:36536], old=null
2019-10-20 10:28:16,138 [grpc-default-executor-1] INFO  impl.RaftServerImpl (RaftServerImpl.java:setRole(184)) - 9ceef694-dbcf-4070-b7b1-3b3c65b6a699@group-75987F7FE399: changes role from  FOLLOWER to FOLLOWER at term 50 for recognizeCandidate:df12c920-952d-4704-9c70-1a288e2f77c7
2019-10-20 10:28:16,138 [grpc-default-executor-1] INFO  impl.RoleInfo (RoleInfo.java:shutdownFollowerState(121)) - 9ceef694-dbcf-4070-b7b1-3b3c65b6a699: shutdown FollowerState
2019-10-20 10:28:16,138 [grpc-default-executor-3] INFO  impl.RaftServerImpl (RaftServerImpl.java:setRole(184)) - 875da3d9-0dec-46c7-88bf-73f7a2372b64@group-75987F7FE399: changes role from  FOLLOWER to FOLLOWER at term 50 for recognizeCandidate:df12c920-952d-4704-9c70-1a288e2f77c7
2019-10-20 10:28:16,138 [grpc-default-executor-1] INFO  impl.RoleInfo (RoleInfo.java:updateAndGet(143)) - 9ceef694-dbcf-4070-b7b1-3b3c65b6a699: start FollowerState
2019-10-20 10:28:16,138 [Thread-529] INFO  impl.FollowerState (FollowerState.java:run(117)) - 9ceef694-dbcf-4070-b7b1-3b3c65b6a699@group-75987F7FE399-FollowerState was interrupted: java.lang.InterruptedException: sleep interrupted
2019-10-20 10:28:16,138 [grpc-default-executor-3] INFO  impl.RoleInfo (RoleInfo.java:shutdownFollowerState(121)) - 875da3d9-0dec-46c7-88bf-73f7a2372b64: shutdown FollowerState
2019-10-20 10:28:16,139 [grpc-default-executor-3] INFO  impl.RoleInfo (RoleInfo.java:updateAndGet(143)) - 875da3d9-0dec-46c7-88bf-73f7a2372b64: start FollowerState
2019-10-20 10:28:16,139 [Thread-530] INFO  impl.FollowerState (FollowerState.java:run(117)) - 875da3d9-0dec-46c7-88bf-73f7a2372b64@group-75987F7FE399-FollowerState was interrupted: java.lang.InterruptedException: sleep interrupted
2019-10-20 10:28:16,158 [df12c920-952d-4704-9c70-1a288e2f77c7@group-75987F7FE399-LeaderElection47] INFO  impl.LeaderElection (LeaderElection.java:logAndReturn(56)) - df12c920-952d-4704-9c70-1a288e2f77c7@group-75987F7FE399-LeaderElection47: Election REJECTED; received 2 response(s) [df12c920-952d-4704-9c70-1a288e2f77c7<-875da3d9-0dec-46c7-88bf-73f7a2372b64#0:FAIL-t50, df12c920-952d-4704-9c70-1a288e2f77c7<-9ceef694-dbcf-4070-b7b1-3b3c65b6a699#0:FAIL-t50] and 0 exception(s); df12c920-952d-4704-9c70-1a288e2f77c7@group-75987F7FE399:t50, leader=null, voted=df12c920-952d-4704-9c70-1a288e2f77c7, raftlog=df12c920-952d-4704-9c70-1a288e2f77c7@group-75987F7FE399-SegmentedRaftLog:OPENED:c-1,f-1,i0, conf=-1: [875da3d9-0dec-46c7-88bf-73f7a2372b64:192.168.69.89:39990, df12c920-952d-4704-9c70-1a288e2f77c7:192.168.69.89:43948, 9ceef694-dbcf-4070-b7b1-3b3c65b6a699:192.168.69.89:36536], old=null
2019-10-20 10:28:16,158 [df12c920-952d-4704-9c70-1a288e2f77c7@group-75987F7FE399-LeaderElection47] INFO  impl.RaftServerImpl (RaftServerImpl.java:setRole(184)) - df12c920-952d-4704-9c70-1a288e2f77c7@group-75987F7FE399: changes role from CANDIDATE to FOLLOWER at term 50 for DISCOVERED_A_NEW_TERM
2019-10-20 10:28:16,158 [df12c920-952d-4704-9c70-1a288e2f77c7@group-75987F7FE399-LeaderElection47] INFO  impl.RoleInfo (RoleInfo.java:shutdownLeaderElection(134)) - df12c920-952d-4704-9c70-1a288e2f77c7: shutdown LeaderElection
2019-10-20 10:28:16,158 [df12c920-952d-4704-9c70-1a288e2f77c7@group-75987F7FE399-LeaderElection47] INFO  impl.RoleInfo (RoleInfo.java:updateAndGet(143)) - df12c920-952d-4704-9c70-1a288e2f77c7: start FollowerState
2019-10-20 10:28:16,245 [Thread-535] INFO  impl.FollowerState (FollowerState.java:run(108)) - df12c920-952d-4704-9c70-1a288e2f77c7@group-75987F7FE399-FollowerState: change to CANDIDATE, lastRpcTime:86ms, electionTimeout:86ms
2019-10-20 10:28:16,245 [Thread-535] INFO  impl.RoleInfo (RoleInfo.java:shutdownFollowerState(121)) - df12c920-952d-4704-9c70-1a288e2f77c7: shutdown FollowerState
2019-10-20 10:28:16,245 [Thread-535] INFO  impl.RaftServerImpl (RaftServerImpl.java:setRole(184)) - df12c920-952d-4704-9c70-1a288e2f77c7@group-75987F7FE399: changes role from  FOLLOWER to CANDIDATE at term 50 for changeToCandidate
2019-10-20 10:28:16,246 [Thread-535] INFO  impl.RoleInfo (RoleInfo.java:updateAndGet(143)) - df12c920-952d-4704-9c70-1a288e2f77c7: start LeaderElection
2019-10-20 10:28:16,271 [df12c920-952d-4704-9c70-1a288e2f77c7@group-75987F7FE399-LeaderElection48] INFO  impl.LeaderElection (LeaderElection.java:askForVotes(178)) - df12c920-952d-4704-9c70-1a288e2f77c7@group-75987F7FE399-LeaderElection48: begin an election at term 51 for -1: [875da3d9-0dec-46c7-88bf-73f7a2372b64:192.168.69.89:39990, df12c920-952d-4704-9c70-1a288e2f77c7:192.168.69.89:43948, 9ceef694-dbcf-4070-b7b1-3b3c65b6a699:192.168.69.89:36536], old=null
2019-10-20 10:28:16,274 [grpc-default-executor-1] INFO  impl.RaftServerImpl (RaftServerImpl.java:setRole(184)) - 9ceef694-dbcf-4070-b7b1-3b3c65b6a699@group-75987F7FE399: changes role from  FOLLOWER to FOLLOWER at term 51 for recognizeCandidate:df12c920-952d-4704-9c70-1a288e2f77c7
2019-10-20 10:28:16,274 [grpc-default-executor-3] INFO  impl.RaftServerImpl (RaftServerImpl.java:setRole(184)) - 875da3d9-0dec-46c7-88bf-73f7a2372b64@group-75987F7FE399: changes role from  FOLLOWER to FOLLOWER at term 51 for recognizeCandidate:df12c920-952d-4704-9c70-1a288e2f77c7
2019-10-20 10:28:16,274 [grpc-default-executor-1] INFO  impl.RoleInfo (RoleInfo.java:shutdownFollowerState(121)) - 9ceef694-dbcf-4070-b7b1-3b3c65b6a699: shutdown FollowerState
2019-10-20 10:28:16,275 [grpc-default-executor-3] INFO  impl.RoleInfo (RoleInfo.java:shutdownFollowerState(121)) - 875da3d9-0dec-46c7-88bf-73f7a2372b64: shutdown FollowerState
2019-10-20 10:28:16,275 [grpc-default-executor-1] INFO  impl.RoleInfo (RoleInfo.java:updateAndGet(143)) - 9ceef694-dbcf-4070-b7b1-3b3c65b6a699: start FollowerState
2019-10-20 10:28:16,275 [Thread-533] INFO  impl.FollowerState (FollowerState.java:run(117)) - 9ceef694-dbcf-4070-b7b1-3b3c65b6a699@group-75987F7FE399-FollowerState was interrupted: java.lang.InterruptedException: sleep interrupted
2019-10-20 10:28:16,275 [Thread-534] INFO  impl.FollowerState (FollowerState.java:run(117)) - 875da3d9-0dec-46c7-88bf-73f7a2372b64@group-75987F7FE399-FollowerState was interrupted: java.lang.InterruptedException: sleep interrupted
2019-10-20 10:28:16,275 [grpc-default-executor-3] INFO  impl.RoleInfo (RoleInfo.java:updateAndGet(143)) - 875da3d9-0dec-46c7-88bf-73f7a2372b64: start FollowerState
2019-10-20 10:28:16,291 [df12c920-952d-4704-9c70-1a288e2f77c7@group-75987F7FE399-LeaderElection48] INFO  impl.LeaderElection (LeaderElection.java:logAndReturn(56)) - df12c920-952d-4704-9c70-1a288e2f77c7@group-75987F7FE399-LeaderElection48: Election REJECTED; received 2 response(s) [df12c920-952d-4704-9c70-1a288e2f77c7<-875da3d9-0dec-46c7-88bf-73f7a2372b64#0:FAIL-t51, df12c920-952d-4704-9c70-1a288e2f77c7<-9ceef694-dbcf-4070-b7b1-3b3c65b6a699#0:FAIL-t51] and 0 exception(s); df12c920-952d-4704-9c70-1a288e2f77c7@group-75987F7FE399:t51, leader=null, voted=df12c920-952d-4704-9c70-1a288e2f77c7, raftlog=df12c920-952d-4704-9c70-1a288e2f77c7@group-75987F7FE399-SegmentedRaftLog:OPENED:c-1,f-1,i0, conf=-1: [875da3d9-0dec-46c7-88bf-73f7a2372b64:192.168.69.89:39990, df12c920-952d-4704-9c70-1a288e2f77c7:192.168.69.89:43948, 9ceef694-dbcf-4070-b7b1-3b3c65b6a699:192.168.69.89:36536], old=null
2019-10-20 10:28:16,291 [df12c920-952d-4704-9c70-1a288e2f77c7@group-75987F7FE399-LeaderElection48] INFO  impl.RaftServerImpl (RaftServerImpl.java:setRole(184)) - df12c920-952d-4704-9c70-1a288e2f77c7@group-75987F7FE399: changes role from CANDIDATE to FOLLOWER at term 51 for DISCOVERED_A_NEW_TERM
2019-10-20 10:28:16,291 [df12c920-952d-4704-9c70-1a288e2f77c7@group-75987F7FE399-LeaderElection48] INFO  impl.RoleInfo (RoleInfo.java:shutdownLeaderElection(134)) - df12c920-952d-4704-9c70-1a288e2f77c7: shutdown LeaderElection
2019-10-20 10:28:16,291 [df12c920-952d-4704-9c70-1a288e2f77c7@group-75987F7FE399-LeaderElection48] INFO  impl.RoleInfo (RoleInfo.java:updateAndGet(143)) - df12c920-952d-4704-9c70-1a288e2f77c7: start FollowerState
2019-10-20 10:28:16,480 [Thread-541] INFO  impl.FollowerState (FollowerState.java:run(108)) - df12c920-952d-4704-9c70-1a288e2f77c7@group-75987F7FE399-FollowerState: change to CANDIDATE, lastRpcTime:188ms, electionTimeout:188ms
2019-10-20 10:28:16,480 [Thread-541] INFO  impl.RoleInfo (RoleInfo.java:shutdownFollowerState(121)) - df12c920-952d-4704-9c70-1a288e2f77c7: shutdown FollowerState
2019-10-20 10:28:16,480 [Thread-541] INFO  impl.RaftServerImpl (RaftServerImpl.java:setRole(184)) - df12c920-952d-4704-9c70-1a288e2f77c7@group-75987F7FE399: changes role from  FOLLOWER to CANDIDATE at term 51 for changeToCandidate
2019-10-20 10:28:16,481 [Thread-541] INFO  impl.RoleInfo (RoleInfo.java:updateAndGet(143)) - df12c920-952d-4704-9c70-1a288e2f77c7: start LeaderElection
2019-10-20 10:28:16,494 [df12c920-952d-4704-9c70-1a288e2f77c7@group-75987F7FE399-LeaderElection49] INFO  impl.LeaderElection (LeaderElection.java:askForVotes(178)) - df12c920-952d-4704-9c70-1a288e2f77c7@group-75987F7FE399-LeaderElection49: begin an election at term 52 for -1: [875da3d9-0dec-46c7-88bf-73f7a2372b64:192.168.69.89:39990, df12c920-952d-4704-9c70-1a288e2f77c7:192.168.69.89:43948, 9ceef694-dbcf-4070-b7b1-3b3c65b6a699:192.168.69.89:36536], old=null
2019-10-20 10:28:16,498 [grpc-default-executor-3] INFO  impl.RaftServerImpl (RaftServerImpl.java:setRole(184)) - 9ceef694-dbcf-4070-b7b1-3b3c65b6a699@group-75987F7FE399: changes role from  FOLLOWER to FOLLOWER at term 52 for recognizeCandidate:df12c920-952d-4704-9c70-1a288e2f77c7
2019-10-20 10:28:16,498 [grpc-default-executor-1] INFO  impl.RaftServerImpl (RaftServerImpl.java:setRole(184)) - 875da3d9-0dec-46c7-88bf-73f7a2372b64@group-75987F7FE399: changes role from  FOLLOWER to FOLLOWER at term 52 for recognizeCandidate:df12c920-952d-4704-9c70-1a288e2f77c7
2019-10-20 10:28:16,498 [grpc-default-executor-3] INFO  impl.RoleInfo (RoleInfo.java:shutdownFollowerState(121)) - 9ceef694-dbcf-4070-b7b1-3b3c65b6a699: shutdown FollowerState
2019-10-20 10:28:16,498 [grpc-default-executor-1] INFO  impl.RoleInfo (RoleInfo.java:shutdownFollowerState(121)) - 875da3d9-0dec-46c7-88bf-73f7a2372b64: shutdown FollowerState
2019-10-20 10:28:16,499 [Thread-539] INFO  impl.FollowerState (FollowerState.java:run(117)) - 9ceef694-dbcf-4070-b7b1-3b3c65b6a699@group-75987F7FE399-FollowerState was interrupted: java.lang.InterruptedException: sleep interrupted
2019-10-20 10:28:16,499 [grpc-default-executor-3] INFO  impl.RoleInfo (RoleInfo.java:updateAndGet(143)) - 9ceef694-dbcf-4070-b7b1-3b3c65b6a699: start FollowerState
2019-10-20 10:28:16,499 [grpc-default-executor-1] INFO  impl.RoleInfo (RoleInfo.java:updateAndGet(143)) - 875da3d9-0dec-46c7-88bf-73f7a2372b64: start FollowerState
2019-10-20 10:28:16,499 [Thread-540] INFO  impl.FollowerState (FollowerState.java:run(117)) - 875da3d9-0dec-46c7-88bf-73f7a2372b64@group-75987F7FE399-FollowerState was interrupted: java.lang.InterruptedException: sleep interrupted
2019-10-20 10:28:16,514 [df12c920-952d-4704-9c70-1a288e2f77c7@group-75987F7FE399-LeaderElection49] INFO  impl.LeaderElection (LeaderElection.java:logAndReturn(56)) - df12c920-952d-4704-9c70-1a288e2f77c7@group-75987F7FE399-LeaderElection49: Election REJECTED; received 2 response(s) [df12c920-952d-4704-9c70-1a288e2f77c7<-875da3d9-0dec-46c7-88bf-73f7a2372b64#0:FAIL-t52, df12c920-952d-4704-9c70-1a288e2f77c7<-9ceef694-dbcf-4070-b7b1-3b3c65b6a699#0:FAIL-t52] and 0 exception(s); df12c920-952d-4704-9c70-1a288e2f77c7@group-75987F7FE399:t52, leader=null, voted=df12c920-952d-4704-9c70-1a288e2f77c7, raftlog=df12c920-952d-4704-9c70-1a288e2f77c7@group-75987F7FE399-SegmentedRaftLog:OPENED:c-1,f-1,i0, conf=-1: [875da3d9-0dec-46c7-88bf-73f7a2372b64:192.168.69.89:39990, df12c920-952d-4704-9c70-1a288e2f77c7:192.168.69.89:43948, 9ceef694-dbcf-4070-b7b1-3b3c65b6a699:192.168.69.89:36536], old=null
2019-10-20 10:28:16,515 [df12c920-952d-4704-9c70-1a288e2f77c7@group-75987F7FE399-LeaderElection49] INFO  impl.RaftServerImpl (RaftServerImpl.java:setRole(184)) - df12c920-952d-4704-9c70-1a288e2f77c7@group-75987F7FE399: changes role from CANDIDATE to FOLLOWER at term 52 for DISCOVERED_A_NEW_TERM
2019-10-20 10:28:16,515 [df12c920-952d-4704-9c70-1a288e2f77c7@group-75987F7FE399-LeaderElection49] INFO  impl.RoleInfo (RoleInfo.java:shutdownLeaderElection(134)) - df12c920-952d-4704-9c70-1a288e2f77c7: shutdown LeaderElection
2019-10-20 10:28:16,515 [df12c920-952d-4704-9c70-1a288e2f77c7@group-75987F7FE399-LeaderElection49] INFO  impl.RoleInfo (RoleInfo.java:updateAndGet(143)) - df12c920-952d-4704-9c70-1a288e2f77c7: start FollowerState
2019-10-20 10:28:16,604 [Thread-547] INFO  impl.FollowerState (FollowerState.java:run(108)) - df12c920-952d-4704-9c70-1a288e2f77c7@group-75987F7FE399-FollowerState: change to CANDIDATE, lastRpcTime:89ms, electionTimeout:89ms
2019-10-20 10:28:16,605 [Thread-547] INFO  impl.RoleInfo (RoleInfo.java:shutdownFollowerState(121)) - df12c920-952d-4704-9c70-1a288e2f77c7: shutdown FollowerState
2019-10-20 10:28:16,605 [Thread-547] INFO  impl.RaftServerImpl (RaftServerImpl.java:setRole(184)) - df12c920-952d-4704-9c70-1a288e2f77c7@group-75987F7FE399: changes role from  FOLLOWER to CANDIDATE at term 52 for changeToCandidate
2019-10-20 10:28:16,605 [Thread-547] INFO  impl.RoleInfo (RoleInfo.java:updateAndGet(143)) - df12c920-952d-4704-9c70-1a288e2f77c7: start LeaderElection
2019-10-20 10:28:16,618 [df12c920-952d-4704-9c70-1a288e2f77c7@group-75987F7FE399-LeaderElection50] INFO  impl.LeaderElection (LeaderElection.java:askForVotes(178)) - df12c920-952d-4704-9c70-1a288e2f77c7@group-75987F7FE399-LeaderElection50: begin an election at term 53 for -1: [875da3d9-0dec-46c7-88bf-73f7a2372b64:192.168.69.89:39990, df12c920-952d-4704-9c70-1a288e2f77c7:192.168.69.89:43948, 9ceef694-dbcf-4070-b7b1-3b3c65b6a699:192.168.69.89:36536], old=null
2019-10-20 10:28:16,621 [grpc-default-executor-1] INFO  impl.RaftServerImpl (RaftServerImpl.java:setRole(184)) - 9ceef694-dbcf-4070-b7b1-3b3c65b6a699@group-75987F7FE399: changes role from  FOLLOWER to FOLLOWER at term 53 for recognizeCandidate:df12c920-952d-4704-9c70-1a288e2f77c7
2019-10-20 10:28:16,621 [grpc-default-executor-3] INFO  impl.RaftServerImpl (RaftServerImpl.java:setRole(184)) - 875da3d9-0dec-46c7-88bf-73f7a2372b64@group-75987F7FE399: changes role from  FOLLOWER to FOLLOWER at term 53 for recognizeCandidate:df12c920-952d-4704-9c70-1a288e2f77c7
2019-10-20 10:28:16,621 [grpc-default-executor-1] INFO  impl.RoleInfo (RoleInfo.java:shutdownFollowerState(121)) - 9ceef694-dbcf-4070-b7b1-3b3c65b6a699: shutdown FollowerState
2019-10-20 10:28:16,622 [grpc-default-executor-3] INFO  impl.RoleInfo (RoleInfo.java:shutdownFollowerState(121)) - 875da3d9-0dec-46c7-88bf-73f7a2372b64: shutdown FollowerState
2019-10-20 10:28:16,622 [grpc-default-executor-1] INFO  impl.RoleInfo (RoleInfo.java:updateAndGet(143)) - 9ceef694-dbcf-4070-b7b1-3b3c65b6a699: start FollowerState
2019-10-20 10:28:16,622 [Thread-545] INFO  impl.FollowerState (FollowerState.java:run(117)) - 9ceef694-dbcf-4070-b7b1-3b3c65b6a699@group-75987F7FE399-FollowerState was interrupted: java.lang.InterruptedException: sleep interrupted
2019-10-20 10:28:16,622 [Thread-546] INFO  impl.FollowerState (FollowerState.java:run(117)) - 875da3d9-0dec-46c7-88bf-73f7a2372b64@group-75987F7FE399-FollowerState was interrupted: java.lang.InterruptedException: sleep interrupted
2019-10-20 10:28:16,622 [grpc-default-executor-3] INFO  impl.RoleInfo (RoleInfo.java:updateAndGet(143)) - 875da3d9-0dec-46c7-88bf-73f7a2372b64: start FollowerState
2019-10-20 10:28:16,629 [df12c920-952d-4704-9c70-1a288e2f77c7@group-75987F7FE399-LeaderElection50] INFO  impl.LeaderElection (LeaderElection.java:logAndReturn(56)) - df12c920-952d-4704-9c70-1a288e2f77c7@group-75987F7FE399-LeaderElection50: Election TIMEOUT; received 0 response(s) [] and 0 exception(s); df12c920-952d-4704-9c70-1a288e2f77c7@group-75987F7FE399:t53, leader=null, voted=df12c920-952d-4704-9c70-1a288e2f77c7, raftlog=df12c920-952d-4704-9c70-1a288e2f77c7@group-75987F7FE399-SegmentedRaftLog:OPENED:c-1,f-1,i0, conf=-1: [875da3d9-0dec-46c7-88bf-73f7a2372b64:192.168.69.89:39990, df12c920-952d-4704-9c70-1a288e2f77c7:192.168.69.89:43948, 9ceef694-dbcf-4070-b7b1-3b3c65b6a699:192.168.69.89:36536], old=null
2019-10-20 10:28:16,646 [df12c920-952d-4704-9c70-1a288e2f77c7@group-75987F7FE399-LeaderElection50] INFO  impl.LeaderElection (LeaderElection.java:askForVotes(178)) - df12c920-952d-4704-9c70-1a288e2f77c7@group-75987F7FE399-LeaderElection50: begin an election at term 54 for -1: [875da3d9-0dec-46c7-88bf-73f7a2372b64:192.168.69.89:39990, df12c920-952d-4704-9c70-1a288e2f77c7:192.168.69.89:43948, 9ceef694-dbcf-4070-b7b1-3b3c65b6a699:192.168.69.89:36536], old=null
2019-10-20 10:28:16,649 [grpc-default-executor-1] INFO  impl.RaftServerImpl (RaftServerImpl.java:setRole(184)) - 875da3d9-0dec-46c7-88bf-73f7a2372b64@group-75987F7FE399: changes role from  FOLLOWER to FOLLOWER at term 54 for recognizeCandidate:df12c920-952d-4704-9c70-1a288e2f77c7
2019-10-20 10:28:16,649 [grpc-default-executor-1] INFO  impl.RoleInfo (RoleInfo.java:shutdownFollowerState(121)) - 875da3d9-0dec-46c7-88bf-73f7a2372b64: shutdown FollowerState
2019-10-20 10:28:16,649 [Thread-554] INFO  impl.FollowerState (FollowerState.java:run(117)) - 875da3d9-0dec-46c7-88bf-73f7a2372b64@group-75987F7FE399-FollowerState was interrupted: java.lang.InterruptedException: sleep interrupted
2019-10-20 10:28:16,649 [grpc-default-executor-1] INFO  impl.RoleInfo (RoleInfo.java:updateAndGet(143)) - 875da3d9-0dec-46c7-88bf-73f7a2372b64: start FollowerState
2019-10-20 10:28:16,649 [grpc-default-executor-3] INFO  impl.RaftServerImpl (RaftServerImpl.java:setRole(184)) - 9ceef694-dbcf-4070-b7b1-3b3c65b6a699@group-75987F7FE399: changes role from  FOLLOWER to FOLLOWER at term 54 for recognizeCandidate:df12c920-952d-4704-9c70-1a288e2f77c7
2019-10-20 10:28:16,650 [grpc-default-executor-3] INFO  impl.RoleInfo (RoleInfo.java:shutdownFollowerState(121)) - 9ceef694-dbcf-4070-b7b1-3b3c65b6a699: shutdown FollowerState
2019-10-20 10:28:16,650 [grpc-default-executor-3] INFO  impl.RoleInfo (RoleInfo.java:updateAndGet(143)) - 9ceef694-dbcf-4070-b7b1-3b3c65b6a699: start FollowerState
2019-10-20 10:28:16,650 [Thread-553] INFO  impl.FollowerState (FollowerState.java:run(117)) - 9ceef694-dbcf-4070-b7b1-3b3c65b6a699@group-75987F7FE399-FollowerState was interrupted: java.lang.InterruptedException: sleep interrupted
2019-10-20 10:28:16,665 [df12c920-952d-4704-9c70-1a288e2f77c7@group-75987F7FE399-LeaderElection50] INFO  impl.LeaderElection (LeaderElection.java:logAndReturn(56)) - df12c920-952d-4704-9c70-1a288e2f77c7@group-75987F7FE399-LeaderElection50: Election REJECTED; received 2 response(s) [df12c920-952d-4704-9c70-1a288e2f77c7<-875da3d9-0dec-46c7-88bf-73f7a2372b64#0:FAIL-t54, df12c920-952d-4704-9c70-1a288e2f77c7<-9ceef694-dbcf-4070-b7b1-3b3c65b6a699#0:FAIL-t54] and 0 exception(s); df12c920-952d-4704-9c70-1a288e2f77c7@group-75987F7FE399:t54, leader=null, voted=df12c920-952d-4704-9c70-1a288e2f77c7, raftlog=df12c920-952d-4704-9c70-1a288e2f77c7@group-75987F7FE399-SegmentedRaftLog:OPENED:c-1,f-1,i0, conf=-1: [875da3d9-0dec-46c7-88bf-73f7a2372b64:192.168.69.89:39990, df12c920-952d-4704-9c70-1a288e2f77c7:192.168.69.89:43948, 9ceef694-dbcf-4070-b7b1-3b3c65b6a699:192.168.69.89:36536], old=null
2019-10-20 10:28:16,665 [df12c920-952d-4704-9c70-1a288e2f77c7@group-75987F7FE399-LeaderElection50] INFO  impl.RaftServerImpl (RaftServerImpl.java:setRole(184)) - df12c920-952d-4704-9c70-1a288e2f77c7@group-75987F7FE399: changes role from CANDIDATE to FOLLOWER at term 54 for DISCOVERED_A_NEW_TERM
2019-10-20 10:28:16,665 [df12c920-952d-4704-9c70-1a288e2f77c7@group-75987F7FE399-LeaderElection50] INFO  impl.RoleInfo (RoleInfo.java:shutdownLeaderElection(134)) - df12c920-952d-4704-9c70-1a288e2f77c7: shutdown LeaderElection
2019-10-20 10:28:16,665 [df12c920-952d-4704-9c70-1a288e2f77c7@group-75987F7FE399-LeaderElection50] INFO  impl.RoleInfo (RoleInfo.java:updateAndGet(143)) - df12c920-952d-4704-9c70-1a288e2f77c7: start FollowerState
2019-10-20 10:28:16,857 [Thread-559] INFO  impl.FollowerState (FollowerState.java:run(108)) - df12c920-952d-4704-9c70-1a288e2f77c7@group-75987F7FE399-FollowerState: change to CANDIDATE, lastRpcTime:191ms, electionTimeout:191ms
2019-10-20 10:28:16,857 [Thread-559] INFO  impl.RoleInfo (RoleInfo.java:shutdownFollowerState(121)) - df12c920-952d-4704-9c70-1a288e2f77c7: shutdown FollowerState
2019-10-20 10:28:16,857 [Thread-559] INFO  impl.RaftServerImpl (RaftServerImpl.java:setRole(184)) - df12c920-952d-4704-9c70-1a288e2f77c7@group-75987F7FE399: changes role from  FOLLOWER to CANDIDATE at term 54 for changeToCandidate
2019-10-20 10:28:16,857 [Thread-559] INFO  impl.RoleInfo (RoleInfo.java:updateAndGet(143)) - df12c920-952d-4704-9c70-1a288e2f77c7: start LeaderElection
2019-10-20 10:28:16,873 [df12c920-952d-4704-9c70-1a288e2f77c7@group-75987F7FE399-LeaderElection51] INFO  impl.LeaderElection (LeaderElection.java:askForVotes(178)) - df12c920-952d-4704-9c70-1a288e2f77c7@group-75987F7FE399-LeaderElection51: begin an election at term 55 for -1: [875da3d9-0dec-46c7-88bf-73f7a2372b64:192.168.69.89:39990, df12c920-952d-4704-9c70-1a288e2f77c7:192.168.69.89:43948, 9ceef694-dbcf-4070-b7b1-3b3c65b6a699:192.168.69.89:36536], old=null
2019-10-20 10:28:16,878 [grpc-default-executor-1] INFO  impl.RaftServerImpl (RaftServerImpl.java:setRole(184)) - 875da3d9-0dec-46c7-88bf-73f7a2372b64@group-75987F7FE399: changes role from  FOLLOWER to FOLLOWER at term 55 for recognizeCandidate:df12c920-952d-4704-9c70-1a288e2f77c7
2019-10-20 10:28:16,878 [grpc-default-executor-3] INFO  impl.RaftServerImpl (RaftServerImpl.java:setRole(184)) - 9ceef694-dbcf-4070-b7b1-3b3c65b6a699@group-75987F7FE399: changes role from  FOLLOWER to FOLLOWER at term 55 for recognizeCandidate:df12c920-952d-4704-9c70-1a288e2f77c7
2019-10-20 10:28:16,879 [grpc-default-executor-3] INFO  impl.RoleInfo (RoleInfo.java:shutdownFollowerState(121)) - 9ceef694-dbcf-4070-b7b1-3b3c65b6a699: shutdown FollowerState
2019-10-20 10:28:16,878 [grpc-default-executor-1] INFO  impl.RoleInfo (RoleInfo.java:shutdownFollowerState(121)) - 875da3d9-0dec-46c7-88bf-73f7a2372b64: shutdown FollowerState
2019-10-20 10:28:16,879 [Thread-558] INFO  impl.FollowerState (FollowerState.java:run(117)) - 9ceef694-dbcf-4070-b7b1-3b3c65b6a699@group-75987F7FE399-FollowerState was interrupted: java.lang.InterruptedException: sleep interrupted
2019-10-20 10:28:16,879 [grpc-default-executor-3] INFO  impl.RoleInfo (RoleInfo.java:updateAndGet(143)) - 9ceef694-dbcf-4070-b7b1-3b3c65b6a699: start FollowerState
2019-10-20 10:28:16,879 [grpc-default-executor-1] INFO  impl.RoleInfo (RoleInfo.java:updateAndGet(143)) - 875da3d9-0dec-46c7-88bf-73f7a2372b64: start FollowerState
2019-10-20 10:28:16,879 [Thread-557] INFO  impl.FollowerState (FollowerState.java:run(117)) - 875da3d9-0dec-46c7-88bf-73f7a2372b64@group-75987F7FE399-FollowerState was interrupted: java.lang.InterruptedException: sleep interrupted
2019-10-20 10:28:16,895 [df12c920-952d-4704-9c70-1a288e2f77c7@group-75987F7FE399-LeaderElection51] INFO  impl.LeaderElection (LeaderElection.java:logAndReturn(56)) - df12c920-952d-4704-9c70-1a288e2f77c7@group-75987F7FE399-LeaderElection51: Election REJECTED; received 2 response(s) [df12c920-952d-4704-9c70-1a288e2f77c7<-875da3d9-0dec-46c7-88bf-73f7a2372b64#0:FAIL-t55, df12c920-952d-4704-9c70-1a288e2f77c7<-9ceef694-dbcf-4070-b7b1-3b3c65b6a699#0:FAIL-t55] and 0 exception(s); df12c920-952d-4704-9c70-1a288e2f77c7@group-75987F7FE399:t55, leader=null, voted=df12c920-952d-4704-9c70-1a288e2f77c7, raftlog=df12c920-952d-4704-9c70-1a288e2f77c7@group-75987F7FE399-SegmentedRaftLog:OPENED:c-1,f-1,i0, conf=-1: [875da3d9-0dec-46c7-88bf-73f7a2372b64:192.168.69.89:39990, df12c920-952d-4704-9c70-1a288e2f77c7:192.168.69.89:43948, 9ceef694-dbcf-4070-b7b1-3b3c65b6a699:192.168.69.89:36536], old=null
2019-10-20 10:28:16,895 [df12c920-952d-4704-9c70-1a288e2f77c7@group-75987F7FE399-LeaderElection51] INFO  impl.RaftServerImpl (RaftServerImpl.java:setRole(184)) - df12c920-952d-4704-9c70-1a288e2f77c7@group-75987F7FE399: changes role from CANDIDATE to FOLLOWER at term 55 for DISCOVERED_A_NEW_TERM
2019-10-20 10:28:16,895 [df12c920-952d-4704-9c70-1a288e2f77c7@group-75987F7FE399-LeaderElection51] INFO  impl.RoleInfo (RoleInfo.java:shutdownLeaderElection(134)) - df12c920-952d-4704-9c70-1a288e2f77c7: shutdown LeaderElection
2019-10-20 10:28:16,896 [df12c920-952d-4704-9c70-1a288e2f77c7@group-75987F7FE399-LeaderElection51] INFO  impl.RoleInfo (RoleInfo.java:updateAndGet(143)) - df12c920-952d-4704-9c70-1a288e2f77c7: start FollowerState
2019-10-20 10:28:16,919 [Thread-565] INFO  impl.FollowerState (FollowerState.java:run(108)) - df12c920-952d-4704-9c70-1a288e2f77c7@group-75987F7FE399-FollowerState: change to CANDIDATE, lastRpcTime:23ms, electionTimeout:23ms
2019-10-20 10:28:16,919 [Thread-565] INFO  impl.RoleInfo (RoleInfo.java:shutdownFollowerState(121)) - df12c920-952d-4704-9c70-1a288e2f77c7: shutdown FollowerState
2019-10-20 10:28:16,919 [Thread-565] INFO  impl.RaftServerImpl (RaftServerImpl.java:setRole(184)) - df12c920-952d-4704-9c70-1a288e2f77c7@group-75987F7FE399: changes role from  FOLLOWER to CANDIDATE at term 55 for changeToCandidate
2019-10-20 10:28:16,920 [Thread-565] INFO  impl.RoleInfo (RoleInfo.java:updateAndGet(143)) - df12c920-952d-4704-9c70-1a288e2f77c7: start LeaderElection
2019-10-20 10:28:16,934 [df12c920-952d-4704-9c70-1a288e2f77c7@group-75987F7FE399-LeaderElection52] INFO  impl.LeaderElection (LeaderElection.java:askForVotes(178)) - df12c920-952d-4704-9c70-1a288e2f77c7@group-75987F7FE399-LeaderElection52: begin an election at term 56 for -1: [875da3d9-0dec-46c7-88bf-73f7a2372b64:192.168.69.89:39990, df12c920-952d-4704-9c70-1a288e2f77c7:192.168.69.89:43948, 9ceef694-dbcf-4070-b7b1-3b3c65b6a699:192.168.69.89:36536], old=null
2019-10-20 10:28:16,938 [grpc-default-executor-1] INFO  impl.RaftServerImpl (RaftServerImpl.java:setRole(184)) - 875da3d9-0dec-46c7-88bf-73f7a2372b64@group-75987F7FE399: changes role from  FOLLOWER to FOLLOWER at term 56 for recognizeCandidate:df12c920-952d-4704-9c70-1a288e2f77c7
2019-10-20 10:28:16,938 [grpc-default-executor-3] INFO  impl.RaftServerImpl (RaftServerImpl.java:setRole(184)) - 9ceef694-dbcf-4070-b7b1-3b3c65b6a699@group-75987F7FE399: changes role from  FOLLOWER to FOLLOWER at term 56 for recognizeCandidate:df12c920-952d-4704-9c70-1a288e2f77c7
2019-10-20 10:28:16,938 [grpc-default-executor-1] INFO  impl.RoleInfo (RoleInfo.java:shutdownFollowerState(121)) - 875da3d9-0dec-46c7-88bf-73f7a2372b64: shutdown FollowerState
2019-10-20 10:28:16,938 [grpc-default-executor-3] INFO  impl.RoleInfo (RoleInfo.java:shutdownFollowerState(121)) - 9ceef694-dbcf-4070-b7b1-3b3c65b6a699: shutdown FollowerState
2019-10-20 10:28:16,938 [Thread-564] INFO  impl.FollowerState (FollowerState.java:run(117)) - 875da3d9-0dec-46c7-88bf-73f7a2372b64@group-75987F7FE399-FollowerState was interrupted: java.lang.InterruptedException: sleep interrupted
2019-10-20 10:28:16,938 [grpc-default-executor-1] INFO  impl.RoleInfo (RoleInfo.java:updateAndGet(143)) - 875da3d9-0dec-46c7-88bf-73f7a2372b64: start FollowerState
2019-10-20 10:28:16,939 [Thread-563] INFO  impl.FollowerState (FollowerState.java:run(117)) - 9ceef694-dbcf-4070-b7b1-3b3c65b6a699@group-75987F7FE399-FollowerState was interrupted: java.lang.InterruptedException: sleep interrupted
2019-10-20 10:28:16,938 [grpc-default-executor-3] INFO  impl.RoleInfo (RoleInfo.java:updateAndGet(143)) - 9ceef694-dbcf-4070-b7b1-3b3c65b6a699: start FollowerState
2019-10-20 10:28:16,954 [df12c920-952d-4704-9c70-1a288e2f77c7@group-75987F7FE399-LeaderElection52] INFO  impl.LeaderElection (LeaderElection.java:logAndReturn(56)) - df12c920-952d-4704-9c70-1a288e2f77c7@group-75987F7FE399-LeaderElection52: Election REJECTED; received 2 response(s) [df12c920-952d-4704-9c70-1a288e2f77c7<-875da3d9-0dec-46c7-88bf-73f7a2372b64#0:FAIL-t56, df12c920-952d-4704-9c70-1a288e2f77c7<-9ceef694-dbcf-4070-b7b1-3b3c65b6a699#0:FAIL-t56] and 0 exception(s); df12c920-952d-4704-9c70-1a288e2f77c7@group-75987F7FE399:t56, leader=null, voted=df12c920-952d-4704-9c70-1a288e2f77c7, raftlog=df12c920-952d-4704-9c70-1a288e2f77c7@group-75987F7FE399-SegmentedRaftLog:OPENED:c-1,f-1,i0, conf=-1: [875da3d9-0dec-46c7-88bf-73f7a2372b64:192.168.69.89:39990, df12c920-952d-4704-9c70-1a288e2f77c7:192.168.69.89:43948, 9ceef694-dbcf-4070-b7b1-3b3c65b6a699:192.168.69.89:36536], old=null
2019-10-20 10:28:16,954 [df12c920-952d-4704-9c70-1a288e2f77c7@group-75987F7FE399-LeaderElection52] INFO  impl.RaftServerImpl (RaftServerImpl.java:setRole(184)) - df12c920-952d-4704-9c70-1a288e2f77c7@group-75987F7FE399: changes role from CANDIDATE to FOLLOWER at term 56 for DISCOVERED_A_NEW_TERM
2019-10-20 10:28:16,954 [df12c920-952d-4704-9c70-1a288e2f77c7@group-75987F7FE399-LeaderElection52] INFO  impl.RoleInfo (RoleInfo.java:shutdownLeaderElection(134)) - df12c920-952d-4704-9c70-1a288e2f77c7: shutdown LeaderElection
2019-10-20 10:28:16,954 [df12c920-952d-4704-9c70-1a288e2f77c7@group-75987F7FE399-LeaderElection52] INFO  impl.RoleInfo (RoleInfo.java:updateAndGet(143)) - df12c920-952d-4704-9c70-1a288e2f77c7: start FollowerState
2019-10-20 10:28:17,020 [Thread-571] INFO  impl.FollowerState (FollowerState.java:run(108)) - df12c920-952d-4704-9c70-1a288e2f77c7@group-75987F7FE399-FollowerState: change to CANDIDATE, lastRpcTime:65ms, electionTimeout:65ms
2019-10-20 10:28:17,020 [Thread-571] INFO  impl.RoleInfo (RoleInfo.java:shutdownFollowerState(121)) - df12c920-952d-4704-9c70-1a288e2f77c7: shutdown FollowerState
2019-10-20 10:28:17,020 [Thread-571] INFO  impl.RaftServerImpl (RaftServerImpl.java:setRole(184)) - df12c920-952d-4704-9c70-1a288e2f77c7@group-75987F7FE399: changes role from  FOLLOWER to CANDIDATE at term 56 for changeToCandidate
2019-10-20 10:28:17,020 [Thread-571] INFO  impl.RoleInfo (RoleInfo.java:updateAndGet(143)) - df12c920-952d-4704-9c70-1a288e2f77c7: start LeaderElection
2019-10-20 10:28:17,034 [df12c920-952d-4704-9c70-1a288e2f77c7@group-75987F7FE399-LeaderElection53] INFO  impl.LeaderElection (LeaderElection.java:askForVotes(178)) - df12c920-952d-4704-9c70-1a288e2f77c7@group-75987F7FE399-LeaderElection53: begin an election at term 57 for -1: [875da3d9-0dec-46c7-88bf-73f7a2372b64:192.168.69.89:39990, df12c920-952d-4704-9c70-1a288e2f77c7:192.168.69.89:43948, 9ceef694-dbcf-4070-b7b1-3b3c65b6a699:192.168.69.89:36536], old=null
2019-10-20 10:28:17,037 [grpc-default-executor-1] INFO  impl.RaftServerImpl (RaftServerImpl.java:setRole(184)) - 875da3d9-0dec-46c7-88bf-73f7a2372b64@group-75987F7FE399: changes role from  FOLLOWER to FOLLOWER at term 57 for recognizeCandidate:df12c920-952d-4704-9c70-1a288e2f77c7
2019-10-20 10:28:17,037 [grpc-default-executor-3] INFO  impl.RaftServerImpl (RaftServerImpl.java:setRole(184)) - 9ceef694-dbcf-4070-b7b1-3b3c65b6a699@group-75987F7FE399: changes role from  FOLLOWER to FOLLOWER at term 57 for recognizeCandidate:df12c920-952d-4704-9c70-1a288e2f77c7
2019-10-20 10:28:17,037 [grpc-default-executor-1] INFO  impl.RoleInfo (RoleInfo.java:shutdownFollowerState(121)) - 875da3d9-0dec-46c7-88bf-73f7a2372b64: shutdown FollowerState
2019-10-20 10:28:17,038 [grpc-default-executor-3] INFO  impl.RoleInfo (RoleInfo.java:shutdownFollowerState(121)) - 9ceef694-dbcf-4070-b7b1-3b3c65b6a699: shutdown FollowerState
2019-10-20 10:28:17,038 [grpc-default-executor-1] INFO  impl.RoleInfo (RoleInfo.java:updateAndGet(143)) - 875da3d9-0dec-46c7-88bf-73f7a2372b64: start FollowerState
2019-10-20 10:28:17,038 [Thread-569] INFO  impl.FollowerState (FollowerState.java:run(117)) - 875da3d9-0dec-46c7-88bf-73f7a2372b64@group-75987F7FE399-FollowerState was interrupted: java.lang.InterruptedException: sleep interrupted
2019-10-20 10:28:17,038 [Thread-570] INFO  impl.FollowerState (FollowerState.java:run(117)) - 9ceef694-dbcf-4070-b7b1-3b3c65b6a699@group-75987F7FE399-FollowerState was interrupted: java.lang.InterruptedException: sleep interrupted
2019-10-20 10:28:17,038 [grpc-default-executor-3] INFO  impl.RoleInfo (RoleInfo.java:updateAndGet(143)) - 9ceef694-dbcf-4070-b7b1-3b3c65b6a699: start FollowerState
2019-10-20 10:28:17,055 [df12c920-952d-4704-9c70-1a288e2f77c7@group-75987F7FE399-LeaderElection53] INFO  impl.LeaderElection (LeaderElection.java:logAndReturn(56)) - df12c920-952d-4704-9c70-1a288e2f77c7@group-75987F7FE399-LeaderElection53: Election REJECTED; received 2 response(s) [df12c920-952d-4704-9c70-1a288e2f77c7<-875da3d9-0dec-46c7-88bf-73f7a2372b64#0:FAIL-t57, df12c920-952d-4704-9c70-1a288e2f77c7<-9ceef694-dbcf-4070-b7b1-3b3c65b6a699#0:FAIL-t57] and 0 exception(s); df12c920-952d-4704-9c70-1a288e2f77c7@group-75987F7FE399:t57, leader=null, voted=df12c920-952d-4704-9c70-1a288e2f77c7, raftlog=df12c920-952d-4704-9c70-1a288e2f77c7@group-75987F7FE399-SegmentedRaftLog:OPENED:c-1,f-1,i0, conf=-1: [875da3d9-0dec-46c7-88bf-73f7a2372b64:192.168.69.89:39990, df12c920-952d-4704-9c70-1a288e2f77c7:192.168.69.89:43948, 9ceef694-dbcf-4070-b7b1-3b3c65b6a699:192.168.69.89:36536], old=null
2019-10-20 10:28:17,055 [df12c920-952d-4704-9c70-1a288e2f77c7@group-75987F7FE399-LeaderElection53] INFO  impl.RaftServerImpl (RaftServerImpl.java:setRole(184)) - df12c920-952d-4704-9c70-1a288e2f77c7@group-75987F7FE399: changes role from CANDIDATE to FOLLOWER at term 57 for DISCOVERED_A_NEW_TERM
2019-10-20 10:28:17,055 [df12c920-952d-4704-9c70-1a288e2f77c7@group-75987F7FE399-LeaderElection53] INFO  impl.RoleInfo (RoleInfo.java:shutdownLeaderElection(134)) - df12c920-952d-4704-9c70-1a288e2f77c7: shutdown LeaderElection
2019-10-20 10:28:17,055 [df12c920-952d-4704-9c70-1a288e2f77c7@group-75987F7FE399-LeaderElection53] INFO  impl.RoleInfo (RoleInfo.java:updateAndGet(143)) - df12c920-952d-4704-9c70-1a288e2f77c7: start FollowerState
2019-10-20 10:28:17,070 [Thread-577] INFO  impl.FollowerState (FollowerState.java:run(108)) - df12c920-952d-4704-9c70-1a288e2f77c7@group-75987F7FE399-FollowerState: change to CANDIDATE, lastRpcTime:14ms, electionTimeout:14ms
2019-10-20 10:28:17,070 [Thread-577] INFO  impl.RoleInfo (RoleInfo.java:shutdownFollowerState(121)) - df12c920-952d-4704-9c70-1a288e2f77c7: shutdown FollowerState
2019-10-20 10:28:17,070 [Thread-577] INFO  impl.RaftServerImpl (RaftServerImpl.java:setRole(184)) - df12c920-952d-4704-9c70-1a288e2f77c7@group-75987F7FE399: changes role from  FOLLOWER to CANDIDATE at term 57 for changeToCandidate
2019-10-20 10:28:17,070 [Thread-577] INFO  impl.RoleInfo (RoleInfo.java:updateAndGet(143)) - df12c920-952d-4704-9c70-1a288e2f77c7: start LeaderElection
2019-10-20 10:28:17,093 [df12c920-952d-4704-9c70-1a288e2f77c7@group-75987F7FE399-LeaderElection54] INFO  impl.LeaderElection (LeaderElection.java:askForVotes(178)) - df12c920-952d-4704-9c70-1a288e2f77c7@group-75987F7FE399-LeaderElection54: begin an election at term 58 for -1: [875da3d9-0dec-46c7-88bf-73f7a2372b64:192.168.69.89:39990, df12c920-952d-4704-9c70-1a288e2f77c7:192.168.69.89:43948, 9ceef694-dbcf-4070-b7b1-3b3c65b6a699:192.168.69.89:36536], old=null
2019-10-20 10:28:17,096 [grpc-default-executor-1] INFO  impl.RaftServerImpl (RaftServerImpl.java:setRole(184)) - 875da3d9-0dec-46c7-88bf-73f7a2372b64@group-75987F7FE399: changes role from  FOLLOWER to FOLLOWER at term 58 for recognizeCandidate:df12c920-952d-4704-9c70-1a288e2f77c7
2019-10-20 10:28:17,096 [grpc-default-executor-3] INFO  impl.RaftServerImpl (RaftServerImpl.java:setRole(184)) - 9ceef694-dbcf-4070-b7b1-3b3c65b6a699@group-75987F7FE399: changes role from  FOLLOWER to FOLLOWER at term 58 for recognizeCandidate:df12c920-952d-4704-9c70-1a288e2f77c7
2019-10-20 10:28:17,096 [grpc-default-executor-1] INFO  impl.RoleInfo (RoleInfo.java:shutdownFollowerState(121)) - 875da3d9-0dec-46c7-88bf-73f7a2372b64: shutdown FollowerState
2019-10-20 10:28:17,096 [grpc-default-executor-3] INFO  impl.RoleInfo (RoleInfo.java:shutdownFollowerState(121)) - 9ceef694-dbcf-4070-b7b1-3b3c65b6a699: shutdown FollowerState
2019-10-20 10:28:17,096 [grpc-default-executor-1] INFO  impl.RoleInfo (RoleInfo.java:updateAndGet(143)) - 875da3d9-0dec-46c7-88bf-73f7a2372b64: start FollowerState
2019-10-20 10:28:17,096 [Thread-575] INFO  impl.FollowerState (FollowerState.java:run(117)) - 875da3d9-0dec-46c7-88bf-73f7a2372b64@group-75987F7FE399-FollowerState was interrupted: java.lang.InterruptedException: sleep interrupted
2019-10-20 10:28:17,097 [Thread-576] INFO  impl.FollowerState (FollowerState.java:run(117)) - 9ceef694-dbcf-4070-b7b1-3b3c65b6a699@group-75987F7FE399-FollowerState was interrupted: java.lang.InterruptedException: sleep interrupted
2019-10-20 10:28:17,097 [grpc-default-executor-3] INFO  impl.RoleInfo (RoleInfo.java:updateAndGet(143)) - 9ceef694-dbcf-4070-b7b1-3b3c65b6a699: start FollowerState
2019-10-20 10:28:17,104 [df12c920-952d-4704-9c70-1a288e2f77c7@group-75987F7FE399-LeaderElection54] INFO  impl.LeaderElection (LeaderElection.java:logAndReturn(56)) - df12c920-952d-4704-9c70-1a288e2f77c7@group-75987F7FE399-LeaderElection54: Election TIMEOUT; received 0 response(s) [] and 0 exception(s); df12c920-952d-4704-9c70-1a288e2f77c7@group-75987F7FE399:t58, leader=null, voted=df12c920-952d-4704-9c70-1a288e2f77c7, raftlog=df12c920-952d-4704-9c70-1a288e2f77c7@group-75987F7FE399-SegmentedRaftLog:OPENED:c-1,f-1,i0, conf=-1: [875da3d9-0dec-46c7-88bf-73f7a2372b64:192.168.69.89:39990, df12c920-952d-4704-9c70-1a288e2f77c7:192.168.69.89:43948, 9ceef694-dbcf-4070-b7b1-3b3c65b6a699:192.168.69.89:36536], old=null
2019-10-20 10:28:17,111 [df12c920-952d-4704-9c70-1a288e2f77c7@group-75987F7FE399-LeaderElection54] INFO  impl.LeaderElection (LeaderElection.java:askForVotes(178)) - df12c920-952d-4704-9c70-1a288e2f77c7@group-75987F7FE399-LeaderElection54: begin an election at term 59 for -1: [875da3d9-0dec-46c7-88bf-73f7a2372b64:192.168.69.89:39990, df12c920-952d-4704-9c70-1a288e2f77c7:192.168.69.89:43948, 9ceef694-dbcf-4070-b7b1-3b3c65b6a699:192.168.69.89:36536], old=null
2019-10-20 10:28:17,113 [grpc-default-executor-1] INFO  impl.RaftServerImpl (RaftServerImpl.java:setRole(184)) - 875da3d9-0dec-46c7-88bf-73f7a2372b64@group-75987F7FE399: changes role from  FOLLOWER to FOLLOWER at term 59 for recognizeCandidate:df12c920-952d-4704-9c70-1a288e2f77c7
2019-10-20 10:28:17,113 [grpc-default-executor-3] INFO  impl.RaftServerImpl (RaftServerImpl.java:setRole(184)) - 9ceef694-dbcf-4070-b7b1-3b3c65b6a699@group-75987F7FE399: changes role from  FOLLOWER to FOLLOWER at term 59 for recognizeCandidate:df12c920-952d-4704-9c70-1a288e2f77c7
2019-10-20 10:28:17,113 [grpc-default-executor-1] INFO  impl.RoleInfo (RoleInfo.java:shutdownFollowerState(121)) - 875da3d9-0dec-46c7-88bf-73f7a2372b64: shutdown FollowerState
2019-10-20 10:28:17,113 [grpc-default-executor-3] INFO  impl.RoleInfo (RoleInfo.java:shutdownFollowerState(121)) - 9ceef694-dbcf-4070-b7b1-3b3c65b6a699: shutdown FollowerState
2019-10-20 10:28:17,113 [grpc-default-executor-1] INFO  impl.RoleInfo (RoleInfo.java:updateAndGet(143)) - 875da3d9-0dec-46c7-88bf-73f7a2372b64: start FollowerState
2019-10-20 10:28:17,113 [Thread-581] INFO  impl.FollowerState (FollowerState.java:run(117)) - 875da3d9-0dec-46c7-88bf-73f7a2372b64@group-75987F7FE399-FollowerState was interrupted: java.lang.InterruptedException: sleep interrupted
2019-10-20 10:28:17,113 [Thread-582] INFO  impl.FollowerState (FollowerState.java:run(117)) - 9ceef694-dbcf-4070-b7b1-3b3c65b6a699@group-75987F7FE399-FollowerState was interrupted: java.lang.InterruptedException: sleep interrupted
2019-10-20 10:28:17,113 [grpc-default-executor-3] INFO  impl.RoleInfo (RoleInfo.java:updateAndGet(143)) - 9ceef694-dbcf-4070-b7b1-3b3c65b6a699: start FollowerState
2019-10-20 10:28:17,129 [df12c920-952d-4704-9c70-1a288e2f77c7@group-75987F7FE399-LeaderElection54] INFO  impl.LeaderElection (LeaderElection.java:logAndReturn(56)) - df12c920-952d-4704-9c70-1a288e2f77c7@group-75987F7FE399-LeaderElection54: Election REJECTED; received 2 response(s) [df12c920-952d-4704-9c70-1a288e2f77c7<-875da3d9-0dec-46c7-88bf-73f7a2372b64#0:FAIL-t59, df12c920-952d-4704-9c70-1a288e2f77c7<-9ceef694-dbcf-4070-b7b1-3b3c65b6a699#0:FAIL-t59] and 0 exception(s); df12c920-952d-4704-9c70-1a288e2f77c7@group-75987F7FE399:t59, leader=null, voted=df12c920-952d-4704-9c70-1a288e2f77c7, raftlog=df12c920-952d-4704-9c70-1a288e2f77c7@group-75987F7FE399-SegmentedRaftLog:OPENED:c-1,f-1,i0, conf=-1: [875da3d9-0dec-46c7-88bf-73f7a2372b64:192.168.69.89:39990, df12c920-952d-4704-9c70-1a288e2f77c7:192.168.69.89:43948, 9ceef694-dbcf-4070-b7b1-3b3c65b6a699:192.168.69.89:36536], old=null
2019-10-20 10:28:17,130 [df12c920-952d-4704-9c70-1a288e2f77c7@group-75987F7FE399-LeaderElection54] INFO  impl.RaftServerImpl (RaftServerImpl.java:setRole(184)) - df12c920-952d-4704-9c70-1a288e2f77c7@group-75987F7FE399: changes role from CANDIDATE to FOLLOWER at term 59 for DISCOVERED_A_NEW_TERM
2019-10-20 10:28:17,130 [df12c920-952d-4704-9c70-1a288e2f77c7@group-75987F7FE399-LeaderElection54] INFO  impl.RoleInfo (RoleInfo.java:shutdownLeaderElection(134)) - df12c920-952d-4704-9c70-1a288e2f77c7: shutdown LeaderElection
2019-10-20 10:28:17,130 [df12c920-952d-4704-9c70-1a288e2f77c7@group-75987F7FE399-LeaderElection54] INFO  impl.RoleInfo (RoleInfo.java:updateAndGet(143)) - df12c920-952d-4704-9c70-1a288e2f77c7: start FollowerState
2019-10-20 10:28:17,218 [Thread-587] INFO  impl.FollowerState (FollowerState.java:run(108)) - df12c920-952d-4704-9c70-1a288e2f77c7@group-75987F7FE399-FollowerState: change to CANDIDATE, lastRpcTime:88ms, electionTimeout:88ms
2019-10-20 10:28:17,219 [Thread-587] INFO  impl.RoleInfo (RoleInfo.java:shutdownFollowerState(121)) - df12c920-952d-4704-9c70-1a288e2f77c7: shutdown FollowerState
2019-10-20 10:28:17,219 [Thread-587] INFO  impl.RaftServerImpl (RaftServerImpl.java:setRole(184)) - df12c920-952d-4704-9c70-1a288e2f77c7@group-75987F7FE399: changes role from  FOLLOWER to CANDIDATE at term 59 for changeToCandidate
2019-10-20 10:28:17,219 [Thread-587] INFO  impl.RoleInfo (RoleInfo.java:updateAndGet(143)) - df12c920-952d-4704-9c70-1a288e2f77c7: start LeaderElection
2019-10-20 10:28:17,233 [df12c920-952d-4704-9c70-1a288e2f77c7@group-75987F7FE399-LeaderElection55] INFO  impl.LeaderElection (LeaderElection.java:askForVotes(178)) - df12c920-952d-4704-9c70-1a288e2f77c7@group-75987F7FE399-LeaderElection55: begin an election at term 60 for -1: [875da3d9-0dec-46c7-88bf-73f7a2372b64:192.168.69.89:39990, df12c920-952d-4704-9c70-1a288e2f77c7:192.168.69.89:43948, 9ceef694-dbcf-4070-b7b1-3b3c65b6a699:192.168.69.89:36536], old=null
2019-10-20 10:28:17,236 [grpc-default-executor-3] INFO  impl.RaftServerImpl (RaftServerImpl.java:setRole(184)) - 875da3d9-0dec-46c7-88bf-73f7a2372b64@group-75987F7FE399: changes role from  FOLLOWER to FOLLOWER at term 60 for recognizeCandidate:df12c920-952d-4704-9c70-1a288e2f77c7
2019-10-20 10:28:17,236 [grpc-default-executor-3] INFO  impl.RoleInfo (RoleInfo.java:shutdownFollowerState(121)) - 875da3d9-0dec-46c7-88bf-73f7a2372b64: shutdown FollowerState
2019-10-20 10:28:17,236 [grpc-default-executor-3] INFO  impl.RoleInfo (RoleInfo.java:updateAndGet(143)) - 875da3d9-0dec-46c7-88bf-73f7a2372b64: start FollowerState
2019-10-20 10:28:17,236 [Thread-585] INFO  impl.FollowerState (FollowerState.java:run(117)) - 875da3d9-0dec-46c7-88bf-73f7a2372b64@group-75987F7FE399-FollowerState was interrupted: java.lang.InterruptedException: sleep interrupted
2019-10-20 10:28:17,236 [grpc-default-executor-1] INFO  impl.RaftServerImpl (RaftServerImpl.java:setRole(184)) - 9ceef694-dbcf-4070-b7b1-3b3c65b6a699@group-75987F7FE399: changes role from  FOLLOWER to FOLLOWER at term 60 for recognizeCandidate:df12c920-952d-4704-9c70-1a288e2f77c7
2019-10-20 10:28:17,236 [grpc-default-executor-1] INFO  impl.RoleInfo (RoleInfo.java:shutdownFollowerState(121)) - 9ceef694-dbcf-4070-b7b1-3b3c65b6a699: shutdown FollowerState
2019-10-20 10:28:17,237 [grpc-default-executor-1] INFO  impl.RoleInfo (RoleInfo.java:updateAndGet(143)) - 9ceef694-dbcf-4070-b7b1-3b3c65b6a699: start FollowerState
2019-10-20 10:28:17,237 [Thread-586] INFO  impl.FollowerState (FollowerState.java:run(117)) - 9ceef694-dbcf-4070-b7b1-3b3c65b6a699@group-75987F7FE399-FollowerState was interrupted: java.lang.InterruptedException: sleep interrupted
2019-10-20 10:28:17,259 [df12c920-952d-4704-9c70-1a288e2f77c7@group-75987F7FE399-LeaderElection55] INFO  impl.LeaderElection (LeaderElection.java:logAndReturn(56)) - df12c920-952d-4704-9c70-1a288e2f77c7@group-75987F7FE399-LeaderElection55: Election TIMEOUT; received 0 response(s) [] and 0 exception(s); df12c920-952d-4704-9c70-1a288e2f77c7@group-75987F7FE399:t60, leader=null, voted=df12c920-952d-4704-9c70-1a288e2f77c7, raftlog=df12c920-952d-4704-9c70-1a288e2f77c7@group-75987F7FE399-SegmentedRaftLog:OPENED:c-1,f-1,i0, conf=-1: [875da3d9-0dec-46c7-88bf-73f7a2372b64:192.168.69.89:39990, df12c920-952d-4704-9c70-1a288e2f77c7:192.168.69.89:43948, 9ceef694-dbcf-4070-b7b1-3b3c65b6a699:192.168.69.89:36536], old=null
2019-10-20 10:28:17,263 [df12c920-952d-4704-9c70-1a288e2f77c7@group-75987F7FE399-LeaderElection55] INFO  impl.LeaderElection (LeaderElection.java:askForVotes(178)) - df12c920-952d-4704-9c70-1a288e2f77c7@group-75987F7FE399-LeaderElection55: begin an election at term 61 for -1: [875da3d9-0dec-46c7-88bf-73f7a2372b64:192.168.69.89:39990, df12c920-952d-4704-9c70-1a288e2f77c7:192.168.69.89:43948, 9ceef694-dbcf-4070-b7b1-3b3c65b6a699:192.168.69.89:36536], old=null
2019-10-20 10:28:17,266 [grpc-default-executor-1] INFO  impl.RaftServerImpl (RaftServerImpl.java:setRole(184)) - 875da3d9-0dec-46c7-88bf-73f7a2372b64@group-75987F7FE399: changes role from  FOLLOWER to FOLLOWER at term 61 for recognizeCandidate:df12c920-952d-4704-9c70-1a288e2f77c7
2019-10-20 10:28:17,266 [grpc-default-executor-1] INFO  impl.RoleInfo (RoleInfo.java:shutdownFollowerState(121)) - 875da3d9-0dec-46c7-88bf-73f7a2372b64: shutdown FollowerState
2019-10-20 10:28:17,266 [grpc-default-executor-1] INFO  impl.RoleInfo (RoleInfo.java:updateAndGet(143)) - 875da3d9-0dec-46c7-88bf-73f7a2372b64: start FollowerState
2019-10-20 10:28:17,266 [grpc-default-executor-3] INFO  impl.RaftServerImpl (RaftServerImpl.java:setRole(184)) - 9ceef694-dbcf-4070-b7b1-3b3c65b6a699@group-75987F7FE399: changes role from  FOLLOWER to FOLLOWER at term 61 for recognizeCandidate:df12c920-952d-4704-9c70-1a288e2f77c7
2019-10-20 10:28:17,266 [Thread-591] INFO  impl.FollowerState (FollowerState.java:run(117)) - 875da3d9-0dec-46c7-88bf-73f7a2372b64@group-75987F7FE399-FollowerState was interrupted: java.lang.InterruptedException: sleep interrupted
2019-10-20 10:28:17,266 [grpc-default-executor-3] INFO  impl.RoleInfo (RoleInfo.java:shutdownFollowerState(121)) - 9ceef694-dbcf-4070-b7b1-3b3c65b6a699: shutdown FollowerState
2019-10-20 10:28:17,266 [grpc-default-executor-3] INFO  impl.RoleInfo (RoleInfo.java:updateAndGet(143)) - 9ceef694-dbcf-4070-b7b1-3b3c65b6a699: start FollowerState
2019-10-20 10:28:17,266 [Thread-592] INFO  impl.FollowerState (FollowerState.java:run(117)) - 9ceef694-dbcf-4070-b7b1-3b3c65b6a699@group-75987F7FE399-FollowerState was interrupted: java.lang.InterruptedException: sleep interrupted
2019-10-20 10:28:17,292 [df12c920-952d-4704-9c70-1a288e2f77c7@group-75987F7FE399-LeaderElection55] INFO  impl.LeaderElection (LeaderElection.java:logAndReturn(56)) - df12c920-952d-4704-9c70-1a288e2f77c7@group-75987F7FE399-LeaderElection55: Election REJECTED; received 2 response(s) [df12c920-952d-4704-9c70-1a288e2f77c7<-875da3d9-0dec-46c7-88bf-73f7a2372b64#0:FAIL-t61, df12c920-952d-4704-9c70-1a288e2f77c7<-9ceef694-dbcf-4070-b7b1-3b3c65b6a699#0:FAIL-t61] and 0 exception(s); df12c920-952d-4704-9c70-1a288e2f77c7@group-75987F7FE399:t61, leader=null, voted=df12c920-952d-4704-9c70-1a288e2f77c7, raftlog=df12c920-952d-4704-9c70-1a288e2f77c7@group-75987F7FE399-SegmentedRaftLog:OPENED:c-1,f-1,i0, conf=-1: [875da3d9-0dec-46c7-88bf-73f7a2372b64:192.168.69.89:39990, df12c920-952d-4704-9c70-1a288e2f77c7:192.168.69.89:43948, 9ceef694-dbcf-4070-b7b1-3b3c65b6a699:192.168.69.89:36536], old=null
2019-10-20 10:28:17,292 [df12c920-952d-4704-9c70-1a288e2f77c7@group-75987F7FE399-LeaderElection55] INFO  impl.RaftServerImpl (RaftServerImpl.java:setRole(184)) - df12c920-952d-4704-9c70-1a288e2f77c7@group-75987F7FE399: changes role from CANDIDATE to FOLLOWER at term 61 for DISCOVERED_A_NEW_TERM
2019-10-20 10:28:17,293 [df12c920-952d-4704-9c70-1a288e2f77c7@group-75987F7FE399-LeaderElection55] INFO  impl.RoleInfo (RoleInfo.java:shutdownLeaderElection(134)) - df12c920-952d-4704-9c70-1a288e2f77c7: shutdown LeaderElection
2019-10-20 10:28:17,293 [df12c920-952d-4704-9c70-1a288e2f77c7@group-75987F7FE399-LeaderElection55] INFO  impl.RoleInfo (RoleInfo.java:updateAndGet(143)) - df12c920-952d-4704-9c70-1a288e2f77c7: start FollowerState
2019-10-20 10:28:17,296 [Thread-597] INFO  impl.FollowerState (FollowerState.java:run(108)) - df12c920-952d-4704-9c70-1a288e2f77c7@group-75987F7FE399-FollowerState: change to CANDIDATE, lastRpcTime:3ms, electionTimeout:3ms
2019-10-20 10:28:17,296 [Thread-597] INFO  impl.RoleInfo (RoleInfo.java:shutdownFollowerState(121)) - df12c920-952d-4704-9c70-1a288e2f77c7: shutdown FollowerState
2019-10-20 10:28:17,296 [Thread-597] INFO  impl.RaftServerImpl (RaftServerImpl.java:setRole(184)) - df12c920-952d-4704-9c70-1a288e2f77c7@group-75987F7FE399: changes role from  FOLLOWER to CANDIDATE at term 61 for changeToCandidate
2019-10-20 10:28:17,297 [Thread-597] INFO  impl.RoleInfo (RoleInfo.java:updateAndGet(143)) - df12c920-952d-4704-9c70-1a288e2f77c7: start LeaderElection
2019-10-20 10:28:17,311 [df12c920-952d-4704-9c70-1a288e2f77c7@group-75987F7FE399-LeaderElection56] INFO  impl.LeaderElection (LeaderElection.java:askForVotes(178)) - df12c920-952d-4704-9c70-1a288e2f77c7@group-75987F7FE399-LeaderElection56: begin an election at term 62 for -1: [875da3d9-0dec-46c7-88bf-73f7a2372b64:192.168.69.89:39990, df12c920-952d-4704-9c70-1a288e2f77c7:192.168.69.89:43948, 9ceef694-dbcf-4070-b7b1-3b3c65b6a699:192.168.69.89:36536], old=null
2019-10-20 10:28:17,314 [grpc-default-executor-1] INFO  impl.RaftServerImpl (RaftServerImpl.java:setRole(184)) - 875da3d9-0dec-46c7-88bf-73f7a2372b64@group-75987F7FE399: changes role from  FOLLOWER to FOLLOWER at term 62 for recognizeCandidate:df12c920-952d-4704-9c70-1a288e2f77c7
2019-10-20 10:28:17,314 [grpc-default-executor-3] INFO  impl.RaftServerImpl (RaftServerImpl.java:setRole(184)) - 9ceef694-dbcf-4070-b7b1-3b3c65b6a699@group-75987F7FE399: changes role from  FOLLOWER to FOLLOWER at term 62 for recognizeCandidate:df12c920-952d-4704-9c70-1a288e2f77c7
2019-10-20 10:28:17,314 [grpc-default-executor-1] INFO  impl.RoleInfo (RoleInfo.java:shutdownFollowerState(121)) - 875da3d9-0dec-46c7-88bf-73f7a2372b64: shutdown FollowerState
2019-10-20 10:28:17,314 [grpc-default-executor-3] INFO  impl.RoleInfo (RoleInfo.java:shutdownFollowerState(121)) - 9ceef694-dbcf-4070-b7b1-3b3c65b6a699: shutdown FollowerState
2019-10-20 10:28:17,314 [Thread-595] INFO  impl.FollowerState (FollowerState.java:run(117)) - 875da3d9-0dec-46c7-88bf-73f7a2372b64@group-75987F7FE399-FollowerState was interrupted: java.lang.InterruptedException: sleep interrupted
2019-10-20 10:28:17,314 [Thread-596] INFO  impl.FollowerState (FollowerState.java:run(117)) - 9ceef694-dbcf-4070-b7b1-3b3c65b6a699@group-75987F7FE399-FollowerState was interrupted: java.lang.InterruptedException: sleep interrupted
2019-10-20 10:28:17,314 [grpc-default-executor-3] INFO  impl.RoleInfo (RoleInfo.java:updateAndGet(143)) - 9ceef694-dbcf-4070-b7b1-3b3c65b6a699: start FollowerState
2019-10-20 10:28:17,314 [grpc-default-executor-1] INFO  impl.RoleInfo (RoleInfo.java:updateAndGet(143)) - 875da3d9-0dec-46c7-88bf-73f7a2372b64: start FollowerState
2019-10-20 10:28:17,322 [df12c920-952d-4704-9c70-1a288e2f77c7@group-75987F7FE399-LeaderElection56] INFO  impl.LeaderElection (LeaderElection.java:logAndReturn(56)) - df12c920-952d-4704-9c70-1a288e2f77c7@group-75987F7FE399-LeaderElection56: Election REJECTED; received 2 response(s) [df12c920-952d-4704-9c70-1a288e2f77c7<-875da3d9-0dec-46c7-88bf-73f7a2372b64#0:FAIL-t62, df12c920-952d-4704-9c70-1a288e2f77c7<-9ceef694-dbcf-4070-b7b1-3b3c65b6a699#0:FAIL-t62] and 0 exception(s); df12c920-952d-4704-9c70-1a288e2f77c7@group-75987F7FE399:t62, leader=null, voted=df12c920-952d-4704-9c70-1a288e2f77c7, raftlog=df12c920-952d-4704-9c70-1a288e2f77c7@group-75987F7FE399-SegmentedRaftLog:OPENED:c-1,f-1,i0, conf=-1: [875da3d9-0dec-46c7-88bf-73f7a2372b64:192.168.69.89:39990, df12c920-952d-4704-9c70-1a288e2f77c7:192.168.69.89:43948, 9ceef694-dbcf-4070-b7b1-3b3c65b6a699:192.168.69.89:36536], old=null
2019-10-20 10:28:17,323 [df12c920-952d-4704-9c70-1a288e2f77c7@group-75987F7FE399-LeaderElection56] INFO  impl.RaftServerImpl (RaftServerImpl.java:setRole(184)) - df12c920-952d-4704-9c70-1a288e2f77c7@group-75987F7FE399: changes role from CANDIDATE to FOLLOWER at term 62 for DISCOVERED_A_NEW_TERM
2019-10-20 10:28:17,323 [df12c920-952d-4704-9c70-1a288e2f77c7@group-75987F7FE399-LeaderElection56] INFO  impl.RoleInfo (RoleInfo.java:shutdownLeaderElection(134)) - df12c920-952d-4704-9c70-1a288e2f77c7: shutdown LeaderElection
2019-10-20 10:28:17,323 [df12c920-952d-4704-9c70-1a288e2f77c7@group-75987F7FE399-LeaderElection56] INFO  impl.RoleInfo (RoleInfo.java:updateAndGet(143)) - df12c920-952d-4704-9c70-1a288e2f77c7: start FollowerState
2019-10-20 10:28:17,333 [Thread-603] INFO  impl.FollowerState (FollowerState.java:run(108)) - df12c920-952d-4704-9c70-1a288e2f77c7@group-75987F7FE399-FollowerState: change to CANDIDATE, lastRpcTime:10ms, electionTimeout:10ms
2019-10-20 10:28:17,333 [Thread-603] INFO  impl.RoleInfo (RoleInfo.java:shutdownFollowerState(121)) - df12c920-952d-4704-9c70-1a288e2f77c7: shutdown FollowerState
2019-10-20 10:28:17,334 [Thread-603] INFO  impl.RaftServerImpl (RaftServerImpl.java:setRole(184)) - df12c920-952d-4704-9c70-1a288e2f77c7@group-75987F7FE399: changes role from  FOLLOWER to CANDIDATE at term 62 for changeToCandidate
2019-10-20 10:28:17,334 [Thread-603] INFO  impl.RoleInfo (RoleInfo.java:updateAndGet(143)) - df12c920-952d-4704-9c70-1a288e2f77c7: start LeaderElection
2019-10-20 10:28:17,347 [df12c920-952d-4704-9c70-1a288e2f77c7@group-75987F7FE399-LeaderElection57] INFO  impl.LeaderElection (LeaderElection.java:askForVotes(178)) - df12c920-952d-4704-9c70-1a288e2f77c7@group-75987F7FE399-LeaderElection57: begin an election at term 63 for -1: [875da3d9-0dec-46c7-88bf-73f7a2372b64:192.168.69.89:39990, df12c920-952d-4704-9c70-1a288e2f77c7:192.168.69.89:43948, 9ceef694-dbcf-4070-b7b1-3b3c65b6a699:192.168.69.89:36536], old=null
2019-10-20 10:28:17,350 [grpc-default-executor-3] INFO  impl.RaftServerImpl (RaftServerImpl.java:setRole(184)) - 875da3d9-0dec-46c7-88bf-73f7a2372b64@group-75987F7FE399: changes role from  FOLLOWER to FOLLOWER at term 63 for recognizeCandidate:df12c920-952d-4704-9c70-1a288e2f77c7
2019-10-20 10:28:17,350 [grpc-default-executor-1] INFO  impl.RaftServerImpl (RaftServerImpl.java:setRole(184)) - 9ceef694-dbcf-4070-b7b1-3b3c65b6a699@group-75987F7FE399: changes role from  FOLLOWER to FOLLOWER at term 63 for recognizeCandidate:df12c920-952d-4704-9c70-1a288e2f77c7
2019-10-20 10:28:17,350 [grpc-default-executor-3] INFO  impl.RoleInfo (RoleInfo.java:shutdownFollowerState(121)) - 875da3d9-0dec-46c7-88bf-73f7a2372b64: shutdown FollowerState
2019-10-20 10:28:17,350 [grpc-default-executor-1] INFO  impl.RoleInfo (RoleInfo.java:shutdownFollowerState(121)) - 9ceef694-dbcf-4070-b7b1-3b3c65b6a699: shutdown FollowerState
2019-10-20 10:28:17,350 [Thread-601] INFO  impl.FollowerState (FollowerState.java:run(117)) - 875da3d9-0dec-46c7-88bf-73f7a2372b64@group-75987F7FE399-FollowerState was interrupted: java.lang.InterruptedException: sleep interrupted
2019-10-20 10:28:17,350 [grpc-default-executor-3] INFO  impl.RoleInfo (RoleInfo.java:updateAndGet(143)) - 875da3d9-0dec-46c7-88bf-73f7a2372b64: start FollowerState
2019-10-20 10:28:17,350 [Thread-602] INFO  impl.FollowerState (FollowerState.java:run(117)) - 9ceef694-dbcf-4070-b7b1-3b3c65b6a699@group-75987F7FE399-FollowerState was interrupted: java.lang.InterruptedException: sleep interrupted
2019-10-20 10:28:17,350 [grpc-default-executor-1] INFO  impl.RoleInfo (RoleInfo.java:updateAndGet(143)) - 9ceef694-dbcf-4070-b7b1-3b3c65b6a699: start FollowerState
2019-10-20 10:28:17,367 [df12c920-952d-4704-9c70-1a288e2f77c7@group-75987F7FE399-LeaderElection57] INFO  impl.LeaderElection (LeaderElection.java:logAndReturn(56)) - df12c920-952d-4704-9c70-1a288e2f77c7@group-75987F7FE399-LeaderElection57: Election REJECTED; received 2 response(s) [df12c920-952d-4704-9c70-1a288e2f77c7<-875da3d9-0dec-46c7-88bf-73f7a2372b64#0:FAIL-t63, df12c920-952d-4704-9c70-1a288e2f77c7<-9ceef694-dbcf-4070-b7b1-3b3c65b6a699#0:FAIL-t63] and 0 exception(s); df12c920-952d-4704-9c70-1a288e2f77c7@group-75987F7FE399:t63, leader=null, voted=df12c920-952d-4704-9c70-1a288e2f77c7, raftlog=df12c920-952d-4704-9c70-1a288e2f77c7@group-75987F7FE399-SegmentedRaftLog:OPENED:c-1,f-1,i0, conf=-1: [875da3d9-0dec-46c7-88bf-73f7a2372b64:192.168.69.89:39990, df12c920-952d-4704-9c70-1a288e2f77c7:192.168.69.89:43948, 9ceef694-dbcf-4070-b7b1-3b3c65b6a699:192.168.69.89:36536], old=null
2019-10-20 10:28:17,367 [df12c920-952d-4704-9c70-1a288e2f77c7@group-75987F7FE399-LeaderElection57] INFO  impl.RaftServerImpl (RaftServerImpl.java:setRole(184)) - df12c920-952d-4704-9c70-1a288e2f77c7@group-75987F7FE399: changes role from CANDIDATE to FOLLOWER at term 63 for DISCOVERED_A_NEW_TERM
2019-10-20 10:28:17,367 [df12c920-952d-4704-9c70-1a288e2f77c7@group-75987F7FE399-LeaderElection57] INFO  impl.RoleInfo (RoleInfo.java:shutdownLeaderElection(134)) - df12c920-952d-4704-9c70-1a288e2f77c7: shutdown LeaderElection
2019-10-20 10:28:17,367 [df12c920-952d-4704-9c70-1a288e2f77c7@group-75987F7FE399-LeaderElection57] INFO  impl.RoleInfo (RoleInfo.java:updateAndGet(143)) - df12c920-952d-4704-9c70-1a288e2f77c7: start FollowerState
2019-10-20 10:28:17,521 [Thread-609] INFO  impl.FollowerState (FollowerState.java:run(108)) - df12c920-952d-4704-9c70-1a288e2f77c7@group-75987F7FE399-FollowerState: change to CANDIDATE, lastRpcTime:153ms, electionTimeout:153ms
2019-10-20 10:28:17,521 [Thread-609] INFO  impl.RoleInfo (RoleInfo.java:shutdownFollowerState(121)) - df12c920-952d-4704-9c70-1a288e2f77c7: shutdown FollowerState
2019-10-20 10:28:17,521 [Thread-609] INFO  impl.RaftServerImpl (RaftServerImpl.java:setRole(184)) - df12c920-952d-4704-9c70-1a288e2f77c7@group-75987F7FE399: changes role from  FOLLOWER to CANDIDATE at term 63 for changeToCandidate
2019-10-20 10:28:17,522 [Thread-609] INFO  impl.RoleInfo (RoleInfo.java:updateAndGet(143)) - df12c920-952d-4704-9c70-1a288e2f77c7: start LeaderElection
2019-10-20 10:28:17,537 [df12c920-952d-4704-9c70-1a288e2f77c7@group-75987F7FE399-LeaderElection58] INFO  impl.LeaderElection (LeaderElection.java:askForVotes(178)) - df12c920-952d-4704-9c70-1a288e2f77c7@group-75987F7FE399-LeaderElection58: begin an election at term 64 for -1: [875da3d9-0dec-46c7-88bf-73f7a2372b64:192.168.69.89:39990, df12c920-952d-4704-9c70-1a288e2f77c7:192.168.69.89:43948, 9ceef694-dbcf-4070-b7b1-3b3c65b6a699:192.168.69.89:36536], old=null
2019-10-20 10:28:17,541 [grpc-default-executor-1] INFO  impl.RaftServerImpl (RaftServerImpl.java:setRole(184)) - 875da3d9-0dec-46c7-88bf-73f7a2372b64@group-75987F7FE399: changes role from  FOLLOWER to FOLLOWER at term 64 for recognizeCandidate:df12c920-952d-4704-9c70-1a288e2f77c7
2019-10-20 10:28:17,541 [grpc-default-executor-1] INFO  impl.RoleInfo (RoleInfo.java:shutdownFollowerState(121)) - 875da3d9-0dec-46c7-88bf-73f7a2372b64: shutdown FollowerState
2019-10-20 10:28:17,541 [grpc-default-executor-3] INFO  impl.RaftServerImpl (RaftServerImpl.java:setRole(184)) - 9ceef694-dbcf-4070-b7b1-3b3c65b6a699@group-75987F7FE399: changes role from  FOLLOWER to FOLLOWER at term 64 for recognizeCandidate:df12c920-952d-4704-9c70-1a288e2f77c7
2019-10-20 10:28:17,541 [Thread-607] INFO  impl.FollowerState (FollowerState.java:run(117)) - 875da3d9-0dec-46c7-88bf-73f7a2372b64@group-75987F7FE399-FollowerState was interrupted: java.lang.InterruptedException: sleep interrupted
2019-10-20 10:28:17,541 [grpc-default-executor-1] INFO  impl.RoleInfo (RoleInfo.java:updateAndGet(143)) - 875da3d9-0dec-46c7-88bf-73f7a2372b64: start FollowerState
2019-10-20 10:28:17,541 [grpc-default-executor-3] INFO  impl.RoleInfo (RoleInfo.java:shutdownFollowerState(121)) - 9ceef694-dbcf-4070-b7b1-3b3c65b6a699: shutdown FollowerState
2019-10-20 10:28:17,542 [grpc-default-executor-3] INFO  impl.RoleInfo (RoleInfo.java:updateAndGet(143)) - 9ceef694-dbcf-4070-b7b1-3b3c65b6a699: start FollowerState
2019-10-20 10:28:17,542 [Thread-608] INFO  impl.FollowerState (FollowerState.java:run(117)) - 9ceef694-dbcf-4070-b7b1-3b3c65b6a699@group-75987F7FE399-FollowerState was interrupted: java.lang.InterruptedException: sleep interrupted
2019-10-20 10:28:17,577 [df12c920-952d-4704-9c70-1a288e2f77c7@group-75987F7FE399-LeaderElection58] INFO  impl.LeaderElection (LeaderElection.java:logAndReturn(56)) - df12c920-952d-4704-9c70-1a288e2f77c7@group-75987F7FE399-LeaderElection58: Election REJECTED; received 2 response(s) [df12c920-952d-4704-9c70-1a288e2f77c7<-875da3d9-0dec-46c7-88bf-73f7a2372b64#0:FAIL-t64, df12c920-952d-4704-9c70-1a288e2f77c7<-9ceef694-dbcf-4070-b7b1-3b3c65b6a699#0:FAIL-t64] and 0 exception(s); df12c920-952d-4704-9c70-1a288e2f77c7@group-75987F7FE399:t64, leader=null, voted=df12c920-952d-4704-9c70-1a288e2f77c7, raftlog=df12c920-952d-4704-9c70-1a288e2f77c7@group-75987F7FE399-SegmentedRaftLog:OPENED:c-1,f-1,i0, conf=-1: [875da3d9-0dec-46c7-88bf-73f7a2372b64:192.168.69.89:39990, df12c920-952d-4704-9c70-1a288e2f77c7:192.168.69.89:43948, 9ceef694-dbcf-4070-b7b1-3b3c65b6a699:192.168.69.89:36536], old=null
2019-10-20 10:28:17,577 [df12c920-952d-4704-9c70-1a288e2f77c7@group-75987F7FE399-LeaderElection58] INFO  impl.RaftServerImpl (RaftServerImpl.java:setRole(184)) - df12c920-952d-4704-9c70-1a288e2f77c7@group-75987F7FE399: changes role from CANDIDATE to FOLLOWER at term 64 for DISCOVERED_A_NEW_TERM
2019-10-20 10:28:17,577 [df12c920-952d-4704-9c70-1a288e2f77c7@group-75987F7FE399-LeaderElection58] INFO  impl.RoleInfo (RoleInfo.java:shutdownLeaderElection(134)) - df12c920-952d-4704-9c70-1a288e2f77c7: shutdown LeaderElection
2019-10-20 10:28:17,577 [df12c920-952d-4704-9c70-1a288e2f77c7@group-75987F7FE399-LeaderElection58] INFO  impl.RoleInfo (RoleInfo.java:updateAndGet(143)) - df12c920-952d-4704-9c70-1a288e2f77c7: start FollowerState
2019-10-20 10:28:17,718 [Thread-616] INFO  impl.FollowerState (FollowerState.java:run(108)) - df12c920-952d-4704-9c70-1a288e2f77c7@group-75987F7FE399-FollowerState: change to CANDIDATE, lastRpcTime:140ms, electionTimeout:140ms
2019-10-20 10:28:17,718 [Thread-616] INFO  impl.RoleInfo (RoleInfo.java:shutdownFollowerState(121)) - df12c920-952d-4704-9c70-1a288e2f77c7: shutdown FollowerState
2019-10-20 10:28:17,719 [Thread-616] INFO  impl.RaftServerImpl (RaftServerImpl.java:setRole(184)) - df12c920-952d-4704-9c70-1a288e2f77c7@group-75987F7FE399: changes role from  FOLLOWER to CANDIDATE at term 64 for changeToCandidate
2019-10-20 10:28:17,719 [Thread-616] INFO  impl.RoleInfo (RoleInfo.java:updateAndGet(143)) - df12c920-952d-4704-9c70-1a288e2f77c7: start LeaderElection
2019-10-20 10:28:17,735 [df12c920-952d-4704-9c70-1a288e2f77c7@group-75987F7FE399-LeaderElection59] INFO  impl.LeaderElection (LeaderElection.java:askForVotes(178)) - df12c920-952d-4704-9c70-1a288e2f77c7@group-75987F7FE399-LeaderElection59: begin an election at term 65 for -1: [875da3d9-0dec-46c7-88bf-73f7a2372b64:192.168.69.89:39990, df12c920-952d-4704-9c70-1a288e2f77c7:192.168.69.89:43948, 9ceef694-dbcf-4070-b7b1-3b3c65b6a699:192.168.69.89:36536], old=null
2019-10-20 10:28:17,738 [grpc-default-executor-3] INFO  impl.RaftServerImpl (RaftServerImpl.java:setRole(184)) - 9ceef694-dbcf-4070-b7b1-3b3c65b6a699@group-75987F7FE399: changes role from  FOLLOWER to FOLLOWER at term 65 for recognizeCandidate:df12c920-952d-4704-9c70-1a288e2f77c7
2019-10-20 10:28:17,738 [grpc-default-executor-4] INFO  impl.RaftServerImpl (RaftServerImpl.java:setRole(184)) - 875da3d9-0dec-46c7-88bf-73f7a2372b64@group-75987F7FE399: changes role from  FOLLOWER to FOLLOWER at term 65 for recognizeCandidate:df12c920-952d-4704-9c70-1a288e2f77c7
2019-10-20 10:28:17,738 [grpc-default-executor-3] INFO  impl.RoleInfo (RoleInfo.java:shutdownFollowerState(121)) - 9ceef694-dbcf-4070-b7b1-3b3c65b6a699: shutdown FollowerState
2019-10-20 10:28:17,738 [grpc-default-executor-4] INFO  impl.RoleInfo (RoleInfo.java:shutdownFollowerState(121)) - 875da3d9-0dec-46c7-88bf-73f7a2372b64: shutdown FollowerState
2019-10-20 10:28:17,739 [Thread-614] INFO  impl.FollowerState (FollowerState.java:run(117)) - 9ceef694-dbcf-4070-b7b1-3b3c65b6a699@group-75987F7FE399-FollowerState was interrupted: java.lang.InterruptedException: sleep interrupted
2019-10-20 10:28:17,739 [grpc-default-executor-4] INFO  impl.RoleInfo (RoleInfo.java:updateAndGet(143)) - 875da3d9-0dec-46c7-88bf-73f7a2372b64: start FollowerState
2019-10-20 10:28:17,738 [grpc-default-executor-3] INFO  impl.RoleInfo (RoleInfo.java:updateAndGet(143)) - 9ceef694-dbcf-4070-b7b1-3b3c65b6a699: start FollowerState
2019-10-20 10:28:17,739 [Thread-613] INFO  impl.FollowerState (FollowerState.java:run(117)) - 875da3d9-0dec-46c7-88bf-73f7a2372b64@group-75987F7FE399-FollowerState was interrupted: java.lang.InterruptedException: sleep interrupted
2019-10-20 10:28:17,754 [df12c920-952d-4704-9c70-1a288e2f77c7@group-75987F7FE399-LeaderElection59] INFO  impl.LeaderElection (LeaderElection.java:logAndReturn(56)) - df12c920-952d-4704-9c70-1a288e2f77c7@group-75987F7FE399-LeaderElection59: Election REJECTED; received 2 response(s) [df12c920-952d-4704-9c70-1a288e2f77c7<-875da3d9-0dec-46c7-88bf-73f7a2372b64#0:FAIL-t65, df12c920-952d-4704-9c70-1a288e2f77c7<-9ceef694-dbcf-4070-b7b1-3b3c65b6a699#0:FAIL-t65] and 0 exception(s); df12c920-952d-4704-9c70-1a288e2f77c7@group-75987F7FE399:t65, leader=null, voted=df12c920-952d-4704-9c70-1a288e2f77c7, raftlog=df12c920-952d-4704-9c70-1a288e2f77c7@group-75987F7FE399-SegmentedRaftLog:OPENED:c-1,f-1,i0, conf=-1: [875da3d9-0dec-46c7-88bf-73f7a2372b64:192.168.69.89:39990, df12c920-952d-4704-9c70-1a288e2f77c7:192.168.69.89:43948, 9ceef694-dbcf-4070-b7b1-3b3c65b6a699:192.168.69.89:36536], old=null
2019-10-20 10:28:17,754 [df12c920-952d-4704-9c70-1a288e2f77c7@group-75987F7FE399-LeaderElection59] INFO  impl.RaftServerImpl (RaftServerImpl.java:setRole(184)) - df12c920-952d-4704-9c70-1a288e2f77c7@group-75987F7FE399: changes role from CANDIDATE to FOLLOWER at term 65 for DISCOVERED_A_NEW_TERM
2019-10-20 10:28:17,754 [df12c920-952d-4704-9c70-1a288e2f77c7@group-75987F7FE399-LeaderElection59] INFO  impl.RoleInfo (RoleInfo.java:shutdownLeaderElection(134)) - df12c920-952d-4704-9c70-1a288e2f77c7: shutdown LeaderElection
2019-10-20 10:28:17,755 [df12c920-952d-4704-9c70-1a288e2f77c7@group-75987F7FE399-LeaderElection59] INFO  impl.RoleInfo (RoleInfo.java:updateAndGet(143)) - df12c920-952d-4704-9c70-1a288e2f77c7: start FollowerState
2019-10-20 10:28:17,854 [Thread-623] INFO  impl.FollowerState (FollowerState.java:run(108)) - df12c920-952d-4704-9c70-1a288e2f77c7@group-75987F7FE399-FollowerState: change to CANDIDATE, lastRpcTime:99ms, electionTimeout:99ms
2019-10-20 10:28:17,854 [Thread-623] INFO  impl.RoleInfo (RoleInfo.java:shutdownFollowerState(121)) - df12c920-952d-4704-9c70-1a288e2f77c7: shutdown FollowerState
2019-10-20 10:28:17,854 [Thread-623] INFO  impl.RaftServerImpl (RaftServerImpl.java:setRole(184)) - df12c920-952d-4704-9c70-1a288e2f77c7@group-75987F7FE399: changes role from  FOLLOWER to CANDIDATE at term 65 for changeToCandidate
2019-10-20 10:28:17,855 [Thread-623] INFO  impl.RoleInfo (RoleInfo.java:updateAndGet(143)) - df12c920-952d-4704-9c70-1a288e2f77c7: start LeaderElection
2019-10-20 10:28:17,876 [df12c920-952d-4704-9c70-1a288e2f77c7@group-75987F7FE399-LeaderElection60] INFO  impl.LeaderElection (LeaderElection.java:askForVotes(178)) - df12c920-952d-4704-9c70-1a288e2f77c7@group-75987F7FE399-LeaderElection60: begin an election at term 66 for -1: [875da3d9-0dec-46c7-88bf-73f7a2372b64:192.168.69.89:39990, df12c920-952d-4704-9c70-1a288e2f77c7:192.168.69.89:43948, 9ceef694-dbcf-4070-b7b1-3b3c65b6a699:192.168.69.89:36536], old=null
2019-10-20 10:28:17,880 [grpc-default-executor-3] INFO  impl.RaftServerImpl (RaftServerImpl.java:setRole(184)) - 875da3d9-0dec-46c7-88bf-73f7a2372b64@group-75987F7FE399: changes role from  FOLLOWER to FOLLOWER at term 66 for recognizeCandidate:df12c920-952d-4704-9c70-1a288e2f77c7
2019-10-20 10:28:17,880 [grpc-default-executor-4] INFO  impl.RaftServerImpl (RaftServerImpl.java:setRole(184)) - 9ceef694-dbcf-4070-b7b1-3b3c65b6a699@group-75987F7FE399: changes role from  FOLLOWER to FOLLOWER at term 66 for recognizeCandidate:df12c920-952d-4704-9c70-1a288e2f77c7
2019-10-20 10:28:17,880 [grpc-default-executor-3] INFO  impl.RoleInfo (RoleInfo.java:shutdownFollowerState(121)) - 875da3d9-0dec-46c7-88bf-73f7a2372b64: shutdown FollowerState
2019-10-20 10:28:17,880 [grpc-default-executor-4] INFO  impl.RoleInfo (RoleInfo.java:shutdownFollowerState(121)) - 9ceef694-dbcf-4070-b7b1-3b3c65b6a699: shutdown FollowerState
2019-10-20 10:28:17,880 [Thread-622] INFO  impl.FollowerState (FollowerState.java:run(117)) - 875da3d9-0dec-46c7-88bf-73f7a2372b64@group-75987F7FE399-FollowerState was interrupted: java.lang.InterruptedException: sleep interrupted
2019-10-20 10:28:17,880 [grpc-default-executor-3] INFO  impl.RoleInfo (RoleInfo.java:updateAndGet(143)) - 875da3d9-0dec-46c7-88bf-73f7a2372b64: start FollowerState
2019-10-20 10:28:17,881 [grpc-default-executor-4] INFO  impl.RoleInfo (RoleInfo.java:updateAndGet(143)) - 9ceef694-dbcf-4070-b7b1-3b3c65b6a699: start FollowerState
2019-10-20 10:28:17,881 [Thread-621] INFO  impl.FollowerState (FollowerState.java:run(117)) - 9ceef694-dbcf-4070-b7b1-3b3c65b6a699@group-75987F7FE399-FollowerState was interrupted: java.lang.InterruptedException: sleep interrupted
2019-10-20 10:28:17,896 [df12c920-952d-4704-9c70-1a288e2f77c7@group-75987F7FE399-LeaderElection60] INFO  impl.LeaderElection (LeaderElection.java:logAndReturn(56)) - df12c920-952d-4704-9c70-1a288e2f77c7@group-75987F7FE399-LeaderElection60: Election REJECTED; received 2 response(s) [df12c920-952d-4704-9c70-1a288e2f77c7<-875da3d9-0dec-46c7-88bf-73f7a2372b64#0:FAIL-t66, df12c920-952d-4704-9c70-1a288e2f77c7<-9ceef694-dbcf-4070-b7b1-3b3c65b6a699#0:FAIL-t66] and 0 exception(s); df12c920-952d-4704-9c70-1a288e2f77c7@group-75987F7FE399:t66, leader=null, voted=df12c920-952d-4704-9c70-1a288e2f77c7, raftlog=df12c920-952d-4704-9c70-1a288e2f77c7@group-75987F7FE399-SegmentedRaftLog:OPENED:c-1,f-1,i0, conf=-1: [875da3d9-0dec-46c7-88bf-73f7a2372b64:192.168.69.89:39990, df12c920-952d-4704-9c70-1a288e2f77c7:192.168.69.89:43948, 9ceef694-dbcf-4070-b7b1-3b3c65b6a699:192.168.69.89:36536], old=null
2019-10-20 10:28:17,896 [df12c920-952d-4704-9c70-1a288e2f77c7@group-75987F7FE399-LeaderElection60] INFO  impl.RaftServerImpl (RaftServerImpl.java:setRole(184)) - df12c920-952d-4704-9c70-1a288e2f77c7@group-75987F7FE399: changes role from CANDIDATE to FOLLOWER at term 66 for DISCOVERED_A_NEW_TERM
2019-10-20 10:28:17,896 [df12c920-952d-4704-9c70-1a288e2f77c7@group-75987F7FE399-LeaderElection60] INFO  impl.RoleInfo (RoleInfo.java:shutdownLeaderElection(134)) - df12c920-952d-4704-9c70-1a288e2f77c7: shutdown LeaderElection
2019-10-20 10:28:17,897 [df12c920-952d-4704-9c70-1a288e2f77c7@group-75987F7FE399-LeaderElection60] INFO  impl.RoleInfo (RoleInfo.java:updateAndGet(143)) - df12c920-952d-4704-9c70-1a288e2f77c7: start FollowerState
2019-10-20 10:28:18,007 [Thread-629] INFO  impl.FollowerState (FollowerState.java:run(108)) - df12c920-952d-4704-9c70-1a288e2f77c7@group-75987F7FE399-FollowerState: change to CANDIDATE, lastRpcTime:110ms, electionTimeout:110ms
2019-10-20 10:28:18,008 [Thread-629] INFO  impl.RoleInfo (RoleInfo.java:shutdownFollowerState(121)) - df12c920-952d-4704-9c70-1a288e2f77c7: shutdown FollowerState
2019-10-20 10:28:18,008 [Thread-629] INFO  impl.RaftServerImpl (RaftServerImpl.java:setRole(184)) - df12c920-952d-4704-9c70-1a288e2f77c7@group-75987F7FE399: changes role from  FOLLOWER to CANDIDATE at term 66 for changeToCandidate
2019-10-20 10:28:18,008 [Thread-629] INFO  impl.RoleInfo (RoleInfo.java:updateAndGet(143)) - df12c920-952d-4704-9c70-1a288e2f77c7: start LeaderElection
2019-10-20 10:28:18,023 [df12c920-952d-4704-9c70-1a288e2f77c7@group-75987F7FE399-LeaderElection61] INFO  impl.LeaderElection (LeaderElection.java:askForVotes(178)) - df12c920-952d-4704-9c70-1a288e2f77c7@group-75987F7FE399-LeaderElection61: begin an election at term 67 for -1: [875da3d9-0dec-46c7-88bf-73f7a2372b64:192.168.69.89:39990, df12c920-952d-4704-9c70-1a288e2f77c7:192.168.69.89:43948, 9ceef694-dbcf-4070-b7b1-3b3c65b6a699:192.168.69.89:36536], old=null
2019-10-20 10:28:18,026 [grpc-default-executor-4] INFO  impl.RaftServerImpl (RaftServerImpl.java:setRole(184)) - 875da3d9-0dec-46c7-88bf-73f7a2372b64@group-75987F7FE399: changes role from  FOLLOWER to FOLLOWER at term 67 for recognizeCandidate:df12c920-952d-4704-9c70-1a288e2f77c7
2019-10-20 10:28:18,026 [grpc-default-executor-3] INFO  impl.RaftServerImpl (RaftServerImpl.java:setRole(184)) - 9ceef694-dbcf-4070-b7b1-3b3c65b6a699@group-75987F7FE399: changes role from  FOLLOWER to FOLLOWER at term 67 for recognizeCandidate:df12c920-952d-4704-9c70-1a288e2f77c7
2019-10-20 10:28:18,026 [grpc-default-executor-4] INFO  impl.RoleInfo (RoleInfo.java:shutdownFollowerState(121)) - 875da3d9-0dec-46c7-88bf-73f7a2372b64: shutdown FollowerState
2019-10-20 10:28:18,026 [grpc-default-executor-3] INFO  impl.RoleInfo (RoleInfo.java:shutdownFollowerState(121)) - 9ceef694-dbcf-4070-b7b1-3b3c65b6a699: shutdown FollowerState
2019-10-20 10:28:18,027 [Thread-627] INFO  impl.FollowerState (FollowerState.java:run(117)) - 875da3d9-0dec-46c7-88bf-73f7a2372b64@group-75987F7FE399-FollowerState was interrupted: java.lang.InterruptedException: sleep interrupted
2019-10-20 10:28:18,027 [grpc-default-executor-4] INFO  impl.RoleInfo (RoleInfo.java:updateAndGet(143)) - 875da3d9-0dec-46c7-88bf-73f7a2372b64: start FollowerState
2019-10-20 10:28:18,027 [Thread-628] INFO  impl.FollowerState (FollowerState.java:run(117)) - 9ceef694-dbcf-4070-b7b1-3b3c65b6a699@group-75987F7FE399-FollowerState was interrupted: java.lang.InterruptedException: sleep interrupted
2019-10-20 10:28:18,027 [grpc-default-executor-3] INFO  impl.RoleInfo (RoleInfo.java:updateAndGet(143)) - 9ceef694-dbcf-4070-b7b1-3b3c65b6a699: start FollowerState
2019-10-20 10:28:18,041 [df12c920-952d-4704-9c70-1a288e2f77c7@group-75987F7FE399-LeaderElection61] INFO  impl.LeaderElection (LeaderElection.java:logAndReturn(56)) - df12c920-952d-4704-9c70-1a288e2f77c7@group-75987F7FE399-LeaderElection61: Election REJECTED; received 2 response(s) [df12c920-952d-4704-9c70-1a288e2f77c7<-875da3d9-0dec-46c7-88bf-73f7a2372b64#0:FAIL-t67, df12c920-952d-4704-9c70-1a288e2f77c7<-9ceef694-dbcf-4070-b7b1-3b3c65b6a699#0:FAIL-t67] and 0 exception(s); df12c920-952d-4704-9c70-1a288e2f77c7@group-75987F7FE399:t67, leader=null, voted=df12c920-952d-4704-9c70-1a288e2f77c7, raftlog=df12c920-952d-4704-9c70-1a288e2f77c7@group-75987F7FE399-SegmentedRaftLog:OPENED:c-1,f-1,i0, conf=-1: [875da3d9-0dec-46c7-88bf-73f7a2372b64:192.168.69.89:39990, df12c920-952d-4704-9c70-1a288e2f77c7:192.168.69.89:43948, 9ceef694-dbcf-4070-b7b1-3b3c65b6a699:192.168.69.89:36536], old=null
2019-10-20 10:28:18,042 [df12c920-952d-4704-9c70-1a288e2f77c7@group-75987F7FE399-LeaderElection61] INFO  impl.RaftServerImpl (RaftServerImpl.java:setRole(184)) - df12c920-952d-4704-9c70-1a288e2f77c7@group-75987F7FE399: changes role from CANDIDATE to FOLLOWER at term 67 for DISCOVERED_A_NEW_TERM
2019-10-20 10:28:18,042 [df12c920-952d-4704-9c70-1a288e2f77c7@group-75987F7FE399-LeaderElection61] INFO  impl.RoleInfo (RoleInfo.java:shutdownLeaderElection(134)) - df12c920-952d-4704-9c70-1a288e2f77c7: shutdown LeaderElection
2019-10-20 10:28:18,042 [df12c920-952d-4704-9c70-1a288e2f77c7@group-75987F7FE399-LeaderElection61] INFO  impl.RoleInfo (RoleInfo.java:updateAndGet(143)) - df12c920-952d-4704-9c70-1a288e2f77c7: start FollowerState
2019-10-20 10:28:18,210 [Thread-635] INFO  impl.FollowerState (FollowerState.java:run(108)) - df12c920-952d-4704-9c70-1a288e2f77c7@group-75987F7FE399-FollowerState: change to CANDIDATE, lastRpcTime:167ms, electionTimeout:167ms
2019-10-20 10:28:18,210 [Thread-635] INFO  impl.RoleInfo (RoleInfo.java:shutdownFollowerState(121)) - df12c920-952d-4704-9c70-1a288e2f77c7: shutdown FollowerState
2019-10-20 10:28:18,210 [Thread-635] INFO  impl.RaftServerImpl (RaftServerImpl.java:setRole(184)) - df12c920-952d-4704-9c70-1a288e2f77c7@group-75987F7FE399: changes role from  FOLLOWER to CANDIDATE at term 67 for changeToCandidate
2019-10-20 10:28:18,210 [Thread-635] INFO  impl.RoleInfo (RoleInfo.java:updateAndGet(143)) - df12c920-952d-4704-9c70-1a288e2f77c7: start LeaderElection
2019-10-20 10:28:18,235 [df12c920-952d-4704-9c70-1a288e2f77c7@group-75987F7FE399-LeaderElection62] INFO  impl.LeaderElection (LeaderElection.java:askForVotes(178)) - df12c920-952d-4704-9c70-1a288e2f77c7@group-75987F7FE399-LeaderElection62: begin an election at term 68 for -1: [875da3d9-0dec-46c7-88bf-73f7a2372b64:192.168.69.89:39990, df12c920-952d-4704-9c70-1a288e2f77c7:192.168.69.89:43948, 9ceef694-dbcf-4070-b7b1-3b3c65b6a699:192.168.69.89:36536], old=null
2019-10-20 10:28:18,238 [grpc-default-executor-3] INFO  impl.RaftServerImpl (RaftServerImpl.java:setRole(184)) - 875da3d9-0dec-46c7-88bf-73f7a2372b64@group-75987F7FE399: changes role from  FOLLOWER to FOLLOWER at term 68 for recognizeCandidate:df12c920-952d-4704-9c70-1a288e2f77c7
2019-10-20 10:28:18,238 [grpc-default-executor-4] INFO  impl.RaftServerImpl (RaftServerImpl.java:setRole(184)) - 9ceef694-dbcf-4070-b7b1-3b3c65b6a699@group-75987F7FE399: changes role from  FOLLOWER to FOLLOWER at term 68 for recognizeCandidate:df12c920-952d-4704-9c70-1a288e2f77c7
2019-10-20 10:28:18,238 [grpc-default-executor-3] INFO  impl.RoleInfo (RoleInfo.java:shutdownFollowerState(121)) - 875da3d9-0dec-46c7-88bf-73f7a2372b64: shutdown FollowerState
2019-10-20 10:28:18,238 [grpc-default-executor-4] INFO  impl.RoleInfo (RoleInfo.java:shutdownFollowerState(121)) - 9ceef694-dbcf-4070-b7b1-3b3c65b6a699: shutdown FollowerState
2019-10-20 10:28:18,239 [Thread-633] INFO  impl.FollowerState (FollowerState.java:run(117)) - 875da3d9-0dec-46c7-88bf-73f7a2372b64@group-75987F7FE399-FollowerState was interrupted: java.lang.InterruptedException: sleep interrupted
2019-10-20 10:28:18,239 [grpc-default-executor-3] INFO  impl.RoleInfo (RoleInfo.java:updateAndGet(143)) - 875da3d9-0dec-46c7-88bf-73f7a2372b64: start FollowerState
2019-10-20 10:28:18,239 [Thread-634] INFO  impl.FollowerState (FollowerState.java:run(117)) - 9ceef694-dbcf-4070-b7b1-3b3c65b6a699@group-75987F7FE399-FollowerState was interrupted: java.lang.InterruptedException: sleep interrupted
2019-10-20 10:28:18,239 [grpc-default-executor-4] INFO  impl.RoleInfo (RoleInfo.java:updateAndGet(143)) - 9ceef694-dbcf-4070-b7b1-3b3c65b6a699: start FollowerState
2019-10-20 10:28:18,255 [df12c920-952d-4704-9c70-1a288e2f77c7@group-75987F7FE399-LeaderElection62] INFO  impl.LeaderElection (LeaderElection.java:logAndReturn(56)) - df12c920-952d-4704-9c70-1a288e2f77c7@group-75987F7FE399-LeaderElection62: Election REJECTED; received 2 response(s) [df12c920-952d-4704-9c70-1a288e2f77c7<-875da3d9-0dec-46c7-88bf-73f7a2372b64#0:FAIL-t68, df12c920-952d-4704-9c70-1a288e2f77c7<-9ceef694-dbcf-4070-b7b1-3b3c65b6a699#0:FAIL-t68] and 0 exception(s); df12c920-952d-4704-9c70-1a288e2f77c7@group-75987F7FE399:t68, leader=null, voted=df12c920-952d-4704-9c70-1a288e2f77c7, raftlog=df12c920-952d-4704-9c70-1a288e2f77c7@group-75987F7FE399-SegmentedRaftLog:OPENED:c-1,f-1,i0, conf=-1: [875da3d9-0dec-46c7-88bf-73f7a2372b64:192.168.69.89:39990, df12c920-952d-4704-9c70-1a288e2f77c7:192.168.69.89:43948, 9ceef694-dbcf-4070-b7b1-3b3c65b6a699:192.168.69.89:36536], old=null
2019-10-20 10:28:18,255 [df12c920-952d-4704-9c70-1a288e2f77c7@group-75987F7FE399-LeaderElection62] INFO  impl.RaftServerImpl (RaftServerImpl.java:setRole(184)) - df12c920-952d-4704-9c70-1a288e2f77c7@group-75987F7FE399: changes role from CANDIDATE to FOLLOWER at term 68 for DISCOVERED_A_NEW_TERM
2019-10-20 10:28:18,255 [df12c920-952d-4704-9c70-1a288e2f77c7@group-75987F7FE399-LeaderElection62] INFO  impl.RoleInfo (RoleInfo.java:shutdownLeaderElection(134)) - df12c920-952d-4704-9c70-1a288e2f77c7: shutdown LeaderElection
2019-10-20 10:28:18,255 [df12c920-952d-4704-9c70-1a288e2f77c7@group-75987F7FE399-LeaderElection62] INFO  impl.RoleInfo (RoleInfo.java:updateAndGet(143)) - df12c920-952d-4704-9c70-1a288e2f77c7: start FollowerState
2019-10-20 10:28:18,348 [Thread-641] INFO  impl.FollowerState (FollowerState.java:run(108)) - df12c920-952d-4704-9c70-1a288e2f77c7@group-75987F7FE399-FollowerState: change to CANDIDATE, lastRpcTime:92ms, electionTimeout:92ms
2019-10-20 10:28:18,348 [Thread-641] INFO  impl.RoleInfo (RoleInfo.java:shutdownFollowerState(121)) - df12c920-952d-4704-9c70-1a288e2f77c7: shutdown FollowerState
2019-10-20 10:28:18,348 [Thread-641] INFO  impl.RaftServerImpl (RaftServerImpl.java:setRole(184)) - df12c920-952d-4704-9c70-1a288e2f77c7@group-75987F7FE399: changes role from  FOLLOWER to CANDIDATE at term 68 for changeToCandidate
2019-10-20 10:28:18,348 [Thread-641] INFO  impl.RoleInfo (RoleInfo.java:updateAndGet(143)) - df12c920-952d-4704-9c70-1a288e2f77c7: start LeaderElection
2019-10-20 10:28:18,363 [df12c920-952d-4704-9c70-1a288e2f77c7@group-75987F7FE399-LeaderElection63] INFO  impl.LeaderElection (LeaderElection.java:askForVotes(178)) - df12c920-952d-4704-9c70-1a288e2f77c7@group-75987F7FE399-LeaderElection63: begin an election at term 69 for -1: [875da3d9-0dec-46c7-88bf-73f7a2372b64:192.168.69.89:39990, df12c920-952d-4704-9c70-1a288e2f77c7:192.168.69.89:43948, 9ceef694-dbcf-4070-b7b1-3b3c65b6a699:192.168.69.89:36536], old=null
2019-10-20 10:28:18,366 [grpc-default-executor-3] INFO  impl.RaftServerImpl (RaftServerImpl.java:setRole(184)) - 875da3d9-0dec-46c7-88bf-73f7a2372b64@group-75987F7FE399: changes role from  FOLLOWER to FOLLOWER at term 69 for recognizeCandidate:df12c920-952d-4704-9c70-1a288e2f77c7
2019-10-20 10:28:18,366 [grpc-default-executor-3] INFO  impl.RoleInfo (RoleInfo.java:shutdownFollowerState(121)) - 875da3d9-0dec-46c7-88bf-73f7a2372b64: shutdown FollowerState
2019-10-20 10:28:18,366 [grpc-default-executor-3] INFO  impl.RoleInfo (RoleInfo.java:updateAndGet(143)) - 875da3d9-0dec-46c7-88bf-73f7a2372b64: start FollowerState
2019-10-20 10:28:18,366 [Thread-639] INFO  impl.FollowerState (FollowerState.java:run(117)) - 875da3d9-0dec-46c7-88bf-73f7a2372b64@group-75987F7FE399-FollowerState was interrupted: java.lang.InterruptedException: sleep interrupted
2019-10-20 10:28:18,366 [grpc-default-executor-4] INFO  impl.RaftServerImpl (RaftServerImpl.java:setRole(184)) - 9ceef694-dbcf-4070-b7b1-3b3c65b6a699@group-75987F7FE399: changes role from  FOLLOWER to FOLLOWER at term 69 for recognizeCandidate:df12c920-952d-4704-9c70-1a288e2f77c7
2019-10-20 10:28:18,367 [grpc-default-executor-4] INFO  impl.RoleInfo (RoleInfo.java:shutdownFollowerState(121)) - 9ceef694-dbcf-4070-b7b1-3b3c65b6a699: shutdown FollowerState
2019-10-20 10:28:18,367 [grpc-default-executor-4] INFO  impl.RoleInfo (RoleInfo.java:updateAndGet(143)) - 9ceef694-dbcf-4070-b7b1-3b3c65b6a699: start FollowerState
2019-10-20 10:28:18,367 [Thread-640] INFO  impl.FollowerState (FollowerState.java:run(117)) - 9ceef694-dbcf-4070-b7b1-3b3c65b6a699@group-75987F7FE399-FollowerState was interrupted: java.lang.InterruptedException: sleep interrupted
2019-10-20 10:28:18,389 [df12c920-952d-4704-9c70-1a288e2f77c7@group-75987F7FE399-LeaderElection63] INFO  impl.LeaderElection (LeaderElection.java:logAndReturn(56)) - df12c920-952d-4704-9c70-1a288e2f77c7@group-75987F7FE399-LeaderElection63: Election REJECTED; received 2 response(s) [df12c920-952d-4704-9c70-1a288e2f77c7<-875da3d9-0dec-46c7-88bf-73f7a2372b64#0:FAIL-t69, df12c920-952d-4704-9c70-1a288e2f77c7<-9ceef694-dbcf-4070-b7b1-3b3c65b6a699#0:FAIL-t69] and 0 exception(s); df12c920-952d-4704-9c70-1a288e2f77c7@group-75987F7FE399:t69, leader=null, voted=df12c920-952d-4704-9c70-1a288e2f77c7, raftlog=df12c920-952d-4704-9c70-1a288e2f77c7@group-75987F7FE399-SegmentedRaftLog:OPENED:c-1,f-1,i0, conf=-1: [875da3d9-0dec-46c7-88bf-73f7a2372b64:192.168.69.89:39990, df12c920-952d-4704-9c70-1a288e2f77c7:192.168.69.89:43948, 9ceef694-dbcf-4070-b7b1-3b3c65b6a699:192.168.69.89:36536], old=null
2019-10-20 10:28:18,390 [df12c920-952d-4704-9c70-1a288e2f77c7@group-75987F7FE399-LeaderElection63] INFO  impl.RaftServerImpl (RaftServerImpl.java:setRole(184)) - df12c920-952d-4704-9c70-1a288e2f77c7@group-75987F7FE399: changes role from CANDIDATE to FOLLOWER at term 69 for DISCOVERED_A_NEW_TERM
2019-10-20 10:28:18,390 [df12c920-952d-4704-9c70-1a288e2f77c7@group-75987F7FE399-LeaderElection63] INFO  impl.RoleInfo (RoleInfo.java:shutdownLeaderElection(134)) - df12c920-952d-4704-9c70-1a288e2f77c7: shutdown LeaderElection
2019-10-20 10:28:18,390 [df12c920-952d-4704-9c70-1a288e2f77c7@group-75987F7FE399-LeaderElection63] INFO  impl.RoleInfo (RoleInfo.java:updateAndGet(143)) - df12c920-952d-4704-9c70-1a288e2f77c7: start FollowerState
2019-10-20 10:28:18,566 [Thread-647] INFO  impl.FollowerState (FollowerState.java:run(108)) - df12c920-952d-4704-9c70-1a288e2f77c7@group-75987F7FE399-FollowerState: change to CANDIDATE, lastRpcTime:176ms, electionTimeout:176ms
2019-10-20 10:28:18,567 [Thread-647] INFO  impl.RoleInfo (RoleInfo.java:shutdownFollowerState(121)) - df12c920-952d-4704-9c70-1a288e2f77c7: shutdown FollowerState
2019-10-20 10:28:18,567 [Thread-647] INFO  impl.RaftServerImpl (RaftServerImpl.java:setRole(184)) - df12c920-952d-4704-9c70-1a288e2f77c7@group-75987F7FE399: changes role from  FOLLOWER to CANDIDATE at term 69 for changeToCandidate
2019-10-20 10:28:18,567 [Thread-647] INFO  impl.RoleInfo (RoleInfo.java:updateAndGet(143)) - df12c920-952d-4704-9c70-1a288e2f77c7: start LeaderElection
2019-10-20 10:28:18,593 [df12c920-952d-4704-9c70-1a288e2f77c7@group-75987F7FE399-LeaderElection64] INFO  impl.LeaderElection (LeaderElection.java:askForVotes(178)) - df12c920-952d-4704-9c70-1a288e2f77c7@group-75987F7FE399-LeaderElection64: begin an election at term 70 for -1: [875da3d9-0dec-46c7-88bf-73f7a2372b64:192.168.69.89:39990, df12c920-952d-4704-9c70-1a288e2f77c7:192.168.69.89:43948, 9ceef694-dbcf-4070-b7b1-3b3c65b6a699:192.168.69.89:36536], old=null
2019-10-20 10:28:18,598 [grpc-default-executor-3] INFO  impl.RaftServerImpl (RaftServerImpl.java:setRole(184)) - 875da3d9-0dec-46c7-88bf-73f7a2372b64@group-75987F7FE399: changes role from  FOLLOWER to FOLLOWER at term 70 for recognizeCandidate:df12c920-952d-4704-9c70-1a288e2f77c7
2019-10-20 10:28:18,598 [grpc-default-executor-4] INFO  impl.RaftServerImpl (RaftServerImpl.java:setRole(184)) - 9ceef694-dbcf-4070-b7b1-3b3c65b6a699@group-75987F7FE399: changes role from  FOLLOWER to FOLLOWER at term 70 for recognizeCandidate:df12c920-952d-4704-9c70-1a288e2f77c7
2019-10-20 10:28:18,598 [grpc-default-executor-3] INFO  impl.RoleInfo (RoleInfo.java:shutdownFollowerState(121)) - 875da3d9-0dec-46c7-88bf-73f7a2372b64: shutdown FollowerState
2019-10-20 10:28:18,598 [grpc-default-executor-4] INFO  impl.RoleInfo (RoleInfo.java:shutdownFollowerState(121)) - 9ceef694-dbcf-4070-b7b1-3b3c65b6a699: shutdown FollowerState
2019-10-20 10:28:18,598 [Thread-645] INFO  impl.FollowerState (FollowerState.java:run(117)) - 875da3d9-0dec-46c7-88bf-73f7a2372b64@group-75987F7FE399-FollowerState was interrupted: java.lang.InterruptedException: sleep interrupted
2019-10-20 10:28:18,598 [grpc-default-executor-3] INFO  impl.RoleInfo (RoleInfo.java:updateAndGet(143)) - 875da3d9-0dec-46c7-88bf-73f7a2372b64: start FollowerState
2019-10-20 10:28:18,598 [Thread-646] INFO  impl.FollowerState (FollowerState.java:run(117)) - 9ceef694-dbcf-4070-b7b1-3b3c65b6a699@group-75987F7FE399-FollowerState was interrupted: java.lang.InterruptedException: sleep interrupted
2019-10-20 10:28:18,598 [grpc-default-executor-4] INFO  impl.RoleInfo (RoleInfo.java:updateAndGet(143)) - 9ceef694-dbcf-4070-b7b1-3b3c65b6a699: start FollowerState
2019-10-20 10:28:18,613 [df12c920-952d-4704-9c70-1a288e2f77c7@group-75987F7FE399-LeaderElection64] INFO  impl.LeaderElection (LeaderElection.java:logAndReturn(56)) - df12c920-952d-4704-9c70-1a288e2f77c7@group-75987F7FE399-LeaderElection64: Election REJECTED; received 2 response(s) [df12c920-952d-4704-9c70-1a288e2f77c7<-875da3d9-0dec-46c7-88bf-73f7a2372b64#0:FAIL-t70, df12c920-952d-4704-9c70-1a288e2f77c7<-9ceef694-dbcf-4070-b7b1-3b3c65b6a699#0:FAIL-t70] and 0 exception(s); df12c920-952d-4704-9c70-1a288e2f77c7@group-75987F7FE399:t70, leader=null, voted=df12c920-952d-4704-9c70-1a288e2f77c7, raftlog=df12c920-952d-4704-9c70-1a288e2f77c7@group-75987F7FE399-SegmentedRaftLog:OPENED:c-1,f-1,i0, conf=-1: [875da3d9-0dec-46c7-88bf-73f7a2372b64:192.168.69.89:39990, df12c920-952d-4704-9c70-1a288e2f77c7:192.168.69.89:43948, 9ceef694-dbcf-4070-b7b1-3b3c65b6a699:192.168.69.89:36536], old=null
2019-10-20 10:28:18,613 [df12c920-952d-4704-9c70-1a288e2f77c7@group-75987F7FE399-LeaderElection64] INFO  impl.RaftServerImpl (RaftServerImpl.java:setRole(184)) - df12c920-952d-4704-9c70-1a288e2f77c7@group-75987F7FE399: changes role from CANDIDATE to FOLLOWER at term 70 for DISCOVERED_A_NEW_TERM
2019-10-20 10:28:18,614 [df12c920-952d-4704-9c70-1a288e2f77c7@group-75987F7FE399-LeaderElection64] INFO  impl.RoleInfo (RoleInfo.java:shutdownLeaderElection(134)) - df12c920-952d-4704-9c70-1a288e2f77c7: shutdown LeaderElection
2019-10-20 10:28:18,614 [df12c920-952d-4704-9c70-1a288e2f77c7@group-75987F7FE399-LeaderElection64] INFO  impl.RoleInfo (RoleInfo.java:updateAndGet(143)) - df12c920-952d-4704-9c70-1a288e2f77c7: start FollowerState
2019-10-20 10:28:18,639 [Thread-655] INFO  impl.FollowerState (FollowerState.java:run(108)) - df12c920-952d-4704-9c70-1a288e2f77c7@group-75987F7FE399-FollowerState: change to CANDIDATE, lastRpcTime:25ms, electionTimeout:25ms
2019-10-20 10:28:18,639 [Thread-655] INFO  impl.RoleInfo (RoleInfo.java:shutdownFollowerState(121)) - df12c920-952d-4704-9c70-1a288e2f77c7: shutdown FollowerState
2019-10-20 10:28:18,639 [Thread-655] INFO  impl.RaftServerImpl (RaftServerImpl.java:setRole(184)) - df12c920-952d-4704-9c70-1a288e2f77c7@group-75987F7FE399: changes role from  FOLLOWER to CANDIDATE at term 70 for changeToCandidate
2019-10-20 10:28:18,640 [Thread-655] INFO  impl.RoleInfo (RoleInfo.java:updateAndGet(143)) - df12c920-952d-4704-9c70-1a288e2f77c7: start LeaderElection
2019-10-20 10:28:18,655 [df12c920-952d-4704-9c70-1a288e2f77c7@group-75987F7FE399-LeaderElection65] INFO  impl.LeaderElection (LeaderElection.java:askForVotes(178)) - df12c920-952d-4704-9c70-1a288e2f77c7@group-75987F7FE399-LeaderElection65: begin an election at term 71 for -1: [875da3d9-0dec-46c7-88bf-73f7a2372b64:192.168.69.89:39990, df12c920-952d-4704-9c70-1a288e2f77c7:192.168.69.89:43948, 9ceef694-dbcf-4070-b7b1-3b3c65b6a699:192.168.69.89:36536], old=null
2019-10-20 10:28:18,658 [grpc-default-executor-3] INFO  impl.RaftServerImpl (RaftServerImpl.java:setRole(184)) - 875da3d9-0dec-46c7-88bf-73f7a2372b64@group-75987F7FE399: changes role from  FOLLOWER to FOLLOWER at term 71 for recognizeCandidate:df12c920-952d-4704-9c70-1a288e2f77c7
2019-10-20 10:28:18,658 [grpc-default-executor-4] INFO  impl.RaftServerImpl (RaftServerImpl.java:setRole(184)) - 9ceef694-dbcf-4070-b7b1-3b3c65b6a699@group-75987F7FE399: changes role from  FOLLOWER to FOLLOWER at term 71 for recognizeCandidate:df12c920-952d-4704-9c70-1a288e2f77c7
2019-10-20 10:28:18,658 [grpc-default-executor-3] INFO  impl.RoleInfo (RoleInfo.java:shutdownFollowerState(121)) - 875da3d9-0dec-46c7-88bf-73f7a2372b64: shutdown FollowerState
2019-10-20 10:28:18,658 [grpc-default-executor-4] INFO  impl.RoleInfo (RoleInfo.java:shutdownFollowerState(121)) - 9ceef694-dbcf-4070-b7b1-3b3c65b6a699: shutdown FollowerState
2019-10-20 10:28:18,658 [Thread-652] INFO  impl.FollowerState (FollowerState.java:run(117)) - 875da3d9-0dec-46c7-88bf-73f7a2372b64@group-75987F7FE399-FollowerState was interrupted: java.lang.InterruptedException: sleep interrupted
2019-10-20 10:28:18,658 [grpc-default-executor-3] INFO  impl.RoleInfo (RoleInfo.java:updateAndGet(143)) - 875da3d9-0dec-46c7-88bf-73f7a2372b64: start FollowerState
2019-10-20 10:28:18,659 [Thread-653] INFO  impl.FollowerState (FollowerState.java:run(117)) - 9ceef694-dbcf-4070-b7b1-3b3c65b6a699@group-75987F7FE399-FollowerState was interrupted: java.lang.InterruptedException: sleep interrupted
2019-10-20 10:28:18,658 [grpc-default-executor-4] INFO  impl.RoleInfo (RoleInfo.java:updateAndGet(143)) - 9ceef694-dbcf-4070-b7b1-3b3c65b6a699: start FollowerState
2019-10-20 10:28:18,675 [df12c920-952d-4704-9c70-1a288e2f77c7@group-75987F7FE399-LeaderElection65] INFO  impl.LeaderElection (LeaderElection.java:logAndReturn(56)) - df12c920-952d-4704-9c70-1a288e2f77c7@group-75987F7FE399-LeaderElection65: Election REJECTED; received 2 response(s) [df12c920-952d-4704-9c70-1a288e2f77c7<-875da3d9-0dec-46c7-88bf-73f7a2372b64#0:FAIL-t71, df12c920-952d-4704-9c70-1a288e2f77c7<-9ceef694-dbcf-4070-b7b1-3b3c65b6a699#0:FAIL-t71] and 0 exception(s); df12c920-952d-4704-9c70-1a288e2f77c7@group-75987F7FE399:t71, leader=null, voted=df12c920-952d-4704-9c70-1a288e2f77c7, raftlog=df12c920-952d-4704-9c70-1a288e2f77c7@group-75987F7FE399-SegmentedRaftLog:OPENED:c-1,f-1,i0, conf=-1: [875da3d9-0dec-46c7-88bf-73f7a2372b64:192.168.69.89:39990, df12c920-952d-4704-9c70-1a288e2f77c7:192.168.69.89:43948, 9ceef694-dbcf-4070-b7b1-3b3c65b6a699:192.168.69.89:36536], old=null
2019-10-20 10:28:18,675 [df12c920-952d-4704-9c70-1a288e2f77c7@group-75987F7FE399-LeaderElection65] INFO  impl.RaftServerImpl (RaftServerImpl.java:setRole(184)) - df12c920-952d-4704-9c70-1a288e2f77c7@group-75987F7FE399: changes role from CANDIDATE to FOLLOWER at term 71 for DISCOVERED_A_NEW_TERM
2019-10-20 10:28:18,675 [df12c920-952d-4704-9c70-1a288e2f77c7@group-75987F7FE399-LeaderElection65] INFO  impl.RoleInfo (RoleInfo.java:shutdownLeaderElection(134)) - df12c920-952d-4704-9c70-1a288e2f77c7: shutdown LeaderElection
2019-10-20 10:28:18,675 [df12c920-952d-4704-9c70-1a288e2f77c7@group-75987F7FE399-LeaderElection65] INFO  impl.RoleInfo (RoleInfo.java:updateAndGet(143)) - df12c920-952d-4704-9c70-1a288e2f77c7: start FollowerState
2019-10-20 10:28:18,828 [Thread-661] INFO  impl.FollowerState (FollowerState.java:run(108)) - df12c920-952d-4704-9c70-1a288e2f77c7@group-75987F7FE399-FollowerState: change to CANDIDATE, lastRpcTime:153ms, electionTimeout:153ms
2019-10-20 10:28:18,829 [Thread-661] INFO  impl.RoleInfo (RoleInfo.java:shutdownFollowerState(121)) - df12c920-952d-4704-9c70-1a288e2f77c7: shutdown FollowerState
2019-10-20 10:28:18,829 [Thread-661] INFO  impl.RaftServerImpl (RaftServerImpl.java:setRole(184)) - df12c920-952d-4704-9c70-1a288e2f77c7@group-75987F7FE399: changes role from  FOLLOWER to CANDIDATE at term 71 for changeToCandidate
2019-10-20 10:28:18,829 [Thread-661] INFO  impl.RoleInfo (RoleInfo.java:updateAndGet(143)) - df12c920-952d-4704-9c70-1a288e2f77c7: start LeaderElection
2019-10-20 10:28:18,842 [df12c920-952d-4704-9c70-1a288e2f77c7@group-75987F7FE399-LeaderElection66] INFO  impl.LeaderElection (LeaderElection.java:askForVotes(178)) - df12c920-952d-4704-9c70-1a288e2f77c7@group-75987F7FE399-LeaderElection66: begin an election at term 72 for -1: [875da3d9-0dec-46c7-88bf-73f7a2372b64:192.168.69.89:39990, df12c920-952d-4704-9c70-1a288e2f77c7:192.168.69.89:43948, 9ceef694-dbcf-4070-b7b1-3b3c65b6a699:192.168.69.89:36536], old=null
2019-10-20 10:28:18,846 [grpc-default-executor-3] INFO  impl.RaftServerImpl (RaftServerImpl.java:setRole(184)) - 875da3d9-0dec-46c7-88bf-73f7a2372b64@group-75987F7FE399: changes role from  FOLLOWER to FOLLOWER at term 72 for recognizeCandidate:df12c920-952d-4704-9c70-1a288e2f77c7
2019-10-20 10:28:18,846 [grpc-default-executor-3] INFO  impl.RoleInfo (RoleInfo.java:shutdownFollowerState(121)) - 875da3d9-0dec-46c7-88bf-73f7a2372b64: shutdown FollowerState
2019-10-20 10:28:18,846 [grpc-default-executor-4] INFO  impl.RaftServerImpl (RaftServerImpl.java:setRole(184)) - 9ceef694-dbcf-4070-b7b1-3b3c65b6a699@group-75987F7FE399: changes role from  FOLLOWER to FOLLOWER at term 72 for recognizeCandidate:df12c920-952d-4704-9c70-1a288e2f77c7
2019-10-20 10:28:18,846 [Thread-659] INFO  impl.FollowerState (FollowerState.java:run(117)) - 875da3d9-0dec-46c7-88bf-73f7a2372b64@group-75987F7FE399-FollowerState was interrupted: java.lang.InterruptedException: sleep interrupted
2019-10-20 10:28:18,846 [grpc-default-executor-3] INFO  impl.RoleInfo (RoleInfo.java:updateAndGet(143)) - 875da3d9-0dec-46c7-88bf-73f7a2372b64: start FollowerState
2019-10-20 10:28:18,846 [grpc-default-executor-4] INFO  impl.RoleInfo (RoleInfo.java:shutdownFollowerState(121)) - 9ceef694-dbcf-4070-b7b1-3b3c65b6a699: shutdown FollowerState
2019-10-20 10:28:18,846 [grpc-default-executor-4] INFO  impl.RoleInfo (RoleInfo.java:updateAndGet(143)) - 9ceef694-dbcf-4070-b7b1-3b3c65b6a699: start FollowerState
2019-10-20 10:28:18,846 [Thread-660] INFO  impl.FollowerState (FollowerState.java:run(117)) - 9ceef694-dbcf-4070-b7b1-3b3c65b6a699@group-75987F7FE399-FollowerState was interrupted: java.lang.InterruptedException: sleep interrupted
2019-10-20 10:28:18,863 [df12c920-952d-4704-9c70-1a288e2f77c7@group-75987F7FE399-LeaderElection66] INFO  impl.LeaderElection (LeaderElection.java:logAndReturn(56)) - df12c920-952d-4704-9c70-1a288e2f77c7@group-75987F7FE399-LeaderElection66: Election REJECTED; received 2 response(s) [df12c920-952d-4704-9c70-1a288e2f77c7<-875da3d9-0dec-46c7-88bf-73f7a2372b64#0:FAIL-t72, df12c920-952d-4704-9c70-1a288e2f77c7<-9ceef694-dbcf-4070-b7b1-3b3c65b6a699#0:FAIL-t72] and 0 exception(s); df12c920-952d-4704-9c70-1a288e2f77c7@group-75987F7FE399:t72, leader=null, voted=df12c920-952d-4704-9c70-1a288e2f77c7, raftlog=df12c920-952d-4704-9c70-1a288e2f77c7@group-75987F7FE399-SegmentedRaftLog:OPENED:c-1,f-1,i0, conf=-1: [875da3d9-0dec-46c7-88bf-73f7a2372b64:192.168.69.89:39990, df12c920-952d-4704-9c70-1a288e2f77c7:192.168.69.89:43948, 9ceef694-dbcf-4070-b7b1-3b3c65b6a699:192.168.69.89:36536], old=null
2019-10-20 10:28:18,863 [df12c920-952d-4704-9c70-1a288e2f77c7@group-75987F7FE399-LeaderElection66] INFO  impl.RaftServerImpl (RaftServerImpl.java:setRole(184)) - df12c920-952d-4704-9c70-1a288e2f77c7@group-75987F7FE399: changes role from CANDIDATE to FOLLOWER at term 72 for DISCOVERED_A_NEW_TERM
2019-10-20 10:28:18,863 [df12c920-952d-4704-9c70-1a288e2f77c7@group-75987F7FE399-LeaderElection66] INFO  impl.RoleInfo (RoleInfo.java:shutdownLeaderElection(134)) - df12c920-952d-4704-9c70-1a288e2f77c7: shutdown LeaderElection
2019-10-20 10:28:18,863 [df12c920-952d-4704-9c70-1a288e2f77c7@group-75987F7FE399-LeaderElection66] INFO  impl.RoleInfo (RoleInfo.java:updateAndGet(143)) - df12c920-952d-4704-9c70-1a288e2f77c7: start FollowerState
2019-10-20 10:28:19,020 [Thread-667] INFO  impl.FollowerState (FollowerState.java:run(108)) - df12c920-952d-4704-9c70-1a288e2f77c7@group-75987F7FE399-FollowerState: change to CANDIDATE, lastRpcTime:156ms, electionTimeout:156ms
2019-10-20 10:28:19,020 [Thread-667] INFO  impl.RoleInfo (RoleInfo.java:shutdownFollowerState(121)) - df12c920-952d-4704-9c70-1a288e2f77c7: shutdown FollowerState
2019-10-20 10:28:19,020 [Thread-667] INFO  impl.RaftServerImpl (RaftServerImpl.java:setRole(184)) - df12c920-952d-4704-9c70-1a288e2f77c7@group-75987F7FE399: changes role from  FOLLOWER to CANDIDATE at term 72 for changeToCandidate
2019-10-20 10:28:19,020 [Thread-667] INFO  impl.RoleInfo (RoleInfo.java:updateAndGet(143)) - df12c920-952d-4704-9c70-1a288e2f77c7: start LeaderElection
2019-10-20 10:28:19,047 [df12c920-952d-4704-9c70-1a288e2f77c7@group-75987F7FE399-LeaderElection67] INFO  impl.LeaderElection (LeaderElection.java:askForVotes(178)) - df12c920-952d-4704-9c70-1a288e2f77c7@group-75987F7FE399-LeaderElection67: begin an election at term 73 for -1: [875da3d9-0dec-46c7-88bf-73f7a2372b64:192.168.69.89:39990, df12c920-952d-4704-9c70-1a288e2f77c7:192.168.69.89:43948, 9ceef694-dbcf-4070-b7b1-3b3c65b6a699:192.168.69.89:36536], old=null
2019-10-20 10:28:19,050 [grpc-default-executor-4] INFO  impl.RaftServerImpl (RaftServerImpl.java:setRole(184)) - 9ceef694-dbcf-4070-b7b1-3b3c65b6a699@group-75987F7FE399: changes role from  FOLLOWER to FOLLOWER at term 73 for recognizeCandidate:df12c920-952d-4704-9c70-1a288e2f77c7
2019-10-20 10:28:19,050 [grpc-default-executor-3] INFO  impl.RaftServerImpl (RaftServerImpl.java:setRole(184)) - 875da3d9-0dec-46c7-88bf-73f7a2372b64@group-75987F7FE399: changes role from  FOLLOWER to FOLLOWER at term 73 for recognizeCandidate:df12c920-952d-4704-9c70-1a288e2f77c7
2019-10-20 10:28:19,050 [grpc-default-executor-4] INFO  impl.RoleInfo (RoleInfo.java:shutdownFollowerState(121)) - 9ceef694-dbcf-4070-b7b1-3b3c65b6a699: shutdown FollowerState
2019-10-20 10:28:19,050 [grpc-default-executor-3] INFO  impl.RoleInfo (RoleInfo.java:shutdownFollowerState(121)) - 875da3d9-0dec-46c7-88bf-73f7a2372b64: shutdown FollowerState
2019-10-20 10:28:19,051 [Thread-666] INFO  impl.FollowerState (FollowerState.java:run(117)) - 9ceef694-dbcf-4070-b7b1-3b3c65b6a699@group-75987F7FE399-FollowerState was interrupted: java.lang.InterruptedException: sleep interrupted
2019-10-20 10:28:19,051 [Thread-665] INFO  impl.FollowerState (FollowerState.java:run(117)) - 875da3d9-0dec-46c7-88bf-73f7a2372b64@group-75987F7FE399-FollowerState was interrupted: java.lang.InterruptedException: sleep interrupted
2019-10-20 10:28:19,051 [grpc-default-executor-4] INFO  impl.RoleInfo (RoleInfo.java:updateAndGet(143)) - 9ceef694-dbcf-4070-b7b1-3b3c65b6a699: start FollowerState
2019-10-20 10:28:19,051 [grpc-default-executor-3] INFO  impl.RoleInfo (RoleInfo.java:updateAndGet(143)) - 875da3d9-0dec-46c7-88bf-73f7a2372b64: start FollowerState
2019-10-20 10:28:19,066 [df12c920-952d-4704-9c70-1a288e2f77c7@group-75987F7FE399-LeaderElection67] INFO  impl.LeaderElection (LeaderElection.java:logAndReturn(56)) - df12c920-952d-4704-9c70-1a288e2f77c7@group-75987F7FE399-LeaderElection67: Election REJECTED; received 2 response(s) [df12c920-952d-4704-9c70-1a288e2f77c7<-875da3d9-0dec-46c7-88bf-73f7a2372b64#0:FAIL-t73, df12c920-952d-4704-9c70-1a288e2f77c7<-9ceef694-dbcf-4070-b7b1-3b3c65b6a699#0:FAIL-t73] and 0 exception(s); df12c920-952d-4704-9c70-1a288e2f77c7@group-75987F7FE399:t73, leader=null, voted=df12c920-952d-4704-9c70-1a288e2f77c7, raftlog=df12c920-952d-4704-9c70-1a288e2f77c7@group-75987F7FE399-SegmentedRaftLog:OPENED:c-1,f-1,i0, conf=-1: [875da3d9-0dec-46c7-88bf-73f7a2372b64:192.168.69.89:39990, df12c920-952d-4704-9c70-1a288e2f77c7:192.168.69.89:43948, 9ceef694-dbcf-4070-b7b1-3b3c65b6a699:192.168.69.89:36536], old=null
2019-10-20 10:28:19,067 [df12c920-952d-4704-9c70-1a288e2f77c7@group-75987F7FE399-LeaderElection67] INFO  impl.RaftServerImpl (RaftServerImpl.java:setRole(184)) - df12c920-952d-4704-9c70-1a288e2f77c7@group-75987F7FE399: changes role from CANDIDATE to FOLLOWER at term 73 for DISCOVERED_A_NEW_TERM
2019-10-20 10:28:19,067 [df12c920-952d-4704-9c70-1a288e2f77c7@group-75987F7FE399-LeaderElection67] INFO  impl.RoleInfo (RoleInfo.java:shutdownLeaderElection(134)) - df12c920-952d-4704-9c70-1a288e2f77c7: shutdown LeaderElection
2019-10-20 10:28:19,067 [df12c920-952d-4704-9c70-1a288e2f77c7@group-75987F7FE399-LeaderElection67] INFO  impl.RoleInfo (RoleInfo.java:updateAndGet(143)) - df12c920-952d-4704-9c70-1a288e2f77c7: start FollowerState
2019-10-20 10:28:19,244 [Thread-673] INFO  impl.FollowerState (FollowerState.java:run(108)) - df12c920-952d-4704-9c70-1a288e2f77c7@group-75987F7FE399-FollowerState: change to CANDIDATE, lastRpcTime:177ms, electionTimeout:177ms
2019-10-20 10:28:19,245 [Thread-673] INFO  impl.RoleInfo (RoleInfo.java:shutdownFollowerState(121)) - df12c920-952d-4704-9c70-1a288e2f77c7: shutdown FollowerState
2019-10-20 10:28:19,245 [Thread-673] INFO  impl.RaftServerImpl (RaftServerImpl.java:setRole(184)) - df12c920-952d-4704-9c70-1a288e2f77c7@group-75987F7FE399: changes role from  FOLLOWER to CANDIDATE at term 73 for changeToCandidate
2019-10-20 10:28:19,245 [Thread-673] INFO  impl.RoleInfo (RoleInfo.java:updateAndGet(143)) - df12c920-952d-4704-9c70-1a288e2f77c7: start LeaderElection
2019-10-20 10:28:19,271 [df12c920-952d-4704-9c70-1a288e2f77c7@group-75987F7FE399-LeaderElection68] INFO  impl.LeaderElection (LeaderElection.java:askForVotes(178)) - df12c920-952d-4704-9c70-1a288e2f77c7@group-75987F7FE399-LeaderElection68: begin an election at term 74 for -1: [875da3d9-0dec-46c7-88bf-73f7a2372b64:192.168.69.89:39990, df12c920-952d-4704-9c70-1a288e2f77c7:192.168.69.89:43948, 9ceef694-dbcf-4070-b7b1-3b3c65b6a699:192.168.69.89:36536], old=null
2019-10-20 10:28:19,274 [grpc-default-executor-3] INFO  impl.RaftServerImpl (RaftServerImpl.java:setRole(184)) - 875da3d9-0dec-46c7-88bf-73f7a2372b64@group-75987F7FE399: changes role from  FOLLOWER to FOLLOWER at term 74 for recognizeCandidate:df12c920-952d-4704-9c70-1a288e2f77c7
2019-10-20 10:28:19,274 [grpc-default-executor-4] INFO  impl.RaftServerImpl (RaftServerImpl.java:setRole(184)) - 9ceef694-dbcf-4070-b7b1-3b3c65b6a699@group-75987F7FE399: changes role from  FOLLOWER to FOLLOWER at term 74 for recognizeCandidate:df12c920-952d-4704-9c70-1a288e2f77c7
2019-10-20 10:28:19,274 [grpc-default-executor-3] INFO  impl.RoleInfo (RoleInfo.java:shutdownFollowerState(121)) - 875da3d9-0dec-46c7-88bf-73f7a2372b64: shutdown FollowerState
2019-10-20 10:28:19,275 [grpc-default-executor-4] INFO  impl.RoleInfo (RoleInfo.java:shutdownFollowerState(121)) - 9ceef694-dbcf-4070-b7b1-3b3c65b6a699: shutdown FollowerState
2019-10-20 10:28:19,275 [Thread-672] INFO  impl.FollowerState (FollowerState.java:run(117)) - 875da3d9-0dec-46c7-88bf-73f7a2372b64@group-75987F7FE399-FollowerState was interrupted: java.lang.InterruptedException: sleep interrupted
2019-10-20 10:28:19,275 [grpc-default-executor-3] INFO  impl.RoleInfo (RoleInfo.java:updateAndGet(143)) - 875da3d9-0dec-46c7-88bf-73f7a2372b64: start FollowerState
2019-10-20 10:28:19,275 [Thread-671] INFO  impl.FollowerState (FollowerState.java:run(117)) - 9ceef694-dbcf-4070-b7b1-3b3c65b6a699@group-75987F7FE399-FollowerState was interrupted: java.lang.InterruptedException: sleep interrupted
2019-10-20 10:28:19,275 [grpc-default-executor-4] INFO  impl.RoleInfo (RoleInfo.java:updateAndGet(143)) - 9ceef694-dbcf-4070-b7b1-3b3c65b6a699: start FollowerState
2019-10-20 10:28:19,291 [df12c920-952d-4704-9c70-1a288e2f77c7@group-75987F7FE399-LeaderElection68] INFO  impl.LeaderElection (LeaderElection.java:logAndReturn(56)) - df12c920-952d-4704-9c70-1a288e2f77c7@group-75987F7FE399-LeaderElection68: Election REJECTED; received 2 response(s) [df12c920-952d-4704-9c70-1a288e2f77c7<-875da3d9-0dec-46c7-88bf-73f7a2372b64#0:FAIL-t74, df12c920-952d-4704-9c70-1a288e2f77c7<-9ceef694-dbcf-4070-b7b1-3b3c65b6a699#0:FAIL-t74] and 0 exception(s); df12c920-952d-4704-9c70-1a288e2f77c7@group-75987F7FE399:t74, leader=null, voted=df12c920-952d-4704-9c70-1a288e2f77c7, raftlog=df12c920-952d-4704-9c70-1a288e2f77c7@group-75987F7FE399-SegmentedRaftLog:OPENED:c-1,f-1,i0, conf=-1: [875da3d9-0dec-46c7-88bf-73f7a2372b64:192.168.69.89:39990, df12c920-952d-4704-9c70-1a288e2f77c7:192.168.69.89:43948, 9ceef694-dbcf-4070-b7b1-3b3c65b6a699:192.168.69.89:36536], old=null
2019-10-20 10:28:19,291 [df12c920-952d-4704-9c70-1a288e2f77c7@group-75987F7FE399-LeaderElection68] INFO  impl.RaftServerImpl (RaftServerImpl.java:setRole(184)) - df12c920-952d-4704-9c70-1a288e2f77c7@group-75987F7FE399: changes role from CANDIDATE to FOLLOWER at term 74 for DISCOVERED_A_NEW_TERM
2019-10-20 10:28:19,291 [df12c920-952d-4704-9c70-1a288e2f77c7@group-75987F7FE399-LeaderElection68] INFO  impl.RoleInfo (RoleInfo.java:shutdownLeaderElection(134)) - df12c920-952d-4704-9c70-1a288e2f77c7: shutdown LeaderElection
2019-10-20 10:28:19,291 [df12c920-952d-4704-9c70-1a288e2f77c7@group-75987F7FE399-LeaderElection68] INFO  impl.RoleInfo (RoleInfo.java:updateAndGet(143)) - df12c920-952d-4704-9c70-1a288e2f77c7: start FollowerState
2019-10-20 10:28:19,422 [Thread-679] INFO  impl.FollowerState (FollowerState.java:run(108)) - df12c920-952d-4704-9c70-1a288e2f77c7@group-75987F7FE399-FollowerState: change to CANDIDATE, lastRpcTime:130ms, electionTimeout:130ms
2019-10-20 10:28:19,422 [Thread-679] INFO  impl.RoleInfo (RoleInfo.java:shutdownFollowerState(121)) - df12c920-952d-4704-9c70-1a288e2f77c7: shutdown FollowerState
2019-10-20 10:28:19,423 [Thread-679] INFO  impl.RaftServerImpl (RaftServerImpl.java:setRole(184)) - df12c920-952d-4704-9c70-1a288e2f77c7@group-75987F7FE399: changes role from  FOLLOWER to CANDIDATE at term 74 for changeToCandidate
2019-10-20 10:28:19,423 [Thread-679] INFO  impl.RoleInfo (RoleInfo.java:updateAndGet(143)) - df12c920-952d-4704-9c70-1a288e2f77c7: start LeaderElection
2019-10-20 10:28:19,449 [df12c920-952d-4704-9c70-1a288e2f77c7@group-75987F7FE399-LeaderElection69] INFO  impl.LeaderElection (LeaderElection.java:askForVotes(178)) - df12c920-952d-4704-9c70-1a288e2f77c7@group-75987F7FE399-LeaderElection69: begin an election at term 75 for -1: [875da3d9-0dec-46c7-88bf-73f7a2372b64:192.168.69.89:39990, df12c920-952d-4704-9c70-1a288e2f77c7:192.168.69.89:43948, 9ceef694-dbcf-4070-b7b1-3b3c65b6a699:192.168.69.89:36536], old=null
2019-10-20 10:28:19,453 [grpc-default-executor-3] INFO  impl.RaftServerImpl (RaftServerImpl.java:setRole(184)) - 9ceef694-dbcf-4070-b7b1-3b3c65b6a699@group-75987F7FE399: changes role from  FOLLOWER to FOLLOWER at term 75 for recognizeCandidate:df12c920-952d-4704-9c70-1a288e2f77c7
2019-10-20 10:28:19,453 [grpc-default-executor-3] INFO  impl.RoleInfo (RoleInfo.java:shutdownFollowerState(121)) - 9ceef694-dbcf-4070-b7b1-3b3c65b6a699: shutdown FollowerState
2019-10-20 10:28:19,453 [grpc-default-executor-4] INFO  impl.RaftServerImpl (RaftServerImpl.java:setRole(184)) - 875da3d9-0dec-46c7-88bf-73f7a2372b64@group-75987F7FE399: changes role from  FOLLOWER to FOLLOWER at term 75 for recognizeCandidate:df12c920-952d-4704-9c70-1a288e2f77c7
2019-10-20 10:28:19,453 [Thread-678] INFO  impl.FollowerState (FollowerState.java:run(117)) - 9ceef694-dbcf-4070-b7b1-3b3c65b6a699@group-75987F7FE399-FollowerState was interrupted: java.lang.InterruptedException: sleep interrupted
2019-10-20 10:28:19,453 [grpc-default-executor-3] INFO  impl.RoleInfo (RoleInfo.java:updateAndGet(143)) - 9ceef694-dbcf-4070-b7b1-3b3c65b6a699: start FollowerState
2019-10-20 10:28:19,454 [grpc-default-executor-4] INFO  impl.RoleInfo (RoleInfo.java:shutdownFollowerState(121)) - 875da3d9-0dec-46c7-88bf-73f7a2372b64: shutdown FollowerState
2019-10-20 10:28:19,454 [grpc-default-executor-4] INFO  impl.RoleInfo (RoleInfo.java:updateAndGet(143)) - 875da3d9-0dec-46c7-88bf-73f7a2372b64: start FollowerState
2019-10-20 10:28:19,454 [Thread-677] INFO  impl.FollowerState (FollowerState.java:run(117)) - 875da3d9-0dec-46c7-88bf-73f7a2372b64@group-75987F7FE399-FollowerState was interrupted: java.lang.InterruptedException: sleep interrupted
2019-10-20 10:28:19,481 [df12c920-952d-4704-9c70-1a288e2f77c7@group-75987F7FE399-LeaderElection69] INFO  impl.LeaderElection (LeaderElection.java:logAndReturn(56)) - df12c920-952d-4704-9c70-1a288e2f77c7@group-75987F7FE399-LeaderElection69: Election REJECTED; received 2 response(s) [df12c920-952d-4704-9c70-1a288e2f77c7<-875da3d9-0dec-46c7-88bf-73f7a2372b64#0:FAIL-t75, df12c920-952d-4704-9c70-1a288e2f77c7<-9ceef694-dbcf-4070-b7b1-3b3c65b6a699#0:FAIL-t75] and 0 exception(s); df12c920-952d-4704-9c70-1a288e2f77c7@group-75987F7FE399:t75, leader=null, voted=df12c920-952d-4704-9c70-1a288e2f77c7, raftlog=df12c920-952d-4704-9c70-1a288e2f77c7@group-75987F7FE399-SegmentedRaftLog:OPENED:c-1,f-1,i0, conf=-1: [875da3d9-0dec-46c7-88bf-73f7a2372b64:192.168.69.89:39990, df12c920-952d-4704-9c70-1a288e2f77c7:192.168.69.89:43948, 9ceef694-dbcf-4070-b7b1-3b3c65b6a699:192.168.69.89:36536], old=null
2019-10-20 10:28:19,481 [df12c920-952d-4704-9c70-1a288e2f77c7@group-75987F7FE399-LeaderElection69] INFO  impl.RaftServerImpl (RaftServerImpl.java:setRole(184)) - df12c920-952d-4704-9c70-1a288e2f77c7@group-75987F7FE399: changes role from CANDIDATE to FOLLOWER at term 75 for DISCOVERED_A_NEW_TERM
2019-10-20 10:28:19,482 [df12c920-952d-4704-9c70-1a288e2f77c7@group-75987F7FE399-LeaderElection69] INFO  impl.RoleInfo (RoleInfo.java:shutdownLeaderElection(134)) - df12c920-952d-4704-9c70-1a288e2f77c7: shutdown LeaderElection
2019-10-20 10:28:19,482 [df12c920-952d-4704-9c70-1a288e2f77c7@group-75987F7FE399-LeaderElection69] INFO  impl.RoleInfo (RoleInfo.java:updateAndGet(143)) - df12c920-952d-4704-9c70-1a288e2f77c7: start FollowerState
2019-10-20 10:28:19,534 [Thread-685] INFO  impl.FollowerState (FollowerState.java:run(108)) - df12c920-952d-4704-9c70-1a288e2f77c7@group-75987F7FE399-FollowerState: change to CANDIDATE, lastRpcTime:52ms, electionTimeout:52ms
2019-10-20 10:28:19,534 [Thread-685] INFO  impl.RoleInfo (RoleInfo.java:shutdownFollowerState(121)) - df12c920-952d-4704-9c70-1a288e2f77c7: shutdown FollowerState
2019-10-20 10:28:19,535 [Thread-685] INFO  impl.RaftServerImpl (RaftServerImpl.java:setRole(184)) - df12c920-952d-4704-9c70-1a288e2f77c7@group-75987F7FE399: changes role from  FOLLOWER to CANDIDATE at term 75 for changeToCandidate
2019-10-20 10:28:19,535 [Thread-685] INFO  impl.RoleInfo (RoleInfo.java:updateAndGet(143)) - df12c920-952d-4704-9c70-1a288e2f77c7: start LeaderElection
2019-10-20 10:28:19,560 [df12c920-952d-4704-9c70-1a288e2f77c7@group-75987F7FE399-LeaderElection70] INFO  impl.LeaderElection (LeaderElection.java:askForVotes(178)) - df12c920-952d-4704-9c70-1a288e2f77c7@group-75987F7FE399-LeaderElection70: begin an election at term 76 for -1: [875da3d9-0dec-46c7-88bf-73f7a2372b64:192.168.69.89:39990, df12c920-952d-4704-9c70-1a288e2f77c7:192.168.69.89:43948, 9ceef694-dbcf-4070-b7b1-3b3c65b6a699:192.168.69.89:36536], old=null
2019-10-20 10:28:19,563 [grpc-default-executor-3] INFO  impl.RaftServerImpl (RaftServerImpl.java:setRole(184)) - 875da3d9-0dec-46c7-88bf-73f7a2372b64@group-75987F7FE399: changes role from  FOLLOWER to FOLLOWER at term 76 for recognizeCandidate:df12c920-952d-4704-9c70-1a288e2f77c7
2019-10-20 10:28:19,563 [grpc-default-executor-4] INFO  impl.RaftServerImpl (RaftServerImpl.java:setRole(184)) - 9ceef694-dbcf-4070-b7b1-3b3c65b6a699@group-75987F7FE399: changes role from  FOLLOWER to FOLLOWER at term 76 for recognizeCandidate:df12c920-952d-4704-9c70-1a288e2f77c7
2019-10-20 10:28:19,563 [grpc-default-executor-3] INFO  impl.RoleInfo (RoleInfo.java:shutdownFollowerState(121)) - 875da3d9-0dec-46c7-88bf-73f7a2372b64: shutdown FollowerState
2019-10-20 10:28:19,564 [grpc-default-executor-4] INFO  impl.RoleInfo (RoleInfo.java:shutdownFollowerState(121)) - 9ceef694-dbcf-4070-b7b1-3b3c65b6a699: shutdown FollowerState
2019-10-20 10:28:19,564 [Thread-684] INFO  impl.FollowerState (FollowerState.java:run(117)) - 875da3d9-0dec-46c7-88bf-73f7a2372b64@group-75987F7FE399-FollowerState was interrupted: java.lang.InterruptedException: sleep interrupted
2019-10-20 10:28:19,564 [Thread-683] INFO  impl.FollowerState (FollowerState.java:run(117)) - 9ceef694-dbcf-4070-b7b1-3b3c65b6a699@group-75987F7FE399-FollowerState was interrupted: java.lang.InterruptedException: sleep interrupted
2019-10-20 10:28:19,564 [grpc-default-executor-3] INFO  impl.RoleInfo (RoleInfo.java:updateAndGet(143)) - 875da3d9-0dec-46c7-88bf-73f7a2372b64: start FollowerState
2019-10-20 10:28:19,564 [grpc-default-executor-4] INFO  impl.RoleInfo (RoleInfo.java:updateAndGet(143)) - 9ceef694-dbcf-4070-b7b1-3b3c65b6a699: start FollowerState
2019-10-20 10:28:19,591 [df12c920-952d-4704-9c70-1a288e2f77c7@group-75987F7FE399-LeaderElection70] INFO  impl.LeaderElection (LeaderElection.java:logAndReturn(56)) - df12c920-952d-4704-9c70-1a288e2f77c7@group-75987F7FE399-LeaderElection70: Election REJECTED; received 2 response(s) [df12c920-952d-4704-9c70-1a288e2f77c7<-875da3d9-0dec-46c7-88bf-73f7a2372b64#0:FAIL-t76, df12c920-952d-4704-9c70-1a288e2f77c7<-9ceef694-dbcf-4070-b7b1-3b3c65b6a699#0:FAIL-t76] and 0 exception(s); df12c920-952d-4704-9c70-1a288e2f77c7@group-75987F7FE399:t76, leader=null, voted=df12c920-952d-4704-9c70-1a288e2f77c7, raftlog=df12c920-952d-4704-9c70-1a288e2f77c7@group-75987F7FE399-SegmentedRaftLog:OPENED:c-1,f-1,i0, conf=-1: [875da3d9-0dec-46c7-88bf-73f7a2372b64:192.168.69.89:39990, df12c920-952d-4704-9c70-1a288e2f77c7:192.168.69.89:43948, 9ceef694-dbcf-4070-b7b1-3b3c65b6a699:192.168.69.89:36536], old=null
2019-10-20 10:28:19,592 [df12c920-952d-4704-9c70-1a288e2f77c7@group-75987F7FE399-LeaderElection70] INFO  impl.RaftServerImpl (RaftServerImpl.java:setRole(184)) - df12c920-952d-4704-9c70-1a288e2f77c7@group-75987F7FE399: changes role from CANDIDATE to FOLLOWER at term 76 for DISCOVERED_A_NEW_TERM
2019-10-20 10:28:19,592 [df12c920-952d-4704-9c70-1a288e2f77c7@group-75987F7FE399-LeaderElection70] INFO  impl.RoleInfo (RoleInfo.java:shutdownLeaderElection(134)) - df12c920-952d-4704-9c70-1a288e2f77c7: shutdown LeaderElection
2019-10-20 10:28:19,592 [df12c920-952d-4704-9c70-1a288e2f77c7@group-75987F7FE399-LeaderElection70] INFO  impl.RoleInfo (RoleInfo.java:updateAndGet(143)) - df12c920-952d-4704-9c70-1a288e2f77c7: start FollowerState
2019-10-20 10:28:19,623 [Thread-691] INFO  impl.FollowerState (FollowerState.java:run(108)) - df12c920-952d-4704-9c70-1a288e2f77c7@group-75987F7FE399-FollowerState: change to CANDIDATE, lastRpcTime:31ms, electionTimeout:31ms
2019-10-20 10:28:19,624 [Thread-691] INFO  impl.RoleInfo (RoleInfo.java:shutdownFollowerState(121)) - df12c920-952d-4704-9c70-1a288e2f77c7: shutdown FollowerState
2019-10-20 10:28:19,626 [Thread-691] INFO  impl.RaftServerImpl (RaftServerImpl.java:setRole(184)) - df12c920-952d-4704-9c70-1a288e2f77c7@group-75987F7FE399: changes role from  FOLLOWER to CANDIDATE at term 76 for changeToCandidate
2019-10-20 10:28:19,626 [Thread-691] INFO  impl.RoleInfo (RoleInfo.java:updateAndGet(143)) - df12c920-952d-4704-9c70-1a288e2f77c7: start LeaderElection
2019-10-20 10:28:19,643 [df12c920-952d-4704-9c70-1a288e2f77c7@group-75987F7FE399-LeaderElection71] INFO  impl.LeaderElection (LeaderElection.java:askForVotes(178)) - df12c920-952d-4704-9c70-1a288e2f77c7@group-75987F7FE399-LeaderElection71: begin an election at term 77 for -1: [875da3d9-0dec-46c7-88bf-73f7a2372b64:192.168.69.89:39990, df12c920-952d-4704-9c70-1a288e2f77c7:192.168.69.89:43948, 9ceef694-dbcf-4070-b7b1-3b3c65b6a699:192.168.69.89:36536], old=null
2019-10-20 10:28:19,645 [grpc-default-executor-3] INFO  impl.RaftServerImpl (RaftServerImpl.java:setRole(184)) - 9ceef694-dbcf-4070-b7b1-3b3c65b6a699@group-75987F7FE399: changes role from  FOLLOWER to FOLLOWER at term 77 for recognizeCandidate:df12c920-952d-4704-9c70-1a288e2f77c7
2019-10-20 10:28:19,645 [grpc-default-executor-3] INFO  impl.RoleInfo (RoleInfo.java:shutdownFollowerState(121)) - 9ceef694-dbcf-4070-b7b1-3b3c65b6a699: shutdown FollowerState
2019-10-20 10:28:19,645 [grpc-default-executor-4] INFO  impl.RaftServerImpl (RaftServerImpl.java:setRole(184)) - 875da3d9-0dec-46c7-88bf-73f7a2372b64@group-75987F7FE399: changes role from  FOLLOWER to FOLLOWER at term 77 for recognizeCandidate:df12c920-952d-4704-9c70-1a288e2f77c7
2019-10-20 10:28:19,646 [Thread-690] INFO  impl.FollowerState (FollowerState.java:run(117)) - 9ceef694-dbcf-4070-b7b1-3b3c65b6a699@group-75987F7FE399-FollowerState was interrupted: java.lang.InterruptedException: sleep interrupted
2019-10-20 10:28:19,646 [grpc-default-executor-3] INFO  impl.RoleInfo (RoleInfo.java:updateAndGet(143)) - 9ceef694-dbcf-4070-b7b1-3b3c65b6a699: start FollowerState
2019-10-20 10:28:19,646 [grpc-default-executor-4] INFO  impl.RoleInfo (RoleInfo.java:shutdownFollowerState(121)) - 875da3d9-0dec-46c7-88bf-73f7a2372b64: shutdown FollowerState
2019-10-20 10:28:19,646 [grpc-default-executor-4] INFO  impl.RoleInfo (RoleInfo.java:updateAndGet(143)) - 875da3d9-0dec-46c7-88bf-73f7a2372b64: start FollowerState
2019-10-20 10:28:19,646 [Thread-689] INFO  impl.FollowerState (FollowerState.java:run(117)) - 875da3d9-0dec-46c7-88bf-73f7a2372b64@group-75987F7FE399-FollowerState was interrupted: java.lang.InterruptedException: sleep interrupted
2019-10-20 10:28:19,661 [df12c920-952d-4704-9c70-1a288e2f77c7@group-75987F7FE399-LeaderElection71] INFO  impl.LeaderElection (LeaderElection.java:logAndReturn(56)) - df12c920-952d-4704-9c70-1a288e2f77c7@group-75987F7FE399-LeaderElection71: Election REJECTED; received 2 response(s) [df12c920-952d-4704-9c70-1a288e2f77c7<-875da3d9-0dec-46c7-88bf-73f7a2372b64#0:FAIL-t77, df12c920-952d-4704-9c70-1a288e2f77c7<-9ceef694-dbcf-4070-b7b1-3b3c65b6a699#0:FAIL-t77] and 0 exception(s); df12c920-952d-4704-9c70-1a288e2f77c7@group-75987F7FE399:t77, leader=null, voted=df12c920-952d-4704-9c70-1a288e2f77c7, raftlog=df12c920-952d-4704-9c70-1a288e2f77c7@group-75987F7FE399-SegmentedRaftLog:OPENED:c-1,f-1,i0, conf=-1: [875da3d9-0dec-46c7-88bf-73f7a2372b64:192.168.69.89:39990, df12c920-952d-4704-9c70-1a288e2f77c7:192.168.69.89:43948, 9ceef694-dbcf-4070-b7b1-3b3c65b6a699:192.168.69.89:36536], old=null
2019-10-20 10:28:19,661 [df12c920-952d-4704-9c70-1a288e2f77c7@group-75987F7FE399-LeaderElection71] INFO  impl.RaftServerImpl (RaftServerImpl.java:setRole(184)) - df12c920-952d-4704-9c70-1a288e2f77c7@group-75987F7FE399: changes role from CANDIDATE to FOLLOWER at term 77 for DISCOVERED_A_NEW_TERM
2019-10-20 10:28:19,661 [df12c920-952d-4704-9c70-1a288e2f77c7@group-75987F7FE399-LeaderElection71] INFO  impl.RoleInfo (RoleInfo.java:shutdownLeaderElection(134)) - df12c920-952d-4704-9c70-1a288e2f77c7: shutdown LeaderElection
2019-10-20 10:28:19,661 [df12c920-952d-4704-9c70-1a288e2f77c7@group-75987F7FE399-LeaderElection71] INFO  impl.RoleInfo (RoleInfo.java:updateAndGet(143)) - df12c920-952d-4704-9c70-1a288e2f77c7: start FollowerState
2019-10-20 10:28:19,837 [Thread-699] INFO  impl.FollowerState (FollowerState.java:run(108)) - df12c920-952d-4704-9c70-1a288e2f77c7@group-75987F7FE399-FollowerState: change to CANDIDATE, lastRpcTime:175ms, electionTimeout:175ms
2019-10-20 10:28:19,837 [Thread-699] INFO  impl.RoleInfo (RoleInfo.java:shutdownFollowerState(121)) - df12c920-952d-4704-9c70-1a288e2f77c7: shutdown FollowerState
2019-10-20 10:28:19,837 [Thread-699] INFO  impl.RaftServerImpl (RaftServerImpl.java:setRole(184)) - df12c920-952d-4704-9c70-1a288e2f77c7@group-75987F7FE399: changes role from  FOLLOWER to CANDIDATE at term 77 for changeToCandidate
2019-10-20 10:28:19,838 [Thread-699] INFO  impl.RoleInfo (RoleInfo.java:updateAndGet(143)) - df12c920-952d-4704-9c70-1a288e2f77c7: start LeaderElection
2019-10-20 10:28:19,851 [df12c920-952d-4704-9c70-1a288e2f77c7@group-75987F7FE399-LeaderElection72] INFO  impl.LeaderElection (LeaderElection.java:askForVotes(178)) - df12c920-952d-4704-9c70-1a288e2f77c7@group-75987F7FE399-LeaderElection72: begin an election at term 78 for -1: [875da3d9-0dec-46c7-88bf-73f7a2372b64:192.168.69.89:39990, df12c920-952d-4704-9c70-1a288e2f77c7:192.168.69.89:43948, 9ceef694-dbcf-4070-b7b1-3b3c65b6a699:192.168.69.89:36536], old=null
2019-10-20 10:28:19,856 [grpc-default-executor-4] INFO  impl.RaftServerImpl (RaftServerImpl.java:setRole(184)) - 875da3d9-0dec-46c7-88bf-73f7a2372b64@group-75987F7FE399: changes role from  FOLLOWER to FOLLOWER at term 78 for recognizeCandidate:df12c920-952d-4704-9c70-1a288e2f77c7
2019-10-20 10:28:19,856 [grpc-default-executor-3] INFO  impl.RaftServerImpl (RaftServerImpl.java:setRole(184)) - 9ceef694-dbcf-4070-b7b1-3b3c65b6a699@group-75987F7FE399: changes role from  FOLLOWER to FOLLOWER at term 78 for recognizeCandidate:df12c920-952d-4704-9c70-1a288e2f77c7
2019-10-20 10:28:19,856 [grpc-default-executor-4] INFO  impl.RoleInfo (RoleInfo.java:shutdownFollowerState(121)) - 875da3d9-0dec-46c7-88bf-73f7a2372b64: shutdown FollowerState
2019-10-20 10:28:19,856 [grpc-default-executor-3] INFO  impl.RoleInfo (RoleInfo.java:shutdownFollowerState(121)) - 9ceef694-dbcf-4070-b7b1-3b3c65b6a699: shutdown FollowerState
2019-10-20 10:28:19,857 [Thread-698] INFO  impl.FollowerState (FollowerState.java:run(117)) - 875da3d9-0dec-46c7-88bf-73f7a2372b64@group-75987F7FE399-FollowerState was interrupted: java.lang.InterruptedException: sleep interrupted
2019-10-20 10:28:19,857 [Thread-697] INFO  impl.FollowerState (FollowerState.java:run(117)) - 9ceef694-dbcf-4070-b7b1-3b3c65b6a699@group-75987F7FE399-FollowerState was interrupted: java.lang.InterruptedException: sleep interrupted
2019-10-20 10:28:19,857 [grpc-default-executor-4] INFO  impl.RoleInfo (RoleInfo.java:updateAndGet(143)) - 875da3d9-0dec-46c7-88bf-73f7a2372b64: start FollowerState
2019-10-20 10:28:19,857 [grpc-default-executor-3] INFO  impl.RoleInfo (RoleInfo.java:updateAndGet(143)) - 9ceef694-dbcf-4070-b7b1-3b3c65b6a699: start FollowerState
2019-10-20 10:28:19,874 [df12c920-952d-4704-9c70-1a288e2f77c7@group-75987F7FE399-LeaderElection72] INFO  impl.LeaderElection (LeaderElection.java:logAndReturn(56)) - df12c920-952d-4704-9c70-1a288e2f77c7@group-75987F7FE399-LeaderElection72: Election REJECTED; received 2 response(s) [df12c920-952d-4704-9c70-1a288e2f77c7<-875da3d9-0dec-46c7-88bf-73f7a2372b64#0:FAIL-t78, df12c920-952d-4704-9c70-1a288e2f77c7<-9ceef694-dbcf-4070-b7b1-3b3c65b6a699#0:FAIL-t78] and 0 exception(s); df12c920-952d-4704-9c70-1a288e2f77c7@group-75987F7FE399:t78, leader=null, voted=df12c920-952d-4704-9c70-1a288e2f77c7, raftlog=df12c920-952d-4704-9c70-1a288e2f77c7@group-75987F7FE399-SegmentedRaftLog:OPENED:c-1,f-1,i0, conf=-1: [875da3d9-0dec-46c7-88bf-73f7a2372b64:192.168.69.89:39990, df12c920-952d-4704-9c70-1a288e2f77c7:192.168.69.89:43948, 9ceef694-dbcf-4070-b7b1-3b3c65b6a699:192.168.69.89:36536], old=null
2019-10-20 10:28:19,874 [df12c920-952d-4704-9c70-1a288e2f77c7@group-75987F7FE399-LeaderElection72] INFO  impl.RaftServerImpl (RaftServerImpl.java:setRole(184)) - df12c920-952d-4704-9c70-1a288e2f77c7@group-75987F7FE399: changes role from CANDIDATE to FOLLOWER at term 78 for DISCOVERED_A_NEW_TERM
2019-10-20 10:28:19,874 [df12c920-952d-4704-9c70-1a288e2f77c7@group-75987F7FE399-LeaderElection72] INFO  impl.RoleInfo (RoleInfo.java:shutdownLeaderElection(134)) - df12c920-952d-4704-9c70-1a288e2f77c7: shutdown LeaderElection
2019-10-20 10:28:19,874 [df12c920-952d-4704-9c70-1a288e2f77c7@group-75987F7FE399-LeaderElection72] INFO  impl.RoleInfo (RoleInfo.java:updateAndGet(143)) - df12c920-952d-4704-9c70-1a288e2f77c7: start FollowerState
2019-10-20 10:28:19,898 [Thread-706] INFO  impl.FollowerState (FollowerState.java:run(108)) - df12c920-952d-4704-9c70-1a288e2f77c7@group-75987F7FE399-FollowerState: change to CANDIDATE, lastRpcTime:23ms, electionTimeout:23ms
2019-10-20 10:28:19,898 [Thread-706] INFO  impl.RoleInfo (RoleInfo.java:shutdownFollowerState(121)) - df12c920-952d-4704-9c70-1a288e2f77c7: shutdown FollowerState
2019-10-20 10:28:19,898 [Thread-706] INFO  impl.RaftServerImpl (RaftServerImpl.java:setRole(184)) - df12c920-952d-4704-9c70-1a288e2f77c7@group-75987F7FE399: changes role from  FOLLOWER to CANDIDATE at term 78 for changeToCandidate
2019-10-20 10:28:19,898 [Thread-706] INFO  impl.RoleInfo (RoleInfo.java:updateAndGet(143)) - df12c920-952d-4704-9c70-1a288e2f77c7: start LeaderElection
2019-10-20 10:28:19,913 [df12c920-952d-4704-9c70-1a288e2f77c7@group-75987F7FE399-LeaderElection73] INFO  impl.LeaderElection (LeaderElection.java:askForVotes(178)) - df12c920-952d-4704-9c70-1a288e2f77c7@group-75987F7FE399-LeaderElection73: begin an election at term 79 for -1: [875da3d9-0dec-46c7-88bf-73f7a2372b64:192.168.69.89:39990, df12c920-952d-4704-9c70-1a288e2f77c7:192.168.69.89:43948, 9ceef694-dbcf-4070-b7b1-3b3c65b6a699:192.168.69.89:36536], old=null
2019-10-20 10:28:19,916 [grpc-default-executor-3] INFO  impl.RaftServerImpl (RaftServerImpl.java:setRole(184)) - 875da3d9-0dec-46c7-88bf-73f7a2372b64@group-75987F7FE399: changes role from  FOLLOWER to FOLLOWER at term 79 for recognizeCandidate:df12c920-952d-4704-9c70-1a288e2f77c7
2019-10-20 10:28:19,916 [grpc-default-executor-4] INFO  impl.RaftServerImpl (RaftServerImpl.java:setRole(184)) - 9ceef694-dbcf-4070-b7b1-3b3c65b6a699@group-75987F7FE399: changes role from  FOLLOWER to FOLLOWER at term 79 for recognizeCandidate:df12c920-952d-4704-9c70-1a288e2f77c7
2019-10-20 10:28:19,916 [grpc-default-executor-3] INFO  impl.RoleInfo (RoleInfo.java:shutdownFollowerState(121)) - 875da3d9-0dec-46c7-88bf-73f7a2372b64: shutdown FollowerState
2019-10-20 10:28:19,916 [grpc-default-executor-4] INFO  impl.RoleInfo (RoleInfo.java:shutdownFollowerState(121)) - 9ceef694-dbcf-4070-b7b1-3b3c65b6a699: shutdown FollowerState
2019-10-20 10:28:19,916 [Thread-704] INFO  impl.FollowerState (FollowerState.java:run(117)) - 875da3d9-0dec-46c7-88bf-73f7a2372b64@group-75987F7FE399-FollowerState was interrupted: java.lang.InterruptedException: sleep interrupted
2019-10-20 10:28:19,916 [grpc-default-executor-3] INFO  impl.RoleInfo (RoleInfo.java:updateAndGet(143)) - 875da3d9-0dec-46c7-88bf-73f7a2372b64: start FollowerState
2019-10-20 10:28:19,916 [Thread-705] INFO  impl.FollowerState (FollowerState.java:run(117)) - 9ceef694-dbcf-4070-b7b1-3b3c65b6a699@group-75987F7FE399-FollowerState was interrupted: java.lang.InterruptedException: sleep interrupted
2019-10-20 10:28:19,916 [grpc-default-executor-4] INFO  impl.RoleInfo (RoleInfo.java:updateAndGet(143)) - 9ceef694-dbcf-4070-b7b1-3b3c65b6a699: start FollowerState
2019-10-20 10:28:19,933 [df12c920-952d-4704-9c70-1a288e2f77c7@group-75987F7FE399-LeaderElection73] INFO  impl.LeaderElection (LeaderElection.java:logAndReturn(56)) - df12c920-952d-4704-9c70-1a288e2f77c7@group-75987F7FE399-LeaderElection73: Election REJECTED; received 2 response(s) [df12c920-952d-4704-9c70-1a288e2f77c7<-875da3d9-0dec-46c7-88bf-73f7a2372b64#0:FAIL-t79, df12c920-952d-4704-9c70-1a288e2f77c7<-9ceef694-dbcf-4070-b7b1-3b3c65b6a699#0:FAIL-t79] and 0 exception(s); df12c920-952d-4704-9c70-1a288e2f77c7@group-75987F7FE399:t79, leader=null, voted=df12c920-952d-4704-9c70-1a288e2f77c7, raftlog=df12c920-952d-4704-9c70-1a288e2f77c7@group-75987F7FE399-SegmentedRaftLog:OPENED:c-1,f-1,i0, conf=-1: [875da3d9-0dec-46c7-88bf-73f7a2372b64:192.168.69.89:39990, df12c920-952d-4704-9c70-1a288e2f77c7:192.168.69.89:43948, 9ceef694-dbcf-4070-b7b1-3b3c65b6a699:192.168.69.89:36536], old=null
2019-10-20 10:28:19,934 [df12c920-952d-4704-9c70-1a288e2f77c7@group-75987F7FE399-LeaderElection73] INFO  impl.RaftServerImpl (RaftServerImpl.java:setRole(184)) - df12c920-952d-4704-9c70-1a288e2f77c7@group-75987F7FE399: changes role from CANDIDATE to FOLLOWER at term 79 for DISCOVERED_A_NEW_TERM
2019-10-20 10:28:19,934 [df12c920-952d-4704-9c70-1a288e2f77c7@group-75987F7FE399-LeaderElection73] INFO  impl.RoleInfo (RoleInfo.java:shutdownLeaderElection(134)) - df12c920-952d-4704-9c70-1a288e2f77c7: shutdown LeaderElection
2019-10-20 10:28:19,934 [df12c920-952d-4704-9c70-1a288e2f77c7@group-75987F7FE399-LeaderElection73] INFO  impl.RoleInfo (RoleInfo.java:updateAndGet(143)) - df12c920-952d-4704-9c70-1a288e2f77c7: start FollowerState
2019-10-20 10:28:20,063 [Thread-712] INFO  impl.FollowerState (FollowerState.java:run(108)) - df12c920-952d-4704-9c70-1a288e2f77c7@group-75987F7FE399-FollowerState: change to CANDIDATE, lastRpcTime:129ms, electionTimeout:129ms
2019-10-20 10:28:20,064 [Thread-712] INFO  impl.RoleInfo (RoleInfo.java:shutdownFollowerState(121)) - df12c920-952d-4704-9c70-1a288e2f77c7: shutdown FollowerState
2019-10-20 10:28:20,064 [Thread-712] INFO  impl.RaftServerImpl (RaftServerImpl.java:setRole(184)) - df12c920-952d-4704-9c70-1a288e2f77c7@group-75987F7FE399: changes role from  FOLLOWER to CANDIDATE at term 79 for changeToCandidate
2019-10-20 10:28:20,064 [Thread-712] INFO  impl.RoleInfo (RoleInfo.java:updateAndGet(143)) - df12c920-952d-4704-9c70-1a288e2f77c7: start LeaderElection
2019-10-20 10:28:20,078 [df12c920-952d-4704-9c70-1a288e2f77c7@group-75987F7FE399-LeaderElection74] INFO  impl.LeaderElection (LeaderElection.java:askForVotes(178)) - df12c920-952d-4704-9c70-1a288e2f77c7@group-75987F7FE399-LeaderElection74: begin an election at term 80 for -1: [875da3d9-0dec-46c7-88bf-73f7a2372b64:192.168.69.89:39990, df12c920-952d-4704-9c70-1a288e2f77c7:192.168.69.89:43948, 9ceef694-dbcf-4070-b7b1-3b3c65b6a699:192.168.69.89:36536], old=null
2019-10-20 10:28:20,081 [grpc-default-executor-4] INFO  impl.RaftServerImpl (RaftServerImpl.java:setRole(184)) - 875da3d9-0dec-46c7-88bf-73f7a2372b64@group-75987F7FE399: changes role from  FOLLOWER to FOLLOWER at term 80 for recognizeCandidate:df12c920-952d-4704-9c70-1a288e2f77c7
2019-10-20 10:28:20,081 [grpc-default-executor-4] INFO  impl.RoleInfo (RoleInfo.java:shutdownFollowerState(121)) - 875da3d9-0dec-46c7-88bf-73f7a2372b64: shutdown FollowerState
2019-10-20 10:28:20,081 [grpc-default-executor-3] INFO  impl.RaftServerImpl (RaftServerImpl.java:setRole(184)) - 9ceef694-dbcf-4070-b7b1-3b3c65b6a699@group-75987F7FE399: changes role from  FOLLOWER to FOLLOWER at term 80 for recognizeCandidate:df12c920-952d-4704-9c70-1a288e2f77c7
2019-10-20 10:28:20,082 [Thread-710] INFO  impl.FollowerState (FollowerState.java:run(117)) - 875da3d9-0dec-46c7-88bf-73f7a2372b64@group-75987F7FE399-FollowerState was interrupted: java.lang.InterruptedException: sleep interrupted
2019-10-20 10:28:20,082 [grpc-default-executor-4] INFO  impl.RoleInfo (RoleInfo.java:updateAndGet(143)) - 875da3d9-0dec-46c7-88bf-73f7a2372b64: start FollowerState
2019-10-20 10:28:20,082 [grpc-default-executor-3] INFO  impl.RoleInfo (RoleInfo.java:shutdownFollowerState(121)) - 9ceef694-dbcf-4070-b7b1-3b3c65b6a699: shutdown FollowerState
2019-10-20 10:28:20,082 [grpc-default-executor-3] INFO  impl.RoleInfo (RoleInfo.java:updateAndGet(143)) - 9ceef694-dbcf-4070-b7b1-3b3c65b6a699: start FollowerState
2019-10-20 10:28:20,082 [Thread-711] INFO  impl.FollowerState (FollowerState.java:run(117)) - 9ceef694-dbcf-4070-b7b1-3b3c65b6a699@group-75987F7FE399-FollowerState was interrupted: java.lang.InterruptedException: sleep interrupted
2019-10-20 10:28:20,084 [df12c920-952d-4704-9c70-1a288e2f77c7@group-75987F7FE399-LeaderElection74] INFO  impl.LeaderElection (LeaderElection.java:logAndReturn(56)) - df12c920-952d-4704-9c70-1a288e2f77c7@group-75987F7FE399-LeaderElection74: Election TIMEOUT; received 0 response(s) [] and 0 exception(s); df12c920-952d-4704-9c70-1a288e2f77c7@group-75987F7FE399:t80, leader=null, voted=df12c920-952d-4704-9c70-1a288e2f77c7, raftlog=df12c920-952d-4704-9c70-1a288e2f77c7@group-75987F7FE399-SegmentedRaftLog:OPENED:c-1,f-1,i0, conf=-1: [875da3d9-0dec-46c7-88bf-73f7a2372b64:192.168.69.89:39990, df12c920-952d-4704-9c70-1a288e2f77c7:192.168.69.89:43948, 9ceef694-dbcf-4070-b7b1-3b3c65b6a699:192.168.69.89:36536], old=null
2019-10-20 10:28:20,100 [df12c920-952d-4704-9c70-1a288e2f77c7@group-75987F7FE399-LeaderElection74] INFO  impl.LeaderElection (LeaderElection.java:askForVotes(178)) - df12c920-952d-4704-9c70-1a288e2f77c7@group-75987F7FE399-LeaderElection74: begin an election at term 81 for -1: [875da3d9-0dec-46c7-88bf-73f7a2372b64:192.168.69.89:39990, df12c920-952d-4704-9c70-1a288e2f77c7:192.168.69.89:43948, 9ceef694-dbcf-4070-b7b1-3b3c65b6a699:192.168.69.89:36536], old=null
2019-10-20 10:28:20,102 [grpc-default-executor-4] INFO  impl.RaftServerImpl (RaftServerImpl.java:setRole(184)) - 875da3d9-0dec-46c7-88bf-73f7a2372b64@group-75987F7FE399: changes role from  FOLLOWER to FOLLOWER at term 81 for recognizeCandidate:df12c920-952d-4704-9c70-1a288e2f77c7
2019-10-20 10:28:20,103 [grpc-default-executor-3] INFO  impl.RaftServerImpl (RaftServerImpl.java:setRole(184)) - 9ceef694-dbcf-4070-b7b1-3b3c65b6a699@group-75987F7FE399: changes role from  FOLLOWER to FOLLOWER at term 81 for recognizeCandidate:df12c920-952d-4704-9c70-1a288e2f77c7
2019-10-20 10:28:20,103 [grpc-default-executor-4] INFO  impl.RoleInfo (RoleInfo.java:shutdownFollowerState(121)) - 875da3d9-0dec-46c7-88bf-73f7a2372b64: shutdown FollowerState
2019-10-20 10:28:20,103 [grpc-default-executor-3] INFO  impl.RoleInfo (RoleInfo.java:shutdownFollowerState(121)) - 9ceef694-dbcf-4070-b7b1-3b3c65b6a699: shutdown FollowerState
2019-10-20 10:28:20,103 [Thread-716] INFO  impl.FollowerState (FollowerState.java:run(117)) - 875da3d9-0dec-46c7-88bf-73f7a2372b64@group-75987F7FE399-FollowerState was interrupted: java.lang.InterruptedException: sleep interrupted
2019-10-20 10:28:20,103 [Thread-717] INFO  impl.FollowerState (FollowerState.java:run(117)) - 9ceef694-dbcf-4070-b7b1-3b3c65b6a699@group-75987F7FE399-FollowerState was interrupted: java.lang.InterruptedException: sleep interrupted
2019-10-20 10:28:20,103 [grpc-default-executor-4] INFO  impl.RoleInfo (RoleInfo.java:updateAndGet(143)) - 875da3d9-0dec-46c7-88bf-73f7a2372b64: start FollowerState
2019-10-20 10:28:20,103 [grpc-default-executor-3] INFO  impl.RoleInfo (RoleInfo.java:updateAndGet(143)) - 9ceef694-dbcf-4070-b7b1-3b3c65b6a699: start FollowerState
2019-10-20 10:28:20,122 [df12c920-952d-4704-9c70-1a288e2f77c7@group-75987F7FE399-LeaderElection74] INFO  impl.LeaderElection (LeaderElection.java:logAndReturn(56)) - df12c920-952d-4704-9c70-1a288e2f77c7@group-75987F7FE399-LeaderElection74: Election REJECTED; received 2 response(s) [df12c920-952d-4704-9c70-1a288e2f77c7<-875da3d9-0dec-46c7-88bf-73f7a2372b64#0:FAIL-t81, df12c920-952d-4704-9c70-1a288e2f77c7<-9ceef694-dbcf-4070-b7b1-3b3c65b6a699#0:FAIL-t81] and 0 exception(s); df12c920-952d-4704-9c70-1a288e2f77c7@group-75987F7FE399:t81, leader=null, voted=df12c920-952d-4704-9c70-1a288e2f77c7, raftlog=df12c920-952d-4704-9c70-1a288e2f77c7@group-75987F7FE399-SegmentedRaftLog:OPENED:c-1,f-1,i0, conf=-1: [875da3d9-0dec-46c7-88bf-73f7a2372b64:192.168.69.89:39990, df12c920-952d-4704-9c70-1a288e2f77c7:192.168.69.89:43948, 9ceef694-dbcf-4070-b7b1-3b3c65b6a699:192.168.69.89:36536], old=null
2019-10-20 10:28:20,122 [df12c920-952d-4704-9c70-1a288e2f77c7@group-75987F7FE399-LeaderElection74] INFO  impl.RaftServerImpl (RaftServerImpl.java:setRole(184)) - df12c920-952d-4704-9c70-1a288e2f77c7@group-75987F7FE399: changes role from CANDIDATE to FOLLOWER at term 81 for DISCOVERED_A_NEW_TERM
2019-10-20 10:28:20,122 [df12c920-952d-4704-9c70-1a288e2f77c7@group-75987F7FE399-LeaderElection74] INFO  impl.RoleInfo (RoleInfo.java:shutdownLeaderElection(134)) - df12c920-952d-4704-9c70-1a288e2f77c7: shutdown LeaderElection
2019-10-20 10:28:20,122 [df12c920-952d-4704-9c70-1a288e2f77c7@group-75987F7FE399-LeaderElection74] INFO  impl.RoleInfo (RoleInfo.java:updateAndGet(143)) - df12c920-952d-4704-9c70-1a288e2f77c7: start FollowerState
2019-10-20 10:28:20,299 [Thread-722] INFO  impl.FollowerState (FollowerState.java:run(108)) - df12c920-952d-4704-9c70-1a288e2f77c7@group-75987F7FE399-FollowerState: change to CANDIDATE, lastRpcTime:176ms, electionTimeout:176ms
2019-10-20 10:28:20,299 [Thread-722] INFO  impl.RoleInfo (RoleInfo.java:shutdownFollowerState(121)) - df12c920-952d-4704-9c70-1a288e2f77c7: shutdown FollowerState
2019-10-20 10:28:20,299 [Thread-722] INFO  impl.RaftServerImpl (RaftServerImpl.java:setRole(184)) - df12c920-952d-4704-9c70-1a288e2f77c7@group-75987F7FE399: changes role from  FOLLOWER to CANDIDATE at term 81 for changeToCandidate
2019-10-20 10:28:20,299 [Thread-722] INFO  impl.RoleInfo (RoleInfo.java:updateAndGet(143)) - df12c920-952d-4704-9c70-1a288e2f77c7: start LeaderElection
2019-10-20 10:28:20,325 [df12c920-952d-4704-9c70-1a288e2f77c7@group-75987F7FE399-LeaderElection75] INFO  impl.LeaderElection (LeaderElection.java:askForVotes(178)) - df12c920-952d-4704-9c70-1a288e2f77c7@group-75987F7FE399-LeaderElection75: begin an election at term 82 for -1: [875da3d9-0dec-46c7-88bf-73f7a2372b64:192.168.69.89:39990, df12c920-952d-4704-9c70-1a288e2f77c7:192.168.69.89:43948, 9ceef694-dbcf-4070-b7b1-3b3c65b6a699:192.168.69.89:36536], old=null
2019-10-20 10:28:20,329 [grpc-default-executor-3] INFO  impl.RaftServerImpl (RaftServerImpl.java:setRole(184)) - 875da3d9-0dec-46c7-88bf-73f7a2372b64@group-75987F7FE399: changes role from  FOLLOWER to FOLLOWER at term 82 for recognizeCandidate:df12c920-952d-4704-9c70-1a288e2f77c7
2019-10-20 10:28:20,329 [grpc-default-executor-4] INFO  impl.RaftServerImpl (RaftServerImpl.java:setRole(184)) - 9ceef694-dbcf-4070-b7b1-3b3c65b6a699@group-75987F7FE399: changes role from  FOLLOWER to FOLLOWER at term 82 for recognizeCandidate:df12c920-952d-4704-9c70-1a288e2f77c7
2019-10-20 10:28:20,329 [grpc-default-executor-3] INFO  impl.RoleInfo (RoleInfo.java:shutdownFollowerState(121)) - 875da3d9-0dec-46c7-88bf-73f7a2372b64: shutdown FollowerState
2019-10-20 10:28:20,329 [grpc-default-executor-4] INFO  impl.RoleInfo (RoleInfo.java:shutdownFollowerState(121)) - 9ceef694-dbcf-4070-b7b1-3b3c65b6a699: shutdown FollowerState
2019-10-20 10:28:20,330 [Thread-720] INFO  impl.FollowerState (FollowerState.java:run(117)) - 875da3d9-0dec-46c7-88bf-73f7a2372b64@group-75987F7FE399-FollowerState was interrupted: java.lang.InterruptedException: sleep interrupted
2019-10-20 10:28:20,330 [grpc-default-executor-3] INFO  impl.RoleInfo (RoleInfo.java:updateAndGet(143)) - 875da3d9-0dec-46c7-88bf-73f7a2372b64: start FollowerState
2019-10-20 10:28:20,330 [Thread-721] INFO  impl.FollowerState (FollowerState.java:run(117)) - 9ceef694-dbcf-4070-b7b1-3b3c65b6a699@group-75987F7FE399-FollowerState was interrupted: java.lang.InterruptedException: sleep interrupted
2019-10-20 10:28:20,330 [grpc-default-executor-4] INFO  impl.RoleInfo (RoleInfo.java:updateAndGet(143)) - 9ceef694-dbcf-4070-b7b1-3b3c65b6a699: start FollowerState
2019-10-20 10:28:20,345 [df12c920-952d-4704-9c70-1a288e2f77c7@group-75987F7FE399-LeaderElection75] INFO  impl.LeaderElection (LeaderElection.java:logAndReturn(56)) - df12c920-952d-4704-9c70-1a288e2f77c7@group-75987F7FE399-LeaderElection75: Election REJECTED; received 2 response(s) [df12c920-952d-4704-9c70-1a288e2f77c7<-875da3d9-0dec-46c7-88bf-73f7a2372b64#0:FAIL-t82, df12c920-952d-4704-9c70-1a288e2f77c7<-9ceef694-dbcf-4070-b7b1-3b3c65b6a699#0:FAIL-t82] and 0 exception(s); df12c920-952d-4704-9c70-1a288e2f77c7@group-75987F7FE399:t82, leader=null, voted=df12c920-952d-4704-9c70-1a288e2f77c7, raftlog=df12c920-952d-4704-9c70-1a288e2f77c7@group-75987F7FE399-SegmentedRaftLog:OPENED:c-1,f-1,i0, conf=-1: [875da3d9-0dec-46c7-88bf-73f7a2372b64:192.168.69.89:39990, df12c920-952d-4704-9c70-1a288e2f77c7:192.168.69.89:43948, 9ceef694-dbcf-4070-b7b1-3b3c65b6a699:192.168.69.89:36536], old=null
2019-10-20 10:28:20,345 [df12c920-952d-4704-9c70-1a288e2f77c7@group-75987F7FE399-LeaderElection75] INFO  impl.RaftServerImpl (RaftServerImpl.java:setRole(184)) - df12c920-952d-4704-9c70-1a288e2f77c7@group-75987F7FE399: changes role from CANDIDATE to FOLLOWER at term 82 for DISCOVERED_A_NEW_TERM
2019-10-20 10:28:20,345 [df12c920-952d-4704-9c70-1a288e2f77c7@group-75987F7FE399-LeaderElection75] INFO  impl.RoleInfo (RoleInfo.java:shutdownLeaderElection(134)) - df12c920-952d-4704-9c70-1a288e2f77c7: shutdown LeaderElection
2019-10-20 10:28:20,345 [df12c920-952d-4704-9c70-1a288e2f77c7@group-75987F7FE399-LeaderElection75] INFO  impl.RoleInfo (RoleInfo.java:updateAndGet(143)) - df12c920-952d-4704-9c70-1a288e2f77c7: start FollowerState
2019-10-20 10:28:20,498 [Thread-728] INFO  impl.FollowerState (FollowerState.java:run(108)) - df12c920-952d-4704-9c70-1a288e2f77c7@group-75987F7FE399-FollowerState: change to CANDIDATE, lastRpcTime:152ms, electionTimeout:152ms
2019-10-20 10:28:20,498 [Thread-728] INFO  impl.RoleInfo (RoleInfo.java:shutdownFollowerState(121)) - df12c920-952d-4704-9c70-1a288e2f77c7: shutdown FollowerState
2019-10-20 10:28:20,498 [Thread-728] INFO  impl.RaftServerImpl (RaftServerImpl.java:setRole(184)) - df12c920-952d-4704-9c70-1a288e2f77c7@group-75987F7FE399: changes role from  FOLLOWER to CANDIDATE at term 82 for changeToCandidate
2019-10-20 10:28:20,499 [Thread-728] INFO  impl.RoleInfo (RoleInfo.java:updateAndGet(143)) - df12c920-952d-4704-9c70-1a288e2f77c7: start LeaderElection
2019-10-20 10:28:20,522 [df12c920-952d-4704-9c70-1a288e2f77c7@group-75987F7FE399-LeaderElection76] INFO  impl.LeaderElection (LeaderElection.java:askForVotes(178)) - df12c920-952d-4704-9c70-1a288e2f77c7@group-75987F7FE399-LeaderElection76: begin an election at term 83 for -1: [875da3d9-0dec-46c7-88bf-73f7a2372b64:192.168.69.89:39990, df12c920-952d-4704-9c70-1a288e2f77c7:192.168.69.89:43948, 9ceef694-dbcf-4070-b7b1-3b3c65b6a699:192.168.69.89:36536], old=null
2019-10-20 10:28:20,526 [grpc-default-executor-3] INFO  impl.RaftServerImpl (RaftServerImpl.java:setRole(184)) - 875da3d9-0dec-46c7-88bf-73f7a2372b64@group-75987F7FE399: changes role from  FOLLOWER to FOLLOWER at term 83 for recognizeCandidate:df12c920-952d-4704-9c70-1a288e2f77c7
2019-10-20 10:28:20,526 [grpc-default-executor-4] INFO  impl.RaftServerImpl (RaftServerImpl.java:setRole(184)) - 9ceef694-dbcf-4070-b7b1-3b3c65b6a699@group-75987F7FE399: changes role from  FOLLOWER to FOLLOWER at term 83 for recognizeCandidate:df12c920-952d-4704-9c70-1a288e2f77c7
2019-10-20 10:28:20,526 [grpc-default-executor-3] INFO  impl.RoleInfo (RoleInfo.java:shutdownFollowerState(121)) - 875da3d9-0dec-46c7-88bf-73f7a2372b64: shutdown FollowerState
2019-10-20 10:28:20,526 [grpc-default-executor-4] INFO  impl.RoleInfo (RoleInfo.java:shutdownFollowerState(121)) - 9ceef694-dbcf-4070-b7b1-3b3c65b6a699: shutdown FollowerState
2019-10-20 10:28:20,526 [Thread-726] INFO  impl.FollowerState (FollowerState.java:run(117)) - 875da3d9-0dec-46c7-88bf-73f7a2372b64@group-75987F7FE399-FollowerState was interrupted: java.lang.InterruptedException: sleep interrupted
2019-10-20 10:28:20,526 [grpc-default-executor-3] INFO  impl.RoleInfo (RoleInfo.java:updateAndGet(143)) - 875da3d9-0dec-46c7-88bf-73f7a2372b64: start FollowerState
2019-10-20 10:28:20,526 [Thread-727] INFO  impl.FollowerState (FollowerState.java:run(117)) - 9ceef694-dbcf-4070-b7b1-3b3c65b6a699@group-75987F7FE399-FollowerState was interrupted: java.lang.InterruptedException: sleep interrupted
2019-10-20 10:28:20,526 [grpc-default-executor-4] INFO  impl.RoleInfo (RoleInfo.java:updateAndGet(143)) - 9ceef694-dbcf-4070-b7b1-3b3c65b6a699: start FollowerState
2019-10-20 10:28:20,553 [df12c920-952d-4704-9c70-1a288e2f77c7@group-75987F7FE399-LeaderElection76] INFO  impl.LeaderElection (LeaderElection.java:logAndReturn(56)) - df12c920-952d-4704-9c70-1a288e2f77c7@group-75987F7FE399-LeaderElection76: Election REJECTED; received 2 response(s) [df12c920-952d-4704-9c70-1a288e2f77c7<-875da3d9-0dec-46c7-88bf-73f7a2372b64#0:FAIL-t83, df12c920-952d-4704-9c70-1a288e2f77c7<-9ceef694-dbcf-4070-b7b1-3b3c65b6a699#0:FAIL-t83] and 0 exception(s); df12c920-952d-4704-9c70-1a288e2f77c7@group-75987F7FE399:t83, leader=null, voted=df12c920-952d-4704-9c70-1a288e2f77c7, raftlog=df12c920-952d-4704-9c70-1a288e2f77c7@group-75987F7FE399-SegmentedRaftLog:OPENED:c-1,f-1,i0, conf=-1: [875da3d9-0dec-46c7-88bf-73f7a2372b64:192.168.69.89:39990, df12c920-952d-4704-9c70-1a288e2f77c7:192.168.69.89:43948, 9ceef694-dbcf-4070-b7b1-3b3c65b6a699:192.168.69.89:36536], old=null
2019-10-20 10:28:20,553 [df12c920-952d-4704-9c70-1a288e2f77c7@group-75987F7FE399-LeaderElection76] INFO  impl.RaftServerImpl (RaftServerImpl.java:setRole(184)) - df12c920-952d-4704-9c70-1a288e2f77c7@group-75987F7FE399: changes role from CANDIDATE to FOLLOWER at term 83 for DISCOVERED_A_NEW_TERM
2019-10-20 10:28:20,553 [df12c920-952d-4704-9c70-1a288e2f77c7@group-75987F7FE399-LeaderElection76] INFO  impl.RoleInfo (RoleInfo.java:shutdownLeaderElection(134)) - df12c920-952d-4704-9c70-1a288e2f77c7: shutdown LeaderElection
2019-10-20 10:28:20,553 [df12c920-952d-4704-9c70-1a288e2f77c7@group-75987F7FE399-LeaderElection76] INFO  impl.RoleInfo (RoleInfo.java:updateAndGet(143)) - df12c920-952d-4704-9c70-1a288e2f77c7: start FollowerState
2019-10-20 10:28:20,738 [Thread-734] INFO  impl.FollowerState (FollowerState.java:run(108)) - df12c920-952d-4704-9c70-1a288e2f77c7@group-75987F7FE399-FollowerState: change to CANDIDATE, lastRpcTime:184ms, electionTimeout:184ms
2019-10-20 10:28:20,738 [Thread-734] INFO  impl.RoleInfo (RoleInfo.java:shutdownFollowerState(121)) - df12c920-952d-4704-9c70-1a288e2f77c7: shutdown FollowerState
2019-10-20 10:28:20,738 [Thread-734] INFO  impl.RaftServerImpl (RaftServerImpl.java:setRole(184)) - df12c920-952d-4704-9c70-1a288e2f77c7@group-75987F7FE399: changes role from  FOLLOWER to CANDIDATE at term 83 for changeToCandidate
2019-10-20 10:28:20,738 [Thread-734] INFO  impl.RoleInfo (RoleInfo.java:updateAndGet(143)) - df12c920-952d-4704-9c70-1a288e2f77c7: start LeaderElection
2019-10-20 10:28:20,765 [df12c920-952d-4704-9c70-1a288e2f77c7@group-75987F7FE399-LeaderElection77] INFO  impl.LeaderElection (LeaderElection.java:askForVotes(178)) - df12c920-952d-4704-9c70-1a288e2f77c7@group-75987F7FE399-LeaderElection77: begin an election at term 84 for -1: [875da3d9-0dec-46c7-88bf-73f7a2372b64:192.168.69.89:39990, df12c920-952d-4704-9c70-1a288e2f77c7:192.168.69.89:43948, 9ceef694-dbcf-4070-b7b1-3b3c65b6a699:192.168.69.89:36536], old=null
2019-10-20 10:28:20,767 [grpc-default-executor-3] INFO  impl.RaftServerImpl (RaftServerImpl.java:setRole(184)) - 9ceef694-dbcf-4070-b7b1-3b3c65b6a699@group-75987F7FE399: changes role from  FOLLOWER to FOLLOWER at term 84 for recognizeCandidate:df12c920-952d-4704-9c70-1a288e2f77c7
2019-10-20 10:28:20,768 [grpc-default-executor-4] INFO  impl.RaftServerImpl (RaftServerImpl.java:setRole(184)) - 875da3d9-0dec-46c7-88bf-73f7a2372b64@group-75987F7FE399: changes role from  FOLLOWER to FOLLOWER at term 84 for recognizeCandidate:df12c920-952d-4704-9c70-1a288e2f77c7
2019-10-20 10:28:20,768 [grpc-default-executor-3] INFO  impl.RoleInfo (RoleInfo.java:shutdownFollowerState(121)) - 9ceef694-dbcf-4070-b7b1-3b3c65b6a699: shutdown FollowerState
2019-10-20 10:28:20,768 [grpc-default-executor-4] INFO  impl.RoleInfo (RoleInfo.java:shutdownFollowerState(121)) - 875da3d9-0dec-46c7-88bf-73f7a2372b64: shutdown FollowerState
2019-10-20 10:28:20,768 [Thread-733] INFO  impl.FollowerState (FollowerState.java:run(117)) - 9ceef694-dbcf-4070-b7b1-3b3c65b6a699@group-75987F7FE399-FollowerState was interrupted: java.lang.InterruptedException: sleep interrupted
2019-10-20 10:28:20,768 [grpc-default-executor-3] INFO  impl.RoleInfo (RoleInfo.java:updateAndGet(143)) - 9ceef694-dbcf-4070-b7b1-3b3c65b6a699: start FollowerState
2019-10-20 10:28:20,768 [Thread-732] INFO  impl.FollowerState (FollowerState.java:run(117)) - 875da3d9-0dec-46c7-88bf-73f7a2372b64@group-75987F7FE399-FollowerState was interrupted: java.lang.InterruptedException: sleep interrupted
2019-10-20 10:28:20,768 [grpc-default-executor-4] INFO  impl.RoleInfo (RoleInfo.java:updateAndGet(143)) - 875da3d9-0dec-46c7-88bf-73f7a2372b64: start FollowerState
2019-10-20 10:28:20,779 [df12c920-952d-4704-9c70-1a288e2f77c7@group-75987F7FE399-LeaderElection77] INFO  impl.LeaderElection (LeaderElection.java:logAndReturn(56)) - df12c920-952d-4704-9c70-1a288e2f77c7@group-75987F7FE399-LeaderElection77: Election TIMEOUT; received 0 response(s) [] and 0 exception(s); df12c920-952d-4704-9c70-1a288e2f77c7@group-75987F7FE399:t84, leader=null, voted=df12c920-952d-4704-9c70-1a288e2f77c7, raftlog=df12c920-952d-4704-9c70-1a288e2f77c7@group-75987F7FE399-SegmentedRaftLog:OPENED:c-1,f-1,i0, conf=-1: [875da3d9-0dec-46c7-88bf-73f7a2372b64:192.168.69.89:39990, df12c920-952d-4704-9c70-1a288e2f77c7:192.168.69.89:43948, 9ceef694-dbcf-4070-b7b1-3b3c65b6a699:192.168.69.89:36536], old=null
2019-10-20 10:28:20,796 [df12c920-952d-4704-9c70-1a288e2f77c7@group-75987F7FE399-LeaderElection77] INFO  impl.LeaderElection (LeaderElection.java:askForVotes(178)) - df12c920-952d-4704-9c70-1a288e2f77c7@group-75987F7FE399-LeaderElection77: begin an election at term 85 for -1: [875da3d9-0dec-46c7-88bf-73f7a2372b64:192.168.69.89:39990, df12c920-952d-4704-9c70-1a288e2f77c7:192.168.69.89:43948, 9ceef694-dbcf-4070-b7b1-3b3c65b6a699:192.168.69.89:36536], old=null
2019-10-20 10:28:20,798 [grpc-default-executor-3] INFO  impl.RaftServerImpl (RaftServerImpl.java:setRole(184)) - 875da3d9-0dec-46c7-88bf-73f7a2372b64@group-75987F7FE399: changes role from  FOLLOWER to FOLLOWER at term 85 for recognizeCandidate:df12c920-952d-4704-9c70-1a288e2f77c7
2019-10-20 10:28:20,798 [grpc-default-executor-3] INFO  impl.RoleInfo (RoleInfo.java:shutdownFollowerState(121)) - 875da3d9-0dec-46c7-88bf-73f7a2372b64: shutdown FollowerState
2019-10-20 10:28:20,798 [grpc-default-executor-3] INFO  impl.RoleInfo (RoleInfo.java:updateAndGet(143)) - 875da3d9-0dec-46c7-88bf-73f7a2372b64: start FollowerState
2019-10-20 10:28:20,798 [Thread-741] INFO  impl.FollowerState (FollowerState.java:run(117)) - 875da3d9-0dec-46c7-88bf-73f7a2372b64@group-75987F7FE399-FollowerState was interrupted: java.lang.InterruptedException: sleep interrupted
2019-10-20 10:28:20,798 [grpc-default-executor-4] INFO  impl.RaftServerImpl (RaftServerImpl.java:setRole(184)) - 9ceef694-dbcf-4070-b7b1-3b3c65b6a699@group-75987F7FE399: changes role from  FOLLOWER to FOLLOWER at term 85 for recognizeCandidate:df12c920-952d-4704-9c70-1a288e2f77c7
2019-10-20 10:28:20,799 [grpc-default-executor-4] INFO  impl.RoleInfo (RoleInfo.java:shutdownFollowerState(121)) - 9ceef694-dbcf-4070-b7b1-3b3c65b6a699: shutdown FollowerState
2019-10-20 10:28:20,799 [grpc-default-executor-4] INFO  impl.RoleInfo (RoleInfo.java:updateAndGet(143)) - 9ceef694-dbcf-4070-b7b1-3b3c65b6a699: start FollowerState
2019-10-20 10:28:20,799 [Thread-740] INFO  impl.FollowerState (FollowerState.java:run(117)) - 9ceef694-dbcf-4070-b7b1-3b3c65b6a699@group-75987F7FE399-FollowerState was interrupted: java.lang.InterruptedException: sleep interrupted
2019-10-20 10:28:20,824 [df12c920-952d-4704-9c70-1a288e2f77c7@group-75987F7FE399-LeaderElection77] INFO  impl.LeaderElection (LeaderElection.java:logAndReturn(56)) - df12c920-952d-4704-9c70-1a288e2f77c7@group-75987F7FE399-LeaderElection77: Election REJECTED; received 2 response(s) [df12c920-952d-4704-9c70-1a288e2f77c7<-875da3d9-0dec-46c7-88bf-73f7a2372b64#0:FAIL-t85, df12c920-952d-4704-9c70-1a288e2f77c7<-9ceef694-dbcf-4070-b7b1-3b3c65b6a699#0:FAIL-t85] and 0 exception(s); df12c920-952d-4704-9c70-1a288e2f77c7@group-75987F7FE399:t85, leader=null, voted=df12c920-952d-4704-9c70-1a288e2f77c7, raftlog=df12c920-952d-4704-9c70-1a288e2f77c7@group-75987F7FE399-SegmentedRaftLog:OPENED:c-1,f-1,i0, conf=-1: [875da3d9-0dec-46c7-88bf-73f7a2372b64:192.168.69.89:39990, df12c920-952d-4704-9c70-1a288e2f77c7:192.168.69.89:43948, 9ceef694-dbcf-4070-b7b1-3b3c65b6a699:192.168.69.89:36536], old=null
2019-10-20 10:28:20,825 [df12c920-952d-4704-9c70-1a288e2f77c7@group-75987F7FE399-LeaderElection77] INFO  impl.RaftServerImpl (RaftServerImpl.java:setRole(184)) - df12c920-952d-4704-9c70-1a288e2f77c7@group-75987F7FE399: changes role from CANDIDATE to FOLLOWER at term 85 for DISCOVERED_A_NEW_TERM
2019-10-20 10:28:20,825 [df12c920-952d-4704-9c70-1a288e2f77c7@group-75987F7FE399-LeaderElection77] INFO  impl.RoleInfo (RoleInfo.java:shutdownLeaderElection(134)) - df12c920-952d-4704-9c70-1a288e2f77c7: shutdown LeaderElection
2019-10-20 10:28:20,825 [df12c920-952d-4704-9c70-1a288e2f77c7@group-75987F7FE399-LeaderElection77] INFO  impl.RoleInfo (RoleInfo.java:updateAndGet(143)) - df12c920-952d-4704-9c70-1a288e2f77c7: start FollowerState
2019-10-20 10:28:20,923 [Thread-746] INFO  impl.FollowerState (FollowerState.java:run(108)) - df12c920-952d-4704-9c70-1a288e2f77c7@group-75987F7FE399-FollowerState: change to CANDIDATE, lastRpcTime:97ms, electionTimeout:97ms
2019-10-20 10:28:20,923 [Thread-746] INFO  impl.RoleInfo (RoleInfo.java:shutdownFollowerState(121)) - df12c920-952d-4704-9c70-1a288e2f77c7: shutdown FollowerState
2019-10-20 10:28:20,923 [Thread-746] INFO  impl.RaftServerImpl (RaftServerImpl.java:setRole(184)) - df12c920-952d-4704-9c70-1a288e2f77c7@group-75987F7FE399: changes role from  FOLLOWER to CANDIDATE at term 85 for changeToCandidate
2019-10-20 10:28:20,923 [Thread-746] INFO  impl.RoleInfo (RoleInfo.java:updateAndGet(143)) - df12c920-952d-4704-9c70-1a288e2f77c7: start LeaderElection
2019-10-20 10:28:20,937 [df12c920-952d-4704-9c70-1a288e2f77c7@group-75987F7FE399-LeaderElection78] INFO  impl.LeaderElection (LeaderElection.java:askForVotes(178)) - df12c920-952d-4704-9c70-1a288e2f77c7@group-75987F7FE399-LeaderElection78: begin an election at term 86 for -1: [875da3d9-0dec-46c7-88bf-73f7a2372b64:192.168.69.89:39990, df12c920-952d-4704-9c70-1a288e2f77c7:192.168.69.89:43948, 9ceef694-dbcf-4070-b7b1-3b3c65b6a699:192.168.69.89:36536], old=null
2019-10-20 10:28:20,940 [grpc-default-executor-4] INFO  impl.RaftServerImpl (RaftServerImpl.java:setRole(184)) - 875da3d9-0dec-46c7-88bf-73f7a2372b64@group-75987F7FE399: changes role from  FOLLOWER to FOLLOWER at term 86 for recognizeCandidate:df12c920-952d-4704-9c70-1a288e2f77c7
2019-10-20 10:28:20,940 [grpc-default-executor-4] INFO  impl.RoleInfo (RoleInfo.java:shutdownFollowerState(121)) - 875da3d9-0dec-46c7-88bf-73f7a2372b64: shutdown FollowerState
2019-10-20 10:28:20,940 [grpc-default-executor-3] INFO  impl.RaftServerImpl (RaftServerImpl.java:setRole(184)) - 9ceef694-dbcf-4070-b7b1-3b3c65b6a699@group-75987F7FE399: changes role from  FOLLOWER to FOLLOWER at term 86 for recognizeCandidate:df12c920-952d-4704-9c70-1a288e2f77c7
2019-10-20 10:28:20,940 [grpc-default-executor-3] INFO  impl.RoleInfo (RoleInfo.java:shutdownFollowerState(121)) - 9ceef694-dbcf-4070-b7b1-3b3c65b6a699: shutdown FollowerState
2019-10-20 10:28:20,940 [Thread-744] INFO  impl.FollowerState (FollowerState.java:run(117)) - 875da3d9-0dec-46c7-88bf-73f7a2372b64@group-75987F7FE399-FollowerState was interrupted: java.lang.InterruptedException: sleep interrupted
2019-10-20 10:28:20,940 [Thread-745] INFO  impl.FollowerState (FollowerState.java:run(117)) - 9ceef694-dbcf-4070-b7b1-3b3c65b6a699@group-75987F7FE399-FollowerState was interrupted: java.lang.InterruptedException: sleep interrupted
2019-10-20 10:28:20,940 [grpc-default-executor-4] INFO  impl.RoleInfo (RoleInfo.java:updateAndGet(143)) - 875da3d9-0dec-46c7-88bf-73f7a2372b64: start FollowerState
2019-10-20 10:28:20,940 [grpc-default-executor-3] INFO  impl.RoleInfo (RoleInfo.java:updateAndGet(143)) - 9ceef694-dbcf-4070-b7b1-3b3c65b6a699: start FollowerState
2019-10-20 10:28:20,955 [df12c920-952d-4704-9c70-1a288e2f77c7@group-75987F7FE399-LeaderElection78] INFO  impl.LeaderElection (LeaderElection.java:logAndReturn(56)) - df12c920-952d-4704-9c70-1a288e2f77c7@group-75987F7FE399-LeaderElection78: Election REJECTED; received 2 response(s) [df12c920-952d-4704-9c70-1a288e2f77c7<-875da3d9-0dec-46c7-88bf-73f7a2372b64#0:FAIL-t86, df12c920-952d-4704-9c70-1a288e2f77c7<-9ceef694-dbcf-4070-b7b1-3b3c65b6a699#0:FAIL-t86] and 0 exception(s); df12c920-952d-4704-9c70-1a288e2f77c7@group-75987F7FE399:t86, leader=null, voted=df12c920-952d-4704-9c70-1a288e2f77c7, raftlog=df12c920-952d-4704-9c70-1a288e2f77c7@group-75987F7FE399-SegmentedRaftLog:OPENED:c-1,f-1,i0, conf=-1: [875da3d9-0dec-46c7-88bf-73f7a2372b64:192.168.69.89:39990, df12c920-952d-4704-9c70-1a288e2f77c7:192.168.69.89:43948, 9ceef694-dbcf-4070-b7b1-3b3c65b6a699:192.168.69.89:36536], old=null
2019-10-20 10:28:20,956 [df12c920-952d-4704-9c70-1a288e2f77c7@group-75987F7FE399-LeaderElection78] INFO  impl.RaftServerImpl (RaftServerImpl.java:setRole(184)) - df12c920-952d-4704-9c70-1a288e2f77c7@group-75987F7FE399: changes role from CANDIDATE to FOLLOWER at term 86 for DISCOVERED_A_NEW_TERM
2019-10-20 10:28:20,956 [df12c920-952d-4704-9c70-1a288e2f77c7@group-75987F7FE399-LeaderElection78] INFO  impl.RoleInfo (RoleInfo.java:shutdownLeaderElection(134)) - df12c920-952d-4704-9c70-1a288e2f77c7: shutdown LeaderElection
2019-10-20 10:28:20,956 [df12c920-952d-4704-9c70-1a288e2f77c7@group-75987F7FE399-LeaderElection78] INFO  impl.RoleInfo (RoleInfo.java:updateAndGet(143)) - df12c920-952d-4704-9c70-1a288e2f77c7: start FollowerState
2019-10-20 10:28:21,048 [Thread-752] INFO  impl.FollowerState (FollowerState.java:run(108)) - df12c920-952d-4704-9c70-1a288e2f77c7@group-75987F7FE399-FollowerState: change to CANDIDATE, lastRpcTime:92ms, electionTimeout:92ms
2019-10-20 10:28:21,049 [Thread-752] INFO  impl.RoleInfo (RoleInfo.java:shutdownFollowerState(121)) - df12c920-952d-4704-9c70-1a288e2f77c7: shutdown FollowerState
2019-10-20 10:28:21,049 [Thread-752] INFO  impl.RaftServerImpl (RaftServerImpl.java:setRole(184)) - df12c920-952d-4704-9c70-1a288e2f77c7@group-75987F7FE399: changes role from  FOLLOWER to CANDIDATE at term 86 for changeToCandidate
2019-10-20 10:28:21,049 [Thread-752] INFO  impl.RoleInfo (RoleInfo.java:updateAndGet(143)) - df12c920-952d-4704-9c70-1a288e2f77c7: start LeaderElection
2019-10-20 10:28:21,064 [df12c920-952d-4704-9c70-1a288e2f77c7@group-75987F7FE399-LeaderElection79] INFO  impl.LeaderElection (LeaderElection.java:askForVotes(178)) - df12c920-952d-4704-9c70-1a288e2f77c7@group-75987F7FE399-LeaderElection79: begin an election at term 87 for -1: [875da3d9-0dec-46c7-88bf-73f7a2372b64:192.168.69.89:39990, df12c920-952d-4704-9c70-1a288e2f77c7:192.168.69.89:43948, 9ceef694-dbcf-4070-b7b1-3b3c65b6a699:192.168.69.89:36536], old=null
2019-10-20 10:28:21,067 [grpc-default-executor-3] INFO  impl.RaftServerImpl (RaftServerImpl.java:setRole(184)) - 875da3d9-0dec-46c7-88bf-73f7a2372b64@group-75987F7FE399: changes role from  FOLLOWER to FOLLOWER at term 87 for recognizeCandidate:df12c920-952d-4704-9c70-1a288e2f77c7
2019-10-20 10:28:21,067 [grpc-default-executor-4] INFO  impl.RaftServerImpl (RaftServerImpl.java:setRole(184)) - 9ceef694-dbcf-4070-b7b1-3b3c65b6a699@group-75987F7FE399: changes role from  FOLLOWER to FOLLOWER at term 87 for recognizeCandidate:df12c920-952d-4704-9c70-1a288e2f77c7
2019-10-20 10:28:21,067 [grpc-default-executor-3] INFO  impl.RoleInfo (RoleInfo.java:shutdownFollowerState(121)) - 875da3d9-0dec-46c7-88bf-73f7a2372b64: shutdown FollowerState
2019-10-20 10:28:21,067 [grpc-default-executor-4] INFO  impl.RoleInfo (RoleInfo.java:shutdownFollowerState(121)) - 9ceef694-dbcf-4070-b7b1-3b3c65b6a699: shutdown FollowerState
2019-10-20 10:28:21,067 [Thread-750] INFO  impl.FollowerState (FollowerState.java:run(117)) - 875da3d9-0dec-46c7-88bf-73f7a2372b64@group-75987F7FE399-FollowerState was interrupted: java.lang.InterruptedException: sleep interrupted
2019-10-20 10:28:21,067 [grpc-default-executor-3] INFO  impl.RoleInfo (RoleInfo.java:updateAndGet(143)) - 875da3d9-0dec-46c7-88bf-73f7a2372b64: start FollowerState
2019-10-20 10:28:21,067 [Thread-751] INFO  impl.FollowerState (FollowerState.java:run(117)) - 9ceef694-dbcf-4070-b7b1-3b3c65b6a699@group-75987F7FE399-FollowerState was interrupted: java.lang.InterruptedException: sleep interrupted
2019-10-20 10:28:21,067 [grpc-default-executor-4] INFO  impl.RoleInfo (RoleInfo.java:updateAndGet(143)) - 9ceef694-dbcf-4070-b7b1-3b3c65b6a699: start FollowerState
2019-10-20 10:28:21,094 [df12c920-952d-4704-9c70-1a288e2f77c7@group-75987F7FE399-LeaderElection79] INFO  impl.LeaderElection (LeaderElection.java:logAndReturn(56)) - df12c920-952d-4704-9c70-1a288e2f77c7@group-75987F7FE399-LeaderElection79: Election REJECTED; received 2 response(s) [df12c920-952d-4704-9c70-1a288e2f77c7<-875da3d9-0dec-46c7-88bf-73f7a2372b64#0:FAIL-t87, df12c920-952d-4704-9c70-1a288e2f77c7<-9ceef694-dbcf-4070-b7b1-3b3c65b6a699#0:FAIL-t87] and 0 exception(s); df12c920-952d-4704-9c70-1a288e2f77c7@group-75987F7FE399:t87, leader=null, voted=df12c920-952d-4704-9c70-1a288e2f77c7, raftlog=df12c920-952d-4704-9c70-1a288e2f77c7@group-75987F7FE399-SegmentedRaftLog:OPENED:c-1,f-1,i0, conf=-1: [875da3d9-0dec-46c7-88bf-73f7a2372b64:192.168.69.89:39990, df12c920-952d-4704-9c70-1a288e2f77c7:192.168.69.89:43948, 9ceef694-dbcf-4070-b7b1-3b3c65b6a699:192.168.69.89:36536], old=null
2019-10-20 10:28:21,094 [df12c920-952d-4704-9c70-1a288e2f77c7@group-75987F7FE399-LeaderElection79] INFO  impl.RaftServerImpl (RaftServerImpl.java:setRole(184)) - df12c920-952d-4704-9c70-1a288e2f77c7@group-75987F7FE399: changes role from CANDIDATE to FOLLOWER at term 87 for DISCOVERED_A_NEW_TERM
2019-10-20 10:28:21,094 [df12c920-952d-4704-9c70-1a288e2f77c7@group-75987F7FE399-LeaderElection79] INFO  impl.RoleInfo (RoleInfo.java:shutdownLeaderElection(134)) - df12c920-952d-4704-9c70-1a288e2f77c7: shutdown LeaderElection
2019-10-20 10:28:21,094 [df12c920-952d-4704-9c70-1a288e2f77c7@group-75987F7FE399-LeaderElection79] INFO  impl.RoleInfo (RoleInfo.java:updateAndGet(143)) - df12c920-952d-4704-9c70-1a288e2f77c7: start FollowerState
2019-10-20 10:28:21,191 [Thread-758] INFO  impl.FollowerState (FollowerState.java:run(108)) - df12c920-952d-4704-9c70-1a288e2f77c7@group-75987F7FE399-FollowerState: change to CANDIDATE, lastRpcTime:96ms, electionTimeout:96ms
2019-10-20 10:28:21,191 [Thread-758] INFO  impl.RoleInfo (RoleInfo.java:shutdownFollowerState(121)) - df12c920-952d-4704-9c70-1a288e2f77c7: shutdown FollowerState
2019-10-20 10:28:21,191 [Thread-758] INFO  impl.RaftServerImpl (RaftServerImpl.java:setRole(184)) - df12c920-952d-4704-9c70-1a288e2f77c7@group-75987F7FE399: changes role from  FOLLOWER to CANDIDATE at term 87 for changeToCandidate
2019-10-20 10:28:21,191 [Thread-758] INFO  impl.RoleInfo (RoleInfo.java:updateAndGet(143)) - df12c920-952d-4704-9c70-1a288e2f77c7: start LeaderElection
2019-10-20 10:28:21,217 [df12c920-952d-4704-9c70-1a288e2f77c7@group-75987F7FE399-LeaderElection80] INFO  impl.LeaderElection (LeaderElection.java:askForVotes(178)) - df12c920-952d-4704-9c70-1a288e2f77c7@group-75987F7FE399-LeaderElection80: begin an election at term 88 for -1: [875da3d9-0dec-46c7-88bf-73f7a2372b64:192.168.69.89:39990, df12c920-952d-4704-9c70-1a288e2f77c7:192.168.69.89:43948, 9ceef694-dbcf-4070-b7b1-3b3c65b6a699:192.168.69.89:36536], old=null
2019-10-20 10:28:21,220 [grpc-default-executor-4] INFO  impl.RaftServerImpl (RaftServerImpl.java:setRole(184)) - 9ceef694-dbcf-4070-b7b1-3b3c65b6a699@group-75987F7FE399: changes role from  FOLLOWER to FOLLOWER at term 88 for recognizeCandidate:df12c920-952d-4704-9c70-1a288e2f77c7
2019-10-20 10:28:21,220 [grpc-default-executor-3] INFO  impl.RaftServerImpl (RaftServerImpl.java:setRole(184)) - 875da3d9-0dec-46c7-88bf-73f7a2372b64@group-75987F7FE399: changes role from  FOLLOWER to FOLLOWER at term 88 for recognizeCandidate:df12c920-952d-4704-9c70-1a288e2f77c7
2019-10-20 10:28:21,221 [grpc-default-executor-3] INFO  impl.RoleInfo (RoleInfo.java:shutdownFollowerState(121)) - 875da3d9-0dec-46c7-88bf-73f7a2372b64: shutdown FollowerState
2019-10-20 10:28:21,221 [grpc-default-executor-4] INFO  impl.RoleInfo (RoleInfo.java:shutdownFollowerState(121)) - 9ceef694-dbcf-4070-b7b1-3b3c65b6a699: shutdown FollowerState
2019-10-20 10:28:21,221 [Thread-756] INFO  impl.FollowerState (FollowerState.java:run(117)) - 875da3d9-0dec-46c7-88bf-73f7a2372b64@group-75987F7FE399-FollowerState was interrupted: java.lang.InterruptedException: sleep interrupted
2019-10-20 10:28:21,221 [grpc-default-executor-3] INFO  impl.RoleInfo (RoleInfo.java:updateAndGet(143)) - 875da3d9-0dec-46c7-88bf-73f7a2372b64: start FollowerState
2019-10-20 10:28:21,221 [grpc-default-executor-4] INFO  impl.RoleInfo (RoleInfo.java:updateAndGet(143)) - 9ceef694-dbcf-4070-b7b1-3b3c65b6a699: start FollowerState
2019-10-20 10:28:21,221 [Thread-757] INFO  impl.FollowerState (FollowerState.java:run(117)) - 9ceef694-dbcf-4070-b7b1-3b3c65b6a699@group-75987F7FE399-FollowerState was interrupted: java.lang.InterruptedException: sleep interrupted
2019-10-20 10:28:21,231 [df12c920-952d-4704-9c70-1a288e2f77c7@group-75987F7FE399-LeaderElection80] INFO  impl.LeaderElection (LeaderElection.java:logAndReturn(56)) - df12c920-952d-4704-9c70-1a288e2f77c7@group-75987F7FE399-LeaderElection80: Election TIMEOUT; received 0 response(s) [] and 0 exception(s); df12c920-952d-4704-9c70-1a288e2f77c7@group-75987F7FE399:t88, leader=null, voted=df12c920-952d-4704-9c70-1a288e2f77c7, raftlog=df12c920-952d-4704-9c70-1a288e2f77c7@group-75987F7FE399-SegmentedRaftLog:OPENED:c-1,f-1,i0, conf=-1: [875da3d9-0dec-46c7-88bf-73f7a2372b64:192.168.69.89:39990, df12c920-952d-4704-9c70-1a288e2f77c7:192.168.69.89:43948, 9ceef694-dbcf-4070-b7b1-3b3c65b6a699:192.168.69.89:36536], old=null
2019-10-20 10:28:21,235 [df12c920-952d-4704-9c70-1a288e2f77c7@group-75987F7FE399-LeaderElection80] INFO  impl.LeaderElection (LeaderElection.java:askForVotes(178)) - df12c920-952d-4704-9c70-1a288e2f77c7@group-75987F7FE399-LeaderElection80: begin an election at term 89 for -1: [875da3d9-0dec-46c7-88bf-73f7a2372b64:192.168.69.89:39990, df12c920-952d-4704-9c70-1a288e2f77c7:192.168.69.89:43948, 9ceef694-dbcf-4070-b7b1-3b3c65b6a699:192.168.69.89:36536], old=null
2019-10-20 10:28:21,237 [grpc-default-executor-4] INFO  impl.RaftServerImpl (RaftServerImpl.java:setRole(184)) - 875da3d9-0dec-46c7-88bf-73f7a2372b64@group-75987F7FE399: changes role from  FOLLOWER to FOLLOWER at term 89 for recognizeCandidate:df12c920-952d-4704-9c70-1a288e2f77c7
2019-10-20 10:28:21,237 [grpc-default-executor-3] INFO  impl.RaftServerImpl (RaftServerImpl.java:setRole(184)) - 9ceef694-dbcf-4070-b7b1-3b3c65b6a699@group-75987F7FE399: changes role from  FOLLOWER to FOLLOWER at term 89 for recognizeCandidate:df12c920-952d-4704-9c70-1a288e2f77c7
2019-10-20 10:28:21,237 [grpc-default-executor-4] INFO  impl.RoleInfo (RoleInfo.java:shutdownFollowerState(121)) - 875da3d9-0dec-46c7-88bf-73f7a2372b64: shutdown FollowerState
2019-10-20 10:28:21,237 [grpc-default-executor-3] INFO  impl.RoleInfo (RoleInfo.java:shutdownFollowerState(121)) - 9ceef694-dbcf-4070-b7b1-3b3c65b6a699: shutdown FollowerState
2019-10-20 10:28:21,237 [Thread-762] INFO  impl.FollowerState (FollowerState.java:run(117)) - 875da3d9-0dec-46c7-88bf-73f7a2372b64@group-75987F7FE399-FollowerState was interrupted: java.lang.InterruptedException: sleep interrupted
2019-10-20 10:28:21,238 [Thread-763] INFO  impl.FollowerState (FollowerState.java:run(117)) - 9ceef694-dbcf-4070-b7b1-3b3c65b6a699@group-75987F7FE399-FollowerState was interrupted: java.lang.InterruptedException: sleep interrupted
2019-10-20 10:28:21,238 [grpc-default-executor-3] INFO  impl.RoleInfo (RoleInfo.java:updateAndGet(143)) - 9ceef694-dbcf-4070-b7b1-3b3c65b6a699: start FollowerState
2019-10-20 10:28:21,237 [grpc-default-executor-4] INFO  impl.RoleInfo (RoleInfo.java:updateAndGet(143)) - 875da3d9-0dec-46c7-88bf-73f7a2372b64: start FollowerState
2019-10-20 10:28:21,254 [df12c920-952d-4704-9c70-1a288e2f77c7@group-75987F7FE399-LeaderElection80] INFO  impl.LeaderElection (LeaderElection.java:logAndReturn(56)) - df12c920-952d-4704-9c70-1a288e2f77c7@group-75987F7FE399-LeaderElection80: Election REJECTED; received 2 response(s) [df12c920-952d-4704-9c70-1a288e2f77c7<-875da3d9-0dec-46c7-88bf-73f7a2372b64#0:FAIL-t89, df12c920-952d-4704-9c70-1a288e2f77c7<-9ceef694-dbcf-4070-b7b1-3b3c65b6a699#0:FAIL-t89] and 0 exception(s); df12c920-952d-4704-9c70-1a288e2f77c7@group-75987F7FE399:t89, leader=null, voted=df12c920-952d-4704-9c70-1a288e2f77c7, raftlog=df12c920-952d-4704-9c70-1a288e2f77c7@group-75987F7FE399-SegmentedRaftLog:OPENED:c-1,f-1,i0, conf=-1: [875da3d9-0dec-46c7-88bf-73f7a2372b64:192.168.69.89:39990, df12c920-952d-4704-9c70-1a288e2f77c7:192.168.69.89:43948, 9ceef694-dbcf-4070-b7b1-3b3c65b6a699:192.168.69.89:36536], old=null
2019-10-20 10:28:21,254 [df12c920-952d-4704-9c70-1a288e2f77c7@group-75987F7FE399-LeaderElection80] INFO  impl.RaftServerImpl (RaftServerImpl.java:setRole(184)) - df12c920-952d-4704-9c70-1a288e2f77c7@group-75987F7FE399: changes role from CANDIDATE to FOLLOWER at term 89 for DISCOVERED_A_NEW_TERM
2019-10-20 10:28:21,254 [df12c920-952d-4704-9c70-1a288e2f77c7@group-75987F7FE399-LeaderElection80] INFO  impl.RoleInfo (RoleInfo.java:shutdownLeaderElection(134)) - df12c920-952d-4704-9c70-1a288e2f77c7: shutdown LeaderElection
2019-10-20 10:28:21,254 [df12c920-952d-4704-9c70-1a288e2f77c7@group-75987F7FE399-LeaderElection80] INFO  impl.RoleInfo (RoleInfo.java:updateAndGet(143)) - df12c920-952d-4704-9c70-1a288e2f77c7: start FollowerState
2019-10-20 10:28:21,453 [Thread-768] INFO  impl.FollowerState (FollowerState.java:run(108)) - df12c920-952d-4704-9c70-1a288e2f77c7@group-75987F7FE399-FollowerState: change to CANDIDATE, lastRpcTime:198ms, electionTimeout:198ms
2019-10-20 10:28:21,453 [Thread-768] INFO  impl.RoleInfo (RoleInfo.java:shutdownFollowerState(121)) - df12c920-952d-4704-9c70-1a288e2f77c7: shutdown FollowerState
2019-10-20 10:28:21,453 [Thread-768] INFO  impl.RaftServerImpl (RaftServerImpl.java:setRole(184)) - df12c920-952d-4704-9c70-1a288e2f77c7@group-75987F7FE399: changes role from  FOLLOWER to CANDIDATE at term 89 for changeToCandidate
2019-10-20 10:28:21,453 [Thread-768] INFO  impl.RoleInfo (RoleInfo.java:updateAndGet(143)) - df12c920-952d-4704-9c70-1a288e2f77c7: start LeaderElection
2019-10-20 10:28:21,466 [df12c920-952d-4704-9c70-1a288e2f77c7@group-75987F7FE399-LeaderElection81] INFO  impl.LeaderElection (LeaderElection.java:askForVotes(178)) - df12c920-952d-4704-9c70-1a288e2f77c7@group-75987F7FE399-LeaderElection81: begin an election at term 90 for -1: [875da3d9-0dec-46c7-88bf-73f7a2372b64:192.168.69.89:39990, df12c920-952d-4704-9c70-1a288e2f77c7:192.168.69.89:43948, 9ceef694-dbcf-4070-b7b1-3b3c65b6a699:192.168.69.89:36536], old=null
2019-10-20 10:28:21,470 [grpc-default-executor-3] INFO  impl.RaftServerImpl (RaftServerImpl.java:setRole(184)) - 9ceef694-dbcf-4070-b7b1-3b3c65b6a699@group-75987F7FE399: changes role from  FOLLOWER to FOLLOWER at term 90 for recognizeCandidate:df12c920-952d-4704-9c70-1a288e2f77c7
2019-10-20 10:28:21,470 [grpc-default-executor-4] INFO  impl.RaftServerImpl (RaftServerImpl.java:setRole(184)) - 875da3d9-0dec-46c7-88bf-73f7a2372b64@group-75987F7FE399: changes role from  FOLLOWER to FOLLOWER at term 90 for recognizeCandidate:df12c920-952d-4704-9c70-1a288e2f77c7
2019-10-20 10:28:21,470 [grpc-default-executor-3] INFO  impl.RoleInfo (RoleInfo.java:shutdownFollowerState(121)) - 9ceef694-dbcf-4070-b7b1-3b3c65b6a699: shutdown FollowerState
2019-10-20 10:28:21,470 [grpc-default-executor-4] INFO  impl.RoleInfo (RoleInfo.java:shutdownFollowerState(121)) - 875da3d9-0dec-46c7-88bf-73f7a2372b64: shutdown FollowerState
2019-10-20 10:28:21,470 [grpc-default-executor-3] INFO  impl.RoleInfo (RoleInfo.java:updateAndGet(143)) - 9ceef694-dbcf-4070-b7b1-3b3c65b6a699: start FollowerState
2019-10-20 10:28:21,470 [grpc-default-executor-4] INFO  impl.RoleInfo (RoleInfo.java:updateAndGet(143)) - 875da3d9-0dec-46c7-88bf-73f7a2372b64: start FollowerState
2019-10-20 10:28:21,470 [Thread-766] INFO  impl.FollowerState (FollowerState.java:run(117)) - 875da3d9-0dec-46c7-88bf-73f7a2372b64@group-75987F7FE399-FollowerState was interrupted: java.lang.InterruptedException: sleep interrupted
2019-10-20 10:28:21,470 [Thread-767] INFO  impl.FollowerState (FollowerState.java:run(117)) - 9ceef694-dbcf-4070-b7b1-3b3c65b6a699@group-75987F7FE399-FollowerState was interrupted: java.lang.InterruptedException: sleep interrupted
2019-10-20 10:28:21,483 [df12c920-952d-4704-9c70-1a288e2f77c7@group-75987F7FE399-LeaderElection81] INFO  impl.LeaderElection (LeaderElection.java:logAndReturn(56)) - df12c920-952d-4704-9c70-1a288e2f77c7@group-75987F7FE399-LeaderElection81: Election REJECTED; received 2 response(s) [df12c920-952d-4704-9c70-1a288e2f77c7<-875da3d9-0dec-46c7-88bf-73f7a2372b64#0:FAIL-t90, df12c920-952d-4704-9c70-1a288e2f77c7<-9ceef694-dbcf-4070-b7b1-3b3c65b6a699#0:FAIL-t90] and 0 exception(s); df12c920-952d-4704-9c70-1a288e2f77c7@group-75987F7FE399:t90, leader=null, voted=df12c920-952d-4704-9c70-1a288e2f77c7, raftlog=df12c920-952d-4704-9c70-1a288e2f77c7@group-75987F7FE399-SegmentedRaftLog:OPENED:c-1,f-1,i0, conf=-1: [875da3d9-0dec-46c7-88bf-73f7a2372b64:192.168.69.89:39990, df12c920-952d-4704-9c70-1a288e2f77c7:192.168.69.89:43948, 9ceef694-dbcf-4070-b7b1-3b3c65b6a699:192.168.69.89:36536], old=null
2019-10-20 10:28:21,484 [df12c920-952d-4704-9c70-1a288e2f77c7@group-75987F7FE399-LeaderElection81] INFO  impl.RaftServerImpl (RaftServerImpl.java:setRole(184)) - df12c920-952d-4704-9c70-1a288e2f77c7@group-75987F7FE399: changes role from CANDIDATE to FOLLOWER at term 90 for DISCOVERED_A_NEW_TERM
2019-10-20 10:28:21,484 [df12c920-952d-4704-9c70-1a288e2f77c7@group-75987F7FE399-LeaderElection81] INFO  impl.RoleInfo (RoleInfo.java:shutdownLeaderElection(134)) - df12c920-952d-4704-9c70-1a288e2f77c7: shutdown LeaderElection
2019-10-20 10:28:21,484 [df12c920-952d-4704-9c70-1a288e2f77c7@group-75987F7FE399-LeaderElection81] INFO  impl.RoleInfo (RoleInfo.java:updateAndGet(143)) - df12c920-952d-4704-9c70-1a288e2f77c7: start FollowerState
2019-10-20 10:28:21,677 [Thread-774] INFO  impl.FollowerState (FollowerState.java:run(108)) - df12c920-952d-4704-9c70-1a288e2f77c7@group-75987F7FE399-FollowerState: change to CANDIDATE, lastRpcTime:193ms, electionTimeout:193ms
2019-10-20 10:28:21,678 [Thread-774] INFO  impl.RoleInfo (RoleInfo.java:shutdownFollowerState(121)) - df12c920-952d-4704-9c70-1a288e2f77c7: shutdown FollowerState
2019-10-20 10:28:21,678 [Thread-774] INFO  impl.RaftServerImpl (RaftServerImpl.java:setRole(184)) - df12c920-952d-4704-9c70-1a288e2f77c7@group-75987F7FE399: changes role from  FOLLOWER to CANDIDATE at term 90 for changeToCandidate
2019-10-20 10:28:21,678 [Thread-774] INFO  impl.RoleInfo (RoleInfo.java:updateAndGet(143)) - df12c920-952d-4704-9c70-1a288e2f77c7: start LeaderElection
2019-10-20 10:28:21,702 [df12c920-952d-4704-9c70-1a288e2f77c7@group-75987F7FE399-LeaderElection82] INFO  impl.LeaderElection (LeaderElection.java:askForVotes(178)) - df12c920-952d-4704-9c70-1a288e2f77c7@group-75987F7FE399-LeaderElection82: begin an election at term 91 for -1: [875da3d9-0dec-46c7-88bf-73f7a2372b64:192.168.69.89:39990, df12c920-952d-4704-9c70-1a288e2f77c7:192.168.69.89:43948, 9ceef694-dbcf-4070-b7b1-3b3c65b6a699:192.168.69.89:36536], old=null
2019-10-20 10:28:21,704 [df12c920-952d-4704-9c70-1a288e2f77c7@group-75987F7FE399-LeaderElection82] INFO  impl.LeaderElection (LeaderElection.java:logAndReturn(56)) - df12c920-952d-4704-9c70-1a288e2f77c7@group-75987F7FE399-LeaderElection82: Election TIMEOUT; received 0 response(s) [] and 0 exception(s); df12c920-952d-4704-9c70-1a288e2f77c7@group-75987F7FE399:t91, leader=null, voted=df12c920-952d-4704-9c70-1a288e2f77c7, raftlog=df12c920-952d-4704-9c70-1a288e2f77c7@group-75987F7FE399-SegmentedRaftLog:OPENED:c-1,f-1,i0, conf=-1: [875da3d9-0dec-46c7-88bf-73f7a2372b64:192.168.69.89:39990, df12c920-952d-4704-9c70-1a288e2f77c7:192.168.69.89:43948, 9ceef694-dbcf-4070-b7b1-3b3c65b6a699:192.168.69.89:36536], old=null
2019-10-20 10:28:21,705 [grpc-default-executor-3] INFO  impl.RaftServerImpl (RaftServerImpl.java:setRole(184)) - 9ceef694-dbcf-4070-b7b1-3b3c65b6a699@group-75987F7FE399: changes role from  FOLLOWER to FOLLOWER at term 91 for recognizeCandidate:df12c920-952d-4704-9c70-1a288e2f77c7
2019-10-20 10:28:21,705 [grpc-default-executor-3] INFO  impl.RoleInfo (RoleInfo.java:shutdownFollowerState(121)) - 9ceef694-dbcf-4070-b7b1-3b3c65b6a699: shutdown FollowerState
2019-10-20 10:28:21,705 [grpc-default-executor-4] INFO  impl.RaftServerImpl (RaftServerImpl.java:setRole(184)) - 875da3d9-0dec-46c7-88bf-73f7a2372b64@group-75987F7FE399: changes role from  FOLLOWER to FOLLOWER at term 91 for recognizeCandidate:df12c920-952d-4704-9c70-1a288e2f77c7
2019-10-20 10:28:21,705 [Thread-772] INFO  impl.FollowerState (FollowerState.java:run(117)) - 9ceef694-dbcf-4070-b7b1-3b3c65b6a699@group-75987F7FE399-FollowerState was interrupted: java.lang.InterruptedException: sleep interrupted
2019-10-20 10:28:21,705 [grpc-default-executor-3] INFO  impl.RoleInfo (RoleInfo.java:updateAndGet(143)) - 9ceef694-dbcf-4070-b7b1-3b3c65b6a699: start FollowerState
2019-10-20 10:28:21,705 [grpc-default-executor-4] INFO  impl.RoleInfo (RoleInfo.java:shutdownFollowerState(121)) - 875da3d9-0dec-46c7-88bf-73f7a2372b64: shutdown FollowerState
2019-10-20 10:28:21,705 [grpc-default-executor-4] INFO  impl.RoleInfo (RoleInfo.java:updateAndGet(143)) - 875da3d9-0dec-46c7-88bf-73f7a2372b64: start FollowerState
2019-10-20 10:28:21,705 [Thread-773] INFO  impl.FollowerState (FollowerState.java:run(117)) - 875da3d9-0dec-46c7-88bf-73f7a2372b64@group-75987F7FE399-FollowerState was interrupted: java.lang.InterruptedException: sleep interrupted
2019-10-20 10:28:21,730 [df12c920-952d-4704-9c70-1a288e2f77c7@group-75987F7FE399-LeaderElection82] INFO  impl.LeaderElection (LeaderElection.java:askForVotes(178)) - df12c920-952d-4704-9c70-1a288e2f77c7@group-75987F7FE399-LeaderElection82: begin an election at term 92 for -1: [875da3d9-0dec-46c7-88bf-73f7a2372b64:192.168.69.89:39990, df12c920-952d-4704-9c70-1a288e2f77c7:192.168.69.89:43948, 9ceef694-dbcf-4070-b7b1-3b3c65b6a699:192.168.69.89:36536], old=null
2019-10-20 10:28:21,732 [grpc-default-executor-3] INFO  impl.RaftServerImpl (RaftServerImpl.java:setRole(184)) - 9ceef694-dbcf-4070-b7b1-3b3c65b6a699@group-75987F7FE399: changes role from  FOLLOWER to FOLLOWER at term 92 for recognizeCandidate:df12c920-952d-4704-9c70-1a288e2f77c7
2019-10-20 10:28:21,732 [grpc-default-executor-4] INFO  impl.RaftServerImpl (RaftServerImpl.java:setRole(184)) - 875da3d9-0dec-46c7-88bf-73f7a2372b64@group-75987F7FE399: changes role from  FOLLOWER to FOLLOWER at term 92 for recognizeCandidate:df12c920-952d-4704-9c70-1a288e2f77c7
2019-10-20 10:28:21,732 [grpc-default-executor-3] INFO  impl.RoleInfo (RoleInfo.java:shutdownFollowerState(121)) - 9ceef694-dbcf-4070-b7b1-3b3c65b6a699: shutdown FollowerState
2019-10-20 10:28:21,732 [grpc-default-executor-4] INFO  impl.RoleInfo (RoleInfo.java:shutdownFollowerState(121)) - 875da3d9-0dec-46c7-88bf-73f7a2372b64: shutdown FollowerState
2019-10-20 10:28:21,732 [Thread-780] INFO  impl.FollowerState (FollowerState.java:run(117)) - 9ceef694-dbcf-4070-b7b1-3b3c65b6a699@group-75987F7FE399-FollowerState was interrupted: java.lang.InterruptedException: sleep interrupted
2019-10-20 10:28:21,732 [grpc-default-executor-3] INFO  impl.RoleInfo (RoleInfo.java:updateAndGet(143)) - 9ceef694-dbcf-4070-b7b1-3b3c65b6a699: start FollowerState
2019-10-20 10:28:21,732 [Thread-781] INFO  impl.FollowerState (FollowerState.java:run(117)) - 875da3d9-0dec-46c7-88bf-73f7a2372b64@group-75987F7FE399-FollowerState was interrupted: java.lang.InterruptedException: sleep interrupted
2019-10-20 10:28:21,732 [grpc-default-executor-4] INFO  impl.RoleInfo (RoleInfo.java:updateAndGet(143)) - 875da3d9-0dec-46c7-88bf-73f7a2372b64: start FollowerState
2019-10-20 10:28:21,744 [df12c920-952d-4704-9c70-1a288e2f77c7@group-75987F7FE399-LeaderElection82] INFO  impl.LeaderElection (LeaderElection.java:logAndReturn(56)) - df12c920-952d-4704-9c70-1a288e2f77c7@group-75987F7FE399-LeaderElection82: Election REJECTED; received 2 response(s) [df12c920-952d-4704-9c70-1a288e2f77c7<-875da3d9-0dec-46c7-88bf-73f7a2372b64#0:FAIL-t92, df12c920-952d-4704-9c70-1a288e2f77c7<-9ceef694-dbcf-4070-b7b1-3b3c65b6a699#0:FAIL-t92] and 0 exception(s); df12c920-952d-4704-9c70-1a288e2f77c7@group-75987F7FE399:t92, leader=null, voted=df12c920-952d-4704-9c70-1a288e2f77c7, raftlog=df12c920-952d-4704-9c70-1a288e2f77c7@group-75987F7FE399-SegmentedRaftLog:OPENED:c-1,f-1,i0, conf=-1: [875da3d9-0dec-46c7-88bf-73f7a2372b64:192.168.69.89:39990, df12c920-952d-4704-9c70-1a288e2f77c7:192.168.69.89:43948, 9ceef694-dbcf-4070-b7b1-3b3c65b6a699:192.168.69.89:36536], old=null
2019-10-20 10:28:21,745 [df12c920-952d-4704-9c70-1a288e2f77c7@group-75987F7FE399-LeaderElection82] INFO  impl.RaftServerImpl (RaftServerImpl.java:setRole(184)) - df12c920-952d-4704-9c70-1a288e2f77c7@group-75987F7FE399: changes role from CANDIDATE to FOLLOWER at term 92 for DISCOVERED_A_NEW_TERM
2019-10-20 10:28:21,745 [df12c920-952d-4704-9c70-1a288e2f77c7@group-75987F7FE399-LeaderElection82] INFO  impl.RoleInfo (RoleInfo.java:shutdownLeaderElection(134)) - df12c920-952d-4704-9c70-1a288e2f77c7: shutdown LeaderElection
2019-10-20 10:28:21,745 [df12c920-952d-4704-9c70-1a288e2f77c7@group-75987F7FE399-LeaderElection82] INFO  impl.RoleInfo (RoleInfo.java:updateAndGet(143)) - df12c920-952d-4704-9c70-1a288e2f77c7: start FollowerState
2019-10-20 10:28:21,846 [Thread-786] INFO  impl.FollowerState (FollowerState.java:run(108)) - df12c920-952d-4704-9c70-1a288e2f77c7@group-75987F7FE399-FollowerState: change to CANDIDATE, lastRpcTime:101ms, electionTimeout:101ms
2019-10-20 10:28:21,847 [Thread-786] INFO  impl.RoleInfo (RoleInfo.java:shutdownFollowerState(121)) - df12c920-952d-4704-9c70-1a288e2f77c7: shutdown FollowerState
2019-10-20 10:28:21,847 [Thread-786] INFO  impl.RaftServerImpl (RaftServerImpl.java:setRole(184)) - df12c920-952d-4704-9c70-1a288e2f77c7@group-75987F7FE399: changes role from  FOLLOWER to CANDIDATE at term 92 for changeToCandidate
2019-10-20 10:28:21,847 [Thread-786] INFO  impl.RoleInfo (RoleInfo.java:updateAndGet(143)) - df12c920-952d-4704-9c70-1a288e2f77c7: start LeaderElection
2019-10-20 10:28:21,873 [df12c920-952d-4704-9c70-1a288e2f77c7@group-75987F7FE399-LeaderElection83] INFO  impl.LeaderElection (LeaderElection.java:askForVotes(178)) - df12c920-952d-4704-9c70-1a288e2f77c7@group-75987F7FE399-LeaderElection83: begin an election at term 93 for -1: [875da3d9-0dec-46c7-88bf-73f7a2372b64:192.168.69.89:39990, df12c920-952d-4704-9c70-1a288e2f77c7:192.168.69.89:43948, 9ceef694-dbcf-4070-b7b1-3b3c65b6a699:192.168.69.89:36536], old=null
2019-10-20 10:28:21,875 [grpc-default-executor-4] INFO  impl.RaftServerImpl (RaftServerImpl.java:setRole(184)) - 875da3d9-0dec-46c7-88bf-73f7a2372b64@group-75987F7FE399: changes role from  FOLLOWER to FOLLOWER at term 93 for recognizeCandidate:df12c920-952d-4704-9c70-1a288e2f77c7
2019-10-20 10:28:21,876 [grpc-default-executor-3] INFO  impl.RaftServerImpl (RaftServerImpl.java:setRole(184)) - 9ceef694-dbcf-4070-b7b1-3b3c65b6a699@group-75987F7FE399: changes role from  FOLLOWER to FOLLOWER at term 93 for recognizeCandidate:df12c920-952d-4704-9c70-1a288e2f77c7
2019-10-20 10:28:21,876 [grpc-default-executor-3] INFO  impl.RoleInfo (RoleInfo.java:shutdownFollowerState(121)) - 9ceef694-dbcf-4070-b7b1-3b3c65b6a699: shutdown FollowerState
2019-10-20 10:28:21,876 [grpc-default-executor-4] INFO  impl.RoleInfo (RoleInfo.java:shutdownFollowerState(121)) - 875da3d9-0dec-46c7-88bf-73f7a2372b64: shutdown FollowerState
2019-10-20 10:28:21,876 [Thread-784] INFO  impl.FollowerState (FollowerState.java:run(117)) - 9ceef694-dbcf-4070-b7b1-3b3c65b6a699@group-75987F7FE399-FollowerState was interrupted: java.lang.InterruptedException: sleep interrupted
2019-10-20 10:28:21,876 [grpc-default-executor-3] INFO  impl.RoleInfo (RoleInfo.java:updateAndGet(143)) - 9ceef694-dbcf-4070-b7b1-3b3c65b6a699: start FollowerState
2019-10-20 10:28:21,876 [Thread-785] INFO  impl.FollowerState (FollowerState.java:run(117)) - 875da3d9-0dec-46c7-88bf-73f7a2372b64@group-75987F7FE399-FollowerState was interrupted: java.lang.InterruptedException: sleep interrupted
2019-10-20 10:28:21,876 [grpc-default-executor-4] INFO  impl.RoleInfo (RoleInfo.java:updateAndGet(143)) - 875da3d9-0dec-46c7-88bf-73f7a2372b64: start FollowerState
2019-10-20 10:28:21,891 [df12c920-952d-4704-9c70-1a288e2f77c7@group-75987F7FE399-LeaderElection83] INFO  impl.LeaderElection (LeaderElection.java:logAndReturn(56)) - df12c920-952d-4704-9c70-1a288e2f77c7@group-75987F7FE399-LeaderElection83: Election REJECTED; received 2 response(s) [df12c920-952d-4704-9c70-1a288e2f77c7<-875da3d9-0dec-46c7-88bf-73f7a2372b64#0:FAIL-t93, df12c920-952d-4704-9c70-1a288e2f77c7<-9ceef694-dbcf-4070-b7b1-3b3c65b6a699#0:FAIL-t93] and 0 exception(s); df12c920-952d-4704-9c70-1a288e2f77c7@group-75987F7FE399:t93, leader=null, voted=df12c920-952d-4704-9c70-1a288e2f77c7, raftlog=df12c920-952d-4704-9c70-1a288e2f77c7@group-75987F7FE399-SegmentedRaftLog:OPENED:c-1,f-1,i0, conf=-1: [875da3d9-0dec-46c7-88bf-73f7a2372b64:192.168.69.89:39990, df12c920-952d-4704-9c70-1a288e2f77c7:192.168.69.89:43948, 9ceef694-dbcf-4070-b7b1-3b3c65b6a699:192.168.69.89:36536], old=null
2019-10-20 10:28:21,892 [df12c920-952d-4704-9c70-1a288e2f77c7@group-75987F7FE399-LeaderElection83] INFO  impl.RaftServerImpl (RaftServerImpl.java:setRole(184)) - df12c920-952d-4704-9c70-1a288e2f77c7@group-75987F7FE399: changes role from CANDIDATE to FOLLOWER at term 93 for DISCOVERED_A_NEW_TERM
2019-10-20 10:28:21,892 [df12c920-952d-4704-9c70-1a288e2f77c7@group-75987F7FE399-LeaderElection83] INFO  impl.RoleInfo (RoleInfo.java:shutdownLeaderElection(134)) - df12c920-952d-4704-9c70-1a288e2f77c7: shutdown LeaderElection
2019-10-20 10:28:21,892 [df12c920-952d-4704-9c70-1a288e2f77c7@group-75987F7FE399-LeaderElection83] INFO  impl.RoleInfo (RoleInfo.java:updateAndGet(143)) - df12c920-952d-4704-9c70-1a288e2f77c7: start FollowerState
2019-10-20 10:28:21,974 [Thread-792] INFO  impl.FollowerState (FollowerState.java:run(108)) - df12c920-952d-4704-9c70-1a288e2f77c7@group-75987F7FE399-FollowerState: change to CANDIDATE, lastRpcTime:82ms, electionTimeout:82ms
2019-10-20 10:28:21,974 [Thread-792] INFO  impl.RoleInfo (RoleInfo.java:shutdownFollowerState(121)) - df12c920-952d-4704-9c70-1a288e2f77c7: shutdown FollowerState
2019-10-20 10:28:21,974 [Thread-792] INFO  impl.RaftServerImpl (RaftServerImpl.java:setRole(184)) - df12c920-952d-4704-9c70-1a288e2f77c7@group-75987F7FE399: changes role from  FOLLOWER to CANDIDATE at term 93 for changeToCandidate
2019-10-20 10:28:21,975 [Thread-792] INFO  impl.RoleInfo (RoleInfo.java:updateAndGet(143)) - df12c920-952d-4704-9c70-1a288e2f77c7: start LeaderElection
2019-10-20 10:28:21,990 [df12c920-952d-4704-9c70-1a288e2f77c7@group-75987F7FE399-LeaderElection84] INFO  impl.LeaderElection (LeaderElection.java:askForVotes(178)) - df12c920-952d-4704-9c70-1a288e2f77c7@group-75987F7FE399-LeaderElection84: begin an election at term 94 for -1: [875da3d9-0dec-46c7-88bf-73f7a2372b64:192.168.69.89:39990, df12c920-952d-4704-9c70-1a288e2f77c7:192.168.69.89:43948, 9ceef694-dbcf-4070-b7b1-3b3c65b6a699:192.168.69.89:36536], old=null
2019-10-20 10:28:21,993 [grpc-default-executor-3] INFO  impl.RaftServerImpl (RaftServerImpl.java:setRole(184)) - 875da3d9-0dec-46c7-88bf-73f7a2372b64@group-75987F7FE399: changes role from  FOLLOWER to FOLLOWER at term 94 for recognizeCandidate:df12c920-952d-4704-9c70-1a288e2f77c7
2019-10-20 10:28:21,993 [grpc-default-executor-3] INFO  impl.RoleInfo (RoleInfo.java:shutdownFollowerState(121)) - 875da3d9-0dec-46c7-88bf-73f7a2372b64: shutdown FollowerState
2019-10-20 10:28:21,993 [grpc-default-executor-4] INFO  impl.RaftServerImpl (RaftServerImpl.java:setRole(184)) - 9ceef694-dbcf-4070-b7b1-3b3c65b6a699@group-75987F7FE399: changes role from  FOLLOWER to FOLLOWER at term 94 for recognizeCandidate:df12c920-952d-4704-9c70-1a288e2f77c7
2019-10-20 10:28:21,993 [Thread-791] INFO  impl.FollowerState (FollowerState.java:run(117)) - 875da3d9-0dec-46c7-88bf-73f7a2372b64@group-75987F7FE399-FollowerState was interrupted: java.lang.InterruptedException: sleep interrupted
2019-10-20 10:28:21,993 [grpc-default-executor-3] INFO  impl.RoleInfo (RoleInfo.java:updateAndGet(143)) - 875da3d9-0dec-46c7-88bf-73f7a2372b64: start FollowerState
2019-10-20 10:28:21,993 [grpc-default-executor-4] INFO  impl.RoleInfo (RoleInfo.java:shutdownFollowerState(121)) - 9ceef694-dbcf-4070-b7b1-3b3c65b6a699: shutdown FollowerState
2019-10-20 10:28:21,994 [grpc-default-executor-4] INFO  impl.RoleInfo (RoleInfo.java:updateAndGet(143)) - 9ceef694-dbcf-4070-b7b1-3b3c65b6a699: start FollowerState
2019-10-20 10:28:21,994 [Thread-790] INFO  impl.FollowerState (FollowerState.java:run(117)) - 9ceef694-dbcf-4070-b7b1-3b3c65b6a699@group-75987F7FE399-FollowerState was interrupted: java.lang.InterruptedException: sleep interrupted
2019-10-20 10:28:21,999 [df12c920-952d-4704-9c70-1a288e2f77c7@group-75987F7FE399-LeaderElection84] INFO  impl.LeaderElection (LeaderElection.java:logAndReturn(56)) - df12c920-952d-4704-9c70-1a288e2f77c7@group-75987F7FE399-LeaderElection84: Election TIMEOUT; received 0 response(s) [] and 0 exception(s); df12c920-952d-4704-9c70-1a288e2f77c7@group-75987F7FE399:t94, leader=null, voted=df12c920-952d-4704-9c70-1a288e2f77c7, raftlog=df12c920-952d-4704-9c70-1a288e2f77c7@group-75987F7FE399-SegmentedRaftLog:OPENED:c-1,f-1,i0, conf=-1: [875da3d9-0dec-46c7-88bf-73f7a2372b64:192.168.69.89:39990, df12c920-952d-4704-9c70-1a288e2f77c7:192.168.69.89:43948, 9ceef694-dbcf-4070-b7b1-3b3c65b6a699:192.168.69.89:36536], old=null
2019-10-20 10:28:22,003 [df12c920-952d-4704-9c70-1a288e2f77c7@group-75987F7FE399-LeaderElection84] INFO  impl.LeaderElection (LeaderElection.java:askForVotes(178)) - df12c920-952d-4704-9c70-1a288e2f77c7@group-75987F7FE399-LeaderElection84: begin an election at term 95 for -1: [875da3d9-0dec-46c7-88bf-73f7a2372b64:192.168.69.89:39990, df12c920-952d-4704-9c70-1a288e2f77c7:192.168.69.89:43948, 9ceef694-dbcf-4070-b7b1-3b3c65b6a699:192.168.69.89:36536], old=null
2019-10-20 10:28:22,005 [grpc-default-executor-3] INFO  impl.RaftServerImpl (RaftServerImpl.java:setRole(184)) - 875da3d9-0dec-46c7-88bf-73f7a2372b64@group-75987F7FE399: changes role from  FOLLOWER to FOLLOWER at term 95 for recognizeCandidate:df12c920-952d-4704-9c70-1a288e2f77c7
2019-10-20 10:28:22,005 [grpc-default-executor-3] INFO  impl.RoleInfo (RoleInfo.java:shutdownFollowerState(121)) - 875da3d9-0dec-46c7-88bf-73f7a2372b64: shutdown FollowerState
2019-10-20 10:28:22,005 [grpc-default-executor-3] INFO  impl.RoleInfo (RoleInfo.java:updateAndGet(143)) - 875da3d9-0dec-46c7-88bf-73f7a2372b64: start FollowerState
2019-10-20 10:28:22,006 [Thread-796] INFO  impl.FollowerState (FollowerState.java:run(117)) - 875da3d9-0dec-46c7-88bf-73f7a2372b64@group-75987F7FE399-FollowerState was interrupted: java.lang.InterruptedException: sleep interrupted
2019-10-20 10:28:22,006 [grpc-default-executor-4] INFO  impl.RaftServerImpl (RaftServerImpl.java:setRole(184)) - 9ceef694-dbcf-4070-b7b1-3b3c65b6a699@group-75987F7FE399: changes role from  FOLLOWER to FOLLOWER at term 95 for recognizeCandidate:df12c920-952d-4704-9c70-1a288e2f77c7
2019-10-20 10:28:22,006 [grpc-default-executor-4] INFO  impl.RoleInfo (RoleInfo.java:shutdownFollowerState(121)) - 9ceef694-dbcf-4070-b7b1-3b3c65b6a699: shutdown FollowerState
2019-10-20 10:28:22,006 [grpc-default-executor-4] INFO  impl.RoleInfo (RoleInfo.java:updateAndGet(143)) - 9ceef694-dbcf-4070-b7b1-3b3c65b6a699: start FollowerState
2019-10-20 10:28:22,006 [Thread-797] INFO  impl.FollowerState (FollowerState.java:run(117)) - 9ceef694-dbcf-4070-b7b1-3b3c65b6a699@group-75987F7FE399-FollowerState was interrupted: java.lang.InterruptedException: sleep interrupted
2019-10-20 10:28:22,019 [df12c920-952d-4704-9c70-1a288e2f77c7@group-75987F7FE399-LeaderElection84] INFO  impl.LeaderElection (LeaderElection.java:logAndReturn(56)) - df12c920-952d-4704-9c70-1a288e2f77c7@group-75987F7FE399-LeaderElection84: Election REJECTED; received 2 response(s) [df12c920-952d-4704-9c70-1a288e2f77c7<-875da3d9-0dec-46c7-88bf-73f7a2372b64#0:FAIL-t95, df12c920-952d-4704-9c70-1a288e2f77c7<-9ceef694-dbcf-4070-b7b1-3b3c65b6a699#0:FAIL-t95] and 0 exception(s); df12c920-952d-4704-9c70-1a288e2f77c7@group-75987F7FE399:t95, leader=null, voted=df12c920-952d-4704-9c70-1a288e2f77c7, raftlog=df12c920-952d-4704-9c70-1a288e2f77c7@group-75987F7FE399-SegmentedRaftLog:OPENED:c-1,f-1,i0, conf=-1: [875da3d9-0dec-46c7-88bf-73f7a2372b64:192.168.69.89:39990, df12c920-952d-4704-9c70-1a288e2f77c7:192.168.69.89:43948, 9ceef694-dbcf-4070-b7b1-3b3c65b6a699:192.168.69.89:36536], old=null
2019-10-20 10:28:22,019 [df12c920-952d-4704-9c70-1a288e2f77c7@group-75987F7FE399-LeaderElection84] INFO  impl.RaftServerImpl (RaftServerImpl.java:setRole(184)) - df12c920-952d-4704-9c70-1a288e2f77c7@group-75987F7FE399: changes role from CANDIDATE to FOLLOWER at term 95 for DISCOVERED_A_NEW_TERM
2019-10-20 10:28:22,019 [df12c920-952d-4704-9c70-1a288e2f77c7@group-75987F7FE399-LeaderElection84] INFO  impl.RoleInfo (RoleInfo.java:shutdownLeaderElection(134)) - df12c920-952d-4704-9c70-1a288e2f77c7: shutdown LeaderElection
2019-10-20 10:28:22,019 [df12c920-952d-4704-9c70-1a288e2f77c7@group-75987F7FE399-LeaderElection84] INFO  impl.RoleInfo (RoleInfo.java:updateAndGet(143)) - df12c920-952d-4704-9c70-1a288e2f77c7: start FollowerState
2019-10-20 10:28:22,024 [Thread-802] INFO  impl.FollowerState (FollowerState.java:run(108)) - df12c920-952d-4704-9c70-1a288e2f77c7@group-75987F7FE399-FollowerState: change to CANDIDATE, lastRpcTime:4ms, electionTimeout:4ms
2019-10-20 10:28:22,024 [Thread-802] INFO  impl.RoleInfo (RoleInfo.java:shutdownFollowerState(121)) - df12c920-952d-4704-9c70-1a288e2f77c7: shutdown FollowerState
2019-10-20 10:28:22,024 [Thread-802] INFO  impl.RaftServerImpl (RaftServerImpl.java:setRole(184)) - df12c920-952d-4704-9c70-1a288e2f77c7@group-75987F7FE399: changes role from  FOLLOWER to CANDIDATE at term 95 for changeToCandidate
2019-10-20 10:28:22,024 [Thread-802] INFO  impl.RoleInfo (RoleInfo.java:updateAndGet(143)) - df12c920-952d-4704-9c70-1a288e2f77c7: start LeaderElection
2019-10-20 10:28:22,039 [df12c920-952d-4704-9c70-1a288e2f77c7@group-75987F7FE399-LeaderElection85] INFO  impl.LeaderElection (LeaderElection.java:askForVotes(178)) - df12c920-952d-4704-9c70-1a288e2f77c7@group-75987F7FE399-LeaderElection85: begin an election at term 96 for -1: [875da3d9-0dec-46c7-88bf-73f7a2372b64:192.168.69.89:39990, df12c920-952d-4704-9c70-1a288e2f77c7:192.168.69.89:43948, 9ceef694-dbcf-4070-b7b1-3b3c65b6a699:192.168.69.89:36536], old=null
2019-10-20 10:28:22,040 [grpc-default-executor-4] INFO  impl.RaftServerImpl (RaftServerImpl.java:setRole(184)) - 875da3d9-0dec-46c7-88bf-73f7a2372b64@group-75987F7FE399: changes role from  FOLLOWER to FOLLOWER at term 96 for recognizeCandidate:df12c920-952d-4704-9c70-1a288e2f77c7
2019-10-20 10:28:22,041 [grpc-default-executor-4] INFO  impl.RoleInfo (RoleInfo.java:shutdownFollowerState(121)) - 875da3d9-0dec-46c7-88bf-73f7a2372b64: shutdown FollowerState
2019-10-20 10:28:22,041 [grpc-default-executor-4] INFO  impl.RoleInfo (RoleInfo.java:updateAndGet(143)) - 875da3d9-0dec-46c7-88bf-73f7a2372b64: start FollowerState
2019-10-20 10:28:22,041 [Thread-800] INFO  impl.FollowerState (FollowerState.java:run(117)) - 875da3d9-0dec-46c7-88bf-73f7a2372b64@group-75987F7FE399-FollowerState was interrupted: java.lang.InterruptedException: sleep interrupted
2019-10-20 10:28:22,041 [grpc-default-executor-3] INFO  impl.RaftServerImpl (RaftServerImpl.java:setRole(184)) - 9ceef694-dbcf-4070-b7b1-3b3c65b6a699@group-75987F7FE399: changes role from  FOLLOWER to FOLLOWER at term 96 for recognizeCandidate:df12c920-952d-4704-9c70-1a288e2f77c7
2019-10-20 10:28:22,041 [grpc-default-executor-3] INFO  impl.RoleInfo (RoleInfo.java:shutdownFollowerState(121)) - 9ceef694-dbcf-4070-b7b1-3b3c65b6a699: shutdown FollowerState
2019-10-20 10:28:22,041 [grpc-default-executor-3] INFO  impl.RoleInfo (RoleInfo.java:updateAndGet(143)) - 9ceef694-dbcf-4070-b7b1-3b3c65b6a699: start FollowerState
2019-10-20 10:28:22,042 [Thread-801] INFO  impl.FollowerState (FollowerState.java:run(117)) - 9ceef694-dbcf-4070-b7b1-3b3c65b6a699@group-75987F7FE399-FollowerState was interrupted: java.lang.InterruptedException: sleep interrupted
2019-10-20 10:28:22,043 [df12c920-952d-4704-9c70-1a288e2f77c7@group-75987F7FE399-LeaderElection85] INFO  impl.LeaderElection (LeaderElection.java:logAndReturn(56)) - df12c920-952d-4704-9c70-1a288e2f77c7@group-75987F7FE399-LeaderElection85: Election TIMEOUT; received 0 response(s) [] and 0 exception(s); df12c920-952d-4704-9c70-1a288e2f77c7@group-75987F7FE399:t96, leader=null, voted=df12c920-952d-4704-9c70-1a288e2f77c7, raftlog=df12c920-952d-4704-9c70-1a288e2f77c7@group-75987F7FE399-SegmentedRaftLog:OPENED:c-1,f-1,i0, conf=-1: [875da3d9-0dec-46c7-88bf-73f7a2372b64:192.168.69.89:39990, df12c920-952d-4704-9c70-1a288e2f77c7:192.168.69.89:43948, 9ceef694-dbcf-4070-b7b1-3b3c65b6a699:192.168.69.89:36536], old=null
2019-10-20 10:28:22,055 [df12c920-952d-4704-9c70-1a288e2f77c7@group-75987F7FE399-LeaderElection85] INFO  impl.LeaderElection (LeaderElection.java:askForVotes(178)) - df12c920-952d-4704-9c70-1a288e2f77c7@group-75987F7FE399-LeaderElection85: begin an election at term 97 for -1: [875da3d9-0dec-46c7-88bf-73f7a2372b64:192.168.69.89:39990, df12c920-952d-4704-9c70-1a288e2f77c7:192.168.69.89:43948, 9ceef694-dbcf-4070-b7b1-3b3c65b6a699:192.168.69.89:36536], old=null
2019-10-20 10:28:22,057 [grpc-default-executor-4] INFO  impl.RaftServerImpl (RaftServerImpl.java:setRole(184)) - 875da3d9-0dec-46c7-88bf-73f7a2372b64@group-75987F7FE399: changes role from  FOLLOWER to FOLLOWER at term 97 for recognizeCandidate:df12c920-952d-4704-9c70-1a288e2f77c7
2019-10-20 10:28:22,057 [grpc-default-executor-4] INFO  impl.RoleInfo (RoleInfo.java:shutdownFollowerState(121)) - 875da3d9-0dec-46c7-88bf-73f7a2372b64: shutdown FollowerState
2019-10-20 10:28:22,057 [grpc-default-executor-3] INFO  impl.RaftServerImpl (RaftServerImpl.java:setRole(184)) - 9ceef694-dbcf-4070-b7b1-3b3c65b6a699@group-75987F7FE399: changes role from  FOLLOWER to FOLLOWER at term 97 for recognizeCandidate:df12c920-952d-4704-9c70-1a288e2f77c7
2019-10-20 10:28:22,057 [Thread-806] INFO  impl.FollowerState (FollowerState.java:run(117)) - 875da3d9-0dec-46c7-88bf-73f7a2372b64@group-75987F7FE399-FollowerState was interrupted: java.lang.InterruptedException: sleep interrupted
2019-10-20 10:28:22,057 [grpc-default-executor-4] INFO  impl.RoleInfo (RoleInfo.java:updateAndGet(143)) - 875da3d9-0dec-46c7-88bf-73f7a2372b64: start FollowerState
2019-10-20 10:28:22,057 [grpc-default-executor-3] INFO  impl.RoleInfo (RoleInfo.java:shutdownFollowerState(121)) - 9ceef694-dbcf-4070-b7b1-3b3c65b6a699: shutdown FollowerState
2019-10-20 10:28:22,057 [grpc-default-executor-3] INFO  impl.RoleInfo (RoleInfo.java:updateAndGet(143)) - 9ceef694-dbcf-4070-b7b1-3b3c65b6a699: start FollowerState
2019-10-20 10:28:22,057 [Thread-807] INFO  impl.FollowerState (FollowerState.java:run(117)) - 9ceef694-dbcf-4070-b7b1-3b3c65b6a699@group-75987F7FE399-FollowerState was interrupted: java.lang.InterruptedException: sleep interrupted
2019-10-20 10:28:22,084 [df12c920-952d-4704-9c70-1a288e2f77c7@group-75987F7FE399-LeaderElection85] INFO  impl.LeaderElection (LeaderElection.java:logAndReturn(56)) - df12c920-952d-4704-9c70-1a288e2f77c7@group-75987F7FE399-LeaderElection85: Election REJECTED; received 2 response(s) [df12c920-952d-4704-9c70-1a288e2f77c7<-875da3d9-0dec-46c7-88bf-73f7a2372b64#0:FAIL-t97, df12c920-952d-4704-9c70-1a288e2f77c7<-9ceef694-dbcf-4070-b7b1-3b3c65b6a699#0:FAIL-t97] and 0 exception(s); df12c920-952d-4704-9c70-1a288e2f77c7@group-75987F7FE399:t97, leader=null, voted=df12c920-952d-4704-9c70-1a288e2f77c7, raftlog=df12c920-952d-4704-9c70-1a288e2f77c7@group-75987F7FE399-SegmentedRaftLog:OPENED:c-1,f-1,i0, conf=-1: [875da3d9-0dec-46c7-88bf-73f7a2372b64:192.168.69.89:39990, df12c920-952d-4704-9c70-1a288e2f77c7:192.168.69.89:43948, 9ceef694-dbcf-4070-b7b1-3b3c65b6a699:192.168.69.89:36536], old=null
2019-10-20 10:28:22,084 [df12c920-952d-4704-9c70-1a288e2f77c7@group-75987F7FE399-LeaderElection85] INFO  impl.RaftServerImpl (RaftServerImpl.java:setRole(184)) - df12c920-952d-4704-9c70-1a288e2f77c7@group-75987F7FE399: changes role from CANDIDATE to FOLLOWER at term 97 for DISCOVERED_A_NEW_TERM
2019-10-20 10:28:22,084 [df12c920-952d-4704-9c70-1a288e2f77c7@group-75987F7FE399-LeaderElection85] INFO  impl.RoleInfo (RoleInfo.java:shutdownLeaderElection(134)) - df12c920-952d-4704-9c70-1a288e2f77c7: shutdown LeaderElection
2019-10-20 10:28:22,084 [df12c920-952d-4704-9c70-1a288e2f77c7@group-75987F7FE399-LeaderElection85] INFO  impl.RoleInfo (RoleInfo.java:updateAndGet(143)) - df12c920-952d-4704-9c70-1a288e2f77c7: start FollowerState
2019-10-20 10:28:22,140 [Thread-812] INFO  impl.FollowerState (FollowerState.java:run(108)) - df12c920-952d-4704-9c70-1a288e2f77c7@group-75987F7FE399-FollowerState: change to CANDIDATE, lastRpcTime:55ms, electionTimeout:55ms
2019-10-20 10:28:22,140 [Thread-812] INFO  impl.RoleInfo (RoleInfo.java:shutdownFollowerState(121)) - df12c920-952d-4704-9c70-1a288e2f77c7: shutdown FollowerState
2019-10-20 10:28:22,140 [Thread-812] INFO  impl.RaftServerImpl (RaftServerImpl.java:setRole(184)) - df12c920-952d-4704-9c70-1a288e2f77c7@group-75987F7FE399: changes role from  FOLLOWER to CANDIDATE at term 97 for changeToCandidate
2019-10-20 10:28:22,140 [Thread-812] INFO  impl.RoleInfo (RoleInfo.java:updateAndGet(143)) - df12c920-952d-4704-9c70-1a288e2f77c7: start LeaderElection
2019-10-20 10:28:22,154 [df12c920-952d-4704-9c70-1a288e2f77c7@group-75987F7FE399-LeaderElection86] INFO  impl.LeaderElection (LeaderElection.java:askForVotes(178)) - df12c920-952d-4704-9c70-1a288e2f77c7@group-75987F7FE399-LeaderElection86: begin an election at term 98 for -1: [875da3d9-0dec-46c7-88bf-73f7a2372b64:192.168.69.89:39990, df12c920-952d-4704-9c70-1a288e2f77c7:192.168.69.89:43948, 9ceef694-dbcf-4070-b7b1-3b3c65b6a699:192.168.69.89:36536], old=null
2019-10-20 10:28:22,156 [grpc-default-executor-3] INFO  impl.RaftServerImpl (RaftServerImpl.java:setRole(184)) - 875da3d9-0dec-46c7-88bf-73f7a2372b64@group-75987F7FE399: changes role from  FOLLOWER to FOLLOWER at term 98 for recognizeCandidate:df12c920-952d-4704-9c70-1a288e2f77c7
2019-10-20 10:28:22,156 [grpc-default-executor-4] INFO  impl.RaftServerImpl (RaftServerImpl.java:setRole(184)) - 9ceef694-dbcf-4070-b7b1-3b3c65b6a699@group-75987F7FE399: changes role from  FOLLOWER to FOLLOWER at term 98 for recognizeCandidate:df12c920-952d-4704-9c70-1a288e2f77c7
2019-10-20 10:28:22,156 [grpc-default-executor-3] INFO  impl.RoleInfo (RoleInfo.java:shutdownFollowerState(121)) - 875da3d9-0dec-46c7-88bf-73f7a2372b64: shutdown FollowerState
2019-10-20 10:28:22,156 [grpc-default-executor-4] INFO  impl.RoleInfo (RoleInfo.java:shutdownFollowerState(121)) - 9ceef694-dbcf-4070-b7b1-3b3c65b6a699: shutdown FollowerState
2019-10-20 10:28:22,157 [Thread-810] INFO  impl.FollowerState (FollowerState.java:run(117)) - 875da3d9-0dec-46c7-88bf-73f7a2372b64@group-75987F7FE399-FollowerState was interrupted: java.lang.InterruptedException: sleep interrupted
2019-10-20 10:28:22,157 [grpc-default-executor-3] INFO  impl.RoleInfo (RoleInfo.java:updateAndGet(143)) - 875da3d9-0dec-46c7-88bf-73f7a2372b64: start FollowerState
2019-10-20 10:28:22,157 [Thread-811] INFO  impl.FollowerState (FollowerState.java:run(117)) - 9ceef694-dbcf-4070-b7b1-3b3c65b6a699@group-75987F7FE399-FollowerState was interrupted: java.lang.InterruptedException: sleep interrupted
2019-10-20 10:28:22,157 [grpc-default-executor-4] INFO  impl.RoleInfo (RoleInfo.java:updateAndGet(143)) - 9ceef694-dbcf-4070-b7b1-3b3c65b6a699: start FollowerState
2019-10-20 10:28:22,172 [df12c920-952d-4704-9c70-1a288e2f77c7@group-75987F7FE399-LeaderElection86] INFO  impl.LeaderElection (LeaderElection.java:logAndReturn(56)) - df12c920-952d-4704-9c70-1a288e2f77c7@group-75987F7FE399-LeaderElection86: Election REJECTED; received 2 response(s) [df12c920-952d-4704-9c70-1a288e2f77c7<-875da3d9-0dec-46c7-88bf-73f7a2372b64#0:FAIL-t98, df12c920-952d-4704-9c70-1a288e2f77c7<-9ceef694-dbcf-4070-b7b1-3b3c65b6a699#0:FAIL-t98] and 0 exception(s); df12c920-952d-4704-9c70-1a288e2f77c7@group-75987F7FE399:t98, leader=null, voted=df12c920-952d-4704-9c70-1a288e2f77c7, raftlog=df12c920-952d-4704-9c70-1a288e2f77c7@group-75987F7FE399-SegmentedRaftLog:OPENED:c-1,f-1,i0, conf=-1: [875da3d9-0dec-46c7-88bf-73f7a2372b64:192.168.69.89:39990, df12c920-952d-4704-9c70-1a288e2f77c7:192.168.69.89:43948, 9ceef694-dbcf-4070-b7b1-3b3c65b6a699:192.168.69.89:36536], old=null
2019-10-20 10:28:22,172 [df12c920-952d-4704-9c70-1a288e2f77c7@group-75987F7FE399-LeaderElection86] INFO  impl.RaftServerImpl (RaftServerImpl.java:setRole(184)) - df12c920-952d-4704-9c70-1a288e2f77c7@group-75987F7FE399: changes role from CANDIDATE to FOLLOWER at term 98 for DISCOVERED_A_NEW_TERM
2019-10-20 10:28:22,172 [df12c920-952d-4704-9c70-1a288e2f77c7@group-75987F7FE399-LeaderElection86] INFO  impl.RoleInfo (RoleInfo.java:shutdownLeaderElection(134)) - df12c920-952d-4704-9c70-1a288e2f77c7: shutdown LeaderElection
2019-10-20 10:28:22,172 [df12c920-952d-4704-9c70-1a288e2f77c7@group-75987F7FE399-LeaderElection86] INFO  impl.RoleInfo (RoleInfo.java:updateAndGet(143)) - df12c920-952d-4704-9c70-1a288e2f77c7: start FollowerState
2019-10-20 10:28:22,329 [Thread-818] INFO  impl.FollowerState (FollowerState.java:run(108)) - df12c920-952d-4704-9c70-1a288e2f77c7@group-75987F7FE399-FollowerState: change to CANDIDATE, lastRpcTime:156ms, electionTimeout:156ms
2019-10-20 10:28:22,329 [Thread-818] INFO  impl.RoleInfo (RoleInfo.java:shutdownFollowerState(121)) - df12c920-952d-4704-9c70-1a288e2f77c7: shutdown FollowerState
2019-10-20 10:28:22,329 [Thread-818] INFO  impl.RaftServerImpl (RaftServerImpl.java:setRole(184)) - df12c920-952d-4704-9c70-1a288e2f77c7@group-75987F7FE399: changes role from  FOLLOWER to CANDIDATE at term 98 for changeToCandidate
2019-10-20 10:28:22,329 [Thread-818] INFO  impl.RoleInfo (RoleInfo.java:updateAndGet(143)) - df12c920-952d-4704-9c70-1a288e2f77c7: start LeaderElection
2019-10-20 10:28:22,355 [df12c920-952d-4704-9c70-1a288e2f77c7@group-75987F7FE399-LeaderElection87] INFO  impl.LeaderElection (LeaderElection.java:askForVotes(178)) - df12c920-952d-4704-9c70-1a288e2f77c7@group-75987F7FE399-LeaderElection87: begin an election at term 99 for -1: [875da3d9-0dec-46c7-88bf-73f7a2372b64:192.168.69.89:39990, df12c920-952d-4704-9c70-1a288e2f77c7:192.168.69.89:43948, 9ceef694-dbcf-4070-b7b1-3b3c65b6a699:192.168.69.89:36536], old=null
2019-10-20 10:28:22,358 [grpc-default-executor-3] INFO  impl.RaftServerImpl (RaftServerImpl.java:setRole(184)) - 875da3d9-0dec-46c7-88bf-73f7a2372b64@group-75987F7FE399: changes role from  FOLLOWER to FOLLOWER at term 99 for recognizeCandidate:df12c920-952d-4704-9c70-1a288e2f77c7
2019-10-20 10:28:22,359 [grpc-default-executor-3] INFO  impl.RoleInfo (RoleInfo.java:shutdownFollowerState(121)) - 875da3d9-0dec-46c7-88bf-73f7a2372b64: shutdown FollowerState
2019-10-20 10:28:22,358 [grpc-default-executor-4] INFO  impl.RaftServerImpl (RaftServerImpl.java:setRole(184)) - 9ceef694-dbcf-4070-b7b1-3b3c65b6a699@group-75987F7FE399: changes role from  FOLLOWER to FOLLOWER at term 99 for recognizeCandidate:df12c920-952d-4704-9c70-1a288e2f77c7
2019-10-20 10:28:22,359 [Thread-816] INFO  impl.FollowerState (FollowerState.java:run(117)) - 875da3d9-0dec-46c7-88bf-73f7a2372b64@group-75987F7FE399-FollowerState was interrupted: java.lang.InterruptedException: sleep interrupted
2019-10-20 10:28:22,359 [grpc-default-executor-3] INFO  impl.RoleInfo (RoleInfo.java:updateAndGet(143)) - 875da3d9-0dec-46c7-88bf-73f7a2372b64: start FollowerState
2019-10-20 10:28:22,359 [grpc-default-executor-4] INFO  impl.RoleInfo (RoleInfo.java:shutdownFollowerState(121)) - 9ceef694-dbcf-4070-b7b1-3b3c65b6a699: shutdown FollowerState
2019-10-20 10:28:22,359 [grpc-default-executor-4] INFO  impl.RoleInfo (RoleInfo.java:updateAndGet(143)) - 9ceef694-dbcf-4070-b7b1-3b3c65b6a699: start FollowerState
2019-10-20 10:28:22,360 [Thread-817] INFO  impl.FollowerState (FollowerState.java:run(117)) - 9ceef694-dbcf-4070-b7b1-3b3c65b6a699@group-75987F7FE399-FollowerState was interrupted: java.lang.InterruptedException: sleep interrupted
2019-10-20 10:28:22,387 [df12c920-952d-4704-9c70-1a288e2f77c7@group-75987F7FE399-LeaderElection87] INFO  impl.LeaderElection (LeaderElection.java:logAndReturn(56)) - df12c920-952d-4704-9c70-1a288e2f77c7@group-75987F7FE399-LeaderElection87: Election REJECTED; received 2 response(s) [df12c920-952d-4704-9c70-1a288e2f77c7<-875da3d9-0dec-46c7-88bf-73f7a2372b64#0:FAIL-t99, df12c920-952d-4704-9c70-1a288e2f77c7<-9ceef694-dbcf-4070-b7b1-3b3c65b6a699#0:FAIL-t99] and 0 exception(s); df12c920-952d-4704-9c70-1a288e2f77c7@group-75987F7FE399:t99, leader=null, voted=df12c920-952d-4704-9c70-1a288e2f77c7, raftlog=df12c920-952d-4704-9c70-1a288e2f77c7@group-75987F7FE399-SegmentedRaftLog:OPENED:c-1,f-1,i0, conf=-1: [875da3d9-0dec-46c7-88bf-73f7a2372b64:192.168.69.89:39990, df12c920-952d-4704-9c70-1a288e2f77c7:192.168.69.89:43948, 9ceef694-dbcf-4070-b7b1-3b3c65b6a699:192.168.69.89:36536], old=null
2019-10-20 10:28:22,387 [df12c920-952d-4704-9c70-1a288e2f77c7@group-75987F7FE399-LeaderElection87] INFO  impl.RaftServerImpl (RaftServerImpl.java:setRole(184)) - df12c920-952d-4704-9c70-1a288e2f77c7@group-75987F7FE399: changes role from CANDIDATE to FOLLOWER at term 99 for DISCOVERED_A_NEW_TERM
2019-10-20 10:28:22,387 [df12c920-952d-4704-9c70-1a288e2f77c7@group-75987F7FE399-LeaderElection87] INFO  impl.RoleInfo (RoleInfo.java:shutdownLeaderElection(134)) - df12c920-952d-4704-9c70-1a288e2f77c7: shutdown LeaderElection
2019-10-20 10:28:22,387 [df12c920-952d-4704-9c70-1a288e2f77c7@group-75987F7FE399-LeaderElection87] INFO  impl.RoleInfo (RoleInfo.java:updateAndGet(143)) - df12c920-952d-4704-9c70-1a288e2f77c7: start FollowerState
2019-10-20 10:28:22,469 [Thread-824] INFO  impl.FollowerState (FollowerState.java:run(108)) - df12c920-952d-4704-9c70-1a288e2f77c7@group-75987F7FE399-FollowerState: change to CANDIDATE, lastRpcTime:81ms, electionTimeout:81ms
2019-10-20 10:28:22,469 [Thread-824] INFO  impl.RoleInfo (RoleInfo.java:shutdownFollowerState(121)) - df12c920-952d-4704-9c70-1a288e2f77c7: shutdown FollowerState
2019-10-20 10:28:22,469 [Thread-824] INFO  impl.RaftServerImpl (RaftServerImpl.java:setRole(184)) - df12c920-952d-4704-9c70-1a288e2f77c7@group-75987F7FE399: changes role from  FOLLOWER to CANDIDATE at term 99 for changeToCandidate
2019-10-20 10:28:22,469 [Thread-824] INFO  impl.RoleInfo (RoleInfo.java:updateAndGet(143)) - df12c920-952d-4704-9c70-1a288e2f77c7: start LeaderElection
2019-10-20 10:28:22,483 [df12c920-952d-4704-9c70-1a288e2f77c7@group-75987F7FE399-LeaderElection88] INFO  impl.LeaderElection (LeaderElection.java:askForVotes(178)) - df12c920-952d-4704-9c70-1a288e2f77c7@group-75987F7FE399-LeaderElection88: begin an election at term 100 for -1: [875da3d9-0dec-46c7-88bf-73f7a2372b64:192.168.69.89:39990, df12c920-952d-4704-9c70-1a288e2f77c7:192.168.69.89:43948, 9ceef694-dbcf-4070-b7b1-3b3c65b6a699:192.168.69.89:36536], old=null
2019-10-20 10:28:22,485 [grpc-default-executor-4] INFO  impl.RaftServerImpl (RaftServerImpl.java:setRole(184)) - 875da3d9-0dec-46c7-88bf-73f7a2372b64@group-75987F7FE399: changes role from  FOLLOWER to FOLLOWER at term 100 for recognizeCandidate:df12c920-952d-4704-9c70-1a288e2f77c7
2019-10-20 10:28:22,485 [grpc-default-executor-4] INFO  impl.RoleInfo (RoleInfo.java:shutdownFollowerState(121)) - 875da3d9-0dec-46c7-88bf-73f7a2372b64: shutdown FollowerState
2019-10-20 10:28:22,486 [grpc-default-executor-4] INFO  impl.RoleInfo (RoleInfo.java:updateAndGet(143)) - 875da3d9-0dec-46c7-88bf-73f7a2372b64: start FollowerState
2019-10-20 10:28:22,486 [Thread-822] INFO  impl.FollowerState (FollowerState.java:run(117)) - 875da3d9-0dec-46c7-88bf-73f7a2372b64@group-75987F7FE399-FollowerState was interrupted: java.lang.InterruptedException: sleep interrupted
2019-10-20 10:28:22,486 [grpc-default-executor-3] INFO  impl.RaftServerImpl (RaftServerImpl.java:setRole(184)) - 9ceef694-dbcf-4070-b7b1-3b3c65b6a699@group-75987F7FE399: changes role from  FOLLOWER to FOLLOWER at term 100 for recognizeCandidate:df12c920-952d-4704-9c70-1a288e2f77c7
2019-10-20 10:28:22,486 [grpc-default-executor-3] INFO  impl.RoleInfo (RoleInfo.java:shutdownFollowerState(121)) - 9ceef694-dbcf-4070-b7b1-3b3c65b6a699: shutdown FollowerState
2019-10-20 10:28:22,486 [grpc-default-executor-3] INFO  impl.RoleInfo (RoleInfo.java:updateAndGet(143)) - 9ceef694-dbcf-4070-b7b1-3b3c65b6a699: start FollowerState
2019-10-20 10:28:22,486 [Thread-823] INFO  impl.FollowerState (FollowerState.java:run(117)) - 9ceef694-dbcf-4070-b7b1-3b3c65b6a699@group-75987F7FE399-FollowerState was interrupted: java.lang.InterruptedException: sleep interrupted
2019-10-20 10:28:22,499 [df12c920-952d-4704-9c70-1a288e2f77c7@group-75987F7FE399-LeaderElection88] INFO  impl.LeaderElection (LeaderElection.java:logAndReturn(56)) - df12c920-952d-4704-9c70-1a288e2f77c7@group-75987F7FE399-LeaderElection88: Election REJECTED; received 2 response(s) [df12c920-952d-4704-9c70-1a288e2f77c7<-875da3d9-0dec-46c7-88bf-73f7a2372b64#0:FAIL-t100, df12c920-952d-4704-9c70-1a288e2f77c7<-9ceef694-dbcf-4070-b7b1-3b3c65b6a699#0:FAIL-t100] and 0 exception(s); df12c920-952d-4704-9c70-1a288e2f77c7@group-75987F7FE399:t100, leader=null, voted=df12c920-952d-4704-9c70-1a288e2f77c7, raftlog=df12c920-952d-4704-9c70-1a288e2f77c7@group-75987F7FE399-SegmentedRaftLog:OPENED:c-1,f-1,i0, conf=-1: [875da3d9-0dec-46c7-88bf-73f7a2372b64:192.168.69.89:39990, df12c920-952d-4704-9c70-1a288e2f77c7:192.168.69.89:43948, 9ceef694-dbcf-4070-b7b1-3b3c65b6a699:192.168.69.89:36536], old=null
2019-10-20 10:28:22,500 [df12c920-952d-4704-9c70-1a288e2f77c7@group-75987F7FE399-LeaderElection88] INFO  impl.RaftServerImpl (RaftServerImpl.java:setRole(184)) - df12c920-952d-4704-9c70-1a288e2f77c7@group-75987F7FE399: changes role from CANDIDATE to FOLLOWER at term 100 for DISCOVERED_A_NEW_TERM
2019-10-20 10:28:22,500 [df12c920-952d-4704-9c70-1a288e2f77c7@group-75987F7FE399-LeaderElection88] INFO  impl.RoleInfo (RoleInfo.java:shutdownLeaderElection(134)) - df12c920-952d-4704-9c70-1a288e2f77c7: shutdown LeaderElection
2019-10-20 10:28:22,500 [df12c920-952d-4704-9c70-1a288e2f77c7@group-75987F7FE399-LeaderElection88] INFO  impl.RoleInfo (RoleInfo.java:updateAndGet(143)) - df12c920-952d-4704-9c70-1a288e2f77c7: start FollowerState
2019-10-20 10:28:22,622 [Thread-830] INFO  impl.FollowerState (FollowerState.java:run(108)) - df12c920-952d-4704-9c70-1a288e2f77c7@group-75987F7FE399-FollowerState: change to CANDIDATE, lastRpcTime:122ms, electionTimeout:122ms
2019-10-20 10:28:22,622 [Thread-830] INFO  impl.RoleInfo (RoleInfo.java:shutdownFollowerState(121)) - df12c920-952d-4704-9c70-1a288e2f77c7: shutdown FollowerState
2019-10-20 10:28:22,623 [Thread-830] INFO  impl.RaftServerImpl (RaftServerImpl.java:setRole(184)) - df12c920-952d-4704-9c70-1a288e2f77c7@group-75987F7FE399: changes role from  FOLLOWER to CANDIDATE at term 100 for changeToCandidate
2019-10-20 10:28:22,623 [Thread-830] INFO  impl.RoleInfo (RoleInfo.java:updateAndGet(143)) - df12c920-952d-4704-9c70-1a288e2f77c7: start LeaderElection
2019-10-20 10:28:22,648 [df12c920-952d-4704-9c70-1a288e2f77c7@group-75987F7FE399-LeaderElection89] INFO  impl.LeaderElection (LeaderElection.java:askForVotes(178)) - df12c920-952d-4704-9c70-1a288e2f77c7@group-75987F7FE399-LeaderElection89: begin an election at term 101 for -1: [875da3d9-0dec-46c7-88bf-73f7a2372b64:192.168.69.89:39990, df12c920-952d-4704-9c70-1a288e2f77c7:192.168.69.89:43948, 9ceef694-dbcf-4070-b7b1-3b3c65b6a699:192.168.69.89:36536], old=null
2019-10-20 10:28:22,652 [grpc-default-executor-4] INFO  impl.RaftServerImpl (RaftServerImpl.java:setRole(184)) - 875da3d9-0dec-46c7-88bf-73f7a2372b64@group-75987F7FE399: changes role from  FOLLOWER to FOLLOWER at term 101 for recognizeCandidate:df12c920-952d-4704-9c70-1a288e2f77c7
2019-10-20 10:28:22,652 [grpc-default-executor-3] INFO  impl.RaftServerImpl (RaftServerImpl.java:setRole(184)) - 9ceef694-dbcf-4070-b7b1-3b3c65b6a699@group-75987F7FE399: changes role from  FOLLOWER to FOLLOWER at term 101 for recognizeCandidate:df12c920-952d-4704-9c70-1a288e2f77c7
2019-10-20 10:28:22,652 [grpc-default-executor-4] INFO  impl.RoleInfo (RoleInfo.java:shutdownFollowerState(121)) - 875da3d9-0dec-46c7-88bf-73f7a2372b64: shutdown FollowerState
2019-10-20 10:28:22,652 [grpc-default-executor-3] INFO  impl.RoleInfo (RoleInfo.java:shutdownFollowerState(121)) - 9ceef694-dbcf-4070-b7b1-3b3c65b6a699: shutdown FollowerState
2019-10-20 10:28:22,652 [grpc-default-executor-4] INFO  impl.RoleInfo (RoleInfo.java:updateAndGet(143)) - 875da3d9-0dec-46c7-88bf-73f7a2372b64: start FollowerState
2019-10-20 10:28:22,652 [Thread-828] INFO  impl.FollowerState (FollowerState.java:run(117)) - 875da3d9-0dec-46c7-88bf-73f7a2372b64@group-75987F7FE399-FollowerState was interrupted: java.lang.InterruptedException: sleep interrupted
2019-10-20 10:28:22,652 [grpc-default-executor-3] INFO  impl.RoleInfo (RoleInfo.java:updateAndGet(143)) - 9ceef694-dbcf-4070-b7b1-3b3c65b6a699: start FollowerState
2019-10-20 10:28:22,653 [Thread-829] INFO  impl.FollowerState (FollowerState.java:run(117)) - 9ceef694-dbcf-4070-b7b1-3b3c65b6a699@group-75987F7FE399-FollowerState was interrupted: java.lang.InterruptedException: sleep interrupted
2019-10-20 10:28:22,670 [df12c920-952d-4704-9c70-1a288e2f77c7@group-75987F7FE399-LeaderElection89] INFO  impl.LeaderElection (LeaderElection.java:logAndReturn(56)) - df12c920-952d-4704-9c70-1a288e2f77c7@group-75987F7FE399-LeaderElection89: Election REJECTED; received 2 response(s) [df12c920-952d-4704-9c70-1a288e2f77c7<-875da3d9-0dec-46c7-88bf-73f7a2372b64#0:FAIL-t101, df12c920-952d-4704-9c70-1a288e2f77c7<-9ceef694-dbcf-4070-b7b1-3b3c65b6a699#0:FAIL-t101] and 0 exception(s); df12c920-952d-4704-9c70-1a288e2f77c7@group-75987F7FE399:t101, leader=null, voted=df12c920-952d-4704-9c70-1a288e2f77c7, raftlog=df12c920-952d-4704-9c70-1a288e2f77c7@group-75987F7FE399-SegmentedRaftLog:OPENED:c-1,f-1,i0, conf=-1: [875da3d9-0dec-46c7-88bf-73f7a2372b64:192.168.69.89:39990, df12c920-952d-4704-9c70-1a288e2f77c7:192.168.69.89:43948, 9ceef694-dbcf-4070-b7b1-3b3c65b6a699:192.168.69.89:36536], old=null
2019-10-20 10:28:22,670 [df12c920-952d-4704-9c70-1a288e2f77c7@group-75987F7FE399-LeaderElection89] INFO  impl.RaftServerImpl (RaftServerImpl.java:setRole(184)) - df12c920-952d-4704-9c70-1a288e2f77c7@group-75987F7FE399: changes role from CANDIDATE to FOLLOWER at term 101 for DISCOVERED_A_NEW_TERM
2019-10-20 10:28:22,670 [df12c920-952d-4704-9c70-1a288e2f77c7@group-75987F7FE399-LeaderElection89] INFO  impl.RoleInfo (RoleInfo.java:shutdownLeaderElection(134)) - df12c920-952d-4704-9c70-1a288e2f77c7: shutdown LeaderElection
2019-10-20 10:28:22,670 [df12c920-952d-4704-9c70-1a288e2f77c7@group-75987F7FE399-LeaderElection89] INFO  impl.RoleInfo (RoleInfo.java:updateAndGet(143)) - df12c920-952d-4704-9c70-1a288e2f77c7: start FollowerState
2019-10-20 10:28:22,681 [Thread-837] INFO  impl.FollowerState (FollowerState.java:run(108)) - df12c920-952d-4704-9c70-1a288e2f77c7@group-75987F7FE399-FollowerState: change to CANDIDATE, lastRpcTime:10ms, electionTimeout:10ms
2019-10-20 10:28:22,681 [Thread-837] INFO  impl.RoleInfo (RoleInfo.java:shutdownFollowerState(121)) - df12c920-952d-4704-9c70-1a288e2f77c7: shutdown FollowerState
2019-10-20 10:28:22,681 [Thread-837] INFO  impl.RaftServerImpl (RaftServerImpl.java:setRole(184)) - df12c920-952d-4704-9c70-1a288e2f77c7@group-75987F7FE399: changes role from  FOLLOWER to CANDIDATE at term 101 for changeToCandidate
2019-10-20 10:28:22,681 [Thread-837] INFO  impl.RoleInfo (RoleInfo.java:updateAndGet(143)) - df12c920-952d-4704-9c70-1a288e2f77c7: start LeaderElection
2019-10-20 10:28:22,695 [df12c920-952d-4704-9c70-1a288e2f77c7@group-75987F7FE399-LeaderElection90] INFO  impl.LeaderElection (LeaderElection.java:askForVotes(178)) - df12c920-952d-4704-9c70-1a288e2f77c7@group-75987F7FE399-LeaderElection90: begin an election at term 102 for -1: [875da3d9-0dec-46c7-88bf-73f7a2372b64:192.168.69.89:39990, df12c920-952d-4704-9c70-1a288e2f77c7:192.168.69.89:43948, 9ceef694-dbcf-4070-b7b1-3b3c65b6a699:192.168.69.89:36536], old=null
2019-10-20 10:28:22,697 [grpc-default-executor-3] INFO  impl.RaftServerImpl (RaftServerImpl.java:setRole(184)) - 9ceef694-dbcf-4070-b7b1-3b3c65b6a699@group-75987F7FE399: changes role from  FOLLOWER to FOLLOWER at term 102 for recognizeCandidate:df12c920-952d-4704-9c70-1a288e2f77c7
2019-10-20 10:28:22,697 [grpc-default-executor-3] INFO  impl.RoleInfo (RoleInfo.java:shutdownFollowerState(121)) - 9ceef694-dbcf-4070-b7b1-3b3c65b6a699: shutdown FollowerState
2019-10-20 10:28:22,697 [grpc-default-executor-4] INFO  impl.RaftServerImpl (RaftServerImpl.java:setRole(184)) - 875da3d9-0dec-46c7-88bf-73f7a2372b64@group-75987F7FE399: changes role from  FOLLOWER to FOLLOWER at term 102 for recognizeCandidate:df12c920-952d-4704-9c70-1a288e2f77c7
2019-10-20 10:28:22,698 [grpc-default-executor-4] INFO  impl.RoleInfo (RoleInfo.java:shutdownFollowerState(121)) - 875da3d9-0dec-46c7-88bf-73f7a2372b64: shutdown FollowerState
2019-10-20 10:28:22,698 [Thread-835] INFO  impl.FollowerState (FollowerState.java:run(117)) - 9ceef694-dbcf-4070-b7b1-3b3c65b6a699@group-75987F7FE399-FollowerState was interrupted: java.lang.InterruptedException: sleep interrupted
2019-10-20 10:28:22,698 [Thread-834] INFO  impl.FollowerState (FollowerState.java:run(117)) - 875da3d9-0dec-46c7-88bf-73f7a2372b64@group-75987F7FE399-FollowerState was interrupted: java.lang.InterruptedException: sleep interrupted
2019-10-20 10:28:22,698 [grpc-default-executor-3] INFO  impl.RoleInfo (RoleInfo.java:updateAndGet(143)) - 9ceef694-dbcf-4070-b7b1-3b3c65b6a699: start FollowerState
2019-10-20 10:28:22,698 [grpc-default-executor-4] INFO  impl.RoleInfo (RoleInfo.java:updateAndGet(143)) - 875da3d9-0dec-46c7-88bf-73f7a2372b64: start FollowerState
2019-10-20 10:28:22,723 [df12c920-952d-4704-9c70-1a288e2f77c7@group-75987F7FE399-LeaderElection90] INFO  impl.LeaderElection (LeaderElection.java:logAndReturn(56)) - df12c920-952d-4704-9c70-1a288e2f77c7@group-75987F7FE399-LeaderElection90: Election REJECTED; received 2 response(s) [df12c920-952d-4704-9c70-1a288e2f77c7<-875da3d9-0dec-46c7-88bf-73f7a2372b64#0:FAIL-t102, df12c920-952d-4704-9c70-1a288e2f77c7<-9ceef694-dbcf-4070-b7b1-3b3c65b6a699#0:FAIL-t102] and 0 exception(s); df12c920-952d-4704-9c70-1a288e2f77c7@group-75987F7FE399:t102, leader=null, voted=df12c920-952d-4704-9c70-1a288e2f77c7, raftlog=df12c920-952d-4704-9c70-1a288e2f77c7@group-75987F7FE399-SegmentedRaftLog:OPENED:c-1,f-1,i0, conf=-1: [875da3d9-0dec-46c7-88bf-73f7a2372b64:192.168.69.89:39990, df12c920-952d-4704-9c70-1a288e2f77c7:192.168.69.89:43948, 9ceef694-dbcf-4070-b7b1-3b3c65b6a699:192.168.69.89:36536], old=null
2019-10-20 10:28:22,723 [df12c920-952d-4704-9c70-1a288e2f77c7@group-75987F7FE399-LeaderElection90] INFO  impl.RaftServerImpl (RaftServerImpl.java:setRole(184)) - df12c920-952d-4704-9c70-1a288e2f77c7@group-75987F7FE399: changes role from CANDIDATE to FOLLOWER at term 102 for DISCOVERED_A_NEW_TERM
2019-10-20 10:28:22,724 [df12c920-952d-4704-9c70-1a288e2f77c7@group-75987F7FE399-LeaderElection90] INFO  impl.RoleInfo (RoleInfo.java:shutdownLeaderElection(134)) - df12c920-952d-4704-9c70-1a288e2f77c7: shutdown LeaderElection
2019-10-20 10:28:22,724 [df12c920-952d-4704-9c70-1a288e2f77c7@group-75987F7FE399-LeaderElection90] INFO  impl.RoleInfo (RoleInfo.java:updateAndGet(143)) - df12c920-952d-4704-9c70-1a288e2f77c7: start FollowerState
2019-10-20 10:28:22,748 [Thread-844] INFO  impl.FollowerState (FollowerState.java:run(108)) - df12c920-952d-4704-9c70-1a288e2f77c7@group-75987F7FE399-FollowerState: change to CANDIDATE, lastRpcTime:24ms, electionTimeout:24ms
2019-10-20 10:28:22,748 [Thread-844] INFO  impl.RoleInfo (RoleInfo.java:shutdownFollowerState(121)) - df12c920-952d-4704-9c70-1a288e2f77c7: shutdown FollowerState
2019-10-20 10:28:22,748 [Thread-844] INFO  impl.RaftServerImpl (RaftServerImpl.java:setRole(184)) - df12c920-952d-4704-9c70-1a288e2f77c7@group-75987F7FE399: changes role from  FOLLOWER to CANDIDATE at term 102 for changeToCandidate
2019-10-20 10:28:22,749 [Thread-844] INFO  impl.RoleInfo (RoleInfo.java:updateAndGet(143)) - df12c920-952d-4704-9c70-1a288e2f77c7: start LeaderElection
2019-10-20 10:28:22,762 [df12c920-952d-4704-9c70-1a288e2f77c7@group-75987F7FE399-LeaderElection91] INFO  impl.LeaderElection (LeaderElection.java:askForVotes(178)) - df12c920-952d-4704-9c70-1a288e2f77c7@group-75987F7FE399-LeaderElection91: begin an election at term 103 for -1: [875da3d9-0dec-46c7-88bf-73f7a2372b64:192.168.69.89:39990, df12c920-952d-4704-9c70-1a288e2f77c7:192.168.69.89:43948, 9ceef694-dbcf-4070-b7b1-3b3c65b6a699:192.168.69.89:36536], old=null
2019-10-20 10:28:22,765 [grpc-default-executor-3] INFO  impl.RaftServerImpl (RaftServerImpl.java:setRole(184)) - 875da3d9-0dec-46c7-88bf-73f7a2372b64@group-75987F7FE399: changes role from  FOLLOWER to FOLLOWER at term 103 for recognizeCandidate:df12c920-952d-4704-9c70-1a288e2f77c7
2019-10-20 10:28:22,765 [grpc-default-executor-3] INFO  impl.RoleInfo (RoleInfo.java:shutdownFollowerState(121)) - 875da3d9-0dec-46c7-88bf-73f7a2372b64: shutdown FollowerState
2019-10-20 10:28:22,765 [grpc-default-executor-4] INFO  impl.RaftServerImpl (RaftServerImpl.java:setRole(184)) - 9ceef694-dbcf-4070-b7b1-3b3c65b6a699@group-75987F7FE399: changes role from  FOLLOWER to FOLLOWER at term 103 for recognizeCandidate:df12c920-952d-4704-9c70-1a288e2f77c7
2019-10-20 10:28:22,765 [Thread-843] INFO  impl.FollowerState (FollowerState.java:run(117)) - 875da3d9-0dec-46c7-88bf-73f7a2372b64@group-75987F7FE399-FollowerState was interrupted: java.lang.InterruptedException: sleep interrupted
2019-10-20 10:28:22,765 [grpc-default-executor-3] INFO  impl.RoleInfo (RoleInfo.java:updateAndGet(143)) - 875da3d9-0dec-46c7-88bf-73f7a2372b64: start FollowerState
2019-10-20 10:28:22,765 [grpc-default-executor-4] INFO  impl.RoleInfo (RoleInfo.java:shutdownFollowerState(121)) - 9ceef694-dbcf-4070-b7b1-3b3c65b6a699: shutdown FollowerState
2019-10-20 10:28:22,765 [grpc-default-executor-4] INFO  impl.RoleInfo (RoleInfo.java:updateAndGet(143)) - 9ceef694-dbcf-4070-b7b1-3b3c65b6a699: start FollowerState
2019-10-20 10:28:22,765 [Thread-842] INFO  impl.FollowerState (FollowerState.java:run(117)) - 9ceef694-dbcf-4070-b7b1-3b3c65b6a699@group-75987F7FE399-FollowerState was interrupted: java.lang.InterruptedException: sleep interrupted
2019-10-20 10:28:22,789 [df12c920-952d-4704-9c70-1a288e2f77c7@group-75987F7FE399-LeaderElection91] INFO  impl.LeaderElection (LeaderElection.java:logAndReturn(56)) - df12c920-952d-4704-9c70-1a288e2f77c7@group-75987F7FE399-LeaderElection91: Election REJECTED; received 2 response(s) [df12c920-952d-4704-9c70-1a288e2f77c7<-875da3d9-0dec-46c7-88bf-73f7a2372b64#0:FAIL-t103, df12c920-952d-4704-9c70-1a288e2f77c7<-9ceef694-dbcf-4070-b7b1-3b3c65b6a699#0:FAIL-t103] and 0 exception(s); df12c920-952d-4704-9c70-1a288e2f77c7@group-75987F7FE399:t103, leader=null, voted=df12c920-952d-4704-9c70-1a288e2f77c7, raftlog=df12c920-952d-4704-9c70-1a288e2f77c7@group-75987F7FE399-SegmentedRaftLog:OPENED:c-1,f-1,i0, conf=-1: [875da3d9-0dec-46c7-88bf-73f7a2372b64:192.168.69.89:39990, df12c920-952d-4704-9c70-1a288e2f77c7:192.168.69.89:43948, 9ceef694-dbcf-4070-b7b1-3b3c65b6a699:192.168.69.89:36536], old=null
2019-10-20 10:28:22,789 [df12c920-952d-4704-9c70-1a288e2f77c7@group-75987F7FE399-LeaderElection91] INFO  impl.RaftServerImpl (RaftServerImpl.java:setRole(184)) - df12c920-952d-4704-9c70-1a288e2f77c7@group-75987F7FE399: changes role from CANDIDATE to FOLLOWER at term 103 for DISCOVERED_A_NEW_TERM
2019-10-20 10:28:22,789 [df12c920-952d-4704-9c70-1a288e2f77c7@group-75987F7FE399-LeaderElection91] INFO  impl.RoleInfo (RoleInfo.java:shutdownLeaderElection(134)) - df12c920-952d-4704-9c70-1a288e2f77c7: shutdown LeaderElection
2019-10-20 10:28:22,790 [df12c920-952d-4704-9c70-1a288e2f77c7@group-75987F7FE399-LeaderElection91] INFO  impl.RoleInfo (RoleInfo.java:updateAndGet(143)) - df12c920-952d-4704-9c70-1a288e2f77c7: start FollowerState
2019-10-20 10:28:22,901 [Thread-850] INFO  impl.FollowerState (FollowerState.java:run(108)) - df12c920-952d-4704-9c70-1a288e2f77c7@group-75987F7FE399-FollowerState: change to CANDIDATE, lastRpcTime:111ms, electionTimeout:111ms
2019-10-20 10:28:22,901 [Thread-850] INFO  impl.RoleInfo (RoleInfo.java:shutdownFollowerState(121)) - df12c920-952d-4704-9c70-1a288e2f77c7: shutdown FollowerState
2019-10-20 10:28:22,902 [Thread-850] INFO  impl.RaftServerImpl (RaftServerImpl.java:setRole(184)) - df12c920-952d-4704-9c70-1a288e2f77c7@group-75987F7FE399: changes role from  FOLLOWER to CANDIDATE at term 103 for changeToCandidate
2019-10-20 10:28:22,902 [Thread-850] INFO  impl.RoleInfo (RoleInfo.java:updateAndGet(143)) - df12c920-952d-4704-9c70-1a288e2f77c7: start LeaderElection
2019-10-20 10:28:22,916 [df12c920-952d-4704-9c70-1a288e2f77c7@group-75987F7FE399-LeaderElection92] INFO  impl.LeaderElection (LeaderElection.java:askForVotes(178)) - df12c920-952d-4704-9c70-1a288e2f77c7@group-75987F7FE399-LeaderElection92: begin an election at term 104 for -1: [875da3d9-0dec-46c7-88bf-73f7a2372b64:192.168.69.89:39990, df12c920-952d-4704-9c70-1a288e2f77c7:192.168.69.89:43948, 9ceef694-dbcf-4070-b7b1-3b3c65b6a699:192.168.69.89:36536], old=null
2019-10-20 10:28:22,919 [grpc-default-executor-4] INFO  impl.RaftServerImpl (RaftServerImpl.java:setRole(184)) - 875da3d9-0dec-46c7-88bf-73f7a2372b64@group-75987F7FE399: changes role from  FOLLOWER to FOLLOWER at term 104 for recognizeCandidate:df12c920-952d-4704-9c70-1a288e2f77c7
2019-10-20 10:28:22,919 [grpc-default-executor-3] INFO  impl.RaftServerImpl (RaftServerImpl.java:setRole(184)) - 9ceef694-dbcf-4070-b7b1-3b3c65b6a699@group-75987F7FE399: changes role from  FOLLOWER to FOLLOWER at term 104 for recognizeCandidate:df12c920-952d-4704-9c70-1a288e2f77c7
2019-10-20 10:28:22,920 [grpc-default-executor-4] INFO  impl.RoleInfo (RoleInfo.java:shutdownFollowerState(121)) - 875da3d9-0dec-46c7-88bf-73f7a2372b64: shutdown FollowerState
2019-10-20 10:28:22,920 [grpc-default-executor-3] INFO  impl.RoleInfo (RoleInfo.java:shutdownFollowerState(121)) - 9ceef694-dbcf-4070-b7b1-3b3c65b6a699: shutdown FollowerState
2019-10-20 10:28:22,920 [Thread-848] INFO  impl.FollowerState (FollowerState.java:run(117)) - 875da3d9-0dec-46c7-88bf-73f7a2372b64@group-75987F7FE399-FollowerState was interrupted: java.lang.InterruptedException: sleep interrupted
2019-10-20 10:28:22,920 [grpc-default-executor-4] INFO  impl.RoleInfo (RoleInfo.java:updateAndGet(143)) - 875da3d9-0dec-46c7-88bf-73f7a2372b64: start FollowerState
2019-10-20 10:28:22,921 [Thread-849] INFO  impl.FollowerState (FollowerState.java:run(117)) - 9ceef694-dbcf-4070-b7b1-3b3c65b6a699@group-75987F7FE399-FollowerState was interrupted: java.lang.InterruptedException: sleep interrupted
2019-10-20 10:28:22,920 [grpc-default-executor-3] INFO  impl.RoleInfo (RoleInfo.java:updateAndGet(143)) - 9ceef694-dbcf-4070-b7b1-3b3c65b6a699: start FollowerState
2019-10-20 10:28:22,936 [df12c920-952d-4704-9c70-1a288e2f77c7@group-75987F7FE399-LeaderElection92] INFO  impl.LeaderElection (LeaderElection.java:logAndReturn(56)) - df12c920-952d-4704-9c70-1a288e2f77c7@group-75987F7FE399-LeaderElection92: Election REJECTED; received 2 response(s) [df12c920-952d-4704-9c70-1a288e2f77c7<-875da3d9-0dec-46c7-88bf-73f7a2372b64#0:FAIL-t104, df12c920-952d-4704-9c70-1a288e2f77c7<-9ceef694-dbcf-4070-b7b1-3b3c65b6a699#0:FAIL-t104] and 0 exception(s); df12c920-952d-4704-9c70-1a288e2f77c7@group-75987F7FE399:t104, leader=null, voted=df12c920-952d-4704-9c70-1a288e2f77c7, raftlog=df12c920-952d-4704-9c70-1a288e2f77c7@group-75987F7FE399-SegmentedRaftLog:OPENED:c-1,f-1,i0, conf=-1: [875da3d9-0dec-46c7-88bf-73f7a2372b64:192.168.69.89:39990, df12c920-952d-4704-9c70-1a288e2f77c7:192.168.69.89:43948, 9ceef694-dbcf-4070-b7b1-3b3c65b6a699:192.168.69.89:36536], old=null
2019-10-20 10:28:22,936 [df12c920-952d-4704-9c70-1a288e2f77c7@group-75987F7FE399-LeaderElection92] INFO  impl.RaftServerImpl (RaftServerImpl.java:setRole(184)) - df12c920-952d-4704-9c70-1a288e2f77c7@group-75987F7FE399: changes role from CANDIDATE to FOLLOWER at term 104 for DISCOVERED_A_NEW_TERM
2019-10-20 10:28:22,936 [df12c920-952d-4704-9c70-1a288e2f77c7@group-75987F7FE399-LeaderElection92] INFO  impl.RoleInfo (RoleInfo.java:shutdownLeaderElection(134)) - df12c920-952d-4704-9c70-1a288e2f77c7: shutdown LeaderElection
2019-10-20 10:28:22,937 [df12c920-952d-4704-9c70-1a288e2f77c7@group-75987F7FE399-LeaderElection92] INFO  impl.RoleInfo (RoleInfo.java:updateAndGet(143)) - df12c920-952d-4704-9c70-1a288e2f77c7: start FollowerState
2019-10-20 10:28:23,032 [Thread-856] INFO  impl.FollowerState (FollowerState.java:run(108)) - df12c920-952d-4704-9c70-1a288e2f77c7@group-75987F7FE399-FollowerState: change to CANDIDATE, lastRpcTime:95ms, electionTimeout:95ms
2019-10-20 10:28:23,032 [Thread-856] INFO  impl.RoleInfo (RoleInfo.java:shutdownFollowerState(121)) - df12c920-952d-4704-9c70-1a288e2f77c7: shutdown FollowerState
2019-10-20 10:28:23,032 [Thread-856] INFO  impl.RaftServerImpl (RaftServerImpl.java:setRole(184)) - df12c920-952d-4704-9c70-1a288e2f77c7@group-75987F7FE399: changes role from  FOLLOWER to CANDIDATE at term 104 for changeToCandidate
2019-10-20 10:28:23,033 [Thread-856] INFO  impl.RoleInfo (RoleInfo.java:updateAndGet(143)) - df12c920-952d-4704-9c70-1a288e2f77c7: start LeaderElection
2019-10-20 10:28:23,065 [df12c920-952d-4704-9c70-1a288e2f77c7@group-75987F7FE399-LeaderElection93] INFO  impl.LeaderElection (LeaderElection.java:askForVotes(178)) - df12c920-952d-4704-9c70-1a288e2f77c7@group-75987F7FE399-LeaderElection93: begin an election at term 105 for -1: [875da3d9-0dec-46c7-88bf-73f7a2372b64:192.168.69.89:39990, df12c920-952d-4704-9c70-1a288e2f77c7:192.168.69.89:43948, 9ceef694-dbcf-4070-b7b1-3b3c65b6a699:192.168.69.89:36536], old=null
2019-10-20 10:28:23,068 [grpc-default-executor-3] INFO  impl.RaftServerImpl (RaftServerImpl.java:setRole(184)) - 875da3d9-0dec-46c7-88bf-73f7a2372b64@group-75987F7FE399: changes role from  FOLLOWER to FOLLOWER at term 105 for recognizeCandidate:df12c920-952d-4704-9c70-1a288e2f77c7
2019-10-20 10:28:23,068 [grpc-default-executor-4] INFO  impl.RaftServerImpl (RaftServerImpl.java:setRole(184)) - 9ceef694-dbcf-4070-b7b1-3b3c65b6a699@group-75987F7FE399: changes role from  FOLLOWER to FOLLOWER at term 105 for recognizeCandidate:df12c920-952d-4704-9c70-1a288e2f77c7
2019-10-20 10:28:23,068 [grpc-default-executor-3] INFO  impl.RoleInfo (RoleInfo.java:shutdownFollowerState(121)) - 875da3d9-0dec-46c7-88bf-73f7a2372b64: shutdown FollowerState
2019-10-20 10:28:23,069 [grpc-default-executor-4] INFO  impl.RoleInfo (RoleInfo.java:shutdownFollowerState(121)) - 9ceef694-dbcf-4070-b7b1-3b3c65b6a699: shutdown FollowerState
2019-10-20 10:28:23,069 [grpc-default-executor-3] INFO  impl.RoleInfo (RoleInfo.java:updateAndGet(143)) - 875da3d9-0dec-46c7-88bf-73f7a2372b64: start FollowerState
2019-10-20 10:28:23,069 [Thread-855] INFO  impl.FollowerState (FollowerState.java:run(117)) - 9ceef694-dbcf-4070-b7b1-3b3c65b6a699@group-75987F7FE399-FollowerState was interrupted: java.lang.InterruptedException: sleep interrupted
2019-10-20 10:28:23,069 [grpc-default-executor-4] INFO  impl.RoleInfo (RoleInfo.java:updateAndGet(143)) - 9ceef694-dbcf-4070-b7b1-3b3c65b6a699: start FollowerState
2019-10-20 10:28:23,069 [Thread-854] INFO  impl.FollowerState (FollowerState.java:run(117)) - 875da3d9-0dec-46c7-88bf-73f7a2372b64@group-75987F7FE399-FollowerState was interrupted: java.lang.InterruptedException: sleep interrupted
2019-10-20 10:28:23,072 [df12c920-952d-4704-9c70-1a288e2f77c7@group-75987F7FE399-LeaderElection93] INFO  impl.LeaderElection (LeaderElection.java:logAndReturn(56)) - df12c920-952d-4704-9c70-1a288e2f77c7@group-75987F7FE399-LeaderElection93: Election TIMEOUT; received 0 response(s) [] and 0 exception(s); df12c920-952d-4704-9c70-1a288e2f77c7@group-75987F7FE399:t105, leader=null, voted=df12c920-952d-4704-9c70-1a288e2f77c7, raftlog=df12c920-952d-4704-9c70-1a288e2f77c7@group-75987F7FE399-SegmentedRaftLog:OPENED:c-1,f-1,i0, conf=-1: [875da3d9-0dec-46c7-88bf-73f7a2372b64:192.168.69.89:39990, df12c920-952d-4704-9c70-1a288e2f77c7:192.168.69.89:43948, 9ceef694-dbcf-4070-b7b1-3b3c65b6a699:192.168.69.89:36536], old=null
2019-10-20 10:28:23,094 [df12c920-952d-4704-9c70-1a288e2f77c7@group-75987F7FE399-LeaderElection93] INFO  impl.LeaderElection (LeaderElection.java:askForVotes(178)) - df12c920-952d-4704-9c70-1a288e2f77c7@group-75987F7FE399-LeaderElection93: begin an election at term 106 for -1: [875da3d9-0dec-46c7-88bf-73f7a2372b64:192.168.69.89:39990, df12c920-952d-4704-9c70-1a288e2f77c7:192.168.69.89:43948, 9ceef694-dbcf-4070-b7b1-3b3c65b6a699:192.168.69.89:36536], old=null
2019-10-20 10:28:23,096 [grpc-default-executor-4] INFO  impl.RaftServerImpl (RaftServerImpl.java:setRole(184)) - 875da3d9-0dec-46c7-88bf-73f7a2372b64@group-75987F7FE399: changes role from  FOLLOWER to FOLLOWER at term 106 for recognizeCandidate:df12c920-952d-4704-9c70-1a288e2f77c7
2019-10-20 10:28:23,096 [grpc-default-executor-4] INFO  impl.RoleInfo (RoleInfo.java:shutdownFollowerState(121)) - 875da3d9-0dec-46c7-88bf-73f7a2372b64: shutdown FollowerState
2019-10-20 10:28:23,096 [grpc-default-executor-4] INFO  impl.RoleInfo (RoleInfo.java:updateAndGet(143)) - 875da3d9-0dec-46c7-88bf-73f7a2372b64: start FollowerState
2019-10-20 10:28:23,097 [Thread-860] INFO  impl.FollowerState (FollowerState.java:run(117)) - 875da3d9-0dec-46c7-88bf-73f7a2372b64@group-75987F7FE399-FollowerState was interrupted: java.lang.InterruptedException: sleep interrupted
2019-10-20 10:28:23,097 [grpc-default-executor-3] INFO  impl.RaftServerImpl (RaftServerImpl.java:setRole(184)) - 9ceef694-dbcf-4070-b7b1-3b3c65b6a699@group-75987F7FE399: changes role from  FOLLOWER to FOLLOWER at term 106 for recognizeCandidate:df12c920-952d-4704-9c70-1a288e2f77c7
2019-10-20 10:28:23,097 [grpc-default-executor-3] INFO  impl.RoleInfo (RoleInfo.java:shutdownFollowerState(121)) - 9ceef694-dbcf-4070-b7b1-3b3c65b6a699: shutdown FollowerState
2019-10-20 10:28:23,097 [grpc-default-executor-3] INFO  impl.RoleInfo (RoleInfo.java:updateAndGet(143)) - 9ceef694-dbcf-4070-b7b1-3b3c65b6a699: start FollowerState
2019-10-20 10:28:23,097 [Thread-861] INFO  impl.FollowerState (FollowerState.java:run(117)) - 9ceef694-dbcf-4070-b7b1-3b3c65b6a699@group-75987F7FE399-FollowerState was interrupted: java.lang.InterruptedException: sleep interrupted
2019-10-20 10:28:23,111 [df12c920-952d-4704-9c70-1a288e2f77c7@group-75987F7FE399-LeaderElection93] INFO  impl.LeaderElection (LeaderElection.java:logAndReturn(56)) - df12c920-952d-4704-9c70-1a288e2f77c7@group-75987F7FE399-LeaderElection93: Election REJECTED; received 2 response(s) [df12c920-952d-4704-9c70-1a288e2f77c7<-875da3d9-0dec-46c7-88bf-73f7a2372b64#0:FAIL-t106, df12c920-952d-4704-9c70-1a288e2f77c7<-9ceef694-dbcf-4070-b7b1-3b3c65b6a699#0:FAIL-t106] and 0 exception(s); df12c920-952d-4704-9c70-1a288e2f77c7@group-75987F7FE399:t106, leader=null, voted=df12c920-952d-4704-9c70-1a288e2f77c7, raftlog=df12c920-952d-4704-9c70-1a288e2f77c7@group-75987F7FE399-SegmentedRaftLog:OPENED:c-1,f-1,i0, conf=-1: [875da3d9-0dec-46c7-88bf-73f7a2372b64:192.168.69.89:39990, df12c920-952d-4704-9c70-1a288e2f77c7:192.168.69.89:43948, 9ceef694-dbcf-4070-b7b1-3b3c65b6a699:192.168.69.89:36536], old=null
2019-10-20 10:28:23,111 [df12c920-952d-4704-9c70-1a288e2f77c7@group-75987F7FE399-LeaderElection93] INFO  impl.RaftServerImpl (RaftServerImpl.java:setRole(184)) - df12c920-952d-4704-9c70-1a288e2f77c7@group-75987F7FE399: changes role from CANDIDATE to FOLLOWER at term 106 for DISCOVERED_A_NEW_TERM
2019-10-20 10:28:23,111 [df12c920-952d-4704-9c70-1a288e2f77c7@group-75987F7FE399-LeaderElection93] INFO  impl.RoleInfo (RoleInfo.java:shutdownLeaderElection(134)) - df12c920-952d-4704-9c70-1a288e2f77c7: shutdown LeaderElection
2019-10-20 10:28:23,111 [df12c920-952d-4704-9c70-1a288e2f77c7@group-75987F7FE399-LeaderElection93] INFO  impl.RoleInfo (RoleInfo.java:updateAndGet(143)) - df12c920-952d-4704-9c70-1a288e2f77c7: start FollowerState
2019-10-20 10:28:23,251 [Thread-866] INFO  impl.FollowerState (FollowerState.java:run(108)) - df12c920-952d-4704-9c70-1a288e2f77c7@group-75987F7FE399-FollowerState: change to CANDIDATE, lastRpcTime:139ms, electionTimeout:139ms
2019-10-20 10:28:23,251 [Thread-866] INFO  impl.RoleInfo (RoleInfo.java:shutdownFollowerState(121)) - df12c920-952d-4704-9c70-1a288e2f77c7: shutdown FollowerState
2019-10-20 10:28:23,252 [Thread-866] INFO  impl.RaftServerImpl (RaftServerImpl.java:setRole(184)) - df12c920-952d-4704-9c70-1a288e2f77c7@group-75987F7FE399: changes role from  FOLLOWER to CANDIDATE at term 106 for changeToCandidate
2019-10-20 10:28:23,252 [Thread-866] INFO  impl.RoleInfo (RoleInfo.java:updateAndGet(143)) - df12c920-952d-4704-9c70-1a288e2f77c7: start LeaderElection
2019-10-20 10:28:23,267 [df12c920-952d-4704-9c70-1a288e2f77c7@group-75987F7FE399-LeaderElection94] INFO  impl.LeaderElection (LeaderElection.java:askForVotes(178)) - df12c920-952d-4704-9c70-1a288e2f77c7@group-75987F7FE399-LeaderElection94: begin an election at term 107 for -1: [875da3d9-0dec-46c7-88bf-73f7a2372b64:192.168.69.89:39990, df12c920-952d-4704-9c70-1a288e2f77c7:192.168.69.89:43948, 9ceef694-dbcf-4070-b7b1-3b3c65b6a699:192.168.69.89:36536], old=null
2019-10-20 10:28:23,273 [grpc-default-executor-4] INFO  impl.RaftServerImpl (RaftServerImpl.java:setRole(184)) - 875da3d9-0dec-46c7-88bf-73f7a2372b64@group-75987F7FE399: changes role from  FOLLOWER to FOLLOWER at term 107 for recognizeCandidate:df12c920-952d-4704-9c70-1a288e2f77c7
2019-10-20 10:28:23,273 [grpc-default-executor-3] INFO  impl.RaftServerImpl (RaftServerImpl.java:setRole(184)) - 9ceef694-dbcf-4070-b7b1-3b3c65b6a699@group-75987F7FE399: changes role from  FOLLOWER to FOLLOWER at term 107 for recognizeCandidate:df12c920-952d-4704-9c70-1a288e2f77c7
2019-10-20 10:28:23,273 [grpc-default-executor-4] INFO  impl.RoleInfo (RoleInfo.java:shutdownFollowerState(121)) - 875da3d9-0dec-46c7-88bf-73f7a2372b64: shutdown FollowerState
2019-10-20 10:28:23,274 [grpc-default-executor-3] INFO  impl.RoleInfo (RoleInfo.java:shutdownFollowerState(121)) - 9ceef694-dbcf-4070-b7b1-3b3c65b6a699: shutdown FollowerState
2019-10-20 10:28:23,274 [grpc-default-executor-4] INFO  impl.RoleInfo (RoleInfo.java:updateAndGet(143)) - 875da3d9-0dec-46c7-88bf-73f7a2372b64: start FollowerState
2019-10-20 10:28:23,274 [grpc-default-executor-3] INFO  impl.RoleInfo (RoleInfo.java:updateAndGet(143)) - 9ceef694-dbcf-4070-b7b1-3b3c65b6a699: start FollowerState
2019-10-20 10:28:23,274 [Thread-864] INFO  impl.FollowerState (FollowerState.java:run(117)) - 875da3d9-0dec-46c7-88bf-73f7a2372b64@group-75987F7FE399-FollowerState was interrupted: java.lang.InterruptedException: sleep interrupted
2019-10-20 10:28:23,274 [Thread-865] INFO  impl.FollowerState (FollowerState.java:run(117)) - 9ceef694-dbcf-4070-b7b1-3b3c65b6a699@group-75987F7FE399-FollowerState was interrupted: java.lang.InterruptedException: sleep interrupted
2019-10-20 10:28:23,286 [df12c920-952d-4704-9c70-1a288e2f77c7@group-75987F7FE399-LeaderElection94] INFO  impl.LeaderElection (LeaderElection.java:logAndReturn(56)) - df12c920-952d-4704-9c70-1a288e2f77c7@group-75987F7FE399-LeaderElection94: Election TIMEOUT; received 0 response(s) [] and 0 exception(s); df12c920-952d-4704-9c70-1a288e2f77c7@group-75987F7FE399:t107, leader=null, voted=df12c920-952d-4704-9c70-1a288e2f77c7, raftlog=df12c920-952d-4704-9c70-1a288e2f77c7@group-75987F7FE399-SegmentedRaftLog:OPENED:c-1,f-1,i0, conf=-1: [875da3d9-0dec-46c7-88bf-73f7a2372b64:192.168.69.89:39990, df12c920-952d-4704-9c70-1a288e2f77c7:192.168.69.89:43948, 9ceef694-dbcf-4070-b7b1-3b3c65b6a699:192.168.69.89:36536], old=null
2019-10-20 10:28:23,301 [df12c920-952d-4704-9c70-1a288e2f77c7@group-75987F7FE399-LeaderElection94] INFO  impl.LeaderElection (LeaderElection.java:askForVotes(178)) - df12c920-952d-4704-9c70-1a288e2f77c7@group-75987F7FE399-LeaderElection94: begin an election at term 108 for -1: [875da3d9-0dec-46c7-88bf-73f7a2372b64:192.168.69.89:39990, df12c920-952d-4704-9c70-1a288e2f77c7:192.168.69.89:43948, 9ceef694-dbcf-4070-b7b1-3b3c65b6a699:192.168.69.89:36536], old=null
2019-10-20 10:28:23,305 [grpc-default-executor-4] INFO  impl.RaftServerImpl (RaftServerImpl.java:setRole(184)) - 875da3d9-0dec-46c7-88bf-73f7a2372b64@group-75987F7FE399: changes role from  FOLLOWER to FOLLOWER at term 108 for recognizeCandidate:df12c920-952d-4704-9c70-1a288e2f77c7
2019-10-20 10:28:23,305 [grpc-default-executor-4] INFO  impl.RoleInfo (RoleInfo.java:shutdownFollowerState(121)) - 875da3d9-0dec-46c7-88bf-73f7a2372b64: shutdown FollowerState
2019-10-20 10:28:23,305 [grpc-default-executor-4] INFO  impl.RoleInfo (RoleInfo.java:updateAndGet(143)) - 875da3d9-0dec-46c7-88bf-73f7a2372b64: start FollowerState
2019-10-20 10:28:23,305 [Thread-870] INFO  impl.FollowerState (FollowerState.java:run(117)) - 875da3d9-0dec-46c7-88bf-73f7a2372b64@group-75987F7FE399-FollowerState was interrupted: java.lang.InterruptedException: sleep interrupted
2019-10-20 10:28:23,305 [grpc-default-executor-3] INFO  impl.RaftServerImpl (RaftServerImpl.java:setRole(184)) - 9ceef694-dbcf-4070-b7b1-3b3c65b6a699@group-75987F7FE399: changes role from  FOLLOWER to FOLLOWER at term 108 for recognizeCandidate:df12c920-952d-4704-9c70-1a288e2f77c7
2019-10-20 10:28:23,306 [grpc-default-executor-3] INFO  impl.RoleInfo (RoleInfo.java:shutdownFollowerState(121)) - 9ceef694-dbcf-4070-b7b1-3b3c65b6a699: shutdown FollowerState
2019-10-20 10:28:23,306 [grpc-default-executor-3] INFO  impl.RoleInfo (RoleInfo.java:updateAndGet(143)) - 9ceef694-dbcf-4070-b7b1-3b3c65b6a699: start FollowerState
2019-10-20 10:28:23,306 [Thread-871] INFO  impl.FollowerState (FollowerState.java:run(117)) - 9ceef694-dbcf-4070-b7b1-3b3c65b6a699@group-75987F7FE399-FollowerState was interrupted: java.lang.InterruptedException: sleep interrupted
2019-10-20 10:28:23,331 [df12c920-952d-4704-9c70-1a288e2f77c7@group-75987F7FE399-LeaderElection94] INFO  impl.LeaderElection (LeaderElection.java:logAndReturn(56)) - df12c920-952d-4704-9c70-1a288e2f77c7@group-75987F7FE399-LeaderElection94: Election REJECTED; received 2 response(s) [df12c920-952d-4704-9c70-1a288e2f77c7<-875da3d9-0dec-46c7-88bf-73f7a2372b64#0:FAIL-t108, df12c920-952d-4704-9c70-1a288e2f77c7<-9ceef694-dbcf-4070-b7b1-3b3c65b6a699#0:FAIL-t108] and 0 exception(s); df12c920-952d-4704-9c70-1a288e2f77c7@group-75987F7FE399:t108, leader=null, voted=df12c920-952d-4704-9c70-1a288e2f77c7, raftlog=df12c920-952d-4704-9c70-1a288e2f77c7@group-75987F7FE399-SegmentedRaftLog:OPENED:c-1,f-1,i0, conf=-1: [875da3d9-0dec-46c7-88bf-73f7a2372b64:192.168.69.89:39990, df12c920-952d-4704-9c70-1a288e2f77c7:192.168.69.89:43948, 9ceef694-dbcf-4070-b7b1-3b3c65b6a699:192.168.69.89:36536], old=null
2019-10-20 10:28:23,331 [df12c920-952d-4704-9c70-1a288e2f77c7@group-75987F7FE399-LeaderElection94] INFO  impl.RaftServerImpl (RaftServerImpl.java:setRole(184)) - df12c920-952d-4704-9c70-1a288e2f77c7@group-75987F7FE399: changes role from CANDIDATE to FOLLOWER at term 108 for DISCOVERED_A_NEW_TERM
2019-10-20 10:28:23,331 [df12c920-952d-4704-9c70-1a288e2f77c7@group-75987F7FE399-LeaderElection94] INFO  impl.RoleInfo (RoleInfo.java:shutdownLeaderElection(134)) - df12c920-952d-4704-9c70-1a288e2f77c7: shutdown LeaderElection
2019-10-20 10:28:23,332 [df12c920-952d-4704-9c70-1a288e2f77c7@group-75987F7FE399-LeaderElection94] INFO  impl.RoleInfo (RoleInfo.java:updateAndGet(143)) - df12c920-952d-4704-9c70-1a288e2f77c7: start FollowerState
2019-10-20 10:28:23,358 [Thread-876] INFO  impl.FollowerState (FollowerState.java:run(108)) - df12c920-952d-4704-9c70-1a288e2f77c7@group-75987F7FE399-FollowerState: change to CANDIDATE, lastRpcTime:26ms, electionTimeout:26ms
2019-10-20 10:28:23,358 [Thread-876] INFO  impl.RoleInfo (RoleInfo.java:shutdownFollowerState(121)) - df12c920-952d-4704-9c70-1a288e2f77c7: shutdown FollowerState
2019-10-20 10:28:23,359 [Thread-876] INFO  impl.RaftServerImpl (RaftServerImpl.java:setRole(184)) - df12c920-952d-4704-9c70-1a288e2f77c7@group-75987F7FE399: changes role from  FOLLOWER to CANDIDATE at term 108 for changeToCandidate
2019-10-20 10:28:23,359 [Thread-876] INFO  impl.RoleInfo (RoleInfo.java:updateAndGet(143)) - df12c920-952d-4704-9c70-1a288e2f77c7: start LeaderElection
2019-10-20 10:28:23,375 [df12c920-952d-4704-9c70-1a288e2f77c7@group-75987F7FE399-LeaderElection95] INFO  impl.LeaderElection (LeaderElection.java:askForVotes(178)) - df12c920-952d-4704-9c70-1a288e2f77c7@group-75987F7FE399-LeaderElection95: begin an election at term 109 for -1: [875da3d9-0dec-46c7-88bf-73f7a2372b64:192.168.69.89:39990, df12c920-952d-4704-9c70-1a288e2f77c7:192.168.69.89:43948, 9ceef694-dbcf-4070-b7b1-3b3c65b6a699:192.168.69.89:36536], old=null
2019-10-20 10:28:23,378 [grpc-default-executor-4] INFO  impl.RaftServerImpl (RaftServerImpl.java:setRole(184)) - 875da3d9-0dec-46c7-88bf-73f7a2372b64@group-75987F7FE399: changes role from  FOLLOWER to FOLLOWER at term 109 for recognizeCandidate:df12c920-952d-4704-9c70-1a288e2f77c7
2019-10-20 10:28:23,378 [grpc-default-executor-3] INFO  impl.RaftServerImpl (RaftServerImpl.java:setRole(184)) - 9ceef694-dbcf-4070-b7b1-3b3c65b6a699@group-75987F7FE399: changes role from  FOLLOWER to FOLLOWER at term 109 for recognizeCandidate:df12c920-952d-4704-9c70-1a288e2f77c7
2019-10-20 10:28:23,379 [grpc-default-executor-3] INFO  impl.RoleInfo (RoleInfo.java:shutdownFollowerState(121)) - 9ceef694-dbcf-4070-b7b1-3b3c65b6a699: shutdown FollowerState
2019-10-20 10:28:23,378 [grpc-default-executor-4] INFO  impl.RoleInfo (RoleInfo.java:shutdownFollowerState(121)) - 875da3d9-0dec-46c7-88bf-73f7a2372b64: shutdown FollowerState
2019-10-20 10:28:23,379 [grpc-default-executor-3] INFO  impl.RoleInfo (RoleInfo.java:updateAndGet(143)) - 9ceef694-dbcf-4070-b7b1-3b3c65b6a699: start FollowerState
2019-10-20 10:28:23,379 [grpc-default-executor-4] INFO  impl.RoleInfo (RoleInfo.java:updateAndGet(143)) - 875da3d9-0dec-46c7-88bf-73f7a2372b64: start FollowerState
2019-10-20 10:28:23,379 [Thread-875] INFO  impl.FollowerState (FollowerState.java:run(117)) - 9ceef694-dbcf-4070-b7b1-3b3c65b6a699@group-75987F7FE399-FollowerState was interrupted: java.lang.InterruptedException: sleep interrupted
2019-10-20 10:28:23,379 [Thread-874] INFO  impl.FollowerState (FollowerState.java:run(117)) - 875da3d9-0dec-46c7-88bf-73f7a2372b64@group-75987F7FE399-FollowerState was interrupted: java.lang.InterruptedException: sleep interrupted
2019-10-20 10:28:23,394 [df12c920-952d-4704-9c70-1a288e2f77c7@group-75987F7FE399-LeaderElection95] INFO  impl.LeaderElection (LeaderElection.java:logAndReturn(56)) - df12c920-952d-4704-9c70-1a288e2f77c7@group-75987F7FE399-LeaderElection95: Election REJECTED; received 2 response(s) [df12c920-952d-4704-9c70-1a288e2f77c7<-875da3d9-0dec-46c7-88bf-73f7a2372b64#0:FAIL-t109, df12c920-952d-4704-9c70-1a288e2f77c7<-9ceef694-dbcf-4070-b7b1-3b3c65b6a699#0:FAIL-t109] and 0 exception(s); df12c920-952d-4704-9c70-1a288e2f77c7@group-75987F7FE399:t109, leader=null, voted=df12c920-952d-4704-9c70-1a288e2f77c7, raftlog=df12c920-952d-4704-9c70-1a288e2f77c7@group-75987F7FE399-SegmentedRaftLog:OPENED:c-1,f-1,i0, conf=-1: [875da3d9-0dec-46c7-88bf-73f7a2372b64:192.168.69.89:39990, df12c920-952d-4704-9c70-1a288e2f77c7:192.168.69.89:43948, 9ceef694-dbcf-4070-b7b1-3b3c65b6a699:192.168.69.89:36536], old=null
2019-10-20 10:28:23,394 [df12c920-952d-4704-9c70-1a288e2f77c7@group-75987F7FE399-LeaderElection95] INFO  impl.RaftServerImpl (RaftServerImpl.java:setRole(184)) - df12c920-952d-4704-9c70-1a288e2f77c7@group-75987F7FE399: changes role from CANDIDATE to FOLLOWER at term 109 for DISCOVERED_A_NEW_TERM
2019-10-20 10:28:23,394 [df12c920-952d-4704-9c70-1a288e2f77c7@group-75987F7FE399-LeaderElection95] INFO  impl.RoleInfo (RoleInfo.java:shutdownLeaderElection(134)) - df12c920-952d-4704-9c70-1a288e2f77c7: shutdown LeaderElection
2019-10-20 10:28:23,394 [df12c920-952d-4704-9c70-1a288e2f77c7@group-75987F7FE399-LeaderElection95] INFO  impl.RoleInfo (RoleInfo.java:updateAndGet(143)) - df12c920-952d-4704-9c70-1a288e2f77c7: start FollowerState
2019-10-20 10:28:23,398 [Thread-882] INFO  impl.FollowerState (FollowerState.java:run(108)) - df12c920-952d-4704-9c70-1a288e2f77c7@group-75987F7FE399-FollowerState: change to CANDIDATE, lastRpcTime:3ms, electionTimeout:3ms
2019-10-20 10:28:23,398 [Thread-882] INFO  impl.RoleInfo (RoleInfo.java:shutdownFollowerState(121)) - df12c920-952d-4704-9c70-1a288e2f77c7: shutdown FollowerState
2019-10-20 10:28:23,398 [Thread-882] INFO  impl.RaftServerImpl (RaftServerImpl.java:setRole(184)) - df12c920-952d-4704-9c70-1a288e2f77c7@group-75987F7FE399: changes role from  FOLLOWER to CANDIDATE at term 109 for changeToCandidate
2019-10-20 10:28:23,399 [Thread-882] INFO  impl.RoleInfo (RoleInfo.java:updateAndGet(143)) - df12c920-952d-4704-9c70-1a288e2f77c7: start LeaderElection
2019-10-20 10:28:23,414 [df12c920-952d-4704-9c70-1a288e2f77c7@group-75987F7FE399-LeaderElection96] INFO  impl.LeaderElection (LeaderElection.java:askForVotes(178)) - df12c920-952d-4704-9c70-1a288e2f77c7@group-75987F7FE399-LeaderElection96: begin an election at term 110 for -1: [875da3d9-0dec-46c7-88bf-73f7a2372b64:192.168.69.89:39990, df12c920-952d-4704-9c70-1a288e2f77c7:192.168.69.89:43948, 9ceef694-dbcf-4070-b7b1-3b3c65b6a699:192.168.69.89:36536], old=null
2019-10-20 10:28:23,417 [grpc-default-executor-4] INFO  impl.RaftServerImpl (RaftServerImpl.java:setRole(184)) - 9ceef694-dbcf-4070-b7b1-3b3c65b6a699@group-75987F7FE399: changes role from  FOLLOWER to FOLLOWER at term 110 for recognizeCandidate:df12c920-952d-4704-9c70-1a288e2f77c7
2019-10-20 10:28:23,417 [grpc-default-executor-4] INFO  impl.RoleInfo (RoleInfo.java:shutdownFollowerState(121)) - 9ceef694-dbcf-4070-b7b1-3b3c65b6a699: shutdown FollowerState
2019-10-20 10:28:23,417 [grpc-default-executor-3] INFO  impl.RaftServerImpl (RaftServerImpl.java:setRole(184)) - 875da3d9-0dec-46c7-88bf-73f7a2372b64@group-75987F7FE399: changes role from  FOLLOWER to FOLLOWER at term 110 for recognizeCandidate:df12c920-952d-4704-9c70-1a288e2f77c7
2019-10-20 10:28:23,417 [grpc-default-executor-3] INFO  impl.RoleInfo (RoleInfo.java:shutdownFollowerState(121)) - 875da3d9-0dec-46c7-88bf-73f7a2372b64: shutdown FollowerState
2019-10-20 10:28:23,417 [grpc-default-executor-4] INFO  impl.RoleInfo (RoleInfo.java:updateAndGet(143)) - 9ceef694-dbcf-4070-b7b1-3b3c65b6a699: start FollowerState
2019-10-20 10:28:23,417 [Thread-881] INFO  impl.FollowerState (FollowerState.java:run(117)) - 875da3d9-0dec-46c7-88bf-73f7a2372b64@group-75987F7FE399-FollowerState was interrupted: java.lang.InterruptedException: sleep interrupted
2019-10-20 10:28:23,417 [grpc-default-executor-3] INFO  impl.RoleInfo (RoleInfo.java:updateAndGet(143)) - 875da3d9-0dec-46c7-88bf-73f7a2372b64: start FollowerState
2019-10-20 10:28:23,417 [Thread-880] INFO  impl.FollowerState (FollowerState.java:run(117)) - 9ceef694-dbcf-4070-b7b1-3b3c65b6a699@group-75987F7FE399-FollowerState was interrupted: java.lang.InterruptedException: sleep interrupted
2019-10-20 10:28:23,432 [df12c920-952d-4704-9c70-1a288e2f77c7@group-75987F7FE399-LeaderElection96] INFO  impl.LeaderElection (LeaderElection.java:logAndReturn(56)) - df12c920-952d-4704-9c70-1a288e2f77c7@group-75987F7FE399-LeaderElection96: Election REJECTED; received 2 response(s) [df12c920-952d-4704-9c70-1a288e2f77c7<-875da3d9-0dec-46c7-88bf-73f7a2372b64#0:FAIL-t110, df12c920-952d-4704-9c70-1a288e2f77c7<-9ceef694-dbcf-4070-b7b1-3b3c65b6a699#0:FAIL-t110] and 0 exception(s); df12c920-952d-4704-9c70-1a288e2f77c7@group-75987F7FE399:t110, leader=null, voted=df12c920-952d-4704-9c70-1a288e2f77c7, raftlog=df12c920-952d-4704-9c70-1a288e2f77c7@group-75987F7FE399-SegmentedRaftLog:OPENED:c-1,f-1,i0, conf=-1: [875da3d9-0dec-46c7-88bf-73f7a2372b64:192.168.69.89:39990, df12c920-952d-4704-9c70-1a288e2f77c7:192.168.69.89:43948, 9ceef694-dbcf-4070-b7b1-3b3c65b6a699:192.168.69.89:36536], old=null
2019-10-20 10:28:23,433 [df12c920-952d-4704-9c70-1a288e2f77c7@group-75987F7FE399-LeaderElection96] INFO  impl.RaftServerImpl (RaftServerImpl.java:setRole(184)) - df12c920-952d-4704-9c70-1a288e2f77c7@group-75987F7FE399: changes role from CANDIDATE to FOLLOWER at term 110 for DISCOVERED_A_NEW_TERM
2019-10-20 10:28:23,433 [df12c920-952d-4704-9c70-1a288e2f77c7@group-75987F7FE399-LeaderElection96] INFO  impl.RoleInfo (RoleInfo.java:shutdownLeaderElection(134)) - df12c920-952d-4704-9c70-1a288e2f77c7: shutdown LeaderElection
2019-10-20 10:28:23,433 [df12c920-952d-4704-9c70-1a288e2f77c7@group-75987F7FE399-LeaderElection96] INFO  impl.RoleInfo (RoleInfo.java:updateAndGet(143)) - df12c920-952d-4704-9c70-1a288e2f77c7: start FollowerState
2019-10-20 10:28:23,513 [Thread-888] INFO  impl.FollowerState (FollowerState.java:run(108)) - df12c920-952d-4704-9c70-1a288e2f77c7@group-75987F7FE399-FollowerState: change to CANDIDATE, lastRpcTime:79ms, electionTimeout:79ms
2019-10-20 10:28:23,513 [Thread-888] INFO  impl.RoleInfo (RoleInfo.java:shutdownFollowerState(121)) - df12c920-952d-4704-9c70-1a288e2f77c7: shutdown FollowerState
2019-10-20 10:28:23,513 [Thread-888] INFO  impl.RaftServerImpl (RaftServerImpl.java:setRole(184)) - df12c920-952d-4704-9c70-1a288e2f77c7@group-75987F7FE399: changes role from  FOLLOWER to CANDIDATE at term 110 for changeToCandidate
2019-10-20 10:28:23,513 [Thread-888] INFO  impl.RoleInfo (RoleInfo.java:updateAndGet(143)) - df12c920-952d-4704-9c70-1a288e2f77c7: start LeaderElection
2019-10-20 10:28:23,527 [df12c920-952d-4704-9c70-1a288e2f77c7@group-75987F7FE399-LeaderElection97] INFO  impl.LeaderElection (LeaderElection.java:askForVotes(178)) - df12c920-952d-4704-9c70-1a288e2f77c7@group-75987F7FE399-LeaderElection97: begin an election at term 111 for -1: [875da3d9-0dec-46c7-88bf-73f7a2372b64:192.168.69.89:39990, df12c920-952d-4704-9c70-1a288e2f77c7:192.168.69.89:43948, 9ceef694-dbcf-4070-b7b1-3b3c65b6a699:192.168.69.89:36536], old=null
2019-10-20 10:28:23,534 [grpc-default-executor-4] INFO  impl.RaftServerImpl (RaftServerImpl.java:setRole(184)) - 9ceef694-dbcf-4070-b7b1-3b3c65b6a699@group-75987F7FE399: changes role from  FOLLOWER to FOLLOWER at term 111 for recognizeCandidate:df12c920-952d-4704-9c70-1a288e2f77c7
2019-10-20 10:28:23,534 [grpc-default-executor-4] INFO  impl.RoleInfo (RoleInfo.java:shutdownFollowerState(121)) - 9ceef694-dbcf-4070-b7b1-3b3c65b6a699: shutdown FollowerState
2019-10-20 10:28:23,534 [grpc-default-executor-3] INFO  impl.RaftServerImpl (RaftServerImpl.java:setRole(184)) - 875da3d9-0dec-46c7-88bf-73f7a2372b64@group-75987F7FE399: changes role from  FOLLOWER to FOLLOWER at term 111 for recognizeCandidate:df12c920-952d-4704-9c70-1a288e2f77c7
2019-10-20 10:28:23,535 [grpc-default-executor-4] INFO  impl.RoleInfo (RoleInfo.java:updateAndGet(143)) - 9ceef694-dbcf-4070-b7b1-3b3c65b6a699: start FollowerState
2019-10-20 10:28:23,535 [Thread-886] INFO  impl.FollowerState (FollowerState.java:run(117)) - 9ceef694-dbcf-4070-b7b1-3b3c65b6a699@group-75987F7FE399-FollowerState was interrupted: java.lang.InterruptedException: sleep interrupted
2019-10-20 10:28:23,535 [grpc-default-executor-3] INFO  impl.RoleInfo (RoleInfo.java:shutdownFollowerState(121)) - 875da3d9-0dec-46c7-88bf-73f7a2372b64: shutdown FollowerState
2019-10-20 10:28:23,535 [grpc-default-executor-3] INFO  impl.RoleInfo (RoleInfo.java:updateAndGet(143)) - 875da3d9-0dec-46c7-88bf-73f7a2372b64: start FollowerState
2019-10-20 10:28:23,535 [Thread-887] INFO  impl.FollowerState (FollowerState.java:run(117)) - 875da3d9-0dec-46c7-88bf-73f7a2372b64@group-75987F7FE399-FollowerState was interrupted: java.lang.InterruptedException: sleep interrupted
2019-10-20 10:28:23,562 [df12c920-952d-4704-9c70-1a288e2f77c7@group-75987F7FE399-LeaderElection97] INFO  impl.LeaderElection (LeaderElection.java:logAndReturn(56)) - df12c920-952d-4704-9c70-1a288e2f77c7@group-75987F7FE399-LeaderElection97: Election REJECTED; received 2 response(s) [df12c920-952d-4704-9c70-1a288e2f77c7<-875da3d9-0dec-46c7-88bf-73f7a2372b64#0:FAIL-t111, df12c920-952d-4704-9c70-1a288e2f77c7<-9ceef694-dbcf-4070-b7b1-3b3c65b6a699#0:FAIL-t111] and 0 exception(s); df12c920-952d-4704-9c70-1a288e2f77c7@group-75987F7FE399:t111, leader=null, voted=df12c920-952d-4704-9c70-1a288e2f77c7, raftlog=df12c920-952d-4704-9c70-1a288e2f77c7@group-75987F7FE399-SegmentedRaftLog:OPENED:c-1,f-1,i0, conf=-1: [875da3d9-0dec-46c7-88bf-73f7a2372b64:192.168.69.89:39990, df12c920-952d-4704-9c70-1a288e2f77c7:192.168.69.89:43948, 9ceef694-dbcf-4070-b7b1-3b3c65b6a699:192.168.69.89:36536], old=null
2019-10-20 10:28:23,562 [df12c920-952d-4704-9c70-1a288e2f77c7@group-75987F7FE399-LeaderElection97] INFO  impl.RaftServerImpl (RaftServerImpl.java:setRole(184)) - df12c920-952d-4704-9c70-1a288e2f77c7@group-75987F7FE399: changes role from CANDIDATE to FOLLOWER at term 111 for DISCOVERED_A_NEW_TERM
2019-10-20 10:28:23,562 [df12c920-952d-4704-9c70-1a288e2f77c7@group-75987F7FE399-LeaderElection97] INFO  impl.RoleInfo (RoleInfo.java:shutdownLeaderElection(134)) - df12c920-952d-4704-9c70-1a288e2f77c7: shutdown LeaderElection
2019-10-20 10:28:23,562 [df12c920-952d-4704-9c70-1a288e2f77c7@group-75987F7FE399-LeaderElection97] INFO  impl.RoleInfo (RoleInfo.java:updateAndGet(143)) - df12c920-952d-4704-9c70-1a288e2f77c7: start FollowerState
2019-10-20 10:28:23,760 [Thread-894] INFO  impl.FollowerState (FollowerState.java:run(108)) - df12c920-952d-4704-9c70-1a288e2f77c7@group-75987F7FE399-FollowerState: change to CANDIDATE, lastRpcTime:197ms, electionTimeout:197ms
2019-10-20 10:28:23,760 [Thread-894] INFO  impl.RoleInfo (RoleInfo.java:shutdownFollowerState(121)) - df12c920-952d-4704-9c70-1a288e2f77c7: shutdown FollowerState
2019-10-20 10:28:23,760 [Thread-894] INFO  impl.RaftServerImpl (RaftServerImpl.java:setRole(184)) - df12c920-952d-4704-9c70-1a288e2f77c7@group-75987F7FE399: changes role from  FOLLOWER to CANDIDATE at term 111 for changeToCandidate
2019-10-20 10:28:23,760 [Thread-894] INFO  impl.RoleInfo (RoleInfo.java:updateAndGet(143)) - df12c920-952d-4704-9c70-1a288e2f77c7: start LeaderElection
2019-10-20 10:28:23,786 [df12c920-952d-4704-9c70-1a288e2f77c7@group-75987F7FE399-LeaderElection98] INFO  impl.LeaderElection (LeaderElection.java:askForVotes(178)) - df12c920-952d-4704-9c70-1a288e2f77c7@group-75987F7FE399-LeaderElection98: begin an election at term 112 for -1: [875da3d9-0dec-46c7-88bf-73f7a2372b64:192.168.69.89:39990, df12c920-952d-4704-9c70-1a288e2f77c7:192.168.69.89:43948, 9ceef694-dbcf-4070-b7b1-3b3c65b6a699:192.168.69.89:36536], old=null
2019-10-20 10:28:23,789 [grpc-default-executor-3] INFO  impl.RaftServerImpl (RaftServerImpl.java:setRole(184)) - 875da3d9-0dec-46c7-88bf-73f7a2372b64@group-75987F7FE399: changes role from  FOLLOWER to FOLLOWER at term 112 for recognizeCandidate:df12c920-952d-4704-9c70-1a288e2f77c7
2019-10-20 10:28:23,789 [grpc-default-executor-3] INFO  impl.RoleInfo (RoleInfo.java:shutdownFollowerState(121)) - 875da3d9-0dec-46c7-88bf-73f7a2372b64: shutdown FollowerState
2019-10-20 10:28:23,789 [grpc-default-executor-3] INFO  impl.RoleInfo (RoleInfo.java:updateAndGet(143)) - 875da3d9-0dec-46c7-88bf-73f7a2372b64: start FollowerState
2019-10-20 10:28:23,789 [grpc-default-executor-4] INFO  impl.RaftServerImpl (RaftServerImpl.java:setRole(184)) - 9ceef694-dbcf-4070-b7b1-3b3c65b6a699@group-75987F7FE399: changes role from  FOLLOWER to FOLLOWER at term 112 for recognizeCandidate:df12c920-952d-4704-9c70-1a288e2f77c7
2019-10-20 10:28:23,789 [Thread-893] INFO  impl.FollowerState (FollowerState.java:run(117)) - 875da3d9-0dec-46c7-88bf-73f7a2372b64@group-75987F7FE399-FollowerState was interrupted: java.lang.InterruptedException: sleep interrupted
2019-10-20 10:28:23,790 [grpc-default-executor-4] INFO  impl.RoleInfo (RoleInfo.java:shutdownFollowerState(121)) - 9ceef694-dbcf-4070-b7b1-3b3c65b6a699: shutdown FollowerState
2019-10-20 10:28:23,790 [grpc-default-executor-4] INFO  impl.RoleInfo (RoleInfo.java:updateAndGet(143)) - 9ceef694-dbcf-4070-b7b1-3b3c65b6a699: start FollowerState
2019-10-20 10:28:23,790 [Thread-892] INFO  impl.FollowerState (FollowerState.java:run(117)) - 9ceef694-dbcf-4070-b7b1-3b3c65b6a699@group-75987F7FE399-FollowerState was interrupted: java.lang.InterruptedException: sleep interrupted
2019-10-20 10:28:23,806 [df12c920-952d-4704-9c70-1a288e2f77c7@group-75987F7FE399-LeaderElection98] INFO  impl.LeaderElection (LeaderElection.java:logAndReturn(56)) - df12c920-952d-4704-9c70-1a288e2f77c7@group-75987F7FE399-LeaderElection98: Election REJECTED; received 2 response(s) [df12c920-952d-4704-9c70-1a288e2f77c7<-875da3d9-0dec-46c7-88bf-73f7a2372b64#0:FAIL-t112, df12c920-952d-4704-9c70-1a288e2f77c7<-9ceef694-dbcf-4070-b7b1-3b3c65b6a699#0:FAIL-t112] and 0 exception(s); df12c920-952d-4704-9c70-1a288e2f77c7@group-75987F7FE399:t112, leader=null, voted=df12c920-952d-4704-9c70-1a288e2f77c7, raftlog=df12c920-952d-4704-9c70-1a288e2f77c7@group-75987F7FE399-SegmentedRaftLog:OPENED:c-1,f-1,i0, conf=-1: [875da3d9-0dec-46c7-88bf-73f7a2372b64:192.168.69.89:39990, df12c920-952d-4704-9c70-1a288e2f77c7:192.168.69.89:43948, 9ceef694-dbcf-4070-b7b1-3b3c65b6a699:192.168.69.89:36536], old=null
2019-10-20 10:28:23,807 [df12c920-952d-4704-9c70-1a288e2f77c7@group-75987F7FE399-LeaderElection98] INFO  impl.RaftServerImpl (RaftServerImpl.java:setRole(184)) - df12c920-952d-4704-9c70-1a288e2f77c7@group-75987F7FE399: changes role from CANDIDATE to FOLLOWER at term 112 for DISCOVERED_A_NEW_TERM
2019-10-20 10:28:23,807 [df12c920-952d-4704-9c70-1a288e2f77c7@group-75987F7FE399-LeaderElection98] INFO  impl.RoleInfo (RoleInfo.java:shutdownLeaderElection(134)) - df12c920-952d-4704-9c70-1a288e2f77c7: shutdown LeaderElection
2019-10-20 10:28:23,807 [df12c920-952d-4704-9c70-1a288e2f77c7@group-75987F7FE399-LeaderElection98] INFO  impl.RoleInfo (RoleInfo.java:updateAndGet(143)) - df12c920-952d-4704-9c70-1a288e2f77c7: start FollowerState
2019-10-20 10:28:23,915 [Thread-902] INFO  impl.FollowerState (FollowerState.java:run(108)) - df12c920-952d-4704-9c70-1a288e2f77c7@group-75987F7FE399-FollowerState: change to CANDIDATE, lastRpcTime:108ms, electionTimeout:108ms
2019-10-20 10:28:23,916 [Thread-902] INFO  impl.RoleInfo (RoleInfo.java:shutdownFollowerState(121)) - df12c920-952d-4704-9c70-1a288e2f77c7: shutdown FollowerState
2019-10-20 10:28:23,916 [Thread-902] INFO  impl.RaftServerImpl (RaftServerImpl.java:setRole(184)) - df12c920-952d-4704-9c70-1a288e2f77c7@group-75987F7FE399: changes role from  FOLLOWER to CANDIDATE at term 112 for changeToCandidate
2019-10-20 10:28:23,916 [Thread-902] INFO  impl.RoleInfo (RoleInfo.java:updateAndGet(143)) - df12c920-952d-4704-9c70-1a288e2f77c7: start LeaderElection
2019-10-20 10:28:23,942 [df12c920-952d-4704-9c70-1a288e2f77c7@group-75987F7FE399-LeaderElection99] INFO  impl.LeaderElection (LeaderElection.java:askForVotes(178)) - df12c920-952d-4704-9c70-1a288e2f77c7@group-75987F7FE399-LeaderElection99: begin an election at term 113 for -1: [875da3d9-0dec-46c7-88bf-73f7a2372b64:192.168.69.89:39990, df12c920-952d-4704-9c70-1a288e2f77c7:192.168.69.89:43948, 9ceef694-dbcf-4070-b7b1-3b3c65b6a699:192.168.69.89:36536], old=null
2019-10-20 10:28:23,946 [grpc-default-executor-4] INFO  impl.RaftServerImpl (RaftServerImpl.java:setRole(184)) - 875da3d9-0dec-46c7-88bf-73f7a2372b64@group-75987F7FE399: changes role from  FOLLOWER to FOLLOWER at term 113 for recognizeCandidate:df12c920-952d-4704-9c70-1a288e2f77c7
2019-10-20 10:28:23,946 [grpc-default-executor-4] INFO  impl.RoleInfo (RoleInfo.java:shutdownFollowerState(121)) - 875da3d9-0dec-46c7-88bf-73f7a2372b64: shutdown FollowerState
2019-10-20 10:28:23,946 [grpc-default-executor-3] INFO  impl.RaftServerImpl (RaftServerImpl.java:setRole(184)) - 9ceef694-dbcf-4070-b7b1-3b3c65b6a699@group-75987F7FE399: changes role from  FOLLOWER to FOLLOWER at term 113 for recognizeCandidate:df12c920-952d-4704-9c70-1a288e2f77c7
2019-10-20 10:28:23,946 [Thread-900] INFO  impl.FollowerState (FollowerState.java:run(117)) - 875da3d9-0dec-46c7-88bf-73f7a2372b64@group-75987F7FE399-FollowerState was interrupted: java.lang.InterruptedException: sleep interrupted
2019-10-20 10:28:23,946 [grpc-default-executor-3] INFO  impl.RoleInfo (RoleInfo.java:shutdownFollowerState(121)) - 9ceef694-dbcf-4070-b7b1-3b3c65b6a699: shutdown FollowerState
2019-10-20 10:28:23,946 [grpc-default-executor-4] INFO  impl.RoleInfo (RoleInfo.java:updateAndGet(143)) - 875da3d9-0dec-46c7-88bf-73f7a2372b64: start FollowerState
2019-10-20 10:28:23,947 [grpc-default-executor-3] INFO  impl.RoleInfo (RoleInfo.java:updateAndGet(143)) - 9ceef694-dbcf-4070-b7b1-3b3c65b6a699: start FollowerState
2019-10-20 10:28:23,947 [Thread-901] INFO  impl.FollowerState (FollowerState.java:run(117)) - 9ceef694-dbcf-4070-b7b1-3b3c65b6a699@group-75987F7FE399-FollowerState was interrupted: java.lang.InterruptedException: sleep interrupted
2019-10-20 10:28:23,974 [df12c920-952d-4704-9c70-1a288e2f77c7@group-75987F7FE399-LeaderElection99] INFO  impl.LeaderElection (LeaderElection.java:logAndReturn(56)) - df12c920-952d-4704-9c70-1a288e2f77c7@group-75987F7FE399-LeaderElection99: Election REJECTED; received 2 response(s) [df12c920-952d-4704-9c70-1a288e2f77c7<-875da3d9-0dec-46c7-88bf-73f7a2372b64#0:FAIL-t113, df12c920-952d-4704-9c70-1a288e2f77c7<-9ceef694-dbcf-4070-b7b1-3b3c65b6a699#0:FAIL-t113] and 0 exception(s); df12c920-952d-4704-9c70-1a288e2f77c7@group-75987F7FE399:t113, leader=null, voted=df12c920-952d-4704-9c70-1a288e2f77c7, raftlog=df12c920-952d-4704-9c70-1a288e2f77c7@group-75987F7FE399-SegmentedRaftLog:OPENED:c-1,f-1,i0, conf=-1: [875da3d9-0dec-46c7-88bf-73f7a2372b64:192.168.69.89:39990, df12c920-952d-4704-9c70-1a288e2f77c7:192.168.69.89:43948, 9ceef694-dbcf-4070-b7b1-3b3c65b6a699:192.168.69.89:36536], old=null
2019-10-20 10:28:23,975 [df12c920-952d-4704-9c70-1a288e2f77c7@group-75987F7FE399-LeaderElection99] INFO  impl.RaftServerImpl (RaftServerImpl.java:setRole(184)) - df12c920-952d-4704-9c70-1a288e2f77c7@group-75987F7FE399: changes role from CANDIDATE to FOLLOWER at term 113 for DISCOVERED_A_NEW_TERM
2019-10-20 10:28:23,975 [df12c920-952d-4704-9c70-1a288e2f77c7@group-75987F7FE399-LeaderElection99] INFO  impl.RoleInfo (RoleInfo.java:shutdownLeaderElection(134)) - df12c920-952d-4704-9c70-1a288e2f77c7: shutdown LeaderElection
2019-10-20 10:28:23,975 [df12c920-952d-4704-9c70-1a288e2f77c7@group-75987F7FE399-LeaderElection99] INFO  impl.RoleInfo (RoleInfo.java:updateAndGet(143)) - df12c920-952d-4704-9c70-1a288e2f77c7: start FollowerState
2019-10-20 10:28:23,976 [Thread-908] INFO  impl.FollowerState (FollowerState.java:run(108)) - df12c920-952d-4704-9c70-1a288e2f77c7@group-75987F7FE399-FollowerState: change to CANDIDATE, lastRpcTime:0ms, electionTimeout:0ms
2019-10-20 10:28:23,976 [Thread-908] INFO  impl.RoleInfo (RoleInfo.java:shutdownFollowerState(121)) - df12c920-952d-4704-9c70-1a288e2f77c7: shutdown FollowerState
2019-10-20 10:28:23,976 [Thread-908] INFO  impl.RaftServerImpl (RaftServerImpl.java:setRole(184)) - df12c920-952d-4704-9c70-1a288e2f77c7@group-75987F7FE399: changes role from  FOLLOWER to CANDIDATE at term 113 for changeToCandidate
2019-10-20 10:28:23,976 [Thread-908] INFO  impl.RoleInfo (RoleInfo.java:updateAndGet(143)) - df12c920-952d-4704-9c70-1a288e2f77c7: start LeaderElection
2019-10-20 10:28:23,989 [df12c920-952d-4704-9c70-1a288e2f77c7@group-75987F7FE399-LeaderElection100] INFO  impl.LeaderElection (LeaderElection.java:askForVotes(178)) - df12c920-952d-4704-9c70-1a288e2f77c7@group-75987F7FE399-LeaderElection100: begin an election at term 114 for -1: [875da3d9-0dec-46c7-88bf-73f7a2372b64:192.168.69.89:39990, df12c920-952d-4704-9c70-1a288e2f77c7:192.168.69.89:43948, 9ceef694-dbcf-4070-b7b1-3b3c65b6a699:192.168.69.89:36536], old=null
2019-10-20 10:28:23,992 [grpc-default-executor-3] INFO  impl.RaftServerImpl (RaftServerImpl.java:setRole(184)) - 875da3d9-0dec-46c7-88bf-73f7a2372b64@group-75987F7FE399: changes role from  FOLLOWER to FOLLOWER at term 114 for recognizeCandidate:df12c920-952d-4704-9c70-1a288e2f77c7
2019-10-20 10:28:23,992 [grpc-default-executor-3] INFO  impl.RoleInfo (RoleInfo.java:shutdownFollowerState(121)) - 875da3d9-0dec-46c7-88bf-73f7a2372b64: shutdown FollowerState
2019-10-20 10:28:23,992 [grpc-default-executor-4] INFO  impl.RaftServerImpl (RaftServerImpl.java:setRole(184)) - 9ceef694-dbcf-4070-b7b1-3b3c65b6a699@group-75987F7FE399: changes role from  FOLLOWER to FOLLOWER at term 114 for recognizeCandidate:df12c920-952d-4704-9c70-1a288e2f77c7
2019-10-20 10:28:23,993 [grpc-default-executor-4] INFO  impl.RoleInfo (RoleInfo.java:shutdownFollowerState(121)) - 9ceef694-dbcf-4070-b7b1-3b3c65b6a699: shutdown FollowerState
2019-10-20 10:28:23,992 [grpc-default-executor-3] INFO  impl.RoleInfo (RoleInfo.java:updateAndGet(143)) - 875da3d9-0dec-46c7-88bf-73f7a2372b64: start FollowerState
2019-10-20 10:28:23,993 [grpc-default-executor-4] INFO  impl.RoleInfo (RoleInfo.java:updateAndGet(143)) - 9ceef694-dbcf-4070-b7b1-3b3c65b6a699: start FollowerState
2019-10-20 10:28:23,993 [Thread-906] INFO  impl.FollowerState (FollowerState.java:run(117)) - 875da3d9-0dec-46c7-88bf-73f7a2372b64@group-75987F7FE399-FollowerState was interrupted: java.lang.InterruptedException: sleep interrupted
2019-10-20 10:28:23,993 [Thread-907] INFO  impl.FollowerState (FollowerState.java:run(117)) - 9ceef694-dbcf-4070-b7b1-3b3c65b6a699@group-75987F7FE399-FollowerState was interrupted: java.lang.InterruptedException: sleep interrupted
2019-10-20 10:28:24,008 [df12c920-952d-4704-9c70-1a288e2f77c7@group-75987F7FE399-LeaderElection100] INFO  impl.LeaderElection (LeaderElection.java:logAndReturn(56)) - df12c920-952d-4704-9c70-1a288e2f77c7@group-75987F7FE399-LeaderElection100: Election REJECTED; received 2 response(s) [df12c920-952d-4704-9c70-1a288e2f77c7<-875da3d9-0dec-46c7-88bf-73f7a2372b64#0:FAIL-t114, df12c920-952d-4704-9c70-1a288e2f77c7<-9ceef694-dbcf-4070-b7b1-3b3c65b6a699#0:FAIL-t114] and 0 exception(s); df12c920-952d-4704-9c70-1a288e2f77c7@group-75987F7FE399:t114, leader=null, voted=df12c920-952d-4704-9c70-1a288e2f77c7, raftlog=df12c920-952d-4704-9c70-1a288e2f77c7@group-75987F7FE399-SegmentedRaftLog:OPENED:c-1,f-1,i0, conf=-1: [875da3d9-0dec-46c7-88bf-73f7a2372b64:192.168.69.89:39990, df12c920-952d-4704-9c70-1a288e2f77c7:192.168.69.89:43948, 9ceef694-dbcf-4070-b7b1-3b3c65b6a699:192.168.69.89:36536], old=null
2019-10-20 10:28:24,009 [df12c920-952d-4704-9c70-1a288e2f77c7@group-75987F7FE399-LeaderElection100] INFO  impl.RaftServerImpl (RaftServerImpl.java:setRole(184)) - df12c920-952d-4704-9c70-1a288e2f77c7@group-75987F7FE399: changes role from CANDIDATE to FOLLOWER at term 114 for DISCOVERED_A_NEW_TERM
2019-10-20 10:28:24,009 [df12c920-952d-4704-9c70-1a288e2f77c7@group-75987F7FE399-LeaderElection100] INFO  impl.RoleInfo (RoleInfo.java:shutdownLeaderElection(134)) - df12c920-952d-4704-9c70-1a288e2f77c7: shutdown LeaderElection
2019-10-20 10:28:24,009 [df12c920-952d-4704-9c70-1a288e2f77c7@group-75987F7FE399-LeaderElection100] INFO  impl.RoleInfo (RoleInfo.java:updateAndGet(143)) - df12c920-952d-4704-9c70-1a288e2f77c7: start FollowerState
2019-10-20 10:28:24,070 [Thread-914] INFO  impl.FollowerState (FollowerState.java:run(108)) - df12c920-952d-4704-9c70-1a288e2f77c7@group-75987F7FE399-FollowerState: change to CANDIDATE, lastRpcTime:61ms, electionTimeout:61ms
2019-10-20 10:28:24,070 [Thread-914] INFO  impl.RoleInfo (RoleInfo.java:shutdownFollowerState(121)) - df12c920-952d-4704-9c70-1a288e2f77c7: shutdown FollowerState
2019-10-20 10:28:24,071 [Thread-914] INFO  impl.RaftServerImpl (RaftServerImpl.java:setRole(184)) - df12c920-952d-4704-9c70-1a288e2f77c7@group-75987F7FE399: changes role from  FOLLOWER to CANDIDATE at term 114 for changeToCandidate
2019-10-20 10:28:24,071 [Thread-914] INFO  impl.RoleInfo (RoleInfo.java:updateAndGet(143)) - df12c920-952d-4704-9c70-1a288e2f77c7: start LeaderElection
2019-10-20 10:28:24,084 [df12c920-952d-4704-9c70-1a288e2f77c7@group-75987F7FE399-LeaderElection101] INFO  impl.LeaderElection (LeaderElection.java:askForVotes(178)) - df12c920-952d-4704-9c70-1a288e2f77c7@group-75987F7FE399-LeaderElection101: begin an election at term 115 for -1: [875da3d9-0dec-46c7-88bf-73f7a2372b64:192.168.69.89:39990, df12c920-952d-4704-9c70-1a288e2f77c7:192.168.69.89:43948, 9ceef694-dbcf-4070-b7b1-3b3c65b6a699:192.168.69.89:36536], old=null
2019-10-20 10:28:24,087 [grpc-default-executor-4] INFO  impl.RaftServerImpl (RaftServerImpl.java:setRole(184)) - 875da3d9-0dec-46c7-88bf-73f7a2372b64@group-75987F7FE399: changes role from  FOLLOWER to FOLLOWER at term 115 for recognizeCandidate:df12c920-952d-4704-9c70-1a288e2f77c7
2019-10-20 10:28:24,087 [grpc-default-executor-3] INFO  impl.RaftServerImpl (RaftServerImpl.java:setRole(184)) - 9ceef694-dbcf-4070-b7b1-3b3c65b6a699@group-75987F7FE399: changes role from  FOLLOWER to FOLLOWER at term 115 for recognizeCandidate:df12c920-952d-4704-9c70-1a288e2f77c7
2019-10-20 10:28:24,087 [grpc-default-executor-4] INFO  impl.RoleInfo (RoleInfo.java:shutdownFollowerState(121)) - 875da3d9-0dec-46c7-88bf-73f7a2372b64: shutdown FollowerState
2019-10-20 10:28:24,087 [grpc-default-executor-3] INFO  impl.RoleInfo (RoleInfo.java:shutdownFollowerState(121)) - 9ceef694-dbcf-4070-b7b1-3b3c65b6a699: shutdown FollowerState
2019-10-20 10:28:24,087 [grpc-default-executor-4] INFO  impl.RoleInfo (RoleInfo.java:updateAndGet(143)) - 875da3d9-0dec-46c7-88bf-73f7a2372b64: start FollowerState
2019-10-20 10:28:24,088 [Thread-913] INFO  impl.FollowerState (FollowerState.java:run(117)) - 9ceef694-dbcf-4070-b7b1-3b3c65b6a699@group-75987F7FE399-FollowerState was interrupted: java.lang.InterruptedException: sleep interrupted
2019-10-20 10:28:24,087 [Thread-912] INFO  impl.FollowerState (FollowerState.java:run(117)) - 875da3d9-0dec-46c7-88bf-73f7a2372b64@group-75987F7FE399-FollowerState was interrupted: java.lang.InterruptedException: sleep interrupted
2019-10-20 10:28:24,087 [grpc-default-executor-3] INFO  impl.RoleInfo (RoleInfo.java:updateAndGet(143)) - 9ceef694-dbcf-4070-b7b1-3b3c65b6a699: start FollowerState
2019-10-20 10:28:24,102 [df12c920-952d-4704-9c70-1a288e2f77c7@group-75987F7FE399-LeaderElection101] INFO  impl.LeaderElection (LeaderElection.java:logAndReturn(56)) - df12c920-952d-4704-9c70-1a288e2f77c7@group-75987F7FE399-LeaderElection101: Election REJECTED; received 2 response(s) [df12c920-952d-4704-9c70-1a288e2f77c7<-875da3d9-0dec-46c7-88bf-73f7a2372b64#0:FAIL-t115, df12c920-952d-4704-9c70-1a288e2f77c7<-9ceef694-dbcf-4070-b7b1-3b3c65b6a699#0:FAIL-t115] and 0 exception(s); df12c920-952d-4704-9c70-1a288e2f77c7@group-75987F7FE399:t115, leader=null, voted=df12c920-952d-4704-9c70-1a288e2f77c7, raftlog=df12c920-952d-4704-9c70-1a288e2f77c7@group-75987F7FE399-SegmentedRaftLog:OPENED:c-1,f-1,i0, conf=-1: [875da3d9-0dec-46c7-88bf-73f7a2372b64:192.168.69.89:39990, df12c920-952d-4704-9c70-1a288e2f77c7:192.168.69.89:43948, 9ceef694-dbcf-4070-b7b1-3b3c65b6a699:192.168.69.89:36536], old=null
2019-10-20 10:28:24,102 [df12c920-952d-4704-9c70-1a288e2f77c7@group-75987F7FE399-LeaderElection101] INFO  impl.RaftServerImpl (RaftServerImpl.java:setRole(184)) - df12c920-952d-4704-9c70-1a288e2f77c7@group-75987F7FE399: changes role from CANDIDATE to FOLLOWER at term 115 for DISCOVERED_A_NEW_TERM
2019-10-20 10:28:24,103 [df12c920-952d-4704-9c70-1a288e2f77c7@group-75987F7FE399-LeaderElection101] INFO  impl.RoleInfo (RoleInfo.java:shutdownLeaderElection(134)) - df12c920-952d-4704-9c70-1a288e2f77c7: shutdown LeaderElection
2019-10-20 10:28:24,103 [df12c920-952d-4704-9c70-1a288e2f77c7@group-75987F7FE399-LeaderElection101] INFO  impl.RoleInfo (RoleInfo.java:updateAndGet(143)) - df12c920-952d-4704-9c70-1a288e2f77c7: start FollowerState
2019-10-20 10:28:24,184 [Thread-920] INFO  impl.FollowerState (FollowerState.java:run(108)) - df12c920-952d-4704-9c70-1a288e2f77c7@group-75987F7FE399-FollowerState: change to CANDIDATE, lastRpcTime:81ms, electionTimeout:81ms
2019-10-20 10:28:24,185 [Thread-920] INFO  impl.RoleInfo (RoleInfo.java:shutdownFollowerState(121)) - df12c920-952d-4704-9c70-1a288e2f77c7: shutdown FollowerState
2019-10-20 10:28:24,185 [Thread-920] INFO  impl.RaftServerImpl (RaftServerImpl.java:setRole(184)) - df12c920-952d-4704-9c70-1a288e2f77c7@group-75987F7FE399: changes role from  FOLLOWER to CANDIDATE at term 115 for changeToCandidate
2019-10-20 10:28:24,185 [Thread-920] INFO  impl.RoleInfo (RoleInfo.java:updateAndGet(143)) - df12c920-952d-4704-9c70-1a288e2f77c7: start LeaderElection
2019-10-20 10:28:24,210 [df12c920-952d-4704-9c70-1a288e2f77c7@group-75987F7FE399-LeaderElection102] INFO  impl.LeaderElection (LeaderElection.java:askForVotes(178)) - df12c920-952d-4704-9c70-1a288e2f77c7@group-75987F7FE399-LeaderElection102: begin an election at term 116 for -1: [875da3d9-0dec-46c7-88bf-73f7a2372b64:192.168.69.89:39990, df12c920-952d-4704-9c70-1a288e2f77c7:192.168.69.89:43948, 9ceef694-dbcf-4070-b7b1-3b3c65b6a699:192.168.69.89:36536], old=null
2019-10-20 10:28:24,214 [grpc-default-executor-3] INFO  impl.RaftServerImpl (RaftServerImpl.java:setRole(184)) - 875da3d9-0dec-46c7-88bf-73f7a2372b64@group-75987F7FE399: changes role from  FOLLOWER to FOLLOWER at term 116 for recognizeCandidate:df12c920-952d-4704-9c70-1a288e2f77c7
2019-10-20 10:28:24,214 [grpc-default-executor-3] INFO  impl.RoleInfo (RoleInfo.java:shutdownFollowerState(121)) - 875da3d9-0dec-46c7-88bf-73f7a2372b64: shutdown FollowerState
2019-10-20 10:28:24,214 [grpc-default-executor-4] INFO  impl.RaftServerImpl (RaftServerImpl.java:setRole(184)) - 9ceef694-dbcf-4070-b7b1-3b3c65b6a699@group-75987F7FE399: changes role from  FOLLOWER to FOLLOWER at term 116 for recognizeCandidate:df12c920-952d-4704-9c70-1a288e2f77c7
2019-10-20 10:28:24,214 [grpc-default-executor-3] INFO  impl.RoleInfo (RoleInfo.java:updateAndGet(143)) - 875da3d9-0dec-46c7-88bf-73f7a2372b64: start FollowerState
2019-10-20 10:28:24,214 [Thread-918] INFO  impl.FollowerState (FollowerState.java:run(117)) - 875da3d9-0dec-46c7-88bf-73f7a2372b64@group-75987F7FE399-FollowerState was interrupted: java.lang.InterruptedException: sleep interrupted
2019-10-20 10:28:24,214 [grpc-default-executor-4] INFO  impl.RoleInfo (RoleInfo.java:shutdownFollowerState(121)) - 9ceef694-dbcf-4070-b7b1-3b3c65b6a699: shutdown FollowerState
2019-10-20 10:28:24,215 [grpc-default-executor-4] INFO  impl.RoleInfo (RoleInfo.java:updateAndGet(143)) - 9ceef694-dbcf-4070-b7b1-3b3c65b6a699: start FollowerState
2019-10-20 10:28:24,215 [Thread-919] INFO  impl.FollowerState (FollowerState.java:run(117)) - 9ceef694-dbcf-4070-b7b1-3b3c65b6a699@group-75987F7FE399-FollowerState was interrupted: java.lang.InterruptedException: sleep interrupted
2019-10-20 10:28:24,231 [df12c920-952d-4704-9c70-1a288e2f77c7@group-75987F7FE399-LeaderElection102] INFO  impl.LeaderElection (LeaderElection.java:logAndReturn(56)) - df12c920-952d-4704-9c70-1a288e2f77c7@group-75987F7FE399-LeaderElection102: Election REJECTED; received 2 response(s) [df12c920-952d-4704-9c70-1a288e2f77c7<-875da3d9-0dec-46c7-88bf-73f7a2372b64#0:FAIL-t116, df12c920-952d-4704-9c70-1a288e2f77c7<-9ceef694-dbcf-4070-b7b1-3b3c65b6a699#0:FAIL-t116] and 0 exception(s); df12c920-952d-4704-9c70-1a288e2f77c7@group-75987F7FE399:t116, leader=null, voted=df12c920-952d-4704-9c70-1a288e2f77c7, raftlog=df12c920-952d-4704-9c70-1a288e2f77c7@group-75987F7FE399-SegmentedRaftLog:OPENED:c-1,f-1,i0, conf=-1: [875da3d9-0dec-46c7-88bf-73f7a2372b64:192.168.69.89:39990, df12c920-952d-4704-9c70-1a288e2f77c7:192.168.69.89:43948, 9ceef694-dbcf-4070-b7b1-3b3c65b6a699:192.168.69.89:36536], old=null
2019-10-20 10:28:24,232 [df12c920-952d-4704-9c70-1a288e2f77c7@group-75987F7FE399-LeaderElection102] INFO  impl.RaftServerImpl (RaftServerImpl.java:setRole(184)) - df12c920-952d-4704-9c70-1a288e2f77c7@group-75987F7FE399: changes role from CANDIDATE to FOLLOWER at term 116 for DISCOVERED_A_NEW_TERM
2019-10-20 10:28:24,232 [df12c920-952d-4704-9c70-1a288e2f77c7@group-75987F7FE399-LeaderElection102] INFO  impl.RoleInfo (RoleInfo.java:shutdownLeaderElection(134)) - df12c920-952d-4704-9c70-1a288e2f77c7: shutdown LeaderElection
2019-10-20 10:28:24,232 [df12c920-952d-4704-9c70-1a288e2f77c7@group-75987F7FE399-LeaderElection102] INFO  impl.RoleInfo (RoleInfo.java:updateAndGet(143)) - df12c920-952d-4704-9c70-1a288e2f77c7: start FollowerState
2019-10-20 10:28:24,420 [Thread-926] INFO  impl.FollowerState (FollowerState.java:run(108)) - df12c920-952d-4704-9c70-1a288e2f77c7@group-75987F7FE399-FollowerState: change to CANDIDATE, lastRpcTime:188ms, electionTimeout:188ms
2019-10-20 10:28:24,421 [Thread-926] INFO  impl.RoleInfo (RoleInfo.java:shutdownFollowerState(121)) - df12c920-952d-4704-9c70-1a288e2f77c7: shutdown FollowerState
2019-10-20 10:28:24,421 [Thread-926] INFO  impl.RaftServerImpl (RaftServerImpl.java:setRole(184)) - df12c920-952d-4704-9c70-1a288e2f77c7@group-75987F7FE399: changes role from  FOLLOWER to CANDIDATE at term 116 for changeToCandidate
2019-10-20 10:28:24,421 [Thread-926] INFO  impl.RoleInfo (RoleInfo.java:updateAndGet(143)) - df12c920-952d-4704-9c70-1a288e2f77c7: start LeaderElection
2019-10-20 10:28:24,447 [df12c920-952d-4704-9c70-1a288e2f77c7@group-75987F7FE399-LeaderElection103] INFO  impl.LeaderElection (LeaderElection.java:askForVotes(178)) - df12c920-952d-4704-9c70-1a288e2f77c7@group-75987F7FE399-LeaderElection103: begin an election at term 117 for -1: [875da3d9-0dec-46c7-88bf-73f7a2372b64:192.168.69.89:39990, df12c920-952d-4704-9c70-1a288e2f77c7:192.168.69.89:43948, 9ceef694-dbcf-4070-b7b1-3b3c65b6a699:192.168.69.89:36536], old=null
2019-10-20 10:28:24,451 [grpc-default-executor-3] INFO  impl.RaftServerImpl (RaftServerImpl.java:setRole(184)) - 9ceef694-dbcf-4070-b7b1-3b3c65b6a699@group-75987F7FE399: changes role from  FOLLOWER to FOLLOWER at term 117 for recognizeCandidate:df12c920-952d-4704-9c70-1a288e2f77c7
2019-10-20 10:28:24,451 [grpc-default-executor-4] INFO  impl.RaftServerImpl (RaftServerImpl.java:setRole(184)) - 875da3d9-0dec-46c7-88bf-73f7a2372b64@group-75987F7FE399: changes role from  FOLLOWER to FOLLOWER at term 117 for recognizeCandidate:df12c920-952d-4704-9c70-1a288e2f77c7
2019-10-20 10:28:24,451 [grpc-default-executor-3] INFO  impl.RoleInfo (RoleInfo.java:shutdownFollowerState(121)) - 9ceef694-dbcf-4070-b7b1-3b3c65b6a699: shutdown FollowerState
2019-10-20 10:28:24,451 [grpc-default-executor-4] INFO  impl.RoleInfo (RoleInfo.java:shutdownFollowerState(121)) - 875da3d9-0dec-46c7-88bf-73f7a2372b64: shutdown FollowerState
2019-10-20 10:28:24,451 [grpc-default-executor-3] INFO  impl.RoleInfo (RoleInfo.java:updateAndGet(143)) - 9ceef694-dbcf-4070-b7b1-3b3c65b6a699: start FollowerState
2019-10-20 10:28:24,451 [Thread-924] INFO  impl.FollowerState (FollowerState.java:run(117)) - 875da3d9-0dec-46c7-88bf-73f7a2372b64@group-75987F7FE399-FollowerState was interrupted: java.lang.InterruptedException: sleep interrupted
2019-10-20 10:28:24,451 [Thread-925] INFO  impl.FollowerState (FollowerState.java:run(117)) - 9ceef694-dbcf-4070-b7b1-3b3c65b6a699@group-75987F7FE399-FollowerState was interrupted: java.lang.InterruptedException: sleep interrupted
2019-10-20 10:28:24,451 [grpc-default-executor-4] INFO  impl.RoleInfo (RoleInfo.java:updateAndGet(143)) - 875da3d9-0dec-46c7-88bf-73f7a2372b64: start FollowerState
2019-10-20 10:28:24,468 [df12c920-952d-4704-9c70-1a288e2f77c7@group-75987F7FE399-LeaderElection103] INFO  impl.LeaderElection (LeaderElection.java:logAndReturn(56)) - df12c920-952d-4704-9c70-1a288e2f77c7@group-75987F7FE399-LeaderElection103: Election REJECTED; received 2 response(s) [df12c920-952d-4704-9c70-1a288e2f77c7<-875da3d9-0dec-46c7-88bf-73f7a2372b64#0:FAIL-t117, df12c920-952d-4704-9c70-1a288e2f77c7<-9ceef694-dbcf-4070-b7b1-3b3c65b6a699#0:FAIL-t117] and 0 exception(s); df12c920-952d-4704-9c70-1a288e2f77c7@group-75987F7FE399:t117, leader=null, voted=df12c920-952d-4704-9c70-1a288e2f77c7, raftlog=df12c920-952d-4704-9c70-1a288e2f77c7@group-75987F7FE399-SegmentedRaftLog:OPENED:c-1,f-1,i0, conf=-1: [875da3d9-0dec-46c7-88bf-73f7a2372b64:192.168.69.89:39990, df12c920-952d-4704-9c70-1a288e2f77c7:192.168.69.89:43948, 9ceef694-dbcf-4070-b7b1-3b3c65b6a699:192.168.69.89:36536], old=null
2019-10-20 10:28:24,468 [df12c920-952d-4704-9c70-1a288e2f77c7@group-75987F7FE399-LeaderElection103] INFO  impl.RaftServerImpl (RaftServerImpl.java:setRole(184)) - df12c920-952d-4704-9c70-1a288e2f77c7@group-75987F7FE399: changes role from CANDIDATE to FOLLOWER at term 117 for DISCOVERED_A_NEW_TERM
2019-10-20 10:28:24,468 [df12c920-952d-4704-9c70-1a288e2f77c7@group-75987F7FE399-LeaderElection103] INFO  impl.RoleInfo (RoleInfo.java:shutdownLeaderElection(134)) - df12c920-952d-4704-9c70-1a288e2f77c7: shutdown LeaderElection
2019-10-20 10:28:24,469 [df12c920-952d-4704-9c70-1a288e2f77c7@group-75987F7FE399-LeaderElection103] INFO  impl.RoleInfo (RoleInfo.java:updateAndGet(143)) - df12c920-952d-4704-9c70-1a288e2f77c7: start FollowerState
2019-10-20 10:28:24,669 [Thread-932] INFO  impl.FollowerState (FollowerState.java:run(108)) - df12c920-952d-4704-9c70-1a288e2f77c7@group-75987F7FE399-FollowerState: change to CANDIDATE, lastRpcTime:200ms, electionTimeout:200ms
2019-10-20 10:28:24,669 [Thread-932] INFO  impl.RoleInfo (RoleInfo.java:shutdownFollowerState(121)) - df12c920-952d-4704-9c70-1a288e2f77c7: shutdown FollowerState
2019-10-20 10:28:24,669 [Thread-932] INFO  impl.RaftServerImpl (RaftServerImpl.java:setRole(184)) - df12c920-952d-4704-9c70-1a288e2f77c7@group-75987F7FE399: changes role from  FOLLOWER to CANDIDATE at term 117 for changeToCandidate
2019-10-20 10:28:24,670 [Thread-932] INFO  impl.RoleInfo (RoleInfo.java:updateAndGet(143)) - df12c920-952d-4704-9c70-1a288e2f77c7: start LeaderElection
2019-10-20 10:28:24,684 [df12c920-952d-4704-9c70-1a288e2f77c7@group-75987F7FE399-LeaderElection104] INFO  impl.LeaderElection (LeaderElection.java:askForVotes(178)) - df12c920-952d-4704-9c70-1a288e2f77c7@group-75987F7FE399-LeaderElection104: begin an election at term 118 for -1: [875da3d9-0dec-46c7-88bf-73f7a2372b64:192.168.69.89:39990, df12c920-952d-4704-9c70-1a288e2f77c7:192.168.69.89:43948, 9ceef694-dbcf-4070-b7b1-3b3c65b6a699:192.168.69.89:36536], old=null
2019-10-20 10:28:24,687 [grpc-default-executor-4] INFO  impl.RaftServerImpl (RaftServerImpl.java:setRole(184)) - 9ceef694-dbcf-4070-b7b1-3b3c65b6a699@group-75987F7FE399: changes role from  FOLLOWER to FOLLOWER at term 118 for recognizeCandidate:df12c920-952d-4704-9c70-1a288e2f77c7
2019-10-20 10:28:24,687 [grpc-default-executor-3] INFO  impl.RaftServerImpl (RaftServerImpl.java:setRole(184)) - 875da3d9-0dec-46c7-88bf-73f7a2372b64@group-75987F7FE399: changes role from  FOLLOWER to FOLLOWER at term 118 for recognizeCandidate:df12c920-952d-4704-9c70-1a288e2f77c7
2019-10-20 10:28:24,687 [grpc-default-executor-4] INFO  impl.RoleInfo (RoleInfo.java:shutdownFollowerState(121)) - 9ceef694-dbcf-4070-b7b1-3b3c65b6a699: shutdown FollowerState
2019-10-20 10:28:24,687 [grpc-default-executor-3] INFO  impl.RoleInfo (RoleInfo.java:shutdownFollowerState(121)) - 875da3d9-0dec-46c7-88bf-73f7a2372b64: shutdown FollowerState
2019-10-20 10:28:24,688 [grpc-default-executor-4] INFO  impl.RoleInfo (RoleInfo.java:updateAndGet(143)) - 9ceef694-dbcf-4070-b7b1-3b3c65b6a699: start FollowerState
2019-10-20 10:28:24,688 [grpc-default-executor-3] INFO  impl.RoleInfo (RoleInfo.java:updateAndGet(143)) - 875da3d9-0dec-46c7-88bf-73f7a2372b64: start FollowerState
2019-10-20 10:28:24,688 [Thread-930] INFO  impl.FollowerState (FollowerState.java:run(117)) - 9ceef694-dbcf-4070-b7b1-3b3c65b6a699@group-75987F7FE399-FollowerState was interrupted: java.lang.InterruptedException: sleep interrupted
2019-10-20 10:28:24,688 [Thread-931] INFO  impl.FollowerState (FollowerState.java:run(117)) - 875da3d9-0dec-46c7-88bf-73f7a2372b64@group-75987F7FE399-FollowerState was interrupted: java.lang.InterruptedException: sleep interrupted
2019-10-20 10:28:24,701 [df12c920-952d-4704-9c70-1a288e2f77c7@group-75987F7FE399-LeaderElection104] INFO  impl.LeaderElection (LeaderElection.java:logAndReturn(56)) - df12c920-952d-4704-9c70-1a288e2f77c7@group-75987F7FE399-LeaderElection104: Election REJECTED; received 2 response(s) [df12c920-952d-4704-9c70-1a288e2f77c7<-875da3d9-0dec-46c7-88bf-73f7a2372b64#0:FAIL-t118, df12c920-952d-4704-9c70-1a288e2f77c7<-9ceef694-dbcf-4070-b7b1-3b3c65b6a699#0:FAIL-t118] and 0 exception(s); df12c920-952d-4704-9c70-1a288e2f77c7@group-75987F7FE399:t118, leader=null, voted=df12c920-952d-4704-9c70-1a288e2f77c7, raftlog=df12c920-952d-4704-9c70-1a288e2f77c7@group-75987F7FE399-SegmentedRaftLog:OPENED:c-1,f-1,i0, conf=-1: [875da3d9-0dec-46c7-88bf-73f7a2372b64:192.168.69.89:39990, df12c920-952d-4704-9c70-1a288e2f77c7:192.168.69.89:43948, 9ceef694-dbcf-4070-b7b1-3b3c65b6a699:192.168.69.89:36536], old=null
2019-10-20 10:28:24,702 [df12c920-952d-4704-9c70-1a288e2f77c7@group-75987F7FE399-LeaderElection104] INFO  impl.RaftServerImpl (RaftServerImpl.java:setRole(184)) - df12c920-952d-4704-9c70-1a288e2f77c7@group-75987F7FE399: changes role from CANDIDATE to FOLLOWER at term 118 for DISCOVERED_A_NEW_TERM
2019-10-20 10:28:24,702 [df12c920-952d-4704-9c70-1a288e2f77c7@group-75987F7FE399-LeaderElection104] INFO  impl.RoleInfo (RoleInfo.java:shutdownLeaderElection(134)) - df12c920-952d-4704-9c70-1a288e2f77c7: shutdown LeaderElection
2019-10-20 10:28:24,702 [df12c920-952d-4704-9c70-1a288e2f77c7@group-75987F7FE399-LeaderElection104] INFO  impl.RoleInfo (RoleInfo.java:updateAndGet(143)) - df12c920-952d-4704-9c70-1a288e2f77c7: start FollowerState
2019-10-20 10:28:24,886 [Thread-938] INFO  impl.FollowerState (FollowerState.java:run(108)) - df12c920-952d-4704-9c70-1a288e2f77c7@group-75987F7FE399-FollowerState: change to CANDIDATE, lastRpcTime:184ms, electionTimeout:184ms
2019-10-20 10:28:24,887 [Thread-938] INFO  impl.RoleInfo (RoleInfo.java:shutdownFollowerState(121)) - df12c920-952d-4704-9c70-1a288e2f77c7: shutdown FollowerState
2019-10-20 10:28:24,887 [Thread-938] INFO  impl.RaftServerImpl (RaftServerImpl.java:setRole(184)) - df12c920-952d-4704-9c70-1a288e2f77c7@group-75987F7FE399: changes role from  FOLLOWER to CANDIDATE at term 118 for changeToCandidate
2019-10-20 10:28:24,887 [Thread-938] INFO  impl.RoleInfo (RoleInfo.java:updateAndGet(143)) - df12c920-952d-4704-9c70-1a288e2f77c7: start LeaderElection
2019-10-20 10:28:24,903 [df12c920-952d-4704-9c70-1a288e2f77c7@group-75987F7FE399-LeaderElection105] INFO  impl.LeaderElection (LeaderElection.java:askForVotes(178)) - df12c920-952d-4704-9c70-1a288e2f77c7@group-75987F7FE399-LeaderElection105: begin an election at term 119 for -1: [875da3d9-0dec-46c7-88bf-73f7a2372b64:192.168.69.89:39990, df12c920-952d-4704-9c70-1a288e2f77c7:192.168.69.89:43948, 9ceef694-dbcf-4070-b7b1-3b3c65b6a699:192.168.69.89:36536], old=null
2019-10-20 10:28:24,906 [grpc-default-executor-3] INFO  impl.RaftServerImpl (RaftServerImpl.java:setRole(184)) - 9ceef694-dbcf-4070-b7b1-3b3c65b6a699@group-75987F7FE399: changes role from  FOLLOWER to FOLLOWER at term 119 for recognizeCandidate:df12c920-952d-4704-9c70-1a288e2f77c7
2019-10-20 10:28:24,906 [grpc-default-executor-4] INFO  impl.RaftServerImpl (RaftServerImpl.java:setRole(184)) - 875da3d9-0dec-46c7-88bf-73f7a2372b64@group-75987F7FE399: changes role from  FOLLOWER to FOLLOWER at term 119 for recognizeCandidate:df12c920-952d-4704-9c70-1a288e2f77c7
2019-10-20 10:28:24,906 [grpc-default-executor-3] INFO  impl.RoleInfo (RoleInfo.java:shutdownFollowerState(121)) - 9ceef694-dbcf-4070-b7b1-3b3c65b6a699: shutdown FollowerState
2019-10-20 10:28:24,906 [grpc-default-executor-4] INFO  impl.RoleInfo (RoleInfo.java:shutdownFollowerState(121)) - 875da3d9-0dec-46c7-88bf-73f7a2372b64: shutdown FollowerState
2019-10-20 10:28:24,907 [Thread-936] INFO  impl.FollowerState (FollowerState.java:run(117)) - 9ceef694-dbcf-4070-b7b1-3b3c65b6a699@group-75987F7FE399-FollowerState was interrupted: java.lang.InterruptedException: sleep interrupted
2019-10-20 10:28:24,907 [grpc-default-executor-3] INFO  impl.RoleInfo (RoleInfo.java:updateAndGet(143)) - 9ceef694-dbcf-4070-b7b1-3b3c65b6a699: start FollowerState
2019-10-20 10:28:24,907 [Thread-937] INFO  impl.FollowerState (FollowerState.java:run(117)) - 875da3d9-0dec-46c7-88bf-73f7a2372b64@group-75987F7FE399-FollowerState was interrupted: java.lang.InterruptedException: sleep interrupted
2019-10-20 10:28:24,907 [grpc-default-executor-4] INFO  impl.RoleInfo (RoleInfo.java:updateAndGet(143)) - 875da3d9-0dec-46c7-88bf-73f7a2372b64: start FollowerState
2019-10-20 10:28:24,925 [df12c920-952d-4704-9c70-1a288e2f77c7@group-75987F7FE399-LeaderElection105] INFO  impl.LeaderElection (LeaderElection.java:logAndReturn(56)) - df12c920-952d-4704-9c70-1a288e2f77c7@group-75987F7FE399-LeaderElection105: Election TIMEOUT; received 0 response(s) [] and 0 exception(s); df12c920-952d-4704-9c70-1a288e2f77c7@group-75987F7FE399:t119, leader=null, voted=df12c920-952d-4704-9c70-1a288e2f77c7, raftlog=df12c920-952d-4704-9c70-1a288e2f77c7@group-75987F7FE399-SegmentedRaftLog:OPENED:c-1,f-1,i0, conf=-1: [875da3d9-0dec-46c7-88bf-73f7a2372b64:192.168.69.89:39990, df12c920-952d-4704-9c70-1a288e2f77c7:192.168.69.89:43948, 9ceef694-dbcf-4070-b7b1-3b3c65b6a699:192.168.69.89:36536], old=null
2019-10-20 10:28:24,933 [df12c920-952d-4704-9c70-1a288e2f77c7@group-75987F7FE399-LeaderElection105] INFO  impl.LeaderElection (LeaderElection.java:askForVotes(178)) - df12c920-952d-4704-9c70-1a288e2f77c7@group-75987F7FE399-LeaderElection105: begin an election at term 120 for -1: [875da3d9-0dec-46c7-88bf-73f7a2372b64:192.168.69.89:39990, df12c920-952d-4704-9c70-1a288e2f77c7:192.168.69.89:43948, 9ceef694-dbcf-4070-b7b1-3b3c65b6a699:192.168.69.89:36536], old=null
2019-10-20 10:28:24,935 [grpc-default-executor-4] INFO  impl.RaftServerImpl (RaftServerImpl.java:setRole(184)) - 9ceef694-dbcf-4070-b7b1-3b3c65b6a699@group-75987F7FE399: changes role from  FOLLOWER to FOLLOWER at term 120 for recognizeCandidate:df12c920-952d-4704-9c70-1a288e2f77c7
2019-10-20 10:28:24,935 [grpc-default-executor-4] INFO  impl.RoleInfo (RoleInfo.java:shutdownFollowerState(121)) - 9ceef694-dbcf-4070-b7b1-3b3c65b6a699: shutdown FollowerState
2019-10-20 10:28:24,935 [grpc-default-executor-3] INFO  impl.RaftServerImpl (RaftServerImpl.java:setRole(184)) - 875da3d9-0dec-46c7-88bf-73f7a2372b64@group-75987F7FE399: changes role from  FOLLOWER to FOLLOWER at term 120 for recognizeCandidate:df12c920-952d-4704-9c70-1a288e2f77c7
2019-10-20 10:28:24,935 [grpc-default-executor-3] INFO  impl.RoleInfo (RoleInfo.java:shutdownFollowerState(121)) - 875da3d9-0dec-46c7-88bf-73f7a2372b64: shutdown FollowerState
2019-10-20 10:28:24,935 [Thread-944] INFO  impl.FollowerState (FollowerState.java:run(117)) - 9ceef694-dbcf-4070-b7b1-3b3c65b6a699@group-75987F7FE399-FollowerState was interrupted: java.lang.InterruptedException: sleep interrupted
2019-10-20 10:28:24,935 [grpc-default-executor-4] INFO  impl.RoleInfo (RoleInfo.java:updateAndGet(143)) - 9ceef694-dbcf-4070-b7b1-3b3c65b6a699: start FollowerState
2019-10-20 10:28:24,935 [Thread-945] INFO  impl.FollowerState (FollowerState.java:run(117)) - 875da3d9-0dec-46c7-88bf-73f7a2372b64@group-75987F7FE399-FollowerState was interrupted: java.lang.InterruptedException: sleep interrupted
2019-10-20 10:28:24,935 [grpc-default-executor-3] INFO  impl.RoleInfo (RoleInfo.java:updateAndGet(143)) - 875da3d9-0dec-46c7-88bf-73f7a2372b64: start FollowerState
2019-10-20 10:28:24,968 [df12c920-952d-4704-9c70-1a288e2f77c7@group-75987F7FE399-LeaderElection105] INFO  impl.LeaderElection (LeaderElection.java:logAndReturn(56)) - df12c920-952d-4704-9c70-1a288e2f77c7@group-75987F7FE399-LeaderElection105: Election REJECTED; received 2 response(s) [df12c920-952d-4704-9c70-1a288e2f77c7<-875da3d9-0dec-46c7-88bf-73f7a2372b64#0:FAIL-t120, df12c920-952d-4704-9c70-1a288e2f77c7<-9ceef694-dbcf-4070-b7b1-3b3c65b6a699#0:FAIL-t120] and 0 exception(s); df12c920-952d-4704-9c70-1a288e2f77c7@group-75987F7FE399:t120, leader=null, voted=df12c920-952d-4704-9c70-1a288e2f77c7, raftlog=df12c920-952d-4704-9c70-1a288e2f77c7@group-75987F7FE399-SegmentedRaftLog:OPENED:c-1,f-1,i0, conf=-1: [875da3d9-0dec-46c7-88bf-73f7a2372b64:192.168.69.89:39990, df12c920-952d-4704-9c70-1a288e2f77c7:192.168.69.89:43948, 9ceef694-dbcf-4070-b7b1-3b3c65b6a699:192.168.69.89:36536], old=null
2019-10-20 10:28:24,969 [df12c920-952d-4704-9c70-1a288e2f77c7@group-75987F7FE399-LeaderElection105] INFO  impl.RaftServerImpl (RaftServerImpl.java:setRole(184)) - df12c920-952d-4704-9c70-1a288e2f77c7@group-75987F7FE399: changes role from CANDIDATE to FOLLOWER at term 120 for DISCOVERED_A_NEW_TERM
2019-10-20 10:28:24,969 [df12c920-952d-4704-9c70-1a288e2f77c7@group-75987F7FE399-LeaderElection105] INFO  impl.RoleInfo (RoleInfo.java:shutdownLeaderElection(134)) - df12c920-952d-4704-9c70-1a288e2f77c7: shutdown LeaderElection
2019-10-20 10:28:24,969 [df12c920-952d-4704-9c70-1a288e2f77c7@group-75987F7FE399-LeaderElection105] INFO  impl.RoleInfo (RoleInfo.java:updateAndGet(143)) - df12c920-952d-4704-9c70-1a288e2f77c7: start FollowerState
2019-10-20 10:28:24,977 [Thread-950] INFO  impl.FollowerState (FollowerState.java:run(108)) - df12c920-952d-4704-9c70-1a288e2f77c7@group-75987F7FE399-FollowerState: change to CANDIDATE, lastRpcTime:8ms, electionTimeout:8ms
2019-10-20 10:28:24,978 [Thread-950] INFO  impl.RoleInfo (RoleInfo.java:shutdownFollowerState(121)) - df12c920-952d-4704-9c70-1a288e2f77c7: shutdown FollowerState
2019-10-20 10:28:24,978 [Thread-950] INFO  impl.RaftServerImpl (RaftServerImpl.java:setRole(184)) - df12c920-952d-4704-9c70-1a288e2f77c7@group-75987F7FE399: changes role from  FOLLOWER to CANDIDATE at term 120 for changeToCandidate
2019-10-20 10:28:24,978 [Thread-950] INFO  impl.RoleInfo (RoleInfo.java:updateAndGet(143)) - df12c920-952d-4704-9c70-1a288e2f77c7: start LeaderElection
2019-10-20 10:28:24,991 [df12c920-952d-4704-9c70-1a288e2f77c7@group-75987F7FE399-LeaderElection106] INFO  impl.LeaderElection (LeaderElection.java:askForVotes(178)) - df12c920-952d-4704-9c70-1a288e2f77c7@group-75987F7FE399-LeaderElection106: begin an election at term 121 for -1: [875da3d9-0dec-46c7-88bf-73f7a2372b64:192.168.69.89:39990, df12c920-952d-4704-9c70-1a288e2f77c7:192.168.69.89:43948, 9ceef694-dbcf-4070-b7b1-3b3c65b6a699:192.168.69.89:36536], old=null
2019-10-20 10:28:24,993 [grpc-default-executor-3] INFO  impl.RaftServerImpl (RaftServerImpl.java:setRole(184)) - 875da3d9-0dec-46c7-88bf-73f7a2372b64@group-75987F7FE399: changes role from  FOLLOWER to FOLLOWER at term 121 for recognizeCandidate:df12c920-952d-4704-9c70-1a288e2f77c7
2019-10-20 10:28:24,993 [grpc-default-executor-3] INFO  impl.RoleInfo (RoleInfo.java:shutdownFollowerState(121)) - 875da3d9-0dec-46c7-88bf-73f7a2372b64: shutdown FollowerState
2019-10-20 10:28:24,993 [grpc-default-executor-4] INFO  impl.RaftServerImpl (RaftServerImpl.java:setRole(184)) - 9ceef694-dbcf-4070-b7b1-3b3c65b6a699@group-75987F7FE399: changes role from  FOLLOWER to FOLLOWER at term 121 for recognizeCandidate:df12c920-952d-4704-9c70-1a288e2f77c7
2019-10-20 10:28:24,994 [grpc-default-executor-4] INFO  impl.RoleInfo (RoleInfo.java:shutdownFollowerState(121)) - 9ceef694-dbcf-4070-b7b1-3b3c65b6a699: shutdown FollowerState
2019-10-20 10:28:24,994 [Thread-949] INFO  impl.FollowerState (FollowerState.java:run(117)) - 875da3d9-0dec-46c7-88bf-73f7a2372b64@group-75987F7FE399-FollowerState was interrupted: java.lang.InterruptedException: sleep interrupted
2019-10-20 10:28:24,994 [grpc-default-executor-3] INFO  impl.RoleInfo (RoleInfo.java:updateAndGet(143)) - 875da3d9-0dec-46c7-88bf-73f7a2372b64: start FollowerState
2019-10-20 10:28:24,994 [Thread-948] INFO  impl.FollowerState (FollowerState.java:run(117)) - 9ceef694-dbcf-4070-b7b1-3b3c65b6a699@group-75987F7FE399-FollowerState was interrupted: java.lang.InterruptedException: sleep interrupted
2019-10-20 10:28:24,994 [grpc-default-executor-4] INFO  impl.RoleInfo (RoleInfo.java:updateAndGet(143)) - 9ceef694-dbcf-4070-b7b1-3b3c65b6a699: start FollowerState
2019-10-20 10:28:25,010 [df12c920-952d-4704-9c70-1a288e2f77c7@group-75987F7FE399-LeaderElection106] INFO  impl.LeaderElection (LeaderElection.java:logAndReturn(56)) - df12c920-952d-4704-9c70-1a288e2f77c7@group-75987F7FE399-LeaderElection106: Election REJECTED; received 2 response(s) [df12c920-952d-4704-9c70-1a288e2f77c7<-875da3d9-0dec-46c7-88bf-73f7a2372b64#0:FAIL-t121, df12c920-952d-4704-9c70-1a288e2f77c7<-9ceef694-dbcf-4070-b7b1-3b3c65b6a699#0:FAIL-t121] and 0 exception(s); df12c920-952d-4704-9c70-1a288e2f77c7@group-75987F7FE399:t121, leader=null, voted=df12c920-952d-4704-9c70-1a288e2f77c7, raftlog=df12c920-952d-4704-9c70-1a288e2f77c7@group-75987F7FE399-SegmentedRaftLog:OPENED:c-1,f-1,i0, conf=-1: [875da3d9-0dec-46c7-88bf-73f7a2372b64:192.168.69.89:39990, df12c920-952d-4704-9c70-1a288e2f77c7:192.168.69.89:43948, 9ceef694-dbcf-4070-b7b1-3b3c65b6a699:192.168.69.89:36536], old=null
2019-10-20 10:28:25,010 [df12c920-952d-4704-9c70-1a288e2f77c7@group-75987F7FE399-LeaderElection106] INFO  impl.RaftServerImpl (RaftServerImpl.java:setRole(184)) - df12c920-952d-4704-9c70-1a288e2f77c7@group-75987F7FE399: changes role from CANDIDATE to FOLLOWER at term 121 for DISCOVERED_A_NEW_TERM
2019-10-20 10:28:25,010 [df12c920-952d-4704-9c70-1a288e2f77c7@group-75987F7FE399-LeaderElection106] INFO  impl.RoleInfo (RoleInfo.java:shutdownLeaderElection(134)) - df12c920-952d-4704-9c70-1a288e2f77c7: shutdown LeaderElection
2019-10-20 10:28:25,010 [df12c920-952d-4704-9c70-1a288e2f77c7@group-75987F7FE399-LeaderElection106] INFO  impl.RoleInfo (RoleInfo.java:updateAndGet(143)) - df12c920-952d-4704-9c70-1a288e2f77c7: start FollowerState
2019-10-20 10:28:25,097 [Thread-956] INFO  impl.FollowerState (FollowerState.java:run(108)) - df12c920-952d-4704-9c70-1a288e2f77c7@group-75987F7FE399-FollowerState: change to CANDIDATE, lastRpcTime:87ms, electionTimeout:87ms
2019-10-20 10:28:25,097 [Thread-956] INFO  impl.RoleInfo (RoleInfo.java:shutdownFollowerState(121)) - df12c920-952d-4704-9c70-1a288e2f77c7: shutdown FollowerState
2019-10-20 10:28:25,098 [Thread-956] INFO  impl.RaftServerImpl (RaftServerImpl.java:setRole(184)) - df12c920-952d-4704-9c70-1a288e2f77c7@group-75987F7FE399: changes role from  FOLLOWER to CANDIDATE at term 121 for changeToCandidate
2019-10-20 10:28:25,098 [Thread-956] INFO  impl.RoleInfo (RoleInfo.java:updateAndGet(143)) - df12c920-952d-4704-9c70-1a288e2f77c7: start LeaderElection
2019-10-20 10:28:25,111 [df12c920-952d-4704-9c70-1a288e2f77c7@group-75987F7FE399-LeaderElection107] INFO  impl.LeaderElection (LeaderElection.java:askForVotes(178)) - df12c920-952d-4704-9c70-1a288e2f77c7@group-75987F7FE399-LeaderElection107: begin an election at term 122 for -1: [875da3d9-0dec-46c7-88bf-73f7a2372b64:192.168.69.89:39990, df12c920-952d-4704-9c70-1a288e2f77c7:192.168.69.89:43948, 9ceef694-dbcf-4070-b7b1-3b3c65b6a699:192.168.69.89:36536], old=null
2019-10-20 10:28:25,114 [grpc-default-executor-3] INFO  impl.RaftServerImpl (RaftServerImpl.java:setRole(184)) - 875da3d9-0dec-46c7-88bf-73f7a2372b64@group-75987F7FE399: changes role from  FOLLOWER to FOLLOWER at term 122 for recognizeCandidate:df12c920-952d-4704-9c70-1a288e2f77c7
2019-10-20 10:28:25,114 [grpc-default-executor-3] INFO  impl.RoleInfo (RoleInfo.java:shutdownFollowerState(121)) - 875da3d9-0dec-46c7-88bf-73f7a2372b64: shutdown FollowerState
2019-10-20 10:28:25,114 [grpc-default-executor-4] INFO  impl.RaftServerImpl (RaftServerImpl.java:setRole(184)) - 9ceef694-dbcf-4070-b7b1-3b3c65b6a699@group-75987F7FE399: changes role from  FOLLOWER to FOLLOWER at term 122 for recognizeCandidate:df12c920-952d-4704-9c70-1a288e2f77c7
2019-10-20 10:28:25,114 [Thread-954] INFO  impl.FollowerState (FollowerState.java:run(117)) - 875da3d9-0dec-46c7-88bf-73f7a2372b64@group-75987F7FE399-FollowerState was interrupted: java.lang.InterruptedException: sleep interrupted
2019-10-20 10:28:25,114 [grpc-default-executor-3] INFO  impl.RoleInfo (RoleInfo.java:updateAndGet(143)) - 875da3d9-0dec-46c7-88bf-73f7a2372b64: start FollowerState
2019-10-20 10:28:25,114 [grpc-default-executor-4] INFO  impl.RoleInfo (RoleInfo.java:shutdownFollowerState(121)) - 9ceef694-dbcf-4070-b7b1-3b3c65b6a699: shutdown FollowerState
2019-10-20 10:28:25,115 [grpc-default-executor-4] INFO  impl.RoleInfo (RoleInfo.java:updateAndGet(143)) - 9ceef694-dbcf-4070-b7b1-3b3c65b6a699: start FollowerState
2019-10-20 10:28:25,115 [Thread-955] INFO  impl.FollowerState (FollowerState.java:run(117)) - 9ceef694-dbcf-4070-b7b1-3b3c65b6a699@group-75987F7FE399-FollowerState was interrupted: java.lang.InterruptedException: sleep interrupted
2019-10-20 10:28:25,130 [df12c920-952d-4704-9c70-1a288e2f77c7@group-75987F7FE399-LeaderElection107] INFO  impl.LeaderElection (LeaderElection.java:logAndReturn(56)) - df12c920-952d-4704-9c70-1a288e2f77c7@group-75987F7FE399-LeaderElection107: Election REJECTED; received 2 response(s) [df12c920-952d-4704-9c70-1a288e2f77c7<-875da3d9-0dec-46c7-88bf-73f7a2372b64#0:FAIL-t122, df12c920-952d-4704-9c70-1a288e2f77c7<-9ceef694-dbcf-4070-b7b1-3b3c65b6a699#0:FAIL-t122] and 0 exception(s); df12c920-952d-4704-9c70-1a288e2f77c7@group-75987F7FE399:t122, leader=null, voted=df12c920-952d-4704-9c70-1a288e2f77c7, raftlog=df12c920-952d-4704-9c70-1a288e2f77c7@group-75987F7FE399-SegmentedRaftLog:OPENED:c-1,f-1,i0, conf=-1: [875da3d9-0dec-46c7-88bf-73f7a2372b64:192.168.69.89:39990, df12c920-952d-4704-9c70-1a288e2f77c7:192.168.69.89:43948, 9ceef694-dbcf-4070-b7b1-3b3c65b6a699:192.168.69.89:36536], old=null
2019-10-20 10:28:25,130 [df12c920-952d-4704-9c70-1a288e2f77c7@group-75987F7FE399-LeaderElection107] INFO  impl.RaftServerImpl (RaftServerImpl.java:setRole(184)) - df12c920-952d-4704-9c70-1a288e2f77c7@group-75987F7FE399: changes role from CANDIDATE to FOLLOWER at term 122 for DISCOVERED_A_NEW_TERM
2019-10-20 10:28:25,130 [df12c920-952d-4704-9c70-1a288e2f77c7@group-75987F7FE399-LeaderElection107] INFO  impl.RoleInfo (RoleInfo.java:shutdownLeaderElection(134)) - df12c920-952d-4704-9c70-1a288e2f77c7: shutdown LeaderElection
2019-10-20 10:28:25,130 [df12c920-952d-4704-9c70-1a288e2f77c7@group-75987F7FE399-LeaderElection107] INFO  impl.RoleInfo (RoleInfo.java:updateAndGet(143)) - df12c920-952d-4704-9c70-1a288e2f77c7: start FollowerState
2019-10-20 10:28:25,147 [Thread-962] INFO  impl.FollowerState (FollowerState.java:run(108)) - df12c920-952d-4704-9c70-1a288e2f77c7@group-75987F7FE399-FollowerState: change to CANDIDATE, lastRpcTime:17ms, electionTimeout:17ms
2019-10-20 10:28:25,148 [Thread-962] INFO  impl.RoleInfo (RoleInfo.java:shutdownFollowerState(121)) - df12c920-952d-4704-9c70-1a288e2f77c7: shutdown FollowerState
2019-10-20 10:28:25,148 [Thread-962] INFO  impl.RaftServerImpl (RaftServerImpl.java:setRole(184)) - df12c920-952d-4704-9c70-1a288e2f77c7@group-75987F7FE399: changes role from  FOLLOWER to CANDIDATE at term 122 for changeToCandidate
2019-10-20 10:28:25,148 [Thread-962] INFO  impl.RoleInfo (RoleInfo.java:updateAndGet(143)) - df12c920-952d-4704-9c70-1a288e2f77c7: start LeaderElection
2019-10-20 10:28:25,161 [df12c920-952d-4704-9c70-1a288e2f77c7@group-75987F7FE399-LeaderElection108] INFO  impl.LeaderElection (LeaderElection.java:askForVotes(178)) - df12c920-952d-4704-9c70-1a288e2f77c7@group-75987F7FE399-LeaderElection108: begin an election at term 123 for -1: [875da3d9-0dec-46c7-88bf-73f7a2372b64:192.168.69.89:39990, df12c920-952d-4704-9c70-1a288e2f77c7:192.168.69.89:43948, 9ceef694-dbcf-4070-b7b1-3b3c65b6a699:192.168.69.89:36536], old=null
2019-10-20 10:28:25,163 [grpc-default-executor-3] INFO  impl.RaftServerImpl (RaftServerImpl.java:setRole(184)) - 875da3d9-0dec-46c7-88bf-73f7a2372b64@group-75987F7FE399: changes role from  FOLLOWER to FOLLOWER at term 123 for recognizeCandidate:df12c920-952d-4704-9c70-1a288e2f77c7
2019-10-20 10:28:25,163 [grpc-default-executor-3] INFO  impl.RoleInfo (RoleInfo.java:shutdownFollowerState(121)) - 875da3d9-0dec-46c7-88bf-73f7a2372b64: shutdown FollowerState
2019-10-20 10:28:25,164 [grpc-default-executor-4] INFO  impl.RaftServerImpl (RaftServerImpl.java:setRole(184)) - 9ceef694-dbcf-4070-b7b1-3b3c65b6a699@group-75987F7FE399: changes role from  FOLLOWER to FOLLOWER at term 123 for recognizeCandidate:df12c920-952d-4704-9c70-1a288e2f77c7
2019-10-20 10:28:25,164 [grpc-default-executor-4] INFO  impl.RoleInfo (RoleInfo.java:shutdownFollowerState(121)) - 9ceef694-dbcf-4070-b7b1-3b3c65b6a699: shutdown FollowerState
2019-10-20 10:28:25,164 [Thread-960] INFO  impl.FollowerState (FollowerState.java:run(117)) - 875da3d9-0dec-46c7-88bf-73f7a2372b64@group-75987F7FE399-FollowerState was interrupted: java.lang.InterruptedException: sleep interrupted
2019-10-20 10:28:25,164 [Thread-961] INFO  impl.FollowerState (FollowerState.java:run(117)) - 9ceef694-dbcf-4070-b7b1-3b3c65b6a699@group-75987F7FE399-FollowerState was interrupted: java.lang.InterruptedException: sleep interrupted
2019-10-20 10:28:25,164 [grpc-default-executor-3] INFO  impl.RoleInfo (RoleInfo.java:updateAndGet(143)) - 875da3d9-0dec-46c7-88bf-73f7a2372b64: start FollowerState
2019-10-20 10:28:25,164 [grpc-default-executor-4] INFO  impl.RoleInfo (RoleInfo.java:updateAndGet(143)) - 9ceef694-dbcf-4070-b7b1-3b3c65b6a699: start FollowerState
2019-10-20 10:28:25,180 [df12c920-952d-4704-9c70-1a288e2f77c7@group-75987F7FE399-LeaderElection108] INFO  impl.LeaderElection (LeaderElection.java:logAndReturn(56)) - df12c920-952d-4704-9c70-1a288e2f77c7@group-75987F7FE399-LeaderElection108: Election REJECTED; received 2 response(s) [df12c920-952d-4704-9c70-1a288e2f77c7<-875da3d9-0dec-46c7-88bf-73f7a2372b64#0:FAIL-t123, df12c920-952d-4704-9c70-1a288e2f77c7<-9ceef694-dbcf-4070-b7b1-3b3c65b6a699#0:FAIL-t123] and 0 exception(s); df12c920-952d-4704-9c70-1a288e2f77c7@group-75987F7FE399:t123, leader=null, voted=df12c920-952d-4704-9c70-1a288e2f77c7, raftlog=df12c920-952d-4704-9c70-1a288e2f77c7@group-75987F7FE399-SegmentedRaftLog:OPENED:c-1,f-1,i0, conf=-1: [875da3d9-0dec-46c7-88bf-73f7a2372b64:192.168.69.89:39990, df12c920-952d-4704-9c70-1a288e2f77c7:192.168.69.89:43948, 9ceef694-dbcf-4070-b7b1-3b3c65b6a699:192.168.69.89:36536], old=null
2019-10-20 10:28:25,180 [df12c920-952d-4704-9c70-1a288e2f77c7@group-75987F7FE399-LeaderElection108] INFO  impl.RaftServerImpl (RaftServerImpl.java:setRole(184)) - df12c920-952d-4704-9c70-1a288e2f77c7@group-75987F7FE399: changes role from CANDIDATE to FOLLOWER at term 123 for DISCOVERED_A_NEW_TERM
2019-10-20 10:28:25,180 [df12c920-952d-4704-9c70-1a288e2f77c7@group-75987F7FE399-LeaderElection108] INFO  impl.RoleInfo (RoleInfo.java:shutdownLeaderElection(134)) - df12c920-952d-4704-9c70-1a288e2f77c7: shutdown LeaderElection
2019-10-20 10:28:25,180 [df12c920-952d-4704-9c70-1a288e2f77c7@group-75987F7FE399-LeaderElection108] INFO  impl.RoleInfo (RoleInfo.java:updateAndGet(143)) - df12c920-952d-4704-9c70-1a288e2f77c7: start FollowerState
2019-10-20 10:28:25,259 [Thread-968] INFO  impl.FollowerState (FollowerState.java:run(108)) - df12c920-952d-4704-9c70-1a288e2f77c7@group-75987F7FE399-FollowerState: change to CANDIDATE, lastRpcTime:78ms, electionTimeout:78ms
2019-10-20 10:28:25,259 [Thread-968] INFO  impl.RoleInfo (RoleInfo.java:shutdownFollowerState(121)) - df12c920-952d-4704-9c70-1a288e2f77c7: shutdown FollowerState
2019-10-20 10:28:25,259 [Thread-968] INFO  impl.RaftServerImpl (RaftServerImpl.java:setRole(184)) - df12c920-952d-4704-9c70-1a288e2f77c7@group-75987F7FE399: changes role from  FOLLOWER to CANDIDATE at term 123 for changeToCandidate
2019-10-20 10:28:25,259 [Thread-968] INFO  impl.RoleInfo (RoleInfo.java:updateAndGet(143)) - df12c920-952d-4704-9c70-1a288e2f77c7: start LeaderElection
2019-10-20 10:28:25,274 [df12c920-952d-4704-9c70-1a288e2f77c7@group-75987F7FE399-LeaderElection109] INFO  impl.LeaderElection (LeaderElection.java:askForVotes(178)) - df12c920-952d-4704-9c70-1a288e2f77c7@group-75987F7FE399-LeaderElection109: begin an election at term 124 for -1: [875da3d9-0dec-46c7-88bf-73f7a2372b64:192.168.69.89:39990, df12c920-952d-4704-9c70-1a288e2f77c7:192.168.69.89:43948, 9ceef694-dbcf-4070-b7b1-3b3c65b6a699:192.168.69.89:36536], old=null
2019-10-20 10:28:25,277 [grpc-default-executor-4] INFO  impl.RaftServerImpl (RaftServerImpl.java:setRole(184)) - 9ceef694-dbcf-4070-b7b1-3b3c65b6a699@group-75987F7FE399: changes role from  FOLLOWER to FOLLOWER at term 124 for recognizeCandidate:df12c920-952d-4704-9c70-1a288e2f77c7
2019-10-20 10:28:25,277 [grpc-default-executor-3] INFO  impl.RaftServerImpl (RaftServerImpl.java:setRole(184)) - 875da3d9-0dec-46c7-88bf-73f7a2372b64@group-75987F7FE399: changes role from  FOLLOWER to FOLLOWER at term 124 for recognizeCandidate:df12c920-952d-4704-9c70-1a288e2f77c7
2019-10-20 10:28:25,277 [grpc-default-executor-3] INFO  impl.RoleInfo (RoleInfo.java:shutdownFollowerState(121)) - 875da3d9-0dec-46c7-88bf-73f7a2372b64: shutdown FollowerState
2019-10-20 10:28:25,277 [grpc-default-executor-4] INFO  impl.RoleInfo (RoleInfo.java:shutdownFollowerState(121)) - 9ceef694-dbcf-4070-b7b1-3b3c65b6a699: shutdown FollowerState
2019-10-20 10:28:25,278 [Thread-966] INFO  impl.FollowerState (FollowerState.java:run(117)) - 875da3d9-0dec-46c7-88bf-73f7a2372b64@group-75987F7FE399-FollowerState was interrupted: java.lang.InterruptedException: sleep interrupted
2019-10-20 10:28:25,277 [grpc-default-executor-3] INFO  impl.RoleInfo (RoleInfo.java:updateAndGet(143)) - 875da3d9-0dec-46c7-88bf-73f7a2372b64: start FollowerState
2019-10-20 10:28:25,278 [Thread-967] INFO  impl.FollowerState (FollowerState.java:run(117)) - 9ceef694-dbcf-4070-b7b1-3b3c65b6a699@group-75987F7FE399-FollowerState was interrupted: java.lang.InterruptedException: sleep interrupted
2019-10-20 10:28:25,278 [grpc-default-executor-4] INFO  impl.RoleInfo (RoleInfo.java:updateAndGet(143)) - 9ceef694-dbcf-4070-b7b1-3b3c65b6a699: start FollowerState
2019-10-20 10:28:25,292 [df12c920-952d-4704-9c70-1a288e2f77c7@group-75987F7FE399-LeaderElection109] INFO  impl.LeaderElection (LeaderElection.java:logAndReturn(56)) - df12c920-952d-4704-9c70-1a288e2f77c7@group-75987F7FE399-LeaderElection109: Election REJECTED; received 2 response(s) [df12c920-952d-4704-9c70-1a288e2f77c7<-875da3d9-0dec-46c7-88bf-73f7a2372b64#0:FAIL-t124, df12c920-952d-4704-9c70-1a288e2f77c7<-9ceef694-dbcf-4070-b7b1-3b3c65b6a699#0:FAIL-t124] and 0 exception(s); df12c920-952d-4704-9c70-1a288e2f77c7@group-75987F7FE399:t124, leader=null, voted=df12c920-952d-4704-9c70-1a288e2f77c7, raftlog=df12c920-952d-4704-9c70-1a288e2f77c7@group-75987F7FE399-SegmentedRaftLog:OPENED:c-1,f-1,i0, conf=-1: [875da3d9-0dec-46c7-88bf-73f7a2372b64:192.168.69.89:39990, df12c920-952d-4704-9c70-1a288e2f77c7:192.168.69.89:43948, 9ceef694-dbcf-4070-b7b1-3b3c65b6a699:192.168.69.89:36536], old=null
2019-10-20 10:28:25,292 [df12c920-952d-4704-9c70-1a288e2f77c7@group-75987F7FE399-LeaderElection109] INFO  impl.RaftServerImpl (RaftServerImpl.java:setRole(184)) - df12c920-952d-4704-9c70-1a288e2f77c7@group-75987F7FE399: changes role from CANDIDATE to FOLLOWER at term 124 for DISCOVERED_A_NEW_TERM
2019-10-20 10:28:25,292 [df12c920-952d-4704-9c70-1a288e2f77c7@group-75987F7FE399-LeaderElection109] INFO  impl.RoleInfo (RoleInfo.java:shutdownLeaderElection(134)) - df12c920-952d-4704-9c70-1a288e2f77c7: shutdown LeaderElection
2019-10-20 10:28:25,293 [df12c920-952d-4704-9c70-1a288e2f77c7@group-75987F7FE399-LeaderElection109] INFO  impl.RoleInfo (RoleInfo.java:updateAndGet(143)) - df12c920-952d-4704-9c70-1a288e2f77c7: start FollowerState
2019-10-20 10:28:25,404 [Thread-974] INFO  impl.FollowerState (FollowerState.java:run(108)) - df12c920-952d-4704-9c70-1a288e2f77c7@group-75987F7FE399-FollowerState: change to CANDIDATE, lastRpcTime:111ms, electionTimeout:111ms
2019-10-20 10:28:25,404 [Thread-974] INFO  impl.RoleInfo (RoleInfo.java:shutdownFollowerState(121)) - df12c920-952d-4704-9c70-1a288e2f77c7: shutdown FollowerState
2019-10-20 10:28:25,404 [Thread-974] INFO  impl.RaftServerImpl (RaftServerImpl.java:setRole(184)) - df12c920-952d-4704-9c70-1a288e2f77c7@group-75987F7FE399: changes role from  FOLLOWER to CANDIDATE at term 124 for changeToCandidate
2019-10-20 10:28:25,405 [Thread-974] INFO  impl.RoleInfo (RoleInfo.java:updateAndGet(143)) - df12c920-952d-4704-9c70-1a288e2f77c7: start LeaderElection
2019-10-20 10:28:25,430 [df12c920-952d-4704-9c70-1a288e2f77c7@group-75987F7FE399-LeaderElection110] INFO  impl.LeaderElection (LeaderElection.java:askForVotes(178)) - df12c920-952d-4704-9c70-1a288e2f77c7@group-75987F7FE399-LeaderElection110: begin an election at term 125 for -1: [875da3d9-0dec-46c7-88bf-73f7a2372b64:192.168.69.89:39990, df12c920-952d-4704-9c70-1a288e2f77c7:192.168.69.89:43948, 9ceef694-dbcf-4070-b7b1-3b3c65b6a699:192.168.69.89:36536], old=null
2019-10-20 10:28:25,433 [grpc-default-executor-4] INFO  impl.RaftServerImpl (RaftServerImpl.java:setRole(184)) - 875da3d9-0dec-46c7-88bf-73f7a2372b64@group-75987F7FE399: changes role from  FOLLOWER to FOLLOWER at term 125 for recognizeCandidate:df12c920-952d-4704-9c70-1a288e2f77c7
2019-10-20 10:28:25,433 [grpc-default-executor-3] INFO  impl.RaftServerImpl (RaftServerImpl.java:setRole(184)) - 9ceef694-dbcf-4070-b7b1-3b3c65b6a699@group-75987F7FE399: changes role from  FOLLOWER to FOLLOWER at term 125 for recognizeCandidate:df12c920-952d-4704-9c70-1a288e2f77c7
2019-10-20 10:28:25,433 [grpc-default-executor-4] INFO  impl.RoleInfo (RoleInfo.java:shutdownFollowerState(121)) - 875da3d9-0dec-46c7-88bf-73f7a2372b64: shutdown FollowerState
2019-10-20 10:28:25,434 [grpc-default-executor-3] INFO  impl.RoleInfo (RoleInfo.java:shutdownFollowerState(121)) - 9ceef694-dbcf-4070-b7b1-3b3c65b6a699: shutdown FollowerState
2019-10-20 10:28:25,434 [Thread-972] INFO  impl.FollowerState (FollowerState.java:run(117)) - 875da3d9-0dec-46c7-88bf-73f7a2372b64@group-75987F7FE399-FollowerState was interrupted: java.lang.InterruptedException: sleep interrupted
2019-10-20 10:28:25,434 [Thread-973] INFO  impl.FollowerState (FollowerState.java:run(117)) - 9ceef694-dbcf-4070-b7b1-3b3c65b6a699@group-75987F7FE399-FollowerState was interrupted: java.lang.InterruptedException: sleep interrupted
2019-10-20 10:28:25,434 [grpc-default-executor-4] INFO  impl.RoleInfo (RoleInfo.java:updateAndGet(143)) - 875da3d9-0dec-46c7-88bf-73f7a2372b64: start FollowerState
2019-10-20 10:28:25,434 [grpc-default-executor-3] INFO  impl.RoleInfo (RoleInfo.java:updateAndGet(143)) - 9ceef694-dbcf-4070-b7b1-3b3c65b6a699: start FollowerState
2019-10-20 10:28:25,458 [df12c920-952d-4704-9c70-1a288e2f77c7@group-75987F7FE399-LeaderElection110] INFO  impl.LeaderElection (LeaderElection.java:logAndReturn(56)) - df12c920-952d-4704-9c70-1a288e2f77c7@group-75987F7FE399-LeaderElection110: Election REJECTED; received 2 response(s) [df12c920-952d-4704-9c70-1a288e2f77c7<-875da3d9-0dec-46c7-88bf-73f7a2372b64#0:FAIL-t125, df12c920-952d-4704-9c70-1a288e2f77c7<-9ceef694-dbcf-4070-b7b1-3b3c65b6a699#0:FAIL-t125] and 0 exception(s); df12c920-952d-4704-9c70-1a288e2f77c7@group-75987F7FE399:t125, leader=null, voted=df12c920-952d-4704-9c70-1a288e2f77c7, raftlog=df12c920-952d-4704-9c70-1a288e2f77c7@group-75987F7FE399-SegmentedRaftLog:OPENED:c-1,f-1,i0, conf=-1: [875da3d9-0dec-46c7-88bf-73f7a2372b64:192.168.69.89:39990, df12c920-952d-4704-9c70-1a288e2f77c7:192.168.69.89:43948, 9ceef694-dbcf-4070-b7b1-3b3c65b6a699:192.168.69.89:36536], old=null
2019-10-20 10:28:25,458 [df12c920-952d-4704-9c70-1a288e2f77c7@group-75987F7FE399-LeaderElection110] INFO  impl.RaftServerImpl (RaftServerImpl.java:setRole(184)) - df12c920-952d-4704-9c70-1a288e2f77c7@group-75987F7FE399: changes role from CANDIDATE to FOLLOWER at term 125 for DISCOVERED_A_NEW_TERM
2019-10-20 10:28:25,458 [df12c920-952d-4704-9c70-1a288e2f77c7@group-75987F7FE399-LeaderElection110] INFO  impl.RoleInfo (RoleInfo.java:shutdownLeaderElection(134)) - df12c920-952d-4704-9c70-1a288e2f77c7: shutdown LeaderElection
2019-10-20 10:28:25,458 [df12c920-952d-4704-9c70-1a288e2f77c7@group-75987F7FE399-LeaderElection110] INFO  impl.RoleInfo (RoleInfo.java:updateAndGet(143)) - df12c920-952d-4704-9c70-1a288e2f77c7: start FollowerState
2019-10-20 10:28:25,522 [Thread-980] INFO  impl.FollowerState (FollowerState.java:run(108)) - df12c920-952d-4704-9c70-1a288e2f77c7@group-75987F7FE399-FollowerState: change to CANDIDATE, lastRpcTime:63ms, electionTimeout:63ms
2019-10-20 10:28:25,522 [Thread-980] INFO  impl.RoleInfo (RoleInfo.java:shutdownFollowerState(121)) - df12c920-952d-4704-9c70-1a288e2f77c7: shutdown FollowerState
2019-10-20 10:28:25,522 [Thread-980] INFO  impl.RaftServerImpl (RaftServerImpl.java:setRole(184)) - df12c920-952d-4704-9c70-1a288e2f77c7@group-75987F7FE399: changes role from  FOLLOWER to CANDIDATE at term 125 for changeToCandidate
2019-10-20 10:28:25,522 [Thread-980] INFO  impl.RoleInfo (RoleInfo.java:updateAndGet(143)) - df12c920-952d-4704-9c70-1a288e2f77c7: start LeaderElection
2019-10-20 10:28:25,535 [df12c920-952d-4704-9c70-1a288e2f77c7@group-75987F7FE399-LeaderElection111] INFO  impl.LeaderElection (LeaderElection.java:askForVotes(178)) - df12c920-952d-4704-9c70-1a288e2f77c7@group-75987F7FE399-LeaderElection111: begin an election at term 126 for -1: [875da3d9-0dec-46c7-88bf-73f7a2372b64:192.168.69.89:39990, df12c920-952d-4704-9c70-1a288e2f77c7:192.168.69.89:43948, 9ceef694-dbcf-4070-b7b1-3b3c65b6a699:192.168.69.89:36536], old=null
2019-10-20 10:28:25,538 [grpc-default-executor-4] INFO  impl.RaftServerImpl (RaftServerImpl.java:setRole(184)) - 875da3d9-0dec-46c7-88bf-73f7a2372b64@group-75987F7FE399: changes role from  FOLLOWER to FOLLOWER at term 126 for recognizeCandidate:df12c920-952d-4704-9c70-1a288e2f77c7
2019-10-20 10:28:25,538 [grpc-default-executor-4] INFO  impl.RoleInfo (RoleInfo.java:shutdownFollowerState(121)) - 875da3d9-0dec-46c7-88bf-73f7a2372b64: shutdown FollowerState
2019-10-20 10:28:25,538 [grpc-default-executor-3] INFO  impl.RaftServerImpl (RaftServerImpl.java:setRole(184)) - 9ceef694-dbcf-4070-b7b1-3b3c65b6a699@group-75987F7FE399: changes role from  FOLLOWER to FOLLOWER at term 126 for recognizeCandidate:df12c920-952d-4704-9c70-1a288e2f77c7
2019-10-20 10:28:25,538 [Thread-978] INFO  impl.FollowerState (FollowerState.java:run(117)) - 875da3d9-0dec-46c7-88bf-73f7a2372b64@group-75987F7FE399-FollowerState was interrupted: java.lang.InterruptedException: sleep interrupted
2019-10-20 10:28:25,538 [grpc-default-executor-4] INFO  impl.RoleInfo (RoleInfo.java:updateAndGet(143)) - 875da3d9-0dec-46c7-88bf-73f7a2372b64: start FollowerState
2019-10-20 10:28:25,538 [grpc-default-executor-3] INFO  impl.RoleInfo (RoleInfo.java:shutdownFollowerState(121)) - 9ceef694-dbcf-4070-b7b1-3b3c65b6a699: shutdown FollowerState
2019-10-20 10:28:25,538 [grpc-default-executor-3] INFO  impl.RoleInfo (RoleInfo.java:updateAndGet(143)) - 9ceef694-dbcf-4070-b7b1-3b3c65b6a699: start FollowerState
2019-10-20 10:28:25,539 [Thread-979] INFO  impl.FollowerState (FollowerState.java:run(117)) - 9ceef694-dbcf-4070-b7b1-3b3c65b6a699@group-75987F7FE399-FollowerState was interrupted: java.lang.InterruptedException: sleep interrupted
2019-10-20 10:28:25,564 [df12c920-952d-4704-9c70-1a288e2f77c7@group-75987F7FE399-LeaderElection111] INFO  impl.LeaderElection (LeaderElection.java:logAndReturn(56)) - df12c920-952d-4704-9c70-1a288e2f77c7@group-75987F7FE399-LeaderElection111: Election REJECTED; received 2 response(s) [df12c920-952d-4704-9c70-1a288e2f77c7<-875da3d9-0dec-46c7-88bf-73f7a2372b64#0:FAIL-t126, df12c920-952d-4704-9c70-1a288e2f77c7<-9ceef694-dbcf-4070-b7b1-3b3c65b6a699#0:FAIL-t126] and 0 exception(s); df12c920-952d-4704-9c70-1a288e2f77c7@group-75987F7FE399:t126, leader=null, voted=df12c920-952d-4704-9c70-1a288e2f77c7, raftlog=df12c920-952d-4704-9c70-1a288e2f77c7@group-75987F7FE399-SegmentedRaftLog:OPENED:c-1,f-1,i0, conf=-1: [875da3d9-0dec-46c7-88bf-73f7a2372b64:192.168.69.89:39990, df12c920-952d-4704-9c70-1a288e2f77c7:192.168.69.89:43948, 9ceef694-dbcf-4070-b7b1-3b3c65b6a699:192.168.69.89:36536], old=null
2019-10-20 10:28:25,565 [df12c920-952d-4704-9c70-1a288e2f77c7@group-75987F7FE399-LeaderElection111] INFO  impl.RaftServerImpl (RaftServerImpl.java:setRole(184)) - df12c920-952d-4704-9c70-1a288e2f77c7@group-75987F7FE399: changes role from CANDIDATE to FOLLOWER at term 126 for DISCOVERED_A_NEW_TERM
2019-10-20 10:28:25,565 [df12c920-952d-4704-9c70-1a288e2f77c7@group-75987F7FE399-LeaderElection111] INFO  impl.RoleInfo (RoleInfo.java:shutdownLeaderElection(134)) - df12c920-952d-4704-9c70-1a288e2f77c7: shutdown LeaderElection
2019-10-20 10:28:25,565 [df12c920-952d-4704-9c70-1a288e2f77c7@group-75987F7FE399-LeaderElection111] INFO  impl.RoleInfo (RoleInfo.java:updateAndGet(143)) - df12c920-952d-4704-9c70-1a288e2f77c7: start FollowerState
2019-10-20 10:28:25,628 [Thread-986] INFO  impl.FollowerState (FollowerState.java:run(108)) - df12c920-952d-4704-9c70-1a288e2f77c7@group-75987F7FE399-FollowerState: change to CANDIDATE, lastRpcTime:63ms, electionTimeout:63ms
2019-10-20 10:28:25,628 [Thread-986] INFO  impl.RoleInfo (RoleInfo.java:shutdownFollowerState(121)) - df12c920-952d-4704-9c70-1a288e2f77c7: shutdown FollowerState
2019-10-20 10:28:25,629 [Thread-986] INFO  impl.RaftServerImpl (RaftServerImpl.java:setRole(184)) - df12c920-952d-4704-9c70-1a288e2f77c7@group-75987F7FE399: changes role from  FOLLOWER to CANDIDATE at term 126 for changeToCandidate
2019-10-20 10:28:25,629 [Thread-986] INFO  impl.RoleInfo (RoleInfo.java:updateAndGet(143)) - df12c920-952d-4704-9c70-1a288e2f77c7: start LeaderElection
2019-10-20 10:28:25,657 [df12c920-952d-4704-9c70-1a288e2f77c7@group-75987F7FE399-LeaderElection112] INFO  impl.LeaderElection (LeaderElection.java:askForVotes(178)) - df12c920-952d-4704-9c70-1a288e2f77c7@group-75987F7FE399-LeaderElection112: begin an election at term 127 for -1: [875da3d9-0dec-46c7-88bf-73f7a2372b64:192.168.69.89:39990, df12c920-952d-4704-9c70-1a288e2f77c7:192.168.69.89:43948, 9ceef694-dbcf-4070-b7b1-3b3c65b6a699:192.168.69.89:36536], old=null
2019-10-20 10:28:25,659 [grpc-default-executor-4] INFO  impl.RaftServerImpl (RaftServerImpl.java:setRole(184)) - 875da3d9-0dec-46c7-88bf-73f7a2372b64@group-75987F7FE399: changes role from  FOLLOWER to FOLLOWER at term 127 for recognizeCandidate:df12c920-952d-4704-9c70-1a288e2f77c7
2019-10-20 10:28:25,659 [grpc-default-executor-3] INFO  impl.RaftServerImpl (RaftServerImpl.java:setRole(184)) - 9ceef694-dbcf-4070-b7b1-3b3c65b6a699@group-75987F7FE399: changes role from  FOLLOWER to FOLLOWER at term 127 for recognizeCandidate:df12c920-952d-4704-9c70-1a288e2f77c7
2019-10-20 10:28:25,659 [grpc-default-executor-4] INFO  impl.RoleInfo (RoleInfo.java:shutdownFollowerState(121)) - 875da3d9-0dec-46c7-88bf-73f7a2372b64: shutdown FollowerState
2019-10-20 10:28:25,659 [grpc-default-executor-3] INFO  impl.RoleInfo (RoleInfo.java:shutdownFollowerState(121)) - 9ceef694-dbcf-4070-b7b1-3b3c65b6a699: shutdown FollowerState
2019-10-20 10:28:25,660 [grpc-default-executor-4] INFO  impl.RoleInfo (RoleInfo.java:updateAndGet(143)) - 875da3d9-0dec-46c7-88bf-73f7a2372b64: start FollowerState
2019-10-20 10:28:25,660 [Thread-984] INFO  impl.FollowerState (FollowerState.java:run(117)) - 875da3d9-0dec-46c7-88bf-73f7a2372b64@group-75987F7FE399-FollowerState was interrupted: java.lang.InterruptedException: sleep interrupted
2019-10-20 10:28:25,660 [grpc-default-executor-3] INFO  impl.RoleInfo (RoleInfo.java:updateAndGet(143)) - 9ceef694-dbcf-4070-b7b1-3b3c65b6a699: start FollowerState
2019-10-20 10:28:25,660 [Thread-985] INFO  impl.FollowerState (FollowerState.java:run(117)) - 9ceef694-dbcf-4070-b7b1-3b3c65b6a699@group-75987F7FE399-FollowerState was interrupted: java.lang.InterruptedException: sleep interrupted
2019-10-20 10:28:25,672 [df12c920-952d-4704-9c70-1a288e2f77c7@group-75987F7FE399-LeaderElection112] INFO  impl.LeaderElection (LeaderElection.java:logAndReturn(56)) - df12c920-952d-4704-9c70-1a288e2f77c7@group-75987F7FE399-LeaderElection112: Election REJECTED; received 2 response(s) [df12c920-952d-4704-9c70-1a288e2f77c7<-875da3d9-0dec-46c7-88bf-73f7a2372b64#0:FAIL-t127, df12c920-952d-4704-9c70-1a288e2f77c7<-9ceef694-dbcf-4070-b7b1-3b3c65b6a699#0:FAIL-t127] and 0 exception(s); df12c920-952d-4704-9c70-1a288e2f77c7@group-75987F7FE399:t127, leader=null, voted=df12c920-952d-4704-9c70-1a288e2f77c7, raftlog=df12c920-952d-4704-9c70-1a288e2f77c7@group-75987F7FE399-SegmentedRaftLog:OPENED:c-1,f-1,i0, conf=-1: [875da3d9-0dec-46c7-88bf-73f7a2372b64:192.168.69.89:39990, df12c920-952d-4704-9c70-1a288e2f77c7:192.168.69.89:43948, 9ceef694-dbcf-4070-b7b1-3b3c65b6a699:192.168.69.89:36536], old=null
2019-10-20 10:28:25,672 [df12c920-952d-4704-9c70-1a288e2f77c7@group-75987F7FE399-LeaderElection112] INFO  impl.RaftServerImpl (RaftServerImpl.java:setRole(184)) - df12c920-952d-4704-9c70-1a288e2f77c7@group-75987F7FE399: changes role from CANDIDATE to FOLLOWER at term 127 for DISCOVERED_A_NEW_TERM
2019-10-20 10:28:25,672 [df12c920-952d-4704-9c70-1a288e2f77c7@group-75987F7FE399-LeaderElection112] INFO  impl.RoleInfo (RoleInfo.java:shutdownLeaderElection(134)) - df12c920-952d-4704-9c70-1a288e2f77c7: shutdown LeaderElection
2019-10-20 10:28:25,672 [df12c920-952d-4704-9c70-1a288e2f77c7@group-75987F7FE399-LeaderElection112] INFO  impl.RoleInfo (RoleInfo.java:updateAndGet(143)) - df12c920-952d-4704-9c70-1a288e2f77c7: start FollowerState
2019-10-20 10:28:25,689 [Thread-992] INFO  impl.FollowerState (FollowerState.java:run(108)) - df12c920-952d-4704-9c70-1a288e2f77c7@group-75987F7FE399-FollowerState: change to CANDIDATE, lastRpcTime:16ms, electionTimeout:16ms
2019-10-20 10:28:25,689 [Thread-992] INFO  impl.RoleInfo (RoleInfo.java:shutdownFollowerState(121)) - df12c920-952d-4704-9c70-1a288e2f77c7: shutdown FollowerState
2019-10-20 10:28:25,689 [Thread-992] INFO  impl.RaftServerImpl (RaftServerImpl.java:setRole(184)) - df12c920-952d-4704-9c70-1a288e2f77c7@group-75987F7FE399: changes role from  FOLLOWER to CANDIDATE at term 127 for changeToCandidate
2019-10-20 10:28:25,689 [Thread-992] INFO  impl.RoleInfo (RoleInfo.java:updateAndGet(143)) - df12c920-952d-4704-9c70-1a288e2f77c7: start LeaderElection
2019-10-20 10:28:25,703 [df12c920-952d-4704-9c70-1a288e2f77c7@group-75987F7FE399-LeaderElection113] INFO  impl.LeaderElection (LeaderElection.java:askForVotes(178)) - df12c920-952d-4704-9c70-1a288e2f77c7@group-75987F7FE399-LeaderElection113: begin an election at term 128 for -1: [875da3d9-0dec-46c7-88bf-73f7a2372b64:192.168.69.89:39990, df12c920-952d-4704-9c70-1a288e2f77c7:192.168.69.89:43948, 9ceef694-dbcf-4070-b7b1-3b3c65b6a699:192.168.69.89:36536], old=null
2019-10-20 10:28:25,705 [grpc-default-executor-4] INFO  impl.RaftServerImpl (RaftServerImpl.java:setRole(184)) - 9ceef694-dbcf-4070-b7b1-3b3c65b6a699@group-75987F7FE399: changes role from  FOLLOWER to FOLLOWER at term 128 for recognizeCandidate:df12c920-952d-4704-9c70-1a288e2f77c7
2019-10-20 10:28:25,705 [grpc-default-executor-3] INFO  impl.RaftServerImpl (RaftServerImpl.java:setRole(184)) - 875da3d9-0dec-46c7-88bf-73f7a2372b64@group-75987F7FE399: changes role from  FOLLOWER to FOLLOWER at term 128 for recognizeCandidate:df12c920-952d-4704-9c70-1a288e2f77c7
2019-10-20 10:28:25,705 [grpc-default-executor-4] INFO  impl.RoleInfo (RoleInfo.java:shutdownFollowerState(121)) - 9ceef694-dbcf-4070-b7b1-3b3c65b6a699: shutdown FollowerState
2019-10-20 10:28:25,705 [grpc-default-executor-3] INFO  impl.RoleInfo (RoleInfo.java:shutdownFollowerState(121)) - 875da3d9-0dec-46c7-88bf-73f7a2372b64: shutdown FollowerState
2019-10-20 10:28:25,706 [grpc-default-executor-4] INFO  impl.RoleInfo (RoleInfo.java:updateAndGet(143)) - 9ceef694-dbcf-4070-b7b1-3b3c65b6a699: start FollowerState
2019-10-20 10:28:25,706 [Thread-990] INFO  impl.FollowerState (FollowerState.java:run(117)) - 875da3d9-0dec-46c7-88bf-73f7a2372b64@group-75987F7FE399-FollowerState was interrupted: java.lang.InterruptedException: sleep interrupted
2019-10-20 10:28:25,706 [grpc-default-executor-3] INFO  impl.RoleInfo (RoleInfo.java:updateAndGet(143)) - 875da3d9-0dec-46c7-88bf-73f7a2372b64: start FollowerState
2019-10-20 10:28:25,706 [Thread-991] INFO  impl.FollowerState (FollowerState.java:run(117)) - 9ceef694-dbcf-4070-b7b1-3b3c65b6a699@group-75987F7FE399-FollowerState was interrupted: java.lang.InterruptedException: sleep interrupted
2019-10-20 10:28:25,722 [df12c920-952d-4704-9c70-1a288e2f77c7@group-75987F7FE399-LeaderElection113] INFO  impl.LeaderElection (LeaderElection.java:logAndReturn(56)) - df12c920-952d-4704-9c70-1a288e2f77c7@group-75987F7FE399-LeaderElection113: Election REJECTED; received 2 response(s) [df12c920-952d-4704-9c70-1a288e2f77c7<-875da3d9-0dec-46c7-88bf-73f7a2372b64#0:FAIL-t128, df12c920-952d-4704-9c70-1a288e2f77c7<-9ceef694-dbcf-4070-b7b1-3b3c65b6a699#0:FAIL-t128] and 0 exception(s); df12c920-952d-4704-9c70-1a288e2f77c7@group-75987F7FE399:t128, leader=null, voted=df12c920-952d-4704-9c70-1a288e2f77c7, raftlog=df12c920-952d-4704-9c70-1a288e2f77c7@group-75987F7FE399-SegmentedRaftLog:OPENED:c-1,f-1,i0, conf=-1: [875da3d9-0dec-46c7-88bf-73f7a2372b64:192.168.69.89:39990, df12c920-952d-4704-9c70-1a288e2f77c7:192.168.69.89:43948, 9ceef694-dbcf-4070-b7b1-3b3c65b6a699:192.168.69.89:36536], old=null
2019-10-20 10:28:25,722 [df12c920-952d-4704-9c70-1a288e2f77c7@group-75987F7FE399-LeaderElection113] INFO  impl.RaftServerImpl (RaftServerImpl.java:setRole(184)) - df12c920-952d-4704-9c70-1a288e2f77c7@group-75987F7FE399: changes role from CANDIDATE to FOLLOWER at term 128 for DISCOVERED_A_NEW_TERM
2019-10-20 10:28:25,722 [df12c920-952d-4704-9c70-1a288e2f77c7@group-75987F7FE399-LeaderElection113] INFO  impl.RoleInfo (RoleInfo.java:shutdownLeaderElection(134)) - df12c920-952d-4704-9c70-1a288e2f77c7: shutdown LeaderElection
2019-10-20 10:28:25,723 [df12c920-952d-4704-9c70-1a288e2f77c7@group-75987F7FE399-LeaderElection113] INFO  impl.RoleInfo (RoleInfo.java:updateAndGet(143)) - df12c920-952d-4704-9c70-1a288e2f77c7: start FollowerState
2019-10-20 10:28:25,921 [Thread-1000] INFO  impl.FollowerState (FollowerState.java:run(108)) - df12c920-952d-4704-9c70-1a288e2f77c7@group-75987F7FE399-FollowerState: change to CANDIDATE, lastRpcTime:197ms, electionTimeout:197ms
2019-10-20 10:28:25,921 [Thread-1000] INFO  impl.RoleInfo (RoleInfo.java:shutdownFollowerState(121)) - df12c920-952d-4704-9c70-1a288e2f77c7: shutdown FollowerState
2019-10-20 10:28:25,921 [Thread-1000] INFO  impl.RaftServerImpl (RaftServerImpl.java:setRole(184)) - df12c920-952d-4704-9c70-1a288e2f77c7@group-75987F7FE399: changes role from  FOLLOWER to CANDIDATE at term 128 for changeToCandidate
2019-10-20 10:28:25,922 [Thread-1000] INFO  impl.RoleInfo (RoleInfo.java:updateAndGet(143)) - df12c920-952d-4704-9c70-1a288e2f77c7: start LeaderElection
2019-10-20 10:28:25,945 [df12c920-952d-4704-9c70-1a288e2f77c7@group-75987F7FE399-LeaderElection114] INFO  impl.LeaderElection (LeaderElection.java:askForVotes(178)) - df12c920-952d-4704-9c70-1a288e2f77c7@group-75987F7FE399-LeaderElection114: begin an election at term 129 for -1: [875da3d9-0dec-46c7-88bf-73f7a2372b64:192.168.69.89:39990, df12c920-952d-4704-9c70-1a288e2f77c7:192.168.69.89:43948, 9ceef694-dbcf-4070-b7b1-3b3c65b6a699:192.168.69.89:36536], old=null
2019-10-20 10:28:25,949 [grpc-default-executor-1] INFO  impl.RaftServerImpl (RaftServerImpl.java:setRole(184)) - 875da3d9-0dec-46c7-88bf-73f7a2372b64@group-75987F7FE399: changes role from  FOLLOWER to FOLLOWER at term 129 for recognizeCandidate:df12c920-952d-4704-9c70-1a288e2f77c7
2019-10-20 10:28:25,949 [grpc-default-executor-3] INFO  impl.RaftServerImpl (RaftServerImpl.java:setRole(184)) - 9ceef694-dbcf-4070-b7b1-3b3c65b6a699@group-75987F7FE399: changes role from  FOLLOWER to FOLLOWER at term 129 for recognizeCandidate:df12c920-952d-4704-9c70-1a288e2f77c7
2019-10-20 10:28:25,950 [grpc-default-executor-3] INFO  impl.RoleInfo (RoleInfo.java:shutdownFollowerState(121)) - 9ceef694-dbcf-4070-b7b1-3b3c65b6a699: shutdown FollowerState
2019-10-20 10:28:25,949 [grpc-default-executor-1] INFO  impl.RoleInfo (RoleInfo.java:shutdownFollowerState(121)) - 875da3d9-0dec-46c7-88bf-73f7a2372b64: shutdown FollowerState
2019-10-20 10:28:25,950 [grpc-default-executor-3] INFO  impl.RoleInfo (RoleInfo.java:updateAndGet(143)) - 9ceef694-dbcf-4070-b7b1-3b3c65b6a699: start FollowerState
2019-10-20 10:28:25,950 [Thread-997] INFO  impl.FollowerState (FollowerState.java:run(117)) - 875da3d9-0dec-46c7-88bf-73f7a2372b64@group-75987F7FE399-FollowerState was interrupted: java.lang.InterruptedException: sleep interrupted
2019-10-20 10:28:25,950 [grpc-default-executor-1] INFO  impl.RoleInfo (RoleInfo.java:updateAndGet(143)) - 875da3d9-0dec-46c7-88bf-73f7a2372b64: start FollowerState
2019-10-20 10:28:25,950 [Thread-996] INFO  impl.FollowerState (FollowerState.java:run(117)) - 9ceef694-dbcf-4070-b7b1-3b3c65b6a699@group-75987F7FE399-FollowerState was interrupted: java.lang.InterruptedException: sleep interrupted
2019-10-20 10:28:25,964 [df12c920-952d-4704-9c70-1a288e2f77c7@group-75987F7FE399-LeaderElection114] INFO  impl.LeaderElection (LeaderElection.java:logAndReturn(56)) - df12c920-952d-4704-9c70-1a288e2f77c7@group-75987F7FE399-LeaderElection114: Election REJECTED; received 2 response(s) [df12c920-952d-4704-9c70-1a288e2f77c7<-875da3d9-0dec-46c7-88bf-73f7a2372b64#0:FAIL-t129, df12c920-952d-4704-9c70-1a288e2f77c7<-9ceef694-dbcf-4070-b7b1-3b3c65b6a699#0:FAIL-t129] and 0 exception(s); df12c920-952d-4704-9c70-1a288e2f77c7@group-75987F7FE399:t129, leader=null, voted=df12c920-952d-4704-9c70-1a288e2f77c7, raftlog=df12c920-952d-4704-9c70-1a288e2f77c7@group-75987F7FE399-SegmentedRaftLog:OPENED:c-1,f-1,i0, conf=-1: [875da3d9-0dec-46c7-88bf-73f7a2372b64:192.168.69.89:39990, df12c920-952d-4704-9c70-1a288e2f77c7:192.168.69.89:43948, 9ceef694-dbcf-4070-b7b1-3b3c65b6a699:192.168.69.89:36536], old=null
2019-10-20 10:28:25,964 [df12c920-952d-4704-9c70-1a288e2f77c7@group-75987F7FE399-LeaderElection114] INFO  impl.RaftServerImpl (RaftServerImpl.java:setRole(184)) - df12c920-952d-4704-9c70-1a288e2f77c7@group-75987F7FE399: changes role from CANDIDATE to FOLLOWER at term 129 for DISCOVERED_A_NEW_TERM
2019-10-20 10:28:25,964 [df12c920-952d-4704-9c70-1a288e2f77c7@group-75987F7FE399-LeaderElection114] INFO  impl.RoleInfo (RoleInfo.java:shutdownLeaderElection(134)) - df12c920-952d-4704-9c70-1a288e2f77c7: shutdown LeaderElection
2019-10-20 10:28:25,964 [df12c920-952d-4704-9c70-1a288e2f77c7@group-75987F7FE399-LeaderElection114] INFO  impl.RoleInfo (RoleInfo.java:updateAndGet(143)) - df12c920-952d-4704-9c70-1a288e2f77c7: start FollowerState
2019-10-20 10:28:26,018 [Thread-1006] INFO  impl.FollowerState (FollowerState.java:run(108)) - df12c920-952d-4704-9c70-1a288e2f77c7@group-75987F7FE399-FollowerState: change to CANDIDATE, lastRpcTime:53ms, electionTimeout:53ms
2019-10-20 10:28:26,018 [Thread-1006] INFO  impl.RoleInfo (RoleInfo.java:shutdownFollowerState(121)) - df12c920-952d-4704-9c70-1a288e2f77c7: shutdown FollowerState
2019-10-20 10:28:26,018 [Thread-1006] INFO  impl.RaftServerImpl (RaftServerImpl.java:setRole(184)) - df12c920-952d-4704-9c70-1a288e2f77c7@group-75987F7FE399: changes role from  FOLLOWER to CANDIDATE at term 129 for changeToCandidate
2019-10-20 10:28:26,018 [Thread-1006] INFO  impl.RoleInfo (RoleInfo.java:updateAndGet(143)) - df12c920-952d-4704-9c70-1a288e2f77c7: start LeaderElection
2019-10-20 10:28:26,044 [df12c920-952d-4704-9c70-1a288e2f77c7@group-75987F7FE399-LeaderElection115] INFO  impl.LeaderElection (LeaderElection.java:askForVotes(178)) - df12c920-952d-4704-9c70-1a288e2f77c7@group-75987F7FE399-LeaderElection115: begin an election at term 130 for -1: [875da3d9-0dec-46c7-88bf-73f7a2372b64:192.168.69.89:39990, df12c920-952d-4704-9c70-1a288e2f77c7:192.168.69.89:43948, 9ceef694-dbcf-4070-b7b1-3b3c65b6a699:192.168.69.89:36536], old=null
2019-10-20 10:28:26,047 [grpc-default-executor-1] INFO  impl.RaftServerImpl (RaftServerImpl.java:setRole(184)) - 875da3d9-0dec-46c7-88bf-73f7a2372b64@group-75987F7FE399: changes role from  FOLLOWER to FOLLOWER at term 130 for recognizeCandidate:df12c920-952d-4704-9c70-1a288e2f77c7
2019-10-20 10:28:26,047 [grpc-default-executor-1] INFO  impl.RoleInfo (RoleInfo.java:shutdownFollowerState(121)) - 875da3d9-0dec-46c7-88bf-73f7a2372b64: shutdown FollowerState
2019-10-20 10:28:26,047 [grpc-default-executor-1] INFO  impl.RoleInfo (RoleInfo.java:updateAndGet(143)) - 875da3d9-0dec-46c7-88bf-73f7a2372b64: start FollowerState
2019-10-20 10:28:26,047 [Thread-1005] INFO  impl.FollowerState (FollowerState.java:run(117)) - 875da3d9-0dec-46c7-88bf-73f7a2372b64@group-75987F7FE399-FollowerState was interrupted: java.lang.InterruptedException: sleep interrupted
2019-10-20 10:28:26,047 [grpc-default-executor-3] INFO  impl.RaftServerImpl (RaftServerImpl.java:setRole(184)) - 9ceef694-dbcf-4070-b7b1-3b3c65b6a699@group-75987F7FE399: changes role from  FOLLOWER to FOLLOWER at term 130 for recognizeCandidate:df12c920-952d-4704-9c70-1a288e2f77c7
2019-10-20 10:28:26,048 [grpc-default-executor-3] INFO  impl.RoleInfo (RoleInfo.java:shutdownFollowerState(121)) - 9ceef694-dbcf-4070-b7b1-3b3c65b6a699: shutdown FollowerState
2019-10-20 10:28:26,048 [grpc-default-executor-3] INFO  impl.RoleInfo (RoleInfo.java:updateAndGet(143)) - 9ceef694-dbcf-4070-b7b1-3b3c65b6a699: start FollowerState
2019-10-20 10:28:26,048 [Thread-1004] INFO  impl.FollowerState (FollowerState.java:run(117)) - 9ceef694-dbcf-4070-b7b1-3b3c65b6a699@group-75987F7FE399-FollowerState was interrupted: java.lang.InterruptedException: sleep interrupted
2019-10-20 10:28:26,063 [df12c920-952d-4704-9c70-1a288e2f77c7@group-75987F7FE399-LeaderElection115] INFO  impl.LeaderElection (LeaderElection.java:logAndReturn(56)) - df12c920-952d-4704-9c70-1a288e2f77c7@group-75987F7FE399-LeaderElection115: Election REJECTED; received 2 response(s) [df12c920-952d-4704-9c70-1a288e2f77c7<-875da3d9-0dec-46c7-88bf-73f7a2372b64#0:FAIL-t130, df12c920-952d-4704-9c70-1a288e2f77c7<-9ceef694-dbcf-4070-b7b1-3b3c65b6a699#0:FAIL-t130] and 0 exception(s); df12c920-952d-4704-9c70-1a288e2f77c7@group-75987F7FE399:t130, leader=null, voted=df12c920-952d-4704-9c70-1a288e2f77c7, raftlog=df12c920-952d-4704-9c70-1a288e2f77c7@group-75987F7FE399-SegmentedRaftLog:OPENED:c-1,f-1,i0, conf=-1: [875da3d9-0dec-46c7-88bf-73f7a2372b64:192.168.69.89:39990, df12c920-952d-4704-9c70-1a288e2f77c7:192.168.69.89:43948, 9ceef694-dbcf-4070-b7b1-3b3c65b6a699:192.168.69.89:36536], old=null
2019-10-20 10:28:26,063 [df12c920-952d-4704-9c70-1a288e2f77c7@group-75987F7FE399-LeaderElection115] INFO  impl.RaftServerImpl (RaftServerImpl.java:setRole(184)) - df12c920-952d-4704-9c70-1a288e2f77c7@group-75987F7FE399: changes role from CANDIDATE to FOLLOWER at term 130 for DISCOVERED_A_NEW_TERM
2019-10-20 10:28:26,063 [df12c920-952d-4704-9c70-1a288e2f77c7@group-75987F7FE399-LeaderElection115] INFO  impl.RoleInfo (RoleInfo.java:shutdownLeaderElection(134)) - df12c920-952d-4704-9c70-1a288e2f77c7: shutdown LeaderElection
2019-10-20 10:28:26,063 [df12c920-952d-4704-9c70-1a288e2f77c7@group-75987F7FE399-LeaderElection115] INFO  impl.RoleInfo (RoleInfo.java:updateAndGet(143)) - df12c920-952d-4704-9c70-1a288e2f77c7: start FollowerState
2019-10-20 10:28:26,191 [Thread-1012] INFO  impl.FollowerState (FollowerState.java:run(108)) - df12c920-952d-4704-9c70-1a288e2f77c7@group-75987F7FE399-FollowerState: change to CANDIDATE, lastRpcTime:127ms, electionTimeout:127ms
2019-10-20 10:28:26,192 [Thread-1012] INFO  impl.RoleInfo (RoleInfo.java:shutdownFollowerState(121)) - df12c920-952d-4704-9c70-1a288e2f77c7: shutdown FollowerState
2019-10-20 10:28:26,193 [Thread-1012] INFO  impl.RaftServerImpl (RaftServerImpl.java:setRole(184)) - df12c920-952d-4704-9c70-1a288e2f77c7@group-75987F7FE399: changes role from  FOLLOWER to CANDIDATE at term 130 for changeToCandidate
2019-10-20 10:28:26,193 [Thread-1012] INFO  impl.RoleInfo (RoleInfo.java:updateAndGet(143)) - df12c920-952d-4704-9c70-1a288e2f77c7: start LeaderElection
2019-10-20 10:28:26,211 [df12c920-952d-4704-9c70-1a288e2f77c7@group-75987F7FE399-LeaderElection116] INFO  impl.LeaderElection (LeaderElection.java:askForVotes(178)) - df12c920-952d-4704-9c70-1a288e2f77c7@group-75987F7FE399-LeaderElection116: begin an election at term 131 for -1: [875da3d9-0dec-46c7-88bf-73f7a2372b64:192.168.69.89:39990, df12c920-952d-4704-9c70-1a288e2f77c7:192.168.69.89:43948, 9ceef694-dbcf-4070-b7b1-3b3c65b6a699:192.168.69.89:36536], old=null
2019-10-20 10:28:26,220 [grpc-default-executor-1] INFO  impl.RaftServerImpl (RaftServerImpl.java:setRole(184)) - 875da3d9-0dec-46c7-88bf-73f7a2372b64@group-75987F7FE399: changes role from  FOLLOWER to FOLLOWER at term 131 for recognizeCandidate:df12c920-952d-4704-9c70-1a288e2f77c7
2019-10-20 10:28:26,220 [grpc-default-executor-3] INFO  impl.RaftServerImpl (RaftServerImpl.java:setRole(184)) - 9ceef694-dbcf-4070-b7b1-3b3c65b6a699@group-75987F7FE399: changes role from  FOLLOWER to FOLLOWER at term 131 for recognizeCandidate:df12c920-952d-4704-9c70-1a288e2f77c7
2019-10-20 10:28:26,220 [grpc-default-executor-3] INFO  impl.RoleInfo (RoleInfo.java:shutdownFollowerState(121)) - 9ceef694-dbcf-4070-b7b1-3b3c65b6a699: shutdown FollowerState
2019-10-20 10:28:26,220 [grpc-default-executor-1] INFO  impl.RoleInfo (RoleInfo.java:shutdownFollowerState(121)) - 875da3d9-0dec-46c7-88bf-73f7a2372b64: shutdown FollowerState
2019-10-20 10:28:26,221 [grpc-default-executor-3] INFO  impl.RoleInfo (RoleInfo.java:updateAndGet(143)) - 9ceef694-dbcf-4070-b7b1-3b3c65b6a699: start FollowerState
2019-10-20 10:28:26,221 [Thread-1010] INFO  impl.FollowerState (FollowerState.java:run(117)) - 875da3d9-0dec-46c7-88bf-73f7a2372b64@group-75987F7FE399-FollowerState was interrupted: java.lang.InterruptedException: sleep interrupted
2019-10-20 10:28:26,221 [grpc-default-executor-1] INFO  impl.RoleInfo (RoleInfo.java:updateAndGet(143)) - 875da3d9-0dec-46c7-88bf-73f7a2372b64: start FollowerState
2019-10-20 10:28:26,221 [Thread-1011] INFO  impl.FollowerState (FollowerState.java:run(117)) - 9ceef694-dbcf-4070-b7b1-3b3c65b6a699@group-75987F7FE399-FollowerState was interrupted: java.lang.InterruptedException: sleep interrupted
2019-10-20 10:28:26,222 [df12c920-952d-4704-9c70-1a288e2f77c7@group-75987F7FE399-LeaderElection116] INFO  impl.LeaderElection (LeaderElection.java:logAndReturn(56)) - df12c920-952d-4704-9c70-1a288e2f77c7@group-75987F7FE399-LeaderElection116: Election TIMEOUT; received 0 response(s) [] and 0 exception(s); df12c920-952d-4704-9c70-1a288e2f77c7@group-75987F7FE399:t131, leader=null, voted=df12c920-952d-4704-9c70-1a288e2f77c7, raftlog=df12c920-952d-4704-9c70-1a288e2f77c7@group-75987F7FE399-SegmentedRaftLog:OPENED:c-1,f-1,i0, conf=-1: [875da3d9-0dec-46c7-88bf-73f7a2372b64:192.168.69.89:39990, df12c920-952d-4704-9c70-1a288e2f77c7:192.168.69.89:43948, 9ceef694-dbcf-4070-b7b1-3b3c65b6a699:192.168.69.89:36536], old=null
2019-10-20 10:28:26,235 [df12c920-952d-4704-9c70-1a288e2f77c7@group-75987F7FE399-LeaderElection116] INFO  impl.LeaderElection (LeaderElection.java:askForVotes(178)) - df12c920-952d-4704-9c70-1a288e2f77c7@group-75987F7FE399-LeaderElection116: begin an election at term 132 for -1: [875da3d9-0dec-46c7-88bf-73f7a2372b64:192.168.69.89:39990, df12c920-952d-4704-9c70-1a288e2f77c7:192.168.69.89:43948, 9ceef694-dbcf-4070-b7b1-3b3c65b6a699:192.168.69.89:36536], old=null
2019-10-20 10:28:26,237 [grpc-default-executor-1] INFO  impl.RaftServerImpl (RaftServerImpl.java:setRole(184)) - 875da3d9-0dec-46c7-88bf-73f7a2372b64@group-75987F7FE399: changes role from  FOLLOWER to FOLLOWER at term 132 for recognizeCandidate:df12c920-952d-4704-9c70-1a288e2f77c7
2019-10-20 10:28:26,237 [grpc-default-executor-1] INFO  impl.RoleInfo (RoleInfo.java:shutdownFollowerState(121)) - 875da3d9-0dec-46c7-88bf-73f7a2372b64: shutdown FollowerState
2019-10-20 10:28:26,238 [grpc-default-executor-1] INFO  impl.RoleInfo (RoleInfo.java:updateAndGet(143)) - 875da3d9-0dec-46c7-88bf-73f7a2372b64: start FollowerState
2019-10-20 10:28:26,238 [Thread-1017] INFO  impl.FollowerState (FollowerState.java:run(117)) - 875da3d9-0dec-46c7-88bf-73f7a2372b64@group-75987F7FE399-FollowerState was interrupted: java.lang.InterruptedException: sleep interrupted
2019-10-20 10:28:26,238 [grpc-default-executor-3] INFO  impl.RaftServerImpl (RaftServerImpl.java:setRole(184)) - 9ceef694-dbcf-4070-b7b1-3b3c65b6a699@group-75987F7FE399: changes role from  FOLLOWER to FOLLOWER at term 132 for recognizeCandidate:df12c920-952d-4704-9c70-1a288e2f77c7
2019-10-20 10:28:26,238 [grpc-default-executor-3] INFO  impl.RoleInfo (RoleInfo.java:shutdownFollowerState(121)) - 9ceef694-dbcf-4070-b7b1-3b3c65b6a699: shutdown FollowerState
2019-10-20 10:28:26,238 [grpc-default-executor-3] INFO  impl.RoleInfo (RoleInfo.java:updateAndGet(143)) - 9ceef694-dbcf-4070-b7b1-3b3c65b6a699: start FollowerState
2019-10-20 10:28:26,238 [Thread-1016] INFO  impl.FollowerState (FollowerState.java:run(117)) - 9ceef694-dbcf-4070-b7b1-3b3c65b6a699@group-75987F7FE399-FollowerState was interrupted: java.lang.InterruptedException: sleep interrupted
2019-10-20 10:28:26,264 [df12c920-952d-4704-9c70-1a288e2f77c7@group-75987F7FE399-LeaderElection116] INFO  impl.LeaderElection (LeaderElection.java:logAndReturn(56)) - df12c920-952d-4704-9c70-1a288e2f77c7@group-75987F7FE399-LeaderElection116: Election REJECTED; received 2 response(s) [df12c920-952d-4704-9c70-1a288e2f77c7<-875da3d9-0dec-46c7-88bf-73f7a2372b64#0:FAIL-t132, df12c920-952d-4704-9c70-1a288e2f77c7<-9ceef694-dbcf-4070-b7b1-3b3c65b6a699#0:FAIL-t132] and 0 exception(s); df12c920-952d-4704-9c70-1a288e2f77c7@group-75987F7FE399:t132, leader=null, voted=df12c920-952d-4704-9c70-1a288e2f77c7, raftlog=df12c920-952d-4704-9c70-1a288e2f77c7@group-75987F7FE399-SegmentedRaftLog:OPENED:c-1,f-1,i0, conf=-1: [875da3d9-0dec-46c7-88bf-73f7a2372b64:192.168.69.89:39990, df12c920-952d-4704-9c70-1a288e2f77c7:192.168.69.89:43948, 9ceef694-dbcf-4070-b7b1-3b3c65b6a699:192.168.69.89:36536], old=null
2019-10-20 10:28:26,264 [df12c920-952d-4704-9c70-1a288e2f77c7@group-75987F7FE399-LeaderElection116] INFO  impl.RaftServerImpl (RaftServerImpl.java:setRole(184)) - df12c920-952d-4704-9c70-1a288e2f77c7@group-75987F7FE399: changes role from CANDIDATE to FOLLOWER at term 132 for DISCOVERED_A_NEW_TERM
2019-10-20 10:28:26,264 [df12c920-952d-4704-9c70-1a288e2f77c7@group-75987F7FE399-LeaderElection116] INFO  impl.RoleInfo (RoleInfo.java:shutdownLeaderElection(134)) - df12c920-952d-4704-9c70-1a288e2f77c7: shutdown LeaderElection
2019-10-20 10:28:26,264 [df12c920-952d-4704-9c70-1a288e2f77c7@group-75987F7FE399-LeaderElection116] INFO  impl.RoleInfo (RoleInfo.java:updateAndGet(143)) - df12c920-952d-4704-9c70-1a288e2f77c7: start FollowerState
2019-10-20 10:28:26,279 [Thread-1022] INFO  impl.FollowerState (FollowerState.java:run(108)) - df12c920-952d-4704-9c70-1a288e2f77c7@group-75987F7FE399-FollowerState: change to CANDIDATE, lastRpcTime:14ms, electionTimeout:14ms
2019-10-20 10:28:26,279 [Thread-1022] INFO  impl.RoleInfo (RoleInfo.java:shutdownFollowerState(121)) - df12c920-952d-4704-9c70-1a288e2f77c7: shutdown FollowerState
2019-10-20 10:28:26,279 [Thread-1022] INFO  impl.RaftServerImpl (RaftServerImpl.java:setRole(184)) - df12c920-952d-4704-9c70-1a288e2f77c7@group-75987F7FE399: changes role from  FOLLOWER to CANDIDATE at term 132 for changeToCandidate
2019-10-20 10:28:26,279 [Thread-1022] INFO  impl.RoleInfo (RoleInfo.java:updateAndGet(143)) - df12c920-952d-4704-9c70-1a288e2f77c7: start LeaderElection
2019-10-20 10:28:26,294 [df12c920-952d-4704-9c70-1a288e2f77c7@group-75987F7FE399-LeaderElection117] INFO  impl.LeaderElection (LeaderElection.java:askForVotes(178)) - df12c920-952d-4704-9c70-1a288e2f77c7@group-75987F7FE399-LeaderElection117: begin an election at term 133 for -1: [875da3d9-0dec-46c7-88bf-73f7a2372b64:192.168.69.89:39990, df12c920-952d-4704-9c70-1a288e2f77c7:192.168.69.89:43948, 9ceef694-dbcf-4070-b7b1-3b3c65b6a699:192.168.69.89:36536], old=null
2019-10-20 10:28:26,297 [grpc-default-executor-3] INFO  impl.RaftServerImpl (RaftServerImpl.java:setRole(184)) - 875da3d9-0dec-46c7-88bf-73f7a2372b64@group-75987F7FE399: changes role from  FOLLOWER to FOLLOWER at term 133 for recognizeCandidate:df12c920-952d-4704-9c70-1a288e2f77c7
2019-10-20 10:28:26,297 [grpc-default-executor-3] INFO  impl.RoleInfo (RoleInfo.java:shutdownFollowerState(121)) - 875da3d9-0dec-46c7-88bf-73f7a2372b64: shutdown FollowerState
2019-10-20 10:28:26,297 [grpc-default-executor-3] INFO  impl.RoleInfo (RoleInfo.java:updateAndGet(143)) - 875da3d9-0dec-46c7-88bf-73f7a2372b64: start FollowerState
2019-10-20 10:28:26,297 [Thread-1020] INFO  impl.FollowerState (FollowerState.java:run(117)) - 875da3d9-0dec-46c7-88bf-73f7a2372b64@group-75987F7FE399-FollowerState was interrupted: java.lang.InterruptedException: sleep interrupted
2019-10-20 10:28:26,297 [grpc-default-executor-1] INFO  impl.RaftServerImpl (RaftServerImpl.java:setRole(184)) - 9ceef694-dbcf-4070-b7b1-3b3c65b6a699@group-75987F7FE399: changes role from  FOLLOWER to FOLLOWER at term 133 for recognizeCandidate:df12c920-952d-4704-9c70-1a288e2f77c7
2019-10-20 10:28:26,297 [grpc-default-executor-1] INFO  impl.RoleInfo (RoleInfo.java:shutdownFollowerState(121)) - 9ceef694-dbcf-4070-b7b1-3b3c65b6a699: shutdown FollowerState
2019-10-20 10:28:26,298 [grpc-default-executor-1] INFO  impl.RoleInfo (RoleInfo.java:updateAndGet(143)) - 9ceef694-dbcf-4070-b7b1-3b3c65b6a699: start FollowerState
2019-10-20 10:28:26,298 [Thread-1021] INFO  impl.FollowerState (FollowerState.java:run(117)) - 9ceef694-dbcf-4070-b7b1-3b3c65b6a699@group-75987F7FE399-FollowerState was interrupted: java.lang.InterruptedException: sleep interrupted
2019-10-20 10:28:26,324 [df12c920-952d-4704-9c70-1a288e2f77c7@group-75987F7FE399-LeaderElection117] INFO  impl.LeaderElection (LeaderElection.java:logAndReturn(56)) - df12c920-952d-4704-9c70-1a288e2f77c7@group-75987F7FE399-LeaderElection117: Election REJECTED; received 2 response(s) [df12c920-952d-4704-9c70-1a288e2f77c7<-875da3d9-0dec-46c7-88bf-73f7a2372b64#0:FAIL-t133, df12c920-952d-4704-9c70-1a288e2f77c7<-9ceef694-dbcf-4070-b7b1-3b3c65b6a699#0:FAIL-t133] and 0 exception(s); df12c920-952d-4704-9c70-1a288e2f77c7@group-75987F7FE399:t133, leader=null, voted=df12c920-952d-4704-9c70-1a288e2f77c7, raftlog=df12c920-952d-4704-9c70-1a288e2f77c7@group-75987F7FE399-SegmentedRaftLog:OPENED:c-1,f-1,i0, conf=-1: [875da3d9-0dec-46c7-88bf-73f7a2372b64:192.168.69.89:39990, df12c920-952d-4704-9c70-1a288e2f77c7:192.168.69.89:43948, 9ceef694-dbcf-4070-b7b1-3b3c65b6a699:192.168.69.89:36536], old=null
2019-10-20 10:28:26,324 [df12c920-952d-4704-9c70-1a288e2f77c7@group-75987F7FE399-LeaderElection117] INFO  impl.RaftServerImpl (RaftServerImpl.java:setRole(184)) - df12c920-952d-4704-9c70-1a288e2f77c7@group-75987F7FE399: changes role from CANDIDATE to FOLLOWER at term 133 for DISCOVERED_A_NEW_TERM
2019-10-20 10:28:26,324 [df12c920-952d-4704-9c70-1a288e2f77c7@group-75987F7FE399-LeaderElection117] INFO  impl.RoleInfo (RoleInfo.java:shutdownLeaderElection(134)) - df12c920-952d-4704-9c70-1a288e2f77c7: shutdown LeaderElection
2019-10-20 10:28:26,324 [df12c920-952d-4704-9c70-1a288e2f77c7@group-75987F7FE399-LeaderElection117] INFO  impl.RoleInfo (RoleInfo.java:updateAndGet(143)) - df12c920-952d-4704-9c70-1a288e2f77c7: start FollowerState
2019-10-20 10:28:26,478 [Thread-1028] INFO  impl.FollowerState (FollowerState.java:run(108)) - df12c920-952d-4704-9c70-1a288e2f77c7@group-75987F7FE399-FollowerState: change to CANDIDATE, lastRpcTime:153ms, electionTimeout:153ms
2019-10-20 10:28:26,478 [Thread-1028] INFO  impl.RoleInfo (RoleInfo.java:shutdownFollowerState(121)) - df12c920-952d-4704-9c70-1a288e2f77c7: shutdown FollowerState
2019-10-20 10:28:26,478 [Thread-1028] INFO  impl.RaftServerImpl (RaftServerImpl.java:setRole(184)) - df12c920-952d-4704-9c70-1a288e2f77c7@group-75987F7FE399: changes role from  FOLLOWER to CANDIDATE at term 133 for changeToCandidate
2019-10-20 10:28:26,478 [Thread-1028] INFO  impl.RoleInfo (RoleInfo.java:updateAndGet(143)) - df12c920-952d-4704-9c70-1a288e2f77c7: start LeaderElection
2019-10-20 10:28:26,510 [df12c920-952d-4704-9c70-1a288e2f77c7@group-75987F7FE399-LeaderElection118] INFO  impl.LeaderElection (LeaderElection.java:askForVotes(178)) - df12c920-952d-4704-9c70-1a288e2f77c7@group-75987F7FE399-LeaderElection118: begin an election at term 134 for -1: [875da3d9-0dec-46c7-88bf-73f7a2372b64:192.168.69.89:39990, df12c920-952d-4704-9c70-1a288e2f77c7:192.168.69.89:43948, 9ceef694-dbcf-4070-b7b1-3b3c65b6a699:192.168.69.89:36536], old=null
2019-10-20 10:28:26,512 [grpc-default-executor-3] INFO  impl.RaftServerImpl (RaftServerImpl.java:setRole(184)) - 875da3d9-0dec-46c7-88bf-73f7a2372b64@group-75987F7FE399: changes role from  FOLLOWER to FOLLOWER at term 134 for recognizeCandidate:df12c920-952d-4704-9c70-1a288e2f77c7
2019-10-20 10:28:26,512 [grpc-default-executor-3] INFO  impl.RoleInfo (RoleInfo.java:shutdownFollowerState(121)) - 875da3d9-0dec-46c7-88bf-73f7a2372b64: shutdown FollowerState
2019-10-20 10:28:26,512 [grpc-default-executor-3] INFO  impl.RoleInfo (RoleInfo.java:updateAndGet(143)) - 875da3d9-0dec-46c7-88bf-73f7a2372b64: start FollowerState
2019-10-20 10:28:26,512 [Thread-1026] INFO  impl.FollowerState (FollowerState.java:run(117)) - 875da3d9-0dec-46c7-88bf-73f7a2372b64@group-75987F7FE399-FollowerState was interrupted: java.lang.InterruptedException: sleep interrupted
2019-10-20 10:28:26,513 [grpc-default-executor-1] INFO  impl.RaftServerImpl (RaftServerImpl.java:setRole(184)) - 9ceef694-dbcf-4070-b7b1-3b3c65b6a699@group-75987F7FE399: changes role from  FOLLOWER to FOLLOWER at term 134 for recognizeCandidate:df12c920-952d-4704-9c70-1a288e2f77c7
2019-10-20 10:28:26,513 [grpc-default-executor-1] INFO  impl.RoleInfo (RoleInfo.java:shutdownFollowerState(121)) - 9ceef694-dbcf-4070-b7b1-3b3c65b6a699: shutdown FollowerState
2019-10-20 10:28:26,513 [grpc-default-executor-1] INFO  impl.RoleInfo (RoleInfo.java:updateAndGet(143)) - 9ceef694-dbcf-4070-b7b1-3b3c65b6a699: start FollowerState
2019-10-20 10:28:26,513 [Thread-1027] INFO  impl.FollowerState (FollowerState.java:run(117)) - 9ceef694-dbcf-4070-b7b1-3b3c65b6a699@group-75987F7FE399-FollowerState was interrupted: java.lang.InterruptedException: sleep interrupted
2019-10-20 10:28:26,528 [df12c920-952d-4704-9c70-1a288e2f77c7@group-75987F7FE399-LeaderElection118] INFO  impl.LeaderElection (LeaderElection.java:logAndReturn(56)) - df12c920-952d-4704-9c70-1a288e2f77c7@group-75987F7FE399-LeaderElection118: Election REJECTED; received 2 response(s) [df12c920-952d-4704-9c70-1a288e2f77c7<-875da3d9-0dec-46c7-88bf-73f7a2372b64#0:FAIL-t134, df12c920-952d-4704-9c70-1a288e2f77c7<-9ceef694-dbcf-4070-b7b1-3b3c65b6a699#0:FAIL-t134] and 0 exception(s); df12c920-952d-4704-9c70-1a288e2f77c7@group-75987F7FE399:t134, leader=null, voted=df12c920-952d-4704-9c70-1a288e2f77c7, raftlog=df12c920-952d-4704-9c70-1a288e2f77c7@group-75987F7FE399-SegmentedRaftLog:OPENED:c-1,f-1,i0, conf=-1: [875da3d9-0dec-46c7-88bf-73f7a2372b64:192.168.69.89:39990, df12c920-952d-4704-9c70-1a288e2f77c7:192.168.69.89:43948, 9ceef694-dbcf-4070-b7b1-3b3c65b6a699:192.168.69.89:36536], old=null
2019-10-20 10:28:26,529 [df12c920-952d-4704-9c70-1a288e2f77c7@group-75987F7FE399-LeaderElection118] INFO  impl.RaftServerImpl (RaftServerImpl.java:setRole(184)) - df12c920-952d-4704-9c70-1a288e2f77c7@group-75987F7FE399: changes role from CANDIDATE to FOLLOWER at term 134 for DISCOVERED_A_NEW_TERM
2019-10-20 10:28:26,529 [df12c920-952d-4704-9c70-1a288e2f77c7@group-75987F7FE399-LeaderElection118] INFO  impl.RoleInfo (RoleInfo.java:shutdownLeaderElection(134)) - df12c920-952d-4704-9c70-1a288e2f77c7: shutdown LeaderElection
2019-10-20 10:28:26,529 [df12c920-952d-4704-9c70-1a288e2f77c7@group-75987F7FE399-LeaderElection118] INFO  impl.RoleInfo (RoleInfo.java:updateAndGet(143)) - df12c920-952d-4704-9c70-1a288e2f77c7: start FollowerState
2019-10-20 10:28:26,544 [Thread-1034] INFO  impl.FollowerState (FollowerState.java:run(108)) - df12c920-952d-4704-9c70-1a288e2f77c7@group-75987F7FE399-FollowerState: change to CANDIDATE, lastRpcTime:15ms, electionTimeout:15ms
2019-10-20 10:28:26,545 [Thread-1034] INFO  impl.RoleInfo (RoleInfo.java:shutdownFollowerState(121)) - df12c920-952d-4704-9c70-1a288e2f77c7: shutdown FollowerState
2019-10-20 10:28:26,545 [Thread-1034] INFO  impl.RaftServerImpl (RaftServerImpl.java:setRole(184)) - df12c920-952d-4704-9c70-1a288e2f77c7@group-75987F7FE399: changes role from  FOLLOWER to CANDIDATE at term 134 for changeToCandidate
2019-10-20 10:28:26,545 [Thread-1034] INFO  impl.RoleInfo (RoleInfo.java:updateAndGet(143)) - df12c920-952d-4704-9c70-1a288e2f77c7: start LeaderElection
2019-10-20 10:28:26,566 [df12c920-952d-4704-9c70-1a288e2f77c7@group-75987F7FE399-LeaderElection119] INFO  impl.LeaderElection (LeaderElection.java:askForVotes(178)) - df12c920-952d-4704-9c70-1a288e2f77c7@group-75987F7FE399-LeaderElection119: begin an election at term 135 for -1: [875da3d9-0dec-46c7-88bf-73f7a2372b64:192.168.69.89:39990, df12c920-952d-4704-9c70-1a288e2f77c7:192.168.69.89:43948, 9ceef694-dbcf-4070-b7b1-3b3c65b6a699:192.168.69.89:36536], old=null
2019-10-20 10:28:26,569 [grpc-default-executor-3] INFO  impl.RaftServerImpl (RaftServerImpl.java:setRole(184)) - 875da3d9-0dec-46c7-88bf-73f7a2372b64@group-75987F7FE399: changes role from  FOLLOWER to FOLLOWER at term 135 for recognizeCandidate:df12c920-952d-4704-9c70-1a288e2f77c7
2019-10-20 10:28:26,569 [grpc-default-executor-3] INFO  impl.RoleInfo (RoleInfo.java:shutdownFollowerState(121)) - 875da3d9-0dec-46c7-88bf-73f7a2372b64: shutdown FollowerState
2019-10-20 10:28:26,569 [grpc-default-executor-3] INFO  impl.RoleInfo (RoleInfo.java:updateAndGet(143)) - 875da3d9-0dec-46c7-88bf-73f7a2372b64: start FollowerState
2019-10-20 10:28:26,569 [Thread-1032] INFO  impl.FollowerState (FollowerState.java:run(117)) - 875da3d9-0dec-46c7-88bf-73f7a2372b64@group-75987F7FE399-FollowerState was interrupted: java.lang.InterruptedException: sleep interrupted
2019-10-20 10:28:26,570 [grpc-default-executor-1] INFO  impl.RaftServerImpl (RaftServerImpl.java:setRole(184)) - 9ceef694-dbcf-4070-b7b1-3b3c65b6a699@group-75987F7FE399: changes role from  FOLLOWER to FOLLOWER at term 135 for recognizeCandidate:df12c920-952d-4704-9c70-1a288e2f77c7
2019-10-20 10:28:26,570 [grpc-default-executor-1] INFO  impl.RoleInfo (RoleInfo.java:shutdownFollowerState(121)) - 9ceef694-dbcf-4070-b7b1-3b3c65b6a699: shutdown FollowerState
2019-10-20 10:28:26,570 [grpc-default-executor-1] INFO  impl.RoleInfo (RoleInfo.java:updateAndGet(143)) - 9ceef694-dbcf-4070-b7b1-3b3c65b6a699: start FollowerState
2019-10-20 10:28:26,570 [Thread-1033] INFO  impl.FollowerState (FollowerState.java:run(117)) - 9ceef694-dbcf-4070-b7b1-3b3c65b6a699@group-75987F7FE399-FollowerState was interrupted: java.lang.InterruptedException: sleep interrupted
2019-10-20 10:28:26,585 [df12c920-952d-4704-9c70-1a288e2f77c7@group-75987F7FE399-LeaderElection119] INFO  impl.LeaderElection (LeaderElection.java:logAndReturn(56)) - df12c920-952d-4704-9c70-1a288e2f77c7@group-75987F7FE399-LeaderElection119: Election REJECTED; received 2 response(s) [df12c920-952d-4704-9c70-1a288e2f77c7<-875da3d9-0dec-46c7-88bf-73f7a2372b64#0:FAIL-t135, df12c920-952d-4704-9c70-1a288e2f77c7<-9ceef694-dbcf-4070-b7b1-3b3c65b6a699#0:FAIL-t135] and 0 exception(s); df12c920-952d-4704-9c70-1a288e2f77c7@group-75987F7FE399:t135, leader=null, voted=df12c920-952d-4704-9c70-1a288e2f77c7, raftlog=df12c920-952d-4704-9c70-1a288e2f77c7@group-75987F7FE399-SegmentedRaftLog:OPENED:c-1,f-1,i0, conf=-1: [875da3d9-0dec-46c7-88bf-73f7a2372b64:192.168.69.89:39990, df12c920-952d-4704-9c70-1a288e2f77c7:192.168.69.89:43948, 9ceef694-dbcf-4070-b7b1-3b3c65b6a699:192.168.69.89:36536], old=null
2019-10-20 10:28:26,585 [df12c920-952d-4704-9c70-1a288e2f77c7@group-75987F7FE399-LeaderElection119] INFO  impl.RaftServerImpl (RaftServerImpl.java:setRole(184)) - df12c920-952d-4704-9c70-1a288e2f77c7@group-75987F7FE399: changes role from CANDIDATE to FOLLOWER at term 135 for DISCOVERED_A_NEW_TERM
2019-10-20 10:28:26,585 [df12c920-952d-4704-9c70-1a288e2f77c7@group-75987F7FE399-LeaderElection119] INFO  impl.RoleInfo (RoleInfo.java:shutdownLeaderElection(134)) - df12c920-952d-4704-9c70-1a288e2f77c7: shutdown LeaderElection
2019-10-20 10:28:26,585 [df12c920-952d-4704-9c70-1a288e2f77c7@group-75987F7FE399-LeaderElection119] INFO  impl.RoleInfo (RoleInfo.java:updateAndGet(143)) - df12c920-952d-4704-9c70-1a288e2f77c7: start FollowerState
2019-10-20 10:28:26,757 [Thread-1040] INFO  impl.FollowerState (FollowerState.java:run(108)) - df12c920-952d-4704-9c70-1a288e2f77c7@group-75987F7FE399-FollowerState: change to CANDIDATE, lastRpcTime:171ms, electionTimeout:170ms
2019-10-20 10:28:26,757 [Thread-1040] INFO  impl.RoleInfo (RoleInfo.java:shutdownFollowerState(121)) - df12c920-952d-4704-9c70-1a288e2f77c7: shutdown FollowerState
2019-10-20 10:28:26,757 [Thread-1040] INFO  impl.RaftServerImpl (RaftServerImpl.java:setRole(184)) - df12c920-952d-4704-9c70-1a288e2f77c7@group-75987F7FE399: changes role from  FOLLOWER to CANDIDATE at term 135 for changeToCandidate
2019-10-20 10:28:26,758 [Thread-1040] INFO  impl.RoleInfo (RoleInfo.java:updateAndGet(143)) - df12c920-952d-4704-9c70-1a288e2f77c7: start LeaderElection
2019-10-20 10:28:26,773 [df12c920-952d-4704-9c70-1a288e2f77c7@group-75987F7FE399-LeaderElection120] INFO  impl.LeaderElection (LeaderElection.java:askForVotes(178)) - df12c920-952d-4704-9c70-1a288e2f77c7@group-75987F7FE399-LeaderElection120: begin an election at term 136 for -1: [875da3d9-0dec-46c7-88bf-73f7a2372b64:192.168.69.89:39990, df12c920-952d-4704-9c70-1a288e2f77c7:192.168.69.89:43948, 9ceef694-dbcf-4070-b7b1-3b3c65b6a699:192.168.69.89:36536], old=null
2019-10-20 10:28:26,776 [grpc-default-executor-3] INFO  impl.RaftServerImpl (RaftServerImpl.java:setRole(184)) - 875da3d9-0dec-46c7-88bf-73f7a2372b64@group-75987F7FE399: changes role from  FOLLOWER to FOLLOWER at term 136 for recognizeCandidate:df12c920-952d-4704-9c70-1a288e2f77c7
2019-10-20 10:28:26,776 [grpc-default-executor-3] INFO  impl.RoleInfo (RoleInfo.java:shutdownFollowerState(121)) - 875da3d9-0dec-46c7-88bf-73f7a2372b64: shutdown FollowerState
2019-10-20 10:28:26,776 [grpc-default-executor-3] INFO  impl.RoleInfo (RoleInfo.java:updateAndGet(143)) - 875da3d9-0dec-46c7-88bf-73f7a2372b64: start FollowerState
2019-10-20 10:28:26,776 [Thread-1038] INFO  impl.FollowerState (FollowerState.java:run(117)) - 875da3d9-0dec-46c7-88bf-73f7a2372b64@group-75987F7FE399-FollowerState was interrupted: java.lang.InterruptedException: sleep interrupted
2019-10-20 10:28:26,777 [grpc-default-executor-1] INFO  impl.RaftServerImpl (RaftServerImpl.java:setRole(184)) - 9ceef694-dbcf-4070-b7b1-3b3c65b6a699@group-75987F7FE399: changes role from  FOLLOWER to FOLLOWER at term 136 for recognizeCandidate:df12c920-952d-4704-9c70-1a288e2f77c7
2019-10-20 10:28:26,777 [grpc-default-executor-1] INFO  impl.RoleInfo (RoleInfo.java:shutdownFollowerState(121)) - 9ceef694-dbcf-4070-b7b1-3b3c65b6a699: shutdown FollowerState
2019-10-20 10:28:26,777 [grpc-default-executor-1] INFO  impl.RoleInfo (RoleInfo.java:updateAndGet(143)) - 9ceef694-dbcf-4070-b7b1-3b3c65b6a699: start FollowerState
2019-10-20 10:28:26,777 [Thread-1039] INFO  impl.FollowerState (FollowerState.java:run(117)) - 9ceef694-dbcf-4070-b7b1-3b3c65b6a699@group-75987F7FE399-FollowerState was interrupted: java.lang.InterruptedException: sleep interrupted
2019-10-20 10:28:26,816 [df12c920-952d-4704-9c70-1a288e2f77c7@group-75987F7FE399-LeaderElection120] INFO  impl.LeaderElection (LeaderElection.java:logAndReturn(56)) - df12c920-952d-4704-9c70-1a288e2f77c7@group-75987F7FE399-LeaderElection120: Election REJECTED; received 2 response(s) [df12c920-952d-4704-9c70-1a288e2f77c7<-875da3d9-0dec-46c7-88bf-73f7a2372b64#0:FAIL-t136, df12c920-952d-4704-9c70-1a288e2f77c7<-9ceef694-dbcf-4070-b7b1-3b3c65b6a699#0:FAIL-t136] and 0 exception(s); df12c920-952d-4704-9c70-1a288e2f77c7@group-75987F7FE399:t136, leader=null, voted=df12c920-952d-4704-9c70-1a288e2f77c7, raftlog=df12c920-952d-4704-9c70-1a288e2f77c7@group-75987F7FE399-SegmentedRaftLog:OPENED:c-1,f-1,i0, conf=-1: [875da3d9-0dec-46c7-88bf-73f7a2372b64:192.168.69.89:39990, df12c920-952d-4704-9c70-1a288e2f77c7:192.168.69.89:43948, 9ceef694-dbcf-4070-b7b1-3b3c65b6a699:192.168.69.89:36536], old=null
2019-10-20 10:28:26,816 [df12c920-952d-4704-9c70-1a288e2f77c7@group-75987F7FE399-LeaderElection120] INFO  impl.RaftServerImpl (RaftServerImpl.java:setRole(184)) - df12c920-952d-4704-9c70-1a288e2f77c7@group-75987F7FE399: changes role from CANDIDATE to FOLLOWER at term 136 for DISCOVERED_A_NEW_TERM
2019-10-20 10:28:26,816 [df12c920-952d-4704-9c70-1a288e2f77c7@group-75987F7FE399-LeaderElection120] INFO  impl.RoleInfo (RoleInfo.java:shutdownLeaderElection(134)) - df12c920-952d-4704-9c70-1a288e2f77c7: shutdown LeaderElection
2019-10-20 10:28:26,816 [df12c920-952d-4704-9c70-1a288e2f77c7@group-75987F7FE399-LeaderElection120] INFO  impl.RoleInfo (RoleInfo.java:updateAndGet(143)) - df12c920-952d-4704-9c70-1a288e2f77c7: start FollowerState
2019-10-20 10:28:26,915 [Thread-1048] INFO  impl.FollowerState (FollowerState.java:run(108)) - df12c920-952d-4704-9c70-1a288e2f77c7@group-75987F7FE399-FollowerState: change to CANDIDATE, lastRpcTime:98ms, electionTimeout:98ms
2019-10-20 10:28:26,915 [Thread-1048] INFO  impl.RoleInfo (RoleInfo.java:shutdownFollowerState(121)) - df12c920-952d-4704-9c70-1a288e2f77c7: shutdown FollowerState
2019-10-20 10:28:26,915 [Thread-1048] INFO  impl.RaftServerImpl (RaftServerImpl.java:setRole(184)) - df12c920-952d-4704-9c70-1a288e2f77c7@group-75987F7FE399: changes role from  FOLLOWER to CANDIDATE at term 136 for changeToCandidate
2019-10-20 10:28:26,915 [Thread-1048] INFO  impl.RoleInfo (RoleInfo.java:updateAndGet(143)) - df12c920-952d-4704-9c70-1a288e2f77c7: start LeaderElection
2019-10-20 10:28:26,941 [df12c920-952d-4704-9c70-1a288e2f77c7@group-75987F7FE399-LeaderElection121] INFO  impl.LeaderElection (LeaderElection.java:askForVotes(178)) - df12c920-952d-4704-9c70-1a288e2f77c7@group-75987F7FE399-LeaderElection121: begin an election at term 137 for -1: [875da3d9-0dec-46c7-88bf-73f7a2372b64:192.168.69.89:39990, df12c920-952d-4704-9c70-1a288e2f77c7:192.168.69.89:43948, 9ceef694-dbcf-4070-b7b1-3b3c65b6a699:192.168.69.89:36536], old=null
2019-10-20 10:28:26,944 [grpc-default-executor-1] INFO  impl.RaftServerImpl (RaftServerImpl.java:setRole(184)) - 875da3d9-0dec-46c7-88bf-73f7a2372b64@group-75987F7FE399: changes role from  FOLLOWER to FOLLOWER at term 137 for recognizeCandidate:df12c920-952d-4704-9c70-1a288e2f77c7
2019-10-20 10:28:26,944 [grpc-default-executor-1] INFO  impl.RoleInfo (RoleInfo.java:shutdownFollowerState(121)) - 875da3d9-0dec-46c7-88bf-73f7a2372b64: shutdown FollowerState
2019-10-20 10:28:26,944 [grpc-default-executor-3] INFO  impl.RaftServerImpl (RaftServerImpl.java:setRole(184)) - 9ceef694-dbcf-4070-b7b1-3b3c65b6a699@group-75987F7FE399: changes role from  FOLLOWER to FOLLOWER at term 137 for recognizeCandidate:df12c920-952d-4704-9c70-1a288e2f77c7
2019-10-20 10:28:26,945 [Thread-1046] INFO  impl.FollowerState (FollowerState.java:run(117)) - 875da3d9-0dec-46c7-88bf-73f7a2372b64@group-75987F7FE399-FollowerState was interrupted: java.lang.InterruptedException: sleep interrupted
2019-10-20 10:28:26,945 [grpc-default-executor-1] INFO  impl.RoleInfo (RoleInfo.java:updateAndGet(143)) - 875da3d9-0dec-46c7-88bf-73f7a2372b64: start FollowerState
2019-10-20 10:28:26,945 [grpc-default-executor-3] INFO  impl.RoleInfo (RoleInfo.java:shutdownFollowerState(121)) - 9ceef694-dbcf-4070-b7b1-3b3c65b6a699: shutdown FollowerState
2019-10-20 10:28:26,945 [grpc-default-executor-3] INFO  impl.RoleInfo (RoleInfo.java:updateAndGet(143)) - 9ceef694-dbcf-4070-b7b1-3b3c65b6a699: start FollowerState
2019-10-20 10:28:26,946 [Thread-1047] INFO  impl.FollowerState (FollowerState.java:run(117)) - 9ceef694-dbcf-4070-b7b1-3b3c65b6a699@group-75987F7FE399-FollowerState was interrupted: java.lang.InterruptedException: sleep interrupted
2019-10-20 10:28:26,972 [df12c920-952d-4704-9c70-1a288e2f77c7@group-75987F7FE399-LeaderElection121] INFO  impl.LeaderElection (LeaderElection.java:logAndReturn(56)) - df12c920-952d-4704-9c70-1a288e2f77c7@group-75987F7FE399-LeaderElection121: Election REJECTED; received 2 response(s) [df12c920-952d-4704-9c70-1a288e2f77c7<-875da3d9-0dec-46c7-88bf-73f7a2372b64#0:FAIL-t137, df12c920-952d-4704-9c70-1a288e2f77c7<-9ceef694-dbcf-4070-b7b1-3b3c65b6a699#0:FAIL-t137] and 0 exception(s); df12c920-952d-4704-9c70-1a288e2f77c7@group-75987F7FE399:t137, leader=null, voted=df12c920-952d-4704-9c70-1a288e2f77c7, raftlog=df12c920-952d-4704-9c70-1a288e2f77c7@group-75987F7FE399-SegmentedRaftLog:OPENED:c-1,f-1,i0, conf=-1: [875da3d9-0dec-46c7-88bf-73f7a2372b64:192.168.69.89:39990, df12c920-952d-4704-9c70-1a288e2f77c7:192.168.69.89:43948, 9ceef694-dbcf-4070-b7b1-3b3c65b6a699:192.168.69.89:36536], old=null
2019-10-20 10:28:26,972 [df12c920-952d-4704-9c70-1a288e2f77c7@group-75987F7FE399-LeaderElection121] INFO  impl.RaftServerImpl (RaftServerImpl.java:setRole(184)) - df12c920-952d-4704-9c70-1a288e2f77c7@group-75987F7FE399: changes role from CANDIDATE to FOLLOWER at term 137 for DISCOVERED_A_NEW_TERM
2019-10-20 10:28:26,972 [df12c920-952d-4704-9c70-1a288e2f77c7@group-75987F7FE399-LeaderElection121] INFO  impl.RoleInfo (RoleInfo.java:shutdownLeaderElection(134)) - df12c920-952d-4704-9c70-1a288e2f77c7: shutdown LeaderElection
2019-10-20 10:28:26,972 [df12c920-952d-4704-9c70-1a288e2f77c7@group-75987F7FE399-LeaderElection121] INFO  impl.RoleInfo (RoleInfo.java:updateAndGet(143)) - df12c920-952d-4704-9c70-1a288e2f77c7: start FollowerState
2019-10-20 10:28:27,035 [Thread-1054] INFO  impl.FollowerState (FollowerState.java:run(108)) - df12c920-952d-4704-9c70-1a288e2f77c7@group-75987F7FE399-FollowerState: change to CANDIDATE, lastRpcTime:62ms, electionTimeout:62ms
2019-10-20 10:28:27,035 [Thread-1054] INFO  impl.RoleInfo (RoleInfo.java:shutdownFollowerState(121)) - df12c920-952d-4704-9c70-1a288e2f77c7: shutdown FollowerState
2019-10-20 10:28:27,035 [Thread-1054] INFO  impl.RaftServerImpl (RaftServerImpl.java:setRole(184)) - df12c920-952d-4704-9c70-1a288e2f77c7@group-75987F7FE399: changes role from  FOLLOWER to CANDIDATE at term 137 for changeToCandidate
2019-10-20 10:28:27,036 [Thread-1054] INFO  impl.RoleInfo (RoleInfo.java:updateAndGet(143)) - df12c920-952d-4704-9c70-1a288e2f77c7: start LeaderElection
2019-10-20 10:28:27,055 [df12c920-952d-4704-9c70-1a288e2f77c7@group-75987F7FE399-LeaderElection122] INFO  impl.LeaderElection (LeaderElection.java:askForVotes(178)) - df12c920-952d-4704-9c70-1a288e2f77c7@group-75987F7FE399-LeaderElection122: begin an election at term 138 for -1: [875da3d9-0dec-46c7-88bf-73f7a2372b64:192.168.69.89:39990, df12c920-952d-4704-9c70-1a288e2f77c7:192.168.69.89:43948, 9ceef694-dbcf-4070-b7b1-3b3c65b6a699:192.168.69.89:36536], old=null
2019-10-20 10:28:27,058 [grpc-default-executor-1] INFO  impl.RaftServerImpl (RaftServerImpl.java:setRole(184)) - 875da3d9-0dec-46c7-88bf-73f7a2372b64@group-75987F7FE399: changes role from  FOLLOWER to FOLLOWER at term 138 for recognizeCandidate:df12c920-952d-4704-9c70-1a288e2f77c7
2019-10-20 10:28:27,058 [grpc-default-executor-1] INFO  impl.RoleInfo (RoleInfo.java:shutdownFollowerState(121)) - 875da3d9-0dec-46c7-88bf-73f7a2372b64: shutdown FollowerState
2019-10-20 10:28:27,058 [grpc-default-executor-3] INFO  impl.RaftServerImpl (RaftServerImpl.java:setRole(184)) - 9ceef694-dbcf-4070-b7b1-3b3c65b6a699@group-75987F7FE399: changes role from  FOLLOWER to FOLLOWER at term 138 for recognizeCandidate:df12c920-952d-4704-9c70-1a288e2f77c7
2019-10-20 10:28:27,059 [Thread-1052] INFO  impl.FollowerState (FollowerState.java:run(117)) - 875da3d9-0dec-46c7-88bf-73f7a2372b64@group-75987F7FE399-FollowerState was interrupted: java.lang.InterruptedException: sleep interrupted
2019-10-20 10:28:27,058 [grpc-default-executor-1] INFO  impl.RoleInfo (RoleInfo.java:updateAndGet(143)) - 875da3d9-0dec-46c7-88bf-73f7a2372b64: start FollowerState
2019-10-20 10:28:27,059 [grpc-default-executor-3] INFO  impl.RoleInfo (RoleInfo.java:shutdownFollowerState(121)) - 9ceef694-dbcf-4070-b7b1-3b3c65b6a699: shutdown FollowerState
2019-10-20 10:28:27,059 [grpc-default-executor-3] INFO  impl.RoleInfo (RoleInfo.java:updateAndGet(143)) - 9ceef694-dbcf-4070-b7b1-3b3c65b6a699: start FollowerState
2019-10-20 10:28:27,059 [Thread-1053] INFO  impl.FollowerState (FollowerState.java:run(117)) - 9ceef694-dbcf-4070-b7b1-3b3c65b6a699@group-75987F7FE399-FollowerState was interrupted: java.lang.InterruptedException: sleep interrupted
2019-10-20 10:28:27,085 [df12c920-952d-4704-9c70-1a288e2f77c7@group-75987F7FE399-LeaderElection122] INFO  impl.LeaderElection (LeaderElection.java:logAndReturn(56)) - df12c920-952d-4704-9c70-1a288e2f77c7@group-75987F7FE399-LeaderElection122: Election REJECTED; received 2 response(s) [df12c920-952d-4704-9c70-1a288e2f77c7<-875da3d9-0dec-46c7-88bf-73f7a2372b64#0:FAIL-t138, df12c920-952d-4704-9c70-1a288e2f77c7<-9ceef694-dbcf-4070-b7b1-3b3c65b6a699#0:FAIL-t138] and 0 exception(s); df12c920-952d-4704-9c70-1a288e2f77c7@group-75987F7FE399:t138, leader=null, voted=df12c920-952d-4704-9c70-1a288e2f77c7, raftlog=df12c920-952d-4704-9c70-1a288e2f77c7@group-75987F7FE399-SegmentedRaftLog:OPENED:c-1,f-1,i0, conf=-1: [875da3d9-0dec-46c7-88bf-73f7a2372b64:192.168.69.89:39990, df12c920-952d-4704-9c70-1a288e2f77c7:192.168.69.89:43948, 9ceef694-dbcf-4070-b7b1-3b3c65b6a699:192.168.69.89:36536], old=null
2019-10-20 10:28:27,086 [df12c920-952d-4704-9c70-1a288e2f77c7@group-75987F7FE399-LeaderElection122] INFO  impl.RaftServerImpl (RaftServerImpl.java:setRole(184)) - df12c920-952d-4704-9c70-1a288e2f77c7@group-75987F7FE399: changes role from CANDIDATE to FOLLOWER at term 138 for DISCOVERED_A_NEW_TERM
2019-10-20 10:28:27,086 [df12c920-952d-4704-9c70-1a288e2f77c7@group-75987F7FE399-LeaderElection122] INFO  impl.RoleInfo (RoleInfo.java:shutdownLeaderElection(134)) - df12c920-952d-4704-9c70-1a288e2f77c7: shutdown LeaderElection
2019-10-20 10:28:27,086 [df12c920-952d-4704-9c70-1a288e2f77c7@group-75987F7FE399-LeaderElection122] INFO  impl.RoleInfo (RoleInfo.java:updateAndGet(143)) - df12c920-952d-4704-9c70-1a288e2f77c7: start FollowerState
2019-10-20 10:28:27,184 [Thread-1060] INFO  impl.FollowerState (FollowerState.java:run(108)) - df12c920-952d-4704-9c70-1a288e2f77c7@group-75987F7FE399-FollowerState: change to CANDIDATE, lastRpcTime:98ms, electionTimeout:98ms
2019-10-20 10:28:27,185 [Thread-1060] INFO  impl.RoleInfo (RoleInfo.java:shutdownFollowerState(121)) - df12c920-952d-4704-9c70-1a288e2f77c7: shutdown FollowerState
2019-10-20 10:28:27,185 [Thread-1060] INFO  impl.RaftServerImpl (RaftServerImpl.java:setRole(184)) - df12c920-952d-4704-9c70-1a288e2f77c7@group-75987F7FE399: changes role from  FOLLOWER to CANDIDATE at term 138 for changeToCandidate
2019-10-20 10:28:27,185 [Thread-1060] INFO  impl.RoleInfo (RoleInfo.java:updateAndGet(143)) - df12c920-952d-4704-9c70-1a288e2f77c7: start LeaderElection
2019-10-20 10:28:27,210 [df12c920-952d-4704-9c70-1a288e2f77c7@group-75987F7FE399-LeaderElection123] INFO  impl.LeaderElection (LeaderElection.java:askForVotes(178)) - df12c920-952d-4704-9c70-1a288e2f77c7@group-75987F7FE399-LeaderElection123: begin an election at term 139 for -1: [875da3d9-0dec-46c7-88bf-73f7a2372b64:192.168.69.89:39990, df12c920-952d-4704-9c70-1a288e2f77c7:192.168.69.89:43948, 9ceef694-dbcf-4070-b7b1-3b3c65b6a699:192.168.69.89:36536], old=null
2019-10-20 10:28:27,214 [grpc-default-executor-3] INFO  impl.RaftServerImpl (RaftServerImpl.java:setRole(184)) - 875da3d9-0dec-46c7-88bf-73f7a2372b64@group-75987F7FE399: changes role from  FOLLOWER to FOLLOWER at term 139 for recognizeCandidate:df12c920-952d-4704-9c70-1a288e2f77c7
2019-10-20 10:28:27,214 [grpc-default-executor-3] INFO  impl.RoleInfo (RoleInfo.java:shutdownFollowerState(121)) - 875da3d9-0dec-46c7-88bf-73f7a2372b64: shutdown FollowerState
2019-10-20 10:28:27,214 [grpc-default-executor-3] INFO  impl.RoleInfo (RoleInfo.java:updateAndGet(143)) - 875da3d9-0dec-46c7-88bf-73f7a2372b64: start FollowerState
2019-10-20 10:28:27,214 [grpc-default-executor-1] INFO  impl.RaftServerImpl (RaftServerImpl.java:setRole(184)) - 9ceef694-dbcf-4070-b7b1-3b3c65b6a699@group-75987F7FE399: changes role from  FOLLOWER to FOLLOWER at term 139 for recognizeCandidate:df12c920-952d-4704-9c70-1a288e2f77c7
2019-10-20 10:28:27,214 [Thread-1058] INFO  impl.FollowerState (FollowerState.java:run(117)) - 875da3d9-0dec-46c7-88bf-73f7a2372b64@group-75987F7FE399-FollowerState was interrupted: java.lang.InterruptedException: sleep interrupted
2019-10-20 10:28:27,214 [grpc-default-executor-1] INFO  impl.RoleInfo (RoleInfo.java:shutdownFollowerState(121)) - 9ceef694-dbcf-4070-b7b1-3b3c65b6a699: shutdown FollowerState
2019-10-20 10:28:27,215 [grpc-default-executor-1] INFO  impl.RoleInfo (RoleInfo.java:updateAndGet(143)) - 9ceef694-dbcf-4070-b7b1-3b3c65b6a699: start FollowerState
2019-10-20 10:28:27,215 [Thread-1059] INFO  impl.FollowerState (FollowerState.java:run(117)) - 9ceef694-dbcf-4070-b7b1-3b3c65b6a699@group-75987F7FE399-FollowerState was interrupted: java.lang.InterruptedException: sleep interrupted
2019-10-20 10:28:27,240 [df12c920-952d-4704-9c70-1a288e2f77c7@group-75987F7FE399-LeaderElection123] INFO  impl.LeaderElection (LeaderElection.java:logAndReturn(56)) - df12c920-952d-4704-9c70-1a288e2f77c7@group-75987F7FE399-LeaderElection123: Election REJECTED; received 2 response(s) [df12c920-952d-4704-9c70-1a288e2f77c7<-875da3d9-0dec-46c7-88bf-73f7a2372b64#0:FAIL-t139, df12c920-952d-4704-9c70-1a288e2f77c7<-9ceef694-dbcf-4070-b7b1-3b3c65b6a699#0:FAIL-t139] and 0 exception(s); df12c920-952d-4704-9c70-1a288e2f77c7@group-75987F7FE399:t139, leader=null, voted=df12c920-952d-4704-9c70-1a288e2f77c7, raftlog=df12c920-952d-4704-9c70-1a288e2f77c7@group-75987F7FE399-SegmentedRaftLog:OPENED:c-1,f-1,i0, conf=-1: [875da3d9-0dec-46c7-88bf-73f7a2372b64:192.168.69.89:39990, df12c920-952d-4704-9c70-1a288e2f77c7:192.168.69.89:43948, 9ceef694-dbcf-4070-b7b1-3b3c65b6a699:192.168.69.89:36536], old=null
2019-10-20 10:28:27,240 [df12c920-952d-4704-9c70-1a288e2f77c7@group-75987F7FE399-LeaderElection123] INFO  impl.RaftServerImpl (RaftServerImpl.java:setRole(184)) - df12c920-952d-4704-9c70-1a288e2f77c7@group-75987F7FE399: changes role from CANDIDATE to FOLLOWER at term 139 for DISCOVERED_A_NEW_TERM
2019-10-20 10:28:27,240 [df12c920-952d-4704-9c70-1a288e2f77c7@group-75987F7FE399-LeaderElection123] INFO  impl.RoleInfo (RoleInfo.java:shutdownLeaderElection(134)) - df12c920-952d-4704-9c70-1a288e2f77c7: shutdown LeaderElection
2019-10-20 10:28:27,241 [df12c920-952d-4704-9c70-1a288e2f77c7@group-75987F7FE399-LeaderElection123] INFO  impl.RoleInfo (RoleInfo.java:updateAndGet(143)) - df12c920-952d-4704-9c70-1a288e2f77c7: start FollowerState
2019-10-20 10:28:27,421 [Thread-1066] INFO  impl.FollowerState (FollowerState.java:run(108)) - df12c920-952d-4704-9c70-1a288e2f77c7@group-75987F7FE399-FollowerState: change to CANDIDATE, lastRpcTime:180ms, electionTimeout:180ms
2019-10-20 10:28:27,421 [Thread-1066] INFO  impl.RoleInfo (RoleInfo.java:shutdownFollowerState(121)) - df12c920-952d-4704-9c70-1a288e2f77c7: shutdown FollowerState
2019-10-20 10:28:27,422 [Thread-1066] INFO  impl.RaftServerImpl (RaftServerImpl.java:setRole(184)) - df12c920-952d-4704-9c70-1a288e2f77c7@group-75987F7FE399: changes role from  FOLLOWER to CANDIDATE at term 139 for changeToCandidate
2019-10-20 10:28:27,422 [Thread-1066] INFO  impl.RoleInfo (RoleInfo.java:updateAndGet(143)) - df12c920-952d-4704-9c70-1a288e2f77c7: start LeaderElection
2019-10-20 10:28:27,436 [df12c920-952d-4704-9c70-1a288e2f77c7@group-75987F7FE399-LeaderElection124] INFO  impl.LeaderElection (LeaderElection.java:askForVotes(178)) - df12c920-952d-4704-9c70-1a288e2f77c7@group-75987F7FE399-LeaderElection124: begin an election at term 140 for -1: [875da3d9-0dec-46c7-88bf-73f7a2372b64:192.168.69.89:39990, df12c920-952d-4704-9c70-1a288e2f77c7:192.168.69.89:43948, 9ceef694-dbcf-4070-b7b1-3b3c65b6a699:192.168.69.89:36536], old=null
2019-10-20 10:28:27,439 [grpc-default-executor-1] INFO  impl.RaftServerImpl (RaftServerImpl.java:setRole(184)) - 875da3d9-0dec-46c7-88bf-73f7a2372b64@group-75987F7FE399: changes role from  FOLLOWER to FOLLOWER at term 140 for recognizeCandidate:df12c920-952d-4704-9c70-1a288e2f77c7
2019-10-20 10:28:27,439 [grpc-default-executor-1] INFO  impl.RoleInfo (RoleInfo.java:shutdownFollowerState(121)) - 875da3d9-0dec-46c7-88bf-73f7a2372b64: shutdown FollowerState
2019-10-20 10:28:27,439 [grpc-default-executor-3] INFO  impl.RaftServerImpl (RaftServerImpl.java:setRole(184)) - 9ceef694-dbcf-4070-b7b1-3b3c65b6a699@group-75987F7FE399: changes role from  FOLLOWER to FOLLOWER at term 140 for recognizeCandidate:df12c920-952d-4704-9c70-1a288e2f77c7
2019-10-20 10:28:27,440 [Thread-1064] INFO  impl.FollowerState (FollowerState.java:run(117)) - 875da3d9-0dec-46c7-88bf-73f7a2372b64@group-75987F7FE399-FollowerState was interrupted: java.lang.InterruptedException: sleep interrupted
2019-10-20 10:28:27,440 [grpc-default-executor-1] INFO  impl.RoleInfo (RoleInfo.java:updateAndGet(143)) - 875da3d9-0dec-46c7-88bf-73f7a2372b64: start FollowerState
2019-10-20 10:28:27,440 [grpc-default-executor-3] INFO  impl.RoleInfo (RoleInfo.java:shutdownFollowerState(121)) - 9ceef694-dbcf-4070-b7b1-3b3c65b6a699: shutdown FollowerState
2019-10-20 10:28:27,440 [grpc-default-executor-3] INFO  impl.RoleInfo (RoleInfo.java:updateAndGet(143)) - 9ceef694-dbcf-4070-b7b1-3b3c65b6a699: start FollowerState
2019-10-20 10:28:27,440 [Thread-1065] INFO  impl.FollowerState (FollowerState.java:run(117)) - 9ceef694-dbcf-4070-b7b1-3b3c65b6a699@group-75987F7FE399-FollowerState was interrupted: java.lang.InterruptedException: sleep interrupted
2019-10-20 10:28:27,454 [df12c920-952d-4704-9c70-1a288e2f77c7@group-75987F7FE399-LeaderElection124] INFO  impl.LeaderElection (LeaderElection.java:logAndReturn(56)) - df12c920-952d-4704-9c70-1a288e2f77c7@group-75987F7FE399-LeaderElection124: Election REJECTED; received 2 response(s) [df12c920-952d-4704-9c70-1a288e2f77c7<-875da3d9-0dec-46c7-88bf-73f7a2372b64#0:FAIL-t140, df12c920-952d-4704-9c70-1a288e2f77c7<-9ceef694-dbcf-4070-b7b1-3b3c65b6a699#0:FAIL-t140] and 0 exception(s); df12c920-952d-4704-9c70-1a288e2f77c7@group-75987F7FE399:t140, leader=null, voted=df12c920-952d-4704-9c70-1a288e2f77c7, raftlog=df12c920-952d-4704-9c70-1a288e2f77c7@group-75987F7FE399-SegmentedRaftLog:OPENED:c-1,f-1,i0, conf=-1: [875da3d9-0dec-46c7-88bf-73f7a2372b64:192.168.69.89:39990, df12c920-952d-4704-9c70-1a288e2f77c7:192.168.69.89:43948, 9ceef694-dbcf-4070-b7b1-3b3c65b6a699:192.168.69.89:36536], old=null
2019-10-20 10:28:27,455 [df12c920-952d-4704-9c70-1a288e2f77c7@group-75987F7FE399-LeaderElection124] INFO  impl.RaftServerImpl (RaftServerImpl.java:setRole(184)) - df12c920-952d-4704-9c70-1a288e2f77c7@group-75987F7FE399: changes role from CANDIDATE to FOLLOWER at term 140 for DISCOVERED_A_NEW_TERM
2019-10-20 10:28:27,455 [df12c920-952d-4704-9c70-1a288e2f77c7@group-75987F7FE399-LeaderElection124] INFO  impl.RoleInfo (RoleInfo.java:shutdownLeaderElection(134)) - df12c920-952d-4704-9c70-1a288e2f77c7: shutdown LeaderElection
2019-10-20 10:28:27,455 [df12c920-952d-4704-9c70-1a288e2f77c7@group-75987F7FE399-LeaderElection124] INFO  impl.RoleInfo (RoleInfo.java:updateAndGet(143)) - df12c920-952d-4704-9c70-1a288e2f77c7: start FollowerState
2019-10-20 10:28:27,569 [Thread-1072] INFO  impl.FollowerState (FollowerState.java:run(108)) - df12c920-952d-4704-9c70-1a288e2f77c7@group-75987F7FE399-FollowerState: change to CANDIDATE, lastRpcTime:114ms, electionTimeout:114ms
2019-10-20 10:28:27,569 [Thread-1072] INFO  impl.RoleInfo (RoleInfo.java:shutdownFollowerState(121)) - df12c920-952d-4704-9c70-1a288e2f77c7: shutdown FollowerState
2019-10-20 10:28:27,570 [Thread-1072] INFO  impl.RaftServerImpl (RaftServerImpl.java:setRole(184)) - df12c920-952d-4704-9c70-1a288e2f77c7@group-75987F7FE399: changes role from  FOLLOWER to CANDIDATE at term 140 for changeToCandidate
2019-10-20 10:28:27,570 [Thread-1072] INFO  impl.RoleInfo (RoleInfo.java:updateAndGet(143)) - df12c920-952d-4704-9c70-1a288e2f77c7: start LeaderElection
2019-10-20 10:28:27,596 [df12c920-952d-4704-9c70-1a288e2f77c7@group-75987F7FE399-LeaderElection125] INFO  impl.LeaderElection (LeaderElection.java:askForVotes(178)) - df12c920-952d-4704-9c70-1a288e2f77c7@group-75987F7FE399-LeaderElection125: begin an election at term 141 for -1: [875da3d9-0dec-46c7-88bf-73f7a2372b64:192.168.69.89:39990, df12c920-952d-4704-9c70-1a288e2f77c7:192.168.69.89:43948, 9ceef694-dbcf-4070-b7b1-3b3c65b6a699:192.168.69.89:36536], old=null
2019-10-20 10:28:27,599 [grpc-default-executor-3] INFO  impl.RaftServerImpl (RaftServerImpl.java:setRole(184)) - 9ceef694-dbcf-4070-b7b1-3b3c65b6a699@group-75987F7FE399: changes role from  FOLLOWER to FOLLOWER at term 141 for recognizeCandidate:df12c920-952d-4704-9c70-1a288e2f77c7
2019-10-20 10:28:27,600 [grpc-default-executor-3] INFO  impl.RoleInfo (RoleInfo.java:shutdownFollowerState(121)) - 9ceef694-dbcf-4070-b7b1-3b3c65b6a699: shutdown FollowerState
2019-10-20 10:28:27,600 [grpc-default-executor-3] INFO  impl.RoleInfo (RoleInfo.java:updateAndGet(143)) - 9ceef694-dbcf-4070-b7b1-3b3c65b6a699: start FollowerState
2019-10-20 10:28:27,600 [grpc-default-executor-1] INFO  impl.RaftServerImpl (RaftServerImpl.java:setRole(184)) - 875da3d9-0dec-46c7-88bf-73f7a2372b64@group-75987F7FE399: changes role from  FOLLOWER to FOLLOWER at term 141 for recognizeCandidate:df12c920-952d-4704-9c70-1a288e2f77c7
2019-10-20 10:28:27,600 [Thread-1071] INFO  impl.FollowerState (FollowerState.java:run(117)) - 9ceef694-dbcf-4070-b7b1-3b3c65b6a699@group-75987F7FE399-FollowerState was interrupted: java.lang.InterruptedException: sleep interrupted
2019-10-20 10:28:27,600 [grpc-default-executor-1] INFO  impl.RoleInfo (RoleInfo.java:shutdownFollowerState(121)) - 875da3d9-0dec-46c7-88bf-73f7a2372b64: shutdown FollowerState
2019-10-20 10:28:27,600 [grpc-default-executor-1] INFO  impl.RoleInfo (RoleInfo.java:updateAndGet(143)) - 875da3d9-0dec-46c7-88bf-73f7a2372b64: start FollowerState
2019-10-20 10:28:27,601 [Thread-1070] INFO  impl.FollowerState (FollowerState.java:run(117)) - 875da3d9-0dec-46c7-88bf-73f7a2372b64@group-75987F7FE399-FollowerState was interrupted: java.lang.InterruptedException: sleep interrupted
2019-10-20 10:28:27,615 [df12c920-952d-4704-9c70-1a288e2f77c7@group-75987F7FE399-LeaderElection125] INFO  impl.LeaderElection (LeaderElection.java:logAndReturn(56)) - df12c920-952d-4704-9c70-1a288e2f77c7@group-75987F7FE399-LeaderElection125: Election REJECTED; received 2 response(s) [df12c920-952d-4704-9c70-1a288e2f77c7<-875da3d9-0dec-46c7-88bf-73f7a2372b64#0:FAIL-t141, df12c920-952d-4704-9c70-1a288e2f77c7<-9ceef694-dbcf-4070-b7b1-3b3c65b6a699#0:FAIL-t141] and 0 exception(s); df12c920-952d-4704-9c70-1a288e2f77c7@group-75987F7FE399:t141, leader=null, voted=df12c920-952d-4704-9c70-1a288e2f77c7, raftlog=df12c920-952d-4704-9c70-1a288e2f77c7@group-75987F7FE399-SegmentedRaftLog:OPENED:c-1,f-1,i0, conf=-1: [875da3d9-0dec-46c7-88bf-73f7a2372b64:192.168.69.89:39990, df12c920-952d-4704-9c70-1a288e2f77c7:192.168.69.89:43948, 9ceef694-dbcf-4070-b7b1-3b3c65b6a699:192.168.69.89:36536], old=null
2019-10-20 10:28:27,615 [df12c920-952d-4704-9c70-1a288e2f77c7@group-75987F7FE399-LeaderElection125] INFO  impl.RaftServerImpl (RaftServerImpl.java:setRole(184)) - df12c920-952d-4704-9c70-1a288e2f77c7@group-75987F7FE399: changes role from CANDIDATE to FOLLOWER at term 141 for DISCOVERED_A_NEW_TERM
2019-10-20 10:28:27,615 [df12c920-952d-4704-9c70-1a288e2f77c7@group-75987F7FE399-LeaderElection125] INFO  impl.RoleInfo (RoleInfo.java:shutdownLeaderElection(134)) - df12c920-952d-4704-9c70-1a288e2f77c7: shutdown LeaderElection
2019-10-20 10:28:27,615 [df12c920-952d-4704-9c70-1a288e2f77c7@group-75987F7FE399-LeaderElection125] INFO  impl.RoleInfo (RoleInfo.java:updateAndGet(143)) - df12c920-952d-4704-9c70-1a288e2f77c7: start FollowerState
2019-10-20 10:28:27,695 [Thread-1078] INFO  impl.FollowerState (FollowerState.java:run(108)) - df12c920-952d-4704-9c70-1a288e2f77c7@group-75987F7FE399-FollowerState: change to CANDIDATE, lastRpcTime:79ms, electionTimeout:79ms
2019-10-20 10:28:27,695 [Thread-1078] INFO  impl.RoleInfo (RoleInfo.java:shutdownFollowerState(121)) - df12c920-952d-4704-9c70-1a288e2f77c7: shutdown FollowerState
2019-10-20 10:28:27,695 [Thread-1078] INFO  impl.RaftServerImpl (RaftServerImpl.java:setRole(184)) - df12c920-952d-4704-9c70-1a288e2f77c7@group-75987F7FE399: changes role from  FOLLOWER to CANDIDATE at term 141 for changeToCandidate
2019-10-20 10:28:27,695 [Thread-1078] INFO  impl.RoleInfo (RoleInfo.java:updateAndGet(143)) - df12c920-952d-4704-9c70-1a288e2f77c7: start LeaderElection
2019-10-20 10:28:27,720 [df12c920-952d-4704-9c70-1a288e2f77c7@group-75987F7FE399-LeaderElection126] INFO  impl.LeaderElection (LeaderElection.java:askForVotes(178)) - df12c920-952d-4704-9c70-1a288e2f77c7@group-75987F7FE399-LeaderElection126: begin an election at term 142 for -1: [875da3d9-0dec-46c7-88bf-73f7a2372b64:192.168.69.89:39990, df12c920-952d-4704-9c70-1a288e2f77c7:192.168.69.89:43948, 9ceef694-dbcf-4070-b7b1-3b3c65b6a699:192.168.69.89:36536], old=null
2019-10-20 10:28:27,724 [grpc-default-executor-3] INFO  impl.RaftServerImpl (RaftServerImpl.java:setRole(184)) - 875da3d9-0dec-46c7-88bf-73f7a2372b64@group-75987F7FE399: changes role from  FOLLOWER to FOLLOWER at term 142 for recognizeCandidate:df12c920-952d-4704-9c70-1a288e2f77c7
2019-10-20 10:28:27,724 [grpc-default-executor-1] INFO  impl.RaftServerImpl (RaftServerImpl.java:setRole(184)) - 9ceef694-dbcf-4070-b7b1-3b3c65b6a699@group-75987F7FE399: changes role from  FOLLOWER to FOLLOWER at term 142 for recognizeCandidate:df12c920-952d-4704-9c70-1a288e2f77c7
2019-10-20 10:28:27,724 [grpc-default-executor-3] INFO  impl.RoleInfo (RoleInfo.java:shutdownFollowerState(121)) - 875da3d9-0dec-46c7-88bf-73f7a2372b64: shutdown FollowerState
2019-10-20 10:28:27,724 [grpc-default-executor-1] INFO  impl.RoleInfo (RoleInfo.java:shutdownFollowerState(121)) - 9ceef694-dbcf-4070-b7b1-3b3c65b6a699: shutdown FollowerState
2019-10-20 10:28:27,724 [grpc-default-executor-3] INFO  impl.RoleInfo (RoleInfo.java:updateAndGet(143)) - 875da3d9-0dec-46c7-88bf-73f7a2372b64: start FollowerState
2019-10-20 10:28:27,724 [grpc-default-executor-1] INFO  impl.RoleInfo (RoleInfo.java:updateAndGet(143)) - 9ceef694-dbcf-4070-b7b1-3b3c65b6a699: start FollowerState
2019-10-20 10:28:27,724 [Thread-1077] INFO  impl.FollowerState (FollowerState.java:run(117)) - 875da3d9-0dec-46c7-88bf-73f7a2372b64@group-75987F7FE399-FollowerState was interrupted: java.lang.InterruptedException: sleep interrupted
2019-10-20 10:28:27,725 [Thread-1076] INFO  impl.FollowerState (FollowerState.java:run(117)) - 9ceef694-dbcf-4070-b7b1-3b3c65b6a699@group-75987F7FE399-FollowerState was interrupted: java.lang.InterruptedException: sleep interrupted
2019-10-20 10:28:27,751 [df12c920-952d-4704-9c70-1a288e2f77c7@group-75987F7FE399-LeaderElection126] INFO  impl.LeaderElection (LeaderElection.java:logAndReturn(56)) - df12c920-952d-4704-9c70-1a288e2f77c7@group-75987F7FE399-LeaderElection126: Election REJECTED; received 2 response(s) [df12c920-952d-4704-9c70-1a288e2f77c7<-875da3d9-0dec-46c7-88bf-73f7a2372b64#0:FAIL-t142, df12c920-952d-4704-9c70-1a288e2f77c7<-9ceef694-dbcf-4070-b7b1-3b3c65b6a699#0:FAIL-t142] and 0 exception(s); df12c920-952d-4704-9c70-1a288e2f77c7@group-75987F7FE399:t142, leader=null, voted=df12c920-952d-4704-9c70-1a288e2f77c7, raftlog=df12c920-952d-4704-9c70-1a288e2f77c7@group-75987F7FE399-SegmentedRaftLog:OPENED:c-1,f-1,i0, conf=-1: [875da3d9-0dec-46c7-88bf-73f7a2372b64:192.168.69.89:39990, df12c920-952d-4704-9c70-1a288e2f77c7:192.168.69.89:43948, 9ceef694-dbcf-4070-b7b1-3b3c65b6a699:192.168.69.89:36536], old=null
2019-10-20 10:28:27,751 [df12c920-952d-4704-9c70-1a288e2f77c7@group-75987F7FE399-LeaderElection126] INFO  impl.RaftServerImpl (RaftServerImpl.java:setRole(184)) - df12c920-952d-4704-9c70-1a288e2f77c7@group-75987F7FE399: changes role from CANDIDATE to FOLLOWER at term 142 for DISCOVERED_A_NEW_TERM
2019-10-20 10:28:27,752 [df12c920-952d-4704-9c70-1a288e2f77c7@group-75987F7FE399-LeaderElection126] INFO  impl.RoleInfo (RoleInfo.java:shutdownLeaderElection(134)) - df12c920-952d-4704-9c70-1a288e2f77c7: shutdown LeaderElection
2019-10-20 10:28:27,752 [df12c920-952d-4704-9c70-1a288e2f77c7@group-75987F7FE399-LeaderElection126] INFO  impl.RoleInfo (RoleInfo.java:updateAndGet(143)) - df12c920-952d-4704-9c70-1a288e2f77c7: start FollowerState
2019-10-20 10:28:27,916 [Thread-1084] INFO  impl.FollowerState (FollowerState.java:run(108)) - df12c920-952d-4704-9c70-1a288e2f77c7@group-75987F7FE399-FollowerState: change to CANDIDATE, lastRpcTime:164ms, electionTimeout:164ms
2019-10-20 10:28:27,916 [Thread-1084] INFO  impl.RoleInfo (RoleInfo.java:shutdownFollowerState(121)) - df12c920-952d-4704-9c70-1a288e2f77c7: shutdown FollowerState
2019-10-20 10:28:27,917 [Thread-1084] INFO  impl.RaftServerImpl (RaftServerImpl.java:setRole(184)) - df12c920-952d-4704-9c70-1a288e2f77c7@group-75987F7FE399: changes role from  FOLLOWER to CANDIDATE at term 142 for changeToCandidate
2019-10-20 10:28:27,917 [Thread-1084] INFO  impl.RoleInfo (RoleInfo.java:updateAndGet(143)) - df12c920-952d-4704-9c70-1a288e2f77c7: start LeaderElection
2019-10-20 10:28:27,931 [df12c920-952d-4704-9c70-1a288e2f77c7@group-75987F7FE399-LeaderElection127] INFO  impl.LeaderElection (LeaderElection.java:askForVotes(178)) - df12c920-952d-4704-9c70-1a288e2f77c7@group-75987F7FE399-LeaderElection127: begin an election at term 143 for -1: [875da3d9-0dec-46c7-88bf-73f7a2372b64:192.168.69.89:39990, df12c920-952d-4704-9c70-1a288e2f77c7:192.168.69.89:43948, 9ceef694-dbcf-4070-b7b1-3b3c65b6a699:192.168.69.89:36536], old=null
2019-10-20 10:28:27,935 [grpc-default-executor-1] INFO  impl.RaftServerImpl (RaftServerImpl.java:setRole(184)) - 875da3d9-0dec-46c7-88bf-73f7a2372b64@group-75987F7FE399: changes role from  FOLLOWER to FOLLOWER at term 143 for recognizeCandidate:df12c920-952d-4704-9c70-1a288e2f77c7
2019-10-20 10:28:27,935 [grpc-default-executor-3] INFO  impl.RaftServerImpl (RaftServerImpl.java:setRole(184)) - 9ceef694-dbcf-4070-b7b1-3b3c65b6a699@group-75987F7FE399: changes role from  FOLLOWER to FOLLOWER at term 143 for recognizeCandidate:df12c920-952d-4704-9c70-1a288e2f77c7
2019-10-20 10:28:27,935 [grpc-default-executor-3] INFO  impl.RoleInfo (RoleInfo.java:shutdownFollowerState(121)) - 9ceef694-dbcf-4070-b7b1-3b3c65b6a699: shutdown FollowerState
2019-10-20 10:28:27,935 [grpc-default-executor-1] INFO  impl.RoleInfo (RoleInfo.java:shutdownFollowerState(121)) - 875da3d9-0dec-46c7-88bf-73f7a2372b64: shutdown FollowerState
2019-10-20 10:28:27,935 [Thread-1083] INFO  impl.FollowerState (FollowerState.java:run(117)) - 9ceef694-dbcf-4070-b7b1-3b3c65b6a699@group-75987F7FE399-FollowerState was interrupted: java.lang.InterruptedException: sleep interrupted
2019-10-20 10:28:27,935 [grpc-default-executor-3] INFO  impl.RoleInfo (RoleInfo.java:updateAndGet(143)) - 9ceef694-dbcf-4070-b7b1-3b3c65b6a699: start FollowerState
2019-10-20 10:28:27,935 [Thread-1082] INFO  impl.FollowerState (FollowerState.java:run(117)) - 875da3d9-0dec-46c7-88bf-73f7a2372b64@group-75987F7FE399-FollowerState was interrupted: java.lang.InterruptedException: sleep interrupted
2019-10-20 10:28:27,935 [grpc-default-executor-1] INFO  impl.RoleInfo (RoleInfo.java:updateAndGet(143)) - 875da3d9-0dec-46c7-88bf-73f7a2372b64: start FollowerState
2019-10-20 10:28:27,952 [df12c920-952d-4704-9c70-1a288e2f77c7@group-75987F7FE399-LeaderElection127] INFO  impl.LeaderElection (LeaderElection.java:logAndReturn(56)) - df12c920-952d-4704-9c70-1a288e2f77c7@group-75987F7FE399-LeaderElection127: Election REJECTED; received 2 response(s) [df12c920-952d-4704-9c70-1a288e2f77c7<-875da3d9-0dec-46c7-88bf-73f7a2372b64#0:FAIL-t143, df12c920-952d-4704-9c70-1a288e2f77c7<-9ceef694-dbcf-4070-b7b1-3b3c65b6a699#0:FAIL-t143] and 0 exception(s); df12c920-952d-4704-9c70-1a288e2f77c7@group-75987F7FE399:t143, leader=null, voted=df12c920-952d-4704-9c70-1a288e2f77c7, raftlog=df12c920-952d-4704-9c70-1a288e2f77c7@group-75987F7FE399-SegmentedRaftLog:OPENED:c-1,f-1,i0, conf=-1: [875da3d9-0dec-46c7-88bf-73f7a2372b64:192.168.69.89:39990, df12c920-952d-4704-9c70-1a288e2f77c7:192.168.69.89:43948, 9ceef694-dbcf-4070-b7b1-3b3c65b6a699:192.168.69.89:36536], old=null
2019-10-20 10:28:27,953 [df12c920-952d-4704-9c70-1a288e2f77c7@group-75987F7FE399-LeaderElection127] INFO  impl.RaftServerImpl (RaftServerImpl.java:setRole(184)) - df12c920-952d-4704-9c70-1a288e2f77c7@group-75987F7FE399: changes role from CANDIDATE to FOLLOWER at term 143 for DISCOVERED_A_NEW_TERM
2019-10-20 10:28:27,953 [df12c920-952d-4704-9c70-1a288e2f77c7@group-75987F7FE399-LeaderElection127] INFO  impl.RoleInfo (RoleInfo.java:shutdownLeaderElection(134)) - df12c920-952d-4704-9c70-1a288e2f77c7: shutdown LeaderElection
2019-10-20 10:28:27,953 [df12c920-952d-4704-9c70-1a288e2f77c7@group-75987F7FE399-LeaderElection127] INFO  impl.RoleInfo (RoleInfo.java:updateAndGet(143)) - df12c920-952d-4704-9c70-1a288e2f77c7: start FollowerState
2019-10-20 10:28:28,151 [Thread-1092] INFO  impl.FollowerState (FollowerState.java:run(108)) - df12c920-952d-4704-9c70-1a288e2f77c7@group-75987F7FE399-FollowerState: change to CANDIDATE, lastRpcTime:197ms, electionTimeout:197ms
2019-10-20 10:28:28,151 [Thread-1092] INFO  impl.RoleInfo (RoleInfo.java:shutdownFollowerState(121)) - df12c920-952d-4704-9c70-1a288e2f77c7: shutdown FollowerState
2019-10-20 10:28:28,151 [Thread-1092] INFO  impl.RaftServerImpl (RaftServerImpl.java:setRole(184)) - df12c920-952d-4704-9c70-1a288e2f77c7@group-75987F7FE399: changes role from  FOLLOWER to CANDIDATE at term 143 for changeToCandidate
2019-10-20 10:28:28,152 [Thread-1092] INFO  impl.RoleInfo (RoleInfo.java:updateAndGet(143)) - df12c920-952d-4704-9c70-1a288e2f77c7: start LeaderElection
2019-10-20 10:28:28,167 [df12c920-952d-4704-9c70-1a288e2f77c7@group-75987F7FE399-LeaderElection128] INFO  impl.LeaderElection (LeaderElection.java:askForVotes(178)) - df12c920-952d-4704-9c70-1a288e2f77c7@group-75987F7FE399-LeaderElection128: begin an election at term 144 for -1: [875da3d9-0dec-46c7-88bf-73f7a2372b64:192.168.69.89:39990, df12c920-952d-4704-9c70-1a288e2f77c7:192.168.69.89:43948, 9ceef694-dbcf-4070-b7b1-3b3c65b6a699:192.168.69.89:36536], old=null
2019-10-20 10:28:28,170 [grpc-default-executor-1] INFO  impl.RaftServerImpl (RaftServerImpl.java:setRole(184)) - 875da3d9-0dec-46c7-88bf-73f7a2372b64@group-75987F7FE399: changes role from  FOLLOWER to FOLLOWER at term 144 for recognizeCandidate:df12c920-952d-4704-9c70-1a288e2f77c7
2019-10-20 10:28:28,170 [grpc-default-executor-1] INFO  impl.RoleInfo (RoleInfo.java:shutdownFollowerState(121)) - 875da3d9-0dec-46c7-88bf-73f7a2372b64: shutdown FollowerState
2019-10-20 10:28:28,170 [grpc-default-executor-3] INFO  impl.RaftServerImpl (RaftServerImpl.java:setRole(184)) - 9ceef694-dbcf-4070-b7b1-3b3c65b6a699@group-75987F7FE399: changes role from  FOLLOWER to FOLLOWER at term 144 for recognizeCandidate:df12c920-952d-4704-9c70-1a288e2f77c7
2019-10-20 10:28:28,170 [grpc-default-executor-3] INFO  impl.RoleInfo (RoleInfo.java:shutdownFollowerState(121)) - 9ceef694-dbcf-4070-b7b1-3b3c65b6a699: shutdown FollowerState
2019-10-20 10:28:28,170 [Thread-1091] INFO  impl.FollowerState (FollowerState.java:run(117)) - 875da3d9-0dec-46c7-88bf-73f7a2372b64@group-75987F7FE399-FollowerState was interrupted: java.lang.InterruptedException: sleep interrupted
2019-10-20 10:28:28,170 [grpc-default-executor-1] INFO  impl.RoleInfo (RoleInfo.java:updateAndGet(143)) - 875da3d9-0dec-46c7-88bf-73f7a2372b64: start FollowerState
2019-10-20 10:28:28,171 [Thread-1090] INFO  impl.FollowerState (FollowerState.java:run(117)) - 9ceef694-dbcf-4070-b7b1-3b3c65b6a699@group-75987F7FE399-FollowerState was interrupted: java.lang.InterruptedException: sleep interrupted
2019-10-20 10:28:28,171 [grpc-default-executor-3] INFO  impl.RoleInfo (RoleInfo.java:updateAndGet(143)) - 9ceef694-dbcf-4070-b7b1-3b3c65b6a699: start FollowerState
2019-10-20 10:28:28,182 [df12c920-952d-4704-9c70-1a288e2f77c7@group-75987F7FE399-LeaderElection128] INFO  impl.LeaderElection (LeaderElection.java:logAndReturn(56)) - df12c920-952d-4704-9c70-1a288e2f77c7@group-75987F7FE399-LeaderElection128: Election REJECTED; received 2 response(s) [df12c920-952d-4704-9c70-1a288e2f77c7<-875da3d9-0dec-46c7-88bf-73f7a2372b64#0:FAIL-t144, df12c920-952d-4704-9c70-1a288e2f77c7<-9ceef694-dbcf-4070-b7b1-3b3c65b6a699#0:FAIL-t144] and 0 exception(s); df12c920-952d-4704-9c70-1a288e2f77c7@group-75987F7FE399:t144, leader=null, voted=df12c920-952d-4704-9c70-1a288e2f77c7, raftlog=df12c920-952d-4704-9c70-1a288e2f77c7@group-75987F7FE399-SegmentedRaftLog:OPENED:c-1,f-1,i0, conf=-1: [875da3d9-0dec-46c7-88bf-73f7a2372b64:192.168.69.89:39990, df12c920-952d-4704-9c70-1a288e2f77c7:192.168.69.89:43948, 9ceef694-dbcf-4070-b7b1-3b3c65b6a699:192.168.69.89:36536], old=null
2019-10-20 10:28:28,182 [df12c920-952d-4704-9c70-1a288e2f77c7@group-75987F7FE399-LeaderElection128] INFO  impl.RaftServerImpl (RaftServerImpl.java:setRole(184)) - df12c920-952d-4704-9c70-1a288e2f77c7@group-75987F7FE399: changes role from CANDIDATE to FOLLOWER at term 144 for DISCOVERED_A_NEW_TERM
2019-10-20 10:28:28,183 [df12c920-952d-4704-9c70-1a288e2f77c7@group-75987F7FE399-LeaderElection128] INFO  impl.RoleInfo (RoleInfo.java:shutdownLeaderElection(134)) - df12c920-952d-4704-9c70-1a288e2f77c7: shutdown LeaderElection
2019-10-20 10:28:28,183 [df12c920-952d-4704-9c70-1a288e2f77c7@group-75987F7FE399-LeaderElection128] INFO  impl.RoleInfo (RoleInfo.java:updateAndGet(143)) - df12c920-952d-4704-9c70-1a288e2f77c7: start FollowerState
2019-10-20 10:28:28,317 [Thread-1098] INFO  impl.FollowerState (FollowerState.java:run(108)) - df12c920-952d-4704-9c70-1a288e2f77c7@group-75987F7FE399-FollowerState: change to CANDIDATE, lastRpcTime:134ms, electionTimeout:134ms
2019-10-20 10:28:28,317 [Thread-1098] INFO  impl.RoleInfo (RoleInfo.java:shutdownFollowerState(121)) - df12c920-952d-4704-9c70-1a288e2f77c7: shutdown FollowerState
2019-10-20 10:28:28,317 [Thread-1098] INFO  impl.RaftServerImpl (RaftServerImpl.java:setRole(184)) - df12c920-952d-4704-9c70-1a288e2f77c7@group-75987F7FE399: changes role from  FOLLOWER to CANDIDATE at term 144 for changeToCandidate
2019-10-20 10:28:28,318 [Thread-1098] INFO  impl.RoleInfo (RoleInfo.java:updateAndGet(143)) - df12c920-952d-4704-9c70-1a288e2f77c7: start LeaderElection
2019-10-20 10:28:28,343 [df12c920-952d-4704-9c70-1a288e2f77c7@group-75987F7FE399-LeaderElection129] INFO  impl.LeaderElection (LeaderElection.java:askForVotes(178)) - df12c920-952d-4704-9c70-1a288e2f77c7@group-75987F7FE399-LeaderElection129: begin an election at term 145 for -1: [875da3d9-0dec-46c7-88bf-73f7a2372b64:192.168.69.89:39990, df12c920-952d-4704-9c70-1a288e2f77c7:192.168.69.89:43948, 9ceef694-dbcf-4070-b7b1-3b3c65b6a699:192.168.69.89:36536], old=null
2019-10-20 10:28:28,347 [grpc-default-executor-3] INFO  impl.RaftServerImpl (RaftServerImpl.java:setRole(184)) - 875da3d9-0dec-46c7-88bf-73f7a2372b64@group-75987F7FE399: changes role from  FOLLOWER to FOLLOWER at term 145 for recognizeCandidate:df12c920-952d-4704-9c70-1a288e2f77c7
2019-10-20 10:28:28,347 [grpc-default-executor-1] INFO  impl.RaftServerImpl (RaftServerImpl.java:setRole(184)) - 9ceef694-dbcf-4070-b7b1-3b3c65b6a699@group-75987F7FE399: changes role from  FOLLOWER to FOLLOWER at term 145 for recognizeCandidate:df12c920-952d-4704-9c70-1a288e2f77c7
2019-10-20 10:28:28,347 [grpc-default-executor-3] INFO  impl.RoleInfo (RoleInfo.java:shutdownFollowerState(121)) - 875da3d9-0dec-46c7-88bf-73f7a2372b64: shutdown FollowerState
2019-10-20 10:28:28,347 [grpc-default-executor-1] INFO  impl.RoleInfo (RoleInfo.java:shutdownFollowerState(121)) - 9ceef694-dbcf-4070-b7b1-3b3c65b6a699: shutdown FollowerState
2019-10-20 10:28:28,347 [grpc-default-executor-3] INFO  impl.RoleInfo (RoleInfo.java:updateAndGet(143)) - 875da3d9-0dec-46c7-88bf-73f7a2372b64: start FollowerState
2019-10-20 10:28:28,347 [Thread-1096] INFO  impl.FollowerState (FollowerState.java:run(117)) - 875da3d9-0dec-46c7-88bf-73f7a2372b64@group-75987F7FE399-FollowerState was interrupted: java.lang.InterruptedException: sleep interrupted
2019-10-20 10:28:28,347 [grpc-default-executor-1] INFO  impl.RoleInfo (RoleInfo.java:updateAndGet(143)) - 9ceef694-dbcf-4070-b7b1-3b3c65b6a699: start FollowerState
2019-10-20 10:28:28,347 [Thread-1097] INFO  impl.FollowerState (FollowerState.java:run(117)) - 9ceef694-dbcf-4070-b7b1-3b3c65b6a699@group-75987F7FE399-FollowerState was interrupted: java.lang.InterruptedException: sleep interrupted
2019-10-20 10:28:28,363 [df12c920-952d-4704-9c70-1a288e2f77c7@group-75987F7FE399-LeaderElection129] INFO  impl.LeaderElection (LeaderElection.java:logAndReturn(56)) - df12c920-952d-4704-9c70-1a288e2f77c7@group-75987F7FE399-LeaderElection129: Election REJECTED; received 2 response(s) [df12c920-952d-4704-9c70-1a288e2f77c7<-875da3d9-0dec-46c7-88bf-73f7a2372b64#0:FAIL-t145, df12c920-952d-4704-9c70-1a288e2f77c7<-9ceef694-dbcf-4070-b7b1-3b3c65b6a699#0:FAIL-t145] and 0 exception(s); df12c920-952d-4704-9c70-1a288e2f77c7@group-75987F7FE399:t145, leader=null, voted=df12c920-952d-4704-9c70-1a288e2f77c7, raftlog=df12c920-952d-4704-9c70-1a288e2f77c7@group-75987F7FE399-SegmentedRaftLog:OPENED:c-1,f-1,i0, conf=-1: [875da3d9-0dec-46c7-88bf-73f7a2372b64:192.168.69.89:39990, df12c920-952d-4704-9c70-1a288e2f77c7:192.168.69.89:43948, 9ceef694-dbcf-4070-b7b1-3b3c65b6a699:192.168.69.89:36536], old=null
2019-10-20 10:28:28,363 [df12c920-952d-4704-9c70-1a288e2f77c7@group-75987F7FE399-LeaderElection129] INFO  impl.RaftServerImpl (RaftServerImpl.java:setRole(184)) - df12c920-952d-4704-9c70-1a288e2f77c7@group-75987F7FE399: changes role from CANDIDATE to FOLLOWER at term 145 for DISCOVERED_A_NEW_TERM
2019-10-20 10:28:28,363 [df12c920-952d-4704-9c70-1a288e2f77c7@group-75987F7FE399-LeaderElection129] INFO  impl.RoleInfo (RoleInfo.java:shutdownLeaderElection(134)) - df12c920-952d-4704-9c70-1a288e2f77c7: shutdown LeaderElection
2019-10-20 10:28:28,363 [df12c920-952d-4704-9c70-1a288e2f77c7@group-75987F7FE399-LeaderElection129] INFO  impl.RoleInfo (RoleInfo.java:updateAndGet(143)) - df12c920-952d-4704-9c70-1a288e2f77c7: start FollowerState
2019-10-20 10:28:28,387 [Thread-1104] INFO  impl.FollowerState (FollowerState.java:run(108)) - df12c920-952d-4704-9c70-1a288e2f77c7@group-75987F7FE399-FollowerState: change to CANDIDATE, lastRpcTime:24ms, electionTimeout:24ms
2019-10-20 10:28:28,388 [Thread-1104] INFO  impl.RoleInfo (RoleInfo.java:shutdownFollowerState(121)) - df12c920-952d-4704-9c70-1a288e2f77c7: shutdown FollowerState
2019-10-20 10:28:28,388 [Thread-1104] INFO  impl.RaftServerImpl (RaftServerImpl.java:setRole(184)) - df12c920-952d-4704-9c70-1a288e2f77c7@group-75987F7FE399: changes role from  FOLLOWER to CANDIDATE at term 145 for changeToCandidate
2019-10-20 10:28:28,388 [Thread-1104] INFO  impl.RoleInfo (RoleInfo.java:updateAndGet(143)) - df12c920-952d-4704-9c70-1a288e2f77c7: start LeaderElection
2019-10-20 10:28:28,401 [df12c920-952d-4704-9c70-1a288e2f77c7@group-75987F7FE399-LeaderElection130] INFO  impl.LeaderElection (LeaderElection.java:askForVotes(178)) - df12c920-952d-4704-9c70-1a288e2f77c7@group-75987F7FE399-LeaderElection130: begin an election at term 146 for -1: [875da3d9-0dec-46c7-88bf-73f7a2372b64:192.168.69.89:39990, df12c920-952d-4704-9c70-1a288e2f77c7:192.168.69.89:43948, 9ceef694-dbcf-4070-b7b1-3b3c65b6a699:192.168.69.89:36536], old=null
2019-10-20 10:28:28,403 [grpc-default-executor-3] INFO  impl.RaftServerImpl (RaftServerImpl.java:setRole(184)) - 875da3d9-0dec-46c7-88bf-73f7a2372b64@group-75987F7FE399: changes role from  FOLLOWER to FOLLOWER at term 146 for recognizeCandidate:df12c920-952d-4704-9c70-1a288e2f77c7
2019-10-20 10:28:28,403 [grpc-default-executor-3] INFO  impl.RoleInfo (RoleInfo.java:shutdownFollowerState(121)) - 875da3d9-0dec-46c7-88bf-73f7a2372b64: shutdown FollowerState
2019-10-20 10:28:28,403 [grpc-default-executor-3] INFO  impl.RoleInfo (RoleInfo.java:updateAndGet(143)) - 875da3d9-0dec-46c7-88bf-73f7a2372b64: start FollowerState
2019-10-20 10:28:28,403 [Thread-1102] INFO  impl.FollowerState (FollowerState.java:run(117)) - 875da3d9-0dec-46c7-88bf-73f7a2372b64@group-75987F7FE399-FollowerState was interrupted: java.lang.InterruptedException: sleep interrupted
2019-10-20 10:28:28,404 [grpc-default-executor-1] INFO  impl.RaftServerImpl (RaftServerImpl.java:setRole(184)) - 9ceef694-dbcf-4070-b7b1-3b3c65b6a699@group-75987F7FE399: changes role from  FOLLOWER to FOLLOWER at term 146 for recognizeCandidate:df12c920-952d-4704-9c70-1a288e2f77c7
2019-10-20 10:28:28,404 [grpc-default-executor-1] INFO  impl.RoleInfo (RoleInfo.java:shutdownFollowerState(121)) - 9ceef694-dbcf-4070-b7b1-3b3c65b6a699: shutdown FollowerState
2019-10-20 10:28:28,404 [grpc-default-executor-1] INFO  impl.RoleInfo (RoleInfo.java:updateAndGet(143)) - 9ceef694-dbcf-4070-b7b1-3b3c65b6a699: start FollowerState
2019-10-20 10:28:28,404 [Thread-1103] INFO  impl.FollowerState (FollowerState.java:run(117)) - 9ceef694-dbcf-4070-b7b1-3b3c65b6a699@group-75987F7FE399-FollowerState was interrupted: java.lang.InterruptedException: sleep interrupted
2019-10-20 10:28:28,429 [df12c920-952d-4704-9c70-1a288e2f77c7@group-75987F7FE399-LeaderElection130] INFO  impl.LeaderElection (LeaderElection.java:logAndReturn(56)) - df12c920-952d-4704-9c70-1a288e2f77c7@group-75987F7FE399-LeaderElection130: Election REJECTED; received 2 response(s) [df12c920-952d-4704-9c70-1a288e2f77c7<-875da3d9-0dec-46c7-88bf-73f7a2372b64#0:FAIL-t146, df12c920-952d-4704-9c70-1a288e2f77c7<-9ceef694-dbcf-4070-b7b1-3b3c65b6a699#0:FAIL-t146] and 0 exception(s); df12c920-952d-4704-9c70-1a288e2f77c7@group-75987F7FE399:t146, leader=null, voted=df12c920-952d-4704-9c70-1a288e2f77c7, raftlog=df12c920-952d-4704-9c70-1a288e2f77c7@group-75987F7FE399-SegmentedRaftLog:OPENED:c-1,f-1,i0, conf=-1: [875da3d9-0dec-46c7-88bf-73f7a2372b64:192.168.69.89:39990, df12c920-952d-4704-9c70-1a288e2f77c7:192.168.69.89:43948, 9ceef694-dbcf-4070-b7b1-3b3c65b6a699:192.168.69.89:36536], old=null
2019-10-20 10:28:28,429 [df12c920-952d-4704-9c70-1a288e2f77c7@group-75987F7FE399-LeaderElection130] INFO  impl.RaftServerImpl (RaftServerImpl.java:setRole(184)) - df12c920-952d-4704-9c70-1a288e2f77c7@group-75987F7FE399: changes role from CANDIDATE to FOLLOWER at term 146 for DISCOVERED_A_NEW_TERM
2019-10-20 10:28:28,429 [df12c920-952d-4704-9c70-1a288e2f77c7@group-75987F7FE399-LeaderElection130] INFO  impl.RoleInfo (RoleInfo.java:shutdownLeaderElection(134)) - df12c920-952d-4704-9c70-1a288e2f77c7: shutdown LeaderElection
2019-10-20 10:28:28,429 [df12c920-952d-4704-9c70-1a288e2f77c7@group-75987F7FE399-LeaderElection130] INFO  impl.RoleInfo (RoleInfo.java:updateAndGet(143)) - df12c920-952d-4704-9c70-1a288e2f77c7: start FollowerState
2019-10-20 10:28:28,459 [Thread-1110] INFO  impl.FollowerState (FollowerState.java:run(108)) - df12c920-952d-4704-9c70-1a288e2f77c7@group-75987F7FE399-FollowerState: change to CANDIDATE, lastRpcTime:30ms, electionTimeout:30ms
2019-10-20 10:28:28,460 [Thread-1110] INFO  impl.RoleInfo (RoleInfo.java:shutdownFollowerState(121)) - df12c920-952d-4704-9c70-1a288e2f77c7: shutdown FollowerState
2019-10-20 10:28:28,460 [Thread-1110] INFO  impl.RaftServerImpl (RaftServerImpl.java:setRole(184)) - df12c920-952d-4704-9c70-1a288e2f77c7@group-75987F7FE399: changes role from  FOLLOWER to CANDIDATE at term 146 for changeToCandidate
2019-10-20 10:28:28,460 [Thread-1110] INFO  impl.RoleInfo (RoleInfo.java:updateAndGet(143)) - df12c920-952d-4704-9c70-1a288e2f77c7: start LeaderElection
2019-10-20 10:28:28,482 [df12c920-952d-4704-9c70-1a288e2f77c7@group-75987F7FE399-LeaderElection131] INFO  impl.LeaderElection (LeaderElection.java:askForVotes(178)) - df12c920-952d-4704-9c70-1a288e2f77c7@group-75987F7FE399-LeaderElection131: begin an election at term 147 for -1: [875da3d9-0dec-46c7-88bf-73f7a2372b64:192.168.69.89:39990, df12c920-952d-4704-9c70-1a288e2f77c7:192.168.69.89:43948, 9ceef694-dbcf-4070-b7b1-3b3c65b6a699:192.168.69.89:36536], old=null
2019-10-20 10:28:28,485 [grpc-default-executor-1] INFO  impl.RaftServerImpl (RaftServerImpl.java:setRole(184)) - 9ceef694-dbcf-4070-b7b1-3b3c65b6a699@group-75987F7FE399: changes role from  FOLLOWER to FOLLOWER at term 147 for recognizeCandidate:df12c920-952d-4704-9c70-1a288e2f77c7
2019-10-20 10:28:28,485 [grpc-default-executor-1] INFO  impl.RoleInfo (RoleInfo.java:shutdownFollowerState(121)) - 9ceef694-dbcf-4070-b7b1-3b3c65b6a699: shutdown FollowerState
2019-10-20 10:28:28,485 [grpc-default-executor-1] INFO  impl.RoleInfo (RoleInfo.java:updateAndGet(143)) - 9ceef694-dbcf-4070-b7b1-3b3c65b6a699: start FollowerState
2019-10-20 10:28:28,485 [Thread-1109] INFO  impl.FollowerState (FollowerState.java:run(117)) - 9ceef694-dbcf-4070-b7b1-3b3c65b6a699@group-75987F7FE399-FollowerState was interrupted: java.lang.InterruptedException: sleep interrupted
2019-10-20 10:28:28,485 [grpc-default-executor-3] INFO  impl.RaftServerImpl (RaftServerImpl.java:setRole(184)) - 875da3d9-0dec-46c7-88bf-73f7a2372b64@group-75987F7FE399: changes role from  FOLLOWER to FOLLOWER at term 147 for recognizeCandidate:df12c920-952d-4704-9c70-1a288e2f77c7
2019-10-20 10:28:28,486 [grpc-default-executor-3] INFO  impl.RoleInfo (RoleInfo.java:shutdownFollowerState(121)) - 875da3d9-0dec-46c7-88bf-73f7a2372b64: shutdown FollowerState
2019-10-20 10:28:28,486 [grpc-default-executor-3] INFO  impl.RoleInfo (RoleInfo.java:updateAndGet(143)) - 875da3d9-0dec-46c7-88bf-73f7a2372b64: start FollowerState
2019-10-20 10:28:28,486 [Thread-1108] INFO  impl.FollowerState (FollowerState.java:run(117)) - 875da3d9-0dec-46c7-88bf-73f7a2372b64@group-75987F7FE399-FollowerState was interrupted: java.lang.InterruptedException: sleep interrupted
2019-10-20 10:28:28,500 [df12c920-952d-4704-9c70-1a288e2f77c7@group-75987F7FE399-LeaderElection131] INFO  impl.LeaderElection (LeaderElection.java:logAndReturn(56)) - df12c920-952d-4704-9c70-1a288e2f77c7@group-75987F7FE399-LeaderElection131: Election REJECTED; received 2 response(s) [df12c920-952d-4704-9c70-1a288e2f77c7<-875da3d9-0dec-46c7-88bf-73f7a2372b64#0:FAIL-t147, df12c920-952d-4704-9c70-1a288e2f77c7<-9ceef694-dbcf-4070-b7b1-3b3c65b6a699#0:FAIL-t147] and 0 exception(s); df12c920-952d-4704-9c70-1a288e2f77c7@group-75987F7FE399:t147, leader=null, voted=df12c920-952d-4704-9c70-1a288e2f77c7, raftlog=df12c920-952d-4704-9c70-1a288e2f77c7@group-75987F7FE399-SegmentedRaftLog:OPENED:c-1,f-1,i0, conf=-1: [875da3d9-0dec-46c7-88bf-73f7a2372b64:192.168.69.89:39990, df12c920-952d-4704-9c70-1a288e2f77c7:192.168.69.89:43948, 9ceef694-dbcf-4070-b7b1-3b3c65b6a699:192.168.69.89:36536], old=null
2019-10-20 10:28:28,501 [df12c920-952d-4704-9c70-1a288e2f77c7@group-75987F7FE399-LeaderElection131] INFO  impl.RaftServerImpl (RaftServerImpl.java:setRole(184)) - df12c920-952d-4704-9c70-1a288e2f77c7@group-75987F7FE399: changes role from CANDIDATE to FOLLOWER at term 147 for DISCOVERED_A_NEW_TERM
2019-10-20 10:28:28,501 [df12c920-952d-4704-9c70-1a288e2f77c7@group-75987F7FE399-LeaderElection131] INFO  impl.RoleInfo (RoleInfo.java:shutdownLeaderElection(134)) - df12c920-952d-4704-9c70-1a288e2f77c7: shutdown LeaderElection
2019-10-20 10:28:28,501 [df12c920-952d-4704-9c70-1a288e2f77c7@group-75987F7FE399-LeaderElection131] INFO  impl.RoleInfo (RoleInfo.java:updateAndGet(143)) - df12c920-952d-4704-9c70-1a288e2f77c7: start FollowerState
2019-10-20 10:28:28,692 [Thread-1116] INFO  impl.FollowerState (FollowerState.java:run(108)) - df12c920-952d-4704-9c70-1a288e2f77c7@group-75987F7FE399-FollowerState: change to CANDIDATE, lastRpcTime:191ms, electionTimeout:191ms
2019-10-20 10:28:28,693 [Thread-1116] INFO  impl.RoleInfo (RoleInfo.java:shutdownFollowerState(121)) - df12c920-952d-4704-9c70-1a288e2f77c7: shutdown FollowerState
2019-10-20 10:28:28,693 [Thread-1116] INFO  impl.RaftServerImpl (RaftServerImpl.java:setRole(184)) - df12c920-952d-4704-9c70-1a288e2f77c7@group-75987F7FE399: changes role from  FOLLOWER to CANDIDATE at term 147 for changeToCandidate
2019-10-20 10:28:28,693 [Thread-1116] INFO  impl.RoleInfo (RoleInfo.java:updateAndGet(143)) - df12c920-952d-4704-9c70-1a288e2f77c7: start LeaderElection
2019-10-20 10:28:28,714 [df12c920-952d-4704-9c70-1a288e2f77c7@group-75987F7FE399-LeaderElection132] INFO  impl.LeaderElection (LeaderElection.java:askForVotes(178)) - df12c920-952d-4704-9c70-1a288e2f77c7@group-75987F7FE399-LeaderElection132: begin an election at term 148 for -1: [875da3d9-0dec-46c7-88bf-73f7a2372b64:192.168.69.89:39990, df12c920-952d-4704-9c70-1a288e2f77c7:192.168.69.89:43948, 9ceef694-dbcf-4070-b7b1-3b3c65b6a699:192.168.69.89:36536], old=null
2019-10-20 10:28:28,718 [grpc-default-executor-3] INFO  impl.RaftServerImpl (RaftServerImpl.java:setRole(184)) - 875da3d9-0dec-46c7-88bf-73f7a2372b64@group-75987F7FE399: changes role from  FOLLOWER to FOLLOWER at term 148 for recognizeCandidate:df12c920-952d-4704-9c70-1a288e2f77c7
2019-10-20 10:28:28,718 [grpc-default-executor-1] INFO  impl.RaftServerImpl (RaftServerImpl.java:setRole(184)) - 9ceef694-dbcf-4070-b7b1-3b3c65b6a699@group-75987F7FE399: changes role from  FOLLOWER to FOLLOWER at term 148 for recognizeCandidate:df12c920-952d-4704-9c70-1a288e2f77c7
2019-10-20 10:28:28,718 [grpc-default-executor-3] INFO  impl.RoleInfo (RoleInfo.java:shutdownFollowerState(121)) - 875da3d9-0dec-46c7-88bf-73f7a2372b64: shutdown FollowerState
2019-10-20 10:28:28,718 [grpc-default-executor-1] INFO  impl.RoleInfo (RoleInfo.java:shutdownFollowerState(121)) - 9ceef694-dbcf-4070-b7b1-3b3c65b6a699: shutdown FollowerState
2019-10-20 10:28:28,718 [grpc-default-executor-3] INFO  impl.RoleInfo (RoleInfo.java:updateAndGet(143)) - 875da3d9-0dec-46c7-88bf-73f7a2372b64: start FollowerState
2019-10-20 10:28:28,718 [Thread-1114] INFO  impl.FollowerState (FollowerState.java:run(117)) - 9ceef694-dbcf-4070-b7b1-3b3c65b6a699@group-75987F7FE399-FollowerState was interrupted: java.lang.InterruptedException: sleep interrupted
2019-10-20 10:28:28,718 [grpc-default-executor-1] INFO  impl.RoleInfo (RoleInfo.java:updateAndGet(143)) - 9ceef694-dbcf-4070-b7b1-3b3c65b6a699: start FollowerState
2019-10-20 10:28:28,718 [Thread-1115] INFO  impl.FollowerState (FollowerState.java:run(117)) - 875da3d9-0dec-46c7-88bf-73f7a2372b64@group-75987F7FE399-FollowerState was interrupted: java.lang.InterruptedException: sleep interrupted
2019-10-20 10:28:28,745 [df12c920-952d-4704-9c70-1a288e2f77c7@group-75987F7FE399-LeaderElection132] INFO  impl.LeaderElection (LeaderElection.java:logAndReturn(56)) - df12c920-952d-4704-9c70-1a288e2f77c7@group-75987F7FE399-LeaderElection132: Election REJECTED; received 2 response(s) [df12c920-952d-4704-9c70-1a288e2f77c7<-875da3d9-0dec-46c7-88bf-73f7a2372b64#0:FAIL-t148, df12c920-952d-4704-9c70-1a288e2f77c7<-9ceef694-dbcf-4070-b7b1-3b3c65b6a699#0:FAIL-t148] and 0 exception(s); df12c920-952d-4704-9c70-1a288e2f77c7@group-75987F7FE399:t148, leader=null, voted=df12c920-952d-4704-9c70-1a288e2f77c7, raftlog=df12c920-952d-4704-9c70-1a288e2f77c7@group-75987F7FE399-SegmentedRaftLog:OPENED:c-1,f-1,i0, conf=-1: [875da3d9-0dec-46c7-88bf-73f7a2372b64:192.168.69.89:39990, df12c920-952d-4704-9c70-1a288e2f77c7:192.168.69.89:43948, 9ceef694-dbcf-4070-b7b1-3b3c65b6a699:192.168.69.89:36536], old=null
2019-10-20 10:28:28,745 [df12c920-952d-4704-9c70-1a288e2f77c7@group-75987F7FE399-LeaderElection132] INFO  impl.RaftServerImpl (RaftServerImpl.java:setRole(184)) - df12c920-952d-4704-9c70-1a288e2f77c7@group-75987F7FE399: changes role from CANDIDATE to FOLLOWER at term 148 for DISCOVERED_A_NEW_TERM
2019-10-20 10:28:28,745 [df12c920-952d-4704-9c70-1a288e2f77c7@group-75987F7FE399-LeaderElection132] INFO  impl.RoleInfo (RoleInfo.java:shutdownLeaderElection(134)) - df12c920-952d-4704-9c70-1a288e2f77c7: shutdown LeaderElection
2019-10-20 10:28:28,745 [df12c920-952d-4704-9c70-1a288e2f77c7@group-75987F7FE399-LeaderElection132] INFO  impl.RoleInfo (RoleInfo.java:updateAndGet(143)) - df12c920-952d-4704-9c70-1a288e2f77c7: start FollowerState
2019-10-20 10:28:28,812 [Thread-1122] INFO  impl.FollowerState (FollowerState.java:run(108)) - df12c920-952d-4704-9c70-1a288e2f77c7@group-75987F7FE399-FollowerState: change to CANDIDATE, lastRpcTime:66ms, electionTimeout:66ms
2019-10-20 10:28:28,812 [Thread-1122] INFO  impl.RoleInfo (RoleInfo.java:shutdownFollowerState(121)) - df12c920-952d-4704-9c70-1a288e2f77c7: shutdown FollowerState
2019-10-20 10:28:28,812 [Thread-1122] INFO  impl.RaftServerImpl (RaftServerImpl.java:setRole(184)) - df12c920-952d-4704-9c70-1a288e2f77c7@group-75987F7FE399: changes role from  FOLLOWER to CANDIDATE at term 148 for changeToCandidate
2019-10-20 10:28:28,812 [Thread-1122] INFO  impl.RoleInfo (RoleInfo.java:updateAndGet(143)) - df12c920-952d-4704-9c70-1a288e2f77c7: start LeaderElection
2019-10-20 10:28:28,827 [df12c920-952d-4704-9c70-1a288e2f77c7@group-75987F7FE399-LeaderElection133] INFO  impl.LeaderElection (LeaderElection.java:askForVotes(178)) - df12c920-952d-4704-9c70-1a288e2f77c7@group-75987F7FE399-LeaderElection133: begin an election at term 149 for -1: [875da3d9-0dec-46c7-88bf-73f7a2372b64:192.168.69.89:39990, df12c920-952d-4704-9c70-1a288e2f77c7:192.168.69.89:43948, 9ceef694-dbcf-4070-b7b1-3b3c65b6a699:192.168.69.89:36536], old=null
2019-10-20 10:28:28,830 [grpc-default-executor-3] INFO  impl.RaftServerImpl (RaftServerImpl.java:setRole(184)) - 875da3d9-0dec-46c7-88bf-73f7a2372b64@group-75987F7FE399: changes role from  FOLLOWER to FOLLOWER at term 149 for recognizeCandidate:df12c920-952d-4704-9c70-1a288e2f77c7
2019-10-20 10:28:28,830 [grpc-default-executor-1] INFO  impl.RaftServerImpl (RaftServerImpl.java:setRole(184)) - 9ceef694-dbcf-4070-b7b1-3b3c65b6a699@group-75987F7FE399: changes role from  FOLLOWER to FOLLOWER at term 149 for recognizeCandidate:df12c920-952d-4704-9c70-1a288e2f77c7
2019-10-20 10:28:28,830 [grpc-default-executor-1] INFO  impl.RoleInfo (RoleInfo.java:shutdownFollowerState(121)) - 9ceef694-dbcf-4070-b7b1-3b3c65b6a699: shutdown FollowerState
2019-10-20 10:28:28,830 [grpc-default-executor-3] INFO  impl.RoleInfo (RoleInfo.java:shutdownFollowerState(121)) - 875da3d9-0dec-46c7-88bf-73f7a2372b64: shutdown FollowerState
2019-10-20 10:28:28,830 [grpc-default-executor-1] INFO  impl.RoleInfo (RoleInfo.java:updateAndGet(143)) - 9ceef694-dbcf-4070-b7b1-3b3c65b6a699: start FollowerState
2019-10-20 10:28:28,830 [grpc-default-executor-3] INFO  impl.RoleInfo (RoleInfo.java:updateAndGet(143)) - 875da3d9-0dec-46c7-88bf-73f7a2372b64: start FollowerState
2019-10-20 10:28:28,830 [Thread-1121] INFO  impl.FollowerState (FollowerState.java:run(117)) - 9ceef694-dbcf-4070-b7b1-3b3c65b6a699@group-75987F7FE399-FollowerState was interrupted: java.lang.InterruptedException: sleep interrupted
2019-10-20 10:28:28,831 [Thread-1120] INFO  impl.FollowerState (FollowerState.java:run(117)) - 875da3d9-0dec-46c7-88bf-73f7a2372b64@group-75987F7FE399-FollowerState was interrupted: java.lang.InterruptedException: sleep interrupted
2019-10-20 10:28:28,857 [df12c920-952d-4704-9c70-1a288e2f77c7@group-75987F7FE399-LeaderElection133] INFO  impl.LeaderElection (LeaderElection.java:logAndReturn(56)) - df12c920-952d-4704-9c70-1a288e2f77c7@group-75987F7FE399-LeaderElection133: Election REJECTED; received 2 response(s) [df12c920-952d-4704-9c70-1a288e2f77c7<-875da3d9-0dec-46c7-88bf-73f7a2372b64#0:FAIL-t149, df12c920-952d-4704-9c70-1a288e2f77c7<-9ceef694-dbcf-4070-b7b1-3b3c65b6a699#0:FAIL-t149] and 0 exception(s); df12c920-952d-4704-9c70-1a288e2f77c7@group-75987F7FE399:t149, leader=null, voted=df12c920-952d-4704-9c70-1a288e2f77c7, raftlog=df12c920-952d-4704-9c70-1a288e2f77c7@group-75987F7FE399-SegmentedRaftLog:OPENED:c-1,f-1,i0, conf=-1: [875da3d9-0dec-46c7-88bf-73f7a2372b64:192.168.69.89:39990, df12c920-952d-4704-9c70-1a288e2f77c7:192.168.69.89:43948, 9ceef694-dbcf-4070-b7b1-3b3c65b6a699:192.168.69.89:36536], old=null
2019-10-20 10:28:28,857 [df12c920-952d-4704-9c70-1a288e2f77c7@group-75987F7FE399-LeaderElection133] INFO  impl.RaftServerImpl (RaftServerImpl.java:setRole(184)) - df12c920-952d-4704-9c70-1a288e2f77c7@group-75987F7FE399: changes role from CANDIDATE to FOLLOWER at term 149 for DISCOVERED_A_NEW_TERM
2019-10-20 10:28:28,857 [df12c920-952d-4704-9c70-1a288e2f77c7@group-75987F7FE399-LeaderElection133] INFO  impl.RoleInfo (RoleInfo.java:shutdownLeaderElection(134)) - df12c920-952d-4704-9c70-1a288e2f77c7: shutdown LeaderElection
2019-10-20 10:28:28,857 [df12c920-952d-4704-9c70-1a288e2f77c7@group-75987F7FE399-LeaderElection133] INFO  impl.RoleInfo (RoleInfo.java:updateAndGet(143)) - df12c920-952d-4704-9c70-1a288e2f77c7: start FollowerState
2019-10-20 10:28:28,954 [Thread-1130] INFO  impl.FollowerState (FollowerState.java:run(108)) - df12c920-952d-4704-9c70-1a288e2f77c7@group-75987F7FE399-FollowerState: change to CANDIDATE, lastRpcTime:96ms, electionTimeout:96ms
2019-10-20 10:28:28,954 [Thread-1130] INFO  impl.RoleInfo (RoleInfo.java:shutdownFollowerState(121)) - df12c920-952d-4704-9c70-1a288e2f77c7: shutdown FollowerState
2019-10-20 10:28:28,954 [Thread-1130] INFO  impl.RaftServerImpl (RaftServerImpl.java:setRole(184)) - df12c920-952d-4704-9c70-1a288e2f77c7@group-75987F7FE399: changes role from  FOLLOWER to CANDIDATE at term 149 for changeToCandidate
2019-10-20 10:28:28,954 [Thread-1130] INFO  impl.RoleInfo (RoleInfo.java:updateAndGet(143)) - df12c920-952d-4704-9c70-1a288e2f77c7: start LeaderElection
2019-10-20 10:28:28,968 [df12c920-952d-4704-9c70-1a288e2f77c7@group-75987F7FE399-LeaderElection134] INFO  impl.LeaderElection (LeaderElection.java:askForVotes(178)) - df12c920-952d-4704-9c70-1a288e2f77c7@group-75987F7FE399-LeaderElection134: begin an election at term 150 for -1: [875da3d9-0dec-46c7-88bf-73f7a2372b64:192.168.69.89:39990, df12c920-952d-4704-9c70-1a288e2f77c7:192.168.69.89:43948, 9ceef694-dbcf-4070-b7b1-3b3c65b6a699:192.168.69.89:36536], old=null
2019-10-20 10:28:28,970 [grpc-default-executor-3] INFO  impl.RaftServerImpl (RaftServerImpl.java:setRole(184)) - 9ceef694-dbcf-4070-b7b1-3b3c65b6a699@group-75987F7FE399: changes role from  FOLLOWER to FOLLOWER at term 150 for recognizeCandidate:df12c920-952d-4704-9c70-1a288e2f77c7
2019-10-20 10:28:28,970 [grpc-default-executor-1] INFO  impl.RaftServerImpl (RaftServerImpl.java:setRole(184)) - 875da3d9-0dec-46c7-88bf-73f7a2372b64@group-75987F7FE399: changes role from  FOLLOWER to FOLLOWER at term 150 for recognizeCandidate:df12c920-952d-4704-9c70-1a288e2f77c7
2019-10-20 10:28:28,971 [grpc-default-executor-1] INFO  impl.RoleInfo (RoleInfo.java:shutdownFollowerState(121)) - 875da3d9-0dec-46c7-88bf-73f7a2372b64: shutdown FollowerState
2019-10-20 10:28:28,971 [grpc-default-executor-3] INFO  impl.RoleInfo (RoleInfo.java:shutdownFollowerState(121)) - 9ceef694-dbcf-4070-b7b1-3b3c65b6a699: shutdown FollowerState
2019-10-20 10:28:28,971 [Thread-1129] INFO  impl.FollowerState (FollowerState.java:run(117)) - 875da3d9-0dec-46c7-88bf-73f7a2372b64@group-75987F7FE399-FollowerState was interrupted: java.lang.InterruptedException: sleep interrupted
2019-10-20 10:28:28,971 [grpc-default-executor-1] INFO  impl.RoleInfo (RoleInfo.java:updateAndGet(143)) - 875da3d9-0dec-46c7-88bf-73f7a2372b64: start FollowerState
2019-10-20 10:28:28,971 [Thread-1128] INFO  impl.FollowerState (FollowerState.java:run(117)) - 9ceef694-dbcf-4070-b7b1-3b3c65b6a699@group-75987F7FE399-FollowerState was interrupted: java.lang.InterruptedException: sleep interrupted
2019-10-20 10:28:28,971 [grpc-default-executor-3] INFO  impl.RoleInfo (RoleInfo.java:updateAndGet(143)) - 9ceef694-dbcf-4070-b7b1-3b3c65b6a699: start FollowerState
2019-10-20 10:28:28,990 [df12c920-952d-4704-9c70-1a288e2f77c7@group-75987F7FE399-LeaderElection134] INFO  impl.LeaderElection (LeaderElection.java:logAndReturn(56)) - df12c920-952d-4704-9c70-1a288e2f77c7@group-75987F7FE399-LeaderElection134: Election REJECTED; received 2 response(s) [df12c920-952d-4704-9c70-1a288e2f77c7<-875da3d9-0dec-46c7-88bf-73f7a2372b64#0:FAIL-t150, df12c920-952d-4704-9c70-1a288e2f77c7<-9ceef694-dbcf-4070-b7b1-3b3c65b6a699#0:FAIL-t150] and 0 exception(s); df12c920-952d-4704-9c70-1a288e2f77c7@group-75987F7FE399:t150, leader=null, voted=df12c920-952d-4704-9c70-1a288e2f77c7, raftlog=df12c920-952d-4704-9c70-1a288e2f77c7@group-75987F7FE399-SegmentedRaftLog:OPENED:c-1,f-1,i0, conf=-1: [875da3d9-0dec-46c7-88bf-73f7a2372b64:192.168.69.89:39990, df12c920-952d-4704-9c70-1a288e2f77c7:192.168.69.89:43948, 9ceef694-dbcf-4070-b7b1-3b3c65b6a699:192.168.69.89:36536], old=null
2019-10-20 10:28:28,990 [df12c920-952d-4704-9c70-1a288e2f77c7@group-75987F7FE399-LeaderElection134] INFO  impl.RaftServerImpl (RaftServerImpl.java:setRole(184)) - df12c920-952d-4704-9c70-1a288e2f77c7@group-75987F7FE399: changes role from CANDIDATE to FOLLOWER at term 150 for DISCOVERED_A_NEW_TERM
2019-10-20 10:28:28,990 [df12c920-952d-4704-9c70-1a288e2f77c7@group-75987F7FE399-LeaderElection134] INFO  impl.RoleInfo (RoleInfo.java:shutdownLeaderElection(134)) - df12c920-952d-4704-9c70-1a288e2f77c7: shutdown LeaderElection
2019-10-20 10:28:28,990 [df12c920-952d-4704-9c70-1a288e2f77c7@group-75987F7FE399-LeaderElection134] INFO  impl.RoleInfo (RoleInfo.java:updateAndGet(143)) - df12c920-952d-4704-9c70-1a288e2f77c7: start FollowerState
2019-10-20 10:28:29,127 [Thread-1136] INFO  impl.FollowerState (FollowerState.java:run(108)) - df12c920-952d-4704-9c70-1a288e2f77c7@group-75987F7FE399-FollowerState: change to CANDIDATE, lastRpcTime:137ms, electionTimeout:137ms
2019-10-20 10:28:29,128 [Thread-1136] INFO  impl.RoleInfo (RoleInfo.java:shutdownFollowerState(121)) - df12c920-952d-4704-9c70-1a288e2f77c7: shutdown FollowerState
2019-10-20 10:28:29,128 [Thread-1136] INFO  impl.RaftServerImpl (RaftServerImpl.java:setRole(184)) - df12c920-952d-4704-9c70-1a288e2f77c7@group-75987F7FE399: changes role from  FOLLOWER to CANDIDATE at term 150 for changeToCandidate
2019-10-20 10:28:29,128 [Thread-1136] INFO  impl.RoleInfo (RoleInfo.java:updateAndGet(143)) - df12c920-952d-4704-9c70-1a288e2f77c7: start LeaderElection
2019-10-20 10:28:29,142 [df12c920-952d-4704-9c70-1a288e2f77c7@group-75987F7FE399-LeaderElection135] INFO  impl.LeaderElection (LeaderElection.java:askForVotes(178)) - df12c920-952d-4704-9c70-1a288e2f77c7@group-75987F7FE399-LeaderElection135: begin an election at term 151 for -1: [875da3d9-0dec-46c7-88bf-73f7a2372b64:192.168.69.89:39990, df12c920-952d-4704-9c70-1a288e2f77c7:192.168.69.89:43948, 9ceef694-dbcf-4070-b7b1-3b3c65b6a699:192.168.69.89:36536], old=null
2019-10-20 10:28:29,144 [grpc-default-executor-1] INFO  impl.RaftServerImpl (RaftServerImpl.java:setRole(184)) - 875da3d9-0dec-46c7-88bf-73f7a2372b64@group-75987F7FE399: changes role from  FOLLOWER to FOLLOWER at term 151 for recognizeCandidate:df12c920-952d-4704-9c70-1a288e2f77c7
2019-10-20 10:28:29,144 [grpc-default-executor-1] INFO  impl.RoleInfo (RoleInfo.java:shutdownFollowerState(121)) - 875da3d9-0dec-46c7-88bf-73f7a2372b64: shutdown FollowerState
2019-10-20 10:28:29,145 [grpc-default-executor-1] INFO  impl.RoleInfo (RoleInfo.java:updateAndGet(143)) - 875da3d9-0dec-46c7-88bf-73f7a2372b64: start FollowerState
2019-10-20 10:28:29,145 [Thread-1134] INFO  impl.FollowerState (FollowerState.java:run(117)) - 875da3d9-0dec-46c7-88bf-73f7a2372b64@group-75987F7FE399-FollowerState was interrupted: java.lang.InterruptedException: sleep interrupted
2019-10-20 10:28:29,145 [grpc-default-executor-3] INFO  impl.RaftServerImpl (RaftServerImpl.java:setRole(184)) - 9ceef694-dbcf-4070-b7b1-3b3c65b6a699@group-75987F7FE399: changes role from  FOLLOWER to FOLLOWER at term 151 for recognizeCandidate:df12c920-952d-4704-9c70-1a288e2f77c7
2019-10-20 10:28:29,145 [grpc-default-executor-3] INFO  impl.RoleInfo (RoleInfo.java:shutdownFollowerState(121)) - 9ceef694-dbcf-4070-b7b1-3b3c65b6a699: shutdown FollowerState
2019-10-20 10:28:29,145 [grpc-default-executor-3] INFO  impl.RoleInfo (RoleInfo.java:updateAndGet(143)) - 9ceef694-dbcf-4070-b7b1-3b3c65b6a699: start FollowerState
2019-10-20 10:28:29,145 [Thread-1135] INFO  impl.FollowerState (FollowerState.java:run(117)) - 9ceef694-dbcf-4070-b7b1-3b3c65b6a699@group-75987F7FE399-FollowerState was interrupted: java.lang.InterruptedException: sleep interrupted
2019-10-20 10:28:29,159 [df12c920-952d-4704-9c70-1a288e2f77c7@group-75987F7FE399-LeaderElection135] INFO  impl.LeaderElection (LeaderElection.java:logAndReturn(56)) - df12c920-952d-4704-9c70-1a288e2f77c7@group-75987F7FE399-LeaderElection135: Election REJECTED; received 2 response(s) [df12c920-952d-4704-9c70-1a288e2f77c7<-875da3d9-0dec-46c7-88bf-73f7a2372b64#0:FAIL-t151, df12c920-952d-4704-9c70-1a288e2f77c7<-9ceef694-dbcf-4070-b7b1-3b3c65b6a699#0:FAIL-t151] and 0 exception(s); df12c920-952d-4704-9c70-1a288e2f77c7@group-75987F7FE399:t151, leader=null, voted=df12c920-952d-4704-9c70-1a288e2f77c7, raftlog=df12c920-952d-4704-9c70-1a288e2f77c7@group-75987F7FE399-SegmentedRaftLog:OPENED:c-1,f-1,i0, conf=-1: [875da3d9-0dec-46c7-88bf-73f7a2372b64:192.168.69.89:39990, df12c920-952d-4704-9c70-1a288e2f77c7:192.168.69.89:43948, 9ceef694-dbcf-4070-b7b1-3b3c65b6a699:192.168.69.89:36536], old=null
2019-10-20 10:28:29,159 [df12c920-952d-4704-9c70-1a288e2f77c7@group-75987F7FE399-LeaderElection135] INFO  impl.RaftServerImpl (RaftServerImpl.java:setRole(184)) - df12c920-952d-4704-9c70-1a288e2f77c7@group-75987F7FE399: changes role from CANDIDATE to FOLLOWER at term 151 for DISCOVERED_A_NEW_TERM
2019-10-20 10:28:29,160 [df12c920-952d-4704-9c70-1a288e2f77c7@group-75987F7FE399-LeaderElection135] INFO  impl.RoleInfo (RoleInfo.java:shutdownLeaderElection(134)) - df12c920-952d-4704-9c70-1a288e2f77c7: shutdown LeaderElection
2019-10-20 10:28:29,160 [df12c920-952d-4704-9c70-1a288e2f77c7@group-75987F7FE399-LeaderElection135] INFO  impl.RoleInfo (RoleInfo.java:updateAndGet(143)) - df12c920-952d-4704-9c70-1a288e2f77c7: start FollowerState
2019-10-20 10:28:29,242 [Thread-1142] INFO  impl.FollowerState (FollowerState.java:run(108)) - df12c920-952d-4704-9c70-1a288e2f77c7@group-75987F7FE399-FollowerState: change to CANDIDATE, lastRpcTime:82ms, electionTimeout:82ms
2019-10-20 10:28:29,242 [Thread-1142] INFO  impl.RoleInfo (RoleInfo.java:shutdownFollowerState(121)) - df12c920-952d-4704-9c70-1a288e2f77c7: shutdown FollowerState
2019-10-20 10:28:29,242 [Thread-1142] INFO  impl.RaftServerImpl (RaftServerImpl.java:setRole(184)) - df12c920-952d-4704-9c70-1a288e2f77c7@group-75987F7FE399: changes role from  FOLLOWER to CANDIDATE at term 151 for changeToCandidate
2019-10-20 10:28:29,243 [Thread-1142] INFO  impl.RoleInfo (RoleInfo.java:updateAndGet(143)) - df12c920-952d-4704-9c70-1a288e2f77c7: start LeaderElection
2019-10-20 10:28:29,264 [df12c920-952d-4704-9c70-1a288e2f77c7@group-75987F7FE399-LeaderElection136] INFO  impl.LeaderElection (LeaderElection.java:askForVotes(178)) - df12c920-952d-4704-9c70-1a288e2f77c7@group-75987F7FE399-LeaderElection136: begin an election at term 152 for -1: [875da3d9-0dec-46c7-88bf-73f7a2372b64:192.168.69.89:39990, df12c920-952d-4704-9c70-1a288e2f77c7:192.168.69.89:43948, 9ceef694-dbcf-4070-b7b1-3b3c65b6a699:192.168.69.89:36536], old=null
2019-10-20 10:28:29,267 [grpc-default-executor-3] INFO  impl.RaftServerImpl (RaftServerImpl.java:setRole(184)) - 875da3d9-0dec-46c7-88bf-73f7a2372b64@group-75987F7FE399: changes role from  FOLLOWER to FOLLOWER at term 152 for recognizeCandidate:df12c920-952d-4704-9c70-1a288e2f77c7
2019-10-20 10:28:29,267 [grpc-default-executor-3] INFO  impl.RoleInfo (RoleInfo.java:shutdownFollowerState(121)) - 875da3d9-0dec-46c7-88bf-73f7a2372b64: shutdown FollowerState
2019-10-20 10:28:29,267 [grpc-default-executor-1] INFO  impl.RaftServerImpl (RaftServerImpl.java:setRole(184)) - 9ceef694-dbcf-4070-b7b1-3b3c65b6a699@group-75987F7FE399: changes role from  FOLLOWER to FOLLOWER at term 152 for recognizeCandidate:df12c920-952d-4704-9c70-1a288e2f77c7
2019-10-20 10:28:29,267 [Thread-1140] INFO  impl.FollowerState (FollowerState.java:run(117)) - 875da3d9-0dec-46c7-88bf-73f7a2372b64@group-75987F7FE399-FollowerState was interrupted: java.lang.InterruptedException: sleep interrupted
2019-10-20 10:28:29,267 [grpc-default-executor-3] INFO  impl.RoleInfo (RoleInfo.java:updateAndGet(143)) - 875da3d9-0dec-46c7-88bf-73f7a2372b64: start FollowerState
2019-10-20 10:28:29,267 [grpc-default-executor-1] INFO  impl.RoleInfo (RoleInfo.java:shutdownFollowerState(121)) - 9ceef694-dbcf-4070-b7b1-3b3c65b6a699: shutdown FollowerState
2019-10-20 10:28:29,268 [grpc-default-executor-1] INFO  impl.RoleInfo (RoleInfo.java:updateAndGet(143)) - 9ceef694-dbcf-4070-b7b1-3b3c65b6a699: start FollowerState
2019-10-20 10:28:29,268 [Thread-1141] INFO  impl.FollowerState (FollowerState.java:run(117)) - 9ceef694-dbcf-4070-b7b1-3b3c65b6a699@group-75987F7FE399-FollowerState was interrupted: java.lang.InterruptedException: sleep interrupted
2019-10-20 10:28:29,282 [df12c920-952d-4704-9c70-1a288e2f77c7@group-75987F7FE399-LeaderElection136] INFO  impl.LeaderElection (LeaderElection.java:logAndReturn(56)) - df12c920-952d-4704-9c70-1a288e2f77c7@group-75987F7FE399-LeaderElection136: Election REJECTED; received 2 response(s) [df12c920-952d-4704-9c70-1a288e2f77c7<-875da3d9-0dec-46c7-88bf-73f7a2372b64#0:FAIL-t152, df12c920-952d-4704-9c70-1a288e2f77c7<-9ceef694-dbcf-4070-b7b1-3b3c65b6a699#0:FAIL-t152] and 0 exception(s); df12c920-952d-4704-9c70-1a288e2f77c7@group-75987F7FE399:t152, leader=null, voted=df12c920-952d-4704-9c70-1a288e2f77c7, raftlog=df12c920-952d-4704-9c70-1a288e2f77c7@group-75987F7FE399-SegmentedRaftLog:OPENED:c-1,f-1,i0, conf=-1: [875da3d9-0dec-46c7-88bf-73f7a2372b64:192.168.69.89:39990, df12c920-952d-4704-9c70-1a288e2f77c7:192.168.69.89:43948, 9ceef694-dbcf-4070-b7b1-3b3c65b6a699:192.168.69.89:36536], old=null
2019-10-20 10:28:29,282 [df12c920-952d-4704-9c70-1a288e2f77c7@group-75987F7FE399-LeaderElection136] INFO  impl.RaftServerImpl (RaftServerImpl.java:setRole(184)) - df12c920-952d-4704-9c70-1a288e2f77c7@group-75987F7FE399: changes role from CANDIDATE to FOLLOWER at term 152 for DISCOVERED_A_NEW_TERM
2019-10-20 10:28:29,282 [df12c920-952d-4704-9c70-1a288e2f77c7@group-75987F7FE399-LeaderElection136] INFO  impl.RoleInfo (RoleInfo.java:shutdownLeaderElection(134)) - df12c920-952d-4704-9c70-1a288e2f77c7: shutdown LeaderElection
2019-10-20 10:28:29,282 [df12c920-952d-4704-9c70-1a288e2f77c7@group-75987F7FE399-LeaderElection136] INFO  impl.RoleInfo (RoleInfo.java:updateAndGet(143)) - df12c920-952d-4704-9c70-1a288e2f77c7: start FollowerState
2019-10-20 10:28:29,299 [Thread-1148] INFO  impl.FollowerState (FollowerState.java:run(108)) - df12c920-952d-4704-9c70-1a288e2f77c7@group-75987F7FE399-FollowerState: change to CANDIDATE, lastRpcTime:16ms, electionTimeout:16ms
2019-10-20 10:28:29,299 [Thread-1148] INFO  impl.RoleInfo (RoleInfo.java:shutdownFollowerState(121)) - df12c920-952d-4704-9c70-1a288e2f77c7: shutdown FollowerState
2019-10-20 10:28:29,299 [Thread-1148] INFO  impl.RaftServerImpl (RaftServerImpl.java:setRole(184)) - df12c920-952d-4704-9c70-1a288e2f77c7@group-75987F7FE399: changes role from  FOLLOWER to CANDIDATE at term 152 for changeToCandidate
2019-10-20 10:28:29,299 [Thread-1148] INFO  impl.RoleInfo (RoleInfo.java:updateAndGet(143)) - df12c920-952d-4704-9c70-1a288e2f77c7: start LeaderElection
2019-10-20 10:28:29,314 [df12c920-952d-4704-9c70-1a288e2f77c7@group-75987F7FE399-LeaderElection137] INFO  impl.LeaderElection (LeaderElection.java:askForVotes(178)) - df12c920-952d-4704-9c70-1a288e2f77c7@group-75987F7FE399-LeaderElection137: begin an election at term 153 for -1: [875da3d9-0dec-46c7-88bf-73f7a2372b64:192.168.69.89:39990, df12c920-952d-4704-9c70-1a288e2f77c7:192.168.69.89:43948, 9ceef694-dbcf-4070-b7b1-3b3c65b6a699:192.168.69.89:36536], old=null
2019-10-20 10:28:29,316 [grpc-default-executor-1] INFO  impl.RaftServerImpl (RaftServerImpl.java:setRole(184)) - 875da3d9-0dec-46c7-88bf-73f7a2372b64@group-75987F7FE399: changes role from  FOLLOWER to FOLLOWER at term 153 for recognizeCandidate:df12c920-952d-4704-9c70-1a288e2f77c7
2019-10-20 10:28:29,316 [grpc-default-executor-1] INFO  impl.RoleInfo (RoleInfo.java:shutdownFollowerState(121)) - 875da3d9-0dec-46c7-88bf-73f7a2372b64: shutdown FollowerState
2019-10-20 10:28:29,316 [grpc-default-executor-3] INFO  impl.RaftServerImpl (RaftServerImpl.java:setRole(184)) - 9ceef694-dbcf-4070-b7b1-3b3c65b6a699@group-75987F7FE399: changes role from  FOLLOWER to FOLLOWER at term 153 for recognizeCandidate:df12c920-952d-4704-9c70-1a288e2f77c7
2019-10-20 10:28:29,316 [grpc-default-executor-3] INFO  impl.RoleInfo (RoleInfo.java:shutdownFollowerState(121)) - 9ceef694-dbcf-4070-b7b1-3b3c65b6a699: shutdown FollowerState
2019-10-20 10:28:29,316 [Thread-1146] INFO  impl.FollowerState (FollowerState.java:run(117)) - 875da3d9-0dec-46c7-88bf-73f7a2372b64@group-75987F7FE399-FollowerState was interrupted: java.lang.InterruptedException: sleep interrupted
2019-10-20 10:28:29,316 [grpc-default-executor-1] INFO  impl.RoleInfo (RoleInfo.java:updateAndGet(143)) - 875da3d9-0dec-46c7-88bf-73f7a2372b64: start FollowerState
2019-10-20 10:28:29,317 [Thread-1147] INFO  impl.FollowerState (FollowerState.java:run(117)) - 9ceef694-dbcf-4070-b7b1-3b3c65b6a699@group-75987F7FE399-FollowerState was interrupted: java.lang.InterruptedException: sleep interrupted
2019-10-20 10:28:29,317 [grpc-default-executor-3] INFO  impl.RoleInfo (RoleInfo.java:updateAndGet(143)) - 9ceef694-dbcf-4070-b7b1-3b3c65b6a699: start FollowerState
2019-10-20 10:28:29,320 [df12c920-952d-4704-9c70-1a288e2f77c7@group-75987F7FE399-LeaderElection137] INFO  impl.LeaderElection (LeaderElection.java:logAndReturn(56)) - df12c920-952d-4704-9c70-1a288e2f77c7@group-75987F7FE399-LeaderElection137: Election TIMEOUT; received 0 response(s) [] and 0 exception(s); df12c920-952d-4704-9c70-1a288e2f77c7@group-75987F7FE399:t153, leader=null, voted=df12c920-952d-4704-9c70-1a288e2f77c7, raftlog=df12c920-952d-4704-9c70-1a288e2f77c7@group-75987F7FE399-SegmentedRaftLog:OPENED:c-1,f-1,i0, conf=-1: [875da3d9-0dec-46c7-88bf-73f7a2372b64:192.168.69.89:39990, df12c920-952d-4704-9c70-1a288e2f77c7:192.168.69.89:43948, 9ceef694-dbcf-4070-b7b1-3b3c65b6a699:192.168.69.89:36536], old=null
2019-10-20 10:28:29,342 [df12c920-952d-4704-9c70-1a288e2f77c7@group-75987F7FE399-LeaderElection137] INFO  impl.LeaderElection (LeaderElection.java:askForVotes(178)) - df12c920-952d-4704-9c70-1a288e2f77c7@group-75987F7FE399-LeaderElection137: begin an election at term 154 for -1: [875da3d9-0dec-46c7-88bf-73f7a2372b64:192.168.69.89:39990, df12c920-952d-4704-9c70-1a288e2f77c7:192.168.69.89:43948, 9ceef694-dbcf-4070-b7b1-3b3c65b6a699:192.168.69.89:36536], old=null
2019-10-20 10:28:29,344 [grpc-default-executor-3] INFO  impl.RaftServerImpl (RaftServerImpl.java:setRole(184)) - 875da3d9-0dec-46c7-88bf-73f7a2372b64@group-75987F7FE399: changes role from  FOLLOWER to FOLLOWER at term 154 for recognizeCandidate:df12c920-952d-4704-9c70-1a288e2f77c7
2019-10-20 10:28:29,344 [grpc-default-executor-3] INFO  impl.RoleInfo (RoleInfo.java:shutdownFollowerState(121)) - 875da3d9-0dec-46c7-88bf-73f7a2372b64: shutdown FollowerState
2019-10-20 10:28:29,344 [grpc-default-executor-3] INFO  impl.RoleInfo (RoleInfo.java:updateAndGet(143)) - 875da3d9-0dec-46c7-88bf-73f7a2372b64: start FollowerState
2019-10-20 10:28:29,344 [Thread-1152] INFO  impl.FollowerState (FollowerState.java:run(117)) - 875da3d9-0dec-46c7-88bf-73f7a2372b64@group-75987F7FE399-FollowerState was interrupted: java.lang.InterruptedException: sleep interrupted
2019-10-20 10:28:29,345 [grpc-default-executor-1] INFO  impl.RaftServerImpl (RaftServerImpl.java:setRole(184)) - 9ceef694-dbcf-4070-b7b1-3b3c65b6a699@group-75987F7FE399: changes role from  FOLLOWER to FOLLOWER at term 154 for recognizeCandidate:df12c920-952d-4704-9c70-1a288e2f77c7
2019-10-20 10:28:29,345 [grpc-default-executor-1] INFO  impl.RoleInfo (RoleInfo.java:shutdownFollowerState(121)) - 9ceef694-dbcf-4070-b7b1-3b3c65b6a699: shutdown FollowerState
2019-10-20 10:28:29,345 [grpc-default-executor-1] INFO  impl.RoleInfo (RoleInfo.java:updateAndGet(143)) - 9ceef694-dbcf-4070-b7b1-3b3c65b6a699: start FollowerState
2019-10-20 10:28:29,345 [Thread-1153] INFO  impl.FollowerState (FollowerState.java:run(117)) - 9ceef694-dbcf-4070-b7b1-3b3c65b6a699@group-75987F7FE399-FollowerState was interrupted: java.lang.InterruptedException: sleep interrupted
2019-10-20 10:28:29,371 [df12c920-952d-4704-9c70-1a288e2f77c7@group-75987F7FE399-LeaderElection137] INFO  impl.LeaderElection (LeaderElection.java:logAndReturn(56)) - df12c920-952d-4704-9c70-1a288e2f77c7@group-75987F7FE399-LeaderElection137: Election REJECTED; received 2 response(s) [df12c920-952d-4704-9c70-1a288e2f77c7<-875da3d9-0dec-46c7-88bf-73f7a2372b64#0:FAIL-t154, df12c920-952d-4704-9c70-1a288e2f77c7<-9ceef694-dbcf-4070-b7b1-3b3c65b6a699#0:FAIL-t154] and 0 exception(s); df12c920-952d-4704-9c70-1a288e2f77c7@group-75987F7FE399:t154, leader=null, voted=df12c920-952d-4704-9c70-1a288e2f77c7, raftlog=df12c920-952d-4704-9c70-1a288e2f77c7@group-75987F7FE399-SegmentedRaftLog:OPENED:c-1,f-1,i0, conf=-1: [875da3d9-0dec-46c7-88bf-73f7a2372b64:192.168.69.89:39990, df12c920-952d-4704-9c70-1a288e2f77c7:192.168.69.89:43948, 9ceef694-dbcf-4070-b7b1-3b3c65b6a699:192.168.69.89:36536], old=null
2019-10-20 10:28:29,371 [df12c920-952d-4704-9c70-1a288e2f77c7@group-75987F7FE399-LeaderElection137] INFO  impl.RaftServerImpl (RaftServerImpl.java:setRole(184)) - df12c920-952d-4704-9c70-1a288e2f77c7@group-75987F7FE399: changes role from CANDIDATE to FOLLOWER at term 154 for DISCOVERED_A_NEW_TERM
2019-10-20 10:28:29,371 [df12c920-952d-4704-9c70-1a288e2f77c7@group-75987F7FE399-LeaderElection137] INFO  impl.RoleInfo (RoleInfo.java:shutdownLeaderElection(134)) - df12c920-952d-4704-9c70-1a288e2f77c7: shutdown LeaderElection
2019-10-20 10:28:29,372 [df12c920-952d-4704-9c70-1a288e2f77c7@group-75987F7FE399-LeaderElection137] INFO  impl.RoleInfo (RoleInfo.java:updateAndGet(143)) - df12c920-952d-4704-9c70-1a288e2f77c7: start FollowerState
2019-10-20 10:28:29,526 [Thread-1158] INFO  impl.FollowerState (FollowerState.java:run(108)) - df12c920-952d-4704-9c70-1a288e2f77c7@group-75987F7FE399-FollowerState: change to CANDIDATE, lastRpcTime:154ms, electionTimeout:154ms
2019-10-20 10:28:29,527 [Thread-1158] INFO  impl.RoleInfo (RoleInfo.java:shutdownFollowerState(121)) - df12c920-952d-4704-9c70-1a288e2f77c7: shutdown FollowerState
2019-10-20 10:28:29,527 [Thread-1158] INFO  impl.RaftServerImpl (RaftServerImpl.java:setRole(184)) - df12c920-952d-4704-9c70-1a288e2f77c7@group-75987F7FE399: changes role from  FOLLOWER to CANDIDATE at term 154 for changeToCandidate
2019-10-20 10:28:29,527 [Thread-1158] INFO  impl.RoleInfo (RoleInfo.java:updateAndGet(143)) - df12c920-952d-4704-9c70-1a288e2f77c7: start LeaderElection
2019-10-20 10:28:29,569 [df12c920-952d-4704-9c70-1a288e2f77c7@group-75987F7FE399-LeaderElection138] INFO  impl.LeaderElection (LeaderElection.java:askForVotes(178)) - df12c920-952d-4704-9c70-1a288e2f77c7@group-75987F7FE399-LeaderElection138: begin an election at term 155 for -1: [875da3d9-0dec-46c7-88bf-73f7a2372b64:192.168.69.89:39990, df12c920-952d-4704-9c70-1a288e2f77c7:192.168.69.89:43948, 9ceef694-dbcf-4070-b7b1-3b3c65b6a699:192.168.69.89:36536], old=null
2019-10-20 10:28:29,573 [grpc-default-executor-1] INFO  impl.RaftServerImpl (RaftServerImpl.java:setRole(184)) - 9ceef694-dbcf-4070-b7b1-3b3c65b6a699@group-75987F7FE399: changes role from  FOLLOWER to FOLLOWER at term 155 for recognizeCandidate:df12c920-952d-4704-9c70-1a288e2f77c7
2019-10-20 10:28:29,574 [grpc-default-executor-1] INFO  impl.RoleInfo (RoleInfo.java:shutdownFollowerState(121)) - 9ceef694-dbcf-4070-b7b1-3b3c65b6a699: shutdown FollowerState
2019-10-20 10:28:29,574 [grpc-default-executor-1] INFO  impl.RoleInfo (RoleInfo.java:updateAndGet(143)) - 9ceef694-dbcf-4070-b7b1-3b3c65b6a699: start FollowerState
2019-10-20 10:28:29,574 [Thread-1157] INFO  impl.FollowerState (FollowerState.java:run(117)) - 9ceef694-dbcf-4070-b7b1-3b3c65b6a699@group-75987F7FE399-FollowerState was interrupted: java.lang.InterruptedException: sleep interrupted
2019-10-20 10:28:29,575 [grpc-default-executor-3] INFO  impl.RaftServerImpl (RaftServerImpl.java:setRole(184)) - 875da3d9-0dec-46c7-88bf-73f7a2372b64@group-75987F7FE399: changes role from  FOLLOWER to FOLLOWER at term 155 for recognizeCandidate:df12c920-952d-4704-9c70-1a288e2f77c7
2019-10-20 10:28:29,575 [grpc-default-executor-3] INFO  impl.RoleInfo (RoleInfo.java:shutdownFollowerState(121)) - 875da3d9-0dec-46c7-88bf-73f7a2372b64: shutdown FollowerState
2019-10-20 10:28:29,575 [grpc-default-executor-3] INFO  impl.RoleInfo (RoleInfo.java:updateAndGet(143)) - 875da3d9-0dec-46c7-88bf-73f7a2372b64: start FollowerState
2019-10-20 10:28:29,575 [Thread-1156] INFO  impl.FollowerState (FollowerState.java:run(117)) - 875da3d9-0dec-46c7-88bf-73f7a2372b64@group-75987F7FE399-FollowerState was interrupted: java.lang.InterruptedException: sleep interrupted
2019-10-20 10:28:29,589 [df12c920-952d-4704-9c70-1a288e2f77c7@group-75987F7FE399-LeaderElection138] INFO  impl.LeaderElection (LeaderElection.java:logAndReturn(56)) - df12c920-952d-4704-9c70-1a288e2f77c7@group-75987F7FE399-LeaderElection138: Election REJECTED; received 2 response(s) [df12c920-952d-4704-9c70-1a288e2f77c7<-875da3d9-0dec-46c7-88bf-73f7a2372b64#0:FAIL-t155, df12c920-952d-4704-9c70-1a288e2f77c7<-9ceef694-dbcf-4070-b7b1-3b3c65b6a699#0:FAIL-t155] and 0 exception(s); df12c920-952d-4704-9c70-1a288e2f77c7@group-75987F7FE399:t155, leader=null, voted=df12c920-952d-4704-9c70-1a288e2f77c7, raftlog=df12c920-952d-4704-9c70-1a288e2f77c7@group-75987F7FE399-SegmentedRaftLog:OPENED:c-1,f-1,i0, conf=-1: [875da3d9-0dec-46c7-88bf-73f7a2372b64:192.168.69.89:39990, df12c920-952d-4704-9c70-1a288e2f77c7:192.168.69.89:43948, 9ceef694-dbcf-4070-b7b1-3b3c65b6a699:192.168.69.89:36536], old=null
2019-10-20 10:28:29,589 [df12c920-952d-4704-9c70-1a288e2f77c7@group-75987F7FE399-LeaderElection138] INFO  impl.RaftServerImpl (RaftServerImpl.java:setRole(184)) - df12c920-952d-4704-9c70-1a288e2f77c7@group-75987F7FE399: changes role from CANDIDATE to FOLLOWER at term 155 for DISCOVERED_A_NEW_TERM
2019-10-20 10:28:29,589 [df12c920-952d-4704-9c70-1a288e2f77c7@group-75987F7FE399-LeaderElection138] INFO  impl.RoleInfo (RoleInfo.java:shutdownLeaderElection(134)) - df12c920-952d-4704-9c70-1a288e2f77c7: shutdown LeaderElection
2019-10-20 10:28:29,589 [df12c920-952d-4704-9c70-1a288e2f77c7@group-75987F7FE399-LeaderElection138] INFO  impl.RoleInfo (RoleInfo.java:updateAndGet(143)) - df12c920-952d-4704-9c70-1a288e2f77c7: start FollowerState
2019-10-20 10:28:29,624 [Thread-1164] INFO  impl.FollowerState (FollowerState.java:run(108)) - df12c920-952d-4704-9c70-1a288e2f77c7@group-75987F7FE399-FollowerState: change to CANDIDATE, lastRpcTime:35ms, electionTimeout:35ms
2019-10-20 10:28:29,625 [Thread-1164] INFO  impl.RoleInfo (RoleInfo.java:shutdownFollowerState(121)) - df12c920-952d-4704-9c70-1a288e2f77c7: shutdown FollowerState
2019-10-20 10:28:29,625 [Thread-1164] INFO  impl.RaftServerImpl (RaftServerImpl.java:setRole(184)) - df12c920-952d-4704-9c70-1a288e2f77c7@group-75987F7FE399: changes role from  FOLLOWER to CANDIDATE at term 155 for changeToCandidate
2019-10-20 10:28:29,625 [Thread-1164] INFO  impl.RoleInfo (RoleInfo.java:updateAndGet(143)) - df12c920-952d-4704-9c70-1a288e2f77c7: start LeaderElection
2019-10-20 10:28:29,639 [df12c920-952d-4704-9c70-1a288e2f77c7@group-75987F7FE399-LeaderElection139] INFO  impl.LeaderElection (LeaderElection.java:askForVotes(178)) - df12c920-952d-4704-9c70-1a288e2f77c7@group-75987F7FE399-LeaderElection139: begin an election at term 156 for -1: [875da3d9-0dec-46c7-88bf-73f7a2372b64:192.168.69.89:39990, df12c920-952d-4704-9c70-1a288e2f77c7:192.168.69.89:43948, 9ceef694-dbcf-4070-b7b1-3b3c65b6a699:192.168.69.89:36536], old=null
2019-10-20 10:28:29,642 [grpc-default-executor-3] INFO  impl.RaftServerImpl (RaftServerImpl.java:setRole(184)) - 875da3d9-0dec-46c7-88bf-73f7a2372b64@group-75987F7FE399: changes role from  FOLLOWER to FOLLOWER at term 156 for recognizeCandidate:df12c920-952d-4704-9c70-1a288e2f77c7
2019-10-20 10:28:29,642 [grpc-default-executor-3] INFO  impl.RoleInfo (RoleInfo.java:shutdownFollowerState(121)) - 875da3d9-0dec-46c7-88bf-73f7a2372b64: shutdown FollowerState
2019-10-20 10:28:29,642 [grpc-default-executor-1] INFO  impl.RaftServerImpl (RaftServerImpl.java:setRole(184)) - 9ceef694-dbcf-4070-b7b1-3b3c65b6a699@group-75987F7FE399: changes role from  FOLLOWER to FOLLOWER at term 156 for recognizeCandidate:df12c920-952d-4704-9c70-1a288e2f77c7
2019-10-20 10:28:29,642 [grpc-default-executor-1] INFO  impl.RoleInfo (RoleInfo.java:shutdownFollowerState(121)) - 9ceef694-dbcf-4070-b7b1-3b3c65b6a699: shutdown FollowerState
2019-10-20 10:28:29,642 [grpc-default-executor-3] INFO  impl.RoleInfo (RoleInfo.java:updateAndGet(143)) - 875da3d9-0dec-46c7-88bf-73f7a2372b64: start FollowerState
2019-10-20 10:28:29,643 [grpc-default-executor-1] INFO  impl.RoleInfo (RoleInfo.java:updateAndGet(143)) - 9ceef694-dbcf-4070-b7b1-3b3c65b6a699: start FollowerState
2019-10-20 10:28:29,642 [Thread-1163] INFO  impl.FollowerState (FollowerState.java:run(117)) - 875da3d9-0dec-46c7-88bf-73f7a2372b64@group-75987F7FE399-FollowerState was interrupted: java.lang.InterruptedException: sleep interrupted
2019-10-20 10:28:29,643 [Thread-1162] INFO  impl.FollowerState (FollowerState.java:run(117)) - 9ceef694-dbcf-4070-b7b1-3b3c65b6a699@group-75987F7FE399-FollowerState was interrupted: java.lang.InterruptedException: sleep interrupted
2019-10-20 10:28:29,656 [df12c920-952d-4704-9c70-1a288e2f77c7@group-75987F7FE399-LeaderElection139] INFO  impl.LeaderElection (LeaderElection.java:logAndReturn(56)) - df12c920-952d-4704-9c70-1a288e2f77c7@group-75987F7FE399-LeaderElection139: Election REJECTED; received 2 response(s) [df12c920-952d-4704-9c70-1a288e2f77c7<-875da3d9-0dec-46c7-88bf-73f7a2372b64#0:FAIL-t156, df12c920-952d-4704-9c70-1a288e2f77c7<-9ceef694-dbcf-4070-b7b1-3b3c65b6a699#0:FAIL-t156] and 0 exception(s); df12c920-952d-4704-9c70-1a288e2f77c7@group-75987F7FE399:t156, leader=null, voted=df12c920-952d-4704-9c70-1a288e2f77c7, raftlog=df12c920-952d-4704-9c70-1a288e2f77c7@group-75987F7FE399-SegmentedRaftLog:OPENED:c-1,f-1,i0, conf=-1: [875da3d9-0dec-46c7-88bf-73f7a2372b64:192.168.69.89:39990, df12c920-952d-4704-9c70-1a288e2f77c7:192.168.69.89:43948, 9ceef694-dbcf-4070-b7b1-3b3c65b6a699:192.168.69.89:36536], old=null
2019-10-20 10:28:29,656 [df12c920-952d-4704-9c70-1a288e2f77c7@group-75987F7FE399-LeaderElection139] INFO  impl.RaftServerImpl (RaftServerImpl.java:setRole(184)) - df12c920-952d-4704-9c70-1a288e2f77c7@group-75987F7FE399: changes role from CANDIDATE to FOLLOWER at term 156 for DISCOVERED_A_NEW_TERM
2019-10-20 10:28:29,656 [df12c920-952d-4704-9c70-1a288e2f77c7@group-75987F7FE399-LeaderElection139] INFO  impl.RoleInfo (RoleInfo.java:shutdownLeaderElection(134)) - df12c920-952d-4704-9c70-1a288e2f77c7: shutdown LeaderElection
2019-10-20 10:28:29,656 [df12c920-952d-4704-9c70-1a288e2f77c7@group-75987F7FE399-LeaderElection139] INFO  impl.RoleInfo (RoleInfo.java:updateAndGet(143)) - df12c920-952d-4704-9c70-1a288e2f77c7: start FollowerState
2019-10-20 10:28:29,690 [Thread-1170] INFO  impl.FollowerState (FollowerState.java:run(108)) - df12c920-952d-4704-9c70-1a288e2f77c7@group-75987F7FE399-FollowerState: change to CANDIDATE, lastRpcTime:33ms, electionTimeout:33ms
2019-10-20 10:28:29,690 [Thread-1170] INFO  impl.RoleInfo (RoleInfo.java:shutdownFollowerState(121)) - df12c920-952d-4704-9c70-1a288e2f77c7: shutdown FollowerState
2019-10-20 10:28:29,690 [Thread-1170] INFO  impl.RaftServerImpl (RaftServerImpl.java:setRole(184)) - df12c920-952d-4704-9c70-1a288e2f77c7@group-75987F7FE399: changes role from  FOLLOWER to CANDIDATE at term 156 for changeToCandidate
2019-10-20 10:28:29,690 [Thread-1170] INFO  impl.RoleInfo (RoleInfo.java:updateAndGet(143)) - df12c920-952d-4704-9c70-1a288e2f77c7: start LeaderElection
2019-10-20 10:28:29,705 [df12c920-952d-4704-9c70-1a288e2f77c7@group-75987F7FE399-LeaderElection140] INFO  impl.LeaderElection (LeaderElection.java:askForVotes(178)) - df12c920-952d-4704-9c70-1a288e2f77c7@group-75987F7FE399-LeaderElection140: begin an election at term 157 for -1: [875da3d9-0dec-46c7-88bf-73f7a2372b64:192.168.69.89:39990, df12c920-952d-4704-9c70-1a288e2f77c7:192.168.69.89:43948, 9ceef694-dbcf-4070-b7b1-3b3c65b6a699:192.168.69.89:36536], old=null
2019-10-20 10:28:29,707 [grpc-default-executor-1] INFO  impl.RaftServerImpl (RaftServerImpl.java:setRole(184)) - 875da3d9-0dec-46c7-88bf-73f7a2372b64@group-75987F7FE399: changes role from  FOLLOWER to FOLLOWER at term 157 for recognizeCandidate:df12c920-952d-4704-9c70-1a288e2f77c7
2019-10-20 10:28:29,707 [grpc-default-executor-1] INFO  impl.RoleInfo (RoleInfo.java:shutdownFollowerState(121)) - 875da3d9-0dec-46c7-88bf-73f7a2372b64: shutdown FollowerState
2019-10-20 10:28:29,707 [grpc-default-executor-1] INFO  impl.RoleInfo (RoleInfo.java:updateAndGet(143)) - 875da3d9-0dec-46c7-88bf-73f7a2372b64: start FollowerState
2019-10-20 10:28:29,707 [grpc-default-executor-3] INFO  impl.RaftServerImpl (RaftServerImpl.java:setRole(184)) - 9ceef694-dbcf-4070-b7b1-3b3c65b6a699@group-75987F7FE399: changes role from  FOLLOWER to FOLLOWER at term 157 for recognizeCandidate:df12c920-952d-4704-9c70-1a288e2f77c7
2019-10-20 10:28:29,707 [Thread-1168] INFO  impl.FollowerState (FollowerState.java:run(117)) - 875da3d9-0dec-46c7-88bf-73f7a2372b64@group-75987F7FE399-FollowerState was interrupted: java.lang.InterruptedException: sleep interrupted
2019-10-20 10:28:29,707 [grpc-default-executor-3] INFO  impl.RoleInfo (RoleInfo.java:shutdownFollowerState(121)) - 9ceef694-dbcf-4070-b7b1-3b3c65b6a699: shutdown FollowerState
2019-10-20 10:28:29,708 [grpc-default-executor-3] INFO  impl.RoleInfo (RoleInfo.java:updateAndGet(143)) - 9ceef694-dbcf-4070-b7b1-3b3c65b6a699: start FollowerState
2019-10-20 10:28:29,708 [Thread-1169] INFO  impl.FollowerState (FollowerState.java:run(117)) - 9ceef694-dbcf-4070-b7b1-3b3c65b6a699@group-75987F7FE399-FollowerState was interrupted: java.lang.InterruptedException: sleep interrupted
2019-10-20 10:28:29,721 [df12c920-952d-4704-9c70-1a288e2f77c7@group-75987F7FE399-LeaderElection140] INFO  impl.LeaderElection (LeaderElection.java:logAndReturn(56)) - df12c920-952d-4704-9c70-1a288e2f77c7@group-75987F7FE399-LeaderElection140: Election REJECTED; received 2 response(s) [df12c920-952d-4704-9c70-1a288e2f77c7<-875da3d9-0dec-46c7-88bf-73f7a2372b64#0:FAIL-t157, df12c920-952d-4704-9c70-1a288e2f77c7<-9ceef694-dbcf-4070-b7b1-3b3c65b6a699#0:FAIL-t157] and 0 exception(s); df12c920-952d-4704-9c70-1a288e2f77c7@group-75987F7FE399:t157, leader=null, voted=df12c920-952d-4704-9c70-1a288e2f77c7, raftlog=df12c920-952d-4704-9c70-1a288e2f77c7@group-75987F7FE399-SegmentedRaftLog:OPENED:c-1,f-1,i0, conf=-1: [875da3d9-0dec-46c7-88bf-73f7a2372b64:192.168.69.89:39990, df12c920-952d-4704-9c70-1a288e2f77c7:192.168.69.89:43948, 9ceef694-dbcf-4070-b7b1-3b3c65b6a699:192.168.69.89:36536], old=null
2019-10-20 10:28:29,721 [df12c920-952d-4704-9c70-1a288e2f77c7@group-75987F7FE399-LeaderElection140] INFO  impl.RaftServerImpl (RaftServerImpl.java:setRole(184)) - df12c920-952d-4704-9c70-1a288e2f77c7@group-75987F7FE399: changes role from CANDIDATE to FOLLOWER at term 157 for DISCOVERED_A_NEW_TERM
2019-10-20 10:28:29,721 [df12c920-952d-4704-9c70-1a288e2f77c7@group-75987F7FE399-LeaderElection140] INFO  impl.RoleInfo (RoleInfo.java:shutdownLeaderElection(134)) - df12c920-952d-4704-9c70-1a288e2f77c7: shutdown LeaderElection
2019-10-20 10:28:29,721 [df12c920-952d-4704-9c70-1a288e2f77c7@group-75987F7FE399-LeaderElection140] INFO  impl.RoleInfo (RoleInfo.java:updateAndGet(143)) - df12c920-952d-4704-9c70-1a288e2f77c7: start FollowerState
2019-10-20 10:28:29,912 [Thread-1176] INFO  impl.FollowerState (FollowerState.java:run(108)) - df12c920-952d-4704-9c70-1a288e2f77c7@group-75987F7FE399-FollowerState: change to CANDIDATE, lastRpcTime:191ms, electionTimeout:191ms
2019-10-20 10:28:29,913 [Thread-1176] INFO  impl.RoleInfo (RoleInfo.java:shutdownFollowerState(121)) - df12c920-952d-4704-9c70-1a288e2f77c7: shutdown FollowerState
2019-10-20 10:28:29,913 [Thread-1176] INFO  impl.RaftServerImpl (RaftServerImpl.java:setRole(184)) - df12c920-952d-4704-9c70-1a288e2f77c7@group-75987F7FE399: changes role from  FOLLOWER to CANDIDATE at term 157 for changeToCandidate
2019-10-20 10:28:29,913 [Thread-1176] INFO  impl.RoleInfo (RoleInfo.java:updateAndGet(143)) - df12c920-952d-4704-9c70-1a288e2f77c7: start LeaderElection
2019-10-20 10:28:29,938 [df12c920-952d-4704-9c70-1a288e2f77c7@group-75987F7FE399-LeaderElection141] INFO  impl.LeaderElection (LeaderElection.java:askForVotes(178)) - df12c920-952d-4704-9c70-1a288e2f77c7@group-75987F7FE399-LeaderElection141: begin an election at term 158 for -1: [875da3d9-0dec-46c7-88bf-73f7a2372b64:192.168.69.89:39990, df12c920-952d-4704-9c70-1a288e2f77c7:192.168.69.89:43948, 9ceef694-dbcf-4070-b7b1-3b3c65b6a699:192.168.69.89:36536], old=null
2019-10-20 10:28:29,940 [grpc-default-executor-3] INFO  impl.RaftServerImpl (RaftServerImpl.java:setRole(184)) - 875da3d9-0dec-46c7-88bf-73f7a2372b64@group-75987F7FE399: changes role from  FOLLOWER to FOLLOWER at term 158 for recognizeCandidate:df12c920-952d-4704-9c70-1a288e2f77c7
2019-10-20 10:28:29,940 [grpc-default-executor-1] INFO  impl.RaftServerImpl (RaftServerImpl.java:setRole(184)) - 9ceef694-dbcf-4070-b7b1-3b3c65b6a699@group-75987F7FE399: changes role from  FOLLOWER to FOLLOWER at term 158 for recognizeCandidate:df12c920-952d-4704-9c70-1a288e2f77c7
2019-10-20 10:28:29,940 [grpc-default-executor-3] INFO  impl.RoleInfo (RoleInfo.java:shutdownFollowerState(121)) - 875da3d9-0dec-46c7-88bf-73f7a2372b64: shutdown FollowerState
2019-10-20 10:28:29,941 [grpc-default-executor-1] INFO  impl.RoleInfo (RoleInfo.java:shutdownFollowerState(121)) - 9ceef694-dbcf-4070-b7b1-3b3c65b6a699: shutdown FollowerState
2019-10-20 10:28:29,941 [grpc-default-executor-3] INFO  impl.RoleInfo (RoleInfo.java:updateAndGet(143)) - 875da3d9-0dec-46c7-88bf-73f7a2372b64: start FollowerState
2019-10-20 10:28:29,941 [Thread-1175] INFO  impl.FollowerState (FollowerState.java:run(117)) - 9ceef694-dbcf-4070-b7b1-3b3c65b6a699@group-75987F7FE399-FollowerState was interrupted: java.lang.InterruptedException: sleep interrupted
2019-10-20 10:28:29,941 [Thread-1174] INFO  impl.FollowerState (FollowerState.java:run(117)) - 875da3d9-0dec-46c7-88bf-73f7a2372b64@group-75987F7FE399-FollowerState was interrupted: java.lang.InterruptedException: sleep interrupted
2019-10-20 10:28:29,941 [grpc-default-executor-1] INFO  impl.RoleInfo (RoleInfo.java:updateAndGet(143)) - 9ceef694-dbcf-4070-b7b1-3b3c65b6a699: start FollowerState
2019-10-20 10:28:29,968 [df12c920-952d-4704-9c70-1a288e2f77c7@group-75987F7FE399-LeaderElection141] INFO  impl.LeaderElection (LeaderElection.java:logAndReturn(56)) - df12c920-952d-4704-9c70-1a288e2f77c7@group-75987F7FE399-LeaderElection141: Election REJECTED; received 2 response(s) [df12c920-952d-4704-9c70-1a288e2f77c7<-875da3d9-0dec-46c7-88bf-73f7a2372b64#0:FAIL-t158, df12c920-952d-4704-9c70-1a288e2f77c7<-9ceef694-dbcf-4070-b7b1-3b3c65b6a699#0:FAIL-t158] and 0 exception(s); df12c920-952d-4704-9c70-1a288e2f77c7@group-75987F7FE399:t158, leader=null, voted=df12c920-952d-4704-9c70-1a288e2f77c7, raftlog=df12c920-952d-4704-9c70-1a288e2f77c7@group-75987F7FE399-SegmentedRaftLog:OPENED:c-1,f-1,i0, conf=-1: [875da3d9-0dec-46c7-88bf-73f7a2372b64:192.168.69.89:39990, df12c920-952d-4704-9c70-1a288e2f77c7:192.168.69.89:43948, 9ceef694-dbcf-4070-b7b1-3b3c65b6a699:192.168.69.89:36536], old=null
2019-10-20 10:28:29,968 [df12c920-952d-4704-9c70-1a288e2f77c7@group-75987F7FE399-LeaderElection141] INFO  impl.RaftServerImpl (RaftServerImpl.java:setRole(184)) - df12c920-952d-4704-9c70-1a288e2f77c7@group-75987F7FE399: changes role from CANDIDATE to FOLLOWER at term 158 for DISCOVERED_A_NEW_TERM
2019-10-20 10:28:29,968 [df12c920-952d-4704-9c70-1a288e2f77c7@group-75987F7FE399-LeaderElection141] INFO  impl.RoleInfo (RoleInfo.java:shutdownLeaderElection(134)) - df12c920-952d-4704-9c70-1a288e2f77c7: shutdown LeaderElection
2019-10-20 10:28:29,968 [df12c920-952d-4704-9c70-1a288e2f77c7@group-75987F7FE399-LeaderElection141] INFO  impl.RoleInfo (RoleInfo.java:updateAndGet(143)) - df12c920-952d-4704-9c70-1a288e2f77c7: start FollowerState
2019-10-20 10:28:30,163 [Thread-1184] INFO  impl.FollowerState (FollowerState.java:run(108)) - df12c920-952d-4704-9c70-1a288e2f77c7@group-75987F7FE399-FollowerState: change to CANDIDATE, lastRpcTime:194ms, electionTimeout:194ms
2019-10-20 10:28:30,163 [Thread-1184] INFO  impl.RoleInfo (RoleInfo.java:shutdownFollowerState(121)) - df12c920-952d-4704-9c70-1a288e2f77c7: shutdown FollowerState
2019-10-20 10:28:30,163 [Thread-1184] INFO  impl.RaftServerImpl (RaftServerImpl.java:setRole(184)) - df12c920-952d-4704-9c70-1a288e2f77c7@group-75987F7FE399: changes role from  FOLLOWER to CANDIDATE at term 158 for changeToCandidate
2019-10-20 10:28:30,164 [Thread-1184] INFO  impl.RoleInfo (RoleInfo.java:updateAndGet(143)) - df12c920-952d-4704-9c70-1a288e2f77c7: start LeaderElection
2019-10-20 10:28:30,185 [df12c920-952d-4704-9c70-1a288e2f77c7@group-75987F7FE399-LeaderElection142] INFO  impl.LeaderElection (LeaderElection.java:askForVotes(178)) - df12c920-952d-4704-9c70-1a288e2f77c7@group-75987F7FE399-LeaderElection142: begin an election at term 159 for -1: [875da3d9-0dec-46c7-88bf-73f7a2372b64:192.168.69.89:39990, df12c920-952d-4704-9c70-1a288e2f77c7:192.168.69.89:43948, 9ceef694-dbcf-4070-b7b1-3b3c65b6a699:192.168.69.89:36536], old=null
2019-10-20 10:28:30,188 [grpc-default-executor-1] INFO  impl.RaftServerImpl (RaftServerImpl.java:setRole(184)) - 875da3d9-0dec-46c7-88bf-73f7a2372b64@group-75987F7FE399: changes role from  FOLLOWER to FOLLOWER at term 159 for recognizeCandidate:df12c920-952d-4704-9c70-1a288e2f77c7
2019-10-20 10:28:30,188 [grpc-default-executor-1] INFO  impl.RoleInfo (RoleInfo.java:shutdownFollowerState(121)) - 875da3d9-0dec-46c7-88bf-73f7a2372b64: shutdown FollowerState
2019-10-20 10:28:30,188 [grpc-default-executor-3] INFO  impl.RaftServerImpl (RaftServerImpl.java:setRole(184)) - 9ceef694-dbcf-4070-b7b1-3b3c65b6a699@group-75987F7FE399: changes role from  FOLLOWER to FOLLOWER at term 159 for recognizeCandidate:df12c920-952d-4704-9c70-1a288e2f77c7
2019-10-20 10:28:30,189 [Thread-1182] INFO  impl.FollowerState (FollowerState.java:run(117)) - 875da3d9-0dec-46c7-88bf-73f7a2372b64@group-75987F7FE399-FollowerState was interrupted: java.lang.InterruptedException: sleep interrupted
2019-10-20 10:28:30,189 [grpc-default-executor-1] INFO  impl.RoleInfo (RoleInfo.java:updateAndGet(143)) - 875da3d9-0dec-46c7-88bf-73f7a2372b64: start FollowerState
2019-10-20 10:28:30,189 [grpc-default-executor-3] INFO  impl.RoleInfo (RoleInfo.java:shutdownFollowerState(121)) - 9ceef694-dbcf-4070-b7b1-3b3c65b6a699: shutdown FollowerState
2019-10-20 10:28:30,189 [grpc-default-executor-3] INFO  impl.RoleInfo (RoleInfo.java:updateAndGet(143)) - 9ceef694-dbcf-4070-b7b1-3b3c65b6a699: start FollowerState
2019-10-20 10:28:30,190 [Thread-1183] INFO  impl.FollowerState (FollowerState.java:run(117)) - 9ceef694-dbcf-4070-b7b1-3b3c65b6a699@group-75987F7FE399-FollowerState was interrupted: java.lang.InterruptedException: sleep interrupted
2019-10-20 10:28:30,205 [df12c920-952d-4704-9c70-1a288e2f77c7@group-75987F7FE399-LeaderElection142] INFO  impl.LeaderElection (LeaderElection.java:logAndReturn(56)) - df12c920-952d-4704-9c70-1a288e2f77c7@group-75987F7FE399-LeaderElection142: Election REJECTED; received 2 response(s) [df12c920-952d-4704-9c70-1a288e2f77c7<-875da3d9-0dec-46c7-88bf-73f7a2372b64#0:FAIL-t159, df12c920-952d-4704-9c70-1a288e2f77c7<-9ceef694-dbcf-4070-b7b1-3b3c65b6a699#0:FAIL-t159] and 0 exception(s); df12c920-952d-4704-9c70-1a288e2f77c7@group-75987F7FE399:t159, leader=null, voted=df12c920-952d-4704-9c70-1a288e2f77c7, raftlog=df12c920-952d-4704-9c70-1a288e2f77c7@group-75987F7FE399-SegmentedRaftLog:OPENED:c-1,f-1,i0, conf=-1: [875da3d9-0dec-46c7-88bf-73f7a2372b64:192.168.69.89:39990, df12c920-952d-4704-9c70-1a288e2f77c7:192.168.69.89:43948, 9ceef694-dbcf-4070-b7b1-3b3c65b6a699:192.168.69.89:36536], old=null
2019-10-20 10:28:30,206 [df12c920-952d-4704-9c70-1a288e2f77c7@group-75987F7FE399-LeaderElection142] INFO  impl.RaftServerImpl (RaftServerImpl.java:setRole(184)) - df12c920-952d-4704-9c70-1a288e2f77c7@group-75987F7FE399: changes role from CANDIDATE to FOLLOWER at term 159 for DISCOVERED_A_NEW_TERM
2019-10-20 10:28:30,206 [df12c920-952d-4704-9c70-1a288e2f77c7@group-75987F7FE399-LeaderElection142] INFO  impl.RoleInfo (RoleInfo.java:shutdownLeaderElection(134)) - df12c920-952d-4704-9c70-1a288e2f77c7: shutdown LeaderElection
2019-10-20 10:28:30,206 [df12c920-952d-4704-9c70-1a288e2f77c7@group-75987F7FE399-LeaderElection142] INFO  impl.RoleInfo (RoleInfo.java:updateAndGet(143)) - df12c920-952d-4704-9c70-1a288e2f77c7: start FollowerState
2019-10-20 10:28:30,288 [Thread-1190] INFO  impl.FollowerState (FollowerState.java:run(108)) - df12c920-952d-4704-9c70-1a288e2f77c7@group-75987F7FE399-FollowerState: change to CANDIDATE, lastRpcTime:82ms, electionTimeout:82ms
2019-10-20 10:28:30,289 [Thread-1190] INFO  impl.RoleInfo (RoleInfo.java:shutdownFollowerState(121)) - df12c920-952d-4704-9c70-1a288e2f77c7: shutdown FollowerState
2019-10-20 10:28:30,289 [Thread-1190] INFO  impl.RaftServerImpl (RaftServerImpl.java:setRole(184)) - df12c920-952d-4704-9c70-1a288e2f77c7@group-75987F7FE399: changes role from  FOLLOWER to CANDIDATE at term 159 for changeToCandidate
2019-10-20 10:28:30,289 [Thread-1190] INFO  impl.RoleInfo (RoleInfo.java:updateAndGet(143)) - df12c920-952d-4704-9c70-1a288e2f77c7: start LeaderElection
2019-10-20 10:28:30,302 [df12c920-952d-4704-9c70-1a288e2f77c7@group-75987F7FE399-LeaderElection143] INFO  impl.LeaderElection (LeaderElection.java:askForVotes(178)) - df12c920-952d-4704-9c70-1a288e2f77c7@group-75987F7FE399-LeaderElection143: begin an election at term 160 for -1: [875da3d9-0dec-46c7-88bf-73f7a2372b64:192.168.69.89:39990, df12c920-952d-4704-9c70-1a288e2f77c7:192.168.69.89:43948, 9ceef694-dbcf-4070-b7b1-3b3c65b6a699:192.168.69.89:36536], old=null
2019-10-20 10:28:30,304 [grpc-default-executor-1] INFO  impl.RaftServerImpl (RaftServerImpl.java:setRole(184)) - 875da3d9-0dec-46c7-88bf-73f7a2372b64@group-75987F7FE399: changes role from  FOLLOWER to FOLLOWER at term 160 for recognizeCandidate:df12c920-952d-4704-9c70-1a288e2f77c7
2019-10-20 10:28:30,304 [grpc-default-executor-3] INFO  impl.RaftServerImpl (RaftServerImpl.java:setRole(184)) - 9ceef694-dbcf-4070-b7b1-3b3c65b6a699@group-75987F7FE399: changes role from  FOLLOWER to FOLLOWER at term 160 for recognizeCandidate:df12c920-952d-4704-9c70-1a288e2f77c7
2019-10-20 10:28:30,304 [grpc-default-executor-3] INFO  impl.RoleInfo (RoleInfo.java:shutdownFollowerState(121)) - 9ceef694-dbcf-4070-b7b1-3b3c65b6a699: shutdown FollowerState
2019-10-20 10:28:30,304 [grpc-default-executor-1] INFO  impl.RoleInfo (RoleInfo.java:shutdownFollowerState(121)) - 875da3d9-0dec-46c7-88bf-73f7a2372b64: shutdown FollowerState
2019-10-20 10:28:30,305 [grpc-default-executor-1] INFO  impl.RoleInfo (RoleInfo.java:updateAndGet(143)) - 875da3d9-0dec-46c7-88bf-73f7a2372b64: start FollowerState
2019-10-20 10:28:30,305 [Thread-1189] INFO  impl.FollowerState (FollowerState.java:run(117)) - 9ceef694-dbcf-4070-b7b1-3b3c65b6a699@group-75987F7FE399-FollowerState was interrupted: java.lang.InterruptedException: sleep interrupted
2019-10-20 10:28:30,304 [grpc-default-executor-3] INFO  impl.RoleInfo (RoleInfo.java:updateAndGet(143)) - 9ceef694-dbcf-4070-b7b1-3b3c65b6a699: start FollowerState
2019-10-20 10:28:30,305 [Thread-1188] INFO  impl.FollowerState (FollowerState.java:run(117)) - 875da3d9-0dec-46c7-88bf-73f7a2372b64@group-75987F7FE399-FollowerState was interrupted: java.lang.InterruptedException: sleep interrupted
2019-10-20 10:28:30,321 [df12c920-952d-4704-9c70-1a288e2f77c7@group-75987F7FE399-LeaderElection143] INFO  impl.LeaderElection (LeaderElection.java:logAndReturn(56)) - df12c920-952d-4704-9c70-1a288e2f77c7@group-75987F7FE399-LeaderElection143: Election REJECTED; received 2 response(s) [df12c920-952d-4704-9c70-1a288e2f77c7<-875da3d9-0dec-46c7-88bf-73f7a2372b64#0:FAIL-t160, df12c920-952d-4704-9c70-1a288e2f77c7<-9ceef694-dbcf-4070-b7b1-3b3c65b6a699#0:FAIL-t160] and 0 exception(s); df12c920-952d-4704-9c70-1a288e2f77c7@group-75987F7FE399:t160, leader=null, voted=df12c920-952d-4704-9c70-1a288e2f77c7, raftlog=df12c920-952d-4704-9c70-1a288e2f77c7@group-75987F7FE399-SegmentedRaftLog:OPENED:c-1,f-1,i0, conf=-1: [875da3d9-0dec-46c7-88bf-73f7a2372b64:192.168.69.89:39990, df12c920-952d-4704-9c70-1a288e2f77c7:192.168.69.89:43948, 9ceef694-dbcf-4070-b7b1-3b3c65b6a699:192.168.69.89:36536], old=null
2019-10-20 10:28:30,321 [df12c920-952d-4704-9c70-1a288e2f77c7@group-75987F7FE399-LeaderElection143] INFO  impl.RaftServerImpl (RaftServerImpl.java:setRole(184)) - df12c920-952d-4704-9c70-1a288e2f77c7@group-75987F7FE399: changes role from CANDIDATE to FOLLOWER at term 160 for DISCOVERED_A_NEW_TERM
2019-10-20 10:28:30,321 [df12c920-952d-4704-9c70-1a288e2f77c7@group-75987F7FE399-LeaderElection143] INFO  impl.RoleInfo (RoleInfo.java:shutdownLeaderElection(134)) - df12c920-952d-4704-9c70-1a288e2f77c7: shutdown LeaderElection
2019-10-20 10:28:30,321 [df12c920-952d-4704-9c70-1a288e2f77c7@group-75987F7FE399-LeaderElection143] INFO  impl.RoleInfo (RoleInfo.java:updateAndGet(143)) - df12c920-952d-4704-9c70-1a288e2f77c7: start FollowerState
2019-10-20 10:28:30,409 [Thread-1196] INFO  impl.FollowerState (FollowerState.java:run(108)) - df12c920-952d-4704-9c70-1a288e2f77c7@group-75987F7FE399-FollowerState: change to CANDIDATE, lastRpcTime:87ms, electionTimeout:87ms
2019-10-20 10:28:30,409 [Thread-1196] INFO  impl.RoleInfo (RoleInfo.java:shutdownFollowerState(121)) - df12c920-952d-4704-9c70-1a288e2f77c7: shutdown FollowerState
2019-10-20 10:28:30,409 [Thread-1196] INFO  impl.RaftServerImpl (RaftServerImpl.java:setRole(184)) - df12c920-952d-4704-9c70-1a288e2f77c7@group-75987F7FE399: changes role from  FOLLOWER to CANDIDATE at term 160 for changeToCandidate
2019-10-20 10:28:30,410 [Thread-1196] INFO  impl.RoleInfo (RoleInfo.java:updateAndGet(143)) - df12c920-952d-4704-9c70-1a288e2f77c7: start LeaderElection
2019-10-20 10:28:30,423 [df12c920-952d-4704-9c70-1a288e2f77c7@group-75987F7FE399-LeaderElection144] INFO  impl.LeaderElection (LeaderElection.java:askForVotes(178)) - df12c920-952d-4704-9c70-1a288e2f77c7@group-75987F7FE399-LeaderElection144: begin an election at term 161 for -1: [875da3d9-0dec-46c7-88bf-73f7a2372b64:192.168.69.89:39990, df12c920-952d-4704-9c70-1a288e2f77c7:192.168.69.89:43948, 9ceef694-dbcf-4070-b7b1-3b3c65b6a699:192.168.69.89:36536], old=null
2019-10-20 10:28:30,425 [grpc-default-executor-3] INFO  impl.RaftServerImpl (RaftServerImpl.java:setRole(184)) - 875da3d9-0dec-46c7-88bf-73f7a2372b64@group-75987F7FE399: changes role from  FOLLOWER to FOLLOWER at term 161 for recognizeCandidate:df12c920-952d-4704-9c70-1a288e2f77c7
2019-10-20 10:28:30,425 [grpc-default-executor-3] INFO  impl.RoleInfo (RoleInfo.java:shutdownFollowerState(121)) - 875da3d9-0dec-46c7-88bf-73f7a2372b64: shutdown FollowerState
2019-10-20 10:28:30,425 [grpc-default-executor-3] INFO  impl.RoleInfo (RoleInfo.java:updateAndGet(143)) - 875da3d9-0dec-46c7-88bf-73f7a2372b64: start FollowerState
2019-10-20 10:28:30,425 [Thread-1195] INFO  impl.FollowerState (FollowerState.java:run(117)) - 875da3d9-0dec-46c7-88bf-73f7a2372b64@group-75987F7FE399-FollowerState was interrupted: java.lang.InterruptedException: sleep interrupted
2019-10-20 10:28:30,425 [grpc-default-executor-1] INFO  impl.RaftServerImpl (RaftServerImpl.java:setRole(184)) - 9ceef694-dbcf-4070-b7b1-3b3c65b6a699@group-75987F7FE399: changes role from  FOLLOWER to FOLLOWER at term 161 for recognizeCandidate:df12c920-952d-4704-9c70-1a288e2f77c7
2019-10-20 10:28:30,426 [grpc-default-executor-1] INFO  impl.RoleInfo (RoleInfo.java:shutdownFollowerState(121)) - 9ceef694-dbcf-4070-b7b1-3b3c65b6a699: shutdown FollowerState
2019-10-20 10:28:30,426 [grpc-default-executor-1] INFO  impl.RoleInfo (RoleInfo.java:updateAndGet(143)) - 9ceef694-dbcf-4070-b7b1-3b3c65b6a699: start FollowerState
2019-10-20 10:28:30,426 [Thread-1194] INFO  impl.FollowerState (FollowerState.java:run(117)) - 9ceef694-dbcf-4070-b7b1-3b3c65b6a699@group-75987F7FE399-FollowerState was interrupted: java.lang.InterruptedException: sleep interrupted
2019-10-20 10:28:30,452 [df12c920-952d-4704-9c70-1a288e2f77c7@group-75987F7FE399-LeaderElection144] INFO  impl.LeaderElection (LeaderElection.java:logAndReturn(56)) - df12c920-952d-4704-9c70-1a288e2f77c7@group-75987F7FE399-LeaderElection144: Election REJECTED; received 2 response(s) [df12c920-952d-4704-9c70-1a288e2f77c7<-875da3d9-0dec-46c7-88bf-73f7a2372b64#0:FAIL-t161, df12c920-952d-4704-9c70-1a288e2f77c7<-9ceef694-dbcf-4070-b7b1-3b3c65b6a699#0:FAIL-t161] and 0 exception(s); df12c920-952d-4704-9c70-1a288e2f77c7@group-75987F7FE399:t161, leader=null, voted=df12c920-952d-4704-9c70-1a288e2f77c7, raftlog=df12c920-952d-4704-9c70-1a288e2f77c7@group-75987F7FE399-SegmentedRaftLog:OPENED:c-1,f-1,i0, conf=-1: [875da3d9-0dec-46c7-88bf-73f7a2372b64:192.168.69.89:39990, df12c920-952d-4704-9c70-1a288e2f77c7:192.168.69.89:43948, 9ceef694-dbcf-4070-b7b1-3b3c65b6a699:192.168.69.89:36536], old=null
2019-10-20 10:28:30,453 [df12c920-952d-4704-9c70-1a288e2f77c7@group-75987F7FE399-LeaderElection144] INFO  impl.RaftServerImpl (RaftServerImpl.java:setRole(184)) - df12c920-952d-4704-9c70-1a288e2f77c7@group-75987F7FE399: changes role from CANDIDATE to FOLLOWER at term 161 for DISCOVERED_A_NEW_TERM
2019-10-20 10:28:30,453 [df12c920-952d-4704-9c70-1a288e2f77c7@group-75987F7FE399-LeaderElection144] INFO  impl.RoleInfo (RoleInfo.java:shutdownLeaderElection(134)) - df12c920-952d-4704-9c70-1a288e2f77c7: shutdown LeaderElection
2019-10-20 10:28:30,453 [df12c920-952d-4704-9c70-1a288e2f77c7@group-75987F7FE399-LeaderElection144] INFO  impl.RoleInfo (RoleInfo.java:updateAndGet(143)) - df12c920-952d-4704-9c70-1a288e2f77c7: start FollowerState
2019-10-20 10:28:30,648 [Thread-1202] INFO  impl.FollowerState (FollowerState.java:run(108)) - df12c920-952d-4704-9c70-1a288e2f77c7@group-75987F7FE399-FollowerState: change to CANDIDATE, lastRpcTime:195ms, electionTimeout:195ms
2019-10-20 10:28:30,649 [Thread-1202] INFO  impl.RoleInfo (RoleInfo.java:shutdownFollowerState(121)) - df12c920-952d-4704-9c70-1a288e2f77c7: shutdown FollowerState
2019-10-20 10:28:30,649 [Thread-1202] INFO  impl.RaftServerImpl (RaftServerImpl.java:setRole(184)) - df12c920-952d-4704-9c70-1a288e2f77c7@group-75987F7FE399: changes role from  FOLLOWER to CANDIDATE at term 161 for changeToCandidate
2019-10-20 10:28:30,649 [Thread-1202] INFO  impl.RoleInfo (RoleInfo.java:updateAndGet(143)) - df12c920-952d-4704-9c70-1a288e2f77c7: start LeaderElection
2019-10-20 10:28:30,664 [df12c920-952d-4704-9c70-1a288e2f77c7@group-75987F7FE399-LeaderElection145] INFO  impl.LeaderElection (LeaderElection.java:askForVotes(178)) - df12c920-952d-4704-9c70-1a288e2f77c7@group-75987F7FE399-LeaderElection145: begin an election at term 162 for -1: [875da3d9-0dec-46c7-88bf-73f7a2372b64:192.168.69.89:39990, df12c920-952d-4704-9c70-1a288e2f77c7:192.168.69.89:43948, 9ceef694-dbcf-4070-b7b1-3b3c65b6a699:192.168.69.89:36536], old=null
2019-10-20 10:28:30,668 [grpc-default-executor-1] INFO  impl.RaftServerImpl (RaftServerImpl.java:setRole(184)) - 875da3d9-0dec-46c7-88bf-73f7a2372b64@group-75987F7FE399: changes role from  FOLLOWER to FOLLOWER at term 162 for recognizeCandidate:df12c920-952d-4704-9c70-1a288e2f77c7
2019-10-20 10:28:30,668 [grpc-default-executor-3] INFO  impl.RaftServerImpl (RaftServerImpl.java:setRole(184)) - 9ceef694-dbcf-4070-b7b1-3b3c65b6a699@group-75987F7FE399: changes role from  FOLLOWER to FOLLOWER at term 162 for recognizeCandidate:df12c920-952d-4704-9c70-1a288e2f77c7
2019-10-20 10:28:30,668 [grpc-default-executor-1] INFO  impl.RoleInfo (RoleInfo.java:shutdownFollowerState(121)) - 875da3d9-0dec-46c7-88bf-73f7a2372b64: shutdown FollowerState
2019-10-20 10:28:30,668 [grpc-default-executor-3] INFO  impl.RoleInfo (RoleInfo.java:shutdownFollowerState(121)) - 9ceef694-dbcf-4070-b7b1-3b3c65b6a699: shutdown FollowerState
2019-10-20 10:28:30,669 [Thread-1200] INFO  impl.FollowerState (FollowerState.java:run(117)) - 875da3d9-0dec-46c7-88bf-73f7a2372b64@group-75987F7FE399-FollowerState was interrupted: java.lang.InterruptedException: sleep interrupted
2019-10-20 10:28:30,669 [grpc-default-executor-1] INFO  impl.RoleInfo (RoleInfo.java:updateAndGet(143)) - 875da3d9-0dec-46c7-88bf-73f7a2372b64: start FollowerState
2019-10-20 10:28:30,669 [Thread-1201] INFO  impl.FollowerState (FollowerState.java:run(117)) - 9ceef694-dbcf-4070-b7b1-3b3c65b6a699@group-75987F7FE399-FollowerState was interrupted: java.lang.InterruptedException: sleep interrupted
2019-10-20 10:28:30,669 [grpc-default-executor-3] INFO  impl.RoleInfo (RoleInfo.java:updateAndGet(143)) - 9ceef694-dbcf-4070-b7b1-3b3c65b6a699: start FollowerState
2019-10-20 10:28:30,692 [df12c920-952d-4704-9c70-1a288e2f77c7@group-75987F7FE399-LeaderElection145] INFO  impl.LeaderElection (LeaderElection.java:logAndReturn(56)) - df12c920-952d-4704-9c70-1a288e2f77c7@group-75987F7FE399-LeaderElection145: Election REJECTED; received 2 response(s) [df12c920-952d-4704-9c70-1a288e2f77c7<-875da3d9-0dec-46c7-88bf-73f7a2372b64#0:FAIL-t162, df12c920-952d-4704-9c70-1a288e2f77c7<-9ceef694-dbcf-4070-b7b1-3b3c65b6a699#0:FAIL-t162] and 0 exception(s); df12c920-952d-4704-9c70-1a288e2f77c7@group-75987F7FE399:t162, leader=null, voted=df12c920-952d-4704-9c70-1a288e2f77c7, raftlog=df12c920-952d-4704-9c70-1a288e2f77c7@group-75987F7FE399-SegmentedRaftLog:OPENED:c-1,f-1,i0, conf=-1: [875da3d9-0dec-46c7-88bf-73f7a2372b64:192.168.69.89:39990, df12c920-952d-4704-9c70-1a288e2f77c7:192.168.69.89:43948, 9ceef694-dbcf-4070-b7b1-3b3c65b6a699:192.168.69.89:36536], old=null
2019-10-20 10:28:30,693 [df12c920-952d-4704-9c70-1a288e2f77c7@group-75987F7FE399-LeaderElection145] INFO  impl.RaftServerImpl (RaftServerImpl.java:setRole(184)) - df12c920-952d-4704-9c70-1a288e2f77c7@group-75987F7FE399: changes role from CANDIDATE to FOLLOWER at term 162 for DISCOVERED_A_NEW_TERM
2019-10-20 10:28:30,693 [df12c920-952d-4704-9c70-1a288e2f77c7@group-75987F7FE399-LeaderElection145] INFO  impl.RoleInfo (RoleInfo.java:shutdownLeaderElection(134)) - df12c920-952d-4704-9c70-1a288e2f77c7: shutdown LeaderElection
2019-10-20 10:28:30,693 [df12c920-952d-4704-9c70-1a288e2f77c7@group-75987F7FE399-LeaderElection145] INFO  impl.RoleInfo (RoleInfo.java:updateAndGet(143)) - df12c920-952d-4704-9c70-1a288e2f77c7: start FollowerState
2019-10-20 10:28:30,817 [Thread-1208] INFO  impl.FollowerState (FollowerState.java:run(108)) - df12c920-952d-4704-9c70-1a288e2f77c7@group-75987F7FE399-FollowerState: change to CANDIDATE, lastRpcTime:124ms, electionTimeout:124ms
2019-10-20 10:28:30,818 [Thread-1208] INFO  impl.RoleInfo (RoleInfo.java:shutdownFollowerState(121)) - df12c920-952d-4704-9c70-1a288e2f77c7: shutdown FollowerState
2019-10-20 10:28:30,818 [Thread-1208] INFO  impl.RaftServerImpl (RaftServerImpl.java:setRole(184)) - df12c920-952d-4704-9c70-1a288e2f77c7@group-75987F7FE399: changes role from  FOLLOWER to CANDIDATE at term 162 for changeToCandidate
2019-10-20 10:28:30,818 [Thread-1208] INFO  impl.RoleInfo (RoleInfo.java:updateAndGet(143)) - df12c920-952d-4704-9c70-1a288e2f77c7: start LeaderElection
2019-10-20 10:28:30,847 [df12c920-952d-4704-9c70-1a288e2f77c7@group-75987F7FE399-LeaderElection146] INFO  impl.LeaderElection (LeaderElection.java:askForVotes(178)) - df12c920-952d-4704-9c70-1a288e2f77c7@group-75987F7FE399-LeaderElection146: begin an election at term 163 for -1: [875da3d9-0dec-46c7-88bf-73f7a2372b64:192.168.69.89:39990, df12c920-952d-4704-9c70-1a288e2f77c7:192.168.69.89:43948, 9ceef694-dbcf-4070-b7b1-3b3c65b6a699:192.168.69.89:36536], old=null
2019-10-20 10:28:30,851 [grpc-default-executor-1] INFO  impl.RaftServerImpl (RaftServerImpl.java:setRole(184)) - 875da3d9-0dec-46c7-88bf-73f7a2372b64@group-75987F7FE399: changes role from  FOLLOWER to FOLLOWER at term 163 for recognizeCandidate:df12c920-952d-4704-9c70-1a288e2f77c7
2019-10-20 10:28:30,851 [grpc-default-executor-1] INFO  impl.RoleInfo (RoleInfo.java:shutdownFollowerState(121)) - 875da3d9-0dec-46c7-88bf-73f7a2372b64: shutdown FollowerState
2019-10-20 10:28:30,851 [grpc-default-executor-3] INFO  impl.RaftServerImpl (RaftServerImpl.java:setRole(184)) - 9ceef694-dbcf-4070-b7b1-3b3c65b6a699@group-75987F7FE399: changes role from  FOLLOWER to FOLLOWER at term 163 for recognizeCandidate:df12c920-952d-4704-9c70-1a288e2f77c7
2019-10-20 10:28:30,851 [Thread-1206] INFO  impl.FollowerState (FollowerState.java:run(117)) - 875da3d9-0dec-46c7-88bf-73f7a2372b64@group-75987F7FE399-FollowerState was interrupted: java.lang.InterruptedException: sleep interrupted
2019-10-20 10:28:30,851 [grpc-default-executor-1] INFO  impl.RoleInfo (RoleInfo.java:updateAndGet(143)) - 875da3d9-0dec-46c7-88bf-73f7a2372b64: start FollowerState
2019-10-20 10:28:30,851 [grpc-default-executor-3] INFO  impl.RoleInfo (RoleInfo.java:shutdownFollowerState(121)) - 9ceef694-dbcf-4070-b7b1-3b3c65b6a699: shutdown FollowerState
2019-10-20 10:28:30,852 [grpc-default-executor-3] INFO  impl.RoleInfo (RoleInfo.java:updateAndGet(143)) - 9ceef694-dbcf-4070-b7b1-3b3c65b6a699: start FollowerState
2019-10-20 10:28:30,852 [Thread-1207] INFO  impl.FollowerState (FollowerState.java:run(117)) - 9ceef694-dbcf-4070-b7b1-3b3c65b6a699@group-75987F7FE399-FollowerState was interrupted: java.lang.InterruptedException: sleep interrupted
2019-10-20 10:28:30,867 [df12c920-952d-4704-9c70-1a288e2f77c7@group-75987F7FE399-LeaderElection146] INFO  impl.LeaderElection (LeaderElection.java:logAndReturn(56)) - df12c920-952d-4704-9c70-1a288e2f77c7@group-75987F7FE399-LeaderElection146: Election REJECTED; received 2 response(s) [df12c920-952d-4704-9c70-1a288e2f77c7<-875da3d9-0dec-46c7-88bf-73f7a2372b64#0:FAIL-t163, df12c920-952d-4704-9c70-1a288e2f77c7<-9ceef694-dbcf-4070-b7b1-3b3c65b6a699#0:FAIL-t163] and 0 exception(s); df12c920-952d-4704-9c70-1a288e2f77c7@group-75987F7FE399:t163, leader=null, voted=df12c920-952d-4704-9c70-1a288e2f77c7, raftlog=df12c920-952d-4704-9c70-1a288e2f77c7@group-75987F7FE399-SegmentedRaftLog:OPENED:c-1,f-1,i0, conf=-1: [875da3d9-0dec-46c7-88bf-73f7a2372b64:192.168.69.89:39990, df12c920-952d-4704-9c70-1a288e2f77c7:192.168.69.89:43948, 9ceef694-dbcf-4070-b7b1-3b3c65b6a699:192.168.69.89:36536], old=null
2019-10-20 10:28:30,868 [df12c920-952d-4704-9c70-1a288e2f77c7@group-75987F7FE399-LeaderElection146] INFO  impl.RaftServerImpl (RaftServerImpl.java:setRole(184)) - df12c920-952d-4704-9c70-1a288e2f77c7@group-75987F7FE399: changes role from CANDIDATE to FOLLOWER at term 163 for DISCOVERED_A_NEW_TERM
2019-10-20 10:28:30,868 [df12c920-952d-4704-9c70-1a288e2f77c7@group-75987F7FE399-LeaderElection146] INFO  impl.RoleInfo (RoleInfo.java:shutdownLeaderElection(134)) - df12c920-952d-4704-9c70-1a288e2f77c7: shutdown LeaderElection
2019-10-20 10:28:30,868 [df12c920-952d-4704-9c70-1a288e2f77c7@group-75987F7FE399-LeaderElection146] INFO  impl.RoleInfo (RoleInfo.java:updateAndGet(143)) - df12c920-952d-4704-9c70-1a288e2f77c7: start FollowerState
2019-10-20 10:28:31,050 [Thread-1216] INFO  impl.FollowerState (FollowerState.java:run(108)) - df12c920-952d-4704-9c70-1a288e2f77c7@group-75987F7FE399-FollowerState: change to CANDIDATE, lastRpcTime:182ms, electionTimeout:182ms
2019-10-20 10:28:31,051 [Thread-1216] INFO  impl.RoleInfo (RoleInfo.java:shutdownFollowerState(121)) - df12c920-952d-4704-9c70-1a288e2f77c7: shutdown FollowerState
2019-10-20 10:28:31,051 [Thread-1216] INFO  impl.RaftServerImpl (RaftServerImpl.java:setRole(184)) - df12c920-952d-4704-9c70-1a288e2f77c7@group-75987F7FE399: changes role from  FOLLOWER to CANDIDATE at term 163 for changeToCandidate
2019-10-20 10:28:31,051 [Thread-1216] INFO  impl.RoleInfo (RoleInfo.java:updateAndGet(143)) - df12c920-952d-4704-9c70-1a288e2f77c7: start LeaderElection
2019-10-20 10:28:31,065 [df12c920-952d-4704-9c70-1a288e2f77c7@group-75987F7FE399-LeaderElection147] INFO  impl.LeaderElection (LeaderElection.java:askForVotes(178)) - df12c920-952d-4704-9c70-1a288e2f77c7@group-75987F7FE399-LeaderElection147: begin an election at term 164 for -1: [875da3d9-0dec-46c7-88bf-73f7a2372b64:192.168.69.89:39990, df12c920-952d-4704-9c70-1a288e2f77c7:192.168.69.89:43948, 9ceef694-dbcf-4070-b7b1-3b3c65b6a699:192.168.69.89:36536], old=null
2019-10-20 10:28:31,068 [grpc-default-executor-1] INFO  impl.RaftServerImpl (RaftServerImpl.java:setRole(184)) - 9ceef694-dbcf-4070-b7b1-3b3c65b6a699@group-75987F7FE399: changes role from  FOLLOWER to FOLLOWER at term 164 for recognizeCandidate:df12c920-952d-4704-9c70-1a288e2f77c7
2019-10-20 10:28:31,068 [grpc-default-executor-3] INFO  impl.RaftServerImpl (RaftServerImpl.java:setRole(184)) - 875da3d9-0dec-46c7-88bf-73f7a2372b64@group-75987F7FE399: changes role from  FOLLOWER to FOLLOWER at term 164 for recognizeCandidate:df12c920-952d-4704-9c70-1a288e2f77c7
2019-10-20 10:28:31,069 [grpc-default-executor-1] INFO  impl.RoleInfo (RoleInfo.java:shutdownFollowerState(121)) - 9ceef694-dbcf-4070-b7b1-3b3c65b6a699: shutdown FollowerState
2019-10-20 10:28:31,069 [grpc-default-executor-3] INFO  impl.RoleInfo (RoleInfo.java:shutdownFollowerState(121)) - 875da3d9-0dec-46c7-88bf-73f7a2372b64: shutdown FollowerState
2019-10-20 10:28:31,069 [grpc-default-executor-1] INFO  impl.RoleInfo (RoleInfo.java:updateAndGet(143)) - 9ceef694-dbcf-4070-b7b1-3b3c65b6a699: start FollowerState
2019-10-20 10:28:31,069 [grpc-default-executor-3] INFO  impl.RoleInfo (RoleInfo.java:updateAndGet(143)) - 875da3d9-0dec-46c7-88bf-73f7a2372b64: start FollowerState
2019-10-20 10:28:31,069 [Thread-1214] INFO  impl.FollowerState (FollowerState.java:run(117)) - 875da3d9-0dec-46c7-88bf-73f7a2372b64@group-75987F7FE399-FollowerState was interrupted: java.lang.InterruptedException: sleep interrupted
2019-10-20 10:28:31,069 [Thread-1215] INFO  impl.FollowerState (FollowerState.java:run(117)) - 9ceef694-dbcf-4070-b7b1-3b3c65b6a699@group-75987F7FE399-FollowerState was interrupted: java.lang.InterruptedException: sleep interrupted
2019-10-20 10:28:31,085 [df12c920-952d-4704-9c70-1a288e2f77c7@group-75987F7FE399-LeaderElection147] INFO  impl.LeaderElection (LeaderElection.java:logAndReturn(56)) - df12c920-952d-4704-9c70-1a288e2f77c7@group-75987F7FE399-LeaderElection147: Election REJECTED; received 2 response(s) [df12c920-952d-4704-9c70-1a288e2f77c7<-875da3d9-0dec-46c7-88bf-73f7a2372b64#0:FAIL-t164, df12c920-952d-4704-9c70-1a288e2f77c7<-9ceef694-dbcf-4070-b7b1-3b3c65b6a699#0:FAIL-t164] and 0 exception(s); df12c920-952d-4704-9c70-1a288e2f77c7@group-75987F7FE399:t164, leader=null, voted=df12c920-952d-4704-9c70-1a288e2f77c7, raftlog=df12c920-952d-4704-9c70-1a288e2f77c7@group-75987F7FE399-SegmentedRaftLog:OPENED:c-1,f-1,i0, conf=-1: [875da3d9-0dec-46c7-88bf-73f7a2372b64:192.168.69.89:39990, df12c920-952d-4704-9c70-1a288e2f77c7:192.168.69.89:43948, 9ceef694-dbcf-4070-b7b1-3b3c65b6a699:192.168.69.89:36536], old=null
2019-10-20 10:28:31,085 [df12c920-952d-4704-9c70-1a288e2f77c7@group-75987F7FE399-LeaderElection147] INFO  impl.RaftServerImpl (RaftServerImpl.java:setRole(184)) - df12c920-952d-4704-9c70-1a288e2f77c7@group-75987F7FE399: changes role from CANDIDATE to FOLLOWER at term 164 for DISCOVERED_A_NEW_TERM
2019-10-20 10:28:31,085 [df12c920-952d-4704-9c70-1a288e2f77c7@group-75987F7FE399-LeaderElection147] INFO  impl.RoleInfo (RoleInfo.java:shutdownLeaderElection(134)) - df12c920-952d-4704-9c70-1a288e2f77c7: shutdown LeaderElection
2019-10-20 10:28:31,085 [df12c920-952d-4704-9c70-1a288e2f77c7@group-75987F7FE399-LeaderElection147] INFO  impl.RoleInfo (RoleInfo.java:updateAndGet(143)) - df12c920-952d-4704-9c70-1a288e2f77c7: start FollowerState
2019-10-20 10:28:31,120 [Thread-1222] INFO  impl.FollowerState (FollowerState.java:run(108)) - df12c920-952d-4704-9c70-1a288e2f77c7@group-75987F7FE399-FollowerState: change to CANDIDATE, lastRpcTime:34ms, electionTimeout:34ms
2019-10-20 10:28:31,120 [Thread-1222] INFO  impl.RoleInfo (RoleInfo.java:shutdownFollowerState(121)) - df12c920-952d-4704-9c70-1a288e2f77c7: shutdown FollowerState
2019-10-20 10:28:31,120 [Thread-1222] INFO  impl.RaftServerImpl (RaftServerImpl.java:setRole(184)) - df12c920-952d-4704-9c70-1a288e2f77c7@group-75987F7FE399: changes role from  FOLLOWER to CANDIDATE at term 164 for changeToCandidate
2019-10-20 10:28:31,120 [Thread-1222] INFO  impl.RoleInfo (RoleInfo.java:updateAndGet(143)) - df12c920-952d-4704-9c70-1a288e2f77c7: start LeaderElection
2019-10-20 10:28:31,134 [df12c920-952d-4704-9c70-1a288e2f77c7@group-75987F7FE399-LeaderElection148] INFO  impl.LeaderElection (LeaderElection.java:askForVotes(178)) - df12c920-952d-4704-9c70-1a288e2f77c7@group-75987F7FE399-LeaderElection148: begin an election at term 165 for -1: [875da3d9-0dec-46c7-88bf-73f7a2372b64:192.168.69.89:39990, df12c920-952d-4704-9c70-1a288e2f77c7:192.168.69.89:43948, 9ceef694-dbcf-4070-b7b1-3b3c65b6a699:192.168.69.89:36536], old=null
2019-10-20 10:28:31,137 [grpc-default-executor-1] INFO  impl.RaftServerImpl (RaftServerImpl.java:setRole(184)) - 875da3d9-0dec-46c7-88bf-73f7a2372b64@group-75987F7FE399: changes role from  FOLLOWER to FOLLOWER at term 165 for recognizeCandidate:df12c920-952d-4704-9c70-1a288e2f77c7
2019-10-20 10:28:31,137 [grpc-default-executor-1] INFO  impl.RoleInfo (RoleInfo.java:shutdownFollowerState(121)) - 875da3d9-0dec-46c7-88bf-73f7a2372b64: shutdown FollowerState
2019-10-20 10:28:31,138 [grpc-default-executor-1] INFO  impl.RoleInfo (RoleInfo.java:updateAndGet(143)) - 875da3d9-0dec-46c7-88bf-73f7a2372b64: start FollowerState
2019-10-20 10:28:31,138 [Thread-1221] INFO  impl.FollowerState (FollowerState.java:run(117)) - 875da3d9-0dec-46c7-88bf-73f7a2372b64@group-75987F7FE399-FollowerState was interrupted: java.lang.InterruptedException: sleep interrupted
2019-10-20 10:28:31,138 [grpc-default-executor-3] INFO  impl.RaftServerImpl (RaftServerImpl.java:setRole(184)) - 9ceef694-dbcf-4070-b7b1-3b3c65b6a699@group-75987F7FE399: changes role from  FOLLOWER to FOLLOWER at term 165 for recognizeCandidate:df12c920-952d-4704-9c70-1a288e2f77c7
2019-10-20 10:28:31,138 [grpc-default-executor-3] INFO  impl.RoleInfo (RoleInfo.java:shutdownFollowerState(121)) - 9ceef694-dbcf-4070-b7b1-3b3c65b6a699: shutdown FollowerState
2019-10-20 10:28:31,138 [grpc-default-executor-3] INFO  impl.RoleInfo (RoleInfo.java:updateAndGet(143)) - 9ceef694-dbcf-4070-b7b1-3b3c65b6a699: start FollowerState
2019-10-20 10:28:31,138 [Thread-1220] INFO  impl.FollowerState (FollowerState.java:run(117)) - 9ceef694-dbcf-4070-b7b1-3b3c65b6a699@group-75987F7FE399-FollowerState was interrupted: java.lang.InterruptedException: sleep interrupted
2019-10-20 10:28:31,166 [df12c920-952d-4704-9c70-1a288e2f77c7@group-75987F7FE399-LeaderElection148] INFO  impl.LeaderElection (LeaderElection.java:logAndReturn(56)) - df12c920-952d-4704-9c70-1a288e2f77c7@group-75987F7FE399-LeaderElection148: Election REJECTED; received 2 response(s) [df12c920-952d-4704-9c70-1a288e2f77c7<-875da3d9-0dec-46c7-88bf-73f7a2372b64#0:FAIL-t165, df12c920-952d-4704-9c70-1a288e2f77c7<-9ceef694-dbcf-4070-b7b1-3b3c65b6a699#0:FAIL-t165] and 0 exception(s); df12c920-952d-4704-9c70-1a288e2f77c7@group-75987F7FE399:t165, leader=null, voted=df12c920-952d-4704-9c70-1a288e2f77c7, raftlog=df12c920-952d-4704-9c70-1a288e2f77c7@group-75987F7FE399-SegmentedRaftLog:OPENED:c-1,f-1,i0, conf=-1: [875da3d9-0dec-46c7-88bf-73f7a2372b64:192.168.69.89:39990, df12c920-952d-4704-9c70-1a288e2f77c7:192.168.69.89:43948, 9ceef694-dbcf-4070-b7b1-3b3c65b6a699:192.168.69.89:36536], old=null
2019-10-20 10:28:31,166 [df12c920-952d-4704-9c70-1a288e2f77c7@group-75987F7FE399-LeaderElection148] INFO  impl.RaftServerImpl (RaftServerImpl.java:setRole(184)) - df12c920-952d-4704-9c70-1a288e2f77c7@group-75987F7FE399: changes role from CANDIDATE to FOLLOWER at term 165 for DISCOVERED_A_NEW_TERM
2019-10-20 10:28:31,166 [df12c920-952d-4704-9c70-1a288e2f77c7@group-75987F7FE399-LeaderElection148] INFO  impl.RoleInfo (RoleInfo.java:shutdownLeaderElection(134)) - df12c920-952d-4704-9c70-1a288e2f77c7: shutdown LeaderElection
2019-10-20 10:28:31,167 [df12c920-952d-4704-9c70-1a288e2f77c7@group-75987F7FE399-LeaderElection148] INFO  impl.RoleInfo (RoleInfo.java:updateAndGet(143)) - df12c920-952d-4704-9c70-1a288e2f77c7: start FollowerState
2019-10-20 10:28:31,267 [Thread-1228] INFO  impl.FollowerState (FollowerState.java:run(108)) - df12c920-952d-4704-9c70-1a288e2f77c7@group-75987F7FE399-FollowerState: change to CANDIDATE, lastRpcTime:100ms, electionTimeout:100ms
2019-10-20 10:28:31,267 [Thread-1228] INFO  impl.RoleInfo (RoleInfo.java:shutdownFollowerState(121)) - df12c920-952d-4704-9c70-1a288e2f77c7: shutdown FollowerState
2019-10-20 10:28:31,267 [Thread-1228] INFO  impl.RaftServerImpl (RaftServerImpl.java:setRole(184)) - df12c920-952d-4704-9c70-1a288e2f77c7@group-75987F7FE399: changes role from  FOLLOWER to CANDIDATE at term 165 for changeToCandidate
2019-10-20 10:28:31,267 [Thread-1228] INFO  impl.RoleInfo (RoleInfo.java:updateAndGet(143)) - df12c920-952d-4704-9c70-1a288e2f77c7: start LeaderElection
2019-10-20 10:28:31,281 [df12c920-952d-4704-9c70-1a288e2f77c7@group-75987F7FE399-LeaderElection149] INFO  impl.LeaderElection (LeaderElection.java:askForVotes(178)) - df12c920-952d-4704-9c70-1a288e2f77c7@group-75987F7FE399-LeaderElection149: begin an election at term 166 for -1: [875da3d9-0dec-46c7-88bf-73f7a2372b64:192.168.69.89:39990, df12c920-952d-4704-9c70-1a288e2f77c7:192.168.69.89:43948, 9ceef694-dbcf-4070-b7b1-3b3c65b6a699:192.168.69.89:36536], old=null
2019-10-20 10:28:31,284 [grpc-default-executor-1] INFO  impl.RaftServerImpl (RaftServerImpl.java:setRole(184)) - 875da3d9-0dec-46c7-88bf-73f7a2372b64@group-75987F7FE399: changes role from  FOLLOWER to FOLLOWER at term 166 for recognizeCandidate:df12c920-952d-4704-9c70-1a288e2f77c7
2019-10-20 10:28:31,285 [grpc-default-executor-1] INFO  impl.RoleInfo (RoleInfo.java:shutdownFollowerState(121)) - 875da3d9-0dec-46c7-88bf-73f7a2372b64: shutdown FollowerState
2019-10-20 10:28:31,285 [grpc-default-executor-1] INFO  impl.RoleInfo (RoleInfo.java:updateAndGet(143)) - 875da3d9-0dec-46c7-88bf-73f7a2372b64: start FollowerState
2019-10-20 10:28:31,285 [grpc-default-executor-3] INFO  impl.RaftServerImpl (RaftServerImpl.java:setRole(184)) - 9ceef694-dbcf-4070-b7b1-3b3c65b6a699@group-75987F7FE399: changes role from  FOLLOWER to FOLLOWER at term 166 for recognizeCandidate:df12c920-952d-4704-9c70-1a288e2f77c7
2019-10-20 10:28:31,285 [Thread-1226] INFO  impl.FollowerState (FollowerState.java:run(117)) - 875da3d9-0dec-46c7-88bf-73f7a2372b64@group-75987F7FE399-FollowerState was interrupted: java.lang.InterruptedException: sleep interrupted
2019-10-20 10:28:31,285 [grpc-default-executor-3] INFO  impl.RoleInfo (RoleInfo.java:shutdownFollowerState(121)) - 9ceef694-dbcf-4070-b7b1-3b3c65b6a699: shutdown FollowerState
2019-10-20 10:28:31,285 [grpc-default-executor-3] INFO  impl.RoleInfo (RoleInfo.java:updateAndGet(143)) - 9ceef694-dbcf-4070-b7b1-3b3c65b6a699: start FollowerState
2019-10-20 10:28:31,285 [Thread-1227] INFO  impl.FollowerState (FollowerState.java:run(117)) - 9ceef694-dbcf-4070-b7b1-3b3c65b6a699@group-75987F7FE399-FollowerState was interrupted: java.lang.InterruptedException: sleep interrupted
2019-10-20 10:28:31,300 [df12c920-952d-4704-9c70-1a288e2f77c7@group-75987F7FE399-LeaderElection149] INFO  impl.LeaderElection (LeaderElection.java:logAndReturn(56)) - df12c920-952d-4704-9c70-1a288e2f77c7@group-75987F7FE399-LeaderElection149: Election REJECTED; received 2 response(s) [df12c920-952d-4704-9c70-1a288e2f77c7<-875da3d9-0dec-46c7-88bf-73f7a2372b64#0:FAIL-t166, df12c920-952d-4704-9c70-1a288e2f77c7<-9ceef694-dbcf-4070-b7b1-3b3c65b6a699#0:FAIL-t166] and 0 exception(s); df12c920-952d-4704-9c70-1a288e2f77c7@group-75987F7FE399:t166, leader=null, voted=df12c920-952d-4704-9c70-1a288e2f77c7, raftlog=df12c920-952d-4704-9c70-1a288e2f77c7@group-75987F7FE399-SegmentedRaftLog:OPENED:c-1,f-1,i0, conf=-1: [875da3d9-0dec-46c7-88bf-73f7a2372b64:192.168.69.89:39990, df12c920-952d-4704-9c70-1a288e2f77c7:192.168.69.89:43948, 9ceef694-dbcf-4070-b7b1-3b3c65b6a699:192.168.69.89:36536], old=null
2019-10-20 10:28:31,300 [df12c920-952d-4704-9c70-1a288e2f77c7@group-75987F7FE399-LeaderElection149] INFO  impl.RaftServerImpl (RaftServerImpl.java:setRole(184)) - df12c920-952d-4704-9c70-1a288e2f77c7@group-75987F7FE399: changes role from CANDIDATE to FOLLOWER at term 166 for DISCOVERED_A_NEW_TERM
2019-10-20 10:28:31,300 [df12c920-952d-4704-9c70-1a288e2f77c7@group-75987F7FE399-LeaderElection149] INFO  impl.RoleInfo (RoleInfo.java:shutdownLeaderElection(134)) - df12c920-952d-4704-9c70-1a288e2f77c7: shutdown LeaderElection
2019-10-20 10:28:31,301 [df12c920-952d-4704-9c70-1a288e2f77c7@group-75987F7FE399-LeaderElection149] INFO  impl.RoleInfo (RoleInfo.java:updateAndGet(143)) - df12c920-952d-4704-9c70-1a288e2f77c7: start FollowerState
2019-10-20 10:28:31,466 [Thread-1234] INFO  impl.FollowerState (FollowerState.java:run(108)) - df12c920-952d-4704-9c70-1a288e2f77c7@group-75987F7FE399-FollowerState: change to CANDIDATE, lastRpcTime:165ms, electionTimeout:165ms
2019-10-20 10:28:31,466 [Thread-1234] INFO  impl.RoleInfo (RoleInfo.java:shutdownFollowerState(121)) - df12c920-952d-4704-9c70-1a288e2f77c7: shutdown FollowerState
2019-10-20 10:28:31,466 [Thread-1234] INFO  impl.RaftServerImpl (RaftServerImpl.java:setRole(184)) - df12c920-952d-4704-9c70-1a288e2f77c7@group-75987F7FE399: changes role from  FOLLOWER to CANDIDATE at term 166 for changeToCandidate
2019-10-20 10:28:31,467 [Thread-1234] INFO  impl.RoleInfo (RoleInfo.java:updateAndGet(143)) - df12c920-952d-4704-9c70-1a288e2f77c7: start LeaderElection
2019-10-20 10:28:31,493 [df12c920-952d-4704-9c70-1a288e2f77c7@group-75987F7FE399-LeaderElection150] INFO  impl.LeaderElection (LeaderElection.java:askForVotes(178)) - df12c920-952d-4704-9c70-1a288e2f77c7@group-75987F7FE399-LeaderElection150: begin an election at term 167 for -1: [875da3d9-0dec-46c7-88bf-73f7a2372b64:192.168.69.89:39990, df12c920-952d-4704-9c70-1a288e2f77c7:192.168.69.89:43948, 9ceef694-dbcf-4070-b7b1-3b3c65b6a699:192.168.69.89:36536], old=null
2019-10-20 10:28:31,497 [grpc-default-executor-3] INFO  impl.RaftServerImpl (RaftServerImpl.java:setRole(184)) - 875da3d9-0dec-46c7-88bf-73f7a2372b64@group-75987F7FE399: changes role from  FOLLOWER to FOLLOWER at term 167 for recognizeCandidate:df12c920-952d-4704-9c70-1a288e2f77c7
2019-10-20 10:28:31,497 [grpc-default-executor-1] INFO  impl.RaftServerImpl (RaftServerImpl.java:setRole(184)) - 9ceef694-dbcf-4070-b7b1-3b3c65b6a699@group-75987F7FE399: changes role from  FOLLOWER to FOLLOWER at term 167 for recognizeCandidate:df12c920-952d-4704-9c70-1a288e2f77c7
2019-10-20 10:28:31,498 [grpc-default-executor-1] INFO  impl.RoleInfo (RoleInfo.java:shutdownFollowerState(121)) - 9ceef694-dbcf-4070-b7b1-3b3c65b6a699: shutdown FollowerState
2019-10-20 10:28:31,498 [grpc-default-executor-3] INFO  impl.RoleInfo (RoleInfo.java:shutdownFollowerState(121)) - 875da3d9-0dec-46c7-88bf-73f7a2372b64: shutdown FollowerState
2019-10-20 10:28:31,498 [Thread-1233] INFO  impl.FollowerState (FollowerState.java:run(117)) - 9ceef694-dbcf-4070-b7b1-3b3c65b6a699@group-75987F7FE399-FollowerState was interrupted: java.lang.InterruptedException: sleep interrupted
2019-10-20 10:28:31,498 [grpc-default-executor-1] INFO  impl.RoleInfo (RoleInfo.java:updateAndGet(143)) - 9ceef694-dbcf-4070-b7b1-3b3c65b6a699: start FollowerState
2019-10-20 10:28:31,498 [Thread-1232] INFO  impl.FollowerState (FollowerState.java:run(117)) - 875da3d9-0dec-46c7-88bf-73f7a2372b64@group-75987F7FE399-FollowerState was interrupted: java.lang.InterruptedException: sleep interrupted
2019-10-20 10:28:31,498 [grpc-default-executor-3] INFO  impl.RoleInfo (RoleInfo.java:updateAndGet(143)) - 875da3d9-0dec-46c7-88bf-73f7a2372b64: start FollowerState
2019-10-20 10:28:31,514 [df12c920-952d-4704-9c70-1a288e2f77c7@group-75987F7FE399-LeaderElection150] INFO  impl.LeaderElection (LeaderElection.java:logAndReturn(56)) - df12c920-952d-4704-9c70-1a288e2f77c7@group-75987F7FE399-LeaderElection150: Election REJECTED; received 2 response(s) [df12c920-952d-4704-9c70-1a288e2f77c7<-875da3d9-0dec-46c7-88bf-73f7a2372b64#0:FAIL-t167, df12c920-952d-4704-9c70-1a288e2f77c7<-9ceef694-dbcf-4070-b7b1-3b3c65b6a699#0:FAIL-t167] and 0 exception(s); df12c920-952d-4704-9c70-1a288e2f77c7@group-75987F7FE399:t167, leader=null, voted=df12c920-952d-4704-9c70-1a288e2f77c7, raftlog=df12c920-952d-4704-9c70-1a288e2f77c7@group-75987F7FE399-SegmentedRaftLog:OPENED:c-1,f-1,i0, conf=-1: [875da3d9-0dec-46c7-88bf-73f7a2372b64:192.168.69.89:39990, df12c920-952d-4704-9c70-1a288e2f77c7:192.168.69.89:43948, 9ceef694-dbcf-4070-b7b1-3b3c65b6a699:192.168.69.89:36536], old=null
2019-10-20 10:28:31,515 [df12c920-952d-4704-9c70-1a288e2f77c7@group-75987F7FE399-LeaderElection150] INFO  impl.RaftServerImpl (RaftServerImpl.java:setRole(184)) - df12c920-952d-4704-9c70-1a288e2f77c7@group-75987F7FE399: changes role from CANDIDATE to FOLLOWER at term 167 for DISCOVERED_A_NEW_TERM
2019-10-20 10:28:31,515 [df12c920-952d-4704-9c70-1a288e2f77c7@group-75987F7FE399-LeaderElection150] INFO  impl.RoleInfo (RoleInfo.java:shutdownLeaderElection(134)) - df12c920-952d-4704-9c70-1a288e2f77c7: shutdown LeaderElection
2019-10-20 10:28:31,515 [df12c920-952d-4704-9c70-1a288e2f77c7@group-75987F7FE399-LeaderElection150] INFO  impl.RoleInfo (RoleInfo.java:updateAndGet(143)) - df12c920-952d-4704-9c70-1a288e2f77c7: start FollowerState
2019-10-20 10:28:31,521 [Thread-1240] INFO  impl.FollowerState (FollowerState.java:run(108)) - df12c920-952d-4704-9c70-1a288e2f77c7@group-75987F7FE399-FollowerState: change to CANDIDATE, lastRpcTime:6ms, electionTimeout:6ms
2019-10-20 10:28:31,521 [Thread-1240] INFO  impl.RoleInfo (RoleInfo.java:shutdownFollowerState(121)) - df12c920-952d-4704-9c70-1a288e2f77c7: shutdown FollowerState
2019-10-20 10:28:31,522 [Thread-1240] INFO  impl.RaftServerImpl (RaftServerImpl.java:setRole(184)) - df12c920-952d-4704-9c70-1a288e2f77c7@group-75987F7FE399: changes role from  FOLLOWER to CANDIDATE at term 167 for changeToCandidate
2019-10-20 10:28:31,522 [Thread-1240] INFO  impl.RoleInfo (RoleInfo.java:updateAndGet(143)) - df12c920-952d-4704-9c70-1a288e2f77c7: start LeaderElection
2019-10-20 10:28:31,535 [df12c920-952d-4704-9c70-1a288e2f77c7@group-75987F7FE399-LeaderElection151] INFO  impl.LeaderElection (LeaderElection.java:askForVotes(178)) - df12c920-952d-4704-9c70-1a288e2f77c7@group-75987F7FE399-LeaderElection151: begin an election at term 168 for -1: [875da3d9-0dec-46c7-88bf-73f7a2372b64:192.168.69.89:39990, df12c920-952d-4704-9c70-1a288e2f77c7:192.168.69.89:43948, 9ceef694-dbcf-4070-b7b1-3b3c65b6a699:192.168.69.89:36536], old=null
2019-10-20 10:28:31,537 [grpc-default-executor-3] INFO  impl.RaftServerImpl (RaftServerImpl.java:setRole(184)) - 9ceef694-dbcf-4070-b7b1-3b3c65b6a699@group-75987F7FE399: changes role from  FOLLOWER to FOLLOWER at term 168 for recognizeCandidate:df12c920-952d-4704-9c70-1a288e2f77c7
2019-10-20 10:28:31,538 [grpc-default-executor-3] INFO  impl.RoleInfo (RoleInfo.java:shutdownFollowerState(121)) - 9ceef694-dbcf-4070-b7b1-3b3c65b6a699: shutdown FollowerState
2019-10-20 10:28:31,538 [grpc-default-executor-1] INFO  impl.RaftServerImpl (RaftServerImpl.java:setRole(184)) - 875da3d9-0dec-46c7-88bf-73f7a2372b64@group-75987F7FE399: changes role from  FOLLOWER to FOLLOWER at term 168 for recognizeCandidate:df12c920-952d-4704-9c70-1a288e2f77c7
2019-10-20 10:28:31,538 [Thread-1238] INFO  impl.FollowerState (FollowerState.java:run(117)) - 9ceef694-dbcf-4070-b7b1-3b3c65b6a699@group-75987F7FE399-FollowerState was interrupted: java.lang.InterruptedException: sleep interrupted
2019-10-20 10:28:31,538 [grpc-default-executor-3] INFO  impl.RoleInfo (RoleInfo.java:updateAndGet(143)) - 9ceef694-dbcf-4070-b7b1-3b3c65b6a699: start FollowerState
2019-10-20 10:28:31,538 [grpc-default-executor-1] INFO  impl.RoleInfo (RoleInfo.java:shutdownFollowerState(121)) - 875da3d9-0dec-46c7-88bf-73f7a2372b64: shutdown FollowerState
2019-10-20 10:28:31,539 [grpc-default-executor-1] INFO  impl.RoleInfo (RoleInfo.java:updateAndGet(143)) - 875da3d9-0dec-46c7-88bf-73f7a2372b64: start FollowerState
2019-10-20 10:28:31,539 [Thread-1239] INFO  impl.FollowerState (FollowerState.java:run(117)) - 875da3d9-0dec-46c7-88bf-73f7a2372b64@group-75987F7FE399-FollowerState was interrupted: java.lang.InterruptedException: sleep interrupted
2019-10-20 10:28:31,553 [df12c920-952d-4704-9c70-1a288e2f77c7@group-75987F7FE399-LeaderElection151] INFO  impl.LeaderElection (LeaderElection.java:logAndReturn(56)) - df12c920-952d-4704-9c70-1a288e2f77c7@group-75987F7FE399-LeaderElection151: Election REJECTED; received 2 response(s) [df12c920-952d-4704-9c70-1a288e2f77c7<-875da3d9-0dec-46c7-88bf-73f7a2372b64#0:FAIL-t168, df12c920-952d-4704-9c70-1a288e2f77c7<-9ceef694-dbcf-4070-b7b1-3b3c65b6a699#0:FAIL-t168] and 0 exception(s); df12c920-952d-4704-9c70-1a288e2f77c7@group-75987F7FE399:t168, leader=null, voted=df12c920-952d-4704-9c70-1a288e2f77c7, raftlog=df12c920-952d-4704-9c70-1a288e2f77c7@group-75987F7FE399-SegmentedRaftLog:OPENED:c-1,f-1,i0, conf=-1: [875da3d9-0dec-46c7-88bf-73f7a2372b64:192.168.69.89:39990, df12c920-952d-4704-9c70-1a288e2f77c7:192.168.69.89:43948, 9ceef694-dbcf-4070-b7b1-3b3c65b6a699:192.168.69.89:36536], old=null
2019-10-20 10:28:31,553 [df12c920-952d-4704-9c70-1a288e2f77c7@group-75987F7FE399-LeaderElection151] INFO  impl.RaftServerImpl (RaftServerImpl.java:setRole(184)) - df12c920-952d-4704-9c70-1a288e2f77c7@group-75987F7FE399: changes role from CANDIDATE to FOLLOWER at term 168 for DISCOVERED_A_NEW_TERM
2019-10-20 10:28:31,553 [df12c920-952d-4704-9c70-1a288e2f77c7@group-75987F7FE399-LeaderElection151] INFO  impl.RoleInfo (RoleInfo.java:shutdownLeaderElection(134)) - df12c920-952d-4704-9c70-1a288e2f77c7: shutdown LeaderElection
2019-10-20 10:28:31,553 [df12c920-952d-4704-9c70-1a288e2f77c7@group-75987F7FE399-LeaderElection151] INFO  impl.RoleInfo (RoleInfo.java:updateAndGet(143)) - df12c920-952d-4704-9c70-1a288e2f77c7: start FollowerState
2019-10-20 10:28:31,666 [Thread-1246] INFO  impl.FollowerState (FollowerState.java:run(108)) - df12c920-952d-4704-9c70-1a288e2f77c7@group-75987F7FE399-FollowerState: change to CANDIDATE, lastRpcTime:113ms, electionTimeout:113ms
2019-10-20 10:28:31,667 [Thread-1246] INFO  impl.RoleInfo (RoleInfo.java:shutdownFollowerState(121)) - df12c920-952d-4704-9c70-1a288e2f77c7: shutdown FollowerState
2019-10-20 10:28:31,667 [Thread-1246] INFO  impl.RaftServerImpl (RaftServerImpl.java:setRole(184)) - df12c920-952d-4704-9c70-1a288e2f77c7@group-75987F7FE399: changes role from  FOLLOWER to CANDIDATE at term 168 for changeToCandidate
2019-10-20 10:28:31,667 [Thread-1246] INFO  impl.RoleInfo (RoleInfo.java:updateAndGet(143)) - df12c920-952d-4704-9c70-1a288e2f77c7: start LeaderElection
2019-10-20 10:28:31,681 [df12c920-952d-4704-9c70-1a288e2f77c7@group-75987F7FE399-LeaderElection152] INFO  impl.LeaderElection (LeaderElection.java:askForVotes(178)) - df12c920-952d-4704-9c70-1a288e2f77c7@group-75987F7FE399-LeaderElection152: begin an election at term 169 for -1: [875da3d9-0dec-46c7-88bf-73f7a2372b64:192.168.69.89:39990, df12c920-952d-4704-9c70-1a288e2f77c7:192.168.69.89:43948, 9ceef694-dbcf-4070-b7b1-3b3c65b6a699:192.168.69.89:36536], old=null
2019-10-20 10:28:31,681 [df12c920-952d-4704-9c70-1a288e2f77c7@group-75987F7FE399-LeaderElection152] INFO  impl.LeaderElection (LeaderElection.java:logAndReturn(56)) - df12c920-952d-4704-9c70-1a288e2f77c7@group-75987F7FE399-LeaderElection152: Election TIMEOUT; received 0 response(s) [] and 0 exception(s); df12c920-952d-4704-9c70-1a288e2f77c7@group-75987F7FE399:t169, leader=null, voted=df12c920-952d-4704-9c70-1a288e2f77c7, raftlog=df12c920-952d-4704-9c70-1a288e2f77c7@group-75987F7FE399-SegmentedRaftLog:OPENED:c-1,f-1,i0, conf=-1: [875da3d9-0dec-46c7-88bf-73f7a2372b64:192.168.69.89:39990, df12c920-952d-4704-9c70-1a288e2f77c7:192.168.69.89:43948, 9ceef694-dbcf-4070-b7b1-3b3c65b6a699:192.168.69.89:36536], old=null
2019-10-20 10:28:31,683 [grpc-default-executor-1] INFO  impl.RaftServerImpl (RaftServerImpl.java:setRole(184)) - 875da3d9-0dec-46c7-88bf-73f7a2372b64@group-75987F7FE399: changes role from  FOLLOWER to FOLLOWER at term 169 for recognizeCandidate:df12c920-952d-4704-9c70-1a288e2f77c7
2019-10-20 10:28:31,684 [grpc-default-executor-1] INFO  impl.RoleInfo (RoleInfo.java:shutdownFollowerState(121)) - 875da3d9-0dec-46c7-88bf-73f7a2372b64: shutdown FollowerState
2019-10-20 10:28:31,683 [grpc-default-executor-3] INFO  impl.RaftServerImpl (RaftServerImpl.java:setRole(184)) - 9ceef694-dbcf-4070-b7b1-3b3c65b6a699@group-75987F7FE399: changes role from  FOLLOWER to FOLLOWER at term 169 for recognizeCandidate:df12c920-952d-4704-9c70-1a288e2f77c7
2019-10-20 10:28:31,684 [Thread-1245] INFO  impl.FollowerState (FollowerState.java:run(117)) - 875da3d9-0dec-46c7-88bf-73f7a2372b64@group-75987F7FE399-FollowerState was interrupted: java.lang.InterruptedException: sleep interrupted
2019-10-20 10:28:31,684 [grpc-default-executor-1] INFO  impl.RoleInfo (RoleInfo.java:updateAndGet(143)) - 875da3d9-0dec-46c7-88bf-73f7a2372b64: start FollowerState
2019-10-20 10:28:31,684 [grpc-default-executor-3] INFO  impl.RoleInfo (RoleInfo.java:shutdownFollowerState(121)) - 9ceef694-dbcf-4070-b7b1-3b3c65b6a699: shutdown FollowerState
2019-10-20 10:28:31,684 [grpc-default-executor-3] INFO  impl.RoleInfo (RoleInfo.java:updateAndGet(143)) - 9ceef694-dbcf-4070-b7b1-3b3c65b6a699: start FollowerState
2019-10-20 10:28:31,684 [Thread-1244] INFO  impl.FollowerState (FollowerState.java:run(117)) - 9ceef694-dbcf-4070-b7b1-3b3c65b6a699@group-75987F7FE399-FollowerState was interrupted: java.lang.InterruptedException: sleep interrupted
2019-10-20 10:28:31,695 [df12c920-952d-4704-9c70-1a288e2f77c7@group-75987F7FE399-LeaderElection152] INFO  impl.LeaderElection (LeaderElection.java:askForVotes(178)) - df12c920-952d-4704-9c70-1a288e2f77c7@group-75987F7FE399-LeaderElection152: begin an election at term 170 for -1: [875da3d9-0dec-46c7-88bf-73f7a2372b64:192.168.69.89:39990, df12c920-952d-4704-9c70-1a288e2f77c7:192.168.69.89:43948, 9ceef694-dbcf-4070-b7b1-3b3c65b6a699:192.168.69.89:36536], old=null
2019-10-20 10:28:31,697 [grpc-default-executor-1] INFO  impl.RaftServerImpl (RaftServerImpl.java:setRole(184)) - 875da3d9-0dec-46c7-88bf-73f7a2372b64@group-75987F7FE399: changes role from  FOLLOWER to FOLLOWER at term 170 for recognizeCandidate:df12c920-952d-4704-9c70-1a288e2f77c7
2019-10-20 10:28:31,697 [grpc-default-executor-1] INFO  impl.RoleInfo (RoleInfo.java:shutdownFollowerState(121)) - 875da3d9-0dec-46c7-88bf-73f7a2372b64: shutdown FollowerState
2019-10-20 10:28:31,697 [grpc-default-executor-3] INFO  impl.RaftServerImpl (RaftServerImpl.java:setRole(184)) - 9ceef694-dbcf-4070-b7b1-3b3c65b6a699@group-75987F7FE399: changes role from  FOLLOWER to FOLLOWER at term 170 for recognizeCandidate:df12c920-952d-4704-9c70-1a288e2f77c7
2019-10-20 10:28:31,697 [grpc-default-executor-3] INFO  impl.RoleInfo (RoleInfo.java:shutdownFollowerState(121)) - 9ceef694-dbcf-4070-b7b1-3b3c65b6a699: shutdown FollowerState
2019-10-20 10:28:31,697 [Thread-1250] INFO  impl.FollowerState (FollowerState.java:run(117)) - 875da3d9-0dec-46c7-88bf-73f7a2372b64@group-75987F7FE399-FollowerState was interrupted: java.lang.InterruptedException: sleep interrupted
2019-10-20 10:28:31,697 [grpc-default-executor-1] INFO  impl.RoleInfo (RoleInfo.java:updateAndGet(143)) - 875da3d9-0dec-46c7-88bf-73f7a2372b64: start FollowerState
2019-10-20 10:28:31,697 [Thread-1251] INFO  impl.FollowerState (FollowerState.java:run(117)) - 9ceef694-dbcf-4070-b7b1-3b3c65b6a699@group-75987F7FE399-FollowerState was interrupted: java.lang.InterruptedException: sleep interrupted
2019-10-20 10:28:31,697 [grpc-default-executor-3] INFO  impl.RoleInfo (RoleInfo.java:updateAndGet(143)) - 9ceef694-dbcf-4070-b7b1-3b3c65b6a699: start FollowerState
2019-10-20 10:28:31,723 [df12c920-952d-4704-9c70-1a288e2f77c7@group-75987F7FE399-LeaderElection152] INFO  impl.LeaderElection (LeaderElection.java:logAndReturn(56)) - df12c920-952d-4704-9c70-1a288e2f77c7@group-75987F7FE399-LeaderElection152: Election REJECTED; received 2 response(s) [df12c920-952d-4704-9c70-1a288e2f77c7<-875da3d9-0dec-46c7-88bf-73f7a2372b64#0:FAIL-t170, df12c920-952d-4704-9c70-1a288e2f77c7<-9ceef694-dbcf-4070-b7b1-3b3c65b6a699#0:FAIL-t170] and 0 exception(s); df12c920-952d-4704-9c70-1a288e2f77c7@group-75987F7FE399:t170, leader=null, voted=df12c920-952d-4704-9c70-1a288e2f77c7, raftlog=df12c920-952d-4704-9c70-1a288e2f77c7@group-75987F7FE399-SegmentedRaftLog:OPENED:c-1,f-1,i0, conf=-1: [875da3d9-0dec-46c7-88bf-73f7a2372b64:192.168.69.89:39990, df12c920-952d-4704-9c70-1a288e2f77c7:192.168.69.89:43948, 9ceef694-dbcf-4070-b7b1-3b3c65b6a699:192.168.69.89:36536], old=null
2019-10-20 10:28:31,723 [df12c920-952d-4704-9c70-1a288e2f77c7@group-75987F7FE399-LeaderElection152] INFO  impl.RaftServerImpl (RaftServerImpl.java:setRole(184)) - df12c920-952d-4704-9c70-1a288e2f77c7@group-75987F7FE399: changes role from CANDIDATE to FOLLOWER at term 170 for DISCOVERED_A_NEW_TERM
2019-10-20 10:28:31,724 [df12c920-952d-4704-9c70-1a288e2f77c7@group-75987F7FE399-LeaderElection152] INFO  impl.RoleInfo (RoleInfo.java:shutdownLeaderElection(134)) - df12c920-952d-4704-9c70-1a288e2f77c7: shutdown LeaderElection
2019-10-20 10:28:31,724 [df12c920-952d-4704-9c70-1a288e2f77c7@group-75987F7FE399-LeaderElection152] INFO  impl.RoleInfo (RoleInfo.java:updateAndGet(143)) - df12c920-952d-4704-9c70-1a288e2f77c7: start FollowerState
2019-10-20 10:28:31,740 [Thread-1256] INFO  impl.FollowerState (FollowerState.java:run(108)) - df12c920-952d-4704-9c70-1a288e2f77c7@group-75987F7FE399-FollowerState: change to CANDIDATE, lastRpcTime:16ms, electionTimeout:15ms
2019-10-20 10:28:31,740 [Thread-1256] INFO  impl.RoleInfo (RoleInfo.java:shutdownFollowerState(121)) - df12c920-952d-4704-9c70-1a288e2f77c7: shutdown FollowerState
2019-10-20 10:28:31,740 [Thread-1256] INFO  impl.RaftServerImpl (RaftServerImpl.java:setRole(184)) - df12c920-952d-4704-9c70-1a288e2f77c7@group-75987F7FE399: changes role from  FOLLOWER to CANDIDATE at term 170 for changeToCandidate
2019-10-20 10:28:31,740 [Thread-1256] INFO  impl.RoleInfo (RoleInfo.java:updateAndGet(143)) - df12c920-952d-4704-9c70-1a288e2f77c7: start LeaderElection
2019-10-20 10:28:31,753 [df12c920-952d-4704-9c70-1a288e2f77c7@group-75987F7FE399-LeaderElection153] INFO  impl.LeaderElection (LeaderElection.java:askForVotes(178)) - df12c920-952d-4704-9c70-1a288e2f77c7@group-75987F7FE399-LeaderElection153: begin an election at term 171 for -1: [875da3d9-0dec-46c7-88bf-73f7a2372b64:192.168.69.89:39990, df12c920-952d-4704-9c70-1a288e2f77c7:192.168.69.89:43948, 9ceef694-dbcf-4070-b7b1-3b3c65b6a699:192.168.69.89:36536], old=null
2019-10-20 10:28:31,756 [grpc-default-executor-3] INFO  impl.RaftServerImpl (RaftServerImpl.java:setRole(184)) - 875da3d9-0dec-46c7-88bf-73f7a2372b64@group-75987F7FE399: changes role from  FOLLOWER to FOLLOWER at term 171 for recognizeCandidate:df12c920-952d-4704-9c70-1a288e2f77c7
2019-10-20 10:28:31,756 [grpc-default-executor-1] INFO  impl.RaftServerImpl (RaftServerImpl.java:setRole(184)) - 9ceef694-dbcf-4070-b7b1-3b3c65b6a699@group-75987F7FE399: changes role from  FOLLOWER to FOLLOWER at term 171 for recognizeCandidate:df12c920-952d-4704-9c70-1a288e2f77c7
2019-10-20 10:28:31,756 [grpc-default-executor-1] INFO  impl.RoleInfo (RoleInfo.java:shutdownFollowerState(121)) - 9ceef694-dbcf-4070-b7b1-3b3c65b6a699: shutdown FollowerState
2019-10-20 10:28:31,756 [grpc-default-executor-3] INFO  impl.RoleInfo (RoleInfo.java:shutdownFollowerState(121)) - 875da3d9-0dec-46c7-88bf-73f7a2372b64: shutdown FollowerState
2019-10-20 10:28:31,757 [Thread-1255] INFO  impl.FollowerState (FollowerState.java:run(117)) - 9ceef694-dbcf-4070-b7b1-3b3c65b6a699@group-75987F7FE399-FollowerState was interrupted: java.lang.InterruptedException: sleep interrupted
2019-10-20 10:28:31,757 [grpc-default-executor-1] INFO  impl.RoleInfo (RoleInfo.java:updateAndGet(143)) - 9ceef694-dbcf-4070-b7b1-3b3c65b6a699: start FollowerState
2019-10-20 10:28:31,757 [Thread-1254] INFO  impl.FollowerState (FollowerState.java:run(117)) - 875da3d9-0dec-46c7-88bf-73f7a2372b64@group-75987F7FE399-FollowerState was interrupted: java.lang.InterruptedException: sleep interrupted
2019-10-20 10:28:31,757 [grpc-default-executor-3] INFO  impl.RoleInfo (RoleInfo.java:updateAndGet(143)) - 875da3d9-0dec-46c7-88bf-73f7a2372b64: start FollowerState
2019-10-20 10:28:31,783 [df12c920-952d-4704-9c70-1a288e2f77c7@group-75987F7FE399-LeaderElection153] INFO  impl.LeaderElection (LeaderElection.java:logAndReturn(56)) - df12c920-952d-4704-9c70-1a288e2f77c7@group-75987F7FE399-LeaderElection153: Election REJECTED; received 2 response(s) [df12c920-952d-4704-9c70-1a288e2f77c7<-875da3d9-0dec-46c7-88bf-73f7a2372b64#0:FAIL-t171, df12c920-952d-4704-9c70-1a288e2f77c7<-9ceef694-dbcf-4070-b7b1-3b3c65b6a699#0:FAIL-t171] and 0 exception(s); df12c920-952d-4704-9c70-1a288e2f77c7@group-75987F7FE399:t171, leader=null, voted=df12c920-952d-4704-9c70-1a288e2f77c7, raftlog=df12c920-952d-4704-9c70-1a288e2f77c7@group-75987F7FE399-SegmentedRaftLog:OPENED:c-1,f-1,i0, conf=-1: [875da3d9-0dec-46c7-88bf-73f7a2372b64:192.168.69.89:39990, df12c920-952d-4704-9c70-1a288e2f77c7:192.168.69.89:43948, 9ceef694-dbcf-4070-b7b1-3b3c65b6a699:192.168.69.89:36536], old=null
2019-10-20 10:28:31,784 [df12c920-952d-4704-9c70-1a288e2f77c7@group-75987F7FE399-LeaderElection153] INFO  impl.RaftServerImpl (RaftServerImpl.java:setRole(184)) - df12c920-952d-4704-9c70-1a288e2f77c7@group-75987F7FE399: changes role from CANDIDATE to FOLLOWER at term 171 for DISCOVERED_A_NEW_TERM
2019-10-20 10:28:31,784 [df12c920-952d-4704-9c70-1a288e2f77c7@group-75987F7FE399-LeaderElection153] INFO  impl.RoleInfo (RoleInfo.java:shutdownLeaderElection(134)) - df12c920-952d-4704-9c70-1a288e2f77c7: shutdown LeaderElection
2019-10-20 10:28:31,784 [df12c920-952d-4704-9c70-1a288e2f77c7@group-75987F7FE399-LeaderElection153] INFO  impl.RoleInfo (RoleInfo.java:updateAndGet(143)) - df12c920-952d-4704-9c70-1a288e2f77c7: start FollowerState
2019-10-20 10:28:31,951 [Thread-1262] INFO  impl.FollowerState (FollowerState.java:run(108)) - df12c920-952d-4704-9c70-1a288e2f77c7@group-75987F7FE399-FollowerState: change to CANDIDATE, lastRpcTime:166ms, electionTimeout:166ms
2019-10-20 10:28:31,951 [Thread-1262] INFO  impl.RoleInfo (RoleInfo.java:shutdownFollowerState(121)) - df12c920-952d-4704-9c70-1a288e2f77c7: shutdown FollowerState
2019-10-20 10:28:31,951 [Thread-1262] INFO  impl.RaftServerImpl (RaftServerImpl.java:setRole(184)) - df12c920-952d-4704-9c70-1a288e2f77c7@group-75987F7FE399: changes role from  FOLLOWER to CANDIDATE at term 171 for changeToCandidate
2019-10-20 10:28:31,951 [Thread-1262] INFO  impl.RoleInfo (RoleInfo.java:updateAndGet(143)) - df12c920-952d-4704-9c70-1a288e2f77c7: start LeaderElection
2019-10-20 10:28:31,965 [df12c920-952d-4704-9c70-1a288e2f77c7@group-75987F7FE399-LeaderElection154] INFO  impl.LeaderElection (LeaderElection.java:askForVotes(178)) - df12c920-952d-4704-9c70-1a288e2f77c7@group-75987F7FE399-LeaderElection154: begin an election at term 172 for -1: [875da3d9-0dec-46c7-88bf-73f7a2372b64:192.168.69.89:39990, df12c920-952d-4704-9c70-1a288e2f77c7:192.168.69.89:43948, 9ceef694-dbcf-4070-b7b1-3b3c65b6a699:192.168.69.89:36536], old=null
2019-10-20 10:28:31,968 [grpc-default-executor-1] INFO  impl.RaftServerImpl (RaftServerImpl.java:setRole(184)) - 875da3d9-0dec-46c7-88bf-73f7a2372b64@group-75987F7FE399: changes role from  FOLLOWER to FOLLOWER at term 172 for recognizeCandidate:df12c920-952d-4704-9c70-1a288e2f77c7
2019-10-20 10:28:31,968 [grpc-default-executor-3] INFO  impl.RaftServerImpl (RaftServerImpl.java:setRole(184)) - 9ceef694-dbcf-4070-b7b1-3b3c65b6a699@group-75987F7FE399: changes role from  FOLLOWER to FOLLOWER at term 172 for recognizeCandidate:df12c920-952d-4704-9c70-1a288e2f77c7
2019-10-20 10:28:31,968 [grpc-default-executor-1] INFO  impl.RoleInfo (RoleInfo.java:shutdownFollowerState(121)) - 875da3d9-0dec-46c7-88bf-73f7a2372b64: shutdown FollowerState
2019-10-20 10:28:31,968 [grpc-default-executor-3] INFO  impl.RoleInfo (RoleInfo.java:shutdownFollowerState(121)) - 9ceef694-dbcf-4070-b7b1-3b3c65b6a699: shutdown FollowerState
2019-10-20 10:28:31,968 [grpc-default-executor-1] INFO  impl.RoleInfo (RoleInfo.java:updateAndGet(143)) - 875da3d9-0dec-46c7-88bf-73f7a2372b64: start FollowerState
2019-10-20 10:28:31,968 [Thread-1261] INFO  impl.FollowerState (FollowerState.java:run(117)) - 875da3d9-0dec-46c7-88bf-73f7a2372b64@group-75987F7FE399-FollowerState was interrupted: java.lang.InterruptedException: sleep interrupted
2019-10-20 10:28:31,968 [grpc-default-executor-3] INFO  impl.RoleInfo (RoleInfo.java:updateAndGet(143)) - 9ceef694-dbcf-4070-b7b1-3b3c65b6a699: start FollowerState
2019-10-20 10:28:31,968 [Thread-1260] INFO  impl.FollowerState (FollowerState.java:run(117)) - 9ceef694-dbcf-4070-b7b1-3b3c65b6a699@group-75987F7FE399-FollowerState was interrupted: java.lang.InterruptedException: sleep interrupted
2019-10-20 10:28:31,985 [df12c920-952d-4704-9c70-1a288e2f77c7@group-75987F7FE399-LeaderElection154] INFO  impl.LeaderElection (LeaderElection.java:logAndReturn(56)) - df12c920-952d-4704-9c70-1a288e2f77c7@group-75987F7FE399-LeaderElection154: Election REJECTED; received 2 response(s) [df12c920-952d-4704-9c70-1a288e2f77c7<-875da3d9-0dec-46c7-88bf-73f7a2372b64#0:FAIL-t172, df12c920-952d-4704-9c70-1a288e2f77c7<-9ceef694-dbcf-4070-b7b1-3b3c65b6a699#0:FAIL-t172] and 0 exception(s); df12c920-952d-4704-9c70-1a288e2f77c7@group-75987F7FE399:t172, leader=null, voted=df12c920-952d-4704-9c70-1a288e2f77c7, raftlog=df12c920-952d-4704-9c70-1a288e2f77c7@group-75987F7FE399-SegmentedRaftLog:OPENED:c-1,f-1,i0, conf=-1: [875da3d9-0dec-46c7-88bf-73f7a2372b64:192.168.69.89:39990, df12c920-952d-4704-9c70-1a288e2f77c7:192.168.69.89:43948, 9ceef694-dbcf-4070-b7b1-3b3c65b6a699:192.168.69.89:36536], old=null
2019-10-20 10:28:31,985 [df12c920-952d-4704-9c70-1a288e2f77c7@group-75987F7FE399-LeaderElection154] INFO  impl.RaftServerImpl (RaftServerImpl.java:setRole(184)) - df12c920-952d-4704-9c70-1a288e2f77c7@group-75987F7FE399: changes role from CANDIDATE to FOLLOWER at term 172 for DISCOVERED_A_NEW_TERM
2019-10-20 10:28:31,985 [df12c920-952d-4704-9c70-1a288e2f77c7@group-75987F7FE399-LeaderElection154] INFO  impl.RoleInfo (RoleInfo.java:shutdownLeaderElection(134)) - df12c920-952d-4704-9c70-1a288e2f77c7: shutdown LeaderElection
2019-10-20 10:28:31,985 [df12c920-952d-4704-9c70-1a288e2f77c7@group-75987F7FE399-LeaderElection154] INFO  impl.RoleInfo (RoleInfo.java:updateAndGet(143)) - df12c920-952d-4704-9c70-1a288e2f77c7: start FollowerState
2019-10-20 10:28:32,148 [Thread-1270] INFO  impl.FollowerState (FollowerState.java:run(108)) - df12c920-952d-4704-9c70-1a288e2f77c7@group-75987F7FE399-FollowerState: change to CANDIDATE, lastRpcTime:162ms, electionTimeout:162ms
2019-10-20 10:28:32,148 [Thread-1270] INFO  impl.RoleInfo (RoleInfo.java:shutdownFollowerState(121)) - df12c920-952d-4704-9c70-1a288e2f77c7: shutdown FollowerState
2019-10-20 10:28:32,148 [Thread-1270] INFO  impl.RaftServerImpl (RaftServerImpl.java:setRole(184)) - df12c920-952d-4704-9c70-1a288e2f77c7@group-75987F7FE399: changes role from  FOLLOWER to CANDIDATE at term 172 for changeToCandidate
2019-10-20 10:28:32,148 [Thread-1270] INFO  impl.RoleInfo (RoleInfo.java:updateAndGet(143)) - df12c920-952d-4704-9c70-1a288e2f77c7: start LeaderElection
2019-10-20 10:28:32,174 [df12c920-952d-4704-9c70-1a288e2f77c7@group-75987F7FE399-LeaderElection155] INFO  impl.LeaderElection (LeaderElection.java:askForVotes(178)) - df12c920-952d-4704-9c70-1a288e2f77c7@group-75987F7FE399-LeaderElection155: begin an election at term 173 for -1: [875da3d9-0dec-46c7-88bf-73f7a2372b64:192.168.69.89:39990, df12c920-952d-4704-9c70-1a288e2f77c7:192.168.69.89:43948, 9ceef694-dbcf-4070-b7b1-3b3c65b6a699:192.168.69.89:36536], old=null
2019-10-20 10:28:32,176 [grpc-default-executor-1] INFO  impl.RaftServerImpl (RaftServerImpl.java:setRole(184)) - 875da3d9-0dec-46c7-88bf-73f7a2372b64@group-75987F7FE399: changes role from  FOLLOWER to FOLLOWER at term 173 for recognizeCandidate:df12c920-952d-4704-9c70-1a288e2f77c7
2019-10-20 10:28:32,176 [grpc-default-executor-1] INFO  impl.RoleInfo (RoleInfo.java:shutdownFollowerState(121)) - 875da3d9-0dec-46c7-88bf-73f7a2372b64: shutdown FollowerState
2019-10-20 10:28:32,176 [grpc-default-executor-3] INFO  impl.RaftServerImpl (RaftServerImpl.java:setRole(184)) - 9ceef694-dbcf-4070-b7b1-3b3c65b6a699@group-75987F7FE399: changes role from  FOLLOWER to FOLLOWER at term 173 for recognizeCandidate:df12c920-952d-4704-9c70-1a288e2f77c7
2019-10-20 10:28:32,177 [grpc-default-executor-1] INFO  impl.RoleInfo (RoleInfo.java:updateAndGet(143)) - 875da3d9-0dec-46c7-88bf-73f7a2372b64: start FollowerState
2019-10-20 10:28:32,177 [Thread-1268] INFO  impl.FollowerState (FollowerState.java:run(117)) - 875da3d9-0dec-46c7-88bf-73f7a2372b64@group-75987F7FE399-FollowerState was interrupted: java.lang.InterruptedException: sleep interrupted
2019-10-20 10:28:32,177 [grpc-default-executor-3] INFO  impl.RoleInfo (RoleInfo.java:shutdownFollowerState(121)) - 9ceef694-dbcf-4070-b7b1-3b3c65b6a699: shutdown FollowerState
2019-10-20 10:28:32,177 [grpc-default-executor-3] INFO  impl.RoleInfo (RoleInfo.java:updateAndGet(143)) - 9ceef694-dbcf-4070-b7b1-3b3c65b6a699: start FollowerState
2019-10-20 10:28:32,177 [Thread-1269] INFO  impl.FollowerState (FollowerState.java:run(117)) - 9ceef694-dbcf-4070-b7b1-3b3c65b6a699@group-75987F7FE399-FollowerState was interrupted: java.lang.InterruptedException: sleep interrupted
2019-10-20 10:28:32,193 [df12c920-952d-4704-9c70-1a288e2f77c7@group-75987F7FE399-LeaderElection155] INFO  impl.LeaderElection (LeaderElection.java:logAndReturn(56)) - df12c920-952d-4704-9c70-1a288e2f77c7@group-75987F7FE399-LeaderElection155: Election REJECTED; received 2 response(s) [df12c920-952d-4704-9c70-1a288e2f77c7<-875da3d9-0dec-46c7-88bf-73f7a2372b64#0:FAIL-t173, df12c920-952d-4704-9c70-1a288e2f77c7<-9ceef694-dbcf-4070-b7b1-3b3c65b6a699#0:FAIL-t173] and 0 exception(s); df12c920-952d-4704-9c70-1a288e2f77c7@group-75987F7FE399:t173, leader=null, voted=df12c920-952d-4704-9c70-1a288e2f77c7, raftlog=df12c920-952d-4704-9c70-1a288e2f77c7@group-75987F7FE399-SegmentedRaftLog:OPENED:c-1,f-1,i0, conf=-1: [875da3d9-0dec-46c7-88bf-73f7a2372b64:192.168.69.89:39990, df12c920-952d-4704-9c70-1a288e2f77c7:192.168.69.89:43948, 9ceef694-dbcf-4070-b7b1-3b3c65b6a699:192.168.69.89:36536], old=null
2019-10-20 10:28:32,193 [df12c920-952d-4704-9c70-1a288e2f77c7@group-75987F7FE399-LeaderElection155] INFO  impl.RaftServerImpl (RaftServerImpl.java:setRole(184)) - df12c920-952d-4704-9c70-1a288e2f77c7@group-75987F7FE399: changes role from CANDIDATE to FOLLOWER at term 173 for DISCOVERED_A_NEW_TERM
2019-10-20 10:28:32,194 [df12c920-952d-4704-9c70-1a288e2f77c7@group-75987F7FE399-LeaderElection155] INFO  impl.RoleInfo (RoleInfo.java:shutdownLeaderElection(134)) - df12c920-952d-4704-9c70-1a288e2f77c7: shutdown LeaderElection
2019-10-20 10:28:32,194 [df12c920-952d-4704-9c70-1a288e2f77c7@group-75987F7FE399-LeaderElection155] INFO  impl.RoleInfo (RoleInfo.java:updateAndGet(143)) - df12c920-952d-4704-9c70-1a288e2f77c7: start FollowerState
2019-10-20 10:28:32,225 [Thread-1276] INFO  impl.FollowerState (FollowerState.java:run(108)) - df12c920-952d-4704-9c70-1a288e2f77c7@group-75987F7FE399-FollowerState: change to CANDIDATE, lastRpcTime:31ms, electionTimeout:31ms
2019-10-20 10:28:32,225 [Thread-1276] INFO  impl.RoleInfo (RoleInfo.java:shutdownFollowerState(121)) - df12c920-952d-4704-9c70-1a288e2f77c7: shutdown FollowerState
2019-10-20 10:28:32,225 [Thread-1276] INFO  impl.RaftServerImpl (RaftServerImpl.java:setRole(184)) - df12c920-952d-4704-9c70-1a288e2f77c7@group-75987F7FE399: changes role from  FOLLOWER to CANDIDATE at term 173 for changeToCandidate
2019-10-20 10:28:32,226 [Thread-1276] INFO  impl.RoleInfo (RoleInfo.java:updateAndGet(143)) - df12c920-952d-4704-9c70-1a288e2f77c7: start LeaderElection
2019-10-20 10:28:32,239 [df12c920-952d-4704-9c70-1a288e2f77c7@group-75987F7FE399-LeaderElection156] INFO  impl.LeaderElection (LeaderElection.java:askForVotes(178)) - df12c920-952d-4704-9c70-1a288e2f77c7@group-75987F7FE399-LeaderElection156: begin an election at term 174 for -1: [875da3d9-0dec-46c7-88bf-73f7a2372b64:192.168.69.89:39990, df12c920-952d-4704-9c70-1a288e2f77c7:192.168.69.89:43948, 9ceef694-dbcf-4070-b7b1-3b3c65b6a699:192.168.69.89:36536], old=null
2019-10-20 10:28:32,241 [grpc-default-executor-1] INFO  impl.RaftServerImpl (RaftServerImpl.java:setRole(184)) - 875da3d9-0dec-46c7-88bf-73f7a2372b64@group-75987F7FE399: changes role from  FOLLOWER to FOLLOWER at term 174 for recognizeCandidate:df12c920-952d-4704-9c70-1a288e2f77c7
2019-10-20 10:28:32,241 [grpc-default-executor-1] INFO  impl.RoleInfo (RoleInfo.java:shutdownFollowerState(121)) - 875da3d9-0dec-46c7-88bf-73f7a2372b64: shutdown FollowerState
2019-10-20 10:28:32,241 [grpc-default-executor-1] INFO  impl.RoleInfo (RoleInfo.java:updateAndGet(143)) - 875da3d9-0dec-46c7-88bf-73f7a2372b64: start FollowerState
2019-10-20 10:28:32,242 [grpc-default-executor-3] INFO  impl.RaftServerImpl (RaftServerImpl.java:setRole(184)) - 9ceef694-dbcf-4070-b7b1-3b3c65b6a699@group-75987F7FE399: changes role from  FOLLOWER to FOLLOWER at term 174 for recognizeCandidate:df12c920-952d-4704-9c70-1a288e2f77c7
2019-10-20 10:28:32,242 [Thread-1274] INFO  impl.FollowerState (FollowerState.java:run(117)) - 875da3d9-0dec-46c7-88bf-73f7a2372b64@group-75987F7FE399-FollowerState was interrupted: java.lang.InterruptedException: sleep interrupted
2019-10-20 10:28:32,242 [grpc-default-executor-3] INFO  impl.RoleInfo (RoleInfo.java:shutdownFollowerState(121)) - 9ceef694-dbcf-4070-b7b1-3b3c65b6a699: shutdown FollowerState
2019-10-20 10:28:32,242 [grpc-default-executor-3] INFO  impl.RoleInfo (RoleInfo.java:updateAndGet(143)) - 9ceef694-dbcf-4070-b7b1-3b3c65b6a699: start FollowerState
2019-10-20 10:28:32,242 [Thread-1275] INFO  impl.FollowerState (FollowerState.java:run(117)) - 9ceef694-dbcf-4070-b7b1-3b3c65b6a699@group-75987F7FE399-FollowerState was interrupted: java.lang.InterruptedException: sleep interrupted
2019-10-20 10:28:32,268 [df12c920-952d-4704-9c70-1a288e2f77c7@group-75987F7FE399-LeaderElection156] INFO  impl.LeaderElection (LeaderElection.java:logAndReturn(56)) - df12c920-952d-4704-9c70-1a288e2f77c7@group-75987F7FE399-LeaderElection156: Election REJECTED; received 2 response(s) [df12c920-952d-4704-9c70-1a288e2f77c7<-875da3d9-0dec-46c7-88bf-73f7a2372b64#0:FAIL-t174, df12c920-952d-4704-9c70-1a288e2f77c7<-9ceef694-dbcf-4070-b7b1-3b3c65b6a699#0:FAIL-t174] and 0 exception(s); df12c920-952d-4704-9c70-1a288e2f77c7@group-75987F7FE399:t174, leader=null, voted=df12c920-952d-4704-9c70-1a288e2f77c7, raftlog=df12c920-952d-4704-9c70-1a288e2f77c7@group-75987F7FE399-SegmentedRaftLog:OPENED:c-1,f-1,i0, conf=-1: [875da3d9-0dec-46c7-88bf-73f7a2372b64:192.168.69.89:39990, df12c920-952d-4704-9c70-1a288e2f77c7:192.168.69.89:43948, 9ceef694-dbcf-4070-b7b1-3b3c65b6a699:192.168.69.89:36536], old=null
2019-10-20 10:28:32,268 [df12c920-952d-4704-9c70-1a288e2f77c7@group-75987F7FE399-LeaderElection156] INFO  impl.RaftServerImpl (RaftServerImpl.java:setRole(184)) - df12c920-952d-4704-9c70-1a288e2f77c7@group-75987F7FE399: changes role from CANDIDATE to FOLLOWER at term 174 for DISCOVERED_A_NEW_TERM
2019-10-20 10:28:32,268 [df12c920-952d-4704-9c70-1a288e2f77c7@group-75987F7FE399-LeaderElection156] INFO  impl.RoleInfo (RoleInfo.java:shutdownLeaderElection(134)) - df12c920-952d-4704-9c70-1a288e2f77c7: shutdown LeaderElection
2019-10-20 10:28:32,268 [df12c920-952d-4704-9c70-1a288e2f77c7@group-75987F7FE399-LeaderElection156] INFO  impl.RoleInfo (RoleInfo.java:updateAndGet(143)) - df12c920-952d-4704-9c70-1a288e2f77c7: start FollowerState
2019-10-20 10:28:32,350 [Thread-1282] INFO  impl.FollowerState (FollowerState.java:run(108)) - df12c920-952d-4704-9c70-1a288e2f77c7@group-75987F7FE399-FollowerState: change to CANDIDATE, lastRpcTime:81ms, electionTimeout:81ms
2019-10-20 10:28:32,350 [Thread-1282] INFO  impl.RoleInfo (RoleInfo.java:shutdownFollowerState(121)) - df12c920-952d-4704-9c70-1a288e2f77c7: shutdown FollowerState
2019-10-20 10:28:32,350 [Thread-1282] INFO  impl.RaftServerImpl (RaftServerImpl.java:setRole(184)) - df12c920-952d-4704-9c70-1a288e2f77c7@group-75987F7FE399: changes role from  FOLLOWER to CANDIDATE at term 174 for changeToCandidate
2019-10-20 10:28:32,351 [Thread-1282] INFO  impl.RoleInfo (RoleInfo.java:updateAndGet(143)) - df12c920-952d-4704-9c70-1a288e2f77c7: start LeaderElection
2019-10-20 10:28:32,376 [df12c920-952d-4704-9c70-1a288e2f77c7@group-75987F7FE399-LeaderElection157] INFO  impl.LeaderElection (LeaderElection.java:askForVotes(178)) - df12c920-952d-4704-9c70-1a288e2f77c7@group-75987F7FE399-LeaderElection157: begin an election at term 175 for -1: [875da3d9-0dec-46c7-88bf-73f7a2372b64:192.168.69.89:39990, df12c920-952d-4704-9c70-1a288e2f77c7:192.168.69.89:43948, 9ceef694-dbcf-4070-b7b1-3b3c65b6a699:192.168.69.89:36536], old=null
2019-10-20 10:28:32,379 [grpc-default-executor-1] INFO  impl.RaftServerImpl (RaftServerImpl.java:setRole(184)) - 875da3d9-0dec-46c7-88bf-73f7a2372b64@group-75987F7FE399: changes role from  FOLLOWER to FOLLOWER at term 175 for recognizeCandidate:df12c920-952d-4704-9c70-1a288e2f77c7
2019-10-20 10:28:32,379 [grpc-default-executor-3] INFO  impl.RaftServerImpl (RaftServerImpl.java:setRole(184)) - 9ceef694-dbcf-4070-b7b1-3b3c65b6a699@group-75987F7FE399: changes role from  FOLLOWER to FOLLOWER at term 175 for recognizeCandidate:df12c920-952d-4704-9c70-1a288e2f77c7
2019-10-20 10:28:32,379 [grpc-default-executor-1] INFO  impl.RoleInfo (RoleInfo.java:shutdownFollowerState(121)) - 875da3d9-0dec-46c7-88bf-73f7a2372b64: shutdown FollowerState
2019-10-20 10:28:32,379 [grpc-default-executor-3] INFO  impl.RoleInfo (RoleInfo.java:shutdownFollowerState(121)) - 9ceef694-dbcf-4070-b7b1-3b3c65b6a699: shutdown FollowerState
2019-10-20 10:28:32,379 [Thread-1280] INFO  impl.FollowerState (FollowerState.java:run(117)) - 875da3d9-0dec-46c7-88bf-73f7a2372b64@group-75987F7FE399-FollowerState was interrupted: java.lang.InterruptedException: sleep interrupted
2019-10-20 10:28:32,379 [grpc-default-executor-1] INFO  impl.RoleInfo (RoleInfo.java:updateAndGet(143)) - 875da3d9-0dec-46c7-88bf-73f7a2372b64: start FollowerState
2019-10-20 10:28:32,380 [Thread-1281] INFO  impl.FollowerState (FollowerState.java:run(117)) - 9ceef694-dbcf-4070-b7b1-3b3c65b6a699@group-75987F7FE399-FollowerState was interrupted: java.lang.InterruptedException: sleep interrupted
2019-10-20 10:28:32,379 [grpc-default-executor-3] INFO  impl.RoleInfo (RoleInfo.java:updateAndGet(143)) - 9ceef694-dbcf-4070-b7b1-3b3c65b6a699: start FollowerState
2019-10-20 10:28:32,395 [df12c920-952d-4704-9c70-1a288e2f77c7@group-75987F7FE399-LeaderElection157] INFO  impl.LeaderElection (LeaderElection.java:logAndReturn(56)) - df12c920-952d-4704-9c70-1a288e2f77c7@group-75987F7FE399-LeaderElection157: Election REJECTED; received 2 response(s) [df12c920-952d-4704-9c70-1a288e2f77c7<-875da3d9-0dec-46c7-88bf-73f7a2372b64#0:FAIL-t175, df12c920-952d-4704-9c70-1a288e2f77c7<-9ceef694-dbcf-4070-b7b1-3b3c65b6a699#0:FAIL-t175] and 0 exception(s); df12c920-952d-4704-9c70-1a288e2f77c7@group-75987F7FE399:t175, leader=null, voted=df12c920-952d-4704-9c70-1a288e2f77c7, raftlog=df12c920-952d-4704-9c70-1a288e2f77c7@group-75987F7FE399-SegmentedRaftLog:OPENED:c-1,f-1,i0, conf=-1: [875da3d9-0dec-46c7-88bf-73f7a2372b64:192.168.69.89:39990, df12c920-952d-4704-9c70-1a288e2f77c7:192.168.69.89:43948, 9ceef694-dbcf-4070-b7b1-3b3c65b6a699:192.168.69.89:36536], old=null
2019-10-20 10:28:32,396 [df12c920-952d-4704-9c70-1a288e2f77c7@group-75987F7FE399-LeaderElection157] INFO  impl.RaftServerImpl (RaftServerImpl.java:setRole(184)) - df12c920-952d-4704-9c70-1a288e2f77c7@group-75987F7FE399: changes role from CANDIDATE to FOLLOWER at term 175 for DISCOVERED_A_NEW_TERM
2019-10-20 10:28:32,396 [df12c920-952d-4704-9c70-1a288e2f77c7@group-75987F7FE399-LeaderElection157] INFO  impl.RoleInfo (RoleInfo.java:shutdownLeaderElection(134)) - df12c920-952d-4704-9c70-1a288e2f77c7: shutdown LeaderElection
2019-10-20 10:28:32,396 [df12c920-952d-4704-9c70-1a288e2f77c7@group-75987F7FE399-LeaderElection157] INFO  impl.RoleInfo (RoleInfo.java:updateAndGet(143)) - df12c920-952d-4704-9c70-1a288e2f77c7: start FollowerState
2019-10-20 10:28:32,539 [Thread-1288] INFO  impl.FollowerState (FollowerState.java:run(108)) - df12c920-952d-4704-9c70-1a288e2f77c7@group-75987F7FE399-FollowerState: change to CANDIDATE, lastRpcTime:143ms, electionTimeout:143ms
2019-10-20 10:28:32,539 [Thread-1288] INFO  impl.RoleInfo (RoleInfo.java:shutdownFollowerState(121)) - df12c920-952d-4704-9c70-1a288e2f77c7: shutdown FollowerState
2019-10-20 10:28:32,540 [Thread-1288] INFO  impl.RaftServerImpl (RaftServerImpl.java:setRole(184)) - df12c920-952d-4704-9c70-1a288e2f77c7@group-75987F7FE399: changes role from  FOLLOWER to CANDIDATE at term 175 for changeToCandidate
2019-10-20 10:28:32,540 [Thread-1288] INFO  impl.RoleInfo (RoleInfo.java:updateAndGet(143)) - df12c920-952d-4704-9c70-1a288e2f77c7: start LeaderElection
2019-10-20 10:28:32,566 [df12c920-952d-4704-9c70-1a288e2f77c7@group-75987F7FE399-LeaderElection158] INFO  impl.LeaderElection (LeaderElection.java:askForVotes(178)) - df12c920-952d-4704-9c70-1a288e2f77c7@group-75987F7FE399-LeaderElection158: begin an election at term 176 for -1: [875da3d9-0dec-46c7-88bf-73f7a2372b64:192.168.69.89:39990, df12c920-952d-4704-9c70-1a288e2f77c7:192.168.69.89:43948, 9ceef694-dbcf-4070-b7b1-3b3c65b6a699:192.168.69.89:36536], old=null
2019-10-20 10:28:32,568 [grpc-default-executor-3] INFO  impl.RaftServerImpl (RaftServerImpl.java:setRole(184)) - 875da3d9-0dec-46c7-88bf-73f7a2372b64@group-75987F7FE399: changes role from  FOLLOWER to FOLLOWER at term 176 for recognizeCandidate:df12c920-952d-4704-9c70-1a288e2f77c7
2019-10-20 10:28:32,568 [grpc-default-executor-1] INFO  impl.RaftServerImpl (RaftServerImpl.java:setRole(184)) - 9ceef694-dbcf-4070-b7b1-3b3c65b6a699@group-75987F7FE399: changes role from  FOLLOWER to FOLLOWER at term 176 for recognizeCandidate:df12c920-952d-4704-9c70-1a288e2f77c7
2019-10-20 10:28:32,568 [grpc-default-executor-3] INFO  impl.RoleInfo (RoleInfo.java:shutdownFollowerState(121)) - 875da3d9-0dec-46c7-88bf-73f7a2372b64: shutdown FollowerState
2019-10-20 10:28:32,569 [grpc-default-executor-1] INFO  impl.RoleInfo (RoleInfo.java:shutdownFollowerState(121)) - 9ceef694-dbcf-4070-b7b1-3b3c65b6a699: shutdown FollowerState
2019-10-20 10:28:32,569 [Thread-1286] INFO  impl.FollowerState (FollowerState.java:run(117)) - 875da3d9-0dec-46c7-88bf-73f7a2372b64@group-75987F7FE399-FollowerState was interrupted: java.lang.InterruptedException: sleep interrupted
2019-10-20 10:28:32,569 [grpc-default-executor-3] INFO  impl.RoleInfo (RoleInfo.java:updateAndGet(143)) - 875da3d9-0dec-46c7-88bf-73f7a2372b64: start FollowerState
2019-10-20 10:28:32,569 [Thread-1287] INFO  impl.FollowerState (FollowerState.java:run(117)) - 9ceef694-dbcf-4070-b7b1-3b3c65b6a699@group-75987F7FE399-FollowerState was interrupted: java.lang.InterruptedException: sleep interrupted
2019-10-20 10:28:32,569 [grpc-default-executor-1] INFO  impl.RoleInfo (RoleInfo.java:updateAndGet(143)) - 9ceef694-dbcf-4070-b7b1-3b3c65b6a699: start FollowerState
2019-10-20 10:28:32,584 [df12c920-952d-4704-9c70-1a288e2f77c7@group-75987F7FE399-LeaderElection158] INFO  impl.LeaderElection (LeaderElection.java:logAndReturn(56)) - df12c920-952d-4704-9c70-1a288e2f77c7@group-75987F7FE399-LeaderElection158: Election REJECTED; received 2 response(s) [df12c920-952d-4704-9c70-1a288e2f77c7<-875da3d9-0dec-46c7-88bf-73f7a2372b64#0:FAIL-t176, df12c920-952d-4704-9c70-1a288e2f77c7<-9ceef694-dbcf-4070-b7b1-3b3c65b6a699#0:FAIL-t176] and 0 exception(s); df12c920-952d-4704-9c70-1a288e2f77c7@group-75987F7FE399:t176, leader=null, voted=df12c920-952d-4704-9c70-1a288e2f77c7, raftlog=df12c920-952d-4704-9c70-1a288e2f77c7@group-75987F7FE399-SegmentedRaftLog:OPENED:c-1,f-1,i0, conf=-1: [875da3d9-0dec-46c7-88bf-73f7a2372b64:192.168.69.89:39990, df12c920-952d-4704-9c70-1a288e2f77c7:192.168.69.89:43948, 9ceef694-dbcf-4070-b7b1-3b3c65b6a699:192.168.69.89:36536], old=null
2019-10-20 10:28:32,584 [df12c920-952d-4704-9c70-1a288e2f77c7@group-75987F7FE399-LeaderElection158] INFO  impl.RaftServerImpl (RaftServerImpl.java:setRole(184)) - df12c920-952d-4704-9c70-1a288e2f77c7@group-75987F7FE399: changes role from CANDIDATE to FOLLOWER at term 176 for DISCOVERED_A_NEW_TERM
2019-10-20 10:28:32,584 [df12c920-952d-4704-9c70-1a288e2f77c7@group-75987F7FE399-LeaderElection158] INFO  impl.RoleInfo (RoleInfo.java:shutdownLeaderElection(134)) - df12c920-952d-4704-9c70-1a288e2f77c7: shutdown LeaderElection
2019-10-20 10:28:32,584 [df12c920-952d-4704-9c70-1a288e2f77c7@group-75987F7FE399-LeaderElection158] INFO  impl.RoleInfo (RoleInfo.java:updateAndGet(143)) - df12c920-952d-4704-9c70-1a288e2f77c7: start FollowerState
2019-10-20 10:28:32,768 [Thread-1294] INFO  impl.FollowerState (FollowerState.java:run(108)) - df12c920-952d-4704-9c70-1a288e2f77c7@group-75987F7FE399-FollowerState: change to CANDIDATE, lastRpcTime:183ms, electionTimeout:183ms
2019-10-20 10:28:32,768 [Thread-1294] INFO  impl.RoleInfo (RoleInfo.java:shutdownFollowerState(121)) - df12c920-952d-4704-9c70-1a288e2f77c7: shutdown FollowerState
2019-10-20 10:28:32,768 [Thread-1294] INFO  impl.RaftServerImpl (RaftServerImpl.java:setRole(184)) - df12c920-952d-4704-9c70-1a288e2f77c7@group-75987F7FE399: changes role from  FOLLOWER to CANDIDATE at term 176 for changeToCandidate
2019-10-20 10:28:32,769 [Thread-1294] INFO  impl.RoleInfo (RoleInfo.java:updateAndGet(143)) - df12c920-952d-4704-9c70-1a288e2f77c7: start LeaderElection
2019-10-20 10:28:32,794 [df12c920-952d-4704-9c70-1a288e2f77c7@group-75987F7FE399-LeaderElection159] INFO  impl.LeaderElection (LeaderElection.java:askForVotes(178)) - df12c920-952d-4704-9c70-1a288e2f77c7@group-75987F7FE399-LeaderElection159: begin an election at term 177 for -1: [875da3d9-0dec-46c7-88bf-73f7a2372b64:192.168.69.89:39990, df12c920-952d-4704-9c70-1a288e2f77c7:192.168.69.89:43948, 9ceef694-dbcf-4070-b7b1-3b3c65b6a699:192.168.69.89:36536], old=null
2019-10-20 10:28:32,797 [grpc-default-executor-3] INFO  impl.RaftServerImpl (RaftServerImpl.java:setRole(184)) - 875da3d9-0dec-46c7-88bf-73f7a2372b64@group-75987F7FE399: changes role from  FOLLOWER to FOLLOWER at term 177 for recognizeCandidate:df12c920-952d-4704-9c70-1a288e2f77c7
2019-10-20 10:28:32,797 [grpc-default-executor-3] INFO  impl.RoleInfo (RoleInfo.java:shutdownFollowerState(121)) - 875da3d9-0dec-46c7-88bf-73f7a2372b64: shutdown FollowerState
2019-10-20 10:28:32,797 [grpc-default-executor-1] INFO  impl.RaftServerImpl (RaftServerImpl.java:setRole(184)) - 9ceef694-dbcf-4070-b7b1-3b3c65b6a699@group-75987F7FE399: changes role from  FOLLOWER to FOLLOWER at term 177 for recognizeCandidate:df12c920-952d-4704-9c70-1a288e2f77c7
2019-10-20 10:28:32,797 [Thread-1292] INFO  impl.FollowerState (FollowerState.java:run(117)) - 875da3d9-0dec-46c7-88bf-73f7a2372b64@group-75987F7FE399-FollowerState was interrupted: java.lang.InterruptedException: sleep interrupted
2019-10-20 10:28:32,797 [grpc-default-executor-3] INFO  impl.RoleInfo (RoleInfo.java:updateAndGet(143)) - 875da3d9-0dec-46c7-88bf-73f7a2372b64: start FollowerState
2019-10-20 10:28:32,797 [grpc-default-executor-1] INFO  impl.RoleInfo (RoleInfo.java:shutdownFollowerState(121)) - 9ceef694-dbcf-4070-b7b1-3b3c65b6a699: shutdown FollowerState
2019-10-20 10:28:32,798 [grpc-default-executor-1] INFO  impl.RoleInfo (RoleInfo.java:updateAndGet(143)) - 9ceef694-dbcf-4070-b7b1-3b3c65b6a699: start FollowerState
2019-10-20 10:28:32,798 [Thread-1293] INFO  impl.FollowerState (FollowerState.java:run(117)) - 9ceef694-dbcf-4070-b7b1-3b3c65b6a699@group-75987F7FE399-FollowerState was interrupted: java.lang.InterruptedException: sleep interrupted
2019-10-20 10:28:32,813 [df12c920-952d-4704-9c70-1a288e2f77c7@group-75987F7FE399-LeaderElection159] INFO  impl.LeaderElection (LeaderElection.java:logAndReturn(56)) - df12c920-952d-4704-9c70-1a288e2f77c7@group-75987F7FE399-LeaderElection159: Election REJECTED; received 2 response(s) [df12c920-952d-4704-9c70-1a288e2f77c7<-875da3d9-0dec-46c7-88bf-73f7a2372b64#0:FAIL-t177, df12c920-952d-4704-9c70-1a288e2f77c7<-9ceef694-dbcf-4070-b7b1-3b3c65b6a699#0:FAIL-t177] and 0 exception(s); df12c920-952d-4704-9c70-1a288e2f77c7@group-75987F7FE399:t177, leader=null, voted=df12c920-952d-4704-9c70-1a288e2f77c7, raftlog=df12c920-952d-4704-9c70-1a288e2f77c7@group-75987F7FE399-SegmentedRaftLog:OPENED:c-1,f-1,i0, conf=-1: [875da3d9-0dec-46c7-88bf-73f7a2372b64:192.168.69.89:39990, df12c920-952d-4704-9c70-1a288e2f77c7:192.168.69.89:43948, 9ceef694-dbcf-4070-b7b1-3b3c65b6a699:192.168.69.89:36536], old=null
2019-10-20 10:28:32,814 [df12c920-952d-4704-9c70-1a288e2f77c7@group-75987F7FE399-LeaderElection159] INFO  impl.RaftServerImpl (RaftServerImpl.java:setRole(184)) - df12c920-952d-4704-9c70-1a288e2f77c7@group-75987F7FE399: changes role from CANDIDATE to FOLLOWER at term 177 for DISCOVERED_A_NEW_TERM
2019-10-20 10:28:32,814 [df12c920-952d-4704-9c70-1a288e2f77c7@group-75987F7FE399-LeaderElection159] INFO  impl.RoleInfo (RoleInfo.java:shutdownLeaderElection(134)) - df12c920-952d-4704-9c70-1a288e2f77c7: shutdown LeaderElection
2019-10-20 10:28:32,814 [df12c920-952d-4704-9c70-1a288e2f77c7@group-75987F7FE399-LeaderElection159] INFO  impl.RoleInfo (RoleInfo.java:updateAndGet(143)) - df12c920-952d-4704-9c70-1a288e2f77c7: start FollowerState
2019-10-20 10:28:33,005 [Thread-1300] INFO  impl.FollowerState (FollowerState.java:run(108)) - df12c920-952d-4704-9c70-1a288e2f77c7@group-75987F7FE399-FollowerState: change to CANDIDATE, lastRpcTime:191ms, electionTimeout:191ms
2019-10-20 10:28:33,006 [Thread-1300] INFO  impl.RoleInfo (RoleInfo.java:shutdownFollowerState(121)) - df12c920-952d-4704-9c70-1a288e2f77c7: shutdown FollowerState
2019-10-20 10:28:33,006 [Thread-1300] INFO  impl.RaftServerImpl (RaftServerImpl.java:setRole(184)) - df12c920-952d-4704-9c70-1a288e2f77c7@group-75987F7FE399: changes role from  FOLLOWER to CANDIDATE at term 177 for changeToCandidate
2019-10-20 10:28:33,006 [Thread-1300] INFO  impl.RoleInfo (RoleInfo.java:updateAndGet(143)) - df12c920-952d-4704-9c70-1a288e2f77c7: start LeaderElection
2019-10-20 10:28:33,020 [df12c920-952d-4704-9c70-1a288e2f77c7@group-75987F7FE399-LeaderElection160] INFO  impl.LeaderElection (LeaderElection.java:askForVotes(178)) - df12c920-952d-4704-9c70-1a288e2f77c7@group-75987F7FE399-LeaderElection160: begin an election at term 178 for -1: [875da3d9-0dec-46c7-88bf-73f7a2372b64:192.168.69.89:39990, df12c920-952d-4704-9c70-1a288e2f77c7:192.168.69.89:43948, 9ceef694-dbcf-4070-b7b1-3b3c65b6a699:192.168.69.89:36536], old=null
2019-10-20 10:28:33,023 [grpc-default-executor-3] INFO  impl.RaftServerImpl (RaftServerImpl.java:setRole(184)) - 9ceef694-dbcf-4070-b7b1-3b3c65b6a699@group-75987F7FE399: changes role from  FOLLOWER to FOLLOWER at term 178 for recognizeCandidate:df12c920-952d-4704-9c70-1a288e2f77c7
2019-10-20 10:28:33,023 [grpc-default-executor-3] INFO  impl.RoleInfo (RoleInfo.java:shutdownFollowerState(121)) - 9ceef694-dbcf-4070-b7b1-3b3c65b6a699: shutdown FollowerState
2019-10-20 10:28:33,023 [grpc-default-executor-1] INFO  impl.RaftServerImpl (RaftServerImpl.java:setRole(184)) - 875da3d9-0dec-46c7-88bf-73f7a2372b64@group-75987F7FE399: changes role from  FOLLOWER to FOLLOWER at term 178 for recognizeCandidate:df12c920-952d-4704-9c70-1a288e2f77c7
2019-10-20 10:28:33,023 [Thread-1299] INFO  impl.FollowerState (FollowerState.java:run(117)) - 9ceef694-dbcf-4070-b7b1-3b3c65b6a699@group-75987F7FE399-FollowerState was interrupted: java.lang.InterruptedException: sleep interrupted
2019-10-20 10:28:33,023 [grpc-default-executor-3] INFO  impl.RoleInfo (RoleInfo.java:updateAndGet(143)) - 9ceef694-dbcf-4070-b7b1-3b3c65b6a699: start FollowerState
2019-10-20 10:28:33,023 [grpc-default-executor-1] INFO  impl.RoleInfo (RoleInfo.java:shutdownFollowerState(121)) - 875da3d9-0dec-46c7-88bf-73f7a2372b64: shutdown FollowerState
2019-10-20 10:28:33,024 [grpc-default-executor-1] INFO  impl.RoleInfo (RoleInfo.java:updateAndGet(143)) - 875da3d9-0dec-46c7-88bf-73f7a2372b64: start FollowerState
2019-10-20 10:28:33,024 [Thread-1298] INFO  impl.FollowerState (FollowerState.java:run(117)) - 875da3d9-0dec-46c7-88bf-73f7a2372b64@group-75987F7FE399-FollowerState was interrupted: java.lang.InterruptedException: sleep interrupted
2019-10-20 10:28:33,039 [df12c920-952d-4704-9c70-1a288e2f77c7@group-75987F7FE399-LeaderElection160] INFO  impl.LeaderElection (LeaderElection.java:logAndReturn(56)) - df12c920-952d-4704-9c70-1a288e2f77c7@group-75987F7FE399-LeaderElection160: Election REJECTED; received 2 response(s) [df12c920-952d-4704-9c70-1a288e2f77c7<-875da3d9-0dec-46c7-88bf-73f7a2372b64#0:FAIL-t178, df12c920-952d-4704-9c70-1a288e2f77c7<-9ceef694-dbcf-4070-b7b1-3b3c65b6a699#0:FAIL-t178] and 0 exception(s); df12c920-952d-4704-9c70-1a288e2f77c7@group-75987F7FE399:t178, leader=null, voted=df12c920-952d-4704-9c70-1a288e2f77c7, raftlog=df12c920-952d-4704-9c70-1a288e2f77c7@group-75987F7FE399-SegmentedRaftLog:OPENED:c-1,f-1,i0, conf=-1: [875da3d9-0dec-46c7-88bf-73f7a2372b64:192.168.69.89:39990, df12c920-952d-4704-9c70-1a288e2f77c7:192.168.69.89:43948, 9ceef694-dbcf-4070-b7b1-3b3c65b6a699:192.168.69.89:36536], old=null
2019-10-20 10:28:33,039 [df12c920-952d-4704-9c70-1a288e2f77c7@group-75987F7FE399-LeaderElection160] INFO  impl.RaftServerImpl (RaftServerImpl.java:setRole(184)) - df12c920-952d-4704-9c70-1a288e2f77c7@group-75987F7FE399: changes role from CANDIDATE to FOLLOWER at term 178 for DISCOVERED_A_NEW_TERM
2019-10-20 10:28:33,039 [df12c920-952d-4704-9c70-1a288e2f77c7@group-75987F7FE399-LeaderElection160] INFO  impl.RoleInfo (RoleInfo.java:shutdownLeaderElection(134)) - df12c920-952d-4704-9c70-1a288e2f77c7: shutdown LeaderElection
2019-10-20 10:28:33,039 [df12c920-952d-4704-9c70-1a288e2f77c7@group-75987F7FE399-LeaderElection160] INFO  impl.RoleInfo (RoleInfo.java:updateAndGet(143)) - df12c920-952d-4704-9c70-1a288e2f77c7: start FollowerState
2019-10-20 10:28:33,217 [Thread-1308] INFO  impl.FollowerState (FollowerState.java:run(108)) - df12c920-952d-4704-9c70-1a288e2f77c7@group-75987F7FE399-FollowerState: change to CANDIDATE, lastRpcTime:178ms, electionTimeout:178ms
2019-10-20 10:28:33,218 [Thread-1308] INFO  impl.RoleInfo (RoleInfo.java:shutdownFollowerState(121)) - df12c920-952d-4704-9c70-1a288e2f77c7: shutdown FollowerState
2019-10-20 10:28:33,218 [Thread-1308] INFO  impl.RaftServerImpl (RaftServerImpl.java:setRole(184)) - df12c920-952d-4704-9c70-1a288e2f77c7@group-75987F7FE399: changes role from  FOLLOWER to CANDIDATE at term 178 for changeToCandidate
2019-10-20 10:28:33,218 [Thread-1308] INFO  impl.RoleInfo (RoleInfo.java:updateAndGet(143)) - df12c920-952d-4704-9c70-1a288e2f77c7: start LeaderElection
2019-10-20 10:28:33,260 [df12c920-952d-4704-9c70-1a288e2f77c7@group-75987F7FE399-LeaderElection161] INFO  impl.LeaderElection (LeaderElection.java:askForVotes(178)) - df12c920-952d-4704-9c70-1a288e2f77c7@group-75987F7FE399-LeaderElection161: begin an election at term 179 for -1: [875da3d9-0dec-46c7-88bf-73f7a2372b64:192.168.69.89:39990, df12c920-952d-4704-9c70-1a288e2f77c7:192.168.69.89:43948, 9ceef694-dbcf-4070-b7b1-3b3c65b6a699:192.168.69.89:36536], old=null
2019-10-20 10:28:33,263 [grpc-default-executor-1] INFO  impl.RaftServerImpl (RaftServerImpl.java:setRole(184)) - 875da3d9-0dec-46c7-88bf-73f7a2372b64@group-75987F7FE399: changes role from  FOLLOWER to FOLLOWER at term 179 for recognizeCandidate:df12c920-952d-4704-9c70-1a288e2f77c7
2019-10-20 10:28:33,263 [grpc-default-executor-3] INFO  impl.RaftServerImpl (RaftServerImpl.java:setRole(184)) - 9ceef694-dbcf-4070-b7b1-3b3c65b6a699@group-75987F7FE399: changes role from  FOLLOWER to FOLLOWER at term 179 for recognizeCandidate:df12c920-952d-4704-9c70-1a288e2f77c7
2019-10-20 10:28:33,263 [grpc-default-executor-1] INFO  impl.RoleInfo (RoleInfo.java:shutdownFollowerState(121)) - 875da3d9-0dec-46c7-88bf-73f7a2372b64: shutdown FollowerState
2019-10-20 10:28:33,263 [grpc-default-executor-3] INFO  impl.RoleInfo (RoleInfo.java:shutdownFollowerState(121)) - 9ceef694-dbcf-4070-b7b1-3b3c65b6a699: shutdown FollowerState
2019-10-20 10:28:33,263 [grpc-default-executor-1] INFO  impl.RoleInfo (RoleInfo.java:updateAndGet(143)) - 875da3d9-0dec-46c7-88bf-73f7a2372b64: start FollowerState
2019-10-20 10:28:33,263 [grpc-default-executor-3] INFO  impl.RoleInfo (RoleInfo.java:updateAndGet(143)) - 9ceef694-dbcf-4070-b7b1-3b3c65b6a699: start FollowerState
2019-10-20 10:28:33,263 [Thread-1307] INFO  impl.FollowerState (FollowerState.java:run(117)) - 875da3d9-0dec-46c7-88bf-73f7a2372b64@group-75987F7FE399-FollowerState was interrupted: java.lang.InterruptedException: sleep interrupted
2019-10-20 10:28:33,264 [Thread-1306] INFO  impl.FollowerState (FollowerState.java:run(117)) - 9ceef694-dbcf-4070-b7b1-3b3c65b6a699@group-75987F7FE399-FollowerState was interrupted: java.lang.InterruptedException: sleep interrupted
2019-10-20 10:28:33,273 [df12c920-952d-4704-9c70-1a288e2f77c7@group-75987F7FE399-LeaderElection161] INFO  impl.LeaderElection (LeaderElection.java:logAndReturn(56)) - df12c920-952d-4704-9c70-1a288e2f77c7@group-75987F7FE399-LeaderElection161: Election REJECTED; received 2 response(s) [df12c920-952d-4704-9c70-1a288e2f77c7<-875da3d9-0dec-46c7-88bf-73f7a2372b64#0:FAIL-t179, df12c920-952d-4704-9c70-1a288e2f77c7<-9ceef694-dbcf-4070-b7b1-3b3c65b6a699#0:FAIL-t179] and 0 exception(s); df12c920-952d-4704-9c70-1a288e2f77c7@group-75987F7FE399:t179, leader=null, voted=df12c920-952d-4704-9c70-1a288e2f77c7, raftlog=df12c920-952d-4704-9c70-1a288e2f77c7@group-75987F7FE399-SegmentedRaftLog:OPENED:c-1,f-1,i0, conf=-1: [875da3d9-0dec-46c7-88bf-73f7a2372b64:192.168.69.89:39990, df12c920-952d-4704-9c70-1a288e2f77c7:192.168.69.89:43948, 9ceef694-dbcf-4070-b7b1-3b3c65b6a699:192.168.69.89:36536], old=null
2019-10-20 10:28:33,273 [df12c920-952d-4704-9c70-1a288e2f77c7@group-75987F7FE399-LeaderElection161] INFO  impl.RaftServerImpl (RaftServerImpl.java:setRole(184)) - df12c920-952d-4704-9c70-1a288e2f77c7@group-75987F7FE399: changes role from CANDIDATE to FOLLOWER at term 179 for DISCOVERED_A_NEW_TERM
2019-10-20 10:28:33,273 [df12c920-952d-4704-9c70-1a288e2f77c7@group-75987F7FE399-LeaderElection161] INFO  impl.RoleInfo (RoleInfo.java:shutdownLeaderElection(134)) - df12c920-952d-4704-9c70-1a288e2f77c7: shutdown LeaderElection
2019-10-20 10:28:33,274 [df12c920-952d-4704-9c70-1a288e2f77c7@group-75987F7FE399-LeaderElection161] INFO  impl.RoleInfo (RoleInfo.java:updateAndGet(143)) - df12c920-952d-4704-9c70-1a288e2f77c7: start FollowerState
2019-10-20 10:28:33,405 [Thread-1314] INFO  impl.FollowerState (FollowerState.java:run(108)) - df12c920-952d-4704-9c70-1a288e2f77c7@group-75987F7FE399-FollowerState: change to CANDIDATE, lastRpcTime:131ms, electionTimeout:131ms
2019-10-20 10:28:33,405 [Thread-1314] INFO  impl.RoleInfo (RoleInfo.java:shutdownFollowerState(121)) - df12c920-952d-4704-9c70-1a288e2f77c7: shutdown FollowerState
2019-10-20 10:28:33,405 [Thread-1314] INFO  impl.RaftServerImpl (RaftServerImpl.java:setRole(184)) - df12c920-952d-4704-9c70-1a288e2f77c7@group-75987F7FE399: changes role from  FOLLOWER to CANDIDATE at term 179 for changeToCandidate
2019-10-20 10:28:33,406 [Thread-1314] INFO  impl.RoleInfo (RoleInfo.java:updateAndGet(143)) - df12c920-952d-4704-9c70-1a288e2f77c7: start LeaderElection
2019-10-20 10:28:33,419 [df12c920-952d-4704-9c70-1a288e2f77c7@group-75987F7FE399-LeaderElection162] INFO  impl.LeaderElection (LeaderElection.java:askForVotes(178)) - df12c920-952d-4704-9c70-1a288e2f77c7@group-75987F7FE399-LeaderElection162: begin an election at term 180 for -1: [875da3d9-0dec-46c7-88bf-73f7a2372b64:192.168.69.89:39990, df12c920-952d-4704-9c70-1a288e2f77c7:192.168.69.89:43948, 9ceef694-dbcf-4070-b7b1-3b3c65b6a699:192.168.69.89:36536], old=null
2019-10-20 10:28:33,422 [grpc-default-executor-3] INFO  impl.RaftServerImpl (RaftServerImpl.java:setRole(184)) - 875da3d9-0dec-46c7-88bf-73f7a2372b64@group-75987F7FE399: changes role from  FOLLOWER to FOLLOWER at term 180 for recognizeCandidate:df12c920-952d-4704-9c70-1a288e2f77c7
2019-10-20 10:28:33,422 [grpc-default-executor-1] INFO  impl.RaftServerImpl (RaftServerImpl.java:setRole(184)) - 9ceef694-dbcf-4070-b7b1-3b3c65b6a699@group-75987F7FE399: changes role from  FOLLOWER to FOLLOWER at term 180 for recognizeCandidate:df12c920-952d-4704-9c70-1a288e2f77c7
2019-10-20 10:28:33,422 [grpc-default-executor-3] INFO  impl.RoleInfo (RoleInfo.java:shutdownFollowerState(121)) - 875da3d9-0dec-46c7-88bf-73f7a2372b64: shutdown FollowerState
2019-10-20 10:28:33,422 [grpc-default-executor-1] INFO  impl.RoleInfo (RoleInfo.java:shutdownFollowerState(121)) - 9ceef694-dbcf-4070-b7b1-3b3c65b6a699: shutdown FollowerState
2019-10-20 10:28:33,423 [grpc-default-executor-3] INFO  impl.RoleInfo (RoleInfo.java:updateAndGet(143)) - 875da3d9-0dec-46c7-88bf-73f7a2372b64: start FollowerState
2019-10-20 10:28:33,423 [Thread-1313] INFO  impl.FollowerState (FollowerState.java:run(117)) - 9ceef694-dbcf-4070-b7b1-3b3c65b6a699@group-75987F7FE399-FollowerState was interrupted: java.lang.InterruptedException: sleep interrupted
2019-10-20 10:28:33,423 [grpc-default-executor-1] INFO  impl.RoleInfo (RoleInfo.java:updateAndGet(143)) - 9ceef694-dbcf-4070-b7b1-3b3c65b6a699: start FollowerState
2019-10-20 10:28:33,423 [Thread-1312] INFO  impl.FollowerState (FollowerState.java:run(117)) - 875da3d9-0dec-46c7-88bf-73f7a2372b64@group-75987F7FE399-FollowerState was interrupted: java.lang.InterruptedException: sleep interrupted
2019-10-20 10:28:33,444 [df12c920-952d-4704-9c70-1a288e2f77c7@group-75987F7FE399-LeaderElection162] INFO  impl.LeaderElection (LeaderElection.java:logAndReturn(56)) - df12c920-952d-4704-9c70-1a288e2f77c7@group-75987F7FE399-LeaderElection162: Election REJECTED; received 2 response(s) [df12c920-952d-4704-9c70-1a288e2f77c7<-875da3d9-0dec-46c7-88bf-73f7a2372b64#0:FAIL-t180, df12c920-952d-4704-9c70-1a288e2f77c7<-9ceef694-dbcf-4070-b7b1-3b3c65b6a699#0:FAIL-t180] and 0 exception(s); df12c920-952d-4704-9c70-1a288e2f77c7@group-75987F7FE399:t180, leader=null, voted=df12c920-952d-4704-9c70-1a288e2f77c7, raftlog=df12c920-952d-4704-9c70-1a288e2f77c7@group-75987F7FE399-SegmentedRaftLog:OPENED:c-1,f-1,i0, conf=-1: [875da3d9-0dec-46c7-88bf-73f7a2372b64:192.168.69.89:39990, df12c920-952d-4704-9c70-1a288e2f77c7:192.168.69.89:43948, 9ceef694-dbcf-4070-b7b1-3b3c65b6a699:192.168.69.89:36536], old=null
2019-10-20 10:28:33,444 [df12c920-952d-4704-9c70-1a288e2f77c7@group-75987F7FE399-LeaderElection162] INFO  impl.RaftServerImpl (RaftServerImpl.java:setRole(184)) - df12c920-952d-4704-9c70-1a288e2f77c7@group-75987F7FE399: changes role from CANDIDATE to FOLLOWER at term 180 for DISCOVERED_A_NEW_TERM
2019-10-20 10:28:33,445 [df12c920-952d-4704-9c70-1a288e2f77c7@group-75987F7FE399-LeaderElection162] INFO  impl.RoleInfo (RoleInfo.java:shutdownLeaderElection(134)) - df12c920-952d-4704-9c70-1a288e2f77c7: shutdown LeaderElection
2019-10-20 10:28:33,445 [df12c920-952d-4704-9c70-1a288e2f77c7@group-75987F7FE399-LeaderElection162] INFO  impl.RoleInfo (RoleInfo.java:updateAndGet(143)) - df12c920-952d-4704-9c70-1a288e2f77c7: start FollowerState
2019-10-20 10:28:33,628 [Thread-1320] INFO  impl.FollowerState (FollowerState.java:run(108)) - df12c920-952d-4704-9c70-1a288e2f77c7@group-75987F7FE399-FollowerState: change to CANDIDATE, lastRpcTime:183ms, electionTimeout:183ms
2019-10-20 10:28:33,628 [Thread-1320] INFO  impl.RoleInfo (RoleInfo.java:shutdownFollowerState(121)) - df12c920-952d-4704-9c70-1a288e2f77c7: shutdown FollowerState
2019-10-20 10:28:33,629 [Thread-1320] INFO  impl.RaftServerImpl (RaftServerImpl.java:setRole(184)) - df12c920-952d-4704-9c70-1a288e2f77c7@group-75987F7FE399: changes role from  FOLLOWER to CANDIDATE at term 180 for changeToCandidate
2019-10-20 10:28:33,629 [Thread-1320] INFO  impl.RoleInfo (RoleInfo.java:updateAndGet(143)) - df12c920-952d-4704-9c70-1a288e2f77c7: start LeaderElection
2019-10-20 10:28:33,654 [df12c920-952d-4704-9c70-1a288e2f77c7@group-75987F7FE399-LeaderElection163] INFO  impl.LeaderElection (LeaderElection.java:askForVotes(178)) - df12c920-952d-4704-9c70-1a288e2f77c7@group-75987F7FE399-LeaderElection163: begin an election at term 181 for -1: [875da3d9-0dec-46c7-88bf-73f7a2372b64:192.168.69.89:39990, df12c920-952d-4704-9c70-1a288e2f77c7:192.168.69.89:43948, 9ceef694-dbcf-4070-b7b1-3b3c65b6a699:192.168.69.89:36536], old=null
2019-10-20 10:28:33,656 [grpc-default-executor-3] INFO  impl.RaftServerImpl (RaftServerImpl.java:setRole(184)) - 875da3d9-0dec-46c7-88bf-73f7a2372b64@group-75987F7FE399: changes role from  FOLLOWER to FOLLOWER at term 181 for recognizeCandidate:df12c920-952d-4704-9c70-1a288e2f77c7
2019-10-20 10:28:33,656 [grpc-default-executor-1] INFO  impl.RaftServerImpl (RaftServerImpl.java:setRole(184)) - 9ceef694-dbcf-4070-b7b1-3b3c65b6a699@group-75987F7FE399: changes role from  FOLLOWER to FOLLOWER at term 181 for recognizeCandidate:df12c920-952d-4704-9c70-1a288e2f77c7
2019-10-20 10:28:33,657 [grpc-default-executor-3] INFO  impl.RoleInfo (RoleInfo.java:shutdownFollowerState(121)) - 875da3d9-0dec-46c7-88bf-73f7a2372b64: shutdown FollowerState
2019-10-20 10:28:33,657 [grpc-default-executor-1] INFO  impl.RoleInfo (RoleInfo.java:shutdownFollowerState(121)) - 9ceef694-dbcf-4070-b7b1-3b3c65b6a699: shutdown FollowerState
2019-10-20 10:28:33,657 [Thread-1318] INFO  impl.FollowerState (FollowerState.java:run(117)) - 875da3d9-0dec-46c7-88bf-73f7a2372b64@group-75987F7FE399-FollowerState was interrupted: java.lang.InterruptedException: sleep interrupted
2019-10-20 10:28:33,657 [grpc-default-executor-3] INFO  impl.RoleInfo (RoleInfo.java:updateAndGet(143)) - 875da3d9-0dec-46c7-88bf-73f7a2372b64: start FollowerState
2019-10-20 10:28:33,657 [Thread-1319] INFO  impl.FollowerState (FollowerState.java:run(117)) - 9ceef694-dbcf-4070-b7b1-3b3c65b6a699@group-75987F7FE399-FollowerState was interrupted: java.lang.InterruptedException: sleep interrupted
2019-10-20 10:28:33,657 [grpc-default-executor-1] INFO  impl.RoleInfo (RoleInfo.java:updateAndGet(143)) - 9ceef694-dbcf-4070-b7b1-3b3c65b6a699: start FollowerState
2019-10-20 10:28:33,674 [df12c920-952d-4704-9c70-1a288e2f77c7@group-75987F7FE399-LeaderElection163] INFO  impl.LeaderElection (LeaderElection.java:logAndReturn(56)) - df12c920-952d-4704-9c70-1a288e2f77c7@group-75987F7FE399-LeaderElection163: Election REJECTED; received 2 response(s) [df12c920-952d-4704-9c70-1a288e2f77c7<-875da3d9-0dec-46c7-88bf-73f7a2372b64#0:FAIL-t181, df12c920-952d-4704-9c70-1a288e2f77c7<-9ceef694-dbcf-4070-b7b1-3b3c65b6a699#0:FAIL-t181] and 0 exception(s); df12c920-952d-4704-9c70-1a288e2f77c7@group-75987F7FE399:t181, leader=null, voted=df12c920-952d-4704-9c70-1a288e2f77c7, raftlog=df12c920-952d-4704-9c70-1a288e2f77c7@group-75987F7FE399-SegmentedRaftLog:OPENED:c-1,f-1,i0, conf=-1: [875da3d9-0dec-46c7-88bf-73f7a2372b64:192.168.69.89:39990, df12c920-952d-4704-9c70-1a288e2f77c7:192.168.69.89:43948, 9ceef694-dbcf-4070-b7b1-3b3c65b6a699:192.168.69.89:36536], old=null
2019-10-20 10:28:33,674 [df12c920-952d-4704-9c70-1a288e2f77c7@group-75987F7FE399-LeaderElection163] INFO  impl.RaftServerImpl (RaftServerImpl.java:setRole(184)) - df12c920-952d-4704-9c70-1a288e2f77c7@group-75987F7FE399: changes role from CANDIDATE to FOLLOWER at term 181 for DISCOVERED_A_NEW_TERM
2019-10-20 10:28:33,674 [df12c920-952d-4704-9c70-1a288e2f77c7@group-75987F7FE399-LeaderElection163] INFO  impl.RoleInfo (RoleInfo.java:shutdownLeaderElection(134)) - df12c920-952d-4704-9c70-1a288e2f77c7: shutdown LeaderElection
2019-10-20 10:28:33,674 [df12c920-952d-4704-9c70-1a288e2f77c7@group-75987F7FE399-LeaderElection163] INFO  impl.RoleInfo (RoleInfo.java:updateAndGet(143)) - df12c920-952d-4704-9c70-1a288e2f77c7: start FollowerState
2019-10-20 10:28:33,773 [Thread-1326] INFO  impl.FollowerState (FollowerState.java:run(108)) - df12c920-952d-4704-9c70-1a288e2f77c7@group-75987F7FE399-FollowerState: change to CANDIDATE, lastRpcTime:98ms, electionTimeout:98ms
2019-10-20 10:28:33,773 [Thread-1326] INFO  impl.RoleInfo (RoleInfo.java:shutdownFollowerState(121)) - df12c920-952d-4704-9c70-1a288e2f77c7: shutdown FollowerState
2019-10-20 10:28:33,773 [Thread-1326] INFO  impl.RaftServerImpl (RaftServerImpl.java:setRole(184)) - df12c920-952d-4704-9c70-1a288e2f77c7@group-75987F7FE399: changes role from  FOLLOWER to CANDIDATE at term 181 for changeToCandidate
2019-10-20 10:28:33,774 [Thread-1326] INFO  impl.RoleInfo (RoleInfo.java:updateAndGet(143)) - df12c920-952d-4704-9c70-1a288e2f77c7: start LeaderElection
2019-10-20 10:28:33,799 [df12c920-952d-4704-9c70-1a288e2f77c7@group-75987F7FE399-LeaderElection164] INFO  impl.LeaderElection (LeaderElection.java:askForVotes(178)) - df12c920-952d-4704-9c70-1a288e2f77c7@group-75987F7FE399-LeaderElection164: begin an election at term 182 for -1: [875da3d9-0dec-46c7-88bf-73f7a2372b64:192.168.69.89:39990, df12c920-952d-4704-9c70-1a288e2f77c7:192.168.69.89:43948, 9ceef694-dbcf-4070-b7b1-3b3c65b6a699:192.168.69.89:36536], old=null
2019-10-20 10:28:33,802 [grpc-default-executor-3] INFO  impl.RaftServerImpl (RaftServerImpl.java:setRole(184)) - 9ceef694-dbcf-4070-b7b1-3b3c65b6a699@group-75987F7FE399: changes role from  FOLLOWER to FOLLOWER at term 182 for recognizeCandidate:df12c920-952d-4704-9c70-1a288e2f77c7
2019-10-20 10:28:33,802 [grpc-default-executor-1] INFO  impl.RaftServerImpl (RaftServerImpl.java:setRole(184)) - 875da3d9-0dec-46c7-88bf-73f7a2372b64@group-75987F7FE399: changes role from  FOLLOWER to FOLLOWER at term 182 for recognizeCandidate:df12c920-952d-4704-9c70-1a288e2f77c7
2019-10-20 10:28:33,802 [grpc-default-executor-1] INFO  impl.RoleInfo (RoleInfo.java:shutdownFollowerState(121)) - 875da3d9-0dec-46c7-88bf-73f7a2372b64: shutdown FollowerState
2019-10-20 10:28:33,802 [grpc-default-executor-3] INFO  impl.RoleInfo (RoleInfo.java:shutdownFollowerState(121)) - 9ceef694-dbcf-4070-b7b1-3b3c65b6a699: shutdown FollowerState
2019-10-20 10:28:33,803 [Thread-1324] INFO  impl.FollowerState (FollowerState.java:run(117)) - 875da3d9-0dec-46c7-88bf-73f7a2372b64@group-75987F7FE399-FollowerState was interrupted: java.lang.InterruptedException: sleep interrupted
2019-10-20 10:28:33,803 [grpc-default-executor-1] INFO  impl.RoleInfo (RoleInfo.java:updateAndGet(143)) - 875da3d9-0dec-46c7-88bf-73f7a2372b64: start FollowerState
2019-10-20 10:28:33,803 [Thread-1325] INFO  impl.FollowerState (FollowerState.java:run(117)) - 9ceef694-dbcf-4070-b7b1-3b3c65b6a699@group-75987F7FE399-FollowerState was interrupted: java.lang.InterruptedException: sleep interrupted
2019-10-20 10:28:33,803 [grpc-default-executor-3] INFO  impl.RoleInfo (RoleInfo.java:updateAndGet(143)) - 9ceef694-dbcf-4070-b7b1-3b3c65b6a699: start FollowerState
2019-10-20 10:28:33,830 [df12c920-952d-4704-9c70-1a288e2f77c7@group-75987F7FE399-LeaderElection164] INFO  impl.LeaderElection (LeaderElection.java:logAndReturn(56)) - df12c920-952d-4704-9c70-1a288e2f77c7@group-75987F7FE399-LeaderElection164: Election REJECTED; received 2 response(s) [df12c920-952d-4704-9c70-1a288e2f77c7<-875da3d9-0dec-46c7-88bf-73f7a2372b64#0:FAIL-t182, df12c920-952d-4704-9c70-1a288e2f77c7<-9ceef694-dbcf-4070-b7b1-3b3c65b6a699#0:FAIL-t182] and 0 exception(s); df12c920-952d-4704-9c70-1a288e2f77c7@group-75987F7FE399:t182, leader=null, voted=df12c920-952d-4704-9c70-1a288e2f77c7, raftlog=df12c920-952d-4704-9c70-1a288e2f77c7@group-75987F7FE399-SegmentedRaftLog:OPENED:c-1,f-1,i0, conf=-1: [875da3d9-0dec-46c7-88bf-73f7a2372b64:192.168.69.89:39990, df12c920-952d-4704-9c70-1a288e2f77c7:192.168.69.89:43948, 9ceef694-dbcf-4070-b7b1-3b3c65b6a699:192.168.69.89:36536], old=null
2019-10-20 10:28:33,830 [df12c920-952d-4704-9c70-1a288e2f77c7@group-75987F7FE399-LeaderElection164] INFO  impl.RaftServerImpl (RaftServerImpl.java:setRole(184)) - df12c920-952d-4704-9c70-1a288e2f77c7@group-75987F7FE399: changes role from CANDIDATE to FOLLOWER at term 182 for DISCOVERED_A_NEW_TERM
2019-10-20 10:28:33,830 [df12c920-952d-4704-9c70-1a288e2f77c7@group-75987F7FE399-LeaderElection164] INFO  impl.RoleInfo (RoleInfo.java:shutdownLeaderElection(134)) - df12c920-952d-4704-9c70-1a288e2f77c7: shutdown LeaderElection
2019-10-20 10:28:33,830 [df12c920-952d-4704-9c70-1a288e2f77c7@group-75987F7FE399-LeaderElection164] INFO  impl.RoleInfo (RoleInfo.java:updateAndGet(143)) - df12c920-952d-4704-9c70-1a288e2f77c7: start FollowerState
2019-10-20 10:28:34,018 [Thread-1332] INFO  impl.FollowerState (FollowerState.java:run(108)) - df12c920-952d-4704-9c70-1a288e2f77c7@group-75987F7FE399-FollowerState: change to CANDIDATE, lastRpcTime:187ms, electionTimeout:187ms
2019-10-20 10:28:34,018 [Thread-1332] INFO  impl.RoleInfo (RoleInfo.java:shutdownFollowerState(121)) - df12c920-952d-4704-9c70-1a288e2f77c7: shutdown FollowerState
2019-10-20 10:28:34,018 [Thread-1332] INFO  impl.RaftServerImpl (RaftServerImpl.java:setRole(184)) - df12c920-952d-4704-9c70-1a288e2f77c7@group-75987F7FE399: changes role from  FOLLOWER to CANDIDATE at term 182 for changeToCandidate
2019-10-20 10:28:34,018 [Thread-1332] INFO  impl.RoleInfo (RoleInfo.java:updateAndGet(143)) - df12c920-952d-4704-9c70-1a288e2f77c7: start LeaderElection
2019-10-20 10:28:34,045 [df12c920-952d-4704-9c70-1a288e2f77c7@group-75987F7FE399-LeaderElection165] INFO  impl.LeaderElection (LeaderElection.java:askForVotes(178)) - df12c920-952d-4704-9c70-1a288e2f77c7@group-75987F7FE399-LeaderElection165: begin an election at term 183 for -1: [875da3d9-0dec-46c7-88bf-73f7a2372b64:192.168.69.89:39990, df12c920-952d-4704-9c70-1a288e2f77c7:192.168.69.89:43948, 9ceef694-dbcf-4070-b7b1-3b3c65b6a699:192.168.69.89:36536], old=null
2019-10-20 10:28:34,048 [grpc-default-executor-1] INFO  impl.RaftServerImpl (RaftServerImpl.java:setRole(184)) - 875da3d9-0dec-46c7-88bf-73f7a2372b64@group-75987F7FE399: changes role from  FOLLOWER to FOLLOWER at term 183 for recognizeCandidate:df12c920-952d-4704-9c70-1a288e2f77c7
2019-10-20 10:28:34,048 [grpc-default-executor-3] INFO  impl.RaftServerImpl (RaftServerImpl.java:setRole(184)) - 9ceef694-dbcf-4070-b7b1-3b3c65b6a699@group-75987F7FE399: changes role from  FOLLOWER to FOLLOWER at term 183 for recognizeCandidate:df12c920-952d-4704-9c70-1a288e2f77c7
2019-10-20 10:28:34,048 [grpc-default-executor-1] INFO  impl.RoleInfo (RoleInfo.java:shutdownFollowerState(121)) - 875da3d9-0dec-46c7-88bf-73f7a2372b64: shutdown FollowerState
2019-10-20 10:28:34,048 [grpc-default-executor-3] INFO  impl.RoleInfo (RoleInfo.java:shutdownFollowerState(121)) - 9ceef694-dbcf-4070-b7b1-3b3c65b6a699: shutdown FollowerState
2019-10-20 10:28:34,048 [Thread-1330] INFO  impl.FollowerState (FollowerState.java:run(117)) - 875da3d9-0dec-46c7-88bf-73f7a2372b64@group-75987F7FE399-FollowerState was interrupted: java.lang.InterruptedException: sleep interrupted
2019-10-20 10:28:34,049 [Thread-1331] INFO  impl.FollowerState (FollowerState.java:run(117)) - 9ceef694-dbcf-4070-b7b1-3b3c65b6a699@group-75987F7FE399-FollowerState was interrupted: java.lang.InterruptedException: sleep interrupted
2019-10-20 10:28:34,048 [grpc-default-executor-1] INFO  impl.RoleInfo (RoleInfo.java:updateAndGet(143)) - 875da3d9-0dec-46c7-88bf-73f7a2372b64: start FollowerState
2019-10-20 10:28:34,049 [grpc-default-executor-3] INFO  impl.RoleInfo (RoleInfo.java:updateAndGet(143)) - 9ceef694-dbcf-4070-b7b1-3b3c65b6a699: start FollowerState
2019-10-20 10:28:34,064 [df12c920-952d-4704-9c70-1a288e2f77c7@group-75987F7FE399-LeaderElection165] INFO  impl.LeaderElection (LeaderElection.java:logAndReturn(56)) - df12c920-952d-4704-9c70-1a288e2f77c7@group-75987F7FE399-LeaderElection165: Election REJECTED; received 2 response(s) [df12c920-952d-4704-9c70-1a288e2f77c7<-875da3d9-0dec-46c7-88bf-73f7a2372b64#0:FAIL-t183, df12c920-952d-4704-9c70-1a288e2f77c7<-9ceef694-dbcf-4070-b7b1-3b3c65b6a699#0:FAIL-t183] and 0 exception(s); df12c920-952d-4704-9c70-1a288e2f77c7@group-75987F7FE399:t183, leader=null, voted=df12c920-952d-4704-9c70-1a288e2f77c7, raftlog=df12c920-952d-4704-9c70-1a288e2f77c7@group-75987F7FE399-SegmentedRaftLog:OPENED:c-1,f-1,i0, conf=-1: [875da3d9-0dec-46c7-88bf-73f7a2372b64:192.168.69.89:39990, df12c920-952d-4704-9c70-1a288e2f77c7:192.168.69.89:43948, 9ceef694-dbcf-4070-b7b1-3b3c65b6a699:192.168.69.89:36536], old=null
2019-10-20 10:28:34,065 [df12c920-952d-4704-9c70-1a288e2f77c7@group-75987F7FE399-LeaderElection165] INFO  impl.RaftServerImpl (RaftServerImpl.java:setRole(184)) - df12c920-952d-4704-9c70-1a288e2f77c7@group-75987F7FE399: changes role from CANDIDATE to FOLLOWER at term 183 for DISCOVERED_A_NEW_TERM
2019-10-20 10:28:34,065 [df12c920-952d-4704-9c70-1a288e2f77c7@group-75987F7FE399-LeaderElection165] INFO  impl.RoleInfo (RoleInfo.java:shutdownLeaderElection(134)) - df12c920-952d-4704-9c70-1a288e2f77c7: shutdown LeaderElection
2019-10-20 10:28:34,065 [df12c920-952d-4704-9c70-1a288e2f77c7@group-75987F7FE399-LeaderElection165] INFO  impl.RoleInfo (RoleInfo.java:updateAndGet(143)) - df12c920-952d-4704-9c70-1a288e2f77c7: start FollowerState
2019-10-20 10:28:34,217 [Thread-1340] INFO  impl.FollowerState (FollowerState.java:run(108)) - df12c920-952d-4704-9c70-1a288e2f77c7@group-75987F7FE399-FollowerState: change to CANDIDATE, lastRpcTime:152ms, electionTimeout:152ms
2019-10-20 10:28:34,218 [Thread-1340] INFO  impl.RoleInfo (RoleInfo.java:shutdownFollowerState(121)) - df12c920-952d-4704-9c70-1a288e2f77c7: shutdown FollowerState
2019-10-20 10:28:34,218 [Thread-1340] INFO  impl.RaftServerImpl (RaftServerImpl.java:setRole(184)) - df12c920-952d-4704-9c70-1a288e2f77c7@group-75987F7FE399: changes role from  FOLLOWER to CANDIDATE at term 183 for changeToCandidate
2019-10-20 10:28:34,218 [Thread-1340] INFO  impl.RoleInfo (RoleInfo.java:updateAndGet(143)) - df12c920-952d-4704-9c70-1a288e2f77c7: start LeaderElection
2019-10-20 10:28:34,231 [df12c920-952d-4704-9c70-1a288e2f77c7@group-75987F7FE399-LeaderElection166] INFO  impl.LeaderElection (LeaderElection.java:askForVotes(178)) - df12c920-952d-4704-9c70-1a288e2f77c7@group-75987F7FE399-LeaderElection166: begin an election at term 184 for -1: [875da3d9-0dec-46c7-88bf-73f7a2372b64:192.168.69.89:39990, df12c920-952d-4704-9c70-1a288e2f77c7:192.168.69.89:43948, 9ceef694-dbcf-4070-b7b1-3b3c65b6a699:192.168.69.89:36536], old=null
2019-10-20 10:28:34,234 [grpc-default-executor-3] INFO  impl.RaftServerImpl (RaftServerImpl.java:setRole(184)) - 9ceef694-dbcf-4070-b7b1-3b3c65b6a699@group-75987F7FE399: changes role from  FOLLOWER to FOLLOWER at term 184 for recognizeCandidate:df12c920-952d-4704-9c70-1a288e2f77c7
2019-10-20 10:28:34,234 [grpc-default-executor-3] INFO  impl.RoleInfo (RoleInfo.java:shutdownFollowerState(121)) - 9ceef694-dbcf-4070-b7b1-3b3c65b6a699: shutdown FollowerState
2019-10-20 10:28:34,234 [grpc-default-executor-1] INFO  impl.RaftServerImpl (RaftServerImpl.java:setRole(184)) - 875da3d9-0dec-46c7-88bf-73f7a2372b64@group-75987F7FE399: changes role from  FOLLOWER to FOLLOWER at term 184 for recognizeCandidate:df12c920-952d-4704-9c70-1a288e2f77c7
2019-10-20 10:28:34,235 [Thread-1339] INFO  impl.FollowerState (FollowerState.java:run(117)) - 9ceef694-dbcf-4070-b7b1-3b3c65b6a699@group-75987F7FE399-FollowerState was interrupted: java.lang.InterruptedException: sleep interrupted
2019-10-20 10:28:34,235 [grpc-default-executor-3] INFO  impl.RoleInfo (RoleInfo.java:updateAndGet(143)) - 9ceef694-dbcf-4070-b7b1-3b3c65b6a699: start FollowerState
2019-10-20 10:28:34,235 [grpc-default-executor-1] INFO  impl.RoleInfo (RoleInfo.java:shutdownFollowerState(121)) - 875da3d9-0dec-46c7-88bf-73f7a2372b64: shutdown FollowerState
2019-10-20 10:28:34,236 [grpc-default-executor-1] INFO  impl.RoleInfo (RoleInfo.java:updateAndGet(143)) - 875da3d9-0dec-46c7-88bf-73f7a2372b64: start FollowerState
2019-10-20 10:28:34,236 [Thread-1338] INFO  impl.FollowerState (FollowerState.java:run(117)) - 875da3d9-0dec-46c7-88bf-73f7a2372b64@group-75987F7FE399-FollowerState was interrupted: java.lang.InterruptedException: sleep interrupted
2019-10-20 10:28:34,271 [df12c920-952d-4704-9c70-1a288e2f77c7@group-75987F7FE399-LeaderElection166] INFO  impl.LeaderElection (LeaderElection.java:logAndReturn(56)) - df12c920-952d-4704-9c70-1a288e2f77c7@group-75987F7FE399-LeaderElection166: Election REJECTED; received 2 response(s) [df12c920-952d-4704-9c70-1a288e2f77c7<-875da3d9-0dec-46c7-88bf-73f7a2372b64#0:FAIL-t184, df12c920-952d-4704-9c70-1a288e2f77c7<-9ceef694-dbcf-4070-b7b1-3b3c65b6a699#0:FAIL-t184] and 0 exception(s); df12c920-952d-4704-9c70-1a288e2f77c7@group-75987F7FE399:t184, leader=null, voted=df12c920-952d-4704-9c70-1a288e2f77c7, raftlog=df12c920-952d-4704-9c70-1a288e2f77c7@group-75987F7FE399-SegmentedRaftLog:OPENED:c-1,f-1,i0, conf=-1: [875da3d9-0dec-46c7-88bf-73f7a2372b64:192.168.69.89:39990, df12c920-952d-4704-9c70-1a288e2f77c7:192.168.69.89:43948, 9ceef694-dbcf-4070-b7b1-3b3c65b6a699:192.168.69.89:36536], old=null
2019-10-20 10:28:34,271 [df12c920-952d-4704-9c70-1a288e2f77c7@group-75987F7FE399-LeaderElection166] INFO  impl.RaftServerImpl (RaftServerImpl.java:setRole(184)) - df12c920-952d-4704-9c70-1a288e2f77c7@group-75987F7FE399: changes role from CANDIDATE to FOLLOWER at term 184 for DISCOVERED_A_NEW_TERM
2019-10-20 10:28:34,271 [df12c920-952d-4704-9c70-1a288e2f77c7@group-75987F7FE399-LeaderElection166] INFO  impl.RoleInfo (RoleInfo.java:shutdownLeaderElection(134)) - df12c920-952d-4704-9c70-1a288e2f77c7: shutdown LeaderElection
2019-10-20 10:28:34,271 [df12c920-952d-4704-9c70-1a288e2f77c7@group-75987F7FE399-LeaderElection166] INFO  impl.RoleInfo (RoleInfo.java:updateAndGet(143)) - df12c920-952d-4704-9c70-1a288e2f77c7: start FollowerState
2019-10-20 10:28:34,287 [Thread-1346] INFO  impl.FollowerState (FollowerState.java:run(108)) - df12c920-952d-4704-9c70-1a288e2f77c7@group-75987F7FE399-FollowerState: change to CANDIDATE, lastRpcTime:15ms, electionTimeout:15ms
2019-10-20 10:28:34,287 [Thread-1346] INFO  impl.RoleInfo (RoleInfo.java:shutdownFollowerState(121)) - df12c920-952d-4704-9c70-1a288e2f77c7: shutdown FollowerState
2019-10-20 10:28:34,287 [Thread-1346] INFO  impl.RaftServerImpl (RaftServerImpl.java:setRole(184)) - df12c920-952d-4704-9c70-1a288e2f77c7@group-75987F7FE399: changes role from  FOLLOWER to CANDIDATE at term 184 for changeToCandidate
2019-10-20 10:28:34,287 [Thread-1346] INFO  impl.RoleInfo (RoleInfo.java:updateAndGet(143)) - df12c920-952d-4704-9c70-1a288e2f77c7: start LeaderElection
2019-10-20 10:28:34,302 [df12c920-952d-4704-9c70-1a288e2f77c7@group-75987F7FE399-LeaderElection167] INFO  impl.LeaderElection (LeaderElection.java:askForVotes(178)) - df12c920-952d-4704-9c70-1a288e2f77c7@group-75987F7FE399-LeaderElection167: begin an election at term 185 for -1: [875da3d9-0dec-46c7-88bf-73f7a2372b64:192.168.69.89:39990, df12c920-952d-4704-9c70-1a288e2f77c7:192.168.69.89:43948, 9ceef694-dbcf-4070-b7b1-3b3c65b6a699:192.168.69.89:36536], old=null
2019-10-20 10:28:34,305 [grpc-default-executor-3] INFO  impl.RaftServerImpl (RaftServerImpl.java:setRole(184)) - 875da3d9-0dec-46c7-88bf-73f7a2372b64@group-75987F7FE399: changes role from  FOLLOWER to FOLLOWER at term 185 for recognizeCandidate:df12c920-952d-4704-9c70-1a288e2f77c7
2019-10-20 10:28:34,305 [grpc-default-executor-1] INFO  impl.RaftServerImpl (RaftServerImpl.java:setRole(184)) - 9ceef694-dbcf-4070-b7b1-3b3c65b6a699@group-75987F7FE399: changes role from  FOLLOWER to FOLLOWER at term 185 for recognizeCandidate:df12c920-952d-4704-9c70-1a288e2f77c7
2019-10-20 10:28:34,305 [grpc-default-executor-1] INFO  impl.RoleInfo (RoleInfo.java:shutdownFollowerState(121)) - 9ceef694-dbcf-4070-b7b1-3b3c65b6a699: shutdown FollowerState
2019-10-20 10:28:34,305 [grpc-default-executor-3] INFO  impl.RoleInfo (RoleInfo.java:shutdownFollowerState(121)) - 875da3d9-0dec-46c7-88bf-73f7a2372b64: shutdown FollowerState
2019-10-20 10:28:34,305 [Thread-1344] INFO  impl.FollowerState (FollowerState.java:run(117)) - 9ceef694-dbcf-4070-b7b1-3b3c65b6a699@group-75987F7FE399-FollowerState was interrupted: java.lang.InterruptedException: sleep interrupted
2019-10-20 10:28:34,305 [Thread-1345] INFO  impl.FollowerState (FollowerState.java:run(117)) - 875da3d9-0dec-46c7-88bf-73f7a2372b64@group-75987F7FE399-FollowerState was interrupted: java.lang.InterruptedException: sleep interrupted
2019-10-20 10:28:34,305 [grpc-default-executor-1] INFO  impl.RoleInfo (RoleInfo.java:updateAndGet(143)) - 9ceef694-dbcf-4070-b7b1-3b3c65b6a699: start FollowerState
2019-10-20 10:28:34,305 [grpc-default-executor-3] INFO  impl.RoleInfo (RoleInfo.java:updateAndGet(143)) - 875da3d9-0dec-46c7-88bf-73f7a2372b64: start FollowerState
2019-10-20 10:28:34,330 [df12c920-952d-4704-9c70-1a288e2f77c7@group-75987F7FE399-LeaderElection167] INFO  impl.LeaderElection (LeaderElection.java:logAndReturn(56)) - df12c920-952d-4704-9c70-1a288e2f77c7@group-75987F7FE399-LeaderElection167: Election REJECTED; received 2 response(s) [df12c920-952d-4704-9c70-1a288e2f77c7<-875da3d9-0dec-46c7-88bf-73f7a2372b64#0:FAIL-t185, df12c920-952d-4704-9c70-1a288e2f77c7<-9ceef694-dbcf-4070-b7b1-3b3c65b6a699#0:FAIL-t185] and 0 exception(s); df12c920-952d-4704-9c70-1a288e2f77c7@group-75987F7FE399:t185, leader=null, voted=df12c920-952d-4704-9c70-1a288e2f77c7, raftlog=df12c920-952d-4704-9c70-1a288e2f77c7@group-75987F7FE399-SegmentedRaftLog:OPENED:c-1,f-1,i0, conf=-1: [875da3d9-0dec-46c7-88bf-73f7a2372b64:192.168.69.89:39990, df12c920-952d-4704-9c70-1a288e2f77c7:192.168.69.89:43948, 9ceef694-dbcf-4070-b7b1-3b3c65b6a699:192.168.69.89:36536], old=null
2019-10-20 10:28:34,330 [df12c920-952d-4704-9c70-1a288e2f77c7@group-75987F7FE399-LeaderElection167] INFO  impl.RaftServerImpl (RaftServerImpl.java:setRole(184)) - df12c920-952d-4704-9c70-1a288e2f77c7@group-75987F7FE399: changes role from CANDIDATE to FOLLOWER at term 185 for DISCOVERED_A_NEW_TERM
2019-10-20 10:28:34,330 [df12c920-952d-4704-9c70-1a288e2f77c7@group-75987F7FE399-LeaderElection167] INFO  impl.RoleInfo (RoleInfo.java:shutdownLeaderElection(134)) - df12c920-952d-4704-9c70-1a288e2f77c7: shutdown LeaderElection
2019-10-20 10:28:34,331 [df12c920-952d-4704-9c70-1a288e2f77c7@group-75987F7FE399-LeaderElection167] INFO  impl.RoleInfo (RoleInfo.java:updateAndGet(143)) - df12c920-952d-4704-9c70-1a288e2f77c7: start FollowerState
2019-10-20 10:28:34,340 [Thread-1352] INFO  impl.FollowerState (FollowerState.java:run(108)) - df12c920-952d-4704-9c70-1a288e2f77c7@group-75987F7FE399-FollowerState: change to CANDIDATE, lastRpcTime:9ms, electionTimeout:9ms
2019-10-20 10:28:34,340 [Thread-1352] INFO  impl.RoleInfo (RoleInfo.java:shutdownFollowerState(121)) - df12c920-952d-4704-9c70-1a288e2f77c7: shutdown FollowerState
2019-10-20 10:28:34,340 [Thread-1352] INFO  impl.RaftServerImpl (RaftServerImpl.java:setRole(184)) - df12c920-952d-4704-9c70-1a288e2f77c7@group-75987F7FE399: changes role from  FOLLOWER to CANDIDATE at term 185 for changeToCandidate
2019-10-20 10:28:34,340 [Thread-1352] INFO  impl.RoleInfo (RoleInfo.java:updateAndGet(143)) - df12c920-952d-4704-9c70-1a288e2f77c7: start LeaderElection
2019-10-20 10:28:34,354 [df12c920-952d-4704-9c70-1a288e2f77c7@group-75987F7FE399-LeaderElection168] INFO  impl.LeaderElection (LeaderElection.java:askForVotes(178)) - df12c920-952d-4704-9c70-1a288e2f77c7@group-75987F7FE399-LeaderElection168: begin an election at term 186 for -1: [875da3d9-0dec-46c7-88bf-73f7a2372b64:192.168.69.89:39990, df12c920-952d-4704-9c70-1a288e2f77c7:192.168.69.89:43948, 9ceef694-dbcf-4070-b7b1-3b3c65b6a699:192.168.69.89:36536], old=null
2019-10-20 10:28:34,356 [grpc-default-executor-3] INFO  impl.RaftServerImpl (RaftServerImpl.java:setRole(184)) - 875da3d9-0dec-46c7-88bf-73f7a2372b64@group-75987F7FE399: changes role from  FOLLOWER to FOLLOWER at term 186 for recognizeCandidate:df12c920-952d-4704-9c70-1a288e2f77c7
2019-10-20 10:28:34,356 [grpc-default-executor-1] INFO  impl.RaftServerImpl (RaftServerImpl.java:setRole(184)) - 9ceef694-dbcf-4070-b7b1-3b3c65b6a699@group-75987F7FE399: changes role from  FOLLOWER to FOLLOWER at term 186 for recognizeCandidate:df12c920-952d-4704-9c70-1a288e2f77c7
2019-10-20 10:28:34,356 [grpc-default-executor-1] INFO  impl.RoleInfo (RoleInfo.java:shutdownFollowerState(121)) - 9ceef694-dbcf-4070-b7b1-3b3c65b6a699: shutdown FollowerState
2019-10-20 10:28:34,356 [grpc-default-executor-3] INFO  impl.RoleInfo (RoleInfo.java:shutdownFollowerState(121)) - 875da3d9-0dec-46c7-88bf-73f7a2372b64: shutdown FollowerState
2019-10-20 10:28:34,357 [Thread-1350] INFO  impl.FollowerState (FollowerState.java:run(117)) - 9ceef694-dbcf-4070-b7b1-3b3c65b6a699@group-75987F7FE399-FollowerState was interrupted: java.lang.InterruptedException: sleep interrupted
2019-10-20 10:28:34,357 [grpc-default-executor-1] INFO  impl.RoleInfo (RoleInfo.java:updateAndGet(143)) - 9ceef694-dbcf-4070-b7b1-3b3c65b6a699: start FollowerState
2019-10-20 10:28:34,357 [Thread-1351] INFO  impl.FollowerState (FollowerState.java:run(117)) - 875da3d9-0dec-46c7-88bf-73f7a2372b64@group-75987F7FE399-FollowerState was interrupted: java.lang.InterruptedException: sleep interrupted
2019-10-20 10:28:34,357 [grpc-default-executor-3] INFO  impl.RoleInfo (RoleInfo.java:updateAndGet(143)) - 875da3d9-0dec-46c7-88bf-73f7a2372b64: start FollowerState
2019-10-20 10:28:34,382 [df12c920-952d-4704-9c70-1a288e2f77c7@group-75987F7FE399-LeaderElection168] INFO  impl.LeaderElection (LeaderElection.java:logAndReturn(56)) - df12c920-952d-4704-9c70-1a288e2f77c7@group-75987F7FE399-LeaderElection168: Election REJECTED; received 2 response(s) [df12c920-952d-4704-9c70-1a288e2f77c7<-875da3d9-0dec-46c7-88bf-73f7a2372b64#0:FAIL-t186, df12c920-952d-4704-9c70-1a288e2f77c7<-9ceef694-dbcf-4070-b7b1-3b3c65b6a699#0:FAIL-t186] and 0 exception(s); df12c920-952d-4704-9c70-1a288e2f77c7@group-75987F7FE399:t186, leader=null, voted=df12c920-952d-4704-9c70-1a288e2f77c7, raftlog=df12c920-952d-4704-9c70-1a288e2f77c7@group-75987F7FE399-SegmentedRaftLog:OPENED:c-1,f-1,i0, conf=-1: [875da3d9-0dec-46c7-88bf-73f7a2372b64:192.168.69.89:39990, df12c920-952d-4704-9c70-1a288e2f77c7:192.168.69.89:43948, 9ceef694-dbcf-4070-b7b1-3b3c65b6a699:192.168.69.89:36536], old=null
2019-10-20 10:28:34,383 [df12c920-952d-4704-9c70-1a288e2f77c7@group-75987F7FE399-LeaderElection168] INFO  impl.RaftServerImpl (RaftServerImpl.java:setRole(184)) - df12c920-952d-4704-9c70-1a288e2f77c7@group-75987F7FE399: changes role from CANDIDATE to FOLLOWER at term 186 for DISCOVERED_A_NEW_TERM
2019-10-20 10:28:34,383 [df12c920-952d-4704-9c70-1a288e2f77c7@group-75987F7FE399-LeaderElection168] INFO  impl.RoleInfo (RoleInfo.java:shutdownLeaderElection(134)) - df12c920-952d-4704-9c70-1a288e2f77c7: shutdown LeaderElection
2019-10-20 10:28:34,383 [df12c920-952d-4704-9c70-1a288e2f77c7@group-75987F7FE399-LeaderElection168] INFO  impl.RoleInfo (RoleInfo.java:updateAndGet(143)) - df12c920-952d-4704-9c70-1a288e2f77c7: start FollowerState
2019-10-20 10:28:34,489 [Thread-1358] INFO  impl.FollowerState (FollowerState.java:run(108)) - df12c920-952d-4704-9c70-1a288e2f77c7@group-75987F7FE399-FollowerState: change to CANDIDATE, lastRpcTime:106ms, electionTimeout:106ms
2019-10-20 10:28:34,490 [Thread-1358] INFO  impl.RoleInfo (RoleInfo.java:shutdownFollowerState(121)) - df12c920-952d-4704-9c70-1a288e2f77c7: shutdown FollowerState
2019-10-20 10:28:34,490 [Thread-1358] INFO  impl.RaftServerImpl (RaftServerImpl.java:setRole(184)) - df12c920-952d-4704-9c70-1a288e2f77c7@group-75987F7FE399: changes role from  FOLLOWER to CANDIDATE at term 186 for changeToCandidate
2019-10-20 10:28:34,490 [Thread-1358] INFO  impl.RoleInfo (RoleInfo.java:updateAndGet(143)) - df12c920-952d-4704-9c70-1a288e2f77c7: start LeaderElection
2019-10-20 10:28:34,497 [df12c920-952d-4704-9c70-1a288e2f77c7@group-75987F7FE399-LeaderElection169] INFO  impl.LeaderElection (LeaderElection.java:askForVotes(178)) - df12c920-952d-4704-9c70-1a288e2f77c7@group-75987F7FE399-LeaderElection169: begin an election at term 187 for -1: [875da3d9-0dec-46c7-88bf-73f7a2372b64:192.168.69.89:39990, df12c920-952d-4704-9c70-1a288e2f77c7:192.168.69.89:43948, 9ceef694-dbcf-4070-b7b1-3b3c65b6a699:192.168.69.89:36536], old=null
2019-10-20 10:28:34,500 [grpc-default-executor-3] INFO  impl.RaftServerImpl (RaftServerImpl.java:setRole(184)) - 875da3d9-0dec-46c7-88bf-73f7a2372b64@group-75987F7FE399: changes role from  FOLLOWER to FOLLOWER at term 187 for recognizeCandidate:df12c920-952d-4704-9c70-1a288e2f77c7
2019-10-20 10:28:34,500 [grpc-default-executor-3] INFO  impl.RoleInfo (RoleInfo.java:shutdownFollowerState(121)) - 875da3d9-0dec-46c7-88bf-73f7a2372b64: shutdown FollowerState
2019-10-20 10:28:34,500 [grpc-default-executor-1] INFO  impl.RaftServerImpl (RaftServerImpl.java:setRole(184)) - 9ceef694-dbcf-4070-b7b1-3b3c65b6a699@group-75987F7FE399: changes role from  FOLLOWER to FOLLOWER at term 187 for recognizeCandidate:df12c920-952d-4704-9c70-1a288e2f77c7
2019-10-20 10:28:34,500 [Thread-1357] INFO  impl.FollowerState (FollowerState.java:run(117)) - 875da3d9-0dec-46c7-88bf-73f7a2372b64@group-75987F7FE399-FollowerState was interrupted: java.lang.InterruptedException: sleep interrupted
2019-10-20 10:28:34,500 [grpc-default-executor-3] INFO  impl.RoleInfo (RoleInfo.java:updateAndGet(143)) - 875da3d9-0dec-46c7-88bf-73f7a2372b64: start FollowerState
2019-10-20 10:28:34,501 [grpc-default-executor-1] INFO  impl.RoleInfo (RoleInfo.java:shutdownFollowerState(121)) - 9ceef694-dbcf-4070-b7b1-3b3c65b6a699: shutdown FollowerState
2019-10-20 10:28:34,501 [grpc-default-executor-1] INFO  impl.RoleInfo (RoleInfo.java:updateAndGet(143)) - 9ceef694-dbcf-4070-b7b1-3b3c65b6a699: start FollowerState
2019-10-20 10:28:34,501 [Thread-1356] INFO  impl.FollowerState (FollowerState.java:run(117)) - 9ceef694-dbcf-4070-b7b1-3b3c65b6a699@group-75987F7FE399-FollowerState was interrupted: java.lang.InterruptedException: sleep interrupted
2019-10-20 10:28:34,516 [df12c920-952d-4704-9c70-1a288e2f77c7@group-75987F7FE399-LeaderElection169] INFO  impl.LeaderElection (LeaderElection.java:logAndReturn(56)) - df12c920-952d-4704-9c70-1a288e2f77c7@group-75987F7FE399-LeaderElection169: Election REJECTED; received 2 response(s) [df12c920-952d-4704-9c70-1a288e2f77c7<-875da3d9-0dec-46c7-88bf-73f7a2372b64#0:FAIL-t187, df12c920-952d-4704-9c70-1a288e2f77c7<-9ceef694-dbcf-4070-b7b1-3b3c65b6a699#0:FAIL-t187] and 0 exception(s); df12c920-952d-4704-9c70-1a288e2f77c7@group-75987F7FE399:t187, leader=null, voted=df12c920-952d-4704-9c70-1a288e2f77c7, raftlog=df12c920-952d-4704-9c70-1a288e2f77c7@group-75987F7FE399-SegmentedRaftLog:OPENED:c-1,f-1,i0, conf=-1: [875da3d9-0dec-46c7-88bf-73f7a2372b64:192.168.69.89:39990, df12c920-952d-4704-9c70-1a288e2f77c7:192.168.69.89:43948, 9ceef694-dbcf-4070-b7b1-3b3c65b6a699:192.168.69.89:36536], old=null
2019-10-20 10:28:34,516 [df12c920-952d-4704-9c70-1a288e2f77c7@group-75987F7FE399-LeaderElection169] INFO  impl.RaftServerImpl (RaftServerImpl.java:setRole(184)) - df12c920-952d-4704-9c70-1a288e2f77c7@group-75987F7FE399: changes role from CANDIDATE to FOLLOWER at term 187 for DISCOVERED_A_NEW_TERM
2019-10-20 10:28:34,517 [df12c920-952d-4704-9c70-1a288e2f77c7@group-75987F7FE399-LeaderElection169] INFO  impl.RoleInfo (RoleInfo.java:shutdownLeaderElection(134)) - df12c920-952d-4704-9c70-1a288e2f77c7: shutdown LeaderElection
2019-10-20 10:28:34,517 [df12c920-952d-4704-9c70-1a288e2f77c7@group-75987F7FE399-LeaderElection169] INFO  impl.RoleInfo (RoleInfo.java:updateAndGet(143)) - df12c920-952d-4704-9c70-1a288e2f77c7: start FollowerState
2019-10-20 10:28:34,700 [Thread-1364] INFO  impl.FollowerState (FollowerState.java:run(108)) - df12c920-952d-4704-9c70-1a288e2f77c7@group-75987F7FE399-FollowerState: change to CANDIDATE, lastRpcTime:183ms, electionTimeout:183ms
2019-10-20 10:28:34,700 [Thread-1364] INFO  impl.RoleInfo (RoleInfo.java:shutdownFollowerState(121)) - df12c920-952d-4704-9c70-1a288e2f77c7: shutdown FollowerState
2019-10-20 10:28:34,701 [Thread-1364] INFO  impl.RaftServerImpl (RaftServerImpl.java:setRole(184)) - df12c920-952d-4704-9c70-1a288e2f77c7@group-75987F7FE399: changes role from  FOLLOWER to CANDIDATE at term 187 for changeToCandidate
2019-10-20 10:28:34,701 [Thread-1364] INFO  impl.RoleInfo (RoleInfo.java:updateAndGet(143)) - df12c920-952d-4704-9c70-1a288e2f77c7: start LeaderElection
2019-10-20 10:28:34,722 [df12c920-952d-4704-9c70-1a288e2f77c7@group-75987F7FE399-LeaderElection170] INFO  impl.LeaderElection (LeaderElection.java:askForVotes(178)) - df12c920-952d-4704-9c70-1a288e2f77c7@group-75987F7FE399-LeaderElection170: begin an election at term 188 for -1: [875da3d9-0dec-46c7-88bf-73f7a2372b64:192.168.69.89:39990, df12c920-952d-4704-9c70-1a288e2f77c7:192.168.69.89:43948, 9ceef694-dbcf-4070-b7b1-3b3c65b6a699:192.168.69.89:36536], old=null
2019-10-20 10:28:34,725 [grpc-default-executor-1] INFO  impl.RaftServerImpl (RaftServerImpl.java:setRole(184)) - 875da3d9-0dec-46c7-88bf-73f7a2372b64@group-75987F7FE399: changes role from  FOLLOWER to FOLLOWER at term 188 for recognizeCandidate:df12c920-952d-4704-9c70-1a288e2f77c7
2019-10-20 10:28:34,725 [grpc-default-executor-3] INFO  impl.RaftServerImpl (RaftServerImpl.java:setRole(184)) - 9ceef694-dbcf-4070-b7b1-3b3c65b6a699@group-75987F7FE399: changes role from  FOLLOWER to FOLLOWER at term 188 for recognizeCandidate:df12c920-952d-4704-9c70-1a288e2f77c7
2019-10-20 10:28:34,725 [grpc-default-executor-1] INFO  impl.RoleInfo (RoleInfo.java:shutdownFollowerState(121)) - 875da3d9-0dec-46c7-88bf-73f7a2372b64: shutdown FollowerState
2019-10-20 10:28:34,725 [grpc-default-executor-3] INFO  impl.RoleInfo (RoleInfo.java:shutdownFollowerState(121)) - 9ceef694-dbcf-4070-b7b1-3b3c65b6a699: shutdown FollowerState
2019-10-20 10:28:34,725 [Thread-1362] INFO  impl.FollowerState (FollowerState.java:run(117)) - 875da3d9-0dec-46c7-88bf-73f7a2372b64@group-75987F7FE399-FollowerState was interrupted: java.lang.InterruptedException: sleep interrupted
2019-10-20 10:28:34,726 [Thread-1363] INFO  impl.FollowerState (FollowerState.java:run(117)) - 9ceef694-dbcf-4070-b7b1-3b3c65b6a699@group-75987F7FE399-FollowerState was interrupted: java.lang.InterruptedException: sleep interrupted
2019-10-20 10:28:34,725 [grpc-default-executor-3] INFO  impl.RoleInfo (RoleInfo.java:updateAndGet(143)) - 9ceef694-dbcf-4070-b7b1-3b3c65b6a699: start FollowerState
2019-10-20 10:28:34,725 [grpc-default-executor-1] INFO  impl.RoleInfo (RoleInfo.java:updateAndGet(143)) - 875da3d9-0dec-46c7-88bf-73f7a2372b64: start FollowerState
2019-10-20 10:28:34,733 [df12c920-952d-4704-9c70-1a288e2f77c7@group-75987F7FE399-LeaderElection170] INFO  impl.LeaderElection (LeaderElection.java:logAndReturn(56)) - df12c920-952d-4704-9c70-1a288e2f77c7@group-75987F7FE399-LeaderElection170: Election REJECTED; received 2 response(s) [df12c920-952d-4704-9c70-1a288e2f77c7<-875da3d9-0dec-46c7-88bf-73f7a2372b64#0:FAIL-t188, df12c920-952d-4704-9c70-1a288e2f77c7<-9ceef694-dbcf-4070-b7b1-3b3c65b6a699#0:FAIL-t188] and 0 exception(s); df12c920-952d-4704-9c70-1a288e2f77c7@group-75987F7FE399:t188, leader=null, voted=df12c920-952d-4704-9c70-1a288e2f77c7, raftlog=df12c920-952d-4704-9c70-1a288e2f77c7@group-75987F7FE399-SegmentedRaftLog:OPENED:c-1,f-1,i0, conf=-1: [875da3d9-0dec-46c7-88bf-73f7a2372b64:192.168.69.89:39990, df12c920-952d-4704-9c70-1a288e2f77c7:192.168.69.89:43948, 9ceef694-dbcf-4070-b7b1-3b3c65b6a699:192.168.69.89:36536], old=null
2019-10-20 10:28:34,733 [df12c920-952d-4704-9c70-1a288e2f77c7@group-75987F7FE399-LeaderElection170] INFO  impl.RaftServerImpl (RaftServerImpl.java:setRole(184)) - df12c920-952d-4704-9c70-1a288e2f77c7@group-75987F7FE399: changes role from CANDIDATE to FOLLOWER at term 188 for DISCOVERED_A_NEW_TERM
2019-10-20 10:28:34,733 [df12c920-952d-4704-9c70-1a288e2f77c7@group-75987F7FE399-LeaderElection170] INFO  impl.RoleInfo (RoleInfo.java:shutdownLeaderElection(134)) - df12c920-952d-4704-9c70-1a288e2f77c7: shutdown LeaderElection
2019-10-20 10:28:34,734 [df12c920-952d-4704-9c70-1a288e2f77c7@group-75987F7FE399-LeaderElection170] INFO  impl.RoleInfo (RoleInfo.java:updateAndGet(143)) - df12c920-952d-4704-9c70-1a288e2f77c7: start FollowerState
2019-10-20 10:28:34,823 [Thread-1371] INFO  impl.FollowerState (FollowerState.java:run(108)) - df12c920-952d-4704-9c70-1a288e2f77c7@group-75987F7FE399-FollowerState: change to CANDIDATE, lastRpcTime:89ms, electionTimeout:89ms
2019-10-20 10:28:34,823 [Thread-1371] INFO  impl.RoleInfo (RoleInfo.java:shutdownFollowerState(121)) - df12c920-952d-4704-9c70-1a288e2f77c7: shutdown FollowerState
2019-10-20 10:28:34,823 [Thread-1371] INFO  impl.RaftServerImpl (RaftServerImpl.java:setRole(184)) - df12c920-952d-4704-9c70-1a288e2f77c7@group-75987F7FE399: changes role from  FOLLOWER to CANDIDATE at term 188 for changeToCandidate
2019-10-20 10:28:34,823 [Thread-1371] INFO  impl.RoleInfo (RoleInfo.java:updateAndGet(143)) - df12c920-952d-4704-9c70-1a288e2f77c7: start LeaderElection
2019-10-20 10:28:34,838 [df12c920-952d-4704-9c70-1a288e2f77c7@group-75987F7FE399-LeaderElection171] INFO  impl.LeaderElection (LeaderElection.java:askForVotes(178)) - df12c920-952d-4704-9c70-1a288e2f77c7@group-75987F7FE399-LeaderElection171: begin an election at term 189 for -1: [875da3d9-0dec-46c7-88bf-73f7a2372b64:192.168.69.89:39990, df12c920-952d-4704-9c70-1a288e2f77c7:192.168.69.89:43948, 9ceef694-dbcf-4070-b7b1-3b3c65b6a699:192.168.69.89:36536], old=null
2019-10-20 10:28:34,841 [grpc-default-executor-1] INFO  impl.RaftServerImpl (RaftServerImpl.java:setRole(184)) - 9ceef694-dbcf-4070-b7b1-3b3c65b6a699@group-75987F7FE399: changes role from  FOLLOWER to FOLLOWER at term 189 for recognizeCandidate:df12c920-952d-4704-9c70-1a288e2f77c7
2019-10-20 10:28:34,841 [grpc-default-executor-3] INFO  impl.RaftServerImpl (RaftServerImpl.java:setRole(184)) - 875da3d9-0dec-46c7-88bf-73f7a2372b64@group-75987F7FE399: changes role from  FOLLOWER to FOLLOWER at term 189 for recognizeCandidate:df12c920-952d-4704-9c70-1a288e2f77c7
2019-10-20 10:28:34,841 [grpc-default-executor-1] INFO  impl.RoleInfo (RoleInfo.java:shutdownFollowerState(121)) - 9ceef694-dbcf-4070-b7b1-3b3c65b6a699: shutdown FollowerState
2019-10-20 10:28:34,841 [grpc-default-executor-3] INFO  impl.RoleInfo (RoleInfo.java:shutdownFollowerState(121)) - 875da3d9-0dec-46c7-88bf-73f7a2372b64: shutdown FollowerState
2019-10-20 10:28:34,841 [Thread-1370] INFO  impl.FollowerState (FollowerState.java:run(117)) - 9ceef694-dbcf-4070-b7b1-3b3c65b6a699@group-75987F7FE399-FollowerState was interrupted: java.lang.InterruptedException: sleep interrupted
2019-10-20 10:28:34,841 [grpc-default-executor-1] INFO  impl.RoleInfo (RoleInfo.java:updateAndGet(143)) - 9ceef694-dbcf-4070-b7b1-3b3c65b6a699: start FollowerState
2019-10-20 10:28:34,841 [grpc-default-executor-3] INFO  impl.RoleInfo (RoleInfo.java:updateAndGet(143)) - 875da3d9-0dec-46c7-88bf-73f7a2372b64: start FollowerState
2019-10-20 10:28:34,841 [Thread-1369] INFO  impl.FollowerState (FollowerState.java:run(117)) - 875da3d9-0dec-46c7-88bf-73f7a2372b64@group-75987F7FE399-FollowerState was interrupted: java.lang.InterruptedException: sleep interrupted
2019-10-20 10:28:34,856 [df12c920-952d-4704-9c70-1a288e2f77c7@group-75987F7FE399-LeaderElection171] INFO  impl.LeaderElection (LeaderElection.java:logAndReturn(56)) - df12c920-952d-4704-9c70-1a288e2f77c7@group-75987F7FE399-LeaderElection171: Election REJECTED; received 2 response(s) [df12c920-952d-4704-9c70-1a288e2f77c7<-875da3d9-0dec-46c7-88bf-73f7a2372b64#0:FAIL-t189, df12c920-952d-4704-9c70-1a288e2f77c7<-9ceef694-dbcf-4070-b7b1-3b3c65b6a699#0:FAIL-t189] and 0 exception(s); df12c920-952d-4704-9c70-1a288e2f77c7@group-75987F7FE399:t189, leader=null, voted=df12c920-952d-4704-9c70-1a288e2f77c7, raftlog=df12c920-952d-4704-9c70-1a288e2f77c7@group-75987F7FE399-SegmentedRaftLog:OPENED:c-1,f-1,i0, conf=-1: [875da3d9-0dec-46c7-88bf-73f7a2372b64:192.168.69.89:39990, df12c920-952d-4704-9c70-1a288e2f77c7:192.168.69.89:43948, 9ceef694-dbcf-4070-b7b1-3b3c65b6a699:192.168.69.89:36536], old=null
2019-10-20 10:28:34,856 [df12c920-952d-4704-9c70-1a288e2f77c7@group-75987F7FE399-LeaderElection171] INFO  impl.RaftServerImpl (RaftServerImpl.java:setRole(184)) - df12c920-952d-4704-9c70-1a288e2f77c7@group-75987F7FE399: changes role from CANDIDATE to FOLLOWER at term 189 for DISCOVERED_A_NEW_TERM
2019-10-20 10:28:34,856 [df12c920-952d-4704-9c70-1a288e2f77c7@group-75987F7FE399-LeaderElection171] INFO  impl.RoleInfo (RoleInfo.java:shutdownLeaderElection(134)) - df12c920-952d-4704-9c70-1a288e2f77c7: shutdown LeaderElection
2019-10-20 10:28:34,856 [df12c920-952d-4704-9c70-1a288e2f77c7@group-75987F7FE399-LeaderElection171] INFO  impl.RoleInfo (RoleInfo.java:updateAndGet(143)) - df12c920-952d-4704-9c70-1a288e2f77c7: start FollowerState
2019-10-20 10:28:34,986 [Thread-1377] INFO  impl.FollowerState (FollowerState.java:run(108)) - df12c920-952d-4704-9c70-1a288e2f77c7@group-75987F7FE399-FollowerState: change to CANDIDATE, lastRpcTime:130ms, electionTimeout:130ms
2019-10-20 10:28:34,987 [Thread-1377] INFO  impl.RoleInfo (RoleInfo.java:shutdownFollowerState(121)) - df12c920-952d-4704-9c70-1a288e2f77c7: shutdown FollowerState
2019-10-20 10:28:34,987 [Thread-1377] INFO  impl.RaftServerImpl (RaftServerImpl.java:setRole(184)) - df12c920-952d-4704-9c70-1a288e2f77c7@group-75987F7FE399: changes role from  FOLLOWER to CANDIDATE at term 189 for changeToCandidate
2019-10-20 10:28:34,987 [Thread-1377] INFO  impl.RoleInfo (RoleInfo.java:updateAndGet(143)) - df12c920-952d-4704-9c70-1a288e2f77c7: start LeaderElection
2019-10-20 10:28:35,013 [df12c920-952d-4704-9c70-1a288e2f77c7@group-75987F7FE399-LeaderElection172] INFO  impl.LeaderElection (LeaderElection.java:askForVotes(178)) - df12c920-952d-4704-9c70-1a288e2f77c7@group-75987F7FE399-LeaderElection172: begin an election at term 190 for -1: [875da3d9-0dec-46c7-88bf-73f7a2372b64:192.168.69.89:39990, df12c920-952d-4704-9c70-1a288e2f77c7:192.168.69.89:43948, 9ceef694-dbcf-4070-b7b1-3b3c65b6a699:192.168.69.89:36536], old=null
2019-10-20 10:28:35,016 [grpc-default-executor-3] INFO  impl.RaftServerImpl (RaftServerImpl.java:setRole(184)) - 9ceef694-dbcf-4070-b7b1-3b3c65b6a699@group-75987F7FE399: changes role from  FOLLOWER to FOLLOWER at term 190 for recognizeCandidate:df12c920-952d-4704-9c70-1a288e2f77c7
2019-10-20 10:28:35,016 [grpc-default-executor-1] INFO  impl.RaftServerImpl (RaftServerImpl.java:setRole(184)) - 875da3d9-0dec-46c7-88bf-73f7a2372b64@group-75987F7FE399: changes role from  FOLLOWER to FOLLOWER at term 190 for recognizeCandidate:df12c920-952d-4704-9c70-1a288e2f77c7
2019-10-20 10:28:35,016 [grpc-default-executor-3] INFO  impl.RoleInfo (RoleInfo.java:shutdownFollowerState(121)) - 9ceef694-dbcf-4070-b7b1-3b3c65b6a699: shutdown FollowerState
2019-10-20 10:28:35,016 [grpc-default-executor-1] INFO  impl.RoleInfo (RoleInfo.java:shutdownFollowerState(121)) - 875da3d9-0dec-46c7-88bf-73f7a2372b64: shutdown FollowerState
2019-10-20 10:28:35,016 [grpc-default-executor-3] INFO  impl.RoleInfo (RoleInfo.java:updateAndGet(143)) - 9ceef694-dbcf-4070-b7b1-3b3c65b6a699: start FollowerState
2019-10-20 10:28:35,016 [Thread-1375] INFO  impl.FollowerState (FollowerState.java:run(117)) - 9ceef694-dbcf-4070-b7b1-3b3c65b6a699@group-75987F7FE399-FollowerState was interrupted: java.lang.InterruptedException: sleep interrupted
2019-10-20 10:28:35,017 [Thread-1376] INFO  impl.FollowerState (FollowerState.java:run(117)) - 875da3d9-0dec-46c7-88bf-73f7a2372b64@group-75987F7FE399-FollowerState was interrupted: java.lang.InterruptedException: sleep interrupted
2019-10-20 10:28:35,017 [grpc-default-executor-1] INFO  impl.RoleInfo (RoleInfo.java:updateAndGet(143)) - 875da3d9-0dec-46c7-88bf-73f7a2372b64: start FollowerState
2019-10-20 10:28:35,033 [df12c920-952d-4704-9c70-1a288e2f77c7@group-75987F7FE399-LeaderElection172] INFO  impl.LeaderElection (LeaderElection.java:logAndReturn(56)) - df12c920-952d-4704-9c70-1a288e2f77c7@group-75987F7FE399-LeaderElection172: Election REJECTED; received 2 response(s) [df12c920-952d-4704-9c70-1a288e2f77c7<-875da3d9-0dec-46c7-88bf-73f7a2372b64#0:FAIL-t190, df12c920-952d-4704-9c70-1a288e2f77c7<-9ceef694-dbcf-4070-b7b1-3b3c65b6a699#0:FAIL-t190] and 0 exception(s); df12c920-952d-4704-9c70-1a288e2f77c7@group-75987F7FE399:t190, leader=null, voted=df12c920-952d-4704-9c70-1a288e2f77c7, raftlog=df12c920-952d-4704-9c70-1a288e2f77c7@group-75987F7FE399-SegmentedRaftLog:OPENED:c-1,f-1,i0, conf=-1: [875da3d9-0dec-46c7-88bf-73f7a2372b64:192.168.69.89:39990, df12c920-952d-4704-9c70-1a288e2f77c7:192.168.69.89:43948, 9ceef694-dbcf-4070-b7b1-3b3c65b6a699:192.168.69.89:36536], old=null
2019-10-20 10:28:35,033 [df12c920-952d-4704-9c70-1a288e2f77c7@group-75987F7FE399-LeaderElection172] INFO  impl.RaftServerImpl (RaftServerImpl.java:setRole(184)) - df12c920-952d-4704-9c70-1a288e2f77c7@group-75987F7FE399: changes role from CANDIDATE to FOLLOWER at term 190 for DISCOVERED_A_NEW_TERM
2019-10-20 10:28:35,034 [df12c920-952d-4704-9c70-1a288e2f77c7@group-75987F7FE399-LeaderElection172] INFO  impl.RoleInfo (RoleInfo.java:shutdownLeaderElection(134)) - df12c920-952d-4704-9c70-1a288e2f77c7: shutdown LeaderElection
2019-10-20 10:28:35,034 [df12c920-952d-4704-9c70-1a288e2f77c7@group-75987F7FE399-LeaderElection172] INFO  impl.RoleInfo (RoleInfo.java:updateAndGet(143)) - df12c920-952d-4704-9c70-1a288e2f77c7: start FollowerState
2019-10-20 10:28:35,059 [Thread-1385] INFO  impl.FollowerState (FollowerState.java:run(108)) - df12c920-952d-4704-9c70-1a288e2f77c7@group-75987F7FE399-FollowerState: change to CANDIDATE, lastRpcTime:25ms, electionTimeout:25ms
2019-10-20 10:28:35,059 [Thread-1385] INFO  impl.RoleInfo (RoleInfo.java:shutdownFollowerState(121)) - df12c920-952d-4704-9c70-1a288e2f77c7: shutdown FollowerState
2019-10-20 10:28:35,059 [Thread-1385] INFO  impl.RaftServerImpl (RaftServerImpl.java:setRole(184)) - df12c920-952d-4704-9c70-1a288e2f77c7@group-75987F7FE399: changes role from  FOLLOWER to CANDIDATE at term 190 for changeToCandidate
2019-10-20 10:28:35,060 [Thread-1385] INFO  impl.RoleInfo (RoleInfo.java:updateAndGet(143)) - df12c920-952d-4704-9c70-1a288e2f77c7: start LeaderElection
2019-10-20 10:28:35,085 [df12c920-952d-4704-9c70-1a288e2f77c7@group-75987F7FE399-LeaderElection173] INFO  impl.LeaderElection (LeaderElection.java:askForVotes(178)) - df12c920-952d-4704-9c70-1a288e2f77c7@group-75987F7FE399-LeaderElection173: begin an election at term 191 for -1: [875da3d9-0dec-46c7-88bf-73f7a2372b64:192.168.69.89:39990, df12c920-952d-4704-9c70-1a288e2f77c7:192.168.69.89:43948, 9ceef694-dbcf-4070-b7b1-3b3c65b6a699:192.168.69.89:36536], old=null
2019-10-20 10:28:35,088 [grpc-default-executor-1] INFO  impl.RaftServerImpl (RaftServerImpl.java:setRole(184)) - 875da3d9-0dec-46c7-88bf-73f7a2372b64@group-75987F7FE399: changes role from  FOLLOWER to FOLLOWER at term 191 for recognizeCandidate:df12c920-952d-4704-9c70-1a288e2f77c7
2019-10-20 10:28:35,088 [grpc-default-executor-1] INFO  impl.RoleInfo (RoleInfo.java:shutdownFollowerState(121)) - 875da3d9-0dec-46c7-88bf-73f7a2372b64: shutdown FollowerState
2019-10-20 10:28:35,088 [grpc-default-executor-3] INFO  impl.RaftServerImpl (RaftServerImpl.java:setRole(184)) - 9ceef694-dbcf-4070-b7b1-3b3c65b6a699@group-75987F7FE399: changes role from  FOLLOWER to FOLLOWER at term 191 for recognizeCandidate:df12c920-952d-4704-9c70-1a288e2f77c7
2019-10-20 10:28:35,088 [grpc-default-executor-3] INFO  impl.RoleInfo (RoleInfo.java:shutdownFollowerState(121)) - 9ceef694-dbcf-4070-b7b1-3b3c65b6a699: shutdown FollowerState
2019-10-20 10:28:35,088 [Thread-1384] INFO  impl.FollowerState (FollowerState.java:run(117)) - 875da3d9-0dec-46c7-88bf-73f7a2372b64@group-75987F7FE399-FollowerState was interrupted: java.lang.InterruptedException: sleep interrupted
2019-10-20 10:28:35,088 [grpc-default-executor-1] INFO  impl.RoleInfo (RoleInfo.java:updateAndGet(143)) - 875da3d9-0dec-46c7-88bf-73f7a2372b64: start FollowerState
2019-10-20 10:28:35,088 [Thread-1383] INFO  impl.FollowerState (FollowerState.java:run(117)) - 9ceef694-dbcf-4070-b7b1-3b3c65b6a699@group-75987F7FE399-FollowerState was interrupted: java.lang.InterruptedException: sleep interrupted
2019-10-20 10:28:35,088 [grpc-default-executor-3] INFO  impl.RoleInfo (RoleInfo.java:updateAndGet(143)) - 9ceef694-dbcf-4070-b7b1-3b3c65b6a699: start FollowerState
2019-10-20 10:28:35,104 [df12c920-952d-4704-9c70-1a288e2f77c7@group-75987F7FE399-LeaderElection173] INFO  impl.LeaderElection (LeaderElection.java:logAndReturn(56)) - df12c920-952d-4704-9c70-1a288e2f77c7@group-75987F7FE399-LeaderElection173: Election REJECTED; received 2 response(s) [df12c920-952d-4704-9c70-1a288e2f77c7<-875da3d9-0dec-46c7-88bf-73f7a2372b64#0:FAIL-t191, df12c920-952d-4704-9c70-1a288e2f77c7<-9ceef694-dbcf-4070-b7b1-3b3c65b6a699#0:FAIL-t191] and 0 exception(s); df12c920-952d-4704-9c70-1a288e2f77c7@group-75987F7FE399:t191, leader=null, voted=df12c920-952d-4704-9c70-1a288e2f77c7, raftlog=df12c920-952d-4704-9c70-1a288e2f77c7@group-75987F7FE399-SegmentedRaftLog:OPENED:c-1,f-1,i0, conf=-1: [875da3d9-0dec-46c7-88bf-73f7a2372b64:192.168.69.89:39990, df12c920-952d-4704-9c70-1a288e2f77c7:192.168.69.89:43948, 9ceef694-dbcf-4070-b7b1-3b3c65b6a699:192.168.69.89:36536], old=null
2019-10-20 10:28:35,104 [df12c920-952d-4704-9c70-1a288e2f77c7@group-75987F7FE399-LeaderElection173] INFO  impl.RaftServerImpl (RaftServerImpl.java:setRole(184)) - df12c920-952d-4704-9c70-1a288e2f77c7@group-75987F7FE399: changes role from CANDIDATE to FOLLOWER at term 191 for DISCOVERED_A_NEW_TERM
2019-10-20 10:28:35,105 [df12c920-952d-4704-9c70-1a288e2f77c7@group-75987F7FE399-LeaderElection173] INFO  impl.RoleInfo (RoleInfo.java:shutdownLeaderElection(134)) - df12c920-952d-4704-9c70-1a288e2f77c7: shutdown LeaderElection
2019-10-20 10:28:35,105 [df12c920-952d-4704-9c70-1a288e2f77c7@group-75987F7FE399-LeaderElection173] INFO  impl.RoleInfo (RoleInfo.java:updateAndGet(143)) - df12c920-952d-4704-9c70-1a288e2f77c7: start FollowerState
2019-10-20 10:28:35,229 [Thread-1391] INFO  impl.FollowerState (FollowerState.java:run(108)) - df12c920-952d-4704-9c70-1a288e2f77c7@group-75987F7FE399-FollowerState: change to CANDIDATE, lastRpcTime:124ms, electionTimeout:124ms
2019-10-20 10:28:35,229 [Thread-1391] INFO  impl.RoleInfo (RoleInfo.java:shutdownFollowerState(121)) - df12c920-952d-4704-9c70-1a288e2f77c7: shutdown FollowerState
2019-10-20 10:28:35,230 [Thread-1391] INFO  impl.RaftServerImpl (RaftServerImpl.java:setRole(184)) - df12c920-952d-4704-9c70-1a288e2f77c7@group-75987F7FE399: changes role from  FOLLOWER to CANDIDATE at term 191 for changeToCandidate
2019-10-20 10:28:35,230 [Thread-1391] INFO  impl.RoleInfo (RoleInfo.java:updateAndGet(143)) - df12c920-952d-4704-9c70-1a288e2f77c7: start LeaderElection
2019-10-20 10:28:35,245 [df12c920-952d-4704-9c70-1a288e2f77c7@group-75987F7FE399-LeaderElection174] INFO  impl.LeaderElection (LeaderElection.java:askForVotes(178)) - df12c920-952d-4704-9c70-1a288e2f77c7@group-75987F7FE399-LeaderElection174: begin an election at term 192 for -1: [875da3d9-0dec-46c7-88bf-73f7a2372b64:192.168.69.89:39990, df12c920-952d-4704-9c70-1a288e2f77c7:192.168.69.89:43948, 9ceef694-dbcf-4070-b7b1-3b3c65b6a699:192.168.69.89:36536], old=null
2019-10-20 10:28:35,247 [grpc-default-executor-1] INFO  impl.RaftServerImpl (RaftServerImpl.java:setRole(184)) - 875da3d9-0dec-46c7-88bf-73f7a2372b64@group-75987F7FE399: changes role from  FOLLOWER to FOLLOWER at term 192 for recognizeCandidate:df12c920-952d-4704-9c70-1a288e2f77c7
2019-10-20 10:28:35,247 [grpc-default-executor-3] INFO  impl.RaftServerImpl (RaftServerImpl.java:setRole(184)) - 9ceef694-dbcf-4070-b7b1-3b3c65b6a699@group-75987F7FE399: changes role from  FOLLOWER to FOLLOWER at term 192 for recognizeCandidate:df12c920-952d-4704-9c70-1a288e2f77c7
2019-10-20 10:28:35,248 [grpc-default-executor-3] INFO  impl.RoleInfo (RoleInfo.java:shutdownFollowerState(121)) - 9ceef694-dbcf-4070-b7b1-3b3c65b6a699: shutdown FollowerState
2019-10-20 10:28:35,248 [grpc-default-executor-1] INFO  impl.RoleInfo (RoleInfo.java:shutdownFollowerState(121)) - 875da3d9-0dec-46c7-88bf-73f7a2372b64: shutdown FollowerState
2019-10-20 10:28:35,248 [Thread-1390] INFO  impl.FollowerState (FollowerState.java:run(117)) - 9ceef694-dbcf-4070-b7b1-3b3c65b6a699@group-75987F7FE399-FollowerState was interrupted: java.lang.InterruptedException: sleep interrupted
2019-10-20 10:28:35,248 [grpc-default-executor-3] INFO  impl.RoleInfo (RoleInfo.java:updateAndGet(143)) - 9ceef694-dbcf-4070-b7b1-3b3c65b6a699: start FollowerState
2019-10-20 10:28:35,248 [Thread-1389] INFO  impl.FollowerState (FollowerState.java:run(117)) - 875da3d9-0dec-46c7-88bf-73f7a2372b64@group-75987F7FE399-FollowerState was interrupted: java.lang.InterruptedException: sleep interrupted
2019-10-20 10:28:35,248 [grpc-default-executor-1] INFO  impl.RoleInfo (RoleInfo.java:updateAndGet(143)) - 875da3d9-0dec-46c7-88bf-73f7a2372b64: start FollowerState
2019-10-20 10:28:35,274 [df12c920-952d-4704-9c70-1a288e2f77c7@group-75987F7FE399-LeaderElection174] INFO  impl.LeaderElection (LeaderElection.java:logAndReturn(56)) - df12c920-952d-4704-9c70-1a288e2f77c7@group-75987F7FE399-LeaderElection174: Election REJECTED; received 2 response(s) [df12c920-952d-4704-9c70-1a288e2f77c7<-875da3d9-0dec-46c7-88bf-73f7a2372b64#0:FAIL-t192, df12c920-952d-4704-9c70-1a288e2f77c7<-9ceef694-dbcf-4070-b7b1-3b3c65b6a699#0:FAIL-t192] and 0 exception(s); df12c920-952d-4704-9c70-1a288e2f77c7@group-75987F7FE399:t192, leader=null, voted=df12c920-952d-4704-9c70-1a288e2f77c7, raftlog=df12c920-952d-4704-9c70-1a288e2f77c7@group-75987F7FE399-SegmentedRaftLog:OPENED:c-1,f-1,i0, conf=-1: [875da3d9-0dec-46c7-88bf-73f7a2372b64:192.168.69.89:39990, df12c920-952d-4704-9c70-1a288e2f77c7:192.168.69.89:43948, 9ceef694-dbcf-4070-b7b1-3b3c65b6a699:192.168.69.89:36536], old=null
2019-10-20 10:28:35,274 [df12c920-952d-4704-9c70-1a288e2f77c7@group-75987F7FE399-LeaderElection174] INFO  impl.RaftServerImpl (RaftServerImpl.java:setRole(184)) - df12c920-952d-4704-9c70-1a288e2f77c7@group-75987F7FE399: changes role from CANDIDATE to FOLLOWER at term 192 for DISCOVERED_A_NEW_TERM
2019-10-20 10:28:35,274 [df12c920-952d-4704-9c70-1a288e2f77c7@group-75987F7FE399-LeaderElection174] INFO  impl.RoleInfo (RoleInfo.java:shutdownLeaderElection(134)) - df12c920-952d-4704-9c70-1a288e2f77c7: shutdown LeaderElection
2019-10-20 10:28:35,274 [df12c920-952d-4704-9c70-1a288e2f77c7@group-75987F7FE399-LeaderElection174] INFO  impl.RoleInfo (RoleInfo.java:updateAndGet(143)) - df12c920-952d-4704-9c70-1a288e2f77c7: start FollowerState
2019-10-20 10:28:35,366 [Thread-1397] INFO  impl.FollowerState (FollowerState.java:run(108)) - df12c920-952d-4704-9c70-1a288e2f77c7@group-75987F7FE399-FollowerState: change to CANDIDATE, lastRpcTime:91ms, electionTimeout:91ms
2019-10-20 10:28:35,366 [Thread-1397] INFO  impl.RoleInfo (RoleInfo.java:shutdownFollowerState(121)) - df12c920-952d-4704-9c70-1a288e2f77c7: shutdown FollowerState
2019-10-20 10:28:35,366 [Thread-1397] INFO  impl.RaftServerImpl (RaftServerImpl.java:setRole(184)) - df12c920-952d-4704-9c70-1a288e2f77c7@group-75987F7FE399: changes role from  FOLLOWER to CANDIDATE at term 192 for changeToCandidate
2019-10-20 10:28:35,366 [Thread-1397] INFO  impl.RoleInfo (RoleInfo.java:updateAndGet(143)) - df12c920-952d-4704-9c70-1a288e2f77c7: start LeaderElection
2019-10-20 10:28:35,391 [df12c920-952d-4704-9c70-1a288e2f77c7@group-75987F7FE399-LeaderElection175] INFO  impl.LeaderElection (LeaderElection.java:askForVotes(178)) - df12c920-952d-4704-9c70-1a288e2f77c7@group-75987F7FE399-LeaderElection175: begin an election at term 193 for -1: [875da3d9-0dec-46c7-88bf-73f7a2372b64:192.168.69.89:39990, df12c920-952d-4704-9c70-1a288e2f77c7:192.168.69.89:43948, 9ceef694-dbcf-4070-b7b1-3b3c65b6a699:192.168.69.89:36536], old=null
2019-10-20 10:28:35,394 [grpc-default-executor-3] INFO  impl.RaftServerImpl (RaftServerImpl.java:setRole(184)) - 875da3d9-0dec-46c7-88bf-73f7a2372b64@group-75987F7FE399: changes role from  FOLLOWER to FOLLOWER at term 193 for recognizeCandidate:df12c920-952d-4704-9c70-1a288e2f77c7
2019-10-20 10:28:35,394 [grpc-default-executor-1] INFO  impl.RaftServerImpl (RaftServerImpl.java:setRole(184)) - 9ceef694-dbcf-4070-b7b1-3b3c65b6a699@group-75987F7FE399: changes role from  FOLLOWER to FOLLOWER at term 193 for recognizeCandidate:df12c920-952d-4704-9c70-1a288e2f77c7
2019-10-20 10:28:35,394 [grpc-default-executor-1] INFO  impl.RoleInfo (RoleInfo.java:shutdownFollowerState(121)) - 9ceef694-dbcf-4070-b7b1-3b3c65b6a699: shutdown FollowerState
2019-10-20 10:28:35,394 [grpc-default-executor-3] INFO  impl.RoleInfo (RoleInfo.java:shutdownFollowerState(121)) - 875da3d9-0dec-46c7-88bf-73f7a2372b64: shutdown FollowerState
2019-10-20 10:28:35,395 [Thread-1395] INFO  impl.FollowerState (FollowerState.java:run(117)) - 9ceef694-dbcf-4070-b7b1-3b3c65b6a699@group-75987F7FE399-FollowerState was interrupted: java.lang.InterruptedException: sleep interrupted
2019-10-20 10:28:35,395 [grpc-default-executor-1] INFO  impl.RoleInfo (RoleInfo.java:updateAndGet(143)) - 9ceef694-dbcf-4070-b7b1-3b3c65b6a699: start FollowerState
2019-10-20 10:28:35,395 [Thread-1396] INFO  impl.FollowerState (FollowerState.java:run(117)) - 875da3d9-0dec-46c7-88bf-73f7a2372b64@group-75987F7FE399-FollowerState was interrupted: java.lang.InterruptedException: sleep interrupted
2019-10-20 10:28:35,395 [grpc-default-executor-3] INFO  impl.RoleInfo (RoleInfo.java:updateAndGet(143)) - 875da3d9-0dec-46c7-88bf-73f7a2372b64: start FollowerState
2019-10-20 10:28:35,408 [df12c920-952d-4704-9c70-1a288e2f77c7@group-75987F7FE399-LeaderElection175] INFO  impl.LeaderElection (LeaderElection.java:logAndReturn(56)) - df12c920-952d-4704-9c70-1a288e2f77c7@group-75987F7FE399-LeaderElection175: Election TIMEOUT; received 0 response(s) [] and 0 exception(s); df12c920-952d-4704-9c70-1a288e2f77c7@group-75987F7FE399:t193, leader=null, voted=df12c920-952d-4704-9c70-1a288e2f77c7, raftlog=df12c920-952d-4704-9c70-1a288e2f77c7@group-75987F7FE399-SegmentedRaftLog:OPENED:c-1,f-1,i0, conf=-1: [875da3d9-0dec-46c7-88bf-73f7a2372b64:192.168.69.89:39990, df12c920-952d-4704-9c70-1a288e2f77c7:192.168.69.89:43948, 9ceef694-dbcf-4070-b7b1-3b3c65b6a699:192.168.69.89:36536], old=null
2019-10-20 10:28:35,423 [df12c920-952d-4704-9c70-1a288e2f77c7@group-75987F7FE399-LeaderElection175] INFO  impl.LeaderElection (LeaderElection.java:askForVotes(178)) - df12c920-952d-4704-9c70-1a288e2f77c7@group-75987F7FE399-LeaderElection175: begin an election at term 194 for -1: [875da3d9-0dec-46c7-88bf-73f7a2372b64:192.168.69.89:39990, df12c920-952d-4704-9c70-1a288e2f77c7:192.168.69.89:43948, 9ceef694-dbcf-4070-b7b1-3b3c65b6a699:192.168.69.89:36536], old=null
2019-10-20 10:28:35,425 [grpc-default-executor-1] INFO  impl.RaftServerImpl (RaftServerImpl.java:setRole(184)) - 9ceef694-dbcf-4070-b7b1-3b3c65b6a699@group-75987F7FE399: changes role from  FOLLOWER to FOLLOWER at term 194 for recognizeCandidate:df12c920-952d-4704-9c70-1a288e2f77c7
2019-10-20 10:28:35,425 [grpc-default-executor-3] INFO  impl.RaftServerImpl (RaftServerImpl.java:setRole(184)) - 875da3d9-0dec-46c7-88bf-73f7a2372b64@group-75987F7FE399: changes role from  FOLLOWER to FOLLOWER at term 194 for recognizeCandidate:df12c920-952d-4704-9c70-1a288e2f77c7
2019-10-20 10:28:35,425 [grpc-default-executor-1] INFO  impl.RoleInfo (RoleInfo.java:shutdownFollowerState(121)) - 9ceef694-dbcf-4070-b7b1-3b3c65b6a699: shutdown FollowerState
2019-10-20 10:28:35,426 [grpc-default-executor-3] INFO  impl.RoleInfo (RoleInfo.java:shutdownFollowerState(121)) - 875da3d9-0dec-46c7-88bf-73f7a2372b64: shutdown FollowerState
2019-10-20 10:28:35,426 [Thread-1401] INFO  impl.FollowerState (FollowerState.java:run(117)) - 9ceef694-dbcf-4070-b7b1-3b3c65b6a699@group-75987F7FE399-FollowerState was interrupted: java.lang.InterruptedException: sleep interrupted
2019-10-20 10:28:35,426 [grpc-default-executor-1] INFO  impl.RoleInfo (RoleInfo.java:updateAndGet(143)) - 9ceef694-dbcf-4070-b7b1-3b3c65b6a699: start FollowerState
2019-10-20 10:28:35,426 [Thread-1402] INFO  impl.FollowerState (FollowerState.java:run(117)) - 875da3d9-0dec-46c7-88bf-73f7a2372b64@group-75987F7FE399-FollowerState was interrupted: java.lang.InterruptedException: sleep interrupted
2019-10-20 10:28:35,426 [grpc-default-executor-3] INFO  impl.RoleInfo (RoleInfo.java:updateAndGet(143)) - 875da3d9-0dec-46c7-88bf-73f7a2372b64: start FollowerState
2019-10-20 10:28:35,454 [df12c920-952d-4704-9c70-1a288e2f77c7@group-75987F7FE399-LeaderElection175] INFO  impl.LeaderElection (LeaderElection.java:logAndReturn(56)) - df12c920-952d-4704-9c70-1a288e2f77c7@group-75987F7FE399-LeaderElection175: Election REJECTED; received 2 response(s) [df12c920-952d-4704-9c70-1a288e2f77c7<-875da3d9-0dec-46c7-88bf-73f7a2372b64#0:FAIL-t194, df12c920-952d-4704-9c70-1a288e2f77c7<-9ceef694-dbcf-4070-b7b1-3b3c65b6a699#0:FAIL-t194] and 0 exception(s); df12c920-952d-4704-9c70-1a288e2f77c7@group-75987F7FE399:t194, leader=null, voted=df12c920-952d-4704-9c70-1a288e2f77c7, raftlog=df12c920-952d-4704-9c70-1a288e2f77c7@group-75987F7FE399-SegmentedRaftLog:OPENED:c-1,f-1,i0, conf=-1: [875da3d9-0dec-46c7-88bf-73f7a2372b64:192.168.69.89:39990, df12c920-952d-4704-9c70-1a288e2f77c7:192.168.69.89:43948, 9ceef694-dbcf-4070-b7b1-3b3c65b6a699:192.168.69.89:36536], old=null
2019-10-20 10:28:35,455 [df12c920-952d-4704-9c70-1a288e2f77c7@group-75987F7FE399-LeaderElection175] INFO  impl.RaftServerImpl (RaftServerImpl.java:setRole(184)) - df12c920-952d-4704-9c70-1a288e2f77c7@group-75987F7FE399: changes role from CANDIDATE to FOLLOWER at term 194 for DISCOVERED_A_NEW_TERM
2019-10-20 10:28:35,455 [df12c920-952d-4704-9c70-1a288e2f77c7@group-75987F7FE399-LeaderElection175] INFO  impl.RoleInfo (RoleInfo.java:shutdownLeaderElection(134)) - df12c920-952d-4704-9c70-1a288e2f77c7: shutdown LeaderElection
2019-10-20 10:28:35,455 [df12c920-952d-4704-9c70-1a288e2f77c7@group-75987F7FE399-LeaderElection175] INFO  impl.RoleInfo (RoleInfo.java:updateAndGet(143)) - df12c920-952d-4704-9c70-1a288e2f77c7: start FollowerState
2019-10-20 10:28:35,461 [Thread-1407] INFO  impl.FollowerState (FollowerState.java:run(108)) - df12c920-952d-4704-9c70-1a288e2f77c7@group-75987F7FE399-FollowerState: change to CANDIDATE, lastRpcTime:6ms, electionTimeout:6ms
2019-10-20 10:28:35,461 [Thread-1407] INFO  impl.RoleInfo (RoleInfo.java:shutdownFollowerState(121)) - df12c920-952d-4704-9c70-1a288e2f77c7: shutdown FollowerState
2019-10-20 10:28:35,462 [Thread-1407] INFO  impl.RaftServerImpl (RaftServerImpl.java:setRole(184)) - df12c920-952d-4704-9c70-1a288e2f77c7@group-75987F7FE399: changes role from  FOLLOWER to CANDIDATE at term 194 for changeToCandidate
2019-10-20 10:28:35,462 [Thread-1407] INFO  impl.RoleInfo (RoleInfo.java:updateAndGet(143)) - df12c920-952d-4704-9c70-1a288e2f77c7: start LeaderElection
2019-10-20 10:28:35,475 [df12c920-952d-4704-9c70-1a288e2f77c7@group-75987F7FE399-LeaderElection176] INFO  impl.LeaderElection (LeaderElection.java:askForVotes(178)) - df12c920-952d-4704-9c70-1a288e2f77c7@group-75987F7FE399-LeaderElection176: begin an election at term 195 for -1: [875da3d9-0dec-46c7-88bf-73f7a2372b64:192.168.69.89:39990, df12c920-952d-4704-9c70-1a288e2f77c7:192.168.69.89:43948, 9ceef694-dbcf-4070-b7b1-3b3c65b6a699:192.168.69.89:36536], old=null
2019-10-20 10:28:35,477 [grpc-default-executor-3] INFO  impl.RaftServerImpl (RaftServerImpl.java:setRole(184)) - 9ceef694-dbcf-4070-b7b1-3b3c65b6a699@group-75987F7FE399: changes role from  FOLLOWER to FOLLOWER at term 195 for recognizeCandidate:df12c920-952d-4704-9c70-1a288e2f77c7
2019-10-20 10:28:35,478 [grpc-default-executor-1] INFO  impl.RaftServerImpl (RaftServerImpl.java:setRole(184)) - 875da3d9-0dec-46c7-88bf-73f7a2372b64@group-75987F7FE399: changes role from  FOLLOWER to FOLLOWER at term 195 for recognizeCandidate:df12c920-952d-4704-9c70-1a288e2f77c7
2019-10-20 10:28:35,478 [grpc-default-executor-1] INFO  impl.RoleInfo (RoleInfo.java:shutdownFollowerState(121)) - 875da3d9-0dec-46c7-88bf-73f7a2372b64: shutdown FollowerState
2019-10-20 10:28:35,478 [grpc-default-executor-3] INFO  impl.RoleInfo (RoleInfo.java:shutdownFollowerState(121)) - 9ceef694-dbcf-4070-b7b1-3b3c65b6a699: shutdown FollowerState
2019-10-20 10:28:35,478 [Thread-1406] INFO  impl.FollowerState (FollowerState.java:run(117)) - 875da3d9-0dec-46c7-88bf-73f7a2372b64@group-75987F7FE399-FollowerState was interrupted: java.lang.InterruptedException: sleep interrupted
2019-10-20 10:28:35,478 [grpc-default-executor-1] INFO  impl.RoleInfo (RoleInfo.java:updateAndGet(143)) - 875da3d9-0dec-46c7-88bf-73f7a2372b64: start FollowerState
2019-10-20 10:28:35,478 [Thread-1405] INFO  impl.FollowerState (FollowerState.java:run(117)) - 9ceef694-dbcf-4070-b7b1-3b3c65b6a699@group-75987F7FE399-FollowerState was interrupted: java.lang.InterruptedException: sleep interrupted
2019-10-20 10:28:35,478 [grpc-default-executor-3] INFO  impl.RoleInfo (RoleInfo.java:updateAndGet(143)) - 9ceef694-dbcf-4070-b7b1-3b3c65b6a699: start FollowerState
2019-10-20 10:28:35,503 [df12c920-952d-4704-9c70-1a288e2f77c7@group-75987F7FE399-LeaderElection176] INFO  impl.LeaderElection (LeaderElection.java:logAndReturn(56)) - df12c920-952d-4704-9c70-1a288e2f77c7@group-75987F7FE399-LeaderElection176: Election REJECTED; received 2 response(s) [df12c920-952d-4704-9c70-1a288e2f77c7<-875da3d9-0dec-46c7-88bf-73f7a2372b64#0:FAIL-t195, df12c920-952d-4704-9c70-1a288e2f77c7<-9ceef694-dbcf-4070-b7b1-3b3c65b6a699#0:FAIL-t195] and 0 exception(s); df12c920-952d-4704-9c70-1a288e2f77c7@group-75987F7FE399:t195, leader=null, voted=df12c920-952d-4704-9c70-1a288e2f77c7, raftlog=df12c920-952d-4704-9c70-1a288e2f77c7@group-75987F7FE399-SegmentedRaftLog:OPENED:c-1,f-1,i0, conf=-1: [875da3d9-0dec-46c7-88bf-73f7a2372b64:192.168.69.89:39990, df12c920-952d-4704-9c70-1a288e2f77c7:192.168.69.89:43948, 9ceef694-dbcf-4070-b7b1-3b3c65b6a699:192.168.69.89:36536], old=null
2019-10-20 10:28:35,504 [df12c920-952d-4704-9c70-1a288e2f77c7@group-75987F7FE399-LeaderElection176] INFO  impl.RaftServerImpl (RaftServerImpl.java:setRole(184)) - df12c920-952d-4704-9c70-1a288e2f77c7@group-75987F7FE399: changes role from CANDIDATE to FOLLOWER at term 195 for DISCOVERED_A_NEW_TERM
2019-10-20 10:28:35,504 [df12c920-952d-4704-9c70-1a288e2f77c7@group-75987F7FE399-LeaderElection176] INFO  impl.RoleInfo (RoleInfo.java:shutdownLeaderElection(134)) - df12c920-952d-4704-9c70-1a288e2f77c7: shutdown LeaderElection
2019-10-20 10:28:35,504 [df12c920-952d-4704-9c70-1a288e2f77c7@group-75987F7FE399-LeaderElection176] INFO  impl.RoleInfo (RoleInfo.java:updateAndGet(143)) - df12c920-952d-4704-9c70-1a288e2f77c7: start FollowerState
2019-10-20 10:28:35,552 [Thread-1413] INFO  impl.FollowerState (FollowerState.java:run(108)) - df12c920-952d-4704-9c70-1a288e2f77c7@group-75987F7FE399-FollowerState: change to CANDIDATE, lastRpcTime:48ms, electionTimeout:48ms
2019-10-20 10:28:35,552 [Thread-1413] INFO  impl.RoleInfo (RoleInfo.java:shutdownFollowerState(121)) - df12c920-952d-4704-9c70-1a288e2f77c7: shutdown FollowerState
2019-10-20 10:28:35,552 [Thread-1413] INFO  impl.RaftServerImpl (RaftServerImpl.java:setRole(184)) - df12c920-952d-4704-9c70-1a288e2f77c7@group-75987F7FE399: changes role from  FOLLOWER to CANDIDATE at term 195 for changeToCandidate
2019-10-20 10:28:35,553 [Thread-1413] INFO  impl.RoleInfo (RoleInfo.java:updateAndGet(143)) - df12c920-952d-4704-9c70-1a288e2f77c7: start LeaderElection
2019-10-20 10:28:35,567 [df12c920-952d-4704-9c70-1a288e2f77c7@group-75987F7FE399-LeaderElection177] INFO  impl.LeaderElection (LeaderElection.java:askForVotes(178)) - df12c920-952d-4704-9c70-1a288e2f77c7@group-75987F7FE399-LeaderElection177: begin an election at term 196 for -1: [875da3d9-0dec-46c7-88bf-73f7a2372b64:192.168.69.89:39990, df12c920-952d-4704-9c70-1a288e2f77c7:192.168.69.89:43948, 9ceef694-dbcf-4070-b7b1-3b3c65b6a699:192.168.69.89:36536], old=null
2019-10-20 10:28:35,569 [grpc-default-executor-3] INFO  impl.RaftServerImpl (RaftServerImpl.java:setRole(184)) - 9ceef694-dbcf-4070-b7b1-3b3c65b6a699@group-75987F7FE399: changes role from  FOLLOWER to FOLLOWER at term 196 for recognizeCandidate:df12c920-952d-4704-9c70-1a288e2f77c7
2019-10-20 10:28:35,569 [grpc-default-executor-1] INFO  impl.RaftServerImpl (RaftServerImpl.java:setRole(184)) - 875da3d9-0dec-46c7-88bf-73f7a2372b64@group-75987F7FE399: changes role from  FOLLOWER to FOLLOWER at term 196 for recognizeCandidate:df12c920-952d-4704-9c70-1a288e2f77c7
2019-10-20 10:28:35,570 [grpc-default-executor-1] INFO  impl.RoleInfo (RoleInfo.java:shutdownFollowerState(121)) - 875da3d9-0dec-46c7-88bf-73f7a2372b64: shutdown FollowerState
2019-10-20 10:28:35,569 [grpc-default-executor-3] INFO  impl.RoleInfo (RoleInfo.java:shutdownFollowerState(121)) - 9ceef694-dbcf-4070-b7b1-3b3c65b6a699: shutdown FollowerState
2019-10-20 10:28:35,570 [Thread-1411] INFO  impl.FollowerState (FollowerState.java:run(117)) - 875da3d9-0dec-46c7-88bf-73f7a2372b64@group-75987F7FE399-FollowerState was interrupted: java.lang.InterruptedException: sleep interrupted
2019-10-20 10:28:35,570 [grpc-default-executor-1] INFO  impl.RoleInfo (RoleInfo.java:updateAndGet(143)) - 875da3d9-0dec-46c7-88bf-73f7a2372b64: start FollowerState
2019-10-20 10:28:35,570 [Thread-1412] INFO  impl.FollowerState (FollowerState.java:run(117)) - 9ceef694-dbcf-4070-b7b1-3b3c65b6a699@group-75987F7FE399-FollowerState was interrupted: java.lang.InterruptedException: sleep interrupted
2019-10-20 10:28:35,570 [grpc-default-executor-3] INFO  impl.RoleInfo (RoleInfo.java:updateAndGet(143)) - 9ceef694-dbcf-4070-b7b1-3b3c65b6a699: start FollowerState
2019-10-20 10:28:35,586 [df12c920-952d-4704-9c70-1a288e2f77c7@group-75987F7FE399-LeaderElection177] INFO  impl.LeaderElection (LeaderElection.java:logAndReturn(56)) - df12c920-952d-4704-9c70-1a288e2f77c7@group-75987F7FE399-LeaderElection177: Election REJECTED; received 2 response(s) [df12c920-952d-4704-9c70-1a288e2f77c7<-875da3d9-0dec-46c7-88bf-73f7a2372b64#0:FAIL-t196, df12c920-952d-4704-9c70-1a288e2f77c7<-9ceef694-dbcf-4070-b7b1-3b3c65b6a699#0:FAIL-t196] and 0 exception(s); df12c920-952d-4704-9c70-1a288e2f77c7@group-75987F7FE399:t196, leader=null, voted=df12c920-952d-4704-9c70-1a288e2f77c7, raftlog=df12c920-952d-4704-9c70-1a288e2f77c7@group-75987F7FE399-SegmentedRaftLog:OPENED:c-1,f-1,i0, conf=-1: [875da3d9-0dec-46c7-88bf-73f7a2372b64:192.168.69.89:39990, df12c920-952d-4704-9c70-1a288e2f77c7:192.168.69.89:43948, 9ceef694-dbcf-4070-b7b1-3b3c65b6a699:192.168.69.89:36536], old=null
2019-10-20 10:28:35,586 [df12c920-952d-4704-9c70-1a288e2f77c7@group-75987F7FE399-LeaderElection177] INFO  impl.RaftServerImpl (RaftServerImpl.java:setRole(184)) - df12c920-952d-4704-9c70-1a288e2f77c7@group-75987F7FE399: changes role from CANDIDATE to FOLLOWER at term 196 for DISCOVERED_A_NEW_TERM
2019-10-20 10:28:35,586 [df12c920-952d-4704-9c70-1a288e2f77c7@group-75987F7FE399-LeaderElection177] INFO  impl.RoleInfo (RoleInfo.java:shutdownLeaderElection(134)) - df12c920-952d-4704-9c70-1a288e2f77c7: shutdown LeaderElection
2019-10-20 10:28:35,586 [df12c920-952d-4704-9c70-1a288e2f77c7@group-75987F7FE399-LeaderElection177] INFO  impl.RoleInfo (RoleInfo.java:updateAndGet(143)) - df12c920-952d-4704-9c70-1a288e2f77c7: start FollowerState
2019-10-20 10:28:35,779 [Thread-1419] INFO  impl.FollowerState (FollowerState.java:run(108)) - df12c920-952d-4704-9c70-1a288e2f77c7@group-75987F7FE399-FollowerState: change to CANDIDATE, lastRpcTime:192ms, electionTimeout:192ms
2019-10-20 10:28:35,779 [Thread-1419] INFO  impl.RoleInfo (RoleInfo.java:shutdownFollowerState(121)) - df12c920-952d-4704-9c70-1a288e2f77c7: shutdown FollowerState
2019-10-20 10:28:35,779 [Thread-1419] INFO  impl.RaftServerImpl (RaftServerImpl.java:setRole(184)) - df12c920-952d-4704-9c70-1a288e2f77c7@group-75987F7FE399: changes role from  FOLLOWER to CANDIDATE at term 196 for changeToCandidate
2019-10-20 10:28:35,779 [Thread-1419] INFO  impl.RoleInfo (RoleInfo.java:updateAndGet(143)) - df12c920-952d-4704-9c70-1a288e2f77c7: start LeaderElection
2019-10-20 10:28:35,811 [df12c920-952d-4704-9c70-1a288e2f77c7@group-75987F7FE399-LeaderElection178] INFO  impl.LeaderElection (LeaderElection.java:askForVotes(178)) - df12c920-952d-4704-9c70-1a288e2f77c7@group-75987F7FE399-LeaderElection178: begin an election at term 197 for -1: [875da3d9-0dec-46c7-88bf-73f7a2372b64:192.168.69.89:39990, df12c920-952d-4704-9c70-1a288e2f77c7:192.168.69.89:43948, 9ceef694-dbcf-4070-b7b1-3b3c65b6a699:192.168.69.89:36536], old=null
2019-10-20 10:28:35,814 [grpc-default-executor-3] INFO  impl.RaftServerImpl (RaftServerImpl.java:setRole(184)) - 875da3d9-0dec-46c7-88bf-73f7a2372b64@group-75987F7FE399: changes role from  FOLLOWER to FOLLOWER at term 197 for recognizeCandidate:df12c920-952d-4704-9c70-1a288e2f77c7
2019-10-20 10:28:35,814 [grpc-default-executor-1] INFO  impl.RaftServerImpl (RaftServerImpl.java:setRole(184)) - 9ceef694-dbcf-4070-b7b1-3b3c65b6a699@group-75987F7FE399: changes role from  FOLLOWER to FOLLOWER at term 197 for recognizeCandidate:df12c920-952d-4704-9c70-1a288e2f77c7
2019-10-20 10:28:35,814 [grpc-default-executor-3] INFO  impl.RoleInfo (RoleInfo.java:shutdownFollowerState(121)) - 875da3d9-0dec-46c7-88bf-73f7a2372b64: shutdown FollowerState
2019-10-20 10:28:35,814 [grpc-default-executor-1] INFO  impl.RoleInfo (RoleInfo.java:shutdownFollowerState(121)) - 9ceef694-dbcf-4070-b7b1-3b3c65b6a699: shutdown FollowerState
2019-10-20 10:28:35,814 [Thread-1417] INFO  impl.FollowerState (FollowerState.java:run(117)) - 875da3d9-0dec-46c7-88bf-73f7a2372b64@group-75987F7FE399-FollowerState was interrupted: java.lang.InterruptedException: sleep interrupted
2019-10-20 10:28:35,814 [grpc-default-executor-3] INFO  impl.RoleInfo (RoleInfo.java:updateAndGet(143)) - 875da3d9-0dec-46c7-88bf-73f7a2372b64: start FollowerState
2019-10-20 10:28:35,814 [Thread-1418] INFO  impl.FollowerState (FollowerState.java:run(117)) - 9ceef694-dbcf-4070-b7b1-3b3c65b6a699@group-75987F7FE399-FollowerState was interrupted: java.lang.InterruptedException: sleep interrupted
2019-10-20 10:28:35,814 [grpc-default-executor-1] INFO  impl.RoleInfo (RoleInfo.java:updateAndGet(143)) - 9ceef694-dbcf-4070-b7b1-3b3c65b6a699: start FollowerState
2019-10-20 10:28:35,829 [df12c920-952d-4704-9c70-1a288e2f77c7@group-75987F7FE399-LeaderElection178] INFO  impl.LeaderElection (LeaderElection.java:logAndReturn(56)) - df12c920-952d-4704-9c70-1a288e2f77c7@group-75987F7FE399-LeaderElection178: Election REJECTED; received 2 response(s) [df12c920-952d-4704-9c70-1a288e2f77c7<-875da3d9-0dec-46c7-88bf-73f7a2372b64#0:FAIL-t197, df12c920-952d-4704-9c70-1a288e2f77c7<-9ceef694-dbcf-4070-b7b1-3b3c65b6a699#0:FAIL-t197] and 0 exception(s); df12c920-952d-4704-9c70-1a288e2f77c7@group-75987F7FE399:t197, leader=null, voted=df12c920-952d-4704-9c70-1a288e2f77c7, raftlog=df12c920-952d-4704-9c70-1a288e2f77c7@group-75987F7FE399-SegmentedRaftLog:OPENED:c-1,f-1,i0, conf=-1: [875da3d9-0dec-46c7-88bf-73f7a2372b64:192.168.69.89:39990, df12c920-952d-4704-9c70-1a288e2f77c7:192.168.69.89:43948, 9ceef694-dbcf-4070-b7b1-3b3c65b6a699:192.168.69.89:36536], old=null
2019-10-20 10:28:35,829 [df12c920-952d-4704-9c70-1a288e2f77c7@group-75987F7FE399-LeaderElection178] INFO  impl.RaftServerImpl (RaftServerImpl.java:setRole(184)) - df12c920-952d-4704-9c70-1a288e2f77c7@group-75987F7FE399: changes role from CANDIDATE to FOLLOWER at term 197 for DISCOVERED_A_NEW_TERM
2019-10-20 10:28:35,829 [df12c920-952d-4704-9c70-1a288e2f77c7@group-75987F7FE399-LeaderElection178] INFO  impl.RoleInfo (RoleInfo.java:shutdownLeaderElection(134)) - df12c920-952d-4704-9c70-1a288e2f77c7: shutdown LeaderElection
2019-10-20 10:28:35,829 [df12c920-952d-4704-9c70-1a288e2f77c7@group-75987F7FE399-LeaderElection178] INFO  impl.RoleInfo (RoleInfo.java:updateAndGet(143)) - df12c920-952d-4704-9c70-1a288e2f77c7: start FollowerState
2019-10-20 10:28:35,940 [Thread-1425] INFO  impl.FollowerState (FollowerState.java:run(108)) - df12c920-952d-4704-9c70-1a288e2f77c7@group-75987F7FE399-FollowerState: change to CANDIDATE, lastRpcTime:110ms, electionTimeout:110ms
2019-10-20 10:28:35,940 [Thread-1425] INFO  impl.RoleInfo (RoleInfo.java:shutdownFollowerState(121)) - df12c920-952d-4704-9c70-1a288e2f77c7: shutdown FollowerState
2019-10-20 10:28:35,940 [Thread-1425] INFO  impl.RaftServerImpl (RaftServerImpl.java:setRole(184)) - df12c920-952d-4704-9c70-1a288e2f77c7@group-75987F7FE399: changes role from  FOLLOWER to CANDIDATE at term 197 for changeToCandidate
2019-10-20 10:28:35,940 [Thread-1425] INFO  impl.RoleInfo (RoleInfo.java:updateAndGet(143)) - df12c920-952d-4704-9c70-1a288e2f77c7: start LeaderElection
2019-10-20 10:28:35,955 [df12c920-952d-4704-9c70-1a288e2f77c7@group-75987F7FE399-LeaderElection179] INFO  impl.LeaderElection (LeaderElection.java:askForVotes(178)) - df12c920-952d-4704-9c70-1a288e2f77c7@group-75987F7FE399-LeaderElection179: begin an election at term 198 for -1: [875da3d9-0dec-46c7-88bf-73f7a2372b64:192.168.69.89:39990, df12c920-952d-4704-9c70-1a288e2f77c7:192.168.69.89:43948, 9ceef694-dbcf-4070-b7b1-3b3c65b6a699:192.168.69.89:36536], old=null
2019-10-20 10:28:35,957 [grpc-default-executor-1] INFO  impl.RaftServerImpl (RaftServerImpl.java:setRole(184)) - 875da3d9-0dec-46c7-88bf-73f7a2372b64@group-75987F7FE399: changes role from  FOLLOWER to FOLLOWER at term 198 for recognizeCandidate:df12c920-952d-4704-9c70-1a288e2f77c7
2019-10-20 10:28:35,957 [grpc-default-executor-1] INFO  impl.RoleInfo (RoleInfo.java:shutdownFollowerState(121)) - 875da3d9-0dec-46c7-88bf-73f7a2372b64: shutdown FollowerState
2019-10-20 10:28:35,958 [grpc-default-executor-3] INFO  impl.RaftServerImpl (RaftServerImpl.java:setRole(184)) - 9ceef694-dbcf-4070-b7b1-3b3c65b6a699@group-75987F7FE399: changes role from  FOLLOWER to FOLLOWER at term 198 for recognizeCandidate:df12c920-952d-4704-9c70-1a288e2f77c7
2019-10-20 10:28:35,958 [Thread-1423] INFO  impl.FollowerState (FollowerState.java:run(117)) - 875da3d9-0dec-46c7-88bf-73f7a2372b64@group-75987F7FE399-FollowerState was interrupted: java.lang.InterruptedException: sleep interrupted
2019-10-20 10:28:35,958 [grpc-default-executor-3] INFO  impl.RoleInfo (RoleInfo.java:shutdownFollowerState(121)) - 9ceef694-dbcf-4070-b7b1-3b3c65b6a699: shutdown FollowerState
2019-10-20 10:28:35,958 [grpc-default-executor-1] INFO  impl.RoleInfo (RoleInfo.java:updateAndGet(143)) - 875da3d9-0dec-46c7-88bf-73f7a2372b64: start FollowerState
2019-10-20 10:28:35,958 [Thread-1424] INFO  impl.FollowerState (FollowerState.java:run(117)) - 9ceef694-dbcf-4070-b7b1-3b3c65b6a699@group-75987F7FE399-FollowerState was interrupted: java.lang.InterruptedException: sleep interrupted
2019-10-20 10:28:35,958 [grpc-default-executor-3] INFO  impl.RoleInfo (RoleInfo.java:updateAndGet(143)) - 9ceef694-dbcf-4070-b7b1-3b3c65b6a699: start FollowerState
2019-10-20 10:28:35,984 [df12c920-952d-4704-9c70-1a288e2f77c7@group-75987F7FE399-LeaderElection179] INFO  impl.LeaderElection (LeaderElection.java:logAndReturn(56)) - df12c920-952d-4704-9c70-1a288e2f77c7@group-75987F7FE399-LeaderElection179: Election REJECTED; received 2 response(s) [df12c920-952d-4704-9c70-1a288e2f77c7<-875da3d9-0dec-46c7-88bf-73f7a2372b64#0:FAIL-t198, df12c920-952d-4704-9c70-1a288e2f77c7<-9ceef694-dbcf-4070-b7b1-3b3c65b6a699#0:FAIL-t198] and 0 exception(s); df12c920-952d-4704-9c70-1a288e2f77c7@group-75987F7FE399:t198, leader=null, voted=df12c920-952d-4704-9c70-1a288e2f77c7, raftlog=df12c920-952d-4704-9c70-1a288e2f77c7@group-75987F7FE399-SegmentedRaftLog:OPENED:c-1,f-1,i0, conf=-1: [875da3d9-0dec-46c7-88bf-73f7a2372b64:192.168.69.89:39990, df12c920-952d-4704-9c70-1a288e2f77c7:192.168.69.89:43948, 9ceef694-dbcf-4070-b7b1-3b3c65b6a699:192.168.69.89:36536], old=null
2019-10-20 10:28:35,985 [df12c920-952d-4704-9c70-1a288e2f77c7@group-75987F7FE399-LeaderElection179] INFO  impl.RaftServerImpl (RaftServerImpl.java:setRole(184)) - df12c920-952d-4704-9c70-1a288e2f77c7@group-75987F7FE399: changes role from CANDIDATE to FOLLOWER at term 198 for DISCOVERED_A_NEW_TERM
2019-10-20 10:28:35,985 [df12c920-952d-4704-9c70-1a288e2f77c7@group-75987F7FE399-LeaderElection179] INFO  impl.RoleInfo (RoleInfo.java:shutdownLeaderElection(134)) - df12c920-952d-4704-9c70-1a288e2f77c7: shutdown LeaderElection
2019-10-20 10:28:35,985 [df12c920-952d-4704-9c70-1a288e2f77c7@group-75987F7FE399-LeaderElection179] INFO  impl.RoleInfo (RoleInfo.java:updateAndGet(143)) - df12c920-952d-4704-9c70-1a288e2f77c7: start FollowerState
2019-10-20 10:28:36,007 [Thread-1433] INFO  impl.FollowerState (FollowerState.java:run(108)) - df12c920-952d-4704-9c70-1a288e2f77c7@group-75987F7FE399-FollowerState: change to CANDIDATE, lastRpcTime:22ms, electionTimeout:22ms
2019-10-20 10:28:36,008 [Thread-1433] INFO  impl.RoleInfo (RoleInfo.java:shutdownFollowerState(121)) - df12c920-952d-4704-9c70-1a288e2f77c7: shutdown FollowerState
2019-10-20 10:28:36,008 [Thread-1433] INFO  impl.RaftServerImpl (RaftServerImpl.java:setRole(184)) - df12c920-952d-4704-9c70-1a288e2f77c7@group-75987F7FE399: changes role from  FOLLOWER to CANDIDATE at term 198 for changeToCandidate
2019-10-20 10:28:36,008 [Thread-1433] INFO  impl.RoleInfo (RoleInfo.java:updateAndGet(143)) - df12c920-952d-4704-9c70-1a288e2f77c7: start LeaderElection
2019-10-20 10:28:36,021 [df12c920-952d-4704-9c70-1a288e2f77c7@group-75987F7FE399-LeaderElection180] INFO  impl.LeaderElection (LeaderElection.java:askForVotes(178)) - df12c920-952d-4704-9c70-1a288e2f77c7@group-75987F7FE399-LeaderElection180: begin an election at term 199 for -1: [875da3d9-0dec-46c7-88bf-73f7a2372b64:192.168.69.89:39990, df12c920-952d-4704-9c70-1a288e2f77c7:192.168.69.89:43948, 9ceef694-dbcf-4070-b7b1-3b3c65b6a699:192.168.69.89:36536], old=null
2019-10-20 10:28:36,023 [grpc-default-executor-3] INFO  impl.RaftServerImpl (RaftServerImpl.java:setRole(184)) - 875da3d9-0dec-46c7-88bf-73f7a2372b64@group-75987F7FE399: changes role from  FOLLOWER to FOLLOWER at term 199 for recognizeCandidate:df12c920-952d-4704-9c70-1a288e2f77c7
2019-10-20 10:28:36,023 [grpc-default-executor-3] INFO  impl.RoleInfo (RoleInfo.java:shutdownFollowerState(121)) - 875da3d9-0dec-46c7-88bf-73f7a2372b64: shutdown FollowerState
2019-10-20 10:28:36,023 [grpc-default-executor-3] INFO  impl.RoleInfo (RoleInfo.java:updateAndGet(143)) - 875da3d9-0dec-46c7-88bf-73f7a2372b64: start FollowerState
2019-10-20 10:28:36,023 [grpc-default-executor-1] INFO  impl.RaftServerImpl (RaftServerImpl.java:setRole(184)) - 9ceef694-dbcf-4070-b7b1-3b3c65b6a699@group-75987F7FE399: changes role from  FOLLOWER to FOLLOWER at term 199 for recognizeCandidate:df12c920-952d-4704-9c70-1a288e2f77c7
2019-10-20 10:28:36,024 [grpc-default-executor-1] INFO  impl.RoleInfo (RoleInfo.java:shutdownFollowerState(121)) - 9ceef694-dbcf-4070-b7b1-3b3c65b6a699: shutdown FollowerState
2019-10-20 10:28:36,023 [Thread-1431] INFO  impl.FollowerState (FollowerState.java:run(117)) - 875da3d9-0dec-46c7-88bf-73f7a2372b64@group-75987F7FE399-FollowerState was interrupted: java.lang.InterruptedException: sleep interrupted
2019-10-20 10:28:36,024 [Thread-1432] INFO  impl.FollowerState (FollowerState.java:run(117)) - 9ceef694-dbcf-4070-b7b1-3b3c65b6a699@group-75987F7FE399-FollowerState was interrupted: java.lang.InterruptedException: sleep interrupted
2019-10-20 10:28:36,024 [grpc-default-executor-1] INFO  impl.RoleInfo (RoleInfo.java:updateAndGet(143)) - 9ceef694-dbcf-4070-b7b1-3b3c65b6a699: start FollowerState
2019-10-20 10:28:36,049 [df12c920-952d-4704-9c70-1a288e2f77c7@group-75987F7FE399-LeaderElection180] INFO  impl.LeaderElection (LeaderElection.java:logAndReturn(56)) - df12c920-952d-4704-9c70-1a288e2f77c7@group-75987F7FE399-LeaderElection180: Election REJECTED; received 2 response(s) [df12c920-952d-4704-9c70-1a288e2f77c7<-875da3d9-0dec-46c7-88bf-73f7a2372b64#0:FAIL-t199, df12c920-952d-4704-9c70-1a288e2f77c7<-9ceef694-dbcf-4070-b7b1-3b3c65b6a699#0:FAIL-t199] and 0 exception(s); df12c920-952d-4704-9c70-1a288e2f77c7@group-75987F7FE399:t199, leader=null, voted=df12c920-952d-4704-9c70-1a288e2f77c7, raftlog=df12c920-952d-4704-9c70-1a288e2f77c7@group-75987F7FE399-SegmentedRaftLog:OPENED:c-1,f-1,i0, conf=-1: [875da3d9-0dec-46c7-88bf-73f7a2372b64:192.168.69.89:39990, df12c920-952d-4704-9c70-1a288e2f77c7:192.168.69.89:43948, 9ceef694-dbcf-4070-b7b1-3b3c65b6a699:192.168.69.89:36536], old=null
2019-10-20 10:28:36,049 [df12c920-952d-4704-9c70-1a288e2f77c7@group-75987F7FE399-LeaderElection180] INFO  impl.RaftServerImpl (RaftServerImpl.java:setRole(184)) - df12c920-952d-4704-9c70-1a288e2f77c7@group-75987F7FE399: changes role from CANDIDATE to FOLLOWER at term 199 for DISCOVERED_A_NEW_TERM
2019-10-20 10:28:36,049 [df12c920-952d-4704-9c70-1a288e2f77c7@group-75987F7FE399-LeaderElection180] INFO  impl.RoleInfo (RoleInfo.java:shutdownLeaderElection(134)) - df12c920-952d-4704-9c70-1a288e2f77c7: shutdown LeaderElection
2019-10-20 10:28:36,049 [df12c920-952d-4704-9c70-1a288e2f77c7@group-75987F7FE399-LeaderElection180] INFO  impl.RoleInfo (RoleInfo.java:updateAndGet(143)) - df12c920-952d-4704-9c70-1a288e2f77c7: start FollowerState
2019-10-20 10:28:36,229 [Thread-1439] INFO  impl.FollowerState (FollowerState.java:run(108)) - df12c920-952d-4704-9c70-1a288e2f77c7@group-75987F7FE399-FollowerState: change to CANDIDATE, lastRpcTime:179ms, electionTimeout:179ms
2019-10-20 10:28:36,229 [Thread-1439] INFO  impl.RoleInfo (RoleInfo.java:shutdownFollowerState(121)) - df12c920-952d-4704-9c70-1a288e2f77c7: shutdown FollowerState
2019-10-20 10:28:36,229 [Thread-1439] INFO  impl.RaftServerImpl (RaftServerImpl.java:setRole(184)) - df12c920-952d-4704-9c70-1a288e2f77c7@group-75987F7FE399: changes role from  FOLLOWER to CANDIDATE at term 199 for changeToCandidate
2019-10-20 10:28:36,229 [Thread-1439] INFO  impl.RoleInfo (RoleInfo.java:updateAndGet(143)) - df12c920-952d-4704-9c70-1a288e2f77c7: start LeaderElection
2019-10-20 10:28:36,255 [df12c920-952d-4704-9c70-1a288e2f77c7@group-75987F7FE399-LeaderElection181] INFO  impl.LeaderElection (LeaderElection.java:askForVotes(178)) - df12c920-952d-4704-9c70-1a288e2f77c7@group-75987F7FE399-LeaderElection181: begin an election at term 200 for -1: [875da3d9-0dec-46c7-88bf-73f7a2372b64:192.168.69.89:39990, df12c920-952d-4704-9c70-1a288e2f77c7:192.168.69.89:43948, 9ceef694-dbcf-4070-b7b1-3b3c65b6a699:192.168.69.89:36536], old=null
2019-10-20 10:28:36,258 [grpc-default-executor-3] INFO  impl.RaftServerImpl (RaftServerImpl.java:setRole(184)) - 875da3d9-0dec-46c7-88bf-73f7a2372b64@group-75987F7FE399: changes role from  FOLLOWER to FOLLOWER at term 200 for recognizeCandidate:df12c920-952d-4704-9c70-1a288e2f77c7
2019-10-20 10:28:36,258 [grpc-default-executor-1] INFO  impl.RaftServerImpl (RaftServerImpl.java:setRole(184)) - 9ceef694-dbcf-4070-b7b1-3b3c65b6a699@group-75987F7FE399: changes role from  FOLLOWER to FOLLOWER at term 200 for recognizeCandidate:df12c920-952d-4704-9c70-1a288e2f77c7
2019-10-20 10:28:36,258 [grpc-default-executor-1] INFO  impl.RoleInfo (RoleInfo.java:shutdownFollowerState(121)) - 9ceef694-dbcf-4070-b7b1-3b3c65b6a699: shutdown FollowerState
2019-10-20 10:28:36,258 [grpc-default-executor-3] INFO  impl.RoleInfo (RoleInfo.java:shutdownFollowerState(121)) - 875da3d9-0dec-46c7-88bf-73f7a2372b64: shutdown FollowerState
2019-10-20 10:28:36,259 [Thread-1438] INFO  impl.FollowerState (FollowerState.java:run(117)) - 9ceef694-dbcf-4070-b7b1-3b3c65b6a699@group-75987F7FE399-FollowerState was interrupted: java.lang.InterruptedException: sleep interrupted
2019-10-20 10:28:36,259 [Thread-1437] INFO  impl.FollowerState (FollowerState.java:run(117)) - 875da3d9-0dec-46c7-88bf-73f7a2372b64@group-75987F7FE399-FollowerState was interrupted: java.lang.InterruptedException: sleep interrupted
2019-10-20 10:28:36,259 [grpc-default-executor-1] INFO  impl.RoleInfo (RoleInfo.java:updateAndGet(143)) - 9ceef694-dbcf-4070-b7b1-3b3c65b6a699: start FollowerState
2019-10-20 10:28:36,259 [grpc-default-executor-3] INFO  impl.RoleInfo (RoleInfo.java:updateAndGet(143)) - 875da3d9-0dec-46c7-88bf-73f7a2372b64: start FollowerState
2019-10-20 10:28:36,276 [df12c920-952d-4704-9c70-1a288e2f77c7@group-75987F7FE399-LeaderElection181] INFO  impl.LeaderElection (LeaderElection.java:logAndReturn(56)) - df12c920-952d-4704-9c70-1a288e2f77c7@group-75987F7FE399-LeaderElection181: Election REJECTED; received 2 response(s) [df12c920-952d-4704-9c70-1a288e2f77c7<-875da3d9-0dec-46c7-88bf-73f7a2372b64#0:FAIL-t200, df12c920-952d-4704-9c70-1a288e2f77c7<-9ceef694-dbcf-4070-b7b1-3b3c65b6a699#0:FAIL-t200] and 0 exception(s); df12c920-952d-4704-9c70-1a288e2f77c7@group-75987F7FE399:t200, leader=null, voted=df12c920-952d-4704-9c70-1a288e2f77c7, raftlog=df12c920-952d-4704-9c70-1a288e2f77c7@group-75987F7FE399-SegmentedRaftLog:OPENED:c-1,f-1,i0, conf=-1: [875da3d9-0dec-46c7-88bf-73f7a2372b64:192.168.69.89:39990, df12c920-952d-4704-9c70-1a288e2f77c7:192.168.69.89:43948, 9ceef694-dbcf-4070-b7b1-3b3c65b6a699:192.168.69.89:36536], old=null
2019-10-20 10:28:36,276 [df12c920-952d-4704-9c70-1a288e2f77c7@group-75987F7FE399-LeaderElection181] INFO  impl.RaftServerImpl (RaftServerImpl.java:setRole(184)) - df12c920-952d-4704-9c70-1a288e2f77c7@group-75987F7FE399: changes role from CANDIDATE to FOLLOWER at term 200 for DISCOVERED_A_NEW_TERM
2019-10-20 10:28:36,276 [df12c920-952d-4704-9c70-1a288e2f77c7@group-75987F7FE399-LeaderElection181] INFO  impl.RoleInfo (RoleInfo.java:shutdownLeaderElection(134)) - df12c920-952d-4704-9c70-1a288e2f77c7: shutdown LeaderElection
2019-10-20 10:28:36,277 [df12c920-952d-4704-9c70-1a288e2f77c7@group-75987F7FE399-LeaderElection181] INFO  impl.RoleInfo (RoleInfo.java:updateAndGet(143)) - df12c920-952d-4704-9c70-1a288e2f77c7: start FollowerState
2019-10-20 10:28:36,324 [Thread-1445] INFO  impl.FollowerState (FollowerState.java:run(108)) - df12c920-952d-4704-9c70-1a288e2f77c7@group-75987F7FE399-FollowerState: change to CANDIDATE, lastRpcTime:47ms, electionTimeout:47ms
2019-10-20 10:28:36,324 [Thread-1445] INFO  impl.RoleInfo (RoleInfo.java:shutdownFollowerState(121)) - df12c920-952d-4704-9c70-1a288e2f77c7: shutdown FollowerState
2019-10-20 10:28:36,324 [Thread-1445] INFO  impl.RaftServerImpl (RaftServerImpl.java:setRole(184)) - df12c920-952d-4704-9c70-1a288e2f77c7@group-75987F7FE399: changes role from  FOLLOWER to CANDIDATE at term 200 for changeToCandidate
2019-10-20 10:28:36,325 [Thread-1445] INFO  impl.RoleInfo (RoleInfo.java:updateAndGet(143)) - df12c920-952d-4704-9c70-1a288e2f77c7: start LeaderElection
2019-10-20 10:28:36,338 [df12c920-952d-4704-9c70-1a288e2f77c7@group-75987F7FE399-LeaderElection182] INFO  impl.LeaderElection (LeaderElection.java:askForVotes(178)) - df12c920-952d-4704-9c70-1a288e2f77c7@group-75987F7FE399-LeaderElection182: begin an election at term 201 for -1: [875da3d9-0dec-46c7-88bf-73f7a2372b64:192.168.69.89:39990, df12c920-952d-4704-9c70-1a288e2f77c7:192.168.69.89:43948, 9ceef694-dbcf-4070-b7b1-3b3c65b6a699:192.168.69.89:36536], old=null
2019-10-20 10:28:36,340 [grpc-default-executor-1] INFO  impl.RaftServerImpl (RaftServerImpl.java:setRole(184)) - 875da3d9-0dec-46c7-88bf-73f7a2372b64@group-75987F7FE399: changes role from  FOLLOWER to FOLLOWER at term 201 for recognizeCandidate:df12c920-952d-4704-9c70-1a288e2f77c7
2019-10-20 10:28:36,340 [grpc-default-executor-1] INFO  impl.RoleInfo (RoleInfo.java:shutdownFollowerState(121)) - 875da3d9-0dec-46c7-88bf-73f7a2372b64: shutdown FollowerState
2019-10-20 10:28:36,340 [grpc-default-executor-1] INFO  impl.RoleInfo (RoleInfo.java:updateAndGet(143)) - 875da3d9-0dec-46c7-88bf-73f7a2372b64: start FollowerState
2019-10-20 10:28:36,340 [grpc-default-executor-3] INFO  impl.RaftServerImpl (RaftServerImpl.java:setRole(184)) - 9ceef694-dbcf-4070-b7b1-3b3c65b6a699@group-75987F7FE399: changes role from  FOLLOWER to FOLLOWER at term 201 for recognizeCandidate:df12c920-952d-4704-9c70-1a288e2f77c7
2019-10-20 10:28:36,340 [Thread-1444] INFO  impl.FollowerState (FollowerState.java:run(117)) - 875da3d9-0dec-46c7-88bf-73f7a2372b64@group-75987F7FE399-FollowerState was interrupted: java.lang.InterruptedException: sleep interrupted
2019-10-20 10:28:36,341 [grpc-default-executor-3] INFO  impl.RoleInfo (RoleInfo.java:shutdownFollowerState(121)) - 9ceef694-dbcf-4070-b7b1-3b3c65b6a699: shutdown FollowerState
2019-10-20 10:28:36,341 [grpc-default-executor-3] INFO  impl.RoleInfo (RoleInfo.java:updateAndGet(143)) - 9ceef694-dbcf-4070-b7b1-3b3c65b6a699: start FollowerState
2019-10-20 10:28:36,341 [Thread-1443] INFO  impl.FollowerState (FollowerState.java:run(117)) - 9ceef694-dbcf-4070-b7b1-3b3c65b6a699@group-75987F7FE399-FollowerState was interrupted: java.lang.InterruptedException: sleep interrupted
2019-10-20 10:28:36,353 [df12c920-952d-4704-9c70-1a288e2f77c7@group-75987F7FE399-LeaderElection182] INFO  impl.LeaderElection (LeaderElection.java:logAndReturn(56)) - df12c920-952d-4704-9c70-1a288e2f77c7@group-75987F7FE399-LeaderElection182: Election REJECTED; received 2 response(s) [df12c920-952d-4704-9c70-1a288e2f77c7<-875da3d9-0dec-46c7-88bf-73f7a2372b64#0:FAIL-t201, df12c920-952d-4704-9c70-1a288e2f77c7<-9ceef694-dbcf-4070-b7b1-3b3c65b6a699#0:FAIL-t201] and 0 exception(s); df12c920-952d-4704-9c70-1a288e2f77c7@group-75987F7FE399:t201, leader=null, voted=df12c920-952d-4704-9c70-1a288e2f77c7, raftlog=df12c920-952d-4704-9c70-1a288e2f77c7@group-75987F7FE399-SegmentedRaftLog:OPENED:c-1,f-1,i0, conf=-1: [875da3d9-0dec-46c7-88bf-73f7a2372b64:192.168.69.89:39990, df12c920-952d-4704-9c70-1a288e2f77c7:192.168.69.89:43948, 9ceef694-dbcf-4070-b7b1-3b3c65b6a699:192.168.69.89:36536], old=null
2019-10-20 10:28:36,354 [df12c920-952d-4704-9c70-1a288e2f77c7@group-75987F7FE399-LeaderElection182] INFO  impl.RaftServerImpl (RaftServerImpl.java:setRole(184)) - df12c920-952d-4704-9c70-1a288e2f77c7@group-75987F7FE399: changes role from CANDIDATE to FOLLOWER at term 201 for DISCOVERED_A_NEW_TERM
2019-10-20 10:28:36,354 [df12c920-952d-4704-9c70-1a288e2f77c7@group-75987F7FE399-LeaderElection182] INFO  impl.RoleInfo (RoleInfo.java:shutdownLeaderElection(134)) - df12c920-952d-4704-9c70-1a288e2f77c7: shutdown LeaderElection
2019-10-20 10:28:36,354 [df12c920-952d-4704-9c70-1a288e2f77c7@group-75987F7FE399-LeaderElection182] INFO  impl.RoleInfo (RoleInfo.java:updateAndGet(143)) - df12c920-952d-4704-9c70-1a288e2f77c7: start FollowerState
2019-10-20 10:28:36,469 [Thread-1451] INFO  impl.FollowerState (FollowerState.java:run(108)) - df12c920-952d-4704-9c70-1a288e2f77c7@group-75987F7FE399-FollowerState: change to CANDIDATE, lastRpcTime:115ms, electionTimeout:115ms
2019-10-20 10:28:36,469 [Thread-1451] INFO  impl.RoleInfo (RoleInfo.java:shutdownFollowerState(121)) - df12c920-952d-4704-9c70-1a288e2f77c7: shutdown FollowerState
2019-10-20 10:28:36,470 [Thread-1451] INFO  impl.RaftServerImpl (RaftServerImpl.java:setRole(184)) - df12c920-952d-4704-9c70-1a288e2f77c7@group-75987F7FE399: changes role from  FOLLOWER to CANDIDATE at term 201 for changeToCandidate
2019-10-20 10:28:36,470 [Thread-1451] INFO  impl.RoleInfo (RoleInfo.java:updateAndGet(143)) - df12c920-952d-4704-9c70-1a288e2f77c7: start LeaderElection
2019-10-20 10:28:36,484 [df12c920-952d-4704-9c70-1a288e2f77c7@group-75987F7FE399-LeaderElection183] INFO  impl.LeaderElection (LeaderElection.java:askForVotes(178)) - df12c920-952d-4704-9c70-1a288e2f77c7@group-75987F7FE399-LeaderElection183: begin an election at term 202 for -1: [875da3d9-0dec-46c7-88bf-73f7a2372b64:192.168.69.89:39990, df12c920-952d-4704-9c70-1a288e2f77c7:192.168.69.89:43948, 9ceef694-dbcf-4070-b7b1-3b3c65b6a699:192.168.69.89:36536], old=null
2019-10-20 10:28:36,487 [grpc-default-executor-1] INFO  impl.RaftServerImpl (RaftServerImpl.java:setRole(184)) - 875da3d9-0dec-46c7-88bf-73f7a2372b64@group-75987F7FE399: changes role from  FOLLOWER to FOLLOWER at term 202 for recognizeCandidate:df12c920-952d-4704-9c70-1a288e2f77c7
2019-10-20 10:28:36,487 [grpc-default-executor-3] INFO  impl.RaftServerImpl (RaftServerImpl.java:setRole(184)) - 9ceef694-dbcf-4070-b7b1-3b3c65b6a699@group-75987F7FE399: changes role from  FOLLOWER to FOLLOWER at term 202 for recognizeCandidate:df12c920-952d-4704-9c70-1a288e2f77c7
2019-10-20 10:28:36,488 [grpc-default-executor-1] INFO  impl.RoleInfo (RoleInfo.java:shutdownFollowerState(121)) - 875da3d9-0dec-46c7-88bf-73f7a2372b64: shutdown FollowerState
2019-10-20 10:28:36,488 [grpc-default-executor-3] INFO  impl.RoleInfo (RoleInfo.java:shutdownFollowerState(121)) - 9ceef694-dbcf-4070-b7b1-3b3c65b6a699: shutdown FollowerState
2019-10-20 10:28:36,488 [Thread-1449] INFO  impl.FollowerState (FollowerState.java:run(117)) - 875da3d9-0dec-46c7-88bf-73f7a2372b64@group-75987F7FE399-FollowerState was interrupted: java.lang.InterruptedException: sleep interrupted
2019-10-20 10:28:36,488 [grpc-default-executor-1] INFO  impl.RoleInfo (RoleInfo.java:updateAndGet(143)) - 875da3d9-0dec-46c7-88bf-73f7a2372b64: start FollowerState
2019-10-20 10:28:36,488 [Thread-1450] INFO  impl.FollowerState (FollowerState.java:run(117)) - 9ceef694-dbcf-4070-b7b1-3b3c65b6a699@group-75987F7FE399-FollowerState was interrupted: java.lang.InterruptedException: sleep interrupted
2019-10-20 10:28:36,488 [grpc-default-executor-3] INFO  impl.RoleInfo (RoleInfo.java:updateAndGet(143)) - 9ceef694-dbcf-4070-b7b1-3b3c65b6a699: start FollowerState
2019-10-20 10:28:36,515 [df12c920-952d-4704-9c70-1a288e2f77c7@group-75987F7FE399-LeaderElection183] INFO  impl.LeaderElection (LeaderElection.java:logAndReturn(56)) - df12c920-952d-4704-9c70-1a288e2f77c7@group-75987F7FE399-LeaderElection183: Election REJECTED; received 2 response(s) [df12c920-952d-4704-9c70-1a288e2f77c7<-875da3d9-0dec-46c7-88bf-73f7a2372b64#0:FAIL-t202, df12c920-952d-4704-9c70-1a288e2f77c7<-9ceef694-dbcf-4070-b7b1-3b3c65b6a699#0:FAIL-t202] and 0 exception(s); df12c920-952d-4704-9c70-1a288e2f77c7@group-75987F7FE399:t202, leader=null, voted=df12c920-952d-4704-9c70-1a288e2f77c7, raftlog=df12c920-952d-4704-9c70-1a288e2f77c7@group-75987F7FE399-SegmentedRaftLog:OPENED:c-1,f-1,i0, conf=-1: [875da3d9-0dec-46c7-88bf-73f7a2372b64:192.168.69.89:39990, df12c920-952d-4704-9c70-1a288e2f77c7:192.168.69.89:43948, 9ceef694-dbcf-4070-b7b1-3b3c65b6a699:192.168.69.89:36536], old=null
2019-10-20 10:28:36,515 [df12c920-952d-4704-9c70-1a288e2f77c7@group-75987F7FE399-LeaderElection183] INFO  impl.RaftServerImpl (RaftServerImpl.java:setRole(184)) - df12c920-952d-4704-9c70-1a288e2f77c7@group-75987F7FE399: changes role from CANDIDATE to FOLLOWER at term 202 for DISCOVERED_A_NEW_TERM
2019-10-20 10:28:36,515 [df12c920-952d-4704-9c70-1a288e2f77c7@group-75987F7FE399-LeaderElection183] INFO  impl.RoleInfo (RoleInfo.java:shutdownLeaderElection(134)) - df12c920-952d-4704-9c70-1a288e2f77c7: shutdown LeaderElection
2019-10-20 10:28:36,515 [df12c920-952d-4704-9c70-1a288e2f77c7@group-75987F7FE399-LeaderElection183] INFO  impl.RoleInfo (RoleInfo.java:updateAndGet(143)) - df12c920-952d-4704-9c70-1a288e2f77c7: start FollowerState
2019-10-20 10:28:36,646 [Thread-1457] INFO  impl.FollowerState (FollowerState.java:run(108)) - df12c920-952d-4704-9c70-1a288e2f77c7@group-75987F7FE399-FollowerState: change to CANDIDATE, lastRpcTime:131ms, electionTimeout:131ms
2019-10-20 10:28:36,647 [Thread-1457] INFO  impl.RoleInfo (RoleInfo.java:shutdownFollowerState(121)) - df12c920-952d-4704-9c70-1a288e2f77c7: shutdown FollowerState
2019-10-20 10:28:36,647 [Thread-1457] INFO  impl.RaftServerImpl (RaftServerImpl.java:setRole(184)) - df12c920-952d-4704-9c70-1a288e2f77c7@group-75987F7FE399: changes role from  FOLLOWER to CANDIDATE at term 202 for changeToCandidate
2019-10-20 10:28:36,647 [Thread-1457] INFO  impl.RoleInfo (RoleInfo.java:updateAndGet(143)) - df12c920-952d-4704-9c70-1a288e2f77c7: start LeaderElection
2019-10-20 10:28:36,662 [df12c920-952d-4704-9c70-1a288e2f77c7@group-75987F7FE399-LeaderElection184] INFO  impl.LeaderElection (LeaderElection.java:askForVotes(178)) - df12c920-952d-4704-9c70-1a288e2f77c7@group-75987F7FE399-LeaderElection184: begin an election at term 203 for -1: [875da3d9-0dec-46c7-88bf-73f7a2372b64:192.168.69.89:39990, df12c920-952d-4704-9c70-1a288e2f77c7:192.168.69.89:43948, 9ceef694-dbcf-4070-b7b1-3b3c65b6a699:192.168.69.89:36536], old=null
2019-10-20 10:28:36,664 [grpc-default-executor-1] INFO  impl.RaftServerImpl (RaftServerImpl.java:setRole(184)) - 875da3d9-0dec-46c7-88bf-73f7a2372b64@group-75987F7FE399: changes role from  FOLLOWER to FOLLOWER at term 203 for recognizeCandidate:df12c920-952d-4704-9c70-1a288e2f77c7
2019-10-20 10:28:36,664 [grpc-default-executor-3] INFO  impl.RaftServerImpl (RaftServerImpl.java:setRole(184)) - 9ceef694-dbcf-4070-b7b1-3b3c65b6a699@group-75987F7FE399: changes role from  FOLLOWER to FOLLOWER at term 203 for recognizeCandidate:df12c920-952d-4704-9c70-1a288e2f77c7
2019-10-20 10:28:36,665 [grpc-default-executor-1] INFO  impl.RoleInfo (RoleInfo.java:shutdownFollowerState(121)) - 875da3d9-0dec-46c7-88bf-73f7a2372b64: shutdown FollowerState
2019-10-20 10:28:36,665 [grpc-default-executor-3] INFO  impl.RoleInfo (RoleInfo.java:shutdownFollowerState(121)) - 9ceef694-dbcf-4070-b7b1-3b3c65b6a699: shutdown FollowerState
2019-10-20 10:28:36,665 [Thread-1455] INFO  impl.FollowerState (FollowerState.java:run(117)) - 875da3d9-0dec-46c7-88bf-73f7a2372b64@group-75987F7FE399-FollowerState was interrupted: java.lang.InterruptedException: sleep interrupted
2019-10-20 10:28:36,665 [grpc-default-executor-1] INFO  impl.RoleInfo (RoleInfo.java:updateAndGet(143)) - 875da3d9-0dec-46c7-88bf-73f7a2372b64: start FollowerState
2019-10-20 10:28:36,666 [Thread-1456] INFO  impl.FollowerState (FollowerState.java:run(117)) - 9ceef694-dbcf-4070-b7b1-3b3c65b6a699@group-75987F7FE399-FollowerState was interrupted: java.lang.InterruptedException: sleep interrupted
2019-10-20 10:28:36,665 [grpc-default-executor-3] INFO  impl.RoleInfo (RoleInfo.java:updateAndGet(143)) - 9ceef694-dbcf-4070-b7b1-3b3c65b6a699: start FollowerState
2019-10-20 10:28:36,680 [df12c920-952d-4704-9c70-1a288e2f77c7@group-75987F7FE399-LeaderElection184] INFO  impl.LeaderElection (LeaderElection.java:logAndReturn(56)) - df12c920-952d-4704-9c70-1a288e2f77c7@group-75987F7FE399-LeaderElection184: Election REJECTED; received 2 response(s) [df12c920-952d-4704-9c70-1a288e2f77c7<-875da3d9-0dec-46c7-88bf-73f7a2372b64#0:FAIL-t203, df12c920-952d-4704-9c70-1a288e2f77c7<-9ceef694-dbcf-4070-b7b1-3b3c65b6a699#0:FAIL-t203] and 0 exception(s); df12c920-952d-4704-9c70-1a288e2f77c7@group-75987F7FE399:t203, leader=null, voted=df12c920-952d-4704-9c70-1a288e2f77c7, raftlog=df12c920-952d-4704-9c70-1a288e2f77c7@group-75987F7FE399-SegmentedRaftLog:OPENED:c-1,f-1,i0, conf=-1: [875da3d9-0dec-46c7-88bf-73f7a2372b64:192.168.69.89:39990, df12c920-952d-4704-9c70-1a288e2f77c7:192.168.69.89:43948, 9ceef694-dbcf-4070-b7b1-3b3c65b6a699:192.168.69.89:36536], old=null
2019-10-20 10:28:36,680 [df12c920-952d-4704-9c70-1a288e2f77c7@group-75987F7FE399-LeaderElection184] INFO  impl.RaftServerImpl (RaftServerImpl.java:setRole(184)) - df12c920-952d-4704-9c70-1a288e2f77c7@group-75987F7FE399: changes role from CANDIDATE to FOLLOWER at term 203 for DISCOVERED_A_NEW_TERM
2019-10-20 10:28:36,680 [df12c920-952d-4704-9c70-1a288e2f77c7@group-75987F7FE399-LeaderElection184] INFO  impl.RoleInfo (RoleInfo.java:shutdownLeaderElection(134)) - df12c920-952d-4704-9c70-1a288e2f77c7: shutdown LeaderElection
2019-10-20 10:28:36,680 [df12c920-952d-4704-9c70-1a288e2f77c7@group-75987F7FE399-LeaderElection184] INFO  impl.RoleInfo (RoleInfo.java:updateAndGet(143)) - df12c920-952d-4704-9c70-1a288e2f77c7: start FollowerState
2019-10-20 10:28:36,819 [Thread-1463] INFO  impl.FollowerState (FollowerState.java:run(108)) - df12c920-952d-4704-9c70-1a288e2f77c7@group-75987F7FE399-FollowerState: change to CANDIDATE, lastRpcTime:138ms, electionTimeout:138ms
2019-10-20 10:28:36,819 [Thread-1463] INFO  impl.RoleInfo (RoleInfo.java:shutdownFollowerState(121)) - df12c920-952d-4704-9c70-1a288e2f77c7: shutdown FollowerState
2019-10-20 10:28:36,819 [Thread-1463] INFO  impl.RaftServerImpl (RaftServerImpl.java:setRole(184)) - df12c920-952d-4704-9c70-1a288e2f77c7@group-75987F7FE399: changes role from  FOLLOWER to CANDIDATE at term 203 for changeToCandidate
2019-10-20 10:28:36,819 [Thread-1463] INFO  impl.RoleInfo (RoleInfo.java:updateAndGet(143)) - df12c920-952d-4704-9c70-1a288e2f77c7: start LeaderElection
2019-10-20 10:28:36,845 [df12c920-952d-4704-9c70-1a288e2f77c7@group-75987F7FE399-LeaderElection185] INFO  impl.LeaderElection (LeaderElection.java:askForVotes(178)) - df12c920-952d-4704-9c70-1a288e2f77c7@group-75987F7FE399-LeaderElection185: begin an election at term 204 for -1: [875da3d9-0dec-46c7-88bf-73f7a2372b64:192.168.69.89:39990, df12c920-952d-4704-9c70-1a288e2f77c7:192.168.69.89:43948, 9ceef694-dbcf-4070-b7b1-3b3c65b6a699:192.168.69.89:36536], old=null
2019-10-20 10:28:36,852 [grpc-default-executor-1] INFO  impl.RaftServerImpl (RaftServerImpl.java:setRole(184)) - 9ceef694-dbcf-4070-b7b1-3b3c65b6a699@group-75987F7FE399: changes role from  FOLLOWER to FOLLOWER at term 204 for recognizeCandidate:df12c920-952d-4704-9c70-1a288e2f77c7
2019-10-20 10:28:36,852 [grpc-default-executor-3] INFO  impl.RaftServerImpl (RaftServerImpl.java:setRole(184)) - 875da3d9-0dec-46c7-88bf-73f7a2372b64@group-75987F7FE399: changes role from  FOLLOWER to FOLLOWER at term 204 for recognizeCandidate:df12c920-952d-4704-9c70-1a288e2f77c7
2019-10-20 10:28:36,853 [grpc-default-executor-1] INFO  impl.RoleInfo (RoleInfo.java:shutdownFollowerState(121)) - 9ceef694-dbcf-4070-b7b1-3b3c65b6a699: shutdown FollowerState
2019-10-20 10:28:36,853 [grpc-default-executor-3] INFO  impl.RoleInfo (RoleInfo.java:shutdownFollowerState(121)) - 875da3d9-0dec-46c7-88bf-73f7a2372b64: shutdown FollowerState
2019-10-20 10:28:36,853 [grpc-default-executor-1] INFO  impl.RoleInfo (RoleInfo.java:updateAndGet(143)) - 9ceef694-dbcf-4070-b7b1-3b3c65b6a699: start FollowerState
2019-10-20 10:28:36,854 [Thread-1461] INFO  impl.FollowerState (FollowerState.java:run(117)) - 875da3d9-0dec-46c7-88bf-73f7a2372b64@group-75987F7FE399-FollowerState was interrupted: java.lang.InterruptedException: sleep interrupted
2019-10-20 10:28:36,854 [Thread-1462] INFO  impl.FollowerState (FollowerState.java:run(117)) - 9ceef694-dbcf-4070-b7b1-3b3c65b6a699@group-75987F7FE399-FollowerState was interrupted: java.lang.InterruptedException: sleep interrupted
2019-10-20 10:28:36,853 [grpc-default-executor-3] INFO  impl.RoleInfo (RoleInfo.java:updateAndGet(143)) - 875da3d9-0dec-46c7-88bf-73f7a2372b64: start FollowerState
2019-10-20 10:28:36,875 [df12c920-952d-4704-9c70-1a288e2f77c7@group-75987F7FE399-LeaderElection185] INFO  impl.LeaderElection (LeaderElection.java:logAndReturn(56)) - df12c920-952d-4704-9c70-1a288e2f77c7@group-75987F7FE399-LeaderElection185: Election REJECTED; received 2 response(s) [df12c920-952d-4704-9c70-1a288e2f77c7<-875da3d9-0dec-46c7-88bf-73f7a2372b64#0:FAIL-t204, df12c920-952d-4704-9c70-1a288e2f77c7<-9ceef694-dbcf-4070-b7b1-3b3c65b6a699#0:FAIL-t204] and 0 exception(s); df12c920-952d-4704-9c70-1a288e2f77c7@group-75987F7FE399:t204, leader=null, voted=df12c920-952d-4704-9c70-1a288e2f77c7, raftlog=df12c920-952d-4704-9c70-1a288e2f77c7@group-75987F7FE399-SegmentedRaftLog:OPENED:c-1,f-1,i0, conf=-1: [875da3d9-0dec-46c7-88bf-73f7a2372b64:192.168.69.89:39990, df12c920-952d-4704-9c70-1a288e2f77c7:192.168.69.89:43948, 9ceef694-dbcf-4070-b7b1-3b3c65b6a699:192.168.69.89:36536], old=null
2019-10-20 10:28:36,875 [df12c920-952d-4704-9c70-1a288e2f77c7@group-75987F7FE399-LeaderElection185] INFO  impl.RaftServerImpl (RaftServerImpl.java:setRole(184)) - df12c920-952d-4704-9c70-1a288e2f77c7@group-75987F7FE399: changes role from CANDIDATE to FOLLOWER at term 204 for DISCOVERED_A_NEW_TERM
2019-10-20 10:28:36,875 [df12c920-952d-4704-9c70-1a288e2f77c7@group-75987F7FE399-LeaderElection185] INFO  impl.RoleInfo (RoleInfo.java:shutdownLeaderElection(134)) - df12c920-952d-4704-9c70-1a288e2f77c7: shutdown LeaderElection
2019-10-20 10:28:36,875 [df12c920-952d-4704-9c70-1a288e2f77c7@group-75987F7FE399-LeaderElection185] INFO  impl.RoleInfo (RoleInfo.java:updateAndGet(143)) - df12c920-952d-4704-9c70-1a288e2f77c7: start FollowerState
2019-10-20 10:28:36,997 [Thread-1469] INFO  impl.FollowerState (FollowerState.java:run(108)) - df12c920-952d-4704-9c70-1a288e2f77c7@group-75987F7FE399-FollowerState: change to CANDIDATE, lastRpcTime:121ms, electionTimeout:121ms
2019-10-20 10:28:36,997 [Thread-1469] INFO  impl.RoleInfo (RoleInfo.java:shutdownFollowerState(121)) - df12c920-952d-4704-9c70-1a288e2f77c7: shutdown FollowerState
2019-10-20 10:28:36,997 [Thread-1469] INFO  impl.RaftServerImpl (RaftServerImpl.java:setRole(184)) - df12c920-952d-4704-9c70-1a288e2f77c7@group-75987F7FE399: changes role from  FOLLOWER to CANDIDATE at term 204 for changeToCandidate
2019-10-20 10:28:36,997 [Thread-1469] INFO  impl.RoleInfo (RoleInfo.java:updateAndGet(143)) - df12c920-952d-4704-9c70-1a288e2f77c7: start LeaderElection
2019-10-20 10:28:37,011 [df12c920-952d-4704-9c70-1a288e2f77c7@group-75987F7FE399-LeaderElection186] INFO  impl.LeaderElection (LeaderElection.java:askForVotes(178)) - df12c920-952d-4704-9c70-1a288e2f77c7@group-75987F7FE399-LeaderElection186: begin an election at term 205 for -1: [875da3d9-0dec-46c7-88bf-73f7a2372b64:192.168.69.89:39990, df12c920-952d-4704-9c70-1a288e2f77c7:192.168.69.89:43948, 9ceef694-dbcf-4070-b7b1-3b3c65b6a699:192.168.69.89:36536], old=null
2019-10-20 10:28:37,013 [grpc-default-executor-3] INFO  impl.RaftServerImpl (RaftServerImpl.java:setRole(184)) - 875da3d9-0dec-46c7-88bf-73f7a2372b64@group-75987F7FE399: changes role from  FOLLOWER to FOLLOWER at term 205 for recognizeCandidate:df12c920-952d-4704-9c70-1a288e2f77c7
2019-10-20 10:28:37,014 [grpc-default-executor-3] INFO  impl.RoleInfo (RoleInfo.java:shutdownFollowerState(121)) - 875da3d9-0dec-46c7-88bf-73f7a2372b64: shutdown FollowerState
2019-10-20 10:28:37,014 [grpc-default-executor-1] INFO  impl.RaftServerImpl (RaftServerImpl.java:setRole(184)) - 9ceef694-dbcf-4070-b7b1-3b3c65b6a699@group-75987F7FE399: changes role from  FOLLOWER to FOLLOWER at term 205 for recognizeCandidate:df12c920-952d-4704-9c70-1a288e2f77c7
2019-10-20 10:28:37,014 [grpc-default-executor-1] INFO  impl.RoleInfo (RoleInfo.java:shutdownFollowerState(121)) - 9ceef694-dbcf-4070-b7b1-3b3c65b6a699: shutdown FollowerState
2019-10-20 10:28:37,014 [Thread-1468] INFO  impl.FollowerState (FollowerState.java:run(117)) - 875da3d9-0dec-46c7-88bf-73f7a2372b64@group-75987F7FE399-FollowerState was interrupted: java.lang.InterruptedException: sleep interrupted
2019-10-20 10:28:37,014 [grpc-default-executor-3] INFO  impl.RoleInfo (RoleInfo.java:updateAndGet(143)) - 875da3d9-0dec-46c7-88bf-73f7a2372b64: start FollowerState
2019-10-20 10:28:37,014 [Thread-1467] INFO  impl.FollowerState (FollowerState.java:run(117)) - 9ceef694-dbcf-4070-b7b1-3b3c65b6a699@group-75987F7FE399-FollowerState was interrupted: java.lang.InterruptedException: sleep interrupted
2019-10-20 10:28:37,014 [grpc-default-executor-1] INFO  impl.RoleInfo (RoleInfo.java:updateAndGet(143)) - 9ceef694-dbcf-4070-b7b1-3b3c65b6a699: start FollowerState
2019-10-20 10:28:37,030 [df12c920-952d-4704-9c70-1a288e2f77c7@group-75987F7FE399-LeaderElection186] INFO  impl.LeaderElection (LeaderElection.java:logAndReturn(56)) - df12c920-952d-4704-9c70-1a288e2f77c7@group-75987F7FE399-LeaderElection186: Election REJECTED; received 2 response(s) [df12c920-952d-4704-9c70-1a288e2f77c7<-875da3d9-0dec-46c7-88bf-73f7a2372b64#0:FAIL-t205, df12c920-952d-4704-9c70-1a288e2f77c7<-9ceef694-dbcf-4070-b7b1-3b3c65b6a699#0:FAIL-t205] and 0 exception(s); df12c920-952d-4704-9c70-1a288e2f77c7@group-75987F7FE399:t205, leader=null, voted=df12c920-952d-4704-9c70-1a288e2f77c7, raftlog=df12c920-952d-4704-9c70-1a288e2f77c7@group-75987F7FE399-SegmentedRaftLog:OPENED:c-1,f-1,i0, conf=-1: [875da3d9-0dec-46c7-88bf-73f7a2372b64:192.168.69.89:39990, df12c920-952d-4704-9c70-1a288e2f77c7:192.168.69.89:43948, 9ceef694-dbcf-4070-b7b1-3b3c65b6a699:192.168.69.89:36536], old=null
2019-10-20 10:28:37,031 [df12c920-952d-4704-9c70-1a288e2f77c7@group-75987F7FE399-LeaderElection186] INFO  impl.RaftServerImpl (RaftServerImpl.java:setRole(184)) - df12c920-952d-4704-9c70-1a288e2f77c7@group-75987F7FE399: changes role from CANDIDATE to FOLLOWER at term 205 for DISCOVERED_A_NEW_TERM
2019-10-20 10:28:37,031 [df12c920-952d-4704-9c70-1a288e2f77c7@group-75987F7FE399-LeaderElection186] INFO  impl.RoleInfo (RoleInfo.java:shutdownLeaderElection(134)) - df12c920-952d-4704-9c70-1a288e2f77c7: shutdown LeaderElection
2019-10-20 10:28:37,031 [df12c920-952d-4704-9c70-1a288e2f77c7@group-75987F7FE399-LeaderElection186] INFO  impl.RoleInfo (RoleInfo.java:updateAndGet(143)) - df12c920-952d-4704-9c70-1a288e2f77c7: start FollowerState
2019-10-20 10:28:37,162 [Thread-1477] INFO  impl.FollowerState (FollowerState.java:run(108)) - df12c920-952d-4704-9c70-1a288e2f77c7@group-75987F7FE399-FollowerState: change to CANDIDATE, lastRpcTime:131ms, electionTimeout:131ms
2019-10-20 10:28:37,163 [Thread-1477] INFO  impl.RoleInfo (RoleInfo.java:shutdownFollowerState(121)) - df12c920-952d-4704-9c70-1a288e2f77c7: shutdown FollowerState
2019-10-20 10:28:37,163 [Thread-1477] INFO  impl.RaftServerImpl (RaftServerImpl.java:setRole(184)) - df12c920-952d-4704-9c70-1a288e2f77c7@group-75987F7FE399: changes role from  FOLLOWER to CANDIDATE at term 205 for changeToCandidate
2019-10-20 10:28:37,164 [Thread-1477] INFO  impl.RoleInfo (RoleInfo.java:updateAndGet(143)) - df12c920-952d-4704-9c70-1a288e2f77c7: start LeaderElection
2019-10-20 10:28:37,178 [df12c920-952d-4704-9c70-1a288e2f77c7@group-75987F7FE399-LeaderElection187] INFO  impl.LeaderElection (LeaderElection.java:askForVotes(178)) - df12c920-952d-4704-9c70-1a288e2f77c7@group-75987F7FE399-LeaderElection187: begin an election at term 206 for -1: [875da3d9-0dec-46c7-88bf-73f7a2372b64:192.168.69.89:39990, df12c920-952d-4704-9c70-1a288e2f77c7:192.168.69.89:43948, 9ceef694-dbcf-4070-b7b1-3b3c65b6a699:192.168.69.89:36536], old=null
2019-10-20 10:28:37,181 [grpc-default-executor-1] INFO  impl.RaftServerImpl (RaftServerImpl.java:setRole(184)) - 875da3d9-0dec-46c7-88bf-73f7a2372b64@group-75987F7FE399: changes role from  FOLLOWER to FOLLOWER at term 206 for recognizeCandidate:df12c920-952d-4704-9c70-1a288e2f77c7
2019-10-20 10:28:37,181 [grpc-default-executor-3] INFO  impl.RaftServerImpl (RaftServerImpl.java:setRole(184)) - 9ceef694-dbcf-4070-b7b1-3b3c65b6a699@group-75987F7FE399: changes role from  FOLLOWER to FOLLOWER at term 206 for recognizeCandidate:df12c920-952d-4704-9c70-1a288e2f77c7
2019-10-20 10:28:37,181 [grpc-default-executor-3] INFO  impl.RoleInfo (RoleInfo.java:shutdownFollowerState(121)) - 9ceef694-dbcf-4070-b7b1-3b3c65b6a699: shutdown FollowerState
2019-10-20 10:28:37,182 [grpc-default-executor-3] INFO  impl.RoleInfo (RoleInfo.java:updateAndGet(143)) - 9ceef694-dbcf-4070-b7b1-3b3c65b6a699: start FollowerState
2019-10-20 10:28:37,181 [grpc-default-executor-1] INFO  impl.RoleInfo (RoleInfo.java:shutdownFollowerState(121)) - 875da3d9-0dec-46c7-88bf-73f7a2372b64: shutdown FollowerState
2019-10-20 10:28:37,182 [Thread-1476] INFO  impl.FollowerState (FollowerState.java:run(117)) - 9ceef694-dbcf-4070-b7b1-3b3c65b6a699@group-75987F7FE399-FollowerState was interrupted: java.lang.InterruptedException: sleep interrupted
2019-10-20 10:28:37,182 [Thread-1475] INFO  impl.FollowerState (FollowerState.java:run(117)) - 875da3d9-0dec-46c7-88bf-73f7a2372b64@group-75987F7FE399-FollowerState was interrupted: java.lang.InterruptedException: sleep interrupted
2019-10-20 10:28:37,182 [grpc-default-executor-1] INFO  impl.RoleInfo (RoleInfo.java:updateAndGet(143)) - 875da3d9-0dec-46c7-88bf-73f7a2372b64: start FollowerState
2019-10-20 10:28:37,198 [df12c920-952d-4704-9c70-1a288e2f77c7@group-75987F7FE399-LeaderElection187] INFO  impl.LeaderElection (LeaderElection.java:logAndReturn(56)) - df12c920-952d-4704-9c70-1a288e2f77c7@group-75987F7FE399-LeaderElection187: Election REJECTED; received 2 response(s) [df12c920-952d-4704-9c70-1a288e2f77c7<-875da3d9-0dec-46c7-88bf-73f7a2372b64#0:FAIL-t206, df12c920-952d-4704-9c70-1a288e2f77c7<-9ceef694-dbcf-4070-b7b1-3b3c65b6a699#0:FAIL-t206] and 0 exception(s); df12c920-952d-4704-9c70-1a288e2f77c7@group-75987F7FE399:t206, leader=null, voted=df12c920-952d-4704-9c70-1a288e2f77c7, raftlog=df12c920-952d-4704-9c70-1a288e2f77c7@group-75987F7FE399-SegmentedRaftLog:OPENED:c-1,f-1,i0, conf=-1: [875da3d9-0dec-46c7-88bf-73f7a2372b64:192.168.69.89:39990, df12c920-952d-4704-9c70-1a288e2f77c7:192.168.69.89:43948, 9ceef694-dbcf-4070-b7b1-3b3c65b6a699:192.168.69.89:36536], old=null
2019-10-20 10:28:37,198 [df12c920-952d-4704-9c70-1a288e2f77c7@group-75987F7FE399-LeaderElection187] INFO  impl.RaftServerImpl (RaftServerImpl.java:setRole(184)) - df12c920-952d-4704-9c70-1a288e2f77c7@group-75987F7FE399: changes role from CANDIDATE to FOLLOWER at term 206 for DISCOVERED_A_NEW_TERM
2019-10-20 10:28:37,198 [df12c920-952d-4704-9c70-1a288e2f77c7@group-75987F7FE399-LeaderElection187] INFO  impl.RoleInfo (RoleInfo.java:shutdownLeaderElection(134)) - df12c920-952d-4704-9c70-1a288e2f77c7: shutdown LeaderElection
2019-10-20 10:28:37,198 [df12c920-952d-4704-9c70-1a288e2f77c7@group-75987F7FE399-LeaderElection187] INFO  impl.RoleInfo (RoleInfo.java:updateAndGet(143)) - df12c920-952d-4704-9c70-1a288e2f77c7: start FollowerState
2019-10-20 10:28:37,315 [Thread-1483] INFO  impl.FollowerState (FollowerState.java:run(108)) - df12c920-952d-4704-9c70-1a288e2f77c7@group-75987F7FE399-FollowerState: change to CANDIDATE, lastRpcTime:116ms, electionTimeout:116ms
2019-10-20 10:28:37,315 [Thread-1483] INFO  impl.RoleInfo (RoleInfo.java:shutdownFollowerState(121)) - df12c920-952d-4704-9c70-1a288e2f77c7: shutdown FollowerState
2019-10-20 10:28:37,315 [Thread-1483] INFO  impl.RaftServerImpl (RaftServerImpl.java:setRole(184)) - df12c920-952d-4704-9c70-1a288e2f77c7@group-75987F7FE399: changes role from  FOLLOWER to CANDIDATE at term 206 for changeToCandidate
2019-10-20 10:28:37,315 [Thread-1483] INFO  impl.RoleInfo (RoleInfo.java:updateAndGet(143)) - df12c920-952d-4704-9c70-1a288e2f77c7: start LeaderElection
2019-10-20 10:28:37,330 [df12c920-952d-4704-9c70-1a288e2f77c7@group-75987F7FE399-LeaderElection188] INFO  impl.LeaderElection (LeaderElection.java:askForVotes(178)) - df12c920-952d-4704-9c70-1a288e2f77c7@group-75987F7FE399-LeaderElection188: begin an election at term 207 for -1: [875da3d9-0dec-46c7-88bf-73f7a2372b64:192.168.69.89:39990, df12c920-952d-4704-9c70-1a288e2f77c7:192.168.69.89:43948, 9ceef694-dbcf-4070-b7b1-3b3c65b6a699:192.168.69.89:36536], old=null
2019-10-20 10:28:37,332 [grpc-default-executor-1] INFO  impl.RaftServerImpl (RaftServerImpl.java:setRole(184)) - 875da3d9-0dec-46c7-88bf-73f7a2372b64@group-75987F7FE399: changes role from  FOLLOWER to FOLLOWER at term 207 for recognizeCandidate:df12c920-952d-4704-9c70-1a288e2f77c7
2019-10-20 10:28:37,333 [grpc-default-executor-1] INFO  impl.RoleInfo (RoleInfo.java:shutdownFollowerState(121)) - 875da3d9-0dec-46c7-88bf-73f7a2372b64: shutdown FollowerState
2019-10-20 10:28:37,333 [grpc-default-executor-3] INFO  impl.RaftServerImpl (RaftServerImpl.java:setRole(184)) - 9ceef694-dbcf-4070-b7b1-3b3c65b6a699@group-75987F7FE399: changes role from  FOLLOWER to FOLLOWER at term 207 for recognizeCandidate:df12c920-952d-4704-9c70-1a288e2f77c7
2019-10-20 10:28:37,333 [Thread-1482] INFO  impl.FollowerState (FollowerState.java:run(117)) - 875da3d9-0dec-46c7-88bf-73f7a2372b64@group-75987F7FE399-FollowerState was interrupted: java.lang.InterruptedException: sleep interrupted
2019-10-20 10:28:37,333 [grpc-default-executor-1] INFO  impl.RoleInfo (RoleInfo.java:updateAndGet(143)) - 875da3d9-0dec-46c7-88bf-73f7a2372b64: start FollowerState
2019-10-20 10:28:37,333 [grpc-default-executor-3] INFO  impl.RoleInfo (RoleInfo.java:shutdownFollowerState(121)) - 9ceef694-dbcf-4070-b7b1-3b3c65b6a699: shutdown FollowerState
2019-10-20 10:28:37,333 [grpc-default-executor-3] INFO  impl.RoleInfo (RoleInfo.java:updateAndGet(143)) - 9ceef694-dbcf-4070-b7b1-3b3c65b6a699: start FollowerState
2019-10-20 10:28:37,333 [Thread-1481] INFO  impl.FollowerState (FollowerState.java:run(117)) - 9ceef694-dbcf-4070-b7b1-3b3c65b6a699@group-75987F7FE399-FollowerState was interrupted: java.lang.InterruptedException: sleep interrupted
2019-10-20 10:28:37,341 [df12c920-952d-4704-9c70-1a288e2f77c7@group-75987F7FE399-LeaderElection188] INFO  impl.LeaderElection (LeaderElection.java:logAndReturn(56)) - df12c920-952d-4704-9c70-1a288e2f77c7@group-75987F7FE399-LeaderElection188: Election TIMEOUT; received 0 response(s) [] and 0 exception(s); df12c920-952d-4704-9c70-1a288e2f77c7@group-75987F7FE399:t207, leader=null, voted=df12c920-952d-4704-9c70-1a288e2f77c7, raftlog=df12c920-952d-4704-9c70-1a288e2f77c7@group-75987F7FE399-SegmentedRaftLog:OPENED:c-1,f-1,i0, conf=-1: [875da3d9-0dec-46c7-88bf-73f7a2372b64:192.168.69.89:39990, df12c920-952d-4704-9c70-1a288e2f77c7:192.168.69.89:43948, 9ceef694-dbcf-4070-b7b1-3b3c65b6a699:192.168.69.89:36536], old=null
2019-10-20 10:28:37,358 [df12c920-952d-4704-9c70-1a288e2f77c7@group-75987F7FE399-LeaderElection188] INFO  impl.LeaderElection (LeaderElection.java:askForVotes(178)) - df12c920-952d-4704-9c70-1a288e2f77c7@group-75987F7FE399-LeaderElection188: begin an election at term 208 for -1: [875da3d9-0dec-46c7-88bf-73f7a2372b64:192.168.69.89:39990, df12c920-952d-4704-9c70-1a288e2f77c7:192.168.69.89:43948, 9ceef694-dbcf-4070-b7b1-3b3c65b6a699:192.168.69.89:36536], old=null
2019-10-20 10:28:37,360 [grpc-default-executor-3] INFO  impl.RaftServerImpl (RaftServerImpl.java:setRole(184)) - 9ceef694-dbcf-4070-b7b1-3b3c65b6a699@group-75987F7FE399: changes role from  FOLLOWER to FOLLOWER at term 208 for recognizeCandidate:df12c920-952d-4704-9c70-1a288e2f77c7
2019-10-20 10:28:37,360 [grpc-default-executor-1] INFO  impl.RaftServerImpl (RaftServerImpl.java:setRole(184)) - 875da3d9-0dec-46c7-88bf-73f7a2372b64@group-75987F7FE399: changes role from  FOLLOWER to FOLLOWER at term 208 for recognizeCandidate:df12c920-952d-4704-9c70-1a288e2f77c7
2019-10-20 10:28:37,361 [grpc-default-executor-1] INFO  impl.RoleInfo (RoleInfo.java:shutdownFollowerState(121)) - 875da3d9-0dec-46c7-88bf-73f7a2372b64: shutdown FollowerState
2019-10-20 10:28:37,361 [grpc-default-executor-3] INFO  impl.RoleInfo (RoleInfo.java:shutdownFollowerState(121)) - 9ceef694-dbcf-4070-b7b1-3b3c65b6a699: shutdown FollowerState
2019-10-20 10:28:37,361 [Thread-1487] INFO  impl.FollowerState (FollowerState.java:run(117)) - 875da3d9-0dec-46c7-88bf-73f7a2372b64@group-75987F7FE399-FollowerState was interrupted: java.lang.InterruptedException: sleep interrupted
2019-10-20 10:28:37,361 [Thread-1488] INFO  impl.FollowerState (FollowerState.java:run(117)) - 9ceef694-dbcf-4070-b7b1-3b3c65b6a699@group-75987F7FE399-FollowerState was interrupted: java.lang.InterruptedException: sleep interrupted
2019-10-20 10:28:37,361 [grpc-default-executor-1] INFO  impl.RoleInfo (RoleInfo.java:updateAndGet(143)) - 875da3d9-0dec-46c7-88bf-73f7a2372b64: start FollowerState
2019-10-20 10:28:37,361 [grpc-default-executor-3] INFO  impl.RoleInfo (RoleInfo.java:updateAndGet(143)) - 9ceef694-dbcf-4070-b7b1-3b3c65b6a699: start FollowerState
2019-10-20 10:28:37,381 [df12c920-952d-4704-9c70-1a288e2f77c7@group-75987F7FE399-LeaderElection188] INFO  impl.LeaderElection (LeaderElection.java:logAndReturn(56)) - df12c920-952d-4704-9c70-1a288e2f77c7@group-75987F7FE399-LeaderElection188: Election TIMEOUT; received 0 response(s) [] and 0 exception(s); df12c920-952d-4704-9c70-1a288e2f77c7@group-75987F7FE399:t208, leader=null, voted=df12c920-952d-4704-9c70-1a288e2f77c7, raftlog=df12c920-952d-4704-9c70-1a288e2f77c7@group-75987F7FE399-SegmentedRaftLog:OPENED:c-1,f-1,i0, conf=-1: [875da3d9-0dec-46c7-88bf-73f7a2372b64:192.168.69.89:39990, df12c920-952d-4704-9c70-1a288e2f77c7:192.168.69.89:43948, 9ceef694-dbcf-4070-b7b1-3b3c65b6a699:192.168.69.89:36536], old=null
2019-10-20 10:28:37,389 [df12c920-952d-4704-9c70-1a288e2f77c7@group-75987F7FE399-LeaderElection188] INFO  impl.LeaderElection (LeaderElection.java:askForVotes(178)) - df12c920-952d-4704-9c70-1a288e2f77c7@group-75987F7FE399-LeaderElection188: begin an election at term 209 for -1: [875da3d9-0dec-46c7-88bf-73f7a2372b64:192.168.69.89:39990, df12c920-952d-4704-9c70-1a288e2f77c7:192.168.69.89:43948, 9ceef694-dbcf-4070-b7b1-3b3c65b6a699:192.168.69.89:36536], old=null
2019-10-20 10:28:37,391 [grpc-default-executor-3] INFO  impl.RaftServerImpl (RaftServerImpl.java:setRole(184)) - 875da3d9-0dec-46c7-88bf-73f7a2372b64@group-75987F7FE399: changes role from  FOLLOWER to FOLLOWER at term 209 for recognizeCandidate:df12c920-952d-4704-9c70-1a288e2f77c7
2019-10-20 10:28:37,392 [grpc-default-executor-3] INFO  impl.RoleInfo (RoleInfo.java:shutdownFollowerState(121)) - 875da3d9-0dec-46c7-88bf-73f7a2372b64: shutdown FollowerState
2019-10-20 10:28:37,392 [grpc-default-executor-1] INFO  impl.RaftServerImpl (RaftServerImpl.java:setRole(184)) - 9ceef694-dbcf-4070-b7b1-3b3c65b6a699@group-75987F7FE399: changes role from  FOLLOWER to FOLLOWER at term 209 for recognizeCandidate:df12c920-952d-4704-9c70-1a288e2f77c7
2019-10-20 10:28:37,392 [Thread-1491] INFO  impl.FollowerState (FollowerState.java:run(117)) - 875da3d9-0dec-46c7-88bf-73f7a2372b64@group-75987F7FE399-FollowerState was interrupted: java.lang.InterruptedException: sleep interrupted
2019-10-20 10:28:37,392 [grpc-default-executor-3] INFO  impl.RoleInfo (RoleInfo.java:updateAndGet(143)) - 875da3d9-0dec-46c7-88bf-73f7a2372b64: start FollowerState
2019-10-20 10:28:37,392 [grpc-default-executor-1] INFO  impl.RoleInfo (RoleInfo.java:shutdownFollowerState(121)) - 9ceef694-dbcf-4070-b7b1-3b3c65b6a699: shutdown FollowerState
2019-10-20 10:28:37,392 [grpc-default-executor-1] INFO  impl.RoleInfo (RoleInfo.java:updateAndGet(143)) - 9ceef694-dbcf-4070-b7b1-3b3c65b6a699: start FollowerState
2019-10-20 10:28:37,392 [Thread-1492] INFO  impl.FollowerState (FollowerState.java:run(117)) - 9ceef694-dbcf-4070-b7b1-3b3c65b6a699@group-75987F7FE399-FollowerState was interrupted: java.lang.InterruptedException: sleep interrupted
2019-10-20 10:28:37,407 [df12c920-952d-4704-9c70-1a288e2f77c7@group-75987F7FE399-LeaderElection188] INFO  impl.LeaderElection (LeaderElection.java:logAndReturn(56)) - df12c920-952d-4704-9c70-1a288e2f77c7@group-75987F7FE399-LeaderElection188: Election REJECTED; received 2 response(s) [df12c920-952d-4704-9c70-1a288e2f77c7<-875da3d9-0dec-46c7-88bf-73f7a2372b64#0:FAIL-t209, df12c920-952d-4704-9c70-1a288e2f77c7<-9ceef694-dbcf-4070-b7b1-3b3c65b6a699#0:FAIL-t209] and 0 exception(s); df12c920-952d-4704-9c70-1a288e2f77c7@group-75987F7FE399:t209, leader=null, voted=df12c920-952d-4704-9c70-1a288e2f77c7, raftlog=df12c920-952d-4704-9c70-1a288e2f77c7@group-75987F7FE399-SegmentedRaftLog:OPENED:c-1,f-1,i0, conf=-1: [875da3d9-0dec-46c7-88bf-73f7a2372b64:192.168.69.89:39990, df12c920-952d-4704-9c70-1a288e2f77c7:192.168.69.89:43948, 9ceef694-dbcf-4070-b7b1-3b3c65b6a699:192.168.69.89:36536], old=null
2019-10-20 10:28:37,407 [df12c920-952d-4704-9c70-1a288e2f77c7@group-75987F7FE399-LeaderElection188] INFO  impl.RaftServerImpl (RaftServerImpl.java:setRole(184)) - df12c920-952d-4704-9c70-1a288e2f77c7@group-75987F7FE399: changes role from CANDIDATE to FOLLOWER at term 209 for DISCOVERED_A_NEW_TERM
2019-10-20 10:28:37,407 [df12c920-952d-4704-9c70-1a288e2f77c7@group-75987F7FE399-LeaderElection188] INFO  impl.RoleInfo (RoleInfo.java:shutdownLeaderElection(134)) - df12c920-952d-4704-9c70-1a288e2f77c7: shutdown LeaderElection
2019-10-20 10:28:37,407 [df12c920-952d-4704-9c70-1a288e2f77c7@group-75987F7FE399-LeaderElection188] INFO  impl.RoleInfo (RoleInfo.java:updateAndGet(143)) - df12c920-952d-4704-9c70-1a288e2f77c7: start FollowerState
2019-10-20 10:28:37,541 [Thread-1497] INFO  impl.FollowerState (FollowerState.java:run(108)) - df12c920-952d-4704-9c70-1a288e2f77c7@group-75987F7FE399-FollowerState: change to CANDIDATE, lastRpcTime:134ms, electionTimeout:134ms
2019-10-20 10:28:37,542 [Thread-1497] INFO  impl.RoleInfo (RoleInfo.java:shutdownFollowerState(121)) - df12c920-952d-4704-9c70-1a288e2f77c7: shutdown FollowerState
2019-10-20 10:28:37,542 [Thread-1497] INFO  impl.RaftServerImpl (RaftServerImpl.java:setRole(184)) - df12c920-952d-4704-9c70-1a288e2f77c7@group-75987F7FE399: changes role from  FOLLOWER to CANDIDATE at term 209 for changeToCandidate
2019-10-20 10:28:37,542 [Thread-1497] INFO  impl.RoleInfo (RoleInfo.java:updateAndGet(143)) - df12c920-952d-4704-9c70-1a288e2f77c7: start LeaderElection
2019-10-20 10:28:37,556 [df12c920-952d-4704-9c70-1a288e2f77c7@group-75987F7FE399-LeaderElection189] INFO  impl.LeaderElection (LeaderElection.java:askForVotes(178)) - df12c920-952d-4704-9c70-1a288e2f77c7@group-75987F7FE399-LeaderElection189: begin an election at term 210 for -1: [875da3d9-0dec-46c7-88bf-73f7a2372b64:192.168.69.89:39990, df12c920-952d-4704-9c70-1a288e2f77c7:192.168.69.89:43948, 9ceef694-dbcf-4070-b7b1-3b3c65b6a699:192.168.69.89:36536], old=null
2019-10-20 10:28:37,558 [grpc-default-executor-1] INFO  impl.RaftServerImpl (RaftServerImpl.java:setRole(184)) - 875da3d9-0dec-46c7-88bf-73f7a2372b64@group-75987F7FE399: changes role from  FOLLOWER to FOLLOWER at term 210 for recognizeCandidate:df12c920-952d-4704-9c70-1a288e2f77c7
2019-10-20 10:28:37,558 [grpc-default-executor-3] INFO  impl.RaftServerImpl (RaftServerImpl.java:setRole(184)) - 9ceef694-dbcf-4070-b7b1-3b3c65b6a699@group-75987F7FE399: changes role from  FOLLOWER to FOLLOWER at term 210 for recognizeCandidate:df12c920-952d-4704-9c70-1a288e2f77c7
2019-10-20 10:28:37,558 [grpc-default-executor-1] INFO  impl.RoleInfo (RoleInfo.java:shutdownFollowerState(121)) - 875da3d9-0dec-46c7-88bf-73f7a2372b64: shutdown FollowerState
2019-10-20 10:28:37,558 [grpc-default-executor-3] INFO  impl.RoleInfo (RoleInfo.java:shutdownFollowerState(121)) - 9ceef694-dbcf-4070-b7b1-3b3c65b6a699: shutdown FollowerState
2019-10-20 10:28:37,559 [Thread-1495] INFO  impl.FollowerState (FollowerState.java:run(117)) - 875da3d9-0dec-46c7-88bf-73f7a2372b64@group-75987F7FE399-FollowerState was interrupted: java.lang.InterruptedException: sleep interrupted
2019-10-20 10:28:37,559 [grpc-default-executor-1] INFO  impl.RoleInfo (RoleInfo.java:updateAndGet(143)) - 875da3d9-0dec-46c7-88bf-73f7a2372b64: start FollowerState
2019-10-20 10:28:37,559 [Thread-1496] INFO  impl.FollowerState (FollowerState.java:run(117)) - 9ceef694-dbcf-4070-b7b1-3b3c65b6a699@group-75987F7FE399-FollowerState was interrupted: java.lang.InterruptedException: sleep interrupted
2019-10-20 10:28:37,559 [grpc-default-executor-3] INFO  impl.RoleInfo (RoleInfo.java:updateAndGet(143)) - 9ceef694-dbcf-4070-b7b1-3b3c65b6a699: start FollowerState
2019-10-20 10:28:37,572 [df12c920-952d-4704-9c70-1a288e2f77c7@group-75987F7FE399-LeaderElection189] INFO  impl.LeaderElection (LeaderElection.java:logAndReturn(56)) - df12c920-952d-4704-9c70-1a288e2f77c7@group-75987F7FE399-LeaderElection189: Election TIMEOUT; received 0 response(s) [] and 0 exception(s); df12c920-952d-4704-9c70-1a288e2f77c7@group-75987F7FE399:t210, leader=null, voted=df12c920-952d-4704-9c70-1a288e2f77c7, raftlog=df12c920-952d-4704-9c70-1a288e2f77c7@group-75987F7FE399-SegmentedRaftLog:OPENED:c-1,f-1,i0, conf=-1: [875da3d9-0dec-46c7-88bf-73f7a2372b64:192.168.69.89:39990, df12c920-952d-4704-9c70-1a288e2f77c7:192.168.69.89:43948, 9ceef694-dbcf-4070-b7b1-3b3c65b6a699:192.168.69.89:36536], old=null
2019-10-20 10:28:37,585 [df12c920-952d-4704-9c70-1a288e2f77c7@group-75987F7FE399-LeaderElection189] INFO  impl.LeaderElection (LeaderElection.java:askForVotes(178)) - df12c920-952d-4704-9c70-1a288e2f77c7@group-75987F7FE399-LeaderElection189: begin an election at term 211 for -1: [875da3d9-0dec-46c7-88bf-73f7a2372b64:192.168.69.89:39990, df12c920-952d-4704-9c70-1a288e2f77c7:192.168.69.89:43948, 9ceef694-dbcf-4070-b7b1-3b3c65b6a699:192.168.69.89:36536], old=null
2019-10-20 10:28:37,587 [grpc-default-executor-3] INFO  impl.RaftServerImpl (RaftServerImpl.java:setRole(184)) - 875da3d9-0dec-46c7-88bf-73f7a2372b64@group-75987F7FE399: changes role from  FOLLOWER to FOLLOWER at term 211 for recognizeCandidate:df12c920-952d-4704-9c70-1a288e2f77c7
2019-10-20 10:28:37,587 [grpc-default-executor-3] INFO  impl.RoleInfo (RoleInfo.java:shutdownFollowerState(121)) - 875da3d9-0dec-46c7-88bf-73f7a2372b64: shutdown FollowerState
2019-10-20 10:28:37,587 [grpc-default-executor-1] INFO  impl.RaftServerImpl (RaftServerImpl.java:setRole(184)) - 9ceef694-dbcf-4070-b7b1-3b3c65b6a699@group-75987F7FE399: changes role from  FOLLOWER to FOLLOWER at term 211 for recognizeCandidate:df12c920-952d-4704-9c70-1a288e2f77c7
2019-10-20 10:28:37,587 [Thread-1501] INFO  impl.FollowerState (FollowerState.java:run(117)) - 875da3d9-0dec-46c7-88bf-73f7a2372b64@group-75987F7FE399-FollowerState was interrupted: java.lang.InterruptedException: sleep interrupted
2019-10-20 10:28:37,587 [grpc-default-executor-3] INFO  impl.RoleInfo (RoleInfo.java:updateAndGet(143)) - 875da3d9-0dec-46c7-88bf-73f7a2372b64: start FollowerState
2019-10-20 10:28:37,587 [grpc-default-executor-1] INFO  impl.RoleInfo (RoleInfo.java:shutdownFollowerState(121)) - 9ceef694-dbcf-4070-b7b1-3b3c65b6a699: shutdown FollowerState
2019-10-20 10:28:37,587 [grpc-default-executor-1] INFO  impl.RoleInfo (RoleInfo.java:updateAndGet(143)) - 9ceef694-dbcf-4070-b7b1-3b3c65b6a699: start FollowerState
2019-10-20 10:28:37,588 [Thread-1502] INFO  impl.FollowerState (FollowerState.java:run(117)) - 9ceef694-dbcf-4070-b7b1-3b3c65b6a699@group-75987F7FE399-FollowerState was interrupted: java.lang.InterruptedException: sleep interrupted
2019-10-20 10:28:37,613 [df12c920-952d-4704-9c70-1a288e2f77c7@group-75987F7FE399-LeaderElection189] INFO  impl.LeaderElection (LeaderElection.java:logAndReturn(56)) - df12c920-952d-4704-9c70-1a288e2f77c7@group-75987F7FE399-LeaderElection189: Election REJECTED; received 2 response(s) [df12c920-952d-4704-9c70-1a288e2f77c7<-875da3d9-0dec-46c7-88bf-73f7a2372b64#0:FAIL-t211, df12c920-952d-4704-9c70-1a288e2f77c7<-9ceef694-dbcf-4070-b7b1-3b3c65b6a699#0:FAIL-t211] and 0 exception(s); df12c920-952d-4704-9c70-1a288e2f77c7@group-75987F7FE399:t211, leader=null, voted=df12c920-952d-4704-9c70-1a288e2f77c7, raftlog=df12c920-952d-4704-9c70-1a288e2f77c7@group-75987F7FE399-SegmentedRaftLog:OPENED:c-1,f-1,i0, conf=-1: [875da3d9-0dec-46c7-88bf-73f7a2372b64:192.168.69.89:39990, df12c920-952d-4704-9c70-1a288e2f77c7:192.168.69.89:43948, 9ceef694-dbcf-4070-b7b1-3b3c65b6a699:192.168.69.89:36536], old=null
2019-10-20 10:28:37,613 [df12c920-952d-4704-9c70-1a288e2f77c7@group-75987F7FE399-LeaderElection189] INFO  impl.RaftServerImpl (RaftServerImpl.java:setRole(184)) - df12c920-952d-4704-9c70-1a288e2f77c7@group-75987F7FE399: changes role from CANDIDATE to FOLLOWER at term 211 for DISCOVERED_A_NEW_TERM
2019-10-20 10:28:37,613 [df12c920-952d-4704-9c70-1a288e2f77c7@group-75987F7FE399-LeaderElection189] INFO  impl.RoleInfo (RoleInfo.java:shutdownLeaderElection(134)) - df12c920-952d-4704-9c70-1a288e2f77c7: shutdown LeaderElection
2019-10-20 10:28:37,613 [df12c920-952d-4704-9c70-1a288e2f77c7@group-75987F7FE399-LeaderElection189] INFO  impl.RoleInfo (RoleInfo.java:updateAndGet(143)) - df12c920-952d-4704-9c70-1a288e2f77c7: start FollowerState
2019-10-20 10:28:37,682 [Thread-1507] INFO  impl.FollowerState (FollowerState.java:run(108)) - df12c920-952d-4704-9c70-1a288e2f77c7@group-75987F7FE399-FollowerState: change to CANDIDATE, lastRpcTime:68ms, electionTimeout:68ms
2019-10-20 10:28:37,682 [Thread-1507] INFO  impl.RoleInfo (RoleInfo.java:shutdownFollowerState(121)) - df12c920-952d-4704-9c70-1a288e2f77c7: shutdown FollowerState
2019-10-20 10:28:37,682 [Thread-1507] INFO  impl.RaftServerImpl (RaftServerImpl.java:setRole(184)) - df12c920-952d-4704-9c70-1a288e2f77c7@group-75987F7FE399: changes role from  FOLLOWER to CANDIDATE at term 211 for changeToCandidate
2019-10-20 10:28:37,683 [Thread-1507] INFO  impl.RoleInfo (RoleInfo.java:updateAndGet(143)) - df12c920-952d-4704-9c70-1a288e2f77c7: start LeaderElection
2019-10-20 10:28:37,701 [df12c920-952d-4704-9c70-1a288e2f77c7@group-75987F7FE399-LeaderElection190] INFO  impl.LeaderElection (LeaderElection.java:askForVotes(178)) - df12c920-952d-4704-9c70-1a288e2f77c7@group-75987F7FE399-LeaderElection190: begin an election at term 212 for -1: [875da3d9-0dec-46c7-88bf-73f7a2372b64:192.168.69.89:39990, df12c920-952d-4704-9c70-1a288e2f77c7:192.168.69.89:43948, 9ceef694-dbcf-4070-b7b1-3b3c65b6a699:192.168.69.89:36536], old=null
2019-10-20 10:28:37,704 [grpc-default-executor-1] INFO  impl.RaftServerImpl (RaftServerImpl.java:setRole(184)) - 875da3d9-0dec-46c7-88bf-73f7a2372b64@group-75987F7FE399: changes role from  FOLLOWER to FOLLOWER at term 212 for recognizeCandidate:df12c920-952d-4704-9c70-1a288e2f77c7
2019-10-20 10:28:37,704 [grpc-default-executor-1] INFO  impl.RoleInfo (RoleInfo.java:shutdownFollowerState(121)) - 875da3d9-0dec-46c7-88bf-73f7a2372b64: shutdown FollowerState
2019-10-20 10:28:37,704 [grpc-default-executor-3] INFO  impl.RaftServerImpl (RaftServerImpl.java:setRole(184)) - 9ceef694-dbcf-4070-b7b1-3b3c65b6a699@group-75987F7FE399: changes role from  FOLLOWER to FOLLOWER at term 212 for recognizeCandidate:df12c920-952d-4704-9c70-1a288e2f77c7
2019-10-20 10:28:37,704 [Thread-1505] INFO  impl.FollowerState (FollowerState.java:run(117)) - 875da3d9-0dec-46c7-88bf-73f7a2372b64@group-75987F7FE399-FollowerState was interrupted: java.lang.InterruptedException: sleep interrupted
2019-10-20 10:28:37,704 [grpc-default-executor-1] INFO  impl.RoleInfo (RoleInfo.java:updateAndGet(143)) - 875da3d9-0dec-46c7-88bf-73f7a2372b64: start FollowerState
2019-10-20 10:28:37,704 [grpc-default-executor-3] INFO  impl.RoleInfo (RoleInfo.java:shutdownFollowerState(121)) - 9ceef694-dbcf-4070-b7b1-3b3c65b6a699: shutdown FollowerState
2019-10-20 10:28:37,705 [grpc-default-executor-3] INFO  impl.RoleInfo (RoleInfo.java:updateAndGet(143)) - 9ceef694-dbcf-4070-b7b1-3b3c65b6a699: start FollowerState
2019-10-20 10:28:37,705 [Thread-1506] INFO  impl.FollowerState (FollowerState.java:run(117)) - 9ceef694-dbcf-4070-b7b1-3b3c65b6a699@group-75987F7FE399-FollowerState was interrupted: java.lang.InterruptedException: sleep interrupted
2019-10-20 10:28:37,718 [df12c920-952d-4704-9c70-1a288e2f77c7@group-75987F7FE399-LeaderElection190] INFO  impl.LeaderElection (LeaderElection.java:logAndReturn(56)) - df12c920-952d-4704-9c70-1a288e2f77c7@group-75987F7FE399-LeaderElection190: Election REJECTED; received 2 response(s) [df12c920-952d-4704-9c70-1a288e2f77c7<-875da3d9-0dec-46c7-88bf-73f7a2372b64#0:FAIL-t212, df12c920-952d-4704-9c70-1a288e2f77c7<-9ceef694-dbcf-4070-b7b1-3b3c65b6a699#0:FAIL-t212] and 0 exception(s); df12c920-952d-4704-9c70-1a288e2f77c7@group-75987F7FE399:t212, leader=null, voted=df12c920-952d-4704-9c70-1a288e2f77c7, raftlog=df12c920-952d-4704-9c70-1a288e2f77c7@group-75987F7FE399-SegmentedRaftLog:OPENED:c-1,f-1,i0, conf=-1: [875da3d9-0dec-46c7-88bf-73f7a2372b64:192.168.69.89:39990, df12c920-952d-4704-9c70-1a288e2f77c7:192.168.69.89:43948, 9ceef694-dbcf-4070-b7b1-3b3c65b6a699:192.168.69.89:36536], old=null
2019-10-20 10:28:37,718 [df12c920-952d-4704-9c70-1a288e2f77c7@group-75987F7FE399-LeaderElection190] INFO  impl.RaftServerImpl (RaftServerImpl.java:setRole(184)) - df12c920-952d-4704-9c70-1a288e2f77c7@group-75987F7FE399: changes role from CANDIDATE to FOLLOWER at term 212 for DISCOVERED_A_NEW_TERM
2019-10-20 10:28:37,718 [df12c920-952d-4704-9c70-1a288e2f77c7@group-75987F7FE399-LeaderElection190] INFO  impl.RoleInfo (RoleInfo.java:shutdownLeaderElection(134)) - df12c920-952d-4704-9c70-1a288e2f77c7: shutdown LeaderElection
2019-10-20 10:28:37,719 [df12c920-952d-4704-9c70-1a288e2f77c7@group-75987F7FE399-LeaderElection190] INFO  impl.RoleInfo (RoleInfo.java:updateAndGet(143)) - df12c920-952d-4704-9c70-1a288e2f77c7: start FollowerState
2019-10-20 10:28:37,812 [Thread-1513] INFO  impl.FollowerState (FollowerState.java:run(108)) - df12c920-952d-4704-9c70-1a288e2f77c7@group-75987F7FE399-FollowerState: change to CANDIDATE, lastRpcTime:93ms, electionTimeout:93ms
2019-10-20 10:28:37,812 [Thread-1513] INFO  impl.RoleInfo (RoleInfo.java:shutdownFollowerState(121)) - df12c920-952d-4704-9c70-1a288e2f77c7: shutdown FollowerState
2019-10-20 10:28:37,812 [Thread-1513] INFO  impl.RaftServerImpl (RaftServerImpl.java:setRole(184)) - df12c920-952d-4704-9c70-1a288e2f77c7@group-75987F7FE399: changes role from  FOLLOWER to CANDIDATE at term 212 for changeToCandidate
2019-10-20 10:28:37,812 [Thread-1513] INFO  impl.RoleInfo (RoleInfo.java:updateAndGet(143)) - df12c920-952d-4704-9c70-1a288e2f77c7: start LeaderElection
2019-10-20 10:28:37,826 [df12c920-952d-4704-9c70-1a288e2f77c7@group-75987F7FE399-LeaderElection191] INFO  impl.LeaderElection (LeaderElection.java:askForVotes(178)) - df12c920-952d-4704-9c70-1a288e2f77c7@group-75987F7FE399-LeaderElection191: begin an election at term 213 for -1: [875da3d9-0dec-46c7-88bf-73f7a2372b64:192.168.69.89:39990, df12c920-952d-4704-9c70-1a288e2f77c7:192.168.69.89:43948, 9ceef694-dbcf-4070-b7b1-3b3c65b6a699:192.168.69.89:36536], old=null
2019-10-20 10:28:37,828 [grpc-default-executor-3] INFO  impl.RaftServerImpl (RaftServerImpl.java:setRole(184)) - 875da3d9-0dec-46c7-88bf-73f7a2372b64@group-75987F7FE399: changes role from  FOLLOWER to FOLLOWER at term 213 for recognizeCandidate:df12c920-952d-4704-9c70-1a288e2f77c7
2019-10-20 10:28:37,828 [grpc-default-executor-3] INFO  impl.RoleInfo (RoleInfo.java:shutdownFollowerState(121)) - 875da3d9-0dec-46c7-88bf-73f7a2372b64: shutdown FollowerState
2019-10-20 10:28:37,828 [grpc-default-executor-1] INFO  impl.RaftServerImpl (RaftServerImpl.java:setRole(184)) - 9ceef694-dbcf-4070-b7b1-3b3c65b6a699@group-75987F7FE399: changes role from  FOLLOWER to FOLLOWER at term 213 for recognizeCandidate:df12c920-952d-4704-9c70-1a288e2f77c7
2019-10-20 10:28:37,828 [Thread-1511] INFO  impl.FollowerState (FollowerState.java:run(117)) - 875da3d9-0dec-46c7-88bf-73f7a2372b64@group-75987F7FE399-FollowerState was interrupted: java.lang.InterruptedException: sleep interrupted
2019-10-20 10:28:37,828 [grpc-default-executor-3] INFO  impl.RoleInfo (RoleInfo.java:updateAndGet(143)) - 875da3d9-0dec-46c7-88bf-73f7a2372b64: start FollowerState
2019-10-20 10:28:37,829 [grpc-default-executor-1] INFO  impl.RoleInfo (RoleInfo.java:shutdownFollowerState(121)) - 9ceef694-dbcf-4070-b7b1-3b3c65b6a699: shutdown FollowerState
2019-10-20 10:28:37,829 [grpc-default-executor-1] INFO  impl.RoleInfo (RoleInfo.java:updateAndGet(143)) - 9ceef694-dbcf-4070-b7b1-3b3c65b6a699: start FollowerState
2019-10-20 10:28:37,829 [Thread-1512] INFO  impl.FollowerState (FollowerState.java:run(117)) - 9ceef694-dbcf-4070-b7b1-3b3c65b6a699@group-75987F7FE399-FollowerState was interrupted: java.lang.InterruptedException: sleep interrupted
2019-10-20 10:28:37,855 [df12c920-952d-4704-9c70-1a288e2f77c7@group-75987F7FE399-LeaderElection191] INFO  impl.LeaderElection (LeaderElection.java:logAndReturn(56)) - df12c920-952d-4704-9c70-1a288e2f77c7@group-75987F7FE399-LeaderElection191: Election REJECTED; received 2 response(s) [df12c920-952d-4704-9c70-1a288e2f77c7<-875da3d9-0dec-46c7-88bf-73f7a2372b64#0:FAIL-t213, df12c920-952d-4704-9c70-1a288e2f77c7<-9ceef694-dbcf-4070-b7b1-3b3c65b6a699#0:FAIL-t213] and 0 exception(s); df12c920-952d-4704-9c70-1a288e2f77c7@group-75987F7FE399:t213, leader=null, voted=df12c920-952d-4704-9c70-1a288e2f77c7, raftlog=df12c920-952d-4704-9c70-1a288e2f77c7@group-75987F7FE399-SegmentedRaftLog:OPENED:c-1,f-1,i0, conf=-1: [875da3d9-0dec-46c7-88bf-73f7a2372b64:192.168.69.89:39990, df12c920-952d-4704-9c70-1a288e2f77c7:192.168.69.89:43948, 9ceef694-dbcf-4070-b7b1-3b3c65b6a699:192.168.69.89:36536], old=null
2019-10-20 10:28:37,855 [df12c920-952d-4704-9c70-1a288e2f77c7@group-75987F7FE399-LeaderElection191] INFO  impl.RaftServerImpl (RaftServerImpl.java:setRole(184)) - df12c920-952d-4704-9c70-1a288e2f77c7@group-75987F7FE399: changes role from CANDIDATE to FOLLOWER at term 213 for DISCOVERED_A_NEW_TERM
2019-10-20 10:28:37,855 [df12c920-952d-4704-9c70-1a288e2f77c7@group-75987F7FE399-LeaderElection191] INFO  impl.RoleInfo (RoleInfo.java:shutdownLeaderElection(134)) - df12c920-952d-4704-9c70-1a288e2f77c7: shutdown LeaderElection
2019-10-20 10:28:37,856 [df12c920-952d-4704-9c70-1a288e2f77c7@group-75987F7FE399-LeaderElection191] INFO  impl.RoleInfo (RoleInfo.java:updateAndGet(143)) - df12c920-952d-4704-9c70-1a288e2f77c7: start FollowerState
2019-10-20 10:28:38,012 [Thread-1519] INFO  impl.FollowerState (FollowerState.java:run(108)) - df12c920-952d-4704-9c70-1a288e2f77c7@group-75987F7FE399-FollowerState: change to CANDIDATE, lastRpcTime:156ms, electionTimeout:156ms
2019-10-20 10:28:38,012 [Thread-1519] INFO  impl.RoleInfo (RoleInfo.java:shutdownFollowerState(121)) - df12c920-952d-4704-9c70-1a288e2f77c7: shutdown FollowerState
2019-10-20 10:28:38,013 [Thread-1519] INFO  impl.RaftServerImpl (RaftServerImpl.java:setRole(184)) - df12c920-952d-4704-9c70-1a288e2f77c7@group-75987F7FE399: changes role from  FOLLOWER to CANDIDATE at term 213 for changeToCandidate
2019-10-20 10:28:38,013 [Thread-1519] INFO  impl.RoleInfo (RoleInfo.java:updateAndGet(143)) - df12c920-952d-4704-9c70-1a288e2f77c7: start LeaderElection
2019-10-20 10:28:38,026 [df12c920-952d-4704-9c70-1a288e2f77c7@group-75987F7FE399-LeaderElection192] INFO  impl.LeaderElection (LeaderElection.java:askForVotes(178)) - df12c920-952d-4704-9c70-1a288e2f77c7@group-75987F7FE399-LeaderElection192: begin an election at term 214 for -1: [875da3d9-0dec-46c7-88bf-73f7a2372b64:192.168.69.89:39990, df12c920-952d-4704-9c70-1a288e2f77c7:192.168.69.89:43948, 9ceef694-dbcf-4070-b7b1-3b3c65b6a699:192.168.69.89:36536], old=null
2019-10-20 10:28:38,029 [grpc-default-executor-3] INFO  impl.RaftServerImpl (RaftServerImpl.java:setRole(184)) - 875da3d9-0dec-46c7-88bf-73f7a2372b64@group-75987F7FE399: changes role from  FOLLOWER to FOLLOWER at term 214 for recognizeCandidate:df12c920-952d-4704-9c70-1a288e2f77c7
2019-10-20 10:28:38,029 [grpc-default-executor-3] INFO  impl.RoleInfo (RoleInfo.java:shutdownFollowerState(121)) - 875da3d9-0dec-46c7-88bf-73f7a2372b64: shutdown FollowerState
2019-10-20 10:28:38,029 [grpc-default-executor-3] INFO  impl.RoleInfo (RoleInfo.java:updateAndGet(143)) - 875da3d9-0dec-46c7-88bf-73f7a2372b64: start FollowerState
2019-10-20 10:28:38,029 [grpc-default-executor-1] INFO  impl.RaftServerImpl (RaftServerImpl.java:setRole(184)) - 9ceef694-dbcf-4070-b7b1-3b3c65b6a699@group-75987F7FE399: changes role from  FOLLOWER to FOLLOWER at term 214 for recognizeCandidate:df12c920-952d-4704-9c70-1a288e2f77c7
2019-10-20 10:28:38,029 [Thread-1517] INFO  impl.FollowerState (FollowerState.java:run(117)) - 875da3d9-0dec-46c7-88bf-73f7a2372b64@group-75987F7FE399-FollowerState was interrupted: java.lang.InterruptedException: sleep interrupted
2019-10-20 10:28:38,029 [grpc-default-executor-1] INFO  impl.RoleInfo (RoleInfo.java:shutdownFollowerState(121)) - 9ceef694-dbcf-4070-b7b1-3b3c65b6a699: shutdown FollowerState
2019-10-20 10:28:38,030 [grpc-default-executor-1] INFO  impl.RoleInfo (RoleInfo.java:updateAndGet(143)) - 9ceef694-dbcf-4070-b7b1-3b3c65b6a699: start FollowerState
2019-10-20 10:28:38,030 [Thread-1518] INFO  impl.FollowerState (FollowerState.java:run(117)) - 9ceef694-dbcf-4070-b7b1-3b3c65b6a699@group-75987F7FE399-FollowerState was interrupted: java.lang.InterruptedException: sleep interrupted
2019-10-20 10:28:38,044 [df12c920-952d-4704-9c70-1a288e2f77c7@group-75987F7FE399-LeaderElection192] INFO  impl.LeaderElection (LeaderElection.java:logAndReturn(56)) - df12c920-952d-4704-9c70-1a288e2f77c7@group-75987F7FE399-LeaderElection192: Election REJECTED; received 2 response(s) [df12c920-952d-4704-9c70-1a288e2f77c7<-875da3d9-0dec-46c7-88bf-73f7a2372b64#0:FAIL-t214, df12c920-952d-4704-9c70-1a288e2f77c7<-9ceef694-dbcf-4070-b7b1-3b3c65b6a699#0:FAIL-t214] and 0 exception(s); df12c920-952d-4704-9c70-1a288e2f77c7@group-75987F7FE399:t214, leader=null, voted=df12c920-952d-4704-9c70-1a288e2f77c7, raftlog=df12c920-952d-4704-9c70-1a288e2f77c7@group-75987F7FE399-SegmentedRaftLog:OPENED:c-1,f-1,i0, conf=-1: [875da3d9-0dec-46c7-88bf-73f7a2372b64:192.168.69.89:39990, df12c920-952d-4704-9c70-1a288e2f77c7:192.168.69.89:43948, 9ceef694-dbcf-4070-b7b1-3b3c65b6a699:192.168.69.89:36536], old=null
2019-10-20 10:28:38,044 [df12c920-952d-4704-9c70-1a288e2f77c7@group-75987F7FE399-LeaderElection192] INFO  impl.RaftServerImpl (RaftServerImpl.java:setRole(184)) - df12c920-952d-4704-9c70-1a288e2f77c7@group-75987F7FE399: changes role from CANDIDATE to FOLLOWER at term 214 for DISCOVERED_A_NEW_TERM
2019-10-20 10:28:38,044 [df12c920-952d-4704-9c70-1a288e2f77c7@group-75987F7FE399-LeaderElection192] INFO  impl.RoleInfo (RoleInfo.java:shutdownLeaderElection(134)) - df12c920-952d-4704-9c70-1a288e2f77c7: shutdown LeaderElection
2019-10-20 10:28:38,044 [df12c920-952d-4704-9c70-1a288e2f77c7@group-75987F7FE399-LeaderElection192] INFO  impl.RoleInfo (RoleInfo.java:updateAndGet(143)) - df12c920-952d-4704-9c70-1a288e2f77c7: start FollowerState
2019-10-20 10:28:38,089 [Thread-1527] INFO  impl.FollowerState (FollowerState.java:run(108)) - df12c920-952d-4704-9c70-1a288e2f77c7@group-75987F7FE399-FollowerState: change to CANDIDATE, lastRpcTime:44ms, electionTimeout:44ms
2019-10-20 10:28:38,089 [Thread-1527] INFO  impl.RoleInfo (RoleInfo.java:shutdownFollowerState(121)) - df12c920-952d-4704-9c70-1a288e2f77c7: shutdown FollowerState
2019-10-20 10:28:38,089 [Thread-1527] INFO  impl.RaftServerImpl (RaftServerImpl.java:setRole(184)) - df12c920-952d-4704-9c70-1a288e2f77c7@group-75987F7FE399: changes role from  FOLLOWER to CANDIDATE at term 214 for changeToCandidate
2019-10-20 10:28:38,089 [Thread-1527] INFO  impl.RoleInfo (RoleInfo.java:updateAndGet(143)) - df12c920-952d-4704-9c70-1a288e2f77c7: start LeaderElection
2019-10-20 10:28:38,115 [df12c920-952d-4704-9c70-1a288e2f77c7@group-75987F7FE399-LeaderElection193] INFO  impl.LeaderElection (LeaderElection.java:askForVotes(178)) - df12c920-952d-4704-9c70-1a288e2f77c7@group-75987F7FE399-LeaderElection193: begin an election at term 215 for -1: [875da3d9-0dec-46c7-88bf-73f7a2372b64:192.168.69.89:39990, df12c920-952d-4704-9c70-1a288e2f77c7:192.168.69.89:43948, 9ceef694-dbcf-4070-b7b1-3b3c65b6a699:192.168.69.89:36536], old=null
2019-10-20 10:28:38,117 [grpc-default-executor-1] INFO  impl.RaftServerImpl (RaftServerImpl.java:setRole(184)) - 875da3d9-0dec-46c7-88bf-73f7a2372b64@group-75987F7FE399: changes role from  FOLLOWER to FOLLOWER at term 215 for recognizeCandidate:df12c920-952d-4704-9c70-1a288e2f77c7
2019-10-20 10:28:38,117 [grpc-default-executor-3] INFO  impl.RaftServerImpl (RaftServerImpl.java:setRole(184)) - 9ceef694-dbcf-4070-b7b1-3b3c65b6a699@group-75987F7FE399: changes role from  FOLLOWER to FOLLOWER at term 215 for recognizeCandidate:df12c920-952d-4704-9c70-1a288e2f77c7
2019-10-20 10:28:38,117 [grpc-default-executor-1] INFO  impl.RoleInfo (RoleInfo.java:shutdownFollowerState(121)) - 875da3d9-0dec-46c7-88bf-73f7a2372b64: shutdown FollowerState
2019-10-20 10:28:38,117 [grpc-default-executor-3] INFO  impl.RoleInfo (RoleInfo.java:shutdownFollowerState(121)) - 9ceef694-dbcf-4070-b7b1-3b3c65b6a699: shutdown FollowerState
2019-10-20 10:28:38,117 [Thread-1525] INFO  impl.FollowerState (FollowerState.java:run(117)) - 875da3d9-0dec-46c7-88bf-73f7a2372b64@group-75987F7FE399-FollowerState was interrupted: java.lang.InterruptedException: sleep interrupted
2019-10-20 10:28:38,117 [grpc-default-executor-1] INFO  impl.RoleInfo (RoleInfo.java:updateAndGet(143)) - 875da3d9-0dec-46c7-88bf-73f7a2372b64: start FollowerState
2019-10-20 10:28:38,117 [Thread-1526] INFO  impl.FollowerState (FollowerState.java:run(117)) - 9ceef694-dbcf-4070-b7b1-3b3c65b6a699@group-75987F7FE399-FollowerState was interrupted: java.lang.InterruptedException: sleep interrupted
2019-10-20 10:28:38,117 [grpc-default-executor-3] INFO  impl.RoleInfo (RoleInfo.java:updateAndGet(143)) - 9ceef694-dbcf-4070-b7b1-3b3c65b6a699: start FollowerState
2019-10-20 10:28:38,144 [df12c920-952d-4704-9c70-1a288e2f77c7@group-75987F7FE399-LeaderElection193] INFO  impl.LeaderElection (LeaderElection.java:logAndReturn(56)) - df12c920-952d-4704-9c70-1a288e2f77c7@group-75987F7FE399-LeaderElection193: Election REJECTED; received 2 response(s) [df12c920-952d-4704-9c70-1a288e2f77c7<-875da3d9-0dec-46c7-88bf-73f7a2372b64#0:FAIL-t215, df12c920-952d-4704-9c70-1a288e2f77c7<-9ceef694-dbcf-4070-b7b1-3b3c65b6a699#0:FAIL-t215] and 0 exception(s); df12c920-952d-4704-9c70-1a288e2f77c7@group-75987F7FE399:t215, leader=null, voted=df12c920-952d-4704-9c70-1a288e2f77c7, raftlog=df12c920-952d-4704-9c70-1a288e2f77c7@group-75987F7FE399-SegmentedRaftLog:OPENED:c-1,f-1,i0, conf=-1: [875da3d9-0dec-46c7-88bf-73f7a2372b64:192.168.69.89:39990, df12c920-952d-4704-9c70-1a288e2f77c7:192.168.69.89:43948, 9ceef694-dbcf-4070-b7b1-3b3c65b6a699:192.168.69.89:36536], old=null
2019-10-20 10:28:38,145 [df12c920-952d-4704-9c70-1a288e2f77c7@group-75987F7FE399-LeaderElection193] INFO  impl.RaftServerImpl (RaftServerImpl.java:setRole(184)) - df12c920-952d-4704-9c70-1a288e2f77c7@group-75987F7FE399: changes role from CANDIDATE to FOLLOWER at term 215 for DISCOVERED_A_NEW_TERM
2019-10-20 10:28:38,145 [df12c920-952d-4704-9c70-1a288e2f77c7@group-75987F7FE399-LeaderElection193] INFO  impl.RoleInfo (RoleInfo.java:shutdownLeaderElection(134)) - df12c920-952d-4704-9c70-1a288e2f77c7: shutdown LeaderElection
2019-10-20 10:28:38,145 [df12c920-952d-4704-9c70-1a288e2f77c7@group-75987F7FE399-LeaderElection193] INFO  impl.RoleInfo (RoleInfo.java:updateAndGet(143)) - df12c920-952d-4704-9c70-1a288e2f77c7: start FollowerState
2019-10-20 10:28:38,221 [Thread-1533] INFO  impl.FollowerState (FollowerState.java:run(108)) - df12c920-952d-4704-9c70-1a288e2f77c7@group-75987F7FE399-FollowerState: change to CANDIDATE, lastRpcTime:76ms, electionTimeout:76ms
2019-10-20 10:28:38,221 [Thread-1533] INFO  impl.RoleInfo (RoleInfo.java:shutdownFollowerState(121)) - df12c920-952d-4704-9c70-1a288e2f77c7: shutdown FollowerState
2019-10-20 10:28:38,222 [Thread-1533] INFO  impl.RaftServerImpl (RaftServerImpl.java:setRole(184)) - df12c920-952d-4704-9c70-1a288e2f77c7@group-75987F7FE399: changes role from  FOLLOWER to CANDIDATE at term 215 for changeToCandidate
2019-10-20 10:28:38,222 [Thread-1533] INFO  impl.RoleInfo (RoleInfo.java:updateAndGet(143)) - df12c920-952d-4704-9c70-1a288e2f77c7: start LeaderElection
2019-10-20 10:28:38,235 [df12c920-952d-4704-9c70-1a288e2f77c7@group-75987F7FE399-LeaderElection194] INFO  impl.LeaderElection (LeaderElection.java:askForVotes(178)) - df12c920-952d-4704-9c70-1a288e2f77c7@group-75987F7FE399-LeaderElection194: begin an election at term 216 for -1: [875da3d9-0dec-46c7-88bf-73f7a2372b64:192.168.69.89:39990, df12c920-952d-4704-9c70-1a288e2f77c7:192.168.69.89:43948, 9ceef694-dbcf-4070-b7b1-3b3c65b6a699:192.168.69.89:36536], old=null
2019-10-20 10:28:38,237 [grpc-default-executor-3] INFO  impl.RaftServerImpl (RaftServerImpl.java:setRole(184)) - 875da3d9-0dec-46c7-88bf-73f7a2372b64@group-75987F7FE399: changes role from  FOLLOWER to FOLLOWER at term 216 for recognizeCandidate:df12c920-952d-4704-9c70-1a288e2f77c7
2019-10-20 10:28:38,237 [grpc-default-executor-3] INFO  impl.RoleInfo (RoleInfo.java:shutdownFollowerState(121)) - 875da3d9-0dec-46c7-88bf-73f7a2372b64: shutdown FollowerState
2019-10-20 10:28:38,237 [grpc-default-executor-1] INFO  impl.RaftServerImpl (RaftServerImpl.java:setRole(184)) - 9ceef694-dbcf-4070-b7b1-3b3c65b6a699@group-75987F7FE399: changes role from  FOLLOWER to FOLLOWER at term 216 for recognizeCandidate:df12c920-952d-4704-9c70-1a288e2f77c7
2019-10-20 10:28:38,238 [Thread-1531] INFO  impl.FollowerState (FollowerState.java:run(117)) - 875da3d9-0dec-46c7-88bf-73f7a2372b64@group-75987F7FE399-FollowerState was interrupted: java.lang.InterruptedException: sleep interrupted
2019-10-20 10:28:38,237 [grpc-default-executor-3] INFO  impl.RoleInfo (RoleInfo.java:updateAndGet(143)) - 875da3d9-0dec-46c7-88bf-73f7a2372b64: start FollowerState
2019-10-20 10:28:38,238 [grpc-default-executor-1] INFO  impl.RoleInfo (RoleInfo.java:shutdownFollowerState(121)) - 9ceef694-dbcf-4070-b7b1-3b3c65b6a699: shutdown FollowerState
2019-10-20 10:28:38,238 [grpc-default-executor-1] INFO  impl.RoleInfo (RoleInfo.java:updateAndGet(143)) - 9ceef694-dbcf-4070-b7b1-3b3c65b6a699: start FollowerState
2019-10-20 10:28:38,238 [Thread-1532] INFO  impl.FollowerState (FollowerState.java:run(117)) - 9ceef694-dbcf-4070-b7b1-3b3c65b6a699@group-75987F7FE399-FollowerState was interrupted: java.lang.InterruptedException: sleep interrupted
2019-10-20 10:28:38,269 [df12c920-952d-4704-9c70-1a288e2f77c7@group-75987F7FE399-LeaderElection194] INFO  impl.LeaderElection (LeaderElection.java:logAndReturn(56)) - df12c920-952d-4704-9c70-1a288e2f77c7@group-75987F7FE399-LeaderElection194: Election REJECTED; received 2 response(s) [df12c920-952d-4704-9c70-1a288e2f77c7<-875da3d9-0dec-46c7-88bf-73f7a2372b64#0:FAIL-t216, df12c920-952d-4704-9c70-1a288e2f77c7<-9ceef694-dbcf-4070-b7b1-3b3c65b6a699#0:FAIL-t216] and 0 exception(s); df12c920-952d-4704-9c70-1a288e2f77c7@group-75987F7FE399:t216, leader=null, voted=df12c920-952d-4704-9c70-1a288e2f77c7, raftlog=df12c920-952d-4704-9c70-1a288e2f77c7@group-75987F7FE399-SegmentedRaftLog:OPENED:c-1,f-1,i0, conf=-1: [875da3d9-0dec-46c7-88bf-73f7a2372b64:192.168.69.89:39990, df12c920-952d-4704-9c70-1a288e2f77c7:192.168.69.89:43948, 9ceef694-dbcf-4070-b7b1-3b3c65b6a699:192.168.69.89:36536], old=null
2019-10-20 10:28:38,269 [df12c920-952d-4704-9c70-1a288e2f77c7@group-75987F7FE399-LeaderElection194] INFO  impl.RaftServerImpl (RaftServerImpl.java:setRole(184)) - df12c920-952d-4704-9c70-1a288e2f77c7@group-75987F7FE399: changes role from CANDIDATE to FOLLOWER at term 216 for DISCOVERED_A_NEW_TERM
2019-10-20 10:28:38,269 [df12c920-952d-4704-9c70-1a288e2f77c7@group-75987F7FE399-LeaderElection194] INFO  impl.RoleInfo (RoleInfo.java:shutdownLeaderElection(134)) - df12c920-952d-4704-9c70-1a288e2f77c7: shutdown LeaderElection
2019-10-20 10:28:38,270 [df12c920-952d-4704-9c70-1a288e2f77c7@group-75987F7FE399-LeaderElection194] INFO  impl.RoleInfo (RoleInfo.java:updateAndGet(143)) - df12c920-952d-4704-9c70-1a288e2f77c7: start FollowerState
2019-10-20 10:28:38,385 [Thread-1539] INFO  impl.FollowerState (FollowerState.java:run(108)) - df12c920-952d-4704-9c70-1a288e2f77c7@group-75987F7FE399-FollowerState: change to CANDIDATE, lastRpcTime:115ms, electionTimeout:115ms
2019-10-20 10:28:38,385 [Thread-1539] INFO  impl.RoleInfo (RoleInfo.java:shutdownFollowerState(121)) - df12c920-952d-4704-9c70-1a288e2f77c7: shutdown FollowerState
2019-10-20 10:28:38,385 [Thread-1539] INFO  impl.RaftServerImpl (RaftServerImpl.java:setRole(184)) - df12c920-952d-4704-9c70-1a288e2f77c7@group-75987F7FE399: changes role from  FOLLOWER to CANDIDATE at term 216 for changeToCandidate
2019-10-20 10:28:38,386 [Thread-1539] INFO  impl.RoleInfo (RoleInfo.java:updateAndGet(143)) - df12c920-952d-4704-9c70-1a288e2f77c7: start LeaderElection
2019-10-20 10:28:38,400 [df12c920-952d-4704-9c70-1a288e2f77c7@group-75987F7FE399-LeaderElection195] INFO  impl.LeaderElection (LeaderElection.java:askForVotes(178)) - df12c920-952d-4704-9c70-1a288e2f77c7@group-75987F7FE399-LeaderElection195: begin an election at term 217 for -1: [875da3d9-0dec-46c7-88bf-73f7a2372b64:192.168.69.89:39990, df12c920-952d-4704-9c70-1a288e2f77c7:192.168.69.89:43948, 9ceef694-dbcf-4070-b7b1-3b3c65b6a699:192.168.69.89:36536], old=null
2019-10-20 10:28:38,403 [grpc-default-executor-3] INFO  impl.RaftServerImpl (RaftServerImpl.java:setRole(184)) - 875da3d9-0dec-46c7-88bf-73f7a2372b64@group-75987F7FE399: changes role from  FOLLOWER to FOLLOWER at term 217 for recognizeCandidate:df12c920-952d-4704-9c70-1a288e2f77c7
2019-10-20 10:28:38,403 [grpc-default-executor-3] INFO  impl.RoleInfo (RoleInfo.java:shutdownFollowerState(121)) - 875da3d9-0dec-46c7-88bf-73f7a2372b64: shutdown FollowerState
2019-10-20 10:28:38,403 [grpc-default-executor-3] INFO  impl.RoleInfo (RoleInfo.java:updateAndGet(143)) - 875da3d9-0dec-46c7-88bf-73f7a2372b64: start FollowerState
2019-10-20 10:28:38,403 [Thread-1537] INFO  impl.FollowerState (FollowerState.java:run(117)) - 875da3d9-0dec-46c7-88bf-73f7a2372b64@group-75987F7FE399-FollowerState was interrupted: java.lang.InterruptedException: sleep interrupted
2019-10-20 10:28:38,403 [grpc-default-executor-1] INFO  impl.RaftServerImpl (RaftServerImpl.java:setRole(184)) - 9ceef694-dbcf-4070-b7b1-3b3c65b6a699@group-75987F7FE399: changes role from  FOLLOWER to FOLLOWER at term 217 for recognizeCandidate:df12c920-952d-4704-9c70-1a288e2f77c7
2019-10-20 10:28:38,404 [grpc-default-executor-1] INFO  impl.RoleInfo (RoleInfo.java:shutdownFollowerState(121)) - 9ceef694-dbcf-4070-b7b1-3b3c65b6a699: shutdown FollowerState
2019-10-20 10:28:38,404 [grpc-default-executor-1] INFO  impl.RoleInfo (RoleInfo.java:updateAndGet(143)) - 9ceef694-dbcf-4070-b7b1-3b3c65b6a699: start FollowerState
2019-10-20 10:28:38,404 [Thread-1538] INFO  impl.FollowerState (FollowerState.java:run(117)) - 9ceef694-dbcf-4070-b7b1-3b3c65b6a699@group-75987F7FE399-FollowerState was interrupted: java.lang.InterruptedException: sleep interrupted
2019-10-20 10:28:38,430 [df12c920-952d-4704-9c70-1a288e2f77c7@group-75987F7FE399-LeaderElection195] INFO  impl.LeaderElection (LeaderElection.java:logAndReturn(56)) - df12c920-952d-4704-9c70-1a288e2f77c7@group-75987F7FE399-LeaderElection195: Election REJECTED; received 2 response(s) [df12c920-952d-4704-9c70-1a288e2f77c7<-875da3d9-0dec-46c7-88bf-73f7a2372b64#0:FAIL-t217, df12c920-952d-4704-9c70-1a288e2f77c7<-9ceef694-dbcf-4070-b7b1-3b3c65b6a699#0:FAIL-t217] and 0 exception(s); df12c920-952d-4704-9c70-1a288e2f77c7@group-75987F7FE399:t217, leader=null, voted=df12c920-952d-4704-9c70-1a288e2f77c7, raftlog=df12c920-952d-4704-9c70-1a288e2f77c7@group-75987F7FE399-SegmentedRaftLog:OPENED:c-1,f-1,i0, conf=-1: [875da3d9-0dec-46c7-88bf-73f7a2372b64:192.168.69.89:39990, df12c920-952d-4704-9c70-1a288e2f77c7:192.168.69.89:43948, 9ceef694-dbcf-4070-b7b1-3b3c65b6a699:192.168.69.89:36536], old=null
2019-10-20 10:28:38,430 [df12c920-952d-4704-9c70-1a288e2f77c7@group-75987F7FE399-LeaderElection195] INFO  impl.RaftServerImpl (RaftServerImpl.java:setRole(184)) - df12c920-952d-4704-9c70-1a288e2f77c7@group-75987F7FE399: changes role from CANDIDATE to FOLLOWER at term 217 for DISCOVERED_A_NEW_TERM
2019-10-20 10:28:38,430 [df12c920-952d-4704-9c70-1a288e2f77c7@group-75987F7FE399-LeaderElection195] INFO  impl.RoleInfo (RoleInfo.java:shutdownLeaderElection(134)) - df12c920-952d-4704-9c70-1a288e2f77c7: shutdown LeaderElection
2019-10-20 10:28:38,431 [df12c920-952d-4704-9c70-1a288e2f77c7@group-75987F7FE399-LeaderElection195] INFO  impl.RoleInfo (RoleInfo.java:updateAndGet(143)) - df12c920-952d-4704-9c70-1a288e2f77c7: start FollowerState
2019-10-20 10:28:38,604 [Thread-1545] INFO  impl.FollowerState (FollowerState.java:run(108)) - df12c920-952d-4704-9c70-1a288e2f77c7@group-75987F7FE399-FollowerState: change to CANDIDATE, lastRpcTime:173ms, electionTimeout:173ms
2019-10-20 10:28:38,604 [Thread-1545] INFO  impl.RoleInfo (RoleInfo.java:shutdownFollowerState(121)) - df12c920-952d-4704-9c70-1a288e2f77c7: shutdown FollowerState
2019-10-20 10:28:38,605 [Thread-1545] INFO  impl.RaftServerImpl (RaftServerImpl.java:setRole(184)) - df12c920-952d-4704-9c70-1a288e2f77c7@group-75987F7FE399: changes role from  FOLLOWER to CANDIDATE at term 217 for changeToCandidate
2019-10-20 10:28:38,605 [Thread-1545] INFO  impl.RoleInfo (RoleInfo.java:updateAndGet(143)) - df12c920-952d-4704-9c70-1a288e2f77c7: start LeaderElection
2019-10-20 10:28:38,618 [df12c920-952d-4704-9c70-1a288e2f77c7@group-75987F7FE399-LeaderElection196] INFO  impl.LeaderElection (LeaderElection.java:askForVotes(178)) - df12c920-952d-4704-9c70-1a288e2f77c7@group-75987F7FE399-LeaderElection196: begin an election at term 218 for -1: [875da3d9-0dec-46c7-88bf-73f7a2372b64:192.168.69.89:39990, df12c920-952d-4704-9c70-1a288e2f77c7:192.168.69.89:43948, 9ceef694-dbcf-4070-b7b1-3b3c65b6a699:192.168.69.89:36536], old=null
2019-10-20 10:28:38,620 [grpc-default-executor-3] INFO  impl.RaftServerImpl (RaftServerImpl.java:setRole(184)) - 875da3d9-0dec-46c7-88bf-73f7a2372b64@group-75987F7FE399: changes role from  FOLLOWER to FOLLOWER at term 218 for recognizeCandidate:df12c920-952d-4704-9c70-1a288e2f77c7
2019-10-20 10:28:38,621 [grpc-default-executor-3] INFO  impl.RoleInfo (RoleInfo.java:shutdownFollowerState(121)) - 875da3d9-0dec-46c7-88bf-73f7a2372b64: shutdown FollowerState
2019-10-20 10:28:38,621 [grpc-default-executor-1] INFO  impl.RaftServerImpl (RaftServerImpl.java:setRole(184)) - 9ceef694-dbcf-4070-b7b1-3b3c65b6a699@group-75987F7FE399: changes role from  FOLLOWER to FOLLOWER at term 218 for recognizeCandidate:df12c920-952d-4704-9c70-1a288e2f77c7
2019-10-20 10:28:38,621 [Thread-1543] INFO  impl.FollowerState (FollowerState.java:run(117)) - 875da3d9-0dec-46c7-88bf-73f7a2372b64@group-75987F7FE399-FollowerState was interrupted: java.lang.InterruptedException: sleep interrupted
2019-10-20 10:28:38,621 [grpc-default-executor-3] INFO  impl.RoleInfo (RoleInfo.java:updateAndGet(143)) - 875da3d9-0dec-46c7-88bf-73f7a2372b64: start FollowerState
2019-10-20 10:28:38,621 [grpc-default-executor-1] INFO  impl.RoleInfo (RoleInfo.java:shutdownFollowerState(121)) - 9ceef694-dbcf-4070-b7b1-3b3c65b6a699: shutdown FollowerState
2019-10-20 10:28:38,622 [grpc-default-executor-1] INFO  impl.RoleInfo (RoleInfo.java:updateAndGet(143)) - 9ceef694-dbcf-4070-b7b1-3b3c65b6a699: start FollowerState
2019-10-20 10:28:38,622 [Thread-1544] INFO  impl.FollowerState (FollowerState.java:run(117)) - 9ceef694-dbcf-4070-b7b1-3b3c65b6a699@group-75987F7FE399-FollowerState was interrupted: java.lang.InterruptedException: sleep interrupted
2019-10-20 10:28:38,636 [df12c920-952d-4704-9c70-1a288e2f77c7@group-75987F7FE399-LeaderElection196] INFO  impl.LeaderElection (LeaderElection.java:logAndReturn(56)) - df12c920-952d-4704-9c70-1a288e2f77c7@group-75987F7FE399-LeaderElection196: Election REJECTED; received 2 response(s) [df12c920-952d-4704-9c70-1a288e2f77c7<-875da3d9-0dec-46c7-88bf-73f7a2372b64#0:FAIL-t218, df12c920-952d-4704-9c70-1a288e2f77c7<-9ceef694-dbcf-4070-b7b1-3b3c65b6a699#0:FAIL-t218] and 0 exception(s); df12c920-952d-4704-9c70-1a288e2f77c7@group-75987F7FE399:t218, leader=null, voted=df12c920-952d-4704-9c70-1a288e2f77c7, raftlog=df12c920-952d-4704-9c70-1a288e2f77c7@group-75987F7FE399-SegmentedRaftLog:OPENED:c-1,f-1,i0, conf=-1: [875da3d9-0dec-46c7-88bf-73f7a2372b64:192.168.69.89:39990, df12c920-952d-4704-9c70-1a288e2f77c7:192.168.69.89:43948, 9ceef694-dbcf-4070-b7b1-3b3c65b6a699:192.168.69.89:36536], old=null
2019-10-20 10:28:38,636 [df12c920-952d-4704-9c70-1a288e2f77c7@group-75987F7FE399-LeaderElection196] INFO  impl.RaftServerImpl (RaftServerImpl.java:setRole(184)) - df12c920-952d-4704-9c70-1a288e2f77c7@group-75987F7FE399: changes role from CANDIDATE to FOLLOWER at term 218 for DISCOVERED_A_NEW_TERM
2019-10-20 10:28:38,636 [df12c920-952d-4704-9c70-1a288e2f77c7@group-75987F7FE399-LeaderElection196] INFO  impl.RoleInfo (RoleInfo.java:shutdownLeaderElection(134)) - df12c920-952d-4704-9c70-1a288e2f77c7: shutdown LeaderElection
2019-10-20 10:28:38,636 [df12c920-952d-4704-9c70-1a288e2f77c7@group-75987F7FE399-LeaderElection196] INFO  impl.RoleInfo (RoleInfo.java:updateAndGet(143)) - df12c920-952d-4704-9c70-1a288e2f77c7: start FollowerState
2019-10-20 10:28:38,750 [Thread-1551] INFO  impl.FollowerState (FollowerState.java:run(108)) - df12c920-952d-4704-9c70-1a288e2f77c7@group-75987F7FE399-FollowerState: change to CANDIDATE, lastRpcTime:113ms, electionTimeout:113ms
2019-10-20 10:28:38,750 [Thread-1551] INFO  impl.RoleInfo (RoleInfo.java:shutdownFollowerState(121)) - df12c920-952d-4704-9c70-1a288e2f77c7: shutdown FollowerState
2019-10-20 10:28:38,750 [Thread-1551] INFO  impl.RaftServerImpl (RaftServerImpl.java:setRole(184)) - df12c920-952d-4704-9c70-1a288e2f77c7@group-75987F7FE399: changes role from  FOLLOWER to CANDIDATE at term 218 for changeToCandidate
2019-10-20 10:28:38,750 [Thread-1551] INFO  impl.RoleInfo (RoleInfo.java:updateAndGet(143)) - df12c920-952d-4704-9c70-1a288e2f77c7: start LeaderElection
2019-10-20 10:28:38,764 [df12c920-952d-4704-9c70-1a288e2f77c7@group-75987F7FE399-LeaderElection197] INFO  impl.LeaderElection (LeaderElection.java:askForVotes(178)) - df12c920-952d-4704-9c70-1a288e2f77c7@group-75987F7FE399-LeaderElection197: begin an election at term 219 for -1: [875da3d9-0dec-46c7-88bf-73f7a2372b64:192.168.69.89:39990, df12c920-952d-4704-9c70-1a288e2f77c7:192.168.69.89:43948, 9ceef694-dbcf-4070-b7b1-3b3c65b6a699:192.168.69.89:36536], old=null
2019-10-20 10:28:38,766 [grpc-default-executor-1] INFO  impl.RaftServerImpl (RaftServerImpl.java:setRole(184)) - 875da3d9-0dec-46c7-88bf-73f7a2372b64@group-75987F7FE399: changes role from  FOLLOWER to FOLLOWER at term 219 for recognizeCandidate:df12c920-952d-4704-9c70-1a288e2f77c7
2019-10-20 10:28:38,766 [grpc-default-executor-1] INFO  impl.RoleInfo (RoleInfo.java:shutdownFollowerState(121)) - 875da3d9-0dec-46c7-88bf-73f7a2372b64: shutdown FollowerState
2019-10-20 10:28:38,766 [grpc-default-executor-3] INFO  impl.RaftServerImpl (RaftServerImpl.java:setRole(184)) - 9ceef694-dbcf-4070-b7b1-3b3c65b6a699@group-75987F7FE399: changes role from  FOLLOWER to FOLLOWER at term 219 for recognizeCandidate:df12c920-952d-4704-9c70-1a288e2f77c7
2019-10-20 10:28:38,766 [grpc-default-executor-3] INFO  impl.RoleInfo (RoleInfo.java:shutdownFollowerState(121)) - 9ceef694-dbcf-4070-b7b1-3b3c65b6a699: shutdown FollowerState
2019-10-20 10:28:38,766 [Thread-1549] INFO  impl.FollowerState (FollowerState.java:run(117)) - 875da3d9-0dec-46c7-88bf-73f7a2372b64@group-75987F7FE399-FollowerState was interrupted: java.lang.InterruptedException: sleep interrupted
2019-10-20 10:28:38,766 [Thread-1550] INFO  impl.FollowerState (FollowerState.java:run(117)) - 9ceef694-dbcf-4070-b7b1-3b3c65b6a699@group-75987F7FE399-FollowerState was interrupted: java.lang.InterruptedException: sleep interrupted
2019-10-20 10:28:38,766 [grpc-default-executor-1] INFO  impl.RoleInfo (RoleInfo.java:updateAndGet(143)) - 875da3d9-0dec-46c7-88bf-73f7a2372b64: start FollowerState
2019-10-20 10:28:38,766 [grpc-default-executor-3] INFO  impl.RoleInfo (RoleInfo.java:updateAndGet(143)) - 9ceef694-dbcf-4070-b7b1-3b3c65b6a699: start FollowerState
2019-10-20 10:28:38,780 [df12c920-952d-4704-9c70-1a288e2f77c7@group-75987F7FE399-LeaderElection197] INFO  impl.LeaderElection (LeaderElection.java:logAndReturn(56)) - df12c920-952d-4704-9c70-1a288e2f77c7@group-75987F7FE399-LeaderElection197: Election REJECTED; received 2 response(s) [df12c920-952d-4704-9c70-1a288e2f77c7<-875da3d9-0dec-46c7-88bf-73f7a2372b64#0:FAIL-t219, df12c920-952d-4704-9c70-1a288e2f77c7<-9ceef694-dbcf-4070-b7b1-3b3c65b6a699#0:FAIL-t219] and 0 exception(s); df12c920-952d-4704-9c70-1a288e2f77c7@group-75987F7FE399:t219, leader=null, voted=df12c920-952d-4704-9c70-1a288e2f77c7, raftlog=df12c920-952d-4704-9c70-1a288e2f77c7@group-75987F7FE399-SegmentedRaftLog:OPENED:c-1,f-1,i0, conf=-1: [875da3d9-0dec-46c7-88bf-73f7a2372b64:192.168.69.89:39990, df12c920-952d-4704-9c70-1a288e2f77c7:192.168.69.89:43948, 9ceef694-dbcf-4070-b7b1-3b3c65b6a699:192.168.69.89:36536], old=null
2019-10-20 10:28:38,780 [df12c920-952d-4704-9c70-1a288e2f77c7@group-75987F7FE399-LeaderElection197] INFO  impl.RaftServerImpl (RaftServerImpl.java:setRole(184)) - df12c920-952d-4704-9c70-1a288e2f77c7@group-75987F7FE399: changes role from CANDIDATE to FOLLOWER at term 219 for DISCOVERED_A_NEW_TERM
2019-10-20 10:28:38,781 [df12c920-952d-4704-9c70-1a288e2f77c7@group-75987F7FE399-LeaderElection197] INFO  impl.RoleInfo (RoleInfo.java:shutdownLeaderElection(134)) - df12c920-952d-4704-9c70-1a288e2f77c7: shutdown LeaderElection
2019-10-20 10:28:38,781 [df12c920-952d-4704-9c70-1a288e2f77c7@group-75987F7FE399-LeaderElection197] INFO  impl.RoleInfo (RoleInfo.java:updateAndGet(143)) - df12c920-952d-4704-9c70-1a288e2f77c7: start FollowerState
2019-10-20 10:28:38,833 [Thread-1557] INFO  impl.FollowerState (FollowerState.java:run(108)) - df12c920-952d-4704-9c70-1a288e2f77c7@group-75987F7FE399-FollowerState: change to CANDIDATE, lastRpcTime:52ms, electionTimeout:52ms
2019-10-20 10:28:38,833 [Thread-1557] INFO  impl.RoleInfo (RoleInfo.java:shutdownFollowerState(121)) - df12c920-952d-4704-9c70-1a288e2f77c7: shutdown FollowerState
2019-10-20 10:28:38,833 [Thread-1557] INFO  impl.RaftServerImpl (RaftServerImpl.java:setRole(184)) - df12c920-952d-4704-9c70-1a288e2f77c7@group-75987F7FE399: changes role from  FOLLOWER to CANDIDATE at term 219 for changeToCandidate
2019-10-20 10:28:38,834 [Thread-1557] INFO  impl.RoleInfo (RoleInfo.java:updateAndGet(143)) - df12c920-952d-4704-9c70-1a288e2f77c7: start LeaderElection
2019-10-20 10:28:38,847 [df12c920-952d-4704-9c70-1a288e2f77c7@group-75987F7FE399-LeaderElection198] INFO  impl.LeaderElection (LeaderElection.java:askForVotes(178)) - df12c920-952d-4704-9c70-1a288e2f77c7@group-75987F7FE399-LeaderElection198: begin an election at term 220 for -1: [875da3d9-0dec-46c7-88bf-73f7a2372b64:192.168.69.89:39990, df12c920-952d-4704-9c70-1a288e2f77c7:192.168.69.89:43948, 9ceef694-dbcf-4070-b7b1-3b3c65b6a699:192.168.69.89:36536], old=null
2019-10-20 10:28:38,849 [grpc-default-executor-3] INFO  impl.RaftServerImpl (RaftServerImpl.java:setRole(184)) - 875da3d9-0dec-46c7-88bf-73f7a2372b64@group-75987F7FE399: changes role from  FOLLOWER to FOLLOWER at term 220 for recognizeCandidate:df12c920-952d-4704-9c70-1a288e2f77c7
2019-10-20 10:28:38,849 [grpc-default-executor-1] INFO  impl.RaftServerImpl (RaftServerImpl.java:setRole(184)) - 9ceef694-dbcf-4070-b7b1-3b3c65b6a699@group-75987F7FE399: changes role from  FOLLOWER to FOLLOWER at term 220 for recognizeCandidate:df12c920-952d-4704-9c70-1a288e2f77c7
2019-10-20 10:28:38,849 [grpc-default-executor-3] INFO  impl.RoleInfo (RoleInfo.java:shutdownFollowerState(121)) - 875da3d9-0dec-46c7-88bf-73f7a2372b64: shutdown FollowerState
2019-10-20 10:28:38,849 [grpc-default-executor-1] INFO  impl.RoleInfo (RoleInfo.java:shutdownFollowerState(121)) - 9ceef694-dbcf-4070-b7b1-3b3c65b6a699: shutdown FollowerState
2019-10-20 10:28:38,849 [Thread-1555] INFO  impl.FollowerState (FollowerState.java:run(117)) - 875da3d9-0dec-46c7-88bf-73f7a2372b64@group-75987F7FE399-FollowerState was interrupted: java.lang.InterruptedException: sleep interrupted
2019-10-20 10:28:38,849 [grpc-default-executor-3] INFO  impl.RoleInfo (RoleInfo.java:updateAndGet(143)) - 875da3d9-0dec-46c7-88bf-73f7a2372b64: start FollowerState
2019-10-20 10:28:38,849 [Thread-1556] INFO  impl.FollowerState (FollowerState.java:run(117)) - 9ceef694-dbcf-4070-b7b1-3b3c65b6a699@group-75987F7FE399-FollowerState was interrupted: java.lang.InterruptedException: sleep interrupted
2019-10-20 10:28:38,849 [grpc-default-executor-1] INFO  impl.RoleInfo (RoleInfo.java:updateAndGet(143)) - 9ceef694-dbcf-4070-b7b1-3b3c65b6a699: start FollowerState
2019-10-20 10:28:38,866 [df12c920-952d-4704-9c70-1a288e2f77c7@group-75987F7FE399-LeaderElection198] INFO  impl.LeaderElection (LeaderElection.java:logAndReturn(56)) - df12c920-952d-4704-9c70-1a288e2f77c7@group-75987F7FE399-LeaderElection198: Election REJECTED; received 2 response(s) [df12c920-952d-4704-9c70-1a288e2f77c7<-875da3d9-0dec-46c7-88bf-73f7a2372b64#0:FAIL-t220, df12c920-952d-4704-9c70-1a288e2f77c7<-9ceef694-dbcf-4070-b7b1-3b3c65b6a699#0:FAIL-t220] and 0 exception(s); df12c920-952d-4704-9c70-1a288e2f77c7@group-75987F7FE399:t220, leader=null, voted=df12c920-952d-4704-9c70-1a288e2f77c7, raftlog=df12c920-952d-4704-9c70-1a288e2f77c7@group-75987F7FE399-SegmentedRaftLog:OPENED:c-1,f-1,i0, conf=-1: [875da3d9-0dec-46c7-88bf-73f7a2372b64:192.168.69.89:39990, df12c920-952d-4704-9c70-1a288e2f77c7:192.168.69.89:43948, 9ceef694-dbcf-4070-b7b1-3b3c65b6a699:192.168.69.89:36536], old=null
2019-10-20 10:28:38,866 [df12c920-952d-4704-9c70-1a288e2f77c7@group-75987F7FE399-LeaderElection198] INFO  impl.RaftServerImpl (RaftServerImpl.java:setRole(184)) - df12c920-952d-4704-9c70-1a288e2f77c7@group-75987F7FE399: changes role from CANDIDATE to FOLLOWER at term 220 for DISCOVERED_A_NEW_TERM
2019-10-20 10:28:38,866 [df12c920-952d-4704-9c70-1a288e2f77c7@group-75987F7FE399-LeaderElection198] INFO  impl.RoleInfo (RoleInfo.java:shutdownLeaderElection(134)) - df12c920-952d-4704-9c70-1a288e2f77c7: shutdown LeaderElection
2019-10-20 10:28:38,866 [df12c920-952d-4704-9c70-1a288e2f77c7@group-75987F7FE399-LeaderElection198] INFO  impl.RoleInfo (RoleInfo.java:updateAndGet(143)) - df12c920-952d-4704-9c70-1a288e2f77c7: start FollowerState
2019-10-20 10:28:38,959 [Thread-1563] INFO  impl.FollowerState (FollowerState.java:run(108)) - df12c920-952d-4704-9c70-1a288e2f77c7@group-75987F7FE399-FollowerState: change to CANDIDATE, lastRpcTime:92ms, electionTimeout:92ms
2019-10-20 10:28:38,959 [Thread-1563] INFO  impl.RoleInfo (RoleInfo.java:shutdownFollowerState(121)) - df12c920-952d-4704-9c70-1a288e2f77c7: shutdown FollowerState
2019-10-20 10:28:38,959 [Thread-1563] INFO  impl.RaftServerImpl (RaftServerImpl.java:setRole(184)) - df12c920-952d-4704-9c70-1a288e2f77c7@group-75987F7FE399: changes role from  FOLLOWER to CANDIDATE at term 220 for changeToCandidate
2019-10-20 10:28:38,959 [Thread-1563] INFO  impl.RoleInfo (RoleInfo.java:updateAndGet(143)) - df12c920-952d-4704-9c70-1a288e2f77c7: start LeaderElection
2019-10-20 10:28:38,985 [df12c920-952d-4704-9c70-1a288e2f77c7@group-75987F7FE399-LeaderElection199] INFO  impl.LeaderElection (LeaderElection.java:askForVotes(178)) - df12c920-952d-4704-9c70-1a288e2f77c7@group-75987F7FE399-LeaderElection199: begin an election at term 221 for -1: [875da3d9-0dec-46c7-88bf-73f7a2372b64:192.168.69.89:39990, df12c920-952d-4704-9c70-1a288e2f77c7:192.168.69.89:43948, 9ceef694-dbcf-4070-b7b1-3b3c65b6a699:192.168.69.89:36536], old=null
2019-10-20 10:28:38,993 [grpc-default-executor-1] INFO  impl.RaftServerImpl (RaftServerImpl.java:setRole(184)) - 875da3d9-0dec-46c7-88bf-73f7a2372b64@group-75987F7FE399: changes role from  FOLLOWER to FOLLOWER at term 221 for recognizeCandidate:df12c920-952d-4704-9c70-1a288e2f77c7
2019-10-20 10:28:38,993 [grpc-default-executor-1] INFO  impl.RoleInfo (RoleInfo.java:shutdownFollowerState(121)) - 875da3d9-0dec-46c7-88bf-73f7a2372b64: shutdown FollowerState
2019-10-20 10:28:38,993 [grpc-default-executor-1] INFO  impl.RoleInfo (RoleInfo.java:updateAndGet(143)) - 875da3d9-0dec-46c7-88bf-73f7a2372b64: start FollowerState
2019-10-20 10:28:38,993 [Thread-1561] INFO  impl.FollowerState (FollowerState.java:run(117)) - 875da3d9-0dec-46c7-88bf-73f7a2372b64@group-75987F7FE399-FollowerState was interrupted: java.lang.InterruptedException: sleep interrupted
2019-10-20 10:28:38,993 [grpc-default-executor-3] INFO  impl.RaftServerImpl (RaftServerImpl.java:setRole(184)) - 9ceef694-dbcf-4070-b7b1-3b3c65b6a699@group-75987F7FE399: changes role from  FOLLOWER to FOLLOWER at term 221 for recognizeCandidate:df12c920-952d-4704-9c70-1a288e2f77c7
2019-10-20 10:28:38,993 [grpc-default-executor-3] INFO  impl.RoleInfo (RoleInfo.java:shutdownFollowerState(121)) - 9ceef694-dbcf-4070-b7b1-3b3c65b6a699: shutdown FollowerState
2019-10-20 10:28:38,994 [grpc-default-executor-3] INFO  impl.RoleInfo (RoleInfo.java:updateAndGet(143)) - 9ceef694-dbcf-4070-b7b1-3b3c65b6a699: start FollowerState
2019-10-20 10:28:38,994 [Thread-1562] INFO  impl.FollowerState (FollowerState.java:run(117)) - 9ceef694-dbcf-4070-b7b1-3b3c65b6a699@group-75987F7FE399-FollowerState was interrupted: java.lang.InterruptedException: sleep interrupted
2019-10-20 10:28:39,007 [df12c920-952d-4704-9c70-1a288e2f77c7@group-75987F7FE399-LeaderElection199] INFO  impl.LeaderElection (LeaderElection.java:logAndReturn(56)) - df12c920-952d-4704-9c70-1a288e2f77c7@group-75987F7FE399-LeaderElection199: Election REJECTED; received 2 response(s) [df12c920-952d-4704-9c70-1a288e2f77c7<-875da3d9-0dec-46c7-88bf-73f7a2372b64#0:FAIL-t221, df12c920-952d-4704-9c70-1a288e2f77c7<-9ceef694-dbcf-4070-b7b1-3b3c65b6a699#0:FAIL-t221] and 0 exception(s); df12c920-952d-4704-9c70-1a288e2f77c7@group-75987F7FE399:t221, leader=null, voted=df12c920-952d-4704-9c70-1a288e2f77c7, raftlog=df12c920-952d-4704-9c70-1a288e2f77c7@group-75987F7FE399-SegmentedRaftLog:OPENED:c-1,f-1,i0, conf=-1: [875da3d9-0dec-46c7-88bf-73f7a2372b64:192.168.69.89:39990, df12c920-952d-4704-9c70-1a288e2f77c7:192.168.69.89:43948, 9ceef694-dbcf-4070-b7b1-3b3c65b6a699:192.168.69.89:36536], old=null
2019-10-20 10:28:39,007 [df12c920-952d-4704-9c70-1a288e2f77c7@group-75987F7FE399-LeaderElection199] INFO  impl.RaftServerImpl (RaftServerImpl.java:setRole(184)) - df12c920-952d-4704-9c70-1a288e2f77c7@group-75987F7FE399: changes role from CANDIDATE to FOLLOWER at term 221 for DISCOVERED_A_NEW_TERM
2019-10-20 10:28:39,007 [df12c920-952d-4704-9c70-1a288e2f77c7@group-75987F7FE399-LeaderElection199] INFO  impl.RoleInfo (RoleInfo.java:shutdownLeaderElection(134)) - df12c920-952d-4704-9c70-1a288e2f77c7: shutdown LeaderElection
2019-10-20 10:28:39,008 [df12c920-952d-4704-9c70-1a288e2f77c7@group-75987F7FE399-LeaderElection199] INFO  impl.RoleInfo (RoleInfo.java:updateAndGet(143)) - df12c920-952d-4704-9c70-1a288e2f77c7: start FollowerState
2019-10-20 10:28:39,169 [Thread-1571] INFO  impl.FollowerState (FollowerState.java:run(108)) - df12c920-952d-4704-9c70-1a288e2f77c7@group-75987F7FE399-FollowerState: change to CANDIDATE, lastRpcTime:161ms, electionTimeout:161ms
2019-10-20 10:28:39,169 [Thread-1571] INFO  impl.RoleInfo (RoleInfo.java:shutdownFollowerState(121)) - df12c920-952d-4704-9c70-1a288e2f77c7: shutdown FollowerState
2019-10-20 10:28:39,169 [Thread-1571] INFO  impl.RaftServerImpl (RaftServerImpl.java:setRole(184)) - df12c920-952d-4704-9c70-1a288e2f77c7@group-75987F7FE399: changes role from  FOLLOWER to CANDIDATE at term 221 for changeToCandidate
2019-10-20 10:28:39,169 [Thread-1571] INFO  impl.RoleInfo (RoleInfo.java:updateAndGet(143)) - df12c920-952d-4704-9c70-1a288e2f77c7: start LeaderElection
2019-10-20 10:28:39,195 [df12c920-952d-4704-9c70-1a288e2f77c7@group-75987F7FE399-LeaderElection200] INFO  impl.LeaderElection (LeaderElection.java:askForVotes(178)) - df12c920-952d-4704-9c70-1a288e2f77c7@group-75987F7FE399-LeaderElection200: begin an election at term 222 for -1: [875da3d9-0dec-46c7-88bf-73f7a2372b64:192.168.69.89:39990, df12c920-952d-4704-9c70-1a288e2f77c7:192.168.69.89:43948, 9ceef694-dbcf-4070-b7b1-3b3c65b6a699:192.168.69.89:36536], old=null
2019-10-20 10:28:39,198 [grpc-default-executor-1] INFO  impl.RaftServerImpl (RaftServerImpl.java:setRole(184)) - 9ceef694-dbcf-4070-b7b1-3b3c65b6a699@group-75987F7FE399: changes role from  FOLLOWER to FOLLOWER at term 222 for recognizeCandidate:df12c920-952d-4704-9c70-1a288e2f77c7
2019-10-20 10:28:39,198 [grpc-default-executor-3] INFO  impl.RaftServerImpl (RaftServerImpl.java:setRole(184)) - 875da3d9-0dec-46c7-88bf-73f7a2372b64@group-75987F7FE399: changes role from  FOLLOWER to FOLLOWER at term 222 for recognizeCandidate:df12c920-952d-4704-9c70-1a288e2f77c7
2019-10-20 10:28:39,199 [grpc-default-executor-3] INFO  impl.RoleInfo (RoleInfo.java:shutdownFollowerState(121)) - 875da3d9-0dec-46c7-88bf-73f7a2372b64: shutdown FollowerState
2019-10-20 10:28:39,198 [grpc-default-executor-1] INFO  impl.RoleInfo (RoleInfo.java:shutdownFollowerState(121)) - 9ceef694-dbcf-4070-b7b1-3b3c65b6a699: shutdown FollowerState
2019-10-20 10:28:39,199 [Thread-1569] INFO  impl.FollowerState (FollowerState.java:run(117)) - 875da3d9-0dec-46c7-88bf-73f7a2372b64@group-75987F7FE399-FollowerState was interrupted: java.lang.InterruptedException: sleep interrupted
2019-10-20 10:28:39,199 [Thread-1570] INFO  impl.FollowerState (FollowerState.java:run(117)) - 9ceef694-dbcf-4070-b7b1-3b3c65b6a699@group-75987F7FE399-FollowerState was interrupted: java.lang.InterruptedException: sleep interrupted
2019-10-20 10:28:39,199 [grpc-default-executor-3] INFO  impl.RoleInfo (RoleInfo.java:updateAndGet(143)) - 875da3d9-0dec-46c7-88bf-73f7a2372b64: start FollowerState
2019-10-20 10:28:39,199 [grpc-default-executor-1] INFO  impl.RoleInfo (RoleInfo.java:updateAndGet(143)) - 9ceef694-dbcf-4070-b7b1-3b3c65b6a699: start FollowerState
2019-10-20 10:28:39,225 [df12c920-952d-4704-9c70-1a288e2f77c7@group-75987F7FE399-LeaderElection200] INFO  impl.LeaderElection (LeaderElection.java:logAndReturn(56)) - df12c920-952d-4704-9c70-1a288e2f77c7@group-75987F7FE399-LeaderElection200: Election TIMEOUT; received 0 response(s) [] and 0 exception(s); df12c920-952d-4704-9c70-1a288e2f77c7@group-75987F7FE399:t222, leader=null, voted=df12c920-952d-4704-9c70-1a288e2f77c7, raftlog=df12c920-952d-4704-9c70-1a288e2f77c7@group-75987F7FE399-SegmentedRaftLog:OPENED:c-1,f-1,i0, conf=-1: [875da3d9-0dec-46c7-88bf-73f7a2372b64:192.168.69.89:39990, df12c920-952d-4704-9c70-1a288e2f77c7:192.168.69.89:43948, 9ceef694-dbcf-4070-b7b1-3b3c65b6a699:192.168.69.89:36536], old=null
2019-10-20 10:28:39,237 [df12c920-952d-4704-9c70-1a288e2f77c7@group-75987F7FE399-LeaderElection200] INFO  impl.LeaderElection (LeaderElection.java:askForVotes(178)) - df12c920-952d-4704-9c70-1a288e2f77c7@group-75987F7FE399-LeaderElection200: begin an election at term 223 for -1: [875da3d9-0dec-46c7-88bf-73f7a2372b64:192.168.69.89:39990, df12c920-952d-4704-9c70-1a288e2f77c7:192.168.69.89:43948, 9ceef694-dbcf-4070-b7b1-3b3c65b6a699:192.168.69.89:36536], old=null
2019-10-20 10:28:39,240 [grpc-default-executor-3] INFO  impl.RaftServerImpl (RaftServerImpl.java:setRole(184)) - 875da3d9-0dec-46c7-88bf-73f7a2372b64@group-75987F7FE399: changes role from  FOLLOWER to FOLLOWER at term 223 for recognizeCandidate:df12c920-952d-4704-9c70-1a288e2f77c7
2019-10-20 10:28:39,240 [grpc-default-executor-1] INFO  impl.RaftServerImpl (RaftServerImpl.java:setRole(184)) - 9ceef694-dbcf-4070-b7b1-3b3c65b6a699@group-75987F7FE399: changes role from  FOLLOWER to FOLLOWER at term 223 for recognizeCandidate:df12c920-952d-4704-9c70-1a288e2f77c7
2019-10-20 10:28:39,240 [grpc-default-executor-1] INFO  impl.RoleInfo (RoleInfo.java:shutdownFollowerState(121)) - 9ceef694-dbcf-4070-b7b1-3b3c65b6a699: shutdown FollowerState
2019-10-20 10:28:39,240 [grpc-default-executor-3] INFO  impl.RoleInfo (RoleInfo.java:shutdownFollowerState(121)) - 875da3d9-0dec-46c7-88bf-73f7a2372b64: shutdown FollowerState
2019-10-20 10:28:39,240 [Thread-1576] INFO  impl.FollowerState (FollowerState.java:run(117)) - 9ceef694-dbcf-4070-b7b1-3b3c65b6a699@group-75987F7FE399-FollowerState was interrupted: java.lang.InterruptedException: sleep interrupted
2019-10-20 10:28:39,240 [grpc-default-executor-1] INFO  impl.RoleInfo (RoleInfo.java:updateAndGet(143)) - 9ceef694-dbcf-4070-b7b1-3b3c65b6a699: start FollowerState
2019-10-20 10:28:39,240 [Thread-1575] INFO  impl.FollowerState (FollowerState.java:run(117)) - 875da3d9-0dec-46c7-88bf-73f7a2372b64@group-75987F7FE399-FollowerState was interrupted: java.lang.InterruptedException: sleep interrupted
2019-10-20 10:28:39,240 [grpc-default-executor-3] INFO  impl.RoleInfo (RoleInfo.java:updateAndGet(143)) - 875da3d9-0dec-46c7-88bf-73f7a2372b64: start FollowerState
2019-10-20 10:28:39,256 [df12c920-952d-4704-9c70-1a288e2f77c7@group-75987F7FE399-LeaderElection200] INFO  impl.LeaderElection (LeaderElection.java:logAndReturn(56)) - df12c920-952d-4704-9c70-1a288e2f77c7@group-75987F7FE399-LeaderElection200: Election REJECTED; received 2 response(s) [df12c920-952d-4704-9c70-1a288e2f77c7<-875da3d9-0dec-46c7-88bf-73f7a2372b64#0:FAIL-t223, df12c920-952d-4704-9c70-1a288e2f77c7<-9ceef694-dbcf-4070-b7b1-3b3c65b6a699#0:FAIL-t223] and 0 exception(s); df12c920-952d-4704-9c70-1a288e2f77c7@group-75987F7FE399:t223, leader=null, voted=df12c920-952d-4704-9c70-1a288e2f77c7, raftlog=df12c920-952d-4704-9c70-1a288e2f77c7@group-75987F7FE399-SegmentedRaftLog:OPENED:c-1,f-1,i0, conf=-1: [875da3d9-0dec-46c7-88bf-73f7a2372b64:192.168.69.89:39990, df12c920-952d-4704-9c70-1a288e2f77c7:192.168.69.89:43948, 9ceef694-dbcf-4070-b7b1-3b3c65b6a699:192.168.69.89:36536], old=null
2019-10-20 10:28:39,256 [df12c920-952d-4704-9c70-1a288e2f77c7@group-75987F7FE399-LeaderElection200] INFO  impl.RaftServerImpl (RaftServerImpl.java:setRole(184)) - df12c920-952d-4704-9c70-1a288e2f77c7@group-75987F7FE399: changes role from CANDIDATE to FOLLOWER at term 223 for DISCOVERED_A_NEW_TERM
2019-10-20 10:28:39,256 [df12c920-952d-4704-9c70-1a288e2f77c7@group-75987F7FE399-LeaderElection200] INFO  impl.RoleInfo (RoleInfo.java:shutdownLeaderElection(134)) - df12c920-952d-4704-9c70-1a288e2f77c7: shutdown LeaderElection
2019-10-20 10:28:39,256 [df12c920-952d-4704-9c70-1a288e2f77c7@group-75987F7FE399-LeaderElection200] INFO  impl.RoleInfo (RoleInfo.java:updateAndGet(143)) - df12c920-952d-4704-9c70-1a288e2f77c7: start FollowerState
2019-10-20 10:28:39,422 [Thread-1581] INFO  impl.FollowerState (FollowerState.java:run(108)) - df12c920-952d-4704-9c70-1a288e2f77c7@group-75987F7FE399-FollowerState: change to CANDIDATE, lastRpcTime:165ms, electionTimeout:165ms
2019-10-20 10:28:39,422 [Thread-1581] INFO  impl.RoleInfo (RoleInfo.java:shutdownFollowerState(121)) - df12c920-952d-4704-9c70-1a288e2f77c7: shutdown FollowerState
2019-10-20 10:28:39,422 [Thread-1581] INFO  impl.RaftServerImpl (RaftServerImpl.java:setRole(184)) - df12c920-952d-4704-9c70-1a288e2f77c7@group-75987F7FE399: changes role from  FOLLOWER to CANDIDATE at term 223 for changeToCandidate
2019-10-20 10:28:39,422 [Thread-1581] INFO  impl.RoleInfo (RoleInfo.java:updateAndGet(143)) - df12c920-952d-4704-9c70-1a288e2f77c7: start LeaderElection
2019-10-20 10:28:39,438 [df12c920-952d-4704-9c70-1a288e2f77c7@group-75987F7FE399-LeaderElection201] INFO  impl.LeaderElection (LeaderElection.java:askForVotes(178)) - df12c920-952d-4704-9c70-1a288e2f77c7@group-75987F7FE399-LeaderElection201: begin an election at term 224 for -1: [875da3d9-0dec-46c7-88bf-73f7a2372b64:192.168.69.89:39990, df12c920-952d-4704-9c70-1a288e2f77c7:192.168.69.89:43948, 9ceef694-dbcf-4070-b7b1-3b3c65b6a699:192.168.69.89:36536], old=null
2019-10-20 10:28:39,441 [grpc-default-executor-1] INFO  impl.RaftServerImpl (RaftServerImpl.java:setRole(184)) - 875da3d9-0dec-46c7-88bf-73f7a2372b64@group-75987F7FE399: changes role from  FOLLOWER to FOLLOWER at term 224 for recognizeCandidate:df12c920-952d-4704-9c70-1a288e2f77c7
2019-10-20 10:28:39,441 [grpc-default-executor-3] INFO  impl.RaftServerImpl (RaftServerImpl.java:setRole(184)) - 9ceef694-dbcf-4070-b7b1-3b3c65b6a699@group-75987F7FE399: changes role from  FOLLOWER to FOLLOWER at term 224 for recognizeCandidate:df12c920-952d-4704-9c70-1a288e2f77c7
2019-10-20 10:28:39,441 [grpc-default-executor-1] INFO  impl.RoleInfo (RoleInfo.java:shutdownFollowerState(121)) - 875da3d9-0dec-46c7-88bf-73f7a2372b64: shutdown FollowerState
2019-10-20 10:28:39,441 [grpc-default-executor-3] INFO  impl.RoleInfo (RoleInfo.java:shutdownFollowerState(121)) - 9ceef694-dbcf-4070-b7b1-3b3c65b6a699: shutdown FollowerState
2019-10-20 10:28:39,441 [Thread-1580] INFO  impl.FollowerState (FollowerState.java:run(117)) - 875da3d9-0dec-46c7-88bf-73f7a2372b64@group-75987F7FE399-FollowerState was interrupted: java.lang.InterruptedException: sleep interrupted
2019-10-20 10:28:39,441 [grpc-default-executor-1] INFO  impl.RoleInfo (RoleInfo.java:updateAndGet(143)) - 875da3d9-0dec-46c7-88bf-73f7a2372b64: start FollowerState
2019-10-20 10:28:39,441 [Thread-1579] INFO  impl.FollowerState (FollowerState.java:run(117)) - 9ceef694-dbcf-4070-b7b1-3b3c65b6a699@group-75987F7FE399-FollowerState was interrupted: java.lang.InterruptedException: sleep interrupted
2019-10-20 10:28:39,441 [grpc-default-executor-3] INFO  impl.RoleInfo (RoleInfo.java:updateAndGet(143)) - 9ceef694-dbcf-4070-b7b1-3b3c65b6a699: start FollowerState
2019-10-20 10:28:39,468 [df12c920-952d-4704-9c70-1a288e2f77c7@group-75987F7FE399-LeaderElection201] INFO  impl.LeaderElection (LeaderElection.java:logAndReturn(56)) - df12c920-952d-4704-9c70-1a288e2f77c7@group-75987F7FE399-LeaderElection201: Election REJECTED; received 2 response(s) [df12c920-952d-4704-9c70-1a288e2f77c7<-875da3d9-0dec-46c7-88bf-73f7a2372b64#0:FAIL-t224, df12c920-952d-4704-9c70-1a288e2f77c7<-9ceef694-dbcf-4070-b7b1-3b3c65b6a699#0:FAIL-t224] and 0 exception(s); df12c920-952d-4704-9c70-1a288e2f77c7@group-75987F7FE399:t224, leader=null, voted=df12c920-952d-4704-9c70-1a288e2f77c7, raftlog=df12c920-952d-4704-9c70-1a288e2f77c7@group-75987F7FE399-SegmentedRaftLog:OPENED:c-1,f-1,i0, conf=-1: [875da3d9-0dec-46c7-88bf-73f7a2372b64:192.168.69.89:39990, df12c920-952d-4704-9c70-1a288e2f77c7:192.168.69.89:43948, 9ceef694-dbcf-4070-b7b1-3b3c65b6a699:192.168.69.89:36536], old=null
2019-10-20 10:28:39,468 [df12c920-952d-4704-9c70-1a288e2f77c7@group-75987F7FE399-LeaderElection201] INFO  impl.RaftServerImpl (RaftServerImpl.java:setRole(184)) - df12c920-952d-4704-9c70-1a288e2f77c7@group-75987F7FE399: changes role from CANDIDATE to FOLLOWER at term 224 for DISCOVERED_A_NEW_TERM
2019-10-20 10:28:39,468 [df12c920-952d-4704-9c70-1a288e2f77c7@group-75987F7FE399-LeaderElection201] INFO  impl.RoleInfo (RoleInfo.java:shutdownLeaderElection(134)) - df12c920-952d-4704-9c70-1a288e2f77c7: shutdown LeaderElection
2019-10-20 10:28:39,468 [df12c920-952d-4704-9c70-1a288e2f77c7@group-75987F7FE399-LeaderElection201] INFO  impl.RoleInfo (RoleInfo.java:updateAndGet(143)) - df12c920-952d-4704-9c70-1a288e2f77c7: start FollowerState
2019-10-20 10:28:39,612 [Thread-1587] INFO  impl.FollowerState (FollowerState.java:run(108)) - df12c920-952d-4704-9c70-1a288e2f77c7@group-75987F7FE399-FollowerState: change to CANDIDATE, lastRpcTime:143ms, electionTimeout:143ms
2019-10-20 10:28:39,612 [Thread-1587] INFO  impl.RoleInfo (RoleInfo.java:shutdownFollowerState(121)) - df12c920-952d-4704-9c70-1a288e2f77c7: shutdown FollowerState
2019-10-20 10:28:39,612 [Thread-1587] INFO  impl.RaftServerImpl (RaftServerImpl.java:setRole(184)) - df12c920-952d-4704-9c70-1a288e2f77c7@group-75987F7FE399: changes role from  FOLLOWER to CANDIDATE at term 224 for changeToCandidate
2019-10-20 10:28:39,612 [Thread-1587] INFO  impl.RoleInfo (RoleInfo.java:updateAndGet(143)) - df12c920-952d-4704-9c70-1a288e2f77c7: start LeaderElection
2019-10-20 10:28:39,636 [df12c920-952d-4704-9c70-1a288e2f77c7@group-75987F7FE399-LeaderElection202] INFO  impl.LeaderElection (LeaderElection.java:askForVotes(178)) - df12c920-952d-4704-9c70-1a288e2f77c7@group-75987F7FE399-LeaderElection202: begin an election at term 225 for -1: [875da3d9-0dec-46c7-88bf-73f7a2372b64:192.168.69.89:39990, df12c920-952d-4704-9c70-1a288e2f77c7:192.168.69.89:43948, 9ceef694-dbcf-4070-b7b1-3b3c65b6a699:192.168.69.89:36536], old=null
2019-10-20 10:28:39,638 [grpc-default-executor-1] INFO  impl.RaftServerImpl (RaftServerImpl.java:setRole(184)) - 875da3d9-0dec-46c7-88bf-73f7a2372b64@group-75987F7FE399: changes role from  FOLLOWER to FOLLOWER at term 225 for recognizeCandidate:df12c920-952d-4704-9c70-1a288e2f77c7
2019-10-20 10:28:39,638 [grpc-default-executor-1] INFO  impl.RoleInfo (RoleInfo.java:shutdownFollowerState(121)) - 875da3d9-0dec-46c7-88bf-73f7a2372b64: shutdown FollowerState
2019-10-20 10:28:39,638 [grpc-default-executor-1] INFO  impl.RoleInfo (RoleInfo.java:updateAndGet(143)) - 875da3d9-0dec-46c7-88bf-73f7a2372b64: start FollowerState
2019-10-20 10:28:39,638 [Thread-1585] INFO  impl.FollowerState (FollowerState.java:run(117)) - 875da3d9-0dec-46c7-88bf-73f7a2372b64@group-75987F7FE399-FollowerState was interrupted: java.lang.InterruptedException: sleep interrupted
2019-10-20 10:28:39,638 [grpc-default-executor-3] INFO  impl.RaftServerImpl (RaftServerImpl.java:setRole(184)) - 9ceef694-dbcf-4070-b7b1-3b3c65b6a699@group-75987F7FE399: changes role from  FOLLOWER to FOLLOWER at term 225 for recognizeCandidate:df12c920-952d-4704-9c70-1a288e2f77c7
2019-10-20 10:28:39,639 [grpc-default-executor-3] INFO  impl.RoleInfo (RoleInfo.java:shutdownFollowerState(121)) - 9ceef694-dbcf-4070-b7b1-3b3c65b6a699: shutdown FollowerState
2019-10-20 10:28:39,639 [grpc-default-executor-3] INFO  impl.RoleInfo (RoleInfo.java:updateAndGet(143)) - 9ceef694-dbcf-4070-b7b1-3b3c65b6a699: start FollowerState
2019-10-20 10:28:39,639 [Thread-1586] INFO  impl.FollowerState (FollowerState.java:run(117)) - 9ceef694-dbcf-4070-b7b1-3b3c65b6a699@group-75987F7FE399-FollowerState was interrupted: java.lang.InterruptedException: sleep interrupted
2019-10-20 10:28:39,653 [df12c920-952d-4704-9c70-1a288e2f77c7@group-75987F7FE399-LeaderElection202] INFO  impl.LeaderElection (LeaderElection.java:logAndReturn(56)) - df12c920-952d-4704-9c70-1a288e2f77c7@group-75987F7FE399-LeaderElection202: Election REJECTED; received 2 response(s) [df12c920-952d-4704-9c70-1a288e2f77c7<-875da3d9-0dec-46c7-88bf-73f7a2372b64#0:FAIL-t225, df12c920-952d-4704-9c70-1a288e2f77c7<-9ceef694-dbcf-4070-b7b1-3b3c65b6a699#0:FAIL-t225] and 0 exception(s); df12c920-952d-4704-9c70-1a288e2f77c7@group-75987F7FE399:t225, leader=null, voted=df12c920-952d-4704-9c70-1a288e2f77c7, raftlog=df12c920-952d-4704-9c70-1a288e2f77c7@group-75987F7FE399-SegmentedRaftLog:OPENED:c-1,f-1,i0, conf=-1: [875da3d9-0dec-46c7-88bf-73f7a2372b64:192.168.69.89:39990, df12c920-952d-4704-9c70-1a288e2f77c7:192.168.69.89:43948, 9ceef694-dbcf-4070-b7b1-3b3c65b6a699:192.168.69.89:36536], old=null
2019-10-20 10:28:39,653 [df12c920-952d-4704-9c70-1a288e2f77c7@group-75987F7FE399-LeaderElection202] INFO  impl.RaftServerImpl (RaftServerImpl.java:setRole(184)) - df12c920-952d-4704-9c70-1a288e2f77c7@group-75987F7FE399: changes role from CANDIDATE to FOLLOWER at term 225 for DISCOVERED_A_NEW_TERM
2019-10-20 10:28:39,654 [df12c920-952d-4704-9c70-1a288e2f77c7@group-75987F7FE399-LeaderElection202] INFO  impl.RoleInfo (RoleInfo.java:shutdownLeaderElection(134)) - df12c920-952d-4704-9c70-1a288e2f77c7: shutdown LeaderElection
2019-10-20 10:28:39,654 [df12c920-952d-4704-9c70-1a288e2f77c7@group-75987F7FE399-LeaderElection202] INFO  impl.RoleInfo (RoleInfo.java:updateAndGet(143)) - df12c920-952d-4704-9c70-1a288e2f77c7: start FollowerState
2019-10-20 10:28:39,701 [Thread-1593] INFO  impl.FollowerState (FollowerState.java:run(108)) - df12c920-952d-4704-9c70-1a288e2f77c7@group-75987F7FE399-FollowerState: change to CANDIDATE, lastRpcTime:47ms, electionTimeout:47ms
2019-10-20 10:28:39,701 [Thread-1593] INFO  impl.RoleInfo (RoleInfo.java:shutdownFollowerState(121)) - df12c920-952d-4704-9c70-1a288e2f77c7: shutdown FollowerState
2019-10-20 10:28:39,702 [Thread-1593] INFO  impl.RaftServerImpl (RaftServerImpl.java:setRole(184)) - df12c920-952d-4704-9c70-1a288e2f77c7@group-75987F7FE399: changes role from  FOLLOWER to CANDIDATE at term 225 for changeToCandidate
2019-10-20 10:28:39,702 [Thread-1593] INFO  impl.RoleInfo (RoleInfo.java:updateAndGet(143)) - df12c920-952d-4704-9c70-1a288e2f77c7: start LeaderElection
2019-10-20 10:28:39,727 [df12c920-952d-4704-9c70-1a288e2f77c7@group-75987F7FE399-LeaderElection203] INFO  impl.LeaderElection (LeaderElection.java:askForVotes(178)) - df12c920-952d-4704-9c70-1a288e2f77c7@group-75987F7FE399-LeaderElection203: begin an election at term 226 for -1: [875da3d9-0dec-46c7-88bf-73f7a2372b64:192.168.69.89:39990, df12c920-952d-4704-9c70-1a288e2f77c7:192.168.69.89:43948, 9ceef694-dbcf-4070-b7b1-3b3c65b6a699:192.168.69.89:36536], old=null
2019-10-20 10:28:39,730 [grpc-default-executor-1] INFO  impl.RaftServerImpl (RaftServerImpl.java:setRole(184)) - 875da3d9-0dec-46c7-88bf-73f7a2372b64@group-75987F7FE399: changes role from  FOLLOWER to FOLLOWER at term 226 for recognizeCandidate:df12c920-952d-4704-9c70-1a288e2f77c7
2019-10-20 10:28:39,730 [grpc-default-executor-1] INFO  impl.RoleInfo (RoleInfo.java:shutdownFollowerState(121)) - 875da3d9-0dec-46c7-88bf-73f7a2372b64: shutdown FollowerState
2019-10-20 10:28:39,730 [grpc-default-executor-1] INFO  impl.RoleInfo (RoleInfo.java:updateAndGet(143)) - 875da3d9-0dec-46c7-88bf-73f7a2372b64: start FollowerState
2019-10-20 10:28:39,730 [Thread-1591] INFO  impl.FollowerState (FollowerState.java:run(117)) - 875da3d9-0dec-46c7-88bf-73f7a2372b64@group-75987F7FE399-FollowerState was interrupted: java.lang.InterruptedException: sleep interrupted
2019-10-20 10:28:39,731 [grpc-default-executor-3] INFO  impl.RaftServerImpl (RaftServerImpl.java:setRole(184)) - 9ceef694-dbcf-4070-b7b1-3b3c65b6a699@group-75987F7FE399: changes role from  FOLLOWER to FOLLOWER at term 226 for recognizeCandidate:df12c920-952d-4704-9c70-1a288e2f77c7
2019-10-20 10:28:39,731 [grpc-default-executor-3] INFO  impl.RoleInfo (RoleInfo.java:shutdownFollowerState(121)) - 9ceef694-dbcf-4070-b7b1-3b3c65b6a699: shutdown FollowerState
2019-10-20 10:28:39,731 [grpc-default-executor-3] INFO  impl.RoleInfo (RoleInfo.java:updateAndGet(143)) - 9ceef694-dbcf-4070-b7b1-3b3c65b6a699: start FollowerState
2019-10-20 10:28:39,731 [Thread-1592] INFO  impl.FollowerState (FollowerState.java:run(117)) - 9ceef694-dbcf-4070-b7b1-3b3c65b6a699@group-75987F7FE399-FollowerState was interrupted: java.lang.InterruptedException: sleep interrupted
2019-10-20 10:28:39,746 [df12c920-952d-4704-9c70-1a288e2f77c7@group-75987F7FE399-LeaderElection203] INFO  impl.LeaderElection (LeaderElection.java:logAndReturn(56)) - df12c920-952d-4704-9c70-1a288e2f77c7@group-75987F7FE399-LeaderElection203: Election REJECTED; received 2 response(s) [df12c920-952d-4704-9c70-1a288e2f77c7<-875da3d9-0dec-46c7-88bf-73f7a2372b64#0:FAIL-t226, df12c920-952d-4704-9c70-1a288e2f77c7<-9ceef694-dbcf-4070-b7b1-3b3c65b6a699#0:FAIL-t226] and 0 exception(s); df12c920-952d-4704-9c70-1a288e2f77c7@group-75987F7FE399:t226, leader=null, voted=df12c920-952d-4704-9c70-1a288e2f77c7, raftlog=df12c920-952d-4704-9c70-1a288e2f77c7@group-75987F7FE399-SegmentedRaftLog:OPENED:c-1,f-1,i0, conf=-1: [875da3d9-0dec-46c7-88bf-73f7a2372b64:192.168.69.89:39990, df12c920-952d-4704-9c70-1a288e2f77c7:192.168.69.89:43948, 9ceef694-dbcf-4070-b7b1-3b3c65b6a699:192.168.69.89:36536], old=null
2019-10-20 10:28:39,746 [df12c920-952d-4704-9c70-1a288e2f77c7@group-75987F7FE399-LeaderElection203] INFO  impl.RaftServerImpl (RaftServerImpl.java:setRole(184)) - df12c920-952d-4704-9c70-1a288e2f77c7@group-75987F7FE399: changes role from CANDIDATE to FOLLOWER at term 226 for DISCOVERED_A_NEW_TERM
2019-10-20 10:28:39,746 [df12c920-952d-4704-9c70-1a288e2f77c7@group-75987F7FE399-LeaderElection203] INFO  impl.RoleInfo (RoleInfo.java:shutdownLeaderElection(134)) - df12c920-952d-4704-9c70-1a288e2f77c7: shutdown LeaderElection
2019-10-20 10:28:39,746 [df12c920-952d-4704-9c70-1a288e2f77c7@group-75987F7FE399-LeaderElection203] INFO  impl.RoleInfo (RoleInfo.java:updateAndGet(143)) - df12c920-952d-4704-9c70-1a288e2f77c7: start FollowerState
2019-10-20 10:28:39,749 [Thread-1599] INFO  impl.FollowerState (FollowerState.java:run(108)) - df12c920-952d-4704-9c70-1a288e2f77c7@group-75987F7FE399-FollowerState: change to CANDIDATE, lastRpcTime:3ms, electionTimeout:3ms
2019-10-20 10:28:39,750 [Thread-1599] INFO  impl.RoleInfo (RoleInfo.java:shutdownFollowerState(121)) - df12c920-952d-4704-9c70-1a288e2f77c7: shutdown FollowerState
2019-10-20 10:28:39,750 [Thread-1599] INFO  impl.RaftServerImpl (RaftServerImpl.java:setRole(184)) - df12c920-952d-4704-9c70-1a288e2f77c7@group-75987F7FE399: changes role from  FOLLOWER to CANDIDATE at term 226 for changeToCandidate
2019-10-20 10:28:39,750 [Thread-1599] INFO  impl.RoleInfo (RoleInfo.java:updateAndGet(143)) - df12c920-952d-4704-9c70-1a288e2f77c7: start LeaderElection
2019-10-20 10:28:39,763 [df12c920-952d-4704-9c70-1a288e2f77c7@group-75987F7FE399-LeaderElection204] INFO  impl.LeaderElection (LeaderElection.java:askForVotes(178)) - df12c920-952d-4704-9c70-1a288e2f77c7@group-75987F7FE399-LeaderElection204: begin an election at term 227 for -1: [875da3d9-0dec-46c7-88bf-73f7a2372b64:192.168.69.89:39990, df12c920-952d-4704-9c70-1a288e2f77c7:192.168.69.89:43948, 9ceef694-dbcf-4070-b7b1-3b3c65b6a699:192.168.69.89:36536], old=null
2019-10-20 10:28:39,766 [grpc-default-executor-1] INFO  impl.RaftServerImpl (RaftServerImpl.java:setRole(184)) - 875da3d9-0dec-46c7-88bf-73f7a2372b64@group-75987F7FE399: changes role from  FOLLOWER to FOLLOWER at term 227 for recognizeCandidate:df12c920-952d-4704-9c70-1a288e2f77c7
2019-10-20 10:28:39,766 [grpc-default-executor-1] INFO  impl.RoleInfo (RoleInfo.java:shutdownFollowerState(121)) - 875da3d9-0dec-46c7-88bf-73f7a2372b64: shutdown FollowerState
2019-10-20 10:28:39,766 [grpc-default-executor-1] INFO  impl.RoleInfo (RoleInfo.java:updateAndGet(143)) - 875da3d9-0dec-46c7-88bf-73f7a2372b64: start FollowerState
2019-10-20 10:28:39,766 [Thread-1597] INFO  impl.FollowerState (FollowerState.java:run(117)) - 875da3d9-0dec-46c7-88bf-73f7a2372b64@group-75987F7FE399-FollowerState was interrupted: java.lang.InterruptedException: sleep interrupted
2019-10-20 10:28:39,766 [grpc-default-executor-3] INFO  impl.RaftServerImpl (RaftServerImpl.java:setRole(184)) - 9ceef694-dbcf-4070-b7b1-3b3c65b6a699@group-75987F7FE399: changes role from  FOLLOWER to FOLLOWER at term 227 for recognizeCandidate:df12c920-952d-4704-9c70-1a288e2f77c7
2019-10-20 10:28:39,766 [grpc-default-executor-3] INFO  impl.RoleInfo (RoleInfo.java:shutdownFollowerState(121)) - 9ceef694-dbcf-4070-b7b1-3b3c65b6a699: shutdown FollowerState
2019-10-20 10:28:39,766 [grpc-default-executor-3] INFO  impl.RoleInfo (RoleInfo.java:updateAndGet(143)) - 9ceef694-dbcf-4070-b7b1-3b3c65b6a699: start FollowerState
2019-10-20 10:28:39,766 [Thread-1598] INFO  impl.FollowerState (FollowerState.java:run(117)) - 9ceef694-dbcf-4070-b7b1-3b3c65b6a699@group-75987F7FE399-FollowerState was interrupted: java.lang.InterruptedException: sleep interrupted
2019-10-20 10:28:39,770 [df12c920-952d-4704-9c70-1a288e2f77c7@group-75987F7FE399-LeaderElection204] INFO  impl.LeaderElection (LeaderElection.java:logAndReturn(56)) - df12c920-952d-4704-9c70-1a288e2f77c7@group-75987F7FE399-LeaderElection204: Election TIMEOUT; received 0 response(s) [] and 0 exception(s); df12c920-952d-4704-9c70-1a288e2f77c7@group-75987F7FE399:t227, leader=null, voted=df12c920-952d-4704-9c70-1a288e2f77c7, raftlog=df12c920-952d-4704-9c70-1a288e2f77c7@group-75987F7FE399-SegmentedRaftLog:OPENED:c-1,f-1,i0, conf=-1: [875da3d9-0dec-46c7-88bf-73f7a2372b64:192.168.69.89:39990, df12c920-952d-4704-9c70-1a288e2f77c7:192.168.69.89:43948, 9ceef694-dbcf-4070-b7b1-3b3c65b6a699:192.168.69.89:36536], old=null
2019-10-20 10:28:39,779 [df12c920-952d-4704-9c70-1a288e2f77c7@group-75987F7FE399-LeaderElection204] INFO  impl.LeaderElection (LeaderElection.java:askForVotes(178)) - df12c920-952d-4704-9c70-1a288e2f77c7@group-75987F7FE399-LeaderElection204: begin an election at term 228 for -1: [875da3d9-0dec-46c7-88bf-73f7a2372b64:192.168.69.89:39990, df12c920-952d-4704-9c70-1a288e2f77c7:192.168.69.89:43948, 9ceef694-dbcf-4070-b7b1-3b3c65b6a699:192.168.69.89:36536], old=null
2019-10-20 10:28:39,782 [grpc-default-executor-1] INFO  impl.RaftServerImpl (RaftServerImpl.java:setRole(184)) - 875da3d9-0dec-46c7-88bf-73f7a2372b64@group-75987F7FE399: changes role from  FOLLOWER to FOLLOWER at term 228 for recognizeCandidate:df12c920-952d-4704-9c70-1a288e2f77c7
2019-10-20 10:28:39,782 [grpc-default-executor-1] INFO  impl.RoleInfo (RoleInfo.java:shutdownFollowerState(121)) - 875da3d9-0dec-46c7-88bf-73f7a2372b64: shutdown FollowerState
2019-10-20 10:28:39,782 [grpc-default-executor-1] INFO  impl.RoleInfo (RoleInfo.java:updateAndGet(143)) - 875da3d9-0dec-46c7-88bf-73f7a2372b64: start FollowerState
2019-10-20 10:28:39,782 [Thread-1603] INFO  impl.FollowerState (FollowerState.java:run(117)) - 875da3d9-0dec-46c7-88bf-73f7a2372b64@group-75987F7FE399-FollowerState was interrupted: java.lang.InterruptedException: sleep interrupted
2019-10-20 10:28:39,782 [grpc-default-executor-3] INFO  impl.RaftServerImpl (RaftServerImpl.java:setRole(184)) - 9ceef694-dbcf-4070-b7b1-3b3c65b6a699@group-75987F7FE399: changes role from  FOLLOWER to FOLLOWER at term 228 for recognizeCandidate:df12c920-952d-4704-9c70-1a288e2f77c7
2019-10-20 10:28:39,783 [grpc-default-executor-3] INFO  impl.RoleInfo (RoleInfo.java:shutdownFollowerState(121)) - 9ceef694-dbcf-4070-b7b1-3b3c65b6a699: shutdown FollowerState
2019-10-20 10:28:39,783 [grpc-default-executor-3] INFO  impl.RoleInfo (RoleInfo.java:updateAndGet(143)) - 9ceef694-dbcf-4070-b7b1-3b3c65b6a699: start FollowerState
2019-10-20 10:28:39,783 [Thread-1604] INFO  impl.FollowerState (FollowerState.java:run(117)) - 9ceef694-dbcf-4070-b7b1-3b3c65b6a699@group-75987F7FE399-FollowerState was interrupted: java.lang.InterruptedException: sleep interrupted
2019-10-20 10:28:39,796 [df12c920-952d-4704-9c70-1a288e2f77c7@group-75987F7FE399-LeaderElection204] INFO  impl.LeaderElection (LeaderElection.java:logAndReturn(56)) - df12c920-952d-4704-9c70-1a288e2f77c7@group-75987F7FE399-LeaderElection204: Election REJECTED; received 2 response(s) [df12c920-952d-4704-9c70-1a288e2f77c7<-875da3d9-0dec-46c7-88bf-73f7a2372b64#0:FAIL-t228, df12c920-952d-4704-9c70-1a288e2f77c7<-9ceef694-dbcf-4070-b7b1-3b3c65b6a699#0:FAIL-t228] and 0 exception(s); df12c920-952d-4704-9c70-1a288e2f77c7@group-75987F7FE399:t228, leader=null, voted=df12c920-952d-4704-9c70-1a288e2f77c7, raftlog=df12c920-952d-4704-9c70-1a288e2f77c7@group-75987F7FE399-SegmentedRaftLog:OPENED:c-1,f-1,i0, conf=-1: [875da3d9-0dec-46c7-88bf-73f7a2372b64:192.168.69.89:39990, df12c920-952d-4704-9c70-1a288e2f77c7:192.168.69.89:43948, 9ceef694-dbcf-4070-b7b1-3b3c65b6a699:192.168.69.89:36536], old=null
2019-10-20 10:28:39,796 [df12c920-952d-4704-9c70-1a288e2f77c7@group-75987F7FE399-LeaderElection204] INFO  impl.RaftServerImpl (RaftServerImpl.java:setRole(184)) - df12c920-952d-4704-9c70-1a288e2f77c7@group-75987F7FE399: changes role from CANDIDATE to FOLLOWER at term 228 for DISCOVERED_A_NEW_TERM
2019-10-20 10:28:39,796 [df12c920-952d-4704-9c70-1a288e2f77c7@group-75987F7FE399-LeaderElection204] INFO  impl.RoleInfo (RoleInfo.java:shutdownLeaderElection(134)) - df12c920-952d-4704-9c70-1a288e2f77c7: shutdown LeaderElection
2019-10-20 10:28:39,796 [df12c920-952d-4704-9c70-1a288e2f77c7@group-75987F7FE399-LeaderElection204] INFO  impl.RoleInfo (RoleInfo.java:updateAndGet(143)) - df12c920-952d-4704-9c70-1a288e2f77c7: start FollowerState
2019-10-20 10:28:39,973 [Thread-1609] INFO  impl.FollowerState (FollowerState.java:run(108)) - df12c920-952d-4704-9c70-1a288e2f77c7@group-75987F7FE399-FollowerState: change to CANDIDATE, lastRpcTime:176ms, electionTimeout:176ms
2019-10-20 10:28:39,973 [Thread-1609] INFO  impl.RoleInfo (RoleInfo.java:shutdownFollowerState(121)) - df12c920-952d-4704-9c70-1a288e2f77c7: shutdown FollowerState
2019-10-20 10:28:39,973 [Thread-1609] INFO  impl.RaftServerImpl (RaftServerImpl.java:setRole(184)) - df12c920-952d-4704-9c70-1a288e2f77c7@group-75987F7FE399: changes role from  FOLLOWER to CANDIDATE at term 228 for changeToCandidate
2019-10-20 10:28:39,973 [Thread-1609] INFO  impl.RoleInfo (RoleInfo.java:updateAndGet(143)) - df12c920-952d-4704-9c70-1a288e2f77c7: start LeaderElection
2019-10-20 10:28:39,999 [df12c920-952d-4704-9c70-1a288e2f77c7@group-75987F7FE399-LeaderElection205] INFO  impl.LeaderElection (LeaderElection.java:askForVotes(178)) - df12c920-952d-4704-9c70-1a288e2f77c7@group-75987F7FE399-LeaderElection205: begin an election at term 229 for -1: [875da3d9-0dec-46c7-88bf-73f7a2372b64:192.168.69.89:39990, df12c920-952d-4704-9c70-1a288e2f77c7:192.168.69.89:43948, 9ceef694-dbcf-4070-b7b1-3b3c65b6a699:192.168.69.89:36536], old=null
2019-10-20 10:28:40,002 [grpc-default-executor-3] INFO  impl.RaftServerImpl (RaftServerImpl.java:setRole(184)) - 875da3d9-0dec-46c7-88bf-73f7a2372b64@group-75987F7FE399: changes role from  FOLLOWER to FOLLOWER at term 229 for recognizeCandidate:df12c920-952d-4704-9c70-1a288e2f77c7
2019-10-20 10:28:40,003 [grpc-default-executor-3] INFO  impl.RoleInfo (RoleInfo.java:shutdownFollowerState(121)) - 875da3d9-0dec-46c7-88bf-73f7a2372b64: shutdown FollowerState
2019-10-20 10:28:40,003 [grpc-default-executor-3] INFO  impl.RoleInfo (RoleInfo.java:updateAndGet(143)) - 875da3d9-0dec-46c7-88bf-73f7a2372b64: start FollowerState
2019-10-20 10:28:40,003 [Thread-1607] INFO  impl.FollowerState (FollowerState.java:run(117)) - 875da3d9-0dec-46c7-88bf-73f7a2372b64@group-75987F7FE399-FollowerState was interrupted: java.lang.InterruptedException: sleep interrupted
2019-10-20 10:28:40,003 [grpc-default-executor-4] INFO  impl.RaftServerImpl (RaftServerImpl.java:setRole(184)) - 9ceef694-dbcf-4070-b7b1-3b3c65b6a699@group-75987F7FE399: changes role from  FOLLOWER to FOLLOWER at term 229 for recognizeCandidate:df12c920-952d-4704-9c70-1a288e2f77c7
2019-10-20 10:28:40,006 [grpc-default-executor-4] INFO  impl.RoleInfo (RoleInfo.java:shutdownFollowerState(121)) - 9ceef694-dbcf-4070-b7b1-3b3c65b6a699: shutdown FollowerState
2019-10-20 10:28:40,007 [grpc-default-executor-4] INFO  impl.RoleInfo (RoleInfo.java:updateAndGet(143)) - 9ceef694-dbcf-4070-b7b1-3b3c65b6a699: start FollowerState
2019-10-20 10:28:40,007 [Thread-1608] INFO  impl.FollowerState (FollowerState.java:run(117)) - 9ceef694-dbcf-4070-b7b1-3b3c65b6a699@group-75987F7FE399-FollowerState was interrupted: java.lang.InterruptedException: sleep interrupted
2019-10-20 10:28:40,020 [df12c920-952d-4704-9c70-1a288e2f77c7@group-75987F7FE399-LeaderElection205] INFO  impl.LeaderElection (LeaderElection.java:logAndReturn(56)) - df12c920-952d-4704-9c70-1a288e2f77c7@group-75987F7FE399-LeaderElection205: Election REJECTED; received 2 response(s) [df12c920-952d-4704-9c70-1a288e2f77c7<-875da3d9-0dec-46c7-88bf-73f7a2372b64#0:FAIL-t229, df12c920-952d-4704-9c70-1a288e2f77c7<-9ceef694-dbcf-4070-b7b1-3b3c65b6a699#0:FAIL-t229] and 0 exception(s); df12c920-952d-4704-9c70-1a288e2f77c7@group-75987F7FE399:t229, leader=null, voted=df12c920-952d-4704-9c70-1a288e2f77c7, raftlog=df12c920-952d-4704-9c70-1a288e2f77c7@group-75987F7FE399-SegmentedRaftLog:OPENED:c-1,f-1,i0, conf=-1: [875da3d9-0dec-46c7-88bf-73f7a2372b64:192.168.69.89:39990, df12c920-952d-4704-9c70-1a288e2f77c7:192.168.69.89:43948, 9ceef694-dbcf-4070-b7b1-3b3c65b6a699:192.168.69.89:36536], old=null
2019-10-20 10:28:40,020 [df12c920-952d-4704-9c70-1a288e2f77c7@group-75987F7FE399-LeaderElection205] INFO  impl.RaftServerImpl (RaftServerImpl.java:setRole(184)) - df12c920-952d-4704-9c70-1a288e2f77c7@group-75987F7FE399: changes role from CANDIDATE to FOLLOWER at term 229 for DISCOVERED_A_NEW_TERM
2019-10-20 10:28:40,021 [df12c920-952d-4704-9c70-1a288e2f77c7@group-75987F7FE399-LeaderElection205] INFO  impl.RoleInfo (RoleInfo.java:shutdownLeaderElection(134)) - df12c920-952d-4704-9c70-1a288e2f77c7: shutdown LeaderElection
2019-10-20 10:28:40,021 [df12c920-952d-4704-9c70-1a288e2f77c7@group-75987F7FE399-LeaderElection205] INFO  impl.RoleInfo (RoleInfo.java:updateAndGet(143)) - df12c920-952d-4704-9c70-1a288e2f77c7: start FollowerState
2019-10-20 10:28:40,171 [Thread-1617] INFO  impl.FollowerState (FollowerState.java:run(108)) - df12c920-952d-4704-9c70-1a288e2f77c7@group-75987F7FE399-FollowerState: change to CANDIDATE, lastRpcTime:150ms, electionTimeout:150ms
2019-10-20 10:28:40,171 [Thread-1617] INFO  impl.RoleInfo (RoleInfo.java:shutdownFollowerState(121)) - df12c920-952d-4704-9c70-1a288e2f77c7: shutdown FollowerState
2019-10-20 10:28:40,171 [Thread-1617] INFO  impl.RaftServerImpl (RaftServerImpl.java:setRole(184)) - df12c920-952d-4704-9c70-1a288e2f77c7@group-75987F7FE399: changes role from  FOLLOWER to CANDIDATE at term 229 for changeToCandidate
2019-10-20 10:28:40,172 [Thread-1617] INFO  impl.RoleInfo (RoleInfo.java:updateAndGet(143)) - df12c920-952d-4704-9c70-1a288e2f77c7: start LeaderElection
2019-10-20 10:28:40,197 [df12c920-952d-4704-9c70-1a288e2f77c7@group-75987F7FE399-LeaderElection206] INFO  impl.LeaderElection (LeaderElection.java:askForVotes(178)) - df12c920-952d-4704-9c70-1a288e2f77c7@group-75987F7FE399-LeaderElection206: begin an election at term 230 for -1: [875da3d9-0dec-46c7-88bf-73f7a2372b64:192.168.69.89:39990, df12c920-952d-4704-9c70-1a288e2f77c7:192.168.69.89:43948, 9ceef694-dbcf-4070-b7b1-3b3c65b6a699:192.168.69.89:36536], old=null
2019-10-20 10:28:40,200 [grpc-default-executor-3] INFO  impl.RaftServerImpl (RaftServerImpl.java:setRole(184)) - 875da3d9-0dec-46c7-88bf-73f7a2372b64@group-75987F7FE399: changes role from  FOLLOWER to FOLLOWER at term 230 for recognizeCandidate:df12c920-952d-4704-9c70-1a288e2f77c7
2019-10-20 10:28:40,200 [grpc-default-executor-3] INFO  impl.RoleInfo (RoleInfo.java:shutdownFollowerState(121)) - 875da3d9-0dec-46c7-88bf-73f7a2372b64: shutdown FollowerState
2019-10-20 10:28:40,200 [grpc-default-executor-3] INFO  impl.RoleInfo (RoleInfo.java:updateAndGet(143)) - 875da3d9-0dec-46c7-88bf-73f7a2372b64: start FollowerState
2019-10-20 10:28:40,200 [Thread-1615] INFO  impl.FollowerState (FollowerState.java:run(117)) - 875da3d9-0dec-46c7-88bf-73f7a2372b64@group-75987F7FE399-FollowerState was interrupted: java.lang.InterruptedException: sleep interrupted
2019-10-20 10:28:40,201 [grpc-default-executor-4] INFO  impl.RaftServerImpl (RaftServerImpl.java:setRole(184)) - 9ceef694-dbcf-4070-b7b1-3b3c65b6a699@group-75987F7FE399: changes role from  FOLLOWER to FOLLOWER at term 230 for recognizeCandidate:df12c920-952d-4704-9c70-1a288e2f77c7
2019-10-20 10:28:40,201 [grpc-default-executor-4] INFO  impl.RoleInfo (RoleInfo.java:shutdownFollowerState(121)) - 9ceef694-dbcf-4070-b7b1-3b3c65b6a699: shutdown FollowerState
2019-10-20 10:28:40,201 [grpc-default-executor-4] INFO  impl.RoleInfo (RoleInfo.java:updateAndGet(143)) - 9ceef694-dbcf-4070-b7b1-3b3c65b6a699: start FollowerState
2019-10-20 10:28:40,201 [Thread-1616] INFO  impl.FollowerState (FollowerState.java:run(117)) - 9ceef694-dbcf-4070-b7b1-3b3c65b6a699@group-75987F7FE399-FollowerState was interrupted: java.lang.InterruptedException: sleep interrupted
2019-10-20 10:28:40,209 [df12c920-952d-4704-9c70-1a288e2f77c7@group-75987F7FE399-LeaderElection206] INFO  impl.LeaderElection (LeaderElection.java:logAndReturn(56)) - df12c920-952d-4704-9c70-1a288e2f77c7@group-75987F7FE399-LeaderElection206: Election TIMEOUT; received 0 response(s) [] and 0 exception(s); df12c920-952d-4704-9c70-1a288e2f77c7@group-75987F7FE399:t230, leader=null, voted=df12c920-952d-4704-9c70-1a288e2f77c7, raftlog=df12c920-952d-4704-9c70-1a288e2f77c7@group-75987F7FE399-SegmentedRaftLog:OPENED:c-1,f-1,i0, conf=-1: [875da3d9-0dec-46c7-88bf-73f7a2372b64:192.168.69.89:39990, df12c920-952d-4704-9c70-1a288e2f77c7:192.168.69.89:43948, 9ceef694-dbcf-4070-b7b1-3b3c65b6a699:192.168.69.89:36536], old=null
2019-10-20 10:28:40,213 [df12c920-952d-4704-9c70-1a288e2f77c7@group-75987F7FE399-LeaderElection206] INFO  impl.LeaderElection (LeaderElection.java:askForVotes(178)) - df12c920-952d-4704-9c70-1a288e2f77c7@group-75987F7FE399-LeaderElection206: begin an election at term 231 for -1: [875da3d9-0dec-46c7-88bf-73f7a2372b64:192.168.69.89:39990, df12c920-952d-4704-9c70-1a288e2f77c7:192.168.69.89:43948, 9ceef694-dbcf-4070-b7b1-3b3c65b6a699:192.168.69.89:36536], old=null
2019-10-20 10:28:40,215 [grpc-default-executor-3] INFO  impl.RaftServerImpl (RaftServerImpl.java:setRole(184)) - 875da3d9-0dec-46c7-88bf-73f7a2372b64@group-75987F7FE399: changes role from  FOLLOWER to FOLLOWER at term 231 for recognizeCandidate:df12c920-952d-4704-9c70-1a288e2f77c7
2019-10-20 10:28:40,215 [grpc-default-executor-3] INFO  impl.RoleInfo (RoleInfo.java:shutdownFollowerState(121)) - 875da3d9-0dec-46c7-88bf-73f7a2372b64: shutdown FollowerState
2019-10-20 10:28:40,215 [grpc-default-executor-4] INFO  impl.RaftServerImpl (RaftServerImpl.java:setRole(184)) - 9ceef694-dbcf-4070-b7b1-3b3c65b6a699@group-75987F7FE399: changes role from  FOLLOWER to FOLLOWER at term 231 for recognizeCandidate:df12c920-952d-4704-9c70-1a288e2f77c7
2019-10-20 10:28:40,215 [grpc-default-executor-4] INFO  impl.RoleInfo (RoleInfo.java:shutdownFollowerState(121)) - 9ceef694-dbcf-4070-b7b1-3b3c65b6a699: shutdown FollowerState
2019-10-20 10:28:40,215 [Thread-1621] INFO  impl.FollowerState (FollowerState.java:run(117)) - 875da3d9-0dec-46c7-88bf-73f7a2372b64@group-75987F7FE399-FollowerState was interrupted: java.lang.InterruptedException: sleep interrupted
2019-10-20 10:28:40,215 [grpc-default-executor-3] INFO  impl.RoleInfo (RoleInfo.java:updateAndGet(143)) - 875da3d9-0dec-46c7-88bf-73f7a2372b64: start FollowerState
2019-10-20 10:28:40,216 [Thread-1622] INFO  impl.FollowerState (FollowerState.java:run(117)) - 9ceef694-dbcf-4070-b7b1-3b3c65b6a699@group-75987F7FE399-FollowerState was interrupted: java.lang.InterruptedException: sleep interrupted
2019-10-20 10:28:40,216 [grpc-default-executor-4] INFO  impl.RoleInfo (RoleInfo.java:updateAndGet(143)) - 9ceef694-dbcf-4070-b7b1-3b3c65b6a699: start FollowerState
2019-10-20 10:28:40,222 [df12c920-952d-4704-9c70-1a288e2f77c7@group-75987F7FE399-LeaderElection206] INFO  impl.LeaderElection (LeaderElection.java:logAndReturn(56)) - df12c920-952d-4704-9c70-1a288e2f77c7@group-75987F7FE399-LeaderElection206: Election REJECTED; received 2 response(s) [df12c920-952d-4704-9c70-1a288e2f77c7<-875da3d9-0dec-46c7-88bf-73f7a2372b64#0:FAIL-t231, df12c920-952d-4704-9c70-1a288e2f77c7<-9ceef694-dbcf-4070-b7b1-3b3c65b6a699#0:FAIL-t231] and 0 exception(s); df12c920-952d-4704-9c70-1a288e2f77c7@group-75987F7FE399:t231, leader=null, voted=df12c920-952d-4704-9c70-1a288e2f77c7, raftlog=df12c920-952d-4704-9c70-1a288e2f77c7@group-75987F7FE399-SegmentedRaftLog:OPENED:c-1,f-1,i0, conf=-1: [875da3d9-0dec-46c7-88bf-73f7a2372b64:192.168.69.89:39990, df12c920-952d-4704-9c70-1a288e2f77c7:192.168.69.89:43948, 9ceef694-dbcf-4070-b7b1-3b3c65b6a699:192.168.69.89:36536], old=null
2019-10-20 10:28:40,222 [df12c920-952d-4704-9c70-1a288e2f77c7@group-75987F7FE399-LeaderElection206] INFO  impl.RaftServerImpl (RaftServerImpl.java:setRole(184)) - df12c920-952d-4704-9c70-1a288e2f77c7@group-75987F7FE399: changes role from CANDIDATE to FOLLOWER at term 231 for DISCOVERED_A_NEW_TERM
2019-10-20 10:28:40,222 [df12c920-952d-4704-9c70-1a288e2f77c7@group-75987F7FE399-LeaderElection206] INFO  impl.RoleInfo (RoleInfo.java:shutdownLeaderElection(134)) - df12c920-952d-4704-9c70-1a288e2f77c7: shutdown LeaderElection
2019-10-20 10:28:40,222 [df12c920-952d-4704-9c70-1a288e2f77c7@group-75987F7FE399-LeaderElection206] INFO  impl.RoleInfo (RoleInfo.java:updateAndGet(143)) - df12c920-952d-4704-9c70-1a288e2f77c7: start FollowerState
2019-10-20 10:28:40,390 [Thread-1627] INFO  impl.FollowerState (FollowerState.java:run(108)) - df12c920-952d-4704-9c70-1a288e2f77c7@group-75987F7FE399-FollowerState: change to CANDIDATE, lastRpcTime:167ms, electionTimeout:167ms
2019-10-20 10:28:40,390 [Thread-1627] INFO  impl.RoleInfo (RoleInfo.java:shutdownFollowerState(121)) - df12c920-952d-4704-9c70-1a288e2f77c7: shutdown FollowerState
2019-10-20 10:28:40,390 [Thread-1627] INFO  impl.RaftServerImpl (RaftServerImpl.java:setRole(184)) - df12c920-952d-4704-9c70-1a288e2f77c7@group-75987F7FE399: changes role from  FOLLOWER to CANDIDATE at term 231 for changeToCandidate
2019-10-20 10:28:40,391 [Thread-1627] INFO  impl.RoleInfo (RoleInfo.java:updateAndGet(143)) - df12c920-952d-4704-9c70-1a288e2f77c7: start LeaderElection
2019-10-20 10:28:40,416 [df12c920-952d-4704-9c70-1a288e2f77c7@group-75987F7FE399-LeaderElection207] INFO  impl.LeaderElection (LeaderElection.java:askForVotes(178)) - df12c920-952d-4704-9c70-1a288e2f77c7@group-75987F7FE399-LeaderElection207: begin an election at term 232 for -1: [875da3d9-0dec-46c7-88bf-73f7a2372b64:192.168.69.89:39990, df12c920-952d-4704-9c70-1a288e2f77c7:192.168.69.89:43948, 9ceef694-dbcf-4070-b7b1-3b3c65b6a699:192.168.69.89:36536], old=null
2019-10-20 10:28:40,420 [grpc-default-executor-3] INFO  impl.RaftServerImpl (RaftServerImpl.java:setRole(184)) - 9ceef694-dbcf-4070-b7b1-3b3c65b6a699@group-75987F7FE399: changes role from  FOLLOWER to FOLLOWER at term 232 for recognizeCandidate:df12c920-952d-4704-9c70-1a288e2f77c7
2019-10-20 10:28:40,420 [grpc-default-executor-3] INFO  impl.RoleInfo (RoleInfo.java:shutdownFollowerState(121)) - 9ceef694-dbcf-4070-b7b1-3b3c65b6a699: shutdown FollowerState
2019-10-20 10:28:40,420 [grpc-default-executor-4] INFO  impl.RaftServerImpl (RaftServerImpl.java:setRole(184)) - 875da3d9-0dec-46c7-88bf-73f7a2372b64@group-75987F7FE399: changes role from  FOLLOWER to FOLLOWER at term 232 for recognizeCandidate:df12c920-952d-4704-9c70-1a288e2f77c7
2019-10-20 10:28:40,421 [Thread-1626] INFO  impl.FollowerState (FollowerState.java:run(117)) - 9ceef694-dbcf-4070-b7b1-3b3c65b6a699@group-75987F7FE399-FollowerState was interrupted: java.lang.InterruptedException: sleep interrupted
2019-10-20 10:28:40,421 [grpc-default-executor-3] INFO  impl.RoleInfo (RoleInfo.java:updateAndGet(143)) - 9ceef694-dbcf-4070-b7b1-3b3c65b6a699: start FollowerState
2019-10-20 10:28:40,421 [grpc-default-executor-4] INFO  impl.RoleInfo (RoleInfo.java:shutdownFollowerState(121)) - 875da3d9-0dec-46c7-88bf-73f7a2372b64: shutdown FollowerState
2019-10-20 10:28:40,421 [grpc-default-executor-4] INFO  impl.RoleInfo (RoleInfo.java:updateAndGet(143)) - 875da3d9-0dec-46c7-88bf-73f7a2372b64: start FollowerState
2019-10-20 10:28:40,421 [Thread-1625] INFO  impl.FollowerState (FollowerState.java:run(117)) - 875da3d9-0dec-46c7-88bf-73f7a2372b64@group-75987F7FE399-FollowerState was interrupted: java.lang.InterruptedException: sleep interrupted
2019-10-20 10:28:40,436 [df12c920-952d-4704-9c70-1a288e2f77c7@group-75987F7FE399-LeaderElection207] INFO  impl.LeaderElection (LeaderElection.java:logAndReturn(56)) - df12c920-952d-4704-9c70-1a288e2f77c7@group-75987F7FE399-LeaderElection207: Election REJECTED; received 2 response(s) [df12c920-952d-4704-9c70-1a288e2f77c7<-875da3d9-0dec-46c7-88bf-73f7a2372b64#0:FAIL-t232, df12c920-952d-4704-9c70-1a288e2f77c7<-9ceef694-dbcf-4070-b7b1-3b3c65b6a699#0:FAIL-t232] and 0 exception(s); df12c920-952d-4704-9c70-1a288e2f77c7@group-75987F7FE399:t232, leader=null, voted=df12c920-952d-4704-9c70-1a288e2f77c7, raftlog=df12c920-952d-4704-9c70-1a288e2f77c7@group-75987F7FE399-SegmentedRaftLog:OPENED:c-1,f-1,i0, conf=-1: [875da3d9-0dec-46c7-88bf-73f7a2372b64:192.168.69.89:39990, df12c920-952d-4704-9c70-1a288e2f77c7:192.168.69.89:43948, 9ceef694-dbcf-4070-b7b1-3b3c65b6a699:192.168.69.89:36536], old=null
2019-10-20 10:28:40,436 [df12c920-952d-4704-9c70-1a288e2f77c7@group-75987F7FE399-LeaderElection207] INFO  impl.RaftServerImpl (RaftServerImpl.java:setRole(184)) - df12c920-952d-4704-9c70-1a288e2f77c7@group-75987F7FE399: changes role from CANDIDATE to FOLLOWER at term 232 for DISCOVERED_A_NEW_TERM
2019-10-20 10:28:40,436 [df12c920-952d-4704-9c70-1a288e2f77c7@group-75987F7FE399-LeaderElection207] INFO  impl.RoleInfo (RoleInfo.java:shutdownLeaderElection(134)) - df12c920-952d-4704-9c70-1a288e2f77c7: shutdown LeaderElection
2019-10-20 10:28:40,436 [df12c920-952d-4704-9c70-1a288e2f77c7@group-75987F7FE399-LeaderElection207] INFO  impl.RoleInfo (RoleInfo.java:updateAndGet(143)) - df12c920-952d-4704-9c70-1a288e2f77c7: start FollowerState
2019-10-20 10:28:40,457 [Thread-1633] INFO  impl.FollowerState (FollowerState.java:run(108)) - df12c920-952d-4704-9c70-1a288e2f77c7@group-75987F7FE399-FollowerState: change to CANDIDATE, lastRpcTime:21ms, electionTimeout:21ms
2019-10-20 10:28:40,458 [Thread-1633] INFO  impl.RoleInfo (RoleInfo.java:shutdownFollowerState(121)) - df12c920-952d-4704-9c70-1a288e2f77c7: shutdown FollowerState
2019-10-20 10:28:40,458 [Thread-1633] INFO  impl.RaftServerImpl (RaftServerImpl.java:setRole(184)) - df12c920-952d-4704-9c70-1a288e2f77c7@group-75987F7FE399: changes role from  FOLLOWER to CANDIDATE at term 232 for changeToCandidate
2019-10-20 10:28:40,458 [Thread-1633] INFO  impl.RoleInfo (RoleInfo.java:updateAndGet(143)) - df12c920-952d-4704-9c70-1a288e2f77c7: start LeaderElection
2019-10-20 10:28:40,472 [df12c920-952d-4704-9c70-1a288e2f77c7@group-75987F7FE399-LeaderElection208] INFO  impl.LeaderElection (LeaderElection.java:askForVotes(178)) - df12c920-952d-4704-9c70-1a288e2f77c7@group-75987F7FE399-LeaderElection208: begin an election at term 233 for -1: [875da3d9-0dec-46c7-88bf-73f7a2372b64:192.168.69.89:39990, df12c920-952d-4704-9c70-1a288e2f77c7:192.168.69.89:43948, 9ceef694-dbcf-4070-b7b1-3b3c65b6a699:192.168.69.89:36536], old=null
2019-10-20 10:28:40,474 [grpc-default-executor-4] INFO  impl.RaftServerImpl (RaftServerImpl.java:setRole(184)) - 875da3d9-0dec-46c7-88bf-73f7a2372b64@group-75987F7FE399: changes role from  FOLLOWER to FOLLOWER at term 233 for recognizeCandidate:df12c920-952d-4704-9c70-1a288e2f77c7
2019-10-20 10:28:40,474 [grpc-default-executor-3] INFO  impl.RaftServerImpl (RaftServerImpl.java:setRole(184)) - 9ceef694-dbcf-4070-b7b1-3b3c65b6a699@group-75987F7FE399: changes role from  FOLLOWER to FOLLOWER at term 233 for recognizeCandidate:df12c920-952d-4704-9c70-1a288e2f77c7
2019-10-20 10:28:40,474 [grpc-default-executor-4] INFO  impl.RoleInfo (RoleInfo.java:shutdownFollowerState(121)) - 875da3d9-0dec-46c7-88bf-73f7a2372b64: shutdown FollowerState
2019-10-20 10:28:40,474 [grpc-default-executor-3] INFO  impl.RoleInfo (RoleInfo.java:shutdownFollowerState(121)) - 9ceef694-dbcf-4070-b7b1-3b3c65b6a699: shutdown FollowerState
2019-10-20 10:28:40,475 [Thread-1632] INFO  impl.FollowerState (FollowerState.java:run(117)) - 875da3d9-0dec-46c7-88bf-73f7a2372b64@group-75987F7FE399-FollowerState was interrupted: java.lang.InterruptedException: sleep interrupted
2019-10-20 10:28:40,474 [grpc-default-executor-4] INFO  impl.RoleInfo (RoleInfo.java:updateAndGet(143)) - 875da3d9-0dec-46c7-88bf-73f7a2372b64: start FollowerState
2019-10-20 10:28:40,475 [Thread-1631] INFO  impl.FollowerState (FollowerState.java:run(117)) - 9ceef694-dbcf-4070-b7b1-3b3c65b6a699@group-75987F7FE399-FollowerState was interrupted: java.lang.InterruptedException: sleep interrupted
2019-10-20 10:28:40,475 [grpc-default-executor-3] INFO  impl.RoleInfo (RoleInfo.java:updateAndGet(143)) - 9ceef694-dbcf-4070-b7b1-3b3c65b6a699: start FollowerState
2019-10-20 10:28:40,502 [df12c920-952d-4704-9c70-1a288e2f77c7@group-75987F7FE399-LeaderElection208] INFO  impl.LeaderElection (LeaderElection.java:logAndReturn(56)) - df12c920-952d-4704-9c70-1a288e2f77c7@group-75987F7FE399-LeaderElection208: Election REJECTED; received 2 response(s) [df12c920-952d-4704-9c70-1a288e2f77c7<-875da3d9-0dec-46c7-88bf-73f7a2372b64#0:FAIL-t233, df12c920-952d-4704-9c70-1a288e2f77c7<-9ceef694-dbcf-4070-b7b1-3b3c65b6a699#0:FAIL-t233] and 0 exception(s); df12c920-952d-4704-9c70-1a288e2f77c7@group-75987F7FE399:t233, leader=null, voted=df12c920-952d-4704-9c70-1a288e2f77c7, raftlog=df12c920-952d-4704-9c70-1a288e2f77c7@group-75987F7FE399-SegmentedRaftLog:OPENED:c-1,f-1,i0, conf=-1: [875da3d9-0dec-46c7-88bf-73f7a2372b64:192.168.69.89:39990, df12c920-952d-4704-9c70-1a288e2f77c7:192.168.69.89:43948, 9ceef694-dbcf-4070-b7b1-3b3c65b6a699:192.168.69.89:36536], old=null
2019-10-20 10:28:40,502 [df12c920-952d-4704-9c70-1a288e2f77c7@group-75987F7FE399-LeaderElection208] INFO  impl.RaftServerImpl (RaftServerImpl.java:setRole(184)) - df12c920-952d-4704-9c70-1a288e2f77c7@group-75987F7FE399: changes role from CANDIDATE to FOLLOWER at term 233 for DISCOVERED_A_NEW_TERM
2019-10-20 10:28:40,502 [df12c920-952d-4704-9c70-1a288e2f77c7@group-75987F7FE399-LeaderElection208] INFO  impl.RoleInfo (RoleInfo.java:shutdownLeaderElection(134)) - df12c920-952d-4704-9c70-1a288e2f77c7: shutdown LeaderElection
2019-10-20 10:28:40,503 [df12c920-952d-4704-9c70-1a288e2f77c7@group-75987F7FE399-LeaderElection208] INFO  impl.RoleInfo (RoleInfo.java:updateAndGet(143)) - df12c920-952d-4704-9c70-1a288e2f77c7: start FollowerState
2019-10-20 10:28:40,508 [Thread-1639] INFO  impl.FollowerState (FollowerState.java:run(108)) - df12c920-952d-4704-9c70-1a288e2f77c7@group-75987F7FE399-FollowerState: change to CANDIDATE, lastRpcTime:5ms, electionTimeout:5ms
2019-10-20 10:28:40,508 [Thread-1639] INFO  impl.RoleInfo (RoleInfo.java:shutdownFollowerState(121)) - df12c920-952d-4704-9c70-1a288e2f77c7: shutdown FollowerState
2019-10-20 10:28:40,508 [Thread-1639] INFO  impl.RaftServerImpl (RaftServerImpl.java:setRole(184)) - df12c920-952d-4704-9c70-1a288e2f77c7@group-75987F7FE399: changes role from  FOLLOWER to CANDIDATE at term 233 for changeToCandidate
2019-10-20 10:28:40,508 [Thread-1639] INFO  impl.RoleInfo (RoleInfo.java:updateAndGet(143)) - df12c920-952d-4704-9c70-1a288e2f77c7: start LeaderElection
2019-10-20 10:28:40,521 [df12c920-952d-4704-9c70-1a288e2f77c7@group-75987F7FE399-LeaderElection209] INFO  impl.LeaderElection (LeaderElection.java:askForVotes(178)) - df12c920-952d-4704-9c70-1a288e2f77c7@group-75987F7FE399-LeaderElection209: begin an election at term 234 for -1: [875da3d9-0dec-46c7-88bf-73f7a2372b64:192.168.69.89:39990, df12c920-952d-4704-9c70-1a288e2f77c7:192.168.69.89:43948, 9ceef694-dbcf-4070-b7b1-3b3c65b6a699:192.168.69.89:36536], old=null
2019-10-20 10:28:40,523 [grpc-default-executor-3] INFO  impl.RaftServerImpl (RaftServerImpl.java:setRole(184)) - 875da3d9-0dec-46c7-88bf-73f7a2372b64@group-75987F7FE399: changes role from  FOLLOWER to FOLLOWER at term 234 for recognizeCandidate:df12c920-952d-4704-9c70-1a288e2f77c7
2019-10-20 10:28:40,523 [grpc-default-executor-3] INFO  impl.RoleInfo (RoleInfo.java:shutdownFollowerState(121)) - 875da3d9-0dec-46c7-88bf-73f7a2372b64: shutdown FollowerState
2019-10-20 10:28:40,523 [grpc-default-executor-4] INFO  impl.RaftServerImpl (RaftServerImpl.java:setRole(184)) - 9ceef694-dbcf-4070-b7b1-3b3c65b6a699@group-75987F7FE399: changes role from  FOLLOWER to FOLLOWER at term 234 for recognizeCandidate:df12c920-952d-4704-9c70-1a288e2f77c7
2019-10-20 10:28:40,523 [Thread-1637] INFO  impl.FollowerState (FollowerState.java:run(117)) - 875da3d9-0dec-46c7-88bf-73f7a2372b64@group-75987F7FE399-FollowerState was interrupted: java.lang.InterruptedException: sleep interrupted
2019-10-20 10:28:40,523 [grpc-default-executor-3] INFO  impl.RoleInfo (RoleInfo.java:updateAndGet(143)) - 875da3d9-0dec-46c7-88bf-73f7a2372b64: start FollowerState
2019-10-20 10:28:40,523 [grpc-default-executor-4] INFO  impl.RoleInfo (RoleInfo.java:shutdownFollowerState(121)) - 9ceef694-dbcf-4070-b7b1-3b3c65b6a699: shutdown FollowerState
2019-10-20 10:28:40,524 [grpc-default-executor-4] INFO  impl.RoleInfo (RoleInfo.java:updateAndGet(143)) - 9ceef694-dbcf-4070-b7b1-3b3c65b6a699: start FollowerState
2019-10-20 10:28:40,524 [Thread-1638] INFO  impl.FollowerState (FollowerState.java:run(117)) - 9ceef694-dbcf-4070-b7b1-3b3c65b6a699@group-75987F7FE399-FollowerState was interrupted: java.lang.InterruptedException: sleep interrupted
2019-10-20 10:28:40,549 [df12c920-952d-4704-9c70-1a288e2f77c7@group-75987F7FE399-LeaderElection209] INFO  impl.LeaderElection (LeaderElection.java:logAndReturn(56)) - df12c920-952d-4704-9c70-1a288e2f77c7@group-75987F7FE399-LeaderElection209: Election REJECTED; received 2 response(s) [df12c920-952d-4704-9c70-1a288e2f77c7<-875da3d9-0dec-46c7-88bf-73f7a2372b64#0:FAIL-t234, df12c920-952d-4704-9c70-1a288e2f77c7<-9ceef694-dbcf-4070-b7b1-3b3c65b6a699#0:FAIL-t234] and 0 exception(s); df12c920-952d-4704-9c70-1a288e2f77c7@group-75987F7FE399:t234, leader=null, voted=df12c920-952d-4704-9c70-1a288e2f77c7, raftlog=df12c920-952d-4704-9c70-1a288e2f77c7@group-75987F7FE399-SegmentedRaftLog:OPENED:c-1,f-1,i0, conf=-1: [875da3d9-0dec-46c7-88bf-73f7a2372b64:192.168.69.89:39990, df12c920-952d-4704-9c70-1a288e2f77c7:192.168.69.89:43948, 9ceef694-dbcf-4070-b7b1-3b3c65b6a699:192.168.69.89:36536], old=null
2019-10-20 10:28:40,549 [df12c920-952d-4704-9c70-1a288e2f77c7@group-75987F7FE399-LeaderElection209] INFO  impl.RaftServerImpl (RaftServerImpl.java:setRole(184)) - df12c920-952d-4704-9c70-1a288e2f77c7@group-75987F7FE399: changes role from CANDIDATE to FOLLOWER at term 234 for DISCOVERED_A_NEW_TERM
2019-10-20 10:28:40,549 [df12c920-952d-4704-9c70-1a288e2f77c7@group-75987F7FE399-LeaderElection209] INFO  impl.RoleInfo (RoleInfo.java:shutdownLeaderElection(134)) - df12c920-952d-4704-9c70-1a288e2f77c7: shutdown LeaderElection
2019-10-20 10:28:40,549 [df12c920-952d-4704-9c70-1a288e2f77c7@group-75987F7FE399-LeaderElection209] INFO  impl.RoleInfo (RoleInfo.java:updateAndGet(143)) - df12c920-952d-4704-9c70-1a288e2f77c7: start FollowerState
2019-10-20 10:28:40,739 [Thread-1645] INFO  impl.FollowerState (FollowerState.java:run(108)) - df12c920-952d-4704-9c70-1a288e2f77c7@group-75987F7FE399-FollowerState: change to CANDIDATE, lastRpcTime:189ms, electionTimeout:189ms
2019-10-20 10:28:40,739 [Thread-1645] INFO  impl.RoleInfo (RoleInfo.java:shutdownFollowerState(121)) - df12c920-952d-4704-9c70-1a288e2f77c7: shutdown FollowerState
2019-10-20 10:28:40,739 [Thread-1645] INFO  impl.RaftServerImpl (RaftServerImpl.java:setRole(184)) - df12c920-952d-4704-9c70-1a288e2f77c7@group-75987F7FE399: changes role from  FOLLOWER to CANDIDATE at term 234 for changeToCandidate
2019-10-20 10:28:40,739 [Thread-1645] INFO  impl.RoleInfo (RoleInfo.java:updateAndGet(143)) - df12c920-952d-4704-9c70-1a288e2f77c7: start LeaderElection
2019-10-20 10:28:40,759 [df12c920-952d-4704-9c70-1a288e2f77c7@group-75987F7FE399-LeaderElection210] INFO  impl.LeaderElection (LeaderElection.java:askForVotes(178)) - df12c920-952d-4704-9c70-1a288e2f77c7@group-75987F7FE399-LeaderElection210: begin an election at term 235 for -1: [875da3d9-0dec-46c7-88bf-73f7a2372b64:192.168.69.89:39990, df12c920-952d-4704-9c70-1a288e2f77c7:192.168.69.89:43948, 9ceef694-dbcf-4070-b7b1-3b3c65b6a699:192.168.69.89:36536], old=null
2019-10-20 10:28:40,763 [grpc-default-executor-4] INFO  impl.RaftServerImpl (RaftServerImpl.java:setRole(184)) - 9ceef694-dbcf-4070-b7b1-3b3c65b6a699@group-75987F7FE399: changes role from  FOLLOWER to FOLLOWER at term 235 for recognizeCandidate:df12c920-952d-4704-9c70-1a288e2f77c7
2019-10-20 10:28:40,763 [grpc-default-executor-3] INFO  impl.RaftServerImpl (RaftServerImpl.java:setRole(184)) - 875da3d9-0dec-46c7-88bf-73f7a2372b64@group-75987F7FE399: changes role from  FOLLOWER to FOLLOWER at term 235 for recognizeCandidate:df12c920-952d-4704-9c70-1a288e2f77c7
2019-10-20 10:28:40,763 [grpc-default-executor-4] INFO  impl.RoleInfo (RoleInfo.java:shutdownFollowerState(121)) - 9ceef694-dbcf-4070-b7b1-3b3c65b6a699: shutdown FollowerState
2019-10-20 10:28:40,763 [grpc-default-executor-3] INFO  impl.RoleInfo (RoleInfo.java:shutdownFollowerState(121)) - 875da3d9-0dec-46c7-88bf-73f7a2372b64: shutdown FollowerState
2019-10-20 10:28:40,764 [Thread-1644] INFO  impl.FollowerState (FollowerState.java:run(117)) - 9ceef694-dbcf-4070-b7b1-3b3c65b6a699@group-75987F7FE399-FollowerState was interrupted: java.lang.InterruptedException: sleep interrupted
2019-10-20 10:28:40,764 [grpc-default-executor-4] INFO  impl.RoleInfo (RoleInfo.java:updateAndGet(143)) - 9ceef694-dbcf-4070-b7b1-3b3c65b6a699: start FollowerState
2019-10-20 10:28:40,764 [Thread-1643] INFO  impl.FollowerState (FollowerState.java:run(117)) - 875da3d9-0dec-46c7-88bf-73f7a2372b64@group-75987F7FE399-FollowerState was interrupted: java.lang.InterruptedException: sleep interrupted
2019-10-20 10:28:40,764 [grpc-default-executor-3] INFO  impl.RoleInfo (RoleInfo.java:updateAndGet(143)) - 875da3d9-0dec-46c7-88bf-73f7a2372b64: start FollowerState
2019-10-20 10:28:40,779 [df12c920-952d-4704-9c70-1a288e2f77c7@group-75987F7FE399-LeaderElection210] INFO  impl.LeaderElection (LeaderElection.java:logAndReturn(56)) - df12c920-952d-4704-9c70-1a288e2f77c7@group-75987F7FE399-LeaderElection210: Election REJECTED; received 2 response(s) [df12c920-952d-4704-9c70-1a288e2f77c7<-875da3d9-0dec-46c7-88bf-73f7a2372b64#0:FAIL-t235, df12c920-952d-4704-9c70-1a288e2f77c7<-9ceef694-dbcf-4070-b7b1-3b3c65b6a699#0:FAIL-t235] and 0 exception(s); df12c920-952d-4704-9c70-1a288e2f77c7@group-75987F7FE399:t235, leader=null, voted=df12c920-952d-4704-9c70-1a288e2f77c7, raftlog=df12c920-952d-4704-9c70-1a288e2f77c7@group-75987F7FE399-SegmentedRaftLog:OPENED:c-1,f-1,i0, conf=-1: [875da3d9-0dec-46c7-88bf-73f7a2372b64:192.168.69.89:39990, df12c920-952d-4704-9c70-1a288e2f77c7:192.168.69.89:43948, 9ceef694-dbcf-4070-b7b1-3b3c65b6a699:192.168.69.89:36536], old=null
2019-10-20 10:28:40,779 [df12c920-952d-4704-9c70-1a288e2f77c7@group-75987F7FE399-LeaderElection210] INFO  impl.RaftServerImpl (RaftServerImpl.java:setRole(184)) - df12c920-952d-4704-9c70-1a288e2f77c7@group-75987F7FE399: changes role from CANDIDATE to FOLLOWER at term 235 for DISCOVERED_A_NEW_TERM
2019-10-20 10:28:40,779 [df12c920-952d-4704-9c70-1a288e2f77c7@group-75987F7FE399-LeaderElection210] INFO  impl.RoleInfo (RoleInfo.java:shutdownLeaderElection(134)) - df12c920-952d-4704-9c70-1a288e2f77c7: shutdown LeaderElection
2019-10-20 10:28:40,779 [df12c920-952d-4704-9c70-1a288e2f77c7@group-75987F7FE399-LeaderElection210] INFO  impl.RoleInfo (RoleInfo.java:updateAndGet(143)) - df12c920-952d-4704-9c70-1a288e2f77c7: start FollowerState
2019-10-20 10:28:40,894 [Thread-1651] INFO  impl.FollowerState (FollowerState.java:run(108)) - df12c920-952d-4704-9c70-1a288e2f77c7@group-75987F7FE399-FollowerState: change to CANDIDATE, lastRpcTime:114ms, electionTimeout:114ms
2019-10-20 10:28:40,894 [Thread-1651] INFO  impl.RoleInfo (RoleInfo.java:shutdownFollowerState(121)) - df12c920-952d-4704-9c70-1a288e2f77c7: shutdown FollowerState
2019-10-20 10:28:40,894 [Thread-1651] INFO  impl.RaftServerImpl (RaftServerImpl.java:setRole(184)) - df12c920-952d-4704-9c70-1a288e2f77c7@group-75987F7FE399: changes role from  FOLLOWER to CANDIDATE at term 235 for changeToCandidate
2019-10-20 10:28:40,894 [Thread-1651] INFO  impl.RoleInfo (RoleInfo.java:updateAndGet(143)) - df12c920-952d-4704-9c70-1a288e2f77c7: start LeaderElection
2019-10-20 10:28:40,916 [df12c920-952d-4704-9c70-1a288e2f77c7@group-75987F7FE399-LeaderElection211] INFO  impl.LeaderElection (LeaderElection.java:askForVotes(178)) - df12c920-952d-4704-9c70-1a288e2f77c7@group-75987F7FE399-LeaderElection211: begin an election at term 236 for -1: [875da3d9-0dec-46c7-88bf-73f7a2372b64:192.168.69.89:39990, df12c920-952d-4704-9c70-1a288e2f77c7:192.168.69.89:43948, 9ceef694-dbcf-4070-b7b1-3b3c65b6a699:192.168.69.89:36536], old=null
2019-10-20 10:28:40,918 [grpc-default-executor-4] INFO  impl.RaftServerImpl (RaftServerImpl.java:setRole(184)) - 875da3d9-0dec-46c7-88bf-73f7a2372b64@group-75987F7FE399: changes role from  FOLLOWER to FOLLOWER at term 236 for recognizeCandidate:df12c920-952d-4704-9c70-1a288e2f77c7
2019-10-20 10:28:40,918 [grpc-default-executor-4] INFO  impl.RoleInfo (RoleInfo.java:shutdownFollowerState(121)) - 875da3d9-0dec-46c7-88bf-73f7a2372b64: shutdown FollowerState
2019-10-20 10:28:40,919 [grpc-default-executor-4] INFO  impl.RoleInfo (RoleInfo.java:updateAndGet(143)) - 875da3d9-0dec-46c7-88bf-73f7a2372b64: start FollowerState
2019-10-20 10:28:40,919 [Thread-1650] INFO  impl.FollowerState (FollowerState.java:run(117)) - 875da3d9-0dec-46c7-88bf-73f7a2372b64@group-75987F7FE399-FollowerState was interrupted: java.lang.InterruptedException: sleep interrupted
2019-10-20 10:28:40,919 [grpc-default-executor-3] INFO  impl.RaftServerImpl (RaftServerImpl.java:setRole(184)) - 9ceef694-dbcf-4070-b7b1-3b3c65b6a699@group-75987F7FE399: changes role from  FOLLOWER to FOLLOWER at term 236 for recognizeCandidate:df12c920-952d-4704-9c70-1a288e2f77c7
2019-10-20 10:28:40,919 [grpc-default-executor-3] INFO  impl.RoleInfo (RoleInfo.java:shutdownFollowerState(121)) - 9ceef694-dbcf-4070-b7b1-3b3c65b6a699: shutdown FollowerState
2019-10-20 10:28:40,919 [grpc-default-executor-3] INFO  impl.RoleInfo (RoleInfo.java:updateAndGet(143)) - 9ceef694-dbcf-4070-b7b1-3b3c65b6a699: start FollowerState
2019-10-20 10:28:40,919 [Thread-1649] INFO  impl.FollowerState (FollowerState.java:run(117)) - 9ceef694-dbcf-4070-b7b1-3b3c65b6a699@group-75987F7FE399-FollowerState was interrupted: java.lang.InterruptedException: sleep interrupted
2019-10-20 10:28:40,945 [df12c920-952d-4704-9c70-1a288e2f77c7@group-75987F7FE399-LeaderElection211] INFO  impl.LeaderElection (LeaderElection.java:logAndReturn(56)) - df12c920-952d-4704-9c70-1a288e2f77c7@group-75987F7FE399-LeaderElection211: Election REJECTED; received 2 response(s) [df12c920-952d-4704-9c70-1a288e2f77c7<-875da3d9-0dec-46c7-88bf-73f7a2372b64#0:FAIL-t236, df12c920-952d-4704-9c70-1a288e2f77c7<-9ceef694-dbcf-4070-b7b1-3b3c65b6a699#0:FAIL-t236] and 0 exception(s); df12c920-952d-4704-9c70-1a288e2f77c7@group-75987F7FE399:t236, leader=null, voted=df12c920-952d-4704-9c70-1a288e2f77c7, raftlog=df12c920-952d-4704-9c70-1a288e2f77c7@group-75987F7FE399-SegmentedRaftLog:OPENED:c-1,f-1,i0, conf=-1: [875da3d9-0dec-46c7-88bf-73f7a2372b64:192.168.69.89:39990, df12c920-952d-4704-9c70-1a288e2f77c7:192.168.69.89:43948, 9ceef694-dbcf-4070-b7b1-3b3c65b6a699:192.168.69.89:36536], old=null
2019-10-20 10:28:40,945 [df12c920-952d-4704-9c70-1a288e2f77c7@group-75987F7FE399-LeaderElection211] INFO  impl.RaftServerImpl (RaftServerImpl.java:setRole(184)) - df12c920-952d-4704-9c70-1a288e2f77c7@group-75987F7FE399: changes role from CANDIDATE to FOLLOWER at term 236 for DISCOVERED_A_NEW_TERM
2019-10-20 10:28:40,945 [df12c920-952d-4704-9c70-1a288e2f77c7@group-75987F7FE399-LeaderElection211] INFO  impl.RoleInfo (RoleInfo.java:shutdownLeaderElection(134)) - df12c920-952d-4704-9c70-1a288e2f77c7: shutdown LeaderElection
2019-10-20 10:28:40,945 [df12c920-952d-4704-9c70-1a288e2f77c7@group-75987F7FE399-LeaderElection211] INFO  impl.RoleInfo (RoleInfo.java:updateAndGet(143)) - df12c920-952d-4704-9c70-1a288e2f77c7: start FollowerState
2019-10-20 10:28:41,123 [Thread-1657] INFO  impl.FollowerState (FollowerState.java:run(108)) - df12c920-952d-4704-9c70-1a288e2f77c7@group-75987F7FE399-FollowerState: change to CANDIDATE, lastRpcTime:177ms, electionTimeout:177ms
2019-10-20 10:28:41,123 [Thread-1657] INFO  impl.RoleInfo (RoleInfo.java:shutdownFollowerState(121)) - df12c920-952d-4704-9c70-1a288e2f77c7: shutdown FollowerState
2019-10-20 10:28:41,123 [Thread-1657] INFO  impl.RaftServerImpl (RaftServerImpl.java:setRole(184)) - df12c920-952d-4704-9c70-1a288e2f77c7@group-75987F7FE399: changes role from  FOLLOWER to CANDIDATE at term 236 for changeToCandidate
2019-10-20 10:28:41,123 [Thread-1657] INFO  impl.RoleInfo (RoleInfo.java:updateAndGet(143)) - df12c920-952d-4704-9c70-1a288e2f77c7: start LeaderElection
2019-10-20 10:28:41,145 [df12c920-952d-4704-9c70-1a288e2f77c7@group-75987F7FE399-LeaderElection212] INFO  impl.LeaderElection (LeaderElection.java:askForVotes(178)) - df12c920-952d-4704-9c70-1a288e2f77c7@group-75987F7FE399-LeaderElection212: begin an election at term 237 for -1: [875da3d9-0dec-46c7-88bf-73f7a2372b64:192.168.69.89:39990, df12c920-952d-4704-9c70-1a288e2f77c7:192.168.69.89:43948, 9ceef694-dbcf-4070-b7b1-3b3c65b6a699:192.168.69.89:36536], old=null
2019-10-20 10:28:41,148 [grpc-default-executor-4] INFO  impl.RaftServerImpl (RaftServerImpl.java:setRole(184)) - 875da3d9-0dec-46c7-88bf-73f7a2372b64@group-75987F7FE399: changes role from  FOLLOWER to FOLLOWER at term 237 for recognizeCandidate:df12c920-952d-4704-9c70-1a288e2f77c7
2019-10-20 10:28:41,148 [grpc-default-executor-4] INFO  impl.RoleInfo (RoleInfo.java:shutdownFollowerState(121)) - 875da3d9-0dec-46c7-88bf-73f7a2372b64: shutdown FollowerState
2019-10-20 10:28:41,148 [grpc-default-executor-3] INFO  impl.RaftServerImpl (RaftServerImpl.java:setRole(184)) - 9ceef694-dbcf-4070-b7b1-3b3c65b6a699@group-75987F7FE399: changes role from  FOLLOWER to FOLLOWER at term 237 for recognizeCandidate:df12c920-952d-4704-9c70-1a288e2f77c7
2019-10-20 10:28:41,148 [Thread-1655] INFO  impl.FollowerState (FollowerState.java:run(117)) - 875da3d9-0dec-46c7-88bf-73f7a2372b64@group-75987F7FE399-FollowerState was interrupted: java.lang.InterruptedException: sleep interrupted
2019-10-20 10:28:41,148 [grpc-default-executor-4] INFO  impl.RoleInfo (RoleInfo.java:updateAndGet(143)) - 875da3d9-0dec-46c7-88bf-73f7a2372b64: start FollowerState
2019-10-20 10:28:41,148 [grpc-default-executor-3] INFO  impl.RoleInfo (RoleInfo.java:shutdownFollowerState(121)) - 9ceef694-dbcf-4070-b7b1-3b3c65b6a699: shutdown FollowerState
2019-10-20 10:28:41,149 [grpc-default-executor-3] INFO  impl.RoleInfo (RoleInfo.java:updateAndGet(143)) - 9ceef694-dbcf-4070-b7b1-3b3c65b6a699: start FollowerState
2019-10-20 10:28:41,149 [Thread-1656] INFO  impl.FollowerState (FollowerState.java:run(117)) - 9ceef694-dbcf-4070-b7b1-3b3c65b6a699@group-75987F7FE399-FollowerState was interrupted: java.lang.InterruptedException: sleep interrupted
2019-10-20 10:28:41,173 [df12c920-952d-4704-9c70-1a288e2f77c7@group-75987F7FE399-LeaderElection212] INFO  impl.LeaderElection (LeaderElection.java:logAndReturn(56)) - df12c920-952d-4704-9c70-1a288e2f77c7@group-75987F7FE399-LeaderElection212: Election TIMEOUT; received 0 response(s) [] and 0 exception(s); df12c920-952d-4704-9c70-1a288e2f77c7@group-75987F7FE399:t237, leader=null, voted=df12c920-952d-4704-9c70-1a288e2f77c7, raftlog=df12c920-952d-4704-9c70-1a288e2f77c7@group-75987F7FE399-SegmentedRaftLog:OPENED:c-1,f-1,i0, conf=-1: [875da3d9-0dec-46c7-88bf-73f7a2372b64:192.168.69.89:39990, df12c920-952d-4704-9c70-1a288e2f77c7:192.168.69.89:43948, 9ceef694-dbcf-4070-b7b1-3b3c65b6a699:192.168.69.89:36536], old=null
2019-10-20 10:28:41,176 [df12c920-952d-4704-9c70-1a288e2f77c7@group-75987F7FE399-LeaderElection212] INFO  impl.LeaderElection (LeaderElection.java:askForVotes(178)) - df12c920-952d-4704-9c70-1a288e2f77c7@group-75987F7FE399-LeaderElection212: begin an election at term 238 for -1: [875da3d9-0dec-46c7-88bf-73f7a2372b64:192.168.69.89:39990, df12c920-952d-4704-9c70-1a288e2f77c7:192.168.69.89:43948, 9ceef694-dbcf-4070-b7b1-3b3c65b6a699:192.168.69.89:36536], old=null
2019-10-20 10:28:41,178 [grpc-default-executor-4] INFO  impl.RaftServerImpl (RaftServerImpl.java:setRole(184)) - 875da3d9-0dec-46c7-88bf-73f7a2372b64@group-75987F7FE399: changes role from  FOLLOWER to FOLLOWER at term 238 for recognizeCandidate:df12c920-952d-4704-9c70-1a288e2f77c7
2019-10-20 10:28:41,178 [grpc-default-executor-4] INFO  impl.RoleInfo (RoleInfo.java:shutdownFollowerState(121)) - 875da3d9-0dec-46c7-88bf-73f7a2372b64: shutdown FollowerState
2019-10-20 10:28:41,178 [grpc-default-executor-3] INFO  impl.RaftServerImpl (RaftServerImpl.java:setRole(184)) - 9ceef694-dbcf-4070-b7b1-3b3c65b6a699@group-75987F7FE399: changes role from  FOLLOWER to FOLLOWER at term 238 for recognizeCandidate:df12c920-952d-4704-9c70-1a288e2f77c7
2019-10-20 10:28:41,178 [grpc-default-executor-3] INFO  impl.RoleInfo (RoleInfo.java:shutdownFollowerState(121)) - 9ceef694-dbcf-4070-b7b1-3b3c65b6a699: shutdown FollowerState
2019-10-20 10:28:41,178 [Thread-1663] INFO  impl.FollowerState (FollowerState.java:run(117)) - 875da3d9-0dec-46c7-88bf-73f7a2372b64@group-75987F7FE399-FollowerState was interrupted: java.lang.InterruptedException: sleep interrupted
2019-10-20 10:28:41,178 [Thread-1664] INFO  impl.FollowerState (FollowerState.java:run(117)) - 9ceef694-dbcf-4070-b7b1-3b3c65b6a699@group-75987F7FE399-FollowerState was interrupted: java.lang.InterruptedException: sleep interrupted
2019-10-20 10:28:41,178 [grpc-default-executor-4] INFO  impl.RoleInfo (RoleInfo.java:updateAndGet(143)) - 875da3d9-0dec-46c7-88bf-73f7a2372b64: start FollowerState
2019-10-20 10:28:41,178 [grpc-default-executor-3] INFO  impl.RoleInfo (RoleInfo.java:updateAndGet(143)) - 9ceef694-dbcf-4070-b7b1-3b3c65b6a699: start FollowerState
2019-10-20 10:28:41,202 [df12c920-952d-4704-9c70-1a288e2f77c7@group-75987F7FE399-LeaderElection212] INFO  impl.LeaderElection (LeaderElection.java:logAndReturn(56)) - df12c920-952d-4704-9c70-1a288e2f77c7@group-75987F7FE399-LeaderElection212: Election TIMEOUT; received 0 response(s) [] and 0 exception(s); df12c920-952d-4704-9c70-1a288e2f77c7@group-75987F7FE399:t238, leader=null, voted=df12c920-952d-4704-9c70-1a288e2f77c7, raftlog=df12c920-952d-4704-9c70-1a288e2f77c7@group-75987F7FE399-SegmentedRaftLog:OPENED:c-1,f-1,i0, conf=-1: [875da3d9-0dec-46c7-88bf-73f7a2372b64:192.168.69.89:39990, df12c920-952d-4704-9c70-1a288e2f77c7:192.168.69.89:43948, 9ceef694-dbcf-4070-b7b1-3b3c65b6a699:192.168.69.89:36536], old=null
2019-10-20 10:28:41,219 [df12c920-952d-4704-9c70-1a288e2f77c7@group-75987F7FE399-LeaderElection212] INFO  impl.LeaderElection (LeaderElection.java:askForVotes(178)) - df12c920-952d-4704-9c70-1a288e2f77c7@group-75987F7FE399-LeaderElection212: begin an election at term 239 for -1: [875da3d9-0dec-46c7-88bf-73f7a2372b64:192.168.69.89:39990, df12c920-952d-4704-9c70-1a288e2f77c7:192.168.69.89:43948, 9ceef694-dbcf-4070-b7b1-3b3c65b6a699:192.168.69.89:36536], old=null
2019-10-20 10:28:41,223 [grpc-default-executor-4] INFO  impl.RaftServerImpl (RaftServerImpl.java:setRole(184)) - 9ceef694-dbcf-4070-b7b1-3b3c65b6a699@group-75987F7FE399: changes role from  FOLLOWER to FOLLOWER at term 239 for recognizeCandidate:df12c920-952d-4704-9c70-1a288e2f77c7
2019-10-20 10:28:41,223 [grpc-default-executor-3] INFO  impl.RaftServerImpl (RaftServerImpl.java:setRole(184)) - 875da3d9-0dec-46c7-88bf-73f7a2372b64@group-75987F7FE399: changes role from  FOLLOWER to FOLLOWER at term 239 for recognizeCandidate:df12c920-952d-4704-9c70-1a288e2f77c7
2019-10-20 10:28:41,223 [grpc-default-executor-3] INFO  impl.RoleInfo (RoleInfo.java:shutdownFollowerState(121)) - 875da3d9-0dec-46c7-88bf-73f7a2372b64: shutdown FollowerState
2019-10-20 10:28:41,223 [grpc-default-executor-4] INFO  impl.RoleInfo (RoleInfo.java:shutdownFollowerState(121)) - 9ceef694-dbcf-4070-b7b1-3b3c65b6a699: shutdown FollowerState
2019-10-20 10:28:41,223 [Thread-1667] INFO  impl.FollowerState (FollowerState.java:run(117)) - 875da3d9-0dec-46c7-88bf-73f7a2372b64@group-75987F7FE399-FollowerState was interrupted: java.lang.InterruptedException: sleep interrupted
2019-10-20 10:28:41,223 [grpc-default-executor-3] INFO  impl.RoleInfo (RoleInfo.java:updateAndGet(143)) - 875da3d9-0dec-46c7-88bf-73f7a2372b64: start FollowerState
2019-10-20 10:28:41,224 [Thread-1668] INFO  impl.FollowerState (FollowerState.java:run(117)) - 9ceef694-dbcf-4070-b7b1-3b3c65b6a699@group-75987F7FE399-FollowerState was interrupted: java.lang.InterruptedException: sleep interrupted
2019-10-20 10:28:41,223 [grpc-default-executor-4] INFO  impl.RoleInfo (RoleInfo.java:updateAndGet(143)) - 9ceef694-dbcf-4070-b7b1-3b3c65b6a699: start FollowerState
2019-10-20 10:28:41,238 [df12c920-952d-4704-9c70-1a288e2f77c7@group-75987F7FE399-LeaderElection212] INFO  impl.LeaderElection (LeaderElection.java:logAndReturn(56)) - df12c920-952d-4704-9c70-1a288e2f77c7@group-75987F7FE399-LeaderElection212: Election REJECTED; received 2 response(s) [df12c920-952d-4704-9c70-1a288e2f77c7<-875da3d9-0dec-46c7-88bf-73f7a2372b64#0:FAIL-t239, df12c920-952d-4704-9c70-1a288e2f77c7<-9ceef694-dbcf-4070-b7b1-3b3c65b6a699#0:FAIL-t239] and 0 exception(s); df12c920-952d-4704-9c70-1a288e2f77c7@group-75987F7FE399:t239, leader=null, voted=df12c920-952d-4704-9c70-1a288e2f77c7, raftlog=df12c920-952d-4704-9c70-1a288e2f77c7@group-75987F7FE399-SegmentedRaftLog:OPENED:c-1,f-1,i0, conf=-1: [875da3d9-0dec-46c7-88bf-73f7a2372b64:192.168.69.89:39990, df12c920-952d-4704-9c70-1a288e2f77c7:192.168.69.89:43948, 9ceef694-dbcf-4070-b7b1-3b3c65b6a699:192.168.69.89:36536], old=null
2019-10-20 10:28:41,238 [df12c920-952d-4704-9c70-1a288e2f77c7@group-75987F7FE399-LeaderElection212] INFO  impl.RaftServerImpl (RaftServerImpl.java:setRole(184)) - df12c920-952d-4704-9c70-1a288e2f77c7@group-75987F7FE399: changes role from CANDIDATE to FOLLOWER at term 239 for DISCOVERED_A_NEW_TERM
2019-10-20 10:28:41,238 [df12c920-952d-4704-9c70-1a288e2f77c7@group-75987F7FE399-LeaderElection212] INFO  impl.RoleInfo (RoleInfo.java:shutdownLeaderElection(134)) - df12c920-952d-4704-9c70-1a288e2f77c7: shutdown LeaderElection
2019-10-20 10:28:41,239 [df12c920-952d-4704-9c70-1a288e2f77c7@group-75987F7FE399-LeaderElection212] INFO  impl.RoleInfo (RoleInfo.java:updateAndGet(143)) - df12c920-952d-4704-9c70-1a288e2f77c7: start FollowerState
2019-10-20 10:28:41,418 [Thread-1673] INFO  impl.FollowerState (FollowerState.java:run(108)) - df12c920-952d-4704-9c70-1a288e2f77c7@group-75987F7FE399-FollowerState: change to CANDIDATE, lastRpcTime:179ms, electionTimeout:179ms
2019-10-20 10:28:41,418 [Thread-1673] INFO  impl.RoleInfo (RoleInfo.java:shutdownFollowerState(121)) - df12c920-952d-4704-9c70-1a288e2f77c7: shutdown FollowerState
2019-10-20 10:28:41,418 [Thread-1673] INFO  impl.RaftServerImpl (RaftServerImpl.java:setRole(184)) - df12c920-952d-4704-9c70-1a288e2f77c7@group-75987F7FE399: changes role from  FOLLOWER to CANDIDATE at term 239 for changeToCandidate
2019-10-20 10:28:41,419 [Thread-1673] INFO  impl.RoleInfo (RoleInfo.java:updateAndGet(143)) - df12c920-952d-4704-9c70-1a288e2f77c7: start LeaderElection
2019-10-20 10:28:41,432 [df12c920-952d-4704-9c70-1a288e2f77c7@group-75987F7FE399-LeaderElection213] INFO  impl.LeaderElection (LeaderElection.java:askForVotes(178)) - df12c920-952d-4704-9c70-1a288e2f77c7@group-75987F7FE399-LeaderElection213: begin an election at term 240 for -1: [875da3d9-0dec-46c7-88bf-73f7a2372b64:192.168.69.89:39990, df12c920-952d-4704-9c70-1a288e2f77c7:192.168.69.89:43948, 9ceef694-dbcf-4070-b7b1-3b3c65b6a699:192.168.69.89:36536], old=null
2019-10-20 10:28:41,435 [grpc-default-executor-4] INFO  impl.RaftServerImpl (RaftServerImpl.java:setRole(184)) - 9ceef694-dbcf-4070-b7b1-3b3c65b6a699@group-75987F7FE399: changes role from  FOLLOWER to FOLLOWER at term 240 for recognizeCandidate:df12c920-952d-4704-9c70-1a288e2f77c7
2019-10-20 10:28:41,435 [grpc-default-executor-4] INFO  impl.RoleInfo (RoleInfo.java:shutdownFollowerState(121)) - 9ceef694-dbcf-4070-b7b1-3b3c65b6a699: shutdown FollowerState
2019-10-20 10:28:41,436 [grpc-default-executor-3] INFO  impl.RaftServerImpl (RaftServerImpl.java:setRole(184)) - 875da3d9-0dec-46c7-88bf-73f7a2372b64@group-75987F7FE399: changes role from  FOLLOWER to FOLLOWER at term 240 for recognizeCandidate:df12c920-952d-4704-9c70-1a288e2f77c7
2019-10-20 10:28:41,436 [Thread-1672] INFO  impl.FollowerState (FollowerState.java:run(117)) - 9ceef694-dbcf-4070-b7b1-3b3c65b6a699@group-75987F7FE399-FollowerState was interrupted: java.lang.InterruptedException: sleep interrupted
2019-10-20 10:28:41,436 [grpc-default-executor-4] INFO  impl.RoleInfo (RoleInfo.java:updateAndGet(143)) - 9ceef694-dbcf-4070-b7b1-3b3c65b6a699: start FollowerState
2019-10-20 10:28:41,436 [grpc-default-executor-3] INFO  impl.RoleInfo (RoleInfo.java:shutdownFollowerState(121)) - 875da3d9-0dec-46c7-88bf-73f7a2372b64: shutdown FollowerState
2019-10-20 10:28:41,436 [grpc-default-executor-3] INFO  impl.RoleInfo (RoleInfo.java:updateAndGet(143)) - 875da3d9-0dec-46c7-88bf-73f7a2372b64: start FollowerState
2019-10-20 10:28:41,436 [Thread-1671] INFO  impl.FollowerState (FollowerState.java:run(117)) - 875da3d9-0dec-46c7-88bf-73f7a2372b64@group-75987F7FE399-FollowerState was interrupted: java.lang.InterruptedException: sleep interrupted
2019-10-20 10:28:41,452 [df12c920-952d-4704-9c70-1a288e2f77c7@group-75987F7FE399-LeaderElection213] INFO  impl.LeaderElection (LeaderElection.java:logAndReturn(56)) - df12c920-952d-4704-9c70-1a288e2f77c7@group-75987F7FE399-LeaderElection213: Election REJECTED; received 2 response(s) [df12c920-952d-4704-9c70-1a288e2f77c7<-875da3d9-0dec-46c7-88bf-73f7a2372b64#0:FAIL-t240, df12c920-952d-4704-9c70-1a288e2f77c7<-9ceef694-dbcf-4070-b7b1-3b3c65b6a699#0:FAIL-t240] and 0 exception(s); df12c920-952d-4704-9c70-1a288e2f77c7@group-75987F7FE399:t240, leader=null, voted=df12c920-952d-4704-9c70-1a288e2f77c7, raftlog=df12c920-952d-4704-9c70-1a288e2f77c7@group-75987F7FE399-SegmentedRaftLog:OPENED:c-1,f-1,i0, conf=-1: [875da3d9-0dec-46c7-88bf-73f7a2372b64:192.168.69.89:39990, df12c920-952d-4704-9c70-1a288e2f77c7:192.168.69.89:43948, 9ceef694-dbcf-4070-b7b1-3b3c65b6a699:192.168.69.89:36536], old=null
2019-10-20 10:28:41,452 [df12c920-952d-4704-9c70-1a288e2f77c7@group-75987F7FE399-LeaderElection213] INFO  impl.RaftServerImpl (RaftServerImpl.java:setRole(184)) - df12c920-952d-4704-9c70-1a288e2f77c7@group-75987F7FE399: changes role from CANDIDATE to FOLLOWER at term 240 for DISCOVERED_A_NEW_TERM
2019-10-20 10:28:41,452 [df12c920-952d-4704-9c70-1a288e2f77c7@group-75987F7FE399-LeaderElection213] INFO  impl.RoleInfo (RoleInfo.java:shutdownLeaderElection(134)) - df12c920-952d-4704-9c70-1a288e2f77c7: shutdown LeaderElection
2019-10-20 10:28:41,452 [df12c920-952d-4704-9c70-1a288e2f77c7@group-75987F7FE399-LeaderElection213] INFO  impl.RoleInfo (RoleInfo.java:updateAndGet(143)) - df12c920-952d-4704-9c70-1a288e2f77c7: start FollowerState
2019-10-20 10:28:41,512 [Thread-1679] INFO  impl.FollowerState (FollowerState.java:run(108)) - df12c920-952d-4704-9c70-1a288e2f77c7@group-75987F7FE399-FollowerState: change to CANDIDATE, lastRpcTime:60ms, electionTimeout:60ms
2019-10-20 10:28:41,513 [Thread-1679] INFO  impl.RoleInfo (RoleInfo.java:shutdownFollowerState(121)) - df12c920-952d-4704-9c70-1a288e2f77c7: shutdown FollowerState
2019-10-20 10:28:41,513 [Thread-1679] INFO  impl.RaftServerImpl (RaftServerImpl.java:setRole(184)) - df12c920-952d-4704-9c70-1a288e2f77c7@group-75987F7FE399: changes role from  FOLLOWER to CANDIDATE at term 240 for changeToCandidate
2019-10-20 10:28:41,514 [Thread-1679] INFO  impl.RoleInfo (RoleInfo.java:updateAndGet(143)) - df12c920-952d-4704-9c70-1a288e2f77c7: start LeaderElection
2019-10-20 10:28:41,528 [df12c920-952d-4704-9c70-1a288e2f77c7@group-75987F7FE399-LeaderElection214] INFO  impl.LeaderElection (LeaderElection.java:askForVotes(178)) - df12c920-952d-4704-9c70-1a288e2f77c7@group-75987F7FE399-LeaderElection214: begin an election at term 241 for -1: [875da3d9-0dec-46c7-88bf-73f7a2372b64:192.168.69.89:39990, df12c920-952d-4704-9c70-1a288e2f77c7:192.168.69.89:43948, 9ceef694-dbcf-4070-b7b1-3b3c65b6a699:192.168.69.89:36536], old=null
2019-10-20 10:28:41,531 [grpc-default-executor-3] INFO  impl.RaftServerImpl (RaftServerImpl.java:setRole(184)) - 9ceef694-dbcf-4070-b7b1-3b3c65b6a699@group-75987F7FE399: changes role from  FOLLOWER to FOLLOWER at term 241 for recognizeCandidate:df12c920-952d-4704-9c70-1a288e2f77c7
2019-10-20 10:28:41,532 [grpc-default-executor-3] INFO  impl.RoleInfo (RoleInfo.java:shutdownFollowerState(121)) - 9ceef694-dbcf-4070-b7b1-3b3c65b6a699: shutdown FollowerState
2019-10-20 10:28:41,531 [grpc-default-executor-4] INFO  impl.RaftServerImpl (RaftServerImpl.java:setRole(184)) - 875da3d9-0dec-46c7-88bf-73f7a2372b64@group-75987F7FE399: changes role from  FOLLOWER to FOLLOWER at term 241 for recognizeCandidate:df12c920-952d-4704-9c70-1a288e2f77c7
2019-10-20 10:28:41,532 [grpc-default-executor-4] INFO  impl.RoleInfo (RoleInfo.java:shutdownFollowerState(121)) - 875da3d9-0dec-46c7-88bf-73f7a2372b64: shutdown FollowerState
2019-10-20 10:28:41,532 [Thread-1677] INFO  impl.FollowerState (FollowerState.java:run(117)) - 9ceef694-dbcf-4070-b7b1-3b3c65b6a699@group-75987F7FE399-FollowerState was interrupted: java.lang.InterruptedException: sleep interrupted
2019-10-20 10:28:41,532 [grpc-default-executor-3] INFO  impl.RoleInfo (RoleInfo.java:updateAndGet(143)) - 9ceef694-dbcf-4070-b7b1-3b3c65b6a699: start FollowerState
2019-10-20 10:28:41,532 [Thread-1678] INFO  impl.FollowerState (FollowerState.java:run(117)) - 875da3d9-0dec-46c7-88bf-73f7a2372b64@group-75987F7FE399-FollowerState was interrupted: java.lang.InterruptedException: sleep interrupted
2019-10-20 10:28:41,532 [grpc-default-executor-4] INFO  impl.RoleInfo (RoleInfo.java:updateAndGet(143)) - 875da3d9-0dec-46c7-88bf-73f7a2372b64: start FollowerState
2019-10-20 10:28:41,548 [df12c920-952d-4704-9c70-1a288e2f77c7@group-75987F7FE399-LeaderElection214] INFO  impl.LeaderElection (LeaderElection.java:logAndReturn(56)) - df12c920-952d-4704-9c70-1a288e2f77c7@group-75987F7FE399-LeaderElection214: Election REJECTED; received 2 response(s) [df12c920-952d-4704-9c70-1a288e2f77c7<-875da3d9-0dec-46c7-88bf-73f7a2372b64#0:FAIL-t241, df12c920-952d-4704-9c70-1a288e2f77c7<-9ceef694-dbcf-4070-b7b1-3b3c65b6a699#0:FAIL-t241] and 0 exception(s); df12c920-952d-4704-9c70-1a288e2f77c7@group-75987F7FE399:t241, leader=null, voted=df12c920-952d-4704-9c70-1a288e2f77c7, raftlog=df12c920-952d-4704-9c70-1a288e2f77c7@group-75987F7FE399-SegmentedRaftLog:OPENED:c-1,f-1,i0, conf=-1: [875da3d9-0dec-46c7-88bf-73f7a2372b64:192.168.69.89:39990, df12c920-952d-4704-9c70-1a288e2f77c7:192.168.69.89:43948, 9ceef694-dbcf-4070-b7b1-3b3c65b6a699:192.168.69.89:36536], old=null
2019-10-20 10:28:41,549 [df12c920-952d-4704-9c70-1a288e2f77c7@group-75987F7FE399-LeaderElection214] INFO  impl.RaftServerImpl (RaftServerImpl.java:setRole(184)) - df12c920-952d-4704-9c70-1a288e2f77c7@group-75987F7FE399: changes role from CANDIDATE to FOLLOWER at term 241 for DISCOVERED_A_NEW_TERM
2019-10-20 10:28:41,549 [df12c920-952d-4704-9c70-1a288e2f77c7@group-75987F7FE399-LeaderElection214] INFO  impl.RoleInfo (RoleInfo.java:shutdownLeaderElection(134)) - df12c920-952d-4704-9c70-1a288e2f77c7: shutdown LeaderElection
2019-10-20 10:28:41,549 [df12c920-952d-4704-9c70-1a288e2f77c7@group-75987F7FE399-LeaderElection214] INFO  impl.RoleInfo (RoleInfo.java:updateAndGet(143)) - df12c920-952d-4704-9c70-1a288e2f77c7: start FollowerState
2019-10-20 10:28:41,556 [Thread-1685] INFO  impl.FollowerState (FollowerState.java:run(108)) - df12c920-952d-4704-9c70-1a288e2f77c7@group-75987F7FE399-FollowerState: change to CANDIDATE, lastRpcTime:7ms, electionTimeout:7ms
2019-10-20 10:28:41,556 [Thread-1685] INFO  impl.RoleInfo (RoleInfo.java:shutdownFollowerState(121)) - df12c920-952d-4704-9c70-1a288e2f77c7: shutdown FollowerState
2019-10-20 10:28:41,556 [Thread-1685] INFO  impl.RaftServerImpl (RaftServerImpl.java:setRole(184)) - df12c920-952d-4704-9c70-1a288e2f77c7@group-75987F7FE399: changes role from  FOLLOWER to CANDIDATE at term 241 for changeToCandidate
2019-10-20 10:28:41,557 [Thread-1685] INFO  impl.RoleInfo (RoleInfo.java:updateAndGet(143)) - df12c920-952d-4704-9c70-1a288e2f77c7: start LeaderElection
2019-10-20 10:28:41,570 [df12c920-952d-4704-9c70-1a288e2f77c7@group-75987F7FE399-LeaderElection215] INFO  impl.LeaderElection (LeaderElection.java:askForVotes(178)) - df12c920-952d-4704-9c70-1a288e2f77c7@group-75987F7FE399-LeaderElection215: begin an election at term 242 for -1: [875da3d9-0dec-46c7-88bf-73f7a2372b64:192.168.69.89:39990, df12c920-952d-4704-9c70-1a288e2f77c7:192.168.69.89:43948, 9ceef694-dbcf-4070-b7b1-3b3c65b6a699:192.168.69.89:36536], old=null
2019-10-20 10:28:41,572 [grpc-default-executor-3] INFO  impl.RaftServerImpl (RaftServerImpl.java:setRole(184)) - 9ceef694-dbcf-4070-b7b1-3b3c65b6a699@group-75987F7FE399: changes role from  FOLLOWER to FOLLOWER at term 242 for recognizeCandidate:df12c920-952d-4704-9c70-1a288e2f77c7
2019-10-20 10:28:41,572 [grpc-default-executor-4] INFO  impl.RaftServerImpl (RaftServerImpl.java:setRole(184)) - 875da3d9-0dec-46c7-88bf-73f7a2372b64@group-75987F7FE399: changes role from  FOLLOWER to FOLLOWER at term 242 for recognizeCandidate:df12c920-952d-4704-9c70-1a288e2f77c7
2019-10-20 10:28:41,573 [grpc-default-executor-4] INFO  impl.RoleInfo (RoleInfo.java:shutdownFollowerState(121)) - 875da3d9-0dec-46c7-88bf-73f7a2372b64: shutdown FollowerState
2019-10-20 10:28:41,573 [grpc-default-executor-3] INFO  impl.RoleInfo (RoleInfo.java:shutdownFollowerState(121)) - 9ceef694-dbcf-4070-b7b1-3b3c65b6a699: shutdown FollowerState
2019-10-20 10:28:41,573 [grpc-default-executor-4] INFO  impl.RoleInfo (RoleInfo.java:updateAndGet(143)) - 875da3d9-0dec-46c7-88bf-73f7a2372b64: start FollowerState
2019-10-20 10:28:41,573 [Thread-1684] INFO  impl.FollowerState (FollowerState.java:run(117)) - 875da3d9-0dec-46c7-88bf-73f7a2372b64@group-75987F7FE399-FollowerState was interrupted: java.lang.InterruptedException: sleep interrupted
2019-10-20 10:28:41,573 [grpc-default-executor-3] INFO  impl.RoleInfo (RoleInfo.java:updateAndGet(143)) - 9ceef694-dbcf-4070-b7b1-3b3c65b6a699: start FollowerState
2019-10-20 10:28:41,573 [Thread-1683] INFO  impl.FollowerState (FollowerState.java:run(117)) - 9ceef694-dbcf-4070-b7b1-3b3c65b6a699@group-75987F7FE399-FollowerState was interrupted: java.lang.InterruptedException: sleep interrupted
2019-10-20 10:28:41,589 [df12c920-952d-4704-9c70-1a288e2f77c7@group-75987F7FE399-LeaderElection215] INFO  impl.LeaderElection (LeaderElection.java:logAndReturn(56)) - df12c920-952d-4704-9c70-1a288e2f77c7@group-75987F7FE399-LeaderElection215: Election REJECTED; received 2 response(s) [df12c920-952d-4704-9c70-1a288e2f77c7<-875da3d9-0dec-46c7-88bf-73f7a2372b64#0:FAIL-t242, df12c920-952d-4704-9c70-1a288e2f77c7<-9ceef694-dbcf-4070-b7b1-3b3c65b6a699#0:FAIL-t242] and 0 exception(s); df12c920-952d-4704-9c70-1a288e2f77c7@group-75987F7FE399:t242, leader=null, voted=df12c920-952d-4704-9c70-1a288e2f77c7, raftlog=df12c920-952d-4704-9c70-1a288e2f77c7@group-75987F7FE399-SegmentedRaftLog:OPENED:c-1,f-1,i0, conf=-1: [875da3d9-0dec-46c7-88bf-73f7a2372b64:192.168.69.89:39990, df12c920-952d-4704-9c70-1a288e2f77c7:192.168.69.89:43948, 9ceef694-dbcf-4070-b7b1-3b3c65b6a699:192.168.69.89:36536], old=null
2019-10-20 10:28:41,589 [df12c920-952d-4704-9c70-1a288e2f77c7@group-75987F7FE399-LeaderElection215] INFO  impl.RaftServerImpl (RaftServerImpl.java:setRole(184)) - df12c920-952d-4704-9c70-1a288e2f77c7@group-75987F7FE399: changes role from CANDIDATE to FOLLOWER at term 242 for DISCOVERED_A_NEW_TERM
2019-10-20 10:28:41,589 [df12c920-952d-4704-9c70-1a288e2f77c7@group-75987F7FE399-LeaderElection215] INFO  impl.RoleInfo (RoleInfo.java:shutdownLeaderElection(134)) - df12c920-952d-4704-9c70-1a288e2f77c7: shutdown LeaderElection
2019-10-20 10:28:41,589 [df12c920-952d-4704-9c70-1a288e2f77c7@group-75987F7FE399-LeaderElection215] INFO  impl.RoleInfo (RoleInfo.java:updateAndGet(143)) - df12c920-952d-4704-9c70-1a288e2f77c7: start FollowerState
2019-10-20 10:28:41,734 [Thread-1691] INFO  impl.FollowerState (FollowerState.java:run(108)) - df12c920-952d-4704-9c70-1a288e2f77c7@group-75987F7FE399-FollowerState: change to CANDIDATE, lastRpcTime:144ms, electionTimeout:144ms
2019-10-20 10:28:41,734 [Thread-1691] INFO  impl.RoleInfo (RoleInfo.java:shutdownFollowerState(121)) - df12c920-952d-4704-9c70-1a288e2f77c7: shutdown FollowerState
2019-10-20 10:28:41,734 [Thread-1691] INFO  impl.RaftServerImpl (RaftServerImpl.java:setRole(184)) - df12c920-952d-4704-9c70-1a288e2f77c7@group-75987F7FE399: changes role from  FOLLOWER to CANDIDATE at term 242 for changeToCandidate
2019-10-20 10:28:41,734 [Thread-1691] INFO  impl.RoleInfo (RoleInfo.java:updateAndGet(143)) - df12c920-952d-4704-9c70-1a288e2f77c7: start LeaderElection
2019-10-20 10:28:41,748 [df12c920-952d-4704-9c70-1a288e2f77c7@group-75987F7FE399-LeaderElection216] INFO  impl.LeaderElection (LeaderElection.java:askForVotes(178)) - df12c920-952d-4704-9c70-1a288e2f77c7@group-75987F7FE399-LeaderElection216: begin an election at term 243 for -1: [875da3d9-0dec-46c7-88bf-73f7a2372b64:192.168.69.89:39990, df12c920-952d-4704-9c70-1a288e2f77c7:192.168.69.89:43948, 9ceef694-dbcf-4070-b7b1-3b3c65b6a699:192.168.69.89:36536], old=null
2019-10-20 10:28:41,750 [grpc-default-executor-4] INFO  impl.RaftServerImpl (RaftServerImpl.java:setRole(184)) - 875da3d9-0dec-46c7-88bf-73f7a2372b64@group-75987F7FE399: changes role from  FOLLOWER to FOLLOWER at term 243 for recognizeCandidate:df12c920-952d-4704-9c70-1a288e2f77c7
2019-10-20 10:28:41,750 [grpc-default-executor-4] INFO  impl.RoleInfo (RoleInfo.java:shutdownFollowerState(121)) - 875da3d9-0dec-46c7-88bf-73f7a2372b64: shutdown FollowerState
2019-10-20 10:28:41,750 [grpc-default-executor-3] INFO  impl.RaftServerImpl (RaftServerImpl.java:setRole(184)) - 9ceef694-dbcf-4070-b7b1-3b3c65b6a699@group-75987F7FE399: changes role from  FOLLOWER to FOLLOWER at term 243 for recognizeCandidate:df12c920-952d-4704-9c70-1a288e2f77c7
2019-10-20 10:28:41,750 [grpc-default-executor-3] INFO  impl.RoleInfo (RoleInfo.java:shutdownFollowerState(121)) - 9ceef694-dbcf-4070-b7b1-3b3c65b6a699: shutdown FollowerState
2019-10-20 10:28:41,750 [grpc-default-executor-4] INFO  impl.RoleInfo (RoleInfo.java:updateAndGet(143)) - 875da3d9-0dec-46c7-88bf-73f7a2372b64: start FollowerState
2019-10-20 10:28:41,750 [Thread-1689] INFO  impl.FollowerState (FollowerState.java:run(117)) - 875da3d9-0dec-46c7-88bf-73f7a2372b64@group-75987F7FE399-FollowerState was interrupted: java.lang.InterruptedException: sleep interrupted
2019-10-20 10:28:41,750 [Thread-1690] INFO  impl.FollowerState (FollowerState.java:run(117)) - 9ceef694-dbcf-4070-b7b1-3b3c65b6a699@group-75987F7FE399-FollowerState was interrupted: java.lang.InterruptedException: sleep interrupted
2019-10-20 10:28:41,750 [grpc-default-executor-3] INFO  impl.RoleInfo (RoleInfo.java:updateAndGet(143)) - 9ceef694-dbcf-4070-b7b1-3b3c65b6a699: start FollowerState
2019-10-20 10:28:41,765 [df12c920-952d-4704-9c70-1a288e2f77c7@group-75987F7FE399-LeaderElection216] INFO  impl.LeaderElection (LeaderElection.java:logAndReturn(56)) - df12c920-952d-4704-9c70-1a288e2f77c7@group-75987F7FE399-LeaderElection216: Election REJECTED; received 2 response(s) [df12c920-952d-4704-9c70-1a288e2f77c7<-875da3d9-0dec-46c7-88bf-73f7a2372b64#0:FAIL-t243, df12c920-952d-4704-9c70-1a288e2f77c7<-9ceef694-dbcf-4070-b7b1-3b3c65b6a699#0:FAIL-t243] and 0 exception(s); df12c920-952d-4704-9c70-1a288e2f77c7@group-75987F7FE399:t243, leader=null, voted=df12c920-952d-4704-9c70-1a288e2f77c7, raftlog=df12c920-952d-4704-9c70-1a288e2f77c7@group-75987F7FE399-SegmentedRaftLog:OPENED:c-1,f-1,i0, conf=-1: [875da3d9-0dec-46c7-88bf-73f7a2372b64:192.168.69.89:39990, df12c920-952d-4704-9c70-1a288e2f77c7:192.168.69.89:43948, 9ceef694-dbcf-4070-b7b1-3b3c65b6a699:192.168.69.89:36536], old=null
2019-10-20 10:28:41,765 [df12c920-952d-4704-9c70-1a288e2f77c7@group-75987F7FE399-LeaderElection216] INFO  impl.RaftServerImpl (RaftServerImpl.java:setRole(184)) - df12c920-952d-4704-9c70-1a288e2f77c7@group-75987F7FE399: changes role from CANDIDATE to FOLLOWER at term 243 for DISCOVERED_A_NEW_TERM
2019-10-20 10:28:41,765 [df12c920-952d-4704-9c70-1a288e2f77c7@group-75987F7FE399-LeaderElection216] INFO  impl.RoleInfo (RoleInfo.java:shutdownLeaderElection(134)) - df12c920-952d-4704-9c70-1a288e2f77c7: shutdown LeaderElection
2019-10-20 10:28:41,765 [df12c920-952d-4704-9c70-1a288e2f77c7@group-75987F7FE399-LeaderElection216] INFO  impl.RoleInfo (RoleInfo.java:updateAndGet(143)) - df12c920-952d-4704-9c70-1a288e2f77c7: start FollowerState
2019-10-20 10:28:41,879 [Thread-1697] INFO  impl.FollowerState (FollowerState.java:run(108)) - df12c920-952d-4704-9c70-1a288e2f77c7@group-75987F7FE399-FollowerState: change to CANDIDATE, lastRpcTime:114ms, electionTimeout:114ms
2019-10-20 10:28:41,880 [Thread-1697] INFO  impl.RoleInfo (RoleInfo.java:shutdownFollowerState(121)) - df12c920-952d-4704-9c70-1a288e2f77c7: shutdown FollowerState
2019-10-20 10:28:41,880 [Thread-1697] INFO  impl.RaftServerImpl (RaftServerImpl.java:setRole(184)) - df12c920-952d-4704-9c70-1a288e2f77c7@group-75987F7FE399: changes role from  FOLLOWER to CANDIDATE at term 243 for changeToCandidate
2019-10-20 10:28:41,880 [Thread-1697] INFO  impl.RoleInfo (RoleInfo.java:updateAndGet(143)) - df12c920-952d-4704-9c70-1a288e2f77c7: start LeaderElection
2019-10-20 10:28:41,918 [df12c920-952d-4704-9c70-1a288e2f77c7@group-75987F7FE399-LeaderElection217] INFO  impl.LeaderElection (LeaderElection.java:askForVotes(178)) - df12c920-952d-4704-9c70-1a288e2f77c7@group-75987F7FE399-LeaderElection217: begin an election at term 244 for -1: [875da3d9-0dec-46c7-88bf-73f7a2372b64:192.168.69.89:39990, df12c920-952d-4704-9c70-1a288e2f77c7:192.168.69.89:43948, 9ceef694-dbcf-4070-b7b1-3b3c65b6a699:192.168.69.89:36536], old=null
2019-10-20 10:28:41,921 [grpc-default-executor-3] INFO  impl.RaftServerImpl (RaftServerImpl.java:setRole(184)) - 9ceef694-dbcf-4070-b7b1-3b3c65b6a699@group-75987F7FE399: changes role from  FOLLOWER to FOLLOWER at term 244 for recognizeCandidate:df12c920-952d-4704-9c70-1a288e2f77c7
2019-10-20 10:28:41,921 [grpc-default-executor-3] INFO  impl.RoleInfo (RoleInfo.java:shutdownFollowerState(121)) - 9ceef694-dbcf-4070-b7b1-3b3c65b6a699: shutdown FollowerState
2019-10-20 10:28:41,921 [grpc-default-executor-3] INFO  impl.RoleInfo (RoleInfo.java:updateAndGet(143)) - 9ceef694-dbcf-4070-b7b1-3b3c65b6a699: start FollowerState
2019-10-20 10:28:41,921 [Thread-1696] INFO  impl.FollowerState (FollowerState.java:run(117)) - 9ceef694-dbcf-4070-b7b1-3b3c65b6a699@group-75987F7FE399-FollowerState was interrupted: java.lang.InterruptedException: sleep interrupted
2019-10-20 10:28:41,921 [grpc-default-executor-4] INFO  impl.RaftServerImpl (RaftServerImpl.java:setRole(184)) - 875da3d9-0dec-46c7-88bf-73f7a2372b64@group-75987F7FE399: changes role from  FOLLOWER to FOLLOWER at term 244 for recognizeCandidate:df12c920-952d-4704-9c70-1a288e2f77c7
2019-10-20 10:28:41,921 [grpc-default-executor-4] INFO  impl.RoleInfo (RoleInfo.java:shutdownFollowerState(121)) - 875da3d9-0dec-46c7-88bf-73f7a2372b64: shutdown FollowerState
2019-10-20 10:28:41,922 [grpc-default-executor-4] INFO  impl.RoleInfo (RoleInfo.java:updateAndGet(143)) - 875da3d9-0dec-46c7-88bf-73f7a2372b64: start FollowerState
2019-10-20 10:28:41,922 [Thread-1695] INFO  impl.FollowerState (FollowerState.java:run(117)) - 875da3d9-0dec-46c7-88bf-73f7a2372b64@group-75987F7FE399-FollowerState was interrupted: java.lang.InterruptedException: sleep interrupted
2019-10-20 10:28:41,944 [df12c920-952d-4704-9c70-1a288e2f77c7@group-75987F7FE399-LeaderElection217] INFO  impl.LeaderElection (LeaderElection.java:logAndReturn(56)) - df12c920-952d-4704-9c70-1a288e2f77c7@group-75987F7FE399-LeaderElection217: Election REJECTED; received 2 response(s) [df12c920-952d-4704-9c70-1a288e2f77c7<-875da3d9-0dec-46c7-88bf-73f7a2372b64#0:FAIL-t244, df12c920-952d-4704-9c70-1a288e2f77c7<-9ceef694-dbcf-4070-b7b1-3b3c65b6a699#0:FAIL-t244] and 0 exception(s); df12c920-952d-4704-9c70-1a288e2f77c7@group-75987F7FE399:t244, leader=null, voted=df12c920-952d-4704-9c70-1a288e2f77c7, raftlog=df12c920-952d-4704-9c70-1a288e2f77c7@group-75987F7FE399-SegmentedRaftLog:OPENED:c-1,f-1,i0, conf=-1: [875da3d9-0dec-46c7-88bf-73f7a2372b64:192.168.69.89:39990, df12c920-952d-4704-9c70-1a288e2f77c7:192.168.69.89:43948, 9ceef694-dbcf-4070-b7b1-3b3c65b6a699:192.168.69.89:36536], old=null
2019-10-20 10:28:41,944 [df12c920-952d-4704-9c70-1a288e2f77c7@group-75987F7FE399-LeaderElection217] INFO  impl.RaftServerImpl (RaftServerImpl.java:setRole(184)) - df12c920-952d-4704-9c70-1a288e2f77c7@group-75987F7FE399: changes role from CANDIDATE to FOLLOWER at term 244 for DISCOVERED_A_NEW_TERM
2019-10-20 10:28:41,944 [df12c920-952d-4704-9c70-1a288e2f77c7@group-75987F7FE399-LeaderElection217] INFO  impl.RoleInfo (RoleInfo.java:shutdownLeaderElection(134)) - df12c920-952d-4704-9c70-1a288e2f77c7: shutdown LeaderElection
2019-10-20 10:28:41,944 [df12c920-952d-4704-9c70-1a288e2f77c7@group-75987F7FE399-LeaderElection217] INFO  impl.RoleInfo (RoleInfo.java:updateAndGet(143)) - df12c920-952d-4704-9c70-1a288e2f77c7: start FollowerState
2019-10-20 10:28:42,127 [Thread-1703] INFO  impl.FollowerState (FollowerState.java:run(108)) - df12c920-952d-4704-9c70-1a288e2f77c7@group-75987F7FE399-FollowerState: change to CANDIDATE, lastRpcTime:182ms, electionTimeout:182ms
2019-10-20 10:28:42,127 [Thread-1703] INFO  impl.RoleInfo (RoleInfo.java:shutdownFollowerState(121)) - df12c920-952d-4704-9c70-1a288e2f77c7: shutdown FollowerState
2019-10-20 10:28:42,128 [Thread-1703] INFO  impl.RaftServerImpl (RaftServerImpl.java:setRole(184)) - df12c920-952d-4704-9c70-1a288e2f77c7@group-75987F7FE399: changes role from  FOLLOWER to CANDIDATE at term 244 for changeToCandidate
2019-10-20 10:28:42,128 [Thread-1703] INFO  impl.RoleInfo (RoleInfo.java:updateAndGet(143)) - df12c920-952d-4704-9c70-1a288e2f77c7: start LeaderElection
2019-10-20 10:28:42,143 [df12c920-952d-4704-9c70-1a288e2f77c7@group-75987F7FE399-LeaderElection218] INFO  impl.LeaderElection (LeaderElection.java:askForVotes(178)) - df12c920-952d-4704-9c70-1a288e2f77c7@group-75987F7FE399-LeaderElection218: begin an election at term 245 for -1: [875da3d9-0dec-46c7-88bf-73f7a2372b64:192.168.69.89:39990, df12c920-952d-4704-9c70-1a288e2f77c7:192.168.69.89:43948, 9ceef694-dbcf-4070-b7b1-3b3c65b6a699:192.168.69.89:36536], old=null
2019-10-20 10:28:42,145 [grpc-default-executor-4] INFO  impl.RaftServerImpl (RaftServerImpl.java:setRole(184)) - 875da3d9-0dec-46c7-88bf-73f7a2372b64@group-75987F7FE399: changes role from  FOLLOWER to FOLLOWER at term 245 for recognizeCandidate:df12c920-952d-4704-9c70-1a288e2f77c7
2019-10-20 10:28:42,145 [grpc-default-executor-3] INFO  impl.RaftServerImpl (RaftServerImpl.java:setRole(184)) - 9ceef694-dbcf-4070-b7b1-3b3c65b6a699@group-75987F7FE399: changes role from  FOLLOWER to FOLLOWER at term 245 for recognizeCandidate:df12c920-952d-4704-9c70-1a288e2f77c7
2019-10-20 10:28:42,146 [grpc-default-executor-3] INFO  impl.RoleInfo (RoleInfo.java:shutdownFollowerState(121)) - 9ceef694-dbcf-4070-b7b1-3b3c65b6a699: shutdown FollowerState
2019-10-20 10:28:42,146 [grpc-default-executor-4] INFO  impl.RoleInfo (RoleInfo.java:shutdownFollowerState(121)) - 875da3d9-0dec-46c7-88bf-73f7a2372b64: shutdown FollowerState
2019-10-20 10:28:42,146 [Thread-1701] INFO  impl.FollowerState (FollowerState.java:run(117)) - 9ceef694-dbcf-4070-b7b1-3b3c65b6a699@group-75987F7FE399-FollowerState was interrupted: java.lang.InterruptedException: sleep interrupted
2019-10-20 10:28:42,146 [grpc-default-executor-3] INFO  impl.RoleInfo (RoleInfo.java:updateAndGet(143)) - 9ceef694-dbcf-4070-b7b1-3b3c65b6a699: start FollowerState
2019-10-20 10:28:42,146 [Thread-1702] INFO  impl.FollowerState (FollowerState.java:run(117)) - 875da3d9-0dec-46c7-88bf-73f7a2372b64@group-75987F7FE399-FollowerState was interrupted: java.lang.InterruptedException: sleep interrupted
2019-10-20 10:28:42,146 [grpc-default-executor-4] INFO  impl.RoleInfo (RoleInfo.java:updateAndGet(143)) - 875da3d9-0dec-46c7-88bf-73f7a2372b64: start FollowerState
2019-10-20 10:28:42,156 [df12c920-952d-4704-9c70-1a288e2f77c7@group-75987F7FE399-LeaderElection218] INFO  impl.LeaderElection (LeaderElection.java:logAndReturn(56)) - df12c920-952d-4704-9c70-1a288e2f77c7@group-75987F7FE399-LeaderElection218: Election REJECTED; received 2 response(s) [df12c920-952d-4704-9c70-1a288e2f77c7<-875da3d9-0dec-46c7-88bf-73f7a2372b64#0:FAIL-t245, df12c920-952d-4704-9c70-1a288e2f77c7<-9ceef694-dbcf-4070-b7b1-3b3c65b6a699#0:FAIL-t245] and 0 exception(s); df12c920-952d-4704-9c70-1a288e2f77c7@group-75987F7FE399:t245, leader=null, voted=df12c920-952d-4704-9c70-1a288e2f77c7, raftlog=df12c920-952d-4704-9c70-1a288e2f77c7@group-75987F7FE399-SegmentedRaftLog:OPENED:c-1,f-1,i0, conf=-1: [875da3d9-0dec-46c7-88bf-73f7a2372b64:192.168.69.89:39990, df12c920-952d-4704-9c70-1a288e2f77c7:192.168.69.89:43948, 9ceef694-dbcf-4070-b7b1-3b3c65b6a699:192.168.69.89:36536], old=null
2019-10-20 10:28:42,157 [df12c920-952d-4704-9c70-1a288e2f77c7@group-75987F7FE399-LeaderElection218] INFO  impl.RaftServerImpl (RaftServerImpl.java:setRole(184)) - df12c920-952d-4704-9c70-1a288e2f77c7@group-75987F7FE399: changes role from CANDIDATE to FOLLOWER at term 245 for DISCOVERED_A_NEW_TERM
2019-10-20 10:28:42,157 [df12c920-952d-4704-9c70-1a288e2f77c7@group-75987F7FE399-LeaderElection218] INFO  impl.RoleInfo (RoleInfo.java:shutdownLeaderElection(134)) - df12c920-952d-4704-9c70-1a288e2f77c7: shutdown LeaderElection
2019-10-20 10:28:42,157 [df12c920-952d-4704-9c70-1a288e2f77c7@group-75987F7FE399-LeaderElection218] INFO  impl.RoleInfo (RoleInfo.java:updateAndGet(143)) - df12c920-952d-4704-9c70-1a288e2f77c7: start FollowerState
2019-10-20 10:28:42,342 [Thread-1711] INFO  impl.FollowerState (FollowerState.java:run(108)) - df12c920-952d-4704-9c70-1a288e2f77c7@group-75987F7FE399-FollowerState: change to CANDIDATE, lastRpcTime:185ms, electionTimeout:185ms
2019-10-20 10:28:42,342 [Thread-1711] INFO  impl.RoleInfo (RoleInfo.java:shutdownFollowerState(121)) - df12c920-952d-4704-9c70-1a288e2f77c7: shutdown FollowerState
2019-10-20 10:28:42,343 [Thread-1711] INFO  impl.RaftServerImpl (RaftServerImpl.java:setRole(184)) - df12c920-952d-4704-9c70-1a288e2f77c7@group-75987F7FE399: changes role from  FOLLOWER to CANDIDATE at term 245 for changeToCandidate
2019-10-20 10:28:42,343 [Thread-1711] INFO  impl.RoleInfo (RoleInfo.java:updateAndGet(143)) - df12c920-952d-4704-9c70-1a288e2f77c7: start LeaderElection
2019-10-20 10:28:42,357 [df12c920-952d-4704-9c70-1a288e2f77c7@group-75987F7FE399-LeaderElection219] INFO  impl.LeaderElection (LeaderElection.java:askForVotes(178)) - df12c920-952d-4704-9c70-1a288e2f77c7@group-75987F7FE399-LeaderElection219: begin an election at term 246 for -1: [875da3d9-0dec-46c7-88bf-73f7a2372b64:192.168.69.89:39990, df12c920-952d-4704-9c70-1a288e2f77c7:192.168.69.89:43948, 9ceef694-dbcf-4070-b7b1-3b3c65b6a699:192.168.69.89:36536], old=null
2019-10-20 10:28:42,359 [grpc-default-executor-4] INFO  impl.RaftServerImpl (RaftServerImpl.java:setRole(184)) - 875da3d9-0dec-46c7-88bf-73f7a2372b64@group-75987F7FE399: changes role from  FOLLOWER to FOLLOWER at term 246 for recognizeCandidate:df12c920-952d-4704-9c70-1a288e2f77c7
2019-10-20 10:28:42,360 [grpc-default-executor-4] INFO  impl.RoleInfo (RoleInfo.java:shutdownFollowerState(121)) - 875da3d9-0dec-46c7-88bf-73f7a2372b64: shutdown FollowerState
2019-10-20 10:28:42,360 [grpc-default-executor-3] INFO  impl.RaftServerImpl (RaftServerImpl.java:setRole(184)) - 9ceef694-dbcf-4070-b7b1-3b3c65b6a699@group-75987F7FE399: changes role from  FOLLOWER to FOLLOWER at term 246 for recognizeCandidate:df12c920-952d-4704-9c70-1a288e2f77c7
2019-10-20 10:28:42,360 [Thread-1710] INFO  impl.FollowerState (FollowerState.java:run(117)) - 875da3d9-0dec-46c7-88bf-73f7a2372b64@group-75987F7FE399-FollowerState was interrupted: java.lang.InterruptedException: sleep interrupted
2019-10-20 10:28:42,360 [grpc-default-executor-4] INFO  impl.RoleInfo (RoleInfo.java:updateAndGet(143)) - 875da3d9-0dec-46c7-88bf-73f7a2372b64: start FollowerState
2019-10-20 10:28:42,360 [grpc-default-executor-3] INFO  impl.RoleInfo (RoleInfo.java:shutdownFollowerState(121)) - 9ceef694-dbcf-4070-b7b1-3b3c65b6a699: shutdown FollowerState
2019-10-20 10:28:42,361 [grpc-default-executor-3] INFO  impl.RoleInfo (RoleInfo.java:updateAndGet(143)) - 9ceef694-dbcf-4070-b7b1-3b3c65b6a699: start FollowerState
2019-10-20 10:28:42,361 [Thread-1709] INFO  impl.FollowerState (FollowerState.java:run(117)) - 9ceef694-dbcf-4070-b7b1-3b3c65b6a699@group-75987F7FE399-FollowerState was interrupted: java.lang.InterruptedException: sleep interrupted
2019-10-20 10:28:42,376 [df12c920-952d-4704-9c70-1a288e2f77c7@group-75987F7FE399-LeaderElection219] INFO  impl.LeaderElection (LeaderElection.java:logAndReturn(56)) - df12c920-952d-4704-9c70-1a288e2f77c7@group-75987F7FE399-LeaderElection219: Election REJECTED; received 2 response(s) [df12c920-952d-4704-9c70-1a288e2f77c7<-875da3d9-0dec-46c7-88bf-73f7a2372b64#0:FAIL-t246, df12c920-952d-4704-9c70-1a288e2f77c7<-9ceef694-dbcf-4070-b7b1-3b3c65b6a699#0:FAIL-t246] and 0 exception(s); df12c920-952d-4704-9c70-1a288e2f77c7@group-75987F7FE399:t246, leader=null, voted=df12c920-952d-4704-9c70-1a288e2f77c7, raftlog=df12c920-952d-4704-9c70-1a288e2f77c7@group-75987F7FE399-SegmentedRaftLog:OPENED:c-1,f-1,i0, conf=-1: [875da3d9-0dec-46c7-88bf-73f7a2372b64:192.168.69.89:39990, df12c920-952d-4704-9c70-1a288e2f77c7:192.168.69.89:43948, 9ceef694-dbcf-4070-b7b1-3b3c65b6a699:192.168.69.89:36536], old=null
2019-10-20 10:28:42,376 [df12c920-952d-4704-9c70-1a288e2f77c7@group-75987F7FE399-LeaderElection219] INFO  impl.RaftServerImpl (RaftServerImpl.java:setRole(184)) - df12c920-952d-4704-9c70-1a288e2f77c7@group-75987F7FE399: changes role from CANDIDATE to FOLLOWER at term 246 for DISCOVERED_A_NEW_TERM
2019-10-20 10:28:42,376 [df12c920-952d-4704-9c70-1a288e2f77c7@group-75987F7FE399-LeaderElection219] INFO  impl.RoleInfo (RoleInfo.java:shutdownLeaderElection(134)) - df12c920-952d-4704-9c70-1a288e2f77c7: shutdown LeaderElection
2019-10-20 10:28:42,376 [df12c920-952d-4704-9c70-1a288e2f77c7@group-75987F7FE399-LeaderElection219] INFO  impl.RoleInfo (RoleInfo.java:updateAndGet(143)) - df12c920-952d-4704-9c70-1a288e2f77c7: start FollowerState
2019-10-20 10:28:42,437 [Thread-1717] INFO  impl.FollowerState (FollowerState.java:run(108)) - df12c920-952d-4704-9c70-1a288e2f77c7@group-75987F7FE399-FollowerState: change to CANDIDATE, lastRpcTime:60ms, electionTimeout:60ms
2019-10-20 10:28:42,437 [Thread-1717] INFO  impl.RoleInfo (RoleInfo.java:shutdownFollowerState(121)) - df12c920-952d-4704-9c70-1a288e2f77c7: shutdown FollowerState
2019-10-20 10:28:42,437 [Thread-1717] INFO  impl.RaftServerImpl (RaftServerImpl.java:setRole(184)) - df12c920-952d-4704-9c70-1a288e2f77c7@group-75987F7FE399: changes role from  FOLLOWER to CANDIDATE at term 246 for changeToCandidate
2019-10-20 10:28:42,437 [Thread-1717] INFO  impl.RoleInfo (RoleInfo.java:updateAndGet(143)) - df12c920-952d-4704-9c70-1a288e2f77c7: start LeaderElection
2019-10-20 10:28:42,450 [df12c920-952d-4704-9c70-1a288e2f77c7@group-75987F7FE399-LeaderElection220] INFO  impl.LeaderElection (LeaderElection.java:askForVotes(178)) - df12c920-952d-4704-9c70-1a288e2f77c7@group-75987F7FE399-LeaderElection220: begin an election at term 247 for -1: [875da3d9-0dec-46c7-88bf-73f7a2372b64:192.168.69.89:39990, df12c920-952d-4704-9c70-1a288e2f77c7:192.168.69.89:43948, 9ceef694-dbcf-4070-b7b1-3b3c65b6a699:192.168.69.89:36536], old=null
2019-10-20 10:28:42,452 [grpc-default-executor-3] INFO  impl.RaftServerImpl (RaftServerImpl.java:setRole(184)) - 875da3d9-0dec-46c7-88bf-73f7a2372b64@group-75987F7FE399: changes role from  FOLLOWER to FOLLOWER at term 247 for recognizeCandidate:df12c920-952d-4704-9c70-1a288e2f77c7
2019-10-20 10:28:42,452 [grpc-default-executor-3] INFO  impl.RoleInfo (RoleInfo.java:shutdownFollowerState(121)) - 875da3d9-0dec-46c7-88bf-73f7a2372b64: shutdown FollowerState
2019-10-20 10:28:42,452 [grpc-default-executor-4] INFO  impl.RaftServerImpl (RaftServerImpl.java:setRole(184)) - 9ceef694-dbcf-4070-b7b1-3b3c65b6a699@group-75987F7FE399: changes role from  FOLLOWER to FOLLOWER at term 247 for recognizeCandidate:df12c920-952d-4704-9c70-1a288e2f77c7
2019-10-20 10:28:42,452 [grpc-default-executor-3] INFO  impl.RoleInfo (RoleInfo.java:updateAndGet(143)) - 875da3d9-0dec-46c7-88bf-73f7a2372b64: start FollowerState
2019-10-20 10:28:42,452 [Thread-1715] INFO  impl.FollowerState (FollowerState.java:run(117)) - 875da3d9-0dec-46c7-88bf-73f7a2372b64@group-75987F7FE399-FollowerState was interrupted: java.lang.InterruptedException: sleep interrupted
2019-10-20 10:28:42,452 [grpc-default-executor-4] INFO  impl.RoleInfo (RoleInfo.java:shutdownFollowerState(121)) - 9ceef694-dbcf-4070-b7b1-3b3c65b6a699: shutdown FollowerState
2019-10-20 10:28:42,453 [grpc-default-executor-4] INFO  impl.RoleInfo (RoleInfo.java:updateAndGet(143)) - 9ceef694-dbcf-4070-b7b1-3b3c65b6a699: start FollowerState
2019-10-20 10:28:42,453 [Thread-1716] INFO  impl.FollowerState (FollowerState.java:run(117)) - 9ceef694-dbcf-4070-b7b1-3b3c65b6a699@group-75987F7FE399-FollowerState was interrupted: java.lang.InterruptedException: sleep interrupted
2019-10-20 10:28:42,468 [df12c920-952d-4704-9c70-1a288e2f77c7@group-75987F7FE399-LeaderElection220] INFO  impl.LeaderElection (LeaderElection.java:logAndReturn(56)) - df12c920-952d-4704-9c70-1a288e2f77c7@group-75987F7FE399-LeaderElection220: Election REJECTED; received 2 response(s) [df12c920-952d-4704-9c70-1a288e2f77c7<-875da3d9-0dec-46c7-88bf-73f7a2372b64#0:FAIL-t247, df12c920-952d-4704-9c70-1a288e2f77c7<-9ceef694-dbcf-4070-b7b1-3b3c65b6a699#0:FAIL-t247] and 0 exception(s); df12c920-952d-4704-9c70-1a288e2f77c7@group-75987F7FE399:t247, leader=null, voted=df12c920-952d-4704-9c70-1a288e2f77c7, raftlog=df12c920-952d-4704-9c70-1a288e2f77c7@group-75987F7FE399-SegmentedRaftLog:OPENED:c-1,f-1,i0, conf=-1: [875da3d9-0dec-46c7-88bf-73f7a2372b64:192.168.69.89:39990, df12c920-952d-4704-9c70-1a288e2f77c7:192.168.69.89:43948, 9ceef694-dbcf-4070-b7b1-3b3c65b6a699:192.168.69.89:36536], old=null
2019-10-20 10:28:42,468 [df12c920-952d-4704-9c70-1a288e2f77c7@group-75987F7FE399-LeaderElection220] INFO  impl.RaftServerImpl (RaftServerImpl.java:setRole(184)) - df12c920-952d-4704-9c70-1a288e2f77c7@group-75987F7FE399: changes role from CANDIDATE to FOLLOWER at term 247 for DISCOVERED_A_NEW_TERM
2019-10-20 10:28:42,468 [df12c920-952d-4704-9c70-1a288e2f77c7@group-75987F7FE399-LeaderElection220] INFO  impl.RoleInfo (RoleInfo.java:shutdownLeaderElection(134)) - df12c920-952d-4704-9c70-1a288e2f77c7: shutdown LeaderElection
2019-10-20 10:28:42,468 [df12c920-952d-4704-9c70-1a288e2f77c7@group-75987F7FE399-LeaderElection220] INFO  impl.RoleInfo (RoleInfo.java:updateAndGet(143)) - df12c920-952d-4704-9c70-1a288e2f77c7: start FollowerState
2019-10-20 10:28:42,570 [Thread-1723] INFO  impl.FollowerState (FollowerState.java:run(108)) - df12c920-952d-4704-9c70-1a288e2f77c7@group-75987F7FE399-FollowerState: change to CANDIDATE, lastRpcTime:101ms, electionTimeout:101ms
2019-10-20 10:28:42,570 [Thread-1723] INFO  impl.RoleInfo (RoleInfo.java:shutdownFollowerState(121)) - df12c920-952d-4704-9c70-1a288e2f77c7: shutdown FollowerState
2019-10-20 10:28:42,570 [Thread-1723] INFO  impl.RaftServerImpl (RaftServerImpl.java:setRole(184)) - df12c920-952d-4704-9c70-1a288e2f77c7@group-75987F7FE399: changes role from  FOLLOWER to CANDIDATE at term 247 for changeToCandidate
2019-10-20 10:28:42,570 [Thread-1723] INFO  impl.RoleInfo (RoleInfo.java:updateAndGet(143)) - df12c920-952d-4704-9c70-1a288e2f77c7: start LeaderElection
2019-10-20 10:28:42,585 [df12c920-952d-4704-9c70-1a288e2f77c7@group-75987F7FE399-LeaderElection221] INFO  impl.LeaderElection (LeaderElection.java:askForVotes(178)) - df12c920-952d-4704-9c70-1a288e2f77c7@group-75987F7FE399-LeaderElection221: begin an election at term 248 for -1: [875da3d9-0dec-46c7-88bf-73f7a2372b64:192.168.69.89:39990, df12c920-952d-4704-9c70-1a288e2f77c7:192.168.69.89:43948, 9ceef694-dbcf-4070-b7b1-3b3c65b6a699:192.168.69.89:36536], old=null
2019-10-20 10:28:42,588 [grpc-default-executor-3] INFO  impl.RaftServerImpl (RaftServerImpl.java:setRole(184)) - 875da3d9-0dec-46c7-88bf-73f7a2372b64@group-75987F7FE399: changes role from  FOLLOWER to FOLLOWER at term 248 for recognizeCandidate:df12c920-952d-4704-9c70-1a288e2f77c7
2019-10-20 10:28:42,588 [grpc-default-executor-3] INFO  impl.RoleInfo (RoleInfo.java:shutdownFollowerState(121)) - 875da3d9-0dec-46c7-88bf-73f7a2372b64: shutdown FollowerState
2019-10-20 10:28:42,588 [grpc-default-executor-4] INFO  impl.RaftServerImpl (RaftServerImpl.java:setRole(184)) - 9ceef694-dbcf-4070-b7b1-3b3c65b6a699@group-75987F7FE399: changes role from  FOLLOWER to FOLLOWER at term 248 for recognizeCandidate:df12c920-952d-4704-9c70-1a288e2f77c7
2019-10-20 10:28:42,588 [grpc-default-executor-4] INFO  impl.RoleInfo (RoleInfo.java:shutdownFollowerState(121)) - 9ceef694-dbcf-4070-b7b1-3b3c65b6a699: shutdown FollowerState
2019-10-20 10:28:42,588 [Thread-1721] INFO  impl.FollowerState (FollowerState.java:run(117)) - 875da3d9-0dec-46c7-88bf-73f7a2372b64@group-75987F7FE399-FollowerState was interrupted: java.lang.InterruptedException: sleep interrupted
2019-10-20 10:28:42,588 [grpc-default-executor-3] INFO  impl.RoleInfo (RoleInfo.java:updateAndGet(143)) - 875da3d9-0dec-46c7-88bf-73f7a2372b64: start FollowerState
2019-10-20 10:28:42,588 [Thread-1722] INFO  impl.FollowerState (FollowerState.java:run(117)) - 9ceef694-dbcf-4070-b7b1-3b3c65b6a699@group-75987F7FE399-FollowerState was interrupted: java.lang.InterruptedException: sleep interrupted
2019-10-20 10:28:42,588 [grpc-default-executor-4] INFO  impl.RoleInfo (RoleInfo.java:updateAndGet(143)) - 9ceef694-dbcf-4070-b7b1-3b3c65b6a699: start FollowerState
2019-10-20 10:28:42,601 [df12c920-952d-4704-9c70-1a288e2f77c7@group-75987F7FE399-LeaderElection221] INFO  impl.LeaderElection (LeaderElection.java:logAndReturn(56)) - df12c920-952d-4704-9c70-1a288e2f77c7@group-75987F7FE399-LeaderElection221: Election TIMEOUT; received 0 response(s) [] and 0 exception(s); df12c920-952d-4704-9c70-1a288e2f77c7@group-75987F7FE399:t248, leader=null, voted=df12c920-952d-4704-9c70-1a288e2f77c7, raftlog=df12c920-952d-4704-9c70-1a288e2f77c7@group-75987F7FE399-SegmentedRaftLog:OPENED:c-1,f-1,i0, conf=-1: [875da3d9-0dec-46c7-88bf-73f7a2372b64:192.168.69.89:39990, df12c920-952d-4704-9c70-1a288e2f77c7:192.168.69.89:43948, 9ceef694-dbcf-4070-b7b1-3b3c65b6a699:192.168.69.89:36536], old=null
2019-10-20 10:28:42,615 [df12c920-952d-4704-9c70-1a288e2f77c7@group-75987F7FE399-LeaderElection221] INFO  impl.LeaderElection (LeaderElection.java:askForVotes(178)) - df12c920-952d-4704-9c70-1a288e2f77c7@group-75987F7FE399-LeaderElection221: begin an election at term 249 for -1: [875da3d9-0dec-46c7-88bf-73f7a2372b64:192.168.69.89:39990, df12c920-952d-4704-9c70-1a288e2f77c7:192.168.69.89:43948, 9ceef694-dbcf-4070-b7b1-3b3c65b6a699:192.168.69.89:36536], old=null
2019-10-20 10:28:42,617 [grpc-default-executor-4] INFO  impl.RaftServerImpl (RaftServerImpl.java:setRole(184)) - 875da3d9-0dec-46c7-88bf-73f7a2372b64@group-75987F7FE399: changes role from  FOLLOWER to FOLLOWER at term 249 for recognizeCandidate:df12c920-952d-4704-9c70-1a288e2f77c7
2019-10-20 10:28:42,617 [grpc-default-executor-4] INFO  impl.RoleInfo (RoleInfo.java:shutdownFollowerState(121)) - 875da3d9-0dec-46c7-88bf-73f7a2372b64: shutdown FollowerState
2019-10-20 10:28:42,617 [grpc-default-executor-4] INFO  impl.RoleInfo (RoleInfo.java:updateAndGet(143)) - 875da3d9-0dec-46c7-88bf-73f7a2372b64: start FollowerState
2019-10-20 10:28:42,617 [grpc-default-executor-3] INFO  impl.RaftServerImpl (RaftServerImpl.java:setRole(184)) - 9ceef694-dbcf-4070-b7b1-3b3c65b6a699@group-75987F7FE399: changes role from  FOLLOWER to FOLLOWER at term 249 for recognizeCandidate:df12c920-952d-4704-9c70-1a288e2f77c7
2019-10-20 10:28:42,617 [Thread-1727] INFO  impl.FollowerState (FollowerState.java:run(117)) - 875da3d9-0dec-46c7-88bf-73f7a2372b64@group-75987F7FE399-FollowerState was interrupted: java.lang.InterruptedException: sleep interrupted
2019-10-20 10:28:42,618 [grpc-default-executor-3] INFO  impl.RoleInfo (RoleInfo.java:shutdownFollowerState(121)) - 9ceef694-dbcf-4070-b7b1-3b3c65b6a699: shutdown FollowerState
2019-10-20 10:28:42,618 [grpc-default-executor-3] INFO  impl.RoleInfo (RoleInfo.java:updateAndGet(143)) - 9ceef694-dbcf-4070-b7b1-3b3c65b6a699: start FollowerState
2019-10-20 10:28:42,618 [Thread-1728] INFO  impl.FollowerState (FollowerState.java:run(117)) - 9ceef694-dbcf-4070-b7b1-3b3c65b6a699@group-75987F7FE399-FollowerState was interrupted: java.lang.InterruptedException: sleep interrupted
2019-10-20 10:28:42,640 [df12c920-952d-4704-9c70-1a288e2f77c7@group-75987F7FE399-LeaderElection221] INFO  impl.LeaderElection (LeaderElection.java:logAndReturn(56)) - df12c920-952d-4704-9c70-1a288e2f77c7@group-75987F7FE399-LeaderElection221: Election REJECTED; received 2 response(s) [df12c920-952d-4704-9c70-1a288e2f77c7<-875da3d9-0dec-46c7-88bf-73f7a2372b64#0:FAIL-t249, df12c920-952d-4704-9c70-1a288e2f77c7<-9ceef694-dbcf-4070-b7b1-3b3c65b6a699#0:FAIL-t249] and 0 exception(s); df12c920-952d-4704-9c70-1a288e2f77c7@group-75987F7FE399:t249, leader=null, voted=df12c920-952d-4704-9c70-1a288e2f77c7, raftlog=df12c920-952d-4704-9c70-1a288e2f77c7@group-75987F7FE399-SegmentedRaftLog:OPENED:c-1,f-1,i0, conf=-1: [875da3d9-0dec-46c7-88bf-73f7a2372b64:192.168.69.89:39990, df12c920-952d-4704-9c70-1a288e2f77c7:192.168.69.89:43948, 9ceef694-dbcf-4070-b7b1-3b3c65b6a699:192.168.69.89:36536], old=null
2019-10-20 10:28:42,640 [df12c920-952d-4704-9c70-1a288e2f77c7@group-75987F7FE399-LeaderElection221] INFO  impl.RaftServerImpl (RaftServerImpl.java:setRole(184)) - df12c920-952d-4704-9c70-1a288e2f77c7@group-75987F7FE399: changes role from CANDIDATE to FOLLOWER at term 249 for DISCOVERED_A_NEW_TERM
2019-10-20 10:28:42,640 [df12c920-952d-4704-9c70-1a288e2f77c7@group-75987F7FE399-LeaderElection221] INFO  impl.RoleInfo (RoleInfo.java:shutdownLeaderElection(134)) - df12c920-952d-4704-9c70-1a288e2f77c7: shutdown LeaderElection
2019-10-20 10:28:42,640 [df12c920-952d-4704-9c70-1a288e2f77c7@group-75987F7FE399-LeaderElection221] INFO  impl.RoleInfo (RoleInfo.java:updateAndGet(143)) - df12c920-952d-4704-9c70-1a288e2f77c7: start FollowerState
2019-10-20 10:28:42,700 [Thread-1733] INFO  impl.FollowerState (FollowerState.java:run(108)) - df12c920-952d-4704-9c70-1a288e2f77c7@group-75987F7FE399-FollowerState: change to CANDIDATE, lastRpcTime:59ms, electionTimeout:59ms
2019-10-20 10:28:42,700 [Thread-1733] INFO  impl.RoleInfo (RoleInfo.java:shutdownFollowerState(121)) - df12c920-952d-4704-9c70-1a288e2f77c7: shutdown FollowerState
2019-10-20 10:28:42,700 [Thread-1733] INFO  impl.RaftServerImpl (RaftServerImpl.java:setRole(184)) - df12c920-952d-4704-9c70-1a288e2f77c7@group-75987F7FE399: changes role from  FOLLOWER to CANDIDATE at term 249 for changeToCandidate
2019-10-20 10:28:42,700 [Thread-1733] INFO  impl.RoleInfo (RoleInfo.java:updateAndGet(143)) - df12c920-952d-4704-9c70-1a288e2f77c7: start LeaderElection
2019-10-20 10:28:42,714 [df12c920-952d-4704-9c70-1a288e2f77c7@group-75987F7FE399-LeaderElection222] INFO  impl.LeaderElection (LeaderElection.java:askForVotes(178)) - df12c920-952d-4704-9c70-1a288e2f77c7@group-75987F7FE399-LeaderElection222: begin an election at term 250 for -1: [875da3d9-0dec-46c7-88bf-73f7a2372b64:192.168.69.89:39990, df12c920-952d-4704-9c70-1a288e2f77c7:192.168.69.89:43948, 9ceef694-dbcf-4070-b7b1-3b3c65b6a699:192.168.69.89:36536], old=null
2019-10-20 10:28:42,716 [grpc-default-executor-3] INFO  impl.RaftServerImpl (RaftServerImpl.java:setRole(184)) - 875da3d9-0dec-46c7-88bf-73f7a2372b64@group-75987F7FE399: changes role from  FOLLOWER to FOLLOWER at term 250 for recognizeCandidate:df12c920-952d-4704-9c70-1a288e2f77c7
2019-10-20 10:28:42,716 [grpc-default-executor-3] INFO  impl.RoleInfo (RoleInfo.java:shutdownFollowerState(121)) - 875da3d9-0dec-46c7-88bf-73f7a2372b64: shutdown FollowerState
2019-10-20 10:28:42,716 [grpc-default-executor-4] INFO  impl.RaftServerImpl (RaftServerImpl.java:setRole(184)) - 9ceef694-dbcf-4070-b7b1-3b3c65b6a699@group-75987F7FE399: changes role from  FOLLOWER to FOLLOWER at term 250 for recognizeCandidate:df12c920-952d-4704-9c70-1a288e2f77c7
2019-10-20 10:28:42,716 [grpc-default-executor-4] INFO  impl.RoleInfo (RoleInfo.java:shutdownFollowerState(121)) - 9ceef694-dbcf-4070-b7b1-3b3c65b6a699: shutdown FollowerState
2019-10-20 10:28:42,716 [grpc-default-executor-3] INFO  impl.RoleInfo (RoleInfo.java:updateAndGet(143)) - 875da3d9-0dec-46c7-88bf-73f7a2372b64: start FollowerState
2019-10-20 10:28:42,716 [Thread-1731] INFO  impl.FollowerState (FollowerState.java:run(117)) - 875da3d9-0dec-46c7-88bf-73f7a2372b64@group-75987F7FE399-FollowerState was interrupted: java.lang.InterruptedException: sleep interrupted
2019-10-20 10:28:42,716 [Thread-1732] INFO  impl.FollowerState (FollowerState.java:run(117)) - 9ceef694-dbcf-4070-b7b1-3b3c65b6a699@group-75987F7FE399-FollowerState was interrupted: java.lang.InterruptedException: sleep interrupted
2019-10-20 10:28:42,716 [grpc-default-executor-4] INFO  impl.RoleInfo (RoleInfo.java:updateAndGet(143)) - 9ceef694-dbcf-4070-b7b1-3b3c65b6a699: start FollowerState
2019-10-20 10:28:42,733 [df12c920-952d-4704-9c70-1a288e2f77c7@group-75987F7FE399-LeaderElection222] INFO  impl.LeaderElection (LeaderElection.java:logAndReturn(56)) - df12c920-952d-4704-9c70-1a288e2f77c7@group-75987F7FE399-LeaderElection222: Election REJECTED; received 2 response(s) [df12c920-952d-4704-9c70-1a288e2f77c7<-875da3d9-0dec-46c7-88bf-73f7a2372b64#0:FAIL-t250, df12c920-952d-4704-9c70-1a288e2f77c7<-9ceef694-dbcf-4070-b7b1-3b3c65b6a699#0:FAIL-t250] and 0 exception(s); df12c920-952d-4704-9c70-1a288e2f77c7@group-75987F7FE399:t250, leader=null, voted=df12c920-952d-4704-9c70-1a288e2f77c7, raftlog=df12c920-952d-4704-9c70-1a288e2f77c7@group-75987F7FE399-SegmentedRaftLog:OPENED:c-1,f-1,i0, conf=-1: [875da3d9-0dec-46c7-88bf-73f7a2372b64:192.168.69.89:39990, df12c920-952d-4704-9c70-1a288e2f77c7:192.168.69.89:43948, 9ceef694-dbcf-4070-b7b1-3b3c65b6a699:192.168.69.89:36536], old=null
2019-10-20 10:28:42,733 [df12c920-952d-4704-9c70-1a288e2f77c7@group-75987F7FE399-LeaderElection222] INFO  impl.RaftServerImpl (RaftServerImpl.java:setRole(184)) - df12c920-952d-4704-9c70-1a288e2f77c7@group-75987F7FE399: changes role from CANDIDATE to FOLLOWER at term 250 for DISCOVERED_A_NEW_TERM
2019-10-20 10:28:42,733 [df12c920-952d-4704-9c70-1a288e2f77c7@group-75987F7FE399-LeaderElection222] INFO  impl.RoleInfo (RoleInfo.java:shutdownLeaderElection(134)) - df12c920-952d-4704-9c70-1a288e2f77c7: shutdown LeaderElection
2019-10-20 10:28:42,733 [df12c920-952d-4704-9c70-1a288e2f77c7@group-75987F7FE399-LeaderElection222] INFO  impl.RoleInfo (RoleInfo.java:updateAndGet(143)) - df12c920-952d-4704-9c70-1a288e2f77c7: start FollowerState
2019-10-20 10:28:42,924 [Thread-1739] INFO  impl.FollowerState (FollowerState.java:run(108)) - df12c920-952d-4704-9c70-1a288e2f77c7@group-75987F7FE399-FollowerState: change to CANDIDATE, lastRpcTime:190ms, electionTimeout:190ms
2019-10-20 10:28:42,924 [Thread-1739] INFO  impl.RoleInfo (RoleInfo.java:shutdownFollowerState(121)) - df12c920-952d-4704-9c70-1a288e2f77c7: shutdown FollowerState
2019-10-20 10:28:42,924 [Thread-1739] INFO  impl.RaftServerImpl (RaftServerImpl.java:setRole(184)) - df12c920-952d-4704-9c70-1a288e2f77c7@group-75987F7FE399: changes role from  FOLLOWER to CANDIDATE at term 250 for changeToCandidate
2019-10-20 10:28:42,924 [Thread-1739] INFO  impl.RoleInfo (RoleInfo.java:updateAndGet(143)) - df12c920-952d-4704-9c70-1a288e2f77c7: start LeaderElection
2019-10-20 10:28:42,940 [df12c920-952d-4704-9c70-1a288e2f77c7@group-75987F7FE399-LeaderElection223] INFO  impl.LeaderElection (LeaderElection.java:askForVotes(178)) - df12c920-952d-4704-9c70-1a288e2f77c7@group-75987F7FE399-LeaderElection223: begin an election at term 251 for -1: [875da3d9-0dec-46c7-88bf-73f7a2372b64:192.168.69.89:39990, df12c920-952d-4704-9c70-1a288e2f77c7:192.168.69.89:43948, 9ceef694-dbcf-4070-b7b1-3b3c65b6a699:192.168.69.89:36536], old=null
2019-10-20 10:28:42,942 [grpc-default-executor-4] INFO  impl.RaftServerImpl (RaftServerImpl.java:setRole(184)) - 875da3d9-0dec-46c7-88bf-73f7a2372b64@group-75987F7FE399: changes role from  FOLLOWER to FOLLOWER at term 251 for recognizeCandidate:df12c920-952d-4704-9c70-1a288e2f77c7
2019-10-20 10:28:42,942 [grpc-default-executor-4] INFO  impl.RoleInfo (RoleInfo.java:shutdownFollowerState(121)) - 875da3d9-0dec-46c7-88bf-73f7a2372b64: shutdown FollowerState
2019-10-20 10:28:42,942 [grpc-default-executor-3] INFO  impl.RaftServerImpl (RaftServerImpl.java:setRole(184)) - 9ceef694-dbcf-4070-b7b1-3b3c65b6a699@group-75987F7FE399: changes role from  FOLLOWER to FOLLOWER at term 251 for recognizeCandidate:df12c920-952d-4704-9c70-1a288e2f77c7
2019-10-20 10:28:42,942 [Thread-1737] INFO  impl.FollowerState (FollowerState.java:run(117)) - 875da3d9-0dec-46c7-88bf-73f7a2372b64@group-75987F7FE399-FollowerState was interrupted: java.lang.InterruptedException: sleep interrupted
2019-10-20 10:28:42,942 [grpc-default-executor-4] INFO  impl.RoleInfo (RoleInfo.java:updateAndGet(143)) - 875da3d9-0dec-46c7-88bf-73f7a2372b64: start FollowerState
2019-10-20 10:28:42,943 [grpc-default-executor-3] INFO  impl.RoleInfo (RoleInfo.java:shutdownFollowerState(121)) - 9ceef694-dbcf-4070-b7b1-3b3c65b6a699: shutdown FollowerState
2019-10-20 10:28:42,943 [grpc-default-executor-3] INFO  impl.RoleInfo (RoleInfo.java:updateAndGet(143)) - 9ceef694-dbcf-4070-b7b1-3b3c65b6a699: start FollowerState
2019-10-20 10:28:42,943 [Thread-1738] INFO  impl.FollowerState (FollowerState.java:run(117)) - 9ceef694-dbcf-4070-b7b1-3b3c65b6a699@group-75987F7FE399-FollowerState was interrupted: java.lang.InterruptedException: sleep interrupted
2019-10-20 10:28:42,965 [df12c920-952d-4704-9c70-1a288e2f77c7@group-75987F7FE399-LeaderElection223] INFO  impl.LeaderElection (LeaderElection.java:logAndReturn(56)) - df12c920-952d-4704-9c70-1a288e2f77c7@group-75987F7FE399-LeaderElection223: Election REJECTED; received 2 response(s) [df12c920-952d-4704-9c70-1a288e2f77c7<-875da3d9-0dec-46c7-88bf-73f7a2372b64#0:FAIL-t251, df12c920-952d-4704-9c70-1a288e2f77c7<-9ceef694-dbcf-4070-b7b1-3b3c65b6a699#0:FAIL-t251] and 0 exception(s); df12c920-952d-4704-9c70-1a288e2f77c7@group-75987F7FE399:t251, leader=null, voted=df12c920-952d-4704-9c70-1a288e2f77c7, raftlog=df12c920-952d-4704-9c70-1a288e2f77c7@group-75987F7FE399-SegmentedRaftLog:OPENED:c-1,f-1,i0, conf=-1: [875da3d9-0dec-46c7-88bf-73f7a2372b64:192.168.69.89:39990, df12c920-952d-4704-9c70-1a288e2f77c7:192.168.69.89:43948, 9ceef694-dbcf-4070-b7b1-3b3c65b6a699:192.168.69.89:36536], old=null
2019-10-20 10:28:42,965 [df12c920-952d-4704-9c70-1a288e2f77c7@group-75987F7FE399-LeaderElection223] INFO  impl.RaftServerImpl (RaftServerImpl.java:setRole(184)) - df12c920-952d-4704-9c70-1a288e2f77c7@group-75987F7FE399: changes role from CANDIDATE to FOLLOWER at term 251 for DISCOVERED_A_NEW_TERM
2019-10-20 10:28:42,966 [df12c920-952d-4704-9c70-1a288e2f77c7@group-75987F7FE399-LeaderElection223] INFO  impl.RoleInfo (RoleInfo.java:shutdownLeaderElection(134)) - df12c920-952d-4704-9c70-1a288e2f77c7: shutdown LeaderElection
2019-10-20 10:28:42,966 [df12c920-952d-4704-9c70-1a288e2f77c7@group-75987F7FE399-LeaderElection223] INFO  impl.RoleInfo (RoleInfo.java:updateAndGet(143)) - df12c920-952d-4704-9c70-1a288e2f77c7: start FollowerState
2019-10-20 10:28:43,127 [Thread-1745] INFO  impl.FollowerState (FollowerState.java:run(108)) - df12c920-952d-4704-9c70-1a288e2f77c7@group-75987F7FE399-FollowerState: change to CANDIDATE, lastRpcTime:161ms, electionTimeout:161ms
2019-10-20 10:28:43,127 [Thread-1745] INFO  impl.RoleInfo (RoleInfo.java:shutdownFollowerState(121)) - df12c920-952d-4704-9c70-1a288e2f77c7: shutdown FollowerState
2019-10-20 10:28:43,128 [Thread-1745] INFO  impl.RaftServerImpl (RaftServerImpl.java:setRole(184)) - df12c920-952d-4704-9c70-1a288e2f77c7@group-75987F7FE399: changes role from  FOLLOWER to CANDIDATE at term 251 for changeToCandidate
2019-10-20 10:28:43,128 [Thread-1745] INFO  impl.RoleInfo (RoleInfo.java:updateAndGet(143)) - df12c920-952d-4704-9c70-1a288e2f77c7: start LeaderElection
2019-10-20 10:28:43,153 [df12c920-952d-4704-9c70-1a288e2f77c7@group-75987F7FE399-LeaderElection224] INFO  impl.LeaderElection (LeaderElection.java:askForVotes(178)) - df12c920-952d-4704-9c70-1a288e2f77c7@group-75987F7FE399-LeaderElection224: begin an election at term 252 for -1: [875da3d9-0dec-46c7-88bf-73f7a2372b64:192.168.69.89:39990, df12c920-952d-4704-9c70-1a288e2f77c7:192.168.69.89:43948, 9ceef694-dbcf-4070-b7b1-3b3c65b6a699:192.168.69.89:36536], old=null
2019-10-20 10:28:43,156 [grpc-default-executor-4] INFO  impl.RaftServerImpl (RaftServerImpl.java:setRole(184)) - 9ceef694-dbcf-4070-b7b1-3b3c65b6a699@group-75987F7FE399: changes role from  FOLLOWER to FOLLOWER at term 252 for recognizeCandidate:df12c920-952d-4704-9c70-1a288e2f77c7
2019-10-20 10:28:43,156 [grpc-default-executor-4] INFO  impl.RoleInfo (RoleInfo.java:shutdownFollowerState(121)) - 9ceef694-dbcf-4070-b7b1-3b3c65b6a699: shutdown FollowerState
2019-10-20 10:28:43,156 [grpc-default-executor-4] INFO  impl.RoleInfo (RoleInfo.java:updateAndGet(143)) - 9ceef694-dbcf-4070-b7b1-3b3c65b6a699: start FollowerState
2019-10-20 10:28:43,156 [grpc-default-executor-3] INFO  impl.RaftServerImpl (RaftServerImpl.java:setRole(184)) - 875da3d9-0dec-46c7-88bf-73f7a2372b64@group-75987F7FE399: changes role from  FOLLOWER to FOLLOWER at term 252 for recognizeCandidate:df12c920-952d-4704-9c70-1a288e2f77c7
2019-10-20 10:28:43,156 [Thread-1744] INFO  impl.FollowerState (FollowerState.java:run(117)) - 9ceef694-dbcf-4070-b7b1-3b3c65b6a699@group-75987F7FE399-FollowerState was interrupted: java.lang.InterruptedException: sleep interrupted
2019-10-20 10:28:43,157 [grpc-default-executor-3] INFO  impl.RoleInfo (RoleInfo.java:shutdownFollowerState(121)) - 875da3d9-0dec-46c7-88bf-73f7a2372b64: shutdown FollowerState
2019-10-20 10:28:43,157 [grpc-default-executor-3] INFO  impl.RoleInfo (RoleInfo.java:updateAndGet(143)) - 875da3d9-0dec-46c7-88bf-73f7a2372b64: start FollowerState
2019-10-20 10:28:43,157 [Thread-1743] INFO  impl.FollowerState (FollowerState.java:run(117)) - 875da3d9-0dec-46c7-88bf-73f7a2372b64@group-75987F7FE399-FollowerState was interrupted: java.lang.InterruptedException: sleep interrupted
2019-10-20 10:28:43,158 [df12c920-952d-4704-9c70-1a288e2f77c7@group-75987F7FE399-LeaderElection224] INFO  impl.LeaderElection (LeaderElection.java:logAndReturn(56)) - df12c920-952d-4704-9c70-1a288e2f77c7@group-75987F7FE399-LeaderElection224: Election TIMEOUT; received 0 response(s) [] and 0 exception(s); df12c920-952d-4704-9c70-1a288e2f77c7@group-75987F7FE399:t252, leader=null, voted=df12c920-952d-4704-9c70-1a288e2f77c7, raftlog=df12c920-952d-4704-9c70-1a288e2f77c7@group-75987F7FE399-SegmentedRaftLog:OPENED:c-1,f-1,i0, conf=-1: [875da3d9-0dec-46c7-88bf-73f7a2372b64:192.168.69.89:39990, df12c920-952d-4704-9c70-1a288e2f77c7:192.168.69.89:43948, 9ceef694-dbcf-4070-b7b1-3b3c65b6a699:192.168.69.89:36536], old=null
2019-10-20 10:28:43,171 [df12c920-952d-4704-9c70-1a288e2f77c7@group-75987F7FE399-LeaderElection224] INFO  impl.LeaderElection (LeaderElection.java:askForVotes(178)) - df12c920-952d-4704-9c70-1a288e2f77c7@group-75987F7FE399-LeaderElection224: begin an election at term 253 for -1: [875da3d9-0dec-46c7-88bf-73f7a2372b64:192.168.69.89:39990, df12c920-952d-4704-9c70-1a288e2f77c7:192.168.69.89:43948, 9ceef694-dbcf-4070-b7b1-3b3c65b6a699:192.168.69.89:36536], old=null
2019-10-20 10:28:43,173 [grpc-default-executor-4] INFO  impl.RaftServerImpl (RaftServerImpl.java:setRole(184)) - 875da3d9-0dec-46c7-88bf-73f7a2372b64@group-75987F7FE399: changes role from  FOLLOWER to FOLLOWER at term 253 for recognizeCandidate:df12c920-952d-4704-9c70-1a288e2f77c7
2019-10-20 10:28:43,173 [grpc-default-executor-4] INFO  impl.RoleInfo (RoleInfo.java:shutdownFollowerState(121)) - 875da3d9-0dec-46c7-88bf-73f7a2372b64: shutdown FollowerState
2019-10-20 10:28:43,173 [grpc-default-executor-3] INFO  impl.RaftServerImpl (RaftServerImpl.java:setRole(184)) - 9ceef694-dbcf-4070-b7b1-3b3c65b6a699@group-75987F7FE399: changes role from  FOLLOWER to FOLLOWER at term 253 for recognizeCandidate:df12c920-952d-4704-9c70-1a288e2f77c7
2019-10-20 10:28:43,173 [grpc-default-executor-4] INFO  impl.RoleInfo (RoleInfo.java:updateAndGet(143)) - 875da3d9-0dec-46c7-88bf-73f7a2372b64: start FollowerState
2019-10-20 10:28:43,173 [Thread-1752] INFO  impl.FollowerState (FollowerState.java:run(117)) - 875da3d9-0dec-46c7-88bf-73f7a2372b64@group-75987F7FE399-FollowerState was interrupted: java.lang.InterruptedException: sleep interrupted
2019-10-20 10:28:43,174 [grpc-default-executor-3] INFO  impl.RoleInfo (RoleInfo.java:shutdownFollowerState(121)) - 9ceef694-dbcf-4070-b7b1-3b3c65b6a699: shutdown FollowerState
2019-10-20 10:28:43,174 [grpc-default-executor-3] INFO  impl.RoleInfo (RoleInfo.java:updateAndGet(143)) - 9ceef694-dbcf-4070-b7b1-3b3c65b6a699: start FollowerState
2019-10-20 10:28:43,174 [Thread-1751] INFO  impl.FollowerState (FollowerState.java:run(117)) - 9ceef694-dbcf-4070-b7b1-3b3c65b6a699@group-75987F7FE399-FollowerState was interrupted: java.lang.InterruptedException: sleep interrupted
2019-10-20 10:28:43,187 [df12c920-952d-4704-9c70-1a288e2f77c7@group-75987F7FE399-LeaderElection224] INFO  impl.LeaderElection (LeaderElection.java:logAndReturn(56)) - df12c920-952d-4704-9c70-1a288e2f77c7@group-75987F7FE399-LeaderElection224: Election REJECTED; received 2 response(s) [df12c920-952d-4704-9c70-1a288e2f77c7<-875da3d9-0dec-46c7-88bf-73f7a2372b64#0:FAIL-t253, df12c920-952d-4704-9c70-1a288e2f77c7<-9ceef694-dbcf-4070-b7b1-3b3c65b6a699#0:FAIL-t253] and 0 exception(s); df12c920-952d-4704-9c70-1a288e2f77c7@group-75987F7FE399:t253, leader=null, voted=df12c920-952d-4704-9c70-1a288e2f77c7, raftlog=df12c920-952d-4704-9c70-1a288e2f77c7@group-75987F7FE399-SegmentedRaftLog:OPENED:c-1,f-1,i0, conf=-1: [875da3d9-0dec-46c7-88bf-73f7a2372b64:192.168.69.89:39990, df12c920-952d-4704-9c70-1a288e2f77c7:192.168.69.89:43948, 9ceef694-dbcf-4070-b7b1-3b3c65b6a699:192.168.69.89:36536], old=null
2019-10-20 10:28:43,188 [df12c920-952d-4704-9c70-1a288e2f77c7@group-75987F7FE399-LeaderElection224] INFO  impl.RaftServerImpl (RaftServerImpl.java:setRole(184)) - df12c920-952d-4704-9c70-1a288e2f77c7@group-75987F7FE399: changes role from CANDIDATE to FOLLOWER at term 253 for DISCOVERED_A_NEW_TERM
2019-10-20 10:28:43,188 [df12c920-952d-4704-9c70-1a288e2f77c7@group-75987F7FE399-LeaderElection224] INFO  impl.RoleInfo (RoleInfo.java:shutdownLeaderElection(134)) - df12c920-952d-4704-9c70-1a288e2f77c7: shutdown LeaderElection
2019-10-20 10:28:43,188 [df12c920-952d-4704-9c70-1a288e2f77c7@group-75987F7FE399-LeaderElection224] INFO  impl.RoleInfo (RoleInfo.java:updateAndGet(143)) - df12c920-952d-4704-9c70-1a288e2f77c7: start FollowerState
2019-10-20 10:28:43,325 [Thread-1757] INFO  impl.FollowerState (FollowerState.java:run(108)) - df12c920-952d-4704-9c70-1a288e2f77c7@group-75987F7FE399-FollowerState: change to CANDIDATE, lastRpcTime:137ms, electionTimeout:137ms
2019-10-20 10:28:43,325 [Thread-1757] INFO  impl.RoleInfo (RoleInfo.java:shutdownFollowerState(121)) - df12c920-952d-4704-9c70-1a288e2f77c7: shutdown FollowerState
2019-10-20 10:28:43,326 [Thread-1757] INFO  impl.RaftServerImpl (RaftServerImpl.java:setRole(184)) - df12c920-952d-4704-9c70-1a288e2f77c7@group-75987F7FE399: changes role from  FOLLOWER to CANDIDATE at term 253 for changeToCandidate
2019-10-20 10:28:43,326 [Thread-1757] INFO  impl.RoleInfo (RoleInfo.java:updateAndGet(143)) - df12c920-952d-4704-9c70-1a288e2f77c7: start LeaderElection
2019-10-20 10:28:43,341 [df12c920-952d-4704-9c70-1a288e2f77c7@group-75987F7FE399-LeaderElection225] INFO  impl.LeaderElection (LeaderElection.java:askForVotes(178)) - df12c920-952d-4704-9c70-1a288e2f77c7@group-75987F7FE399-LeaderElection225: begin an election at term 254 for -1: [875da3d9-0dec-46c7-88bf-73f7a2372b64:192.168.69.89:39990, df12c920-952d-4704-9c70-1a288e2f77c7:192.168.69.89:43948, 9ceef694-dbcf-4070-b7b1-3b3c65b6a699:192.168.69.89:36536], old=null
2019-10-20 10:28:43,344 [grpc-default-executor-3] INFO  impl.RaftServerImpl (RaftServerImpl.java:setRole(184)) - 875da3d9-0dec-46c7-88bf-73f7a2372b64@group-75987F7FE399: changes role from  FOLLOWER to FOLLOWER at term 254 for recognizeCandidate:df12c920-952d-4704-9c70-1a288e2f77c7
2019-10-20 10:28:43,344 [grpc-default-executor-3] INFO  impl.RoleInfo (RoleInfo.java:shutdownFollowerState(121)) - 875da3d9-0dec-46c7-88bf-73f7a2372b64: shutdown FollowerState
2019-10-20 10:28:43,344 [grpc-default-executor-4] INFO  impl.RaftServerImpl (RaftServerImpl.java:setRole(184)) - 9ceef694-dbcf-4070-b7b1-3b3c65b6a699@group-75987F7FE399: changes role from  FOLLOWER to FOLLOWER at term 254 for recognizeCandidate:df12c920-952d-4704-9c70-1a288e2f77c7
2019-10-20 10:28:43,344 [Thread-1755] INFO  impl.FollowerState (FollowerState.java:run(117)) - 875da3d9-0dec-46c7-88bf-73f7a2372b64@group-75987F7FE399-FollowerState was interrupted: java.lang.InterruptedException: sleep interrupted
2019-10-20 10:28:43,344 [grpc-default-executor-3] INFO  impl.RoleInfo (RoleInfo.java:updateAndGet(143)) - 875da3d9-0dec-46c7-88bf-73f7a2372b64: start FollowerState
2019-10-20 10:28:43,344 [grpc-default-executor-4] INFO  impl.RoleInfo (RoleInfo.java:shutdownFollowerState(121)) - 9ceef694-dbcf-4070-b7b1-3b3c65b6a699: shutdown FollowerState
2019-10-20 10:28:43,345 [grpc-default-executor-4] INFO  impl.RoleInfo (RoleInfo.java:updateAndGet(143)) - 9ceef694-dbcf-4070-b7b1-3b3c65b6a699: start FollowerState
2019-10-20 10:28:43,345 [Thread-1756] INFO  impl.FollowerState (FollowerState.java:run(117)) - 9ceef694-dbcf-4070-b7b1-3b3c65b6a699@group-75987F7FE399-FollowerState was interrupted: java.lang.InterruptedException: sleep interrupted
2019-10-20 10:28:43,359 [df12c920-952d-4704-9c70-1a288e2f77c7@group-75987F7FE399-LeaderElection225] INFO  impl.LeaderElection (LeaderElection.java:logAndReturn(56)) - df12c920-952d-4704-9c70-1a288e2f77c7@group-75987F7FE399-LeaderElection225: Election REJECTED; received 2 response(s) [df12c920-952d-4704-9c70-1a288e2f77c7<-875da3d9-0dec-46c7-88bf-73f7a2372b64#0:FAIL-t254, df12c920-952d-4704-9c70-1a288e2f77c7<-9ceef694-dbcf-4070-b7b1-3b3c65b6a699#0:FAIL-t254] and 0 exception(s); df12c920-952d-4704-9c70-1a288e2f77c7@group-75987F7FE399:t254, leader=null, voted=df12c920-952d-4704-9c70-1a288e2f77c7, raftlog=df12c920-952d-4704-9c70-1a288e2f77c7@group-75987F7FE399-SegmentedRaftLog:OPENED:c-1,f-1,i0, conf=-1: [875da3d9-0dec-46c7-88bf-73f7a2372b64:192.168.69.89:39990, df12c920-952d-4704-9c70-1a288e2f77c7:192.168.69.89:43948, 9ceef694-dbcf-4070-b7b1-3b3c65b6a699:192.168.69.89:36536], old=null
2019-10-20 10:28:43,359 [df12c920-952d-4704-9c70-1a288e2f77c7@group-75987F7FE399-LeaderElection225] INFO  impl.RaftServerImpl (RaftServerImpl.java:setRole(184)) - df12c920-952d-4704-9c70-1a288e2f77c7@group-75987F7FE399: changes role from CANDIDATE to FOLLOWER at term 254 for DISCOVERED_A_NEW_TERM
2019-10-20 10:28:43,359 [df12c920-952d-4704-9c70-1a288e2f77c7@group-75987F7FE399-LeaderElection225] INFO  impl.RoleInfo (RoleInfo.java:shutdownLeaderElection(134)) - df12c920-952d-4704-9c70-1a288e2f77c7: shutdown LeaderElection
2019-10-20 10:28:43,360 [df12c920-952d-4704-9c70-1a288e2f77c7@group-75987F7FE399-LeaderElection225] INFO  impl.RoleInfo (RoleInfo.java:updateAndGet(143)) - df12c920-952d-4704-9c70-1a288e2f77c7: start FollowerState
2019-10-20 10:28:43,398 [Thread-1763] INFO  impl.FollowerState (FollowerState.java:run(108)) - df12c920-952d-4704-9c70-1a288e2f77c7@group-75987F7FE399-FollowerState: change to CANDIDATE, lastRpcTime:38ms, electionTimeout:38ms
2019-10-20 10:28:43,398 [Thread-1763] INFO  impl.RoleInfo (RoleInfo.java:shutdownFollowerState(121)) - df12c920-952d-4704-9c70-1a288e2f77c7: shutdown FollowerState
2019-10-20 10:28:43,398 [Thread-1763] INFO  impl.RaftServerImpl (RaftServerImpl.java:setRole(184)) - df12c920-952d-4704-9c70-1a288e2f77c7@group-75987F7FE399: changes role from  FOLLOWER to CANDIDATE at term 254 for changeToCandidate
2019-10-20 10:28:43,399 [Thread-1763] INFO  impl.RoleInfo (RoleInfo.java:updateAndGet(143)) - df12c920-952d-4704-9c70-1a288e2f77c7: start LeaderElection
2019-10-20 10:28:43,414 [df12c920-952d-4704-9c70-1a288e2f77c7@group-75987F7FE399-LeaderElection226] INFO  impl.LeaderElection (LeaderElection.java:askForVotes(178)) - df12c920-952d-4704-9c70-1a288e2f77c7@group-75987F7FE399-LeaderElection226: begin an election at term 255 for -1: [875da3d9-0dec-46c7-88bf-73f7a2372b64:192.168.69.89:39990, df12c920-952d-4704-9c70-1a288e2f77c7:192.168.69.89:43948, 9ceef694-dbcf-4070-b7b1-3b3c65b6a699:192.168.69.89:36536], old=null
2019-10-20 10:28:43,416 [grpc-default-executor-3] INFO  impl.RaftServerImpl (RaftServerImpl.java:setRole(184)) - 9ceef694-dbcf-4070-b7b1-3b3c65b6a699@group-75987F7FE399: changes role from  FOLLOWER to FOLLOWER at term 255 for recognizeCandidate:df12c920-952d-4704-9c70-1a288e2f77c7
2019-10-20 10:28:43,416 [grpc-default-executor-3] INFO  impl.RoleInfo (RoleInfo.java:shutdownFollowerState(121)) - 9ceef694-dbcf-4070-b7b1-3b3c65b6a699: shutdown FollowerState
2019-10-20 10:28:43,416 [grpc-default-executor-4] INFO  impl.RaftServerImpl (RaftServerImpl.java:setRole(184)) - 875da3d9-0dec-46c7-88bf-73f7a2372b64@group-75987F7FE399: changes role from  FOLLOWER to FOLLOWER at term 255 for recognizeCandidate:df12c920-952d-4704-9c70-1a288e2f77c7
2019-10-20 10:28:43,416 [Thread-1762] INFO  impl.FollowerState (FollowerState.java:run(117)) - 9ceef694-dbcf-4070-b7b1-3b3c65b6a699@group-75987F7FE399-FollowerState was interrupted: java.lang.InterruptedException: sleep interrupted
2019-10-20 10:28:43,416 [grpc-default-executor-3] INFO  impl.RoleInfo (RoleInfo.java:updateAndGet(143)) - 9ceef694-dbcf-4070-b7b1-3b3c65b6a699: start FollowerState
2019-10-20 10:28:43,417 [grpc-default-executor-4] INFO  impl.RoleInfo (RoleInfo.java:shutdownFollowerState(121)) - 875da3d9-0dec-46c7-88bf-73f7a2372b64: shutdown FollowerState
2019-10-20 10:28:43,417 [grpc-default-executor-4] INFO  impl.RoleInfo (RoleInfo.java:updateAndGet(143)) - 875da3d9-0dec-46c7-88bf-73f7a2372b64: start FollowerState
2019-10-20 10:28:43,417 [Thread-1761] INFO  impl.FollowerState (FollowerState.java:run(117)) - 875da3d9-0dec-46c7-88bf-73f7a2372b64@group-75987F7FE399-FollowerState was interrupted: java.lang.InterruptedException: sleep interrupted
2019-10-20 10:28:43,431 [df12c920-952d-4704-9c70-1a288e2f77c7@group-75987F7FE399-LeaderElection226] INFO  impl.LeaderElection (LeaderElection.java:logAndReturn(56)) - df12c920-952d-4704-9c70-1a288e2f77c7@group-75987F7FE399-LeaderElection226: Election REJECTED; received 2 response(s) [df12c920-952d-4704-9c70-1a288e2f77c7<-875da3d9-0dec-46c7-88bf-73f7a2372b64#0:FAIL-t255, df12c920-952d-4704-9c70-1a288e2f77c7<-9ceef694-dbcf-4070-b7b1-3b3c65b6a699#0:FAIL-t255] and 0 exception(s); df12c920-952d-4704-9c70-1a288e2f77c7@group-75987F7FE399:t255, leader=null, voted=df12c920-952d-4704-9c70-1a288e2f77c7, raftlog=df12c920-952d-4704-9c70-1a288e2f77c7@group-75987F7FE399-SegmentedRaftLog:OPENED:c-1,f-1,i0, conf=-1: [875da3d9-0dec-46c7-88bf-73f7a2372b64:192.168.69.89:39990, df12c920-952d-4704-9c70-1a288e2f77c7:192.168.69.89:43948, 9ceef694-dbcf-4070-b7b1-3b3c65b6a699:192.168.69.89:36536], old=null
2019-10-20 10:28:43,431 [df12c920-952d-4704-9c70-1a288e2f77c7@group-75987F7FE399-LeaderElection226] INFO  impl.RaftServerImpl (RaftServerImpl.java:setRole(184)) - df12c920-952d-4704-9c70-1a288e2f77c7@group-75987F7FE399: changes role from CANDIDATE to FOLLOWER at term 255 for DISCOVERED_A_NEW_TERM
2019-10-20 10:28:43,431 [df12c920-952d-4704-9c70-1a288e2f77c7@group-75987F7FE399-LeaderElection226] INFO  impl.RoleInfo (RoleInfo.java:shutdownLeaderElection(134)) - df12c920-952d-4704-9c70-1a288e2f77c7: shutdown LeaderElection
2019-10-20 10:28:43,431 [df12c920-952d-4704-9c70-1a288e2f77c7@group-75987F7FE399-LeaderElection226] INFO  impl.RoleInfo (RoleInfo.java:updateAndGet(143)) - df12c920-952d-4704-9c70-1a288e2f77c7: start FollowerState
2019-10-20 10:28:43,438 [Thread-1769] INFO  impl.FollowerState (FollowerState.java:run(108)) - df12c920-952d-4704-9c70-1a288e2f77c7@group-75987F7FE399-FollowerState: change to CANDIDATE, lastRpcTime:6ms, electionTimeout:6ms
2019-10-20 10:28:43,438 [Thread-1769] INFO  impl.RoleInfo (RoleInfo.java:shutdownFollowerState(121)) - df12c920-952d-4704-9c70-1a288e2f77c7: shutdown FollowerState
2019-10-20 10:28:43,438 [Thread-1769] INFO  impl.RaftServerImpl (RaftServerImpl.java:setRole(184)) - df12c920-952d-4704-9c70-1a288e2f77c7@group-75987F7FE399: changes role from  FOLLOWER to CANDIDATE at term 255 for changeToCandidate
2019-10-20 10:28:43,438 [Thread-1769] INFO  impl.RoleInfo (RoleInfo.java:updateAndGet(143)) - df12c920-952d-4704-9c70-1a288e2f77c7: start LeaderElection
2019-10-20 10:28:43,460 [df12c920-952d-4704-9c70-1a288e2f77c7@group-75987F7FE399-LeaderElection227] INFO  impl.LeaderElection (LeaderElection.java:askForVotes(178)) - df12c920-952d-4704-9c70-1a288e2f77c7@group-75987F7FE399-LeaderElection227: begin an election at term 256 for -1: [875da3d9-0dec-46c7-88bf-73f7a2372b64:192.168.69.89:39990, df12c920-952d-4704-9c70-1a288e2f77c7:192.168.69.89:43948, 9ceef694-dbcf-4070-b7b1-3b3c65b6a699:192.168.69.89:36536], old=null
2019-10-20 10:28:43,462 [grpc-default-executor-3] INFO  impl.RaftServerImpl (RaftServerImpl.java:setRole(184)) - 875da3d9-0dec-46c7-88bf-73f7a2372b64@group-75987F7FE399: changes role from  FOLLOWER to FOLLOWER at term 256 for recognizeCandidate:df12c920-952d-4704-9c70-1a288e2f77c7
2019-10-20 10:28:43,462 [grpc-default-executor-4] INFO  impl.RaftServerImpl (RaftServerImpl.java:setRole(184)) - 9ceef694-dbcf-4070-b7b1-3b3c65b6a699@group-75987F7FE399: changes role from  FOLLOWER to FOLLOWER at term 256 for recognizeCandidate:df12c920-952d-4704-9c70-1a288e2f77c7
2019-10-20 10:28:43,462 [grpc-default-executor-4] INFO  impl.RoleInfo (RoleInfo.java:shutdownFollowerState(121)) - 9ceef694-dbcf-4070-b7b1-3b3c65b6a699: shutdown FollowerState
2019-10-20 10:28:43,462 [grpc-default-executor-3] INFO  impl.RoleInfo (RoleInfo.java:shutdownFollowerState(121)) - 875da3d9-0dec-46c7-88bf-73f7a2372b64: shutdown FollowerState
2019-10-20 10:28:43,462 [Thread-1767] INFO  impl.FollowerState (FollowerState.java:run(117)) - 9ceef694-dbcf-4070-b7b1-3b3c65b6a699@group-75987F7FE399-FollowerState was interrupted: java.lang.InterruptedException: sleep interrupted
2019-10-20 10:28:43,463 [Thread-1768] INFO  impl.FollowerState (FollowerState.java:run(117)) - 875da3d9-0dec-46c7-88bf-73f7a2372b64@group-75987F7FE399-FollowerState was interrupted: java.lang.InterruptedException: sleep interrupted
2019-10-20 10:28:43,462 [grpc-default-executor-4] INFO  impl.RoleInfo (RoleInfo.java:updateAndGet(143)) - 9ceef694-dbcf-4070-b7b1-3b3c65b6a699: start FollowerState
2019-10-20 10:28:43,463 [grpc-default-executor-3] INFO  impl.RoleInfo (RoleInfo.java:updateAndGet(143)) - 875da3d9-0dec-46c7-88bf-73f7a2372b64: start FollowerState
2019-10-20 10:28:43,470 [df12c920-952d-4704-9c70-1a288e2f77c7@group-75987F7FE399-LeaderElection227] INFO  impl.LeaderElection (LeaderElection.java:logAndReturn(56)) - df12c920-952d-4704-9c70-1a288e2f77c7@group-75987F7FE399-LeaderElection227: Election TIMEOUT; received 0 response(s) [] and 0 exception(s); df12c920-952d-4704-9c70-1a288e2f77c7@group-75987F7FE399:t256, leader=null, voted=df12c920-952d-4704-9c70-1a288e2f77c7, raftlog=df12c920-952d-4704-9c70-1a288e2f77c7@group-75987F7FE399-SegmentedRaftLog:OPENED:c-1,f-1,i0, conf=-1: [875da3d9-0dec-46c7-88bf-73f7a2372b64:192.168.69.89:39990, df12c920-952d-4704-9c70-1a288e2f77c7:192.168.69.89:43948, 9ceef694-dbcf-4070-b7b1-3b3c65b6a699:192.168.69.89:36536], old=null
2019-10-20 10:28:43,488 [df12c920-952d-4704-9c70-1a288e2f77c7@group-75987F7FE399-LeaderElection227] INFO  impl.LeaderElection (LeaderElection.java:askForVotes(178)) - df12c920-952d-4704-9c70-1a288e2f77c7@group-75987F7FE399-LeaderElection227: begin an election at term 257 for -1: [875da3d9-0dec-46c7-88bf-73f7a2372b64:192.168.69.89:39990, df12c920-952d-4704-9c70-1a288e2f77c7:192.168.69.89:43948, 9ceef694-dbcf-4070-b7b1-3b3c65b6a699:192.168.69.89:36536], old=null
2019-10-20 10:28:43,491 [grpc-default-executor-4] INFO  impl.RaftServerImpl (RaftServerImpl.java:setRole(184)) - 875da3d9-0dec-46c7-88bf-73f7a2372b64@group-75987F7FE399: changes role from  FOLLOWER to FOLLOWER at term 257 for recognizeCandidate:df12c920-952d-4704-9c70-1a288e2f77c7
2019-10-20 10:28:43,491 [grpc-default-executor-4] INFO  impl.RoleInfo (RoleInfo.java:shutdownFollowerState(121)) - 875da3d9-0dec-46c7-88bf-73f7a2372b64: shutdown FollowerState
2019-10-20 10:28:43,491 [grpc-default-executor-3] INFO  impl.RaftServerImpl (RaftServerImpl.java:setRole(184)) - 9ceef694-dbcf-4070-b7b1-3b3c65b6a699@group-75987F7FE399: changes role from  FOLLOWER to FOLLOWER at term 257 for recognizeCandidate:df12c920-952d-4704-9c70-1a288e2f77c7
2019-10-20 10:28:43,491 [grpc-default-executor-4] INFO  impl.RoleInfo (RoleInfo.java:updateAndGet(143)) - 875da3d9-0dec-46c7-88bf-73f7a2372b64: start FollowerState
2019-10-20 10:28:43,491 [Thread-1774] INFO  impl.FollowerState (FollowerState.java:run(117)) - 875da3d9-0dec-46c7-88bf-73f7a2372b64@group-75987F7FE399-FollowerState was interrupted: java.lang.InterruptedException: sleep interrupted
2019-10-20 10:28:43,492 [grpc-default-executor-3] INFO  impl.RoleInfo (RoleInfo.java:shutdownFollowerState(121)) - 9ceef694-dbcf-4070-b7b1-3b3c65b6a699: shutdown FollowerState
2019-10-20 10:28:43,492 [grpc-default-executor-3] INFO  impl.RoleInfo (RoleInfo.java:updateAndGet(143)) - 9ceef694-dbcf-4070-b7b1-3b3c65b6a699: start FollowerState
2019-10-20 10:28:43,492 [Thread-1773] INFO  impl.FollowerState (FollowerState.java:run(117)) - 9ceef694-dbcf-4070-b7b1-3b3c65b6a699@group-75987F7FE399-FollowerState was interrupted: java.lang.InterruptedException: sleep interrupted
2019-10-20 10:28:43,518 [df12c920-952d-4704-9c70-1a288e2f77c7@group-75987F7FE399-LeaderElection227] INFO  impl.LeaderElection (LeaderElection.java:logAndReturn(56)) - df12c920-952d-4704-9c70-1a288e2f77c7@group-75987F7FE399-LeaderElection227: Election REJECTED; received 2 response(s) [df12c920-952d-4704-9c70-1a288e2f77c7<-875da3d9-0dec-46c7-88bf-73f7a2372b64#0:FAIL-t257, df12c920-952d-4704-9c70-1a288e2f77c7<-9ceef694-dbcf-4070-b7b1-3b3c65b6a699#0:FAIL-t257] and 0 exception(s); df12c920-952d-4704-9c70-1a288e2f77c7@group-75987F7FE399:t257, leader=null, voted=df12c920-952d-4704-9c70-1a288e2f77c7, raftlog=df12c920-952d-4704-9c70-1a288e2f77c7@group-75987F7FE399-SegmentedRaftLog:OPENED:c-1,f-1,i0, conf=-1: [875da3d9-0dec-46c7-88bf-73f7a2372b64:192.168.69.89:39990, df12c920-952d-4704-9c70-1a288e2f77c7:192.168.69.89:43948, 9ceef694-dbcf-4070-b7b1-3b3c65b6a699:192.168.69.89:36536], old=null
2019-10-20 10:28:43,518 [df12c920-952d-4704-9c70-1a288e2f77c7@group-75987F7FE399-LeaderElection227] INFO  impl.RaftServerImpl (RaftServerImpl.java:setRole(184)) - df12c920-952d-4704-9c70-1a288e2f77c7@group-75987F7FE399: changes role from CANDIDATE to FOLLOWER at term 257 for DISCOVERED_A_NEW_TERM
2019-10-20 10:28:43,518 [df12c920-952d-4704-9c70-1a288e2f77c7@group-75987F7FE399-LeaderElection227] INFO  impl.RoleInfo (RoleInfo.java:shutdownLeaderElection(134)) - df12c920-952d-4704-9c70-1a288e2f77c7: shutdown LeaderElection
2019-10-20 10:28:43,518 [df12c920-952d-4704-9c70-1a288e2f77c7@group-75987F7FE399-LeaderElection227] INFO  impl.RoleInfo (RoleInfo.java:updateAndGet(143)) - df12c920-952d-4704-9c70-1a288e2f77c7: start FollowerState
2019-10-20 10:28:43,646 [Thread-1779] INFO  impl.FollowerState (FollowerState.java:run(108)) - df12c920-952d-4704-9c70-1a288e2f77c7@group-75987F7FE399-FollowerState: change to CANDIDATE, lastRpcTime:127ms, electionTimeout:127ms
2019-10-20 10:28:43,646 [Thread-1779] INFO  impl.RoleInfo (RoleInfo.java:shutdownFollowerState(121)) - df12c920-952d-4704-9c70-1a288e2f77c7: shutdown FollowerState
2019-10-20 10:28:43,646 [Thread-1779] INFO  impl.RaftServerImpl (RaftServerImpl.java:setRole(184)) - df12c920-952d-4704-9c70-1a288e2f77c7@group-75987F7FE399: changes role from  FOLLOWER to CANDIDATE at term 257 for changeToCandidate
2019-10-20 10:28:43,646 [Thread-1779] INFO  impl.RoleInfo (RoleInfo.java:updateAndGet(143)) - df12c920-952d-4704-9c70-1a288e2f77c7: start LeaderElection
2019-10-20 10:28:43,671 [df12c920-952d-4704-9c70-1a288e2f77c7@group-75987F7FE399-LeaderElection228] INFO  impl.LeaderElection (LeaderElection.java:askForVotes(178)) - df12c920-952d-4704-9c70-1a288e2f77c7@group-75987F7FE399-LeaderElection228: begin an election at term 258 for -1: [875da3d9-0dec-46c7-88bf-73f7a2372b64:192.168.69.89:39990, df12c920-952d-4704-9c70-1a288e2f77c7:192.168.69.89:43948, 9ceef694-dbcf-4070-b7b1-3b3c65b6a699:192.168.69.89:36536], old=null
2019-10-20 10:28:43,674 [grpc-default-executor-4] INFO  impl.RaftServerImpl (RaftServerImpl.java:setRole(184)) - 9ceef694-dbcf-4070-b7b1-3b3c65b6a699@group-75987F7FE399: changes role from  FOLLOWER to FOLLOWER at term 258 for recognizeCandidate:df12c920-952d-4704-9c70-1a288e2f77c7
2019-10-20 10:28:43,674 [grpc-default-executor-4] INFO  impl.RoleInfo (RoleInfo.java:shutdownFollowerState(121)) - 9ceef694-dbcf-4070-b7b1-3b3c65b6a699: shutdown FollowerState
2019-10-20 10:28:43,674 [grpc-default-executor-3] INFO  impl.RaftServerImpl (RaftServerImpl.java:setRole(184)) - 875da3d9-0dec-46c7-88bf-73f7a2372b64@group-75987F7FE399: changes role from  FOLLOWER to FOLLOWER at term 258 for recognizeCandidate:df12c920-952d-4704-9c70-1a288e2f77c7
2019-10-20 10:28:43,674 [Thread-1778] INFO  impl.FollowerState (FollowerState.java:run(117)) - 9ceef694-dbcf-4070-b7b1-3b3c65b6a699@group-75987F7FE399-FollowerState was interrupted: java.lang.InterruptedException: sleep interrupted
2019-10-20 10:28:43,674 [grpc-default-executor-4] INFO  impl.RoleInfo (RoleInfo.java:updateAndGet(143)) - 9ceef694-dbcf-4070-b7b1-3b3c65b6a699: start FollowerState
2019-10-20 10:28:43,674 [grpc-default-executor-3] INFO  impl.RoleInfo (RoleInfo.java:shutdownFollowerState(121)) - 875da3d9-0dec-46c7-88bf-73f7a2372b64: shutdown FollowerState
2019-10-20 10:28:43,675 [grpc-default-executor-3] INFO  impl.RoleInfo (RoleInfo.java:updateAndGet(143)) - 875da3d9-0dec-46c7-88bf-73f7a2372b64: start FollowerState
2019-10-20 10:28:43,675 [Thread-1777] INFO  impl.FollowerState (FollowerState.java:run(117)) - 875da3d9-0dec-46c7-88bf-73f7a2372b64@group-75987F7FE399-FollowerState was interrupted: java.lang.InterruptedException: sleep interrupted
2019-10-20 10:28:43,690 [df12c920-952d-4704-9c70-1a288e2f77c7@group-75987F7FE399-LeaderElection228] INFO  impl.LeaderElection (LeaderElection.java:logAndReturn(56)) - df12c920-952d-4704-9c70-1a288e2f77c7@group-75987F7FE399-LeaderElection228: Election REJECTED; received 2 response(s) [df12c920-952d-4704-9c70-1a288e2f77c7<-875da3d9-0dec-46c7-88bf-73f7a2372b64#0:FAIL-t258, df12c920-952d-4704-9c70-1a288e2f77c7<-9ceef694-dbcf-4070-b7b1-3b3c65b6a699#0:FAIL-t258] and 0 exception(s); df12c920-952d-4704-9c70-1a288e2f77c7@group-75987F7FE399:t258, leader=null, voted=df12c920-952d-4704-9c70-1a288e2f77c7, raftlog=df12c920-952d-4704-9c70-1a288e2f77c7@group-75987F7FE399-SegmentedRaftLog:OPENED:c-1,f-1,i0, conf=-1: [875da3d9-0dec-46c7-88bf-73f7a2372b64:192.168.69.89:39990, df12c920-952d-4704-9c70-1a288e2f77c7:192.168.69.89:43948, 9ceef694-dbcf-4070-b7b1-3b3c65b6a699:192.168.69.89:36536], old=null
2019-10-20 10:28:43,690 [df12c920-952d-4704-9c70-1a288e2f77c7@group-75987F7FE399-LeaderElection228] INFO  impl.RaftServerImpl (RaftServerImpl.java:setRole(184)) - df12c920-952d-4704-9c70-1a288e2f77c7@group-75987F7FE399: changes role from CANDIDATE to FOLLOWER at term 258 for DISCOVERED_A_NEW_TERM
2019-10-20 10:28:43,690 [df12c920-952d-4704-9c70-1a288e2f77c7@group-75987F7FE399-LeaderElection228] INFO  impl.RoleInfo (RoleInfo.java:shutdownLeaderElection(134)) - df12c920-952d-4704-9c70-1a288e2f77c7: shutdown LeaderElection
2019-10-20 10:28:43,691 [df12c920-952d-4704-9c70-1a288e2f77c7@group-75987F7FE399-LeaderElection228] INFO  impl.RoleInfo (RoleInfo.java:updateAndGet(143)) - df12c920-952d-4704-9c70-1a288e2f77c7: start FollowerState
2019-10-20 10:28:43,889 [Thread-1785] INFO  impl.FollowerState (FollowerState.java:run(108)) - df12c920-952d-4704-9c70-1a288e2f77c7@group-75987F7FE399-FollowerState: change to CANDIDATE, lastRpcTime:198ms, electionTimeout:198ms
2019-10-20 10:28:43,889 [Thread-1785] INFO  impl.RoleInfo (RoleInfo.java:shutdownFollowerState(121)) - df12c920-952d-4704-9c70-1a288e2f77c7: shutdown FollowerState
2019-10-20 10:28:43,889 [Thread-1785] INFO  impl.RaftServerImpl (RaftServerImpl.java:setRole(184)) - df12c920-952d-4704-9c70-1a288e2f77c7@group-75987F7FE399: changes role from  FOLLOWER to CANDIDATE at term 258 for changeToCandidate
2019-10-20 10:28:43,889 [Thread-1785] INFO  impl.RoleInfo (RoleInfo.java:updateAndGet(143)) - df12c920-952d-4704-9c70-1a288e2f77c7: start LeaderElection
2019-10-20 10:28:43,903 [df12c920-952d-4704-9c70-1a288e2f77c7@group-75987F7FE399-LeaderElection229] INFO  impl.LeaderElection (LeaderElection.java:askForVotes(178)) - df12c920-952d-4704-9c70-1a288e2f77c7@group-75987F7FE399-LeaderElection229: begin an election at term 259 for -1: [875da3d9-0dec-46c7-88bf-73f7a2372b64:192.168.69.89:39990, df12c920-952d-4704-9c70-1a288e2f77c7:192.168.69.89:43948, 9ceef694-dbcf-4070-b7b1-3b3c65b6a699:192.168.69.89:36536], old=null
2019-10-20 10:28:43,905 [grpc-default-executor-4] INFO  impl.RaftServerImpl (RaftServerImpl.java:setRole(184)) - 875da3d9-0dec-46c7-88bf-73f7a2372b64@group-75987F7FE399: changes role from  FOLLOWER to FOLLOWER at term 259 for recognizeCandidate:df12c920-952d-4704-9c70-1a288e2f77c7
2019-10-20 10:28:43,906 [grpc-default-executor-4] INFO  impl.RoleInfo (RoleInfo.java:shutdownFollowerState(121)) - 875da3d9-0dec-46c7-88bf-73f7a2372b64: shutdown FollowerState
2019-10-20 10:28:43,905 [grpc-default-executor-3] INFO  impl.RaftServerImpl (RaftServerImpl.java:setRole(184)) - 9ceef694-dbcf-4070-b7b1-3b3c65b6a699@group-75987F7FE399: changes role from  FOLLOWER to FOLLOWER at term 259 for recognizeCandidate:df12c920-952d-4704-9c70-1a288e2f77c7
2019-10-20 10:28:43,906 [Thread-1784] INFO  impl.FollowerState (FollowerState.java:run(117)) - 875da3d9-0dec-46c7-88bf-73f7a2372b64@group-75987F7FE399-FollowerState was interrupted: java.lang.InterruptedException: sleep interrupted
2019-10-20 10:28:43,906 [grpc-default-executor-4] INFO  impl.RoleInfo (RoleInfo.java:updateAndGet(143)) - 875da3d9-0dec-46c7-88bf-73f7a2372b64: start FollowerState
2019-10-20 10:28:43,906 [grpc-default-executor-3] INFO  impl.RoleInfo (RoleInfo.java:shutdownFollowerState(121)) - 9ceef694-dbcf-4070-b7b1-3b3c65b6a699: shutdown FollowerState
2019-10-20 10:28:43,907 [grpc-default-executor-3] INFO  impl.RoleInfo (RoleInfo.java:updateAndGet(143)) - 9ceef694-dbcf-4070-b7b1-3b3c65b6a699: start FollowerState
2019-10-20 10:28:43,907 [Thread-1783] INFO  impl.FollowerState (FollowerState.java:run(117)) - 9ceef694-dbcf-4070-b7b1-3b3c65b6a699@group-75987F7FE399-FollowerState was interrupted: java.lang.InterruptedException: sleep interrupted
2019-10-20 10:28:43,924 [df12c920-952d-4704-9c70-1a288e2f77c7@group-75987F7FE399-LeaderElection229] INFO  impl.LeaderElection (LeaderElection.java:logAndReturn(56)) - df12c920-952d-4704-9c70-1a288e2f77c7@group-75987F7FE399-LeaderElection229: Election TIMEOUT; received 0 response(s) [] and 0 exception(s); df12c920-952d-4704-9c70-1a288e2f77c7@group-75987F7FE399:t259, leader=null, voted=df12c920-952d-4704-9c70-1a288e2f77c7, raftlog=df12c920-952d-4704-9c70-1a288e2f77c7@group-75987F7FE399-SegmentedRaftLog:OPENED:c-1,f-1,i0, conf=-1: [875da3d9-0dec-46c7-88bf-73f7a2372b64:192.168.69.89:39990, df12c920-952d-4704-9c70-1a288e2f77c7:192.168.69.89:43948, 9ceef694-dbcf-4070-b7b1-3b3c65b6a699:192.168.69.89:36536], old=null
2019-10-20 10:28:43,934 [df12c920-952d-4704-9c70-1a288e2f77c7@group-75987F7FE399-LeaderElection229] INFO  impl.LeaderElection (LeaderElection.java:askForVotes(178)) - df12c920-952d-4704-9c70-1a288e2f77c7@group-75987F7FE399-LeaderElection229: begin an election at term 260 for -1: [875da3d9-0dec-46c7-88bf-73f7a2372b64:192.168.69.89:39990, df12c920-952d-4704-9c70-1a288e2f77c7:192.168.69.89:43948, 9ceef694-dbcf-4070-b7b1-3b3c65b6a699:192.168.69.89:36536], old=null
2019-10-20 10:28:43,936 [grpc-default-executor-3] INFO  impl.RaftServerImpl (RaftServerImpl.java:setRole(184)) - 875da3d9-0dec-46c7-88bf-73f7a2372b64@group-75987F7FE399: changes role from  FOLLOWER to FOLLOWER at term 260 for recognizeCandidate:df12c920-952d-4704-9c70-1a288e2f77c7
2019-10-20 10:28:43,936 [grpc-default-executor-3] INFO  impl.RoleInfo (RoleInfo.java:shutdownFollowerState(121)) - 875da3d9-0dec-46c7-88bf-73f7a2372b64: shutdown FollowerState
2019-10-20 10:28:43,936 [grpc-default-executor-4] INFO  impl.RaftServerImpl (RaftServerImpl.java:setRole(184)) - 9ceef694-dbcf-4070-b7b1-3b3c65b6a699@group-75987F7FE399: changes role from  FOLLOWER to FOLLOWER at term 260 for recognizeCandidate:df12c920-952d-4704-9c70-1a288e2f77c7
2019-10-20 10:28:43,936 [Thread-1789] INFO  impl.FollowerState (FollowerState.java:run(117)) - 875da3d9-0dec-46c7-88bf-73f7a2372b64@group-75987F7FE399-FollowerState was interrupted: java.lang.InterruptedException: sleep interrupted
2019-10-20 10:28:43,936 [grpc-default-executor-3] INFO  impl.RoleInfo (RoleInfo.java:updateAndGet(143)) - 875da3d9-0dec-46c7-88bf-73f7a2372b64: start FollowerState
2019-10-20 10:28:43,936 [grpc-default-executor-4] INFO  impl.RoleInfo (RoleInfo.java:shutdownFollowerState(121)) - 9ceef694-dbcf-4070-b7b1-3b3c65b6a699: shutdown FollowerState
2019-10-20 10:28:43,937 [Thread-1790] INFO  impl.FollowerState (FollowerState.java:run(117)) - 9ceef694-dbcf-4070-b7b1-3b3c65b6a699@group-75987F7FE399-FollowerState was interrupted: java.lang.InterruptedException: sleep interrupted
2019-10-20 10:28:43,937 [grpc-default-executor-4] INFO  impl.RoleInfo (RoleInfo.java:updateAndGet(143)) - 9ceef694-dbcf-4070-b7b1-3b3c65b6a699: start FollowerState
2019-10-20 10:28:43,953 [df12c920-952d-4704-9c70-1a288e2f77c7@group-75987F7FE399-LeaderElection229] INFO  impl.LeaderElection (LeaderElection.java:logAndReturn(56)) - df12c920-952d-4704-9c70-1a288e2f77c7@group-75987F7FE399-LeaderElection229: Election REJECTED; received 2 response(s) [df12c920-952d-4704-9c70-1a288e2f77c7<-875da3d9-0dec-46c7-88bf-73f7a2372b64#0:FAIL-t260, df12c920-952d-4704-9c70-1a288e2f77c7<-9ceef694-dbcf-4070-b7b1-3b3c65b6a699#0:FAIL-t260] and 0 exception(s); df12c920-952d-4704-9c70-1a288e2f77c7@group-75987F7FE399:t260, leader=null, voted=df12c920-952d-4704-9c70-1a288e2f77c7, raftlog=df12c920-952d-4704-9c70-1a288e2f77c7@group-75987F7FE399-SegmentedRaftLog:OPENED:c-1,f-1,i0, conf=-1: [875da3d9-0dec-46c7-88bf-73f7a2372b64:192.168.69.89:39990, df12c920-952d-4704-9c70-1a288e2f77c7:192.168.69.89:43948, 9ceef694-dbcf-4070-b7b1-3b3c65b6a699:192.168.69.89:36536], old=null
2019-10-20 10:28:43,954 [df12c920-952d-4704-9c70-1a288e2f77c7@group-75987F7FE399-LeaderElection229] INFO  impl.RaftServerImpl (RaftServerImpl.java:setRole(184)) - df12c920-952d-4704-9c70-1a288e2f77c7@group-75987F7FE399: changes role from CANDIDATE to FOLLOWER at term 260 for DISCOVERED_A_NEW_TERM
2019-10-20 10:28:43,954 [df12c920-952d-4704-9c70-1a288e2f77c7@group-75987F7FE399-LeaderElection229] INFO  impl.RoleInfo (RoleInfo.java:shutdownLeaderElection(134)) - df12c920-952d-4704-9c70-1a288e2f77c7: shutdown LeaderElection
2019-10-20 10:28:43,954 [df12c920-952d-4704-9c70-1a288e2f77c7@group-75987F7FE399-LeaderElection229] INFO  impl.RoleInfo (RoleInfo.java:updateAndGet(143)) - df12c920-952d-4704-9c70-1a288e2f77c7: start FollowerState
2019-10-20 10:28:44,027 [Thread-1795] INFO  impl.FollowerState (FollowerState.java:run(108)) - df12c920-952d-4704-9c70-1a288e2f77c7@group-75987F7FE399-FollowerState: change to CANDIDATE, lastRpcTime:73ms, electionTimeout:73ms
2019-10-20 10:28:44,027 [Thread-1795] INFO  impl.RoleInfo (RoleInfo.java:shutdownFollowerState(121)) - df12c920-952d-4704-9c70-1a288e2f77c7: shutdown FollowerState
2019-10-20 10:28:44,028 [Thread-1795] INFO  impl.RaftServerImpl (RaftServerImpl.java:setRole(184)) - df12c920-952d-4704-9c70-1a288e2f77c7@group-75987F7FE399: changes role from  FOLLOWER to CANDIDATE at term 260 for changeToCandidate
2019-10-20 10:28:44,028 [Thread-1795] INFO  impl.RoleInfo (RoleInfo.java:updateAndGet(143)) - df12c920-952d-4704-9c70-1a288e2f77c7: start LeaderElection
2019-10-20 10:28:44,042 [df12c920-952d-4704-9c70-1a288e2f77c7@group-75987F7FE399-LeaderElection230] INFO  impl.LeaderElection (LeaderElection.java:askForVotes(178)) - df12c920-952d-4704-9c70-1a288e2f77c7@group-75987F7FE399-LeaderElection230: begin an election at term 261 for -1: [875da3d9-0dec-46c7-88bf-73f7a2372b64:192.168.69.89:39990, df12c920-952d-4704-9c70-1a288e2f77c7:192.168.69.89:43948, 9ceef694-dbcf-4070-b7b1-3b3c65b6a699:192.168.69.89:36536], old=null
2019-10-20 10:28:44,044 [grpc-default-executor-3] INFO  impl.RaftServerImpl (RaftServerImpl.java:setRole(184)) - 875da3d9-0dec-46c7-88bf-73f7a2372b64@group-75987F7FE399: changes role from  FOLLOWER to FOLLOWER at term 261 for recognizeCandidate:df12c920-952d-4704-9c70-1a288e2f77c7
2019-10-20 10:28:44,045 [grpc-default-executor-3] INFO  impl.RoleInfo (RoleInfo.java:shutdownFollowerState(121)) - 875da3d9-0dec-46c7-88bf-73f7a2372b64: shutdown FollowerState
2019-10-20 10:28:44,045 [grpc-default-executor-4] INFO  impl.RaftServerImpl (RaftServerImpl.java:setRole(184)) - 9ceef694-dbcf-4070-b7b1-3b3c65b6a699@group-75987F7FE399: changes role from  FOLLOWER to FOLLOWER at term 261 for recognizeCandidate:df12c920-952d-4704-9c70-1a288e2f77c7
2019-10-20 10:28:44,045 [Thread-1793] INFO  impl.FollowerState (FollowerState.java:run(117)) - 875da3d9-0dec-46c7-88bf-73f7a2372b64@group-75987F7FE399-FollowerState was interrupted: java.lang.InterruptedException: sleep interrupted
2019-10-20 10:28:44,045 [grpc-default-executor-3] INFO  impl.RoleInfo (RoleInfo.java:updateAndGet(143)) - 875da3d9-0dec-46c7-88bf-73f7a2372b64: start FollowerState
2019-10-20 10:28:44,045 [grpc-default-executor-4] INFO  impl.RoleInfo (RoleInfo.java:shutdownFollowerState(121)) - 9ceef694-dbcf-4070-b7b1-3b3c65b6a699: shutdown FollowerState
2019-10-20 10:28:44,045 [grpc-default-executor-4] INFO  impl.RoleInfo (RoleInfo.java:updateAndGet(143)) - 9ceef694-dbcf-4070-b7b1-3b3c65b6a699: start FollowerState
2019-10-20 10:28:44,045 [Thread-1794] INFO  impl.FollowerState (FollowerState.java:run(117)) - 9ceef694-dbcf-4070-b7b1-3b3c65b6a699@group-75987F7FE399-FollowerState was interrupted: java.lang.InterruptedException: sleep interrupted
2019-10-20 10:28:44,059 [df12c920-952d-4704-9c70-1a288e2f77c7@group-75987F7FE399-LeaderElection230] INFO  impl.LeaderElection (LeaderElection.java:logAndReturn(56)) - df12c920-952d-4704-9c70-1a288e2f77c7@group-75987F7FE399-LeaderElection230: Election REJECTED; received 2 response(s) [df12c920-952d-4704-9c70-1a288e2f77c7<-875da3d9-0dec-46c7-88bf-73f7a2372b64#0:FAIL-t261, df12c920-952d-4704-9c70-1a288e2f77c7<-9ceef694-dbcf-4070-b7b1-3b3c65b6a699#0:FAIL-t261] and 0 exception(s); df12c920-952d-4704-9c70-1a288e2f77c7@group-75987F7FE399:t261, leader=null, voted=df12c920-952d-4704-9c70-1a288e2f77c7, raftlog=df12c920-952d-4704-9c70-1a288e2f77c7@group-75987F7FE399-SegmentedRaftLog:OPENED:c-1,f-1,i0, conf=-1: [875da3d9-0dec-46c7-88bf-73f7a2372b64:192.168.69.89:39990, df12c920-952d-4704-9c70-1a288e2f77c7:192.168.69.89:43948, 9ceef694-dbcf-4070-b7b1-3b3c65b6a699:192.168.69.89:36536], old=null
2019-10-20 10:28:44,059 [df12c920-952d-4704-9c70-1a288e2f77c7@group-75987F7FE399-LeaderElection230] INFO  impl.RaftServerImpl (RaftServerImpl.java:setRole(184)) - df12c920-952d-4704-9c70-1a288e2f77c7@group-75987F7FE399: changes role from CANDIDATE to FOLLOWER at term 261 for DISCOVERED_A_NEW_TERM
2019-10-20 10:28:44,059 [df12c920-952d-4704-9c70-1a288e2f77c7@group-75987F7FE399-LeaderElection230] INFO  impl.RoleInfo (RoleInfo.java:shutdownLeaderElection(134)) - df12c920-952d-4704-9c70-1a288e2f77c7: shutdown LeaderElection
2019-10-20 10:28:44,059 [df12c920-952d-4704-9c70-1a288e2f77c7@group-75987F7FE399-LeaderElection230] INFO  impl.RoleInfo (RoleInfo.java:updateAndGet(143)) - df12c920-952d-4704-9c70-1a288e2f77c7: start FollowerState
2019-10-20 10:28:44,223 [Thread-1801] INFO  impl.FollowerState (FollowerState.java:run(108)) - df12c920-952d-4704-9c70-1a288e2f77c7@group-75987F7FE399-FollowerState: change to CANDIDATE, lastRpcTime:164ms, electionTimeout:164ms
2019-10-20 10:28:44,224 [Thread-1801] INFO  impl.RoleInfo (RoleInfo.java:shutdownFollowerState(121)) - df12c920-952d-4704-9c70-1a288e2f77c7: shutdown FollowerState
2019-10-20 10:28:44,224 [Thread-1801] INFO  impl.RaftServerImpl (RaftServerImpl.java:setRole(184)) - df12c920-952d-4704-9c70-1a288e2f77c7@group-75987F7FE399: changes role from  FOLLOWER to CANDIDATE at term 261 for changeToCandidate
2019-10-20 10:28:44,224 [Thread-1801] INFO  impl.RoleInfo (RoleInfo.java:updateAndGet(143)) - df12c920-952d-4704-9c70-1a288e2f77c7: start LeaderElection
2019-10-20 10:28:44,248 [df12c920-952d-4704-9c70-1a288e2f77c7@group-75987F7FE399-LeaderElection231] INFO  impl.LeaderElection (LeaderElection.java:askForVotes(178)) - df12c920-952d-4704-9c70-1a288e2f77c7@group-75987F7FE399-LeaderElection231: begin an election at term 262 for -1: [875da3d9-0dec-46c7-88bf-73f7a2372b64:192.168.69.89:39990, df12c920-952d-4704-9c70-1a288e2f77c7:192.168.69.89:43948, 9ceef694-dbcf-4070-b7b1-3b3c65b6a699:192.168.69.89:36536], old=null
2019-10-20 10:28:44,250 [grpc-default-executor-4] INFO  impl.RaftServerImpl (RaftServerImpl.java:setRole(184)) - 9ceef694-dbcf-4070-b7b1-3b3c65b6a699@group-75987F7FE399: changes role from  FOLLOWER to FOLLOWER at term 262 for recognizeCandidate:df12c920-952d-4704-9c70-1a288e2f77c7
2019-10-20 10:28:44,250 [grpc-default-executor-4] INFO  impl.RoleInfo (RoleInfo.java:shutdownFollowerState(121)) - 9ceef694-dbcf-4070-b7b1-3b3c65b6a699: shutdown FollowerState
2019-10-20 10:28:44,250 [grpc-default-executor-4] INFO  impl.RoleInfo (RoleInfo.java:updateAndGet(143)) - 9ceef694-dbcf-4070-b7b1-3b3c65b6a699: start FollowerState
2019-10-20 10:28:44,250 [grpc-default-executor-3] INFO  impl.RaftServerImpl (RaftServerImpl.java:setRole(184)) - 875da3d9-0dec-46c7-88bf-73f7a2372b64@group-75987F7FE399: changes role from  FOLLOWER to FOLLOWER at term 262 for recognizeCandidate:df12c920-952d-4704-9c70-1a288e2f77c7
2019-10-20 10:28:44,250 [Thread-1800] INFO  impl.FollowerState (FollowerState.java:run(117)) - 9ceef694-dbcf-4070-b7b1-3b3c65b6a699@group-75987F7FE399-FollowerState was interrupted: java.lang.InterruptedException: sleep interrupted
2019-10-20 10:28:44,251 [grpc-default-executor-3] INFO  impl.RoleInfo (RoleInfo.java:shutdownFollowerState(121)) - 875da3d9-0dec-46c7-88bf-73f7a2372b64: shutdown FollowerState
2019-10-20 10:28:44,251 [grpc-default-executor-3] INFO  impl.RoleInfo (RoleInfo.java:updateAndGet(143)) - 875da3d9-0dec-46c7-88bf-73f7a2372b64: start FollowerState
2019-10-20 10:28:44,251 [Thread-1799] INFO  impl.FollowerState (FollowerState.java:run(117)) - 875da3d9-0dec-46c7-88bf-73f7a2372b64@group-75987F7FE399-FollowerState was interrupted: java.lang.InterruptedException: sleep interrupted
2019-10-20 10:28:44,266 [df12c920-952d-4704-9c70-1a288e2f77c7@group-75987F7FE399-LeaderElection231] INFO  impl.LeaderElection (LeaderElection.java:logAndReturn(56)) - df12c920-952d-4704-9c70-1a288e2f77c7@group-75987F7FE399-LeaderElection231: Election REJECTED; received 2 response(s) [df12c920-952d-4704-9c70-1a288e2f77c7<-875da3d9-0dec-46c7-88bf-73f7a2372b64#0:FAIL-t262, df12c920-952d-4704-9c70-1a288e2f77c7<-9ceef694-dbcf-4070-b7b1-3b3c65b6a699#0:FAIL-t262] and 0 exception(s); df12c920-952d-4704-9c70-1a288e2f77c7@group-75987F7FE399:t262, leader=null, voted=df12c920-952d-4704-9c70-1a288e2f77c7, raftlog=df12c920-952d-4704-9c70-1a288e2f77c7@group-75987F7FE399-SegmentedRaftLog:OPENED:c-1,f-1,i0, conf=-1: [875da3d9-0dec-46c7-88bf-73f7a2372b64:192.168.69.89:39990, df12c920-952d-4704-9c70-1a288e2f77c7:192.168.69.89:43948, 9ceef694-dbcf-4070-b7b1-3b3c65b6a699:192.168.69.89:36536], old=null
2019-10-20 10:28:44,266 [df12c920-952d-4704-9c70-1a288e2f77c7@group-75987F7FE399-LeaderElection231] INFO  impl.RaftServerImpl (RaftServerImpl.java:setRole(184)) - df12c920-952d-4704-9c70-1a288e2f77c7@group-75987F7FE399: changes role from CANDIDATE to FOLLOWER at term 262 for DISCOVERED_A_NEW_TERM
2019-10-20 10:28:44,266 [df12c920-952d-4704-9c70-1a288e2f77c7@group-75987F7FE399-LeaderElection231] INFO  impl.RoleInfo (RoleInfo.java:shutdownLeaderElection(134)) - df12c920-952d-4704-9c70-1a288e2f77c7: shutdown LeaderElection
2019-10-20 10:28:44,267 [df12c920-952d-4704-9c70-1a288e2f77c7@group-75987F7FE399-LeaderElection231] INFO  impl.RoleInfo (RoleInfo.java:updateAndGet(143)) - df12c920-952d-4704-9c70-1a288e2f77c7: start FollowerState
2019-10-20 10:28:44,385 [Thread-1809] INFO  impl.FollowerState (FollowerState.java:run(108)) - df12c920-952d-4704-9c70-1a288e2f77c7@group-75987F7FE399-FollowerState: change to CANDIDATE, lastRpcTime:118ms, electionTimeout:118ms
2019-10-20 10:28:44,385 [Thread-1809] INFO  impl.RoleInfo (RoleInfo.java:shutdownFollowerState(121)) - df12c920-952d-4704-9c70-1a288e2f77c7: shutdown FollowerState
2019-10-20 10:28:44,385 [Thread-1809] INFO  impl.RaftServerImpl (RaftServerImpl.java:setRole(184)) - df12c920-952d-4704-9c70-1a288e2f77c7@group-75987F7FE399: changes role from  FOLLOWER to CANDIDATE at term 262 for changeToCandidate
2019-10-20 10:28:44,386 [Thread-1809] INFO  impl.RoleInfo (RoleInfo.java:updateAndGet(143)) - df12c920-952d-4704-9c70-1a288e2f77c7: start LeaderElection
2019-10-20 10:28:44,401 [df12c920-952d-4704-9c70-1a288e2f77c7@group-75987F7FE399-LeaderElection232] INFO  impl.LeaderElection (LeaderElection.java:askForVotes(178)) - df12c920-952d-4704-9c70-1a288e2f77c7@group-75987F7FE399-LeaderElection232: begin an election at term 263 for -1: [875da3d9-0dec-46c7-88bf-73f7a2372b64:192.168.69.89:39990, df12c920-952d-4704-9c70-1a288e2f77c7:192.168.69.89:43948, 9ceef694-dbcf-4070-b7b1-3b3c65b6a699:192.168.69.89:36536], old=null
2019-10-20 10:28:44,404 [grpc-default-executor-4] INFO  impl.RaftServerImpl (RaftServerImpl.java:setRole(184)) - 875da3d9-0dec-46c7-88bf-73f7a2372b64@group-75987F7FE399: changes role from  FOLLOWER to FOLLOWER at term 263 for recognizeCandidate:df12c920-952d-4704-9c70-1a288e2f77c7
2019-10-20 10:28:44,404 [grpc-default-executor-4] INFO  impl.RoleInfo (RoleInfo.java:shutdownFollowerState(121)) - 875da3d9-0dec-46c7-88bf-73f7a2372b64: shutdown FollowerState
2019-10-20 10:28:44,404 [grpc-default-executor-3] INFO  impl.RaftServerImpl (RaftServerImpl.java:setRole(184)) - 9ceef694-dbcf-4070-b7b1-3b3c65b6a699@group-75987F7FE399: changes role from  FOLLOWER to FOLLOWER at term 263 for recognizeCandidate:df12c920-952d-4704-9c70-1a288e2f77c7
2019-10-20 10:28:44,404 [Thread-1808] INFO  impl.FollowerState (FollowerState.java:run(117)) - 875da3d9-0dec-46c7-88bf-73f7a2372b64@group-75987F7FE399-FollowerState was interrupted: java.lang.InterruptedException: sleep interrupted
2019-10-20 10:28:44,404 [grpc-default-executor-4] INFO  impl.RoleInfo (RoleInfo.java:updateAndGet(143)) - 875da3d9-0dec-46c7-88bf-73f7a2372b64: start FollowerState
2019-10-20 10:28:44,404 [grpc-default-executor-3] INFO  impl.RoleInfo (RoleInfo.java:shutdownFollowerState(121)) - 9ceef694-dbcf-4070-b7b1-3b3c65b6a699: shutdown FollowerState
2019-10-20 10:28:44,405 [grpc-default-executor-3] INFO  impl.RoleInfo (RoleInfo.java:updateAndGet(143)) - 9ceef694-dbcf-4070-b7b1-3b3c65b6a699: start FollowerState
2019-10-20 10:28:44,405 [Thread-1807] INFO  impl.FollowerState (FollowerState.java:run(117)) - 9ceef694-dbcf-4070-b7b1-3b3c65b6a699@group-75987F7FE399-FollowerState was interrupted: java.lang.InterruptedException: sleep interrupted
2019-10-20 10:28:44,421 [df12c920-952d-4704-9c70-1a288e2f77c7@group-75987F7FE399-LeaderElection232] INFO  impl.LeaderElection (LeaderElection.java:logAndReturn(56)) - df12c920-952d-4704-9c70-1a288e2f77c7@group-75987F7FE399-LeaderElection232: Election REJECTED; received 2 response(s) [df12c920-952d-4704-9c70-1a288e2f77c7<-875da3d9-0dec-46c7-88bf-73f7a2372b64#0:FAIL-t263, df12c920-952d-4704-9c70-1a288e2f77c7<-9ceef694-dbcf-4070-b7b1-3b3c65b6a699#0:FAIL-t263] and 0 exception(s); df12c920-952d-4704-9c70-1a288e2f77c7@group-75987F7FE399:t263, leader=null, voted=df12c920-952d-4704-9c70-1a288e2f77c7, raftlog=df12c920-952d-4704-9c70-1a288e2f77c7@group-75987F7FE399-SegmentedRaftLog:OPENED:c-1,f-1,i0, conf=-1: [875da3d9-0dec-46c7-88bf-73f7a2372b64:192.168.69.89:39990, df12c920-952d-4704-9c70-1a288e2f77c7:192.168.69.89:43948, 9ceef694-dbcf-4070-b7b1-3b3c65b6a699:192.168.69.89:36536], old=null
2019-10-20 10:28:44,421 [df12c920-952d-4704-9c70-1a288e2f77c7@group-75987F7FE399-LeaderElection232] INFO  impl.RaftServerImpl (RaftServerImpl.java:setRole(184)) - df12c920-952d-4704-9c70-1a288e2f77c7@group-75987F7FE399: changes role from CANDIDATE to FOLLOWER at term 263 for DISCOVERED_A_NEW_TERM
2019-10-20 10:28:44,421 [df12c920-952d-4704-9c70-1a288e2f77c7@group-75987F7FE399-LeaderElection232] INFO  impl.RoleInfo (RoleInfo.java:shutdownLeaderElection(134)) - df12c920-952d-4704-9c70-1a288e2f77c7: shutdown LeaderElection
2019-10-20 10:28:44,421 [df12c920-952d-4704-9c70-1a288e2f77c7@group-75987F7FE399-LeaderElection232] INFO  impl.RoleInfo (RoleInfo.java:updateAndGet(143)) - df12c920-952d-4704-9c70-1a288e2f77c7: start FollowerState
2019-10-20 10:28:44,458 [Thread-1815] INFO  impl.FollowerState (FollowerState.java:run(108)) - df12c920-952d-4704-9c70-1a288e2f77c7@group-75987F7FE399-FollowerState: change to CANDIDATE, lastRpcTime:37ms, electionTimeout:37ms
2019-10-20 10:28:44,458 [Thread-1815] INFO  impl.RoleInfo (RoleInfo.java:shutdownFollowerState(121)) - df12c920-952d-4704-9c70-1a288e2f77c7: shutdown FollowerState
2019-10-20 10:28:44,459 [Thread-1815] INFO  impl.RaftServerImpl (RaftServerImpl.java:setRole(184)) - df12c920-952d-4704-9c70-1a288e2f77c7@group-75987F7FE399: changes role from  FOLLOWER to CANDIDATE at term 263 for changeToCandidate
2019-10-20 10:28:44,459 [Thread-1815] INFO  impl.RoleInfo (RoleInfo.java:updateAndGet(143)) - df12c920-952d-4704-9c70-1a288e2f77c7: start LeaderElection
2019-10-20 10:28:44,473 [df12c920-952d-4704-9c70-1a288e2f77c7@group-75987F7FE399-LeaderElection233] INFO  impl.LeaderElection (LeaderElection.java:askForVotes(178)) - df12c920-952d-4704-9c70-1a288e2f77c7@group-75987F7FE399-LeaderElection233: begin an election at term 264 for -1: [875da3d9-0dec-46c7-88bf-73f7a2372b64:192.168.69.89:39990, df12c920-952d-4704-9c70-1a288e2f77c7:192.168.69.89:43948, 9ceef694-dbcf-4070-b7b1-3b3c65b6a699:192.168.69.89:36536], old=null
2019-10-20 10:28:44,475 [grpc-default-executor-4] INFO  impl.RaftServerImpl (RaftServerImpl.java:setRole(184)) - 875da3d9-0dec-46c7-88bf-73f7a2372b64@group-75987F7FE399: changes role from  FOLLOWER to FOLLOWER at term 264 for recognizeCandidate:df12c920-952d-4704-9c70-1a288e2f77c7
2019-10-20 10:28:44,475 [grpc-default-executor-3] INFO  impl.RaftServerImpl (RaftServerImpl.java:setRole(184)) - 9ceef694-dbcf-4070-b7b1-3b3c65b6a699@group-75987F7FE399: changes role from  FOLLOWER to FOLLOWER at term 264 for recognizeCandidate:df12c920-952d-4704-9c70-1a288e2f77c7
2019-10-20 10:28:44,475 [grpc-default-executor-4] INFO  impl.RoleInfo (RoleInfo.java:shutdownFollowerState(121)) - 875da3d9-0dec-46c7-88bf-73f7a2372b64: shutdown FollowerState
2019-10-20 10:28:44,476 [grpc-default-executor-3] INFO  impl.RoleInfo (RoleInfo.java:shutdownFollowerState(121)) - 9ceef694-dbcf-4070-b7b1-3b3c65b6a699: shutdown FollowerState
2019-10-20 10:28:44,476 [Thread-1813] INFO  impl.FollowerState (FollowerState.java:run(117)) - 875da3d9-0dec-46c7-88bf-73f7a2372b64@group-75987F7FE399-FollowerState was interrupted: java.lang.InterruptedException: sleep interrupted
2019-10-20 10:28:44,476 [grpc-default-executor-4] INFO  impl.RoleInfo (RoleInfo.java:updateAndGet(143)) - 875da3d9-0dec-46c7-88bf-73f7a2372b64: start FollowerState
2019-10-20 10:28:44,476 [Thread-1814] INFO  impl.FollowerState (FollowerState.java:run(117)) - 9ceef694-dbcf-4070-b7b1-3b3c65b6a699@group-75987F7FE399-FollowerState was interrupted: java.lang.InterruptedException: sleep interrupted
2019-10-20 10:28:44,476 [grpc-default-executor-3] INFO  impl.RoleInfo (RoleInfo.java:updateAndGet(143)) - 9ceef694-dbcf-4070-b7b1-3b3c65b6a699: start FollowerState
2019-10-20 10:28:44,478 [df12c920-952d-4704-9c70-1a288e2f77c7@group-75987F7FE399-LeaderElection233] INFO  impl.LeaderElection (LeaderElection.java:logAndReturn(56)) - df12c920-952d-4704-9c70-1a288e2f77c7@group-75987F7FE399-LeaderElection233: Election TIMEOUT; received 0 response(s) [] and 0 exception(s); df12c920-952d-4704-9c70-1a288e2f77c7@group-75987F7FE399:t264, leader=null, voted=df12c920-952d-4704-9c70-1a288e2f77c7, raftlog=df12c920-952d-4704-9c70-1a288e2f77c7@group-75987F7FE399-SegmentedRaftLog:OPENED:c-1,f-1,i0, conf=-1: [875da3d9-0dec-46c7-88bf-73f7a2372b64:192.168.69.89:39990, df12c920-952d-4704-9c70-1a288e2f77c7:192.168.69.89:43948, 9ceef694-dbcf-4070-b7b1-3b3c65b6a699:192.168.69.89:36536], old=null
2019-10-20 10:28:44,489 [df12c920-952d-4704-9c70-1a288e2f77c7@group-75987F7FE399-LeaderElection233] INFO  impl.LeaderElection (LeaderElection.java:askForVotes(178)) - df12c920-952d-4704-9c70-1a288e2f77c7@group-75987F7FE399-LeaderElection233: begin an election at term 265 for -1: [875da3d9-0dec-46c7-88bf-73f7a2372b64:192.168.69.89:39990, df12c920-952d-4704-9c70-1a288e2f77c7:192.168.69.89:43948, 9ceef694-dbcf-4070-b7b1-3b3c65b6a699:192.168.69.89:36536], old=null
2019-10-20 10:28:44,490 [df12c920-952d-4704-9c70-1a288e2f77c7@group-75987F7FE399-LeaderElection233] INFO  impl.LeaderElection (LeaderElection.java:logAndReturn(56)) - df12c920-952d-4704-9c70-1a288e2f77c7@group-75987F7FE399-LeaderElection233: Election TIMEOUT; received 0 response(s) [] and 0 exception(s); df12c920-952d-4704-9c70-1a288e2f77c7@group-75987F7FE399:t265, leader=null, voted=df12c920-952d-4704-9c70-1a288e2f77c7, raftlog=df12c920-952d-4704-9c70-1a288e2f77c7@group-75987F7FE399-SegmentedRaftLog:OPENED:c-1,f-1,i0, conf=-1: [875da3d9-0dec-46c7-88bf-73f7a2372b64:192.168.69.89:39990, df12c920-952d-4704-9c70-1a288e2f77c7:192.168.69.89:43948, 9ceef694-dbcf-4070-b7b1-3b3c65b6a699:192.168.69.89:36536], old=null
2019-10-20 10:28:44,491 [grpc-default-executor-4] INFO  impl.RaftServerImpl (RaftServerImpl.java:setRole(184)) - 875da3d9-0dec-46c7-88bf-73f7a2372b64@group-75987F7FE399: changes role from  FOLLOWER to FOLLOWER at term 265 for recognizeCandidate:df12c920-952d-4704-9c70-1a288e2f77c7
2019-10-20 10:28:44,491 [grpc-default-executor-3] INFO  impl.RaftServerImpl (RaftServerImpl.java:setRole(184)) - 9ceef694-dbcf-4070-b7b1-3b3c65b6a699@group-75987F7FE399: changes role from  FOLLOWER to FOLLOWER at term 265 for recognizeCandidate:df12c920-952d-4704-9c70-1a288e2f77c7
2019-10-20 10:28:44,491 [grpc-default-executor-4] INFO  impl.RoleInfo (RoleInfo.java:shutdownFollowerState(121)) - 875da3d9-0dec-46c7-88bf-73f7a2372b64: shutdown FollowerState
2019-10-20 10:28:44,491 [grpc-default-executor-3] INFO  impl.RoleInfo (RoleInfo.java:shutdownFollowerState(121)) - 9ceef694-dbcf-4070-b7b1-3b3c65b6a699: shutdown FollowerState
2019-10-20 10:28:44,491 [Thread-1819] INFO  impl.FollowerState (FollowerState.java:run(117)) - 875da3d9-0dec-46c7-88bf-73f7a2372b64@group-75987F7FE399-FollowerState was interrupted: java.lang.InterruptedException: sleep interrupted
2019-10-20 10:28:44,491 [grpc-default-executor-4] INFO  impl.RoleInfo (RoleInfo.java:updateAndGet(143)) - 875da3d9-0dec-46c7-88bf-73f7a2372b64: start FollowerState
2019-10-20 10:28:44,491 [Thread-1820] INFO  impl.FollowerState (FollowerState.java:run(117)) - 9ceef694-dbcf-4070-b7b1-3b3c65b6a699@group-75987F7FE399-FollowerState was interrupted: java.lang.InterruptedException: sleep interrupted
2019-10-20 10:28:44,491 [grpc-default-executor-3] INFO  impl.RoleInfo (RoleInfo.java:updateAndGet(143)) - 9ceef694-dbcf-4070-b7b1-3b3c65b6a699: start FollowerState
2019-10-20 10:28:44,505 [df12c920-952d-4704-9c70-1a288e2f77c7@group-75987F7FE399-LeaderElection233] INFO  impl.LeaderElection (LeaderElection.java:askForVotes(178)) - df12c920-952d-4704-9c70-1a288e2f77c7@group-75987F7FE399-LeaderElection233: begin an election at term 266 for -1: [875da3d9-0dec-46c7-88bf-73f7a2372b64:192.168.69.89:39990, df12c920-952d-4704-9c70-1a288e2f77c7:192.168.69.89:43948, 9ceef694-dbcf-4070-b7b1-3b3c65b6a699:192.168.69.89:36536], old=null
2019-10-20 10:28:44,506 [grpc-default-executor-3] INFO  impl.RaftServerImpl (RaftServerImpl.java:setRole(184)) - 875da3d9-0dec-46c7-88bf-73f7a2372b64@group-75987F7FE399: changes role from  FOLLOWER to FOLLOWER at term 266 for recognizeCandidate:df12c920-952d-4704-9c70-1a288e2f77c7
2019-10-20 10:28:44,506 [grpc-default-executor-3] INFO  impl.RoleInfo (RoleInfo.java:shutdownFollowerState(121)) - 875da3d9-0dec-46c7-88bf-73f7a2372b64: shutdown FollowerState
2019-10-20 10:28:44,506 [grpc-default-executor-3] INFO  impl.RoleInfo (RoleInfo.java:updateAndGet(143)) - 875da3d9-0dec-46c7-88bf-73f7a2372b64: start FollowerState
2019-10-20 10:28:44,506 [Thread-1823] INFO  impl.FollowerState (FollowerState.java:run(117)) - 875da3d9-0dec-46c7-88bf-73f7a2372b64@group-75987F7FE399-FollowerState was interrupted: java.lang.InterruptedException: sleep interrupted
2019-10-20 10:28:44,506 [grpc-default-executor-4] INFO  impl.RaftServerImpl (RaftServerImpl.java:setRole(184)) - 9ceef694-dbcf-4070-b7b1-3b3c65b6a699@group-75987F7FE399: changes role from  FOLLOWER to FOLLOWER at term 266 for recognizeCandidate:df12c920-952d-4704-9c70-1a288e2f77c7
2019-10-20 10:28:44,507 [grpc-default-executor-4] INFO  impl.RoleInfo (RoleInfo.java:shutdownFollowerState(121)) - 9ceef694-dbcf-4070-b7b1-3b3c65b6a699: shutdown FollowerState
2019-10-20 10:28:44,507 [grpc-default-executor-4] INFO  impl.RoleInfo (RoleInfo.java:updateAndGet(143)) - 9ceef694-dbcf-4070-b7b1-3b3c65b6a699: start FollowerState
2019-10-20 10:28:44,507 [Thread-1824] INFO  impl.FollowerState (FollowerState.java:run(117)) - 9ceef694-dbcf-4070-b7b1-3b3c65b6a699@group-75987F7FE399-FollowerState was interrupted: java.lang.InterruptedException: sleep interrupted
2019-10-20 10:28:44,532 [df12c920-952d-4704-9c70-1a288e2f77c7@group-75987F7FE399-LeaderElection233] INFO  impl.LeaderElection (LeaderElection.java:logAndReturn(56)) - df12c920-952d-4704-9c70-1a288e2f77c7@group-75987F7FE399-LeaderElection233: Election REJECTED; received 2 response(s) [df12c920-952d-4704-9c70-1a288e2f77c7<-875da3d9-0dec-46c7-88bf-73f7a2372b64#0:FAIL-t266, df12c920-952d-4704-9c70-1a288e2f77c7<-9ceef694-dbcf-4070-b7b1-3b3c65b6a699#0:FAIL-t266] and 0 exception(s); df12c920-952d-4704-9c70-1a288e2f77c7@group-75987F7FE399:t266, leader=null, voted=df12c920-952d-4704-9c70-1a288e2f77c7, raftlog=df12c920-952d-4704-9c70-1a288e2f77c7@group-75987F7FE399-SegmentedRaftLog:OPENED:c-1,f-1,i0, conf=-1: [875da3d9-0dec-46c7-88bf-73f7a2372b64:192.168.69.89:39990, df12c920-952d-4704-9c70-1a288e2f77c7:192.168.69.89:43948, 9ceef694-dbcf-4070-b7b1-3b3c65b6a699:192.168.69.89:36536], old=null
2019-10-20 10:28:44,532 [df12c920-952d-4704-9c70-1a288e2f77c7@group-75987F7FE399-LeaderElection233] INFO  impl.RaftServerImpl (RaftServerImpl.java:setRole(184)) - df12c920-952d-4704-9c70-1a288e2f77c7@group-75987F7FE399: changes role from CANDIDATE to FOLLOWER at term 266 for DISCOVERED_A_NEW_TERM
2019-10-20 10:28:44,532 [df12c920-952d-4704-9c70-1a288e2f77c7@group-75987F7FE399-LeaderElection233] INFO  impl.RoleInfo (RoleInfo.java:shutdownLeaderElection(134)) - df12c920-952d-4704-9c70-1a288e2f77c7: shutdown LeaderElection
2019-10-20 10:28:44,533 [df12c920-952d-4704-9c70-1a288e2f77c7@group-75987F7FE399-LeaderElection233] INFO  impl.RoleInfo (RoleInfo.java:updateAndGet(143)) - df12c920-952d-4704-9c70-1a288e2f77c7: start FollowerState
2019-10-20 10:28:44,535 [Thread-1829] INFO  impl.FollowerState (FollowerState.java:run(108)) - df12c920-952d-4704-9c70-1a288e2f77c7@group-75987F7FE399-FollowerState: change to CANDIDATE, lastRpcTime:2ms, electionTimeout:2ms
2019-10-20 10:28:44,535 [Thread-1829] INFO  impl.RoleInfo (RoleInfo.java:shutdownFollowerState(121)) - df12c920-952d-4704-9c70-1a288e2f77c7: shutdown FollowerState
2019-10-20 10:28:44,535 [Thread-1829] INFO  impl.RaftServerImpl (RaftServerImpl.java:setRole(184)) - df12c920-952d-4704-9c70-1a288e2f77c7@group-75987F7FE399: changes role from  FOLLOWER to CANDIDATE at term 266 for changeToCandidate
2019-10-20 10:28:44,535 [Thread-1829] INFO  impl.RoleInfo (RoleInfo.java:updateAndGet(143)) - df12c920-952d-4704-9c70-1a288e2f77c7: start LeaderElection
2019-10-20 10:28:44,548 [df12c920-952d-4704-9c70-1a288e2f77c7@group-75987F7FE399-LeaderElection234] INFO  impl.LeaderElection (LeaderElection.java:askForVotes(178)) - df12c920-952d-4704-9c70-1a288e2f77c7@group-75987F7FE399-LeaderElection234: begin an election at term 267 for -1: [875da3d9-0dec-46c7-88bf-73f7a2372b64:192.168.69.89:39990, df12c920-952d-4704-9c70-1a288e2f77c7:192.168.69.89:43948, 9ceef694-dbcf-4070-b7b1-3b3c65b6a699:192.168.69.89:36536], old=null
2019-10-20 10:28:44,549 [grpc-default-executor-3] INFO  impl.RaftServerImpl (RaftServerImpl.java:setRole(184)) - 875da3d9-0dec-46c7-88bf-73f7a2372b64@group-75987F7FE399: changes role from  FOLLOWER to FOLLOWER at term 267 for recognizeCandidate:df12c920-952d-4704-9c70-1a288e2f77c7
2019-10-20 10:28:44,550 [grpc-default-executor-3] INFO  impl.RoleInfo (RoleInfo.java:shutdownFollowerState(121)) - 875da3d9-0dec-46c7-88bf-73f7a2372b64: shutdown FollowerState
2019-10-20 10:28:44,550 [grpc-default-executor-3] INFO  impl.RoleInfo (RoleInfo.java:updateAndGet(143)) - 875da3d9-0dec-46c7-88bf-73f7a2372b64: start FollowerState
2019-10-20 10:28:44,550 [Thread-1827] INFO  impl.FollowerState (FollowerState.java:run(117)) - 875da3d9-0dec-46c7-88bf-73f7a2372b64@group-75987F7FE399-FollowerState was interrupted: java.lang.InterruptedException: sleep interrupted
2019-10-20 10:28:44,549 [grpc-default-executor-4] INFO  impl.RaftServerImpl (RaftServerImpl.java:setRole(184)) - 9ceef694-dbcf-4070-b7b1-3b3c65b6a699@group-75987F7FE399: changes role from  FOLLOWER to FOLLOWER at term 267 for recognizeCandidate:df12c920-952d-4704-9c70-1a288e2f77c7
2019-10-20 10:28:44,550 [grpc-default-executor-4] INFO  impl.RoleInfo (RoleInfo.java:shutdownFollowerState(121)) - 9ceef694-dbcf-4070-b7b1-3b3c65b6a699: shutdown FollowerState
2019-10-20 10:28:44,550 [grpc-default-executor-4] INFO  impl.RoleInfo (RoleInfo.java:updateAndGet(143)) - 9ceef694-dbcf-4070-b7b1-3b3c65b6a699: start FollowerState
2019-10-20 10:28:44,550 [Thread-1828] INFO  impl.FollowerState (FollowerState.java:run(117)) - 9ceef694-dbcf-4070-b7b1-3b3c65b6a699@group-75987F7FE399-FollowerState was interrupted: java.lang.InterruptedException: sleep interrupted
2019-10-20 10:28:44,576 [df12c920-952d-4704-9c70-1a288e2f77c7@group-75987F7FE399-LeaderElection234] INFO  impl.LeaderElection (LeaderElection.java:logAndReturn(56)) - df12c920-952d-4704-9c70-1a288e2f77c7@group-75987F7FE399-LeaderElection234: Election REJECTED; received 2 response(s) [df12c920-952d-4704-9c70-1a288e2f77c7<-875da3d9-0dec-46c7-88bf-73f7a2372b64#0:FAIL-t267, df12c920-952d-4704-9c70-1a288e2f77c7<-9ceef694-dbcf-4070-b7b1-3b3c65b6a699#0:FAIL-t267] and 0 exception(s); df12c920-952d-4704-9c70-1a288e2f77c7@group-75987F7FE399:t267, leader=null, voted=df12c920-952d-4704-9c70-1a288e2f77c7, raftlog=df12c920-952d-4704-9c70-1a288e2f77c7@group-75987F7FE399-SegmentedRaftLog:OPENED:c-1,f-1,i0, conf=-1: [875da3d9-0dec-46c7-88bf-73f7a2372b64:192.168.69.89:39990, df12c920-952d-4704-9c70-1a288e2f77c7:192.168.69.89:43948, 9ceef694-dbcf-4070-b7b1-3b3c65b6a699:192.168.69.89:36536], old=null
2019-10-20 10:28:44,576 [df12c920-952d-4704-9c70-1a288e2f77c7@group-75987F7FE399-LeaderElection234] INFO  impl.RaftServerImpl (RaftServerImpl.java:setRole(184)) - df12c920-952d-4704-9c70-1a288e2f77c7@group-75987F7FE399: changes role from CANDIDATE to FOLLOWER at term 267 for DISCOVERED_A_NEW_TERM
2019-10-20 10:28:44,576 [df12c920-952d-4704-9c70-1a288e2f77c7@group-75987F7FE399-LeaderElection234] INFO  impl.RoleInfo (RoleInfo.java:shutdownLeaderElection(134)) - df12c920-952d-4704-9c70-1a288e2f77c7: shutdown LeaderElection
2019-10-20 10:28:44,576 [df12c920-952d-4704-9c70-1a288e2f77c7@group-75987F7FE399-LeaderElection234] INFO  impl.RoleInfo (RoleInfo.java:updateAndGet(143)) - df12c920-952d-4704-9c70-1a288e2f77c7: start FollowerState
2019-10-20 10:28:44,746 [Thread-1835] INFO  impl.FollowerState (FollowerState.java:run(108)) - df12c920-952d-4704-9c70-1a288e2f77c7@group-75987F7FE399-FollowerState: change to CANDIDATE, lastRpcTime:170ms, electionTimeout:170ms
2019-10-20 10:28:44,747 [Thread-1835] INFO  impl.RoleInfo (RoleInfo.java:shutdownFollowerState(121)) - df12c920-952d-4704-9c70-1a288e2f77c7: shutdown FollowerState
2019-10-20 10:28:44,747 [Thread-1835] INFO  impl.RaftServerImpl (RaftServerImpl.java:setRole(184)) - df12c920-952d-4704-9c70-1a288e2f77c7@group-75987F7FE399: changes role from  FOLLOWER to CANDIDATE at term 267 for changeToCandidate
2019-10-20 10:28:44,747 [Thread-1835] INFO  impl.RoleInfo (RoleInfo.java:updateAndGet(143)) - df12c920-952d-4704-9c70-1a288e2f77c7: start LeaderElection
2019-10-20 10:28:44,760 [df12c920-952d-4704-9c70-1a288e2f77c7@group-75987F7FE399-LeaderElection235] INFO  impl.LeaderElection (LeaderElection.java:askForVotes(178)) - df12c920-952d-4704-9c70-1a288e2f77c7@group-75987F7FE399-LeaderElection235: begin an election at term 268 for -1: [875da3d9-0dec-46c7-88bf-73f7a2372b64:192.168.69.89:39990, df12c920-952d-4704-9c70-1a288e2f77c7:192.168.69.89:43948, 9ceef694-dbcf-4070-b7b1-3b3c65b6a699:192.168.69.89:36536], old=null
2019-10-20 10:28:44,763 [grpc-default-executor-3] INFO  impl.RaftServerImpl (RaftServerImpl.java:setRole(184)) - 875da3d9-0dec-46c7-88bf-73f7a2372b64@group-75987F7FE399: changes role from  FOLLOWER to FOLLOWER at term 268 for recognizeCandidate:df12c920-952d-4704-9c70-1a288e2f77c7
2019-10-20 10:28:44,763 [grpc-default-executor-4] INFO  impl.RaftServerImpl (RaftServerImpl.java:setRole(184)) - 9ceef694-dbcf-4070-b7b1-3b3c65b6a699@group-75987F7FE399: changes role from  FOLLOWER to FOLLOWER at term 268 for recognizeCandidate:df12c920-952d-4704-9c70-1a288e2f77c7
2019-10-20 10:28:44,763 [grpc-default-executor-4] INFO  impl.RoleInfo (RoleInfo.java:shutdownFollowerState(121)) - 9ceef694-dbcf-4070-b7b1-3b3c65b6a699: shutdown FollowerState
2019-10-20 10:28:44,763 [grpc-default-executor-3] INFO  impl.RoleInfo (RoleInfo.java:shutdownFollowerState(121)) - 875da3d9-0dec-46c7-88bf-73f7a2372b64: shutdown FollowerState
2019-10-20 10:28:44,763 [grpc-default-executor-4] INFO  impl.RoleInfo (RoleInfo.java:updateAndGet(143)) - 9ceef694-dbcf-4070-b7b1-3b3c65b6a699: start FollowerState
2019-10-20 10:28:44,763 [Thread-1834] INFO  impl.FollowerState (FollowerState.java:run(117)) - 9ceef694-dbcf-4070-b7b1-3b3c65b6a699@group-75987F7FE399-FollowerState was interrupted: java.lang.InterruptedException: sleep interrupted
2019-10-20 10:28:44,764 [Thread-1833] INFO  impl.FollowerState (FollowerState.java:run(117)) - 875da3d9-0dec-46c7-88bf-73f7a2372b64@group-75987F7FE399-FollowerState was interrupted: java.lang.InterruptedException: sleep interrupted
2019-10-20 10:28:44,763 [grpc-default-executor-3] INFO  impl.RoleInfo (RoleInfo.java:updateAndGet(143)) - 875da3d9-0dec-46c7-88bf-73f7a2372b64: start FollowerState
2019-10-20 10:28:44,778 [df12c920-952d-4704-9c70-1a288e2f77c7@group-75987F7FE399-LeaderElection235] INFO  impl.LeaderElection (LeaderElection.java:logAndReturn(56)) - df12c920-952d-4704-9c70-1a288e2f77c7@group-75987F7FE399-LeaderElection235: Election REJECTED; received 2 response(s) [df12c920-952d-4704-9c70-1a288e2f77c7<-875da3d9-0dec-46c7-88bf-73f7a2372b64#0:FAIL-t268, df12c920-952d-4704-9c70-1a288e2f77c7<-9ceef694-dbcf-4070-b7b1-3b3c65b6a699#0:FAIL-t268] and 0 exception(s); df12c920-952d-4704-9c70-1a288e2f77c7@group-75987F7FE399:t268, leader=null, voted=df12c920-952d-4704-9c70-1a288e2f77c7, raftlog=df12c920-952d-4704-9c70-1a288e2f77c7@group-75987F7FE399-SegmentedRaftLog:OPENED:c-1,f-1,i0, conf=-1: [875da3d9-0dec-46c7-88bf-73f7a2372b64:192.168.69.89:39990, df12c920-952d-4704-9c70-1a288e2f77c7:192.168.69.89:43948, 9ceef694-dbcf-4070-b7b1-3b3c65b6a699:192.168.69.89:36536], old=null
2019-10-20 10:28:44,778 [df12c920-952d-4704-9c70-1a288e2f77c7@group-75987F7FE399-LeaderElection235] INFO  impl.RaftServerImpl (RaftServerImpl.java:setRole(184)) - df12c920-952d-4704-9c70-1a288e2f77c7@group-75987F7FE399: changes role from CANDIDATE to FOLLOWER at term 268 for DISCOVERED_A_NEW_TERM
2019-10-20 10:28:44,778 [df12c920-952d-4704-9c70-1a288e2f77c7@group-75987F7FE399-LeaderElection235] INFO  impl.RoleInfo (RoleInfo.java:shutdownLeaderElection(134)) - df12c920-952d-4704-9c70-1a288e2f77c7: shutdown LeaderElection
2019-10-20 10:28:44,778 [df12c920-952d-4704-9c70-1a288e2f77c7@group-75987F7FE399-LeaderElection235] INFO  impl.RoleInfo (RoleInfo.java:updateAndGet(143)) - df12c920-952d-4704-9c70-1a288e2f77c7: start FollowerState
2019-10-20 10:28:44,953 [Thread-1841] INFO  impl.FollowerState (FollowerState.java:run(108)) - df12c920-952d-4704-9c70-1a288e2f77c7@group-75987F7FE399-FollowerState: change to CANDIDATE, lastRpcTime:175ms, electionTimeout:175ms
2019-10-20 10:28:44,954 [Thread-1841] INFO  impl.RoleInfo (RoleInfo.java:shutdownFollowerState(121)) - df12c920-952d-4704-9c70-1a288e2f77c7: shutdown FollowerState
2019-10-20 10:28:44,954 [Thread-1841] INFO  impl.RaftServerImpl (RaftServerImpl.java:setRole(184)) - df12c920-952d-4704-9c70-1a288e2f77c7@group-75987F7FE399: changes role from  FOLLOWER to CANDIDATE at term 268 for changeToCandidate
2019-10-20 10:28:44,954 [Thread-1841] INFO  impl.RoleInfo (RoleInfo.java:updateAndGet(143)) - df12c920-952d-4704-9c70-1a288e2f77c7: start LeaderElection
2019-10-20 10:28:44,976 [df12c920-952d-4704-9c70-1a288e2f77c7@group-75987F7FE399-LeaderElection236] INFO  impl.LeaderElection (LeaderElection.java:askForVotes(178)) - df12c920-952d-4704-9c70-1a288e2f77c7@group-75987F7FE399-LeaderElection236: begin an election at term 269 for -1: [875da3d9-0dec-46c7-88bf-73f7a2372b64:192.168.69.89:39990, df12c920-952d-4704-9c70-1a288e2f77c7:192.168.69.89:43948, 9ceef694-dbcf-4070-b7b1-3b3c65b6a699:192.168.69.89:36536], old=null
2019-10-20 10:28:44,978 [grpc-default-executor-4] INFO  impl.RaftServerImpl (RaftServerImpl.java:setRole(184)) - 875da3d9-0dec-46c7-88bf-73f7a2372b64@group-75987F7FE399: changes role from  FOLLOWER to FOLLOWER at term 269 for recognizeCandidate:df12c920-952d-4704-9c70-1a288e2f77c7
2019-10-20 10:28:44,978 [grpc-default-executor-3] INFO  impl.RaftServerImpl (RaftServerImpl.java:setRole(184)) - 9ceef694-dbcf-4070-b7b1-3b3c65b6a699@group-75987F7FE399: changes role from  FOLLOWER to FOLLOWER at term 269 for recognizeCandidate:df12c920-952d-4704-9c70-1a288e2f77c7
2019-10-20 10:28:44,979 [grpc-default-executor-4] INFO  impl.RoleInfo (RoleInfo.java:shutdownFollowerState(121)) - 875da3d9-0dec-46c7-88bf-73f7a2372b64: shutdown FollowerState
2019-10-20 10:28:44,979 [grpc-default-executor-3] INFO  impl.RoleInfo (RoleInfo.java:shutdownFollowerState(121)) - 9ceef694-dbcf-4070-b7b1-3b3c65b6a699: shutdown FollowerState
2019-10-20 10:28:44,979 [Thread-1840] INFO  impl.FollowerState (FollowerState.java:run(117)) - 875da3d9-0dec-46c7-88bf-73f7a2372b64@group-75987F7FE399-FollowerState was interrupted: java.lang.InterruptedException: sleep interrupted
2019-10-20 10:28:44,979 [grpc-default-executor-4] INFO  impl.RoleInfo (RoleInfo.java:updateAndGet(143)) - 875da3d9-0dec-46c7-88bf-73f7a2372b64: start FollowerState
2019-10-20 10:28:44,979 [Thread-1839] INFO  impl.FollowerState (FollowerState.java:run(117)) - 9ceef694-dbcf-4070-b7b1-3b3c65b6a699@group-75987F7FE399-FollowerState was interrupted: java.lang.InterruptedException: sleep interrupted
2019-10-20 10:28:44,979 [grpc-default-executor-3] INFO  impl.RoleInfo (RoleInfo.java:updateAndGet(143)) - 9ceef694-dbcf-4070-b7b1-3b3c65b6a699: start FollowerState
2019-10-20 10:28:44,994 [df12c920-952d-4704-9c70-1a288e2f77c7@group-75987F7FE399-LeaderElection236] INFO  impl.LeaderElection (LeaderElection.java:logAndReturn(56)) - df12c920-952d-4704-9c70-1a288e2f77c7@group-75987F7FE399-LeaderElection236: Election REJECTED; received 2 response(s) [df12c920-952d-4704-9c70-1a288e2f77c7<-875da3d9-0dec-46c7-88bf-73f7a2372b64#0:FAIL-t269, df12c920-952d-4704-9c70-1a288e2f77c7<-9ceef694-dbcf-4070-b7b1-3b3c65b6a699#0:FAIL-t269] and 0 exception(s); df12c920-952d-4704-9c70-1a288e2f77c7@group-75987F7FE399:t269, leader=null, voted=df12c920-952d-4704-9c70-1a288e2f77c7, raftlog=df12c920-952d-4704-9c70-1a288e2f77c7@group-75987F7FE399-SegmentedRaftLog:OPENED:c-1,f-1,i0, conf=-1: [875da3d9-0dec-46c7-88bf-73f7a2372b64:192.168.69.89:39990, df12c920-952d-4704-9c70-1a288e2f77c7:192.168.69.89:43948, 9ceef694-dbcf-4070-b7b1-3b3c65b6a699:192.168.69.89:36536], old=null
2019-10-20 10:28:44,994 [df12c920-952d-4704-9c70-1a288e2f77c7@group-75987F7FE399-LeaderElection236] INFO  impl.RaftServerImpl (RaftServerImpl.java:setRole(184)) - df12c920-952d-4704-9c70-1a288e2f77c7@group-75987F7FE399: changes role from CANDIDATE to FOLLOWER at term 269 for DISCOVERED_A_NEW_TERM
2019-10-20 10:28:44,995 [df12c920-952d-4704-9c70-1a288e2f77c7@group-75987F7FE399-LeaderElection236] INFO  impl.RoleInfo (RoleInfo.java:shutdownLeaderElection(134)) - df12c920-952d-4704-9c70-1a288e2f77c7: shutdown LeaderElection
2019-10-20 10:28:44,995 [df12c920-952d-4704-9c70-1a288e2f77c7@group-75987F7FE399-LeaderElection236] INFO  impl.RoleInfo (RoleInfo.java:updateAndGet(143)) - df12c920-952d-4704-9c70-1a288e2f77c7: start FollowerState
2019-10-20 10:28:45,039 [Thread-1847] INFO  impl.FollowerState (FollowerState.java:run(108)) - df12c920-952d-4704-9c70-1a288e2f77c7@group-75987F7FE399-FollowerState: change to CANDIDATE, lastRpcTime:44ms, electionTimeout:44ms
2019-10-20 10:28:45,039 [Thread-1847] INFO  impl.RoleInfo (RoleInfo.java:shutdownFollowerState(121)) - df12c920-952d-4704-9c70-1a288e2f77c7: shutdown FollowerState
2019-10-20 10:28:45,039 [Thread-1847] INFO  impl.RaftServerImpl (RaftServerImpl.java:setRole(184)) - df12c920-952d-4704-9c70-1a288e2f77c7@group-75987F7FE399: changes role from  FOLLOWER to CANDIDATE at term 269 for changeToCandidate
2019-10-20 10:28:45,040 [Thread-1847] INFO  impl.RoleInfo (RoleInfo.java:updateAndGet(143)) - df12c920-952d-4704-9c70-1a288e2f77c7: start LeaderElection
2019-10-20 10:28:45,052 [df12c920-952d-4704-9c70-1a288e2f77c7@group-75987F7FE399-LeaderElection237] INFO  impl.LeaderElection (LeaderElection.java:askForVotes(178)) - df12c920-952d-4704-9c70-1a288e2f77c7@group-75987F7FE399-LeaderElection237: begin an election at term 270 for -1: [875da3d9-0dec-46c7-88bf-73f7a2372b64:192.168.69.89:39990, df12c920-952d-4704-9c70-1a288e2f77c7:192.168.69.89:43948, 9ceef694-dbcf-4070-b7b1-3b3c65b6a699:192.168.69.89:36536], old=null
2019-10-20 10:28:45,054 [grpc-default-executor-4] INFO  impl.RaftServerImpl (RaftServerImpl.java:setRole(184)) - 875da3d9-0dec-46c7-88bf-73f7a2372b64@group-75987F7FE399: changes role from  FOLLOWER to FOLLOWER at term 270 for recognizeCandidate:df12c920-952d-4704-9c70-1a288e2f77c7
2019-10-20 10:28:45,055 [grpc-default-executor-4] INFO  impl.RoleInfo (RoleInfo.java:shutdownFollowerState(121)) - 875da3d9-0dec-46c7-88bf-73f7a2372b64: shutdown FollowerState
2019-10-20 10:28:45,054 [grpc-default-executor-3] INFO  impl.RaftServerImpl (RaftServerImpl.java:setRole(184)) - 9ceef694-dbcf-4070-b7b1-3b3c65b6a699@group-75987F7FE399: changes role from  FOLLOWER to FOLLOWER at term 270 for recognizeCandidate:df12c920-952d-4704-9c70-1a288e2f77c7
2019-10-20 10:28:45,055 [Thread-1845] INFO  impl.FollowerState (FollowerState.java:run(117)) - 875da3d9-0dec-46c7-88bf-73f7a2372b64@group-75987F7FE399-FollowerState was interrupted: java.lang.InterruptedException: sleep interrupted
2019-10-20 10:28:45,055 [grpc-default-executor-4] INFO  impl.RoleInfo (RoleInfo.java:updateAndGet(143)) - 875da3d9-0dec-46c7-88bf-73f7a2372b64: start FollowerState
2019-10-20 10:28:45,055 [grpc-default-executor-3] INFO  impl.RoleInfo (RoleInfo.java:shutdownFollowerState(121)) - 9ceef694-dbcf-4070-b7b1-3b3c65b6a699: shutdown FollowerState
2019-10-20 10:28:45,055 [grpc-default-executor-3] INFO  impl.RoleInfo (RoleInfo.java:updateAndGet(143)) - 9ceef694-dbcf-4070-b7b1-3b3c65b6a699: start FollowerState
2019-10-20 10:28:45,055 [Thread-1846] INFO  impl.FollowerState (FollowerState.java:run(117)) - 9ceef694-dbcf-4070-b7b1-3b3c65b6a699@group-75987F7FE399-FollowerState was interrupted: java.lang.InterruptedException: sleep interrupted
2019-10-20 10:28:45,081 [df12c920-952d-4704-9c70-1a288e2f77c7@group-75987F7FE399-LeaderElection237] INFO  impl.LeaderElection (LeaderElection.java:logAndReturn(56)) - df12c920-952d-4704-9c70-1a288e2f77c7@group-75987F7FE399-LeaderElection237: Election REJECTED; received 2 response(s) [df12c920-952d-4704-9c70-1a288e2f77c7<-875da3d9-0dec-46c7-88bf-73f7a2372b64#0:FAIL-t270, df12c920-952d-4704-9c70-1a288e2f77c7<-9ceef694-dbcf-4070-b7b1-3b3c65b6a699#0:FAIL-t270] and 0 exception(s); df12c920-952d-4704-9c70-1a288e2f77c7@group-75987F7FE399:t270, leader=null, voted=df12c920-952d-4704-9c70-1a288e2f77c7, raftlog=df12c920-952d-4704-9c70-1a288e2f77c7@group-75987F7FE399-SegmentedRaftLog:OPENED:c-1,f-1,i0, conf=-1: [875da3d9-0dec-46c7-88bf-73f7a2372b64:192.168.69.89:39990, df12c920-952d-4704-9c70-1a288e2f77c7:192.168.69.89:43948, 9ceef694-dbcf-4070-b7b1-3b3c65b6a699:192.168.69.89:36536], old=null
2019-10-20 10:28:45,081 [df12c920-952d-4704-9c70-1a288e2f77c7@group-75987F7FE399-LeaderElection237] INFO  impl.RaftServerImpl (RaftServerImpl.java:setRole(184)) - df12c920-952d-4704-9c70-1a288e2f77c7@group-75987F7FE399: changes role from CANDIDATE to FOLLOWER at term 270 for DISCOVERED_A_NEW_TERM
2019-10-20 10:28:45,081 [df12c920-952d-4704-9c70-1a288e2f77c7@group-75987F7FE399-LeaderElection237] INFO  impl.RoleInfo (RoleInfo.java:shutdownLeaderElection(134)) - df12c920-952d-4704-9c70-1a288e2f77c7: shutdown LeaderElection
2019-10-20 10:28:45,082 [df12c920-952d-4704-9c70-1a288e2f77c7@group-75987F7FE399-LeaderElection237] INFO  impl.RoleInfo (RoleInfo.java:updateAndGet(143)) - df12c920-952d-4704-9c70-1a288e2f77c7: start FollowerState
2019-10-20 10:28:45,162 [Thread-1854] INFO  impl.FollowerState (FollowerState.java:run(108)) - df12c920-952d-4704-9c70-1a288e2f77c7@group-75987F7FE399-FollowerState: change to CANDIDATE, lastRpcTime:80ms, electionTimeout:80ms
2019-10-20 10:28:45,162 [Thread-1854] INFO  impl.RoleInfo (RoleInfo.java:shutdownFollowerState(121)) - df12c920-952d-4704-9c70-1a288e2f77c7: shutdown FollowerState
2019-10-20 10:28:45,162 [Thread-1854] INFO  impl.RaftServerImpl (RaftServerImpl.java:setRole(184)) - df12c920-952d-4704-9c70-1a288e2f77c7@group-75987F7FE399: changes role from  FOLLOWER to CANDIDATE at term 270 for changeToCandidate
2019-10-20 10:28:45,163 [Thread-1854] INFO  impl.RoleInfo (RoleInfo.java:updateAndGet(143)) - df12c920-952d-4704-9c70-1a288e2f77c7: start LeaderElection
2019-10-20 10:28:45,175 [df12c920-952d-4704-9c70-1a288e2f77c7@group-75987F7FE399-LeaderElection238] INFO  impl.LeaderElection (LeaderElection.java:askForVotes(178)) - df12c920-952d-4704-9c70-1a288e2f77c7@group-75987F7FE399-LeaderElection238: begin an election at term 271 for -1: [875da3d9-0dec-46c7-88bf-73f7a2372b64:192.168.69.89:39990, df12c920-952d-4704-9c70-1a288e2f77c7:192.168.69.89:43948, 9ceef694-dbcf-4070-b7b1-3b3c65b6a699:192.168.69.89:36536], old=null
2019-10-20 10:28:45,178 [grpc-default-executor-4] INFO  impl.RaftServerImpl (RaftServerImpl.java:setRole(184)) - 9ceef694-dbcf-4070-b7b1-3b3c65b6a699@group-75987F7FE399: changes role from  FOLLOWER to FOLLOWER at term 271 for recognizeCandidate:df12c920-952d-4704-9c70-1a288e2f77c7
2019-10-20 10:28:45,178 [grpc-default-executor-4] INFO  impl.RoleInfo (RoleInfo.java:shutdownFollowerState(121)) - 9ceef694-dbcf-4070-b7b1-3b3c65b6a699: shutdown FollowerState
2019-10-20 10:28:45,178 [grpc-default-executor-3] INFO  impl.RaftServerImpl (RaftServerImpl.java:setRole(184)) - 875da3d9-0dec-46c7-88bf-73f7a2372b64@group-75987F7FE399: changes role from  FOLLOWER to FOLLOWER at term 271 for recognizeCandidate:df12c920-952d-4704-9c70-1a288e2f77c7
2019-10-20 10:28:45,178 [Thread-1852] INFO  impl.FollowerState (FollowerState.java:run(117)) - 9ceef694-dbcf-4070-b7b1-3b3c65b6a699@group-75987F7FE399-FollowerState was interrupted: java.lang.InterruptedException: sleep interrupted
2019-10-20 10:28:45,178 [grpc-default-executor-4] INFO  impl.RoleInfo (RoleInfo.java:updateAndGet(143)) - 9ceef694-dbcf-4070-b7b1-3b3c65b6a699: start FollowerState
2019-10-20 10:28:45,178 [grpc-default-executor-3] INFO  impl.RoleInfo (RoleInfo.java:shutdownFollowerState(121)) - 875da3d9-0dec-46c7-88bf-73f7a2372b64: shutdown FollowerState
2019-10-20 10:28:45,178 [grpc-default-executor-3] INFO  impl.RoleInfo (RoleInfo.java:updateAndGet(143)) - 875da3d9-0dec-46c7-88bf-73f7a2372b64: start FollowerState
2019-10-20 10:28:45,178 [Thread-1851] INFO  impl.FollowerState (FollowerState.java:run(117)) - 875da3d9-0dec-46c7-88bf-73f7a2372b64@group-75987F7FE399-FollowerState was interrupted: java.lang.InterruptedException: sleep interrupted
2019-10-20 10:28:45,185 [df12c920-952d-4704-9c70-1a288e2f77c7@group-75987F7FE399-LeaderElection238] INFO  impl.LeaderElection (LeaderElection.java:logAndReturn(56)) - df12c920-952d-4704-9c70-1a288e2f77c7@group-75987F7FE399-LeaderElection238: Election REJECTED; received 2 response(s) [df12c920-952d-4704-9c70-1a288e2f77c7<-875da3d9-0dec-46c7-88bf-73f7a2372b64#0:FAIL-t271, df12c920-952d-4704-9c70-1a288e2f77c7<-9ceef694-dbcf-4070-b7b1-3b3c65b6a699#0:FAIL-t271] and 0 exception(s); df12c920-952d-4704-9c70-1a288e2f77c7@group-75987F7FE399:t271, leader=null, voted=df12c920-952d-4704-9c70-1a288e2f77c7, raftlog=df12c920-952d-4704-9c70-1a288e2f77c7@group-75987F7FE399-SegmentedRaftLog:OPENED:c-1,f-1,i0, conf=-1: [875da3d9-0dec-46c7-88bf-73f7a2372b64:192.168.69.89:39990, df12c920-952d-4704-9c70-1a288e2f77c7:192.168.69.89:43948, 9ceef694-dbcf-4070-b7b1-3b3c65b6a699:192.168.69.89:36536], old=null
2019-10-20 10:28:45,185 [df12c920-952d-4704-9c70-1a288e2f77c7@group-75987F7FE399-LeaderElection238] INFO  impl.RaftServerImpl (RaftServerImpl.java:setRole(184)) - df12c920-952d-4704-9c70-1a288e2f77c7@group-75987F7FE399: changes role from CANDIDATE to FOLLOWER at term 271 for DISCOVERED_A_NEW_TERM
2019-10-20 10:28:45,185 [df12c920-952d-4704-9c70-1a288e2f77c7@group-75987F7FE399-LeaderElection238] INFO  impl.RoleInfo (RoleInfo.java:shutdownLeaderElection(134)) - df12c920-952d-4704-9c70-1a288e2f77c7: shutdown LeaderElection
2019-10-20 10:28:45,185 [df12c920-952d-4704-9c70-1a288e2f77c7@group-75987F7FE399-LeaderElection238] INFO  impl.RoleInfo (RoleInfo.java:updateAndGet(143)) - df12c920-952d-4704-9c70-1a288e2f77c7: start FollowerState
2019-10-20 10:28:45,267 [Thread-1861] INFO  impl.FollowerState (FollowerState.java:run(108)) - df12c920-952d-4704-9c70-1a288e2f77c7@group-75987F7FE399-FollowerState: change to CANDIDATE, lastRpcTime:82ms, electionTimeout:82ms
2019-10-20 10:28:45,267 [Thread-1861] INFO  impl.RoleInfo (RoleInfo.java:shutdownFollowerState(121)) - df12c920-952d-4704-9c70-1a288e2f77c7: shutdown FollowerState
2019-10-20 10:28:45,268 [Thread-1861] INFO  impl.RaftServerImpl (RaftServerImpl.java:setRole(184)) - df12c920-952d-4704-9c70-1a288e2f77c7@group-75987F7FE399: changes role from  FOLLOWER to CANDIDATE at term 271 for changeToCandidate
2019-10-20 10:28:45,268 [Thread-1861] INFO  impl.RoleInfo (RoleInfo.java:updateAndGet(143)) - df12c920-952d-4704-9c70-1a288e2f77c7: start LeaderElection
2019-10-20 10:28:45,293 [df12c920-952d-4704-9c70-1a288e2f77c7@group-75987F7FE399-LeaderElection239] INFO  impl.LeaderElection (LeaderElection.java:askForVotes(178)) - df12c920-952d-4704-9c70-1a288e2f77c7@group-75987F7FE399-LeaderElection239: begin an election at term 272 for -1: [875da3d9-0dec-46c7-88bf-73f7a2372b64:192.168.69.89:39990, df12c920-952d-4704-9c70-1a288e2f77c7:192.168.69.89:43948, 9ceef694-dbcf-4070-b7b1-3b3c65b6a699:192.168.69.89:36536], old=null
2019-10-20 10:28:45,296 [grpc-default-executor-4] INFO  impl.RaftServerImpl (RaftServerImpl.java:setRole(184)) - 875da3d9-0dec-46c7-88bf-73f7a2372b64@group-75987F7FE399: changes role from  FOLLOWER to FOLLOWER at term 272 for recognizeCandidate:df12c920-952d-4704-9c70-1a288e2f77c7
2019-10-20 10:28:45,296 [grpc-default-executor-4] INFO  impl.RoleInfo (RoleInfo.java:shutdownFollowerState(121)) - 875da3d9-0dec-46c7-88bf-73f7a2372b64: shutdown FollowerState
2019-10-20 10:28:45,296 [grpc-default-executor-3] INFO  impl.RaftServerImpl (RaftServerImpl.java:setRole(184)) - 9ceef694-dbcf-4070-b7b1-3b3c65b6a699@group-75987F7FE399: changes role from  FOLLOWER to FOLLOWER at term 272 for recognizeCandidate:df12c920-952d-4704-9c70-1a288e2f77c7
2019-10-20 10:28:45,296 [Thread-1860] INFO  impl.FollowerState (FollowerState.java:run(117)) - 875da3d9-0dec-46c7-88bf-73f7a2372b64@group-75987F7FE399-FollowerState was interrupted: java.lang.InterruptedException: sleep interrupted
2019-10-20 10:28:45,296 [grpc-default-executor-4] INFO  impl.RoleInfo (RoleInfo.java:updateAndGet(143)) - 875da3d9-0dec-46c7-88bf-73f7a2372b64: start FollowerState
2019-10-20 10:28:45,296 [grpc-default-executor-3] INFO  impl.RoleInfo (RoleInfo.java:shutdownFollowerState(121)) - 9ceef694-dbcf-4070-b7b1-3b3c65b6a699: shutdown FollowerState
2019-10-20 10:28:45,297 [grpc-default-executor-3] INFO  impl.RoleInfo (RoleInfo.java:updateAndGet(143)) - 9ceef694-dbcf-4070-b7b1-3b3c65b6a699: start FollowerState
2019-10-20 10:28:45,297 [Thread-1859] INFO  impl.FollowerState (FollowerState.java:run(117)) - 9ceef694-dbcf-4070-b7b1-3b3c65b6a699@group-75987F7FE399-FollowerState was interrupted: java.lang.InterruptedException: sleep interrupted
2019-10-20 10:28:45,312 [df12c920-952d-4704-9c70-1a288e2f77c7@group-75987F7FE399-LeaderElection239] INFO  impl.LeaderElection (LeaderElection.java:logAndReturn(56)) - df12c920-952d-4704-9c70-1a288e2f77c7@group-75987F7FE399-LeaderElection239: Election REJECTED; received 2 response(s) [df12c920-952d-4704-9c70-1a288e2f77c7<-875da3d9-0dec-46c7-88bf-73f7a2372b64#0:FAIL-t272, df12c920-952d-4704-9c70-1a288e2f77c7<-9ceef694-dbcf-4070-b7b1-3b3c65b6a699#0:FAIL-t272] and 0 exception(s); df12c920-952d-4704-9c70-1a288e2f77c7@group-75987F7FE399:t272, leader=null, voted=df12c920-952d-4704-9c70-1a288e2f77c7, raftlog=df12c920-952d-4704-9c70-1a288e2f77c7@group-75987F7FE399-SegmentedRaftLog:OPENED:c-1,f-1,i0, conf=-1: [875da3d9-0dec-46c7-88bf-73f7a2372b64:192.168.69.89:39990, df12c920-952d-4704-9c70-1a288e2f77c7:192.168.69.89:43948, 9ceef694-dbcf-4070-b7b1-3b3c65b6a699:192.168.69.89:36536], old=null
2019-10-20 10:28:45,312 [df12c920-952d-4704-9c70-1a288e2f77c7@group-75987F7FE399-LeaderElection239] INFO  impl.RaftServerImpl (RaftServerImpl.java:setRole(184)) - df12c920-952d-4704-9c70-1a288e2f77c7@group-75987F7FE399: changes role from CANDIDATE to FOLLOWER at term 272 for DISCOVERED_A_NEW_TERM
2019-10-20 10:28:45,312 [df12c920-952d-4704-9c70-1a288e2f77c7@group-75987F7FE399-LeaderElection239] INFO  impl.RoleInfo (RoleInfo.java:shutdownLeaderElection(134)) - df12c920-952d-4704-9c70-1a288e2f77c7: shutdown LeaderElection
2019-10-20 10:28:45,312 [df12c920-952d-4704-9c70-1a288e2f77c7@group-75987F7FE399-LeaderElection239] INFO  impl.RoleInfo (RoleInfo.java:updateAndGet(143)) - df12c920-952d-4704-9c70-1a288e2f77c7: start FollowerState
2019-10-20 10:28:45,486 [Thread-1867] INFO  impl.FollowerState (FollowerState.java:run(108)) - df12c920-952d-4704-9c70-1a288e2f77c7@group-75987F7FE399-FollowerState: change to CANDIDATE, lastRpcTime:174ms, electionTimeout:174ms
2019-10-20 10:28:45,487 [Thread-1867] INFO  impl.RoleInfo (RoleInfo.java:shutdownFollowerState(121)) - df12c920-952d-4704-9c70-1a288e2f77c7: shutdown FollowerState
2019-10-20 10:28:45,487 [Thread-1867] INFO  impl.RaftServerImpl (RaftServerImpl.java:setRole(184)) - df12c920-952d-4704-9c70-1a288e2f77c7@group-75987F7FE399: changes role from  FOLLOWER to CANDIDATE at term 272 for changeToCandidate
2019-10-20 10:28:45,487 [Thread-1867] INFO  impl.RoleInfo (RoleInfo.java:updateAndGet(143)) - df12c920-952d-4704-9c70-1a288e2f77c7: start LeaderElection
2019-10-20 10:28:45,498 [df12c920-952d-4704-9c70-1a288e2f77c7@group-75987F7FE399-LeaderElection240] INFO  impl.LeaderElection (LeaderElection.java:askForVotes(178)) - df12c920-952d-4704-9c70-1a288e2f77c7@group-75987F7FE399-LeaderElection240: begin an election at term 273 for -1: [875da3d9-0dec-46c7-88bf-73f7a2372b64:192.168.69.89:39990, df12c920-952d-4704-9c70-1a288e2f77c7:192.168.69.89:43948, 9ceef694-dbcf-4070-b7b1-3b3c65b6a699:192.168.69.89:36536], old=null
2019-10-20 10:28:45,501 [grpc-default-executor-4] INFO  impl.RaftServerImpl (RaftServerImpl.java:setRole(184)) - 875da3d9-0dec-46c7-88bf-73f7a2372b64@group-75987F7FE399: changes role from  FOLLOWER to FOLLOWER at term 273 for recognizeCandidate:df12c920-952d-4704-9c70-1a288e2f77c7
2019-10-20 10:28:45,501 [grpc-default-executor-4] INFO  impl.RoleInfo (RoleInfo.java:shutdownFollowerState(121)) - 875da3d9-0dec-46c7-88bf-73f7a2372b64: shutdown FollowerState
2019-10-20 10:28:45,501 [grpc-default-executor-3] INFO  impl.RaftServerImpl (RaftServerImpl.java:setRole(184)) - 9ceef694-dbcf-4070-b7b1-3b3c65b6a699@group-75987F7FE399: changes role from  FOLLOWER to FOLLOWER at term 273 for recognizeCandidate:df12c920-952d-4704-9c70-1a288e2f77c7
2019-10-20 10:28:45,501 [grpc-default-executor-3] INFO  impl.RoleInfo (RoleInfo.java:shutdownFollowerState(121)) - 9ceef694-dbcf-4070-b7b1-3b3c65b6a699: shutdown FollowerState
2019-10-20 10:28:45,501 [Thread-1865] INFO  impl.FollowerState (FollowerState.java:run(117)) - 875da3d9-0dec-46c7-88bf-73f7a2372b64@group-75987F7FE399-FollowerState was interrupted: java.lang.InterruptedException: sleep interrupted
2019-10-20 10:28:45,501 [grpc-default-executor-4] INFO  impl.RoleInfo (RoleInfo.java:updateAndGet(143)) - 875da3d9-0dec-46c7-88bf-73f7a2372b64: start FollowerState
2019-10-20 10:28:45,501 [Thread-1866] INFO  impl.FollowerState (FollowerState.java:run(117)) - 9ceef694-dbcf-4070-b7b1-3b3c65b6a699@group-75987F7FE399-FollowerState was interrupted: java.lang.InterruptedException: sleep interrupted
2019-10-20 10:28:45,501 [grpc-default-executor-3] INFO  impl.RoleInfo (RoleInfo.java:updateAndGet(143)) - 9ceef694-dbcf-4070-b7b1-3b3c65b6a699: start FollowerState
2019-10-20 10:28:45,517 [df12c920-952d-4704-9c70-1a288e2f77c7@group-75987F7FE399-LeaderElection240] INFO  impl.LeaderElection (LeaderElection.java:logAndReturn(56)) - df12c920-952d-4704-9c70-1a288e2f77c7@group-75987F7FE399-LeaderElection240: Election REJECTED; received 2 response(s) [df12c920-952d-4704-9c70-1a288e2f77c7<-875da3d9-0dec-46c7-88bf-73f7a2372b64#0:FAIL-t273, df12c920-952d-4704-9c70-1a288e2f77c7<-9ceef694-dbcf-4070-b7b1-3b3c65b6a699#0:FAIL-t273] and 0 exception(s); df12c920-952d-4704-9c70-1a288e2f77c7@group-75987F7FE399:t273, leader=null, voted=df12c920-952d-4704-9c70-1a288e2f77c7, raftlog=df12c920-952d-4704-9c70-1a288e2f77c7@group-75987F7FE399-SegmentedRaftLog:OPENED:c-1,f-1,i0, conf=-1: [875da3d9-0dec-46c7-88bf-73f7a2372b64:192.168.69.89:39990, df12c920-952d-4704-9c70-1a288e2f77c7:192.168.69.89:43948, 9ceef694-dbcf-4070-b7b1-3b3c65b6a699:192.168.69.89:36536], old=null
2019-10-20 10:28:45,517 [df12c920-952d-4704-9c70-1a288e2f77c7@group-75987F7FE399-LeaderElection240] INFO  impl.RaftServerImpl (RaftServerImpl.java:setRole(184)) - df12c920-952d-4704-9c70-1a288e2f77c7@group-75987F7FE399: changes role from CANDIDATE to FOLLOWER at term 273 for DISCOVERED_A_NEW_TERM
2019-10-20 10:28:45,517 [df12c920-952d-4704-9c70-1a288e2f77c7@group-75987F7FE399-LeaderElection240] INFO  impl.RoleInfo (RoleInfo.java:shutdownLeaderElection(134)) - df12c920-952d-4704-9c70-1a288e2f77c7: shutdown LeaderElection
2019-10-20 10:28:45,518 [df12c920-952d-4704-9c70-1a288e2f77c7@group-75987F7FE399-LeaderElection240] INFO  impl.RoleInfo (RoleInfo.java:updateAndGet(143)) - df12c920-952d-4704-9c70-1a288e2f77c7: start FollowerState
2019-10-20 10:28:45,579 [Thread-1873] INFO  impl.FollowerState (FollowerState.java:run(108)) - df12c920-952d-4704-9c70-1a288e2f77c7@group-75987F7FE399-FollowerState: change to CANDIDATE, lastRpcTime:61ms, electionTimeout:61ms
2019-10-20 10:28:45,579 [Thread-1873] INFO  impl.RoleInfo (RoleInfo.java:shutdownFollowerState(121)) - df12c920-952d-4704-9c70-1a288e2f77c7: shutdown FollowerState
2019-10-20 10:28:45,579 [Thread-1873] INFO  impl.RaftServerImpl (RaftServerImpl.java:setRole(184)) - df12c920-952d-4704-9c70-1a288e2f77c7@group-75987F7FE399: changes role from  FOLLOWER to CANDIDATE at term 273 for changeToCandidate
2019-10-20 10:28:45,579 [Thread-1873] INFO  impl.RoleInfo (RoleInfo.java:updateAndGet(143)) - df12c920-952d-4704-9c70-1a288e2f77c7: start LeaderElection
2019-10-20 10:28:45,593 [df12c920-952d-4704-9c70-1a288e2f77c7@group-75987F7FE399-LeaderElection241] INFO  impl.LeaderElection (LeaderElection.java:askForVotes(178)) - df12c920-952d-4704-9c70-1a288e2f77c7@group-75987F7FE399-LeaderElection241: begin an election at term 274 for -1: [875da3d9-0dec-46c7-88bf-73f7a2372b64:192.168.69.89:39990, df12c920-952d-4704-9c70-1a288e2f77c7:192.168.69.89:43948, 9ceef694-dbcf-4070-b7b1-3b3c65b6a699:192.168.69.89:36536], old=null
2019-10-20 10:28:45,595 [grpc-default-executor-3] INFO  impl.RaftServerImpl (RaftServerImpl.java:setRole(184)) - 875da3d9-0dec-46c7-88bf-73f7a2372b64@group-75987F7FE399: changes role from  FOLLOWER to FOLLOWER at term 274 for recognizeCandidate:df12c920-952d-4704-9c70-1a288e2f77c7
2019-10-20 10:28:45,595 [grpc-default-executor-3] INFO  impl.RoleInfo (RoleInfo.java:shutdownFollowerState(121)) - 875da3d9-0dec-46c7-88bf-73f7a2372b64: shutdown FollowerState
2019-10-20 10:28:45,595 [grpc-default-executor-4] INFO  impl.RaftServerImpl (RaftServerImpl.java:setRole(184)) - 9ceef694-dbcf-4070-b7b1-3b3c65b6a699@group-75987F7FE399: changes role from  FOLLOWER to FOLLOWER at term 274 for recognizeCandidate:df12c920-952d-4704-9c70-1a288e2f77c7
2019-10-20 10:28:45,595 [grpc-default-executor-4] INFO  impl.RoleInfo (RoleInfo.java:shutdownFollowerState(121)) - 9ceef694-dbcf-4070-b7b1-3b3c65b6a699: shutdown FollowerState
2019-10-20 10:28:45,595 [Thread-1871] INFO  impl.FollowerState (FollowerState.java:run(117)) - 875da3d9-0dec-46c7-88bf-73f7a2372b64@group-75987F7FE399-FollowerState was interrupted: java.lang.InterruptedException: sleep interrupted
2019-10-20 10:28:45,595 [grpc-default-executor-3] INFO  impl.RoleInfo (RoleInfo.java:updateAndGet(143)) - 875da3d9-0dec-46c7-88bf-73f7a2372b64: start FollowerState
2019-10-20 10:28:45,595 [Thread-1872] INFO  impl.FollowerState (FollowerState.java:run(117)) - 9ceef694-dbcf-4070-b7b1-3b3c65b6a699@group-75987F7FE399-FollowerState was interrupted: java.lang.InterruptedException: sleep interrupted
2019-10-20 10:28:45,595 [grpc-default-executor-4] INFO  impl.RoleInfo (RoleInfo.java:updateAndGet(143)) - 9ceef694-dbcf-4070-b7b1-3b3c65b6a699: start FollowerState
2019-10-20 10:28:45,610 [df12c920-952d-4704-9c70-1a288e2f77c7@group-75987F7FE399-LeaderElection241] INFO  impl.LeaderElection (LeaderElection.java:logAndReturn(56)) - df12c920-952d-4704-9c70-1a288e2f77c7@group-75987F7FE399-LeaderElection241: Election REJECTED; received 2 response(s) [df12c920-952d-4704-9c70-1a288e2f77c7<-875da3d9-0dec-46c7-88bf-73f7a2372b64#0:FAIL-t274, df12c920-952d-4704-9c70-1a288e2f77c7<-9ceef694-dbcf-4070-b7b1-3b3c65b6a699#0:FAIL-t274] and 0 exception(s); df12c920-952d-4704-9c70-1a288e2f77c7@group-75987F7FE399:t274, leader=null, voted=df12c920-952d-4704-9c70-1a288e2f77c7, raftlog=df12c920-952d-4704-9c70-1a288e2f77c7@group-75987F7FE399-SegmentedRaftLog:OPENED:c-1,f-1,i0, conf=-1: [875da3d9-0dec-46c7-88bf-73f7a2372b64:192.168.69.89:39990, df12c920-952d-4704-9c70-1a288e2f77c7:192.168.69.89:43948, 9ceef694-dbcf-4070-b7b1-3b3c65b6a699:192.168.69.89:36536], old=null
2019-10-20 10:28:45,610 [df12c920-952d-4704-9c70-1a288e2f77c7@group-75987F7FE399-LeaderElection241] INFO  impl.RaftServerImpl (RaftServerImpl.java:setRole(184)) - df12c920-952d-4704-9c70-1a288e2f77c7@group-75987F7FE399: changes role from CANDIDATE to FOLLOWER at term 274 for DISCOVERED_A_NEW_TERM
2019-10-20 10:28:45,611 [df12c920-952d-4704-9c70-1a288e2f77c7@group-75987F7FE399-LeaderElection241] INFO  impl.RoleInfo (RoleInfo.java:shutdownLeaderElection(134)) - df12c920-952d-4704-9c70-1a288e2f77c7: shutdown LeaderElection
2019-10-20 10:28:45,611 [df12c920-952d-4704-9c70-1a288e2f77c7@group-75987F7FE399-LeaderElection241] INFO  impl.RoleInfo (RoleInfo.java:updateAndGet(143)) - df12c920-952d-4704-9c70-1a288e2f77c7: start FollowerState
2019-10-20 10:28:45,632 [Thread-1879] INFO  impl.FollowerState (FollowerState.java:run(108)) - df12c920-952d-4704-9c70-1a288e2f77c7@group-75987F7FE399-FollowerState: change to CANDIDATE, lastRpcTime:21ms, electionTimeout:21ms
2019-10-20 10:28:45,632 [Thread-1879] INFO  impl.RoleInfo (RoleInfo.java:shutdownFollowerState(121)) - df12c920-952d-4704-9c70-1a288e2f77c7: shutdown FollowerState
2019-10-20 10:28:45,632 [Thread-1879] INFO  impl.RaftServerImpl (RaftServerImpl.java:setRole(184)) - df12c920-952d-4704-9c70-1a288e2f77c7@group-75987F7FE399: changes role from  FOLLOWER to CANDIDATE at term 274 for changeToCandidate
2019-10-20 10:28:45,633 [Thread-1879] INFO  impl.RoleInfo (RoleInfo.java:updateAndGet(143)) - df12c920-952d-4704-9c70-1a288e2f77c7: start LeaderElection
2019-10-20 10:28:45,648 [df12c920-952d-4704-9c70-1a288e2f77c7@group-75987F7FE399-LeaderElection242] INFO  impl.LeaderElection (LeaderElection.java:askForVotes(178)) - df12c920-952d-4704-9c70-1a288e2f77c7@group-75987F7FE399-LeaderElection242: begin an election at term 275 for -1: [875da3d9-0dec-46c7-88bf-73f7a2372b64:192.168.69.89:39990, df12c920-952d-4704-9c70-1a288e2f77c7:192.168.69.89:43948, 9ceef694-dbcf-4070-b7b1-3b3c65b6a699:192.168.69.89:36536], old=null
2019-10-20 10:28:45,650 [grpc-default-executor-3] INFO  impl.RaftServerImpl (RaftServerImpl.java:setRole(184)) - 875da3d9-0dec-46c7-88bf-73f7a2372b64@group-75987F7FE399: changes role from  FOLLOWER to FOLLOWER at term 275 for recognizeCandidate:df12c920-952d-4704-9c70-1a288e2f77c7
2019-10-20 10:28:45,650 [grpc-default-executor-4] INFO  impl.RaftServerImpl (RaftServerImpl.java:setRole(184)) - 9ceef694-dbcf-4070-b7b1-3b3c65b6a699@group-75987F7FE399: changes role from  FOLLOWER to FOLLOWER at term 275 for recognizeCandidate:df12c920-952d-4704-9c70-1a288e2f77c7
2019-10-20 10:28:45,650 [grpc-default-executor-3] INFO  impl.RoleInfo (RoleInfo.java:shutdownFollowerState(121)) - 875da3d9-0dec-46c7-88bf-73f7a2372b64: shutdown FollowerState
2019-10-20 10:28:45,650 [grpc-default-executor-4] INFO  impl.RoleInfo (RoleInfo.java:shutdownFollowerState(121)) - 9ceef694-dbcf-4070-b7b1-3b3c65b6a699: shutdown FollowerState
2019-10-20 10:28:45,650 [Thread-1877] INFO  impl.FollowerState (FollowerState.java:run(117)) - 875da3d9-0dec-46c7-88bf-73f7a2372b64@group-75987F7FE399-FollowerState was interrupted: java.lang.InterruptedException: sleep interrupted
2019-10-20 10:28:45,650 [grpc-default-executor-3] INFO  impl.RoleInfo (RoleInfo.java:updateAndGet(143)) - 875da3d9-0dec-46c7-88bf-73f7a2372b64: start FollowerState
2019-10-20 10:28:45,650 [Thread-1878] INFO  impl.FollowerState (FollowerState.java:run(117)) - 9ceef694-dbcf-4070-b7b1-3b3c65b6a699@group-75987F7FE399-FollowerState was interrupted: java.lang.InterruptedException: sleep interrupted
2019-10-20 10:28:45,650 [grpc-default-executor-4] INFO  impl.RoleInfo (RoleInfo.java:updateAndGet(143)) - 9ceef694-dbcf-4070-b7b1-3b3c65b6a699: start FollowerState
2019-10-20 10:28:45,676 [df12c920-952d-4704-9c70-1a288e2f77c7@group-75987F7FE399-LeaderElection242] INFO  impl.LeaderElection (LeaderElection.java:logAndReturn(56)) - df12c920-952d-4704-9c70-1a288e2f77c7@group-75987F7FE399-LeaderElection242: Election REJECTED; received 2 response(s) [df12c920-952d-4704-9c70-1a288e2f77c7<-875da3d9-0dec-46c7-88bf-73f7a2372b64#0:FAIL-t275, df12c920-952d-4704-9c70-1a288e2f77c7<-9ceef694-dbcf-4070-b7b1-3b3c65b6a699#0:FAIL-t275] and 0 exception(s); df12c920-952d-4704-9c70-1a288e2f77c7@group-75987F7FE399:t275, leader=null, voted=df12c920-952d-4704-9c70-1a288e2f77c7, raftlog=df12c920-952d-4704-9c70-1a288e2f77c7@group-75987F7FE399-SegmentedRaftLog:OPENED:c-1,f-1,i0, conf=-1: [875da3d9-0dec-46c7-88bf-73f7a2372b64:192.168.69.89:39990, df12c920-952d-4704-9c70-1a288e2f77c7:192.168.69.89:43948, 9ceef694-dbcf-4070-b7b1-3b3c65b6a699:192.168.69.89:36536], old=null
2019-10-20 10:28:45,677 [df12c920-952d-4704-9c70-1a288e2f77c7@group-75987F7FE399-LeaderElection242] INFO  impl.RaftServerImpl (RaftServerImpl.java:setRole(184)) - df12c920-952d-4704-9c70-1a288e2f77c7@group-75987F7FE399: changes role from CANDIDATE to FOLLOWER at term 275 for DISCOVERED_A_NEW_TERM
2019-10-20 10:28:45,677 [df12c920-952d-4704-9c70-1a288e2f77c7@group-75987F7FE399-LeaderElection242] INFO  impl.RoleInfo (RoleInfo.java:shutdownLeaderElection(134)) - df12c920-952d-4704-9c70-1a288e2f77c7: shutdown LeaderElection
2019-10-20 10:28:45,677 [df12c920-952d-4704-9c70-1a288e2f77c7@group-75987F7FE399-LeaderElection242] INFO  impl.RoleInfo (RoleInfo.java:updateAndGet(143)) - df12c920-952d-4704-9c70-1a288e2f77c7: start FollowerState
2019-10-20 10:28:45,859 [Thread-1885] INFO  impl.FollowerState (FollowerState.java:run(108)) - df12c920-952d-4704-9c70-1a288e2f77c7@group-75987F7FE399-FollowerState: change to CANDIDATE, lastRpcTime:182ms, electionTimeout:182ms
2019-10-20 10:28:45,860 [Thread-1885] INFO  impl.RoleInfo (RoleInfo.java:shutdownFollowerState(121)) - df12c920-952d-4704-9c70-1a288e2f77c7: shutdown FollowerState
2019-10-20 10:28:45,860 [Thread-1885] INFO  impl.RaftServerImpl (RaftServerImpl.java:setRole(184)) - df12c920-952d-4704-9c70-1a288e2f77c7@group-75987F7FE399: changes role from  FOLLOWER to CANDIDATE at term 275 for changeToCandidate
2019-10-20 10:28:45,860 [Thread-1885] INFO  impl.RoleInfo (RoleInfo.java:updateAndGet(143)) - df12c920-952d-4704-9c70-1a288e2f77c7: start LeaderElection
2019-10-20 10:28:45,885 [df12c920-952d-4704-9c70-1a288e2f77c7@group-75987F7FE399-LeaderElection243] INFO  impl.LeaderElection (LeaderElection.java:askForVotes(178)) - df12c920-952d-4704-9c70-1a288e2f77c7@group-75987F7FE399-LeaderElection243: begin an election at term 276 for -1: [875da3d9-0dec-46c7-88bf-73f7a2372b64:192.168.69.89:39990, df12c920-952d-4704-9c70-1a288e2f77c7:192.168.69.89:43948, 9ceef694-dbcf-4070-b7b1-3b3c65b6a699:192.168.69.89:36536], old=null
2019-10-20 10:28:45,887 [grpc-default-executor-3] INFO  impl.RaftServerImpl (RaftServerImpl.java:setRole(184)) - 875da3d9-0dec-46c7-88bf-73f7a2372b64@group-75987F7FE399: changes role from  FOLLOWER to FOLLOWER at term 276 for recognizeCandidate:df12c920-952d-4704-9c70-1a288e2f77c7
2019-10-20 10:28:45,888 [grpc-default-executor-3] INFO  impl.RoleInfo (RoleInfo.java:shutdownFollowerState(121)) - 875da3d9-0dec-46c7-88bf-73f7a2372b64: shutdown FollowerState
2019-10-20 10:28:45,887 [grpc-default-executor-4] INFO  impl.RaftServerImpl (RaftServerImpl.java:setRole(184)) - 9ceef694-dbcf-4070-b7b1-3b3c65b6a699@group-75987F7FE399: changes role from  FOLLOWER to FOLLOWER at term 276 for recognizeCandidate:df12c920-952d-4704-9c70-1a288e2f77c7
2019-10-20 10:28:45,888 [Thread-1883] INFO  impl.FollowerState (FollowerState.java:run(117)) - 875da3d9-0dec-46c7-88bf-73f7a2372b64@group-75987F7FE399-FollowerState was interrupted: java.lang.InterruptedException: sleep interrupted
2019-10-20 10:28:45,888 [grpc-default-executor-3] INFO  impl.RoleInfo (RoleInfo.java:updateAndGet(143)) - 875da3d9-0dec-46c7-88bf-73f7a2372b64: start FollowerState
2019-10-20 10:28:45,888 [grpc-default-executor-4] INFO  impl.RoleInfo (RoleInfo.java:shutdownFollowerState(121)) - 9ceef694-dbcf-4070-b7b1-3b3c65b6a699: shutdown FollowerState
2019-10-20 10:28:45,889 [grpc-default-executor-4] INFO  impl.RoleInfo (RoleInfo.java:updateAndGet(143)) - 9ceef694-dbcf-4070-b7b1-3b3c65b6a699: start FollowerState
2019-10-20 10:28:45,889 [Thread-1884] INFO  impl.FollowerState (FollowerState.java:run(117)) - 9ceef694-dbcf-4070-b7b1-3b3c65b6a699@group-75987F7FE399-FollowerState was interrupted: java.lang.InterruptedException: sleep interrupted
2019-10-20 10:28:45,903 [df12c920-952d-4704-9c70-1a288e2f77c7@group-75987F7FE399-LeaderElection243] INFO  impl.LeaderElection (LeaderElection.java:logAndReturn(56)) - df12c920-952d-4704-9c70-1a288e2f77c7@group-75987F7FE399-LeaderElection243: Election REJECTED; received 2 response(s) [df12c920-952d-4704-9c70-1a288e2f77c7<-875da3d9-0dec-46c7-88bf-73f7a2372b64#0:FAIL-t276, df12c920-952d-4704-9c70-1a288e2f77c7<-9ceef694-dbcf-4070-b7b1-3b3c65b6a699#0:FAIL-t276] and 0 exception(s); df12c920-952d-4704-9c70-1a288e2f77c7@group-75987F7FE399:t276, leader=null, voted=df12c920-952d-4704-9c70-1a288e2f77c7, raftlog=df12c920-952d-4704-9c70-1a288e2f77c7@group-75987F7FE399-SegmentedRaftLog:OPENED:c-1,f-1,i0, conf=-1: [875da3d9-0dec-46c7-88bf-73f7a2372b64:192.168.69.89:39990, df12c920-952d-4704-9c70-1a288e2f77c7:192.168.69.89:43948, 9ceef694-dbcf-4070-b7b1-3b3c65b6a699:192.168.69.89:36536], old=null
2019-10-20 10:28:45,903 [df12c920-952d-4704-9c70-1a288e2f77c7@group-75987F7FE399-LeaderElection243] INFO  impl.RaftServerImpl (RaftServerImpl.java:setRole(184)) - df12c920-952d-4704-9c70-1a288e2f77c7@group-75987F7FE399: changes role from CANDIDATE to FOLLOWER at term 276 for DISCOVERED_A_NEW_TERM
2019-10-20 10:28:45,903 [df12c920-952d-4704-9c70-1a288e2f77c7@group-75987F7FE399-LeaderElection243] INFO  impl.RoleInfo (RoleInfo.java:shutdownLeaderElection(134)) - df12c920-952d-4704-9c70-1a288e2f77c7: shutdown LeaderElection
2019-10-20 10:28:45,903 [df12c920-952d-4704-9c70-1a288e2f77c7@group-75987F7FE399-LeaderElection243] INFO  impl.RoleInfo (RoleInfo.java:updateAndGet(143)) - df12c920-952d-4704-9c70-1a288e2f77c7: start FollowerState
2019-10-20 10:28:45,968 [Thread-1891] INFO  impl.FollowerState (FollowerState.java:run(108)) - df12c920-952d-4704-9c70-1a288e2f77c7@group-75987F7FE399-FollowerState: change to CANDIDATE, lastRpcTime:64ms, electionTimeout:64ms
2019-10-20 10:28:45,968 [Thread-1891] INFO  impl.RoleInfo (RoleInfo.java:shutdownFollowerState(121)) - df12c920-952d-4704-9c70-1a288e2f77c7: shutdown FollowerState
2019-10-20 10:28:45,968 [Thread-1891] INFO  impl.RaftServerImpl (RaftServerImpl.java:setRole(184)) - df12c920-952d-4704-9c70-1a288e2f77c7@group-75987F7FE399: changes role from  FOLLOWER to CANDIDATE at term 276 for changeToCandidate
2019-10-20 10:28:45,968 [Thread-1891] INFO  impl.RoleInfo (RoleInfo.java:updateAndGet(143)) - df12c920-952d-4704-9c70-1a288e2f77c7: start LeaderElection
2019-10-20 10:28:45,982 [df12c920-952d-4704-9c70-1a288e2f77c7@group-75987F7FE399-LeaderElection244] INFO  impl.LeaderElection (LeaderElection.java:askForVotes(178)) - df12c920-952d-4704-9c70-1a288e2f77c7@group-75987F7FE399-LeaderElection244: begin an election at term 277 for -1: [875da3d9-0dec-46c7-88bf-73f7a2372b64:192.168.69.89:39990, df12c920-952d-4704-9c70-1a288e2f77c7:192.168.69.89:43948, 9ceef694-dbcf-4070-b7b1-3b3c65b6a699:192.168.69.89:36536], old=null
2019-10-20 10:28:45,984 [grpc-default-executor-4] INFO  impl.RaftServerImpl (RaftServerImpl.java:setRole(184)) - 9ceef694-dbcf-4070-b7b1-3b3c65b6a699@group-75987F7FE399: changes role from  FOLLOWER to FOLLOWER at term 277 for recognizeCandidate:df12c920-952d-4704-9c70-1a288e2f77c7
2019-10-20 10:28:45,984 [grpc-default-executor-3] INFO  impl.RaftServerImpl (RaftServerImpl.java:setRole(184)) - 875da3d9-0dec-46c7-88bf-73f7a2372b64@group-75987F7FE399: changes role from  FOLLOWER to FOLLOWER at term 277 for recognizeCandidate:df12c920-952d-4704-9c70-1a288e2f77c7
2019-10-20 10:28:45,984 [grpc-default-executor-4] INFO  impl.RoleInfo (RoleInfo.java:shutdownFollowerState(121)) - 9ceef694-dbcf-4070-b7b1-3b3c65b6a699: shutdown FollowerState
2019-10-20 10:28:45,985 [grpc-default-executor-3] INFO  impl.RoleInfo (RoleInfo.java:shutdownFollowerState(121)) - 875da3d9-0dec-46c7-88bf-73f7a2372b64: shutdown FollowerState
2019-10-20 10:28:45,985 [Thread-1890] INFO  impl.FollowerState (FollowerState.java:run(117)) - 9ceef694-dbcf-4070-b7b1-3b3c65b6a699@group-75987F7FE399-FollowerState was interrupted: java.lang.InterruptedException: sleep interrupted
2019-10-20 10:28:45,985 [grpc-default-executor-4] INFO  impl.RoleInfo (RoleInfo.java:updateAndGet(143)) - 9ceef694-dbcf-4070-b7b1-3b3c65b6a699: start FollowerState
2019-10-20 10:28:45,985 [Thread-1889] INFO  impl.FollowerState (FollowerState.java:run(117)) - 875da3d9-0dec-46c7-88bf-73f7a2372b64@group-75987F7FE399-FollowerState was interrupted: java.lang.InterruptedException: sleep interrupted
2019-10-20 10:28:45,985 [grpc-default-executor-3] INFO  impl.RoleInfo (RoleInfo.java:updateAndGet(143)) - 875da3d9-0dec-46c7-88bf-73f7a2372b64: start FollowerState
2019-10-20 10:28:46,011 [df12c920-952d-4704-9c70-1a288e2f77c7@group-75987F7FE399-LeaderElection244] INFO  impl.LeaderElection (LeaderElection.java:logAndReturn(56)) - df12c920-952d-4704-9c70-1a288e2f77c7@group-75987F7FE399-LeaderElection244: Election REJECTED; received 2 response(s) [df12c920-952d-4704-9c70-1a288e2f77c7<-875da3d9-0dec-46c7-88bf-73f7a2372b64#0:FAIL-t277, df12c920-952d-4704-9c70-1a288e2f77c7<-9ceef694-dbcf-4070-b7b1-3b3c65b6a699#0:FAIL-t277] and 0 exception(s); df12c920-952d-4704-9c70-1a288e2f77c7@group-75987F7FE399:t277, leader=null, voted=df12c920-952d-4704-9c70-1a288e2f77c7, raftlog=df12c920-952d-4704-9c70-1a288e2f77c7@group-75987F7FE399-SegmentedRaftLog:OPENED:c-1,f-1,i0, conf=-1: [875da3d9-0dec-46c7-88bf-73f7a2372b64:192.168.69.89:39990, df12c920-952d-4704-9c70-1a288e2f77c7:192.168.69.89:43948, 9ceef694-dbcf-4070-b7b1-3b3c65b6a699:192.168.69.89:36536], old=null
2019-10-20 10:28:46,012 [df12c920-952d-4704-9c70-1a288e2f77c7@group-75987F7FE399-LeaderElection244] INFO  impl.RaftServerImpl (RaftServerImpl.java:setRole(184)) - df12c920-952d-4704-9c70-1a288e2f77c7@group-75987F7FE399: changes role from CANDIDATE to FOLLOWER at term 277 for DISCOVERED_A_NEW_TERM
2019-10-20 10:28:46,012 [df12c920-952d-4704-9c70-1a288e2f77c7@group-75987F7FE399-LeaderElection244] INFO  impl.RoleInfo (RoleInfo.java:shutdownLeaderElection(134)) - df12c920-952d-4704-9c70-1a288e2f77c7: shutdown LeaderElection
2019-10-20 10:28:46,012 [df12c920-952d-4704-9c70-1a288e2f77c7@group-75987F7FE399-LeaderElection244] INFO  impl.RoleInfo (RoleInfo.java:updateAndGet(143)) - df12c920-952d-4704-9c70-1a288e2f77c7: start FollowerState
2019-10-20 10:28:46,167 [Thread-1897] INFO  impl.FollowerState (FollowerState.java:run(108)) - df12c920-952d-4704-9c70-1a288e2f77c7@group-75987F7FE399-FollowerState: change to CANDIDATE, lastRpcTime:155ms, electionTimeout:155ms
2019-10-20 10:28:46,167 [Thread-1897] INFO  impl.RoleInfo (RoleInfo.java:shutdownFollowerState(121)) - df12c920-952d-4704-9c70-1a288e2f77c7: shutdown FollowerState
2019-10-20 10:28:46,167 [Thread-1897] INFO  impl.RaftServerImpl (RaftServerImpl.java:setRole(184)) - df12c920-952d-4704-9c70-1a288e2f77c7@group-75987F7FE399: changes role from  FOLLOWER to CANDIDATE at term 277 for changeToCandidate
2019-10-20 10:28:46,168 [Thread-1897] INFO  impl.RoleInfo (RoleInfo.java:updateAndGet(143)) - df12c920-952d-4704-9c70-1a288e2f77c7: start LeaderElection
2019-10-20 10:28:46,182 [df12c920-952d-4704-9c70-1a288e2f77c7@group-75987F7FE399-LeaderElection245] INFO  impl.LeaderElection (LeaderElection.java:askForVotes(178)) - df12c920-952d-4704-9c70-1a288e2f77c7@group-75987F7FE399-LeaderElection245: begin an election at term 278 for -1: [875da3d9-0dec-46c7-88bf-73f7a2372b64:192.168.69.89:39990, df12c920-952d-4704-9c70-1a288e2f77c7:192.168.69.89:43948, 9ceef694-dbcf-4070-b7b1-3b3c65b6a699:192.168.69.89:36536], old=null
2019-10-20 10:28:46,184 [grpc-default-executor-3] INFO  impl.RaftServerImpl (RaftServerImpl.java:setRole(184)) - 875da3d9-0dec-46c7-88bf-73f7a2372b64@group-75987F7FE399: changes role from  FOLLOWER to FOLLOWER at term 278 for recognizeCandidate:df12c920-952d-4704-9c70-1a288e2f77c7
2019-10-20 10:28:46,184 [grpc-default-executor-4] INFO  impl.RaftServerImpl (RaftServerImpl.java:setRole(184)) - 9ceef694-dbcf-4070-b7b1-3b3c65b6a699@group-75987F7FE399: changes role from  FOLLOWER to FOLLOWER at term 278 for recognizeCandidate:df12c920-952d-4704-9c70-1a288e2f77c7
2019-10-20 10:28:46,184 [grpc-default-executor-3] INFO  impl.RoleInfo (RoleInfo.java:shutdownFollowerState(121)) - 875da3d9-0dec-46c7-88bf-73f7a2372b64: shutdown FollowerState
2019-10-20 10:28:46,184 [grpc-default-executor-4] INFO  impl.RoleInfo (RoleInfo.java:shutdownFollowerState(121)) - 9ceef694-dbcf-4070-b7b1-3b3c65b6a699: shutdown FollowerState
2019-10-20 10:28:46,184 [Thread-1896] INFO  impl.FollowerState (FollowerState.java:run(117)) - 875da3d9-0dec-46c7-88bf-73f7a2372b64@group-75987F7FE399-FollowerState was interrupted: java.lang.InterruptedException: sleep interrupted
2019-10-20 10:28:46,184 [grpc-default-executor-3] INFO  impl.RoleInfo (RoleInfo.java:updateAndGet(143)) - 875da3d9-0dec-46c7-88bf-73f7a2372b64: start FollowerState
2019-10-20 10:28:46,185 [Thread-1895] INFO  impl.FollowerState (FollowerState.java:run(117)) - 9ceef694-dbcf-4070-b7b1-3b3c65b6a699@group-75987F7FE399-FollowerState was interrupted: java.lang.InterruptedException: sleep interrupted
2019-10-20 10:28:46,185 [grpc-default-executor-4] INFO  impl.RoleInfo (RoleInfo.java:updateAndGet(143)) - 9ceef694-dbcf-4070-b7b1-3b3c65b6a699: start FollowerState
2019-10-20 10:28:46,201 [df12c920-952d-4704-9c70-1a288e2f77c7@group-75987F7FE399-LeaderElection245] INFO  impl.LeaderElection (LeaderElection.java:logAndReturn(56)) - df12c920-952d-4704-9c70-1a288e2f77c7@group-75987F7FE399-LeaderElection245: Election REJECTED; received 2 response(s) [df12c920-952d-4704-9c70-1a288e2f77c7<-875da3d9-0dec-46c7-88bf-73f7a2372b64#0:FAIL-t278, df12c920-952d-4704-9c70-1a288e2f77c7<-9ceef694-dbcf-4070-b7b1-3b3c65b6a699#0:FAIL-t278] and 0 exception(s); df12c920-952d-4704-9c70-1a288e2f77c7@group-75987F7FE399:t278, leader=null, voted=df12c920-952d-4704-9c70-1a288e2f77c7, raftlog=df12c920-952d-4704-9c70-1a288e2f77c7@group-75987F7FE399-SegmentedRaftLog:OPENED:c-1,f-1,i0, conf=-1: [875da3d9-0dec-46c7-88bf-73f7a2372b64:192.168.69.89:39990, df12c920-952d-4704-9c70-1a288e2f77c7:192.168.69.89:43948, 9ceef694-dbcf-4070-b7b1-3b3c65b6a699:192.168.69.89:36536], old=null
2019-10-20 10:28:46,201 [df12c920-952d-4704-9c70-1a288e2f77c7@group-75987F7FE399-LeaderElection245] INFO  impl.RaftServerImpl (RaftServerImpl.java:setRole(184)) - df12c920-952d-4704-9c70-1a288e2f77c7@group-75987F7FE399: changes role from CANDIDATE to FOLLOWER at term 278 for DISCOVERED_A_NEW_TERM
2019-10-20 10:28:46,201 [df12c920-952d-4704-9c70-1a288e2f77c7@group-75987F7FE399-LeaderElection245] INFO  impl.RoleInfo (RoleInfo.java:shutdownLeaderElection(134)) - df12c920-952d-4704-9c70-1a288e2f77c7: shutdown LeaderElection
2019-10-20 10:28:46,201 [df12c920-952d-4704-9c70-1a288e2f77c7@group-75987F7FE399-LeaderElection245] INFO  impl.RoleInfo (RoleInfo.java:updateAndGet(143)) - df12c920-952d-4704-9c70-1a288e2f77c7: start FollowerState
2019-10-20 10:28:46,372 [Thread-1905] INFO  impl.FollowerState (FollowerState.java:run(108)) - df12c920-952d-4704-9c70-1a288e2f77c7@group-75987F7FE399-FollowerState: change to CANDIDATE, lastRpcTime:170ms, electionTimeout:170ms
2019-10-20 10:28:46,372 [Thread-1905] INFO  impl.RoleInfo (RoleInfo.java:shutdownFollowerState(121)) - df12c920-952d-4704-9c70-1a288e2f77c7: shutdown FollowerState
2019-10-20 10:28:46,372 [Thread-1905] INFO  impl.RaftServerImpl (RaftServerImpl.java:setRole(184)) - df12c920-952d-4704-9c70-1a288e2f77c7@group-75987F7FE399: changes role from  FOLLOWER to CANDIDATE at term 278 for changeToCandidate
2019-10-20 10:28:46,372 [Thread-1905] INFO  impl.RoleInfo (RoleInfo.java:updateAndGet(143)) - df12c920-952d-4704-9c70-1a288e2f77c7: start LeaderElection
2019-10-20 10:28:46,397 [df12c920-952d-4704-9c70-1a288e2f77c7@group-75987F7FE399-LeaderElection246] INFO  impl.LeaderElection (LeaderElection.java:askForVotes(178)) - df12c920-952d-4704-9c70-1a288e2f77c7@group-75987F7FE399-LeaderElection246: begin an election at term 279 for -1: [875da3d9-0dec-46c7-88bf-73f7a2372b64:192.168.69.89:39990, df12c920-952d-4704-9c70-1a288e2f77c7:192.168.69.89:43948, 9ceef694-dbcf-4070-b7b1-3b3c65b6a699:192.168.69.89:36536], old=null
2019-10-20 10:28:46,400 [grpc-default-executor-3] INFO  impl.RaftServerImpl (RaftServerImpl.java:setRole(184)) - 875da3d9-0dec-46c7-88bf-73f7a2372b64@group-75987F7FE399: changes role from  FOLLOWER to FOLLOWER at term 279 for recognizeCandidate:df12c920-952d-4704-9c70-1a288e2f77c7
2019-10-20 10:28:46,400 [grpc-default-executor-3] INFO  impl.RoleInfo (RoleInfo.java:shutdownFollowerState(121)) - 875da3d9-0dec-46c7-88bf-73f7a2372b64: shutdown FollowerState
2019-10-20 10:28:46,400 [grpc-default-executor-4] INFO  impl.RaftServerImpl (RaftServerImpl.java:setRole(184)) - 9ceef694-dbcf-4070-b7b1-3b3c65b6a699@group-75987F7FE399: changes role from  FOLLOWER to FOLLOWER at term 279 for recognizeCandidate:df12c920-952d-4704-9c70-1a288e2f77c7
2019-10-20 10:28:46,400 [Thread-1903] INFO  impl.FollowerState (FollowerState.java:run(117)) - 875da3d9-0dec-46c7-88bf-73f7a2372b64@group-75987F7FE399-FollowerState was interrupted: java.lang.InterruptedException: sleep interrupted
2019-10-20 10:28:46,400 [grpc-default-executor-3] INFO  impl.RoleInfo (RoleInfo.java:updateAndGet(143)) - 875da3d9-0dec-46c7-88bf-73f7a2372b64: start FollowerState
2019-10-20 10:28:46,400 [grpc-default-executor-4] INFO  impl.RoleInfo (RoleInfo.java:shutdownFollowerState(121)) - 9ceef694-dbcf-4070-b7b1-3b3c65b6a699: shutdown FollowerState
2019-10-20 10:28:46,401 [grpc-default-executor-4] INFO  impl.RoleInfo (RoleInfo.java:updateAndGet(143)) - 9ceef694-dbcf-4070-b7b1-3b3c65b6a699: start FollowerState
2019-10-20 10:28:46,401 [Thread-1904] INFO  impl.FollowerState (FollowerState.java:run(117)) - 9ceef694-dbcf-4070-b7b1-3b3c65b6a699@group-75987F7FE399-FollowerState was interrupted: java.lang.InterruptedException: sleep interrupted
2019-10-20 10:28:46,412 [df12c920-952d-4704-9c70-1a288e2f77c7@group-75987F7FE399-LeaderElection246] INFO  impl.LeaderElection (LeaderElection.java:logAndReturn(56)) - df12c920-952d-4704-9c70-1a288e2f77c7@group-75987F7FE399-LeaderElection246: Election REJECTED; received 2 response(s) [df12c920-952d-4704-9c70-1a288e2f77c7<-875da3d9-0dec-46c7-88bf-73f7a2372b64#0:FAIL-t279, df12c920-952d-4704-9c70-1a288e2f77c7<-9ceef694-dbcf-4070-b7b1-3b3c65b6a699#0:FAIL-t279] and 0 exception(s); df12c920-952d-4704-9c70-1a288e2f77c7@group-75987F7FE399:t279, leader=null, voted=df12c920-952d-4704-9c70-1a288e2f77c7, raftlog=df12c920-952d-4704-9c70-1a288e2f77c7@group-75987F7FE399-SegmentedRaftLog:OPENED:c-1,f-1,i0, conf=-1: [875da3d9-0dec-46c7-88bf-73f7a2372b64:192.168.69.89:39990, df12c920-952d-4704-9c70-1a288e2f77c7:192.168.69.89:43948, 9ceef694-dbcf-4070-b7b1-3b3c65b6a699:192.168.69.89:36536], old=null
2019-10-20 10:28:46,412 [df12c920-952d-4704-9c70-1a288e2f77c7@group-75987F7FE399-LeaderElection246] INFO  impl.RaftServerImpl (RaftServerImpl.java:setRole(184)) - df12c920-952d-4704-9c70-1a288e2f77c7@group-75987F7FE399: changes role from CANDIDATE to FOLLOWER at term 279 for DISCOVERED_A_NEW_TERM
2019-10-20 10:28:46,412 [df12c920-952d-4704-9c70-1a288e2f77c7@group-75987F7FE399-LeaderElection246] INFO  impl.RoleInfo (RoleInfo.java:shutdownLeaderElection(134)) - df12c920-952d-4704-9c70-1a288e2f77c7: shutdown LeaderElection
2019-10-20 10:28:46,413 [df12c920-952d-4704-9c70-1a288e2f77c7@group-75987F7FE399-LeaderElection246] INFO  impl.RoleInfo (RoleInfo.java:updateAndGet(143)) - df12c920-952d-4704-9c70-1a288e2f77c7: start FollowerState
2019-10-20 10:28:46,442 [Thread-1911] INFO  impl.FollowerState (FollowerState.java:run(108)) - df12c920-952d-4704-9c70-1a288e2f77c7@group-75987F7FE399-FollowerState: change to CANDIDATE, lastRpcTime:29ms, electionTimeout:29ms
2019-10-20 10:28:46,442 [Thread-1911] INFO  impl.RoleInfo (RoleInfo.java:shutdownFollowerState(121)) - df12c920-952d-4704-9c70-1a288e2f77c7: shutdown FollowerState
2019-10-20 10:28:46,442 [Thread-1911] INFO  impl.RaftServerImpl (RaftServerImpl.java:setRole(184)) - df12c920-952d-4704-9c70-1a288e2f77c7@group-75987F7FE399: changes role from  FOLLOWER to CANDIDATE at term 279 for changeToCandidate
2019-10-20 10:28:46,442 [Thread-1911] INFO  impl.RoleInfo (RoleInfo.java:updateAndGet(143)) - df12c920-952d-4704-9c70-1a288e2f77c7: start LeaderElection
2019-10-20 10:28:46,456 [df12c920-952d-4704-9c70-1a288e2f77c7@group-75987F7FE399-LeaderElection247] INFO  impl.LeaderElection (LeaderElection.java:askForVotes(178)) - df12c920-952d-4704-9c70-1a288e2f77c7@group-75987F7FE399-LeaderElection247: begin an election at term 280 for -1: [875da3d9-0dec-46c7-88bf-73f7a2372b64:192.168.69.89:39990, df12c920-952d-4704-9c70-1a288e2f77c7:192.168.69.89:43948, 9ceef694-dbcf-4070-b7b1-3b3c65b6a699:192.168.69.89:36536], old=null
2019-10-20 10:28:46,458 [grpc-default-executor-4] INFO  impl.RaftServerImpl (RaftServerImpl.java:setRole(184)) - 875da3d9-0dec-46c7-88bf-73f7a2372b64@group-75987F7FE399: changes role from  FOLLOWER to FOLLOWER at term 280 for recognizeCandidate:df12c920-952d-4704-9c70-1a288e2f77c7
2019-10-20 10:28:46,458 [grpc-default-executor-4] INFO  impl.RoleInfo (RoleInfo.java:shutdownFollowerState(121)) - 875da3d9-0dec-46c7-88bf-73f7a2372b64: shutdown FollowerState
2019-10-20 10:28:46,458 [grpc-default-executor-4] INFO  impl.RoleInfo (RoleInfo.java:updateAndGet(143)) - 875da3d9-0dec-46c7-88bf-73f7a2372b64: start FollowerState
2019-10-20 10:28:46,458 [grpc-default-executor-3] INFO  impl.RaftServerImpl (RaftServerImpl.java:setRole(184)) - 9ceef694-dbcf-4070-b7b1-3b3c65b6a699@group-75987F7FE399: changes role from  FOLLOWER to FOLLOWER at term 280 for recognizeCandidate:df12c920-952d-4704-9c70-1a288e2f77c7
2019-10-20 10:28:46,458 [grpc-default-executor-3] INFO  impl.RoleInfo (RoleInfo.java:shutdownFollowerState(121)) - 9ceef694-dbcf-4070-b7b1-3b3c65b6a699: shutdown FollowerState
2019-10-20 10:28:46,458 [Thread-1909] INFO  impl.FollowerState (FollowerState.java:run(117)) - 875da3d9-0dec-46c7-88bf-73f7a2372b64@group-75987F7FE399-FollowerState was interrupted: java.lang.InterruptedException: sleep interrupted
2019-10-20 10:28:46,459 [Thread-1910] INFO  impl.FollowerState (FollowerState.java:run(117)) - 9ceef694-dbcf-4070-b7b1-3b3c65b6a699@group-75987F7FE399-FollowerState was interrupted: java.lang.InterruptedException: sleep interrupted
2019-10-20 10:28:46,459 [grpc-default-executor-3] INFO  impl.RoleInfo (RoleInfo.java:updateAndGet(143)) - 9ceef694-dbcf-4070-b7b1-3b3c65b6a699: start FollowerState
2019-10-20 10:28:46,472 [df12c920-952d-4704-9c70-1a288e2f77c7@group-75987F7FE399-LeaderElection247] INFO  impl.LeaderElection (LeaderElection.java:logAndReturn(56)) - df12c920-952d-4704-9c70-1a288e2f77c7@group-75987F7FE399-LeaderElection247: Election REJECTED; received 2 response(s) [df12c920-952d-4704-9c70-1a288e2f77c7<-875da3d9-0dec-46c7-88bf-73f7a2372b64#0:FAIL-t280, df12c920-952d-4704-9c70-1a288e2f77c7<-9ceef694-dbcf-4070-b7b1-3b3c65b6a699#0:FAIL-t280] and 0 exception(s); df12c920-952d-4704-9c70-1a288e2f77c7@group-75987F7FE399:t280, leader=null, voted=df12c920-952d-4704-9c70-1a288e2f77c7, raftlog=df12c920-952d-4704-9c70-1a288e2f77c7@group-75987F7FE399-SegmentedRaftLog:OPENED:c-1,f-1,i0, conf=-1: [875da3d9-0dec-46c7-88bf-73f7a2372b64:192.168.69.89:39990, df12c920-952d-4704-9c70-1a288e2f77c7:192.168.69.89:43948, 9ceef694-dbcf-4070-b7b1-3b3c65b6a699:192.168.69.89:36536], old=null
2019-10-20 10:28:46,472 [df12c920-952d-4704-9c70-1a288e2f77c7@group-75987F7FE399-LeaderElection247] INFO  impl.RaftServerImpl (RaftServerImpl.java:setRole(184)) - df12c920-952d-4704-9c70-1a288e2f77c7@group-75987F7FE399: changes role from CANDIDATE to FOLLOWER at term 280 for DISCOVERED_A_NEW_TERM
2019-10-20 10:28:46,472 [df12c920-952d-4704-9c70-1a288e2f77c7@group-75987F7FE399-LeaderElection247] INFO  impl.RoleInfo (RoleInfo.java:shutdownLeaderElection(134)) - df12c920-952d-4704-9c70-1a288e2f77c7: shutdown LeaderElection
2019-10-20 10:28:46,472 [df12c920-952d-4704-9c70-1a288e2f77c7@group-75987F7FE399-LeaderElection247] INFO  impl.RoleInfo (RoleInfo.java:updateAndGet(143)) - df12c920-952d-4704-9c70-1a288e2f77c7: start FollowerState
2019-10-20 10:28:46,489 [Thread-1917] INFO  impl.FollowerState (FollowerState.java:run(108)) - df12c920-952d-4704-9c70-1a288e2f77c7@group-75987F7FE399-FollowerState: change to CANDIDATE, lastRpcTime:16ms, electionTimeout:16ms
2019-10-20 10:28:46,489 [Thread-1917] INFO  impl.RoleInfo (RoleInfo.java:shutdownFollowerState(121)) - df12c920-952d-4704-9c70-1a288e2f77c7: shutdown FollowerState
2019-10-20 10:28:46,489 [Thread-1917] INFO  impl.RaftServerImpl (RaftServerImpl.java:setRole(184)) - df12c920-952d-4704-9c70-1a288e2f77c7@group-75987F7FE399: changes role from  FOLLOWER to CANDIDATE at term 280 for changeToCandidate
2019-10-20 10:28:46,489 [Thread-1917] INFO  impl.RoleInfo (RoleInfo.java:updateAndGet(143)) - df12c920-952d-4704-9c70-1a288e2f77c7: start LeaderElection
2019-10-20 10:28:46,505 [df12c920-952d-4704-9c70-1a288e2f77c7@group-75987F7FE399-LeaderElection248] INFO  impl.LeaderElection (LeaderElection.java:askForVotes(178)) - df12c920-952d-4704-9c70-1a288e2f77c7@group-75987F7FE399-LeaderElection248: begin an election at term 281 for -1: [875da3d9-0dec-46c7-88bf-73f7a2372b64:192.168.69.89:39990, df12c920-952d-4704-9c70-1a288e2f77c7:192.168.69.89:43948, 9ceef694-dbcf-4070-b7b1-3b3c65b6a699:192.168.69.89:36536], old=null
2019-10-20 10:28:46,507 [grpc-default-executor-3] INFO  impl.RaftServerImpl (RaftServerImpl.java:setRole(184)) - 875da3d9-0dec-46c7-88bf-73f7a2372b64@group-75987F7FE399: changes role from  FOLLOWER to FOLLOWER at term 281 for recognizeCandidate:df12c920-952d-4704-9c70-1a288e2f77c7
2019-10-20 10:28:46,507 [grpc-default-executor-3] INFO  impl.RoleInfo (RoleInfo.java:shutdownFollowerState(121)) - 875da3d9-0dec-46c7-88bf-73f7a2372b64: shutdown FollowerState
2019-10-20 10:28:46,507 [grpc-default-executor-3] INFO  impl.RoleInfo (RoleInfo.java:updateAndGet(143)) - 875da3d9-0dec-46c7-88bf-73f7a2372b64: start FollowerState
2019-10-20 10:28:46,507 [Thread-1915] INFO  impl.FollowerState (FollowerState.java:run(117)) - 875da3d9-0dec-46c7-88bf-73f7a2372b64@group-75987F7FE399-FollowerState was interrupted: java.lang.InterruptedException: sleep interrupted
2019-10-20 10:28:46,507 [grpc-default-executor-4] INFO  impl.RaftServerImpl (RaftServerImpl.java:setRole(184)) - 9ceef694-dbcf-4070-b7b1-3b3c65b6a699@group-75987F7FE399: changes role from  FOLLOWER to FOLLOWER at term 281 for recognizeCandidate:df12c920-952d-4704-9c70-1a288e2f77c7
2019-10-20 10:28:46,507 [grpc-default-executor-4] INFO  impl.RoleInfo (RoleInfo.java:shutdownFollowerState(121)) - 9ceef694-dbcf-4070-b7b1-3b3c65b6a699: shutdown FollowerState
2019-10-20 10:28:46,508 [grpc-default-executor-4] INFO  impl.RoleInfo (RoleInfo.java:updateAndGet(143)) - 9ceef694-dbcf-4070-b7b1-3b3c65b6a699: start FollowerState
2019-10-20 10:28:46,508 [Thread-1916] INFO  impl.FollowerState (FollowerState.java:run(117)) - 9ceef694-dbcf-4070-b7b1-3b3c65b6a699@group-75987F7FE399-FollowerState was interrupted: java.lang.InterruptedException: sleep interrupted
2019-10-20 10:28:46,521 [df12c920-952d-4704-9c70-1a288e2f77c7@group-75987F7FE399-LeaderElection248] INFO  impl.LeaderElection (LeaderElection.java:logAndReturn(56)) - df12c920-952d-4704-9c70-1a288e2f77c7@group-75987F7FE399-LeaderElection248: Election REJECTED; received 2 response(s) [df12c920-952d-4704-9c70-1a288e2f77c7<-875da3d9-0dec-46c7-88bf-73f7a2372b64#0:FAIL-t281, df12c920-952d-4704-9c70-1a288e2f77c7<-9ceef694-dbcf-4070-b7b1-3b3c65b6a699#0:FAIL-t281] and 0 exception(s); df12c920-952d-4704-9c70-1a288e2f77c7@group-75987F7FE399:t281, leader=null, voted=df12c920-952d-4704-9c70-1a288e2f77c7, raftlog=df12c920-952d-4704-9c70-1a288e2f77c7@group-75987F7FE399-SegmentedRaftLog:OPENED:c-1,f-1,i0, conf=-1: [875da3d9-0dec-46c7-88bf-73f7a2372b64:192.168.69.89:39990, df12c920-952d-4704-9c70-1a288e2f77c7:192.168.69.89:43948, 9ceef694-dbcf-4070-b7b1-3b3c65b6a699:192.168.69.89:36536], old=null
2019-10-20 10:28:46,521 [df12c920-952d-4704-9c70-1a288e2f77c7@group-75987F7FE399-LeaderElection248] INFO  impl.RaftServerImpl (RaftServerImpl.java:setRole(184)) - df12c920-952d-4704-9c70-1a288e2f77c7@group-75987F7FE399: changes role from CANDIDATE to FOLLOWER at term 281 for DISCOVERED_A_NEW_TERM
2019-10-20 10:28:46,521 [df12c920-952d-4704-9c70-1a288e2f77c7@group-75987F7FE399-LeaderElection248] INFO  impl.RoleInfo (RoleInfo.java:shutdownLeaderElection(134)) - df12c920-952d-4704-9c70-1a288e2f77c7: shutdown LeaderElection
2019-10-20 10:28:46,521 [df12c920-952d-4704-9c70-1a288e2f77c7@group-75987F7FE399-LeaderElection248] INFO  impl.RoleInfo (RoleInfo.java:updateAndGet(143)) - df12c920-952d-4704-9c70-1a288e2f77c7: start FollowerState
2019-10-20 10:28:46,700 [Thread-1923] INFO  impl.FollowerState (FollowerState.java:run(108)) - df12c920-952d-4704-9c70-1a288e2f77c7@group-75987F7FE399-FollowerState: change to CANDIDATE, lastRpcTime:178ms, electionTimeout:178ms
2019-10-20 10:28:46,700 [Thread-1923] INFO  impl.RoleInfo (RoleInfo.java:shutdownFollowerState(121)) - df12c920-952d-4704-9c70-1a288e2f77c7: shutdown FollowerState
2019-10-20 10:28:46,700 [Thread-1923] INFO  impl.RaftServerImpl (RaftServerImpl.java:setRole(184)) - df12c920-952d-4704-9c70-1a288e2f77c7@group-75987F7FE399: changes role from  FOLLOWER to CANDIDATE at term 281 for changeToCandidate
2019-10-20 10:28:46,700 [Thread-1923] INFO  impl.RoleInfo (RoleInfo.java:updateAndGet(143)) - df12c920-952d-4704-9c70-1a288e2f77c7: start LeaderElection
2019-10-20 10:28:46,714 [df12c920-952d-4704-9c70-1a288e2f77c7@group-75987F7FE399-LeaderElection249] INFO  impl.LeaderElection (LeaderElection.java:askForVotes(178)) - df12c920-952d-4704-9c70-1a288e2f77c7@group-75987F7FE399-LeaderElection249: begin an election at term 282 for -1: [875da3d9-0dec-46c7-88bf-73f7a2372b64:192.168.69.89:39990, df12c920-952d-4704-9c70-1a288e2f77c7:192.168.69.89:43948, 9ceef694-dbcf-4070-b7b1-3b3c65b6a699:192.168.69.89:36536], old=null
2019-10-20 10:28:46,716 [grpc-default-executor-3] INFO  impl.RaftServerImpl (RaftServerImpl.java:setRole(184)) - 875da3d9-0dec-46c7-88bf-73f7a2372b64@group-75987F7FE399: changes role from  FOLLOWER to FOLLOWER at term 282 for recognizeCandidate:df12c920-952d-4704-9c70-1a288e2f77c7
2019-10-20 10:28:46,716 [grpc-default-executor-3] INFO  impl.RoleInfo (RoleInfo.java:shutdownFollowerState(121)) - 875da3d9-0dec-46c7-88bf-73f7a2372b64: shutdown FollowerState
2019-10-20 10:28:46,716 [grpc-default-executor-4] INFO  impl.RaftServerImpl (RaftServerImpl.java:setRole(184)) - 9ceef694-dbcf-4070-b7b1-3b3c65b6a699@group-75987F7FE399: changes role from  FOLLOWER to FOLLOWER at term 282 for recognizeCandidate:df12c920-952d-4704-9c70-1a288e2f77c7
2019-10-20 10:28:46,716 [Thread-1921] INFO  impl.FollowerState (FollowerState.java:run(117)) - 875da3d9-0dec-46c7-88bf-73f7a2372b64@group-75987F7FE399-FollowerState was interrupted: java.lang.InterruptedException: sleep interrupted
2019-10-20 10:28:46,716 [grpc-default-executor-3] INFO  impl.RoleInfo (RoleInfo.java:updateAndGet(143)) - 875da3d9-0dec-46c7-88bf-73f7a2372b64: start FollowerState
2019-10-20 10:28:46,716 [grpc-default-executor-4] INFO  impl.RoleInfo (RoleInfo.java:shutdownFollowerState(121)) - 9ceef694-dbcf-4070-b7b1-3b3c65b6a699: shutdown FollowerState
2019-10-20 10:28:46,717 [grpc-default-executor-4] INFO  impl.RoleInfo (RoleInfo.java:updateAndGet(143)) - 9ceef694-dbcf-4070-b7b1-3b3c65b6a699: start FollowerState
2019-10-20 10:28:46,717 [Thread-1922] INFO  impl.FollowerState (FollowerState.java:run(117)) - 9ceef694-dbcf-4070-b7b1-3b3c65b6a699@group-75987F7FE399-FollowerState was interrupted: java.lang.InterruptedException: sleep interrupted
2019-10-20 10:28:46,732 [df12c920-952d-4704-9c70-1a288e2f77c7@group-75987F7FE399-LeaderElection249] INFO  impl.LeaderElection (LeaderElection.java:logAndReturn(56)) - df12c920-952d-4704-9c70-1a288e2f77c7@group-75987F7FE399-LeaderElection249: Election REJECTED; received 2 response(s) [df12c920-952d-4704-9c70-1a288e2f77c7<-875da3d9-0dec-46c7-88bf-73f7a2372b64#0:FAIL-t282, df12c920-952d-4704-9c70-1a288e2f77c7<-9ceef694-dbcf-4070-b7b1-3b3c65b6a699#0:FAIL-t282] and 0 exception(s); df12c920-952d-4704-9c70-1a288e2f77c7@group-75987F7FE399:t282, leader=null, voted=df12c920-952d-4704-9c70-1a288e2f77c7, raftlog=df12c920-952d-4704-9c70-1a288e2f77c7@group-75987F7FE399-SegmentedRaftLog:OPENED:c-1,f-1,i0, conf=-1: [875da3d9-0dec-46c7-88bf-73f7a2372b64:192.168.69.89:39990, df12c920-952d-4704-9c70-1a288e2f77c7:192.168.69.89:43948, 9ceef694-dbcf-4070-b7b1-3b3c65b6a699:192.168.69.89:36536], old=null
2019-10-20 10:28:46,732 [df12c920-952d-4704-9c70-1a288e2f77c7@group-75987F7FE399-LeaderElection249] INFO  impl.RaftServerImpl (RaftServerImpl.java:setRole(184)) - df12c920-952d-4704-9c70-1a288e2f77c7@group-75987F7FE399: changes role from CANDIDATE to FOLLOWER at term 282 for DISCOVERED_A_NEW_TERM
2019-10-20 10:28:46,732 [df12c920-952d-4704-9c70-1a288e2f77c7@group-75987F7FE399-LeaderElection249] INFO  impl.RoleInfo (RoleInfo.java:shutdownLeaderElection(134)) - df12c920-952d-4704-9c70-1a288e2f77c7: shutdown LeaderElection
2019-10-20 10:28:46,733 [df12c920-952d-4704-9c70-1a288e2f77c7@group-75987F7FE399-LeaderElection249] INFO  impl.RoleInfo (RoleInfo.java:updateAndGet(143)) - df12c920-952d-4704-9c70-1a288e2f77c7: start FollowerState
2019-10-20 10:28:46,893 [Thread-1929] INFO  impl.FollowerState (FollowerState.java:run(108)) - df12c920-952d-4704-9c70-1a288e2f77c7@group-75987F7FE399-FollowerState: change to CANDIDATE, lastRpcTime:160ms, electionTimeout:160ms
2019-10-20 10:28:46,893 [Thread-1929] INFO  impl.RoleInfo (RoleInfo.java:shutdownFollowerState(121)) - df12c920-952d-4704-9c70-1a288e2f77c7: shutdown FollowerState
2019-10-20 10:28:46,893 [Thread-1929] INFO  impl.RaftServerImpl (RaftServerImpl.java:setRole(184)) - df12c920-952d-4704-9c70-1a288e2f77c7@group-75987F7FE399: changes role from  FOLLOWER to CANDIDATE at term 282 for changeToCandidate
2019-10-20 10:28:46,893 [Thread-1929] INFO  impl.RoleInfo (RoleInfo.java:updateAndGet(143)) - df12c920-952d-4704-9c70-1a288e2f77c7: start LeaderElection
2019-10-20 10:28:46,916 [df12c920-952d-4704-9c70-1a288e2f77c7@group-75987F7FE399-LeaderElection250] INFO  impl.LeaderElection (LeaderElection.java:askForVotes(178)) - df12c920-952d-4704-9c70-1a288e2f77c7@group-75987F7FE399-LeaderElection250: begin an election at term 283 for -1: [875da3d9-0dec-46c7-88bf-73f7a2372b64:192.168.69.89:39990, df12c920-952d-4704-9c70-1a288e2f77c7:192.168.69.89:43948, 9ceef694-dbcf-4070-b7b1-3b3c65b6a699:192.168.69.89:36536], old=null
2019-10-20 10:28:46,918 [grpc-default-executor-3] INFO  impl.RaftServerImpl (RaftServerImpl.java:setRole(184)) - 875da3d9-0dec-46c7-88bf-73f7a2372b64@group-75987F7FE399: changes role from  FOLLOWER to FOLLOWER at term 283 for recognizeCandidate:df12c920-952d-4704-9c70-1a288e2f77c7
2019-10-20 10:28:46,919 [grpc-default-executor-3] INFO  impl.RoleInfo (RoleInfo.java:shutdownFollowerState(121)) - 875da3d9-0dec-46c7-88bf-73f7a2372b64: shutdown FollowerState
2019-10-20 10:28:46,919 [grpc-default-executor-4] INFO  impl.RaftServerImpl (RaftServerImpl.java:setRole(184)) - 9ceef694-dbcf-4070-b7b1-3b3c65b6a699@group-75987F7FE399: changes role from  FOLLOWER to FOLLOWER at term 283 for recognizeCandidate:df12c920-952d-4704-9c70-1a288e2f77c7
2019-10-20 10:28:46,919 [Thread-1927] INFO  impl.FollowerState (FollowerState.java:run(117)) - 875da3d9-0dec-46c7-88bf-73f7a2372b64@group-75987F7FE399-FollowerState was interrupted: java.lang.InterruptedException: sleep interrupted
2019-10-20 10:28:46,919 [grpc-default-executor-3] INFO  impl.RoleInfo (RoleInfo.java:updateAndGet(143)) - 875da3d9-0dec-46c7-88bf-73f7a2372b64: start FollowerState
2019-10-20 10:28:46,919 [grpc-default-executor-4] INFO  impl.RoleInfo (RoleInfo.java:shutdownFollowerState(121)) - 9ceef694-dbcf-4070-b7b1-3b3c65b6a699: shutdown FollowerState
2019-10-20 10:28:46,919 [grpc-default-executor-4] INFO  impl.RoleInfo (RoleInfo.java:updateAndGet(143)) - 9ceef694-dbcf-4070-b7b1-3b3c65b6a699: start FollowerState
2019-10-20 10:28:46,919 [Thread-1928] INFO  impl.FollowerState (FollowerState.java:run(117)) - 9ceef694-dbcf-4070-b7b1-3b3c65b6a699@group-75987F7FE399-FollowerState was interrupted: java.lang.InterruptedException: sleep interrupted
2019-10-20 10:28:46,942 [df12c920-952d-4704-9c70-1a288e2f77c7@group-75987F7FE399-LeaderElection250] INFO  impl.LeaderElection (LeaderElection.java:logAndReturn(56)) - df12c920-952d-4704-9c70-1a288e2f77c7@group-75987F7FE399-LeaderElection250: Election TIMEOUT; received 0 response(s) [] and 0 exception(s); df12c920-952d-4704-9c70-1a288e2f77c7@group-75987F7FE399:t283, leader=null, voted=df12c920-952d-4704-9c70-1a288e2f77c7, raftlog=df12c920-952d-4704-9c70-1a288e2f77c7@group-75987F7FE399-SegmentedRaftLog:OPENED:c-1,f-1,i0, conf=-1: [875da3d9-0dec-46c7-88bf-73f7a2372b64:192.168.69.89:39990, df12c920-952d-4704-9c70-1a288e2f77c7:192.168.69.89:43948, 9ceef694-dbcf-4070-b7b1-3b3c65b6a699:192.168.69.89:36536], old=null
2019-10-20 10:28:46,957 [df12c920-952d-4704-9c70-1a288e2f77c7@group-75987F7FE399-LeaderElection250] INFO  impl.LeaderElection (LeaderElection.java:askForVotes(178)) - df12c920-952d-4704-9c70-1a288e2f77c7@group-75987F7FE399-LeaderElection250: begin an election at term 284 for -1: [875da3d9-0dec-46c7-88bf-73f7a2372b64:192.168.69.89:39990, df12c920-952d-4704-9c70-1a288e2f77c7:192.168.69.89:43948, 9ceef694-dbcf-4070-b7b1-3b3c65b6a699:192.168.69.89:36536], old=null
2019-10-20 10:28:46,959 [grpc-default-executor-4] INFO  impl.RaftServerImpl (RaftServerImpl.java:setRole(184)) - 875da3d9-0dec-46c7-88bf-73f7a2372b64@group-75987F7FE399: changes role from  FOLLOWER to FOLLOWER at term 284 for recognizeCandidate:df12c920-952d-4704-9c70-1a288e2f77c7
2019-10-20 10:28:46,959 [grpc-default-executor-4] INFO  impl.RoleInfo (RoleInfo.java:shutdownFollowerState(121)) - 875da3d9-0dec-46c7-88bf-73f7a2372b64: shutdown FollowerState
2019-10-20 10:28:46,959 [grpc-default-executor-3] INFO  impl.RaftServerImpl (RaftServerImpl.java:setRole(184)) - 9ceef694-dbcf-4070-b7b1-3b3c65b6a699@group-75987F7FE399: changes role from  FOLLOWER to FOLLOWER at term 284 for recognizeCandidate:df12c920-952d-4704-9c70-1a288e2f77c7
2019-10-20 10:28:46,959 [Thread-1933] INFO  impl.FollowerState (FollowerState.java:run(117)) - 875da3d9-0dec-46c7-88bf-73f7a2372b64@group-75987F7FE399-FollowerState was interrupted: java.lang.InterruptedException: sleep interrupted
2019-10-20 10:28:46,959 [grpc-default-executor-4] INFO  impl.RoleInfo (RoleInfo.java:updateAndGet(143)) - 875da3d9-0dec-46c7-88bf-73f7a2372b64: start FollowerState
2019-10-20 10:28:46,959 [grpc-default-executor-3] INFO  impl.RoleInfo (RoleInfo.java:shutdownFollowerState(121)) - 9ceef694-dbcf-4070-b7b1-3b3c65b6a699: shutdown FollowerState
2019-10-20 10:28:46,960 [grpc-default-executor-3] INFO  impl.RoleInfo (RoleInfo.java:updateAndGet(143)) - 9ceef694-dbcf-4070-b7b1-3b3c65b6a699: start FollowerState
2019-10-20 10:28:46,960 [Thread-1934] INFO  impl.FollowerState (FollowerState.java:run(117)) - 9ceef694-dbcf-4070-b7b1-3b3c65b6a699@group-75987F7FE399-FollowerState was interrupted: java.lang.InterruptedException: sleep interrupted
2019-10-20 10:28:46,978 [df12c920-952d-4704-9c70-1a288e2f77c7@group-75987F7FE399-LeaderElection250] INFO  impl.LeaderElection (LeaderElection.java:logAndReturn(56)) - df12c920-952d-4704-9c70-1a288e2f77c7@group-75987F7FE399-LeaderElection250: Election REJECTED; received 2 response(s) [df12c920-952d-4704-9c70-1a288e2f77c7<-875da3d9-0dec-46c7-88bf-73f7a2372b64#0:FAIL-t284, df12c920-952d-4704-9c70-1a288e2f77c7<-9ceef694-dbcf-4070-b7b1-3b3c65b6a699#0:FAIL-t284] and 0 exception(s); df12c920-952d-4704-9c70-1a288e2f77c7@group-75987F7FE399:t284, leader=null, voted=df12c920-952d-4704-9c70-1a288e2f77c7, raftlog=df12c920-952d-4704-9c70-1a288e2f77c7@group-75987F7FE399-SegmentedRaftLog:OPENED:c-1,f-1,i0, conf=-1: [875da3d9-0dec-46c7-88bf-73f7a2372b64:192.168.69.89:39990, df12c920-952d-4704-9c70-1a288e2f77c7:192.168.69.89:43948, 9ceef694-dbcf-4070-b7b1-3b3c65b6a699:192.168.69.89:36536], old=null
2019-10-20 10:28:46,978 [df12c920-952d-4704-9c70-1a288e2f77c7@group-75987F7FE399-LeaderElection250] INFO  impl.RaftServerImpl (RaftServerImpl.java:setRole(184)) - df12c920-952d-4704-9c70-1a288e2f77c7@group-75987F7FE399: changes role from CANDIDATE to FOLLOWER at term 284 for DISCOVERED_A_NEW_TERM
2019-10-20 10:28:46,978 [df12c920-952d-4704-9c70-1a288e2f77c7@group-75987F7FE399-LeaderElection250] INFO  impl.RoleInfo (RoleInfo.java:shutdownLeaderElection(134)) - df12c920-952d-4704-9c70-1a288e2f77c7: shutdown LeaderElection
2019-10-20 10:28:46,979 [df12c920-952d-4704-9c70-1a288e2f77c7@group-75987F7FE399-LeaderElection250] INFO  impl.RoleInfo (RoleInfo.java:updateAndGet(143)) - df12c920-952d-4704-9c70-1a288e2f77c7: start FollowerState
2019-10-20 10:28:47,068 [Thread-1939] INFO  impl.FollowerState (FollowerState.java:run(108)) - df12c920-952d-4704-9c70-1a288e2f77c7@group-75987F7FE399-FollowerState: change to CANDIDATE, lastRpcTime:89ms, electionTimeout:89ms
2019-10-20 10:28:47,068 [Thread-1939] INFO  impl.RoleInfo (RoleInfo.java:shutdownFollowerState(121)) - df12c920-952d-4704-9c70-1a288e2f77c7: shutdown FollowerState
2019-10-20 10:28:47,068 [Thread-1939] INFO  impl.RaftServerImpl (RaftServerImpl.java:setRole(184)) - df12c920-952d-4704-9c70-1a288e2f77c7@group-75987F7FE399: changes role from  FOLLOWER to CANDIDATE at term 284 for changeToCandidate
2019-10-20 10:28:47,068 [Thread-1939] INFO  impl.RoleInfo (RoleInfo.java:updateAndGet(143)) - df12c920-952d-4704-9c70-1a288e2f77c7: start LeaderElection
2019-10-20 10:28:47,084 [df12c920-952d-4704-9c70-1a288e2f77c7@group-75987F7FE399-LeaderElection251] INFO  impl.LeaderElection (LeaderElection.java:askForVotes(178)) - df12c920-952d-4704-9c70-1a288e2f77c7@group-75987F7FE399-LeaderElection251: begin an election at term 285 for -1: [875da3d9-0dec-46c7-88bf-73f7a2372b64:192.168.69.89:39990, df12c920-952d-4704-9c70-1a288e2f77c7:192.168.69.89:43948, 9ceef694-dbcf-4070-b7b1-3b3c65b6a699:192.168.69.89:36536], old=null
2019-10-20 10:28:47,086 [grpc-default-executor-4] INFO  impl.RaftServerImpl (RaftServerImpl.java:setRole(184)) - 875da3d9-0dec-46c7-88bf-73f7a2372b64@group-75987F7FE399: changes role from  FOLLOWER to FOLLOWER at term 285 for recognizeCandidate:df12c920-952d-4704-9c70-1a288e2f77c7
2019-10-20 10:28:47,086 [grpc-default-executor-3] INFO  impl.RaftServerImpl (RaftServerImpl.java:setRole(184)) - 9ceef694-dbcf-4070-b7b1-3b3c65b6a699@group-75987F7FE399: changes role from  FOLLOWER to FOLLOWER at term 285 for recognizeCandidate:df12c920-952d-4704-9c70-1a288e2f77c7
2019-10-20 10:28:47,086 [grpc-default-executor-4] INFO  impl.RoleInfo (RoleInfo.java:shutdownFollowerState(121)) - 875da3d9-0dec-46c7-88bf-73f7a2372b64: shutdown FollowerState
2019-10-20 10:28:47,086 [grpc-default-executor-3] INFO  impl.RoleInfo (RoleInfo.java:shutdownFollowerState(121)) - 9ceef694-dbcf-4070-b7b1-3b3c65b6a699: shutdown FollowerState
2019-10-20 10:28:47,086 [Thread-1937] INFO  impl.FollowerState (FollowerState.java:run(117)) - 875da3d9-0dec-46c7-88bf-73f7a2372b64@group-75987F7FE399-FollowerState was interrupted: java.lang.InterruptedException: sleep interrupted
2019-10-20 10:28:47,087 [Thread-1938] INFO  impl.FollowerState (FollowerState.java:run(117)) - 9ceef694-dbcf-4070-b7b1-3b3c65b6a699@group-75987F7FE399-FollowerState was interrupted: java.lang.InterruptedException: sleep interrupted
2019-10-20 10:28:47,086 [grpc-default-executor-4] INFO  impl.RoleInfo (RoleInfo.java:updateAndGet(143)) - 875da3d9-0dec-46c7-88bf-73f7a2372b64: start FollowerState
2019-10-20 10:28:47,086 [grpc-default-executor-3] INFO  impl.RoleInfo (RoleInfo.java:updateAndGet(143)) - 9ceef694-dbcf-4070-b7b1-3b3c65b6a699: start FollowerState
2019-10-20 10:28:47,102 [df12c920-952d-4704-9c70-1a288e2f77c7@group-75987F7FE399-LeaderElection251] INFO  impl.LeaderElection (LeaderElection.java:logAndReturn(56)) - df12c920-952d-4704-9c70-1a288e2f77c7@group-75987F7FE399-LeaderElection251: Election REJECTED; received 2 response(s) [df12c920-952d-4704-9c70-1a288e2f77c7<-875da3d9-0dec-46c7-88bf-73f7a2372b64#0:FAIL-t285, df12c920-952d-4704-9c70-1a288e2f77c7<-9ceef694-dbcf-4070-b7b1-3b3c65b6a699#0:FAIL-t285] and 0 exception(s); df12c920-952d-4704-9c70-1a288e2f77c7@group-75987F7FE399:t285, leader=null, voted=df12c920-952d-4704-9c70-1a288e2f77c7, raftlog=df12c920-952d-4704-9c70-1a288e2f77c7@group-75987F7FE399-SegmentedRaftLog:OPENED:c-1,f-1,i0, conf=-1: [875da3d9-0dec-46c7-88bf-73f7a2372b64:192.168.69.89:39990, df12c920-952d-4704-9c70-1a288e2f77c7:192.168.69.89:43948, 9ceef694-dbcf-4070-b7b1-3b3c65b6a699:192.168.69.89:36536], old=null
2019-10-20 10:28:47,102 [df12c920-952d-4704-9c70-1a288e2f77c7@group-75987F7FE399-LeaderElection251] INFO  impl.RaftServerImpl (RaftServerImpl.java:setRole(184)) - df12c920-952d-4704-9c70-1a288e2f77c7@group-75987F7FE399: changes role from CANDIDATE to FOLLOWER at term 285 for DISCOVERED_A_NEW_TERM
2019-10-20 10:28:47,102 [df12c920-952d-4704-9c70-1a288e2f77c7@group-75987F7FE399-LeaderElection251] INFO  impl.RoleInfo (RoleInfo.java:shutdownLeaderElection(134)) - df12c920-952d-4704-9c70-1a288e2f77c7: shutdown LeaderElection
2019-10-20 10:28:47,102 [df12c920-952d-4704-9c70-1a288e2f77c7@group-75987F7FE399-LeaderElection251] INFO  impl.RoleInfo (RoleInfo.java:updateAndGet(143)) - df12c920-952d-4704-9c70-1a288e2f77c7: start FollowerState
2019-10-20 10:28:47,233 [Thread-1945] INFO  impl.FollowerState (FollowerState.java:run(108)) - df12c920-952d-4704-9c70-1a288e2f77c7@group-75987F7FE399-FollowerState: change to CANDIDATE, lastRpcTime:131ms, electionTimeout:131ms
2019-10-20 10:28:47,234 [Thread-1945] INFO  impl.RoleInfo (RoleInfo.java:shutdownFollowerState(121)) - df12c920-952d-4704-9c70-1a288e2f77c7: shutdown FollowerState
2019-10-20 10:28:47,234 [Thread-1945] INFO  impl.RaftServerImpl (RaftServerImpl.java:setRole(184)) - df12c920-952d-4704-9c70-1a288e2f77c7@group-75987F7FE399: changes role from  FOLLOWER to CANDIDATE at term 285 for changeToCandidate
2019-10-20 10:28:47,234 [Thread-1945] INFO  impl.RoleInfo (RoleInfo.java:updateAndGet(143)) - df12c920-952d-4704-9c70-1a288e2f77c7: start LeaderElection
2019-10-20 10:28:47,247 [df12c920-952d-4704-9c70-1a288e2f77c7@group-75987F7FE399-LeaderElection252] INFO  impl.LeaderElection (LeaderElection.java:askForVotes(178)) - df12c920-952d-4704-9c70-1a288e2f77c7@group-75987F7FE399-LeaderElection252: begin an election at term 286 for -1: [875da3d9-0dec-46c7-88bf-73f7a2372b64:192.168.69.89:39990, df12c920-952d-4704-9c70-1a288e2f77c7:192.168.69.89:43948, 9ceef694-dbcf-4070-b7b1-3b3c65b6a699:192.168.69.89:36536], old=null
2019-10-20 10:28:47,249 [grpc-default-executor-4] INFO  impl.RaftServerImpl (RaftServerImpl.java:setRole(184)) - 9ceef694-dbcf-4070-b7b1-3b3c65b6a699@group-75987F7FE399: changes role from  FOLLOWER to FOLLOWER at term 286 for recognizeCandidate:df12c920-952d-4704-9c70-1a288e2f77c7
2019-10-20 10:28:47,249 [grpc-default-executor-3] INFO  impl.RaftServerImpl (RaftServerImpl.java:setRole(184)) - 875da3d9-0dec-46c7-88bf-73f7a2372b64@group-75987F7FE399: changes role from  FOLLOWER to FOLLOWER at term 286 for recognizeCandidate:df12c920-952d-4704-9c70-1a288e2f77c7
2019-10-20 10:28:47,250 [grpc-default-executor-4] INFO  impl.RoleInfo (RoleInfo.java:shutdownFollowerState(121)) - 9ceef694-dbcf-4070-b7b1-3b3c65b6a699: shutdown FollowerState
2019-10-20 10:28:47,250 [grpc-default-executor-3] INFO  impl.RoleInfo (RoleInfo.java:shutdownFollowerState(121)) - 875da3d9-0dec-46c7-88bf-73f7a2372b64: shutdown FollowerState
2019-10-20 10:28:47,250 [Thread-1944] INFO  impl.FollowerState (FollowerState.java:run(117)) - 9ceef694-dbcf-4070-b7b1-3b3c65b6a699@group-75987F7FE399-FollowerState was interrupted: java.lang.InterruptedException: sleep interrupted
2019-10-20 10:28:47,250 [grpc-default-executor-4] INFO  impl.RoleInfo (RoleInfo.java:updateAndGet(143)) - 9ceef694-dbcf-4070-b7b1-3b3c65b6a699: start FollowerState
2019-10-20 10:28:47,250 [Thread-1943] INFO  impl.FollowerState (FollowerState.java:run(117)) - 875da3d9-0dec-46c7-88bf-73f7a2372b64@group-75987F7FE399-FollowerState was interrupted: java.lang.InterruptedException: sleep interrupted
2019-10-20 10:28:47,250 [grpc-default-executor-3] INFO  impl.RoleInfo (RoleInfo.java:updateAndGet(143)) - 875da3d9-0dec-46c7-88bf-73f7a2372b64: start FollowerState
2019-10-20 10:28:47,266 [df12c920-952d-4704-9c70-1a288e2f77c7@group-75987F7FE399-LeaderElection252] INFO  impl.LeaderElection (LeaderElection.java:logAndReturn(56)) - df12c920-952d-4704-9c70-1a288e2f77c7@group-75987F7FE399-LeaderElection252: Election REJECTED; received 2 response(s) [df12c920-952d-4704-9c70-1a288e2f77c7<-875da3d9-0dec-46c7-88bf-73f7a2372b64#0:FAIL-t286, df12c920-952d-4704-9c70-1a288e2f77c7<-9ceef694-dbcf-4070-b7b1-3b3c65b6a699#0:FAIL-t286] and 0 exception(s); df12c920-952d-4704-9c70-1a288e2f77c7@group-75987F7FE399:t286, leader=null, voted=df12c920-952d-4704-9c70-1a288e2f77c7, raftlog=df12c920-952d-4704-9c70-1a288e2f77c7@group-75987F7FE399-SegmentedRaftLog:OPENED:c-1,f-1,i0, conf=-1: [875da3d9-0dec-46c7-88bf-73f7a2372b64:192.168.69.89:39990, df12c920-952d-4704-9c70-1a288e2f77c7:192.168.69.89:43948, 9ceef694-dbcf-4070-b7b1-3b3c65b6a699:192.168.69.89:36536], old=null
2019-10-20 10:28:47,266 [df12c920-952d-4704-9c70-1a288e2f77c7@group-75987F7FE399-LeaderElection252] INFO  impl.RaftServerImpl (RaftServerImpl.java:setRole(184)) - df12c920-952d-4704-9c70-1a288e2f77c7@group-75987F7FE399: changes role from CANDIDATE to FOLLOWER at term 286 for DISCOVERED_A_NEW_TERM
2019-10-20 10:28:47,266 [df12c920-952d-4704-9c70-1a288e2f77c7@group-75987F7FE399-LeaderElection252] INFO  impl.RoleInfo (RoleInfo.java:shutdownLeaderElection(134)) - df12c920-952d-4704-9c70-1a288e2f77c7: shutdown LeaderElection
2019-10-20 10:28:47,266 [df12c920-952d-4704-9c70-1a288e2f77c7@group-75987F7FE399-LeaderElection252] INFO  impl.RoleInfo (RoleInfo.java:updateAndGet(143)) - df12c920-952d-4704-9c70-1a288e2f77c7: start FollowerState
2019-10-20 10:28:47,455 [Thread-1953] INFO  impl.FollowerState (FollowerState.java:run(108)) - df12c920-952d-4704-9c70-1a288e2f77c7@group-75987F7FE399-FollowerState: change to CANDIDATE, lastRpcTime:188ms, electionTimeout:188ms
2019-10-20 10:28:47,455 [Thread-1953] INFO  impl.RoleInfo (RoleInfo.java:shutdownFollowerState(121)) - df12c920-952d-4704-9c70-1a288e2f77c7: shutdown FollowerState
2019-10-20 10:28:47,455 [Thread-1953] INFO  impl.RaftServerImpl (RaftServerImpl.java:setRole(184)) - df12c920-952d-4704-9c70-1a288e2f77c7@group-75987F7FE399: changes role from  FOLLOWER to CANDIDATE at term 286 for changeToCandidate
2019-10-20 10:28:47,455 [Thread-1953] INFO  impl.RoleInfo (RoleInfo.java:updateAndGet(143)) - df12c920-952d-4704-9c70-1a288e2f77c7: start LeaderElection
2019-10-20 10:28:47,469 [df12c920-952d-4704-9c70-1a288e2f77c7@group-75987F7FE399-LeaderElection253] INFO  impl.LeaderElection (LeaderElection.java:askForVotes(178)) - df12c920-952d-4704-9c70-1a288e2f77c7@group-75987F7FE399-LeaderElection253: begin an election at term 287 for -1: [875da3d9-0dec-46c7-88bf-73f7a2372b64:192.168.69.89:39990, df12c920-952d-4704-9c70-1a288e2f77c7:192.168.69.89:43948, 9ceef694-dbcf-4070-b7b1-3b3c65b6a699:192.168.69.89:36536], old=null
2019-10-20 10:28:47,471 [grpc-default-executor-4] INFO  impl.RaftServerImpl (RaftServerImpl.java:setRole(184)) - 9ceef694-dbcf-4070-b7b1-3b3c65b6a699@group-75987F7FE399: changes role from  FOLLOWER to FOLLOWER at term 287 for recognizeCandidate:df12c920-952d-4704-9c70-1a288e2f77c7
2019-10-20 10:28:47,471 [grpc-default-executor-3] INFO  impl.RaftServerImpl (RaftServerImpl.java:setRole(184)) - 875da3d9-0dec-46c7-88bf-73f7a2372b64@group-75987F7FE399: changes role from  FOLLOWER to FOLLOWER at term 287 for recognizeCandidate:df12c920-952d-4704-9c70-1a288e2f77c7
2019-10-20 10:28:47,471 [grpc-default-executor-4] INFO  impl.RoleInfo (RoleInfo.java:shutdownFollowerState(121)) - 9ceef694-dbcf-4070-b7b1-3b3c65b6a699: shutdown FollowerState
2019-10-20 10:28:47,471 [grpc-default-executor-3] INFO  impl.RoleInfo (RoleInfo.java:shutdownFollowerState(121)) - 875da3d9-0dec-46c7-88bf-73f7a2372b64: shutdown FollowerState
2019-10-20 10:28:47,471 [Thread-1951] INFO  impl.FollowerState (FollowerState.java:run(117)) - 9ceef694-dbcf-4070-b7b1-3b3c65b6a699@group-75987F7FE399-FollowerState was interrupted: java.lang.InterruptedException: sleep interrupted
2019-10-20 10:28:47,471 [grpc-default-executor-4] INFO  impl.RoleInfo (RoleInfo.java:updateAndGet(143)) - 9ceef694-dbcf-4070-b7b1-3b3c65b6a699: start FollowerState
2019-10-20 10:28:47,471 [Thread-1952] INFO  impl.FollowerState (FollowerState.java:run(117)) - 875da3d9-0dec-46c7-88bf-73f7a2372b64@group-75987F7FE399-FollowerState was interrupted: java.lang.InterruptedException: sleep interrupted
2019-10-20 10:28:47,471 [grpc-default-executor-3] INFO  impl.RoleInfo (RoleInfo.java:updateAndGet(143)) - 875da3d9-0dec-46c7-88bf-73f7a2372b64: start FollowerState
2019-10-20 10:28:47,485 [df12c920-952d-4704-9c70-1a288e2f77c7@group-75987F7FE399-LeaderElection253] INFO  impl.LeaderElection (LeaderElection.java:logAndReturn(56)) - df12c920-952d-4704-9c70-1a288e2f77c7@group-75987F7FE399-LeaderElection253: Election REJECTED; received 2 response(s) [df12c920-952d-4704-9c70-1a288e2f77c7<-875da3d9-0dec-46c7-88bf-73f7a2372b64#0:FAIL-t287, df12c920-952d-4704-9c70-1a288e2f77c7<-9ceef694-dbcf-4070-b7b1-3b3c65b6a699#0:FAIL-t287] and 0 exception(s); df12c920-952d-4704-9c70-1a288e2f77c7@group-75987F7FE399:t287, leader=null, voted=df12c920-952d-4704-9c70-1a288e2f77c7, raftlog=df12c920-952d-4704-9c70-1a288e2f77c7@group-75987F7FE399-SegmentedRaftLog:OPENED:c-1,f-1,i0, conf=-1: [875da3d9-0dec-46c7-88bf-73f7a2372b64:192.168.69.89:39990, df12c920-952d-4704-9c70-1a288e2f77c7:192.168.69.89:43948, 9ceef694-dbcf-4070-b7b1-3b3c65b6a699:192.168.69.89:36536], old=null
2019-10-20 10:28:47,485 [df12c920-952d-4704-9c70-1a288e2f77c7@group-75987F7FE399-LeaderElection253] INFO  impl.RaftServerImpl (RaftServerImpl.java:setRole(184)) - df12c920-952d-4704-9c70-1a288e2f77c7@group-75987F7FE399: changes role from CANDIDATE to FOLLOWER at term 287 for DISCOVERED_A_NEW_TERM
2019-10-20 10:28:47,485 [df12c920-952d-4704-9c70-1a288e2f77c7@group-75987F7FE399-LeaderElection253] INFO  impl.RoleInfo (RoleInfo.java:shutdownLeaderElection(134)) - df12c920-952d-4704-9c70-1a288e2f77c7: shutdown LeaderElection
2019-10-20 10:28:47,485 [df12c920-952d-4704-9c70-1a288e2f77c7@group-75987F7FE399-LeaderElection253] INFO  impl.RoleInfo (RoleInfo.java:updateAndGet(143)) - df12c920-952d-4704-9c70-1a288e2f77c7: start FollowerState
2019-10-20 10:28:47,539 [Thread-1959] INFO  impl.FollowerState (FollowerState.java:run(108)) - df12c920-952d-4704-9c70-1a288e2f77c7@group-75987F7FE399-FollowerState: change to CANDIDATE, lastRpcTime:54ms, electionTimeout:54ms
2019-10-20 10:28:47,539 [Thread-1959] INFO  impl.RoleInfo (RoleInfo.java:shutdownFollowerState(121)) - df12c920-952d-4704-9c70-1a288e2f77c7: shutdown FollowerState
2019-10-20 10:28:47,540 [Thread-1959] INFO  impl.RaftServerImpl (RaftServerImpl.java:setRole(184)) - df12c920-952d-4704-9c70-1a288e2f77c7@group-75987F7FE399: changes role from  FOLLOWER to CANDIDATE at term 287 for changeToCandidate
2019-10-20 10:28:47,540 [Thread-1959] INFO  impl.RoleInfo (RoleInfo.java:updateAndGet(143)) - df12c920-952d-4704-9c70-1a288e2f77c7: start LeaderElection
2019-10-20 10:28:47,553 [df12c920-952d-4704-9c70-1a288e2f77c7@group-75987F7FE399-LeaderElection254] INFO  impl.LeaderElection (LeaderElection.java:askForVotes(178)) - df12c920-952d-4704-9c70-1a288e2f77c7@group-75987F7FE399-LeaderElection254: begin an election at term 288 for -1: [875da3d9-0dec-46c7-88bf-73f7a2372b64:192.168.69.89:39990, df12c920-952d-4704-9c70-1a288e2f77c7:192.168.69.89:43948, 9ceef694-dbcf-4070-b7b1-3b3c65b6a699:192.168.69.89:36536], old=null
2019-10-20 10:28:47,555 [grpc-default-executor-3] INFO  impl.RaftServerImpl (RaftServerImpl.java:setRole(184)) - 875da3d9-0dec-46c7-88bf-73f7a2372b64@group-75987F7FE399: changes role from  FOLLOWER to FOLLOWER at term 288 for recognizeCandidate:df12c920-952d-4704-9c70-1a288e2f77c7
2019-10-20 10:28:47,555 [grpc-default-executor-4] INFO  impl.RaftServerImpl (RaftServerImpl.java:setRole(184)) - 9ceef694-dbcf-4070-b7b1-3b3c65b6a699@group-75987F7FE399: changes role from  FOLLOWER to FOLLOWER at term 288 for recognizeCandidate:df12c920-952d-4704-9c70-1a288e2f77c7
2019-10-20 10:28:47,555 [grpc-default-executor-3] INFO  impl.RoleInfo (RoleInfo.java:shutdownFollowerState(121)) - 875da3d9-0dec-46c7-88bf-73f7a2372b64: shutdown FollowerState
2019-10-20 10:28:47,556 [grpc-default-executor-4] INFO  impl.RoleInfo (RoleInfo.java:shutdownFollowerState(121)) - 9ceef694-dbcf-4070-b7b1-3b3c65b6a699: shutdown FollowerState
2019-10-20 10:28:47,556 [Thread-1958] INFO  impl.FollowerState (FollowerState.java:run(117)) - 875da3d9-0dec-46c7-88bf-73f7a2372b64@group-75987F7FE399-FollowerState was interrupted: java.lang.InterruptedException: sleep interrupted
2019-10-20 10:28:47,556 [grpc-default-executor-3] INFO  impl.RoleInfo (RoleInfo.java:updateAndGet(143)) - 875da3d9-0dec-46c7-88bf-73f7a2372b64: start FollowerState
2019-10-20 10:28:47,556 [Thread-1957] INFO  impl.FollowerState (FollowerState.java:run(117)) - 9ceef694-dbcf-4070-b7b1-3b3c65b6a699@group-75987F7FE399-FollowerState was interrupted: java.lang.InterruptedException: sleep interrupted
2019-10-20 10:28:47,556 [grpc-default-executor-4] INFO  impl.RoleInfo (RoleInfo.java:updateAndGet(143)) - 9ceef694-dbcf-4070-b7b1-3b3c65b6a699: start FollowerState
2019-10-20 10:28:47,558 [df12c920-952d-4704-9c70-1a288e2f77c7@group-75987F7FE399-LeaderElection254] INFO  impl.LeaderElection (LeaderElection.java:logAndReturn(56)) - df12c920-952d-4704-9c70-1a288e2f77c7@group-75987F7FE399-LeaderElection254: Election TIMEOUT; received 0 response(s) [] and 0 exception(s); df12c920-952d-4704-9c70-1a288e2f77c7@group-75987F7FE399:t288, leader=null, voted=df12c920-952d-4704-9c70-1a288e2f77c7, raftlog=df12c920-952d-4704-9c70-1a288e2f77c7@group-75987F7FE399-SegmentedRaftLog:OPENED:c-1,f-1,i0, conf=-1: [875da3d9-0dec-46c7-88bf-73f7a2372b64:192.168.69.89:39990, df12c920-952d-4704-9c70-1a288e2f77c7:192.168.69.89:43948, 9ceef694-dbcf-4070-b7b1-3b3c65b6a699:192.168.69.89:36536], old=null
2019-10-20 10:28:47,569 [df12c920-952d-4704-9c70-1a288e2f77c7@group-75987F7FE399-LeaderElection254] INFO  impl.LeaderElection (LeaderElection.java:askForVotes(178)) - df12c920-952d-4704-9c70-1a288e2f77c7@group-75987F7FE399-LeaderElection254: begin an election at term 289 for -1: [875da3d9-0dec-46c7-88bf-73f7a2372b64:192.168.69.89:39990, df12c920-952d-4704-9c70-1a288e2f77c7:192.168.69.89:43948, 9ceef694-dbcf-4070-b7b1-3b3c65b6a699:192.168.69.89:36536], old=null
2019-10-20 10:28:47,571 [grpc-default-executor-4] INFO  impl.RaftServerImpl (RaftServerImpl.java:setRole(184)) - 875da3d9-0dec-46c7-88bf-73f7a2372b64@group-75987F7FE399: changes role from  FOLLOWER to FOLLOWER at term 289 for recognizeCandidate:df12c920-952d-4704-9c70-1a288e2f77c7
2019-10-20 10:28:47,571 [grpc-default-executor-3] INFO  impl.RaftServerImpl (RaftServerImpl.java:setRole(184)) - 9ceef694-dbcf-4070-b7b1-3b3c65b6a699@group-75987F7FE399: changes role from  FOLLOWER to FOLLOWER at term 289 for recognizeCandidate:df12c920-952d-4704-9c70-1a288e2f77c7
2019-10-20 10:28:47,571 [grpc-default-executor-3] INFO  impl.RoleInfo (RoleInfo.java:shutdownFollowerState(121)) - 9ceef694-dbcf-4070-b7b1-3b3c65b6a699: shutdown FollowerState
2019-10-20 10:28:47,571 [grpc-default-executor-4] INFO  impl.RoleInfo (RoleInfo.java:shutdownFollowerState(121)) - 875da3d9-0dec-46c7-88bf-73f7a2372b64: shutdown FollowerState
2019-10-20 10:28:47,571 [Thread-1964] INFO  impl.FollowerState (FollowerState.java:run(117)) - 9ceef694-dbcf-4070-b7b1-3b3c65b6a699@group-75987F7FE399-FollowerState was interrupted: java.lang.InterruptedException: sleep interrupted
2019-10-20 10:28:47,571 [grpc-default-executor-3] INFO  impl.RoleInfo (RoleInfo.java:updateAndGet(143)) - 9ceef694-dbcf-4070-b7b1-3b3c65b6a699: start FollowerState
2019-10-20 10:28:47,571 [Thread-1963] INFO  impl.FollowerState (FollowerState.java:run(117)) - 875da3d9-0dec-46c7-88bf-73f7a2372b64@group-75987F7FE399-FollowerState was interrupted: java.lang.InterruptedException: sleep interrupted
2019-10-20 10:28:47,571 [grpc-default-executor-4] INFO  impl.RoleInfo (RoleInfo.java:updateAndGet(143)) - 875da3d9-0dec-46c7-88bf-73f7a2372b64: start FollowerState
2019-10-20 10:28:47,593 [df12c920-952d-4704-9c70-1a288e2f77c7@group-75987F7FE399-LeaderElection254] INFO  impl.LeaderElection (LeaderElection.java:logAndReturn(56)) - df12c920-952d-4704-9c70-1a288e2f77c7@group-75987F7FE399-LeaderElection254: Election REJECTED; received 2 response(s) [df12c920-952d-4704-9c70-1a288e2f77c7<-875da3d9-0dec-46c7-88bf-73f7a2372b64#0:FAIL-t289, df12c920-952d-4704-9c70-1a288e2f77c7<-9ceef694-dbcf-4070-b7b1-3b3c65b6a699#0:FAIL-t289] and 0 exception(s); df12c920-952d-4704-9c70-1a288e2f77c7@group-75987F7FE399:t289, leader=null, voted=df12c920-952d-4704-9c70-1a288e2f77c7, raftlog=df12c920-952d-4704-9c70-1a288e2f77c7@group-75987F7FE399-SegmentedRaftLog:OPENED:c-1,f-1,i0, conf=-1: [875da3d9-0dec-46c7-88bf-73f7a2372b64:192.168.69.89:39990, df12c920-952d-4704-9c70-1a288e2f77c7:192.168.69.89:43948, 9ceef694-dbcf-4070-b7b1-3b3c65b6a699:192.168.69.89:36536], old=null
2019-10-20 10:28:47,593 [df12c920-952d-4704-9c70-1a288e2f77c7@group-75987F7FE399-LeaderElection254] INFO  impl.RaftServerImpl (RaftServerImpl.java:setRole(184)) - df12c920-952d-4704-9c70-1a288e2f77c7@group-75987F7FE399: changes role from CANDIDATE to FOLLOWER at term 289 for DISCOVERED_A_NEW_TERM
2019-10-20 10:28:47,593 [df12c920-952d-4704-9c70-1a288e2f77c7@group-75987F7FE399-LeaderElection254] INFO  impl.RoleInfo (RoleInfo.java:shutdownLeaderElection(134)) - df12c920-952d-4704-9c70-1a288e2f77c7: shutdown LeaderElection
2019-10-20 10:28:47,594 [df12c920-952d-4704-9c70-1a288e2f77c7@group-75987F7FE399-LeaderElection254] INFO  impl.RoleInfo (RoleInfo.java:updateAndGet(143)) - df12c920-952d-4704-9c70-1a288e2f77c7: start FollowerState
2019-10-20 10:28:47,621 [Thread-1969] INFO  impl.FollowerState (FollowerState.java:run(108)) - df12c920-952d-4704-9c70-1a288e2f77c7@group-75987F7FE399-FollowerState: change to CANDIDATE, lastRpcTime:27ms, electionTimeout:27ms
2019-10-20 10:28:47,621 [Thread-1969] INFO  impl.RoleInfo (RoleInfo.java:shutdownFollowerState(121)) - df12c920-952d-4704-9c70-1a288e2f77c7: shutdown FollowerState
2019-10-20 10:28:47,621 [Thread-1969] INFO  impl.RaftServerImpl (RaftServerImpl.java:setRole(184)) - df12c920-952d-4704-9c70-1a288e2f77c7@group-75987F7FE399: changes role from  FOLLOWER to CANDIDATE at term 289 for changeToCandidate
2019-10-20 10:28:47,621 [Thread-1969] INFO  impl.RoleInfo (RoleInfo.java:updateAndGet(143)) - df12c920-952d-4704-9c70-1a288e2f77c7: start LeaderElection
2019-10-20 10:28:47,636 [df12c920-952d-4704-9c70-1a288e2f77c7@group-75987F7FE399-LeaderElection255] INFO  impl.LeaderElection (LeaderElection.java:askForVotes(178)) - df12c920-952d-4704-9c70-1a288e2f77c7@group-75987F7FE399-LeaderElection255: begin an election at term 290 for -1: [875da3d9-0dec-46c7-88bf-73f7a2372b64:192.168.69.89:39990, df12c920-952d-4704-9c70-1a288e2f77c7:192.168.69.89:43948, 9ceef694-dbcf-4070-b7b1-3b3c65b6a699:192.168.69.89:36536], old=null
2019-10-20 10:28:47,638 [grpc-default-executor-4] INFO  impl.RaftServerImpl (RaftServerImpl.java:setRole(184)) - 9ceef694-dbcf-4070-b7b1-3b3c65b6a699@group-75987F7FE399: changes role from  FOLLOWER to FOLLOWER at term 290 for recognizeCandidate:df12c920-952d-4704-9c70-1a288e2f77c7
2019-10-20 10:28:47,638 [grpc-default-executor-4] INFO  impl.RoleInfo (RoleInfo.java:shutdownFollowerState(121)) - 9ceef694-dbcf-4070-b7b1-3b3c65b6a699: shutdown FollowerState
2019-10-20 10:28:47,638 [grpc-default-executor-3] INFO  impl.RaftServerImpl (RaftServerImpl.java:setRole(184)) - 875da3d9-0dec-46c7-88bf-73f7a2372b64@group-75987F7FE399: changes role from  FOLLOWER to FOLLOWER at term 290 for recognizeCandidate:df12c920-952d-4704-9c70-1a288e2f77c7
2019-10-20 10:28:47,638 [grpc-default-executor-3] INFO  impl.RoleInfo (RoleInfo.java:shutdownFollowerState(121)) - 875da3d9-0dec-46c7-88bf-73f7a2372b64: shutdown FollowerState
2019-10-20 10:28:47,638 [Thread-1967] INFO  impl.FollowerState (FollowerState.java:run(117)) - 9ceef694-dbcf-4070-b7b1-3b3c65b6a699@group-75987F7FE399-FollowerState was interrupted: java.lang.InterruptedException: sleep interrupted
2019-10-20 10:28:47,638 [grpc-default-executor-4] INFO  impl.RoleInfo (RoleInfo.java:updateAndGet(143)) - 9ceef694-dbcf-4070-b7b1-3b3c65b6a699: start FollowerState
2019-10-20 10:28:47,639 [Thread-1968] INFO  impl.FollowerState (FollowerState.java:run(117)) - 875da3d9-0dec-46c7-88bf-73f7a2372b64@group-75987F7FE399-FollowerState was interrupted: java.lang.InterruptedException: sleep interrupted
2019-10-20 10:28:47,639 [grpc-default-executor-3] INFO  impl.RoleInfo (RoleInfo.java:updateAndGet(143)) - 875da3d9-0dec-46c7-88bf-73f7a2372b64: start FollowerState
2019-10-20 10:28:47,653 [df12c920-952d-4704-9c70-1a288e2f77c7@group-75987F7FE399-LeaderElection255] INFO  impl.LeaderElection (LeaderElection.java:logAndReturn(56)) - df12c920-952d-4704-9c70-1a288e2f77c7@group-75987F7FE399-LeaderElection255: Election REJECTED; received 2 response(s) [df12c920-952d-4704-9c70-1a288e2f77c7<-875da3d9-0dec-46c7-88bf-73f7a2372b64#0:FAIL-t290, df12c920-952d-4704-9c70-1a288e2f77c7<-9ceef694-dbcf-4070-b7b1-3b3c65b6a699#0:FAIL-t290] and 0 exception(s); df12c920-952d-4704-9c70-1a288e2f77c7@group-75987F7FE399:t290, leader=null, voted=df12c920-952d-4704-9c70-1a288e2f77c7, raftlog=df12c920-952d-4704-9c70-1a288e2f77c7@group-75987F7FE399-SegmentedRaftLog:OPENED:c-1,f-1,i0, conf=-1: [875da3d9-0dec-46c7-88bf-73f7a2372b64:192.168.69.89:39990, df12c920-952d-4704-9c70-1a288e2f77c7:192.168.69.89:43948, 9ceef694-dbcf-4070-b7b1-3b3c65b6a699:192.168.69.89:36536], old=null
2019-10-20 10:28:47,653 [df12c920-952d-4704-9c70-1a288e2f77c7@group-75987F7FE399-LeaderElection255] INFO  impl.RaftServerImpl (RaftServerImpl.java:setRole(184)) - df12c920-952d-4704-9c70-1a288e2f77c7@group-75987F7FE399: changes role from CANDIDATE to FOLLOWER at term 290 for DISCOVERED_A_NEW_TERM
2019-10-20 10:28:47,654 [df12c920-952d-4704-9c70-1a288e2f77c7@group-75987F7FE399-LeaderElection255] INFO  impl.RoleInfo (RoleInfo.java:shutdownLeaderElection(134)) - df12c920-952d-4704-9c70-1a288e2f77c7: shutdown LeaderElection
2019-10-20 10:28:47,654 [df12c920-952d-4704-9c70-1a288e2f77c7@group-75987F7FE399-LeaderElection255] INFO  impl.RoleInfo (RoleInfo.java:updateAndGet(143)) - df12c920-952d-4704-9c70-1a288e2f77c7: start FollowerState
2019-10-20 10:28:47,772 [Thread-1975] INFO  impl.FollowerState (FollowerState.java:run(108)) - df12c920-952d-4704-9c70-1a288e2f77c7@group-75987F7FE399-FollowerState: change to CANDIDATE, lastRpcTime:118ms, electionTimeout:118ms
2019-10-20 10:28:47,772 [Thread-1975] INFO  impl.RoleInfo (RoleInfo.java:shutdownFollowerState(121)) - df12c920-952d-4704-9c70-1a288e2f77c7: shutdown FollowerState
2019-10-20 10:28:47,772 [Thread-1975] INFO  impl.RaftServerImpl (RaftServerImpl.java:setRole(184)) - df12c920-952d-4704-9c70-1a288e2f77c7@group-75987F7FE399: changes role from  FOLLOWER to CANDIDATE at term 290 for changeToCandidate
2019-10-20 10:28:47,772 [Thread-1975] INFO  impl.RoleInfo (RoleInfo.java:updateAndGet(143)) - df12c920-952d-4704-9c70-1a288e2f77c7: start LeaderElection
2019-10-20 10:28:47,786 [df12c920-952d-4704-9c70-1a288e2f77c7@group-75987F7FE399-LeaderElection256] INFO  impl.LeaderElection (LeaderElection.java:askForVotes(178)) - df12c920-952d-4704-9c70-1a288e2f77c7@group-75987F7FE399-LeaderElection256: begin an election at term 291 for -1: [875da3d9-0dec-46c7-88bf-73f7a2372b64:192.168.69.89:39990, df12c920-952d-4704-9c70-1a288e2f77c7:192.168.69.89:43948, 9ceef694-dbcf-4070-b7b1-3b3c65b6a699:192.168.69.89:36536], old=null
2019-10-20 10:28:47,788 [grpc-default-executor-4] INFO  impl.RaftServerImpl (RaftServerImpl.java:setRole(184)) - 875da3d9-0dec-46c7-88bf-73f7a2372b64@group-75987F7FE399: changes role from  FOLLOWER to FOLLOWER at term 291 for recognizeCandidate:df12c920-952d-4704-9c70-1a288e2f77c7
2019-10-20 10:28:47,788 [grpc-default-executor-3] INFO  impl.RaftServerImpl (RaftServerImpl.java:setRole(184)) - 9ceef694-dbcf-4070-b7b1-3b3c65b6a699@group-75987F7FE399: changes role from  FOLLOWER to FOLLOWER at term 291 for recognizeCandidate:df12c920-952d-4704-9c70-1a288e2f77c7
2019-10-20 10:28:47,788 [grpc-default-executor-4] INFO  impl.RoleInfo (RoleInfo.java:shutdownFollowerState(121)) - 875da3d9-0dec-46c7-88bf-73f7a2372b64: shutdown FollowerState
2019-10-20 10:28:47,789 [grpc-default-executor-4] INFO  impl.RoleInfo (RoleInfo.java:updateAndGet(143)) - 875da3d9-0dec-46c7-88bf-73f7a2372b64: start FollowerState
2019-10-20 10:28:47,788 [grpc-default-executor-3] INFO  impl.RoleInfo (RoleInfo.java:shutdownFollowerState(121)) - 9ceef694-dbcf-4070-b7b1-3b3c65b6a699: shutdown FollowerState
2019-10-20 10:28:47,789 [Thread-1974] INFO  impl.FollowerState (FollowerState.java:run(117)) - 875da3d9-0dec-46c7-88bf-73f7a2372b64@group-75987F7FE399-FollowerState was interrupted: java.lang.InterruptedException: sleep interrupted
2019-10-20 10:28:47,789 [Thread-1973] INFO  impl.FollowerState (FollowerState.java:run(117)) - 9ceef694-dbcf-4070-b7b1-3b3c65b6a699@group-75987F7FE399-FollowerState was interrupted: java.lang.InterruptedException: sleep interrupted
2019-10-20 10:28:47,789 [grpc-default-executor-3] INFO  impl.RoleInfo (RoleInfo.java:updateAndGet(143)) - 9ceef694-dbcf-4070-b7b1-3b3c65b6a699: start FollowerState
2019-10-20 10:28:47,804 [df12c920-952d-4704-9c70-1a288e2f77c7@group-75987F7FE399-LeaderElection256] INFO  impl.LeaderElection (LeaderElection.java:logAndReturn(56)) - df12c920-952d-4704-9c70-1a288e2f77c7@group-75987F7FE399-LeaderElection256: Election REJECTED; received 2 response(s) [df12c920-952d-4704-9c70-1a288e2f77c7<-875da3d9-0dec-46c7-88bf-73f7a2372b64#0:FAIL-t291, df12c920-952d-4704-9c70-1a288e2f77c7<-9ceef694-dbcf-4070-b7b1-3b3c65b6a699#0:FAIL-t291] and 0 exception(s); df12c920-952d-4704-9c70-1a288e2f77c7@group-75987F7FE399:t291, leader=null, voted=df12c920-952d-4704-9c70-1a288e2f77c7, raftlog=df12c920-952d-4704-9c70-1a288e2f77c7@group-75987F7FE399-SegmentedRaftLog:OPENED:c-1,f-1,i0, conf=-1: [875da3d9-0dec-46c7-88bf-73f7a2372b64:192.168.69.89:39990, df12c920-952d-4704-9c70-1a288e2f77c7:192.168.69.89:43948, 9ceef694-dbcf-4070-b7b1-3b3c65b6a699:192.168.69.89:36536], old=null
2019-10-20 10:28:47,804 [df12c920-952d-4704-9c70-1a288e2f77c7@group-75987F7FE399-LeaderElection256] INFO  impl.RaftServerImpl (RaftServerImpl.java:setRole(184)) - df12c920-952d-4704-9c70-1a288e2f77c7@group-75987F7FE399: changes role from CANDIDATE to FOLLOWER at term 291 for DISCOVERED_A_NEW_TERM
2019-10-20 10:28:47,804 [df12c920-952d-4704-9c70-1a288e2f77c7@group-75987F7FE399-LeaderElection256] INFO  impl.RoleInfo (RoleInfo.java:shutdownLeaderElection(134)) - df12c920-952d-4704-9c70-1a288e2f77c7: shutdown LeaderElection
2019-10-20 10:28:47,804 [df12c920-952d-4704-9c70-1a288e2f77c7@group-75987F7FE399-LeaderElection256] INFO  impl.RoleInfo (RoleInfo.java:updateAndGet(143)) - df12c920-952d-4704-9c70-1a288e2f77c7: start FollowerState
2019-10-20 10:28:47,862 [Thread-1981] INFO  impl.FollowerState (FollowerState.java:run(108)) - df12c920-952d-4704-9c70-1a288e2f77c7@group-75987F7FE399-FollowerState: change to CANDIDATE, lastRpcTime:57ms, electionTimeout:57ms
2019-10-20 10:28:47,862 [Thread-1981] INFO  impl.RoleInfo (RoleInfo.java:shutdownFollowerState(121)) - df12c920-952d-4704-9c70-1a288e2f77c7: shutdown FollowerState
2019-10-20 10:28:47,862 [Thread-1981] INFO  impl.RaftServerImpl (RaftServerImpl.java:setRole(184)) - df12c920-952d-4704-9c70-1a288e2f77c7@group-75987F7FE399: changes role from  FOLLOWER to CANDIDATE at term 291 for changeToCandidate
2019-10-20 10:28:47,862 [Thread-1981] INFO  impl.RoleInfo (RoleInfo.java:updateAndGet(143)) - df12c920-952d-4704-9c70-1a288e2f77c7: start LeaderElection
2019-10-20 10:28:47,877 [df12c920-952d-4704-9c70-1a288e2f77c7@group-75987F7FE399-LeaderElection257] INFO  impl.LeaderElection (LeaderElection.java:askForVotes(178)) - df12c920-952d-4704-9c70-1a288e2f77c7@group-75987F7FE399-LeaderElection257: begin an election at term 292 for -1: [875da3d9-0dec-46c7-88bf-73f7a2372b64:192.168.69.89:39990, df12c920-952d-4704-9c70-1a288e2f77c7:192.168.69.89:43948, 9ceef694-dbcf-4070-b7b1-3b3c65b6a699:192.168.69.89:36536], old=null
2019-10-20 10:28:47,879 [grpc-default-executor-4] INFO  impl.RaftServerImpl (RaftServerImpl.java:setRole(184)) - 875da3d9-0dec-46c7-88bf-73f7a2372b64@group-75987F7FE399: changes role from  FOLLOWER to FOLLOWER at term 292 for recognizeCandidate:df12c920-952d-4704-9c70-1a288e2f77c7
2019-10-20 10:28:47,879 [grpc-default-executor-4] INFO  impl.RoleInfo (RoleInfo.java:shutdownFollowerState(121)) - 875da3d9-0dec-46c7-88bf-73f7a2372b64: shutdown FollowerState
2019-10-20 10:28:47,879 [grpc-default-executor-3] INFO  impl.RaftServerImpl (RaftServerImpl.java:setRole(184)) - 9ceef694-dbcf-4070-b7b1-3b3c65b6a699@group-75987F7FE399: changes role from  FOLLOWER to FOLLOWER at term 292 for recognizeCandidate:df12c920-952d-4704-9c70-1a288e2f77c7
2019-10-20 10:28:47,879 [grpc-default-executor-4] INFO  impl.RoleInfo (RoleInfo.java:updateAndGet(143)) - 875da3d9-0dec-46c7-88bf-73f7a2372b64: start FollowerState
2019-10-20 10:28:47,879 [Thread-1979] INFO  impl.FollowerState (FollowerState.java:run(117)) - 875da3d9-0dec-46c7-88bf-73f7a2372b64@group-75987F7FE399-FollowerState was interrupted: java.lang.InterruptedException: sleep interrupted
2019-10-20 10:28:47,879 [grpc-default-executor-3] INFO  impl.RoleInfo (RoleInfo.java:shutdownFollowerState(121)) - 9ceef694-dbcf-4070-b7b1-3b3c65b6a699: shutdown FollowerState
2019-10-20 10:28:47,880 [grpc-default-executor-3] INFO  impl.RoleInfo (RoleInfo.java:updateAndGet(143)) - 9ceef694-dbcf-4070-b7b1-3b3c65b6a699: start FollowerState
2019-10-20 10:28:47,880 [Thread-1980] INFO  impl.FollowerState (FollowerState.java:run(117)) - 9ceef694-dbcf-4070-b7b1-3b3c65b6a699@group-75987F7FE399-FollowerState was interrupted: java.lang.InterruptedException: sleep interrupted
2019-10-20 10:28:47,896 [df12c920-952d-4704-9c70-1a288e2f77c7@group-75987F7FE399-LeaderElection257] INFO  impl.LeaderElection (LeaderElection.java:logAndReturn(56)) - df12c920-952d-4704-9c70-1a288e2f77c7@group-75987F7FE399-LeaderElection257: Election REJECTED; received 2 response(s) [df12c920-952d-4704-9c70-1a288e2f77c7<-875da3d9-0dec-46c7-88bf-73f7a2372b64#0:FAIL-t292, df12c920-952d-4704-9c70-1a288e2f77c7<-9ceef694-dbcf-4070-b7b1-3b3c65b6a699#0:FAIL-t292] and 0 exception(s); df12c920-952d-4704-9c70-1a288e2f77c7@group-75987F7FE399:t292, leader=null, voted=df12c920-952d-4704-9c70-1a288e2f77c7, raftlog=df12c920-952d-4704-9c70-1a288e2f77c7@group-75987F7FE399-SegmentedRaftLog:OPENED:c-1,f-1,i0, conf=-1: [875da3d9-0dec-46c7-88bf-73f7a2372b64:192.168.69.89:39990, df12c920-952d-4704-9c70-1a288e2f77c7:192.168.69.89:43948, 9ceef694-dbcf-4070-b7b1-3b3c65b6a699:192.168.69.89:36536], old=null
2019-10-20 10:28:47,896 [df12c920-952d-4704-9c70-1a288e2f77c7@group-75987F7FE399-LeaderElection257] INFO  impl.RaftServerImpl (RaftServerImpl.java:setRole(184)) - df12c920-952d-4704-9c70-1a288e2f77c7@group-75987F7FE399: changes role from CANDIDATE to FOLLOWER at term 292 for DISCOVERED_A_NEW_TERM
2019-10-20 10:28:47,896 [df12c920-952d-4704-9c70-1a288e2f77c7@group-75987F7FE399-LeaderElection257] INFO  impl.RoleInfo (RoleInfo.java:shutdownLeaderElection(134)) - df12c920-952d-4704-9c70-1a288e2f77c7: shutdown LeaderElection
2019-10-20 10:28:47,896 [df12c920-952d-4704-9c70-1a288e2f77c7@group-75987F7FE399-LeaderElection257] INFO  impl.RoleInfo (RoleInfo.java:updateAndGet(143)) - df12c920-952d-4704-9c70-1a288e2f77c7: start FollowerState
2019-10-20 10:28:47,986 [Thread-1987] INFO  impl.FollowerState (FollowerState.java:run(108)) - df12c920-952d-4704-9c70-1a288e2f77c7@group-75987F7FE399-FollowerState: change to CANDIDATE, lastRpcTime:90ms, electionTimeout:90ms
2019-10-20 10:28:47,987 [Thread-1987] INFO  impl.RoleInfo (RoleInfo.java:shutdownFollowerState(121)) - df12c920-952d-4704-9c70-1a288e2f77c7: shutdown FollowerState
2019-10-20 10:28:47,987 [Thread-1987] INFO  impl.RaftServerImpl (RaftServerImpl.java:setRole(184)) - df12c920-952d-4704-9c70-1a288e2f77c7@group-75987F7FE399: changes role from  FOLLOWER to CANDIDATE at term 292 for changeToCandidate
2019-10-20 10:28:47,987 [Thread-1987] INFO  impl.RoleInfo (RoleInfo.java:updateAndGet(143)) - df12c920-952d-4704-9c70-1a288e2f77c7: start LeaderElection
2019-10-20 10:28:48,001 [df12c920-952d-4704-9c70-1a288e2f77c7@group-75987F7FE399-LeaderElection258] INFO  impl.LeaderElection (LeaderElection.java:askForVotes(178)) - df12c920-952d-4704-9c70-1a288e2f77c7@group-75987F7FE399-LeaderElection258: begin an election at term 293 for -1: [875da3d9-0dec-46c7-88bf-73f7a2372b64:192.168.69.89:39990, df12c920-952d-4704-9c70-1a288e2f77c7:192.168.69.89:43948, 9ceef694-dbcf-4070-b7b1-3b3c65b6a699:192.168.69.89:36536], old=null
2019-10-20 10:28:48,003 [grpc-default-executor-3] INFO  impl.RaftServerImpl (RaftServerImpl.java:setRole(184)) - 875da3d9-0dec-46c7-88bf-73f7a2372b64@group-75987F7FE399: changes role from  FOLLOWER to FOLLOWER at term 293 for recognizeCandidate:df12c920-952d-4704-9c70-1a288e2f77c7
2019-10-20 10:28:48,003 [grpc-default-executor-4] INFO  impl.RaftServerImpl (RaftServerImpl.java:setRole(184)) - 9ceef694-dbcf-4070-b7b1-3b3c65b6a699@group-75987F7FE399: changes role from  FOLLOWER to FOLLOWER at term 293 for recognizeCandidate:df12c920-952d-4704-9c70-1a288e2f77c7
2019-10-20 10:28:48,003 [grpc-default-executor-3] INFO  impl.RoleInfo (RoleInfo.java:shutdownFollowerState(121)) - 875da3d9-0dec-46c7-88bf-73f7a2372b64: shutdown FollowerState
2019-10-20 10:28:48,003 [grpc-default-executor-4] INFO  impl.RoleInfo (RoleInfo.java:shutdownFollowerState(121)) - 9ceef694-dbcf-4070-b7b1-3b3c65b6a699: shutdown FollowerState
2019-10-20 10:28:48,003 [Thread-1985] INFO  impl.FollowerState (FollowerState.java:run(117)) - 875da3d9-0dec-46c7-88bf-73f7a2372b64@group-75987F7FE399-FollowerState was interrupted: java.lang.InterruptedException: sleep interrupted
2019-10-20 10:28:48,003 [Thread-1986] INFO  impl.FollowerState (FollowerState.java:run(117)) - 9ceef694-dbcf-4070-b7b1-3b3c65b6a699@group-75987F7FE399-FollowerState was interrupted: java.lang.InterruptedException: sleep interrupted
2019-10-20 10:28:48,003 [grpc-default-executor-3] INFO  impl.RoleInfo (RoleInfo.java:updateAndGet(143)) - 875da3d9-0dec-46c7-88bf-73f7a2372b64: start FollowerState
2019-10-20 10:28:48,003 [grpc-default-executor-4] INFO  impl.RoleInfo (RoleInfo.java:updateAndGet(143)) - 9ceef694-dbcf-4070-b7b1-3b3c65b6a699: start FollowerState
2019-10-20 10:28:48,018 [df12c920-952d-4704-9c70-1a288e2f77c7@group-75987F7FE399-LeaderElection258] INFO  impl.LeaderElection (LeaderElection.java:logAndReturn(56)) - df12c920-952d-4704-9c70-1a288e2f77c7@group-75987F7FE399-LeaderElection258: Election REJECTED; received 2 response(s) [df12c920-952d-4704-9c70-1a288e2f77c7<-875da3d9-0dec-46c7-88bf-73f7a2372b64#0:FAIL-t293, df12c920-952d-4704-9c70-1a288e2f77c7<-9ceef694-dbcf-4070-b7b1-3b3c65b6a699#0:FAIL-t293] and 0 exception(s); df12c920-952d-4704-9c70-1a288e2f77c7@group-75987F7FE399:t293, leader=null, voted=df12c920-952d-4704-9c70-1a288e2f77c7, raftlog=df12c920-952d-4704-9c70-1a288e2f77c7@group-75987F7FE399-SegmentedRaftLog:OPENED:c-1,f-1,i0, conf=-1: [875da3d9-0dec-46c7-88bf-73f7a2372b64:192.168.69.89:39990, df12c920-952d-4704-9c70-1a288e2f77c7:192.168.69.89:43948, 9ceef694-dbcf-4070-b7b1-3b3c65b6a699:192.168.69.89:36536], old=null
2019-10-20 10:28:48,018 [df12c920-952d-4704-9c70-1a288e2f77c7@group-75987F7FE399-LeaderElection258] INFO  impl.RaftServerImpl (RaftServerImpl.java:setRole(184)) - df12c920-952d-4704-9c70-1a288e2f77c7@group-75987F7FE399: changes role from CANDIDATE to FOLLOWER at term 293 for DISCOVERED_A_NEW_TERM
2019-10-20 10:28:48,018 [df12c920-952d-4704-9c70-1a288e2f77c7@group-75987F7FE399-LeaderElection258] INFO  impl.RoleInfo (RoleInfo.java:shutdownLeaderElection(134)) - df12c920-952d-4704-9c70-1a288e2f77c7: shutdown LeaderElection
2019-10-20 10:28:48,018 [df12c920-952d-4704-9c70-1a288e2f77c7@group-75987F7FE399-LeaderElection258] INFO  impl.RoleInfo (RoleInfo.java:updateAndGet(143)) - df12c920-952d-4704-9c70-1a288e2f77c7: start FollowerState
2019-10-20 10:28:48,045 [Thread-1993] INFO  impl.FollowerState (FollowerState.java:run(108)) - df12c920-952d-4704-9c70-1a288e2f77c7@group-75987F7FE399-FollowerState: change to CANDIDATE, lastRpcTime:26ms, electionTimeout:26ms
2019-10-20 10:28:48,045 [Thread-1993] INFO  impl.RoleInfo (RoleInfo.java:shutdownFollowerState(121)) - df12c920-952d-4704-9c70-1a288e2f77c7: shutdown FollowerState
2019-10-20 10:28:48,045 [Thread-1993] INFO  impl.RaftServerImpl (RaftServerImpl.java:setRole(184)) - df12c920-952d-4704-9c70-1a288e2f77c7@group-75987F7FE399: changes role from  FOLLOWER to CANDIDATE at term 293 for changeToCandidate
2019-10-20 10:28:48,045 [Thread-1993] INFO  impl.RoleInfo (RoleInfo.java:updateAndGet(143)) - df12c920-952d-4704-9c70-1a288e2f77c7: start LeaderElection
2019-10-20 10:28:48,058 [df12c920-952d-4704-9c70-1a288e2f77c7@group-75987F7FE399-LeaderElection259] INFO  impl.LeaderElection (LeaderElection.java:askForVotes(178)) - df12c920-952d-4704-9c70-1a288e2f77c7@group-75987F7FE399-LeaderElection259: begin an election at term 294 for -1: [875da3d9-0dec-46c7-88bf-73f7a2372b64:192.168.69.89:39990, df12c920-952d-4704-9c70-1a288e2f77c7:192.168.69.89:43948, 9ceef694-dbcf-4070-b7b1-3b3c65b6a699:192.168.69.89:36536], old=null
2019-10-20 10:28:48,060 [grpc-default-executor-3] INFO  impl.RaftServerImpl (RaftServerImpl.java:setRole(184)) - 875da3d9-0dec-46c7-88bf-73f7a2372b64@group-75987F7FE399: changes role from  FOLLOWER to FOLLOWER at term 294 for recognizeCandidate:df12c920-952d-4704-9c70-1a288e2f77c7
2019-10-20 10:28:48,060 [grpc-default-executor-3] INFO  impl.RoleInfo (RoleInfo.java:shutdownFollowerState(121)) - 875da3d9-0dec-46c7-88bf-73f7a2372b64: shutdown FollowerState
2019-10-20 10:28:48,060 [grpc-default-executor-4] INFO  impl.RaftServerImpl (RaftServerImpl.java:setRole(184)) - 9ceef694-dbcf-4070-b7b1-3b3c65b6a699@group-75987F7FE399: changes role from  FOLLOWER to FOLLOWER at term 294 for recognizeCandidate:df12c920-952d-4704-9c70-1a288e2f77c7
2019-10-20 10:28:48,060 [Thread-1991] INFO  impl.FollowerState (FollowerState.java:run(117)) - 875da3d9-0dec-46c7-88bf-73f7a2372b64@group-75987F7FE399-FollowerState was interrupted: java.lang.InterruptedException: sleep interrupted
2019-10-20 10:28:48,060 [grpc-default-executor-3] INFO  impl.RoleInfo (RoleInfo.java:updateAndGet(143)) - 875da3d9-0dec-46c7-88bf-73f7a2372b64: start FollowerState
2019-10-20 10:28:48,060 [grpc-default-executor-4] INFO  impl.RoleInfo (RoleInfo.java:shutdownFollowerState(121)) - 9ceef694-dbcf-4070-b7b1-3b3c65b6a699: shutdown FollowerState
2019-10-20 10:28:48,061 [grpc-default-executor-4] INFO  impl.RoleInfo (RoleInfo.java:updateAndGet(143)) - 9ceef694-dbcf-4070-b7b1-3b3c65b6a699: start FollowerState
2019-10-20 10:28:48,061 [Thread-1992] INFO  impl.FollowerState (FollowerState.java:run(117)) - 9ceef694-dbcf-4070-b7b1-3b3c65b6a699@group-75987F7FE399-FollowerState was interrupted: java.lang.InterruptedException: sleep interrupted
2019-10-20 10:28:48,076 [df12c920-952d-4704-9c70-1a288e2f77c7@group-75987F7FE399-LeaderElection259] INFO  impl.LeaderElection (LeaderElection.java:logAndReturn(56)) - df12c920-952d-4704-9c70-1a288e2f77c7@group-75987F7FE399-LeaderElection259: Election REJECTED; received 2 response(s) [df12c920-952d-4704-9c70-1a288e2f77c7<-875da3d9-0dec-46c7-88bf-73f7a2372b64#0:FAIL-t294, df12c920-952d-4704-9c70-1a288e2f77c7<-9ceef694-dbcf-4070-b7b1-3b3c65b6a699#0:FAIL-t294] and 0 exception(s); df12c920-952d-4704-9c70-1a288e2f77c7@group-75987F7FE399:t294, leader=null, voted=df12c920-952d-4704-9c70-1a288e2f77c7, raftlog=df12c920-952d-4704-9c70-1a288e2f77c7@group-75987F7FE399-SegmentedRaftLog:OPENED:c-1,f-1,i0, conf=-1: [875da3d9-0dec-46c7-88bf-73f7a2372b64:192.168.69.89:39990, df12c920-952d-4704-9c70-1a288e2f77c7:192.168.69.89:43948, 9ceef694-dbcf-4070-b7b1-3b3c65b6a699:192.168.69.89:36536], old=null
2019-10-20 10:28:48,076 [df12c920-952d-4704-9c70-1a288e2f77c7@group-75987F7FE399-LeaderElection259] INFO  impl.RaftServerImpl (RaftServerImpl.java:setRole(184)) - df12c920-952d-4704-9c70-1a288e2f77c7@group-75987F7FE399: changes role from CANDIDATE to FOLLOWER at term 294 for DISCOVERED_A_NEW_TERM
2019-10-20 10:28:48,077 [df12c920-952d-4704-9c70-1a288e2f77c7@group-75987F7FE399-LeaderElection259] INFO  impl.RoleInfo (RoleInfo.java:shutdownLeaderElection(134)) - df12c920-952d-4704-9c70-1a288e2f77c7: shutdown LeaderElection
2019-10-20 10:28:48,077 [df12c920-952d-4704-9c70-1a288e2f77c7@group-75987F7FE399-LeaderElection259] INFO  impl.RoleInfo (RoleInfo.java:updateAndGet(143)) - df12c920-952d-4704-9c70-1a288e2f77c7: start FollowerState
2019-10-20 10:28:48,231 [Thread-1999] INFO  impl.FollowerState (FollowerState.java:run(108)) - df12c920-952d-4704-9c70-1a288e2f77c7@group-75987F7FE399-FollowerState: change to CANDIDATE, lastRpcTime:154ms, electionTimeout:154ms
2019-10-20 10:28:48,231 [Thread-1999] INFO  impl.RoleInfo (RoleInfo.java:shutdownFollowerState(121)) - df12c920-952d-4704-9c70-1a288e2f77c7: shutdown FollowerState
2019-10-20 10:28:48,231 [Thread-1999] INFO  impl.RaftServerImpl (RaftServerImpl.java:setRole(184)) - df12c920-952d-4704-9c70-1a288e2f77c7@group-75987F7FE399: changes role from  FOLLOWER to CANDIDATE at term 294 for changeToCandidate
2019-10-20 10:28:48,232 [Thread-1999] INFO  impl.RoleInfo (RoleInfo.java:updateAndGet(143)) - df12c920-952d-4704-9c70-1a288e2f77c7: start LeaderElection
2019-10-20 10:28:48,256 [df12c920-952d-4704-9c70-1a288e2f77c7@group-75987F7FE399-LeaderElection260] INFO  impl.LeaderElection (LeaderElection.java:askForVotes(178)) - df12c920-952d-4704-9c70-1a288e2f77c7@group-75987F7FE399-LeaderElection260: begin an election at term 295 for -1: [875da3d9-0dec-46c7-88bf-73f7a2372b64:192.168.69.89:39990, df12c920-952d-4704-9c70-1a288e2f77c7:192.168.69.89:43948, 9ceef694-dbcf-4070-b7b1-3b3c65b6a699:192.168.69.89:36536], old=null
2019-10-20 10:28:48,258 [grpc-default-executor-3] INFO  impl.RaftServerImpl (RaftServerImpl.java:setRole(184)) - 9ceef694-dbcf-4070-b7b1-3b3c65b6a699@group-75987F7FE399: changes role from  FOLLOWER to FOLLOWER at term 295 for recognizeCandidate:df12c920-952d-4704-9c70-1a288e2f77c7
2019-10-20 10:28:48,258 [grpc-default-executor-4] INFO  impl.RaftServerImpl (RaftServerImpl.java:setRole(184)) - 875da3d9-0dec-46c7-88bf-73f7a2372b64@group-75987F7FE399: changes role from  FOLLOWER to FOLLOWER at term 295 for recognizeCandidate:df12c920-952d-4704-9c70-1a288e2f77c7
2019-10-20 10:28:48,258 [grpc-default-executor-3] INFO  impl.RoleInfo (RoleInfo.java:shutdownFollowerState(121)) - 9ceef694-dbcf-4070-b7b1-3b3c65b6a699: shutdown FollowerState
2019-10-20 10:28:48,258 [grpc-default-executor-4] INFO  impl.RoleInfo (RoleInfo.java:shutdownFollowerState(121)) - 875da3d9-0dec-46c7-88bf-73f7a2372b64: shutdown FollowerState
2019-10-20 10:28:48,258 [Thread-1998] INFO  impl.FollowerState (FollowerState.java:run(117)) - 9ceef694-dbcf-4070-b7b1-3b3c65b6a699@group-75987F7FE399-FollowerState was interrupted: java.lang.InterruptedException: sleep interrupted
2019-10-20 10:28:48,258 [grpc-default-executor-3] INFO  impl.RoleInfo (RoleInfo.java:updateAndGet(143)) - 9ceef694-dbcf-4070-b7b1-3b3c65b6a699: start FollowerState
2019-10-20 10:28:48,259 [Thread-1997] INFO  impl.FollowerState (FollowerState.java:run(117)) - 875da3d9-0dec-46c7-88bf-73f7a2372b64@group-75987F7FE399-FollowerState was interrupted: java.lang.InterruptedException: sleep interrupted
2019-10-20 10:28:48,259 [grpc-default-executor-4] INFO  impl.RoleInfo (RoleInfo.java:updateAndGet(143)) - 875da3d9-0dec-46c7-88bf-73f7a2372b64: start FollowerState
2019-10-20 10:28:48,281 [df12c920-952d-4704-9c70-1a288e2f77c7@group-75987F7FE399-LeaderElection260] INFO  impl.LeaderElection (LeaderElection.java:logAndReturn(56)) - df12c920-952d-4704-9c70-1a288e2f77c7@group-75987F7FE399-LeaderElection260: Election REJECTED; received 2 response(s) [df12c920-952d-4704-9c70-1a288e2f77c7<-875da3d9-0dec-46c7-88bf-73f7a2372b64#0:FAIL-t295, df12c920-952d-4704-9c70-1a288e2f77c7<-9ceef694-dbcf-4070-b7b1-3b3c65b6a699#0:FAIL-t295] and 0 exception(s); df12c920-952d-4704-9c70-1a288e2f77c7@group-75987F7FE399:t295, leader=null, voted=df12c920-952d-4704-9c70-1a288e2f77c7, raftlog=df12c920-952d-4704-9c70-1a288e2f77c7@group-75987F7FE399-SegmentedRaftLog:OPENED:c-1,f-1,i0, conf=-1: [875da3d9-0dec-46c7-88bf-73f7a2372b64:192.168.69.89:39990, df12c920-952d-4704-9c70-1a288e2f77c7:192.168.69.89:43948, 9ceef694-dbcf-4070-b7b1-3b3c65b6a699:192.168.69.89:36536], old=null
2019-10-20 10:28:48,281 [df12c920-952d-4704-9c70-1a288e2f77c7@group-75987F7FE399-LeaderElection260] INFO  impl.RaftServerImpl (RaftServerImpl.java:setRole(184)) - df12c920-952d-4704-9c70-1a288e2f77c7@group-75987F7FE399: changes role from CANDIDATE to FOLLOWER at term 295 for DISCOVERED_A_NEW_TERM
2019-10-20 10:28:48,282 [df12c920-952d-4704-9c70-1a288e2f77c7@group-75987F7FE399-LeaderElection260] INFO  impl.RoleInfo (RoleInfo.java:shutdownLeaderElection(134)) - df12c920-952d-4704-9c70-1a288e2f77c7: shutdown LeaderElection
2019-10-20 10:28:48,282 [df12c920-952d-4704-9c70-1a288e2f77c7@group-75987F7FE399-LeaderElection260] INFO  impl.RoleInfo (RoleInfo.java:updateAndGet(143)) - df12c920-952d-4704-9c70-1a288e2f77c7: start FollowerState
2019-10-20 10:28:48,467 [Thread-2007] INFO  impl.FollowerState (FollowerState.java:run(108)) - df12c920-952d-4704-9c70-1a288e2f77c7@group-75987F7FE399-FollowerState: change to CANDIDATE, lastRpcTime:185ms, electionTimeout:185ms
2019-10-20 10:28:48,467 [Thread-2007] INFO  impl.RoleInfo (RoleInfo.java:shutdownFollowerState(121)) - df12c920-952d-4704-9c70-1a288e2f77c7: shutdown FollowerState
2019-10-20 10:28:48,467 [Thread-2007] INFO  impl.RaftServerImpl (RaftServerImpl.java:setRole(184)) - df12c920-952d-4704-9c70-1a288e2f77c7@group-75987F7FE399: changes role from  FOLLOWER to CANDIDATE at term 295 for changeToCandidate
2019-10-20 10:28:48,468 [Thread-2007] INFO  impl.RoleInfo (RoleInfo.java:updateAndGet(143)) - df12c920-952d-4704-9c70-1a288e2f77c7: start LeaderElection
2019-10-20 10:28:48,493 [df12c920-952d-4704-9c70-1a288e2f77c7@group-75987F7FE399-LeaderElection261] INFO  impl.LeaderElection (LeaderElection.java:askForVotes(178)) - df12c920-952d-4704-9c70-1a288e2f77c7@group-75987F7FE399-LeaderElection261: begin an election at term 296 for -1: [875da3d9-0dec-46c7-88bf-73f7a2372b64:192.168.69.89:39990, df12c920-952d-4704-9c70-1a288e2f77c7:192.168.69.89:43948, 9ceef694-dbcf-4070-b7b1-3b3c65b6a699:192.168.69.89:36536], old=null
2019-10-20 10:28:48,495 [grpc-default-executor-3] INFO  impl.RaftServerImpl (RaftServerImpl.java:setRole(184)) - 875da3d9-0dec-46c7-88bf-73f7a2372b64@group-75987F7FE399: changes role from  FOLLOWER to FOLLOWER at term 296 for recognizeCandidate:df12c920-952d-4704-9c70-1a288e2f77c7
2019-10-20 10:28:48,495 [grpc-default-executor-4] INFO  impl.RaftServerImpl (RaftServerImpl.java:setRole(184)) - 9ceef694-dbcf-4070-b7b1-3b3c65b6a699@group-75987F7FE399: changes role from  FOLLOWER to FOLLOWER at term 296 for recognizeCandidate:df12c920-952d-4704-9c70-1a288e2f77c7
2019-10-20 10:28:48,496 [grpc-default-executor-3] INFO  impl.RoleInfo (RoleInfo.java:shutdownFollowerState(121)) - 875da3d9-0dec-46c7-88bf-73f7a2372b64: shutdown FollowerState
2019-10-20 10:28:48,496 [grpc-default-executor-4] INFO  impl.RoleInfo (RoleInfo.java:shutdownFollowerState(121)) - 9ceef694-dbcf-4070-b7b1-3b3c65b6a699: shutdown FollowerState
2019-10-20 10:28:48,496 [Thread-2006] INFO  impl.FollowerState (FollowerState.java:run(117)) - 875da3d9-0dec-46c7-88bf-73f7a2372b64@group-75987F7FE399-FollowerState was interrupted: java.lang.InterruptedException: sleep interrupted
2019-10-20 10:28:48,496 [grpc-default-executor-3] INFO  impl.RoleInfo (RoleInfo.java:updateAndGet(143)) - 875da3d9-0dec-46c7-88bf-73f7a2372b64: start FollowerState
2019-10-20 10:28:48,496 [grpc-default-executor-4] INFO  impl.RoleInfo (RoleInfo.java:updateAndGet(143)) - 9ceef694-dbcf-4070-b7b1-3b3c65b6a699: start FollowerState
2019-10-20 10:28:48,496 [Thread-2005] INFO  impl.FollowerState (FollowerState.java:run(117)) - 9ceef694-dbcf-4070-b7b1-3b3c65b6a699@group-75987F7FE399-FollowerState was interrupted: java.lang.InterruptedException: sleep interrupted
2019-10-20 10:28:48,521 [df12c920-952d-4704-9c70-1a288e2f77c7@group-75987F7FE399-LeaderElection261] INFO  impl.LeaderElection (LeaderElection.java:logAndReturn(56)) - df12c920-952d-4704-9c70-1a288e2f77c7@group-75987F7FE399-LeaderElection261: Election REJECTED; received 2 response(s) [df12c920-952d-4704-9c70-1a288e2f77c7<-875da3d9-0dec-46c7-88bf-73f7a2372b64#0:FAIL-t296, df12c920-952d-4704-9c70-1a288e2f77c7<-9ceef694-dbcf-4070-b7b1-3b3c65b6a699#0:FAIL-t296] and 0 exception(s); df12c920-952d-4704-9c70-1a288e2f77c7@group-75987F7FE399:t296, leader=null, voted=df12c920-952d-4704-9c70-1a288e2f77c7, raftlog=df12c920-952d-4704-9c70-1a288e2f77c7@group-75987F7FE399-SegmentedRaftLog:OPENED:c-1,f-1,i0, conf=-1: [875da3d9-0dec-46c7-88bf-73f7a2372b64:192.168.69.89:39990, df12c920-952d-4704-9c70-1a288e2f77c7:192.168.69.89:43948, 9ceef694-dbcf-4070-b7b1-3b3c65b6a699:192.168.69.89:36536], old=null
2019-10-20 10:28:48,521 [df12c920-952d-4704-9c70-1a288e2f77c7@group-75987F7FE399-LeaderElection261] INFO  impl.RaftServerImpl (RaftServerImpl.java:setRole(184)) - df12c920-952d-4704-9c70-1a288e2f77c7@group-75987F7FE399: changes role from CANDIDATE to FOLLOWER at term 296 for DISCOVERED_A_NEW_TERM
2019-10-20 10:28:48,522 [df12c920-952d-4704-9c70-1a288e2f77c7@group-75987F7FE399-LeaderElection261] INFO  impl.RoleInfo (RoleInfo.java:shutdownLeaderElection(134)) - df12c920-952d-4704-9c70-1a288e2f77c7: shutdown LeaderElection
2019-10-20 10:28:48,522 [df12c920-952d-4704-9c70-1a288e2f77c7@group-75987F7FE399-LeaderElection261] INFO  impl.RoleInfo (RoleInfo.java:updateAndGet(143)) - df12c920-952d-4704-9c70-1a288e2f77c7: start FollowerState
2019-10-20 10:28:48,704 [Thread-2013] INFO  impl.FollowerState (FollowerState.java:run(108)) - df12c920-952d-4704-9c70-1a288e2f77c7@group-75987F7FE399-FollowerState: change to CANDIDATE, lastRpcTime:182ms, electionTimeout:182ms
2019-10-20 10:28:48,704 [Thread-2013] INFO  impl.RoleInfo (RoleInfo.java:shutdownFollowerState(121)) - df12c920-952d-4704-9c70-1a288e2f77c7: shutdown FollowerState
2019-10-20 10:28:48,704 [Thread-2013] INFO  impl.RaftServerImpl (RaftServerImpl.java:setRole(184)) - df12c920-952d-4704-9c70-1a288e2f77c7@group-75987F7FE399: changes role from  FOLLOWER to CANDIDATE at term 296 for changeToCandidate
2019-10-20 10:28:48,705 [Thread-2013] INFO  impl.RoleInfo (RoleInfo.java:updateAndGet(143)) - df12c920-952d-4704-9c70-1a288e2f77c7: start LeaderElection
2019-10-20 10:28:48,730 [df12c920-952d-4704-9c70-1a288e2f77c7@group-75987F7FE399-LeaderElection262] INFO  impl.LeaderElection (LeaderElection.java:askForVotes(178)) - df12c920-952d-4704-9c70-1a288e2f77c7@group-75987F7FE399-LeaderElection262: begin an election at term 297 for -1: [875da3d9-0dec-46c7-88bf-73f7a2372b64:192.168.69.89:39990, df12c920-952d-4704-9c70-1a288e2f77c7:192.168.69.89:43948, 9ceef694-dbcf-4070-b7b1-3b3c65b6a699:192.168.69.89:36536], old=null
2019-10-20 10:28:48,734 [grpc-default-executor-4] INFO  impl.RaftServerImpl (RaftServerImpl.java:setRole(184)) - 9ceef694-dbcf-4070-b7b1-3b3c65b6a699@group-75987F7FE399: changes role from  FOLLOWER to FOLLOWER at term 297 for recognizeCandidate:df12c920-952d-4704-9c70-1a288e2f77c7
2019-10-20 10:28:48,734 [grpc-default-executor-3] INFO  impl.RaftServerImpl (RaftServerImpl.java:setRole(184)) - 875da3d9-0dec-46c7-88bf-73f7a2372b64@group-75987F7FE399: changes role from  FOLLOWER to FOLLOWER at term 297 for recognizeCandidate:df12c920-952d-4704-9c70-1a288e2f77c7
2019-10-20 10:28:48,734 [grpc-default-executor-4] INFO  impl.RoleInfo (RoleInfo.java:shutdownFollowerState(121)) - 9ceef694-dbcf-4070-b7b1-3b3c65b6a699: shutdown FollowerState
2019-10-20 10:28:48,734 [grpc-default-executor-3] INFO  impl.RoleInfo (RoleInfo.java:shutdownFollowerState(121)) - 875da3d9-0dec-46c7-88bf-73f7a2372b64: shutdown FollowerState
2019-10-20 10:28:48,734 [Thread-2012] INFO  impl.FollowerState (FollowerState.java:run(117)) - 9ceef694-dbcf-4070-b7b1-3b3c65b6a699@group-75987F7FE399-FollowerState was interrupted: java.lang.InterruptedException: sleep interrupted
2019-10-20 10:28:48,734 [grpc-default-executor-4] INFO  impl.RoleInfo (RoleInfo.java:updateAndGet(143)) - 9ceef694-dbcf-4070-b7b1-3b3c65b6a699: start FollowerState
2019-10-20 10:28:48,735 [Thread-2011] INFO  impl.FollowerState (FollowerState.java:run(117)) - 875da3d9-0dec-46c7-88bf-73f7a2372b64@group-75987F7FE399-FollowerState was interrupted: java.lang.InterruptedException: sleep interrupted
2019-10-20 10:28:48,734 [grpc-default-executor-3] INFO  impl.RoleInfo (RoleInfo.java:updateAndGet(143)) - 875da3d9-0dec-46c7-88bf-73f7a2372b64: start FollowerState
2019-10-20 10:28:48,760 [df12c920-952d-4704-9c70-1a288e2f77c7@group-75987F7FE399-LeaderElection262] INFO  impl.LeaderElection (LeaderElection.java:logAndReturn(56)) - df12c920-952d-4704-9c70-1a288e2f77c7@group-75987F7FE399-LeaderElection262: Election REJECTED; received 2 response(s) [df12c920-952d-4704-9c70-1a288e2f77c7<-875da3d9-0dec-46c7-88bf-73f7a2372b64#0:FAIL-t297, df12c920-952d-4704-9c70-1a288e2f77c7<-9ceef694-dbcf-4070-b7b1-3b3c65b6a699#0:FAIL-t297] and 0 exception(s); df12c920-952d-4704-9c70-1a288e2f77c7@group-75987F7FE399:t297, leader=null, voted=df12c920-952d-4704-9c70-1a288e2f77c7, raftlog=df12c920-952d-4704-9c70-1a288e2f77c7@group-75987F7FE399-SegmentedRaftLog:OPENED:c-1,f-1,i0, conf=-1: [875da3d9-0dec-46c7-88bf-73f7a2372b64:192.168.69.89:39990, df12c920-952d-4704-9c70-1a288e2f77c7:192.168.69.89:43948, 9ceef694-dbcf-4070-b7b1-3b3c65b6a699:192.168.69.89:36536], old=null
2019-10-20 10:28:48,761 [df12c920-952d-4704-9c70-1a288e2f77c7@group-75987F7FE399-LeaderElection262] INFO  impl.RaftServerImpl (RaftServerImpl.java:setRole(184)) - df12c920-952d-4704-9c70-1a288e2f77c7@group-75987F7FE399: changes role from CANDIDATE to FOLLOWER at term 297 for DISCOVERED_A_NEW_TERM
2019-10-20 10:28:48,761 [df12c920-952d-4704-9c70-1a288e2f77c7@group-75987F7FE399-LeaderElection262] INFO  impl.RoleInfo (RoleInfo.java:shutdownLeaderElection(134)) - df12c920-952d-4704-9c70-1a288e2f77c7: shutdown LeaderElection
2019-10-20 10:28:48,761 [df12c920-952d-4704-9c70-1a288e2f77c7@group-75987F7FE399-LeaderElection262] INFO  impl.RoleInfo (RoleInfo.java:updateAndGet(143)) - df12c920-952d-4704-9c70-1a288e2f77c7: start FollowerState
2019-10-20 10:28:48,835 [Thread-2019] INFO  impl.FollowerState (FollowerState.java:run(108)) - df12c920-952d-4704-9c70-1a288e2f77c7@group-75987F7FE399-FollowerState: change to CANDIDATE, lastRpcTime:74ms, electionTimeout:74ms
2019-10-20 10:28:48,835 [Thread-2019] INFO  impl.RoleInfo (RoleInfo.java:shutdownFollowerState(121)) - df12c920-952d-4704-9c70-1a288e2f77c7: shutdown FollowerState
2019-10-20 10:28:48,836 [Thread-2019] INFO  impl.RaftServerImpl (RaftServerImpl.java:setRole(184)) - df12c920-952d-4704-9c70-1a288e2f77c7@group-75987F7FE399: changes role from  FOLLOWER to CANDIDATE at term 297 for changeToCandidate
2019-10-20 10:28:48,836 [Thread-2019] INFO  impl.RoleInfo (RoleInfo.java:updateAndGet(143)) - df12c920-952d-4704-9c70-1a288e2f77c7: start LeaderElection
2019-10-20 10:28:48,849 [df12c920-952d-4704-9c70-1a288e2f77c7@group-75987F7FE399-LeaderElection263] INFO  impl.LeaderElection (LeaderElection.java:askForVotes(178)) - df12c920-952d-4704-9c70-1a288e2f77c7@group-75987F7FE399-LeaderElection263: begin an election at term 298 for -1: [875da3d9-0dec-46c7-88bf-73f7a2372b64:192.168.69.89:39990, df12c920-952d-4704-9c70-1a288e2f77c7:192.168.69.89:43948, 9ceef694-dbcf-4070-b7b1-3b3c65b6a699:192.168.69.89:36536], old=null
2019-10-20 10:28:48,852 [grpc-default-executor-3] INFO  impl.RaftServerImpl (RaftServerImpl.java:setRole(184)) - 9ceef694-dbcf-4070-b7b1-3b3c65b6a699@group-75987F7FE399: changes role from  FOLLOWER to FOLLOWER at term 298 for recognizeCandidate:df12c920-952d-4704-9c70-1a288e2f77c7
2019-10-20 10:28:48,852 [grpc-default-executor-3] INFO  impl.RoleInfo (RoleInfo.java:shutdownFollowerState(121)) - 9ceef694-dbcf-4070-b7b1-3b3c65b6a699: shutdown FollowerState
2019-10-20 10:28:48,852 [grpc-default-executor-4] INFO  impl.RaftServerImpl (RaftServerImpl.java:setRole(184)) - 875da3d9-0dec-46c7-88bf-73f7a2372b64@group-75987F7FE399: changes role from  FOLLOWER to FOLLOWER at term 298 for recognizeCandidate:df12c920-952d-4704-9c70-1a288e2f77c7
2019-10-20 10:28:48,852 [Thread-2017] INFO  impl.FollowerState (FollowerState.java:run(117)) - 9ceef694-dbcf-4070-b7b1-3b3c65b6a699@group-75987F7FE399-FollowerState was interrupted: java.lang.InterruptedException: sleep interrupted
2019-10-20 10:28:48,852 [grpc-default-executor-3] INFO  impl.RoleInfo (RoleInfo.java:updateAndGet(143)) - 9ceef694-dbcf-4070-b7b1-3b3c65b6a699: start FollowerState
2019-10-20 10:28:48,852 [grpc-default-executor-4] INFO  impl.RoleInfo (RoleInfo.java:shutdownFollowerState(121)) - 875da3d9-0dec-46c7-88bf-73f7a2372b64: shutdown FollowerState
2019-10-20 10:28:48,853 [grpc-default-executor-4] INFO  impl.RoleInfo (RoleInfo.java:updateAndGet(143)) - 875da3d9-0dec-46c7-88bf-73f7a2372b64: start FollowerState
2019-10-20 10:28:48,853 [Thread-2018] INFO  impl.FollowerState (FollowerState.java:run(117)) - 875da3d9-0dec-46c7-88bf-73f7a2372b64@group-75987F7FE399-FollowerState was interrupted: java.lang.InterruptedException: sleep interrupted
2019-10-20 10:28:48,867 [df12c920-952d-4704-9c70-1a288e2f77c7@group-75987F7FE399-LeaderElection263] INFO  impl.LeaderElection (LeaderElection.java:logAndReturn(56)) - df12c920-952d-4704-9c70-1a288e2f77c7@group-75987F7FE399-LeaderElection263: Election REJECTED; received 2 response(s) [df12c920-952d-4704-9c70-1a288e2f77c7<-875da3d9-0dec-46c7-88bf-73f7a2372b64#0:FAIL-t298, df12c920-952d-4704-9c70-1a288e2f77c7<-9ceef694-dbcf-4070-b7b1-3b3c65b6a699#0:FAIL-t298] and 0 exception(s); df12c920-952d-4704-9c70-1a288e2f77c7@group-75987F7FE399:t298, leader=null, voted=df12c920-952d-4704-9c70-1a288e2f77c7, raftlog=df12c920-952d-4704-9c70-1a288e2f77c7@group-75987F7FE399-SegmentedRaftLog:OPENED:c-1,f-1,i0, conf=-1: [875da3d9-0dec-46c7-88bf-73f7a2372b64:192.168.69.89:39990, df12c920-952d-4704-9c70-1a288e2f77c7:192.168.69.89:43948, 9ceef694-dbcf-4070-b7b1-3b3c65b6a699:192.168.69.89:36536], old=null
2019-10-20 10:28:48,867 [df12c920-952d-4704-9c70-1a288e2f77c7@group-75987F7FE399-LeaderElection263] INFO  impl.RaftServerImpl (RaftServerImpl.java:setRole(184)) - df12c920-952d-4704-9c70-1a288e2f77c7@group-75987F7FE399: changes role from CANDIDATE to FOLLOWER at term 298 for DISCOVERED_A_NEW_TERM
2019-10-20 10:28:48,867 [df12c920-952d-4704-9c70-1a288e2f77c7@group-75987F7FE399-LeaderElection263] INFO  impl.RoleInfo (RoleInfo.java:shutdownLeaderElection(134)) - df12c920-952d-4704-9c70-1a288e2f77c7: shutdown LeaderElection
2019-10-20 10:28:48,868 [df12c920-952d-4704-9c70-1a288e2f77c7@group-75987F7FE399-LeaderElection263] INFO  impl.RoleInfo (RoleInfo.java:updateAndGet(143)) - df12c920-952d-4704-9c70-1a288e2f77c7: start FollowerState
2019-10-20 10:28:49,038 [Thread-2025] INFO  impl.FollowerState (FollowerState.java:run(108)) - df12c920-952d-4704-9c70-1a288e2f77c7@group-75987F7FE399-FollowerState: change to CANDIDATE, lastRpcTime:170ms, electionTimeout:170ms
2019-10-20 10:28:49,038 [Thread-2025] INFO  impl.RoleInfo (RoleInfo.java:shutdownFollowerState(121)) - df12c920-952d-4704-9c70-1a288e2f77c7: shutdown FollowerState
2019-10-20 10:28:49,038 [Thread-2025] INFO  impl.RaftServerImpl (RaftServerImpl.java:setRole(184)) - df12c920-952d-4704-9c70-1a288e2f77c7@group-75987F7FE399: changes role from  FOLLOWER to CANDIDATE at term 298 for changeToCandidate
2019-10-20 10:28:49,038 [Thread-2025] INFO  impl.RoleInfo (RoleInfo.java:updateAndGet(143)) - df12c920-952d-4704-9c70-1a288e2f77c7: start LeaderElection
2019-10-20 10:28:49,060 [df12c920-952d-4704-9c70-1a288e2f77c7@group-75987F7FE399-LeaderElection264] INFO  impl.LeaderElection (LeaderElection.java:askForVotes(178)) - df12c920-952d-4704-9c70-1a288e2f77c7@group-75987F7FE399-LeaderElection264: begin an election at term 299 for -1: [875da3d9-0dec-46c7-88bf-73f7a2372b64:192.168.69.89:39990, df12c920-952d-4704-9c70-1a288e2f77c7:192.168.69.89:43948, 9ceef694-dbcf-4070-b7b1-3b3c65b6a699:192.168.69.89:36536], old=null
2019-10-20 10:28:49,062 [grpc-default-executor-3] INFO  impl.RaftServerImpl (RaftServerImpl.java:setRole(184)) - 9ceef694-dbcf-4070-b7b1-3b3c65b6a699@group-75987F7FE399: changes role from  FOLLOWER to FOLLOWER at term 299 for recognizeCandidate:df12c920-952d-4704-9c70-1a288e2f77c7
2019-10-20 10:28:49,062 [grpc-default-executor-4] INFO  impl.RaftServerImpl (RaftServerImpl.java:setRole(184)) - 875da3d9-0dec-46c7-88bf-73f7a2372b64@group-75987F7FE399: changes role from  FOLLOWER to FOLLOWER at term 299 for recognizeCandidate:df12c920-952d-4704-9c70-1a288e2f77c7
2019-10-20 10:28:49,062 [grpc-default-executor-3] INFO  impl.RoleInfo (RoleInfo.java:shutdownFollowerState(121)) - 9ceef694-dbcf-4070-b7b1-3b3c65b6a699: shutdown FollowerState
2019-10-20 10:28:49,063 [grpc-default-executor-4] INFO  impl.RoleInfo (RoleInfo.java:shutdownFollowerState(121)) - 875da3d9-0dec-46c7-88bf-73f7a2372b64: shutdown FollowerState
2019-10-20 10:28:49,063 [Thread-2023] INFO  impl.FollowerState (FollowerState.java:run(117)) - 9ceef694-dbcf-4070-b7b1-3b3c65b6a699@group-75987F7FE399-FollowerState was interrupted: java.lang.InterruptedException: sleep interrupted
2019-10-20 10:28:49,063 [grpc-default-executor-3] INFO  impl.RoleInfo (RoleInfo.java:updateAndGet(143)) - 9ceef694-dbcf-4070-b7b1-3b3c65b6a699: start FollowerState
2019-10-20 10:28:49,063 [Thread-2024] INFO  impl.FollowerState (FollowerState.java:run(117)) - 875da3d9-0dec-46c7-88bf-73f7a2372b64@group-75987F7FE399-FollowerState was interrupted: java.lang.InterruptedException: sleep interrupted
2019-10-20 10:28:49,063 [grpc-default-executor-4] INFO  impl.RoleInfo (RoleInfo.java:updateAndGet(143)) - 875da3d9-0dec-46c7-88bf-73f7a2372b64: start FollowerState
2019-10-20 10:28:49,079 [df12c920-952d-4704-9c70-1a288e2f77c7@group-75987F7FE399-LeaderElection264] INFO  impl.LeaderElection (LeaderElection.java:logAndReturn(56)) - df12c920-952d-4704-9c70-1a288e2f77c7@group-75987F7FE399-LeaderElection264: Election REJECTED; received 2 response(s) [df12c920-952d-4704-9c70-1a288e2f77c7<-875da3d9-0dec-46c7-88bf-73f7a2372b64#0:FAIL-t299, df12c920-952d-4704-9c70-1a288e2f77c7<-9ceef694-dbcf-4070-b7b1-3b3c65b6a699#0:FAIL-t299] and 0 exception(s); df12c920-952d-4704-9c70-1a288e2f77c7@group-75987F7FE399:t299, leader=null, voted=df12c920-952d-4704-9c70-1a288e2f77c7, raftlog=df12c920-952d-4704-9c70-1a288e2f77c7@group-75987F7FE399-SegmentedRaftLog:OPENED:c-1,f-1,i0, conf=-1: [875da3d9-0dec-46c7-88bf-73f7a2372b64:192.168.69.89:39990, df12c920-952d-4704-9c70-1a288e2f77c7:192.168.69.89:43948, 9ceef694-dbcf-4070-b7b1-3b3c65b6a699:192.168.69.89:36536], old=null
2019-10-20 10:28:49,079 [df12c920-952d-4704-9c70-1a288e2f77c7@group-75987F7FE399-LeaderElection264] INFO  impl.RaftServerImpl (RaftServerImpl.java:setRole(184)) - df12c920-952d-4704-9c70-1a288e2f77c7@group-75987F7FE399: changes role from CANDIDATE to FOLLOWER at term 299 for DISCOVERED_A_NEW_TERM
2019-10-20 10:28:49,079 [df12c920-952d-4704-9c70-1a288e2f77c7@group-75987F7FE399-LeaderElection264] INFO  impl.RoleInfo (RoleInfo.java:shutdownLeaderElection(134)) - df12c920-952d-4704-9c70-1a288e2f77c7: shutdown LeaderElection
2019-10-20 10:28:49,079 [df12c920-952d-4704-9c70-1a288e2f77c7@group-75987F7FE399-LeaderElection264] INFO  impl.RoleInfo (RoleInfo.java:updateAndGet(143)) - df12c920-952d-4704-9c70-1a288e2f77c7: start FollowerState
2019-10-20 10:28:49,163 [Thread-2031] INFO  impl.FollowerState (FollowerState.java:run(108)) - df12c920-952d-4704-9c70-1a288e2f77c7@group-75987F7FE399-FollowerState: change to CANDIDATE, lastRpcTime:83ms, electionTimeout:83ms
2019-10-20 10:28:49,163 [Thread-2031] INFO  impl.RoleInfo (RoleInfo.java:shutdownFollowerState(121)) - df12c920-952d-4704-9c70-1a288e2f77c7: shutdown FollowerState
2019-10-20 10:28:49,163 [Thread-2031] INFO  impl.RaftServerImpl (RaftServerImpl.java:setRole(184)) - df12c920-952d-4704-9c70-1a288e2f77c7@group-75987F7FE399: changes role from  FOLLOWER to CANDIDATE at term 299 for changeToCandidate
2019-10-20 10:28:49,163 [Thread-2031] INFO  impl.RoleInfo (RoleInfo.java:updateAndGet(143)) - df12c920-952d-4704-9c70-1a288e2f77c7: start LeaderElection
2019-10-20 10:28:49,178 [df12c920-952d-4704-9c70-1a288e2f77c7@group-75987F7FE399-LeaderElection265] INFO  impl.LeaderElection (LeaderElection.java:askForVotes(178)) - df12c920-952d-4704-9c70-1a288e2f77c7@group-75987F7FE399-LeaderElection265: begin an election at term 300 for -1: [875da3d9-0dec-46c7-88bf-73f7a2372b64:192.168.69.89:39990, df12c920-952d-4704-9c70-1a288e2f77c7:192.168.69.89:43948, 9ceef694-dbcf-4070-b7b1-3b3c65b6a699:192.168.69.89:36536], old=null
2019-10-20 10:28:49,179 [grpc-default-executor-3] INFO  impl.RaftServerImpl (RaftServerImpl.java:setRole(184)) - 875da3d9-0dec-46c7-88bf-73f7a2372b64@group-75987F7FE399: changes role from  FOLLOWER to FOLLOWER at term 300 for recognizeCandidate:df12c920-952d-4704-9c70-1a288e2f77c7
2019-10-20 10:28:49,179 [grpc-default-executor-3] INFO  impl.RoleInfo (RoleInfo.java:shutdownFollowerState(121)) - 875da3d9-0dec-46c7-88bf-73f7a2372b64: shutdown FollowerState
2019-10-20 10:28:49,180 [grpc-default-executor-3] INFO  impl.RoleInfo (RoleInfo.java:updateAndGet(143)) - 875da3d9-0dec-46c7-88bf-73f7a2372b64: start FollowerState
2019-10-20 10:28:49,180 [Thread-2030] INFO  impl.FollowerState (FollowerState.java:run(117)) - 875da3d9-0dec-46c7-88bf-73f7a2372b64@group-75987F7FE399-FollowerState was interrupted: java.lang.InterruptedException: sleep interrupted
2019-10-20 10:28:49,180 [grpc-default-executor-4] INFO  impl.RaftServerImpl (RaftServerImpl.java:setRole(184)) - 9ceef694-dbcf-4070-b7b1-3b3c65b6a699@group-75987F7FE399: changes role from  FOLLOWER to FOLLOWER at term 300 for recognizeCandidate:df12c920-952d-4704-9c70-1a288e2f77c7
2019-10-20 10:28:49,180 [grpc-default-executor-4] INFO  impl.RoleInfo (RoleInfo.java:shutdownFollowerState(121)) - 9ceef694-dbcf-4070-b7b1-3b3c65b6a699: shutdown FollowerState
2019-10-20 10:28:49,180 [grpc-default-executor-4] INFO  impl.RoleInfo (RoleInfo.java:updateAndGet(143)) - 9ceef694-dbcf-4070-b7b1-3b3c65b6a699: start FollowerState
2019-10-20 10:28:49,180 [Thread-2029] INFO  impl.FollowerState (FollowerState.java:run(117)) - 9ceef694-dbcf-4070-b7b1-3b3c65b6a699@group-75987F7FE399-FollowerState was interrupted: java.lang.InterruptedException: sleep interrupted
2019-10-20 10:28:49,206 [df12c920-952d-4704-9c70-1a288e2f77c7@group-75987F7FE399-LeaderElection265] INFO  impl.LeaderElection (LeaderElection.java:logAndReturn(56)) - df12c920-952d-4704-9c70-1a288e2f77c7@group-75987F7FE399-LeaderElection265: Election REJECTED; received 2 response(s) [df12c920-952d-4704-9c70-1a288e2f77c7<-875da3d9-0dec-46c7-88bf-73f7a2372b64#0:FAIL-t300, df12c920-952d-4704-9c70-1a288e2f77c7<-9ceef694-dbcf-4070-b7b1-3b3c65b6a699#0:FAIL-t300] and 0 exception(s); df12c920-952d-4704-9c70-1a288e2f77c7@group-75987F7FE399:t300, leader=null, voted=df12c920-952d-4704-9c70-1a288e2f77c7, raftlog=df12c920-952d-4704-9c70-1a288e2f77c7@group-75987F7FE399-SegmentedRaftLog:OPENED:c-1,f-1,i0, conf=-1: [875da3d9-0dec-46c7-88bf-73f7a2372b64:192.168.69.89:39990, df12c920-952d-4704-9c70-1a288e2f77c7:192.168.69.89:43948, 9ceef694-dbcf-4070-b7b1-3b3c65b6a699:192.168.69.89:36536], old=null
2019-10-20 10:28:49,206 [df12c920-952d-4704-9c70-1a288e2f77c7@group-75987F7FE399-LeaderElection265] INFO  impl.RaftServerImpl (RaftServerImpl.java:setRole(184)) - df12c920-952d-4704-9c70-1a288e2f77c7@group-75987F7FE399: changes role from CANDIDATE to FOLLOWER at term 300 for DISCOVERED_A_NEW_TERM
2019-10-20 10:28:49,206 [df12c920-952d-4704-9c70-1a288e2f77c7@group-75987F7FE399-LeaderElection265] INFO  impl.RoleInfo (RoleInfo.java:shutdownLeaderElection(134)) - df12c920-952d-4704-9c70-1a288e2f77c7: shutdown LeaderElection
2019-10-20 10:28:49,206 [df12c920-952d-4704-9c70-1a288e2f77c7@group-75987F7FE399-LeaderElection265] INFO  impl.RoleInfo (RoleInfo.java:updateAndGet(143)) - df12c920-952d-4704-9c70-1a288e2f77c7: start FollowerState
2019-10-20 10:28:49,326 [Thread-2039] INFO  impl.FollowerState (FollowerState.java:run(108)) - df12c920-952d-4704-9c70-1a288e2f77c7@group-75987F7FE399-FollowerState: change to CANDIDATE, lastRpcTime:120ms, electionTimeout:120ms
2019-10-20 10:28:49,327 [Thread-2039] INFO  impl.RoleInfo (RoleInfo.java:shutdownFollowerState(121)) - df12c920-952d-4704-9c70-1a288e2f77c7: shutdown FollowerState
2019-10-20 10:28:49,327 [Thread-2039] INFO  impl.RaftServerImpl (RaftServerImpl.java:setRole(184)) - df12c920-952d-4704-9c70-1a288e2f77c7@group-75987F7FE399: changes role from  FOLLOWER to CANDIDATE at term 300 for changeToCandidate
2019-10-20 10:28:49,327 [Thread-2039] INFO  impl.RoleInfo (RoleInfo.java:updateAndGet(143)) - df12c920-952d-4704-9c70-1a288e2f77c7: start LeaderElection
2019-10-20 10:28:49,350 [df12c920-952d-4704-9c70-1a288e2f77c7@group-75987F7FE399-LeaderElection266] INFO  impl.LeaderElection (LeaderElection.java:askForVotes(178)) - df12c920-952d-4704-9c70-1a288e2f77c7@group-75987F7FE399-LeaderElection266: begin an election at term 301 for -1: [875da3d9-0dec-46c7-88bf-73f7a2372b64:192.168.69.89:39990, df12c920-952d-4704-9c70-1a288e2f77c7:192.168.69.89:43948, 9ceef694-dbcf-4070-b7b1-3b3c65b6a699:192.168.69.89:36536], old=null
2019-10-20 10:28:49,352 [grpc-default-executor-3] INFO  impl.RaftServerImpl (RaftServerImpl.java:setRole(184)) - 875da3d9-0dec-46c7-88bf-73f7a2372b64@group-75987F7FE399: changes role from  FOLLOWER to FOLLOWER at term 301 for recognizeCandidate:df12c920-952d-4704-9c70-1a288e2f77c7
2019-10-20 10:28:49,352 [grpc-default-executor-3] INFO  impl.RoleInfo (RoleInfo.java:shutdownFollowerState(121)) - 875da3d9-0dec-46c7-88bf-73f7a2372b64: shutdown FollowerState
2019-10-20 10:28:49,352 [grpc-default-executor-4] INFO  impl.RaftServerImpl (RaftServerImpl.java:setRole(184)) - 9ceef694-dbcf-4070-b7b1-3b3c65b6a699@group-75987F7FE399: changes role from  FOLLOWER to FOLLOWER at term 301 for recognizeCandidate:df12c920-952d-4704-9c70-1a288e2f77c7
2019-10-20 10:28:49,352 [Thread-2037] INFO  impl.FollowerState (FollowerState.java:run(117)) - 875da3d9-0dec-46c7-88bf-73f7a2372b64@group-75987F7FE399-FollowerState was interrupted: java.lang.InterruptedException: sleep interrupted
2019-10-20 10:28:49,352 [grpc-default-executor-3] INFO  impl.RoleInfo (RoleInfo.java:updateAndGet(143)) - 875da3d9-0dec-46c7-88bf-73f7a2372b64: start FollowerState
2019-10-20 10:28:49,352 [grpc-default-executor-4] INFO  impl.RoleInfo (RoleInfo.java:shutdownFollowerState(121)) - 9ceef694-dbcf-4070-b7b1-3b3c65b6a699: shutdown FollowerState
2019-10-20 10:28:49,353 [grpc-default-executor-4] INFO  impl.RoleInfo (RoleInfo.java:updateAndGet(143)) - 9ceef694-dbcf-4070-b7b1-3b3c65b6a699: start FollowerState
2019-10-20 10:28:49,353 [Thread-2038] INFO  impl.FollowerState (FollowerState.java:run(117)) - 9ceef694-dbcf-4070-b7b1-3b3c65b6a699@group-75987F7FE399-FollowerState was interrupted: java.lang.InterruptedException: sleep interrupted
2019-10-20 10:28:49,361 [df12c920-952d-4704-9c70-1a288e2f77c7@group-75987F7FE399-LeaderElection266] INFO  impl.LeaderElection (LeaderElection.java:logAndReturn(56)) - df12c920-952d-4704-9c70-1a288e2f77c7@group-75987F7FE399-LeaderElection266: Election TIMEOUT; received 0 response(s) [] and 0 exception(s); df12c920-952d-4704-9c70-1a288e2f77c7@group-75987F7FE399:t301, leader=null, voted=df12c920-952d-4704-9c70-1a288e2f77c7, raftlog=df12c920-952d-4704-9c70-1a288e2f77c7@group-75987F7FE399-SegmentedRaftLog:OPENED:c-1,f-1,i0, conf=-1: [875da3d9-0dec-46c7-88bf-73f7a2372b64:192.168.69.89:39990, df12c920-952d-4704-9c70-1a288e2f77c7:192.168.69.89:43948, 9ceef694-dbcf-4070-b7b1-3b3c65b6a699:192.168.69.89:36536], old=null
2019-10-20 10:28:49,366 [df12c920-952d-4704-9c70-1a288e2f77c7@group-75987F7FE399-LeaderElection266] INFO  impl.LeaderElection (LeaderElection.java:askForVotes(178)) - df12c920-952d-4704-9c70-1a288e2f77c7@group-75987F7FE399-LeaderElection266: begin an election at term 302 for -1: [875da3d9-0dec-46c7-88bf-73f7a2372b64:192.168.69.89:39990, df12c920-952d-4704-9c70-1a288e2f77c7:192.168.69.89:43948, 9ceef694-dbcf-4070-b7b1-3b3c65b6a699:192.168.69.89:36536], old=null
2019-10-20 10:28:49,367 [grpc-default-executor-3] INFO  impl.RaftServerImpl (RaftServerImpl.java:setRole(184)) - 875da3d9-0dec-46c7-88bf-73f7a2372b64@group-75987F7FE399: changes role from  FOLLOWER to FOLLOWER at term 302 for recognizeCandidate:df12c920-952d-4704-9c70-1a288e2f77c7
2019-10-20 10:28:49,367 [grpc-default-executor-3] INFO  impl.RoleInfo (RoleInfo.java:shutdownFollowerState(121)) - 875da3d9-0dec-46c7-88bf-73f7a2372b64: shutdown FollowerState
2019-10-20 10:28:49,367 [grpc-default-executor-3] INFO  impl.RoleInfo (RoleInfo.java:updateAndGet(143)) - 875da3d9-0dec-46c7-88bf-73f7a2372b64: start FollowerState
2019-10-20 10:28:49,367 [Thread-2043] INFO  impl.FollowerState (FollowerState.java:run(117)) - 875da3d9-0dec-46c7-88bf-73f7a2372b64@group-75987F7FE399-FollowerState was interrupted: java.lang.InterruptedException: sleep interrupted
2019-10-20 10:28:49,368 [grpc-default-executor-4] INFO  impl.RaftServerImpl (RaftServerImpl.java:setRole(184)) - 9ceef694-dbcf-4070-b7b1-3b3c65b6a699@group-75987F7FE399: changes role from  FOLLOWER to FOLLOWER at term 302 for recognizeCandidate:df12c920-952d-4704-9c70-1a288e2f77c7
2019-10-20 10:28:49,368 [grpc-default-executor-4] INFO  impl.RoleInfo (RoleInfo.java:shutdownFollowerState(121)) - 9ceef694-dbcf-4070-b7b1-3b3c65b6a699: shutdown FollowerState
2019-10-20 10:28:49,368 [grpc-default-executor-4] INFO  impl.RoleInfo (RoleInfo.java:updateAndGet(143)) - 9ceef694-dbcf-4070-b7b1-3b3c65b6a699: start FollowerState
2019-10-20 10:28:49,368 [Thread-2044] INFO  impl.FollowerState (FollowerState.java:run(117)) - 9ceef694-dbcf-4070-b7b1-3b3c65b6a699@group-75987F7FE399-FollowerState was interrupted: java.lang.InterruptedException: sleep interrupted
2019-10-20 10:28:49,382 [df12c920-952d-4704-9c70-1a288e2f77c7@group-75987F7FE399-LeaderElection266] INFO  impl.LeaderElection (LeaderElection.java:logAndReturn(56)) - df12c920-952d-4704-9c70-1a288e2f77c7@group-75987F7FE399-LeaderElection266: Election REJECTED; received 2 response(s) [df12c920-952d-4704-9c70-1a288e2f77c7<-875da3d9-0dec-46c7-88bf-73f7a2372b64#0:FAIL-t302, df12c920-952d-4704-9c70-1a288e2f77c7<-9ceef694-dbcf-4070-b7b1-3b3c65b6a699#0:FAIL-t302] and 0 exception(s); df12c920-952d-4704-9c70-1a288e2f77c7@group-75987F7FE399:t302, leader=null, voted=df12c920-952d-4704-9c70-1a288e2f77c7, raftlog=df12c920-952d-4704-9c70-1a288e2f77c7@group-75987F7FE399-SegmentedRaftLog:OPENED:c-1,f-1,i0, conf=-1: [875da3d9-0dec-46c7-88bf-73f7a2372b64:192.168.69.89:39990, df12c920-952d-4704-9c70-1a288e2f77c7:192.168.69.89:43948, 9ceef694-dbcf-4070-b7b1-3b3c65b6a699:192.168.69.89:36536], old=null
2019-10-20 10:28:49,382 [df12c920-952d-4704-9c70-1a288e2f77c7@group-75987F7FE399-LeaderElection266] INFO  impl.RaftServerImpl (RaftServerImpl.java:setRole(184)) - df12c920-952d-4704-9c70-1a288e2f77c7@group-75987F7FE399: changes role from CANDIDATE to FOLLOWER at term 302 for DISCOVERED_A_NEW_TERM
2019-10-20 10:28:49,382 [df12c920-952d-4704-9c70-1a288e2f77c7@group-75987F7FE399-LeaderElection266] INFO  impl.RoleInfo (RoleInfo.java:shutdownLeaderElection(134)) - df12c920-952d-4704-9c70-1a288e2f77c7: shutdown LeaderElection
2019-10-20 10:28:49,382 [df12c920-952d-4704-9c70-1a288e2f77c7@group-75987F7FE399-LeaderElection266] INFO  impl.RoleInfo (RoleInfo.java:updateAndGet(143)) - df12c920-952d-4704-9c70-1a288e2f77c7: start FollowerState
2019-10-20 10:28:49,430 [Thread-2049] INFO  impl.FollowerState (FollowerState.java:run(108)) - df12c920-952d-4704-9c70-1a288e2f77c7@group-75987F7FE399-FollowerState: change to CANDIDATE, lastRpcTime:47ms, electionTimeout:47ms
2019-10-20 10:28:49,430 [Thread-2049] INFO  impl.RoleInfo (RoleInfo.java:shutdownFollowerState(121)) - df12c920-952d-4704-9c70-1a288e2f77c7: shutdown FollowerState
2019-10-20 10:28:49,430 [Thread-2049] INFO  impl.RaftServerImpl (RaftServerImpl.java:setRole(184)) - df12c920-952d-4704-9c70-1a288e2f77c7@group-75987F7FE399: changes role from  FOLLOWER to CANDIDATE at term 302 for changeToCandidate
2019-10-20 10:28:49,431 [Thread-2049] INFO  impl.RoleInfo (RoleInfo.java:updateAndGet(143)) - df12c920-952d-4704-9c70-1a288e2f77c7: start LeaderElection
2019-10-20 10:28:49,446 [df12c920-952d-4704-9c70-1a288e2f77c7@group-75987F7FE399-LeaderElection267] INFO  impl.LeaderElection (LeaderElection.java:askForVotes(178)) - df12c920-952d-4704-9c70-1a288e2f77c7@group-75987F7FE399-LeaderElection267: begin an election at term 303 for -1: [875da3d9-0dec-46c7-88bf-73f7a2372b64:192.168.69.89:39990, df12c920-952d-4704-9c70-1a288e2f77c7:192.168.69.89:43948, 9ceef694-dbcf-4070-b7b1-3b3c65b6a699:192.168.69.89:36536], old=null
2019-10-20 10:28:49,448 [grpc-default-executor-3] INFO  impl.RaftServerImpl (RaftServerImpl.java:setRole(184)) - 875da3d9-0dec-46c7-88bf-73f7a2372b64@group-75987F7FE399: changes role from  FOLLOWER to FOLLOWER at term 303 for recognizeCandidate:df12c920-952d-4704-9c70-1a288e2f77c7
2019-10-20 10:28:49,448 [grpc-default-executor-4] INFO  impl.RaftServerImpl (RaftServerImpl.java:setRole(184)) - 9ceef694-dbcf-4070-b7b1-3b3c65b6a699@group-75987F7FE399: changes role from  FOLLOWER to FOLLOWER at term 303 for recognizeCandidate:df12c920-952d-4704-9c70-1a288e2f77c7
2019-10-20 10:28:49,448 [grpc-default-executor-3] INFO  impl.RoleInfo (RoleInfo.java:shutdownFollowerState(121)) - 875da3d9-0dec-46c7-88bf-73f7a2372b64: shutdown FollowerState
2019-10-20 10:28:49,448 [grpc-default-executor-4] INFO  impl.RoleInfo (RoleInfo.java:shutdownFollowerState(121)) - 9ceef694-dbcf-4070-b7b1-3b3c65b6a699: shutdown FollowerState
2019-10-20 10:28:49,448 [Thread-2047] INFO  impl.FollowerState (FollowerState.java:run(117)) - 875da3d9-0dec-46c7-88bf-73f7a2372b64@group-75987F7FE399-FollowerState was interrupted: java.lang.InterruptedException: sleep interrupted
2019-10-20 10:28:49,449 [Thread-2048] INFO  impl.FollowerState (FollowerState.java:run(117)) - 9ceef694-dbcf-4070-b7b1-3b3c65b6a699@group-75987F7FE399-FollowerState was interrupted: java.lang.InterruptedException: sleep interrupted
2019-10-20 10:28:49,448 [grpc-default-executor-3] INFO  impl.RoleInfo (RoleInfo.java:updateAndGet(143)) - 875da3d9-0dec-46c7-88bf-73f7a2372b64: start FollowerState
2019-10-20 10:28:49,449 [grpc-default-executor-4] INFO  impl.RoleInfo (RoleInfo.java:updateAndGet(143)) - 9ceef694-dbcf-4070-b7b1-3b3c65b6a699: start FollowerState
2019-10-20 10:28:49,462 [df12c920-952d-4704-9c70-1a288e2f77c7@group-75987F7FE399-LeaderElection267] INFO  impl.LeaderElection (LeaderElection.java:logAndReturn(56)) - df12c920-952d-4704-9c70-1a288e2f77c7@group-75987F7FE399-LeaderElection267: Election REJECTED; received 2 response(s) [df12c920-952d-4704-9c70-1a288e2f77c7<-875da3d9-0dec-46c7-88bf-73f7a2372b64#0:FAIL-t303, df12c920-952d-4704-9c70-1a288e2f77c7<-9ceef694-dbcf-4070-b7b1-3b3c65b6a699#0:FAIL-t303] and 0 exception(s); df12c920-952d-4704-9c70-1a288e2f77c7@group-75987F7FE399:t303, leader=null, voted=df12c920-952d-4704-9c70-1a288e2f77c7, raftlog=df12c920-952d-4704-9c70-1a288e2f77c7@group-75987F7FE399-SegmentedRaftLog:OPENED:c-1,f-1,i0, conf=-1: [875da3d9-0dec-46c7-88bf-73f7a2372b64:192.168.69.89:39990, df12c920-952d-4704-9c70-1a288e2f77c7:192.168.69.89:43948, 9ceef694-dbcf-4070-b7b1-3b3c65b6a699:192.168.69.89:36536], old=null
2019-10-20 10:28:49,462 [df12c920-952d-4704-9c70-1a288e2f77c7@group-75987F7FE399-LeaderElection267] INFO  impl.RaftServerImpl (RaftServerImpl.java:setRole(184)) - df12c920-952d-4704-9c70-1a288e2f77c7@group-75987F7FE399: changes role from CANDIDATE to FOLLOWER at term 303 for DISCOVERED_A_NEW_TERM
2019-10-20 10:28:49,463 [df12c920-952d-4704-9c70-1a288e2f77c7@group-75987F7FE399-LeaderElection267] INFO  impl.RoleInfo (RoleInfo.java:shutdownLeaderElection(134)) - df12c920-952d-4704-9c70-1a288e2f77c7: shutdown LeaderElection
2019-10-20 10:28:49,463 [df12c920-952d-4704-9c70-1a288e2f77c7@group-75987F7FE399-LeaderElection267] INFO  impl.RoleInfo (RoleInfo.java:updateAndGet(143)) - df12c920-952d-4704-9c70-1a288e2f77c7: start FollowerState
2019-10-20 10:28:49,626 [Thread-2055] INFO  impl.FollowerState (FollowerState.java:run(108)) - df12c920-952d-4704-9c70-1a288e2f77c7@group-75987F7FE399-FollowerState: change to CANDIDATE, lastRpcTime:163ms, electionTimeout:163ms
2019-10-20 10:28:49,626 [Thread-2055] INFO  impl.RoleInfo (RoleInfo.java:shutdownFollowerState(121)) - df12c920-952d-4704-9c70-1a288e2f77c7: shutdown FollowerState
2019-10-20 10:28:49,626 [Thread-2055] INFO  impl.RaftServerImpl (RaftServerImpl.java:setRole(184)) - df12c920-952d-4704-9c70-1a288e2f77c7@group-75987F7FE399: changes role from  FOLLOWER to CANDIDATE at term 303 for changeToCandidate
2019-10-20 10:28:49,627 [Thread-2055] INFO  impl.RoleInfo (RoleInfo.java:updateAndGet(143)) - df12c920-952d-4704-9c70-1a288e2f77c7: start LeaderElection
2019-10-20 10:28:49,654 [df12c920-952d-4704-9c70-1a288e2f77c7@group-75987F7FE399-LeaderElection268] INFO  impl.LeaderElection (LeaderElection.java:askForVotes(178)) - df12c920-952d-4704-9c70-1a288e2f77c7@group-75987F7FE399-LeaderElection268: begin an election at term 304 for -1: [875da3d9-0dec-46c7-88bf-73f7a2372b64:192.168.69.89:39990, df12c920-952d-4704-9c70-1a288e2f77c7:192.168.69.89:43948, 9ceef694-dbcf-4070-b7b1-3b3c65b6a699:192.168.69.89:36536], old=null
2019-10-20 10:28:49,656 [grpc-default-executor-3] INFO  impl.RaftServerImpl (RaftServerImpl.java:setRole(184)) - 875da3d9-0dec-46c7-88bf-73f7a2372b64@group-75987F7FE399: changes role from  FOLLOWER to FOLLOWER at term 304 for recognizeCandidate:df12c920-952d-4704-9c70-1a288e2f77c7
2019-10-20 10:28:49,656 [grpc-default-executor-3] INFO  impl.RoleInfo (RoleInfo.java:shutdownFollowerState(121)) - 875da3d9-0dec-46c7-88bf-73f7a2372b64: shutdown FollowerState
2019-10-20 10:28:49,656 [grpc-default-executor-4] INFO  impl.RaftServerImpl (RaftServerImpl.java:setRole(184)) - 9ceef694-dbcf-4070-b7b1-3b3c65b6a699@group-75987F7FE399: changes role from  FOLLOWER to FOLLOWER at term 304 for recognizeCandidate:df12c920-952d-4704-9c70-1a288e2f77c7
2019-10-20 10:28:49,656 [Thread-2053] INFO  impl.FollowerState (FollowerState.java:run(117)) - 875da3d9-0dec-46c7-88bf-73f7a2372b64@group-75987F7FE399-FollowerState was interrupted: java.lang.InterruptedException: sleep interrupted
2019-10-20 10:28:49,656 [grpc-default-executor-3] INFO  impl.RoleInfo (RoleInfo.java:updateAndGet(143)) - 875da3d9-0dec-46c7-88bf-73f7a2372b64: start FollowerState
2019-10-20 10:28:49,656 [grpc-default-executor-4] INFO  impl.RoleInfo (RoleInfo.java:shutdownFollowerState(121)) - 9ceef694-dbcf-4070-b7b1-3b3c65b6a699: shutdown FollowerState
2019-10-20 10:28:49,657 [grpc-default-executor-4] INFO  impl.RoleInfo (RoleInfo.java:updateAndGet(143)) - 9ceef694-dbcf-4070-b7b1-3b3c65b6a699: start FollowerState
2019-10-20 10:28:49,657 [Thread-2054] INFO  impl.FollowerState (FollowerState.java:run(117)) - 9ceef694-dbcf-4070-b7b1-3b3c65b6a699@group-75987F7FE399-FollowerState was interrupted: java.lang.InterruptedException: sleep interrupted
2019-10-20 10:28:49,671 [df12c920-952d-4704-9c70-1a288e2f77c7@group-75987F7FE399-LeaderElection268] INFO  impl.LeaderElection (LeaderElection.java:logAndReturn(56)) - df12c920-952d-4704-9c70-1a288e2f77c7@group-75987F7FE399-LeaderElection268: Election REJECTED; received 2 response(s) [df12c920-952d-4704-9c70-1a288e2f77c7<-875da3d9-0dec-46c7-88bf-73f7a2372b64#0:FAIL-t304, df12c920-952d-4704-9c70-1a288e2f77c7<-9ceef694-dbcf-4070-b7b1-3b3c65b6a699#0:FAIL-t304] and 0 exception(s); df12c920-952d-4704-9c70-1a288e2f77c7@group-75987F7FE399:t304, leader=null, voted=df12c920-952d-4704-9c70-1a288e2f77c7, raftlog=df12c920-952d-4704-9c70-1a288e2f77c7@group-75987F7FE399-SegmentedRaftLog:OPENED:c-1,f-1,i0, conf=-1: [875da3d9-0dec-46c7-88bf-73f7a2372b64:192.168.69.89:39990, df12c920-952d-4704-9c70-1a288e2f77c7:192.168.69.89:43948, 9ceef694-dbcf-4070-b7b1-3b3c65b6a699:192.168.69.89:36536], old=null
2019-10-20 10:28:49,671 [df12c920-952d-4704-9c70-1a288e2f77c7@group-75987F7FE399-LeaderElection268] INFO  impl.RaftServerImpl (RaftServerImpl.java:setRole(184)) - df12c920-952d-4704-9c70-1a288e2f77c7@group-75987F7FE399: changes role from CANDIDATE to FOLLOWER at term 304 for DISCOVERED_A_NEW_TERM
2019-10-20 10:28:49,671 [df12c920-952d-4704-9c70-1a288e2f77c7@group-75987F7FE399-LeaderElection268] INFO  impl.RoleInfo (RoleInfo.java:shutdownLeaderElection(134)) - df12c920-952d-4704-9c70-1a288e2f77c7: shutdown LeaderElection
2019-10-20 10:28:49,671 [df12c920-952d-4704-9c70-1a288e2f77c7@group-75987F7FE399-LeaderElection268] INFO  impl.RoleInfo (RoleInfo.java:updateAndGet(143)) - df12c920-952d-4704-9c70-1a288e2f77c7: start FollowerState
2019-10-20 10:28:49,684 [Thread-2061] INFO  impl.FollowerState (FollowerState.java:run(108)) - df12c920-952d-4704-9c70-1a288e2f77c7@group-75987F7FE399-FollowerState: change to CANDIDATE, lastRpcTime:12ms, electionTimeout:12ms
2019-10-20 10:28:49,684 [Thread-2061] INFO  impl.RoleInfo (RoleInfo.java:shutdownFollowerState(121)) - df12c920-952d-4704-9c70-1a288e2f77c7: shutdown FollowerState
2019-10-20 10:28:49,684 [Thread-2061] INFO  impl.RaftServerImpl (RaftServerImpl.java:setRole(184)) - df12c920-952d-4704-9c70-1a288e2f77c7@group-75987F7FE399: changes role from  FOLLOWER to CANDIDATE at term 304 for changeToCandidate
2019-10-20 10:28:49,684 [Thread-2061] INFO  impl.RoleInfo (RoleInfo.java:updateAndGet(143)) - df12c920-952d-4704-9c70-1a288e2f77c7: start LeaderElection
2019-10-20 10:28:49,705 [df12c920-952d-4704-9c70-1a288e2f77c7@group-75987F7FE399-LeaderElection269] INFO  impl.LeaderElection (LeaderElection.java:askForVotes(178)) - df12c920-952d-4704-9c70-1a288e2f77c7@group-75987F7FE399-LeaderElection269: begin an election at term 305 for -1: [875da3d9-0dec-46c7-88bf-73f7a2372b64:192.168.69.89:39990, df12c920-952d-4704-9c70-1a288e2f77c7:192.168.69.89:43948, 9ceef694-dbcf-4070-b7b1-3b3c65b6a699:192.168.69.89:36536], old=null
2019-10-20 10:28:49,707 [grpc-default-executor-3] INFO  impl.RaftServerImpl (RaftServerImpl.java:setRole(184)) - 875da3d9-0dec-46c7-88bf-73f7a2372b64@group-75987F7FE399: changes role from  FOLLOWER to FOLLOWER at term 305 for recognizeCandidate:df12c920-952d-4704-9c70-1a288e2f77c7
2019-10-20 10:28:49,707 [grpc-default-executor-3] INFO  impl.RoleInfo (RoleInfo.java:shutdownFollowerState(121)) - 875da3d9-0dec-46c7-88bf-73f7a2372b64: shutdown FollowerState
2019-10-20 10:28:49,707 [grpc-default-executor-3] INFO  impl.RoleInfo (RoleInfo.java:updateAndGet(143)) - 875da3d9-0dec-46c7-88bf-73f7a2372b64: start FollowerState
2019-10-20 10:28:49,707 [Thread-2059] INFO  impl.FollowerState (FollowerState.java:run(117)) - 875da3d9-0dec-46c7-88bf-73f7a2372b64@group-75987F7FE399-FollowerState was interrupted: java.lang.InterruptedException: sleep interrupted
2019-10-20 10:28:49,707 [grpc-default-executor-4] INFO  impl.RaftServerImpl (RaftServerImpl.java:setRole(184)) - 9ceef694-dbcf-4070-b7b1-3b3c65b6a699@group-75987F7FE399: changes role from  FOLLOWER to FOLLOWER at term 305 for recognizeCandidate:df12c920-952d-4704-9c70-1a288e2f77c7
2019-10-20 10:28:49,707 [grpc-default-executor-4] INFO  impl.RoleInfo (RoleInfo.java:shutdownFollowerState(121)) - 9ceef694-dbcf-4070-b7b1-3b3c65b6a699: shutdown FollowerState
2019-10-20 10:28:49,708 [grpc-default-executor-4] INFO  impl.RoleInfo (RoleInfo.java:updateAndGet(143)) - 9ceef694-dbcf-4070-b7b1-3b3c65b6a699: start FollowerState
2019-10-20 10:28:49,708 [Thread-2060] INFO  impl.FollowerState (FollowerState.java:run(117)) - 9ceef694-dbcf-4070-b7b1-3b3c65b6a699@group-75987F7FE399-FollowerState was interrupted: java.lang.InterruptedException: sleep interrupted
2019-10-20 10:28:49,711 [df12c920-952d-4704-9c70-1a288e2f77c7@group-75987F7FE399-LeaderElection269] INFO  impl.LeaderElection (LeaderElection.java:logAndReturn(56)) - df12c920-952d-4704-9c70-1a288e2f77c7@group-75987F7FE399-LeaderElection269: Election TIMEOUT; received 0 response(s) [] and 0 exception(s); df12c920-952d-4704-9c70-1a288e2f77c7@group-75987F7FE399:t305, leader=null, voted=df12c920-952d-4704-9c70-1a288e2f77c7, raftlog=df12c920-952d-4704-9c70-1a288e2f77c7@group-75987F7FE399-SegmentedRaftLog:OPENED:c-1,f-1,i0, conf=-1: [875da3d9-0dec-46c7-88bf-73f7a2372b64:192.168.69.89:39990, df12c920-952d-4704-9c70-1a288e2f77c7:192.168.69.89:43948, 9ceef694-dbcf-4070-b7b1-3b3c65b6a699:192.168.69.89:36536], old=null
2019-10-20 10:28:49,721 [df12c920-952d-4704-9c70-1a288e2f77c7@group-75987F7FE399-LeaderElection269] INFO  impl.LeaderElection (LeaderElection.java:askForVotes(178)) - df12c920-952d-4704-9c70-1a288e2f77c7@group-75987F7FE399-LeaderElection269: begin an election at term 306 for -1: [875da3d9-0dec-46c7-88bf-73f7a2372b64:192.168.69.89:39990, df12c920-952d-4704-9c70-1a288e2f77c7:192.168.69.89:43948, 9ceef694-dbcf-4070-b7b1-3b3c65b6a699:192.168.69.89:36536], old=null
2019-10-20 10:28:49,722 [grpc-default-executor-3] INFO  impl.RaftServerImpl (RaftServerImpl.java:setRole(184)) - 875da3d9-0dec-46c7-88bf-73f7a2372b64@group-75987F7FE399: changes role from  FOLLOWER to FOLLOWER at term 306 for recognizeCandidate:df12c920-952d-4704-9c70-1a288e2f77c7
2019-10-20 10:28:49,722 [grpc-default-executor-3] INFO  impl.RoleInfo (RoleInfo.java:shutdownFollowerState(121)) - 875da3d9-0dec-46c7-88bf-73f7a2372b64: shutdown FollowerState
2019-10-20 10:28:49,723 [grpc-default-executor-3] INFO  impl.RoleInfo (RoleInfo.java:updateAndGet(143)) - 875da3d9-0dec-46c7-88bf-73f7a2372b64: start FollowerState
2019-10-20 10:28:49,723 [grpc-default-executor-4] INFO  impl.RaftServerImpl (RaftServerImpl.java:setRole(184)) - 9ceef694-dbcf-4070-b7b1-3b3c65b6a699@group-75987F7FE399: changes role from  FOLLOWER to FOLLOWER at term 306 for recognizeCandidate:df12c920-952d-4704-9c70-1a288e2f77c7
2019-10-20 10:28:49,723 [Thread-2065] INFO  impl.FollowerState (FollowerState.java:run(117)) - 875da3d9-0dec-46c7-88bf-73f7a2372b64@group-75987F7FE399-FollowerState was interrupted: java.lang.InterruptedException: sleep interrupted
2019-10-20 10:28:49,723 [grpc-default-executor-4] INFO  impl.RoleInfo (RoleInfo.java:shutdownFollowerState(121)) - 9ceef694-dbcf-4070-b7b1-3b3c65b6a699: shutdown FollowerState
2019-10-20 10:28:49,723 [grpc-default-executor-4] INFO  impl.RoleInfo (RoleInfo.java:updateAndGet(143)) - 9ceef694-dbcf-4070-b7b1-3b3c65b6a699: start FollowerState
2019-10-20 10:28:49,723 [Thread-2066] INFO  impl.FollowerState (FollowerState.java:run(117)) - 9ceef694-dbcf-4070-b7b1-3b3c65b6a699@group-75987F7FE399-FollowerState was interrupted: java.lang.InterruptedException: sleep interrupted
2019-10-20 10:28:49,738 [df12c920-952d-4704-9c70-1a288e2f77c7@group-75987F7FE399-LeaderElection269] INFO  impl.LeaderElection (LeaderElection.java:logAndReturn(56)) - df12c920-952d-4704-9c70-1a288e2f77c7@group-75987F7FE399-LeaderElection269: Election REJECTED; received 2 response(s) [df12c920-952d-4704-9c70-1a288e2f77c7<-875da3d9-0dec-46c7-88bf-73f7a2372b64#0:FAIL-t306, df12c920-952d-4704-9c70-1a288e2f77c7<-9ceef694-dbcf-4070-b7b1-3b3c65b6a699#0:FAIL-t306] and 0 exception(s); df12c920-952d-4704-9c70-1a288e2f77c7@group-75987F7FE399:t306, leader=null, voted=df12c920-952d-4704-9c70-1a288e2f77c7, raftlog=df12c920-952d-4704-9c70-1a288e2f77c7@group-75987F7FE399-SegmentedRaftLog:OPENED:c-1,f-1,i0, conf=-1: [875da3d9-0dec-46c7-88bf-73f7a2372b64:192.168.69.89:39990, df12c920-952d-4704-9c70-1a288e2f77c7:192.168.69.89:43948, 9ceef694-dbcf-4070-b7b1-3b3c65b6a699:192.168.69.89:36536], old=null
2019-10-20 10:28:49,738 [df12c920-952d-4704-9c70-1a288e2f77c7@group-75987F7FE399-LeaderElection269] INFO  impl.RaftServerImpl (RaftServerImpl.java:setRole(184)) - df12c920-952d-4704-9c70-1a288e2f77c7@group-75987F7FE399: changes role from CANDIDATE to FOLLOWER at term 306 for DISCOVERED_A_NEW_TERM
2019-10-20 10:28:49,738 [df12c920-952d-4704-9c70-1a288e2f77c7@group-75987F7FE399-LeaderElection269] INFO  impl.RoleInfo (RoleInfo.java:shutdownLeaderElection(134)) - df12c920-952d-4704-9c70-1a288e2f77c7: shutdown LeaderElection
2019-10-20 10:28:49,738 [df12c920-952d-4704-9c70-1a288e2f77c7@group-75987F7FE399-LeaderElection269] INFO  impl.RoleInfo (RoleInfo.java:updateAndGet(143)) - df12c920-952d-4704-9c70-1a288e2f77c7: start FollowerState
2019-10-20 10:28:49,820 [Thread-2072] INFO  impl.FollowerState (FollowerState.java:run(108)) - df12c920-952d-4704-9c70-1a288e2f77c7@group-75987F7FE399-FollowerState: change to CANDIDATE, lastRpcTime:81ms, electionTimeout:81ms
2019-10-20 10:28:49,820 [Thread-2072] INFO  impl.RoleInfo (RoleInfo.java:shutdownFollowerState(121)) - df12c920-952d-4704-9c70-1a288e2f77c7: shutdown FollowerState
2019-10-20 10:28:49,820 [Thread-2072] INFO  impl.RaftServerImpl (RaftServerImpl.java:setRole(184)) - df12c920-952d-4704-9c70-1a288e2f77c7@group-75987F7FE399: changes role from  FOLLOWER to CANDIDATE at term 306 for changeToCandidate
2019-10-20 10:28:49,820 [Thread-2072] INFO  impl.RoleInfo (RoleInfo.java:updateAndGet(143)) - df12c920-952d-4704-9c70-1a288e2f77c7: start LeaderElection
2019-10-20 10:28:49,835 [df12c920-952d-4704-9c70-1a288e2f77c7@group-75987F7FE399-LeaderElection270] INFO  impl.LeaderElection (LeaderElection.java:askForVotes(178)) - df12c920-952d-4704-9c70-1a288e2f77c7@group-75987F7FE399-LeaderElection270: begin an election at term 307 for -1: [875da3d9-0dec-46c7-88bf-73f7a2372b64:192.168.69.89:39990, df12c920-952d-4704-9c70-1a288e2f77c7:192.168.69.89:43948, 9ceef694-dbcf-4070-b7b1-3b3c65b6a699:192.168.69.89:36536], old=null
2019-10-20 10:28:49,836 [grpc-default-executor-3] INFO  impl.RaftServerImpl (RaftServerImpl.java:setRole(184)) - 875da3d9-0dec-46c7-88bf-73f7a2372b64@group-75987F7FE399: changes role from  FOLLOWER to FOLLOWER at term 307 for recognizeCandidate:df12c920-952d-4704-9c70-1a288e2f77c7
2019-10-20 10:28:49,836 [grpc-default-executor-3] INFO  impl.RoleInfo (RoleInfo.java:shutdownFollowerState(121)) - 875da3d9-0dec-46c7-88bf-73f7a2372b64: shutdown FollowerState
2019-10-20 10:28:49,837 [grpc-default-executor-4] INFO  impl.RaftServerImpl (RaftServerImpl.java:setRole(184)) - 9ceef694-dbcf-4070-b7b1-3b3c65b6a699@group-75987F7FE399: changes role from  FOLLOWER to FOLLOWER at term 307 for recognizeCandidate:df12c920-952d-4704-9c70-1a288e2f77c7
2019-10-20 10:28:49,837 [Thread-2070] INFO  impl.FollowerState (FollowerState.java:run(117)) - 875da3d9-0dec-46c7-88bf-73f7a2372b64@group-75987F7FE399-FollowerState was interrupted: java.lang.InterruptedException: sleep interrupted
2019-10-20 10:28:49,837 [grpc-default-executor-3] INFO  impl.RoleInfo (RoleInfo.java:updateAndGet(143)) - 875da3d9-0dec-46c7-88bf-73f7a2372b64: start FollowerState
2019-10-20 10:28:49,837 [grpc-default-executor-4] INFO  impl.RoleInfo (RoleInfo.java:shutdownFollowerState(121)) - 9ceef694-dbcf-4070-b7b1-3b3c65b6a699: shutdown FollowerState
2019-10-20 10:28:49,837 [grpc-default-executor-4] INFO  impl.RoleInfo (RoleInfo.java:updateAndGet(143)) - 9ceef694-dbcf-4070-b7b1-3b3c65b6a699: start FollowerState
2019-10-20 10:28:49,837 [Thread-2071] INFO  impl.FollowerState (FollowerState.java:run(117)) - 9ceef694-dbcf-4070-b7b1-3b3c65b6a699@group-75987F7FE399-FollowerState was interrupted: java.lang.InterruptedException: sleep interrupted
2019-10-20 10:28:49,851 [df12c920-952d-4704-9c70-1a288e2f77c7@group-75987F7FE399-LeaderElection270] INFO  impl.LeaderElection (LeaderElection.java:logAndReturn(56)) - df12c920-952d-4704-9c70-1a288e2f77c7@group-75987F7FE399-LeaderElection270: Election REJECTED; received 2 response(s) [df12c920-952d-4704-9c70-1a288e2f77c7<-875da3d9-0dec-46c7-88bf-73f7a2372b64#0:FAIL-t307, df12c920-952d-4704-9c70-1a288e2f77c7<-9ceef694-dbcf-4070-b7b1-3b3c65b6a699#0:FAIL-t307] and 0 exception(s); df12c920-952d-4704-9c70-1a288e2f77c7@group-75987F7FE399:t307, leader=null, voted=df12c920-952d-4704-9c70-1a288e2f77c7, raftlog=df12c920-952d-4704-9c70-1a288e2f77c7@group-75987F7FE399-SegmentedRaftLog:OPENED:c-1,f-1,i0, conf=-1: [875da3d9-0dec-46c7-88bf-73f7a2372b64:192.168.69.89:39990, df12c920-952d-4704-9c70-1a288e2f77c7:192.168.69.89:43948, 9ceef694-dbcf-4070-b7b1-3b3c65b6a699:192.168.69.89:36536], old=null
2019-10-20 10:28:49,851 [df12c920-952d-4704-9c70-1a288e2f77c7@group-75987F7FE399-LeaderElection270] INFO  impl.RaftServerImpl (RaftServerImpl.java:setRole(184)) - df12c920-952d-4704-9c70-1a288e2f77c7@group-75987F7FE399: changes role from CANDIDATE to FOLLOWER at term 307 for DISCOVERED_A_NEW_TERM
2019-10-20 10:28:49,851 [df12c920-952d-4704-9c70-1a288e2f77c7@group-75987F7FE399-LeaderElection270] INFO  impl.RoleInfo (RoleInfo.java:shutdownLeaderElection(134)) - df12c920-952d-4704-9c70-1a288e2f77c7: shutdown LeaderElection
2019-10-20 10:28:49,851 [df12c920-952d-4704-9c70-1a288e2f77c7@group-75987F7FE399-LeaderElection270] INFO  impl.RoleInfo (RoleInfo.java:updateAndGet(143)) - df12c920-952d-4704-9c70-1a288e2f77c7: start FollowerState
2019-10-20 10:28:49,891 [Thread-2078] INFO  impl.FollowerState (FollowerState.java:run(108)) - df12c920-952d-4704-9c70-1a288e2f77c7@group-75987F7FE399-FollowerState: change to CANDIDATE, lastRpcTime:39ms, electionTimeout:39ms
2019-10-20 10:28:49,891 [Thread-2078] INFO  impl.RoleInfo (RoleInfo.java:shutdownFollowerState(121)) - df12c920-952d-4704-9c70-1a288e2f77c7: shutdown FollowerState
2019-10-20 10:28:49,891 [Thread-2078] INFO  impl.RaftServerImpl (RaftServerImpl.java:setRole(184)) - df12c920-952d-4704-9c70-1a288e2f77c7@group-75987F7FE399: changes role from  FOLLOWER to CANDIDATE at term 307 for changeToCandidate
2019-10-20 10:28:49,891 [Thread-2078] INFO  impl.RoleInfo (RoleInfo.java:updateAndGet(143)) - df12c920-952d-4704-9c70-1a288e2f77c7: start LeaderElection
2019-10-20 10:28:49,904 [df12c920-952d-4704-9c70-1a288e2f77c7@group-75987F7FE399-LeaderElection271] INFO  impl.LeaderElection (LeaderElection.java:askForVotes(178)) - df12c920-952d-4704-9c70-1a288e2f77c7@group-75987F7FE399-LeaderElection271: begin an election at term 308 for -1: [875da3d9-0dec-46c7-88bf-73f7a2372b64:192.168.69.89:39990, df12c920-952d-4704-9c70-1a288e2f77c7:192.168.69.89:43948, 9ceef694-dbcf-4070-b7b1-3b3c65b6a699:192.168.69.89:36536], old=null
2019-10-20 10:28:49,905 [grpc-default-executor-3] INFO  impl.RaftServerImpl (RaftServerImpl.java:setRole(184)) - 9ceef694-dbcf-4070-b7b1-3b3c65b6a699@group-75987F7FE399: changes role from  FOLLOWER to FOLLOWER at term 308 for recognizeCandidate:df12c920-952d-4704-9c70-1a288e2f77c7
2019-10-20 10:28:49,905 [grpc-default-executor-3] INFO  impl.RoleInfo (RoleInfo.java:shutdownFollowerState(121)) - 9ceef694-dbcf-4070-b7b1-3b3c65b6a699: shutdown FollowerState
2019-10-20 10:28:49,905 [grpc-default-executor-4] INFO  impl.RaftServerImpl (RaftServerImpl.java:setRole(184)) - 875da3d9-0dec-46c7-88bf-73f7a2372b64@group-75987F7FE399: changes role from  FOLLOWER to FOLLOWER at term 308 for recognizeCandidate:df12c920-952d-4704-9c70-1a288e2f77c7
2019-10-20 10:28:49,906 [Thread-2077] INFO  impl.FollowerState (FollowerState.java:run(117)) - 9ceef694-dbcf-4070-b7b1-3b3c65b6a699@group-75987F7FE399-FollowerState was interrupted: java.lang.InterruptedException: sleep interrupted
2019-10-20 10:28:49,906 [grpc-default-executor-3] INFO  impl.RoleInfo (RoleInfo.java:updateAndGet(143)) - 9ceef694-dbcf-4070-b7b1-3b3c65b6a699: start FollowerState
2019-10-20 10:28:49,906 [grpc-default-executor-4] INFO  impl.RoleInfo (RoleInfo.java:shutdownFollowerState(121)) - 875da3d9-0dec-46c7-88bf-73f7a2372b64: shutdown FollowerState
2019-10-20 10:28:49,906 [grpc-default-executor-4] INFO  impl.RoleInfo (RoleInfo.java:updateAndGet(143)) - 875da3d9-0dec-46c7-88bf-73f7a2372b64: start FollowerState
2019-10-20 10:28:49,906 [Thread-2076] INFO  impl.FollowerState (FollowerState.java:run(117)) - 875da3d9-0dec-46c7-88bf-73f7a2372b64@group-75987F7FE399-FollowerState was interrupted: java.lang.InterruptedException: sleep interrupted
2019-10-20 10:28:49,943 [df12c920-952d-4704-9c70-1a288e2f77c7@group-75987F7FE399-LeaderElection271] INFO  impl.LeaderElection (LeaderElection.java:logAndReturn(56)) - df12c920-952d-4704-9c70-1a288e2f77c7@group-75987F7FE399-LeaderElection271: Election REJECTED; received 2 response(s) [df12c920-952d-4704-9c70-1a288e2f77c7<-875da3d9-0dec-46c7-88bf-73f7a2372b64#0:FAIL-t308, df12c920-952d-4704-9c70-1a288e2f77c7<-9ceef694-dbcf-4070-b7b1-3b3c65b6a699#0:FAIL-t308] and 0 exception(s); df12c920-952d-4704-9c70-1a288e2f77c7@group-75987F7FE399:t308, leader=null, voted=df12c920-952d-4704-9c70-1a288e2f77c7, raftlog=df12c920-952d-4704-9c70-1a288e2f77c7@group-75987F7FE399-SegmentedRaftLog:OPENED:c-1,f-1,i0, conf=-1: [875da3d9-0dec-46c7-88bf-73f7a2372b64:192.168.69.89:39990, df12c920-952d-4704-9c70-1a288e2f77c7:192.168.69.89:43948, 9ceef694-dbcf-4070-b7b1-3b3c65b6a699:192.168.69.89:36536], old=null
2019-10-20 10:28:49,944 [df12c920-952d-4704-9c70-1a288e2f77c7@group-75987F7FE399-LeaderElection271] INFO  impl.RaftServerImpl (RaftServerImpl.java:setRole(184)) - df12c920-952d-4704-9c70-1a288e2f77c7@group-75987F7FE399: changes role from CANDIDATE to FOLLOWER at term 308 for DISCOVERED_A_NEW_TERM
2019-10-20 10:28:49,944 [df12c920-952d-4704-9c70-1a288e2f77c7@group-75987F7FE399-LeaderElection271] INFO  impl.RoleInfo (RoleInfo.java:shutdownLeaderElection(134)) - df12c920-952d-4704-9c70-1a288e2f77c7: shutdown LeaderElection
2019-10-20 10:28:49,944 [df12c920-952d-4704-9c70-1a288e2f77c7@group-75987F7FE399-LeaderElection271] INFO  impl.RoleInfo (RoleInfo.java:updateAndGet(143)) - df12c920-952d-4704-9c70-1a288e2f77c7: start FollowerState
2019-10-20 10:28:49,990 [Thread-2084] INFO  impl.FollowerState (FollowerState.java:run(108)) - df12c920-952d-4704-9c70-1a288e2f77c7@group-75987F7FE399-FollowerState: change to CANDIDATE, lastRpcTime:46ms, electionTimeout:46ms
2019-10-20 10:28:49,990 [Thread-2084] INFO  impl.RoleInfo (RoleInfo.java:shutdownFollowerState(121)) - df12c920-952d-4704-9c70-1a288e2f77c7: shutdown FollowerState
2019-10-20 10:28:49,991 [Thread-2084] INFO  impl.RaftServerImpl (RaftServerImpl.java:setRole(184)) - df12c920-952d-4704-9c70-1a288e2f77c7@group-75987F7FE399: changes role from  FOLLOWER to CANDIDATE at term 308 for changeToCandidate
2019-10-20 10:28:49,991 [Thread-2084] INFO  impl.RoleInfo (RoleInfo.java:updateAndGet(143)) - df12c920-952d-4704-9c70-1a288e2f77c7: start LeaderElection
2019-10-20 10:28:50,004 [df12c920-952d-4704-9c70-1a288e2f77c7@group-75987F7FE399-LeaderElection272] INFO  impl.LeaderElection (LeaderElection.java:askForVotes(178)) - df12c920-952d-4704-9c70-1a288e2f77c7@group-75987F7FE399-LeaderElection272: begin an election at term 309 for -1: [875da3d9-0dec-46c7-88bf-73f7a2372b64:192.168.69.89:39990, df12c920-952d-4704-9c70-1a288e2f77c7:192.168.69.89:43948, 9ceef694-dbcf-4070-b7b1-3b3c65b6a699:192.168.69.89:36536], old=null
2019-10-20 10:28:50,006 [grpc-default-executor-4] INFO  impl.RaftServerImpl (RaftServerImpl.java:setRole(184)) - 875da3d9-0dec-46c7-88bf-73f7a2372b64@group-75987F7FE399: changes role from  FOLLOWER to FOLLOWER at term 309 for recognizeCandidate:df12c920-952d-4704-9c70-1a288e2f77c7
2019-10-20 10:28:50,006 [grpc-default-executor-4] INFO  impl.RoleInfo (RoleInfo.java:shutdownFollowerState(121)) - 875da3d9-0dec-46c7-88bf-73f7a2372b64: shutdown FollowerState
2019-10-20 10:28:50,006 [grpc-default-executor-3] INFO  impl.RaftServerImpl (RaftServerImpl.java:setRole(184)) - 9ceef694-dbcf-4070-b7b1-3b3c65b6a699@group-75987F7FE399: changes role from  FOLLOWER to FOLLOWER at term 309 for recognizeCandidate:df12c920-952d-4704-9c70-1a288e2f77c7
2019-10-20 10:28:50,006 [Thread-2083] INFO  impl.FollowerState (FollowerState.java:run(117)) - 875da3d9-0dec-46c7-88bf-73f7a2372b64@group-75987F7FE399-FollowerState was interrupted: java.lang.InterruptedException: sleep interrupted
2019-10-20 10:28:50,006 [grpc-default-executor-4] INFO  impl.RoleInfo (RoleInfo.java:updateAndGet(143)) - 875da3d9-0dec-46c7-88bf-73f7a2372b64: start FollowerState
2019-10-20 10:28:50,006 [grpc-default-executor-3] INFO  impl.RoleInfo (RoleInfo.java:shutdownFollowerState(121)) - 9ceef694-dbcf-4070-b7b1-3b3c65b6a699: shutdown FollowerState
2019-10-20 10:28:50,007 [grpc-default-executor-3] INFO  impl.RoleInfo (RoleInfo.java:updateAndGet(143)) - 9ceef694-dbcf-4070-b7b1-3b3c65b6a699: start FollowerState
2019-10-20 10:28:50,007 [Thread-2082] INFO  impl.FollowerState (FollowerState.java:run(117)) - 9ceef694-dbcf-4070-b7b1-3b3c65b6a699@group-75987F7FE399-FollowerState was interrupted: java.lang.InterruptedException: sleep interrupted
2019-10-20 10:28:50,021 [df12c920-952d-4704-9c70-1a288e2f77c7@group-75987F7FE399-LeaderElection272] INFO  impl.LeaderElection (LeaderElection.java:logAndReturn(56)) - df12c920-952d-4704-9c70-1a288e2f77c7@group-75987F7FE399-LeaderElection272: Election REJECTED; received 2 response(s) [df12c920-952d-4704-9c70-1a288e2f77c7<-875da3d9-0dec-46c7-88bf-73f7a2372b64#0:FAIL-t309, df12c920-952d-4704-9c70-1a288e2f77c7<-9ceef694-dbcf-4070-b7b1-3b3c65b6a699#0:FAIL-t309] and 0 exception(s); df12c920-952d-4704-9c70-1a288e2f77c7@group-75987F7FE399:t309, leader=null, voted=df12c920-952d-4704-9c70-1a288e2f77c7, raftlog=df12c920-952d-4704-9c70-1a288e2f77c7@group-75987F7FE399-SegmentedRaftLog:OPENED:c-1,f-1,i0, conf=-1: [875da3d9-0dec-46c7-88bf-73f7a2372b64:192.168.69.89:39990, df12c920-952d-4704-9c70-1a288e2f77c7:192.168.69.89:43948, 9ceef694-dbcf-4070-b7b1-3b3c65b6a699:192.168.69.89:36536], old=null
2019-10-20 10:28:50,022 [df12c920-952d-4704-9c70-1a288e2f77c7@group-75987F7FE399-LeaderElection272] INFO  impl.RaftServerImpl (RaftServerImpl.java:setRole(184)) - df12c920-952d-4704-9c70-1a288e2f77c7@group-75987F7FE399: changes role from CANDIDATE to FOLLOWER at term 309 for DISCOVERED_A_NEW_TERM
2019-10-20 10:28:50,022 [df12c920-952d-4704-9c70-1a288e2f77c7@group-75987F7FE399-LeaderElection272] INFO  impl.RoleInfo (RoleInfo.java:shutdownLeaderElection(134)) - df12c920-952d-4704-9c70-1a288e2f77c7: shutdown LeaderElection
2019-10-20 10:28:50,022 [df12c920-952d-4704-9c70-1a288e2f77c7@group-75987F7FE399-LeaderElection272] INFO  impl.RoleInfo (RoleInfo.java:updateAndGet(143)) - df12c920-952d-4704-9c70-1a288e2f77c7: start FollowerState
2019-10-20 10:28:50,105 [Thread-2090] INFO  impl.FollowerState (FollowerState.java:run(108)) - df12c920-952d-4704-9c70-1a288e2f77c7@group-75987F7FE399-FollowerState: change to CANDIDATE, lastRpcTime:83ms, electionTimeout:80ms
2019-10-20 10:28:50,105 [Thread-2090] INFO  impl.RoleInfo (RoleInfo.java:shutdownFollowerState(121)) - df12c920-952d-4704-9c70-1a288e2f77c7: shutdown FollowerState
2019-10-20 10:28:50,106 [Thread-2090] INFO  impl.RaftServerImpl (RaftServerImpl.java:setRole(184)) - df12c920-952d-4704-9c70-1a288e2f77c7@group-75987F7FE399: changes role from  FOLLOWER to CANDIDATE at term 309 for changeToCandidate
2019-10-20 10:28:50,106 [Thread-2090] INFO  impl.RoleInfo (RoleInfo.java:updateAndGet(143)) - df12c920-952d-4704-9c70-1a288e2f77c7: start LeaderElection
2019-10-20 10:28:50,119 [df12c920-952d-4704-9c70-1a288e2f77c7@group-75987F7FE399-LeaderElection273] INFO  impl.LeaderElection (LeaderElection.java:askForVotes(178)) - df12c920-952d-4704-9c70-1a288e2f77c7@group-75987F7FE399-LeaderElection273: begin an election at term 310 for -1: [875da3d9-0dec-46c7-88bf-73f7a2372b64:192.168.69.89:39990, df12c920-952d-4704-9c70-1a288e2f77c7:192.168.69.89:43948, 9ceef694-dbcf-4070-b7b1-3b3c65b6a699:192.168.69.89:36536], old=null
2019-10-20 10:28:50,121 [grpc-default-executor-4] INFO  impl.RaftServerImpl (RaftServerImpl.java:setRole(184)) - 875da3d9-0dec-46c7-88bf-73f7a2372b64@group-75987F7FE399: changes role from  FOLLOWER to FOLLOWER at term 310 for recognizeCandidate:df12c920-952d-4704-9c70-1a288e2f77c7
2019-10-20 10:28:50,121 [grpc-default-executor-4] INFO  impl.RoleInfo (RoleInfo.java:shutdownFollowerState(121)) - 875da3d9-0dec-46c7-88bf-73f7a2372b64: shutdown FollowerState
2019-10-20 10:28:50,121 [grpc-default-executor-3] INFO  impl.RaftServerImpl (RaftServerImpl.java:setRole(184)) - 9ceef694-dbcf-4070-b7b1-3b3c65b6a699@group-75987F7FE399: changes role from  FOLLOWER to FOLLOWER at term 310 for recognizeCandidate:df12c920-952d-4704-9c70-1a288e2f77c7
2019-10-20 10:28:50,121 [Thread-2088] INFO  impl.FollowerState (FollowerState.java:run(117)) - 875da3d9-0dec-46c7-88bf-73f7a2372b64@group-75987F7FE399-FollowerState was interrupted: java.lang.InterruptedException: sleep interrupted
2019-10-20 10:28:50,121 [grpc-default-executor-4] INFO  impl.RoleInfo (RoleInfo.java:updateAndGet(143)) - 875da3d9-0dec-46c7-88bf-73f7a2372b64: start FollowerState
2019-10-20 10:28:50,121 [grpc-default-executor-3] INFO  impl.RoleInfo (RoleInfo.java:shutdownFollowerState(121)) - 9ceef694-dbcf-4070-b7b1-3b3c65b6a699: shutdown FollowerState
2019-10-20 10:28:50,122 [grpc-default-executor-3] INFO  impl.RoleInfo (RoleInfo.java:updateAndGet(143)) - 9ceef694-dbcf-4070-b7b1-3b3c65b6a699: start FollowerState
2019-10-20 10:28:50,122 [Thread-2089] INFO  impl.FollowerState (FollowerState.java:run(117)) - 9ceef694-dbcf-4070-b7b1-3b3c65b6a699@group-75987F7FE399-FollowerState was interrupted: java.lang.InterruptedException: sleep interrupted
2019-10-20 10:28:50,137 [df12c920-952d-4704-9c70-1a288e2f77c7@group-75987F7FE399-LeaderElection273] INFO  impl.LeaderElection (LeaderElection.java:logAndReturn(56)) - df12c920-952d-4704-9c70-1a288e2f77c7@group-75987F7FE399-LeaderElection273: Election REJECTED; received 2 response(s) [df12c920-952d-4704-9c70-1a288e2f77c7<-875da3d9-0dec-46c7-88bf-73f7a2372b64#0:FAIL-t310, df12c920-952d-4704-9c70-1a288e2f77c7<-9ceef694-dbcf-4070-b7b1-3b3c65b6a699#0:FAIL-t310] and 0 exception(s); df12c920-952d-4704-9c70-1a288e2f77c7@group-75987F7FE399:t310, leader=null, voted=df12c920-952d-4704-9c70-1a288e2f77c7, raftlog=df12c920-952d-4704-9c70-1a288e2f77c7@group-75987F7FE399-SegmentedRaftLog:OPENED:c-1,f-1,i0, conf=-1: [875da3d9-0dec-46c7-88bf-73f7a2372b64:192.168.69.89:39990, df12c920-952d-4704-9c70-1a288e2f77c7:192.168.69.89:43948, 9ceef694-dbcf-4070-b7b1-3b3c65b6a699:192.168.69.89:36536], old=null
2019-10-20 10:28:50,137 [df12c920-952d-4704-9c70-1a288e2f77c7@group-75987F7FE399-LeaderElection273] INFO  impl.RaftServerImpl (RaftServerImpl.java:setRole(184)) - df12c920-952d-4704-9c70-1a288e2f77c7@group-75987F7FE399: changes role from CANDIDATE to FOLLOWER at term 310 for DISCOVERED_A_NEW_TERM
2019-10-20 10:28:50,137 [df12c920-952d-4704-9c70-1a288e2f77c7@group-75987F7FE399-LeaderElection273] INFO  impl.RoleInfo (RoleInfo.java:shutdownLeaderElection(134)) - df12c920-952d-4704-9c70-1a288e2f77c7: shutdown LeaderElection
2019-10-20 10:28:50,138 [df12c920-952d-4704-9c70-1a288e2f77c7@group-75987F7FE399-LeaderElection273] INFO  impl.RoleInfo (RoleInfo.java:updateAndGet(143)) - df12c920-952d-4704-9c70-1a288e2f77c7: start FollowerState
2019-10-20 10:28:50,232 [Thread-2096] INFO  impl.FollowerState (FollowerState.java:run(108)) - df12c920-952d-4704-9c70-1a288e2f77c7@group-75987F7FE399-FollowerState: change to CANDIDATE, lastRpcTime:94ms, electionTimeout:94ms
2019-10-20 10:28:50,232 [Thread-2096] INFO  impl.RoleInfo (RoleInfo.java:shutdownFollowerState(121)) - df12c920-952d-4704-9c70-1a288e2f77c7: shutdown FollowerState
2019-10-20 10:28:50,232 [Thread-2096] INFO  impl.RaftServerImpl (RaftServerImpl.java:setRole(184)) - df12c920-952d-4704-9c70-1a288e2f77c7@group-75987F7FE399: changes role from  FOLLOWER to CANDIDATE at term 310 for changeToCandidate
2019-10-20 10:28:50,232 [Thread-2096] INFO  impl.RoleInfo (RoleInfo.java:updateAndGet(143)) - df12c920-952d-4704-9c70-1a288e2f77c7: start LeaderElection
2019-10-20 10:28:50,258 [df12c920-952d-4704-9c70-1a288e2f77c7@group-75987F7FE399-LeaderElection274] INFO  impl.LeaderElection (LeaderElection.java:askForVotes(178)) - df12c920-952d-4704-9c70-1a288e2f77c7@group-75987F7FE399-LeaderElection274: begin an election at term 311 for -1: [875da3d9-0dec-46c7-88bf-73f7a2372b64:192.168.69.89:39990, df12c920-952d-4704-9c70-1a288e2f77c7:192.168.69.89:43948, 9ceef694-dbcf-4070-b7b1-3b3c65b6a699:192.168.69.89:36536], old=null
2019-10-20 10:28:50,259 [grpc-default-executor-4] INFO  impl.RaftServerImpl (RaftServerImpl.java:setRole(184)) - 875da3d9-0dec-46c7-88bf-73f7a2372b64@group-75987F7FE399: changes role from  FOLLOWER to FOLLOWER at term 311 for recognizeCandidate:df12c920-952d-4704-9c70-1a288e2f77c7
2019-10-20 10:28:50,260 [grpc-default-executor-4] INFO  impl.RoleInfo (RoleInfo.java:shutdownFollowerState(121)) - 875da3d9-0dec-46c7-88bf-73f7a2372b64: shutdown FollowerState
2019-10-20 10:28:50,260 [grpc-default-executor-3] INFO  impl.RaftServerImpl (RaftServerImpl.java:setRole(184)) - 9ceef694-dbcf-4070-b7b1-3b3c65b6a699@group-75987F7FE399: changes role from  FOLLOWER to FOLLOWER at term 311 for recognizeCandidate:df12c920-952d-4704-9c70-1a288e2f77c7
2019-10-20 10:28:50,260 [Thread-2094] INFO  impl.FollowerState (FollowerState.java:run(117)) - 875da3d9-0dec-46c7-88bf-73f7a2372b64@group-75987F7FE399-FollowerState was interrupted: java.lang.InterruptedException: sleep interrupted
2019-10-20 10:28:50,260 [grpc-default-executor-4] INFO  impl.RoleInfo (RoleInfo.java:updateAndGet(143)) - 875da3d9-0dec-46c7-88bf-73f7a2372b64: start FollowerState
2019-10-20 10:28:50,260 [grpc-default-executor-3] INFO  impl.RoleInfo (RoleInfo.java:shutdownFollowerState(121)) - 9ceef694-dbcf-4070-b7b1-3b3c65b6a699: shutdown FollowerState
2019-10-20 10:28:50,260 [grpc-default-executor-3] INFO  impl.RoleInfo (RoleInfo.java:updateAndGet(143)) - 9ceef694-dbcf-4070-b7b1-3b3c65b6a699: start FollowerState
2019-10-20 10:28:50,260 [Thread-2095] INFO  impl.FollowerState (FollowerState.java:run(117)) - 9ceef694-dbcf-4070-b7b1-3b3c65b6a699@group-75987F7FE399-FollowerState was interrupted: java.lang.InterruptedException: sleep interrupted
2019-10-20 10:28:50,276 [df12c920-952d-4704-9c70-1a288e2f77c7@group-75987F7FE399-LeaderElection274] INFO  impl.LeaderElection (LeaderElection.java:logAndReturn(56)) - df12c920-952d-4704-9c70-1a288e2f77c7@group-75987F7FE399-LeaderElection274: Election REJECTED; received 2 response(s) [df12c920-952d-4704-9c70-1a288e2f77c7<-875da3d9-0dec-46c7-88bf-73f7a2372b64#0:FAIL-t311, df12c920-952d-4704-9c70-1a288e2f77c7<-9ceef694-dbcf-4070-b7b1-3b3c65b6a699#0:FAIL-t311] and 0 exception(s); df12c920-952d-4704-9c70-1a288e2f77c7@group-75987F7FE399:t311, leader=null, voted=df12c920-952d-4704-9c70-1a288e2f77c7, raftlog=df12c920-952d-4704-9c70-1a288e2f77c7@group-75987F7FE399-SegmentedRaftLog:OPENED:c-1,f-1,i0, conf=-1: [875da3d9-0dec-46c7-88bf-73f7a2372b64:192.168.69.89:39990, df12c920-952d-4704-9c70-1a288e2f77c7:192.168.69.89:43948, 9ceef694-dbcf-4070-b7b1-3b3c65b6a699:192.168.69.89:36536], old=null
2019-10-20 10:28:50,276 [df12c920-952d-4704-9c70-1a288e2f77c7@group-75987F7FE399-LeaderElection274] INFO  impl.RaftServerImpl (RaftServerImpl.java:setRole(184)) - df12c920-952d-4704-9c70-1a288e2f77c7@group-75987F7FE399: changes role from CANDIDATE to FOLLOWER at term 311 for DISCOVERED_A_NEW_TERM
2019-10-20 10:28:50,276 [df12c920-952d-4704-9c70-1a288e2f77c7@group-75987F7FE399-LeaderElection274] INFO  impl.RoleInfo (RoleInfo.java:shutdownLeaderElection(134)) - df12c920-952d-4704-9c70-1a288e2f77c7: shutdown LeaderElection
2019-10-20 10:28:50,276 [df12c920-952d-4704-9c70-1a288e2f77c7@group-75987F7FE399-LeaderElection274] INFO  impl.RoleInfo (RoleInfo.java:updateAndGet(143)) - df12c920-952d-4704-9c70-1a288e2f77c7: start FollowerState
2019-10-20 10:28:50,434 [Thread-2104] INFO  impl.FollowerState (FollowerState.java:run(108)) - df12c920-952d-4704-9c70-1a288e2f77c7@group-75987F7FE399-FollowerState: change to CANDIDATE, lastRpcTime:157ms, electionTimeout:157ms
2019-10-20 10:28:50,434 [Thread-2104] INFO  impl.RoleInfo (RoleInfo.java:shutdownFollowerState(121)) - df12c920-952d-4704-9c70-1a288e2f77c7: shutdown FollowerState
2019-10-20 10:28:50,434 [Thread-2104] INFO  impl.RaftServerImpl (RaftServerImpl.java:setRole(184)) - df12c920-952d-4704-9c70-1a288e2f77c7@group-75987F7FE399: changes role from  FOLLOWER to CANDIDATE at term 311 for changeToCandidate
2019-10-20 10:28:50,434 [Thread-2104] INFO  impl.RoleInfo (RoleInfo.java:updateAndGet(143)) - df12c920-952d-4704-9c70-1a288e2f77c7: start LeaderElection
2019-10-20 10:28:50,447 [df12c920-952d-4704-9c70-1a288e2f77c7@group-75987F7FE399-LeaderElection275] INFO  impl.LeaderElection (LeaderElection.java:askForVotes(178)) - df12c920-952d-4704-9c70-1a288e2f77c7@group-75987F7FE399-LeaderElection275: begin an election at term 312 for -1: [875da3d9-0dec-46c7-88bf-73f7a2372b64:192.168.69.89:39990, df12c920-952d-4704-9c70-1a288e2f77c7:192.168.69.89:43948, 9ceef694-dbcf-4070-b7b1-3b3c65b6a699:192.168.69.89:36536], old=null
2019-10-20 10:28:50,449 [grpc-default-executor-3] INFO  impl.RaftServerImpl (RaftServerImpl.java:setRole(184)) - 875da3d9-0dec-46c7-88bf-73f7a2372b64@group-75987F7FE399: changes role from  FOLLOWER to FOLLOWER at term 312 for recognizeCandidate:df12c920-952d-4704-9c70-1a288e2f77c7
2019-10-20 10:28:50,450 [grpc-default-executor-3] INFO  impl.RoleInfo (RoleInfo.java:shutdownFollowerState(121)) - 875da3d9-0dec-46c7-88bf-73f7a2372b64: shutdown FollowerState
2019-10-20 10:28:50,450 [grpc-default-executor-4] INFO  impl.RaftServerImpl (RaftServerImpl.java:setRole(184)) - 9ceef694-dbcf-4070-b7b1-3b3c65b6a699@group-75987F7FE399: changes role from  FOLLOWER to FOLLOWER at term 312 for recognizeCandidate:df12c920-952d-4704-9c70-1a288e2f77c7
2019-10-20 10:28:50,450 [Thread-2102] INFO  impl.FollowerState (FollowerState.java:run(117)) - 875da3d9-0dec-46c7-88bf-73f7a2372b64@group-75987F7FE399-FollowerState was interrupted: java.lang.InterruptedException: sleep interrupted
2019-10-20 10:28:50,450 [grpc-default-executor-3] INFO  impl.RoleInfo (RoleInfo.java:updateAndGet(143)) - 875da3d9-0dec-46c7-88bf-73f7a2372b64: start FollowerState
2019-10-20 10:28:50,450 [grpc-default-executor-4] INFO  impl.RoleInfo (RoleInfo.java:shutdownFollowerState(121)) - 9ceef694-dbcf-4070-b7b1-3b3c65b6a699: shutdown FollowerState
2019-10-20 10:28:50,451 [grpc-default-executor-4] INFO  impl.RoleInfo (RoleInfo.java:updateAndGet(143)) - 9ceef694-dbcf-4070-b7b1-3b3c65b6a699: start FollowerState
2019-10-20 10:28:50,451 [Thread-2103] INFO  impl.FollowerState (FollowerState.java:run(117)) - 9ceef694-dbcf-4070-b7b1-3b3c65b6a699@group-75987F7FE399-FollowerState was interrupted: java.lang.InterruptedException: sleep interrupted
2019-10-20 10:28:50,477 [df12c920-952d-4704-9c70-1a288e2f77c7@group-75987F7FE399-LeaderElection275] INFO  impl.LeaderElection (LeaderElection.java:logAndReturn(56)) - df12c920-952d-4704-9c70-1a288e2f77c7@group-75987F7FE399-LeaderElection275: Election REJECTED; received 2 response(s) [df12c920-952d-4704-9c70-1a288e2f77c7<-875da3d9-0dec-46c7-88bf-73f7a2372b64#0:FAIL-t312, df12c920-952d-4704-9c70-1a288e2f77c7<-9ceef694-dbcf-4070-b7b1-3b3c65b6a699#0:FAIL-t312] and 0 exception(s); df12c920-952d-4704-9c70-1a288e2f77c7@group-75987F7FE399:t312, leader=null, voted=df12c920-952d-4704-9c70-1a288e2f77c7, raftlog=df12c920-952d-4704-9c70-1a288e2f77c7@group-75987F7FE399-SegmentedRaftLog:OPENED:c-1,f-1,i0, conf=-1: [875da3d9-0dec-46c7-88bf-73f7a2372b64:192.168.69.89:39990, df12c920-952d-4704-9c70-1a288e2f77c7:192.168.69.89:43948, 9ceef694-dbcf-4070-b7b1-3b3c65b6a699:192.168.69.89:36536], old=null
2019-10-20 10:28:50,477 [df12c920-952d-4704-9c70-1a288e2f77c7@group-75987F7FE399-LeaderElection275] INFO  impl.RaftServerImpl (RaftServerImpl.java:setRole(184)) - df12c920-952d-4704-9c70-1a288e2f77c7@group-75987F7FE399: changes role from CANDIDATE to FOLLOWER at term 312 for DISCOVERED_A_NEW_TERM
2019-10-20 10:28:50,477 [df12c920-952d-4704-9c70-1a288e2f77c7@group-75987F7FE399-LeaderElection275] INFO  impl.RoleInfo (RoleInfo.java:shutdownLeaderElection(134)) - df12c920-952d-4704-9c70-1a288e2f77c7: shutdown LeaderElection
2019-10-20 10:28:50,478 [df12c920-952d-4704-9c70-1a288e2f77c7@group-75987F7FE399-LeaderElection275] INFO  impl.RoleInfo (RoleInfo.java:updateAndGet(143)) - df12c920-952d-4704-9c70-1a288e2f77c7: start FollowerState
2019-10-20 10:28:50,520 [Thread-2110] INFO  impl.FollowerState (FollowerState.java:run(108)) - df12c920-952d-4704-9c70-1a288e2f77c7@group-75987F7FE399-FollowerState: change to CANDIDATE, lastRpcTime:42ms, electionTimeout:42ms
2019-10-20 10:28:50,520 [Thread-2110] INFO  impl.RoleInfo (RoleInfo.java:shutdownFollowerState(121)) - df12c920-952d-4704-9c70-1a288e2f77c7: shutdown FollowerState
2019-10-20 10:28:50,520 [Thread-2110] INFO  impl.RaftServerImpl (RaftServerImpl.java:setRole(184)) - df12c920-952d-4704-9c70-1a288e2f77c7@group-75987F7FE399: changes role from  FOLLOWER to CANDIDATE at term 312 for changeToCandidate
2019-10-20 10:28:50,521 [Thread-2110] INFO  impl.RoleInfo (RoleInfo.java:updateAndGet(143)) - df12c920-952d-4704-9c70-1a288e2f77c7: start LeaderElection
2019-10-20 10:28:50,534 [df12c920-952d-4704-9c70-1a288e2f77c7@group-75987F7FE399-LeaderElection276] INFO  impl.LeaderElection (LeaderElection.java:askForVotes(178)) - df12c920-952d-4704-9c70-1a288e2f77c7@group-75987F7FE399-LeaderElection276: begin an election at term 313 for -1: [875da3d9-0dec-46c7-88bf-73f7a2372b64:192.168.69.89:39990, df12c920-952d-4704-9c70-1a288e2f77c7:192.168.69.89:43948, 9ceef694-dbcf-4070-b7b1-3b3c65b6a699:192.168.69.89:36536], old=null
2019-10-20 10:28:50,536 [grpc-default-executor-4] INFO  impl.RaftServerImpl (RaftServerImpl.java:setRole(184)) - 875da3d9-0dec-46c7-88bf-73f7a2372b64@group-75987F7FE399: changes role from  FOLLOWER to FOLLOWER at term 313 for recognizeCandidate:df12c920-952d-4704-9c70-1a288e2f77c7
2019-10-20 10:28:50,536 [grpc-default-executor-3] INFO  impl.RaftServerImpl (RaftServerImpl.java:setRole(184)) - 9ceef694-dbcf-4070-b7b1-3b3c65b6a699@group-75987F7FE399: changes role from  FOLLOWER to FOLLOWER at term 313 for recognizeCandidate:df12c920-952d-4704-9c70-1a288e2f77c7
2019-10-20 10:28:50,536 [grpc-default-executor-3] INFO  impl.RoleInfo (RoleInfo.java:shutdownFollowerState(121)) - 9ceef694-dbcf-4070-b7b1-3b3c65b6a699: shutdown FollowerState
2019-10-20 10:28:50,536 [grpc-default-executor-4] INFO  impl.RoleInfo (RoleInfo.java:shutdownFollowerState(121)) - 875da3d9-0dec-46c7-88bf-73f7a2372b64: shutdown FollowerState
2019-10-20 10:28:50,536 [Thread-2109] INFO  impl.FollowerState (FollowerState.java:run(117)) - 9ceef694-dbcf-4070-b7b1-3b3c65b6a699@group-75987F7FE399-FollowerState was interrupted: java.lang.InterruptedException: sleep interrupted
2019-10-20 10:28:50,536 [grpc-default-executor-3] INFO  impl.RoleInfo (RoleInfo.java:updateAndGet(143)) - 9ceef694-dbcf-4070-b7b1-3b3c65b6a699: start FollowerState
2019-10-20 10:28:50,536 [Thread-2108] INFO  impl.FollowerState (FollowerState.java:run(117)) - 875da3d9-0dec-46c7-88bf-73f7a2372b64@group-75987F7FE399-FollowerState was interrupted: java.lang.InterruptedException: sleep interrupted
2019-10-20 10:28:50,536 [grpc-default-executor-4] INFO  impl.RoleInfo (RoleInfo.java:updateAndGet(143)) - 875da3d9-0dec-46c7-88bf-73f7a2372b64: start FollowerState
2019-10-20 10:28:50,552 [df12c920-952d-4704-9c70-1a288e2f77c7@group-75987F7FE399-LeaderElection276] INFO  impl.LeaderElection (LeaderElection.java:logAndReturn(56)) - df12c920-952d-4704-9c70-1a288e2f77c7@group-75987F7FE399-LeaderElection276: Election REJECTED; received 2 response(s) [df12c920-952d-4704-9c70-1a288e2f77c7<-875da3d9-0dec-46c7-88bf-73f7a2372b64#0:FAIL-t313, df12c920-952d-4704-9c70-1a288e2f77c7<-9ceef694-dbcf-4070-b7b1-3b3c65b6a699#0:FAIL-t313] and 0 exception(s); df12c920-952d-4704-9c70-1a288e2f77c7@group-75987F7FE399:t313, leader=null, voted=df12c920-952d-4704-9c70-1a288e2f77c7, raftlog=df12c920-952d-4704-9c70-1a288e2f77c7@group-75987F7FE399-SegmentedRaftLog:OPENED:c-1,f-1,i0, conf=-1: [875da3d9-0dec-46c7-88bf-73f7a2372b64:192.168.69.89:39990, df12c920-952d-4704-9c70-1a288e2f77c7:192.168.69.89:43948, 9ceef694-dbcf-4070-b7b1-3b3c65b6a699:192.168.69.89:36536], old=null
2019-10-20 10:28:50,553 [df12c920-952d-4704-9c70-1a288e2f77c7@group-75987F7FE399-LeaderElection276] INFO  impl.RaftServerImpl (RaftServerImpl.java:setRole(184)) - df12c920-952d-4704-9c70-1a288e2f77c7@group-75987F7FE399: changes role from CANDIDATE to FOLLOWER at term 313 for DISCOVERED_A_NEW_TERM
2019-10-20 10:28:50,553 [df12c920-952d-4704-9c70-1a288e2f77c7@group-75987F7FE399-LeaderElection276] INFO  impl.RoleInfo (RoleInfo.java:shutdownLeaderElection(134)) - df12c920-952d-4704-9c70-1a288e2f77c7: shutdown LeaderElection
2019-10-20 10:28:50,553 [df12c920-952d-4704-9c70-1a288e2f77c7@group-75987F7FE399-LeaderElection276] INFO  impl.RoleInfo (RoleInfo.java:updateAndGet(143)) - df12c920-952d-4704-9c70-1a288e2f77c7: start FollowerState
2019-10-20 10:28:50,562 [Thread-2116] INFO  impl.FollowerState (FollowerState.java:run(108)) - df12c920-952d-4704-9c70-1a288e2f77c7@group-75987F7FE399-FollowerState: change to CANDIDATE, lastRpcTime:9ms, electionTimeout:9ms
2019-10-20 10:28:50,562 [Thread-2116] INFO  impl.RoleInfo (RoleInfo.java:shutdownFollowerState(121)) - df12c920-952d-4704-9c70-1a288e2f77c7: shutdown FollowerState
2019-10-20 10:28:50,563 [Thread-2116] INFO  impl.RaftServerImpl (RaftServerImpl.java:setRole(184)) - df12c920-952d-4704-9c70-1a288e2f77c7@group-75987F7FE399: changes role from  FOLLOWER to CANDIDATE at term 313 for changeToCandidate
2019-10-20 10:28:50,563 [Thread-2116] INFO  impl.RoleInfo (RoleInfo.java:updateAndGet(143)) - df12c920-952d-4704-9c70-1a288e2f77c7: start LeaderElection
2019-10-20 10:28:50,588 [df12c920-952d-4704-9c70-1a288e2f77c7@group-75987F7FE399-LeaderElection277] INFO  impl.LeaderElection (LeaderElection.java:askForVotes(178)) - df12c920-952d-4704-9c70-1a288e2f77c7@group-75987F7FE399-LeaderElection277: begin an election at term 314 for -1: [875da3d9-0dec-46c7-88bf-73f7a2372b64:192.168.69.89:39990, df12c920-952d-4704-9c70-1a288e2f77c7:192.168.69.89:43948, 9ceef694-dbcf-4070-b7b1-3b3c65b6a699:192.168.69.89:36536], old=null
2019-10-20 10:28:50,590 [grpc-default-executor-4] INFO  impl.RaftServerImpl (RaftServerImpl.java:setRole(184)) - 875da3d9-0dec-46c7-88bf-73f7a2372b64@group-75987F7FE399: changes role from  FOLLOWER to FOLLOWER at term 314 for recognizeCandidate:df12c920-952d-4704-9c70-1a288e2f77c7
2019-10-20 10:28:50,590 [grpc-default-executor-4] INFO  impl.RoleInfo (RoleInfo.java:shutdownFollowerState(121)) - 875da3d9-0dec-46c7-88bf-73f7a2372b64: shutdown FollowerState
2019-10-20 10:28:50,590 [grpc-default-executor-3] INFO  impl.RaftServerImpl (RaftServerImpl.java:setRole(184)) - 9ceef694-dbcf-4070-b7b1-3b3c65b6a699@group-75987F7FE399: changes role from  FOLLOWER to FOLLOWER at term 314 for recognizeCandidate:df12c920-952d-4704-9c70-1a288e2f77c7
2019-10-20 10:28:50,590 [Thread-2115] INFO  impl.FollowerState (FollowerState.java:run(117)) - 875da3d9-0dec-46c7-88bf-73f7a2372b64@group-75987F7FE399-FollowerState was interrupted: java.lang.InterruptedException: sleep interrupted
2019-10-20 10:28:50,590 [grpc-default-executor-4] INFO  impl.RoleInfo (RoleInfo.java:updateAndGet(143)) - 875da3d9-0dec-46c7-88bf-73f7a2372b64: start FollowerState
2019-10-20 10:28:50,590 [grpc-default-executor-3] INFO  impl.RoleInfo (RoleInfo.java:shutdownFollowerState(121)) - 9ceef694-dbcf-4070-b7b1-3b3c65b6a699: shutdown FollowerState
2019-10-20 10:28:50,591 [grpc-default-executor-3] INFO  impl.RoleInfo (RoleInfo.java:updateAndGet(143)) - 9ceef694-dbcf-4070-b7b1-3b3c65b6a699: start FollowerState
2019-10-20 10:28:50,591 [Thread-2114] INFO  impl.FollowerState (FollowerState.java:run(117)) - 9ceef694-dbcf-4070-b7b1-3b3c65b6a699@group-75987F7FE399-FollowerState was interrupted: java.lang.InterruptedException: sleep interrupted
2019-10-20 10:28:50,616 [df12c920-952d-4704-9c70-1a288e2f77c7@group-75987F7FE399-LeaderElection277] INFO  impl.LeaderElection (LeaderElection.java:logAndReturn(56)) - df12c920-952d-4704-9c70-1a288e2f77c7@group-75987F7FE399-LeaderElection277: Election REJECTED; received 2 response(s) [df12c920-952d-4704-9c70-1a288e2f77c7<-875da3d9-0dec-46c7-88bf-73f7a2372b64#0:FAIL-t314, df12c920-952d-4704-9c70-1a288e2f77c7<-9ceef694-dbcf-4070-b7b1-3b3c65b6a699#0:FAIL-t314] and 0 exception(s); df12c920-952d-4704-9c70-1a288e2f77c7@group-75987F7FE399:t314, leader=null, voted=df12c920-952d-4704-9c70-1a288e2f77c7, raftlog=df12c920-952d-4704-9c70-1a288e2f77c7@group-75987F7FE399-SegmentedRaftLog:OPENED:c-1,f-1,i0, conf=-1: [875da3d9-0dec-46c7-88bf-73f7a2372b64:192.168.69.89:39990, df12c920-952d-4704-9c70-1a288e2f77c7:192.168.69.89:43948, 9ceef694-dbcf-4070-b7b1-3b3c65b6a699:192.168.69.89:36536], old=null
2019-10-20 10:28:50,616 [df12c920-952d-4704-9c70-1a288e2f77c7@group-75987F7FE399-LeaderElection277] INFO  impl.RaftServerImpl (RaftServerImpl.java:setRole(184)) - df12c920-952d-4704-9c70-1a288e2f77c7@group-75987F7FE399: changes role from CANDIDATE to FOLLOWER at term 314 for DISCOVERED_A_NEW_TERM
2019-10-20 10:28:50,617 [df12c920-952d-4704-9c70-1a288e2f77c7@group-75987F7FE399-LeaderElection277] INFO  impl.RoleInfo (RoleInfo.java:shutdownLeaderElection(134)) - df12c920-952d-4704-9c70-1a288e2f77c7: shutdown LeaderElection
2019-10-20 10:28:50,617 [df12c920-952d-4704-9c70-1a288e2f77c7@group-75987F7FE399-LeaderElection277] INFO  impl.RoleInfo (RoleInfo.java:updateAndGet(143)) - df12c920-952d-4704-9c70-1a288e2f77c7: start FollowerState
2019-10-20 10:28:50,736 [Thread-2122] INFO  impl.FollowerState (FollowerState.java:run(108)) - df12c920-952d-4704-9c70-1a288e2f77c7@group-75987F7FE399-FollowerState: change to CANDIDATE, lastRpcTime:119ms, electionTimeout:119ms
2019-10-20 10:28:50,736 [Thread-2122] INFO  impl.RoleInfo (RoleInfo.java:shutdownFollowerState(121)) - df12c920-952d-4704-9c70-1a288e2f77c7: shutdown FollowerState
2019-10-20 10:28:50,736 [Thread-2122] INFO  impl.RaftServerImpl (RaftServerImpl.java:setRole(184)) - df12c920-952d-4704-9c70-1a288e2f77c7@group-75987F7FE399: changes role from  FOLLOWER to CANDIDATE at term 314 for changeToCandidate
2019-10-20 10:28:50,737 [Thread-2122] INFO  impl.RoleInfo (RoleInfo.java:updateAndGet(143)) - df12c920-952d-4704-9c70-1a288e2f77c7: start LeaderElection
2019-10-20 10:28:50,768 [df12c920-952d-4704-9c70-1a288e2f77c7@group-75987F7FE399-LeaderElection278] INFO  impl.LeaderElection (LeaderElection.java:askForVotes(178)) - df12c920-952d-4704-9c70-1a288e2f77c7@group-75987F7FE399-LeaderElection278: begin an election at term 315 for -1: [875da3d9-0dec-46c7-88bf-73f7a2372b64:192.168.69.89:39990, df12c920-952d-4704-9c70-1a288e2f77c7:192.168.69.89:43948, 9ceef694-dbcf-4070-b7b1-3b3c65b6a699:192.168.69.89:36536], old=null
2019-10-20 10:28:50,770 [grpc-default-executor-4] INFO  impl.RaftServerImpl (RaftServerImpl.java:setRole(184)) - 875da3d9-0dec-46c7-88bf-73f7a2372b64@group-75987F7FE399: changes role from  FOLLOWER to FOLLOWER at term 315 for recognizeCandidate:df12c920-952d-4704-9c70-1a288e2f77c7
2019-10-20 10:28:50,770 [grpc-default-executor-4] INFO  impl.RoleInfo (RoleInfo.java:shutdownFollowerState(121)) - 875da3d9-0dec-46c7-88bf-73f7a2372b64: shutdown FollowerState
2019-10-20 10:28:50,770 [grpc-default-executor-3] INFO  impl.RaftServerImpl (RaftServerImpl.java:setRole(184)) - 9ceef694-dbcf-4070-b7b1-3b3c65b6a699@group-75987F7FE399: changes role from  FOLLOWER to FOLLOWER at term 315 for recognizeCandidate:df12c920-952d-4704-9c70-1a288e2f77c7
2019-10-20 10:28:50,771 [Thread-2120] INFO  impl.FollowerState (FollowerState.java:run(117)) - 875da3d9-0dec-46c7-88bf-73f7a2372b64@group-75987F7FE399-FollowerState was interrupted: java.lang.InterruptedException: sleep interrupted
2019-10-20 10:28:50,771 [grpc-default-executor-4] INFO  impl.RoleInfo (RoleInfo.java:updateAndGet(143)) - 875da3d9-0dec-46c7-88bf-73f7a2372b64: start FollowerState
2019-10-20 10:28:50,771 [grpc-default-executor-3] INFO  impl.RoleInfo (RoleInfo.java:shutdownFollowerState(121)) - 9ceef694-dbcf-4070-b7b1-3b3c65b6a699: shutdown FollowerState
2019-10-20 10:28:50,771 [grpc-default-executor-3] INFO  impl.RoleInfo (RoleInfo.java:updateAndGet(143)) - 9ceef694-dbcf-4070-b7b1-3b3c65b6a699: start FollowerState
2019-10-20 10:28:50,771 [Thread-2121] INFO  impl.FollowerState (FollowerState.java:run(117)) - 9ceef694-dbcf-4070-b7b1-3b3c65b6a699@group-75987F7FE399-FollowerState was interrupted: java.lang.InterruptedException: sleep interrupted
2019-10-20 10:28:50,786 [df12c920-952d-4704-9c70-1a288e2f77c7@group-75987F7FE399-LeaderElection278] INFO  impl.LeaderElection (LeaderElection.java:logAndReturn(56)) - df12c920-952d-4704-9c70-1a288e2f77c7@group-75987F7FE399-LeaderElection278: Election REJECTED; received 2 response(s) [df12c920-952d-4704-9c70-1a288e2f77c7<-875da3d9-0dec-46c7-88bf-73f7a2372b64#0:FAIL-t315, df12c920-952d-4704-9c70-1a288e2f77c7<-9ceef694-dbcf-4070-b7b1-3b3c65b6a699#0:FAIL-t315] and 0 exception(s); df12c920-952d-4704-9c70-1a288e2f77c7@group-75987F7FE399:t315, leader=null, voted=df12c920-952d-4704-9c70-1a288e2f77c7, raftlog=df12c920-952d-4704-9c70-1a288e2f77c7@group-75987F7FE399-SegmentedRaftLog:OPENED:c-1,f-1,i0, conf=-1: [875da3d9-0dec-46c7-88bf-73f7a2372b64:192.168.69.89:39990, df12c920-952d-4704-9c70-1a288e2f77c7:192.168.69.89:43948, 9ceef694-dbcf-4070-b7b1-3b3c65b6a699:192.168.69.89:36536], old=null
2019-10-20 10:28:50,786 [df12c920-952d-4704-9c70-1a288e2f77c7@group-75987F7FE399-LeaderElection278] INFO  impl.RaftServerImpl (RaftServerImpl.java:setRole(184)) - df12c920-952d-4704-9c70-1a288e2f77c7@group-75987F7FE399: changes role from CANDIDATE to FOLLOWER at term 315 for DISCOVERED_A_NEW_TERM
2019-10-20 10:28:50,787 [df12c920-952d-4704-9c70-1a288e2f77c7@group-75987F7FE399-LeaderElection278] INFO  impl.RoleInfo (RoleInfo.java:shutdownLeaderElection(134)) - df12c920-952d-4704-9c70-1a288e2f77c7: shutdown LeaderElection
2019-10-20 10:28:50,787 [df12c920-952d-4704-9c70-1a288e2f77c7@group-75987F7FE399-LeaderElection278] INFO  impl.RoleInfo (RoleInfo.java:updateAndGet(143)) - df12c920-952d-4704-9c70-1a288e2f77c7: start FollowerState
2019-10-20 10:28:50,967 [Thread-2128] INFO  impl.FollowerState (FollowerState.java:run(108)) - df12c920-952d-4704-9c70-1a288e2f77c7@group-75987F7FE399-FollowerState: change to CANDIDATE, lastRpcTime:180ms, electionTimeout:180ms
2019-10-20 10:28:50,967 [Thread-2128] INFO  impl.RoleInfo (RoleInfo.java:shutdownFollowerState(121)) - df12c920-952d-4704-9c70-1a288e2f77c7: shutdown FollowerState
2019-10-20 10:28:50,967 [Thread-2128] INFO  impl.RaftServerImpl (RaftServerImpl.java:setRole(184)) - df12c920-952d-4704-9c70-1a288e2f77c7@group-75987F7FE399: changes role from  FOLLOWER to CANDIDATE at term 315 for changeToCandidate
2019-10-20 10:28:50,968 [Thread-2128] INFO  impl.RoleInfo (RoleInfo.java:updateAndGet(143)) - df12c920-952d-4704-9c70-1a288e2f77c7: start LeaderElection
2019-10-20 10:28:50,993 [df12c920-952d-4704-9c70-1a288e2f77c7@group-75987F7FE399-LeaderElection279] INFO  impl.LeaderElection (LeaderElection.java:askForVotes(178)) - df12c920-952d-4704-9c70-1a288e2f77c7@group-75987F7FE399-LeaderElection279: begin an election at term 316 for -1: [875da3d9-0dec-46c7-88bf-73f7a2372b64:192.168.69.89:39990, df12c920-952d-4704-9c70-1a288e2f77c7:192.168.69.89:43948, 9ceef694-dbcf-4070-b7b1-3b3c65b6a699:192.168.69.89:36536], old=null
2019-10-20 10:28:50,995 [grpc-default-executor-4] INFO  impl.RaftServerImpl (RaftServerImpl.java:setRole(184)) - 875da3d9-0dec-46c7-88bf-73f7a2372b64@group-75987F7FE399: changes role from  FOLLOWER to FOLLOWER at term 316 for recognizeCandidate:df12c920-952d-4704-9c70-1a288e2f77c7
2019-10-20 10:28:50,995 [grpc-default-executor-3] INFO  impl.RaftServerImpl (RaftServerImpl.java:setRole(184)) - 9ceef694-dbcf-4070-b7b1-3b3c65b6a699@group-75987F7FE399: changes role from  FOLLOWER to FOLLOWER at term 316 for recognizeCandidate:df12c920-952d-4704-9c70-1a288e2f77c7
2019-10-20 10:28:50,995 [grpc-default-executor-4] INFO  impl.RoleInfo (RoleInfo.java:shutdownFollowerState(121)) - 875da3d9-0dec-46c7-88bf-73f7a2372b64: shutdown FollowerState
2019-10-20 10:28:50,996 [grpc-default-executor-3] INFO  impl.RoleInfo (RoleInfo.java:shutdownFollowerState(121)) - 9ceef694-dbcf-4070-b7b1-3b3c65b6a699: shutdown FollowerState
2019-10-20 10:28:50,996 [Thread-2126] INFO  impl.FollowerState (FollowerState.java:run(117)) - 875da3d9-0dec-46c7-88bf-73f7a2372b64@group-75987F7FE399-FollowerState was interrupted: java.lang.InterruptedException: sleep interrupted
2019-10-20 10:28:50,996 [grpc-default-executor-4] INFO  impl.RoleInfo (RoleInfo.java:updateAndGet(143)) - 875da3d9-0dec-46c7-88bf-73f7a2372b64: start FollowerState
2019-10-20 10:28:50,996 [Thread-2127] INFO  impl.FollowerState (FollowerState.java:run(117)) - 9ceef694-dbcf-4070-b7b1-3b3c65b6a699@group-75987F7FE399-FollowerState was interrupted: java.lang.InterruptedException: sleep interrupted
2019-10-20 10:28:50,996 [grpc-default-executor-3] INFO  impl.RoleInfo (RoleInfo.java:updateAndGet(143)) - 9ceef694-dbcf-4070-b7b1-3b3c65b6a699: start FollowerState
2019-10-20 10:28:51,007 [df12c920-952d-4704-9c70-1a288e2f77c7@group-75987F7FE399-LeaderElection279] INFO  impl.LeaderElection (LeaderElection.java:logAndReturn(56)) - df12c920-952d-4704-9c70-1a288e2f77c7@group-75987F7FE399-LeaderElection279: Election TIMEOUT; received 0 response(s) [] and 0 exception(s); df12c920-952d-4704-9c70-1a288e2f77c7@group-75987F7FE399:t316, leader=null, voted=df12c920-952d-4704-9c70-1a288e2f77c7, raftlog=df12c920-952d-4704-9c70-1a288e2f77c7@group-75987F7FE399-SegmentedRaftLog:OPENED:c-1,f-1,i0, conf=-1: [875da3d9-0dec-46c7-88bf-73f7a2372b64:192.168.69.89:39990, df12c920-952d-4704-9c70-1a288e2f77c7:192.168.69.89:43948, 9ceef694-dbcf-4070-b7b1-3b3c65b6a699:192.168.69.89:36536], old=null
2019-10-20 10:28:51,023 [df12c920-952d-4704-9c70-1a288e2f77c7@group-75987F7FE399-LeaderElection279] INFO  impl.LeaderElection (LeaderElection.java:askForVotes(178)) - df12c920-952d-4704-9c70-1a288e2f77c7@group-75987F7FE399-LeaderElection279: begin an election at term 317 for -1: [875da3d9-0dec-46c7-88bf-73f7a2372b64:192.168.69.89:39990, df12c920-952d-4704-9c70-1a288e2f77c7:192.168.69.89:43948, 9ceef694-dbcf-4070-b7b1-3b3c65b6a699:192.168.69.89:36536], old=null
2019-10-20 10:28:51,024 [grpc-default-executor-4] INFO  impl.RaftServerImpl (RaftServerImpl.java:setRole(184)) - 875da3d9-0dec-46c7-88bf-73f7a2372b64@group-75987F7FE399: changes role from  FOLLOWER to FOLLOWER at term 317 for recognizeCandidate:df12c920-952d-4704-9c70-1a288e2f77c7
2019-10-20 10:28:51,024 [grpc-default-executor-4] INFO  impl.RoleInfo (RoleInfo.java:shutdownFollowerState(121)) - 875da3d9-0dec-46c7-88bf-73f7a2372b64: shutdown FollowerState
2019-10-20 10:28:51,025 [grpc-default-executor-4] INFO  impl.RoleInfo (RoleInfo.java:updateAndGet(143)) - 875da3d9-0dec-46c7-88bf-73f7a2372b64: start FollowerState
2019-10-20 10:28:51,025 [grpc-default-executor-3] INFO  impl.RaftServerImpl (RaftServerImpl.java:setRole(184)) - 9ceef694-dbcf-4070-b7b1-3b3c65b6a699@group-75987F7FE399: changes role from  FOLLOWER to FOLLOWER at term 317 for recognizeCandidate:df12c920-952d-4704-9c70-1a288e2f77c7
2019-10-20 10:28:51,025 [grpc-default-executor-3] INFO  impl.RoleInfo (RoleInfo.java:shutdownFollowerState(121)) - 9ceef694-dbcf-4070-b7b1-3b3c65b6a699: shutdown FollowerState
2019-10-20 10:28:51,025 [Thread-2132] INFO  impl.FollowerState (FollowerState.java:run(117)) - 875da3d9-0dec-46c7-88bf-73f7a2372b64@group-75987F7FE399-FollowerState was interrupted: java.lang.InterruptedException: sleep interrupted
2019-10-20 10:28:51,025 [Thread-2133] INFO  impl.FollowerState (FollowerState.java:run(117)) - 9ceef694-dbcf-4070-b7b1-3b3c65b6a699@group-75987F7FE399-FollowerState was interrupted: java.lang.InterruptedException: sleep interrupted
2019-10-20 10:28:51,025 [grpc-default-executor-3] INFO  impl.RoleInfo (RoleInfo.java:updateAndGet(143)) - 9ceef694-dbcf-4070-b7b1-3b3c65b6a699: start FollowerState
2019-10-20 10:28:51,058 [df12c920-952d-4704-9c70-1a288e2f77c7@group-75987F7FE399-LeaderElection279] INFO  impl.LeaderElection (LeaderElection.java:logAndReturn(56)) - df12c920-952d-4704-9c70-1a288e2f77c7@group-75987F7FE399-LeaderElection279: Election REJECTED; received 2 response(s) [df12c920-952d-4704-9c70-1a288e2f77c7<-875da3d9-0dec-46c7-88bf-73f7a2372b64#0:FAIL-t317, df12c920-952d-4704-9c70-1a288e2f77c7<-9ceef694-dbcf-4070-b7b1-3b3c65b6a699#0:FAIL-t317] and 0 exception(s); df12c920-952d-4704-9c70-1a288e2f77c7@group-75987F7FE399:t317, leader=null, voted=df12c920-952d-4704-9c70-1a288e2f77c7, raftlog=df12c920-952d-4704-9c70-1a288e2f77c7@group-75987F7FE399-SegmentedRaftLog:OPENED:c-1,f-1,i0, conf=-1: [875da3d9-0dec-46c7-88bf-73f7a2372b64:192.168.69.89:39990, df12c920-952d-4704-9c70-1a288e2f77c7:192.168.69.89:43948, 9ceef694-dbcf-4070-b7b1-3b3c65b6a699:192.168.69.89:36536], old=null
2019-10-20 10:28:51,058 [df12c920-952d-4704-9c70-1a288e2f77c7@group-75987F7FE399-LeaderElection279] INFO  impl.RaftServerImpl (RaftServerImpl.java:setRole(184)) - df12c920-952d-4704-9c70-1a288e2f77c7@group-75987F7FE399: changes role from CANDIDATE to FOLLOWER at term 317 for DISCOVERED_A_NEW_TERM
2019-10-20 10:28:51,058 [df12c920-952d-4704-9c70-1a288e2f77c7@group-75987F7FE399-LeaderElection279] INFO  impl.RoleInfo (RoleInfo.java:shutdownLeaderElection(134)) - df12c920-952d-4704-9c70-1a288e2f77c7: shutdown LeaderElection
2019-10-20 10:28:51,058 [df12c920-952d-4704-9c70-1a288e2f77c7@group-75987F7FE399-LeaderElection279] INFO  impl.RoleInfo (RoleInfo.java:updateAndGet(143)) - df12c920-952d-4704-9c70-1a288e2f77c7: start FollowerState
2019-10-20 10:28:51,233 [Thread-2138] INFO  impl.FollowerState (FollowerState.java:run(108)) - df12c920-952d-4704-9c70-1a288e2f77c7@group-75987F7FE399-FollowerState: change to CANDIDATE, lastRpcTime:174ms, electionTimeout:174ms
2019-10-20 10:28:51,233 [Thread-2138] INFO  impl.RoleInfo (RoleInfo.java:shutdownFollowerState(121)) - df12c920-952d-4704-9c70-1a288e2f77c7: shutdown FollowerState
2019-10-20 10:28:51,233 [Thread-2138] INFO  impl.RaftServerImpl (RaftServerImpl.java:setRole(184)) - df12c920-952d-4704-9c70-1a288e2f77c7@group-75987F7FE399: changes role from  FOLLOWER to CANDIDATE at term 317 for changeToCandidate
2019-10-20 10:28:51,233 [Thread-2138] INFO  impl.RoleInfo (RoleInfo.java:updateAndGet(143)) - df12c920-952d-4704-9c70-1a288e2f77c7: start LeaderElection
2019-10-20 10:28:51,255 [df12c920-952d-4704-9c70-1a288e2f77c7@group-75987F7FE399-LeaderElection280] INFO  impl.LeaderElection (LeaderElection.java:askForVotes(178)) - df12c920-952d-4704-9c70-1a288e2f77c7@group-75987F7FE399-LeaderElection280: begin an election at term 318 for -1: [875da3d9-0dec-46c7-88bf-73f7a2372b64:192.168.69.89:39990, df12c920-952d-4704-9c70-1a288e2f77c7:192.168.69.89:43948, 9ceef694-dbcf-4070-b7b1-3b3c65b6a699:192.168.69.89:36536], old=null
2019-10-20 10:28:51,257 [grpc-default-executor-3] INFO  impl.RaftServerImpl (RaftServerImpl.java:setRole(184)) - 875da3d9-0dec-46c7-88bf-73f7a2372b64@group-75987F7FE399: changes role from  FOLLOWER to FOLLOWER at term 318 for recognizeCandidate:df12c920-952d-4704-9c70-1a288e2f77c7
2019-10-20 10:28:51,257 [grpc-default-executor-3] INFO  impl.RoleInfo (RoleInfo.java:shutdownFollowerState(121)) - 875da3d9-0dec-46c7-88bf-73f7a2372b64: shutdown FollowerState
2019-10-20 10:28:51,258 [grpc-default-executor-4] INFO  impl.RaftServerImpl (RaftServerImpl.java:setRole(184)) - 9ceef694-dbcf-4070-b7b1-3b3c65b6a699@group-75987F7FE399: changes role from  FOLLOWER to FOLLOWER at term 318 for recognizeCandidate:df12c920-952d-4704-9c70-1a288e2f77c7
2019-10-20 10:28:51,258 [grpc-default-executor-4] INFO  impl.RoleInfo (RoleInfo.java:shutdownFollowerState(121)) - 9ceef694-dbcf-4070-b7b1-3b3c65b6a699: shutdown FollowerState
2019-10-20 10:28:51,258 [Thread-2136] INFO  impl.FollowerState (FollowerState.java:run(117)) - 875da3d9-0dec-46c7-88bf-73f7a2372b64@group-75987F7FE399-FollowerState was interrupted: java.lang.InterruptedException: sleep interrupted
2019-10-20 10:28:51,258 [grpc-default-executor-3] INFO  impl.RoleInfo (RoleInfo.java:updateAndGet(143)) - 875da3d9-0dec-46c7-88bf-73f7a2372b64: start FollowerState
2019-10-20 10:28:51,258 [Thread-2137] INFO  impl.FollowerState (FollowerState.java:run(117)) - 9ceef694-dbcf-4070-b7b1-3b3c65b6a699@group-75987F7FE399-FollowerState was interrupted: java.lang.InterruptedException: sleep interrupted
2019-10-20 10:28:51,258 [grpc-default-executor-4] INFO  impl.RoleInfo (RoleInfo.java:updateAndGet(143)) - 9ceef694-dbcf-4070-b7b1-3b3c65b6a699: start FollowerState
2019-10-20 10:28:51,263 [df12c920-952d-4704-9c70-1a288e2f77c7@group-75987F7FE399-LeaderElection280] INFO  impl.LeaderElection (LeaderElection.java:logAndReturn(56)) - df12c920-952d-4704-9c70-1a288e2f77c7@group-75987F7FE399-LeaderElection280: Election TIMEOUT; received 0 response(s) [] and 0 exception(s); df12c920-952d-4704-9c70-1a288e2f77c7@group-75987F7FE399:t318, leader=null, voted=df12c920-952d-4704-9c70-1a288e2f77c7, raftlog=df12c920-952d-4704-9c70-1a288e2f77c7@group-75987F7FE399-SegmentedRaftLog:OPENED:c-1,f-1,i0, conf=-1: [875da3d9-0dec-46c7-88bf-73f7a2372b64:192.168.69.89:39990, df12c920-952d-4704-9c70-1a288e2f77c7:192.168.69.89:43948, 9ceef694-dbcf-4070-b7b1-3b3c65b6a699:192.168.69.89:36536], old=null
2019-10-20 10:28:51,283 [df12c920-952d-4704-9c70-1a288e2f77c7@group-75987F7FE399-LeaderElection280] INFO  impl.LeaderElection (LeaderElection.java:askForVotes(178)) - df12c920-952d-4704-9c70-1a288e2f77c7@group-75987F7FE399-LeaderElection280: begin an election at term 319 for -1: [875da3d9-0dec-46c7-88bf-73f7a2372b64:192.168.69.89:39990, df12c920-952d-4704-9c70-1a288e2f77c7:192.168.69.89:43948, 9ceef694-dbcf-4070-b7b1-3b3c65b6a699:192.168.69.89:36536], old=null
2019-10-20 10:28:51,285 [grpc-default-executor-3] INFO  impl.RaftServerImpl (RaftServerImpl.java:setRole(184)) - 875da3d9-0dec-46c7-88bf-73f7a2372b64@group-75987F7FE399: changes role from  FOLLOWER to FOLLOWER at term 319 for recognizeCandidate:df12c920-952d-4704-9c70-1a288e2f77c7
2019-10-20 10:28:51,285 [grpc-default-executor-4] INFO  impl.RaftServerImpl (RaftServerImpl.java:setRole(184)) - 9ceef694-dbcf-4070-b7b1-3b3c65b6a699@group-75987F7FE399: changes role from  FOLLOWER to FOLLOWER at term 319 for recognizeCandidate:df12c920-952d-4704-9c70-1a288e2f77c7
2019-10-20 10:28:51,285 [grpc-default-executor-3] INFO  impl.RoleInfo (RoleInfo.java:shutdownFollowerState(121)) - 875da3d9-0dec-46c7-88bf-73f7a2372b64: shutdown FollowerState
2019-10-20 10:28:51,285 [grpc-default-executor-4] INFO  impl.RoleInfo (RoleInfo.java:shutdownFollowerState(121)) - 9ceef694-dbcf-4070-b7b1-3b3c65b6a699: shutdown FollowerState
2019-10-20 10:28:51,285 [Thread-2144] INFO  impl.FollowerState (FollowerState.java:run(117)) - 875da3d9-0dec-46c7-88bf-73f7a2372b64@group-75987F7FE399-FollowerState was interrupted: java.lang.InterruptedException: sleep interrupted
2019-10-20 10:28:51,285 [Thread-2145] INFO  impl.FollowerState (FollowerState.java:run(117)) - 9ceef694-dbcf-4070-b7b1-3b3c65b6a699@group-75987F7FE399-FollowerState was interrupted: java.lang.InterruptedException: sleep interrupted
2019-10-20 10:28:51,285 [grpc-default-executor-3] INFO  impl.RoleInfo (RoleInfo.java:updateAndGet(143)) - 875da3d9-0dec-46c7-88bf-73f7a2372b64: start FollowerState
2019-10-20 10:28:51,285 [grpc-default-executor-4] INFO  impl.RoleInfo (RoleInfo.java:updateAndGet(143)) - 9ceef694-dbcf-4070-b7b1-3b3c65b6a699: start FollowerState
2019-10-20 10:28:51,299 [df12c920-952d-4704-9c70-1a288e2f77c7@group-75987F7FE399-LeaderElection280] INFO  impl.LeaderElection (LeaderElection.java:logAndReturn(56)) - df12c920-952d-4704-9c70-1a288e2f77c7@group-75987F7FE399-LeaderElection280: Election REJECTED; received 2 response(s) [df12c920-952d-4704-9c70-1a288e2f77c7<-875da3d9-0dec-46c7-88bf-73f7a2372b64#0:FAIL-t319, df12c920-952d-4704-9c70-1a288e2f77c7<-9ceef694-dbcf-4070-b7b1-3b3c65b6a699#0:FAIL-t319] and 0 exception(s); df12c920-952d-4704-9c70-1a288e2f77c7@group-75987F7FE399:t319, leader=null, voted=df12c920-952d-4704-9c70-1a288e2f77c7, raftlog=df12c920-952d-4704-9c70-1a288e2f77c7@group-75987F7FE399-SegmentedRaftLog:OPENED:c-1,f-1,i0, conf=-1: [875da3d9-0dec-46c7-88bf-73f7a2372b64:192.168.69.89:39990, df12c920-952d-4704-9c70-1a288e2f77c7:192.168.69.89:43948, 9ceef694-dbcf-4070-b7b1-3b3c65b6a699:192.168.69.89:36536], old=null
2019-10-20 10:28:51,299 [df12c920-952d-4704-9c70-1a288e2f77c7@group-75987F7FE399-LeaderElection280] INFO  impl.RaftServerImpl (RaftServerImpl.java:setRole(184)) - df12c920-952d-4704-9c70-1a288e2f77c7@group-75987F7FE399: changes role from CANDIDATE to FOLLOWER at term 319 for DISCOVERED_A_NEW_TERM
2019-10-20 10:28:51,299 [df12c920-952d-4704-9c70-1a288e2f77c7@group-75987F7FE399-LeaderElection280] INFO  impl.RoleInfo (RoleInfo.java:shutdownLeaderElection(134)) - df12c920-952d-4704-9c70-1a288e2f77c7: shutdown LeaderElection
2019-10-20 10:28:51,299 [df12c920-952d-4704-9c70-1a288e2f77c7@group-75987F7FE399-LeaderElection280] INFO  impl.RoleInfo (RoleInfo.java:updateAndGet(143)) - df12c920-952d-4704-9c70-1a288e2f77c7: start FollowerState
2019-10-20 10:28:51,417 [Thread-2150] INFO  impl.FollowerState (FollowerState.java:run(108)) - df12c920-952d-4704-9c70-1a288e2f77c7@group-75987F7FE399-FollowerState: change to CANDIDATE, lastRpcTime:117ms, electionTimeout:117ms
2019-10-20 10:28:51,417 [Thread-2150] INFO  impl.RoleInfo (RoleInfo.java:shutdownFollowerState(121)) - df12c920-952d-4704-9c70-1a288e2f77c7: shutdown FollowerState
2019-10-20 10:28:51,417 [Thread-2150] INFO  impl.RaftServerImpl (RaftServerImpl.java:setRole(184)) - df12c920-952d-4704-9c70-1a288e2f77c7@group-75987F7FE399: changes role from  FOLLOWER to CANDIDATE at term 319 for changeToCandidate
2019-10-20 10:28:51,417 [Thread-2150] INFO  impl.RoleInfo (RoleInfo.java:updateAndGet(143)) - df12c920-952d-4704-9c70-1a288e2f77c7: start LeaderElection
2019-10-20 10:28:51,431 [df12c920-952d-4704-9c70-1a288e2f77c7@group-75987F7FE399-LeaderElection281] INFO  impl.LeaderElection (LeaderElection.java:askForVotes(178)) - df12c920-952d-4704-9c70-1a288e2f77c7@group-75987F7FE399-LeaderElection281: begin an election at term 320 for -1: [875da3d9-0dec-46c7-88bf-73f7a2372b64:192.168.69.89:39990, df12c920-952d-4704-9c70-1a288e2f77c7:192.168.69.89:43948, 9ceef694-dbcf-4070-b7b1-3b3c65b6a699:192.168.69.89:36536], old=null
2019-10-20 10:28:51,433 [grpc-default-executor-4] INFO  impl.RaftServerImpl (RaftServerImpl.java:setRole(184)) - 9ceef694-dbcf-4070-b7b1-3b3c65b6a699@group-75987F7FE399: changes role from  FOLLOWER to FOLLOWER at term 320 for recognizeCandidate:df12c920-952d-4704-9c70-1a288e2f77c7
2019-10-20 10:28:51,434 [grpc-default-executor-4] INFO  impl.RoleInfo (RoleInfo.java:shutdownFollowerState(121)) - 9ceef694-dbcf-4070-b7b1-3b3c65b6a699: shutdown FollowerState
2019-10-20 10:28:51,433 [grpc-default-executor-3] INFO  impl.RaftServerImpl (RaftServerImpl.java:setRole(184)) - 875da3d9-0dec-46c7-88bf-73f7a2372b64@group-75987F7FE399: changes role from  FOLLOWER to FOLLOWER at term 320 for recognizeCandidate:df12c920-952d-4704-9c70-1a288e2f77c7
2019-10-20 10:28:51,434 [grpc-default-executor-4] INFO  impl.RoleInfo (RoleInfo.java:updateAndGet(143)) - 9ceef694-dbcf-4070-b7b1-3b3c65b6a699: start FollowerState
2019-10-20 10:28:51,434 [Thread-2149] INFO  impl.FollowerState (FollowerState.java:run(117)) - 9ceef694-dbcf-4070-b7b1-3b3c65b6a699@group-75987F7FE399-FollowerState was interrupted: java.lang.InterruptedException: sleep interrupted
2019-10-20 10:28:51,434 [grpc-default-executor-3] INFO  impl.RoleInfo (RoleInfo.java:shutdownFollowerState(121)) - 875da3d9-0dec-46c7-88bf-73f7a2372b64: shutdown FollowerState
2019-10-20 10:28:51,434 [grpc-default-executor-3] INFO  impl.RoleInfo (RoleInfo.java:updateAndGet(143)) - 875da3d9-0dec-46c7-88bf-73f7a2372b64: start FollowerState
2019-10-20 10:28:51,434 [Thread-2148] INFO  impl.FollowerState (FollowerState.java:run(117)) - 875da3d9-0dec-46c7-88bf-73f7a2372b64@group-75987F7FE399-FollowerState was interrupted: java.lang.InterruptedException: sleep interrupted
2019-10-20 10:28:51,448 [df12c920-952d-4704-9c70-1a288e2f77c7@group-75987F7FE399-LeaderElection281] INFO  impl.LeaderElection (LeaderElection.java:logAndReturn(56)) - df12c920-952d-4704-9c70-1a288e2f77c7@group-75987F7FE399-LeaderElection281: Election REJECTED; received 2 response(s) [df12c920-952d-4704-9c70-1a288e2f77c7<-875da3d9-0dec-46c7-88bf-73f7a2372b64#0:FAIL-t320, df12c920-952d-4704-9c70-1a288e2f77c7<-9ceef694-dbcf-4070-b7b1-3b3c65b6a699#0:FAIL-t320] and 0 exception(s); df12c920-952d-4704-9c70-1a288e2f77c7@group-75987F7FE399:t320, leader=null, voted=df12c920-952d-4704-9c70-1a288e2f77c7, raftlog=df12c920-952d-4704-9c70-1a288e2f77c7@group-75987F7FE399-SegmentedRaftLog:OPENED:c-1,f-1,i0, conf=-1: [875da3d9-0dec-46c7-88bf-73f7a2372b64:192.168.69.89:39990, df12c920-952d-4704-9c70-1a288e2f77c7:192.168.69.89:43948, 9ceef694-dbcf-4070-b7b1-3b3c65b6a699:192.168.69.89:36536], old=null
2019-10-20 10:28:51,449 [df12c920-952d-4704-9c70-1a288e2f77c7@group-75987F7FE399-LeaderElection281] INFO  impl.RaftServerImpl (RaftServerImpl.java:setRole(184)) - df12c920-952d-4704-9c70-1a288e2f77c7@group-75987F7FE399: changes role from CANDIDATE to FOLLOWER at term 320 for DISCOVERED_A_NEW_TERM
2019-10-20 10:28:51,449 [df12c920-952d-4704-9c70-1a288e2f77c7@group-75987F7FE399-LeaderElection281] INFO  impl.RoleInfo (RoleInfo.java:shutdownLeaderElection(134)) - df12c920-952d-4704-9c70-1a288e2f77c7: shutdown LeaderElection
2019-10-20 10:28:51,449 [df12c920-952d-4704-9c70-1a288e2f77c7@group-75987F7FE399-LeaderElection281] INFO  impl.RoleInfo (RoleInfo.java:updateAndGet(143)) - df12c920-952d-4704-9c70-1a288e2f77c7: start FollowerState
2019-10-20 10:28:51,556 [Thread-2156] INFO  impl.FollowerState (FollowerState.java:run(108)) - df12c920-952d-4704-9c70-1a288e2f77c7@group-75987F7FE399-FollowerState: change to CANDIDATE, lastRpcTime:107ms, electionTimeout:107ms
2019-10-20 10:28:51,556 [Thread-2156] INFO  impl.RoleInfo (RoleInfo.java:shutdownFollowerState(121)) - df12c920-952d-4704-9c70-1a288e2f77c7: shutdown FollowerState
2019-10-20 10:28:51,557 [Thread-2156] INFO  impl.RaftServerImpl (RaftServerImpl.java:setRole(184)) - df12c920-952d-4704-9c70-1a288e2f77c7@group-75987F7FE399: changes role from  FOLLOWER to CANDIDATE at term 320 for changeToCandidate
2019-10-20 10:28:51,557 [Thread-2156] INFO  impl.RoleInfo (RoleInfo.java:updateAndGet(143)) - df12c920-952d-4704-9c70-1a288e2f77c7: start LeaderElection
2019-10-20 10:28:51,571 [df12c920-952d-4704-9c70-1a288e2f77c7@group-75987F7FE399-LeaderElection282] INFO  impl.LeaderElection (LeaderElection.java:askForVotes(178)) - df12c920-952d-4704-9c70-1a288e2f77c7@group-75987F7FE399-LeaderElection282: begin an election at term 321 for -1: [875da3d9-0dec-46c7-88bf-73f7a2372b64:192.168.69.89:39990, df12c920-952d-4704-9c70-1a288e2f77c7:192.168.69.89:43948, 9ceef694-dbcf-4070-b7b1-3b3c65b6a699:192.168.69.89:36536], old=null
2019-10-20 10:28:51,855 [df12c920-952d-4704-9c70-1a288e2f77c7@group-75987F7FE399-LeaderElection282] INFO  impl.LeaderElection (LeaderElection.java:logAndReturn(56)) - df12c920-952d-4704-9c70-1a288e2f77c7@group-75987F7FE399-LeaderElection282: Election TIMEOUT; received 0 response(s) [] and 0 exception(s); df12c920-952d-4704-9c70-1a288e2f77c7@group-75987F7FE399:t321, leader=null, voted=df12c920-952d-4704-9c70-1a288e2f77c7, raftlog=df12c920-952d-4704-9c70-1a288e2f77c7@group-75987F7FE399-SegmentedRaftLog:OPENED:c-1,f-1,i0, conf=-1: [875da3d9-0dec-46c7-88bf-73f7a2372b64:192.168.69.89:39990, df12c920-952d-4704-9c70-1a288e2f77c7:192.168.69.89:43948, 9ceef694-dbcf-4070-b7b1-3b3c65b6a699:192.168.69.89:36536], old=null
2019-10-20 10:28:51,855 [grpc-default-executor-4] INFO  impl.RaftServerImpl (RaftServerImpl.java:setRole(184)) - 9ceef694-dbcf-4070-b7b1-3b3c65b6a699@group-75987F7FE399: changes role from  FOLLOWER to FOLLOWER at term 321 for recognizeCandidate:df12c920-952d-4704-9c70-1a288e2f77c7
2019-10-20 10:28:51,855 [grpc-default-executor-4] INFO  impl.RoleInfo (RoleInfo.java:shutdownFollowerState(121)) - 9ceef694-dbcf-4070-b7b1-3b3c65b6a699: shutdown FollowerState
2019-10-20 10:28:51,855 [grpc-default-executor-4] INFO  impl.RoleInfo (RoleInfo.java:updateAndGet(143)) - 9ceef694-dbcf-4070-b7b1-3b3c65b6a699: start FollowerState
2019-10-20 10:28:51,855 [Thread-2154] INFO  impl.FollowerState (FollowerState.java:run(117)) - 9ceef694-dbcf-4070-b7b1-3b3c65b6a699@group-75987F7FE399-FollowerState was interrupted: java.lang.InterruptedException: sleep interrupted
2019-10-20 10:28:51,856 [grpc-default-executor-3] INFO  impl.RaftServerImpl (RaftServerImpl.java:setRole(184)) - 875da3d9-0dec-46c7-88bf-73f7a2372b64@group-75987F7FE399: changes role from  FOLLOWER to FOLLOWER at term 321 for recognizeCandidate:df12c920-952d-4704-9c70-1a288e2f77c7
2019-10-20 10:28:51,856 [grpc-default-executor-3] INFO  impl.RoleInfo (RoleInfo.java:shutdownFollowerState(121)) - 875da3d9-0dec-46c7-88bf-73f7a2372b64: shutdown FollowerState
2019-10-20 10:28:51,856 [grpc-default-executor-3] INFO  impl.RoleInfo (RoleInfo.java:updateAndGet(143)) - 875da3d9-0dec-46c7-88bf-73f7a2372b64: start FollowerState
2019-10-20 10:28:51,856 [Thread-2155] INFO  impl.FollowerState (FollowerState.java:run(117)) - 875da3d9-0dec-46c7-88bf-73f7a2372b64@group-75987F7FE399-FollowerState was interrupted: java.lang.InterruptedException: sleep interrupted
2019-10-20 10:28:51,869 [df12c920-952d-4704-9c70-1a288e2f77c7@group-75987F7FE399-LeaderElection282] INFO  impl.LeaderElection (LeaderElection.java:askForVotes(178)) - df12c920-952d-4704-9c70-1a288e2f77c7@group-75987F7FE399-LeaderElection282: begin an election at term 322 for -1: [875da3d9-0dec-46c7-88bf-73f7a2372b64:192.168.69.89:39990, df12c920-952d-4704-9c70-1a288e2f77c7:192.168.69.89:43948, 9ceef694-dbcf-4070-b7b1-3b3c65b6a699:192.168.69.89:36536], old=null
2019-10-20 10:28:51,872 [grpc-default-executor-3] INFO  impl.RaftServerImpl (RaftServerImpl.java:setRole(184)) - 875da3d9-0dec-46c7-88bf-73f7a2372b64@group-75987F7FE399: changes role from  FOLLOWER to FOLLOWER at term 322 for recognizeCandidate:df12c920-952d-4704-9c70-1a288e2f77c7
2019-10-20 10:28:51,872 [grpc-default-executor-3] INFO  impl.RoleInfo (RoleInfo.java:shutdownFollowerState(121)) - 875da3d9-0dec-46c7-88bf-73f7a2372b64: shutdown FollowerState
2019-10-20 10:28:51,872 [grpc-default-executor-3] INFO  impl.RoleInfo (RoleInfo.java:updateAndGet(143)) - 875da3d9-0dec-46c7-88bf-73f7a2372b64: start FollowerState
2019-10-20 10:28:51,872 [grpc-default-executor-1] INFO  impl.RaftServerImpl (RaftServerImpl.java:setRole(184)) - 9ceef694-dbcf-4070-b7b1-3b3c65b6a699@group-75987F7FE399: changes role from  FOLLOWER to FOLLOWER at term 322 for recognizeCandidate:df12c920-952d-4704-9c70-1a288e2f77c7
2019-10-20 10:28:51,872 [Thread-2161] INFO  impl.FollowerState (FollowerState.java:run(117)) - 875da3d9-0dec-46c7-88bf-73f7a2372b64@group-75987F7FE399-FollowerState was interrupted: java.lang.InterruptedException: sleep interrupted
2019-10-20 10:28:51,873 [grpc-default-executor-1] INFO  impl.RoleInfo (RoleInfo.java:shutdownFollowerState(121)) - 9ceef694-dbcf-4070-b7b1-3b3c65b6a699: shutdown FollowerState
2019-10-20 10:28:51,873 [grpc-default-executor-1] INFO  impl.RoleInfo (RoleInfo.java:updateAndGet(143)) - 9ceef694-dbcf-4070-b7b1-3b3c65b6a699: start FollowerState
2019-10-20 10:28:51,873 [Thread-2160] INFO  impl.FollowerState (FollowerState.java:run(117)) - 9ceef694-dbcf-4070-b7b1-3b3c65b6a699@group-75987F7FE399-FollowerState was interrupted: java.lang.InterruptedException: sleep interrupted
2019-10-20 10:28:51,891 [df12c920-952d-4704-9c70-1a288e2f77c7@group-75987F7FE399-LeaderElection282] INFO  impl.LeaderElection (LeaderElection.java:logAndReturn(56)) - df12c920-952d-4704-9c70-1a288e2f77c7@group-75987F7FE399-LeaderElection282: Election REJECTED; received 2 response(s) [df12c920-952d-4704-9c70-1a288e2f77c7<-875da3d9-0dec-46c7-88bf-73f7a2372b64#0:FAIL-t322, df12c920-952d-4704-9c70-1a288e2f77c7<-9ceef694-dbcf-4070-b7b1-3b3c65b6a699#0:FAIL-t322] and 0 exception(s); df12c920-952d-4704-9c70-1a288e2f77c7@group-75987F7FE399:t322, leader=null, voted=df12c920-952d-4704-9c70-1a288e2f77c7, raftlog=df12c920-952d-4704-9c70-1a288e2f77c7@group-75987F7FE399-SegmentedRaftLog:OPENED:c-1,f-1,i0, conf=-1: [875da3d9-0dec-46c7-88bf-73f7a2372b64:192.168.69.89:39990, df12c920-952d-4704-9c70-1a288e2f77c7:192.168.69.89:43948, 9ceef694-dbcf-4070-b7b1-3b3c65b6a699:192.168.69.89:36536], old=null
2019-10-20 10:28:51,891 [df12c920-952d-4704-9c70-1a288e2f77c7@group-75987F7FE399-LeaderElection282] INFO  impl.RaftServerImpl (RaftServerImpl.java:setRole(184)) - df12c920-952d-4704-9c70-1a288e2f77c7@group-75987F7FE399: changes role from CANDIDATE to FOLLOWER at term 322 for DISCOVERED_A_NEW_TERM
2019-10-20 10:28:51,891 [df12c920-952d-4704-9c70-1a288e2f77c7@group-75987F7FE399-LeaderElection282] INFO  impl.RoleInfo (RoleInfo.java:shutdownLeaderElection(134)) - df12c920-952d-4704-9c70-1a288e2f77c7: shutdown LeaderElection
2019-10-20 10:28:51,892 [df12c920-952d-4704-9c70-1a288e2f77c7@group-75987F7FE399-LeaderElection282] INFO  impl.RoleInfo (RoleInfo.java:updateAndGet(143)) - df12c920-952d-4704-9c70-1a288e2f77c7: start FollowerState
2019-10-20 10:28:52,024 [Thread-2166] INFO  impl.FollowerState (FollowerState.java:run(108)) - df12c920-952d-4704-9c70-1a288e2f77c7@group-75987F7FE399-FollowerState: change to CANDIDATE, lastRpcTime:132ms, electionTimeout:132ms
2019-10-20 10:28:52,024 [Thread-2166] INFO  impl.RoleInfo (RoleInfo.java:shutdownFollowerState(121)) - df12c920-952d-4704-9c70-1a288e2f77c7: shutdown FollowerState
2019-10-20 10:28:52,025 [Thread-2166] INFO  impl.RaftServerImpl (RaftServerImpl.java:setRole(184)) - df12c920-952d-4704-9c70-1a288e2f77c7@group-75987F7FE399: changes role from  FOLLOWER to CANDIDATE at term 322 for changeToCandidate
2019-10-20 10:28:52,025 [Thread-2166] INFO  impl.RoleInfo (RoleInfo.java:updateAndGet(143)) - df12c920-952d-4704-9c70-1a288e2f77c7: start LeaderElection
2019-10-20 10:28:52,039 [df12c920-952d-4704-9c70-1a288e2f77c7@group-75987F7FE399-LeaderElection283] INFO  impl.LeaderElection (LeaderElection.java:askForVotes(178)) - df12c920-952d-4704-9c70-1a288e2f77c7@group-75987F7FE399-LeaderElection283: begin an election at term 323 for -1: [875da3d9-0dec-46c7-88bf-73f7a2372b64:192.168.69.89:39990, df12c920-952d-4704-9c70-1a288e2f77c7:192.168.69.89:43948, 9ceef694-dbcf-4070-b7b1-3b3c65b6a699:192.168.69.89:36536], old=null
2019-10-20 10:28:52,041 [grpc-default-executor-1] INFO  impl.RaftServerImpl (RaftServerImpl.java:setRole(184)) - 875da3d9-0dec-46c7-88bf-73f7a2372b64@group-75987F7FE399: changes role from  FOLLOWER to FOLLOWER at term 323 for recognizeCandidate:df12c920-952d-4704-9c70-1a288e2f77c7
2019-10-20 10:28:52,042 [grpc-default-executor-1] INFO  impl.RoleInfo (RoleInfo.java:shutdownFollowerState(121)) - 875da3d9-0dec-46c7-88bf-73f7a2372b64: shutdown FollowerState
2019-10-20 10:28:52,042 [grpc-default-executor-3] INFO  impl.RaftServerImpl (RaftServerImpl.java:setRole(184)) - 9ceef694-dbcf-4070-b7b1-3b3c65b6a699@group-75987F7FE399: changes role from  FOLLOWER to FOLLOWER at term 323 for recognizeCandidate:df12c920-952d-4704-9c70-1a288e2f77c7
2019-10-20 10:28:52,042 [Thread-2164] INFO  impl.FollowerState (FollowerState.java:run(117)) - 875da3d9-0dec-46c7-88bf-73f7a2372b64@group-75987F7FE399-FollowerState was interrupted: java.lang.InterruptedException: sleep interrupted
2019-10-20 10:28:52,042 [grpc-default-executor-1] INFO  impl.RoleInfo (RoleInfo.java:updateAndGet(143)) - 875da3d9-0dec-46c7-88bf-73f7a2372b64: start FollowerState
2019-10-20 10:28:52,042 [df12c920-952d-4704-9c70-1a288e2f77c7@group-75987F7FE399-LeaderElection283] INFO  impl.LeaderElection (LeaderElection.java:logAndReturn(56)) - df12c920-952d-4704-9c70-1a288e2f77c7@group-75987F7FE399-LeaderElection283: Election TIMEOUT; received 0 response(s) [] and 0 exception(s); df12c920-952d-4704-9c70-1a288e2f77c7@group-75987F7FE399:t323, leader=null, voted=df12c920-952d-4704-9c70-1a288e2f77c7, raftlog=df12c920-952d-4704-9c70-1a288e2f77c7@group-75987F7FE399-SegmentedRaftLog:OPENED:c-1,f-1,i0, conf=-1: [875da3d9-0dec-46c7-88bf-73f7a2372b64:192.168.69.89:39990, df12c920-952d-4704-9c70-1a288e2f77c7:192.168.69.89:43948, 9ceef694-dbcf-4070-b7b1-3b3c65b6a699:192.168.69.89:36536], old=null
2019-10-20 10:28:52,042 [grpc-default-executor-3] INFO  impl.RoleInfo (RoleInfo.java:shutdownFollowerState(121)) - 9ceef694-dbcf-4070-b7b1-3b3c65b6a699: shutdown FollowerState
2019-10-20 10:28:52,043 [grpc-default-executor-3] INFO  impl.RoleInfo (RoleInfo.java:updateAndGet(143)) - 9ceef694-dbcf-4070-b7b1-3b3c65b6a699: start FollowerState
2019-10-20 10:28:52,043 [Thread-2165] INFO  impl.FollowerState (FollowerState.java:run(117)) - 9ceef694-dbcf-4070-b7b1-3b3c65b6a699@group-75987F7FE399-FollowerState was interrupted: java.lang.InterruptedException: sleep interrupted
2019-10-20 10:28:52,056 [df12c920-952d-4704-9c70-1a288e2f77c7@group-75987F7FE399-LeaderElection283] INFO  impl.LeaderElection (LeaderElection.java:askForVotes(178)) - df12c920-952d-4704-9c70-1a288e2f77c7@group-75987F7FE399-LeaderElection283: begin an election at term 324 for -1: [875da3d9-0dec-46c7-88bf-73f7a2372b64:192.168.69.89:39990, df12c920-952d-4704-9c70-1a288e2f77c7:192.168.69.89:43948, 9ceef694-dbcf-4070-b7b1-3b3c65b6a699:192.168.69.89:36536], old=null
2019-10-20 10:28:52,057 [grpc-default-executor-1] INFO  impl.RaftServerImpl (RaftServerImpl.java:setRole(184)) - 875da3d9-0dec-46c7-88bf-73f7a2372b64@group-75987F7FE399: changes role from  FOLLOWER to FOLLOWER at term 324 for recognizeCandidate:df12c920-952d-4704-9c70-1a288e2f77c7
2019-10-20 10:28:52,058 [grpc-default-executor-1] INFO  impl.RoleInfo (RoleInfo.java:shutdownFollowerState(121)) - 875da3d9-0dec-46c7-88bf-73f7a2372b64: shutdown FollowerState
2019-10-20 10:28:52,058 [grpc-default-executor-1] INFO  impl.RoleInfo (RoleInfo.java:updateAndGet(143)) - 875da3d9-0dec-46c7-88bf-73f7a2372b64: start FollowerState
2019-10-20 10:28:52,058 [Thread-2170] INFO  impl.FollowerState (FollowerState.java:run(117)) - 875da3d9-0dec-46c7-88bf-73f7a2372b64@group-75987F7FE399-FollowerState was interrupted: java.lang.InterruptedException: sleep interrupted
2019-10-20 10:28:52,062 [grpc-default-executor-3] INFO  impl.RaftServerImpl (RaftServerImpl.java:setRole(184)) - 9ceef694-dbcf-4070-b7b1-3b3c65b6a699@group-75987F7FE399: changes role from  FOLLOWER to FOLLOWER at term 324 for recognizeCandidate:df12c920-952d-4704-9c70-1a288e2f77c7
2019-10-20 10:28:52,062 [grpc-default-executor-3] INFO  impl.RoleInfo (RoleInfo.java:shutdownFollowerState(121)) - 9ceef694-dbcf-4070-b7b1-3b3c65b6a699: shutdown FollowerState
2019-10-20 10:28:52,062 [grpc-default-executor-3] INFO  impl.RoleInfo (RoleInfo.java:updateAndGet(143)) - 9ceef694-dbcf-4070-b7b1-3b3c65b6a699: start FollowerState
2019-10-20 10:28:52,062 [Thread-2171] INFO  impl.FollowerState (FollowerState.java:run(117)) - 9ceef694-dbcf-4070-b7b1-3b3c65b6a699@group-75987F7FE399-FollowerState was interrupted: java.lang.InterruptedException: sleep interrupted
2019-10-20 10:28:52,086 [df12c920-952d-4704-9c70-1a288e2f77c7@group-75987F7FE399-LeaderElection283] INFO  impl.LeaderElection (LeaderElection.java:logAndReturn(56)) - df12c920-952d-4704-9c70-1a288e2f77c7@group-75987F7FE399-LeaderElection283: Election REJECTED; received 2 response(s) [df12c920-952d-4704-9c70-1a288e2f77c7<-875da3d9-0dec-46c7-88bf-73f7a2372b64#0:FAIL-t324, df12c920-952d-4704-9c70-1a288e2f77c7<-9ceef694-dbcf-4070-b7b1-3b3c65b6a699#0:FAIL-t324] and 0 exception(s); df12c920-952d-4704-9c70-1a288e2f77c7@group-75987F7FE399:t324, leader=null, voted=df12c920-952d-4704-9c70-1a288e2f77c7, raftlog=df12c920-952d-4704-9c70-1a288e2f77c7@group-75987F7FE399-SegmentedRaftLog:OPENED:c-1,f-1,i0, conf=-1: [875da3d9-0dec-46c7-88bf-73f7a2372b64:192.168.69.89:39990, df12c920-952d-4704-9c70-1a288e2f77c7:192.168.69.89:43948, 9ceef694-dbcf-4070-b7b1-3b3c65b6a699:192.168.69.89:36536], old=null
2019-10-20 10:28:52,086 [df12c920-952d-4704-9c70-1a288e2f77c7@group-75987F7FE399-LeaderElection283] INFO  impl.RaftServerImpl (RaftServerImpl.java:setRole(184)) - df12c920-952d-4704-9c70-1a288e2f77c7@group-75987F7FE399: changes role from CANDIDATE to FOLLOWER at term 324 for DISCOVERED_A_NEW_TERM
2019-10-20 10:28:52,086 [df12c920-952d-4704-9c70-1a288e2f77c7@group-75987F7FE399-LeaderElection283] INFO  impl.RoleInfo (RoleInfo.java:shutdownLeaderElection(134)) - df12c920-952d-4704-9c70-1a288e2f77c7: shutdown LeaderElection
2019-10-20 10:28:52,087 [df12c920-952d-4704-9c70-1a288e2f77c7@group-75987F7FE399-LeaderElection283] INFO  impl.RoleInfo (RoleInfo.java:updateAndGet(143)) - df12c920-952d-4704-9c70-1a288e2f77c7: start FollowerState
2019-10-20 10:28:52,228 [Thread-2176] INFO  impl.FollowerState (FollowerState.java:run(108)) - df12c920-952d-4704-9c70-1a288e2f77c7@group-75987F7FE399-FollowerState: change to CANDIDATE, lastRpcTime:141ms, electionTimeout:141ms
2019-10-20 10:28:52,228 [Thread-2176] INFO  impl.RoleInfo (RoleInfo.java:shutdownFollowerState(121)) - df12c920-952d-4704-9c70-1a288e2f77c7: shutdown FollowerState
2019-10-20 10:28:52,228 [Thread-2176] INFO  impl.RaftServerImpl (RaftServerImpl.java:setRole(184)) - df12c920-952d-4704-9c70-1a288e2f77c7@group-75987F7FE399: changes role from  FOLLOWER to CANDIDATE at term 324 for changeToCandidate
2019-10-20 10:28:52,229 [Thread-2176] INFO  impl.RoleInfo (RoleInfo.java:updateAndGet(143)) - df12c920-952d-4704-9c70-1a288e2f77c7: start LeaderElection
2019-10-20 10:28:52,242 [df12c920-952d-4704-9c70-1a288e2f77c7@group-75987F7FE399-LeaderElection284] INFO  impl.LeaderElection (LeaderElection.java:askForVotes(178)) - df12c920-952d-4704-9c70-1a288e2f77c7@group-75987F7FE399-LeaderElection284: begin an election at term 325 for -1: [875da3d9-0dec-46c7-88bf-73f7a2372b64:192.168.69.89:39990, df12c920-952d-4704-9c70-1a288e2f77c7:192.168.69.89:43948, 9ceef694-dbcf-4070-b7b1-3b3c65b6a699:192.168.69.89:36536], old=null
2019-10-20 10:28:52,243 [grpc-default-executor-1] INFO  impl.RaftServerImpl (RaftServerImpl.java:setRole(184)) - 875da3d9-0dec-46c7-88bf-73f7a2372b64@group-75987F7FE399: changes role from  FOLLOWER to FOLLOWER at term 325 for recognizeCandidate:df12c920-952d-4704-9c70-1a288e2f77c7
2019-10-20 10:28:52,244 [grpc-default-executor-3] INFO  impl.RaftServerImpl (RaftServerImpl.java:setRole(184)) - 9ceef694-dbcf-4070-b7b1-3b3c65b6a699@group-75987F7FE399: changes role from  FOLLOWER to FOLLOWER at term 325 for recognizeCandidate:df12c920-952d-4704-9c70-1a288e2f77c7
2019-10-20 10:28:52,244 [grpc-default-executor-1] INFO  impl.RoleInfo (RoleInfo.java:shutdownFollowerState(121)) - 875da3d9-0dec-46c7-88bf-73f7a2372b64: shutdown FollowerState
2019-10-20 10:28:52,244 [grpc-default-executor-3] INFO  impl.RoleInfo (RoleInfo.java:shutdownFollowerState(121)) - 9ceef694-dbcf-4070-b7b1-3b3c65b6a699: shutdown FollowerState
2019-10-20 10:28:52,244 [Thread-2174] INFO  impl.FollowerState (FollowerState.java:run(117)) - 875da3d9-0dec-46c7-88bf-73f7a2372b64@group-75987F7FE399-FollowerState was interrupted: java.lang.InterruptedException: sleep interrupted
2019-10-20 10:28:52,244 [grpc-default-executor-1] INFO  impl.RoleInfo (RoleInfo.java:updateAndGet(143)) - 875da3d9-0dec-46c7-88bf-73f7a2372b64: start FollowerState
2019-10-20 10:28:52,244 [Thread-2175] INFO  impl.FollowerState (FollowerState.java:run(117)) - 9ceef694-dbcf-4070-b7b1-3b3c65b6a699@group-75987F7FE399-FollowerState was interrupted: java.lang.InterruptedException: sleep interrupted
2019-10-20 10:28:52,244 [grpc-default-executor-3] INFO  impl.RoleInfo (RoleInfo.java:updateAndGet(143)) - 9ceef694-dbcf-4070-b7b1-3b3c65b6a699: start FollowerState
2019-10-20 10:28:52,258 [df12c920-952d-4704-9c70-1a288e2f77c7@group-75987F7FE399-LeaderElection284] INFO  impl.LeaderElection (LeaderElection.java:logAndReturn(56)) - df12c920-952d-4704-9c70-1a288e2f77c7@group-75987F7FE399-LeaderElection284: Election REJECTED; received 2 response(s) [df12c920-952d-4704-9c70-1a288e2f77c7<-875da3d9-0dec-46c7-88bf-73f7a2372b64#0:FAIL-t325, df12c920-952d-4704-9c70-1a288e2f77c7<-9ceef694-dbcf-4070-b7b1-3b3c65b6a699#0:FAIL-t325] and 0 exception(s); df12c920-952d-4704-9c70-1a288e2f77c7@group-75987F7FE399:t325, leader=null, voted=df12c920-952d-4704-9c70-1a288e2f77c7, raftlog=df12c920-952d-4704-9c70-1a288e2f77c7@group-75987F7FE399-SegmentedRaftLog:OPENED:c-1,f-1,i0, conf=-1: [875da3d9-0dec-46c7-88bf-73f7a2372b64:192.168.69.89:39990, df12c920-952d-4704-9c70-1a288e2f77c7:192.168.69.89:43948, 9ceef694-dbcf-4070-b7b1-3b3c65b6a699:192.168.69.89:36536], old=null
2019-10-20 10:28:52,259 [df12c920-952d-4704-9c70-1a288e2f77c7@group-75987F7FE399-LeaderElection284] INFO  impl.RaftServerImpl (RaftServerImpl.java:setRole(184)) - df12c920-952d-4704-9c70-1a288e2f77c7@group-75987F7FE399: changes role from CANDIDATE to FOLLOWER at term 325 for DISCOVERED_A_NEW_TERM
2019-10-20 10:28:52,259 [df12c920-952d-4704-9c70-1a288e2f77c7@group-75987F7FE399-LeaderElection284] INFO  impl.RoleInfo (RoleInfo.java:shutdownLeaderElection(134)) - df12c920-952d-4704-9c70-1a288e2f77c7: shutdown LeaderElection
2019-10-20 10:28:52,259 [df12c920-952d-4704-9c70-1a288e2f77c7@group-75987F7FE399-LeaderElection284] INFO  impl.RoleInfo (RoleInfo.java:updateAndGet(143)) - df12c920-952d-4704-9c70-1a288e2f77c7: start FollowerState
2019-10-20 10:28:52,299 [Thread-2184] INFO  impl.FollowerState (FollowerState.java:run(108)) - df12c920-952d-4704-9c70-1a288e2f77c7@group-75987F7FE399-FollowerState: change to CANDIDATE, lastRpcTime:40ms, electionTimeout:40ms
2019-10-20 10:28:52,299 [Thread-2184] INFO  impl.RoleInfo (RoleInfo.java:shutdownFollowerState(121)) - df12c920-952d-4704-9c70-1a288e2f77c7: shutdown FollowerState
2019-10-20 10:28:52,300 [Thread-2184] INFO  impl.RaftServerImpl (RaftServerImpl.java:setRole(184)) - df12c920-952d-4704-9c70-1a288e2f77c7@group-75987F7FE399: changes role from  FOLLOWER to CANDIDATE at term 325 for changeToCandidate
2019-10-20 10:28:52,300 [Thread-2184] INFO  impl.RoleInfo (RoleInfo.java:updateAndGet(143)) - df12c920-952d-4704-9c70-1a288e2f77c7: start LeaderElection
2019-10-20 10:28:52,325 [df12c920-952d-4704-9c70-1a288e2f77c7@group-75987F7FE399-LeaderElection285] INFO  impl.LeaderElection (LeaderElection.java:askForVotes(178)) - df12c920-952d-4704-9c70-1a288e2f77c7@group-75987F7FE399-LeaderElection285: begin an election at term 326 for -1: [875da3d9-0dec-46c7-88bf-73f7a2372b64:192.168.69.89:39990, df12c920-952d-4704-9c70-1a288e2f77c7:192.168.69.89:43948, 9ceef694-dbcf-4070-b7b1-3b3c65b6a699:192.168.69.89:36536], old=null
2019-10-20 10:28:52,327 [grpc-default-executor-3] INFO  impl.RaftServerImpl (RaftServerImpl.java:setRole(184)) - 875da3d9-0dec-46c7-88bf-73f7a2372b64@group-75987F7FE399: changes role from  FOLLOWER to FOLLOWER at term 326 for recognizeCandidate:df12c920-952d-4704-9c70-1a288e2f77c7
2019-10-20 10:28:52,327 [grpc-default-executor-3] INFO  impl.RoleInfo (RoleInfo.java:shutdownFollowerState(121)) - 875da3d9-0dec-46c7-88bf-73f7a2372b64: shutdown FollowerState
2019-10-20 10:28:52,327 [grpc-default-executor-1] INFO  impl.RaftServerImpl (RaftServerImpl.java:setRole(184)) - 9ceef694-dbcf-4070-b7b1-3b3c65b6a699@group-75987F7FE399: changes role from  FOLLOWER to FOLLOWER at term 326 for recognizeCandidate:df12c920-952d-4704-9c70-1a288e2f77c7
2019-10-20 10:28:52,327 [grpc-default-executor-1] INFO  impl.RoleInfo (RoleInfo.java:shutdownFollowerState(121)) - 9ceef694-dbcf-4070-b7b1-3b3c65b6a699: shutdown FollowerState
2019-10-20 10:28:52,327 [Thread-2182] INFO  impl.FollowerState (FollowerState.java:run(117)) - 875da3d9-0dec-46c7-88bf-73f7a2372b64@group-75987F7FE399-FollowerState was interrupted: java.lang.InterruptedException: sleep interrupted
2019-10-20 10:28:52,327 [grpc-default-executor-3] INFO  impl.RoleInfo (RoleInfo.java:updateAndGet(143)) - 875da3d9-0dec-46c7-88bf-73f7a2372b64: start FollowerState
2019-10-20 10:28:52,328 [Thread-2183] INFO  impl.FollowerState (FollowerState.java:run(117)) - 9ceef694-dbcf-4070-b7b1-3b3c65b6a699@group-75987F7FE399-FollowerState was interrupted: java.lang.InterruptedException: sleep interrupted
2019-10-20 10:28:52,328 [grpc-default-executor-1] INFO  impl.RoleInfo (RoleInfo.java:updateAndGet(143)) - 9ceef694-dbcf-4070-b7b1-3b3c65b6a699: start FollowerState
2019-10-20 10:28:52,353 [df12c920-952d-4704-9c70-1a288e2f77c7@group-75987F7FE399-LeaderElection285] INFO  impl.LeaderElection (LeaderElection.java:logAndReturn(56)) - df12c920-952d-4704-9c70-1a288e2f77c7@group-75987F7FE399-LeaderElection285: Election REJECTED; received 2 response(s) [df12c920-952d-4704-9c70-1a288e2f77c7<-875da3d9-0dec-46c7-88bf-73f7a2372b64#0:FAIL-t326, df12c920-952d-4704-9c70-1a288e2f77c7<-9ceef694-dbcf-4070-b7b1-3b3c65b6a699#0:FAIL-t326] and 0 exception(s); df12c920-952d-4704-9c70-1a288e2f77c7@group-75987F7FE399:t326, leader=null, voted=df12c920-952d-4704-9c70-1a288e2f77c7, raftlog=df12c920-952d-4704-9c70-1a288e2f77c7@group-75987F7FE399-SegmentedRaftLog:OPENED:c-1,f-1,i0, conf=-1: [875da3d9-0dec-46c7-88bf-73f7a2372b64:192.168.69.89:39990, df12c920-952d-4704-9c70-1a288e2f77c7:192.168.69.89:43948, 9ceef694-dbcf-4070-b7b1-3b3c65b6a699:192.168.69.89:36536], old=null
2019-10-20 10:28:52,353 [df12c920-952d-4704-9c70-1a288e2f77c7@group-75987F7FE399-LeaderElection285] INFO  impl.RaftServerImpl (RaftServerImpl.java:setRole(184)) - df12c920-952d-4704-9c70-1a288e2f77c7@group-75987F7FE399: changes role from CANDIDATE to FOLLOWER at term 326 for DISCOVERED_A_NEW_TERM
2019-10-20 10:28:52,353 [df12c920-952d-4704-9c70-1a288e2f77c7@group-75987F7FE399-LeaderElection285] INFO  impl.RoleInfo (RoleInfo.java:shutdownLeaderElection(134)) - df12c920-952d-4704-9c70-1a288e2f77c7: shutdown LeaderElection
2019-10-20 10:28:52,354 [df12c920-952d-4704-9c70-1a288e2f77c7@group-75987F7FE399-LeaderElection285] INFO  impl.RoleInfo (RoleInfo.java:updateAndGet(143)) - df12c920-952d-4704-9c70-1a288e2f77c7: start FollowerState
2019-10-20 10:28:52,534 [Thread-2190] INFO  impl.FollowerState (FollowerState.java:run(108)) - df12c920-952d-4704-9c70-1a288e2f77c7@group-75987F7FE399-FollowerState: change to CANDIDATE, lastRpcTime:180ms, electionTimeout:180ms
2019-10-20 10:28:52,534 [Thread-2190] INFO  impl.RoleInfo (RoleInfo.java:shutdownFollowerState(121)) - df12c920-952d-4704-9c70-1a288e2f77c7: shutdown FollowerState
2019-10-20 10:28:52,534 [Thread-2190] INFO  impl.RaftServerImpl (RaftServerImpl.java:setRole(184)) - df12c920-952d-4704-9c70-1a288e2f77c7@group-75987F7FE399: changes role from  FOLLOWER to CANDIDATE at term 326 for changeToCandidate
2019-10-20 10:28:52,534 [Thread-2190] INFO  impl.RoleInfo (RoleInfo.java:updateAndGet(143)) - df12c920-952d-4704-9c70-1a288e2f77c7: start LeaderElection
2019-10-20 10:28:52,548 [df12c920-952d-4704-9c70-1a288e2f77c7@group-75987F7FE399-LeaderElection286] INFO  impl.LeaderElection (LeaderElection.java:askForVotes(178)) - df12c920-952d-4704-9c70-1a288e2f77c7@group-75987F7FE399-LeaderElection286: begin an election at term 327 for -1: [875da3d9-0dec-46c7-88bf-73f7a2372b64:192.168.69.89:39990, df12c920-952d-4704-9c70-1a288e2f77c7:192.168.69.89:43948, 9ceef694-dbcf-4070-b7b1-3b3c65b6a699:192.168.69.89:36536], old=null
2019-10-20 10:28:52,550 [grpc-default-executor-3] INFO  impl.RaftServerImpl (RaftServerImpl.java:setRole(184)) - 9ceef694-dbcf-4070-b7b1-3b3c65b6a699@group-75987F7FE399: changes role from  FOLLOWER to FOLLOWER at term 327 for recognizeCandidate:df12c920-952d-4704-9c70-1a288e2f77c7
2019-10-20 10:28:52,550 [grpc-default-executor-1] INFO  impl.RaftServerImpl (RaftServerImpl.java:setRole(184)) - 875da3d9-0dec-46c7-88bf-73f7a2372b64@group-75987F7FE399: changes role from  FOLLOWER to FOLLOWER at term 327 for recognizeCandidate:df12c920-952d-4704-9c70-1a288e2f77c7
2019-10-20 10:28:52,550 [grpc-default-executor-3] INFO  impl.RoleInfo (RoleInfo.java:shutdownFollowerState(121)) - 9ceef694-dbcf-4070-b7b1-3b3c65b6a699: shutdown FollowerState
2019-10-20 10:28:52,550 [grpc-default-executor-1] INFO  impl.RoleInfo (RoleInfo.java:shutdownFollowerState(121)) - 875da3d9-0dec-46c7-88bf-73f7a2372b64: shutdown FollowerState
2019-10-20 10:28:52,551 [Thread-2189] INFO  impl.FollowerState (FollowerState.java:run(117)) - 9ceef694-dbcf-4070-b7b1-3b3c65b6a699@group-75987F7FE399-FollowerState was interrupted: java.lang.InterruptedException: sleep interrupted
2019-10-20 10:28:52,551 [Thread-2188] INFO  impl.FollowerState (FollowerState.java:run(117)) - 875da3d9-0dec-46c7-88bf-73f7a2372b64@group-75987F7FE399-FollowerState was interrupted: java.lang.InterruptedException: sleep interrupted
2019-10-20 10:28:52,551 [grpc-default-executor-3] INFO  impl.RoleInfo (RoleInfo.java:updateAndGet(143)) - 9ceef694-dbcf-4070-b7b1-3b3c65b6a699: start FollowerState
2019-10-20 10:28:52,551 [grpc-default-executor-1] INFO  impl.RoleInfo (RoleInfo.java:updateAndGet(143)) - 875da3d9-0dec-46c7-88bf-73f7a2372b64: start FollowerState
2019-10-20 10:28:52,566 [df12c920-952d-4704-9c70-1a288e2f77c7@group-75987F7FE399-LeaderElection286] INFO  impl.LeaderElection (LeaderElection.java:logAndReturn(56)) - df12c920-952d-4704-9c70-1a288e2f77c7@group-75987F7FE399-LeaderElection286: Election REJECTED; received 2 response(s) [df12c920-952d-4704-9c70-1a288e2f77c7<-875da3d9-0dec-46c7-88bf-73f7a2372b64#0:FAIL-t327, df12c920-952d-4704-9c70-1a288e2f77c7<-9ceef694-dbcf-4070-b7b1-3b3c65b6a699#0:FAIL-t327] and 0 exception(s); df12c920-952d-4704-9c70-1a288e2f77c7@group-75987F7FE399:t327, leader=null, voted=df12c920-952d-4704-9c70-1a288e2f77c7, raftlog=df12c920-952d-4704-9c70-1a288e2f77c7@group-75987F7FE399-SegmentedRaftLog:OPENED:c-1,f-1,i0, conf=-1: [875da3d9-0dec-46c7-88bf-73f7a2372b64:192.168.69.89:39990, df12c920-952d-4704-9c70-1a288e2f77c7:192.168.69.89:43948, 9ceef694-dbcf-4070-b7b1-3b3c65b6a699:192.168.69.89:36536], old=null
2019-10-20 10:28:52,566 [df12c920-952d-4704-9c70-1a288e2f77c7@group-75987F7FE399-LeaderElection286] INFO  impl.RaftServerImpl (RaftServerImpl.java:setRole(184)) - df12c920-952d-4704-9c70-1a288e2f77c7@group-75987F7FE399: changes role from CANDIDATE to FOLLOWER at term 327 for DISCOVERED_A_NEW_TERM
2019-10-20 10:28:52,566 [df12c920-952d-4704-9c70-1a288e2f77c7@group-75987F7FE399-LeaderElection286] INFO  impl.RoleInfo (RoleInfo.java:shutdownLeaderElection(134)) - df12c920-952d-4704-9c70-1a288e2f77c7: shutdown LeaderElection
2019-10-20 10:28:52,566 [df12c920-952d-4704-9c70-1a288e2f77c7@group-75987F7FE399-LeaderElection286] INFO  impl.RoleInfo (RoleInfo.java:updateAndGet(143)) - df12c920-952d-4704-9c70-1a288e2f77c7: start FollowerState
2019-10-20 10:28:52,596 [Thread-2196] INFO  impl.FollowerState (FollowerState.java:run(108)) - df12c920-952d-4704-9c70-1a288e2f77c7@group-75987F7FE399-FollowerState: change to CANDIDATE, lastRpcTime:29ms, electionTimeout:29ms
2019-10-20 10:28:52,596 [Thread-2196] INFO  impl.RoleInfo (RoleInfo.java:shutdownFollowerState(121)) - df12c920-952d-4704-9c70-1a288e2f77c7: shutdown FollowerState
2019-10-20 10:28:52,596 [Thread-2196] INFO  impl.RaftServerImpl (RaftServerImpl.java:setRole(184)) - df12c920-952d-4704-9c70-1a288e2f77c7@group-75987F7FE399: changes role from  FOLLOWER to CANDIDATE at term 327 for changeToCandidate
2019-10-20 10:28:52,596 [Thread-2196] INFO  impl.RoleInfo (RoleInfo.java:updateAndGet(143)) - df12c920-952d-4704-9c70-1a288e2f77c7: start LeaderElection
2019-10-20 10:28:52,609 [df12c920-952d-4704-9c70-1a288e2f77c7@group-75987F7FE399-LeaderElection287] INFO  impl.LeaderElection (LeaderElection.java:askForVotes(178)) - df12c920-952d-4704-9c70-1a288e2f77c7@group-75987F7FE399-LeaderElection287: begin an election at term 328 for -1: [875da3d9-0dec-46c7-88bf-73f7a2372b64:192.168.69.89:39990, df12c920-952d-4704-9c70-1a288e2f77c7:192.168.69.89:43948, 9ceef694-dbcf-4070-b7b1-3b3c65b6a699:192.168.69.89:36536], old=null
2019-10-20 10:28:52,611 [grpc-default-executor-1] INFO  impl.RaftServerImpl (RaftServerImpl.java:setRole(184)) - 875da3d9-0dec-46c7-88bf-73f7a2372b64@group-75987F7FE399: changes role from  FOLLOWER to FOLLOWER at term 328 for recognizeCandidate:df12c920-952d-4704-9c70-1a288e2f77c7
2019-10-20 10:28:52,611 [grpc-default-executor-1] INFO  impl.RoleInfo (RoleInfo.java:shutdownFollowerState(121)) - 875da3d9-0dec-46c7-88bf-73f7a2372b64: shutdown FollowerState
2019-10-20 10:28:52,611 [grpc-default-executor-4] INFO  impl.RaftServerImpl (RaftServerImpl.java:setRole(184)) - 9ceef694-dbcf-4070-b7b1-3b3c65b6a699@group-75987F7FE399: changes role from  FOLLOWER to FOLLOWER at term 328 for recognizeCandidate:df12c920-952d-4704-9c70-1a288e2f77c7
2019-10-20 10:28:52,611 [Thread-2195] INFO  impl.FollowerState (FollowerState.java:run(117)) - 875da3d9-0dec-46c7-88bf-73f7a2372b64@group-75987F7FE399-FollowerState was interrupted: java.lang.InterruptedException: sleep interrupted
2019-10-20 10:28:52,611 [grpc-default-executor-1] INFO  impl.RoleInfo (RoleInfo.java:updateAndGet(143)) - 875da3d9-0dec-46c7-88bf-73f7a2372b64: start FollowerState
2019-10-20 10:28:52,611 [grpc-default-executor-4] INFO  impl.RoleInfo (RoleInfo.java:shutdownFollowerState(121)) - 9ceef694-dbcf-4070-b7b1-3b3c65b6a699: shutdown FollowerState
2019-10-20 10:28:52,612 [grpc-default-executor-4] INFO  impl.RoleInfo (RoleInfo.java:updateAndGet(143)) - 9ceef694-dbcf-4070-b7b1-3b3c65b6a699: start FollowerState
2019-10-20 10:28:52,612 [Thread-2194] INFO  impl.FollowerState (FollowerState.java:run(117)) - 9ceef694-dbcf-4070-b7b1-3b3c65b6a699@group-75987F7FE399-FollowerState was interrupted: java.lang.InterruptedException: sleep interrupted
2019-10-20 10:28:52,626 [df12c920-952d-4704-9c70-1a288e2f77c7@group-75987F7FE399-LeaderElection287] INFO  impl.LeaderElection (LeaderElection.java:logAndReturn(56)) - df12c920-952d-4704-9c70-1a288e2f77c7@group-75987F7FE399-LeaderElection287: Election REJECTED; received 2 response(s) [df12c920-952d-4704-9c70-1a288e2f77c7<-875da3d9-0dec-46c7-88bf-73f7a2372b64#0:FAIL-t328, df12c920-952d-4704-9c70-1a288e2f77c7<-9ceef694-dbcf-4070-b7b1-3b3c65b6a699#0:FAIL-t328] and 0 exception(s); df12c920-952d-4704-9c70-1a288e2f77c7@group-75987F7FE399:t328, leader=null, voted=df12c920-952d-4704-9c70-1a288e2f77c7, raftlog=df12c920-952d-4704-9c70-1a288e2f77c7@group-75987F7FE399-SegmentedRaftLog:OPENED:c-1,f-1,i0, conf=-1: [875da3d9-0dec-46c7-88bf-73f7a2372b64:192.168.69.89:39990, df12c920-952d-4704-9c70-1a288e2f77c7:192.168.69.89:43948, 9ceef694-dbcf-4070-b7b1-3b3c65b6a699:192.168.69.89:36536], old=null
2019-10-20 10:28:52,626 [df12c920-952d-4704-9c70-1a288e2f77c7@group-75987F7FE399-LeaderElection287] INFO  impl.RaftServerImpl (RaftServerImpl.java:setRole(184)) - df12c920-952d-4704-9c70-1a288e2f77c7@group-75987F7FE399: changes role from CANDIDATE to FOLLOWER at term 328 for DISCOVERED_A_NEW_TERM
2019-10-20 10:28:52,626 [df12c920-952d-4704-9c70-1a288e2f77c7@group-75987F7FE399-LeaderElection287] INFO  impl.RoleInfo (RoleInfo.java:shutdownLeaderElection(134)) - df12c920-952d-4704-9c70-1a288e2f77c7: shutdown LeaderElection
2019-10-20 10:28:52,626 [df12c920-952d-4704-9c70-1a288e2f77c7@group-75987F7FE399-LeaderElection287] INFO  impl.RoleInfo (RoleInfo.java:updateAndGet(143)) - df12c920-952d-4704-9c70-1a288e2f77c7: start FollowerState
2019-10-20 10:28:52,749 [Thread-2202] INFO  impl.FollowerState (FollowerState.java:run(108)) - df12c920-952d-4704-9c70-1a288e2f77c7@group-75987F7FE399-FollowerState: change to CANDIDATE, lastRpcTime:122ms, electionTimeout:122ms
2019-10-20 10:28:52,749 [Thread-2202] INFO  impl.RoleInfo (RoleInfo.java:shutdownFollowerState(121)) - df12c920-952d-4704-9c70-1a288e2f77c7: shutdown FollowerState
2019-10-20 10:28:52,749 [Thread-2202] INFO  impl.RaftServerImpl (RaftServerImpl.java:setRole(184)) - df12c920-952d-4704-9c70-1a288e2f77c7@group-75987F7FE399: changes role from  FOLLOWER to CANDIDATE at term 328 for changeToCandidate
2019-10-20 10:28:52,750 [Thread-2202] INFO  impl.RoleInfo (RoleInfo.java:updateAndGet(143)) - df12c920-952d-4704-9c70-1a288e2f77c7: start LeaderElection
2019-10-20 10:28:52,775 [df12c920-952d-4704-9c70-1a288e2f77c7@group-75987F7FE399-LeaderElection288] INFO  impl.LeaderElection (LeaderElection.java:askForVotes(178)) - df12c920-952d-4704-9c70-1a288e2f77c7@group-75987F7FE399-LeaderElection288: begin an election at term 329 for -1: [875da3d9-0dec-46c7-88bf-73f7a2372b64:192.168.69.89:39990, df12c920-952d-4704-9c70-1a288e2f77c7:192.168.69.89:43948, 9ceef694-dbcf-4070-b7b1-3b3c65b6a699:192.168.69.89:36536], old=null
2019-10-20 10:28:52,780 [grpc-default-executor-4] INFO  impl.RaftServerImpl (RaftServerImpl.java:setRole(184)) - 9ceef694-dbcf-4070-b7b1-3b3c65b6a699@group-75987F7FE399: changes role from  FOLLOWER to FOLLOWER at term 329 for recognizeCandidate:df12c920-952d-4704-9c70-1a288e2f77c7
2019-10-20 10:28:52,780 [grpc-default-executor-1] INFO  impl.RaftServerImpl (RaftServerImpl.java:setRole(184)) - 875da3d9-0dec-46c7-88bf-73f7a2372b64@group-75987F7FE399: changes role from  FOLLOWER to FOLLOWER at term 329 for recognizeCandidate:df12c920-952d-4704-9c70-1a288e2f77c7
2019-10-20 10:28:52,780 [grpc-default-executor-1] INFO  impl.RoleInfo (RoleInfo.java:shutdownFollowerState(121)) - 875da3d9-0dec-46c7-88bf-73f7a2372b64: shutdown FollowerState
2019-10-20 10:28:52,780 [grpc-default-executor-4] INFO  impl.RoleInfo (RoleInfo.java:shutdownFollowerState(121)) - 9ceef694-dbcf-4070-b7b1-3b3c65b6a699: shutdown FollowerState
2019-10-20 10:28:52,781 [Thread-2200] INFO  impl.FollowerState (FollowerState.java:run(117)) - 875da3d9-0dec-46c7-88bf-73f7a2372b64@group-75987F7FE399-FollowerState was interrupted: java.lang.InterruptedException: sleep interrupted
2019-10-20 10:28:52,781 [Thread-2201] INFO  impl.FollowerState (FollowerState.java:run(117)) - 9ceef694-dbcf-4070-b7b1-3b3c65b6a699@group-75987F7FE399-FollowerState was interrupted: java.lang.InterruptedException: sleep interrupted
2019-10-20 10:28:52,780 [grpc-default-executor-1] INFO  impl.RoleInfo (RoleInfo.java:updateAndGet(143)) - 875da3d9-0dec-46c7-88bf-73f7a2372b64: start FollowerState
2019-10-20 10:28:52,781 [grpc-default-executor-4] INFO  impl.RoleInfo (RoleInfo.java:updateAndGet(143)) - 9ceef694-dbcf-4070-b7b1-3b3c65b6a699: start FollowerState
2019-10-20 10:28:52,796 [df12c920-952d-4704-9c70-1a288e2f77c7@group-75987F7FE399-LeaderElection288] INFO  impl.LeaderElection (LeaderElection.java:logAndReturn(56)) - df12c920-952d-4704-9c70-1a288e2f77c7@group-75987F7FE399-LeaderElection288: Election REJECTED; received 2 response(s) [df12c920-952d-4704-9c70-1a288e2f77c7<-875da3d9-0dec-46c7-88bf-73f7a2372b64#0:FAIL-t329, df12c920-952d-4704-9c70-1a288e2f77c7<-9ceef694-dbcf-4070-b7b1-3b3c65b6a699#0:FAIL-t329] and 0 exception(s); df12c920-952d-4704-9c70-1a288e2f77c7@group-75987F7FE399:t329, leader=null, voted=df12c920-952d-4704-9c70-1a288e2f77c7, raftlog=df12c920-952d-4704-9c70-1a288e2f77c7@group-75987F7FE399-SegmentedRaftLog:OPENED:c-1,f-1,i0, conf=-1: [875da3d9-0dec-46c7-88bf-73f7a2372b64:192.168.69.89:39990, df12c920-952d-4704-9c70-1a288e2f77c7:192.168.69.89:43948, 9ceef694-dbcf-4070-b7b1-3b3c65b6a699:192.168.69.89:36536], old=null
2019-10-20 10:28:52,796 [df12c920-952d-4704-9c70-1a288e2f77c7@group-75987F7FE399-LeaderElection288] INFO  impl.RaftServerImpl (RaftServerImpl.java:setRole(184)) - df12c920-952d-4704-9c70-1a288e2f77c7@group-75987F7FE399: changes role from CANDIDATE to FOLLOWER at term 329 for DISCOVERED_A_NEW_TERM
2019-10-20 10:28:52,796 [df12c920-952d-4704-9c70-1a288e2f77c7@group-75987F7FE399-LeaderElection288] INFO  impl.RoleInfo (RoleInfo.java:shutdownLeaderElection(134)) - df12c920-952d-4704-9c70-1a288e2f77c7: shutdown LeaderElection
2019-10-20 10:28:52,796 [df12c920-952d-4704-9c70-1a288e2f77c7@group-75987F7FE399-LeaderElection288] INFO  impl.RoleInfo (RoleInfo.java:updateAndGet(143)) - df12c920-952d-4704-9c70-1a288e2f77c7: start FollowerState
2019-10-20 10:28:52,809 [Thread-2208] INFO  impl.FollowerState (FollowerState.java:run(108)) - df12c920-952d-4704-9c70-1a288e2f77c7@group-75987F7FE399-FollowerState: change to CANDIDATE, lastRpcTime:12ms, electionTimeout:12ms
2019-10-20 10:28:52,809 [Thread-2208] INFO  impl.RoleInfo (RoleInfo.java:shutdownFollowerState(121)) - df12c920-952d-4704-9c70-1a288e2f77c7: shutdown FollowerState
2019-10-20 10:28:52,809 [Thread-2208] INFO  impl.RaftServerImpl (RaftServerImpl.java:setRole(184)) - df12c920-952d-4704-9c70-1a288e2f77c7@group-75987F7FE399: changes role from  FOLLOWER to CANDIDATE at term 329 for changeToCandidate
2019-10-20 10:28:52,809 [Thread-2208] INFO  impl.RoleInfo (RoleInfo.java:updateAndGet(143)) - df12c920-952d-4704-9c70-1a288e2f77c7: start LeaderElection
2019-10-20 10:28:52,822 [df12c920-952d-4704-9c70-1a288e2f77c7@group-75987F7FE399-LeaderElection289] INFO  impl.LeaderElection (LeaderElection.java:askForVotes(178)) - df12c920-952d-4704-9c70-1a288e2f77c7@group-75987F7FE399-LeaderElection289: begin an election at term 330 for -1: [875da3d9-0dec-46c7-88bf-73f7a2372b64:192.168.69.89:39990, df12c920-952d-4704-9c70-1a288e2f77c7:192.168.69.89:43948, 9ceef694-dbcf-4070-b7b1-3b3c65b6a699:192.168.69.89:36536], old=null
2019-10-20 10:28:52,824 [grpc-default-executor-1] INFO  impl.RaftServerImpl (RaftServerImpl.java:setRole(184)) - 875da3d9-0dec-46c7-88bf-73f7a2372b64@group-75987F7FE399: changes role from  FOLLOWER to FOLLOWER at term 330 for recognizeCandidate:df12c920-952d-4704-9c70-1a288e2f77c7
2019-10-20 10:28:52,824 [grpc-default-executor-1] INFO  impl.RoleInfo (RoleInfo.java:shutdownFollowerState(121)) - 875da3d9-0dec-46c7-88bf-73f7a2372b64: shutdown FollowerState
2019-10-20 10:28:52,824 [grpc-default-executor-1] INFO  impl.RoleInfo (RoleInfo.java:updateAndGet(143)) - 875da3d9-0dec-46c7-88bf-73f7a2372b64: start FollowerState
2019-10-20 10:28:52,824 [Thread-2206] INFO  impl.FollowerState (FollowerState.java:run(117)) - 875da3d9-0dec-46c7-88bf-73f7a2372b64@group-75987F7FE399-FollowerState was interrupted: java.lang.InterruptedException: sleep interrupted
2019-10-20 10:28:52,824 [grpc-default-executor-4] INFO  impl.RaftServerImpl (RaftServerImpl.java:setRole(184)) - 9ceef694-dbcf-4070-b7b1-3b3c65b6a699@group-75987F7FE399: changes role from  FOLLOWER to FOLLOWER at term 330 for recognizeCandidate:df12c920-952d-4704-9c70-1a288e2f77c7
2019-10-20 10:28:52,824 [grpc-default-executor-4] INFO  impl.RoleInfo (RoleInfo.java:shutdownFollowerState(121)) - 9ceef694-dbcf-4070-b7b1-3b3c65b6a699: shutdown FollowerState
2019-10-20 10:28:52,825 [grpc-default-executor-4] INFO  impl.RoleInfo (RoleInfo.java:updateAndGet(143)) - 9ceef694-dbcf-4070-b7b1-3b3c65b6a699: start FollowerState
2019-10-20 10:28:52,825 [Thread-2207] INFO  impl.FollowerState (FollowerState.java:run(117)) - 9ceef694-dbcf-4070-b7b1-3b3c65b6a699@group-75987F7FE399-FollowerState was interrupted: java.lang.InterruptedException: sleep interrupted
2019-10-20 10:28:52,850 [df12c920-952d-4704-9c70-1a288e2f77c7@group-75987F7FE399-LeaderElection289] INFO  impl.LeaderElection (LeaderElection.java:logAndReturn(56)) - df12c920-952d-4704-9c70-1a288e2f77c7@group-75987F7FE399-LeaderElection289: Election REJECTED; received 2 response(s) [df12c920-952d-4704-9c70-1a288e2f77c7<-875da3d9-0dec-46c7-88bf-73f7a2372b64#0:FAIL-t330, df12c920-952d-4704-9c70-1a288e2f77c7<-9ceef694-dbcf-4070-b7b1-3b3c65b6a699#0:FAIL-t330] and 0 exception(s); df12c920-952d-4704-9c70-1a288e2f77c7@group-75987F7FE399:t330, leader=null, voted=df12c920-952d-4704-9c70-1a288e2f77c7, raftlog=df12c920-952d-4704-9c70-1a288e2f77c7@group-75987F7FE399-SegmentedRaftLog:OPENED:c-1,f-1,i0, conf=-1: [875da3d9-0dec-46c7-88bf-73f7a2372b64:192.168.69.89:39990, df12c920-952d-4704-9c70-1a288e2f77c7:192.168.69.89:43948, 9ceef694-dbcf-4070-b7b1-3b3c65b6a699:192.168.69.89:36536], old=null
2019-10-20 10:28:52,850 [df12c920-952d-4704-9c70-1a288e2f77c7@group-75987F7FE399-LeaderElection289] INFO  impl.RaftServerImpl (RaftServerImpl.java:setRole(184)) - df12c920-952d-4704-9c70-1a288e2f77c7@group-75987F7FE399: changes role from CANDIDATE to FOLLOWER at term 330 for DISCOVERED_A_NEW_TERM
2019-10-20 10:28:52,850 [df12c920-952d-4704-9c70-1a288e2f77c7@group-75987F7FE399-LeaderElection289] INFO  impl.RoleInfo (RoleInfo.java:shutdownLeaderElection(134)) - df12c920-952d-4704-9c70-1a288e2f77c7: shutdown LeaderElection
2019-10-20 10:28:52,850 [df12c920-952d-4704-9c70-1a288e2f77c7@group-75987F7FE399-LeaderElection289] INFO  impl.RoleInfo (RoleInfo.java:updateAndGet(143)) - df12c920-952d-4704-9c70-1a288e2f77c7: start FollowerState
2019-10-20 10:28:52,917 [Thread-2214] INFO  impl.FollowerState (FollowerState.java:run(108)) - df12c920-952d-4704-9c70-1a288e2f77c7@group-75987F7FE399-FollowerState: change to CANDIDATE, lastRpcTime:66ms, electionTimeout:66ms
2019-10-20 10:28:52,917 [Thread-2214] INFO  impl.RoleInfo (RoleInfo.java:shutdownFollowerState(121)) - df12c920-952d-4704-9c70-1a288e2f77c7: shutdown FollowerState
2019-10-20 10:28:52,917 [Thread-2214] INFO  impl.RaftServerImpl (RaftServerImpl.java:setRole(184)) - df12c920-952d-4704-9c70-1a288e2f77c7@group-75987F7FE399: changes role from  FOLLOWER to CANDIDATE at term 330 for changeToCandidate
2019-10-20 10:28:52,917 [Thread-2214] INFO  impl.RoleInfo (RoleInfo.java:updateAndGet(143)) - df12c920-952d-4704-9c70-1a288e2f77c7: start LeaderElection
2019-10-20 10:28:52,932 [df12c920-952d-4704-9c70-1a288e2f77c7@group-75987F7FE399-LeaderElection290] INFO  impl.LeaderElection (LeaderElection.java:askForVotes(178)) - df12c920-952d-4704-9c70-1a288e2f77c7@group-75987F7FE399-LeaderElection290: begin an election at term 331 for -1: [875da3d9-0dec-46c7-88bf-73f7a2372b64:192.168.69.89:39990, df12c920-952d-4704-9c70-1a288e2f77c7:192.168.69.89:43948, 9ceef694-dbcf-4070-b7b1-3b3c65b6a699:192.168.69.89:36536], old=null
2019-10-20 10:28:52,934 [grpc-default-executor-1] INFO  impl.RaftServerImpl (RaftServerImpl.java:setRole(184)) - 875da3d9-0dec-46c7-88bf-73f7a2372b64@group-75987F7FE399: changes role from  FOLLOWER to FOLLOWER at term 331 for recognizeCandidate:df12c920-952d-4704-9c70-1a288e2f77c7
2019-10-20 10:28:52,934 [grpc-default-executor-4] INFO  impl.RaftServerImpl (RaftServerImpl.java:setRole(184)) - 9ceef694-dbcf-4070-b7b1-3b3c65b6a699@group-75987F7FE399: changes role from  FOLLOWER to FOLLOWER at term 331 for recognizeCandidate:df12c920-952d-4704-9c70-1a288e2f77c7
2019-10-20 10:28:52,934 [grpc-default-executor-1] INFO  impl.RoleInfo (RoleInfo.java:shutdownFollowerState(121)) - 875da3d9-0dec-46c7-88bf-73f7a2372b64: shutdown FollowerState
2019-10-20 10:28:52,934 [grpc-default-executor-4] INFO  impl.RoleInfo (RoleInfo.java:shutdownFollowerState(121)) - 9ceef694-dbcf-4070-b7b1-3b3c65b6a699: shutdown FollowerState
2019-10-20 10:28:52,934 [Thread-2212] INFO  impl.FollowerState (FollowerState.java:run(117)) - 875da3d9-0dec-46c7-88bf-73f7a2372b64@group-75987F7FE399-FollowerState was interrupted: java.lang.InterruptedException: sleep interrupted
2019-10-20 10:28:52,934 [grpc-default-executor-1] INFO  impl.RoleInfo (RoleInfo.java:updateAndGet(143)) - 875da3d9-0dec-46c7-88bf-73f7a2372b64: start FollowerState
2019-10-20 10:28:52,935 [Thread-2213] INFO  impl.FollowerState (FollowerState.java:run(117)) - 9ceef694-dbcf-4070-b7b1-3b3c65b6a699@group-75987F7FE399-FollowerState was interrupted: java.lang.InterruptedException: sleep interrupted
2019-10-20 10:28:52,934 [grpc-default-executor-4] INFO  impl.RoleInfo (RoleInfo.java:updateAndGet(143)) - 9ceef694-dbcf-4070-b7b1-3b3c65b6a699: start FollowerState
2019-10-20 10:28:52,950 [df12c920-952d-4704-9c70-1a288e2f77c7@group-75987F7FE399-LeaderElection290] INFO  impl.LeaderElection (LeaderElection.java:logAndReturn(56)) - df12c920-952d-4704-9c70-1a288e2f77c7@group-75987F7FE399-LeaderElection290: Election REJECTED; received 2 response(s) [df12c920-952d-4704-9c70-1a288e2f77c7<-875da3d9-0dec-46c7-88bf-73f7a2372b64#0:FAIL-t331, df12c920-952d-4704-9c70-1a288e2f77c7<-9ceef694-dbcf-4070-b7b1-3b3c65b6a699#0:FAIL-t331] and 0 exception(s); df12c920-952d-4704-9c70-1a288e2f77c7@group-75987F7FE399:t331, leader=null, voted=df12c920-952d-4704-9c70-1a288e2f77c7, raftlog=df12c920-952d-4704-9c70-1a288e2f77c7@group-75987F7FE399-SegmentedRaftLog:OPENED:c-1,f-1,i0, conf=-1: [875da3d9-0dec-46c7-88bf-73f7a2372b64:192.168.69.89:39990, df12c920-952d-4704-9c70-1a288e2f77c7:192.168.69.89:43948, 9ceef694-dbcf-4070-b7b1-3b3c65b6a699:192.168.69.89:36536], old=null
2019-10-20 10:28:52,950 [df12c920-952d-4704-9c70-1a288e2f77c7@group-75987F7FE399-LeaderElection290] INFO  impl.RaftServerImpl (RaftServerImpl.java:setRole(184)) - df12c920-952d-4704-9c70-1a288e2f77c7@group-75987F7FE399: changes role from CANDIDATE to FOLLOWER at term 331 for DISCOVERED_A_NEW_TERM
2019-10-20 10:28:52,951 [df12c920-952d-4704-9c70-1a288e2f77c7@group-75987F7FE399-LeaderElection290] INFO  impl.RoleInfo (RoleInfo.java:shutdownLeaderElection(134)) - df12c920-952d-4704-9c70-1a288e2f77c7: shutdown LeaderElection
2019-10-20 10:28:52,951 [df12c920-952d-4704-9c70-1a288e2f77c7@group-75987F7FE399-LeaderElection290] INFO  impl.RoleInfo (RoleInfo.java:updateAndGet(143)) - df12c920-952d-4704-9c70-1a288e2f77c7: start FollowerState
2019-10-20 10:28:53,012 [Thread-2220] INFO  impl.FollowerState (FollowerState.java:run(108)) - df12c920-952d-4704-9c70-1a288e2f77c7@group-75987F7FE399-FollowerState: change to CANDIDATE, lastRpcTime:61ms, electionTimeout:61ms
2019-10-20 10:28:53,012 [Thread-2220] INFO  impl.RoleInfo (RoleInfo.java:shutdownFollowerState(121)) - df12c920-952d-4704-9c70-1a288e2f77c7: shutdown FollowerState
2019-10-20 10:28:53,012 [Thread-2220] INFO  impl.RaftServerImpl (RaftServerImpl.java:setRole(184)) - df12c920-952d-4704-9c70-1a288e2f77c7@group-75987F7FE399: changes role from  FOLLOWER to CANDIDATE at term 331 for changeToCandidate
2019-10-20 10:28:53,013 [Thread-2220] INFO  impl.RoleInfo (RoleInfo.java:updateAndGet(143)) - df12c920-952d-4704-9c70-1a288e2f77c7: start LeaderElection
2019-10-20 10:28:53,026 [df12c920-952d-4704-9c70-1a288e2f77c7@group-75987F7FE399-LeaderElection291] INFO  impl.LeaderElection (LeaderElection.java:askForVotes(178)) - df12c920-952d-4704-9c70-1a288e2f77c7@group-75987F7FE399-LeaderElection291: begin an election at term 332 for -1: [875da3d9-0dec-46c7-88bf-73f7a2372b64:192.168.69.89:39990, df12c920-952d-4704-9c70-1a288e2f77c7:192.168.69.89:43948, 9ceef694-dbcf-4070-b7b1-3b3c65b6a699:192.168.69.89:36536], old=null
2019-10-20 10:28:53,030 [grpc-default-executor-4] INFO  impl.RaftServerImpl (RaftServerImpl.java:setRole(184)) - 875da3d9-0dec-46c7-88bf-73f7a2372b64@group-75987F7FE399: changes role from  FOLLOWER to FOLLOWER at term 332 for recognizeCandidate:df12c920-952d-4704-9c70-1a288e2f77c7
2019-10-20 10:28:53,030 [grpc-default-executor-1] INFO  impl.RaftServerImpl (RaftServerImpl.java:setRole(184)) - 9ceef694-dbcf-4070-b7b1-3b3c65b6a699@group-75987F7FE399: changes role from  FOLLOWER to FOLLOWER at term 332 for recognizeCandidate:df12c920-952d-4704-9c70-1a288e2f77c7
2019-10-20 10:28:53,030 [grpc-default-executor-1] INFO  impl.RoleInfo (RoleInfo.java:shutdownFollowerState(121)) - 9ceef694-dbcf-4070-b7b1-3b3c65b6a699: shutdown FollowerState
2019-10-20 10:28:53,030 [grpc-default-executor-4] INFO  impl.RoleInfo (RoleInfo.java:shutdownFollowerState(121)) - 875da3d9-0dec-46c7-88bf-73f7a2372b64: shutdown FollowerState
2019-10-20 10:28:53,030 [Thread-2219] INFO  impl.FollowerState (FollowerState.java:run(117)) - 9ceef694-dbcf-4070-b7b1-3b3c65b6a699@group-75987F7FE399-FollowerState was interrupted: java.lang.InterruptedException: sleep interrupted
2019-10-20 10:28:53,030 [grpc-default-executor-1] INFO  impl.RoleInfo (RoleInfo.java:updateAndGet(143)) - 9ceef694-dbcf-4070-b7b1-3b3c65b6a699: start FollowerState
2019-10-20 10:28:53,030 [Thread-2218] INFO  impl.FollowerState (FollowerState.java:run(117)) - 875da3d9-0dec-46c7-88bf-73f7a2372b64@group-75987F7FE399-FollowerState was interrupted: java.lang.InterruptedException: sleep interrupted
2019-10-20 10:28:53,030 [grpc-default-executor-4] INFO  impl.RoleInfo (RoleInfo.java:updateAndGet(143)) - 875da3d9-0dec-46c7-88bf-73f7a2372b64: start FollowerState
2019-10-20 10:28:53,056 [df12c920-952d-4704-9c70-1a288e2f77c7@group-75987F7FE399-LeaderElection291] INFO  impl.LeaderElection (LeaderElection.java:logAndReturn(56)) - df12c920-952d-4704-9c70-1a288e2f77c7@group-75987F7FE399-LeaderElection291: Election REJECTED; received 2 response(s) [df12c920-952d-4704-9c70-1a288e2f77c7<-875da3d9-0dec-46c7-88bf-73f7a2372b64#0:FAIL-t332, df12c920-952d-4704-9c70-1a288e2f77c7<-9ceef694-dbcf-4070-b7b1-3b3c65b6a699#0:FAIL-t332] and 0 exception(s); df12c920-952d-4704-9c70-1a288e2f77c7@group-75987F7FE399:t332, leader=null, voted=df12c920-952d-4704-9c70-1a288e2f77c7, raftlog=df12c920-952d-4704-9c70-1a288e2f77c7@group-75987F7FE399-SegmentedRaftLog:OPENED:c-1,f-1,i0, conf=-1: [875da3d9-0dec-46c7-88bf-73f7a2372b64:192.168.69.89:39990, df12c920-952d-4704-9c70-1a288e2f77c7:192.168.69.89:43948, 9ceef694-dbcf-4070-b7b1-3b3c65b6a699:192.168.69.89:36536], old=null
2019-10-20 10:28:53,056 [df12c920-952d-4704-9c70-1a288e2f77c7@group-75987F7FE399-LeaderElection291] INFO  impl.RaftServerImpl (RaftServerImpl.java:setRole(184)) - df12c920-952d-4704-9c70-1a288e2f77c7@group-75987F7FE399: changes role from CANDIDATE to FOLLOWER at term 332 for DISCOVERED_A_NEW_TERM
2019-10-20 10:28:53,056 [df12c920-952d-4704-9c70-1a288e2f77c7@group-75987F7FE399-LeaderElection291] INFO  impl.RoleInfo (RoleInfo.java:shutdownLeaderElection(134)) - df12c920-952d-4704-9c70-1a288e2f77c7: shutdown LeaderElection
2019-10-20 10:28:53,056 [df12c920-952d-4704-9c70-1a288e2f77c7@group-75987F7FE399-LeaderElection291] INFO  impl.RoleInfo (RoleInfo.java:updateAndGet(143)) - df12c920-952d-4704-9c70-1a288e2f77c7: start FollowerState
2019-10-20 10:28:53,216 [Thread-2226] INFO  impl.FollowerState (FollowerState.java:run(108)) - df12c920-952d-4704-9c70-1a288e2f77c7@group-75987F7FE399-FollowerState: change to CANDIDATE, lastRpcTime:159ms, electionTimeout:159ms
2019-10-20 10:28:53,216 [Thread-2226] INFO  impl.RoleInfo (RoleInfo.java:shutdownFollowerState(121)) - df12c920-952d-4704-9c70-1a288e2f77c7: shutdown FollowerState
2019-10-20 10:28:53,216 [Thread-2226] INFO  impl.RaftServerImpl (RaftServerImpl.java:setRole(184)) - df12c920-952d-4704-9c70-1a288e2f77c7@group-75987F7FE399: changes role from  FOLLOWER to CANDIDATE at term 332 for changeToCandidate
2019-10-20 10:28:53,216 [Thread-2226] INFO  impl.RoleInfo (RoleInfo.java:updateAndGet(143)) - df12c920-952d-4704-9c70-1a288e2f77c7: start LeaderElection
2019-10-20 10:28:53,231 [df12c920-952d-4704-9c70-1a288e2f77c7@group-75987F7FE399-LeaderElection292] INFO  impl.LeaderElection (LeaderElection.java:askForVotes(178)) - df12c920-952d-4704-9c70-1a288e2f77c7@group-75987F7FE399-LeaderElection292: begin an election at term 333 for -1: [875da3d9-0dec-46c7-88bf-73f7a2372b64:192.168.69.89:39990, df12c920-952d-4704-9c70-1a288e2f77c7:192.168.69.89:43948, 9ceef694-dbcf-4070-b7b1-3b3c65b6a699:192.168.69.89:36536], old=null
2019-10-20 10:28:53,233 [grpc-default-executor-1] INFO  impl.RaftServerImpl (RaftServerImpl.java:setRole(184)) - 875da3d9-0dec-46c7-88bf-73f7a2372b64@group-75987F7FE399: changes role from  FOLLOWER to FOLLOWER at term 333 for recognizeCandidate:df12c920-952d-4704-9c70-1a288e2f77c7
2019-10-20 10:28:53,233 [grpc-default-executor-1] INFO  impl.RoleInfo (RoleInfo.java:shutdownFollowerState(121)) - 875da3d9-0dec-46c7-88bf-73f7a2372b64: shutdown FollowerState
2019-10-20 10:28:53,233 [grpc-default-executor-4] INFO  impl.RaftServerImpl (RaftServerImpl.java:setRole(184)) - 9ceef694-dbcf-4070-b7b1-3b3c65b6a699@group-75987F7FE399: changes role from  FOLLOWER to FOLLOWER at term 333 for recognizeCandidate:df12c920-952d-4704-9c70-1a288e2f77c7
2019-10-20 10:28:53,233 [grpc-default-executor-4] INFO  impl.RoleInfo (RoleInfo.java:shutdownFollowerState(121)) - 9ceef694-dbcf-4070-b7b1-3b3c65b6a699: shutdown FollowerState
2019-10-20 10:28:53,233 [Thread-2225] INFO  impl.FollowerState (FollowerState.java:run(117)) - 875da3d9-0dec-46c7-88bf-73f7a2372b64@group-75987F7FE399-FollowerState was interrupted: java.lang.InterruptedException: sleep interrupted
2019-10-20 10:28:53,233 [grpc-default-executor-1] INFO  impl.RoleInfo (RoleInfo.java:updateAndGet(143)) - 875da3d9-0dec-46c7-88bf-73f7a2372b64: start FollowerState
2019-10-20 10:28:53,234 [Thread-2224] INFO  impl.FollowerState (FollowerState.java:run(117)) - 9ceef694-dbcf-4070-b7b1-3b3c65b6a699@group-75987F7FE399-FollowerState was interrupted: java.lang.InterruptedException: sleep interrupted
2019-10-20 10:28:53,234 [grpc-default-executor-4] INFO  impl.RoleInfo (RoleInfo.java:updateAndGet(143)) - 9ceef694-dbcf-4070-b7b1-3b3c65b6a699: start FollowerState
2019-10-20 10:28:53,248 [df12c920-952d-4704-9c70-1a288e2f77c7@group-75987F7FE399-LeaderElection292] INFO  impl.LeaderElection (LeaderElection.java:logAndReturn(56)) - df12c920-952d-4704-9c70-1a288e2f77c7@group-75987F7FE399-LeaderElection292: Election REJECTED; received 2 response(s) [df12c920-952d-4704-9c70-1a288e2f77c7<-875da3d9-0dec-46c7-88bf-73f7a2372b64#0:FAIL-t333, df12c920-952d-4704-9c70-1a288e2f77c7<-9ceef694-dbcf-4070-b7b1-3b3c65b6a699#0:FAIL-t333] and 0 exception(s); df12c920-952d-4704-9c70-1a288e2f77c7@group-75987F7FE399:t333, leader=null, voted=df12c920-952d-4704-9c70-1a288e2f77c7, raftlog=df12c920-952d-4704-9c70-1a288e2f77c7@group-75987F7FE399-SegmentedRaftLog:OPENED:c-1,f-1,i0, conf=-1: [875da3d9-0dec-46c7-88bf-73f7a2372b64:192.168.69.89:39990, df12c920-952d-4704-9c70-1a288e2f77c7:192.168.69.89:43948, 9ceef694-dbcf-4070-b7b1-3b3c65b6a699:192.168.69.89:36536], old=null
2019-10-20 10:28:53,248 [df12c920-952d-4704-9c70-1a288e2f77c7@group-75987F7FE399-LeaderElection292] INFO  impl.RaftServerImpl (RaftServerImpl.java:setRole(184)) - df12c920-952d-4704-9c70-1a288e2f77c7@group-75987F7FE399: changes role from CANDIDATE to FOLLOWER at term 333 for DISCOVERED_A_NEW_TERM
2019-10-20 10:28:53,248 [df12c920-952d-4704-9c70-1a288e2f77c7@group-75987F7FE399-LeaderElection292] INFO  impl.RoleInfo (RoleInfo.java:shutdownLeaderElection(134)) - df12c920-952d-4704-9c70-1a288e2f77c7: shutdown LeaderElection
2019-10-20 10:28:53,248 [df12c920-952d-4704-9c70-1a288e2f77c7@group-75987F7FE399-LeaderElection292] INFO  impl.RoleInfo (RoleInfo.java:updateAndGet(143)) - df12c920-952d-4704-9c70-1a288e2f77c7: start FollowerState
2019-10-20 10:28:53,448 [Thread-2234] INFO  impl.FollowerState (FollowerState.java:run(108)) - df12c920-952d-4704-9c70-1a288e2f77c7@group-75987F7FE399-FollowerState: change to CANDIDATE, lastRpcTime:199ms, electionTimeout:199ms
2019-10-20 10:28:53,448 [Thread-2234] INFO  impl.RoleInfo (RoleInfo.java:shutdownFollowerState(121)) - df12c920-952d-4704-9c70-1a288e2f77c7: shutdown FollowerState
2019-10-20 10:28:53,448 [Thread-2234] INFO  impl.RaftServerImpl (RaftServerImpl.java:setRole(184)) - df12c920-952d-4704-9c70-1a288e2f77c7@group-75987F7FE399: changes role from  FOLLOWER to CANDIDATE at term 333 for changeToCandidate
2019-10-20 10:28:53,448 [Thread-2234] INFO  impl.RoleInfo (RoleInfo.java:updateAndGet(143)) - df12c920-952d-4704-9c70-1a288e2f77c7: start LeaderElection
2019-10-20 10:28:53,462 [df12c920-952d-4704-9c70-1a288e2f77c7@group-75987F7FE399-LeaderElection293] INFO  impl.LeaderElection (LeaderElection.java:askForVotes(178)) - df12c920-952d-4704-9c70-1a288e2f77c7@group-75987F7FE399-LeaderElection293: begin an election at term 334 for -1: [875da3d9-0dec-46c7-88bf-73f7a2372b64:192.168.69.89:39990, df12c920-952d-4704-9c70-1a288e2f77c7:192.168.69.89:43948, 9ceef694-dbcf-4070-b7b1-3b3c65b6a699:192.168.69.89:36536], old=null
2019-10-20 10:28:53,464 [grpc-default-executor-4] INFO  impl.RaftServerImpl (RaftServerImpl.java:setRole(184)) - 875da3d9-0dec-46c7-88bf-73f7a2372b64@group-75987F7FE399: changes role from  FOLLOWER to FOLLOWER at term 334 for recognizeCandidate:df12c920-952d-4704-9c70-1a288e2f77c7
2019-10-20 10:28:53,464 [grpc-default-executor-1] INFO  impl.RaftServerImpl (RaftServerImpl.java:setRole(184)) - 9ceef694-dbcf-4070-b7b1-3b3c65b6a699@group-75987F7FE399: changes role from  FOLLOWER to FOLLOWER at term 334 for recognizeCandidate:df12c920-952d-4704-9c70-1a288e2f77c7
2019-10-20 10:28:53,465 [grpc-default-executor-1] INFO  impl.RoleInfo (RoleInfo.java:shutdownFollowerState(121)) - 9ceef694-dbcf-4070-b7b1-3b3c65b6a699: shutdown FollowerState
2019-10-20 10:28:53,465 [grpc-default-executor-4] INFO  impl.RoleInfo (RoleInfo.java:shutdownFollowerState(121)) - 875da3d9-0dec-46c7-88bf-73f7a2372b64: shutdown FollowerState
2019-10-20 10:28:53,465 [Thread-2233] INFO  impl.FollowerState (FollowerState.java:run(117)) - 9ceef694-dbcf-4070-b7b1-3b3c65b6a699@group-75987F7FE399-FollowerState was interrupted: java.lang.InterruptedException: sleep interrupted
2019-10-20 10:28:53,465 [grpc-default-executor-1] INFO  impl.RoleInfo (RoleInfo.java:updateAndGet(143)) - 9ceef694-dbcf-4070-b7b1-3b3c65b6a699: start FollowerState
2019-10-20 10:28:53,466 [grpc-default-executor-4] INFO  impl.RoleInfo (RoleInfo.java:updateAndGet(143)) - 875da3d9-0dec-46c7-88bf-73f7a2372b64: start FollowerState
2019-10-20 10:28:53,466 [Thread-2232] INFO  impl.FollowerState (FollowerState.java:run(117)) - 875da3d9-0dec-46c7-88bf-73f7a2372b64@group-75987F7FE399-FollowerState was interrupted: java.lang.InterruptedException: sleep interrupted
2019-10-20 10:28:53,481 [df12c920-952d-4704-9c70-1a288e2f77c7@group-75987F7FE399-LeaderElection293] INFO  impl.LeaderElection (LeaderElection.java:logAndReturn(56)) - df12c920-952d-4704-9c70-1a288e2f77c7@group-75987F7FE399-LeaderElection293: Election REJECTED; received 2 response(s) [df12c920-952d-4704-9c70-1a288e2f77c7<-875da3d9-0dec-46c7-88bf-73f7a2372b64#0:FAIL-t334, df12c920-952d-4704-9c70-1a288e2f77c7<-9ceef694-dbcf-4070-b7b1-3b3c65b6a699#0:FAIL-t334] and 0 exception(s); df12c920-952d-4704-9c70-1a288e2f77c7@group-75987F7FE399:t334, leader=null, voted=df12c920-952d-4704-9c70-1a288e2f77c7, raftlog=df12c920-952d-4704-9c70-1a288e2f77c7@group-75987F7FE399-SegmentedRaftLog:OPENED:c-1,f-1,i0, conf=-1: [875da3d9-0dec-46c7-88bf-73f7a2372b64:192.168.69.89:39990, df12c920-952d-4704-9c70-1a288e2f77c7:192.168.69.89:43948, 9ceef694-dbcf-4070-b7b1-3b3c65b6a699:192.168.69.89:36536], old=null
2019-10-20 10:28:53,482 [df12c920-952d-4704-9c70-1a288e2f77c7@group-75987F7FE399-LeaderElection293] INFO  impl.RaftServerImpl (RaftServerImpl.java:setRole(184)) - df12c920-952d-4704-9c70-1a288e2f77c7@group-75987F7FE399: changes role from CANDIDATE to FOLLOWER at term 334 for DISCOVERED_A_NEW_TERM
2019-10-20 10:28:53,482 [df12c920-952d-4704-9c70-1a288e2f77c7@group-75987F7FE399-LeaderElection293] INFO  impl.RoleInfo (RoleInfo.java:shutdownLeaderElection(134)) - df12c920-952d-4704-9c70-1a288e2f77c7: shutdown LeaderElection
2019-10-20 10:28:53,482 [df12c920-952d-4704-9c70-1a288e2f77c7@group-75987F7FE399-LeaderElection293] INFO  impl.RoleInfo (RoleInfo.java:updateAndGet(143)) - df12c920-952d-4704-9c70-1a288e2f77c7: start FollowerState
2019-10-20 10:28:53,654 [Thread-2240] INFO  impl.FollowerState (FollowerState.java:run(108)) - df12c920-952d-4704-9c70-1a288e2f77c7@group-75987F7FE399-FollowerState: change to CANDIDATE, lastRpcTime:172ms, electionTimeout:172ms
2019-10-20 10:28:53,656 [Thread-2240] INFO  impl.RoleInfo (RoleInfo.java:shutdownFollowerState(121)) - df12c920-952d-4704-9c70-1a288e2f77c7: shutdown FollowerState
2019-10-20 10:28:53,657 [Thread-2240] INFO  impl.RaftServerImpl (RaftServerImpl.java:setRole(184)) - df12c920-952d-4704-9c70-1a288e2f77c7@group-75987F7FE399: changes role from  FOLLOWER to CANDIDATE at term 334 for changeToCandidate
2019-10-20 10:28:53,658 [Thread-2240] INFO  impl.RoleInfo (RoleInfo.java:updateAndGet(143)) - df12c920-952d-4704-9c70-1a288e2f77c7: start LeaderElection
2019-10-20 10:28:53,684 [df12c920-952d-4704-9c70-1a288e2f77c7@group-75987F7FE399-LeaderElection294] INFO  impl.LeaderElection (LeaderElection.java:askForVotes(178)) - df12c920-952d-4704-9c70-1a288e2f77c7@group-75987F7FE399-LeaderElection294: begin an election at term 335 for -1: [875da3d9-0dec-46c7-88bf-73f7a2372b64:192.168.69.89:39990, df12c920-952d-4704-9c70-1a288e2f77c7:192.168.69.89:43948, 9ceef694-dbcf-4070-b7b1-3b3c65b6a699:192.168.69.89:36536], old=null
2019-10-20 10:28:53,692 [grpc-default-executor-4] INFO  impl.RaftServerImpl (RaftServerImpl.java:setRole(184)) - 9ceef694-dbcf-4070-b7b1-3b3c65b6a699@group-75987F7FE399: changes role from  FOLLOWER to FOLLOWER at term 335 for recognizeCandidate:df12c920-952d-4704-9c70-1a288e2f77c7
2019-10-20 10:28:53,692 [grpc-default-executor-1] INFO  impl.RaftServerImpl (RaftServerImpl.java:setRole(184)) - 875da3d9-0dec-46c7-88bf-73f7a2372b64@group-75987F7FE399: changes role from  FOLLOWER to FOLLOWER at term 335 for recognizeCandidate:df12c920-952d-4704-9c70-1a288e2f77c7
2019-10-20 10:28:53,692 [grpc-default-executor-4] INFO  impl.RoleInfo (RoleInfo.java:shutdownFollowerState(121)) - 9ceef694-dbcf-4070-b7b1-3b3c65b6a699: shutdown FollowerState
2019-10-20 10:28:53,693 [grpc-default-executor-1] INFO  impl.RoleInfo (RoleInfo.java:shutdownFollowerState(121)) - 875da3d9-0dec-46c7-88bf-73f7a2372b64: shutdown FollowerState
2019-10-20 10:28:53,693 [grpc-default-executor-4] INFO  impl.RoleInfo (RoleInfo.java:updateAndGet(143)) - 9ceef694-dbcf-4070-b7b1-3b3c65b6a699: start FollowerState
2019-10-20 10:28:53,693 [grpc-default-executor-1] INFO  impl.RoleInfo (RoleInfo.java:updateAndGet(143)) - 875da3d9-0dec-46c7-88bf-73f7a2372b64: start FollowerState
2019-10-20 10:28:53,693 [Thread-2238] INFO  impl.FollowerState (FollowerState.java:run(117)) - 9ceef694-dbcf-4070-b7b1-3b3c65b6a699@group-75987F7FE399-FollowerState was interrupted: java.lang.InterruptedException: sleep interrupted
2019-10-20 10:28:53,693 [Thread-2239] INFO  impl.FollowerState (FollowerState.java:run(117)) - 875da3d9-0dec-46c7-88bf-73f7a2372b64@group-75987F7FE399-FollowerState was interrupted: java.lang.InterruptedException: sleep interrupted
2019-10-20 10:28:53,713 [df12c920-952d-4704-9c70-1a288e2f77c7@group-75987F7FE399-LeaderElection294] INFO  impl.LeaderElection (LeaderElection.java:logAndReturn(56)) - df12c920-952d-4704-9c70-1a288e2f77c7@group-75987F7FE399-LeaderElection294: Election REJECTED; received 2 response(s) [df12c920-952d-4704-9c70-1a288e2f77c7<-875da3d9-0dec-46c7-88bf-73f7a2372b64#0:FAIL-t335, df12c920-952d-4704-9c70-1a288e2f77c7<-9ceef694-dbcf-4070-b7b1-3b3c65b6a699#0:FAIL-t335] and 0 exception(s); df12c920-952d-4704-9c70-1a288e2f77c7@group-75987F7FE399:t335, leader=null, voted=df12c920-952d-4704-9c70-1a288e2f77c7, raftlog=df12c920-952d-4704-9c70-1a288e2f77c7@group-75987F7FE399-SegmentedRaftLog:OPENED:c-1,f-1,i0, conf=-1: [875da3d9-0dec-46c7-88bf-73f7a2372b64:192.168.69.89:39990, df12c920-952d-4704-9c70-1a288e2f77c7:192.168.69.89:43948, 9ceef694-dbcf-4070-b7b1-3b3c65b6a699:192.168.69.89:36536], old=null
2019-10-20 10:28:53,713 [df12c920-952d-4704-9c70-1a288e2f77c7@group-75987F7FE399-LeaderElection294] INFO  impl.RaftServerImpl (RaftServerImpl.java:setRole(184)) - df12c920-952d-4704-9c70-1a288e2f77c7@group-75987F7FE399: changes role from CANDIDATE to FOLLOWER at term 335 for DISCOVERED_A_NEW_TERM
2019-10-20 10:28:53,713 [df12c920-952d-4704-9c70-1a288e2f77c7@group-75987F7FE399-LeaderElection294] INFO  impl.RoleInfo (RoleInfo.java:shutdownLeaderElection(134)) - df12c920-952d-4704-9c70-1a288e2f77c7: shutdown LeaderElection
2019-10-20 10:28:53,713 [df12c920-952d-4704-9c70-1a288e2f77c7@group-75987F7FE399-LeaderElection294] INFO  impl.RoleInfo (RoleInfo.java:updateAndGet(143)) - df12c920-952d-4704-9c70-1a288e2f77c7: start FollowerState
2019-10-20 10:28:53,875 [Thread-2246] INFO  impl.FollowerState (FollowerState.java:run(108)) - df12c920-952d-4704-9c70-1a288e2f77c7@group-75987F7FE399-FollowerState: change to CANDIDATE, lastRpcTime:161ms, electionTimeout:161ms
2019-10-20 10:28:53,875 [Thread-2246] INFO  impl.RoleInfo (RoleInfo.java:shutdownFollowerState(121)) - df12c920-952d-4704-9c70-1a288e2f77c7: shutdown FollowerState
2019-10-20 10:28:53,875 [Thread-2246] INFO  impl.RaftServerImpl (RaftServerImpl.java:setRole(184)) - df12c920-952d-4704-9c70-1a288e2f77c7@group-75987F7FE399: changes role from  FOLLOWER to CANDIDATE at term 335 for changeToCandidate
2019-10-20 10:28:53,875 [Thread-2246] INFO  impl.RoleInfo (RoleInfo.java:updateAndGet(143)) - df12c920-952d-4704-9c70-1a288e2f77c7: start LeaderElection
2019-10-20 10:28:53,901 [df12c920-952d-4704-9c70-1a288e2f77c7@group-75987F7FE399-LeaderElection295] INFO  impl.LeaderElection (LeaderElection.java:askForVotes(178)) - df12c920-952d-4704-9c70-1a288e2f77c7@group-75987F7FE399-LeaderElection295: begin an election at term 336 for -1: [875da3d9-0dec-46c7-88bf-73f7a2372b64:192.168.69.89:39990, df12c920-952d-4704-9c70-1a288e2f77c7:192.168.69.89:43948, 9ceef694-dbcf-4070-b7b1-3b3c65b6a699:192.168.69.89:36536], old=null
2019-10-20 10:28:53,904 [grpc-default-executor-4] INFO  impl.RaftServerImpl (RaftServerImpl.java:setRole(184)) - 9ceef694-dbcf-4070-b7b1-3b3c65b6a699@group-75987F7FE399: changes role from  FOLLOWER to FOLLOWER at term 336 for recognizeCandidate:df12c920-952d-4704-9c70-1a288e2f77c7
2019-10-20 10:28:53,904 [grpc-default-executor-1] INFO  impl.RaftServerImpl (RaftServerImpl.java:setRole(184)) - 875da3d9-0dec-46c7-88bf-73f7a2372b64@group-75987F7FE399: changes role from  FOLLOWER to FOLLOWER at term 336 for recognizeCandidate:df12c920-952d-4704-9c70-1a288e2f77c7
2019-10-20 10:28:53,904 [grpc-default-executor-4] INFO  impl.RoleInfo (RoleInfo.java:shutdownFollowerState(121)) - 9ceef694-dbcf-4070-b7b1-3b3c65b6a699: shutdown FollowerState
2019-10-20 10:28:53,904 [grpc-default-executor-1] INFO  impl.RoleInfo (RoleInfo.java:shutdownFollowerState(121)) - 875da3d9-0dec-46c7-88bf-73f7a2372b64: shutdown FollowerState
2019-10-20 10:28:53,905 [Thread-2244] INFO  impl.FollowerState (FollowerState.java:run(117)) - 9ceef694-dbcf-4070-b7b1-3b3c65b6a699@group-75987F7FE399-FollowerState was interrupted: java.lang.InterruptedException: sleep interrupted
2019-10-20 10:28:53,905 [grpc-default-executor-4] INFO  impl.RoleInfo (RoleInfo.java:updateAndGet(143)) - 9ceef694-dbcf-4070-b7b1-3b3c65b6a699: start FollowerState
2019-10-20 10:28:53,905 [Thread-2245] INFO  impl.FollowerState (FollowerState.java:run(117)) - 875da3d9-0dec-46c7-88bf-73f7a2372b64@group-75987F7FE399-FollowerState was interrupted: java.lang.InterruptedException: sleep interrupted
2019-10-20 10:28:53,905 [grpc-default-executor-1] INFO  impl.RoleInfo (RoleInfo.java:updateAndGet(143)) - 875da3d9-0dec-46c7-88bf-73f7a2372b64: start FollowerState
2019-10-20 10:28:53,921 [df12c920-952d-4704-9c70-1a288e2f77c7@group-75987F7FE399-LeaderElection295] INFO  impl.LeaderElection (LeaderElection.java:logAndReturn(56)) - df12c920-952d-4704-9c70-1a288e2f77c7@group-75987F7FE399-LeaderElection295: Election REJECTED; received 2 response(s) [df12c920-952d-4704-9c70-1a288e2f77c7<-875da3d9-0dec-46c7-88bf-73f7a2372b64#0:FAIL-t336, df12c920-952d-4704-9c70-1a288e2f77c7<-9ceef694-dbcf-4070-b7b1-3b3c65b6a699#0:FAIL-t336] and 0 exception(s); df12c920-952d-4704-9c70-1a288e2f77c7@group-75987F7FE399:t336, leader=null, voted=df12c920-952d-4704-9c70-1a288e2f77c7, raftlog=df12c920-952d-4704-9c70-1a288e2f77c7@group-75987F7FE399-SegmentedRaftLog:OPENED:c-1,f-1,i0, conf=-1: [875da3d9-0dec-46c7-88bf-73f7a2372b64:192.168.69.89:39990, df12c920-952d-4704-9c70-1a288e2f77c7:192.168.69.89:43948, 9ceef694-dbcf-4070-b7b1-3b3c65b6a699:192.168.69.89:36536], old=null
2019-10-20 10:28:53,921 [df12c920-952d-4704-9c70-1a288e2f77c7@group-75987F7FE399-LeaderElection295] INFO  impl.RaftServerImpl (RaftServerImpl.java:setRole(184)) - df12c920-952d-4704-9c70-1a288e2f77c7@group-75987F7FE399: changes role from CANDIDATE to FOLLOWER at term 336 for DISCOVERED_A_NEW_TERM
2019-10-20 10:28:53,921 [df12c920-952d-4704-9c70-1a288e2f77c7@group-75987F7FE399-LeaderElection295] INFO  impl.RoleInfo (RoleInfo.java:shutdownLeaderElection(134)) - df12c920-952d-4704-9c70-1a288e2f77c7: shutdown LeaderElection
2019-10-20 10:28:53,921 [df12c920-952d-4704-9c70-1a288e2f77c7@group-75987F7FE399-LeaderElection295] INFO  impl.RoleInfo (RoleInfo.java:updateAndGet(143)) - df12c920-952d-4704-9c70-1a288e2f77c7: start FollowerState
2019-10-20 10:28:54,095 [Thread-2252] INFO  impl.FollowerState (FollowerState.java:run(108)) - df12c920-952d-4704-9c70-1a288e2f77c7@group-75987F7FE399-FollowerState: change to CANDIDATE, lastRpcTime:173ms, electionTimeout:173ms
2019-10-20 10:28:54,095 [Thread-2252] INFO  impl.RoleInfo (RoleInfo.java:shutdownFollowerState(121)) - df12c920-952d-4704-9c70-1a288e2f77c7: shutdown FollowerState
2019-10-20 10:28:54,095 [Thread-2252] INFO  impl.RaftServerImpl (RaftServerImpl.java:setRole(184)) - df12c920-952d-4704-9c70-1a288e2f77c7@group-75987F7FE399: changes role from  FOLLOWER to CANDIDATE at term 336 for changeToCandidate
2019-10-20 10:28:54,096 [Thread-2252] INFO  impl.RoleInfo (RoleInfo.java:updateAndGet(143)) - df12c920-952d-4704-9c70-1a288e2f77c7: start LeaderElection
2019-10-20 10:28:54,110 [df12c920-952d-4704-9c70-1a288e2f77c7@group-75987F7FE399-LeaderElection296] INFO  impl.LeaderElection (LeaderElection.java:askForVotes(178)) - df12c920-952d-4704-9c70-1a288e2f77c7@group-75987F7FE399-LeaderElection296: begin an election at term 337 for -1: [875da3d9-0dec-46c7-88bf-73f7a2372b64:192.168.69.89:39990, df12c920-952d-4704-9c70-1a288e2f77c7:192.168.69.89:43948, 9ceef694-dbcf-4070-b7b1-3b3c65b6a699:192.168.69.89:36536], old=null
2019-10-20 10:28:54,112 [grpc-default-executor-1] INFO  impl.RaftServerImpl (RaftServerImpl.java:setRole(184)) - 875da3d9-0dec-46c7-88bf-73f7a2372b64@group-75987F7FE399: changes role from  FOLLOWER to FOLLOWER at term 337 for recognizeCandidate:df12c920-952d-4704-9c70-1a288e2f77c7
2019-10-20 10:28:54,112 [grpc-default-executor-1] INFO  impl.RoleInfo (RoleInfo.java:shutdownFollowerState(121)) - 875da3d9-0dec-46c7-88bf-73f7a2372b64: shutdown FollowerState
2019-10-20 10:28:54,112 [grpc-default-executor-4] INFO  impl.RaftServerImpl (RaftServerImpl.java:setRole(184)) - 9ceef694-dbcf-4070-b7b1-3b3c65b6a699@group-75987F7FE399: changes role from  FOLLOWER to FOLLOWER at term 337 for recognizeCandidate:df12c920-952d-4704-9c70-1a288e2f77c7
2019-10-20 10:28:54,112 [Thread-2251] INFO  impl.FollowerState (FollowerState.java:run(117)) - 875da3d9-0dec-46c7-88bf-73f7a2372b64@group-75987F7FE399-FollowerState was interrupted: java.lang.InterruptedException: sleep interrupted
2019-10-20 10:28:54,112 [grpc-default-executor-1] INFO  impl.RoleInfo (RoleInfo.java:updateAndGet(143)) - 875da3d9-0dec-46c7-88bf-73f7a2372b64: start FollowerState
2019-10-20 10:28:54,113 [grpc-default-executor-4] INFO  impl.RoleInfo (RoleInfo.java:shutdownFollowerState(121)) - 9ceef694-dbcf-4070-b7b1-3b3c65b6a699: shutdown FollowerState
2019-10-20 10:28:54,113 [Thread-2250] INFO  impl.FollowerState (FollowerState.java:run(117)) - 9ceef694-dbcf-4070-b7b1-3b3c65b6a699@group-75987F7FE399-FollowerState was interrupted: java.lang.InterruptedException: sleep interrupted
2019-10-20 10:28:54,113 [grpc-default-executor-4] INFO  impl.RoleInfo (RoleInfo.java:updateAndGet(143)) - 9ceef694-dbcf-4070-b7b1-3b3c65b6a699: start FollowerState
2019-10-20 10:28:54,127 [df12c920-952d-4704-9c70-1a288e2f77c7@group-75987F7FE399-LeaderElection296] INFO  impl.LeaderElection (LeaderElection.java:logAndReturn(56)) - df12c920-952d-4704-9c70-1a288e2f77c7@group-75987F7FE399-LeaderElection296: Election REJECTED; received 2 response(s) [df12c920-952d-4704-9c70-1a288e2f77c7<-875da3d9-0dec-46c7-88bf-73f7a2372b64#0:FAIL-t337, df12c920-952d-4704-9c70-1a288e2f77c7<-9ceef694-dbcf-4070-b7b1-3b3c65b6a699#0:FAIL-t337] and 0 exception(s); df12c920-952d-4704-9c70-1a288e2f77c7@group-75987F7FE399:t337, leader=null, voted=df12c920-952d-4704-9c70-1a288e2f77c7, raftlog=df12c920-952d-4704-9c70-1a288e2f77c7@group-75987F7FE399-SegmentedRaftLog:OPENED:c-1,f-1,i0, conf=-1: [875da3d9-0dec-46c7-88bf-73f7a2372b64:192.168.69.89:39990, df12c920-952d-4704-9c70-1a288e2f77c7:192.168.69.89:43948, 9ceef694-dbcf-4070-b7b1-3b3c65b6a699:192.168.69.89:36536], old=null
2019-10-20 10:28:54,127 [df12c920-952d-4704-9c70-1a288e2f77c7@group-75987F7FE399-LeaderElection296] INFO  impl.RaftServerImpl (RaftServerImpl.java:setRole(184)) - df12c920-952d-4704-9c70-1a288e2f77c7@group-75987F7FE399: changes role from CANDIDATE to FOLLOWER at term 337 for DISCOVERED_A_NEW_TERM
2019-10-20 10:28:54,128 [df12c920-952d-4704-9c70-1a288e2f77c7@group-75987F7FE399-LeaderElection296] INFO  impl.RoleInfo (RoleInfo.java:shutdownLeaderElection(134)) - df12c920-952d-4704-9c70-1a288e2f77c7: shutdown LeaderElection
2019-10-20 10:28:54,128 [df12c920-952d-4704-9c70-1a288e2f77c7@group-75987F7FE399-LeaderElection296] INFO  impl.RoleInfo (RoleInfo.java:updateAndGet(143)) - df12c920-952d-4704-9c70-1a288e2f77c7: start FollowerState
2019-10-20 10:28:54,252 [Thread-2258] INFO  impl.FollowerState (FollowerState.java:run(108)) - df12c920-952d-4704-9c70-1a288e2f77c7@group-75987F7FE399-FollowerState: change to CANDIDATE, lastRpcTime:124ms, electionTimeout:124ms
2019-10-20 10:28:54,252 [Thread-2258] INFO  impl.RoleInfo (RoleInfo.java:shutdownFollowerState(121)) - df12c920-952d-4704-9c70-1a288e2f77c7: shutdown FollowerState
2019-10-20 10:28:54,252 [Thread-2258] INFO  impl.RaftServerImpl (RaftServerImpl.java:setRole(184)) - df12c920-952d-4704-9c70-1a288e2f77c7@group-75987F7FE399: changes role from  FOLLOWER to CANDIDATE at term 337 for changeToCandidate
2019-10-20 10:28:54,253 [Thread-2258] INFO  impl.RoleInfo (RoleInfo.java:updateAndGet(143)) - df12c920-952d-4704-9c70-1a288e2f77c7: start LeaderElection
2019-10-20 10:28:54,268 [df12c920-952d-4704-9c70-1a288e2f77c7@group-75987F7FE399-LeaderElection297] INFO  impl.LeaderElection (LeaderElection.java:askForVotes(178)) - df12c920-952d-4704-9c70-1a288e2f77c7@group-75987F7FE399-LeaderElection297: begin an election at term 338 for -1: [875da3d9-0dec-46c7-88bf-73f7a2372b64:192.168.69.89:39990, df12c920-952d-4704-9c70-1a288e2f77c7:192.168.69.89:43948, 9ceef694-dbcf-4070-b7b1-3b3c65b6a699:192.168.69.89:36536], old=null
2019-10-20 10:28:54,270 [grpc-default-executor-1] INFO  impl.RaftServerImpl (RaftServerImpl.java:setRole(184)) - 875da3d9-0dec-46c7-88bf-73f7a2372b64@group-75987F7FE399: changes role from  FOLLOWER to FOLLOWER at term 338 for recognizeCandidate:df12c920-952d-4704-9c70-1a288e2f77c7
2019-10-20 10:28:54,270 [grpc-default-executor-4] INFO  impl.RaftServerImpl (RaftServerImpl.java:setRole(184)) - 9ceef694-dbcf-4070-b7b1-3b3c65b6a699@group-75987F7FE399: changes role from  FOLLOWER to FOLLOWER at term 338 for recognizeCandidate:df12c920-952d-4704-9c70-1a288e2f77c7
2019-10-20 10:28:54,270 [grpc-default-executor-4] INFO  impl.RoleInfo (RoleInfo.java:shutdownFollowerState(121)) - 9ceef694-dbcf-4070-b7b1-3b3c65b6a699: shutdown FollowerState
2019-10-20 10:28:54,270 [grpc-default-executor-1] INFO  impl.RoleInfo (RoleInfo.java:shutdownFollowerState(121)) - 875da3d9-0dec-46c7-88bf-73f7a2372b64: shutdown FollowerState
2019-10-20 10:28:54,271 [Thread-2257] INFO  impl.FollowerState (FollowerState.java:run(117)) - 9ceef694-dbcf-4070-b7b1-3b3c65b6a699@group-75987F7FE399-FollowerState was interrupted: java.lang.InterruptedException: sleep interrupted
2019-10-20 10:28:54,271 [grpc-default-executor-4] INFO  impl.RoleInfo (RoleInfo.java:updateAndGet(143)) - 9ceef694-dbcf-4070-b7b1-3b3c65b6a699: start FollowerState
2019-10-20 10:28:54,271 [Thread-2256] INFO  impl.FollowerState (FollowerState.java:run(117)) - 875da3d9-0dec-46c7-88bf-73f7a2372b64@group-75987F7FE399-FollowerState was interrupted: java.lang.InterruptedException: sleep interrupted
2019-10-20 10:28:54,271 [grpc-default-executor-1] INFO  impl.RoleInfo (RoleInfo.java:updateAndGet(143)) - 875da3d9-0dec-46c7-88bf-73f7a2372b64: start FollowerState
2019-10-20 10:28:54,278 [df12c920-952d-4704-9c70-1a288e2f77c7@group-75987F7FE399-LeaderElection297] INFO  impl.LeaderElection (LeaderElection.java:logAndReturn(56)) - df12c920-952d-4704-9c70-1a288e2f77c7@group-75987F7FE399-LeaderElection297: Election TIMEOUT; received 0 response(s) [] and 0 exception(s); df12c920-952d-4704-9c70-1a288e2f77c7@group-75987F7FE399:t338, leader=null, voted=df12c920-952d-4704-9c70-1a288e2f77c7, raftlog=df12c920-952d-4704-9c70-1a288e2f77c7@group-75987F7FE399-SegmentedRaftLog:OPENED:c-1,f-1,i0, conf=-1: [875da3d9-0dec-46c7-88bf-73f7a2372b64:192.168.69.89:39990, df12c920-952d-4704-9c70-1a288e2f77c7:192.168.69.89:43948, 9ceef694-dbcf-4070-b7b1-3b3c65b6a699:192.168.69.89:36536], old=null
2019-10-20 10:28:54,282 [df12c920-952d-4704-9c70-1a288e2f77c7@group-75987F7FE399-LeaderElection297] INFO  impl.LeaderElection (LeaderElection.java:askForVotes(178)) - df12c920-952d-4704-9c70-1a288e2f77c7@group-75987F7FE399-LeaderElection297: begin an election at term 339 for -1: [875da3d9-0dec-46c7-88bf-73f7a2372b64:192.168.69.89:39990, df12c920-952d-4704-9c70-1a288e2f77c7:192.168.69.89:43948, 9ceef694-dbcf-4070-b7b1-3b3c65b6a699:192.168.69.89:36536], old=null
2019-10-20 10:28:54,283 [grpc-default-executor-4] INFO  impl.RaftServerImpl (RaftServerImpl.java:setRole(184)) - 875da3d9-0dec-46c7-88bf-73f7a2372b64@group-75987F7FE399: changes role from  FOLLOWER to FOLLOWER at term 339 for recognizeCandidate:df12c920-952d-4704-9c70-1a288e2f77c7
2019-10-20 10:28:54,283 [grpc-default-executor-4] INFO  impl.RoleInfo (RoleInfo.java:shutdownFollowerState(121)) - 875da3d9-0dec-46c7-88bf-73f7a2372b64: shutdown FollowerState
2019-10-20 10:28:54,283 [grpc-default-executor-4] INFO  impl.RoleInfo (RoleInfo.java:updateAndGet(143)) - 875da3d9-0dec-46c7-88bf-73f7a2372b64: start FollowerState
2019-10-20 10:28:54,283 [Thread-2265] INFO  impl.FollowerState (FollowerState.java:run(117)) - 875da3d9-0dec-46c7-88bf-73f7a2372b64@group-75987F7FE399-FollowerState was interrupted: java.lang.InterruptedException: sleep interrupted
2019-10-20 10:28:54,284 [grpc-default-executor-1] INFO  impl.RaftServerImpl (RaftServerImpl.java:setRole(184)) - 9ceef694-dbcf-4070-b7b1-3b3c65b6a699@group-75987F7FE399: changes role from  FOLLOWER to FOLLOWER at term 339 for recognizeCandidate:df12c920-952d-4704-9c70-1a288e2f77c7
2019-10-20 10:28:54,284 [grpc-default-executor-1] INFO  impl.RoleInfo (RoleInfo.java:shutdownFollowerState(121)) - 9ceef694-dbcf-4070-b7b1-3b3c65b6a699: shutdown FollowerState
2019-10-20 10:28:54,284 [grpc-default-executor-1] INFO  impl.RoleInfo (RoleInfo.java:updateAndGet(143)) - 9ceef694-dbcf-4070-b7b1-3b3c65b6a699: start FollowerState
2019-10-20 10:28:54,284 [Thread-2264] INFO  impl.FollowerState (FollowerState.java:run(117)) - 9ceef694-dbcf-4070-b7b1-3b3c65b6a699@group-75987F7FE399-FollowerState was interrupted: java.lang.InterruptedException: sleep interrupted
2019-10-20 10:28:54,301 [df12c920-952d-4704-9c70-1a288e2f77c7@group-75987F7FE399-LeaderElection297] INFO  impl.LeaderElection (LeaderElection.java:logAndReturn(56)) - df12c920-952d-4704-9c70-1a288e2f77c7@group-75987F7FE399-LeaderElection297: Election REJECTED; received 2 response(s) [df12c920-952d-4704-9c70-1a288e2f77c7<-875da3d9-0dec-46c7-88bf-73f7a2372b64#0:FAIL-t339, df12c920-952d-4704-9c70-1a288e2f77c7<-9ceef694-dbcf-4070-b7b1-3b3c65b6a699#0:FAIL-t339] and 0 exception(s); df12c920-952d-4704-9c70-1a288e2f77c7@group-75987F7FE399:t339, leader=null, voted=df12c920-952d-4704-9c70-1a288e2f77c7, raftlog=df12c920-952d-4704-9c70-1a288e2f77c7@group-75987F7FE399-SegmentedRaftLog:OPENED:c-1,f-1,i0, conf=-1: [875da3d9-0dec-46c7-88bf-73f7a2372b64:192.168.69.89:39990, df12c920-952d-4704-9c70-1a288e2f77c7:192.168.69.89:43948, 9ceef694-dbcf-4070-b7b1-3b3c65b6a699:192.168.69.89:36536], old=null
2019-10-20 10:28:54,301 [df12c920-952d-4704-9c70-1a288e2f77c7@group-75987F7FE399-LeaderElection297] INFO  impl.RaftServerImpl (RaftServerImpl.java:setRole(184)) - df12c920-952d-4704-9c70-1a288e2f77c7@group-75987F7FE399: changes role from CANDIDATE to FOLLOWER at term 339 for DISCOVERED_A_NEW_TERM
2019-10-20 10:28:54,301 [df12c920-952d-4704-9c70-1a288e2f77c7@group-75987F7FE399-LeaderElection297] INFO  impl.RoleInfo (RoleInfo.java:shutdownLeaderElection(134)) - df12c920-952d-4704-9c70-1a288e2f77c7: shutdown LeaderElection
2019-10-20 10:28:54,301 [df12c920-952d-4704-9c70-1a288e2f77c7@group-75987F7FE399-LeaderElection297] INFO  impl.RoleInfo (RoleInfo.java:updateAndGet(143)) - df12c920-952d-4704-9c70-1a288e2f77c7: start FollowerState
2019-10-20 10:28:54,403 [Thread-2270] INFO  impl.FollowerState (FollowerState.java:run(108)) - df12c920-952d-4704-9c70-1a288e2f77c7@group-75987F7FE399-FollowerState: change to CANDIDATE, lastRpcTime:101ms, electionTimeout:101ms
2019-10-20 10:28:54,403 [Thread-2270] INFO  impl.RoleInfo (RoleInfo.java:shutdownFollowerState(121)) - df12c920-952d-4704-9c70-1a288e2f77c7: shutdown FollowerState
2019-10-20 10:28:54,403 [Thread-2270] INFO  impl.RaftServerImpl (RaftServerImpl.java:setRole(184)) - df12c920-952d-4704-9c70-1a288e2f77c7@group-75987F7FE399: changes role from  FOLLOWER to CANDIDATE at term 339 for changeToCandidate
2019-10-20 10:28:54,403 [Thread-2270] INFO  impl.RoleInfo (RoleInfo.java:updateAndGet(143)) - df12c920-952d-4704-9c70-1a288e2f77c7: start LeaderElection
2019-10-20 10:28:54,417 [df12c920-952d-4704-9c70-1a288e2f77c7@group-75987F7FE399-LeaderElection298] INFO  impl.LeaderElection (LeaderElection.java:askForVotes(178)) - df12c920-952d-4704-9c70-1a288e2f77c7@group-75987F7FE399-LeaderElection298: begin an election at term 340 for -1: [875da3d9-0dec-46c7-88bf-73f7a2372b64:192.168.69.89:39990, df12c920-952d-4704-9c70-1a288e2f77c7:192.168.69.89:43948, 9ceef694-dbcf-4070-b7b1-3b3c65b6a699:192.168.69.89:36536], old=null
2019-10-20 10:28:54,420 [grpc-default-executor-1] INFO  impl.RaftServerImpl (RaftServerImpl.java:setRole(184)) - 875da3d9-0dec-46c7-88bf-73f7a2372b64@group-75987F7FE399: changes role from  FOLLOWER to FOLLOWER at term 340 for recognizeCandidate:df12c920-952d-4704-9c70-1a288e2f77c7
2019-10-20 10:28:54,420 [grpc-default-executor-1] INFO  impl.RoleInfo (RoleInfo.java:shutdownFollowerState(121)) - 875da3d9-0dec-46c7-88bf-73f7a2372b64: shutdown FollowerState
2019-10-20 10:28:54,420 [grpc-default-executor-4] INFO  impl.RaftServerImpl (RaftServerImpl.java:setRole(184)) - 9ceef694-dbcf-4070-b7b1-3b3c65b6a699@group-75987F7FE399: changes role from  FOLLOWER to FOLLOWER at term 340 for recognizeCandidate:df12c920-952d-4704-9c70-1a288e2f77c7
2019-10-20 10:28:54,420 [Thread-2268] INFO  impl.FollowerState (FollowerState.java:run(117)) - 875da3d9-0dec-46c7-88bf-73f7a2372b64@group-75987F7FE399-FollowerState was interrupted: java.lang.InterruptedException: sleep interrupted
2019-10-20 10:28:54,420 [grpc-default-executor-1] INFO  impl.RoleInfo (RoleInfo.java:updateAndGet(143)) - 875da3d9-0dec-46c7-88bf-73f7a2372b64: start FollowerState
2019-10-20 10:28:54,420 [grpc-default-executor-4] INFO  impl.RoleInfo (RoleInfo.java:shutdownFollowerState(121)) - 9ceef694-dbcf-4070-b7b1-3b3c65b6a699: shutdown FollowerState
2019-10-20 10:28:54,421 [grpc-default-executor-4] INFO  impl.RoleInfo (RoleInfo.java:updateAndGet(143)) - 9ceef694-dbcf-4070-b7b1-3b3c65b6a699: start FollowerState
2019-10-20 10:28:54,421 [Thread-2269] INFO  impl.FollowerState (FollowerState.java:run(117)) - 9ceef694-dbcf-4070-b7b1-3b3c65b6a699@group-75987F7FE399-FollowerState was interrupted: java.lang.InterruptedException: sleep interrupted
2019-10-20 10:28:54,447 [df12c920-952d-4704-9c70-1a288e2f77c7@group-75987F7FE399-LeaderElection298] INFO  impl.LeaderElection (LeaderElection.java:logAndReturn(56)) - df12c920-952d-4704-9c70-1a288e2f77c7@group-75987F7FE399-LeaderElection298: Election REJECTED; received 2 response(s) [df12c920-952d-4704-9c70-1a288e2f77c7<-875da3d9-0dec-46c7-88bf-73f7a2372b64#0:FAIL-t340, df12c920-952d-4704-9c70-1a288e2f77c7<-9ceef694-dbcf-4070-b7b1-3b3c65b6a699#0:FAIL-t340] and 0 exception(s); df12c920-952d-4704-9c70-1a288e2f77c7@group-75987F7FE399:t340, leader=null, voted=df12c920-952d-4704-9c70-1a288e2f77c7, raftlog=df12c920-952d-4704-9c70-1a288e2f77c7@group-75987F7FE399-SegmentedRaftLog:OPENED:c-1,f-1,i0, conf=-1: [875da3d9-0dec-46c7-88bf-73f7a2372b64:192.168.69.89:39990, df12c920-952d-4704-9c70-1a288e2f77c7:192.168.69.89:43948, 9ceef694-dbcf-4070-b7b1-3b3c65b6a699:192.168.69.89:36536], old=null
2019-10-20 10:28:54,447 [df12c920-952d-4704-9c70-1a288e2f77c7@group-75987F7FE399-LeaderElection298] INFO  impl.RaftServerImpl (RaftServerImpl.java:setRole(184)) - df12c920-952d-4704-9c70-1a288e2f77c7@group-75987F7FE399: changes role from CANDIDATE to FOLLOWER at term 340 for DISCOVERED_A_NEW_TERM
2019-10-20 10:28:54,447 [df12c920-952d-4704-9c70-1a288e2f77c7@group-75987F7FE399-LeaderElection298] INFO  impl.RoleInfo (RoleInfo.java:shutdownLeaderElection(134)) - df12c920-952d-4704-9c70-1a288e2f77c7: shutdown LeaderElection
2019-10-20 10:28:54,447 [df12c920-952d-4704-9c70-1a288e2f77c7@group-75987F7FE399-LeaderElection298] INFO  impl.RoleInfo (RoleInfo.java:updateAndGet(143)) - df12c920-952d-4704-9c70-1a288e2f77c7: start FollowerState
2019-10-20 10:28:54,450 [Thread-2276] INFO  impl.FollowerState (FollowerState.java:run(108)) - df12c920-952d-4704-9c70-1a288e2f77c7@group-75987F7FE399-FollowerState: change to CANDIDATE, lastRpcTime:3ms, electionTimeout:3ms
2019-10-20 10:28:54,451 [Thread-2276] INFO  impl.RoleInfo (RoleInfo.java:shutdownFollowerState(121)) - df12c920-952d-4704-9c70-1a288e2f77c7: shutdown FollowerState
2019-10-20 10:28:54,451 [Thread-2276] INFO  impl.RaftServerImpl (RaftServerImpl.java:setRole(184)) - df12c920-952d-4704-9c70-1a288e2f77c7@group-75987F7FE399: changes role from  FOLLOWER to CANDIDATE at term 340 for changeToCandidate
2019-10-20 10:28:54,451 [Thread-2276] INFO  impl.RoleInfo (RoleInfo.java:updateAndGet(143)) - df12c920-952d-4704-9c70-1a288e2f77c7: start LeaderElection
2019-10-20 10:28:54,464 [df12c920-952d-4704-9c70-1a288e2f77c7@group-75987F7FE399-LeaderElection299] INFO  impl.LeaderElection (LeaderElection.java:askForVotes(178)) - df12c920-952d-4704-9c70-1a288e2f77c7@group-75987F7FE399-LeaderElection299: begin an election at term 341 for -1: [875da3d9-0dec-46c7-88bf-73f7a2372b64:192.168.69.89:39990, df12c920-952d-4704-9c70-1a288e2f77c7:192.168.69.89:43948, 9ceef694-dbcf-4070-b7b1-3b3c65b6a699:192.168.69.89:36536], old=null
2019-10-20 10:28:54,466 [grpc-default-executor-1] INFO  impl.RaftServerImpl (RaftServerImpl.java:setRole(184)) - 875da3d9-0dec-46c7-88bf-73f7a2372b64@group-75987F7FE399: changes role from  FOLLOWER to FOLLOWER at term 341 for recognizeCandidate:df12c920-952d-4704-9c70-1a288e2f77c7
2019-10-20 10:28:54,466 [grpc-default-executor-4] INFO  impl.RaftServerImpl (RaftServerImpl.java:setRole(184)) - 9ceef694-dbcf-4070-b7b1-3b3c65b6a699@group-75987F7FE399: changes role from  FOLLOWER to FOLLOWER at term 341 for recognizeCandidate:df12c920-952d-4704-9c70-1a288e2f77c7
2019-10-20 10:28:54,467 [grpc-default-executor-4] INFO  impl.RoleInfo (RoleInfo.java:shutdownFollowerState(121)) - 9ceef694-dbcf-4070-b7b1-3b3c65b6a699: shutdown FollowerState
2019-10-20 10:28:54,466 [grpc-default-executor-1] INFO  impl.RoleInfo (RoleInfo.java:shutdownFollowerState(121)) - 875da3d9-0dec-46c7-88bf-73f7a2372b64: shutdown FollowerState
2019-10-20 10:28:54,467 [Thread-2275] INFO  impl.FollowerState (FollowerState.java:run(117)) - 9ceef694-dbcf-4070-b7b1-3b3c65b6a699@group-75987F7FE399-FollowerState was interrupted: java.lang.InterruptedException: sleep interrupted
2019-10-20 10:28:54,467 [grpc-default-executor-4] INFO  impl.RoleInfo (RoleInfo.java:updateAndGet(143)) - 9ceef694-dbcf-4070-b7b1-3b3c65b6a699: start FollowerState
2019-10-20 10:28:54,467 [Thread-2274] INFO  impl.FollowerState (FollowerState.java:run(117)) - 875da3d9-0dec-46c7-88bf-73f7a2372b64@group-75987F7FE399-FollowerState was interrupted: java.lang.InterruptedException: sleep interrupted
2019-10-20 10:28:54,467 [grpc-default-executor-1] INFO  impl.RoleInfo (RoleInfo.java:updateAndGet(143)) - 875da3d9-0dec-46c7-88bf-73f7a2372b64: start FollowerState
2019-10-20 10:28:54,494 [df12c920-952d-4704-9c70-1a288e2f77c7@group-75987F7FE399-LeaderElection299] INFO  impl.LeaderElection (LeaderElection.java:logAndReturn(56)) - df12c920-952d-4704-9c70-1a288e2f77c7@group-75987F7FE399-LeaderElection299: Election REJECTED; received 2 response(s) [df12c920-952d-4704-9c70-1a288e2f77c7<-875da3d9-0dec-46c7-88bf-73f7a2372b64#0:FAIL-t341, df12c920-952d-4704-9c70-1a288e2f77c7<-9ceef694-dbcf-4070-b7b1-3b3c65b6a699#0:FAIL-t341] and 0 exception(s); df12c920-952d-4704-9c70-1a288e2f77c7@group-75987F7FE399:t341, leader=null, voted=df12c920-952d-4704-9c70-1a288e2f77c7, raftlog=df12c920-952d-4704-9c70-1a288e2f77c7@group-75987F7FE399-SegmentedRaftLog:OPENED:c-1,f-1,i0, conf=-1: [875da3d9-0dec-46c7-88bf-73f7a2372b64:192.168.69.89:39990, df12c920-952d-4704-9c70-1a288e2f77c7:192.168.69.89:43948, 9ceef694-dbcf-4070-b7b1-3b3c65b6a699:192.168.69.89:36536], old=null
2019-10-20 10:28:54,494 [df12c920-952d-4704-9c70-1a288e2f77c7@group-75987F7FE399-LeaderElection299] INFO  impl.RaftServerImpl (RaftServerImpl.java:setRole(184)) - df12c920-952d-4704-9c70-1a288e2f77c7@group-75987F7FE399: changes role from CANDIDATE to FOLLOWER at term 341 for DISCOVERED_A_NEW_TERM
2019-10-20 10:28:54,494 [df12c920-952d-4704-9c70-1a288e2f77c7@group-75987F7FE399-LeaderElection299] INFO  impl.RoleInfo (RoleInfo.java:shutdownLeaderElection(134)) - df12c920-952d-4704-9c70-1a288e2f77c7: shutdown LeaderElection
2019-10-20 10:28:54,494 [df12c920-952d-4704-9c70-1a288e2f77c7@group-75987F7FE399-LeaderElection299] INFO  impl.RoleInfo (RoleInfo.java:updateAndGet(143)) - df12c920-952d-4704-9c70-1a288e2f77c7: start FollowerState
2019-10-20 10:28:54,508 [Thread-2282] INFO  impl.FollowerState (FollowerState.java:run(108)) - df12c920-952d-4704-9c70-1a288e2f77c7@group-75987F7FE399-FollowerState: change to CANDIDATE, lastRpcTime:14ms, electionTimeout:14ms
2019-10-20 10:28:54,509 [Thread-2282] INFO  impl.RoleInfo (RoleInfo.java:shutdownFollowerState(121)) - df12c920-952d-4704-9c70-1a288e2f77c7: shutdown FollowerState
2019-10-20 10:28:54,509 [Thread-2282] INFO  impl.RaftServerImpl (RaftServerImpl.java:setRole(184)) - df12c920-952d-4704-9c70-1a288e2f77c7@group-75987F7FE399: changes role from  FOLLOWER to CANDIDATE at term 341 for changeToCandidate
2019-10-20 10:28:54,509 [Thread-2282] INFO  impl.RoleInfo (RoleInfo.java:updateAndGet(143)) - df12c920-952d-4704-9c70-1a288e2f77c7: start LeaderElection
2019-10-20 10:28:54,522 [df12c920-952d-4704-9c70-1a288e2f77c7@group-75987F7FE399-LeaderElection300] INFO  impl.LeaderElection (LeaderElection.java:askForVotes(178)) - df12c920-952d-4704-9c70-1a288e2f77c7@group-75987F7FE399-LeaderElection300: begin an election at term 342 for -1: [875da3d9-0dec-46c7-88bf-73f7a2372b64:192.168.69.89:39990, df12c920-952d-4704-9c70-1a288e2f77c7:192.168.69.89:43948, 9ceef694-dbcf-4070-b7b1-3b3c65b6a699:192.168.69.89:36536], old=null
2019-10-20 10:28:54,524 [grpc-default-executor-4] INFO  impl.RaftServerImpl (RaftServerImpl.java:setRole(184)) - 875da3d9-0dec-46c7-88bf-73f7a2372b64@group-75987F7FE399: changes role from  FOLLOWER to FOLLOWER at term 342 for recognizeCandidate:df12c920-952d-4704-9c70-1a288e2f77c7
2019-10-20 10:28:54,524 [grpc-default-executor-4] INFO  impl.RoleInfo (RoleInfo.java:shutdownFollowerState(121)) - 875da3d9-0dec-46c7-88bf-73f7a2372b64: shutdown FollowerState
2019-10-20 10:28:54,524 [grpc-default-executor-1] INFO  impl.RaftServerImpl (RaftServerImpl.java:setRole(184)) - 9ceef694-dbcf-4070-b7b1-3b3c65b6a699@group-75987F7FE399: changes role from  FOLLOWER to FOLLOWER at term 342 for recognizeCandidate:df12c920-952d-4704-9c70-1a288e2f77c7
2019-10-20 10:28:54,524 [Thread-2281] INFO  impl.FollowerState (FollowerState.java:run(117)) - 875da3d9-0dec-46c7-88bf-73f7a2372b64@group-75987F7FE399-FollowerState was interrupted: java.lang.InterruptedException: sleep interrupted
2019-10-20 10:28:54,524 [grpc-default-executor-4] INFO  impl.RoleInfo (RoleInfo.java:updateAndGet(143)) - 875da3d9-0dec-46c7-88bf-73f7a2372b64: start FollowerState
2019-10-20 10:28:54,524 [grpc-default-executor-1] INFO  impl.RoleInfo (RoleInfo.java:shutdownFollowerState(121)) - 9ceef694-dbcf-4070-b7b1-3b3c65b6a699: shutdown FollowerState
2019-10-20 10:28:54,524 [grpc-default-executor-1] INFO  impl.RoleInfo (RoleInfo.java:updateAndGet(143)) - 9ceef694-dbcf-4070-b7b1-3b3c65b6a699: start FollowerState
2019-10-20 10:28:54,524 [Thread-2280] INFO  impl.FollowerState (FollowerState.java:run(117)) - 9ceef694-dbcf-4070-b7b1-3b3c65b6a699@group-75987F7FE399-FollowerState was interrupted: java.lang.InterruptedException: sleep interrupted
2019-10-20 10:28:54,550 [df12c920-952d-4704-9c70-1a288e2f77c7@group-75987F7FE399-LeaderElection300] INFO  impl.LeaderElection (LeaderElection.java:logAndReturn(56)) - df12c920-952d-4704-9c70-1a288e2f77c7@group-75987F7FE399-LeaderElection300: Election REJECTED; received 2 response(s) [df12c920-952d-4704-9c70-1a288e2f77c7<-875da3d9-0dec-46c7-88bf-73f7a2372b64#0:FAIL-t342, df12c920-952d-4704-9c70-1a288e2f77c7<-9ceef694-dbcf-4070-b7b1-3b3c65b6a699#0:FAIL-t342] and 0 exception(s); df12c920-952d-4704-9c70-1a288e2f77c7@group-75987F7FE399:t342, leader=null, voted=df12c920-952d-4704-9c70-1a288e2f77c7, raftlog=df12c920-952d-4704-9c70-1a288e2f77c7@group-75987F7FE399-SegmentedRaftLog:OPENED:c-1,f-1,i0, conf=-1: [875da3d9-0dec-46c7-88bf-73f7a2372b64:192.168.69.89:39990, df12c920-952d-4704-9c70-1a288e2f77c7:192.168.69.89:43948, 9ceef694-dbcf-4070-b7b1-3b3c65b6a699:192.168.69.89:36536], old=null
2019-10-20 10:28:54,550 [df12c920-952d-4704-9c70-1a288e2f77c7@group-75987F7FE399-LeaderElection300] INFO  impl.RaftServerImpl (RaftServerImpl.java:setRole(184)) - df12c920-952d-4704-9c70-1a288e2f77c7@group-75987F7FE399: changes role from CANDIDATE to FOLLOWER at term 342 for DISCOVERED_A_NEW_TERM
2019-10-20 10:28:54,550 [df12c920-952d-4704-9c70-1a288e2f77c7@group-75987F7FE399-LeaderElection300] INFO  impl.RoleInfo (RoleInfo.java:shutdownLeaderElection(134)) - df12c920-952d-4704-9c70-1a288e2f77c7: shutdown LeaderElection
2019-10-20 10:28:54,550 [df12c920-952d-4704-9c70-1a288e2f77c7@group-75987F7FE399-LeaderElection300] INFO  impl.RoleInfo (RoleInfo.java:updateAndGet(143)) - df12c920-952d-4704-9c70-1a288e2f77c7: start FollowerState
2019-10-20 10:28:54,740 [Thread-2288] INFO  impl.FollowerState (FollowerState.java:run(108)) - df12c920-952d-4704-9c70-1a288e2f77c7@group-75987F7FE399-FollowerState: change to CANDIDATE, lastRpcTime:190ms, electionTimeout:190ms
2019-10-20 10:28:54,741 [Thread-2288] INFO  impl.RoleInfo (RoleInfo.java:shutdownFollowerState(121)) - df12c920-952d-4704-9c70-1a288e2f77c7: shutdown FollowerState
2019-10-20 10:28:54,741 [Thread-2288] INFO  impl.RaftServerImpl (RaftServerImpl.java:setRole(184)) - df12c920-952d-4704-9c70-1a288e2f77c7@group-75987F7FE399: changes role from  FOLLOWER to CANDIDATE at term 342 for changeToCandidate
2019-10-20 10:28:54,741 [Thread-2288] INFO  impl.RoleInfo (RoleInfo.java:updateAndGet(143)) - df12c920-952d-4704-9c70-1a288e2f77c7: start LeaderElection
2019-10-20 10:28:54,766 [df12c920-952d-4704-9c70-1a288e2f77c7@group-75987F7FE399-LeaderElection301] INFO  impl.LeaderElection (LeaderElection.java:askForVotes(178)) - df12c920-952d-4704-9c70-1a288e2f77c7@group-75987F7FE399-LeaderElection301: begin an election at term 343 for -1: [875da3d9-0dec-46c7-88bf-73f7a2372b64:192.168.69.89:39990, df12c920-952d-4704-9c70-1a288e2f77c7:192.168.69.89:43948, 9ceef694-dbcf-4070-b7b1-3b3c65b6a699:192.168.69.89:36536], old=null
2019-10-20 10:28:54,768 [grpc-default-executor-4] INFO  impl.RaftServerImpl (RaftServerImpl.java:setRole(184)) - 875da3d9-0dec-46c7-88bf-73f7a2372b64@group-75987F7FE399: changes role from  FOLLOWER to FOLLOWER at term 343 for recognizeCandidate:df12c920-952d-4704-9c70-1a288e2f77c7
2019-10-20 10:28:54,769 [grpc-default-executor-4] INFO  impl.RoleInfo (RoleInfo.java:shutdownFollowerState(121)) - 875da3d9-0dec-46c7-88bf-73f7a2372b64: shutdown FollowerState
2019-10-20 10:28:54,768 [grpc-default-executor-1] INFO  impl.RaftServerImpl (RaftServerImpl.java:setRole(184)) - 9ceef694-dbcf-4070-b7b1-3b3c65b6a699@group-75987F7FE399: changes role from  FOLLOWER to FOLLOWER at term 343 for recognizeCandidate:df12c920-952d-4704-9c70-1a288e2f77c7
2019-10-20 10:28:54,769 [Thread-2286] INFO  impl.FollowerState (FollowerState.java:run(117)) - 875da3d9-0dec-46c7-88bf-73f7a2372b64@group-75987F7FE399-FollowerState was interrupted: java.lang.InterruptedException: sleep interrupted
2019-10-20 10:28:54,769 [grpc-default-executor-4] INFO  impl.RoleInfo (RoleInfo.java:updateAndGet(143)) - 875da3d9-0dec-46c7-88bf-73f7a2372b64: start FollowerState
2019-10-20 10:28:54,769 [grpc-default-executor-1] INFO  impl.RoleInfo (RoleInfo.java:shutdownFollowerState(121)) - 9ceef694-dbcf-4070-b7b1-3b3c65b6a699: shutdown FollowerState
2019-10-20 10:28:54,769 [grpc-default-executor-1] INFO  impl.RoleInfo (RoleInfo.java:updateAndGet(143)) - 9ceef694-dbcf-4070-b7b1-3b3c65b6a699: start FollowerState
2019-10-20 10:28:54,770 [Thread-2287] INFO  impl.FollowerState (FollowerState.java:run(117)) - 9ceef694-dbcf-4070-b7b1-3b3c65b6a699@group-75987F7FE399-FollowerState was interrupted: java.lang.InterruptedException: sleep interrupted
2019-10-20 10:28:54,787 [df12c920-952d-4704-9c70-1a288e2f77c7@group-75987F7FE399-LeaderElection301] INFO  impl.LeaderElection (LeaderElection.java:logAndReturn(56)) - df12c920-952d-4704-9c70-1a288e2f77c7@group-75987F7FE399-LeaderElection301: Election REJECTED; received 2 response(s) [df12c920-952d-4704-9c70-1a288e2f77c7<-875da3d9-0dec-46c7-88bf-73f7a2372b64#0:FAIL-t343, df12c920-952d-4704-9c70-1a288e2f77c7<-9ceef694-dbcf-4070-b7b1-3b3c65b6a699#0:FAIL-t343] and 0 exception(s); df12c920-952d-4704-9c70-1a288e2f77c7@group-75987F7FE399:t343, leader=null, voted=df12c920-952d-4704-9c70-1a288e2f77c7, raftlog=df12c920-952d-4704-9c70-1a288e2f77c7@group-75987F7FE399-SegmentedRaftLog:OPENED:c-1,f-1,i0, conf=-1: [875da3d9-0dec-46c7-88bf-73f7a2372b64:192.168.69.89:39990, df12c920-952d-4704-9c70-1a288e2f77c7:192.168.69.89:43948, 9ceef694-dbcf-4070-b7b1-3b3c65b6a699:192.168.69.89:36536], old=null
2019-10-20 10:28:54,787 [df12c920-952d-4704-9c70-1a288e2f77c7@group-75987F7FE399-LeaderElection301] INFO  impl.RaftServerImpl (RaftServerImpl.java:setRole(184)) - df12c920-952d-4704-9c70-1a288e2f77c7@group-75987F7FE399: changes role from CANDIDATE to FOLLOWER at term 343 for DISCOVERED_A_NEW_TERM
2019-10-20 10:28:54,787 [df12c920-952d-4704-9c70-1a288e2f77c7@group-75987F7FE399-LeaderElection301] INFO  impl.RoleInfo (RoleInfo.java:shutdownLeaderElection(134)) - df12c920-952d-4704-9c70-1a288e2f77c7: shutdown LeaderElection
2019-10-20 10:28:54,787 [df12c920-952d-4704-9c70-1a288e2f77c7@group-75987F7FE399-LeaderElection301] INFO  impl.RoleInfo (RoleInfo.java:updateAndGet(143)) - df12c920-952d-4704-9c70-1a288e2f77c7: start FollowerState
2019-10-20 10:28:54,900 [Thread-2294] INFO  impl.FollowerState (FollowerState.java:run(108)) - df12c920-952d-4704-9c70-1a288e2f77c7@group-75987F7FE399-FollowerState: change to CANDIDATE, lastRpcTime:112ms, electionTimeout:112ms
2019-10-20 10:28:54,900 [Thread-2294] INFO  impl.RoleInfo (RoleInfo.java:shutdownFollowerState(121)) - df12c920-952d-4704-9c70-1a288e2f77c7: shutdown FollowerState
2019-10-20 10:28:54,900 [Thread-2294] INFO  impl.RaftServerImpl (RaftServerImpl.java:setRole(184)) - df12c920-952d-4704-9c70-1a288e2f77c7@group-75987F7FE399: changes role from  FOLLOWER to CANDIDATE at term 343 for changeToCandidate
2019-10-20 10:28:54,900 [Thread-2294] INFO  impl.RoleInfo (RoleInfo.java:updateAndGet(143)) - df12c920-952d-4704-9c70-1a288e2f77c7: start LeaderElection
2019-10-20 10:28:54,926 [df12c920-952d-4704-9c70-1a288e2f77c7@group-75987F7FE399-LeaderElection302] INFO  impl.LeaderElection (LeaderElection.java:askForVotes(178)) - df12c920-952d-4704-9c70-1a288e2f77c7@group-75987F7FE399-LeaderElection302: begin an election at term 344 for -1: [875da3d9-0dec-46c7-88bf-73f7a2372b64:192.168.69.89:39990, df12c920-952d-4704-9c70-1a288e2f77c7:192.168.69.89:43948, 9ceef694-dbcf-4070-b7b1-3b3c65b6a699:192.168.69.89:36536], old=null
2019-10-20 10:28:54,928 [grpc-default-executor-4] INFO  impl.RaftServerImpl (RaftServerImpl.java:setRole(184)) - 9ceef694-dbcf-4070-b7b1-3b3c65b6a699@group-75987F7FE399: changes role from  FOLLOWER to FOLLOWER at term 344 for recognizeCandidate:df12c920-952d-4704-9c70-1a288e2f77c7
2019-10-20 10:28:54,928 [grpc-default-executor-3] INFO  impl.RaftServerImpl (RaftServerImpl.java:setRole(184)) - 875da3d9-0dec-46c7-88bf-73f7a2372b64@group-75987F7FE399: changes role from  FOLLOWER to FOLLOWER at term 344 for recognizeCandidate:df12c920-952d-4704-9c70-1a288e2f77c7
2019-10-20 10:28:54,928 [grpc-default-executor-3] INFO  impl.RoleInfo (RoleInfo.java:shutdownFollowerState(121)) - 875da3d9-0dec-46c7-88bf-73f7a2372b64: shutdown FollowerState
2019-10-20 10:28:54,928 [grpc-default-executor-4] INFO  impl.RoleInfo (RoleInfo.java:shutdownFollowerState(121)) - 9ceef694-dbcf-4070-b7b1-3b3c65b6a699: shutdown FollowerState
2019-10-20 10:28:54,929 [Thread-2292] INFO  impl.FollowerState (FollowerState.java:run(117)) - 875da3d9-0dec-46c7-88bf-73f7a2372b64@group-75987F7FE399-FollowerState was interrupted: java.lang.InterruptedException: sleep interrupted
2019-10-20 10:28:54,929 [grpc-default-executor-3] INFO  impl.RoleInfo (RoleInfo.java:updateAndGet(143)) - 875da3d9-0dec-46c7-88bf-73f7a2372b64: start FollowerState
2019-10-20 10:28:54,929 [Thread-2293] INFO  impl.FollowerState (FollowerState.java:run(117)) - 9ceef694-dbcf-4070-b7b1-3b3c65b6a699@group-75987F7FE399-FollowerState was interrupted: java.lang.InterruptedException: sleep interrupted
2019-10-20 10:28:54,929 [grpc-default-executor-4] INFO  impl.RoleInfo (RoleInfo.java:updateAndGet(143)) - 9ceef694-dbcf-4070-b7b1-3b3c65b6a699: start FollowerState
2019-10-20 10:28:54,945 [df12c920-952d-4704-9c70-1a288e2f77c7@group-75987F7FE399-LeaderElection302] INFO  impl.LeaderElection (LeaderElection.java:logAndReturn(56)) - df12c920-952d-4704-9c70-1a288e2f77c7@group-75987F7FE399-LeaderElection302: Election REJECTED; received 2 response(s) [df12c920-952d-4704-9c70-1a288e2f77c7<-875da3d9-0dec-46c7-88bf-73f7a2372b64#0:FAIL-t344, df12c920-952d-4704-9c70-1a288e2f77c7<-9ceef694-dbcf-4070-b7b1-3b3c65b6a699#0:FAIL-t344] and 0 exception(s); df12c920-952d-4704-9c70-1a288e2f77c7@group-75987F7FE399:t344, leader=null, voted=df12c920-952d-4704-9c70-1a288e2f77c7, raftlog=df12c920-952d-4704-9c70-1a288e2f77c7@group-75987F7FE399-SegmentedRaftLog:OPENED:c-1,f-1,i0, conf=-1: [875da3d9-0dec-46c7-88bf-73f7a2372b64:192.168.69.89:39990, df12c920-952d-4704-9c70-1a288e2f77c7:192.168.69.89:43948, 9ceef694-dbcf-4070-b7b1-3b3c65b6a699:192.168.69.89:36536], old=null
2019-10-20 10:28:54,945 [df12c920-952d-4704-9c70-1a288e2f77c7@group-75987F7FE399-LeaderElection302] INFO  impl.RaftServerImpl (RaftServerImpl.java:setRole(184)) - df12c920-952d-4704-9c70-1a288e2f77c7@group-75987F7FE399: changes role from CANDIDATE to FOLLOWER at term 344 for DISCOVERED_A_NEW_TERM
2019-10-20 10:28:54,945 [df12c920-952d-4704-9c70-1a288e2f77c7@group-75987F7FE399-LeaderElection302] INFO  impl.RoleInfo (RoleInfo.java:shutdownLeaderElection(134)) - df12c920-952d-4704-9c70-1a288e2f77c7: shutdown LeaderElection
2019-10-20 10:28:54,946 [df12c920-952d-4704-9c70-1a288e2f77c7@group-75987F7FE399-LeaderElection302] INFO  impl.RoleInfo (RoleInfo.java:updateAndGet(143)) - df12c920-952d-4704-9c70-1a288e2f77c7: start FollowerState
2019-10-20 10:28:55,034 [Thread-2300] INFO  impl.FollowerState (FollowerState.java:run(108)) - df12c920-952d-4704-9c70-1a288e2f77c7@group-75987F7FE399-FollowerState: change to CANDIDATE, lastRpcTime:88ms, electionTimeout:88ms
2019-10-20 10:28:55,034 [Thread-2300] INFO  impl.RoleInfo (RoleInfo.java:shutdownFollowerState(121)) - df12c920-952d-4704-9c70-1a288e2f77c7: shutdown FollowerState
2019-10-20 10:28:55,034 [Thread-2300] INFO  impl.RaftServerImpl (RaftServerImpl.java:setRole(184)) - df12c920-952d-4704-9c70-1a288e2f77c7@group-75987F7FE399: changes role from  FOLLOWER to CANDIDATE at term 344 for changeToCandidate
2019-10-20 10:28:55,035 [Thread-2300] INFO  impl.RoleInfo (RoleInfo.java:updateAndGet(143)) - df12c920-952d-4704-9c70-1a288e2f77c7: start LeaderElection
2019-10-20 10:28:55,066 [df12c920-952d-4704-9c70-1a288e2f77c7@group-75987F7FE399-LeaderElection303] INFO  impl.LeaderElection (LeaderElection.java:askForVotes(178)) - df12c920-952d-4704-9c70-1a288e2f77c7@group-75987F7FE399-LeaderElection303: begin an election at term 345 for -1: [875da3d9-0dec-46c7-88bf-73f7a2372b64:192.168.69.89:39990, df12c920-952d-4704-9c70-1a288e2f77c7:192.168.69.89:43948, 9ceef694-dbcf-4070-b7b1-3b3c65b6a699:192.168.69.89:36536], old=null
2019-10-20 10:28:55,068 [grpc-default-executor-3] INFO  impl.RaftServerImpl (RaftServerImpl.java:setRole(184)) - 875da3d9-0dec-46c7-88bf-73f7a2372b64@group-75987F7FE399: changes role from  FOLLOWER to FOLLOWER at term 345 for recognizeCandidate:df12c920-952d-4704-9c70-1a288e2f77c7
2019-10-20 10:28:55,069 [grpc-default-executor-3] INFO  impl.RoleInfo (RoleInfo.java:shutdownFollowerState(121)) - 875da3d9-0dec-46c7-88bf-73f7a2372b64: shutdown FollowerState
2019-10-20 10:28:55,068 [grpc-default-executor-4] INFO  impl.RaftServerImpl (RaftServerImpl.java:setRole(184)) - 9ceef694-dbcf-4070-b7b1-3b3c65b6a699@group-75987F7FE399: changes role from  FOLLOWER to FOLLOWER at term 345 for recognizeCandidate:df12c920-952d-4704-9c70-1a288e2f77c7
2019-10-20 10:28:55,069 [Thread-2298] INFO  impl.FollowerState (FollowerState.java:run(117)) - 875da3d9-0dec-46c7-88bf-73f7a2372b64@group-75987F7FE399-FollowerState was interrupted: java.lang.InterruptedException: sleep interrupted
2019-10-20 10:28:55,069 [grpc-default-executor-3] INFO  impl.RoleInfo (RoleInfo.java:updateAndGet(143)) - 875da3d9-0dec-46c7-88bf-73f7a2372b64: start FollowerState
2019-10-20 10:28:55,069 [grpc-default-executor-4] INFO  impl.RoleInfo (RoleInfo.java:shutdownFollowerState(121)) - 9ceef694-dbcf-4070-b7b1-3b3c65b6a699: shutdown FollowerState
2019-10-20 10:28:55,069 [grpc-default-executor-4] INFO  impl.RoleInfo (RoleInfo.java:updateAndGet(143)) - 9ceef694-dbcf-4070-b7b1-3b3c65b6a699: start FollowerState
2019-10-20 10:28:55,069 [Thread-2299] INFO  impl.FollowerState (FollowerState.java:run(117)) - 9ceef694-dbcf-4070-b7b1-3b3c65b6a699@group-75987F7FE399-FollowerState was interrupted: java.lang.InterruptedException: sleep interrupted
2019-10-20 10:28:55,085 [df12c920-952d-4704-9c70-1a288e2f77c7@group-75987F7FE399-LeaderElection303] INFO  impl.LeaderElection (LeaderElection.java:logAndReturn(56)) - df12c920-952d-4704-9c70-1a288e2f77c7@group-75987F7FE399-LeaderElection303: Election REJECTED; received 2 response(s) [df12c920-952d-4704-9c70-1a288e2f77c7<-875da3d9-0dec-46c7-88bf-73f7a2372b64#0:FAIL-t345, df12c920-952d-4704-9c70-1a288e2f77c7<-9ceef694-dbcf-4070-b7b1-3b3c65b6a699#0:FAIL-t345] and 0 exception(s); df12c920-952d-4704-9c70-1a288e2f77c7@group-75987F7FE399:t345, leader=null, voted=df12c920-952d-4704-9c70-1a288e2f77c7, raftlog=df12c920-952d-4704-9c70-1a288e2f77c7@group-75987F7FE399-SegmentedRaftLog:OPENED:c-1,f-1,i0, conf=-1: [875da3d9-0dec-46c7-88bf-73f7a2372b64:192.168.69.89:39990, df12c920-952d-4704-9c70-1a288e2f77c7:192.168.69.89:43948, 9ceef694-dbcf-4070-b7b1-3b3c65b6a699:192.168.69.89:36536], old=null
2019-10-20 10:28:55,085 [df12c920-952d-4704-9c70-1a288e2f77c7@group-75987F7FE399-LeaderElection303] INFO  impl.RaftServerImpl (RaftServerImpl.java:setRole(184)) - df12c920-952d-4704-9c70-1a288e2f77c7@group-75987F7FE399: changes role from CANDIDATE to FOLLOWER at term 345 for DISCOVERED_A_NEW_TERM
2019-10-20 10:28:55,085 [df12c920-952d-4704-9c70-1a288e2f77c7@group-75987F7FE399-LeaderElection303] INFO  impl.RoleInfo (RoleInfo.java:shutdownLeaderElection(134)) - df12c920-952d-4704-9c70-1a288e2f77c7: shutdown LeaderElection
2019-10-20 10:28:55,085 [df12c920-952d-4704-9c70-1a288e2f77c7@group-75987F7FE399-LeaderElection303] INFO  impl.RoleInfo (RoleInfo.java:updateAndGet(143)) - df12c920-952d-4704-9c70-1a288e2f77c7: start FollowerState
2019-10-20 10:28:55,127 [Thread-2306] INFO  impl.FollowerState (FollowerState.java:run(108)) - df12c920-952d-4704-9c70-1a288e2f77c7@group-75987F7FE399-FollowerState: change to CANDIDATE, lastRpcTime:42ms, electionTimeout:42ms
2019-10-20 10:28:55,128 [Thread-2306] INFO  impl.RoleInfo (RoleInfo.java:shutdownFollowerState(121)) - df12c920-952d-4704-9c70-1a288e2f77c7: shutdown FollowerState
2019-10-20 10:28:55,128 [Thread-2306] INFO  impl.RaftServerImpl (RaftServerImpl.java:setRole(184)) - df12c920-952d-4704-9c70-1a288e2f77c7@group-75987F7FE399: changes role from  FOLLOWER to CANDIDATE at term 345 for changeToCandidate
2019-10-20 10:28:55,128 [Thread-2306] INFO  impl.RoleInfo (RoleInfo.java:updateAndGet(143)) - df12c920-952d-4704-9c70-1a288e2f77c7: start LeaderElection
2019-10-20 10:28:55,154 [df12c920-952d-4704-9c70-1a288e2f77c7@group-75987F7FE399-LeaderElection304] INFO  impl.LeaderElection (LeaderElection.java:askForVotes(178)) - df12c920-952d-4704-9c70-1a288e2f77c7@group-75987F7FE399-LeaderElection304: begin an election at term 346 for -1: [875da3d9-0dec-46c7-88bf-73f7a2372b64:192.168.69.89:39990, df12c920-952d-4704-9c70-1a288e2f77c7:192.168.69.89:43948, 9ceef694-dbcf-4070-b7b1-3b3c65b6a699:192.168.69.89:36536], old=null
2019-10-20 10:28:55,156 [grpc-default-executor-3] INFO  impl.RaftServerImpl (RaftServerImpl.java:setRole(184)) - 875da3d9-0dec-46c7-88bf-73f7a2372b64@group-75987F7FE399: changes role from  FOLLOWER to FOLLOWER at term 346 for recognizeCandidate:df12c920-952d-4704-9c70-1a288e2f77c7
2019-10-20 10:28:55,156 [grpc-default-executor-4] INFO  impl.RaftServerImpl (RaftServerImpl.java:setRole(184)) - 9ceef694-dbcf-4070-b7b1-3b3c65b6a699@group-75987F7FE399: changes role from  FOLLOWER to FOLLOWER at term 346 for recognizeCandidate:df12c920-952d-4704-9c70-1a288e2f77c7
2019-10-20 10:28:55,156 [grpc-default-executor-4] INFO  impl.RoleInfo (RoleInfo.java:shutdownFollowerState(121)) - 9ceef694-dbcf-4070-b7b1-3b3c65b6a699: shutdown FollowerState
2019-10-20 10:28:55,156 [grpc-default-executor-3] INFO  impl.RoleInfo (RoleInfo.java:shutdownFollowerState(121)) - 875da3d9-0dec-46c7-88bf-73f7a2372b64: shutdown FollowerState
2019-10-20 10:28:55,156 [Thread-2305] INFO  impl.FollowerState (FollowerState.java:run(117)) - 9ceef694-dbcf-4070-b7b1-3b3c65b6a699@group-75987F7FE399-FollowerState was interrupted: java.lang.InterruptedException: sleep interrupted
2019-10-20 10:28:55,156 [grpc-default-executor-4] INFO  impl.RoleInfo (RoleInfo.java:updateAndGet(143)) - 9ceef694-dbcf-4070-b7b1-3b3c65b6a699: start FollowerState
2019-10-20 10:28:55,156 [grpc-default-executor-3] INFO  impl.RoleInfo (RoleInfo.java:updateAndGet(143)) - 875da3d9-0dec-46c7-88bf-73f7a2372b64: start FollowerState
2019-10-20 10:28:55,156 [Thread-2304] INFO  impl.FollowerState (FollowerState.java:run(117)) - 875da3d9-0dec-46c7-88bf-73f7a2372b64@group-75987F7FE399-FollowerState was interrupted: java.lang.InterruptedException: sleep interrupted
2019-10-20 10:28:55,183 [df12c920-952d-4704-9c70-1a288e2f77c7@group-75987F7FE399-LeaderElection304] INFO  impl.LeaderElection (LeaderElection.java:logAndReturn(56)) - df12c920-952d-4704-9c70-1a288e2f77c7@group-75987F7FE399-LeaderElection304: Election REJECTED; received 2 response(s) [df12c920-952d-4704-9c70-1a288e2f77c7<-875da3d9-0dec-46c7-88bf-73f7a2372b64#0:FAIL-t346, df12c920-952d-4704-9c70-1a288e2f77c7<-9ceef694-dbcf-4070-b7b1-3b3c65b6a699#0:FAIL-t346] and 0 exception(s); df12c920-952d-4704-9c70-1a288e2f77c7@group-75987F7FE399:t346, leader=null, voted=df12c920-952d-4704-9c70-1a288e2f77c7, raftlog=df12c920-952d-4704-9c70-1a288e2f77c7@group-75987F7FE399-SegmentedRaftLog:OPENED:c-1,f-1,i0, conf=-1: [875da3d9-0dec-46c7-88bf-73f7a2372b64:192.168.69.89:39990, df12c920-952d-4704-9c70-1a288e2f77c7:192.168.69.89:43948, 9ceef694-dbcf-4070-b7b1-3b3c65b6a699:192.168.69.89:36536], old=null
2019-10-20 10:28:55,183 [df12c920-952d-4704-9c70-1a288e2f77c7@group-75987F7FE399-LeaderElection304] INFO  impl.RaftServerImpl (RaftServerImpl.java:setRole(184)) - df12c920-952d-4704-9c70-1a288e2f77c7@group-75987F7FE399: changes role from CANDIDATE to FOLLOWER at term 346 for DISCOVERED_A_NEW_TERM
2019-10-20 10:28:55,183 [df12c920-952d-4704-9c70-1a288e2f77c7@group-75987F7FE399-LeaderElection304] INFO  impl.RoleInfo (RoleInfo.java:shutdownLeaderElection(134)) - df12c920-952d-4704-9c70-1a288e2f77c7: shutdown LeaderElection
2019-10-20 10:28:55,183 [df12c920-952d-4704-9c70-1a288e2f77c7@group-75987F7FE399-LeaderElection304] INFO  impl.RoleInfo (RoleInfo.java:updateAndGet(143)) - df12c920-952d-4704-9c70-1a288e2f77c7: start FollowerState
2019-10-20 10:28:55,350 [Thread-2312] INFO  impl.FollowerState (FollowerState.java:run(108)) - df12c920-952d-4704-9c70-1a288e2f77c7@group-75987F7FE399-FollowerState: change to CANDIDATE, lastRpcTime:166ms, electionTimeout:166ms
2019-10-20 10:28:55,350 [Thread-2312] INFO  impl.RoleInfo (RoleInfo.java:shutdownFollowerState(121)) - df12c920-952d-4704-9c70-1a288e2f77c7: shutdown FollowerState
2019-10-20 10:28:55,350 [Thread-2312] INFO  impl.RaftServerImpl (RaftServerImpl.java:setRole(184)) - df12c920-952d-4704-9c70-1a288e2f77c7@group-75987F7FE399: changes role from  FOLLOWER to CANDIDATE at term 346 for changeToCandidate
2019-10-20 10:28:55,350 [Thread-2312] INFO  impl.RoleInfo (RoleInfo.java:updateAndGet(143)) - df12c920-952d-4704-9c70-1a288e2f77c7: start LeaderElection
2019-10-20 10:28:55,364 [df12c920-952d-4704-9c70-1a288e2f77c7@group-75987F7FE399-LeaderElection305] INFO  impl.LeaderElection (LeaderElection.java:askForVotes(178)) - df12c920-952d-4704-9c70-1a288e2f77c7@group-75987F7FE399-LeaderElection305: begin an election at term 347 for -1: [875da3d9-0dec-46c7-88bf-73f7a2372b64:192.168.69.89:39990, df12c920-952d-4704-9c70-1a288e2f77c7:192.168.69.89:43948, 9ceef694-dbcf-4070-b7b1-3b3c65b6a699:192.168.69.89:36536], old=null
2019-10-20 10:28:55,366 [grpc-default-executor-4] INFO  impl.RaftServerImpl (RaftServerImpl.java:setRole(184)) - 9ceef694-dbcf-4070-b7b1-3b3c65b6a699@group-75987F7FE399: changes role from  FOLLOWER to FOLLOWER at term 347 for recognizeCandidate:df12c920-952d-4704-9c70-1a288e2f77c7
2019-10-20 10:28:55,366 [grpc-default-executor-3] INFO  impl.RaftServerImpl (RaftServerImpl.java:setRole(184)) - 875da3d9-0dec-46c7-88bf-73f7a2372b64@group-75987F7FE399: changes role from  FOLLOWER to FOLLOWER at term 347 for recognizeCandidate:df12c920-952d-4704-9c70-1a288e2f77c7
2019-10-20 10:28:55,366 [grpc-default-executor-4] INFO  impl.RoleInfo (RoleInfo.java:shutdownFollowerState(121)) - 9ceef694-dbcf-4070-b7b1-3b3c65b6a699: shutdown FollowerState
2019-10-20 10:28:55,366 [grpc-default-executor-3] INFO  impl.RoleInfo (RoleInfo.java:shutdownFollowerState(121)) - 875da3d9-0dec-46c7-88bf-73f7a2372b64: shutdown FollowerState
2019-10-20 10:28:55,366 [Thread-2310] INFO  impl.FollowerState (FollowerState.java:run(117)) - 9ceef694-dbcf-4070-b7b1-3b3c65b6a699@group-75987F7FE399-FollowerState was interrupted: java.lang.InterruptedException: sleep interrupted
2019-10-20 10:28:55,366 [grpc-default-executor-4] INFO  impl.RoleInfo (RoleInfo.java:updateAndGet(143)) - 9ceef694-dbcf-4070-b7b1-3b3c65b6a699: start FollowerState
2019-10-20 10:28:55,366 [Thread-2311] INFO  impl.FollowerState (FollowerState.java:run(117)) - 875da3d9-0dec-46c7-88bf-73f7a2372b64@group-75987F7FE399-FollowerState was interrupted: java.lang.InterruptedException: sleep interrupted
2019-10-20 10:28:55,366 [grpc-default-executor-3] INFO  impl.RoleInfo (RoleInfo.java:updateAndGet(143)) - 875da3d9-0dec-46c7-88bf-73f7a2372b64: start FollowerState
2019-10-20 10:28:55,382 [df12c920-952d-4704-9c70-1a288e2f77c7@group-75987F7FE399-LeaderElection305] INFO  impl.LeaderElection (LeaderElection.java:logAndReturn(56)) - df12c920-952d-4704-9c70-1a288e2f77c7@group-75987F7FE399-LeaderElection305: Election REJECTED; received 2 response(s) [df12c920-952d-4704-9c70-1a288e2f77c7<-875da3d9-0dec-46c7-88bf-73f7a2372b64#0:FAIL-t347, df12c920-952d-4704-9c70-1a288e2f77c7<-9ceef694-dbcf-4070-b7b1-3b3c65b6a699#0:FAIL-t347] and 0 exception(s); df12c920-952d-4704-9c70-1a288e2f77c7@group-75987F7FE399:t347, leader=null, voted=df12c920-952d-4704-9c70-1a288e2f77c7, raftlog=df12c920-952d-4704-9c70-1a288e2f77c7@group-75987F7FE399-SegmentedRaftLog:OPENED:c-1,f-1,i0, conf=-1: [875da3d9-0dec-46c7-88bf-73f7a2372b64:192.168.69.89:39990, df12c920-952d-4704-9c70-1a288e2f77c7:192.168.69.89:43948, 9ceef694-dbcf-4070-b7b1-3b3c65b6a699:192.168.69.89:36536], old=null
2019-10-20 10:28:55,382 [df12c920-952d-4704-9c70-1a288e2f77c7@group-75987F7FE399-LeaderElection305] INFO  impl.RaftServerImpl (RaftServerImpl.java:setRole(184)) - df12c920-952d-4704-9c70-1a288e2f77c7@group-75987F7FE399: changes role from CANDIDATE to FOLLOWER at term 347 for DISCOVERED_A_NEW_TERM
2019-10-20 10:28:55,382 [df12c920-952d-4704-9c70-1a288e2f77c7@group-75987F7FE399-LeaderElection305] INFO  impl.RoleInfo (RoleInfo.java:shutdownLeaderElection(134)) - df12c920-952d-4704-9c70-1a288e2f77c7: shutdown LeaderElection
2019-10-20 10:28:55,382 [df12c920-952d-4704-9c70-1a288e2f77c7@group-75987F7FE399-LeaderElection305] INFO  impl.RoleInfo (RoleInfo.java:updateAndGet(143)) - df12c920-952d-4704-9c70-1a288e2f77c7: start FollowerState
2019-10-20 10:28:55,568 [Thread-2320] INFO  impl.FollowerState (FollowerState.java:run(108)) - df12c920-952d-4704-9c70-1a288e2f77c7@group-75987F7FE399-FollowerState: change to CANDIDATE, lastRpcTime:186ms, electionTimeout:186ms
2019-10-20 10:28:55,569 [Thread-2320] INFO  impl.RoleInfo (RoleInfo.java:shutdownFollowerState(121)) - df12c920-952d-4704-9c70-1a288e2f77c7: shutdown FollowerState
2019-10-20 10:28:55,569 [Thread-2320] INFO  impl.RaftServerImpl (RaftServerImpl.java:setRole(184)) - df12c920-952d-4704-9c70-1a288e2f77c7@group-75987F7FE399: changes role from  FOLLOWER to CANDIDATE at term 347 for changeToCandidate
2019-10-20 10:28:55,569 [Thread-2320] INFO  impl.RoleInfo (RoleInfo.java:updateAndGet(143)) - df12c920-952d-4704-9c70-1a288e2f77c7: start LeaderElection
2019-10-20 10:28:55,583 [df12c920-952d-4704-9c70-1a288e2f77c7@group-75987F7FE399-LeaderElection306] INFO  impl.LeaderElection (LeaderElection.java:askForVotes(178)) - df12c920-952d-4704-9c70-1a288e2f77c7@group-75987F7FE399-LeaderElection306: begin an election at term 348 for -1: [875da3d9-0dec-46c7-88bf-73f7a2372b64:192.168.69.89:39990, df12c920-952d-4704-9c70-1a288e2f77c7:192.168.69.89:43948, 9ceef694-dbcf-4070-b7b1-3b3c65b6a699:192.168.69.89:36536], old=null
2019-10-20 10:28:55,585 [grpc-default-executor-4] INFO  impl.RaftServerImpl (RaftServerImpl.java:setRole(184)) - 875da3d9-0dec-46c7-88bf-73f7a2372b64@group-75987F7FE399: changes role from  FOLLOWER to FOLLOWER at term 348 for recognizeCandidate:df12c920-952d-4704-9c70-1a288e2f77c7
2019-10-20 10:28:55,585 [grpc-default-executor-3] INFO  impl.RaftServerImpl (RaftServerImpl.java:setRole(184)) - 9ceef694-dbcf-4070-b7b1-3b3c65b6a699@group-75987F7FE399: changes role from  FOLLOWER to FOLLOWER at term 348 for recognizeCandidate:df12c920-952d-4704-9c70-1a288e2f77c7
2019-10-20 10:28:55,585 [grpc-default-executor-4] INFO  impl.RoleInfo (RoleInfo.java:shutdownFollowerState(121)) - 875da3d9-0dec-46c7-88bf-73f7a2372b64: shutdown FollowerState
2019-10-20 10:28:55,585 [grpc-default-executor-3] INFO  impl.RoleInfo (RoleInfo.java:shutdownFollowerState(121)) - 9ceef694-dbcf-4070-b7b1-3b3c65b6a699: shutdown FollowerState
2019-10-20 10:28:55,586 [Thread-2319] INFO  impl.FollowerState (FollowerState.java:run(117)) - 875da3d9-0dec-46c7-88bf-73f7a2372b64@group-75987F7FE399-FollowerState was interrupted: java.lang.InterruptedException: sleep interrupted
2019-10-20 10:28:55,586 [grpc-default-executor-4] INFO  impl.RoleInfo (RoleInfo.java:updateAndGet(143)) - 875da3d9-0dec-46c7-88bf-73f7a2372b64: start FollowerState
2019-10-20 10:28:55,586 [Thread-2318] INFO  impl.FollowerState (FollowerState.java:run(117)) - 9ceef694-dbcf-4070-b7b1-3b3c65b6a699@group-75987F7FE399-FollowerState was interrupted: java.lang.InterruptedException: sleep interrupted
2019-10-20 10:28:55,586 [grpc-default-executor-3] INFO  impl.RoleInfo (RoleInfo.java:updateAndGet(143)) - 9ceef694-dbcf-4070-b7b1-3b3c65b6a699: start FollowerState
2019-10-20 10:28:55,599 [df12c920-952d-4704-9c70-1a288e2f77c7@group-75987F7FE399-LeaderElection306] INFO  impl.LeaderElection (LeaderElection.java:logAndReturn(56)) - df12c920-952d-4704-9c70-1a288e2f77c7@group-75987F7FE399-LeaderElection306: Election REJECTED; received 2 response(s) [df12c920-952d-4704-9c70-1a288e2f77c7<-875da3d9-0dec-46c7-88bf-73f7a2372b64#0:FAIL-t348, df12c920-952d-4704-9c70-1a288e2f77c7<-9ceef694-dbcf-4070-b7b1-3b3c65b6a699#0:FAIL-t348] and 0 exception(s); df12c920-952d-4704-9c70-1a288e2f77c7@group-75987F7FE399:t348, leader=null, voted=df12c920-952d-4704-9c70-1a288e2f77c7, raftlog=df12c920-952d-4704-9c70-1a288e2f77c7@group-75987F7FE399-SegmentedRaftLog:OPENED:c-1,f-1,i0, conf=-1: [875da3d9-0dec-46c7-88bf-73f7a2372b64:192.168.69.89:39990, df12c920-952d-4704-9c70-1a288e2f77c7:192.168.69.89:43948, 9ceef694-dbcf-4070-b7b1-3b3c65b6a699:192.168.69.89:36536], old=null
2019-10-20 10:28:55,599 [df12c920-952d-4704-9c70-1a288e2f77c7@group-75987F7FE399-LeaderElection306] INFO  impl.RaftServerImpl (RaftServerImpl.java:setRole(184)) - df12c920-952d-4704-9c70-1a288e2f77c7@group-75987F7FE399: changes role from CANDIDATE to FOLLOWER at term 348 for DISCOVERED_A_NEW_TERM
2019-10-20 10:28:55,599 [df12c920-952d-4704-9c70-1a288e2f77c7@group-75987F7FE399-LeaderElection306] INFO  impl.RoleInfo (RoleInfo.java:shutdownLeaderElection(134)) - df12c920-952d-4704-9c70-1a288e2f77c7: shutdown LeaderElection
2019-10-20 10:28:55,599 [df12c920-952d-4704-9c70-1a288e2f77c7@group-75987F7FE399-LeaderElection306] INFO  impl.RoleInfo (RoleInfo.java:updateAndGet(143)) - df12c920-952d-4704-9c70-1a288e2f77c7: start FollowerState
2019-10-20 10:28:55,607 [Thread-2326] INFO  impl.FollowerState (FollowerState.java:run(108)) - df12c920-952d-4704-9c70-1a288e2f77c7@group-75987F7FE399-FollowerState: change to CANDIDATE, lastRpcTime:8ms, electionTimeout:8ms
2019-10-20 10:28:55,608 [Thread-2326] INFO  impl.RoleInfo (RoleInfo.java:shutdownFollowerState(121)) - df12c920-952d-4704-9c70-1a288e2f77c7: shutdown FollowerState
2019-10-20 10:28:55,608 [Thread-2326] INFO  impl.RaftServerImpl (RaftServerImpl.java:setRole(184)) - df12c920-952d-4704-9c70-1a288e2f77c7@group-75987F7FE399: changes role from  FOLLOWER to CANDIDATE at term 348 for changeToCandidate
2019-10-20 10:28:55,608 [Thread-2326] INFO  impl.RoleInfo (RoleInfo.java:updateAndGet(143)) - df12c920-952d-4704-9c70-1a288e2f77c7: start LeaderElection
2019-10-20 10:28:55,622 [df12c920-952d-4704-9c70-1a288e2f77c7@group-75987F7FE399-LeaderElection307] INFO  impl.LeaderElection (LeaderElection.java:askForVotes(178)) - df12c920-952d-4704-9c70-1a288e2f77c7@group-75987F7FE399-LeaderElection307: begin an election at term 349 for -1: [875da3d9-0dec-46c7-88bf-73f7a2372b64:192.168.69.89:39990, df12c920-952d-4704-9c70-1a288e2f77c7:192.168.69.89:43948, 9ceef694-dbcf-4070-b7b1-3b3c65b6a699:192.168.69.89:36536], old=null
2019-10-20 10:28:55,624 [grpc-default-executor-3] INFO  impl.RaftServerImpl (RaftServerImpl.java:setRole(184)) - 875da3d9-0dec-46c7-88bf-73f7a2372b64@group-75987F7FE399: changes role from  FOLLOWER to FOLLOWER at term 349 for recognizeCandidate:df12c920-952d-4704-9c70-1a288e2f77c7
2019-10-20 10:28:55,624 [grpc-default-executor-3] INFO  impl.RoleInfo (RoleInfo.java:shutdownFollowerState(121)) - 875da3d9-0dec-46c7-88bf-73f7a2372b64: shutdown FollowerState
2019-10-20 10:28:55,624 [grpc-default-executor-3] INFO  impl.RoleInfo (RoleInfo.java:updateAndGet(143)) - 875da3d9-0dec-46c7-88bf-73f7a2372b64: start FollowerState
2019-10-20 10:28:55,624 [grpc-default-executor-4] INFO  impl.RaftServerImpl (RaftServerImpl.java:setRole(184)) - 9ceef694-dbcf-4070-b7b1-3b3c65b6a699@group-75987F7FE399: changes role from  FOLLOWER to FOLLOWER at term 349 for recognizeCandidate:df12c920-952d-4704-9c70-1a288e2f77c7
2019-10-20 10:28:55,624 [Thread-2324] INFO  impl.FollowerState (FollowerState.java:run(117)) - 875da3d9-0dec-46c7-88bf-73f7a2372b64@group-75987F7FE399-FollowerState was interrupted: java.lang.InterruptedException: sleep interrupted
2019-10-20 10:28:55,624 [grpc-default-executor-4] INFO  impl.RoleInfo (RoleInfo.java:shutdownFollowerState(121)) - 9ceef694-dbcf-4070-b7b1-3b3c65b6a699: shutdown FollowerState
2019-10-20 10:28:55,624 [grpc-default-executor-4] INFO  impl.RoleInfo (RoleInfo.java:updateAndGet(143)) - 9ceef694-dbcf-4070-b7b1-3b3c65b6a699: start FollowerState
2019-10-20 10:28:55,624 [Thread-2325] INFO  impl.FollowerState (FollowerState.java:run(117)) - 9ceef694-dbcf-4070-b7b1-3b3c65b6a699@group-75987F7FE399-FollowerState was interrupted: java.lang.InterruptedException: sleep interrupted
2019-10-20 10:28:55,640 [df12c920-952d-4704-9c70-1a288e2f77c7@group-75987F7FE399-LeaderElection307] INFO  impl.LeaderElection (LeaderElection.java:logAndReturn(56)) - df12c920-952d-4704-9c70-1a288e2f77c7@group-75987F7FE399-LeaderElection307: Election REJECTED; received 2 response(s) [df12c920-952d-4704-9c70-1a288e2f77c7<-875da3d9-0dec-46c7-88bf-73f7a2372b64#0:FAIL-t349, df12c920-952d-4704-9c70-1a288e2f77c7<-9ceef694-dbcf-4070-b7b1-3b3c65b6a699#0:FAIL-t349] and 0 exception(s); df12c920-952d-4704-9c70-1a288e2f77c7@group-75987F7FE399:t349, leader=null, voted=df12c920-952d-4704-9c70-1a288e2f77c7, raftlog=df12c920-952d-4704-9c70-1a288e2f77c7@group-75987F7FE399-SegmentedRaftLog:OPENED:c-1,f-1,i0, conf=-1: [875da3d9-0dec-46c7-88bf-73f7a2372b64:192.168.69.89:39990, df12c920-952d-4704-9c70-1a288e2f77c7:192.168.69.89:43948, 9ceef694-dbcf-4070-b7b1-3b3c65b6a699:192.168.69.89:36536], old=null
2019-10-20 10:28:55,640 [df12c920-952d-4704-9c70-1a288e2f77c7@group-75987F7FE399-LeaderElection307] INFO  impl.RaftServerImpl (RaftServerImpl.java:setRole(184)) - df12c920-952d-4704-9c70-1a288e2f77c7@group-75987F7FE399: changes role from CANDIDATE to FOLLOWER at term 349 for DISCOVERED_A_NEW_TERM
2019-10-20 10:28:55,640 [df12c920-952d-4704-9c70-1a288e2f77c7@group-75987F7FE399-LeaderElection307] INFO  impl.RoleInfo (RoleInfo.java:shutdownLeaderElection(134)) - df12c920-952d-4704-9c70-1a288e2f77c7: shutdown LeaderElection
2019-10-20 10:28:55,640 [df12c920-952d-4704-9c70-1a288e2f77c7@group-75987F7FE399-LeaderElection307] INFO  impl.RoleInfo (RoleInfo.java:updateAndGet(143)) - df12c920-952d-4704-9c70-1a288e2f77c7: start FollowerState
2019-10-20 10:28:55,755 [Thread-2332] INFO  impl.FollowerState (FollowerState.java:run(108)) - df12c920-952d-4704-9c70-1a288e2f77c7@group-75987F7FE399-FollowerState: change to CANDIDATE, lastRpcTime:115ms, electionTimeout:115ms
2019-10-20 10:28:55,755 [Thread-2332] INFO  impl.RoleInfo (RoleInfo.java:shutdownFollowerState(121)) - df12c920-952d-4704-9c70-1a288e2f77c7: shutdown FollowerState
2019-10-20 10:28:55,756 [Thread-2332] INFO  impl.RaftServerImpl (RaftServerImpl.java:setRole(184)) - df12c920-952d-4704-9c70-1a288e2f77c7@group-75987F7FE399: changes role from  FOLLOWER to CANDIDATE at term 349 for changeToCandidate
2019-10-20 10:28:55,756 [Thread-2332] INFO  impl.RoleInfo (RoleInfo.java:updateAndGet(143)) - df12c920-952d-4704-9c70-1a288e2f77c7: start LeaderElection
2019-10-20 10:28:55,771 [df12c920-952d-4704-9c70-1a288e2f77c7@group-75987F7FE399-LeaderElection308] INFO  impl.LeaderElection (LeaderElection.java:askForVotes(178)) - df12c920-952d-4704-9c70-1a288e2f77c7@group-75987F7FE399-LeaderElection308: begin an election at term 350 for -1: [875da3d9-0dec-46c7-88bf-73f7a2372b64:192.168.69.89:39990, df12c920-952d-4704-9c70-1a288e2f77c7:192.168.69.89:43948, 9ceef694-dbcf-4070-b7b1-3b3c65b6a699:192.168.69.89:36536], old=null
2019-10-20 10:28:55,772 [grpc-default-executor-4] INFO  impl.RaftServerImpl (RaftServerImpl.java:setRole(184)) - 875da3d9-0dec-46c7-88bf-73f7a2372b64@group-75987F7FE399: changes role from  FOLLOWER to FOLLOWER at term 350 for recognizeCandidate:df12c920-952d-4704-9c70-1a288e2f77c7
2019-10-20 10:28:55,772 [grpc-default-executor-3] INFO  impl.RaftServerImpl (RaftServerImpl.java:setRole(184)) - 9ceef694-dbcf-4070-b7b1-3b3c65b6a699@group-75987F7FE399: changes role from  FOLLOWER to FOLLOWER at term 350 for recognizeCandidate:df12c920-952d-4704-9c70-1a288e2f77c7
2019-10-20 10:28:55,773 [grpc-default-executor-3] INFO  impl.RoleInfo (RoleInfo.java:shutdownFollowerState(121)) - 9ceef694-dbcf-4070-b7b1-3b3c65b6a699: shutdown FollowerState
2019-10-20 10:28:55,773 [grpc-default-executor-4] INFO  impl.RoleInfo (RoleInfo.java:shutdownFollowerState(121)) - 875da3d9-0dec-46c7-88bf-73f7a2372b64: shutdown FollowerState
2019-10-20 10:28:55,773 [Thread-2331] INFO  impl.FollowerState (FollowerState.java:run(117)) - 9ceef694-dbcf-4070-b7b1-3b3c65b6a699@group-75987F7FE399-FollowerState was interrupted: java.lang.InterruptedException: sleep interrupted
2019-10-20 10:28:55,773 [grpc-default-executor-3] INFO  impl.RoleInfo (RoleInfo.java:updateAndGet(143)) - 9ceef694-dbcf-4070-b7b1-3b3c65b6a699: start FollowerState
2019-10-20 10:28:55,773 [Thread-2330] INFO  impl.FollowerState (FollowerState.java:run(117)) - 875da3d9-0dec-46c7-88bf-73f7a2372b64@group-75987F7FE399-FollowerState was interrupted: java.lang.InterruptedException: sleep interrupted
2019-10-20 10:28:55,773 [grpc-default-executor-4] INFO  impl.RoleInfo (RoleInfo.java:updateAndGet(143)) - 875da3d9-0dec-46c7-88bf-73f7a2372b64: start FollowerState
2019-10-20 10:28:55,799 [df12c920-952d-4704-9c70-1a288e2f77c7@group-75987F7FE399-LeaderElection308] INFO  impl.LeaderElection (LeaderElection.java:logAndReturn(56)) - df12c920-952d-4704-9c70-1a288e2f77c7@group-75987F7FE399-LeaderElection308: Election REJECTED; received 2 response(s) [df12c920-952d-4704-9c70-1a288e2f77c7<-875da3d9-0dec-46c7-88bf-73f7a2372b64#0:FAIL-t350, df12c920-952d-4704-9c70-1a288e2f77c7<-9ceef694-dbcf-4070-b7b1-3b3c65b6a699#0:FAIL-t350] and 0 exception(s); df12c920-952d-4704-9c70-1a288e2f77c7@group-75987F7FE399:t350, leader=null, voted=df12c920-952d-4704-9c70-1a288e2f77c7, raftlog=df12c920-952d-4704-9c70-1a288e2f77c7@group-75987F7FE399-SegmentedRaftLog:OPENED:c-1,f-1,i0, conf=-1: [875da3d9-0dec-46c7-88bf-73f7a2372b64:192.168.69.89:39990, df12c920-952d-4704-9c70-1a288e2f77c7:192.168.69.89:43948, 9ceef694-dbcf-4070-b7b1-3b3c65b6a699:192.168.69.89:36536], old=null
2019-10-20 10:28:55,800 [df12c920-952d-4704-9c70-1a288e2f77c7@group-75987F7FE399-LeaderElection308] INFO  impl.RaftServerImpl (RaftServerImpl.java:setRole(184)) - df12c920-952d-4704-9c70-1a288e2f77c7@group-75987F7FE399: changes role from CANDIDATE to FOLLOWER at term 350 for DISCOVERED_A_NEW_TERM
2019-10-20 10:28:55,800 [df12c920-952d-4704-9c70-1a288e2f77c7@group-75987F7FE399-LeaderElection308] INFO  impl.RoleInfo (RoleInfo.java:shutdownLeaderElection(134)) - df12c920-952d-4704-9c70-1a288e2f77c7: shutdown LeaderElection
2019-10-20 10:28:55,800 [df12c920-952d-4704-9c70-1a288e2f77c7@group-75987F7FE399-LeaderElection308] INFO  impl.RoleInfo (RoleInfo.java:updateAndGet(143)) - df12c920-952d-4704-9c70-1a288e2f77c7: start FollowerState
2019-10-20 10:28:55,994 [Thread-2338] INFO  impl.FollowerState (FollowerState.java:run(108)) - df12c920-952d-4704-9c70-1a288e2f77c7@group-75987F7FE399-FollowerState: change to CANDIDATE, lastRpcTime:194ms, electionTimeout:194ms
2019-10-20 10:28:55,995 [Thread-2338] INFO  impl.RoleInfo (RoleInfo.java:shutdownFollowerState(121)) - df12c920-952d-4704-9c70-1a288e2f77c7: shutdown FollowerState
2019-10-20 10:28:55,995 [Thread-2338] INFO  impl.RaftServerImpl (RaftServerImpl.java:setRole(184)) - df12c920-952d-4704-9c70-1a288e2f77c7@group-75987F7FE399: changes role from  FOLLOWER to CANDIDATE at term 350 for changeToCandidate
2019-10-20 10:28:55,995 [Thread-2338] INFO  impl.RoleInfo (RoleInfo.java:updateAndGet(143)) - df12c920-952d-4704-9c70-1a288e2f77c7: start LeaderElection
2019-10-20 10:28:56,020 [df12c920-952d-4704-9c70-1a288e2f77c7@group-75987F7FE399-LeaderElection309] INFO  impl.LeaderElection (LeaderElection.java:askForVotes(178)) - df12c920-952d-4704-9c70-1a288e2f77c7@group-75987F7FE399-LeaderElection309: begin an election at term 351 for -1: [875da3d9-0dec-46c7-88bf-73f7a2372b64:192.168.69.89:39990, df12c920-952d-4704-9c70-1a288e2f77c7:192.168.69.89:43948, 9ceef694-dbcf-4070-b7b1-3b3c65b6a699:192.168.69.89:36536], old=null
2019-10-20 10:28:56,022 [grpc-default-executor-4] INFO  impl.RaftServerImpl (RaftServerImpl.java:setRole(184)) - 875da3d9-0dec-46c7-88bf-73f7a2372b64@group-75987F7FE399: changes role from  FOLLOWER to FOLLOWER at term 351 for recognizeCandidate:df12c920-952d-4704-9c70-1a288e2f77c7
2019-10-20 10:28:56,023 [grpc-default-executor-4] INFO  impl.RoleInfo (RoleInfo.java:shutdownFollowerState(121)) - 875da3d9-0dec-46c7-88bf-73f7a2372b64: shutdown FollowerState
2019-10-20 10:28:56,023 [grpc-default-executor-3] INFO  impl.RaftServerImpl (RaftServerImpl.java:setRole(184)) - 9ceef694-dbcf-4070-b7b1-3b3c65b6a699@group-75987F7FE399: changes role from  FOLLOWER to FOLLOWER at term 351 for recognizeCandidate:df12c920-952d-4704-9c70-1a288e2f77c7
2019-10-20 10:28:56,023 [Thread-2337] INFO  impl.FollowerState (FollowerState.java:run(117)) - 875da3d9-0dec-46c7-88bf-73f7a2372b64@group-75987F7FE399-FollowerState was interrupted: java.lang.InterruptedException: sleep interrupted
2019-10-20 10:28:56,023 [grpc-default-executor-4] INFO  impl.RoleInfo (RoleInfo.java:updateAndGet(143)) - 875da3d9-0dec-46c7-88bf-73f7a2372b64: start FollowerState
2019-10-20 10:28:56,023 [grpc-default-executor-3] INFO  impl.RoleInfo (RoleInfo.java:shutdownFollowerState(121)) - 9ceef694-dbcf-4070-b7b1-3b3c65b6a699: shutdown FollowerState
2019-10-20 10:28:56,023 [grpc-default-executor-3] INFO  impl.RoleInfo (RoleInfo.java:updateAndGet(143)) - 9ceef694-dbcf-4070-b7b1-3b3c65b6a699: start FollowerState
2019-10-20 10:28:56,024 [Thread-2336] INFO  impl.FollowerState (FollowerState.java:run(117)) - 9ceef694-dbcf-4070-b7b1-3b3c65b6a699@group-75987F7FE399-FollowerState was interrupted: java.lang.InterruptedException: sleep interrupted
2019-10-20 10:28:56,039 [df12c920-952d-4704-9c70-1a288e2f77c7@group-75987F7FE399-LeaderElection309] INFO  impl.LeaderElection (LeaderElection.java:logAndReturn(56)) - df12c920-952d-4704-9c70-1a288e2f77c7@group-75987F7FE399-LeaderElection309: Election REJECTED; received 2 response(s) [df12c920-952d-4704-9c70-1a288e2f77c7<-875da3d9-0dec-46c7-88bf-73f7a2372b64#0:FAIL-t351, df12c920-952d-4704-9c70-1a288e2f77c7<-9ceef694-dbcf-4070-b7b1-3b3c65b6a699#0:FAIL-t351] and 0 exception(s); df12c920-952d-4704-9c70-1a288e2f77c7@group-75987F7FE399:t351, leader=null, voted=df12c920-952d-4704-9c70-1a288e2f77c7, raftlog=df12c920-952d-4704-9c70-1a288e2f77c7@group-75987F7FE399-SegmentedRaftLog:OPENED:c-1,f-1,i0, conf=-1: [875da3d9-0dec-46c7-88bf-73f7a2372b64:192.168.69.89:39990, df12c920-952d-4704-9c70-1a288e2f77c7:192.168.69.89:43948, 9ceef694-dbcf-4070-b7b1-3b3c65b6a699:192.168.69.89:36536], old=null
2019-10-20 10:28:56,039 [df12c920-952d-4704-9c70-1a288e2f77c7@group-75987F7FE399-LeaderElection309] INFO  impl.RaftServerImpl (RaftServerImpl.java:setRole(184)) - df12c920-952d-4704-9c70-1a288e2f77c7@group-75987F7FE399: changes role from CANDIDATE to FOLLOWER at term 351 for DISCOVERED_A_NEW_TERM
2019-10-20 10:28:56,039 [df12c920-952d-4704-9c70-1a288e2f77c7@group-75987F7FE399-LeaderElection309] INFO  impl.RoleInfo (RoleInfo.java:shutdownLeaderElection(134)) - df12c920-952d-4704-9c70-1a288e2f77c7: shutdown LeaderElection
2019-10-20 10:28:56,039 [df12c920-952d-4704-9c70-1a288e2f77c7@group-75987F7FE399-LeaderElection309] INFO  impl.RoleInfo (RoleInfo.java:updateAndGet(143)) - df12c920-952d-4704-9c70-1a288e2f77c7: start FollowerState
2019-10-20 10:28:56,178 [Thread-2344] INFO  impl.FollowerState (FollowerState.java:run(108)) - df12c920-952d-4704-9c70-1a288e2f77c7@group-75987F7FE399-FollowerState: change to CANDIDATE, lastRpcTime:138ms, electionTimeout:138ms
2019-10-20 10:28:56,178 [Thread-2344] INFO  impl.RoleInfo (RoleInfo.java:shutdownFollowerState(121)) - df12c920-952d-4704-9c70-1a288e2f77c7: shutdown FollowerState
2019-10-20 10:28:56,178 [Thread-2344] INFO  impl.RaftServerImpl (RaftServerImpl.java:setRole(184)) - df12c920-952d-4704-9c70-1a288e2f77c7@group-75987F7FE399: changes role from  FOLLOWER to CANDIDATE at term 351 for changeToCandidate
2019-10-20 10:28:56,178 [Thread-2344] INFO  impl.RoleInfo (RoleInfo.java:updateAndGet(143)) - df12c920-952d-4704-9c70-1a288e2f77c7: start LeaderElection
2019-10-20 10:28:56,198 [df12c920-952d-4704-9c70-1a288e2f77c7@group-75987F7FE399-LeaderElection310] INFO  impl.LeaderElection (LeaderElection.java:askForVotes(178)) - df12c920-952d-4704-9c70-1a288e2f77c7@group-75987F7FE399-LeaderElection310: begin an election at term 352 for -1: [875da3d9-0dec-46c7-88bf-73f7a2372b64:192.168.69.89:39990, df12c920-952d-4704-9c70-1a288e2f77c7:192.168.69.89:43948, 9ceef694-dbcf-4070-b7b1-3b3c65b6a699:192.168.69.89:36536], old=null
2019-10-20 10:28:56,200 [grpc-default-executor-4] INFO  impl.RaftServerImpl (RaftServerImpl.java:setRole(184)) - 875da3d9-0dec-46c7-88bf-73f7a2372b64@group-75987F7FE399: changes role from  FOLLOWER to FOLLOWER at term 352 for recognizeCandidate:df12c920-952d-4704-9c70-1a288e2f77c7
2019-10-20 10:28:56,200 [grpc-default-executor-4] INFO  impl.RoleInfo (RoleInfo.java:shutdownFollowerState(121)) - 875da3d9-0dec-46c7-88bf-73f7a2372b64: shutdown FollowerState
2019-10-20 10:28:56,200 [grpc-default-executor-3] INFO  impl.RaftServerImpl (RaftServerImpl.java:setRole(184)) - 9ceef694-dbcf-4070-b7b1-3b3c65b6a699@group-75987F7FE399: changes role from  FOLLOWER to FOLLOWER at term 352 for recognizeCandidate:df12c920-952d-4704-9c70-1a288e2f77c7
2019-10-20 10:28:56,200 [grpc-default-executor-4] INFO  impl.RoleInfo (RoleInfo.java:updateAndGet(143)) - 875da3d9-0dec-46c7-88bf-73f7a2372b64: start FollowerState
2019-10-20 10:28:56,200 [Thread-2342] INFO  impl.FollowerState (FollowerState.java:run(117)) - 875da3d9-0dec-46c7-88bf-73f7a2372b64@group-75987F7FE399-FollowerState was interrupted: java.lang.InterruptedException: sleep interrupted
2019-10-20 10:28:56,200 [grpc-default-executor-3] INFO  impl.RoleInfo (RoleInfo.java:shutdownFollowerState(121)) - 9ceef694-dbcf-4070-b7b1-3b3c65b6a699: shutdown FollowerState
2019-10-20 10:28:56,201 [grpc-default-executor-3] INFO  impl.RoleInfo (RoleInfo.java:updateAndGet(143)) - 9ceef694-dbcf-4070-b7b1-3b3c65b6a699: start FollowerState
2019-10-20 10:28:56,201 [Thread-2343] INFO  impl.FollowerState (FollowerState.java:run(117)) - 9ceef694-dbcf-4070-b7b1-3b3c65b6a699@group-75987F7FE399-FollowerState was interrupted: java.lang.InterruptedException: sleep interrupted
2019-10-20 10:28:56,217 [df12c920-952d-4704-9c70-1a288e2f77c7@group-75987F7FE399-LeaderElection310] INFO  impl.LeaderElection (LeaderElection.java:logAndReturn(56)) - df12c920-952d-4704-9c70-1a288e2f77c7@group-75987F7FE399-LeaderElection310: Election REJECTED; received 2 response(s) [df12c920-952d-4704-9c70-1a288e2f77c7<-875da3d9-0dec-46c7-88bf-73f7a2372b64#0:FAIL-t352, df12c920-952d-4704-9c70-1a288e2f77c7<-9ceef694-dbcf-4070-b7b1-3b3c65b6a699#0:FAIL-t352] and 0 exception(s); df12c920-952d-4704-9c70-1a288e2f77c7@group-75987F7FE399:t352, leader=null, voted=df12c920-952d-4704-9c70-1a288e2f77c7, raftlog=df12c920-952d-4704-9c70-1a288e2f77c7@group-75987F7FE399-SegmentedRaftLog:OPENED:c-1,f-1,i0, conf=-1: [875da3d9-0dec-46c7-88bf-73f7a2372b64:192.168.69.89:39990, df12c920-952d-4704-9c70-1a288e2f77c7:192.168.69.89:43948, 9ceef694-dbcf-4070-b7b1-3b3c65b6a699:192.168.69.89:36536], old=null
2019-10-20 10:28:56,217 [df12c920-952d-4704-9c70-1a288e2f77c7@group-75987F7FE399-LeaderElection310] INFO  impl.RaftServerImpl (RaftServerImpl.java:setRole(184)) - df12c920-952d-4704-9c70-1a288e2f77c7@group-75987F7FE399: changes role from CANDIDATE to FOLLOWER at term 352 for DISCOVERED_A_NEW_TERM
2019-10-20 10:28:56,217 [df12c920-952d-4704-9c70-1a288e2f77c7@group-75987F7FE399-LeaderElection310] INFO  impl.RoleInfo (RoleInfo.java:shutdownLeaderElection(134)) - df12c920-952d-4704-9c70-1a288e2f77c7: shutdown LeaderElection
2019-10-20 10:28:56,217 [df12c920-952d-4704-9c70-1a288e2f77c7@group-75987F7FE399-LeaderElection310] INFO  impl.RoleInfo (RoleInfo.java:updateAndGet(143)) - df12c920-952d-4704-9c70-1a288e2f77c7: start FollowerState
2019-10-20 10:28:56,363 [Thread-2350] INFO  impl.FollowerState (FollowerState.java:run(108)) - df12c920-952d-4704-9c70-1a288e2f77c7@group-75987F7FE399-FollowerState: change to CANDIDATE, lastRpcTime:145ms, electionTimeout:145ms
2019-10-20 10:28:56,363 [Thread-2350] INFO  impl.RoleInfo (RoleInfo.java:shutdownFollowerState(121)) - df12c920-952d-4704-9c70-1a288e2f77c7: shutdown FollowerState
2019-10-20 10:28:56,363 [Thread-2350] INFO  impl.RaftServerImpl (RaftServerImpl.java:setRole(184)) - df12c920-952d-4704-9c70-1a288e2f77c7@group-75987F7FE399: changes role from  FOLLOWER to CANDIDATE at term 352 for changeToCandidate
2019-10-20 10:28:56,363 [Thread-2350] INFO  impl.RoleInfo (RoleInfo.java:updateAndGet(143)) - df12c920-952d-4704-9c70-1a288e2f77c7: start LeaderElection
2019-10-20 10:28:56,376 [df12c920-952d-4704-9c70-1a288e2f77c7@group-75987F7FE399-LeaderElection311] INFO  impl.LeaderElection (LeaderElection.java:askForVotes(178)) - df12c920-952d-4704-9c70-1a288e2f77c7@group-75987F7FE399-LeaderElection311: begin an election at term 353 for -1: [875da3d9-0dec-46c7-88bf-73f7a2372b64:192.168.69.89:39990, df12c920-952d-4704-9c70-1a288e2f77c7:192.168.69.89:43948, 9ceef694-dbcf-4070-b7b1-3b3c65b6a699:192.168.69.89:36536], old=null
2019-10-20 10:28:56,378 [grpc-default-executor-4] INFO  impl.RaftServerImpl (RaftServerImpl.java:setRole(184)) - 875da3d9-0dec-46c7-88bf-73f7a2372b64@group-75987F7FE399: changes role from  FOLLOWER to FOLLOWER at term 353 for recognizeCandidate:df12c920-952d-4704-9c70-1a288e2f77c7
2019-10-20 10:28:56,378 [grpc-default-executor-3] INFO  impl.RaftServerImpl (RaftServerImpl.java:setRole(184)) - 9ceef694-dbcf-4070-b7b1-3b3c65b6a699@group-75987F7FE399: changes role from  FOLLOWER to FOLLOWER at term 353 for recognizeCandidate:df12c920-952d-4704-9c70-1a288e2f77c7
2019-10-20 10:28:56,378 [grpc-default-executor-3] INFO  impl.RoleInfo (RoleInfo.java:shutdownFollowerState(121)) - 9ceef694-dbcf-4070-b7b1-3b3c65b6a699: shutdown FollowerState
2019-10-20 10:28:56,378 [grpc-default-executor-4] INFO  impl.RoleInfo (RoleInfo.java:shutdownFollowerState(121)) - 875da3d9-0dec-46c7-88bf-73f7a2372b64: shutdown FollowerState
2019-10-20 10:28:56,378 [Thread-2349] INFO  impl.FollowerState (FollowerState.java:run(117)) - 9ceef694-dbcf-4070-b7b1-3b3c65b6a699@group-75987F7FE399-FollowerState was interrupted: java.lang.InterruptedException: sleep interrupted
2019-10-20 10:28:56,378 [grpc-default-executor-3] INFO  impl.RoleInfo (RoleInfo.java:updateAndGet(143)) - 9ceef694-dbcf-4070-b7b1-3b3c65b6a699: start FollowerState
2019-10-20 10:28:56,379 [Thread-2348] INFO  impl.FollowerState (FollowerState.java:run(117)) - 875da3d9-0dec-46c7-88bf-73f7a2372b64@group-75987F7FE399-FollowerState was interrupted: java.lang.InterruptedException: sleep interrupted
2019-10-20 10:28:56,379 [grpc-default-executor-4] INFO  impl.RoleInfo (RoleInfo.java:updateAndGet(143)) - 875da3d9-0dec-46c7-88bf-73f7a2372b64: start FollowerState
2019-10-20 10:28:56,394 [df12c920-952d-4704-9c70-1a288e2f77c7@group-75987F7FE399-LeaderElection311] INFO  impl.LeaderElection (LeaderElection.java:logAndReturn(56)) - df12c920-952d-4704-9c70-1a288e2f77c7@group-75987F7FE399-LeaderElection311: Election REJECTED; received 2 response(s) [df12c920-952d-4704-9c70-1a288e2f77c7<-875da3d9-0dec-46c7-88bf-73f7a2372b64#0:FAIL-t353, df12c920-952d-4704-9c70-1a288e2f77c7<-9ceef694-dbcf-4070-b7b1-3b3c65b6a699#0:FAIL-t353] and 0 exception(s); df12c920-952d-4704-9c70-1a288e2f77c7@group-75987F7FE399:t353, leader=null, voted=df12c920-952d-4704-9c70-1a288e2f77c7, raftlog=df12c920-952d-4704-9c70-1a288e2f77c7@group-75987F7FE399-SegmentedRaftLog:OPENED:c-1,f-1,i0, conf=-1: [875da3d9-0dec-46c7-88bf-73f7a2372b64:192.168.69.89:39990, df12c920-952d-4704-9c70-1a288e2f77c7:192.168.69.89:43948, 9ceef694-dbcf-4070-b7b1-3b3c65b6a699:192.168.69.89:36536], old=null
2019-10-20 10:28:56,394 [df12c920-952d-4704-9c70-1a288e2f77c7@group-75987F7FE399-LeaderElection311] INFO  impl.RaftServerImpl (RaftServerImpl.java:setRole(184)) - df12c920-952d-4704-9c70-1a288e2f77c7@group-75987F7FE399: changes role from CANDIDATE to FOLLOWER at term 353 for DISCOVERED_A_NEW_TERM
2019-10-20 10:28:56,394 [df12c920-952d-4704-9c70-1a288e2f77c7@group-75987F7FE399-LeaderElection311] INFO  impl.RoleInfo (RoleInfo.java:shutdownLeaderElection(134)) - df12c920-952d-4704-9c70-1a288e2f77c7: shutdown LeaderElection
2019-10-20 10:28:56,395 [df12c920-952d-4704-9c70-1a288e2f77c7@group-75987F7FE399-LeaderElection311] INFO  impl.RoleInfo (RoleInfo.java:updateAndGet(143)) - df12c920-952d-4704-9c70-1a288e2f77c7: start FollowerState
2019-10-20 10:28:56,518 [Thread-2358] INFO  impl.FollowerState (FollowerState.java:run(108)) - df12c920-952d-4704-9c70-1a288e2f77c7@group-75987F7FE399-FollowerState: change to CANDIDATE, lastRpcTime:123ms, electionTimeout:123ms
2019-10-20 10:28:56,518 [Thread-2358] INFO  impl.RoleInfo (RoleInfo.java:shutdownFollowerState(121)) - df12c920-952d-4704-9c70-1a288e2f77c7: shutdown FollowerState
2019-10-20 10:28:56,518 [Thread-2358] INFO  impl.RaftServerImpl (RaftServerImpl.java:setRole(184)) - df12c920-952d-4704-9c70-1a288e2f77c7@group-75987F7FE399: changes role from  FOLLOWER to CANDIDATE at term 353 for changeToCandidate
2019-10-20 10:28:56,518 [Thread-2358] INFO  impl.RoleInfo (RoleInfo.java:updateAndGet(143)) - df12c920-952d-4704-9c70-1a288e2f77c7: start LeaderElection
2019-10-20 10:28:56,532 [df12c920-952d-4704-9c70-1a288e2f77c7@group-75987F7FE399-LeaderElection312] INFO  impl.LeaderElection (LeaderElection.java:askForVotes(178)) - df12c920-952d-4704-9c70-1a288e2f77c7@group-75987F7FE399-LeaderElection312: begin an election at term 354 for -1: [875da3d9-0dec-46c7-88bf-73f7a2372b64:192.168.69.89:39990, df12c920-952d-4704-9c70-1a288e2f77c7:192.168.69.89:43948, 9ceef694-dbcf-4070-b7b1-3b3c65b6a699:192.168.69.89:36536], old=null
2019-10-20 10:28:56,534 [grpc-default-executor-3] INFO  impl.RaftServerImpl (RaftServerImpl.java:setRole(184)) - 9ceef694-dbcf-4070-b7b1-3b3c65b6a699@group-75987F7FE399: changes role from  FOLLOWER to FOLLOWER at term 354 for recognizeCandidate:df12c920-952d-4704-9c70-1a288e2f77c7
2019-10-20 10:28:56,534 [grpc-default-executor-3] INFO  impl.RoleInfo (RoleInfo.java:shutdownFollowerState(121)) - 9ceef694-dbcf-4070-b7b1-3b3c65b6a699: shutdown FollowerState
2019-10-20 10:28:56,534 [grpc-default-executor-4] INFO  impl.RaftServerImpl (RaftServerImpl.java:setRole(184)) - 875da3d9-0dec-46c7-88bf-73f7a2372b64@group-75987F7FE399: changes role from  FOLLOWER to FOLLOWER at term 354 for recognizeCandidate:df12c920-952d-4704-9c70-1a288e2f77c7
2019-10-20 10:28:56,534 [Thread-2356] INFO  impl.FollowerState (FollowerState.java:run(117)) - 9ceef694-dbcf-4070-b7b1-3b3c65b6a699@group-75987F7FE399-FollowerState was interrupted: java.lang.InterruptedException: sleep interrupted
2019-10-20 10:28:56,534 [grpc-default-executor-3] INFO  impl.RoleInfo (RoleInfo.java:updateAndGet(143)) - 9ceef694-dbcf-4070-b7b1-3b3c65b6a699: start FollowerState
2019-10-20 10:28:56,534 [grpc-default-executor-4] INFO  impl.RoleInfo (RoleInfo.java:shutdownFollowerState(121)) - 875da3d9-0dec-46c7-88bf-73f7a2372b64: shutdown FollowerState
2019-10-20 10:28:56,535 [grpc-default-executor-4] INFO  impl.RoleInfo (RoleInfo.java:updateAndGet(143)) - 875da3d9-0dec-46c7-88bf-73f7a2372b64: start FollowerState
2019-10-20 10:28:56,535 [Thread-2357] INFO  impl.FollowerState (FollowerState.java:run(117)) - 875da3d9-0dec-46c7-88bf-73f7a2372b64@group-75987F7FE399-FollowerState was interrupted: java.lang.InterruptedException: sleep interrupted
2019-10-20 10:28:56,549 [df12c920-952d-4704-9c70-1a288e2f77c7@group-75987F7FE399-LeaderElection312] INFO  impl.LeaderElection (LeaderElection.java:logAndReturn(56)) - df12c920-952d-4704-9c70-1a288e2f77c7@group-75987F7FE399-LeaderElection312: Election REJECTED; received 2 response(s) [df12c920-952d-4704-9c70-1a288e2f77c7<-875da3d9-0dec-46c7-88bf-73f7a2372b64#0:FAIL-t354, df12c920-952d-4704-9c70-1a288e2f77c7<-9ceef694-dbcf-4070-b7b1-3b3c65b6a699#0:FAIL-t354] and 0 exception(s); df12c920-952d-4704-9c70-1a288e2f77c7@group-75987F7FE399:t354, leader=null, voted=df12c920-952d-4704-9c70-1a288e2f77c7, raftlog=df12c920-952d-4704-9c70-1a288e2f77c7@group-75987F7FE399-SegmentedRaftLog:OPENED:c-1,f-1,i0, conf=-1: [875da3d9-0dec-46c7-88bf-73f7a2372b64:192.168.69.89:39990, df12c920-952d-4704-9c70-1a288e2f77c7:192.168.69.89:43948, 9ceef694-dbcf-4070-b7b1-3b3c65b6a699:192.168.69.89:36536], old=null
2019-10-20 10:28:56,549 [df12c920-952d-4704-9c70-1a288e2f77c7@group-75987F7FE399-LeaderElection312] INFO  impl.RaftServerImpl (RaftServerImpl.java:setRole(184)) - df12c920-952d-4704-9c70-1a288e2f77c7@group-75987F7FE399: changes role from CANDIDATE to FOLLOWER at term 354 for DISCOVERED_A_NEW_TERM
2019-10-20 10:28:56,549 [df12c920-952d-4704-9c70-1a288e2f77c7@group-75987F7FE399-LeaderElection312] INFO  impl.RoleInfo (RoleInfo.java:shutdownLeaderElection(134)) - df12c920-952d-4704-9c70-1a288e2f77c7: shutdown LeaderElection
2019-10-20 10:28:56,550 [df12c920-952d-4704-9c70-1a288e2f77c7@group-75987F7FE399-LeaderElection312] INFO  impl.RoleInfo (RoleInfo.java:updateAndGet(143)) - df12c920-952d-4704-9c70-1a288e2f77c7: start FollowerState
2019-10-20 10:28:56,603 [Thread-2364] INFO  impl.FollowerState (FollowerState.java:run(108)) - df12c920-952d-4704-9c70-1a288e2f77c7@group-75987F7FE399-FollowerState: change to CANDIDATE, lastRpcTime:53ms, electionTimeout:53ms
2019-10-20 10:28:56,603 [Thread-2364] INFO  impl.RoleInfo (RoleInfo.java:shutdownFollowerState(121)) - df12c920-952d-4704-9c70-1a288e2f77c7: shutdown FollowerState
2019-10-20 10:28:56,603 [Thread-2364] INFO  impl.RaftServerImpl (RaftServerImpl.java:setRole(184)) - df12c920-952d-4704-9c70-1a288e2f77c7@group-75987F7FE399: changes role from  FOLLOWER to CANDIDATE at term 354 for changeToCandidate
2019-10-20 10:28:56,604 [Thread-2364] INFO  impl.RoleInfo (RoleInfo.java:updateAndGet(143)) - df12c920-952d-4704-9c70-1a288e2f77c7: start LeaderElection
2019-10-20 10:28:56,617 [df12c920-952d-4704-9c70-1a288e2f77c7@group-75987F7FE399-LeaderElection313] INFO  impl.LeaderElection (LeaderElection.java:askForVotes(178)) - df12c920-952d-4704-9c70-1a288e2f77c7@group-75987F7FE399-LeaderElection313: begin an election at term 355 for -1: [875da3d9-0dec-46c7-88bf-73f7a2372b64:192.168.69.89:39990, df12c920-952d-4704-9c70-1a288e2f77c7:192.168.69.89:43948, 9ceef694-dbcf-4070-b7b1-3b3c65b6a699:192.168.69.89:36536], old=null
2019-10-20 10:28:56,618 [grpc-default-executor-3] INFO  impl.RaftServerImpl (RaftServerImpl.java:setRole(184)) - 875da3d9-0dec-46c7-88bf-73f7a2372b64@group-75987F7FE399: changes role from  FOLLOWER to FOLLOWER at term 355 for recognizeCandidate:df12c920-952d-4704-9c70-1a288e2f77c7
2019-10-20 10:28:56,619 [grpc-default-executor-3] INFO  impl.RoleInfo (RoleInfo.java:shutdownFollowerState(121)) - 875da3d9-0dec-46c7-88bf-73f7a2372b64: shutdown FollowerState
2019-10-20 10:28:56,619 [grpc-default-executor-4] INFO  impl.RaftServerImpl (RaftServerImpl.java:setRole(184)) - 9ceef694-dbcf-4070-b7b1-3b3c65b6a699@group-75987F7FE399: changes role from  FOLLOWER to FOLLOWER at term 355 for recognizeCandidate:df12c920-952d-4704-9c70-1a288e2f77c7
2019-10-20 10:28:56,619 [Thread-2363] INFO  impl.FollowerState (FollowerState.java:run(117)) - 875da3d9-0dec-46c7-88bf-73f7a2372b64@group-75987F7FE399-FollowerState was interrupted: java.lang.InterruptedException: sleep interrupted
2019-10-20 10:28:56,619 [grpc-default-executor-3] INFO  impl.RoleInfo (RoleInfo.java:updateAndGet(143)) - 875da3d9-0dec-46c7-88bf-73f7a2372b64: start FollowerState
2019-10-20 10:28:56,619 [grpc-default-executor-4] INFO  impl.RoleInfo (RoleInfo.java:shutdownFollowerState(121)) - 9ceef694-dbcf-4070-b7b1-3b3c65b6a699: shutdown FollowerState
2019-10-20 10:28:56,619 [grpc-default-executor-4] INFO  impl.RoleInfo (RoleInfo.java:updateAndGet(143)) - 9ceef694-dbcf-4070-b7b1-3b3c65b6a699: start FollowerState
2019-10-20 10:28:56,619 [Thread-2362] INFO  impl.FollowerState (FollowerState.java:run(117)) - 9ceef694-dbcf-4070-b7b1-3b3c65b6a699@group-75987F7FE399-FollowerState was interrupted: java.lang.InterruptedException: sleep interrupted
2019-10-20 10:28:56,635 [df12c920-952d-4704-9c70-1a288e2f77c7@group-75987F7FE399-LeaderElection313] INFO  impl.LeaderElection (LeaderElection.java:logAndReturn(56)) - df12c920-952d-4704-9c70-1a288e2f77c7@group-75987F7FE399-LeaderElection313: Election REJECTED; received 2 response(s) [df12c920-952d-4704-9c70-1a288e2f77c7<-875da3d9-0dec-46c7-88bf-73f7a2372b64#0:FAIL-t355, df12c920-952d-4704-9c70-1a288e2f77c7<-9ceef694-dbcf-4070-b7b1-3b3c65b6a699#0:FAIL-t355] and 0 exception(s); df12c920-952d-4704-9c70-1a288e2f77c7@group-75987F7FE399:t355, leader=null, voted=df12c920-952d-4704-9c70-1a288e2f77c7, raftlog=df12c920-952d-4704-9c70-1a288e2f77c7@group-75987F7FE399-SegmentedRaftLog:OPENED:c-1,f-1,i0, conf=-1: [875da3d9-0dec-46c7-88bf-73f7a2372b64:192.168.69.89:39990, df12c920-952d-4704-9c70-1a288e2f77c7:192.168.69.89:43948, 9ceef694-dbcf-4070-b7b1-3b3c65b6a699:192.168.69.89:36536], old=null
2019-10-20 10:28:56,635 [df12c920-952d-4704-9c70-1a288e2f77c7@group-75987F7FE399-LeaderElection313] INFO  impl.RaftServerImpl (RaftServerImpl.java:setRole(184)) - df12c920-952d-4704-9c70-1a288e2f77c7@group-75987F7FE399: changes role from CANDIDATE to FOLLOWER at term 355 for DISCOVERED_A_NEW_TERM
2019-10-20 10:28:56,635 [df12c920-952d-4704-9c70-1a288e2f77c7@group-75987F7FE399-LeaderElection313] INFO  impl.RoleInfo (RoleInfo.java:shutdownLeaderElection(134)) - df12c920-952d-4704-9c70-1a288e2f77c7: shutdown LeaderElection
2019-10-20 10:28:56,636 [df12c920-952d-4704-9c70-1a288e2f77c7@group-75987F7FE399-LeaderElection313] INFO  impl.RoleInfo (RoleInfo.java:updateAndGet(143)) - df12c920-952d-4704-9c70-1a288e2f77c7: start FollowerState
2019-10-20 10:28:56,807 [Thread-2370] INFO  impl.FollowerState (FollowerState.java:run(108)) - df12c920-952d-4704-9c70-1a288e2f77c7@group-75987F7FE399-FollowerState: change to CANDIDATE, lastRpcTime:171ms, electionTimeout:171ms
2019-10-20 10:28:56,807 [Thread-2370] INFO  impl.RoleInfo (RoleInfo.java:shutdownFollowerState(121)) - df12c920-952d-4704-9c70-1a288e2f77c7: shutdown FollowerState
2019-10-20 10:28:56,807 [Thread-2370] INFO  impl.RaftServerImpl (RaftServerImpl.java:setRole(184)) - df12c920-952d-4704-9c70-1a288e2f77c7@group-75987F7FE399: changes role from  FOLLOWER to CANDIDATE at term 355 for changeToCandidate
2019-10-20 10:28:56,808 [Thread-2370] INFO  impl.RoleInfo (RoleInfo.java:updateAndGet(143)) - df12c920-952d-4704-9c70-1a288e2f77c7: start LeaderElection
2019-10-20 10:28:56,834 [df12c920-952d-4704-9c70-1a288e2f77c7@group-75987F7FE399-LeaderElection314] INFO  impl.LeaderElection (LeaderElection.java:askForVotes(178)) - df12c920-952d-4704-9c70-1a288e2f77c7@group-75987F7FE399-LeaderElection314: begin an election at term 356 for -1: [875da3d9-0dec-46c7-88bf-73f7a2372b64:192.168.69.89:39990, df12c920-952d-4704-9c70-1a288e2f77c7:192.168.69.89:43948, 9ceef694-dbcf-4070-b7b1-3b3c65b6a699:192.168.69.89:36536], old=null
2019-10-20 10:28:56,838 [grpc-default-executor-3] INFO  impl.RaftServerImpl (RaftServerImpl.java:setRole(184)) - 875da3d9-0dec-46c7-88bf-73f7a2372b64@group-75987F7FE399: changes role from  FOLLOWER to FOLLOWER at term 356 for recognizeCandidate:df12c920-952d-4704-9c70-1a288e2f77c7
2019-10-20 10:28:56,838 [grpc-default-executor-3] INFO  impl.RoleInfo (RoleInfo.java:shutdownFollowerState(121)) - 875da3d9-0dec-46c7-88bf-73f7a2372b64: shutdown FollowerState
2019-10-20 10:28:56,838 [grpc-default-executor-4] INFO  impl.RaftServerImpl (RaftServerImpl.java:setRole(184)) - 9ceef694-dbcf-4070-b7b1-3b3c65b6a699@group-75987F7FE399: changes role from  FOLLOWER to FOLLOWER at term 356 for recognizeCandidate:df12c920-952d-4704-9c70-1a288e2f77c7
2019-10-20 10:28:56,838 [grpc-default-executor-4] INFO  impl.RoleInfo (RoleInfo.java:shutdownFollowerState(121)) - 9ceef694-dbcf-4070-b7b1-3b3c65b6a699: shutdown FollowerState
2019-10-20 10:28:56,838 [Thread-2368] INFO  impl.FollowerState (FollowerState.java:run(117)) - 875da3d9-0dec-46c7-88bf-73f7a2372b64@group-75987F7FE399-FollowerState was interrupted: java.lang.InterruptedException: sleep interrupted
2019-10-20 10:28:56,838 [grpc-default-executor-3] INFO  impl.RoleInfo (RoleInfo.java:updateAndGet(143)) - 875da3d9-0dec-46c7-88bf-73f7a2372b64: start FollowerState
2019-10-20 10:28:56,839 [Thread-2369] INFO  impl.FollowerState (FollowerState.java:run(117)) - 9ceef694-dbcf-4070-b7b1-3b3c65b6a699@group-75987F7FE399-FollowerState was interrupted: java.lang.InterruptedException: sleep interrupted
2019-10-20 10:28:56,838 [grpc-default-executor-4] INFO  impl.RoleInfo (RoleInfo.java:updateAndGet(143)) - 9ceef694-dbcf-4070-b7b1-3b3c65b6a699: start FollowerState
2019-10-20 10:28:56,855 [df12c920-952d-4704-9c70-1a288e2f77c7@group-75987F7FE399-LeaderElection314] INFO  impl.LeaderElection (LeaderElection.java:logAndReturn(56)) - df12c920-952d-4704-9c70-1a288e2f77c7@group-75987F7FE399-LeaderElection314: Election REJECTED; received 2 response(s) [df12c920-952d-4704-9c70-1a288e2f77c7<-875da3d9-0dec-46c7-88bf-73f7a2372b64#0:FAIL-t356, df12c920-952d-4704-9c70-1a288e2f77c7<-9ceef694-dbcf-4070-b7b1-3b3c65b6a699#0:FAIL-t356] and 0 exception(s); df12c920-952d-4704-9c70-1a288e2f77c7@group-75987F7FE399:t356, leader=null, voted=df12c920-952d-4704-9c70-1a288e2f77c7, raftlog=df12c920-952d-4704-9c70-1a288e2f77c7@group-75987F7FE399-SegmentedRaftLog:OPENED:c-1,f-1,i0, conf=-1: [875da3d9-0dec-46c7-88bf-73f7a2372b64:192.168.69.89:39990, df12c920-952d-4704-9c70-1a288e2f77c7:192.168.69.89:43948, 9ceef694-dbcf-4070-b7b1-3b3c65b6a699:192.168.69.89:36536], old=null
2019-10-20 10:28:56,855 [df12c920-952d-4704-9c70-1a288e2f77c7@group-75987F7FE399-LeaderElection314] INFO  impl.RaftServerImpl (RaftServerImpl.java:setRole(184)) - df12c920-952d-4704-9c70-1a288e2f77c7@group-75987F7FE399: changes role from CANDIDATE to FOLLOWER at term 356 for DISCOVERED_A_NEW_TERM
2019-10-20 10:28:56,855 [df12c920-952d-4704-9c70-1a288e2f77c7@group-75987F7FE399-LeaderElection314] INFO  impl.RoleInfo (RoleInfo.java:shutdownLeaderElection(134)) - df12c920-952d-4704-9c70-1a288e2f77c7: shutdown LeaderElection
2019-10-20 10:28:56,855 [df12c920-952d-4704-9c70-1a288e2f77c7@group-75987F7FE399-LeaderElection314] INFO  impl.RoleInfo (RoleInfo.java:updateAndGet(143)) - df12c920-952d-4704-9c70-1a288e2f77c7: start FollowerState
2019-10-20 10:28:56,915 [Thread-2376] INFO  impl.FollowerState (FollowerState.java:run(108)) - df12c920-952d-4704-9c70-1a288e2f77c7@group-75987F7FE399-FollowerState: change to CANDIDATE, lastRpcTime:59ms, electionTimeout:59ms
2019-10-20 10:28:56,915 [Thread-2376] INFO  impl.RoleInfo (RoleInfo.java:shutdownFollowerState(121)) - df12c920-952d-4704-9c70-1a288e2f77c7: shutdown FollowerState
2019-10-20 10:28:56,915 [Thread-2376] INFO  impl.RaftServerImpl (RaftServerImpl.java:setRole(184)) - df12c920-952d-4704-9c70-1a288e2f77c7@group-75987F7FE399: changes role from  FOLLOWER to CANDIDATE at term 356 for changeToCandidate
2019-10-20 10:28:56,915 [Thread-2376] INFO  impl.RoleInfo (RoleInfo.java:updateAndGet(143)) - df12c920-952d-4704-9c70-1a288e2f77c7: start LeaderElection
2019-10-20 10:28:56,928 [df12c920-952d-4704-9c70-1a288e2f77c7@group-75987F7FE399-LeaderElection315] INFO  impl.LeaderElection (LeaderElection.java:askForVotes(178)) - df12c920-952d-4704-9c70-1a288e2f77c7@group-75987F7FE399-LeaderElection315: begin an election at term 357 for -1: [875da3d9-0dec-46c7-88bf-73f7a2372b64:192.168.69.89:39990, df12c920-952d-4704-9c70-1a288e2f77c7:192.168.69.89:43948, 9ceef694-dbcf-4070-b7b1-3b3c65b6a699:192.168.69.89:36536], old=null
2019-10-20 10:28:56,931 [grpc-default-executor-3] INFO  impl.RaftServerImpl (RaftServerImpl.java:setRole(184)) - 9ceef694-dbcf-4070-b7b1-3b3c65b6a699@group-75987F7FE399: changes role from  FOLLOWER to FOLLOWER at term 357 for recognizeCandidate:df12c920-952d-4704-9c70-1a288e2f77c7
2019-10-20 10:28:56,931 [grpc-default-executor-3] INFO  impl.RoleInfo (RoleInfo.java:shutdownFollowerState(121)) - 9ceef694-dbcf-4070-b7b1-3b3c65b6a699: shutdown FollowerState
2019-10-20 10:28:56,931 [grpc-default-executor-4] INFO  impl.RaftServerImpl (RaftServerImpl.java:setRole(184)) - 875da3d9-0dec-46c7-88bf-73f7a2372b64@group-75987F7FE399: changes role from  FOLLOWER to FOLLOWER at term 357 for recognizeCandidate:df12c920-952d-4704-9c70-1a288e2f77c7
2019-10-20 10:28:56,931 [grpc-default-executor-4] INFO  impl.RoleInfo (RoleInfo.java:shutdownFollowerState(121)) - 875da3d9-0dec-46c7-88bf-73f7a2372b64: shutdown FollowerState
2019-10-20 10:28:56,931 [Thread-2375] INFO  impl.FollowerState (FollowerState.java:run(117)) - 9ceef694-dbcf-4070-b7b1-3b3c65b6a699@group-75987F7FE399-FollowerState was interrupted: java.lang.InterruptedException: sleep interrupted
2019-10-20 10:28:56,931 [grpc-default-executor-3] INFO  impl.RoleInfo (RoleInfo.java:updateAndGet(143)) - 9ceef694-dbcf-4070-b7b1-3b3c65b6a699: start FollowerState
2019-10-20 10:28:56,931 [Thread-2374] INFO  impl.FollowerState (FollowerState.java:run(117)) - 875da3d9-0dec-46c7-88bf-73f7a2372b64@group-75987F7FE399-FollowerState was interrupted: java.lang.InterruptedException: sleep interrupted
2019-10-20 10:28:56,931 [grpc-default-executor-4] INFO  impl.RoleInfo (RoleInfo.java:updateAndGet(143)) - 875da3d9-0dec-46c7-88bf-73f7a2372b64: start FollowerState
2019-10-20 10:28:56,949 [df12c920-952d-4704-9c70-1a288e2f77c7@group-75987F7FE399-LeaderElection315] INFO  impl.LeaderElection (LeaderElection.java:logAndReturn(56)) - df12c920-952d-4704-9c70-1a288e2f77c7@group-75987F7FE399-LeaderElection315: Election TIMEOUT; received 0 response(s) [] and 0 exception(s); df12c920-952d-4704-9c70-1a288e2f77c7@group-75987F7FE399:t357, leader=null, voted=df12c920-952d-4704-9c70-1a288e2f77c7, raftlog=df12c920-952d-4704-9c70-1a288e2f77c7@group-75987F7FE399-SegmentedRaftLog:OPENED:c-1,f-1,i0, conf=-1: [875da3d9-0dec-46c7-88bf-73f7a2372b64:192.168.69.89:39990, df12c920-952d-4704-9c70-1a288e2f77c7:192.168.69.89:43948, 9ceef694-dbcf-4070-b7b1-3b3c65b6a699:192.168.69.89:36536], old=null
2019-10-20 10:28:56,958 [df12c920-952d-4704-9c70-1a288e2f77c7@group-75987F7FE399-LeaderElection315] INFO  impl.LeaderElection (LeaderElection.java:askForVotes(178)) - df12c920-952d-4704-9c70-1a288e2f77c7@group-75987F7FE399-LeaderElection315: begin an election at term 358 for -1: [875da3d9-0dec-46c7-88bf-73f7a2372b64:192.168.69.89:39990, df12c920-952d-4704-9c70-1a288e2f77c7:192.168.69.89:43948, 9ceef694-dbcf-4070-b7b1-3b3c65b6a699:192.168.69.89:36536], old=null
2019-10-20 10:28:56,960 [grpc-default-executor-3] INFO  impl.RaftServerImpl (RaftServerImpl.java:setRole(184)) - 875da3d9-0dec-46c7-88bf-73f7a2372b64@group-75987F7FE399: changes role from  FOLLOWER to FOLLOWER at term 358 for recognizeCandidate:df12c920-952d-4704-9c70-1a288e2f77c7
2019-10-20 10:28:56,960 [grpc-default-executor-4] INFO  impl.RaftServerImpl (RaftServerImpl.java:setRole(184)) - 9ceef694-dbcf-4070-b7b1-3b3c65b6a699@group-75987F7FE399: changes role from  FOLLOWER to FOLLOWER at term 358 for recognizeCandidate:df12c920-952d-4704-9c70-1a288e2f77c7
2019-10-20 10:28:56,960 [grpc-default-executor-3] INFO  impl.RoleInfo (RoleInfo.java:shutdownFollowerState(121)) - 875da3d9-0dec-46c7-88bf-73f7a2372b64: shutdown FollowerState
2019-10-20 10:28:56,961 [grpc-default-executor-4] INFO  impl.RoleInfo (RoleInfo.java:shutdownFollowerState(121)) - 9ceef694-dbcf-4070-b7b1-3b3c65b6a699: shutdown FollowerState
2019-10-20 10:28:56,961 [Thread-2381] INFO  impl.FollowerState (FollowerState.java:run(117)) - 875da3d9-0dec-46c7-88bf-73f7a2372b64@group-75987F7FE399-FollowerState was interrupted: java.lang.InterruptedException: sleep interrupted
2019-10-20 10:28:56,961 [grpc-default-executor-3] INFO  impl.RoleInfo (RoleInfo.java:updateAndGet(143)) - 875da3d9-0dec-46c7-88bf-73f7a2372b64: start FollowerState
2019-10-20 10:28:56,961 [Thread-2380] INFO  impl.FollowerState (FollowerState.java:run(117)) - 9ceef694-dbcf-4070-b7b1-3b3c65b6a699@group-75987F7FE399-FollowerState was interrupted: java.lang.InterruptedException: sleep interrupted
2019-10-20 10:28:56,961 [grpc-default-executor-4] INFO  impl.RoleInfo (RoleInfo.java:updateAndGet(143)) - 9ceef694-dbcf-4070-b7b1-3b3c65b6a699: start FollowerState
2019-10-20 10:28:56,987 [df12c920-952d-4704-9c70-1a288e2f77c7@group-75987F7FE399-LeaderElection315] INFO  impl.LeaderElection (LeaderElection.java:logAndReturn(56)) - df12c920-952d-4704-9c70-1a288e2f77c7@group-75987F7FE399-LeaderElection315: Election REJECTED; received 2 response(s) [df12c920-952d-4704-9c70-1a288e2f77c7<-875da3d9-0dec-46c7-88bf-73f7a2372b64#0:FAIL-t358, df12c920-952d-4704-9c70-1a288e2f77c7<-9ceef694-dbcf-4070-b7b1-3b3c65b6a699#0:FAIL-t358] and 0 exception(s); df12c920-952d-4704-9c70-1a288e2f77c7@group-75987F7FE399:t358, leader=null, voted=df12c920-952d-4704-9c70-1a288e2f77c7, raftlog=df12c920-952d-4704-9c70-1a288e2f77c7@group-75987F7FE399-SegmentedRaftLog:OPENED:c-1,f-1,i0, conf=-1: [875da3d9-0dec-46c7-88bf-73f7a2372b64:192.168.69.89:39990, df12c920-952d-4704-9c70-1a288e2f77c7:192.168.69.89:43948, 9ceef694-dbcf-4070-b7b1-3b3c65b6a699:192.168.69.89:36536], old=null
2019-10-20 10:28:56,987 [df12c920-952d-4704-9c70-1a288e2f77c7@group-75987F7FE399-LeaderElection315] INFO  impl.RaftServerImpl (RaftServerImpl.java:setRole(184)) - df12c920-952d-4704-9c70-1a288e2f77c7@group-75987F7FE399: changes role from CANDIDATE to FOLLOWER at term 358 for DISCOVERED_A_NEW_TERM
2019-10-20 10:28:56,987 [df12c920-952d-4704-9c70-1a288e2f77c7@group-75987F7FE399-LeaderElection315] INFO  impl.RoleInfo (RoleInfo.java:shutdownLeaderElection(134)) - df12c920-952d-4704-9c70-1a288e2f77c7: shutdown LeaderElection
2019-10-20 10:28:56,987 [df12c920-952d-4704-9c70-1a288e2f77c7@group-75987F7FE399-LeaderElection315] INFO  impl.RoleInfo (RoleInfo.java:updateAndGet(143)) - df12c920-952d-4704-9c70-1a288e2f77c7: start FollowerState
2019-10-20 10:28:57,052 [Thread-2386] INFO  impl.FollowerState (FollowerState.java:run(108)) - df12c920-952d-4704-9c70-1a288e2f77c7@group-75987F7FE399-FollowerState: change to CANDIDATE, lastRpcTime:65ms, electionTimeout:65ms
2019-10-20 10:28:57,053 [Thread-2386] INFO  impl.RoleInfo (RoleInfo.java:shutdownFollowerState(121)) - df12c920-952d-4704-9c70-1a288e2f77c7: shutdown FollowerState
2019-10-20 10:28:57,053 [Thread-2386] INFO  impl.RaftServerImpl (RaftServerImpl.java:setRole(184)) - df12c920-952d-4704-9c70-1a288e2f77c7@group-75987F7FE399: changes role from  FOLLOWER to CANDIDATE at term 358 for changeToCandidate
2019-10-20 10:28:57,053 [Thread-2386] INFO  impl.RoleInfo (RoleInfo.java:updateAndGet(143)) - df12c920-952d-4704-9c70-1a288e2f77c7: start LeaderElection
2019-10-20 10:28:57,066 [df12c920-952d-4704-9c70-1a288e2f77c7@group-75987F7FE399-LeaderElection316] INFO  impl.LeaderElection (LeaderElection.java:askForVotes(178)) - df12c920-952d-4704-9c70-1a288e2f77c7@group-75987F7FE399-LeaderElection316: begin an election at term 359 for -1: [875da3d9-0dec-46c7-88bf-73f7a2372b64:192.168.69.89:39990, df12c920-952d-4704-9c70-1a288e2f77c7:192.168.69.89:43948, 9ceef694-dbcf-4070-b7b1-3b3c65b6a699:192.168.69.89:36536], old=null
2019-10-20 10:28:57,067 [grpc-default-executor-4] INFO  impl.RaftServerImpl (RaftServerImpl.java:setRole(184)) - 875da3d9-0dec-46c7-88bf-73f7a2372b64@group-75987F7FE399: changes role from  FOLLOWER to FOLLOWER at term 359 for recognizeCandidate:df12c920-952d-4704-9c70-1a288e2f77c7
2019-10-20 10:28:57,068 [grpc-default-executor-4] INFO  impl.RoleInfo (RoleInfo.java:shutdownFollowerState(121)) - 875da3d9-0dec-46c7-88bf-73f7a2372b64: shutdown FollowerState
2019-10-20 10:28:57,068 [grpc-default-executor-4] INFO  impl.RoleInfo (RoleInfo.java:updateAndGet(143)) - 875da3d9-0dec-46c7-88bf-73f7a2372b64: start FollowerState
2019-10-20 10:28:57,068 [Thread-2384] INFO  impl.FollowerState (FollowerState.java:run(117)) - 875da3d9-0dec-46c7-88bf-73f7a2372b64@group-75987F7FE399-FollowerState was interrupted: java.lang.InterruptedException: sleep interrupted
2019-10-20 10:28:57,068 [grpc-default-executor-3] INFO  impl.RaftServerImpl (RaftServerImpl.java:setRole(184)) - 9ceef694-dbcf-4070-b7b1-3b3c65b6a699@group-75987F7FE399: changes role from  FOLLOWER to FOLLOWER at term 359 for recognizeCandidate:df12c920-952d-4704-9c70-1a288e2f77c7
2019-10-20 10:28:57,068 [grpc-default-executor-3] INFO  impl.RoleInfo (RoleInfo.java:shutdownFollowerState(121)) - 9ceef694-dbcf-4070-b7b1-3b3c65b6a699: shutdown FollowerState
2019-10-20 10:28:57,068 [grpc-default-executor-3] INFO  impl.RoleInfo (RoleInfo.java:updateAndGet(143)) - 9ceef694-dbcf-4070-b7b1-3b3c65b6a699: start FollowerState
2019-10-20 10:28:57,068 [Thread-2385] INFO  impl.FollowerState (FollowerState.java:run(117)) - 9ceef694-dbcf-4070-b7b1-3b3c65b6a699@group-75987F7FE399-FollowerState was interrupted: java.lang.InterruptedException: sleep interrupted
2019-10-20 10:28:57,098 [df12c920-952d-4704-9c70-1a288e2f77c7@group-75987F7FE399-LeaderElection316] INFO  impl.LeaderElection (LeaderElection.java:logAndReturn(56)) - df12c920-952d-4704-9c70-1a288e2f77c7@group-75987F7FE399-LeaderElection316: Election REJECTED; received 2 response(s) [df12c920-952d-4704-9c70-1a288e2f77c7<-875da3d9-0dec-46c7-88bf-73f7a2372b64#0:FAIL-t359, df12c920-952d-4704-9c70-1a288e2f77c7<-9ceef694-dbcf-4070-b7b1-3b3c65b6a699#0:FAIL-t359] and 0 exception(s); df12c920-952d-4704-9c70-1a288e2f77c7@group-75987F7FE399:t359, leader=null, voted=df12c920-952d-4704-9c70-1a288e2f77c7, raftlog=df12c920-952d-4704-9c70-1a288e2f77c7@group-75987F7FE399-SegmentedRaftLog:OPENED:c-1,f-1,i0, conf=-1: [875da3d9-0dec-46c7-88bf-73f7a2372b64:192.168.69.89:39990, df12c920-952d-4704-9c70-1a288e2f77c7:192.168.69.89:43948, 9ceef694-dbcf-4070-b7b1-3b3c65b6a699:192.168.69.89:36536], old=null
2019-10-20 10:28:57,098 [df12c920-952d-4704-9c70-1a288e2f77c7@group-75987F7FE399-LeaderElection316] INFO  impl.RaftServerImpl (RaftServerImpl.java:setRole(184)) - df12c920-952d-4704-9c70-1a288e2f77c7@group-75987F7FE399: changes role from CANDIDATE to FOLLOWER at term 359 for DISCOVERED_A_NEW_TERM
2019-10-20 10:28:57,098 [df12c920-952d-4704-9c70-1a288e2f77c7@group-75987F7FE399-LeaderElection316] INFO  impl.RoleInfo (RoleInfo.java:shutdownLeaderElection(134)) - df12c920-952d-4704-9c70-1a288e2f77c7: shutdown LeaderElection
2019-10-20 10:28:57,099 [df12c920-952d-4704-9c70-1a288e2f77c7@group-75987F7FE399-LeaderElection316] INFO  impl.RoleInfo (RoleInfo.java:updateAndGet(143)) - df12c920-952d-4704-9c70-1a288e2f77c7: start FollowerState
2019-10-20 10:28:57,263 [Thread-2392] INFO  impl.FollowerState (FollowerState.java:run(108)) - df12c920-952d-4704-9c70-1a288e2f77c7@group-75987F7FE399-FollowerState: change to CANDIDATE, lastRpcTime:164ms, electionTimeout:164ms
2019-10-20 10:28:57,263 [Thread-2392] INFO  impl.RoleInfo (RoleInfo.java:shutdownFollowerState(121)) - df12c920-952d-4704-9c70-1a288e2f77c7: shutdown FollowerState
2019-10-20 10:28:57,263 [Thread-2392] INFO  impl.RaftServerImpl (RaftServerImpl.java:setRole(184)) - df12c920-952d-4704-9c70-1a288e2f77c7@group-75987F7FE399: changes role from  FOLLOWER to CANDIDATE at term 359 for changeToCandidate
2019-10-20 10:28:57,263 [Thread-2392] INFO  impl.RoleInfo (RoleInfo.java:updateAndGet(143)) - df12c920-952d-4704-9c70-1a288e2f77c7: start LeaderElection
2019-10-20 10:28:57,286 [df12c920-952d-4704-9c70-1a288e2f77c7@group-75987F7FE399-LeaderElection317] INFO  impl.LeaderElection (LeaderElection.java:askForVotes(178)) - df12c920-952d-4704-9c70-1a288e2f77c7@group-75987F7FE399-LeaderElection317: begin an election at term 360 for -1: [875da3d9-0dec-46c7-88bf-73f7a2372b64:192.168.69.89:39990, df12c920-952d-4704-9c70-1a288e2f77c7:192.168.69.89:43948, 9ceef694-dbcf-4070-b7b1-3b3c65b6a699:192.168.69.89:36536], old=null
2019-10-20 10:28:57,287 [grpc-default-executor-3] INFO  impl.RaftServerImpl (RaftServerImpl.java:setRole(184)) - 875da3d9-0dec-46c7-88bf-73f7a2372b64@group-75987F7FE399: changes role from  FOLLOWER to FOLLOWER at term 360 for recognizeCandidate:df12c920-952d-4704-9c70-1a288e2f77c7
2019-10-20 10:28:57,288 [grpc-default-executor-3] INFO  impl.RoleInfo (RoleInfo.java:shutdownFollowerState(121)) - 875da3d9-0dec-46c7-88bf-73f7a2372b64: shutdown FollowerState
2019-10-20 10:28:57,288 [grpc-default-executor-4] INFO  impl.RaftServerImpl (RaftServerImpl.java:setRole(184)) - 9ceef694-dbcf-4070-b7b1-3b3c65b6a699@group-75987F7FE399: changes role from  FOLLOWER to FOLLOWER at term 360 for recognizeCandidate:df12c920-952d-4704-9c70-1a288e2f77c7
2019-10-20 10:28:57,288 [grpc-default-executor-4] INFO  impl.RoleInfo (RoleInfo.java:shutdownFollowerState(121)) - 9ceef694-dbcf-4070-b7b1-3b3c65b6a699: shutdown FollowerState
2019-10-20 10:28:57,288 [Thread-2390] INFO  impl.FollowerState (FollowerState.java:run(117)) - 875da3d9-0dec-46c7-88bf-73f7a2372b64@group-75987F7FE399-FollowerState was interrupted: java.lang.InterruptedException: sleep interrupted
2019-10-20 10:28:57,288 [grpc-default-executor-3] INFO  impl.RoleInfo (RoleInfo.java:updateAndGet(143)) - 875da3d9-0dec-46c7-88bf-73f7a2372b64: start FollowerState
2019-10-20 10:28:57,288 [Thread-2391] INFO  impl.FollowerState (FollowerState.java:run(117)) - 9ceef694-dbcf-4070-b7b1-3b3c65b6a699@group-75987F7FE399-FollowerState was interrupted: java.lang.InterruptedException: sleep interrupted
2019-10-20 10:28:57,288 [grpc-default-executor-4] INFO  impl.RoleInfo (RoleInfo.java:updateAndGet(143)) - 9ceef694-dbcf-4070-b7b1-3b3c65b6a699: start FollowerState
2019-10-20 10:28:57,304 [df12c920-952d-4704-9c70-1a288e2f77c7@group-75987F7FE399-LeaderElection317] INFO  impl.LeaderElection (LeaderElection.java:logAndReturn(56)) - df12c920-952d-4704-9c70-1a288e2f77c7@group-75987F7FE399-LeaderElection317: Election REJECTED; received 2 response(s) [df12c920-952d-4704-9c70-1a288e2f77c7<-875da3d9-0dec-46c7-88bf-73f7a2372b64#0:FAIL-t360, df12c920-952d-4704-9c70-1a288e2f77c7<-9ceef694-dbcf-4070-b7b1-3b3c65b6a699#0:FAIL-t360] and 0 exception(s); df12c920-952d-4704-9c70-1a288e2f77c7@group-75987F7FE399:t360, leader=null, voted=df12c920-952d-4704-9c70-1a288e2f77c7, raftlog=df12c920-952d-4704-9c70-1a288e2f77c7@group-75987F7FE399-SegmentedRaftLog:OPENED:c-1,f-1,i0, conf=-1: [875da3d9-0dec-46c7-88bf-73f7a2372b64:192.168.69.89:39990, df12c920-952d-4704-9c70-1a288e2f77c7:192.168.69.89:43948, 9ceef694-dbcf-4070-b7b1-3b3c65b6a699:192.168.69.89:36536], old=null
2019-10-20 10:28:57,304 [df12c920-952d-4704-9c70-1a288e2f77c7@group-75987F7FE399-LeaderElection317] INFO  impl.RaftServerImpl (RaftServerImpl.java:setRole(184)) - df12c920-952d-4704-9c70-1a288e2f77c7@group-75987F7FE399: changes role from CANDIDATE to FOLLOWER at term 360 for DISCOVERED_A_NEW_TERM
2019-10-20 10:28:57,304 [df12c920-952d-4704-9c70-1a288e2f77c7@group-75987F7FE399-LeaderElection317] INFO  impl.RoleInfo (RoleInfo.java:shutdownLeaderElection(134)) - df12c920-952d-4704-9c70-1a288e2f77c7: shutdown LeaderElection
2019-10-20 10:28:57,305 [df12c920-952d-4704-9c70-1a288e2f77c7@group-75987F7FE399-LeaderElection317] INFO  impl.RoleInfo (RoleInfo.java:updateAndGet(143)) - df12c920-952d-4704-9c70-1a288e2f77c7: start FollowerState
2019-10-20 10:28:57,415 [Thread-2400] INFO  impl.FollowerState (FollowerState.java:run(108)) - df12c920-952d-4704-9c70-1a288e2f77c7@group-75987F7FE399-FollowerState: change to CANDIDATE, lastRpcTime:110ms, electionTimeout:110ms
2019-10-20 10:28:57,415 [Thread-2400] INFO  impl.RoleInfo (RoleInfo.java:shutdownFollowerState(121)) - df12c920-952d-4704-9c70-1a288e2f77c7: shutdown FollowerState
2019-10-20 10:28:57,415 [Thread-2400] INFO  impl.RaftServerImpl (RaftServerImpl.java:setRole(184)) - df12c920-952d-4704-9c70-1a288e2f77c7@group-75987F7FE399: changes role from  FOLLOWER to CANDIDATE at term 360 for changeToCandidate
2019-10-20 10:28:57,416 [Thread-2400] INFO  impl.RoleInfo (RoleInfo.java:updateAndGet(143)) - df12c920-952d-4704-9c70-1a288e2f77c7: start LeaderElection
2019-10-20 10:28:57,442 [df12c920-952d-4704-9c70-1a288e2f77c7@group-75987F7FE399-LeaderElection318] INFO  impl.LeaderElection (LeaderElection.java:askForVotes(178)) - df12c920-952d-4704-9c70-1a288e2f77c7@group-75987F7FE399-LeaderElection318: begin an election at term 361 for -1: [875da3d9-0dec-46c7-88bf-73f7a2372b64:192.168.69.89:39990, df12c920-952d-4704-9c70-1a288e2f77c7:192.168.69.89:43948, 9ceef694-dbcf-4070-b7b1-3b3c65b6a699:192.168.69.89:36536], old=null
2019-10-20 10:28:57,443 [grpc-default-executor-3] INFO  impl.RaftServerImpl (RaftServerImpl.java:setRole(184)) - 875da3d9-0dec-46c7-88bf-73f7a2372b64@group-75987F7FE399: changes role from  FOLLOWER to FOLLOWER at term 361 for recognizeCandidate:df12c920-952d-4704-9c70-1a288e2f77c7
2019-10-20 10:28:57,444 [grpc-default-executor-4] INFO  impl.RaftServerImpl (RaftServerImpl.java:setRole(184)) - 9ceef694-dbcf-4070-b7b1-3b3c65b6a699@group-75987F7FE399: changes role from  FOLLOWER to FOLLOWER at term 361 for recognizeCandidate:df12c920-952d-4704-9c70-1a288e2f77c7
2019-10-20 10:28:57,444 [grpc-default-executor-4] INFO  impl.RoleInfo (RoleInfo.java:shutdownFollowerState(121)) - 9ceef694-dbcf-4070-b7b1-3b3c65b6a699: shutdown FollowerState
2019-10-20 10:28:57,444 [grpc-default-executor-3] INFO  impl.RoleInfo (RoleInfo.java:shutdownFollowerState(121)) - 875da3d9-0dec-46c7-88bf-73f7a2372b64: shutdown FollowerState
2019-10-20 10:28:57,444 [Thread-2399] INFO  impl.FollowerState (FollowerState.java:run(117)) - 9ceef694-dbcf-4070-b7b1-3b3c65b6a699@group-75987F7FE399-FollowerState was interrupted: java.lang.InterruptedException: sleep interrupted
2019-10-20 10:28:57,444 [grpc-default-executor-4] INFO  impl.RoleInfo (RoleInfo.java:updateAndGet(143)) - 9ceef694-dbcf-4070-b7b1-3b3c65b6a699: start FollowerState
2019-10-20 10:28:57,444 [Thread-2398] INFO  impl.FollowerState (FollowerState.java:run(117)) - 875da3d9-0dec-46c7-88bf-73f7a2372b64@group-75987F7FE399-FollowerState was interrupted: java.lang.InterruptedException: sleep interrupted
2019-10-20 10:28:57,444 [grpc-default-executor-3] INFO  impl.RoleInfo (RoleInfo.java:updateAndGet(143)) - 875da3d9-0dec-46c7-88bf-73f7a2372b64: start FollowerState
2019-10-20 10:28:57,460 [df12c920-952d-4704-9c70-1a288e2f77c7@group-75987F7FE399-LeaderElection318] INFO  impl.LeaderElection (LeaderElection.java:logAndReturn(56)) - df12c920-952d-4704-9c70-1a288e2f77c7@group-75987F7FE399-LeaderElection318: Election REJECTED; received 2 response(s) [df12c920-952d-4704-9c70-1a288e2f77c7<-875da3d9-0dec-46c7-88bf-73f7a2372b64#0:FAIL-t361, df12c920-952d-4704-9c70-1a288e2f77c7<-9ceef694-dbcf-4070-b7b1-3b3c65b6a699#0:FAIL-t361] and 0 exception(s); df12c920-952d-4704-9c70-1a288e2f77c7@group-75987F7FE399:t361, leader=null, voted=df12c920-952d-4704-9c70-1a288e2f77c7, raftlog=df12c920-952d-4704-9c70-1a288e2f77c7@group-75987F7FE399-SegmentedRaftLog:OPENED:c-1,f-1,i0, conf=-1: [875da3d9-0dec-46c7-88bf-73f7a2372b64:192.168.69.89:39990, df12c920-952d-4704-9c70-1a288e2f77c7:192.168.69.89:43948, 9ceef694-dbcf-4070-b7b1-3b3c65b6a699:192.168.69.89:36536], old=null
2019-10-20 10:28:57,460 [df12c920-952d-4704-9c70-1a288e2f77c7@group-75987F7FE399-LeaderElection318] INFO  impl.RaftServerImpl (RaftServerImpl.java:setRole(184)) - df12c920-952d-4704-9c70-1a288e2f77c7@group-75987F7FE399: changes role from CANDIDATE to FOLLOWER at term 361 for DISCOVERED_A_NEW_TERM
2019-10-20 10:28:57,460 [df12c920-952d-4704-9c70-1a288e2f77c7@group-75987F7FE399-LeaderElection318] INFO  impl.RoleInfo (RoleInfo.java:shutdownLeaderElection(134)) - df12c920-952d-4704-9c70-1a288e2f77c7: shutdown LeaderElection
2019-10-20 10:28:57,460 [df12c920-952d-4704-9c70-1a288e2f77c7@group-75987F7FE399-LeaderElection318] INFO  impl.RoleInfo (RoleInfo.java:updateAndGet(143)) - df12c920-952d-4704-9c70-1a288e2f77c7: start FollowerState
2019-10-20 10:28:57,650 [Thread-2406] INFO  impl.FollowerState (FollowerState.java:run(108)) - df12c920-952d-4704-9c70-1a288e2f77c7@group-75987F7FE399-FollowerState: change to CANDIDATE, lastRpcTime:189ms, electionTimeout:189ms
2019-10-20 10:28:57,650 [Thread-2406] INFO  impl.RoleInfo (RoleInfo.java:shutdownFollowerState(121)) - df12c920-952d-4704-9c70-1a288e2f77c7: shutdown FollowerState
2019-10-20 10:28:57,650 [Thread-2406] INFO  impl.RaftServerImpl (RaftServerImpl.java:setRole(184)) - df12c920-952d-4704-9c70-1a288e2f77c7@group-75987F7FE399: changes role from  FOLLOWER to CANDIDATE at term 361 for changeToCandidate
2019-10-20 10:28:57,650 [Thread-2406] INFO  impl.RoleInfo (RoleInfo.java:updateAndGet(143)) - df12c920-952d-4704-9c70-1a288e2f77c7: start LeaderElection
2019-10-20 10:28:57,676 [df12c920-952d-4704-9c70-1a288e2f77c7@group-75987F7FE399-LeaderElection319] INFO  impl.LeaderElection (LeaderElection.java:askForVotes(178)) - df12c920-952d-4704-9c70-1a288e2f77c7@group-75987F7FE399-LeaderElection319: begin an election at term 362 for -1: [875da3d9-0dec-46c7-88bf-73f7a2372b64:192.168.69.89:39990, df12c920-952d-4704-9c70-1a288e2f77c7:192.168.69.89:43948, 9ceef694-dbcf-4070-b7b1-3b3c65b6a699:192.168.69.89:36536], old=null
2019-10-20 10:28:57,678 [grpc-default-executor-3] INFO  impl.RaftServerImpl (RaftServerImpl.java:setRole(184)) - 875da3d9-0dec-46c7-88bf-73f7a2372b64@group-75987F7FE399: changes role from  FOLLOWER to FOLLOWER at term 362 for recognizeCandidate:df12c920-952d-4704-9c70-1a288e2f77c7
2019-10-20 10:28:57,678 [grpc-default-executor-4] INFO  impl.RaftServerImpl (RaftServerImpl.java:setRole(184)) - 9ceef694-dbcf-4070-b7b1-3b3c65b6a699@group-75987F7FE399: changes role from  FOLLOWER to FOLLOWER at term 362 for recognizeCandidate:df12c920-952d-4704-9c70-1a288e2f77c7
2019-10-20 10:28:57,678 [grpc-default-executor-4] INFO  impl.RoleInfo (RoleInfo.java:shutdownFollowerState(121)) - 9ceef694-dbcf-4070-b7b1-3b3c65b6a699: shutdown FollowerState
2019-10-20 10:28:57,678 [grpc-default-executor-3] INFO  impl.RoleInfo (RoleInfo.java:shutdownFollowerState(121)) - 875da3d9-0dec-46c7-88bf-73f7a2372b64: shutdown FollowerState
2019-10-20 10:28:57,678 [Thread-2404] INFO  impl.FollowerState (FollowerState.java:run(117)) - 9ceef694-dbcf-4070-b7b1-3b3c65b6a699@group-75987F7FE399-FollowerState was interrupted: java.lang.InterruptedException: sleep interrupted
2019-10-20 10:28:57,679 [Thread-2405] INFO  impl.FollowerState (FollowerState.java:run(117)) - 875da3d9-0dec-46c7-88bf-73f7a2372b64@group-75987F7FE399-FollowerState was interrupted: java.lang.InterruptedException: sleep interrupted
2019-10-20 10:28:57,678 [grpc-default-executor-4] INFO  impl.RoleInfo (RoleInfo.java:updateAndGet(143)) - 9ceef694-dbcf-4070-b7b1-3b3c65b6a699: start FollowerState
2019-10-20 10:28:57,678 [grpc-default-executor-3] INFO  impl.RoleInfo (RoleInfo.java:updateAndGet(143)) - 875da3d9-0dec-46c7-88bf-73f7a2372b64: start FollowerState
2019-10-20 10:28:57,705 [df12c920-952d-4704-9c70-1a288e2f77c7@group-75987F7FE399-LeaderElection319] INFO  impl.LeaderElection (LeaderElection.java:logAndReturn(56)) - df12c920-952d-4704-9c70-1a288e2f77c7@group-75987F7FE399-LeaderElection319: Election REJECTED; received 2 response(s) [df12c920-952d-4704-9c70-1a288e2f77c7<-875da3d9-0dec-46c7-88bf-73f7a2372b64#0:FAIL-t362, df12c920-952d-4704-9c70-1a288e2f77c7<-9ceef694-dbcf-4070-b7b1-3b3c65b6a699#0:FAIL-t362] and 0 exception(s); df12c920-952d-4704-9c70-1a288e2f77c7@group-75987F7FE399:t362, leader=null, voted=df12c920-952d-4704-9c70-1a288e2f77c7, raftlog=df12c920-952d-4704-9c70-1a288e2f77c7@group-75987F7FE399-SegmentedRaftLog:OPENED:c-1,f-1,i0, conf=-1: [875da3d9-0dec-46c7-88bf-73f7a2372b64:192.168.69.89:39990, df12c920-952d-4704-9c70-1a288e2f77c7:192.168.69.89:43948, 9ceef694-dbcf-4070-b7b1-3b3c65b6a699:192.168.69.89:36536], old=null
2019-10-20 10:28:57,705 [df12c920-952d-4704-9c70-1a288e2f77c7@group-75987F7FE399-LeaderElection319] INFO  impl.RaftServerImpl (RaftServerImpl.java:setRole(184)) - df12c920-952d-4704-9c70-1a288e2f77c7@group-75987F7FE399: changes role from CANDIDATE to FOLLOWER at term 362 for DISCOVERED_A_NEW_TERM
2019-10-20 10:28:57,705 [df12c920-952d-4704-9c70-1a288e2f77c7@group-75987F7FE399-LeaderElection319] INFO  impl.RoleInfo (RoleInfo.java:shutdownLeaderElection(134)) - df12c920-952d-4704-9c70-1a288e2f77c7: shutdown LeaderElection
2019-10-20 10:28:57,705 [df12c920-952d-4704-9c70-1a288e2f77c7@group-75987F7FE399-LeaderElection319] INFO  impl.RoleInfo (RoleInfo.java:updateAndGet(143)) - df12c920-952d-4704-9c70-1a288e2f77c7: start FollowerState
2019-10-20 10:28:57,808 [Thread-2412] INFO  impl.FollowerState (FollowerState.java:run(108)) - df12c920-952d-4704-9c70-1a288e2f77c7@group-75987F7FE399-FollowerState: change to CANDIDATE, lastRpcTime:102ms, electionTimeout:102ms
2019-10-20 10:28:57,808 [Thread-2412] INFO  impl.RoleInfo (RoleInfo.java:shutdownFollowerState(121)) - df12c920-952d-4704-9c70-1a288e2f77c7: shutdown FollowerState
2019-10-20 10:28:57,809 [Thread-2412] INFO  impl.RaftServerImpl (RaftServerImpl.java:setRole(184)) - df12c920-952d-4704-9c70-1a288e2f77c7@group-75987F7FE399: changes role from  FOLLOWER to CANDIDATE at term 362 for changeToCandidate
2019-10-20 10:28:57,809 [Thread-2412] INFO  impl.RoleInfo (RoleInfo.java:updateAndGet(143)) - df12c920-952d-4704-9c70-1a288e2f77c7: start LeaderElection
2019-10-20 10:28:57,824 [df12c920-952d-4704-9c70-1a288e2f77c7@group-75987F7FE399-LeaderElection320] INFO  impl.LeaderElection (LeaderElection.java:askForVotes(178)) - df12c920-952d-4704-9c70-1a288e2f77c7@group-75987F7FE399-LeaderElection320: begin an election at term 363 for -1: [875da3d9-0dec-46c7-88bf-73f7a2372b64:192.168.69.89:39990, df12c920-952d-4704-9c70-1a288e2f77c7:192.168.69.89:43948, 9ceef694-dbcf-4070-b7b1-3b3c65b6a699:192.168.69.89:36536], old=null
2019-10-20 10:28:57,831 [grpc-default-executor-4] INFO  impl.RaftServerImpl (RaftServerImpl.java:setRole(184)) - 9ceef694-dbcf-4070-b7b1-3b3c65b6a699@group-75987F7FE399: changes role from  FOLLOWER to FOLLOWER at term 363 for recognizeCandidate:df12c920-952d-4704-9c70-1a288e2f77c7
2019-10-20 10:28:57,831 [grpc-default-executor-3] INFO  impl.RaftServerImpl (RaftServerImpl.java:setRole(184)) - 875da3d9-0dec-46c7-88bf-73f7a2372b64@group-75987F7FE399: changes role from  FOLLOWER to FOLLOWER at term 363 for recognizeCandidate:df12c920-952d-4704-9c70-1a288e2f77c7
2019-10-20 10:28:57,831 [grpc-default-executor-4] INFO  impl.RoleInfo (RoleInfo.java:shutdownFollowerState(121)) - 9ceef694-dbcf-4070-b7b1-3b3c65b6a699: shutdown FollowerState
2019-10-20 10:28:57,832 [grpc-default-executor-3] INFO  impl.RoleInfo (RoleInfo.java:shutdownFollowerState(121)) - 875da3d9-0dec-46c7-88bf-73f7a2372b64: shutdown FollowerState
2019-10-20 10:28:57,832 [grpc-default-executor-4] INFO  impl.RoleInfo (RoleInfo.java:updateAndGet(143)) - 9ceef694-dbcf-4070-b7b1-3b3c65b6a699: start FollowerState
2019-10-20 10:28:57,832 [Thread-2411] INFO  impl.FollowerState (FollowerState.java:run(117)) - 875da3d9-0dec-46c7-88bf-73f7a2372b64@group-75987F7FE399-FollowerState was interrupted: java.lang.InterruptedException: sleep interrupted
2019-10-20 10:28:57,832 [Thread-2410] INFO  impl.FollowerState (FollowerState.java:run(117)) - 9ceef694-dbcf-4070-b7b1-3b3c65b6a699@group-75987F7FE399-FollowerState was interrupted: java.lang.InterruptedException: sleep interrupted
2019-10-20 10:28:57,832 [grpc-default-executor-3] INFO  impl.RoleInfo (RoleInfo.java:updateAndGet(143)) - 875da3d9-0dec-46c7-88bf-73f7a2372b64: start FollowerState
2019-10-20 10:28:57,847 [df12c920-952d-4704-9c70-1a288e2f77c7@group-75987F7FE399-LeaderElection320] INFO  impl.LeaderElection (LeaderElection.java:logAndReturn(56)) - df12c920-952d-4704-9c70-1a288e2f77c7@group-75987F7FE399-LeaderElection320: Election REJECTED; received 2 response(s) [df12c920-952d-4704-9c70-1a288e2f77c7<-875da3d9-0dec-46c7-88bf-73f7a2372b64#0:FAIL-t363, df12c920-952d-4704-9c70-1a288e2f77c7<-9ceef694-dbcf-4070-b7b1-3b3c65b6a699#0:FAIL-t363] and 0 exception(s); df12c920-952d-4704-9c70-1a288e2f77c7@group-75987F7FE399:t363, leader=null, voted=df12c920-952d-4704-9c70-1a288e2f77c7, raftlog=df12c920-952d-4704-9c70-1a288e2f77c7@group-75987F7FE399-SegmentedRaftLog:OPENED:c-1,f-1,i0, conf=-1: [875da3d9-0dec-46c7-88bf-73f7a2372b64:192.168.69.89:39990, df12c920-952d-4704-9c70-1a288e2f77c7:192.168.69.89:43948, 9ceef694-dbcf-4070-b7b1-3b3c65b6a699:192.168.69.89:36536], old=null
2019-10-20 10:28:57,848 [df12c920-952d-4704-9c70-1a288e2f77c7@group-75987F7FE399-LeaderElection320] INFO  impl.RaftServerImpl (RaftServerImpl.java:setRole(184)) - df12c920-952d-4704-9c70-1a288e2f77c7@group-75987F7FE399: changes role from CANDIDATE to FOLLOWER at term 363 for DISCOVERED_A_NEW_TERM
2019-10-20 10:28:57,848 [df12c920-952d-4704-9c70-1a288e2f77c7@group-75987F7FE399-LeaderElection320] INFO  impl.RoleInfo (RoleInfo.java:shutdownLeaderElection(134)) - df12c920-952d-4704-9c70-1a288e2f77c7: shutdown LeaderElection
2019-10-20 10:28:57,848 [df12c920-952d-4704-9c70-1a288e2f77c7@group-75987F7FE399-LeaderElection320] INFO  impl.RoleInfo (RoleInfo.java:updateAndGet(143)) - df12c920-952d-4704-9c70-1a288e2f77c7: start FollowerState
2019-10-20 10:28:57,945 [Thread-2418] INFO  impl.FollowerState (FollowerState.java:run(108)) - df12c920-952d-4704-9c70-1a288e2f77c7@group-75987F7FE399-FollowerState: change to CANDIDATE, lastRpcTime:97ms, electionTimeout:97ms
2019-10-20 10:28:57,946 [Thread-2418] INFO  impl.RoleInfo (RoleInfo.java:shutdownFollowerState(121)) - df12c920-952d-4704-9c70-1a288e2f77c7: shutdown FollowerState
2019-10-20 10:28:57,946 [Thread-2418] INFO  impl.RaftServerImpl (RaftServerImpl.java:setRole(184)) - df12c920-952d-4704-9c70-1a288e2f77c7@group-75987F7FE399: changes role from  FOLLOWER to CANDIDATE at term 363 for changeToCandidate
2019-10-20 10:28:57,946 [Thread-2418] INFO  impl.RoleInfo (RoleInfo.java:updateAndGet(143)) - df12c920-952d-4704-9c70-1a288e2f77c7: start LeaderElection
2019-10-20 10:28:57,961 [df12c920-952d-4704-9c70-1a288e2f77c7@group-75987F7FE399-LeaderElection321] INFO  impl.LeaderElection (LeaderElection.java:askForVotes(178)) - df12c920-952d-4704-9c70-1a288e2f77c7@group-75987F7FE399-LeaderElection321: begin an election at term 364 for -1: [875da3d9-0dec-46c7-88bf-73f7a2372b64:192.168.69.89:39990, df12c920-952d-4704-9c70-1a288e2f77c7:192.168.69.89:43948, 9ceef694-dbcf-4070-b7b1-3b3c65b6a699:192.168.69.89:36536], old=null
2019-10-20 10:28:57,963 [grpc-default-executor-4] INFO  impl.RaftServerImpl (RaftServerImpl.java:setRole(184)) - 9ceef694-dbcf-4070-b7b1-3b3c65b6a699@group-75987F7FE399: changes role from  FOLLOWER to FOLLOWER at term 364 for recognizeCandidate:df12c920-952d-4704-9c70-1a288e2f77c7
2019-10-20 10:28:57,963 [grpc-default-executor-4] INFO  impl.RoleInfo (RoleInfo.java:shutdownFollowerState(121)) - 9ceef694-dbcf-4070-b7b1-3b3c65b6a699: shutdown FollowerState
2019-10-20 10:28:57,963 [grpc-default-executor-3] INFO  impl.RaftServerImpl (RaftServerImpl.java:setRole(184)) - 875da3d9-0dec-46c7-88bf-73f7a2372b64@group-75987F7FE399: changes role from  FOLLOWER to FOLLOWER at term 364 for recognizeCandidate:df12c920-952d-4704-9c70-1a288e2f77c7
2019-10-20 10:28:57,963 [Thread-2416] INFO  impl.FollowerState (FollowerState.java:run(117)) - 9ceef694-dbcf-4070-b7b1-3b3c65b6a699@group-75987F7FE399-FollowerState was interrupted: java.lang.InterruptedException: sleep interrupted
2019-10-20 10:28:57,963 [grpc-default-executor-4] INFO  impl.RoleInfo (RoleInfo.java:updateAndGet(143)) - 9ceef694-dbcf-4070-b7b1-3b3c65b6a699: start FollowerState
2019-10-20 10:28:57,963 [grpc-default-executor-3] INFO  impl.RoleInfo (RoleInfo.java:shutdownFollowerState(121)) - 875da3d9-0dec-46c7-88bf-73f7a2372b64: shutdown FollowerState
2019-10-20 10:28:57,964 [grpc-default-executor-3] INFO  impl.RoleInfo (RoleInfo.java:updateAndGet(143)) - 875da3d9-0dec-46c7-88bf-73f7a2372b64: start FollowerState
2019-10-20 10:28:57,964 [Thread-2417] INFO  impl.FollowerState (FollowerState.java:run(117)) - 875da3d9-0dec-46c7-88bf-73f7a2372b64@group-75987F7FE399-FollowerState was interrupted: java.lang.InterruptedException: sleep interrupted
2019-10-20 10:28:57,980 [df12c920-952d-4704-9c70-1a288e2f77c7@group-75987F7FE399-LeaderElection321] INFO  impl.LeaderElection (LeaderElection.java:logAndReturn(56)) - df12c920-952d-4704-9c70-1a288e2f77c7@group-75987F7FE399-LeaderElection321: Election REJECTED; received 2 response(s) [df12c920-952d-4704-9c70-1a288e2f77c7<-875da3d9-0dec-46c7-88bf-73f7a2372b64#0:FAIL-t364, df12c920-952d-4704-9c70-1a288e2f77c7<-9ceef694-dbcf-4070-b7b1-3b3c65b6a699#0:FAIL-t364] and 0 exception(s); df12c920-952d-4704-9c70-1a288e2f77c7@group-75987F7FE399:t364, leader=null, voted=df12c920-952d-4704-9c70-1a288e2f77c7, raftlog=df12c920-952d-4704-9c70-1a288e2f77c7@group-75987F7FE399-SegmentedRaftLog:OPENED:c-1,f-1,i0, conf=-1: [875da3d9-0dec-46c7-88bf-73f7a2372b64:192.168.69.89:39990, df12c920-952d-4704-9c70-1a288e2f77c7:192.168.69.89:43948, 9ceef694-dbcf-4070-b7b1-3b3c65b6a699:192.168.69.89:36536], old=null
2019-10-20 10:28:57,980 [df12c920-952d-4704-9c70-1a288e2f77c7@group-75987F7FE399-LeaderElection321] INFO  impl.RaftServerImpl (RaftServerImpl.java:setRole(184)) - df12c920-952d-4704-9c70-1a288e2f77c7@group-75987F7FE399: changes role from CANDIDATE to FOLLOWER at term 364 for DISCOVERED_A_NEW_TERM
2019-10-20 10:28:57,980 [df12c920-952d-4704-9c70-1a288e2f77c7@group-75987F7FE399-LeaderElection321] INFO  impl.RoleInfo (RoleInfo.java:shutdownLeaderElection(134)) - df12c920-952d-4704-9c70-1a288e2f77c7: shutdown LeaderElection
2019-10-20 10:28:57,980 [df12c920-952d-4704-9c70-1a288e2f77c7@group-75987F7FE399-LeaderElection321] INFO  impl.RoleInfo (RoleInfo.java:updateAndGet(143)) - df12c920-952d-4704-9c70-1a288e2f77c7: start FollowerState
2019-10-20 10:28:58,173 [Thread-2424] INFO  impl.FollowerState (FollowerState.java:run(108)) - df12c920-952d-4704-9c70-1a288e2f77c7@group-75987F7FE399-FollowerState: change to CANDIDATE, lastRpcTime:192ms, electionTimeout:192ms
2019-10-20 10:28:58,173 [Thread-2424] INFO  impl.RoleInfo (RoleInfo.java:shutdownFollowerState(121)) - df12c920-952d-4704-9c70-1a288e2f77c7: shutdown FollowerState
2019-10-20 10:28:58,173 [Thread-2424] INFO  impl.RaftServerImpl (RaftServerImpl.java:setRole(184)) - df12c920-952d-4704-9c70-1a288e2f77c7@group-75987F7FE399: changes role from  FOLLOWER to CANDIDATE at term 364 for changeToCandidate
2019-10-20 10:28:58,174 [Thread-2424] INFO  impl.RoleInfo (RoleInfo.java:updateAndGet(143)) - df12c920-952d-4704-9c70-1a288e2f77c7: start LeaderElection
2019-10-20 10:28:58,188 [df12c920-952d-4704-9c70-1a288e2f77c7@group-75987F7FE399-LeaderElection322] INFO  impl.LeaderElection (LeaderElection.java:askForVotes(178)) - df12c920-952d-4704-9c70-1a288e2f77c7@group-75987F7FE399-LeaderElection322: begin an election at term 365 for -1: [875da3d9-0dec-46c7-88bf-73f7a2372b64:192.168.69.89:39990, df12c920-952d-4704-9c70-1a288e2f77c7:192.168.69.89:43948, 9ceef694-dbcf-4070-b7b1-3b3c65b6a699:192.168.69.89:36536], old=null
2019-10-20 10:28:58,190 [grpc-default-executor-3] INFO  impl.RaftServerImpl (RaftServerImpl.java:setRole(184)) - 875da3d9-0dec-46c7-88bf-73f7a2372b64@group-75987F7FE399: changes role from  FOLLOWER to FOLLOWER at term 365 for recognizeCandidate:df12c920-952d-4704-9c70-1a288e2f77c7
2019-10-20 10:28:58,191 [grpc-default-executor-3] INFO  impl.RoleInfo (RoleInfo.java:shutdownFollowerState(121)) - 875da3d9-0dec-46c7-88bf-73f7a2372b64: shutdown FollowerState
2019-10-20 10:28:58,190 [grpc-default-executor-4] INFO  impl.RaftServerImpl (RaftServerImpl.java:setRole(184)) - 9ceef694-dbcf-4070-b7b1-3b3c65b6a699@group-75987F7FE399: changes role from  FOLLOWER to FOLLOWER at term 365 for recognizeCandidate:df12c920-952d-4704-9c70-1a288e2f77c7
2019-10-20 10:28:58,191 [grpc-default-executor-4] INFO  impl.RoleInfo (RoleInfo.java:shutdownFollowerState(121)) - 9ceef694-dbcf-4070-b7b1-3b3c65b6a699: shutdown FollowerState
2019-10-20 10:28:58,191 [Thread-2423] INFO  impl.FollowerState (FollowerState.java:run(117)) - 875da3d9-0dec-46c7-88bf-73f7a2372b64@group-75987F7FE399-FollowerState was interrupted: java.lang.InterruptedException: sleep interrupted
2019-10-20 10:28:58,191 [grpc-default-executor-3] INFO  impl.RoleInfo (RoleInfo.java:updateAndGet(143)) - 875da3d9-0dec-46c7-88bf-73f7a2372b64: start FollowerState
2019-10-20 10:28:58,191 [Thread-2422] INFO  impl.FollowerState (FollowerState.java:run(117)) - 9ceef694-dbcf-4070-b7b1-3b3c65b6a699@group-75987F7FE399-FollowerState was interrupted: java.lang.InterruptedException: sleep interrupted
2019-10-20 10:28:58,191 [grpc-default-executor-4] INFO  impl.RoleInfo (RoleInfo.java:updateAndGet(143)) - 9ceef694-dbcf-4070-b7b1-3b3c65b6a699: start FollowerState
2019-10-20 10:28:58,196 [df12c920-952d-4704-9c70-1a288e2f77c7@group-75987F7FE399-LeaderElection322] INFO  impl.LeaderElection (LeaderElection.java:logAndReturn(56)) - df12c920-952d-4704-9c70-1a288e2f77c7@group-75987F7FE399-LeaderElection322: Election TIMEOUT; received 0 response(s) [] and 0 exception(s); df12c920-952d-4704-9c70-1a288e2f77c7@group-75987F7FE399:t365, leader=null, voted=df12c920-952d-4704-9c70-1a288e2f77c7, raftlog=df12c920-952d-4704-9c70-1a288e2f77c7@group-75987F7FE399-SegmentedRaftLog:OPENED:c-1,f-1,i0, conf=-1: [875da3d9-0dec-46c7-88bf-73f7a2372b64:192.168.69.89:39990, df12c920-952d-4704-9c70-1a288e2f77c7:192.168.69.89:43948, 9ceef694-dbcf-4070-b7b1-3b3c65b6a699:192.168.69.89:36536], old=null
2019-10-20 10:28:58,201 [df12c920-952d-4704-9c70-1a288e2f77c7@group-75987F7FE399-LeaderElection322] INFO  impl.LeaderElection (LeaderElection.java:askForVotes(178)) - df12c920-952d-4704-9c70-1a288e2f77c7@group-75987F7FE399-LeaderElection322: begin an election at term 366 for -1: [875da3d9-0dec-46c7-88bf-73f7a2372b64:192.168.69.89:39990, df12c920-952d-4704-9c70-1a288e2f77c7:192.168.69.89:43948, 9ceef694-dbcf-4070-b7b1-3b3c65b6a699:192.168.69.89:36536], old=null
2019-10-20 10:28:58,202 [grpc-default-executor-4] INFO  impl.RaftServerImpl (RaftServerImpl.java:setRole(184)) - 875da3d9-0dec-46c7-88bf-73f7a2372b64@group-75987F7FE399: changes role from  FOLLOWER to FOLLOWER at term 366 for recognizeCandidate:df12c920-952d-4704-9c70-1a288e2f77c7
2019-10-20 10:28:58,203 [grpc-default-executor-4] INFO  impl.RoleInfo (RoleInfo.java:shutdownFollowerState(121)) - 875da3d9-0dec-46c7-88bf-73f7a2372b64: shutdown FollowerState
2019-10-20 10:28:58,203 [grpc-default-executor-3] INFO  impl.RaftServerImpl (RaftServerImpl.java:setRole(184)) - 9ceef694-dbcf-4070-b7b1-3b3c65b6a699@group-75987F7FE399: changes role from  FOLLOWER to FOLLOWER at term 366 for recognizeCandidate:df12c920-952d-4704-9c70-1a288e2f77c7
2019-10-20 10:28:58,203 [grpc-default-executor-3] INFO  impl.RoleInfo (RoleInfo.java:shutdownFollowerState(121)) - 9ceef694-dbcf-4070-b7b1-3b3c65b6a699: shutdown FollowerState
2019-10-20 10:28:58,203 [grpc-default-executor-4] INFO  impl.RoleInfo (RoleInfo.java:updateAndGet(143)) - 875da3d9-0dec-46c7-88bf-73f7a2372b64: start FollowerState
2019-10-20 10:28:58,203 [Thread-2428] INFO  impl.FollowerState (FollowerState.java:run(117)) - 875da3d9-0dec-46c7-88bf-73f7a2372b64@group-75987F7FE399-FollowerState was interrupted: java.lang.InterruptedException: sleep interrupted
2019-10-20 10:28:58,203 [Thread-2429] INFO  impl.FollowerState (FollowerState.java:run(117)) - 9ceef694-dbcf-4070-b7b1-3b3c65b6a699@group-75987F7FE399-FollowerState was interrupted: java.lang.InterruptedException: sleep interrupted
2019-10-20 10:28:58,203 [grpc-default-executor-3] INFO  impl.RoleInfo (RoleInfo.java:updateAndGet(143)) - 9ceef694-dbcf-4070-b7b1-3b3c65b6a699: start FollowerState
2019-10-20 10:28:58,217 [df12c920-952d-4704-9c70-1a288e2f77c7@group-75987F7FE399-LeaderElection322] INFO  impl.LeaderElection (LeaderElection.java:logAndReturn(56)) - df12c920-952d-4704-9c70-1a288e2f77c7@group-75987F7FE399-LeaderElection322: Election REJECTED; received 2 response(s) [df12c920-952d-4704-9c70-1a288e2f77c7<-875da3d9-0dec-46c7-88bf-73f7a2372b64#0:FAIL-t366, df12c920-952d-4704-9c70-1a288e2f77c7<-9ceef694-dbcf-4070-b7b1-3b3c65b6a699#0:FAIL-t366] and 0 exception(s); df12c920-952d-4704-9c70-1a288e2f77c7@group-75987F7FE399:t366, leader=null, voted=df12c920-952d-4704-9c70-1a288e2f77c7, raftlog=df12c920-952d-4704-9c70-1a288e2f77c7@group-75987F7FE399-SegmentedRaftLog:OPENED:c-1,f-1,i0, conf=-1: [875da3d9-0dec-46c7-88bf-73f7a2372b64:192.168.69.89:39990, df12c920-952d-4704-9c70-1a288e2f77c7:192.168.69.89:43948, 9ceef694-dbcf-4070-b7b1-3b3c65b6a699:192.168.69.89:36536], old=null
2019-10-20 10:28:58,217 [df12c920-952d-4704-9c70-1a288e2f77c7@group-75987F7FE399-LeaderElection322] INFO  impl.RaftServerImpl (RaftServerImpl.java:setRole(184)) - df12c920-952d-4704-9c70-1a288e2f77c7@group-75987F7FE399: changes role from CANDIDATE to FOLLOWER at term 366 for DISCOVERED_A_NEW_TERM
2019-10-20 10:28:58,217 [df12c920-952d-4704-9c70-1a288e2f77c7@group-75987F7FE399-LeaderElection322] INFO  impl.RoleInfo (RoleInfo.java:shutdownLeaderElection(134)) - df12c920-952d-4704-9c70-1a288e2f77c7: shutdown LeaderElection
2019-10-20 10:28:58,217 [df12c920-952d-4704-9c70-1a288e2f77c7@group-75987F7FE399-LeaderElection322] INFO  impl.RoleInfo (RoleInfo.java:updateAndGet(143)) - df12c920-952d-4704-9c70-1a288e2f77c7: start FollowerState
2019-10-20 10:28:58,338 [Thread-2434] INFO  impl.FollowerState (FollowerState.java:run(108)) - df12c920-952d-4704-9c70-1a288e2f77c7@group-75987F7FE399-FollowerState: change to CANDIDATE, lastRpcTime:120ms, electionTimeout:120ms
2019-10-20 10:28:58,338 [Thread-2434] INFO  impl.RoleInfo (RoleInfo.java:shutdownFollowerState(121)) - df12c920-952d-4704-9c70-1a288e2f77c7: shutdown FollowerState
2019-10-20 10:28:58,338 [Thread-2434] INFO  impl.RaftServerImpl (RaftServerImpl.java:setRole(184)) - df12c920-952d-4704-9c70-1a288e2f77c7@group-75987F7FE399: changes role from  FOLLOWER to CANDIDATE at term 366 for changeToCandidate
2019-10-20 10:28:58,338 [Thread-2434] INFO  impl.RoleInfo (RoleInfo.java:updateAndGet(143)) - df12c920-952d-4704-9c70-1a288e2f77c7: start LeaderElection
2019-10-20 10:28:58,352 [df12c920-952d-4704-9c70-1a288e2f77c7@group-75987F7FE399-LeaderElection323] INFO  impl.LeaderElection (LeaderElection.java:askForVotes(178)) - df12c920-952d-4704-9c70-1a288e2f77c7@group-75987F7FE399-LeaderElection323: begin an election at term 367 for -1: [875da3d9-0dec-46c7-88bf-73f7a2372b64:192.168.69.89:39990, df12c920-952d-4704-9c70-1a288e2f77c7:192.168.69.89:43948, 9ceef694-dbcf-4070-b7b1-3b3c65b6a699:192.168.69.89:36536], old=null
2019-10-20 10:28:58,355 [grpc-default-executor-3] INFO  impl.RaftServerImpl (RaftServerImpl.java:setRole(184)) - 9ceef694-dbcf-4070-b7b1-3b3c65b6a699@group-75987F7FE399: changes role from  FOLLOWER to FOLLOWER at term 367 for recognizeCandidate:df12c920-952d-4704-9c70-1a288e2f77c7
2019-10-20 10:28:58,355 [grpc-default-executor-4] INFO  impl.RaftServerImpl (RaftServerImpl.java:setRole(184)) - 875da3d9-0dec-46c7-88bf-73f7a2372b64@group-75987F7FE399: changes role from  FOLLOWER to FOLLOWER at term 367 for recognizeCandidate:df12c920-952d-4704-9c70-1a288e2f77c7
2019-10-20 10:28:58,355 [grpc-default-executor-3] INFO  impl.RoleInfo (RoleInfo.java:shutdownFollowerState(121)) - 9ceef694-dbcf-4070-b7b1-3b3c65b6a699: shutdown FollowerState
2019-10-20 10:28:58,355 [grpc-default-executor-4] INFO  impl.RoleInfo (RoleInfo.java:shutdownFollowerState(121)) - 875da3d9-0dec-46c7-88bf-73f7a2372b64: shutdown FollowerState
2019-10-20 10:28:58,355 [Thread-2433] INFO  impl.FollowerState (FollowerState.java:run(117)) - 9ceef694-dbcf-4070-b7b1-3b3c65b6a699@group-75987F7FE399-FollowerState was interrupted: java.lang.InterruptedException: sleep interrupted
2019-10-20 10:28:58,355 [grpc-default-executor-3] INFO  impl.RoleInfo (RoleInfo.java:updateAndGet(143)) - 9ceef694-dbcf-4070-b7b1-3b3c65b6a699: start FollowerState
2019-10-20 10:28:58,355 [Thread-2432] INFO  impl.FollowerState (FollowerState.java:run(117)) - 875da3d9-0dec-46c7-88bf-73f7a2372b64@group-75987F7FE399-FollowerState was interrupted: java.lang.InterruptedException: sleep interrupted
2019-10-20 10:28:58,355 [grpc-default-executor-4] INFO  impl.RoleInfo (RoleInfo.java:updateAndGet(143)) - 875da3d9-0dec-46c7-88bf-73f7a2372b64: start FollowerState
2019-10-20 10:28:58,371 [df12c920-952d-4704-9c70-1a288e2f77c7@group-75987F7FE399-LeaderElection323] INFO  impl.LeaderElection (LeaderElection.java:logAndReturn(56)) - df12c920-952d-4704-9c70-1a288e2f77c7@group-75987F7FE399-LeaderElection323: Election REJECTED; received 2 response(s) [df12c920-952d-4704-9c70-1a288e2f77c7<-875da3d9-0dec-46c7-88bf-73f7a2372b64#0:FAIL-t367, df12c920-952d-4704-9c70-1a288e2f77c7<-9ceef694-dbcf-4070-b7b1-3b3c65b6a699#0:FAIL-t367] and 0 exception(s); df12c920-952d-4704-9c70-1a288e2f77c7@group-75987F7FE399:t367, leader=null, voted=df12c920-952d-4704-9c70-1a288e2f77c7, raftlog=df12c920-952d-4704-9c70-1a288e2f77c7@group-75987F7FE399-SegmentedRaftLog:OPENED:c-1,f-1,i0, conf=-1: [875da3d9-0dec-46c7-88bf-73f7a2372b64:192.168.69.89:39990, df12c920-952d-4704-9c70-1a288e2f77c7:192.168.69.89:43948, 9ceef694-dbcf-4070-b7b1-3b3c65b6a699:192.168.69.89:36536], old=null
2019-10-20 10:28:58,371 [df12c920-952d-4704-9c70-1a288e2f77c7@group-75987F7FE399-LeaderElection323] INFO  impl.RaftServerImpl (RaftServerImpl.java:setRole(184)) - df12c920-952d-4704-9c70-1a288e2f77c7@group-75987F7FE399: changes role from CANDIDATE to FOLLOWER at term 367 for DISCOVERED_A_NEW_TERM
2019-10-20 10:28:58,371 [df12c920-952d-4704-9c70-1a288e2f77c7@group-75987F7FE399-LeaderElection323] INFO  impl.RoleInfo (RoleInfo.java:shutdownLeaderElection(134)) - df12c920-952d-4704-9c70-1a288e2f77c7: shutdown LeaderElection
2019-10-20 10:28:58,372 [df12c920-952d-4704-9c70-1a288e2f77c7@group-75987F7FE399-LeaderElection323] INFO  impl.RoleInfo (RoleInfo.java:updateAndGet(143)) - df12c920-952d-4704-9c70-1a288e2f77c7: start FollowerState
2019-10-20 10:28:58,429 [Thread-2442] INFO  impl.FollowerState (FollowerState.java:run(108)) - df12c920-952d-4704-9c70-1a288e2f77c7@group-75987F7FE399-FollowerState: change to CANDIDATE, lastRpcTime:57ms, electionTimeout:57ms
2019-10-20 10:28:58,429 [Thread-2442] INFO  impl.RoleInfo (RoleInfo.java:shutdownFollowerState(121)) - df12c920-952d-4704-9c70-1a288e2f77c7: shutdown FollowerState
2019-10-20 10:28:58,429 [Thread-2442] INFO  impl.RaftServerImpl (RaftServerImpl.java:setRole(184)) - df12c920-952d-4704-9c70-1a288e2f77c7@group-75987F7FE399: changes role from  FOLLOWER to CANDIDATE at term 367 for changeToCandidate
2019-10-20 10:28:58,429 [Thread-2442] INFO  impl.RoleInfo (RoleInfo.java:updateAndGet(143)) - df12c920-952d-4704-9c70-1a288e2f77c7: start LeaderElection
2019-10-20 10:28:58,443 [df12c920-952d-4704-9c70-1a288e2f77c7@group-75987F7FE399-LeaderElection324] INFO  impl.LeaderElection (LeaderElection.java:askForVotes(178)) - df12c920-952d-4704-9c70-1a288e2f77c7@group-75987F7FE399-LeaderElection324: begin an election at term 368 for -1: [875da3d9-0dec-46c7-88bf-73f7a2372b64:192.168.69.89:39990, df12c920-952d-4704-9c70-1a288e2f77c7:192.168.69.89:43948, 9ceef694-dbcf-4070-b7b1-3b3c65b6a699:192.168.69.89:36536], old=null
2019-10-20 10:28:58,444 [grpc-default-executor-3] INFO  impl.RaftServerImpl (RaftServerImpl.java:setRole(184)) - 875da3d9-0dec-46c7-88bf-73f7a2372b64@group-75987F7FE399: changes role from  FOLLOWER to FOLLOWER at term 368 for recognizeCandidate:df12c920-952d-4704-9c70-1a288e2f77c7
2019-10-20 10:28:58,444 [grpc-default-executor-3] INFO  impl.RoleInfo (RoleInfo.java:shutdownFollowerState(121)) - 875da3d9-0dec-46c7-88bf-73f7a2372b64: shutdown FollowerState
2019-10-20 10:28:58,445 [grpc-default-executor-4] INFO  impl.RaftServerImpl (RaftServerImpl.java:setRole(184)) - 9ceef694-dbcf-4070-b7b1-3b3c65b6a699@group-75987F7FE399: changes role from  FOLLOWER to FOLLOWER at term 368 for recognizeCandidate:df12c920-952d-4704-9c70-1a288e2f77c7
2019-10-20 10:28:58,445 [grpc-default-executor-4] INFO  impl.RoleInfo (RoleInfo.java:shutdownFollowerState(121)) - 9ceef694-dbcf-4070-b7b1-3b3c65b6a699: shutdown FollowerState
2019-10-20 10:28:58,445 [Thread-2441] INFO  impl.FollowerState (FollowerState.java:run(117)) - 875da3d9-0dec-46c7-88bf-73f7a2372b64@group-75987F7FE399-FollowerState was interrupted: java.lang.InterruptedException: sleep interrupted
2019-10-20 10:28:58,445 [Thread-2440] INFO  impl.FollowerState (FollowerState.java:run(117)) - 9ceef694-dbcf-4070-b7b1-3b3c65b6a699@group-75987F7FE399-FollowerState was interrupted: java.lang.InterruptedException: sleep interrupted
2019-10-20 10:28:58,445 [grpc-default-executor-3] INFO  impl.RoleInfo (RoleInfo.java:updateAndGet(143)) - 875da3d9-0dec-46c7-88bf-73f7a2372b64: start FollowerState
2019-10-20 10:28:58,445 [grpc-default-executor-4] INFO  impl.RoleInfo (RoleInfo.java:updateAndGet(143)) - 9ceef694-dbcf-4070-b7b1-3b3c65b6a699: start FollowerState
2019-10-20 10:28:58,469 [df12c920-952d-4704-9c70-1a288e2f77c7@group-75987F7FE399-LeaderElection324] INFO  impl.LeaderElection (LeaderElection.java:logAndReturn(56)) - df12c920-952d-4704-9c70-1a288e2f77c7@group-75987F7FE399-LeaderElection324: Election REJECTED; received 2 response(s) [df12c920-952d-4704-9c70-1a288e2f77c7<-875da3d9-0dec-46c7-88bf-73f7a2372b64#0:FAIL-t368, df12c920-952d-4704-9c70-1a288e2f77c7<-9ceef694-dbcf-4070-b7b1-3b3c65b6a699#0:FAIL-t368] and 0 exception(s); df12c920-952d-4704-9c70-1a288e2f77c7@group-75987F7FE399:t368, leader=null, voted=df12c920-952d-4704-9c70-1a288e2f77c7, raftlog=df12c920-952d-4704-9c70-1a288e2f77c7@group-75987F7FE399-SegmentedRaftLog:OPENED:c-1,f-1,i0, conf=-1: [875da3d9-0dec-46c7-88bf-73f7a2372b64:192.168.69.89:39990, df12c920-952d-4704-9c70-1a288e2f77c7:192.168.69.89:43948, 9ceef694-dbcf-4070-b7b1-3b3c65b6a699:192.168.69.89:36536], old=null
2019-10-20 10:28:58,470 [df12c920-952d-4704-9c70-1a288e2f77c7@group-75987F7FE399-LeaderElection324] INFO  impl.RaftServerImpl (RaftServerImpl.java:setRole(184)) - df12c920-952d-4704-9c70-1a288e2f77c7@group-75987F7FE399: changes role from CANDIDATE to FOLLOWER at term 368 for DISCOVERED_A_NEW_TERM
2019-10-20 10:28:58,470 [df12c920-952d-4704-9c70-1a288e2f77c7@group-75987F7FE399-LeaderElection324] INFO  impl.RoleInfo (RoleInfo.java:shutdownLeaderElection(134)) - df12c920-952d-4704-9c70-1a288e2f77c7: shutdown LeaderElection
2019-10-20 10:28:58,470 [df12c920-952d-4704-9c70-1a288e2f77c7@group-75987F7FE399-LeaderElection324] INFO  impl.RoleInfo (RoleInfo.java:updateAndGet(143)) - df12c920-952d-4704-9c70-1a288e2f77c7: start FollowerState
2019-10-20 10:28:58,531 [Thread-2448] INFO  impl.FollowerState (FollowerState.java:run(108)) - df12c920-952d-4704-9c70-1a288e2f77c7@group-75987F7FE399-FollowerState: change to CANDIDATE, lastRpcTime:61ms, electionTimeout:61ms
2019-10-20 10:28:58,531 [Thread-2448] INFO  impl.RoleInfo (RoleInfo.java:shutdownFollowerState(121)) - df12c920-952d-4704-9c70-1a288e2f77c7: shutdown FollowerState
2019-10-20 10:28:58,531 [Thread-2448] INFO  impl.RaftServerImpl (RaftServerImpl.java:setRole(184)) - df12c920-952d-4704-9c70-1a288e2f77c7@group-75987F7FE399: changes role from  FOLLOWER to CANDIDATE at term 368 for changeToCandidate
2019-10-20 10:28:58,532 [Thread-2448] INFO  impl.RoleInfo (RoleInfo.java:updateAndGet(143)) - df12c920-952d-4704-9c70-1a288e2f77c7: start LeaderElection
2019-10-20 10:28:58,545 [df12c920-952d-4704-9c70-1a288e2f77c7@group-75987F7FE399-LeaderElection325] INFO  impl.LeaderElection (LeaderElection.java:askForVotes(178)) - df12c920-952d-4704-9c70-1a288e2f77c7@group-75987F7FE399-LeaderElection325: begin an election at term 369 for -1: [875da3d9-0dec-46c7-88bf-73f7a2372b64:192.168.69.89:39990, df12c920-952d-4704-9c70-1a288e2f77c7:192.168.69.89:43948, 9ceef694-dbcf-4070-b7b1-3b3c65b6a699:192.168.69.89:36536], old=null
2019-10-20 10:28:58,547 [grpc-default-executor-4] INFO  impl.RaftServerImpl (RaftServerImpl.java:setRole(184)) - 875da3d9-0dec-46c7-88bf-73f7a2372b64@group-75987F7FE399: changes role from  FOLLOWER to FOLLOWER at term 369 for recognizeCandidate:df12c920-952d-4704-9c70-1a288e2f77c7
2019-10-20 10:28:58,547 [grpc-default-executor-4] INFO  impl.RoleInfo (RoleInfo.java:shutdownFollowerState(121)) - 875da3d9-0dec-46c7-88bf-73f7a2372b64: shutdown FollowerState
2019-10-20 10:28:58,547 [grpc-default-executor-3] INFO  impl.RaftServerImpl (RaftServerImpl.java:setRole(184)) - 9ceef694-dbcf-4070-b7b1-3b3c65b6a699@group-75987F7FE399: changes role from  FOLLOWER to FOLLOWER at term 369 for recognizeCandidate:df12c920-952d-4704-9c70-1a288e2f77c7
2019-10-20 10:28:58,547 [grpc-default-executor-3] INFO  impl.RoleInfo (RoleInfo.java:shutdownFollowerState(121)) - 9ceef694-dbcf-4070-b7b1-3b3c65b6a699: shutdown FollowerState
2019-10-20 10:28:58,547 [Thread-2446] INFO  impl.FollowerState (FollowerState.java:run(117)) - 875da3d9-0dec-46c7-88bf-73f7a2372b64@group-75987F7FE399-FollowerState was interrupted: java.lang.InterruptedException: sleep interrupted
2019-10-20 10:28:58,547 [grpc-default-executor-4] INFO  impl.RoleInfo (RoleInfo.java:updateAndGet(143)) - 875da3d9-0dec-46c7-88bf-73f7a2372b64: start FollowerState
2019-10-20 10:28:58,548 [Thread-2447] INFO  impl.FollowerState (FollowerState.java:run(117)) - 9ceef694-dbcf-4070-b7b1-3b3c65b6a699@group-75987F7FE399-FollowerState was interrupted: java.lang.InterruptedException: sleep interrupted
2019-10-20 10:28:58,548 [grpc-default-executor-3] INFO  impl.RoleInfo (RoleInfo.java:updateAndGet(143)) - 9ceef694-dbcf-4070-b7b1-3b3c65b6a699: start FollowerState
2019-10-20 10:28:58,562 [df12c920-952d-4704-9c70-1a288e2f77c7@group-75987F7FE399-LeaderElection325] INFO  impl.LeaderElection (LeaderElection.java:logAndReturn(56)) - df12c920-952d-4704-9c70-1a288e2f77c7@group-75987F7FE399-LeaderElection325: Election REJECTED; received 2 response(s) [df12c920-952d-4704-9c70-1a288e2f77c7<-875da3d9-0dec-46c7-88bf-73f7a2372b64#0:FAIL-t369, df12c920-952d-4704-9c70-1a288e2f77c7<-9ceef694-dbcf-4070-b7b1-3b3c65b6a699#0:FAIL-t369] and 0 exception(s); df12c920-952d-4704-9c70-1a288e2f77c7@group-75987F7FE399:t369, leader=null, voted=df12c920-952d-4704-9c70-1a288e2f77c7, raftlog=df12c920-952d-4704-9c70-1a288e2f77c7@group-75987F7FE399-SegmentedRaftLog:OPENED:c-1,f-1,i0, conf=-1: [875da3d9-0dec-46c7-88bf-73f7a2372b64:192.168.69.89:39990, df12c920-952d-4704-9c70-1a288e2f77c7:192.168.69.89:43948, 9ceef694-dbcf-4070-b7b1-3b3c65b6a699:192.168.69.89:36536], old=null
2019-10-20 10:28:58,562 [df12c920-952d-4704-9c70-1a288e2f77c7@group-75987F7FE399-LeaderElection325] INFO  impl.RaftServerImpl (RaftServerImpl.java:setRole(184)) - df12c920-952d-4704-9c70-1a288e2f77c7@group-75987F7FE399: changes role from CANDIDATE to FOLLOWER at term 369 for DISCOVERED_A_NEW_TERM
2019-10-20 10:28:58,562 [df12c920-952d-4704-9c70-1a288e2f77c7@group-75987F7FE399-LeaderElection325] INFO  impl.RoleInfo (RoleInfo.java:shutdownLeaderElection(134)) - df12c920-952d-4704-9c70-1a288e2f77c7: shutdown LeaderElection
2019-10-20 10:28:58,562 [df12c920-952d-4704-9c70-1a288e2f77c7@group-75987F7FE399-LeaderElection325] INFO  impl.RoleInfo (RoleInfo.java:updateAndGet(143)) - df12c920-952d-4704-9c70-1a288e2f77c7: start FollowerState
2019-10-20 10:28:58,699 [Thread-2454] INFO  impl.FollowerState (FollowerState.java:run(108)) - df12c920-952d-4704-9c70-1a288e2f77c7@group-75987F7FE399-FollowerState: change to CANDIDATE, lastRpcTime:136ms, electionTimeout:136ms
2019-10-20 10:28:58,699 [Thread-2454] INFO  impl.RoleInfo (RoleInfo.java:shutdownFollowerState(121)) - df12c920-952d-4704-9c70-1a288e2f77c7: shutdown FollowerState
2019-10-20 10:28:58,699 [Thread-2454] INFO  impl.RaftServerImpl (RaftServerImpl.java:setRole(184)) - df12c920-952d-4704-9c70-1a288e2f77c7@group-75987F7FE399: changes role from  FOLLOWER to CANDIDATE at term 369 for changeToCandidate
2019-10-20 10:28:58,699 [Thread-2454] INFO  impl.RoleInfo (RoleInfo.java:updateAndGet(143)) - df12c920-952d-4704-9c70-1a288e2f77c7: start LeaderElection
2019-10-20 10:28:58,714 [df12c920-952d-4704-9c70-1a288e2f77c7@group-75987F7FE399-LeaderElection326] INFO  impl.LeaderElection (LeaderElection.java:askForVotes(178)) - df12c920-952d-4704-9c70-1a288e2f77c7@group-75987F7FE399-LeaderElection326: begin an election at term 370 for -1: [875da3d9-0dec-46c7-88bf-73f7a2372b64:192.168.69.89:39990, df12c920-952d-4704-9c70-1a288e2f77c7:192.168.69.89:43948, 9ceef694-dbcf-4070-b7b1-3b3c65b6a699:192.168.69.89:36536], old=null
2019-10-20 10:28:58,715 [grpc-default-executor-4] INFO  impl.RaftServerImpl (RaftServerImpl.java:setRole(184)) - 875da3d9-0dec-46c7-88bf-73f7a2372b64@group-75987F7FE399: changes role from  FOLLOWER to FOLLOWER at term 370 for recognizeCandidate:df12c920-952d-4704-9c70-1a288e2f77c7
2019-10-20 10:28:58,716 [grpc-default-executor-4] INFO  impl.RoleInfo (RoleInfo.java:shutdownFollowerState(121)) - 875da3d9-0dec-46c7-88bf-73f7a2372b64: shutdown FollowerState
2019-10-20 10:28:58,716 [grpc-default-executor-3] INFO  impl.RaftServerImpl (RaftServerImpl.java:setRole(184)) - 9ceef694-dbcf-4070-b7b1-3b3c65b6a699@group-75987F7FE399: changes role from  FOLLOWER to FOLLOWER at term 370 for recognizeCandidate:df12c920-952d-4704-9c70-1a288e2f77c7
2019-10-20 10:28:58,716 [grpc-default-executor-3] INFO  impl.RoleInfo (RoleInfo.java:shutdownFollowerState(121)) - 9ceef694-dbcf-4070-b7b1-3b3c65b6a699: shutdown FollowerState
2019-10-20 10:28:58,716 [Thread-2452] INFO  impl.FollowerState (FollowerState.java:run(117)) - 875da3d9-0dec-46c7-88bf-73f7a2372b64@group-75987F7FE399-FollowerState was interrupted: java.lang.InterruptedException: sleep interrupted
2019-10-20 10:28:58,716 [grpc-default-executor-4] INFO  impl.RoleInfo (RoleInfo.java:updateAndGet(143)) - 875da3d9-0dec-46c7-88bf-73f7a2372b64: start FollowerState
2019-10-20 10:28:58,716 [Thread-2453] INFO  impl.FollowerState (FollowerState.java:run(117)) - 9ceef694-dbcf-4070-b7b1-3b3c65b6a699@group-75987F7FE399-FollowerState was interrupted: java.lang.InterruptedException: sleep interrupted
2019-10-20 10:28:58,716 [grpc-default-executor-3] INFO  impl.RoleInfo (RoleInfo.java:updateAndGet(143)) - 9ceef694-dbcf-4070-b7b1-3b3c65b6a699: start FollowerState
2019-10-20 10:28:58,727 [df12c920-952d-4704-9c70-1a288e2f77c7@group-75987F7FE399-LeaderElection326] INFO  impl.LeaderElection (LeaderElection.java:logAndReturn(56)) - df12c920-952d-4704-9c70-1a288e2f77c7@group-75987F7FE399-LeaderElection326: Election REJECTED; received 2 response(s) [df12c920-952d-4704-9c70-1a288e2f77c7<-875da3d9-0dec-46c7-88bf-73f7a2372b64#0:FAIL-t370, df12c920-952d-4704-9c70-1a288e2f77c7<-9ceef694-dbcf-4070-b7b1-3b3c65b6a699#0:FAIL-t370] and 0 exception(s); df12c920-952d-4704-9c70-1a288e2f77c7@group-75987F7FE399:t370, leader=null, voted=df12c920-952d-4704-9c70-1a288e2f77c7, raftlog=df12c920-952d-4704-9c70-1a288e2f77c7@group-75987F7FE399-SegmentedRaftLog:OPENED:c-1,f-1,i0, conf=-1: [875da3d9-0dec-46c7-88bf-73f7a2372b64:192.168.69.89:39990, df12c920-952d-4704-9c70-1a288e2f77c7:192.168.69.89:43948, 9ceef694-dbcf-4070-b7b1-3b3c65b6a699:192.168.69.89:36536], old=null
2019-10-20 10:28:58,727 [df12c920-952d-4704-9c70-1a288e2f77c7@group-75987F7FE399-LeaderElection326] INFO  impl.RaftServerImpl (RaftServerImpl.java:setRole(184)) - df12c920-952d-4704-9c70-1a288e2f77c7@group-75987F7FE399: changes role from CANDIDATE to FOLLOWER at term 370 for DISCOVERED_A_NEW_TERM
2019-10-20 10:28:58,727 [df12c920-952d-4704-9c70-1a288e2f77c7@group-75987F7FE399-LeaderElection326] INFO  impl.RoleInfo (RoleInfo.java:shutdownLeaderElection(134)) - df12c920-952d-4704-9c70-1a288e2f77c7: shutdown LeaderElection
2019-10-20 10:28:58,727 [df12c920-952d-4704-9c70-1a288e2f77c7@group-75987F7FE399-LeaderElection326] INFO  impl.RoleInfo (RoleInfo.java:updateAndGet(143)) - df12c920-952d-4704-9c70-1a288e2f77c7: start FollowerState
2019-10-20 10:28:58,835 [Thread-2460] INFO  impl.FollowerState (FollowerState.java:run(108)) - df12c920-952d-4704-9c70-1a288e2f77c7@group-75987F7FE399-FollowerState: change to CANDIDATE, lastRpcTime:107ms, electionTimeout:107ms
2019-10-20 10:28:58,835 [Thread-2460] INFO  impl.RoleInfo (RoleInfo.java:shutdownFollowerState(121)) - df12c920-952d-4704-9c70-1a288e2f77c7: shutdown FollowerState
2019-10-20 10:28:58,835 [Thread-2460] INFO  impl.RaftServerImpl (RaftServerImpl.java:setRole(184)) - df12c920-952d-4704-9c70-1a288e2f77c7@group-75987F7FE399: changes role from  FOLLOWER to CANDIDATE at term 370 for changeToCandidate
2019-10-20 10:28:58,835 [Thread-2460] INFO  impl.RoleInfo (RoleInfo.java:updateAndGet(143)) - df12c920-952d-4704-9c70-1a288e2f77c7: start LeaderElection
2019-10-20 10:28:58,860 [df12c920-952d-4704-9c70-1a288e2f77c7@group-75987F7FE399-LeaderElection327] INFO  impl.LeaderElection (LeaderElection.java:askForVotes(178)) - df12c920-952d-4704-9c70-1a288e2f77c7@group-75987F7FE399-LeaderElection327: begin an election at term 371 for -1: [875da3d9-0dec-46c7-88bf-73f7a2372b64:192.168.69.89:39990, df12c920-952d-4704-9c70-1a288e2f77c7:192.168.69.89:43948, 9ceef694-dbcf-4070-b7b1-3b3c65b6a699:192.168.69.89:36536], old=null
2019-10-20 10:28:58,862 [grpc-default-executor-4] INFO  impl.RaftServerImpl (RaftServerImpl.java:setRole(184)) - 875da3d9-0dec-46c7-88bf-73f7a2372b64@group-75987F7FE399: changes role from  FOLLOWER to FOLLOWER at term 371 for recognizeCandidate:df12c920-952d-4704-9c70-1a288e2f77c7
2019-10-20 10:28:58,862 [grpc-default-executor-4] INFO  impl.RoleInfo (RoleInfo.java:shutdownFollowerState(121)) - 875da3d9-0dec-46c7-88bf-73f7a2372b64: shutdown FollowerState
2019-10-20 10:28:58,862 [grpc-default-executor-3] INFO  impl.RaftServerImpl (RaftServerImpl.java:setRole(184)) - 9ceef694-dbcf-4070-b7b1-3b3c65b6a699@group-75987F7FE399: changes role from  FOLLOWER to FOLLOWER at term 371 for recognizeCandidate:df12c920-952d-4704-9c70-1a288e2f77c7
2019-10-20 10:28:58,862 [grpc-default-executor-3] INFO  impl.RoleInfo (RoleInfo.java:shutdownFollowerState(121)) - 9ceef694-dbcf-4070-b7b1-3b3c65b6a699: shutdown FollowerState
2019-10-20 10:28:58,862 [Thread-2458] INFO  impl.FollowerState (FollowerState.java:run(117)) - 875da3d9-0dec-46c7-88bf-73f7a2372b64@group-75987F7FE399-FollowerState was interrupted: java.lang.InterruptedException: sleep interrupted
2019-10-20 10:28:58,862 [grpc-default-executor-4] INFO  impl.RoleInfo (RoleInfo.java:updateAndGet(143)) - 875da3d9-0dec-46c7-88bf-73f7a2372b64: start FollowerState
2019-10-20 10:28:58,863 [Thread-2459] INFO  impl.FollowerState (FollowerState.java:run(117)) - 9ceef694-dbcf-4070-b7b1-3b3c65b6a699@group-75987F7FE399-FollowerState was interrupted: java.lang.InterruptedException: sleep interrupted
2019-10-20 10:28:58,862 [grpc-default-executor-3] INFO  impl.RoleInfo (RoleInfo.java:updateAndGet(143)) - 9ceef694-dbcf-4070-b7b1-3b3c65b6a699: start FollowerState
2019-10-20 10:28:58,877 [df12c920-952d-4704-9c70-1a288e2f77c7@group-75987F7FE399-LeaderElection327] INFO  impl.LeaderElection (LeaderElection.java:logAndReturn(56)) - df12c920-952d-4704-9c70-1a288e2f77c7@group-75987F7FE399-LeaderElection327: Election REJECTED; received 2 response(s) [df12c920-952d-4704-9c70-1a288e2f77c7<-875da3d9-0dec-46c7-88bf-73f7a2372b64#0:FAIL-t371, df12c920-952d-4704-9c70-1a288e2f77c7<-9ceef694-dbcf-4070-b7b1-3b3c65b6a699#0:FAIL-t371] and 0 exception(s); df12c920-952d-4704-9c70-1a288e2f77c7@group-75987F7FE399:t371, leader=null, voted=df12c920-952d-4704-9c70-1a288e2f77c7, raftlog=df12c920-952d-4704-9c70-1a288e2f77c7@group-75987F7FE399-SegmentedRaftLog:OPENED:c-1,f-1,i0, conf=-1: [875da3d9-0dec-46c7-88bf-73f7a2372b64:192.168.69.89:39990, df12c920-952d-4704-9c70-1a288e2f77c7:192.168.69.89:43948, 9ceef694-dbcf-4070-b7b1-3b3c65b6a699:192.168.69.89:36536], old=null
2019-10-20 10:28:58,877 [df12c920-952d-4704-9c70-1a288e2f77c7@group-75987F7FE399-LeaderElection327] INFO  impl.RaftServerImpl (RaftServerImpl.java:setRole(184)) - df12c920-952d-4704-9c70-1a288e2f77c7@group-75987F7FE399: changes role from CANDIDATE to FOLLOWER at term 371 for DISCOVERED_A_NEW_TERM
2019-10-20 10:28:58,877 [df12c920-952d-4704-9c70-1a288e2f77c7@group-75987F7FE399-LeaderElection327] INFO  impl.RoleInfo (RoleInfo.java:shutdownLeaderElection(134)) - df12c920-952d-4704-9c70-1a288e2f77c7: shutdown LeaderElection
2019-10-20 10:28:58,877 [df12c920-952d-4704-9c70-1a288e2f77c7@group-75987F7FE399-LeaderElection327] INFO  impl.RoleInfo (RoleInfo.java:updateAndGet(143)) - df12c920-952d-4704-9c70-1a288e2f77c7: start FollowerState
2019-10-20 10:28:58,955 [Thread-2466] INFO  impl.FollowerState (FollowerState.java:run(108)) - df12c920-952d-4704-9c70-1a288e2f77c7@group-75987F7FE399-FollowerState: change to CANDIDATE, lastRpcTime:77ms, electionTimeout:77ms
2019-10-20 10:28:58,955 [Thread-2466] INFO  impl.RoleInfo (RoleInfo.java:shutdownFollowerState(121)) - df12c920-952d-4704-9c70-1a288e2f77c7: shutdown FollowerState
2019-10-20 10:28:58,955 [Thread-2466] INFO  impl.RaftServerImpl (RaftServerImpl.java:setRole(184)) - df12c920-952d-4704-9c70-1a288e2f77c7@group-75987F7FE399: changes role from  FOLLOWER to CANDIDATE at term 371 for changeToCandidate
2019-10-20 10:28:58,955 [Thread-2466] INFO  impl.RoleInfo (RoleInfo.java:updateAndGet(143)) - df12c920-952d-4704-9c70-1a288e2f77c7: start LeaderElection
2019-10-20 10:28:58,970 [df12c920-952d-4704-9c70-1a288e2f77c7@group-75987F7FE399-LeaderElection328] INFO  impl.LeaderElection (LeaderElection.java:askForVotes(178)) - df12c920-952d-4704-9c70-1a288e2f77c7@group-75987F7FE399-LeaderElection328: begin an election at term 372 for -1: [875da3d9-0dec-46c7-88bf-73f7a2372b64:192.168.69.89:39990, df12c920-952d-4704-9c70-1a288e2f77c7:192.168.69.89:43948, 9ceef694-dbcf-4070-b7b1-3b3c65b6a699:192.168.69.89:36536], old=null
2019-10-20 10:28:58,972 [grpc-default-executor-4] INFO  impl.RaftServerImpl (RaftServerImpl.java:setRole(184)) - 875da3d9-0dec-46c7-88bf-73f7a2372b64@group-75987F7FE399: changes role from  FOLLOWER to FOLLOWER at term 372 for recognizeCandidate:df12c920-952d-4704-9c70-1a288e2f77c7
2019-10-20 10:28:58,973 [grpc-default-executor-4] INFO  impl.RoleInfo (RoleInfo.java:shutdownFollowerState(121)) - 875da3d9-0dec-46c7-88bf-73f7a2372b64: shutdown FollowerState
2019-10-20 10:28:58,973 [grpc-default-executor-4] INFO  impl.RoleInfo (RoleInfo.java:updateAndGet(143)) - 875da3d9-0dec-46c7-88bf-73f7a2372b64: start FollowerState
2019-10-20 10:28:58,973 [Thread-2464] INFO  impl.FollowerState (FollowerState.java:run(117)) - 875da3d9-0dec-46c7-88bf-73f7a2372b64@group-75987F7FE399-FollowerState was interrupted: java.lang.InterruptedException: sleep interrupted
2019-10-20 10:28:58,973 [grpc-default-executor-3] INFO  impl.RaftServerImpl (RaftServerImpl.java:setRole(184)) - 9ceef694-dbcf-4070-b7b1-3b3c65b6a699@group-75987F7FE399: changes role from  FOLLOWER to FOLLOWER at term 372 for recognizeCandidate:df12c920-952d-4704-9c70-1a288e2f77c7
2019-10-20 10:28:58,973 [grpc-default-executor-3] INFO  impl.RoleInfo (RoleInfo.java:shutdownFollowerState(121)) - 9ceef694-dbcf-4070-b7b1-3b3c65b6a699: shutdown FollowerState
2019-10-20 10:28:58,973 [grpc-default-executor-3] INFO  impl.RoleInfo (RoleInfo.java:updateAndGet(143)) - 9ceef694-dbcf-4070-b7b1-3b3c65b6a699: start FollowerState
2019-10-20 10:28:58,973 [Thread-2465] INFO  impl.FollowerState (FollowerState.java:run(117)) - 9ceef694-dbcf-4070-b7b1-3b3c65b6a699@group-75987F7FE399-FollowerState was interrupted: java.lang.InterruptedException: sleep interrupted
2019-10-20 10:28:58,984 [df12c920-952d-4704-9c70-1a288e2f77c7@group-75987F7FE399-LeaderElection328] INFO  impl.LeaderElection (LeaderElection.java:logAndReturn(56)) - df12c920-952d-4704-9c70-1a288e2f77c7@group-75987F7FE399-LeaderElection328: Election REJECTED; received 2 response(s) [df12c920-952d-4704-9c70-1a288e2f77c7<-875da3d9-0dec-46c7-88bf-73f7a2372b64#0:FAIL-t372, df12c920-952d-4704-9c70-1a288e2f77c7<-9ceef694-dbcf-4070-b7b1-3b3c65b6a699#0:FAIL-t372] and 0 exception(s); df12c920-952d-4704-9c70-1a288e2f77c7@group-75987F7FE399:t372, leader=null, voted=df12c920-952d-4704-9c70-1a288e2f77c7, raftlog=df12c920-952d-4704-9c70-1a288e2f77c7@group-75987F7FE399-SegmentedRaftLog:OPENED:c-1,f-1,i0, conf=-1: [875da3d9-0dec-46c7-88bf-73f7a2372b64:192.168.69.89:39990, df12c920-952d-4704-9c70-1a288e2f77c7:192.168.69.89:43948, 9ceef694-dbcf-4070-b7b1-3b3c65b6a699:192.168.69.89:36536], old=null
2019-10-20 10:28:58,984 [df12c920-952d-4704-9c70-1a288e2f77c7@group-75987F7FE399-LeaderElection328] INFO  impl.RaftServerImpl (RaftServerImpl.java:setRole(184)) - df12c920-952d-4704-9c70-1a288e2f77c7@group-75987F7FE399: changes role from CANDIDATE to FOLLOWER at term 372 for DISCOVERED_A_NEW_TERM
2019-10-20 10:28:58,985 [df12c920-952d-4704-9c70-1a288e2f77c7@group-75987F7FE399-LeaderElection328] INFO  impl.RoleInfo (RoleInfo.java:shutdownLeaderElection(134)) - df12c920-952d-4704-9c70-1a288e2f77c7: shutdown LeaderElection
2019-10-20 10:28:58,985 [df12c920-952d-4704-9c70-1a288e2f77c7@group-75987F7FE399-LeaderElection328] INFO  impl.RoleInfo (RoleInfo.java:updateAndGet(143)) - df12c920-952d-4704-9c70-1a288e2f77c7: start FollowerState
2019-10-20 10:28:59,053 [Thread-2472] INFO  impl.FollowerState (FollowerState.java:run(108)) - df12c920-952d-4704-9c70-1a288e2f77c7@group-75987F7FE399-FollowerState: change to CANDIDATE, lastRpcTime:68ms, electionTimeout:68ms
2019-10-20 10:28:59,053 [Thread-2472] INFO  impl.RoleInfo (RoleInfo.java:shutdownFollowerState(121)) - df12c920-952d-4704-9c70-1a288e2f77c7: shutdown FollowerState
2019-10-20 10:28:59,053 [Thread-2472] INFO  impl.RaftServerImpl (RaftServerImpl.java:setRole(184)) - df12c920-952d-4704-9c70-1a288e2f77c7@group-75987F7FE399: changes role from  FOLLOWER to CANDIDATE at term 372 for changeToCandidate
2019-10-20 10:28:59,054 [Thread-2472] INFO  impl.RoleInfo (RoleInfo.java:updateAndGet(143)) - df12c920-952d-4704-9c70-1a288e2f77c7: start LeaderElection
2019-10-20 10:28:59,067 [df12c920-952d-4704-9c70-1a288e2f77c7@group-75987F7FE399-LeaderElection329] INFO  impl.LeaderElection (LeaderElection.java:askForVotes(178)) - df12c920-952d-4704-9c70-1a288e2f77c7@group-75987F7FE399-LeaderElection329: begin an election at term 373 for -1: [875da3d9-0dec-46c7-88bf-73f7a2372b64:192.168.69.89:39990, df12c920-952d-4704-9c70-1a288e2f77c7:192.168.69.89:43948, 9ceef694-dbcf-4070-b7b1-3b3c65b6a699:192.168.69.89:36536], old=null
2019-10-20 10:28:59,069 [grpc-default-executor-4] INFO  impl.RaftServerImpl (RaftServerImpl.java:setRole(184)) - 875da3d9-0dec-46c7-88bf-73f7a2372b64@group-75987F7FE399: changes role from  FOLLOWER to FOLLOWER at term 373 for recognizeCandidate:df12c920-952d-4704-9c70-1a288e2f77c7
2019-10-20 10:28:59,070 [grpc-default-executor-4] INFO  impl.RoleInfo (RoleInfo.java:shutdownFollowerState(121)) - 875da3d9-0dec-46c7-88bf-73f7a2372b64: shutdown FollowerState
2019-10-20 10:28:59,070 [grpc-default-executor-3] INFO  impl.RaftServerImpl (RaftServerImpl.java:setRole(184)) - 9ceef694-dbcf-4070-b7b1-3b3c65b6a699@group-75987F7FE399: changes role from  FOLLOWER to FOLLOWER at term 373 for recognizeCandidate:df12c920-952d-4704-9c70-1a288e2f77c7
2019-10-20 10:28:59,070 [grpc-default-executor-3] INFO  impl.RoleInfo (RoleInfo.java:shutdownFollowerState(121)) - 9ceef694-dbcf-4070-b7b1-3b3c65b6a699: shutdown FollowerState
2019-10-20 10:28:59,070 [Thread-2470] INFO  impl.FollowerState (FollowerState.java:run(117)) - 875da3d9-0dec-46c7-88bf-73f7a2372b64@group-75987F7FE399-FollowerState was interrupted: java.lang.InterruptedException: sleep interrupted
2019-10-20 10:28:59,070 [grpc-default-executor-4] INFO  impl.RoleInfo (RoleInfo.java:updateAndGet(143)) - 875da3d9-0dec-46c7-88bf-73f7a2372b64: start FollowerState
2019-10-20 10:28:59,070 [Thread-2471] INFO  impl.FollowerState (FollowerState.java:run(117)) - 9ceef694-dbcf-4070-b7b1-3b3c65b6a699@group-75987F7FE399-FollowerState was interrupted: java.lang.InterruptedException: sleep interrupted
2019-10-20 10:28:59,070 [grpc-default-executor-3] INFO  impl.RoleInfo (RoleInfo.java:updateAndGet(143)) - 9ceef694-dbcf-4070-b7b1-3b3c65b6a699: start FollowerState
2019-10-20 10:28:59,085 [df12c920-952d-4704-9c70-1a288e2f77c7@group-75987F7FE399-LeaderElection329] INFO  impl.LeaderElection (LeaderElection.java:logAndReturn(56)) - df12c920-952d-4704-9c70-1a288e2f77c7@group-75987F7FE399-LeaderElection329: Election REJECTED; received 2 response(s) [df12c920-952d-4704-9c70-1a288e2f77c7<-875da3d9-0dec-46c7-88bf-73f7a2372b64#0:FAIL-t373, df12c920-952d-4704-9c70-1a288e2f77c7<-9ceef694-dbcf-4070-b7b1-3b3c65b6a699#0:FAIL-t373] and 0 exception(s); df12c920-952d-4704-9c70-1a288e2f77c7@group-75987F7FE399:t373, leader=null, voted=df12c920-952d-4704-9c70-1a288e2f77c7, raftlog=df12c920-952d-4704-9c70-1a288e2f77c7@group-75987F7FE399-SegmentedRaftLog:OPENED:c-1,f-1,i0, conf=-1: [875da3d9-0dec-46c7-88bf-73f7a2372b64:192.168.69.89:39990, df12c920-952d-4704-9c70-1a288e2f77c7:192.168.69.89:43948, 9ceef694-dbcf-4070-b7b1-3b3c65b6a699:192.168.69.89:36536], old=null
2019-10-20 10:28:59,085 [df12c920-952d-4704-9c70-1a288e2f77c7@group-75987F7FE399-LeaderElection329] INFO  impl.RaftServerImpl (RaftServerImpl.java:setRole(184)) - df12c920-952d-4704-9c70-1a288e2f77c7@group-75987F7FE399: changes role from CANDIDATE to FOLLOWER at term 373 for DISCOVERED_A_NEW_TERM
2019-10-20 10:28:59,085 [df12c920-952d-4704-9c70-1a288e2f77c7@group-75987F7FE399-LeaderElection329] INFO  impl.RoleInfo (RoleInfo.java:shutdownLeaderElection(134)) - df12c920-952d-4704-9c70-1a288e2f77c7: shutdown LeaderElection
2019-10-20 10:28:59,085 [df12c920-952d-4704-9c70-1a288e2f77c7@group-75987F7FE399-LeaderElection329] INFO  impl.RoleInfo (RoleInfo.java:updateAndGet(143)) - df12c920-952d-4704-9c70-1a288e2f77c7: start FollowerState
2019-10-20 10:28:59,170 [Thread-2478] INFO  impl.FollowerState (FollowerState.java:run(108)) - df12c920-952d-4704-9c70-1a288e2f77c7@group-75987F7FE399-FollowerState: change to CANDIDATE, lastRpcTime:84ms, electionTimeout:84ms
2019-10-20 10:28:59,170 [Thread-2478] INFO  impl.RoleInfo (RoleInfo.java:shutdownFollowerState(121)) - df12c920-952d-4704-9c70-1a288e2f77c7: shutdown FollowerState
2019-10-20 10:28:59,170 [Thread-2478] INFO  impl.RaftServerImpl (RaftServerImpl.java:setRole(184)) - df12c920-952d-4704-9c70-1a288e2f77c7@group-75987F7FE399: changes role from  FOLLOWER to CANDIDATE at term 373 for changeToCandidate
2019-10-20 10:28:59,170 [Thread-2478] INFO  impl.RoleInfo (RoleInfo.java:updateAndGet(143)) - df12c920-952d-4704-9c70-1a288e2f77c7: start LeaderElection
2019-10-20 10:28:59,196 [df12c920-952d-4704-9c70-1a288e2f77c7@group-75987F7FE399-LeaderElection330] INFO  impl.LeaderElection (LeaderElection.java:askForVotes(178)) - df12c920-952d-4704-9c70-1a288e2f77c7@group-75987F7FE399-LeaderElection330: begin an election at term 374 for -1: [875da3d9-0dec-46c7-88bf-73f7a2372b64:192.168.69.89:39990, df12c920-952d-4704-9c70-1a288e2f77c7:192.168.69.89:43948, 9ceef694-dbcf-4070-b7b1-3b3c65b6a699:192.168.69.89:36536], old=null
2019-10-20 10:28:59,198 [grpc-default-executor-4] INFO  impl.RaftServerImpl (RaftServerImpl.java:setRole(184)) - 875da3d9-0dec-46c7-88bf-73f7a2372b64@group-75987F7FE399: changes role from  FOLLOWER to FOLLOWER at term 374 for recognizeCandidate:df12c920-952d-4704-9c70-1a288e2f77c7
2019-10-20 10:28:59,199 [grpc-default-executor-4] INFO  impl.RoleInfo (RoleInfo.java:shutdownFollowerState(121)) - 875da3d9-0dec-46c7-88bf-73f7a2372b64: shutdown FollowerState
2019-10-20 10:28:59,199 [grpc-default-executor-4] INFO  impl.RoleInfo (RoleInfo.java:updateAndGet(143)) - 875da3d9-0dec-46c7-88bf-73f7a2372b64: start FollowerState
2019-10-20 10:28:59,199 [Thread-2476] INFO  impl.FollowerState (FollowerState.java:run(117)) - 875da3d9-0dec-46c7-88bf-73f7a2372b64@group-75987F7FE399-FollowerState was interrupted: java.lang.InterruptedException: sleep interrupted
2019-10-20 10:28:59,199 [grpc-default-executor-3] INFO  impl.RaftServerImpl (RaftServerImpl.java:setRole(184)) - 9ceef694-dbcf-4070-b7b1-3b3c65b6a699@group-75987F7FE399: changes role from  FOLLOWER to FOLLOWER at term 374 for recognizeCandidate:df12c920-952d-4704-9c70-1a288e2f77c7
2019-10-20 10:28:59,199 [grpc-default-executor-3] INFO  impl.RoleInfo (RoleInfo.java:shutdownFollowerState(121)) - 9ceef694-dbcf-4070-b7b1-3b3c65b6a699: shutdown FollowerState
2019-10-20 10:28:59,200 [grpc-default-executor-3] INFO  impl.RoleInfo (RoleInfo.java:updateAndGet(143)) - 9ceef694-dbcf-4070-b7b1-3b3c65b6a699: start FollowerState
2019-10-20 10:28:59,200 [Thread-2477] INFO  impl.FollowerState (FollowerState.java:run(117)) - 9ceef694-dbcf-4070-b7b1-3b3c65b6a699@group-75987F7FE399-FollowerState was interrupted: java.lang.InterruptedException: sleep interrupted
2019-10-20 10:28:59,224 [df12c920-952d-4704-9c70-1a288e2f77c7@group-75987F7FE399-LeaderElection330] INFO  impl.LeaderElection (LeaderElection.java:logAndReturn(56)) - df12c920-952d-4704-9c70-1a288e2f77c7@group-75987F7FE399-LeaderElection330: Election REJECTED; received 2 response(s) [df12c920-952d-4704-9c70-1a288e2f77c7<-875da3d9-0dec-46c7-88bf-73f7a2372b64#0:FAIL-t374, df12c920-952d-4704-9c70-1a288e2f77c7<-9ceef694-dbcf-4070-b7b1-3b3c65b6a699#0:FAIL-t374] and 0 exception(s); df12c920-952d-4704-9c70-1a288e2f77c7@group-75987F7FE399:t374, leader=null, voted=df12c920-952d-4704-9c70-1a288e2f77c7, raftlog=df12c920-952d-4704-9c70-1a288e2f77c7@group-75987F7FE399-SegmentedRaftLog:OPENED:c-1,f-1,i0, conf=-1: [875da3d9-0dec-46c7-88bf-73f7a2372b64:192.168.69.89:39990, df12c920-952d-4704-9c70-1a288e2f77c7:192.168.69.89:43948, 9ceef694-dbcf-4070-b7b1-3b3c65b6a699:192.168.69.89:36536], old=null
2019-10-20 10:28:59,224 [df12c920-952d-4704-9c70-1a288e2f77c7@group-75987F7FE399-LeaderElection330] INFO  impl.RaftServerImpl (RaftServerImpl.java:setRole(184)) - df12c920-952d-4704-9c70-1a288e2f77c7@group-75987F7FE399: changes role from CANDIDATE to FOLLOWER at term 374 for DISCOVERED_A_NEW_TERM
2019-10-20 10:28:59,224 [df12c920-952d-4704-9c70-1a288e2f77c7@group-75987F7FE399-LeaderElection330] INFO  impl.RoleInfo (RoleInfo.java:shutdownLeaderElection(134)) - df12c920-952d-4704-9c70-1a288e2f77c7: shutdown LeaderElection
2019-10-20 10:28:59,225 [df12c920-952d-4704-9c70-1a288e2f77c7@group-75987F7FE399-LeaderElection330] INFO  impl.RoleInfo (RoleInfo.java:updateAndGet(143)) - df12c920-952d-4704-9c70-1a288e2f77c7: start FollowerState
2019-10-20 10:28:59,247 [Thread-2484] INFO  impl.FollowerState (FollowerState.java:run(108)) - df12c920-952d-4704-9c70-1a288e2f77c7@group-75987F7FE399-FollowerState: change to CANDIDATE, lastRpcTime:22ms, electionTimeout:22ms
2019-10-20 10:28:59,247 [Thread-2484] INFO  impl.RoleInfo (RoleInfo.java:shutdownFollowerState(121)) - df12c920-952d-4704-9c70-1a288e2f77c7: shutdown FollowerState
2019-10-20 10:28:59,247 [Thread-2484] INFO  impl.RaftServerImpl (RaftServerImpl.java:setRole(184)) - df12c920-952d-4704-9c70-1a288e2f77c7@group-75987F7FE399: changes role from  FOLLOWER to CANDIDATE at term 374 for changeToCandidate
2019-10-20 10:28:59,247 [Thread-2484] INFO  impl.RoleInfo (RoleInfo.java:updateAndGet(143)) - df12c920-952d-4704-9c70-1a288e2f77c7: start LeaderElection
2019-10-20 10:28:59,261 [df12c920-952d-4704-9c70-1a288e2f77c7@group-75987F7FE399-LeaderElection331] INFO  impl.LeaderElection (LeaderElection.java:askForVotes(178)) - df12c920-952d-4704-9c70-1a288e2f77c7@group-75987F7FE399-LeaderElection331: begin an election at term 375 for -1: [875da3d9-0dec-46c7-88bf-73f7a2372b64:192.168.69.89:39990, df12c920-952d-4704-9c70-1a288e2f77c7:192.168.69.89:43948, 9ceef694-dbcf-4070-b7b1-3b3c65b6a699:192.168.69.89:36536], old=null
2019-10-20 10:28:59,263 [grpc-default-executor-4] INFO  impl.RaftServerImpl (RaftServerImpl.java:setRole(184)) - 875da3d9-0dec-46c7-88bf-73f7a2372b64@group-75987F7FE399: changes role from  FOLLOWER to FOLLOWER at term 375 for recognizeCandidate:df12c920-952d-4704-9c70-1a288e2f77c7
2019-10-20 10:28:59,263 [grpc-default-executor-4] INFO  impl.RoleInfo (RoleInfo.java:shutdownFollowerState(121)) - 875da3d9-0dec-46c7-88bf-73f7a2372b64: shutdown FollowerState
2019-10-20 10:28:59,264 [grpc-default-executor-4] INFO  impl.RoleInfo (RoleInfo.java:updateAndGet(143)) - 875da3d9-0dec-46c7-88bf-73f7a2372b64: start FollowerState
2019-10-20 10:28:59,264 [Thread-2482] INFO  impl.FollowerState (FollowerState.java:run(117)) - 875da3d9-0dec-46c7-88bf-73f7a2372b64@group-75987F7FE399-FollowerState was interrupted: java.lang.InterruptedException: sleep interrupted
2019-10-20 10:28:59,264 [grpc-default-executor-3] INFO  impl.RaftServerImpl (RaftServerImpl.java:setRole(184)) - 9ceef694-dbcf-4070-b7b1-3b3c65b6a699@group-75987F7FE399: changes role from  FOLLOWER to FOLLOWER at term 375 for recognizeCandidate:df12c920-952d-4704-9c70-1a288e2f77c7
2019-10-20 10:28:59,264 [grpc-default-executor-3] INFO  impl.RoleInfo (RoleInfo.java:shutdownFollowerState(121)) - 9ceef694-dbcf-4070-b7b1-3b3c65b6a699: shutdown FollowerState
2019-10-20 10:28:59,264 [grpc-default-executor-3] INFO  impl.RoleInfo (RoleInfo.java:updateAndGet(143)) - 9ceef694-dbcf-4070-b7b1-3b3c65b6a699: start FollowerState
2019-10-20 10:28:59,264 [Thread-2483] INFO  impl.FollowerState (FollowerState.java:run(117)) - 9ceef694-dbcf-4070-b7b1-3b3c65b6a699@group-75987F7FE399-FollowerState was interrupted: java.lang.InterruptedException: sleep interrupted
2019-10-20 10:28:59,280 [df12c920-952d-4704-9c70-1a288e2f77c7@group-75987F7FE399-LeaderElection331] INFO  impl.LeaderElection (LeaderElection.java:logAndReturn(56)) - df12c920-952d-4704-9c70-1a288e2f77c7@group-75987F7FE399-LeaderElection331: Election REJECTED; received 2 response(s) [df12c920-952d-4704-9c70-1a288e2f77c7<-875da3d9-0dec-46c7-88bf-73f7a2372b64#0:FAIL-t375, df12c920-952d-4704-9c70-1a288e2f77c7<-9ceef694-dbcf-4070-b7b1-3b3c65b6a699#0:FAIL-t375] and 0 exception(s); df12c920-952d-4704-9c70-1a288e2f77c7@group-75987F7FE399:t375, leader=null, voted=df12c920-952d-4704-9c70-1a288e2f77c7, raftlog=df12c920-952d-4704-9c70-1a288e2f77c7@group-75987F7FE399-SegmentedRaftLog:OPENED:c-1,f-1,i0, conf=-1: [875da3d9-0dec-46c7-88bf-73f7a2372b64:192.168.69.89:39990, df12c920-952d-4704-9c70-1a288e2f77c7:192.168.69.89:43948, 9ceef694-dbcf-4070-b7b1-3b3c65b6a699:192.168.69.89:36536], old=null
2019-10-20 10:28:59,281 [df12c920-952d-4704-9c70-1a288e2f77c7@group-75987F7FE399-LeaderElection331] INFO  impl.RaftServerImpl (RaftServerImpl.java:setRole(184)) - df12c920-952d-4704-9c70-1a288e2f77c7@group-75987F7FE399: changes role from CANDIDATE to FOLLOWER at term 375 for DISCOVERED_A_NEW_TERM
2019-10-20 10:28:59,281 [df12c920-952d-4704-9c70-1a288e2f77c7@group-75987F7FE399-LeaderElection331] INFO  impl.RoleInfo (RoleInfo.java:shutdownLeaderElection(134)) - df12c920-952d-4704-9c70-1a288e2f77c7: shutdown LeaderElection
2019-10-20 10:28:59,281 [df12c920-952d-4704-9c70-1a288e2f77c7@group-75987F7FE399-LeaderElection331] INFO  impl.RoleInfo (RoleInfo.java:updateAndGet(143)) - df12c920-952d-4704-9c70-1a288e2f77c7: start FollowerState
2019-10-20 10:28:59,463 [Thread-2492] INFO  impl.FollowerState (FollowerState.java:run(108)) - df12c920-952d-4704-9c70-1a288e2f77c7@group-75987F7FE399-FollowerState: change to CANDIDATE, lastRpcTime:182ms, electionTimeout:182ms
2019-10-20 10:28:59,464 [Thread-2492] INFO  impl.RoleInfo (RoleInfo.java:shutdownFollowerState(121)) - df12c920-952d-4704-9c70-1a288e2f77c7: shutdown FollowerState
2019-10-20 10:28:59,464 [Thread-2492] INFO  impl.RaftServerImpl (RaftServerImpl.java:setRole(184)) - df12c920-952d-4704-9c70-1a288e2f77c7@group-75987F7FE399: changes role from  FOLLOWER to CANDIDATE at term 375 for changeToCandidate
2019-10-20 10:28:59,464 [Thread-2492] INFO  impl.RoleInfo (RoleInfo.java:updateAndGet(143)) - df12c920-952d-4704-9c70-1a288e2f77c7: start LeaderElection
2019-10-20 10:28:59,478 [df12c920-952d-4704-9c70-1a288e2f77c7@group-75987F7FE399-LeaderElection332] INFO  impl.LeaderElection (LeaderElection.java:askForVotes(178)) - df12c920-952d-4704-9c70-1a288e2f77c7@group-75987F7FE399-LeaderElection332: begin an election at term 376 for -1: [875da3d9-0dec-46c7-88bf-73f7a2372b64:192.168.69.89:39990, df12c920-952d-4704-9c70-1a288e2f77c7:192.168.69.89:43948, 9ceef694-dbcf-4070-b7b1-3b3c65b6a699:192.168.69.89:36536], old=null
2019-10-20 10:28:59,480 [grpc-default-executor-4] INFO  impl.RaftServerImpl (RaftServerImpl.java:setRole(184)) - 875da3d9-0dec-46c7-88bf-73f7a2372b64@group-75987F7FE399: changes role from  FOLLOWER to FOLLOWER at term 376 for recognizeCandidate:df12c920-952d-4704-9c70-1a288e2f77c7
2019-10-20 10:28:59,480 [grpc-default-executor-4] INFO  impl.RoleInfo (RoleInfo.java:shutdownFollowerState(121)) - 875da3d9-0dec-46c7-88bf-73f7a2372b64: shutdown FollowerState
2019-10-20 10:28:59,480 [grpc-default-executor-4] INFO  impl.RoleInfo (RoleInfo.java:updateAndGet(143)) - 875da3d9-0dec-46c7-88bf-73f7a2372b64: start FollowerState
2019-10-20 10:28:59,480 [grpc-default-executor-3] INFO  impl.RaftServerImpl (RaftServerImpl.java:setRole(184)) - 9ceef694-dbcf-4070-b7b1-3b3c65b6a699@group-75987F7FE399: changes role from  FOLLOWER to FOLLOWER at term 376 for recognizeCandidate:df12c920-952d-4704-9c70-1a288e2f77c7
2019-10-20 10:28:59,480 [Thread-2490] INFO  impl.FollowerState (FollowerState.java:run(117)) - 875da3d9-0dec-46c7-88bf-73f7a2372b64@group-75987F7FE399-FollowerState was interrupted: java.lang.InterruptedException: sleep interrupted
2019-10-20 10:28:59,481 [grpc-default-executor-3] INFO  impl.RoleInfo (RoleInfo.java:shutdownFollowerState(121)) - 9ceef694-dbcf-4070-b7b1-3b3c65b6a699: shutdown FollowerState
2019-10-20 10:28:59,481 [grpc-default-executor-3] INFO  impl.RoleInfo (RoleInfo.java:updateAndGet(143)) - 9ceef694-dbcf-4070-b7b1-3b3c65b6a699: start FollowerState
2019-10-20 10:28:59,481 [Thread-2491] INFO  impl.FollowerState (FollowerState.java:run(117)) - 9ceef694-dbcf-4070-b7b1-3b3c65b6a699@group-75987F7FE399-FollowerState was interrupted: java.lang.InterruptedException: sleep interrupted
2019-10-20 10:28:59,491 [df12c920-952d-4704-9c70-1a288e2f77c7@group-75987F7FE399-LeaderElection332] INFO  impl.LeaderElection (LeaderElection.java:logAndReturn(56)) - df12c920-952d-4704-9c70-1a288e2f77c7@group-75987F7FE399-LeaderElection332: Election REJECTED; received 2 response(s) [df12c920-952d-4704-9c70-1a288e2f77c7<-875da3d9-0dec-46c7-88bf-73f7a2372b64#0:FAIL-t376, df12c920-952d-4704-9c70-1a288e2f77c7<-9ceef694-dbcf-4070-b7b1-3b3c65b6a699#0:FAIL-t376] and 0 exception(s); df12c920-952d-4704-9c70-1a288e2f77c7@group-75987F7FE399:t376, leader=null, voted=df12c920-952d-4704-9c70-1a288e2f77c7, raftlog=df12c920-952d-4704-9c70-1a288e2f77c7@group-75987F7FE399-SegmentedRaftLog:OPENED:c-1,f-1,i0, conf=-1: [875da3d9-0dec-46c7-88bf-73f7a2372b64:192.168.69.89:39990, df12c920-952d-4704-9c70-1a288e2f77c7:192.168.69.89:43948, 9ceef694-dbcf-4070-b7b1-3b3c65b6a699:192.168.69.89:36536], old=null
2019-10-20 10:28:59,491 [df12c920-952d-4704-9c70-1a288e2f77c7@group-75987F7FE399-LeaderElection332] INFO  impl.RaftServerImpl (RaftServerImpl.java:setRole(184)) - df12c920-952d-4704-9c70-1a288e2f77c7@group-75987F7FE399: changes role from CANDIDATE to FOLLOWER at term 376 for DISCOVERED_A_NEW_TERM
2019-10-20 10:28:59,491 [df12c920-952d-4704-9c70-1a288e2f77c7@group-75987F7FE399-LeaderElection332] INFO  impl.RoleInfo (RoleInfo.java:shutdownLeaderElection(134)) - df12c920-952d-4704-9c70-1a288e2f77c7: shutdown LeaderElection
2019-10-20 10:28:59,492 [df12c920-952d-4704-9c70-1a288e2f77c7@group-75987F7FE399-LeaderElection332] INFO  impl.RoleInfo (RoleInfo.java:updateAndGet(143)) - df12c920-952d-4704-9c70-1a288e2f77c7: start FollowerState
2019-10-20 10:28:59,531 [Thread-2498] INFO  impl.FollowerState (FollowerState.java:run(108)) - df12c920-952d-4704-9c70-1a288e2f77c7@group-75987F7FE399-FollowerState: change to CANDIDATE, lastRpcTime:39ms, electionTimeout:39ms
2019-10-20 10:28:59,531 [Thread-2498] INFO  impl.RoleInfo (RoleInfo.java:shutdownFollowerState(121)) - df12c920-952d-4704-9c70-1a288e2f77c7: shutdown FollowerState
2019-10-20 10:28:59,531 [Thread-2498] INFO  impl.RaftServerImpl (RaftServerImpl.java:setRole(184)) - df12c920-952d-4704-9c70-1a288e2f77c7@group-75987F7FE399: changes role from  FOLLOWER to CANDIDATE at term 376 for changeToCandidate
2019-10-20 10:28:59,532 [Thread-2498] INFO  impl.RoleInfo (RoleInfo.java:updateAndGet(143)) - df12c920-952d-4704-9c70-1a288e2f77c7: start LeaderElection
2019-10-20 10:28:59,554 [df12c920-952d-4704-9c70-1a288e2f77c7@group-75987F7FE399-LeaderElection333] INFO  impl.LeaderElection (LeaderElection.java:askForVotes(178)) - df12c920-952d-4704-9c70-1a288e2f77c7@group-75987F7FE399-LeaderElection333: begin an election at term 377 for -1: [875da3d9-0dec-46c7-88bf-73f7a2372b64:192.168.69.89:39990, df12c920-952d-4704-9c70-1a288e2f77c7:192.168.69.89:43948, 9ceef694-dbcf-4070-b7b1-3b3c65b6a699:192.168.69.89:36536], old=null
2019-10-20 10:28:59,555 [grpc-default-executor-3] INFO  impl.RaftServerImpl (RaftServerImpl.java:setRole(184)) - 875da3d9-0dec-46c7-88bf-73f7a2372b64@group-75987F7FE399: changes role from  FOLLOWER to FOLLOWER at term 377 for recognizeCandidate:df12c920-952d-4704-9c70-1a288e2f77c7
2019-10-20 10:28:59,556 [grpc-default-executor-3] INFO  impl.RoleInfo (RoleInfo.java:shutdownFollowerState(121)) - 875da3d9-0dec-46c7-88bf-73f7a2372b64: shutdown FollowerState
2019-10-20 10:28:59,556 [grpc-default-executor-4] INFO  impl.RaftServerImpl (RaftServerImpl.java:setRole(184)) - 9ceef694-dbcf-4070-b7b1-3b3c65b6a699@group-75987F7FE399: changes role from  FOLLOWER to FOLLOWER at term 377 for recognizeCandidate:df12c920-952d-4704-9c70-1a288e2f77c7
2019-10-20 10:28:59,556 [Thread-2496] INFO  impl.FollowerState (FollowerState.java:run(117)) - 875da3d9-0dec-46c7-88bf-73f7a2372b64@group-75987F7FE399-FollowerState was interrupted: java.lang.InterruptedException: sleep interrupted
2019-10-20 10:28:59,556 [grpc-default-executor-3] INFO  impl.RoleInfo (RoleInfo.java:updateAndGet(143)) - 875da3d9-0dec-46c7-88bf-73f7a2372b64: start FollowerState
2019-10-20 10:28:59,556 [grpc-default-executor-4] INFO  impl.RoleInfo (RoleInfo.java:shutdownFollowerState(121)) - 9ceef694-dbcf-4070-b7b1-3b3c65b6a699: shutdown FollowerState
2019-10-20 10:28:59,556 [grpc-default-executor-4] INFO  impl.RoleInfo (RoleInfo.java:updateAndGet(143)) - 9ceef694-dbcf-4070-b7b1-3b3c65b6a699: start FollowerState
2019-10-20 10:28:59,556 [Thread-2497] INFO  impl.FollowerState (FollowerState.java:run(117)) - 9ceef694-dbcf-4070-b7b1-3b3c65b6a699@group-75987F7FE399-FollowerState was interrupted: java.lang.InterruptedException: sleep interrupted
2019-10-20 10:28:59,571 [df12c920-952d-4704-9c70-1a288e2f77c7@group-75987F7FE399-LeaderElection333] INFO  impl.LeaderElection (LeaderElection.java:logAndReturn(56)) - df12c920-952d-4704-9c70-1a288e2f77c7@group-75987F7FE399-LeaderElection333: Election REJECTED; received 2 response(s) [df12c920-952d-4704-9c70-1a288e2f77c7<-875da3d9-0dec-46c7-88bf-73f7a2372b64#0:FAIL-t377, df12c920-952d-4704-9c70-1a288e2f77c7<-9ceef694-dbcf-4070-b7b1-3b3c65b6a699#0:FAIL-t377] and 0 exception(s); df12c920-952d-4704-9c70-1a288e2f77c7@group-75987F7FE399:t377, leader=null, voted=df12c920-952d-4704-9c70-1a288e2f77c7, raftlog=df12c920-952d-4704-9c70-1a288e2f77c7@group-75987F7FE399-SegmentedRaftLog:OPENED:c-1,f-1,i0, conf=-1: [875da3d9-0dec-46c7-88bf-73f7a2372b64:192.168.69.89:39990, df12c920-952d-4704-9c70-1a288e2f77c7:192.168.69.89:43948, 9ceef694-dbcf-4070-b7b1-3b3c65b6a699:192.168.69.89:36536], old=null
2019-10-20 10:28:59,571 [df12c920-952d-4704-9c70-1a288e2f77c7@group-75987F7FE399-LeaderElection333] INFO  impl.RaftServerImpl (RaftServerImpl.java:setRole(184)) - df12c920-952d-4704-9c70-1a288e2f77c7@group-75987F7FE399: changes role from CANDIDATE to FOLLOWER at term 377 for DISCOVERED_A_NEW_TERM
2019-10-20 10:28:59,571 [df12c920-952d-4704-9c70-1a288e2f77c7@group-75987F7FE399-LeaderElection333] INFO  impl.RoleInfo (RoleInfo.java:shutdownLeaderElection(134)) - df12c920-952d-4704-9c70-1a288e2f77c7: shutdown LeaderElection
2019-10-20 10:28:59,571 [df12c920-952d-4704-9c70-1a288e2f77c7@group-75987F7FE399-LeaderElection333] INFO  impl.RoleInfo (RoleInfo.java:updateAndGet(143)) - df12c920-952d-4704-9c70-1a288e2f77c7: start FollowerState
2019-10-20 10:28:59,642 [Thread-2504] INFO  impl.FollowerState (FollowerState.java:run(108)) - df12c920-952d-4704-9c70-1a288e2f77c7@group-75987F7FE399-FollowerState: change to CANDIDATE, lastRpcTime:70ms, electionTimeout:70ms
2019-10-20 10:28:59,642 [Thread-2504] INFO  impl.RoleInfo (RoleInfo.java:shutdownFollowerState(121)) - df12c920-952d-4704-9c70-1a288e2f77c7: shutdown FollowerState
2019-10-20 10:28:59,642 [Thread-2504] INFO  impl.RaftServerImpl (RaftServerImpl.java:setRole(184)) - df12c920-952d-4704-9c70-1a288e2f77c7@group-75987F7FE399: changes role from  FOLLOWER to CANDIDATE at term 377 for changeToCandidate
2019-10-20 10:28:59,642 [Thread-2504] INFO  impl.RoleInfo (RoleInfo.java:updateAndGet(143)) - df12c920-952d-4704-9c70-1a288e2f77c7: start LeaderElection
2019-10-20 10:28:59,657 [df12c920-952d-4704-9c70-1a288e2f77c7@group-75987F7FE399-LeaderElection334] INFO  impl.LeaderElection (LeaderElection.java:askForVotes(178)) - df12c920-952d-4704-9c70-1a288e2f77c7@group-75987F7FE399-LeaderElection334: begin an election at term 378 for -1: [875da3d9-0dec-46c7-88bf-73f7a2372b64:192.168.69.89:39990, df12c920-952d-4704-9c70-1a288e2f77c7:192.168.69.89:43948, 9ceef694-dbcf-4070-b7b1-3b3c65b6a699:192.168.69.89:36536], old=null
2019-10-20 10:28:59,659 [grpc-default-executor-4] INFO  impl.RaftServerImpl (RaftServerImpl.java:setRole(184)) - 875da3d9-0dec-46c7-88bf-73f7a2372b64@group-75987F7FE399: changes role from  FOLLOWER to FOLLOWER at term 378 for recognizeCandidate:df12c920-952d-4704-9c70-1a288e2f77c7
2019-10-20 10:28:59,659 [grpc-default-executor-4] INFO  impl.RoleInfo (RoleInfo.java:shutdownFollowerState(121)) - 875da3d9-0dec-46c7-88bf-73f7a2372b64: shutdown FollowerState
2019-10-20 10:28:59,659 [grpc-default-executor-3] INFO  impl.RaftServerImpl (RaftServerImpl.java:setRole(184)) - 9ceef694-dbcf-4070-b7b1-3b3c65b6a699@group-75987F7FE399: changes role from  FOLLOWER to FOLLOWER at term 378 for recognizeCandidate:df12c920-952d-4704-9c70-1a288e2f77c7
2019-10-20 10:28:59,660 [grpc-default-executor-3] INFO  impl.RoleInfo (RoleInfo.java:shutdownFollowerState(121)) - 9ceef694-dbcf-4070-b7b1-3b3c65b6a699: shutdown FollowerState
2019-10-20 10:28:59,660 [Thread-2502] INFO  impl.FollowerState (FollowerState.java:run(117)) - 875da3d9-0dec-46c7-88bf-73f7a2372b64@group-75987F7FE399-FollowerState was interrupted: java.lang.InterruptedException: sleep interrupted
2019-10-20 10:28:59,660 [Thread-2503] INFO  impl.FollowerState (FollowerState.java:run(117)) - 9ceef694-dbcf-4070-b7b1-3b3c65b6a699@group-75987F7FE399-FollowerState was interrupted: java.lang.InterruptedException: sleep interrupted
2019-10-20 10:28:59,660 [grpc-default-executor-4] INFO  impl.RoleInfo (RoleInfo.java:updateAndGet(143)) - 875da3d9-0dec-46c7-88bf-73f7a2372b64: start FollowerState
2019-10-20 10:28:59,660 [grpc-default-executor-3] INFO  impl.RoleInfo (RoleInfo.java:updateAndGet(143)) - 9ceef694-dbcf-4070-b7b1-3b3c65b6a699: start FollowerState
2019-10-20 10:28:59,675 [df12c920-952d-4704-9c70-1a288e2f77c7@group-75987F7FE399-LeaderElection334] INFO  impl.LeaderElection (LeaderElection.java:logAndReturn(56)) - df12c920-952d-4704-9c70-1a288e2f77c7@group-75987F7FE399-LeaderElection334: Election REJECTED; received 2 response(s) [df12c920-952d-4704-9c70-1a288e2f77c7<-875da3d9-0dec-46c7-88bf-73f7a2372b64#0:FAIL-t378, df12c920-952d-4704-9c70-1a288e2f77c7<-9ceef694-dbcf-4070-b7b1-3b3c65b6a699#0:FAIL-t378] and 0 exception(s); df12c920-952d-4704-9c70-1a288e2f77c7@group-75987F7FE399:t378, leader=null, voted=df12c920-952d-4704-9c70-1a288e2f77c7, raftlog=df12c920-952d-4704-9c70-1a288e2f77c7@group-75987F7FE399-SegmentedRaftLog:OPENED:c-1,f-1,i0, conf=-1: [875da3d9-0dec-46c7-88bf-73f7a2372b64:192.168.69.89:39990, df12c920-952d-4704-9c70-1a288e2f77c7:192.168.69.89:43948, 9ceef694-dbcf-4070-b7b1-3b3c65b6a699:192.168.69.89:36536], old=null
2019-10-20 10:28:59,675 [df12c920-952d-4704-9c70-1a288e2f77c7@group-75987F7FE399-LeaderElection334] INFO  impl.RaftServerImpl (RaftServerImpl.java:setRole(184)) - df12c920-952d-4704-9c70-1a288e2f77c7@group-75987F7FE399: changes role from CANDIDATE to FOLLOWER at term 378 for DISCOVERED_A_NEW_TERM
2019-10-20 10:28:59,675 [df12c920-952d-4704-9c70-1a288e2f77c7@group-75987F7FE399-LeaderElection334] INFO  impl.RoleInfo (RoleInfo.java:shutdownLeaderElection(134)) - df12c920-952d-4704-9c70-1a288e2f77c7: shutdown LeaderElection
2019-10-20 10:28:59,675 [df12c920-952d-4704-9c70-1a288e2f77c7@group-75987F7FE399-LeaderElection334] INFO  impl.RoleInfo (RoleInfo.java:updateAndGet(143)) - df12c920-952d-4704-9c70-1a288e2f77c7: start FollowerState
2019-10-20 10:28:59,844 [Thread-2510] INFO  impl.FollowerState (FollowerState.java:run(108)) - df12c920-952d-4704-9c70-1a288e2f77c7@group-75987F7FE399-FollowerState: change to CANDIDATE, lastRpcTime:168ms, electionTimeout:168ms
2019-10-20 10:28:59,844 [Thread-2510] INFO  impl.RoleInfo (RoleInfo.java:shutdownFollowerState(121)) - df12c920-952d-4704-9c70-1a288e2f77c7: shutdown FollowerState
2019-10-20 10:28:59,844 [Thread-2510] INFO  impl.RaftServerImpl (RaftServerImpl.java:setRole(184)) - df12c920-952d-4704-9c70-1a288e2f77c7@group-75987F7FE399: changes role from  FOLLOWER to CANDIDATE at term 378 for changeToCandidate
2019-10-20 10:28:59,844 [Thread-2510] INFO  impl.RoleInfo (RoleInfo.java:updateAndGet(143)) - df12c920-952d-4704-9c70-1a288e2f77c7: start LeaderElection
2019-10-20 10:28:59,869 [df12c920-952d-4704-9c70-1a288e2f77c7@group-75987F7FE399-LeaderElection335] INFO  impl.LeaderElection (LeaderElection.java:askForVotes(178)) - df12c920-952d-4704-9c70-1a288e2f77c7@group-75987F7FE399-LeaderElection335: begin an election at term 379 for -1: [875da3d9-0dec-46c7-88bf-73f7a2372b64:192.168.69.89:39990, df12c920-952d-4704-9c70-1a288e2f77c7:192.168.69.89:43948, 9ceef694-dbcf-4070-b7b1-3b3c65b6a699:192.168.69.89:36536], old=null
2019-10-20 10:28:59,871 [grpc-default-executor-4] INFO  impl.RaftServerImpl (RaftServerImpl.java:setRole(184)) - 875da3d9-0dec-46c7-88bf-73f7a2372b64@group-75987F7FE399: changes role from  FOLLOWER to FOLLOWER at term 379 for recognizeCandidate:df12c920-952d-4704-9c70-1a288e2f77c7
2019-10-20 10:28:59,871 [grpc-default-executor-4] INFO  impl.RoleInfo (RoleInfo.java:shutdownFollowerState(121)) - 875da3d9-0dec-46c7-88bf-73f7a2372b64: shutdown FollowerState
2019-10-20 10:28:59,871 [grpc-default-executor-3] INFO  impl.RaftServerImpl (RaftServerImpl.java:setRole(184)) - 9ceef694-dbcf-4070-b7b1-3b3c65b6a699@group-75987F7FE399: changes role from  FOLLOWER to FOLLOWER at term 379 for recognizeCandidate:df12c920-952d-4704-9c70-1a288e2f77c7
2019-10-20 10:28:59,872 [grpc-default-executor-3] INFO  impl.RoleInfo (RoleInfo.java:shutdownFollowerState(121)) - 9ceef694-dbcf-4070-b7b1-3b3c65b6a699: shutdown FollowerState
2019-10-20 10:28:59,871 [Thread-2508] INFO  impl.FollowerState (FollowerState.java:run(117)) - 875da3d9-0dec-46c7-88bf-73f7a2372b64@group-75987F7FE399-FollowerState was interrupted: java.lang.InterruptedException: sleep interrupted
2019-10-20 10:28:59,871 [grpc-default-executor-4] INFO  impl.RoleInfo (RoleInfo.java:updateAndGet(143)) - 875da3d9-0dec-46c7-88bf-73f7a2372b64: start FollowerState
2019-10-20 10:28:59,872 [Thread-2509] INFO  impl.FollowerState (FollowerState.java:run(117)) - 9ceef694-dbcf-4070-b7b1-3b3c65b6a699@group-75987F7FE399-FollowerState was interrupted: java.lang.InterruptedException: sleep interrupted
2019-10-20 10:28:59,872 [grpc-default-executor-3] INFO  impl.RoleInfo (RoleInfo.java:updateAndGet(143)) - 9ceef694-dbcf-4070-b7b1-3b3c65b6a699: start FollowerState
2019-10-20 10:28:59,887 [df12c920-952d-4704-9c70-1a288e2f77c7@group-75987F7FE399-LeaderElection335] INFO  impl.LeaderElection (LeaderElection.java:logAndReturn(56)) - df12c920-952d-4704-9c70-1a288e2f77c7@group-75987F7FE399-LeaderElection335: Election REJECTED; received 2 response(s) [df12c920-952d-4704-9c70-1a288e2f77c7<-875da3d9-0dec-46c7-88bf-73f7a2372b64#0:FAIL-t379, df12c920-952d-4704-9c70-1a288e2f77c7<-9ceef694-dbcf-4070-b7b1-3b3c65b6a699#0:FAIL-t379] and 0 exception(s); df12c920-952d-4704-9c70-1a288e2f77c7@group-75987F7FE399:t379, leader=null, voted=df12c920-952d-4704-9c70-1a288e2f77c7, raftlog=df12c920-952d-4704-9c70-1a288e2f77c7@group-75987F7FE399-SegmentedRaftLog:OPENED:c-1,f-1,i0, conf=-1: [875da3d9-0dec-46c7-88bf-73f7a2372b64:192.168.69.89:39990, df12c920-952d-4704-9c70-1a288e2f77c7:192.168.69.89:43948, 9ceef694-dbcf-4070-b7b1-3b3c65b6a699:192.168.69.89:36536], old=null
2019-10-20 10:28:59,887 [df12c920-952d-4704-9c70-1a288e2f77c7@group-75987F7FE399-LeaderElection335] INFO  impl.RaftServerImpl (RaftServerImpl.java:setRole(184)) - df12c920-952d-4704-9c70-1a288e2f77c7@group-75987F7FE399: changes role from CANDIDATE to FOLLOWER at term 379 for DISCOVERED_A_NEW_TERM
2019-10-20 10:28:59,887 [df12c920-952d-4704-9c70-1a288e2f77c7@group-75987F7FE399-LeaderElection335] INFO  impl.RoleInfo (RoleInfo.java:shutdownLeaderElection(134)) - df12c920-952d-4704-9c70-1a288e2f77c7: shutdown LeaderElection
2019-10-20 10:28:59,888 [df12c920-952d-4704-9c70-1a288e2f77c7@group-75987F7FE399-LeaderElection335] INFO  impl.RoleInfo (RoleInfo.java:updateAndGet(143)) - df12c920-952d-4704-9c70-1a288e2f77c7: start FollowerState
2019-10-20 10:28:59,934 [Thread-2516] INFO  impl.FollowerState (FollowerState.java:run(108)) - df12c920-952d-4704-9c70-1a288e2f77c7@group-75987F7FE399-FollowerState: change to CANDIDATE, lastRpcTime:46ms, electionTimeout:46ms
2019-10-20 10:28:59,934 [Thread-2516] INFO  impl.RoleInfo (RoleInfo.java:shutdownFollowerState(121)) - df12c920-952d-4704-9c70-1a288e2f77c7: shutdown FollowerState
2019-10-20 10:28:59,934 [Thread-2516] INFO  impl.RaftServerImpl (RaftServerImpl.java:setRole(184)) - df12c920-952d-4704-9c70-1a288e2f77c7@group-75987F7FE399: changes role from  FOLLOWER to CANDIDATE at term 379 for changeToCandidate
2019-10-20 10:28:59,934 [Thread-2516] INFO  impl.RoleInfo (RoleInfo.java:updateAndGet(143)) - df12c920-952d-4704-9c70-1a288e2f77c7: start LeaderElection
2019-10-20 10:28:59,956 [df12c920-952d-4704-9c70-1a288e2f77c7@group-75987F7FE399-LeaderElection336] INFO  impl.LeaderElection (LeaderElection.java:askForVotes(178)) - df12c920-952d-4704-9c70-1a288e2f77c7@group-75987F7FE399-LeaderElection336: begin an election at term 380 for -1: [875da3d9-0dec-46c7-88bf-73f7a2372b64:192.168.69.89:39990, df12c920-952d-4704-9c70-1a288e2f77c7:192.168.69.89:43948, 9ceef694-dbcf-4070-b7b1-3b3c65b6a699:192.168.69.89:36536], old=null
2019-10-20 10:28:59,958 [grpc-default-executor-4] INFO  impl.RaftServerImpl (RaftServerImpl.java:setRole(184)) - 875da3d9-0dec-46c7-88bf-73f7a2372b64@group-75987F7FE399: changes role from  FOLLOWER to FOLLOWER at term 380 for recognizeCandidate:df12c920-952d-4704-9c70-1a288e2f77c7
2019-10-20 10:28:59,958 [grpc-default-executor-4] INFO  impl.RoleInfo (RoleInfo.java:shutdownFollowerState(121)) - 875da3d9-0dec-46c7-88bf-73f7a2372b64: shutdown FollowerState
2019-10-20 10:28:59,959 [grpc-default-executor-4] INFO  impl.RoleInfo (RoleInfo.java:updateAndGet(143)) - 875da3d9-0dec-46c7-88bf-73f7a2372b64: start FollowerState
2019-10-20 10:28:59,959 [Thread-2514] INFO  impl.FollowerState (FollowerState.java:run(117)) - 875da3d9-0dec-46c7-88bf-73f7a2372b64@group-75987F7FE399-FollowerState was interrupted: java.lang.InterruptedException: sleep interrupted
2019-10-20 10:28:59,959 [grpc-default-executor-3] INFO  impl.RaftServerImpl (RaftServerImpl.java:setRole(184)) - 9ceef694-dbcf-4070-b7b1-3b3c65b6a699@group-75987F7FE399: changes role from  FOLLOWER to FOLLOWER at term 380 for recognizeCandidate:df12c920-952d-4704-9c70-1a288e2f77c7
2019-10-20 10:28:59,959 [grpc-default-executor-3] INFO  impl.RoleInfo (RoleInfo.java:shutdownFollowerState(121)) - 9ceef694-dbcf-4070-b7b1-3b3c65b6a699: shutdown FollowerState
2019-10-20 10:28:59,959 [grpc-default-executor-3] INFO  impl.RoleInfo (RoleInfo.java:updateAndGet(143)) - 9ceef694-dbcf-4070-b7b1-3b3c65b6a699: start FollowerState
2019-10-20 10:28:59,959 [Thread-2515] INFO  impl.FollowerState (FollowerState.java:run(117)) - 9ceef694-dbcf-4070-b7b1-3b3c65b6a699@group-75987F7FE399-FollowerState was interrupted: java.lang.InterruptedException: sleep interrupted
2019-10-20 10:28:59,985 [df12c920-952d-4704-9c70-1a288e2f77c7@group-75987F7FE399-LeaderElection336] INFO  impl.LeaderElection (LeaderElection.java:logAndReturn(56)) - df12c920-952d-4704-9c70-1a288e2f77c7@group-75987F7FE399-LeaderElection336: Election REJECTED; received 2 response(s) [df12c920-952d-4704-9c70-1a288e2f77c7<-875da3d9-0dec-46c7-88bf-73f7a2372b64#0:FAIL-t380, df12c920-952d-4704-9c70-1a288e2f77c7<-9ceef694-dbcf-4070-b7b1-3b3c65b6a699#0:FAIL-t380] and 0 exception(s); df12c920-952d-4704-9c70-1a288e2f77c7@group-75987F7FE399:t380, leader=null, voted=df12c920-952d-4704-9c70-1a288e2f77c7, raftlog=df12c920-952d-4704-9c70-1a288e2f77c7@group-75987F7FE399-SegmentedRaftLog:OPENED:c-1,f-1,i0, conf=-1: [875da3d9-0dec-46c7-88bf-73f7a2372b64:192.168.69.89:39990, df12c920-952d-4704-9c70-1a288e2f77c7:192.168.69.89:43948, 9ceef694-dbcf-4070-b7b1-3b3c65b6a699:192.168.69.89:36536], old=null
2019-10-20 10:28:59,985 [df12c920-952d-4704-9c70-1a288e2f77c7@group-75987F7FE399-LeaderElection336] INFO  impl.RaftServerImpl (RaftServerImpl.java:setRole(184)) - df12c920-952d-4704-9c70-1a288e2f77c7@group-75987F7FE399: changes role from CANDIDATE to FOLLOWER at term 380 for DISCOVERED_A_NEW_TERM
2019-10-20 10:28:59,985 [df12c920-952d-4704-9c70-1a288e2f77c7@group-75987F7FE399-LeaderElection336] INFO  impl.RoleInfo (RoleInfo.java:shutdownLeaderElection(134)) - df12c920-952d-4704-9c70-1a288e2f77c7: shutdown LeaderElection
2019-10-20 10:28:59,985 [df12c920-952d-4704-9c70-1a288e2f77c7@group-75987F7FE399-LeaderElection336] INFO  impl.RoleInfo (RoleInfo.java:updateAndGet(143)) - df12c920-952d-4704-9c70-1a288e2f77c7: start FollowerState
2019-10-20 10:29:00,064 [Thread-2522] INFO  impl.FollowerState (FollowerState.java:run(108)) - df12c920-952d-4704-9c70-1a288e2f77c7@group-75987F7FE399-FollowerState: change to CANDIDATE, lastRpcTime:78ms, electionTimeout:78ms
2019-10-20 10:29:00,064 [Thread-2522] INFO  impl.RoleInfo (RoleInfo.java:shutdownFollowerState(121)) - df12c920-952d-4704-9c70-1a288e2f77c7: shutdown FollowerState
2019-10-20 10:29:00,064 [Thread-2522] INFO  impl.RaftServerImpl (RaftServerImpl.java:setRole(184)) - df12c920-952d-4704-9c70-1a288e2f77c7@group-75987F7FE399: changes role from  FOLLOWER to CANDIDATE at term 380 for changeToCandidate
2019-10-20 10:29:00,064 [Thread-2522] INFO  impl.RoleInfo (RoleInfo.java:updateAndGet(143)) - df12c920-952d-4704-9c70-1a288e2f77c7: start LeaderElection
2019-10-20 10:29:00,089 [df12c920-952d-4704-9c70-1a288e2f77c7@group-75987F7FE399-LeaderElection337] INFO  impl.LeaderElection (LeaderElection.java:askForVotes(178)) - df12c920-952d-4704-9c70-1a288e2f77c7@group-75987F7FE399-LeaderElection337: begin an election at term 381 for -1: [875da3d9-0dec-46c7-88bf-73f7a2372b64:192.168.69.89:39990, df12c920-952d-4704-9c70-1a288e2f77c7:192.168.69.89:43948, 9ceef694-dbcf-4070-b7b1-3b3c65b6a699:192.168.69.89:36536], old=null
2019-10-20 10:29:00,092 [grpc-default-executor-4] INFO  impl.RaftServerImpl (RaftServerImpl.java:setRole(184)) - 875da3d9-0dec-46c7-88bf-73f7a2372b64@group-75987F7FE399: changes role from  FOLLOWER to FOLLOWER at term 381 for recognizeCandidate:df12c920-952d-4704-9c70-1a288e2f77c7
2019-10-20 10:29:00,092 [grpc-default-executor-4] INFO  impl.RoleInfo (RoleInfo.java:shutdownFollowerState(121)) - 875da3d9-0dec-46c7-88bf-73f7a2372b64: shutdown FollowerState
2019-10-20 10:29:00,092 [grpc-default-executor-4] INFO  impl.RoleInfo (RoleInfo.java:updateAndGet(143)) - 875da3d9-0dec-46c7-88bf-73f7a2372b64: start FollowerState
2019-10-20 10:29:00,092 [Thread-2520] INFO  impl.FollowerState (FollowerState.java:run(117)) - 875da3d9-0dec-46c7-88bf-73f7a2372b64@group-75987F7FE399-FollowerState was interrupted: java.lang.InterruptedException: sleep interrupted
2019-10-20 10:29:00,092 [grpc-default-executor-3] INFO  impl.RaftServerImpl (RaftServerImpl.java:setRole(184)) - 9ceef694-dbcf-4070-b7b1-3b3c65b6a699@group-75987F7FE399: changes role from  FOLLOWER to FOLLOWER at term 381 for recognizeCandidate:df12c920-952d-4704-9c70-1a288e2f77c7
2019-10-20 10:29:00,093 [grpc-default-executor-3] INFO  impl.RoleInfo (RoleInfo.java:shutdownFollowerState(121)) - 9ceef694-dbcf-4070-b7b1-3b3c65b6a699: shutdown FollowerState
2019-10-20 10:29:00,093 [grpc-default-executor-3] INFO  impl.RoleInfo (RoleInfo.java:updateAndGet(143)) - 9ceef694-dbcf-4070-b7b1-3b3c65b6a699: start FollowerState
2019-10-20 10:29:00,093 [Thread-2521] INFO  impl.FollowerState (FollowerState.java:run(117)) - 9ceef694-dbcf-4070-b7b1-3b3c65b6a699@group-75987F7FE399-FollowerState was interrupted: java.lang.InterruptedException: sleep interrupted
2019-10-20 10:29:00,108 [df12c920-952d-4704-9c70-1a288e2f77c7@group-75987F7FE399-LeaderElection337] INFO  impl.LeaderElection (LeaderElection.java:logAndReturn(56)) - df12c920-952d-4704-9c70-1a288e2f77c7@group-75987F7FE399-LeaderElection337: Election REJECTED; received 2 response(s) [df12c920-952d-4704-9c70-1a288e2f77c7<-875da3d9-0dec-46c7-88bf-73f7a2372b64#0:FAIL-t381, df12c920-952d-4704-9c70-1a288e2f77c7<-9ceef694-dbcf-4070-b7b1-3b3c65b6a699#0:FAIL-t381] and 0 exception(s); df12c920-952d-4704-9c70-1a288e2f77c7@group-75987F7FE399:t381, leader=null, voted=df12c920-952d-4704-9c70-1a288e2f77c7, raftlog=df12c920-952d-4704-9c70-1a288e2f77c7@group-75987F7FE399-SegmentedRaftLog:OPENED:c-1,f-1,i0, conf=-1: [875da3d9-0dec-46c7-88bf-73f7a2372b64:192.168.69.89:39990, df12c920-952d-4704-9c70-1a288e2f77c7:192.168.69.89:43948, 9ceef694-dbcf-4070-b7b1-3b3c65b6a699:192.168.69.89:36536], old=null
2019-10-20 10:29:00,108 [df12c920-952d-4704-9c70-1a288e2f77c7@group-75987F7FE399-LeaderElection337] INFO  impl.RaftServerImpl (RaftServerImpl.java:setRole(184)) - df12c920-952d-4704-9c70-1a288e2f77c7@group-75987F7FE399: changes role from CANDIDATE to FOLLOWER at term 381 for DISCOVERED_A_NEW_TERM
2019-10-20 10:29:00,108 [df12c920-952d-4704-9c70-1a288e2f77c7@group-75987F7FE399-LeaderElection337] INFO  impl.RoleInfo (RoleInfo.java:shutdownLeaderElection(134)) - df12c920-952d-4704-9c70-1a288e2f77c7: shutdown LeaderElection
2019-10-20 10:29:00,108 [df12c920-952d-4704-9c70-1a288e2f77c7@group-75987F7FE399-LeaderElection337] INFO  impl.RoleInfo (RoleInfo.java:updateAndGet(143)) - df12c920-952d-4704-9c70-1a288e2f77c7: start FollowerState
2019-10-20 10:29:00,174 [Thread-2528] INFO  impl.FollowerState (FollowerState.java:run(108)) - df12c920-952d-4704-9c70-1a288e2f77c7@group-75987F7FE399-FollowerState: change to CANDIDATE, lastRpcTime:65ms, electionTimeout:65ms
2019-10-20 10:29:00,174 [Thread-2528] INFO  impl.RoleInfo (RoleInfo.java:shutdownFollowerState(121)) - df12c920-952d-4704-9c70-1a288e2f77c7: shutdown FollowerState
2019-10-20 10:29:00,174 [Thread-2528] INFO  impl.RaftServerImpl (RaftServerImpl.java:setRole(184)) - df12c920-952d-4704-9c70-1a288e2f77c7@group-75987F7FE399: changes role from  FOLLOWER to CANDIDATE at term 381 for changeToCandidate
2019-10-20 10:29:00,175 [Thread-2528] INFO  impl.RoleInfo (RoleInfo.java:updateAndGet(143)) - df12c920-952d-4704-9c70-1a288e2f77c7: start LeaderElection
2019-10-20 10:29:00,187 [df12c920-952d-4704-9c70-1a288e2f77c7@group-75987F7FE399-LeaderElection338] INFO  impl.LeaderElection (LeaderElection.java:askForVotes(178)) - df12c920-952d-4704-9c70-1a288e2f77c7@group-75987F7FE399-LeaderElection338: begin an election at term 382 for -1: [875da3d9-0dec-46c7-88bf-73f7a2372b64:192.168.69.89:39990, df12c920-952d-4704-9c70-1a288e2f77c7:192.168.69.89:43948, 9ceef694-dbcf-4070-b7b1-3b3c65b6a699:192.168.69.89:36536], old=null
2019-10-20 10:29:00,189 [grpc-default-executor-3] INFO  impl.RaftServerImpl (RaftServerImpl.java:setRole(184)) - 875da3d9-0dec-46c7-88bf-73f7a2372b64@group-75987F7FE399: changes role from  FOLLOWER to FOLLOWER at term 382 for recognizeCandidate:df12c920-952d-4704-9c70-1a288e2f77c7
2019-10-20 10:29:00,190 [grpc-default-executor-3] INFO  impl.RoleInfo (RoleInfo.java:shutdownFollowerState(121)) - 875da3d9-0dec-46c7-88bf-73f7a2372b64: shutdown FollowerState
2019-10-20 10:29:00,190 [grpc-default-executor-3] INFO  impl.RoleInfo (RoleInfo.java:updateAndGet(143)) - 875da3d9-0dec-46c7-88bf-73f7a2372b64: start FollowerState
2019-10-20 10:29:00,190 [Thread-2526] INFO  impl.FollowerState (FollowerState.java:run(117)) - 875da3d9-0dec-46c7-88bf-73f7a2372b64@group-75987F7FE399-FollowerState was interrupted: java.lang.InterruptedException: sleep interrupted
2019-10-20 10:29:00,190 [grpc-default-executor-4] INFO  impl.RaftServerImpl (RaftServerImpl.java:setRole(184)) - 9ceef694-dbcf-4070-b7b1-3b3c65b6a699@group-75987F7FE399: changes role from  FOLLOWER to FOLLOWER at term 382 for recognizeCandidate:df12c920-952d-4704-9c70-1a288e2f77c7
2019-10-20 10:29:00,190 [grpc-default-executor-4] INFO  impl.RoleInfo (RoleInfo.java:shutdownFollowerState(121)) - 9ceef694-dbcf-4070-b7b1-3b3c65b6a699: shutdown FollowerState
2019-10-20 10:29:00,191 [grpc-default-executor-4] INFO  impl.RoleInfo (RoleInfo.java:updateAndGet(143)) - 9ceef694-dbcf-4070-b7b1-3b3c65b6a699: start FollowerState
2019-10-20 10:29:00,191 [Thread-2527] INFO  impl.FollowerState (FollowerState.java:run(117)) - 9ceef694-dbcf-4070-b7b1-3b3c65b6a699@group-75987F7FE399-FollowerState was interrupted: java.lang.InterruptedException: sleep interrupted
2019-10-20 10:29:00,216 [df12c920-952d-4704-9c70-1a288e2f77c7@group-75987F7FE399-LeaderElection338] INFO  impl.LeaderElection (LeaderElection.java:logAndReturn(56)) - df12c920-952d-4704-9c70-1a288e2f77c7@group-75987F7FE399-LeaderElection338: Election REJECTED; received 2 response(s) [df12c920-952d-4704-9c70-1a288e2f77c7<-875da3d9-0dec-46c7-88bf-73f7a2372b64#0:FAIL-t382, df12c920-952d-4704-9c70-1a288e2f77c7<-9ceef694-dbcf-4070-b7b1-3b3c65b6a699#0:FAIL-t382] and 0 exception(s); df12c920-952d-4704-9c70-1a288e2f77c7@group-75987F7FE399:t382, leader=null, voted=df12c920-952d-4704-9c70-1a288e2f77c7, raftlog=df12c920-952d-4704-9c70-1a288e2f77c7@group-75987F7FE399-SegmentedRaftLog:OPENED:c-1,f-1,i0, conf=-1: [875da3d9-0dec-46c7-88bf-73f7a2372b64:192.168.69.89:39990, df12c920-952d-4704-9c70-1a288e2f77c7:192.168.69.89:43948, 9ceef694-dbcf-4070-b7b1-3b3c65b6a699:192.168.69.89:36536], old=null
2019-10-20 10:29:00,217 [df12c920-952d-4704-9c70-1a288e2f77c7@group-75987F7FE399-LeaderElection338] INFO  impl.RaftServerImpl (RaftServerImpl.java:setRole(184)) - df12c920-952d-4704-9c70-1a288e2f77c7@group-75987F7FE399: changes role from CANDIDATE to FOLLOWER at term 382 for DISCOVERED_A_NEW_TERM
2019-10-20 10:29:00,217 [df12c920-952d-4704-9c70-1a288e2f77c7@group-75987F7FE399-LeaderElection338] INFO  impl.RoleInfo (RoleInfo.java:shutdownLeaderElection(134)) - df12c920-952d-4704-9c70-1a288e2f77c7: shutdown LeaderElection
2019-10-20 10:29:00,217 [df12c920-952d-4704-9c70-1a288e2f77c7@group-75987F7FE399-LeaderElection338] INFO  impl.RoleInfo (RoleInfo.java:updateAndGet(143)) - df12c920-952d-4704-9c70-1a288e2f77c7: start FollowerState
2019-10-20 10:29:00,295 [Thread-2534] INFO  impl.FollowerState (FollowerState.java:run(108)) - df12c920-952d-4704-9c70-1a288e2f77c7@group-75987F7FE399-FollowerState: change to CANDIDATE, lastRpcTime:78ms, electionTimeout:78ms
2019-10-20 10:29:00,295 [Thread-2534] INFO  impl.RoleInfo (RoleInfo.java:shutdownFollowerState(121)) - df12c920-952d-4704-9c70-1a288e2f77c7: shutdown FollowerState
2019-10-20 10:29:00,296 [Thread-2534] INFO  impl.RaftServerImpl (RaftServerImpl.java:setRole(184)) - df12c920-952d-4704-9c70-1a288e2f77c7@group-75987F7FE399: changes role from  FOLLOWER to CANDIDATE at term 382 for changeToCandidate
2019-10-20 10:29:00,296 [Thread-2534] INFO  impl.RoleInfo (RoleInfo.java:updateAndGet(143)) - df12c920-952d-4704-9c70-1a288e2f77c7: start LeaderElection
2019-10-20 10:29:00,330 [df12c920-952d-4704-9c70-1a288e2f77c7@group-75987F7FE399-LeaderElection339] INFO  impl.LeaderElection (LeaderElection.java:askForVotes(178)) - df12c920-952d-4704-9c70-1a288e2f77c7@group-75987F7FE399-LeaderElection339: begin an election at term 383 for -1: [875da3d9-0dec-46c7-88bf-73f7a2372b64:192.168.69.89:39990, df12c920-952d-4704-9c70-1a288e2f77c7:192.168.69.89:43948, 9ceef694-dbcf-4070-b7b1-3b3c65b6a699:192.168.69.89:36536], old=null
2019-10-20 10:29:00,333 [grpc-default-executor-3] INFO  impl.RaftServerImpl (RaftServerImpl.java:setRole(184)) - 875da3d9-0dec-46c7-88bf-73f7a2372b64@group-75987F7FE399: changes role from  FOLLOWER to FOLLOWER at term 383 for recognizeCandidate:df12c920-952d-4704-9c70-1a288e2f77c7
2019-10-20 10:29:00,333 [grpc-default-executor-3] INFO  impl.RoleInfo (RoleInfo.java:shutdownFollowerState(121)) - 875da3d9-0dec-46c7-88bf-73f7a2372b64: shutdown FollowerState
2019-10-20 10:29:00,333 [grpc-default-executor-3] INFO  impl.RoleInfo (RoleInfo.java:updateAndGet(143)) - 875da3d9-0dec-46c7-88bf-73f7a2372b64: start FollowerState
2019-10-20 10:29:00,333 [grpc-default-executor-4] INFO  impl.RaftServerImpl (RaftServerImpl.java:setRole(184)) - 9ceef694-dbcf-4070-b7b1-3b3c65b6a699@group-75987F7FE399: changes role from  FOLLOWER to FOLLOWER at term 383 for recognizeCandidate:df12c920-952d-4704-9c70-1a288e2f77c7
2019-10-20 10:29:00,333 [Thread-2532] INFO  impl.FollowerState (FollowerState.java:run(117)) - 875da3d9-0dec-46c7-88bf-73f7a2372b64@group-75987F7FE399-FollowerState was interrupted: java.lang.InterruptedException: sleep interrupted
2019-10-20 10:29:00,334 [grpc-default-executor-4] INFO  impl.RoleInfo (RoleInfo.java:shutdownFollowerState(121)) - 9ceef694-dbcf-4070-b7b1-3b3c65b6a699: shutdown FollowerState
2019-10-20 10:29:00,334 [grpc-default-executor-4] INFO  impl.RoleInfo (RoleInfo.java:updateAndGet(143)) - 9ceef694-dbcf-4070-b7b1-3b3c65b6a699: start FollowerState
2019-10-20 10:29:00,334 [Thread-2533] INFO  impl.FollowerState (FollowerState.java:run(117)) - 9ceef694-dbcf-4070-b7b1-3b3c65b6a699@group-75987F7FE399-FollowerState was interrupted: java.lang.InterruptedException: sleep interrupted
2019-10-20 10:29:00,348 [df12c920-952d-4704-9c70-1a288e2f77c7@group-75987F7FE399-LeaderElection339] INFO  impl.LeaderElection (LeaderElection.java:logAndReturn(56)) - df12c920-952d-4704-9c70-1a288e2f77c7@group-75987F7FE399-LeaderElection339: Election REJECTED; received 2 response(s) [df12c920-952d-4704-9c70-1a288e2f77c7<-875da3d9-0dec-46c7-88bf-73f7a2372b64#0:FAIL-t383, df12c920-952d-4704-9c70-1a288e2f77c7<-9ceef694-dbcf-4070-b7b1-3b3c65b6a699#0:FAIL-t383] and 0 exception(s); df12c920-952d-4704-9c70-1a288e2f77c7@group-75987F7FE399:t383, leader=null, voted=df12c920-952d-4704-9c70-1a288e2f77c7, raftlog=df12c920-952d-4704-9c70-1a288e2f77c7@group-75987F7FE399-SegmentedRaftLog:OPENED:c-1,f-1,i0, conf=-1: [875da3d9-0dec-46c7-88bf-73f7a2372b64:192.168.69.89:39990, df12c920-952d-4704-9c70-1a288e2f77c7:192.168.69.89:43948, 9ceef694-dbcf-4070-b7b1-3b3c65b6a699:192.168.69.89:36536], old=null
2019-10-20 10:29:00,348 [df12c920-952d-4704-9c70-1a288e2f77c7@group-75987F7FE399-LeaderElection339] INFO  impl.RaftServerImpl (RaftServerImpl.java:setRole(184)) - df12c920-952d-4704-9c70-1a288e2f77c7@group-75987F7FE399: changes role from CANDIDATE to FOLLOWER at term 383 for DISCOVERED_A_NEW_TERM
2019-10-20 10:29:00,348 [df12c920-952d-4704-9c70-1a288e2f77c7@group-75987F7FE399-LeaderElection339] INFO  impl.RoleInfo (RoleInfo.java:shutdownLeaderElection(134)) - df12c920-952d-4704-9c70-1a288e2f77c7: shutdown LeaderElection
2019-10-20 10:29:00,349 [df12c920-952d-4704-9c70-1a288e2f77c7@group-75987F7FE399-LeaderElection339] INFO  impl.RoleInfo (RoleInfo.java:updateAndGet(143)) - df12c920-952d-4704-9c70-1a288e2f77c7: start FollowerState
2019-10-20 10:29:00,506 [Thread-2542] INFO  impl.FollowerState (FollowerState.java:run(108)) - df12c920-952d-4704-9c70-1a288e2f77c7@group-75987F7FE399-FollowerState: change to CANDIDATE, lastRpcTime:157ms, electionTimeout:157ms
2019-10-20 10:29:00,506 [Thread-2542] INFO  impl.RoleInfo (RoleInfo.java:shutdownFollowerState(121)) - df12c920-952d-4704-9c70-1a288e2f77c7: shutdown FollowerState
2019-10-20 10:29:00,506 [Thread-2542] INFO  impl.RaftServerImpl (RaftServerImpl.java:setRole(184)) - df12c920-952d-4704-9c70-1a288e2f77c7@group-75987F7FE399: changes role from  FOLLOWER to CANDIDATE at term 383 for changeToCandidate
2019-10-20 10:29:00,506 [Thread-2542] INFO  impl.RoleInfo (RoleInfo.java:updateAndGet(143)) - df12c920-952d-4704-9c70-1a288e2f77c7: start LeaderElection
2019-10-20 10:29:00,520 [df12c920-952d-4704-9c70-1a288e2f77c7@group-75987F7FE399-LeaderElection340] INFO  impl.LeaderElection (LeaderElection.java:askForVotes(178)) - df12c920-952d-4704-9c70-1a288e2f77c7@group-75987F7FE399-LeaderElection340: begin an election at term 384 for -1: [875da3d9-0dec-46c7-88bf-73f7a2372b64:192.168.69.89:39990, df12c920-952d-4704-9c70-1a288e2f77c7:192.168.69.89:43948, 9ceef694-dbcf-4070-b7b1-3b3c65b6a699:192.168.69.89:36536], old=null
2019-10-20 10:29:00,522 [grpc-default-executor-3] INFO  impl.RaftServerImpl (RaftServerImpl.java:setRole(184)) - 875da3d9-0dec-46c7-88bf-73f7a2372b64@group-75987F7FE399: changes role from  FOLLOWER to FOLLOWER at term 384 for recognizeCandidate:df12c920-952d-4704-9c70-1a288e2f77c7
2019-10-20 10:29:00,522 [grpc-default-executor-3] INFO  impl.RoleInfo (RoleInfo.java:shutdownFollowerState(121)) - 875da3d9-0dec-46c7-88bf-73f7a2372b64: shutdown FollowerState
2019-10-20 10:29:00,523 [grpc-default-executor-3] INFO  impl.RoleInfo (RoleInfo.java:updateAndGet(143)) - 875da3d9-0dec-46c7-88bf-73f7a2372b64: start FollowerState
2019-10-20 10:29:00,523 [Thread-2540] INFO  impl.FollowerState (FollowerState.java:run(117)) - 875da3d9-0dec-46c7-88bf-73f7a2372b64@group-75987F7FE399-FollowerState was interrupted: java.lang.InterruptedException: sleep interrupted
2019-10-20 10:29:00,523 [grpc-default-executor-4] INFO  impl.RaftServerImpl (RaftServerImpl.java:setRole(184)) - 9ceef694-dbcf-4070-b7b1-3b3c65b6a699@group-75987F7FE399: changes role from  FOLLOWER to FOLLOWER at term 384 for recognizeCandidate:df12c920-952d-4704-9c70-1a288e2f77c7
2019-10-20 10:29:00,523 [grpc-default-executor-4] INFO  impl.RoleInfo (RoleInfo.java:shutdownFollowerState(121)) - 9ceef694-dbcf-4070-b7b1-3b3c65b6a699: shutdown FollowerState
2019-10-20 10:29:00,524 [grpc-default-executor-4] INFO  impl.RoleInfo (RoleInfo.java:updateAndGet(143)) - 9ceef694-dbcf-4070-b7b1-3b3c65b6a699: start FollowerState
2019-10-20 10:29:00,524 [Thread-2541] INFO  impl.FollowerState (FollowerState.java:run(117)) - 9ceef694-dbcf-4070-b7b1-3b3c65b6a699@group-75987F7FE399-FollowerState was interrupted: java.lang.InterruptedException: sleep interrupted
2019-10-20 10:29:00,539 [df12c920-952d-4704-9c70-1a288e2f77c7@group-75987F7FE399-LeaderElection340] INFO  impl.LeaderElection (LeaderElection.java:logAndReturn(56)) - df12c920-952d-4704-9c70-1a288e2f77c7@group-75987F7FE399-LeaderElection340: Election REJECTED; received 2 response(s) [df12c920-952d-4704-9c70-1a288e2f77c7<-875da3d9-0dec-46c7-88bf-73f7a2372b64#0:FAIL-t384, df12c920-952d-4704-9c70-1a288e2f77c7<-9ceef694-dbcf-4070-b7b1-3b3c65b6a699#0:FAIL-t384] and 0 exception(s); df12c920-952d-4704-9c70-1a288e2f77c7@group-75987F7FE399:t384, leader=null, voted=df12c920-952d-4704-9c70-1a288e2f77c7, raftlog=df12c920-952d-4704-9c70-1a288e2f77c7@group-75987F7FE399-SegmentedRaftLog:OPENED:c-1,f-1,i0, conf=-1: [875da3d9-0dec-46c7-88bf-73f7a2372b64:192.168.69.89:39990, df12c920-952d-4704-9c70-1a288e2f77c7:192.168.69.89:43948, 9ceef694-dbcf-4070-b7b1-3b3c65b6a699:192.168.69.89:36536], old=null
2019-10-20 10:29:00,539 [df12c920-952d-4704-9c70-1a288e2f77c7@group-75987F7FE399-LeaderElection340] INFO  impl.RaftServerImpl (RaftServerImpl.java:setRole(184)) - df12c920-952d-4704-9c70-1a288e2f77c7@group-75987F7FE399: changes role from CANDIDATE to FOLLOWER at term 384 for DISCOVERED_A_NEW_TERM
2019-10-20 10:29:00,539 [df12c920-952d-4704-9c70-1a288e2f77c7@group-75987F7FE399-LeaderElection340] INFO  impl.RoleInfo (RoleInfo.java:shutdownLeaderElection(134)) - df12c920-952d-4704-9c70-1a288e2f77c7: shutdown LeaderElection
2019-10-20 10:29:00,540 [df12c920-952d-4704-9c70-1a288e2f77c7@group-75987F7FE399-LeaderElection340] INFO  impl.RoleInfo (RoleInfo.java:updateAndGet(143)) - df12c920-952d-4704-9c70-1a288e2f77c7: start FollowerState
2019-10-20 10:29:00,660 [Thread-2548] INFO  impl.FollowerState (FollowerState.java:run(108)) - df12c920-952d-4704-9c70-1a288e2f77c7@group-75987F7FE399-FollowerState: change to CANDIDATE, lastRpcTime:120ms, electionTimeout:120ms
2019-10-20 10:29:00,660 [Thread-2548] INFO  impl.RoleInfo (RoleInfo.java:shutdownFollowerState(121)) - df12c920-952d-4704-9c70-1a288e2f77c7: shutdown FollowerState
2019-10-20 10:29:00,660 [Thread-2548] INFO  impl.RaftServerImpl (RaftServerImpl.java:setRole(184)) - df12c920-952d-4704-9c70-1a288e2f77c7@group-75987F7FE399: changes role from  FOLLOWER to CANDIDATE at term 384 for changeToCandidate
2019-10-20 10:29:00,661 [Thread-2548] INFO  impl.RoleInfo (RoleInfo.java:updateAndGet(143)) - df12c920-952d-4704-9c70-1a288e2f77c7: start LeaderElection
2019-10-20 10:29:00,682 [df12c920-952d-4704-9c70-1a288e2f77c7@group-75987F7FE399-LeaderElection341] INFO  impl.LeaderElection (LeaderElection.java:askForVotes(178)) - df12c920-952d-4704-9c70-1a288e2f77c7@group-75987F7FE399-LeaderElection341: begin an election at term 385 for -1: [875da3d9-0dec-46c7-88bf-73f7a2372b64:192.168.69.89:39990, df12c920-952d-4704-9c70-1a288e2f77c7:192.168.69.89:43948, 9ceef694-dbcf-4070-b7b1-3b3c65b6a699:192.168.69.89:36536], old=null
2019-10-20 10:29:00,685 [grpc-default-executor-4] INFO  impl.RaftServerImpl (RaftServerImpl.java:setRole(184)) - 875da3d9-0dec-46c7-88bf-73f7a2372b64@group-75987F7FE399: changes role from  FOLLOWER to FOLLOWER at term 385 for recognizeCandidate:df12c920-952d-4704-9c70-1a288e2f77c7
2019-10-20 10:29:00,685 [grpc-default-executor-4] INFO  impl.RoleInfo (RoleInfo.java:shutdownFollowerState(121)) - 875da3d9-0dec-46c7-88bf-73f7a2372b64: shutdown FollowerState
2019-10-20 10:29:00,686 [grpc-default-executor-4] INFO  impl.RoleInfo (RoleInfo.java:updateAndGet(143)) - 875da3d9-0dec-46c7-88bf-73f7a2372b64: start FollowerState
2019-10-20 10:29:00,686 [grpc-default-executor-3] INFO  impl.RaftServerImpl (RaftServerImpl.java:setRole(184)) - 9ceef694-dbcf-4070-b7b1-3b3c65b6a699@group-75987F7FE399: changes role from  FOLLOWER to FOLLOWER at term 385 for recognizeCandidate:df12c920-952d-4704-9c70-1a288e2f77c7
2019-10-20 10:29:00,686 [grpc-default-executor-3] INFO  impl.RoleInfo (RoleInfo.java:shutdownFollowerState(121)) - 9ceef694-dbcf-4070-b7b1-3b3c65b6a699: shutdown FollowerState
2019-10-20 10:29:00,686 [Thread-2546] INFO  impl.FollowerState (FollowerState.java:run(117)) - 875da3d9-0dec-46c7-88bf-73f7a2372b64@group-75987F7FE399-FollowerState was interrupted: java.lang.InterruptedException: sleep interrupted
2019-10-20 10:29:00,686 [Thread-2547] INFO  impl.FollowerState (FollowerState.java:run(117)) - 9ceef694-dbcf-4070-b7b1-3b3c65b6a699@group-75987F7FE399-FollowerState was interrupted: java.lang.InterruptedException: sleep interrupted
2019-10-20 10:29:00,686 [grpc-default-executor-3] INFO  impl.RoleInfo (RoleInfo.java:updateAndGet(143)) - 9ceef694-dbcf-4070-b7b1-3b3c65b6a699: start FollowerState
2019-10-20 10:29:00,702 [df12c920-952d-4704-9c70-1a288e2f77c7@group-75987F7FE399-LeaderElection341] INFO  impl.LeaderElection (LeaderElection.java:logAndReturn(56)) - df12c920-952d-4704-9c70-1a288e2f77c7@group-75987F7FE399-LeaderElection341: Election REJECTED; received 2 response(s) [df12c920-952d-4704-9c70-1a288e2f77c7<-875da3d9-0dec-46c7-88bf-73f7a2372b64#0:FAIL-t385, df12c920-952d-4704-9c70-1a288e2f77c7<-9ceef694-dbcf-4070-b7b1-3b3c65b6a699#0:FAIL-t385] and 0 exception(s); df12c920-952d-4704-9c70-1a288e2f77c7@group-75987F7FE399:t385, leader=null, voted=df12c920-952d-4704-9c70-1a288e2f77c7, raftlog=df12c920-952d-4704-9c70-1a288e2f77c7@group-75987F7FE399-SegmentedRaftLog:OPENED:c-1,f-1,i0, conf=-1: [875da3d9-0dec-46c7-88bf-73f7a2372b64:192.168.69.89:39990, df12c920-952d-4704-9c70-1a288e2f77c7:192.168.69.89:43948, 9ceef694-dbcf-4070-b7b1-3b3c65b6a699:192.168.69.89:36536], old=null
2019-10-20 10:29:00,702 [df12c920-952d-4704-9c70-1a288e2f77c7@group-75987F7FE399-LeaderElection341] INFO  impl.RaftServerImpl (RaftServerImpl.java:setRole(184)) - df12c920-952d-4704-9c70-1a288e2f77c7@group-75987F7FE399: changes role from CANDIDATE to FOLLOWER at term 385 for DISCOVERED_A_NEW_TERM
2019-10-20 10:29:00,702 [df12c920-952d-4704-9c70-1a288e2f77c7@group-75987F7FE399-LeaderElection341] INFO  impl.RoleInfo (RoleInfo.java:shutdownLeaderElection(134)) - df12c920-952d-4704-9c70-1a288e2f77c7: shutdown LeaderElection
2019-10-20 10:29:00,703 [df12c920-952d-4704-9c70-1a288e2f77c7@group-75987F7FE399-LeaderElection341] INFO  impl.RoleInfo (RoleInfo.java:updateAndGet(143)) - df12c920-952d-4704-9c70-1a288e2f77c7: start FollowerState
2019-10-20 10:29:00,723 [Thread-2554] INFO  impl.FollowerState (FollowerState.java:run(108)) - df12c920-952d-4704-9c70-1a288e2f77c7@group-75987F7FE399-FollowerState: change to CANDIDATE, lastRpcTime:20ms, electionTimeout:20ms
2019-10-20 10:29:00,723 [Thread-2554] INFO  impl.RoleInfo (RoleInfo.java:shutdownFollowerState(121)) - df12c920-952d-4704-9c70-1a288e2f77c7: shutdown FollowerState
2019-10-20 10:29:00,723 [Thread-2554] INFO  impl.RaftServerImpl (RaftServerImpl.java:setRole(184)) - df12c920-952d-4704-9c70-1a288e2f77c7@group-75987F7FE399: changes role from  FOLLOWER to CANDIDATE at term 385 for changeToCandidate
2019-10-20 10:29:00,723 [Thread-2554] INFO  impl.RoleInfo (RoleInfo.java:updateAndGet(143)) - df12c920-952d-4704-9c70-1a288e2f77c7: start LeaderElection
2019-10-20 10:29:00,738 [df12c920-952d-4704-9c70-1a288e2f77c7@group-75987F7FE399-LeaderElection342] INFO  impl.LeaderElection (LeaderElection.java:askForVotes(178)) - df12c920-952d-4704-9c70-1a288e2f77c7@group-75987F7FE399-LeaderElection342: begin an election at term 386 for -1: [875da3d9-0dec-46c7-88bf-73f7a2372b64:192.168.69.89:39990, df12c920-952d-4704-9c70-1a288e2f77c7:192.168.69.89:43948, 9ceef694-dbcf-4070-b7b1-3b3c65b6a699:192.168.69.89:36536], old=null
2019-10-20 10:29:00,740 [grpc-default-executor-3] INFO  impl.RaftServerImpl (RaftServerImpl.java:setRole(184)) - 875da3d9-0dec-46c7-88bf-73f7a2372b64@group-75987F7FE399: changes role from  FOLLOWER to FOLLOWER at term 386 for recognizeCandidate:df12c920-952d-4704-9c70-1a288e2f77c7
2019-10-20 10:29:00,741 [grpc-default-executor-3] INFO  impl.RoleInfo (RoleInfo.java:shutdownFollowerState(121)) - 875da3d9-0dec-46c7-88bf-73f7a2372b64: shutdown FollowerState
2019-10-20 10:29:00,741 [grpc-default-executor-3] INFO  impl.RoleInfo (RoleInfo.java:updateAndGet(143)) - 875da3d9-0dec-46c7-88bf-73f7a2372b64: start FollowerState
2019-10-20 10:29:00,741 [grpc-default-executor-4] INFO  impl.RaftServerImpl (RaftServerImpl.java:setRole(184)) - 9ceef694-dbcf-4070-b7b1-3b3c65b6a699@group-75987F7FE399: changes role from  FOLLOWER to FOLLOWER at term 386 for recognizeCandidate:df12c920-952d-4704-9c70-1a288e2f77c7
2019-10-20 10:29:00,741 [grpc-default-executor-4] INFO  impl.RoleInfo (RoleInfo.java:shutdownFollowerState(121)) - 9ceef694-dbcf-4070-b7b1-3b3c65b6a699: shutdown FollowerState
2019-10-20 10:29:00,741 [Thread-2552] INFO  impl.FollowerState (FollowerState.java:run(117)) - 875da3d9-0dec-46c7-88bf-73f7a2372b64@group-75987F7FE399-FollowerState was interrupted: java.lang.InterruptedException: sleep interrupted
2019-10-20 10:29:00,741 [Thread-2553] INFO  impl.FollowerState (FollowerState.java:run(117)) - 9ceef694-dbcf-4070-b7b1-3b3c65b6a699@group-75987F7FE399-FollowerState was interrupted: java.lang.InterruptedException: sleep interrupted
2019-10-20 10:29:00,741 [grpc-default-executor-4] INFO  impl.RoleInfo (RoleInfo.java:updateAndGet(143)) - 9ceef694-dbcf-4070-b7b1-3b3c65b6a699: start FollowerState
2019-10-20 10:29:00,767 [df12c920-952d-4704-9c70-1a288e2f77c7@group-75987F7FE399-LeaderElection342] INFO  impl.LeaderElection (LeaderElection.java:logAndReturn(56)) - df12c920-952d-4704-9c70-1a288e2f77c7@group-75987F7FE399-LeaderElection342: Election REJECTED; received 2 response(s) [df12c920-952d-4704-9c70-1a288e2f77c7<-875da3d9-0dec-46c7-88bf-73f7a2372b64#0:FAIL-t386, df12c920-952d-4704-9c70-1a288e2f77c7<-9ceef694-dbcf-4070-b7b1-3b3c65b6a699#0:FAIL-t386] and 0 exception(s); df12c920-952d-4704-9c70-1a288e2f77c7@group-75987F7FE399:t386, leader=null, voted=df12c920-952d-4704-9c70-1a288e2f77c7, raftlog=df12c920-952d-4704-9c70-1a288e2f77c7@group-75987F7FE399-SegmentedRaftLog:OPENED:c-1,f-1,i0, conf=-1: [875da3d9-0dec-46c7-88bf-73f7a2372b64:192.168.69.89:39990, df12c920-952d-4704-9c70-1a288e2f77c7:192.168.69.89:43948, 9ceef694-dbcf-4070-b7b1-3b3c65b6a699:192.168.69.89:36536], old=null
2019-10-20 10:29:00,767 [df12c920-952d-4704-9c70-1a288e2f77c7@group-75987F7FE399-LeaderElection342] INFO  impl.RaftServerImpl (RaftServerImpl.java:setRole(184)) - df12c920-952d-4704-9c70-1a288e2f77c7@group-75987F7FE399: changes role from CANDIDATE to FOLLOWER at term 386 for DISCOVERED_A_NEW_TERM
2019-10-20 10:29:00,767 [df12c920-952d-4704-9c70-1a288e2f77c7@group-75987F7FE399-LeaderElection342] INFO  impl.RoleInfo (RoleInfo.java:shutdownLeaderElection(134)) - df12c920-952d-4704-9c70-1a288e2f77c7: shutdown LeaderElection
2019-10-20 10:29:00,767 [df12c920-952d-4704-9c70-1a288e2f77c7@group-75987F7FE399-LeaderElection342] INFO  impl.RoleInfo (RoleInfo.java:updateAndGet(143)) - df12c920-952d-4704-9c70-1a288e2f77c7: start FollowerState
2019-10-20 10:29:00,955 [Thread-2560] INFO  impl.FollowerState (FollowerState.java:run(108)) - df12c920-952d-4704-9c70-1a288e2f77c7@group-75987F7FE399-FollowerState: change to CANDIDATE, lastRpcTime:187ms, electionTimeout:187ms
2019-10-20 10:29:00,955 [Thread-2560] INFO  impl.RoleInfo (RoleInfo.java:shutdownFollowerState(121)) - df12c920-952d-4704-9c70-1a288e2f77c7: shutdown FollowerState
2019-10-20 10:29:00,955 [Thread-2560] INFO  impl.RaftServerImpl (RaftServerImpl.java:setRole(184)) - df12c920-952d-4704-9c70-1a288e2f77c7@group-75987F7FE399: changes role from  FOLLOWER to CANDIDATE at term 386 for changeToCandidate
2019-10-20 10:29:00,955 [Thread-2560] INFO  impl.RoleInfo (RoleInfo.java:updateAndGet(143)) - df12c920-952d-4704-9c70-1a288e2f77c7: start LeaderElection
2019-10-20 10:29:00,982 [df12c920-952d-4704-9c70-1a288e2f77c7@group-75987F7FE399-LeaderElection343] INFO  impl.LeaderElection (LeaderElection.java:askForVotes(178)) - df12c920-952d-4704-9c70-1a288e2f77c7@group-75987F7FE399-LeaderElection343: begin an election at term 387 for -1: [875da3d9-0dec-46c7-88bf-73f7a2372b64:192.168.69.89:39990, df12c920-952d-4704-9c70-1a288e2f77c7:192.168.69.89:43948, 9ceef694-dbcf-4070-b7b1-3b3c65b6a699:192.168.69.89:36536], old=null
2019-10-20 10:29:00,984 [grpc-default-executor-3] INFO  impl.RaftServerImpl (RaftServerImpl.java:setRole(184)) - 875da3d9-0dec-46c7-88bf-73f7a2372b64@group-75987F7FE399: changes role from  FOLLOWER to FOLLOWER at term 387 for recognizeCandidate:df12c920-952d-4704-9c70-1a288e2f77c7
2019-10-20 10:29:00,984 [grpc-default-executor-3] INFO  impl.RoleInfo (RoleInfo.java:shutdownFollowerState(121)) - 875da3d9-0dec-46c7-88bf-73f7a2372b64: shutdown FollowerState
2019-10-20 10:29:00,984 [grpc-default-executor-3] INFO  impl.RoleInfo (RoleInfo.java:updateAndGet(143)) - 875da3d9-0dec-46c7-88bf-73f7a2372b64: start FollowerState
2019-10-20 10:29:00,984 [Thread-2558] INFO  impl.FollowerState (FollowerState.java:run(117)) - 875da3d9-0dec-46c7-88bf-73f7a2372b64@group-75987F7FE399-FollowerState was interrupted: java.lang.InterruptedException: sleep interrupted
2019-10-20 10:29:00,984 [grpc-default-executor-4] INFO  impl.RaftServerImpl (RaftServerImpl.java:setRole(184)) - 9ceef694-dbcf-4070-b7b1-3b3c65b6a699@group-75987F7FE399: changes role from  FOLLOWER to FOLLOWER at term 387 for recognizeCandidate:df12c920-952d-4704-9c70-1a288e2f77c7
2019-10-20 10:29:00,985 [grpc-default-executor-4] INFO  impl.RoleInfo (RoleInfo.java:shutdownFollowerState(121)) - 9ceef694-dbcf-4070-b7b1-3b3c65b6a699: shutdown FollowerState
2019-10-20 10:29:00,985 [grpc-default-executor-4] INFO  impl.RoleInfo (RoleInfo.java:updateAndGet(143)) - 9ceef694-dbcf-4070-b7b1-3b3c65b6a699: start FollowerState
2019-10-20 10:29:00,985 [Thread-2559] INFO  impl.FollowerState (FollowerState.java:run(117)) - 9ceef694-dbcf-4070-b7b1-3b3c65b6a699@group-75987F7FE399-FollowerState was interrupted: java.lang.InterruptedException: sleep interrupted
2019-10-20 10:29:01,000 [df12c920-952d-4704-9c70-1a288e2f77c7@group-75987F7FE399-LeaderElection343] INFO  impl.LeaderElection (LeaderElection.java:logAndReturn(56)) - df12c920-952d-4704-9c70-1a288e2f77c7@group-75987F7FE399-LeaderElection343: Election REJECTED; received 2 response(s) [df12c920-952d-4704-9c70-1a288e2f77c7<-875da3d9-0dec-46c7-88bf-73f7a2372b64#0:FAIL-t387, df12c920-952d-4704-9c70-1a288e2f77c7<-9ceef694-dbcf-4070-b7b1-3b3c65b6a699#0:FAIL-t387] and 0 exception(s); df12c920-952d-4704-9c70-1a288e2f77c7@group-75987F7FE399:t387, leader=null, voted=df12c920-952d-4704-9c70-1a288e2f77c7, raftlog=df12c920-952d-4704-9c70-1a288e2f77c7@group-75987F7FE399-SegmentedRaftLog:OPENED:c-1,f-1,i0, conf=-1: [875da3d9-0dec-46c7-88bf-73f7a2372b64:192.168.69.89:39990, df12c920-952d-4704-9c70-1a288e2f77c7:192.168.69.89:43948, 9ceef694-dbcf-4070-b7b1-3b3c65b6a699:192.168.69.89:36536], old=null
2019-10-20 10:29:01,001 [df12c920-952d-4704-9c70-1a288e2f77c7@group-75987F7FE399-LeaderElection343] INFO  impl.RaftServerImpl (RaftServerImpl.java:setRole(184)) - df12c920-952d-4704-9c70-1a288e2f77c7@group-75987F7FE399: changes role from CANDIDATE to FOLLOWER at term 387 for DISCOVERED_A_NEW_TERM
2019-10-20 10:29:01,001 [df12c920-952d-4704-9c70-1a288e2f77c7@group-75987F7FE399-LeaderElection343] INFO  impl.RoleInfo (RoleInfo.java:shutdownLeaderElection(134)) - df12c920-952d-4704-9c70-1a288e2f77c7: shutdown LeaderElection
2019-10-20 10:29:01,001 [df12c920-952d-4704-9c70-1a288e2f77c7@group-75987F7FE399-LeaderElection343] INFO  impl.RoleInfo (RoleInfo.java:updateAndGet(143)) - df12c920-952d-4704-9c70-1a288e2f77c7: start FollowerState
2019-10-20 10:29:01,198 [Thread-2566] INFO  impl.FollowerState (FollowerState.java:run(108)) - df12c920-952d-4704-9c70-1a288e2f77c7@group-75987F7FE399-FollowerState: change to CANDIDATE, lastRpcTime:197ms, electionTimeout:197ms
2019-10-20 10:29:01,199 [Thread-2566] INFO  impl.RoleInfo (RoleInfo.java:shutdownFollowerState(121)) - df12c920-952d-4704-9c70-1a288e2f77c7: shutdown FollowerState
2019-10-20 10:29:01,199 [Thread-2566] INFO  impl.RaftServerImpl (RaftServerImpl.java:setRole(184)) - df12c920-952d-4704-9c70-1a288e2f77c7@group-75987F7FE399: changes role from  FOLLOWER to CANDIDATE at term 387 for changeToCandidate
2019-10-20 10:29:01,199 [Thread-2566] INFO  impl.RoleInfo (RoleInfo.java:updateAndGet(143)) - df12c920-952d-4704-9c70-1a288e2f77c7: start LeaderElection
2019-10-20 10:29:01,221 [df12c920-952d-4704-9c70-1a288e2f77c7@group-75987F7FE399-LeaderElection344] INFO  impl.LeaderElection (LeaderElection.java:askForVotes(178)) - df12c920-952d-4704-9c70-1a288e2f77c7@group-75987F7FE399-LeaderElection344: begin an election at term 388 for -1: [875da3d9-0dec-46c7-88bf-73f7a2372b64:192.168.69.89:39990, df12c920-952d-4704-9c70-1a288e2f77c7:192.168.69.89:43948, 9ceef694-dbcf-4070-b7b1-3b3c65b6a699:192.168.69.89:36536], old=null
2019-10-20 10:29:01,223 [grpc-default-executor-4] INFO  impl.RaftServerImpl (RaftServerImpl.java:setRole(184)) - 875da3d9-0dec-46c7-88bf-73f7a2372b64@group-75987F7FE399: changes role from  FOLLOWER to FOLLOWER at term 388 for recognizeCandidate:df12c920-952d-4704-9c70-1a288e2f77c7
2019-10-20 10:29:01,224 [grpc-default-executor-4] INFO  impl.RoleInfo (RoleInfo.java:shutdownFollowerState(121)) - 875da3d9-0dec-46c7-88bf-73f7a2372b64: shutdown FollowerState
2019-10-20 10:29:01,224 [grpc-default-executor-4] INFO  impl.RoleInfo (RoleInfo.java:updateAndGet(143)) - 875da3d9-0dec-46c7-88bf-73f7a2372b64: start FollowerState
2019-10-20 10:29:01,224 [Thread-2564] INFO  impl.FollowerState (FollowerState.java:run(117)) - 875da3d9-0dec-46c7-88bf-73f7a2372b64@group-75987F7FE399-FollowerState was interrupted: java.lang.InterruptedException: sleep interrupted
2019-10-20 10:29:01,224 [grpc-default-executor-3] INFO  impl.RaftServerImpl (RaftServerImpl.java:setRole(184)) - 9ceef694-dbcf-4070-b7b1-3b3c65b6a699@group-75987F7FE399: changes role from  FOLLOWER to FOLLOWER at term 388 for recognizeCandidate:df12c920-952d-4704-9c70-1a288e2f77c7
2019-10-20 10:29:01,225 [grpc-default-executor-3] INFO  impl.RoleInfo (RoleInfo.java:shutdownFollowerState(121)) - 9ceef694-dbcf-4070-b7b1-3b3c65b6a699: shutdown FollowerState
2019-10-20 10:29:01,225 [grpc-default-executor-3] INFO  impl.RoleInfo (RoleInfo.java:updateAndGet(143)) - 9ceef694-dbcf-4070-b7b1-3b3c65b6a699: start FollowerState
2019-10-20 10:29:01,225 [Thread-2565] INFO  impl.FollowerState (FollowerState.java:run(117)) - 9ceef694-dbcf-4070-b7b1-3b3c65b6a699@group-75987F7FE399-FollowerState was interrupted: java.lang.InterruptedException: sleep interrupted
2019-10-20 10:29:01,240 [df12c920-952d-4704-9c70-1a288e2f77c7@group-75987F7FE399-LeaderElection344] INFO  impl.LeaderElection (LeaderElection.java:logAndReturn(56)) - df12c920-952d-4704-9c70-1a288e2f77c7@group-75987F7FE399-LeaderElection344: Election REJECTED; received 2 response(s) [df12c920-952d-4704-9c70-1a288e2f77c7<-875da3d9-0dec-46c7-88bf-73f7a2372b64#0:FAIL-t388, df12c920-952d-4704-9c70-1a288e2f77c7<-9ceef694-dbcf-4070-b7b1-3b3c65b6a699#0:FAIL-t388] and 0 exception(s); df12c920-952d-4704-9c70-1a288e2f77c7@group-75987F7FE399:t388, leader=null, voted=df12c920-952d-4704-9c70-1a288e2f77c7, raftlog=df12c920-952d-4704-9c70-1a288e2f77c7@group-75987F7FE399-SegmentedRaftLog:OPENED:c-1,f-1,i0, conf=-1: [875da3d9-0dec-46c7-88bf-73f7a2372b64:192.168.69.89:39990, df12c920-952d-4704-9c70-1a288e2f77c7:192.168.69.89:43948, 9ceef694-dbcf-4070-b7b1-3b3c65b6a699:192.168.69.89:36536], old=null
2019-10-20 10:29:01,241 [df12c920-952d-4704-9c70-1a288e2f77c7@group-75987F7FE399-LeaderElection344] INFO  impl.RaftServerImpl (RaftServerImpl.java:setRole(184)) - df12c920-952d-4704-9c70-1a288e2f77c7@group-75987F7FE399: changes role from CANDIDATE to FOLLOWER at term 388 for DISCOVERED_A_NEW_TERM
2019-10-20 10:29:01,241 [df12c920-952d-4704-9c70-1a288e2f77c7@group-75987F7FE399-LeaderElection344] INFO  impl.RoleInfo (RoleInfo.java:shutdownLeaderElection(134)) - df12c920-952d-4704-9c70-1a288e2f77c7: shutdown LeaderElection
2019-10-20 10:29:01,241 [df12c920-952d-4704-9c70-1a288e2f77c7@group-75987F7FE399-LeaderElection344] INFO  impl.RoleInfo (RoleInfo.java:updateAndGet(143)) - df12c920-952d-4704-9c70-1a288e2f77c7: start FollowerState
2019-10-20 10:29:01,271 [Thread-2572] INFO  impl.FollowerState (FollowerState.java:run(108)) - df12c920-952d-4704-9c70-1a288e2f77c7@group-75987F7FE399-FollowerState: change to CANDIDATE, lastRpcTime:30ms, electionTimeout:30ms
2019-10-20 10:29:01,271 [Thread-2572] INFO  impl.RoleInfo (RoleInfo.java:shutdownFollowerState(121)) - df12c920-952d-4704-9c70-1a288e2f77c7: shutdown FollowerState
2019-10-20 10:29:01,271 [Thread-2572] INFO  impl.RaftServerImpl (RaftServerImpl.java:setRole(184)) - df12c920-952d-4704-9c70-1a288e2f77c7@group-75987F7FE399: changes role from  FOLLOWER to CANDIDATE at term 388 for changeToCandidate
2019-10-20 10:29:01,272 [Thread-2572] INFO  impl.RoleInfo (RoleInfo.java:updateAndGet(143)) - df12c920-952d-4704-9c70-1a288e2f77c7: start LeaderElection
2019-10-20 10:29:01,287 [df12c920-952d-4704-9c70-1a288e2f77c7@group-75987F7FE399-LeaderElection345] INFO  impl.LeaderElection (LeaderElection.java:askForVotes(178)) - df12c920-952d-4704-9c70-1a288e2f77c7@group-75987F7FE399-LeaderElection345: begin an election at term 389 for -1: [875da3d9-0dec-46c7-88bf-73f7a2372b64:192.168.69.89:39990, df12c920-952d-4704-9c70-1a288e2f77c7:192.168.69.89:43948, 9ceef694-dbcf-4070-b7b1-3b3c65b6a699:192.168.69.89:36536], old=null
2019-10-20 10:29:01,289 [grpc-default-executor-4] INFO  impl.RaftServerImpl (RaftServerImpl.java:setRole(184)) - 875da3d9-0dec-46c7-88bf-73f7a2372b64@group-75987F7FE399: changes role from  FOLLOWER to FOLLOWER at term 389 for recognizeCandidate:df12c920-952d-4704-9c70-1a288e2f77c7
2019-10-20 10:29:01,289 [grpc-default-executor-4] INFO  impl.RoleInfo (RoleInfo.java:shutdownFollowerState(121)) - 875da3d9-0dec-46c7-88bf-73f7a2372b64: shutdown FollowerState
2019-10-20 10:29:01,289 [grpc-default-executor-4] INFO  impl.RoleInfo (RoleInfo.java:updateAndGet(143)) - 875da3d9-0dec-46c7-88bf-73f7a2372b64: start FollowerState
2019-10-20 10:29:01,289 [Thread-2570] INFO  impl.FollowerState (FollowerState.java:run(117)) - 875da3d9-0dec-46c7-88bf-73f7a2372b64@group-75987F7FE399-FollowerState was interrupted: java.lang.InterruptedException: sleep interrupted
2019-10-20 10:29:01,289 [grpc-default-executor-3] INFO  impl.RaftServerImpl (RaftServerImpl.java:setRole(184)) - 9ceef694-dbcf-4070-b7b1-3b3c65b6a699@group-75987F7FE399: changes role from  FOLLOWER to FOLLOWER at term 389 for recognizeCandidate:df12c920-952d-4704-9c70-1a288e2f77c7
2019-10-20 10:29:01,289 [grpc-default-executor-3] INFO  impl.RoleInfo (RoleInfo.java:shutdownFollowerState(121)) - 9ceef694-dbcf-4070-b7b1-3b3c65b6a699: shutdown FollowerState
2019-10-20 10:29:01,289 [grpc-default-executor-3] INFO  impl.RoleInfo (RoleInfo.java:updateAndGet(143)) - 9ceef694-dbcf-4070-b7b1-3b3c65b6a699: start FollowerState
2019-10-20 10:29:01,290 [Thread-2571] INFO  impl.FollowerState (FollowerState.java:run(117)) - 9ceef694-dbcf-4070-b7b1-3b3c65b6a699@group-75987F7FE399-FollowerState was interrupted: java.lang.InterruptedException: sleep interrupted
2019-10-20 10:29:01,304 [df12c920-952d-4704-9c70-1a288e2f77c7@group-75987F7FE399-LeaderElection345] INFO  impl.LeaderElection (LeaderElection.java:logAndReturn(56)) - df12c920-952d-4704-9c70-1a288e2f77c7@group-75987F7FE399-LeaderElection345: Election REJECTED; received 2 response(s) [df12c920-952d-4704-9c70-1a288e2f77c7<-875da3d9-0dec-46c7-88bf-73f7a2372b64#0:FAIL-t389, df12c920-952d-4704-9c70-1a288e2f77c7<-9ceef694-dbcf-4070-b7b1-3b3c65b6a699#0:FAIL-t389] and 0 exception(s); df12c920-952d-4704-9c70-1a288e2f77c7@group-75987F7FE399:t389, leader=null, voted=df12c920-952d-4704-9c70-1a288e2f77c7, raftlog=df12c920-952d-4704-9c70-1a288e2f77c7@group-75987F7FE399-SegmentedRaftLog:OPENED:c-1,f-1,i0, conf=-1: [875da3d9-0dec-46c7-88bf-73f7a2372b64:192.168.69.89:39990, df12c920-952d-4704-9c70-1a288e2f77c7:192.168.69.89:43948, 9ceef694-dbcf-4070-b7b1-3b3c65b6a699:192.168.69.89:36536], old=null
2019-10-20 10:29:01,304 [df12c920-952d-4704-9c70-1a288e2f77c7@group-75987F7FE399-LeaderElection345] INFO  impl.RaftServerImpl (RaftServerImpl.java:setRole(184)) - df12c920-952d-4704-9c70-1a288e2f77c7@group-75987F7FE399: changes role from CANDIDATE to FOLLOWER at term 389 for DISCOVERED_A_NEW_TERM
2019-10-20 10:29:01,304 [df12c920-952d-4704-9c70-1a288e2f77c7@group-75987F7FE399-LeaderElection345] INFO  impl.RoleInfo (RoleInfo.java:shutdownLeaderElection(134)) - df12c920-952d-4704-9c70-1a288e2f77c7: shutdown LeaderElection
2019-10-20 10:29:01,304 [df12c920-952d-4704-9c70-1a288e2f77c7@group-75987F7FE399-LeaderElection345] INFO  impl.RoleInfo (RoleInfo.java:updateAndGet(143)) - df12c920-952d-4704-9c70-1a288e2f77c7: start FollowerState
2019-10-20 10:29:01,392 [Thread-2580] INFO  impl.FollowerState (FollowerState.java:run(108)) - df12c920-952d-4704-9c70-1a288e2f77c7@group-75987F7FE399-FollowerState: change to CANDIDATE, lastRpcTime:88ms, electionTimeout:88ms
2019-10-20 10:29:01,392 [Thread-2580] INFO  impl.RoleInfo (RoleInfo.java:shutdownFollowerState(121)) - df12c920-952d-4704-9c70-1a288e2f77c7: shutdown FollowerState
2019-10-20 10:29:01,393 [Thread-2580] INFO  impl.RaftServerImpl (RaftServerImpl.java:setRole(184)) - df12c920-952d-4704-9c70-1a288e2f77c7@group-75987F7FE399: changes role from  FOLLOWER to CANDIDATE at term 389 for changeToCandidate
2019-10-20 10:29:01,393 [Thread-2580] INFO  impl.RoleInfo (RoleInfo.java:updateAndGet(143)) - df12c920-952d-4704-9c70-1a288e2f77c7: start LeaderElection
2019-10-20 10:29:01,408 [df12c920-952d-4704-9c70-1a288e2f77c7@group-75987F7FE399-LeaderElection346] INFO  impl.LeaderElection (LeaderElection.java:askForVotes(178)) - df12c920-952d-4704-9c70-1a288e2f77c7@group-75987F7FE399-LeaderElection346: begin an election at term 390 for -1: [875da3d9-0dec-46c7-88bf-73f7a2372b64:192.168.69.89:39990, df12c920-952d-4704-9c70-1a288e2f77c7:192.168.69.89:43948, 9ceef694-dbcf-4070-b7b1-3b3c65b6a699:192.168.69.89:36536], old=null
2019-10-20 10:29:01,410 [grpc-default-executor-3] INFO  impl.RaftServerImpl (RaftServerImpl.java:setRole(184)) - 875da3d9-0dec-46c7-88bf-73f7a2372b64@group-75987F7FE399: changes role from  FOLLOWER to FOLLOWER at term 390 for recognizeCandidate:df12c920-952d-4704-9c70-1a288e2f77c7
2019-10-20 10:29:01,410 [grpc-default-executor-3] INFO  impl.RoleInfo (RoleInfo.java:shutdownFollowerState(121)) - 875da3d9-0dec-46c7-88bf-73f7a2372b64: shutdown FollowerState
2019-10-20 10:29:01,410 [grpc-default-executor-3] INFO  impl.RoleInfo (RoleInfo.java:updateAndGet(143)) - 875da3d9-0dec-46c7-88bf-73f7a2372b64: start FollowerState
2019-10-20 10:29:01,410 [grpc-default-executor-4] INFO  impl.RaftServerImpl (RaftServerImpl.java:setRole(184)) - 9ceef694-dbcf-4070-b7b1-3b3c65b6a699@group-75987F7FE399: changes role from  FOLLOWER to FOLLOWER at term 390 for recognizeCandidate:df12c920-952d-4704-9c70-1a288e2f77c7
2019-10-20 10:29:01,410 [Thread-2578] INFO  impl.FollowerState (FollowerState.java:run(117)) - 875da3d9-0dec-46c7-88bf-73f7a2372b64@group-75987F7FE399-FollowerState was interrupted: java.lang.InterruptedException: sleep interrupted
2019-10-20 10:29:01,410 [grpc-default-executor-4] INFO  impl.RoleInfo (RoleInfo.java:shutdownFollowerState(121)) - 9ceef694-dbcf-4070-b7b1-3b3c65b6a699: shutdown FollowerState
2019-10-20 10:29:01,411 [grpc-default-executor-4] INFO  impl.RoleInfo (RoleInfo.java:updateAndGet(143)) - 9ceef694-dbcf-4070-b7b1-3b3c65b6a699: start FollowerState
2019-10-20 10:29:01,411 [Thread-2579] INFO  impl.FollowerState (FollowerState.java:run(117)) - 9ceef694-dbcf-4070-b7b1-3b3c65b6a699@group-75987F7FE399-FollowerState was interrupted: java.lang.InterruptedException: sleep interrupted
2019-10-20 10:29:01,424 [df12c920-952d-4704-9c70-1a288e2f77c7@group-75987F7FE399-LeaderElection346] INFO  impl.LeaderElection (LeaderElection.java:logAndReturn(56)) - df12c920-952d-4704-9c70-1a288e2f77c7@group-75987F7FE399-LeaderElection346: Election REJECTED; received 2 response(s) [df12c920-952d-4704-9c70-1a288e2f77c7<-875da3d9-0dec-46c7-88bf-73f7a2372b64#0:FAIL-t390, df12c920-952d-4704-9c70-1a288e2f77c7<-9ceef694-dbcf-4070-b7b1-3b3c65b6a699#0:FAIL-t390] and 0 exception(s); df12c920-952d-4704-9c70-1a288e2f77c7@group-75987F7FE399:t390, leader=null, voted=df12c920-952d-4704-9c70-1a288e2f77c7, raftlog=df12c920-952d-4704-9c70-1a288e2f77c7@group-75987F7FE399-SegmentedRaftLog:OPENED:c-1,f-1,i0, conf=-1: [875da3d9-0dec-46c7-88bf-73f7a2372b64:192.168.69.89:39990, df12c920-952d-4704-9c70-1a288e2f77c7:192.168.69.89:43948, 9ceef694-dbcf-4070-b7b1-3b3c65b6a699:192.168.69.89:36536], old=null
2019-10-20 10:29:01,424 [df12c920-952d-4704-9c70-1a288e2f77c7@group-75987F7FE399-LeaderElection346] INFO  impl.RaftServerImpl (RaftServerImpl.java:setRole(184)) - df12c920-952d-4704-9c70-1a288e2f77c7@group-75987F7FE399: changes role from CANDIDATE to FOLLOWER at term 390 for DISCOVERED_A_NEW_TERM
2019-10-20 10:29:01,424 [df12c920-952d-4704-9c70-1a288e2f77c7@group-75987F7FE399-LeaderElection346] INFO  impl.RoleInfo (RoleInfo.java:shutdownLeaderElection(134)) - df12c920-952d-4704-9c70-1a288e2f77c7: shutdown LeaderElection
2019-10-20 10:29:01,424 [df12c920-952d-4704-9c70-1a288e2f77c7@group-75987F7FE399-LeaderElection346] INFO  impl.RoleInfo (RoleInfo.java:updateAndGet(143)) - df12c920-952d-4704-9c70-1a288e2f77c7: start FollowerState
2019-10-20 10:29:01,569 [Thread-2586] INFO  impl.FollowerState (FollowerState.java:run(108)) - df12c920-952d-4704-9c70-1a288e2f77c7@group-75987F7FE399-FollowerState: change to CANDIDATE, lastRpcTime:145ms, electionTimeout:145ms
2019-10-20 10:29:01,570 [Thread-2586] INFO  impl.RoleInfo (RoleInfo.java:shutdownFollowerState(121)) - df12c920-952d-4704-9c70-1a288e2f77c7: shutdown FollowerState
2019-10-20 10:29:01,570 [Thread-2586] INFO  impl.RaftServerImpl (RaftServerImpl.java:setRole(184)) - df12c920-952d-4704-9c70-1a288e2f77c7@group-75987F7FE399: changes role from  FOLLOWER to CANDIDATE at term 390 for changeToCandidate
2019-10-20 10:29:01,570 [Thread-2586] INFO  impl.RoleInfo (RoleInfo.java:updateAndGet(143)) - df12c920-952d-4704-9c70-1a288e2f77c7: start LeaderElection
2019-10-20 10:29:01,595 [df12c920-952d-4704-9c70-1a288e2f77c7@group-75987F7FE399-LeaderElection347] INFO  impl.LeaderElection (LeaderElection.java:askForVotes(178)) - df12c920-952d-4704-9c70-1a288e2f77c7@group-75987F7FE399-LeaderElection347: begin an election at term 391 for -1: [875da3d9-0dec-46c7-88bf-73f7a2372b64:192.168.69.89:39990, df12c920-952d-4704-9c70-1a288e2f77c7:192.168.69.89:43948, 9ceef694-dbcf-4070-b7b1-3b3c65b6a699:192.168.69.89:36536], old=null
2019-10-20 10:29:01,597 [grpc-default-executor-3] INFO  impl.RaftServerImpl (RaftServerImpl.java:setRole(184)) - 875da3d9-0dec-46c7-88bf-73f7a2372b64@group-75987F7FE399: changes role from  FOLLOWER to FOLLOWER at term 391 for recognizeCandidate:df12c920-952d-4704-9c70-1a288e2f77c7
2019-10-20 10:29:01,597 [grpc-default-executor-3] INFO  impl.RoleInfo (RoleInfo.java:shutdownFollowerState(121)) - 875da3d9-0dec-46c7-88bf-73f7a2372b64: shutdown FollowerState
2019-10-20 10:29:01,597 [grpc-default-executor-3] INFO  impl.RoleInfo (RoleInfo.java:updateAndGet(143)) - 875da3d9-0dec-46c7-88bf-73f7a2372b64: start FollowerState
2019-10-20 10:29:01,597 [Thread-2584] INFO  impl.FollowerState (FollowerState.java:run(117)) - 875da3d9-0dec-46c7-88bf-73f7a2372b64@group-75987F7FE399-FollowerState was interrupted: java.lang.InterruptedException: sleep interrupted
2019-10-20 10:29:01,597 [grpc-default-executor-4] INFO  impl.RaftServerImpl (RaftServerImpl.java:setRole(184)) - 9ceef694-dbcf-4070-b7b1-3b3c65b6a699@group-75987F7FE399: changes role from  FOLLOWER to FOLLOWER at term 391 for recognizeCandidate:df12c920-952d-4704-9c70-1a288e2f77c7
2019-10-20 10:29:01,598 [grpc-default-executor-4] INFO  impl.RoleInfo (RoleInfo.java:shutdownFollowerState(121)) - 9ceef694-dbcf-4070-b7b1-3b3c65b6a699: shutdown FollowerState
2019-10-20 10:29:01,598 [Thread-2585] INFO  impl.FollowerState (FollowerState.java:run(117)) - 9ceef694-dbcf-4070-b7b1-3b3c65b6a699@group-75987F7FE399-FollowerState was interrupted: java.lang.InterruptedException: sleep interrupted
2019-10-20 10:29:01,598 [grpc-default-executor-4] INFO  impl.RoleInfo (RoleInfo.java:updateAndGet(143)) - 9ceef694-dbcf-4070-b7b1-3b3c65b6a699: start FollowerState
2019-10-20 10:29:01,623 [df12c920-952d-4704-9c70-1a288e2f77c7@group-75987F7FE399-LeaderElection347] INFO  impl.LeaderElection (LeaderElection.java:logAndReturn(56)) - df12c920-952d-4704-9c70-1a288e2f77c7@group-75987F7FE399-LeaderElection347: Election REJECTED; received 2 response(s) [df12c920-952d-4704-9c70-1a288e2f77c7<-875da3d9-0dec-46c7-88bf-73f7a2372b64#0:FAIL-t391, df12c920-952d-4704-9c70-1a288e2f77c7<-9ceef694-dbcf-4070-b7b1-3b3c65b6a699#0:FAIL-t391] and 0 exception(s); df12c920-952d-4704-9c70-1a288e2f77c7@group-75987F7FE399:t391, leader=null, voted=df12c920-952d-4704-9c70-1a288e2f77c7, raftlog=df12c920-952d-4704-9c70-1a288e2f77c7@group-75987F7FE399-SegmentedRaftLog:OPENED:c-1,f-1,i0, conf=-1: [875da3d9-0dec-46c7-88bf-73f7a2372b64:192.168.69.89:39990, df12c920-952d-4704-9c70-1a288e2f77c7:192.168.69.89:43948, 9ceef694-dbcf-4070-b7b1-3b3c65b6a699:192.168.69.89:36536], old=null
2019-10-20 10:29:01,623 [df12c920-952d-4704-9c70-1a288e2f77c7@group-75987F7FE399-LeaderElection347] INFO  impl.RaftServerImpl (RaftServerImpl.java:setRole(184)) - df12c920-952d-4704-9c70-1a288e2f77c7@group-75987F7FE399: changes role from CANDIDATE to FOLLOWER at term 391 for DISCOVERED_A_NEW_TERM
2019-10-20 10:29:01,623 [df12c920-952d-4704-9c70-1a288e2f77c7@group-75987F7FE399-LeaderElection347] INFO  impl.RoleInfo (RoleInfo.java:shutdownLeaderElection(134)) - df12c920-952d-4704-9c70-1a288e2f77c7: shutdown LeaderElection
2019-10-20 10:29:01,623 [df12c920-952d-4704-9c70-1a288e2f77c7@group-75987F7FE399-LeaderElection347] INFO  impl.RoleInfo (RoleInfo.java:updateAndGet(143)) - df12c920-952d-4704-9c70-1a288e2f77c7: start FollowerState
2019-10-20 10:29:01,782 [Thread-2592] INFO  impl.FollowerState (FollowerState.java:run(108)) - df12c920-952d-4704-9c70-1a288e2f77c7@group-75987F7FE399-FollowerState: change to CANDIDATE, lastRpcTime:158ms, electionTimeout:158ms
2019-10-20 10:29:01,782 [Thread-2592] INFO  impl.RoleInfo (RoleInfo.java:shutdownFollowerState(121)) - df12c920-952d-4704-9c70-1a288e2f77c7: shutdown FollowerState
2019-10-20 10:29:01,782 [Thread-2592] INFO  impl.RaftServerImpl (RaftServerImpl.java:setRole(184)) - df12c920-952d-4704-9c70-1a288e2f77c7@group-75987F7FE399: changes role from  FOLLOWER to CANDIDATE at term 391 for changeToCandidate
2019-10-20 10:29:01,782 [Thread-2592] INFO  impl.RoleInfo (RoleInfo.java:updateAndGet(143)) - df12c920-952d-4704-9c70-1a288e2f77c7: start LeaderElection
2019-10-20 10:29:01,805 [df12c920-952d-4704-9c70-1a288e2f77c7@group-75987F7FE399-LeaderElection348] INFO  impl.LeaderElection (LeaderElection.java:askForVotes(178)) - df12c920-952d-4704-9c70-1a288e2f77c7@group-75987F7FE399-LeaderElection348: begin an election at term 392 for -1: [875da3d9-0dec-46c7-88bf-73f7a2372b64:192.168.69.89:39990, df12c920-952d-4704-9c70-1a288e2f77c7:192.168.69.89:43948, 9ceef694-dbcf-4070-b7b1-3b3c65b6a699:192.168.69.89:36536], old=null
2019-10-20 10:29:01,811 [grpc-default-executor-3] INFO  impl.RaftServerImpl (RaftServerImpl.java:setRole(184)) - 875da3d9-0dec-46c7-88bf-73f7a2372b64@group-75987F7FE399: changes role from  FOLLOWER to FOLLOWER at term 392 for recognizeCandidate:df12c920-952d-4704-9c70-1a288e2f77c7
2019-10-20 10:29:01,811 [grpc-default-executor-4] INFO  impl.RaftServerImpl (RaftServerImpl.java:setRole(184)) - 9ceef694-dbcf-4070-b7b1-3b3c65b6a699@group-75987F7FE399: changes role from  FOLLOWER to FOLLOWER at term 392 for recognizeCandidate:df12c920-952d-4704-9c70-1a288e2f77c7
2019-10-20 10:29:01,811 [grpc-default-executor-4] INFO  impl.RoleInfo (RoleInfo.java:shutdownFollowerState(121)) - 9ceef694-dbcf-4070-b7b1-3b3c65b6a699: shutdown FollowerState
2019-10-20 10:29:01,811 [grpc-default-executor-3] INFO  impl.RoleInfo (RoleInfo.java:shutdownFollowerState(121)) - 875da3d9-0dec-46c7-88bf-73f7a2372b64: shutdown FollowerState
2019-10-20 10:29:01,811 [Thread-2591] INFO  impl.FollowerState (FollowerState.java:run(117)) - 9ceef694-dbcf-4070-b7b1-3b3c65b6a699@group-75987F7FE399-FollowerState was interrupted: java.lang.InterruptedException: sleep interrupted
2019-10-20 10:29:01,811 [grpc-default-executor-4] INFO  impl.RoleInfo (RoleInfo.java:updateAndGet(143)) - 9ceef694-dbcf-4070-b7b1-3b3c65b6a699: start FollowerState
2019-10-20 10:29:01,811 [Thread-2590] INFO  impl.FollowerState (FollowerState.java:run(117)) - 875da3d9-0dec-46c7-88bf-73f7a2372b64@group-75987F7FE399-FollowerState was interrupted: java.lang.InterruptedException: sleep interrupted
2019-10-20 10:29:01,811 [grpc-default-executor-3] INFO  impl.RoleInfo (RoleInfo.java:updateAndGet(143)) - 875da3d9-0dec-46c7-88bf-73f7a2372b64: start FollowerState
2019-10-20 10:29:01,826 [df12c920-952d-4704-9c70-1a288e2f77c7@group-75987F7FE399-LeaderElection348] INFO  impl.LeaderElection (LeaderElection.java:logAndReturn(56)) - df12c920-952d-4704-9c70-1a288e2f77c7@group-75987F7FE399-LeaderElection348: Election REJECTED; received 2 response(s) [df12c920-952d-4704-9c70-1a288e2f77c7<-875da3d9-0dec-46c7-88bf-73f7a2372b64#0:FAIL-t392, df12c920-952d-4704-9c70-1a288e2f77c7<-9ceef694-dbcf-4070-b7b1-3b3c65b6a699#0:FAIL-t392] and 0 exception(s); df12c920-952d-4704-9c70-1a288e2f77c7@group-75987F7FE399:t392, leader=null, voted=df12c920-952d-4704-9c70-1a288e2f77c7, raftlog=df12c920-952d-4704-9c70-1a288e2f77c7@group-75987F7FE399-SegmentedRaftLog:OPENED:c-1,f-1,i0, conf=-1: [875da3d9-0dec-46c7-88bf-73f7a2372b64:192.168.69.89:39990, df12c920-952d-4704-9c70-1a288e2f77c7:192.168.69.89:43948, 9ceef694-dbcf-4070-b7b1-3b3c65b6a699:192.168.69.89:36536], old=null
2019-10-20 10:29:01,826 [df12c920-952d-4704-9c70-1a288e2f77c7@group-75987F7FE399-LeaderElection348] INFO  impl.RaftServerImpl (RaftServerImpl.java:setRole(184)) - df12c920-952d-4704-9c70-1a288e2f77c7@group-75987F7FE399: changes role from CANDIDATE to FOLLOWER at term 392 for DISCOVERED_A_NEW_TERM
2019-10-20 10:29:01,827 [df12c920-952d-4704-9c70-1a288e2f77c7@group-75987F7FE399-LeaderElection348] INFO  impl.RoleInfo (RoleInfo.java:shutdownLeaderElection(134)) - df12c920-952d-4704-9c70-1a288e2f77c7: shutdown LeaderElection
2019-10-20 10:29:01,827 [df12c920-952d-4704-9c70-1a288e2f77c7@group-75987F7FE399-LeaderElection348] INFO  impl.RoleInfo (RoleInfo.java:updateAndGet(143)) - df12c920-952d-4704-9c70-1a288e2f77c7: start FollowerState
2019-10-20 10:29:02,009 [Thread-2598] INFO  impl.FollowerState (FollowerState.java:run(108)) - df12c920-952d-4704-9c70-1a288e2f77c7@group-75987F7FE399-FollowerState: change to CANDIDATE, lastRpcTime:182ms, electionTimeout:182ms
2019-10-20 10:29:02,010 [Thread-2598] INFO  impl.RoleInfo (RoleInfo.java:shutdownFollowerState(121)) - df12c920-952d-4704-9c70-1a288e2f77c7: shutdown FollowerState
2019-10-20 10:29:02,010 [Thread-2598] INFO  impl.RaftServerImpl (RaftServerImpl.java:setRole(184)) - df12c920-952d-4704-9c70-1a288e2f77c7@group-75987F7FE399: changes role from  FOLLOWER to CANDIDATE at term 392 for changeToCandidate
2019-10-20 10:29:02,010 [Thread-2598] INFO  impl.RoleInfo (RoleInfo.java:updateAndGet(143)) - df12c920-952d-4704-9c70-1a288e2f77c7: start LeaderElection
2019-10-20 10:29:02,035 [df12c920-952d-4704-9c70-1a288e2f77c7@group-75987F7FE399-LeaderElection349] INFO  impl.LeaderElection (LeaderElection.java:askForVotes(178)) - df12c920-952d-4704-9c70-1a288e2f77c7@group-75987F7FE399-LeaderElection349: begin an election at term 393 for -1: [875da3d9-0dec-46c7-88bf-73f7a2372b64:192.168.69.89:39990, df12c920-952d-4704-9c70-1a288e2f77c7:192.168.69.89:43948, 9ceef694-dbcf-4070-b7b1-3b3c65b6a699:192.168.69.89:36536], old=null
2019-10-20 10:29:02,037 [grpc-default-executor-3] INFO  impl.RaftServerImpl (RaftServerImpl.java:setRole(184)) - 875da3d9-0dec-46c7-88bf-73f7a2372b64@group-75987F7FE399: changes role from  FOLLOWER to FOLLOWER at term 393 for recognizeCandidate:df12c920-952d-4704-9c70-1a288e2f77c7
2019-10-20 10:29:02,037 [grpc-default-executor-4] INFO  impl.RaftServerImpl (RaftServerImpl.java:setRole(184)) - 9ceef694-dbcf-4070-b7b1-3b3c65b6a699@group-75987F7FE399: changes role from  FOLLOWER to FOLLOWER at term 393 for recognizeCandidate:df12c920-952d-4704-9c70-1a288e2f77c7
2019-10-20 10:29:02,038 [grpc-default-executor-4] INFO  impl.RoleInfo (RoleInfo.java:shutdownFollowerState(121)) - 9ceef694-dbcf-4070-b7b1-3b3c65b6a699: shutdown FollowerState
2019-10-20 10:29:02,037 [grpc-default-executor-3] INFO  impl.RoleInfo (RoleInfo.java:shutdownFollowerState(121)) - 875da3d9-0dec-46c7-88bf-73f7a2372b64: shutdown FollowerState
2019-10-20 10:29:02,038 [Thread-2596] INFO  impl.FollowerState (FollowerState.java:run(117)) - 9ceef694-dbcf-4070-b7b1-3b3c65b6a699@group-75987F7FE399-FollowerState was interrupted: java.lang.InterruptedException: sleep interrupted
2019-10-20 10:29:02,038 [Thread-2597] INFO  impl.FollowerState (FollowerState.java:run(117)) - 875da3d9-0dec-46c7-88bf-73f7a2372b64@group-75987F7FE399-FollowerState was interrupted: java.lang.InterruptedException: sleep interrupted
2019-10-20 10:29:02,038 [grpc-default-executor-4] INFO  impl.RoleInfo (RoleInfo.java:updateAndGet(143)) - 9ceef694-dbcf-4070-b7b1-3b3c65b6a699: start FollowerState
2019-10-20 10:29:02,038 [grpc-default-executor-3] INFO  impl.RoleInfo (RoleInfo.java:updateAndGet(143)) - 875da3d9-0dec-46c7-88bf-73f7a2372b64: start FollowerState
2019-10-20 10:29:02,064 [df12c920-952d-4704-9c70-1a288e2f77c7@group-75987F7FE399-LeaderElection349] INFO  impl.LeaderElection (LeaderElection.java:logAndReturn(56)) - df12c920-952d-4704-9c70-1a288e2f77c7@group-75987F7FE399-LeaderElection349: Election REJECTED; received 2 response(s) [df12c920-952d-4704-9c70-1a288e2f77c7<-875da3d9-0dec-46c7-88bf-73f7a2372b64#0:FAIL-t393, df12c920-952d-4704-9c70-1a288e2f77c7<-9ceef694-dbcf-4070-b7b1-3b3c65b6a699#0:FAIL-t393] and 0 exception(s); df12c920-952d-4704-9c70-1a288e2f77c7@group-75987F7FE399:t393, leader=null, voted=df12c920-952d-4704-9c70-1a288e2f77c7, raftlog=df12c920-952d-4704-9c70-1a288e2f77c7@group-75987F7FE399-SegmentedRaftLog:OPENED:c-1,f-1,i0, conf=-1: [875da3d9-0dec-46c7-88bf-73f7a2372b64:192.168.69.89:39990, df12c920-952d-4704-9c70-1a288e2f77c7:192.168.69.89:43948, 9ceef694-dbcf-4070-b7b1-3b3c65b6a699:192.168.69.89:36536], old=null
2019-10-20 10:29:02,064 [df12c920-952d-4704-9c70-1a288e2f77c7@group-75987F7FE399-LeaderElection349] INFO  impl.RaftServerImpl (RaftServerImpl.java:setRole(184)) - df12c920-952d-4704-9c70-1a288e2f77c7@group-75987F7FE399: changes role from CANDIDATE to FOLLOWER at term 393 for DISCOVERED_A_NEW_TERM
2019-10-20 10:29:02,064 [df12c920-952d-4704-9c70-1a288e2f77c7@group-75987F7FE399-LeaderElection349] INFO  impl.RoleInfo (RoleInfo.java:shutdownLeaderElection(134)) - df12c920-952d-4704-9c70-1a288e2f77c7: shutdown LeaderElection
2019-10-20 10:29:02,064 [df12c920-952d-4704-9c70-1a288e2f77c7@group-75987F7FE399-LeaderElection349] INFO  impl.RoleInfo (RoleInfo.java:updateAndGet(143)) - df12c920-952d-4704-9c70-1a288e2f77c7: start FollowerState
2019-10-20 10:29:02,147 [Thread-2604] INFO  impl.FollowerState (FollowerState.java:run(108)) - df12c920-952d-4704-9c70-1a288e2f77c7@group-75987F7FE399-FollowerState: change to CANDIDATE, lastRpcTime:82ms, electionTimeout:82ms
2019-10-20 10:29:02,147 [Thread-2604] INFO  impl.RoleInfo (RoleInfo.java:shutdownFollowerState(121)) - df12c920-952d-4704-9c70-1a288e2f77c7: shutdown FollowerState
2019-10-20 10:29:02,147 [Thread-2604] INFO  impl.RaftServerImpl (RaftServerImpl.java:setRole(184)) - df12c920-952d-4704-9c70-1a288e2f77c7@group-75987F7FE399: changes role from  FOLLOWER to CANDIDATE at term 393 for changeToCandidate
2019-10-20 10:29:02,147 [Thread-2604] INFO  impl.RoleInfo (RoleInfo.java:updateAndGet(143)) - df12c920-952d-4704-9c70-1a288e2f77c7: start LeaderElection
2019-10-20 10:29:02,168 [df12c920-952d-4704-9c70-1a288e2f77c7@group-75987F7FE399-LeaderElection350] INFO  impl.LeaderElection (LeaderElection.java:askForVotes(178)) - df12c920-952d-4704-9c70-1a288e2f77c7@group-75987F7FE399-LeaderElection350: begin an election at term 394 for -1: [875da3d9-0dec-46c7-88bf-73f7a2372b64:192.168.69.89:39990, df12c920-952d-4704-9c70-1a288e2f77c7:192.168.69.89:43948, 9ceef694-dbcf-4070-b7b1-3b3c65b6a699:192.168.69.89:36536], old=null
2019-10-20 10:29:02,170 [grpc-default-executor-3] INFO  impl.RaftServerImpl (RaftServerImpl.java:setRole(184)) - 875da3d9-0dec-46c7-88bf-73f7a2372b64@group-75987F7FE399: changes role from  FOLLOWER to FOLLOWER at term 394 for recognizeCandidate:df12c920-952d-4704-9c70-1a288e2f77c7
2019-10-20 10:29:02,170 [grpc-default-executor-4] INFO  impl.RaftServerImpl (RaftServerImpl.java:setRole(184)) - 9ceef694-dbcf-4070-b7b1-3b3c65b6a699@group-75987F7FE399: changes role from  FOLLOWER to FOLLOWER at term 394 for recognizeCandidate:df12c920-952d-4704-9c70-1a288e2f77c7
2019-10-20 10:29:02,170 [grpc-default-executor-3] INFO  impl.RoleInfo (RoleInfo.java:shutdownFollowerState(121)) - 875da3d9-0dec-46c7-88bf-73f7a2372b64: shutdown FollowerState
2019-10-20 10:29:02,170 [grpc-default-executor-4] INFO  impl.RoleInfo (RoleInfo.java:shutdownFollowerState(121)) - 9ceef694-dbcf-4070-b7b1-3b3c65b6a699: shutdown FollowerState
2019-10-20 10:29:02,171 [Thread-2603] INFO  impl.FollowerState (FollowerState.java:run(117)) - 875da3d9-0dec-46c7-88bf-73f7a2372b64@group-75987F7FE399-FollowerState was interrupted: java.lang.InterruptedException: sleep interrupted
2019-10-20 10:29:02,171 [grpc-default-executor-3] INFO  impl.RoleInfo (RoleInfo.java:updateAndGet(143)) - 875da3d9-0dec-46c7-88bf-73f7a2372b64: start FollowerState
2019-10-20 10:29:02,171 [Thread-2602] INFO  impl.FollowerState (FollowerState.java:run(117)) - 9ceef694-dbcf-4070-b7b1-3b3c65b6a699@group-75987F7FE399-FollowerState was interrupted: java.lang.InterruptedException: sleep interrupted
2019-10-20 10:29:02,171 [grpc-default-executor-4] INFO  impl.RoleInfo (RoleInfo.java:updateAndGet(143)) - 9ceef694-dbcf-4070-b7b1-3b3c65b6a699: start FollowerState
2019-10-20 10:29:02,197 [df12c920-952d-4704-9c70-1a288e2f77c7@group-75987F7FE399-LeaderElection350] INFO  impl.LeaderElection (LeaderElection.java:logAndReturn(56)) - df12c920-952d-4704-9c70-1a288e2f77c7@group-75987F7FE399-LeaderElection350: Election REJECTED; received 2 response(s) [df12c920-952d-4704-9c70-1a288e2f77c7<-875da3d9-0dec-46c7-88bf-73f7a2372b64#0:FAIL-t394, df12c920-952d-4704-9c70-1a288e2f77c7<-9ceef694-dbcf-4070-b7b1-3b3c65b6a699#0:FAIL-t394] and 0 exception(s); df12c920-952d-4704-9c70-1a288e2f77c7@group-75987F7FE399:t394, leader=null, voted=df12c920-952d-4704-9c70-1a288e2f77c7, raftlog=df12c920-952d-4704-9c70-1a288e2f77c7@group-75987F7FE399-SegmentedRaftLog:OPENED:c-1,f-1,i0, conf=-1: [875da3d9-0dec-46c7-88bf-73f7a2372b64:192.168.69.89:39990, df12c920-952d-4704-9c70-1a288e2f77c7:192.168.69.89:43948, 9ceef694-dbcf-4070-b7b1-3b3c65b6a699:192.168.69.89:36536], old=null
2019-10-20 10:29:02,197 [df12c920-952d-4704-9c70-1a288e2f77c7@group-75987F7FE399-LeaderElection350] INFO  impl.RaftServerImpl (RaftServerImpl.java:setRole(184)) - df12c920-952d-4704-9c70-1a288e2f77c7@group-75987F7FE399: changes role from CANDIDATE to FOLLOWER at term 394 for DISCOVERED_A_NEW_TERM
2019-10-20 10:29:02,198 [df12c920-952d-4704-9c70-1a288e2f77c7@group-75987F7FE399-LeaderElection350] INFO  impl.RoleInfo (RoleInfo.java:shutdownLeaderElection(134)) - df12c920-952d-4704-9c70-1a288e2f77c7: shutdown LeaderElection
2019-10-20 10:29:02,198 [df12c920-952d-4704-9c70-1a288e2f77c7@group-75987F7FE399-LeaderElection350] INFO  impl.RoleInfo (RoleInfo.java:updateAndGet(143)) - df12c920-952d-4704-9c70-1a288e2f77c7: start FollowerState
2019-10-20 10:29:02,315 [Thread-2610] INFO  impl.FollowerState (FollowerState.java:run(108)) - df12c920-952d-4704-9c70-1a288e2f77c7@group-75987F7FE399-FollowerState: change to CANDIDATE, lastRpcTime:117ms, electionTimeout:117ms
2019-10-20 10:29:02,315 [Thread-2610] INFO  impl.RoleInfo (RoleInfo.java:shutdownFollowerState(121)) - df12c920-952d-4704-9c70-1a288e2f77c7: shutdown FollowerState
2019-10-20 10:29:02,315 [Thread-2610] INFO  impl.RaftServerImpl (RaftServerImpl.java:setRole(184)) - df12c920-952d-4704-9c70-1a288e2f77c7@group-75987F7FE399: changes role from  FOLLOWER to CANDIDATE at term 394 for changeToCandidate
2019-10-20 10:29:02,316 [Thread-2610] INFO  impl.RoleInfo (RoleInfo.java:updateAndGet(143)) - df12c920-952d-4704-9c70-1a288e2f77c7: start LeaderElection
2019-10-20 10:29:02,341 [df12c920-952d-4704-9c70-1a288e2f77c7@group-75987F7FE399-LeaderElection351] INFO  impl.LeaderElection (LeaderElection.java:askForVotes(178)) - df12c920-952d-4704-9c70-1a288e2f77c7@group-75987F7FE399-LeaderElection351: begin an election at term 395 for -1: [875da3d9-0dec-46c7-88bf-73f7a2372b64:192.168.69.89:39990, df12c920-952d-4704-9c70-1a288e2f77c7:192.168.69.89:43948, 9ceef694-dbcf-4070-b7b1-3b3c65b6a699:192.168.69.89:36536], old=null
2019-10-20 10:29:02,343 [grpc-default-executor-3] INFO  impl.RaftServerImpl (RaftServerImpl.java:setRole(184)) - 875da3d9-0dec-46c7-88bf-73f7a2372b64@group-75987F7FE399: changes role from  FOLLOWER to FOLLOWER at term 395 for recognizeCandidate:df12c920-952d-4704-9c70-1a288e2f77c7
2019-10-20 10:29:02,343 [grpc-default-executor-3] INFO  impl.RoleInfo (RoleInfo.java:shutdownFollowerState(121)) - 875da3d9-0dec-46c7-88bf-73f7a2372b64: shutdown FollowerState
2019-10-20 10:29:02,344 [grpc-default-executor-3] INFO  impl.RoleInfo (RoleInfo.java:updateAndGet(143)) - 875da3d9-0dec-46c7-88bf-73f7a2372b64: start FollowerState
2019-10-20 10:29:02,344 [Thread-2608] INFO  impl.FollowerState (FollowerState.java:run(117)) - 875da3d9-0dec-46c7-88bf-73f7a2372b64@group-75987F7FE399-FollowerState was interrupted: java.lang.InterruptedException: sleep interrupted
2019-10-20 10:29:02,344 [grpc-default-executor-4] INFO  impl.RaftServerImpl (RaftServerImpl.java:setRole(184)) - 9ceef694-dbcf-4070-b7b1-3b3c65b6a699@group-75987F7FE399: changes role from  FOLLOWER to FOLLOWER at term 395 for recognizeCandidate:df12c920-952d-4704-9c70-1a288e2f77c7
2019-10-20 10:29:02,344 [grpc-default-executor-4] INFO  impl.RoleInfo (RoleInfo.java:shutdownFollowerState(121)) - 9ceef694-dbcf-4070-b7b1-3b3c65b6a699: shutdown FollowerState
2019-10-20 10:29:02,344 [grpc-default-executor-4] INFO  impl.RoleInfo (RoleInfo.java:updateAndGet(143)) - 9ceef694-dbcf-4070-b7b1-3b3c65b6a699: start FollowerState
2019-10-20 10:29:02,344 [Thread-2609] INFO  impl.FollowerState (FollowerState.java:run(117)) - 9ceef694-dbcf-4070-b7b1-3b3c65b6a699@group-75987F7FE399-FollowerState was interrupted: java.lang.InterruptedException: sleep interrupted
2019-10-20 10:29:02,360 [df12c920-952d-4704-9c70-1a288e2f77c7@group-75987F7FE399-LeaderElection351] INFO  impl.LeaderElection (LeaderElection.java:logAndReturn(56)) - df12c920-952d-4704-9c70-1a288e2f77c7@group-75987F7FE399-LeaderElection351: Election REJECTED; received 2 response(s) [df12c920-952d-4704-9c70-1a288e2f77c7<-875da3d9-0dec-46c7-88bf-73f7a2372b64#0:FAIL-t395, df12c920-952d-4704-9c70-1a288e2f77c7<-9ceef694-dbcf-4070-b7b1-3b3c65b6a699#0:FAIL-t395] and 0 exception(s); df12c920-952d-4704-9c70-1a288e2f77c7@group-75987F7FE399:t395, leader=null, voted=df12c920-952d-4704-9c70-1a288e2f77c7, raftlog=df12c920-952d-4704-9c70-1a288e2f77c7@group-75987F7FE399-SegmentedRaftLog:OPENED:c-1,f-1,i0, conf=-1: [875da3d9-0dec-46c7-88bf-73f7a2372b64:192.168.69.89:39990, df12c920-952d-4704-9c70-1a288e2f77c7:192.168.69.89:43948, 9ceef694-dbcf-4070-b7b1-3b3c65b6a699:192.168.69.89:36536], old=null
2019-10-20 10:29:02,360 [df12c920-952d-4704-9c70-1a288e2f77c7@group-75987F7FE399-LeaderElection351] INFO  impl.RaftServerImpl (RaftServerImpl.java:setRole(184)) - df12c920-952d-4704-9c70-1a288e2f77c7@group-75987F7FE399: changes role from CANDIDATE to FOLLOWER at term 395 for DISCOVERED_A_NEW_TERM
2019-10-20 10:29:02,360 [df12c920-952d-4704-9c70-1a288e2f77c7@group-75987F7FE399-LeaderElection351] INFO  impl.RoleInfo (RoleInfo.java:shutdownLeaderElection(134)) - df12c920-952d-4704-9c70-1a288e2f77c7: shutdown LeaderElection
2019-10-20 10:29:02,361 [df12c920-952d-4704-9c70-1a288e2f77c7@group-75987F7FE399-LeaderElection351] INFO  impl.RoleInfo (RoleInfo.java:updateAndGet(143)) - df12c920-952d-4704-9c70-1a288e2f77c7: start FollowerState
2019-10-20 10:29:02,422 [Thread-2618] INFO  impl.FollowerState (FollowerState.java:run(108)) - df12c920-952d-4704-9c70-1a288e2f77c7@group-75987F7FE399-FollowerState: change to CANDIDATE, lastRpcTime:61ms, electionTimeout:61ms
2019-10-20 10:29:02,422 [Thread-2618] INFO  impl.RoleInfo (RoleInfo.java:shutdownFollowerState(121)) - df12c920-952d-4704-9c70-1a288e2f77c7: shutdown FollowerState
2019-10-20 10:29:02,422 [Thread-2618] INFO  impl.RaftServerImpl (RaftServerImpl.java:setRole(184)) - df12c920-952d-4704-9c70-1a288e2f77c7@group-75987F7FE399: changes role from  FOLLOWER to CANDIDATE at term 395 for changeToCandidate
2019-10-20 10:29:02,422 [Thread-2618] INFO  impl.RoleInfo (RoleInfo.java:updateAndGet(143)) - df12c920-952d-4704-9c70-1a288e2f77c7: start LeaderElection
2019-10-20 10:29:02,436 [df12c920-952d-4704-9c70-1a288e2f77c7@group-75987F7FE399-LeaderElection352] INFO  impl.LeaderElection (LeaderElection.java:askForVotes(178)) - df12c920-952d-4704-9c70-1a288e2f77c7@group-75987F7FE399-LeaderElection352: begin an election at term 396 for -1: [875da3d9-0dec-46c7-88bf-73f7a2372b64:192.168.69.89:39990, df12c920-952d-4704-9c70-1a288e2f77c7:192.168.69.89:43948, 9ceef694-dbcf-4070-b7b1-3b3c65b6a699:192.168.69.89:36536], old=null
2019-10-20 10:29:02,438 [df12c920-952d-4704-9c70-1a288e2f77c7@group-75987F7FE399-LeaderElection352] INFO  impl.LeaderElection (LeaderElection.java:logAndReturn(56)) - df12c920-952d-4704-9c70-1a288e2f77c7@group-75987F7FE399-LeaderElection352: Election TIMEOUT; received 0 response(s) [] and 0 exception(s); df12c920-952d-4704-9c70-1a288e2f77c7@group-75987F7FE399:t396, leader=null, voted=df12c920-952d-4704-9c70-1a288e2f77c7, raftlog=df12c920-952d-4704-9c70-1a288e2f77c7@group-75987F7FE399-SegmentedRaftLog:OPENED:c-1,f-1,i0, conf=-1: [875da3d9-0dec-46c7-88bf-73f7a2372b64:192.168.69.89:39990, df12c920-952d-4704-9c70-1a288e2f77c7:192.168.69.89:43948, 9ceef694-dbcf-4070-b7b1-3b3c65b6a699:192.168.69.89:36536], old=null
2019-10-20 10:29:02,438 [grpc-default-executor-4] INFO  impl.RaftServerImpl (RaftServerImpl.java:setRole(184)) - 875da3d9-0dec-46c7-88bf-73f7a2372b64@group-75987F7FE399: changes role from  FOLLOWER to FOLLOWER at term 396 for recognizeCandidate:df12c920-952d-4704-9c70-1a288e2f77c7
2019-10-20 10:29:02,438 [grpc-default-executor-4] INFO  impl.RoleInfo (RoleInfo.java:shutdownFollowerState(121)) - 875da3d9-0dec-46c7-88bf-73f7a2372b64: shutdown FollowerState
2019-10-20 10:29:02,438 [grpc-default-executor-3] INFO  impl.RaftServerImpl (RaftServerImpl.java:setRole(184)) - 9ceef694-dbcf-4070-b7b1-3b3c65b6a699@group-75987F7FE399: changes role from  FOLLOWER to FOLLOWER at term 396 for recognizeCandidate:df12c920-952d-4704-9c70-1a288e2f77c7
2019-10-20 10:29:02,438 [grpc-default-executor-3] INFO  impl.RoleInfo (RoleInfo.java:shutdownFollowerState(121)) - 9ceef694-dbcf-4070-b7b1-3b3c65b6a699: shutdown FollowerState
2019-10-20 10:29:02,438 [Thread-2616] INFO  impl.FollowerState (FollowerState.java:run(117)) - 875da3d9-0dec-46c7-88bf-73f7a2372b64@group-75987F7FE399-FollowerState was interrupted: java.lang.InterruptedException: sleep interrupted
2019-10-20 10:29:02,438 [grpc-default-executor-4] INFO  impl.RoleInfo (RoleInfo.java:updateAndGet(143)) - 875da3d9-0dec-46c7-88bf-73f7a2372b64: start FollowerState
2019-10-20 10:29:02,439 [Thread-2617] INFO  impl.FollowerState (FollowerState.java:run(117)) - 9ceef694-dbcf-4070-b7b1-3b3c65b6a699@group-75987F7FE399-FollowerState was interrupted: java.lang.InterruptedException: sleep interrupted
2019-10-20 10:29:02,439 [grpc-default-executor-3] INFO  impl.RoleInfo (RoleInfo.java:updateAndGet(143)) - 9ceef694-dbcf-4070-b7b1-3b3c65b6a699: start FollowerState
2019-10-20 10:29:02,460 [df12c920-952d-4704-9c70-1a288e2f77c7@group-75987F7FE399-LeaderElection352] INFO  impl.LeaderElection (LeaderElection.java:askForVotes(178)) - df12c920-952d-4704-9c70-1a288e2f77c7@group-75987F7FE399-LeaderElection352: begin an election at term 397 for -1: [875da3d9-0dec-46c7-88bf-73f7a2372b64:192.168.69.89:39990, df12c920-952d-4704-9c70-1a288e2f77c7:192.168.69.89:43948, 9ceef694-dbcf-4070-b7b1-3b3c65b6a699:192.168.69.89:36536], old=null
2019-10-20 10:29:02,461 [grpc-default-executor-4] INFO  impl.RaftServerImpl (RaftServerImpl.java:setRole(184)) - 875da3d9-0dec-46c7-88bf-73f7a2372b64@group-75987F7FE399: changes role from  FOLLOWER to FOLLOWER at term 397 for recognizeCandidate:df12c920-952d-4704-9c70-1a288e2f77c7
2019-10-20 10:29:02,461 [grpc-default-executor-4] INFO  impl.RoleInfo (RoleInfo.java:shutdownFollowerState(121)) - 875da3d9-0dec-46c7-88bf-73f7a2372b64: shutdown FollowerState
2019-10-20 10:29:02,462 [grpc-default-executor-4] INFO  impl.RoleInfo (RoleInfo.java:updateAndGet(143)) - 875da3d9-0dec-46c7-88bf-73f7a2372b64: start FollowerState
2019-10-20 10:29:02,462 [Thread-2622] INFO  impl.FollowerState (FollowerState.java:run(117)) - 875da3d9-0dec-46c7-88bf-73f7a2372b64@group-75987F7FE399-FollowerState was interrupted: java.lang.InterruptedException: sleep interrupted
2019-10-20 10:29:02,462 [grpc-default-executor-3] INFO  impl.RaftServerImpl (RaftServerImpl.java:setRole(184)) - 9ceef694-dbcf-4070-b7b1-3b3c65b6a699@group-75987F7FE399: changes role from  FOLLOWER to FOLLOWER at term 397 for recognizeCandidate:df12c920-952d-4704-9c70-1a288e2f77c7
2019-10-20 10:29:02,462 [grpc-default-executor-3] INFO  impl.RoleInfo (RoleInfo.java:shutdownFollowerState(121)) - 9ceef694-dbcf-4070-b7b1-3b3c65b6a699: shutdown FollowerState
2019-10-20 10:29:02,462 [grpc-default-executor-3] INFO  impl.RoleInfo (RoleInfo.java:updateAndGet(143)) - 9ceef694-dbcf-4070-b7b1-3b3c65b6a699: start FollowerState
2019-10-20 10:29:02,462 [Thread-2623] INFO  impl.FollowerState (FollowerState.java:run(117)) - 9ceef694-dbcf-4070-b7b1-3b3c65b6a699@group-75987F7FE399-FollowerState was interrupted: java.lang.InterruptedException: sleep interrupted
2019-10-20 10:29:02,477 [df12c920-952d-4704-9c70-1a288e2f77c7@group-75987F7FE399-LeaderElection352] INFO  impl.LeaderElection (LeaderElection.java:logAndReturn(56)) - df12c920-952d-4704-9c70-1a288e2f77c7@group-75987F7FE399-LeaderElection352: Election REJECTED; received 2 response(s) [df12c920-952d-4704-9c70-1a288e2f77c7<-875da3d9-0dec-46c7-88bf-73f7a2372b64#0:FAIL-t397, df12c920-952d-4704-9c70-1a288e2f77c7<-9ceef694-dbcf-4070-b7b1-3b3c65b6a699#0:FAIL-t397] and 0 exception(s); df12c920-952d-4704-9c70-1a288e2f77c7@group-75987F7FE399:t397, leader=null, voted=df12c920-952d-4704-9c70-1a288e2f77c7, raftlog=df12c920-952d-4704-9c70-1a288e2f77c7@group-75987F7FE399-SegmentedRaftLog:OPENED:c-1,f-1,i0, conf=-1: [875da3d9-0dec-46c7-88bf-73f7a2372b64:192.168.69.89:39990, df12c920-952d-4704-9c70-1a288e2f77c7:192.168.69.89:43948, 9ceef694-dbcf-4070-b7b1-3b3c65b6a699:192.168.69.89:36536], old=null
2019-10-20 10:29:02,477 [df12c920-952d-4704-9c70-1a288e2f77c7@group-75987F7FE399-LeaderElection352] INFO  impl.RaftServerImpl (RaftServerImpl.java:setRole(184)) - df12c920-952d-4704-9c70-1a288e2f77c7@group-75987F7FE399: changes role from CANDIDATE to FOLLOWER at term 397 for DISCOVERED_A_NEW_TERM
2019-10-20 10:29:02,478 [df12c920-952d-4704-9c70-1a288e2f77c7@group-75987F7FE399-LeaderElection352] INFO  impl.RoleInfo (RoleInfo.java:shutdownLeaderElection(134)) - df12c920-952d-4704-9c70-1a288e2f77c7: shutdown LeaderElection
2019-10-20 10:29:02,478 [df12c920-952d-4704-9c70-1a288e2f77c7@group-75987F7FE399-LeaderElection352] INFO  impl.RoleInfo (RoleInfo.java:updateAndGet(143)) - df12c920-952d-4704-9c70-1a288e2f77c7: start FollowerState
2019-10-20 10:29:02,678 [Thread-2628] INFO  impl.FollowerState (FollowerState.java:run(108)) - df12c920-952d-4704-9c70-1a288e2f77c7@group-75987F7FE399-FollowerState: change to CANDIDATE, lastRpcTime:200ms, electionTimeout:200ms
2019-10-20 10:29:02,678 [Thread-2628] INFO  impl.RoleInfo (RoleInfo.java:shutdownFollowerState(121)) - df12c920-952d-4704-9c70-1a288e2f77c7: shutdown FollowerState
2019-10-20 10:29:02,678 [Thread-2628] INFO  impl.RaftServerImpl (RaftServerImpl.java:setRole(184)) - df12c920-952d-4704-9c70-1a288e2f77c7@group-75987F7FE399: changes role from  FOLLOWER to CANDIDATE at term 397 for changeToCandidate
2019-10-20 10:29:02,679 [Thread-2628] INFO  impl.RoleInfo (RoleInfo.java:updateAndGet(143)) - df12c920-952d-4704-9c70-1a288e2f77c7: start LeaderElection
2019-10-20 10:29:02,694 [df12c920-952d-4704-9c70-1a288e2f77c7@group-75987F7FE399-LeaderElection353] INFO  impl.LeaderElection (LeaderElection.java:askForVotes(178)) - df12c920-952d-4704-9c70-1a288e2f77c7@group-75987F7FE399-LeaderElection353: begin an election at term 398 for -1: [875da3d9-0dec-46c7-88bf-73f7a2372b64:192.168.69.89:39990, df12c920-952d-4704-9c70-1a288e2f77c7:192.168.69.89:43948, 9ceef694-dbcf-4070-b7b1-3b3c65b6a699:192.168.69.89:36536], old=null
2019-10-20 10:29:02,696 [grpc-default-executor-4] INFO  impl.RaftServerImpl (RaftServerImpl.java:setRole(184)) - 875da3d9-0dec-46c7-88bf-73f7a2372b64@group-75987F7FE399: changes role from  FOLLOWER to FOLLOWER at term 398 for recognizeCandidate:df12c920-952d-4704-9c70-1a288e2f77c7
2019-10-20 10:29:02,696 [grpc-default-executor-3] INFO  impl.RaftServerImpl (RaftServerImpl.java:setRole(184)) - 9ceef694-dbcf-4070-b7b1-3b3c65b6a699@group-75987F7FE399: changes role from  FOLLOWER to FOLLOWER at term 398 for recognizeCandidate:df12c920-952d-4704-9c70-1a288e2f77c7
2019-10-20 10:29:02,696 [grpc-default-executor-3] INFO  impl.RoleInfo (RoleInfo.java:shutdownFollowerState(121)) - 9ceef694-dbcf-4070-b7b1-3b3c65b6a699: shutdown FollowerState
2019-10-20 10:29:02,696 [grpc-default-executor-4] INFO  impl.RoleInfo (RoleInfo.java:shutdownFollowerState(121)) - 875da3d9-0dec-46c7-88bf-73f7a2372b64: shutdown FollowerState
2019-10-20 10:29:02,696 [grpc-default-executor-3] INFO  impl.RoleInfo (RoleInfo.java:updateAndGet(143)) - 9ceef694-dbcf-4070-b7b1-3b3c65b6a699: start FollowerState
2019-10-20 10:29:02,696 [Thread-2627] INFO  impl.FollowerState (FollowerState.java:run(117)) - 9ceef694-dbcf-4070-b7b1-3b3c65b6a699@group-75987F7FE399-FollowerState was interrupted: java.lang.InterruptedException: sleep interrupted
2019-10-20 10:29:02,696 [Thread-2626] INFO  impl.FollowerState (FollowerState.java:run(117)) - 875da3d9-0dec-46c7-88bf-73f7a2372b64@group-75987F7FE399-FollowerState was interrupted: java.lang.InterruptedException: sleep interrupted
2019-10-20 10:29:02,696 [grpc-default-executor-4] INFO  impl.RoleInfo (RoleInfo.java:updateAndGet(143)) - 875da3d9-0dec-46c7-88bf-73f7a2372b64: start FollowerState
2019-10-20 10:29:02,712 [df12c920-952d-4704-9c70-1a288e2f77c7@group-75987F7FE399-LeaderElection353] INFO  impl.LeaderElection (LeaderElection.java:logAndReturn(56)) - df12c920-952d-4704-9c70-1a288e2f77c7@group-75987F7FE399-LeaderElection353: Election REJECTED; received 2 response(s) [df12c920-952d-4704-9c70-1a288e2f77c7<-875da3d9-0dec-46c7-88bf-73f7a2372b64#0:FAIL-t398, df12c920-952d-4704-9c70-1a288e2f77c7<-9ceef694-dbcf-4070-b7b1-3b3c65b6a699#0:FAIL-t398] and 0 exception(s); df12c920-952d-4704-9c70-1a288e2f77c7@group-75987F7FE399:t398, leader=null, voted=df12c920-952d-4704-9c70-1a288e2f77c7, raftlog=df12c920-952d-4704-9c70-1a288e2f77c7@group-75987F7FE399-SegmentedRaftLog:OPENED:c-1,f-1,i0, conf=-1: [875da3d9-0dec-46c7-88bf-73f7a2372b64:192.168.69.89:39990, df12c920-952d-4704-9c70-1a288e2f77c7:192.168.69.89:43948, 9ceef694-dbcf-4070-b7b1-3b3c65b6a699:192.168.69.89:36536], old=null
2019-10-20 10:29:02,712 [df12c920-952d-4704-9c70-1a288e2f77c7@group-75987F7FE399-LeaderElection353] INFO  impl.RaftServerImpl (RaftServerImpl.java:setRole(184)) - df12c920-952d-4704-9c70-1a288e2f77c7@group-75987F7FE399: changes role from CANDIDATE to FOLLOWER at term 398 for DISCOVERED_A_NEW_TERM
2019-10-20 10:29:02,712 [df12c920-952d-4704-9c70-1a288e2f77c7@group-75987F7FE399-LeaderElection353] INFO  impl.RoleInfo (RoleInfo.java:shutdownLeaderElection(134)) - df12c920-952d-4704-9c70-1a288e2f77c7: shutdown LeaderElection
2019-10-20 10:29:02,712 [df12c920-952d-4704-9c70-1a288e2f77c7@group-75987F7FE399-LeaderElection353] INFO  impl.RoleInfo (RoleInfo.java:updateAndGet(143)) - df12c920-952d-4704-9c70-1a288e2f77c7: start FollowerState
2019-10-20 10:29:02,742 [Thread-2634] INFO  impl.FollowerState (FollowerState.java:run(108)) - df12c920-952d-4704-9c70-1a288e2f77c7@group-75987F7FE399-FollowerState: change to CANDIDATE, lastRpcTime:30ms, electionTimeout:30ms
2019-10-20 10:29:02,742 [Thread-2634] INFO  impl.RoleInfo (RoleInfo.java:shutdownFollowerState(121)) - df12c920-952d-4704-9c70-1a288e2f77c7: shutdown FollowerState
2019-10-20 10:29:02,743 [Thread-2634] INFO  impl.RaftServerImpl (RaftServerImpl.java:setRole(184)) - df12c920-952d-4704-9c70-1a288e2f77c7@group-75987F7FE399: changes role from  FOLLOWER to CANDIDATE at term 398 for changeToCandidate
2019-10-20 10:29:02,743 [Thread-2634] INFO  impl.RoleInfo (RoleInfo.java:updateAndGet(143)) - df12c920-952d-4704-9c70-1a288e2f77c7: start LeaderElection
2019-10-20 10:29:02,755 [df12c920-952d-4704-9c70-1a288e2f77c7@group-75987F7FE399-LeaderElection354] INFO  impl.LeaderElection (LeaderElection.java:askForVotes(178)) - df12c920-952d-4704-9c70-1a288e2f77c7@group-75987F7FE399-LeaderElection354: begin an election at term 399 for -1: [875da3d9-0dec-46c7-88bf-73f7a2372b64:192.168.69.89:39990, df12c920-952d-4704-9c70-1a288e2f77c7:192.168.69.89:43948, 9ceef694-dbcf-4070-b7b1-3b3c65b6a699:192.168.69.89:36536], old=null
2019-10-20 10:29:02,757 [grpc-default-executor-4] INFO  impl.RaftServerImpl (RaftServerImpl.java:setRole(184)) - 875da3d9-0dec-46c7-88bf-73f7a2372b64@group-75987F7FE399: changes role from  FOLLOWER to FOLLOWER at term 399 for recognizeCandidate:df12c920-952d-4704-9c70-1a288e2f77c7
2019-10-20 10:29:02,757 [grpc-default-executor-3] INFO  impl.RaftServerImpl (RaftServerImpl.java:setRole(184)) - 9ceef694-dbcf-4070-b7b1-3b3c65b6a699@group-75987F7FE399: changes role from  FOLLOWER to FOLLOWER at term 399 for recognizeCandidate:df12c920-952d-4704-9c70-1a288e2f77c7
2019-10-20 10:29:02,757 [grpc-default-executor-3] INFO  impl.RoleInfo (RoleInfo.java:shutdownFollowerState(121)) - 9ceef694-dbcf-4070-b7b1-3b3c65b6a699: shutdown FollowerState
2019-10-20 10:29:02,757 [grpc-default-executor-4] INFO  impl.RoleInfo (RoleInfo.java:shutdownFollowerState(121)) - 875da3d9-0dec-46c7-88bf-73f7a2372b64: shutdown FollowerState
2019-10-20 10:29:02,757 [Thread-2632] INFO  impl.FollowerState (FollowerState.java:run(117)) - 9ceef694-dbcf-4070-b7b1-3b3c65b6a699@group-75987F7FE399-FollowerState was interrupted: java.lang.InterruptedException: sleep interrupted
2019-10-20 10:29:02,757 [grpc-default-executor-3] INFO  impl.RoleInfo (RoleInfo.java:updateAndGet(143)) - 9ceef694-dbcf-4070-b7b1-3b3c65b6a699: start FollowerState
2019-10-20 10:29:02,758 [Thread-2633] INFO  impl.FollowerState (FollowerState.java:run(117)) - 875da3d9-0dec-46c7-88bf-73f7a2372b64@group-75987F7FE399-FollowerState was interrupted: java.lang.InterruptedException: sleep interrupted
2019-10-20 10:29:02,757 [grpc-default-executor-4] INFO  impl.RoleInfo (RoleInfo.java:updateAndGet(143)) - 875da3d9-0dec-46c7-88bf-73f7a2372b64: start FollowerState
2019-10-20 10:29:02,782 [df12c920-952d-4704-9c70-1a288e2f77c7@group-75987F7FE399-LeaderElection354] INFO  impl.LeaderElection (LeaderElection.java:logAndReturn(56)) - df12c920-952d-4704-9c70-1a288e2f77c7@group-75987F7FE399-LeaderElection354: Election REJECTED; received 2 response(s) [df12c920-952d-4704-9c70-1a288e2f77c7<-875da3d9-0dec-46c7-88bf-73f7a2372b64#0:FAIL-t399, df12c920-952d-4704-9c70-1a288e2f77c7<-9ceef694-dbcf-4070-b7b1-3b3c65b6a699#0:FAIL-t399] and 0 exception(s); df12c920-952d-4704-9c70-1a288e2f77c7@group-75987F7FE399:t399, leader=null, voted=df12c920-952d-4704-9c70-1a288e2f77c7, raftlog=df12c920-952d-4704-9c70-1a288e2f77c7@group-75987F7FE399-SegmentedRaftLog:OPENED:c-1,f-1,i0, conf=-1: [875da3d9-0dec-46c7-88bf-73f7a2372b64:192.168.69.89:39990, df12c920-952d-4704-9c70-1a288e2f77c7:192.168.69.89:43948, 9ceef694-dbcf-4070-b7b1-3b3c65b6a699:192.168.69.89:36536], old=null
2019-10-20 10:29:02,783 [df12c920-952d-4704-9c70-1a288e2f77c7@group-75987F7FE399-LeaderElection354] INFO  impl.RaftServerImpl (RaftServerImpl.java:setRole(184)) - df12c920-952d-4704-9c70-1a288e2f77c7@group-75987F7FE399: changes role from CANDIDATE to FOLLOWER at term 399 for DISCOVERED_A_NEW_TERM
2019-10-20 10:29:02,783 [df12c920-952d-4704-9c70-1a288e2f77c7@group-75987F7FE399-LeaderElection354] INFO  impl.RoleInfo (RoleInfo.java:shutdownLeaderElection(134)) - df12c920-952d-4704-9c70-1a288e2f77c7: shutdown LeaderElection
2019-10-20 10:29:02,783 [df12c920-952d-4704-9c70-1a288e2f77c7@group-75987F7FE399-LeaderElection354] INFO  impl.RoleInfo (RoleInfo.java:updateAndGet(143)) - df12c920-952d-4704-9c70-1a288e2f77c7: start FollowerState
2019-10-20 10:29:02,979 [Thread-2640] INFO  impl.FollowerState (FollowerState.java:run(108)) - df12c920-952d-4704-9c70-1a288e2f77c7@group-75987F7FE399-FollowerState: change to CANDIDATE, lastRpcTime:196ms, electionTimeout:196ms
2019-10-20 10:29:02,979 [Thread-2640] INFO  impl.RoleInfo (RoleInfo.java:shutdownFollowerState(121)) - df12c920-952d-4704-9c70-1a288e2f77c7: shutdown FollowerState
2019-10-20 10:29:02,979 [Thread-2640] INFO  impl.RaftServerImpl (RaftServerImpl.java:setRole(184)) - df12c920-952d-4704-9c70-1a288e2f77c7@group-75987F7FE399: changes role from  FOLLOWER to CANDIDATE at term 399 for changeToCandidate
2019-10-20 10:29:02,980 [Thread-2640] INFO  impl.RoleInfo (RoleInfo.java:updateAndGet(143)) - df12c920-952d-4704-9c70-1a288e2f77c7: start LeaderElection
2019-10-20 10:29:02,992 [df12c920-952d-4704-9c70-1a288e2f77c7@group-75987F7FE399-LeaderElection355] INFO  impl.LeaderElection (LeaderElection.java:askForVotes(178)) - df12c920-952d-4704-9c70-1a288e2f77c7@group-75987F7FE399-LeaderElection355: begin an election at term 400 for -1: [875da3d9-0dec-46c7-88bf-73f7a2372b64:192.168.69.89:39990, df12c920-952d-4704-9c70-1a288e2f77c7:192.168.69.89:43948, 9ceef694-dbcf-4070-b7b1-3b3c65b6a699:192.168.69.89:36536], old=null
2019-10-20 10:29:02,994 [grpc-default-executor-3] INFO  impl.RaftServerImpl (RaftServerImpl.java:setRole(184)) - 875da3d9-0dec-46c7-88bf-73f7a2372b64@group-75987F7FE399: changes role from  FOLLOWER to FOLLOWER at term 400 for recognizeCandidate:df12c920-952d-4704-9c70-1a288e2f77c7
2019-10-20 10:29:02,994 [grpc-default-executor-4] INFO  impl.RaftServerImpl (RaftServerImpl.java:setRole(184)) - 9ceef694-dbcf-4070-b7b1-3b3c65b6a699@group-75987F7FE399: changes role from  FOLLOWER to FOLLOWER at term 400 for recognizeCandidate:df12c920-952d-4704-9c70-1a288e2f77c7
2019-10-20 10:29:02,995 [grpc-default-executor-4] INFO  impl.RoleInfo (RoleInfo.java:shutdownFollowerState(121)) - 9ceef694-dbcf-4070-b7b1-3b3c65b6a699: shutdown FollowerState
2019-10-20 10:29:02,994 [grpc-default-executor-3] INFO  impl.RoleInfo (RoleInfo.java:shutdownFollowerState(121)) - 875da3d9-0dec-46c7-88bf-73f7a2372b64: shutdown FollowerState
2019-10-20 10:29:02,995 [Thread-2638] INFO  impl.FollowerState (FollowerState.java:run(117)) - 9ceef694-dbcf-4070-b7b1-3b3c65b6a699@group-75987F7FE399-FollowerState was interrupted: java.lang.InterruptedException: sleep interrupted
2019-10-20 10:29:02,995 [grpc-default-executor-4] INFO  impl.RoleInfo (RoleInfo.java:updateAndGet(143)) - 9ceef694-dbcf-4070-b7b1-3b3c65b6a699: start FollowerState
2019-10-20 10:29:02,995 [Thread-2639] INFO  impl.FollowerState (FollowerState.java:run(117)) - 875da3d9-0dec-46c7-88bf-73f7a2372b64@group-75987F7FE399-FollowerState was interrupted: java.lang.InterruptedException: sleep interrupted
2019-10-20 10:29:02,995 [grpc-default-executor-3] INFO  impl.RoleInfo (RoleInfo.java:updateAndGet(143)) - 875da3d9-0dec-46c7-88bf-73f7a2372b64: start FollowerState
2019-10-20 10:29:03,021 [df12c920-952d-4704-9c70-1a288e2f77c7@group-75987F7FE399-LeaderElection355] INFO  impl.LeaderElection (LeaderElection.java:logAndReturn(56)) - df12c920-952d-4704-9c70-1a288e2f77c7@group-75987F7FE399-LeaderElection355: Election REJECTED; received 2 response(s) [df12c920-952d-4704-9c70-1a288e2f77c7<-875da3d9-0dec-46c7-88bf-73f7a2372b64#0:FAIL-t400, df12c920-952d-4704-9c70-1a288e2f77c7<-9ceef694-dbcf-4070-b7b1-3b3c65b6a699#0:FAIL-t400] and 0 exception(s); df12c920-952d-4704-9c70-1a288e2f77c7@group-75987F7FE399:t400, leader=null, voted=df12c920-952d-4704-9c70-1a288e2f77c7, raftlog=df12c920-952d-4704-9c70-1a288e2f77c7@group-75987F7FE399-SegmentedRaftLog:OPENED:c-1,f-1,i0, conf=-1: [875da3d9-0dec-46c7-88bf-73f7a2372b64:192.168.69.89:39990, df12c920-952d-4704-9c70-1a288e2f77c7:192.168.69.89:43948, 9ceef694-dbcf-4070-b7b1-3b3c65b6a699:192.168.69.89:36536], old=null
2019-10-20 10:29:03,021 [df12c920-952d-4704-9c70-1a288e2f77c7@group-75987F7FE399-LeaderElection355] INFO  impl.RaftServerImpl (RaftServerImpl.java:setRole(184)) - df12c920-952d-4704-9c70-1a288e2f77c7@group-75987F7FE399: changes role from CANDIDATE to FOLLOWER at term 400 for DISCOVERED_A_NEW_TERM
2019-10-20 10:29:03,021 [df12c920-952d-4704-9c70-1a288e2f77c7@group-75987F7FE399-LeaderElection355] INFO  impl.RoleInfo (RoleInfo.java:shutdownLeaderElection(134)) - df12c920-952d-4704-9c70-1a288e2f77c7: shutdown LeaderElection
2019-10-20 10:29:03,021 [df12c920-952d-4704-9c70-1a288e2f77c7@group-75987F7FE399-LeaderElection355] INFO  impl.RoleInfo (RoleInfo.java:updateAndGet(143)) - df12c920-952d-4704-9c70-1a288e2f77c7: start FollowerState
2019-10-20 10:29:03,097 [Thread-2646] INFO  impl.FollowerState (FollowerState.java:run(108)) - df12c920-952d-4704-9c70-1a288e2f77c7@group-75987F7FE399-FollowerState: change to CANDIDATE, lastRpcTime:75ms, electionTimeout:75ms
2019-10-20 10:29:03,097 [Thread-2646] INFO  impl.RoleInfo (RoleInfo.java:shutdownFollowerState(121)) - df12c920-952d-4704-9c70-1a288e2f77c7: shutdown FollowerState
2019-10-20 10:29:03,097 [Thread-2646] INFO  impl.RaftServerImpl (RaftServerImpl.java:setRole(184)) - df12c920-952d-4704-9c70-1a288e2f77c7@group-75987F7FE399: changes role from  FOLLOWER to CANDIDATE at term 400 for changeToCandidate
2019-10-20 10:29:03,097 [Thread-2646] INFO  impl.RoleInfo (RoleInfo.java:updateAndGet(143)) - df12c920-952d-4704-9c70-1a288e2f77c7: start LeaderElection
2019-10-20 10:29:03,109 [df12c920-952d-4704-9c70-1a288e2f77c7@group-75987F7FE399-LeaderElection356] INFO  impl.LeaderElection (LeaderElection.java:askForVotes(178)) - df12c920-952d-4704-9c70-1a288e2f77c7@group-75987F7FE399-LeaderElection356: begin an election at term 401 for -1: [875da3d9-0dec-46c7-88bf-73f7a2372b64:192.168.69.89:39990, df12c920-952d-4704-9c70-1a288e2f77c7:192.168.69.89:43948, 9ceef694-dbcf-4070-b7b1-3b3c65b6a699:192.168.69.89:36536], old=null
2019-10-20 10:29:03,110 [grpc-default-executor-4] INFO  impl.RaftServerImpl (RaftServerImpl.java:setRole(184)) - 875da3d9-0dec-46c7-88bf-73f7a2372b64@group-75987F7FE399: changes role from  FOLLOWER to FOLLOWER at term 401 for recognizeCandidate:df12c920-952d-4704-9c70-1a288e2f77c7
2019-10-20 10:29:03,111 [grpc-default-executor-4] INFO  impl.RoleInfo (RoleInfo.java:shutdownFollowerState(121)) - 875da3d9-0dec-46c7-88bf-73f7a2372b64: shutdown FollowerState
2019-10-20 10:29:03,111 [grpc-default-executor-3] INFO  impl.RaftServerImpl (RaftServerImpl.java:setRole(184)) - 9ceef694-dbcf-4070-b7b1-3b3c65b6a699@group-75987F7FE399: changes role from  FOLLOWER to FOLLOWER at term 401 for recognizeCandidate:df12c920-952d-4704-9c70-1a288e2f77c7
2019-10-20 10:29:03,111 [grpc-default-executor-3] INFO  impl.RoleInfo (RoleInfo.java:shutdownFollowerState(121)) - 9ceef694-dbcf-4070-b7b1-3b3c65b6a699: shutdown FollowerState
2019-10-20 10:29:03,111 [Thread-2645] INFO  impl.FollowerState (FollowerState.java:run(117)) - 875da3d9-0dec-46c7-88bf-73f7a2372b64@group-75987F7FE399-FollowerState was interrupted: java.lang.InterruptedException: sleep interrupted
2019-10-20 10:29:03,111 [grpc-default-executor-4] INFO  impl.RoleInfo (RoleInfo.java:updateAndGet(143)) - 875da3d9-0dec-46c7-88bf-73f7a2372b64: start FollowerState
2019-10-20 10:29:03,111 [Thread-2644] INFO  impl.FollowerState (FollowerState.java:run(117)) - 9ceef694-dbcf-4070-b7b1-3b3c65b6a699@group-75987F7FE399-FollowerState was interrupted: java.lang.InterruptedException: sleep interrupted
2019-10-20 10:29:03,111 [grpc-default-executor-3] INFO  impl.RoleInfo (RoleInfo.java:updateAndGet(143)) - 9ceef694-dbcf-4070-b7b1-3b3c65b6a699: start FollowerState
2019-10-20 10:29:03,118 [df12c920-952d-4704-9c70-1a288e2f77c7@group-75987F7FE399-LeaderElection356] INFO  impl.LeaderElection (LeaderElection.java:logAndReturn(56)) - df12c920-952d-4704-9c70-1a288e2f77c7@group-75987F7FE399-LeaderElection356: Election REJECTED; received 2 response(s) [df12c920-952d-4704-9c70-1a288e2f77c7<-875da3d9-0dec-46c7-88bf-73f7a2372b64#0:FAIL-t401, df12c920-952d-4704-9c70-1a288e2f77c7<-9ceef694-dbcf-4070-b7b1-3b3c65b6a699#0:FAIL-t401] and 0 exception(s); df12c920-952d-4704-9c70-1a288e2f77c7@group-75987F7FE399:t401, leader=null, voted=df12c920-952d-4704-9c70-1a288e2f77c7, raftlog=df12c920-952d-4704-9c70-1a288e2f77c7@group-75987F7FE399-SegmentedRaftLog:OPENED:c-1,f-1,i0, conf=-1: [875da3d9-0dec-46c7-88bf-73f7a2372b64:192.168.69.89:39990, df12c920-952d-4704-9c70-1a288e2f77c7:192.168.69.89:43948, 9ceef694-dbcf-4070-b7b1-3b3c65b6a699:192.168.69.89:36536], old=null
2019-10-20 10:29:03,118 [df12c920-952d-4704-9c70-1a288e2f77c7@group-75987F7FE399-LeaderElection356] INFO  impl.RaftServerImpl (RaftServerImpl.java:setRole(184)) - df12c920-952d-4704-9c70-1a288e2f77c7@group-75987F7FE399: changes role from CANDIDATE to FOLLOWER at term 401 for DISCOVERED_A_NEW_TERM
2019-10-20 10:29:03,119 [df12c920-952d-4704-9c70-1a288e2f77c7@group-75987F7FE399-LeaderElection356] INFO  impl.RoleInfo (RoleInfo.java:shutdownLeaderElection(134)) - df12c920-952d-4704-9c70-1a288e2f77c7: shutdown LeaderElection
2019-10-20 10:29:03,119 [df12c920-952d-4704-9c70-1a288e2f77c7@group-75987F7FE399-LeaderElection356] INFO  impl.RoleInfo (RoleInfo.java:updateAndGet(143)) - df12c920-952d-4704-9c70-1a288e2f77c7: start FollowerState
2019-10-20 10:29:03,311 [Thread-2652] INFO  impl.FollowerState (FollowerState.java:run(108)) - df12c920-952d-4704-9c70-1a288e2f77c7@group-75987F7FE399-FollowerState: change to CANDIDATE, lastRpcTime:192ms, electionTimeout:192ms
2019-10-20 10:29:03,311 [Thread-2652] INFO  impl.RoleInfo (RoleInfo.java:shutdownFollowerState(121)) - df12c920-952d-4704-9c70-1a288e2f77c7: shutdown FollowerState
2019-10-20 10:29:03,311 [Thread-2652] INFO  impl.RaftServerImpl (RaftServerImpl.java:setRole(184)) - df12c920-952d-4704-9c70-1a288e2f77c7@group-75987F7FE399: changes role from  FOLLOWER to CANDIDATE at term 401 for changeToCandidate
2019-10-20 10:29:03,312 [Thread-2652] INFO  impl.RoleInfo (RoleInfo.java:updateAndGet(143)) - df12c920-952d-4704-9c70-1a288e2f77c7: start LeaderElection
2019-10-20 10:29:03,324 [df12c920-952d-4704-9c70-1a288e2f77c7@group-75987F7FE399-LeaderElection357] INFO  impl.LeaderElection (LeaderElection.java:askForVotes(178)) - df12c920-952d-4704-9c70-1a288e2f77c7@group-75987F7FE399-LeaderElection357: begin an election at term 402 for -1: [875da3d9-0dec-46c7-88bf-73f7a2372b64:192.168.69.89:39990, df12c920-952d-4704-9c70-1a288e2f77c7:192.168.69.89:43948, 9ceef694-dbcf-4070-b7b1-3b3c65b6a699:192.168.69.89:36536], old=null
2019-10-20 10:29:03,326 [grpc-default-executor-4] INFO  impl.RaftServerImpl (RaftServerImpl.java:setRole(184)) - 875da3d9-0dec-46c7-88bf-73f7a2372b64@group-75987F7FE399: changes role from  FOLLOWER to FOLLOWER at term 402 for recognizeCandidate:df12c920-952d-4704-9c70-1a288e2f77c7
2019-10-20 10:29:03,326 [grpc-default-executor-4] INFO  impl.RoleInfo (RoleInfo.java:shutdownFollowerState(121)) - 875da3d9-0dec-46c7-88bf-73f7a2372b64: shutdown FollowerState
2019-10-20 10:29:03,326 [grpc-default-executor-3] INFO  impl.RaftServerImpl (RaftServerImpl.java:setRole(184)) - 9ceef694-dbcf-4070-b7b1-3b3c65b6a699@group-75987F7FE399: changes role from  FOLLOWER to FOLLOWER at term 402 for recognizeCandidate:df12c920-952d-4704-9c70-1a288e2f77c7
2019-10-20 10:29:03,327 [grpc-default-executor-3] INFO  impl.RoleInfo (RoleInfo.java:shutdownFollowerState(121)) - 9ceef694-dbcf-4070-b7b1-3b3c65b6a699: shutdown FollowerState
2019-10-20 10:29:03,327 [Thread-2650] INFO  impl.FollowerState (FollowerState.java:run(117)) - 875da3d9-0dec-46c7-88bf-73f7a2372b64@group-75987F7FE399-FollowerState was interrupted: java.lang.InterruptedException: sleep interrupted
2019-10-20 10:29:03,327 [grpc-default-executor-4] INFO  impl.RoleInfo (RoleInfo.java:updateAndGet(143)) - 875da3d9-0dec-46c7-88bf-73f7a2372b64: start FollowerState
2019-10-20 10:29:03,327 [Thread-2651] INFO  impl.FollowerState (FollowerState.java:run(117)) - 9ceef694-dbcf-4070-b7b1-3b3c65b6a699@group-75987F7FE399-FollowerState was interrupted: java.lang.InterruptedException: sleep interrupted
2019-10-20 10:29:03,327 [grpc-default-executor-3] INFO  impl.RoleInfo (RoleInfo.java:updateAndGet(143)) - 9ceef694-dbcf-4070-b7b1-3b3c65b6a699: start FollowerState
2019-10-20 10:29:03,346 [df12c920-952d-4704-9c70-1a288e2f77c7@group-75987F7FE399-LeaderElection357] INFO  impl.LeaderElection (LeaderElection.java:logAndReturn(56)) - df12c920-952d-4704-9c70-1a288e2f77c7@group-75987F7FE399-LeaderElection357: Election TIMEOUT; received 0 response(s) [] and 0 exception(s); df12c920-952d-4704-9c70-1a288e2f77c7@group-75987F7FE399:t402, leader=null, voted=df12c920-952d-4704-9c70-1a288e2f77c7, raftlog=df12c920-952d-4704-9c70-1a288e2f77c7@group-75987F7FE399-SegmentedRaftLog:OPENED:c-1,f-1,i0, conf=-1: [875da3d9-0dec-46c7-88bf-73f7a2372b64:192.168.69.89:39990, df12c920-952d-4704-9c70-1a288e2f77c7:192.168.69.89:43948, 9ceef694-dbcf-4070-b7b1-3b3c65b6a699:192.168.69.89:36536], old=null
2019-10-20 10:29:03,354 [df12c920-952d-4704-9c70-1a288e2f77c7@group-75987F7FE399-LeaderElection357] INFO  impl.LeaderElection (LeaderElection.java:askForVotes(178)) - df12c920-952d-4704-9c70-1a288e2f77c7@group-75987F7FE399-LeaderElection357: begin an election at term 403 for -1: [875da3d9-0dec-46c7-88bf-73f7a2372b64:192.168.69.89:39990, df12c920-952d-4704-9c70-1a288e2f77c7:192.168.69.89:43948, 9ceef694-dbcf-4070-b7b1-3b3c65b6a699:192.168.69.89:36536], old=null
2019-10-20 10:29:03,356 [grpc-default-executor-4] INFO  impl.RaftServerImpl (RaftServerImpl.java:setRole(184)) - 875da3d9-0dec-46c7-88bf-73f7a2372b64@group-75987F7FE399: changes role from  FOLLOWER to FOLLOWER at term 403 for recognizeCandidate:df12c920-952d-4704-9c70-1a288e2f77c7
2019-10-20 10:29:03,356 [grpc-default-executor-3] INFO  impl.RaftServerImpl (RaftServerImpl.java:setRole(184)) - 9ceef694-dbcf-4070-b7b1-3b3c65b6a699@group-75987F7FE399: changes role from  FOLLOWER to FOLLOWER at term 403 for recognizeCandidate:df12c920-952d-4704-9c70-1a288e2f77c7
2019-10-20 10:29:03,356 [grpc-default-executor-3] INFO  impl.RoleInfo (RoleInfo.java:shutdownFollowerState(121)) - 9ceef694-dbcf-4070-b7b1-3b3c65b6a699: shutdown FollowerState
2019-10-20 10:29:03,356 [grpc-default-executor-4] INFO  impl.RoleInfo (RoleInfo.java:shutdownFollowerState(121)) - 875da3d9-0dec-46c7-88bf-73f7a2372b64: shutdown FollowerState
2019-10-20 10:29:03,357 [Thread-2659] INFO  impl.FollowerState (FollowerState.java:run(117)) - 9ceef694-dbcf-4070-b7b1-3b3c65b6a699@group-75987F7FE399-FollowerState was interrupted: java.lang.InterruptedException: sleep interrupted
2019-10-20 10:29:03,357 [grpc-default-executor-3] INFO  impl.RoleInfo (RoleInfo.java:updateAndGet(143)) - 9ceef694-dbcf-4070-b7b1-3b3c65b6a699: start FollowerState
2019-10-20 10:29:03,357 [Thread-2658] INFO  impl.FollowerState (FollowerState.java:run(117)) - 875da3d9-0dec-46c7-88bf-73f7a2372b64@group-75987F7FE399-FollowerState was interrupted: java.lang.InterruptedException: sleep interrupted
2019-10-20 10:29:03,357 [grpc-default-executor-4] INFO  impl.RoleInfo (RoleInfo.java:updateAndGet(143)) - 875da3d9-0dec-46c7-88bf-73f7a2372b64: start FollowerState
2019-10-20 10:29:03,383 [df12c920-952d-4704-9c70-1a288e2f77c7@group-75987F7FE399-LeaderElection357] INFO  impl.LeaderElection (LeaderElection.java:logAndReturn(56)) - df12c920-952d-4704-9c70-1a288e2f77c7@group-75987F7FE399-LeaderElection357: Election REJECTED; received 2 response(s) [df12c920-952d-4704-9c70-1a288e2f77c7<-875da3d9-0dec-46c7-88bf-73f7a2372b64#0:FAIL-t403, df12c920-952d-4704-9c70-1a288e2f77c7<-9ceef694-dbcf-4070-b7b1-3b3c65b6a699#0:FAIL-t403] and 0 exception(s); df12c920-952d-4704-9c70-1a288e2f77c7@group-75987F7FE399:t403, leader=null, voted=df12c920-952d-4704-9c70-1a288e2f77c7, raftlog=df12c920-952d-4704-9c70-1a288e2f77c7@group-75987F7FE399-SegmentedRaftLog:OPENED:c-1,f-1,i0, conf=-1: [875da3d9-0dec-46c7-88bf-73f7a2372b64:192.168.69.89:39990, df12c920-952d-4704-9c70-1a288e2f77c7:192.168.69.89:43948, 9ceef694-dbcf-4070-b7b1-3b3c65b6a699:192.168.69.89:36536], old=null
2019-10-20 10:29:03,383 [df12c920-952d-4704-9c70-1a288e2f77c7@group-75987F7FE399-LeaderElection357] INFO  impl.RaftServerImpl (RaftServerImpl.java:setRole(184)) - df12c920-952d-4704-9c70-1a288e2f77c7@group-75987F7FE399: changes role from CANDIDATE to FOLLOWER at term 403 for DISCOVERED_A_NEW_TERM
2019-10-20 10:29:03,383 [df12c920-952d-4704-9c70-1a288e2f77c7@group-75987F7FE399-LeaderElection357] INFO  impl.RoleInfo (RoleInfo.java:shutdownLeaderElection(134)) - df12c920-952d-4704-9c70-1a288e2f77c7: shutdown LeaderElection
2019-10-20 10:29:03,383 [df12c920-952d-4704-9c70-1a288e2f77c7@group-75987F7FE399-LeaderElection357] INFO  impl.RoleInfo (RoleInfo.java:updateAndGet(143)) - df12c920-952d-4704-9c70-1a288e2f77c7: start FollowerState
2019-10-20 10:29:03,462 [Thread-2664] INFO  impl.FollowerState (FollowerState.java:run(108)) - df12c920-952d-4704-9c70-1a288e2f77c7@group-75987F7FE399-FollowerState: change to CANDIDATE, lastRpcTime:79ms, electionTimeout:79ms
2019-10-20 10:29:03,463 [Thread-2664] INFO  impl.RoleInfo (RoleInfo.java:shutdownFollowerState(121)) - df12c920-952d-4704-9c70-1a288e2f77c7: shutdown FollowerState
2019-10-20 10:29:03,463 [Thread-2664] INFO  impl.RaftServerImpl (RaftServerImpl.java:setRole(184)) - df12c920-952d-4704-9c70-1a288e2f77c7@group-75987F7FE399: changes role from  FOLLOWER to CANDIDATE at term 403 for changeToCandidate
2019-10-20 10:29:03,463 [Thread-2664] INFO  impl.RoleInfo (RoleInfo.java:updateAndGet(143)) - df12c920-952d-4704-9c70-1a288e2f77c7: start LeaderElection
2019-10-20 10:29:03,476 [df12c920-952d-4704-9c70-1a288e2f77c7@group-75987F7FE399-LeaderElection358] INFO  impl.LeaderElection (LeaderElection.java:askForVotes(178)) - df12c920-952d-4704-9c70-1a288e2f77c7@group-75987F7FE399-LeaderElection358: begin an election at term 404 for -1: [875da3d9-0dec-46c7-88bf-73f7a2372b64:192.168.69.89:39990, df12c920-952d-4704-9c70-1a288e2f77c7:192.168.69.89:43948, 9ceef694-dbcf-4070-b7b1-3b3c65b6a699:192.168.69.89:36536], old=null
2019-10-20 10:29:03,478 [grpc-default-executor-4] INFO  impl.RaftServerImpl (RaftServerImpl.java:setRole(184)) - 9ceef694-dbcf-4070-b7b1-3b3c65b6a699@group-75987F7FE399: changes role from  FOLLOWER to FOLLOWER at term 404 for recognizeCandidate:df12c920-952d-4704-9c70-1a288e2f77c7
2019-10-20 10:29:03,478 [grpc-default-executor-4] INFO  impl.RoleInfo (RoleInfo.java:shutdownFollowerState(121)) - 9ceef694-dbcf-4070-b7b1-3b3c65b6a699: shutdown FollowerState
2019-10-20 10:29:03,478 [grpc-default-executor-3] INFO  impl.RaftServerImpl (RaftServerImpl.java:setRole(184)) - 875da3d9-0dec-46c7-88bf-73f7a2372b64@group-75987F7FE399: changes role from  FOLLOWER to FOLLOWER at term 404 for recognizeCandidate:df12c920-952d-4704-9c70-1a288e2f77c7
2019-10-20 10:29:03,479 [grpc-default-executor-3] INFO  impl.RoleInfo (RoleInfo.java:shutdownFollowerState(121)) - 875da3d9-0dec-46c7-88bf-73f7a2372b64: shutdown FollowerState
2019-10-20 10:29:03,479 [grpc-default-executor-3] INFO  impl.RoleInfo (RoleInfo.java:updateAndGet(143)) - 875da3d9-0dec-46c7-88bf-73f7a2372b64: start FollowerState
2019-10-20 10:29:03,478 [Thread-2662] INFO  impl.FollowerState (FollowerState.java:run(117)) - 9ceef694-dbcf-4070-b7b1-3b3c65b6a699@group-75987F7FE399-FollowerState was interrupted: java.lang.InterruptedException: sleep interrupted
2019-10-20 10:29:03,478 [grpc-default-executor-4] INFO  impl.RoleInfo (RoleInfo.java:updateAndGet(143)) - 9ceef694-dbcf-4070-b7b1-3b3c65b6a699: start FollowerState
2019-10-20 10:29:03,479 [Thread-2663] INFO  impl.FollowerState (FollowerState.java:run(117)) - 875da3d9-0dec-46c7-88bf-73f7a2372b64@group-75987F7FE399-FollowerState was interrupted: java.lang.InterruptedException: sleep interrupted
2019-10-20 10:29:03,490 [df12c920-952d-4704-9c70-1a288e2f77c7@group-75987F7FE399-LeaderElection358] INFO  impl.LeaderElection (LeaderElection.java:logAndReturn(56)) - df12c920-952d-4704-9c70-1a288e2f77c7@group-75987F7FE399-LeaderElection358: Election TIMEOUT; received 0 response(s) [] and 0 exception(s); df12c920-952d-4704-9c70-1a288e2f77c7@group-75987F7FE399:t404, leader=null, voted=df12c920-952d-4704-9c70-1a288e2f77c7, raftlog=df12c920-952d-4704-9c70-1a288e2f77c7@group-75987F7FE399-SegmentedRaftLog:OPENED:c-1,f-1,i0, conf=-1: [875da3d9-0dec-46c7-88bf-73f7a2372b64:192.168.69.89:39990, df12c920-952d-4704-9c70-1a288e2f77c7:192.168.69.89:43948, 9ceef694-dbcf-4070-b7b1-3b3c65b6a699:192.168.69.89:36536], old=null
2019-10-20 10:29:03,503 [df12c920-952d-4704-9c70-1a288e2f77c7@group-75987F7FE399-LeaderElection358] INFO  impl.LeaderElection (LeaderElection.java:askForVotes(178)) - df12c920-952d-4704-9c70-1a288e2f77c7@group-75987F7FE399-LeaderElection358: begin an election at term 405 for -1: [875da3d9-0dec-46c7-88bf-73f7a2372b64:192.168.69.89:39990, df12c920-952d-4704-9c70-1a288e2f77c7:192.168.69.89:43948, 9ceef694-dbcf-4070-b7b1-3b3c65b6a699:192.168.69.89:36536], old=null
2019-10-20 10:29:03,505 [grpc-default-executor-3] INFO  impl.RaftServerImpl (RaftServerImpl.java:setRole(184)) - 875da3d9-0dec-46c7-88bf-73f7a2372b64@group-75987F7FE399: changes role from  FOLLOWER to FOLLOWER at term 405 for recognizeCandidate:df12c920-952d-4704-9c70-1a288e2f77c7
2019-10-20 10:29:03,505 [grpc-default-executor-3] INFO  impl.RoleInfo (RoleInfo.java:shutdownFollowerState(121)) - 875da3d9-0dec-46c7-88bf-73f7a2372b64: shutdown FollowerState
2019-10-20 10:29:03,505 [grpc-default-executor-4] INFO  impl.RaftServerImpl (RaftServerImpl.java:setRole(184)) - 9ceef694-dbcf-4070-b7b1-3b3c65b6a699@group-75987F7FE399: changes role from  FOLLOWER to FOLLOWER at term 405 for recognizeCandidate:df12c920-952d-4704-9c70-1a288e2f77c7
2019-10-20 10:29:03,505 [grpc-default-executor-4] INFO  impl.RoleInfo (RoleInfo.java:shutdownFollowerState(121)) - 9ceef694-dbcf-4070-b7b1-3b3c65b6a699: shutdown FollowerState
2019-10-20 10:29:03,505 [Thread-2669] INFO  impl.FollowerState (FollowerState.java:run(117)) - 875da3d9-0dec-46c7-88bf-73f7a2372b64@group-75987F7FE399-FollowerState was interrupted: java.lang.InterruptedException: sleep interrupted
2019-10-20 10:29:03,505 [grpc-default-executor-3] INFO  impl.RoleInfo (RoleInfo.java:updateAndGet(143)) - 875da3d9-0dec-46c7-88bf-73f7a2372b64: start FollowerState
2019-10-20 10:29:03,506 [Thread-2668] INFO  impl.FollowerState (FollowerState.java:run(117)) - 9ceef694-dbcf-4070-b7b1-3b3c65b6a699@group-75987F7FE399-FollowerState was interrupted: java.lang.InterruptedException: sleep interrupted
2019-10-20 10:29:03,506 [grpc-default-executor-4] INFO  impl.RoleInfo (RoleInfo.java:updateAndGet(143)) - 9ceef694-dbcf-4070-b7b1-3b3c65b6a699: start FollowerState
2019-10-20 10:29:03,521 [df12c920-952d-4704-9c70-1a288e2f77c7@group-75987F7FE399-LeaderElection358] INFO  impl.LeaderElection (LeaderElection.java:logAndReturn(56)) - df12c920-952d-4704-9c70-1a288e2f77c7@group-75987F7FE399-LeaderElection358: Election TIMEOUT; received 0 response(s) [] and 0 exception(s); df12c920-952d-4704-9c70-1a288e2f77c7@group-75987F7FE399:t405, leader=null, voted=df12c920-952d-4704-9c70-1a288e2f77c7, raftlog=df12c920-952d-4704-9c70-1a288e2f77c7@group-75987F7FE399-SegmentedRaftLog:OPENED:c-1,f-1,i0, conf=-1: [875da3d9-0dec-46c7-88bf-73f7a2372b64:192.168.69.89:39990, df12c920-952d-4704-9c70-1a288e2f77c7:192.168.69.89:43948, 9ceef694-dbcf-4070-b7b1-3b3c65b6a699:192.168.69.89:36536], old=null
2019-10-20 10:29:03,530 [df12c920-952d-4704-9c70-1a288e2f77c7@group-75987F7FE399-LeaderElection358] INFO  impl.LeaderElection (LeaderElection.java:askForVotes(178)) - df12c920-952d-4704-9c70-1a288e2f77c7@group-75987F7FE399-LeaderElection358: begin an election at term 406 for -1: [875da3d9-0dec-46c7-88bf-73f7a2372b64:192.168.69.89:39990, df12c920-952d-4704-9c70-1a288e2f77c7:192.168.69.89:43948, 9ceef694-dbcf-4070-b7b1-3b3c65b6a699:192.168.69.89:36536], old=null
2019-10-20 10:29:03,532 [grpc-default-executor-4] INFO  impl.RaftServerImpl (RaftServerImpl.java:setRole(184)) - 875da3d9-0dec-46c7-88bf-73f7a2372b64@group-75987F7FE399: changes role from  FOLLOWER to FOLLOWER at term 406 for recognizeCandidate:df12c920-952d-4704-9c70-1a288e2f77c7
2019-10-20 10:29:03,532 [grpc-default-executor-3] INFO  impl.RaftServerImpl (RaftServerImpl.java:setRole(184)) - 9ceef694-dbcf-4070-b7b1-3b3c65b6a699@group-75987F7FE399: changes role from  FOLLOWER to FOLLOWER at term 406 for recognizeCandidate:df12c920-952d-4704-9c70-1a288e2f77c7
2019-10-20 10:29:03,532 [grpc-default-executor-3] INFO  impl.RoleInfo (RoleInfo.java:shutdownFollowerState(121)) - 9ceef694-dbcf-4070-b7b1-3b3c65b6a699: shutdown FollowerState
2019-10-20 10:29:03,532 [grpc-default-executor-4] INFO  impl.RoleInfo (RoleInfo.java:shutdownFollowerState(121)) - 875da3d9-0dec-46c7-88bf-73f7a2372b64: shutdown FollowerState
2019-10-20 10:29:03,532 [Thread-2673] INFO  impl.FollowerState (FollowerState.java:run(117)) - 9ceef694-dbcf-4070-b7b1-3b3c65b6a699@group-75987F7FE399-FollowerState was interrupted: java.lang.InterruptedException: sleep interrupted
2019-10-20 10:29:03,532 [Thread-2672] INFO  impl.FollowerState (FollowerState.java:run(117)) - 875da3d9-0dec-46c7-88bf-73f7a2372b64@group-75987F7FE399-FollowerState was interrupted: java.lang.InterruptedException: sleep interrupted
2019-10-20 10:29:03,532 [grpc-default-executor-3] INFO  impl.RoleInfo (RoleInfo.java:updateAndGet(143)) - 9ceef694-dbcf-4070-b7b1-3b3c65b6a699: start FollowerState
2019-10-20 10:29:03,532 [grpc-default-executor-4] INFO  impl.RoleInfo (RoleInfo.java:updateAndGet(143)) - 875da3d9-0dec-46c7-88bf-73f7a2372b64: start FollowerState
2019-10-20 10:29:03,557 [df12c920-952d-4704-9c70-1a288e2f77c7@group-75987F7FE399-LeaderElection358] INFO  impl.LeaderElection (LeaderElection.java:logAndReturn(56)) - df12c920-952d-4704-9c70-1a288e2f77c7@group-75987F7FE399-LeaderElection358: Election REJECTED; received 2 response(s) [df12c920-952d-4704-9c70-1a288e2f77c7<-875da3d9-0dec-46c7-88bf-73f7a2372b64#0:FAIL-t406, df12c920-952d-4704-9c70-1a288e2f77c7<-9ceef694-dbcf-4070-b7b1-3b3c65b6a699#0:FAIL-t406] and 0 exception(s); df12c920-952d-4704-9c70-1a288e2f77c7@group-75987F7FE399:t406, leader=null, voted=df12c920-952d-4704-9c70-1a288e2f77c7, raftlog=df12c920-952d-4704-9c70-1a288e2f77c7@group-75987F7FE399-SegmentedRaftLog:OPENED:c-1,f-1,i0, conf=-1: [875da3d9-0dec-46c7-88bf-73f7a2372b64:192.168.69.89:39990, df12c920-952d-4704-9c70-1a288e2f77c7:192.168.69.89:43948, 9ceef694-dbcf-4070-b7b1-3b3c65b6a699:192.168.69.89:36536], old=null
2019-10-20 10:29:03,558 [df12c920-952d-4704-9c70-1a288e2f77c7@group-75987F7FE399-LeaderElection358] INFO  impl.RaftServerImpl (RaftServerImpl.java:setRole(184)) - df12c920-952d-4704-9c70-1a288e2f77c7@group-75987F7FE399: changes role from CANDIDATE to FOLLOWER at term 406 for DISCOVERED_A_NEW_TERM
2019-10-20 10:29:03,558 [df12c920-952d-4704-9c70-1a288e2f77c7@group-75987F7FE399-LeaderElection358] INFO  impl.RoleInfo (RoleInfo.java:shutdownLeaderElection(134)) - df12c920-952d-4704-9c70-1a288e2f77c7: shutdown LeaderElection
2019-10-20 10:29:03,558 [df12c920-952d-4704-9c70-1a288e2f77c7@group-75987F7FE399-LeaderElection358] INFO  impl.RoleInfo (RoleInfo.java:updateAndGet(143)) - df12c920-952d-4704-9c70-1a288e2f77c7: start FollowerState
2019-10-20 10:29:03,685 [Thread-2678] INFO  impl.FollowerState (FollowerState.java:run(108)) - df12c920-952d-4704-9c70-1a288e2f77c7@group-75987F7FE399-FollowerState: change to CANDIDATE, lastRpcTime:127ms, electionTimeout:127ms
2019-10-20 10:29:03,686 [Thread-2678] INFO  impl.RoleInfo (RoleInfo.java:shutdownFollowerState(121)) - df12c920-952d-4704-9c70-1a288e2f77c7: shutdown FollowerState
2019-10-20 10:29:03,686 [Thread-2678] INFO  impl.RaftServerImpl (RaftServerImpl.java:setRole(184)) - df12c920-952d-4704-9c70-1a288e2f77c7@group-75987F7FE399: changes role from  FOLLOWER to CANDIDATE at term 406 for changeToCandidate
2019-10-20 10:29:03,686 [Thread-2678] INFO  impl.RoleInfo (RoleInfo.java:updateAndGet(143)) - df12c920-952d-4704-9c70-1a288e2f77c7: start LeaderElection
2019-10-20 10:29:03,699 [df12c920-952d-4704-9c70-1a288e2f77c7@group-75987F7FE399-LeaderElection359] INFO  impl.LeaderElection (LeaderElection.java:askForVotes(178)) - df12c920-952d-4704-9c70-1a288e2f77c7@group-75987F7FE399-LeaderElection359: begin an election at term 407 for -1: [875da3d9-0dec-46c7-88bf-73f7a2372b64:192.168.69.89:39990, df12c920-952d-4704-9c70-1a288e2f77c7:192.168.69.89:43948, 9ceef694-dbcf-4070-b7b1-3b3c65b6a699:192.168.69.89:36536], old=null
2019-10-20 10:29:03,702 [grpc-default-executor-3] INFO  impl.RaftServerImpl (RaftServerImpl.java:setRole(184)) - 875da3d9-0dec-46c7-88bf-73f7a2372b64@group-75987F7FE399: changes role from  FOLLOWER to FOLLOWER at term 407 for recognizeCandidate:df12c920-952d-4704-9c70-1a288e2f77c7
2019-10-20 10:29:03,702 [grpc-default-executor-3] INFO  impl.RoleInfo (RoleInfo.java:shutdownFollowerState(121)) - 875da3d9-0dec-46c7-88bf-73f7a2372b64: shutdown FollowerState
2019-10-20 10:29:03,702 [grpc-default-executor-3] INFO  impl.RoleInfo (RoleInfo.java:updateAndGet(143)) - 875da3d9-0dec-46c7-88bf-73f7a2372b64: start FollowerState
2019-10-20 10:29:03,702 [Thread-2677] INFO  impl.FollowerState (FollowerState.java:run(117)) - 875da3d9-0dec-46c7-88bf-73f7a2372b64@group-75987F7FE399-FollowerState was interrupted: java.lang.InterruptedException: sleep interrupted
2019-10-20 10:29:03,702 [grpc-default-executor-4] INFO  impl.RaftServerImpl (RaftServerImpl.java:setRole(184)) - 9ceef694-dbcf-4070-b7b1-3b3c65b6a699@group-75987F7FE399: changes role from  FOLLOWER to FOLLOWER at term 407 for recognizeCandidate:df12c920-952d-4704-9c70-1a288e2f77c7
2019-10-20 10:29:03,703 [grpc-default-executor-4] INFO  impl.RoleInfo (RoleInfo.java:shutdownFollowerState(121)) - 9ceef694-dbcf-4070-b7b1-3b3c65b6a699: shutdown FollowerState
2019-10-20 10:29:03,703 [grpc-default-executor-4] INFO  impl.RoleInfo (RoleInfo.java:updateAndGet(143)) - 9ceef694-dbcf-4070-b7b1-3b3c65b6a699: start FollowerState
2019-10-20 10:29:03,703 [Thread-2676] INFO  impl.FollowerState (FollowerState.java:run(117)) - 9ceef694-dbcf-4070-b7b1-3b3c65b6a699@group-75987F7FE399-FollowerState was interrupted: java.lang.InterruptedException: sleep interrupted
2019-10-20 10:29:03,728 [df12c920-952d-4704-9c70-1a288e2f77c7@group-75987F7FE399-LeaderElection359] INFO  impl.LeaderElection (LeaderElection.java:logAndReturn(56)) - df12c920-952d-4704-9c70-1a288e2f77c7@group-75987F7FE399-LeaderElection359: Election REJECTED; received 2 response(s) [df12c920-952d-4704-9c70-1a288e2f77c7<-875da3d9-0dec-46c7-88bf-73f7a2372b64#0:FAIL-t407, df12c920-952d-4704-9c70-1a288e2f77c7<-9ceef694-dbcf-4070-b7b1-3b3c65b6a699#0:FAIL-t407] and 0 exception(s); df12c920-952d-4704-9c70-1a288e2f77c7@group-75987F7FE399:t407, leader=null, voted=df12c920-952d-4704-9c70-1a288e2f77c7, raftlog=df12c920-952d-4704-9c70-1a288e2f77c7@group-75987F7FE399-SegmentedRaftLog:OPENED:c-1,f-1,i0, conf=-1: [875da3d9-0dec-46c7-88bf-73f7a2372b64:192.168.69.89:39990, df12c920-952d-4704-9c70-1a288e2f77c7:192.168.69.89:43948, 9ceef694-dbcf-4070-b7b1-3b3c65b6a699:192.168.69.89:36536], old=null
2019-10-20 10:29:03,728 [df12c920-952d-4704-9c70-1a288e2f77c7@group-75987F7FE399-LeaderElection359] INFO  impl.RaftServerImpl (RaftServerImpl.java:setRole(184)) - df12c920-952d-4704-9c70-1a288e2f77c7@group-75987F7FE399: changes role from CANDIDATE to FOLLOWER at term 407 for DISCOVERED_A_NEW_TERM
2019-10-20 10:29:03,728 [df12c920-952d-4704-9c70-1a288e2f77c7@group-75987F7FE399-LeaderElection359] INFO  impl.RoleInfo (RoleInfo.java:shutdownLeaderElection(134)) - df12c920-952d-4704-9c70-1a288e2f77c7: shutdown LeaderElection
2019-10-20 10:29:03,729 [df12c920-952d-4704-9c70-1a288e2f77c7@group-75987F7FE399-LeaderElection359] INFO  impl.RoleInfo (RoleInfo.java:updateAndGet(143)) - df12c920-952d-4704-9c70-1a288e2f77c7: start FollowerState
2019-10-20 10:29:03,799 [Thread-2684] INFO  impl.FollowerState (FollowerState.java:run(108)) - df12c920-952d-4704-9c70-1a288e2f77c7@group-75987F7FE399-FollowerState: change to CANDIDATE, lastRpcTime:70ms, electionTimeout:70ms
2019-10-20 10:29:03,799 [Thread-2684] INFO  impl.RoleInfo (RoleInfo.java:shutdownFollowerState(121)) - df12c920-952d-4704-9c70-1a288e2f77c7: shutdown FollowerState
2019-10-20 10:29:03,799 [Thread-2684] INFO  impl.RaftServerImpl (RaftServerImpl.java:setRole(184)) - df12c920-952d-4704-9c70-1a288e2f77c7@group-75987F7FE399: changes role from  FOLLOWER to CANDIDATE at term 407 for changeToCandidate
2019-10-20 10:29:03,799 [Thread-2684] INFO  impl.RoleInfo (RoleInfo.java:updateAndGet(143)) - df12c920-952d-4704-9c70-1a288e2f77c7: start LeaderElection
2019-10-20 10:29:03,814 [df12c920-952d-4704-9c70-1a288e2f77c7@group-75987F7FE399-LeaderElection360] INFO  impl.LeaderElection (LeaderElection.java:askForVotes(178)) - df12c920-952d-4704-9c70-1a288e2f77c7@group-75987F7FE399-LeaderElection360: begin an election at term 408 for -1: [875da3d9-0dec-46c7-88bf-73f7a2372b64:192.168.69.89:39990, df12c920-952d-4704-9c70-1a288e2f77c7:192.168.69.89:43948, 9ceef694-dbcf-4070-b7b1-3b3c65b6a699:192.168.69.89:36536], old=null
2019-10-20 10:29:03,815 [grpc-default-executor-3] INFO  impl.RaftServerImpl (RaftServerImpl.java:setRole(184)) - 875da3d9-0dec-46c7-88bf-73f7a2372b64@group-75987F7FE399: changes role from  FOLLOWER to FOLLOWER at term 408 for recognizeCandidate:df12c920-952d-4704-9c70-1a288e2f77c7
2019-10-20 10:29:03,816 [grpc-default-executor-3] INFO  impl.RoleInfo (RoleInfo.java:shutdownFollowerState(121)) - 875da3d9-0dec-46c7-88bf-73f7a2372b64: shutdown FollowerState
2019-10-20 10:29:03,816 [grpc-default-executor-4] INFO  impl.RaftServerImpl (RaftServerImpl.java:setRole(184)) - 9ceef694-dbcf-4070-b7b1-3b3c65b6a699@group-75987F7FE399: changes role from  FOLLOWER to FOLLOWER at term 408 for recognizeCandidate:df12c920-952d-4704-9c70-1a288e2f77c7
2019-10-20 10:29:03,816 [grpc-default-executor-4] INFO  impl.RoleInfo (RoleInfo.java:shutdownFollowerState(121)) - 9ceef694-dbcf-4070-b7b1-3b3c65b6a699: shutdown FollowerState
2019-10-20 10:29:03,816 [Thread-2682] INFO  impl.FollowerState (FollowerState.java:run(117)) - 875da3d9-0dec-46c7-88bf-73f7a2372b64@group-75987F7FE399-FollowerState was interrupted: java.lang.InterruptedException: sleep interrupted
2019-10-20 10:29:03,816 [grpc-default-executor-3] INFO  impl.RoleInfo (RoleInfo.java:updateAndGet(143)) - 875da3d9-0dec-46c7-88bf-73f7a2372b64: start FollowerState
2019-10-20 10:29:03,816 [Thread-2683] INFO  impl.FollowerState (FollowerState.java:run(117)) - 9ceef694-dbcf-4070-b7b1-3b3c65b6a699@group-75987F7FE399-FollowerState was interrupted: java.lang.InterruptedException: sleep interrupted
2019-10-20 10:29:03,816 [grpc-default-executor-4] INFO  impl.RoleInfo (RoleInfo.java:updateAndGet(143)) - 9ceef694-dbcf-4070-b7b1-3b3c65b6a699: start FollowerState
2019-10-20 10:29:03,842 [df12c920-952d-4704-9c70-1a288e2f77c7@group-75987F7FE399-LeaderElection360] INFO  impl.LeaderElection (LeaderElection.java:logAndReturn(56)) - df12c920-952d-4704-9c70-1a288e2f77c7@group-75987F7FE399-LeaderElection360: Election REJECTED; received 2 response(s) [df12c920-952d-4704-9c70-1a288e2f77c7<-875da3d9-0dec-46c7-88bf-73f7a2372b64#0:FAIL-t408, df12c920-952d-4704-9c70-1a288e2f77c7<-9ceef694-dbcf-4070-b7b1-3b3c65b6a699#0:FAIL-t408] and 0 exception(s); df12c920-952d-4704-9c70-1a288e2f77c7@group-75987F7FE399:t408, leader=null, voted=df12c920-952d-4704-9c70-1a288e2f77c7, raftlog=df12c920-952d-4704-9c70-1a288e2f77c7@group-75987F7FE399-SegmentedRaftLog:OPENED:c-1,f-1,i0, conf=-1: [875da3d9-0dec-46c7-88bf-73f7a2372b64:192.168.69.89:39990, df12c920-952d-4704-9c70-1a288e2f77c7:192.168.69.89:43948, 9ceef694-dbcf-4070-b7b1-3b3c65b6a699:192.168.69.89:36536], old=null
2019-10-20 10:29:03,842 [df12c920-952d-4704-9c70-1a288e2f77c7@group-75987F7FE399-LeaderElection360] INFO  impl.RaftServerImpl (RaftServerImpl.java:setRole(184)) - df12c920-952d-4704-9c70-1a288e2f77c7@group-75987F7FE399: changes role from CANDIDATE to FOLLOWER at term 408 for DISCOVERED_A_NEW_TERM
2019-10-20 10:29:03,842 [df12c920-952d-4704-9c70-1a288e2f77c7@group-75987F7FE399-LeaderElection360] INFO  impl.RoleInfo (RoleInfo.java:shutdownLeaderElection(134)) - df12c920-952d-4704-9c70-1a288e2f77c7: shutdown LeaderElection
2019-10-20 10:29:03,842 [df12c920-952d-4704-9c70-1a288e2f77c7@group-75987F7FE399-LeaderElection360] INFO  impl.RoleInfo (RoleInfo.java:updateAndGet(143)) - df12c920-952d-4704-9c70-1a288e2f77c7: start FollowerState
2019-10-20 10:29:03,886 [Thread-2690] INFO  impl.FollowerState (FollowerState.java:run(108)) - df12c920-952d-4704-9c70-1a288e2f77c7@group-75987F7FE399-FollowerState: change to CANDIDATE, lastRpcTime:43ms, electionTimeout:43ms
2019-10-20 10:29:03,886 [Thread-2690] INFO  impl.RoleInfo (RoleInfo.java:shutdownFollowerState(121)) - df12c920-952d-4704-9c70-1a288e2f77c7: shutdown FollowerState
2019-10-20 10:29:03,886 [Thread-2690] INFO  impl.RaftServerImpl (RaftServerImpl.java:setRole(184)) - df12c920-952d-4704-9c70-1a288e2f77c7@group-75987F7FE399: changes role from  FOLLOWER to CANDIDATE at term 408 for changeToCandidate
2019-10-20 10:29:03,886 [Thread-2690] INFO  impl.RoleInfo (RoleInfo.java:updateAndGet(143)) - df12c920-952d-4704-9c70-1a288e2f77c7: start LeaderElection
2019-10-20 10:29:03,901 [df12c920-952d-4704-9c70-1a288e2f77c7@group-75987F7FE399-LeaderElection361] INFO  impl.LeaderElection (LeaderElection.java:askForVotes(178)) - df12c920-952d-4704-9c70-1a288e2f77c7@group-75987F7FE399-LeaderElection361: begin an election at term 409 for -1: [875da3d9-0dec-46c7-88bf-73f7a2372b64:192.168.69.89:39990, df12c920-952d-4704-9c70-1a288e2f77c7:192.168.69.89:43948, 9ceef694-dbcf-4070-b7b1-3b3c65b6a699:192.168.69.89:36536], old=null
2019-10-20 10:29:03,903 [grpc-default-executor-4] INFO  impl.RaftServerImpl (RaftServerImpl.java:setRole(184)) - 875da3d9-0dec-46c7-88bf-73f7a2372b64@group-75987F7FE399: changes role from  FOLLOWER to FOLLOWER at term 409 for recognizeCandidate:df12c920-952d-4704-9c70-1a288e2f77c7
2019-10-20 10:29:03,903 [grpc-default-executor-4] INFO  impl.RoleInfo (RoleInfo.java:shutdownFollowerState(121)) - 875da3d9-0dec-46c7-88bf-73f7a2372b64: shutdown FollowerState
2019-10-20 10:29:03,903 [grpc-default-executor-3] INFO  impl.RaftServerImpl (RaftServerImpl.java:setRole(184)) - 9ceef694-dbcf-4070-b7b1-3b3c65b6a699@group-75987F7FE399: changes role from  FOLLOWER to FOLLOWER at term 409 for recognizeCandidate:df12c920-952d-4704-9c70-1a288e2f77c7
2019-10-20 10:29:03,903 [grpc-default-executor-3] INFO  impl.RoleInfo (RoleInfo.java:shutdownFollowerState(121)) - 9ceef694-dbcf-4070-b7b1-3b3c65b6a699: shutdown FollowerState
2019-10-20 10:29:03,903 [Thread-2688] INFO  impl.FollowerState (FollowerState.java:run(117)) - 875da3d9-0dec-46c7-88bf-73f7a2372b64@group-75987F7FE399-FollowerState was interrupted: java.lang.InterruptedException: sleep interrupted
2019-10-20 10:29:03,903 [grpc-default-executor-4] INFO  impl.RoleInfo (RoleInfo.java:updateAndGet(143)) - 875da3d9-0dec-46c7-88bf-73f7a2372b64: start FollowerState
2019-10-20 10:29:03,903 [grpc-default-executor-3] INFO  impl.RoleInfo (RoleInfo.java:updateAndGet(143)) - 9ceef694-dbcf-4070-b7b1-3b3c65b6a699: start FollowerState
2019-10-20 10:29:03,903 [Thread-2689] INFO  impl.FollowerState (FollowerState.java:run(117)) - 9ceef694-dbcf-4070-b7b1-3b3c65b6a699@group-75987F7FE399-FollowerState was interrupted: java.lang.InterruptedException: sleep interrupted
2019-10-20 10:29:03,929 [df12c920-952d-4704-9c70-1a288e2f77c7@group-75987F7FE399-LeaderElection361] INFO  impl.LeaderElection (LeaderElection.java:logAndReturn(56)) - df12c920-952d-4704-9c70-1a288e2f77c7@group-75987F7FE399-LeaderElection361: Election REJECTED; received 2 response(s) [df12c920-952d-4704-9c70-1a288e2f77c7<-875da3d9-0dec-46c7-88bf-73f7a2372b64#0:FAIL-t409, df12c920-952d-4704-9c70-1a288e2f77c7<-9ceef694-dbcf-4070-b7b1-3b3c65b6a699#0:FAIL-t409] and 0 exception(s); df12c920-952d-4704-9c70-1a288e2f77c7@group-75987F7FE399:t409, leader=null, voted=df12c920-952d-4704-9c70-1a288e2f77c7, raftlog=df12c920-952d-4704-9c70-1a288e2f77c7@group-75987F7FE399-SegmentedRaftLog:OPENED:c-1,f-1,i0, conf=-1: [875da3d9-0dec-46c7-88bf-73f7a2372b64:192.168.69.89:39990, df12c920-952d-4704-9c70-1a288e2f77c7:192.168.69.89:43948, 9ceef694-dbcf-4070-b7b1-3b3c65b6a699:192.168.69.89:36536], old=null
2019-10-20 10:29:03,929 [df12c920-952d-4704-9c70-1a288e2f77c7@group-75987F7FE399-LeaderElection361] INFO  impl.RaftServerImpl (RaftServerImpl.java:setRole(184)) - df12c920-952d-4704-9c70-1a288e2f77c7@group-75987F7FE399: changes role from CANDIDATE to FOLLOWER at term 409 for DISCOVERED_A_NEW_TERM
2019-10-20 10:29:03,930 [df12c920-952d-4704-9c70-1a288e2f77c7@group-75987F7FE399-LeaderElection361] INFO  impl.RoleInfo (RoleInfo.java:shutdownLeaderElection(134)) - df12c920-952d-4704-9c70-1a288e2f77c7: shutdown LeaderElection
2019-10-20 10:29:03,930 [df12c920-952d-4704-9c70-1a288e2f77c7@group-75987F7FE399-LeaderElection361] INFO  impl.RoleInfo (RoleInfo.java:updateAndGet(143)) - df12c920-952d-4704-9c70-1a288e2f77c7: start FollowerState
2019-10-20 10:29:04,046 [Thread-2696] INFO  impl.FollowerState (FollowerState.java:run(108)) - df12c920-952d-4704-9c70-1a288e2f77c7@group-75987F7FE399-FollowerState: change to CANDIDATE, lastRpcTime:116ms, electionTimeout:116ms
2019-10-20 10:29:04,046 [Thread-2696] INFO  impl.RoleInfo (RoleInfo.java:shutdownFollowerState(121)) - df12c920-952d-4704-9c70-1a288e2f77c7: shutdown FollowerState
2019-10-20 10:29:04,047 [Thread-2696] INFO  impl.RaftServerImpl (RaftServerImpl.java:setRole(184)) - df12c920-952d-4704-9c70-1a288e2f77c7@group-75987F7FE399: changes role from  FOLLOWER to CANDIDATE at term 409 for changeToCandidate
2019-10-20 10:29:04,047 [Thread-2696] INFO  impl.RoleInfo (RoleInfo.java:updateAndGet(143)) - df12c920-952d-4704-9c70-1a288e2f77c7: start LeaderElection
2019-10-20 10:29:04,073 [df12c920-952d-4704-9c70-1a288e2f77c7@group-75987F7FE399-LeaderElection362] INFO  impl.LeaderElection (LeaderElection.java:askForVotes(178)) - df12c920-952d-4704-9c70-1a288e2f77c7@group-75987F7FE399-LeaderElection362: begin an election at term 410 for -1: [875da3d9-0dec-46c7-88bf-73f7a2372b64:192.168.69.89:39990, df12c920-952d-4704-9c70-1a288e2f77c7:192.168.69.89:43948, 9ceef694-dbcf-4070-b7b1-3b3c65b6a699:192.168.69.89:36536], old=null
2019-10-20 10:29:04,076 [grpc-default-executor-4] INFO  impl.RaftServerImpl (RaftServerImpl.java:setRole(184)) - 875da3d9-0dec-46c7-88bf-73f7a2372b64@group-75987F7FE399: changes role from  FOLLOWER to FOLLOWER at term 410 for recognizeCandidate:df12c920-952d-4704-9c70-1a288e2f77c7
2019-10-20 10:29:04,076 [grpc-default-executor-4] INFO  impl.RoleInfo (RoleInfo.java:shutdownFollowerState(121)) - 875da3d9-0dec-46c7-88bf-73f7a2372b64: shutdown FollowerState
2019-10-20 10:29:04,076 [grpc-default-executor-4] INFO  impl.RoleInfo (RoleInfo.java:updateAndGet(143)) - 875da3d9-0dec-46c7-88bf-73f7a2372b64: start FollowerState
2019-10-20 10:29:04,076 [grpc-default-executor-3] INFO  impl.RaftServerImpl (RaftServerImpl.java:setRole(184)) - 9ceef694-dbcf-4070-b7b1-3b3c65b6a699@group-75987F7FE399: changes role from  FOLLOWER to FOLLOWER at term 410 for recognizeCandidate:df12c920-952d-4704-9c70-1a288e2f77c7
2019-10-20 10:29:04,076 [Thread-2694] INFO  impl.FollowerState (FollowerState.java:run(117)) - 875da3d9-0dec-46c7-88bf-73f7a2372b64@group-75987F7FE399-FollowerState was interrupted: java.lang.InterruptedException: sleep interrupted
2019-10-20 10:29:04,076 [grpc-default-executor-3] INFO  impl.RoleInfo (RoleInfo.java:shutdownFollowerState(121)) - 9ceef694-dbcf-4070-b7b1-3b3c65b6a699: shutdown FollowerState
2019-10-20 10:29:04,077 [grpc-default-executor-3] INFO  impl.RoleInfo (RoleInfo.java:updateAndGet(143)) - 9ceef694-dbcf-4070-b7b1-3b3c65b6a699: start FollowerState
2019-10-20 10:29:04,077 [Thread-2695] INFO  impl.FollowerState (FollowerState.java:run(117)) - 9ceef694-dbcf-4070-b7b1-3b3c65b6a699@group-75987F7FE399-FollowerState was interrupted: java.lang.InterruptedException: sleep interrupted
2019-10-20 10:29:04,092 [df12c920-952d-4704-9c70-1a288e2f77c7@group-75987F7FE399-LeaderElection362] INFO  impl.LeaderElection (LeaderElection.java:logAndReturn(56)) - df12c920-952d-4704-9c70-1a288e2f77c7@group-75987F7FE399-LeaderElection362: Election REJECTED; received 2 response(s) [df12c920-952d-4704-9c70-1a288e2f77c7<-875da3d9-0dec-46c7-88bf-73f7a2372b64#0:FAIL-t410, df12c920-952d-4704-9c70-1a288e2f77c7<-9ceef694-dbcf-4070-b7b1-3b3c65b6a699#0:FAIL-t410] and 0 exception(s); df12c920-952d-4704-9c70-1a288e2f77c7@group-75987F7FE399:t410, leader=null, voted=df12c920-952d-4704-9c70-1a288e2f77c7, raftlog=df12c920-952d-4704-9c70-1a288e2f77c7@group-75987F7FE399-SegmentedRaftLog:OPENED:c-1,f-1,i0, conf=-1: [875da3d9-0dec-46c7-88bf-73f7a2372b64:192.168.69.89:39990, df12c920-952d-4704-9c70-1a288e2f77c7:192.168.69.89:43948, 9ceef694-dbcf-4070-b7b1-3b3c65b6a699:192.168.69.89:36536], old=null
2019-10-20 10:29:04,092 [df12c920-952d-4704-9c70-1a288e2f77c7@group-75987F7FE399-LeaderElection362] INFO  impl.RaftServerImpl (RaftServerImpl.java:setRole(184)) - df12c920-952d-4704-9c70-1a288e2f77c7@group-75987F7FE399: changes role from CANDIDATE to FOLLOWER at term 410 for DISCOVERED_A_NEW_TERM
2019-10-20 10:29:04,092 [df12c920-952d-4704-9c70-1a288e2f77c7@group-75987F7FE399-LeaderElection362] INFO  impl.RoleInfo (RoleInfo.java:shutdownLeaderElection(134)) - df12c920-952d-4704-9c70-1a288e2f77c7: shutdown LeaderElection
2019-10-20 10:29:04,092 [df12c920-952d-4704-9c70-1a288e2f77c7@group-75987F7FE399-LeaderElection362] INFO  impl.RoleInfo (RoleInfo.java:updateAndGet(143)) - df12c920-952d-4704-9c70-1a288e2f77c7: start FollowerState
2019-10-20 10:29:04,120 [Thread-2702] INFO  impl.FollowerState (FollowerState.java:run(108)) - df12c920-952d-4704-9c70-1a288e2f77c7@group-75987F7FE399-FollowerState: change to CANDIDATE, lastRpcTime:27ms, electionTimeout:27ms
2019-10-20 10:29:04,120 [Thread-2702] INFO  impl.RoleInfo (RoleInfo.java:shutdownFollowerState(121)) - df12c920-952d-4704-9c70-1a288e2f77c7: shutdown FollowerState
2019-10-20 10:29:04,120 [Thread-2702] INFO  impl.RaftServerImpl (RaftServerImpl.java:setRole(184)) - df12c920-952d-4704-9c70-1a288e2f77c7@group-75987F7FE399: changes role from  FOLLOWER to CANDIDATE at term 410 for changeToCandidate
2019-10-20 10:29:04,120 [Thread-2702] INFO  impl.RoleInfo (RoleInfo.java:updateAndGet(143)) - df12c920-952d-4704-9c70-1a288e2f77c7: start LeaderElection
2019-10-20 10:29:04,133 [df12c920-952d-4704-9c70-1a288e2f77c7@group-75987F7FE399-LeaderElection363] INFO  impl.LeaderElection (LeaderElection.java:askForVotes(178)) - df12c920-952d-4704-9c70-1a288e2f77c7@group-75987F7FE399-LeaderElection363: begin an election at term 411 for -1: [875da3d9-0dec-46c7-88bf-73f7a2372b64:192.168.69.89:39990, df12c920-952d-4704-9c70-1a288e2f77c7:192.168.69.89:43948, 9ceef694-dbcf-4070-b7b1-3b3c65b6a699:192.168.69.89:36536], old=null
2019-10-20 10:29:04,135 [grpc-default-executor-4] INFO  impl.RaftServerImpl (RaftServerImpl.java:setRole(184)) - 875da3d9-0dec-46c7-88bf-73f7a2372b64@group-75987F7FE399: changes role from  FOLLOWER to FOLLOWER at term 411 for recognizeCandidate:df12c920-952d-4704-9c70-1a288e2f77c7
2019-10-20 10:29:04,135 [grpc-default-executor-4] INFO  impl.RoleInfo (RoleInfo.java:shutdownFollowerState(121)) - 875da3d9-0dec-46c7-88bf-73f7a2372b64: shutdown FollowerState
2019-10-20 10:29:04,135 [grpc-default-executor-3] INFO  impl.RaftServerImpl (RaftServerImpl.java:setRole(184)) - 9ceef694-dbcf-4070-b7b1-3b3c65b6a699@group-75987F7FE399: changes role from  FOLLOWER to FOLLOWER at term 411 for recognizeCandidate:df12c920-952d-4704-9c70-1a288e2f77c7
2019-10-20 10:29:04,135 [grpc-default-executor-3] INFO  impl.RoleInfo (RoleInfo.java:shutdownFollowerState(121)) - 9ceef694-dbcf-4070-b7b1-3b3c65b6a699: shutdown FollowerState
2019-10-20 10:29:04,135 [Thread-2700] INFO  impl.FollowerState (FollowerState.java:run(117)) - 875da3d9-0dec-46c7-88bf-73f7a2372b64@group-75987F7FE399-FollowerState was interrupted: java.lang.InterruptedException: sleep interrupted
2019-10-20 10:29:04,135 [grpc-default-executor-4] INFO  impl.RoleInfo (RoleInfo.java:updateAndGet(143)) - 875da3d9-0dec-46c7-88bf-73f7a2372b64: start FollowerState
2019-10-20 10:29:04,136 [grpc-default-executor-3] INFO  impl.RoleInfo (RoleInfo.java:updateAndGet(143)) - 9ceef694-dbcf-4070-b7b1-3b3c65b6a699: start FollowerState
2019-10-20 10:29:04,136 [Thread-2701] INFO  impl.FollowerState (FollowerState.java:run(117)) - 9ceef694-dbcf-4070-b7b1-3b3c65b6a699@group-75987F7FE399-FollowerState was interrupted: java.lang.InterruptedException: sleep interrupted
2019-10-20 10:29:04,161 [df12c920-952d-4704-9c70-1a288e2f77c7@group-75987F7FE399-LeaderElection363] INFO  impl.LeaderElection (LeaderElection.java:logAndReturn(56)) - df12c920-952d-4704-9c70-1a288e2f77c7@group-75987F7FE399-LeaderElection363: Election REJECTED; received 2 response(s) [df12c920-952d-4704-9c70-1a288e2f77c7<-875da3d9-0dec-46c7-88bf-73f7a2372b64#0:FAIL-t411, df12c920-952d-4704-9c70-1a288e2f77c7<-9ceef694-dbcf-4070-b7b1-3b3c65b6a699#0:FAIL-t411] and 0 exception(s); df12c920-952d-4704-9c70-1a288e2f77c7@group-75987F7FE399:t411, leader=null, voted=df12c920-952d-4704-9c70-1a288e2f77c7, raftlog=df12c920-952d-4704-9c70-1a288e2f77c7@group-75987F7FE399-SegmentedRaftLog:OPENED:c-1,f-1,i0, conf=-1: [875da3d9-0dec-46c7-88bf-73f7a2372b64:192.168.69.89:39990, df12c920-952d-4704-9c70-1a288e2f77c7:192.168.69.89:43948, 9ceef694-dbcf-4070-b7b1-3b3c65b6a699:192.168.69.89:36536], old=null
2019-10-20 10:29:04,161 [df12c920-952d-4704-9c70-1a288e2f77c7@group-75987F7FE399-LeaderElection363] INFO  impl.RaftServerImpl (RaftServerImpl.java:setRole(184)) - df12c920-952d-4704-9c70-1a288e2f77c7@group-75987F7FE399: changes role from CANDIDATE to FOLLOWER at term 411 for DISCOVERED_A_NEW_TERM
2019-10-20 10:29:04,161 [df12c920-952d-4704-9c70-1a288e2f77c7@group-75987F7FE399-LeaderElection363] INFO  impl.RoleInfo (RoleInfo.java:shutdownLeaderElection(134)) - df12c920-952d-4704-9c70-1a288e2f77c7: shutdown LeaderElection
2019-10-20 10:29:04,161 [df12c920-952d-4704-9c70-1a288e2f77c7@group-75987F7FE399-LeaderElection363] INFO  impl.RoleInfo (RoleInfo.java:updateAndGet(143)) - df12c920-952d-4704-9c70-1a288e2f77c7: start FollowerState
2019-10-20 10:29:04,288 [Thread-2708] INFO  impl.FollowerState (FollowerState.java:run(108)) - df12c920-952d-4704-9c70-1a288e2f77c7@group-75987F7FE399-FollowerState: change to CANDIDATE, lastRpcTime:126ms, electionTimeout:126ms
2019-10-20 10:29:04,288 [Thread-2708] INFO  impl.RoleInfo (RoleInfo.java:shutdownFollowerState(121)) - df12c920-952d-4704-9c70-1a288e2f77c7: shutdown FollowerState
2019-10-20 10:29:04,288 [Thread-2708] INFO  impl.RaftServerImpl (RaftServerImpl.java:setRole(184)) - df12c920-952d-4704-9c70-1a288e2f77c7@group-75987F7FE399: changes role from  FOLLOWER to CANDIDATE at term 411 for changeToCandidate
2019-10-20 10:29:04,288 [Thread-2708] INFO  impl.RoleInfo (RoleInfo.java:updateAndGet(143)) - df12c920-952d-4704-9c70-1a288e2f77c7: start LeaderElection
2019-10-20 10:29:04,318 [df12c920-952d-4704-9c70-1a288e2f77c7@group-75987F7FE399-LeaderElection364] INFO  impl.LeaderElection (LeaderElection.java:askForVotes(178)) - df12c920-952d-4704-9c70-1a288e2f77c7@group-75987F7FE399-LeaderElection364: begin an election at term 412 for -1: [875da3d9-0dec-46c7-88bf-73f7a2372b64:192.168.69.89:39990, df12c920-952d-4704-9c70-1a288e2f77c7:192.168.69.89:43948, 9ceef694-dbcf-4070-b7b1-3b3c65b6a699:192.168.69.89:36536], old=null
2019-10-20 10:29:04,320 [grpc-default-executor-4] INFO  impl.RaftServerImpl (RaftServerImpl.java:setRole(184)) - 875da3d9-0dec-46c7-88bf-73f7a2372b64@group-75987F7FE399: changes role from  FOLLOWER to FOLLOWER at term 412 for recognizeCandidate:df12c920-952d-4704-9c70-1a288e2f77c7
2019-10-20 10:29:04,320 [grpc-default-executor-3] INFO  impl.RaftServerImpl (RaftServerImpl.java:setRole(184)) - 9ceef694-dbcf-4070-b7b1-3b3c65b6a699@group-75987F7FE399: changes role from  FOLLOWER to FOLLOWER at term 412 for recognizeCandidate:df12c920-952d-4704-9c70-1a288e2f77c7
2019-10-20 10:29:04,320 [grpc-default-executor-4] INFO  impl.RoleInfo (RoleInfo.java:shutdownFollowerState(121)) - 875da3d9-0dec-46c7-88bf-73f7a2372b64: shutdown FollowerState
2019-10-20 10:29:04,320 [grpc-default-executor-3] INFO  impl.RoleInfo (RoleInfo.java:shutdownFollowerState(121)) - 9ceef694-dbcf-4070-b7b1-3b3c65b6a699: shutdown FollowerState
2019-10-20 10:29:04,320 [grpc-default-executor-4] INFO  impl.RoleInfo (RoleInfo.java:updateAndGet(143)) - 875da3d9-0dec-46c7-88bf-73f7a2372b64: start FollowerState
2019-10-20 10:29:04,320 [Thread-2706] INFO  impl.FollowerState (FollowerState.java:run(117)) - 875da3d9-0dec-46c7-88bf-73f7a2372b64@group-75987F7FE399-FollowerState was interrupted: java.lang.InterruptedException: sleep interrupted
2019-10-20 10:29:04,321 [Thread-2707] INFO  impl.FollowerState (FollowerState.java:run(117)) - 9ceef694-dbcf-4070-b7b1-3b3c65b6a699@group-75987F7FE399-FollowerState was interrupted: java.lang.InterruptedException: sleep interrupted
2019-10-20 10:29:04,321 [grpc-default-executor-3] INFO  impl.RoleInfo (RoleInfo.java:updateAndGet(143)) - 9ceef694-dbcf-4070-b7b1-3b3c65b6a699: start FollowerState
2019-10-20 10:29:04,342 [df12c920-952d-4704-9c70-1a288e2f77c7@group-75987F7FE399-LeaderElection364] INFO  impl.LeaderElection (LeaderElection.java:logAndReturn(56)) - df12c920-952d-4704-9c70-1a288e2f77c7@group-75987F7FE399-LeaderElection364: Election REJECTED; received 2 response(s) [df12c920-952d-4704-9c70-1a288e2f77c7<-875da3d9-0dec-46c7-88bf-73f7a2372b64#0:FAIL-t412, df12c920-952d-4704-9c70-1a288e2f77c7<-9ceef694-dbcf-4070-b7b1-3b3c65b6a699#0:FAIL-t412] and 0 exception(s); df12c920-952d-4704-9c70-1a288e2f77c7@group-75987F7FE399:t412, leader=null, voted=df12c920-952d-4704-9c70-1a288e2f77c7, raftlog=df12c920-952d-4704-9c70-1a288e2f77c7@group-75987F7FE399-SegmentedRaftLog:OPENED:c-1,f-1,i0, conf=-1: [875da3d9-0dec-46c7-88bf-73f7a2372b64:192.168.69.89:39990, df12c920-952d-4704-9c70-1a288e2f77c7:192.168.69.89:43948, 9ceef694-dbcf-4070-b7b1-3b3c65b6a699:192.168.69.89:36536], old=null
2019-10-20 10:29:04,342 [df12c920-952d-4704-9c70-1a288e2f77c7@group-75987F7FE399-LeaderElection364] INFO  impl.RaftServerImpl (RaftServerImpl.java:setRole(184)) - df12c920-952d-4704-9c70-1a288e2f77c7@group-75987F7FE399: changes role from CANDIDATE to FOLLOWER at term 412 for DISCOVERED_A_NEW_TERM
2019-10-20 10:29:04,343 [df12c920-952d-4704-9c70-1a288e2f77c7@group-75987F7FE399-LeaderElection364] INFO  impl.RoleInfo (RoleInfo.java:shutdownLeaderElection(134)) - df12c920-952d-4704-9c70-1a288e2f77c7: shutdown LeaderElection
2019-10-20 10:29:04,343 [df12c920-952d-4704-9c70-1a288e2f77c7@group-75987F7FE399-LeaderElection364] INFO  impl.RoleInfo (RoleInfo.java:updateAndGet(143)) - df12c920-952d-4704-9c70-1a288e2f77c7: start FollowerState
2019-10-20 10:29:04,438 [Thread-2716] INFO  impl.FollowerState (FollowerState.java:run(108)) - df12c920-952d-4704-9c70-1a288e2f77c7@group-75987F7FE399-FollowerState: change to CANDIDATE, lastRpcTime:95ms, electionTimeout:95ms
2019-10-20 10:29:04,438 [Thread-2716] INFO  impl.RoleInfo (RoleInfo.java:shutdownFollowerState(121)) - df12c920-952d-4704-9c70-1a288e2f77c7: shutdown FollowerState
2019-10-20 10:29:04,439 [Thread-2716] INFO  impl.RaftServerImpl (RaftServerImpl.java:setRole(184)) - df12c920-952d-4704-9c70-1a288e2f77c7@group-75987F7FE399: changes role from  FOLLOWER to CANDIDATE at term 412 for changeToCandidate
2019-10-20 10:29:04,439 [Thread-2716] INFO  impl.RoleInfo (RoleInfo.java:updateAndGet(143)) - df12c920-952d-4704-9c70-1a288e2f77c7: start LeaderElection
2019-10-20 10:29:04,453 [df12c920-952d-4704-9c70-1a288e2f77c7@group-75987F7FE399-LeaderElection365] INFO  impl.LeaderElection (LeaderElection.java:askForVotes(178)) - df12c920-952d-4704-9c70-1a288e2f77c7@group-75987F7FE399-LeaderElection365: begin an election at term 413 for -1: [875da3d9-0dec-46c7-88bf-73f7a2372b64:192.168.69.89:39990, df12c920-952d-4704-9c70-1a288e2f77c7:192.168.69.89:43948, 9ceef694-dbcf-4070-b7b1-3b3c65b6a699:192.168.69.89:36536], old=null
2019-10-20 10:29:04,455 [grpc-default-executor-3] INFO  impl.RaftServerImpl (RaftServerImpl.java:setRole(184)) - 875da3d9-0dec-46c7-88bf-73f7a2372b64@group-75987F7FE399: changes role from  FOLLOWER to FOLLOWER at term 413 for recognizeCandidate:df12c920-952d-4704-9c70-1a288e2f77c7
2019-10-20 10:29:04,455 [grpc-default-executor-3] INFO  impl.RoleInfo (RoleInfo.java:shutdownFollowerState(121)) - 875da3d9-0dec-46c7-88bf-73f7a2372b64: shutdown FollowerState
2019-10-20 10:29:04,455 [grpc-default-executor-3] INFO  impl.RoleInfo (RoleInfo.java:updateAndGet(143)) - 875da3d9-0dec-46c7-88bf-73f7a2372b64: start FollowerState
2019-10-20 10:29:04,455 [Thread-2714] INFO  impl.FollowerState (FollowerState.java:run(117)) - 875da3d9-0dec-46c7-88bf-73f7a2372b64@group-75987F7FE399-FollowerState was interrupted: java.lang.InterruptedException: sleep interrupted
2019-10-20 10:29:04,455 [grpc-default-executor-4] INFO  impl.RaftServerImpl (RaftServerImpl.java:setRole(184)) - 9ceef694-dbcf-4070-b7b1-3b3c65b6a699@group-75987F7FE399: changes role from  FOLLOWER to FOLLOWER at term 413 for recognizeCandidate:df12c920-952d-4704-9c70-1a288e2f77c7
2019-10-20 10:29:04,456 [grpc-default-executor-4] INFO  impl.RoleInfo (RoleInfo.java:shutdownFollowerState(121)) - 9ceef694-dbcf-4070-b7b1-3b3c65b6a699: shutdown FollowerState
2019-10-20 10:29:04,456 [grpc-default-executor-4] INFO  impl.RoleInfo (RoleInfo.java:updateAndGet(143)) - 9ceef694-dbcf-4070-b7b1-3b3c65b6a699: start FollowerState
2019-10-20 10:29:04,456 [Thread-2715] INFO  impl.FollowerState (FollowerState.java:run(117)) - 9ceef694-dbcf-4070-b7b1-3b3c65b6a699@group-75987F7FE399-FollowerState was interrupted: java.lang.InterruptedException: sleep interrupted
2019-10-20 10:29:04,469 [df12c920-952d-4704-9c70-1a288e2f77c7@group-75987F7FE399-LeaderElection365] INFO  impl.LeaderElection (LeaderElection.java:logAndReturn(56)) - df12c920-952d-4704-9c70-1a288e2f77c7@group-75987F7FE399-LeaderElection365: Election REJECTED; received 2 response(s) [df12c920-952d-4704-9c70-1a288e2f77c7<-875da3d9-0dec-46c7-88bf-73f7a2372b64#0:FAIL-t413, df12c920-952d-4704-9c70-1a288e2f77c7<-9ceef694-dbcf-4070-b7b1-3b3c65b6a699#0:FAIL-t413] and 0 exception(s); df12c920-952d-4704-9c70-1a288e2f77c7@group-75987F7FE399:t413, leader=null, voted=df12c920-952d-4704-9c70-1a288e2f77c7, raftlog=df12c920-952d-4704-9c70-1a288e2f77c7@group-75987F7FE399-SegmentedRaftLog:OPENED:c-1,f-1,i0, conf=-1: [875da3d9-0dec-46c7-88bf-73f7a2372b64:192.168.69.89:39990, df12c920-952d-4704-9c70-1a288e2f77c7:192.168.69.89:43948, 9ceef694-dbcf-4070-b7b1-3b3c65b6a699:192.168.69.89:36536], old=null
2019-10-20 10:29:04,470 [df12c920-952d-4704-9c70-1a288e2f77c7@group-75987F7FE399-LeaderElection365] INFO  impl.RaftServerImpl (RaftServerImpl.java:setRole(184)) - df12c920-952d-4704-9c70-1a288e2f77c7@group-75987F7FE399: changes role from CANDIDATE to FOLLOWER at term 413 for DISCOVERED_A_NEW_TERM
2019-10-20 10:29:04,470 [df12c920-952d-4704-9c70-1a288e2f77c7@group-75987F7FE399-LeaderElection365] INFO  impl.RoleInfo (RoleInfo.java:shutdownLeaderElection(134)) - df12c920-952d-4704-9c70-1a288e2f77c7: shutdown LeaderElection
2019-10-20 10:29:04,470 [df12c920-952d-4704-9c70-1a288e2f77c7@group-75987F7FE399-LeaderElection365] INFO  impl.RoleInfo (RoleInfo.java:updateAndGet(143)) - df12c920-952d-4704-9c70-1a288e2f77c7: start FollowerState
2019-10-20 10:29:04,551 [Thread-2722] INFO  impl.FollowerState (FollowerState.java:run(108)) - df12c920-952d-4704-9c70-1a288e2f77c7@group-75987F7FE399-FollowerState: change to CANDIDATE, lastRpcTime:81ms, electionTimeout:81ms
2019-10-20 10:29:04,551 [Thread-2722] INFO  impl.RoleInfo (RoleInfo.java:shutdownFollowerState(121)) - df12c920-952d-4704-9c70-1a288e2f77c7: shutdown FollowerState
2019-10-20 10:29:04,551 [Thread-2722] INFO  impl.RaftServerImpl (RaftServerImpl.java:setRole(184)) - df12c920-952d-4704-9c70-1a288e2f77c7@group-75987F7FE399: changes role from  FOLLOWER to CANDIDATE at term 413 for changeToCandidate
2019-10-20 10:29:04,552 [Thread-2722] INFO  impl.RoleInfo (RoleInfo.java:updateAndGet(143)) - df12c920-952d-4704-9c70-1a288e2f77c7: start LeaderElection
2019-10-20 10:29:04,566 [df12c920-952d-4704-9c70-1a288e2f77c7@group-75987F7FE399-LeaderElection366] INFO  impl.LeaderElection (LeaderElection.java:askForVotes(178)) - df12c920-952d-4704-9c70-1a288e2f77c7@group-75987F7FE399-LeaderElection366: begin an election at term 414 for -1: [875da3d9-0dec-46c7-88bf-73f7a2372b64:192.168.69.89:39990, df12c920-952d-4704-9c70-1a288e2f77c7:192.168.69.89:43948, 9ceef694-dbcf-4070-b7b1-3b3c65b6a699:192.168.69.89:36536], old=null
2019-10-20 10:29:04,568 [grpc-default-executor-3] INFO  impl.RaftServerImpl (RaftServerImpl.java:setRole(184)) - 875da3d9-0dec-46c7-88bf-73f7a2372b64@group-75987F7FE399: changes role from  FOLLOWER to FOLLOWER at term 414 for recognizeCandidate:df12c920-952d-4704-9c70-1a288e2f77c7
2019-10-20 10:29:04,568 [grpc-default-executor-4] INFO  impl.RaftServerImpl (RaftServerImpl.java:setRole(184)) - 9ceef694-dbcf-4070-b7b1-3b3c65b6a699@group-75987F7FE399: changes role from  FOLLOWER to FOLLOWER at term 414 for recognizeCandidate:df12c920-952d-4704-9c70-1a288e2f77c7
2019-10-20 10:29:04,568 [grpc-default-executor-4] INFO  impl.RoleInfo (RoleInfo.java:shutdownFollowerState(121)) - 9ceef694-dbcf-4070-b7b1-3b3c65b6a699: shutdown FollowerState
2019-10-20 10:29:04,568 [grpc-default-executor-3] INFO  impl.RoleInfo (RoleInfo.java:shutdownFollowerState(121)) - 875da3d9-0dec-46c7-88bf-73f7a2372b64: shutdown FollowerState
2019-10-20 10:29:04,569 [grpc-default-executor-4] INFO  impl.RoleInfo (RoleInfo.java:updateAndGet(143)) - 9ceef694-dbcf-4070-b7b1-3b3c65b6a699: start FollowerState
2019-10-20 10:29:04,569 [Thread-2721] INFO  impl.FollowerState (FollowerState.java:run(117)) - 9ceef694-dbcf-4070-b7b1-3b3c65b6a699@group-75987F7FE399-FollowerState was interrupted: java.lang.InterruptedException: sleep interrupted
2019-10-20 10:29:04,569 [Thread-2720] INFO  impl.FollowerState (FollowerState.java:run(117)) - 875da3d9-0dec-46c7-88bf-73f7a2372b64@group-75987F7FE399-FollowerState was interrupted: java.lang.InterruptedException: sleep interrupted
2019-10-20 10:29:04,569 [grpc-default-executor-3] INFO  impl.RoleInfo (RoleInfo.java:updateAndGet(143)) - 875da3d9-0dec-46c7-88bf-73f7a2372b64: start FollowerState
2019-10-20 10:29:04,579 [df12c920-952d-4704-9c70-1a288e2f77c7@group-75987F7FE399-LeaderElection366] INFO  impl.LeaderElection (LeaderElection.java:logAndReturn(56)) - df12c920-952d-4704-9c70-1a288e2f77c7@group-75987F7FE399-LeaderElection366: Election TIMEOUT; received 0 response(s) [] and 0 exception(s); df12c920-952d-4704-9c70-1a288e2f77c7@group-75987F7FE399:t414, leader=null, voted=df12c920-952d-4704-9c70-1a288e2f77c7, raftlog=df12c920-952d-4704-9c70-1a288e2f77c7@group-75987F7FE399-SegmentedRaftLog:OPENED:c-1,f-1,i0, conf=-1: [875da3d9-0dec-46c7-88bf-73f7a2372b64:192.168.69.89:39990, df12c920-952d-4704-9c70-1a288e2f77c7:192.168.69.89:43948, 9ceef694-dbcf-4070-b7b1-3b3c65b6a699:192.168.69.89:36536], old=null
2019-10-20 10:29:04,585 [df12c920-952d-4704-9c70-1a288e2f77c7@group-75987F7FE399-LeaderElection366] INFO  impl.LeaderElection (LeaderElection.java:askForVotes(178)) - df12c920-952d-4704-9c70-1a288e2f77c7@group-75987F7FE399-LeaderElection366: begin an election at term 415 for -1: [875da3d9-0dec-46c7-88bf-73f7a2372b64:192.168.69.89:39990, df12c920-952d-4704-9c70-1a288e2f77c7:192.168.69.89:43948, 9ceef694-dbcf-4070-b7b1-3b3c65b6a699:192.168.69.89:36536], old=null
2019-10-20 10:29:04,586 [grpc-default-executor-4] INFO  impl.RaftServerImpl (RaftServerImpl.java:setRole(184)) - 9ceef694-dbcf-4070-b7b1-3b3c65b6a699@group-75987F7FE399: changes role from  FOLLOWER to FOLLOWER at term 415 for recognizeCandidate:df12c920-952d-4704-9c70-1a288e2f77c7
2019-10-20 10:29:04,586 [grpc-default-executor-3] INFO  impl.RaftServerImpl (RaftServerImpl.java:setRole(184)) - 875da3d9-0dec-46c7-88bf-73f7a2372b64@group-75987F7FE399: changes role from  FOLLOWER to FOLLOWER at term 415 for recognizeCandidate:df12c920-952d-4704-9c70-1a288e2f77c7
2019-10-20 10:29:04,587 [grpc-default-executor-3] INFO  impl.RoleInfo (RoleInfo.java:shutdownFollowerState(121)) - 875da3d9-0dec-46c7-88bf-73f7a2372b64: shutdown FollowerState
2019-10-20 10:29:04,587 [grpc-default-executor-4] INFO  impl.RoleInfo (RoleInfo.java:shutdownFollowerState(121)) - 9ceef694-dbcf-4070-b7b1-3b3c65b6a699: shutdown FollowerState
2019-10-20 10:29:04,587 [Thread-2727] INFO  impl.FollowerState (FollowerState.java:run(117)) - 875da3d9-0dec-46c7-88bf-73f7a2372b64@group-75987F7FE399-FollowerState was interrupted: java.lang.InterruptedException: sleep interrupted
2019-10-20 10:29:04,587 [grpc-default-executor-3] INFO  impl.RoleInfo (RoleInfo.java:updateAndGet(143)) - 875da3d9-0dec-46c7-88bf-73f7a2372b64: start FollowerState
2019-10-20 10:29:04,587 [Thread-2726] INFO  impl.FollowerState (FollowerState.java:run(117)) - 9ceef694-dbcf-4070-b7b1-3b3c65b6a699@group-75987F7FE399-FollowerState was interrupted: java.lang.InterruptedException: sleep interrupted
2019-10-20 10:29:04,587 [grpc-default-executor-4] INFO  impl.RoleInfo (RoleInfo.java:updateAndGet(143)) - 9ceef694-dbcf-4070-b7b1-3b3c65b6a699: start FollowerState
2019-10-20 10:29:04,594 [df12c920-952d-4704-9c70-1a288e2f77c7@group-75987F7FE399-LeaderElection366] INFO  impl.LeaderElection (LeaderElection.java:logAndReturn(56)) - df12c920-952d-4704-9c70-1a288e2f77c7@group-75987F7FE399-LeaderElection366: Election REJECTED; received 2 response(s) [df12c920-952d-4704-9c70-1a288e2f77c7<-875da3d9-0dec-46c7-88bf-73f7a2372b64#0:FAIL-t415, df12c920-952d-4704-9c70-1a288e2f77c7<-9ceef694-dbcf-4070-b7b1-3b3c65b6a699#0:FAIL-t415] and 0 exception(s); df12c920-952d-4704-9c70-1a288e2f77c7@group-75987F7FE399:t415, leader=null, voted=df12c920-952d-4704-9c70-1a288e2f77c7, raftlog=df12c920-952d-4704-9c70-1a288e2f77c7@group-75987F7FE399-SegmentedRaftLog:OPENED:c-1,f-1,i0, conf=-1: [875da3d9-0dec-46c7-88bf-73f7a2372b64:192.168.69.89:39990, df12c920-952d-4704-9c70-1a288e2f77c7:192.168.69.89:43948, 9ceef694-dbcf-4070-b7b1-3b3c65b6a699:192.168.69.89:36536], old=null
2019-10-20 10:29:04,594 [df12c920-952d-4704-9c70-1a288e2f77c7@group-75987F7FE399-LeaderElection366] INFO  impl.RaftServerImpl (RaftServerImpl.java:setRole(184)) - df12c920-952d-4704-9c70-1a288e2f77c7@group-75987F7FE399: changes role from CANDIDATE to FOLLOWER at term 415 for DISCOVERED_A_NEW_TERM
2019-10-20 10:29:04,594 [df12c920-952d-4704-9c70-1a288e2f77c7@group-75987F7FE399-LeaderElection366] INFO  impl.RoleInfo (RoleInfo.java:shutdownLeaderElection(134)) - df12c920-952d-4704-9c70-1a288e2f77c7: shutdown LeaderElection
2019-10-20 10:29:04,594 [df12c920-952d-4704-9c70-1a288e2f77c7@group-75987F7FE399-LeaderElection366] INFO  impl.RoleInfo (RoleInfo.java:updateAndGet(143)) - df12c920-952d-4704-9c70-1a288e2f77c7: start FollowerState
2019-10-20 10:29:04,600 [Thread-2732] INFO  impl.FollowerState (FollowerState.java:run(108)) - df12c920-952d-4704-9c70-1a288e2f77c7@group-75987F7FE399-FollowerState: change to CANDIDATE, lastRpcTime:6ms, electionTimeout:6ms
2019-10-20 10:29:04,601 [Thread-2732] INFO  impl.RoleInfo (RoleInfo.java:shutdownFollowerState(121)) - df12c920-952d-4704-9c70-1a288e2f77c7: shutdown FollowerState
2019-10-20 10:29:04,601 [Thread-2732] INFO  impl.RaftServerImpl (RaftServerImpl.java:setRole(184)) - df12c920-952d-4704-9c70-1a288e2f77c7@group-75987F7FE399: changes role from  FOLLOWER to CANDIDATE at term 415 for changeToCandidate
2019-10-20 10:29:04,601 [Thread-2732] INFO  impl.RoleInfo (RoleInfo.java:updateAndGet(143)) - df12c920-952d-4704-9c70-1a288e2f77c7: start LeaderElection
2019-10-20 10:29:04,614 [df12c920-952d-4704-9c70-1a288e2f77c7@group-75987F7FE399-LeaderElection367] INFO  impl.LeaderElection (LeaderElection.java:askForVotes(178)) - df12c920-952d-4704-9c70-1a288e2f77c7@group-75987F7FE399-LeaderElection367: begin an election at term 416 for -1: [875da3d9-0dec-46c7-88bf-73f7a2372b64:192.168.69.89:39990, df12c920-952d-4704-9c70-1a288e2f77c7:192.168.69.89:43948, 9ceef694-dbcf-4070-b7b1-3b3c65b6a699:192.168.69.89:36536], old=null
2019-10-20 10:29:04,615 [grpc-default-executor-3] INFO  impl.RaftServerImpl (RaftServerImpl.java:setRole(184)) - 875da3d9-0dec-46c7-88bf-73f7a2372b64@group-75987F7FE399: changes role from  FOLLOWER to FOLLOWER at term 416 for recognizeCandidate:df12c920-952d-4704-9c70-1a288e2f77c7
2019-10-20 10:29:04,615 [grpc-default-executor-3] INFO  impl.RoleInfo (RoleInfo.java:shutdownFollowerState(121)) - 875da3d9-0dec-46c7-88bf-73f7a2372b64: shutdown FollowerState
2019-10-20 10:29:04,615 [grpc-default-executor-3] INFO  impl.RoleInfo (RoleInfo.java:updateAndGet(143)) - 875da3d9-0dec-46c7-88bf-73f7a2372b64: start FollowerState
2019-10-20 10:29:04,615 [grpc-default-executor-4] INFO  impl.RaftServerImpl (RaftServerImpl.java:setRole(184)) - 9ceef694-dbcf-4070-b7b1-3b3c65b6a699@group-75987F7FE399: changes role from  FOLLOWER to FOLLOWER at term 416 for recognizeCandidate:df12c920-952d-4704-9c70-1a288e2f77c7
2019-10-20 10:29:04,615 [Thread-2730] INFO  impl.FollowerState (FollowerState.java:run(117)) - 875da3d9-0dec-46c7-88bf-73f7a2372b64@group-75987F7FE399-FollowerState was interrupted: java.lang.InterruptedException: sleep interrupted
2019-10-20 10:29:04,615 [grpc-default-executor-4] INFO  impl.RoleInfo (RoleInfo.java:shutdownFollowerState(121)) - 9ceef694-dbcf-4070-b7b1-3b3c65b6a699: shutdown FollowerState
2019-10-20 10:29:04,615 [grpc-default-executor-4] INFO  impl.RoleInfo (RoleInfo.java:updateAndGet(143)) - 9ceef694-dbcf-4070-b7b1-3b3c65b6a699: start FollowerState
2019-10-20 10:29:04,615 [Thread-2731] INFO  impl.FollowerState (FollowerState.java:run(117)) - 9ceef694-dbcf-4070-b7b1-3b3c65b6a699@group-75987F7FE399-FollowerState was interrupted: java.lang.InterruptedException: sleep interrupted
2019-10-20 10:29:04,630 [df12c920-952d-4704-9c70-1a288e2f77c7@group-75987F7FE399-LeaderElection367] INFO  impl.LeaderElection (LeaderElection.java:logAndReturn(56)) - df12c920-952d-4704-9c70-1a288e2f77c7@group-75987F7FE399-LeaderElection367: Election REJECTED; received 2 response(s) [df12c920-952d-4704-9c70-1a288e2f77c7<-875da3d9-0dec-46c7-88bf-73f7a2372b64#0:FAIL-t416, df12c920-952d-4704-9c70-1a288e2f77c7<-9ceef694-dbcf-4070-b7b1-3b3c65b6a699#0:FAIL-t416] and 0 exception(s); df12c920-952d-4704-9c70-1a288e2f77c7@group-75987F7FE399:t416, leader=null, voted=df12c920-952d-4704-9c70-1a288e2f77c7, raftlog=df12c920-952d-4704-9c70-1a288e2f77c7@group-75987F7FE399-SegmentedRaftLog:OPENED:c-1,f-1,i0, conf=-1: [875da3d9-0dec-46c7-88bf-73f7a2372b64:192.168.69.89:39990, df12c920-952d-4704-9c70-1a288e2f77c7:192.168.69.89:43948, 9ceef694-dbcf-4070-b7b1-3b3c65b6a699:192.168.69.89:36536], old=null
2019-10-20 10:29:04,630 [df12c920-952d-4704-9c70-1a288e2f77c7@group-75987F7FE399-LeaderElection367] INFO  impl.RaftServerImpl (RaftServerImpl.java:setRole(184)) - df12c920-952d-4704-9c70-1a288e2f77c7@group-75987F7FE399: changes role from CANDIDATE to FOLLOWER at term 416 for DISCOVERED_A_NEW_TERM
2019-10-20 10:29:04,630 [df12c920-952d-4704-9c70-1a288e2f77c7@group-75987F7FE399-LeaderElection367] INFO  impl.RoleInfo (RoleInfo.java:shutdownLeaderElection(134)) - df12c920-952d-4704-9c70-1a288e2f77c7: shutdown LeaderElection
2019-10-20 10:29:04,630 [df12c920-952d-4704-9c70-1a288e2f77c7@group-75987F7FE399-LeaderElection367] INFO  impl.RoleInfo (RoleInfo.java:updateAndGet(143)) - df12c920-952d-4704-9c70-1a288e2f77c7: start FollowerState
2019-10-20 10:29:04,755 [Thread-2738] INFO  impl.FollowerState (FollowerState.java:run(108)) - df12c920-952d-4704-9c70-1a288e2f77c7@group-75987F7FE399-FollowerState: change to CANDIDATE, lastRpcTime:124ms, electionTimeout:124ms
2019-10-20 10:29:04,755 [Thread-2738] INFO  impl.RoleInfo (RoleInfo.java:shutdownFollowerState(121)) - df12c920-952d-4704-9c70-1a288e2f77c7: shutdown FollowerState
2019-10-20 10:29:04,755 [Thread-2738] INFO  impl.RaftServerImpl (RaftServerImpl.java:setRole(184)) - df12c920-952d-4704-9c70-1a288e2f77c7@group-75987F7FE399: changes role from  FOLLOWER to CANDIDATE at term 416 for changeToCandidate
2019-10-20 10:29:04,755 [Thread-2738] INFO  impl.RoleInfo (RoleInfo.java:updateAndGet(143)) - df12c920-952d-4704-9c70-1a288e2f77c7: start LeaderElection
2019-10-20 10:29:04,776 [df12c920-952d-4704-9c70-1a288e2f77c7@group-75987F7FE399-LeaderElection368] INFO  impl.LeaderElection (LeaderElection.java:askForVotes(178)) - df12c920-952d-4704-9c70-1a288e2f77c7@group-75987F7FE399-LeaderElection368: begin an election at term 417 for -1: [875da3d9-0dec-46c7-88bf-73f7a2372b64:192.168.69.89:39990, df12c920-952d-4704-9c70-1a288e2f77c7:192.168.69.89:43948, 9ceef694-dbcf-4070-b7b1-3b3c65b6a699:192.168.69.89:36536], old=null
2019-10-20 10:29:04,779 [grpc-default-executor-3] INFO  impl.RaftServerImpl (RaftServerImpl.java:setRole(184)) - 9ceef694-dbcf-4070-b7b1-3b3c65b6a699@group-75987F7FE399: changes role from  FOLLOWER to FOLLOWER at term 417 for recognizeCandidate:df12c920-952d-4704-9c70-1a288e2f77c7
2019-10-20 10:29:04,779 [grpc-default-executor-4] INFO  impl.RaftServerImpl (RaftServerImpl.java:setRole(184)) - 875da3d9-0dec-46c7-88bf-73f7a2372b64@group-75987F7FE399: changes role from  FOLLOWER to FOLLOWER at term 417 for recognizeCandidate:df12c920-952d-4704-9c70-1a288e2f77c7
2019-10-20 10:29:04,779 [grpc-default-executor-3] INFO  impl.RoleInfo (RoleInfo.java:shutdownFollowerState(121)) - 9ceef694-dbcf-4070-b7b1-3b3c65b6a699: shutdown FollowerState
2019-10-20 10:29:04,779 [grpc-default-executor-4] INFO  impl.RoleInfo (RoleInfo.java:shutdownFollowerState(121)) - 875da3d9-0dec-46c7-88bf-73f7a2372b64: shutdown FollowerState
2019-10-20 10:29:04,779 [Thread-2737] INFO  impl.FollowerState (FollowerState.java:run(117)) - 9ceef694-dbcf-4070-b7b1-3b3c65b6a699@group-75987F7FE399-FollowerState was interrupted: java.lang.InterruptedException: sleep interrupted
2019-10-20 10:29:04,779 [grpc-default-executor-3] INFO  impl.RoleInfo (RoleInfo.java:updateAndGet(143)) - 9ceef694-dbcf-4070-b7b1-3b3c65b6a699: start FollowerState
2019-10-20 10:29:04,779 [Thread-2736] INFO  impl.FollowerState (FollowerState.java:run(117)) - 875da3d9-0dec-46c7-88bf-73f7a2372b64@group-75987F7FE399-FollowerState was interrupted: java.lang.InterruptedException: sleep interrupted
2019-10-20 10:29:04,779 [grpc-default-executor-4] INFO  impl.RoleInfo (RoleInfo.java:updateAndGet(143)) - 875da3d9-0dec-46c7-88bf-73f7a2372b64: start FollowerState
2019-10-20 10:29:04,784 [df12c920-952d-4704-9c70-1a288e2f77c7@group-75987F7FE399-LeaderElection368] INFO  impl.LeaderElection (LeaderElection.java:logAndReturn(56)) - df12c920-952d-4704-9c70-1a288e2f77c7@group-75987F7FE399-LeaderElection368: Election REJECTED; received 2 response(s) [df12c920-952d-4704-9c70-1a288e2f77c7<-875da3d9-0dec-46c7-88bf-73f7a2372b64#0:FAIL-t417, df12c920-952d-4704-9c70-1a288e2f77c7<-9ceef694-dbcf-4070-b7b1-3b3c65b6a699#0:FAIL-t417] and 0 exception(s); df12c920-952d-4704-9c70-1a288e2f77c7@group-75987F7FE399:t417, leader=null, voted=df12c920-952d-4704-9c70-1a288e2f77c7, raftlog=df12c920-952d-4704-9c70-1a288e2f77c7@group-75987F7FE399-SegmentedRaftLog:OPENED:c-1,f-1,i0, conf=-1: [875da3d9-0dec-46c7-88bf-73f7a2372b64:192.168.69.89:39990, df12c920-952d-4704-9c70-1a288e2f77c7:192.168.69.89:43948, 9ceef694-dbcf-4070-b7b1-3b3c65b6a699:192.168.69.89:36536], old=null
2019-10-20 10:29:04,784 [df12c920-952d-4704-9c70-1a288e2f77c7@group-75987F7FE399-LeaderElection368] INFO  impl.RaftServerImpl (RaftServerImpl.java:setRole(184)) - df12c920-952d-4704-9c70-1a288e2f77c7@group-75987F7FE399: changes role from CANDIDATE to FOLLOWER at term 417 for DISCOVERED_A_NEW_TERM
2019-10-20 10:29:04,784 [df12c920-952d-4704-9c70-1a288e2f77c7@group-75987F7FE399-LeaderElection368] INFO  impl.RoleInfo (RoleInfo.java:shutdownLeaderElection(134)) - df12c920-952d-4704-9c70-1a288e2f77c7: shutdown LeaderElection
2019-10-20 10:29:04,784 [df12c920-952d-4704-9c70-1a288e2f77c7@group-75987F7FE399-LeaderElection368] INFO  impl.RoleInfo (RoleInfo.java:updateAndGet(143)) - df12c920-952d-4704-9c70-1a288e2f77c7: start FollowerState
2019-10-20 10:29:04,917 [Thread-2745] INFO  impl.FollowerState (FollowerState.java:run(108)) - df12c920-952d-4704-9c70-1a288e2f77c7@group-75987F7FE399-FollowerState: change to CANDIDATE, lastRpcTime:132ms, electionTimeout:132ms
2019-10-20 10:29:04,917 [Thread-2745] INFO  impl.RoleInfo (RoleInfo.java:shutdownFollowerState(121)) - df12c920-952d-4704-9c70-1a288e2f77c7: shutdown FollowerState
2019-10-20 10:29:04,917 [Thread-2745] INFO  impl.RaftServerImpl (RaftServerImpl.java:setRole(184)) - df12c920-952d-4704-9c70-1a288e2f77c7@group-75987F7FE399: changes role from  FOLLOWER to CANDIDATE at term 417 for changeToCandidate
2019-10-20 10:29:04,917 [Thread-2745] INFO  impl.RoleInfo (RoleInfo.java:updateAndGet(143)) - df12c920-952d-4704-9c70-1a288e2f77c7: start LeaderElection
2019-10-20 10:29:04,931 [df12c920-952d-4704-9c70-1a288e2f77c7@group-75987F7FE399-LeaderElection369] INFO  impl.LeaderElection (LeaderElection.java:askForVotes(178)) - df12c920-952d-4704-9c70-1a288e2f77c7@group-75987F7FE399-LeaderElection369: begin an election at term 418 for -1: [875da3d9-0dec-46c7-88bf-73f7a2372b64:192.168.69.89:39990, df12c920-952d-4704-9c70-1a288e2f77c7:192.168.69.89:43948, 9ceef694-dbcf-4070-b7b1-3b3c65b6a699:192.168.69.89:36536], old=null
2019-10-20 10:29:04,933 [grpc-default-executor-4] INFO  impl.RaftServerImpl (RaftServerImpl.java:setRole(184)) - 9ceef694-dbcf-4070-b7b1-3b3c65b6a699@group-75987F7FE399: changes role from  FOLLOWER to FOLLOWER at term 418 for recognizeCandidate:df12c920-952d-4704-9c70-1a288e2f77c7
2019-10-20 10:29:04,933 [grpc-default-executor-3] INFO  impl.RaftServerImpl (RaftServerImpl.java:setRole(184)) - 875da3d9-0dec-46c7-88bf-73f7a2372b64@group-75987F7FE399: changes role from  FOLLOWER to FOLLOWER at term 418 for recognizeCandidate:df12c920-952d-4704-9c70-1a288e2f77c7
2019-10-20 10:29:04,933 [grpc-default-executor-4] INFO  impl.RoleInfo (RoleInfo.java:shutdownFollowerState(121)) - 9ceef694-dbcf-4070-b7b1-3b3c65b6a699: shutdown FollowerState
2019-10-20 10:29:04,933 [grpc-default-executor-3] INFO  impl.RoleInfo (RoleInfo.java:shutdownFollowerState(121)) - 875da3d9-0dec-46c7-88bf-73f7a2372b64: shutdown FollowerState
2019-10-20 10:29:04,934 [Thread-2743] INFO  impl.FollowerState (FollowerState.java:run(117)) - 9ceef694-dbcf-4070-b7b1-3b3c65b6a699@group-75987F7FE399-FollowerState was interrupted: java.lang.InterruptedException: sleep interrupted
2019-10-20 10:29:04,934 [grpc-default-executor-4] INFO  impl.RoleInfo (RoleInfo.java:updateAndGet(143)) - 9ceef694-dbcf-4070-b7b1-3b3c65b6a699: start FollowerState
2019-10-20 10:29:04,934 [Thread-2744] INFO  impl.FollowerState (FollowerState.java:run(117)) - 875da3d9-0dec-46c7-88bf-73f7a2372b64@group-75987F7FE399-FollowerState was interrupted: java.lang.InterruptedException: sleep interrupted
2019-10-20 10:29:04,934 [grpc-default-executor-3] INFO  impl.RoleInfo (RoleInfo.java:updateAndGet(143)) - 875da3d9-0dec-46c7-88bf-73f7a2372b64: start FollowerState
2019-10-20 10:29:04,961 [df12c920-952d-4704-9c70-1a288e2f77c7@group-75987F7FE399-LeaderElection369] INFO  impl.LeaderElection (LeaderElection.java:logAndReturn(56)) - df12c920-952d-4704-9c70-1a288e2f77c7@group-75987F7FE399-LeaderElection369: Election REJECTED; received 2 response(s) [df12c920-952d-4704-9c70-1a288e2f77c7<-875da3d9-0dec-46c7-88bf-73f7a2372b64#0:FAIL-t418, df12c920-952d-4704-9c70-1a288e2f77c7<-9ceef694-dbcf-4070-b7b1-3b3c65b6a699#0:FAIL-t418] and 0 exception(s); df12c920-952d-4704-9c70-1a288e2f77c7@group-75987F7FE399:t418, leader=null, voted=df12c920-952d-4704-9c70-1a288e2f77c7, raftlog=df12c920-952d-4704-9c70-1a288e2f77c7@group-75987F7FE399-SegmentedRaftLog:OPENED:c-1,f-1,i0, conf=-1: [875da3d9-0dec-46c7-88bf-73f7a2372b64:192.168.69.89:39990, df12c920-952d-4704-9c70-1a288e2f77c7:192.168.69.89:43948, 9ceef694-dbcf-4070-b7b1-3b3c65b6a699:192.168.69.89:36536], old=null
2019-10-20 10:29:04,961 [df12c920-952d-4704-9c70-1a288e2f77c7@group-75987F7FE399-LeaderElection369] INFO  impl.RaftServerImpl (RaftServerImpl.java:setRole(184)) - df12c920-952d-4704-9c70-1a288e2f77c7@group-75987F7FE399: changes role from CANDIDATE to FOLLOWER at term 418 for DISCOVERED_A_NEW_TERM
2019-10-20 10:29:04,961 [df12c920-952d-4704-9c70-1a288e2f77c7@group-75987F7FE399-LeaderElection369] INFO  impl.RoleInfo (RoleInfo.java:shutdownLeaderElection(134)) - df12c920-952d-4704-9c70-1a288e2f77c7: shutdown LeaderElection
2019-10-20 10:29:04,961 [df12c920-952d-4704-9c70-1a288e2f77c7@group-75987F7FE399-LeaderElection369] INFO  impl.RoleInfo (RoleInfo.java:updateAndGet(143)) - df12c920-952d-4704-9c70-1a288e2f77c7: start FollowerState
2019-10-20 10:29:04,964 [Thread-2752] INFO  impl.FollowerState (FollowerState.java:run(108)) - df12c920-952d-4704-9c70-1a288e2f77c7@group-75987F7FE399-FollowerState: change to CANDIDATE, lastRpcTime:3ms, electionTimeout:3ms
2019-10-20 10:29:04,965 [Thread-2752] INFO  impl.RoleInfo (RoleInfo.java:shutdownFollowerState(121)) - df12c920-952d-4704-9c70-1a288e2f77c7: shutdown FollowerState
2019-10-20 10:29:04,965 [Thread-2752] INFO  impl.RaftServerImpl (RaftServerImpl.java:setRole(184)) - df12c920-952d-4704-9c70-1a288e2f77c7@group-75987F7FE399: changes role from  FOLLOWER to CANDIDATE at term 418 for changeToCandidate
2019-10-20 10:29:04,965 [Thread-2752] INFO  impl.RoleInfo (RoleInfo.java:updateAndGet(143)) - df12c920-952d-4704-9c70-1a288e2f77c7: start LeaderElection
2019-10-20 10:29:04,980 [df12c920-952d-4704-9c70-1a288e2f77c7@group-75987F7FE399-LeaderElection370] INFO  impl.LeaderElection (LeaderElection.java:askForVotes(178)) - df12c920-952d-4704-9c70-1a288e2f77c7@group-75987F7FE399-LeaderElection370: begin an election at term 419 for -1: [875da3d9-0dec-46c7-88bf-73f7a2372b64:192.168.69.89:39990, df12c920-952d-4704-9c70-1a288e2f77c7:192.168.69.89:43948, 9ceef694-dbcf-4070-b7b1-3b3c65b6a699:192.168.69.89:36536], old=null
2019-10-20 10:29:04,981 [grpc-default-executor-4] INFO  impl.RaftServerImpl (RaftServerImpl.java:setRole(184)) - 875da3d9-0dec-46c7-88bf-73f7a2372b64@group-75987F7FE399: changes role from  FOLLOWER to FOLLOWER at term 419 for recognizeCandidate:df12c920-952d-4704-9c70-1a288e2f77c7
2019-10-20 10:29:04,981 [grpc-default-executor-3] INFO  impl.RaftServerImpl (RaftServerImpl.java:setRole(184)) - 9ceef694-dbcf-4070-b7b1-3b3c65b6a699@group-75987F7FE399: changes role from  FOLLOWER to FOLLOWER at term 419 for recognizeCandidate:df12c920-952d-4704-9c70-1a288e2f77c7
2019-10-20 10:29:04,982 [grpc-default-executor-4] INFO  impl.RoleInfo (RoleInfo.java:shutdownFollowerState(121)) - 875da3d9-0dec-46c7-88bf-73f7a2372b64: shutdown FollowerState
2019-10-20 10:29:04,982 [grpc-default-executor-3] INFO  impl.RoleInfo (RoleInfo.java:shutdownFollowerState(121)) - 9ceef694-dbcf-4070-b7b1-3b3c65b6a699: shutdown FollowerState
2019-10-20 10:29:04,982 [grpc-default-executor-4] INFO  impl.RoleInfo (RoleInfo.java:updateAndGet(143)) - 875da3d9-0dec-46c7-88bf-73f7a2372b64: start FollowerState
2019-10-20 10:29:04,982 [Thread-2751] INFO  impl.FollowerState (FollowerState.java:run(117)) - 875da3d9-0dec-46c7-88bf-73f7a2372b64@group-75987F7FE399-FollowerState was interrupted: java.lang.InterruptedException: sleep interrupted
2019-10-20 10:29:04,982 [Thread-2750] INFO  impl.FollowerState (FollowerState.java:run(117)) - 9ceef694-dbcf-4070-b7b1-3b3c65b6a699@group-75987F7FE399-FollowerState was interrupted: java.lang.InterruptedException: sleep interrupted
2019-10-20 10:29:04,982 [grpc-default-executor-3] INFO  impl.RoleInfo (RoleInfo.java:updateAndGet(143)) - 9ceef694-dbcf-4070-b7b1-3b3c65b6a699: start FollowerState
2019-10-20 10:29:05,008 [df12c920-952d-4704-9c70-1a288e2f77c7@group-75987F7FE399-LeaderElection370] INFO  impl.LeaderElection (LeaderElection.java:logAndReturn(56)) - df12c920-952d-4704-9c70-1a288e2f77c7@group-75987F7FE399-LeaderElection370: Election REJECTED; received 2 response(s) [df12c920-952d-4704-9c70-1a288e2f77c7<-875da3d9-0dec-46c7-88bf-73f7a2372b64#0:FAIL-t419, df12c920-952d-4704-9c70-1a288e2f77c7<-9ceef694-dbcf-4070-b7b1-3b3c65b6a699#0:FAIL-t419] and 0 exception(s); df12c920-952d-4704-9c70-1a288e2f77c7@group-75987F7FE399:t419, leader=null, voted=df12c920-952d-4704-9c70-1a288e2f77c7, raftlog=df12c920-952d-4704-9c70-1a288e2f77c7@group-75987F7FE399-SegmentedRaftLog:OPENED:c-1,f-1,i0, conf=-1: [875da3d9-0dec-46c7-88bf-73f7a2372b64:192.168.69.89:39990, df12c920-952d-4704-9c70-1a288e2f77c7:192.168.69.89:43948, 9ceef694-dbcf-4070-b7b1-3b3c65b6a699:192.168.69.89:36536], old=null
2019-10-20 10:29:05,008 [df12c920-952d-4704-9c70-1a288e2f77c7@group-75987F7FE399-LeaderElection370] INFO  impl.RaftServerImpl (RaftServerImpl.java:setRole(184)) - df12c920-952d-4704-9c70-1a288e2f77c7@group-75987F7FE399: changes role from CANDIDATE to FOLLOWER at term 419 for DISCOVERED_A_NEW_TERM
2019-10-20 10:29:05,008 [df12c920-952d-4704-9c70-1a288e2f77c7@group-75987F7FE399-LeaderElection370] INFO  impl.RoleInfo (RoleInfo.java:shutdownLeaderElection(134)) - df12c920-952d-4704-9c70-1a288e2f77c7: shutdown LeaderElection
2019-10-20 10:29:05,008 [df12c920-952d-4704-9c70-1a288e2f77c7@group-75987F7FE399-LeaderElection370] INFO  impl.RoleInfo (RoleInfo.java:updateAndGet(143)) - df12c920-952d-4704-9c70-1a288e2f77c7: start FollowerState
2019-10-20 10:29:05,174 [Thread-2758] INFO  impl.FollowerState (FollowerState.java:run(108)) - df12c920-952d-4704-9c70-1a288e2f77c7@group-75987F7FE399-FollowerState: change to CANDIDATE, lastRpcTime:166ms, electionTimeout:166ms
2019-10-20 10:29:05,175 [Thread-2758] INFO  impl.RoleInfo (RoleInfo.java:shutdownFollowerState(121)) - df12c920-952d-4704-9c70-1a288e2f77c7: shutdown FollowerState
2019-10-20 10:29:05,175 [Thread-2758] INFO  impl.RaftServerImpl (RaftServerImpl.java:setRole(184)) - df12c920-952d-4704-9c70-1a288e2f77c7@group-75987F7FE399: changes role from  FOLLOWER to CANDIDATE at term 419 for changeToCandidate
2019-10-20 10:29:05,175 [Thread-2758] INFO  impl.RoleInfo (RoleInfo.java:updateAndGet(143)) - df12c920-952d-4704-9c70-1a288e2f77c7: start LeaderElection
2019-10-20 10:29:05,200 [df12c920-952d-4704-9c70-1a288e2f77c7@group-75987F7FE399-LeaderElection371] INFO  impl.LeaderElection (LeaderElection.java:askForVotes(178)) - df12c920-952d-4704-9c70-1a288e2f77c7@group-75987F7FE399-LeaderElection371: begin an election at term 420 for -1: [875da3d9-0dec-46c7-88bf-73f7a2372b64:192.168.69.89:39990, df12c920-952d-4704-9c70-1a288e2f77c7:192.168.69.89:43948, 9ceef694-dbcf-4070-b7b1-3b3c65b6a699:192.168.69.89:36536], old=null
2019-10-20 10:29:05,202 [grpc-default-executor-3] INFO  impl.RaftServerImpl (RaftServerImpl.java:setRole(184)) - 875da3d9-0dec-46c7-88bf-73f7a2372b64@group-75987F7FE399: changes role from  FOLLOWER to FOLLOWER at term 420 for recognizeCandidate:df12c920-952d-4704-9c70-1a288e2f77c7
2019-10-20 10:29:05,202 [grpc-default-executor-4] INFO  impl.RaftServerImpl (RaftServerImpl.java:setRole(184)) - 9ceef694-dbcf-4070-b7b1-3b3c65b6a699@group-75987F7FE399: changes role from  FOLLOWER to FOLLOWER at term 420 for recognizeCandidate:df12c920-952d-4704-9c70-1a288e2f77c7
2019-10-20 10:29:05,203 [grpc-default-executor-4] INFO  impl.RoleInfo (RoleInfo.java:shutdownFollowerState(121)) - 9ceef694-dbcf-4070-b7b1-3b3c65b6a699: shutdown FollowerState
2019-10-20 10:29:05,203 [grpc-default-executor-3] INFO  impl.RoleInfo (RoleInfo.java:shutdownFollowerState(121)) - 875da3d9-0dec-46c7-88bf-73f7a2372b64: shutdown FollowerState
2019-10-20 10:29:05,203 [Thread-2757] INFO  impl.FollowerState (FollowerState.java:run(117)) - 9ceef694-dbcf-4070-b7b1-3b3c65b6a699@group-75987F7FE399-FollowerState was interrupted: java.lang.InterruptedException: sleep interrupted
2019-10-20 10:29:05,203 [grpc-default-executor-4] INFO  impl.RoleInfo (RoleInfo.java:updateAndGet(143)) - 9ceef694-dbcf-4070-b7b1-3b3c65b6a699: start FollowerState
2019-10-20 10:29:05,203 [Thread-2756] INFO  impl.FollowerState (FollowerState.java:run(117)) - 875da3d9-0dec-46c7-88bf-73f7a2372b64@group-75987F7FE399-FollowerState was interrupted: java.lang.InterruptedException: sleep interrupted
2019-10-20 10:29:05,203 [grpc-default-executor-3] INFO  impl.RoleInfo (RoleInfo.java:updateAndGet(143)) - 875da3d9-0dec-46c7-88bf-73f7a2372b64: start FollowerState
2019-10-20 10:29:05,217 [df12c920-952d-4704-9c70-1a288e2f77c7@group-75987F7FE399-LeaderElection371] INFO  impl.LeaderElection (LeaderElection.java:logAndReturn(56)) - df12c920-952d-4704-9c70-1a288e2f77c7@group-75987F7FE399-LeaderElection371: Election REJECTED; received 2 response(s) [df12c920-952d-4704-9c70-1a288e2f77c7<-875da3d9-0dec-46c7-88bf-73f7a2372b64#0:FAIL-t420, df12c920-952d-4704-9c70-1a288e2f77c7<-9ceef694-dbcf-4070-b7b1-3b3c65b6a699#0:FAIL-t420] and 0 exception(s); df12c920-952d-4704-9c70-1a288e2f77c7@group-75987F7FE399:t420, leader=null, voted=df12c920-952d-4704-9c70-1a288e2f77c7, raftlog=df12c920-952d-4704-9c70-1a288e2f77c7@group-75987F7FE399-SegmentedRaftLog:OPENED:c-1,f-1,i0, conf=-1: [875da3d9-0dec-46c7-88bf-73f7a2372b64:192.168.69.89:39990, df12c920-952d-4704-9c70-1a288e2f77c7:192.168.69.89:43948, 9ceef694-dbcf-4070-b7b1-3b3c65b6a699:192.168.69.89:36536], old=null
2019-10-20 10:29:05,217 [df12c920-952d-4704-9c70-1a288e2f77c7@group-75987F7FE399-LeaderElection371] INFO  impl.RaftServerImpl (RaftServerImpl.java:setRole(184)) - df12c920-952d-4704-9c70-1a288e2f77c7@group-75987F7FE399: changes role from CANDIDATE to FOLLOWER at term 420 for DISCOVERED_A_NEW_TERM
2019-10-20 10:29:05,217 [df12c920-952d-4704-9c70-1a288e2f77c7@group-75987F7FE399-LeaderElection371] INFO  impl.RoleInfo (RoleInfo.java:shutdownLeaderElection(134)) - df12c920-952d-4704-9c70-1a288e2f77c7: shutdown LeaderElection
2019-10-20 10:29:05,217 [df12c920-952d-4704-9c70-1a288e2f77c7@group-75987F7FE399-LeaderElection371] INFO  impl.RoleInfo (RoleInfo.java:updateAndGet(143)) - df12c920-952d-4704-9c70-1a288e2f77c7: start FollowerState
2019-10-20 10:29:05,351 [Thread-2764] INFO  impl.FollowerState (FollowerState.java:run(108)) - df12c920-952d-4704-9c70-1a288e2f77c7@group-75987F7FE399-FollowerState: change to CANDIDATE, lastRpcTime:133ms, electionTimeout:133ms
2019-10-20 10:29:05,351 [Thread-2764] INFO  impl.RoleInfo (RoleInfo.java:shutdownFollowerState(121)) - df12c920-952d-4704-9c70-1a288e2f77c7: shutdown FollowerState
2019-10-20 10:29:05,351 [Thread-2764] INFO  impl.RaftServerImpl (RaftServerImpl.java:setRole(184)) - df12c920-952d-4704-9c70-1a288e2f77c7@group-75987F7FE399: changes role from  FOLLOWER to CANDIDATE at term 420 for changeToCandidate
2019-10-20 10:29:05,351 [Thread-2764] INFO  impl.RoleInfo (RoleInfo.java:updateAndGet(143)) - df12c920-952d-4704-9c70-1a288e2f77c7: start LeaderElection
2019-10-20 10:29:05,366 [df12c920-952d-4704-9c70-1a288e2f77c7@group-75987F7FE399-LeaderElection372] INFO  impl.LeaderElection (LeaderElection.java:askForVotes(178)) - df12c920-952d-4704-9c70-1a288e2f77c7@group-75987F7FE399-LeaderElection372: begin an election at term 421 for -1: [875da3d9-0dec-46c7-88bf-73f7a2372b64:192.168.69.89:39990, df12c920-952d-4704-9c70-1a288e2f77c7:192.168.69.89:43948, 9ceef694-dbcf-4070-b7b1-3b3c65b6a699:192.168.69.89:36536], old=null
2019-10-20 10:29:05,368 [grpc-default-executor-4] INFO  impl.RaftServerImpl (RaftServerImpl.java:setRole(184)) - 9ceef694-dbcf-4070-b7b1-3b3c65b6a699@group-75987F7FE399: changes role from  FOLLOWER to FOLLOWER at term 421 for recognizeCandidate:df12c920-952d-4704-9c70-1a288e2f77c7
2019-10-20 10:29:05,368 [grpc-default-executor-3] INFO  impl.RaftServerImpl (RaftServerImpl.java:setRole(184)) - 875da3d9-0dec-46c7-88bf-73f7a2372b64@group-75987F7FE399: changes role from  FOLLOWER to FOLLOWER at term 421 for recognizeCandidate:df12c920-952d-4704-9c70-1a288e2f77c7
2019-10-20 10:29:05,368 [grpc-default-executor-4] INFO  impl.RoleInfo (RoleInfo.java:shutdownFollowerState(121)) - 9ceef694-dbcf-4070-b7b1-3b3c65b6a699: shutdown FollowerState
2019-10-20 10:29:05,369 [grpc-default-executor-3] INFO  impl.RoleInfo (RoleInfo.java:shutdownFollowerState(121)) - 875da3d9-0dec-46c7-88bf-73f7a2372b64: shutdown FollowerState
2019-10-20 10:29:05,369 [Thread-2762] INFO  impl.FollowerState (FollowerState.java:run(117)) - 9ceef694-dbcf-4070-b7b1-3b3c65b6a699@group-75987F7FE399-FollowerState was interrupted: java.lang.InterruptedException: sleep interrupted
2019-10-20 10:29:05,369 [grpc-default-executor-4] INFO  impl.RoleInfo (RoleInfo.java:updateAndGet(143)) - 9ceef694-dbcf-4070-b7b1-3b3c65b6a699: start FollowerState
2019-10-20 10:29:05,369 [Thread-2763] INFO  impl.FollowerState (FollowerState.java:run(117)) - 875da3d9-0dec-46c7-88bf-73f7a2372b64@group-75987F7FE399-FollowerState was interrupted: java.lang.InterruptedException: sleep interrupted
2019-10-20 10:29:05,369 [grpc-default-executor-3] INFO  impl.RoleInfo (RoleInfo.java:updateAndGet(143)) - 875da3d9-0dec-46c7-88bf-73f7a2372b64: start FollowerState
2019-10-20 10:29:05,393 [df12c920-952d-4704-9c70-1a288e2f77c7@group-75987F7FE399-LeaderElection372] INFO  impl.LeaderElection (LeaderElection.java:logAndReturn(56)) - df12c920-952d-4704-9c70-1a288e2f77c7@group-75987F7FE399-LeaderElection372: Election REJECTED; received 2 response(s) [df12c920-952d-4704-9c70-1a288e2f77c7<-875da3d9-0dec-46c7-88bf-73f7a2372b64#0:FAIL-t421, df12c920-952d-4704-9c70-1a288e2f77c7<-9ceef694-dbcf-4070-b7b1-3b3c65b6a699#0:FAIL-t421] and 0 exception(s); df12c920-952d-4704-9c70-1a288e2f77c7@group-75987F7FE399:t421, leader=null, voted=df12c920-952d-4704-9c70-1a288e2f77c7, raftlog=df12c920-952d-4704-9c70-1a288e2f77c7@group-75987F7FE399-SegmentedRaftLog:OPENED:c-1,f-1,i0, conf=-1: [875da3d9-0dec-46c7-88bf-73f7a2372b64:192.168.69.89:39990, df12c920-952d-4704-9c70-1a288e2f77c7:192.168.69.89:43948, 9ceef694-dbcf-4070-b7b1-3b3c65b6a699:192.168.69.89:36536], old=null
2019-10-20 10:29:05,393 [df12c920-952d-4704-9c70-1a288e2f77c7@group-75987F7FE399-LeaderElection372] INFO  impl.RaftServerImpl (RaftServerImpl.java:setRole(184)) - df12c920-952d-4704-9c70-1a288e2f77c7@group-75987F7FE399: changes role from CANDIDATE to FOLLOWER at term 421 for DISCOVERED_A_NEW_TERM
2019-10-20 10:29:05,393 [df12c920-952d-4704-9c70-1a288e2f77c7@group-75987F7FE399-LeaderElection372] INFO  impl.RoleInfo (RoleInfo.java:shutdownLeaderElection(134)) - df12c920-952d-4704-9c70-1a288e2f77c7: shutdown LeaderElection
2019-10-20 10:29:05,394 [df12c920-952d-4704-9c70-1a288e2f77c7@group-75987F7FE399-LeaderElection372] INFO  impl.RoleInfo (RoleInfo.java:updateAndGet(143)) - df12c920-952d-4704-9c70-1a288e2f77c7: start FollowerState
2019-10-20 10:29:05,428 [Thread-2772] INFO  impl.FollowerState (FollowerState.java:run(108)) - df12c920-952d-4704-9c70-1a288e2f77c7@group-75987F7FE399-FollowerState: change to CANDIDATE, lastRpcTime:34ms, electionTimeout:34ms
2019-10-20 10:29:05,428 [Thread-2772] INFO  impl.RoleInfo (RoleInfo.java:shutdownFollowerState(121)) - df12c920-952d-4704-9c70-1a288e2f77c7: shutdown FollowerState
2019-10-20 10:29:05,428 [Thread-2772] INFO  impl.RaftServerImpl (RaftServerImpl.java:setRole(184)) - df12c920-952d-4704-9c70-1a288e2f77c7@group-75987F7FE399: changes role from  FOLLOWER to CANDIDATE at term 421 for changeToCandidate
2019-10-20 10:29:05,428 [Thread-2772] INFO  impl.RoleInfo (RoleInfo.java:updateAndGet(143)) - df12c920-952d-4704-9c70-1a288e2f77c7: start LeaderElection
2019-10-20 10:29:05,442 [df12c920-952d-4704-9c70-1a288e2f77c7@group-75987F7FE399-LeaderElection373] INFO  impl.LeaderElection (LeaderElection.java:askForVotes(178)) - df12c920-952d-4704-9c70-1a288e2f77c7@group-75987F7FE399-LeaderElection373: begin an election at term 422 for -1: [875da3d9-0dec-46c7-88bf-73f7a2372b64:192.168.69.89:39990, df12c920-952d-4704-9c70-1a288e2f77c7:192.168.69.89:43948, 9ceef694-dbcf-4070-b7b1-3b3c65b6a699:192.168.69.89:36536], old=null
2019-10-20 10:29:05,443 [grpc-default-executor-4] INFO  impl.RaftServerImpl (RaftServerImpl.java:setRole(184)) - 9ceef694-dbcf-4070-b7b1-3b3c65b6a699@group-75987F7FE399: changes role from  FOLLOWER to FOLLOWER at term 422 for recognizeCandidate:df12c920-952d-4704-9c70-1a288e2f77c7
2019-10-20 10:29:05,444 [grpc-default-executor-4] INFO  impl.RoleInfo (RoleInfo.java:shutdownFollowerState(121)) - 9ceef694-dbcf-4070-b7b1-3b3c65b6a699: shutdown FollowerState
2019-10-20 10:29:05,443 [grpc-default-executor-3] INFO  impl.RaftServerImpl (RaftServerImpl.java:setRole(184)) - 875da3d9-0dec-46c7-88bf-73f7a2372b64@group-75987F7FE399: changes role from  FOLLOWER to FOLLOWER at term 422 for recognizeCandidate:df12c920-952d-4704-9c70-1a288e2f77c7
2019-10-20 10:29:05,444 [grpc-default-executor-3] INFO  impl.RoleInfo (RoleInfo.java:shutdownFollowerState(121)) - 875da3d9-0dec-46c7-88bf-73f7a2372b64: shutdown FollowerState
2019-10-20 10:29:05,444 [Thread-2770] INFO  impl.FollowerState (FollowerState.java:run(117)) - 9ceef694-dbcf-4070-b7b1-3b3c65b6a699@group-75987F7FE399-FollowerState was interrupted: java.lang.InterruptedException: sleep interrupted
2019-10-20 10:29:05,444 [Thread-2771] INFO  impl.FollowerState (FollowerState.java:run(117)) - 875da3d9-0dec-46c7-88bf-73f7a2372b64@group-75987F7FE399-FollowerState was interrupted: java.lang.InterruptedException: sleep interrupted
2019-10-20 10:29:05,444 [grpc-default-executor-4] INFO  impl.RoleInfo (RoleInfo.java:updateAndGet(143)) - 9ceef694-dbcf-4070-b7b1-3b3c65b6a699: start FollowerState
2019-10-20 10:29:05,444 [grpc-default-executor-3] INFO  impl.RoleInfo (RoleInfo.java:updateAndGet(143)) - 875da3d9-0dec-46c7-88bf-73f7a2372b64: start FollowerState
2019-10-20 10:29:05,461 [df12c920-952d-4704-9c70-1a288e2f77c7@group-75987F7FE399-LeaderElection373] INFO  impl.LeaderElection (LeaderElection.java:logAndReturn(56)) - df12c920-952d-4704-9c70-1a288e2f77c7@group-75987F7FE399-LeaderElection373: Election REJECTED; received 2 response(s) [df12c920-952d-4704-9c70-1a288e2f77c7<-875da3d9-0dec-46c7-88bf-73f7a2372b64#0:FAIL-t422, df12c920-952d-4704-9c70-1a288e2f77c7<-9ceef694-dbcf-4070-b7b1-3b3c65b6a699#0:FAIL-t422] and 0 exception(s); df12c920-952d-4704-9c70-1a288e2f77c7@group-75987F7FE399:t422, leader=null, voted=df12c920-952d-4704-9c70-1a288e2f77c7, raftlog=df12c920-952d-4704-9c70-1a288e2f77c7@group-75987F7FE399-SegmentedRaftLog:OPENED:c-1,f-1,i0, conf=-1: [875da3d9-0dec-46c7-88bf-73f7a2372b64:192.168.69.89:39990, df12c920-952d-4704-9c70-1a288e2f77c7:192.168.69.89:43948, 9ceef694-dbcf-4070-b7b1-3b3c65b6a699:192.168.69.89:36536], old=null
2019-10-20 10:29:05,461 [df12c920-952d-4704-9c70-1a288e2f77c7@group-75987F7FE399-LeaderElection373] INFO  impl.RaftServerImpl (RaftServerImpl.java:setRole(184)) - df12c920-952d-4704-9c70-1a288e2f77c7@group-75987F7FE399: changes role from CANDIDATE to FOLLOWER at term 422 for DISCOVERED_A_NEW_TERM
2019-10-20 10:29:05,461 [df12c920-952d-4704-9c70-1a288e2f77c7@group-75987F7FE399-LeaderElection373] INFO  impl.RoleInfo (RoleInfo.java:shutdownLeaderElection(134)) - df12c920-952d-4704-9c70-1a288e2f77c7: shutdown LeaderElection
2019-10-20 10:29:05,461 [df12c920-952d-4704-9c70-1a288e2f77c7@group-75987F7FE399-LeaderElection373] INFO  impl.RoleInfo (RoleInfo.java:updateAndGet(143)) - df12c920-952d-4704-9c70-1a288e2f77c7: start FollowerState
2019-10-20 10:29:05,614 [Thread-2778] INFO  impl.FollowerState (FollowerState.java:run(108)) - df12c920-952d-4704-9c70-1a288e2f77c7@group-75987F7FE399-FollowerState: change to CANDIDATE, lastRpcTime:153ms, electionTimeout:153ms
2019-10-20 10:29:05,615 [Thread-2778] INFO  impl.RoleInfo (RoleInfo.java:shutdownFollowerState(121)) - df12c920-952d-4704-9c70-1a288e2f77c7: shutdown FollowerState
2019-10-20 10:29:05,615 [Thread-2778] INFO  impl.RaftServerImpl (RaftServerImpl.java:setRole(184)) - df12c920-952d-4704-9c70-1a288e2f77c7@group-75987F7FE399: changes role from  FOLLOWER to CANDIDATE at term 422 for changeToCandidate
2019-10-20 10:29:05,615 [Thread-2778] INFO  impl.RoleInfo (RoleInfo.java:updateAndGet(143)) - df12c920-952d-4704-9c70-1a288e2f77c7: start LeaderElection
2019-10-20 10:29:05,630 [df12c920-952d-4704-9c70-1a288e2f77c7@group-75987F7FE399-LeaderElection374] INFO  impl.LeaderElection (LeaderElection.java:askForVotes(178)) - df12c920-952d-4704-9c70-1a288e2f77c7@group-75987F7FE399-LeaderElection374: begin an election at term 423 for -1: [875da3d9-0dec-46c7-88bf-73f7a2372b64:192.168.69.89:39990, df12c920-952d-4704-9c70-1a288e2f77c7:192.168.69.89:43948, 9ceef694-dbcf-4070-b7b1-3b3c65b6a699:192.168.69.89:36536], old=null
2019-10-20 10:29:05,632 [grpc-default-executor-3] INFO  impl.RaftServerImpl (RaftServerImpl.java:setRole(184)) - 9ceef694-dbcf-4070-b7b1-3b3c65b6a699@group-75987F7FE399: changes role from  FOLLOWER to FOLLOWER at term 423 for recognizeCandidate:df12c920-952d-4704-9c70-1a288e2f77c7
2019-10-20 10:29:05,632 [grpc-default-executor-4] INFO  impl.RaftServerImpl (RaftServerImpl.java:setRole(184)) - 875da3d9-0dec-46c7-88bf-73f7a2372b64@group-75987F7FE399: changes role from  FOLLOWER to FOLLOWER at term 423 for recognizeCandidate:df12c920-952d-4704-9c70-1a288e2f77c7
2019-10-20 10:29:05,632 [grpc-default-executor-4] INFO  impl.RoleInfo (RoleInfo.java:shutdownFollowerState(121)) - 875da3d9-0dec-46c7-88bf-73f7a2372b64: shutdown FollowerState
2019-10-20 10:29:05,632 [grpc-default-executor-3] INFO  impl.RoleInfo (RoleInfo.java:shutdownFollowerState(121)) - 9ceef694-dbcf-4070-b7b1-3b3c65b6a699: shutdown FollowerState
2019-10-20 10:29:05,633 [Thread-2777] INFO  impl.FollowerState (FollowerState.java:run(117)) - 875da3d9-0dec-46c7-88bf-73f7a2372b64@group-75987F7FE399-FollowerState was interrupted: java.lang.InterruptedException: sleep interrupted
2019-10-20 10:29:05,632 [grpc-default-executor-4] INFO  impl.RoleInfo (RoleInfo.java:updateAndGet(143)) - 875da3d9-0dec-46c7-88bf-73f7a2372b64: start FollowerState
2019-10-20 10:29:05,633 [Thread-2776] INFO  impl.FollowerState (FollowerState.java:run(117)) - 9ceef694-dbcf-4070-b7b1-3b3c65b6a699@group-75987F7FE399-FollowerState was interrupted: java.lang.InterruptedException: sleep interrupted
2019-10-20 10:29:05,633 [grpc-default-executor-3] INFO  impl.RoleInfo (RoleInfo.java:updateAndGet(143)) - 9ceef694-dbcf-4070-b7b1-3b3c65b6a699: start FollowerState
2019-10-20 10:29:05,658 [df12c920-952d-4704-9c70-1a288e2f77c7@group-75987F7FE399-LeaderElection374] INFO  impl.LeaderElection (LeaderElection.java:logAndReturn(56)) - df12c920-952d-4704-9c70-1a288e2f77c7@group-75987F7FE399-LeaderElection374: Election REJECTED; received 2 response(s) [df12c920-952d-4704-9c70-1a288e2f77c7<-875da3d9-0dec-46c7-88bf-73f7a2372b64#0:FAIL-t423, df12c920-952d-4704-9c70-1a288e2f77c7<-9ceef694-dbcf-4070-b7b1-3b3c65b6a699#0:FAIL-t423] and 0 exception(s); df12c920-952d-4704-9c70-1a288e2f77c7@group-75987F7FE399:t423, leader=null, voted=df12c920-952d-4704-9c70-1a288e2f77c7, raftlog=df12c920-952d-4704-9c70-1a288e2f77c7@group-75987F7FE399-SegmentedRaftLog:OPENED:c-1,f-1,i0, conf=-1: [875da3d9-0dec-46c7-88bf-73f7a2372b64:192.168.69.89:39990, df12c920-952d-4704-9c70-1a288e2f77c7:192.168.69.89:43948, 9ceef694-dbcf-4070-b7b1-3b3c65b6a699:192.168.69.89:36536], old=null
2019-10-20 10:29:05,658 [df12c920-952d-4704-9c70-1a288e2f77c7@group-75987F7FE399-LeaderElection374] INFO  impl.RaftServerImpl (RaftServerImpl.java:setRole(184)) - df12c920-952d-4704-9c70-1a288e2f77c7@group-75987F7FE399: changes role from CANDIDATE to FOLLOWER at term 423 for DISCOVERED_A_NEW_TERM
2019-10-20 10:29:05,658 [df12c920-952d-4704-9c70-1a288e2f77c7@group-75987F7FE399-LeaderElection374] INFO  impl.RoleInfo (RoleInfo.java:shutdownLeaderElection(134)) - df12c920-952d-4704-9c70-1a288e2f77c7: shutdown LeaderElection
2019-10-20 10:29:05,658 [df12c920-952d-4704-9c70-1a288e2f77c7@group-75987F7FE399-LeaderElection374] INFO  impl.RoleInfo (RoleInfo.java:updateAndGet(143)) - df12c920-952d-4704-9c70-1a288e2f77c7: start FollowerState
2019-10-20 10:29:05,807 [Thread-2784] INFO  impl.FollowerState (FollowerState.java:run(108)) - df12c920-952d-4704-9c70-1a288e2f77c7@group-75987F7FE399-FollowerState: change to CANDIDATE, lastRpcTime:148ms, electionTimeout:148ms
2019-10-20 10:29:05,807 [Thread-2784] INFO  impl.RoleInfo (RoleInfo.java:shutdownFollowerState(121)) - df12c920-952d-4704-9c70-1a288e2f77c7: shutdown FollowerState
2019-10-20 10:29:05,807 [Thread-2784] INFO  impl.RaftServerImpl (RaftServerImpl.java:setRole(184)) - df12c920-952d-4704-9c70-1a288e2f77c7@group-75987F7FE399: changes role from  FOLLOWER to CANDIDATE at term 423 for changeToCandidate
2019-10-20 10:29:05,807 [Thread-2784] INFO  impl.RoleInfo (RoleInfo.java:updateAndGet(143)) - df12c920-952d-4704-9c70-1a288e2f77c7: start LeaderElection
2019-10-20 10:29:05,829 [df12c920-952d-4704-9c70-1a288e2f77c7@group-75987F7FE399-LeaderElection375] INFO  impl.LeaderElection (LeaderElection.java:askForVotes(178)) - df12c920-952d-4704-9c70-1a288e2f77c7@group-75987F7FE399-LeaderElection375: begin an election at term 424 for -1: [875da3d9-0dec-46c7-88bf-73f7a2372b64:192.168.69.89:39990, df12c920-952d-4704-9c70-1a288e2f77c7:192.168.69.89:43948, 9ceef694-dbcf-4070-b7b1-3b3c65b6a699:192.168.69.89:36536], old=null
2019-10-20 10:29:05,831 [grpc-default-executor-4] INFO  impl.RaftServerImpl (RaftServerImpl.java:setRole(184)) - 875da3d9-0dec-46c7-88bf-73f7a2372b64@group-75987F7FE399: changes role from  FOLLOWER to FOLLOWER at term 424 for recognizeCandidate:df12c920-952d-4704-9c70-1a288e2f77c7
2019-10-20 10:29:05,831 [grpc-default-executor-4] INFO  impl.RoleInfo (RoleInfo.java:shutdownFollowerState(121)) - 875da3d9-0dec-46c7-88bf-73f7a2372b64: shutdown FollowerState
2019-10-20 10:29:05,831 [grpc-default-executor-3] INFO  impl.RaftServerImpl (RaftServerImpl.java:setRole(184)) - 9ceef694-dbcf-4070-b7b1-3b3c65b6a699@group-75987F7FE399: changes role from  FOLLOWER to FOLLOWER at term 424 for recognizeCandidate:df12c920-952d-4704-9c70-1a288e2f77c7
2019-10-20 10:29:05,831 [grpc-default-executor-3] INFO  impl.RoleInfo (RoleInfo.java:shutdownFollowerState(121)) - 9ceef694-dbcf-4070-b7b1-3b3c65b6a699: shutdown FollowerState
2019-10-20 10:29:05,831 [Thread-2782] INFO  impl.FollowerState (FollowerState.java:run(117)) - 875da3d9-0dec-46c7-88bf-73f7a2372b64@group-75987F7FE399-FollowerState was interrupted: java.lang.InterruptedException: sleep interrupted
2019-10-20 10:29:05,832 [Thread-2783] INFO  impl.FollowerState (FollowerState.java:run(117)) - 9ceef694-dbcf-4070-b7b1-3b3c65b6a699@group-75987F7FE399-FollowerState was interrupted: java.lang.InterruptedException: sleep interrupted
2019-10-20 10:29:05,831 [grpc-default-executor-4] INFO  impl.RoleInfo (RoleInfo.java:updateAndGet(143)) - 875da3d9-0dec-46c7-88bf-73f7a2372b64: start FollowerState
2019-10-20 10:29:05,832 [grpc-default-executor-3] INFO  impl.RoleInfo (RoleInfo.java:updateAndGet(143)) - 9ceef694-dbcf-4070-b7b1-3b3c65b6a699: start FollowerState
2019-10-20 10:29:05,848 [df12c920-952d-4704-9c70-1a288e2f77c7@group-75987F7FE399-LeaderElection375] INFO  impl.LeaderElection (LeaderElection.java:logAndReturn(56)) - df12c920-952d-4704-9c70-1a288e2f77c7@group-75987F7FE399-LeaderElection375: Election REJECTED; received 2 response(s) [df12c920-952d-4704-9c70-1a288e2f77c7<-875da3d9-0dec-46c7-88bf-73f7a2372b64#0:FAIL-t424, df12c920-952d-4704-9c70-1a288e2f77c7<-9ceef694-dbcf-4070-b7b1-3b3c65b6a699#0:FAIL-t424] and 0 exception(s); df12c920-952d-4704-9c70-1a288e2f77c7@group-75987F7FE399:t424, leader=null, voted=df12c920-952d-4704-9c70-1a288e2f77c7, raftlog=df12c920-952d-4704-9c70-1a288e2f77c7@group-75987F7FE399-SegmentedRaftLog:OPENED:c-1,f-1,i0, conf=-1: [875da3d9-0dec-46c7-88bf-73f7a2372b64:192.168.69.89:39990, df12c920-952d-4704-9c70-1a288e2f77c7:192.168.69.89:43948, 9ceef694-dbcf-4070-b7b1-3b3c65b6a699:192.168.69.89:36536], old=null
2019-10-20 10:29:05,848 [df12c920-952d-4704-9c70-1a288e2f77c7@group-75987F7FE399-LeaderElection375] INFO  impl.RaftServerImpl (RaftServerImpl.java:setRole(184)) - df12c920-952d-4704-9c70-1a288e2f77c7@group-75987F7FE399: changes role from CANDIDATE to FOLLOWER at term 424 for DISCOVERED_A_NEW_TERM
2019-10-20 10:29:05,848 [df12c920-952d-4704-9c70-1a288e2f77c7@group-75987F7FE399-LeaderElection375] INFO  impl.RoleInfo (RoleInfo.java:shutdownLeaderElection(134)) - df12c920-952d-4704-9c70-1a288e2f77c7: shutdown LeaderElection
2019-10-20 10:29:05,848 [df12c920-952d-4704-9c70-1a288e2f77c7@group-75987F7FE399-LeaderElection375] INFO  impl.RoleInfo (RoleInfo.java:updateAndGet(143)) - df12c920-952d-4704-9c70-1a288e2f77c7: start FollowerState
2019-10-20 10:29:05,888 [Thread-2790] INFO  impl.FollowerState (FollowerState.java:run(108)) - df12c920-952d-4704-9c70-1a288e2f77c7@group-75987F7FE399-FollowerState: change to CANDIDATE, lastRpcTime:39ms, electionTimeout:39ms
2019-10-20 10:29:05,888 [Thread-2790] INFO  impl.RoleInfo (RoleInfo.java:shutdownFollowerState(121)) - df12c920-952d-4704-9c70-1a288e2f77c7: shutdown FollowerState
2019-10-20 10:29:05,888 [Thread-2790] INFO  impl.RaftServerImpl (RaftServerImpl.java:setRole(184)) - df12c920-952d-4704-9c70-1a288e2f77c7@group-75987F7FE399: changes role from  FOLLOWER to CANDIDATE at term 424 for changeToCandidate
2019-10-20 10:29:05,888 [Thread-2790] INFO  impl.RoleInfo (RoleInfo.java:updateAndGet(143)) - df12c920-952d-4704-9c70-1a288e2f77c7: start LeaderElection
2019-10-20 10:29:05,914 [df12c920-952d-4704-9c70-1a288e2f77c7@group-75987F7FE399-LeaderElection376] INFO  impl.LeaderElection (LeaderElection.java:askForVotes(178)) - df12c920-952d-4704-9c70-1a288e2f77c7@group-75987F7FE399-LeaderElection376: begin an election at term 425 for -1: [875da3d9-0dec-46c7-88bf-73f7a2372b64:192.168.69.89:39990, df12c920-952d-4704-9c70-1a288e2f77c7:192.168.69.89:43948, 9ceef694-dbcf-4070-b7b1-3b3c65b6a699:192.168.69.89:36536], old=null
2019-10-20 10:29:05,915 [grpc-default-executor-4] INFO  impl.RaftServerImpl (RaftServerImpl.java:setRole(184)) - 875da3d9-0dec-46c7-88bf-73f7a2372b64@group-75987F7FE399: changes role from  FOLLOWER to FOLLOWER at term 425 for recognizeCandidate:df12c920-952d-4704-9c70-1a288e2f77c7
2019-10-20 10:29:05,915 [grpc-default-executor-3] INFO  impl.RaftServerImpl (RaftServerImpl.java:setRole(184)) - 9ceef694-dbcf-4070-b7b1-3b3c65b6a699@group-75987F7FE399: changes role from  FOLLOWER to FOLLOWER at term 425 for recognizeCandidate:df12c920-952d-4704-9c70-1a288e2f77c7
2019-10-20 10:29:05,916 [grpc-default-executor-3] INFO  impl.RoleInfo (RoleInfo.java:shutdownFollowerState(121)) - 9ceef694-dbcf-4070-b7b1-3b3c65b6a699: shutdown FollowerState
2019-10-20 10:29:05,915 [grpc-default-executor-4] INFO  impl.RoleInfo (RoleInfo.java:shutdownFollowerState(121)) - 875da3d9-0dec-46c7-88bf-73f7a2372b64: shutdown FollowerState
2019-10-20 10:29:05,916 [Thread-2789] INFO  impl.FollowerState (FollowerState.java:run(117)) - 9ceef694-dbcf-4070-b7b1-3b3c65b6a699@group-75987F7FE399-FollowerState was interrupted: java.lang.InterruptedException: sleep interrupted
2019-10-20 10:29:05,916 [grpc-default-executor-3] INFO  impl.RoleInfo (RoleInfo.java:updateAndGet(143)) - 9ceef694-dbcf-4070-b7b1-3b3c65b6a699: start FollowerState
2019-10-20 10:29:05,916 [Thread-2788] INFO  impl.FollowerState (FollowerState.java:run(117)) - 875da3d9-0dec-46c7-88bf-73f7a2372b64@group-75987F7FE399-FollowerState was interrupted: java.lang.InterruptedException: sleep interrupted
2019-10-20 10:29:05,916 [grpc-default-executor-4] INFO  impl.RoleInfo (RoleInfo.java:updateAndGet(143)) - 875da3d9-0dec-46c7-88bf-73f7a2372b64: start FollowerState
2019-10-20 10:29:05,939 [df12c920-952d-4704-9c70-1a288e2f77c7@group-75987F7FE399-LeaderElection376] INFO  impl.LeaderElection (LeaderElection.java:logAndReturn(56)) - df12c920-952d-4704-9c70-1a288e2f77c7@group-75987F7FE399-LeaderElection376: Election REJECTED; received 2 response(s) [df12c920-952d-4704-9c70-1a288e2f77c7<-875da3d9-0dec-46c7-88bf-73f7a2372b64#0:FAIL-t425, df12c920-952d-4704-9c70-1a288e2f77c7<-9ceef694-dbcf-4070-b7b1-3b3c65b6a699#0:FAIL-t425] and 0 exception(s); df12c920-952d-4704-9c70-1a288e2f77c7@group-75987F7FE399:t425, leader=null, voted=df12c920-952d-4704-9c70-1a288e2f77c7, raftlog=df12c920-952d-4704-9c70-1a288e2f77c7@group-75987F7FE399-SegmentedRaftLog:OPENED:c-1,f-1,i0, conf=-1: [875da3d9-0dec-46c7-88bf-73f7a2372b64:192.168.69.89:39990, df12c920-952d-4704-9c70-1a288e2f77c7:192.168.69.89:43948, 9ceef694-dbcf-4070-b7b1-3b3c65b6a699:192.168.69.89:36536], old=null
2019-10-20 10:29:05,940 [df12c920-952d-4704-9c70-1a288e2f77c7@group-75987F7FE399-LeaderElection376] INFO  impl.RaftServerImpl (RaftServerImpl.java:setRole(184)) - df12c920-952d-4704-9c70-1a288e2f77c7@group-75987F7FE399: changes role from CANDIDATE to FOLLOWER at term 425 for DISCOVERED_A_NEW_TERM
2019-10-20 10:29:05,940 [df12c920-952d-4704-9c70-1a288e2f77c7@group-75987F7FE399-LeaderElection376] INFO  impl.RoleInfo (RoleInfo.java:shutdownLeaderElection(134)) - df12c920-952d-4704-9c70-1a288e2f77c7: shutdown LeaderElection
2019-10-20 10:29:05,940 [df12c920-952d-4704-9c70-1a288e2f77c7@group-75987F7FE399-LeaderElection376] INFO  impl.RoleInfo (RoleInfo.java:updateAndGet(143)) - df12c920-952d-4704-9c70-1a288e2f77c7: start FollowerState
2019-10-20 10:29:05,978 [Thread-2796] INFO  impl.FollowerState (FollowerState.java:run(108)) - df12c920-952d-4704-9c70-1a288e2f77c7@group-75987F7FE399-FollowerState: change to CANDIDATE, lastRpcTime:38ms, electionTimeout:38ms
2019-10-20 10:29:05,978 [Thread-2796] INFO  impl.RoleInfo (RoleInfo.java:shutdownFollowerState(121)) - df12c920-952d-4704-9c70-1a288e2f77c7: shutdown FollowerState
2019-10-20 10:29:05,979 [Thread-2796] INFO  impl.RaftServerImpl (RaftServerImpl.java:setRole(184)) - df12c920-952d-4704-9c70-1a288e2f77c7@group-75987F7FE399: changes role from  FOLLOWER to CANDIDATE at term 425 for changeToCandidate
2019-10-20 10:29:05,979 [Thread-2796] INFO  impl.RoleInfo (RoleInfo.java:updateAndGet(143)) - df12c920-952d-4704-9c70-1a288e2f77c7: start LeaderElection
2019-10-20 10:29:05,994 [df12c920-952d-4704-9c70-1a288e2f77c7@group-75987F7FE399-LeaderElection377] INFO  impl.LeaderElection (LeaderElection.java:askForVotes(178)) - df12c920-952d-4704-9c70-1a288e2f77c7@group-75987F7FE399-LeaderElection377: begin an election at term 426 for -1: [875da3d9-0dec-46c7-88bf-73f7a2372b64:192.168.69.89:39990, df12c920-952d-4704-9c70-1a288e2f77c7:192.168.69.89:43948, 9ceef694-dbcf-4070-b7b1-3b3c65b6a699:192.168.69.89:36536], old=null
2019-10-20 10:29:05,995 [grpc-default-executor-3] INFO  impl.RaftServerImpl (RaftServerImpl.java:setRole(184)) - 875da3d9-0dec-46c7-88bf-73f7a2372b64@group-75987F7FE399: changes role from  FOLLOWER to FOLLOWER at term 426 for recognizeCandidate:df12c920-952d-4704-9c70-1a288e2f77c7
2019-10-20 10:29:05,996 [grpc-default-executor-3] INFO  impl.RoleInfo (RoleInfo.java:shutdownFollowerState(121)) - 875da3d9-0dec-46c7-88bf-73f7a2372b64: shutdown FollowerState
2019-10-20 10:29:05,996 [grpc-default-executor-4] INFO  impl.RaftServerImpl (RaftServerImpl.java:setRole(184)) - 9ceef694-dbcf-4070-b7b1-3b3c65b6a699@group-75987F7FE399: changes role from  FOLLOWER to FOLLOWER at term 426 for recognizeCandidate:df12c920-952d-4704-9c70-1a288e2f77c7
2019-10-20 10:29:05,996 [grpc-default-executor-4] INFO  impl.RoleInfo (RoleInfo.java:shutdownFollowerState(121)) - 9ceef694-dbcf-4070-b7b1-3b3c65b6a699: shutdown FollowerState
2019-10-20 10:29:05,996 [Thread-2795] INFO  impl.FollowerState (FollowerState.java:run(117)) - 875da3d9-0dec-46c7-88bf-73f7a2372b64@group-75987F7FE399-FollowerState was interrupted: java.lang.InterruptedException: sleep interrupted
2019-10-20 10:29:05,996 [grpc-default-executor-3] INFO  impl.RoleInfo (RoleInfo.java:updateAndGet(143)) - 875da3d9-0dec-46c7-88bf-73f7a2372b64: start FollowerState
2019-10-20 10:29:05,996 [Thread-2794] INFO  impl.FollowerState (FollowerState.java:run(117)) - 9ceef694-dbcf-4070-b7b1-3b3c65b6a699@group-75987F7FE399-FollowerState was interrupted: java.lang.InterruptedException: sleep interrupted
2019-10-20 10:29:05,996 [grpc-default-executor-4] INFO  impl.RoleInfo (RoleInfo.java:updateAndGet(143)) - 9ceef694-dbcf-4070-b7b1-3b3c65b6a699: start FollowerState
2019-10-20 10:29:06,020 [df12c920-952d-4704-9c70-1a288e2f77c7@group-75987F7FE399-LeaderElection377] INFO  impl.LeaderElection (LeaderElection.java:logAndReturn(56)) - df12c920-952d-4704-9c70-1a288e2f77c7@group-75987F7FE399-LeaderElection377: Election REJECTED; received 2 response(s) [df12c920-952d-4704-9c70-1a288e2f77c7<-875da3d9-0dec-46c7-88bf-73f7a2372b64#0:FAIL-t426, df12c920-952d-4704-9c70-1a288e2f77c7<-9ceef694-dbcf-4070-b7b1-3b3c65b6a699#0:FAIL-t426] and 0 exception(s); df12c920-952d-4704-9c70-1a288e2f77c7@group-75987F7FE399:t426, leader=null, voted=df12c920-952d-4704-9c70-1a288e2f77c7, raftlog=df12c920-952d-4704-9c70-1a288e2f77c7@group-75987F7FE399-SegmentedRaftLog:OPENED:c-1,f-1,i0, conf=-1: [875da3d9-0dec-46c7-88bf-73f7a2372b64:192.168.69.89:39990, df12c920-952d-4704-9c70-1a288e2f77c7:192.168.69.89:43948, 9ceef694-dbcf-4070-b7b1-3b3c65b6a699:192.168.69.89:36536], old=null
2019-10-20 10:29:06,021 [df12c920-952d-4704-9c70-1a288e2f77c7@group-75987F7FE399-LeaderElection377] INFO  impl.RaftServerImpl (RaftServerImpl.java:setRole(184)) - df12c920-952d-4704-9c70-1a288e2f77c7@group-75987F7FE399: changes role from CANDIDATE to FOLLOWER at term 426 for DISCOVERED_A_NEW_TERM
2019-10-20 10:29:06,021 [df12c920-952d-4704-9c70-1a288e2f77c7@group-75987F7FE399-LeaderElection377] INFO  impl.RoleInfo (RoleInfo.java:shutdownLeaderElection(134)) - df12c920-952d-4704-9c70-1a288e2f77c7: shutdown LeaderElection
2019-10-20 10:29:06,021 [df12c920-952d-4704-9c70-1a288e2f77c7@group-75987F7FE399-LeaderElection377] INFO  impl.RoleInfo (RoleInfo.java:updateAndGet(143)) - df12c920-952d-4704-9c70-1a288e2f77c7: start FollowerState
2019-10-20 10:29:06,057 [Thread-2802] INFO  impl.FollowerState (FollowerState.java:run(108)) - df12c920-952d-4704-9c70-1a288e2f77c7@group-75987F7FE399-FollowerState: change to CANDIDATE, lastRpcTime:36ms, electionTimeout:36ms
2019-10-20 10:29:06,057 [Thread-2802] INFO  impl.RoleInfo (RoleInfo.java:shutdownFollowerState(121)) - df12c920-952d-4704-9c70-1a288e2f77c7: shutdown FollowerState
2019-10-20 10:29:06,058 [Thread-2802] INFO  impl.RaftServerImpl (RaftServerImpl.java:setRole(184)) - df12c920-952d-4704-9c70-1a288e2f77c7@group-75987F7FE399: changes role from  FOLLOWER to CANDIDATE at term 426 for changeToCandidate
2019-10-20 10:29:06,058 [Thread-2802] INFO  impl.RoleInfo (RoleInfo.java:updateAndGet(143)) - df12c920-952d-4704-9c70-1a288e2f77c7: start LeaderElection
2019-10-20 10:29:06,072 [df12c920-952d-4704-9c70-1a288e2f77c7@group-75987F7FE399-LeaderElection378] INFO  impl.LeaderElection (LeaderElection.java:askForVotes(178)) - df12c920-952d-4704-9c70-1a288e2f77c7@group-75987F7FE399-LeaderElection378: begin an election at term 427 for -1: [875da3d9-0dec-46c7-88bf-73f7a2372b64:192.168.69.89:39990, df12c920-952d-4704-9c70-1a288e2f77c7:192.168.69.89:43948, 9ceef694-dbcf-4070-b7b1-3b3c65b6a699:192.168.69.89:36536], old=null
2019-10-20 10:29:06,074 [grpc-default-executor-4] INFO  impl.RaftServerImpl (RaftServerImpl.java:setRole(184)) - 875da3d9-0dec-46c7-88bf-73f7a2372b64@group-75987F7FE399: changes role from  FOLLOWER to FOLLOWER at term 427 for recognizeCandidate:df12c920-952d-4704-9c70-1a288e2f77c7
2019-10-20 10:29:06,074 [grpc-default-executor-4] INFO  impl.RoleInfo (RoleInfo.java:shutdownFollowerState(121)) - 875da3d9-0dec-46c7-88bf-73f7a2372b64: shutdown FollowerState
2019-10-20 10:29:06,074 [grpc-default-executor-4] INFO  impl.RoleInfo (RoleInfo.java:updateAndGet(143)) - 875da3d9-0dec-46c7-88bf-73f7a2372b64: start FollowerState
2019-10-20 10:29:06,075 [grpc-default-executor-3] INFO  impl.RaftServerImpl (RaftServerImpl.java:setRole(184)) - 9ceef694-dbcf-4070-b7b1-3b3c65b6a699@group-75987F7FE399: changes role from  FOLLOWER to FOLLOWER at term 427 for recognizeCandidate:df12c920-952d-4704-9c70-1a288e2f77c7
2019-10-20 10:29:06,074 [Thread-2800] INFO  impl.FollowerState (FollowerState.java:run(117)) - 875da3d9-0dec-46c7-88bf-73f7a2372b64@group-75987F7FE399-FollowerState was interrupted: java.lang.InterruptedException: sleep interrupted
2019-10-20 10:29:06,075 [grpc-default-executor-3] INFO  impl.RoleInfo (RoleInfo.java:shutdownFollowerState(121)) - 9ceef694-dbcf-4070-b7b1-3b3c65b6a699: shutdown FollowerState
2019-10-20 10:29:06,075 [grpc-default-executor-3] INFO  impl.RoleInfo (RoleInfo.java:updateAndGet(143)) - 9ceef694-dbcf-4070-b7b1-3b3c65b6a699: start FollowerState
2019-10-20 10:29:06,075 [Thread-2801] INFO  impl.FollowerState (FollowerState.java:run(117)) - 9ceef694-dbcf-4070-b7b1-3b3c65b6a699@group-75987F7FE399-FollowerState was interrupted: java.lang.InterruptedException: sleep interrupted
2019-10-20 10:29:06,099 [df12c920-952d-4704-9c70-1a288e2f77c7@group-75987F7FE399-LeaderElection378] INFO  impl.LeaderElection (LeaderElection.java:logAndReturn(56)) - df12c920-952d-4704-9c70-1a288e2f77c7@group-75987F7FE399-LeaderElection378: Election REJECTED; received 2 response(s) [df12c920-952d-4704-9c70-1a288e2f77c7<-875da3d9-0dec-46c7-88bf-73f7a2372b64#0:FAIL-t427, df12c920-952d-4704-9c70-1a288e2f77c7<-9ceef694-dbcf-4070-b7b1-3b3c65b6a699#0:FAIL-t427] and 0 exception(s); df12c920-952d-4704-9c70-1a288e2f77c7@group-75987F7FE399:t427, leader=null, voted=df12c920-952d-4704-9c70-1a288e2f77c7, raftlog=df12c920-952d-4704-9c70-1a288e2f77c7@group-75987F7FE399-SegmentedRaftLog:OPENED:c-1,f-1,i0, conf=-1: [875da3d9-0dec-46c7-88bf-73f7a2372b64:192.168.69.89:39990, df12c920-952d-4704-9c70-1a288e2f77c7:192.168.69.89:43948, 9ceef694-dbcf-4070-b7b1-3b3c65b6a699:192.168.69.89:36536], old=null
2019-10-20 10:29:06,099 [df12c920-952d-4704-9c70-1a288e2f77c7@group-75987F7FE399-LeaderElection378] INFO  impl.RaftServerImpl (RaftServerImpl.java:setRole(184)) - df12c920-952d-4704-9c70-1a288e2f77c7@group-75987F7FE399: changes role from CANDIDATE to FOLLOWER at term 427 for DISCOVERED_A_NEW_TERM
2019-10-20 10:29:06,099 [df12c920-952d-4704-9c70-1a288e2f77c7@group-75987F7FE399-LeaderElection378] INFO  impl.RoleInfo (RoleInfo.java:shutdownLeaderElection(134)) - df12c920-952d-4704-9c70-1a288e2f77c7: shutdown LeaderElection
2019-10-20 10:29:06,100 [df12c920-952d-4704-9c70-1a288e2f77c7@group-75987F7FE399-LeaderElection378] INFO  impl.RoleInfo (RoleInfo.java:updateAndGet(143)) - df12c920-952d-4704-9c70-1a288e2f77c7: start FollowerState
2019-10-20 10:29:06,216 [Thread-2808] INFO  impl.FollowerState (FollowerState.java:run(108)) - df12c920-952d-4704-9c70-1a288e2f77c7@group-75987F7FE399-FollowerState: change to CANDIDATE, lastRpcTime:116ms, electionTimeout:116ms
2019-10-20 10:29:06,216 [Thread-2808] INFO  impl.RoleInfo (RoleInfo.java:shutdownFollowerState(121)) - df12c920-952d-4704-9c70-1a288e2f77c7: shutdown FollowerState
2019-10-20 10:29:06,216 [Thread-2808] INFO  impl.RaftServerImpl (RaftServerImpl.java:setRole(184)) - df12c920-952d-4704-9c70-1a288e2f77c7@group-75987F7FE399: changes role from  FOLLOWER to CANDIDATE at term 427 for changeToCandidate
2019-10-20 10:29:06,216 [Thread-2808] INFO  impl.RoleInfo (RoleInfo.java:updateAndGet(143)) - df12c920-952d-4704-9c70-1a288e2f77c7: start LeaderElection
2019-10-20 10:29:06,231 [df12c920-952d-4704-9c70-1a288e2f77c7@group-75987F7FE399-LeaderElection379] INFO  impl.LeaderElection (LeaderElection.java:askForVotes(178)) - df12c920-952d-4704-9c70-1a288e2f77c7@group-75987F7FE399-LeaderElection379: begin an election at term 428 for -1: [875da3d9-0dec-46c7-88bf-73f7a2372b64:192.168.69.89:39990, df12c920-952d-4704-9c70-1a288e2f77c7:192.168.69.89:43948, 9ceef694-dbcf-4070-b7b1-3b3c65b6a699:192.168.69.89:36536], old=null
2019-10-20 10:29:06,233 [grpc-default-executor-3] INFO  impl.RaftServerImpl (RaftServerImpl.java:setRole(184)) - 875da3d9-0dec-46c7-88bf-73f7a2372b64@group-75987F7FE399: changes role from  FOLLOWER to FOLLOWER at term 428 for recognizeCandidate:df12c920-952d-4704-9c70-1a288e2f77c7
2019-10-20 10:29:06,233 [grpc-default-executor-3] INFO  impl.RoleInfo (RoleInfo.java:shutdownFollowerState(121)) - 875da3d9-0dec-46c7-88bf-73f7a2372b64: shutdown FollowerState
2019-10-20 10:29:06,233 [grpc-default-executor-4] INFO  impl.RaftServerImpl (RaftServerImpl.java:setRole(184)) - 9ceef694-dbcf-4070-b7b1-3b3c65b6a699@group-75987F7FE399: changes role from  FOLLOWER to FOLLOWER at term 428 for recognizeCandidate:df12c920-952d-4704-9c70-1a288e2f77c7
2019-10-20 10:29:06,233 [grpc-default-executor-4] INFO  impl.RoleInfo (RoleInfo.java:shutdownFollowerState(121)) - 9ceef694-dbcf-4070-b7b1-3b3c65b6a699: shutdown FollowerState
2019-10-20 10:29:06,233 [Thread-2806] INFO  impl.FollowerState (FollowerState.java:run(117)) - 875da3d9-0dec-46c7-88bf-73f7a2372b64@group-75987F7FE399-FollowerState was interrupted: java.lang.InterruptedException: sleep interrupted
2019-10-20 10:29:06,233 [grpc-default-executor-3] INFO  impl.RoleInfo (RoleInfo.java:updateAndGet(143)) - 875da3d9-0dec-46c7-88bf-73f7a2372b64: start FollowerState
2019-10-20 10:29:06,234 [Thread-2807] INFO  impl.FollowerState (FollowerState.java:run(117)) - 9ceef694-dbcf-4070-b7b1-3b3c65b6a699@group-75987F7FE399-FollowerState was interrupted: java.lang.InterruptedException: sleep interrupted
2019-10-20 10:29:06,233 [grpc-default-executor-4] INFO  impl.RoleInfo (RoleInfo.java:updateAndGet(143)) - 9ceef694-dbcf-4070-b7b1-3b3c65b6a699: start FollowerState
2019-10-20 10:29:06,249 [df12c920-952d-4704-9c70-1a288e2f77c7@group-75987F7FE399-LeaderElection379] INFO  impl.LeaderElection (LeaderElection.java:logAndReturn(56)) - df12c920-952d-4704-9c70-1a288e2f77c7@group-75987F7FE399-LeaderElection379: Election REJECTED; received 2 response(s) [df12c920-952d-4704-9c70-1a288e2f77c7<-875da3d9-0dec-46c7-88bf-73f7a2372b64#0:FAIL-t428, df12c920-952d-4704-9c70-1a288e2f77c7<-9ceef694-dbcf-4070-b7b1-3b3c65b6a699#0:FAIL-t428] and 0 exception(s); df12c920-952d-4704-9c70-1a288e2f77c7@group-75987F7FE399:t428, leader=null, voted=df12c920-952d-4704-9c70-1a288e2f77c7, raftlog=df12c920-952d-4704-9c70-1a288e2f77c7@group-75987F7FE399-SegmentedRaftLog:OPENED:c-1,f-1,i0, conf=-1: [875da3d9-0dec-46c7-88bf-73f7a2372b64:192.168.69.89:39990, df12c920-952d-4704-9c70-1a288e2f77c7:192.168.69.89:43948, 9ceef694-dbcf-4070-b7b1-3b3c65b6a699:192.168.69.89:36536], old=null
2019-10-20 10:29:06,249 [df12c920-952d-4704-9c70-1a288e2f77c7@group-75987F7FE399-LeaderElection379] INFO  impl.RaftServerImpl (RaftServerImpl.java:setRole(184)) - df12c920-952d-4704-9c70-1a288e2f77c7@group-75987F7FE399: changes role from CANDIDATE to FOLLOWER at term 428 for DISCOVERED_A_NEW_TERM
2019-10-20 10:29:06,249 [df12c920-952d-4704-9c70-1a288e2f77c7@group-75987F7FE399-LeaderElection379] INFO  impl.RoleInfo (RoleInfo.java:shutdownLeaderElection(134)) - df12c920-952d-4704-9c70-1a288e2f77c7: shutdown LeaderElection
2019-10-20 10:29:06,249 [df12c920-952d-4704-9c70-1a288e2f77c7@group-75987F7FE399-LeaderElection379] INFO  impl.RoleInfo (RoleInfo.java:updateAndGet(143)) - df12c920-952d-4704-9c70-1a288e2f77c7: start FollowerState
2019-10-20 10:29:06,431 [Thread-2814] INFO  impl.FollowerState (FollowerState.java:run(108)) - df12c920-952d-4704-9c70-1a288e2f77c7@group-75987F7FE399-FollowerState: change to CANDIDATE, lastRpcTime:181ms, electionTimeout:181ms
2019-10-20 10:29:06,431 [Thread-2814] INFO  impl.RoleInfo (RoleInfo.java:shutdownFollowerState(121)) - df12c920-952d-4704-9c70-1a288e2f77c7: shutdown FollowerState
2019-10-20 10:29:06,431 [Thread-2814] INFO  impl.RaftServerImpl (RaftServerImpl.java:setRole(184)) - df12c920-952d-4704-9c70-1a288e2f77c7@group-75987F7FE399: changes role from  FOLLOWER to CANDIDATE at term 428 for changeToCandidate
2019-10-20 10:29:06,432 [Thread-2814] INFO  impl.RoleInfo (RoleInfo.java:updateAndGet(143)) - df12c920-952d-4704-9c70-1a288e2f77c7: start LeaderElection
2019-10-20 10:29:06,457 [df12c920-952d-4704-9c70-1a288e2f77c7@group-75987F7FE399-LeaderElection380] INFO  impl.LeaderElection (LeaderElection.java:askForVotes(178)) - df12c920-952d-4704-9c70-1a288e2f77c7@group-75987F7FE399-LeaderElection380: begin an election at term 429 for -1: [875da3d9-0dec-46c7-88bf-73f7a2372b64:192.168.69.89:39990, df12c920-952d-4704-9c70-1a288e2f77c7:192.168.69.89:43948, 9ceef694-dbcf-4070-b7b1-3b3c65b6a699:192.168.69.89:36536], old=null
2019-10-20 10:29:06,459 [grpc-default-executor-3] INFO  impl.RaftServerImpl (RaftServerImpl.java:setRole(184)) - 875da3d9-0dec-46c7-88bf-73f7a2372b64@group-75987F7FE399: changes role from  FOLLOWER to FOLLOWER at term 429 for recognizeCandidate:df12c920-952d-4704-9c70-1a288e2f77c7
2019-10-20 10:29:06,459 [grpc-default-executor-3] INFO  impl.RoleInfo (RoleInfo.java:shutdownFollowerState(121)) - 875da3d9-0dec-46c7-88bf-73f7a2372b64: shutdown FollowerState
2019-10-20 10:29:06,459 [grpc-default-executor-4] INFO  impl.RaftServerImpl (RaftServerImpl.java:setRole(184)) - 9ceef694-dbcf-4070-b7b1-3b3c65b6a699@group-75987F7FE399: changes role from  FOLLOWER to FOLLOWER at term 429 for recognizeCandidate:df12c920-952d-4704-9c70-1a288e2f77c7
2019-10-20 10:29:06,459 [Thread-2812] INFO  impl.FollowerState (FollowerState.java:run(117)) - 875da3d9-0dec-46c7-88bf-73f7a2372b64@group-75987F7FE399-FollowerState was interrupted: java.lang.InterruptedException: sleep interrupted
2019-10-20 10:29:06,459 [grpc-default-executor-3] INFO  impl.RoleInfo (RoleInfo.java:updateAndGet(143)) - 875da3d9-0dec-46c7-88bf-73f7a2372b64: start FollowerState
2019-10-20 10:29:06,460 [grpc-default-executor-4] INFO  impl.RoleInfo (RoleInfo.java:shutdownFollowerState(121)) - 9ceef694-dbcf-4070-b7b1-3b3c65b6a699: shutdown FollowerState
2019-10-20 10:29:06,460 [grpc-default-executor-4] INFO  impl.RoleInfo (RoleInfo.java:updateAndGet(143)) - 9ceef694-dbcf-4070-b7b1-3b3c65b6a699: start FollowerState
2019-10-20 10:29:06,460 [Thread-2813] INFO  impl.FollowerState (FollowerState.java:run(117)) - 9ceef694-dbcf-4070-b7b1-3b3c65b6a699@group-75987F7FE399-FollowerState was interrupted: java.lang.InterruptedException: sleep interrupted
2019-10-20 10:29:06,474 [df12c920-952d-4704-9c70-1a288e2f77c7@group-75987F7FE399-LeaderElection380] INFO  impl.LeaderElection (LeaderElection.java:logAndReturn(56)) - df12c920-952d-4704-9c70-1a288e2f77c7@group-75987F7FE399-LeaderElection380: Election REJECTED; received 2 response(s) [df12c920-952d-4704-9c70-1a288e2f77c7<-875da3d9-0dec-46c7-88bf-73f7a2372b64#0:FAIL-t429, df12c920-952d-4704-9c70-1a288e2f77c7<-9ceef694-dbcf-4070-b7b1-3b3c65b6a699#0:FAIL-t429] and 0 exception(s); df12c920-952d-4704-9c70-1a288e2f77c7@group-75987F7FE399:t429, leader=null, voted=df12c920-952d-4704-9c70-1a288e2f77c7, raftlog=df12c920-952d-4704-9c70-1a288e2f77c7@group-75987F7FE399-SegmentedRaftLog:OPENED:c-1,f-1,i0, conf=-1: [875da3d9-0dec-46c7-88bf-73f7a2372b64:192.168.69.89:39990, df12c920-952d-4704-9c70-1a288e2f77c7:192.168.69.89:43948, 9ceef694-dbcf-4070-b7b1-3b3c65b6a699:192.168.69.89:36536], old=null
2019-10-20 10:29:06,474 [df12c920-952d-4704-9c70-1a288e2f77c7@group-75987F7FE399-LeaderElection380] INFO  impl.RaftServerImpl (RaftServerImpl.java:setRole(184)) - df12c920-952d-4704-9c70-1a288e2f77c7@group-75987F7FE399: changes role from CANDIDATE to FOLLOWER at term 429 for DISCOVERED_A_NEW_TERM
2019-10-20 10:29:06,474 [df12c920-952d-4704-9c70-1a288e2f77c7@group-75987F7FE399-LeaderElection380] INFO  impl.RoleInfo (RoleInfo.java:shutdownLeaderElection(134)) - df12c920-952d-4704-9c70-1a288e2f77c7: shutdown LeaderElection
2019-10-20 10:29:06,474 [df12c920-952d-4704-9c70-1a288e2f77c7@group-75987F7FE399-LeaderElection380] INFO  impl.RoleInfo (RoleInfo.java:updateAndGet(143)) - df12c920-952d-4704-9c70-1a288e2f77c7: start FollowerState
2019-10-20 10:29:06,658 [Thread-2822] INFO  impl.FollowerState (FollowerState.java:run(108)) - df12c920-952d-4704-9c70-1a288e2f77c7@group-75987F7FE399-FollowerState: change to CANDIDATE, lastRpcTime:183ms, electionTimeout:183ms
2019-10-20 10:29:06,658 [Thread-2822] INFO  impl.RoleInfo (RoleInfo.java:shutdownFollowerState(121)) - df12c920-952d-4704-9c70-1a288e2f77c7: shutdown FollowerState
2019-10-20 10:29:06,658 [Thread-2822] INFO  impl.RaftServerImpl (RaftServerImpl.java:setRole(184)) - df12c920-952d-4704-9c70-1a288e2f77c7@group-75987F7FE399: changes role from  FOLLOWER to CANDIDATE at term 429 for changeToCandidate
2019-10-20 10:29:06,658 [Thread-2822] INFO  impl.RoleInfo (RoleInfo.java:updateAndGet(143)) - df12c920-952d-4704-9c70-1a288e2f77c7: start LeaderElection
2019-10-20 10:29:06,680 [df12c920-952d-4704-9c70-1a288e2f77c7@group-75987F7FE399-LeaderElection381] INFO  impl.LeaderElection (LeaderElection.java:askForVotes(178)) - df12c920-952d-4704-9c70-1a288e2f77c7@group-75987F7FE399-LeaderElection381: begin an election at term 430 for -1: [875da3d9-0dec-46c7-88bf-73f7a2372b64:192.168.69.89:39990, df12c920-952d-4704-9c70-1a288e2f77c7:192.168.69.89:43948, 9ceef694-dbcf-4070-b7b1-3b3c65b6a699:192.168.69.89:36536], old=null
2019-10-20 10:29:06,683 [grpc-default-executor-4] INFO  impl.RaftServerImpl (RaftServerImpl.java:setRole(184)) - 875da3d9-0dec-46c7-88bf-73f7a2372b64@group-75987F7FE399: changes role from  FOLLOWER to FOLLOWER at term 430 for recognizeCandidate:df12c920-952d-4704-9c70-1a288e2f77c7
2019-10-20 10:29:06,683 [grpc-default-executor-4] INFO  impl.RoleInfo (RoleInfo.java:shutdownFollowerState(121)) - 875da3d9-0dec-46c7-88bf-73f7a2372b64: shutdown FollowerState
2019-10-20 10:29:06,683 [grpc-default-executor-4] INFO  impl.RoleInfo (RoleInfo.java:updateAndGet(143)) - 875da3d9-0dec-46c7-88bf-73f7a2372b64: start FollowerState
2019-10-20 10:29:06,683 [grpc-default-executor-3] INFO  impl.RaftServerImpl (RaftServerImpl.java:setRole(184)) - 9ceef694-dbcf-4070-b7b1-3b3c65b6a699@group-75987F7FE399: changes role from  FOLLOWER to FOLLOWER at term 430 for recognizeCandidate:df12c920-952d-4704-9c70-1a288e2f77c7
2019-10-20 10:29:06,683 [Thread-2820] INFO  impl.FollowerState (FollowerState.java:run(117)) - 875da3d9-0dec-46c7-88bf-73f7a2372b64@group-75987F7FE399-FollowerState was interrupted: java.lang.InterruptedException: sleep interrupted
2019-10-20 10:29:06,683 [grpc-default-executor-3] INFO  impl.RoleInfo (RoleInfo.java:shutdownFollowerState(121)) - 9ceef694-dbcf-4070-b7b1-3b3c65b6a699: shutdown FollowerState
2019-10-20 10:29:06,684 [grpc-default-executor-3] INFO  impl.RoleInfo (RoleInfo.java:updateAndGet(143)) - 9ceef694-dbcf-4070-b7b1-3b3c65b6a699: start FollowerState
2019-10-20 10:29:06,684 [Thread-2821] INFO  impl.FollowerState (FollowerState.java:run(117)) - 9ceef694-dbcf-4070-b7b1-3b3c65b6a699@group-75987F7FE399-FollowerState was interrupted: java.lang.InterruptedException: sleep interrupted
2019-10-20 10:29:06,697 [df12c920-952d-4704-9c70-1a288e2f77c7@group-75987F7FE399-LeaderElection381] INFO  impl.LeaderElection (LeaderElection.java:logAndReturn(56)) - df12c920-952d-4704-9c70-1a288e2f77c7@group-75987F7FE399-LeaderElection381: Election REJECTED; received 2 response(s) [df12c920-952d-4704-9c70-1a288e2f77c7<-875da3d9-0dec-46c7-88bf-73f7a2372b64#0:FAIL-t430, df12c920-952d-4704-9c70-1a288e2f77c7<-9ceef694-dbcf-4070-b7b1-3b3c65b6a699#0:FAIL-t430] and 0 exception(s); df12c920-952d-4704-9c70-1a288e2f77c7@group-75987F7FE399:t430, leader=null, voted=df12c920-952d-4704-9c70-1a288e2f77c7, raftlog=df12c920-952d-4704-9c70-1a288e2f77c7@group-75987F7FE399-SegmentedRaftLog:OPENED:c-1,f-1,i0, conf=-1: [875da3d9-0dec-46c7-88bf-73f7a2372b64:192.168.69.89:39990, df12c920-952d-4704-9c70-1a288e2f77c7:192.168.69.89:43948, 9ceef694-dbcf-4070-b7b1-3b3c65b6a699:192.168.69.89:36536], old=null
2019-10-20 10:29:06,697 [df12c920-952d-4704-9c70-1a288e2f77c7@group-75987F7FE399-LeaderElection381] INFO  impl.RaftServerImpl (RaftServerImpl.java:setRole(184)) - df12c920-952d-4704-9c70-1a288e2f77c7@group-75987F7FE399: changes role from CANDIDATE to FOLLOWER at term 430 for DISCOVERED_A_NEW_TERM
2019-10-20 10:29:06,697 [df12c920-952d-4704-9c70-1a288e2f77c7@group-75987F7FE399-LeaderElection381] INFO  impl.RoleInfo (RoleInfo.java:shutdownLeaderElection(134)) - df12c920-952d-4704-9c70-1a288e2f77c7: shutdown LeaderElection
2019-10-20 10:29:06,698 [df12c920-952d-4704-9c70-1a288e2f77c7@group-75987F7FE399-LeaderElection381] INFO  impl.RoleInfo (RoleInfo.java:updateAndGet(143)) - df12c920-952d-4704-9c70-1a288e2f77c7: start FollowerState
2019-10-20 10:29:06,742 [Thread-2830] INFO  impl.FollowerState (FollowerState.java:run(108)) - df12c920-952d-4704-9c70-1a288e2f77c7@group-75987F7FE399-FollowerState: change to CANDIDATE, lastRpcTime:44ms, electionTimeout:44ms
2019-10-20 10:29:06,742 [Thread-2830] INFO  impl.RoleInfo (RoleInfo.java:shutdownFollowerState(121)) - df12c920-952d-4704-9c70-1a288e2f77c7: shutdown FollowerState
2019-10-20 10:29:06,742 [Thread-2830] INFO  impl.RaftServerImpl (RaftServerImpl.java:setRole(184)) - df12c920-952d-4704-9c70-1a288e2f77c7@group-75987F7FE399: changes role from  FOLLOWER to CANDIDATE at term 430 for changeToCandidate
2019-10-20 10:29:06,742 [Thread-2830] INFO  impl.RoleInfo (RoleInfo.java:updateAndGet(143)) - df12c920-952d-4704-9c70-1a288e2f77c7: start LeaderElection
2019-10-20 10:29:06,756 [df12c920-952d-4704-9c70-1a288e2f77c7@group-75987F7FE399-LeaderElection382] INFO  impl.LeaderElection (LeaderElection.java:askForVotes(178)) - df12c920-952d-4704-9c70-1a288e2f77c7@group-75987F7FE399-LeaderElection382: begin an election at term 431 for -1: [875da3d9-0dec-46c7-88bf-73f7a2372b64:192.168.69.89:39990, df12c920-952d-4704-9c70-1a288e2f77c7:192.168.69.89:43948, 9ceef694-dbcf-4070-b7b1-3b3c65b6a699:192.168.69.89:36536], old=null
2019-10-20 10:29:06,757 [grpc-default-executor-3] INFO  impl.RaftServerImpl (RaftServerImpl.java:setRole(184)) - 875da3d9-0dec-46c7-88bf-73f7a2372b64@group-75987F7FE399: changes role from  FOLLOWER to FOLLOWER at term 431 for recognizeCandidate:df12c920-952d-4704-9c70-1a288e2f77c7
2019-10-20 10:29:06,758 [grpc-default-executor-3] INFO  impl.RoleInfo (RoleInfo.java:shutdownFollowerState(121)) - 875da3d9-0dec-46c7-88bf-73f7a2372b64: shutdown FollowerState
2019-10-20 10:29:06,758 [grpc-default-executor-3] INFO  impl.RoleInfo (RoleInfo.java:updateAndGet(143)) - 875da3d9-0dec-46c7-88bf-73f7a2372b64: start FollowerState
2019-10-20 10:29:06,758 [Thread-2827] INFO  impl.FollowerState (FollowerState.java:run(117)) - 875da3d9-0dec-46c7-88bf-73f7a2372b64@group-75987F7FE399-FollowerState was interrupted: java.lang.InterruptedException: sleep interrupted
2019-10-20 10:29:06,758 [grpc-default-executor-4] INFO  impl.RaftServerImpl (RaftServerImpl.java:setRole(184)) - 9ceef694-dbcf-4070-b7b1-3b3c65b6a699@group-75987F7FE399: changes role from  FOLLOWER to FOLLOWER at term 431 for recognizeCandidate:df12c920-952d-4704-9c70-1a288e2f77c7
2019-10-20 10:29:06,758 [grpc-default-executor-4] INFO  impl.RoleInfo (RoleInfo.java:shutdownFollowerState(121)) - 9ceef694-dbcf-4070-b7b1-3b3c65b6a699: shutdown FollowerState
2019-10-20 10:29:06,758 [grpc-default-executor-4] INFO  impl.RoleInfo (RoleInfo.java:updateAndGet(143)) - 9ceef694-dbcf-4070-b7b1-3b3c65b6a699: start FollowerState
2019-10-20 10:29:06,758 [Thread-2828] INFO  impl.FollowerState (FollowerState.java:run(117)) - 9ceef694-dbcf-4070-b7b1-3b3c65b6a699@group-75987F7FE399-FollowerState was interrupted: java.lang.InterruptedException: sleep interrupted
2019-10-20 10:29:06,773 [df12c920-952d-4704-9c70-1a288e2f77c7@group-75987F7FE399-LeaderElection382] INFO  impl.LeaderElection (LeaderElection.java:logAndReturn(56)) - df12c920-952d-4704-9c70-1a288e2f77c7@group-75987F7FE399-LeaderElection382: Election REJECTED; received 2 response(s) [df12c920-952d-4704-9c70-1a288e2f77c7<-875da3d9-0dec-46c7-88bf-73f7a2372b64#0:FAIL-t431, df12c920-952d-4704-9c70-1a288e2f77c7<-9ceef694-dbcf-4070-b7b1-3b3c65b6a699#0:FAIL-t431] and 0 exception(s); df12c920-952d-4704-9c70-1a288e2f77c7@group-75987F7FE399:t431, leader=null, voted=df12c920-952d-4704-9c70-1a288e2f77c7, raftlog=df12c920-952d-4704-9c70-1a288e2f77c7@group-75987F7FE399-SegmentedRaftLog:OPENED:c-1,f-1,i0, conf=-1: [875da3d9-0dec-46c7-88bf-73f7a2372b64:192.168.69.89:39990, df12c920-952d-4704-9c70-1a288e2f77c7:192.168.69.89:43948, 9ceef694-dbcf-4070-b7b1-3b3c65b6a699:192.168.69.89:36536], old=null
2019-10-20 10:29:06,773 [df12c920-952d-4704-9c70-1a288e2f77c7@group-75987F7FE399-LeaderElection382] INFO  impl.RaftServerImpl (RaftServerImpl.java:setRole(184)) - df12c920-952d-4704-9c70-1a288e2f77c7@group-75987F7FE399: changes role from CANDIDATE to FOLLOWER at term 431 for DISCOVERED_A_NEW_TERM
2019-10-20 10:29:06,773 [df12c920-952d-4704-9c70-1a288e2f77c7@group-75987F7FE399-LeaderElection382] INFO  impl.RoleInfo (RoleInfo.java:shutdownLeaderElection(134)) - df12c920-952d-4704-9c70-1a288e2f77c7: shutdown LeaderElection
2019-10-20 10:29:06,773 [df12c920-952d-4704-9c70-1a288e2f77c7@group-75987F7FE399-LeaderElection382] INFO  impl.RoleInfo (RoleInfo.java:updateAndGet(143)) - df12c920-952d-4704-9c70-1a288e2f77c7: start FollowerState
2019-10-20 10:29:06,940 [Thread-2837] INFO  impl.FollowerState (FollowerState.java:run(108)) - df12c920-952d-4704-9c70-1a288e2f77c7@group-75987F7FE399-FollowerState: change to CANDIDATE, lastRpcTime:167ms, electionTimeout:167ms
2019-10-20 10:29:06,941 [Thread-2837] INFO  impl.RoleInfo (RoleInfo.java:shutdownFollowerState(121)) - df12c920-952d-4704-9c70-1a288e2f77c7: shutdown FollowerState
2019-10-20 10:29:06,941 [Thread-2837] INFO  impl.RaftServerImpl (RaftServerImpl.java:setRole(184)) - df12c920-952d-4704-9c70-1a288e2f77c7@group-75987F7FE399: changes role from  FOLLOWER to CANDIDATE at term 431 for changeToCandidate
2019-10-20 10:29:06,941 [Thread-2837] INFO  impl.RoleInfo (RoleInfo.java:updateAndGet(143)) - df12c920-952d-4704-9c70-1a288e2f77c7: start LeaderElection
2019-10-20 10:29:06,963 [df12c920-952d-4704-9c70-1a288e2f77c7@group-75987F7FE399-LeaderElection383] INFO  impl.LeaderElection (LeaderElection.java:askForVotes(178)) - df12c920-952d-4704-9c70-1a288e2f77c7@group-75987F7FE399-LeaderElection383: begin an election at term 432 for -1: [875da3d9-0dec-46c7-88bf-73f7a2372b64:192.168.69.89:39990, df12c920-952d-4704-9c70-1a288e2f77c7:192.168.69.89:43948, 9ceef694-dbcf-4070-b7b1-3b3c65b6a699:192.168.69.89:36536], old=null
2019-10-20 10:29:06,966 [grpc-default-executor-4] INFO  impl.RaftServerImpl (RaftServerImpl.java:setRole(184)) - 875da3d9-0dec-46c7-88bf-73f7a2372b64@group-75987F7FE399: changes role from  FOLLOWER to FOLLOWER at term 432 for recognizeCandidate:df12c920-952d-4704-9c70-1a288e2f77c7
2019-10-20 10:29:06,966 [grpc-default-executor-4] INFO  impl.RoleInfo (RoleInfo.java:shutdownFollowerState(121)) - 875da3d9-0dec-46c7-88bf-73f7a2372b64: shutdown FollowerState
2019-10-20 10:29:06,966 [grpc-default-executor-3] INFO  impl.RaftServerImpl (RaftServerImpl.java:setRole(184)) - 9ceef694-dbcf-4070-b7b1-3b3c65b6a699@group-75987F7FE399: changes role from  FOLLOWER to FOLLOWER at term 432 for recognizeCandidate:df12c920-952d-4704-9c70-1a288e2f77c7
2019-10-20 10:29:06,966 [Thread-2834] INFO  impl.FollowerState (FollowerState.java:run(117)) - 875da3d9-0dec-46c7-88bf-73f7a2372b64@group-75987F7FE399-FollowerState was interrupted: java.lang.InterruptedException: sleep interrupted
2019-10-20 10:29:06,966 [grpc-default-executor-3] INFO  impl.RoleInfo (RoleInfo.java:shutdownFollowerState(121)) - 9ceef694-dbcf-4070-b7b1-3b3c65b6a699: shutdown FollowerState
2019-10-20 10:29:06,966 [grpc-default-executor-4] INFO  impl.RoleInfo (RoleInfo.java:updateAndGet(143)) - 875da3d9-0dec-46c7-88bf-73f7a2372b64: start FollowerState
2019-10-20 10:29:06,966 [Thread-2835] INFO  impl.FollowerState (FollowerState.java:run(117)) - 9ceef694-dbcf-4070-b7b1-3b3c65b6a699@group-75987F7FE399-FollowerState was interrupted: java.lang.InterruptedException: sleep interrupted
2019-10-20 10:29:06,966 [grpc-default-executor-3] INFO  impl.RoleInfo (RoleInfo.java:updateAndGet(143)) - 9ceef694-dbcf-4070-b7b1-3b3c65b6a699: start FollowerState
2019-10-20 10:29:06,991 [df12c920-952d-4704-9c70-1a288e2f77c7@group-75987F7FE399-LeaderElection383] INFO  impl.LeaderElection (LeaderElection.java:logAndReturn(56)) - df12c920-952d-4704-9c70-1a288e2f77c7@group-75987F7FE399-LeaderElection383: Election REJECTED; received 2 response(s) [df12c920-952d-4704-9c70-1a288e2f77c7<-875da3d9-0dec-46c7-88bf-73f7a2372b64#0:FAIL-t432, df12c920-952d-4704-9c70-1a288e2f77c7<-9ceef694-dbcf-4070-b7b1-3b3c65b6a699#0:FAIL-t432] and 0 exception(s); df12c920-952d-4704-9c70-1a288e2f77c7@group-75987F7FE399:t432, leader=null, voted=df12c920-952d-4704-9c70-1a288e2f77c7, raftlog=df12c920-952d-4704-9c70-1a288e2f77c7@group-75987F7FE399-SegmentedRaftLog:OPENED:c-1,f-1,i0, conf=-1: [875da3d9-0dec-46c7-88bf-73f7a2372b64:192.168.69.89:39990, df12c920-952d-4704-9c70-1a288e2f77c7:192.168.69.89:43948, 9ceef694-dbcf-4070-b7b1-3b3c65b6a699:192.168.69.89:36536], old=null
2019-10-20 10:29:06,991 [df12c920-952d-4704-9c70-1a288e2f77c7@group-75987F7FE399-LeaderElection383] INFO  impl.RaftServerImpl (RaftServerImpl.java:setRole(184)) - df12c920-952d-4704-9c70-1a288e2f77c7@group-75987F7FE399: changes role from CANDIDATE to FOLLOWER at term 432 for DISCOVERED_A_NEW_TERM
2019-10-20 10:29:06,992 [df12c920-952d-4704-9c70-1a288e2f77c7@group-75987F7FE399-LeaderElection383] INFO  impl.RoleInfo (RoleInfo.java:shutdownLeaderElection(134)) - df12c920-952d-4704-9c70-1a288e2f77c7: shutdown LeaderElection
2019-10-20 10:29:06,992 [df12c920-952d-4704-9c70-1a288e2f77c7@group-75987F7FE399-LeaderElection383] INFO  impl.RoleInfo (RoleInfo.java:updateAndGet(143)) - df12c920-952d-4704-9c70-1a288e2f77c7: start FollowerState
2019-10-20 10:29:07,001 [Thread-2844] INFO  impl.FollowerState (FollowerState.java:run(108)) - df12c920-952d-4704-9c70-1a288e2f77c7@group-75987F7FE399-FollowerState: change to CANDIDATE, lastRpcTime:9ms, electionTimeout:9ms
2019-10-20 10:29:07,001 [Thread-2844] INFO  impl.RoleInfo (RoleInfo.java:shutdownFollowerState(121)) - df12c920-952d-4704-9c70-1a288e2f77c7: shutdown FollowerState
2019-10-20 10:29:07,001 [Thread-2844] INFO  impl.RaftServerImpl (RaftServerImpl.java:setRole(184)) - df12c920-952d-4704-9c70-1a288e2f77c7@group-75987F7FE399: changes role from  FOLLOWER to CANDIDATE at term 432 for changeToCandidate
2019-10-20 10:29:07,002 [Thread-2844] INFO  impl.RoleInfo (RoleInfo.java:updateAndGet(143)) - df12c920-952d-4704-9c70-1a288e2f77c7: start LeaderElection
2019-10-20 10:29:07,009 [df12c920-952d-4704-9c70-1a288e2f77c7@group-75987F7FE399-LeaderElection384] INFO  impl.LeaderElection (LeaderElection.java:askForVotes(178)) - df12c920-952d-4704-9c70-1a288e2f77c7@group-75987F7FE399-LeaderElection384: begin an election at term 433 for -1: [875da3d9-0dec-46c7-88bf-73f7a2372b64:192.168.69.89:39990, df12c920-952d-4704-9c70-1a288e2f77c7:192.168.69.89:43948, 9ceef694-dbcf-4070-b7b1-3b3c65b6a699:192.168.69.89:36536], old=null
2019-10-20 10:29:07,011 [grpc-default-executor-4] INFO  impl.RaftServerImpl (RaftServerImpl.java:setRole(184)) - 875da3d9-0dec-46c7-88bf-73f7a2372b64@group-75987F7FE399: changes role from  FOLLOWER to FOLLOWER at term 433 for recognizeCandidate:df12c920-952d-4704-9c70-1a288e2f77c7
2019-10-20 10:29:07,011 [grpc-default-executor-4] INFO  impl.RoleInfo (RoleInfo.java:shutdownFollowerState(121)) - 875da3d9-0dec-46c7-88bf-73f7a2372b64: shutdown FollowerState
2019-10-20 10:29:07,011 [grpc-default-executor-3] INFO  impl.RaftServerImpl (RaftServerImpl.java:setRole(184)) - 9ceef694-dbcf-4070-b7b1-3b3c65b6a699@group-75987F7FE399: changes role from  FOLLOWER to FOLLOWER at term 433 for recognizeCandidate:df12c920-952d-4704-9c70-1a288e2f77c7
2019-10-20 10:29:07,011 [grpc-default-executor-3] INFO  impl.RoleInfo (RoleInfo.java:shutdownFollowerState(121)) - 9ceef694-dbcf-4070-b7b1-3b3c65b6a699: shutdown FollowerState
2019-10-20 10:29:07,011 [Thread-2842] INFO  impl.FollowerState (FollowerState.java:run(117)) - 875da3d9-0dec-46c7-88bf-73f7a2372b64@group-75987F7FE399-FollowerState was interrupted: java.lang.InterruptedException: sleep interrupted
2019-10-20 10:29:07,011 [grpc-default-executor-4] INFO  impl.RoleInfo (RoleInfo.java:updateAndGet(143)) - 875da3d9-0dec-46c7-88bf-73f7a2372b64: start FollowerState
2019-10-20 10:29:07,011 [Thread-2843] INFO  impl.FollowerState (FollowerState.java:run(117)) - 9ceef694-dbcf-4070-b7b1-3b3c65b6a699@group-75987F7FE399-FollowerState was interrupted: java.lang.InterruptedException: sleep interrupted
2019-10-20 10:29:07,011 [grpc-default-executor-3] INFO  impl.RoleInfo (RoleInfo.java:updateAndGet(143)) - 9ceef694-dbcf-4070-b7b1-3b3c65b6a699: start FollowerState
2019-10-20 10:29:07,026 [df12c920-952d-4704-9c70-1a288e2f77c7@group-75987F7FE399-LeaderElection384] INFO  impl.LeaderElection (LeaderElection.java:logAndReturn(56)) - df12c920-952d-4704-9c70-1a288e2f77c7@group-75987F7FE399-LeaderElection384: Election REJECTED; received 2 response(s) [df12c920-952d-4704-9c70-1a288e2f77c7<-875da3d9-0dec-46c7-88bf-73f7a2372b64#0:FAIL-t433, df12c920-952d-4704-9c70-1a288e2f77c7<-9ceef694-dbcf-4070-b7b1-3b3c65b6a699#0:FAIL-t433] and 0 exception(s); df12c920-952d-4704-9c70-1a288e2f77c7@group-75987F7FE399:t433, leader=null, voted=df12c920-952d-4704-9c70-1a288e2f77c7, raftlog=df12c920-952d-4704-9c70-1a288e2f77c7@group-75987F7FE399-SegmentedRaftLog:OPENED:c-1,f-1,i0, conf=-1: [875da3d9-0dec-46c7-88bf-73f7a2372b64:192.168.69.89:39990, df12c920-952d-4704-9c70-1a288e2f77c7:192.168.69.89:43948, 9ceef694-dbcf-4070-b7b1-3b3c65b6a699:192.168.69.89:36536], old=null
2019-10-20 10:29:07,026 [df12c920-952d-4704-9c70-1a288e2f77c7@group-75987F7FE399-LeaderElection384] INFO  impl.RaftServerImpl (RaftServerImpl.java:setRole(184)) - df12c920-952d-4704-9c70-1a288e2f77c7@group-75987F7FE399: changes role from CANDIDATE to FOLLOWER at term 433 for DISCOVERED_A_NEW_TERM
2019-10-20 10:29:07,026 [df12c920-952d-4704-9c70-1a288e2f77c7@group-75987F7FE399-LeaderElection384] INFO  impl.RoleInfo (RoleInfo.java:shutdownLeaderElection(134)) - df12c920-952d-4704-9c70-1a288e2f77c7: shutdown LeaderElection
2019-10-20 10:29:07,026 [df12c920-952d-4704-9c70-1a288e2f77c7@group-75987F7FE399-LeaderElection384] INFO  impl.RoleInfo (RoleInfo.java:updateAndGet(143)) - df12c920-952d-4704-9c70-1a288e2f77c7: start FollowerState
2019-10-20 10:29:07,168 [Thread-2850] INFO  impl.FollowerState (FollowerState.java:run(108)) - df12c920-952d-4704-9c70-1a288e2f77c7@group-75987F7FE399-FollowerState: change to CANDIDATE, lastRpcTime:142ms, electionTimeout:142ms
2019-10-20 10:29:07,169 [Thread-2850] INFO  impl.RoleInfo (RoleInfo.java:shutdownFollowerState(121)) - df12c920-952d-4704-9c70-1a288e2f77c7: shutdown FollowerState
2019-10-20 10:29:07,169 [Thread-2850] INFO  impl.RaftServerImpl (RaftServerImpl.java:setRole(184)) - df12c920-952d-4704-9c70-1a288e2f77c7@group-75987F7FE399: changes role from  FOLLOWER to CANDIDATE at term 433 for changeToCandidate
2019-10-20 10:29:07,169 [Thread-2850] INFO  impl.RoleInfo (RoleInfo.java:updateAndGet(143)) - df12c920-952d-4704-9c70-1a288e2f77c7: start LeaderElection
2019-10-20 10:29:07,183 [df12c920-952d-4704-9c70-1a288e2f77c7@group-75987F7FE399-LeaderElection385] INFO  impl.LeaderElection (LeaderElection.java:askForVotes(178)) - df12c920-952d-4704-9c70-1a288e2f77c7@group-75987F7FE399-LeaderElection385: begin an election at term 434 for -1: [875da3d9-0dec-46c7-88bf-73f7a2372b64:192.168.69.89:39990, df12c920-952d-4704-9c70-1a288e2f77c7:192.168.69.89:43948, 9ceef694-dbcf-4070-b7b1-3b3c65b6a699:192.168.69.89:36536], old=null
2019-10-20 10:29:07,184 [grpc-default-executor-3] INFO  impl.RaftServerImpl (RaftServerImpl.java:setRole(184)) - 875da3d9-0dec-46c7-88bf-73f7a2372b64@group-75987F7FE399: changes role from  FOLLOWER to FOLLOWER at term 434 for recognizeCandidate:df12c920-952d-4704-9c70-1a288e2f77c7
2019-10-20 10:29:07,184 [grpc-default-executor-3] INFO  impl.RoleInfo (RoleInfo.java:shutdownFollowerState(121)) - 875da3d9-0dec-46c7-88bf-73f7a2372b64: shutdown FollowerState
2019-10-20 10:29:07,185 [grpc-default-executor-4] INFO  impl.RaftServerImpl (RaftServerImpl.java:setRole(184)) - 9ceef694-dbcf-4070-b7b1-3b3c65b6a699@group-75987F7FE399: changes role from  FOLLOWER to FOLLOWER at term 434 for recognizeCandidate:df12c920-952d-4704-9c70-1a288e2f77c7
2019-10-20 10:29:07,185 [Thread-2848] INFO  impl.FollowerState (FollowerState.java:run(117)) - 875da3d9-0dec-46c7-88bf-73f7a2372b64@group-75987F7FE399-FollowerState was interrupted: java.lang.InterruptedException: sleep interrupted
2019-10-20 10:29:07,185 [grpc-default-executor-3] INFO  impl.RoleInfo (RoleInfo.java:updateAndGet(143)) - 875da3d9-0dec-46c7-88bf-73f7a2372b64: start FollowerState
2019-10-20 10:29:07,185 [grpc-default-executor-4] INFO  impl.RoleInfo (RoleInfo.java:shutdownFollowerState(121)) - 9ceef694-dbcf-4070-b7b1-3b3c65b6a699: shutdown FollowerState
2019-10-20 10:29:07,185 [grpc-default-executor-4] INFO  impl.RoleInfo (RoleInfo.java:updateAndGet(143)) - 9ceef694-dbcf-4070-b7b1-3b3c65b6a699: start FollowerState
2019-10-20 10:29:07,185 [Thread-2849] INFO  impl.FollowerState (FollowerState.java:run(117)) - 9ceef694-dbcf-4070-b7b1-3b3c65b6a699@group-75987F7FE399-FollowerState was interrupted: java.lang.InterruptedException: sleep interrupted
2019-10-20 10:29:07,209 [df12c920-952d-4704-9c70-1a288e2f77c7@group-75987F7FE399-LeaderElection385] INFO  impl.LeaderElection (LeaderElection.java:logAndReturn(56)) - df12c920-952d-4704-9c70-1a288e2f77c7@group-75987F7FE399-LeaderElection385: Election TIMEOUT; received 0 response(s) [] and 0 exception(s); df12c920-952d-4704-9c70-1a288e2f77c7@group-75987F7FE399:t434, leader=null, voted=df12c920-952d-4704-9c70-1a288e2f77c7, raftlog=df12c920-952d-4704-9c70-1a288e2f77c7@group-75987F7FE399-SegmentedRaftLog:OPENED:c-1,f-1,i0, conf=-1: [875da3d9-0dec-46c7-88bf-73f7a2372b64:192.168.69.89:39990, df12c920-952d-4704-9c70-1a288e2f77c7:192.168.69.89:43948, 9ceef694-dbcf-4070-b7b1-3b3c65b6a699:192.168.69.89:36536], old=null
2019-10-20 10:29:07,225 [df12c920-952d-4704-9c70-1a288e2f77c7@group-75987F7FE399-LeaderElection385] INFO  impl.LeaderElection (LeaderElection.java:askForVotes(178)) - df12c920-952d-4704-9c70-1a288e2f77c7@group-75987F7FE399-LeaderElection385: begin an election at term 435 for -1: [875da3d9-0dec-46c7-88bf-73f7a2372b64:192.168.69.89:39990, df12c920-952d-4704-9c70-1a288e2f77c7:192.168.69.89:43948, 9ceef694-dbcf-4070-b7b1-3b3c65b6a699:192.168.69.89:36536], old=null
2019-10-20 10:29:07,227 [grpc-default-executor-3] INFO  impl.RaftServerImpl (RaftServerImpl.java:setRole(184)) - 875da3d9-0dec-46c7-88bf-73f7a2372b64@group-75987F7FE399: changes role from  FOLLOWER to FOLLOWER at term 435 for recognizeCandidate:df12c920-952d-4704-9c70-1a288e2f77c7
2019-10-20 10:29:07,227 [grpc-default-executor-3] INFO  impl.RoleInfo (RoleInfo.java:shutdownFollowerState(121)) - 875da3d9-0dec-46c7-88bf-73f7a2372b64: shutdown FollowerState
2019-10-20 10:29:07,227 [grpc-default-executor-3] INFO  impl.RoleInfo (RoleInfo.java:updateAndGet(143)) - 875da3d9-0dec-46c7-88bf-73f7a2372b64: start FollowerState
2019-10-20 10:29:07,227 [Thread-2854] INFO  impl.FollowerState (FollowerState.java:run(117)) - 875da3d9-0dec-46c7-88bf-73f7a2372b64@group-75987F7FE399-FollowerState was interrupted: java.lang.InterruptedException: sleep interrupted
2019-10-20 10:29:07,227 [grpc-default-executor-4] INFO  impl.RaftServerImpl (RaftServerImpl.java:setRole(184)) - 9ceef694-dbcf-4070-b7b1-3b3c65b6a699@group-75987F7FE399: changes role from  FOLLOWER to FOLLOWER at term 435 for recognizeCandidate:df12c920-952d-4704-9c70-1a288e2f77c7
2019-10-20 10:29:07,227 [grpc-default-executor-4] INFO  impl.RoleInfo (RoleInfo.java:shutdownFollowerState(121)) - 9ceef694-dbcf-4070-b7b1-3b3c65b6a699: shutdown FollowerState
2019-10-20 10:29:07,228 [grpc-default-executor-4] INFO  impl.RoleInfo (RoleInfo.java:updateAndGet(143)) - 9ceef694-dbcf-4070-b7b1-3b3c65b6a699: start FollowerState
2019-10-20 10:29:07,228 [Thread-2855] INFO  impl.FollowerState (FollowerState.java:run(117)) - 9ceef694-dbcf-4070-b7b1-3b3c65b6a699@group-75987F7FE399-FollowerState was interrupted: java.lang.InterruptedException: sleep interrupted
2019-10-20 10:29:07,248 [df12c920-952d-4704-9c70-1a288e2f77c7@group-75987F7FE399-LeaderElection385] INFO  impl.LeaderElection (LeaderElection.java:logAndReturn(56)) - df12c920-952d-4704-9c70-1a288e2f77c7@group-75987F7FE399-LeaderElection385: Election REJECTED; received 2 response(s) [df12c920-952d-4704-9c70-1a288e2f77c7<-875da3d9-0dec-46c7-88bf-73f7a2372b64#0:FAIL-t435, df12c920-952d-4704-9c70-1a288e2f77c7<-9ceef694-dbcf-4070-b7b1-3b3c65b6a699#0:FAIL-t435] and 0 exception(s); df12c920-952d-4704-9c70-1a288e2f77c7@group-75987F7FE399:t435, leader=null, voted=df12c920-952d-4704-9c70-1a288e2f77c7, raftlog=df12c920-952d-4704-9c70-1a288e2f77c7@group-75987F7FE399-SegmentedRaftLog:OPENED:c-1,f-1,i0, conf=-1: [875da3d9-0dec-46c7-88bf-73f7a2372b64:192.168.69.89:39990, df12c920-952d-4704-9c70-1a288e2f77c7:192.168.69.89:43948, 9ceef694-dbcf-4070-b7b1-3b3c65b6a699:192.168.69.89:36536], old=null
2019-10-20 10:29:07,248 [df12c920-952d-4704-9c70-1a288e2f77c7@group-75987F7FE399-LeaderElection385] INFO  impl.RaftServerImpl (RaftServerImpl.java:setRole(184)) - df12c920-952d-4704-9c70-1a288e2f77c7@group-75987F7FE399: changes role from CANDIDATE to FOLLOWER at term 435 for DISCOVERED_A_NEW_TERM
2019-10-20 10:29:07,248 [df12c920-952d-4704-9c70-1a288e2f77c7@group-75987F7FE399-LeaderElection385] INFO  impl.RoleInfo (RoleInfo.java:shutdownLeaderElection(134)) - df12c920-952d-4704-9c70-1a288e2f77c7: shutdown LeaderElection
2019-10-20 10:29:07,248 [df12c920-952d-4704-9c70-1a288e2f77c7@group-75987F7FE399-LeaderElection385] INFO  impl.RoleInfo (RoleInfo.java:updateAndGet(143)) - df12c920-952d-4704-9c70-1a288e2f77c7: start FollowerState
2019-10-20 10:29:07,282 [Thread-2860] INFO  impl.FollowerState (FollowerState.java:run(108)) - df12c920-952d-4704-9c70-1a288e2f77c7@group-75987F7FE399-FollowerState: change to CANDIDATE, lastRpcTime:34ms, electionTimeout:34ms
2019-10-20 10:29:07,282 [Thread-2860] INFO  impl.RoleInfo (RoleInfo.java:shutdownFollowerState(121)) - df12c920-952d-4704-9c70-1a288e2f77c7: shutdown FollowerState
2019-10-20 10:29:07,283 [Thread-2860] INFO  impl.RaftServerImpl (RaftServerImpl.java:setRole(184)) - df12c920-952d-4704-9c70-1a288e2f77c7@group-75987F7FE399: changes role from  FOLLOWER to CANDIDATE at term 435 for changeToCandidate
2019-10-20 10:29:07,283 [Thread-2860] INFO  impl.RoleInfo (RoleInfo.java:updateAndGet(143)) - df12c920-952d-4704-9c70-1a288e2f77c7: start LeaderElection
2019-10-20 10:29:07,298 [df12c920-952d-4704-9c70-1a288e2f77c7@group-75987F7FE399-LeaderElection386] INFO  impl.LeaderElection (LeaderElection.java:askForVotes(178)) - df12c920-952d-4704-9c70-1a288e2f77c7@group-75987F7FE399-LeaderElection386: begin an election at term 436 for -1: [875da3d9-0dec-46c7-88bf-73f7a2372b64:192.168.69.89:39990, df12c920-952d-4704-9c70-1a288e2f77c7:192.168.69.89:43948, 9ceef694-dbcf-4070-b7b1-3b3c65b6a699:192.168.69.89:36536], old=null
2019-10-20 10:29:07,299 [grpc-default-executor-3] INFO  impl.RaftServerImpl (RaftServerImpl.java:setRole(184)) - 875da3d9-0dec-46c7-88bf-73f7a2372b64@group-75987F7FE399: changes role from  FOLLOWER to FOLLOWER at term 436 for recognizeCandidate:df12c920-952d-4704-9c70-1a288e2f77c7
2019-10-20 10:29:07,299 [grpc-default-executor-3] INFO  impl.RoleInfo (RoleInfo.java:shutdownFollowerState(121)) - 875da3d9-0dec-46c7-88bf-73f7a2372b64: shutdown FollowerState
2019-10-20 10:29:07,299 [grpc-default-executor-4] INFO  impl.RaftServerImpl (RaftServerImpl.java:setRole(184)) - 9ceef694-dbcf-4070-b7b1-3b3c65b6a699@group-75987F7FE399: changes role from  FOLLOWER to FOLLOWER at term 436 for recognizeCandidate:df12c920-952d-4704-9c70-1a288e2f77c7
2019-10-20 10:29:07,300 [Thread-2858] INFO  impl.FollowerState (FollowerState.java:run(117)) - 875da3d9-0dec-46c7-88bf-73f7a2372b64@group-75987F7FE399-FollowerState was interrupted: java.lang.InterruptedException: sleep interrupted
2019-10-20 10:29:07,300 [grpc-default-executor-3] INFO  impl.RoleInfo (RoleInfo.java:updateAndGet(143)) - 875da3d9-0dec-46c7-88bf-73f7a2372b64: start FollowerState
2019-10-20 10:29:07,300 [grpc-default-executor-4] INFO  impl.RoleInfo (RoleInfo.java:shutdownFollowerState(121)) - 9ceef694-dbcf-4070-b7b1-3b3c65b6a699: shutdown FollowerState
2019-10-20 10:29:07,300 [grpc-default-executor-4] INFO  impl.RoleInfo (RoleInfo.java:updateAndGet(143)) - 9ceef694-dbcf-4070-b7b1-3b3c65b6a699: start FollowerState
2019-10-20 10:29:07,300 [Thread-2859] INFO  impl.FollowerState (FollowerState.java:run(117)) - 9ceef694-dbcf-4070-b7b1-3b3c65b6a699@group-75987F7FE399-FollowerState was interrupted: java.lang.InterruptedException: sleep interrupted
2019-10-20 10:29:07,314 [df12c920-952d-4704-9c70-1a288e2f77c7@group-75987F7FE399-LeaderElection386] INFO  impl.LeaderElection (LeaderElection.java:logAndReturn(56)) - df12c920-952d-4704-9c70-1a288e2f77c7@group-75987F7FE399-LeaderElection386: Election REJECTED; received 2 response(s) [df12c920-952d-4704-9c70-1a288e2f77c7<-875da3d9-0dec-46c7-88bf-73f7a2372b64#0:FAIL-t436, df12c920-952d-4704-9c70-1a288e2f77c7<-9ceef694-dbcf-4070-b7b1-3b3c65b6a699#0:FAIL-t436] and 0 exception(s); df12c920-952d-4704-9c70-1a288e2f77c7@group-75987F7FE399:t436, leader=null, voted=df12c920-952d-4704-9c70-1a288e2f77c7, raftlog=df12c920-952d-4704-9c70-1a288e2f77c7@group-75987F7FE399-SegmentedRaftLog:OPENED:c-1,f-1,i0, conf=-1: [875da3d9-0dec-46c7-88bf-73f7a2372b64:192.168.69.89:39990, df12c920-952d-4704-9c70-1a288e2f77c7:192.168.69.89:43948, 9ceef694-dbcf-4070-b7b1-3b3c65b6a699:192.168.69.89:36536], old=null
2019-10-20 10:29:07,315 [df12c920-952d-4704-9c70-1a288e2f77c7@group-75987F7FE399-LeaderElection386] INFO  impl.RaftServerImpl (RaftServerImpl.java:setRole(184)) - df12c920-952d-4704-9c70-1a288e2f77c7@group-75987F7FE399: changes role from CANDIDATE to FOLLOWER at term 436 for DISCOVERED_A_NEW_TERM
2019-10-20 10:29:07,315 [df12c920-952d-4704-9c70-1a288e2f77c7@group-75987F7FE399-LeaderElection386] INFO  impl.RoleInfo (RoleInfo.java:shutdownLeaderElection(134)) - df12c920-952d-4704-9c70-1a288e2f77c7: shutdown LeaderElection
2019-10-20 10:29:07,315 [df12c920-952d-4704-9c70-1a288e2f77c7@group-75987F7FE399-LeaderElection386] INFO  impl.RoleInfo (RoleInfo.java:updateAndGet(143)) - df12c920-952d-4704-9c70-1a288e2f77c7: start FollowerState
2019-10-20 10:29:07,492 [Thread-2868] INFO  impl.FollowerState (FollowerState.java:run(108)) - df12c920-952d-4704-9c70-1a288e2f77c7@group-75987F7FE399-FollowerState: change to CANDIDATE, lastRpcTime:177ms, electionTimeout:177ms
2019-10-20 10:29:07,493 [Thread-2868] INFO  impl.RoleInfo (RoleInfo.java:shutdownFollowerState(121)) - df12c920-952d-4704-9c70-1a288e2f77c7: shutdown FollowerState
2019-10-20 10:29:07,493 [Thread-2868] INFO  impl.RaftServerImpl (RaftServerImpl.java:setRole(184)) - df12c920-952d-4704-9c70-1a288e2f77c7@group-75987F7FE399: changes role from  FOLLOWER to CANDIDATE at term 436 for changeToCandidate
2019-10-20 10:29:07,493 [Thread-2868] INFO  impl.RoleInfo (RoleInfo.java:updateAndGet(143)) - df12c920-952d-4704-9c70-1a288e2f77c7: start LeaderElection
2019-10-20 10:29:07,522 [df12c920-952d-4704-9c70-1a288e2f77c7@group-75987F7FE399-LeaderElection387] INFO  impl.LeaderElection (LeaderElection.java:askForVotes(178)) - df12c920-952d-4704-9c70-1a288e2f77c7@group-75987F7FE399-LeaderElection387: begin an election at term 437 for -1: [875da3d9-0dec-46c7-88bf-73f7a2372b64:192.168.69.89:39990, df12c920-952d-4704-9c70-1a288e2f77c7:192.168.69.89:43948, 9ceef694-dbcf-4070-b7b1-3b3c65b6a699:192.168.69.89:36536], old=null
2019-10-20 10:29:07,524 [grpc-default-executor-4] INFO  impl.RaftServerImpl (RaftServerImpl.java:setRole(184)) - 9ceef694-dbcf-4070-b7b1-3b3c65b6a699@group-75987F7FE399: changes role from  FOLLOWER to FOLLOWER at term 437 for recognizeCandidate:df12c920-952d-4704-9c70-1a288e2f77c7
2019-10-20 10:29:07,524 [grpc-default-executor-4] INFO  impl.RoleInfo (RoleInfo.java:shutdownFollowerState(121)) - 9ceef694-dbcf-4070-b7b1-3b3c65b6a699: shutdown FollowerState
2019-10-20 10:29:07,524 [grpc-default-executor-3] INFO  impl.RaftServerImpl (RaftServerImpl.java:setRole(184)) - 875da3d9-0dec-46c7-88bf-73f7a2372b64@group-75987F7FE399: changes role from  FOLLOWER to FOLLOWER at term 437 for recognizeCandidate:df12c920-952d-4704-9c70-1a288e2f77c7
2019-10-20 10:29:07,524 [grpc-default-executor-3] INFO  impl.RoleInfo (RoleInfo.java:shutdownFollowerState(121)) - 875da3d9-0dec-46c7-88bf-73f7a2372b64: shutdown FollowerState
2019-10-20 10:29:07,524 [Thread-2865] INFO  impl.FollowerState (FollowerState.java:run(117)) - 9ceef694-dbcf-4070-b7b1-3b3c65b6a699@group-75987F7FE399-FollowerState was interrupted: java.lang.InterruptedException: sleep interrupted
2019-10-20 10:29:07,524 [grpc-default-executor-4] INFO  impl.RoleInfo (RoleInfo.java:updateAndGet(143)) - 9ceef694-dbcf-4070-b7b1-3b3c65b6a699: start FollowerState
2019-10-20 10:29:07,525 [Thread-2864] INFO  impl.FollowerState (FollowerState.java:run(117)) - 875da3d9-0dec-46c7-88bf-73f7a2372b64@group-75987F7FE399-FollowerState was interrupted: java.lang.InterruptedException: sleep interrupted
2019-10-20 10:29:07,525 [grpc-default-executor-3] INFO  impl.RoleInfo (RoleInfo.java:updateAndGet(143)) - 875da3d9-0dec-46c7-88bf-73f7a2372b64: start FollowerState
2019-10-20 10:29:07,532 [df12c920-952d-4704-9c70-1a288e2f77c7@group-75987F7FE399-LeaderElection387] INFO  impl.LeaderElection (LeaderElection.java:logAndReturn(56)) - df12c920-952d-4704-9c70-1a288e2f77c7@group-75987F7FE399-LeaderElection387: Election REJECTED; received 2 response(s) [df12c920-952d-4704-9c70-1a288e2f77c7<-875da3d9-0dec-46c7-88bf-73f7a2372b64#0:FAIL-t437, df12c920-952d-4704-9c70-1a288e2f77c7<-9ceef694-dbcf-4070-b7b1-3b3c65b6a699#0:FAIL-t437] and 0 exception(s); df12c920-952d-4704-9c70-1a288e2f77c7@group-75987F7FE399:t437, leader=null, voted=df12c920-952d-4704-9c70-1a288e2f77c7, raftlog=df12c920-952d-4704-9c70-1a288e2f77c7@group-75987F7FE399-SegmentedRaftLog:OPENED:c-1,f-1,i0, conf=-1: [875da3d9-0dec-46c7-88bf-73f7a2372b64:192.168.69.89:39990, df12c920-952d-4704-9c70-1a288e2f77c7:192.168.69.89:43948, 9ceef694-dbcf-4070-b7b1-3b3c65b6a699:192.168.69.89:36536], old=null
2019-10-20 10:29:07,532 [df12c920-952d-4704-9c70-1a288e2f77c7@group-75987F7FE399-LeaderElection387] INFO  impl.RaftServerImpl (RaftServerImpl.java:setRole(184)) - df12c920-952d-4704-9c70-1a288e2f77c7@group-75987F7FE399: changes role from CANDIDATE to FOLLOWER at term 437 for DISCOVERED_A_NEW_TERM
2019-10-20 10:29:07,532 [df12c920-952d-4704-9c70-1a288e2f77c7@group-75987F7FE399-LeaderElection387] INFO  impl.RoleInfo (RoleInfo.java:shutdownLeaderElection(134)) - df12c920-952d-4704-9c70-1a288e2f77c7: shutdown LeaderElection
2019-10-20 10:29:07,532 [df12c920-952d-4704-9c70-1a288e2f77c7@group-75987F7FE399-LeaderElection387] INFO  impl.RoleInfo (RoleInfo.java:updateAndGet(143)) - df12c920-952d-4704-9c70-1a288e2f77c7: start FollowerState
2019-10-20 10:29:07,610 [Thread-2874] INFO  impl.FollowerState (FollowerState.java:run(108)) - df12c920-952d-4704-9c70-1a288e2f77c7@group-75987F7FE399-FollowerState: change to CANDIDATE, lastRpcTime:77ms, electionTimeout:77ms
2019-10-20 10:29:07,610 [Thread-2874] INFO  impl.RoleInfo (RoleInfo.java:shutdownFollowerState(121)) - df12c920-952d-4704-9c70-1a288e2f77c7: shutdown FollowerState
2019-10-20 10:29:07,610 [Thread-2874] INFO  impl.RaftServerImpl (RaftServerImpl.java:setRole(184)) - df12c920-952d-4704-9c70-1a288e2f77c7@group-75987F7FE399: changes role from  FOLLOWER to CANDIDATE at term 437 for changeToCandidate
2019-10-20 10:29:07,610 [Thread-2874] INFO  impl.RoleInfo (RoleInfo.java:updateAndGet(143)) - df12c920-952d-4704-9c70-1a288e2f77c7: start LeaderElection
2019-10-20 10:29:07,623 [df12c920-952d-4704-9c70-1a288e2f77c7@group-75987F7FE399-LeaderElection388] INFO  impl.LeaderElection (LeaderElection.java:askForVotes(178)) - df12c920-952d-4704-9c70-1a288e2f77c7@group-75987F7FE399-LeaderElection388: begin an election at term 438 for -1: [875da3d9-0dec-46c7-88bf-73f7a2372b64:192.168.69.89:39990, df12c920-952d-4704-9c70-1a288e2f77c7:192.168.69.89:43948, 9ceef694-dbcf-4070-b7b1-3b3c65b6a699:192.168.69.89:36536], old=null
2019-10-20 10:29:07,625 [grpc-default-executor-4] INFO  impl.RaftServerImpl (RaftServerImpl.java:setRole(184)) - 875da3d9-0dec-46c7-88bf-73f7a2372b64@group-75987F7FE399: changes role from  FOLLOWER to FOLLOWER at term 438 for recognizeCandidate:df12c920-952d-4704-9c70-1a288e2f77c7
2019-10-20 10:29:07,625 [grpc-default-executor-3] INFO  impl.RaftServerImpl (RaftServerImpl.java:setRole(184)) - 9ceef694-dbcf-4070-b7b1-3b3c65b6a699@group-75987F7FE399: changes role from  FOLLOWER to FOLLOWER at term 438 for recognizeCandidate:df12c920-952d-4704-9c70-1a288e2f77c7
2019-10-20 10:29:07,626 [grpc-default-executor-3] INFO  impl.RoleInfo (RoleInfo.java:shutdownFollowerState(121)) - 9ceef694-dbcf-4070-b7b1-3b3c65b6a699: shutdown FollowerState
2019-10-20 10:29:07,625 [grpc-default-executor-4] INFO  impl.RoleInfo (RoleInfo.java:shutdownFollowerState(121)) - 875da3d9-0dec-46c7-88bf-73f7a2372b64: shutdown FollowerState
2019-10-20 10:29:07,626 [Thread-2872] INFO  impl.FollowerState (FollowerState.java:run(117)) - 9ceef694-dbcf-4070-b7b1-3b3c65b6a699@group-75987F7FE399-FollowerState was interrupted: java.lang.InterruptedException: sleep interrupted
2019-10-20 10:29:07,626 [grpc-default-executor-3] INFO  impl.RoleInfo (RoleInfo.java:updateAndGet(143)) - 9ceef694-dbcf-4070-b7b1-3b3c65b6a699: start FollowerState
2019-10-20 10:29:07,626 [Thread-2873] INFO  impl.FollowerState (FollowerState.java:run(117)) - 875da3d9-0dec-46c7-88bf-73f7a2372b64@group-75987F7FE399-FollowerState was interrupted: java.lang.InterruptedException: sleep interrupted
2019-10-20 10:29:07,626 [grpc-default-executor-4] INFO  impl.RoleInfo (RoleInfo.java:updateAndGet(143)) - 875da3d9-0dec-46c7-88bf-73f7a2372b64: start FollowerState
2019-10-20 10:29:07,642 [df12c920-952d-4704-9c70-1a288e2f77c7@group-75987F7FE399-LeaderElection388] INFO  impl.LeaderElection (LeaderElection.java:logAndReturn(56)) - df12c920-952d-4704-9c70-1a288e2f77c7@group-75987F7FE399-LeaderElection388: Election REJECTED; received 2 response(s) [df12c920-952d-4704-9c70-1a288e2f77c7<-875da3d9-0dec-46c7-88bf-73f7a2372b64#0:FAIL-t438, df12c920-952d-4704-9c70-1a288e2f77c7<-9ceef694-dbcf-4070-b7b1-3b3c65b6a699#0:FAIL-t438] and 0 exception(s); df12c920-952d-4704-9c70-1a288e2f77c7@group-75987F7FE399:t438, leader=null, voted=df12c920-952d-4704-9c70-1a288e2f77c7, raftlog=df12c920-952d-4704-9c70-1a288e2f77c7@group-75987F7FE399-SegmentedRaftLog:OPENED:c-1,f-1,i0, conf=-1: [875da3d9-0dec-46c7-88bf-73f7a2372b64:192.168.69.89:39990, df12c920-952d-4704-9c70-1a288e2f77c7:192.168.69.89:43948, 9ceef694-dbcf-4070-b7b1-3b3c65b6a699:192.168.69.89:36536], old=null
2019-10-20 10:29:07,642 [df12c920-952d-4704-9c70-1a288e2f77c7@group-75987F7FE399-LeaderElection388] INFO  impl.RaftServerImpl (RaftServerImpl.java:setRole(184)) - df12c920-952d-4704-9c70-1a288e2f77c7@group-75987F7FE399: changes role from CANDIDATE to FOLLOWER at term 438 for DISCOVERED_A_NEW_TERM
2019-10-20 10:29:07,642 [df12c920-952d-4704-9c70-1a288e2f77c7@group-75987F7FE399-LeaderElection388] INFO  impl.RoleInfo (RoleInfo.java:shutdownLeaderElection(134)) - df12c920-952d-4704-9c70-1a288e2f77c7: shutdown LeaderElection
2019-10-20 10:29:07,642 [df12c920-952d-4704-9c70-1a288e2f77c7@group-75987F7FE399-LeaderElection388] INFO  impl.RoleInfo (RoleInfo.java:updateAndGet(143)) - df12c920-952d-4704-9c70-1a288e2f77c7: start FollowerState
2019-10-20 10:29:07,749 [Thread-2880] INFO  impl.FollowerState (FollowerState.java:run(108)) - df12c920-952d-4704-9c70-1a288e2f77c7@group-75987F7FE399-FollowerState: change to CANDIDATE, lastRpcTime:106ms, electionTimeout:106ms
2019-10-20 10:29:07,749 [Thread-2880] INFO  impl.RoleInfo (RoleInfo.java:shutdownFollowerState(121)) - df12c920-952d-4704-9c70-1a288e2f77c7: shutdown FollowerState
2019-10-20 10:29:07,749 [Thread-2880] INFO  impl.RaftServerImpl (RaftServerImpl.java:setRole(184)) - df12c920-952d-4704-9c70-1a288e2f77c7@group-75987F7FE399: changes role from  FOLLOWER to CANDIDATE at term 438 for changeToCandidate
2019-10-20 10:29:07,749 [Thread-2880] INFO  impl.RoleInfo (RoleInfo.java:updateAndGet(143)) - df12c920-952d-4704-9c70-1a288e2f77c7: start LeaderElection
2019-10-20 10:29:07,776 [df12c920-952d-4704-9c70-1a288e2f77c7@group-75987F7FE399-LeaderElection389] INFO  impl.LeaderElection (LeaderElection.java:askForVotes(178)) - df12c920-952d-4704-9c70-1a288e2f77c7@group-75987F7FE399-LeaderElection389: begin an election at term 439 for -1: [875da3d9-0dec-46c7-88bf-73f7a2372b64:192.168.69.89:39990, df12c920-952d-4704-9c70-1a288e2f77c7:192.168.69.89:43948, 9ceef694-dbcf-4070-b7b1-3b3c65b6a699:192.168.69.89:36536], old=null
2019-10-20 10:29:07,777 [grpc-default-executor-4] INFO  impl.RaftServerImpl (RaftServerImpl.java:setRole(184)) - 875da3d9-0dec-46c7-88bf-73f7a2372b64@group-75987F7FE399: changes role from  FOLLOWER to FOLLOWER at term 439 for recognizeCandidate:df12c920-952d-4704-9c70-1a288e2f77c7
2019-10-20 10:29:07,778 [grpc-default-executor-4] INFO  impl.RoleInfo (RoleInfo.java:shutdownFollowerState(121)) - 875da3d9-0dec-46c7-88bf-73f7a2372b64: shutdown FollowerState
2019-10-20 10:29:07,778 [grpc-default-executor-3] INFO  impl.RaftServerImpl (RaftServerImpl.java:setRole(184)) - 9ceef694-dbcf-4070-b7b1-3b3c65b6a699@group-75987F7FE399: changes role from  FOLLOWER to FOLLOWER at term 439 for recognizeCandidate:df12c920-952d-4704-9c70-1a288e2f77c7
2019-10-20 10:29:07,778 [Thread-2879] INFO  impl.FollowerState (FollowerState.java:run(117)) - 875da3d9-0dec-46c7-88bf-73f7a2372b64@group-75987F7FE399-FollowerState was interrupted: java.lang.InterruptedException: sleep interrupted
2019-10-20 10:29:07,778 [grpc-default-executor-4] INFO  impl.RoleInfo (RoleInfo.java:updateAndGet(143)) - 875da3d9-0dec-46c7-88bf-73f7a2372b64: start FollowerState
2019-10-20 10:29:07,778 [grpc-default-executor-3] INFO  impl.RoleInfo (RoleInfo.java:shutdownFollowerState(121)) - 9ceef694-dbcf-4070-b7b1-3b3c65b6a699: shutdown FollowerState
2019-10-20 10:29:07,778 [grpc-default-executor-3] INFO  impl.RoleInfo (RoleInfo.java:updateAndGet(143)) - 9ceef694-dbcf-4070-b7b1-3b3c65b6a699: start FollowerState
2019-10-20 10:29:07,778 [Thread-2878] INFO  impl.FollowerState (FollowerState.java:run(117)) - 9ceef694-dbcf-4070-b7b1-3b3c65b6a699@group-75987F7FE399-FollowerState was interrupted: java.lang.InterruptedException: sleep interrupted
2019-10-20 10:29:07,796 [df12c920-952d-4704-9c70-1a288e2f77c7@group-75987F7FE399-LeaderElection389] INFO  impl.LeaderElection (LeaderElection.java:logAndReturn(56)) - df12c920-952d-4704-9c70-1a288e2f77c7@group-75987F7FE399-LeaderElection389: Election REJECTED; received 2 response(s) [df12c920-952d-4704-9c70-1a288e2f77c7<-875da3d9-0dec-46c7-88bf-73f7a2372b64#0:FAIL-t439, df12c920-952d-4704-9c70-1a288e2f77c7<-9ceef694-dbcf-4070-b7b1-3b3c65b6a699#0:FAIL-t439] and 0 exception(s); df12c920-952d-4704-9c70-1a288e2f77c7@group-75987F7FE399:t439, leader=null, voted=df12c920-952d-4704-9c70-1a288e2f77c7, raftlog=df12c920-952d-4704-9c70-1a288e2f77c7@group-75987F7FE399-SegmentedRaftLog:OPENED:c-1,f-1,i0, conf=-1: [875da3d9-0dec-46c7-88bf-73f7a2372b64:192.168.69.89:39990, df12c920-952d-4704-9c70-1a288e2f77c7:192.168.69.89:43948, 9ceef694-dbcf-4070-b7b1-3b3c65b6a699:192.168.69.89:36536], old=null
2019-10-20 10:29:07,796 [df12c920-952d-4704-9c70-1a288e2f77c7@group-75987F7FE399-LeaderElection389] INFO  impl.RaftServerImpl (RaftServerImpl.java:setRole(184)) - df12c920-952d-4704-9c70-1a288e2f77c7@group-75987F7FE399: changes role from CANDIDATE to FOLLOWER at term 439 for DISCOVERED_A_NEW_TERM
2019-10-20 10:29:07,796 [df12c920-952d-4704-9c70-1a288e2f77c7@group-75987F7FE399-LeaderElection389] INFO  impl.RoleInfo (RoleInfo.java:shutdownLeaderElection(134)) - df12c920-952d-4704-9c70-1a288e2f77c7: shutdown LeaderElection
2019-10-20 10:29:07,796 [df12c920-952d-4704-9c70-1a288e2f77c7@group-75987F7FE399-LeaderElection389] INFO  impl.RoleInfo (RoleInfo.java:updateAndGet(143)) - df12c920-952d-4704-9c70-1a288e2f77c7: start FollowerState
2019-10-20 10:29:07,829 [Thread-2886] INFO  impl.FollowerState (FollowerState.java:run(108)) - df12c920-952d-4704-9c70-1a288e2f77c7@group-75987F7FE399-FollowerState: change to CANDIDATE, lastRpcTime:32ms, electionTimeout:32ms
2019-10-20 10:29:07,829 [Thread-2886] INFO  impl.RoleInfo (RoleInfo.java:shutdownFollowerState(121)) - df12c920-952d-4704-9c70-1a288e2f77c7: shutdown FollowerState
2019-10-20 10:29:07,829 [Thread-2886] INFO  impl.RaftServerImpl (RaftServerImpl.java:setRole(184)) - df12c920-952d-4704-9c70-1a288e2f77c7@group-75987F7FE399: changes role from  FOLLOWER to CANDIDATE at term 439 for changeToCandidate
2019-10-20 10:29:07,829 [Thread-2886] INFO  impl.RoleInfo (RoleInfo.java:updateAndGet(143)) - df12c920-952d-4704-9c70-1a288e2f77c7: start LeaderElection
2019-10-20 10:29:07,854 [df12c920-952d-4704-9c70-1a288e2f77c7@group-75987F7FE399-LeaderElection390] INFO  impl.LeaderElection (LeaderElection.java:askForVotes(178)) - df12c920-952d-4704-9c70-1a288e2f77c7@group-75987F7FE399-LeaderElection390: begin an election at term 440 for -1: [875da3d9-0dec-46c7-88bf-73f7a2372b64:192.168.69.89:39990, df12c920-952d-4704-9c70-1a288e2f77c7:192.168.69.89:43948, 9ceef694-dbcf-4070-b7b1-3b3c65b6a699:192.168.69.89:36536], old=null
2019-10-20 10:29:07,856 [grpc-default-executor-4] INFO  impl.RaftServerImpl (RaftServerImpl.java:setRole(184)) - 875da3d9-0dec-46c7-88bf-73f7a2372b64@group-75987F7FE399: changes role from  FOLLOWER to FOLLOWER at term 440 for recognizeCandidate:df12c920-952d-4704-9c70-1a288e2f77c7
2019-10-20 10:29:07,856 [grpc-default-executor-4] INFO  impl.RoleInfo (RoleInfo.java:shutdownFollowerState(121)) - 875da3d9-0dec-46c7-88bf-73f7a2372b64: shutdown FollowerState
2019-10-20 10:29:07,856 [grpc-default-executor-3] INFO  impl.RaftServerImpl (RaftServerImpl.java:setRole(184)) - 9ceef694-dbcf-4070-b7b1-3b3c65b6a699@group-75987F7FE399: changes role from  FOLLOWER to FOLLOWER at term 440 for recognizeCandidate:df12c920-952d-4704-9c70-1a288e2f77c7
2019-10-20 10:29:07,857 [grpc-default-executor-3] INFO  impl.RoleInfo (RoleInfo.java:shutdownFollowerState(121)) - 9ceef694-dbcf-4070-b7b1-3b3c65b6a699: shutdown FollowerState
2019-10-20 10:29:07,857 [Thread-2884] INFO  impl.FollowerState (FollowerState.java:run(117)) - 875da3d9-0dec-46c7-88bf-73f7a2372b64@group-75987F7FE399-FollowerState was interrupted: java.lang.InterruptedException: sleep interrupted
2019-10-20 10:29:07,856 [grpc-default-executor-4] INFO  impl.RoleInfo (RoleInfo.java:updateAndGet(143)) - 875da3d9-0dec-46c7-88bf-73f7a2372b64: start FollowerState
2019-10-20 10:29:07,857 [Thread-2885] INFO  impl.FollowerState (FollowerState.java:run(117)) - 9ceef694-dbcf-4070-b7b1-3b3c65b6a699@group-75987F7FE399-FollowerState was interrupted: java.lang.InterruptedException: sleep interrupted
2019-10-20 10:29:07,857 [grpc-default-executor-3] INFO  impl.RoleInfo (RoleInfo.java:updateAndGet(143)) - 9ceef694-dbcf-4070-b7b1-3b3c65b6a699: start FollowerState
2019-10-20 10:29:07,873 [df12c920-952d-4704-9c70-1a288e2f77c7@group-75987F7FE399-LeaderElection390] INFO  impl.LeaderElection (LeaderElection.java:logAndReturn(56)) - df12c920-952d-4704-9c70-1a288e2f77c7@group-75987F7FE399-LeaderElection390: Election REJECTED; received 2 response(s) [df12c920-952d-4704-9c70-1a288e2f77c7<-875da3d9-0dec-46c7-88bf-73f7a2372b64#0:FAIL-t440, df12c920-952d-4704-9c70-1a288e2f77c7<-9ceef694-dbcf-4070-b7b1-3b3c65b6a699#0:FAIL-t440] and 0 exception(s); df12c920-952d-4704-9c70-1a288e2f77c7@group-75987F7FE399:t440, leader=null, voted=df12c920-952d-4704-9c70-1a288e2f77c7, raftlog=df12c920-952d-4704-9c70-1a288e2f77c7@group-75987F7FE399-SegmentedRaftLog:OPENED:c-1,f-1,i0, conf=-1: [875da3d9-0dec-46c7-88bf-73f7a2372b64:192.168.69.89:39990, df12c920-952d-4704-9c70-1a288e2f77c7:192.168.69.89:43948, 9ceef694-dbcf-4070-b7b1-3b3c65b6a699:192.168.69.89:36536], old=null
2019-10-20 10:29:07,873 [df12c920-952d-4704-9c70-1a288e2f77c7@group-75987F7FE399-LeaderElection390] INFO  impl.RaftServerImpl (RaftServerImpl.java:setRole(184)) - df12c920-952d-4704-9c70-1a288e2f77c7@group-75987F7FE399: changes role from CANDIDATE to FOLLOWER at term 440 for DISCOVERED_A_NEW_TERM
2019-10-20 10:29:07,873 [df12c920-952d-4704-9c70-1a288e2f77c7@group-75987F7FE399-LeaderElection390] INFO  impl.RoleInfo (RoleInfo.java:shutdownLeaderElection(134)) - df12c920-952d-4704-9c70-1a288e2f77c7: shutdown LeaderElection
2019-10-20 10:29:07,873 [df12c920-952d-4704-9c70-1a288e2f77c7@group-75987F7FE399-LeaderElection390] INFO  impl.RoleInfo (RoleInfo.java:updateAndGet(143)) - df12c920-952d-4704-9c70-1a288e2f77c7: start FollowerState
2019-10-20 10:29:08,066 [Thread-2892] INFO  impl.FollowerState (FollowerState.java:run(108)) - df12c920-952d-4704-9c70-1a288e2f77c7@group-75987F7FE399-FollowerState: change to CANDIDATE, lastRpcTime:192ms, electionTimeout:192ms
2019-10-20 10:29:08,066 [Thread-2892] INFO  impl.RoleInfo (RoleInfo.java:shutdownFollowerState(121)) - df12c920-952d-4704-9c70-1a288e2f77c7: shutdown FollowerState
2019-10-20 10:29:08,066 [Thread-2892] INFO  impl.RaftServerImpl (RaftServerImpl.java:setRole(184)) - df12c920-952d-4704-9c70-1a288e2f77c7@group-75987F7FE399: changes role from  FOLLOWER to CANDIDATE at term 440 for changeToCandidate
2019-10-20 10:29:08,066 [Thread-2892] INFO  impl.RoleInfo (RoleInfo.java:updateAndGet(143)) - df12c920-952d-4704-9c70-1a288e2f77c7: start LeaderElection
2019-10-20 10:29:08,092 [df12c920-952d-4704-9c70-1a288e2f77c7@group-75987F7FE399-LeaderElection391] INFO  impl.LeaderElection (LeaderElection.java:askForVotes(178)) - df12c920-952d-4704-9c70-1a288e2f77c7@group-75987F7FE399-LeaderElection391: begin an election at term 441 for -1: [875da3d9-0dec-46c7-88bf-73f7a2372b64:192.168.69.89:39990, df12c920-952d-4704-9c70-1a288e2f77c7:192.168.69.89:43948, 9ceef694-dbcf-4070-b7b1-3b3c65b6a699:192.168.69.89:36536], old=null
2019-10-20 10:29:08,094 [grpc-default-executor-3] INFO  impl.RaftServerImpl (RaftServerImpl.java:setRole(184)) - 875da3d9-0dec-46c7-88bf-73f7a2372b64@group-75987F7FE399: changes role from  FOLLOWER to FOLLOWER at term 441 for recognizeCandidate:df12c920-952d-4704-9c70-1a288e2f77c7
2019-10-20 10:29:08,094 [grpc-default-executor-4] INFO  impl.RaftServerImpl (RaftServerImpl.java:setRole(184)) - 9ceef694-dbcf-4070-b7b1-3b3c65b6a699@group-75987F7FE399: changes role from  FOLLOWER to FOLLOWER at term 441 for recognizeCandidate:df12c920-952d-4704-9c70-1a288e2f77c7
2019-10-20 10:29:08,094 [grpc-default-executor-4] INFO  impl.RoleInfo (RoleInfo.java:shutdownFollowerState(121)) - 9ceef694-dbcf-4070-b7b1-3b3c65b6a699: shutdown FollowerState
2019-10-20 10:29:08,094 [grpc-default-executor-3] INFO  impl.RoleInfo (RoleInfo.java:shutdownFollowerState(121)) - 875da3d9-0dec-46c7-88bf-73f7a2372b64: shutdown FollowerState
2019-10-20 10:29:08,095 [Thread-2891] INFO  impl.FollowerState (FollowerState.java:run(117)) - 9ceef694-dbcf-4070-b7b1-3b3c65b6a699@group-75987F7FE399-FollowerState was interrupted: java.lang.InterruptedException: sleep interrupted
2019-10-20 10:29:08,095 [Thread-2890] INFO  impl.FollowerState (FollowerState.java:run(117)) - 875da3d9-0dec-46c7-88bf-73f7a2372b64@group-75987F7FE399-FollowerState was interrupted: java.lang.InterruptedException: sleep interrupted
2019-10-20 10:29:08,095 [grpc-default-executor-4] INFO  impl.RoleInfo (RoleInfo.java:updateAndGet(143)) - 9ceef694-dbcf-4070-b7b1-3b3c65b6a699: start FollowerState
2019-10-20 10:29:08,095 [grpc-default-executor-3] INFO  impl.RoleInfo (RoleInfo.java:updateAndGet(143)) - 875da3d9-0dec-46c7-88bf-73f7a2372b64: start FollowerState
2019-10-20 10:29:08,120 [df12c920-952d-4704-9c70-1a288e2f77c7@group-75987F7FE399-LeaderElection391] INFO  impl.LeaderElection (LeaderElection.java:logAndReturn(56)) - df12c920-952d-4704-9c70-1a288e2f77c7@group-75987F7FE399-LeaderElection391: Election REJECTED; received 2 response(s) [df12c920-952d-4704-9c70-1a288e2f77c7<-875da3d9-0dec-46c7-88bf-73f7a2372b64#0:FAIL-t441, df12c920-952d-4704-9c70-1a288e2f77c7<-9ceef694-dbcf-4070-b7b1-3b3c65b6a699#0:FAIL-t441] and 0 exception(s); df12c920-952d-4704-9c70-1a288e2f77c7@group-75987F7FE399:t441, leader=null, voted=df12c920-952d-4704-9c70-1a288e2f77c7, raftlog=df12c920-952d-4704-9c70-1a288e2f77c7@group-75987F7FE399-SegmentedRaftLog:OPENED:c-1,f-1,i0, conf=-1: [875da3d9-0dec-46c7-88bf-73f7a2372b64:192.168.69.89:39990, df12c920-952d-4704-9c70-1a288e2f77c7:192.168.69.89:43948, 9ceef694-dbcf-4070-b7b1-3b3c65b6a699:192.168.69.89:36536], old=null
2019-10-20 10:29:08,120 [df12c920-952d-4704-9c70-1a288e2f77c7@group-75987F7FE399-LeaderElection391] INFO  impl.RaftServerImpl (RaftServerImpl.java:setRole(184)) - df12c920-952d-4704-9c70-1a288e2f77c7@group-75987F7FE399: changes role from CANDIDATE to FOLLOWER at term 441 for DISCOVERED_A_NEW_TERM
2019-10-20 10:29:08,121 [df12c920-952d-4704-9c70-1a288e2f77c7@group-75987F7FE399-LeaderElection391] INFO  impl.RoleInfo (RoleInfo.java:shutdownLeaderElection(134)) - df12c920-952d-4704-9c70-1a288e2f77c7: shutdown LeaderElection
2019-10-20 10:29:08,121 [df12c920-952d-4704-9c70-1a288e2f77c7@group-75987F7FE399-LeaderElection391] INFO  impl.RoleInfo (RoleInfo.java:updateAndGet(143)) - df12c920-952d-4704-9c70-1a288e2f77c7: start FollowerState
2019-10-20 10:29:08,241 [Thread-2898] INFO  impl.FollowerState (FollowerState.java:run(108)) - df12c920-952d-4704-9c70-1a288e2f77c7@group-75987F7FE399-FollowerState: change to CANDIDATE, lastRpcTime:120ms, electionTimeout:120ms
2019-10-20 10:29:08,241 [Thread-2898] INFO  impl.RoleInfo (RoleInfo.java:shutdownFollowerState(121)) - df12c920-952d-4704-9c70-1a288e2f77c7: shutdown FollowerState
2019-10-20 10:29:08,241 [Thread-2898] INFO  impl.RaftServerImpl (RaftServerImpl.java:setRole(184)) - df12c920-952d-4704-9c70-1a288e2f77c7@group-75987F7FE399: changes role from  FOLLOWER to CANDIDATE at term 441 for changeToCandidate
2019-10-20 10:29:08,242 [Thread-2898] INFO  impl.RoleInfo (RoleInfo.java:updateAndGet(143)) - df12c920-952d-4704-9c70-1a288e2f77c7: start LeaderElection
2019-10-20 10:29:08,264 [df12c920-952d-4704-9c70-1a288e2f77c7@group-75987F7FE399-LeaderElection392] INFO  impl.LeaderElection (LeaderElection.java:askForVotes(178)) - df12c920-952d-4704-9c70-1a288e2f77c7@group-75987F7FE399-LeaderElection392: begin an election at term 442 for -1: [875da3d9-0dec-46c7-88bf-73f7a2372b64:192.168.69.89:39990, df12c920-952d-4704-9c70-1a288e2f77c7:192.168.69.89:43948, 9ceef694-dbcf-4070-b7b1-3b3c65b6a699:192.168.69.89:36536], old=null
2019-10-20 10:29:08,266 [grpc-default-executor-4] INFO  impl.RaftServerImpl (RaftServerImpl.java:setRole(184)) - 875da3d9-0dec-46c7-88bf-73f7a2372b64@group-75987F7FE399: changes role from  FOLLOWER to FOLLOWER at term 442 for recognizeCandidate:df12c920-952d-4704-9c70-1a288e2f77c7
2019-10-20 10:29:08,266 [grpc-default-executor-4] INFO  impl.RoleInfo (RoleInfo.java:shutdownFollowerState(121)) - 875da3d9-0dec-46c7-88bf-73f7a2372b64: shutdown FollowerState
2019-10-20 10:29:08,266 [grpc-default-executor-1] INFO  impl.RaftServerImpl (RaftServerImpl.java:setRole(184)) - 9ceef694-dbcf-4070-b7b1-3b3c65b6a699@group-75987F7FE399: changes role from  FOLLOWER to FOLLOWER at term 442 for recognizeCandidate:df12c920-952d-4704-9c70-1a288e2f77c7
2019-10-20 10:29:08,266 [Thread-2897] INFO  impl.FollowerState (FollowerState.java:run(117)) - 875da3d9-0dec-46c7-88bf-73f7a2372b64@group-75987F7FE399-FollowerState was interrupted: java.lang.InterruptedException: sleep interrupted
2019-10-20 10:29:08,266 [grpc-default-executor-4] INFO  impl.RoleInfo (RoleInfo.java:updateAndGet(143)) - 875da3d9-0dec-46c7-88bf-73f7a2372b64: start FollowerState
2019-10-20 10:29:08,266 [grpc-default-executor-1] INFO  impl.RoleInfo (RoleInfo.java:shutdownFollowerState(121)) - 9ceef694-dbcf-4070-b7b1-3b3c65b6a699: shutdown FollowerState
2019-10-20 10:29:08,267 [grpc-default-executor-1] INFO  impl.RoleInfo (RoleInfo.java:updateAndGet(143)) - 9ceef694-dbcf-4070-b7b1-3b3c65b6a699: start FollowerState
2019-10-20 10:29:08,267 [Thread-2896] INFO  impl.FollowerState (FollowerState.java:run(117)) - 9ceef694-dbcf-4070-b7b1-3b3c65b6a699@group-75987F7FE399-FollowerState was interrupted: java.lang.InterruptedException: sleep interrupted
2019-10-20 10:29:08,268 [df12c920-952d-4704-9c70-1a288e2f77c7@group-75987F7FE399-LeaderElection392] INFO  impl.LeaderElection (LeaderElection.java:logAndReturn(56)) - df12c920-952d-4704-9c70-1a288e2f77c7@group-75987F7FE399-LeaderElection392: Election TIMEOUT; received 0 response(s) [] and 0 exception(s); df12c920-952d-4704-9c70-1a288e2f77c7@group-75987F7FE399:t442, leader=null, voted=df12c920-952d-4704-9c70-1a288e2f77c7, raftlog=df12c920-952d-4704-9c70-1a288e2f77c7@group-75987F7FE399-SegmentedRaftLog:OPENED:c-1,f-1,i0, conf=-1: [875da3d9-0dec-46c7-88bf-73f7a2372b64:192.168.69.89:39990, df12c920-952d-4704-9c70-1a288e2f77c7:192.168.69.89:43948, 9ceef694-dbcf-4070-b7b1-3b3c65b6a699:192.168.69.89:36536], old=null
2019-10-20 10:29:08,281 [df12c920-952d-4704-9c70-1a288e2f77c7@group-75987F7FE399-LeaderElection392] INFO  impl.LeaderElection (LeaderElection.java:askForVotes(178)) - df12c920-952d-4704-9c70-1a288e2f77c7@group-75987F7FE399-LeaderElection392: begin an election at term 443 for -1: [875da3d9-0dec-46c7-88bf-73f7a2372b64:192.168.69.89:39990, df12c920-952d-4704-9c70-1a288e2f77c7:192.168.69.89:43948, 9ceef694-dbcf-4070-b7b1-3b3c65b6a699:192.168.69.89:36536], old=null
2019-10-20 10:29:08,282 [grpc-default-executor-4] INFO  impl.RaftServerImpl (RaftServerImpl.java:setRole(184)) - 875da3d9-0dec-46c7-88bf-73f7a2372b64@group-75987F7FE399: changes role from  FOLLOWER to FOLLOWER at term 443 for recognizeCandidate:df12c920-952d-4704-9c70-1a288e2f77c7
2019-10-20 10:29:08,282 [grpc-default-executor-4] INFO  impl.RoleInfo (RoleInfo.java:shutdownFollowerState(121)) - 875da3d9-0dec-46c7-88bf-73f7a2372b64: shutdown FollowerState
2019-10-20 10:29:08,282 [grpc-default-executor-4] INFO  impl.RoleInfo (RoleInfo.java:updateAndGet(143)) - 875da3d9-0dec-46c7-88bf-73f7a2372b64: start FollowerState
2019-10-20 10:29:08,282 [Thread-2902] INFO  impl.FollowerState (FollowerState.java:run(117)) - 875da3d9-0dec-46c7-88bf-73f7a2372b64@group-75987F7FE399-FollowerState was interrupted: java.lang.InterruptedException: sleep interrupted
2019-10-20 10:29:08,282 [grpc-default-executor-1] INFO  impl.RaftServerImpl (RaftServerImpl.java:setRole(184)) - 9ceef694-dbcf-4070-b7b1-3b3c65b6a699@group-75987F7FE399: changes role from  FOLLOWER to FOLLOWER at term 443 for recognizeCandidate:df12c920-952d-4704-9c70-1a288e2f77c7
2019-10-20 10:29:08,283 [grpc-default-executor-1] INFO  impl.RoleInfo (RoleInfo.java:shutdownFollowerState(121)) - 9ceef694-dbcf-4070-b7b1-3b3c65b6a699: shutdown FollowerState
2019-10-20 10:29:08,283 [Thread-2903] INFO  impl.FollowerState (FollowerState.java:run(117)) - 9ceef694-dbcf-4070-b7b1-3b3c65b6a699@group-75987F7FE399-FollowerState was interrupted: java.lang.InterruptedException: sleep interrupted
2019-10-20 10:29:08,283 [grpc-default-executor-1] INFO  impl.RoleInfo (RoleInfo.java:updateAndGet(143)) - 9ceef694-dbcf-4070-b7b1-3b3c65b6a699: start FollowerState
2019-10-20 10:29:08,288 [df12c920-952d-4704-9c70-1a288e2f77c7@group-75987F7FE399-LeaderElection392] INFO  impl.LeaderElection (LeaderElection.java:logAndReturn(56)) - df12c920-952d-4704-9c70-1a288e2f77c7@group-75987F7FE399-LeaderElection392: Election REJECTED; received 2 response(s) [df12c920-952d-4704-9c70-1a288e2f77c7<-875da3d9-0dec-46c7-88bf-73f7a2372b64#0:FAIL-t443, df12c920-952d-4704-9c70-1a288e2f77c7<-9ceef694-dbcf-4070-b7b1-3b3c65b6a699#0:FAIL-t443] and 0 exception(s); df12c920-952d-4704-9c70-1a288e2f77c7@group-75987F7FE399:t443, leader=null, voted=df12c920-952d-4704-9c70-1a288e2f77c7, raftlog=df12c920-952d-4704-9c70-1a288e2f77c7@group-75987F7FE399-SegmentedRaftLog:OPENED:c-1,f-1,i0, conf=-1: [875da3d9-0dec-46c7-88bf-73f7a2372b64:192.168.69.89:39990, df12c920-952d-4704-9c70-1a288e2f77c7:192.168.69.89:43948, 9ceef694-dbcf-4070-b7b1-3b3c65b6a699:192.168.69.89:36536], old=null
2019-10-20 10:29:08,288 [df12c920-952d-4704-9c70-1a288e2f77c7@group-75987F7FE399-LeaderElection392] INFO  impl.RaftServerImpl (RaftServerImpl.java:setRole(184)) - df12c920-952d-4704-9c70-1a288e2f77c7@group-75987F7FE399: changes role from CANDIDATE to FOLLOWER at term 443 for DISCOVERED_A_NEW_TERM
2019-10-20 10:29:08,288 [df12c920-952d-4704-9c70-1a288e2f77c7@group-75987F7FE399-LeaderElection392] INFO  impl.RoleInfo (RoleInfo.java:shutdownLeaderElection(134)) - df12c920-952d-4704-9c70-1a288e2f77c7: shutdown LeaderElection
2019-10-20 10:29:08,288 [df12c920-952d-4704-9c70-1a288e2f77c7@group-75987F7FE399-LeaderElection392] INFO  impl.RoleInfo (RoleInfo.java:updateAndGet(143)) - df12c920-952d-4704-9c70-1a288e2f77c7: start FollowerState
2019-10-20 10:29:08,422 [Thread-2908] INFO  impl.FollowerState (FollowerState.java:run(108)) - df12c920-952d-4704-9c70-1a288e2f77c7@group-75987F7FE399-FollowerState: change to CANDIDATE, lastRpcTime:133ms, electionTimeout:133ms
2019-10-20 10:29:08,422 [Thread-2908] INFO  impl.RoleInfo (RoleInfo.java:shutdownFollowerState(121)) - df12c920-952d-4704-9c70-1a288e2f77c7: shutdown FollowerState
2019-10-20 10:29:08,422 [Thread-2908] INFO  impl.RaftServerImpl (RaftServerImpl.java:setRole(184)) - df12c920-952d-4704-9c70-1a288e2f77c7@group-75987F7FE399: changes role from  FOLLOWER to CANDIDATE at term 443 for changeToCandidate
2019-10-20 10:29:08,422 [Thread-2908] INFO  impl.RoleInfo (RoleInfo.java:updateAndGet(143)) - df12c920-952d-4704-9c70-1a288e2f77c7: start LeaderElection
2019-10-20 10:29:08,448 [df12c920-952d-4704-9c70-1a288e2f77c7@group-75987F7FE399-LeaderElection393] INFO  impl.LeaderElection (LeaderElection.java:askForVotes(178)) - df12c920-952d-4704-9c70-1a288e2f77c7@group-75987F7FE399-LeaderElection393: begin an election at term 444 for -1: [875da3d9-0dec-46c7-88bf-73f7a2372b64:192.168.69.89:39990, df12c920-952d-4704-9c70-1a288e2f77c7:192.168.69.89:43948, 9ceef694-dbcf-4070-b7b1-3b3c65b6a699:192.168.69.89:36536], old=null
2019-10-20 10:29:08,450 [grpc-default-executor-1] INFO  impl.RaftServerImpl (RaftServerImpl.java:setRole(184)) - 875da3d9-0dec-46c7-88bf-73f7a2372b64@group-75987F7FE399: changes role from  FOLLOWER to FOLLOWER at term 444 for recognizeCandidate:df12c920-952d-4704-9c70-1a288e2f77c7
2019-10-20 10:29:08,450 [grpc-default-executor-1] INFO  impl.RoleInfo (RoleInfo.java:shutdownFollowerState(121)) - 875da3d9-0dec-46c7-88bf-73f7a2372b64: shutdown FollowerState
2019-10-20 10:29:08,450 [grpc-default-executor-4] INFO  impl.RaftServerImpl (RaftServerImpl.java:setRole(184)) - 9ceef694-dbcf-4070-b7b1-3b3c65b6a699@group-75987F7FE399: changes role from  FOLLOWER to FOLLOWER at term 444 for recognizeCandidate:df12c920-952d-4704-9c70-1a288e2f77c7
2019-10-20 10:29:08,450 [grpc-default-executor-4] INFO  impl.RoleInfo (RoleInfo.java:shutdownFollowerState(121)) - 9ceef694-dbcf-4070-b7b1-3b3c65b6a699: shutdown FollowerState
2019-10-20 10:29:08,450 [grpc-default-executor-1] INFO  impl.RoleInfo (RoleInfo.java:updateAndGet(143)) - 875da3d9-0dec-46c7-88bf-73f7a2372b64: start FollowerState
2019-10-20 10:29:08,450 [Thread-2906] INFO  impl.FollowerState (FollowerState.java:run(117)) - 875da3d9-0dec-46c7-88bf-73f7a2372b64@group-75987F7FE399-FollowerState was interrupted: java.lang.InterruptedException: sleep interrupted
2019-10-20 10:29:08,450 [Thread-2907] INFO  impl.FollowerState (FollowerState.java:run(117)) - 9ceef694-dbcf-4070-b7b1-3b3c65b6a699@group-75987F7FE399-FollowerState was interrupted: java.lang.InterruptedException: sleep interrupted
2019-10-20 10:29:08,450 [grpc-default-executor-4] INFO  impl.RoleInfo (RoleInfo.java:updateAndGet(143)) - 9ceef694-dbcf-4070-b7b1-3b3c65b6a699: start FollowerState
2019-10-20 10:29:08,466 [df12c920-952d-4704-9c70-1a288e2f77c7@group-75987F7FE399-LeaderElection393] INFO  impl.LeaderElection (LeaderElection.java:logAndReturn(56)) - df12c920-952d-4704-9c70-1a288e2f77c7@group-75987F7FE399-LeaderElection393: Election REJECTED; received 2 response(s) [df12c920-952d-4704-9c70-1a288e2f77c7<-875da3d9-0dec-46c7-88bf-73f7a2372b64#0:FAIL-t444, df12c920-952d-4704-9c70-1a288e2f77c7<-9ceef694-dbcf-4070-b7b1-3b3c65b6a699#0:FAIL-t444] and 0 exception(s); df12c920-952d-4704-9c70-1a288e2f77c7@group-75987F7FE399:t444, leader=null, voted=df12c920-952d-4704-9c70-1a288e2f77c7, raftlog=df12c920-952d-4704-9c70-1a288e2f77c7@group-75987F7FE399-SegmentedRaftLog:OPENED:c-1,f-1,i0, conf=-1: [875da3d9-0dec-46c7-88bf-73f7a2372b64:192.168.69.89:39990, df12c920-952d-4704-9c70-1a288e2f77c7:192.168.69.89:43948, 9ceef694-dbcf-4070-b7b1-3b3c65b6a699:192.168.69.89:36536], old=null
2019-10-20 10:29:08,467 [df12c920-952d-4704-9c70-1a288e2f77c7@group-75987F7FE399-LeaderElection393] INFO  impl.RaftServerImpl (RaftServerImpl.java:setRole(184)) - df12c920-952d-4704-9c70-1a288e2f77c7@group-75987F7FE399: changes role from CANDIDATE to FOLLOWER at term 444 for DISCOVERED_A_NEW_TERM
2019-10-20 10:29:08,467 [df12c920-952d-4704-9c70-1a288e2f77c7@group-75987F7FE399-LeaderElection393] INFO  impl.RoleInfo (RoleInfo.java:shutdownLeaderElection(134)) - df12c920-952d-4704-9c70-1a288e2f77c7: shutdown LeaderElection
2019-10-20 10:29:08,467 [df12c920-952d-4704-9c70-1a288e2f77c7@group-75987F7FE399-LeaderElection393] INFO  impl.RoleInfo (RoleInfo.java:updateAndGet(143)) - df12c920-952d-4704-9c70-1a288e2f77c7: start FollowerState
2019-10-20 10:29:08,557 [Thread-2916] INFO  impl.FollowerState (FollowerState.java:run(108)) - df12c920-952d-4704-9c70-1a288e2f77c7@group-75987F7FE399-FollowerState: change to CANDIDATE, lastRpcTime:90ms, electionTimeout:90ms
2019-10-20 10:29:08,557 [Thread-2916] INFO  impl.RoleInfo (RoleInfo.java:shutdownFollowerState(121)) - df12c920-952d-4704-9c70-1a288e2f77c7: shutdown FollowerState
2019-10-20 10:29:08,557 [Thread-2916] INFO  impl.RaftServerImpl (RaftServerImpl.java:setRole(184)) - df12c920-952d-4704-9c70-1a288e2f77c7@group-75987F7FE399: changes role from  FOLLOWER to CANDIDATE at term 444 for changeToCandidate
2019-10-20 10:29:08,558 [Thread-2916] INFO  impl.RoleInfo (RoleInfo.java:updateAndGet(143)) - df12c920-952d-4704-9c70-1a288e2f77c7: start LeaderElection
2019-10-20 10:29:08,583 [df12c920-952d-4704-9c70-1a288e2f77c7@group-75987F7FE399-LeaderElection394] INFO  impl.LeaderElection (LeaderElection.java:askForVotes(178)) - df12c920-952d-4704-9c70-1a288e2f77c7@group-75987F7FE399-LeaderElection394: begin an election at term 445 for -1: [875da3d9-0dec-46c7-88bf-73f7a2372b64:192.168.69.89:39990, df12c920-952d-4704-9c70-1a288e2f77c7:192.168.69.89:43948, 9ceef694-dbcf-4070-b7b1-3b3c65b6a699:192.168.69.89:36536], old=null
2019-10-20 10:29:08,584 [grpc-default-executor-1] INFO  impl.RaftServerImpl (RaftServerImpl.java:setRole(184)) - 875da3d9-0dec-46c7-88bf-73f7a2372b64@group-75987F7FE399: changes role from  FOLLOWER to FOLLOWER at term 445 for recognizeCandidate:df12c920-952d-4704-9c70-1a288e2f77c7
2019-10-20 10:29:08,585 [grpc-default-executor-1] INFO  impl.RoleInfo (RoleInfo.java:shutdownFollowerState(121)) - 875da3d9-0dec-46c7-88bf-73f7a2372b64: shutdown FollowerState
2019-10-20 10:29:08,585 [grpc-default-executor-1] INFO  impl.RoleInfo (RoleInfo.java:updateAndGet(143)) - 875da3d9-0dec-46c7-88bf-73f7a2372b64: start FollowerState
2019-10-20 10:29:08,585 [Thread-2914] INFO  impl.FollowerState (FollowerState.java:run(117)) - 875da3d9-0dec-46c7-88bf-73f7a2372b64@group-75987F7FE399-FollowerState was interrupted: java.lang.InterruptedException: sleep interrupted
2019-10-20 10:29:08,585 [grpc-default-executor-4] INFO  impl.RaftServerImpl (RaftServerImpl.java:setRole(184)) - 9ceef694-dbcf-4070-b7b1-3b3c65b6a699@group-75987F7FE399: changes role from  FOLLOWER to FOLLOWER at term 445 for recognizeCandidate:df12c920-952d-4704-9c70-1a288e2f77c7
2019-10-20 10:29:08,585 [grpc-default-executor-4] INFO  impl.RoleInfo (RoleInfo.java:shutdownFollowerState(121)) - 9ceef694-dbcf-4070-b7b1-3b3c65b6a699: shutdown FollowerState
2019-10-20 10:29:08,585 [grpc-default-executor-4] INFO  impl.RoleInfo (RoleInfo.java:updateAndGet(143)) - 9ceef694-dbcf-4070-b7b1-3b3c65b6a699: start FollowerState
2019-10-20 10:29:08,585 [Thread-2915] INFO  impl.FollowerState (FollowerState.java:run(117)) - 9ceef694-dbcf-4070-b7b1-3b3c65b6a699@group-75987F7FE399-FollowerState was interrupted: java.lang.InterruptedException: sleep interrupted
2019-10-20 10:29:08,601 [df12c920-952d-4704-9c70-1a288e2f77c7@group-75987F7FE399-LeaderElection394] INFO  impl.LeaderElection (LeaderElection.java:logAndReturn(56)) - df12c920-952d-4704-9c70-1a288e2f77c7@group-75987F7FE399-LeaderElection394: Election REJECTED; received 2 response(s) [df12c920-952d-4704-9c70-1a288e2f77c7<-875da3d9-0dec-46c7-88bf-73f7a2372b64#0:FAIL-t445, df12c920-952d-4704-9c70-1a288e2f77c7<-9ceef694-dbcf-4070-b7b1-3b3c65b6a699#0:FAIL-t445] and 0 exception(s); df12c920-952d-4704-9c70-1a288e2f77c7@group-75987F7FE399:t445, leader=null, voted=df12c920-952d-4704-9c70-1a288e2f77c7, raftlog=df12c920-952d-4704-9c70-1a288e2f77c7@group-75987F7FE399-SegmentedRaftLog:OPENED:c-1,f-1,i0, conf=-1: [875da3d9-0dec-46c7-88bf-73f7a2372b64:192.168.69.89:39990, df12c920-952d-4704-9c70-1a288e2f77c7:192.168.69.89:43948, 9ceef694-dbcf-4070-b7b1-3b3c65b6a699:192.168.69.89:36536], old=null
2019-10-20 10:29:08,602 [df12c920-952d-4704-9c70-1a288e2f77c7@group-75987F7FE399-LeaderElection394] INFO  impl.RaftServerImpl (RaftServerImpl.java:setRole(184)) - df12c920-952d-4704-9c70-1a288e2f77c7@group-75987F7FE399: changes role from CANDIDATE to FOLLOWER at term 445 for DISCOVERED_A_NEW_TERM
2019-10-20 10:29:08,602 [df12c920-952d-4704-9c70-1a288e2f77c7@group-75987F7FE399-LeaderElection394] INFO  impl.RoleInfo (RoleInfo.java:shutdownLeaderElection(134)) - df12c920-952d-4704-9c70-1a288e2f77c7: shutdown LeaderElection
2019-10-20 10:29:08,602 [df12c920-952d-4704-9c70-1a288e2f77c7@group-75987F7FE399-LeaderElection394] INFO  impl.RoleInfo (RoleInfo.java:updateAndGet(143)) - df12c920-952d-4704-9c70-1a288e2f77c7: start FollowerState
2019-10-20 10:29:08,745 [Thread-2922] INFO  impl.FollowerState (FollowerState.java:run(108)) - df12c920-952d-4704-9c70-1a288e2f77c7@group-75987F7FE399-FollowerState: change to CANDIDATE, lastRpcTime:143ms, electionTimeout:143ms
2019-10-20 10:29:08,745 [Thread-2922] INFO  impl.RoleInfo (RoleInfo.java:shutdownFollowerState(121)) - df12c920-952d-4704-9c70-1a288e2f77c7: shutdown FollowerState
2019-10-20 10:29:08,745 [Thread-2922] INFO  impl.RaftServerImpl (RaftServerImpl.java:setRole(184)) - df12c920-952d-4704-9c70-1a288e2f77c7@group-75987F7FE399: changes role from  FOLLOWER to CANDIDATE at term 445 for changeToCandidate
2019-10-20 10:29:08,746 [Thread-2922] INFO  impl.RoleInfo (RoleInfo.java:updateAndGet(143)) - df12c920-952d-4704-9c70-1a288e2f77c7: start LeaderElection
2019-10-20 10:29:08,759 [df12c920-952d-4704-9c70-1a288e2f77c7@group-75987F7FE399-LeaderElection395] INFO  impl.LeaderElection (LeaderElection.java:askForVotes(178)) - df12c920-952d-4704-9c70-1a288e2f77c7@group-75987F7FE399-LeaderElection395: begin an election at term 446 for -1: [875da3d9-0dec-46c7-88bf-73f7a2372b64:192.168.69.89:39990, df12c920-952d-4704-9c70-1a288e2f77c7:192.168.69.89:43948, 9ceef694-dbcf-4070-b7b1-3b3c65b6a699:192.168.69.89:36536], old=null
2019-10-20 10:29:08,759 [df12c920-952d-4704-9c70-1a288e2f77c7@group-75987F7FE399-LeaderElection395] INFO  impl.LeaderElection (LeaderElection.java:logAndReturn(56)) - df12c920-952d-4704-9c70-1a288e2f77c7@group-75987F7FE399-LeaderElection395: Election TIMEOUT; received 0 response(s) [] and 0 exception(s); df12c920-952d-4704-9c70-1a288e2f77c7@group-75987F7FE399:t446, leader=null, voted=df12c920-952d-4704-9c70-1a288e2f77c7, raftlog=df12c920-952d-4704-9c70-1a288e2f77c7@group-75987F7FE399-SegmentedRaftLog:OPENED:c-1,f-1,i0, conf=-1: [875da3d9-0dec-46c7-88bf-73f7a2372b64:192.168.69.89:39990, df12c920-952d-4704-9c70-1a288e2f77c7:192.168.69.89:43948, 9ceef694-dbcf-4070-b7b1-3b3c65b6a699:192.168.69.89:36536], old=null
2019-10-20 10:29:08,761 [grpc-default-executor-1] INFO  impl.RaftServerImpl (RaftServerImpl.java:setRole(184)) - 9ceef694-dbcf-4070-b7b1-3b3c65b6a699@group-75987F7FE399: changes role from  FOLLOWER to FOLLOWER at term 446 for recognizeCandidate:df12c920-952d-4704-9c70-1a288e2f77c7
2019-10-20 10:29:08,761 [grpc-default-executor-4] INFO  impl.RaftServerImpl (RaftServerImpl.java:setRole(184)) - 875da3d9-0dec-46c7-88bf-73f7a2372b64@group-75987F7FE399: changes role from  FOLLOWER to FOLLOWER at term 446 for recognizeCandidate:df12c920-952d-4704-9c70-1a288e2f77c7
2019-10-20 10:29:08,761 [grpc-default-executor-1] INFO  impl.RoleInfo (RoleInfo.java:shutdownFollowerState(121)) - 9ceef694-dbcf-4070-b7b1-3b3c65b6a699: shutdown FollowerState
2019-10-20 10:29:08,761 [grpc-default-executor-4] INFO  impl.RoleInfo (RoleInfo.java:shutdownFollowerState(121)) - 875da3d9-0dec-46c7-88bf-73f7a2372b64: shutdown FollowerState
2019-10-20 10:29:08,762 [Thread-2921] INFO  impl.FollowerState (FollowerState.java:run(117)) - 9ceef694-dbcf-4070-b7b1-3b3c65b6a699@group-75987F7FE399-FollowerState was interrupted: java.lang.InterruptedException: sleep interrupted
2019-10-20 10:29:08,762 [grpc-default-executor-1] INFO  impl.RoleInfo (RoleInfo.java:updateAndGet(143)) - 9ceef694-dbcf-4070-b7b1-3b3c65b6a699: start FollowerState
2019-10-20 10:29:08,762 [Thread-2920] INFO  impl.FollowerState (FollowerState.java:run(117)) - 875da3d9-0dec-46c7-88bf-73f7a2372b64@group-75987F7FE399-FollowerState was interrupted: java.lang.InterruptedException: sleep interrupted
2019-10-20 10:29:08,762 [grpc-default-executor-4] INFO  impl.RoleInfo (RoleInfo.java:updateAndGet(143)) - 875da3d9-0dec-46c7-88bf-73f7a2372b64: start FollowerState
2019-10-20 10:29:08,785 [df12c920-952d-4704-9c70-1a288e2f77c7@group-75987F7FE399-LeaderElection395] INFO  impl.LeaderElection (LeaderElection.java:askForVotes(178)) - df12c920-952d-4704-9c70-1a288e2f77c7@group-75987F7FE399-LeaderElection395: begin an election at term 447 for -1: [875da3d9-0dec-46c7-88bf-73f7a2372b64:192.168.69.89:39990, df12c920-952d-4704-9c70-1a288e2f77c7:192.168.69.89:43948, 9ceef694-dbcf-4070-b7b1-3b3c65b6a699:192.168.69.89:36536], old=null
2019-10-20 10:29:08,786 [grpc-default-executor-1] INFO  impl.RaftServerImpl (RaftServerImpl.java:setRole(184)) - 875da3d9-0dec-46c7-88bf-73f7a2372b64@group-75987F7FE399: changes role from  FOLLOWER to FOLLOWER at term 447 for recognizeCandidate:df12c920-952d-4704-9c70-1a288e2f77c7
2019-10-20 10:29:08,786 [grpc-default-executor-1] INFO  impl.RoleInfo (RoleInfo.java:shutdownFollowerState(121)) - 875da3d9-0dec-46c7-88bf-73f7a2372b64: shutdown FollowerState
2019-10-20 10:29:08,786 [grpc-default-executor-1] INFO  impl.RoleInfo (RoleInfo.java:updateAndGet(143)) - 875da3d9-0dec-46c7-88bf-73f7a2372b64: start FollowerState
2019-10-20 10:29:08,786 [Thread-2927] INFO  impl.FollowerState (FollowerState.java:run(117)) - 875da3d9-0dec-46c7-88bf-73f7a2372b64@group-75987F7FE399-FollowerState was interrupted: java.lang.InterruptedException: sleep interrupted
2019-10-20 10:29:08,786 [grpc-default-executor-4] INFO  impl.RaftServerImpl (RaftServerImpl.java:setRole(184)) - 9ceef694-dbcf-4070-b7b1-3b3c65b6a699@group-75987F7FE399: changes role from  FOLLOWER to FOLLOWER at term 447 for recognizeCandidate:df12c920-952d-4704-9c70-1a288e2f77c7
2019-10-20 10:29:08,787 [grpc-default-executor-4] INFO  impl.RoleInfo (RoleInfo.java:shutdownFollowerState(121)) - 9ceef694-dbcf-4070-b7b1-3b3c65b6a699: shutdown FollowerState
2019-10-20 10:29:08,787 [grpc-default-executor-4] INFO  impl.RoleInfo (RoleInfo.java:updateAndGet(143)) - 9ceef694-dbcf-4070-b7b1-3b3c65b6a699: start FollowerState
2019-10-20 10:29:08,787 [Thread-2926] INFO  impl.FollowerState (FollowerState.java:run(117)) - 9ceef694-dbcf-4070-b7b1-3b3c65b6a699@group-75987F7FE399-FollowerState was interrupted: java.lang.InterruptedException: sleep interrupted
2019-10-20 10:29:08,806 [df12c920-952d-4704-9c70-1a288e2f77c7@group-75987F7FE399-LeaderElection395] INFO  impl.LeaderElection (LeaderElection.java:logAndReturn(56)) - df12c920-952d-4704-9c70-1a288e2f77c7@group-75987F7FE399-LeaderElection395: Election REJECTED; received 2 response(s) [df12c920-952d-4704-9c70-1a288e2f77c7<-875da3d9-0dec-46c7-88bf-73f7a2372b64#0:FAIL-t447, df12c920-952d-4704-9c70-1a288e2f77c7<-9ceef694-dbcf-4070-b7b1-3b3c65b6a699#0:FAIL-t447] and 0 exception(s); df12c920-952d-4704-9c70-1a288e2f77c7@group-75987F7FE399:t447, leader=null, voted=df12c920-952d-4704-9c70-1a288e2f77c7, raftlog=df12c920-952d-4704-9c70-1a288e2f77c7@group-75987F7FE399-SegmentedRaftLog:OPENED:c-1,f-1,i0, conf=-1: [875da3d9-0dec-46c7-88bf-73f7a2372b64:192.168.69.89:39990, df12c920-952d-4704-9c70-1a288e2f77c7:192.168.69.89:43948, 9ceef694-dbcf-4070-b7b1-3b3c65b6a699:192.168.69.89:36536], old=null
2019-10-20 10:29:08,806 [df12c920-952d-4704-9c70-1a288e2f77c7@group-75987F7FE399-LeaderElection395] INFO  impl.RaftServerImpl (RaftServerImpl.java:setRole(184)) - df12c920-952d-4704-9c70-1a288e2f77c7@group-75987F7FE399: changes role from CANDIDATE to FOLLOWER at term 447 for DISCOVERED_A_NEW_TERM
2019-10-20 10:29:08,806 [df12c920-952d-4704-9c70-1a288e2f77c7@group-75987F7FE399-LeaderElection395] INFO  impl.RoleInfo (RoleInfo.java:shutdownLeaderElection(134)) - df12c920-952d-4704-9c70-1a288e2f77c7: shutdown LeaderElection
2019-10-20 10:29:08,806 [df12c920-952d-4704-9c70-1a288e2f77c7@group-75987F7FE399-LeaderElection395] INFO  impl.RoleInfo (RoleInfo.java:updateAndGet(143)) - df12c920-952d-4704-9c70-1a288e2f77c7: start FollowerState
2019-10-20 10:29:08,951 [Thread-2932] INFO  impl.FollowerState (FollowerState.java:run(108)) - df12c920-952d-4704-9c70-1a288e2f77c7@group-75987F7FE399-FollowerState: change to CANDIDATE, lastRpcTime:145ms, electionTimeout:145ms
2019-10-20 10:29:08,952 [Thread-2932] INFO  impl.RoleInfo (RoleInfo.java:shutdownFollowerState(121)) - df12c920-952d-4704-9c70-1a288e2f77c7: shutdown FollowerState
2019-10-20 10:29:08,952 [Thread-2932] INFO  impl.RaftServerImpl (RaftServerImpl.java:setRole(184)) - df12c920-952d-4704-9c70-1a288e2f77c7@group-75987F7FE399: changes role from  FOLLOWER to CANDIDATE at term 447 for changeToCandidate
2019-10-20 10:29:08,952 [Thread-2932] INFO  impl.RoleInfo (RoleInfo.java:updateAndGet(143)) - df12c920-952d-4704-9c70-1a288e2f77c7: start LeaderElection
2019-10-20 10:29:08,966 [df12c920-952d-4704-9c70-1a288e2f77c7@group-75987F7FE399-LeaderElection396] INFO  impl.LeaderElection (LeaderElection.java:askForVotes(178)) - df12c920-952d-4704-9c70-1a288e2f77c7@group-75987F7FE399-LeaderElection396: begin an election at term 448 for -1: [875da3d9-0dec-46c7-88bf-73f7a2372b64:192.168.69.89:39990, df12c920-952d-4704-9c70-1a288e2f77c7:192.168.69.89:43948, 9ceef694-dbcf-4070-b7b1-3b3c65b6a699:192.168.69.89:36536], old=null
2019-10-20 10:29:08,968 [grpc-default-executor-1] INFO  impl.RaftServerImpl (RaftServerImpl.java:setRole(184)) - 875da3d9-0dec-46c7-88bf-73f7a2372b64@group-75987F7FE399: changes role from  FOLLOWER to FOLLOWER at term 448 for recognizeCandidate:df12c920-952d-4704-9c70-1a288e2f77c7
2019-10-20 10:29:08,968 [grpc-default-executor-1] INFO  impl.RoleInfo (RoleInfo.java:shutdownFollowerState(121)) - 875da3d9-0dec-46c7-88bf-73f7a2372b64: shutdown FollowerState
2019-10-20 10:29:08,968 [grpc-default-executor-4] INFO  impl.RaftServerImpl (RaftServerImpl.java:setRole(184)) - 9ceef694-dbcf-4070-b7b1-3b3c65b6a699@group-75987F7FE399: changes role from  FOLLOWER to FOLLOWER at term 448 for recognizeCandidate:df12c920-952d-4704-9c70-1a288e2f77c7
2019-10-20 10:29:08,969 [grpc-default-executor-4] INFO  impl.RoleInfo (RoleInfo.java:shutdownFollowerState(121)) - 9ceef694-dbcf-4070-b7b1-3b3c65b6a699: shutdown FollowerState
2019-10-20 10:29:08,969 [Thread-2930] INFO  impl.FollowerState (FollowerState.java:run(117)) - 875da3d9-0dec-46c7-88bf-73f7a2372b64@group-75987F7FE399-FollowerState was interrupted: java.lang.InterruptedException: sleep interrupted
2019-10-20 10:29:08,968 [grpc-default-executor-1] INFO  impl.RoleInfo (RoleInfo.java:updateAndGet(143)) - 875da3d9-0dec-46c7-88bf-73f7a2372b64: start FollowerState
2019-10-20 10:29:08,969 [Thread-2931] INFO  impl.FollowerState (FollowerState.java:run(117)) - 9ceef694-dbcf-4070-b7b1-3b3c65b6a699@group-75987F7FE399-FollowerState was interrupted: java.lang.InterruptedException: sleep interrupted
2019-10-20 10:29:08,969 [grpc-default-executor-4] INFO  impl.RoleInfo (RoleInfo.java:updateAndGet(143)) - 9ceef694-dbcf-4070-b7b1-3b3c65b6a699: start FollowerState
2019-10-20 10:29:08,984 [df12c920-952d-4704-9c70-1a288e2f77c7@group-75987F7FE399-LeaderElection396] INFO  impl.LeaderElection (LeaderElection.java:logAndReturn(56)) - df12c920-952d-4704-9c70-1a288e2f77c7@group-75987F7FE399-LeaderElection396: Election REJECTED; received 2 response(s) [df12c920-952d-4704-9c70-1a288e2f77c7<-875da3d9-0dec-46c7-88bf-73f7a2372b64#0:FAIL-t448, df12c920-952d-4704-9c70-1a288e2f77c7<-9ceef694-dbcf-4070-b7b1-3b3c65b6a699#0:FAIL-t448] and 0 exception(s); df12c920-952d-4704-9c70-1a288e2f77c7@group-75987F7FE399:t448, leader=null, voted=df12c920-952d-4704-9c70-1a288e2f77c7, raftlog=df12c920-952d-4704-9c70-1a288e2f77c7@group-75987F7FE399-SegmentedRaftLog:OPENED:c-1,f-1,i0, conf=-1: [875da3d9-0dec-46c7-88bf-73f7a2372b64:192.168.69.89:39990, df12c920-952d-4704-9c70-1a288e2f77c7:192.168.69.89:43948, 9ceef694-dbcf-4070-b7b1-3b3c65b6a699:192.168.69.89:36536], old=null
2019-10-20 10:29:08,984 [df12c920-952d-4704-9c70-1a288e2f77c7@group-75987F7FE399-LeaderElection396] INFO  impl.RaftServerImpl (RaftServerImpl.java:setRole(184)) - df12c920-952d-4704-9c70-1a288e2f77c7@group-75987F7FE399: changes role from CANDIDATE to FOLLOWER at term 448 for DISCOVERED_A_NEW_TERM
2019-10-20 10:29:08,984 [df12c920-952d-4704-9c70-1a288e2f77c7@group-75987F7FE399-LeaderElection396] INFO  impl.RoleInfo (RoleInfo.java:shutdownLeaderElection(134)) - df12c920-952d-4704-9c70-1a288e2f77c7: shutdown LeaderElection
2019-10-20 10:29:08,984 [df12c920-952d-4704-9c70-1a288e2f77c7@group-75987F7FE399-LeaderElection396] INFO  impl.RoleInfo (RoleInfo.java:updateAndGet(143)) - df12c920-952d-4704-9c70-1a288e2f77c7: start FollowerState
2019-10-20 10:29:09,030 [Thread-2938] INFO  impl.FollowerState (FollowerState.java:run(108)) - df12c920-952d-4704-9c70-1a288e2f77c7@group-75987F7FE399-FollowerState: change to CANDIDATE, lastRpcTime:45ms, electionTimeout:45ms
2019-10-20 10:29:09,030 [Thread-2938] INFO  impl.RoleInfo (RoleInfo.java:shutdownFollowerState(121)) - df12c920-952d-4704-9c70-1a288e2f77c7: shutdown FollowerState
2019-10-20 10:29:09,030 [Thread-2938] INFO  impl.RaftServerImpl (RaftServerImpl.java:setRole(184)) - df12c920-952d-4704-9c70-1a288e2f77c7@group-75987F7FE399: changes role from  FOLLOWER to CANDIDATE at term 448 for changeToCandidate
2019-10-20 10:29:09,030 [Thread-2938] INFO  impl.RoleInfo (RoleInfo.java:updateAndGet(143)) - df12c920-952d-4704-9c70-1a288e2f77c7: start LeaderElection
2019-10-20 10:29:09,045 [df12c920-952d-4704-9c70-1a288e2f77c7@group-75987F7FE399-LeaderElection397] INFO  impl.LeaderElection (LeaderElection.java:askForVotes(178)) - df12c920-952d-4704-9c70-1a288e2f77c7@group-75987F7FE399-LeaderElection397: begin an election at term 449 for -1: [875da3d9-0dec-46c7-88bf-73f7a2372b64:192.168.69.89:39990, df12c920-952d-4704-9c70-1a288e2f77c7:192.168.69.89:43948, 9ceef694-dbcf-4070-b7b1-3b3c65b6a699:192.168.69.89:36536], old=null
2019-10-20 10:29:09,047 [grpc-default-executor-1] INFO  impl.RaftServerImpl (RaftServerImpl.java:setRole(184)) - 875da3d9-0dec-46c7-88bf-73f7a2372b64@group-75987F7FE399: changes role from  FOLLOWER to FOLLOWER at term 449 for recognizeCandidate:df12c920-952d-4704-9c70-1a288e2f77c7
2019-10-20 10:29:09,047 [grpc-default-executor-1] INFO  impl.RoleInfo (RoleInfo.java:shutdownFollowerState(121)) - 875da3d9-0dec-46c7-88bf-73f7a2372b64: shutdown FollowerState
2019-10-20 10:29:09,047 [grpc-default-executor-4] INFO  impl.RaftServerImpl (RaftServerImpl.java:setRole(184)) - 9ceef694-dbcf-4070-b7b1-3b3c65b6a699@group-75987F7FE399: changes role from  FOLLOWER to FOLLOWER at term 449 for recognizeCandidate:df12c920-952d-4704-9c70-1a288e2f77c7
2019-10-20 10:29:09,047 [grpc-default-executor-4] INFO  impl.RoleInfo (RoleInfo.java:shutdownFollowerState(121)) - 9ceef694-dbcf-4070-b7b1-3b3c65b6a699: shutdown FollowerState
2019-10-20 10:29:09,047 [Thread-2936] INFO  impl.FollowerState (FollowerState.java:run(117)) - 875da3d9-0dec-46c7-88bf-73f7a2372b64@group-75987F7FE399-FollowerState was interrupted: java.lang.InterruptedException: sleep interrupted
2019-10-20 10:29:09,047 [grpc-default-executor-1] INFO  impl.RoleInfo (RoleInfo.java:updateAndGet(143)) - 875da3d9-0dec-46c7-88bf-73f7a2372b64: start FollowerState
2019-10-20 10:29:09,048 [Thread-2937] INFO  impl.FollowerState (FollowerState.java:run(117)) - 9ceef694-dbcf-4070-b7b1-3b3c65b6a699@group-75987F7FE399-FollowerState was interrupted: java.lang.InterruptedException: sleep interrupted
2019-10-20 10:29:09,047 [grpc-default-executor-4] INFO  impl.RoleInfo (RoleInfo.java:updateAndGet(143)) - 9ceef694-dbcf-4070-b7b1-3b3c65b6a699: start FollowerState
2019-10-20 10:29:09,060 [df12c920-952d-4704-9c70-1a288e2f77c7@group-75987F7FE399-LeaderElection397] INFO  impl.LeaderElection (LeaderElection.java:logAndReturn(56)) - df12c920-952d-4704-9c70-1a288e2f77c7@group-75987F7FE399-LeaderElection397: Election REJECTED; received 2 response(s) [df12c920-952d-4704-9c70-1a288e2f77c7<-875da3d9-0dec-46c7-88bf-73f7a2372b64#0:FAIL-t449, df12c920-952d-4704-9c70-1a288e2f77c7<-9ceef694-dbcf-4070-b7b1-3b3c65b6a699#0:FAIL-t449] and 0 exception(s); df12c920-952d-4704-9c70-1a288e2f77c7@group-75987F7FE399:t449, leader=null, voted=df12c920-952d-4704-9c70-1a288e2f77c7, raftlog=df12c920-952d-4704-9c70-1a288e2f77c7@group-75987F7FE399-SegmentedRaftLog:OPENED:c-1,f-1,i0, conf=-1: [875da3d9-0dec-46c7-88bf-73f7a2372b64:192.168.69.89:39990, df12c920-952d-4704-9c70-1a288e2f77c7:192.168.69.89:43948, 9ceef694-dbcf-4070-b7b1-3b3c65b6a699:192.168.69.89:36536], old=null
2019-10-20 10:29:09,060 [df12c920-952d-4704-9c70-1a288e2f77c7@group-75987F7FE399-LeaderElection397] INFO  impl.RaftServerImpl (RaftServerImpl.java:setRole(184)) - df12c920-952d-4704-9c70-1a288e2f77c7@group-75987F7FE399: changes role from CANDIDATE to FOLLOWER at term 449 for DISCOVERED_A_NEW_TERM
2019-10-20 10:29:09,060 [df12c920-952d-4704-9c70-1a288e2f77c7@group-75987F7FE399-LeaderElection397] INFO  impl.RoleInfo (RoleInfo.java:shutdownLeaderElection(134)) - df12c920-952d-4704-9c70-1a288e2f77c7: shutdown LeaderElection
2019-10-20 10:29:09,060 [df12c920-952d-4704-9c70-1a288e2f77c7@group-75987F7FE399-LeaderElection397] INFO  impl.RoleInfo (RoleInfo.java:updateAndGet(143)) - df12c920-952d-4704-9c70-1a288e2f77c7: start FollowerState
2019-10-20 10:29:09,144 [Thread-2944] INFO  impl.FollowerState (FollowerState.java:run(108)) - df12c920-952d-4704-9c70-1a288e2f77c7@group-75987F7FE399-FollowerState: change to CANDIDATE, lastRpcTime:83ms, electionTimeout:83ms
2019-10-20 10:29:09,144 [Thread-2944] INFO  impl.RoleInfo (RoleInfo.java:shutdownFollowerState(121)) - df12c920-952d-4704-9c70-1a288e2f77c7: shutdown FollowerState
2019-10-20 10:29:09,144 [Thread-2944] INFO  impl.RaftServerImpl (RaftServerImpl.java:setRole(184)) - df12c920-952d-4704-9c70-1a288e2f77c7@group-75987F7FE399: changes role from  FOLLOWER to CANDIDATE at term 449 for changeToCandidate
2019-10-20 10:29:09,144 [Thread-2944] INFO  impl.RoleInfo (RoleInfo.java:updateAndGet(143)) - df12c920-952d-4704-9c70-1a288e2f77c7: start LeaderElection
2019-10-20 10:29:09,166 [df12c920-952d-4704-9c70-1a288e2f77c7@group-75987F7FE399-LeaderElection398] INFO  impl.LeaderElection (LeaderElection.java:askForVotes(178)) - df12c920-952d-4704-9c70-1a288e2f77c7@group-75987F7FE399-LeaderElection398: begin an election at term 450 for -1: [875da3d9-0dec-46c7-88bf-73f7a2372b64:192.168.69.89:39990, df12c920-952d-4704-9c70-1a288e2f77c7:192.168.69.89:43948, 9ceef694-dbcf-4070-b7b1-3b3c65b6a699:192.168.69.89:36536], old=null
2019-10-20 10:29:09,167 [grpc-default-executor-4] INFO  impl.RaftServerImpl (RaftServerImpl.java:setRole(184)) - 9ceef694-dbcf-4070-b7b1-3b3c65b6a699@group-75987F7FE399: changes role from  FOLLOWER to FOLLOWER at term 450 for recognizeCandidate:df12c920-952d-4704-9c70-1a288e2f77c7
2019-10-20 10:29:09,168 [grpc-default-executor-4] INFO  impl.RoleInfo (RoleInfo.java:shutdownFollowerState(121)) - 9ceef694-dbcf-4070-b7b1-3b3c65b6a699: shutdown FollowerState
2019-10-20 10:29:09,168 [grpc-default-executor-1] INFO  impl.RaftServerImpl (RaftServerImpl.java:setRole(184)) - 875da3d9-0dec-46c7-88bf-73f7a2372b64@group-75987F7FE399: changes role from  FOLLOWER to FOLLOWER at term 450 for recognizeCandidate:df12c920-952d-4704-9c70-1a288e2f77c7
2019-10-20 10:29:09,168 [Thread-2943] INFO  impl.FollowerState (FollowerState.java:run(117)) - 9ceef694-dbcf-4070-b7b1-3b3c65b6a699@group-75987F7FE399-FollowerState was interrupted: java.lang.InterruptedException: sleep interrupted
2019-10-20 10:29:09,168 [grpc-default-executor-4] INFO  impl.RoleInfo (RoleInfo.java:updateAndGet(143)) - 9ceef694-dbcf-4070-b7b1-3b3c65b6a699: start FollowerState
2019-10-20 10:29:09,168 [grpc-default-executor-1] INFO  impl.RoleInfo (RoleInfo.java:shutdownFollowerState(121)) - 875da3d9-0dec-46c7-88bf-73f7a2372b64: shutdown FollowerState
2019-10-20 10:29:09,168 [grpc-default-executor-1] INFO  impl.RoleInfo (RoleInfo.java:updateAndGet(143)) - 875da3d9-0dec-46c7-88bf-73f7a2372b64: start FollowerState
2019-10-20 10:29:09,169 [Thread-2942] INFO  impl.FollowerState (FollowerState.java:run(117)) - 875da3d9-0dec-46c7-88bf-73f7a2372b64@group-75987F7FE399-FollowerState was interrupted: java.lang.InterruptedException: sleep interrupted
2019-10-20 10:29:09,184 [df12c920-952d-4704-9c70-1a288e2f77c7@group-75987F7FE399-LeaderElection398] INFO  impl.LeaderElection (LeaderElection.java:logAndReturn(56)) - df12c920-952d-4704-9c70-1a288e2f77c7@group-75987F7FE399-LeaderElection398: Election REJECTED; received 2 response(s) [df12c920-952d-4704-9c70-1a288e2f77c7<-875da3d9-0dec-46c7-88bf-73f7a2372b64#0:FAIL-t450, df12c920-952d-4704-9c70-1a288e2f77c7<-9ceef694-dbcf-4070-b7b1-3b3c65b6a699#0:FAIL-t450] and 0 exception(s); df12c920-952d-4704-9c70-1a288e2f77c7@group-75987F7FE399:t450, leader=null, voted=df12c920-952d-4704-9c70-1a288e2f77c7, raftlog=df12c920-952d-4704-9c70-1a288e2f77c7@group-75987F7FE399-SegmentedRaftLog:OPENED:c-1,f-1,i0, conf=-1: [875da3d9-0dec-46c7-88bf-73f7a2372b64:192.168.69.89:39990, df12c920-952d-4704-9c70-1a288e2f77c7:192.168.69.89:43948, 9ceef694-dbcf-4070-b7b1-3b3c65b6a699:192.168.69.89:36536], old=null
2019-10-20 10:29:09,184 [df12c920-952d-4704-9c70-1a288e2f77c7@group-75987F7FE399-LeaderElection398] INFO  impl.RaftServerImpl (RaftServerImpl.java:setRole(184)) - df12c920-952d-4704-9c70-1a288e2f77c7@group-75987F7FE399: changes role from CANDIDATE to FOLLOWER at term 450 for DISCOVERED_A_NEW_TERM
2019-10-20 10:29:09,185 [df12c920-952d-4704-9c70-1a288e2f77c7@group-75987F7FE399-LeaderElection398] INFO  impl.RoleInfo (RoleInfo.java:shutdownLeaderElection(134)) - df12c920-952d-4704-9c70-1a288e2f77c7: shutdown LeaderElection
2019-10-20 10:29:09,185 [df12c920-952d-4704-9c70-1a288e2f77c7@group-75987F7FE399-LeaderElection398] INFO  impl.RoleInfo (RoleInfo.java:updateAndGet(143)) - df12c920-952d-4704-9c70-1a288e2f77c7: start FollowerState
2019-10-20 10:29:09,201 [Thread-2950] INFO  impl.FollowerState (FollowerState.java:run(108)) - df12c920-952d-4704-9c70-1a288e2f77c7@group-75987F7FE399-FollowerState: change to CANDIDATE, lastRpcTime:16ms, electionTimeout:16ms
2019-10-20 10:29:09,201 [Thread-2950] INFO  impl.RoleInfo (RoleInfo.java:shutdownFollowerState(121)) - df12c920-952d-4704-9c70-1a288e2f77c7: shutdown FollowerState
2019-10-20 10:29:09,202 [Thread-2950] INFO  impl.RaftServerImpl (RaftServerImpl.java:setRole(184)) - df12c920-952d-4704-9c70-1a288e2f77c7@group-75987F7FE399: changes role from  FOLLOWER to CANDIDATE at term 450 for changeToCandidate
2019-10-20 10:29:09,202 [Thread-2950] INFO  impl.RoleInfo (RoleInfo.java:updateAndGet(143)) - df12c920-952d-4704-9c70-1a288e2f77c7: start LeaderElection
2019-10-20 10:29:09,217 [df12c920-952d-4704-9c70-1a288e2f77c7@group-75987F7FE399-LeaderElection399] INFO  impl.LeaderElection (LeaderElection.java:askForVotes(178)) - df12c920-952d-4704-9c70-1a288e2f77c7@group-75987F7FE399-LeaderElection399: begin an election at term 451 for -1: [875da3d9-0dec-46c7-88bf-73f7a2372b64:192.168.69.89:39990, df12c920-952d-4704-9c70-1a288e2f77c7:192.168.69.89:43948, 9ceef694-dbcf-4070-b7b1-3b3c65b6a699:192.168.69.89:36536], old=null
2019-10-20 10:29:09,218 [grpc-default-executor-1] INFO  impl.RaftServerImpl (RaftServerImpl.java:setRole(184)) - 875da3d9-0dec-46c7-88bf-73f7a2372b64@group-75987F7FE399: changes role from  FOLLOWER to FOLLOWER at term 451 for recognizeCandidate:df12c920-952d-4704-9c70-1a288e2f77c7
2019-10-20 10:29:09,219 [grpc-default-executor-1] INFO  impl.RoleInfo (RoleInfo.java:shutdownFollowerState(121)) - 875da3d9-0dec-46c7-88bf-73f7a2372b64: shutdown FollowerState
2019-10-20 10:29:09,219 [grpc-default-executor-1] INFO  impl.RoleInfo (RoleInfo.java:updateAndGet(143)) - 875da3d9-0dec-46c7-88bf-73f7a2372b64: start FollowerState
2019-10-20 10:29:09,219 [Thread-2949] INFO  impl.FollowerState (FollowerState.java:run(117)) - 875da3d9-0dec-46c7-88bf-73f7a2372b64@group-75987F7FE399-FollowerState was interrupted: java.lang.InterruptedException: sleep interrupted
2019-10-20 10:29:09,219 [grpc-default-executor-4] INFO  impl.RaftServerImpl (RaftServerImpl.java:setRole(184)) - 9ceef694-dbcf-4070-b7b1-3b3c65b6a699@group-75987F7FE399: changes role from  FOLLOWER to FOLLOWER at term 451 for recognizeCandidate:df12c920-952d-4704-9c70-1a288e2f77c7
2019-10-20 10:29:09,219 [grpc-default-executor-4] INFO  impl.RoleInfo (RoleInfo.java:shutdownFollowerState(121)) - 9ceef694-dbcf-4070-b7b1-3b3c65b6a699: shutdown FollowerState
2019-10-20 10:29:09,219 [grpc-default-executor-4] INFO  impl.RoleInfo (RoleInfo.java:updateAndGet(143)) - 9ceef694-dbcf-4070-b7b1-3b3c65b6a699: start FollowerState
2019-10-20 10:29:09,219 [Thread-2948] INFO  impl.FollowerState (FollowerState.java:run(117)) - 9ceef694-dbcf-4070-b7b1-3b3c65b6a699@group-75987F7FE399-FollowerState was interrupted: java.lang.InterruptedException: sleep interrupted
2019-10-20 10:29:09,233 [df12c920-952d-4704-9c70-1a288e2f77c7@group-75987F7FE399-LeaderElection399] INFO  impl.LeaderElection (LeaderElection.java:logAndReturn(56)) - df12c920-952d-4704-9c70-1a288e2f77c7@group-75987F7FE399-LeaderElection399: Election REJECTED; received 2 response(s) [df12c920-952d-4704-9c70-1a288e2f77c7<-875da3d9-0dec-46c7-88bf-73f7a2372b64#0:FAIL-t451, df12c920-952d-4704-9c70-1a288e2f77c7<-9ceef694-dbcf-4070-b7b1-3b3c65b6a699#0:FAIL-t451] and 0 exception(s); df12c920-952d-4704-9c70-1a288e2f77c7@group-75987F7FE399:t451, leader=null, voted=df12c920-952d-4704-9c70-1a288e2f77c7, raftlog=df12c920-952d-4704-9c70-1a288e2f77c7@group-75987F7FE399-SegmentedRaftLog:OPENED:c-1,f-1,i0, conf=-1: [875da3d9-0dec-46c7-88bf-73f7a2372b64:192.168.69.89:39990, df12c920-952d-4704-9c70-1a288e2f77c7:192.168.69.89:43948, 9ceef694-dbcf-4070-b7b1-3b3c65b6a699:192.168.69.89:36536], old=null
2019-10-20 10:29:09,233 [df12c920-952d-4704-9c70-1a288e2f77c7@group-75987F7FE399-LeaderElection399] INFO  impl.RaftServerImpl (RaftServerImpl.java:setRole(184)) - df12c920-952d-4704-9c70-1a288e2f77c7@group-75987F7FE399: changes role from CANDIDATE to FOLLOWER at term 451 for DISCOVERED_A_NEW_TERM
2019-10-20 10:29:09,233 [df12c920-952d-4704-9c70-1a288e2f77c7@group-75987F7FE399-LeaderElection399] INFO  impl.RoleInfo (RoleInfo.java:shutdownLeaderElection(134)) - df12c920-952d-4704-9c70-1a288e2f77c7: shutdown LeaderElection
2019-10-20 10:29:09,233 [df12c920-952d-4704-9c70-1a288e2f77c7@group-75987F7FE399-LeaderElection399] INFO  impl.RoleInfo (RoleInfo.java:updateAndGet(143)) - df12c920-952d-4704-9c70-1a288e2f77c7: start FollowerState
2019-10-20 10:29:09,355 [Thread-2956] INFO  impl.FollowerState (FollowerState.java:run(108)) - df12c920-952d-4704-9c70-1a288e2f77c7@group-75987F7FE399-FollowerState: change to CANDIDATE, lastRpcTime:121ms, electionTimeout:121ms
2019-10-20 10:29:09,355 [Thread-2956] INFO  impl.RoleInfo (RoleInfo.java:shutdownFollowerState(121)) - df12c920-952d-4704-9c70-1a288e2f77c7: shutdown FollowerState
2019-10-20 10:29:09,355 [Thread-2956] INFO  impl.RaftServerImpl (RaftServerImpl.java:setRole(184)) - df12c920-952d-4704-9c70-1a288e2f77c7@group-75987F7FE399: changes role from  FOLLOWER to CANDIDATE at term 451 for changeToCandidate
2019-10-20 10:29:09,355 [Thread-2956] INFO  impl.RoleInfo (RoleInfo.java:updateAndGet(143)) - df12c920-952d-4704-9c70-1a288e2f77c7: start LeaderElection
2019-10-20 10:29:09,375 [df12c920-952d-4704-9c70-1a288e2f77c7@group-75987F7FE399-LeaderElection400] INFO  impl.LeaderElection (LeaderElection.java:askForVotes(178)) - df12c920-952d-4704-9c70-1a288e2f77c7@group-75987F7FE399-LeaderElection400: begin an election at term 452 for -1: [875da3d9-0dec-46c7-88bf-73f7a2372b64:192.168.69.89:39990, df12c920-952d-4704-9c70-1a288e2f77c7:192.168.69.89:43948, 9ceef694-dbcf-4070-b7b1-3b3c65b6a699:192.168.69.89:36536], old=null
2019-10-20 10:29:09,378 [grpc-default-executor-1] INFO  impl.RaftServerImpl (RaftServerImpl.java:setRole(184)) - 9ceef694-dbcf-4070-b7b1-3b3c65b6a699@group-75987F7FE399: changes role from  FOLLOWER to FOLLOWER at term 452 for recognizeCandidate:df12c920-952d-4704-9c70-1a288e2f77c7
2019-10-20 10:29:09,378 [grpc-default-executor-4] INFO  impl.RaftServerImpl (RaftServerImpl.java:setRole(184)) - 875da3d9-0dec-46c7-88bf-73f7a2372b64@group-75987F7FE399: changes role from  FOLLOWER to FOLLOWER at term 452 for recognizeCandidate:df12c920-952d-4704-9c70-1a288e2f77c7
2019-10-20 10:29:09,378 [grpc-default-executor-1] INFO  impl.RoleInfo (RoleInfo.java:shutdownFollowerState(121)) - 9ceef694-dbcf-4070-b7b1-3b3c65b6a699: shutdown FollowerState
2019-10-20 10:29:09,378 [grpc-default-executor-4] INFO  impl.RoleInfo (RoleInfo.java:shutdownFollowerState(121)) - 875da3d9-0dec-46c7-88bf-73f7a2372b64: shutdown FollowerState
2019-10-20 10:29:09,378 [Thread-2955] INFO  impl.FollowerState (FollowerState.java:run(117)) - 9ceef694-dbcf-4070-b7b1-3b3c65b6a699@group-75987F7FE399-FollowerState was interrupted: java.lang.InterruptedException: sleep interrupted
2019-10-20 10:29:09,378 [grpc-default-executor-1] INFO  impl.RoleInfo (RoleInfo.java:updateAndGet(143)) - 9ceef694-dbcf-4070-b7b1-3b3c65b6a699: start FollowerState
2019-10-20 10:29:09,378 [Thread-2954] INFO  impl.FollowerState (FollowerState.java:run(117)) - 875da3d9-0dec-46c7-88bf-73f7a2372b64@group-75987F7FE399-FollowerState was interrupted: java.lang.InterruptedException: sleep interrupted
2019-10-20 10:29:09,378 [grpc-default-executor-4] INFO  impl.RoleInfo (RoleInfo.java:updateAndGet(143)) - 875da3d9-0dec-46c7-88bf-73f7a2372b64: start FollowerState
2019-10-20 10:29:09,393 [df12c920-952d-4704-9c70-1a288e2f77c7@group-75987F7FE399-LeaderElection400] INFO  impl.LeaderElection (LeaderElection.java:logAndReturn(56)) - df12c920-952d-4704-9c70-1a288e2f77c7@group-75987F7FE399-LeaderElection400: Election REJECTED; received 2 response(s) [df12c920-952d-4704-9c70-1a288e2f77c7<-875da3d9-0dec-46c7-88bf-73f7a2372b64#0:FAIL-t452, df12c920-952d-4704-9c70-1a288e2f77c7<-9ceef694-dbcf-4070-b7b1-3b3c65b6a699#0:FAIL-t452] and 0 exception(s); df12c920-952d-4704-9c70-1a288e2f77c7@group-75987F7FE399:t452, leader=null, voted=df12c920-952d-4704-9c70-1a288e2f77c7, raftlog=df12c920-952d-4704-9c70-1a288e2f77c7@group-75987F7FE399-SegmentedRaftLog:OPENED:c-1,f-1,i0, conf=-1: [875da3d9-0dec-46c7-88bf-73f7a2372b64:192.168.69.89:39990, df12c920-952d-4704-9c70-1a288e2f77c7:192.168.69.89:43948, 9ceef694-dbcf-4070-b7b1-3b3c65b6a699:192.168.69.89:36536], old=null
2019-10-20 10:29:09,393 [df12c920-952d-4704-9c70-1a288e2f77c7@group-75987F7FE399-LeaderElection400] INFO  impl.RaftServerImpl (RaftServerImpl.java:setRole(184)) - df12c920-952d-4704-9c70-1a288e2f77c7@group-75987F7FE399: changes role from CANDIDATE to FOLLOWER at term 452 for DISCOVERED_A_NEW_TERM
2019-10-20 10:29:09,393 [df12c920-952d-4704-9c70-1a288e2f77c7@group-75987F7FE399-LeaderElection400] INFO  impl.RoleInfo (RoleInfo.java:shutdownLeaderElection(134)) - df12c920-952d-4704-9c70-1a288e2f77c7: shutdown LeaderElection
2019-10-20 10:29:09,393 [df12c920-952d-4704-9c70-1a288e2f77c7@group-75987F7FE399-LeaderElection400] INFO  impl.RoleInfo (RoleInfo.java:updateAndGet(143)) - df12c920-952d-4704-9c70-1a288e2f77c7: start FollowerState
2019-10-20 10:29:09,455 [Thread-2964] INFO  impl.FollowerState (FollowerState.java:run(108)) - df12c920-952d-4704-9c70-1a288e2f77c7@group-75987F7FE399-FollowerState: change to CANDIDATE, lastRpcTime:62ms, electionTimeout:62ms
2019-10-20 10:29:09,456 [Thread-2964] INFO  impl.RoleInfo (RoleInfo.java:shutdownFollowerState(121)) - df12c920-952d-4704-9c70-1a288e2f77c7: shutdown FollowerState
2019-10-20 10:29:09,456 [Thread-2964] INFO  impl.RaftServerImpl (RaftServerImpl.java:setRole(184)) - df12c920-952d-4704-9c70-1a288e2f77c7@group-75987F7FE399: changes role from  FOLLOWER to CANDIDATE at term 452 for changeToCandidate
2019-10-20 10:29:09,456 [Thread-2964] INFO  impl.RoleInfo (RoleInfo.java:updateAndGet(143)) - df12c920-952d-4704-9c70-1a288e2f77c7: start LeaderElection
2019-10-20 10:29:09,481 [df12c920-952d-4704-9c70-1a288e2f77c7@group-75987F7FE399-LeaderElection401] INFO  impl.LeaderElection (LeaderElection.java:askForVotes(178)) - df12c920-952d-4704-9c70-1a288e2f77c7@group-75987F7FE399-LeaderElection401: begin an election at term 453 for -1: [875da3d9-0dec-46c7-88bf-73f7a2372b64:192.168.69.89:39990, df12c920-952d-4704-9c70-1a288e2f77c7:192.168.69.89:43948, 9ceef694-dbcf-4070-b7b1-3b3c65b6a699:192.168.69.89:36536], old=null
2019-10-20 10:29:09,483 [grpc-default-executor-1] INFO  impl.RaftServerImpl (RaftServerImpl.java:setRole(184)) - 875da3d9-0dec-46c7-88bf-73f7a2372b64@group-75987F7FE399: changes role from  FOLLOWER to FOLLOWER at term 453 for recognizeCandidate:df12c920-952d-4704-9c70-1a288e2f77c7
2019-10-20 10:29:09,483 [grpc-default-executor-1] INFO  impl.RoleInfo (RoleInfo.java:shutdownFollowerState(121)) - 875da3d9-0dec-46c7-88bf-73f7a2372b64: shutdown FollowerState
2019-10-20 10:29:09,483 [grpc-default-executor-1] INFO  impl.RoleInfo (RoleInfo.java:updateAndGet(143)) - 875da3d9-0dec-46c7-88bf-73f7a2372b64: start FollowerState
2019-10-20 10:29:09,483 [grpc-default-executor-4] INFO  impl.RaftServerImpl (RaftServerImpl.java:setRole(184)) - 9ceef694-dbcf-4070-b7b1-3b3c65b6a699@group-75987F7FE399: changes role from  FOLLOWER to FOLLOWER at term 453 for recognizeCandidate:df12c920-952d-4704-9c70-1a288e2f77c7
2019-10-20 10:29:09,483 [Thread-2963] INFO  impl.FollowerState (FollowerState.java:run(117)) - 875da3d9-0dec-46c7-88bf-73f7a2372b64@group-75987F7FE399-FollowerState was interrupted: java.lang.InterruptedException: sleep interrupted
2019-10-20 10:29:09,483 [grpc-default-executor-4] INFO  impl.RoleInfo (RoleInfo.java:shutdownFollowerState(121)) - 9ceef694-dbcf-4070-b7b1-3b3c65b6a699: shutdown FollowerState
2019-10-20 10:29:09,484 [grpc-default-executor-4] INFO  impl.RoleInfo (RoleInfo.java:updateAndGet(143)) - 9ceef694-dbcf-4070-b7b1-3b3c65b6a699: start FollowerState
2019-10-20 10:29:09,484 [Thread-2962] INFO  impl.FollowerState (FollowerState.java:run(117)) - 9ceef694-dbcf-4070-b7b1-3b3c65b6a699@group-75987F7FE399-FollowerState was interrupted: java.lang.InterruptedException: sleep interrupted
2019-10-20 10:29:09,509 [df12c920-952d-4704-9c70-1a288e2f77c7@group-75987F7FE399-LeaderElection401] INFO  impl.LeaderElection (LeaderElection.java:logAndReturn(56)) - df12c920-952d-4704-9c70-1a288e2f77c7@group-75987F7FE399-LeaderElection401: Election REJECTED; received 2 response(s) [df12c920-952d-4704-9c70-1a288e2f77c7<-875da3d9-0dec-46c7-88bf-73f7a2372b64#0:FAIL-t453, df12c920-952d-4704-9c70-1a288e2f77c7<-9ceef694-dbcf-4070-b7b1-3b3c65b6a699#0:FAIL-t453] and 0 exception(s); df12c920-952d-4704-9c70-1a288e2f77c7@group-75987F7FE399:t453, leader=null, voted=df12c920-952d-4704-9c70-1a288e2f77c7, raftlog=df12c920-952d-4704-9c70-1a288e2f77c7@group-75987F7FE399-SegmentedRaftLog:OPENED:c-1,f-1,i0, conf=-1: [875da3d9-0dec-46c7-88bf-73f7a2372b64:192.168.69.89:39990, df12c920-952d-4704-9c70-1a288e2f77c7:192.168.69.89:43948, 9ceef694-dbcf-4070-b7b1-3b3c65b6a699:192.168.69.89:36536], old=null
2019-10-20 10:29:09,509 [df12c920-952d-4704-9c70-1a288e2f77c7@group-75987F7FE399-LeaderElection401] INFO  impl.RaftServerImpl (RaftServerImpl.java:setRole(184)) - df12c920-952d-4704-9c70-1a288e2f77c7@group-75987F7FE399: changes role from CANDIDATE to FOLLOWER at term 453 for DISCOVERED_A_NEW_TERM
2019-10-20 10:29:09,509 [df12c920-952d-4704-9c70-1a288e2f77c7@group-75987F7FE399-LeaderElection401] INFO  impl.RoleInfo (RoleInfo.java:shutdownLeaderElection(134)) - df12c920-952d-4704-9c70-1a288e2f77c7: shutdown LeaderElection
2019-10-20 10:29:09,509 [df12c920-952d-4704-9c70-1a288e2f77c7@group-75987F7FE399-LeaderElection401] INFO  impl.RoleInfo (RoleInfo.java:updateAndGet(143)) - df12c920-952d-4704-9c70-1a288e2f77c7: start FollowerState
2019-10-20 10:29:09,601 [Thread-2970] INFO  impl.FollowerState (FollowerState.java:run(108)) - df12c920-952d-4704-9c70-1a288e2f77c7@group-75987F7FE399-FollowerState: change to CANDIDATE, lastRpcTime:92ms, electionTimeout:92ms
2019-10-20 10:29:09,601 [Thread-2970] INFO  impl.RoleInfo (RoleInfo.java:shutdownFollowerState(121)) - df12c920-952d-4704-9c70-1a288e2f77c7: shutdown FollowerState
2019-10-20 10:29:09,601 [Thread-2970] INFO  impl.RaftServerImpl (RaftServerImpl.java:setRole(184)) - df12c920-952d-4704-9c70-1a288e2f77c7@group-75987F7FE399: changes role from  FOLLOWER to CANDIDATE at term 453 for changeToCandidate
2019-10-20 10:29:09,602 [Thread-2970] INFO  impl.RoleInfo (RoleInfo.java:updateAndGet(143)) - df12c920-952d-4704-9c70-1a288e2f77c7: start LeaderElection
2019-10-20 10:29:09,615 [df12c920-952d-4704-9c70-1a288e2f77c7@group-75987F7FE399-LeaderElection402] INFO  impl.LeaderElection (LeaderElection.java:askForVotes(178)) - df12c920-952d-4704-9c70-1a288e2f77c7@group-75987F7FE399-LeaderElection402: begin an election at term 454 for -1: [875da3d9-0dec-46c7-88bf-73f7a2372b64:192.168.69.89:39990, df12c920-952d-4704-9c70-1a288e2f77c7:192.168.69.89:43948, 9ceef694-dbcf-4070-b7b1-3b3c65b6a699:192.168.69.89:36536], old=null
2019-10-20 10:29:09,616 [grpc-default-executor-4] INFO  impl.RaftServerImpl (RaftServerImpl.java:setRole(184)) - 875da3d9-0dec-46c7-88bf-73f7a2372b64@group-75987F7FE399: changes role from  FOLLOWER to FOLLOWER at term 454 for recognizeCandidate:df12c920-952d-4704-9c70-1a288e2f77c7
2019-10-20 10:29:09,617 [grpc-default-executor-4] INFO  impl.RoleInfo (RoleInfo.java:shutdownFollowerState(121)) - 875da3d9-0dec-46c7-88bf-73f7a2372b64: shutdown FollowerState
2019-10-20 10:29:09,616 [grpc-default-executor-1] INFO  impl.RaftServerImpl (RaftServerImpl.java:setRole(184)) - 9ceef694-dbcf-4070-b7b1-3b3c65b6a699@group-75987F7FE399: changes role from  FOLLOWER to FOLLOWER at term 454 for recognizeCandidate:df12c920-952d-4704-9c70-1a288e2f77c7
2019-10-20 10:29:09,617 [grpc-default-executor-1] INFO  impl.RoleInfo (RoleInfo.java:shutdownFollowerState(121)) - 9ceef694-dbcf-4070-b7b1-3b3c65b6a699: shutdown FollowerState
2019-10-20 10:29:09,617 [Thread-2968] INFO  impl.FollowerState (FollowerState.java:run(117)) - 875da3d9-0dec-46c7-88bf-73f7a2372b64@group-75987F7FE399-FollowerState was interrupted: java.lang.InterruptedException: sleep interrupted
2019-10-20 10:29:09,617 [grpc-default-executor-4] INFO  impl.RoleInfo (RoleInfo.java:updateAndGet(143)) - 875da3d9-0dec-46c7-88bf-73f7a2372b64: start FollowerState
2019-10-20 10:29:09,617 [Thread-2969] INFO  impl.FollowerState (FollowerState.java:run(117)) - 9ceef694-dbcf-4070-b7b1-3b3c65b6a699@group-75987F7FE399-FollowerState was interrupted: java.lang.InterruptedException: sleep interrupted
2019-10-20 10:29:09,617 [grpc-default-executor-1] INFO  impl.RoleInfo (RoleInfo.java:updateAndGet(143)) - 9ceef694-dbcf-4070-b7b1-3b3c65b6a699: start FollowerState
2019-10-20 10:29:09,635 [df12c920-952d-4704-9c70-1a288e2f77c7@group-75987F7FE399-LeaderElection402] INFO  impl.LeaderElection (LeaderElection.java:logAndReturn(56)) - df12c920-952d-4704-9c70-1a288e2f77c7@group-75987F7FE399-LeaderElection402: Election REJECTED; received 2 response(s) [df12c920-952d-4704-9c70-1a288e2f77c7<-875da3d9-0dec-46c7-88bf-73f7a2372b64#0:FAIL-t454, df12c920-952d-4704-9c70-1a288e2f77c7<-9ceef694-dbcf-4070-b7b1-3b3c65b6a699#0:FAIL-t454] and 0 exception(s); df12c920-952d-4704-9c70-1a288e2f77c7@group-75987F7FE399:t454, leader=null, voted=df12c920-952d-4704-9c70-1a288e2f77c7, raftlog=df12c920-952d-4704-9c70-1a288e2f77c7@group-75987F7FE399-SegmentedRaftLog:OPENED:c-1,f-1,i0, conf=-1: [875da3d9-0dec-46c7-88bf-73f7a2372b64:192.168.69.89:39990, df12c920-952d-4704-9c70-1a288e2f77c7:192.168.69.89:43948, 9ceef694-dbcf-4070-b7b1-3b3c65b6a699:192.168.69.89:36536], old=null
2019-10-20 10:29:09,635 [df12c920-952d-4704-9c70-1a288e2f77c7@group-75987F7FE399-LeaderElection402] INFO  impl.RaftServerImpl (RaftServerImpl.java:setRole(184)) - df12c920-952d-4704-9c70-1a288e2f77c7@group-75987F7FE399: changes role from CANDIDATE to FOLLOWER at term 454 for DISCOVERED_A_NEW_TERM
2019-10-20 10:29:09,636 [df12c920-952d-4704-9c70-1a288e2f77c7@group-75987F7FE399-LeaderElection402] INFO  impl.RoleInfo (RoleInfo.java:shutdownLeaderElection(134)) - df12c920-952d-4704-9c70-1a288e2f77c7: shutdown LeaderElection
2019-10-20 10:29:09,636 [df12c920-952d-4704-9c70-1a288e2f77c7@group-75987F7FE399-LeaderElection402] INFO  impl.RoleInfo (RoleInfo.java:updateAndGet(143)) - df12c920-952d-4704-9c70-1a288e2f77c7: start FollowerState
2019-10-20 10:29:09,822 [Thread-2976] INFO  impl.FollowerState (FollowerState.java:run(108)) - df12c920-952d-4704-9c70-1a288e2f77c7@group-75987F7FE399-FollowerState: change to CANDIDATE, lastRpcTime:186ms, electionTimeout:186ms
2019-10-20 10:29:09,822 [Thread-2976] INFO  impl.RoleInfo (RoleInfo.java:shutdownFollowerState(121)) - df12c920-952d-4704-9c70-1a288e2f77c7: shutdown FollowerState
2019-10-20 10:29:09,822 [Thread-2976] INFO  impl.RaftServerImpl (RaftServerImpl.java:setRole(184)) - df12c920-952d-4704-9c70-1a288e2f77c7@group-75987F7FE399: changes role from  FOLLOWER to CANDIDATE at term 454 for changeToCandidate
2019-10-20 10:29:09,822 [Thread-2976] INFO  impl.RoleInfo (RoleInfo.java:updateAndGet(143)) - df12c920-952d-4704-9c70-1a288e2f77c7: start LeaderElection
2019-10-20 10:29:09,838 [df12c920-952d-4704-9c70-1a288e2f77c7@group-75987F7FE399-LeaderElection403] INFO  impl.LeaderElection (LeaderElection.java:askForVotes(178)) - df12c920-952d-4704-9c70-1a288e2f77c7@group-75987F7FE399-LeaderElection403: begin an election at term 455 for -1: [875da3d9-0dec-46c7-88bf-73f7a2372b64:192.168.69.89:39990, df12c920-952d-4704-9c70-1a288e2f77c7:192.168.69.89:43948, 9ceef694-dbcf-4070-b7b1-3b3c65b6a699:192.168.69.89:36536], old=null
2019-10-20 10:29:09,839 [grpc-default-executor-1] INFO  impl.RaftServerImpl (RaftServerImpl.java:setRole(184)) - 875da3d9-0dec-46c7-88bf-73f7a2372b64@group-75987F7FE399: changes role from  FOLLOWER to FOLLOWER at term 455 for recognizeCandidate:df12c920-952d-4704-9c70-1a288e2f77c7
2019-10-20 10:29:09,839 [grpc-default-executor-1] INFO  impl.RoleInfo (RoleInfo.java:shutdownFollowerState(121)) - 875da3d9-0dec-46c7-88bf-73f7a2372b64: shutdown FollowerState
2019-10-20 10:29:09,840 [grpc-default-executor-1] INFO  impl.RoleInfo (RoleInfo.java:updateAndGet(143)) - 875da3d9-0dec-46c7-88bf-73f7a2372b64: start FollowerState
2019-10-20 10:29:09,840 [Thread-2974] INFO  impl.FollowerState (FollowerState.java:run(117)) - 875da3d9-0dec-46c7-88bf-73f7a2372b64@group-75987F7FE399-FollowerState was interrupted: java.lang.InterruptedException: sleep interrupted
2019-10-20 10:29:09,840 [grpc-default-executor-4] INFO  impl.RaftServerImpl (RaftServerImpl.java:setRole(184)) - 9ceef694-dbcf-4070-b7b1-3b3c65b6a699@group-75987F7FE399: changes role from  FOLLOWER to FOLLOWER at term 455 for recognizeCandidate:df12c920-952d-4704-9c70-1a288e2f77c7
2019-10-20 10:29:09,840 [grpc-default-executor-4] INFO  impl.RoleInfo (RoleInfo.java:shutdownFollowerState(121)) - 9ceef694-dbcf-4070-b7b1-3b3c65b6a699: shutdown FollowerState
2019-10-20 10:29:09,840 [grpc-default-executor-4] INFO  impl.RoleInfo (RoleInfo.java:updateAndGet(143)) - 9ceef694-dbcf-4070-b7b1-3b3c65b6a699: start FollowerState
2019-10-20 10:29:09,840 [Thread-2975] INFO  impl.FollowerState (FollowerState.java:run(117)) - 9ceef694-dbcf-4070-b7b1-3b3c65b6a699@group-75987F7FE399-FollowerState was interrupted: java.lang.InterruptedException: sleep interrupted
2019-10-20 10:29:09,865 [df12c920-952d-4704-9c70-1a288e2f77c7@group-75987F7FE399-LeaderElection403] INFO  impl.LeaderElection (LeaderElection.java:logAndReturn(56)) - df12c920-952d-4704-9c70-1a288e2f77c7@group-75987F7FE399-LeaderElection403: Election REJECTED; received 2 response(s) [df12c920-952d-4704-9c70-1a288e2f77c7<-875da3d9-0dec-46c7-88bf-73f7a2372b64#0:FAIL-t455, df12c920-952d-4704-9c70-1a288e2f77c7<-9ceef694-dbcf-4070-b7b1-3b3c65b6a699#0:FAIL-t455] and 0 exception(s); df12c920-952d-4704-9c70-1a288e2f77c7@group-75987F7FE399:t455, leader=null, voted=df12c920-952d-4704-9c70-1a288e2f77c7, raftlog=df12c920-952d-4704-9c70-1a288e2f77c7@group-75987F7FE399-SegmentedRaftLog:OPENED:c-1,f-1,i0, conf=-1: [875da3d9-0dec-46c7-88bf-73f7a2372b64:192.168.69.89:39990, df12c920-952d-4704-9c70-1a288e2f77c7:192.168.69.89:43948, 9ceef694-dbcf-4070-b7b1-3b3c65b6a699:192.168.69.89:36536], old=null
2019-10-20 10:29:09,868 [df12c920-952d-4704-9c70-1a288e2f77c7@group-75987F7FE399-LeaderElection403] INFO  impl.RaftServerImpl (RaftServerImpl.java:setRole(184)) - df12c920-952d-4704-9c70-1a288e2f77c7@group-75987F7FE399: changes role from CANDIDATE to FOLLOWER at term 455 for DISCOVERED_A_NEW_TERM
2019-10-20 10:29:09,868 [df12c920-952d-4704-9c70-1a288e2f77c7@group-75987F7FE399-LeaderElection403] INFO  impl.RoleInfo (RoleInfo.java:shutdownLeaderElection(134)) - df12c920-952d-4704-9c70-1a288e2f77c7: shutdown LeaderElection
2019-10-20 10:29:09,869 [df12c920-952d-4704-9c70-1a288e2f77c7@group-75987F7FE399-LeaderElection403] INFO  impl.RoleInfo (RoleInfo.java:updateAndGet(143)) - df12c920-952d-4704-9c70-1a288e2f77c7: start FollowerState
2019-10-20 10:29:10,001 [Thread-2982] INFO  impl.FollowerState (FollowerState.java:run(108)) - df12c920-952d-4704-9c70-1a288e2f77c7@group-75987F7FE399-FollowerState: change to CANDIDATE, lastRpcTime:132ms, electionTimeout:132ms
2019-10-20 10:29:10,001 [Thread-2982] INFO  impl.RoleInfo (RoleInfo.java:shutdownFollowerState(121)) - df12c920-952d-4704-9c70-1a288e2f77c7: shutdown FollowerState
2019-10-20 10:29:10,002 [Thread-2982] INFO  impl.RaftServerImpl (RaftServerImpl.java:setRole(184)) - df12c920-952d-4704-9c70-1a288e2f77c7@group-75987F7FE399: changes role from  FOLLOWER to CANDIDATE at term 455 for changeToCandidate
2019-10-20 10:29:10,002 [Thread-2982] INFO  impl.RoleInfo (RoleInfo.java:updateAndGet(143)) - df12c920-952d-4704-9c70-1a288e2f77c7: start LeaderElection
2019-10-20 10:29:10,015 [df12c920-952d-4704-9c70-1a288e2f77c7@group-75987F7FE399-LeaderElection404] INFO  impl.LeaderElection (LeaderElection.java:askForVotes(178)) - df12c920-952d-4704-9c70-1a288e2f77c7@group-75987F7FE399-LeaderElection404: begin an election at term 456 for -1: [875da3d9-0dec-46c7-88bf-73f7a2372b64:192.168.69.89:39990, df12c920-952d-4704-9c70-1a288e2f77c7:192.168.69.89:43948, 9ceef694-dbcf-4070-b7b1-3b3c65b6a699:192.168.69.89:36536], old=null
2019-10-20 10:29:10,018 [grpc-default-executor-1] INFO  impl.RaftServerImpl (RaftServerImpl.java:setRole(184)) - 875da3d9-0dec-46c7-88bf-73f7a2372b64@group-75987F7FE399: changes role from  FOLLOWER to FOLLOWER at term 456 for recognizeCandidate:df12c920-952d-4704-9c70-1a288e2f77c7
2019-10-20 10:29:10,018 [grpc-default-executor-1] INFO  impl.RoleInfo (RoleInfo.java:shutdownFollowerState(121)) - 875da3d9-0dec-46c7-88bf-73f7a2372b64: shutdown FollowerState
2019-10-20 10:29:10,018 [grpc-default-executor-4] INFO  impl.RaftServerImpl (RaftServerImpl.java:setRole(184)) - 9ceef694-dbcf-4070-b7b1-3b3c65b6a699@group-75987F7FE399: changes role from  FOLLOWER to FOLLOWER at term 456 for recognizeCandidate:df12c920-952d-4704-9c70-1a288e2f77c7
2019-10-20 10:29:10,018 [grpc-default-executor-4] INFO  impl.RoleInfo (RoleInfo.java:shutdownFollowerState(121)) - 9ceef694-dbcf-4070-b7b1-3b3c65b6a699: shutdown FollowerState
2019-10-20 10:29:10,018 [Thread-2980] INFO  impl.FollowerState (FollowerState.java:run(117)) - 875da3d9-0dec-46c7-88bf-73f7a2372b64@group-75987F7FE399-FollowerState was interrupted: java.lang.InterruptedException: sleep interrupted
2019-10-20 10:29:10,018 [grpc-default-executor-1] INFO  impl.RoleInfo (RoleInfo.java:updateAndGet(143)) - 875da3d9-0dec-46c7-88bf-73f7a2372b64: start FollowerState
2019-10-20 10:29:10,018 [Thread-2981] INFO  impl.FollowerState (FollowerState.java:run(117)) - 9ceef694-dbcf-4070-b7b1-3b3c65b6a699@group-75987F7FE399-FollowerState was interrupted: java.lang.InterruptedException: sleep interrupted
2019-10-20 10:29:10,018 [grpc-default-executor-4] INFO  impl.RoleInfo (RoleInfo.java:updateAndGet(143)) - 9ceef694-dbcf-4070-b7b1-3b3c65b6a699: start FollowerState
2019-10-20 10:29:10,061 [df12c920-952d-4704-9c70-1a288e2f77c7@group-75987F7FE399-LeaderElection404] INFO  impl.LeaderElection (LeaderElection.java:logAndReturn(56)) - df12c920-952d-4704-9c70-1a288e2f77c7@group-75987F7FE399-LeaderElection404: Election REJECTED; received 2 response(s) [df12c920-952d-4704-9c70-1a288e2f77c7<-875da3d9-0dec-46c7-88bf-73f7a2372b64#0:FAIL-t456, df12c920-952d-4704-9c70-1a288e2f77c7<-9ceef694-dbcf-4070-b7b1-3b3c65b6a699#0:FAIL-t456] and 0 exception(s); df12c920-952d-4704-9c70-1a288e2f77c7@group-75987F7FE399:t456, leader=null, voted=df12c920-952d-4704-9c70-1a288e2f77c7, raftlog=df12c920-952d-4704-9c70-1a288e2f77c7@group-75987F7FE399-SegmentedRaftLog:OPENED:c-1,f-1,i0, conf=-1: [875da3d9-0dec-46c7-88bf-73f7a2372b64:192.168.69.89:39990, df12c920-952d-4704-9c70-1a288e2f77c7:192.168.69.89:43948, 9ceef694-dbcf-4070-b7b1-3b3c65b6a699:192.168.69.89:36536], old=null
2019-10-20 10:29:10,061 [df12c920-952d-4704-9c70-1a288e2f77c7@group-75987F7FE399-LeaderElection404] INFO  impl.RaftServerImpl (RaftServerImpl.java:setRole(184)) - df12c920-952d-4704-9c70-1a288e2f77c7@group-75987F7FE399: changes role from CANDIDATE to FOLLOWER at term 456 for DISCOVERED_A_NEW_TERM
2019-10-20 10:29:10,061 [df12c920-952d-4704-9c70-1a288e2f77c7@group-75987F7FE399-LeaderElection404] INFO  impl.RoleInfo (RoleInfo.java:shutdownLeaderElection(134)) - df12c920-952d-4704-9c70-1a288e2f77c7: shutdown LeaderElection
2019-10-20 10:29:10,062 [df12c920-952d-4704-9c70-1a288e2f77c7@group-75987F7FE399-LeaderElection404] INFO  impl.RoleInfo (RoleInfo.java:updateAndGet(143)) - df12c920-952d-4704-9c70-1a288e2f77c7: start FollowerState
2019-10-20 10:29:10,084 [Thread-2988] INFO  impl.FollowerState (FollowerState.java:run(108)) - df12c920-952d-4704-9c70-1a288e2f77c7@group-75987F7FE399-FollowerState: change to CANDIDATE, lastRpcTime:22ms, electionTimeout:22ms
2019-10-20 10:29:10,084 [Thread-2988] INFO  impl.RoleInfo (RoleInfo.java:shutdownFollowerState(121)) - df12c920-952d-4704-9c70-1a288e2f77c7: shutdown FollowerState
2019-10-20 10:29:10,084 [Thread-2988] INFO  impl.RaftServerImpl (RaftServerImpl.java:setRole(184)) - df12c920-952d-4704-9c70-1a288e2f77c7@group-75987F7FE399: changes role from  FOLLOWER to CANDIDATE at term 456 for changeToCandidate
2019-10-20 10:29:10,084 [Thread-2988] INFO  impl.RoleInfo (RoleInfo.java:updateAndGet(143)) - df12c920-952d-4704-9c70-1a288e2f77c7: start LeaderElection
2019-10-20 10:29:10,099 [df12c920-952d-4704-9c70-1a288e2f77c7@group-75987F7FE399-LeaderElection405] INFO  impl.LeaderElection (LeaderElection.java:askForVotes(178)) - df12c920-952d-4704-9c70-1a288e2f77c7@group-75987F7FE399-LeaderElection405: begin an election at term 457 for -1: [875da3d9-0dec-46c7-88bf-73f7a2372b64:192.168.69.89:39990, df12c920-952d-4704-9c70-1a288e2f77c7:192.168.69.89:43948, 9ceef694-dbcf-4070-b7b1-3b3c65b6a699:192.168.69.89:36536], old=null
2019-10-20 10:29:10,101 [grpc-default-executor-4] INFO  impl.RaftServerImpl (RaftServerImpl.java:setRole(184)) - 875da3d9-0dec-46c7-88bf-73f7a2372b64@group-75987F7FE399: changes role from  FOLLOWER to FOLLOWER at term 457 for recognizeCandidate:df12c920-952d-4704-9c70-1a288e2f77c7
2019-10-20 10:29:10,101 [grpc-default-executor-4] INFO  impl.RoleInfo (RoleInfo.java:shutdownFollowerState(121)) - 875da3d9-0dec-46c7-88bf-73f7a2372b64: shutdown FollowerState
2019-10-20 10:29:10,101 [grpc-default-executor-1] INFO  impl.RaftServerImpl (RaftServerImpl.java:setRole(184)) - 9ceef694-dbcf-4070-b7b1-3b3c65b6a699@group-75987F7FE399: changes role from  FOLLOWER to FOLLOWER at term 457 for recognizeCandidate:df12c920-952d-4704-9c70-1a288e2f77c7
2019-10-20 10:29:10,101 [Thread-2986] INFO  impl.FollowerState (FollowerState.java:run(117)) - 875da3d9-0dec-46c7-88bf-73f7a2372b64@group-75987F7FE399-FollowerState was interrupted: java.lang.InterruptedException: sleep interrupted
2019-10-20 10:29:10,101 [grpc-default-executor-4] INFO  impl.RoleInfo (RoleInfo.java:updateAndGet(143)) - 875da3d9-0dec-46c7-88bf-73f7a2372b64: start FollowerState
2019-10-20 10:29:10,101 [grpc-default-executor-1] INFO  impl.RoleInfo (RoleInfo.java:shutdownFollowerState(121)) - 9ceef694-dbcf-4070-b7b1-3b3c65b6a699: shutdown FollowerState
2019-10-20 10:29:10,101 [grpc-default-executor-1] INFO  impl.RoleInfo (RoleInfo.java:updateAndGet(143)) - 9ceef694-dbcf-4070-b7b1-3b3c65b6a699: start FollowerState
2019-10-20 10:29:10,101 [Thread-2987] INFO  impl.FollowerState (FollowerState.java:run(117)) - 9ceef694-dbcf-4070-b7b1-3b3c65b6a699@group-75987F7FE399-FollowerState was interrupted: java.lang.InterruptedException: sleep interrupted
2019-10-20 10:29:10,126 [df12c920-952d-4704-9c70-1a288e2f77c7@group-75987F7FE399-LeaderElection405] INFO  impl.LeaderElection (LeaderElection.java:logAndReturn(56)) - df12c920-952d-4704-9c70-1a288e2f77c7@group-75987F7FE399-LeaderElection405: Election REJECTED; received 2 response(s) [df12c920-952d-4704-9c70-1a288e2f77c7<-875da3d9-0dec-46c7-88bf-73f7a2372b64#0:FAIL-t457, df12c920-952d-4704-9c70-1a288e2f77c7<-9ceef694-dbcf-4070-b7b1-3b3c65b6a699#0:FAIL-t457] and 0 exception(s); df12c920-952d-4704-9c70-1a288e2f77c7@group-75987F7FE399:t457, leader=null, voted=df12c920-952d-4704-9c70-1a288e2f77c7, raftlog=df12c920-952d-4704-9c70-1a288e2f77c7@group-75987F7FE399-SegmentedRaftLog:OPENED:c-1,f-1,i0, conf=-1: [875da3d9-0dec-46c7-88bf-73f7a2372b64:192.168.69.89:39990, df12c920-952d-4704-9c70-1a288e2f77c7:192.168.69.89:43948, 9ceef694-dbcf-4070-b7b1-3b3c65b6a699:192.168.69.89:36536], old=null
2019-10-20 10:29:10,126 [df12c920-952d-4704-9c70-1a288e2f77c7@group-75987F7FE399-LeaderElection405] INFO  impl.RaftServerImpl (RaftServerImpl.java:setRole(184)) - df12c920-952d-4704-9c70-1a288e2f77c7@group-75987F7FE399: changes role from CANDIDATE to FOLLOWER at term 457 for DISCOVERED_A_NEW_TERM
2019-10-20 10:29:10,127 [df12c920-952d-4704-9c70-1a288e2f77c7@group-75987F7FE399-LeaderElection405] INFO  impl.RoleInfo (RoleInfo.java:shutdownLeaderElection(134)) - df12c920-952d-4704-9c70-1a288e2f77c7: shutdown LeaderElection
2019-10-20 10:29:10,127 [df12c920-952d-4704-9c70-1a288e2f77c7@group-75987F7FE399-LeaderElection405] INFO  impl.RoleInfo (RoleInfo.java:updateAndGet(143)) - df12c920-952d-4704-9c70-1a288e2f77c7: start FollowerState
2019-10-20 10:29:10,259 [Thread-2994] INFO  impl.FollowerState (FollowerState.java:run(108)) - df12c920-952d-4704-9c70-1a288e2f77c7@group-75987F7FE399-FollowerState: change to CANDIDATE, lastRpcTime:132ms, electionTimeout:132ms
2019-10-20 10:29:10,259 [Thread-2994] INFO  impl.RoleInfo (RoleInfo.java:shutdownFollowerState(121)) - df12c920-952d-4704-9c70-1a288e2f77c7: shutdown FollowerState
2019-10-20 10:29:10,259 [Thread-2994] INFO  impl.RaftServerImpl (RaftServerImpl.java:setRole(184)) - df12c920-952d-4704-9c70-1a288e2f77c7@group-75987F7FE399: changes role from  FOLLOWER to CANDIDATE at term 457 for changeToCandidate
2019-10-20 10:29:10,259 [Thread-2994] INFO  impl.RoleInfo (RoleInfo.java:updateAndGet(143)) - df12c920-952d-4704-9c70-1a288e2f77c7: start LeaderElection
2019-10-20 10:29:10,273 [df12c920-952d-4704-9c70-1a288e2f77c7@group-75987F7FE399-LeaderElection406] INFO  impl.LeaderElection (LeaderElection.java:askForVotes(178)) - df12c920-952d-4704-9c70-1a288e2f77c7@group-75987F7FE399-LeaderElection406: begin an election at term 458 for -1: [875da3d9-0dec-46c7-88bf-73f7a2372b64:192.168.69.89:39990, df12c920-952d-4704-9c70-1a288e2f77c7:192.168.69.89:43948, 9ceef694-dbcf-4070-b7b1-3b3c65b6a699:192.168.69.89:36536], old=null
2019-10-20 10:29:10,275 [grpc-default-executor-1] INFO  impl.RaftServerImpl (RaftServerImpl.java:setRole(184)) - 875da3d9-0dec-46c7-88bf-73f7a2372b64@group-75987F7FE399: changes role from  FOLLOWER to FOLLOWER at term 458 for recognizeCandidate:df12c920-952d-4704-9c70-1a288e2f77c7
2019-10-20 10:29:10,276 [grpc-default-executor-1] INFO  impl.RoleInfo (RoleInfo.java:shutdownFollowerState(121)) - 875da3d9-0dec-46c7-88bf-73f7a2372b64: shutdown FollowerState
2019-10-20 10:29:10,276 [grpc-default-executor-1] INFO  impl.RoleInfo (RoleInfo.java:updateAndGet(143)) - 875da3d9-0dec-46c7-88bf-73f7a2372b64: start FollowerState
2019-10-20 10:29:10,276 [Thread-2992] INFO  impl.FollowerState (FollowerState.java:run(117)) - 875da3d9-0dec-46c7-88bf-73f7a2372b64@group-75987F7FE399-FollowerState was interrupted: java.lang.InterruptedException: sleep interrupted
2019-10-20 10:29:10,276 [grpc-default-executor-4] INFO  impl.RaftServerImpl (RaftServerImpl.java:setRole(184)) - 9ceef694-dbcf-4070-b7b1-3b3c65b6a699@group-75987F7FE399: changes role from  FOLLOWER to FOLLOWER at term 458 for recognizeCandidate:df12c920-952d-4704-9c70-1a288e2f77c7
2019-10-20 10:29:10,276 [grpc-default-executor-4] INFO  impl.RoleInfo (RoleInfo.java:shutdownFollowerState(121)) - 9ceef694-dbcf-4070-b7b1-3b3c65b6a699: shutdown FollowerState
2019-10-20 10:29:10,276 [grpc-default-executor-4] INFO  impl.RoleInfo (RoleInfo.java:updateAndGet(143)) - 9ceef694-dbcf-4070-b7b1-3b3c65b6a699: start FollowerState
2019-10-20 10:29:10,276 [Thread-2993] INFO  impl.FollowerState (FollowerState.java:run(117)) - 9ceef694-dbcf-4070-b7b1-3b3c65b6a699@group-75987F7FE399-FollowerState was interrupted: java.lang.InterruptedException: sleep interrupted
2019-10-20 10:29:10,292 [df12c920-952d-4704-9c70-1a288e2f77c7@group-75987F7FE399-LeaderElection406] INFO  impl.LeaderElection (LeaderElection.java:logAndReturn(56)) - df12c920-952d-4704-9c70-1a288e2f77c7@group-75987F7FE399-LeaderElection406: Election REJECTED; received 2 response(s) [df12c920-952d-4704-9c70-1a288e2f77c7<-875da3d9-0dec-46c7-88bf-73f7a2372b64#0:FAIL-t458, df12c920-952d-4704-9c70-1a288e2f77c7<-9ceef694-dbcf-4070-b7b1-3b3c65b6a699#0:FAIL-t458] and 0 exception(s); df12c920-952d-4704-9c70-1a288e2f77c7@group-75987F7FE399:t458, leader=null, voted=df12c920-952d-4704-9c70-1a288e2f77c7, raftlog=df12c920-952d-4704-9c70-1a288e2f77c7@group-75987F7FE399-SegmentedRaftLog:OPENED:c-1,f-1,i0, conf=-1: [875da3d9-0dec-46c7-88bf-73f7a2372b64:192.168.69.89:39990, df12c920-952d-4704-9c70-1a288e2f77c7:192.168.69.89:43948, 9ceef694-dbcf-4070-b7b1-3b3c65b6a699:192.168.69.89:36536], old=null
2019-10-20 10:29:10,292 [df12c920-952d-4704-9c70-1a288e2f77c7@group-75987F7FE399-LeaderElection406] INFO  impl.RaftServerImpl (RaftServerImpl.java:setRole(184)) - df12c920-952d-4704-9c70-1a288e2f77c7@group-75987F7FE399: changes role from CANDIDATE to FOLLOWER at term 458 for DISCOVERED_A_NEW_TERM
2019-10-20 10:29:10,292 [df12c920-952d-4704-9c70-1a288e2f77c7@group-75987F7FE399-LeaderElection406] INFO  impl.RoleInfo (RoleInfo.java:shutdownLeaderElection(134)) - df12c920-952d-4704-9c70-1a288e2f77c7: shutdown LeaderElection
2019-10-20 10:29:10,292 [df12c920-952d-4704-9c70-1a288e2f77c7@group-75987F7FE399-LeaderElection406] INFO  impl.RoleInfo (RoleInfo.java:updateAndGet(143)) - df12c920-952d-4704-9c70-1a288e2f77c7: start FollowerState
2019-10-20 10:29:10,301 [Thread-3000] INFO  impl.FollowerState (FollowerState.java:run(108)) - df12c920-952d-4704-9c70-1a288e2f77c7@group-75987F7FE399-FollowerState: change to CANDIDATE, lastRpcTime:8ms, electionTimeout:8ms
2019-10-20 10:29:10,301 [Thread-3000] INFO  impl.RoleInfo (RoleInfo.java:shutdownFollowerState(121)) - df12c920-952d-4704-9c70-1a288e2f77c7: shutdown FollowerState
2019-10-20 10:29:10,301 [Thread-3000] INFO  impl.RaftServerImpl (RaftServerImpl.java:setRole(184)) - df12c920-952d-4704-9c70-1a288e2f77c7@group-75987F7FE399: changes role from  FOLLOWER to CANDIDATE at term 458 for changeToCandidate
2019-10-20 10:29:10,301 [Thread-3000] INFO  impl.RoleInfo (RoleInfo.java:updateAndGet(143)) - df12c920-952d-4704-9c70-1a288e2f77c7: start LeaderElection
2019-10-20 10:29:10,326 [df12c920-952d-4704-9c70-1a288e2f77c7@group-75987F7FE399-LeaderElection407] INFO  impl.LeaderElection (LeaderElection.java:askForVotes(178)) - df12c920-952d-4704-9c70-1a288e2f77c7@group-75987F7FE399-LeaderElection407: begin an election at term 459 for -1: [875da3d9-0dec-46c7-88bf-73f7a2372b64:192.168.69.89:39990, df12c920-952d-4704-9c70-1a288e2f77c7:192.168.69.89:43948, 9ceef694-dbcf-4070-b7b1-3b3c65b6a699:192.168.69.89:36536], old=null
2019-10-20 10:29:10,328 [grpc-default-executor-4] INFO  impl.RaftServerImpl (RaftServerImpl.java:setRole(184)) - 875da3d9-0dec-46c7-88bf-73f7a2372b64@group-75987F7FE399: changes role from  FOLLOWER to FOLLOWER at term 459 for recognizeCandidate:df12c920-952d-4704-9c70-1a288e2f77c7
2019-10-20 10:29:10,329 [grpc-default-executor-4] INFO  impl.RoleInfo (RoleInfo.java:shutdownFollowerState(121)) - 875da3d9-0dec-46c7-88bf-73f7a2372b64: shutdown FollowerState
2019-10-20 10:29:10,329 [grpc-default-executor-4] INFO  impl.RoleInfo (RoleInfo.java:updateAndGet(143)) - 875da3d9-0dec-46c7-88bf-73f7a2372b64: start FollowerState
2019-10-20 10:29:10,329 [grpc-default-executor-3] INFO  impl.RaftServerImpl (RaftServerImpl.java:setRole(184)) - 9ceef694-dbcf-4070-b7b1-3b3c65b6a699@group-75987F7FE399: changes role from  FOLLOWER to FOLLOWER at term 459 for recognizeCandidate:df12c920-952d-4704-9c70-1a288e2f77c7
2019-10-20 10:29:10,329 [Thread-2998] INFO  impl.FollowerState (FollowerState.java:run(117)) - 875da3d9-0dec-46c7-88bf-73f7a2372b64@group-75987F7FE399-FollowerState was interrupted: java.lang.InterruptedException: sleep interrupted
2019-10-20 10:29:10,329 [grpc-default-executor-3] INFO  impl.RoleInfo (RoleInfo.java:shutdownFollowerState(121)) - 9ceef694-dbcf-4070-b7b1-3b3c65b6a699: shutdown FollowerState
2019-10-20 10:29:10,329 [grpc-default-executor-3] INFO  impl.RoleInfo (RoleInfo.java:updateAndGet(143)) - 9ceef694-dbcf-4070-b7b1-3b3c65b6a699: start FollowerState
2019-10-20 10:29:10,330 [Thread-2999] INFO  impl.FollowerState (FollowerState.java:run(117)) - 9ceef694-dbcf-4070-b7b1-3b3c65b6a699@group-75987F7FE399-FollowerState was interrupted: java.lang.InterruptedException: sleep interrupted
2019-10-20 10:29:10,343 [df12c920-952d-4704-9c70-1a288e2f77c7@group-75987F7FE399-LeaderElection407] INFO  impl.LeaderElection (LeaderElection.java:logAndReturn(56)) - df12c920-952d-4704-9c70-1a288e2f77c7@group-75987F7FE399-LeaderElection407: Election TIMEOUT; received 0 response(s) [] and 0 exception(s); df12c920-952d-4704-9c70-1a288e2f77c7@group-75987F7FE399:t459, leader=null, voted=df12c920-952d-4704-9c70-1a288e2f77c7, raftlog=df12c920-952d-4704-9c70-1a288e2f77c7@group-75987F7FE399-SegmentedRaftLog:OPENED:c-1,f-1,i0, conf=-1: [875da3d9-0dec-46c7-88bf-73f7a2372b64:192.168.69.89:39990, df12c920-952d-4704-9c70-1a288e2f77c7:192.168.69.89:43948, 9ceef694-dbcf-4070-b7b1-3b3c65b6a699:192.168.69.89:36536], old=null
2019-10-20 10:29:10,356 [df12c920-952d-4704-9c70-1a288e2f77c7@group-75987F7FE399-LeaderElection407] INFO  impl.LeaderElection (LeaderElection.java:askForVotes(178)) - df12c920-952d-4704-9c70-1a288e2f77c7@group-75987F7FE399-LeaderElection407: begin an election at term 460 for -1: [875da3d9-0dec-46c7-88bf-73f7a2372b64:192.168.69.89:39990, df12c920-952d-4704-9c70-1a288e2f77c7:192.168.69.89:43948, 9ceef694-dbcf-4070-b7b1-3b3c65b6a699:192.168.69.89:36536], old=null
2019-10-20 10:29:10,358 [grpc-default-executor-3] INFO  impl.RaftServerImpl (RaftServerImpl.java:setRole(184)) - 875da3d9-0dec-46c7-88bf-73f7a2372b64@group-75987F7FE399: changes role from  FOLLOWER to FOLLOWER at term 460 for recognizeCandidate:df12c920-952d-4704-9c70-1a288e2f77c7
2019-10-20 10:29:10,358 [grpc-default-executor-3] INFO  impl.RoleInfo (RoleInfo.java:shutdownFollowerState(121)) - 875da3d9-0dec-46c7-88bf-73f7a2372b64: shutdown FollowerState
2019-10-20 10:29:10,358 [grpc-default-executor-3] INFO  impl.RoleInfo (RoleInfo.java:updateAndGet(143)) - 875da3d9-0dec-46c7-88bf-73f7a2372b64: start FollowerState
2019-10-20 10:29:10,358 [Thread-3005] INFO  impl.FollowerState (FollowerState.java:run(117)) - 875da3d9-0dec-46c7-88bf-73f7a2372b64@group-75987F7FE399-FollowerState was interrupted: java.lang.InterruptedException: sleep interrupted
2019-10-20 10:29:10,359 [grpc-default-executor-4] INFO  impl.RaftServerImpl (RaftServerImpl.java:setRole(184)) - 9ceef694-dbcf-4070-b7b1-3b3c65b6a699@group-75987F7FE399: changes role from  FOLLOWER to FOLLOWER at term 460 for recognizeCandidate:df12c920-952d-4704-9c70-1a288e2f77c7
2019-10-20 10:29:10,359 [grpc-default-executor-4] INFO  impl.RoleInfo (RoleInfo.java:shutdownFollowerState(121)) - 9ceef694-dbcf-4070-b7b1-3b3c65b6a699: shutdown FollowerState
2019-10-20 10:29:10,359 [grpc-default-executor-4] INFO  impl.RoleInfo (RoleInfo.java:updateAndGet(143)) - 9ceef694-dbcf-4070-b7b1-3b3c65b6a699: start FollowerState
2019-10-20 10:29:10,359 [Thread-3006] INFO  impl.FollowerState (FollowerState.java:run(117)) - 9ceef694-dbcf-4070-b7b1-3b3c65b6a699@group-75987F7FE399-FollowerState was interrupted: java.lang.InterruptedException: sleep interrupted
2019-10-20 10:29:10,373 [df12c920-952d-4704-9c70-1a288e2f77c7@group-75987F7FE399-LeaderElection407] INFO  impl.LeaderElection (LeaderElection.java:logAndReturn(56)) - df12c920-952d-4704-9c70-1a288e2f77c7@group-75987F7FE399-LeaderElection407: Election REJECTED; received 2 response(s) [df12c920-952d-4704-9c70-1a288e2f77c7<-875da3d9-0dec-46c7-88bf-73f7a2372b64#0:FAIL-t460, df12c920-952d-4704-9c70-1a288e2f77c7<-9ceef694-dbcf-4070-b7b1-3b3c65b6a699#0:FAIL-t460] and 0 exception(s); df12c920-952d-4704-9c70-1a288e2f77c7@group-75987F7FE399:t460, leader=null, voted=df12c920-952d-4704-9c70-1a288e2f77c7, raftlog=df12c920-952d-4704-9c70-1a288e2f77c7@group-75987F7FE399-SegmentedRaftLog:OPENED:c-1,f-1,i0, conf=-1: [875da3d9-0dec-46c7-88bf-73f7a2372b64:192.168.69.89:39990, df12c920-952d-4704-9c70-1a288e2f77c7:192.168.69.89:43948, 9ceef694-dbcf-4070-b7b1-3b3c65b6a699:192.168.69.89:36536], old=null
2019-10-20 10:29:10,373 [df12c920-952d-4704-9c70-1a288e2f77c7@group-75987F7FE399-LeaderElection407] INFO  impl.RaftServerImpl (RaftServerImpl.java:setRole(184)) - df12c920-952d-4704-9c70-1a288e2f77c7@group-75987F7FE399: changes role from CANDIDATE to FOLLOWER at term 460 for DISCOVERED_A_NEW_TERM
2019-10-20 10:29:10,373 [df12c920-952d-4704-9c70-1a288e2f77c7@group-75987F7FE399-LeaderElection407] INFO  impl.RoleInfo (RoleInfo.java:shutdownLeaderElection(134)) - df12c920-952d-4704-9c70-1a288e2f77c7: shutdown LeaderElection
2019-10-20 10:29:10,373 [df12c920-952d-4704-9c70-1a288e2f77c7@group-75987F7FE399-LeaderElection407] INFO  impl.RoleInfo (RoleInfo.java:updateAndGet(143)) - df12c920-952d-4704-9c70-1a288e2f77c7: start FollowerState
2019-10-20 10:29:10,550 [Thread-3012] INFO  impl.FollowerState (FollowerState.java:run(108)) - df12c920-952d-4704-9c70-1a288e2f77c7@group-75987F7FE399-FollowerState: change to CANDIDATE, lastRpcTime:177ms, electionTimeout:177ms
2019-10-20 10:29:10,551 [Thread-3012] INFO  impl.RoleInfo (RoleInfo.java:shutdownFollowerState(121)) - df12c920-952d-4704-9c70-1a288e2f77c7: shutdown FollowerState
2019-10-20 10:29:10,551 [Thread-3012] INFO  impl.RaftServerImpl (RaftServerImpl.java:setRole(184)) - df12c920-952d-4704-9c70-1a288e2f77c7@group-75987F7FE399: changes role from  FOLLOWER to CANDIDATE at term 460 for changeToCandidate
2019-10-20 10:29:10,551 [Thread-3012] INFO  impl.RoleInfo (RoleInfo.java:updateAndGet(143)) - df12c920-952d-4704-9c70-1a288e2f77c7: start LeaderElection
2019-10-20 10:29:10,577 [df12c920-952d-4704-9c70-1a288e2f77c7@group-75987F7FE399-LeaderElection408] INFO  impl.LeaderElection (LeaderElection.java:askForVotes(178)) - df12c920-952d-4704-9c70-1a288e2f77c7@group-75987F7FE399-LeaderElection408: begin an election at term 461 for -1: [875da3d9-0dec-46c7-88bf-73f7a2372b64:192.168.69.89:39990, df12c920-952d-4704-9c70-1a288e2f77c7:192.168.69.89:43948, 9ceef694-dbcf-4070-b7b1-3b3c65b6a699:192.168.69.89:36536], old=null
2019-10-20 10:29:10,579 [grpc-default-executor-4] INFO  impl.RaftServerImpl (RaftServerImpl.java:setRole(184)) - 875da3d9-0dec-46c7-88bf-73f7a2372b64@group-75987F7FE399: changes role from  FOLLOWER to FOLLOWER at term 461 for recognizeCandidate:df12c920-952d-4704-9c70-1a288e2f77c7
2019-10-20 10:29:10,579 [grpc-default-executor-3] INFO  impl.RaftServerImpl (RaftServerImpl.java:setRole(184)) - 9ceef694-dbcf-4070-b7b1-3b3c65b6a699@group-75987F7FE399: changes role from  FOLLOWER to FOLLOWER at term 461 for recognizeCandidate:df12c920-952d-4704-9c70-1a288e2f77c7
2019-10-20 10:29:10,579 [grpc-default-executor-4] INFO  impl.RoleInfo (RoleInfo.java:shutdownFollowerState(121)) - 875da3d9-0dec-46c7-88bf-73f7a2372b64: shutdown FollowerState
2019-10-20 10:29:10,579 [grpc-default-executor-3] INFO  impl.RoleInfo (RoleInfo.java:shutdownFollowerState(121)) - 9ceef694-dbcf-4070-b7b1-3b3c65b6a699: shutdown FollowerState
2019-10-20 10:29:10,579 [Thread-3010] INFO  impl.FollowerState (FollowerState.java:run(117)) - 875da3d9-0dec-46c7-88bf-73f7a2372b64@group-75987F7FE399-FollowerState was interrupted: java.lang.InterruptedException: sleep interrupted
2019-10-20 10:29:10,579 [grpc-default-executor-4] INFO  impl.RoleInfo (RoleInfo.java:updateAndGet(143)) - 875da3d9-0dec-46c7-88bf-73f7a2372b64: start FollowerState
2019-10-20 10:29:10,580 [grpc-default-executor-3] INFO  impl.RoleInfo (RoleInfo.java:updateAndGet(143)) - 9ceef694-dbcf-4070-b7b1-3b3c65b6a699: start FollowerState
2019-10-20 10:29:10,580 [Thread-3011] INFO  impl.FollowerState (FollowerState.java:run(117)) - 9ceef694-dbcf-4070-b7b1-3b3c65b6a699@group-75987F7FE399-FollowerState was interrupted: java.lang.InterruptedException: sleep interrupted
2019-10-20 10:29:10,605 [df12c920-952d-4704-9c70-1a288e2f77c7@group-75987F7FE399-LeaderElection408] INFO  impl.LeaderElection (LeaderElection.java:logAndReturn(56)) - df12c920-952d-4704-9c70-1a288e2f77c7@group-75987F7FE399-LeaderElection408: Election REJECTED; received 2 response(s) [df12c920-952d-4704-9c70-1a288e2f77c7<-875da3d9-0dec-46c7-88bf-73f7a2372b64#0:FAIL-t461, df12c920-952d-4704-9c70-1a288e2f77c7<-9ceef694-dbcf-4070-b7b1-3b3c65b6a699#0:FAIL-t461] and 0 exception(s); df12c920-952d-4704-9c70-1a288e2f77c7@group-75987F7FE399:t461, leader=null, voted=df12c920-952d-4704-9c70-1a288e2f77c7, raftlog=df12c920-952d-4704-9c70-1a288e2f77c7@group-75987F7FE399-SegmentedRaftLog:OPENED:c-1,f-1,i0, conf=-1: [875da3d9-0dec-46c7-88bf-73f7a2372b64:192.168.69.89:39990, df12c920-952d-4704-9c70-1a288e2f77c7:192.168.69.89:43948, 9ceef694-dbcf-4070-b7b1-3b3c65b6a699:192.168.69.89:36536], old=null
2019-10-20 10:29:10,606 [df12c920-952d-4704-9c70-1a288e2f77c7@group-75987F7FE399-LeaderElection408] INFO  impl.RaftServerImpl (RaftServerImpl.java:setRole(184)) - df12c920-952d-4704-9c70-1a288e2f77c7@group-75987F7FE399: changes role from CANDIDATE to FOLLOWER at term 461 for DISCOVERED_A_NEW_TERM
2019-10-20 10:29:10,606 [df12c920-952d-4704-9c70-1a288e2f77c7@group-75987F7FE399-LeaderElection408] INFO  impl.RoleInfo (RoleInfo.java:shutdownLeaderElection(134)) - df12c920-952d-4704-9c70-1a288e2f77c7: shutdown LeaderElection
2019-10-20 10:29:10,606 [df12c920-952d-4704-9c70-1a288e2f77c7@group-75987F7FE399-LeaderElection408] INFO  impl.RoleInfo (RoleInfo.java:updateAndGet(143)) - df12c920-952d-4704-9c70-1a288e2f77c7: start FollowerState
2019-10-20 10:29:10,727 [Thread-3018] INFO  impl.FollowerState (FollowerState.java:run(108)) - df12c920-952d-4704-9c70-1a288e2f77c7@group-75987F7FE399-FollowerState: change to CANDIDATE, lastRpcTime:121ms, electionTimeout:121ms
2019-10-20 10:29:10,727 [Thread-3018] INFO  impl.RoleInfo (RoleInfo.java:shutdownFollowerState(121)) - df12c920-952d-4704-9c70-1a288e2f77c7: shutdown FollowerState
2019-10-20 10:29:10,728 [Thread-3018] INFO  impl.RaftServerImpl (RaftServerImpl.java:setRole(184)) - df12c920-952d-4704-9c70-1a288e2f77c7@group-75987F7FE399: changes role from  FOLLOWER to CANDIDATE at term 461 for changeToCandidate
2019-10-20 10:29:10,728 [Thread-3018] INFO  impl.RoleInfo (RoleInfo.java:updateAndGet(143)) - df12c920-952d-4704-9c70-1a288e2f77c7: start LeaderElection
2019-10-20 10:29:10,741 [df12c920-952d-4704-9c70-1a288e2f77c7@group-75987F7FE399-LeaderElection409] INFO  impl.LeaderElection (LeaderElection.java:askForVotes(178)) - df12c920-952d-4704-9c70-1a288e2f77c7@group-75987F7FE399-LeaderElection409: begin an election at term 462 for -1: [875da3d9-0dec-46c7-88bf-73f7a2372b64:192.168.69.89:39990, df12c920-952d-4704-9c70-1a288e2f77c7:192.168.69.89:43948, 9ceef694-dbcf-4070-b7b1-3b3c65b6a699:192.168.69.89:36536], old=null
2019-10-20 10:29:10,743 [grpc-default-executor-3] INFO  impl.RaftServerImpl (RaftServerImpl.java:setRole(184)) - 875da3d9-0dec-46c7-88bf-73f7a2372b64@group-75987F7FE399: changes role from  FOLLOWER to FOLLOWER at term 462 for recognizeCandidate:df12c920-952d-4704-9c70-1a288e2f77c7
2019-10-20 10:29:10,743 [grpc-default-executor-4] INFO  impl.RaftServerImpl (RaftServerImpl.java:setRole(184)) - 9ceef694-dbcf-4070-b7b1-3b3c65b6a699@group-75987F7FE399: changes role from  FOLLOWER to FOLLOWER at term 462 for recognizeCandidate:df12c920-952d-4704-9c70-1a288e2f77c7
2019-10-20 10:29:10,743 [grpc-default-executor-4] INFO  impl.RoleInfo (RoleInfo.java:shutdownFollowerState(121)) - 9ceef694-dbcf-4070-b7b1-3b3c65b6a699: shutdown FollowerState
2019-10-20 10:29:10,743 [grpc-default-executor-4] INFO  impl.RoleInfo (RoleInfo.java:updateAndGet(143)) - 9ceef694-dbcf-4070-b7b1-3b3c65b6a699: start FollowerState
2019-10-20 10:29:10,743 [Thread-3017] INFO  impl.FollowerState (FollowerState.java:run(117)) - 9ceef694-dbcf-4070-b7b1-3b3c65b6a699@group-75987F7FE399-FollowerState was interrupted: java.lang.InterruptedException: sleep interrupted
2019-10-20 10:29:10,744 [grpc-default-executor-3] INFO  impl.RoleInfo (RoleInfo.java:shutdownFollowerState(121)) - 875da3d9-0dec-46c7-88bf-73f7a2372b64: shutdown FollowerState
2019-10-20 10:29:10,744 [grpc-default-executor-3] INFO  impl.RoleInfo (RoleInfo.java:updateAndGet(143)) - 875da3d9-0dec-46c7-88bf-73f7a2372b64: start FollowerState
2019-10-20 10:29:10,744 [Thread-3016] INFO  impl.FollowerState (FollowerState.java:run(117)) - 875da3d9-0dec-46c7-88bf-73f7a2372b64@group-75987F7FE399-FollowerState was interrupted: java.lang.InterruptedException: sleep interrupted
2019-10-20 10:29:10,757 [df12c920-952d-4704-9c70-1a288e2f77c7@group-75987F7FE399-LeaderElection409] INFO  impl.LeaderElection (LeaderElection.java:logAndReturn(56)) - df12c920-952d-4704-9c70-1a288e2f77c7@group-75987F7FE399-LeaderElection409: Election REJECTED; received 2 response(s) [df12c920-952d-4704-9c70-1a288e2f77c7<-875da3d9-0dec-46c7-88bf-73f7a2372b64#0:FAIL-t462, df12c920-952d-4704-9c70-1a288e2f77c7<-9ceef694-dbcf-4070-b7b1-3b3c65b6a699#0:FAIL-t462] and 0 exception(s); df12c920-952d-4704-9c70-1a288e2f77c7@group-75987F7FE399:t462, leader=null, voted=df12c920-952d-4704-9c70-1a288e2f77c7, raftlog=df12c920-952d-4704-9c70-1a288e2f77c7@group-75987F7FE399-SegmentedRaftLog:OPENED:c-1,f-1,i0, conf=-1: [875da3d9-0dec-46c7-88bf-73f7a2372b64:192.168.69.89:39990, df12c920-952d-4704-9c70-1a288e2f77c7:192.168.69.89:43948, 9ceef694-dbcf-4070-b7b1-3b3c65b6a699:192.168.69.89:36536], old=null
2019-10-20 10:29:10,757 [df12c920-952d-4704-9c70-1a288e2f77c7@group-75987F7FE399-LeaderElection409] INFO  impl.RaftServerImpl (RaftServerImpl.java:setRole(184)) - df12c920-952d-4704-9c70-1a288e2f77c7@group-75987F7FE399: changes role from CANDIDATE to FOLLOWER at term 462 for DISCOVERED_A_NEW_TERM
2019-10-20 10:29:10,757 [df12c920-952d-4704-9c70-1a288e2f77c7@group-75987F7FE399-LeaderElection409] INFO  impl.RoleInfo (RoleInfo.java:shutdownLeaderElection(134)) - df12c920-952d-4704-9c70-1a288e2f77c7: shutdown LeaderElection
2019-10-20 10:29:10,757 [df12c920-952d-4704-9c70-1a288e2f77c7@group-75987F7FE399-LeaderElection409] INFO  impl.RoleInfo (RoleInfo.java:updateAndGet(143)) - df12c920-952d-4704-9c70-1a288e2f77c7: start FollowerState
2019-10-20 10:29:10,874 [Thread-3024] INFO  impl.FollowerState (FollowerState.java:run(108)) - df12c920-952d-4704-9c70-1a288e2f77c7@group-75987F7FE399-FollowerState: change to CANDIDATE, lastRpcTime:116ms, electionTimeout:111ms
2019-10-20 10:29:10,874 [Thread-3024] INFO  impl.RoleInfo (RoleInfo.java:shutdownFollowerState(121)) - df12c920-952d-4704-9c70-1a288e2f77c7: shutdown FollowerState
2019-10-20 10:29:10,874 [Thread-3024] INFO  impl.RaftServerImpl (RaftServerImpl.java:setRole(184)) - df12c920-952d-4704-9c70-1a288e2f77c7@group-75987F7FE399: changes role from  FOLLOWER to CANDIDATE at term 462 for changeToCandidate
2019-10-20 10:29:10,874 [Thread-3024] INFO  impl.RoleInfo (RoleInfo.java:updateAndGet(143)) - df12c920-952d-4704-9c70-1a288e2f77c7: start LeaderElection
2019-10-20 10:29:10,889 [df12c920-952d-4704-9c70-1a288e2f77c7@group-75987F7FE399-LeaderElection410] INFO  impl.LeaderElection (LeaderElection.java:askForVotes(178)) - df12c920-952d-4704-9c70-1a288e2f77c7@group-75987F7FE399-LeaderElection410: begin an election at term 463 for -1: [875da3d9-0dec-46c7-88bf-73f7a2372b64:192.168.69.89:39990, df12c920-952d-4704-9c70-1a288e2f77c7:192.168.69.89:43948, 9ceef694-dbcf-4070-b7b1-3b3c65b6a699:192.168.69.89:36536], old=null
2019-10-20 10:29:10,891 [grpc-default-executor-4] INFO  impl.RaftServerImpl (RaftServerImpl.java:setRole(184)) - 875da3d9-0dec-46c7-88bf-73f7a2372b64@group-75987F7FE399: changes role from  FOLLOWER to FOLLOWER at term 463 for recognizeCandidate:df12c920-952d-4704-9c70-1a288e2f77c7
2019-10-20 10:29:10,891 [grpc-default-executor-4] INFO  impl.RoleInfo (RoleInfo.java:shutdownFollowerState(121)) - 875da3d9-0dec-46c7-88bf-73f7a2372b64: shutdown FollowerState
2019-10-20 10:29:10,892 [grpc-default-executor-4] INFO  impl.RoleInfo (RoleInfo.java:updateAndGet(143)) - 875da3d9-0dec-46c7-88bf-73f7a2372b64: start FollowerState
2019-10-20 10:29:10,892 [Thread-3023] INFO  impl.FollowerState (FollowerState.java:run(117)) - 875da3d9-0dec-46c7-88bf-73f7a2372b64@group-75987F7FE399-FollowerState was interrupted: java.lang.InterruptedException: sleep interrupted
2019-10-20 10:29:10,892 [grpc-default-executor-3] INFO  impl.RaftServerImpl (RaftServerImpl.java:setRole(184)) - 9ceef694-dbcf-4070-b7b1-3b3c65b6a699@group-75987F7FE399: changes role from  FOLLOWER to FOLLOWER at term 463 for recognizeCandidate:df12c920-952d-4704-9c70-1a288e2f77c7
2019-10-20 10:29:10,892 [grpc-default-executor-3] INFO  impl.RoleInfo (RoleInfo.java:shutdownFollowerState(121)) - 9ceef694-dbcf-4070-b7b1-3b3c65b6a699: shutdown FollowerState
2019-10-20 10:29:10,892 [grpc-default-executor-3] INFO  impl.RoleInfo (RoleInfo.java:updateAndGet(143)) - 9ceef694-dbcf-4070-b7b1-3b3c65b6a699: start FollowerState
2019-10-20 10:29:10,892 [Thread-3022] INFO  impl.FollowerState (FollowerState.java:run(117)) - 9ceef694-dbcf-4070-b7b1-3b3c65b6a699@group-75987F7FE399-FollowerState was interrupted: java.lang.InterruptedException: sleep interrupted
2019-10-20 10:29:10,910 [df12c920-952d-4704-9c70-1a288e2f77c7@group-75987F7FE399-LeaderElection410] INFO  impl.LeaderElection (LeaderElection.java:logAndReturn(56)) - df12c920-952d-4704-9c70-1a288e2f77c7@group-75987F7FE399-LeaderElection410: Election REJECTED; received 2 response(s) [df12c920-952d-4704-9c70-1a288e2f77c7<-875da3d9-0dec-46c7-88bf-73f7a2372b64#0:FAIL-t463, df12c920-952d-4704-9c70-1a288e2f77c7<-9ceef694-dbcf-4070-b7b1-3b3c65b6a699#0:FAIL-t463] and 0 exception(s); df12c920-952d-4704-9c70-1a288e2f77c7@group-75987F7FE399:t463, leader=null, voted=df12c920-952d-4704-9c70-1a288e2f77c7, raftlog=df12c920-952d-4704-9c70-1a288e2f77c7@group-75987F7FE399-SegmentedRaftLog:OPENED:c-1,f-1,i0, conf=-1: [875da3d9-0dec-46c7-88bf-73f7a2372b64:192.168.69.89:39990, df12c920-952d-4704-9c70-1a288e2f77c7:192.168.69.89:43948, 9ceef694-dbcf-4070-b7b1-3b3c65b6a699:192.168.69.89:36536], old=null
2019-10-20 10:29:10,911 [df12c920-952d-4704-9c70-1a288e2f77c7@group-75987F7FE399-LeaderElection410] INFO  impl.RaftServerImpl (RaftServerImpl.java:setRole(184)) - df12c920-952d-4704-9c70-1a288e2f77c7@group-75987F7FE399: changes role from CANDIDATE to FOLLOWER at term 463 for DISCOVERED_A_NEW_TERM
2019-10-20 10:29:10,911 [df12c920-952d-4704-9c70-1a288e2f77c7@group-75987F7FE399-LeaderElection410] INFO  impl.RoleInfo (RoleInfo.java:shutdownLeaderElection(134)) - df12c920-952d-4704-9c70-1a288e2f77c7: shutdown LeaderElection
2019-10-20 10:29:10,911 [df12c920-952d-4704-9c70-1a288e2f77c7@group-75987F7FE399-LeaderElection410] INFO  impl.RoleInfo (RoleInfo.java:updateAndGet(143)) - df12c920-952d-4704-9c70-1a288e2f77c7: start FollowerState
2019-10-20 10:29:11,004 [Thread-3030] INFO  impl.FollowerState (FollowerState.java:run(108)) - df12c920-952d-4704-9c70-1a288e2f77c7@group-75987F7FE399-FollowerState: change to CANDIDATE, lastRpcTime:93ms, electionTimeout:93ms
2019-10-20 10:29:11,005 [Thread-3030] INFO  impl.RoleInfo (RoleInfo.java:shutdownFollowerState(121)) - df12c920-952d-4704-9c70-1a288e2f77c7: shutdown FollowerState
2019-10-20 10:29:11,005 [Thread-3030] INFO  impl.RaftServerImpl (RaftServerImpl.java:setRole(184)) - df12c920-952d-4704-9c70-1a288e2f77c7@group-75987F7FE399: changes role from  FOLLOWER to CANDIDATE at term 463 for changeToCandidate
2019-10-20 10:29:11,005 [Thread-3030] INFO  impl.RoleInfo (RoleInfo.java:updateAndGet(143)) - df12c920-952d-4704-9c70-1a288e2f77c7: start LeaderElection
2019-10-20 10:29:11,031 [df12c920-952d-4704-9c70-1a288e2f77c7@group-75987F7FE399-LeaderElection411] INFO  impl.LeaderElection (LeaderElection.java:askForVotes(178)) - df12c920-952d-4704-9c70-1a288e2f77c7@group-75987F7FE399-LeaderElection411: begin an election at term 464 for -1: [875da3d9-0dec-46c7-88bf-73f7a2372b64:192.168.69.89:39990, df12c920-952d-4704-9c70-1a288e2f77c7:192.168.69.89:43948, 9ceef694-dbcf-4070-b7b1-3b3c65b6a699:192.168.69.89:36536], old=null
2019-10-20 10:29:11,033 [grpc-default-executor-3] INFO  impl.RaftServerImpl (RaftServerImpl.java:setRole(184)) - 875da3d9-0dec-46c7-88bf-73f7a2372b64@group-75987F7FE399: changes role from  FOLLOWER to FOLLOWER at term 464 for recognizeCandidate:df12c920-952d-4704-9c70-1a288e2f77c7
2019-10-20 10:29:11,033 [grpc-default-executor-3] INFO  impl.RoleInfo (RoleInfo.java:shutdownFollowerState(121)) - 875da3d9-0dec-46c7-88bf-73f7a2372b64: shutdown FollowerState
2019-10-20 10:29:11,033 [grpc-default-executor-3] INFO  impl.RoleInfo (RoleInfo.java:updateAndGet(143)) - 875da3d9-0dec-46c7-88bf-73f7a2372b64: start FollowerState
2019-10-20 10:29:11,033 [Thread-3028] INFO  impl.FollowerState (FollowerState.java:run(117)) - 875da3d9-0dec-46c7-88bf-73f7a2372b64@group-75987F7FE399-FollowerState was interrupted: java.lang.InterruptedException: sleep interrupted
2019-10-20 10:29:11,033 [grpc-default-executor-4] INFO  impl.RaftServerImpl (RaftServerImpl.java:setRole(184)) - 9ceef694-dbcf-4070-b7b1-3b3c65b6a699@group-75987F7FE399: changes role from  FOLLOWER to FOLLOWER at term 464 for recognizeCandidate:df12c920-952d-4704-9c70-1a288e2f77c7
2019-10-20 10:29:11,034 [grpc-default-executor-4] INFO  impl.RoleInfo (RoleInfo.java:shutdownFollowerState(121)) - 9ceef694-dbcf-4070-b7b1-3b3c65b6a699: shutdown FollowerState
2019-10-20 10:29:11,034 [grpc-default-executor-4] INFO  impl.RoleInfo (RoleInfo.java:updateAndGet(143)) - 9ceef694-dbcf-4070-b7b1-3b3c65b6a699: start FollowerState
2019-10-20 10:29:11,034 [Thread-3029] INFO  impl.FollowerState (FollowerState.java:run(117)) - 9ceef694-dbcf-4070-b7b1-3b3c65b6a699@group-75987F7FE399-FollowerState was interrupted: java.lang.InterruptedException: sleep interrupted
2019-10-20 10:29:11,048 [main] INFO  ozone.MiniOzoneClusterImpl (MiniOzoneClusterImpl.java:shutdown(314)) - Shutting down the Mini Ozone Cluster
2019-10-20 10:29:11,049 [main] INFO  ozone.MiniOzoneClusterImpl (MiniOzoneClusterImpl.java:stop(330)) - Stopping the Mini Ozone Cluster
2019-10-20 10:29:11,049 [main] INFO  ozone.MiniOzoneClusterImpl (MiniOzoneClusterImpl.java:stopOM(400)) - Stopping the OzoneManager
2019-10-20 10:29:11,049 [main] INFO  ipc.Server (Server.java:stop(3082)) - Stopping server on 34370
2019-10-20 10:29:11,057 [IPC Server listener on 34370] INFO  ipc.Server (Server.java:run(1185)) - Stopping IPC Server listener on 34370
2019-10-20 10:29:11,060 [IPC Server Responder] INFO  ipc.Server (Server.java:run(1319)) - Stopping IPC Server Responder
2019-10-20 10:29:11,067 [main] INFO  impl.RaftServerProxy (RaftServerProxy.java:lambda$close$4(314)) - 8558e340-8e73-44aa-8ae8-a796df6f37c7: close
2019-10-20 10:29:11,068 [df12c920-952d-4704-9c70-1a288e2f77c7@group-75987F7FE399-LeaderElection411] INFO  impl.LeaderElection (LeaderElection.java:logAndReturn(56)) - df12c920-952d-4704-9c70-1a288e2f77c7@group-75987F7FE399-LeaderElection411: Election REJECTED; received 2 response(s) [df12c920-952d-4704-9c70-1a288e2f77c7<-875da3d9-0dec-46c7-88bf-73f7a2372b64#0:FAIL-t464, df12c920-952d-4704-9c70-1a288e2f77c7<-9ceef694-dbcf-4070-b7b1-3b3c65b6a699#0:FAIL-t464] and 0 exception(s); df12c920-952d-4704-9c70-1a288e2f77c7@group-75987F7FE399:t464, leader=null, voted=df12c920-952d-4704-9c70-1a288e2f77c7, raftlog=df12c920-952d-4704-9c70-1a288e2f77c7@group-75987F7FE399-SegmentedRaftLog:OPENED:c-1,f-1,i0, conf=-1: [875da3d9-0dec-46c7-88bf-73f7a2372b64:192.168.69.89:39990, df12c920-952d-4704-9c70-1a288e2f77c7:192.168.69.89:43948, 9ceef694-dbcf-4070-b7b1-3b3c65b6a699:192.168.69.89:36536], old=null
2019-10-20 10:29:11,069 [df12c920-952d-4704-9c70-1a288e2f77c7@group-75987F7FE399-LeaderElection411] INFO  impl.RaftServerImpl (RaftServerImpl.java:setRole(184)) - df12c920-952d-4704-9c70-1a288e2f77c7@group-75987F7FE399: changes role from CANDIDATE to FOLLOWER at term 464 for DISCOVERED_A_NEW_TERM
2019-10-20 10:29:11,070 [df12c920-952d-4704-9c70-1a288e2f77c7@group-75987F7FE399-LeaderElection411] INFO  impl.RoleInfo (RoleInfo.java:shutdownLeaderElection(134)) - df12c920-952d-4704-9c70-1a288e2f77c7: shutdown LeaderElection
2019-10-20 10:29:11,072 [df12c920-952d-4704-9c70-1a288e2f77c7@group-75987F7FE399-LeaderElection411] INFO  impl.RoleInfo (RoleInfo.java:updateAndGet(143)) - df12c920-952d-4704-9c70-1a288e2f77c7: start FollowerState
2019-10-20 10:29:11,078 [main] INFO  impl.RaftServerImpl (RaftServerImpl.java:lambda$shutdown$3(261)) - 8558e340-8e73-44aa-8ae8-a796df6f37c7@group-C5BA1605619E: shutdown
2019-10-20 10:29:11,078 [main] INFO  util.JmxRegister (JmxRegister.java:unregister(73)) - Successfully un-registered JMX Bean with object name Ratis:service=RaftServer,group=group-C5BA1605619E,id=8558e340-8e73-44aa-8ae8-a796df6f37c7
2019-10-20 10:29:11,078 [main] INFO  impl.RoleInfo (RoleInfo.java:shutdownLeaderState(104)) - 8558e340-8e73-44aa-8ae8-a796df6f37c7: shutdown LeaderState
2019-10-20 10:29:11,079 [main] INFO  impl.PendingRequests (PendingRequests.java:sendNotLeaderResponses(202)) - 8558e340-8e73-44aa-8ae8-a796df6f37c7@group-C5BA1605619E-PendingRequests: sendNotLeaderResponses
2019-10-20 10:29:11,083 [main] INFO  impl.StateMachineUpdater (StateMachineUpdater.java:stopAndJoin(136)) - 8558e340-8e73-44aa-8ae8-a796df6f37c7@group-C5BA1605619E-StateMachineUpdater: set stopIndex = 6
2019-10-20 10:29:11,083 [8558e340-8e73-44aa-8ae8-a796df6f37c7@group-C5BA1605619E-StateMachineUpdater] INFO  ratis.OzoneManagerStateMachine (OzoneManagerStateMachine.java:takeSnapshot(254)) - Saving Ratis snapshot on the OM.
2019-10-20 10:29:11,093 [8558e340-8e73-44aa-8ae8-a796df6f37c7@group-C5BA1605619E-StateMachineUpdater] INFO  ratis.OMRatisSnapshotInfo (OMRatisSnapshotInfo.java:saveRatisSnapshotToDisk(107)) - Saved Ratis Snapshot on the OM with snapshotIndex 5
2019-10-20 10:29:11,095 [8558e340-8e73-44aa-8ae8-a796df6f37c7@group-C5BA1605619E-StateMachineUpdater] INFO  impl.StateMachineUpdater (StateMachineUpdater.java:takeSnapshot(269)) - 8558e340-8e73-44aa-8ae8-a796df6f37c7@group-C5BA1605619E-StateMachineUpdater: Took a snapshot at index 5
2019-10-20 10:29:11,096 [8558e340-8e73-44aa-8ae8-a796df6f37c7@group-C5BA1605619E-StateMachineUpdater] INFO  impl.StateMachineUpdater (StateMachineUpdater.java:lambda$new$0(84)) - 8558e340-8e73-44aa-8ae8-a796df6f37c7@group-C5BA1605619E-StateMachineUpdater: snapshotIndex: updateIncreasingly -1 -> 5
2019-10-20 10:29:11,101 [8558e340-8e73-44aa-8ae8-a796df6f37c7@group-C5BA1605619E-StateMachineUpdater] INFO  ratis.OzoneManagerStateMachine (OzoneManagerStateMachine.java:takeSnapshot(254)) - Saving Ratis snapshot on the OM.
2019-10-20 10:29:11,102 [8558e340-8e73-44aa-8ae8-a796df6f37c7@group-C5BA1605619E-StateMachineUpdater] INFO  ratis.OMRatisSnapshotInfo (OMRatisSnapshotInfo.java:saveRatisSnapshotToDisk(107)) - Saved Ratis Snapshot on the OM with snapshotIndex 5
2019-10-20 10:29:11,102 [8558e340-8e73-44aa-8ae8-a796df6f37c7@group-C5BA1605619E-StateMachineUpdater] INFO  impl.StateMachineUpdater (StateMachineUpdater.java:takeSnapshot(269)) - 8558e340-8e73-44aa-8ae8-a796df6f37c7@group-C5BA1605619E-StateMachineUpdater: Took a snapshot at index 5
2019-10-20 10:29:11,102 [8558e340-8e73-44aa-8ae8-a796df6f37c7@group-C5BA1605619E-StateMachineUpdater] INFO  impl.StateMachineUpdater (StateMachineUpdater.java:lambda$new$0(84)) - 8558e340-8e73-44aa-8ae8-a796df6f37c7@group-C5BA1605619E-StateMachineUpdater: snapshotIndex: updateIncreasingly 5 -> 5
2019-10-20 10:29:11,102 [main] INFO  impl.RaftServerImpl (ServerState.java:close(388)) - 8558e340-8e73-44aa-8ae8-a796df6f37c7@group-C5BA1605619E: closes. applyIndex: 6
2019-10-20 10:29:11,104 [8558e340-8e73-44aa-8ae8-a796df6f37c7@group-C5BA1605619E-SegmentedRaftLogWorker] INFO  segmented.SegmentedRaftLogWorker (SegmentedRaftLogWorker.java:run(316)) - 8558e340-8e73-44aa-8ae8-a796df6f37c7@group-C5BA1605619E-SegmentedRaftLogWorker was interrupted, exiting. There are 0 tasks remaining in the queue.
2019-10-20 10:29:11,106 [main] INFO  segmented.SegmentedRaftLogWorker (SegmentedRaftLogWorker.java:close(224)) - 8558e340-8e73-44aa-8ae8-a796df6f37c7@group-C5BA1605619E-SegmentedRaftLogWorker close()
2019-10-20 10:29:11,108 [main] INFO  server.GrpcService (GrpcService.java:closeImpl(164)) - 8558e340-8e73-44aa-8ae8-a796df6f37c7: shutdown server with port 9872 now
2019-10-20 10:29:11,110 [main] INFO  server.GrpcService (GrpcService.java:closeImpl(172)) - 8558e340-8e73-44aa-8ae8-a796df6f37c7: shutdown server with port 9872 successfully
2019-10-20 10:29:11,110 [main] INFO  ratis.OzoneManagerDoubleBuffer (OzoneManagerDoubleBuffer.java:stop(250)) - Stopping OMDoubleBuffer flush thread
2019-10-20 10:29:11,110 [OMDoubleBufferFlushThread] INFO  ratis.OzoneManagerDoubleBuffer (OzoneManagerDoubleBuffer.java:flushTransactions(193)) - OMDoubleBuffer flush thread OMDoubleBufferFlushThread is interrupted and will exit. OMDoubleBufferFlushThread
2019-10-20 10:29:11,111 [main] INFO  utils.BackgroundService (BackgroundService.java:shutdown(151)) - Shutting down service KeyDeletingService
2019-10-20 10:29:11,114 [main] INFO  handler.ContextHandler (ContextHandler.java:doStop(910)) - Stopped o.e.j.w.WebAppContext@35764bef{/,null,UNAVAILABLE}{/ozoneManager}
2019-10-20 10:29:11,119 [main] INFO  server.AbstractConnector (AbstractConnector.java:doStop(318)) - Stopped ServerConnector@5633dafd{HTTP/1.1,[http/1.1]}{0.0.0.0:0}
2019-10-20 10:29:11,120 [main] INFO  handler.ContextHandler (ContextHandler.java:doStop(910)) - Stopped o.e.j.s.ServletContextHandler@59e43e8c{/static,file:///workdir/hadoop-ozone/integration-test/target/test-classes/webapps/static,UNAVAILABLE}
2019-10-20 10:29:11,120 [main] INFO  handler.ContextHandler (ContextHandler.java:doStop(910)) - Stopped o.e.j.s.ServletContextHandler@65f2f9b0{/logs,file:///workdir/hadoop-ozone/integration-test/target/log,UNAVAILABLE}
2019-10-20 10:29:11,123 [main] INFO  ozone.MiniOzoneClusterImpl (MiniOzoneClusterImpl.java:stopDatanodes(377)) - Stopping the HddsDatanodes
2019-10-20 10:29:11,257 [Thread-3036] INFO  impl.FollowerState (FollowerState.java:run(108)) - df12c920-952d-4704-9c70-1a288e2f77c7@group-75987F7FE399-FollowerState: change to CANDIDATE, lastRpcTime:185ms, electionTimeout:180ms
2019-10-20 10:29:11,257 [Thread-3036] INFO  impl.RoleInfo (RoleInfo.java:shutdownFollowerState(121)) - df12c920-952d-4704-9c70-1a288e2f77c7: shutdown FollowerState
2019-10-20 10:29:11,257 [Thread-3036] INFO  impl.RaftServerImpl (RaftServerImpl.java:setRole(184)) - df12c920-952d-4704-9c70-1a288e2f77c7@group-75987F7FE399: changes role from  FOLLOWER to CANDIDATE at term 464 for changeToCandidate
2019-10-20 10:29:11,258 [Thread-3036] INFO  impl.RoleInfo (RoleInfo.java:updateAndGet(143)) - df12c920-952d-4704-9c70-1a288e2f77c7: start LeaderElection
2019-10-20 10:29:11,284 [df12c920-952d-4704-9c70-1a288e2f77c7@group-75987F7FE399-LeaderElection412] INFO  impl.LeaderElection (LeaderElection.java:askForVotes(178)) - df12c920-952d-4704-9c70-1a288e2f77c7@group-75987F7FE399-LeaderElection412: begin an election at term 465 for -1: [875da3d9-0dec-46c7-88bf-73f7a2372b64:192.168.69.89:39990, df12c920-952d-4704-9c70-1a288e2f77c7:192.168.69.89:43948, 9ceef694-dbcf-4070-b7b1-3b3c65b6a699:192.168.69.89:36536], old=null
2019-10-20 10:29:11,286 [grpc-default-executor-3] INFO  impl.RaftServerImpl (RaftServerImpl.java:setRole(184)) - 875da3d9-0dec-46c7-88bf-73f7a2372b64@group-75987F7FE399: changes role from  FOLLOWER to FOLLOWER at term 465 for recognizeCandidate:df12c920-952d-4704-9c70-1a288e2f77c7
2019-10-20 10:29:11,286 [grpc-default-executor-3] INFO  impl.RoleInfo (RoleInfo.java:shutdownFollowerState(121)) - 875da3d9-0dec-46c7-88bf-73f7a2372b64: shutdown FollowerState
2019-10-20 10:29:11,286 [grpc-default-executor-4] INFO  impl.RaftServerImpl (RaftServerImpl.java:setRole(184)) - 9ceef694-dbcf-4070-b7b1-3b3c65b6a699@group-75987F7FE399: changes role from  FOLLOWER to FOLLOWER at term 465 for recognizeCandidate:df12c920-952d-4704-9c70-1a288e2f77c7
2019-10-20 10:29:11,287 [Thread-3034] INFO  impl.FollowerState (FollowerState.java:run(117)) - 875da3d9-0dec-46c7-88bf-73f7a2372b64@group-75987F7FE399-FollowerState was interrupted: java.lang.InterruptedException: sleep interrupted
2019-10-20 10:29:11,286 [grpc-default-executor-3] INFO  impl.RoleInfo (RoleInfo.java:updateAndGet(143)) - 875da3d9-0dec-46c7-88bf-73f7a2372b64: start FollowerState
2019-10-20 10:29:11,287 [grpc-default-executor-4] INFO  impl.RoleInfo (RoleInfo.java:shutdownFollowerState(121)) - 9ceef694-dbcf-4070-b7b1-3b3c65b6a699: shutdown FollowerState
2019-10-20 10:29:11,287 [grpc-default-executor-4] INFO  impl.RoleInfo (RoleInfo.java:updateAndGet(143)) - 9ceef694-dbcf-4070-b7b1-3b3c65b6a699: start FollowerState
2019-10-20 10:29:11,287 [Thread-3035] INFO  impl.FollowerState (FollowerState.java:run(117)) - 9ceef694-dbcf-4070-b7b1-3b3c65b6a699@group-75987F7FE399-FollowerState was interrupted: java.lang.InterruptedException: sleep interrupted
2019-10-20 10:29:11,301 [df12c920-952d-4704-9c70-1a288e2f77c7@group-75987F7FE399-LeaderElection412] INFO  impl.LeaderElection (LeaderElection.java:logAndReturn(56)) - df12c920-952d-4704-9c70-1a288e2f77c7@group-75987F7FE399-LeaderElection412: Election REJECTED; received 2 response(s) [df12c920-952d-4704-9c70-1a288e2f77c7<-875da3d9-0dec-46c7-88bf-73f7a2372b64#0:FAIL-t465, df12c920-952d-4704-9c70-1a288e2f77c7<-9ceef694-dbcf-4070-b7b1-3b3c65b6a699#0:FAIL-t465] and 0 exception(s); df12c920-952d-4704-9c70-1a288e2f77c7@group-75987F7FE399:t465, leader=null, voted=df12c920-952d-4704-9c70-1a288e2f77c7, raftlog=df12c920-952d-4704-9c70-1a288e2f77c7@group-75987F7FE399-SegmentedRaftLog:OPENED:c-1,f-1,i0, conf=-1: [875da3d9-0dec-46c7-88bf-73f7a2372b64:192.168.69.89:39990, df12c920-952d-4704-9c70-1a288e2f77c7:192.168.69.89:43948, 9ceef694-dbcf-4070-b7b1-3b3c65b6a699:192.168.69.89:36536], old=null
2019-10-20 10:29:11,301 [df12c920-952d-4704-9c70-1a288e2f77c7@group-75987F7FE399-LeaderElection412] INFO  impl.RaftServerImpl (RaftServerImpl.java:setRole(184)) - df12c920-952d-4704-9c70-1a288e2f77c7@group-75987F7FE399: changes role from CANDIDATE to FOLLOWER at term 465 for DISCOVERED_A_NEW_TERM
2019-10-20 10:29:11,301 [df12c920-952d-4704-9c70-1a288e2f77c7@group-75987F7FE399-LeaderElection412] INFO  impl.RoleInfo (RoleInfo.java:shutdownLeaderElection(134)) - df12c920-952d-4704-9c70-1a288e2f77c7: shutdown LeaderElection
2019-10-20 10:29:11,302 [df12c920-952d-4704-9c70-1a288e2f77c7@group-75987F7FE399-LeaderElection412] INFO  impl.RoleInfo (RoleInfo.java:updateAndGet(143)) - df12c920-952d-4704-9c70-1a288e2f77c7: start FollowerState
2019-10-20 10:29:11,450 [Thread-3043] INFO  impl.FollowerState (FollowerState.java:run(108)) - df12c920-952d-4704-9c70-1a288e2f77c7@group-75987F7FE399-FollowerState: change to CANDIDATE, lastRpcTime:148ms, electionTimeout:148ms
2019-10-20 10:29:11,450 [Thread-3043] INFO  impl.RoleInfo (RoleInfo.java:shutdownFollowerState(121)) - df12c920-952d-4704-9c70-1a288e2f77c7: shutdown FollowerState
2019-10-20 10:29:11,450 [Thread-3043] INFO  impl.RaftServerImpl (RaftServerImpl.java:setRole(184)) - df12c920-952d-4704-9c70-1a288e2f77c7@group-75987F7FE399: changes role from  FOLLOWER to CANDIDATE at term 465 for changeToCandidate
2019-10-20 10:29:11,450 [Thread-3043] INFO  impl.RoleInfo (RoleInfo.java:updateAndGet(143)) - df12c920-952d-4704-9c70-1a288e2f77c7: start LeaderElection
2019-10-20 10:29:11,464 [df12c920-952d-4704-9c70-1a288e2f77c7@group-75987F7FE399-LeaderElection413] INFO  impl.LeaderElection (LeaderElection.java:askForVotes(178)) - df12c920-952d-4704-9c70-1a288e2f77c7@group-75987F7FE399-LeaderElection413: begin an election at term 466 for -1: [875da3d9-0dec-46c7-88bf-73f7a2372b64:192.168.69.89:39990, df12c920-952d-4704-9c70-1a288e2f77c7:192.168.69.89:43948, 9ceef694-dbcf-4070-b7b1-3b3c65b6a699:192.168.69.89:36536], old=null
2019-10-20 10:29:11,465 [grpc-default-executor-4] INFO  impl.RaftServerImpl (RaftServerImpl.java:setRole(184)) - 9ceef694-dbcf-4070-b7b1-3b3c65b6a699@group-75987F7FE399: changes role from  FOLLOWER to FOLLOWER at term 466 for recognizeCandidate:df12c920-952d-4704-9c70-1a288e2f77c7
2019-10-20 10:29:11,465 [grpc-default-executor-3] INFO  impl.RaftServerImpl (RaftServerImpl.java:setRole(184)) - 875da3d9-0dec-46c7-88bf-73f7a2372b64@group-75987F7FE399: changes role from  FOLLOWER to FOLLOWER at term 466 for recognizeCandidate:df12c920-952d-4704-9c70-1a288e2f77c7
2019-10-20 10:29:11,466 [grpc-default-executor-4] INFO  impl.RoleInfo (RoleInfo.java:shutdownFollowerState(121)) - 9ceef694-dbcf-4070-b7b1-3b3c65b6a699: shutdown FollowerState
2019-10-20 10:29:11,466 [grpc-default-executor-3] INFO  impl.RoleInfo (RoleInfo.java:shutdownFollowerState(121)) - 875da3d9-0dec-46c7-88bf-73f7a2372b64: shutdown FollowerState
2019-10-20 10:29:11,466 [grpc-default-executor-4] INFO  impl.RoleInfo (RoleInfo.java:updateAndGet(143)) - 9ceef694-dbcf-4070-b7b1-3b3c65b6a699: start FollowerState
2019-10-20 10:29:11,466 [Thread-3041] INFO  impl.FollowerState (FollowerState.java:run(117)) - 875da3d9-0dec-46c7-88bf-73f7a2372b64@group-75987F7FE399-FollowerState was interrupted: java.lang.InterruptedException: sleep interrupted
2019-10-20 10:29:11,466 [Thread-3042] INFO  impl.FollowerState (FollowerState.java:run(117)) - 9ceef694-dbcf-4070-b7b1-3b3c65b6a699@group-75987F7FE399-FollowerState was interrupted: java.lang.InterruptedException: sleep interrupted
2019-10-20 10:29:11,466 [grpc-default-executor-3] INFO  impl.RoleInfo (RoleInfo.java:updateAndGet(143)) - 875da3d9-0dec-46c7-88bf-73f7a2372b64: start FollowerState
2019-10-20 10:29:11,473 [df12c920-952d-4704-9c70-1a288e2f77c7@group-75987F7FE399-LeaderElection413] INFO  impl.LeaderElection (LeaderElection.java:logAndReturn(56)) - df12c920-952d-4704-9c70-1a288e2f77c7@group-75987F7FE399-LeaderElection413: Election TIMEOUT; received 0 response(s) [] and 0 exception(s); df12c920-952d-4704-9c70-1a288e2f77c7@group-75987F7FE399:t466, leader=null, voted=df12c920-952d-4704-9c70-1a288e2f77c7, raftlog=df12c920-952d-4704-9c70-1a288e2f77c7@group-75987F7FE399-SegmentedRaftLog:OPENED:c-1,f-1,i0, conf=-1: [875da3d9-0dec-46c7-88bf-73f7a2372b64:192.168.69.89:39990, df12c920-952d-4704-9c70-1a288e2f77c7:192.168.69.89:43948, 9ceef694-dbcf-4070-b7b1-3b3c65b6a699:192.168.69.89:36536], old=null
2019-10-20 10:29:11,478 [df12c920-952d-4704-9c70-1a288e2f77c7@group-75987F7FE399-LeaderElection413] INFO  impl.LeaderElection (LeaderElection.java:askForVotes(178)) - df12c920-952d-4704-9c70-1a288e2f77c7@group-75987F7FE399-LeaderElection413: begin an election at term 467 for -1: [875da3d9-0dec-46c7-88bf-73f7a2372b64:192.168.69.89:39990, df12c920-952d-4704-9c70-1a288e2f77c7:192.168.69.89:43948, 9ceef694-dbcf-4070-b7b1-3b3c65b6a699:192.168.69.89:36536], old=null
2019-10-20 10:29:11,479 [grpc-default-executor-3] INFO  impl.RaftServerImpl (RaftServerImpl.java:setRole(184)) - 875da3d9-0dec-46c7-88bf-73f7a2372b64@group-75987F7FE399: changes role from  FOLLOWER to FOLLOWER at term 467 for recognizeCandidate:df12c920-952d-4704-9c70-1a288e2f77c7
2019-10-20 10:29:11,479 [grpc-default-executor-3] INFO  impl.RoleInfo (RoleInfo.java:shutdownFollowerState(121)) - 875da3d9-0dec-46c7-88bf-73f7a2372b64: shutdown FollowerState
2019-10-20 10:29:11,479 [grpc-default-executor-3] INFO  impl.RoleInfo (RoleInfo.java:updateAndGet(143)) - 875da3d9-0dec-46c7-88bf-73f7a2372b64: start FollowerState
2019-10-20 10:29:11,479 [Thread-3050] INFO  impl.FollowerState (FollowerState.java:run(117)) - 875da3d9-0dec-46c7-88bf-73f7a2372b64@group-75987F7FE399-FollowerState was interrupted: java.lang.InterruptedException: sleep interrupted
2019-10-20 10:29:11,479 [grpc-default-executor-4] INFO  impl.RaftServerImpl (RaftServerImpl.java:setRole(184)) - 9ceef694-dbcf-4070-b7b1-3b3c65b6a699@group-75987F7FE399: changes role from  FOLLOWER to FOLLOWER at term 467 for recognizeCandidate:df12c920-952d-4704-9c70-1a288e2f77c7
2019-10-20 10:29:11,479 [grpc-default-executor-4] INFO  impl.RoleInfo (RoleInfo.java:shutdownFollowerState(121)) - 9ceef694-dbcf-4070-b7b1-3b3c65b6a699: shutdown FollowerState
2019-10-20 10:29:11,479 [grpc-default-executor-4] INFO  impl.RoleInfo (RoleInfo.java:updateAndGet(143)) - 9ceef694-dbcf-4070-b7b1-3b3c65b6a699: start FollowerState
2019-10-20 10:29:11,479 [Thread-3049] INFO  impl.FollowerState (FollowerState.java:run(117)) - 9ceef694-dbcf-4070-b7b1-3b3c65b6a699@group-75987F7FE399-FollowerState was interrupted: java.lang.InterruptedException: sleep interrupted
2019-10-20 10:29:11,489 [df12c920-952d-4704-9c70-1a288e2f77c7@group-75987F7FE399-LeaderElection413] INFO  impl.LeaderElection (LeaderElection.java:logAndReturn(56)) - df12c920-952d-4704-9c70-1a288e2f77c7@group-75987F7FE399-LeaderElection413: Election REJECTED; received 2 response(s) [df12c920-952d-4704-9c70-1a288e2f77c7<-875da3d9-0dec-46c7-88bf-73f7a2372b64#0:FAIL-t467, df12c920-952d-4704-9c70-1a288e2f77c7<-9ceef694-dbcf-4070-b7b1-3b3c65b6a699#0:FAIL-t467] and 0 exception(s); df12c920-952d-4704-9c70-1a288e2f77c7@group-75987F7FE399:t467, leader=null, voted=df12c920-952d-4704-9c70-1a288e2f77c7, raftlog=df12c920-952d-4704-9c70-1a288e2f77c7@group-75987F7FE399-SegmentedRaftLog:OPENED:c-1,f-1,i0, conf=-1: [875da3d9-0dec-46c7-88bf-73f7a2372b64:192.168.69.89:39990, df12c920-952d-4704-9c70-1a288e2f77c7:192.168.69.89:43948, 9ceef694-dbcf-4070-b7b1-3b3c65b6a699:192.168.69.89:36536], old=null
2019-10-20 10:29:11,489 [df12c920-952d-4704-9c70-1a288e2f77c7@group-75987F7FE399-LeaderElection413] INFO  impl.RaftServerImpl (RaftServerImpl.java:setRole(184)) - df12c920-952d-4704-9c70-1a288e2f77c7@group-75987F7FE399: changes role from CANDIDATE to FOLLOWER at term 467 for DISCOVERED_A_NEW_TERM
2019-10-20 10:29:11,489 [df12c920-952d-4704-9c70-1a288e2f77c7@group-75987F7FE399-LeaderElection413] INFO  impl.RoleInfo (RoleInfo.java:shutdownLeaderElection(134)) - df12c920-952d-4704-9c70-1a288e2f77c7: shutdown LeaderElection
2019-10-20 10:29:11,489 [df12c920-952d-4704-9c70-1a288e2f77c7@group-75987F7FE399-LeaderElection413] INFO  impl.RoleInfo (RoleInfo.java:updateAndGet(143)) - df12c920-952d-4704-9c70-1a288e2f77c7: start FollowerState
2019-10-20 10:29:11,664 [Thread-3055] INFO  impl.FollowerState (FollowerState.java:run(108)) - df12c920-952d-4704-9c70-1a288e2f77c7@group-75987F7FE399-FollowerState: change to CANDIDATE, lastRpcTime:174ms, electionTimeout:174ms
2019-10-20 10:29:11,664 [Thread-3055] INFO  impl.RoleInfo (RoleInfo.java:shutdownFollowerState(121)) - df12c920-952d-4704-9c70-1a288e2f77c7: shutdown FollowerState
2019-10-20 10:29:11,664 [Thread-3055] INFO  impl.RaftServerImpl (RaftServerImpl.java:setRole(184)) - df12c920-952d-4704-9c70-1a288e2f77c7@group-75987F7FE399: changes role from  FOLLOWER to CANDIDATE at term 467 for changeToCandidate
2019-10-20 10:29:11,664 [Thread-3055] INFO  impl.RoleInfo (RoleInfo.java:updateAndGet(143)) - df12c920-952d-4704-9c70-1a288e2f77c7: start LeaderElection
2019-10-20 10:29:11,690 [df12c920-952d-4704-9c70-1a288e2f77c7@group-75987F7FE399-LeaderElection414] INFO  impl.LeaderElection (LeaderElection.java:askForVotes(178)) - df12c920-952d-4704-9c70-1a288e2f77c7@group-75987F7FE399-LeaderElection414: begin an election at term 468 for -1: [875da3d9-0dec-46c7-88bf-73f7a2372b64:192.168.69.89:39990, df12c920-952d-4704-9c70-1a288e2f77c7:192.168.69.89:43948, 9ceef694-dbcf-4070-b7b1-3b3c65b6a699:192.168.69.89:36536], old=null
2019-10-20 10:29:11,692 [grpc-default-executor-4] INFO  impl.RaftServerImpl (RaftServerImpl.java:setRole(184)) - 875da3d9-0dec-46c7-88bf-73f7a2372b64@group-75987F7FE399: changes role from  FOLLOWER to FOLLOWER at term 468 for recognizeCandidate:df12c920-952d-4704-9c70-1a288e2f77c7
2019-10-20 10:29:11,692 [grpc-default-executor-4] INFO  impl.RoleInfo (RoleInfo.java:shutdownFollowerState(121)) - 875da3d9-0dec-46c7-88bf-73f7a2372b64: shutdown FollowerState
2019-10-20 10:29:11,692 [grpc-default-executor-3] INFO  impl.RaftServerImpl (RaftServerImpl.java:setRole(184)) - 9ceef694-dbcf-4070-b7b1-3b3c65b6a699@group-75987F7FE399: changes role from  FOLLOWER to FOLLOWER at term 468 for recognizeCandidate:df12c920-952d-4704-9c70-1a288e2f77c7
2019-10-20 10:29:11,692 [Thread-3053] INFO  impl.FollowerState (FollowerState.java:run(117)) - 875da3d9-0dec-46c7-88bf-73f7a2372b64@group-75987F7FE399-FollowerState was interrupted: java.lang.InterruptedException: sleep interrupted
2019-10-20 10:29:11,692 [grpc-default-executor-4] INFO  impl.RoleInfo (RoleInfo.java:updateAndGet(143)) - 875da3d9-0dec-46c7-88bf-73f7a2372b64: start FollowerState
2019-10-20 10:29:11,693 [grpc-default-executor-3] INFO  impl.RoleInfo (RoleInfo.java:shutdownFollowerState(121)) - 9ceef694-dbcf-4070-b7b1-3b3c65b6a699: shutdown FollowerState
2019-10-20 10:29:11,693 [grpc-default-executor-3] INFO  impl.RoleInfo (RoleInfo.java:updateAndGet(143)) - 9ceef694-dbcf-4070-b7b1-3b3c65b6a699: start FollowerState
2019-10-20 10:29:11,693 [Thread-3054] INFO  impl.FollowerState (FollowerState.java:run(117)) - 9ceef694-dbcf-4070-b7b1-3b3c65b6a699@group-75987F7FE399-FollowerState was interrupted: java.lang.InterruptedException: sleep interrupted
2019-10-20 10:29:11,701 [df12c920-952d-4704-9c70-1a288e2f77c7@group-75987F7FE399-LeaderElection414] INFO  impl.LeaderElection (LeaderElection.java:logAndReturn(56)) - df12c920-952d-4704-9c70-1a288e2f77c7@group-75987F7FE399-LeaderElection414: Election REJECTED; received 2 response(s) [df12c920-952d-4704-9c70-1a288e2f77c7<-875da3d9-0dec-46c7-88bf-73f7a2372b64#0:FAIL-t468, df12c920-952d-4704-9c70-1a288e2f77c7<-9ceef694-dbcf-4070-b7b1-3b3c65b6a699#0:FAIL-t468] and 0 exception(s); df12c920-952d-4704-9c70-1a288e2f77c7@group-75987F7FE399:t468, leader=null, voted=df12c920-952d-4704-9c70-1a288e2f77c7, raftlog=df12c920-952d-4704-9c70-1a288e2f77c7@group-75987F7FE399-SegmentedRaftLog:OPENED:c-1,f-1,i0, conf=-1: [875da3d9-0dec-46c7-88bf-73f7a2372b64:192.168.69.89:39990, df12c920-952d-4704-9c70-1a288e2f77c7:192.168.69.89:43948, 9ceef694-dbcf-4070-b7b1-3b3c65b6a699:192.168.69.89:36536], old=null
2019-10-20 10:29:11,701 [df12c920-952d-4704-9c70-1a288e2f77c7@group-75987F7FE399-LeaderElection414] INFO  impl.RaftServerImpl (RaftServerImpl.java:setRole(184)) - df12c920-952d-4704-9c70-1a288e2f77c7@group-75987F7FE399: changes role from CANDIDATE to FOLLOWER at term 468 for DISCOVERED_A_NEW_TERM
2019-10-20 10:29:11,701 [df12c920-952d-4704-9c70-1a288e2f77c7@group-75987F7FE399-LeaderElection414] INFO  impl.RoleInfo (RoleInfo.java:shutdownLeaderElection(134)) - df12c920-952d-4704-9c70-1a288e2f77c7: shutdown LeaderElection
2019-10-20 10:29:11,701 [df12c920-952d-4704-9c70-1a288e2f77c7@group-75987F7FE399-LeaderElection414] INFO  impl.RoleInfo (RoleInfo.java:updateAndGet(143)) - df12c920-952d-4704-9c70-1a288e2f77c7: start FollowerState
2019-10-20 10:29:11,715 [Thread-3061] INFO  impl.FollowerState (FollowerState.java:run(108)) - df12c920-952d-4704-9c70-1a288e2f77c7@group-75987F7FE399-FollowerState: change to CANDIDATE, lastRpcTime:13ms, electionTimeout:13ms
2019-10-20 10:29:11,715 [Thread-3061] INFO  impl.RoleInfo (RoleInfo.java:shutdownFollowerState(121)) - df12c920-952d-4704-9c70-1a288e2f77c7: shutdown FollowerState
2019-10-20 10:29:11,715 [Thread-3061] INFO  impl.RaftServerImpl (RaftServerImpl.java:setRole(184)) - df12c920-952d-4704-9c70-1a288e2f77c7@group-75987F7FE399: changes role from  FOLLOWER to CANDIDATE at term 468 for changeToCandidate
2019-10-20 10:29:11,715 [Thread-3061] INFO  impl.RoleInfo (RoleInfo.java:updateAndGet(143)) - df12c920-952d-4704-9c70-1a288e2f77c7: start LeaderElection
2019-10-20 10:29:11,732 [df12c920-952d-4704-9c70-1a288e2f77c7@group-75987F7FE399-LeaderElection415] INFO  impl.LeaderElection (LeaderElection.java:askForVotes(178)) - df12c920-952d-4704-9c70-1a288e2f77c7@group-75987F7FE399-LeaderElection415: begin an election at term 469 for -1: [875da3d9-0dec-46c7-88bf-73f7a2372b64:192.168.69.89:39990, df12c920-952d-4704-9c70-1a288e2f77c7:192.168.69.89:43948, 9ceef694-dbcf-4070-b7b1-3b3c65b6a699:192.168.69.89:36536], old=null
2019-10-20 10:29:11,734 [grpc-default-executor-3] INFO  impl.RaftServerImpl (RaftServerImpl.java:setRole(184)) - 875da3d9-0dec-46c7-88bf-73f7a2372b64@group-75987F7FE399: changes role from  FOLLOWER to FOLLOWER at term 469 for recognizeCandidate:df12c920-952d-4704-9c70-1a288e2f77c7
2019-10-20 10:29:11,734 [grpc-default-executor-3] INFO  impl.RoleInfo (RoleInfo.java:shutdownFollowerState(121)) - 875da3d9-0dec-46c7-88bf-73f7a2372b64: shutdown FollowerState
2019-10-20 10:29:11,734 [grpc-default-executor-4] INFO  impl.RaftServerImpl (RaftServerImpl.java:setRole(184)) - 9ceef694-dbcf-4070-b7b1-3b3c65b6a699@group-75987F7FE399: changes role from  FOLLOWER to FOLLOWER at term 469 for recognizeCandidate:df12c920-952d-4704-9c70-1a288e2f77c7
2019-10-20 10:29:11,734 [grpc-default-executor-4] INFO  impl.RoleInfo (RoleInfo.java:shutdownFollowerState(121)) - 9ceef694-dbcf-4070-b7b1-3b3c65b6a699: shutdown FollowerState
2019-10-20 10:29:11,734 [Thread-3059] INFO  impl.FollowerState (FollowerState.java:run(117)) - 875da3d9-0dec-46c7-88bf-73f7a2372b64@group-75987F7FE399-FollowerState was interrupted: java.lang.InterruptedException: sleep interrupted
2019-10-20 10:29:11,734 [grpc-default-executor-3] INFO  impl.RoleInfo (RoleInfo.java:updateAndGet(143)) - 875da3d9-0dec-46c7-88bf-73f7a2372b64: start FollowerState
2019-10-20 10:29:11,735 [Thread-3060] INFO  impl.FollowerState (FollowerState.java:run(117)) - 9ceef694-dbcf-4070-b7b1-3b3c65b6a699@group-75987F7FE399-FollowerState was interrupted: java.lang.InterruptedException: sleep interrupted
2019-10-20 10:29:11,734 [grpc-default-executor-4] INFO  impl.RoleInfo (RoleInfo.java:updateAndGet(143)) - 9ceef694-dbcf-4070-b7b1-3b3c65b6a699: start FollowerState
2019-10-20 10:29:11,755 [df12c920-952d-4704-9c70-1a288e2f77c7@group-75987F7FE399-LeaderElection415] INFO  impl.LeaderElection (LeaderElection.java:logAndReturn(56)) - df12c920-952d-4704-9c70-1a288e2f77c7@group-75987F7FE399-LeaderElection415: Election REJECTED; received 2 response(s) [df12c920-952d-4704-9c70-1a288e2f77c7<-875da3d9-0dec-46c7-88bf-73f7a2372b64#0:FAIL-t469, df12c920-952d-4704-9c70-1a288e2f77c7<-9ceef694-dbcf-4070-b7b1-3b3c65b6a699#0:FAIL-t469] and 0 exception(s); df12c920-952d-4704-9c70-1a288e2f77c7@group-75987F7FE399:t469, leader=null, voted=df12c920-952d-4704-9c70-1a288e2f77c7, raftlog=df12c920-952d-4704-9c70-1a288e2f77c7@group-75987F7FE399-SegmentedRaftLog:OPENED:c-1,f-1,i0, conf=-1: [875da3d9-0dec-46c7-88bf-73f7a2372b64:192.168.69.89:39990, df12c920-952d-4704-9c70-1a288e2f77c7:192.168.69.89:43948, 9ceef694-dbcf-4070-b7b1-3b3c65b6a699:192.168.69.89:36536], old=null
2019-10-20 10:29:11,755 [df12c920-952d-4704-9c70-1a288e2f77c7@group-75987F7FE399-LeaderElection415] INFO  impl.RaftServerImpl (RaftServerImpl.java:setRole(184)) - df12c920-952d-4704-9c70-1a288e2f77c7@group-75987F7FE399: changes role from CANDIDATE to FOLLOWER at term 469 for DISCOVERED_A_NEW_TERM
2019-10-20 10:29:11,755 [df12c920-952d-4704-9c70-1a288e2f77c7@group-75987F7FE399-LeaderElection415] INFO  impl.RoleInfo (RoleInfo.java:shutdownLeaderElection(134)) - df12c920-952d-4704-9c70-1a288e2f77c7: shutdown LeaderElection
2019-10-20 10:29:11,755 [df12c920-952d-4704-9c70-1a288e2f77c7@group-75987F7FE399-LeaderElection415] INFO  impl.RoleInfo (RoleInfo.java:updateAndGet(143)) - df12c920-952d-4704-9c70-1a288e2f77c7: start FollowerState
2019-10-20 10:29:11,856 [Datanode State Machine Thread - 0] INFO  statemachine.DatanodeStateMachine (DatanodeStateMachine.java:lambda$startDaemon$0(350)) - Ozone container server started.
2019-10-20 10:29:11,857 [Datanode State Machine Thread - 0] INFO  statemachine.DatanodeStateMachine (DatanodeStateMachine.java:lambda$startDaemon$0(350)) - Ozone container server started.
2019-10-20 10:29:11,944 [Thread-3067] INFO  impl.FollowerState (FollowerState.java:run(108)) - df12c920-952d-4704-9c70-1a288e2f77c7@group-75987F7FE399-FollowerState: change to CANDIDATE, lastRpcTime:188ms, electionTimeout:188ms
2019-10-20 10:29:11,944 [Thread-3067] INFO  impl.RoleInfo (RoleInfo.java:shutdownFollowerState(121)) - df12c920-952d-4704-9c70-1a288e2f77c7: shutdown FollowerState
2019-10-20 10:29:11,944 [Thread-3067] INFO  impl.RaftServerImpl (RaftServerImpl.java:setRole(184)) - df12c920-952d-4704-9c70-1a288e2f77c7@group-75987F7FE399: changes role from  FOLLOWER to CANDIDATE at term 469 for changeToCandidate
2019-10-20 10:29:11,944 [Thread-3067] INFO  impl.RoleInfo (RoleInfo.java:updateAndGet(143)) - df12c920-952d-4704-9c70-1a288e2f77c7: start LeaderElection
2019-10-20 10:29:11,958 [df12c920-952d-4704-9c70-1a288e2f77c7@group-75987F7FE399-LeaderElection416] INFO  impl.LeaderElection (LeaderElection.java:askForVotes(178)) - df12c920-952d-4704-9c70-1a288e2f77c7@group-75987F7FE399-LeaderElection416: begin an election at term 470 for -1: [875da3d9-0dec-46c7-88bf-73f7a2372b64:192.168.69.89:39990, df12c920-952d-4704-9c70-1a288e2f77c7:192.168.69.89:43948, 9ceef694-dbcf-4070-b7b1-3b3c65b6a699:192.168.69.89:36536], old=null
2019-10-20 10:29:11,960 [grpc-default-executor-3] INFO  impl.RaftServerImpl (RaftServerImpl.java:setRole(184)) - 875da3d9-0dec-46c7-88bf-73f7a2372b64@group-75987F7FE399: changes role from  FOLLOWER to FOLLOWER at term 470 for recognizeCandidate:df12c920-952d-4704-9c70-1a288e2f77c7
2019-10-20 10:29:11,960 [grpc-default-executor-4] INFO  impl.RaftServerImpl (RaftServerImpl.java:setRole(184)) - 9ceef694-dbcf-4070-b7b1-3b3c65b6a699@group-75987F7FE399: changes role from  FOLLOWER to FOLLOWER at term 470 for recognizeCandidate:df12c920-952d-4704-9c70-1a288e2f77c7
2019-10-20 10:29:11,961 [grpc-default-executor-4] INFO  impl.RoleInfo (RoleInfo.java:shutdownFollowerState(121)) - 9ceef694-dbcf-4070-b7b1-3b3c65b6a699: shutdown FollowerState
2019-10-20 10:29:11,961 [grpc-default-executor-3] INFO  impl.RoleInfo (RoleInfo.java:shutdownFollowerState(121)) - 875da3d9-0dec-46c7-88bf-73f7a2372b64: shutdown FollowerState
2019-10-20 10:29:11,961 [Thread-3066] INFO  impl.FollowerState (FollowerState.java:run(117)) - 9ceef694-dbcf-4070-b7b1-3b3c65b6a699@group-75987F7FE399-FollowerState was interrupted: java.lang.InterruptedException: sleep interrupted
2019-10-20 10:29:11,961 [grpc-default-executor-4] INFO  impl.RoleInfo (RoleInfo.java:updateAndGet(143)) - 9ceef694-dbcf-4070-b7b1-3b3c65b6a699: start FollowerState
2019-10-20 10:29:11,961 [Thread-3065] INFO  impl.FollowerState (FollowerState.java:run(117)) - 875da3d9-0dec-46c7-88bf-73f7a2372b64@group-75987F7FE399-FollowerState was interrupted: java.lang.InterruptedException: sleep interrupted
2019-10-20 10:29:11,961 [grpc-default-executor-3] INFO  impl.RoleInfo (RoleInfo.java:updateAndGet(143)) - 875da3d9-0dec-46c7-88bf-73f7a2372b64: start FollowerState
2019-10-20 10:29:11,987 [df12c920-952d-4704-9c70-1a288e2f77c7@group-75987F7FE399-LeaderElection416] INFO  impl.LeaderElection (LeaderElection.java:logAndReturn(56)) - df12c920-952d-4704-9c70-1a288e2f77c7@group-75987F7FE399-LeaderElection416: Election REJECTED; received 2 response(s) [df12c920-952d-4704-9c70-1a288e2f77c7<-875da3d9-0dec-46c7-88bf-73f7a2372b64#0:FAIL-t470, df12c920-952d-4704-9c70-1a288e2f77c7<-9ceef694-dbcf-4070-b7b1-3b3c65b6a699#0:FAIL-t470] and 0 exception(s); df12c920-952d-4704-9c70-1a288e2f77c7@group-75987F7FE399:t470, leader=null, voted=df12c920-952d-4704-9c70-1a288e2f77c7, raftlog=df12c920-952d-4704-9c70-1a288e2f77c7@group-75987F7FE399-SegmentedRaftLog:OPENED:c-1,f-1,i0, conf=-1: [875da3d9-0dec-46c7-88bf-73f7a2372b64:192.168.69.89:39990, df12c920-952d-4704-9c70-1a288e2f77c7:192.168.69.89:43948, 9ceef694-dbcf-4070-b7b1-3b3c65b6a699:192.168.69.89:36536], old=null
2019-10-20 10:29:11,987 [df12c920-952d-4704-9c70-1a288e2f77c7@group-75987F7FE399-LeaderElection416] INFO  impl.RaftServerImpl (RaftServerImpl.java:setRole(184)) - df12c920-952d-4704-9c70-1a288e2f77c7@group-75987F7FE399: changes role from CANDIDATE to FOLLOWER at term 470 for DISCOVERED_A_NEW_TERM
2019-10-20 10:29:11,987 [df12c920-952d-4704-9c70-1a288e2f77c7@group-75987F7FE399-LeaderElection416] INFO  impl.RoleInfo (RoleInfo.java:shutdownLeaderElection(134)) - df12c920-952d-4704-9c70-1a288e2f77c7: shutdown LeaderElection
2019-10-20 10:29:11,987 [df12c920-952d-4704-9c70-1a288e2f77c7@group-75987F7FE399-LeaderElection416] INFO  impl.RoleInfo (RoleInfo.java:updateAndGet(143)) - df12c920-952d-4704-9c70-1a288e2f77c7: start FollowerState
2019-10-20 10:29:12,080 [Thread-3073] INFO  impl.FollowerState (FollowerState.java:run(108)) - df12c920-952d-4704-9c70-1a288e2f77c7@group-75987F7FE399-FollowerState: change to CANDIDATE, lastRpcTime:92ms, electionTimeout:92ms
2019-10-20 10:29:12,080 [Thread-3073] INFO  impl.RoleInfo (RoleInfo.java:shutdownFollowerState(121)) - df12c920-952d-4704-9c70-1a288e2f77c7: shutdown FollowerState
2019-10-20 10:29:12,080 [Thread-3073] INFO  impl.RaftServerImpl (RaftServerImpl.java:setRole(184)) - df12c920-952d-4704-9c70-1a288e2f77c7@group-75987F7FE399: changes role from  FOLLOWER to CANDIDATE at term 470 for changeToCandidate
2019-10-20 10:29:12,080 [Thread-3073] INFO  impl.RoleInfo (RoleInfo.java:updateAndGet(143)) - df12c920-952d-4704-9c70-1a288e2f77c7: start LeaderElection
2019-10-20 10:29:12,094 [df12c920-952d-4704-9c70-1a288e2f77c7@group-75987F7FE399-LeaderElection417] INFO  impl.LeaderElection (LeaderElection.java:askForVotes(178)) - df12c920-952d-4704-9c70-1a288e2f77c7@group-75987F7FE399-LeaderElection417: begin an election at term 471 for -1: [875da3d9-0dec-46c7-88bf-73f7a2372b64:192.168.69.89:39990, df12c920-952d-4704-9c70-1a288e2f77c7:192.168.69.89:43948, 9ceef694-dbcf-4070-b7b1-3b3c65b6a699:192.168.69.89:36536], old=null
2019-10-20 10:29:12,095 [grpc-default-executor-3] INFO  impl.RaftServerImpl (RaftServerImpl.java:setRole(184)) - 875da3d9-0dec-46c7-88bf-73f7a2372b64@group-75987F7FE399: changes role from  FOLLOWER to FOLLOWER at term 471 for recognizeCandidate:df12c920-952d-4704-9c70-1a288e2f77c7
2019-10-20 10:29:12,096 [grpc-default-executor-3] INFO  impl.RoleInfo (RoleInfo.java:shutdownFollowerState(121)) - 875da3d9-0dec-46c7-88bf-73f7a2372b64: shutdown FollowerState
2019-10-20 10:29:12,095 [grpc-default-executor-4] INFO  impl.RaftServerImpl (RaftServerImpl.java:setRole(184)) - 9ceef694-dbcf-4070-b7b1-3b3c65b6a699@group-75987F7FE399: changes role from  FOLLOWER to FOLLOWER at term 471 for recognizeCandidate:df12c920-952d-4704-9c70-1a288e2f77c7
2019-10-20 10:29:12,096 [grpc-default-executor-4] INFO  impl.RoleInfo (RoleInfo.java:shutdownFollowerState(121)) - 9ceef694-dbcf-4070-b7b1-3b3c65b6a699: shutdown FollowerState
2019-10-20 10:29:12,096 [grpc-default-executor-4] INFO  impl.RoleInfo (RoleInfo.java:updateAndGet(143)) - 9ceef694-dbcf-4070-b7b1-3b3c65b6a699: start FollowerState
2019-10-20 10:29:12,096 [Thread-3072] INFO  impl.FollowerState (FollowerState.java:run(117)) - 875da3d9-0dec-46c7-88bf-73f7a2372b64@group-75987F7FE399-FollowerState was interrupted: java.lang.InterruptedException: sleep interrupted
2019-10-20 10:29:12,096 [grpc-default-executor-3] INFO  impl.RoleInfo (RoleInfo.java:updateAndGet(143)) - 875da3d9-0dec-46c7-88bf-73f7a2372b64: start FollowerState
2019-10-20 10:29:12,096 [Thread-3071] INFO  impl.FollowerState (FollowerState.java:run(117)) - 9ceef694-dbcf-4070-b7b1-3b3c65b6a699@group-75987F7FE399-FollowerState was interrupted: java.lang.InterruptedException: sleep interrupted
2019-10-20 10:29:12,112 [df12c920-952d-4704-9c70-1a288e2f77c7@group-75987F7FE399-LeaderElection417] INFO  impl.LeaderElection (LeaderElection.java:logAndReturn(56)) - df12c920-952d-4704-9c70-1a288e2f77c7@group-75987F7FE399-LeaderElection417: Election REJECTED; received 2 response(s) [df12c920-952d-4704-9c70-1a288e2f77c7<-875da3d9-0dec-46c7-88bf-73f7a2372b64#0:FAIL-t471, df12c920-952d-4704-9c70-1a288e2f77c7<-9ceef694-dbcf-4070-b7b1-3b3c65b6a699#0:FAIL-t471] and 0 exception(s); df12c920-952d-4704-9c70-1a288e2f77c7@group-75987F7FE399:t471, leader=null, voted=df12c920-952d-4704-9c70-1a288e2f77c7, raftlog=df12c920-952d-4704-9c70-1a288e2f77c7@group-75987F7FE399-SegmentedRaftLog:OPENED:c-1,f-1,i0, conf=-1: [875da3d9-0dec-46c7-88bf-73f7a2372b64:192.168.69.89:39990, df12c920-952d-4704-9c70-1a288e2f77c7:192.168.69.89:43948, 9ceef694-dbcf-4070-b7b1-3b3c65b6a699:192.168.69.89:36536], old=null
2019-10-20 10:29:12,112 [df12c920-952d-4704-9c70-1a288e2f77c7@group-75987F7FE399-LeaderElection417] INFO  impl.RaftServerImpl (RaftServerImpl.java:setRole(184)) - df12c920-952d-4704-9c70-1a288e2f77c7@group-75987F7FE399: changes role from CANDIDATE to FOLLOWER at term 471 for DISCOVERED_A_NEW_TERM
2019-10-20 10:29:12,112 [df12c920-952d-4704-9c70-1a288e2f77c7@group-75987F7FE399-LeaderElection417] INFO  impl.RoleInfo (RoleInfo.java:shutdownLeaderElection(134)) - df12c920-952d-4704-9c70-1a288e2f77c7: shutdown LeaderElection
2019-10-20 10:29:12,112 [df12c920-952d-4704-9c70-1a288e2f77c7@group-75987F7FE399-LeaderElection417] INFO  impl.RoleInfo (RoleInfo.java:updateAndGet(143)) - df12c920-952d-4704-9c70-1a288e2f77c7: start FollowerState
2019-10-20 10:29:12,125 [Thread-3079] INFO  impl.FollowerState (FollowerState.java:run(108)) - df12c920-952d-4704-9c70-1a288e2f77c7@group-75987F7FE399-FollowerState: change to CANDIDATE, lastRpcTime:13ms, electionTimeout:13ms
2019-10-20 10:29:12,125 [Thread-3079] INFO  impl.RoleInfo (RoleInfo.java:shutdownFollowerState(121)) - df12c920-952d-4704-9c70-1a288e2f77c7: shutdown FollowerState
2019-10-20 10:29:12,125 [Thread-3079] INFO  impl.RaftServerImpl (RaftServerImpl.java:setRole(184)) - df12c920-952d-4704-9c70-1a288e2f77c7@group-75987F7FE399: changes role from  FOLLOWER to CANDIDATE at term 471 for changeToCandidate
2019-10-20 10:29:12,126 [Thread-3079] INFO  impl.RoleInfo (RoleInfo.java:updateAndGet(143)) - df12c920-952d-4704-9c70-1a288e2f77c7: start LeaderElection
2019-10-20 10:29:12,138 [df12c920-952d-4704-9c70-1a288e2f77c7@group-75987F7FE399-LeaderElection418] INFO  impl.LeaderElection (LeaderElection.java:askForVotes(178)) - df12c920-952d-4704-9c70-1a288e2f77c7@group-75987F7FE399-LeaderElection418: begin an election at term 472 for -1: [875da3d9-0dec-46c7-88bf-73f7a2372b64:192.168.69.89:39990, df12c920-952d-4704-9c70-1a288e2f77c7:192.168.69.89:43948, 9ceef694-dbcf-4070-b7b1-3b3c65b6a699:192.168.69.89:36536], old=null
2019-10-20 10:29:12,140 [grpc-default-executor-3] INFO  impl.RaftServerImpl (RaftServerImpl.java:setRole(184)) - 875da3d9-0dec-46c7-88bf-73f7a2372b64@group-75987F7FE399: changes role from  FOLLOWER to FOLLOWER at term 472 for recognizeCandidate:df12c920-952d-4704-9c70-1a288e2f77c7
2019-10-20 10:29:12,140 [grpc-default-executor-3] INFO  impl.RoleInfo (RoleInfo.java:shutdownFollowerState(121)) - 875da3d9-0dec-46c7-88bf-73f7a2372b64: shutdown FollowerState
2019-10-20 10:29:12,140 [grpc-default-executor-3] INFO  impl.RoleInfo (RoleInfo.java:updateAndGet(143)) - 875da3d9-0dec-46c7-88bf-73f7a2372b64: start FollowerState
2019-10-20 10:29:12,140 [Thread-3077] INFO  impl.FollowerState (FollowerState.java:run(117)) - 875da3d9-0dec-46c7-88bf-73f7a2372b64@group-75987F7FE399-FollowerState was interrupted: java.lang.InterruptedException: sleep interrupted
2019-10-20 10:29:12,140 [grpc-default-executor-4] INFO  impl.RaftServerImpl (RaftServerImpl.java:setRole(184)) - 9ceef694-dbcf-4070-b7b1-3b3c65b6a699@group-75987F7FE399: changes role from  FOLLOWER to FOLLOWER at term 472 for recognizeCandidate:df12c920-952d-4704-9c70-1a288e2f77c7
2019-10-20 10:29:12,140 [grpc-default-executor-4] INFO  impl.RoleInfo (RoleInfo.java:shutdownFollowerState(121)) - 9ceef694-dbcf-4070-b7b1-3b3c65b6a699: shutdown FollowerState
2019-10-20 10:29:12,140 [grpc-default-executor-4] INFO  impl.RoleInfo (RoleInfo.java:updateAndGet(143)) - 9ceef694-dbcf-4070-b7b1-3b3c65b6a699: start FollowerState
2019-10-20 10:29:12,141 [Thread-3078] INFO  impl.FollowerState (FollowerState.java:run(117)) - 9ceef694-dbcf-4070-b7b1-3b3c65b6a699@group-75987F7FE399-FollowerState was interrupted: java.lang.InterruptedException: sleep interrupted
2019-10-20 10:29:12,161 [df12c920-952d-4704-9c70-1a288e2f77c7@group-75987F7FE399-LeaderElection418] INFO  impl.LeaderElection (LeaderElection.java:logAndReturn(56)) - df12c920-952d-4704-9c70-1a288e2f77c7@group-75987F7FE399-LeaderElection418: Election TIMEOUT; received 0 response(s) [] and 0 exception(s); df12c920-952d-4704-9c70-1a288e2f77c7@group-75987F7FE399:t472, leader=null, voted=df12c920-952d-4704-9c70-1a288e2f77c7, raftlog=df12c920-952d-4704-9c70-1a288e2f77c7@group-75987F7FE399-SegmentedRaftLog:OPENED:c-1,f-1,i0, conf=-1: [875da3d9-0dec-46c7-88bf-73f7a2372b64:192.168.69.89:39990, df12c920-952d-4704-9c70-1a288e2f77c7:192.168.69.89:43948, 9ceef694-dbcf-4070-b7b1-3b3c65b6a699:192.168.69.89:36536], old=null
2019-10-20 10:29:12,167 [df12c920-952d-4704-9c70-1a288e2f77c7@group-75987F7FE399-LeaderElection418] INFO  impl.LeaderElection (LeaderElection.java:askForVotes(178)) - df12c920-952d-4704-9c70-1a288e2f77c7@group-75987F7FE399-LeaderElection418: begin an election at term 473 for -1: [875da3d9-0dec-46c7-88bf-73f7a2372b64:192.168.69.89:39990, df12c920-952d-4704-9c70-1a288e2f77c7:192.168.69.89:43948, 9ceef694-dbcf-4070-b7b1-3b3c65b6a699:192.168.69.89:36536], old=null
2019-10-20 10:29:12,168 [grpc-default-executor-3] INFO  impl.RaftServerImpl (RaftServerImpl.java:setRole(184)) - 875da3d9-0dec-46c7-88bf-73f7a2372b64@group-75987F7FE399: changes role from  FOLLOWER to FOLLOWER at term 473 for recognizeCandidate:df12c920-952d-4704-9c70-1a288e2f77c7
2019-10-20 10:29:12,168 [grpc-default-executor-3] INFO  impl.RoleInfo (RoleInfo.java:shutdownFollowerState(121)) - 875da3d9-0dec-46c7-88bf-73f7a2372b64: shutdown FollowerState
2019-10-20 10:29:12,168 [grpc-default-executor-4] INFO  impl.RaftServerImpl (RaftServerImpl.java:setRole(184)) - 9ceef694-dbcf-4070-b7b1-3b3c65b6a699@group-75987F7FE399: changes role from  FOLLOWER to FOLLOWER at term 473 for recognizeCandidate:df12c920-952d-4704-9c70-1a288e2f77c7
2019-10-20 10:29:12,168 [grpc-default-executor-4] INFO  impl.RoleInfo (RoleInfo.java:shutdownFollowerState(121)) - 9ceef694-dbcf-4070-b7b1-3b3c65b6a699: shutdown FollowerState
2019-10-20 10:29:12,168 [Thread-3083] INFO  impl.FollowerState (FollowerState.java:run(117)) - 875da3d9-0dec-46c7-88bf-73f7a2372b64@group-75987F7FE399-FollowerState was interrupted: java.lang.InterruptedException: sleep interrupted
2019-10-20 10:29:12,169 [Thread-3084] INFO  impl.FollowerState (FollowerState.java:run(117)) - 9ceef694-dbcf-4070-b7b1-3b3c65b6a699@group-75987F7FE399-FollowerState was interrupted: java.lang.InterruptedException: sleep interrupted
2019-10-20 10:29:12,168 [grpc-default-executor-3] INFO  impl.RoleInfo (RoleInfo.java:updateAndGet(143)) - 875da3d9-0dec-46c7-88bf-73f7a2372b64: start FollowerState
2019-10-20 10:29:12,168 [grpc-default-executor-4] INFO  impl.RoleInfo (RoleInfo.java:updateAndGet(143)) - 9ceef694-dbcf-4070-b7b1-3b3c65b6a699: start FollowerState
2019-10-20 10:29:12,194 [df12c920-952d-4704-9c70-1a288e2f77c7@group-75987F7FE399-LeaderElection418] INFO  impl.LeaderElection (LeaderElection.java:logAndReturn(56)) - df12c920-952d-4704-9c70-1a288e2f77c7@group-75987F7FE399-LeaderElection418: Election REJECTED; received 2 response(s) [df12c920-952d-4704-9c70-1a288e2f77c7<-875da3d9-0dec-46c7-88bf-73f7a2372b64#0:FAIL-t473, df12c920-952d-4704-9c70-1a288e2f77c7<-9ceef694-dbcf-4070-b7b1-3b3c65b6a699#0:FAIL-t473] and 0 exception(s); df12c920-952d-4704-9c70-1a288e2f77c7@group-75987F7FE399:t473, leader=null, voted=df12c920-952d-4704-9c70-1a288e2f77c7, raftlog=df12c920-952d-4704-9c70-1a288e2f77c7@group-75987F7FE399-SegmentedRaftLog:OPENED:c-1,f-1,i0, conf=-1: [875da3d9-0dec-46c7-88bf-73f7a2372b64:192.168.69.89:39990, df12c920-952d-4704-9c70-1a288e2f77c7:192.168.69.89:43948, 9ceef694-dbcf-4070-b7b1-3b3c65b6a699:192.168.69.89:36536], old=null
2019-10-20 10:29:12,194 [df12c920-952d-4704-9c70-1a288e2f77c7@group-75987F7FE399-LeaderElection418] INFO  impl.RaftServerImpl (RaftServerImpl.java:setRole(184)) - df12c920-952d-4704-9c70-1a288e2f77c7@group-75987F7FE399: changes role from CANDIDATE to FOLLOWER at term 473 for DISCOVERED_A_NEW_TERM
2019-10-20 10:29:12,194 [df12c920-952d-4704-9c70-1a288e2f77c7@group-75987F7FE399-LeaderElection418] INFO  impl.RoleInfo (RoleInfo.java:shutdownLeaderElection(134)) - df12c920-952d-4704-9c70-1a288e2f77c7: shutdown LeaderElection
2019-10-20 10:29:12,194 [df12c920-952d-4704-9c70-1a288e2f77c7@group-75987F7FE399-LeaderElection418] INFO  impl.RoleInfo (RoleInfo.java:updateAndGet(143)) - df12c920-952d-4704-9c70-1a288e2f77c7: start FollowerState
2019-10-20 10:29:12,226 [Thread-3089] INFO  impl.FollowerState (FollowerState.java:run(108)) - df12c920-952d-4704-9c70-1a288e2f77c7@group-75987F7FE399-FollowerState: change to CANDIDATE, lastRpcTime:31ms, electionTimeout:31ms
2019-10-20 10:29:12,226 [Thread-3089] INFO  impl.RoleInfo (RoleInfo.java:shutdownFollowerState(121)) - df12c920-952d-4704-9c70-1a288e2f77c7: shutdown FollowerState
2019-10-20 10:29:12,226 [Thread-3089] INFO  impl.RaftServerImpl (RaftServerImpl.java:setRole(184)) - df12c920-952d-4704-9c70-1a288e2f77c7@group-75987F7FE399: changes role from  FOLLOWER to CANDIDATE at term 473 for changeToCandidate
2019-10-20 10:29:12,226 [Thread-3089] INFO  impl.RoleInfo (RoleInfo.java:updateAndGet(143)) - df12c920-952d-4704-9c70-1a288e2f77c7: start LeaderElection
2019-10-20 10:29:12,230 [df12c920-952d-4704-9c70-1a288e2f77c7@group-75987F7FE399-LeaderElection419] INFO  impl.LeaderElection (LeaderElection.java:askForVotes(178)) - df12c920-952d-4704-9c70-1a288e2f77c7@group-75987F7FE399-LeaderElection419: begin an election at term 474 for -1: [875da3d9-0dec-46c7-88bf-73f7a2372b64:192.168.69.89:39990, df12c920-952d-4704-9c70-1a288e2f77c7:192.168.69.89:43948, 9ceef694-dbcf-4070-b7b1-3b3c65b6a699:192.168.69.89:36536], old=null
2019-10-20 10:29:12,231 [grpc-default-executor-4] INFO  impl.RaftServerImpl (RaftServerImpl.java:setRole(184)) - 875da3d9-0dec-46c7-88bf-73f7a2372b64@group-75987F7FE399: changes role from  FOLLOWER to FOLLOWER at term 474 for recognizeCandidate:df12c920-952d-4704-9c70-1a288e2f77c7
2019-10-20 10:29:12,231 [grpc-default-executor-4] INFO  impl.RoleInfo (RoleInfo.java:shutdownFollowerState(121)) - 875da3d9-0dec-46c7-88bf-73f7a2372b64: shutdown FollowerState
2019-10-20 10:29:12,231 [grpc-default-executor-3] INFO  impl.RaftServerImpl (RaftServerImpl.java:setRole(184)) - 9ceef694-dbcf-4070-b7b1-3b3c65b6a699@group-75987F7FE399: changes role from  FOLLOWER to FOLLOWER at term 474 for recognizeCandidate:df12c920-952d-4704-9c70-1a288e2f77c7
2019-10-20 10:29:12,232 [grpc-default-executor-3] INFO  impl.RoleInfo (RoleInfo.java:shutdownFollowerState(121)) - 9ceef694-dbcf-4070-b7b1-3b3c65b6a699: shutdown FollowerState
2019-10-20 10:29:12,232 [Thread-3087] INFO  impl.FollowerState (FollowerState.java:run(117)) - 875da3d9-0dec-46c7-88bf-73f7a2372b64@group-75987F7FE399-FollowerState was interrupted: java.lang.InterruptedException: sleep interrupted
2019-10-20 10:29:12,232 [Thread-3088] INFO  impl.FollowerState (FollowerState.java:run(117)) - 9ceef694-dbcf-4070-b7b1-3b3c65b6a699@group-75987F7FE399-FollowerState was interrupted: java.lang.InterruptedException: sleep interrupted
2019-10-20 10:29:12,232 [grpc-default-executor-4] INFO  impl.RoleInfo (RoleInfo.java:updateAndGet(143)) - 875da3d9-0dec-46c7-88bf-73f7a2372b64: start FollowerState
2019-10-20 10:29:12,232 [grpc-default-executor-3] INFO  impl.RoleInfo (RoleInfo.java:updateAndGet(143)) - 9ceef694-dbcf-4070-b7b1-3b3c65b6a699: start FollowerState
2019-10-20 10:29:12,256 [df12c920-952d-4704-9c70-1a288e2f77c7@group-75987F7FE399-LeaderElection419] INFO  impl.LeaderElection (LeaderElection.java:logAndReturn(56)) - df12c920-952d-4704-9c70-1a288e2f77c7@group-75987F7FE399-LeaderElection419: Election REJECTED; received 2 response(s) [df12c920-952d-4704-9c70-1a288e2f77c7<-875da3d9-0dec-46c7-88bf-73f7a2372b64#0:FAIL-t474, df12c920-952d-4704-9c70-1a288e2f77c7<-9ceef694-dbcf-4070-b7b1-3b3c65b6a699#0:FAIL-t474] and 0 exception(s); df12c920-952d-4704-9c70-1a288e2f77c7@group-75987F7FE399:t474, leader=null, voted=df12c920-952d-4704-9c70-1a288e2f77c7, raftlog=df12c920-952d-4704-9c70-1a288e2f77c7@group-75987F7FE399-SegmentedRaftLog:OPENED:c-1,f-1,i0, conf=-1: [875da3d9-0dec-46c7-88bf-73f7a2372b64:192.168.69.89:39990, df12c920-952d-4704-9c70-1a288e2f77c7:192.168.69.89:43948, 9ceef694-dbcf-4070-b7b1-3b3c65b6a699:192.168.69.89:36536], old=null
2019-10-20 10:29:12,256 [df12c920-952d-4704-9c70-1a288e2f77c7@group-75987F7FE399-LeaderElection419] INFO  impl.RaftServerImpl (RaftServerImpl.java:setRole(184)) - df12c920-952d-4704-9c70-1a288e2f77c7@group-75987F7FE399: changes role from CANDIDATE to FOLLOWER at term 474 for DISCOVERED_A_NEW_TERM
2019-10-20 10:29:12,256 [df12c920-952d-4704-9c70-1a288e2f77c7@group-75987F7FE399-LeaderElection419] INFO  impl.RoleInfo (RoleInfo.java:shutdownLeaderElection(134)) - df12c920-952d-4704-9c70-1a288e2f77c7: shutdown LeaderElection
2019-10-20 10:29:12,256 [df12c920-952d-4704-9c70-1a288e2f77c7@group-75987F7FE399-LeaderElection419] INFO  impl.RoleInfo (RoleInfo.java:updateAndGet(143)) - df12c920-952d-4704-9c70-1a288e2f77c7: start FollowerState
2019-10-20 10:29:12,404 [Thread-3095] INFO  impl.FollowerState (FollowerState.java:run(108)) - df12c920-952d-4704-9c70-1a288e2f77c7@group-75987F7FE399-FollowerState: change to CANDIDATE, lastRpcTime:148ms, electionTimeout:148ms
2019-10-20 10:29:12,405 [Thread-3095] INFO  impl.RoleInfo (RoleInfo.java:shutdownFollowerState(121)) - df12c920-952d-4704-9c70-1a288e2f77c7: shutdown FollowerState
2019-10-20 10:29:12,405 [Thread-3095] INFO  impl.RaftServerImpl (RaftServerImpl.java:setRole(184)) - df12c920-952d-4704-9c70-1a288e2f77c7@group-75987F7FE399: changes role from  FOLLOWER to CANDIDATE at term 474 for changeToCandidate
2019-10-20 10:29:12,405 [Thread-3095] INFO  impl.RoleInfo (RoleInfo.java:updateAndGet(143)) - df12c920-952d-4704-9c70-1a288e2f77c7: start LeaderElection
2019-10-20 10:29:12,418 [df12c920-952d-4704-9c70-1a288e2f77c7@group-75987F7FE399-LeaderElection420] INFO  impl.LeaderElection (LeaderElection.java:askForVotes(178)) - df12c920-952d-4704-9c70-1a288e2f77c7@group-75987F7FE399-LeaderElection420: begin an election at term 475 for -1: [875da3d9-0dec-46c7-88bf-73f7a2372b64:192.168.69.89:39990, df12c920-952d-4704-9c70-1a288e2f77c7:192.168.69.89:43948, 9ceef694-dbcf-4070-b7b1-3b3c65b6a699:192.168.69.89:36536], old=null
2019-10-20 10:29:12,420 [grpc-default-executor-3] INFO  impl.RaftServerImpl (RaftServerImpl.java:setRole(184)) - 875da3d9-0dec-46c7-88bf-73f7a2372b64@group-75987F7FE399: changes role from  FOLLOWER to FOLLOWER at term 475 for recognizeCandidate:df12c920-952d-4704-9c70-1a288e2f77c7
2019-10-20 10:29:12,420 [grpc-default-executor-4] INFO  impl.RaftServerImpl (RaftServerImpl.java:setRole(184)) - 9ceef694-dbcf-4070-b7b1-3b3c65b6a699@group-75987F7FE399: changes role from  FOLLOWER to FOLLOWER at term 475 for recognizeCandidate:df12c920-952d-4704-9c70-1a288e2f77c7
2019-10-20 10:29:12,421 [grpc-default-executor-4] INFO  impl.RoleInfo (RoleInfo.java:shutdownFollowerState(121)) - 9ceef694-dbcf-4070-b7b1-3b3c65b6a699: shutdown FollowerState
2019-10-20 10:29:12,420 [grpc-default-executor-3] INFO  impl.RoleInfo (RoleInfo.java:shutdownFollowerState(121)) - 875da3d9-0dec-46c7-88bf-73f7a2372b64: shutdown FollowerState
2019-10-20 10:29:12,421 [Thread-3094] INFO  impl.FollowerState (FollowerState.java:run(117)) - 9ceef694-dbcf-4070-b7b1-3b3c65b6a699@group-75987F7FE399-FollowerState was interrupted: java.lang.InterruptedException: sleep interrupted
2019-10-20 10:29:12,421 [grpc-default-executor-4] INFO  impl.RoleInfo (RoleInfo.java:updateAndGet(143)) - 9ceef694-dbcf-4070-b7b1-3b3c65b6a699: start FollowerState
2019-10-20 10:29:12,421 [Thread-3093] INFO  impl.FollowerState (FollowerState.java:run(117)) - 875da3d9-0dec-46c7-88bf-73f7a2372b64@group-75987F7FE399-FollowerState was interrupted: java.lang.InterruptedException: sleep interrupted
2019-10-20 10:29:12,421 [grpc-default-executor-3] INFO  impl.RoleInfo (RoleInfo.java:updateAndGet(143)) - 875da3d9-0dec-46c7-88bf-73f7a2372b64: start FollowerState
2019-10-20 10:29:12,447 [df12c920-952d-4704-9c70-1a288e2f77c7@group-75987F7FE399-LeaderElection420] INFO  impl.LeaderElection (LeaderElection.java:logAndReturn(56)) - df12c920-952d-4704-9c70-1a288e2f77c7@group-75987F7FE399-LeaderElection420: Election REJECTED; received 2 response(s) [df12c920-952d-4704-9c70-1a288e2f77c7<-875da3d9-0dec-46c7-88bf-73f7a2372b64#0:FAIL-t475, df12c920-952d-4704-9c70-1a288e2f77c7<-9ceef694-dbcf-4070-b7b1-3b3c65b6a699#0:FAIL-t475] and 0 exception(s); df12c920-952d-4704-9c70-1a288e2f77c7@group-75987F7FE399:t475, leader=null, voted=df12c920-952d-4704-9c70-1a288e2f77c7, raftlog=df12c920-952d-4704-9c70-1a288e2f77c7@group-75987F7FE399-SegmentedRaftLog:OPENED:c-1,f-1,i0, conf=-1: [875da3d9-0dec-46c7-88bf-73f7a2372b64:192.168.69.89:39990, df12c920-952d-4704-9c70-1a288e2f77c7:192.168.69.89:43948, 9ceef694-dbcf-4070-b7b1-3b3c65b6a699:192.168.69.89:36536], old=null
2019-10-20 10:29:12,448 [df12c920-952d-4704-9c70-1a288e2f77c7@group-75987F7FE399-LeaderElection420] INFO  impl.RaftServerImpl (RaftServerImpl.java:setRole(184)) - df12c920-952d-4704-9c70-1a288e2f77c7@group-75987F7FE399: changes role from CANDIDATE to FOLLOWER at term 475 for DISCOVERED_A_NEW_TERM
2019-10-20 10:29:12,448 [df12c920-952d-4704-9c70-1a288e2f77c7@group-75987F7FE399-LeaderElection420] INFO  impl.RoleInfo (RoleInfo.java:shutdownLeaderElection(134)) - df12c920-952d-4704-9c70-1a288e2f77c7: shutdown LeaderElection
2019-10-20 10:29:12,448 [df12c920-952d-4704-9c70-1a288e2f77c7@group-75987F7FE399-LeaderElection420] INFO  impl.RoleInfo (RoleInfo.java:updateAndGet(143)) - df12c920-952d-4704-9c70-1a288e2f77c7: start FollowerState
2019-10-20 10:29:12,646 [Thread-3103] INFO  impl.FollowerState (FollowerState.java:run(108)) - df12c920-952d-4704-9c70-1a288e2f77c7@group-75987F7FE399-FollowerState: change to CANDIDATE, lastRpcTime:198ms, electionTimeout:198ms
2019-10-20 10:29:12,646 [Thread-3103] INFO  impl.RoleInfo (RoleInfo.java:shutdownFollowerState(121)) - df12c920-952d-4704-9c70-1a288e2f77c7: shutdown FollowerState
2019-10-20 10:29:12,647 [Thread-3103] INFO  impl.RaftServerImpl (RaftServerImpl.java:setRole(184)) - df12c920-952d-4704-9c70-1a288e2f77c7@group-75987F7FE399: changes role from  FOLLOWER to CANDIDATE at term 475 for changeToCandidate
2019-10-20 10:29:12,647 [Thread-3103] INFO  impl.RoleInfo (RoleInfo.java:updateAndGet(143)) - df12c920-952d-4704-9c70-1a288e2f77c7: start LeaderElection
2019-10-20 10:29:12,660 [df12c920-952d-4704-9c70-1a288e2f77c7@group-75987F7FE399-LeaderElection421] INFO  impl.LeaderElection (LeaderElection.java:askForVotes(178)) - df12c920-952d-4704-9c70-1a288e2f77c7@group-75987F7FE399-LeaderElection421: begin an election at term 476 for -1: [875da3d9-0dec-46c7-88bf-73f7a2372b64:192.168.69.89:39990, df12c920-952d-4704-9c70-1a288e2f77c7:192.168.69.89:43948, 9ceef694-dbcf-4070-b7b1-3b3c65b6a699:192.168.69.89:36536], old=null
2019-10-20 10:29:12,662 [grpc-default-executor-3] INFO  impl.RaftServerImpl (RaftServerImpl.java:setRole(184)) - 875da3d9-0dec-46c7-88bf-73f7a2372b64@group-75987F7FE399: changes role from  FOLLOWER to FOLLOWER at term 476 for recognizeCandidate:df12c920-952d-4704-9c70-1a288e2f77c7
2019-10-20 10:29:12,662 [grpc-default-executor-3] INFO  impl.RoleInfo (RoleInfo.java:shutdownFollowerState(121)) - 875da3d9-0dec-46c7-88bf-73f7a2372b64: shutdown FollowerState
2019-10-20 10:29:12,662 [grpc-default-executor-4] INFO  impl.RaftServerImpl (RaftServerImpl.java:setRole(184)) - 9ceef694-dbcf-4070-b7b1-3b3c65b6a699@group-75987F7FE399: changes role from  FOLLOWER to FOLLOWER at term 476 for recognizeCandidate:df12c920-952d-4704-9c70-1a288e2f77c7
2019-10-20 10:29:12,663 [Thread-3102] INFO  impl.FollowerState (FollowerState.java:run(117)) - 875da3d9-0dec-46c7-88bf-73f7a2372b64@group-75987F7FE399-FollowerState was interrupted: java.lang.InterruptedException: sleep interrupted
2019-10-20 10:29:12,663 [grpc-default-executor-3] INFO  impl.RoleInfo (RoleInfo.java:updateAndGet(143)) - 875da3d9-0dec-46c7-88bf-73f7a2372b64: start FollowerState
2019-10-20 10:29:12,663 [grpc-default-executor-4] INFO  impl.RoleInfo (RoleInfo.java:shutdownFollowerState(121)) - 9ceef694-dbcf-4070-b7b1-3b3c65b6a699: shutdown FollowerState
2019-10-20 10:29:12,663 [grpc-default-executor-4] INFO  impl.RoleInfo (RoleInfo.java:updateAndGet(143)) - 9ceef694-dbcf-4070-b7b1-3b3c65b6a699: start FollowerState
2019-10-20 10:29:12,663 [Thread-3101] INFO  impl.FollowerState (FollowerState.java:run(117)) - 9ceef694-dbcf-4070-b7b1-3b3c65b6a699@group-75987F7FE399-FollowerState was interrupted: java.lang.InterruptedException: sleep interrupted
2019-10-20 10:29:12,677 [df12c920-952d-4704-9c70-1a288e2f77c7@group-75987F7FE399-LeaderElection421] INFO  impl.LeaderElection (LeaderElection.java:logAndReturn(56)) - df12c920-952d-4704-9c70-1a288e2f77c7@group-75987F7FE399-LeaderElection421: Election REJECTED; received 2 response(s) [df12c920-952d-4704-9c70-1a288e2f77c7<-875da3d9-0dec-46c7-88bf-73f7a2372b64#0:FAIL-t476, df12c920-952d-4704-9c70-1a288e2f77c7<-9ceef694-dbcf-4070-b7b1-3b3c65b6a699#0:FAIL-t476] and 0 exception(s); df12c920-952d-4704-9c70-1a288e2f77c7@group-75987F7FE399:t476, leader=null, voted=df12c920-952d-4704-9c70-1a288e2f77c7, raftlog=df12c920-952d-4704-9c70-1a288e2f77c7@group-75987F7FE399-SegmentedRaftLog:OPENED:c-1,f-1,i0, conf=-1: [875da3d9-0dec-46c7-88bf-73f7a2372b64:192.168.69.89:39990, df12c920-952d-4704-9c70-1a288e2f77c7:192.168.69.89:43948, 9ceef694-dbcf-4070-b7b1-3b3c65b6a699:192.168.69.89:36536], old=null
2019-10-20 10:29:12,677 [df12c920-952d-4704-9c70-1a288e2f77c7@group-75987F7FE399-LeaderElection421] INFO  impl.RaftServerImpl (RaftServerImpl.java:setRole(184)) - df12c920-952d-4704-9c70-1a288e2f77c7@group-75987F7FE399: changes role from CANDIDATE to FOLLOWER at term 476 for DISCOVERED_A_NEW_TERM
2019-10-20 10:29:12,677 [df12c920-952d-4704-9c70-1a288e2f77c7@group-75987F7FE399-LeaderElection421] INFO  impl.RoleInfo (RoleInfo.java:shutdownLeaderElection(134)) - df12c920-952d-4704-9c70-1a288e2f77c7: shutdown LeaderElection
2019-10-20 10:29:12,677 [df12c920-952d-4704-9c70-1a288e2f77c7@group-75987F7FE399-LeaderElection421] INFO  impl.RoleInfo (RoleInfo.java:updateAndGet(143)) - df12c920-952d-4704-9c70-1a288e2f77c7: start FollowerState
2019-10-20 10:29:12,781 [Thread-3109] INFO  impl.FollowerState (FollowerState.java:run(108)) - df12c920-952d-4704-9c70-1a288e2f77c7@group-75987F7FE399-FollowerState: change to CANDIDATE, lastRpcTime:103ms, electionTimeout:103ms
2019-10-20 10:29:12,781 [Thread-3109] INFO  impl.RoleInfo (RoleInfo.java:shutdownFollowerState(121)) - df12c920-952d-4704-9c70-1a288e2f77c7: shutdown FollowerState
2019-10-20 10:29:12,781 [Thread-3109] INFO  impl.RaftServerImpl (RaftServerImpl.java:setRole(184)) - df12c920-952d-4704-9c70-1a288e2f77c7@group-75987F7FE399: changes role from  FOLLOWER to CANDIDATE at term 476 for changeToCandidate
2019-10-20 10:29:12,781 [Thread-3109] INFO  impl.RoleInfo (RoleInfo.java:updateAndGet(143)) - df12c920-952d-4704-9c70-1a288e2f77c7: start LeaderElection
2019-10-20 10:29:12,804 [df12c920-952d-4704-9c70-1a288e2f77c7@group-75987F7FE399-LeaderElection422] INFO  impl.LeaderElection (LeaderElection.java:askForVotes(178)) - df12c920-952d-4704-9c70-1a288e2f77c7@group-75987F7FE399-LeaderElection422: begin an election at term 477 for -1: [875da3d9-0dec-46c7-88bf-73f7a2372b64:192.168.69.89:39990, df12c920-952d-4704-9c70-1a288e2f77c7:192.168.69.89:43948, 9ceef694-dbcf-4070-b7b1-3b3c65b6a699:192.168.69.89:36536], old=null
2019-10-20 10:29:12,806 [grpc-default-executor-3] INFO  impl.RaftServerImpl (RaftServerImpl.java:setRole(184)) - 9ceef694-dbcf-4070-b7b1-3b3c65b6a699@group-75987F7FE399: changes role from  FOLLOWER to FOLLOWER at term 477 for recognizeCandidate:df12c920-952d-4704-9c70-1a288e2f77c7
2019-10-20 10:29:12,806 [grpc-default-executor-4] INFO  impl.RaftServerImpl (RaftServerImpl.java:setRole(184)) - 875da3d9-0dec-46c7-88bf-73f7a2372b64@group-75987F7FE399: changes role from  FOLLOWER to FOLLOWER at term 477 for recognizeCandidate:df12c920-952d-4704-9c70-1a288e2f77c7
2019-10-20 10:29:12,806 [grpc-default-executor-4] INFO  impl.RoleInfo (RoleInfo.java:shutdownFollowerState(121)) - 875da3d9-0dec-46c7-88bf-73f7a2372b64: shutdown FollowerState
2019-10-20 10:29:12,806 [grpc-default-executor-3] INFO  impl.RoleInfo (RoleInfo.java:shutdownFollowerState(121)) - 9ceef694-dbcf-4070-b7b1-3b3c65b6a699: shutdown FollowerState
2019-10-20 10:29:12,806 [Thread-3107] INFO  impl.FollowerState (FollowerState.java:run(117)) - 875da3d9-0dec-46c7-88bf-73f7a2372b64@group-75987F7FE399-FollowerState was interrupted: java.lang.InterruptedException: sleep interrupted
2019-10-20 10:29:12,806 [Thread-3108] INFO  impl.FollowerState (FollowerState.java:run(117)) - 9ceef694-dbcf-4070-b7b1-3b3c65b6a699@group-75987F7FE399-FollowerState was interrupted: java.lang.InterruptedException: sleep interrupted
2019-10-20 10:29:12,806 [grpc-default-executor-4] INFO  impl.RoleInfo (RoleInfo.java:updateAndGet(143)) - 875da3d9-0dec-46c7-88bf-73f7a2372b64: start FollowerState
2019-10-20 10:29:12,806 [grpc-default-executor-3] INFO  impl.RoleInfo (RoleInfo.java:updateAndGet(143)) - 9ceef694-dbcf-4070-b7b1-3b3c65b6a699: start FollowerState
2019-10-20 10:29:12,822 [df12c920-952d-4704-9c70-1a288e2f77c7@group-75987F7FE399-LeaderElection422] INFO  impl.LeaderElection (LeaderElection.java:logAndReturn(56)) - df12c920-952d-4704-9c70-1a288e2f77c7@group-75987F7FE399-LeaderElection422: Election TIMEOUT; received 0 response(s) [] and 0 exception(s); df12c920-952d-4704-9c70-1a288e2f77c7@group-75987F7FE399:t477, leader=null, voted=df12c920-952d-4704-9c70-1a288e2f77c7, raftlog=df12c920-952d-4704-9c70-1a288e2f77c7@group-75987F7FE399-SegmentedRaftLog:OPENED:c-1,f-1,i0, conf=-1: [875da3d9-0dec-46c7-88bf-73f7a2372b64:192.168.69.89:39990, df12c920-952d-4704-9c70-1a288e2f77c7:192.168.69.89:43948, 9ceef694-dbcf-4070-b7b1-3b3c65b6a699:192.168.69.89:36536], old=null
2019-10-20 10:29:12,835 [df12c920-952d-4704-9c70-1a288e2f77c7@group-75987F7FE399-LeaderElection422] INFO  impl.LeaderElection (LeaderElection.java:askForVotes(178)) - df12c920-952d-4704-9c70-1a288e2f77c7@group-75987F7FE399-LeaderElection422: begin an election at term 478 for -1: [875da3d9-0dec-46c7-88bf-73f7a2372b64:192.168.69.89:39990, df12c920-952d-4704-9c70-1a288e2f77c7:192.168.69.89:43948, 9ceef694-dbcf-4070-b7b1-3b3c65b6a699:192.168.69.89:36536], old=null
2019-10-20 10:29:12,836 [grpc-default-executor-4] INFO  impl.RaftServerImpl (RaftServerImpl.java:setRole(184)) - 9ceef694-dbcf-4070-b7b1-3b3c65b6a699@group-75987F7FE399: changes role from  FOLLOWER to FOLLOWER at term 478 for recognizeCandidate:df12c920-952d-4704-9c70-1a288e2f77c7
2019-10-20 10:29:12,836 [grpc-default-executor-4] INFO  impl.RoleInfo (RoleInfo.java:shutdownFollowerState(121)) - 9ceef694-dbcf-4070-b7b1-3b3c65b6a699: shutdown FollowerState
2019-10-20 10:29:12,836 [grpc-default-executor-3] INFO  impl.RaftServerImpl (RaftServerImpl.java:setRole(184)) - 875da3d9-0dec-46c7-88bf-73f7a2372b64@group-75987F7FE399: changes role from  FOLLOWER to FOLLOWER at term 478 for recognizeCandidate:df12c920-952d-4704-9c70-1a288e2f77c7
2019-10-20 10:29:12,836 [grpc-default-executor-3] INFO  impl.RoleInfo (RoleInfo.java:shutdownFollowerState(121)) - 875da3d9-0dec-46c7-88bf-73f7a2372b64: shutdown FollowerState
2019-10-20 10:29:12,836 [Thread-3114] INFO  impl.FollowerState (FollowerState.java:run(117)) - 9ceef694-dbcf-4070-b7b1-3b3c65b6a699@group-75987F7FE399-FollowerState was interrupted: java.lang.InterruptedException: sleep interrupted
2019-10-20 10:29:12,837 [Thread-3113] INFO  impl.FollowerState (FollowerState.java:run(117)) - 875da3d9-0dec-46c7-88bf-73f7a2372b64@group-75987F7FE399-FollowerState was interrupted: java.lang.InterruptedException: sleep interrupted
2019-10-20 10:29:12,836 [grpc-default-executor-4] INFO  impl.RoleInfo (RoleInfo.java:updateAndGet(143)) - 9ceef694-dbcf-4070-b7b1-3b3c65b6a699: start FollowerState
2019-10-20 10:29:12,837 [grpc-default-executor-3] INFO  impl.RoleInfo (RoleInfo.java:updateAndGet(143)) - 875da3d9-0dec-46c7-88bf-73f7a2372b64: start FollowerState
2019-10-20 10:29:12,864 [df12c920-952d-4704-9c70-1a288e2f77c7@group-75987F7FE399-LeaderElection422] INFO  impl.LeaderElection (LeaderElection.java:logAndReturn(56)) - df12c920-952d-4704-9c70-1a288e2f77c7@group-75987F7FE399-LeaderElection422: Election REJECTED; received 2 response(s) [df12c920-952d-4704-9c70-1a288e2f77c7<-875da3d9-0dec-46c7-88bf-73f7a2372b64#0:FAIL-t478, df12c920-952d-4704-9c70-1a288e2f77c7<-9ceef694-dbcf-4070-b7b1-3b3c65b6a699#0:FAIL-t478] and 0 exception(s); df12c920-952d-4704-9c70-1a288e2f77c7@group-75987F7FE399:t478, leader=null, voted=df12c920-952d-4704-9c70-1a288e2f77c7, raftlog=df12c920-952d-4704-9c70-1a288e2f77c7@group-75987F7FE399-SegmentedRaftLog:OPENED:c-1,f-1,i0, conf=-1: [875da3d9-0dec-46c7-88bf-73f7a2372b64:192.168.69.89:39990, df12c920-952d-4704-9c70-1a288e2f77c7:192.168.69.89:43948, 9ceef694-dbcf-4070-b7b1-3b3c65b6a699:192.168.69.89:36536], old=null
2019-10-20 10:29:12,864 [df12c920-952d-4704-9c70-1a288e2f77c7@group-75987F7FE399-LeaderElection422] INFO  impl.RaftServerImpl (RaftServerImpl.java:setRole(184)) - df12c920-952d-4704-9c70-1a288e2f77c7@group-75987F7FE399: changes role from CANDIDATE to FOLLOWER at term 478 for DISCOVERED_A_NEW_TERM
2019-10-20 10:29:12,864 [df12c920-952d-4704-9c70-1a288e2f77c7@group-75987F7FE399-LeaderElection422] INFO  impl.RoleInfo (RoleInfo.java:shutdownLeaderElection(134)) - df12c920-952d-4704-9c70-1a288e2f77c7: shutdown LeaderElection
2019-10-20 10:29:12,864 [df12c920-952d-4704-9c70-1a288e2f77c7@group-75987F7FE399-LeaderElection422] INFO  impl.RoleInfo (RoleInfo.java:updateAndGet(143)) - df12c920-952d-4704-9c70-1a288e2f77c7: start FollowerState
2019-10-20 10:29:13,006 [Thread-3119] INFO  impl.FollowerState (FollowerState.java:run(108)) - df12c920-952d-4704-9c70-1a288e2f77c7@group-75987F7FE399-FollowerState: change to CANDIDATE, lastRpcTime:142ms, electionTimeout:142ms
2019-10-20 10:29:13,007 [Thread-3119] INFO  impl.RoleInfo (RoleInfo.java:shutdownFollowerState(121)) - df12c920-952d-4704-9c70-1a288e2f77c7: shutdown FollowerState
2019-10-20 10:29:13,007 [Thread-3119] INFO  impl.RaftServerImpl (RaftServerImpl.java:setRole(184)) - df12c920-952d-4704-9c70-1a288e2f77c7@group-75987F7FE399: changes role from  FOLLOWER to CANDIDATE at term 478 for changeToCandidate
2019-10-20 10:29:13,007 [Thread-3119] INFO  impl.RoleInfo (RoleInfo.java:updateAndGet(143)) - df12c920-952d-4704-9c70-1a288e2f77c7: start LeaderElection
2019-10-20 10:29:13,021 [df12c920-952d-4704-9c70-1a288e2f77c7@group-75987F7FE399-LeaderElection423] INFO  impl.LeaderElection (LeaderElection.java:askForVotes(178)) - df12c920-952d-4704-9c70-1a288e2f77c7@group-75987F7FE399-LeaderElection423: begin an election at term 479 for -1: [875da3d9-0dec-46c7-88bf-73f7a2372b64:192.168.69.89:39990, df12c920-952d-4704-9c70-1a288e2f77c7:192.168.69.89:43948, 9ceef694-dbcf-4070-b7b1-3b3c65b6a699:192.168.69.89:36536], old=null
2019-10-20 10:29:13,022 [grpc-default-executor-4] INFO  impl.RaftServerImpl (RaftServerImpl.java:setRole(184)) - 875da3d9-0dec-46c7-88bf-73f7a2372b64@group-75987F7FE399: changes role from  FOLLOWER to FOLLOWER at term 479 for recognizeCandidate:df12c920-952d-4704-9c70-1a288e2f77c7
2019-10-20 10:29:13,022 [grpc-default-executor-4] INFO  impl.RoleInfo (RoleInfo.java:shutdownFollowerState(121)) - 875da3d9-0dec-46c7-88bf-73f7a2372b64: shutdown FollowerState
2019-10-20 10:29:13,022 [grpc-default-executor-3] INFO  impl.RaftServerImpl (RaftServerImpl.java:setRole(184)) - 9ceef694-dbcf-4070-b7b1-3b3c65b6a699@group-75987F7FE399: changes role from  FOLLOWER to FOLLOWER at term 479 for recognizeCandidate:df12c920-952d-4704-9c70-1a288e2f77c7
2019-10-20 10:29:13,023 [Thread-3118] INFO  impl.FollowerState (FollowerState.java:run(117)) - 875da3d9-0dec-46c7-88bf-73f7a2372b64@group-75987F7FE399-FollowerState was interrupted: java.lang.InterruptedException: sleep interrupted
2019-10-20 10:29:13,023 [grpc-default-executor-4] INFO  impl.RoleInfo (RoleInfo.java:updateAndGet(143)) - 875da3d9-0dec-46c7-88bf-73f7a2372b64: start FollowerState
2019-10-20 10:29:13,023 [grpc-default-executor-3] INFO  impl.RoleInfo (RoleInfo.java:shutdownFollowerState(121)) - 9ceef694-dbcf-4070-b7b1-3b3c65b6a699: shutdown FollowerState
2019-10-20 10:29:13,023 [grpc-default-executor-3] INFO  impl.RoleInfo (RoleInfo.java:updateAndGet(143)) - 9ceef694-dbcf-4070-b7b1-3b3c65b6a699: start FollowerState
2019-10-20 10:29:13,023 [Thread-3117] INFO  impl.FollowerState (FollowerState.java:run(117)) - 9ceef694-dbcf-4070-b7b1-3b3c65b6a699@group-75987F7FE399-FollowerState was interrupted: java.lang.InterruptedException: sleep interrupted
2019-10-20 10:29:13,049 [df12c920-952d-4704-9c70-1a288e2f77c7@group-75987F7FE399-LeaderElection423] INFO  impl.LeaderElection (LeaderElection.java:logAndReturn(56)) - df12c920-952d-4704-9c70-1a288e2f77c7@group-75987F7FE399-LeaderElection423: Election REJECTED; received 2 response(s) [df12c920-952d-4704-9c70-1a288e2f77c7<-875da3d9-0dec-46c7-88bf-73f7a2372b64#0:FAIL-t479, df12c920-952d-4704-9c70-1a288e2f77c7<-9ceef694-dbcf-4070-b7b1-3b3c65b6a699#0:FAIL-t479] and 0 exception(s); df12c920-952d-4704-9c70-1a288e2f77c7@group-75987F7FE399:t479, leader=null, voted=df12c920-952d-4704-9c70-1a288e2f77c7, raftlog=df12c920-952d-4704-9c70-1a288e2f77c7@group-75987F7FE399-SegmentedRaftLog:OPENED:c-1,f-1,i0, conf=-1: [875da3d9-0dec-46c7-88bf-73f7a2372b64:192.168.69.89:39990, df12c920-952d-4704-9c70-1a288e2f77c7:192.168.69.89:43948, 9ceef694-dbcf-4070-b7b1-3b3c65b6a699:192.168.69.89:36536], old=null
2019-10-20 10:29:13,049 [df12c920-952d-4704-9c70-1a288e2f77c7@group-75987F7FE399-LeaderElection423] INFO  impl.RaftServerImpl (RaftServerImpl.java:setRole(184)) - df12c920-952d-4704-9c70-1a288e2f77c7@group-75987F7FE399: changes role from CANDIDATE to FOLLOWER at term 479 for DISCOVERED_A_NEW_TERM
2019-10-20 10:29:13,049 [df12c920-952d-4704-9c70-1a288e2f77c7@group-75987F7FE399-LeaderElection423] INFO  impl.RoleInfo (RoleInfo.java:shutdownLeaderElection(134)) - df12c920-952d-4704-9c70-1a288e2f77c7: shutdown LeaderElection
2019-10-20 10:29:13,049 [df12c920-952d-4704-9c70-1a288e2f77c7@group-75987F7FE399-LeaderElection423] INFO  impl.RoleInfo (RoleInfo.java:updateAndGet(143)) - df12c920-952d-4704-9c70-1a288e2f77c7: start FollowerState
2019-10-20 10:29:13,154 [Thread-3125] INFO  impl.FollowerState (FollowerState.java:run(108)) - df12c920-952d-4704-9c70-1a288e2f77c7@group-75987F7FE399-FollowerState: change to CANDIDATE, lastRpcTime:104ms, electionTimeout:104ms
2019-10-20 10:29:13,154 [Thread-3125] INFO  impl.RoleInfo (RoleInfo.java:shutdownFollowerState(121)) - df12c920-952d-4704-9c70-1a288e2f77c7: shutdown FollowerState
2019-10-20 10:29:13,154 [Thread-3125] INFO  impl.RaftServerImpl (RaftServerImpl.java:setRole(184)) - df12c920-952d-4704-9c70-1a288e2f77c7@group-75987F7FE399: changes role from  FOLLOWER to CANDIDATE at term 479 for changeToCandidate
2019-10-20 10:29:13,154 [Thread-3125] INFO  impl.RoleInfo (RoleInfo.java:updateAndGet(143)) - df12c920-952d-4704-9c70-1a288e2f77c7: start LeaderElection
2019-10-20 10:29:13,176 [df12c920-952d-4704-9c70-1a288e2f77c7@group-75987F7FE399-LeaderElection424] INFO  impl.LeaderElection (LeaderElection.java:askForVotes(178)) - df12c920-952d-4704-9c70-1a288e2f77c7@group-75987F7FE399-LeaderElection424: begin an election at term 480 for -1: [875da3d9-0dec-46c7-88bf-73f7a2372b64:192.168.69.89:39990, df12c920-952d-4704-9c70-1a288e2f77c7:192.168.69.89:43948, 9ceef694-dbcf-4070-b7b1-3b3c65b6a699:192.168.69.89:36536], old=null
2019-10-20 10:29:13,177 [grpc-default-executor-4] INFO  impl.RaftServerImpl (RaftServerImpl.java:setRole(184)) - 875da3d9-0dec-46c7-88bf-73f7a2372b64@group-75987F7FE399: changes role from  FOLLOWER to FOLLOWER at term 480 for recognizeCandidate:df12c920-952d-4704-9c70-1a288e2f77c7
2019-10-20 10:29:13,178 [grpc-default-executor-4] INFO  impl.RoleInfo (RoleInfo.java:shutdownFollowerState(121)) - 875da3d9-0dec-46c7-88bf-73f7a2372b64: shutdown FollowerState
2019-10-20 10:29:13,178 [grpc-default-executor-3] INFO  impl.RaftServerImpl (RaftServerImpl.java:setRole(184)) - 9ceef694-dbcf-4070-b7b1-3b3c65b6a699@group-75987F7FE399: changes role from  FOLLOWER to FOLLOWER at term 480 for recognizeCandidate:df12c920-952d-4704-9c70-1a288e2f77c7
2019-10-20 10:29:13,178 [grpc-default-executor-3] INFO  impl.RoleInfo (RoleInfo.java:shutdownFollowerState(121)) - 9ceef694-dbcf-4070-b7b1-3b3c65b6a699: shutdown FollowerState
2019-10-20 10:29:13,178 [Thread-3123] INFO  impl.FollowerState (FollowerState.java:run(117)) - 875da3d9-0dec-46c7-88bf-73f7a2372b64@group-75987F7FE399-FollowerState was interrupted: java.lang.InterruptedException: sleep interrupted
2019-10-20 10:29:13,178 [grpc-default-executor-4] INFO  impl.RoleInfo (RoleInfo.java:updateAndGet(143)) - 875da3d9-0dec-46c7-88bf-73f7a2372b64: start FollowerState
2019-10-20 10:29:13,178 [Thread-3124] INFO  impl.FollowerState (FollowerState.java:run(117)) - 9ceef694-dbcf-4070-b7b1-3b3c65b6a699@group-75987F7FE399-FollowerState was interrupted: java.lang.InterruptedException: sleep interrupted
2019-10-20 10:29:13,178 [grpc-default-executor-3] INFO  impl.RoleInfo (RoleInfo.java:updateAndGet(143)) - 9ceef694-dbcf-4070-b7b1-3b3c65b6a699: start FollowerState
2019-10-20 10:29:13,204 [df12c920-952d-4704-9c70-1a288e2f77c7@group-75987F7FE399-LeaderElection424] INFO  impl.LeaderElection (LeaderElection.java:logAndReturn(56)) - df12c920-952d-4704-9c70-1a288e2f77c7@group-75987F7FE399-LeaderElection424: Election REJECTED; received 2 response(s) [df12c920-952d-4704-9c70-1a288e2f77c7<-875da3d9-0dec-46c7-88bf-73f7a2372b64#0:FAIL-t480, df12c920-952d-4704-9c70-1a288e2f77c7<-9ceef694-dbcf-4070-b7b1-3b3c65b6a699#0:FAIL-t480] and 0 exception(s); df12c920-952d-4704-9c70-1a288e2f77c7@group-75987F7FE399:t480, leader=null, voted=df12c920-952d-4704-9c70-1a288e2f77c7, raftlog=df12c920-952d-4704-9c70-1a288e2f77c7@group-75987F7FE399-SegmentedRaftLog:OPENED:c-1,f-1,i0, conf=-1: [875da3d9-0dec-46c7-88bf-73f7a2372b64:192.168.69.89:39990, df12c920-952d-4704-9c70-1a288e2f77c7:192.168.69.89:43948, 9ceef694-dbcf-4070-b7b1-3b3c65b6a699:192.168.69.89:36536], old=null
2019-10-20 10:29:13,205 [df12c920-952d-4704-9c70-1a288e2f77c7@group-75987F7FE399-LeaderElection424] INFO  impl.RaftServerImpl (RaftServerImpl.java:setRole(184)) - df12c920-952d-4704-9c70-1a288e2f77c7@group-75987F7FE399: changes role from CANDIDATE to FOLLOWER at term 480 for DISCOVERED_A_NEW_TERM
2019-10-20 10:29:13,205 [df12c920-952d-4704-9c70-1a288e2f77c7@group-75987F7FE399-LeaderElection424] INFO  impl.RoleInfo (RoleInfo.java:shutdownLeaderElection(134)) - df12c920-952d-4704-9c70-1a288e2f77c7: shutdown LeaderElection
2019-10-20 10:29:13,205 [df12c920-952d-4704-9c70-1a288e2f77c7@group-75987F7FE399-LeaderElection424] INFO  impl.RoleInfo (RoleInfo.java:updateAndGet(143)) - df12c920-952d-4704-9c70-1a288e2f77c7: start FollowerState
2019-10-20 10:29:13,260 [Thread-3131] INFO  impl.FollowerState (FollowerState.java:run(108)) - df12c920-952d-4704-9c70-1a288e2f77c7@group-75987F7FE399-FollowerState: change to CANDIDATE, lastRpcTime:55ms, electionTimeout:55ms
2019-10-20 10:29:13,260 [Thread-3131] INFO  impl.RoleInfo (RoleInfo.java:shutdownFollowerState(121)) - df12c920-952d-4704-9c70-1a288e2f77c7: shutdown FollowerState
2019-10-20 10:29:13,260 [Thread-3131] INFO  impl.RaftServerImpl (RaftServerImpl.java:setRole(184)) - df12c920-952d-4704-9c70-1a288e2f77c7@group-75987F7FE399: changes role from  FOLLOWER to CANDIDATE at term 480 for changeToCandidate
2019-10-20 10:29:13,261 [Thread-3131] INFO  impl.RoleInfo (RoleInfo.java:updateAndGet(143)) - df12c920-952d-4704-9c70-1a288e2f77c7: start LeaderElection
2019-10-20 10:29:13,273 [df12c920-952d-4704-9c70-1a288e2f77c7@group-75987F7FE399-LeaderElection425] INFO  impl.LeaderElection (LeaderElection.java:askForVotes(178)) - df12c920-952d-4704-9c70-1a288e2f77c7@group-75987F7FE399-LeaderElection425: begin an election at term 481 for -1: [875da3d9-0dec-46c7-88bf-73f7a2372b64:192.168.69.89:39990, df12c920-952d-4704-9c70-1a288e2f77c7:192.168.69.89:43948, 9ceef694-dbcf-4070-b7b1-3b3c65b6a699:192.168.69.89:36536], old=null
2019-10-20 10:29:13,274 [df12c920-952d-4704-9c70-1a288e2f77c7@group-75987F7FE399-LeaderElection425] INFO  impl.LeaderElection (LeaderElection.java:logAndReturn(56)) - df12c920-952d-4704-9c70-1a288e2f77c7@group-75987F7FE399-LeaderElection425: Election TIMEOUT; received 0 response(s) [] and 0 exception(s); df12c920-952d-4704-9c70-1a288e2f77c7@group-75987F7FE399:t481, leader=null, voted=df12c920-952d-4704-9c70-1a288e2f77c7, raftlog=df12c920-952d-4704-9c70-1a288e2f77c7@group-75987F7FE399-SegmentedRaftLog:OPENED:c-1,f-1,i0, conf=-1: [875da3d9-0dec-46c7-88bf-73f7a2372b64:192.168.69.89:39990, df12c920-952d-4704-9c70-1a288e2f77c7:192.168.69.89:43948, 9ceef694-dbcf-4070-b7b1-3b3c65b6a699:192.168.69.89:36536], old=null
2019-10-20 10:29:13,275 [grpc-default-executor-3] INFO  impl.RaftServerImpl (RaftServerImpl.java:setRole(184)) - 875da3d9-0dec-46c7-88bf-73f7a2372b64@group-75987F7FE399: changes role from  FOLLOWER to FOLLOWER at term 481 for recognizeCandidate:df12c920-952d-4704-9c70-1a288e2f77c7
2019-10-20 10:29:13,276 [grpc-default-executor-3] INFO  impl.RoleInfo (RoleInfo.java:shutdownFollowerState(121)) - 875da3d9-0dec-46c7-88bf-73f7a2372b64: shutdown FollowerState
2019-10-20 10:29:13,276 [grpc-default-executor-4] INFO  impl.RaftServerImpl (RaftServerImpl.java:setRole(184)) - 9ceef694-dbcf-4070-b7b1-3b3c65b6a699@group-75987F7FE399: changes role from  FOLLOWER to FOLLOWER at term 481 for recognizeCandidate:df12c920-952d-4704-9c70-1a288e2f77c7
2019-10-20 10:29:13,276 [grpc-default-executor-4] INFO  impl.RoleInfo (RoleInfo.java:shutdownFollowerState(121)) - 9ceef694-dbcf-4070-b7b1-3b3c65b6a699: shutdown FollowerState
2019-10-20 10:29:13,276 [Thread-3129] INFO  impl.FollowerState (FollowerState.java:run(117)) - 875da3d9-0dec-46c7-88bf-73f7a2372b64@group-75987F7FE399-FollowerState was interrupted: java.lang.InterruptedException: sleep interrupted
2019-10-20 10:29:13,276 [Thread-3130] INFO  impl.FollowerState (FollowerState.java:run(117)) - 9ceef694-dbcf-4070-b7b1-3b3c65b6a699@group-75987F7FE399-FollowerState was interrupted: java.lang.InterruptedException: sleep interrupted
2019-10-20 10:29:13,276 [grpc-default-executor-3] INFO  impl.RoleInfo (RoleInfo.java:updateAndGet(143)) - 875da3d9-0dec-46c7-88bf-73f7a2372b64: start FollowerState
2019-10-20 10:29:13,276 [grpc-default-executor-4] INFO  impl.RoleInfo (RoleInfo.java:updateAndGet(143)) - 9ceef694-dbcf-4070-b7b1-3b3c65b6a699: start FollowerState
2019-10-20 10:29:13,299 [df12c920-952d-4704-9c70-1a288e2f77c7@group-75987F7FE399-LeaderElection425] INFO  impl.LeaderElection (LeaderElection.java:askForVotes(178)) - df12c920-952d-4704-9c70-1a288e2f77c7@group-75987F7FE399-LeaderElection425: begin an election at term 482 for -1: [875da3d9-0dec-46c7-88bf-73f7a2372b64:192.168.69.89:39990, df12c920-952d-4704-9c70-1a288e2f77c7:192.168.69.89:43948, 9ceef694-dbcf-4070-b7b1-3b3c65b6a699:192.168.69.89:36536], old=null
2019-10-20 10:29:13,301 [grpc-default-executor-4] INFO  impl.RaftServerImpl (RaftServerImpl.java:setRole(184)) - 875da3d9-0dec-46c7-88bf-73f7a2372b64@group-75987F7FE399: changes role from  FOLLOWER to FOLLOWER at term 482 for recognizeCandidate:df12c920-952d-4704-9c70-1a288e2f77c7
2019-10-20 10:29:13,301 [grpc-default-executor-4] INFO  impl.RoleInfo (RoleInfo.java:shutdownFollowerState(121)) - 875da3d9-0dec-46c7-88bf-73f7a2372b64: shutdown FollowerState
2019-10-20 10:29:13,301 [grpc-default-executor-4] INFO  impl.RoleInfo (RoleInfo.java:updateAndGet(143)) - 875da3d9-0dec-46c7-88bf-73f7a2372b64: start FollowerState
2019-10-20 10:29:13,301 [Thread-3135] INFO  impl.FollowerState (FollowerState.java:run(117)) - 875da3d9-0dec-46c7-88bf-73f7a2372b64@group-75987F7FE399-FollowerState was interrupted: java.lang.InterruptedException: sleep interrupted
2019-10-20 10:29:13,302 [grpc-default-executor-3] INFO  impl.RaftServerImpl (RaftServerImpl.java:setRole(184)) - 9ceef694-dbcf-4070-b7b1-3b3c65b6a699@group-75987F7FE399: changes role from  FOLLOWER to FOLLOWER at term 482 for recognizeCandidate:df12c920-952d-4704-9c70-1a288e2f77c7
2019-10-20 10:29:13,302 [grpc-default-executor-3] INFO  impl.RoleInfo (RoleInfo.java:shutdownFollowerState(121)) - 9ceef694-dbcf-4070-b7b1-3b3c65b6a699: shutdown FollowerState
2019-10-20 10:29:13,302 [grpc-default-executor-3] INFO  impl.RoleInfo (RoleInfo.java:updateAndGet(143)) - 9ceef694-dbcf-4070-b7b1-3b3c65b6a699: start FollowerState
2019-10-20 10:29:13,302 [Thread-3136] INFO  impl.FollowerState (FollowerState.java:run(117)) - 9ceef694-dbcf-4070-b7b1-3b3c65b6a699@group-75987F7FE399-FollowerState was interrupted: java.lang.InterruptedException: sleep interrupted
2019-10-20 10:29:13,318 [df12c920-952d-4704-9c70-1a288e2f77c7@group-75987F7FE399-LeaderElection425] INFO  impl.LeaderElection (LeaderElection.java:logAndReturn(56)) - df12c920-952d-4704-9c70-1a288e2f77c7@group-75987F7FE399-LeaderElection425: Election REJECTED; received 2 response(s) [df12c920-952d-4704-9c70-1a288e2f77c7<-875da3d9-0dec-46c7-88bf-73f7a2372b64#0:FAIL-t482, df12c920-952d-4704-9c70-1a288e2f77c7<-9ceef694-dbcf-4070-b7b1-3b3c65b6a699#0:FAIL-t482] and 0 exception(s); df12c920-952d-4704-9c70-1a288e2f77c7@group-75987F7FE399:t482, leader=null, voted=df12c920-952d-4704-9c70-1a288e2f77c7, raftlog=df12c920-952d-4704-9c70-1a288e2f77c7@group-75987F7FE399-SegmentedRaftLog:OPENED:c-1,f-1,i0, conf=-1: [875da3d9-0dec-46c7-88bf-73f7a2372b64:192.168.69.89:39990, df12c920-952d-4704-9c70-1a288e2f77c7:192.168.69.89:43948, 9ceef694-dbcf-4070-b7b1-3b3c65b6a699:192.168.69.89:36536], old=null
2019-10-20 10:29:13,318 [df12c920-952d-4704-9c70-1a288e2f77c7@group-75987F7FE399-LeaderElection425] INFO  impl.RaftServerImpl (RaftServerImpl.java:setRole(184)) - df12c920-952d-4704-9c70-1a288e2f77c7@group-75987F7FE399: changes role from CANDIDATE to FOLLOWER at term 482 for DISCOVERED_A_NEW_TERM
2019-10-20 10:29:13,319 [df12c920-952d-4704-9c70-1a288e2f77c7@group-75987F7FE399-LeaderElection425] INFO  impl.RoleInfo (RoleInfo.java:shutdownLeaderElection(134)) - df12c920-952d-4704-9c70-1a288e2f77c7: shutdown LeaderElection
2019-10-20 10:29:13,319 [df12c920-952d-4704-9c70-1a288e2f77c7@group-75987F7FE399-LeaderElection425] INFO  impl.RoleInfo (RoleInfo.java:updateAndGet(143)) - df12c920-952d-4704-9c70-1a288e2f77c7: start FollowerState
2019-10-20 10:29:13,518 [Thread-3141] INFO  impl.FollowerState (FollowerState.java:run(108)) - df12c920-952d-4704-9c70-1a288e2f77c7@group-75987F7FE399-FollowerState: change to CANDIDATE, lastRpcTime:199ms, electionTimeout:199ms
2019-10-20 10:29:13,518 [Thread-3141] INFO  impl.RoleInfo (RoleInfo.java:shutdownFollowerState(121)) - df12c920-952d-4704-9c70-1a288e2f77c7: shutdown FollowerState
2019-10-20 10:29:13,518 [Thread-3141] INFO  impl.RaftServerImpl (RaftServerImpl.java:setRole(184)) - df12c920-952d-4704-9c70-1a288e2f77c7@group-75987F7FE399: changes role from  FOLLOWER to CANDIDATE at term 482 for changeToCandidate
2019-10-20 10:29:13,519 [Thread-3141] INFO  impl.RoleInfo (RoleInfo.java:updateAndGet(143)) - df12c920-952d-4704-9c70-1a288e2f77c7: start LeaderElection
2019-10-20 10:29:13,544 [df12c920-952d-4704-9c70-1a288e2f77c7@group-75987F7FE399-LeaderElection426] INFO  impl.LeaderElection (LeaderElection.java:askForVotes(178)) - df12c920-952d-4704-9c70-1a288e2f77c7@group-75987F7FE399-LeaderElection426: begin an election at term 483 for -1: [875da3d9-0dec-46c7-88bf-73f7a2372b64:192.168.69.89:39990, df12c920-952d-4704-9c70-1a288e2f77c7:192.168.69.89:43948, 9ceef694-dbcf-4070-b7b1-3b3c65b6a699:192.168.69.89:36536], old=null
2019-10-20 10:29:13,546 [grpc-default-executor-3] INFO  impl.RaftServerImpl (RaftServerImpl.java:setRole(184)) - 875da3d9-0dec-46c7-88bf-73f7a2372b64@group-75987F7FE399: changes role from  FOLLOWER to FOLLOWER at term 483 for recognizeCandidate:df12c920-952d-4704-9c70-1a288e2f77c7
2019-10-20 10:29:13,546 [grpc-default-executor-4] INFO  impl.RaftServerImpl (RaftServerImpl.java:setRole(184)) - 9ceef694-dbcf-4070-b7b1-3b3c65b6a699@group-75987F7FE399: changes role from  FOLLOWER to FOLLOWER at term 483 for recognizeCandidate:df12c920-952d-4704-9c70-1a288e2f77c7
2019-10-20 10:29:13,547 [grpc-default-executor-3] INFO  impl.RoleInfo (RoleInfo.java:shutdownFollowerState(121)) - 875da3d9-0dec-46c7-88bf-73f7a2372b64: shutdown FollowerState
2019-10-20 10:29:13,547 [grpc-default-executor-4] INFO  impl.RoleInfo (RoleInfo.java:shutdownFollowerState(121)) - 9ceef694-dbcf-4070-b7b1-3b3c65b6a699: shutdown FollowerState
2019-10-20 10:29:13,547 [Thread-3139] INFO  impl.FollowerState (FollowerState.java:run(117)) - 875da3d9-0dec-46c7-88bf-73f7a2372b64@group-75987F7FE399-FollowerState was interrupted: java.lang.InterruptedException: sleep interrupted
2019-10-20 10:29:13,547 [grpc-default-executor-3] INFO  impl.RoleInfo (RoleInfo.java:updateAndGet(143)) - 875da3d9-0dec-46c7-88bf-73f7a2372b64: start FollowerState
2019-10-20 10:29:13,547 [Thread-3140] INFO  impl.FollowerState (FollowerState.java:run(117)) - 9ceef694-dbcf-4070-b7b1-3b3c65b6a699@group-75987F7FE399-FollowerState was interrupted: java.lang.InterruptedException: sleep interrupted
2019-10-20 10:29:13,547 [grpc-default-executor-4] INFO  impl.RoleInfo (RoleInfo.java:updateAndGet(143)) - 9ceef694-dbcf-4070-b7b1-3b3c65b6a699: start FollowerState
2019-10-20 10:29:13,571 [df12c920-952d-4704-9c70-1a288e2f77c7@group-75987F7FE399-LeaderElection426] INFO  impl.LeaderElection (LeaderElection.java:logAndReturn(56)) - df12c920-952d-4704-9c70-1a288e2f77c7@group-75987F7FE399-LeaderElection426: Election REJECTED; received 2 response(s) [df12c920-952d-4704-9c70-1a288e2f77c7<-875da3d9-0dec-46c7-88bf-73f7a2372b64#0:FAIL-t483, df12c920-952d-4704-9c70-1a288e2f77c7<-9ceef694-dbcf-4070-b7b1-3b3c65b6a699#0:FAIL-t483] and 0 exception(s); df12c920-952d-4704-9c70-1a288e2f77c7@group-75987F7FE399:t483, leader=null, voted=df12c920-952d-4704-9c70-1a288e2f77c7, raftlog=df12c920-952d-4704-9c70-1a288e2f77c7@group-75987F7FE399-SegmentedRaftLog:OPENED:c-1,f-1,i0, conf=-1: [875da3d9-0dec-46c7-88bf-73f7a2372b64:192.168.69.89:39990, df12c920-952d-4704-9c70-1a288e2f77c7:192.168.69.89:43948, 9ceef694-dbcf-4070-b7b1-3b3c65b6a699:192.168.69.89:36536], old=null
2019-10-20 10:29:13,571 [df12c920-952d-4704-9c70-1a288e2f77c7@group-75987F7FE399-LeaderElection426] INFO  impl.RaftServerImpl (RaftServerImpl.java:setRole(184)) - df12c920-952d-4704-9c70-1a288e2f77c7@group-75987F7FE399: changes role from CANDIDATE to FOLLOWER at term 483 for DISCOVERED_A_NEW_TERM
2019-10-20 10:29:13,571 [df12c920-952d-4704-9c70-1a288e2f77c7@group-75987F7FE399-LeaderElection426] INFO  impl.RoleInfo (RoleInfo.java:shutdownLeaderElection(134)) - df12c920-952d-4704-9c70-1a288e2f77c7: shutdown LeaderElection
2019-10-20 10:29:13,571 [df12c920-952d-4704-9c70-1a288e2f77c7@group-75987F7FE399-LeaderElection426] INFO  impl.RoleInfo (RoleInfo.java:updateAndGet(143)) - df12c920-952d-4704-9c70-1a288e2f77c7: start FollowerState
2019-10-20 10:29:13,748 [Thread-3149] INFO  impl.FollowerState (FollowerState.java:run(108)) - df12c920-952d-4704-9c70-1a288e2f77c7@group-75987F7FE399-FollowerState: change to CANDIDATE, lastRpcTime:176ms, electionTimeout:176ms
2019-10-20 10:29:13,748 [Thread-3149] INFO  impl.RoleInfo (RoleInfo.java:shutdownFollowerState(121)) - df12c920-952d-4704-9c70-1a288e2f77c7: shutdown FollowerState
2019-10-20 10:29:13,748 [Thread-3149] INFO  impl.RaftServerImpl (RaftServerImpl.java:setRole(184)) - df12c920-952d-4704-9c70-1a288e2f77c7@group-75987F7FE399: changes role from  FOLLOWER to CANDIDATE at term 483 for changeToCandidate
2019-10-20 10:29:13,748 [Thread-3149] INFO  impl.RoleInfo (RoleInfo.java:updateAndGet(143)) - df12c920-952d-4704-9c70-1a288e2f77c7: start LeaderElection
2019-10-20 10:29:13,761 [df12c920-952d-4704-9c70-1a288e2f77c7@group-75987F7FE399-LeaderElection427] INFO  impl.LeaderElection (LeaderElection.java:askForVotes(178)) - df12c920-952d-4704-9c70-1a288e2f77c7@group-75987F7FE399-LeaderElection427: begin an election at term 484 for -1: [875da3d9-0dec-46c7-88bf-73f7a2372b64:192.168.69.89:39990, df12c920-952d-4704-9c70-1a288e2f77c7:192.168.69.89:43948, 9ceef694-dbcf-4070-b7b1-3b3c65b6a699:192.168.69.89:36536], old=null
2019-10-20 10:29:13,763 [grpc-default-executor-4] INFO  impl.RaftServerImpl (RaftServerImpl.java:setRole(184)) - 875da3d9-0dec-46c7-88bf-73f7a2372b64@group-75987F7FE399: changes role from  FOLLOWER to FOLLOWER at term 484 for recognizeCandidate:df12c920-952d-4704-9c70-1a288e2f77c7
2019-10-20 10:29:13,763 [grpc-default-executor-4] INFO  impl.RoleInfo (RoleInfo.java:shutdownFollowerState(121)) - 875da3d9-0dec-46c7-88bf-73f7a2372b64: shutdown FollowerState
2019-10-20 10:29:13,763 [grpc-default-executor-4] INFO  impl.RoleInfo (RoleInfo.java:updateAndGet(143)) - 875da3d9-0dec-46c7-88bf-73f7a2372b64: start FollowerState
2019-10-20 10:29:13,763 [Thread-3147] INFO  impl.FollowerState (FollowerState.java:run(117)) - 875da3d9-0dec-46c7-88bf-73f7a2372b64@group-75987F7FE399-FollowerState was interrupted: java.lang.InterruptedException: sleep interrupted
2019-10-20 10:29:13,763 [grpc-default-executor-3] INFO  impl.RaftServerImpl (RaftServerImpl.java:setRole(184)) - 9ceef694-dbcf-4070-b7b1-3b3c65b6a699@group-75987F7FE399: changes role from  FOLLOWER to FOLLOWER at term 484 for recognizeCandidate:df12c920-952d-4704-9c70-1a288e2f77c7
2019-10-20 10:29:13,764 [grpc-default-executor-3] INFO  impl.RoleInfo (RoleInfo.java:shutdownFollowerState(121)) - 9ceef694-dbcf-4070-b7b1-3b3c65b6a699: shutdown FollowerState
2019-10-20 10:29:13,764 [grpc-default-executor-3] INFO  impl.RoleInfo (RoleInfo.java:updateAndGet(143)) - 9ceef694-dbcf-4070-b7b1-3b3c65b6a699: start FollowerState
2019-10-20 10:29:13,764 [Thread-3148] INFO  impl.FollowerState (FollowerState.java:run(117)) - 9ceef694-dbcf-4070-b7b1-3b3c65b6a699@group-75987F7FE399-FollowerState was interrupted: java.lang.InterruptedException: sleep interrupted
2019-10-20 10:29:13,789 [df12c920-952d-4704-9c70-1a288e2f77c7@group-75987F7FE399-LeaderElection427] INFO  impl.LeaderElection (LeaderElection.java:logAndReturn(56)) - df12c920-952d-4704-9c70-1a288e2f77c7@group-75987F7FE399-LeaderElection427: Election REJECTED; received 2 response(s) [df12c920-952d-4704-9c70-1a288e2f77c7<-875da3d9-0dec-46c7-88bf-73f7a2372b64#0:FAIL-t484, df12c920-952d-4704-9c70-1a288e2f77c7<-9ceef694-dbcf-4070-b7b1-3b3c65b6a699#0:FAIL-t484] and 0 exception(s); df12c920-952d-4704-9c70-1a288e2f77c7@group-75987F7FE399:t484, leader=null, voted=df12c920-952d-4704-9c70-1a288e2f77c7, raftlog=df12c920-952d-4704-9c70-1a288e2f77c7@group-75987F7FE399-SegmentedRaftLog:OPENED:c-1,f-1,i0, conf=-1: [875da3d9-0dec-46c7-88bf-73f7a2372b64:192.168.69.89:39990, df12c920-952d-4704-9c70-1a288e2f77c7:192.168.69.89:43948, 9ceef694-dbcf-4070-b7b1-3b3c65b6a699:192.168.69.89:36536], old=null
2019-10-20 10:29:13,789 [df12c920-952d-4704-9c70-1a288e2f77c7@group-75987F7FE399-LeaderElection427] INFO  impl.RaftServerImpl (RaftServerImpl.java:setRole(184)) - df12c920-952d-4704-9c70-1a288e2f77c7@group-75987F7FE399: changes role from CANDIDATE to FOLLOWER at term 484 for DISCOVERED_A_NEW_TERM
2019-10-20 10:29:13,790 [df12c920-952d-4704-9c70-1a288e2f77c7@group-75987F7FE399-LeaderElection427] INFO  impl.RoleInfo (RoleInfo.java:shutdownLeaderElection(134)) - df12c920-952d-4704-9c70-1a288e2f77c7: shutdown LeaderElection
2019-10-20 10:29:13,790 [df12c920-952d-4704-9c70-1a288e2f77c7@group-75987F7FE399-LeaderElection427] INFO  impl.RoleInfo (RoleInfo.java:updateAndGet(143)) - df12c920-952d-4704-9c70-1a288e2f77c7: start FollowerState
2019-10-20 10:29:13,932 [Thread-3155] INFO  impl.FollowerState (FollowerState.java:run(108)) - df12c920-952d-4704-9c70-1a288e2f77c7@group-75987F7FE399-FollowerState: change to CANDIDATE, lastRpcTime:142ms, electionTimeout:142ms
2019-10-20 10:29:13,932 [Thread-3155] INFO  impl.RoleInfo (RoleInfo.java:shutdownFollowerState(121)) - df12c920-952d-4704-9c70-1a288e2f77c7: shutdown FollowerState
2019-10-20 10:29:13,932 [Thread-3155] INFO  impl.RaftServerImpl (RaftServerImpl.java:setRole(184)) - df12c920-952d-4704-9c70-1a288e2f77c7@group-75987F7FE399: changes role from  FOLLOWER to CANDIDATE at term 484 for changeToCandidate
2019-10-20 10:29:13,932 [Thread-3155] INFO  impl.RoleInfo (RoleInfo.java:updateAndGet(143)) - df12c920-952d-4704-9c70-1a288e2f77c7: start LeaderElection
2019-10-20 10:29:13,957 [df12c920-952d-4704-9c70-1a288e2f77c7@group-75987F7FE399-LeaderElection428] INFO  impl.LeaderElection (LeaderElection.java:askForVotes(178)) - df12c920-952d-4704-9c70-1a288e2f77c7@group-75987F7FE399-LeaderElection428: begin an election at term 485 for -1: [875da3d9-0dec-46c7-88bf-73f7a2372b64:192.168.69.89:39990, df12c920-952d-4704-9c70-1a288e2f77c7:192.168.69.89:43948, 9ceef694-dbcf-4070-b7b1-3b3c65b6a699:192.168.69.89:36536], old=null
2019-10-20 10:29:13,959 [grpc-default-executor-3] INFO  impl.RaftServerImpl (RaftServerImpl.java:setRole(184)) - 875da3d9-0dec-46c7-88bf-73f7a2372b64@group-75987F7FE399: changes role from  FOLLOWER to FOLLOWER at term 485 for recognizeCandidate:df12c920-952d-4704-9c70-1a288e2f77c7
2019-10-20 10:29:13,959 [grpc-default-executor-3] INFO  impl.RoleInfo (RoleInfo.java:shutdownFollowerState(121)) - 875da3d9-0dec-46c7-88bf-73f7a2372b64: shutdown FollowerState
2019-10-20 10:29:13,959 [grpc-default-executor-4] INFO  impl.RaftServerImpl (RaftServerImpl.java:setRole(184)) - 9ceef694-dbcf-4070-b7b1-3b3c65b6a699@group-75987F7FE399: changes role from  FOLLOWER to FOLLOWER at term 485 for recognizeCandidate:df12c920-952d-4704-9c70-1a288e2f77c7
2019-10-20 10:29:13,959 [Thread-3153] INFO  impl.FollowerState (FollowerState.java:run(117)) - 875da3d9-0dec-46c7-88bf-73f7a2372b64@group-75987F7FE399-FollowerState was interrupted: java.lang.InterruptedException: sleep interrupted
2019-10-20 10:29:13,959 [grpc-default-executor-3] INFO  impl.RoleInfo (RoleInfo.java:updateAndGet(143)) - 875da3d9-0dec-46c7-88bf-73f7a2372b64: start FollowerState
2019-10-20 10:29:13,959 [grpc-default-executor-4] INFO  impl.RoleInfo (RoleInfo.java:shutdownFollowerState(121)) - 9ceef694-dbcf-4070-b7b1-3b3c65b6a699: shutdown FollowerState
2019-10-20 10:29:13,960 [grpc-default-executor-4] INFO  impl.RoleInfo (RoleInfo.java:updateAndGet(143)) - 9ceef694-dbcf-4070-b7b1-3b3c65b6a699: start FollowerState
2019-10-20 10:29:13,960 [Thread-3154] INFO  impl.FollowerState (FollowerState.java:run(117)) - 9ceef694-dbcf-4070-b7b1-3b3c65b6a699@group-75987F7FE399-FollowerState was interrupted: java.lang.InterruptedException: sleep interrupted
2019-10-20 10:29:13,974 [df12c920-952d-4704-9c70-1a288e2f77c7@group-75987F7FE399-LeaderElection428] INFO  impl.LeaderElection (LeaderElection.java:logAndReturn(56)) - df12c920-952d-4704-9c70-1a288e2f77c7@group-75987F7FE399-LeaderElection428: Election REJECTED; received 2 response(s) [df12c920-952d-4704-9c70-1a288e2f77c7<-875da3d9-0dec-46c7-88bf-73f7a2372b64#0:FAIL-t485, df12c920-952d-4704-9c70-1a288e2f77c7<-9ceef694-dbcf-4070-b7b1-3b3c65b6a699#0:FAIL-t485] and 0 exception(s); df12c920-952d-4704-9c70-1a288e2f77c7@group-75987F7FE399:t485, leader=null, voted=df12c920-952d-4704-9c70-1a288e2f77c7, raftlog=df12c920-952d-4704-9c70-1a288e2f77c7@group-75987F7FE399-SegmentedRaftLog:OPENED:c-1,f-1,i0, conf=-1: [875da3d9-0dec-46c7-88bf-73f7a2372b64:192.168.69.89:39990, df12c920-952d-4704-9c70-1a288e2f77c7:192.168.69.89:43948, 9ceef694-dbcf-4070-b7b1-3b3c65b6a699:192.168.69.89:36536], old=null
2019-10-20 10:29:13,974 [df12c920-952d-4704-9c70-1a288e2f77c7@group-75987F7FE399-LeaderElection428] INFO  impl.RaftServerImpl (RaftServerImpl.java:setRole(184)) - df12c920-952d-4704-9c70-1a288e2f77c7@group-75987F7FE399: changes role from CANDIDATE to FOLLOWER at term 485 for DISCOVERED_A_NEW_TERM
2019-10-20 10:29:13,975 [df12c920-952d-4704-9c70-1a288e2f77c7@group-75987F7FE399-LeaderElection428] INFO  impl.RoleInfo (RoleInfo.java:shutdownLeaderElection(134)) - df12c920-952d-4704-9c70-1a288e2f77c7: shutdown LeaderElection
2019-10-20 10:29:13,975 [df12c920-952d-4704-9c70-1a288e2f77c7@group-75987F7FE399-LeaderElection428] INFO  impl.RoleInfo (RoleInfo.java:updateAndGet(143)) - df12c920-952d-4704-9c70-1a288e2f77c7: start FollowerState
2019-10-20 10:29:14,048 [Thread-3161] INFO  impl.FollowerState (FollowerState.java:run(108)) - df12c920-952d-4704-9c70-1a288e2f77c7@group-75987F7FE399-FollowerState: change to CANDIDATE, lastRpcTime:73ms, electionTimeout:73ms
2019-10-20 10:29:14,048 [Thread-3161] INFO  impl.RoleInfo (RoleInfo.java:shutdownFollowerState(121)) - df12c920-952d-4704-9c70-1a288e2f77c7: shutdown FollowerState
2019-10-20 10:29:14,048 [Thread-3161] INFO  impl.RaftServerImpl (RaftServerImpl.java:setRole(184)) - df12c920-952d-4704-9c70-1a288e2f77c7@group-75987F7FE399: changes role from  FOLLOWER to CANDIDATE at term 485 for changeToCandidate
2019-10-20 10:29:14,048 [Thread-3161] INFO  impl.RoleInfo (RoleInfo.java:updateAndGet(143)) - df12c920-952d-4704-9c70-1a288e2f77c7: start LeaderElection
2019-10-20 10:29:14,062 [df12c920-952d-4704-9c70-1a288e2f77c7@group-75987F7FE399-LeaderElection429] INFO  impl.LeaderElection (LeaderElection.java:askForVotes(178)) - df12c920-952d-4704-9c70-1a288e2f77c7@group-75987F7FE399-LeaderElection429: begin an election at term 486 for -1: [875da3d9-0dec-46c7-88bf-73f7a2372b64:192.168.69.89:39990, df12c920-952d-4704-9c70-1a288e2f77c7:192.168.69.89:43948, 9ceef694-dbcf-4070-b7b1-3b3c65b6a699:192.168.69.89:36536], old=null
2019-10-20 10:29:14,063 [grpc-default-executor-3] INFO  impl.RaftServerImpl (RaftServerImpl.java:setRole(184)) - 875da3d9-0dec-46c7-88bf-73f7a2372b64@group-75987F7FE399: changes role from  FOLLOWER to FOLLOWER at term 486 for recognizeCandidate:df12c920-952d-4704-9c70-1a288e2f77c7
2019-10-20 10:29:14,063 [grpc-default-executor-3] INFO  impl.RoleInfo (RoleInfo.java:shutdownFollowerState(121)) - 875da3d9-0dec-46c7-88bf-73f7a2372b64: shutdown FollowerState
2019-10-20 10:29:14,063 [grpc-default-executor-3] INFO  impl.RoleInfo (RoleInfo.java:updateAndGet(143)) - 875da3d9-0dec-46c7-88bf-73f7a2372b64: start FollowerState
2019-10-20 10:29:14,064 [grpc-default-executor-4] INFO  impl.RaftServerImpl (RaftServerImpl.java:setRole(184)) - 9ceef694-dbcf-4070-b7b1-3b3c65b6a699@group-75987F7FE399: changes role from  FOLLOWER to FOLLOWER at term 486 for recognizeCandidate:df12c920-952d-4704-9c70-1a288e2f77c7
2019-10-20 10:29:14,064 [grpc-default-executor-4] INFO  impl.RoleInfo (RoleInfo.java:shutdownFollowerState(121)) - 9ceef694-dbcf-4070-b7b1-3b3c65b6a699: shutdown FollowerState
2019-10-20 10:29:14,063 [Thread-3159] INFO  impl.FollowerState (FollowerState.java:run(117)) - 875da3d9-0dec-46c7-88bf-73f7a2372b64@group-75987F7FE399-FollowerState was interrupted: java.lang.InterruptedException: sleep interrupted
2019-10-20 10:29:14,064 [Thread-3160] INFO  impl.FollowerState (FollowerState.java:run(117)) - 9ceef694-dbcf-4070-b7b1-3b3c65b6a699@group-75987F7FE399-FollowerState was interrupted: java.lang.InterruptedException: sleep interrupted
2019-10-20 10:29:14,064 [grpc-default-executor-4] INFO  impl.RoleInfo (RoleInfo.java:updateAndGet(143)) - 9ceef694-dbcf-4070-b7b1-3b3c65b6a699: start FollowerState
2019-10-20 10:29:14,089 [df12c920-952d-4704-9c70-1a288e2f77c7@group-75987F7FE399-LeaderElection429] INFO  impl.LeaderElection (LeaderElection.java:logAndReturn(56)) - df12c920-952d-4704-9c70-1a288e2f77c7@group-75987F7FE399-LeaderElection429: Election REJECTED; received 2 response(s) [df12c920-952d-4704-9c70-1a288e2f77c7<-875da3d9-0dec-46c7-88bf-73f7a2372b64#0:FAIL-t486, df12c920-952d-4704-9c70-1a288e2f77c7<-9ceef694-dbcf-4070-b7b1-3b3c65b6a699#0:FAIL-t486] and 0 exception(s); df12c920-952d-4704-9c70-1a288e2f77c7@group-75987F7FE399:t486, leader=null, voted=df12c920-952d-4704-9c70-1a288e2f77c7, raftlog=df12c920-952d-4704-9c70-1a288e2f77c7@group-75987F7FE399-SegmentedRaftLog:OPENED:c-1,f-1,i0, conf=-1: [875da3d9-0dec-46c7-88bf-73f7a2372b64:192.168.69.89:39990, df12c920-952d-4704-9c70-1a288e2f77c7:192.168.69.89:43948, 9ceef694-dbcf-4070-b7b1-3b3c65b6a699:192.168.69.89:36536], old=null
2019-10-20 10:29:14,089 [df12c920-952d-4704-9c70-1a288e2f77c7@group-75987F7FE399-LeaderElection429] INFO  impl.RaftServerImpl (RaftServerImpl.java:setRole(184)) - df12c920-952d-4704-9c70-1a288e2f77c7@group-75987F7FE399: changes role from CANDIDATE to FOLLOWER at term 486 for DISCOVERED_A_NEW_TERM
2019-10-20 10:29:14,089 [df12c920-952d-4704-9c70-1a288e2f77c7@group-75987F7FE399-LeaderElection429] INFO  impl.RoleInfo (RoleInfo.java:shutdownLeaderElection(134)) - df12c920-952d-4704-9c70-1a288e2f77c7: shutdown LeaderElection
2019-10-20 10:29:14,089 [df12c920-952d-4704-9c70-1a288e2f77c7@group-75987F7FE399-LeaderElection429] INFO  impl.RoleInfo (RoleInfo.java:updateAndGet(143)) - df12c920-952d-4704-9c70-1a288e2f77c7: start FollowerState
2019-10-20 10:29:14,234 [Thread-3167] INFO  impl.FollowerState (FollowerState.java:run(108)) - df12c920-952d-4704-9c70-1a288e2f77c7@group-75987F7FE399-FollowerState: change to CANDIDATE, lastRpcTime:144ms, electionTimeout:144ms
2019-10-20 10:29:14,234 [Thread-3167] INFO  impl.RoleInfo (RoleInfo.java:shutdownFollowerState(121)) - df12c920-952d-4704-9c70-1a288e2f77c7: shutdown FollowerState
2019-10-20 10:29:14,234 [Thread-3167] INFO  impl.RaftServerImpl (RaftServerImpl.java:setRole(184)) - df12c920-952d-4704-9c70-1a288e2f77c7@group-75987F7FE399: changes role from  FOLLOWER to CANDIDATE at term 486 for changeToCandidate
2019-10-20 10:29:14,234 [Thread-3167] INFO  impl.RoleInfo (RoleInfo.java:updateAndGet(143)) - df12c920-952d-4704-9c70-1a288e2f77c7: start LeaderElection
2019-10-20 10:29:14,248 [df12c920-952d-4704-9c70-1a288e2f77c7@group-75987F7FE399-LeaderElection430] INFO  impl.LeaderElection (LeaderElection.java:askForVotes(178)) - df12c920-952d-4704-9c70-1a288e2f77c7@group-75987F7FE399-LeaderElection430: begin an election at term 487 for -1: [875da3d9-0dec-46c7-88bf-73f7a2372b64:192.168.69.89:39990, df12c920-952d-4704-9c70-1a288e2f77c7:192.168.69.89:43948, 9ceef694-dbcf-4070-b7b1-3b3c65b6a699:192.168.69.89:36536], old=null
2019-10-20 10:29:14,250 [grpc-default-executor-3] INFO  impl.RaftServerImpl (RaftServerImpl.java:setRole(184)) - 9ceef694-dbcf-4070-b7b1-3b3c65b6a699@group-75987F7FE399: changes role from  FOLLOWER to FOLLOWER at term 487 for recognizeCandidate:df12c920-952d-4704-9c70-1a288e2f77c7
2019-10-20 10:29:14,250 [grpc-default-executor-3] INFO  impl.RoleInfo (RoleInfo.java:shutdownFollowerState(121)) - 9ceef694-dbcf-4070-b7b1-3b3c65b6a699: shutdown FollowerState
2019-10-20 10:29:14,250 [grpc-default-executor-4] INFO  impl.RaftServerImpl (RaftServerImpl.java:setRole(184)) - 875da3d9-0dec-46c7-88bf-73f7a2372b64@group-75987F7FE399: changes role from  FOLLOWER to FOLLOWER at term 487 for recognizeCandidate:df12c920-952d-4704-9c70-1a288e2f77c7
2019-10-20 10:29:14,251 [grpc-default-executor-4] INFO  impl.RoleInfo (RoleInfo.java:shutdownFollowerState(121)) - 875da3d9-0dec-46c7-88bf-73f7a2372b64: shutdown FollowerState
2019-10-20 10:29:14,250 [Thread-3166] INFO  impl.FollowerState (FollowerState.java:run(117)) - 9ceef694-dbcf-4070-b7b1-3b3c65b6a699@group-75987F7FE399-FollowerState was interrupted: java.lang.InterruptedException: sleep interrupted
2019-10-20 10:29:14,250 [grpc-default-executor-3] INFO  impl.RoleInfo (RoleInfo.java:updateAndGet(143)) - 9ceef694-dbcf-4070-b7b1-3b3c65b6a699: start FollowerState
2019-10-20 10:29:14,251 [Thread-3165] INFO  impl.FollowerState (FollowerState.java:run(117)) - 875da3d9-0dec-46c7-88bf-73f7a2372b64@group-75987F7FE399-FollowerState was interrupted: java.lang.InterruptedException: sleep interrupted
2019-10-20 10:29:14,251 [grpc-default-executor-4] INFO  impl.RoleInfo (RoleInfo.java:updateAndGet(143)) - 875da3d9-0dec-46c7-88bf-73f7a2372b64: start FollowerState
2019-10-20 10:29:14,267 [df12c920-952d-4704-9c70-1a288e2f77c7@group-75987F7FE399-LeaderElection430] INFO  impl.LeaderElection (LeaderElection.java:logAndReturn(56)) - df12c920-952d-4704-9c70-1a288e2f77c7@group-75987F7FE399-LeaderElection430: Election REJECTED; received 2 response(s) [df12c920-952d-4704-9c70-1a288e2f77c7<-875da3d9-0dec-46c7-88bf-73f7a2372b64#0:FAIL-t487, df12c920-952d-4704-9c70-1a288e2f77c7<-9ceef694-dbcf-4070-b7b1-3b3c65b6a699#0:FAIL-t487] and 0 exception(s); df12c920-952d-4704-9c70-1a288e2f77c7@group-75987F7FE399:t487, leader=null, voted=df12c920-952d-4704-9c70-1a288e2f77c7, raftlog=df12c920-952d-4704-9c70-1a288e2f77c7@group-75987F7FE399-SegmentedRaftLog:OPENED:c-1,f-1,i0, conf=-1: [875da3d9-0dec-46c7-88bf-73f7a2372b64:192.168.69.89:39990, df12c920-952d-4704-9c70-1a288e2f77c7:192.168.69.89:43948, 9ceef694-dbcf-4070-b7b1-3b3c65b6a699:192.168.69.89:36536], old=null
2019-10-20 10:29:14,267 [df12c920-952d-4704-9c70-1a288e2f77c7@group-75987F7FE399-LeaderElection430] INFO  impl.RaftServerImpl (RaftServerImpl.java:setRole(184)) - df12c920-952d-4704-9c70-1a288e2f77c7@group-75987F7FE399: changes role from CANDIDATE to FOLLOWER at term 487 for DISCOVERED_A_NEW_TERM
2019-10-20 10:29:14,267 [df12c920-952d-4704-9c70-1a288e2f77c7@group-75987F7FE399-LeaderElection430] INFO  impl.RoleInfo (RoleInfo.java:shutdownLeaderElection(134)) - df12c920-952d-4704-9c70-1a288e2f77c7: shutdown LeaderElection
2019-10-20 10:29:14,267 [df12c920-952d-4704-9c70-1a288e2f77c7@group-75987F7FE399-LeaderElection430] INFO  impl.RoleInfo (RoleInfo.java:updateAndGet(143)) - df12c920-952d-4704-9c70-1a288e2f77c7: start FollowerState
2019-10-20 10:29:14,426 [Thread-3173] INFO  impl.FollowerState (FollowerState.java:run(108)) - df12c920-952d-4704-9c70-1a288e2f77c7@group-75987F7FE399-FollowerState: change to CANDIDATE, lastRpcTime:159ms, electionTimeout:159ms
2019-10-20 10:29:14,427 [Thread-3173] INFO  impl.RoleInfo (RoleInfo.java:shutdownFollowerState(121)) - df12c920-952d-4704-9c70-1a288e2f77c7: shutdown FollowerState
2019-10-20 10:29:14,427 [Thread-3173] INFO  impl.RaftServerImpl (RaftServerImpl.java:setRole(184)) - df12c920-952d-4704-9c70-1a288e2f77c7@group-75987F7FE399: changes role from  FOLLOWER to CANDIDATE at term 487 for changeToCandidate
2019-10-20 10:29:14,427 [Thread-3173] INFO  impl.RoleInfo (RoleInfo.java:updateAndGet(143)) - df12c920-952d-4704-9c70-1a288e2f77c7: start LeaderElection
2019-10-20 10:29:14,441 [df12c920-952d-4704-9c70-1a288e2f77c7@group-75987F7FE399-LeaderElection431] INFO  impl.LeaderElection (LeaderElection.java:askForVotes(178)) - df12c920-952d-4704-9c70-1a288e2f77c7@group-75987F7FE399-LeaderElection431: begin an election at term 488 for -1: [875da3d9-0dec-46c7-88bf-73f7a2372b64:192.168.69.89:39990, df12c920-952d-4704-9c70-1a288e2f77c7:192.168.69.89:43948, 9ceef694-dbcf-4070-b7b1-3b3c65b6a699:192.168.69.89:36536], old=null
2019-10-20 10:29:14,443 [grpc-default-executor-3] INFO  impl.RaftServerImpl (RaftServerImpl.java:setRole(184)) - 9ceef694-dbcf-4070-b7b1-3b3c65b6a699@group-75987F7FE399: changes role from  FOLLOWER to FOLLOWER at term 488 for recognizeCandidate:df12c920-952d-4704-9c70-1a288e2f77c7
2019-10-20 10:29:14,443 [grpc-default-executor-3] INFO  impl.RoleInfo (RoleInfo.java:shutdownFollowerState(121)) - 9ceef694-dbcf-4070-b7b1-3b3c65b6a699: shutdown FollowerState
2019-10-20 10:29:14,443 [grpc-default-executor-4] INFO  impl.RaftServerImpl (RaftServerImpl.java:setRole(184)) - 875da3d9-0dec-46c7-88bf-73f7a2372b64@group-75987F7FE399: changes role from  FOLLOWER to FOLLOWER at term 488 for recognizeCandidate:df12c920-952d-4704-9c70-1a288e2f77c7
2019-10-20 10:29:14,443 [Thread-3171] INFO  impl.FollowerState (FollowerState.java:run(117)) - 9ceef694-dbcf-4070-b7b1-3b3c65b6a699@group-75987F7FE399-FollowerState was interrupted: java.lang.InterruptedException: sleep interrupted
2019-10-20 10:29:14,443 [grpc-default-executor-3] INFO  impl.RoleInfo (RoleInfo.java:updateAndGet(143)) - 9ceef694-dbcf-4070-b7b1-3b3c65b6a699: start FollowerState
2019-10-20 10:29:14,444 [grpc-default-executor-4] INFO  impl.RoleInfo (RoleInfo.java:shutdownFollowerState(121)) - 875da3d9-0dec-46c7-88bf-73f7a2372b64: shutdown FollowerState
2019-10-20 10:29:14,444 [grpc-default-executor-4] INFO  impl.RoleInfo (RoleInfo.java:updateAndGet(143)) - 875da3d9-0dec-46c7-88bf-73f7a2372b64: start FollowerState
2019-10-20 10:29:14,444 [Thread-3172] INFO  impl.FollowerState (FollowerState.java:run(117)) - 875da3d9-0dec-46c7-88bf-73f7a2372b64@group-75987F7FE399-FollowerState was interrupted: java.lang.InterruptedException: sleep interrupted
2019-10-20 10:29:14,458 [df12c920-952d-4704-9c70-1a288e2f77c7@group-75987F7FE399-LeaderElection431] INFO  impl.LeaderElection (LeaderElection.java:logAndReturn(56)) - df12c920-952d-4704-9c70-1a288e2f77c7@group-75987F7FE399-LeaderElection431: Election REJECTED; received 2 response(s) [df12c920-952d-4704-9c70-1a288e2f77c7<-875da3d9-0dec-46c7-88bf-73f7a2372b64#0:FAIL-t488, df12c920-952d-4704-9c70-1a288e2f77c7<-9ceef694-dbcf-4070-b7b1-3b3c65b6a699#0:FAIL-t488] and 0 exception(s); df12c920-952d-4704-9c70-1a288e2f77c7@group-75987F7FE399:t488, leader=null, voted=df12c920-952d-4704-9c70-1a288e2f77c7, raftlog=df12c920-952d-4704-9c70-1a288e2f77c7@group-75987F7FE399-SegmentedRaftLog:OPENED:c-1,f-1,i0, conf=-1: [875da3d9-0dec-46c7-88bf-73f7a2372b64:192.168.69.89:39990, df12c920-952d-4704-9c70-1a288e2f77c7:192.168.69.89:43948, 9ceef694-dbcf-4070-b7b1-3b3c65b6a699:192.168.69.89:36536], old=null
2019-10-20 10:29:14,458 [df12c920-952d-4704-9c70-1a288e2f77c7@group-75987F7FE399-LeaderElection431] INFO  impl.RaftServerImpl (RaftServerImpl.java:setRole(184)) - df12c920-952d-4704-9c70-1a288e2f77c7@group-75987F7FE399: changes role from CANDIDATE to FOLLOWER at term 488 for DISCOVERED_A_NEW_TERM
2019-10-20 10:29:14,458 [df12c920-952d-4704-9c70-1a288e2f77c7@group-75987F7FE399-LeaderElection431] INFO  impl.RoleInfo (RoleInfo.java:shutdownLeaderElection(134)) - df12c920-952d-4704-9c70-1a288e2f77c7: shutdown LeaderElection
2019-10-20 10:29:14,459 [df12c920-952d-4704-9c70-1a288e2f77c7@group-75987F7FE399-LeaderElection431] INFO  impl.RoleInfo (RoleInfo.java:updateAndGet(143)) - df12c920-952d-4704-9c70-1a288e2f77c7: start FollowerState
2019-10-20 10:29:14,620 [Thread-3181] INFO  impl.FollowerState (FollowerState.java:run(108)) - df12c920-952d-4704-9c70-1a288e2f77c7@group-75987F7FE399-FollowerState: change to CANDIDATE, lastRpcTime:161ms, electionTimeout:161ms
2019-10-20 10:29:14,620 [Thread-3181] INFO  impl.RoleInfo (RoleInfo.java:shutdownFollowerState(121)) - df12c920-952d-4704-9c70-1a288e2f77c7: shutdown FollowerState
2019-10-20 10:29:14,620 [Thread-3181] INFO  impl.RaftServerImpl (RaftServerImpl.java:setRole(184)) - df12c920-952d-4704-9c70-1a288e2f77c7@group-75987F7FE399: changes role from  FOLLOWER to CANDIDATE at term 488 for changeToCandidate
2019-10-20 10:29:14,620 [Thread-3181] INFO  impl.RoleInfo (RoleInfo.java:updateAndGet(143)) - df12c920-952d-4704-9c70-1a288e2f77c7: start LeaderElection
2019-10-20 10:29:14,635 [df12c920-952d-4704-9c70-1a288e2f77c7@group-75987F7FE399-LeaderElection432] INFO  impl.LeaderElection (LeaderElection.java:askForVotes(178)) - df12c920-952d-4704-9c70-1a288e2f77c7@group-75987F7FE399-LeaderElection432: begin an election at term 489 for -1: [875da3d9-0dec-46c7-88bf-73f7a2372b64:192.168.69.89:39990, df12c920-952d-4704-9c70-1a288e2f77c7:192.168.69.89:43948, 9ceef694-dbcf-4070-b7b1-3b3c65b6a699:192.168.69.89:36536], old=null
2019-10-20 10:29:14,637 [df12c920-952d-4704-9c70-1a288e2f77c7@group-75987F7FE399-LeaderElection432] INFO  impl.LeaderElection (LeaderElection.java:logAndReturn(56)) - df12c920-952d-4704-9c70-1a288e2f77c7@group-75987F7FE399-LeaderElection432: Election TIMEOUT; received 0 response(s) [] and 0 exception(s); df12c920-952d-4704-9c70-1a288e2f77c7@group-75987F7FE399:t489, leader=null, voted=df12c920-952d-4704-9c70-1a288e2f77c7, raftlog=df12c920-952d-4704-9c70-1a288e2f77c7@group-75987F7FE399-SegmentedRaftLog:OPENED:c-1,f-1,i0, conf=-1: [875da3d9-0dec-46c7-88bf-73f7a2372b64:192.168.69.89:39990, df12c920-952d-4704-9c70-1a288e2f77c7:192.168.69.89:43948, 9ceef694-dbcf-4070-b7b1-3b3c65b6a699:192.168.69.89:36536], old=null
2019-10-20 10:29:14,637 [grpc-default-executor-4] INFO  impl.RaftServerImpl (RaftServerImpl.java:setRole(184)) - 875da3d9-0dec-46c7-88bf-73f7a2372b64@group-75987F7FE399: changes role from  FOLLOWER to FOLLOWER at term 489 for recognizeCandidate:df12c920-952d-4704-9c70-1a288e2f77c7
2019-10-20 10:29:14,637 [grpc-default-executor-4] INFO  impl.RoleInfo (RoleInfo.java:shutdownFollowerState(121)) - 875da3d9-0dec-46c7-88bf-73f7a2372b64: shutdown FollowerState
2019-10-20 10:29:14,637 [grpc-default-executor-3] INFO  impl.RaftServerImpl (RaftServerImpl.java:setRole(184)) - 9ceef694-dbcf-4070-b7b1-3b3c65b6a699@group-75987F7FE399: changes role from  FOLLOWER to FOLLOWER at term 489 for recognizeCandidate:df12c920-952d-4704-9c70-1a288e2f77c7
2019-10-20 10:29:14,637 [Thread-3180] INFO  impl.FollowerState (FollowerState.java:run(117)) - 875da3d9-0dec-46c7-88bf-73f7a2372b64@group-75987F7FE399-FollowerState was interrupted: java.lang.InterruptedException: sleep interrupted
2019-10-20 10:29:14,637 [grpc-default-executor-4] INFO  impl.RoleInfo (RoleInfo.java:updateAndGet(143)) - 875da3d9-0dec-46c7-88bf-73f7a2372b64: start FollowerState
2019-10-20 10:29:14,637 [grpc-default-executor-3] INFO  impl.RoleInfo (RoleInfo.java:shutdownFollowerState(121)) - 9ceef694-dbcf-4070-b7b1-3b3c65b6a699: shutdown FollowerState
2019-10-20 10:29:14,638 [grpc-default-executor-3] INFO  impl.RoleInfo (RoleInfo.java:updateAndGet(143)) - 9ceef694-dbcf-4070-b7b1-3b3c65b6a699: start FollowerState
2019-10-20 10:29:14,638 [Thread-3179] INFO  impl.FollowerState (FollowerState.java:run(117)) - 9ceef694-dbcf-4070-b7b1-3b3c65b6a699@group-75987F7FE399-FollowerState was interrupted: java.lang.InterruptedException: sleep interrupted
2019-10-20 10:29:14,655 [df12c920-952d-4704-9c70-1a288e2f77c7@group-75987F7FE399-LeaderElection432] INFO  impl.LeaderElection (LeaderElection.java:askForVotes(178)) - df12c920-952d-4704-9c70-1a288e2f77c7@group-75987F7FE399-LeaderElection432: begin an election at term 490 for -1: [875da3d9-0dec-46c7-88bf-73f7a2372b64:192.168.69.89:39990, df12c920-952d-4704-9c70-1a288e2f77c7:192.168.69.89:43948, 9ceef694-dbcf-4070-b7b1-3b3c65b6a699:192.168.69.89:36536], old=null
2019-10-20 10:29:14,656 [grpc-default-executor-3] INFO  impl.RaftServerImpl (RaftServerImpl.java:setRole(184)) - 875da3d9-0dec-46c7-88bf-73f7a2372b64@group-75987F7FE399: changes role from  FOLLOWER to FOLLOWER at term 490 for recognizeCandidate:df12c920-952d-4704-9c70-1a288e2f77c7
2019-10-20 10:29:14,656 [grpc-default-executor-3] INFO  impl.RoleInfo (RoleInfo.java:shutdownFollowerState(121)) - 875da3d9-0dec-46c7-88bf-73f7a2372b64: shutdown FollowerState
2019-10-20 10:29:14,656 [grpc-default-executor-3] INFO  impl.RoleInfo (RoleInfo.java:updateAndGet(143)) - 875da3d9-0dec-46c7-88bf-73f7a2372b64: start FollowerState
2019-10-20 10:29:14,656 [Thread-3185] INFO  impl.FollowerState (FollowerState.java:run(117)) - 875da3d9-0dec-46c7-88bf-73f7a2372b64@group-75987F7FE399-FollowerState was interrupted: java.lang.InterruptedException: sleep interrupted
2019-10-20 10:29:14,657 [grpc-default-executor-4] INFO  impl.RaftServerImpl (RaftServerImpl.java:setRole(184)) - 9ceef694-dbcf-4070-b7b1-3b3c65b6a699@group-75987F7FE399: changes role from  FOLLOWER to FOLLOWER at term 490 for recognizeCandidate:df12c920-952d-4704-9c70-1a288e2f77c7
2019-10-20 10:29:14,657 [grpc-default-executor-4] INFO  impl.RoleInfo (RoleInfo.java:shutdownFollowerState(121)) - 9ceef694-dbcf-4070-b7b1-3b3c65b6a699: shutdown FollowerState
2019-10-20 10:29:14,657 [grpc-default-executor-4] INFO  impl.RoleInfo (RoleInfo.java:updateAndGet(143)) - 9ceef694-dbcf-4070-b7b1-3b3c65b6a699: start FollowerState
2019-10-20 10:29:14,657 [Thread-3186] INFO  impl.FollowerState (FollowerState.java:run(117)) - 9ceef694-dbcf-4070-b7b1-3b3c65b6a699@group-75987F7FE399-FollowerState was interrupted: java.lang.InterruptedException: sleep interrupted
2019-10-20 10:29:14,668 [df12c920-952d-4704-9c70-1a288e2f77c7@group-75987F7FE399-LeaderElection432] INFO  impl.LeaderElection (LeaderElection.java:logAndReturn(56)) - df12c920-952d-4704-9c70-1a288e2f77c7@group-75987F7FE399-LeaderElection432: Election REJECTED; received 2 response(s) [df12c920-952d-4704-9c70-1a288e2f77c7<-875da3d9-0dec-46c7-88bf-73f7a2372b64#0:FAIL-t490, df12c920-952d-4704-9c70-1a288e2f77c7<-9ceef694-dbcf-4070-b7b1-3b3c65b6a699#0:FAIL-t490] and 0 exception(s); df12c920-952d-4704-9c70-1a288e2f77c7@group-75987F7FE399:t490, leader=null, voted=df12c920-952d-4704-9c70-1a288e2f77c7, raftlog=df12c920-952d-4704-9c70-1a288e2f77c7@group-75987F7FE399-SegmentedRaftLog:OPENED:c-1,f-1,i0, conf=-1: [875da3d9-0dec-46c7-88bf-73f7a2372b64:192.168.69.89:39990, df12c920-952d-4704-9c70-1a288e2f77c7:192.168.69.89:43948, 9ceef694-dbcf-4070-b7b1-3b3c65b6a699:192.168.69.89:36536], old=null
2019-10-20 10:29:14,668 [df12c920-952d-4704-9c70-1a288e2f77c7@group-75987F7FE399-LeaderElection432] INFO  impl.RaftServerImpl (RaftServerImpl.java:setRole(184)) - df12c920-952d-4704-9c70-1a288e2f77c7@group-75987F7FE399: changes role from CANDIDATE to FOLLOWER at term 490 for DISCOVERED_A_NEW_TERM
2019-10-20 10:29:14,668 [df12c920-952d-4704-9c70-1a288e2f77c7@group-75987F7FE399-LeaderElection432] INFO  impl.RoleInfo (RoleInfo.java:shutdownLeaderElection(134)) - df12c920-952d-4704-9c70-1a288e2f77c7: shutdown LeaderElection
2019-10-20 10:29:14,668 [df12c920-952d-4704-9c70-1a288e2f77c7@group-75987F7FE399-LeaderElection432] INFO  impl.RoleInfo (RoleInfo.java:updateAndGet(143)) - df12c920-952d-4704-9c70-1a288e2f77c7: start FollowerState
2019-10-20 10:29:14,691 [Thread-3191] INFO  impl.FollowerState (FollowerState.java:run(108)) - df12c920-952d-4704-9c70-1a288e2f77c7@group-75987F7FE399-FollowerState: change to CANDIDATE, lastRpcTime:23ms, electionTimeout:23ms
2019-10-20 10:29:14,691 [Thread-3191] INFO  impl.RoleInfo (RoleInfo.java:shutdownFollowerState(121)) - df12c920-952d-4704-9c70-1a288e2f77c7: shutdown FollowerState
2019-10-20 10:29:14,691 [Thread-3191] INFO  impl.RaftServerImpl (RaftServerImpl.java:setRole(184)) - df12c920-952d-4704-9c70-1a288e2f77c7@group-75987F7FE399: changes role from  FOLLOWER to CANDIDATE at term 490 for changeToCandidate
2019-10-20 10:29:14,692 [Thread-3191] INFO  impl.RoleInfo (RoleInfo.java:updateAndGet(143)) - df12c920-952d-4704-9c70-1a288e2f77c7: start LeaderElection
2019-10-20 10:29:14,705 [df12c920-952d-4704-9c70-1a288e2f77c7@group-75987F7FE399-LeaderElection433] INFO  impl.LeaderElection (LeaderElection.java:askForVotes(178)) - df12c920-952d-4704-9c70-1a288e2f77c7@group-75987F7FE399-LeaderElection433: begin an election at term 491 for -1: [875da3d9-0dec-46c7-88bf-73f7a2372b64:192.168.69.89:39990, df12c920-952d-4704-9c70-1a288e2f77c7:192.168.69.89:43948, 9ceef694-dbcf-4070-b7b1-3b3c65b6a699:192.168.69.89:36536], old=null
2019-10-20 10:29:14,707 [grpc-default-executor-3] INFO  impl.RaftServerImpl (RaftServerImpl.java:setRole(184)) - 875da3d9-0dec-46c7-88bf-73f7a2372b64@group-75987F7FE399: changes role from  FOLLOWER to FOLLOWER at term 491 for recognizeCandidate:df12c920-952d-4704-9c70-1a288e2f77c7
2019-10-20 10:29:14,707 [grpc-default-executor-4] INFO  impl.RaftServerImpl (RaftServerImpl.java:setRole(184)) - 9ceef694-dbcf-4070-b7b1-3b3c65b6a699@group-75987F7FE399: changes role from  FOLLOWER to FOLLOWER at term 491 for recognizeCandidate:df12c920-952d-4704-9c70-1a288e2f77c7
2019-10-20 10:29:14,707 [grpc-default-executor-4] INFO  impl.RoleInfo (RoleInfo.java:shutdownFollowerState(121)) - 9ceef694-dbcf-4070-b7b1-3b3c65b6a699: shutdown FollowerState
2019-10-20 10:29:14,707 [grpc-default-executor-3] INFO  impl.RoleInfo (RoleInfo.java:shutdownFollowerState(121)) - 875da3d9-0dec-46c7-88bf-73f7a2372b64: shutdown FollowerState
2019-10-20 10:29:14,708 [Thread-3190] INFO  impl.FollowerState (FollowerState.java:run(117)) - 9ceef694-dbcf-4070-b7b1-3b3c65b6a699@group-75987F7FE399-FollowerState was interrupted: java.lang.InterruptedException: sleep interrupted
2019-10-20 10:29:14,708 [grpc-default-executor-4] INFO  impl.RoleInfo (RoleInfo.java:updateAndGet(143)) - 9ceef694-dbcf-4070-b7b1-3b3c65b6a699: start FollowerState
2019-10-20 10:29:14,708 [Thread-3189] INFO  impl.FollowerState (FollowerState.java:run(117)) - 875da3d9-0dec-46c7-88bf-73f7a2372b64@group-75987F7FE399-FollowerState was interrupted: java.lang.InterruptedException: sleep interrupted
2019-10-20 10:29:14,708 [grpc-default-executor-3] INFO  impl.RoleInfo (RoleInfo.java:updateAndGet(143)) - 875da3d9-0dec-46c7-88bf-73f7a2372b64: start FollowerState
2019-10-20 10:29:14,722 [df12c920-952d-4704-9c70-1a288e2f77c7@group-75987F7FE399-LeaderElection433] INFO  impl.LeaderElection (LeaderElection.java:logAndReturn(56)) - df12c920-952d-4704-9c70-1a288e2f77c7@group-75987F7FE399-LeaderElection433: Election REJECTED; received 2 response(s) [df12c920-952d-4704-9c70-1a288e2f77c7<-875da3d9-0dec-46c7-88bf-73f7a2372b64#0:FAIL-t491, df12c920-952d-4704-9c70-1a288e2f77c7<-9ceef694-dbcf-4070-b7b1-3b3c65b6a699#0:FAIL-t491] and 0 exception(s); df12c920-952d-4704-9c70-1a288e2f77c7@group-75987F7FE399:t491, leader=null, voted=df12c920-952d-4704-9c70-1a288e2f77c7, raftlog=df12c920-952d-4704-9c70-1a288e2f77c7@group-75987F7FE399-SegmentedRaftLog:OPENED:c-1,f-1,i0, conf=-1: [875da3d9-0dec-46c7-88bf-73f7a2372b64:192.168.69.89:39990, df12c920-952d-4704-9c70-1a288e2f77c7:192.168.69.89:43948, 9ceef694-dbcf-4070-b7b1-3b3c65b6a699:192.168.69.89:36536], old=null
2019-10-20 10:29:14,722 [df12c920-952d-4704-9c70-1a288e2f77c7@group-75987F7FE399-LeaderElection433] INFO  impl.RaftServerImpl (RaftServerImpl.java:setRole(184)) - df12c920-952d-4704-9c70-1a288e2f77c7@group-75987F7FE399: changes role from CANDIDATE to FOLLOWER at term 491 for DISCOVERED_A_NEW_TERM
2019-10-20 10:29:14,722 [df12c920-952d-4704-9c70-1a288e2f77c7@group-75987F7FE399-LeaderElection433] INFO  impl.RoleInfo (RoleInfo.java:shutdownLeaderElection(134)) - df12c920-952d-4704-9c70-1a288e2f77c7: shutdown LeaderElection
2019-10-20 10:29:14,722 [df12c920-952d-4704-9c70-1a288e2f77c7@group-75987F7FE399-LeaderElection433] INFO  impl.RoleInfo (RoleInfo.java:updateAndGet(143)) - df12c920-952d-4704-9c70-1a288e2f77c7: start FollowerState
2019-10-20 10:29:14,723 [Thread-3197] INFO  impl.FollowerState (FollowerState.java:run(108)) - df12c920-952d-4704-9c70-1a288e2f77c7@group-75987F7FE399-FollowerState: change to CANDIDATE, lastRpcTime:0ms, electionTimeout:0ms
2019-10-20 10:29:14,723 [Thread-3197] INFO  impl.RoleInfo (RoleInfo.java:shutdownFollowerState(121)) - df12c920-952d-4704-9c70-1a288e2f77c7: shutdown FollowerState
2019-10-20 10:29:14,723 [Thread-3197] INFO  impl.RaftServerImpl (RaftServerImpl.java:setRole(184)) - df12c920-952d-4704-9c70-1a288e2f77c7@group-75987F7FE399: changes role from  FOLLOWER to CANDIDATE at term 491 for changeToCandidate
2019-10-20 10:29:14,723 [Thread-3197] INFO  impl.RoleInfo (RoleInfo.java:updateAndGet(143)) - df12c920-952d-4704-9c70-1a288e2f77c7: start LeaderElection
2019-10-20 10:29:14,737 [df12c920-952d-4704-9c70-1a288e2f77c7@group-75987F7FE399-LeaderElection434] INFO  impl.LeaderElection (LeaderElection.java:askForVotes(178)) - df12c920-952d-4704-9c70-1a288e2f77c7@group-75987F7FE399-LeaderElection434: begin an election at term 492 for -1: [875da3d9-0dec-46c7-88bf-73f7a2372b64:192.168.69.89:39990, df12c920-952d-4704-9c70-1a288e2f77c7:192.168.69.89:43948, 9ceef694-dbcf-4070-b7b1-3b3c65b6a699:192.168.69.89:36536], old=null
2019-10-20 10:29:14,739 [grpc-default-executor-4] INFO  impl.RaftServerImpl (RaftServerImpl.java:setRole(184)) - 875da3d9-0dec-46c7-88bf-73f7a2372b64@group-75987F7FE399: changes role from  FOLLOWER to FOLLOWER at term 492 for recognizeCandidate:df12c920-952d-4704-9c70-1a288e2f77c7
2019-10-20 10:29:14,739 [grpc-default-executor-4] INFO  impl.RoleInfo (RoleInfo.java:shutdownFollowerState(121)) - 875da3d9-0dec-46c7-88bf-73f7a2372b64: shutdown FollowerState
2019-10-20 10:29:14,739 [grpc-default-executor-4] INFO  impl.RoleInfo (RoleInfo.java:updateAndGet(143)) - 875da3d9-0dec-46c7-88bf-73f7a2372b64: start FollowerState
2019-10-20 10:29:14,739 [Thread-3196] INFO  impl.FollowerState (FollowerState.java:run(117)) - 875da3d9-0dec-46c7-88bf-73f7a2372b64@group-75987F7FE399-FollowerState was interrupted: java.lang.InterruptedException: sleep interrupted
2019-10-20 10:29:14,739 [grpc-default-executor-3] INFO  impl.RaftServerImpl (RaftServerImpl.java:setRole(184)) - 9ceef694-dbcf-4070-b7b1-3b3c65b6a699@group-75987F7FE399: changes role from  FOLLOWER to FOLLOWER at term 492 for recognizeCandidate:df12c920-952d-4704-9c70-1a288e2f77c7
2019-10-20 10:29:14,739 [grpc-default-executor-3] INFO  impl.RoleInfo (RoleInfo.java:shutdownFollowerState(121)) - 9ceef694-dbcf-4070-b7b1-3b3c65b6a699: shutdown FollowerState
2019-10-20 10:29:14,739 [grpc-default-executor-3] INFO  impl.RoleInfo (RoleInfo.java:updateAndGet(143)) - 9ceef694-dbcf-4070-b7b1-3b3c65b6a699: start FollowerState
2019-10-20 10:29:14,739 [Thread-3195] INFO  impl.FollowerState (FollowerState.java:run(117)) - 9ceef694-dbcf-4070-b7b1-3b3c65b6a699@group-75987F7FE399-FollowerState was interrupted: java.lang.InterruptedException: sleep interrupted
2019-10-20 10:29:14,765 [df12c920-952d-4704-9c70-1a288e2f77c7@group-75987F7FE399-LeaderElection434] INFO  impl.LeaderElection (LeaderElection.java:logAndReturn(56)) - df12c920-952d-4704-9c70-1a288e2f77c7@group-75987F7FE399-LeaderElection434: Election REJECTED; received 2 response(s) [df12c920-952d-4704-9c70-1a288e2f77c7<-875da3d9-0dec-46c7-88bf-73f7a2372b64#0:FAIL-t492, df12c920-952d-4704-9c70-1a288e2f77c7<-9ceef694-dbcf-4070-b7b1-3b3c65b6a699#0:FAIL-t492] and 0 exception(s); df12c920-952d-4704-9c70-1a288e2f77c7@group-75987F7FE399:t492, leader=null, voted=df12c920-952d-4704-9c70-1a288e2f77c7, raftlog=df12c920-952d-4704-9c70-1a288e2f77c7@group-75987F7FE399-SegmentedRaftLog:OPENED:c-1,f-1,i0, conf=-1: [875da3d9-0dec-46c7-88bf-73f7a2372b64:192.168.69.89:39990, df12c920-952d-4704-9c70-1a288e2f77c7:192.168.69.89:43948, 9ceef694-dbcf-4070-b7b1-3b3c65b6a699:192.168.69.89:36536], old=null
2019-10-20 10:29:14,765 [df12c920-952d-4704-9c70-1a288e2f77c7@group-75987F7FE399-LeaderElection434] INFO  impl.RaftServerImpl (RaftServerImpl.java:setRole(184)) - df12c920-952d-4704-9c70-1a288e2f77c7@group-75987F7FE399: changes role from CANDIDATE to FOLLOWER at term 492 for DISCOVERED_A_NEW_TERM
2019-10-20 10:29:14,765 [df12c920-952d-4704-9c70-1a288e2f77c7@group-75987F7FE399-LeaderElection434] INFO  impl.RoleInfo (RoleInfo.java:shutdownLeaderElection(134)) - df12c920-952d-4704-9c70-1a288e2f77c7: shutdown LeaderElection
2019-10-20 10:29:14,765 [df12c920-952d-4704-9c70-1a288e2f77c7@group-75987F7FE399-LeaderElection434] INFO  impl.RoleInfo (RoleInfo.java:updateAndGet(143)) - df12c920-952d-4704-9c70-1a288e2f77c7: start FollowerState
2019-10-20 10:29:14,812 [Thread-3203] INFO  impl.FollowerState (FollowerState.java:run(108)) - df12c920-952d-4704-9c70-1a288e2f77c7@group-75987F7FE399-FollowerState: change to CANDIDATE, lastRpcTime:47ms, electionTimeout:47ms
2019-10-20 10:29:14,813 [Thread-3203] INFO  impl.RoleInfo (RoleInfo.java:shutdownFollowerState(121)) - df12c920-952d-4704-9c70-1a288e2f77c7: shutdown FollowerState
2019-10-20 10:29:14,813 [Thread-3203] INFO  impl.RaftServerImpl (RaftServerImpl.java:setRole(184)) - df12c920-952d-4704-9c70-1a288e2f77c7@group-75987F7FE399: changes role from  FOLLOWER to CANDIDATE at term 492 for changeToCandidate
2019-10-20 10:29:14,813 [Thread-3203] INFO  impl.RoleInfo (RoleInfo.java:updateAndGet(143)) - df12c920-952d-4704-9c70-1a288e2f77c7: start LeaderElection
2019-10-20 10:29:14,826 [df12c920-952d-4704-9c70-1a288e2f77c7@group-75987F7FE399-LeaderElection435] INFO  impl.LeaderElection (LeaderElection.java:askForVotes(178)) - df12c920-952d-4704-9c70-1a288e2f77c7@group-75987F7FE399-LeaderElection435: begin an election at term 493 for -1: [875da3d9-0dec-46c7-88bf-73f7a2372b64:192.168.69.89:39990, df12c920-952d-4704-9c70-1a288e2f77c7:192.168.69.89:43948, 9ceef694-dbcf-4070-b7b1-3b3c65b6a699:192.168.69.89:36536], old=null
2019-10-20 10:29:14,828 [grpc-default-executor-3] INFO  impl.RaftServerImpl (RaftServerImpl.java:setRole(184)) - 875da3d9-0dec-46c7-88bf-73f7a2372b64@group-75987F7FE399: changes role from  FOLLOWER to FOLLOWER at term 493 for recognizeCandidate:df12c920-952d-4704-9c70-1a288e2f77c7
2019-10-20 10:29:14,828 [grpc-default-executor-4] INFO  impl.RaftServerImpl (RaftServerImpl.java:setRole(184)) - 9ceef694-dbcf-4070-b7b1-3b3c65b6a699@group-75987F7FE399: changes role from  FOLLOWER to FOLLOWER at term 493 for recognizeCandidate:df12c920-952d-4704-9c70-1a288e2f77c7
2019-10-20 10:29:14,828 [grpc-default-executor-3] INFO  impl.RoleInfo (RoleInfo.java:shutdownFollowerState(121)) - 875da3d9-0dec-46c7-88bf-73f7a2372b64: shutdown FollowerState
2019-10-20 10:29:14,828 [grpc-default-executor-4] INFO  impl.RoleInfo (RoleInfo.java:shutdownFollowerState(121)) - 9ceef694-dbcf-4070-b7b1-3b3c65b6a699: shutdown FollowerState
2019-10-20 10:29:14,828 [Thread-3201] INFO  impl.FollowerState (FollowerState.java:run(117)) - 875da3d9-0dec-46c7-88bf-73f7a2372b64@group-75987F7FE399-FollowerState was interrupted: java.lang.InterruptedException: sleep interrupted
2019-10-20 10:29:14,828 [grpc-default-executor-3] INFO  impl.RoleInfo (RoleInfo.java:updateAndGet(143)) - 875da3d9-0dec-46c7-88bf-73f7a2372b64: start FollowerState
2019-10-20 10:29:14,829 [Thread-3202] INFO  impl.FollowerState (FollowerState.java:run(117)) - 9ceef694-dbcf-4070-b7b1-3b3c65b6a699@group-75987F7FE399-FollowerState was interrupted: java.lang.InterruptedException: sleep interrupted
2019-10-20 10:29:14,828 [grpc-default-executor-4] INFO  impl.RoleInfo (RoleInfo.java:updateAndGet(143)) - 9ceef694-dbcf-4070-b7b1-3b3c65b6a699: start FollowerState
2019-10-20 10:29:14,854 [df12c920-952d-4704-9c70-1a288e2f77c7@group-75987F7FE399-LeaderElection435] INFO  impl.LeaderElection (LeaderElection.java:logAndReturn(56)) - df12c920-952d-4704-9c70-1a288e2f77c7@group-75987F7FE399-LeaderElection435: Election REJECTED; received 2 response(s) [df12c920-952d-4704-9c70-1a288e2f77c7<-875da3d9-0dec-46c7-88bf-73f7a2372b64#0:FAIL-t493, df12c920-952d-4704-9c70-1a288e2f77c7<-9ceef694-dbcf-4070-b7b1-3b3c65b6a699#0:FAIL-t493] and 0 exception(s); df12c920-952d-4704-9c70-1a288e2f77c7@group-75987F7FE399:t493, leader=null, voted=df12c920-952d-4704-9c70-1a288e2f77c7, raftlog=df12c920-952d-4704-9c70-1a288e2f77c7@group-75987F7FE399-SegmentedRaftLog:OPENED:c-1,f-1,i0, conf=-1: [875da3d9-0dec-46c7-88bf-73f7a2372b64:192.168.69.89:39990, df12c920-952d-4704-9c70-1a288e2f77c7:192.168.69.89:43948, 9ceef694-dbcf-4070-b7b1-3b3c65b6a699:192.168.69.89:36536], old=null
2019-10-20 10:29:14,855 [df12c920-952d-4704-9c70-1a288e2f77c7@group-75987F7FE399-LeaderElection435] INFO  impl.RaftServerImpl (RaftServerImpl.java:setRole(184)) - df12c920-952d-4704-9c70-1a288e2f77c7@group-75987F7FE399: changes role from CANDIDATE to FOLLOWER at term 493 for DISCOVERED_A_NEW_TERM
2019-10-20 10:29:14,855 [df12c920-952d-4704-9c70-1a288e2f77c7@group-75987F7FE399-LeaderElection435] INFO  impl.RoleInfo (RoleInfo.java:shutdownLeaderElection(134)) - df12c920-952d-4704-9c70-1a288e2f77c7: shutdown LeaderElection
2019-10-20 10:29:14,855 [df12c920-952d-4704-9c70-1a288e2f77c7@group-75987F7FE399-LeaderElection435] INFO  impl.RoleInfo (RoleInfo.java:updateAndGet(143)) - df12c920-952d-4704-9c70-1a288e2f77c7: start FollowerState
2019-10-20 10:29:14,887 [Thread-3209] INFO  impl.FollowerState (FollowerState.java:run(108)) - df12c920-952d-4704-9c70-1a288e2f77c7@group-75987F7FE399-FollowerState: change to CANDIDATE, lastRpcTime:32ms, electionTimeout:32ms
2019-10-20 10:29:14,888 [Thread-3209] INFO  impl.RoleInfo (RoleInfo.java:shutdownFollowerState(121)) - df12c920-952d-4704-9c70-1a288e2f77c7: shutdown FollowerState
2019-10-20 10:29:14,888 [Thread-3209] INFO  impl.RaftServerImpl (RaftServerImpl.java:setRole(184)) - df12c920-952d-4704-9c70-1a288e2f77c7@group-75987F7FE399: changes role from  FOLLOWER to CANDIDATE at term 493 for changeToCandidate
2019-10-20 10:29:14,888 [Thread-3209] INFO  impl.RoleInfo (RoleInfo.java:updateAndGet(143)) - df12c920-952d-4704-9c70-1a288e2f77c7: start LeaderElection
2019-10-20 10:29:14,901 [df12c920-952d-4704-9c70-1a288e2f77c7@group-75987F7FE399-LeaderElection436] INFO  impl.LeaderElection (LeaderElection.java:askForVotes(178)) - df12c920-952d-4704-9c70-1a288e2f77c7@group-75987F7FE399-LeaderElection436: begin an election at term 494 for -1: [875da3d9-0dec-46c7-88bf-73f7a2372b64:192.168.69.89:39990, df12c920-952d-4704-9c70-1a288e2f77c7:192.168.69.89:43948, 9ceef694-dbcf-4070-b7b1-3b3c65b6a699:192.168.69.89:36536], old=null
2019-10-20 10:29:14,902 [grpc-default-executor-4] INFO  impl.RaftServerImpl (RaftServerImpl.java:setRole(184)) - 875da3d9-0dec-46c7-88bf-73f7a2372b64@group-75987F7FE399: changes role from  FOLLOWER to FOLLOWER at term 494 for recognizeCandidate:df12c920-952d-4704-9c70-1a288e2f77c7
2019-10-20 10:29:14,903 [grpc-default-executor-4] INFO  impl.RoleInfo (RoleInfo.java:shutdownFollowerState(121)) - 875da3d9-0dec-46c7-88bf-73f7a2372b64: shutdown FollowerState
2019-10-20 10:29:14,902 [grpc-default-executor-3] INFO  impl.RaftServerImpl (RaftServerImpl.java:setRole(184)) - 9ceef694-dbcf-4070-b7b1-3b3c65b6a699@group-75987F7FE399: changes role from  FOLLOWER to FOLLOWER at term 494 for recognizeCandidate:df12c920-952d-4704-9c70-1a288e2f77c7
2019-10-20 10:29:14,903 [grpc-default-executor-3] INFO  impl.RoleInfo (RoleInfo.java:shutdownFollowerState(121)) - 9ceef694-dbcf-4070-b7b1-3b3c65b6a699: shutdown FollowerState
2019-10-20 10:29:14,903 [grpc-default-executor-4] INFO  impl.RoleInfo (RoleInfo.java:updateAndGet(143)) - 875da3d9-0dec-46c7-88bf-73f7a2372b64: start FollowerState
2019-10-20 10:29:14,903 [Thread-3207] INFO  impl.FollowerState (FollowerState.java:run(117)) - 875da3d9-0dec-46c7-88bf-73f7a2372b64@group-75987F7FE399-FollowerState was interrupted: java.lang.InterruptedException: sleep interrupted
2019-10-20 10:29:14,903 [grpc-default-executor-3] INFO  impl.RoleInfo (RoleInfo.java:updateAndGet(143)) - 9ceef694-dbcf-4070-b7b1-3b3c65b6a699: start FollowerState
2019-10-20 10:29:14,903 [Thread-3208] INFO  impl.FollowerState (FollowerState.java:run(117)) - 9ceef694-dbcf-4070-b7b1-3b3c65b6a699@group-75987F7FE399-FollowerState was interrupted: java.lang.InterruptedException: sleep interrupted
2019-10-20 10:29:14,934 [df12c920-952d-4704-9c70-1a288e2f77c7@group-75987F7FE399-LeaderElection436] INFO  impl.LeaderElection (LeaderElection.java:logAndReturn(56)) - df12c920-952d-4704-9c70-1a288e2f77c7@group-75987F7FE399-LeaderElection436: Election REJECTED; received 2 response(s) [df12c920-952d-4704-9c70-1a288e2f77c7<-875da3d9-0dec-46c7-88bf-73f7a2372b64#0:FAIL-t494, df12c920-952d-4704-9c70-1a288e2f77c7<-9ceef694-dbcf-4070-b7b1-3b3c65b6a699#0:FAIL-t494] and 0 exception(s); df12c920-952d-4704-9c70-1a288e2f77c7@group-75987F7FE399:t494, leader=null, voted=df12c920-952d-4704-9c70-1a288e2f77c7, raftlog=df12c920-952d-4704-9c70-1a288e2f77c7@group-75987F7FE399-SegmentedRaftLog:OPENED:c-1,f-1,i0, conf=-1: [875da3d9-0dec-46c7-88bf-73f7a2372b64:192.168.69.89:39990, df12c920-952d-4704-9c70-1a288e2f77c7:192.168.69.89:43948, 9ceef694-dbcf-4070-b7b1-3b3c65b6a699:192.168.69.89:36536], old=null
2019-10-20 10:29:14,934 [df12c920-952d-4704-9c70-1a288e2f77c7@group-75987F7FE399-LeaderElection436] INFO  impl.RaftServerImpl (RaftServerImpl.java:setRole(184)) - df12c920-952d-4704-9c70-1a288e2f77c7@group-75987F7FE399: changes role from CANDIDATE to FOLLOWER at term 494 for DISCOVERED_A_NEW_TERM
2019-10-20 10:29:14,934 [df12c920-952d-4704-9c70-1a288e2f77c7@group-75987F7FE399-LeaderElection436] INFO  impl.RoleInfo (RoleInfo.java:shutdownLeaderElection(134)) - df12c920-952d-4704-9c70-1a288e2f77c7: shutdown LeaderElection
2019-10-20 10:29:14,934 [df12c920-952d-4704-9c70-1a288e2f77c7@group-75987F7FE399-LeaderElection436] INFO  impl.RoleInfo (RoleInfo.java:updateAndGet(143)) - df12c920-952d-4704-9c70-1a288e2f77c7: start FollowerState
2019-10-20 10:29:14,944 [Thread-3215] INFO  impl.FollowerState (FollowerState.java:run(108)) - df12c920-952d-4704-9c70-1a288e2f77c7@group-75987F7FE399-FollowerState: change to CANDIDATE, lastRpcTime:10ms, electionTimeout:10ms
2019-10-20 10:29:14,944 [Thread-3215] INFO  impl.RoleInfo (RoleInfo.java:shutdownFollowerState(121)) - df12c920-952d-4704-9c70-1a288e2f77c7: shutdown FollowerState
2019-10-20 10:29:14,944 [Thread-3215] INFO  impl.RaftServerImpl (RaftServerImpl.java:setRole(184)) - df12c920-952d-4704-9c70-1a288e2f77c7@group-75987F7FE399: changes role from  FOLLOWER to CANDIDATE at term 494 for changeToCandidate
2019-10-20 10:29:14,945 [Thread-3215] INFO  impl.RoleInfo (RoleInfo.java:updateAndGet(143)) - df12c920-952d-4704-9c70-1a288e2f77c7: start LeaderElection
2019-10-20 10:29:14,959 [df12c920-952d-4704-9c70-1a288e2f77c7@group-75987F7FE399-LeaderElection437] INFO  impl.LeaderElection (LeaderElection.java:askForVotes(178)) - df12c920-952d-4704-9c70-1a288e2f77c7@group-75987F7FE399-LeaderElection437: begin an election at term 495 for -1: [875da3d9-0dec-46c7-88bf-73f7a2372b64:192.168.69.89:39990, df12c920-952d-4704-9c70-1a288e2f77c7:192.168.69.89:43948, 9ceef694-dbcf-4070-b7b1-3b3c65b6a699:192.168.69.89:36536], old=null
2019-10-20 10:29:14,961 [grpc-default-executor-4] INFO  impl.RaftServerImpl (RaftServerImpl.java:setRole(184)) - 875da3d9-0dec-46c7-88bf-73f7a2372b64@group-75987F7FE399: changes role from  FOLLOWER to FOLLOWER at term 495 for recognizeCandidate:df12c920-952d-4704-9c70-1a288e2f77c7
2019-10-20 10:29:14,961 [grpc-default-executor-4] INFO  impl.RoleInfo (RoleInfo.java:shutdownFollowerState(121)) - 875da3d9-0dec-46c7-88bf-73f7a2372b64: shutdown FollowerState
2019-10-20 10:29:14,961 [grpc-default-executor-4] INFO  impl.RoleInfo (RoleInfo.java:updateAndGet(143)) - 875da3d9-0dec-46c7-88bf-73f7a2372b64: start FollowerState
2019-10-20 10:29:14,961 [grpc-default-executor-3] INFO  impl.RaftServerImpl (RaftServerImpl.java:setRole(184)) - 9ceef694-dbcf-4070-b7b1-3b3c65b6a699@group-75987F7FE399: changes role from  FOLLOWER to FOLLOWER at term 495 for recognizeCandidate:df12c920-952d-4704-9c70-1a288e2f77c7
2019-10-20 10:29:14,961 [Thread-3213] INFO  impl.FollowerState (FollowerState.java:run(117)) - 875da3d9-0dec-46c7-88bf-73f7a2372b64@group-75987F7FE399-FollowerState was interrupted: java.lang.InterruptedException: sleep interrupted
2019-10-20 10:29:14,962 [grpc-default-executor-3] INFO  impl.RoleInfo (RoleInfo.java:shutdownFollowerState(121)) - 9ceef694-dbcf-4070-b7b1-3b3c65b6a699: shutdown FollowerState
2019-10-20 10:29:14,962 [grpc-default-executor-3] INFO  impl.RoleInfo (RoleInfo.java:updateAndGet(143)) - 9ceef694-dbcf-4070-b7b1-3b3c65b6a699: start FollowerState
2019-10-20 10:29:14,962 [Thread-3214] INFO  impl.FollowerState (FollowerState.java:run(117)) - 9ceef694-dbcf-4070-b7b1-3b3c65b6a699@group-75987F7FE399-FollowerState was interrupted: java.lang.InterruptedException: sleep interrupted
2019-10-20 10:29:14,977 [df12c920-952d-4704-9c70-1a288e2f77c7@group-75987F7FE399-LeaderElection437] INFO  impl.LeaderElection (LeaderElection.java:logAndReturn(56)) - df12c920-952d-4704-9c70-1a288e2f77c7@group-75987F7FE399-LeaderElection437: Election REJECTED; received 2 response(s) [df12c920-952d-4704-9c70-1a288e2f77c7<-875da3d9-0dec-46c7-88bf-73f7a2372b64#0:FAIL-t495, df12c920-952d-4704-9c70-1a288e2f77c7<-9ceef694-dbcf-4070-b7b1-3b3c65b6a699#0:FAIL-t495] and 0 exception(s); df12c920-952d-4704-9c70-1a288e2f77c7@group-75987F7FE399:t495, leader=null, voted=df12c920-952d-4704-9c70-1a288e2f77c7, raftlog=df12c920-952d-4704-9c70-1a288e2f77c7@group-75987F7FE399-SegmentedRaftLog:OPENED:c-1,f-1,i0, conf=-1: [875da3d9-0dec-46c7-88bf-73f7a2372b64:192.168.69.89:39990, df12c920-952d-4704-9c70-1a288e2f77c7:192.168.69.89:43948, 9ceef694-dbcf-4070-b7b1-3b3c65b6a699:192.168.69.89:36536], old=null
2019-10-20 10:29:14,977 [df12c920-952d-4704-9c70-1a288e2f77c7@group-75987F7FE399-LeaderElection437] INFO  impl.RaftServerImpl (RaftServerImpl.java:setRole(184)) - df12c920-952d-4704-9c70-1a288e2f77c7@group-75987F7FE399: changes role from CANDIDATE to FOLLOWER at term 495 for DISCOVERED_A_NEW_TERM
2019-10-20 10:29:14,977 [df12c920-952d-4704-9c70-1a288e2f77c7@group-75987F7FE399-LeaderElection437] INFO  impl.RoleInfo (RoleInfo.java:shutdownLeaderElection(134)) - df12c920-952d-4704-9c70-1a288e2f77c7: shutdown LeaderElection
2019-10-20 10:29:14,978 [df12c920-952d-4704-9c70-1a288e2f77c7@group-75987F7FE399-LeaderElection437] INFO  impl.RoleInfo (RoleInfo.java:updateAndGet(143)) - df12c920-952d-4704-9c70-1a288e2f77c7: start FollowerState
2019-10-20 10:29:15,066 [Thread-3221] INFO  impl.FollowerState (FollowerState.java:run(108)) - df12c920-952d-4704-9c70-1a288e2f77c7@group-75987F7FE399-FollowerState: change to CANDIDATE, lastRpcTime:88ms, electionTimeout:88ms
2019-10-20 10:29:15,067 [Thread-3221] INFO  impl.RoleInfo (RoleInfo.java:shutdownFollowerState(121)) - df12c920-952d-4704-9c70-1a288e2f77c7: shutdown FollowerState
2019-10-20 10:29:15,067 [Thread-3221] INFO  impl.RaftServerImpl (RaftServerImpl.java:setRole(184)) - df12c920-952d-4704-9c70-1a288e2f77c7@group-75987F7FE399: changes role from  FOLLOWER to CANDIDATE at term 495 for changeToCandidate
2019-10-20 10:29:15,067 [Thread-3221] INFO  impl.RoleInfo (RoleInfo.java:updateAndGet(143)) - df12c920-952d-4704-9c70-1a288e2f77c7: start LeaderElection
2019-10-20 10:29:15,081 [df12c920-952d-4704-9c70-1a288e2f77c7@group-75987F7FE399-LeaderElection438] INFO  impl.LeaderElection (LeaderElection.java:askForVotes(178)) - df12c920-952d-4704-9c70-1a288e2f77c7@group-75987F7FE399-LeaderElection438: begin an election at term 496 for -1: [875da3d9-0dec-46c7-88bf-73f7a2372b64:192.168.69.89:39990, df12c920-952d-4704-9c70-1a288e2f77c7:192.168.69.89:43948, 9ceef694-dbcf-4070-b7b1-3b3c65b6a699:192.168.69.89:36536], old=null
2019-10-20 10:29:15,086 [grpc-default-executor-4] INFO  impl.RaftServerImpl (RaftServerImpl.java:setRole(184)) - 9ceef694-dbcf-4070-b7b1-3b3c65b6a699@group-75987F7FE399: changes role from  FOLLOWER to FOLLOWER at term 496 for recognizeCandidate:df12c920-952d-4704-9c70-1a288e2f77c7
2019-10-20 10:29:15,086 [grpc-default-executor-4] INFO  impl.RoleInfo (RoleInfo.java:shutdownFollowerState(121)) - 9ceef694-dbcf-4070-b7b1-3b3c65b6a699: shutdown FollowerState
2019-10-20 10:29:15,086 [grpc-default-executor-3] INFO  impl.RaftServerImpl (RaftServerImpl.java:setRole(184)) - 875da3d9-0dec-46c7-88bf-73f7a2372b64@group-75987F7FE399: changes role from  FOLLOWER to FOLLOWER at term 496 for recognizeCandidate:df12c920-952d-4704-9c70-1a288e2f77c7
2019-10-20 10:29:15,086 [grpc-default-executor-3] INFO  impl.RoleInfo (RoleInfo.java:shutdownFollowerState(121)) - 875da3d9-0dec-46c7-88bf-73f7a2372b64: shutdown FollowerState
2019-10-20 10:29:15,086 [Thread-3220] INFO  impl.FollowerState (FollowerState.java:run(117)) - 9ceef694-dbcf-4070-b7b1-3b3c65b6a699@group-75987F7FE399-FollowerState was interrupted: java.lang.InterruptedException: sleep interrupted
2019-10-20 10:29:15,086 [grpc-default-executor-4] INFO  impl.RoleInfo (RoleInfo.java:updateAndGet(143)) - 9ceef694-dbcf-4070-b7b1-3b3c65b6a699: start FollowerState
2019-10-20 10:29:15,086 [Thread-3219] INFO  impl.FollowerState (FollowerState.java:run(117)) - 875da3d9-0dec-46c7-88bf-73f7a2372b64@group-75987F7FE399-FollowerState was interrupted: java.lang.InterruptedException: sleep interrupted
2019-10-20 10:29:15,086 [grpc-default-executor-3] INFO  impl.RoleInfo (RoleInfo.java:updateAndGet(143)) - 875da3d9-0dec-46c7-88bf-73f7a2372b64: start FollowerState
2019-10-20 10:29:15,113 [df12c920-952d-4704-9c70-1a288e2f77c7@group-75987F7FE399-LeaderElection438] INFO  impl.LeaderElection (LeaderElection.java:logAndReturn(56)) - df12c920-952d-4704-9c70-1a288e2f77c7@group-75987F7FE399-LeaderElection438: Election REJECTED; received 2 response(s) [df12c920-952d-4704-9c70-1a288e2f77c7<-875da3d9-0dec-46c7-88bf-73f7a2372b64#0:FAIL-t496, df12c920-952d-4704-9c70-1a288e2f77c7<-9ceef694-dbcf-4070-b7b1-3b3c65b6a699#0:FAIL-t496] and 0 exception(s); df12c920-952d-4704-9c70-1a288e2f77c7@group-75987F7FE399:t496, leader=null, voted=df12c920-952d-4704-9c70-1a288e2f77c7, raftlog=df12c920-952d-4704-9c70-1a288e2f77c7@group-75987F7FE399-SegmentedRaftLog:OPENED:c-1,f-1,i0, conf=-1: [875da3d9-0dec-46c7-88bf-73f7a2372b64:192.168.69.89:39990, df12c920-952d-4704-9c70-1a288e2f77c7:192.168.69.89:43948, 9ceef694-dbcf-4070-b7b1-3b3c65b6a699:192.168.69.89:36536], old=null
2019-10-20 10:29:15,114 [df12c920-952d-4704-9c70-1a288e2f77c7@group-75987F7FE399-LeaderElection438] INFO  impl.RaftServerImpl (RaftServerImpl.java:setRole(184)) - df12c920-952d-4704-9c70-1a288e2f77c7@group-75987F7FE399: changes role from CANDIDATE to FOLLOWER at term 496 for DISCOVERED_A_NEW_TERM
2019-10-20 10:29:15,114 [df12c920-952d-4704-9c70-1a288e2f77c7@group-75987F7FE399-LeaderElection438] INFO  impl.RoleInfo (RoleInfo.java:shutdownLeaderElection(134)) - df12c920-952d-4704-9c70-1a288e2f77c7: shutdown LeaderElection
2019-10-20 10:29:15,114 [df12c920-952d-4704-9c70-1a288e2f77c7@group-75987F7FE399-LeaderElection438] INFO  impl.RoleInfo (RoleInfo.java:updateAndGet(143)) - df12c920-952d-4704-9c70-1a288e2f77c7: start FollowerState
2019-10-20 10:29:15,213 [Thread-3227] INFO  impl.FollowerState (FollowerState.java:run(108)) - df12c920-952d-4704-9c70-1a288e2f77c7@group-75987F7FE399-FollowerState: change to CANDIDATE, lastRpcTime:99ms, electionTimeout:99ms
2019-10-20 10:29:15,213 [Thread-3227] INFO  impl.RoleInfo (RoleInfo.java:shutdownFollowerState(121)) - df12c920-952d-4704-9c70-1a288e2f77c7: shutdown FollowerState
2019-10-20 10:29:15,213 [Thread-3227] INFO  impl.RaftServerImpl (RaftServerImpl.java:setRole(184)) - df12c920-952d-4704-9c70-1a288e2f77c7@group-75987F7FE399: changes role from  FOLLOWER to CANDIDATE at term 496 for changeToCandidate
2019-10-20 10:29:15,214 [Thread-3227] INFO  impl.RoleInfo (RoleInfo.java:updateAndGet(143)) - df12c920-952d-4704-9c70-1a288e2f77c7: start LeaderElection
2019-10-20 10:29:15,239 [df12c920-952d-4704-9c70-1a288e2f77c7@group-75987F7FE399-LeaderElection439] INFO  impl.LeaderElection (LeaderElection.java:askForVotes(178)) - df12c920-952d-4704-9c70-1a288e2f77c7@group-75987F7FE399-LeaderElection439: begin an election at term 497 for -1: [875da3d9-0dec-46c7-88bf-73f7a2372b64:192.168.69.89:39990, df12c920-952d-4704-9c70-1a288e2f77c7:192.168.69.89:43948, 9ceef694-dbcf-4070-b7b1-3b3c65b6a699:192.168.69.89:36536], old=null
2019-10-20 10:29:15,241 [grpc-default-executor-3] INFO  impl.RaftServerImpl (RaftServerImpl.java:setRole(184)) - 875da3d9-0dec-46c7-88bf-73f7a2372b64@group-75987F7FE399: changes role from  FOLLOWER to FOLLOWER at term 497 for recognizeCandidate:df12c920-952d-4704-9c70-1a288e2f77c7
2019-10-20 10:29:15,241 [grpc-default-executor-4] INFO  impl.RaftServerImpl (RaftServerImpl.java:setRole(184)) - 9ceef694-dbcf-4070-b7b1-3b3c65b6a699@group-75987F7FE399: changes role from  FOLLOWER to FOLLOWER at term 497 for recognizeCandidate:df12c920-952d-4704-9c70-1a288e2f77c7
2019-10-20 10:29:15,241 [grpc-default-executor-4] INFO  impl.RoleInfo (RoleInfo.java:shutdownFollowerState(121)) - 9ceef694-dbcf-4070-b7b1-3b3c65b6a699: shutdown FollowerState
2019-10-20 10:29:15,241 [grpc-default-executor-3] INFO  impl.RoleInfo (RoleInfo.java:shutdownFollowerState(121)) - 875da3d9-0dec-46c7-88bf-73f7a2372b64: shutdown FollowerState
2019-10-20 10:29:15,242 [Thread-3225] INFO  impl.FollowerState (FollowerState.java:run(117)) - 9ceef694-dbcf-4070-b7b1-3b3c65b6a699@group-75987F7FE399-FollowerState was interrupted: java.lang.InterruptedException: sleep interrupted
2019-10-20 10:29:15,241 [grpc-default-executor-4] INFO  impl.RoleInfo (RoleInfo.java:updateAndGet(143)) - 9ceef694-dbcf-4070-b7b1-3b3c65b6a699: start FollowerState
2019-10-20 10:29:15,242 [Thread-3226] INFO  impl.FollowerState (FollowerState.java:run(117)) - 875da3d9-0dec-46c7-88bf-73f7a2372b64@group-75987F7FE399-FollowerState was interrupted: java.lang.InterruptedException: sleep interrupted
2019-10-20 10:29:15,242 [grpc-default-executor-3] INFO  impl.RoleInfo (RoleInfo.java:updateAndGet(143)) - 875da3d9-0dec-46c7-88bf-73f7a2372b64: start FollowerState
2019-10-20 10:29:15,256 [df12c920-952d-4704-9c70-1a288e2f77c7@group-75987F7FE399-LeaderElection439] INFO  impl.LeaderElection (LeaderElection.java:logAndReturn(56)) - df12c920-952d-4704-9c70-1a288e2f77c7@group-75987F7FE399-LeaderElection439: Election REJECTED; received 2 response(s) [df12c920-952d-4704-9c70-1a288e2f77c7<-875da3d9-0dec-46c7-88bf-73f7a2372b64#0:FAIL-t497, df12c920-952d-4704-9c70-1a288e2f77c7<-9ceef694-dbcf-4070-b7b1-3b3c65b6a699#0:FAIL-t497] and 0 exception(s); df12c920-952d-4704-9c70-1a288e2f77c7@group-75987F7FE399:t497, leader=null, voted=df12c920-952d-4704-9c70-1a288e2f77c7, raftlog=df12c920-952d-4704-9c70-1a288e2f77c7@group-75987F7FE399-SegmentedRaftLog:OPENED:c-1,f-1,i0, conf=-1: [875da3d9-0dec-46c7-88bf-73f7a2372b64:192.168.69.89:39990, df12c920-952d-4704-9c70-1a288e2f77c7:192.168.69.89:43948, 9ceef694-dbcf-4070-b7b1-3b3c65b6a699:192.168.69.89:36536], old=null
2019-10-20 10:29:15,256 [df12c920-952d-4704-9c70-1a288e2f77c7@group-75987F7FE399-LeaderElection439] INFO  impl.RaftServerImpl (RaftServerImpl.java:setRole(184)) - df12c920-952d-4704-9c70-1a288e2f77c7@group-75987F7FE399: changes role from CANDIDATE to FOLLOWER at term 497 for DISCOVERED_A_NEW_TERM
2019-10-20 10:29:15,257 [df12c920-952d-4704-9c70-1a288e2f77c7@group-75987F7FE399-LeaderElection439] INFO  impl.RoleInfo (RoleInfo.java:shutdownLeaderElection(134)) - df12c920-952d-4704-9c70-1a288e2f77c7: shutdown LeaderElection
2019-10-20 10:29:15,257 [df12c920-952d-4704-9c70-1a288e2f77c7@group-75987F7FE399-LeaderElection439] INFO  impl.RoleInfo (RoleInfo.java:updateAndGet(143)) - df12c920-952d-4704-9c70-1a288e2f77c7: start FollowerState
2019-10-20 10:29:15,280 [Thread-3233] INFO  impl.FollowerState (FollowerState.java:run(108)) - df12c920-952d-4704-9c70-1a288e2f77c7@group-75987F7FE399-FollowerState: change to CANDIDATE, lastRpcTime:23ms, electionTimeout:23ms
2019-10-20 10:29:15,280 [Thread-3233] INFO  impl.RoleInfo (RoleInfo.java:shutdownFollowerState(121)) - df12c920-952d-4704-9c70-1a288e2f77c7: shutdown FollowerState
2019-10-20 10:29:15,280 [Thread-3233] INFO  impl.RaftServerImpl (RaftServerImpl.java:setRole(184)) - df12c920-952d-4704-9c70-1a288e2f77c7@group-75987F7FE399: changes role from  FOLLOWER to CANDIDATE at term 497 for changeToCandidate
2019-10-20 10:29:15,281 [Thread-3233] INFO  impl.RoleInfo (RoleInfo.java:updateAndGet(143)) - df12c920-952d-4704-9c70-1a288e2f77c7: start LeaderElection
2019-10-20 10:29:15,295 [df12c920-952d-4704-9c70-1a288e2f77c7@group-75987F7FE399-LeaderElection440] INFO  impl.LeaderElection (LeaderElection.java:askForVotes(178)) - df12c920-952d-4704-9c70-1a288e2f77c7@group-75987F7FE399-LeaderElection440: begin an election at term 498 for -1: [875da3d9-0dec-46c7-88bf-73f7a2372b64:192.168.69.89:39990, df12c920-952d-4704-9c70-1a288e2f77c7:192.168.69.89:43948, 9ceef694-dbcf-4070-b7b1-3b3c65b6a699:192.168.69.89:36536], old=null
2019-10-20 10:29:15,297 [grpc-default-executor-3] INFO  impl.RaftServerImpl (RaftServerImpl.java:setRole(184)) - 9ceef694-dbcf-4070-b7b1-3b3c65b6a699@group-75987F7FE399: changes role from  FOLLOWER to FOLLOWER at term 498 for recognizeCandidate:df12c920-952d-4704-9c70-1a288e2f77c7
2019-10-20 10:29:15,297 [grpc-default-executor-4] INFO  impl.RaftServerImpl (RaftServerImpl.java:setRole(184)) - 875da3d9-0dec-46c7-88bf-73f7a2372b64@group-75987F7FE399: changes role from  FOLLOWER to FOLLOWER at term 498 for recognizeCandidate:df12c920-952d-4704-9c70-1a288e2f77c7
2019-10-20 10:29:15,297 [grpc-default-executor-4] INFO  impl.RoleInfo (RoleInfo.java:shutdownFollowerState(121)) - 875da3d9-0dec-46c7-88bf-73f7a2372b64: shutdown FollowerState
2019-10-20 10:29:15,297 [grpc-default-executor-3] INFO  impl.RoleInfo (RoleInfo.java:shutdownFollowerState(121)) - 9ceef694-dbcf-4070-b7b1-3b3c65b6a699: shutdown FollowerState
2019-10-20 10:29:15,297 [Thread-3232] INFO  impl.FollowerState (FollowerState.java:run(117)) - 875da3d9-0dec-46c7-88bf-73f7a2372b64@group-75987F7FE399-FollowerState was interrupted: java.lang.InterruptedException: sleep interrupted
2019-10-20 10:29:15,297 [grpc-default-executor-4] INFO  impl.RoleInfo (RoleInfo.java:updateAndGet(143)) - 875da3d9-0dec-46c7-88bf-73f7a2372b64: start FollowerState
2019-10-20 10:29:15,297 [Thread-3231] INFO  impl.FollowerState (FollowerState.java:run(117)) - 9ceef694-dbcf-4070-b7b1-3b3c65b6a699@group-75987F7FE399-FollowerState was interrupted: java.lang.InterruptedException: sleep interrupted
2019-10-20 10:29:15,297 [grpc-default-executor-3] INFO  impl.RoleInfo (RoleInfo.java:updateAndGet(143)) - 9ceef694-dbcf-4070-b7b1-3b3c65b6a699: start FollowerState
2019-10-20 10:29:15,311 [df12c920-952d-4704-9c70-1a288e2f77c7@group-75987F7FE399-LeaderElection440] INFO  impl.LeaderElection (LeaderElection.java:logAndReturn(56)) - df12c920-952d-4704-9c70-1a288e2f77c7@group-75987F7FE399-LeaderElection440: Election REJECTED; received 2 response(s) [df12c920-952d-4704-9c70-1a288e2f77c7<-875da3d9-0dec-46c7-88bf-73f7a2372b64#0:FAIL-t498, df12c920-952d-4704-9c70-1a288e2f77c7<-9ceef694-dbcf-4070-b7b1-3b3c65b6a699#0:FAIL-t498] and 0 exception(s); df12c920-952d-4704-9c70-1a288e2f77c7@group-75987F7FE399:t498, leader=null, voted=df12c920-952d-4704-9c70-1a288e2f77c7, raftlog=df12c920-952d-4704-9c70-1a288e2f77c7@group-75987F7FE399-SegmentedRaftLog:OPENED:c-1,f-1,i0, conf=-1: [875da3d9-0dec-46c7-88bf-73f7a2372b64:192.168.69.89:39990, df12c920-952d-4704-9c70-1a288e2f77c7:192.168.69.89:43948, 9ceef694-dbcf-4070-b7b1-3b3c65b6a699:192.168.69.89:36536], old=null
2019-10-20 10:29:15,311 [df12c920-952d-4704-9c70-1a288e2f77c7@group-75987F7FE399-LeaderElection440] INFO  impl.RaftServerImpl (RaftServerImpl.java:setRole(184)) - df12c920-952d-4704-9c70-1a288e2f77c7@group-75987F7FE399: changes role from CANDIDATE to FOLLOWER at term 498 for DISCOVERED_A_NEW_TERM
2019-10-20 10:29:15,311 [df12c920-952d-4704-9c70-1a288e2f77c7@group-75987F7FE399-LeaderElection440] INFO  impl.RoleInfo (RoleInfo.java:shutdownLeaderElection(134)) - df12c920-952d-4704-9c70-1a288e2f77c7: shutdown LeaderElection
2019-10-20 10:29:15,311 [df12c920-952d-4704-9c70-1a288e2f77c7@group-75987F7FE399-LeaderElection440] INFO  impl.RoleInfo (RoleInfo.java:updateAndGet(143)) - df12c920-952d-4704-9c70-1a288e2f77c7: start FollowerState
2019-10-20 10:29:15,433 [Thread-3239] INFO  impl.FollowerState (FollowerState.java:run(108)) - df12c920-952d-4704-9c70-1a288e2f77c7@group-75987F7FE399-FollowerState: change to CANDIDATE, lastRpcTime:121ms, electionTimeout:121ms
2019-10-20 10:29:15,433 [Thread-3239] INFO  impl.RoleInfo (RoleInfo.java:shutdownFollowerState(121)) - df12c920-952d-4704-9c70-1a288e2f77c7: shutdown FollowerState
2019-10-20 10:29:15,433 [Thread-3239] INFO  impl.RaftServerImpl (RaftServerImpl.java:setRole(184)) - df12c920-952d-4704-9c70-1a288e2f77c7@group-75987F7FE399: changes role from  FOLLOWER to CANDIDATE at term 498 for changeToCandidate
2019-10-20 10:29:15,433 [Thread-3239] INFO  impl.RoleInfo (RoleInfo.java:updateAndGet(143)) - df12c920-952d-4704-9c70-1a288e2f77c7: start LeaderElection
2019-10-20 10:29:15,446 [df12c920-952d-4704-9c70-1a288e2f77c7@group-75987F7FE399-LeaderElection441] INFO  impl.LeaderElection (LeaderElection.java:askForVotes(178)) - df12c920-952d-4704-9c70-1a288e2f77c7@group-75987F7FE399-LeaderElection441: begin an election at term 499 for -1: [875da3d9-0dec-46c7-88bf-73f7a2372b64:192.168.69.89:39990, df12c920-952d-4704-9c70-1a288e2f77c7:192.168.69.89:43948, 9ceef694-dbcf-4070-b7b1-3b3c65b6a699:192.168.69.89:36536], old=null
2019-10-20 10:29:15,448 [grpc-default-executor-3] INFO  impl.RaftServerImpl (RaftServerImpl.java:setRole(184)) - 875da3d9-0dec-46c7-88bf-73f7a2372b64@group-75987F7FE399: changes role from  FOLLOWER to FOLLOWER at term 499 for recognizeCandidate:df12c920-952d-4704-9c70-1a288e2f77c7
2019-10-20 10:29:15,448 [grpc-default-executor-3] INFO  impl.RoleInfo (RoleInfo.java:shutdownFollowerState(121)) - 875da3d9-0dec-46c7-88bf-73f7a2372b64: shutdown FollowerState
2019-10-20 10:29:15,449 [grpc-default-executor-4] INFO  impl.RaftServerImpl (RaftServerImpl.java:setRole(184)) - 9ceef694-dbcf-4070-b7b1-3b3c65b6a699@group-75987F7FE399: changes role from  FOLLOWER to FOLLOWER at term 499 for recognizeCandidate:df12c920-952d-4704-9c70-1a288e2f77c7
2019-10-20 10:29:15,449 [grpc-default-executor-4] INFO  impl.RoleInfo (RoleInfo.java:shutdownFollowerState(121)) - 9ceef694-dbcf-4070-b7b1-3b3c65b6a699: shutdown FollowerState
2019-10-20 10:29:15,449 [Thread-3237] INFO  impl.FollowerState (FollowerState.java:run(117)) - 875da3d9-0dec-46c7-88bf-73f7a2372b64@group-75987F7FE399-FollowerState was interrupted: java.lang.InterruptedException: sleep interrupted
2019-10-20 10:29:15,449 [grpc-default-executor-3] INFO  impl.RoleInfo (RoleInfo.java:updateAndGet(143)) - 875da3d9-0dec-46c7-88bf-73f7a2372b64: start FollowerState
2019-10-20 10:29:15,449 [Thread-3238] INFO  impl.FollowerState (FollowerState.java:run(117)) - 9ceef694-dbcf-4070-b7b1-3b3c65b6a699@group-75987F7FE399-FollowerState was interrupted: java.lang.InterruptedException: sleep interrupted
2019-10-20 10:29:15,449 [grpc-default-executor-4] INFO  impl.RoleInfo (RoleInfo.java:updateAndGet(143)) - 9ceef694-dbcf-4070-b7b1-3b3c65b6a699: start FollowerState
2019-10-20 10:29:15,488 [df12c920-952d-4704-9c70-1a288e2f77c7@group-75987F7FE399-LeaderElection441] INFO  impl.LeaderElection (LeaderElection.java:logAndReturn(56)) - df12c920-952d-4704-9c70-1a288e2f77c7@group-75987F7FE399-LeaderElection441: Election REJECTED; received 2 response(s) [df12c920-952d-4704-9c70-1a288e2f77c7<-875da3d9-0dec-46c7-88bf-73f7a2372b64#0:FAIL-t499, df12c920-952d-4704-9c70-1a288e2f77c7<-9ceef694-dbcf-4070-b7b1-3b3c65b6a699#0:FAIL-t499] and 0 exception(s); df12c920-952d-4704-9c70-1a288e2f77c7@group-75987F7FE399:t499, leader=null, voted=df12c920-952d-4704-9c70-1a288e2f77c7, raftlog=df12c920-952d-4704-9c70-1a288e2f77c7@group-75987F7FE399-SegmentedRaftLog:OPENED:c-1,f-1,i0, conf=-1: [875da3d9-0dec-46c7-88bf-73f7a2372b64:192.168.69.89:39990, df12c920-952d-4704-9c70-1a288e2f77c7:192.168.69.89:43948, 9ceef694-dbcf-4070-b7b1-3b3c65b6a699:192.168.69.89:36536], old=null
2019-10-20 10:29:15,488 [df12c920-952d-4704-9c70-1a288e2f77c7@group-75987F7FE399-LeaderElection441] INFO  impl.RaftServerImpl (RaftServerImpl.java:setRole(184)) - df12c920-952d-4704-9c70-1a288e2f77c7@group-75987F7FE399: changes role from CANDIDATE to FOLLOWER at term 499 for DISCOVERED_A_NEW_TERM
2019-10-20 10:29:15,489 [df12c920-952d-4704-9c70-1a288e2f77c7@group-75987F7FE399-LeaderElection441] INFO  impl.RoleInfo (RoleInfo.java:shutdownLeaderElection(134)) - df12c920-952d-4704-9c70-1a288e2f77c7: shutdown LeaderElection
2019-10-20 10:29:15,489 [df12c920-952d-4704-9c70-1a288e2f77c7@group-75987F7FE399-LeaderElection441] INFO  impl.RoleInfo (RoleInfo.java:updateAndGet(143)) - df12c920-952d-4704-9c70-1a288e2f77c7: start FollowerState
2019-10-20 10:29:15,621 [Thread-3247] INFO  impl.FollowerState (FollowerState.java:run(108)) - df12c920-952d-4704-9c70-1a288e2f77c7@group-75987F7FE399-FollowerState: change to CANDIDATE, lastRpcTime:132ms, electionTimeout:132ms
2019-10-20 10:29:15,621 [Thread-3247] INFO  impl.RoleInfo (RoleInfo.java:shutdownFollowerState(121)) - df12c920-952d-4704-9c70-1a288e2f77c7: shutdown FollowerState
2019-10-20 10:29:15,621 [Thread-3247] INFO  impl.RaftServerImpl (RaftServerImpl.java:setRole(184)) - df12c920-952d-4704-9c70-1a288e2f77c7@group-75987F7FE399: changes role from  FOLLOWER to CANDIDATE at term 499 for changeToCandidate
2019-10-20 10:29:15,622 [Thread-3247] INFO  impl.RoleInfo (RoleInfo.java:updateAndGet(143)) - df12c920-952d-4704-9c70-1a288e2f77c7: start LeaderElection
2019-10-20 10:29:15,647 [df12c920-952d-4704-9c70-1a288e2f77c7@group-75987F7FE399-LeaderElection442] INFO  impl.LeaderElection (LeaderElection.java:askForVotes(178)) - df12c920-952d-4704-9c70-1a288e2f77c7@group-75987F7FE399-LeaderElection442: begin an election at term 500 for -1: [875da3d9-0dec-46c7-88bf-73f7a2372b64:192.168.69.89:39990, df12c920-952d-4704-9c70-1a288e2f77c7:192.168.69.89:43948, 9ceef694-dbcf-4070-b7b1-3b3c65b6a699:192.168.69.89:36536], old=null
2019-10-20 10:29:15,649 [grpc-default-executor-4] INFO  impl.RaftServerImpl (RaftServerImpl.java:setRole(184)) - 9ceef694-dbcf-4070-b7b1-3b3c65b6a699@group-75987F7FE399: changes role from  FOLLOWER to FOLLOWER at term 500 for recognizeCandidate:df12c920-952d-4704-9c70-1a288e2f77c7
2019-10-20 10:29:15,649 [grpc-default-executor-4] INFO  impl.RoleInfo (RoleInfo.java:shutdownFollowerState(121)) - 9ceef694-dbcf-4070-b7b1-3b3c65b6a699: shutdown FollowerState
2019-10-20 10:29:15,649 [grpc-default-executor-3] INFO  impl.RaftServerImpl (RaftServerImpl.java:setRole(184)) - 875da3d9-0dec-46c7-88bf-73f7a2372b64@group-75987F7FE399: changes role from  FOLLOWER to FOLLOWER at term 500 for recognizeCandidate:df12c920-952d-4704-9c70-1a288e2f77c7
2019-10-20 10:29:15,649 [grpc-default-executor-3] INFO  impl.RoleInfo (RoleInfo.java:shutdownFollowerState(121)) - 875da3d9-0dec-46c7-88bf-73f7a2372b64: shutdown FollowerState
2019-10-20 10:29:15,649 [Thread-3246] INFO  impl.FollowerState (FollowerState.java:run(117)) - 9ceef694-dbcf-4070-b7b1-3b3c65b6a699@group-75987F7FE399-FollowerState was interrupted: java.lang.InterruptedException: sleep interrupted
2019-10-20 10:29:15,649 [grpc-default-executor-4] INFO  impl.RoleInfo (RoleInfo.java:updateAndGet(143)) - 9ceef694-dbcf-4070-b7b1-3b3c65b6a699: start FollowerState
2019-10-20 10:29:15,650 [Thread-3245] INFO  impl.FollowerState (FollowerState.java:run(117)) - 875da3d9-0dec-46c7-88bf-73f7a2372b64@group-75987F7FE399-FollowerState was interrupted: java.lang.InterruptedException: sleep interrupted
2019-10-20 10:29:15,650 [grpc-default-executor-3] INFO  impl.RoleInfo (RoleInfo.java:updateAndGet(143)) - 875da3d9-0dec-46c7-88bf-73f7a2372b64: start FollowerState
2019-10-20 10:29:15,664 [df12c920-952d-4704-9c70-1a288e2f77c7@group-75987F7FE399-LeaderElection442] INFO  impl.LeaderElection (LeaderElection.java:logAndReturn(56)) - df12c920-952d-4704-9c70-1a288e2f77c7@group-75987F7FE399-LeaderElection442: Election REJECTED; received 2 response(s) [df12c920-952d-4704-9c70-1a288e2f77c7<-875da3d9-0dec-46c7-88bf-73f7a2372b64#0:FAIL-t500, df12c920-952d-4704-9c70-1a288e2f77c7<-9ceef694-dbcf-4070-b7b1-3b3c65b6a699#0:FAIL-t500] and 0 exception(s); df12c920-952d-4704-9c70-1a288e2f77c7@group-75987F7FE399:t500, leader=null, voted=df12c920-952d-4704-9c70-1a288e2f77c7, raftlog=df12c920-952d-4704-9c70-1a288e2f77c7@group-75987F7FE399-SegmentedRaftLog:OPENED:c-1,f-1,i0, conf=-1: [875da3d9-0dec-46c7-88bf-73f7a2372b64:192.168.69.89:39990, df12c920-952d-4704-9c70-1a288e2f77c7:192.168.69.89:43948, 9ceef694-dbcf-4070-b7b1-3b3c65b6a699:192.168.69.89:36536], old=null
2019-10-20 10:29:15,664 [df12c920-952d-4704-9c70-1a288e2f77c7@group-75987F7FE399-LeaderElection442] INFO  impl.RaftServerImpl (RaftServerImpl.java:setRole(184)) - df12c920-952d-4704-9c70-1a288e2f77c7@group-75987F7FE399: changes role from CANDIDATE to FOLLOWER at term 500 for DISCOVERED_A_NEW_TERM
2019-10-20 10:29:15,664 [df12c920-952d-4704-9c70-1a288e2f77c7@group-75987F7FE399-LeaderElection442] INFO  impl.RoleInfo (RoleInfo.java:shutdownLeaderElection(134)) - df12c920-952d-4704-9c70-1a288e2f77c7: shutdown LeaderElection
2019-10-20 10:29:15,664 [df12c920-952d-4704-9c70-1a288e2f77c7@group-75987F7FE399-LeaderElection442] INFO  impl.RoleInfo (RoleInfo.java:updateAndGet(143)) - df12c920-952d-4704-9c70-1a288e2f77c7: start FollowerState
2019-10-20 10:29:15,683 [Thread-3253] INFO  impl.FollowerState (FollowerState.java:run(108)) - df12c920-952d-4704-9c70-1a288e2f77c7@group-75987F7FE399-FollowerState: change to CANDIDATE, lastRpcTime:19ms, electionTimeout:19ms
2019-10-20 10:29:15,684 [Thread-3253] INFO  impl.RoleInfo (RoleInfo.java:shutdownFollowerState(121)) - df12c920-952d-4704-9c70-1a288e2f77c7: shutdown FollowerState
2019-10-20 10:29:15,684 [Thread-3253] INFO  impl.RaftServerImpl (RaftServerImpl.java:setRole(184)) - df12c920-952d-4704-9c70-1a288e2f77c7@group-75987F7FE399: changes role from  FOLLOWER to CANDIDATE at term 500 for changeToCandidate
2019-10-20 10:29:15,684 [Thread-3253] INFO  impl.RoleInfo (RoleInfo.java:updateAndGet(143)) - df12c920-952d-4704-9c70-1a288e2f77c7: start LeaderElection
2019-10-20 10:29:15,697 [df12c920-952d-4704-9c70-1a288e2f77c7@group-75987F7FE399-LeaderElection443] INFO  impl.LeaderElection (LeaderElection.java:askForVotes(178)) - df12c920-952d-4704-9c70-1a288e2f77c7@group-75987F7FE399-LeaderElection443: begin an election at term 501 for -1: [875da3d9-0dec-46c7-88bf-73f7a2372b64:192.168.69.89:39990, df12c920-952d-4704-9c70-1a288e2f77c7:192.168.69.89:43948, 9ceef694-dbcf-4070-b7b1-3b3c65b6a699:192.168.69.89:36536], old=null
2019-10-20 10:29:15,699 [grpc-default-executor-3] INFO  impl.RaftServerImpl (RaftServerImpl.java:setRole(184)) - 875da3d9-0dec-46c7-88bf-73f7a2372b64@group-75987F7FE399: changes role from  FOLLOWER to FOLLOWER at term 501 for recognizeCandidate:df12c920-952d-4704-9c70-1a288e2f77c7
2019-10-20 10:29:15,699 [grpc-default-executor-4] INFO  impl.RaftServerImpl (RaftServerImpl.java:setRole(184)) - 9ceef694-dbcf-4070-b7b1-3b3c65b6a699@group-75987F7FE399: changes role from  FOLLOWER to FOLLOWER at term 501 for recognizeCandidate:df12c920-952d-4704-9c70-1a288e2f77c7
2019-10-20 10:29:15,699 [grpc-default-executor-3] INFO  impl.RoleInfo (RoleInfo.java:shutdownFollowerState(121)) - 875da3d9-0dec-46c7-88bf-73f7a2372b64: shutdown FollowerState
2019-10-20 10:29:15,699 [grpc-default-executor-4] INFO  impl.RoleInfo (RoleInfo.java:shutdownFollowerState(121)) - 9ceef694-dbcf-4070-b7b1-3b3c65b6a699: shutdown FollowerState
2019-10-20 10:29:15,700 [Thread-3252] INFO  impl.FollowerState (FollowerState.java:run(117)) - 875da3d9-0dec-46c7-88bf-73f7a2372b64@group-75987F7FE399-FollowerState was interrupted: java.lang.InterruptedException: sleep interrupted
2019-10-20 10:29:15,699 [grpc-default-executor-3] INFO  impl.RoleInfo (RoleInfo.java:updateAndGet(143)) - 875da3d9-0dec-46c7-88bf-73f7a2372b64: start FollowerState
2019-10-20 10:29:15,700 [grpc-default-executor-4] INFO  impl.RoleInfo (RoleInfo.java:updateAndGet(143)) - 9ceef694-dbcf-4070-b7b1-3b3c65b6a699: start FollowerState
2019-10-20 10:29:15,700 [Thread-3251] INFO  impl.FollowerState (FollowerState.java:run(117)) - 9ceef694-dbcf-4070-b7b1-3b3c65b6a699@group-75987F7FE399-FollowerState was interrupted: java.lang.InterruptedException: sleep interrupted
2019-10-20 10:29:15,713 [df12c920-952d-4704-9c70-1a288e2f77c7@group-75987F7FE399-LeaderElection443] INFO  impl.LeaderElection (LeaderElection.java:logAndReturn(56)) - df12c920-952d-4704-9c70-1a288e2f77c7@group-75987F7FE399-LeaderElection443: Election REJECTED; received 2 response(s) [df12c920-952d-4704-9c70-1a288e2f77c7<-875da3d9-0dec-46c7-88bf-73f7a2372b64#0:FAIL-t501, df12c920-952d-4704-9c70-1a288e2f77c7<-9ceef694-dbcf-4070-b7b1-3b3c65b6a699#0:FAIL-t501] and 0 exception(s); df12c920-952d-4704-9c70-1a288e2f77c7@group-75987F7FE399:t501, leader=null, voted=df12c920-952d-4704-9c70-1a288e2f77c7, raftlog=df12c920-952d-4704-9c70-1a288e2f77c7@group-75987F7FE399-SegmentedRaftLog:OPENED:c-1,f-1,i0, conf=-1: [875da3d9-0dec-46c7-88bf-73f7a2372b64:192.168.69.89:39990, df12c920-952d-4704-9c70-1a288e2f77c7:192.168.69.89:43948, 9ceef694-dbcf-4070-b7b1-3b3c65b6a699:192.168.69.89:36536], old=null
2019-10-20 10:29:15,714 [df12c920-952d-4704-9c70-1a288e2f77c7@group-75987F7FE399-LeaderElection443] INFO  impl.RaftServerImpl (RaftServerImpl.java:setRole(184)) - df12c920-952d-4704-9c70-1a288e2f77c7@group-75987F7FE399: changes role from CANDIDATE to FOLLOWER at term 501 for DISCOVERED_A_NEW_TERM
2019-10-20 10:29:15,714 [df12c920-952d-4704-9c70-1a288e2f77c7@group-75987F7FE399-LeaderElection443] INFO  impl.RoleInfo (RoleInfo.java:shutdownLeaderElection(134)) - df12c920-952d-4704-9c70-1a288e2f77c7: shutdown LeaderElection
2019-10-20 10:29:15,714 [df12c920-952d-4704-9c70-1a288e2f77c7@group-75987F7FE399-LeaderElection443] INFO  impl.RoleInfo (RoleInfo.java:updateAndGet(143)) - df12c920-952d-4704-9c70-1a288e2f77c7: start FollowerState
2019-10-20 10:29:15,747 [Thread-3259] INFO  impl.FollowerState (FollowerState.java:run(108)) - df12c920-952d-4704-9c70-1a288e2f77c7@group-75987F7FE399-FollowerState: change to CANDIDATE, lastRpcTime:33ms, electionTimeout:33ms
2019-10-20 10:29:15,747 [Thread-3259] INFO  impl.RoleInfo (RoleInfo.java:shutdownFollowerState(121)) - df12c920-952d-4704-9c70-1a288e2f77c7: shutdown FollowerState
2019-10-20 10:29:15,747 [Thread-3259] INFO  impl.RaftServerImpl (RaftServerImpl.java:setRole(184)) - df12c920-952d-4704-9c70-1a288e2f77c7@group-75987F7FE399: changes role from  FOLLOWER to CANDIDATE at term 501 for changeToCandidate
2019-10-20 10:29:15,747 [Thread-3259] INFO  impl.RoleInfo (RoleInfo.java:updateAndGet(143)) - df12c920-952d-4704-9c70-1a288e2f77c7: start LeaderElection
2019-10-20 10:29:15,772 [df12c920-952d-4704-9c70-1a288e2f77c7@group-75987F7FE399-LeaderElection444] INFO  impl.LeaderElection (LeaderElection.java:askForVotes(178)) - df12c920-952d-4704-9c70-1a288e2f77c7@group-75987F7FE399-LeaderElection444: begin an election at term 502 for -1: [875da3d9-0dec-46c7-88bf-73f7a2372b64:192.168.69.89:39990, df12c920-952d-4704-9c70-1a288e2f77c7:192.168.69.89:43948, 9ceef694-dbcf-4070-b7b1-3b3c65b6a699:192.168.69.89:36536], old=null
2019-10-20 10:29:15,774 [grpc-default-executor-3] INFO  impl.RaftServerImpl (RaftServerImpl.java:setRole(184)) - 875da3d9-0dec-46c7-88bf-73f7a2372b64@group-75987F7FE399: changes role from  FOLLOWER to FOLLOWER at term 502 for recognizeCandidate:df12c920-952d-4704-9c70-1a288e2f77c7
2019-10-20 10:29:15,774 [grpc-default-executor-3] INFO  impl.RoleInfo (RoleInfo.java:shutdownFollowerState(121)) - 875da3d9-0dec-46c7-88bf-73f7a2372b64: shutdown FollowerState
2019-10-20 10:29:15,774 [grpc-default-executor-3] INFO  impl.RoleInfo (RoleInfo.java:updateAndGet(143)) - 875da3d9-0dec-46c7-88bf-73f7a2372b64: start FollowerState
2019-10-20 10:29:15,774 [Thread-3257] INFO  impl.FollowerState (FollowerState.java:run(117)) - 875da3d9-0dec-46c7-88bf-73f7a2372b64@group-75987F7FE399-FollowerState was interrupted: java.lang.InterruptedException: sleep interrupted
2019-10-20 10:29:15,774 [grpc-default-executor-4] INFO  impl.RaftServerImpl (RaftServerImpl.java:setRole(184)) - 9ceef694-dbcf-4070-b7b1-3b3c65b6a699@group-75987F7FE399: changes role from  FOLLOWER to FOLLOWER at term 502 for recognizeCandidate:df12c920-952d-4704-9c70-1a288e2f77c7
2019-10-20 10:29:15,775 [grpc-default-executor-4] INFO  impl.RoleInfo (RoleInfo.java:shutdownFollowerState(121)) - 9ceef694-dbcf-4070-b7b1-3b3c65b6a699: shutdown FollowerState
2019-10-20 10:29:15,775 [grpc-default-executor-4] INFO  impl.RoleInfo (RoleInfo.java:updateAndGet(143)) - 9ceef694-dbcf-4070-b7b1-3b3c65b6a699: start FollowerState
2019-10-20 10:29:15,775 [Thread-3258] INFO  impl.FollowerState (FollowerState.java:run(117)) - 9ceef694-dbcf-4070-b7b1-3b3c65b6a699@group-75987F7FE399-FollowerState was interrupted: java.lang.InterruptedException: sleep interrupted
2019-10-20 10:29:15,801 [df12c920-952d-4704-9c70-1a288e2f77c7@group-75987F7FE399-LeaderElection444] INFO  impl.LeaderElection (LeaderElection.java:logAndReturn(56)) - df12c920-952d-4704-9c70-1a288e2f77c7@group-75987F7FE399-LeaderElection444: Election REJECTED; received 2 response(s) [df12c920-952d-4704-9c70-1a288e2f77c7<-875da3d9-0dec-46c7-88bf-73f7a2372b64#0:FAIL-t502, df12c920-952d-4704-9c70-1a288e2f77c7<-9ceef694-dbcf-4070-b7b1-3b3c65b6a699#0:FAIL-t502] and 0 exception(s); df12c920-952d-4704-9c70-1a288e2f77c7@group-75987F7FE399:t502, leader=null, voted=df12c920-952d-4704-9c70-1a288e2f77c7, raftlog=df12c920-952d-4704-9c70-1a288e2f77c7@group-75987F7FE399-SegmentedRaftLog:OPENED:c-1,f-1,i0, conf=-1: [875da3d9-0dec-46c7-88bf-73f7a2372b64:192.168.69.89:39990, df12c920-952d-4704-9c70-1a288e2f77c7:192.168.69.89:43948, 9ceef694-dbcf-4070-b7b1-3b3c65b6a699:192.168.69.89:36536], old=null
2019-10-20 10:29:15,801 [df12c920-952d-4704-9c70-1a288e2f77c7@group-75987F7FE399-LeaderElection444] INFO  impl.RaftServerImpl (RaftServerImpl.java:setRole(184)) - df12c920-952d-4704-9c70-1a288e2f77c7@group-75987F7FE399: changes role from CANDIDATE to FOLLOWER at term 502 for DISCOVERED_A_NEW_TERM
2019-10-20 10:29:15,801 [df12c920-952d-4704-9c70-1a288e2f77c7@group-75987F7FE399-LeaderElection444] INFO  impl.RoleInfo (RoleInfo.java:shutdownLeaderElection(134)) - df12c920-952d-4704-9c70-1a288e2f77c7: shutdown LeaderElection
2019-10-20 10:29:15,801 [df12c920-952d-4704-9c70-1a288e2f77c7@group-75987F7FE399-LeaderElection444] INFO  impl.RoleInfo (RoleInfo.java:updateAndGet(143)) - df12c920-952d-4704-9c70-1a288e2f77c7: start FollowerState
2019-10-20 10:29:15,934 [Thread-3265] INFO  impl.FollowerState (FollowerState.java:run(108)) - df12c920-952d-4704-9c70-1a288e2f77c7@group-75987F7FE399-FollowerState: change to CANDIDATE, lastRpcTime:133ms, electionTimeout:133ms
2019-10-20 10:29:15,935 [Thread-3265] INFO  impl.RoleInfo (RoleInfo.java:shutdownFollowerState(121)) - df12c920-952d-4704-9c70-1a288e2f77c7: shutdown FollowerState
2019-10-20 10:29:15,935 [Thread-3265] INFO  impl.RaftServerImpl (RaftServerImpl.java:setRole(184)) - df12c920-952d-4704-9c70-1a288e2f77c7@group-75987F7FE399: changes role from  FOLLOWER to CANDIDATE at term 502 for changeToCandidate
2019-10-20 10:29:15,935 [Thread-3265] INFO  impl.RoleInfo (RoleInfo.java:updateAndGet(143)) - df12c920-952d-4704-9c70-1a288e2f77c7: start LeaderElection
2019-10-20 10:29:15,948 [df12c920-952d-4704-9c70-1a288e2f77c7@group-75987F7FE399-LeaderElection445] INFO  impl.LeaderElection (LeaderElection.java:askForVotes(178)) - df12c920-952d-4704-9c70-1a288e2f77c7@group-75987F7FE399-LeaderElection445: begin an election at term 503 for -1: [875da3d9-0dec-46c7-88bf-73f7a2372b64:192.168.69.89:39990, df12c920-952d-4704-9c70-1a288e2f77c7:192.168.69.89:43948, 9ceef694-dbcf-4070-b7b1-3b3c65b6a699:192.168.69.89:36536], old=null
2019-10-20 10:29:15,950 [grpc-default-executor-4] INFO  impl.RaftServerImpl (RaftServerImpl.java:setRole(184)) - 875da3d9-0dec-46c7-88bf-73f7a2372b64@group-75987F7FE399: changes role from  FOLLOWER to FOLLOWER at term 503 for recognizeCandidate:df12c920-952d-4704-9c70-1a288e2f77c7
2019-10-20 10:29:15,950 [grpc-default-executor-4] INFO  impl.RoleInfo (RoleInfo.java:shutdownFollowerState(121)) - 875da3d9-0dec-46c7-88bf-73f7a2372b64: shutdown FollowerState
2019-10-20 10:29:15,950 [grpc-default-executor-3] INFO  impl.RaftServerImpl (RaftServerImpl.java:setRole(184)) - 9ceef694-dbcf-4070-b7b1-3b3c65b6a699@group-75987F7FE399: changes role from  FOLLOWER to FOLLOWER at term 503 for recognizeCandidate:df12c920-952d-4704-9c70-1a288e2f77c7
2019-10-20 10:29:15,950 [grpc-default-executor-3] INFO  impl.RoleInfo (RoleInfo.java:shutdownFollowerState(121)) - 9ceef694-dbcf-4070-b7b1-3b3c65b6a699: shutdown FollowerState
2019-10-20 10:29:15,950 [grpc-default-executor-4] INFO  impl.RoleInfo (RoleInfo.java:updateAndGet(143)) - 875da3d9-0dec-46c7-88bf-73f7a2372b64: start FollowerState
2019-10-20 10:29:15,951 [Thread-3264] INFO  impl.FollowerState (FollowerState.java:run(117)) - 9ceef694-dbcf-4070-b7b1-3b3c65b6a699@group-75987F7FE399-FollowerState was interrupted: java.lang.InterruptedException: sleep interrupted
2019-10-20 10:29:15,951 [grpc-default-executor-3] INFO  impl.RoleInfo (RoleInfo.java:updateAndGet(143)) - 9ceef694-dbcf-4070-b7b1-3b3c65b6a699: start FollowerState
2019-10-20 10:29:15,950 [Thread-3263] INFO  impl.FollowerState (FollowerState.java:run(117)) - 875da3d9-0dec-46c7-88bf-73f7a2372b64@group-75987F7FE399-FollowerState was interrupted: java.lang.InterruptedException: sleep interrupted
2019-10-20 10:29:15,965 [df12c920-952d-4704-9c70-1a288e2f77c7@group-75987F7FE399-LeaderElection445] INFO  impl.LeaderElection (LeaderElection.java:logAndReturn(56)) - df12c920-952d-4704-9c70-1a288e2f77c7@group-75987F7FE399-LeaderElection445: Election REJECTED; received 2 response(s) [df12c920-952d-4704-9c70-1a288e2f77c7<-875da3d9-0dec-46c7-88bf-73f7a2372b64#0:FAIL-t503, df12c920-952d-4704-9c70-1a288e2f77c7<-9ceef694-dbcf-4070-b7b1-3b3c65b6a699#0:FAIL-t503] and 0 exception(s); df12c920-952d-4704-9c70-1a288e2f77c7@group-75987F7FE399:t503, leader=null, voted=df12c920-952d-4704-9c70-1a288e2f77c7, raftlog=df12c920-952d-4704-9c70-1a288e2f77c7@group-75987F7FE399-SegmentedRaftLog:OPENED:c-1,f-1,i0, conf=-1: [875da3d9-0dec-46c7-88bf-73f7a2372b64:192.168.69.89:39990, df12c920-952d-4704-9c70-1a288e2f77c7:192.168.69.89:43948, 9ceef694-dbcf-4070-b7b1-3b3c65b6a699:192.168.69.89:36536], old=null
2019-10-20 10:29:15,965 [df12c920-952d-4704-9c70-1a288e2f77c7@group-75987F7FE399-LeaderElection445] INFO  impl.RaftServerImpl (RaftServerImpl.java:setRole(184)) - df12c920-952d-4704-9c70-1a288e2f77c7@group-75987F7FE399: changes role from CANDIDATE to FOLLOWER at term 503 for DISCOVERED_A_NEW_TERM
2019-10-20 10:29:15,965 [df12c920-952d-4704-9c70-1a288e2f77c7@group-75987F7FE399-LeaderElection445] INFO  impl.RoleInfo (RoleInfo.java:shutdownLeaderElection(134)) - df12c920-952d-4704-9c70-1a288e2f77c7: shutdown LeaderElection
2019-10-20 10:29:15,966 [df12c920-952d-4704-9c70-1a288e2f77c7@group-75987F7FE399-LeaderElection445] INFO  impl.RoleInfo (RoleInfo.java:updateAndGet(143)) - df12c920-952d-4704-9c70-1a288e2f77c7: start FollowerState
2019-10-20 10:29:16,037 [Thread-3271] INFO  impl.FollowerState (FollowerState.java:run(108)) - df12c920-952d-4704-9c70-1a288e2f77c7@group-75987F7FE399-FollowerState: change to CANDIDATE, lastRpcTime:71ms, electionTimeout:71ms
2019-10-20 10:29:16,037 [Thread-3271] INFO  impl.RoleInfo (RoleInfo.java:shutdownFollowerState(121)) - df12c920-952d-4704-9c70-1a288e2f77c7: shutdown FollowerState
2019-10-20 10:29:16,037 [Thread-3271] INFO  impl.RaftServerImpl (RaftServerImpl.java:setRole(184)) - df12c920-952d-4704-9c70-1a288e2f77c7@group-75987F7FE399: changes role from  FOLLOWER to CANDIDATE at term 503 for changeToCandidate
2019-10-20 10:29:16,037 [Thread-3271] INFO  impl.RoleInfo (RoleInfo.java:updateAndGet(143)) - df12c920-952d-4704-9c70-1a288e2f77c7: start LeaderElection
2019-10-20 10:29:16,051 [df12c920-952d-4704-9c70-1a288e2f77c7@group-75987F7FE399-LeaderElection446] INFO  impl.LeaderElection (LeaderElection.java:askForVotes(178)) - df12c920-952d-4704-9c70-1a288e2f77c7@group-75987F7FE399-LeaderElection446: begin an election at term 504 for -1: [875da3d9-0dec-46c7-88bf-73f7a2372b64:192.168.69.89:39990, df12c920-952d-4704-9c70-1a288e2f77c7:192.168.69.89:43948, 9ceef694-dbcf-4070-b7b1-3b3c65b6a699:192.168.69.89:36536], old=null
2019-10-20 10:29:16,053 [grpc-default-executor-3] INFO  impl.RaftServerImpl (RaftServerImpl.java:setRole(184)) - 875da3d9-0dec-46c7-88bf-73f7a2372b64@group-75987F7FE399: changes role from  FOLLOWER to FOLLOWER at term 504 for recognizeCandidate:df12c920-952d-4704-9c70-1a288e2f77c7
2019-10-20 10:29:16,053 [grpc-default-executor-3] INFO  impl.RoleInfo (RoleInfo.java:shutdownFollowerState(121)) - 875da3d9-0dec-46c7-88bf-73f7a2372b64: shutdown FollowerState
2019-10-20 10:29:16,053 [grpc-default-executor-3] INFO  impl.RoleInfo (RoleInfo.java:updateAndGet(143)) - 875da3d9-0dec-46c7-88bf-73f7a2372b64: start FollowerState
2019-10-20 10:29:16,053 [Thread-3269] INFO  impl.FollowerState (FollowerState.java:run(117)) - 875da3d9-0dec-46c7-88bf-73f7a2372b64@group-75987F7FE399-FollowerState was interrupted: java.lang.InterruptedException: sleep interrupted
2019-10-20 10:29:16,053 [grpc-default-executor-4] INFO  impl.RaftServerImpl (RaftServerImpl.java:setRole(184)) - 9ceef694-dbcf-4070-b7b1-3b3c65b6a699@group-75987F7FE399: changes role from  FOLLOWER to FOLLOWER at term 504 for recognizeCandidate:df12c920-952d-4704-9c70-1a288e2f77c7
2019-10-20 10:29:16,053 [grpc-default-executor-4] INFO  impl.RoleInfo (RoleInfo.java:shutdownFollowerState(121)) - 9ceef694-dbcf-4070-b7b1-3b3c65b6a699: shutdown FollowerState
2019-10-20 10:29:16,054 [grpc-default-executor-4] INFO  impl.RoleInfo (RoleInfo.java:updateAndGet(143)) - 9ceef694-dbcf-4070-b7b1-3b3c65b6a699: start FollowerState
2019-10-20 10:29:16,054 [Thread-3270] INFO  impl.FollowerState (FollowerState.java:run(117)) - 9ceef694-dbcf-4070-b7b1-3b3c65b6a699@group-75987F7FE399-FollowerState was interrupted: java.lang.InterruptedException: sleep interrupted
2019-10-20 10:29:16,063 [df12c920-952d-4704-9c70-1a288e2f77c7@group-75987F7FE399-LeaderElection446] INFO  impl.LeaderElection (LeaderElection.java:logAndReturn(56)) - df12c920-952d-4704-9c70-1a288e2f77c7@group-75987F7FE399-LeaderElection446: Election TIMEOUT; received 0 response(s) [] and 0 exception(s); df12c920-952d-4704-9c70-1a288e2f77c7@group-75987F7FE399:t504, leader=null, voted=df12c920-952d-4704-9c70-1a288e2f77c7, raftlog=df12c920-952d-4704-9c70-1a288e2f77c7@group-75987F7FE399-SegmentedRaftLog:OPENED:c-1,f-1,i0, conf=-1: [875da3d9-0dec-46c7-88bf-73f7a2372b64:192.168.69.89:39990, df12c920-952d-4704-9c70-1a288e2f77c7:192.168.69.89:43948, 9ceef694-dbcf-4070-b7b1-3b3c65b6a699:192.168.69.89:36536], old=null
2019-10-20 10:29:16,066 [df12c920-952d-4704-9c70-1a288e2f77c7@group-75987F7FE399-LeaderElection446] INFO  impl.LeaderElection (LeaderElection.java:askForVotes(178)) - df12c920-952d-4704-9c70-1a288e2f77c7@group-75987F7FE399-LeaderElection446: begin an election at term 505 for -1: [875da3d9-0dec-46c7-88bf-73f7a2372b64:192.168.69.89:39990, df12c920-952d-4704-9c70-1a288e2f77c7:192.168.69.89:43948, 9ceef694-dbcf-4070-b7b1-3b3c65b6a699:192.168.69.89:36536], old=null
2019-10-20 10:29:16,068 [grpc-default-executor-4] INFO  impl.RaftServerImpl (RaftServerImpl.java:setRole(184)) - 875da3d9-0dec-46c7-88bf-73f7a2372b64@group-75987F7FE399: changes role from  FOLLOWER to FOLLOWER at term 505 for recognizeCandidate:df12c920-952d-4704-9c70-1a288e2f77c7
2019-10-20 10:29:16,068 [grpc-default-executor-3] INFO  impl.RaftServerImpl (RaftServerImpl.java:setRole(184)) - 9ceef694-dbcf-4070-b7b1-3b3c65b6a699@group-75987F7FE399: changes role from  FOLLOWER to FOLLOWER at term 505 for recognizeCandidate:df12c920-952d-4704-9c70-1a288e2f77c7
2019-10-20 10:29:16,068 [grpc-default-executor-3] INFO  impl.RoleInfo (RoleInfo.java:shutdownFollowerState(121)) - 9ceef694-dbcf-4070-b7b1-3b3c65b6a699: shutdown FollowerState
2019-10-20 10:29:16,068 [grpc-default-executor-4] INFO  impl.RoleInfo (RoleInfo.java:shutdownFollowerState(121)) - 875da3d9-0dec-46c7-88bf-73f7a2372b64: shutdown FollowerState
2019-10-20 10:29:16,068 [Thread-3276] INFO  impl.FollowerState (FollowerState.java:run(117)) - 9ceef694-dbcf-4070-b7b1-3b3c65b6a699@group-75987F7FE399-FollowerState was interrupted: java.lang.InterruptedException: sleep interrupted
2019-10-20 10:29:16,068 [grpc-default-executor-3] INFO  impl.RoleInfo (RoleInfo.java:updateAndGet(143)) - 9ceef694-dbcf-4070-b7b1-3b3c65b6a699: start FollowerState
2019-10-20 10:29:16,068 [Thread-3275] INFO  impl.FollowerState (FollowerState.java:run(117)) - 875da3d9-0dec-46c7-88bf-73f7a2372b64@group-75987F7FE399-FollowerState was interrupted: java.lang.InterruptedException: sleep interrupted
2019-10-20 10:29:16,068 [grpc-default-executor-4] INFO  impl.RoleInfo (RoleInfo.java:updateAndGet(143)) - 875da3d9-0dec-46c7-88bf-73f7a2372b64: start FollowerState
2019-10-20 10:29:16,083 [df12c920-952d-4704-9c70-1a288e2f77c7@group-75987F7FE399-LeaderElection446] INFO  impl.LeaderElection (LeaderElection.java:logAndReturn(56)) - df12c920-952d-4704-9c70-1a288e2f77c7@group-75987F7FE399-LeaderElection446: Election REJECTED; received 2 response(s) [df12c920-952d-4704-9c70-1a288e2f77c7<-875da3d9-0dec-46c7-88bf-73f7a2372b64#0:FAIL-t505, df12c920-952d-4704-9c70-1a288e2f77c7<-9ceef694-dbcf-4070-b7b1-3b3c65b6a699#0:FAIL-t505] and 0 exception(s); df12c920-952d-4704-9c70-1a288e2f77c7@group-75987F7FE399:t505, leader=null, voted=df12c920-952d-4704-9c70-1a288e2f77c7, raftlog=df12c920-952d-4704-9c70-1a288e2f77c7@group-75987F7FE399-SegmentedRaftLog:OPENED:c-1,f-1,i0, conf=-1: [875da3d9-0dec-46c7-88bf-73f7a2372b64:192.168.69.89:39990, df12c920-952d-4704-9c70-1a288e2f77c7:192.168.69.89:43948, 9ceef694-dbcf-4070-b7b1-3b3c65b6a699:192.168.69.89:36536], old=null
2019-10-20 10:29:16,083 [df12c920-952d-4704-9c70-1a288e2f77c7@group-75987F7FE399-LeaderElection446] INFO  impl.RaftServerImpl (RaftServerImpl.java:setRole(184)) - df12c920-952d-4704-9c70-1a288e2f77c7@group-75987F7FE399: changes role from CANDIDATE to FOLLOWER at term 505 for DISCOVERED_A_NEW_TERM
2019-10-20 10:29:16,083 [df12c920-952d-4704-9c70-1a288e2f77c7@group-75987F7FE399-LeaderElection446] INFO  impl.RoleInfo (RoleInfo.java:shutdownLeaderElection(134)) - df12c920-952d-4704-9c70-1a288e2f77c7: shutdown LeaderElection
2019-10-20 10:29:16,083 [df12c920-952d-4704-9c70-1a288e2f77c7@group-75987F7FE399-LeaderElection446] INFO  impl.RoleInfo (RoleInfo.java:updateAndGet(143)) - df12c920-952d-4704-9c70-1a288e2f77c7: start FollowerState
2019-10-20 10:29:16,126 [ForkJoinPool.commonPool-worker-0] INFO  ozoneimpl.OzoneContainer (OzoneContainer.java:stop(227)) - Attempting to stop container services.
2019-10-20 10:29:16,126 [main] INFO  ozoneimpl.OzoneContainer (OzoneContainer.java:stop(227)) - Attempting to stop container services.
2019-10-20 10:29:16,127 [ForkJoinPool.commonPool-worker-0] INFO  impl.RaftServerProxy (RaftServerProxy.java:lambda$close$4(314)) - 875da3d9-0dec-46c7-88bf-73f7a2372b64: close
2019-10-20 10:29:16,127 [main] INFO  impl.RaftServerProxy (RaftServerProxy.java:lambda$close$4(314)) - df12c920-952d-4704-9c70-1a288e2f77c7: close
2019-10-20 10:29:16,127 [ForkJoinPool.commonPool-worker-0] INFO  impl.RaftServerImpl (RaftServerImpl.java:lambda$shutdown$3(261)) - 875da3d9-0dec-46c7-88bf-73f7a2372b64@group-75987F7FE399: shutdown
2019-10-20 10:29:16,128 [main] INFO  impl.RaftServerImpl (RaftServerImpl.java:lambda$shutdown$3(261)) - df12c920-952d-4704-9c70-1a288e2f77c7@group-75987F7FE399: shutdown
2019-10-20 10:29:16,128 [ForkJoinPool.commonPool-worker-0] INFO  util.JmxRegister (JmxRegister.java:unregister(73)) - Successfully un-registered JMX Bean with object name Ratis:service=RaftServer,group=group-75987F7FE399,id=875da3d9-0dec-46c7-88bf-73f7a2372b64
2019-10-20 10:29:16,128 [main] INFO  util.JmxRegister (JmxRegister.java:unregister(73)) - Successfully un-registered JMX Bean with object name Ratis:service=RaftServer,group=group-75987F7FE399,id=df12c920-952d-4704-9c70-1a288e2f77c7
2019-10-20 10:29:16,128 [ForkJoinPool.commonPool-worker-0] INFO  impl.RoleInfo (RoleInfo.java:shutdownFollowerState(121)) - 875da3d9-0dec-46c7-88bf-73f7a2372b64: shutdown FollowerState
2019-10-20 10:29:16,128 [main] INFO  impl.RoleInfo (RoleInfo.java:shutdownFollowerState(121)) - df12c920-952d-4704-9c70-1a288e2f77c7: shutdown FollowerState
2019-10-20 10:29:16,128 [Thread-3280] INFO  impl.FollowerState (FollowerState.java:run(117)) - 875da3d9-0dec-46c7-88bf-73f7a2372b64@group-75987F7FE399-FollowerState was interrupted: java.lang.InterruptedException: sleep interrupted
2019-10-20 10:29:16,128 [ForkJoinPool.commonPool-worker-0] INFO  impl.StateMachineUpdater (StateMachineUpdater.java:stopAndJoin(136)) - 875da3d9-0dec-46c7-88bf-73f7a2372b64@group-75987F7FE399-StateMachineUpdater: set stopIndex = -1
2019-10-20 10:29:16,129 [ForkJoinPool.commonPool-worker-0] INFO  impl.RaftServerImpl (ServerState.java:close(388)) - 875da3d9-0dec-46c7-88bf-73f7a2372b64@group-75987F7FE399: closes. applyIndex: -1
2019-10-20 10:29:16,129 [Thread-3281] INFO  impl.FollowerState (FollowerState.java:run(117)) - df12c920-952d-4704-9c70-1a288e2f77c7@group-75987F7FE399-FollowerState was interrupted: java.lang.InterruptedException: sleep interrupted
2019-10-20 10:29:16,129 [875da3d9-0dec-46c7-88bf-73f7a2372b64@group-75987F7FE399-SegmentedRaftLogWorker] INFO  segmented.SegmentedRaftLogWorker (SegmentedRaftLogWorker.java:run(316)) - 875da3d9-0dec-46c7-88bf-73f7a2372b64@group-75987F7FE399-SegmentedRaftLogWorker was interrupted, exiting. There are 0 tasks remaining in the queue.
2019-10-20 10:29:16,129 [main] INFO  impl.StateMachineUpdater (StateMachineUpdater.java:stopAndJoin(136)) - df12c920-952d-4704-9c70-1a288e2f77c7@group-75987F7FE399-StateMachineUpdater: set stopIndex = -1
2019-10-20 10:29:16,131 [ForkJoinPool.commonPool-worker-0] INFO  segmented.SegmentedRaftLogWorker (SegmentedRaftLogWorker.java:close(224)) - 875da3d9-0dec-46c7-88bf-73f7a2372b64@group-75987F7FE399-SegmentedRaftLogWorker close()
2019-10-20 10:29:16,131 [main] INFO  impl.RaftServerImpl (ServerState.java:close(388)) - df12c920-952d-4704-9c70-1a288e2f77c7@group-75987F7FE399: closes. applyIndex: -1
2019-10-20 10:29:16,132 [ForkJoinPool.commonPool-worker-0] INFO  impl.RaftServerImpl (RaftServerImpl.java:lambda$shutdown$3(261)) - 875da3d9-0dec-46c7-88bf-73f7a2372b64@group-87A2375FA410: shutdown
2019-10-20 10:29:16,133 [df12c920-952d-4704-9c70-1a288e2f77c7@group-75987F7FE399-SegmentedRaftLogWorker] INFO  segmented.SegmentedRaftLogWorker (SegmentedRaftLogWorker.java:run(316)) - df12c920-952d-4704-9c70-1a288e2f77c7@group-75987F7FE399-SegmentedRaftLogWorker was interrupted, exiting. There are 0 tasks remaining in the queue.
2019-10-20 10:29:16,133 [ForkJoinPool.commonPool-worker-0] INFO  util.JmxRegister (JmxRegister.java:unregister(73)) - Successfully un-registered JMX Bean with object name Ratis:service=RaftServer,group=group-87A2375FA410,id=875da3d9-0dec-46c7-88bf-73f7a2372b64
2019-10-20 10:29:16,133 [main] INFO  segmented.SegmentedRaftLogWorker (SegmentedRaftLogWorker.java:close(224)) - df12c920-952d-4704-9c70-1a288e2f77c7@group-75987F7FE399-SegmentedRaftLogWorker close()
2019-10-20 10:29:16,133 [ForkJoinPool.commonPool-worker-0] INFO  impl.RoleInfo (RoleInfo.java:shutdownLeaderState(104)) - 875da3d9-0dec-46c7-88bf-73f7a2372b64: shutdown LeaderState
2019-10-20 10:29:16,135 [main] INFO  impl.RaftServerImpl (RaftServerImpl.java:lambda$shutdown$3(261)) - df12c920-952d-4704-9c70-1a288e2f77c7@group-AC8CAC662913: shutdown
2019-10-20 10:29:16,135 [ForkJoinPool.commonPool-worker-0] INFO  impl.PendingRequests (PendingRequests.java:sendNotLeaderResponses(202)) - 875da3d9-0dec-46c7-88bf-73f7a2372b64@group-87A2375FA410-PendingRequests: sendNotLeaderResponses
2019-10-20 10:29:16,135 [main] INFO  util.JmxRegister (JmxRegister.java:unregister(73)) - Successfully un-registered JMX Bean with object name Ratis:service=RaftServer,group=group-AC8CAC662913,id=df12c920-952d-4704-9c70-1a288e2f77c7
2019-10-20 10:29:16,135 [ForkJoinPool.commonPool-worker-0] INFO  impl.StateMachineUpdater (StateMachineUpdater.java:stopAndJoin(136)) - 875da3d9-0dec-46c7-88bf-73f7a2372b64@group-87A2375FA410-StateMachineUpdater: set stopIndex = 0
2019-10-20 10:29:16,135 [main] INFO  impl.RoleInfo (RoleInfo.java:shutdownLeaderState(104)) - df12c920-952d-4704-9c70-1a288e2f77c7: shutdown LeaderState
2019-10-20 10:29:16,136 [main] INFO  impl.PendingRequests (PendingRequests.java:sendNotLeaderResponses(202)) - df12c920-952d-4704-9c70-1a288e2f77c7@group-AC8CAC662913-PendingRequests: sendNotLeaderResponses
2019-10-20 10:29:16,136 [main] INFO  impl.StateMachineUpdater (StateMachineUpdater.java:stopAndJoin(136)) - df12c920-952d-4704-9c70-1a288e2f77c7@group-AC8CAC662913-StateMachineUpdater: set stopIndex = 0
2019-10-20 10:29:16,136 [ForkJoinPool.commonPool-worker-0] INFO  impl.RaftServerImpl (ServerState.java:close(388)) - 875da3d9-0dec-46c7-88bf-73f7a2372b64@group-87A2375FA410: closes. applyIndex: 0
2019-10-20 10:29:16,136 [main] INFO  impl.RaftServerImpl (ServerState.java:close(388)) - df12c920-952d-4704-9c70-1a288e2f77c7@group-AC8CAC662913: closes. applyIndex: 0
2019-10-20 10:29:16,137 [875da3d9-0dec-46c7-88bf-73f7a2372b64@group-87A2375FA410-SegmentedRaftLogWorker] INFO  segmented.SegmentedRaftLogWorker (SegmentedRaftLogWorker.java:run(316)) - 875da3d9-0dec-46c7-88bf-73f7a2372b64@group-87A2375FA410-SegmentedRaftLogWorker was interrupted, exiting. There are 0 tasks remaining in the queue.
2019-10-20 10:29:16,137 [df12c920-952d-4704-9c70-1a288e2f77c7@group-AC8CAC662913-SegmentedRaftLogWorker] INFO  segmented.SegmentedRaftLogWorker (SegmentedRaftLogWorker.java:run(316)) - df12c920-952d-4704-9c70-1a288e2f77c7@group-AC8CAC662913-SegmentedRaftLogWorker was interrupted, exiting. There are 0 tasks remaining in the queue.
2019-10-20 10:29:16,138 [ForkJoinPool.commonPool-worker-0] INFO  segmented.SegmentedRaftLogWorker (SegmentedRaftLogWorker.java:close(224)) - 875da3d9-0dec-46c7-88bf-73f7a2372b64@group-87A2375FA410-SegmentedRaftLogWorker close()
2019-10-20 10:29:16,138 [main] INFO  segmented.SegmentedRaftLogWorker (SegmentedRaftLogWorker.java:close(224)) - df12c920-952d-4704-9c70-1a288e2f77c7@group-AC8CAC662913-SegmentedRaftLogWorker close()
2019-10-20 10:29:16,140 [ForkJoinPool.commonPool-worker-0] INFO  server.GrpcService (GrpcService.java:closeImpl(164)) - 875da3d9-0dec-46c7-88bf-73f7a2372b64: shutdown server with port 39990 now
2019-10-20 10:29:16,141 [main] INFO  server.GrpcService (GrpcService.java:closeImpl(164)) - df12c920-952d-4704-9c70-1a288e2f77c7: shutdown server with port 43948 now
2019-10-20 10:29:16,142 [main] INFO  server.GrpcService (GrpcService.java:closeImpl(172)) - df12c920-952d-4704-9c70-1a288e2f77c7: shutdown server with port 43948 successfully
2019-10-20 10:29:16,144 [ForkJoinPool.commonPool-worker-0] INFO  server.GrpcService (GrpcService.java:closeImpl(172)) - 875da3d9-0dec-46c7-88bf-73f7a2372b64: shutdown server with port 39990 successfully
2019-10-20 10:29:16,145 [refreshUsed-/workdir/hadoop-ozone/integration-test/target/test-dir/MiniOzoneClusterImpl-f8c67304-c3bb-4bf9-9bb2-8ae757b492ce/datanode-2/data/containers] WARN  fs.CachingGetSpaceUsed (CachingGetSpaceUsed.java:run(183)) - Thread Interrupted waiting to refresh disk information: sleep interrupted
2019-10-20 10:29:16,150 [refreshUsed-/workdir/hadoop-ozone/integration-test/target/test-dir/MiniOzoneClusterImpl-f8c67304-c3bb-4bf9-9bb2-8ae757b492ce/datanode-1/data/containers] WARN  fs.CachingGetSpaceUsed (CachingGetSpaceUsed.java:run(183)) - Thread Interrupted waiting to refresh disk information: sleep interrupted
2019-10-20 10:29:16,172 [ForkJoinPool.commonPool-worker-0] INFO  utils.BackgroundService (BackgroundService.java:shutdown(151)) - Shutting down service BlockDeletingService
2019-10-20 10:29:16,175 [ForkJoinPool.commonPool-worker-0] INFO  statemachine.DatanodeStateMachine (DatanodeStateMachine.java:stopDaemon(395)) - Ozone container server stopped.
2019-10-20 10:29:16,178 [main] INFO  utils.BackgroundService (BackgroundService.java:shutdown(151)) - Shutting down service BlockDeletingService
2019-10-20 10:29:16,180 [ForkJoinPool.commonPool-worker-0] INFO  handler.ContextHandler (ContextHandler.java:doStop(910)) - Stopped o.e.j.w.WebAppContext@7e446d92{/,null,UNAVAILABLE}{/hddsDatanode}
2019-10-20 10:29:16,181 [main] INFO  statemachine.DatanodeStateMachine (DatanodeStateMachine.java:stopDaemon(395)) - Ozone container server stopped.
2019-10-20 10:29:16,182 [ForkJoinPool.commonPool-worker-0] INFO  server.AbstractConnector (AbstractConnector.java:doStop(318)) - Stopped ServerConnector@57f9b467{HTTP/1.1,[http/1.1]}{0.0.0.0:0}
2019-10-20 10:29:16,183 [ForkJoinPool.commonPool-worker-0] INFO  handler.ContextHandler (ContextHandler.java:doStop(910)) - Stopped o.e.j.s.ServletContextHandler@544e8149{/static,jar:file:/home/user/.m2/repository/org/apache/hadoop/hadoop-hdds-container-service/0.5.0-SNAPSHOT/hadoop-hdds-container-service-0.5.0-SNAPSHOT.jar!/webapps/static,UNAVAILABLE}
2019-10-20 10:29:16,183 [main] INFO  handler.ContextHandler (ContextHandler.java:doStop(910)) - Stopped o.e.j.w.WebAppContext@3722c145{/,null,UNAVAILABLE}{/hddsDatanode}
2019-10-20 10:29:16,184 [ForkJoinPool.commonPool-worker-0] INFO  handler.ContextHandler (ContextHandler.java:doStop(910)) - Stopped o.e.j.s.ServletContextHandler@29a98d9f{/logs,file:///workdir/hadoop-ozone/integration-test/target/log,UNAVAILABLE}
2019-10-20 10:29:16,184 [main] INFO  server.AbstractConnector (AbstractConnector.java:doStop(318)) - Stopped ServerConnector@4cbc2e3b{HTTP/1.1,[http/1.1]}{0.0.0.0:0}
2019-10-20 10:29:16,185 [main] INFO  handler.ContextHandler (ContextHandler.java:doStop(910)) - Stopped o.e.j.s.ServletContextHandler@1caa9eb6{/static,jar:file:/home/user/.m2/repository/org/apache/hadoop/hadoop-hdds-container-service/0.5.0-SNAPSHOT/hadoop-hdds-container-service-0.5.0-SNAPSHOT.jar!/webapps/static,UNAVAILABLE}
2019-10-20 10:29:16,185 [main] INFO  handler.ContextHandler (ContextHandler.java:doStop(910)) - Stopped o.e.j.s.ServletContextHandler@51ec2856{/logs,file:///workdir/hadoop-ozone/integration-test/target/log,UNAVAILABLE}
2019-10-20 10:29:16,856 [Datanode State Machine Thread - 0] INFO  statemachine.DatanodeStateMachine (DatanodeStateMachine.java:lambda$startDaemon$0(350)) - Ozone container server started.
2019-10-20 10:29:16,869 [Datanode State Machine Thread - 0] INFO  statemachine.DatanodeStateMachine (DatanodeStateMachine.java:lambda$startDaemon$0(350)) - Ozone container server started.
2019-10-20 10:29:21,186 [ForkJoinPool.commonPool-worker-0] INFO  ozoneimpl.OzoneContainer (OzoneContainer.java:stop(227)) - Attempting to stop container services.
2019-10-20 10:29:21,187 [ForkJoinPool.commonPool-worker-0] INFO  impl.RaftServerProxy (RaftServerProxy.java:lambda$close$4(314)) - 9ceef694-dbcf-4070-b7b1-3b3c65b6a699: close
2019-10-20 10:29:21,187 [main] INFO  ozoneimpl.OzoneContainer (OzoneContainer.java:stop(227)) - Attempting to stop container services.
2019-10-20 10:29:21,187 [ForkJoinPool.commonPool-worker-0] INFO  impl.RaftServerImpl (RaftServerImpl.java:lambda$shutdown$3(261)) - 9ceef694-dbcf-4070-b7b1-3b3c65b6a699@group-75987F7FE399: shutdown
2019-10-20 10:29:21,188 [ForkJoinPool.commonPool-worker-0] INFO  util.JmxRegister (JmxRegister.java:unregister(73)) - Successfully un-registered JMX Bean with object name Ratis:service=RaftServer,group=group-75987F7FE399,id=9ceef694-dbcf-4070-b7b1-3b3c65b6a699
2019-10-20 10:29:21,188 [main] INFO  impl.RaftServerProxy (RaftServerProxy.java:lambda$close$4(314)) - 3626477e-4d8a-4897-821e-c70ad1c2a38d: close
2019-10-20 10:29:21,188 [ForkJoinPool.commonPool-worker-0] INFO  impl.RoleInfo (RoleInfo.java:shutdownFollowerState(121)) - 9ceef694-dbcf-4070-b7b1-3b3c65b6a699: shutdown FollowerState
2019-10-20 10:29:21,188 [main] INFO  impl.RaftServerImpl (RaftServerImpl.java:lambda$shutdown$3(261)) - 3626477e-4d8a-4897-821e-c70ad1c2a38d@group-0666379129A7: shutdown
2019-10-20 10:29:21,189 [Thread-3279] INFO  impl.FollowerState (FollowerState.java:run(117)) - 9ceef694-dbcf-4070-b7b1-3b3c65b6a699@group-75987F7FE399-FollowerState was interrupted: java.lang.InterruptedException: sleep interrupted
2019-10-20 10:29:21,188 [ForkJoinPool.commonPool-worker-0] INFO  impl.StateMachineUpdater (StateMachineUpdater.java:stopAndJoin(136)) - 9ceef694-dbcf-4070-b7b1-3b3c65b6a699@group-75987F7FE399-StateMachineUpdater: set stopIndex = -1
2019-10-20 10:29:21,189 [main] INFO  util.JmxRegister (JmxRegister.java:unregister(73)) - Successfully un-registered JMX Bean with object name Ratis:service=RaftServer,group=group-0666379129A7,id=3626477e-4d8a-4897-821e-c70ad1c2a38d
2019-10-20 10:29:21,189 [ForkJoinPool.commonPool-worker-0] INFO  impl.RaftServerImpl (ServerState.java:close(388)) - 9ceef694-dbcf-4070-b7b1-3b3c65b6a699@group-75987F7FE399: closes. applyIndex: -1
2019-10-20 10:29:21,190 [main] INFO  impl.RoleInfo (RoleInfo.java:shutdownLeaderState(104)) - 3626477e-4d8a-4897-821e-c70ad1c2a38d: shutdown LeaderState
2019-10-20 10:29:21,190 [9ceef694-dbcf-4070-b7b1-3b3c65b6a699@group-75987F7FE399-SegmentedRaftLogWorker] INFO  segmented.SegmentedRaftLogWorker (SegmentedRaftLogWorker.java:run(316)) - 9ceef694-dbcf-4070-b7b1-3b3c65b6a699@group-75987F7FE399-SegmentedRaftLogWorker was interrupted, exiting. There are 0 tasks remaining in the queue.
2019-10-20 10:29:21,190 [main] INFO  impl.PendingRequests (PendingRequests.java:sendNotLeaderResponses(202)) - 3626477e-4d8a-4897-821e-c70ad1c2a38d@group-0666379129A7-PendingRequests: sendNotLeaderResponses
2019-10-20 10:29:21,192 [ForkJoinPool.commonPool-worker-0] INFO  segmented.SegmentedRaftLogWorker (SegmentedRaftLogWorker.java:close(224)) - 9ceef694-dbcf-4070-b7b1-3b3c65b6a699@group-75987F7FE399-SegmentedRaftLogWorker close()
2019-10-20 10:29:21,192 [main] INFO  impl.StateMachineUpdater (StateMachineUpdater.java:stopAndJoin(136)) - 3626477e-4d8a-4897-821e-c70ad1c2a38d@group-0666379129A7-StateMachineUpdater: set stopIndex = 0
2019-10-20 10:29:21,194 [ForkJoinPool.commonPool-worker-0] INFO  impl.RaftServerImpl (RaftServerImpl.java:lambda$shutdown$3(261)) - 9ceef694-dbcf-4070-b7b1-3b3c65b6a699@group-CC6FCEBE3E2F: shutdown
2019-10-20 10:29:21,194 [main] INFO  impl.RaftServerImpl (ServerState.java:close(388)) - 3626477e-4d8a-4897-821e-c70ad1c2a38d@group-0666379129A7: closes. applyIndex: 0
2019-10-20 10:29:21,194 [ForkJoinPool.commonPool-worker-0] INFO  util.JmxRegister (JmxRegister.java:unregister(73)) - Successfully un-registered JMX Bean with object name Ratis:service=RaftServer,group=group-CC6FCEBE3E2F,id=9ceef694-dbcf-4070-b7b1-3b3c65b6a699
2019-10-20 10:29:21,195 [3626477e-4d8a-4897-821e-c70ad1c2a38d@group-0666379129A7-SegmentedRaftLogWorker] INFO  segmented.SegmentedRaftLogWorker (SegmentedRaftLogWorker.java:run(316)) - 3626477e-4d8a-4897-821e-c70ad1c2a38d@group-0666379129A7-SegmentedRaftLogWorker was interrupted, exiting. There are 0 tasks remaining in the queue.
2019-10-20 10:29:21,195 [ForkJoinPool.commonPool-worker-0] INFO  impl.RoleInfo (RoleInfo.java:shutdownLeaderState(104)) - 9ceef694-dbcf-4070-b7b1-3b3c65b6a699: shutdown LeaderState
2019-10-20 10:29:21,196 [ForkJoinPool.commonPool-worker-0] INFO  impl.PendingRequests (PendingRequests.java:sendNotLeaderResponses(202)) - 9ceef694-dbcf-4070-b7b1-3b3c65b6a699@group-CC6FCEBE3E2F-PendingRequests: sendNotLeaderResponses
2019-10-20 10:29:21,196 [ForkJoinPool.commonPool-worker-0] INFO  impl.StateMachineUpdater (StateMachineUpdater.java:stopAndJoin(136)) - 9ceef694-dbcf-4070-b7b1-3b3c65b6a699@group-CC6FCEBE3E2F-StateMachineUpdater: set stopIndex = 0
2019-10-20 10:29:21,196 [ForkJoinPool.commonPool-worker-0] INFO  impl.RaftServerImpl (ServerState.java:close(388)) - 9ceef694-dbcf-4070-b7b1-3b3c65b6a699@group-CC6FCEBE3E2F: closes. applyIndex: 0
2019-10-20 10:29:21,197 [9ceef694-dbcf-4070-b7b1-3b3c65b6a699@group-CC6FCEBE3E2F-SegmentedRaftLogWorker] INFO  segmented.SegmentedRaftLogWorker (SegmentedRaftLogWorker.java:run(316)) - 9ceef694-dbcf-4070-b7b1-3b3c65b6a699@group-CC6FCEBE3E2F-SegmentedRaftLogWorker was interrupted, exiting. There are 0 tasks remaining in the queue.
2019-10-20 10:29:21,197 [ForkJoinPool.commonPool-worker-0] INFO  segmented.SegmentedRaftLogWorker (SegmentedRaftLogWorker.java:close(224)) - 9ceef694-dbcf-4070-b7b1-3b3c65b6a699@group-CC6FCEBE3E2F-SegmentedRaftLogWorker close()
2019-10-20 10:29:21,199 [ForkJoinPool.commonPool-worker-0] INFO  server.GrpcService (GrpcService.java:closeImpl(164)) - 9ceef694-dbcf-4070-b7b1-3b3c65b6a699: shutdown server with port 36536 now
2019-10-20 10:29:21,200 [ForkJoinPool.commonPool-worker-0] INFO  server.GrpcService (GrpcService.java:closeImpl(172)) - 9ceef694-dbcf-4070-b7b1-3b3c65b6a699: shutdown server with port 36536 successfully
2019-10-20 10:29:21,203 [main] INFO  segmented.SegmentedRaftLogWorker (SegmentedRaftLogWorker.java:close(224)) - 3626477e-4d8a-4897-821e-c70ad1c2a38d@group-0666379129A7-SegmentedRaftLogWorker close()
2019-10-20 10:29:21,205 [main] INFO  server.GrpcService (GrpcService.java:closeImpl(164)) - 3626477e-4d8a-4897-821e-c70ad1c2a38d: shutdown server with port 39599 now
2019-10-20 10:29:21,207 [main] INFO  server.GrpcService (GrpcService.java:closeImpl(172)) - 3626477e-4d8a-4897-821e-c70ad1c2a38d: shutdown server with port 39599 successfully
2019-10-20 10:29:21,209 [refreshUsed-/workdir/hadoop-ozone/integration-test/target/test-dir/MiniOzoneClusterImpl-f8c67304-c3bb-4bf9-9bb2-8ae757b492ce/datanode-0/data/containers] WARN  fs.CachingGetSpaceUsed (CachingGetSpaceUsed.java:run(183)) - Thread Interrupted waiting to refresh disk information: sleep interrupted
2019-10-20 10:29:21,213 [refreshUsed-/workdir/hadoop-ozone/integration-test/target/test-dir/MiniOzoneClusterImpl-f8c67304-c3bb-4bf9-9bb2-8ae757b492ce/datanode-3/data/containers] WARN  fs.CachingGetSpaceUsed (CachingGetSpaceUsed.java:run(183)) - Thread Interrupted waiting to refresh disk information: sleep interrupted
2019-10-20 10:29:21,229 [main] INFO  utils.BackgroundService (BackgroundService.java:shutdown(151)) - Shutting down service BlockDeletingService
2019-10-20 10:29:21,229 [ForkJoinPool.commonPool-worker-0] INFO  utils.BackgroundService (BackgroundService.java:shutdown(151)) - Shutting down service BlockDeletingService
2019-10-20 10:29:21,231 [main] INFO  statemachine.DatanodeStateMachine (DatanodeStateMachine.java:stopDaemon(395)) - Ozone container server stopped.
2019-10-20 10:29:21,233 [ForkJoinPool.commonPool-worker-0] INFO  statemachine.DatanodeStateMachine (DatanodeStateMachine.java:stopDaemon(395)) - Ozone container server stopped.
2019-10-20 10:29:21,235 [main] INFO  handler.ContextHandler (ContextHandler.java:doStop(910)) - Stopped o.e.j.w.WebAppContext@640ab13c{/,null,UNAVAILABLE}{/hddsDatanode}
2019-10-20 10:29:21,236 [ForkJoinPool.commonPool-worker-0] INFO  handler.ContextHandler (ContextHandler.java:doStop(910)) - Stopped o.e.j.w.WebAppContext@57272109{/,null,UNAVAILABLE}{/hddsDatanode}
2019-10-20 10:29:21,236 [main] INFO  server.AbstractConnector (AbstractConnector.java:doStop(318)) - Stopped ServerConnector@1e0a864d{HTTP/1.1,[http/1.1]}{0.0.0.0:0}
2019-10-20 10:29:21,236 [ForkJoinPool.commonPool-worker-0] INFO  server.AbstractConnector (AbstractConnector.java:doStop(318)) - Stopped ServerConnector@59696551{HTTP/1.1,[http/1.1]}{0.0.0.0:0}
2019-10-20 10:29:21,237 [main] INFO  handler.ContextHandler (ContextHandler.java:doStop(910)) - Stopped o.e.j.s.ServletContextHandler@59bbe88a{/static,jar:file:/home/user/.m2/repository/org/apache/hadoop/hadoop-hdds-container-service/0.5.0-SNAPSHOT/hadoop-hdds-container-service-0.5.0-SNAPSHOT.jar!/webapps/static,UNAVAILABLE}
2019-10-20 10:29:21,238 [ForkJoinPool.commonPool-worker-0] INFO  handler.ContextHandler (ContextHandler.java:doStop(910)) - Stopped o.e.j.s.ServletContextHandler@6edf29c1{/static,jar:file:/home/user/.m2/repository/org/apache/hadoop/hadoop-hdds-container-service/0.5.0-SNAPSHOT/hadoop-hdds-container-service-0.5.0-SNAPSHOT.jar!/webapps/static,UNAVAILABLE}
2019-10-20 10:29:21,238 [main] INFO  handler.ContextHandler (ContextHandler.java:doStop(910)) - Stopped o.e.j.s.ServletContextHandler@77049094{/logs,file:///workdir/hadoop-ozone/integration-test/target/log,UNAVAILABLE}
2019-10-20 10:29:21,239 [ForkJoinPool.commonPool-worker-0] INFO  handler.ContextHandler (ContextHandler.java:doStop(910)) - Stopped o.e.j.s.ServletContextHandler@7c8c70d6{/logs,file:///workdir/hadoop-ozone/integration-test/target/log,UNAVAILABLE}
2019-10-20 10:29:21,240 [main] INFO  ozone.MiniOzoneClusterImpl (MiniOzoneClusterImpl.java:stopSCM(392)) - Stopping the StorageContainerManager
2019-10-20 10:29:21,240 [main] INFO  server.StorageContainerManager (StorageContainerManager.java:stop(810)) - Stopping Replication Manager Service.
2019-10-20 10:29:21,240 [main] INFO  container.ReplicationManager (ReplicationManager.java:stop(203)) - Stopping Replication Monitor Thread.
2019-10-20 10:29:21,240 [main] INFO  server.StorageContainerManager (StorageContainerManager.java:stop(817)) - Stopping Lease Manager of the command watchers
2019-10-20 10:29:21,241 [main] INFO  server.StorageContainerManager (StorageContainerManager.java:stop(824)) - Stopping datanode service RPC server
2019-10-20 10:29:21,241 [main] INFO  server.SCMDatanodeProtocolServer (SCMDatanodeProtocolServer.java:stop(346)) - Stopping the RPC server for DataNodes
2019-10-20 10:29:21,241 [main] INFO  ipc.Server (Server.java:stop(3082)) - Stopping server on 42778
2019-10-20 10:29:21,243 [IPC Server listener on 42778] INFO  ipc.Server (Server.java:run(1185)) - Stopping IPC Server listener on 42778
2019-10-20 10:29:21,243 [IPC Server Responder] INFO  ipc.Server (Server.java:run(1319)) - Stopping IPC Server Responder
2019-10-20 10:29:21,310 [SCM Heartbeat Processing Thread - 0] WARN  node.NodeStateManager (NodeStateManager.java:scheduleNextHealthCheck(646)) - Current Thread is interrupted, shutting down HB processing thread for Node Manager.
2019-10-20 10:29:21,310 [main] INFO  server.StorageContainerManager (StorageContainerManager.java:stop(832)) - Stopping block service RPC server
2019-10-20 10:29:21,311 [main] INFO  server.SCMBlockProtocolServer (SCMBlockProtocolServer.java:stop(155)) - Stopping the RPC server for Block Protocol
2019-10-20 10:29:21,311 [main] INFO  ipc.Server (Server.java:stop(3082)) - Stopping server on 36218
2019-10-20 10:29:21,312 [IPC Server listener on 36218] INFO  ipc.Server (Server.java:run(1185)) - Stopping IPC Server listener on 36218
2019-10-20 10:29:21,312 [main] INFO  server.StorageContainerManager (StorageContainerManager.java:stop(839)) - Stopping the StorageContainerLocationProtocol RPC server
2019-10-20 10:29:21,313 [IPC Server Responder] INFO  ipc.Server (Server.java:run(1319)) - Stopping IPC Server Responder
2019-10-20 10:29:21,313 [main] INFO  server.SCMClientProtocolServer (SCMClientProtocolServer.java:stop(168)) - Stopping the RPC server for Client Protocol
2019-10-20 10:29:21,314 [main] INFO  ipc.Server (Server.java:stop(3082)) - Stopping server on 43297
2019-10-20 10:29:21,315 [main] INFO  server.StorageContainerManager (StorageContainerManager.java:stop(846)) - Stopping Storage Container Manager HTTP server.
2019-10-20 10:29:21,315 [IPC Server listener on 43297] INFO  ipc.Server (Server.java:run(1185)) - Stopping IPC Server listener on 43297
2019-10-20 10:29:21,316 [IPC Server Responder] INFO  ipc.Server (Server.java:run(1319)) - Stopping IPC Server Responder
2019-10-20 10:29:21,317 [main] INFO  handler.ContextHandler (ContextHandler.java:doStop(910)) - Stopped o.e.j.w.WebAppContext@532721fd{/,null,UNAVAILABLE}{/scm}
2019-10-20 10:29:21,317 [main] INFO  server.AbstractConnector (AbstractConnector.java:doStop(318)) - Stopped ServerConnector@7e1a1da6{HTTP/1.1,[http/1.1]}{0.0.0.0:0}
2019-10-20 10:29:21,317 [main] INFO  handler.ContextHandler (ContextHandler.java:doStop(910)) - Stopped o.e.j.s.ServletContextHandler@a43ce46{/static,file:///workdir/hadoop-ozone/integration-test/target/test-classes/webapps/static,UNAVAILABLE}
2019-10-20 10:29:21,318 [main] INFO  handler.ContextHandler (ContextHandler.java:doStop(910)) - Stopped o.e.j.s.ServletContextHandler@6b53bcc2{/logs,file:///workdir/hadoop-ozone/integration-test/target/log,UNAVAILABLE}
2019-10-20 10:29:21,319 [main] INFO  server.StorageContainerManager (StorageContainerManager.java:stop(857)) - Stopping Block Manager Service.
2019-10-20 10:29:21,319 [main] INFO  utils.BackgroundService (BackgroundService.java:shutdown(151)) - Shutting down service SCMBlockDeletingService
2019-10-20 10:29:21,319 [main] INFO  utils.BackgroundService (BackgroundService.java:shutdown(151)) - Shutting down service SCMBlockDeletingService
2019-10-20 10:29:21,320 [main] INFO  server.StorageContainerManager (StorageContainerManager.java:stop(879)) - Stopping SCM Event Queue.
2019-10-20 10:29:21,328 [main] INFO  impl.MetricsSystemImpl (MetricsSystemImpl.java:stop(210)) - Stopping XceiverClientMetrics metrics system...
2019-10-20 10:29:21,336 [prometheus] INFO  impl.MetricsSinkAdapter (MetricsSinkAdapter.java:publishMetricsFromQueue(141)) - prometheus thread interrupted.
2019-10-20 10:29:21,336 [main] INFO  impl.MetricsSystemImpl (MetricsSystemImpl.java:stop(216)) - XceiverClientMetrics metrics system stopped.
]]></system-out>
    <system-err><![CDATA[ERROR StatusLogger No Log4j 2 configuration file found. Using default configuration (logging only errors to the console), or user programmatically provided configurations. Set system property 'log4j2.debug' to show Log4j 2 internal initialization logging. See https://logging.apache.org/log4j/2.x/manual/configuration.html for instructions on how to configure Log4j 2
]]></system-err>
  </testcase>
</testsuite>