<?xml version="1.0" encoding="UTF-8"?>
<testsuite xmlns:xsi="http://www.w3.org/2001/XMLSchema-instance" xsi:noNamespaceSchemaLocation="https://maven.apache.org/surefire/maven-surefire-plugin/xsd/surefire-test-report.xsd" name="org.apache.hadoop.ozone.client.rpc.TestDeleteWithSlowFollower" time="131.852" tests="1" errors="0" skipped="0" failures="1">
  <properties>
    <property name="awt.toolkit" value="sun.awt.X11.XToolkit"/>
    <property name="file.encoding.pkg" value="sun.io"/>
    <property name="java.specification.version" value="1.8"/>
    <property name="sun.cpu.isalist" value=""/>
    <property name="sun.jnu.encoding" value="ANSI_X3.4-1968"/>
    <property name="java.class.path" value="/workdir/hadoop-ozone/integration-test/target/test-classes:/workdir/hadoop-ozone/integration-test/target/classes:/home/user/.m2/repository/org/apache/hadoop/hadoop-ozone-common/0.5.0-SNAPSHOT/hadoop-ozone-common-0.5.0-SNAPSHOT.jar:/home/user/.m2/repository/org/apache/commons/commons-compress/1.4.1/commons-compress-1.4.1.jar:/home/user/.m2/repository/org/tukaani/xz/1.0/xz-1.0.jar:/home/user/.m2/repository/org/apache/hadoop/hadoop-common/3.2.0/hadoop-common-3.2.0.jar:/home/user/.m2/repository/org/apache/hadoop/hadoop-hdfs/3.2.0/hadoop-hdfs-3.2.0.jar:/home/user/.m2/repository/org/apache/hadoop/hadoop-hdfs-client/3.2.0/hadoop-hdfs-client-3.2.0.jar:/home/user/.m2/repository/com/fasterxml/jackson/core/jackson-annotations/2.9.9/jackson-annotations-2.9.9.jar:/home/user/.m2/repository/org/apache/hadoop/hadoop-hdds-common/0.5.0-SNAPSHOT/hadoop-hdds-common-0.5.0-SNAPSHOT.jar:/home/user/.m2/repository/javax/annotation/javax.annotation-api/1.2/javax.annotation-api-1.2.jar:/home/user/.m2/repository/org/apache/ratis/ratis-server/0.5.0-3f446aa-SNAPSHOT/ratis-server-0.5.0-3f446aa-SNAPSHOT.jar:/home/user/.m2/repository/org/apache/ratis/ratis-thirdparty-misc/0.2.0/ratis-thirdparty-misc-0.2.0.jar:/home/user/.m2/repository/org/apache/ratis/ratis-proto/0.5.0-3f446aa-SNAPSHOT/ratis-proto-0.5.0-3f446aa-SNAPSHOT.jar:/home/user/.m2/repository/org/apache/ratis/ratis-common/0.5.0-3f446aa-SNAPSHOT/ratis-common-0.5.0-3f446aa-SNAPSHOT.jar:/home/user/.m2/repository/org/apache/ratis/ratis-client/0.5.0-3f446aa-SNAPSHOT/ratis-client-0.5.0-3f446aa-SNAPSHOT.jar:/home/user/.m2/repository/org/apache/ratis/ratis-metrics/0.5.0-3f446aa-SNAPSHOT/ratis-metrics-0.5.0-3f446aa-SNAPSHOT.jar:/home/user/.m2/repository/com/github/joshelser/dropwizard-metrics-hadoop-metrics2-reporter/0.1.2/dropwizard-metrics-hadoop-metrics2-reporter-0.1.2.jar:/home/user/.m2/repository/io/dropwizard/metrics/metrics-jvm/3.2.5/metrics-jvm-3.2.5.jar:/home/user/.m2/repository/io/dropwizard/metrics/metrics-ganglia/3.2.5/metrics-ganglia-3.2.5.jar:/home/user/.m2/repository/info/ganglia/gmetric4j/gmetric4j/1.0.7/gmetric4j-1.0.7.jar:/home/user/.m2/repository/org/apache/ratis/ratis-netty/0.5.0-3f446aa-SNAPSHOT/ratis-netty-0.5.0-3f446aa-SNAPSHOT.jar:/home/user/.m2/repository/org/apache/ratis/ratis-grpc/0.5.0-3f446aa-SNAPSHOT/ratis-grpc-0.5.0-3f446aa-SNAPSHOT.jar:/home/user/.m2/repository/org/rocksdb/rocksdbjni/6.0.1/rocksdbjni-6.0.1.jar:/home/user/.m2/repository/org/apache/logging/log4j/log4j-api/2.11.0/log4j-api-2.11.0.jar:/home/user/.m2/repository/org/apache/logging/log4j/log4j-core/2.11.0/log4j-core-2.11.0.jar:/home/user/.m2/repository/com/lmax/disruptor/3.4.2/disruptor-3.4.2.jar:/home/user/.m2/repository/org/apache/commons/commons-pool2/2.6.0/commons-pool2-2.6.0.jar:/home/user/.m2/repository/org/bouncycastle/bcpkix-jdk15on/1.60/bcpkix-jdk15on-1.60.jar:/home/user/.m2/repository/commons-validator/commons-validator/1.6/commons-validator-1.6.jar:/home/user/.m2/repository/commons-digester/commons-digester/1.8.1/commons-digester-1.8.1.jar:/home/user/.m2/repository/io/jaegertracing/jaeger-client/0.34.0/jaeger-client-0.34.0.jar:/home/user/.m2/repository/io/jaegertracing/jaeger-thrift/0.34.0/jaeger-thrift-0.34.0.jar:/home/user/.m2/repository/org/apache/thrift/libthrift/0.12.0/libthrift-0.12.0.jar:/home/user/.m2/repository/com/squareup/okhttp3/okhttp/3.9.0/okhttp-3.9.0.jar:/home/user/.m2/repository/com/squareup/okio/okio/1.13.0/okio-1.13.0.jar:/home/user/.m2/repository/io/jaegertracing/jaeger-core/0.34.0/jaeger-core-0.34.0.jar:/home/user/.m2/repository/io/jaegertracing/jaeger-tracerresolver/0.34.0/jaeger-tracerresolver-0.34.0.jar:/home/user/.m2/repository/io/opentracing/contrib/opentracing-tracerresolver/0.1.5/opentracing-tracerresolver-0.1.5.jar:/home/user/.m2/repository/io/opentracing/opentracing-util/0.31.0/opentracing-util-0.31.0.jar:/home/user/.m2/repository/io/opentracing/opentracing-api/0.31.0/opentracing-api-0.31.0.jar:/home/user/.m2/repository/io/opentracing/opentracing-noop/0.31.0/opentracing-noop-0.31.0.jar:/home/user/.m2/repository/org/apache/hadoop/hadoop-hdds-server-framework/0.5.0-SNAPSHOT/hadoop-hdds-server-framework-0.5.0-SNAPSHOT.jar:/home/user/.m2/repository/org/apache/hadoop/hadoop-hdds-container-service/0.5.0-SNAPSHOT/hadoop-hdds-container-service-0.5.0-SNAPSHOT.jar:/home/user/.m2/repository/org/apache/hadoop/hadoop-hdds-client/0.5.0-SNAPSHOT/hadoop-hdds-client-0.5.0-SNAPSHOT.jar:/home/user/.m2/repository/org/apache/hadoop/hadoop-hdds-tools/0.5.0-SNAPSHOT/hadoop-hdds-tools-0.5.0-SNAPSHOT.jar:/home/user/.m2/repository/org/apache/hadoop/hadoop-hdds-server-scm/0.5.0-SNAPSHOT/hadoop-hdds-server-scm-0.5.0-SNAPSHOT.jar:/home/user/.m2/repository/org/apache/hadoop/hadoop-hdds-docs/0.5.0-SNAPSHOT/hadoop-hdds-docs-0.5.0-SNAPSHOT.jar:/home/user/.m2/repository/io/dropwizard/metrics/metrics-core/3.2.4/metrics-core-3.2.4.jar:/home/user/.m2/repository/org/hamcrest/hamcrest-all/1.3/hamcrest-all-1.3.jar:/home/user/.m2/repository/org/bouncycastle/bcprov-jdk15on/1.60/bcprov-jdk15on-1.60.jar:/home/user/.m2/repository/info/picocli/picocli/3.9.6/picocli-3.9.6.jar:/home/user/.m2/repository/com/google/protobuf/protobuf-java/2.5.0/protobuf-java-2.5.0.jar:/home/user/.m2/repository/com/google/guava/guava/11.0.2/guava-11.0.2.jar:/home/user/.m2/repository/org/apache/hadoop/hadoop-ozone-ozone-manager/0.5.0-SNAPSHOT/hadoop-ozone-ozone-manager-0.5.0-SNAPSHOT.jar:/home/user/.m2/repository/org/apache/hadoop/hadoop-minikdc/3.2.0/hadoop-minikdc-3.2.0.jar:/home/user/.m2/repository/commons-io/commons-io/2.5/commons-io-2.5.jar:/home/user/.m2/repository/org/apache/kerby/kerb-simplekdc/1.0.1/kerb-simplekdc-1.0.1.jar:/home/user/.m2/repository/org/apache/kerby/kerb-client/1.0.1/kerb-client-1.0.1.jar:/home/user/.m2/repository/org/apache/kerby/kerby-config/1.0.1/kerby-config-1.0.1.jar:/home/user/.m2/repository/org/apache/kerby/kerb-core/1.0.1/kerb-core-1.0.1.jar:/home/user/.m2/repository/org/apache/kerby/kerby-pkix/1.0.1/kerby-pkix-1.0.1.jar:/home/user/.m2/repository/org/apache/kerby/kerby-asn1/1.0.1/kerby-asn1-1.0.1.jar:/home/user/.m2/repository/org/apache/kerby/kerby-util/1.0.1/kerby-util-1.0.1.jar:/home/user/.m2/repository/org/apache/kerby/kerb-common/1.0.1/kerb-common-1.0.1.jar:/home/user/.m2/repository/org/apache/kerby/kerb-crypto/1.0.1/kerb-crypto-1.0.1.jar:/home/user/.m2/repository/org/apache/kerby/kerb-util/1.0.1/kerb-util-1.0.1.jar:/home/user/.m2/repository/org/apache/kerby/token-provider/1.0.1/token-provider-1.0.1.jar:/home/user/.m2/repository/org/apache/kerby/kerb-admin/1.0.1/kerb-admin-1.0.1.jar:/home/user/.m2/repository/org/apache/kerby/kerb-server/1.0.1/kerb-server-1.0.1.jar:/home/user/.m2/repository/org/apache/kerby/kerb-identity/1.0.1/kerb-identity-1.0.1.jar:/home/user/.m2/repository/org/apache/kerby/kerby-xdr/1.0.1/kerby-xdr-1.0.1.jar:/home/user/.m2/repository/org/slf4j/slf4j-log4j12/1.7.25/slf4j-log4j12-1.7.25.jar:/home/user/.m2/repository/org/apache/hadoop/hadoop-ozone-s3gateway/0.5.0-SNAPSHOT/hadoop-ozone-s3gateway-0.5.0-SNAPSHOT.jar:/home/user/.m2/repository/org/jboss/weld/servlet/weld-servlet/2.4.7.Final/weld-servlet-2.4.7.Final.jar:/home/user/.m2/repository/org/glassfish/jersey/containers/jersey-container-servlet-core/2.27/jersey-container-servlet-core-2.27.jar:/home/user/.m2/repository/org/glassfish/hk2/external/javax.inject/2.5.0-b42/javax.inject-2.5.0-b42.jar:/home/user/.m2/repository/org/glassfish/jersey/core/jersey-common/2.27/jersey-common-2.27.jar:/home/user/.m2/repository/org/glassfish/hk2/osgi-resource-locator/1.0.1/osgi-resource-locator-1.0.1.jar:/home/user/.m2/repository/javax/ws/rs/javax.ws.rs-api/2.1/javax.ws.rs-api-2.1.jar:/home/user/.m2/repository/org/glassfish/jersey/ext/cdi/jersey-cdi1x/2.27/jersey-cdi1x-2.27.jar:/home/user/.m2/repository/org/glassfish/jersey/inject/jersey-hk2/2.27/jersey-hk2-2.27.jar:/home/user/.m2/repository/org/glassfish/hk2/hk2-locator/2.5.0-b42/hk2-locator-2.5.0-b42.jar:/home/user/.m2/repository/org/javassist/javassist/3.22.0-CR2/javassist-3.22.0-CR2.jar:/home/user/.m2/repository/org/glassfish/hk2/hk2-api/2.5.0/hk2-api-2.5.0.jar:/home/user/.m2/repository/org/glassfish/hk2/external/jakarta.inject/2.5.0/jakarta.inject-2.5.0.jar:/home/user/.m2/repository/org/glassfish/hk2/hk2-utils/2.5.0/hk2-utils-2.5.0.jar:/home/user/.m2/repository/jakarta/annotation/jakarta.annotation-api/1.3.4/jakarta.annotation-api-1.3.4.jar:/home/user/.m2/repository/org/glassfish/hk2/external/aopalliance-repackaged/2.5.0/aopalliance-repackaged-2.5.0.jar:/home/user/.m2/repository/com/fasterxml/jackson/dataformat/jackson-dataformat-xml/2.9.0/jackson-dataformat-xml-2.9.0.jar:/home/user/.m2/repository/com/fasterxml/jackson/core/jackson-core/2.9.9/jackson-core-2.9.9.jar:/home/user/.m2/repository/com/fasterxml/jackson/module/jackson-module-jaxb-annotations/2.9.9/jackson-module-jaxb-annotations-2.9.9.jar:/home/user/.m2/repository/javax/enterprise/cdi-api/1.2/cdi-api-1.2.jar:/home/user/.m2/repository/javax/el/javax.el-api/3.0.0/javax.el-api-3.0.0.jar:/home/user/.m2/repository/javax/interceptor/javax.interceptor-api/1.2/javax.interceptor-api-1.2.jar:/home/user/.m2/repository/javax/inject/javax.inject/1/javax.inject-1.jar:/home/user/.m2/repository/com/sun/xml/bind/jaxb-impl/2.3.0.1/jaxb-impl-2.3.0.1.jar:/home/user/.m2/repository/com/sun/xml/bind/jaxb-core/2.3.0.1/jaxb-core-2.3.0.1.jar:/home/user/.m2/repository/javax/xml/bind/jaxb-api/2.3.0/jaxb-api-2.3.0.jar:/home/user/.m2/repository/javax/activation/activation/1.1.1/activation-1.1.1.jar:/home/user/.m2/repository/org/apache/hadoop/hadoop-ozone-csi/0.5.0-SNAPSHOT/hadoop-ozone-csi-0.5.0-SNAPSHOT.jar:/home/user/.m2/repository/com/google/protobuf/protobuf-java-util/3.5.1/protobuf-java-util-3.5.1.jar:/home/user/.m2/repository/org/apache/hadoop/hadoop-hdds-config/0.5.0-SNAPSHOT/hadoop-hdds-config-0.5.0-SNAPSHOT.jar:/home/user/.m2/repository/io/grpc/grpc-netty/1.17.1/grpc-netty-1.17.1.jar:/home/user/.m2/repository/io/grpc/grpc-core/1.17.1/grpc-core-1.17.1.jar:/home/user/.m2/repository/io/grpc/grpc-context/1.17.1/grpc-context-1.17.1.jar:/home/user/.m2/repository/com/google/errorprone/error_prone_annotations/2.2.0/error_prone_annotations-2.2.0.jar:/home/user/.m2/repository/org/codehaus/mojo/animal-sniffer-annotations/1.17/animal-sniffer-annotations-1.17.jar:/home/user/.m2/repository/io/opencensus/opencensus-api/0.17.0/opencensus-api-0.17.0.jar:/home/user/.m2/repository/io/opencensus/opencensus-contrib-grpc-metrics/0.17.0/opencensus-contrib-grpc-metrics-0.17.0.jar:/home/user/.m2/repository/io/netty/netty-codec-http2/4.1.30.Final/netty-codec-http2-4.1.30.Final.jar:/home/user/.m2/repository/io/netty/netty-codec-http/4.1.30.Final/netty-codec-http-4.1.30.Final.jar:/home/user/.m2/repository/io/netty/netty-codec/4.1.30.Final/netty-codec-4.1.30.Final.jar:/home/user/.m2/repository/io/netty/netty-handler/4.1.30.Final/netty-handler-4.1.30.Final.jar:/home/user/.m2/repository/io/netty/netty-handler-proxy/4.1.30.Final/netty-handler-proxy-4.1.30.Final.jar:/home/user/.m2/repository/io/netty/netty-codec-socks/4.1.30.Final/netty-codec-socks-4.1.30.Final.jar:/home/user/.m2/repository/io/netty/netty-transport-native-epoll/4.1.30.Final/netty-transport-native-epoll-4.1.30.Final.jar:/home/user/.m2/repository/io/netty/netty-common/4.1.30.Final/netty-common-4.1.30.Final.jar:/home/user/.m2/repository/io/netty/netty-buffer/4.1.30.Final/netty-buffer-4.1.30.Final.jar:/home/user/.m2/repository/io/netty/netty-transport/4.1.30.Final/netty-transport-4.1.30.Final.jar:/home/user/.m2/repository/io/netty/netty-resolver/4.1.30.Final/netty-resolver-4.1.30.Final.jar:/home/user/.m2/repository/io/netty/netty-transport-native-unix-common/4.1.30.Final/netty-transport-native-unix-common-4.1.30.Final.jar:/home/user/.m2/repository/io/grpc/grpc-protobuf/1.17.1/grpc-protobuf-1.17.1.jar:/home/user/.m2/repository/com/google/api/grpc/proto-google-common-protos/1.0.0/proto-google-common-protos-1.0.0.jar:/home/user/.m2/repository/io/grpc/grpc-protobuf-lite/1.17.1/grpc-protobuf-lite-1.17.1.jar:/home/user/.m2/repository/io/grpc/grpc-stub/1.17.1/grpc-stub-1.17.1.jar:/home/user/.m2/repository/org/apache/hadoop/hadoop-ozone-recon/0.5.0-SNAPSHOT/hadoop-ozone-recon-0.5.0-SNAPSHOT.jar:/home/user/.m2/repository/org/apache/hadoop/hadoop-ozone-reconcodegen/0.5.0-SNAPSHOT/hadoop-ozone-reconcodegen-0.5.0-SNAPSHOT.jar:/home/user/.m2/repository/com/google/inject/extensions/guice-multibindings/4.0/guice-multibindings-4.0.jar:/home/user/.m2/repository/com/google/inject/guice/4.0/guice-4.0.jar:/home/user/.m2/repository/aopalliance/aopalliance/1.0/aopalliance-1.0.jar:/home/user/.m2/repository/com/google/inject/extensions/guice-servlet/4.0/guice-servlet-4.0.jar:/home/user/.m2/repository/org/glassfish/jersey/containers/jersey-container-servlet/2.27/jersey-container-servlet-2.27.jar:/home/user/.m2/repository/org/glassfish/hk2/guice-bridge/2.5.0/guice-bridge-2.5.0.jar:/home/user/.m2/repository/org/glassfish/jersey/core/jersey-server/2.27/jersey-server-2.27.jar:/home/user/.m2/repository/org/glassfish/jersey/core/jersey-client/2.27/jersey-client-2.27.jar:/home/user/.m2/repository/org/glassfish/jersey/media/jersey-media-jaxb/2.27/jersey-media-jaxb-2.27.jar:/home/user/.m2/repository/javax/validation/validation-api/1.1.0.Final/validation-api-1.1.0.Final.jar:/home/user/.m2/repository/org/glassfish/jersey/media/jersey-media-json-jackson/2.27/jersey-media-json-jackson-2.27.jar:/home/user/.m2/repository/org/glassfish/jersey/ext/jersey-entity-filtering/2.27/jersey-entity-filtering-2.27.jar:/home/user/.m2/repository/com/google/inject/extensions/guice-assistedinject/4.0/guice-assistedinject-4.0.jar:/home/user/.m2/repository/org/jooq/jooq/3.11.10/jooq-3.11.10.jar:/home/user/.m2/repository/org/jooq/jooq-meta/3.11.10/jooq-meta-3.11.10.jar:/home/user/.m2/repository/org/jooq/jooq-codegen/3.11.10/jooq-codegen-3.11.10.jar:/home/user/.m2/repository/com/jolbox/bonecp/0.8.0.RELEASE/bonecp-0.8.0.RELEASE.jar:/home/user/.m2/repository/org/xerial/sqlite-jdbc/3.25.2/sqlite-jdbc-3.25.2.jar:/home/user/.m2/repository/org/springframework/spring-jdbc/5.1.3.RELEASE/spring-jdbc-5.1.3.RELEASE.jar:/home/user/.m2/repository/org/springframework/spring-beans/5.1.3.RELEASE/spring-beans-5.1.3.RELEASE.jar:/home/user/.m2/repository/org/springframework/spring-core/5.1.3.RELEASE/spring-core-5.1.3.RELEASE.jar:/home/user/.m2/repository/org/springframework/spring-jcl/5.1.3.RELEASE/spring-jcl-5.1.3.RELEASE.jar:/home/user/.m2/repository/org/springframework/spring-tx/5.1.3.RELEASE/spring-tx-5.1.3.RELEASE.jar:/home/user/.m2/repository/org/apache/hadoop/hadoop-ozone-client/0.5.0-SNAPSHOT/hadoop-ozone-client-0.5.0-SNAPSHOT.jar:/home/user/.m2/repository/commons-lang/commons-lang/2.6/commons-lang-2.6.jar:/home/user/.m2/repository/org/apache/hadoop/hadoop-ozone-ozone-manager/0.5.0-SNAPSHOT/hadoop-ozone-ozone-manager-0.5.0-SNAPSHOT-tests.jar:/home/user/.m2/repository/junit/junit/4.11/junit-4.11.jar:/home/user/.m2/repository/org/hamcrest/hamcrest-core/1.3/hamcrest-core-1.3.jar:/home/user/.m2/repository/org/openjdk/jmh/jmh-core/1.19/jmh-core-1.19.jar:/home/user/.m2/repository/net/sf/jopt-simple/jopt-simple/4.6/jopt-simple-4.6.jar:/home/user/.m2/repository/org/apache/commons/commons-math3/3.1.1/commons-math3-3.1.1.jar:/home/user/.m2/repository/org/openjdk/jmh/jmh-generator-annprocess/1.19/jmh-generator-annprocess-1.19.jar:/home/user/.m2/repository/org/mockito/mockito-all/1.8.5/mockito-all-1.8.5.jar:/home/user/.m2/repository/org/apache/hadoop/hadoop-kms/3.2.0/hadoop-kms-3.2.0.jar:/home/user/.m2/repository/org/apache/hadoop/hadoop-auth/3.2.0/hadoop-auth-3.2.0.jar:/home/user/.m2/repository/com/nimbusds/nimbus-jose-jwt/4.41.1/nimbus-jose-jwt-4.41.1.jar:/home/user/.m2/repository/com/github/stephenc/jcip/jcip-annotations/1.0-1/jcip-annotations-1.0-1.jar:/home/user/.m2/repository/net/minidev/json-smart/2.3/json-smart-2.3.jar:/home/user/.m2/repository/net/minidev/accessors-smart/1.2/accessors-smart-1.2.jar:/home/user/.m2/repository/org/ow2/asm/asm/5.0.4/asm-5.0.4.jar:/home/user/.m2/repository/org/apache/curator/curator-framework/2.12.0/curator-framework-2.12.0.jar:/home/user/.m2/repository/com/sun/jersey/jersey-core/1.19/jersey-core-1.19.jar:/home/user/.m2/repository/javax/ws/rs/jsr311-api/1.1.1/jsr311-api-1.1.1.jar:/home/user/.m2/repository/com/sun/jersey/jersey-server/1.19/jersey-server-1.19.jar:/home/user/.m2/repository/javax/servlet/javax.servlet-api/3.1.0/javax.servlet-api-3.1.0.jar:/home/user/.m2/repository/org/eclipse/jetty/jetty-server/9.3.25.v20180904/jetty-server-9.3.25.v20180904.jar:/home/user/.m2/repository/org/eclipse/jetty/jetty-http/9.3.25.v20180904/jetty-http-9.3.25.v20180904.jar:/home/user/.m2/repository/org/eclipse/jetty/jetty-io/9.3.25.v20180904/jetty-io-9.3.25.v20180904.jar:/home/user/.m2/repository/org/eclipse/jetty/jetty-webapp/9.3.25.v20180904/jetty-webapp-9.3.25.v20180904.jar:/home/user/.m2/repository/org/eclipse/jetty/jetty-xml/9.3.25.v20180904/jetty-xml-9.3.25.v20180904.jar:/home/user/.m2/repository/log4j/log4j/1.2.17/log4j-1.2.17.jar:/home/user/.m2/repository/org/slf4j/slf4j-api/1.7.25/slf4j-api-1.7.25.jar:/home/user/.m2/repository/org/slf4j/jul-to-slf4j/1.7.25/jul-to-slf4j-1.7.25.jar:/home/user/.m2/repository/org/eclipse/jetty/jetty-util/9.3.25.v20180904/jetty-util-9.3.25.v20180904.jar:/home/user/.m2/repository/com/fasterxml/jackson/core/jackson-databind/2.9.9/jackson-databind-2.9.9.jar:/home/user/.m2/repository/org/apache/hadoop/hadoop-kms/3.2.0/hadoop-kms-3.2.0-tests.jar:/home/user/.m2/repository/org/apache/hadoop/hadoop-hdds-server-scm/0.5.0-SNAPSHOT/hadoop-hdds-server-scm-0.5.0-SNAPSHOT-tests.jar:/home/user/.m2/repository/org/apache/hadoop/hadoop-hdds-container-service/0.5.0-SNAPSHOT/hadoop-hdds-container-service-0.5.0-SNAPSHOT-tests.jar:/home/user/.m2/repository/org/yaml/snakeyaml/1.16/snakeyaml-1.16.jar:/home/user/.m2/repository/org/apache/hadoop/hadoop-common/3.2.0/hadoop-common-3.2.0-tests.jar:/home/user/.m2/repository/org/apache/hadoop/hadoop-annotations/3.2.0/hadoop-annotations-3.2.0.jar:/usr/lib/jvm/java-1.8.0-openjdk-1.8.0.222.b10-1.el7_7.x86_64/jre/../lib/tools.jar:/home/user/.m2/repository/commons-cli/commons-cli/1.2/commons-cli-1.2.jar:/home/user/.m2/repository/org/apache/httpcomponents/httpclient/4.5.2/httpclient-4.5.2.jar:/home/user/.m2/repository/org/apache/httpcomponents/httpcore/4.4.4/httpcore-4.4.4.jar:/home/user/.m2/repository/commons-codec/commons-codec/1.11/commons-codec-1.11.jar:/home/user/.m2/repository/commons-net/commons-net/3.6/commons-net-3.6.jar:/home/user/.m2/repository/commons-collections/commons-collections/3.2.2/commons-collections-3.2.2.jar:/home/user/.m2/repository/org/eclipse/jetty/jetty-servlet/9.3.25.v20180904/jetty-servlet-9.3.25.v20180904.jar:/home/user/.m2/repository/org/eclipse/jetty/jetty-security/9.3.25.v20180904/jetty-security-9.3.25.v20180904.jar:/home/user/.m2/repository/javax/servlet/jsp/jsp-api/2.1/jsp-api-2.1.jar:/home/user/.m2/repository/com/sun/jersey/jersey-servlet/1.19/jersey-servlet-1.19.jar:/home/user/.m2/repository/com/sun/jersey/jersey-json/1.19/jersey-json-1.19.jar:/home/user/.m2/repository/org/codehaus/jettison/jettison/1.1/jettison-1.1.jar:/home/user/.m2/repository/org/codehaus/jackson/jackson-core-asl/1.9.13/jackson-core-asl-1.9.13.jar:/home/user/.m2/repository/org/codehaus/jackson/jackson-mapper-asl/1.9.13/jackson-mapper-asl-1.9.13.jar:/home/user/.m2/repository/org/codehaus/jackson/jackson-jaxrs/1.9.13/jackson-jaxrs-1.9.13.jar:/home/user/.m2/repository/org/codehaus/jackson/jackson-xc/1.9.13/jackson-xc-1.9.13.jar:/home/user/.m2/repository/commons-logging/commons-logging/1.1.3/commons-logging-1.1.3.jar:/home/user/.m2/repository/commons-beanutils/commons-beanutils/1.9.4/commons-beanutils-1.9.4.jar:/home/user/.m2/repository/org/apache/commons/commons-configuration2/2.1.1/commons-configuration2-2.1.1.jar:/home/user/.m2/repository/org/apache/commons/commons-lang3/3.7/commons-lang3-3.7.jar:/home/user/.m2/repository/org/apache/commons/commons-text/1.4/commons-text-1.4.jar:/home/user/.m2/repository/org/apache/avro/avro/1.7.7/avro-1.7.7.jar:/home/user/.m2/repository/com/thoughtworks/paranamer/paranamer/2.3/paranamer-2.3.jar:/home/user/.m2/repository/org/xerial/snappy/snappy-java/1.0.5/snappy-java-1.0.5.jar:/home/user/.m2/repository/com/google/re2j/re2j/1.1/re2j-1.1.jar:/home/user/.m2/repository/com/google/code/gson/gson/2.2.4/gson-2.2.4.jar:/home/user/.m2/repository/com/jcraft/jsch/0.1.54/jsch-0.1.54.jar:/home/user/.m2/repository/org/apache/curator/curator-client/2.12.0/curator-client-2.12.0.jar:/home/user/.m2/repository/org/apache/curator/curator-recipes/2.12.0/curator-recipes-2.12.0.jar:/home/user/.m2/repository/com/google/code/findbugs/jsr305/3.0.0/jsr305-3.0.0.jar:/home/user/.m2/repository/org/apache/htrace/htrace-core4/4.1.0-incubating/htrace-core4-4.1.0-incubating.jar:/home/user/.m2/repository/org/apache/zookeeper/zookeeper/3.4.13/zookeeper-3.4.13.jar:/home/user/.m2/repository/jline/jline/0.9.94/jline-0.9.94.jar:/home/user/.m2/repository/org/apache/yetus/audience-annotations/0.5.0/audience-annotations-0.5.0.jar:/home/user/.m2/repository/org/codehaus/woodstox/stax2-api/3.1.4/stax2-api-3.1.4.jar:/home/user/.m2/repository/com/fasterxml/woodstox/woodstox-core/5.0.3/woodstox-core-5.0.3.jar:/home/user/.m2/repository/dnsjava/dnsjava/2.1.7/dnsjava-2.1.7.jar:/home/user/.m2/repository/org/apache/hadoop/hadoop-hdfs/3.2.0/hadoop-hdfs-3.2.0-tests.jar:/home/user/.m2/repository/org/eclipse/jetty/jetty-util-ajax/9.3.25.v20180904/jetty-util-ajax-9.3.25.v20180904.jar:/home/user/.m2/repository/commons-daemon/commons-daemon/1.0.13/commons-daemon-1.0.13.jar:/home/user/.m2/repository/io/netty/netty/3.10.5.Final/netty-3.10.5.Final.jar:/home/user/.m2/repository/io/netty/netty-all/4.0.52.Final/netty-all-4.0.52.Final.jar:/home/user/.m2/repository/org/fusesource/leveldbjni/leveldbjni-all/1.8/leveldbjni-all-1.8.jar:"/>
    <property name="java.vm.vendor" value="Oracle Corporation"/>
    <property name="sun.arch.data.model" value="64"/>
    <property name="test.build.dir" value="/workdir/hadoop-ozone/integration-test/target/test-dir"/>
    <property name="test.cache.data" value=""/>
    <property name="java.vendor.url" value="http://java.oracle.com/"/>
    <property name="user.timezone" value=""/>
    <property name="java.vm.specification.version" value="1.8"/>
    <property name="os.name" value="Linux"/>
    <property name="test.build.data" value="/workdir/hadoop-ozone/integration-test/target/test-dir"/>
    <property name="user.country" value="US"/>
    <property name="sun.java.launcher" value="SUN_STANDARD"/>
    <property name="sun.boot.library.path" value="/usr/lib/jvm/java-1.8.0-openjdk-1.8.0.222.b10-1.el7_7.x86_64/jre/lib/amd64"/>
    <property name="sun.java.command" value="/workdir/hadoop-ozone/integration-test/target/surefire/surefirebooter4491899991188060950.jar /workdir/hadoop-ozone/integration-test/target/surefire 2019-10-20T09-37-57_086-jvmRun1 surefire4749978208926754051tmp surefire_265772014855576819286tmp"/>
    <property name="surefire.test.class.path" value="/workdir/hadoop-ozone/integration-test/target/test-classes:/workdir/hadoop-ozone/integration-test/target/classes:/home/user/.m2/repository/org/apache/hadoop/hadoop-ozone-common/0.5.0-SNAPSHOT/hadoop-ozone-common-0.5.0-SNAPSHOT.jar:/home/user/.m2/repository/org/apache/commons/commons-compress/1.4.1/commons-compress-1.4.1.jar:/home/user/.m2/repository/org/tukaani/xz/1.0/xz-1.0.jar:/home/user/.m2/repository/org/apache/hadoop/hadoop-common/3.2.0/hadoop-common-3.2.0.jar:/home/user/.m2/repository/org/apache/hadoop/hadoop-hdfs/3.2.0/hadoop-hdfs-3.2.0.jar:/home/user/.m2/repository/org/apache/hadoop/hadoop-hdfs-client/3.2.0/hadoop-hdfs-client-3.2.0.jar:/home/user/.m2/repository/com/fasterxml/jackson/core/jackson-annotations/2.9.9/jackson-annotations-2.9.9.jar:/home/user/.m2/repository/org/apache/hadoop/hadoop-hdds-common/0.5.0-SNAPSHOT/hadoop-hdds-common-0.5.0-SNAPSHOT.jar:/home/user/.m2/repository/javax/annotation/javax.annotation-api/1.2/javax.annotation-api-1.2.jar:/home/user/.m2/repository/org/apache/ratis/ratis-server/0.5.0-3f446aa-SNAPSHOT/ratis-server-0.5.0-3f446aa-SNAPSHOT.jar:/home/user/.m2/repository/org/apache/ratis/ratis-thirdparty-misc/0.2.0/ratis-thirdparty-misc-0.2.0.jar:/home/user/.m2/repository/org/apache/ratis/ratis-proto/0.5.0-3f446aa-SNAPSHOT/ratis-proto-0.5.0-3f446aa-SNAPSHOT.jar:/home/user/.m2/repository/org/apache/ratis/ratis-common/0.5.0-3f446aa-SNAPSHOT/ratis-common-0.5.0-3f446aa-SNAPSHOT.jar:/home/user/.m2/repository/org/apache/ratis/ratis-client/0.5.0-3f446aa-SNAPSHOT/ratis-client-0.5.0-3f446aa-SNAPSHOT.jar:/home/user/.m2/repository/org/apache/ratis/ratis-metrics/0.5.0-3f446aa-SNAPSHOT/ratis-metrics-0.5.0-3f446aa-SNAPSHOT.jar:/home/user/.m2/repository/com/github/joshelser/dropwizard-metrics-hadoop-metrics2-reporter/0.1.2/dropwizard-metrics-hadoop-metrics2-reporter-0.1.2.jar:/home/user/.m2/repository/io/dropwizard/metrics/metrics-jvm/3.2.5/metrics-jvm-3.2.5.jar:/home/user/.m2/repository/io/dropwizard/metrics/metrics-ganglia/3.2.5/metrics-ganglia-3.2.5.jar:/home/user/.m2/repository/info/ganglia/gmetric4j/gmetric4j/1.0.7/gmetric4j-1.0.7.jar:/home/user/.m2/repository/org/apache/ratis/ratis-netty/0.5.0-3f446aa-SNAPSHOT/ratis-netty-0.5.0-3f446aa-SNAPSHOT.jar:/home/user/.m2/repository/org/apache/ratis/ratis-grpc/0.5.0-3f446aa-SNAPSHOT/ratis-grpc-0.5.0-3f446aa-SNAPSHOT.jar:/home/user/.m2/repository/org/rocksdb/rocksdbjni/6.0.1/rocksdbjni-6.0.1.jar:/home/user/.m2/repository/org/apache/logging/log4j/log4j-api/2.11.0/log4j-api-2.11.0.jar:/home/user/.m2/repository/org/apache/logging/log4j/log4j-core/2.11.0/log4j-core-2.11.0.jar:/home/user/.m2/repository/com/lmax/disruptor/3.4.2/disruptor-3.4.2.jar:/home/user/.m2/repository/org/apache/commons/commons-pool2/2.6.0/commons-pool2-2.6.0.jar:/home/user/.m2/repository/org/bouncycastle/bcpkix-jdk15on/1.60/bcpkix-jdk15on-1.60.jar:/home/user/.m2/repository/commons-validator/commons-validator/1.6/commons-validator-1.6.jar:/home/user/.m2/repository/commons-digester/commons-digester/1.8.1/commons-digester-1.8.1.jar:/home/user/.m2/repository/io/jaegertracing/jaeger-client/0.34.0/jaeger-client-0.34.0.jar:/home/user/.m2/repository/io/jaegertracing/jaeger-thrift/0.34.0/jaeger-thrift-0.34.0.jar:/home/user/.m2/repository/org/apache/thrift/libthrift/0.12.0/libthrift-0.12.0.jar:/home/user/.m2/repository/com/squareup/okhttp3/okhttp/3.9.0/okhttp-3.9.0.jar:/home/user/.m2/repository/com/squareup/okio/okio/1.13.0/okio-1.13.0.jar:/home/user/.m2/repository/io/jaegertracing/jaeger-core/0.34.0/jaeger-core-0.34.0.jar:/home/user/.m2/repository/io/jaegertracing/jaeger-tracerresolver/0.34.0/jaeger-tracerresolver-0.34.0.jar:/home/user/.m2/repository/io/opentracing/contrib/opentracing-tracerresolver/0.1.5/opentracing-tracerresolver-0.1.5.jar:/home/user/.m2/repository/io/opentracing/opentracing-util/0.31.0/opentracing-util-0.31.0.jar:/home/user/.m2/repository/io/opentracing/opentracing-api/0.31.0/opentracing-api-0.31.0.jar:/home/user/.m2/repository/io/opentracing/opentracing-noop/0.31.0/opentracing-noop-0.31.0.jar:/home/user/.m2/repository/org/apache/hadoop/hadoop-hdds-server-framework/0.5.0-SNAPSHOT/hadoop-hdds-server-framework-0.5.0-SNAPSHOT.jar:/home/user/.m2/repository/org/apache/hadoop/hadoop-hdds-container-service/0.5.0-SNAPSHOT/hadoop-hdds-container-service-0.5.0-SNAPSHOT.jar:/home/user/.m2/repository/org/apache/hadoop/hadoop-hdds-client/0.5.0-SNAPSHOT/hadoop-hdds-client-0.5.0-SNAPSHOT.jar:/home/user/.m2/repository/org/apache/hadoop/hadoop-hdds-tools/0.5.0-SNAPSHOT/hadoop-hdds-tools-0.5.0-SNAPSHOT.jar:/home/user/.m2/repository/org/apache/hadoop/hadoop-hdds-server-scm/0.5.0-SNAPSHOT/hadoop-hdds-server-scm-0.5.0-SNAPSHOT.jar:/home/user/.m2/repository/org/apache/hadoop/hadoop-hdds-docs/0.5.0-SNAPSHOT/hadoop-hdds-docs-0.5.0-SNAPSHOT.jar:/home/user/.m2/repository/io/dropwizard/metrics/metrics-core/3.2.4/metrics-core-3.2.4.jar:/home/user/.m2/repository/org/hamcrest/hamcrest-all/1.3/hamcrest-all-1.3.jar:/home/user/.m2/repository/org/bouncycastle/bcprov-jdk15on/1.60/bcprov-jdk15on-1.60.jar:/home/user/.m2/repository/info/picocli/picocli/3.9.6/picocli-3.9.6.jar:/home/user/.m2/repository/com/google/protobuf/protobuf-java/2.5.0/protobuf-java-2.5.0.jar:/home/user/.m2/repository/com/google/guava/guava/11.0.2/guava-11.0.2.jar:/home/user/.m2/repository/org/apache/hadoop/hadoop-ozone-ozone-manager/0.5.0-SNAPSHOT/hadoop-ozone-ozone-manager-0.5.0-SNAPSHOT.jar:/home/user/.m2/repository/org/apache/hadoop/hadoop-minikdc/3.2.0/hadoop-minikdc-3.2.0.jar:/home/user/.m2/repository/commons-io/commons-io/2.5/commons-io-2.5.jar:/home/user/.m2/repository/org/apache/kerby/kerb-simplekdc/1.0.1/kerb-simplekdc-1.0.1.jar:/home/user/.m2/repository/org/apache/kerby/kerb-client/1.0.1/kerb-client-1.0.1.jar:/home/user/.m2/repository/org/apache/kerby/kerby-config/1.0.1/kerby-config-1.0.1.jar:/home/user/.m2/repository/org/apache/kerby/kerb-core/1.0.1/kerb-core-1.0.1.jar:/home/user/.m2/repository/org/apache/kerby/kerby-pkix/1.0.1/kerby-pkix-1.0.1.jar:/home/user/.m2/repository/org/apache/kerby/kerby-asn1/1.0.1/kerby-asn1-1.0.1.jar:/home/user/.m2/repository/org/apache/kerby/kerby-util/1.0.1/kerby-util-1.0.1.jar:/home/user/.m2/repository/org/apache/kerby/kerb-common/1.0.1/kerb-common-1.0.1.jar:/home/user/.m2/repository/org/apache/kerby/kerb-crypto/1.0.1/kerb-crypto-1.0.1.jar:/home/user/.m2/repository/org/apache/kerby/kerb-util/1.0.1/kerb-util-1.0.1.jar:/home/user/.m2/repository/org/apache/kerby/token-provider/1.0.1/token-provider-1.0.1.jar:/home/user/.m2/repository/org/apache/kerby/kerb-admin/1.0.1/kerb-admin-1.0.1.jar:/home/user/.m2/repository/org/apache/kerby/kerb-server/1.0.1/kerb-server-1.0.1.jar:/home/user/.m2/repository/org/apache/kerby/kerb-identity/1.0.1/kerb-identity-1.0.1.jar:/home/user/.m2/repository/org/apache/kerby/kerby-xdr/1.0.1/kerby-xdr-1.0.1.jar:/home/user/.m2/repository/org/slf4j/slf4j-log4j12/1.7.25/slf4j-log4j12-1.7.25.jar:/home/user/.m2/repository/org/apache/hadoop/hadoop-ozone-s3gateway/0.5.0-SNAPSHOT/hadoop-ozone-s3gateway-0.5.0-SNAPSHOT.jar:/home/user/.m2/repository/org/jboss/weld/servlet/weld-servlet/2.4.7.Final/weld-servlet-2.4.7.Final.jar:/home/user/.m2/repository/org/glassfish/jersey/containers/jersey-container-servlet-core/2.27/jersey-container-servlet-core-2.27.jar:/home/user/.m2/repository/org/glassfish/hk2/external/javax.inject/2.5.0-b42/javax.inject-2.5.0-b42.jar:/home/user/.m2/repository/org/glassfish/jersey/core/jersey-common/2.27/jersey-common-2.27.jar:/home/user/.m2/repository/org/glassfish/hk2/osgi-resource-locator/1.0.1/osgi-resource-locator-1.0.1.jar:/home/user/.m2/repository/javax/ws/rs/javax.ws.rs-api/2.1/javax.ws.rs-api-2.1.jar:/home/user/.m2/repository/org/glassfish/jersey/ext/cdi/jersey-cdi1x/2.27/jersey-cdi1x-2.27.jar:/home/user/.m2/repository/org/glassfish/jersey/inject/jersey-hk2/2.27/jersey-hk2-2.27.jar:/home/user/.m2/repository/org/glassfish/hk2/hk2-locator/2.5.0-b42/hk2-locator-2.5.0-b42.jar:/home/user/.m2/repository/org/javassist/javassist/3.22.0-CR2/javassist-3.22.0-CR2.jar:/home/user/.m2/repository/org/glassfish/hk2/hk2-api/2.5.0/hk2-api-2.5.0.jar:/home/user/.m2/repository/org/glassfish/hk2/external/jakarta.inject/2.5.0/jakarta.inject-2.5.0.jar:/home/user/.m2/repository/org/glassfish/hk2/hk2-utils/2.5.0/hk2-utils-2.5.0.jar:/home/user/.m2/repository/jakarta/annotation/jakarta.annotation-api/1.3.4/jakarta.annotation-api-1.3.4.jar:/home/user/.m2/repository/org/glassfish/hk2/external/aopalliance-repackaged/2.5.0/aopalliance-repackaged-2.5.0.jar:/home/user/.m2/repository/com/fasterxml/jackson/dataformat/jackson-dataformat-xml/2.9.0/jackson-dataformat-xml-2.9.0.jar:/home/user/.m2/repository/com/fasterxml/jackson/core/jackson-core/2.9.9/jackson-core-2.9.9.jar:/home/user/.m2/repository/com/fasterxml/jackson/module/jackson-module-jaxb-annotations/2.9.9/jackson-module-jaxb-annotations-2.9.9.jar:/home/user/.m2/repository/javax/enterprise/cdi-api/1.2/cdi-api-1.2.jar:/home/user/.m2/repository/javax/el/javax.el-api/3.0.0/javax.el-api-3.0.0.jar:/home/user/.m2/repository/javax/interceptor/javax.interceptor-api/1.2/javax.interceptor-api-1.2.jar:/home/user/.m2/repository/javax/inject/javax.inject/1/javax.inject-1.jar:/home/user/.m2/repository/com/sun/xml/bind/jaxb-impl/2.3.0.1/jaxb-impl-2.3.0.1.jar:/home/user/.m2/repository/com/sun/xml/bind/jaxb-core/2.3.0.1/jaxb-core-2.3.0.1.jar:/home/user/.m2/repository/javax/xml/bind/jaxb-api/2.3.0/jaxb-api-2.3.0.jar:/home/user/.m2/repository/javax/activation/activation/1.1.1/activation-1.1.1.jar:/home/user/.m2/repository/org/apache/hadoop/hadoop-ozone-csi/0.5.0-SNAPSHOT/hadoop-ozone-csi-0.5.0-SNAPSHOT.jar:/home/user/.m2/repository/com/google/protobuf/protobuf-java-util/3.5.1/protobuf-java-util-3.5.1.jar:/home/user/.m2/repository/org/apache/hadoop/hadoop-hdds-config/0.5.0-SNAPSHOT/hadoop-hdds-config-0.5.0-SNAPSHOT.jar:/home/user/.m2/repository/io/grpc/grpc-netty/1.17.1/grpc-netty-1.17.1.jar:/home/user/.m2/repository/io/grpc/grpc-core/1.17.1/grpc-core-1.17.1.jar:/home/user/.m2/repository/io/grpc/grpc-context/1.17.1/grpc-context-1.17.1.jar:/home/user/.m2/repository/com/google/errorprone/error_prone_annotations/2.2.0/error_prone_annotations-2.2.0.jar:/home/user/.m2/repository/org/codehaus/mojo/animal-sniffer-annotations/1.17/animal-sniffer-annotations-1.17.jar:/home/user/.m2/repository/io/opencensus/opencensus-api/0.17.0/opencensus-api-0.17.0.jar:/home/user/.m2/repository/io/opencensus/opencensus-contrib-grpc-metrics/0.17.0/opencensus-contrib-grpc-metrics-0.17.0.jar:/home/user/.m2/repository/io/netty/netty-codec-http2/4.1.30.Final/netty-codec-http2-4.1.30.Final.jar:/home/user/.m2/repository/io/netty/netty-codec-http/4.1.30.Final/netty-codec-http-4.1.30.Final.jar:/home/user/.m2/repository/io/netty/netty-codec/4.1.30.Final/netty-codec-4.1.30.Final.jar:/home/user/.m2/repository/io/netty/netty-handler/4.1.30.Final/netty-handler-4.1.30.Final.jar:/home/user/.m2/repository/io/netty/netty-handler-proxy/4.1.30.Final/netty-handler-proxy-4.1.30.Final.jar:/home/user/.m2/repository/io/netty/netty-codec-socks/4.1.30.Final/netty-codec-socks-4.1.30.Final.jar:/home/user/.m2/repository/io/netty/netty-transport-native-epoll/4.1.30.Final/netty-transport-native-epoll-4.1.30.Final.jar:/home/user/.m2/repository/io/netty/netty-common/4.1.30.Final/netty-common-4.1.30.Final.jar:/home/user/.m2/repository/io/netty/netty-buffer/4.1.30.Final/netty-buffer-4.1.30.Final.jar:/home/user/.m2/repository/io/netty/netty-transport/4.1.30.Final/netty-transport-4.1.30.Final.jar:/home/user/.m2/repository/io/netty/netty-resolver/4.1.30.Final/netty-resolver-4.1.30.Final.jar:/home/user/.m2/repository/io/netty/netty-transport-native-unix-common/4.1.30.Final/netty-transport-native-unix-common-4.1.30.Final.jar:/home/user/.m2/repository/io/grpc/grpc-protobuf/1.17.1/grpc-protobuf-1.17.1.jar:/home/user/.m2/repository/com/google/api/grpc/proto-google-common-protos/1.0.0/proto-google-common-protos-1.0.0.jar:/home/user/.m2/repository/io/grpc/grpc-protobuf-lite/1.17.1/grpc-protobuf-lite-1.17.1.jar:/home/user/.m2/repository/io/grpc/grpc-stub/1.17.1/grpc-stub-1.17.1.jar:/home/user/.m2/repository/org/apache/hadoop/hadoop-ozone-recon/0.5.0-SNAPSHOT/hadoop-ozone-recon-0.5.0-SNAPSHOT.jar:/home/user/.m2/repository/org/apache/hadoop/hadoop-ozone-reconcodegen/0.5.0-SNAPSHOT/hadoop-ozone-reconcodegen-0.5.0-SNAPSHOT.jar:/home/user/.m2/repository/com/google/inject/extensions/guice-multibindings/4.0/guice-multibindings-4.0.jar:/home/user/.m2/repository/com/google/inject/guice/4.0/guice-4.0.jar:/home/user/.m2/repository/aopalliance/aopalliance/1.0/aopalliance-1.0.jar:/home/user/.m2/repository/com/google/inject/extensions/guice-servlet/4.0/guice-servlet-4.0.jar:/home/user/.m2/repository/org/glassfish/jersey/containers/jersey-container-servlet/2.27/jersey-container-servlet-2.27.jar:/home/user/.m2/repository/org/glassfish/hk2/guice-bridge/2.5.0/guice-bridge-2.5.0.jar:/home/user/.m2/repository/org/glassfish/jersey/core/jersey-server/2.27/jersey-server-2.27.jar:/home/user/.m2/repository/org/glassfish/jersey/core/jersey-client/2.27/jersey-client-2.27.jar:/home/user/.m2/repository/org/glassfish/jersey/media/jersey-media-jaxb/2.27/jersey-media-jaxb-2.27.jar:/home/user/.m2/repository/javax/validation/validation-api/1.1.0.Final/validation-api-1.1.0.Final.jar:/home/user/.m2/repository/org/glassfish/jersey/media/jersey-media-json-jackson/2.27/jersey-media-json-jackson-2.27.jar:/home/user/.m2/repository/org/glassfish/jersey/ext/jersey-entity-filtering/2.27/jersey-entity-filtering-2.27.jar:/home/user/.m2/repository/com/google/inject/extensions/guice-assistedinject/4.0/guice-assistedinject-4.0.jar:/home/user/.m2/repository/org/jooq/jooq/3.11.10/jooq-3.11.10.jar:/home/user/.m2/repository/org/jooq/jooq-meta/3.11.10/jooq-meta-3.11.10.jar:/home/user/.m2/repository/org/jooq/jooq-codegen/3.11.10/jooq-codegen-3.11.10.jar:/home/user/.m2/repository/com/jolbox/bonecp/0.8.0.RELEASE/bonecp-0.8.0.RELEASE.jar:/home/user/.m2/repository/org/xerial/sqlite-jdbc/3.25.2/sqlite-jdbc-3.25.2.jar:/home/user/.m2/repository/org/springframework/spring-jdbc/5.1.3.RELEASE/spring-jdbc-5.1.3.RELEASE.jar:/home/user/.m2/repository/org/springframework/spring-beans/5.1.3.RELEASE/spring-beans-5.1.3.RELEASE.jar:/home/user/.m2/repository/org/springframework/spring-core/5.1.3.RELEASE/spring-core-5.1.3.RELEASE.jar:/home/user/.m2/repository/org/springframework/spring-jcl/5.1.3.RELEASE/spring-jcl-5.1.3.RELEASE.jar:/home/user/.m2/repository/org/springframework/spring-tx/5.1.3.RELEASE/spring-tx-5.1.3.RELEASE.jar:/home/user/.m2/repository/org/apache/hadoop/hadoop-ozone-client/0.5.0-SNAPSHOT/hadoop-ozone-client-0.5.0-SNAPSHOT.jar:/home/user/.m2/repository/commons-lang/commons-lang/2.6/commons-lang-2.6.jar:/home/user/.m2/repository/org/apache/hadoop/hadoop-ozone-ozone-manager/0.5.0-SNAPSHOT/hadoop-ozone-ozone-manager-0.5.0-SNAPSHOT-tests.jar:/home/user/.m2/repository/junit/junit/4.11/junit-4.11.jar:/home/user/.m2/repository/org/hamcrest/hamcrest-core/1.3/hamcrest-core-1.3.jar:/home/user/.m2/repository/org/openjdk/jmh/jmh-core/1.19/jmh-core-1.19.jar:/home/user/.m2/repository/net/sf/jopt-simple/jopt-simple/4.6/jopt-simple-4.6.jar:/home/user/.m2/repository/org/apache/commons/commons-math3/3.1.1/commons-math3-3.1.1.jar:/home/user/.m2/repository/org/openjdk/jmh/jmh-generator-annprocess/1.19/jmh-generator-annprocess-1.19.jar:/home/user/.m2/repository/org/mockito/mockito-all/1.8.5/mockito-all-1.8.5.jar:/home/user/.m2/repository/org/apache/hadoop/hadoop-kms/3.2.0/hadoop-kms-3.2.0.jar:/home/user/.m2/repository/org/apache/hadoop/hadoop-auth/3.2.0/hadoop-auth-3.2.0.jar:/home/user/.m2/repository/com/nimbusds/nimbus-jose-jwt/4.41.1/nimbus-jose-jwt-4.41.1.jar:/home/user/.m2/repository/com/github/stephenc/jcip/jcip-annotations/1.0-1/jcip-annotations-1.0-1.jar:/home/user/.m2/repository/net/minidev/json-smart/2.3/json-smart-2.3.jar:/home/user/.m2/repository/net/minidev/accessors-smart/1.2/accessors-smart-1.2.jar:/home/user/.m2/repository/org/ow2/asm/asm/5.0.4/asm-5.0.4.jar:/home/user/.m2/repository/org/apache/curator/curator-framework/2.12.0/curator-framework-2.12.0.jar:/home/user/.m2/repository/com/sun/jersey/jersey-core/1.19/jersey-core-1.19.jar:/home/user/.m2/repository/javax/ws/rs/jsr311-api/1.1.1/jsr311-api-1.1.1.jar:/home/user/.m2/repository/com/sun/jersey/jersey-server/1.19/jersey-server-1.19.jar:/home/user/.m2/repository/javax/servlet/javax.servlet-api/3.1.0/javax.servlet-api-3.1.0.jar:/home/user/.m2/repository/org/eclipse/jetty/jetty-server/9.3.25.v20180904/jetty-server-9.3.25.v20180904.jar:/home/user/.m2/repository/org/eclipse/jetty/jetty-http/9.3.25.v20180904/jetty-http-9.3.25.v20180904.jar:/home/user/.m2/repository/org/eclipse/jetty/jetty-io/9.3.25.v20180904/jetty-io-9.3.25.v20180904.jar:/home/user/.m2/repository/org/eclipse/jetty/jetty-webapp/9.3.25.v20180904/jetty-webapp-9.3.25.v20180904.jar:/home/user/.m2/repository/org/eclipse/jetty/jetty-xml/9.3.25.v20180904/jetty-xml-9.3.25.v20180904.jar:/home/user/.m2/repository/log4j/log4j/1.2.17/log4j-1.2.17.jar:/home/user/.m2/repository/org/slf4j/slf4j-api/1.7.25/slf4j-api-1.7.25.jar:/home/user/.m2/repository/org/slf4j/jul-to-slf4j/1.7.25/jul-to-slf4j-1.7.25.jar:/home/user/.m2/repository/org/eclipse/jetty/jetty-util/9.3.25.v20180904/jetty-util-9.3.25.v20180904.jar:/home/user/.m2/repository/com/fasterxml/jackson/core/jackson-databind/2.9.9/jackson-databind-2.9.9.jar:/home/user/.m2/repository/org/apache/hadoop/hadoop-kms/3.2.0/hadoop-kms-3.2.0-tests.jar:/home/user/.m2/repository/org/apache/hadoop/hadoop-hdds-server-scm/0.5.0-SNAPSHOT/hadoop-hdds-server-scm-0.5.0-SNAPSHOT-tests.jar:/home/user/.m2/repository/org/apache/hadoop/hadoop-hdds-container-service/0.5.0-SNAPSHOT/hadoop-hdds-container-service-0.5.0-SNAPSHOT-tests.jar:/home/user/.m2/repository/org/yaml/snakeyaml/1.16/snakeyaml-1.16.jar:/home/user/.m2/repository/org/apache/hadoop/hadoop-common/3.2.0/hadoop-common-3.2.0-tests.jar:/home/user/.m2/repository/org/apache/hadoop/hadoop-annotations/3.2.0/hadoop-annotations-3.2.0.jar:/usr/lib/jvm/java-1.8.0-openjdk-1.8.0.222.b10-1.el7_7.x86_64/jre/../lib/tools.jar:/home/user/.m2/repository/commons-cli/commons-cli/1.2/commons-cli-1.2.jar:/home/user/.m2/repository/org/apache/httpcomponents/httpclient/4.5.2/httpclient-4.5.2.jar:/home/user/.m2/repository/org/apache/httpcomponents/httpcore/4.4.4/httpcore-4.4.4.jar:/home/user/.m2/repository/commons-codec/commons-codec/1.11/commons-codec-1.11.jar:/home/user/.m2/repository/commons-net/commons-net/3.6/commons-net-3.6.jar:/home/user/.m2/repository/commons-collections/commons-collections/3.2.2/commons-collections-3.2.2.jar:/home/user/.m2/repository/org/eclipse/jetty/jetty-servlet/9.3.25.v20180904/jetty-servlet-9.3.25.v20180904.jar:/home/user/.m2/repository/org/eclipse/jetty/jetty-security/9.3.25.v20180904/jetty-security-9.3.25.v20180904.jar:/home/user/.m2/repository/javax/servlet/jsp/jsp-api/2.1/jsp-api-2.1.jar:/home/user/.m2/repository/com/sun/jersey/jersey-servlet/1.19/jersey-servlet-1.19.jar:/home/user/.m2/repository/com/sun/jersey/jersey-json/1.19/jersey-json-1.19.jar:/home/user/.m2/repository/org/codehaus/jettison/jettison/1.1/jettison-1.1.jar:/home/user/.m2/repository/org/codehaus/jackson/jackson-core-asl/1.9.13/jackson-core-asl-1.9.13.jar:/home/user/.m2/repository/org/codehaus/jackson/jackson-mapper-asl/1.9.13/jackson-mapper-asl-1.9.13.jar:/home/user/.m2/repository/org/codehaus/jackson/jackson-jaxrs/1.9.13/jackson-jaxrs-1.9.13.jar:/home/user/.m2/repository/org/codehaus/jackson/jackson-xc/1.9.13/jackson-xc-1.9.13.jar:/home/user/.m2/repository/commons-logging/commons-logging/1.1.3/commons-logging-1.1.3.jar:/home/user/.m2/repository/commons-beanutils/commons-beanutils/1.9.4/commons-beanutils-1.9.4.jar:/home/user/.m2/repository/org/apache/commons/commons-configuration2/2.1.1/commons-configuration2-2.1.1.jar:/home/user/.m2/repository/org/apache/commons/commons-lang3/3.7/commons-lang3-3.7.jar:/home/user/.m2/repository/org/apache/commons/commons-text/1.4/commons-text-1.4.jar:/home/user/.m2/repository/org/apache/avro/avro/1.7.7/avro-1.7.7.jar:/home/user/.m2/repository/com/thoughtworks/paranamer/paranamer/2.3/paranamer-2.3.jar:/home/user/.m2/repository/org/xerial/snappy/snappy-java/1.0.5/snappy-java-1.0.5.jar:/home/user/.m2/repository/com/google/re2j/re2j/1.1/re2j-1.1.jar:/home/user/.m2/repository/com/google/code/gson/gson/2.2.4/gson-2.2.4.jar:/home/user/.m2/repository/com/jcraft/jsch/0.1.54/jsch-0.1.54.jar:/home/user/.m2/repository/org/apache/curator/curator-client/2.12.0/curator-client-2.12.0.jar:/home/user/.m2/repository/org/apache/curator/curator-recipes/2.12.0/curator-recipes-2.12.0.jar:/home/user/.m2/repository/com/google/code/findbugs/jsr305/3.0.0/jsr305-3.0.0.jar:/home/user/.m2/repository/org/apache/htrace/htrace-core4/4.1.0-incubating/htrace-core4-4.1.0-incubating.jar:/home/user/.m2/repository/org/apache/zookeeper/zookeeper/3.4.13/zookeeper-3.4.13.jar:/home/user/.m2/repository/jline/jline/0.9.94/jline-0.9.94.jar:/home/user/.m2/repository/org/apache/yetus/audience-annotations/0.5.0/audience-annotations-0.5.0.jar:/home/user/.m2/repository/org/codehaus/woodstox/stax2-api/3.1.4/stax2-api-3.1.4.jar:/home/user/.m2/repository/com/fasterxml/woodstox/woodstox-core/5.0.3/woodstox-core-5.0.3.jar:/home/user/.m2/repository/dnsjava/dnsjava/2.1.7/dnsjava-2.1.7.jar:/home/user/.m2/repository/org/apache/hadoop/hadoop-hdfs/3.2.0/hadoop-hdfs-3.2.0-tests.jar:/home/user/.m2/repository/org/eclipse/jetty/jetty-util-ajax/9.3.25.v20180904/jetty-util-ajax-9.3.25.v20180904.jar:/home/user/.m2/repository/commons-daemon/commons-daemon/1.0.13/commons-daemon-1.0.13.jar:/home/user/.m2/repository/io/netty/netty/3.10.5.Final/netty-3.10.5.Final.jar:/home/user/.m2/repository/io/netty/netty-all/4.0.52.Final/netty-all-4.0.52.Final.jar:/home/user/.m2/repository/org/fusesource/leveldbjni/leveldbjni-all/1.8/leveldbjni-all-1.8.jar:"/>
    <property name="sun.cpu.endian" value="little"/>
    <property name="user.home" value="/home/user"/>
    <property name="user.language" value="en"/>
    <property name="java.specification.vendor" value="Oracle Corporation"/>
    <property name="java.home" value="/usr/lib/jvm/java-1.8.0-openjdk-1.8.0.222.b10-1.el7_7.x86_64/jre"/>
    <property name="surefire.excludesFile" value="/tools/ozone-bad-unit-tests"/>
    <property name="java.security.krb5.conf" value="/workdir/hadoop-ozone/integration-test/target/test-classes/krb5.conf"/>
    <property name="basedir" value="/workdir/hadoop-ozone/integration-test"/>
    <property name="file.separator" value="/"/>
    <property name="line.separator" value="&#10;"/>
    <property name="java.vm.specification.vendor" value="Oracle Corporation"/>
    <property name="java.specification.name" value="Java Platform API Specification"/>
    <property name="java.awt.graphicsenv" value="sun.awt.X11GraphicsEnvironment"/>
    <property name="surefire.real.class.path" value="/workdir/hadoop-ozone/integration-test/target/surefire/surefirebooter4491899991188060950.jar"/>
    <property name="hadoop.log.dir" value="/workdir/hadoop-ozone/integration-test/target/log"/>
    <property name="sun.boot.class.path" value="/usr/lib/jvm/java-1.8.0-openjdk-1.8.0.222.b10-1.el7_7.x86_64/jre/lib/resources.jar:/usr/lib/jvm/java-1.8.0-openjdk-1.8.0.222.b10-1.el7_7.x86_64/jre/lib/rt.jar:/usr/lib/jvm/java-1.8.0-openjdk-1.8.0.222.b10-1.el7_7.x86_64/jre/lib/sunrsasign.jar:/usr/lib/jvm/java-1.8.0-openjdk-1.8.0.222.b10-1.el7_7.x86_64/jre/lib/jsse.jar:/usr/lib/jvm/java-1.8.0-openjdk-1.8.0.222.b10-1.el7_7.x86_64/jre/lib/jce.jar:/usr/lib/jvm/java-1.8.0-openjdk-1.8.0.222.b10-1.el7_7.x86_64/jre/lib/charsets.jar:/usr/lib/jvm/java-1.8.0-openjdk-1.8.0.222.b10-1.el7_7.x86_64/jre/lib/jfr.jar:/usr/lib/jvm/java-1.8.0-openjdk-1.8.0.222.b10-1.el7_7.x86_64/jre/classes"/>
    <property name="sun.management.compiler" value="HotSpot 64-Bit Tiered Compilers"/>
    <property name="java.runtime.version" value="1.8.0_222-b10"/>
    <property name="java.net.preferIPv4Stack" value="true"/>
    <property name="user.name" value="jenkins1000"/>
    <property name="path.separator" value=":"/>
    <property name="java.security.egd" value="file:///dev/urandom"/>
    <property name="os.version" value="3.10.0-957.12.2.el7.x86_64"/>
    <property name="java.endorsed.dirs" value="/usr/lib/jvm/java-1.8.0-openjdk-1.8.0.222.b10-1.el7_7.x86_64/jre/lib/endorsed"/>
    <property name="java.runtime.name" value="OpenJDK Runtime Environment"/>
    <property name="file.encoding" value="ANSI_X3.4-1968"/>
    <property name="java.vm.name" value="OpenJDK 64-Bit Server VM"/>
    <property name="test.build.webapps" value=""/>
    <property name="localRepository" value="/home/user/.m2/repository"/>
    <property name="java.vendor.url.bug" value="http://bugreport.sun.com/bugreport/"/>
    <property name="java.io.tmpdir" value="/tmp"/>
    <property name="require.test.libhadoop" value=""/>
    <property name="java.version" value="1.8.0_222"/>
    <property name="user.dir" value="/workdir/hadoop-ozone/integration-test"/>
    <property name="os.arch" value="amd64"/>
    <property name="java.vm.specification.name" value="Java Virtual Machine Specification"/>
    <property name="test.build.classes" value="/workdir/hadoop-ozone/integration-test/target/test-classes"/>
    <property name="java.awt.printerjob" value="sun.print.PSPrinterJob"/>
    <property name="sun.os.patch.level" value="unknown"/>
    <property name="hadoop.tmp.dir" value="/workdir/hadoop-ozone/integration-test/target/tmp"/>
    <property name="java.library.path" value="/usr/lib:/workdir/hadoop-ozone/integration-test/target/native/target/usr/local/lib:/workdir/hadoop-ozone/integration-test/../../hadoop-common-project/hadoop-common/target/native/target/usr/local/lib:/usr/java/packages/lib/amd64:/usr/lib64:/lib64:/lib:/usr/lib"/>
    <property name="java.vm.info" value="mixed mode"/>
    <property name="java.vendor" value="Oracle Corporation"/>
    <property name="java.vm.version" value="25.222-b10"/>
    <property name="java.ext.dirs" value="/usr/lib/jvm/java-1.8.0-openjdk-1.8.0.222.b10-1.el7_7.x86_64/jre/lib/ext:/usr/java/packages/lib/ext"/>
    <property name="sun.io.unicode.encoding" value="UnicodeLittle"/>
    <property name="java.class.version" value="52.0"/>
  </properties>
  <testcase name="testDeleteKeyWithSlowFollower" classname="org.apache.hadoop.ozone.client.rpc.TestDeleteWithSlowFollower" time="112.207">
    <failure type="java.lang.AssertionError">java.lang.AssertionError
	at org.junit.Assert.fail(Assert.java:86)
	at org.junit.Assert.assertTrue(Assert.java:41)
	at org.junit.Assert.assertTrue(Assert.java:52)
	at org.apache.hadoop.ozone.client.rpc.TestDeleteWithSlowFollower.testDeleteKeyWithSlowFollower(TestDeleteWithSlowFollower.java:265)
	at sun.reflect.NativeMethodAccessorImpl.invoke0(Native Method)
	at sun.reflect.NativeMethodAccessorImpl.invoke(NativeMethodAccessorImpl.java:62)
	at sun.reflect.DelegatingMethodAccessorImpl.invoke(DelegatingMethodAccessorImpl.java:43)
	at java.lang.reflect.Method.invoke(Method.java:498)
	at org.junit.runners.model.FrameworkMethod$1.runReflectiveCall(FrameworkMethod.java:47)
	at org.junit.internal.runners.model.ReflectiveCallable.run(ReflectiveCallable.java:12)
	at org.junit.runners.model.FrameworkMethod.invokeExplosively(FrameworkMethod.java:44)
	at org.junit.internal.runners.statements.InvokeMethod.evaluate(InvokeMethod.java:17)
	at org.junit.runners.ParentRunner.runLeaf(ParentRunner.java:271)
	at org.junit.runners.BlockJUnit4ClassRunner.runChild(BlockJUnit4ClassRunner.java:70)
	at org.junit.runners.BlockJUnit4ClassRunner.runChild(BlockJUnit4ClassRunner.java:50)
	at org.junit.runners.ParentRunner$3.run(ParentRunner.java:238)
	at org.junit.runners.ParentRunner$1.schedule(ParentRunner.java:63)
	at org.junit.runners.ParentRunner.runChildren(ParentRunner.java:236)
	at org.junit.runners.ParentRunner.access$000(ParentRunner.java:53)
	at org.junit.runners.ParentRunner$2.evaluate(ParentRunner.java:229)
	at org.junit.internal.runners.statements.RunBefores.evaluate(RunBefores.java:26)
	at org.junit.internal.runners.statements.RunAfters.evaluate(RunAfters.java:27)
	at org.junit.runners.ParentRunner.run(ParentRunner.java:309)
	at org.apache.maven.surefire.junit4.JUnit4Provider.execute(JUnit4Provider.java:365)
	at org.apache.maven.surefire.junit4.JUnit4Provider.executeWithRerun(JUnit4Provider.java:273)
	at org.apache.maven.surefire.junit4.JUnit4Provider.executeTestSet(JUnit4Provider.java:238)
	at org.apache.maven.surefire.junit4.JUnit4Provider.invoke(JUnit4Provider.java:159)
	at org.apache.maven.surefire.booter.ForkedBooter.invokeProviderInSameClassLoader(ForkedBooter.java:384)
	at org.apache.maven.surefire.booter.ForkedBooter.runSuitesInProcess(ForkedBooter.java:345)
	at org.apache.maven.surefire.booter.ForkedBooter.execute(ForkedBooter.java:126)
	at org.apache.maven.surefire.booter.ForkedBooter.main(ForkedBooter.java:418)
</failure>
    <system-out><![CDATA[2019-10-20 10:16:28,453 [main] WARN  server.ServerUtils (ServerUtils.java:getScmDbDir(145)) - ozone.scm.db.dirs is not configured. We recommend adding this setting. Falling back to ozone.metadata.dirs instead.
2019-10-20 10:16:28,581 [main] WARN  server.ServerUtils (ServerUtils.java:getScmDbDir(145)) - ozone.scm.db.dirs is not configured. We recommend adding this setting. Falling back to ozone.metadata.dirs instead.
2019-10-20 10:16:28,584 [main] WARN  server.ServerUtils (ServerUtils.java:getScmDbDir(145)) - ozone.scm.db.dirs is not configured. We recommend adding this setting. Falling back to ozone.metadata.dirs instead.
2019-10-20 10:16:28,612 [main] INFO  util.log (Log.java:initialized(192)) - Logging initialized @882ms
2019-10-20 10:16:28,708 [main] INFO  db.DBStoreBuilder (DBStoreBuilder.java:addTable(117)) - using custom profile for table: deletedBlocks
2019-10-20 10:16:28,709 [main] INFO  db.DBStoreBuilder (DBStoreBuilder.java:processTables(168)) - Using default column profile:DBProfile.DISK for Table:deletedBlocks
2019-10-20 10:16:28,709 [main] INFO  db.DBStoreBuilder (DBStoreBuilder.java:addTable(117)) - using custom profile for table: validCerts
2019-10-20 10:16:28,710 [main] INFO  db.DBStoreBuilder (DBStoreBuilder.java:processTables(168)) - Using default column profile:DBProfile.DISK for Table:validCerts
2019-10-20 10:16:28,710 [main] INFO  db.DBStoreBuilder (DBStoreBuilder.java:addTable(117)) - using custom profile for table: revokedCerts
2019-10-20 10:16:28,710 [main] INFO  db.DBStoreBuilder (DBStoreBuilder.java:processTables(168)) - Using default column profile:DBProfile.DISK for Table:revokedCerts
2019-10-20 10:16:28,725 [main] INFO  db.DBStoreBuilder (DBStoreBuilder.java:addTable(117)) - using custom profile for table: default
2019-10-20 10:16:28,725 [main] INFO  db.DBStoreBuilder (DBStoreBuilder.java:processTables(174)) - Using default column profile:DBProfile.DISK for Table:default
2019-10-20 10:16:28,727 [main] INFO  db.DBStoreBuilder (DBStoreBuilder.java:getDbProfile(205)) - Using default options. DBProfile.DISK
2019-10-20 10:16:28,968 [main] INFO  net.NodeSchemaLoader (NodeSchemaLoader.java:loadSchemaFromFile(125)) - Loading file from sun.misc.CompoundEnumeration@74235045
2019-10-20 10:16:28,970 [main] INFO  net.NodeSchemaLoader (NodeSchemaLoader.java:loadSchema(171)) - Loading network topology layer schema file
2019-10-20 10:16:29,030 [main] WARN  server.ServerUtils (ServerUtils.java:sanitizeUserArgs(70)) - ozone.scm.stale.node.interval value = 1000000 is larger than max = 100000 based on the key value of ozone.scm.heartbeat.thread.interval, reset to the max value 100000.
2019-10-20 10:16:29,032 [main] WARN  server.ServerUtils (ServerUtils.java:sanitizeUserArgs(70)) - ozone.scm.stale.node.interval value = 1000000 is larger than max = 100000 based on the key value of ozone.scm.heartbeat.thread.interval, reset to the max value 100000.
2019-10-20 10:16:29,034 [main] INFO  node.SCMNodeManager (SCMNodeManager.java:<init>(116)) - Entering startup safe mode.
2019-10-20 10:16:29,097 [main] INFO  algorithms.ContainerPlacementPolicyFactory (ContainerPlacementPolicyFactory.java:getPolicy(57)) - Create container placement policy of type org.apache.hadoop.hdds.scm.container.placement.algorithms.SCMContainerPlacementRandom
2019-10-20 10:16:29,111 [main] WARN  server.ServerUtils (ServerUtils.java:getScmDbDir(145)) - ozone.scm.db.dirs is not configured. We recommend adding this setting. Falling back to ozone.metadata.dirs instead.
2019-10-20 10:16:29,171 [main] INFO  pipeline.SCMPipelineManager (SCMPipelineManager.java:initializePipelineState(132)) - No pipeline exists in current db
2019-10-20 10:16:29,174 [main] WARN  server.ServerUtils (ServerUtils.java:getScmDbDir(145)) - ozone.scm.db.dirs is not configured. We recommend adding this setting. Falling back to ozone.metadata.dirs instead.
2019-10-20 10:16:29,281 [main] WARN  events.EventQueue (EventQueue.java:fireEvent(183)) - No event handler registered for event TypedEvent{payloadType=SafeModeStatus, name='SafeModeStatus'}
2019-10-20 10:16:29,661 [main] INFO  ipc.CallQueueManager (CallQueueManager.java:<init>(84)) - Using callQueue: class java.util.concurrent.LinkedBlockingQueue, queueCapacity: 2000, scheduler: class org.apache.hadoop.ipc.DefaultRpcScheduler, ipcBackoff: false.
2019-10-20 10:16:29,775 [Socket Reader #1 for port 44496] INFO  ipc.Server (Server.java:run(1074)) - Starting Socket Reader #1 for port 44496
2019-10-20 10:16:29,803 [main] INFO  ipc.CallQueueManager (CallQueueManager.java:<init>(84)) - Using callQueue: class java.util.concurrent.LinkedBlockingQueue, queueCapacity: 2000, scheduler: class org.apache.hadoop.ipc.DefaultRpcScheduler, ipcBackoff: false.
2019-10-20 10:16:29,804 [Socket Reader #1 for port 43233] INFO  ipc.Server (Server.java:run(1074)) - Starting Socket Reader #1 for port 43233
2019-10-20 10:16:29,812 [main] INFO  ipc.CallQueueManager (CallQueueManager.java:<init>(84)) - Using callQueue: class java.util.concurrent.LinkedBlockingQueue, queueCapacity: 2000, scheduler: class org.apache.hadoop.ipc.DefaultRpcScheduler, ipcBackoff: false.
2019-10-20 10:16:29,813 [Socket Reader #1 for port 33172] INFO  ipc.Server (Server.java:run(1074)) - Starting Socket Reader #1 for port 33172
2019-10-20 10:16:29,837 [main] INFO  hdfs.DFSUtil (DFSUtil.java:httpServerTemplateForNNAndJN(1641)) - Starting Web-server for scm at: http://0.0.0.0:0
2019-10-20 10:16:29,997 [main] INFO  server.AuthenticationFilter (AuthenticationFilter.java:constructSecretProvider(240)) - Unable to initialize FileSignerSecretProvider, falling back to use random secrets.
2019-10-20 10:16:30,006 [main] WARN  http.HttpRequestLog (HttpRequestLog.java:getRequestLog(97)) - Jetty request log can only be enabled using Log4j
2019-10-20 10:16:30,014 [main] INFO  http.HttpServer2 (HttpServer2.java:addGlobalFilter(975)) - Added global filter 'safety' (class=org.apache.hadoop.http.HttpServer2$QuotingInputFilter)
2019-10-20 10:16:30,017 [main] INFO  http.HttpServer2 (HttpServer2.java:addFilter(948)) - Added filter static_user_filter (class=org.apache.hadoop.http.lib.StaticUserWebFilter$StaticUserFilter) to context scm
2019-10-20 10:16:30,018 [main] INFO  http.HttpServer2 (HttpServer2.java:addFilter(958)) - Added filter static_user_filter (class=org.apache.hadoop.http.lib.StaticUserWebFilter$StaticUserFilter) to context static
2019-10-20 10:16:30,018 [main] INFO  http.HttpServer2 (HttpServer2.java:addFilter(958)) - Added filter static_user_filter (class=org.apache.hadoop.http.lib.StaticUserWebFilter$StaticUserFilter) to context logs
2019-10-20 10:16:30,048 [main] INFO  server.StorageContainerManager (StorageContainerManager.java:start(772)) - StorageContainerLocationProtocol RPC server is listening at /0.0.0.0:33172
2019-10-20 10:16:30,122 [main] WARN  impl.MetricsConfig (MetricsConfig.java:loadFirst(134)) - Cannot locate configuration: tried hadoop-metrics2-storagecontainermanager.properties,hadoop-metrics2.properties
2019-10-20 10:16:30,137 [main] INFO  impl.MetricsSystemImpl (MetricsSystemImpl.java:startTimer(374)) - Scheduled Metric snapshot period at 10 second(s).
2019-10-20 10:16:30,138 [main] INFO  impl.MetricsSystemImpl (MetricsSystemImpl.java:start(191)) - StorageContainerManager metrics system started
2019-10-20 10:16:30,366 [main] INFO  server.SCMClientProtocolServer (SCMClientProtocolServer.java:start(159)) - RPC server for Client  is listening at /0.0.0.0:33172
2019-10-20 10:16:30,367 [IPC Server Responder] INFO  ipc.Server (Server.java:run(1314)) - IPC Server Responder: starting
2019-10-20 10:16:30,367 [IPC Server listener on 33172] INFO  ipc.Server (Server.java:run(1153)) - IPC Server listener on 33172: starting
2019-10-20 10:16:30,370 [main] INFO  server.StorageContainerManager (StorageContainerManager.java:start(782)) - ScmBlockLocationProtocol RPC server is listening at /0.0.0.0:43233
2019-10-20 10:16:30,371 [main] INFO  server.SCMBlockProtocolServer (SCMBlockProtocolServer.java:start(146)) - RPC server for Block Protocol is listening at /0.0.0.0:43233
2019-10-20 10:16:30,371 [IPC Server Responder] INFO  ipc.Server (Server.java:run(1314)) - IPC Server Responder: starting
2019-10-20 10:16:30,372 [IPC Server listener on 43233] INFO  ipc.Server (Server.java:run(1153)) - IPC Server listener on 43233: starting
2019-10-20 10:16:30,374 [main] INFO  server.StorageContainerManager (StorageContainerManager.java:start(786)) - ScmDatanodeProtocl RPC server is listening at /0.0.0.0:44496
2019-10-20 10:16:30,375 [main] INFO  server.SCMDatanodeProtocolServer (SCMDatanodeProtocolServer.java:start(169)) - RPC server for DataNodes is listening at /0.0.0.0:44496
2019-10-20 10:16:30,376 [IPC Server Responder] INFO  ipc.Server (Server.java:run(1314)) - IPC Server Responder: starting
2019-10-20 10:16:30,376 [IPC Server listener on 44496] INFO  ipc.Server (Server.java:run(1153)) - IPC Server listener on 44496: starting
2019-10-20 10:16:30,381 [main] INFO  http.HttpServer2 (HttpServer2.java:bindListener(1191)) - Jetty bound to port 43156
2019-10-20 10:16:30,384 [main] INFO  server.Server (Server.java:doStart(351)) - jetty-9.3.25.v20180904, build timestamp: 2018-09-04T21:11:46Z, git hash: 3ce520221d0240229c862b122d2b06c12a625732
2019-10-20 10:16:30,432 [main] INFO  handler.ContextHandler (ContextHandler.java:doStart(781)) - Started o.e.j.s.ServletContextHandler@65fe9e33{/logs,file:///workdir/hadoop-ozone/integration-test/target/log,AVAILABLE}
2019-10-20 10:16:30,433 [main] INFO  handler.ContextHandler (ContextHandler.java:doStart(781)) - Started o.e.j.s.ServletContextHandler@42f8285e{/static,file:///workdir/hadoop-ozone/integration-test/target/test-classes/webapps/static,AVAILABLE}
2019-10-20 10:16:30,467 [main] INFO  handler.ContextHandler (ContextHandler.java:doStart(781)) - Started o.e.j.w.WebAppContext@3d6300e8{/,file:///workdir/hadoop-ozone/integration-test/target/test-classes/webapps/scm/,AVAILABLE}{/scm}
2019-10-20 10:16:30,473 [main] INFO  server.AbstractConnector (AbstractConnector.java:doStart(278)) - Started ServerConnector@3af4e0bf{HTTP/1.1,[http/1.1]}{0.0.0.0:43156}
2019-10-20 10:16:30,473 [main] INFO  server.Server (Server.java:doStart(419)) - Started @2744ms
2019-10-20 10:16:30,475 [main] INFO  impl.MetricsSinkAdapter (MetricsSinkAdapter.java:start(204)) - Sink prometheus started
2019-10-20 10:16:30,476 [main] INFO  impl.MetricsSystemImpl (MetricsSystemImpl.java:registerSink(301)) - Registered sink prometheus
2019-10-20 10:16:30,477 [main] INFO  server.BaseHttpServer (BaseHttpServer.java:updateConnectorAddress(215)) - HTTP server of SCM is listening at http://0.0.0.0:43156
2019-10-20 10:16:30,483 [org.apache.hadoop.util.JvmPauseMonitor$Monitor@1a2e2935] INFO  util.JvmPauseMonitor (JvmPauseMonitor.java:run(188)) - Starting JVM pause monitor
2019-10-20 10:16:30,486 [main] WARN  server.ServerUtils (ServerUtils.java:getDBPath(222)) - ozone.om.db.dirs is not configured. We recommend adding this setting. Falling back to ozone.metadata.dirs instead.
2019-10-20 10:16:30,587 [main] INFO  ha.OMHANodeDetails (OMHANodeDetails.java:loadOMHAConfig(190)) - Configuration either no ozone.om.address set. Falling back to the default OM address /127.0.0.1:0
2019-10-20 10:16:30,587 [main] INFO  ha.OMHANodeDetails (OMHANodeDetails.java:getOMNodeDetails(220)) - OM Service ID is not set. Setting it to the default ID: omServiceIdDefault
2019-10-20 10:16:30,589 [main] WARN  server.ServerUtils (ServerUtils.java:getDBPath(222)) - ozone.om.db.dirs is not configured. We recommend adding this setting. Falling back to ozone.metadata.dirs instead.
2019-10-20 10:16:30,590 [main] WARN  server.ServerUtils (ServerUtils.java:getDBPath(222)) - ozone.om.db.dirs is not configured. We recommend adding this setting. Falling back to ozone.metadata.dirs instead.
2019-10-20 10:16:31,198 [main] WARN  server.ServerUtils (ServerUtils.java:getDBPath(222)) - ozone.om.db.dirs is not configured. We recommend adding this setting. Falling back to ozone.metadata.dirs instead.
2019-10-20 10:16:31,206 [main] INFO  db.DBStoreBuilder (DBStoreBuilder.java:addTable(117)) - using custom profile for table: userTable
2019-10-20 10:16:31,206 [main] INFO  db.DBStoreBuilder (DBStoreBuilder.java:processTables(168)) - Using default column profile:DBProfile.DISK for Table:userTable
2019-10-20 10:16:31,206 [main] INFO  db.DBStoreBuilder (DBStoreBuilder.java:addTable(117)) - using custom profile for table: volumeTable
2019-10-20 10:16:31,206 [main] INFO  db.DBStoreBuilder (DBStoreBuilder.java:processTables(168)) - Using default column profile:DBProfile.DISK for Table:volumeTable
2019-10-20 10:16:31,207 [main] INFO  db.DBStoreBuilder (DBStoreBuilder.java:addTable(117)) - using custom profile for table: bucketTable
2019-10-20 10:16:31,207 [main] INFO  db.DBStoreBuilder (DBStoreBuilder.java:processTables(168)) - Using default column profile:DBProfile.DISK for Table:bucketTable
2019-10-20 10:16:31,207 [main] INFO  db.DBStoreBuilder (DBStoreBuilder.java:addTable(117)) - using custom profile for table: keyTable
2019-10-20 10:16:31,207 [main] INFO  db.DBStoreBuilder (DBStoreBuilder.java:processTables(168)) - Using default column profile:DBProfile.DISK for Table:keyTable
2019-10-20 10:16:31,208 [main] INFO  db.DBStoreBuilder (DBStoreBuilder.java:addTable(117)) - using custom profile for table: deletedTable
2019-10-20 10:16:31,208 [main] INFO  db.DBStoreBuilder (DBStoreBuilder.java:processTables(168)) - Using default column profile:DBProfile.DISK for Table:deletedTable
2019-10-20 10:16:31,208 [main] INFO  db.DBStoreBuilder (DBStoreBuilder.java:addTable(117)) - using custom profile for table: openKeyTable
2019-10-20 10:16:31,208 [main] INFO  db.DBStoreBuilder (DBStoreBuilder.java:processTables(168)) - Using default column profile:DBProfile.DISK for Table:openKeyTable
2019-10-20 10:16:31,208 [main] INFO  db.DBStoreBuilder (DBStoreBuilder.java:addTable(117)) - using custom profile for table: s3Table
2019-10-20 10:16:31,209 [main] INFO  db.DBStoreBuilder (DBStoreBuilder.java:processTables(168)) - Using default column profile:DBProfile.DISK for Table:s3Table
2019-10-20 10:16:31,209 [main] INFO  db.DBStoreBuilder (DBStoreBuilder.java:addTable(117)) - using custom profile for table: multipartInfoTable
2019-10-20 10:16:31,209 [main] INFO  db.DBStoreBuilder (DBStoreBuilder.java:processTables(168)) - Using default column profile:DBProfile.DISK for Table:multipartInfoTable
2019-10-20 10:16:31,209 [main] INFO  db.DBStoreBuilder (DBStoreBuilder.java:addTable(117)) - using custom profile for table: dTokenTable
2019-10-20 10:16:31,209 [main] INFO  db.DBStoreBuilder (DBStoreBuilder.java:processTables(168)) - Using default column profile:DBProfile.DISK for Table:dTokenTable
2019-10-20 10:16:31,210 [main] INFO  db.DBStoreBuilder (DBStoreBuilder.java:addTable(117)) - using custom profile for table: s3SecretTable
2019-10-20 10:16:31,210 [main] INFO  db.DBStoreBuilder (DBStoreBuilder.java:processTables(168)) - Using default column profile:DBProfile.DISK for Table:s3SecretTable
2019-10-20 10:16:31,210 [main] INFO  db.DBStoreBuilder (DBStoreBuilder.java:addTable(117)) - using custom profile for table: prefixTable
2019-10-20 10:16:31,210 [main] INFO  db.DBStoreBuilder (DBStoreBuilder.java:processTables(168)) - Using default column profile:DBProfile.DISK for Table:prefixTable
2019-10-20 10:16:31,211 [main] INFO  db.DBStoreBuilder (DBStoreBuilder.java:addTable(117)) - using custom profile for table: default
2019-10-20 10:16:31,211 [main] INFO  db.DBStoreBuilder (DBStoreBuilder.java:processTables(174)) - Using default column profile:DBProfile.DISK for Table:default
2019-10-20 10:16:31,211 [main] INFO  db.DBStoreBuilder (DBStoreBuilder.java:getDbProfile(205)) - Using default options. DBProfile.DISK
2019-10-20 10:16:31,653 [main] INFO  ipc.CallQueueManager (CallQueueManager.java:<init>(84)) - Using callQueue: class java.util.concurrent.LinkedBlockingQueue, queueCapacity: 2000, scheduler: class org.apache.hadoop.ipc.DefaultRpcScheduler, ipcBackoff: false.
2019-10-20 10:16:31,654 [Socket Reader #1 for port 36038] INFO  ipc.Server (Server.java:run(1074)) - Starting Socket Reader #1 for port 36038
2019-10-20 10:16:31,675 [main] INFO  om.OzoneManager (OzoneManager.java:start(1074)) - OzoneManager RPC server is listening at localhost/127.0.0.1:36038
2019-10-20 10:16:31,675 [main] INFO  impl.MetricsSystemImpl (MetricsSystemImpl.java:init(158)) - OzoneManager metrics system started (again)
2019-10-20 10:16:31,682 [IPC Server Responder] INFO  ipc.Server (Server.java:run(1314)) - IPC Server Responder: starting
2019-10-20 10:16:31,683 [IPC Server listener on 36038] INFO  ipc.Server (Server.java:run(1153)) - IPC Server listener on 36038: starting
2019-10-20 10:16:31,688 [main] INFO  hdfs.DFSUtil (DFSUtil.java:httpServerTemplateForNNAndJN(1641)) - Starting Web-server for ozoneManager at: http://0.0.0.0:0
2019-10-20 10:16:31,690 [main] INFO  server.AuthenticationFilter (AuthenticationFilter.java:constructSecretProvider(240)) - Unable to initialize FileSignerSecretProvider, falling back to use random secrets.
2019-10-20 10:16:31,690 [main] WARN  http.HttpRequestLog (HttpRequestLog.java:getRequestLog(97)) - Jetty request log can only be enabled using Log4j
2019-10-20 10:16:31,692 [main] INFO  http.HttpServer2 (HttpServer2.java:addGlobalFilter(975)) - Added global filter 'safety' (class=org.apache.hadoop.http.HttpServer2$QuotingInputFilter)
2019-10-20 10:16:31,693 [main] INFO  http.HttpServer2 (HttpServer2.java:addFilter(948)) - Added filter static_user_filter (class=org.apache.hadoop.http.lib.StaticUserWebFilter$StaticUserFilter) to context ozoneManager
2019-10-20 10:16:31,693 [main] INFO  http.HttpServer2 (HttpServer2.java:addFilter(958)) - Added filter static_user_filter (class=org.apache.hadoop.http.lib.StaticUserWebFilter$StaticUserFilter) to context static
2019-10-20 10:16:31,694 [main] INFO  http.HttpServer2 (HttpServer2.java:addFilter(958)) - Added filter static_user_filter (class=org.apache.hadoop.http.lib.StaticUserWebFilter$StaticUserFilter) to context logs
2019-10-20 10:16:31,696 [main] INFO  http.HttpServer2 (HttpServer2.java:bindListener(1191)) - Jetty bound to port 33151
2019-10-20 10:16:31,696 [main] INFO  server.Server (Server.java:doStart(351)) - jetty-9.3.25.v20180904, build timestamp: 2018-09-04T21:11:46Z, git hash: 3ce520221d0240229c862b122d2b06c12a625732
2019-10-20 10:16:31,699 [main] INFO  handler.ContextHandler (ContextHandler.java:doStart(781)) - Started o.e.j.s.ServletContextHandler@368d5c00{/logs,file:///workdir/hadoop-ozone/integration-test/target/log,AVAILABLE}
2019-10-20 10:16:31,699 [main] INFO  handler.ContextHandler (ContextHandler.java:doStart(781)) - Started o.e.j.s.ServletContextHandler@aa10649{/static,file:///workdir/hadoop-ozone/integration-test/target/test-classes/webapps/static,AVAILABLE}
2019-10-20 10:16:31,704 [main] INFO  handler.ContextHandler (ContextHandler.java:doStart(781)) - Started o.e.j.w.WebAppContext@41aaedaa{/,file:///workdir/hadoop-ozone/integration-test/target/test-classes/webapps/ozoneManager/,AVAILABLE}{/ozoneManager}
2019-10-20 10:16:31,705 [main] INFO  server.AbstractConnector (AbstractConnector.java:doStart(278)) - Started ServerConnector@303a5119{HTTP/1.1,[http/1.1]}{0.0.0.0:33151}
2019-10-20 10:16:31,705 [main] INFO  server.Server (Server.java:doStart(419)) - Started @3975ms
2019-10-20 10:16:31,705 [main] WARN  impl.MetricsSystemImpl (MetricsSystemImpl.java:register(276)) - Sink prometheus already exists!
2019-10-20 10:16:31,708 [main] INFO  server.BaseHttpServer (BaseHttpServer.java:updateConnectorAddress(215)) - HTTP server of OZONEMANAGER is listening at http://0.0.0.0:33151
2019-10-20 10:16:31,948 [main] INFO  impl.MetricsSystemImpl (MetricsSystemImpl.java:init(158)) - HddsDatanode metrics system started (again)
2019-10-20 10:16:31,993 [main] INFO  ozone.HddsDatanodeService (HddsDatanodeService.java:start(184)) - HddsDatanodeService host:pr-hdds-2335-x5gnt-184872562 ip:192.168.69.89
2019-10-20 10:16:32,027 [main] INFO  volume.HddsVolume (HddsVolume.java:<init>(176)) - Creating Volume: /workdir/hadoop-ozone/integration-test/target/test-dir/MiniOzoneClusterImpl-2addb35b-a6cc-4f8a-83ea-8293f411ed6d/datanode-0/data/containers/hdds of  storage type : DISK and capacity : 1482555576320
2019-10-20 10:16:32,030 [main] INFO  volume.VolumeSet (VolumeSet.java:initializeVolumeSet(170)) - Added Volume : /workdir/hadoop-ozone/integration-test/target/test-dir/MiniOzoneClusterImpl-2addb35b-a6cc-4f8a-83ea-8293f411ed6d/datanode-0/data/containers/hdds to VolumeSet
2019-10-20 10:16:32,034 [main] INFO  volume.ThrottledAsyncChecker (ThrottledAsyncChecker.java:schedule(141)) - Scheduling a check for /workdir/hadoop-ozone/integration-test/target/test-dir/MiniOzoneClusterImpl-2addb35b-a6cc-4f8a-83ea-8293f411ed6d/datanode-0/data/containers/hdds
2019-10-20 10:16:32,056 [main] INFO  volume.HddsVolumeChecker (HddsVolumeChecker.java:checkAllVolumes(204)) - Scheduled health check for volume /workdir/hadoop-ozone/integration-test/target/test-dir/MiniOzoneClusterImpl-2addb35b-a6cc-4f8a-83ea-8293f411ed6d/datanode-0/data/containers/hdds
2019-10-20 10:16:32,172 [main] INFO  impl.RaftServerProxy (ConfUtils.java:logGet(43)) - raft.rpc.type = GRPC (default)
2019-10-20 10:16:32,236 [main] INFO  grpc.GrpcFactory (GrpcFactory.java:checkPooledByteBufAllocatorUseCacheForAllThreads(45)) - PERFORMANCE WARNING: useCacheForAllThreads is true that may cause Netty to create a lot garbage objects and, as a result, trigger GC.
	It is recommended to disable useCacheForAllThreads by setting -Dorg.apache.ratis.thirdparty.io.netty.allocator.useCacheForAllThreads=false in command line.
2019-10-20 10:16:32,242 [main] INFO  grpc.GrpcConfigKeys$Server (ConfUtils.java:logGet(43)) - raft.grpc.server.port = 0 (default)
2019-10-20 10:16:32,243 [main] INFO  server.GrpcService (ConfUtils.java:logGet(43)) - raft.grpc.message.size.max = 33570816 (custom)
2019-10-20 10:16:32,244 [main] INFO  server.RaftServerConfigKeys (ConfUtils.java:logGet(43)) - raft.server.log.appender.buffer.byte-limit = 33554432 (custom)
2019-10-20 10:16:32,245 [main] INFO  server.GrpcService (ConfUtils.java:logGet(43)) - raft.grpc.flow.control.window = 1MB (=1048576) (default)
2019-10-20 10:16:32,246 [main] INFO  server.RaftServerConfigKeys (ConfUtils.java:logGet(43)) - raft.server.rpc.request.timeout = 3000ms (default)
2019-10-20 10:16:32,417 [main] INFO  server.RaftServerConfigKeys (ConfUtils.java:logGet(43)) - raft.server.storage.dir = [/workdir/hadoop-ozone/integration-test/target/test-dir/MiniOzoneClusterImpl-2addb35b-a6cc-4f8a-83ea-8293f411ed6d/datanode-0/data/ratis] (custom)
2019-10-20 10:16:32,467 [main] INFO  hdfs.DFSUtil (DFSUtil.java:httpServerTemplateForNNAndJN(1641)) - Starting Web-server for hddsDatanode at: http://0.0.0.0:0
2019-10-20 10:16:32,470 [main] INFO  server.AuthenticationFilter (AuthenticationFilter.java:constructSecretProvider(240)) - Unable to initialize FileSignerSecretProvider, falling back to use random secrets.
2019-10-20 10:16:32,471 [main] WARN  http.HttpRequestLog (HttpRequestLog.java:getRequestLog(97)) - Jetty request log can only be enabled using Log4j
2019-10-20 10:16:32,473 [main] INFO  http.HttpServer2 (HttpServer2.java:addGlobalFilter(975)) - Added global filter 'safety' (class=org.apache.hadoop.http.HttpServer2$QuotingInputFilter)
2019-10-20 10:16:32,475 [main] INFO  http.HttpServer2 (HttpServer2.java:addFilter(948)) - Added filter static_user_filter (class=org.apache.hadoop.http.lib.StaticUserWebFilter$StaticUserFilter) to context hddsDatanode
2019-10-20 10:16:32,475 [main] INFO  http.HttpServer2 (HttpServer2.java:addFilter(958)) - Added filter static_user_filter (class=org.apache.hadoop.http.lib.StaticUserWebFilter$StaticUserFilter) to context static
2019-10-20 10:16:32,475 [main] INFO  http.HttpServer2 (HttpServer2.java:addFilter(958)) - Added filter static_user_filter (class=org.apache.hadoop.http.lib.StaticUserWebFilter$StaticUserFilter) to context logs
2019-10-20 10:16:32,477 [main] INFO  http.HttpServer2 (HttpServer2.java:bindListener(1191)) - Jetty bound to port 39984
2019-10-20 10:16:32,477 [main] INFO  server.Server (Server.java:doStart(351)) - jetty-9.3.25.v20180904, build timestamp: 2018-09-04T21:11:46Z, git hash: 3ce520221d0240229c862b122d2b06c12a625732
2019-10-20 10:16:32,481 [main] INFO  handler.ContextHandler (ContextHandler.java:doStart(781)) - Started o.e.j.s.ServletContextHandler@46185a1b{/logs,file:///workdir/hadoop-ozone/integration-test/target/log,AVAILABLE}
2019-10-20 10:16:32,482 [main] INFO  handler.ContextHandler (ContextHandler.java:doStart(781)) - Started o.e.j.s.ServletContextHandler@60cf62ad{/static,jar:file:/home/user/.m2/repository/org/apache/hadoop/hadoop-hdds-container-service/0.5.0-SNAPSHOT/hadoop-hdds-container-service-0.5.0-SNAPSHOT.jar!/webapps/static,AVAILABLE}
2019-10-20 10:16:32,531 [main] INFO  handler.ContextHandler (ContextHandler.java:doStart(781)) - Started o.e.j.w.WebAppContext@1aabf50d{/,file:///tmp/jetty-0.0.0.0-39984-hddsDatanode-_-any-1770385507209367164.dir/webapp/,AVAILABLE}{/hddsDatanode}
2019-10-20 10:16:32,532 [main] INFO  server.AbstractConnector (AbstractConnector.java:doStart(278)) - Started ServerConnector@73c9e8e8{HTTP/1.1,[http/1.1]}{0.0.0.0:39984}
2019-10-20 10:16:32,533 [main] INFO  server.Server (Server.java:doStart(419)) - Started @4803ms
2019-10-20 10:16:32,533 [main] WARN  impl.MetricsSystemImpl (MetricsSystemImpl.java:register(276)) - Sink prometheus already exists!
2019-10-20 10:16:32,535 [main] INFO  server.BaseHttpServer (BaseHttpServer.java:updateConnectorAddress(215)) - HTTP server of HDDSDATANODE is listening at http://0.0.0.0:39984
2019-10-20 10:16:32,536 [main] INFO  impl.MetricsSystemImpl (MetricsSystemImpl.java:init(158)) - HddsDatanode metrics system started (again)
2019-10-20 10:16:32,540 [main] INFO  ozone.HddsDatanodeService (HddsDatanodeService.java:start(184)) - HddsDatanodeService host:pr-hdds-2335-x5gnt-184872562 ip:192.168.69.89
2019-10-20 10:16:32,542 [org.apache.hadoop.util.JvmPauseMonitor$Monitor@3493073f] INFO  util.JvmPauseMonitor (JvmPauseMonitor.java:run(188)) - Starting JVM pause monitor
2019-10-20 10:16:32,551 [main] INFO  volume.HddsVolume (HddsVolume.java:<init>(176)) - Creating Volume: /workdir/hadoop-ozone/integration-test/target/test-dir/MiniOzoneClusterImpl-2addb35b-a6cc-4f8a-83ea-8293f411ed6d/datanode-1/data/containers/hdds of  storage type : DISK and capacity : 1482555576320
2019-10-20 10:16:32,551 [main] INFO  volume.VolumeSet (VolumeSet.java:initializeVolumeSet(170)) - Added Volume : /workdir/hadoop-ozone/integration-test/target/test-dir/MiniOzoneClusterImpl-2addb35b-a6cc-4f8a-83ea-8293f411ed6d/datanode-1/data/containers/hdds to VolumeSet
2019-10-20 10:16:32,552 [main] INFO  volume.ThrottledAsyncChecker (ThrottledAsyncChecker.java:schedule(141)) - Scheduling a check for /workdir/hadoop-ozone/integration-test/target/test-dir/MiniOzoneClusterImpl-2addb35b-a6cc-4f8a-83ea-8293f411ed6d/datanode-1/data/containers/hdds
2019-10-20 10:16:32,553 [main] INFO  volume.HddsVolumeChecker (HddsVolumeChecker.java:checkAllVolumes(204)) - Scheduled health check for volume /workdir/hadoop-ozone/integration-test/target/test-dir/MiniOzoneClusterImpl-2addb35b-a6cc-4f8a-83ea-8293f411ed6d/datanode-1/data/containers/hdds
2019-10-20 10:16:32,581 [main] INFO  impl.RaftServerProxy (ConfUtils.java:logGet(43)) - raft.rpc.type = GRPC (default)
2019-10-20 10:16:32,581 [main] INFO  grpc.GrpcFactory (GrpcFactory.java:checkPooledByteBufAllocatorUseCacheForAllThreads(45)) - PERFORMANCE WARNING: useCacheForAllThreads is true that may cause Netty to create a lot garbage objects and, as a result, trigger GC.
	It is recommended to disable useCacheForAllThreads by setting -Dorg.apache.ratis.thirdparty.io.netty.allocator.useCacheForAllThreads=false in command line.
2019-10-20 10:16:32,581 [main] INFO  grpc.GrpcConfigKeys$Server (ConfUtils.java:logGet(43)) - raft.grpc.server.port = 0 (default)
2019-10-20 10:16:32,582 [main] INFO  server.GrpcService (ConfUtils.java:logGet(43)) - raft.grpc.message.size.max = 33570816 (custom)
2019-10-20 10:16:32,582 [main] INFO  server.RaftServerConfigKeys (ConfUtils.java:logGet(43)) - raft.server.log.appender.buffer.byte-limit = 33554432 (custom)
2019-10-20 10:16:32,582 [main] INFO  server.GrpcService (ConfUtils.java:logGet(43)) - raft.grpc.flow.control.window = 1MB (=1048576) (default)
2019-10-20 10:16:32,583 [main] INFO  server.RaftServerConfigKeys (ConfUtils.java:logGet(43)) - raft.server.rpc.request.timeout = 3000ms (default)
2019-10-20 10:16:32,584 [main] INFO  server.RaftServerConfigKeys (ConfUtils.java:logGet(43)) - raft.server.storage.dir = [/workdir/hadoop-ozone/integration-test/target/test-dir/MiniOzoneClusterImpl-2addb35b-a6cc-4f8a-83ea-8293f411ed6d/datanode-1/data/ratis] (custom)
2019-10-20 10:16:32,586 [main] INFO  hdfs.DFSUtil (DFSUtil.java:httpServerTemplateForNNAndJN(1641)) - Starting Web-server for hddsDatanode at: http://0.0.0.0:0
2019-10-20 10:16:32,588 [main] INFO  server.AuthenticationFilter (AuthenticationFilter.java:constructSecretProvider(240)) - Unable to initialize FileSignerSecretProvider, falling back to use random secrets.
2019-10-20 10:16:32,589 [main] WARN  http.HttpRequestLog (HttpRequestLog.java:getRequestLog(97)) - Jetty request log can only be enabled using Log4j
2019-10-20 10:16:32,592 [main] INFO  http.HttpServer2 (HttpServer2.java:addGlobalFilter(975)) - Added global filter 'safety' (class=org.apache.hadoop.http.HttpServer2$QuotingInputFilter)
2019-10-20 10:16:32,593 [main] INFO  http.HttpServer2 (HttpServer2.java:addFilter(948)) - Added filter static_user_filter (class=org.apache.hadoop.http.lib.StaticUserWebFilter$StaticUserFilter) to context hddsDatanode
2019-10-20 10:16:32,593 [main] INFO  http.HttpServer2 (HttpServer2.java:addFilter(958)) - Added filter static_user_filter (class=org.apache.hadoop.http.lib.StaticUserWebFilter$StaticUserFilter) to context logs
2019-10-20 10:16:32,593 [main] INFO  http.HttpServer2 (HttpServer2.java:addFilter(958)) - Added filter static_user_filter (class=org.apache.hadoop.http.lib.StaticUserWebFilter$StaticUserFilter) to context static
2019-10-20 10:16:32,595 [main] INFO  http.HttpServer2 (HttpServer2.java:bindListener(1191)) - Jetty bound to port 41419
2019-10-20 10:16:32,595 [main] INFO  server.Server (Server.java:doStart(351)) - jetty-9.3.25.v20180904, build timestamp: 2018-09-04T21:11:46Z, git hash: 3ce520221d0240229c862b122d2b06c12a625732
2019-10-20 10:16:32,597 [main] INFO  handler.ContextHandler (ContextHandler.java:doStart(781)) - Started o.e.j.s.ServletContextHandler@6a472566{/logs,file:///workdir/hadoop-ozone/integration-test/target/log,AVAILABLE}
2019-10-20 10:16:32,598 [main] INFO  handler.ContextHandler (ContextHandler.java:doStart(781)) - Started o.e.j.s.ServletContextHandler@5e65afb6{/static,jar:file:/home/user/.m2/repository/org/apache/hadoop/hadoop-hdds-container-service/0.5.0-SNAPSHOT/hadoop-hdds-container-service-0.5.0-SNAPSHOT.jar!/webapps/static,AVAILABLE}
2019-10-20 10:16:32,637 [main] INFO  handler.ContextHandler (ContextHandler.java:doStart(781)) - Started o.e.j.w.WebAppContext@5c77ba8f{/,file:///tmp/jetty-0.0.0.0-41419-hddsDatanode-_-any-5879884290071138655.dir/webapp/,AVAILABLE}{/hddsDatanode}
2019-10-20 10:16:32,638 [main] INFO  server.AbstractConnector (AbstractConnector.java:doStart(278)) - Started ServerConnector@660f0c{HTTP/1.1,[http/1.1]}{0.0.0.0:41419}
2019-10-20 10:16:32,638 [main] INFO  server.Server (Server.java:doStart(419)) - Started @4909ms
2019-10-20 10:16:32,639 [main] WARN  impl.MetricsSystemImpl (MetricsSystemImpl.java:register(276)) - Sink prometheus already exists!
2019-10-20 10:16:32,641 [main] INFO  server.BaseHttpServer (BaseHttpServer.java:updateConnectorAddress(215)) - HTTP server of HDDSDATANODE is listening at http://0.0.0.0:41419
2019-10-20 10:16:32,641 [main] INFO  impl.MetricsSystemImpl (MetricsSystemImpl.java:init(158)) - HddsDatanode metrics system started (again)
2019-10-20 10:16:32,644 [org.apache.hadoop.util.JvmPauseMonitor$Monitor@73130bc5] INFO  util.JvmPauseMonitor (JvmPauseMonitor.java:run(188)) - Starting JVM pause monitor
2019-10-20 10:16:32,645 [main] INFO  ozone.HddsDatanodeService (HddsDatanodeService.java:start(184)) - HddsDatanodeService host:pr-hdds-2335-x5gnt-184872562 ip:192.168.69.89
2019-10-20 10:16:32,647 [Datanode State Machine Thread - 0] INFO  datanode.InitDatanodeState (InitDatanodeState.java:persistContainerDatanodeDetails(140)) - DatanodeDetails is persisted to /workdir/hadoop-ozone/integration-test/target/test-dir/MiniOzoneClusterImpl-2addb35b-a6cc-4f8a-83ea-8293f411ed6d/datanode-0/meta/datanode.id
2019-10-20 10:16:32,652 [Datanode State Machine Thread - 0] INFO  datanode.InitDatanodeState (InitDatanodeState.java:persistContainerDatanodeDetails(140)) - DatanodeDetails is persisted to /workdir/hadoop-ozone/integration-test/target/test-dir/MiniOzoneClusterImpl-2addb35b-a6cc-4f8a-83ea-8293f411ed6d/datanode-1/meta/datanode.id
2019-10-20 10:16:32,659 [main] INFO  volume.HddsVolume (HddsVolume.java:<init>(176)) - Creating Volume: /workdir/hadoop-ozone/integration-test/target/test-dir/MiniOzoneClusterImpl-2addb35b-a6cc-4f8a-83ea-8293f411ed6d/datanode-2/data/containers/hdds of  storage type : DISK and capacity : 1482555576320
2019-10-20 10:16:32,659 [main] INFO  volume.VolumeSet (VolumeSet.java:initializeVolumeSet(170)) - Added Volume : /workdir/hadoop-ozone/integration-test/target/test-dir/MiniOzoneClusterImpl-2addb35b-a6cc-4f8a-83ea-8293f411ed6d/datanode-2/data/containers/hdds to VolumeSet
2019-10-20 10:16:32,659 [main] INFO  volume.ThrottledAsyncChecker (ThrottledAsyncChecker.java:schedule(141)) - Scheduling a check for /workdir/hadoop-ozone/integration-test/target/test-dir/MiniOzoneClusterImpl-2addb35b-a6cc-4f8a-83ea-8293f411ed6d/datanode-2/data/containers/hdds
2019-10-20 10:16:32,661 [main] INFO  volume.HddsVolumeChecker (HddsVolumeChecker.java:checkAllVolumes(204)) - Scheduled health check for volume /workdir/hadoop-ozone/integration-test/target/test-dir/MiniOzoneClusterImpl-2addb35b-a6cc-4f8a-83ea-8293f411ed6d/datanode-2/data/containers/hdds
2019-10-20 10:16:32,683 [main] INFO  impl.RaftServerProxy (ConfUtils.java:logGet(43)) - raft.rpc.type = GRPC (default)
2019-10-20 10:16:32,684 [main] INFO  grpc.GrpcFactory (GrpcFactory.java:checkPooledByteBufAllocatorUseCacheForAllThreads(45)) - PERFORMANCE WARNING: useCacheForAllThreads is true that may cause Netty to create a lot garbage objects and, as a result, trigger GC.
	It is recommended to disable useCacheForAllThreads by setting -Dorg.apache.ratis.thirdparty.io.netty.allocator.useCacheForAllThreads=false in command line.
2019-10-20 10:16:32,684 [main] INFO  grpc.GrpcConfigKeys$Server (ConfUtils.java:logGet(43)) - raft.grpc.server.port = 0 (default)
2019-10-20 10:16:32,685 [main] INFO  server.GrpcService (ConfUtils.java:logGet(43)) - raft.grpc.message.size.max = 33570816 (custom)
2019-10-20 10:16:32,685 [main] INFO  server.RaftServerConfigKeys (ConfUtils.java:logGet(43)) - raft.server.log.appender.buffer.byte-limit = 33554432 (custom)
2019-10-20 10:16:32,685 [main] INFO  server.GrpcService (ConfUtils.java:logGet(43)) - raft.grpc.flow.control.window = 1MB (=1048576) (default)
2019-10-20 10:16:32,685 [main] INFO  server.RaftServerConfigKeys (ConfUtils.java:logGet(43)) - raft.server.rpc.request.timeout = 3000ms (default)
2019-10-20 10:16:32,688 [main] INFO  server.RaftServerConfigKeys (ConfUtils.java:logGet(43)) - raft.server.storage.dir = [/workdir/hadoop-ozone/integration-test/target/test-dir/MiniOzoneClusterImpl-2addb35b-a6cc-4f8a-83ea-8293f411ed6d/datanode-2/data/ratis] (custom)
2019-10-20 10:16:32,692 [main] INFO  hdfs.DFSUtil (DFSUtil.java:httpServerTemplateForNNAndJN(1641)) - Starting Web-server for hddsDatanode at: http://0.0.0.0:0
2019-10-20 10:16:32,693 [main] INFO  server.AuthenticationFilter (AuthenticationFilter.java:constructSecretProvider(240)) - Unable to initialize FileSignerSecretProvider, falling back to use random secrets.
2019-10-20 10:16:32,694 [main] WARN  http.HttpRequestLog (HttpRequestLog.java:getRequestLog(97)) - Jetty request log can only be enabled using Log4j
2019-10-20 10:16:32,695 [main] INFO  http.HttpServer2 (HttpServer2.java:addGlobalFilter(975)) - Added global filter 'safety' (class=org.apache.hadoop.http.HttpServer2$QuotingInputFilter)
2019-10-20 10:16:32,696 [main] INFO  http.HttpServer2 (HttpServer2.java:addFilter(948)) - Added filter static_user_filter (class=org.apache.hadoop.http.lib.StaticUserWebFilter$StaticUserFilter) to context hddsDatanode
2019-10-20 10:16:32,696 [main] INFO  http.HttpServer2 (HttpServer2.java:addFilter(958)) - Added filter static_user_filter (class=org.apache.hadoop.http.lib.StaticUserWebFilter$StaticUserFilter) to context static
2019-10-20 10:16:32,696 [main] INFO  http.HttpServer2 (HttpServer2.java:addFilter(958)) - Added filter static_user_filter (class=org.apache.hadoop.http.lib.StaticUserWebFilter$StaticUserFilter) to context logs
2019-10-20 10:16:32,697 [main] INFO  http.HttpServer2 (HttpServer2.java:bindListener(1191)) - Jetty bound to port 46764
2019-10-20 10:16:32,697 [main] INFO  server.Server (Server.java:doStart(351)) - jetty-9.3.25.v20180904, build timestamp: 2018-09-04T21:11:46Z, git hash: 3ce520221d0240229c862b122d2b06c12a625732
2019-10-20 10:16:32,700 [main] INFO  handler.ContextHandler (ContextHandler.java:doStart(781)) - Started o.e.j.s.ServletContextHandler@6920614{/logs,file:///workdir/hadoop-ozone/integration-test/target/log,AVAILABLE}
2019-10-20 10:16:32,700 [main] INFO  handler.ContextHandler (ContextHandler.java:doStart(781)) - Started o.e.j.s.ServletContextHandler@5fa23c{/static,jar:file:/home/user/.m2/repository/org/apache/hadoop/hadoop-hdds-container-service/0.5.0-SNAPSHOT/hadoop-hdds-container-service-0.5.0-SNAPSHOT.jar!/webapps/static,AVAILABLE}
2019-10-20 10:16:32,731 [main] INFO  handler.ContextHandler (ContextHandler.java:doStart(781)) - Started o.e.j.w.WebAppContext@7a0e7ecd{/,file:///tmp/jetty-0.0.0.0-46764-hddsDatanode-_-any-8097309978147082883.dir/webapp/,AVAILABLE}{/hddsDatanode}
2019-10-20 10:16:32,732 [main] INFO  server.AbstractConnector (AbstractConnector.java:doStart(278)) - Started ServerConnector@54e3658c{HTTP/1.1,[http/1.1]}{0.0.0.0:46764}
2019-10-20 10:16:32,732 [main] INFO  server.Server (Server.java:doStart(419)) - Started @5003ms
2019-10-20 10:16:32,734 [main] WARN  impl.MetricsSystemImpl (MetricsSystemImpl.java:register(276)) - Sink prometheus already exists!
2019-10-20 10:16:32,735 [main] INFO  server.BaseHttpServer (BaseHttpServer.java:updateConnectorAddress(215)) - HTTP server of HDDSDATANODE is listening at http://0.0.0.0:46764
2019-10-20 10:16:32,738 [main] INFO  ozone.MiniOzoneClusterImpl (MiniOzoneClusterImpl.java:lambda$waitForClusterToBeReady$0(147)) - Waiting for cluster to be ready. Got 0 of 3 DN Heartbeats.
2019-10-20 10:16:32,738 [org.apache.hadoop.util.JvmPauseMonitor$Monitor@167319f9] INFO  util.JvmPauseMonitor (JvmPauseMonitor.java:run(188)) - Starting JVM pause monitor
2019-10-20 10:16:32,742 [Datanode State Machine Thread - 0] INFO  datanode.InitDatanodeState (InitDatanodeState.java:persistContainerDatanodeDetails(140)) - DatanodeDetails is persisted to /workdir/hadoop-ozone/integration-test/target/test-dir/MiniOzoneClusterImpl-2addb35b-a6cc-4f8a-83ea-8293f411ed6d/datanode-2/meta/datanode.id
2019-10-20 10:16:33,738 [main] INFO  ozone.MiniOzoneClusterImpl (MiniOzoneClusterImpl.java:lambda$waitForClusterToBeReady$0(147)) - Waiting for cluster to be ready. Got 0 of 3 DN Heartbeats.
2019-10-20 10:16:34,623 [Datanode State Machine Thread - 0] INFO  ozoneimpl.OzoneContainer (OzoneContainer.java:start(213)) - Attempting to start container services.
2019-10-20 10:16:34,626 [Datanode State Machine Thread - 0] INFO  ozoneimpl.OzoneContainer (OzoneContainer.java:startContainerScrub(177)) - Background container scanner has been disabled.
2019-10-20 10:16:34,626 [Datanode State Machine Thread - 0] INFO  ratis.XceiverServerRatis (XceiverServerRatis.java:start(418)) - Starting XceiverServerRatis f1d6a710-9313-44dc-a005-f0b22c06f92c at port 0
2019-10-20 10:16:34,651 [Datanode State Machine Thread - 0] INFO  impl.RaftServerProxy (RaftServerProxy.java:lambda$start$3(299)) - f1d6a710-9313-44dc-a005-f0b22c06f92c: start RPC server
2019-10-20 10:16:34,667 [Datanode State Machine Thread - 0] INFO  ozoneimpl.OzoneContainer (OzoneContainer.java:start(213)) - Attempting to start container services.
2019-10-20 10:16:34,673 [Datanode State Machine Thread - 0] INFO  ozoneimpl.OzoneContainer (OzoneContainer.java:startContainerScrub(177)) - Background container scanner has been disabled.
2019-10-20 10:16:34,673 [Datanode State Machine Thread - 0] INFO  ratis.XceiverServerRatis (XceiverServerRatis.java:start(418)) - Starting XceiverServerRatis e534181c-9f5d-4f71-ad0d-cd71b851ae4d at port 0
2019-10-20 10:16:34,681 [Datanode State Machine Thread - 0] INFO  impl.RaftServerProxy (RaftServerProxy.java:lambda$start$3(299)) - e534181c-9f5d-4f71-ad0d-cd71b851ae4d: start RPC server
2019-10-20 10:16:34,739 [main] INFO  ozone.MiniOzoneClusterImpl (MiniOzoneClusterImpl.java:lambda$waitForClusterToBeReady$0(147)) - Waiting for cluster to be ready. Got 0 of 3 DN Heartbeats.
2019-10-20 10:16:34,765 [Datanode State Machine Thread - 0] INFO  ozoneimpl.OzoneContainer (OzoneContainer.java:start(213)) - Attempting to start container services.
2019-10-20 10:16:34,767 [Datanode State Machine Thread - 0] INFO  ozoneimpl.OzoneContainer (OzoneContainer.java:startContainerScrub(177)) - Background container scanner has been disabled.
2019-10-20 10:16:34,767 [Datanode State Machine Thread - 0] INFO  ratis.XceiverServerRatis (XceiverServerRatis.java:start(418)) - Starting XceiverServerRatis e76b0d72-a5f7-47dd-bc74-8743a5d358b0 at port 0
2019-10-20 10:16:34,778 [Datanode State Machine Thread - 0] INFO  impl.RaftServerProxy (RaftServerProxy.java:lambda$start$3(299)) - e76b0d72-a5f7-47dd-bc74-8743a5d358b0: start RPC server
2019-10-20 10:16:34,829 [Datanode State Machine Thread - 0] INFO  server.GrpcService (GrpcService.java:startImpl(158)) - f1d6a710-9313-44dc-a005-f0b22c06f92c: GrpcService started, listening on 0.0.0.0/0.0.0.0:41254
2019-10-20 10:16:34,829 [Datanode State Machine Thread - 0] INFO  server.GrpcService (GrpcService.java:startImpl(158)) - e534181c-9f5d-4f71-ad0d-cd71b851ae4d: GrpcService started, listening on 0.0.0.0/0.0.0.0:44098
2019-10-20 10:16:34,829 [Datanode State Machine Thread - 0] INFO  server.GrpcService (GrpcService.java:startImpl(158)) - e76b0d72-a5f7-47dd-bc74-8743a5d358b0: GrpcService started, listening on 0.0.0.0/0.0.0.0:42489
2019-10-20 10:16:34,830 [Datanode State Machine Thread - 0] INFO  ratis.XceiverServerRatis (XceiverServerRatis.java:start(428)) - XceiverServerRatis e534181c-9f5d-4f71-ad0d-cd71b851ae4d is started using port 44098
2019-10-20 10:16:34,830 [Datanode State Machine Thread - 0] INFO  ratis.XceiverServerRatis (XceiverServerRatis.java:start(428)) - XceiverServerRatis f1d6a710-9313-44dc-a005-f0b22c06f92c is started using port 41254
2019-10-20 10:16:34,830 [Datanode State Machine Thread - 0] INFO  ratis.XceiverServerRatis (XceiverServerRatis.java:start(428)) - XceiverServerRatis e76b0d72-a5f7-47dd-bc74-8743a5d358b0 is started using port 42489
2019-10-20 10:16:34,835 [Datanode State Machine Thread - 0] INFO  server.XceiverServerGrpc (XceiverServerGrpc.java:start(149)) - XceiverServerGrpc f1d6a710-9313-44dc-a005-f0b22c06f92c is started using port 38381
2019-10-20 10:16:34,836 [Datanode State Machine Thread - 0] INFO  server.XceiverServerGrpc (XceiverServerGrpc.java:start(149)) - XceiverServerGrpc e76b0d72-a5f7-47dd-bc74-8743a5d358b0 is started using port 44659
2019-10-20 10:16:34,835 [Datanode State Machine Thread - 0] INFO  server.XceiverServerGrpc (XceiverServerGrpc.java:start(149)) - XceiverServerGrpc e534181c-9f5d-4f71-ad0d-cd71b851ae4d is started using port 41753
2019-10-20 10:16:35,741 [main] INFO  ozone.MiniOzoneClusterImpl (MiniOzoneClusterImpl.java:lambda$waitForClusterToBeReady$0(147)) - Waiting for cluster to be ready. Got 0 of 3 DN Heartbeats.
2019-10-20 10:16:36,578 [IPC Server handler 1 on 44496] INFO  net.NetworkTopology (NetworkTopologyImpl.java:add(111)) - Added a new node: /default-rack/f1d6a710-9313-44dc-a005-f0b22c06f92c
2019-10-20 10:16:36,580 [IPC Server handler 1 on 44496] INFO  node.SCMNodeManager (SCMNodeManager.java:register(268)) - Registered Data node : f1d6a710-9313-44dc-a005-f0b22c06f92c{ip: 192.168.69.89, host: pr-hdds-2335-x5gnt-184872562, networkLocation: /default-rack, certSerialId: null}
2019-10-20 10:16:36,582 [EventQueue-NodeRegistrationContainerReportForDataNodeSafeModeRule] INFO  safemode.SCMSafeModeManager (DataNodeSafeModeRule.java:process(71)) - SCM in safe mode. 1 DataNodes registered, 1 required.
2019-10-20 10:16:36,583 [EventQueue-NodeRegistrationContainerReportForDataNodeSafeModeRule] INFO  safemode.SCMSafeModeManager (SCMSafeModeManager.java:validateSafeModeExitRules(177)) - ScmSafeModeManager, all rules are successfully validated
2019-10-20 10:16:36,583 [EventQueue-NodeRegistrationContainerReportForDataNodeSafeModeRule] INFO  safemode.SCMSafeModeManager (SCMSafeModeManager.java:exitSafeMode(193)) - SCM exiting safe mode.
2019-10-20 10:16:36,648 [IPC Server handler 0 on 44496] INFO  net.NetworkTopology (NetworkTopologyImpl.java:add(111)) - Added a new node: /default-rack/e534181c-9f5d-4f71-ad0d-cd71b851ae4d
2019-10-20 10:16:36,649 [IPC Server handler 0 on 44496] INFO  node.SCMNodeManager (SCMNodeManager.java:register(268)) - Registered Data node : e534181c-9f5d-4f71-ad0d-cd71b851ae4d{ip: 192.168.69.89, host: pr-hdds-2335-x5gnt-184872562, networkLocation: /default-rack, certSerialId: null}
2019-10-20 10:16:36,742 [main] INFO  ozone.MiniOzoneClusterImpl (MiniOzoneClusterImpl.java:lambda$waitForClusterToBeReady$0(147)) - Cluster is ready. Got 3 of 3 DN Heartbeats.
2019-10-20 10:16:36,742 [IPC Server handler 3 on 44496] INFO  net.NetworkTopology (NetworkTopologyImpl.java:add(111)) - Added a new node: /default-rack/e76b0d72-a5f7-47dd-bc74-8743a5d358b0
2019-10-20 10:16:36,743 [IPC Server handler 3 on 44496] INFO  node.SCMNodeManager (SCMNodeManager.java:register(268)) - Registered Data node : e76b0d72-a5f7-47dd-bc74-8743a5d358b0{ip: 192.168.69.89, host: pr-hdds-2335-x5gnt-184872562, networkLocation: /default-rack, certSerialId: null}
2019-10-20 10:16:37,011 [grpc-default-executor-0] INFO  impl.RaftServerProxy (RaftServerProxy.java:addNew(89)) - f1d6a710-9313-44dc-a005-f0b22c06f92c: addNew group-647D4077CCD1:[f1d6a710-9313-44dc-a005-f0b22c06f92c:192.168.69.89:41254] returns group-647D4077CCD1:java.util.concurrent.CompletableFuture@22102005[Not completed]
2019-10-20 10:16:37,023 [pool-27-thread-1] INFO  impl.RaftServerImpl (RaftServerImpl.java:<init>(104)) - f1d6a710-9313-44dc-a005-f0b22c06f92c: new RaftServerImpl for group-647D4077CCD1:[f1d6a710-9313-44dc-a005-f0b22c06f92c:192.168.69.89:41254] with ContainerStateMachine:uninitialized
2019-10-20 10:16:37,025 [pool-27-thread-1] INFO  server.RaftServerConfigKeys (ConfUtils.java:logGet(43)) - raft.server.rpc.timeout.min = 5s (custom)
2019-10-20 10:16:37,026 [pool-27-thread-1] INFO  server.RaftServerConfigKeys (ConfUtils.java:logGet(43)) - raft.server.rpc.timeout.max = 5200ms (custom)
2019-10-20 10:16:37,027 [pool-27-thread-1] INFO  server.RaftServerConfigKeys (ConfUtils.java:logGet(43)) - raft.server.rpcslowness.timeout = 1000s (custom)
2019-10-20 10:16:37,027 [pool-27-thread-1] INFO  server.RaftServerConfigKeys (ConfUtils.java:logGet(43)) - raft.server.sleep.deviation.threshold = 300 (default)
2019-10-20 10:16:37,028 [pool-27-thread-1] INFO  server.RaftServerConfigKeys (ConfUtils.java:logGet(43)) - raft.server.log.appender.install.snapshot.enabled = false (custom)
2019-10-20 10:16:37,036 [pool-27-thread-1] INFO  impl.RaftServerImpl (ServerState.java:<init>(103)) - f1d6a710-9313-44dc-a005-f0b22c06f92c@group-647D4077CCD1: ConfigurationManager, init=-1: [f1d6a710-9313-44dc-a005-f0b22c06f92c:192.168.69.89:41254], old=null, confs=<EMPTY_MAP>
2019-10-20 10:16:37,036 [pool-27-thread-1] INFO  server.RaftServerConfigKeys (ConfUtils.java:logGet(43)) - raft.server.storage.dir = [/workdir/hadoop-ozone/integration-test/target/test-dir/MiniOzoneClusterImpl-2addb35b-a6cc-4f8a-83ea-8293f411ed6d/datanode-0/data/ratis] (custom)
2019-10-20 10:16:37,042 [pool-27-thread-1] INFO  server.RaftServerConfigKeys (ConfUtils.java:logGet(43)) - raft.server.log.corruption.policy = EXCEPTION (default)
2019-10-20 10:16:37,044 [pool-27-thread-1] INFO  storage.RaftStorageDirectory (RaftStorageDirectory.java:analyzeStorage(246)) - The storage directory /workdir/hadoop-ozone/integration-test/target/test-dir/MiniOzoneClusterImpl-2addb35b-a6cc-4f8a-83ea-8293f411ed6d/datanode-0/data/ratis/d30b87fa-89cb-46de-800f-647d4077ccd1 does not exist. Creating ...
2019-10-20 10:16:37,061 [pool-27-thread-1] INFO  storage.RaftStorageDirectory (RaftStorageDirectory.java:tryLock(328)) - Lock on /workdir/hadoop-ozone/integration-test/target/test-dir/MiniOzoneClusterImpl-2addb35b-a6cc-4f8a-83ea-8293f411ed6d/datanode-0/data/ratis/d30b87fa-89cb-46de-800f-647d4077ccd1/in_use.lock acquired by nodename 27821@pr-hdds-2335-x5gnt-184872562
2019-10-20 10:16:37,076 [pool-27-thread-1] INFO  storage.RaftStorage (RaftStorage.java:format(84)) - Storage directory /workdir/hadoop-ozone/integration-test/target/test-dir/MiniOzoneClusterImpl-2addb35b-a6cc-4f8a-83ea-8293f411ed6d/datanode-0/data/ratis/d30b87fa-89cb-46de-800f-647d4077ccd1 has been successfully formatted.
2019-10-20 10:16:37,079 [pool-27-thread-1] INFO  ratis.ContainerStateMachine (ContainerStateMachine.java:loadSnapshot(231)) - group-647D4077CCD1: The snapshot info is null. Setting the last applied indexto:(t:0, i:~)
2019-10-20 10:16:37,079 [pool-27-thread-1] INFO  server.RaftServerConfigKeys (ConfUtils.java:logGet(43)) - raft.server.notification.no-leader.timeout = 1000s (custom)
2019-10-20 10:16:37,081 [pool-27-thread-1] INFO  server.RaftServerConfigKeys (ConfUtils.java:logGet(43)) - raft.server.log.use.memory = false (default)
2019-10-20 10:16:37,086 [pool-27-thread-1] INFO  server.RaftServerConfigKeys (ConfUtils.java:logGet(43)) - raft.server.log.purge.gap = 1000000 (custom)
2019-10-20 10:16:37,086 [pool-27-thread-1] INFO  server.RaftServerConfigKeys (ConfUtils.java:logGet(43)) - raft.server.log.appender.buffer.byte-limit = 33554432 (custom)
2019-10-20 10:16:37,088 [pool-27-thread-1] INFO  server.RaftServerConfigKeys (ConfUtils.java:logGet(43)) - raft.server.log.segment.size.max = 1048576 (custom)
2019-10-20 10:16:37,090 [pool-27-thread-1] INFO  impl.MetricsSystemImpl (MetricsSystemImpl.java:init(158)) - ratis metrics system started (again)
2019-10-20 10:16:37,099 [pool-27-thread-1] INFO  metrics.MetricRegistries (MetricRegistriesLoader.java:load(64)) - Loaded MetricRegistries class org.apache.ratis.metrics.impl.MetricRegistriesImpl
2019-10-20 10:16:37,134 [pool-27-thread-1] INFO  server.RaftServerConfigKeys (ConfUtils.java:logGet(43)) - raft.server.log.segment.cache.num.max = 2 (custom)
2019-10-20 10:16:37,139 [pool-27-thread-1] INFO  segmented.SegmentedRaftLogWorker (SegmentedRaftLogWorker.java:<init>(173)) - new f1d6a710-9313-44dc-a005-f0b22c06f92c@group-647D4077CCD1-SegmentedRaftLogWorker for RaftStorage:Storage Directory /workdir/hadoop-ozone/integration-test/target/test-dir/MiniOzoneClusterImpl-2addb35b-a6cc-4f8a-83ea-8293f411ed6d/datanode-0/data/ratis/d30b87fa-89cb-46de-800f-647d4077ccd1
2019-10-20 10:16:37,140 [pool-27-thread-1] INFO  server.RaftServerConfigKeys (ConfUtils.java:logGet(43)) - raft.server.log.queue.byte-limit = 2147483647 (custom)
2019-10-20 10:16:37,140 [pool-27-thread-1] INFO  server.RaftServerConfigKeys (ConfUtils.java:logGet(43)) - raft.server.log.queue.element-limit = 1024 (custom)
2019-10-20 10:16:37,141 [pool-27-thread-1] INFO  server.RaftServerConfigKeys (ConfUtils.java:logGet(43)) - raft.server.log.segment.size.max = 1048576 (custom)
2019-10-20 10:16:37,142 [pool-27-thread-1] INFO  server.RaftServerConfigKeys (ConfUtils.java:logGet(43)) - raft.server.log.preallocated.size = 16384 (custom)
2019-10-20 10:16:37,142 [pool-27-thread-1] INFO  server.RaftServerConfigKeys (ConfUtils.java:logGet(43)) - raft.server.log.write.buffer.size = 33554432 (custom)
2019-10-20 10:16:37,143 [pool-27-thread-1] INFO  server.RaftServerConfigKeys (ConfUtils.java:logGet(43)) - raft.server.log.force.sync.num = 128 (default)
2019-10-20 10:16:37,144 [pool-27-thread-1] INFO  server.RaftServerConfigKeys (ConfUtils.java:logGet(43)) - raft.server.log.statemachine.data.sync = true (default)
2019-10-20 10:16:37,144 [pool-27-thread-1] INFO  server.RaftServerConfigKeys (ConfUtils.java:logGet(43)) - raft.server.log.statemachine.data.sync.timeout = 10s (default)
2019-10-20 10:16:37,144 [pool-27-thread-1] INFO  server.RaftServerConfigKeys (ConfUtils.java:logGet(43)) - raft.server.log.statemachine.data.sync.timeout.retry = -1 (default)
2019-10-20 10:16:37,155 [pool-27-thread-1] INFO  server.RaftServerConfigKeys (ConfUtils.java:logGet(43)) - raft.server.log.statemachine.data.caching.enabled = true (custom)
2019-10-20 10:16:37,159 [pool-27-thread-1] INFO  segmented.SegmentedRaftLogWorker (SegmentedRaftLogWorker.java:lambda$new$0(128)) - f1d6a710-9313-44dc-a005-f0b22c06f92c@group-647D4077CCD1-SegmentedRaftLogWorker: flushIndex: setUnconditionally 0 -> -1
2019-10-20 10:16:37,163 [pool-27-thread-1] INFO  server.RaftServerConfigKeys (ConfUtils.java:logGet(43)) - raft.server.snapshot.auto.trigger.enabled = true (custom)
2019-10-20 10:16:37,164 [pool-27-thread-1] INFO  server.RaftServerConfigKeys (ConfUtils.java:logGet(43)) - raft.server.snapshot.auto.trigger.threshold = 10000 (custom)
2019-10-20 10:16:37,164 [pool-27-thread-1] INFO  server.RaftServerConfigKeys (ConfUtils.java:logGet(43)) - raft.server.snapshot.retention.file.num = 5 (custom)
2019-10-20 10:16:37,165 [pool-27-thread-1] INFO  server.RaftServerConfigKeys (ConfUtils.java:logGet(43)) - raft.server.retrycache.expirytime = 600000ms (custom)
2019-10-20 10:16:37,198 [pool-27-thread-1] INFO  impl.RaftServerImpl (RaftServerImpl.java:start(195)) - f1d6a710-9313-44dc-a005-f0b22c06f92c@group-647D4077CCD1: start as a follower, conf=-1: [f1d6a710-9313-44dc-a005-f0b22c06f92c:192.168.69.89:41254], old=null
2019-10-20 10:16:37,199 [pool-27-thread-1] INFO  impl.RaftServerImpl (RaftServerImpl.java:setRole(184)) - f1d6a710-9313-44dc-a005-f0b22c06f92c@group-647D4077CCD1: changes role from      null to FOLLOWER at term 0 for startAsFollower
2019-10-20 10:16:37,200 [pool-27-thread-1] INFO  impl.RoleInfo (RoleInfo.java:updateAndGet(143)) - f1d6a710-9313-44dc-a005-f0b22c06f92c: start FollowerState
2019-10-20 10:16:37,202 [pool-27-thread-1] INFO  util.JmxRegister (JmxRegister.java:tryRegister(44)) - Successfully registered JMX Bean with object name Ratis:service=RaftServer,group=group-647D4077CCD1,id=f1d6a710-9313-44dc-a005-f0b22c06f92c
2019-10-20 10:16:37,225 [main] INFO  rpc.RpcClient (RpcClient.java:createVolume(272)) - Creating Volume: testcontainerstatemachinefailures, with jenkins1000 as owner.
2019-10-20 10:16:37,266 [RatisPipelineUtilsThread] INFO  pipeline.PipelineStateManager (PipelineStateManager.java:addPipeline(56)) - Created pipeline Pipeline[ Id: d30b87fa-89cb-46de-800f-647d4077ccd1, Nodes: f1d6a710-9313-44dc-a005-f0b22c06f92c{ip: 192.168.69.89, host: pr-hdds-2335-x5gnt-184872562, networkLocation: /default-rack, certSerialId: null}, Type:RATIS, Factor:ONE, State:OPEN]
2019-10-20 10:16:37,283 [grpc-default-executor-0] INFO  impl.RaftServerProxy (RaftServerProxy.java:addNew(89)) - e534181c-9f5d-4f71-ad0d-cd71b851ae4d: addNew group-56E652864FA2:[e534181c-9f5d-4f71-ad0d-cd71b851ae4d:192.168.69.89:44098] returns group-56E652864FA2:java.util.concurrent.CompletableFuture@6c2d9010[Not completed]
2019-10-20 10:16:37,308 [pool-37-thread-1] INFO  impl.RaftServerImpl (RaftServerImpl.java:<init>(104)) - e534181c-9f5d-4f71-ad0d-cd71b851ae4d: new RaftServerImpl for group-56E652864FA2:[e534181c-9f5d-4f71-ad0d-cd71b851ae4d:192.168.69.89:44098] with ContainerStateMachine:uninitialized
2019-10-20 10:16:37,309 [pool-37-thread-1] INFO  server.RaftServerConfigKeys (ConfUtils.java:logGet(43)) - raft.server.rpc.timeout.min = 5s (custom)
2019-10-20 10:16:37,309 [pool-37-thread-1] INFO  server.RaftServerConfigKeys (ConfUtils.java:logGet(43)) - raft.server.rpc.timeout.max = 5200ms (custom)
2019-10-20 10:16:37,310 [pool-37-thread-1] INFO  server.RaftServerConfigKeys (ConfUtils.java:logGet(43)) - raft.server.rpcslowness.timeout = 1000s (custom)
2019-10-20 10:16:37,310 [pool-37-thread-1] INFO  server.RaftServerConfigKeys (ConfUtils.java:logGet(43)) - raft.server.sleep.deviation.threshold = 300 (default)
2019-10-20 10:16:37,310 [pool-37-thread-1] INFO  server.RaftServerConfigKeys (ConfUtils.java:logGet(43)) - raft.server.log.appender.install.snapshot.enabled = false (custom)
2019-10-20 10:16:37,310 [pool-37-thread-1] INFO  impl.RaftServerImpl (ServerState.java:<init>(103)) - e534181c-9f5d-4f71-ad0d-cd71b851ae4d@group-56E652864FA2: ConfigurationManager, init=-1: [e534181c-9f5d-4f71-ad0d-cd71b851ae4d:192.168.69.89:44098], old=null, confs=<EMPTY_MAP>
2019-10-20 10:16:37,310 [pool-37-thread-1] INFO  server.RaftServerConfigKeys (ConfUtils.java:logGet(43)) - raft.server.storage.dir = [/workdir/hadoop-ozone/integration-test/target/test-dir/MiniOzoneClusterImpl-2addb35b-a6cc-4f8a-83ea-8293f411ed6d/datanode-1/data/ratis] (custom)
2019-10-20 10:16:37,311 [pool-37-thread-1] INFO  server.RaftServerConfigKeys (ConfUtils.java:logGet(43)) - raft.server.log.corruption.policy = EXCEPTION (default)
2019-10-20 10:16:37,311 [pool-37-thread-1] INFO  storage.RaftStorageDirectory (RaftStorageDirectory.java:analyzeStorage(246)) - The storage directory /workdir/hadoop-ozone/integration-test/target/test-dir/MiniOzoneClusterImpl-2addb35b-a6cc-4f8a-83ea-8293f411ed6d/datanode-1/data/ratis/da00ce1d-a2cf-4fac-ab4b-56e652864fa2 does not exist. Creating ...
2019-10-20 10:16:37,325 [pool-37-thread-1] INFO  storage.RaftStorageDirectory (RaftStorageDirectory.java:tryLock(328)) - Lock on /workdir/hadoop-ozone/integration-test/target/test-dir/MiniOzoneClusterImpl-2addb35b-a6cc-4f8a-83ea-8293f411ed6d/datanode-1/data/ratis/da00ce1d-a2cf-4fac-ab4b-56e652864fa2/in_use.lock acquired by nodename 27821@pr-hdds-2335-x5gnt-184872562
2019-10-20 10:16:37,338 [pool-37-thread-1] INFO  storage.RaftStorage (RaftStorage.java:format(84)) - Storage directory /workdir/hadoop-ozone/integration-test/target/test-dir/MiniOzoneClusterImpl-2addb35b-a6cc-4f8a-83ea-8293f411ed6d/datanode-1/data/ratis/da00ce1d-a2cf-4fac-ab4b-56e652864fa2 has been successfully formatted.
2019-10-20 10:16:37,340 [pool-37-thread-1] INFO  ratis.ContainerStateMachine (ContainerStateMachine.java:loadSnapshot(231)) - group-56E652864FA2: The snapshot info is null. Setting the last applied indexto:(t:0, i:~)
2019-10-20 10:16:37,341 [pool-37-thread-1] INFO  server.RaftServerConfigKeys (ConfUtils.java:logGet(43)) - raft.server.notification.no-leader.timeout = 1000s (custom)
2019-10-20 10:16:37,341 [pool-37-thread-1] INFO  server.RaftServerConfigKeys (ConfUtils.java:logGet(43)) - raft.server.log.use.memory = false (default)
2019-10-20 10:16:37,342 [pool-37-thread-1] INFO  server.RaftServerConfigKeys (ConfUtils.java:logGet(43)) - raft.server.log.purge.gap = 1000000 (custom)
2019-10-20 10:16:37,342 [pool-37-thread-1] INFO  server.RaftServerConfigKeys (ConfUtils.java:logGet(43)) - raft.server.log.appender.buffer.byte-limit = 33554432 (custom)
2019-10-20 10:16:37,342 [pool-37-thread-1] INFO  server.RaftServerConfigKeys (ConfUtils.java:logGet(43)) - raft.server.log.segment.size.max = 1048576 (custom)
2019-10-20 10:16:37,346 [pool-37-thread-1] INFO  server.RaftServerConfigKeys (ConfUtils.java:logGet(43)) - raft.server.log.segment.cache.num.max = 2 (custom)
2019-10-20 10:16:37,346 [pool-37-thread-1] INFO  segmented.SegmentedRaftLogWorker (SegmentedRaftLogWorker.java:<init>(173)) - new e534181c-9f5d-4f71-ad0d-cd71b851ae4d@group-56E652864FA2-SegmentedRaftLogWorker for RaftStorage:Storage Directory /workdir/hadoop-ozone/integration-test/target/test-dir/MiniOzoneClusterImpl-2addb35b-a6cc-4f8a-83ea-8293f411ed6d/datanode-1/data/ratis/da00ce1d-a2cf-4fac-ab4b-56e652864fa2
2019-10-20 10:16:37,348 [pool-37-thread-1] INFO  server.RaftServerConfigKeys (ConfUtils.java:logGet(43)) - raft.server.log.queue.byte-limit = 2147483647 (custom)
2019-10-20 10:16:37,348 [pool-37-thread-1] INFO  server.RaftServerConfigKeys (ConfUtils.java:logGet(43)) - raft.server.log.queue.element-limit = 1024 (custom)
2019-10-20 10:16:37,348 [pool-37-thread-1] INFO  server.RaftServerConfigKeys (ConfUtils.java:logGet(43)) - raft.server.log.segment.size.max = 1048576 (custom)
2019-10-20 10:16:37,348 [pool-37-thread-1] INFO  server.RaftServerConfigKeys (ConfUtils.java:logGet(43)) - raft.server.log.preallocated.size = 16384 (custom)
2019-10-20 10:16:37,348 [pool-37-thread-1] INFO  server.RaftServerConfigKeys (ConfUtils.java:logGet(43)) - raft.server.log.write.buffer.size = 33554432 (custom)
2019-10-20 10:16:37,348 [IPC Server handler 13 on 36038] INFO  volume.OMVolumeCreateRequest (OMVolumeCreateRequest.java:validateAndUpdateCache(193)) - created volume:testcontainerstatemachinefailures for user:jenkins1000
2019-10-20 10:16:37,349 [pool-37-thread-1] INFO  server.RaftServerConfigKeys (ConfUtils.java:logGet(43)) - raft.server.log.force.sync.num = 128 (default)
2019-10-20 10:16:37,349 [pool-37-thread-1] INFO  server.RaftServerConfigKeys (ConfUtils.java:logGet(43)) - raft.server.log.statemachine.data.sync = true (default)
2019-10-20 10:16:37,349 [pool-37-thread-1] INFO  server.RaftServerConfigKeys (ConfUtils.java:logGet(43)) - raft.server.log.statemachine.data.sync.timeout = 10s (default)
2019-10-20 10:16:37,349 [pool-37-thread-1] INFO  server.RaftServerConfigKeys (ConfUtils.java:logGet(43)) - raft.server.log.statemachine.data.sync.timeout.retry = -1 (default)
2019-10-20 10:16:37,350 [pool-37-thread-1] INFO  server.RaftServerConfigKeys (ConfUtils.java:logGet(43)) - raft.server.log.statemachine.data.caching.enabled = true (custom)
2019-10-20 10:16:37,350 [pool-37-thread-1] INFO  segmented.SegmentedRaftLogWorker (SegmentedRaftLogWorker.java:lambda$new$0(128)) - e534181c-9f5d-4f71-ad0d-cd71b851ae4d@group-56E652864FA2-SegmentedRaftLogWorker: flushIndex: setUnconditionally 0 -> -1
2019-10-20 10:16:37,351 [pool-37-thread-1] INFO  server.RaftServerConfigKeys (ConfUtils.java:logGet(43)) - raft.server.snapshot.auto.trigger.enabled = true (custom)
2019-10-20 10:16:37,351 [pool-37-thread-1] INFO  server.RaftServerConfigKeys (ConfUtils.java:logGet(43)) - raft.server.snapshot.auto.trigger.threshold = 10000 (custom)
2019-10-20 10:16:37,351 [pool-37-thread-1] INFO  server.RaftServerConfigKeys (ConfUtils.java:logGet(43)) - raft.server.snapshot.retention.file.num = 5 (custom)
2019-10-20 10:16:37,351 [pool-37-thread-1] INFO  server.RaftServerConfigKeys (ConfUtils.java:logGet(43)) - raft.server.retrycache.expirytime = 600000ms (custom)
2019-10-20 10:16:37,363 [pool-37-thread-1] INFO  impl.RaftServerImpl (RaftServerImpl.java:start(195)) - e534181c-9f5d-4f71-ad0d-cd71b851ae4d@group-56E652864FA2: start as a follower, conf=-1: [e534181c-9f5d-4f71-ad0d-cd71b851ae4d:192.168.69.89:44098], old=null
2019-10-20 10:16:37,363 [pool-37-thread-1] INFO  impl.RaftServerImpl (RaftServerImpl.java:setRole(184)) - e534181c-9f5d-4f71-ad0d-cd71b851ae4d@group-56E652864FA2: changes role from      null to FOLLOWER at term 0 for startAsFollower
2019-10-20 10:16:37,363 [pool-37-thread-1] INFO  impl.RoleInfo (RoleInfo.java:updateAndGet(143)) - e534181c-9f5d-4f71-ad0d-cd71b851ae4d: start FollowerState
2019-10-20 10:16:37,364 [pool-37-thread-1] INFO  util.JmxRegister (JmxRegister.java:tryRegister(44)) - Successfully registered JMX Bean with object name Ratis:service=RaftServer,group=group-56E652864FA2,id=e534181c-9f5d-4f71-ad0d-cd71b851ae4d
2019-10-20 10:16:37,372 [Thread-188] INFO  impl.FollowerState (FollowerState.java:run(108)) - f1d6a710-9313-44dc-a005-f0b22c06f92c@group-647D4077CCD1-FollowerState: change to CANDIDATE, lastRpcTime:172ms, electionTimeout:170ms
2019-10-20 10:16:37,375 [Thread-188] INFO  impl.RoleInfo (RoleInfo.java:shutdownFollowerState(121)) - f1d6a710-9313-44dc-a005-f0b22c06f92c: shutdown FollowerState
2019-10-20 10:16:37,375 [Thread-188] INFO  impl.RaftServerImpl (RaftServerImpl.java:setRole(184)) - f1d6a710-9313-44dc-a005-f0b22c06f92c@group-647D4077CCD1: changes role from  FOLLOWER to CANDIDATE at term 0 for changeToCandidate
2019-10-20 10:16:37,378 [main] INFO  rpc.RpcClient (RpcClient.java:createBucket(411)) - Creating Bucket: testcontainerstatemachinefailures/testcontainerstatemachinefailures, with Versioning false and Storage Type set to DISK and Encryption set to false 
2019-10-20 10:16:37,383 [Thread-188] INFO  impl.RoleInfo (RoleInfo.java:updateAndGet(143)) - f1d6a710-9313-44dc-a005-f0b22c06f92c: start LeaderElection
2019-10-20 10:16:37,388 [RatisPipelineUtilsThread] INFO  pipeline.PipelineStateManager (PipelineStateManager.java:addPipeline(56)) - Created pipeline Pipeline[ Id: da00ce1d-a2cf-4fac-ab4b-56e652864fa2, Nodes: e534181c-9f5d-4f71-ad0d-cd71b851ae4d{ip: 192.168.69.89, host: pr-hdds-2335-x5gnt-184872562, networkLocation: /default-rack, certSerialId: null}, Type:RATIS, Factor:ONE, State:OPEN]
2019-10-20 10:16:37,413 [f1d6a710-9313-44dc-a005-f0b22c06f92c@group-647D4077CCD1-LeaderElection1] INFO  impl.LeaderElection (LeaderElection.java:askForVotes(178)) - f1d6a710-9313-44dc-a005-f0b22c06f92c@group-647D4077CCD1-LeaderElection1: begin an election at term 1 for -1: [f1d6a710-9313-44dc-a005-f0b22c06f92c:192.168.69.89:41254], old=null
2019-10-20 10:16:37,414 [grpc-default-executor-0] INFO  impl.RaftServerProxy (RaftServerProxy.java:addNew(89)) - e76b0d72-a5f7-47dd-bc74-8743a5d358b0: addNew group-59F5ABEA8604:[e76b0d72-a5f7-47dd-bc74-8743a5d358b0:192.168.69.89:42489] returns group-59F5ABEA8604:java.util.concurrent.CompletableFuture@6fe62ab7[Not completed]
2019-10-20 10:16:37,417 [Thread-192] INFO  impl.FollowerState (FollowerState.java:run(108)) - e534181c-9f5d-4f71-ad0d-cd71b851ae4d@group-56E652864FA2-FollowerState: change to CANDIDATE, lastRpcTime:53ms, electionTimeout:51ms
2019-10-20 10:16:37,427 [Thread-192] INFO  impl.RoleInfo (RoleInfo.java:shutdownFollowerState(121)) - e534181c-9f5d-4f71-ad0d-cd71b851ae4d: shutdown FollowerState
2019-10-20 10:16:37,427 [f1d6a710-9313-44dc-a005-f0b22c06f92c@group-647D4077CCD1-LeaderElection1] INFO  impl.RoleInfo (RoleInfo.java:shutdownLeaderElection(134)) - f1d6a710-9313-44dc-a005-f0b22c06f92c: shutdown LeaderElection
2019-10-20 10:16:37,428 [Thread-192] INFO  impl.RaftServerImpl (RaftServerImpl.java:setRole(184)) - e534181c-9f5d-4f71-ad0d-cd71b851ae4d@group-56E652864FA2: changes role from  FOLLOWER to CANDIDATE at term 0 for changeToCandidate
2019-10-20 10:16:37,428 [Thread-192] INFO  impl.RoleInfo (RoleInfo.java:updateAndGet(143)) - e534181c-9f5d-4f71-ad0d-cd71b851ae4d: start LeaderElection
2019-10-20 10:16:37,428 [pool-47-thread-1] INFO  impl.RaftServerImpl (RaftServerImpl.java:<init>(104)) - e76b0d72-a5f7-47dd-bc74-8743a5d358b0: new RaftServerImpl for group-59F5ABEA8604:[e76b0d72-a5f7-47dd-bc74-8743a5d358b0:192.168.69.89:42489] with ContainerStateMachine:uninitialized
2019-10-20 10:16:37,428 [f1d6a710-9313-44dc-a005-f0b22c06f92c@group-647D4077CCD1-LeaderElection1] INFO  impl.RaftServerImpl (RaftServerImpl.java:setRole(184)) - f1d6a710-9313-44dc-a005-f0b22c06f92c@group-647D4077CCD1: changes role from CANDIDATE to LEADER at term 1 for changeToLeader
2019-10-20 10:16:37,430 [pool-47-thread-1] INFO  server.RaftServerConfigKeys (ConfUtils.java:logGet(43)) - raft.server.rpc.timeout.min = 5s (custom)
2019-10-20 10:16:37,431 [f1d6a710-9313-44dc-a005-f0b22c06f92c@group-647D4077CCD1-LeaderElection1] INFO  impl.RaftServerImpl (ServerState.java:setLeader(256)) - f1d6a710-9313-44dc-a005-f0b22c06f92c@group-647D4077CCD1: change Leader from null to f1d6a710-9313-44dc-a005-f0b22c06f92c at term 1 for becomeLeader, leader elected after 351ms
2019-10-20 10:16:37,431 [pool-47-thread-1] INFO  server.RaftServerConfigKeys (ConfUtils.java:logGet(43)) - raft.server.rpc.timeout.max = 5200ms (custom)
2019-10-20 10:16:37,431 [pool-47-thread-1] INFO  server.RaftServerConfigKeys (ConfUtils.java:logGet(43)) - raft.server.rpcslowness.timeout = 1000s (custom)
2019-10-20 10:16:37,431 [pool-47-thread-1] INFO  server.RaftServerConfigKeys (ConfUtils.java:logGet(43)) - raft.server.sleep.deviation.threshold = 300 (default)
2019-10-20 10:16:37,432 [pool-47-thread-1] INFO  server.RaftServerConfigKeys (ConfUtils.java:logGet(43)) - raft.server.log.appender.install.snapshot.enabled = false (custom)
2019-10-20 10:16:37,432 [pool-47-thread-1] INFO  impl.RaftServerImpl (ServerState.java:<init>(103)) - e76b0d72-a5f7-47dd-bc74-8743a5d358b0@group-59F5ABEA8604: ConfigurationManager, init=-1: [e76b0d72-a5f7-47dd-bc74-8743a5d358b0:192.168.69.89:42489], old=null, confs=<EMPTY_MAP>
2019-10-20 10:16:37,432 [pool-47-thread-1] INFO  server.RaftServerConfigKeys (ConfUtils.java:logGet(43)) - raft.server.storage.dir = [/workdir/hadoop-ozone/integration-test/target/test-dir/MiniOzoneClusterImpl-2addb35b-a6cc-4f8a-83ea-8293f411ed6d/datanode-2/data/ratis] (custom)
2019-10-20 10:16:37,433 [pool-47-thread-1] INFO  server.RaftServerConfigKeys (ConfUtils.java:logGet(43)) - raft.server.log.corruption.policy = EXCEPTION (default)
2019-10-20 10:16:37,433 [pool-47-thread-1] INFO  storage.RaftStorageDirectory (RaftStorageDirectory.java:analyzeStorage(246)) - The storage directory /workdir/hadoop-ozone/integration-test/target/test-dir/MiniOzoneClusterImpl-2addb35b-a6cc-4f8a-83ea-8293f411ed6d/datanode-2/data/ratis/25bf75da-0313-470e-b3d8-59f5abea8604 does not exist. Creating ...
2019-10-20 10:16:37,437 [f1d6a710-9313-44dc-a005-f0b22c06f92c@group-647D4077CCD1-LeaderElection1] INFO  server.RaftServerConfigKeys (ConfUtils.java:logGet(43)) - raft.server.staging.catchup.gap = 1000 (default)
2019-10-20 10:16:37,437 [f1d6a710-9313-44dc-a005-f0b22c06f92c@group-647D4077CCD1-LeaderElection1] INFO  server.RaftServerConfigKeys (ConfUtils.java:logGet(43)) - raft.server.rpc.sleep.time = 25ms (default)
2019-10-20 10:16:37,652 [pool-47-thread-1] INFO  storage.RaftStorageDirectory (RaftStorageDirectory.java:tryLock(328)) - Lock on /workdir/hadoop-ozone/integration-test/target/test-dir/MiniOzoneClusterImpl-2addb35b-a6cc-4f8a-83ea-8293f411ed6d/datanode-2/data/ratis/25bf75da-0313-470e-b3d8-59f5abea8604/in_use.lock acquired by nodename 27821@pr-hdds-2335-x5gnt-184872562
2019-10-20 10:16:37,653 [e534181c-9f5d-4f71-ad0d-cd71b851ae4d@group-56E652864FA2-LeaderElection2] INFO  impl.LeaderElection (LeaderElection.java:askForVotes(178)) - e534181c-9f5d-4f71-ad0d-cd71b851ae4d@group-56E652864FA2-LeaderElection2: begin an election at term 1 for -1: [e534181c-9f5d-4f71-ad0d-cd71b851ae4d:192.168.69.89:44098], old=null
2019-10-20 10:16:37,654 [e534181c-9f5d-4f71-ad0d-cd71b851ae4d@group-56E652864FA2-LeaderElection2] INFO  impl.RoleInfo (RoleInfo.java:shutdownLeaderElection(134)) - e534181c-9f5d-4f71-ad0d-cd71b851ae4d: shutdown LeaderElection
2019-10-20 10:16:37,655 [e534181c-9f5d-4f71-ad0d-cd71b851ae4d@group-56E652864FA2-LeaderElection2] INFO  impl.RaftServerImpl (RaftServerImpl.java:setRole(184)) - e534181c-9f5d-4f71-ad0d-cd71b851ae4d@group-56E652864FA2: changes role from CANDIDATE to LEADER at term 1 for changeToLeader
2019-10-20 10:16:37,655 [e534181c-9f5d-4f71-ad0d-cd71b851ae4d@group-56E652864FA2-LeaderElection2] INFO  impl.RaftServerImpl (ServerState.java:setLeader(256)) - e534181c-9f5d-4f71-ad0d-cd71b851ae4d@group-56E652864FA2: change Leader from null to e534181c-9f5d-4f71-ad0d-cd71b851ae4d at term 1 for becomeLeader, leader elected after 313ms
2019-10-20 10:16:37,655 [e534181c-9f5d-4f71-ad0d-cd71b851ae4d@group-56E652864FA2-LeaderElection2] INFO  server.RaftServerConfigKeys (ConfUtils.java:logGet(43)) - raft.server.staging.catchup.gap = 1000 (default)
2019-10-20 10:16:37,655 [f1d6a710-9313-44dc-a005-f0b22c06f92c@group-647D4077CCD1-LeaderElection1] INFO  server.RaftServerConfigKeys (ConfUtils.java:logGet(43)) - raft.server.write.element-limit = 4096 (default)
2019-10-20 10:16:37,655 [e534181c-9f5d-4f71-ad0d-cd71b851ae4d@group-56E652864FA2-LeaderElection2] INFO  server.RaftServerConfigKeys (ConfUtils.java:logGet(43)) - raft.server.rpc.sleep.time = 25ms (default)
2019-10-20 10:16:37,657 [e534181c-9f5d-4f71-ad0d-cd71b851ae4d@group-56E652864FA2-LeaderElection2] INFO  server.RaftServerConfigKeys (ConfUtils.java:logGet(43)) - raft.server.write.element-limit = 4096 (default)
2019-10-20 10:16:37,669 [pool-47-thread-1] INFO  storage.RaftStorage (RaftStorage.java:format(84)) - Storage directory /workdir/hadoop-ozone/integration-test/target/test-dir/MiniOzoneClusterImpl-2addb35b-a6cc-4f8a-83ea-8293f411ed6d/datanode-2/data/ratis/25bf75da-0313-470e-b3d8-59f5abea8604 has been successfully formatted.
2019-10-20 10:16:37,669 [pool-47-thread-1] INFO  ratis.ContainerStateMachine (ContainerStateMachine.java:loadSnapshot(231)) - group-59F5ABEA8604: The snapshot info is null. Setting the last applied indexto:(t:0, i:~)
2019-10-20 10:16:37,669 [f1d6a710-9313-44dc-a005-f0b22c06f92c@group-647D4077CCD1-LeaderElection1] INFO  server.RaftServerConfigKeys (ConfUtils.java:logGet(43)) - raft.server.watch.timeout = 10s (default)
2019-10-20 10:16:37,669 [pool-47-thread-1] INFO  server.RaftServerConfigKeys (ConfUtils.java:logGet(43)) - raft.server.notification.no-leader.timeout = 1000s (custom)
2019-10-20 10:16:37,669 [e534181c-9f5d-4f71-ad0d-cd71b851ae4d@group-56E652864FA2-LeaderElection2] INFO  server.RaftServerConfigKeys (ConfUtils.java:logGet(43)) - raft.server.watch.timeout = 10s (default)
2019-10-20 10:16:37,670 [f1d6a710-9313-44dc-a005-f0b22c06f92c@group-647D4077CCD1-LeaderElection1] INFO  server.RaftServerConfigKeys (ConfUtils.java:logGet(43)) - raft.server.watch.timeout.denomination = 1s (default)
2019-10-20 10:16:37,670 [e534181c-9f5d-4f71-ad0d-cd71b851ae4d@group-56E652864FA2-LeaderElection2] INFO  server.RaftServerConfigKeys (ConfUtils.java:logGet(43)) - raft.server.watch.timeout.denomination = 1s (default)
2019-10-20 10:16:37,670 [pool-47-thread-1] INFO  server.RaftServerConfigKeys (ConfUtils.java:logGet(43)) - raft.server.log.use.memory = false (default)
2019-10-20 10:16:37,670 [pool-47-thread-1] INFO  server.RaftServerConfigKeys (ConfUtils.java:logGet(43)) - raft.server.log.purge.gap = 1000000 (custom)
2019-10-20 10:16:37,670 [pool-47-thread-1] INFO  server.RaftServerConfigKeys (ConfUtils.java:logGet(43)) - raft.server.log.appender.buffer.byte-limit = 33554432 (custom)
2019-10-20 10:16:37,671 [f1d6a710-9313-44dc-a005-f0b22c06f92c@group-647D4077CCD1-LeaderElection1] INFO  server.RaftServerConfigKeys (ConfUtils.java:logGet(43)) - raft.server.watch.element-limit = 65536 (default)
2019-10-20 10:16:37,671 [pool-47-thread-1] INFO  server.RaftServerConfigKeys (ConfUtils.java:logGet(43)) - raft.server.log.segment.size.max = 1048576 (custom)
2019-10-20 10:16:37,671 [e534181c-9f5d-4f71-ad0d-cd71b851ae4d@group-56E652864FA2-LeaderElection2] INFO  server.RaftServerConfigKeys (ConfUtils.java:logGet(43)) - raft.server.watch.element-limit = 65536 (default)
2019-10-20 10:16:37,685 [pool-47-thread-1] INFO  server.RaftServerConfigKeys (ConfUtils.java:logGet(43)) - raft.server.log.segment.cache.num.max = 2 (custom)
2019-10-20 10:16:37,686 [pool-47-thread-1] INFO  segmented.SegmentedRaftLogWorker (SegmentedRaftLogWorker.java:<init>(173)) - new e76b0d72-a5f7-47dd-bc74-8743a5d358b0@group-59F5ABEA8604-SegmentedRaftLogWorker for RaftStorage:Storage Directory /workdir/hadoop-ozone/integration-test/target/test-dir/MiniOzoneClusterImpl-2addb35b-a6cc-4f8a-83ea-8293f411ed6d/datanode-2/data/ratis/25bf75da-0313-470e-b3d8-59f5abea8604
2019-10-20 10:16:37,686 [pool-47-thread-1] INFO  server.RaftServerConfigKeys (ConfUtils.java:logGet(43)) - raft.server.log.queue.byte-limit = 2147483647 (custom)
2019-10-20 10:16:37,686 [pool-47-thread-1] INFO  server.RaftServerConfigKeys (ConfUtils.java:logGet(43)) - raft.server.log.queue.element-limit = 1024 (custom)
2019-10-20 10:16:37,686 [pool-47-thread-1] INFO  server.RaftServerConfigKeys (ConfUtils.java:logGet(43)) - raft.server.log.segment.size.max = 1048576 (custom)
2019-10-20 10:16:37,686 [pool-47-thread-1] INFO  server.RaftServerConfigKeys (ConfUtils.java:logGet(43)) - raft.server.log.preallocated.size = 16384 (custom)
2019-10-20 10:16:37,686 [pool-47-thread-1] INFO  server.RaftServerConfigKeys (ConfUtils.java:logGet(43)) - raft.server.log.write.buffer.size = 33554432 (custom)
2019-10-20 10:16:37,687 [pool-47-thread-1] INFO  server.RaftServerConfigKeys (ConfUtils.java:logGet(43)) - raft.server.log.force.sync.num = 128 (default)
2019-10-20 10:16:37,687 [pool-47-thread-1] INFO  server.RaftServerConfigKeys (ConfUtils.java:logGet(43)) - raft.server.log.statemachine.data.sync = true (default)
2019-10-20 10:16:37,687 [pool-47-thread-1] INFO  server.RaftServerConfigKeys (ConfUtils.java:logGet(43)) - raft.server.log.statemachine.data.sync.timeout = 10s (default)
2019-10-20 10:16:37,687 [pool-47-thread-1] INFO  server.RaftServerConfigKeys (ConfUtils.java:logGet(43)) - raft.server.log.statemachine.data.sync.timeout.retry = -1 (default)
2019-10-20 10:16:37,688 [pool-47-thread-1] INFO  server.RaftServerConfigKeys (ConfUtils.java:logGet(43)) - raft.server.log.statemachine.data.caching.enabled = true (custom)
2019-10-20 10:16:37,688 [pool-47-thread-1] INFO  segmented.SegmentedRaftLogWorker (SegmentedRaftLogWorker.java:lambda$new$0(128)) - e76b0d72-a5f7-47dd-bc74-8743a5d358b0@group-59F5ABEA8604-SegmentedRaftLogWorker: flushIndex: setUnconditionally 0 -> -1
2019-10-20 10:16:37,688 [pool-47-thread-1] INFO  server.RaftServerConfigKeys (ConfUtils.java:logGet(43)) - raft.server.snapshot.auto.trigger.enabled = true (custom)
2019-10-20 10:16:37,688 [pool-47-thread-1] INFO  server.RaftServerConfigKeys (ConfUtils.java:logGet(43)) - raft.server.snapshot.auto.trigger.threshold = 10000 (custom)
2019-10-20 10:16:37,689 [pool-47-thread-1] INFO  server.RaftServerConfigKeys (ConfUtils.java:logGet(43)) - raft.server.snapshot.retention.file.num = 5 (custom)
2019-10-20 10:16:37,689 [pool-47-thread-1] INFO  server.RaftServerConfigKeys (ConfUtils.java:logGet(43)) - raft.server.retrycache.expirytime = 600000ms (custom)
2019-10-20 10:16:37,700 [IPC Server handler 0 on 43233] INFO  server.SCMBlockProtocolServer (SCMBlockProtocolServer.java:allocateBlock(179)) - Allocating 1 blocks of size 4194304, with ExcludeList {datanodes = [], containerIds = [], pipelineIds = []}
2019-10-20 10:16:37,701 [f1d6a710-9313-44dc-a005-f0b22c06f92c@group-647D4077CCD1-LeaderElection1] INFO  impl.RoleInfo (RoleInfo.java:updateAndGet(143)) - f1d6a710-9313-44dc-a005-f0b22c06f92c: start LeaderState
2019-10-20 10:16:37,701 [e534181c-9f5d-4f71-ad0d-cd71b851ae4d@group-56E652864FA2-LeaderElection2] INFO  impl.RoleInfo (RoleInfo.java:updateAndGet(143)) - e534181c-9f5d-4f71-ad0d-cd71b851ae4d: start LeaderState
2019-10-20 10:16:37,702 [pool-47-thread-1] INFO  impl.RaftServerImpl (RaftServerImpl.java:start(195)) - e76b0d72-a5f7-47dd-bc74-8743a5d358b0@group-59F5ABEA8604: start as a follower, conf=-1: [e76b0d72-a5f7-47dd-bc74-8743a5d358b0:192.168.69.89:42489], old=null
2019-10-20 10:16:37,702 [pool-47-thread-1] INFO  impl.RaftServerImpl (RaftServerImpl.java:setRole(184)) - e76b0d72-a5f7-47dd-bc74-8743a5d358b0@group-59F5ABEA8604: changes role from      null to FOLLOWER at term 0 for startAsFollower
2019-10-20 10:16:37,702 [pool-47-thread-1] INFO  impl.RoleInfo (RoleInfo.java:updateAndGet(143)) - e76b0d72-a5f7-47dd-bc74-8743a5d358b0: start FollowerState
2019-10-20 10:16:37,703 [pool-47-thread-1] INFO  util.JmxRegister (JmxRegister.java:tryRegister(44)) - Successfully registered JMX Bean with object name Ratis:service=RaftServer,group=group-59F5ABEA8604,id=e76b0d72-a5f7-47dd-bc74-8743a5d358b0
2019-10-20 10:16:37,717 [RatisPipelineUtilsThread] INFO  pipeline.PipelineStateManager (PipelineStateManager.java:addPipeline(56)) - Created pipeline Pipeline[ Id: 25bf75da-0313-470e-b3d8-59f5abea8604, Nodes: e76b0d72-a5f7-47dd-bc74-8743a5d358b0{ip: 192.168.69.89, host: pr-hdds-2335-x5gnt-184872562, networkLocation: /default-rack, certSerialId: null}, Type:RATIS, Factor:ONE, State:OPEN]
2019-10-20 10:16:37,733 [e534181c-9f5d-4f71-ad0d-cd71b851ae4d@group-56E652864FA2-LeaderElection2] INFO  segmented.SegmentedRaftLogWorker (SegmentedRaftLogWorker.java:startLogSegment(385)) - e534181c-9f5d-4f71-ad0d-cd71b851ae4d@group-56E652864FA2-SegmentedRaftLogWorker: Starting segment from index:0
2019-10-20 10:16:37,733 [f1d6a710-9313-44dc-a005-f0b22c06f92c@group-647D4077CCD1-LeaderElection1] INFO  segmented.SegmentedRaftLogWorker (SegmentedRaftLogWorker.java:startLogSegment(385)) - f1d6a710-9313-44dc-a005-f0b22c06f92c@group-647D4077CCD1-SegmentedRaftLogWorker: Starting segment from index:0
2019-10-20 10:16:37,747 [grpc-default-executor-2] INFO  impl.RaftServerProxy (RaftServerProxy.java:addNew(89)) - f1d6a710-9313-44dc-a005-f0b22c06f92c: addNew group-CC68B5F19AD3:[e76b0d72-a5f7-47dd-bc74-8743a5d358b0:192.168.69.89:42489, e534181c-9f5d-4f71-ad0d-cd71b851ae4d:192.168.69.89:44098, f1d6a710-9313-44dc-a005-f0b22c06f92c:192.168.69.89:41254] returns group-CC68B5F19AD3:java.util.concurrent.CompletableFuture@3f89f63c[Not completed]
2019-10-20 10:16:37,748 [grpc-default-executor-1] INFO  impl.RaftServerProxy (RaftServerProxy.java:addNew(89)) - e534181c-9f5d-4f71-ad0d-cd71b851ae4d: addNew group-CC68B5F19AD3:[e76b0d72-a5f7-47dd-bc74-8743a5d358b0:192.168.69.89:42489, e534181c-9f5d-4f71-ad0d-cd71b851ae4d:192.168.69.89:44098, f1d6a710-9313-44dc-a005-f0b22c06f92c:192.168.69.89:41254] returns group-CC68B5F19AD3:java.util.concurrent.CompletableFuture@120076c7[Not completed]
2019-10-20 10:16:37,749 [grpc-default-executor-2] INFO  impl.RaftServerProxy (RaftServerProxy.java:addNew(89)) - e76b0d72-a5f7-47dd-bc74-8743a5d358b0: addNew group-CC68B5F19AD3:[e76b0d72-a5f7-47dd-bc74-8743a5d358b0:192.168.69.89:42489, e534181c-9f5d-4f71-ad0d-cd71b851ae4d:192.168.69.89:44098, f1d6a710-9313-44dc-a005-f0b22c06f92c:192.168.69.89:41254] returns group-CC68B5F19AD3:java.util.concurrent.CompletableFuture@7a8b7fa9[Not completed]
2019-10-20 10:16:37,749 [pool-27-thread-1] INFO  impl.RaftServerImpl (RaftServerImpl.java:<init>(104)) - f1d6a710-9313-44dc-a005-f0b22c06f92c: new RaftServerImpl for group-CC68B5F19AD3:[e76b0d72-a5f7-47dd-bc74-8743a5d358b0:192.168.69.89:42489, e534181c-9f5d-4f71-ad0d-cd71b851ae4d:192.168.69.89:44098, f1d6a710-9313-44dc-a005-f0b22c06f92c:192.168.69.89:41254] with ContainerStateMachine:uninitialized
2019-10-20 10:16:37,749 [pool-27-thread-1] INFO  server.RaftServerConfigKeys (ConfUtils.java:logGet(43)) - raft.server.rpc.timeout.min = 5s (custom)
2019-10-20 10:16:37,750 [pool-27-thread-1] INFO  server.RaftServerConfigKeys (ConfUtils.java:logGet(43)) - raft.server.rpc.timeout.max = 5200ms (custom)
2019-10-20 10:16:37,750 [pool-27-thread-1] INFO  server.RaftServerConfigKeys (ConfUtils.java:logGet(43)) - raft.server.rpcslowness.timeout = 1000s (custom)
2019-10-20 10:16:37,750 [pool-27-thread-1] INFO  server.RaftServerConfigKeys (ConfUtils.java:logGet(43)) - raft.server.sleep.deviation.threshold = 300 (default)
2019-10-20 10:16:37,750 [pool-27-thread-1] INFO  server.RaftServerConfigKeys (ConfUtils.java:logGet(43)) - raft.server.log.appender.install.snapshot.enabled = false (custom)
2019-10-20 10:16:37,750 [pool-27-thread-1] INFO  impl.RaftServerImpl (ServerState.java:<init>(103)) - f1d6a710-9313-44dc-a005-f0b22c06f92c@group-CC68B5F19AD3: ConfigurationManager, init=-1: [e76b0d72-a5f7-47dd-bc74-8743a5d358b0:192.168.69.89:42489, e534181c-9f5d-4f71-ad0d-cd71b851ae4d:192.168.69.89:44098, f1d6a710-9313-44dc-a005-f0b22c06f92c:192.168.69.89:41254], old=null, confs=<EMPTY_MAP>
2019-10-20 10:16:37,750 [pool-27-thread-1] INFO  server.RaftServerConfigKeys (ConfUtils.java:logGet(43)) - raft.server.storage.dir = [/workdir/hadoop-ozone/integration-test/target/test-dir/MiniOzoneClusterImpl-2addb35b-a6cc-4f8a-83ea-8293f411ed6d/datanode-0/data/ratis] (custom)
2019-10-20 10:16:37,750 [pool-37-thread-1] INFO  impl.RaftServerImpl (RaftServerImpl.java:<init>(104)) - e534181c-9f5d-4f71-ad0d-cd71b851ae4d: new RaftServerImpl for group-CC68B5F19AD3:[e76b0d72-a5f7-47dd-bc74-8743a5d358b0:192.168.69.89:42489, e534181c-9f5d-4f71-ad0d-cd71b851ae4d:192.168.69.89:44098, f1d6a710-9313-44dc-a005-f0b22c06f92c:192.168.69.89:41254] with ContainerStateMachine:uninitialized
2019-10-20 10:16:37,751 [pool-37-thread-1] INFO  server.RaftServerConfigKeys (ConfUtils.java:logGet(43)) - raft.server.rpc.timeout.min = 5s (custom)
2019-10-20 10:16:37,751 [pool-27-thread-1] INFO  server.RaftServerConfigKeys (ConfUtils.java:logGet(43)) - raft.server.log.corruption.policy = EXCEPTION (default)
2019-10-20 10:16:37,751 [pool-37-thread-1] INFO  server.RaftServerConfigKeys (ConfUtils.java:logGet(43)) - raft.server.rpc.timeout.max = 5200ms (custom)
2019-10-20 10:16:37,751 [pool-27-thread-1] INFO  storage.RaftStorageDirectory (RaftStorageDirectory.java:analyzeStorage(246)) - The storage directory /workdir/hadoop-ozone/integration-test/target/test-dir/MiniOzoneClusterImpl-2addb35b-a6cc-4f8a-83ea-8293f411ed6d/datanode-0/data/ratis/119175b0-5d21-4334-a09f-cc68b5f19ad3 does not exist. Creating ...
2019-10-20 10:16:37,751 [pool-37-thread-1] INFO  server.RaftServerConfigKeys (ConfUtils.java:logGet(43)) - raft.server.rpcslowness.timeout = 1000s (custom)
2019-10-20 10:16:37,751 [pool-47-thread-1] INFO  impl.RaftServerImpl (RaftServerImpl.java:<init>(104)) - e76b0d72-a5f7-47dd-bc74-8743a5d358b0: new RaftServerImpl for group-CC68B5F19AD3:[e76b0d72-a5f7-47dd-bc74-8743a5d358b0:192.168.69.89:42489, e534181c-9f5d-4f71-ad0d-cd71b851ae4d:192.168.69.89:44098, f1d6a710-9313-44dc-a005-f0b22c06f92c:192.168.69.89:41254] with ContainerStateMachine:uninitialized
2019-10-20 10:16:37,751 [pool-37-thread-1] INFO  server.RaftServerConfigKeys (ConfUtils.java:logGet(43)) - raft.server.sleep.deviation.threshold = 300 (default)
2019-10-20 10:16:37,751 [pool-47-thread-1] INFO  server.RaftServerConfigKeys (ConfUtils.java:logGet(43)) - raft.server.rpc.timeout.min = 5s (custom)
2019-10-20 10:16:37,751 [e534181c-9f5d-4f71-ad0d-cd71b851ae4d@group-56E652864FA2-LeaderElection2] INFO  impl.RaftServerImpl (ServerState.java:setRaftConf(357)) - e534181c-9f5d-4f71-ad0d-cd71b851ae4d@group-56E652864FA2: set configuration 0: [e534181c-9f5d-4f71-ad0d-cd71b851ae4d:192.168.69.89:44098], old=null at 0
2019-10-20 10:16:37,751 [pool-37-thread-1] INFO  server.RaftServerConfigKeys (ConfUtils.java:logGet(43)) - raft.server.log.appender.install.snapshot.enabled = false (custom)
2019-10-20 10:16:37,751 [f1d6a710-9313-44dc-a005-f0b22c06f92c@group-647D4077CCD1-LeaderElection1] INFO  impl.RaftServerImpl (ServerState.java:setRaftConf(357)) - f1d6a710-9313-44dc-a005-f0b22c06f92c@group-647D4077CCD1: set configuration 0: [f1d6a710-9313-44dc-a005-f0b22c06f92c:192.168.69.89:41254], old=null at 0
2019-10-20 10:16:37,752 [pool-37-thread-1] INFO  impl.RaftServerImpl (ServerState.java:<init>(103)) - e534181c-9f5d-4f71-ad0d-cd71b851ae4d@group-CC68B5F19AD3: ConfigurationManager, init=-1: [e76b0d72-a5f7-47dd-bc74-8743a5d358b0:192.168.69.89:42489, e534181c-9f5d-4f71-ad0d-cd71b851ae4d:192.168.69.89:44098, f1d6a710-9313-44dc-a005-f0b22c06f92c:192.168.69.89:41254], old=null, confs=<EMPTY_MAP>
2019-10-20 10:16:37,752 [pool-47-thread-1] INFO  server.RaftServerConfigKeys (ConfUtils.java:logGet(43)) - raft.server.rpc.timeout.max = 5200ms (custom)
2019-10-20 10:16:37,753 [pool-37-thread-1] INFO  server.RaftServerConfigKeys (ConfUtils.java:logGet(43)) - raft.server.storage.dir = [/workdir/hadoop-ozone/integration-test/target/test-dir/MiniOzoneClusterImpl-2addb35b-a6cc-4f8a-83ea-8293f411ed6d/datanode-1/data/ratis] (custom)
2019-10-20 10:16:37,753 [pool-47-thread-1] INFO  server.RaftServerConfigKeys (ConfUtils.java:logGet(43)) - raft.server.rpcslowness.timeout = 1000s (custom)
2019-10-20 10:16:37,754 [pool-47-thread-1] INFO  server.RaftServerConfigKeys (ConfUtils.java:logGet(43)) - raft.server.sleep.deviation.threshold = 300 (default)
2019-10-20 10:16:37,754 [pool-37-thread-1] INFO  server.RaftServerConfigKeys (ConfUtils.java:logGet(43)) - raft.server.log.corruption.policy = EXCEPTION (default)
2019-10-20 10:16:37,754 [pool-47-thread-1] INFO  server.RaftServerConfigKeys (ConfUtils.java:logGet(43)) - raft.server.log.appender.install.snapshot.enabled = false (custom)
2019-10-20 10:16:37,754 [pool-37-thread-1] INFO  storage.RaftStorageDirectory (RaftStorageDirectory.java:analyzeStorage(246)) - The storage directory /workdir/hadoop-ozone/integration-test/target/test-dir/MiniOzoneClusterImpl-2addb35b-a6cc-4f8a-83ea-8293f411ed6d/datanode-1/data/ratis/119175b0-5d21-4334-a09f-cc68b5f19ad3 does not exist. Creating ...
2019-10-20 10:16:37,754 [pool-47-thread-1] INFO  impl.RaftServerImpl (ServerState.java:<init>(103)) - e76b0d72-a5f7-47dd-bc74-8743a5d358b0@group-CC68B5F19AD3: ConfigurationManager, init=-1: [e76b0d72-a5f7-47dd-bc74-8743a5d358b0:192.168.69.89:42489, e534181c-9f5d-4f71-ad0d-cd71b851ae4d:192.168.69.89:44098, f1d6a710-9313-44dc-a005-f0b22c06f92c:192.168.69.89:41254], old=null, confs=<EMPTY_MAP>
2019-10-20 10:16:37,754 [pool-47-thread-1] INFO  server.RaftServerConfigKeys (ConfUtils.java:logGet(43)) - raft.server.storage.dir = [/workdir/hadoop-ozone/integration-test/target/test-dir/MiniOzoneClusterImpl-2addb35b-a6cc-4f8a-83ea-8293f411ed6d/datanode-2/data/ratis] (custom)
2019-10-20 10:16:37,755 [pool-47-thread-1] INFO  server.RaftServerConfigKeys (ConfUtils.java:logGet(43)) - raft.server.log.corruption.policy = EXCEPTION (default)
2019-10-20 10:16:37,755 [pool-47-thread-1] INFO  storage.RaftStorageDirectory (RaftStorageDirectory.java:analyzeStorage(246)) - The storage directory /workdir/hadoop-ozone/integration-test/target/test-dir/MiniOzoneClusterImpl-2addb35b-a6cc-4f8a-83ea-8293f411ed6d/datanode-2/data/ratis/119175b0-5d21-4334-a09f-cc68b5f19ad3 does not exist. Creating ...
2019-10-20 10:16:37,765 [pool-47-thread-1] INFO  storage.RaftStorageDirectory (RaftStorageDirectory.java:tryLock(328)) - Lock on /workdir/hadoop-ozone/integration-test/target/test-dir/MiniOzoneClusterImpl-2addb35b-a6cc-4f8a-83ea-8293f411ed6d/datanode-2/data/ratis/119175b0-5d21-4334-a09f-cc68b5f19ad3/in_use.lock acquired by nodename 27821@pr-hdds-2335-x5gnt-184872562
2019-10-20 10:16:37,765 [pool-37-thread-1] INFO  storage.RaftStorageDirectory (RaftStorageDirectory.java:tryLock(328)) - Lock on /workdir/hadoop-ozone/integration-test/target/test-dir/MiniOzoneClusterImpl-2addb35b-a6cc-4f8a-83ea-8293f411ed6d/datanode-1/data/ratis/119175b0-5d21-4334-a09f-cc68b5f19ad3/in_use.lock acquired by nodename 27821@pr-hdds-2335-x5gnt-184872562
2019-10-20 10:16:37,765 [pool-27-thread-1] INFO  storage.RaftStorageDirectory (RaftStorageDirectory.java:tryLock(328)) - Lock on /workdir/hadoop-ozone/integration-test/target/test-dir/MiniOzoneClusterImpl-2addb35b-a6cc-4f8a-83ea-8293f411ed6d/datanode-0/data/ratis/119175b0-5d21-4334-a09f-cc68b5f19ad3/in_use.lock acquired by nodename 27821@pr-hdds-2335-x5gnt-184872562
2019-10-20 10:16:37,779 [pool-27-thread-1] INFO  storage.RaftStorage (RaftStorage.java:format(84)) - Storage directory /workdir/hadoop-ozone/integration-test/target/test-dir/MiniOzoneClusterImpl-2addb35b-a6cc-4f8a-83ea-8293f411ed6d/datanode-0/data/ratis/119175b0-5d21-4334-a09f-cc68b5f19ad3 has been successfully formatted.
2019-10-20 10:16:37,779 [pool-47-thread-1] INFO  storage.RaftStorage (RaftStorage.java:format(84)) - Storage directory /workdir/hadoop-ozone/integration-test/target/test-dir/MiniOzoneClusterImpl-2addb35b-a6cc-4f8a-83ea-8293f411ed6d/datanode-2/data/ratis/119175b0-5d21-4334-a09f-cc68b5f19ad3 has been successfully formatted.
2019-10-20 10:16:37,779 [pool-37-thread-1] INFO  storage.RaftStorage (RaftStorage.java:format(84)) - Storage directory /workdir/hadoop-ozone/integration-test/target/test-dir/MiniOzoneClusterImpl-2addb35b-a6cc-4f8a-83ea-8293f411ed6d/datanode-1/data/ratis/119175b0-5d21-4334-a09f-cc68b5f19ad3 has been successfully formatted.
2019-10-20 10:16:37,780 [pool-27-thread-1] INFO  ratis.ContainerStateMachine (ContainerStateMachine.java:loadSnapshot(231)) - group-CC68B5F19AD3: The snapshot info is null. Setting the last applied indexto:(t:0, i:~)
2019-10-20 10:16:37,780 [pool-47-thread-1] INFO  ratis.ContainerStateMachine (ContainerStateMachine.java:loadSnapshot(231)) - group-CC68B5F19AD3: The snapshot info is null. Setting the last applied indexto:(t:0, i:~)
2019-10-20 10:16:37,780 [pool-27-thread-1] INFO  server.RaftServerConfigKeys (ConfUtils.java:logGet(43)) - raft.server.notification.no-leader.timeout = 1000s (custom)
2019-10-20 10:16:37,780 [pool-37-thread-1] INFO  ratis.ContainerStateMachine (ContainerStateMachine.java:loadSnapshot(231)) - group-CC68B5F19AD3: The snapshot info is null. Setting the last applied indexto:(t:0, i:~)
2019-10-20 10:16:37,780 [pool-27-thread-1] INFO  server.RaftServerConfigKeys (ConfUtils.java:logGet(43)) - raft.server.log.use.memory = false (default)
2019-10-20 10:16:37,780 [pool-47-thread-1] INFO  server.RaftServerConfigKeys (ConfUtils.java:logGet(43)) - raft.server.notification.no-leader.timeout = 1000s (custom)
2019-10-20 10:16:37,781 [Thread-199] INFO  impl.FollowerState (FollowerState.java:run(108)) - e76b0d72-a5f7-47dd-bc74-8743a5d358b0@group-59F5ABEA8604-FollowerState: change to CANDIDATE, lastRpcTime:78ms, electionTimeout:78ms
2019-10-20 10:16:37,781 [pool-27-thread-1] INFO  server.RaftServerConfigKeys (ConfUtils.java:logGet(43)) - raft.server.log.purge.gap = 1000000 (custom)
2019-10-20 10:16:37,780 [pool-37-thread-1] INFO  server.RaftServerConfigKeys (ConfUtils.java:logGet(43)) - raft.server.notification.no-leader.timeout = 1000s (custom)
2019-10-20 10:16:37,781 [Thread-199] INFO  impl.RoleInfo (RoleInfo.java:shutdownFollowerState(121)) - e76b0d72-a5f7-47dd-bc74-8743a5d358b0: shutdown FollowerState
2019-10-20 10:16:37,781 [pool-27-thread-1] INFO  server.RaftServerConfigKeys (ConfUtils.java:logGet(43)) - raft.server.log.appender.buffer.byte-limit = 33554432 (custom)
2019-10-20 10:16:37,781 [pool-47-thread-1] INFO  server.RaftServerConfigKeys (ConfUtils.java:logGet(43)) - raft.server.log.use.memory = false (default)
2019-10-20 10:16:37,781 [pool-27-thread-1] INFO  server.RaftServerConfigKeys (ConfUtils.java:logGet(43)) - raft.server.log.segment.size.max = 1048576 (custom)
2019-10-20 10:16:37,782 [pool-47-thread-1] INFO  server.RaftServerConfigKeys (ConfUtils.java:logGet(43)) - raft.server.log.purge.gap = 1000000 (custom)
2019-10-20 10:16:37,781 [Thread-199] INFO  impl.RaftServerImpl (RaftServerImpl.java:setRole(184)) - e76b0d72-a5f7-47dd-bc74-8743a5d358b0@group-59F5ABEA8604: changes role from  FOLLOWER to CANDIDATE at term 0 for changeToCandidate
2019-10-20 10:16:37,781 [pool-37-thread-1] INFO  server.RaftServerConfigKeys (ConfUtils.java:logGet(43)) - raft.server.log.use.memory = false (default)
2019-10-20 10:16:37,782 [Thread-199] INFO  impl.RoleInfo (RoleInfo.java:updateAndGet(143)) - e76b0d72-a5f7-47dd-bc74-8743a5d358b0: start LeaderElection
2019-10-20 10:16:37,782 [pool-37-thread-1] INFO  server.RaftServerConfigKeys (ConfUtils.java:logGet(43)) - raft.server.log.purge.gap = 1000000 (custom)
2019-10-20 10:16:37,782 [pool-47-thread-1] INFO  server.RaftServerConfigKeys (ConfUtils.java:logGet(43)) - raft.server.log.appender.buffer.byte-limit = 33554432 (custom)
2019-10-20 10:16:37,782 [pool-27-thread-1] INFO  server.RaftServerConfigKeys (ConfUtils.java:logGet(43)) - raft.server.log.segment.cache.num.max = 2 (custom)
2019-10-20 10:16:37,784 [pool-47-thread-1] INFO  server.RaftServerConfigKeys (ConfUtils.java:logGet(43)) - raft.server.log.segment.size.max = 1048576 (custom)
2019-10-20 10:16:37,782 [pool-37-thread-1] INFO  server.RaftServerConfigKeys (ConfUtils.java:logGet(43)) - raft.server.log.appender.buffer.byte-limit = 33554432 (custom)
2019-10-20 10:16:37,784 [pool-47-thread-1] INFO  server.RaftServerConfigKeys (ConfUtils.java:logGet(43)) - raft.server.log.segment.cache.num.max = 2 (custom)
2019-10-20 10:16:37,784 [pool-27-thread-1] INFO  segmented.SegmentedRaftLogWorker (SegmentedRaftLogWorker.java:<init>(173)) - new f1d6a710-9313-44dc-a005-f0b22c06f92c@group-CC68B5F19AD3-SegmentedRaftLogWorker for RaftStorage:Storage Directory /workdir/hadoop-ozone/integration-test/target/test-dir/MiniOzoneClusterImpl-2addb35b-a6cc-4f8a-83ea-8293f411ed6d/datanode-0/data/ratis/119175b0-5d21-4334-a09f-cc68b5f19ad3
2019-10-20 10:16:37,784 [pool-47-thread-1] INFO  segmented.SegmentedRaftLogWorker (SegmentedRaftLogWorker.java:<init>(173)) - new e76b0d72-a5f7-47dd-bc74-8743a5d358b0@group-CC68B5F19AD3-SegmentedRaftLogWorker for RaftStorage:Storage Directory /workdir/hadoop-ozone/integration-test/target/test-dir/MiniOzoneClusterImpl-2addb35b-a6cc-4f8a-83ea-8293f411ed6d/datanode-2/data/ratis/119175b0-5d21-4334-a09f-cc68b5f19ad3
2019-10-20 10:16:37,784 [pool-37-thread-1] INFO  server.RaftServerConfigKeys (ConfUtils.java:logGet(43)) - raft.server.log.segment.size.max = 1048576 (custom)
2019-10-20 10:16:37,784 [pool-47-thread-1] INFO  server.RaftServerConfigKeys (ConfUtils.java:logGet(43)) - raft.server.log.queue.byte-limit = 2147483647 (custom)
2019-10-20 10:16:37,784 [pool-27-thread-1] INFO  server.RaftServerConfigKeys (ConfUtils.java:logGet(43)) - raft.server.log.queue.byte-limit = 2147483647 (custom)
2019-10-20 10:16:37,785 [pool-47-thread-1] INFO  server.RaftServerConfigKeys (ConfUtils.java:logGet(43)) - raft.server.log.queue.element-limit = 1024 (custom)
2019-10-20 10:16:37,785 [pool-37-thread-1] INFO  server.RaftServerConfigKeys (ConfUtils.java:logGet(43)) - raft.server.log.segment.cache.num.max = 2 (custom)
2019-10-20 10:16:37,785 [pool-47-thread-1] INFO  server.RaftServerConfigKeys (ConfUtils.java:logGet(43)) - raft.server.log.segment.size.max = 1048576 (custom)
2019-10-20 10:16:37,785 [pool-27-thread-1] INFO  server.RaftServerConfigKeys (ConfUtils.java:logGet(43)) - raft.server.log.queue.element-limit = 1024 (custom)
2019-10-20 10:16:37,785 [pool-47-thread-1] INFO  server.RaftServerConfigKeys (ConfUtils.java:logGet(43)) - raft.server.log.preallocated.size = 16384 (custom)
2019-10-20 10:16:37,785 [pool-37-thread-1] INFO  segmented.SegmentedRaftLogWorker (SegmentedRaftLogWorker.java:<init>(173)) - new e534181c-9f5d-4f71-ad0d-cd71b851ae4d@group-CC68B5F19AD3-SegmentedRaftLogWorker for RaftStorage:Storage Directory /workdir/hadoop-ozone/integration-test/target/test-dir/MiniOzoneClusterImpl-2addb35b-a6cc-4f8a-83ea-8293f411ed6d/datanode-1/data/ratis/119175b0-5d21-4334-a09f-cc68b5f19ad3
2019-10-20 10:16:37,786 [pool-47-thread-1] INFO  server.RaftServerConfigKeys (ConfUtils.java:logGet(43)) - raft.server.log.write.buffer.size = 33554432 (custom)
2019-10-20 10:16:37,785 [pool-27-thread-1] INFO  server.RaftServerConfigKeys (ConfUtils.java:logGet(43)) - raft.server.log.segment.size.max = 1048576 (custom)
2019-10-20 10:16:37,786 [pool-47-thread-1] INFO  server.RaftServerConfigKeys (ConfUtils.java:logGet(43)) - raft.server.log.force.sync.num = 128 (default)
2019-10-20 10:16:37,786 [pool-37-thread-1] INFO  server.RaftServerConfigKeys (ConfUtils.java:logGet(43)) - raft.server.log.queue.byte-limit = 2147483647 (custom)
2019-10-20 10:16:37,786 [pool-47-thread-1] INFO  server.RaftServerConfigKeys (ConfUtils.java:logGet(43)) - raft.server.log.statemachine.data.sync = true (default)
2019-10-20 10:16:37,786 [pool-27-thread-1] INFO  server.RaftServerConfigKeys (ConfUtils.java:logGet(43)) - raft.server.log.preallocated.size = 16384 (custom)
2019-10-20 10:16:37,786 [pool-47-thread-1] INFO  server.RaftServerConfigKeys (ConfUtils.java:logGet(43)) - raft.server.log.statemachine.data.sync.timeout = 10s (default)
2019-10-20 10:16:37,786 [pool-37-thread-1] INFO  server.RaftServerConfigKeys (ConfUtils.java:logGet(43)) - raft.server.log.queue.element-limit = 1024 (custom)
2019-10-20 10:16:37,787 [pool-47-thread-1] INFO  server.RaftServerConfigKeys (ConfUtils.java:logGet(43)) - raft.server.log.statemachine.data.sync.timeout.retry = -1 (default)
2019-10-20 10:16:37,786 [pool-27-thread-1] INFO  server.RaftServerConfigKeys (ConfUtils.java:logGet(43)) - raft.server.log.write.buffer.size = 33554432 (custom)
2019-10-20 10:16:37,787 [pool-37-thread-1] INFO  server.RaftServerConfigKeys (ConfUtils.java:logGet(43)) - raft.server.log.segment.size.max = 1048576 (custom)
2019-10-20 10:16:37,787 [pool-47-thread-1] INFO  server.RaftServerConfigKeys (ConfUtils.java:logGet(43)) - raft.server.log.statemachine.data.caching.enabled = true (custom)
2019-10-20 10:16:37,787 [pool-27-thread-1] INFO  server.RaftServerConfigKeys (ConfUtils.java:logGet(43)) - raft.server.log.force.sync.num = 128 (default)
2019-10-20 10:16:37,787 [pool-37-thread-1] INFO  server.RaftServerConfigKeys (ConfUtils.java:logGet(43)) - raft.server.log.preallocated.size = 16384 (custom)
2019-10-20 10:16:37,787 [pool-27-thread-1] INFO  server.RaftServerConfigKeys (ConfUtils.java:logGet(43)) - raft.server.log.statemachine.data.sync = true (default)
2019-10-20 10:16:37,788 [pool-47-thread-1] INFO  segmented.SegmentedRaftLogWorker (SegmentedRaftLogWorker.java:lambda$new$0(128)) - e76b0d72-a5f7-47dd-bc74-8743a5d358b0@group-CC68B5F19AD3-SegmentedRaftLogWorker: flushIndex: setUnconditionally 0 -> -1
2019-10-20 10:16:37,788 [pool-37-thread-1] INFO  server.RaftServerConfigKeys (ConfUtils.java:logGet(43)) - raft.server.log.write.buffer.size = 33554432 (custom)
2019-10-20 10:16:37,788 [pool-27-thread-1] INFO  server.RaftServerConfigKeys (ConfUtils.java:logGet(43)) - raft.server.log.statemachine.data.sync.timeout = 10s (default)
2019-10-20 10:16:37,788 [pool-47-thread-1] INFO  server.RaftServerConfigKeys (ConfUtils.java:logGet(43)) - raft.server.snapshot.auto.trigger.enabled = true (custom)
2019-10-20 10:16:37,788 [pool-37-thread-1] INFO  server.RaftServerConfigKeys (ConfUtils.java:logGet(43)) - raft.server.log.force.sync.num = 128 (default)
2019-10-20 10:16:37,788 [pool-47-thread-1] INFO  server.RaftServerConfigKeys (ConfUtils.java:logGet(43)) - raft.server.snapshot.auto.trigger.threshold = 10000 (custom)
2019-10-20 10:16:37,788 [pool-27-thread-1] INFO  server.RaftServerConfigKeys (ConfUtils.java:logGet(43)) - raft.server.log.statemachine.data.sync.timeout.retry = -1 (default)
2019-10-20 10:16:37,788 [pool-47-thread-1] INFO  server.RaftServerConfigKeys (ConfUtils.java:logGet(43)) - raft.server.snapshot.retention.file.num = 5 (custom)
2019-10-20 10:16:37,788 [pool-37-thread-1] INFO  server.RaftServerConfigKeys (ConfUtils.java:logGet(43)) - raft.server.log.statemachine.data.sync = true (default)
2019-10-20 10:16:37,789 [pool-27-thread-1] INFO  server.RaftServerConfigKeys (ConfUtils.java:logGet(43)) - raft.server.log.statemachine.data.caching.enabled = true (custom)
2019-10-20 10:16:37,789 [pool-47-thread-1] INFO  server.RaftServerConfigKeys (ConfUtils.java:logGet(43)) - raft.server.retrycache.expirytime = 600000ms (custom)
2019-10-20 10:16:37,789 [pool-37-thread-1] INFO  server.RaftServerConfigKeys (ConfUtils.java:logGet(43)) - raft.server.log.statemachine.data.sync.timeout = 10s (default)
2019-10-20 10:16:37,789 [pool-27-thread-1] INFO  segmented.SegmentedRaftLogWorker (SegmentedRaftLogWorker.java:lambda$new$0(128)) - f1d6a710-9313-44dc-a005-f0b22c06f92c@group-CC68B5F19AD3-SegmentedRaftLogWorker: flushIndex: setUnconditionally 0 -> -1
2019-10-20 10:16:37,789 [pool-37-thread-1] INFO  server.RaftServerConfigKeys (ConfUtils.java:logGet(43)) - raft.server.log.statemachine.data.sync.timeout.retry = -1 (default)
2019-10-20 10:16:37,790 [pool-27-thread-1] INFO  server.RaftServerConfigKeys (ConfUtils.java:logGet(43)) - raft.server.snapshot.auto.trigger.enabled = true (custom)
2019-10-20 10:16:37,790 [pool-37-thread-1] INFO  server.RaftServerConfigKeys (ConfUtils.java:logGet(43)) - raft.server.log.statemachine.data.caching.enabled = true (custom)
2019-10-20 10:16:37,790 [pool-27-thread-1] INFO  server.RaftServerConfigKeys (ConfUtils.java:logGet(43)) - raft.server.snapshot.auto.trigger.threshold = 10000 (custom)
2019-10-20 10:16:37,790 [pool-27-thread-1] INFO  server.RaftServerConfigKeys (ConfUtils.java:logGet(43)) - raft.server.snapshot.retention.file.num = 5 (custom)
2019-10-20 10:16:37,790 [pool-37-thread-1] INFO  segmented.SegmentedRaftLogWorker (SegmentedRaftLogWorker.java:lambda$new$0(128)) - e534181c-9f5d-4f71-ad0d-cd71b851ae4d@group-CC68B5F19AD3-SegmentedRaftLogWorker: flushIndex: setUnconditionally 0 -> -1
2019-10-20 10:16:37,790 [pool-27-thread-1] INFO  server.RaftServerConfigKeys (ConfUtils.java:logGet(43)) - raft.server.retrycache.expirytime = 600000ms (custom)
2019-10-20 10:16:37,791 [pool-37-thread-1] INFO  server.RaftServerConfigKeys (ConfUtils.java:logGet(43)) - raft.server.snapshot.auto.trigger.enabled = true (custom)
2019-10-20 10:16:37,791 [pool-37-thread-1] INFO  server.RaftServerConfigKeys (ConfUtils.java:logGet(43)) - raft.server.snapshot.auto.trigger.threshold = 10000 (custom)
2019-10-20 10:16:37,791 [pool-37-thread-1] INFO  server.RaftServerConfigKeys (ConfUtils.java:logGet(43)) - raft.server.snapshot.retention.file.num = 5 (custom)
2019-10-20 10:16:37,791 [pool-37-thread-1] INFO  server.RaftServerConfigKeys (ConfUtils.java:logGet(43)) - raft.server.retrycache.expirytime = 600000ms (custom)
2019-10-20 10:16:37,792 [pool-47-thread-1] INFO  impl.RaftServerImpl (RaftServerImpl.java:start(195)) - e76b0d72-a5f7-47dd-bc74-8743a5d358b0@group-CC68B5F19AD3: start as a follower, conf=-1: [e76b0d72-a5f7-47dd-bc74-8743a5d358b0:192.168.69.89:42489, e534181c-9f5d-4f71-ad0d-cd71b851ae4d:192.168.69.89:44098, f1d6a710-9313-44dc-a005-f0b22c06f92c:192.168.69.89:41254], old=null
2019-10-20 10:16:37,792 [pool-47-thread-1] INFO  impl.RaftServerImpl (RaftServerImpl.java:setRole(184)) - e76b0d72-a5f7-47dd-bc74-8743a5d358b0@group-CC68B5F19AD3: changes role from      null to FOLLOWER at term 0 for startAsFollower
2019-10-20 10:16:37,793 [pool-47-thread-1] INFO  impl.RoleInfo (RoleInfo.java:updateAndGet(143)) - e76b0d72-a5f7-47dd-bc74-8743a5d358b0: start FollowerState
2019-10-20 10:16:37,793 [pool-47-thread-1] INFO  util.JmxRegister (JmxRegister.java:tryRegister(44)) - Successfully registered JMX Bean with object name Ratis:service=RaftServer,group=group-CC68B5F19AD3,id=e76b0d72-a5f7-47dd-bc74-8743a5d358b0
2019-10-20 10:16:37,793 [pool-27-thread-1] INFO  impl.RaftServerImpl (RaftServerImpl.java:start(195)) - f1d6a710-9313-44dc-a005-f0b22c06f92c@group-CC68B5F19AD3: start as a follower, conf=-1: [e76b0d72-a5f7-47dd-bc74-8743a5d358b0:192.168.69.89:42489, e534181c-9f5d-4f71-ad0d-cd71b851ae4d:192.168.69.89:44098, f1d6a710-9313-44dc-a005-f0b22c06f92c:192.168.69.89:41254], old=null
2019-10-20 10:16:37,794 [pool-27-thread-1] INFO  impl.RaftServerImpl (RaftServerImpl.java:setRole(184)) - f1d6a710-9313-44dc-a005-f0b22c06f92c@group-CC68B5F19AD3: changes role from      null to FOLLOWER at term 0 for startAsFollower
2019-10-20 10:16:37,794 [pool-27-thread-1] INFO  impl.RoleInfo (RoleInfo.java:updateAndGet(143)) - f1d6a710-9313-44dc-a005-f0b22c06f92c: start FollowerState
2019-10-20 10:16:37,794 [pool-37-thread-1] INFO  impl.RaftServerImpl (RaftServerImpl.java:start(195)) - e534181c-9f5d-4f71-ad0d-cd71b851ae4d@group-CC68B5F19AD3: start as a follower, conf=-1: [e76b0d72-a5f7-47dd-bc74-8743a5d358b0:192.168.69.89:42489, e534181c-9f5d-4f71-ad0d-cd71b851ae4d:192.168.69.89:44098, f1d6a710-9313-44dc-a005-f0b22c06f92c:192.168.69.89:41254], old=null
2019-10-20 10:16:37,794 [pool-37-thread-1] INFO  impl.RaftServerImpl (RaftServerImpl.java:setRole(184)) - e534181c-9f5d-4f71-ad0d-cd71b851ae4d@group-CC68B5F19AD3: changes role from      null to FOLLOWER at term 0 for startAsFollower
2019-10-20 10:16:37,794 [pool-27-thread-1] INFO  util.JmxRegister (JmxRegister.java:tryRegister(44)) - Successfully registered JMX Bean with object name Ratis:service=RaftServer,group=group-CC68B5F19AD3,id=f1d6a710-9313-44dc-a005-f0b22c06f92c
2019-10-20 10:16:37,794 [pool-37-thread-1] INFO  impl.RoleInfo (RoleInfo.java:updateAndGet(143)) - e534181c-9f5d-4f71-ad0d-cd71b851ae4d: start FollowerState
2019-10-20 10:16:37,795 [pool-37-thread-1] INFO  util.JmxRegister (JmxRegister.java:tryRegister(44)) - Successfully registered JMX Bean with object name Ratis:service=RaftServer,group=group-CC68B5F19AD3,id=e534181c-9f5d-4f71-ad0d-cd71b851ae4d
2019-10-20 10:16:37,796 [e76b0d72-a5f7-47dd-bc74-8743a5d358b0@group-59F5ABEA8604-LeaderElection3] INFO  impl.LeaderElection (LeaderElection.java:askForVotes(178)) - e76b0d72-a5f7-47dd-bc74-8743a5d358b0@group-59F5ABEA8604-LeaderElection3: begin an election at term 1 for -1: [e76b0d72-a5f7-47dd-bc74-8743a5d358b0:192.168.69.89:42489], old=null
2019-10-20 10:16:37,796 [e76b0d72-a5f7-47dd-bc74-8743a5d358b0@group-59F5ABEA8604-LeaderElection3] INFO  impl.RoleInfo (RoleInfo.java:shutdownLeaderElection(134)) - e76b0d72-a5f7-47dd-bc74-8743a5d358b0: shutdown LeaderElection
2019-10-20 10:16:37,796 [e76b0d72-a5f7-47dd-bc74-8743a5d358b0@group-59F5ABEA8604-LeaderElection3] INFO  impl.RaftServerImpl (RaftServerImpl.java:setRole(184)) - e76b0d72-a5f7-47dd-bc74-8743a5d358b0@group-59F5ABEA8604: changes role from CANDIDATE to LEADER at term 1 for changeToLeader
2019-10-20 10:16:37,796 [e76b0d72-a5f7-47dd-bc74-8743a5d358b0@group-59F5ABEA8604-LeaderElection3] INFO  impl.RaftServerImpl (ServerState.java:setLeader(256)) - e76b0d72-a5f7-47dd-bc74-8743a5d358b0@group-59F5ABEA8604: change Leader from null to e76b0d72-a5f7-47dd-bc74-8743a5d358b0 at term 1 for becomeLeader, leader elected after 126ms
2019-10-20 10:16:37,796 [e76b0d72-a5f7-47dd-bc74-8743a5d358b0@group-59F5ABEA8604-LeaderElection3] INFO  server.RaftServerConfigKeys (ConfUtils.java:logGet(43)) - raft.server.staging.catchup.gap = 1000 (default)
2019-10-20 10:16:37,796 [e76b0d72-a5f7-47dd-bc74-8743a5d358b0@group-59F5ABEA8604-LeaderElection3] INFO  server.RaftServerConfigKeys (ConfUtils.java:logGet(43)) - raft.server.rpc.sleep.time = 25ms (default)
2019-10-20 10:16:37,797 [e76b0d72-a5f7-47dd-bc74-8743a5d358b0@group-59F5ABEA8604-LeaderElection3] INFO  server.RaftServerConfigKeys (ConfUtils.java:logGet(43)) - raft.server.write.element-limit = 4096 (default)
2019-10-20 10:16:37,797 [e76b0d72-a5f7-47dd-bc74-8743a5d358b0@group-59F5ABEA8604-LeaderElection3] INFO  server.RaftServerConfigKeys (ConfUtils.java:logGet(43)) - raft.server.watch.timeout = 10s (default)
2019-10-20 10:16:37,797 [e76b0d72-a5f7-47dd-bc74-8743a5d358b0@group-59F5ABEA8604-LeaderElection3] INFO  server.RaftServerConfigKeys (ConfUtils.java:logGet(43)) - raft.server.watch.timeout.denomination = 1s (default)
2019-10-20 10:16:37,797 [e76b0d72-a5f7-47dd-bc74-8743a5d358b0@group-59F5ABEA8604-LeaderElection3] INFO  server.RaftServerConfigKeys (ConfUtils.java:logGet(43)) - raft.server.watch.element-limit = 65536 (default)
2019-10-20 10:16:37,803 [e76b0d72-a5f7-47dd-bc74-8743a5d358b0@group-59F5ABEA8604-LeaderElection3] INFO  impl.RoleInfo (RoleInfo.java:updateAndGet(143)) - e76b0d72-a5f7-47dd-bc74-8743a5d358b0: start LeaderState
2019-10-20 10:16:37,804 [e76b0d72-a5f7-47dd-bc74-8743a5d358b0@group-59F5ABEA8604-LeaderElection3] INFO  segmented.SegmentedRaftLogWorker (SegmentedRaftLogWorker.java:startLogSegment(385)) - e76b0d72-a5f7-47dd-bc74-8743a5d358b0@group-59F5ABEA8604-SegmentedRaftLogWorker: Starting segment from index:0
2019-10-20 10:16:37,806 [e76b0d72-a5f7-47dd-bc74-8743a5d358b0@group-59F5ABEA8604-LeaderElection3] INFO  impl.RaftServerImpl (ServerState.java:setRaftConf(357)) - e76b0d72-a5f7-47dd-bc74-8743a5d358b0@group-59F5ABEA8604: set configuration 0: [e76b0d72-a5f7-47dd-bc74-8743a5d358b0:192.168.69.89:42489], old=null at 0
2019-10-20 10:16:37,815 [RatisPipelineUtilsThread] INFO  pipeline.PipelineStateManager (PipelineStateManager.java:addPipeline(56)) - Created pipeline Pipeline[ Id: 119175b0-5d21-4334-a09f-cc68b5f19ad3, Nodes: f1d6a710-9313-44dc-a005-f0b22c06f92c{ip: 192.168.69.89, host: pr-hdds-2335-x5gnt-184872562, networkLocation: /default-rack, certSerialId: null}e534181c-9f5d-4f71-ad0d-cd71b851ae4d{ip: 192.168.69.89, host: pr-hdds-2335-x5gnt-184872562, networkLocation: /default-rack, certSerialId: null}e76b0d72-a5f7-47dd-bc74-8743a5d358b0{ip: 192.168.69.89, host: pr-hdds-2335-x5gnt-184872562, networkLocation: /default-rack, certSerialId: null}, Type:RATIS, Factor:THREE, State:OPEN]
2019-10-20 10:16:37,845 [Thread-206] INFO  impl.FollowerState (FollowerState.java:run(108)) - f1d6a710-9313-44dc-a005-f0b22c06f92c@group-CC68B5F19AD3-FollowerState: change to CANDIDATE, lastRpcTime:51ms, electionTimeout:51ms
2019-10-20 10:16:37,846 [Thread-206] INFO  impl.RoleInfo (RoleInfo.java:shutdownFollowerState(121)) - f1d6a710-9313-44dc-a005-f0b22c06f92c: shutdown FollowerState
2019-10-20 10:16:37,846 [Thread-206] INFO  impl.RaftServerImpl (RaftServerImpl.java:setRole(184)) - f1d6a710-9313-44dc-a005-f0b22c06f92c@group-CC68B5F19AD3: changes role from  FOLLOWER to CANDIDATE at term 0 for changeToCandidate
2019-10-20 10:16:37,846 [Thread-206] INFO  impl.RoleInfo (RoleInfo.java:updateAndGet(143)) - f1d6a710-9313-44dc-a005-f0b22c06f92c: start LeaderElection
2019-10-20 10:16:37,861 [f1d6a710-9313-44dc-a005-f0b22c06f92c@group-CC68B5F19AD3-LeaderElection4] INFO  impl.LeaderElection (LeaderElection.java:askForVotes(178)) - f1d6a710-9313-44dc-a005-f0b22c06f92c@group-CC68B5F19AD3-LeaderElection4: begin an election at term 1 for -1: [e76b0d72-a5f7-47dd-bc74-8743a5d358b0:192.168.69.89:42489, e534181c-9f5d-4f71-ad0d-cd71b851ae4d:192.168.69.89:44098, f1d6a710-9313-44dc-a005-f0b22c06f92c:192.168.69.89:41254], old=null
2019-10-20 10:16:37,912 [Thread-205] INFO  impl.FollowerState (FollowerState.java:run(108)) - e76b0d72-a5f7-47dd-bc74-8743a5d358b0@group-CC68B5F19AD3-FollowerState: change to CANDIDATE, lastRpcTime:119ms, electionTimeout:96ms
2019-10-20 10:16:37,912 [Thread-205] INFO  impl.RoleInfo (RoleInfo.java:shutdownFollowerState(121)) - e76b0d72-a5f7-47dd-bc74-8743a5d358b0: shutdown FollowerState
2019-10-20 10:16:37,913 [Thread-205] INFO  impl.RaftServerImpl (RaftServerImpl.java:setRole(184)) - e76b0d72-a5f7-47dd-bc74-8743a5d358b0@group-CC68B5F19AD3: changes role from  FOLLOWER to CANDIDATE at term 0 for changeToCandidate
2019-10-20 10:16:37,914 [Thread-205] INFO  impl.RoleInfo (RoleInfo.java:updateAndGet(143)) - e76b0d72-a5f7-47dd-bc74-8743a5d358b0: start LeaderElection
2019-10-20 10:16:37,918 [grpc-default-executor-2] INFO  impl.RaftServerImpl (RaftServerImpl.java:setRole(184)) - e534181c-9f5d-4f71-ad0d-cd71b851ae4d@group-CC68B5F19AD3: changes role from  FOLLOWER to FOLLOWER at term 1 for recognizeCandidate:f1d6a710-9313-44dc-a005-f0b22c06f92c
2019-10-20 10:16:37,918 [grpc-default-executor-2] INFO  impl.RoleInfo (RoleInfo.java:shutdownFollowerState(121)) - e534181c-9f5d-4f71-ad0d-cd71b851ae4d: shutdown FollowerState
2019-10-20 10:16:37,918 [grpc-default-executor-2] INFO  impl.RoleInfo (RoleInfo.java:updateAndGet(143)) - e534181c-9f5d-4f71-ad0d-cd71b851ae4d: start FollowerState
2019-10-20 10:16:37,918 [Thread-207] INFO  impl.FollowerState (FollowerState.java:run(117)) - e534181c-9f5d-4f71-ad0d-cd71b851ae4d@group-CC68B5F19AD3-FollowerState was interrupted: java.lang.InterruptedException: sleep interrupted
2019-10-20 10:16:37,930 [e76b0d72-a5f7-47dd-bc74-8743a5d358b0@group-59F5ABEA8604-SegmentedRaftLogWorker] INFO  segmented.SegmentedRaftLogWorker (SegmentedRaftLogWorker.java:execute(576)) - e76b0d72-a5f7-47dd-bc74-8743a5d358b0@group-59F5ABEA8604-SegmentedRaftLogWorker: created new log segment /workdir/hadoop-ozone/integration-test/target/test-dir/MiniOzoneClusterImpl-2addb35b-a6cc-4f8a-83ea-8293f411ed6d/datanode-2/data/ratis/25bf75da-0313-470e-b3d8-59f5abea8604/current/log_inprogress_0
2019-10-20 10:16:37,930 [f1d6a710-9313-44dc-a005-f0b22c06f92c@group-647D4077CCD1-SegmentedRaftLogWorker] INFO  segmented.SegmentedRaftLogWorker (SegmentedRaftLogWorker.java:execute(576)) - f1d6a710-9313-44dc-a005-f0b22c06f92c@group-647D4077CCD1-SegmentedRaftLogWorker: created new log segment /workdir/hadoop-ozone/integration-test/target/test-dir/MiniOzoneClusterImpl-2addb35b-a6cc-4f8a-83ea-8293f411ed6d/datanode-0/data/ratis/d30b87fa-89cb-46de-800f-647d4077ccd1/current/log_inprogress_0
2019-10-20 10:16:37,930 [e534181c-9f5d-4f71-ad0d-cd71b851ae4d@group-56E652864FA2-SegmentedRaftLogWorker] INFO  segmented.SegmentedRaftLogWorker (SegmentedRaftLogWorker.java:execute(576)) - e534181c-9f5d-4f71-ad0d-cd71b851ae4d@group-56E652864FA2-SegmentedRaftLogWorker: created new log segment /workdir/hadoop-ozone/integration-test/target/test-dir/MiniOzoneClusterImpl-2addb35b-a6cc-4f8a-83ea-8293f411ed6d/datanode-1/data/ratis/da00ce1d-a2cf-4fac-ab4b-56e652864fa2/current/log_inprogress_0
2019-10-20 10:16:37,930 [e76b0d72-a5f7-47dd-bc74-8743a5d358b0@group-CC68B5F19AD3-LeaderElection5] INFO  impl.LeaderElection (LeaderElection.java:askForVotes(178)) - e76b0d72-a5f7-47dd-bc74-8743a5d358b0@group-CC68B5F19AD3-LeaderElection5: begin an election at term 1 for -1: [e76b0d72-a5f7-47dd-bc74-8743a5d358b0:192.168.69.89:42489, e534181c-9f5d-4f71-ad0d-cd71b851ae4d:192.168.69.89:44098, f1d6a710-9313-44dc-a005-f0b22c06f92c:192.168.69.89:41254], old=null
2019-10-20 10:16:37,947 [main] INFO  impl.MetricsSystemImpl (MetricsSystemImpl.java:init(158)) - XceiverClientMetrics metrics system started (again)
2019-10-20 10:16:37,947 [f1d6a710-9313-44dc-a005-f0b22c06f92c@group-CC68B5F19AD3-LeaderElection4] INFO  impl.LeaderElection (LeaderElection.java:logAndReturn(56)) - f1d6a710-9313-44dc-a005-f0b22c06f92c@group-CC68B5F19AD3-LeaderElection4: Election PASSED; received 2 response(s) [f1d6a710-9313-44dc-a005-f0b22c06f92c<-e76b0d72-a5f7-47dd-bc74-8743a5d358b0#0:FAIL-t1, f1d6a710-9313-44dc-a005-f0b22c06f92c<-e534181c-9f5d-4f71-ad0d-cd71b851ae4d#0:OK-t1] and 0 exception(s); f1d6a710-9313-44dc-a005-f0b22c06f92c@group-CC68B5F19AD3:t1, leader=null, voted=f1d6a710-9313-44dc-a005-f0b22c06f92c, raftlog=f1d6a710-9313-44dc-a005-f0b22c06f92c@group-CC68B5F19AD3-SegmentedRaftLog:OPENED:c-1,f-1,i0, conf=-1: [e76b0d72-a5f7-47dd-bc74-8743a5d358b0:192.168.69.89:42489, e534181c-9f5d-4f71-ad0d-cd71b851ae4d:192.168.69.89:44098, f1d6a710-9313-44dc-a005-f0b22c06f92c:192.168.69.89:41254], old=null
2019-10-20 10:16:37,947 [f1d6a710-9313-44dc-a005-f0b22c06f92c@group-CC68B5F19AD3-LeaderElection4] INFO  impl.RoleInfo (RoleInfo.java:shutdownLeaderElection(134)) - f1d6a710-9313-44dc-a005-f0b22c06f92c: shutdown LeaderElection
2019-10-20 10:16:37,948 [f1d6a710-9313-44dc-a005-f0b22c06f92c@group-CC68B5F19AD3-LeaderElection4] INFO  impl.RaftServerImpl (RaftServerImpl.java:setRole(184)) - f1d6a710-9313-44dc-a005-f0b22c06f92c@group-CC68B5F19AD3: changes role from CANDIDATE to LEADER at term 1 for changeToLeader
2019-10-20 10:16:37,948 [f1d6a710-9313-44dc-a005-f0b22c06f92c@group-CC68B5F19AD3-LeaderElection4] INFO  impl.RaftServerImpl (ServerState.java:setLeader(256)) - f1d6a710-9313-44dc-a005-f0b22c06f92c@group-CC68B5F19AD3: change Leader from null to f1d6a710-9313-44dc-a005-f0b22c06f92c at term 1 for becomeLeader, leader elected after 168ms
2019-10-20 10:16:37,948 [f1d6a710-9313-44dc-a005-f0b22c06f92c@group-CC68B5F19AD3-LeaderElection4] INFO  server.RaftServerConfigKeys (ConfUtils.java:logGet(43)) - raft.server.staging.catchup.gap = 1000 (default)
2019-10-20 10:16:37,949 [f1d6a710-9313-44dc-a005-f0b22c06f92c@group-CC68B5F19AD3-LeaderElection4] INFO  server.RaftServerConfigKeys (ConfUtils.java:logGet(43)) - raft.server.rpc.sleep.time = 25ms (default)
2019-10-20 10:16:37,949 [f1d6a710-9313-44dc-a005-f0b22c06f92c@group-CC68B5F19AD3-LeaderElection4] INFO  server.RaftServerConfigKeys (ConfUtils.java:logGet(43)) - raft.server.write.element-limit = 4096 (default)
2019-10-20 10:16:37,949 [f1d6a710-9313-44dc-a005-f0b22c06f92c@group-CC68B5F19AD3-LeaderElection4] INFO  server.RaftServerConfigKeys (ConfUtils.java:logGet(43)) - raft.server.watch.timeout = 10s (default)
2019-10-20 10:16:37,949 [f1d6a710-9313-44dc-a005-f0b22c06f92c@group-CC68B5F19AD3-LeaderElection4] INFO  server.RaftServerConfigKeys (ConfUtils.java:logGet(43)) - raft.server.watch.timeout.denomination = 1s (default)
2019-10-20 10:16:37,949 [f1d6a710-9313-44dc-a005-f0b22c06f92c@group-CC68B5F19AD3-LeaderElection4] INFO  server.RaftServerConfigKeys (ConfUtils.java:logGet(43)) - raft.server.watch.element-limit = 65536 (default)
2019-10-20 10:16:37,957 [f1d6a710-9313-44dc-a005-f0b22c06f92c@group-CC68B5F19AD3-LeaderElection4] INFO  server.RaftServerConfigKeys (ConfUtils.java:logGet(43)) - raft.server.log.appender.snapshot.chunk.size.max = 16MB (=16777216) (default)
2019-10-20 10:16:37,958 [f1d6a710-9313-44dc-a005-f0b22c06f92c@group-CC68B5F19AD3-LeaderElection4] INFO  server.RaftServerConfigKeys (ConfUtils.java:logGet(43)) - raft.server.log.appender.buffer.byte-limit = 33554432 (custom)
2019-10-20 10:16:37,959 [f1d6a710-9313-44dc-a005-f0b22c06f92c@group-CC68B5F19AD3-LeaderElection4] INFO  server.RaftServerConfigKeys (ConfUtils.java:logGet(43)) - raft.server.log.appender.buffer.element-limit = 1 (custom)
2019-10-20 10:16:37,962 [f1d6a710-9313-44dc-a005-f0b22c06f92c@group-CC68B5F19AD3-LeaderElection4] INFO  grpc.GrpcConfigKeys$Server (ConfUtils.java:logGet(43)) - raft.grpc.server.leader.outstanding.appends.max = 128 (default)
2019-10-20 10:16:37,963 [f1d6a710-9313-44dc-a005-f0b22c06f92c@group-CC68B5F19AD3-LeaderElection4] INFO  server.RaftServerConfigKeys (ConfUtils.java:logGet(43)) - raft.server.rpc.request.timeout = 3000ms (default)
2019-10-20 10:16:37,963 [f1d6a710-9313-44dc-a005-f0b22c06f92c@group-CC68B5F19AD3-LeaderElection4] INFO  server.RaftServerConfigKeys (ConfUtils.java:logGet(43)) - raft.server.log.appender.install.snapshot.enabled = false (custom)
2019-10-20 10:16:37,967 [f1d6a710-9313-44dc-a005-f0b22c06f92c@group-CC68B5F19AD3-LeaderElection4] INFO  server.RaftServerConfigKeys (ConfUtils.java:logGet(43)) - raft.server.log.appender.snapshot.chunk.size.max = 16MB (=16777216) (default)
2019-10-20 10:16:37,967 [f1d6a710-9313-44dc-a005-f0b22c06f92c@group-CC68B5F19AD3-LeaderElection4] INFO  server.RaftServerConfigKeys (ConfUtils.java:logGet(43)) - raft.server.log.appender.buffer.byte-limit = 33554432 (custom)
2019-10-20 10:16:37,967 [f1d6a710-9313-44dc-a005-f0b22c06f92c@group-CC68B5F19AD3-LeaderElection4] INFO  server.RaftServerConfigKeys (ConfUtils.java:logGet(43)) - raft.server.log.appender.buffer.element-limit = 1 (custom)
2019-10-20 10:16:37,967 [f1d6a710-9313-44dc-a005-f0b22c06f92c@group-CC68B5F19AD3-LeaderElection4] INFO  grpc.GrpcConfigKeys$Server (ConfUtils.java:logGet(43)) - raft.grpc.server.leader.outstanding.appends.max = 128 (default)
2019-10-20 10:16:37,967 [f1d6a710-9313-44dc-a005-f0b22c06f92c@group-CC68B5F19AD3-LeaderElection4] INFO  server.RaftServerConfigKeys (ConfUtils.java:logGet(43)) - raft.server.rpc.request.timeout = 3000ms (default)
2019-10-20 10:16:37,968 [f1d6a710-9313-44dc-a005-f0b22c06f92c@group-CC68B5F19AD3-LeaderElection4] INFO  server.RaftServerConfigKeys (ConfUtils.java:logGet(43)) - raft.server.log.appender.install.snapshot.enabled = false (custom)
2019-10-20 10:16:37,972 [f1d6a710-9313-44dc-a005-f0b22c06f92c@group-CC68B5F19AD3-LeaderElection4] INFO  impl.RoleInfo (RoleInfo.java:updateAndGet(143)) - f1d6a710-9313-44dc-a005-f0b22c06f92c: start LeaderState
2019-10-20 10:16:37,972 [f1d6a710-9313-44dc-a005-f0b22c06f92c@group-CC68B5F19AD3-LeaderElection4] INFO  segmented.SegmentedRaftLogWorker (SegmentedRaftLogWorker.java:startLogSegment(385)) - f1d6a710-9313-44dc-a005-f0b22c06f92c@group-CC68B5F19AD3-SegmentedRaftLogWorker: Starting segment from index:0
2019-10-20 10:16:37,973 [f1d6a710-9313-44dc-a005-f0b22c06f92c@group-CC68B5F19AD3-LeaderElection4] INFO  impl.RaftServerImpl (ServerState.java:setRaftConf(357)) - f1d6a710-9313-44dc-a005-f0b22c06f92c@group-CC68B5F19AD3: set configuration 0: [e76b0d72-a5f7-47dd-bc74-8743a5d358b0:192.168.69.89:42489, e534181c-9f5d-4f71-ad0d-cd71b851ae4d:192.168.69.89:44098, f1d6a710-9313-44dc-a005-f0b22c06f92c:192.168.69.89:41254], old=null at 0
2019-10-20 10:16:38,002 [grpc-default-executor-2] INFO  impl.RaftServerImpl (RaftServerImpl.java:requestVote(776)) - f1d6a710-9313-44dc-a005-f0b22c06f92c@group-CC68B5F19AD3-   LEADER: Withhold vote from candidate e76b0d72-a5f7-47dd-bc74-8743a5d358b0 with term 1. State: leader=f1d6a710-9313-44dc-a005-f0b22c06f92c, term=1, lastRpcElapsed=null
2019-10-20 10:16:38,002 [e76b0d72-a5f7-47dd-bc74-8743a5d358b0@group-CC68B5F19AD3-LeaderElection5] INFO  impl.LeaderElection (LeaderElection.java:logAndReturn(56)) - e76b0d72-a5f7-47dd-bc74-8743a5d358b0@group-CC68B5F19AD3-LeaderElection5: Election TIMEOUT; received 1 response(s) [e76b0d72-a5f7-47dd-bc74-8743a5d358b0<-e534181c-9f5d-4f71-ad0d-cd71b851ae4d#0:FAIL-t1] and 0 exception(s); e76b0d72-a5f7-47dd-bc74-8743a5d358b0@group-CC68B5F19AD3:t1, leader=null, voted=e76b0d72-a5f7-47dd-bc74-8743a5d358b0, raftlog=e76b0d72-a5f7-47dd-bc74-8743a5d358b0@group-CC68B5F19AD3-SegmentedRaftLog:OPENED:c-1,f-1,i0, conf=-1: [e76b0d72-a5f7-47dd-bc74-8743a5d358b0:192.168.69.89:42489, e534181c-9f5d-4f71-ad0d-cd71b851ae4d:192.168.69.89:44098, f1d6a710-9313-44dc-a005-f0b22c06f92c:192.168.69.89:41254], old=null
2019-10-20 10:16:38,015 [f1d6a710-9313-44dc-a005-f0b22c06f92c@group-CC68B5F19AD3-SegmentedRaftLogWorker] INFO  segmented.SegmentedRaftLogWorker (SegmentedRaftLogWorker.java:execute(576)) - f1d6a710-9313-44dc-a005-f0b22c06f92c@group-CC68B5F19AD3-SegmentedRaftLogWorker: created new log segment /workdir/hadoop-ozone/integration-test/target/test-dir/MiniOzoneClusterImpl-2addb35b-a6cc-4f8a-83ea-8293f411ed6d/datanode-0/data/ratis/119175b0-5d21-4334-a09f-cc68b5f19ad3/current/log_inprogress_0
2019-10-20 10:16:38,015 [e76b0d72-a5f7-47dd-bc74-8743a5d358b0@group-CC68B5F19AD3-LeaderElection5] INFO  impl.LeaderElection (LeaderElection.java:askForVotes(178)) - e76b0d72-a5f7-47dd-bc74-8743a5d358b0@group-CC68B5F19AD3-LeaderElection5: begin an election at term 2 for -1: [e76b0d72-a5f7-47dd-bc74-8743a5d358b0:192.168.69.89:42489, e534181c-9f5d-4f71-ad0d-cd71b851ae4d:192.168.69.89:44098, f1d6a710-9313-44dc-a005-f0b22c06f92c:192.168.69.89:41254], old=null
2019-10-20 10:16:38,020 [grpc-default-executor-0] INFO  impl.RaftServerImpl (ServerState.java:setLeader(256)) - f1d6a710-9313-44dc-a005-f0b22c06f92c@group-CC68B5F19AD3: change Leader from f1d6a710-9313-44dc-a005-f0b22c06f92c to null at term 2 for updateCurrentTerm
2019-10-20 10:16:38,020 [grpc-default-executor-0] INFO  impl.RaftServerImpl (RaftServerImpl.java:setRole(184)) - f1d6a710-9313-44dc-a005-f0b22c06f92c@group-CC68B5F19AD3: changes role from    LEADER to FOLLOWER at term 2 for recognizeCandidate:e76b0d72-a5f7-47dd-bc74-8743a5d358b0
2019-10-20 10:16:38,021 [grpc-default-executor-0] INFO  impl.RoleInfo (RoleInfo.java:shutdownLeaderState(104)) - f1d6a710-9313-44dc-a005-f0b22c06f92c: shutdown LeaderState
2019-10-20 10:16:38,024 [org.apache.ratis.server.impl.LogAppender$AppenderDaemon$$Lambda$519/704982479@3d8f85c7] WARN  server.GrpcLogAppender (GrpcLogAppender.java:mayWait(149)) - f1d6a710-9313-44dc-a005-f0b22c06f92c@group-CC68B5F19AD3->e534181c-9f5d-4f71-ad0d-cd71b851ae4d-GrpcLogAppender: Wait interrupted by java.lang.InterruptedException
2019-10-20 10:16:38,024 [org.apache.ratis.server.impl.LogAppender$AppenderDaemon$$Lambda$519/704982479@5dda0a93] WARN  server.GrpcLogAppender (GrpcLogAppender.java:mayWait(149)) - f1d6a710-9313-44dc-a005-f0b22c06f92c@group-CC68B5F19AD3->e76b0d72-a5f7-47dd-bc74-8743a5d358b0-GrpcLogAppender: Wait interrupted by java.lang.InterruptedException
2019-10-20 10:16:38,028 [grpc-default-executor-4] INFO  impl.RaftServerImpl (RaftServerImpl.java:setRole(184)) - e534181c-9f5d-4f71-ad0d-cd71b851ae4d@group-CC68B5F19AD3: changes role from  FOLLOWER to FOLLOWER at term 2 for recognizeCandidate:e76b0d72-a5f7-47dd-bc74-8743a5d358b0
2019-10-20 10:16:38,028 [grpc-default-executor-4] INFO  impl.RoleInfo (RoleInfo.java:shutdownFollowerState(121)) - e534181c-9f5d-4f71-ad0d-cd71b851ae4d: shutdown FollowerState
2019-10-20 10:16:38,030 [grpc-default-executor-4] INFO  impl.RoleInfo (RoleInfo.java:updateAndGet(143)) - e534181c-9f5d-4f71-ad0d-cd71b851ae4d: start FollowerState
2019-10-20 10:16:38,030 [Thread-219] INFO  impl.FollowerState (FollowerState.java:run(117)) - e534181c-9f5d-4f71-ad0d-cd71b851ae4d@group-CC68B5F19AD3-FollowerState was interrupted: java.lang.InterruptedException: sleep interrupted
2019-10-20 10:16:38,030 [grpc-default-executor-0] INFO  impl.PendingRequests (PendingRequests.java:sendNotLeaderResponses(202)) - f1d6a710-9313-44dc-a005-f0b22c06f92c@group-CC68B5F19AD3-PendingRequests: sendNotLeaderResponses
2019-10-20 10:16:38,033 [grpc-default-executor-0] INFO  impl.RoleInfo (RoleInfo.java:updateAndGet(143)) - f1d6a710-9313-44dc-a005-f0b22c06f92c: start FollowerState
2019-10-20 10:16:38,040 [grpc-default-executor-1] INFO  server.GrpcServerProtocolService (GrpcServerProtocolService.java:onCompleted(113)) - e76b0d72-a5f7-47dd-bc74-8743a5d358b0: Completed APPEND_ENTRIES, lastRequest: f1d6a710-9313-44dc-a005-f0b22c06f92c->e76b0d72-a5f7-47dd-bc74-8743a5d358b0#0-t1, previous=(t:0, i:0), leaderCommit=-1, initializing? false, entries: <empty>
2019-10-20 10:16:38,042 [grpc-default-executor-2] INFO  server.GrpcServerProtocolService (GrpcServerProtocolService.java:onCompleted(113)) - e534181c-9f5d-4f71-ad0d-cd71b851ae4d: Completed APPEND_ENTRIES, lastRequest: f1d6a710-9313-44dc-a005-f0b22c06f92c->e534181c-9f5d-4f71-ad0d-cd71b851ae4d#0-t1, previous=(t:0, i:0), leaderCommit=-1, initializing? false, entries: <empty>
2019-10-20 10:16:38,044 [grpc-default-executor-3] INFO  server.GrpcLogAppender (GrpcLogAppender.java:onCompleted(308)) - f1d6a710-9313-44dc-a005-f0b22c06f92c@group-CC68B5F19AD3->e76b0d72-a5f7-47dd-bc74-8743a5d358b0-AppendLogResponseHandler: follower responses appendEntries COMPLETED
2019-10-20 10:16:38,049 [e76b0d72-a5f7-47dd-bc74-8743a5d358b0@group-CC68B5F19AD3-LeaderElection5] INFO  impl.LeaderElection (LeaderElection.java:logAndReturn(56)) - e76b0d72-a5f7-47dd-bc74-8743a5d358b0@group-CC68B5F19AD3-LeaderElection5: Election PASSED; received 1 response(s) [e76b0d72-a5f7-47dd-bc74-8743a5d358b0<-e534181c-9f5d-4f71-ad0d-cd71b851ae4d#0:OK-t2] and 0 exception(s); e76b0d72-a5f7-47dd-bc74-8743a5d358b0@group-CC68B5F19AD3:t2, leader=null, voted=e76b0d72-a5f7-47dd-bc74-8743a5d358b0, raftlog=e76b0d72-a5f7-47dd-bc74-8743a5d358b0@group-CC68B5F19AD3-SegmentedRaftLog:OPENED:c-1,f-1,i0, conf=-1: [e76b0d72-a5f7-47dd-bc74-8743a5d358b0:192.168.69.89:42489, e534181c-9f5d-4f71-ad0d-cd71b851ae4d:192.168.69.89:44098, f1d6a710-9313-44dc-a005-f0b22c06f92c:192.168.69.89:41254], old=null
2019-10-20 10:16:38,050 [e76b0d72-a5f7-47dd-bc74-8743a5d358b0@group-CC68B5F19AD3-LeaderElection5] INFO  impl.RoleInfo (RoleInfo.java:shutdownLeaderElection(134)) - e76b0d72-a5f7-47dd-bc74-8743a5d358b0: shutdown LeaderElection
2019-10-20 10:16:38,051 [e76b0d72-a5f7-47dd-bc74-8743a5d358b0@group-CC68B5F19AD3-LeaderElection5] INFO  impl.RaftServerImpl (RaftServerImpl.java:setRole(184)) - e76b0d72-a5f7-47dd-bc74-8743a5d358b0@group-CC68B5F19AD3: changes role from CANDIDATE to LEADER at term 2 for changeToLeader
2019-10-20 10:16:38,051 [grpc-default-executor-0] INFO  server.GrpcLogAppender (GrpcLogAppender.java:onCompleted(308)) - f1d6a710-9313-44dc-a005-f0b22c06f92c@group-CC68B5F19AD3->e534181c-9f5d-4f71-ad0d-cd71b851ae4d-AppendLogResponseHandler: follower responses appendEntries COMPLETED
2019-10-20 10:16:38,052 [grpc-default-executor-3] INFO  impl.FollowerInfo (FollowerInfo.java:lambda$new$0(51)) - f1d6a710-9313-44dc-a005-f0b22c06f92c@group-CC68B5F19AD3->e76b0d72-a5f7-47dd-bc74-8743a5d358b0: nextIndex: updateUnconditionally 0 -> 0
2019-10-20 10:16:38,051 [e76b0d72-a5f7-47dd-bc74-8743a5d358b0@group-CC68B5F19AD3-LeaderElection5] INFO  impl.RaftServerImpl (ServerState.java:setLeader(256)) - e76b0d72-a5f7-47dd-bc74-8743a5d358b0@group-CC68B5F19AD3: change Leader from null to e76b0d72-a5f7-47dd-bc74-8743a5d358b0 at term 2 for becomeLeader, leader elected after 270ms
2019-10-20 10:16:38,055 [e76b0d72-a5f7-47dd-bc74-8743a5d358b0@group-CC68B5F19AD3-LeaderElection5] INFO  server.RaftServerConfigKeys (ConfUtils.java:logGet(43)) - raft.server.staging.catchup.gap = 1000 (default)
2019-10-20 10:16:38,055 [e76b0d72-a5f7-47dd-bc74-8743a5d358b0@group-CC68B5F19AD3-LeaderElection5] INFO  server.RaftServerConfigKeys (ConfUtils.java:logGet(43)) - raft.server.rpc.sleep.time = 25ms (default)
2019-10-20 10:16:38,056 [grpc-default-executor-0] INFO  impl.FollowerInfo (FollowerInfo.java:lambda$new$0(51)) - f1d6a710-9313-44dc-a005-f0b22c06f92c@group-CC68B5F19AD3->e534181c-9f5d-4f71-ad0d-cd71b851ae4d: nextIndex: updateUnconditionally 0 -> 0
2019-10-20 10:16:38,056 [e76b0d72-a5f7-47dd-bc74-8743a5d358b0@group-CC68B5F19AD3-LeaderElection5] INFO  server.RaftServerConfigKeys (ConfUtils.java:logGet(43)) - raft.server.write.element-limit = 4096 (default)
2019-10-20 10:16:38,056 [e76b0d72-a5f7-47dd-bc74-8743a5d358b0@group-CC68B5F19AD3-LeaderElection5] INFO  server.RaftServerConfigKeys (ConfUtils.java:logGet(43)) - raft.server.watch.timeout = 10s (default)
2019-10-20 10:16:38,057 [e76b0d72-a5f7-47dd-bc74-8743a5d358b0@group-CC68B5F19AD3-LeaderElection5] INFO  server.RaftServerConfigKeys (ConfUtils.java:logGet(43)) - raft.server.watch.timeout.denomination = 1s (default)
2019-10-20 10:16:38,057 [e76b0d72-a5f7-47dd-bc74-8743a5d358b0@group-CC68B5F19AD3-LeaderElection5] INFO  server.RaftServerConfigKeys (ConfUtils.java:logGet(43)) - raft.server.watch.element-limit = 65536 (default)
2019-10-20 10:16:38,060 [e76b0d72-a5f7-47dd-bc74-8743a5d358b0@group-CC68B5F19AD3-LeaderElection5] INFO  server.RaftServerConfigKeys (ConfUtils.java:logGet(43)) - raft.server.log.appender.snapshot.chunk.size.max = 16MB (=16777216) (default)
2019-10-20 10:16:38,060 [e76b0d72-a5f7-47dd-bc74-8743a5d358b0@group-CC68B5F19AD3-LeaderElection5] INFO  server.RaftServerConfigKeys (ConfUtils.java:logGet(43)) - raft.server.log.appender.buffer.byte-limit = 33554432 (custom)
2019-10-20 10:16:38,060 [e76b0d72-a5f7-47dd-bc74-8743a5d358b0@group-CC68B5F19AD3-LeaderElection5] INFO  server.RaftServerConfigKeys (ConfUtils.java:logGet(43)) - raft.server.log.appender.buffer.element-limit = 1 (custom)
2019-10-20 10:16:38,060 [e76b0d72-a5f7-47dd-bc74-8743a5d358b0@group-CC68B5F19AD3-LeaderElection5] INFO  grpc.GrpcConfigKeys$Server (ConfUtils.java:logGet(43)) - raft.grpc.server.leader.outstanding.appends.max = 128 (default)
2019-10-20 10:16:38,060 [e76b0d72-a5f7-47dd-bc74-8743a5d358b0@group-CC68B5F19AD3-LeaderElection5] INFO  server.RaftServerConfigKeys (ConfUtils.java:logGet(43)) - raft.server.rpc.request.timeout = 3000ms (default)
2019-10-20 10:16:38,061 [e76b0d72-a5f7-47dd-bc74-8743a5d358b0@group-CC68B5F19AD3-LeaderElection5] INFO  server.RaftServerConfigKeys (ConfUtils.java:logGet(43)) - raft.server.log.appender.install.snapshot.enabled = false (custom)
2019-10-20 10:16:38,063 [e76b0d72-a5f7-47dd-bc74-8743a5d358b0@group-CC68B5F19AD3-LeaderElection5] INFO  server.RaftServerConfigKeys (ConfUtils.java:logGet(43)) - raft.server.log.appender.snapshot.chunk.size.max = 16MB (=16777216) (default)
2019-10-20 10:16:38,063 [e76b0d72-a5f7-47dd-bc74-8743a5d358b0@group-CC68B5F19AD3-LeaderElection5] INFO  server.RaftServerConfigKeys (ConfUtils.java:logGet(43)) - raft.server.log.appender.buffer.byte-limit = 33554432 (custom)
2019-10-20 10:16:38,064 [e76b0d72-a5f7-47dd-bc74-8743a5d358b0@group-CC68B5F19AD3-LeaderElection5] INFO  server.RaftServerConfigKeys (ConfUtils.java:logGet(43)) - raft.server.log.appender.buffer.element-limit = 1 (custom)
2019-10-20 10:16:38,064 [e76b0d72-a5f7-47dd-bc74-8743a5d358b0@group-CC68B5F19AD3-LeaderElection5] INFO  grpc.GrpcConfigKeys$Server (ConfUtils.java:logGet(43)) - raft.grpc.server.leader.outstanding.appends.max = 128 (default)
2019-10-20 10:16:38,064 [e76b0d72-a5f7-47dd-bc74-8743a5d358b0@group-CC68B5F19AD3-LeaderElection5] INFO  server.RaftServerConfigKeys (ConfUtils.java:logGet(43)) - raft.server.rpc.request.timeout = 3000ms (default)
2019-10-20 10:16:38,064 [e76b0d72-a5f7-47dd-bc74-8743a5d358b0@group-CC68B5F19AD3-LeaderElection5] INFO  server.RaftServerConfigKeys (ConfUtils.java:logGet(43)) - raft.server.log.appender.install.snapshot.enabled = false (custom)
2019-10-20 10:16:38,067 [e76b0d72-a5f7-47dd-bc74-8743a5d358b0@group-CC68B5F19AD3-LeaderElection5] INFO  impl.RoleInfo (RoleInfo.java:updateAndGet(143)) - e76b0d72-a5f7-47dd-bc74-8743a5d358b0: start LeaderState
2019-10-20 10:16:38,067 [e76b0d72-a5f7-47dd-bc74-8743a5d358b0@group-CC68B5F19AD3-LeaderElection5] INFO  segmented.SegmentedRaftLogWorker (SegmentedRaftLogWorker.java:startLogSegment(385)) - e76b0d72-a5f7-47dd-bc74-8743a5d358b0@group-CC68B5F19AD3-SegmentedRaftLogWorker: Starting segment from index:0
2019-10-20 10:16:38,068 [e76b0d72-a5f7-47dd-bc74-8743a5d358b0@group-CC68B5F19AD3-LeaderElection5] INFO  impl.RaftServerImpl (ServerState.java:setRaftConf(357)) - e76b0d72-a5f7-47dd-bc74-8743a5d358b0@group-CC68B5F19AD3: set configuration 0: [e76b0d72-a5f7-47dd-bc74-8743a5d358b0:192.168.69.89:42489, e534181c-9f5d-4f71-ad0d-cd71b851ae4d:192.168.69.89:44098, f1d6a710-9313-44dc-a005-f0b22c06f92c:192.168.69.89:41254], old=null at 0
2019-10-20 10:16:38,098 [grpc-default-executor-0] INFO  impl.RaftServerImpl (ServerState.java:setLeader(256)) - e534181c-9f5d-4f71-ad0d-cd71b851ae4d@group-CC68B5F19AD3: change Leader from null to e76b0d72-a5f7-47dd-bc74-8743a5d358b0 at term 2 for appendEntries, leader elected after 317ms
2019-10-20 10:16:38,102 [grpc-default-executor-3] INFO  impl.RaftServerImpl (ServerState.java:setLeader(256)) - f1d6a710-9313-44dc-a005-f0b22c06f92c@group-CC68B5F19AD3: change Leader from null to e76b0d72-a5f7-47dd-bc74-8743a5d358b0 at term 2 for appendEntries, leader elected after 81ms
2019-10-20 10:16:38,106 [e76b0d72-a5f7-47dd-bc74-8743a5d358b0@group-CC68B5F19AD3-SegmentedRaftLogWorker] INFO  segmented.SegmentedRaftLogWorker (SegmentedRaftLogWorker.java:execute(576)) - e76b0d72-a5f7-47dd-bc74-8743a5d358b0@group-CC68B5F19AD3-SegmentedRaftLogWorker: created new log segment /workdir/hadoop-ozone/integration-test/target/test-dir/MiniOzoneClusterImpl-2addb35b-a6cc-4f8a-83ea-8293f411ed6d/datanode-2/data/ratis/119175b0-5d21-4334-a09f-cc68b5f19ad3/current/log_inprogress_0
2019-10-20 10:16:38,121 [grpc-default-executor-0] INFO  impl.RaftServerImpl (ServerState.java:setRaftConf(357)) - e534181c-9f5d-4f71-ad0d-cd71b851ae4d@group-CC68B5F19AD3: set configuration 0: [e76b0d72-a5f7-47dd-bc74-8743a5d358b0:192.168.69.89:42489, e534181c-9f5d-4f71-ad0d-cd71b851ae4d:192.168.69.89:44098, f1d6a710-9313-44dc-a005-f0b22c06f92c:192.168.69.89:41254], old=null at 0
2019-10-20 10:16:38,121 [grpc-default-executor-4] INFO  impl.RaftServerImpl (ServerState.java:setRaftConf(357)) - f1d6a710-9313-44dc-a005-f0b22c06f92c@group-CC68B5F19AD3: set configuration 0: [e76b0d72-a5f7-47dd-bc74-8743a5d358b0:192.168.69.89:42489, e534181c-9f5d-4f71-ad0d-cd71b851ae4d:192.168.69.89:44098, f1d6a710-9313-44dc-a005-f0b22c06f92c:192.168.69.89:41254], old=null at 0
2019-10-20 10:16:38,121 [grpc-default-executor-0] INFO  segmented.SegmentedRaftLogWorker (SegmentedRaftLogWorker.java:startLogSegment(385)) - e534181c-9f5d-4f71-ad0d-cd71b851ae4d@group-CC68B5F19AD3-SegmentedRaftLogWorker: Starting segment from index:0
2019-10-20 10:16:38,152 [grpc-default-executor-4] INFO  segmented.SegmentedRaftLogWorker (SegmentedRaftLogWorker.java:truncate(401)) - f1d6a710-9313-44dc-a005-f0b22c06f92c@group-CC68B5F19AD3-SegmentedRaftLogWorker: Truncating segments toTruncate: null
  toDelete: [(0, 0) isOpen? true, length=0, newEndIndex=-1], start index 0
2019-10-20 10:16:38,153 [grpc-default-executor-4] INFO  segmented.SegmentedRaftLogWorker (SegmentedRaftLogWorker.java:startLogSegment(385)) - f1d6a710-9313-44dc-a005-f0b22c06f92c@group-CC68B5F19AD3-SegmentedRaftLogWorker: Starting segment from index:0
2019-10-20 10:16:38,155 [f1d6a710-9313-44dc-a005-f0b22c06f92c@group-CC68B5F19AD3-SegmentedRaftLogWorker] INFO  segmented.SegmentedRaftLogWorker (SegmentedRaftLogWorker.java:execute(640)) - f1d6a710-9313-44dc-a005-f0b22c06f92c@group-CC68B5F19AD3-SegmentedRaftLogWorker: Deleted log file /workdir/hadoop-ozone/integration-test/target/test-dir/MiniOzoneClusterImpl-2addb35b-a6cc-4f8a-83ea-8293f411ed6d/datanode-0/data/ratis/119175b0-5d21-4334-a09f-cc68b5f19ad3/current/log_inprogress_0
2019-10-20 10:16:38,156 [f1d6a710-9313-44dc-a005-f0b22c06f92c@group-CC68B5F19AD3-SegmentedRaftLogWorker] INFO  segmented.SegmentedRaftLogWorker (SegmentedRaftLogWorker.java:lambda$new$0(128)) - f1d6a710-9313-44dc-a005-f0b22c06f92c@group-CC68B5F19AD3-SegmentedRaftLogWorker: flushIndex: setUnconditionally 0 -> -1
2019-10-20 10:16:38,182 [e534181c-9f5d-4f71-ad0d-cd71b851ae4d@group-CC68B5F19AD3-SegmentedRaftLogWorker] INFO  segmented.SegmentedRaftLogWorker (SegmentedRaftLogWorker.java:execute(576)) - e534181c-9f5d-4f71-ad0d-cd71b851ae4d@group-CC68B5F19AD3-SegmentedRaftLogWorker: created new log segment /workdir/hadoop-ozone/integration-test/target/test-dir/MiniOzoneClusterImpl-2addb35b-a6cc-4f8a-83ea-8293f411ed6d/datanode-1/data/ratis/119175b0-5d21-4334-a09f-cc68b5f19ad3/current/log_inprogress_0
2019-10-20 10:16:38,197 [f1d6a710-9313-44dc-a005-f0b22c06f92c@group-CC68B5F19AD3-SegmentedRaftLogWorker] INFO  segmented.SegmentedRaftLogWorker (SegmentedRaftLogWorker.java:execute(576)) - f1d6a710-9313-44dc-a005-f0b22c06f92c@group-CC68B5F19AD3-SegmentedRaftLogWorker: created new log segment /workdir/hadoop-ozone/integration-test/target/test-dir/MiniOzoneClusterImpl-2addb35b-a6cc-4f8a-83ea-8293f411ed6d/datanode-0/data/ratis/119175b0-5d21-4334-a09f-cc68b5f19ad3/current/log_inprogress_0
2019-10-20 10:16:38,527 [Datanode State Machine Thread - 0] INFO  statemachine.DatanodeStateMachine (DatanodeStateMachine.java:lambda$startDaemon$0(350)) - Ozone container server started.
2019-10-20 10:16:39,587 [Thread-181] INFO  container.ReplicationManager (ReplicationManager.java:start(162)) - Starting Replication Monitor Thread.
2019-10-20 10:16:39,589 [ReplicationMonitor] INFO  container.ReplicationManager (ReplicationManager.java:run(225)) - Replication Monitor Thread took 0 milliseconds for processing 1 containers.
2019-10-20 10:16:43,502 [main] INFO  ozoneimpl.OzoneContainer (OzoneContainer.java:stop(227)) - Attempting to stop container services.
2019-10-20 10:16:43,502 [main] INFO  impl.RaftServerProxy (RaftServerProxy.java:lambda$close$4(314)) - e534181c-9f5d-4f71-ad0d-cd71b851ae4d: close
2019-10-20 10:16:43,504 [main] INFO  impl.RaftServerImpl (RaftServerImpl.java:lambda$shutdown$3(261)) - e534181c-9f5d-4f71-ad0d-cd71b851ae4d@group-CC68B5F19AD3: shutdown
2019-10-20 10:16:43,504 [main] INFO  util.JmxRegister (JmxRegister.java:unregister(73)) - Successfully un-registered JMX Bean with object name Ratis:service=RaftServer,group=group-CC68B5F19AD3,id=e534181c-9f5d-4f71-ad0d-cd71b851ae4d
2019-10-20 10:16:43,504 [main] INFO  impl.RoleInfo (RoleInfo.java:shutdownFollowerState(121)) - e534181c-9f5d-4f71-ad0d-cd71b851ae4d: shutdown FollowerState
2019-10-20 10:16:43,504 [main] INFO  impl.StateMachineUpdater (StateMachineUpdater.java:stopAndJoin(136)) - e534181c-9f5d-4f71-ad0d-cd71b851ae4d@group-CC68B5F19AD3-StateMachineUpdater: set stopIndex = 4
2019-10-20 10:16:43,504 [Thread-229] INFO  impl.FollowerState (FollowerState.java:run(117)) - e534181c-9f5d-4f71-ad0d-cd71b851ae4d@group-CC68B5F19AD3-FollowerState was interrupted: java.lang.InterruptedException: sleep interrupted
2019-10-20 10:16:43,504 [e534181c-9f5d-4f71-ad0d-cd71b851ae4d@group-CC68B5F19AD3-StateMachineUpdater] INFO  ratis.ContainerStateMachine (ContainerStateMachine.java:takeSnapshot(294)) - group-CC68B5F19AD3: Taking a snapshot at:(t:2, i:3) file /workdir/hadoop-ozone/integration-test/target/test-dir/MiniOzoneClusterImpl-2addb35b-a6cc-4f8a-83ea-8293f411ed6d/datanode-1/data/ratis/119175b0-5d21-4334-a09f-cc68b5f19ad3/sm/snapshot.2_3
2019-10-20 10:16:43,590 [e534181c-9f5d-4f71-ad0d-cd71b851ae4d@group-CC68B5F19AD3-StateMachineUpdater] INFO  ratis.ContainerStateMachine (ContainerStateMachine.java:takeSnapshot(305)) - group-CC68B5F19AD3: Finished taking a snapshot at:(t:2, i:3) file:/workdir/hadoop-ozone/integration-test/target/test-dir/MiniOzoneClusterImpl-2addb35b-a6cc-4f8a-83ea-8293f411ed6d/datanode-1/data/ratis/119175b0-5d21-4334-a09f-cc68b5f19ad3/sm/snapshot.2_3 time:86
2019-10-20 10:16:43,591 [e534181c-9f5d-4f71-ad0d-cd71b851ae4d@group-CC68B5F19AD3-StateMachineUpdater] INFO  impl.StateMachineUpdater (StateMachineUpdater.java:takeSnapshot(269)) - e534181c-9f5d-4f71-ad0d-cd71b851ae4d@group-CC68B5F19AD3-StateMachineUpdater: Took a snapshot at index 3
2019-10-20 10:16:43,593 [e534181c-9f5d-4f71-ad0d-cd71b851ae4d@group-CC68B5F19AD3-StateMachineUpdater] INFO  impl.StateMachineUpdater (StateMachineUpdater.java:lambda$new$0(84)) - e534181c-9f5d-4f71-ad0d-cd71b851ae4d@group-CC68B5F19AD3-StateMachineUpdater: snapshotIndex: updateIncreasingly -1 -> 3
2019-10-20 10:16:43,595 [e534181c-9f5d-4f71-ad0d-cd71b851ae4d@group-CC68B5F19AD3-StateMachineUpdater] INFO  ratis.ContainerStateMachine (ContainerStateMachine.java:takeSnapshot(294)) - group-CC68B5F19AD3: Taking a snapshot at:(t:2, i:3) file /workdir/hadoop-ozone/integration-test/target/test-dir/MiniOzoneClusterImpl-2addb35b-a6cc-4f8a-83ea-8293f411ed6d/datanode-1/data/ratis/119175b0-5d21-4334-a09f-cc68b5f19ad3/sm/snapshot.2_3
2019-10-20 10:16:43,608 [e534181c-9f5d-4f71-ad0d-cd71b851ae4d@group-CC68B5F19AD3-StateMachineUpdater] INFO  ratis.ContainerStateMachine (ContainerStateMachine.java:takeSnapshot(305)) - group-CC68B5F19AD3: Finished taking a snapshot at:(t:2, i:3) file:/workdir/hadoop-ozone/integration-test/target/test-dir/MiniOzoneClusterImpl-2addb35b-a6cc-4f8a-83ea-8293f411ed6d/datanode-1/data/ratis/119175b0-5d21-4334-a09f-cc68b5f19ad3/sm/snapshot.2_3 time:12
2019-10-20 10:16:43,608 [e534181c-9f5d-4f71-ad0d-cd71b851ae4d@group-CC68B5F19AD3-StateMachineUpdater] INFO  impl.StateMachineUpdater (StateMachineUpdater.java:takeSnapshot(269)) - e534181c-9f5d-4f71-ad0d-cd71b851ae4d@group-CC68B5F19AD3-StateMachineUpdater: Took a snapshot at index 3
2019-10-20 10:16:43,608 [e534181c-9f5d-4f71-ad0d-cd71b851ae4d@group-CC68B5F19AD3-StateMachineUpdater] INFO  impl.StateMachineUpdater (StateMachineUpdater.java:lambda$new$0(84)) - e534181c-9f5d-4f71-ad0d-cd71b851ae4d@group-CC68B5F19AD3-StateMachineUpdater: snapshotIndex: updateIncreasingly 3 -> 3
2019-10-20 10:16:43,609 [main] INFO  impl.RaftServerImpl (ServerState.java:close(388)) - e534181c-9f5d-4f71-ad0d-cd71b851ae4d@group-CC68B5F19AD3: closes. applyIndex: 4
2019-10-20 10:16:43,610 [e534181c-9f5d-4f71-ad0d-cd71b851ae4d@group-CC68B5F19AD3-SegmentedRaftLogWorker] INFO  segmented.SegmentedRaftLogWorker (SegmentedRaftLogWorker.java:run(316)) - e534181c-9f5d-4f71-ad0d-cd71b851ae4d@group-CC68B5F19AD3-SegmentedRaftLogWorker was interrupted, exiting. There are 0 tasks remaining in the queue.
2019-10-20 10:16:43,611 [main] INFO  segmented.SegmentedRaftLogWorker (SegmentedRaftLogWorker.java:close(224)) - e534181c-9f5d-4f71-ad0d-cd71b851ae4d@group-CC68B5F19AD3-SegmentedRaftLogWorker close()
2019-10-20 10:16:43,613 [main] INFO  impl.RaftServerImpl (RaftServerImpl.java:lambda$shutdown$3(261)) - e534181c-9f5d-4f71-ad0d-cd71b851ae4d@group-56E652864FA2: shutdown
2019-10-20 10:16:43,613 [main] INFO  util.JmxRegister (JmxRegister.java:unregister(73)) - Successfully un-registered JMX Bean with object name Ratis:service=RaftServer,group=group-56E652864FA2,id=e534181c-9f5d-4f71-ad0d-cd71b851ae4d
2019-10-20 10:16:43,614 [main] INFO  impl.RoleInfo (RoleInfo.java:shutdownLeaderState(104)) - e534181c-9f5d-4f71-ad0d-cd71b851ae4d: shutdown LeaderState
2019-10-20 10:16:43,614 [main] INFO  impl.PendingRequests (PendingRequests.java:sendNotLeaderResponses(202)) - e534181c-9f5d-4f71-ad0d-cd71b851ae4d@group-56E652864FA2-PendingRequests: sendNotLeaderResponses
2019-10-20 10:16:43,615 [main] INFO  impl.StateMachineUpdater (StateMachineUpdater.java:stopAndJoin(136)) - e534181c-9f5d-4f71-ad0d-cd71b851ae4d@group-56E652864FA2-StateMachineUpdater: set stopIndex = 0
2019-10-20 10:16:43,616 [main] INFO  impl.RaftServerImpl (ServerState.java:close(388)) - e534181c-9f5d-4f71-ad0d-cd71b851ae4d@group-56E652864FA2: closes. applyIndex: 0
2019-10-20 10:16:43,616 [e534181c-9f5d-4f71-ad0d-cd71b851ae4d@group-56E652864FA2-SegmentedRaftLogWorker] INFO  segmented.SegmentedRaftLogWorker (SegmentedRaftLogWorker.java:run(316)) - e534181c-9f5d-4f71-ad0d-cd71b851ae4d@group-56E652864FA2-SegmentedRaftLogWorker was interrupted, exiting. There are 0 tasks remaining in the queue.
2019-10-20 10:16:43,618 [main] INFO  segmented.SegmentedRaftLogWorker (SegmentedRaftLogWorker.java:close(224)) - e534181c-9f5d-4f71-ad0d-cd71b851ae4d@group-56E652864FA2-SegmentedRaftLogWorker close()
2019-10-20 10:16:43,620 [main] INFO  server.GrpcService (GrpcService.java:closeImpl(164)) - e534181c-9f5d-4f71-ad0d-cd71b851ae4d: shutdown server with port 44098 now
2019-10-20 10:16:43,625 [grpc-default-executor-4] WARN  server.GrpcServerProtocolService (LogUtils.java:warn(134)) - e534181c-9f5d-4f71-ad0d-cd71b851ae4d: installSnapshot onError, lastRequest: e76b0d72-a5f7-47dd-bc74-8743a5d358b0->e534181c-9f5d-4f71-ad0d-cd71b851ae4d#7-t2, previous=(t:2, i:4), leaderCommit=4, initializing? false, entries: <empty>: org.apache.ratis.thirdparty.io.grpc.StatusRuntimeException: CANCELLED: cancelled before receiving half close
2019-10-20 10:16:43,625 [main] INFO  server.GrpcService (GrpcService.java:closeImpl(172)) - e534181c-9f5d-4f71-ad0d-cd71b851ae4d: shutdown server with port 44098 successfully
2019-10-20 10:16:43,627 [refreshUsed-/workdir/hadoop-ozone/integration-test/target/test-dir/MiniOzoneClusterImpl-2addb35b-a6cc-4f8a-83ea-8293f411ed6d/datanode-1/data/containers] WARN  fs.CachingGetSpaceUsed (CachingGetSpaceUsed.java:run(183)) - Thread Interrupted waiting to refresh disk information: sleep interrupted
2019-10-20 10:16:43,631 [grpc-default-executor-3] WARN  server.GrpcLogAppender (LogUtils.java:warn(134)) - e76b0d72-a5f7-47dd-bc74-8743a5d358b0@group-CC68B5F19AD3->e534181c-9f5d-4f71-ad0d-cd71b851ae4d-AppendLogResponseHandler: Failed appendEntries: org.apache.ratis.thirdparty.io.grpc.StatusRuntimeException: CANCELLED: HTTP/2 error code: CANCEL
Received Rst Stream
2019-10-20 10:16:43,641 [main] INFO  utils.BackgroundService (BackgroundService.java:shutdown(151)) - Shutting down service BlockDeletingService
2019-10-20 10:16:43,644 [main] INFO  statemachine.DatanodeStateMachine (DatanodeStateMachine.java:stopDaemon(395)) - Ozone container server stopped.
2019-10-20 10:16:43,647 [main] INFO  handler.ContextHandler (ContextHandler.java:doStop(910)) - Stopped o.e.j.w.WebAppContext@5c77ba8f{/,null,UNAVAILABLE}{/hddsDatanode}
2019-10-20 10:16:43,651 [main] INFO  server.AbstractConnector (AbstractConnector.java:doStop(318)) - Stopped ServerConnector@660f0c{HTTP/1.1,[http/1.1]}{0.0.0.0:0}
2019-10-20 10:16:43,652 [main] INFO  handler.ContextHandler (ContextHandler.java:doStop(910)) - Stopped o.e.j.s.ServletContextHandler@5e65afb6{/static,jar:file:/home/user/.m2/repository/org/apache/hadoop/hadoop-hdds-container-service/0.5.0-SNAPSHOT/hadoop-hdds-container-service-0.5.0-SNAPSHOT.jar!/webapps/static,UNAVAILABLE}
2019-10-20 10:16:43,652 [main] INFO  handler.ContextHandler (ContextHandler.java:doStop(910)) - Stopped o.e.j.s.ServletContextHandler@6a472566{/logs,file:///workdir/hadoop-ozone/integration-test/target/log,UNAVAILABLE}
2019-10-20 10:16:46,657 [java.util.concurrent.ThreadPoolExecutor$Worker@28f79926[State = -1, empty queue]] WARN  server.GrpcLogAppender (GrpcLogAppender.java:timeoutAppendRequest(209)) - e76b0d72-a5f7-47dd-bc74-8743a5d358b0@group-CC68B5F19AD3->e534181c-9f5d-4f71-ad0d-cd71b851ae4d-GrpcLogAppender: appendEntries Timeout, request=e76b0d72-a5f7-47dd-bc74-8743a5d358b0->e534181c-9f5d-4f71-ad0d-cd71b851ae4d#8-t2, previous=(t:2, i:4), leaderCommit=4, initializing? false, entries: size=1, first=(t:2, i:5), STATEMACHINELOGENTRY, client-67F6425C4112, cid=8
2019-10-20 10:16:46,658 [java.util.concurrent.ThreadPoolExecutor$Worker@28f79926[State = -1, empty queue]] WARN  server.GrpcLogAppender (GrpcLogAppender.java:timeoutAppendRequest(209)) - e76b0d72-a5f7-47dd-bc74-8743a5d358b0@group-CC68B5F19AD3->e534181c-9f5d-4f71-ad0d-cd71b851ae4d-GrpcLogAppender: appendEntries Timeout, request=e76b0d72-a5f7-47dd-bc74-8743a5d358b0->e534181c-9f5d-4f71-ad0d-cd71b851ae4d#9-t2, previous=(t:2, i:5), leaderCommit=4, initializing? false, entries: size=1, first=(t:2, i:6), STATEMACHINELOGENTRY, client-67F6425C4112, cid=9
2019-10-20 10:16:46,675 [java.util.concurrent.ThreadPoolExecutor$Worker@28f79926[State = -1, empty queue]] WARN  server.GrpcLogAppender (GrpcLogAppender.java:timeoutAppendRequest(209)) - e76b0d72-a5f7-47dd-bc74-8743a5d358b0@group-CC68B5F19AD3->e534181c-9f5d-4f71-ad0d-cd71b851ae4d-GrpcLogAppender: appendEntries Timeout, request=e76b0d72-a5f7-47dd-bc74-8743a5d358b0->e534181c-9f5d-4f71-ad0d-cd71b851ae4d#10-t2, previous=(t:2, i:6), leaderCommit=6, initializing? false, entries: size=1, first=(t:2, i:7), METADATAENTRY(c5)
2019-10-20 10:16:46,675 [java.util.concurrent.ThreadPoolExecutor$Worker@28f79926[State = -1, empty queue]] WARN  server.GrpcLogAppender (GrpcLogAppender.java:timeoutAppendRequest(209)) - e76b0d72-a5f7-47dd-bc74-8743a5d358b0@group-CC68B5F19AD3->e534181c-9f5d-4f71-ad0d-cd71b851ae4d-GrpcLogAppender: appendEntries Timeout, request=e76b0d72-a5f7-47dd-bc74-8743a5d358b0->e534181c-9f5d-4f71-ad0d-cd71b851ae4d#11-t2, previous=(t:2, i:7), leaderCommit=6, initializing? false, entries: size=1, first=(t:2, i:8), METADATAENTRY(c6)
2019-10-20 10:16:49,177 [java.util.concurrent.ThreadPoolExecutor$Worker@28f79926[State = -1, empty queue]] WARN  server.GrpcLogAppender (GrpcLogAppender.java:timeoutAppendRequest(209)) - e76b0d72-a5f7-47dd-bc74-8743a5d358b0@group-CC68B5F19AD3->e534181c-9f5d-4f71-ad0d-cd71b851ae4d-GrpcLogAppender: appendEntries Timeout, request=e76b0d72-a5f7-47dd-bc74-8743a5d358b0->e534181c-9f5d-4f71-ad0d-cd71b851ae4d#12-t2, previous=(t:2, i:8), leaderCommit=8, initializing? false, entries: <empty>
2019-10-20 10:16:51,678 [java.util.concurrent.ThreadPoolExecutor$Worker@28f79926[State = -1, empty queue]] WARN  server.GrpcLogAppender (GrpcLogAppender.java:timeoutAppendRequest(209)) - e76b0d72-a5f7-47dd-bc74-8743a5d358b0@group-CC68B5F19AD3->e534181c-9f5d-4f71-ad0d-cd71b851ae4d-GrpcLogAppender: appendEntries Timeout, request=e76b0d72-a5f7-47dd-bc74-8743a5d358b0->e534181c-9f5d-4f71-ad0d-cd71b851ae4d#13-t2, previous=(t:2, i:8), leaderCommit=8, initializing? false, entries: <empty>
2019-10-20 10:16:52,711 [Thread-290] INFO  client.GrpcClientProtocolService (GrpcClientProtocolService.java:lambda$processClientRequest$0(278)) - Failed RaftClientRequest:client-67F6425C4112->f1d6a710-9313-44dc-a005-f0b22c06f92c@group-CC68B5F19AD3, cid=10, seq=0, Watch-ALL_COMMITTED(6), Message:<EMPTY>, reply=RaftClientReply:client-67F6425C4112->f1d6a710-9313-44dc-a005-f0b22c06f92c@group-CC68B5F19AD3, cid=10, FAILED org.apache.ratis.protocol.NotLeaderException: Server f1d6a710-9313-44dc-a005-f0b22c06f92c@group-CC68B5F19AD3 is not the leader e76b0d72-a5f7-47dd-bc74-8743a5d358b0:192.168.69.89:42489, logIndex=0, commits[f1d6a710-9313-44dc-a005-f0b22c06f92c:c8, e76b0d72-a5f7-47dd-bc74-8743a5d358b0:c8, e534181c-9f5d-4f71-ad0d-cd71b851ae4d:c4]
2019-10-20 10:16:53,886 [Thread-294] INFO  client.GrpcClientProtocolService (GrpcClientProtocolService.java:lambda$processClientRequest$0(278)) - Failed RaftClientRequest:client-67F6425C4112->e76b0d72-a5f7-47dd-bc74-8743a5d358b0@group-CC68B5F19AD3, cid=10, seq=0, Watch-ALL_COMMITTED(6), Message:<EMPTY>, reply=RaftClientReply:client-67F6425C4112->e76b0d72-a5f7-47dd-bc74-8743a5d358b0@group-CC68B5F19AD3, cid=10, FAILED org.apache.ratis.protocol.NotReplicatedException: Request with call Id 10 and log index 6 is not yet replicated to ALL_COMMITTED, logIndex=6, commits[e76b0d72-a5f7-47dd-bc74-8743a5d358b0:c8, e534181c-9f5d-4f71-ad0d-cd71b851ae4d:c4, f1d6a710-9313-44dc-a005-f0b22c06f92c:c8]
2019-10-20 10:16:54,182 [java.util.concurrent.ThreadPoolExecutor$Worker@28f79926[State = -1, empty queue]] WARN  server.GrpcLogAppender (GrpcLogAppender.java:timeoutAppendRequest(209)) - e76b0d72-a5f7-47dd-bc74-8743a5d358b0@group-CC68B5F19AD3->e534181c-9f5d-4f71-ad0d-cd71b851ae4d-GrpcLogAppender: appendEntries Timeout, request=e76b0d72-a5f7-47dd-bc74-8743a5d358b0->e534181c-9f5d-4f71-ad0d-cd71b851ae4d#14-t2, previous=(t:2, i:8), leaderCommit=8, initializing? false, entries: <empty>
2019-10-20 10:16:56,682 [java.util.concurrent.ThreadPoolExecutor$Worker@28f79926[State = -1, empty queue]] WARN  server.GrpcLogAppender (GrpcLogAppender.java:timeoutAppendRequest(209)) - e76b0d72-a5f7-47dd-bc74-8743a5d358b0@group-CC68B5F19AD3->e534181c-9f5d-4f71-ad0d-cd71b851ae4d-GrpcLogAppender: appendEntries Timeout, request=e76b0d72-a5f7-47dd-bc74-8743a5d358b0->e534181c-9f5d-4f71-ad0d-cd71b851ae4d#15-t2, previous=(t:2, i:8), leaderCommit=8, initializing? false, entries: <empty>
2019-10-20 10:16:59,183 [java.util.concurrent.ThreadPoolExecutor$Worker@28f79926[State = -1, empty queue]] WARN  server.GrpcLogAppender (GrpcLogAppender.java:timeoutAppendRequest(209)) - e76b0d72-a5f7-47dd-bc74-8743a5d358b0@group-CC68B5F19AD3->e534181c-9f5d-4f71-ad0d-cd71b851ae4d-GrpcLogAppender: appendEntries Timeout, request=e76b0d72-a5f7-47dd-bc74-8743a5d358b0->e534181c-9f5d-4f71-ad0d-cd71b851ae4d#16-t2, previous=(t:2, i:8), leaderCommit=8, initializing? false, entries: <empty>
2019-10-20 10:17:01,684 [java.util.concurrent.ThreadPoolExecutor$Worker@28f79926[State = -1, empty queue]] WARN  server.GrpcLogAppender (GrpcLogAppender.java:timeoutAppendRequest(209)) - e76b0d72-a5f7-47dd-bc74-8743a5d358b0@group-CC68B5F19AD3->e534181c-9f5d-4f71-ad0d-cd71b851ae4d-GrpcLogAppender: appendEntries Timeout, request=e76b0d72-a5f7-47dd-bc74-8743a5d358b0->e534181c-9f5d-4f71-ad0d-cd71b851ae4d#17-t2, previous=(t:2, i:8), leaderCommit=8, initializing? false, entries: <empty>
2019-10-20 10:17:02,763 [Thread-302] INFO  client.GrpcClientProtocolService (GrpcClientProtocolService.java:lambda$processClientRequest$0(278)) - Failed RaftClientRequest:client-67F6425C4112->f1d6a710-9313-44dc-a005-f0b22c06f92c@group-CC68B5F19AD3, cid=10, seq=0, Watch-ALL_COMMITTED(6), Message:<EMPTY>, reply=RaftClientReply:client-67F6425C4112->f1d6a710-9313-44dc-a005-f0b22c06f92c@group-CC68B5F19AD3, cid=10, FAILED org.apache.ratis.protocol.NotLeaderException: Server f1d6a710-9313-44dc-a005-f0b22c06f92c@group-CC68B5F19AD3 is not the leader e76b0d72-a5f7-47dd-bc74-8743a5d358b0:192.168.69.89:42489, logIndex=0, commits[f1d6a710-9313-44dc-a005-f0b22c06f92c:c8, e76b0d72-a5f7-47dd-bc74-8743a5d358b0:c8, e534181c-9f5d-4f71-ad0d-cd71b851ae4d:c4]
2019-10-20 10:17:02,885 [Thread-305] INFO  client.GrpcClientProtocolService (GrpcClientProtocolService.java:lambda$processClientRequest$0(278)) - Failed RaftClientRequest:client-67F6425C4112->e76b0d72-a5f7-47dd-bc74-8743a5d358b0@group-CC68B5F19AD3, cid=10, seq=0, Watch-ALL_COMMITTED(6), Message:<EMPTY>, reply=RaftClientReply:client-67F6425C4112->e76b0d72-a5f7-47dd-bc74-8743a5d358b0@group-CC68B5F19AD3, cid=10, FAILED org.apache.ratis.protocol.NotReplicatedException: Request with call Id 10 and log index 6 is not yet replicated to ALL_COMMITTED, logIndex=6, commits[e76b0d72-a5f7-47dd-bc74-8743a5d358b0:c8, e534181c-9f5d-4f71-ad0d-cd71b851ae4d:c4, f1d6a710-9313-44dc-a005-f0b22c06f92c:c8]
2019-10-20 10:17:04,187 [java.util.concurrent.ThreadPoolExecutor$Worker@28f79926[State = -1, empty queue]] WARN  server.GrpcLogAppender (GrpcLogAppender.java:timeoutAppendRequest(209)) - e76b0d72-a5f7-47dd-bc74-8743a5d358b0@group-CC68B5F19AD3->e534181c-9f5d-4f71-ad0d-cd71b851ae4d-GrpcLogAppender: appendEntries Timeout, request=e76b0d72-a5f7-47dd-bc74-8743a5d358b0->e534181c-9f5d-4f71-ad0d-cd71b851ae4d#18-t2, previous=(t:2, i:8), leaderCommit=8, initializing? false, entries: <empty>
2019-10-20 10:17:06,688 [java.util.concurrent.ThreadPoolExecutor$Worker@28f79926[State = -1, empty queue]] WARN  server.GrpcLogAppender (GrpcLogAppender.java:timeoutAppendRequest(209)) - e76b0d72-a5f7-47dd-bc74-8743a5d358b0@group-CC68B5F19AD3->e534181c-9f5d-4f71-ad0d-cd71b851ae4d-GrpcLogAppender: appendEntries Timeout, request=e76b0d72-a5f7-47dd-bc74-8743a5d358b0->e534181c-9f5d-4f71-ad0d-cd71b851ae4d#19-t2, previous=(t:2, i:8), leaderCommit=8, initializing? false, entries: <empty>
2019-10-20 10:17:09,189 [java.util.concurrent.ThreadPoolExecutor$Worker@28f79926[State = -1, empty queue]] WARN  server.GrpcLogAppender (GrpcLogAppender.java:timeoutAppendRequest(209)) - e76b0d72-a5f7-47dd-bc74-8743a5d358b0@group-CC68B5F19AD3->e534181c-9f5d-4f71-ad0d-cd71b851ae4d-GrpcLogAppender: appendEntries Timeout, request=e76b0d72-a5f7-47dd-bc74-8743a5d358b0->e534181c-9f5d-4f71-ad0d-cd71b851ae4d#20-t2, previous=(t:2, i:8), leaderCommit=8, initializing? false, entries: <empty>
2019-10-20 10:17:11,691 [java.util.concurrent.ThreadPoolExecutor$Worker@28f79926[State = -1, empty queue]] WARN  server.GrpcLogAppender (GrpcLogAppender.java:timeoutAppendRequest(209)) - e76b0d72-a5f7-47dd-bc74-8743a5d358b0@group-CC68B5F19AD3->e534181c-9f5d-4f71-ad0d-cd71b851ae4d-GrpcLogAppender: appendEntries Timeout, request=e76b0d72-a5f7-47dd-bc74-8743a5d358b0->e534181c-9f5d-4f71-ad0d-cd71b851ae4d#21-t2, previous=(t:2, i:8), leaderCommit=8, initializing? false, entries: <empty>
2019-10-20 10:17:12,884 [Thread-314] INFO  client.GrpcClientProtocolService (GrpcClientProtocolService.java:lambda$processClientRequest$0(278)) - Failed RaftClientRequest:client-67F6425C4112->e76b0d72-a5f7-47dd-bc74-8743a5d358b0@group-CC68B5F19AD3, cid=10, seq=0, Watch-ALL_COMMITTED(6), Message:<EMPTY>, reply=RaftClientReply:client-67F6425C4112->e76b0d72-a5f7-47dd-bc74-8743a5d358b0@group-CC68B5F19AD3, cid=10, FAILED org.apache.ratis.protocol.NotReplicatedException: Request with call Id 10 and log index 6 is not yet replicated to ALL_COMMITTED, logIndex=6, commits[e76b0d72-a5f7-47dd-bc74-8743a5d358b0:c8, e534181c-9f5d-4f71-ad0d-cd71b851ae4d:c4, f1d6a710-9313-44dc-a005-f0b22c06f92c:c8]
2019-10-20 10:17:13,693 [main] WARN  scm.XceiverClientRatis (XceiverClientRatis.java:watchForCommit(277)) - 3 way commit failed on pipeline Pipeline[ Id: 119175b0-5d21-4334-a09f-cc68b5f19ad3, Nodes: f1d6a710-9313-44dc-a005-f0b22c06f92c{ip: 192.168.69.89, host: pr-hdds-2335-x5gnt-184872562, networkLocation: /default-rack, certSerialId: null}e534181c-9f5d-4f71-ad0d-cd71b851ae4d{ip: 192.168.69.89, host: pr-hdds-2335-x5gnt-184872562, networkLocation: /default-rack, certSerialId: null}e76b0d72-a5f7-47dd-bc74-8743a5d358b0{ip: 192.168.69.89, host: pr-hdds-2335-x5gnt-184872562, networkLocation: /default-rack, certSerialId: null}, Type:RATIS, Factor:THREE, State:OPEN]
java.util.concurrent.TimeoutException
	at java.util.concurrent.CompletableFuture.timedGet(CompletableFuture.java:1771)
	at java.util.concurrent.CompletableFuture.get(CompletableFuture.java:1915)
	at org.apache.hadoop.hdds.scm.XceiverClientRatis.watchForCommit(XceiverClientRatis.java:274)
	at org.apache.hadoop.hdds.scm.storage.CommitWatcher.watchForCommit(CommitWatcher.java:198)
	at org.apache.hadoop.hdds.scm.storage.CommitWatcher.watchOnLastIndex(CommitWatcher.java:161)
	at org.apache.hadoop.hdds.scm.storage.BlockOutputStream.watchForCommit(BlockOutputStream.java:346)
	at org.apache.hadoop.hdds.scm.storage.BlockOutputStream.handleFlush(BlockOutputStream.java:482)
	at org.apache.hadoop.hdds.scm.storage.BlockOutputStream.close(BlockOutputStream.java:496)
	at org.apache.hadoop.ozone.client.io.BlockOutputStreamEntry.close(BlockOutputStreamEntry.java:143)
	at org.apache.hadoop.ozone.client.io.KeyOutputStream.handleFlushOrClose(KeyOutputStream.java:435)
	at org.apache.hadoop.ozone.client.io.KeyOutputStream.close(KeyOutputStream.java:473)
	at org.apache.hadoop.ozone.client.io.OzoneOutputStream.close(OzoneOutputStream.java:60)
	at org.apache.hadoop.ozone.client.rpc.TestDeleteWithSlowFollower.testDeleteKeyWithSlowFollower(TestDeleteWithSlowFollower.java:193)
	at sun.reflect.NativeMethodAccessorImpl.invoke0(Native Method)
	at sun.reflect.NativeMethodAccessorImpl.invoke(NativeMethodAccessorImpl.java:62)
	at sun.reflect.DelegatingMethodAccessorImpl.invoke(DelegatingMethodAccessorImpl.java:43)
	at java.lang.reflect.Method.invoke(Method.java:498)
	at org.junit.runners.model.FrameworkMethod$1.runReflectiveCall(FrameworkMethod.java:47)
	at org.junit.internal.runners.model.ReflectiveCallable.run(ReflectiveCallable.java:12)
	at org.junit.runners.model.FrameworkMethod.invokeExplosively(FrameworkMethod.java:44)
	at org.junit.internal.runners.statements.InvokeMethod.evaluate(InvokeMethod.java:17)
	at org.junit.runners.ParentRunner.runLeaf(ParentRunner.java:271)
	at org.junit.runners.BlockJUnit4ClassRunner.runChild(BlockJUnit4ClassRunner.java:70)
	at org.junit.runners.BlockJUnit4ClassRunner.runChild(BlockJUnit4ClassRunner.java:50)
	at org.junit.runners.ParentRunner$3.run(ParentRunner.java:238)
	at org.junit.runners.ParentRunner$1.schedule(ParentRunner.java:63)
	at org.junit.runners.ParentRunner.runChildren(ParentRunner.java:236)
	at org.junit.runners.ParentRunner.access$000(ParentRunner.java:53)
	at org.junit.runners.ParentRunner$2.evaluate(ParentRunner.java:229)
	at org.junit.internal.runners.statements.RunBefores.evaluate(RunBefores.java:26)
	at org.junit.internal.runners.statements.RunAfters.evaluate(RunAfters.java:27)
	at org.junit.runners.ParentRunner.run(ParentRunner.java:309)
	at org.apache.maven.surefire.junit4.JUnit4Provider.execute(JUnit4Provider.java:365)
	at org.apache.maven.surefire.junit4.JUnit4Provider.executeWithRerun(JUnit4Provider.java:273)
	at org.apache.maven.surefire.junit4.JUnit4Provider.executeTestSet(JUnit4Provider.java:238)
	at org.apache.maven.surefire.junit4.JUnit4Provider.invoke(JUnit4Provider.java:159)
	at org.apache.maven.surefire.booter.ForkedBooter.invokeProviderInSameClassLoader(ForkedBooter.java:384)
	at org.apache.maven.surefire.booter.ForkedBooter.runSuitesInProcess(ForkedBooter.java:345)
	at org.apache.maven.surefire.booter.ForkedBooter.execute(ForkedBooter.java:126)
	at org.apache.maven.surefire.booter.ForkedBooter.main(ForkedBooter.java:418)
2019-10-20 10:17:13,710 [main] INFO  scm.XceiverClientRatis (XceiverClientRatis.java:lambda$watchForCommit$5(295)) - Could not commit index 6 on pipeline Pipeline[ Id: 119175b0-5d21-4334-a09f-cc68b5f19ad3, Nodes: f1d6a710-9313-44dc-a005-f0b22c06f92c{ip: 192.168.69.89, host: pr-hdds-2335-x5gnt-184872562, networkLocation: /default-rack, certSerialId: null}e534181c-9f5d-4f71-ad0d-cd71b851ae4d{ip: 192.168.69.89, host: pr-hdds-2335-x5gnt-184872562, networkLocation: /default-rack, certSerialId: null}e76b0d72-a5f7-47dd-bc74-8743a5d358b0{ip: 192.168.69.89, host: pr-hdds-2335-x5gnt-184872562, networkLocation: /default-rack, certSerialId: null}, Type:RATIS, Factor:THREE, State:OPEN] to all the nodes. Server e534181c-9f5d-4f71-ad0d-cd71b851ae4d has failed. Committed by majority.
2019-10-20 10:17:13,711 [main] WARN  storage.BlockOutputStream (BlockOutputStream.java:watchForCommit(352)) - Failed to commit BlockId conID: 1 locID: 102994188555124736 bcsId: 6 on Pipeline[ Id: 119175b0-5d21-4334-a09f-cc68b5f19ad3, Nodes: f1d6a710-9313-44dc-a005-f0b22c06f92c{ip: 192.168.69.89, host: pr-hdds-2335-x5gnt-184872562, networkLocation: /default-rack, certSerialId: null}e534181c-9f5d-4f71-ad0d-cd71b851ae4d{ip: 192.168.69.89, host: pr-hdds-2335-x5gnt-184872562, networkLocation: /default-rack, certSerialId: null}e76b0d72-a5f7-47dd-bc74-8743a5d358b0{ip: 192.168.69.89, host: pr-hdds-2335-x5gnt-184872562, networkLocation: /default-rack, certSerialId: null}, Type:RATIS, Factor:THREE, State:OPEN]. Failed nodes: [e534181c-9f5d-4f71-ad0d-cd71b851ae4d{ip: null, host: null, networkLocation: /default-rack, certSerialId: null}]
2019-10-20 10:17:13,794 [EventQueue-IncrementalContainerReportForIncrementalContainerReportHandler] WARN  container.IncrementalContainerReportHandler (AbstractContainerReportHandler.java:updateContainerState(145)) - Container #1 is in OPEN state, but the datanode e76b0d72-a5f7-47dd-bc74-8743a5d358b0{ip: 192.168.69.89, host: pr-hdds-2335-x5gnt-184872562, networkLocation: /default-rack, certSerialId: null} reports an CLOSING replica.
2019-10-20 10:17:13,805 [RatisApplyTransactionExecutor 1] INFO  interfaces.Container (KeyValueContainer.java:flushAndSyncDB(386)) - Container 1 is synced with bcsId 6.
2019-10-20 10:17:13,806 [RatisApplyTransactionExecutor 1] INFO  interfaces.Container (KeyValueContainer.java:flushAndSyncDB(386)) - Container 1 is synced with bcsId 6.
2019-10-20 10:17:13,821 [EventQueue-IncrementalContainerReportForIncrementalContainerReportHandler] WARN  container.IncrementalContainerReportHandler (AbstractContainerReportHandler.java:updateContainerState(145)) - Container #1 is in OPEN state, but the datanode f1d6a710-9313-44dc-a005-f0b22c06f92c{ip: 192.168.69.89, host: pr-hdds-2335-x5gnt-184872562, networkLocation: /default-rack, certSerialId: null} reports an CLOSING replica.
2019-10-20 10:17:13,821 [RatisApplyTransactionExecutor 1] INFO  interfaces.Container (KeyValueContainer.java:close(335)) - Container 1 is closed with bcsId 6.
2019-10-20 10:17:13,822 [RatisApplyTransactionExecutor 1] INFO  interfaces.Container (KeyValueContainer.java:flushAndSyncDB(386)) - Container 1 is synced with bcsId 6.
2019-10-20 10:17:13,822 [RatisApplyTransactionExecutor 1] INFO  interfaces.Container (KeyValueContainer.java:flushAndSyncDB(386)) - Container 1 is synced with bcsId 6.
2019-10-20 10:17:13,823 [EventQueue-IncrementalContainerReportForIncrementalContainerReportHandler] WARN  container.IncrementalContainerReportHandler (AbstractContainerReportHandler.java:updateContainerState(145)) - Container #1 is in OPEN state, but the datanode e76b0d72-a5f7-47dd-bc74-8743a5d358b0{ip: 192.168.69.89, host: pr-hdds-2335-x5gnt-184872562, networkLocation: /default-rack, certSerialId: null} reports an CLOSED replica.
2019-10-20 10:17:13,840 [RatisApplyTransactionExecutor 1] INFO  interfaces.Container (KeyValueContainer.java:close(335)) - Container 1 is closed with bcsId 6.
2019-10-20 10:17:13,841 [EventQueue-IncrementalContainerReportForIncrementalContainerReportHandler] WARN  container.IncrementalContainerReportHandler (AbstractContainerReportHandler.java:updateContainerState(145)) - Container #1 is in OPEN state, but the datanode f1d6a710-9313-44dc-a005-f0b22c06f92c{ip: 192.168.69.89, host: pr-hdds-2335-x5gnt-184872562, networkLocation: /default-rack, certSerialId: null} reports an CLOSED replica.
2019-10-20 10:17:13,874 [BlockDeletingService#2] WARN  background.BlockDeletingService (BlockDeletingService.java:isDeletionAllowed(187)) - Close Container log Index 6 is not replicated across allthe servers in the pipeline 119175b0-5d21-4334-a09f-cc68b5f19ad3 as the min replicated index is 4. Deletion is not allowed in this container yet.
2019-10-20 10:17:13,875 [BlockDeletingService#2] WARN  background.BlockDeletingService (BlockDeletingService.java:isDeletionAllowed(187)) - Close Container log Index 6 is not replicated across allthe servers in the pipeline 119175b0-5d21-4334-a09f-cc68b5f19ad3 as the min replicated index is 4. Deletion is not allowed in this container yet.
2019-10-20 10:17:14,122 [EventQueue-ContainerReportForContainerReportHandler] WARN  container.ContainerReportHandler (AbstractContainerReportHandler.java:updateContainerState(145)) - Container #1 is in OPEN state, but the datanode e76b0d72-a5f7-47dd-bc74-8743a5d358b0{ip: 192.168.69.89, host: pr-hdds-2335-x5gnt-184872562, networkLocation: /default-rack, certSerialId: null} reports an CLOSED replica.
2019-10-20 10:17:14,141 [EventQueue-ContainerReportForContainerReportHandler] WARN  container.ContainerReportHandler (AbstractContainerReportHandler.java:updateContainerState(145)) - Container #1 is in OPEN state, but the datanode f1d6a710-9313-44dc-a005-f0b22c06f92c{ip: 192.168.69.89, host: pr-hdds-2335-x5gnt-184872562, networkLocation: /default-rack, certSerialId: null} reports an CLOSED replica.
2019-10-20 10:17:14,194 [java.util.concurrent.ThreadPoolExecutor$Worker@28f79926[State = -1, empty queue]] WARN  server.GrpcLogAppender (GrpcLogAppender.java:timeoutAppendRequest(209)) - e76b0d72-a5f7-47dd-bc74-8743a5d358b0@group-CC68B5F19AD3->e534181c-9f5d-4f71-ad0d-cd71b851ae4d-GrpcLogAppender: appendEntries Timeout, request=e76b0d72-a5f7-47dd-bc74-8743a5d358b0->e534181c-9f5d-4f71-ad0d-cd71b851ae4d#22-t2, previous=(t:2, i:8), leaderCommit=8, initializing? false, entries: <empty>
2019-10-20 10:17:14,341 [EventQueue-ContainerReportForContainerReportHandler] WARN  container.ContainerReportHandler (AbstractContainerReportHandler.java:updateContainerState(145)) - Container #1 is in OPEN state, but the datanode f1d6a710-9313-44dc-a005-f0b22c06f92c{ip: 192.168.69.89, host: pr-hdds-2335-x5gnt-184872562, networkLocation: /default-rack, certSerialId: null} reports an CLOSED replica.
2019-10-20 10:17:14,422 [EventQueue-ContainerReportForContainerReportHandler] WARN  container.ContainerReportHandler (AbstractContainerReportHandler.java:updateContainerState(145)) - Container #1 is in OPEN state, but the datanode e76b0d72-a5f7-47dd-bc74-8743a5d358b0{ip: 192.168.69.89, host: pr-hdds-2335-x5gnt-184872562, networkLocation: /default-rack, certSerialId: null} reports an CLOSED replica.
2019-10-20 10:17:14,642 [EventQueue-ContainerReportForContainerReportHandler] WARN  container.ContainerReportHandler (AbstractContainerReportHandler.java:updateContainerState(145)) - Container #1 is in OPEN state, but the datanode f1d6a710-9313-44dc-a005-f0b22c06f92c{ip: 192.168.69.89, host: pr-hdds-2335-x5gnt-184872562, networkLocation: /default-rack, certSerialId: null} reports an CLOSED replica.
2019-10-20 10:17:14,720 [IPC Server handler 0 on 43233] INFO  server.SCMBlockProtocolServer (SCMBlockProtocolServer.java:deleteKeyBlocks(214)) - SCM is informed by OM to delete 1 blocks
2019-10-20 10:17:14,720 [IPC Server handler 0 on 43233] INFO  block.BlockManagerImpl (BlockManagerImpl.java:deleteBlocks(285)) - Deleting blocks conID: 1 locID: 102994188555124736 bcsId: 0
2019-10-20 10:17:14,823 [EventQueue-ContainerReportForContainerReportHandler] WARN  container.ContainerReportHandler (AbstractContainerReportHandler.java:updateContainerState(145)) - Container #1 is in OPEN state, but the datanode e76b0d72-a5f7-47dd-bc74-8743a5d358b0{ip: 192.168.69.89, host: pr-hdds-2335-x5gnt-184872562, networkLocation: /default-rack, certSerialId: null} reports an CLOSED replica.
2019-10-20 10:17:14,875 [BlockDeletingService#2] WARN  background.BlockDeletingService (BlockDeletingService.java:isDeletionAllowed(187)) - Close Container log Index 6 is not replicated across allthe servers in the pipeline 119175b0-5d21-4334-a09f-cc68b5f19ad3 as the min replicated index is 4. Deletion is not allowed in this container yet.
2019-10-20 10:17:14,877 [BlockDeletingService#2] WARN  background.BlockDeletingService (BlockDeletingService.java:isDeletionAllowed(187)) - Close Container log Index 6 is not replicated across allthe servers in the pipeline 119175b0-5d21-4334-a09f-cc68b5f19ad3 as the min replicated index is 4. Deletion is not allowed in this container yet.
2019-10-20 10:17:14,942 [EventQueue-ContainerReportForContainerReportHandler] WARN  container.ContainerReportHandler (AbstractContainerReportHandler.java:updateContainerState(145)) - Container #1 is in OPEN state, but the datanode f1d6a710-9313-44dc-a005-f0b22c06f92c{ip: 192.168.69.89, host: pr-hdds-2335-x5gnt-184872562, networkLocation: /default-rack, certSerialId: null} reports an CLOSED replica.
2019-10-20 10:17:15,223 [EventQueue-ContainerReportForContainerReportHandler] WARN  container.ContainerReportHandler (AbstractContainerReportHandler.java:updateContainerState(145)) - Container #1 is in OPEN state, but the datanode e76b0d72-a5f7-47dd-bc74-8743a5d358b0{ip: 192.168.69.89, host: pr-hdds-2335-x5gnt-184872562, networkLocation: /default-rack, certSerialId: null} reports an CLOSED replica.
2019-10-20 10:17:15,242 [EventQueue-ContainerReportForContainerReportHandler] WARN  container.ContainerReportHandler (AbstractContainerReportHandler.java:updateContainerState(145)) - Container #1 is in OPEN state, but the datanode f1d6a710-9313-44dc-a005-f0b22c06f92c{ip: 192.168.69.89, host: pr-hdds-2335-x5gnt-184872562, networkLocation: /default-rack, certSerialId: null} reports an CLOSED replica.
2019-10-20 10:17:15,423 [EventQueue-ContainerReportForContainerReportHandler] WARN  container.ContainerReportHandler (AbstractContainerReportHandler.java:updateContainerState(145)) - Container #1 is in OPEN state, but the datanode e76b0d72-a5f7-47dd-bc74-8743a5d358b0{ip: 192.168.69.89, host: pr-hdds-2335-x5gnt-184872562, networkLocation: /default-rack, certSerialId: null} reports an CLOSED replica.
2019-10-20 10:17:15,642 [EventQueue-ContainerReportForContainerReportHandler] WARN  container.ContainerReportHandler (AbstractContainerReportHandler.java:updateContainerState(145)) - Container #1 is in OPEN state, but the datanode f1d6a710-9313-44dc-a005-f0b22c06f92c{ip: 192.168.69.89, host: pr-hdds-2335-x5gnt-184872562, networkLocation: /default-rack, certSerialId: null} reports an CLOSED replica.
2019-10-20 10:17:15,824 [EventQueue-ContainerReportForContainerReportHandler] WARN  container.ContainerReportHandler (AbstractContainerReportHandler.java:updateContainerState(145)) - Container #1 is in OPEN state, but the datanode e76b0d72-a5f7-47dd-bc74-8743a5d358b0{ip: 192.168.69.89, host: pr-hdds-2335-x5gnt-184872562, networkLocation: /default-rack, certSerialId: null} reports an CLOSED replica.
2019-10-20 10:17:15,876 [BlockDeletingService#2] WARN  background.BlockDeletingService (BlockDeletingService.java:isDeletionAllowed(187)) - Close Container log Index 6 is not replicated across allthe servers in the pipeline 119175b0-5d21-4334-a09f-cc68b5f19ad3 as the min replicated index is 4. Deletion is not allowed in this container yet.
2019-10-20 10:17:15,878 [BlockDeletingService#2] WARN  background.BlockDeletingService (BlockDeletingService.java:isDeletionAllowed(187)) - Close Container log Index 6 is not replicated across allthe servers in the pipeline 119175b0-5d21-4334-a09f-cc68b5f19ad3 as the min replicated index is 4. Deletion is not allowed in this container yet.
2019-10-20 10:17:15,943 [EventQueue-ContainerReportForContainerReportHandler] WARN  container.ContainerReportHandler (AbstractContainerReportHandler.java:updateContainerState(145)) - Container #1 is in OPEN state, but the datanode f1d6a710-9313-44dc-a005-f0b22c06f92c{ip: 192.168.69.89, host: pr-hdds-2335-x5gnt-184872562, networkLocation: /default-rack, certSerialId: null} reports an CLOSED replica.
2019-10-20 10:17:16,223 [EventQueue-ContainerReportForContainerReportHandler] WARN  container.ContainerReportHandler (AbstractContainerReportHandler.java:updateContainerState(145)) - Container #1 is in OPEN state, but the datanode e76b0d72-a5f7-47dd-bc74-8743a5d358b0{ip: 192.168.69.89, host: pr-hdds-2335-x5gnt-184872562, networkLocation: /default-rack, certSerialId: null} reports an CLOSED replica.
2019-10-20 10:17:16,242 [EventQueue-ContainerReportForContainerReportHandler] WARN  container.ContainerReportHandler (AbstractContainerReportHandler.java:updateContainerState(145)) - Container #1 is in OPEN state, but the datanode f1d6a710-9313-44dc-a005-f0b22c06f92c{ip: 192.168.69.89, host: pr-hdds-2335-x5gnt-184872562, networkLocation: /default-rack, certSerialId: null} reports an CLOSED replica.
2019-10-20 10:17:16,443 [EventQueue-ContainerReportForContainerReportHandler] WARN  container.ContainerReportHandler (AbstractContainerReportHandler.java:updateContainerState(145)) - Container #1 is in OPEN state, but the datanode f1d6a710-9313-44dc-a005-f0b22c06f92c{ip: 192.168.69.89, host: pr-hdds-2335-x5gnt-184872562, networkLocation: /default-rack, certSerialId: null} reports an CLOSED replica.
2019-10-20 10:17:16,623 [EventQueue-ContainerReportForContainerReportHandler] WARN  container.ContainerReportHandler (AbstractContainerReportHandler.java:updateContainerState(145)) - Container #1 is in OPEN state, but the datanode e76b0d72-a5f7-47dd-bc74-8743a5d358b0{ip: 192.168.69.89, host: pr-hdds-2335-x5gnt-184872562, networkLocation: /default-rack, certSerialId: null} reports an CLOSED replica.
2019-10-20 10:17:16,696 [java.util.concurrent.ThreadPoolExecutor$Worker@28f79926[State = -1, empty queue]] WARN  server.GrpcLogAppender (GrpcLogAppender.java:timeoutAppendRequest(209)) - e76b0d72-a5f7-47dd-bc74-8743a5d358b0@group-CC68B5F19AD3->e534181c-9f5d-4f71-ad0d-cd71b851ae4d-GrpcLogAppender: appendEntries Timeout, request=e76b0d72-a5f7-47dd-bc74-8743a5d358b0->e534181c-9f5d-4f71-ad0d-cd71b851ae4d#23-t2, previous=(t:2, i:8), leaderCommit=8, initializing? false, entries: <empty>
2019-10-20 10:17:16,743 [EventQueue-ContainerReportForContainerReportHandler] WARN  container.ContainerReportHandler (AbstractContainerReportHandler.java:updateContainerState(145)) - Container #1 is in OPEN state, but the datanode f1d6a710-9313-44dc-a005-f0b22c06f92c{ip: 192.168.69.89, host: pr-hdds-2335-x5gnt-184872562, networkLocation: /default-rack, certSerialId: null} reports an CLOSED replica.
2019-10-20 10:17:16,767 [java.util.concurrent.ThreadPoolExecutor$Worker@28f79926[State = -1, empty queue]] WARN  server.GrpcLogAppender (GrpcLogAppender.java:timeoutAppendRequest(209)) - e76b0d72-a5f7-47dd-bc74-8743a5d358b0@group-CC68B5F19AD3->e534181c-9f5d-4f71-ad0d-cd71b851ae4d-GrpcLogAppender: appendEntries Timeout, request=e76b0d72-a5f7-47dd-bc74-8743a5d358b0->e534181c-9f5d-4f71-ad0d-cd71b851ae4d#24-t2, previous=(t:2, i:8), leaderCommit=8, initializing? false, entries: size=1, first=(t:2, i:9), STATEMACHINELOGENTRY, client-4ACD40DA136B, cid=12
2019-10-20 10:17:16,780 [java.util.concurrent.ThreadPoolExecutor$Worker@28f79926[State = -1, empty queue]] WARN  server.GrpcLogAppender (GrpcLogAppender.java:timeoutAppendRequest(209)) - e76b0d72-a5f7-47dd-bc74-8743a5d358b0@group-CC68B5F19AD3->e534181c-9f5d-4f71-ad0d-cd71b851ae4d-GrpcLogAppender: appendEntries Timeout, request=e76b0d72-a5f7-47dd-bc74-8743a5d358b0->e534181c-9f5d-4f71-ad0d-cd71b851ae4d#25-t2, previous=(t:2, i:9), leaderCommit=9, initializing? false, entries: size=1, first=(t:2, i:10), METADATAENTRY(c9)
2019-10-20 10:17:16,878 [BlockDeletingService#2] WARN  background.BlockDeletingService (BlockDeletingService.java:isDeletionAllowed(187)) - Close Container log Index 6 is not replicated across allthe servers in the pipeline 119175b0-5d21-4334-a09f-cc68b5f19ad3 as the min replicated index is 4. Deletion is not allowed in this container yet.
2019-10-20 10:17:16,880 [BlockDeletingService#2] WARN  background.BlockDeletingService (BlockDeletingService.java:isDeletionAllowed(187)) - Close Container log Index 6 is not replicated across allthe servers in the pipeline 119175b0-5d21-4334-a09f-cc68b5f19ad3 as the min replicated index is 4. Deletion is not allowed in this container yet.
2019-10-20 10:17:16,923 [EventQueue-ContainerReportForContainerReportHandler] WARN  container.ContainerReportHandler (AbstractContainerReportHandler.java:updateContainerState(145)) - Container #1 is in OPEN state, but the datanode e76b0d72-a5f7-47dd-bc74-8743a5d358b0{ip: 192.168.69.89, host: pr-hdds-2335-x5gnt-184872562, networkLocation: /default-rack, certSerialId: null} reports an CLOSED replica.
2019-10-20 10:17:17,044 [EventQueue-ContainerReportForContainerReportHandler] WARN  container.ContainerReportHandler (AbstractContainerReportHandler.java:updateContainerState(145)) - Container #1 is in OPEN state, but the datanode f1d6a710-9313-44dc-a005-f0b22c06f92c{ip: 192.168.69.89, host: pr-hdds-2335-x5gnt-184872562, networkLocation: /default-rack, certSerialId: null} reports an CLOSED replica.
2019-10-20 10:17:17,223 [EventQueue-ContainerReportForContainerReportHandler] WARN  container.ContainerReportHandler (AbstractContainerReportHandler.java:updateContainerState(145)) - Container #1 is in OPEN state, but the datanode e76b0d72-a5f7-47dd-bc74-8743a5d358b0{ip: 192.168.69.89, host: pr-hdds-2335-x5gnt-184872562, networkLocation: /default-rack, certSerialId: null} reports an CLOSED replica.
2019-10-20 10:17:17,344 [EventQueue-ContainerReportForContainerReportHandler] WARN  container.ContainerReportHandler (AbstractContainerReportHandler.java:updateContainerState(145)) - Container #1 is in OPEN state, but the datanode f1d6a710-9313-44dc-a005-f0b22c06f92c{ip: 192.168.69.89, host: pr-hdds-2335-x5gnt-184872562, networkLocation: /default-rack, certSerialId: null} reports an CLOSED replica.
2019-10-20 10:17:17,423 [EventQueue-ContainerReportForContainerReportHandler] WARN  container.ContainerReportHandler (AbstractContainerReportHandler.java:updateContainerState(145)) - Container #1 is in OPEN state, but the datanode e76b0d72-a5f7-47dd-bc74-8743a5d358b0{ip: 192.168.69.89, host: pr-hdds-2335-x5gnt-184872562, networkLocation: /default-rack, certSerialId: null} reports an CLOSED replica.
2019-10-20 10:17:17,724 [EventQueue-ContainerReportForContainerReportHandler] WARN  container.ContainerReportHandler (AbstractContainerReportHandler.java:updateContainerState(145)) - Container #1 is in OPEN state, but the datanode e76b0d72-a5f7-47dd-bc74-8743a5d358b0{ip: 192.168.69.89, host: pr-hdds-2335-x5gnt-184872562, networkLocation: /default-rack, certSerialId: null} reports an CLOSED replica.
2019-10-20 10:17:17,746 [EventQueue-ContainerReportForContainerReportHandler] WARN  container.ContainerReportHandler (AbstractContainerReportHandler.java:updateContainerState(145)) - Container #1 is in OPEN state, but the datanode f1d6a710-9313-44dc-a005-f0b22c06f92c{ip: 192.168.69.89, host: pr-hdds-2335-x5gnt-184872562, networkLocation: /default-rack, certSerialId: null} reports an CLOSED replica.
2019-10-20 10:17:17,882 [BlockDeletingService#2] WARN  background.BlockDeletingService (BlockDeletingService.java:isDeletionAllowed(187)) - Close Container log Index 6 is not replicated across allthe servers in the pipeline 119175b0-5d21-4334-a09f-cc68b5f19ad3 as the min replicated index is 4. Deletion is not allowed in this container yet.
2019-10-20 10:17:17,883 [BlockDeletingService#2] WARN  background.BlockDeletingService (BlockDeletingService.java:isDeletionAllowed(187)) - Close Container log Index 6 is not replicated across allthe servers in the pipeline 119175b0-5d21-4334-a09f-cc68b5f19ad3 as the min replicated index is 4. Deletion is not allowed in this container yet.
2019-10-20 10:17:18,023 [EventQueue-ContainerReportForContainerReportHandler] WARN  container.ContainerReportHandler (AbstractContainerReportHandler.java:updateContainerState(145)) - Container #1 is in OPEN state, but the datanode e76b0d72-a5f7-47dd-bc74-8743a5d358b0{ip: 192.168.69.89, host: pr-hdds-2335-x5gnt-184872562, networkLocation: /default-rack, certSerialId: null} reports an CLOSED replica.
2019-10-20 10:17:18,047 [EventQueue-ContainerReportForContainerReportHandler] WARN  container.ContainerReportHandler (AbstractContainerReportHandler.java:updateContainerState(145)) - Container #1 is in OPEN state, but the datanode f1d6a710-9313-44dc-a005-f0b22c06f92c{ip: 192.168.69.89, host: pr-hdds-2335-x5gnt-184872562, networkLocation: /default-rack, certSerialId: null} reports an CLOSED replica.
2019-10-20 10:17:18,223 [EventQueue-ContainerReportForContainerReportHandler] WARN  container.ContainerReportHandler (AbstractContainerReportHandler.java:updateContainerState(145)) - Container #1 is in OPEN state, but the datanode e76b0d72-a5f7-47dd-bc74-8743a5d358b0{ip: 192.168.69.89, host: pr-hdds-2335-x5gnt-184872562, networkLocation: /default-rack, certSerialId: null} reports an CLOSED replica.
2019-10-20 10:17:18,424 [EventQueue-ContainerReportForContainerReportHandler] WARN  container.ContainerReportHandler (AbstractContainerReportHandler.java:updateContainerState(145)) - Container #1 is in OPEN state, but the datanode e76b0d72-a5f7-47dd-bc74-8743a5d358b0{ip: 192.168.69.89, host: pr-hdds-2335-x5gnt-184872562, networkLocation: /default-rack, certSerialId: null} reports an CLOSED replica.
2019-10-20 10:17:18,447 [EventQueue-ContainerReportForContainerReportHandler] WARN  container.ContainerReportHandler (AbstractContainerReportHandler.java:updateContainerState(145)) - Container #1 is in OPEN state, but the datanode f1d6a710-9313-44dc-a005-f0b22c06f92c{ip: 192.168.69.89, host: pr-hdds-2335-x5gnt-184872562, networkLocation: /default-rack, certSerialId: null} reports an CLOSED replica.
2019-10-20 10:17:18,724 [EventQueue-ContainerReportForContainerReportHandler] WARN  container.ContainerReportHandler (AbstractContainerReportHandler.java:updateContainerState(145)) - Container #1 is in OPEN state, but the datanode e76b0d72-a5f7-47dd-bc74-8743a5d358b0{ip: 192.168.69.89, host: pr-hdds-2335-x5gnt-184872562, networkLocation: /default-rack, certSerialId: null} reports an CLOSED replica.
2019-10-20 10:17:18,748 [EventQueue-ContainerReportForContainerReportHandler] WARN  container.ContainerReportHandler (AbstractContainerReportHandler.java:updateContainerState(145)) - Container #1 is in OPEN state, but the datanode f1d6a710-9313-44dc-a005-f0b22c06f92c{ip: 192.168.69.89, host: pr-hdds-2335-x5gnt-184872562, networkLocation: /default-rack, certSerialId: null} reports an CLOSED replica.
2019-10-20 10:17:18,887 [BlockDeletingService#2] WARN  background.BlockDeletingService (BlockDeletingService.java:isDeletionAllowed(187)) - Close Container log Index 6 is not replicated across allthe servers in the pipeline 119175b0-5d21-4334-a09f-cc68b5f19ad3 as the min replicated index is 4. Deletion is not allowed in this container yet.
2019-10-20 10:17:18,887 [BlockDeletingService#2] WARN  background.BlockDeletingService (BlockDeletingService.java:isDeletionAllowed(187)) - Close Container log Index 6 is not replicated across allthe servers in the pipeline 119175b0-5d21-4334-a09f-cc68b5f19ad3 as the min replicated index is 4. Deletion is not allowed in this container yet.
2019-10-20 10:17:18,924 [EventQueue-ContainerReportForContainerReportHandler] WARN  container.ContainerReportHandler (AbstractContainerReportHandler.java:updateContainerState(145)) - Container #1 is in OPEN state, but the datanode e76b0d72-a5f7-47dd-bc74-8743a5d358b0{ip: 192.168.69.89, host: pr-hdds-2335-x5gnt-184872562, networkLocation: /default-rack, certSerialId: null} reports an CLOSED replica.
2019-10-20 10:17:19,047 [EventQueue-ContainerReportForContainerReportHandler] WARN  container.ContainerReportHandler (AbstractContainerReportHandler.java:updateContainerState(145)) - Container #1 is in OPEN state, but the datanode f1d6a710-9313-44dc-a005-f0b22c06f92c{ip: 192.168.69.89, host: pr-hdds-2335-x5gnt-184872562, networkLocation: /default-rack, certSerialId: null} reports an CLOSED replica.
2019-10-20 10:17:19,281 [java.util.concurrent.ThreadPoolExecutor$Worker@28f79926[State = -1, empty queue]] WARN  server.GrpcLogAppender (GrpcLogAppender.java:timeoutAppendRequest(209)) - e76b0d72-a5f7-47dd-bc74-8743a5d358b0@group-CC68B5F19AD3->e534181c-9f5d-4f71-ad0d-cd71b851ae4d-GrpcLogAppender: appendEntries Timeout, request=e76b0d72-a5f7-47dd-bc74-8743a5d358b0->e534181c-9f5d-4f71-ad0d-cd71b851ae4d#26-t2, previous=(t:2, i:10), leaderCommit=10, initializing? false, entries: <empty>
2019-10-20 10:17:19,324 [EventQueue-ContainerReportForContainerReportHandler] WARN  container.ContainerReportHandler (AbstractContainerReportHandler.java:updateContainerState(145)) - Container #1 is in OPEN state, but the datanode e76b0d72-a5f7-47dd-bc74-8743a5d358b0{ip: 192.168.69.89, host: pr-hdds-2335-x5gnt-184872562, networkLocation: /default-rack, certSerialId: null} reports an CLOSED replica.
2019-10-20 10:17:19,348 [EventQueue-ContainerReportForContainerReportHandler] WARN  container.ContainerReportHandler (AbstractContainerReportHandler.java:updateContainerState(145)) - Container #1 is in OPEN state, but the datanode f1d6a710-9313-44dc-a005-f0b22c06f92c{ip: 192.168.69.89, host: pr-hdds-2335-x5gnt-184872562, networkLocation: /default-rack, certSerialId: null} reports an CLOSED replica.
2019-10-20 10:17:19,649 [EventQueue-ContainerReportForContainerReportHandler] WARN  container.ContainerReportHandler (AbstractContainerReportHandler.java:updateContainerState(145)) - Container #1 is in OPEN state, but the datanode f1d6a710-9313-44dc-a005-f0b22c06f92c{ip: 192.168.69.89, host: pr-hdds-2335-x5gnt-184872562, networkLocation: /default-rack, certSerialId: null} reports an CLOSED replica.
2019-10-20 10:17:19,724 [EventQueue-ContainerReportForContainerReportHandler] WARN  container.ContainerReportHandler (AbstractContainerReportHandler.java:updateContainerState(145)) - Container #1 is in OPEN state, but the datanode e76b0d72-a5f7-47dd-bc74-8743a5d358b0{ip: 192.168.69.89, host: pr-hdds-2335-x5gnt-184872562, networkLocation: /default-rack, certSerialId: null} reports an CLOSED replica.
2019-10-20 10:17:19,889 [BlockDeletingService#2] WARN  background.BlockDeletingService (BlockDeletingService.java:isDeletionAllowed(187)) - Close Container log Index 6 is not replicated across allthe servers in the pipeline 119175b0-5d21-4334-a09f-cc68b5f19ad3 as the min replicated index is 4. Deletion is not allowed in this container yet.
2019-10-20 10:17:19,889 [BlockDeletingService#2] WARN  background.BlockDeletingService (BlockDeletingService.java:isDeletionAllowed(187)) - Close Container log Index 6 is not replicated across allthe servers in the pipeline 119175b0-5d21-4334-a09f-cc68b5f19ad3 as the min replicated index is 4. Deletion is not allowed in this container yet.
2019-10-20 10:17:19,949 [EventQueue-ContainerReportForContainerReportHandler] WARN  container.ContainerReportHandler (AbstractContainerReportHandler.java:updateContainerState(145)) - Container #1 is in OPEN state, but the datanode f1d6a710-9313-44dc-a005-f0b22c06f92c{ip: 192.168.69.89, host: pr-hdds-2335-x5gnt-184872562, networkLocation: /default-rack, certSerialId: null} reports an CLOSED replica.
2019-10-20 10:17:20,025 [EventQueue-ContainerReportForContainerReportHandler] WARN  container.ContainerReportHandler (AbstractContainerReportHandler.java:updateContainerState(145)) - Container #1 is in OPEN state, but the datanode e76b0d72-a5f7-47dd-bc74-8743a5d358b0{ip: 192.168.69.89, host: pr-hdds-2335-x5gnt-184872562, networkLocation: /default-rack, certSerialId: null} reports an CLOSED replica.
2019-10-20 10:17:20,249 [EventQueue-ContainerReportForContainerReportHandler] WARN  container.ContainerReportHandler (AbstractContainerReportHandler.java:updateContainerState(145)) - Container #1 is in OPEN state, but the datanode f1d6a710-9313-44dc-a005-f0b22c06f92c{ip: 192.168.69.89, host: pr-hdds-2335-x5gnt-184872562, networkLocation: /default-rack, certSerialId: null} reports an CLOSED replica.
2019-10-20 10:17:20,324 [EventQueue-ContainerReportForContainerReportHandler] WARN  container.ContainerReportHandler (AbstractContainerReportHandler.java:updateContainerState(145)) - Container #1 is in OPEN state, but the datanode e76b0d72-a5f7-47dd-bc74-8743a5d358b0{ip: 192.168.69.89, host: pr-hdds-2335-x5gnt-184872562, networkLocation: /default-rack, certSerialId: null} reports an CLOSED replica.
2019-10-20 10:17:20,649 [EventQueue-ContainerReportForContainerReportHandler] WARN  container.ContainerReportHandler (AbstractContainerReportHandler.java:updateContainerState(145)) - Container #1 is in OPEN state, but the datanode f1d6a710-9313-44dc-a005-f0b22c06f92c{ip: 192.168.69.89, host: pr-hdds-2335-x5gnt-184872562, networkLocation: /default-rack, certSerialId: null} reports an CLOSED replica.
2019-10-20 10:17:20,724 [EventQueue-ContainerReportForContainerReportHandler] WARN  container.ContainerReportHandler (AbstractContainerReportHandler.java:updateContainerState(145)) - Container #1 is in OPEN state, but the datanode e76b0d72-a5f7-47dd-bc74-8743a5d358b0{ip: 192.168.69.89, host: pr-hdds-2335-x5gnt-184872562, networkLocation: /default-rack, certSerialId: null} reports an CLOSED replica.
2019-10-20 10:17:20,892 [BlockDeletingService#2] WARN  background.BlockDeletingService (BlockDeletingService.java:isDeletionAllowed(187)) - Close Container log Index 6 is not replicated across allthe servers in the pipeline 119175b0-5d21-4334-a09f-cc68b5f19ad3 as the min replicated index is 4. Deletion is not allowed in this container yet.
2019-10-20 10:17:20,892 [BlockDeletingService#2] WARN  background.BlockDeletingService (BlockDeletingService.java:isDeletionAllowed(187)) - Close Container log Index 6 is not replicated across allthe servers in the pipeline 119175b0-5d21-4334-a09f-cc68b5f19ad3 as the min replicated index is 4. Deletion is not allowed in this container yet.
2019-10-20 10:17:20,925 [EventQueue-ContainerReportForContainerReportHandler] WARN  container.ContainerReportHandler (AbstractContainerReportHandler.java:updateContainerState(145)) - Container #1 is in OPEN state, but the datanode e76b0d72-a5f7-47dd-bc74-8743a5d358b0{ip: 192.168.69.89, host: pr-hdds-2335-x5gnt-184872562, networkLocation: /default-rack, certSerialId: null} reports an CLOSED replica.
2019-10-20 10:17:21,051 [EventQueue-ContainerReportForContainerReportHandler] WARN  container.ContainerReportHandler (AbstractContainerReportHandler.java:updateContainerState(145)) - Container #1 is in OPEN state, but the datanode f1d6a710-9313-44dc-a005-f0b22c06f92c{ip: 192.168.69.89, host: pr-hdds-2335-x5gnt-184872562, networkLocation: /default-rack, certSerialId: null} reports an CLOSED replica.
2019-10-20 10:17:21,224 [EventQueue-ContainerReportForContainerReportHandler] WARN  container.ContainerReportHandler (AbstractContainerReportHandler.java:updateContainerState(145)) - Container #1 is in OPEN state, but the datanode e76b0d72-a5f7-47dd-bc74-8743a5d358b0{ip: 192.168.69.89, host: pr-hdds-2335-x5gnt-184872562, networkLocation: /default-rack, certSerialId: null} reports an CLOSED replica.
2019-10-20 10:17:21,250 [EventQueue-ContainerReportForContainerReportHandler] WARN  container.ContainerReportHandler (AbstractContainerReportHandler.java:updateContainerState(145)) - Container #1 is in OPEN state, but the datanode f1d6a710-9313-44dc-a005-f0b22c06f92c{ip: 192.168.69.89, host: pr-hdds-2335-x5gnt-184872562, networkLocation: /default-rack, certSerialId: null} reports an CLOSED replica.
2019-10-20 10:17:21,450 [EventQueue-ContainerReportForContainerReportHandler] WARN  container.ContainerReportHandler (AbstractContainerReportHandler.java:updateContainerState(145)) - Container #1 is in OPEN state, but the datanode f1d6a710-9313-44dc-a005-f0b22c06f92c{ip: 192.168.69.89, host: pr-hdds-2335-x5gnt-184872562, networkLocation: /default-rack, certSerialId: null} reports an CLOSED replica.
2019-10-20 10:17:21,524 [EventQueue-ContainerReportForContainerReportHandler] WARN  container.ContainerReportHandler (AbstractContainerReportHandler.java:updateContainerState(145)) - Container #1 is in OPEN state, but the datanode e76b0d72-a5f7-47dd-bc74-8743a5d358b0{ip: 192.168.69.89, host: pr-hdds-2335-x5gnt-184872562, networkLocation: /default-rack, certSerialId: null} reports an CLOSED replica.
2019-10-20 10:17:21,650 [EventQueue-ContainerReportForContainerReportHandler] WARN  container.ContainerReportHandler (AbstractContainerReportHandler.java:updateContainerState(145)) - Container #1 is in OPEN state, but the datanode f1d6a710-9313-44dc-a005-f0b22c06f92c{ip: 192.168.69.89, host: pr-hdds-2335-x5gnt-184872562, networkLocation: /default-rack, certSerialId: null} reports an CLOSED replica.
2019-10-20 10:17:21,783 [java.util.concurrent.ThreadPoolExecutor$Worker@28f79926[State = -1, empty queue]] WARN  server.GrpcLogAppender (GrpcLogAppender.java:timeoutAppendRequest(209)) - e76b0d72-a5f7-47dd-bc74-8743a5d358b0@group-CC68B5F19AD3->e534181c-9f5d-4f71-ad0d-cd71b851ae4d-GrpcLogAppender: appendEntries Timeout, request=e76b0d72-a5f7-47dd-bc74-8743a5d358b0->e534181c-9f5d-4f71-ad0d-cd71b851ae4d#27-t2, previous=(t:2, i:10), leaderCommit=10, initializing? false, entries: <empty>
2019-10-20 10:17:21,815 [Thread-348] INFO  client.GrpcClientProtocolService (GrpcClientProtocolService.java:lambda$processClientRequest$0(278)) - Failed RaftClientRequest:client-67F6425C4112->f1d6a710-9313-44dc-a005-f0b22c06f92c@group-CC68B5F19AD3, cid=10, seq=0, Watch-ALL_COMMITTED(6), Message:<EMPTY>, reply=RaftClientReply:client-67F6425C4112->f1d6a710-9313-44dc-a005-f0b22c06f92c@group-CC68B5F19AD3, cid=10, FAILED org.apache.ratis.protocol.NotLeaderException: Server f1d6a710-9313-44dc-a005-f0b22c06f92c@group-CC68B5F19AD3 is not the leader e76b0d72-a5f7-47dd-bc74-8743a5d358b0:192.168.69.89:42489, logIndex=0, commits[f1d6a710-9313-44dc-a005-f0b22c06f92c:c10, e76b0d72-a5f7-47dd-bc74-8743a5d358b0:c10, e534181c-9f5d-4f71-ad0d-cd71b851ae4d:c4]
2019-10-20 10:17:21,825 [EventQueue-ContainerReportForContainerReportHandler] WARN  container.ContainerReportHandler (AbstractContainerReportHandler.java:updateContainerState(145)) - Container #1 is in OPEN state, but the datanode e76b0d72-a5f7-47dd-bc74-8743a5d358b0{ip: 192.168.69.89, host: pr-hdds-2335-x5gnt-184872562, networkLocation: /default-rack, certSerialId: null} reports an CLOSED replica.
2019-10-20 10:17:21,894 [BlockDeletingService#2] WARN  background.BlockDeletingService (BlockDeletingService.java:isDeletionAllowed(187)) - Close Container log Index 6 is not replicated across allthe servers in the pipeline 119175b0-5d21-4334-a09f-cc68b5f19ad3 as the min replicated index is 4. Deletion is not allowed in this container yet.
2019-10-20 10:17:21,894 [BlockDeletingService#2] WARN  background.BlockDeletingService (BlockDeletingService.java:isDeletionAllowed(187)) - Close Container log Index 6 is not replicated across allthe servers in the pipeline 119175b0-5d21-4334-a09f-cc68b5f19ad3 as the min replicated index is 4. Deletion is not allowed in this container yet.
2019-10-20 10:17:22,050 [EventQueue-ContainerReportForContainerReportHandler] WARN  container.ContainerReportHandler (AbstractContainerReportHandler.java:updateContainerState(145)) - Container #1 is in OPEN state, but the datanode f1d6a710-9313-44dc-a005-f0b22c06f92c{ip: 192.168.69.89, host: pr-hdds-2335-x5gnt-184872562, networkLocation: /default-rack, certSerialId: null} reports an CLOSED replica.
2019-10-20 10:17:22,125 [EventQueue-ContainerReportForContainerReportHandler] WARN  container.ContainerReportHandler (AbstractContainerReportHandler.java:updateContainerState(145)) - Container #1 is in OPEN state, but the datanode e76b0d72-a5f7-47dd-bc74-8743a5d358b0{ip: 192.168.69.89, host: pr-hdds-2335-x5gnt-184872562, networkLocation: /default-rack, certSerialId: null} reports an CLOSED replica.
2019-10-20 10:17:22,251 [EventQueue-ContainerReportForContainerReportHandler] WARN  container.ContainerReportHandler (AbstractContainerReportHandler.java:updateContainerState(145)) - Container #1 is in OPEN state, but the datanode f1d6a710-9313-44dc-a005-f0b22c06f92c{ip: 192.168.69.89, host: pr-hdds-2335-x5gnt-184872562, networkLocation: /default-rack, certSerialId: null} reports an CLOSED replica.
2019-10-20 10:17:22,325 [EventQueue-ContainerReportForContainerReportHandler] WARN  container.ContainerReportHandler (AbstractContainerReportHandler.java:updateContainerState(145)) - Container #1 is in OPEN state, but the datanode e76b0d72-a5f7-47dd-bc74-8743a5d358b0{ip: 192.168.69.89, host: pr-hdds-2335-x5gnt-184872562, networkLocation: /default-rack, certSerialId: null} reports an CLOSED replica.
2019-10-20 10:17:22,525 [EventQueue-ContainerReportForContainerReportHandler] WARN  container.ContainerReportHandler (AbstractContainerReportHandler.java:updateContainerState(145)) - Container #1 is in OPEN state, but the datanode e76b0d72-a5f7-47dd-bc74-8743a5d358b0{ip: 192.168.69.89, host: pr-hdds-2335-x5gnt-184872562, networkLocation: /default-rack, certSerialId: null} reports an CLOSED replica.
2019-10-20 10:17:22,551 [EventQueue-ContainerReportForContainerReportHandler] WARN  container.ContainerReportHandler (AbstractContainerReportHandler.java:updateContainerState(145)) - Container #1 is in OPEN state, but the datanode f1d6a710-9313-44dc-a005-f0b22c06f92c{ip: 192.168.69.89, host: pr-hdds-2335-x5gnt-184872562, networkLocation: /default-rack, certSerialId: null} reports an CLOSED replica.
2019-10-20 10:17:22,751 [EventQueue-ContainerReportForContainerReportHandler] WARN  container.ContainerReportHandler (AbstractContainerReportHandler.java:updateContainerState(145)) - Container #1 is in OPEN state, but the datanode f1d6a710-9313-44dc-a005-f0b22c06f92c{ip: 192.168.69.89, host: pr-hdds-2335-x5gnt-184872562, networkLocation: /default-rack, certSerialId: null} reports an CLOSED replica.
2019-10-20 10:17:22,884 [Thread-353] INFO  client.GrpcClientProtocolService (GrpcClientProtocolService.java:lambda$processClientRequest$0(278)) - Failed RaftClientRequest:client-67F6425C4112->e76b0d72-a5f7-47dd-bc74-8743a5d358b0@group-CC68B5F19AD3, cid=10, seq=0, Watch-ALL_COMMITTED(6), Message:<EMPTY>, reply=RaftClientReply:client-67F6425C4112->e76b0d72-a5f7-47dd-bc74-8743a5d358b0@group-CC68B5F19AD3, cid=10, FAILED org.apache.ratis.protocol.NotReplicatedException: Request with call Id 10 and log index 6 is not yet replicated to ALL_COMMITTED, logIndex=6, commits[e76b0d72-a5f7-47dd-bc74-8743a5d358b0:c10, e534181c-9f5d-4f71-ad0d-cd71b851ae4d:c4, f1d6a710-9313-44dc-a005-f0b22c06f92c:c10]
2019-10-20 10:17:22,896 [BlockDeletingService#2] WARN  background.BlockDeletingService (BlockDeletingService.java:isDeletionAllowed(187)) - Close Container log Index 6 is not replicated across allthe servers in the pipeline 119175b0-5d21-4334-a09f-cc68b5f19ad3 as the min replicated index is 4. Deletion is not allowed in this container yet.
2019-10-20 10:17:22,896 [BlockDeletingService#2] WARN  background.BlockDeletingService (BlockDeletingService.java:isDeletionAllowed(187)) - Close Container log Index 6 is not replicated across allthe servers in the pipeline 119175b0-5d21-4334-a09f-cc68b5f19ad3 as the min replicated index is 4. Deletion is not allowed in this container yet.
2019-10-20 10:17:22,925 [EventQueue-ContainerReportForContainerReportHandler] WARN  container.ContainerReportHandler (AbstractContainerReportHandler.java:updateContainerState(145)) - Container #1 is in OPEN state, but the datanode e76b0d72-a5f7-47dd-bc74-8743a5d358b0{ip: 192.168.69.89, host: pr-hdds-2335-x5gnt-184872562, networkLocation: /default-rack, certSerialId: null} reports an CLOSED replica.
2019-10-20 10:17:22,951 [EventQueue-ContainerReportForContainerReportHandler] WARN  container.ContainerReportHandler (AbstractContainerReportHandler.java:updateContainerState(145)) - Container #1 is in OPEN state, but the datanode f1d6a710-9313-44dc-a005-f0b22c06f92c{ip: 192.168.69.89, host: pr-hdds-2335-x5gnt-184872562, networkLocation: /default-rack, certSerialId: null} reports an CLOSED replica.
2019-10-20 10:17:23,227 [EventQueue-ContainerReportForContainerReportHandler] WARN  container.ContainerReportHandler (AbstractContainerReportHandler.java:updateContainerState(145)) - Container #1 is in OPEN state, but the datanode e76b0d72-a5f7-47dd-bc74-8743a5d358b0{ip: 192.168.69.89, host: pr-hdds-2335-x5gnt-184872562, networkLocation: /default-rack, certSerialId: null} reports an CLOSED replica.
2019-10-20 10:17:23,253 [EventQueue-ContainerReportForContainerReportHandler] WARN  container.ContainerReportHandler (AbstractContainerReportHandler.java:updateContainerState(145)) - Container #1 is in OPEN state, but the datanode f1d6a710-9313-44dc-a005-f0b22c06f92c{ip: 192.168.69.89, host: pr-hdds-2335-x5gnt-184872562, networkLocation: /default-rack, certSerialId: null} reports an CLOSED replica.
2019-10-20 10:17:23,526 [EventQueue-ContainerReportForContainerReportHandler] WARN  container.ContainerReportHandler (AbstractContainerReportHandler.java:updateContainerState(145)) - Container #1 is in OPEN state, but the datanode e76b0d72-a5f7-47dd-bc74-8743a5d358b0{ip: 192.168.69.89, host: pr-hdds-2335-x5gnt-184872562, networkLocation: /default-rack, certSerialId: null} reports an CLOSED replica.
2019-10-20 10:17:23,552 [EventQueue-ContainerReportForContainerReportHandler] WARN  container.ContainerReportHandler (AbstractContainerReportHandler.java:updateContainerState(145)) - Container #1 is in OPEN state, but the datanode f1d6a710-9313-44dc-a005-f0b22c06f92c{ip: 192.168.69.89, host: pr-hdds-2335-x5gnt-184872562, networkLocation: /default-rack, certSerialId: null} reports an CLOSED replica.
2019-10-20 10:17:23,826 [EventQueue-ContainerReportForContainerReportHandler] WARN  container.ContainerReportHandler (AbstractContainerReportHandler.java:updateContainerState(145)) - Container #1 is in OPEN state, but the datanode e76b0d72-a5f7-47dd-bc74-8743a5d358b0{ip: 192.168.69.89, host: pr-hdds-2335-x5gnt-184872562, networkLocation: /default-rack, certSerialId: null} reports an CLOSED replica.
2019-10-20 10:17:23,852 [EventQueue-ContainerReportForContainerReportHandler] WARN  container.ContainerReportHandler (AbstractContainerReportHandler.java:updateContainerState(145)) - Container #1 is in OPEN state, but the datanode f1d6a710-9313-44dc-a005-f0b22c06f92c{ip: 192.168.69.89, host: pr-hdds-2335-x5gnt-184872562, networkLocation: /default-rack, certSerialId: null} reports an CLOSED replica.
2019-10-20 10:17:23,900 [BlockDeletingService#2] WARN  background.BlockDeletingService (BlockDeletingService.java:isDeletionAllowed(187)) - Close Container log Index 6 is not replicated across allthe servers in the pipeline 119175b0-5d21-4334-a09f-cc68b5f19ad3 as the min replicated index is 4. Deletion is not allowed in this container yet.
2019-10-20 10:17:23,901 [BlockDeletingService#2] WARN  background.BlockDeletingService (BlockDeletingService.java:isDeletionAllowed(187)) - Close Container log Index 6 is not replicated across allthe servers in the pipeline 119175b0-5d21-4334-a09f-cc68b5f19ad3 as the min replicated index is 4. Deletion is not allowed in this container yet.
2019-10-20 10:17:24,127 [EventQueue-ContainerReportForContainerReportHandler] WARN  container.ContainerReportHandler (AbstractContainerReportHandler.java:updateContainerState(145)) - Container #1 is in OPEN state, but the datanode e76b0d72-a5f7-47dd-bc74-8743a5d358b0{ip: 192.168.69.89, host: pr-hdds-2335-x5gnt-184872562, networkLocation: /default-rack, certSerialId: null} reports an CLOSED replica.
2019-10-20 10:17:24,153 [EventQueue-ContainerReportForContainerReportHandler] WARN  container.ContainerReportHandler (AbstractContainerReportHandler.java:updateContainerState(145)) - Container #1 is in OPEN state, but the datanode f1d6a710-9313-44dc-a005-f0b22c06f92c{ip: 192.168.69.89, host: pr-hdds-2335-x5gnt-184872562, networkLocation: /default-rack, certSerialId: null} reports an CLOSED replica.
2019-10-20 10:17:24,286 [java.util.concurrent.ThreadPoolExecutor$Worker@28f79926[State = -1, empty queue]] WARN  server.GrpcLogAppender (GrpcLogAppender.java:timeoutAppendRequest(209)) - e76b0d72-a5f7-47dd-bc74-8743a5d358b0@group-CC68B5F19AD3->e534181c-9f5d-4f71-ad0d-cd71b851ae4d-GrpcLogAppender: appendEntries Timeout, request=e76b0d72-a5f7-47dd-bc74-8743a5d358b0->e534181c-9f5d-4f71-ad0d-cd71b851ae4d#28-t2, previous=(t:2, i:10), leaderCommit=10, initializing? false, entries: <empty>
2019-10-20 10:17:24,353 [EventQueue-ContainerReportForContainerReportHandler] WARN  container.ContainerReportHandler (AbstractContainerReportHandler.java:updateContainerState(145)) - Container #1 is in OPEN state, but the datanode f1d6a710-9313-44dc-a005-f0b22c06f92c{ip: 192.168.69.89, host: pr-hdds-2335-x5gnt-184872562, networkLocation: /default-rack, certSerialId: null} reports an CLOSED replica.
2019-10-20 10:17:24,527 [EventQueue-ContainerReportForContainerReportHandler] WARN  container.ContainerReportHandler (AbstractContainerReportHandler.java:updateContainerState(145)) - Container #1 is in OPEN state, but the datanode e76b0d72-a5f7-47dd-bc74-8743a5d358b0{ip: 192.168.69.89, host: pr-hdds-2335-x5gnt-184872562, networkLocation: /default-rack, certSerialId: null} reports an CLOSED replica.
2019-10-20 10:17:24,553 [EventQueue-ContainerReportForContainerReportHandler] WARN  container.ContainerReportHandler (AbstractContainerReportHandler.java:updateContainerState(145)) - Container #1 is in OPEN state, but the datanode f1d6a710-9313-44dc-a005-f0b22c06f92c{ip: 192.168.69.89, host: pr-hdds-2335-x5gnt-184872562, networkLocation: /default-rack, certSerialId: null} reports an CLOSED replica.
2019-10-20 10:17:24,828 [EventQueue-ContainerReportForContainerReportHandler] WARN  container.ContainerReportHandler (AbstractContainerReportHandler.java:updateContainerState(145)) - Container #1 is in OPEN state, but the datanode e76b0d72-a5f7-47dd-bc74-8743a5d358b0{ip: 192.168.69.89, host: pr-hdds-2335-x5gnt-184872562, networkLocation: /default-rack, certSerialId: null} reports an CLOSED replica.
2019-10-20 10:17:24,853 [EventQueue-ContainerReportForContainerReportHandler] WARN  container.ContainerReportHandler (AbstractContainerReportHandler.java:updateContainerState(145)) - Container #1 is in OPEN state, but the datanode f1d6a710-9313-44dc-a005-f0b22c06f92c{ip: 192.168.69.89, host: pr-hdds-2335-x5gnt-184872562, networkLocation: /default-rack, certSerialId: null} reports an CLOSED replica.
2019-10-20 10:17:24,902 [BlockDeletingService#2] WARN  background.BlockDeletingService (BlockDeletingService.java:isDeletionAllowed(187)) - Close Container log Index 6 is not replicated across allthe servers in the pipeline 119175b0-5d21-4334-a09f-cc68b5f19ad3 as the min replicated index is 4. Deletion is not allowed in this container yet.
2019-10-20 10:17:24,902 [BlockDeletingService#2] WARN  background.BlockDeletingService (BlockDeletingService.java:isDeletionAllowed(187)) - Close Container log Index 6 is not replicated across allthe servers in the pipeline 119175b0-5d21-4334-a09f-cc68b5f19ad3 as the min replicated index is 4. Deletion is not allowed in this container yet.
2019-10-20 10:17:25,053 [EventQueue-ContainerReportForContainerReportHandler] WARN  container.ContainerReportHandler (AbstractContainerReportHandler.java:updateContainerState(145)) - Container #1 is in OPEN state, but the datanode f1d6a710-9313-44dc-a005-f0b22c06f92c{ip: 192.168.69.89, host: pr-hdds-2335-x5gnt-184872562, networkLocation: /default-rack, certSerialId: null} reports an CLOSED replica.
2019-10-20 10:17:25,227 [EventQueue-ContainerReportForContainerReportHandler] WARN  container.ContainerReportHandler (AbstractContainerReportHandler.java:updateContainerState(145)) - Container #1 is in OPEN state, but the datanode e76b0d72-a5f7-47dd-bc74-8743a5d358b0{ip: 192.168.69.89, host: pr-hdds-2335-x5gnt-184872562, networkLocation: /default-rack, certSerialId: null} reports an CLOSED replica.
2019-10-20 10:17:25,454 [EventQueue-ContainerReportForContainerReportHandler] WARN  container.ContainerReportHandler (AbstractContainerReportHandler.java:updateContainerState(145)) - Container #1 is in OPEN state, but the datanode f1d6a710-9313-44dc-a005-f0b22c06f92c{ip: 192.168.69.89, host: pr-hdds-2335-x5gnt-184872562, networkLocation: /default-rack, certSerialId: null} reports an CLOSED replica.
2019-10-20 10:17:25,628 [EventQueue-ContainerReportForContainerReportHandler] WARN  container.ContainerReportHandler (AbstractContainerReportHandler.java:updateContainerState(145)) - Container #1 is in OPEN state, but the datanode e76b0d72-a5f7-47dd-bc74-8743a5d358b0{ip: 192.168.69.89, host: pr-hdds-2335-x5gnt-184872562, networkLocation: /default-rack, certSerialId: null} reports an CLOSED replica.
2019-10-20 10:17:25,754 [EventQueue-ContainerReportForContainerReportHandler] WARN  container.ContainerReportHandler (AbstractContainerReportHandler.java:updateContainerState(145)) - Container #1 is in OPEN state, but the datanode f1d6a710-9313-44dc-a005-f0b22c06f92c{ip: 192.168.69.89, host: pr-hdds-2335-x5gnt-184872562, networkLocation: /default-rack, certSerialId: null} reports an CLOSED replica.
2019-10-20 10:17:25,904 [BlockDeletingService#2] WARN  background.BlockDeletingService (BlockDeletingService.java:isDeletionAllowed(187)) - Close Container log Index 6 is not replicated across allthe servers in the pipeline 119175b0-5d21-4334-a09f-cc68b5f19ad3 as the min replicated index is 4. Deletion is not allowed in this container yet.
2019-10-20 10:17:25,904 [BlockDeletingService#2] WARN  background.BlockDeletingService (BlockDeletingService.java:isDeletionAllowed(187)) - Close Container log Index 6 is not replicated across allthe servers in the pipeline 119175b0-5d21-4334-a09f-cc68b5f19ad3 as the min replicated index is 4. Deletion is not allowed in this container yet.
2019-10-20 10:17:25,928 [EventQueue-ContainerReportForContainerReportHandler] WARN  container.ContainerReportHandler (AbstractContainerReportHandler.java:updateContainerState(145)) - Container #1 is in OPEN state, but the datanode e76b0d72-a5f7-47dd-bc74-8743a5d358b0{ip: 192.168.69.89, host: pr-hdds-2335-x5gnt-184872562, networkLocation: /default-rack, certSerialId: null} reports an CLOSED replica.
2019-10-20 10:17:25,954 [EventQueue-ContainerReportForContainerReportHandler] WARN  container.ContainerReportHandler (AbstractContainerReportHandler.java:updateContainerState(145)) - Container #1 is in OPEN state, but the datanode f1d6a710-9313-44dc-a005-f0b22c06f92c{ip: 192.168.69.89, host: pr-hdds-2335-x5gnt-184872562, networkLocation: /default-rack, certSerialId: null} reports an CLOSED replica.
2019-10-20 10:17:26,229 [EventQueue-ContainerReportForContainerReportHandler] WARN  container.ContainerReportHandler (AbstractContainerReportHandler.java:updateContainerState(145)) - Container #1 is in OPEN state, but the datanode e76b0d72-a5f7-47dd-bc74-8743a5d358b0{ip: 192.168.69.89, host: pr-hdds-2335-x5gnt-184872562, networkLocation: /default-rack, certSerialId: null} reports an CLOSED replica.
2019-10-20 10:17:26,354 [EventQueue-ContainerReportForContainerReportHandler] WARN  container.ContainerReportHandler (AbstractContainerReportHandler.java:updateContainerState(145)) - Container #1 is in OPEN state, but the datanode f1d6a710-9313-44dc-a005-f0b22c06f92c{ip: 192.168.69.89, host: pr-hdds-2335-x5gnt-184872562, networkLocation: /default-rack, certSerialId: null} reports an CLOSED replica.
2019-10-20 10:17:26,527 [EventQueue-ContainerReportForContainerReportHandler] WARN  container.ContainerReportHandler (AbstractContainerReportHandler.java:updateContainerState(145)) - Container #1 is in OPEN state, but the datanode e76b0d72-a5f7-47dd-bc74-8743a5d358b0{ip: 192.168.69.89, host: pr-hdds-2335-x5gnt-184872562, networkLocation: /default-rack, certSerialId: null} reports an CLOSED replica.
2019-10-20 10:17:26,654 [EventQueue-ContainerReportForContainerReportHandler] WARN  container.ContainerReportHandler (AbstractContainerReportHandler.java:updateContainerState(145)) - Container #1 is in OPEN state, but the datanode f1d6a710-9313-44dc-a005-f0b22c06f92c{ip: 192.168.69.89, host: pr-hdds-2335-x5gnt-184872562, networkLocation: /default-rack, certSerialId: null} reports an CLOSED replica.
2019-10-20 10:17:26,788 [java.util.concurrent.ThreadPoolExecutor$Worker@28f79926[State = -1, empty queue]] WARN  server.GrpcLogAppender (GrpcLogAppender.java:timeoutAppendRequest(209)) - e76b0d72-a5f7-47dd-bc74-8743a5d358b0@group-CC68B5F19AD3->e534181c-9f5d-4f71-ad0d-cd71b851ae4d-GrpcLogAppender: appendEntries Timeout, request=e76b0d72-a5f7-47dd-bc74-8743a5d358b0->e534181c-9f5d-4f71-ad0d-cd71b851ae4d#29-t2, previous=(t:2, i:10), leaderCommit=10, initializing? false, entries: <empty>
2019-10-20 10:17:26,828 [EventQueue-ContainerReportForContainerReportHandler] WARN  container.ContainerReportHandler (AbstractContainerReportHandler.java:updateContainerState(145)) - Container #1 is in OPEN state, but the datanode e76b0d72-a5f7-47dd-bc74-8743a5d358b0{ip: 192.168.69.89, host: pr-hdds-2335-x5gnt-184872562, networkLocation: /default-rack, certSerialId: null} reports an CLOSED replica.
2019-10-20 10:17:26,905 [BlockDeletingService#2] WARN  background.BlockDeletingService (BlockDeletingService.java:isDeletionAllowed(187)) - Close Container log Index 6 is not replicated across allthe servers in the pipeline 119175b0-5d21-4334-a09f-cc68b5f19ad3 as the min replicated index is 4. Deletion is not allowed in this container yet.
2019-10-20 10:17:26,906 [BlockDeletingService#2] WARN  background.BlockDeletingService (BlockDeletingService.java:isDeletionAllowed(187)) - Close Container log Index 6 is not replicated across allthe servers in the pipeline 119175b0-5d21-4334-a09f-cc68b5f19ad3 as the min replicated index is 4. Deletion is not allowed in this container yet.
2019-10-20 10:17:27,055 [EventQueue-ContainerReportForContainerReportHandler] WARN  container.ContainerReportHandler (AbstractContainerReportHandler.java:updateContainerState(145)) - Container #1 is in OPEN state, but the datanode f1d6a710-9313-44dc-a005-f0b22c06f92c{ip: 192.168.69.89, host: pr-hdds-2335-x5gnt-184872562, networkLocation: /default-rack, certSerialId: null} reports an CLOSED replica.
2019-10-20 10:17:27,127 [EventQueue-ContainerReportForContainerReportHandler] WARN  container.ContainerReportHandler (AbstractContainerReportHandler.java:updateContainerState(145)) - Container #1 is in OPEN state, but the datanode e76b0d72-a5f7-47dd-bc74-8743a5d358b0{ip: 192.168.69.89, host: pr-hdds-2335-x5gnt-184872562, networkLocation: /default-rack, certSerialId: null} reports an CLOSED replica.
2019-10-20 10:17:27,356 [EventQueue-ContainerReportForContainerReportHandler] WARN  container.ContainerReportHandler (AbstractContainerReportHandler.java:updateContainerState(145)) - Container #1 is in OPEN state, but the datanode f1d6a710-9313-44dc-a005-f0b22c06f92c{ip: 192.168.69.89, host: pr-hdds-2335-x5gnt-184872562, networkLocation: /default-rack, certSerialId: null} reports an CLOSED replica.
2019-10-20 10:17:27,428 [EventQueue-ContainerReportForContainerReportHandler] WARN  container.ContainerReportHandler (AbstractContainerReportHandler.java:updateContainerState(145)) - Container #1 is in OPEN state, but the datanode e76b0d72-a5f7-47dd-bc74-8743a5d358b0{ip: 192.168.69.89, host: pr-hdds-2335-x5gnt-184872562, networkLocation: /default-rack, certSerialId: null} reports an CLOSED replica.
2019-10-20 10:17:27,628 [EventQueue-ContainerReportForContainerReportHandler] WARN  container.ContainerReportHandler (AbstractContainerReportHandler.java:updateContainerState(145)) - Container #1 is in OPEN state, but the datanode e76b0d72-a5f7-47dd-bc74-8743a5d358b0{ip: 192.168.69.89, host: pr-hdds-2335-x5gnt-184872562, networkLocation: /default-rack, certSerialId: null} reports an CLOSED replica.
2019-10-20 10:17:27,656 [EventQueue-ContainerReportForContainerReportHandler] WARN  container.ContainerReportHandler (AbstractContainerReportHandler.java:updateContainerState(145)) - Container #1 is in OPEN state, but the datanode f1d6a710-9313-44dc-a005-f0b22c06f92c{ip: 192.168.69.89, host: pr-hdds-2335-x5gnt-184872562, networkLocation: /default-rack, certSerialId: null} reports an CLOSED replica.
2019-10-20 10:17:27,828 [EventQueue-ContainerReportForContainerReportHandler] WARN  container.ContainerReportHandler (AbstractContainerReportHandler.java:updateContainerState(145)) - Container #1 is in OPEN state, but the datanode e76b0d72-a5f7-47dd-bc74-8743a5d358b0{ip: 192.168.69.89, host: pr-hdds-2335-x5gnt-184872562, networkLocation: /default-rack, certSerialId: null} reports an CLOSED replica.
2019-10-20 10:17:27,907 [BlockDeletingService#2] WARN  background.BlockDeletingService (BlockDeletingService.java:isDeletionAllowed(187)) - Close Container log Index 6 is not replicated across allthe servers in the pipeline 119175b0-5d21-4334-a09f-cc68b5f19ad3 as the min replicated index is 4. Deletion is not allowed in this container yet.
2019-10-20 10:17:27,907 [BlockDeletingService#2] WARN  background.BlockDeletingService (BlockDeletingService.java:isDeletionAllowed(187)) - Close Container log Index 6 is not replicated across allthe servers in the pipeline 119175b0-5d21-4334-a09f-cc68b5f19ad3 as the min replicated index is 4. Deletion is not allowed in this container yet.
2019-10-20 10:17:27,956 [EventQueue-ContainerReportForContainerReportHandler] WARN  container.ContainerReportHandler (AbstractContainerReportHandler.java:updateContainerState(145)) - Container #1 is in OPEN state, but the datanode f1d6a710-9313-44dc-a005-f0b22c06f92c{ip: 192.168.69.89, host: pr-hdds-2335-x5gnt-184872562, networkLocation: /default-rack, certSerialId: null} reports an CLOSED replica.
2019-10-20 10:17:28,156 [EventQueue-ContainerReportForContainerReportHandler] WARN  container.ContainerReportHandler (AbstractContainerReportHandler.java:updateContainerState(145)) - Container #1 is in OPEN state, but the datanode f1d6a710-9313-44dc-a005-f0b22c06f92c{ip: 192.168.69.89, host: pr-hdds-2335-x5gnt-184872562, networkLocation: /default-rack, certSerialId: null} reports an CLOSED replica.
2019-10-20 10:17:28,228 [EventQueue-ContainerReportForContainerReportHandler] WARN  container.ContainerReportHandler (AbstractContainerReportHandler.java:updateContainerState(145)) - Container #1 is in OPEN state, but the datanode e76b0d72-a5f7-47dd-bc74-8743a5d358b0{ip: 192.168.69.89, host: pr-hdds-2335-x5gnt-184872562, networkLocation: /default-rack, certSerialId: null} reports an CLOSED replica.
2019-10-20 10:17:28,457 [EventQueue-ContainerReportForContainerReportHandler] WARN  container.ContainerReportHandler (AbstractContainerReportHandler.java:updateContainerState(145)) - Container #1 is in OPEN state, but the datanode f1d6a710-9313-44dc-a005-f0b22c06f92c{ip: 192.168.69.89, host: pr-hdds-2335-x5gnt-184872562, networkLocation: /default-rack, certSerialId: null} reports an CLOSED replica.
2019-10-20 10:17:28,529 [EventQueue-ContainerReportForContainerReportHandler] WARN  container.ContainerReportHandler (AbstractContainerReportHandler.java:updateContainerState(145)) - Container #1 is in OPEN state, but the datanode e76b0d72-a5f7-47dd-bc74-8743a5d358b0{ip: 192.168.69.89, host: pr-hdds-2335-x5gnt-184872562, networkLocation: /default-rack, certSerialId: null} reports an CLOSED replica.
2019-10-20 10:17:28,728 [EventQueue-ContainerReportForContainerReportHandler] WARN  container.ContainerReportHandler (AbstractContainerReportHandler.java:updateContainerState(145)) - Container #1 is in OPEN state, but the datanode e76b0d72-a5f7-47dd-bc74-8743a5d358b0{ip: 192.168.69.89, host: pr-hdds-2335-x5gnt-184872562, networkLocation: /default-rack, certSerialId: null} reports an CLOSED replica.
2019-10-20 10:17:28,757 [EventQueue-ContainerReportForContainerReportHandler] WARN  container.ContainerReportHandler (AbstractContainerReportHandler.java:updateContainerState(145)) - Container #1 is in OPEN state, but the datanode f1d6a710-9313-44dc-a005-f0b22c06f92c{ip: 192.168.69.89, host: pr-hdds-2335-x5gnt-184872562, networkLocation: /default-rack, certSerialId: null} reports an CLOSED replica.
2019-10-20 10:17:28,909 [BlockDeletingService#2] WARN  background.BlockDeletingService (BlockDeletingService.java:isDeletionAllowed(187)) - Close Container log Index 6 is not replicated across allthe servers in the pipeline 119175b0-5d21-4334-a09f-cc68b5f19ad3 as the min replicated index is 4. Deletion is not allowed in this container yet.
2019-10-20 10:17:28,909 [BlockDeletingService#2] WARN  background.BlockDeletingService (BlockDeletingService.java:isDeletionAllowed(187)) - Close Container log Index 6 is not replicated across allthe servers in the pipeline 119175b0-5d21-4334-a09f-cc68b5f19ad3 as the min replicated index is 4. Deletion is not allowed in this container yet.
2019-10-20 10:17:29,058 [EventQueue-ContainerReportForContainerReportHandler] WARN  container.ContainerReportHandler (AbstractContainerReportHandler.java:updateContainerState(145)) - Container #1 is in OPEN state, but the datanode f1d6a710-9313-44dc-a005-f0b22c06f92c{ip: 192.168.69.89, host: pr-hdds-2335-x5gnt-184872562, networkLocation: /default-rack, certSerialId: null} reports an CLOSED replica.
2019-10-20 10:17:29,128 [EventQueue-ContainerReportForContainerReportHandler] WARN  container.ContainerReportHandler (AbstractContainerReportHandler.java:updateContainerState(145)) - Container #1 is in OPEN state, but the datanode e76b0d72-a5f7-47dd-bc74-8743a5d358b0{ip: 192.168.69.89, host: pr-hdds-2335-x5gnt-184872562, networkLocation: /default-rack, certSerialId: null} reports an CLOSED replica.
2019-10-20 10:17:29,257 [EventQueue-ContainerReportForContainerReportHandler] WARN  container.ContainerReportHandler (AbstractContainerReportHandler.java:updateContainerState(145)) - Container #1 is in OPEN state, but the datanode f1d6a710-9313-44dc-a005-f0b22c06f92c{ip: 192.168.69.89, host: pr-hdds-2335-x5gnt-184872562, networkLocation: /default-rack, certSerialId: null} reports an CLOSED replica.
2019-10-20 10:17:29,291 [java.util.concurrent.ThreadPoolExecutor$Worker@28f79926[State = -1, empty queue]] WARN  server.GrpcLogAppender (GrpcLogAppender.java:timeoutAppendRequest(209)) - e76b0d72-a5f7-47dd-bc74-8743a5d358b0@group-CC68B5F19AD3->e534181c-9f5d-4f71-ad0d-cd71b851ae4d-GrpcLogAppender: appendEntries Timeout, request=e76b0d72-a5f7-47dd-bc74-8743a5d358b0->e534181c-9f5d-4f71-ad0d-cd71b851ae4d#30-t2, previous=(t:2, i:10), leaderCommit=10, initializing? false, entries: <empty>
2019-10-20 10:17:29,429 [EventQueue-ContainerReportForContainerReportHandler] WARN  container.ContainerReportHandler (AbstractContainerReportHandler.java:updateContainerState(145)) - Container #1 is in OPEN state, but the datanode e76b0d72-a5f7-47dd-bc74-8743a5d358b0{ip: 192.168.69.89, host: pr-hdds-2335-x5gnt-184872562, networkLocation: /default-rack, certSerialId: null} reports an CLOSED replica.
2019-10-20 10:17:29,559 [EventQueue-ContainerReportForContainerReportHandler] WARN  container.ContainerReportHandler (AbstractContainerReportHandler.java:updateContainerState(145)) - Container #1 is in OPEN state, but the datanode f1d6a710-9313-44dc-a005-f0b22c06f92c{ip: 192.168.69.89, host: pr-hdds-2335-x5gnt-184872562, networkLocation: /default-rack, certSerialId: null} reports an CLOSED replica.
2019-10-20 10:17:29,629 [EventQueue-ContainerReportForContainerReportHandler] WARN  container.ContainerReportHandler (AbstractContainerReportHandler.java:updateContainerState(145)) - Container #1 is in OPEN state, but the datanode e76b0d72-a5f7-47dd-bc74-8743a5d358b0{ip: 192.168.69.89, host: pr-hdds-2335-x5gnt-184872562, networkLocation: /default-rack, certSerialId: null} reports an CLOSED replica.
2019-10-20 10:17:29,858 [EventQueue-ContainerReportForContainerReportHandler] WARN  container.ContainerReportHandler (AbstractContainerReportHandler.java:updateContainerState(145)) - Container #1 is in OPEN state, but the datanode f1d6a710-9313-44dc-a005-f0b22c06f92c{ip: 192.168.69.89, host: pr-hdds-2335-x5gnt-184872562, networkLocation: /default-rack, certSerialId: null} reports an CLOSED replica.
2019-10-20 10:17:29,911 [BlockDeletingService#2] WARN  background.BlockDeletingService (BlockDeletingService.java:isDeletionAllowed(187)) - Close Container log Index 6 is not replicated across allthe servers in the pipeline 119175b0-5d21-4334-a09f-cc68b5f19ad3 as the min replicated index is 4. Deletion is not allowed in this container yet.
2019-10-20 10:17:29,911 [BlockDeletingService#2] WARN  background.BlockDeletingService (BlockDeletingService.java:isDeletionAllowed(187)) - Close Container log Index 6 is not replicated across allthe servers in the pipeline 119175b0-5d21-4334-a09f-cc68b5f19ad3 as the min replicated index is 4. Deletion is not allowed in this container yet.
2019-10-20 10:17:30,030 [EventQueue-ContainerReportForContainerReportHandler] WARN  container.ContainerReportHandler (AbstractContainerReportHandler.java:updateContainerState(145)) - Container #1 is in OPEN state, but the datanode e76b0d72-a5f7-47dd-bc74-8743a5d358b0{ip: 192.168.69.89, host: pr-hdds-2335-x5gnt-184872562, networkLocation: /default-rack, certSerialId: null} reports an CLOSED replica.
2019-10-20 10:17:30,158 [EventQueue-ContainerReportForContainerReportHandler] WARN  container.ContainerReportHandler (AbstractContainerReportHandler.java:updateContainerState(145)) - Container #1 is in OPEN state, but the datanode f1d6a710-9313-44dc-a005-f0b22c06f92c{ip: 192.168.69.89, host: pr-hdds-2335-x5gnt-184872562, networkLocation: /default-rack, certSerialId: null} reports an CLOSED replica.
2019-10-20 10:17:30,330 [EventQueue-ContainerReportForContainerReportHandler] WARN  container.ContainerReportHandler (AbstractContainerReportHandler.java:updateContainerState(145)) - Container #1 is in OPEN state, but the datanode e76b0d72-a5f7-47dd-bc74-8743a5d358b0{ip: 192.168.69.89, host: pr-hdds-2335-x5gnt-184872562, networkLocation: /default-rack, certSerialId: null} reports an CLOSED replica.
2019-10-20 10:17:30,530 [EventQueue-ContainerReportForContainerReportHandler] WARN  container.ContainerReportHandler (AbstractContainerReportHandler.java:updateContainerState(145)) - Container #1 is in OPEN state, but the datanode e76b0d72-a5f7-47dd-bc74-8743a5d358b0{ip: 192.168.69.89, host: pr-hdds-2335-x5gnt-184872562, networkLocation: /default-rack, certSerialId: null} reports an CLOSED replica.
2019-10-20 10:17:30,558 [EventQueue-ContainerReportForContainerReportHandler] WARN  container.ContainerReportHandler (AbstractContainerReportHandler.java:updateContainerState(145)) - Container #1 is in OPEN state, but the datanode f1d6a710-9313-44dc-a005-f0b22c06f92c{ip: 192.168.69.89, host: pr-hdds-2335-x5gnt-184872562, networkLocation: /default-rack, certSerialId: null} reports an CLOSED replica.
2019-10-20 10:17:30,759 [EventQueue-ContainerReportForContainerReportHandler] WARN  container.ContainerReportHandler (AbstractContainerReportHandler.java:updateContainerState(145)) - Container #1 is in OPEN state, but the datanode f1d6a710-9313-44dc-a005-f0b22c06f92c{ip: 192.168.69.89, host: pr-hdds-2335-x5gnt-184872562, networkLocation: /default-rack, certSerialId: null} reports an CLOSED replica.
2019-10-20 10:17:30,858 [Thread-375] INFO  client.GrpcClientProtocolService (GrpcClientProtocolService.java:lambda$processClientRequest$0(278)) - Failed RaftClientRequest:client-67F6425C4112->f1d6a710-9313-44dc-a005-f0b22c06f92c@group-CC68B5F19AD3, cid=10, seq=0, Watch-ALL_COMMITTED(6), Message:<EMPTY>, reply=RaftClientReply:client-67F6425C4112->f1d6a710-9313-44dc-a005-f0b22c06f92c@group-CC68B5F19AD3, cid=10, FAILED org.apache.ratis.protocol.NotLeaderException: Server f1d6a710-9313-44dc-a005-f0b22c06f92c@group-CC68B5F19AD3 is not the leader e76b0d72-a5f7-47dd-bc74-8743a5d358b0:192.168.69.89:42489, logIndex=0, commits[f1d6a710-9313-44dc-a005-f0b22c06f92c:c10, e76b0d72-a5f7-47dd-bc74-8743a5d358b0:c10, e534181c-9f5d-4f71-ad0d-cd71b851ae4d:c4]
2019-10-20 10:17:30,912 [BlockDeletingService#2] WARN  background.BlockDeletingService (BlockDeletingService.java:isDeletionAllowed(187)) - Close Container log Index 6 is not replicated across allthe servers in the pipeline 119175b0-5d21-4334-a09f-cc68b5f19ad3 as the min replicated index is 4. Deletion is not allowed in this container yet.
2019-10-20 10:17:30,912 [BlockDeletingService#2] WARN  background.BlockDeletingService (BlockDeletingService.java:isDeletionAllowed(187)) - Close Container log Index 6 is not replicated across allthe servers in the pipeline 119175b0-5d21-4334-a09f-cc68b5f19ad3 as the min replicated index is 4. Deletion is not allowed in this container yet.
2019-10-20 10:17:30,931 [EventQueue-ContainerReportForContainerReportHandler] WARN  container.ContainerReportHandler (AbstractContainerReportHandler.java:updateContainerState(145)) - Container #1 is in OPEN state, but the datanode e76b0d72-a5f7-47dd-bc74-8743a5d358b0{ip: 192.168.69.89, host: pr-hdds-2335-x5gnt-184872562, networkLocation: /default-rack, certSerialId: null} reports an CLOSED replica.
2019-10-20 10:17:30,960 [EventQueue-ContainerReportForContainerReportHandler] WARN  container.ContainerReportHandler (AbstractContainerReportHandler.java:updateContainerState(145)) - Container #1 is in OPEN state, but the datanode f1d6a710-9313-44dc-a005-f0b22c06f92c{ip: 192.168.69.89, host: pr-hdds-2335-x5gnt-184872562, networkLocation: /default-rack, certSerialId: null} reports an CLOSED replica.
2019-10-20 10:17:31,231 [EventQueue-ContainerReportForContainerReportHandler] WARN  container.ContainerReportHandler (AbstractContainerReportHandler.java:updateContainerState(145)) - Container #1 is in OPEN state, but the datanode e76b0d72-a5f7-47dd-bc74-8743a5d358b0{ip: 192.168.69.89, host: pr-hdds-2335-x5gnt-184872562, networkLocation: /default-rack, certSerialId: null} reports an CLOSED replica.
2019-10-20 10:17:31,261 [EventQueue-ContainerReportForContainerReportHandler] WARN  container.ContainerReportHandler (AbstractContainerReportHandler.java:updateContainerState(145)) - Container #1 is in OPEN state, but the datanode f1d6a710-9313-44dc-a005-f0b22c06f92c{ip: 192.168.69.89, host: pr-hdds-2335-x5gnt-184872562, networkLocation: /default-rack, certSerialId: null} reports an CLOSED replica.
2019-10-20 10:17:31,431 [EventQueue-ContainerReportForContainerReportHandler] WARN  container.ContainerReportHandler (AbstractContainerReportHandler.java:updateContainerState(145)) - Container #1 is in OPEN state, but the datanode e76b0d72-a5f7-47dd-bc74-8743a5d358b0{ip: 192.168.69.89, host: pr-hdds-2335-x5gnt-184872562, networkLocation: /default-rack, certSerialId: null} reports an CLOSED replica.
2019-10-20 10:17:31,561 [EventQueue-ContainerReportForContainerReportHandler] WARN  container.ContainerReportHandler (AbstractContainerReportHandler.java:updateContainerState(145)) - Container #1 is in OPEN state, but the datanode f1d6a710-9313-44dc-a005-f0b22c06f92c{ip: 192.168.69.89, host: pr-hdds-2335-x5gnt-184872562, networkLocation: /default-rack, certSerialId: null} reports an CLOSED replica.
2019-10-20 10:17:31,732 [EventQueue-ContainerReportForContainerReportHandler] WARN  container.ContainerReportHandler (AbstractContainerReportHandler.java:updateContainerState(145)) - Container #1 is in OPEN state, but the datanode e76b0d72-a5f7-47dd-bc74-8743a5d358b0{ip: 192.168.69.89, host: pr-hdds-2335-x5gnt-184872562, networkLocation: /default-rack, certSerialId: null} reports an CLOSED replica.
2019-10-20 10:17:31,792 [java.util.concurrent.ThreadPoolExecutor$Worker@28f79926[State = -1, empty queue]] WARN  server.GrpcLogAppender (GrpcLogAppender.java:timeoutAppendRequest(209)) - e76b0d72-a5f7-47dd-bc74-8743a5d358b0@group-CC68B5F19AD3->e534181c-9f5d-4f71-ad0d-cd71b851ae4d-GrpcLogAppender: appendEntries Timeout, request=e76b0d72-a5f7-47dd-bc74-8743a5d358b0->e534181c-9f5d-4f71-ad0d-cd71b851ae4d#31-t2, previous=(t:2, i:10), leaderCommit=10, initializing? false, entries: <empty>
2019-10-20 10:17:31,884 [Thread-381] INFO  client.GrpcClientProtocolService (GrpcClientProtocolService.java:lambda$processClientRequest$0(278)) - Failed RaftClientRequest:client-67F6425C4112->e76b0d72-a5f7-47dd-bc74-8743a5d358b0@group-CC68B5F19AD3, cid=10, seq=0, Watch-ALL_COMMITTED(6), Message:<EMPTY>, reply=RaftClientReply:client-67F6425C4112->e76b0d72-a5f7-47dd-bc74-8743a5d358b0@group-CC68B5F19AD3, cid=10, FAILED org.apache.ratis.protocol.NotReplicatedException: Request with call Id 10 and log index 6 is not yet replicated to ALL_COMMITTED, logIndex=6, commits[e76b0d72-a5f7-47dd-bc74-8743a5d358b0:c10, e534181c-9f5d-4f71-ad0d-cd71b851ae4d:c4, f1d6a710-9313-44dc-a005-f0b22c06f92c:c10]
2019-10-20 10:17:31,913 [BlockDeletingService#2] WARN  background.BlockDeletingService (BlockDeletingService.java:isDeletionAllowed(187)) - Close Container log Index 6 is not replicated across allthe servers in the pipeline 119175b0-5d21-4334-a09f-cc68b5f19ad3 as the min replicated index is 4. Deletion is not allowed in this container yet.
2019-10-20 10:17:31,914 [BlockDeletingService#2] WARN  background.BlockDeletingService (BlockDeletingService.java:isDeletionAllowed(187)) - Close Container log Index 6 is not replicated across allthe servers in the pipeline 119175b0-5d21-4334-a09f-cc68b5f19ad3 as the min replicated index is 4. Deletion is not allowed in this container yet.
2019-10-20 10:17:31,963 [EventQueue-ContainerReportForContainerReportHandler] WARN  container.ContainerReportHandler (AbstractContainerReportHandler.java:updateContainerState(145)) - Container #1 is in OPEN state, but the datanode f1d6a710-9313-44dc-a005-f0b22c06f92c{ip: 192.168.69.89, host: pr-hdds-2335-x5gnt-184872562, networkLocation: /default-rack, certSerialId: null} reports an CLOSED replica.
2019-10-20 10:17:32,032 [EventQueue-ContainerReportForContainerReportHandler] WARN  container.ContainerReportHandler (AbstractContainerReportHandler.java:updateContainerState(145)) - Container #1 is in OPEN state, but the datanode e76b0d72-a5f7-47dd-bc74-8743a5d358b0{ip: 192.168.69.89, host: pr-hdds-2335-x5gnt-184872562, networkLocation: /default-rack, certSerialId: null} reports an CLOSED replica.
2019-10-20 10:17:32,162 [EventQueue-ContainerReportForContainerReportHandler] WARN  container.ContainerReportHandler (AbstractContainerReportHandler.java:updateContainerState(145)) - Container #1 is in OPEN state, but the datanode f1d6a710-9313-44dc-a005-f0b22c06f92c{ip: 192.168.69.89, host: pr-hdds-2335-x5gnt-184872562, networkLocation: /default-rack, certSerialId: null} reports an CLOSED replica.
2019-10-20 10:17:32,432 [EventQueue-ContainerReportForContainerReportHandler] WARN  container.ContainerReportHandler (AbstractContainerReportHandler.java:updateContainerState(145)) - Container #1 is in OPEN state, but the datanode e76b0d72-a5f7-47dd-bc74-8743a5d358b0{ip: 192.168.69.89, host: pr-hdds-2335-x5gnt-184872562, networkLocation: /default-rack, certSerialId: null} reports an CLOSED replica.
2019-10-20 10:17:32,462 [EventQueue-ContainerReportForContainerReportHandler] WARN  container.ContainerReportHandler (AbstractContainerReportHandler.java:updateContainerState(145)) - Container #1 is in OPEN state, but the datanode f1d6a710-9313-44dc-a005-f0b22c06f92c{ip: 192.168.69.89, host: pr-hdds-2335-x5gnt-184872562, networkLocation: /default-rack, certSerialId: null} reports an CLOSED replica.
2019-10-20 10:17:32,632 [EventQueue-ContainerReportForContainerReportHandler] WARN  container.ContainerReportHandler (AbstractContainerReportHandler.java:updateContainerState(145)) - Container #1 is in OPEN state, but the datanode e76b0d72-a5f7-47dd-bc74-8743a5d358b0{ip: 192.168.69.89, host: pr-hdds-2335-x5gnt-184872562, networkLocation: /default-rack, certSerialId: null} reports an CLOSED replica.
2019-10-20 10:17:32,763 [EventQueue-ContainerReportForContainerReportHandler] WARN  container.ContainerReportHandler (AbstractContainerReportHandler.java:updateContainerState(145)) - Container #1 is in OPEN state, but the datanode f1d6a710-9313-44dc-a005-f0b22c06f92c{ip: 192.168.69.89, host: pr-hdds-2335-x5gnt-184872562, networkLocation: /default-rack, certSerialId: null} reports an CLOSED replica.
2019-10-20 10:17:32,915 [BlockDeletingService#2] WARN  background.BlockDeletingService (BlockDeletingService.java:isDeletionAllowed(187)) - Close Container log Index 6 is not replicated across allthe servers in the pipeline 119175b0-5d21-4334-a09f-cc68b5f19ad3 as the min replicated index is 4. Deletion is not allowed in this container yet.
2019-10-20 10:17:32,917 [BlockDeletingService#2] WARN  background.BlockDeletingService (BlockDeletingService.java:isDeletionAllowed(187)) - Close Container log Index 6 is not replicated across allthe servers in the pipeline 119175b0-5d21-4334-a09f-cc68b5f19ad3 as the min replicated index is 4. Deletion is not allowed in this container yet.
2019-10-20 10:17:32,934 [EventQueue-ContainerReportForContainerReportHandler] WARN  container.ContainerReportHandler (AbstractContainerReportHandler.java:updateContainerState(145)) - Container #1 is in OPEN state, but the datanode e76b0d72-a5f7-47dd-bc74-8743a5d358b0{ip: 192.168.69.89, host: pr-hdds-2335-x5gnt-184872562, networkLocation: /default-rack, certSerialId: null} reports an CLOSED replica.
2019-10-20 10:17:32,964 [EventQueue-ContainerReportForContainerReportHandler] WARN  container.ContainerReportHandler (AbstractContainerReportHandler.java:updateContainerState(145)) - Container #1 is in OPEN state, but the datanode f1d6a710-9313-44dc-a005-f0b22c06f92c{ip: 192.168.69.89, host: pr-hdds-2335-x5gnt-184872562, networkLocation: /default-rack, certSerialId: null} reports an CLOSED replica.
2019-10-20 10:17:33,234 [EventQueue-ContainerReportForContainerReportHandler] WARN  container.ContainerReportHandler (AbstractContainerReportHandler.java:updateContainerState(145)) - Container #1 is in OPEN state, but the datanode e76b0d72-a5f7-47dd-bc74-8743a5d358b0{ip: 192.168.69.89, host: pr-hdds-2335-x5gnt-184872562, networkLocation: /default-rack, certSerialId: null} reports an CLOSED replica.
2019-10-20 10:17:33,372 [EventQueue-ContainerReportForContainerReportHandler] WARN  container.ContainerReportHandler (AbstractContainerReportHandler.java:updateContainerState(145)) - Container #1 is in OPEN state, but the datanode f1d6a710-9313-44dc-a005-f0b22c06f92c{ip: 192.168.69.89, host: pr-hdds-2335-x5gnt-184872562, networkLocation: /default-rack, certSerialId: null} reports an CLOSED replica.
2019-10-20 10:17:33,534 [EventQueue-ContainerReportForContainerReportHandler] WARN  container.ContainerReportHandler (AbstractContainerReportHandler.java:updateContainerState(145)) - Container #1 is in OPEN state, but the datanode e76b0d72-a5f7-47dd-bc74-8743a5d358b0{ip: 192.168.69.89, host: pr-hdds-2335-x5gnt-184872562, networkLocation: /default-rack, certSerialId: null} reports an CLOSED replica.
2019-10-20 10:17:33,670 [EventQueue-ContainerReportForContainerReportHandler] WARN  container.ContainerReportHandler (AbstractContainerReportHandler.java:updateContainerState(145)) - Container #1 is in OPEN state, but the datanode f1d6a710-9313-44dc-a005-f0b22c06f92c{ip: 192.168.69.89, host: pr-hdds-2335-x5gnt-184872562, networkLocation: /default-rack, certSerialId: null} reports an CLOSED replica.
2019-10-20 10:17:33,834 [EventQueue-ContainerReportForContainerReportHandler] WARN  container.ContainerReportHandler (AbstractContainerReportHandler.java:updateContainerState(145)) - Container #1 is in OPEN state, but the datanode e76b0d72-a5f7-47dd-bc74-8743a5d358b0{ip: 192.168.69.89, host: pr-hdds-2335-x5gnt-184872562, networkLocation: /default-rack, certSerialId: null} reports an CLOSED replica.
2019-10-20 10:17:33,916 [BlockDeletingService#2] WARN  background.BlockDeletingService (BlockDeletingService.java:isDeletionAllowed(187)) - Close Container log Index 6 is not replicated across allthe servers in the pipeline 119175b0-5d21-4334-a09f-cc68b5f19ad3 as the min replicated index is 4. Deletion is not allowed in this container yet.
2019-10-20 10:17:33,919 [BlockDeletingService#2] WARN  background.BlockDeletingService (BlockDeletingService.java:isDeletionAllowed(187)) - Close Container log Index 6 is not replicated across allthe servers in the pipeline 119175b0-5d21-4334-a09f-cc68b5f19ad3 as the min replicated index is 4. Deletion is not allowed in this container yet.
2019-10-20 10:17:33,973 [EventQueue-ContainerReportForContainerReportHandler] WARN  container.ContainerReportHandler (AbstractContainerReportHandler.java:updateContainerState(145)) - Container #1 is in OPEN state, but the datanode f1d6a710-9313-44dc-a005-f0b22c06f92c{ip: 192.168.69.89, host: pr-hdds-2335-x5gnt-184872562, networkLocation: /default-rack, certSerialId: null} reports an CLOSED replica.
2019-10-20 10:17:34,034 [EventQueue-ContainerReportForContainerReportHandler] WARN  container.ContainerReportHandler (AbstractContainerReportHandler.java:updateContainerState(145)) - Container #1 is in OPEN state, but the datanode e76b0d72-a5f7-47dd-bc74-8743a5d358b0{ip: 192.168.69.89, host: pr-hdds-2335-x5gnt-184872562, networkLocation: /default-rack, certSerialId: null} reports an CLOSED replica.
2019-10-20 10:17:34,174 [EventQueue-ContainerReportForContainerReportHandler] WARN  container.ContainerReportHandler (AbstractContainerReportHandler.java:updateContainerState(145)) - Container #1 is in OPEN state, but the datanode f1d6a710-9313-44dc-a005-f0b22c06f92c{ip: 192.168.69.89, host: pr-hdds-2335-x5gnt-184872562, networkLocation: /default-rack, certSerialId: null} reports an CLOSED replica.
2019-10-20 10:17:34,293 [java.util.concurrent.ThreadPoolExecutor$Worker@28f79926[State = -1, empty queue]] WARN  server.GrpcLogAppender (GrpcLogAppender.java:timeoutAppendRequest(209)) - e76b0d72-a5f7-47dd-bc74-8743a5d358b0@group-CC68B5F19AD3->e534181c-9f5d-4f71-ad0d-cd71b851ae4d-GrpcLogAppender: appendEntries Timeout, request=e76b0d72-a5f7-47dd-bc74-8743a5d358b0->e534181c-9f5d-4f71-ad0d-cd71b851ae4d#32-t2, previous=(t:2, i:10), leaderCommit=10, initializing? false, entries: <empty>
2019-10-20 10:17:34,334 [EventQueue-ContainerReportForContainerReportHandler] WARN  container.ContainerReportHandler (AbstractContainerReportHandler.java:updateContainerState(145)) - Container #1 is in OPEN state, but the datanode e76b0d72-a5f7-47dd-bc74-8743a5d358b0{ip: 192.168.69.89, host: pr-hdds-2335-x5gnt-184872562, networkLocation: /default-rack, certSerialId: null} reports an CLOSED replica.
2019-10-20 10:17:34,573 [EventQueue-ContainerReportForContainerReportHandler] WARN  container.ContainerReportHandler (AbstractContainerReportHandler.java:updateContainerState(145)) - Container #1 is in OPEN state, but the datanode f1d6a710-9313-44dc-a005-f0b22c06f92c{ip: 192.168.69.89, host: pr-hdds-2335-x5gnt-184872562, networkLocation: /default-rack, certSerialId: null} reports an CLOSED replica.
2019-10-20 10:17:34,635 [EventQueue-ContainerReportForContainerReportHandler] WARN  container.ContainerReportHandler (AbstractContainerReportHandler.java:updateContainerState(145)) - Container #1 is in OPEN state, but the datanode e76b0d72-a5f7-47dd-bc74-8743a5d358b0{ip: 192.168.69.89, host: pr-hdds-2335-x5gnt-184872562, networkLocation: /default-rack, certSerialId: null} reports an CLOSED replica.
2019-10-20 10:17:34,917 [BlockDeletingService#2] WARN  background.BlockDeletingService (BlockDeletingService.java:isDeletionAllowed(187)) - Close Container log Index 6 is not replicated across allthe servers in the pipeline 119175b0-5d21-4334-a09f-cc68b5f19ad3 as the min replicated index is 4. Deletion is not allowed in this container yet.
2019-10-20 10:17:34,920 [BlockDeletingService#2] WARN  background.BlockDeletingService (BlockDeletingService.java:isDeletionAllowed(187)) - Close Container log Index 6 is not replicated across allthe servers in the pipeline 119175b0-5d21-4334-a09f-cc68b5f19ad3 as the min replicated index is 4. Deletion is not allowed in this container yet.
2019-10-20 10:17:34,935 [EventQueue-ContainerReportForContainerReportHandler] WARN  container.ContainerReportHandler (AbstractContainerReportHandler.java:updateContainerState(145)) - Container #1 is in OPEN state, but the datanode e76b0d72-a5f7-47dd-bc74-8743a5d358b0{ip: 192.168.69.89, host: pr-hdds-2335-x5gnt-184872562, networkLocation: /default-rack, certSerialId: null} reports an CLOSED replica.
2019-10-20 10:17:34,974 [EventQueue-ContainerReportForContainerReportHandler] WARN  container.ContainerReportHandler (AbstractContainerReportHandler.java:updateContainerState(145)) - Container #1 is in OPEN state, but the datanode f1d6a710-9313-44dc-a005-f0b22c06f92c{ip: 192.168.69.89, host: pr-hdds-2335-x5gnt-184872562, networkLocation: /default-rack, certSerialId: null} reports an CLOSED replica.
2019-10-20 10:17:35,276 [EventQueue-ContainerReportForContainerReportHandler] WARN  container.ContainerReportHandler (AbstractContainerReportHandler.java:updateContainerState(145)) - Container #1 is in OPEN state, but the datanode f1d6a710-9313-44dc-a005-f0b22c06f92c{ip: 192.168.69.89, host: pr-hdds-2335-x5gnt-184872562, networkLocation: /default-rack, certSerialId: null} reports an CLOSED replica.
2019-10-20 10:17:35,335 [EventQueue-ContainerReportForContainerReportHandler] WARN  container.ContainerReportHandler (AbstractContainerReportHandler.java:updateContainerState(145)) - Container #1 is in OPEN state, but the datanode e76b0d72-a5f7-47dd-bc74-8743a5d358b0{ip: 192.168.69.89, host: pr-hdds-2335-x5gnt-184872562, networkLocation: /default-rack, certSerialId: null} reports an CLOSED replica.
2019-10-20 10:17:35,536 [EventQueue-ContainerReportForContainerReportHandler] WARN  container.ContainerReportHandler (AbstractContainerReportHandler.java:updateContainerState(145)) - Container #1 is in OPEN state, but the datanode e76b0d72-a5f7-47dd-bc74-8743a5d358b0{ip: 192.168.69.89, host: pr-hdds-2335-x5gnt-184872562, networkLocation: /default-rack, certSerialId: null} reports an CLOSED replica.
2019-10-20 10:17:35,575 [EventQueue-ContainerReportForContainerReportHandler] WARN  container.ContainerReportHandler (AbstractContainerReportHandler.java:updateContainerState(145)) - Container #1 is in OPEN state, but the datanode f1d6a710-9313-44dc-a005-f0b22c06f92c{ip: 192.168.69.89, host: pr-hdds-2335-x5gnt-184872562, networkLocation: /default-rack, certSerialId: null} reports an CLOSED replica.
2019-10-20 10:17:35,877 [EventQueue-ContainerReportForContainerReportHandler] WARN  container.ContainerReportHandler (AbstractContainerReportHandler.java:updateContainerState(145)) - Container #1 is in OPEN state, but the datanode f1d6a710-9313-44dc-a005-f0b22c06f92c{ip: 192.168.69.89, host: pr-hdds-2335-x5gnt-184872562, networkLocation: /default-rack, certSerialId: null} reports an CLOSED replica.
2019-10-20 10:17:35,919 [BlockDeletingService#2] WARN  background.BlockDeletingService (BlockDeletingService.java:isDeletionAllowed(187)) - Close Container log Index 6 is not replicated across allthe servers in the pipeline 119175b0-5d21-4334-a09f-cc68b5f19ad3 as the min replicated index is 4. Deletion is not allowed in this container yet.
2019-10-20 10:17:35,921 [BlockDeletingService#2] WARN  background.BlockDeletingService (BlockDeletingService.java:isDeletionAllowed(187)) - Close Container log Index 6 is not replicated across allthe servers in the pipeline 119175b0-5d21-4334-a09f-cc68b5f19ad3 as the min replicated index is 4. Deletion is not allowed in this container yet.
2019-10-20 10:17:35,935 [EventQueue-ContainerReportForContainerReportHandler] WARN  container.ContainerReportHandler (AbstractContainerReportHandler.java:updateContainerState(145)) - Container #1 is in OPEN state, but the datanode e76b0d72-a5f7-47dd-bc74-8743a5d358b0{ip: 192.168.69.89, host: pr-hdds-2335-x5gnt-184872562, networkLocation: /default-rack, certSerialId: null} reports an CLOSED replica.
2019-10-20 10:17:36,136 [EventQueue-ContainerReportForContainerReportHandler] WARN  container.ContainerReportHandler (AbstractContainerReportHandler.java:updateContainerState(145)) - Container #1 is in OPEN state, but the datanode e76b0d72-a5f7-47dd-bc74-8743a5d358b0{ip: 192.168.69.89, host: pr-hdds-2335-x5gnt-184872562, networkLocation: /default-rack, certSerialId: null} reports an CLOSED replica.
2019-10-20 10:17:36,275 [EventQueue-ContainerReportForContainerReportHandler] WARN  container.ContainerReportHandler (AbstractContainerReportHandler.java:updateContainerState(145)) - Container #1 is in OPEN state, but the datanode f1d6a710-9313-44dc-a005-f0b22c06f92c{ip: 192.168.69.89, host: pr-hdds-2335-x5gnt-184872562, networkLocation: /default-rack, certSerialId: null} reports an CLOSED replica.
2019-10-20 10:17:36,335 [EventQueue-ContainerReportForContainerReportHandler] WARN  container.ContainerReportHandler (AbstractContainerReportHandler.java:updateContainerState(145)) - Container #1 is in OPEN state, but the datanode e76b0d72-a5f7-47dd-bc74-8743a5d358b0{ip: 192.168.69.89, host: pr-hdds-2335-x5gnt-184872562, networkLocation: /default-rack, certSerialId: null} reports an CLOSED replica.
2019-10-20 10:17:36,576 [EventQueue-ContainerReportForContainerReportHandler] WARN  container.ContainerReportHandler (AbstractContainerReportHandler.java:updateContainerState(145)) - Container #1 is in OPEN state, but the datanode f1d6a710-9313-44dc-a005-f0b22c06f92c{ip: 192.168.69.89, host: pr-hdds-2335-x5gnt-184872562, networkLocation: /default-rack, certSerialId: null} reports an CLOSED replica.
2019-10-20 10:17:36,735 [EventQueue-ContainerReportForContainerReportHandler] WARN  container.ContainerReportHandler (AbstractContainerReportHandler.java:updateContainerState(145)) - Container #1 is in OPEN state, but the datanode e76b0d72-a5f7-47dd-bc74-8743a5d358b0{ip: 192.168.69.89, host: pr-hdds-2335-x5gnt-184872562, networkLocation: /default-rack, certSerialId: null} reports an CLOSED replica.
2019-10-20 10:17:36,794 [java.util.concurrent.ThreadPoolExecutor$Worker@28f79926[State = -1, empty queue]] WARN  server.GrpcLogAppender (GrpcLogAppender.java:timeoutAppendRequest(209)) - e76b0d72-a5f7-47dd-bc74-8743a5d358b0@group-CC68B5F19AD3->e534181c-9f5d-4f71-ad0d-cd71b851ae4d-GrpcLogAppender: appendEntries Timeout, request=e76b0d72-a5f7-47dd-bc74-8743a5d358b0->e534181c-9f5d-4f71-ad0d-cd71b851ae4d#33-t2, previous=(t:2, i:10), leaderCommit=10, initializing? false, entries: <empty>
2019-10-20 10:17:36,875 [EventQueue-ContainerReportForContainerReportHandler] WARN  container.ContainerReportHandler (AbstractContainerReportHandler.java:updateContainerState(145)) - Container #1 is in OPEN state, but the datanode f1d6a710-9313-44dc-a005-f0b22c06f92c{ip: 192.168.69.89, host: pr-hdds-2335-x5gnt-184872562, networkLocation: /default-rack, certSerialId: null} reports an CLOSED replica.
2019-10-20 10:17:36,922 [BlockDeletingService#2] WARN  background.BlockDeletingService (BlockDeletingService.java:isDeletionAllowed(187)) - Close Container log Index 6 is not replicated across allthe servers in the pipeline 119175b0-5d21-4334-a09f-cc68b5f19ad3 as the min replicated index is 4. Deletion is not allowed in this container yet.
2019-10-20 10:17:36,922 [BlockDeletingService#2] WARN  background.BlockDeletingService (BlockDeletingService.java:isDeletionAllowed(187)) - Close Container log Index 6 is not replicated across allthe servers in the pipeline 119175b0-5d21-4334-a09f-cc68b5f19ad3 as the min replicated index is 4. Deletion is not allowed in this container yet.
2019-10-20 10:17:37,035 [EventQueue-ContainerReportForContainerReportHandler] WARN  container.ContainerReportHandler (AbstractContainerReportHandler.java:updateContainerState(145)) - Container #1 is in OPEN state, but the datanode e76b0d72-a5f7-47dd-bc74-8743a5d358b0{ip: 192.168.69.89, host: pr-hdds-2335-x5gnt-184872562, networkLocation: /default-rack, certSerialId: null} reports an CLOSED replica.
2019-10-20 10:17:37,235 [EventQueue-ContainerReportForContainerReportHandler] WARN  container.ContainerReportHandler (AbstractContainerReportHandler.java:updateContainerState(145)) - Container #1 is in OPEN state, but the datanode e76b0d72-a5f7-47dd-bc74-8743a5d358b0{ip: 192.168.69.89, host: pr-hdds-2335-x5gnt-184872562, networkLocation: /default-rack, certSerialId: null} reports an CLOSED replica.
2019-10-20 10:17:37,275 [EventQueue-ContainerReportForContainerReportHandler] WARN  container.ContainerReportHandler (AbstractContainerReportHandler.java:updateContainerState(145)) - Container #1 is in OPEN state, but the datanode f1d6a710-9313-44dc-a005-f0b22c06f92c{ip: 192.168.69.89, host: pr-hdds-2335-x5gnt-184872562, networkLocation: /default-rack, certSerialId: null} reports an CLOSED replica.
2019-10-20 10:17:37,636 [EventQueue-ContainerReportForContainerReportHandler] WARN  container.ContainerReportHandler (AbstractContainerReportHandler.java:updateContainerState(145)) - Container #1 is in OPEN state, but the datanode e76b0d72-a5f7-47dd-bc74-8743a5d358b0{ip: 192.168.69.89, host: pr-hdds-2335-x5gnt-184872562, networkLocation: /default-rack, certSerialId: null} reports an CLOSED replica.
2019-10-20 10:17:37,675 [EventQueue-ContainerReportForContainerReportHandler] WARN  container.ContainerReportHandler (AbstractContainerReportHandler.java:updateContainerState(145)) - Container #1 is in OPEN state, but the datanode f1d6a710-9313-44dc-a005-f0b22c06f92c{ip: 192.168.69.89, host: pr-hdds-2335-x5gnt-184872562, networkLocation: /default-rack, certSerialId: null} reports an CLOSED replica.
2019-10-20 10:17:37,835 [EventQueue-ContainerReportForContainerReportHandler] WARN  container.ContainerReportHandler (AbstractContainerReportHandler.java:updateContainerState(145)) - Container #1 is in OPEN state, but the datanode e76b0d72-a5f7-47dd-bc74-8743a5d358b0{ip: 192.168.69.89, host: pr-hdds-2335-x5gnt-184872562, networkLocation: /default-rack, certSerialId: null} reports an CLOSED replica.
2019-10-20 10:17:37,924 [BlockDeletingService#2] WARN  background.BlockDeletingService (BlockDeletingService.java:isDeletionAllowed(187)) - Close Container log Index 6 is not replicated across allthe servers in the pipeline 119175b0-5d21-4334-a09f-cc68b5f19ad3 as the min replicated index is 4. Deletion is not allowed in this container yet.
2019-10-20 10:17:37,924 [BlockDeletingService#2] WARN  background.BlockDeletingService (BlockDeletingService.java:isDeletionAllowed(187)) - Close Container log Index 6 is not replicated across allthe servers in the pipeline 119175b0-5d21-4334-a09f-cc68b5f19ad3 as the min replicated index is 4. Deletion is not allowed in this container yet.
2019-10-20 10:17:37,976 [EventQueue-ContainerReportForContainerReportHandler] WARN  container.ContainerReportHandler (AbstractContainerReportHandler.java:updateContainerState(145)) - Container #1 is in OPEN state, but the datanode f1d6a710-9313-44dc-a005-f0b22c06f92c{ip: 192.168.69.89, host: pr-hdds-2335-x5gnt-184872562, networkLocation: /default-rack, certSerialId: null} reports an CLOSED replica.
2019-10-20 10:17:38,237 [EventQueue-ContainerReportForContainerReportHandler] WARN  container.ContainerReportHandler (AbstractContainerReportHandler.java:updateContainerState(145)) - Container #1 is in OPEN state, but the datanode e76b0d72-a5f7-47dd-bc74-8743a5d358b0{ip: 192.168.69.89, host: pr-hdds-2335-x5gnt-184872562, networkLocation: /default-rack, certSerialId: null} reports an CLOSED replica.
2019-10-20 10:17:38,375 [EventQueue-ContainerReportForContainerReportHandler] WARN  container.ContainerReportHandler (AbstractContainerReportHandler.java:updateContainerState(145)) - Container #1 is in OPEN state, but the datanode f1d6a710-9313-44dc-a005-f0b22c06f92c{ip: 192.168.69.89, host: pr-hdds-2335-x5gnt-184872562, networkLocation: /default-rack, certSerialId: null} reports an CLOSED replica.
2019-10-20 10:17:38,436 [EventQueue-ContainerReportForContainerReportHandler] WARN  container.ContainerReportHandler (AbstractContainerReportHandler.java:updateContainerState(145)) - Container #1 is in OPEN state, but the datanode e76b0d72-a5f7-47dd-bc74-8743a5d358b0{ip: 192.168.69.89, host: pr-hdds-2335-x5gnt-184872562, networkLocation: /default-rack, certSerialId: null} reports an CLOSED replica.
2019-10-20 10:17:38,575 [EventQueue-ContainerReportForContainerReportHandler] WARN  container.ContainerReportHandler (AbstractContainerReportHandler.java:updateContainerState(145)) - Container #1 is in OPEN state, but the datanode f1d6a710-9313-44dc-a005-f0b22c06f92c{ip: 192.168.69.89, host: pr-hdds-2335-x5gnt-184872562, networkLocation: /default-rack, certSerialId: null} reports an CLOSED replica.
2019-10-20 10:17:38,736 [EventQueue-ContainerReportForContainerReportHandler] WARN  container.ContainerReportHandler (AbstractContainerReportHandler.java:updateContainerState(145)) - Container #1 is in OPEN state, but the datanode e76b0d72-a5f7-47dd-bc74-8743a5d358b0{ip: 192.168.69.89, host: pr-hdds-2335-x5gnt-184872562, networkLocation: /default-rack, certSerialId: null} reports an CLOSED replica.
2019-10-20 10:17:38,877 [EventQueue-ContainerReportForContainerReportHandler] WARN  container.ContainerReportHandler (AbstractContainerReportHandler.java:updateContainerState(145)) - Container #1 is in OPEN state, but the datanode f1d6a710-9313-44dc-a005-f0b22c06f92c{ip: 192.168.69.89, host: pr-hdds-2335-x5gnt-184872562, networkLocation: /default-rack, certSerialId: null} reports an CLOSED replica.
2019-10-20 10:17:38,926 [BlockDeletingService#2] WARN  background.BlockDeletingService (BlockDeletingService.java:isDeletionAllowed(187)) - Close Container log Index 6 is not replicated across allthe servers in the pipeline 119175b0-5d21-4334-a09f-cc68b5f19ad3 as the min replicated index is 4. Deletion is not allowed in this container yet.
2019-10-20 10:17:38,926 [BlockDeletingService#2] WARN  background.BlockDeletingService (BlockDeletingService.java:isDeletionAllowed(187)) - Close Container log Index 6 is not replicated across allthe servers in the pipeline 119175b0-5d21-4334-a09f-cc68b5f19ad3 as the min replicated index is 4. Deletion is not allowed in this container yet.
2019-10-20 10:17:38,936 [EventQueue-ContainerReportForContainerReportHandler] WARN  container.ContainerReportHandler (AbstractContainerReportHandler.java:updateContainerState(145)) - Container #1 is in OPEN state, but the datanode e76b0d72-a5f7-47dd-bc74-8743a5d358b0{ip: 192.168.69.89, host: pr-hdds-2335-x5gnt-184872562, networkLocation: /default-rack, certSerialId: null} reports an CLOSED replica.
2019-10-20 10:17:39,077 [EventQueue-ContainerReportForContainerReportHandler] WARN  container.ContainerReportHandler (AbstractContainerReportHandler.java:updateContainerState(145)) - Container #1 is in OPEN state, but the datanode f1d6a710-9313-44dc-a005-f0b22c06f92c{ip: 192.168.69.89, host: pr-hdds-2335-x5gnt-184872562, networkLocation: /default-rack, certSerialId: null} reports an CLOSED replica.
2019-10-20 10:17:39,236 [EventQueue-ContainerReportForContainerReportHandler] WARN  container.ContainerReportHandler (AbstractContainerReportHandler.java:updateContainerState(145)) - Container #1 is in OPEN state, but the datanode e76b0d72-a5f7-47dd-bc74-8743a5d358b0{ip: 192.168.69.89, host: pr-hdds-2335-x5gnt-184872562, networkLocation: /default-rack, certSerialId: null} reports an CLOSED replica.
2019-10-20 10:17:39,296 [java.util.concurrent.ThreadPoolExecutor$Worker@28f79926[State = -1, empty queue]] WARN  server.GrpcLogAppender (GrpcLogAppender.java:timeoutAppendRequest(209)) - e76b0d72-a5f7-47dd-bc74-8743a5d358b0@group-CC68B5F19AD3->e534181c-9f5d-4f71-ad0d-cd71b851ae4d-GrpcLogAppender: appendEntries Timeout, request=e76b0d72-a5f7-47dd-bc74-8743a5d358b0->e534181c-9f5d-4f71-ad0d-cd71b851ae4d#34-t2, previous=(t:2, i:10), leaderCommit=10, initializing? false, entries: <empty>
2019-10-20 10:17:39,377 [EventQueue-ContainerReportForContainerReportHandler] WARN  container.ContainerReportHandler (AbstractContainerReportHandler.java:updateContainerState(145)) - Container #1 is in OPEN state, but the datanode f1d6a710-9313-44dc-a005-f0b22c06f92c{ip: 192.168.69.89, host: pr-hdds-2335-x5gnt-184872562, networkLocation: /default-rack, certSerialId: null} reports an CLOSED replica.
2019-10-20 10:17:39,537 [EventQueue-ContainerReportForContainerReportHandler] WARN  container.ContainerReportHandler (AbstractContainerReportHandler.java:updateContainerState(145)) - Container #1 is in OPEN state, but the datanode e76b0d72-a5f7-47dd-bc74-8743a5d358b0{ip: 192.168.69.89, host: pr-hdds-2335-x5gnt-184872562, networkLocation: /default-rack, certSerialId: null} reports an CLOSED replica.
2019-10-20 10:17:39,677 [EventQueue-ContainerReportForContainerReportHandler] WARN  container.ContainerReportHandler (AbstractContainerReportHandler.java:updateContainerState(145)) - Container #1 is in OPEN state, but the datanode f1d6a710-9313-44dc-a005-f0b22c06f92c{ip: 192.168.69.89, host: pr-hdds-2335-x5gnt-184872562, networkLocation: /default-rack, certSerialId: null} reports an CLOSED replica.
2019-10-20 10:17:39,886 [Thread-404] INFO  client.GrpcClientProtocolService (GrpcClientProtocolService.java:lambda$processClientRequest$0(278)) - Failed RaftClientRequest:client-67F6425C4112->f1d6a710-9313-44dc-a005-f0b22c06f92c@group-CC68B5F19AD3, cid=10, seq=0, Watch-ALL_COMMITTED(6), Message:<EMPTY>, reply=RaftClientReply:client-67F6425C4112->f1d6a710-9313-44dc-a005-f0b22c06f92c@group-CC68B5F19AD3, cid=10, FAILED org.apache.ratis.protocol.NotLeaderException: Server f1d6a710-9313-44dc-a005-f0b22c06f92c@group-CC68B5F19AD3 is not the leader e76b0d72-a5f7-47dd-bc74-8743a5d358b0:192.168.69.89:42489, logIndex=0, commits[f1d6a710-9313-44dc-a005-f0b22c06f92c:c10, e76b0d72-a5f7-47dd-bc74-8743a5d358b0:c10, e534181c-9f5d-4f71-ad0d-cd71b851ae4d:c4]
2019-10-20 10:17:39,927 [BlockDeletingService#2] WARN  background.BlockDeletingService (BlockDeletingService.java:isDeletionAllowed(187)) - Close Container log Index 6 is not replicated across allthe servers in the pipeline 119175b0-5d21-4334-a09f-cc68b5f19ad3 as the min replicated index is 4. Deletion is not allowed in this container yet.
2019-10-20 10:17:39,928 [BlockDeletingService#2] WARN  background.BlockDeletingService (BlockDeletingService.java:isDeletionAllowed(187)) - Close Container log Index 6 is not replicated across allthe servers in the pipeline 119175b0-5d21-4334-a09f-cc68b5f19ad3 as the min replicated index is 4. Deletion is not allowed in this container yet.
2019-10-20 10:17:39,938 [EventQueue-ContainerReportForContainerReportHandler] WARN  container.ContainerReportHandler (AbstractContainerReportHandler.java:updateContainerState(145)) - Container #1 is in OPEN state, but the datanode e76b0d72-a5f7-47dd-bc74-8743a5d358b0{ip: 192.168.69.89, host: pr-hdds-2335-x5gnt-184872562, networkLocation: /default-rack, certSerialId: null} reports an CLOSED replica.
2019-10-20 10:17:39,977 [EventQueue-ContainerReportForContainerReportHandler] WARN  container.ContainerReportHandler (AbstractContainerReportHandler.java:updateContainerState(145)) - Container #1 is in OPEN state, but the datanode f1d6a710-9313-44dc-a005-f0b22c06f92c{ip: 192.168.69.89, host: pr-hdds-2335-x5gnt-184872562, networkLocation: /default-rack, certSerialId: null} reports an CLOSED replica.
2019-10-20 10:17:40,138 [EventQueue-ContainerReportForContainerReportHandler] WARN  container.ContainerReportHandler (AbstractContainerReportHandler.java:updateContainerState(145)) - Container #1 is in OPEN state, but the datanode e76b0d72-a5f7-47dd-bc74-8743a5d358b0{ip: 192.168.69.89, host: pr-hdds-2335-x5gnt-184872562, networkLocation: /default-rack, certSerialId: null} reports an CLOSED replica.
2019-10-20 10:17:40,177 [EventQueue-ContainerReportForContainerReportHandler] WARN  container.ContainerReportHandler (AbstractContainerReportHandler.java:updateContainerState(145)) - Container #1 is in OPEN state, but the datanode f1d6a710-9313-44dc-a005-f0b22c06f92c{ip: 192.168.69.89, host: pr-hdds-2335-x5gnt-184872562, networkLocation: /default-rack, certSerialId: null} reports an CLOSED replica.
2019-10-20 10:17:40,339 [EventQueue-ContainerReportForContainerReportHandler] WARN  container.ContainerReportHandler (AbstractContainerReportHandler.java:updateContainerState(145)) - Container #1 is in OPEN state, but the datanode e76b0d72-a5f7-47dd-bc74-8743a5d358b0{ip: 192.168.69.89, host: pr-hdds-2335-x5gnt-184872562, networkLocation: /default-rack, certSerialId: null} reports an CLOSED replica.
2019-10-20 10:17:40,377 [EventQueue-ContainerReportForContainerReportHandler] WARN  container.ContainerReportHandler (AbstractContainerReportHandler.java:updateContainerState(145)) - Container #1 is in OPEN state, but the datanode f1d6a710-9313-44dc-a005-f0b22c06f92c{ip: 192.168.69.89, host: pr-hdds-2335-x5gnt-184872562, networkLocation: /default-rack, certSerialId: null} reports an CLOSED replica.
2019-10-20 10:17:40,638 [EventQueue-ContainerReportForContainerReportHandler] WARN  container.ContainerReportHandler (AbstractContainerReportHandler.java:updateContainerState(145)) - Container #1 is in OPEN state, but the datanode e76b0d72-a5f7-47dd-bc74-8743a5d358b0{ip: 192.168.69.89, host: pr-hdds-2335-x5gnt-184872562, networkLocation: /default-rack, certSerialId: null} reports an CLOSED replica.
2019-10-20 10:17:40,777 [EventQueue-ContainerReportForContainerReportHandler] WARN  container.ContainerReportHandler (AbstractContainerReportHandler.java:updateContainerState(145)) - Container #1 is in OPEN state, but the datanode f1d6a710-9313-44dc-a005-f0b22c06f92c{ip: 192.168.69.89, host: pr-hdds-2335-x5gnt-184872562, networkLocation: /default-rack, certSerialId: null} reports an CLOSED replica.
2019-10-20 10:17:40,838 [EventQueue-ContainerReportForContainerReportHandler] WARN  container.ContainerReportHandler (AbstractContainerReportHandler.java:updateContainerState(145)) - Container #1 is in OPEN state, but the datanode e76b0d72-a5f7-47dd-bc74-8743a5d358b0{ip: 192.168.69.89, host: pr-hdds-2335-x5gnt-184872562, networkLocation: /default-rack, certSerialId: null} reports an CLOSED replica.
2019-10-20 10:17:40,884 [Thread-409] INFO  client.GrpcClientProtocolService (GrpcClientProtocolService.java:lambda$processClientRequest$0(278)) - Failed RaftClientRequest:client-67F6425C4112->e76b0d72-a5f7-47dd-bc74-8743a5d358b0@group-CC68B5F19AD3, cid=10, seq=0, Watch-ALL_COMMITTED(6), Message:<EMPTY>, reply=RaftClientReply:client-67F6425C4112->e76b0d72-a5f7-47dd-bc74-8743a5d358b0@group-CC68B5F19AD3, cid=10, FAILED org.apache.ratis.protocol.NotReplicatedException: Request with call Id 10 and log index 6 is not yet replicated to ALL_COMMITTED, logIndex=6, commits[e76b0d72-a5f7-47dd-bc74-8743a5d358b0:c10, e534181c-9f5d-4f71-ad0d-cd71b851ae4d:c4, f1d6a710-9313-44dc-a005-f0b22c06f92c:c10]
2019-10-20 10:17:40,930 [BlockDeletingService#2] WARN  background.BlockDeletingService (BlockDeletingService.java:isDeletionAllowed(187)) - Close Container log Index 6 is not replicated across allthe servers in the pipeline 119175b0-5d21-4334-a09f-cc68b5f19ad3 as the min replicated index is 4. Deletion is not allowed in this container yet.
2019-10-20 10:17:40,930 [BlockDeletingService#2] WARN  background.BlockDeletingService (BlockDeletingService.java:isDeletionAllowed(187)) - Close Container log Index 6 is not replicated across allthe servers in the pipeline 119175b0-5d21-4334-a09f-cc68b5f19ad3 as the min replicated index is 4. Deletion is not allowed in this container yet.
2019-10-20 10:17:41,038 [EventQueue-ContainerReportForContainerReportHandler] WARN  container.ContainerReportHandler (AbstractContainerReportHandler.java:updateContainerState(145)) - Container #1 is in OPEN state, but the datanode e76b0d72-a5f7-47dd-bc74-8743a5d358b0{ip: 192.168.69.89, host: pr-hdds-2335-x5gnt-184872562, networkLocation: /default-rack, certSerialId: null} reports an CLOSED replica.
2019-10-20 10:17:41,178 [EventQueue-ContainerReportForContainerReportHandler] WARN  container.ContainerReportHandler (AbstractContainerReportHandler.java:updateContainerState(145)) - Container #1 is in OPEN state, but the datanode f1d6a710-9313-44dc-a005-f0b22c06f92c{ip: 192.168.69.89, host: pr-hdds-2335-x5gnt-184872562, networkLocation: /default-rack, certSerialId: null} reports an CLOSED replica.
2019-10-20 10:17:41,339 [EventQueue-ContainerReportForContainerReportHandler] WARN  container.ContainerReportHandler (AbstractContainerReportHandler.java:updateContainerState(145)) - Container #1 is in OPEN state, but the datanode e76b0d72-a5f7-47dd-bc74-8743a5d358b0{ip: 192.168.69.89, host: pr-hdds-2335-x5gnt-184872562, networkLocation: /default-rack, certSerialId: null} reports an CLOSED replica.
2019-10-20 10:17:41,578 [EventQueue-ContainerReportForContainerReportHandler] WARN  container.ContainerReportHandler (AbstractContainerReportHandler.java:updateContainerState(145)) - Container #1 is in OPEN state, but the datanode f1d6a710-9313-44dc-a005-f0b22c06f92c{ip: 192.168.69.89, host: pr-hdds-2335-x5gnt-184872562, networkLocation: /default-rack, certSerialId: null} reports an CLOSED replica.
2019-10-20 10:17:41,639 [EventQueue-ContainerReportForContainerReportHandler] WARN  container.ContainerReportHandler (AbstractContainerReportHandler.java:updateContainerState(145)) - Container #1 is in OPEN state, but the datanode e76b0d72-a5f7-47dd-bc74-8743a5d358b0{ip: 192.168.69.89, host: pr-hdds-2335-x5gnt-184872562, networkLocation: /default-rack, certSerialId: null} reports an CLOSED replica.
2019-10-20 10:17:41,778 [EventQueue-ContainerReportForContainerReportHandler] WARN  container.ContainerReportHandler (AbstractContainerReportHandler.java:updateContainerState(145)) - Container #1 is in OPEN state, but the datanode f1d6a710-9313-44dc-a005-f0b22c06f92c{ip: 192.168.69.89, host: pr-hdds-2335-x5gnt-184872562, networkLocation: /default-rack, certSerialId: null} reports an CLOSED replica.
2019-10-20 10:17:41,798 [java.util.concurrent.ThreadPoolExecutor$Worker@28f79926[State = -1, empty queue]] WARN  server.GrpcLogAppender (GrpcLogAppender.java:timeoutAppendRequest(209)) - e76b0d72-a5f7-47dd-bc74-8743a5d358b0@group-CC68B5F19AD3->e534181c-9f5d-4f71-ad0d-cd71b851ae4d-GrpcLogAppender: appendEntries Timeout, request=e76b0d72-a5f7-47dd-bc74-8743a5d358b0->e534181c-9f5d-4f71-ad0d-cd71b851ae4d#35-t2, previous=(t:2, i:10), leaderCommit=10, initializing? false, entries: <empty>
2019-10-20 10:17:41,931 [BlockDeletingService#2] WARN  background.BlockDeletingService (BlockDeletingService.java:isDeletionAllowed(187)) - Close Container log Index 6 is not replicated across allthe servers in the pipeline 119175b0-5d21-4334-a09f-cc68b5f19ad3 as the min replicated index is 4. Deletion is not allowed in this container yet.
2019-10-20 10:17:41,932 [BlockDeletingService#2] WARN  background.BlockDeletingService (BlockDeletingService.java:isDeletionAllowed(187)) - Close Container log Index 6 is not replicated across allthe servers in the pipeline 119175b0-5d21-4334-a09f-cc68b5f19ad3 as the min replicated index is 4. Deletion is not allowed in this container yet.
2019-10-20 10:17:41,940 [EventQueue-ContainerReportForContainerReportHandler] WARN  container.ContainerReportHandler (AbstractContainerReportHandler.java:updateContainerState(145)) - Container #1 is in OPEN state, but the datanode e76b0d72-a5f7-47dd-bc74-8743a5d358b0{ip: 192.168.69.89, host: pr-hdds-2335-x5gnt-184872562, networkLocation: /default-rack, certSerialId: null} reports an CLOSED replica.
2019-10-20 10:17:42,078 [EventQueue-ContainerReportForContainerReportHandler] WARN  container.ContainerReportHandler (AbstractContainerReportHandler.java:updateContainerState(145)) - Container #1 is in OPEN state, but the datanode f1d6a710-9313-44dc-a005-f0b22c06f92c{ip: 192.168.69.89, host: pr-hdds-2335-x5gnt-184872562, networkLocation: /default-rack, certSerialId: null} reports an CLOSED replica.
2019-10-20 10:17:42,278 [EventQueue-ContainerReportForContainerReportHandler] WARN  container.ContainerReportHandler (AbstractContainerReportHandler.java:updateContainerState(145)) - Container #1 is in OPEN state, but the datanode f1d6a710-9313-44dc-a005-f0b22c06f92c{ip: 192.168.69.89, host: pr-hdds-2335-x5gnt-184872562, networkLocation: /default-rack, certSerialId: null} reports an CLOSED replica.
2019-10-20 10:17:42,340 [EventQueue-ContainerReportForContainerReportHandler] WARN  container.ContainerReportHandler (AbstractContainerReportHandler.java:updateContainerState(145)) - Container #1 is in OPEN state, but the datanode e76b0d72-a5f7-47dd-bc74-8743a5d358b0{ip: 192.168.69.89, host: pr-hdds-2335-x5gnt-184872562, networkLocation: /default-rack, certSerialId: null} reports an CLOSED replica.
2019-10-20 10:17:42,542 [EventQueue-ContainerReportForContainerReportHandler] WARN  container.ContainerReportHandler (AbstractContainerReportHandler.java:updateContainerState(145)) - Container #1 is in OPEN state, but the datanode e76b0d72-a5f7-47dd-bc74-8743a5d358b0{ip: 192.168.69.89, host: pr-hdds-2335-x5gnt-184872562, networkLocation: /default-rack, certSerialId: null} reports an CLOSED replica.
2019-10-20 10:17:42,578 [EventQueue-ContainerReportForContainerReportHandler] WARN  container.ContainerReportHandler (AbstractContainerReportHandler.java:updateContainerState(145)) - Container #1 is in OPEN state, but the datanode f1d6a710-9313-44dc-a005-f0b22c06f92c{ip: 192.168.69.89, host: pr-hdds-2335-x5gnt-184872562, networkLocation: /default-rack, certSerialId: null} reports an CLOSED replica.
2019-10-20 10:17:42,778 [EventQueue-ContainerReportForContainerReportHandler] WARN  container.ContainerReportHandler (AbstractContainerReportHandler.java:updateContainerState(145)) - Container #1 is in OPEN state, but the datanode f1d6a710-9313-44dc-a005-f0b22c06f92c{ip: 192.168.69.89, host: pr-hdds-2335-x5gnt-184872562, networkLocation: /default-rack, certSerialId: null} reports an CLOSED replica.
2019-10-20 10:17:42,841 [EventQueue-ContainerReportForContainerReportHandler] WARN  container.ContainerReportHandler (AbstractContainerReportHandler.java:updateContainerState(145)) - Container #1 is in OPEN state, but the datanode e76b0d72-a5f7-47dd-bc74-8743a5d358b0{ip: 192.168.69.89, host: pr-hdds-2335-x5gnt-184872562, networkLocation: /default-rack, certSerialId: null} reports an CLOSED replica.
2019-10-20 10:17:42,933 [BlockDeletingService#2] WARN  background.BlockDeletingService (BlockDeletingService.java:isDeletionAllowed(187)) - Close Container log Index 6 is not replicated across allthe servers in the pipeline 119175b0-5d21-4334-a09f-cc68b5f19ad3 as the min replicated index is 4. Deletion is not allowed in this container yet.
2019-10-20 10:17:42,934 [BlockDeletingService#2] WARN  background.BlockDeletingService (BlockDeletingService.java:isDeletionAllowed(187)) - Close Container log Index 6 is not replicated across allthe servers in the pipeline 119175b0-5d21-4334-a09f-cc68b5f19ad3 as the min replicated index is 4. Deletion is not allowed in this container yet.
2019-10-20 10:17:42,980 [EventQueue-ContainerReportForContainerReportHandler] WARN  container.ContainerReportHandler (AbstractContainerReportHandler.java:updateContainerState(145)) - Container #1 is in OPEN state, but the datanode f1d6a710-9313-44dc-a005-f0b22c06f92c{ip: 192.168.69.89, host: pr-hdds-2335-x5gnt-184872562, networkLocation: /default-rack, certSerialId: null} reports an CLOSED replica.
2019-10-20 10:17:43,141 [EventQueue-ContainerReportForContainerReportHandler] WARN  container.ContainerReportHandler (AbstractContainerReportHandler.java:updateContainerState(145)) - Container #1 is in OPEN state, but the datanode e76b0d72-a5f7-47dd-bc74-8743a5d358b0{ip: 192.168.69.89, host: pr-hdds-2335-x5gnt-184872562, networkLocation: /default-rack, certSerialId: null} reports an CLOSED replica.
2019-10-20 10:17:43,279 [EventQueue-ContainerReportForContainerReportHandler] WARN  container.ContainerReportHandler (AbstractContainerReportHandler.java:updateContainerState(145)) - Container #1 is in OPEN state, but the datanode f1d6a710-9313-44dc-a005-f0b22c06f92c{ip: 192.168.69.89, host: pr-hdds-2335-x5gnt-184872562, networkLocation: /default-rack, certSerialId: null} reports an CLOSED replica.
2019-10-20 10:17:43,443 [EventQueue-ContainerReportForContainerReportHandler] WARN  container.ContainerReportHandler (AbstractContainerReportHandler.java:updateContainerState(145)) - Container #1 is in OPEN state, but the datanode e76b0d72-a5f7-47dd-bc74-8743a5d358b0{ip: 192.168.69.89, host: pr-hdds-2335-x5gnt-184872562, networkLocation: /default-rack, certSerialId: null} reports an CLOSED replica.
2019-10-20 10:17:43,680 [EventQueue-ContainerReportForContainerReportHandler] WARN  container.ContainerReportHandler (AbstractContainerReportHandler.java:updateContainerState(145)) - Container #1 is in OPEN state, but the datanode f1d6a710-9313-44dc-a005-f0b22c06f92c{ip: 192.168.69.89, host: pr-hdds-2335-x5gnt-184872562, networkLocation: /default-rack, certSerialId: null} reports an CLOSED replica.
2019-10-20 10:17:43,744 [EventQueue-ContainerReportForContainerReportHandler] WARN  container.ContainerReportHandler (AbstractContainerReportHandler.java:updateContainerState(145)) - Container #1 is in OPEN state, but the datanode e76b0d72-a5f7-47dd-bc74-8743a5d358b0{ip: 192.168.69.89, host: pr-hdds-2335-x5gnt-184872562, networkLocation: /default-rack, certSerialId: null} reports an CLOSED replica.
2019-10-20 10:17:43,934 [BlockDeletingService#2] WARN  background.BlockDeletingService (BlockDeletingService.java:isDeletionAllowed(187)) - Close Container log Index 6 is not replicated across allthe servers in the pipeline 119175b0-5d21-4334-a09f-cc68b5f19ad3 as the min replicated index is 4. Deletion is not allowed in this container yet.
2019-10-20 10:17:43,935 [BlockDeletingService#2] WARN  background.BlockDeletingService (BlockDeletingService.java:isDeletionAllowed(187)) - Close Container log Index 6 is not replicated across allthe servers in the pipeline 119175b0-5d21-4334-a09f-cc68b5f19ad3 as the min replicated index is 4. Deletion is not allowed in this container yet.
2019-10-20 10:17:43,944 [EventQueue-ContainerReportForContainerReportHandler] WARN  container.ContainerReportHandler (AbstractContainerReportHandler.java:updateContainerState(145)) - Container #1 is in OPEN state, but the datanode e76b0d72-a5f7-47dd-bc74-8743a5d358b0{ip: 192.168.69.89, host: pr-hdds-2335-x5gnt-184872562, networkLocation: /default-rack, certSerialId: null} reports an CLOSED replica.
2019-10-20 10:17:43,980 [EventQueue-ContainerReportForContainerReportHandler] WARN  container.ContainerReportHandler (AbstractContainerReportHandler.java:updateContainerState(145)) - Container #1 is in OPEN state, but the datanode f1d6a710-9313-44dc-a005-f0b22c06f92c{ip: 192.168.69.89, host: pr-hdds-2335-x5gnt-184872562, networkLocation: /default-rack, certSerialId: null} reports an CLOSED replica.
2019-10-20 10:17:44,280 [EventQueue-ContainerReportForContainerReportHandler] WARN  container.ContainerReportHandler (AbstractContainerReportHandler.java:updateContainerState(145)) - Container #1 is in OPEN state, but the datanode f1d6a710-9313-44dc-a005-f0b22c06f92c{ip: 192.168.69.89, host: pr-hdds-2335-x5gnt-184872562, networkLocation: /default-rack, certSerialId: null} reports an CLOSED replica.
2019-10-20 10:17:44,299 [java.util.concurrent.ThreadPoolExecutor$Worker@28f79926[State = -1, empty queue]] WARN  server.GrpcLogAppender (GrpcLogAppender.java:timeoutAppendRequest(209)) - e76b0d72-a5f7-47dd-bc74-8743a5d358b0@group-CC68B5F19AD3->e534181c-9f5d-4f71-ad0d-cd71b851ae4d-GrpcLogAppender: appendEntries Timeout, request=e76b0d72-a5f7-47dd-bc74-8743a5d358b0->e534181c-9f5d-4f71-ad0d-cd71b851ae4d#36-t2, previous=(t:2, i:10), leaderCommit=10, initializing? false, entries: <empty>
2019-10-20 10:17:44,344 [EventQueue-ContainerReportForContainerReportHandler] WARN  container.ContainerReportHandler (AbstractContainerReportHandler.java:updateContainerState(145)) - Container #1 is in OPEN state, but the datanode e76b0d72-a5f7-47dd-bc74-8743a5d358b0{ip: 192.168.69.89, host: pr-hdds-2335-x5gnt-184872562, networkLocation: /default-rack, certSerialId: null} reports an CLOSED replica.
2019-10-20 10:17:44,581 [EventQueue-ContainerReportForContainerReportHandler] WARN  container.ContainerReportHandler (AbstractContainerReportHandler.java:updateContainerState(145)) - Container #1 is in OPEN state, but the datanode f1d6a710-9313-44dc-a005-f0b22c06f92c{ip: 192.168.69.89, host: pr-hdds-2335-x5gnt-184872562, networkLocation: /default-rack, certSerialId: null} reports an CLOSED replica.
2019-10-20 10:17:44,644 [EventQueue-ContainerReportForContainerReportHandler] WARN  container.ContainerReportHandler (AbstractContainerReportHandler.java:updateContainerState(145)) - Container #1 is in OPEN state, but the datanode e76b0d72-a5f7-47dd-bc74-8743a5d358b0{ip: 192.168.69.89, host: pr-hdds-2335-x5gnt-184872562, networkLocation: /default-rack, certSerialId: null} reports an CLOSED replica.
2019-10-20 10:17:44,844 [EventQueue-ContainerReportForContainerReportHandler] WARN  container.ContainerReportHandler (AbstractContainerReportHandler.java:updateContainerState(145)) - Container #1 is in OPEN state, but the datanode e76b0d72-a5f7-47dd-bc74-8743a5d358b0{ip: 192.168.69.89, host: pr-hdds-2335-x5gnt-184872562, networkLocation: /default-rack, certSerialId: null} reports an CLOSED replica.
2019-10-20 10:17:44,881 [EventQueue-ContainerReportForContainerReportHandler] WARN  container.ContainerReportHandler (AbstractContainerReportHandler.java:updateContainerState(145)) - Container #1 is in OPEN state, but the datanode f1d6a710-9313-44dc-a005-f0b22c06f92c{ip: 192.168.69.89, host: pr-hdds-2335-x5gnt-184872562, networkLocation: /default-rack, certSerialId: null} reports an CLOSED replica.
2019-10-20 10:17:44,935 [BlockDeletingService#2] WARN  background.BlockDeletingService (BlockDeletingService.java:isDeletionAllowed(187)) - Close Container log Index 6 is not replicated across allthe servers in the pipeline 119175b0-5d21-4334-a09f-cc68b5f19ad3 as the min replicated index is 4. Deletion is not allowed in this container yet.
2019-10-20 10:17:44,936 [BlockDeletingService#2] WARN  background.BlockDeletingService (BlockDeletingService.java:isDeletionAllowed(187)) - Close Container log Index 6 is not replicated across allthe servers in the pipeline 119175b0-5d21-4334-a09f-cc68b5f19ad3 as the min replicated index is 4. Deletion is not allowed in this container yet.
2019-10-20 10:17:45,144 [EventQueue-ContainerReportForContainerReportHandler] WARN  container.ContainerReportHandler (AbstractContainerReportHandler.java:updateContainerState(145)) - Container #1 is in OPEN state, but the datanode e76b0d72-a5f7-47dd-bc74-8743a5d358b0{ip: 192.168.69.89, host: pr-hdds-2335-x5gnt-184872562, networkLocation: /default-rack, certSerialId: null} reports an CLOSED replica.
2019-10-20 10:17:45,282 [EventQueue-ContainerReportForContainerReportHandler] WARN  container.ContainerReportHandler (AbstractContainerReportHandler.java:updateContainerState(145)) - Container #1 is in OPEN state, but the datanode f1d6a710-9313-44dc-a005-f0b22c06f92c{ip: 192.168.69.89, host: pr-hdds-2335-x5gnt-184872562, networkLocation: /default-rack, certSerialId: null} reports an CLOSED replica.
2019-10-20 10:17:45,444 [EventQueue-ContainerReportForContainerReportHandler] WARN  container.ContainerReportHandler (AbstractContainerReportHandler.java:updateContainerState(145)) - Container #1 is in OPEN state, but the datanode e76b0d72-a5f7-47dd-bc74-8743a5d358b0{ip: 192.168.69.89, host: pr-hdds-2335-x5gnt-184872562, networkLocation: /default-rack, certSerialId: null} reports an CLOSED replica.
2019-10-20 10:17:45,482 [EventQueue-ContainerReportForContainerReportHandler] WARN  container.ContainerReportHandler (AbstractContainerReportHandler.java:updateContainerState(145)) - Container #1 is in OPEN state, but the datanode f1d6a710-9313-44dc-a005-f0b22c06f92c{ip: 192.168.69.89, host: pr-hdds-2335-x5gnt-184872562, networkLocation: /default-rack, certSerialId: null} reports an CLOSED replica.
2019-10-20 10:17:45,744 [EventQueue-ContainerReportForContainerReportHandler] WARN  container.ContainerReportHandler (AbstractContainerReportHandler.java:updateContainerState(145)) - Container #1 is in OPEN state, but the datanode e76b0d72-a5f7-47dd-bc74-8743a5d358b0{ip: 192.168.69.89, host: pr-hdds-2335-x5gnt-184872562, networkLocation: /default-rack, certSerialId: null} reports an CLOSED replica.
2019-10-20 10:17:45,781 [EventQueue-ContainerReportForContainerReportHandler] WARN  container.ContainerReportHandler (AbstractContainerReportHandler.java:updateContainerState(145)) - Container #1 is in OPEN state, but the datanode f1d6a710-9313-44dc-a005-f0b22c06f92c{ip: 192.168.69.89, host: pr-hdds-2335-x5gnt-184872562, networkLocation: /default-rack, certSerialId: null} reports an CLOSED replica.
2019-10-20 10:17:45,936 [BlockDeletingService#2] WARN  background.BlockDeletingService (BlockDeletingService.java:isDeletionAllowed(187)) - Close Container log Index 6 is not replicated across allthe servers in the pipeline 119175b0-5d21-4334-a09f-cc68b5f19ad3 as the min replicated index is 4. Deletion is not allowed in this container yet.
2019-10-20 10:17:45,937 [BlockDeletingService#2] WARN  background.BlockDeletingService (BlockDeletingService.java:isDeletionAllowed(187)) - Close Container log Index 6 is not replicated across allthe servers in the pipeline 119175b0-5d21-4334-a09f-cc68b5f19ad3 as the min replicated index is 4. Deletion is not allowed in this container yet.
2019-10-20 10:17:46,045 [EventQueue-ContainerReportForContainerReportHandler] WARN  container.ContainerReportHandler (AbstractContainerReportHandler.java:updateContainerState(145)) - Container #1 is in OPEN state, but the datanode e76b0d72-a5f7-47dd-bc74-8743a5d358b0{ip: 192.168.69.89, host: pr-hdds-2335-x5gnt-184872562, networkLocation: /default-rack, certSerialId: null} reports an CLOSED replica.
2019-10-20 10:17:46,082 [EventQueue-ContainerReportForContainerReportHandler] WARN  container.ContainerReportHandler (AbstractContainerReportHandler.java:updateContainerState(145)) - Container #1 is in OPEN state, but the datanode f1d6a710-9313-44dc-a005-f0b22c06f92c{ip: 192.168.69.89, host: pr-hdds-2335-x5gnt-184872562, networkLocation: /default-rack, certSerialId: null} reports an CLOSED replica.
2019-10-20 10:17:46,344 [EventQueue-ContainerReportForContainerReportHandler] WARN  container.ContainerReportHandler (AbstractContainerReportHandler.java:updateContainerState(145)) - Container #1 is in OPEN state, but the datanode e76b0d72-a5f7-47dd-bc74-8743a5d358b0{ip: 192.168.69.89, host: pr-hdds-2335-x5gnt-184872562, networkLocation: /default-rack, certSerialId: null} reports an CLOSED replica.
2019-10-20 10:17:46,382 [EventQueue-ContainerReportForContainerReportHandler] WARN  container.ContainerReportHandler (AbstractContainerReportHandler.java:updateContainerState(145)) - Container #1 is in OPEN state, but the datanode f1d6a710-9313-44dc-a005-f0b22c06f92c{ip: 192.168.69.89, host: pr-hdds-2335-x5gnt-184872562, networkLocation: /default-rack, certSerialId: null} reports an CLOSED replica.
2019-10-20 10:17:46,544 [EventQueue-ContainerReportForContainerReportHandler] WARN  container.ContainerReportHandler (AbstractContainerReportHandler.java:updateContainerState(145)) - Container #1 is in OPEN state, but the datanode e76b0d72-a5f7-47dd-bc74-8743a5d358b0{ip: 192.168.69.89, host: pr-hdds-2335-x5gnt-184872562, networkLocation: /default-rack, certSerialId: null} reports an CLOSED replica.
2019-10-20 10:17:46,683 [EventQueue-ContainerReportForContainerReportHandler] WARN  container.ContainerReportHandler (AbstractContainerReportHandler.java:updateContainerState(145)) - Container #1 is in OPEN state, but the datanode f1d6a710-9313-44dc-a005-f0b22c06f92c{ip: 192.168.69.89, host: pr-hdds-2335-x5gnt-184872562, networkLocation: /default-rack, certSerialId: null} reports an CLOSED replica.
2019-10-20 10:17:46,800 [java.util.concurrent.ThreadPoolExecutor$Worker@28f79926[State = -1, empty queue]] WARN  server.GrpcLogAppender (GrpcLogAppender.java:timeoutAppendRequest(209)) - e76b0d72-a5f7-47dd-bc74-8743a5d358b0@group-CC68B5F19AD3->e534181c-9f5d-4f71-ad0d-cd71b851ae4d-GrpcLogAppender: appendEntries Timeout, request=e76b0d72-a5f7-47dd-bc74-8743a5d358b0->e534181c-9f5d-4f71-ad0d-cd71b851ae4d#37-t2, previous=(t:2, i:10), leaderCommit=10, initializing? false, entries: <empty>
2019-10-20 10:17:46,844 [EventQueue-ContainerReportForContainerReportHandler] WARN  container.ContainerReportHandler (AbstractContainerReportHandler.java:updateContainerState(145)) - Container #1 is in OPEN state, but the datanode e76b0d72-a5f7-47dd-bc74-8743a5d358b0{ip: 192.168.69.89, host: pr-hdds-2335-x5gnt-184872562, networkLocation: /default-rack, certSerialId: null} reports an CLOSED replica.
2019-10-20 10:17:46,938 [BlockDeletingService#2] WARN  background.BlockDeletingService (BlockDeletingService.java:isDeletionAllowed(187)) - Close Container log Index 6 is not replicated across allthe servers in the pipeline 119175b0-5d21-4334-a09f-cc68b5f19ad3 as the min replicated index is 4. Deletion is not allowed in this container yet.
2019-10-20 10:17:46,938 [BlockDeletingService#2] WARN  background.BlockDeletingService (BlockDeletingService.java:isDeletionAllowed(187)) - Close Container log Index 6 is not replicated across allthe servers in the pipeline 119175b0-5d21-4334-a09f-cc68b5f19ad3 as the min replicated index is 4. Deletion is not allowed in this container yet.
2019-10-20 10:17:46,983 [EventQueue-ContainerReportForContainerReportHandler] WARN  container.ContainerReportHandler (AbstractContainerReportHandler.java:updateContainerState(145)) - Container #1 is in OPEN state, but the datanode f1d6a710-9313-44dc-a005-f0b22c06f92c{ip: 192.168.69.89, host: pr-hdds-2335-x5gnt-184872562, networkLocation: /default-rack, certSerialId: null} reports an CLOSED replica.
2019-10-20 10:17:47,145 [EventQueue-ContainerReportForContainerReportHandler] WARN  container.ContainerReportHandler (AbstractContainerReportHandler.java:updateContainerState(145)) - Container #1 is in OPEN state, but the datanode e76b0d72-a5f7-47dd-bc74-8743a5d358b0{ip: 192.168.69.89, host: pr-hdds-2335-x5gnt-184872562, networkLocation: /default-rack, certSerialId: null} reports an CLOSED replica.
2019-10-20 10:17:47,283 [EventQueue-ContainerReportForContainerReportHandler] WARN  container.ContainerReportHandler (AbstractContainerReportHandler.java:updateContainerState(145)) - Container #1 is in OPEN state, but the datanode f1d6a710-9313-44dc-a005-f0b22c06f92c{ip: 192.168.69.89, host: pr-hdds-2335-x5gnt-184872562, networkLocation: /default-rack, certSerialId: null} reports an CLOSED replica.
2019-10-20 10:17:47,445 [EventQueue-ContainerReportForContainerReportHandler] WARN  container.ContainerReportHandler (AbstractContainerReportHandler.java:updateContainerState(145)) - Container #1 is in OPEN state, but the datanode e76b0d72-a5f7-47dd-bc74-8743a5d358b0{ip: 192.168.69.89, host: pr-hdds-2335-x5gnt-184872562, networkLocation: /default-rack, certSerialId: null} reports an CLOSED replica.
2019-10-20 10:17:47,583 [EventQueue-ContainerReportForContainerReportHandler] WARN  container.ContainerReportHandler (AbstractContainerReportHandler.java:updateContainerState(145)) - Container #1 is in OPEN state, but the datanode f1d6a710-9313-44dc-a005-f0b22c06f92c{ip: 192.168.69.89, host: pr-hdds-2335-x5gnt-184872562, networkLocation: /default-rack, certSerialId: null} reports an CLOSED replica.
2019-10-20 10:17:47,745 [EventQueue-ContainerReportForContainerReportHandler] WARN  container.ContainerReportHandler (AbstractContainerReportHandler.java:updateContainerState(145)) - Container #1 is in OPEN state, but the datanode e76b0d72-a5f7-47dd-bc74-8743a5d358b0{ip: 192.168.69.89, host: pr-hdds-2335-x5gnt-184872562, networkLocation: /default-rack, certSerialId: null} reports an CLOSED replica.
2019-10-20 10:17:47,883 [EventQueue-ContainerReportForContainerReportHandler] WARN  container.ContainerReportHandler (AbstractContainerReportHandler.java:updateContainerState(145)) - Container #1 is in OPEN state, but the datanode f1d6a710-9313-44dc-a005-f0b22c06f92c{ip: 192.168.69.89, host: pr-hdds-2335-x5gnt-184872562, networkLocation: /default-rack, certSerialId: null} reports an CLOSED replica.
2019-10-20 10:17:47,939 [BlockDeletingService#2] WARN  background.BlockDeletingService (BlockDeletingService.java:isDeletionAllowed(187)) - Close Container log Index 6 is not replicated across allthe servers in the pipeline 119175b0-5d21-4334-a09f-cc68b5f19ad3 as the min replicated index is 4. Deletion is not allowed in this container yet.
2019-10-20 10:17:47,940 [BlockDeletingService#2] WARN  background.BlockDeletingService (BlockDeletingService.java:isDeletionAllowed(187)) - Close Container log Index 6 is not replicated across allthe servers in the pipeline 119175b0-5d21-4334-a09f-cc68b5f19ad3 as the min replicated index is 4. Deletion is not allowed in this container yet.
2019-10-20 10:17:48,145 [EventQueue-ContainerReportForContainerReportHandler] WARN  container.ContainerReportHandler (AbstractContainerReportHandler.java:updateContainerState(145)) - Container #1 is in OPEN state, but the datanode e76b0d72-a5f7-47dd-bc74-8743a5d358b0{ip: 192.168.69.89, host: pr-hdds-2335-x5gnt-184872562, networkLocation: /default-rack, certSerialId: null} reports an CLOSED replica.
2019-10-20 10:17:48,185 [EventQueue-ContainerReportForContainerReportHandler] WARN  container.ContainerReportHandler (AbstractContainerReportHandler.java:updateContainerState(145)) - Container #1 is in OPEN state, but the datanode f1d6a710-9313-44dc-a005-f0b22c06f92c{ip: 192.168.69.89, host: pr-hdds-2335-x5gnt-184872562, networkLocation: /default-rack, certSerialId: null} reports an CLOSED replica.
2019-10-20 10:17:48,487 [EventQueue-ContainerReportForContainerReportHandler] WARN  container.ContainerReportHandler (AbstractContainerReportHandler.java:updateContainerState(145)) - Container #1 is in OPEN state, but the datanode f1d6a710-9313-44dc-a005-f0b22c06f92c{ip: 192.168.69.89, host: pr-hdds-2335-x5gnt-184872562, networkLocation: /default-rack, certSerialId: null} reports an CLOSED replica.
2019-10-20 10:17:48,546 [EventQueue-ContainerReportForContainerReportHandler] WARN  container.ContainerReportHandler (AbstractContainerReportHandler.java:updateContainerState(145)) - Container #1 is in OPEN state, but the datanode e76b0d72-a5f7-47dd-bc74-8743a5d358b0{ip: 192.168.69.89, host: pr-hdds-2335-x5gnt-184872562, networkLocation: /default-rack, certSerialId: null} reports an CLOSED replica.
2019-10-20 10:17:48,747 [EventQueue-ContainerReportForContainerReportHandler] WARN  container.ContainerReportHandler (AbstractContainerReportHandler.java:updateContainerState(145)) - Container #1 is in OPEN state, but the datanode e76b0d72-a5f7-47dd-bc74-8743a5d358b0{ip: 192.168.69.89, host: pr-hdds-2335-x5gnt-184872562, networkLocation: /default-rack, certSerialId: null} reports an CLOSED replica.
2019-10-20 10:17:48,787 [EventQueue-ContainerReportForContainerReportHandler] WARN  container.ContainerReportHandler (AbstractContainerReportHandler.java:updateContainerState(145)) - Container #1 is in OPEN state, but the datanode f1d6a710-9313-44dc-a005-f0b22c06f92c{ip: 192.168.69.89, host: pr-hdds-2335-x5gnt-184872562, networkLocation: /default-rack, certSerialId: null} reports an CLOSED replica.
2019-10-20 10:17:48,914 [Thread-432] INFO  client.GrpcClientProtocolService (GrpcClientProtocolService.java:lambda$processClientRequest$0(278)) - Failed RaftClientRequest:client-67F6425C4112->f1d6a710-9313-44dc-a005-f0b22c06f92c@group-CC68B5F19AD3, cid=10, seq=0, Watch-ALL_COMMITTED(6), Message:<EMPTY>, reply=RaftClientReply:client-67F6425C4112->f1d6a710-9313-44dc-a005-f0b22c06f92c@group-CC68B5F19AD3, cid=10, FAILED org.apache.ratis.protocol.NotLeaderException: Server f1d6a710-9313-44dc-a005-f0b22c06f92c@group-CC68B5F19AD3 is not the leader e76b0d72-a5f7-47dd-bc74-8743a5d358b0:192.168.69.89:42489, logIndex=0, commits[f1d6a710-9313-44dc-a005-f0b22c06f92c:c10, e76b0d72-a5f7-47dd-bc74-8743a5d358b0:c10, e534181c-9f5d-4f71-ad0d-cd71b851ae4d:c4]
2019-10-20 10:17:48,941 [BlockDeletingService#2] WARN  background.BlockDeletingService (BlockDeletingService.java:isDeletionAllowed(187)) - Close Container log Index 6 is not replicated across allthe servers in the pipeline 119175b0-5d21-4334-a09f-cc68b5f19ad3 as the min replicated index is 4. Deletion is not allowed in this container yet.
2019-10-20 10:17:48,941 [BlockDeletingService#2] WARN  background.BlockDeletingService (BlockDeletingService.java:isDeletionAllowed(187)) - Close Container log Index 6 is not replicated across allthe servers in the pipeline 119175b0-5d21-4334-a09f-cc68b5f19ad3 as the min replicated index is 4. Deletion is not allowed in this container yet.
2019-10-20 10:17:48,987 [EventQueue-ContainerReportForContainerReportHandler] WARN  container.ContainerReportHandler (AbstractContainerReportHandler.java:updateContainerState(145)) - Container #1 is in OPEN state, but the datanode f1d6a710-9313-44dc-a005-f0b22c06f92c{ip: 192.168.69.89, host: pr-hdds-2335-x5gnt-184872562, networkLocation: /default-rack, certSerialId: null} reports an CLOSED replica.
2019-10-20 10:17:49,148 [EventQueue-ContainerReportForContainerReportHandler] WARN  container.ContainerReportHandler (AbstractContainerReportHandler.java:updateContainerState(145)) - Container #1 is in OPEN state, but the datanode e76b0d72-a5f7-47dd-bc74-8743a5d358b0{ip: 192.168.69.89, host: pr-hdds-2335-x5gnt-184872562, networkLocation: /default-rack, certSerialId: null} reports an CLOSED replica.
2019-10-20 10:17:49,187 [EventQueue-ContainerReportForContainerReportHandler] WARN  container.ContainerReportHandler (AbstractContainerReportHandler.java:updateContainerState(145)) - Container #1 is in OPEN state, but the datanode f1d6a710-9313-44dc-a005-f0b22c06f92c{ip: 192.168.69.89, host: pr-hdds-2335-x5gnt-184872562, networkLocation: /default-rack, certSerialId: null} reports an CLOSED replica.
2019-10-20 10:17:49,300 [java.util.concurrent.ThreadPoolExecutor$Worker@28f79926[State = -1, empty queue]] WARN  server.GrpcLogAppender (GrpcLogAppender.java:timeoutAppendRequest(209)) - e76b0d72-a5f7-47dd-bc74-8743a5d358b0@group-CC68B5F19AD3->e534181c-9f5d-4f71-ad0d-cd71b851ae4d-GrpcLogAppender: appendEntries Timeout, request=e76b0d72-a5f7-47dd-bc74-8743a5d358b0->e534181c-9f5d-4f71-ad0d-cd71b851ae4d#38-t2, previous=(t:2, i:10), leaderCommit=10, initializing? false, entries: <empty>
2019-10-20 10:17:49,348 [EventQueue-ContainerReportForContainerReportHandler] WARN  container.ContainerReportHandler (AbstractContainerReportHandler.java:updateContainerState(145)) - Container #1 is in OPEN state, but the datanode e76b0d72-a5f7-47dd-bc74-8743a5d358b0{ip: 192.168.69.89, host: pr-hdds-2335-x5gnt-184872562, networkLocation: /default-rack, certSerialId: null} reports an CLOSED replica.
2019-10-20 10:17:49,487 [EventQueue-ContainerReportForContainerReportHandler] WARN  container.ContainerReportHandler (AbstractContainerReportHandler.java:updateContainerState(145)) - Container #1 is in OPEN state, but the datanode f1d6a710-9313-44dc-a005-f0b22c06f92c{ip: 192.168.69.89, host: pr-hdds-2335-x5gnt-184872562, networkLocation: /default-rack, certSerialId: null} reports an CLOSED replica.
2019-10-20 10:17:49,649 [EventQueue-ContainerReportForContainerReportHandler] WARN  container.ContainerReportHandler (AbstractContainerReportHandler.java:updateContainerState(145)) - Container #1 is in OPEN state, but the datanode e76b0d72-a5f7-47dd-bc74-8743a5d358b0{ip: 192.168.69.89, host: pr-hdds-2335-x5gnt-184872562, networkLocation: /default-rack, certSerialId: null} reports an CLOSED replica.
2019-10-20 10:17:49,888 [EventQueue-ContainerReportForContainerReportHandler] WARN  container.ContainerReportHandler (AbstractContainerReportHandler.java:updateContainerState(145)) - Container #1 is in OPEN state, but the datanode f1d6a710-9313-44dc-a005-f0b22c06f92c{ip: 192.168.69.89, host: pr-hdds-2335-x5gnt-184872562, networkLocation: /default-rack, certSerialId: null} reports an CLOSED replica.
2019-10-20 10:17:49,942 [BlockDeletingService#2] WARN  background.BlockDeletingService (BlockDeletingService.java:isDeletionAllowed(187)) - Close Container log Index 6 is not replicated across allthe servers in the pipeline 119175b0-5d21-4334-a09f-cc68b5f19ad3 as the min replicated index is 4. Deletion is not allowed in this container yet.
2019-10-20 10:17:49,945 [BlockDeletingService#2] WARN  background.BlockDeletingService (BlockDeletingService.java:isDeletionAllowed(187)) - Close Container log Index 6 is not replicated across allthe servers in the pipeline 119175b0-5d21-4334-a09f-cc68b5f19ad3 as the min replicated index is 4. Deletion is not allowed in this container yet.
2019-10-20 10:17:50,049 [EventQueue-ContainerReportForContainerReportHandler] WARN  container.ContainerReportHandler (AbstractContainerReportHandler.java:updateContainerState(145)) - Container #1 is in OPEN state, but the datanode e76b0d72-a5f7-47dd-bc74-8743a5d358b0{ip: 192.168.69.89, host: pr-hdds-2335-x5gnt-184872562, networkLocation: /default-rack, certSerialId: null} reports an CLOSED replica.
2019-10-20 10:17:50,089 [EventQueue-ContainerReportForContainerReportHandler] WARN  container.ContainerReportHandler (AbstractContainerReportHandler.java:updateContainerState(145)) - Container #1 is in OPEN state, but the datanode f1d6a710-9313-44dc-a005-f0b22c06f92c{ip: 192.168.69.89, host: pr-hdds-2335-x5gnt-184872562, networkLocation: /default-rack, certSerialId: null} reports an CLOSED replica.
2019-10-20 10:17:50,349 [EventQueue-ContainerReportForContainerReportHandler] WARN  container.ContainerReportHandler (AbstractContainerReportHandler.java:updateContainerState(145)) - Container #1 is in OPEN state, but the datanode e76b0d72-a5f7-47dd-bc74-8743a5d358b0{ip: 192.168.69.89, host: pr-hdds-2335-x5gnt-184872562, networkLocation: /default-rack, certSerialId: null} reports an CLOSED replica.
2019-10-20 10:17:50,390 [EventQueue-ContainerReportForContainerReportHandler] WARN  container.ContainerReportHandler (AbstractContainerReportHandler.java:updateContainerState(145)) - Container #1 is in OPEN state, but the datanode f1d6a710-9313-44dc-a005-f0b22c06f92c{ip: 192.168.69.89, host: pr-hdds-2335-x5gnt-184872562, networkLocation: /default-rack, certSerialId: null} reports an CLOSED replica.
2019-10-20 10:17:50,649 [EventQueue-ContainerReportForContainerReportHandler] WARN  container.ContainerReportHandler (AbstractContainerReportHandler.java:updateContainerState(145)) - Container #1 is in OPEN state, but the datanode e76b0d72-a5f7-47dd-bc74-8743a5d358b0{ip: 192.168.69.89, host: pr-hdds-2335-x5gnt-184872562, networkLocation: /default-rack, certSerialId: null} reports an CLOSED replica.
2019-10-20 10:17:50,690 [EventQueue-ContainerReportForContainerReportHandler] WARN  container.ContainerReportHandler (AbstractContainerReportHandler.java:updateContainerState(145)) - Container #1 is in OPEN state, but the datanode f1d6a710-9313-44dc-a005-f0b22c06f92c{ip: 192.168.69.89, host: pr-hdds-2335-x5gnt-184872562, networkLocation: /default-rack, certSerialId: null} reports an CLOSED replica.
2019-10-20 10:17:50,849 [EventQueue-ContainerReportForContainerReportHandler] WARN  container.ContainerReportHandler (AbstractContainerReportHandler.java:updateContainerState(145)) - Container #1 is in OPEN state, but the datanode e76b0d72-a5f7-47dd-bc74-8743a5d358b0{ip: 192.168.69.89, host: pr-hdds-2335-x5gnt-184872562, networkLocation: /default-rack, certSerialId: null} reports an CLOSED replica.
2019-10-20 10:17:50,884 [Thread-439] INFO  client.GrpcClientProtocolService (GrpcClientProtocolService.java:lambda$processClientRequest$0(278)) - Failed RaftClientRequest:client-67F6425C4112->e76b0d72-a5f7-47dd-bc74-8743a5d358b0@group-CC68B5F19AD3, cid=10, seq=0, Watch-ALL_COMMITTED(6), Message:<EMPTY>, reply=RaftClientReply:client-67F6425C4112->e76b0d72-a5f7-47dd-bc74-8743a5d358b0@group-CC68B5F19AD3, cid=10, FAILED org.apache.ratis.protocol.NotReplicatedException: Request with call Id 10 and log index 6 is not yet replicated to ALL_COMMITTED, logIndex=6, commits[e76b0d72-a5f7-47dd-bc74-8743a5d358b0:c10, e534181c-9f5d-4f71-ad0d-cd71b851ae4d:c4, f1d6a710-9313-44dc-a005-f0b22c06f92c:c10]
2019-10-20 10:17:50,944 [BlockDeletingService#2] WARN  background.BlockDeletingService (BlockDeletingService.java:isDeletionAllowed(187)) - Close Container log Index 6 is not replicated across allthe servers in the pipeline 119175b0-5d21-4334-a09f-cc68b5f19ad3 as the min replicated index is 4. Deletion is not allowed in this container yet.
2019-10-20 10:17:50,947 [BlockDeletingService#2] WARN  background.BlockDeletingService (BlockDeletingService.java:isDeletionAllowed(187)) - Close Container log Index 6 is not replicated across allthe servers in the pipeline 119175b0-5d21-4334-a09f-cc68b5f19ad3 as the min replicated index is 4. Deletion is not allowed in this container yet.
2019-10-20 10:17:51,090 [EventQueue-ContainerReportForContainerReportHandler] WARN  container.ContainerReportHandler (AbstractContainerReportHandler.java:updateContainerState(145)) - Container #1 is in OPEN state, but the datanode f1d6a710-9313-44dc-a005-f0b22c06f92c{ip: 192.168.69.89, host: pr-hdds-2335-x5gnt-184872562, networkLocation: /default-rack, certSerialId: null} reports an CLOSED replica.
2019-10-20 10:17:51,250 [EventQueue-ContainerReportForContainerReportHandler] WARN  container.ContainerReportHandler (AbstractContainerReportHandler.java:updateContainerState(145)) - Container #1 is in OPEN state, but the datanode e76b0d72-a5f7-47dd-bc74-8743a5d358b0{ip: 192.168.69.89, host: pr-hdds-2335-x5gnt-184872562, networkLocation: /default-rack, certSerialId: null} reports an CLOSED replica.
2019-10-20 10:17:51,390 [EventQueue-ContainerReportForContainerReportHandler] WARN  container.ContainerReportHandler (AbstractContainerReportHandler.java:updateContainerState(145)) - Container #1 is in OPEN state, but the datanode f1d6a710-9313-44dc-a005-f0b22c06f92c{ip: 192.168.69.89, host: pr-hdds-2335-x5gnt-184872562, networkLocation: /default-rack, certSerialId: null} reports an CLOSED replica.
2019-10-20 10:17:51,550 [EventQueue-ContainerReportForContainerReportHandler] WARN  container.ContainerReportHandler (AbstractContainerReportHandler.java:updateContainerState(145)) - Container #1 is in OPEN state, but the datanode e76b0d72-a5f7-47dd-bc74-8743a5d358b0{ip: 192.168.69.89, host: pr-hdds-2335-x5gnt-184872562, networkLocation: /default-rack, certSerialId: null} reports an CLOSED replica.
2019-10-20 10:17:51,690 [EventQueue-ContainerReportForContainerReportHandler] WARN  container.ContainerReportHandler (AbstractContainerReportHandler.java:updateContainerState(145)) - Container #1 is in OPEN state, but the datanode f1d6a710-9313-44dc-a005-f0b22c06f92c{ip: 192.168.69.89, host: pr-hdds-2335-x5gnt-184872562, networkLocation: /default-rack, certSerialId: null} reports an CLOSED replica.
2019-10-20 10:17:51,749 [EventQueue-ContainerReportForContainerReportHandler] WARN  container.ContainerReportHandler (AbstractContainerReportHandler.java:updateContainerState(145)) - Container #1 is in OPEN state, but the datanode e76b0d72-a5f7-47dd-bc74-8743a5d358b0{ip: 192.168.69.89, host: pr-hdds-2335-x5gnt-184872562, networkLocation: /default-rack, certSerialId: null} reports an CLOSED replica.
2019-10-20 10:17:51,801 [java.util.concurrent.ThreadPoolExecutor$Worker@28f79926[State = -1, empty queue]] WARN  server.GrpcLogAppender (GrpcLogAppender.java:timeoutAppendRequest(209)) - e76b0d72-a5f7-47dd-bc74-8743a5d358b0@group-CC68B5F19AD3->e534181c-9f5d-4f71-ad0d-cd71b851ae4d-GrpcLogAppender: appendEntries Timeout, request=e76b0d72-a5f7-47dd-bc74-8743a5d358b0->e534181c-9f5d-4f71-ad0d-cd71b851ae4d#39-t2, previous=(t:2, i:10), leaderCommit=10, initializing? false, entries: <empty>
2019-10-20 10:17:51,947 [BlockDeletingService#2] WARN  background.BlockDeletingService (BlockDeletingService.java:isDeletionAllowed(187)) - Close Container log Index 6 is not replicated across allthe servers in the pipeline 119175b0-5d21-4334-a09f-cc68b5f19ad3 as the min replicated index is 4. Deletion is not allowed in this container yet.
2019-10-20 10:17:51,948 [BlockDeletingService#2] WARN  background.BlockDeletingService (BlockDeletingService.java:isDeletionAllowed(187)) - Close Container log Index 6 is not replicated across allthe servers in the pipeline 119175b0-5d21-4334-a09f-cc68b5f19ad3 as the min replicated index is 4. Deletion is not allowed in this container yet.
2019-10-20 10:17:52,050 [EventQueue-ContainerReportForContainerReportHandler] WARN  container.ContainerReportHandler (AbstractContainerReportHandler.java:updateContainerState(145)) - Container #1 is in OPEN state, but the datanode e76b0d72-a5f7-47dd-bc74-8743a5d358b0{ip: 192.168.69.89, host: pr-hdds-2335-x5gnt-184872562, networkLocation: /default-rack, certSerialId: null} reports an CLOSED replica.
2019-10-20 10:17:52,090 [EventQueue-ContainerReportForContainerReportHandler] WARN  container.ContainerReportHandler (AbstractContainerReportHandler.java:updateContainerState(145)) - Container #1 is in OPEN state, but the datanode f1d6a710-9313-44dc-a005-f0b22c06f92c{ip: 192.168.69.89, host: pr-hdds-2335-x5gnt-184872562, networkLocation: /default-rack, certSerialId: null} reports an CLOSED replica.
2019-10-20 10:17:52,350 [EventQueue-ContainerReportForContainerReportHandler] WARN  container.ContainerReportHandler (AbstractContainerReportHandler.java:updateContainerState(145)) - Container #1 is in OPEN state, but the datanode e76b0d72-a5f7-47dd-bc74-8743a5d358b0{ip: 192.168.69.89, host: pr-hdds-2335-x5gnt-184872562, networkLocation: /default-rack, certSerialId: null} reports an CLOSED replica.
2019-10-20 10:17:52,391 [EventQueue-ContainerReportForContainerReportHandler] WARN  container.ContainerReportHandler (AbstractContainerReportHandler.java:updateContainerState(145)) - Container #1 is in OPEN state, but the datanode f1d6a710-9313-44dc-a005-f0b22c06f92c{ip: 192.168.69.89, host: pr-hdds-2335-x5gnt-184872562, networkLocation: /default-rack, certSerialId: null} reports an CLOSED replica.
2019-10-20 10:17:52,751 [EventQueue-ContainerReportForContainerReportHandler] WARN  container.ContainerReportHandler (AbstractContainerReportHandler.java:updateContainerState(145)) - Container #1 is in OPEN state, but the datanode e76b0d72-a5f7-47dd-bc74-8743a5d358b0{ip: 192.168.69.89, host: pr-hdds-2335-x5gnt-184872562, networkLocation: /default-rack, certSerialId: null} reports an CLOSED replica.
2019-10-20 10:17:52,791 [EventQueue-ContainerReportForContainerReportHandler] WARN  container.ContainerReportHandler (AbstractContainerReportHandler.java:updateContainerState(145)) - Container #1 is in OPEN state, but the datanode f1d6a710-9313-44dc-a005-f0b22c06f92c{ip: 192.168.69.89, host: pr-hdds-2335-x5gnt-184872562, networkLocation: /default-rack, certSerialId: null} reports an CLOSED replica.
2019-10-20 10:17:52,948 [BlockDeletingService#2] WARN  background.BlockDeletingService (BlockDeletingService.java:isDeletionAllowed(187)) - Close Container log Index 6 is not replicated across allthe servers in the pipeline 119175b0-5d21-4334-a09f-cc68b5f19ad3 as the min replicated index is 4. Deletion is not allowed in this container yet.
2019-10-20 10:17:52,949 [BlockDeletingService#2] WARN  background.BlockDeletingService (BlockDeletingService.java:isDeletionAllowed(187)) - Close Container log Index 6 is not replicated across allthe servers in the pipeline 119175b0-5d21-4334-a09f-cc68b5f19ad3 as the min replicated index is 4. Deletion is not allowed in this container yet.
2019-10-20 10:17:53,052 [EventQueue-ContainerReportForContainerReportHandler] WARN  container.ContainerReportHandler (AbstractContainerReportHandler.java:updateContainerState(145)) - Container #1 is in OPEN state, but the datanode e76b0d72-a5f7-47dd-bc74-8743a5d358b0{ip: 192.168.69.89, host: pr-hdds-2335-x5gnt-184872562, networkLocation: /default-rack, certSerialId: null} reports an CLOSED replica.
2019-10-20 10:17:53,091 [EventQueue-ContainerReportForContainerReportHandler] WARN  container.ContainerReportHandler (AbstractContainerReportHandler.java:updateContainerState(145)) - Container #1 is in OPEN state, but the datanode f1d6a710-9313-44dc-a005-f0b22c06f92c{ip: 192.168.69.89, host: pr-hdds-2335-x5gnt-184872562, networkLocation: /default-rack, certSerialId: null} reports an CLOSED replica.
2019-10-20 10:17:53,391 [EventQueue-ContainerReportForContainerReportHandler] WARN  container.ContainerReportHandler (AbstractContainerReportHandler.java:updateContainerState(145)) - Container #1 is in OPEN state, but the datanode f1d6a710-9313-44dc-a005-f0b22c06f92c{ip: 192.168.69.89, host: pr-hdds-2335-x5gnt-184872562, networkLocation: /default-rack, certSerialId: null} reports an CLOSED replica.
2019-10-20 10:17:53,452 [EventQueue-ContainerReportForContainerReportHandler] WARN  container.ContainerReportHandler (AbstractContainerReportHandler.java:updateContainerState(145)) - Container #1 is in OPEN state, but the datanode e76b0d72-a5f7-47dd-bc74-8743a5d358b0{ip: 192.168.69.89, host: pr-hdds-2335-x5gnt-184872562, networkLocation: /default-rack, certSerialId: null} reports an CLOSED replica.
2019-10-20 10:17:53,652 [EventQueue-ContainerReportForContainerReportHandler] WARN  container.ContainerReportHandler (AbstractContainerReportHandler.java:updateContainerState(145)) - Container #1 is in OPEN state, but the datanode e76b0d72-a5f7-47dd-bc74-8743a5d358b0{ip: 192.168.69.89, host: pr-hdds-2335-x5gnt-184872562, networkLocation: /default-rack, certSerialId: null} reports an CLOSED replica.
2019-10-20 10:17:53,692 [EventQueue-ContainerReportForContainerReportHandler] WARN  container.ContainerReportHandler (AbstractContainerReportHandler.java:updateContainerState(145)) - Container #1 is in OPEN state, but the datanode f1d6a710-9313-44dc-a005-f0b22c06f92c{ip: 192.168.69.89, host: pr-hdds-2335-x5gnt-184872562, networkLocation: /default-rack, certSerialId: null} reports an CLOSED replica.
2019-10-20 10:17:53,950 [BlockDeletingService#2] WARN  background.BlockDeletingService (BlockDeletingService.java:isDeletionAllowed(187)) - Close Container log Index 6 is not replicated across allthe servers in the pipeline 119175b0-5d21-4334-a09f-cc68b5f19ad3 as the min replicated index is 4. Deletion is not allowed in this container yet.
2019-10-20 10:17:53,951 [BlockDeletingService#2] WARN  background.BlockDeletingService (BlockDeletingService.java:isDeletionAllowed(187)) - Close Container log Index 6 is not replicated across allthe servers in the pipeline 119175b0-5d21-4334-a09f-cc68b5f19ad3 as the min replicated index is 4. Deletion is not allowed in this container yet.
2019-10-20 10:17:53,993 [EventQueue-ContainerReportForContainerReportHandler] WARN  container.ContainerReportHandler (AbstractContainerReportHandler.java:updateContainerState(145)) - Container #1 is in OPEN state, but the datanode f1d6a710-9313-44dc-a005-f0b22c06f92c{ip: 192.168.69.89, host: pr-hdds-2335-x5gnt-184872562, networkLocation: /default-rack, certSerialId: null} reports an CLOSED replica.
2019-10-20 10:17:54,053 [EventQueue-ContainerReportForContainerReportHandler] WARN  container.ContainerReportHandler (AbstractContainerReportHandler.java:updateContainerState(145)) - Container #1 is in OPEN state, but the datanode e76b0d72-a5f7-47dd-bc74-8743a5d358b0{ip: 192.168.69.89, host: pr-hdds-2335-x5gnt-184872562, networkLocation: /default-rack, certSerialId: null} reports an CLOSED replica.
2019-10-20 10:17:54,293 [EventQueue-ContainerReportForContainerReportHandler] WARN  container.ContainerReportHandler (AbstractContainerReportHandler.java:updateContainerState(145)) - Container #1 is in OPEN state, but the datanode f1d6a710-9313-44dc-a005-f0b22c06f92c{ip: 192.168.69.89, host: pr-hdds-2335-x5gnt-184872562, networkLocation: /default-rack, certSerialId: null} reports an CLOSED replica.
2019-10-20 10:17:54,303 [java.util.concurrent.ThreadPoolExecutor$Worker@28f79926[State = -1, empty queue]] WARN  server.GrpcLogAppender (GrpcLogAppender.java:timeoutAppendRequest(209)) - e76b0d72-a5f7-47dd-bc74-8743a5d358b0@group-CC68B5F19AD3->e534181c-9f5d-4f71-ad0d-cd71b851ae4d-GrpcLogAppender: appendEntries Timeout, request=e76b0d72-a5f7-47dd-bc74-8743a5d358b0->e534181c-9f5d-4f71-ad0d-cd71b851ae4d#40-t2, previous=(t:2, i:10), leaderCommit=10, initializing? false, entries: <empty>
2019-10-20 10:17:54,353 [EventQueue-ContainerReportForContainerReportHandler] WARN  container.ContainerReportHandler (AbstractContainerReportHandler.java:updateContainerState(145)) - Container #1 is in OPEN state, but the datanode e76b0d72-a5f7-47dd-bc74-8743a5d358b0{ip: 192.168.69.89, host: pr-hdds-2335-x5gnt-184872562, networkLocation: /default-rack, certSerialId: null} reports an CLOSED replica.
2019-10-20 10:17:54,694 [EventQueue-ContainerReportForContainerReportHandler] WARN  container.ContainerReportHandler (AbstractContainerReportHandler.java:updateContainerState(145)) - Container #1 is in OPEN state, but the datanode f1d6a710-9313-44dc-a005-f0b22c06f92c{ip: 192.168.69.89, host: pr-hdds-2335-x5gnt-184872562, networkLocation: /default-rack, certSerialId: null} reports an CLOSED replica.
2019-10-20 10:17:54,754 [EventQueue-ContainerReportForContainerReportHandler] WARN  container.ContainerReportHandler (AbstractContainerReportHandler.java:updateContainerState(145)) - Container #1 is in OPEN state, but the datanode e76b0d72-a5f7-47dd-bc74-8743a5d358b0{ip: 192.168.69.89, host: pr-hdds-2335-x5gnt-184872562, networkLocation: /default-rack, certSerialId: null} reports an CLOSED replica.
2019-10-20 10:17:54,951 [BlockDeletingService#2] WARN  background.BlockDeletingService (BlockDeletingService.java:isDeletionAllowed(187)) - Close Container log Index 6 is not replicated across allthe servers in the pipeline 119175b0-5d21-4334-a09f-cc68b5f19ad3 as the min replicated index is 4. Deletion is not allowed in this container yet.
2019-10-20 10:17:54,952 [BlockDeletingService#2] WARN  background.BlockDeletingService (BlockDeletingService.java:isDeletionAllowed(187)) - Close Container log Index 6 is not replicated across allthe servers in the pipeline 119175b0-5d21-4334-a09f-cc68b5f19ad3 as the min replicated index is 4. Deletion is not allowed in this container yet.
2019-10-20 10:17:54,953 [EventQueue-ContainerReportForContainerReportHandler] WARN  container.ContainerReportHandler (AbstractContainerReportHandler.java:updateContainerState(145)) - Container #1 is in OPEN state, but the datanode e76b0d72-a5f7-47dd-bc74-8743a5d358b0{ip: 192.168.69.89, host: pr-hdds-2335-x5gnt-184872562, networkLocation: /default-rack, certSerialId: null} reports an CLOSED replica.
2019-10-20 10:17:54,995 [EventQueue-ContainerReportForContainerReportHandler] WARN  container.ContainerReportHandler (AbstractContainerReportHandler.java:updateContainerState(145)) - Container #1 is in OPEN state, but the datanode f1d6a710-9313-44dc-a005-f0b22c06f92c{ip: 192.168.69.89, host: pr-hdds-2335-x5gnt-184872562, networkLocation: /default-rack, certSerialId: null} reports an CLOSED replica.
2019-10-20 10:17:55,153 [EventQueue-ContainerReportForContainerReportHandler] WARN  container.ContainerReportHandler (AbstractContainerReportHandler.java:updateContainerState(145)) - Container #1 is in OPEN state, but the datanode e76b0d72-a5f7-47dd-bc74-8743a5d358b0{ip: 192.168.69.89, host: pr-hdds-2335-x5gnt-184872562, networkLocation: /default-rack, certSerialId: null} reports an CLOSED replica.
2019-10-20 10:17:55,295 [EventQueue-ContainerReportForContainerReportHandler] WARN  container.ContainerReportHandler (AbstractContainerReportHandler.java:updateContainerState(145)) - Container #1 is in OPEN state, but the datanode f1d6a710-9313-44dc-a005-f0b22c06f92c{ip: 192.168.69.89, host: pr-hdds-2335-x5gnt-184872562, networkLocation: /default-rack, certSerialId: null} reports an CLOSED replica.
2019-10-20 10:17:55,555 [EventQueue-ContainerReportForContainerReportHandler] WARN  container.ContainerReportHandler (AbstractContainerReportHandler.java:updateContainerState(145)) - Container #1 is in OPEN state, but the datanode e76b0d72-a5f7-47dd-bc74-8743a5d358b0{ip: 192.168.69.89, host: pr-hdds-2335-x5gnt-184872562, networkLocation: /default-rack, certSerialId: null} reports an CLOSED replica.
2019-10-20 10:17:55,695 [EventQueue-ContainerReportForContainerReportHandler] WARN  container.ContainerReportHandler (AbstractContainerReportHandler.java:updateContainerState(145)) - Container #1 is in OPEN state, but the datanode f1d6a710-9313-44dc-a005-f0b22c06f92c{ip: 192.168.69.89, host: pr-hdds-2335-x5gnt-184872562, networkLocation: /default-rack, certSerialId: null} reports an CLOSED replica.
2019-10-20 10:17:55,854 [EventQueue-ContainerReportForContainerReportHandler] WARN  container.ContainerReportHandler (AbstractContainerReportHandler.java:updateContainerState(145)) - Container #1 is in OPEN state, but the datanode e76b0d72-a5f7-47dd-bc74-8743a5d358b0{ip: 192.168.69.89, host: pr-hdds-2335-x5gnt-184872562, networkLocation: /default-rack, certSerialId: null} reports an CLOSED replica.
2019-10-20 10:17:55,896 [EventQueue-ContainerReportForContainerReportHandler] WARN  container.ContainerReportHandler (AbstractContainerReportHandler.java:updateContainerState(145)) - Container #1 is in OPEN state, but the datanode f1d6a710-9313-44dc-a005-f0b22c06f92c{ip: 192.168.69.89, host: pr-hdds-2335-x5gnt-184872562, networkLocation: /default-rack, certSerialId: null} reports an CLOSED replica.
2019-10-20 10:17:55,953 [BlockDeletingService#2] WARN  background.BlockDeletingService (BlockDeletingService.java:isDeletionAllowed(187)) - Close Container log Index 6 is not replicated across allthe servers in the pipeline 119175b0-5d21-4334-a09f-cc68b5f19ad3 as the min replicated index is 4. Deletion is not allowed in this container yet.
2019-10-20 10:17:55,953 [BlockDeletingService#2] WARN  background.BlockDeletingService (BlockDeletingService.java:isDeletionAllowed(187)) - Close Container log Index 6 is not replicated across allthe servers in the pipeline 119175b0-5d21-4334-a09f-cc68b5f19ad3 as the min replicated index is 4. Deletion is not allowed in this container yet.
2019-10-20 10:17:56,096 [EventQueue-ContainerReportForContainerReportHandler] WARN  container.ContainerReportHandler (AbstractContainerReportHandler.java:updateContainerState(145)) - Container #1 is in OPEN state, but the datanode f1d6a710-9313-44dc-a005-f0b22c06f92c{ip: 192.168.69.89, host: pr-hdds-2335-x5gnt-184872562, networkLocation: /default-rack, certSerialId: null} reports an CLOSED replica.
2019-10-20 10:17:56,154 [EventQueue-ContainerReportForContainerReportHandler] WARN  container.ContainerReportHandler (AbstractContainerReportHandler.java:updateContainerState(145)) - Container #1 is in OPEN state, but the datanode e76b0d72-a5f7-47dd-bc74-8743a5d358b0{ip: 192.168.69.89, host: pr-hdds-2335-x5gnt-184872562, networkLocation: /default-rack, certSerialId: null} reports an CLOSED replica.
2019-10-20 10:17:56,296 [EventQueue-ContainerReportForContainerReportHandler] WARN  container.ContainerReportHandler (AbstractContainerReportHandler.java:updateContainerState(145)) - Container #1 is in OPEN state, but the datanode f1d6a710-9313-44dc-a005-f0b22c06f92c{ip: 192.168.69.89, host: pr-hdds-2335-x5gnt-184872562, networkLocation: /default-rack, certSerialId: null} reports an CLOSED replica.
2019-10-20 10:17:56,355 [EventQueue-ContainerReportForContainerReportHandler] WARN  container.ContainerReportHandler (AbstractContainerReportHandler.java:updateContainerState(145)) - Container #1 is in OPEN state, but the datanode e76b0d72-a5f7-47dd-bc74-8743a5d358b0{ip: 192.168.69.89, host: pr-hdds-2335-x5gnt-184872562, networkLocation: /default-rack, certSerialId: null} reports an CLOSED replica.
2019-10-20 10:17:56,596 [EventQueue-ContainerReportForContainerReportHandler] WARN  container.ContainerReportHandler (AbstractContainerReportHandler.java:updateContainerState(145)) - Container #1 is in OPEN state, but the datanode f1d6a710-9313-44dc-a005-f0b22c06f92c{ip: 192.168.69.89, host: pr-hdds-2335-x5gnt-184872562, networkLocation: /default-rack, certSerialId: null} reports an CLOSED replica.
2019-10-20 10:17:56,655 [EventQueue-ContainerReportForContainerReportHandler] WARN  container.ContainerReportHandler (AbstractContainerReportHandler.java:updateContainerState(145)) - Container #1 is in OPEN state, but the datanode e76b0d72-a5f7-47dd-bc74-8743a5d358b0{ip: 192.168.69.89, host: pr-hdds-2335-x5gnt-184872562, networkLocation: /default-rack, certSerialId: null} reports an CLOSED replica.
2019-10-20 10:17:56,796 [EventQueue-ContainerReportForContainerReportHandler] WARN  container.ContainerReportHandler (AbstractContainerReportHandler.java:updateContainerState(145)) - Container #1 is in OPEN state, but the datanode f1d6a710-9313-44dc-a005-f0b22c06f92c{ip: 192.168.69.89, host: pr-hdds-2335-x5gnt-184872562, networkLocation: /default-rack, certSerialId: null} reports an CLOSED replica.
2019-10-20 10:17:56,804 [java.util.concurrent.ThreadPoolExecutor$Worker@28f79926[State = -1, empty queue]] WARN  server.GrpcLogAppender (GrpcLogAppender.java:timeoutAppendRequest(209)) - e76b0d72-a5f7-47dd-bc74-8743a5d358b0@group-CC68B5F19AD3->e534181c-9f5d-4f71-ad0d-cd71b851ae4d-GrpcLogAppender: appendEntries Timeout, request=e76b0d72-a5f7-47dd-bc74-8743a5d358b0->e534181c-9f5d-4f71-ad0d-cd71b851ae4d#41-t2, previous=(t:2, i:10), leaderCommit=10, initializing? false, entries: <empty>
2019-10-20 10:17:56,955 [BlockDeletingService#2] WARN  background.BlockDeletingService (BlockDeletingService.java:isDeletionAllowed(187)) - Close Container log Index 6 is not replicated across allthe servers in the pipeline 119175b0-5d21-4334-a09f-cc68b5f19ad3 as the min replicated index is 4. Deletion is not allowed in this container yet.
2019-10-20 10:17:56,955 [BlockDeletingService#2] WARN  background.BlockDeletingService (BlockDeletingService.java:isDeletionAllowed(187)) - Close Container log Index 6 is not replicated across allthe servers in the pipeline 119175b0-5d21-4334-a09f-cc68b5f19ad3 as the min replicated index is 4. Deletion is not allowed in this container yet.
2019-10-20 10:17:57,055 [EventQueue-ContainerReportForContainerReportHandler] WARN  container.ContainerReportHandler (AbstractContainerReportHandler.java:updateContainerState(145)) - Container #1 is in OPEN state, but the datanode e76b0d72-a5f7-47dd-bc74-8743a5d358b0{ip: 192.168.69.89, host: pr-hdds-2335-x5gnt-184872562, networkLocation: /default-rack, certSerialId: null} reports an CLOSED replica.
2019-10-20 10:17:57,096 [EventQueue-ContainerReportForContainerReportHandler] WARN  container.ContainerReportHandler (AbstractContainerReportHandler.java:updateContainerState(145)) - Container #1 is in OPEN state, but the datanode f1d6a710-9313-44dc-a005-f0b22c06f92c{ip: 192.168.69.89, host: pr-hdds-2335-x5gnt-184872562, networkLocation: /default-rack, certSerialId: null} reports an CLOSED replica.
2019-10-20 10:17:57,255 [EventQueue-ContainerReportForContainerReportHandler] WARN  container.ContainerReportHandler (AbstractContainerReportHandler.java:updateContainerState(145)) - Container #1 is in OPEN state, but the datanode e76b0d72-a5f7-47dd-bc74-8743a5d358b0{ip: 192.168.69.89, host: pr-hdds-2335-x5gnt-184872562, networkLocation: /default-rack, certSerialId: null} reports an CLOSED replica.
2019-10-20 10:17:57,496 [EventQueue-ContainerReportForContainerReportHandler] WARN  container.ContainerReportHandler (AbstractContainerReportHandler.java:updateContainerState(145)) - Container #1 is in OPEN state, but the datanode f1d6a710-9313-44dc-a005-f0b22c06f92c{ip: 192.168.69.89, host: pr-hdds-2335-x5gnt-184872562, networkLocation: /default-rack, certSerialId: null} reports an CLOSED replica.
2019-10-20 10:17:57,655 [EventQueue-ContainerReportForContainerReportHandler] WARN  container.ContainerReportHandler (AbstractContainerReportHandler.java:updateContainerState(145)) - Container #1 is in OPEN state, but the datanode e76b0d72-a5f7-47dd-bc74-8743a5d358b0{ip: 192.168.69.89, host: pr-hdds-2335-x5gnt-184872562, networkLocation: /default-rack, certSerialId: null} reports an CLOSED replica.
2019-10-20 10:17:57,795 [EventQueue-ContainerReportForContainerReportHandler] WARN  container.ContainerReportHandler (AbstractContainerReportHandler.java:updateContainerState(145)) - Container #1 is in OPEN state, but the datanode f1d6a710-9313-44dc-a005-f0b22c06f92c{ip: 192.168.69.89, host: pr-hdds-2335-x5gnt-184872562, networkLocation: /default-rack, certSerialId: null} reports an CLOSED replica.
2019-10-20 10:17:57,947 [Thread-459] INFO  client.GrpcClientProtocolService (GrpcClientProtocolService.java:lambda$processClientRequest$0(278)) - Failed RaftClientRequest:client-67F6425C4112->f1d6a710-9313-44dc-a005-f0b22c06f92c@group-CC68B5F19AD3, cid=10, seq=0, Watch-ALL_COMMITTED(6), Message:<EMPTY>, reply=RaftClientReply:client-67F6425C4112->f1d6a710-9313-44dc-a005-f0b22c06f92c@group-CC68B5F19AD3, cid=10, FAILED org.apache.ratis.protocol.NotLeaderException: Server f1d6a710-9313-44dc-a005-f0b22c06f92c@group-CC68B5F19AD3 is not the leader e76b0d72-a5f7-47dd-bc74-8743a5d358b0:192.168.69.89:42489, logIndex=0, commits[f1d6a710-9313-44dc-a005-f0b22c06f92c:c10, e76b0d72-a5f7-47dd-bc74-8743a5d358b0:c10, e534181c-9f5d-4f71-ad0d-cd71b851ae4d:c4]
2019-10-20 10:17:57,956 [EventQueue-ContainerReportForContainerReportHandler] WARN  container.ContainerReportHandler (AbstractContainerReportHandler.java:updateContainerState(145)) - Container #1 is in OPEN state, but the datanode e76b0d72-a5f7-47dd-bc74-8743a5d358b0{ip: 192.168.69.89, host: pr-hdds-2335-x5gnt-184872562, networkLocation: /default-rack, certSerialId: null} reports an CLOSED replica.
2019-10-20 10:17:57,956 [BlockDeletingService#2] WARN  background.BlockDeletingService (BlockDeletingService.java:isDeletionAllowed(187)) - Close Container log Index 6 is not replicated across allthe servers in the pipeline 119175b0-5d21-4334-a09f-cc68b5f19ad3 as the min replicated index is 4. Deletion is not allowed in this container yet.
2019-10-20 10:17:57,956 [BlockDeletingService#2] WARN  background.BlockDeletingService (BlockDeletingService.java:isDeletionAllowed(187)) - Close Container log Index 6 is not replicated across allthe servers in the pipeline 119175b0-5d21-4334-a09f-cc68b5f19ad3 as the min replicated index is 4. Deletion is not allowed in this container yet.
2019-10-20 10:17:57,996 [EventQueue-ContainerReportForContainerReportHandler] WARN  container.ContainerReportHandler (AbstractContainerReportHandler.java:updateContainerState(145)) - Container #1 is in OPEN state, but the datanode f1d6a710-9313-44dc-a005-f0b22c06f92c{ip: 192.168.69.89, host: pr-hdds-2335-x5gnt-184872562, networkLocation: /default-rack, certSerialId: null} reports an CLOSED replica.
2019-10-20 10:17:58,256 [EventQueue-ContainerReportForContainerReportHandler] WARN  container.ContainerReportHandler (AbstractContainerReportHandler.java:updateContainerState(145)) - Container #1 is in OPEN state, but the datanode e76b0d72-a5f7-47dd-bc74-8743a5d358b0{ip: 192.168.69.89, host: pr-hdds-2335-x5gnt-184872562, networkLocation: /default-rack, certSerialId: null} reports an CLOSED replica.
2019-10-20 10:17:58,396 [EventQueue-ContainerReportForContainerReportHandler] WARN  container.ContainerReportHandler (AbstractContainerReportHandler.java:updateContainerState(145)) - Container #1 is in OPEN state, but the datanode f1d6a710-9313-44dc-a005-f0b22c06f92c{ip: 192.168.69.89, host: pr-hdds-2335-x5gnt-184872562, networkLocation: /default-rack, certSerialId: null} reports an CLOSED replica.
2019-10-20 10:17:58,656 [EventQueue-ContainerReportForContainerReportHandler] WARN  container.ContainerReportHandler (AbstractContainerReportHandler.java:updateContainerState(145)) - Container #1 is in OPEN state, but the datanode e76b0d72-a5f7-47dd-bc74-8743a5d358b0{ip: 192.168.69.89, host: pr-hdds-2335-x5gnt-184872562, networkLocation: /default-rack, certSerialId: null} reports an CLOSED replica.
2019-10-20 10:17:58,696 [EventQueue-ContainerReportForContainerReportHandler] WARN  container.ContainerReportHandler (AbstractContainerReportHandler.java:updateContainerState(145)) - Container #1 is in OPEN state, but the datanode f1d6a710-9313-44dc-a005-f0b22c06f92c{ip: 192.168.69.89, host: pr-hdds-2335-x5gnt-184872562, networkLocation: /default-rack, certSerialId: null} reports an CLOSED replica.
2019-10-20 10:17:58,956 [EventQueue-ContainerReportForContainerReportHandler] WARN  container.ContainerReportHandler (AbstractContainerReportHandler.java:updateContainerState(145)) - Container #1 is in OPEN state, but the datanode e76b0d72-a5f7-47dd-bc74-8743a5d358b0{ip: 192.168.69.89, host: pr-hdds-2335-x5gnt-184872562, networkLocation: /default-rack, certSerialId: null} reports an CLOSED replica.
2019-10-20 10:17:58,958 [BlockDeletingService#2] WARN  background.BlockDeletingService (BlockDeletingService.java:isDeletionAllowed(187)) - Close Container log Index 6 is not replicated across allthe servers in the pipeline 119175b0-5d21-4334-a09f-cc68b5f19ad3 as the min replicated index is 4. Deletion is not allowed in this container yet.
2019-10-20 10:17:58,958 [BlockDeletingService#2] WARN  background.BlockDeletingService (BlockDeletingService.java:isDeletionAllowed(187)) - Close Container log Index 6 is not replicated across allthe servers in the pipeline 119175b0-5d21-4334-a09f-cc68b5f19ad3 as the min replicated index is 4. Deletion is not allowed in this container yet.
2019-10-20 10:17:58,996 [EventQueue-ContainerReportForContainerReportHandler] WARN  container.ContainerReportHandler (AbstractContainerReportHandler.java:updateContainerState(145)) - Container #1 is in OPEN state, but the datanode f1d6a710-9313-44dc-a005-f0b22c06f92c{ip: 192.168.69.89, host: pr-hdds-2335-x5gnt-184872562, networkLocation: /default-rack, certSerialId: null} reports an CLOSED replica.
2019-10-20 10:17:59,156 [EventQueue-ContainerReportForContainerReportHandler] WARN  container.ContainerReportHandler (AbstractContainerReportHandler.java:updateContainerState(145)) - Container #1 is in OPEN state, but the datanode e76b0d72-a5f7-47dd-bc74-8743a5d358b0{ip: 192.168.69.89, host: pr-hdds-2335-x5gnt-184872562, networkLocation: /default-rack, certSerialId: null} reports an CLOSED replica.
2019-10-20 10:17:59,197 [EventQueue-ContainerReportForContainerReportHandler] WARN  container.ContainerReportHandler (AbstractContainerReportHandler.java:updateContainerState(145)) - Container #1 is in OPEN state, but the datanode f1d6a710-9313-44dc-a005-f0b22c06f92c{ip: 192.168.69.89, host: pr-hdds-2335-x5gnt-184872562, networkLocation: /default-rack, certSerialId: null} reports an CLOSED replica.
2019-10-20 10:17:59,305 [java.util.concurrent.ThreadPoolExecutor$Worker@28f79926[State = -1, empty queue]] WARN  server.GrpcLogAppender (GrpcLogAppender.java:timeoutAppendRequest(209)) - e76b0d72-a5f7-47dd-bc74-8743a5d358b0@group-CC68B5F19AD3->e534181c-9f5d-4f71-ad0d-cd71b851ae4d-GrpcLogAppender: appendEntries Timeout, request=e76b0d72-a5f7-47dd-bc74-8743a5d358b0->e534181c-9f5d-4f71-ad0d-cd71b851ae4d#42-t2, previous=(t:2, i:10), leaderCommit=10, initializing? false, entries: <empty>
2019-10-20 10:17:59,397 [EventQueue-ContainerReportForContainerReportHandler] WARN  container.ContainerReportHandler (AbstractContainerReportHandler.java:updateContainerState(145)) - Container #1 is in OPEN state, but the datanode f1d6a710-9313-44dc-a005-f0b22c06f92c{ip: 192.168.69.89, host: pr-hdds-2335-x5gnt-184872562, networkLocation: /default-rack, certSerialId: null} reports an CLOSED replica.
2019-10-20 10:17:59,556 [EventQueue-ContainerReportForContainerReportHandler] WARN  container.ContainerReportHandler (AbstractContainerReportHandler.java:updateContainerState(145)) - Container #1 is in OPEN state, but the datanode e76b0d72-a5f7-47dd-bc74-8743a5d358b0{ip: 192.168.69.89, host: pr-hdds-2335-x5gnt-184872562, networkLocation: /default-rack, certSerialId: null} reports an CLOSED replica.
2019-10-20 10:17:59,798 [EventQueue-ContainerReportForContainerReportHandler] WARN  container.ContainerReportHandler (AbstractContainerReportHandler.java:updateContainerState(145)) - Container #1 is in OPEN state, but the datanode f1d6a710-9313-44dc-a005-f0b22c06f92c{ip: 192.168.69.89, host: pr-hdds-2335-x5gnt-184872562, networkLocation: /default-rack, certSerialId: null} reports an CLOSED replica.
2019-10-20 10:17:59,884 [Thread-467] INFO  client.GrpcClientProtocolService (GrpcClientProtocolService.java:lambda$processClientRequest$0(278)) - Failed RaftClientRequest:client-67F6425C4112->e76b0d72-a5f7-47dd-bc74-8743a5d358b0@group-CC68B5F19AD3, cid=10, seq=0, Watch-ALL_COMMITTED(6), Message:<EMPTY>, reply=RaftClientReply:client-67F6425C4112->e76b0d72-a5f7-47dd-bc74-8743a5d358b0@group-CC68B5F19AD3, cid=10, FAILED org.apache.ratis.protocol.NotReplicatedException: Request with call Id 10 and log index 6 is not yet replicated to ALL_COMMITTED, logIndex=6, commits[e76b0d72-a5f7-47dd-bc74-8743a5d358b0:c10, e534181c-9f5d-4f71-ad0d-cd71b851ae4d:c4, f1d6a710-9313-44dc-a005-f0b22c06f92c:c10]
2019-10-20 10:17:59,957 [EventQueue-ContainerReportForContainerReportHandler] WARN  container.ContainerReportHandler (AbstractContainerReportHandler.java:updateContainerState(145)) - Container #1 is in OPEN state, but the datanode e76b0d72-a5f7-47dd-bc74-8743a5d358b0{ip: 192.168.69.89, host: pr-hdds-2335-x5gnt-184872562, networkLocation: /default-rack, certSerialId: null} reports an CLOSED replica.
2019-10-20 10:17:59,960 [BlockDeletingService#2] WARN  background.BlockDeletingService (BlockDeletingService.java:isDeletionAllowed(187)) - Close Container log Index 6 is not replicated across allthe servers in the pipeline 119175b0-5d21-4334-a09f-cc68b5f19ad3 as the min replicated index is 4. Deletion is not allowed in this container yet.
2019-10-20 10:17:59,960 [BlockDeletingService#2] WARN  background.BlockDeletingService (BlockDeletingService.java:isDeletionAllowed(187)) - Close Container log Index 6 is not replicated across allthe servers in the pipeline 119175b0-5d21-4334-a09f-cc68b5f19ad3 as the min replicated index is 4. Deletion is not allowed in this container yet.
2019-10-20 10:18:00,097 [EventQueue-ContainerReportForContainerReportHandler] WARN  container.ContainerReportHandler (AbstractContainerReportHandler.java:updateContainerState(145)) - Container #1 is in OPEN state, but the datanode f1d6a710-9313-44dc-a005-f0b22c06f92c{ip: 192.168.69.89, host: pr-hdds-2335-x5gnt-184872562, networkLocation: /default-rack, certSerialId: null} reports an CLOSED replica.
2019-10-20 10:18:00,257 [EventQueue-ContainerReportForContainerReportHandler] WARN  container.ContainerReportHandler (AbstractContainerReportHandler.java:updateContainerState(145)) - Container #1 is in OPEN state, but the datanode e76b0d72-a5f7-47dd-bc74-8743a5d358b0{ip: 192.168.69.89, host: pr-hdds-2335-x5gnt-184872562, networkLocation: /default-rack, certSerialId: null} reports an CLOSED replica.
2019-10-20 10:18:00,398 [EventQueue-ContainerReportForContainerReportHandler] WARN  container.ContainerReportHandler (AbstractContainerReportHandler.java:updateContainerState(145)) - Container #1 is in OPEN state, but the datanode f1d6a710-9313-44dc-a005-f0b22c06f92c{ip: 192.168.69.89, host: pr-hdds-2335-x5gnt-184872562, networkLocation: /default-rack, certSerialId: null} reports an CLOSED replica.
2019-10-20 10:18:00,557 [EventQueue-ContainerReportForContainerReportHandler] WARN  container.ContainerReportHandler (AbstractContainerReportHandler.java:updateContainerState(145)) - Container #1 is in OPEN state, but the datanode e76b0d72-a5f7-47dd-bc74-8743a5d358b0{ip: 192.168.69.89, host: pr-hdds-2335-x5gnt-184872562, networkLocation: /default-rack, certSerialId: null} reports an CLOSED replica.
2019-10-20 10:18:00,598 [EventQueue-ContainerReportForContainerReportHandler] WARN  container.ContainerReportHandler (AbstractContainerReportHandler.java:updateContainerState(145)) - Container #1 is in OPEN state, but the datanode f1d6a710-9313-44dc-a005-f0b22c06f92c{ip: 192.168.69.89, host: pr-hdds-2335-x5gnt-184872562, networkLocation: /default-rack, certSerialId: null} reports an CLOSED replica.
2019-10-20 10:18:00,757 [EventQueue-ContainerReportForContainerReportHandler] WARN  container.ContainerReportHandler (AbstractContainerReportHandler.java:updateContainerState(145)) - Container #1 is in OPEN state, but the datanode e76b0d72-a5f7-47dd-bc74-8743a5d358b0{ip: 192.168.69.89, host: pr-hdds-2335-x5gnt-184872562, networkLocation: /default-rack, certSerialId: null} reports an CLOSED replica.
2019-10-20 10:18:00,898 [EventQueue-ContainerReportForContainerReportHandler] WARN  container.ContainerReportHandler (AbstractContainerReportHandler.java:updateContainerState(145)) - Container #1 is in OPEN state, but the datanode f1d6a710-9313-44dc-a005-f0b22c06f92c{ip: 192.168.69.89, host: pr-hdds-2335-x5gnt-184872562, networkLocation: /default-rack, certSerialId: null} reports an CLOSED replica.
2019-10-20 10:18:00,957 [EventQueue-ContainerReportForContainerReportHandler] WARN  container.ContainerReportHandler (AbstractContainerReportHandler.java:updateContainerState(145)) - Container #1 is in OPEN state, but the datanode e76b0d72-a5f7-47dd-bc74-8743a5d358b0{ip: 192.168.69.89, host: pr-hdds-2335-x5gnt-184872562, networkLocation: /default-rack, certSerialId: null} reports an CLOSED replica.
2019-10-20 10:18:00,965 [BlockDeletingService#2] WARN  background.BlockDeletingService (BlockDeletingService.java:isDeletionAllowed(187)) - Close Container log Index 6 is not replicated across allthe servers in the pipeline 119175b0-5d21-4334-a09f-cc68b5f19ad3 as the min replicated index is 4. Deletion is not allowed in this container yet.
2019-10-20 10:18:00,966 [BlockDeletingService#2] WARN  background.BlockDeletingService (BlockDeletingService.java:isDeletionAllowed(187)) - Close Container log Index 6 is not replicated across allthe servers in the pipeline 119175b0-5d21-4334-a09f-cc68b5f19ad3 as the min replicated index is 4. Deletion is not allowed in this container yet.
2019-10-20 10:18:01,098 [EventQueue-ContainerReportForContainerReportHandler] WARN  container.ContainerReportHandler (AbstractContainerReportHandler.java:updateContainerState(145)) - Container #1 is in OPEN state, but the datanode f1d6a710-9313-44dc-a005-f0b22c06f92c{ip: 192.168.69.89, host: pr-hdds-2335-x5gnt-184872562, networkLocation: /default-rack, certSerialId: null} reports an CLOSED replica.
2019-10-20 10:18:01,257 [EventQueue-ContainerReportForContainerReportHandler] WARN  container.ContainerReportHandler (AbstractContainerReportHandler.java:updateContainerState(145)) - Container #1 is in OPEN state, but the datanode e76b0d72-a5f7-47dd-bc74-8743a5d358b0{ip: 192.168.69.89, host: pr-hdds-2335-x5gnt-184872562, networkLocation: /default-rack, certSerialId: null} reports an CLOSED replica.
2019-10-20 10:18:01,398 [EventQueue-ContainerReportForContainerReportHandler] WARN  container.ContainerReportHandler (AbstractContainerReportHandler.java:updateContainerState(145)) - Container #1 is in OPEN state, but the datanode f1d6a710-9313-44dc-a005-f0b22c06f92c{ip: 192.168.69.89, host: pr-hdds-2335-x5gnt-184872562, networkLocation: /default-rack, certSerialId: null} reports an CLOSED replica.
2019-10-20 10:18:01,557 [EventQueue-ContainerReportForContainerReportHandler] WARN  container.ContainerReportHandler (AbstractContainerReportHandler.java:updateContainerState(145)) - Container #1 is in OPEN state, but the datanode e76b0d72-a5f7-47dd-bc74-8743a5d358b0{ip: 192.168.69.89, host: pr-hdds-2335-x5gnt-184872562, networkLocation: /default-rack, certSerialId: null} reports an CLOSED replica.
2019-10-20 10:18:01,799 [EventQueue-ContainerReportForContainerReportHandler] WARN  container.ContainerReportHandler (AbstractContainerReportHandler.java:updateContainerState(145)) - Container #1 is in OPEN state, but the datanode f1d6a710-9313-44dc-a005-f0b22c06f92c{ip: 192.168.69.89, host: pr-hdds-2335-x5gnt-184872562, networkLocation: /default-rack, certSerialId: null} reports an CLOSED replica.
2019-10-20 10:18:01,805 [java.util.concurrent.ThreadPoolExecutor$Worker@28f79926[State = -1, empty queue]] WARN  server.GrpcLogAppender (GrpcLogAppender.java:timeoutAppendRequest(209)) - e76b0d72-a5f7-47dd-bc74-8743a5d358b0@group-CC68B5F19AD3->e534181c-9f5d-4f71-ad0d-cd71b851ae4d-GrpcLogAppender: appendEntries Timeout, request=e76b0d72-a5f7-47dd-bc74-8743a5d358b0->e534181c-9f5d-4f71-ad0d-cd71b851ae4d#43-t2, previous=(t:2, i:10), leaderCommit=10, initializing? false, entries: <empty>
2019-10-20 10:18:01,857 [EventQueue-ContainerReportForContainerReportHandler] WARN  container.ContainerReportHandler (AbstractContainerReportHandler.java:updateContainerState(145)) - Container #1 is in OPEN state, but the datanode e76b0d72-a5f7-47dd-bc74-8743a5d358b0{ip: 192.168.69.89, host: pr-hdds-2335-x5gnt-184872562, networkLocation: /default-rack, certSerialId: null} reports an CLOSED replica.
2019-10-20 10:18:01,968 [BlockDeletingService#2] WARN  background.BlockDeletingService (BlockDeletingService.java:isDeletionAllowed(187)) - Close Container log Index 6 is not replicated across allthe servers in the pipeline 119175b0-5d21-4334-a09f-cc68b5f19ad3 as the min replicated index is 4. Deletion is not allowed in this container yet.
2019-10-20 10:18:01,968 [BlockDeletingService#2] WARN  background.BlockDeletingService (BlockDeletingService.java:isDeletionAllowed(187)) - Close Container log Index 6 is not replicated across allthe servers in the pipeline 119175b0-5d21-4334-a09f-cc68b5f19ad3 as the min replicated index is 4. Deletion is not allowed in this container yet.
2019-10-20 10:18:02,156 [EventQueue-ContainerReportForContainerReportHandler] WARN  container.ContainerReportHandler (AbstractContainerReportHandler.java:updateContainerState(145)) - Container #1 is in OPEN state, but the datanode e76b0d72-a5f7-47dd-bc74-8743a5d358b0{ip: 192.168.69.89, host: pr-hdds-2335-x5gnt-184872562, networkLocation: /default-rack, certSerialId: null} reports an CLOSED replica.
2019-10-20 10:18:02,199 [EventQueue-ContainerReportForContainerReportHandler] WARN  container.ContainerReportHandler (AbstractContainerReportHandler.java:updateContainerState(145)) - Container #1 is in OPEN state, but the datanode f1d6a710-9313-44dc-a005-f0b22c06f92c{ip: 192.168.69.89, host: pr-hdds-2335-x5gnt-184872562, networkLocation: /default-rack, certSerialId: null} reports an CLOSED replica.
2019-10-20 10:18:02,399 [EventQueue-ContainerReportForContainerReportHandler] WARN  container.ContainerReportHandler (AbstractContainerReportHandler.java:updateContainerState(145)) - Container #1 is in OPEN state, but the datanode f1d6a710-9313-44dc-a005-f0b22c06f92c{ip: 192.168.69.89, host: pr-hdds-2335-x5gnt-184872562, networkLocation: /default-rack, certSerialId: null} reports an CLOSED replica.
2019-10-20 10:18:02,457 [EventQueue-ContainerReportForContainerReportHandler] WARN  container.ContainerReportHandler (AbstractContainerReportHandler.java:updateContainerState(145)) - Container #1 is in OPEN state, but the datanode e76b0d72-a5f7-47dd-bc74-8743a5d358b0{ip: 192.168.69.89, host: pr-hdds-2335-x5gnt-184872562, networkLocation: /default-rack, certSerialId: null} reports an CLOSED replica.
2019-10-20 10:18:02,757 [EventQueue-ContainerReportForContainerReportHandler] WARN  container.ContainerReportHandler (AbstractContainerReportHandler.java:updateContainerState(145)) - Container #1 is in OPEN state, but the datanode e76b0d72-a5f7-47dd-bc74-8743a5d358b0{ip: 192.168.69.89, host: pr-hdds-2335-x5gnt-184872562, networkLocation: /default-rack, certSerialId: null} reports an CLOSED replica.
2019-10-20 10:18:02,799 [EventQueue-ContainerReportForContainerReportHandler] WARN  container.ContainerReportHandler (AbstractContainerReportHandler.java:updateContainerState(145)) - Container #1 is in OPEN state, but the datanode f1d6a710-9313-44dc-a005-f0b22c06f92c{ip: 192.168.69.89, host: pr-hdds-2335-x5gnt-184872562, networkLocation: /default-rack, certSerialId: null} reports an CLOSED replica.
2019-10-20 10:18:02,969 [BlockDeletingService#2] WARN  background.BlockDeletingService (BlockDeletingService.java:isDeletionAllowed(187)) - Close Container log Index 6 is not replicated across allthe servers in the pipeline 119175b0-5d21-4334-a09f-cc68b5f19ad3 as the min replicated index is 4. Deletion is not allowed in this container yet.
2019-10-20 10:18:02,969 [BlockDeletingService#2] WARN  background.BlockDeletingService (BlockDeletingService.java:isDeletionAllowed(187)) - Close Container log Index 6 is not replicated across allthe servers in the pipeline 119175b0-5d21-4334-a09f-cc68b5f19ad3 as the min replicated index is 4. Deletion is not allowed in this container yet.
2019-10-20 10:18:03,099 [EventQueue-ContainerReportForContainerReportHandler] WARN  container.ContainerReportHandler (AbstractContainerReportHandler.java:updateContainerState(145)) - Container #1 is in OPEN state, but the datanode f1d6a710-9313-44dc-a005-f0b22c06f92c{ip: 192.168.69.89, host: pr-hdds-2335-x5gnt-184872562, networkLocation: /default-rack, certSerialId: null} reports an CLOSED replica.
2019-10-20 10:18:03,156 [EventQueue-ContainerReportForContainerReportHandler] WARN  container.ContainerReportHandler (AbstractContainerReportHandler.java:updateContainerState(145)) - Container #1 is in OPEN state, but the datanode e76b0d72-a5f7-47dd-bc74-8743a5d358b0{ip: 192.168.69.89, host: pr-hdds-2335-x5gnt-184872562, networkLocation: /default-rack, certSerialId: null} reports an CLOSED replica.
2019-10-20 10:18:03,299 [EventQueue-ContainerReportForContainerReportHandler] WARN  container.ContainerReportHandler (AbstractContainerReportHandler.java:updateContainerState(145)) - Container #1 is in OPEN state, but the datanode f1d6a710-9313-44dc-a005-f0b22c06f92c{ip: 192.168.69.89, host: pr-hdds-2335-x5gnt-184872562, networkLocation: /default-rack, certSerialId: null} reports an CLOSED replica.
2019-10-20 10:18:03,457 [EventQueue-ContainerReportForContainerReportHandler] WARN  container.ContainerReportHandler (AbstractContainerReportHandler.java:updateContainerState(145)) - Container #1 is in OPEN state, but the datanode e76b0d72-a5f7-47dd-bc74-8743a5d358b0{ip: 192.168.69.89, host: pr-hdds-2335-x5gnt-184872562, networkLocation: /default-rack, certSerialId: null} reports an CLOSED replica.
2019-10-20 10:18:03,600 [EventQueue-ContainerReportForContainerReportHandler] WARN  container.ContainerReportHandler (AbstractContainerReportHandler.java:updateContainerState(145)) - Container #1 is in OPEN state, but the datanode f1d6a710-9313-44dc-a005-f0b22c06f92c{ip: 192.168.69.89, host: pr-hdds-2335-x5gnt-184872562, networkLocation: /default-rack, certSerialId: null} reports an CLOSED replica.
2019-10-20 10:18:03,656 [EventQueue-ContainerReportForContainerReportHandler] WARN  container.ContainerReportHandler (AbstractContainerReportHandler.java:updateContainerState(145)) - Container #1 is in OPEN state, but the datanode e76b0d72-a5f7-47dd-bc74-8743a5d358b0{ip: 192.168.69.89, host: pr-hdds-2335-x5gnt-184872562, networkLocation: /default-rack, certSerialId: null} reports an CLOSED replica.
2019-10-20 10:18:03,957 [EventQueue-ContainerReportForContainerReportHandler] WARN  container.ContainerReportHandler (AbstractContainerReportHandler.java:updateContainerState(145)) - Container #1 is in OPEN state, but the datanode e76b0d72-a5f7-47dd-bc74-8743a5d358b0{ip: 192.168.69.89, host: pr-hdds-2335-x5gnt-184872562, networkLocation: /default-rack, certSerialId: null} reports an CLOSED replica.
2019-10-20 10:18:03,970 [BlockDeletingService#2] WARN  background.BlockDeletingService (BlockDeletingService.java:isDeletionAllowed(187)) - Close Container log Index 6 is not replicated across allthe servers in the pipeline 119175b0-5d21-4334-a09f-cc68b5f19ad3 as the min replicated index is 4. Deletion is not allowed in this container yet.
2019-10-20 10:18:03,971 [BlockDeletingService#2] WARN  background.BlockDeletingService (BlockDeletingService.java:isDeletionAllowed(187)) - Close Container log Index 6 is not replicated across allthe servers in the pipeline 119175b0-5d21-4334-a09f-cc68b5f19ad3 as the min replicated index is 4. Deletion is not allowed in this container yet.
2019-10-20 10:18:04,000 [EventQueue-ContainerReportForContainerReportHandler] WARN  container.ContainerReportHandler (AbstractContainerReportHandler.java:updateContainerState(145)) - Container #1 is in OPEN state, but the datanode f1d6a710-9313-44dc-a005-f0b22c06f92c{ip: 192.168.69.89, host: pr-hdds-2335-x5gnt-184872562, networkLocation: /default-rack, certSerialId: null} reports an CLOSED replica.
2019-10-20 10:18:04,157 [EventQueue-ContainerReportForContainerReportHandler] WARN  container.ContainerReportHandler (AbstractContainerReportHandler.java:updateContainerState(145)) - Container #1 is in OPEN state, but the datanode e76b0d72-a5f7-47dd-bc74-8743a5d358b0{ip: 192.168.69.89, host: pr-hdds-2335-x5gnt-184872562, networkLocation: /default-rack, certSerialId: null} reports an CLOSED replica.
2019-10-20 10:18:04,300 [EventQueue-ContainerReportForContainerReportHandler] WARN  container.ContainerReportHandler (AbstractContainerReportHandler.java:updateContainerState(145)) - Container #1 is in OPEN state, but the datanode f1d6a710-9313-44dc-a005-f0b22c06f92c{ip: 192.168.69.89, host: pr-hdds-2335-x5gnt-184872562, networkLocation: /default-rack, certSerialId: null} reports an CLOSED replica.
2019-10-20 10:18:04,306 [java.util.concurrent.ThreadPoolExecutor$Worker@28f79926[State = -1, empty queue]] WARN  server.GrpcLogAppender (GrpcLogAppender.java:timeoutAppendRequest(209)) - e76b0d72-a5f7-47dd-bc74-8743a5d358b0@group-CC68B5F19AD3->e534181c-9f5d-4f71-ad0d-cd71b851ae4d-GrpcLogAppender: appendEntries Timeout, request=e76b0d72-a5f7-47dd-bc74-8743a5d358b0->e534181c-9f5d-4f71-ad0d-cd71b851ae4d#44-t2, previous=(t:2, i:10), leaderCommit=10, initializing? false, entries: <empty>
2019-10-20 10:18:04,500 [EventQueue-ContainerReportForContainerReportHandler] WARN  container.ContainerReportHandler (AbstractContainerReportHandler.java:updateContainerState(145)) - Container #1 is in OPEN state, but the datanode f1d6a710-9313-44dc-a005-f0b22c06f92c{ip: 192.168.69.89, host: pr-hdds-2335-x5gnt-184872562, networkLocation: /default-rack, certSerialId: null} reports an CLOSED replica.
2019-10-20 10:18:04,557 [EventQueue-ContainerReportForContainerReportHandler] WARN  container.ContainerReportHandler (AbstractContainerReportHandler.java:updateContainerState(145)) - Container #1 is in OPEN state, but the datanode e76b0d72-a5f7-47dd-bc74-8743a5d358b0{ip: 192.168.69.89, host: pr-hdds-2335-x5gnt-184872562, networkLocation: /default-rack, certSerialId: null} reports an CLOSED replica.
2019-10-20 10:18:04,800 [EventQueue-ContainerReportForContainerReportHandler] WARN  container.ContainerReportHandler (AbstractContainerReportHandler.java:updateContainerState(145)) - Container #1 is in OPEN state, but the datanode f1d6a710-9313-44dc-a005-f0b22c06f92c{ip: 192.168.69.89, host: pr-hdds-2335-x5gnt-184872562, networkLocation: /default-rack, certSerialId: null} reports an CLOSED replica.
2019-10-20 10:18:04,857 [EventQueue-ContainerReportForContainerReportHandler] WARN  container.ContainerReportHandler (AbstractContainerReportHandler.java:updateContainerState(145)) - Container #1 is in OPEN state, but the datanode e76b0d72-a5f7-47dd-bc74-8743a5d358b0{ip: 192.168.69.89, host: pr-hdds-2335-x5gnt-184872562, networkLocation: /default-rack, certSerialId: null} reports an CLOSED replica.
2019-10-20 10:18:04,972 [BlockDeletingService#2] WARN  background.BlockDeletingService (BlockDeletingService.java:isDeletionAllowed(187)) - Close Container log Index 6 is not replicated across allthe servers in the pipeline 119175b0-5d21-4334-a09f-cc68b5f19ad3 as the min replicated index is 4. Deletion is not allowed in this container yet.
2019-10-20 10:18:04,972 [BlockDeletingService#2] WARN  background.BlockDeletingService (BlockDeletingService.java:isDeletionAllowed(187)) - Close Container log Index 6 is not replicated across allthe servers in the pipeline 119175b0-5d21-4334-a09f-cc68b5f19ad3 as the min replicated index is 4. Deletion is not allowed in this container yet.
2019-10-20 10:18:05,157 [EventQueue-ContainerReportForContainerReportHandler] WARN  container.ContainerReportHandler (AbstractContainerReportHandler.java:updateContainerState(145)) - Container #1 is in OPEN state, but the datanode e76b0d72-a5f7-47dd-bc74-8743a5d358b0{ip: 192.168.69.89, host: pr-hdds-2335-x5gnt-184872562, networkLocation: /default-rack, certSerialId: null} reports an CLOSED replica.
2019-10-20 10:18:05,201 [EventQueue-ContainerReportForContainerReportHandler] WARN  container.ContainerReportHandler (AbstractContainerReportHandler.java:updateContainerState(145)) - Container #1 is in OPEN state, but the datanode f1d6a710-9313-44dc-a005-f0b22c06f92c{ip: 192.168.69.89, host: pr-hdds-2335-x5gnt-184872562, networkLocation: /default-rack, certSerialId: null} reports an CLOSED replica.
2019-10-20 10:18:05,357 [EventQueue-ContainerReportForContainerReportHandler] WARN  container.ContainerReportHandler (AbstractContainerReportHandler.java:updateContainerState(145)) - Container #1 is in OPEN state, but the datanode e76b0d72-a5f7-47dd-bc74-8743a5d358b0{ip: 192.168.69.89, host: pr-hdds-2335-x5gnt-184872562, networkLocation: /default-rack, certSerialId: null} reports an CLOSED replica.
2019-10-20 10:18:05,402 [EventQueue-ContainerReportForContainerReportHandler] WARN  container.ContainerReportHandler (AbstractContainerReportHandler.java:updateContainerState(145)) - Container #1 is in OPEN state, but the datanode f1d6a710-9313-44dc-a005-f0b22c06f92c{ip: 192.168.69.89, host: pr-hdds-2335-x5gnt-184872562, networkLocation: /default-rack, certSerialId: null} reports an CLOSED replica.
2019-10-20 10:18:05,757 [EventQueue-ContainerReportForContainerReportHandler] WARN  container.ContainerReportHandler (AbstractContainerReportHandler.java:updateContainerState(145)) - Container #1 is in OPEN state, but the datanode e76b0d72-a5f7-47dd-bc74-8743a5d358b0{ip: 192.168.69.89, host: pr-hdds-2335-x5gnt-184872562, networkLocation: /default-rack, certSerialId: null} reports an CLOSED replica.
2019-10-20 10:18:05,802 [EventQueue-ContainerReportForContainerReportHandler] WARN  container.ContainerReportHandler (AbstractContainerReportHandler.java:updateContainerState(145)) - Container #1 is in OPEN state, but the datanode f1d6a710-9313-44dc-a005-f0b22c06f92c{ip: 192.168.69.89, host: pr-hdds-2335-x5gnt-184872562, networkLocation: /default-rack, certSerialId: null} reports an CLOSED replica.
2019-10-20 10:18:05,973 [BlockDeletingService#2] WARN  background.BlockDeletingService (BlockDeletingService.java:isDeletionAllowed(187)) - Close Container log Index 6 is not replicated across allthe servers in the pipeline 119175b0-5d21-4334-a09f-cc68b5f19ad3 as the min replicated index is 4. Deletion is not allowed in this container yet.
2019-10-20 10:18:05,973 [BlockDeletingService#2] WARN  background.BlockDeletingService (BlockDeletingService.java:isDeletionAllowed(187)) - Close Container log Index 6 is not replicated across allthe servers in the pipeline 119175b0-5d21-4334-a09f-cc68b5f19ad3 as the min replicated index is 4. Deletion is not allowed in this container yet.
2019-10-20 10:18:06,058 [EventQueue-ContainerReportForContainerReportHandler] WARN  container.ContainerReportHandler (AbstractContainerReportHandler.java:updateContainerState(145)) - Container #1 is in OPEN state, but the datanode e76b0d72-a5f7-47dd-bc74-8743a5d358b0{ip: 192.168.69.89, host: pr-hdds-2335-x5gnt-184872562, networkLocation: /default-rack, certSerialId: null} reports an CLOSED replica.
2019-10-20 10:18:06,102 [EventQueue-ContainerReportForContainerReportHandler] WARN  container.ContainerReportHandler (AbstractContainerReportHandler.java:updateContainerState(145)) - Container #1 is in OPEN state, but the datanode f1d6a710-9313-44dc-a005-f0b22c06f92c{ip: 192.168.69.89, host: pr-hdds-2335-x5gnt-184872562, networkLocation: /default-rack, certSerialId: null} reports an CLOSED replica.
2019-10-20 10:18:06,303 [EventQueue-ContainerReportForContainerReportHandler] WARN  container.ContainerReportHandler (AbstractContainerReportHandler.java:updateContainerState(145)) - Container #1 is in OPEN state, but the datanode f1d6a710-9313-44dc-a005-f0b22c06f92c{ip: 192.168.69.89, host: pr-hdds-2335-x5gnt-184872562, networkLocation: /default-rack, certSerialId: null} reports an CLOSED replica.
2019-10-20 10:18:06,359 [EventQueue-ContainerReportForContainerReportHandler] WARN  container.ContainerReportHandler (AbstractContainerReportHandler.java:updateContainerState(145)) - Container #1 is in OPEN state, but the datanode e76b0d72-a5f7-47dd-bc74-8743a5d358b0{ip: 192.168.69.89, host: pr-hdds-2335-x5gnt-184872562, networkLocation: /default-rack, certSerialId: null} reports an CLOSED replica.
2019-10-20 10:18:06,503 [EventQueue-ContainerReportForContainerReportHandler] WARN  container.ContainerReportHandler (AbstractContainerReportHandler.java:updateContainerState(145)) - Container #1 is in OPEN state, but the datanode f1d6a710-9313-44dc-a005-f0b22c06f92c{ip: 192.168.69.89, host: pr-hdds-2335-x5gnt-184872562, networkLocation: /default-rack, certSerialId: null} reports an CLOSED replica.
2019-10-20 10:18:06,559 [EventQueue-ContainerReportForContainerReportHandler] WARN  container.ContainerReportHandler (AbstractContainerReportHandler.java:updateContainerState(145)) - Container #1 is in OPEN state, but the datanode e76b0d72-a5f7-47dd-bc74-8743a5d358b0{ip: 192.168.69.89, host: pr-hdds-2335-x5gnt-184872562, networkLocation: /default-rack, certSerialId: null} reports an CLOSED replica.
2019-10-20 10:18:06,804 [EventQueue-ContainerReportForContainerReportHandler] WARN  container.ContainerReportHandler (AbstractContainerReportHandler.java:updateContainerState(145)) - Container #1 is in OPEN state, but the datanode f1d6a710-9313-44dc-a005-f0b22c06f92c{ip: 192.168.69.89, host: pr-hdds-2335-x5gnt-184872562, networkLocation: /default-rack, certSerialId: null} reports an CLOSED replica.
2019-10-20 10:18:06,806 [java.util.concurrent.ThreadPoolExecutor$Worker@28f79926[State = -1, empty queue]] WARN  server.GrpcLogAppender (GrpcLogAppender.java:timeoutAppendRequest(209)) - e76b0d72-a5f7-47dd-bc74-8743a5d358b0@group-CC68B5F19AD3->e534181c-9f5d-4f71-ad0d-cd71b851ae4d-GrpcLogAppender: appendEntries Timeout, request=e76b0d72-a5f7-47dd-bc74-8743a5d358b0->e534181c-9f5d-4f71-ad0d-cd71b851ae4d#45-t2, previous=(t:2, i:10), leaderCommit=10, initializing? false, entries: <empty>
2019-10-20 10:18:06,859 [EventQueue-ContainerReportForContainerReportHandler] WARN  container.ContainerReportHandler (AbstractContainerReportHandler.java:updateContainerState(145)) - Container #1 is in OPEN state, but the datanode e76b0d72-a5f7-47dd-bc74-8743a5d358b0{ip: 192.168.69.89, host: pr-hdds-2335-x5gnt-184872562, networkLocation: /default-rack, certSerialId: null} reports an CLOSED replica.
2019-10-20 10:18:06,979 [BlockDeletingService#2] WARN  background.BlockDeletingService (BlockDeletingService.java:isDeletionAllowed(187)) - Close Container log Index 6 is not replicated across allthe servers in the pipeline 119175b0-5d21-4334-a09f-cc68b5f19ad3 as the min replicated index is 4. Deletion is not allowed in this container yet.
2019-10-20 10:18:06,979 [BlockDeletingService#2] WARN  background.BlockDeletingService (BlockDeletingService.java:isDeletionAllowed(187)) - Close Container log Index 6 is not replicated across allthe servers in the pipeline 119175b0-5d21-4334-a09f-cc68b5f19ad3 as the min replicated index is 4. Deletion is not allowed in this container yet.
2019-10-20 10:18:07,160 [EventQueue-ContainerReportForContainerReportHandler] WARN  container.ContainerReportHandler (AbstractContainerReportHandler.java:updateContainerState(145)) - Container #1 is in OPEN state, but the datanode e76b0d72-a5f7-47dd-bc74-8743a5d358b0{ip: 192.168.69.89, host: pr-hdds-2335-x5gnt-184872562, networkLocation: /default-rack, certSerialId: null} reports an CLOSED replica.
2019-10-20 10:18:07,204 [EventQueue-ContainerReportForContainerReportHandler] WARN  container.ContainerReportHandler (AbstractContainerReportHandler.java:updateContainerState(145)) - Container #1 is in OPEN state, but the datanode f1d6a710-9313-44dc-a005-f0b22c06f92c{ip: 192.168.69.89, host: pr-hdds-2335-x5gnt-184872562, networkLocation: /default-rack, certSerialId: null} reports an CLOSED replica.
2019-10-20 10:18:07,462 [EventQueue-ContainerReportForContainerReportHandler] WARN  container.ContainerReportHandler (AbstractContainerReportHandler.java:updateContainerState(145)) - Container #1 is in OPEN state, but the datanode e76b0d72-a5f7-47dd-bc74-8743a5d358b0{ip: 192.168.69.89, host: pr-hdds-2335-x5gnt-184872562, networkLocation: /default-rack, certSerialId: null} reports an CLOSED replica.
2019-10-20 10:18:07,504 [EventQueue-ContainerReportForContainerReportHandler] WARN  container.ContainerReportHandler (AbstractContainerReportHandler.java:updateContainerState(145)) - Container #1 is in OPEN state, but the datanode f1d6a710-9313-44dc-a005-f0b22c06f92c{ip: 192.168.69.89, host: pr-hdds-2335-x5gnt-184872562, networkLocation: /default-rack, certSerialId: null} reports an CLOSED replica.
2019-10-20 10:18:07,763 [EventQueue-ContainerReportForContainerReportHandler] WARN  container.ContainerReportHandler (AbstractContainerReportHandler.java:updateContainerState(145)) - Container #1 is in OPEN state, but the datanode e76b0d72-a5f7-47dd-bc74-8743a5d358b0{ip: 192.168.69.89, host: pr-hdds-2335-x5gnt-184872562, networkLocation: /default-rack, certSerialId: null} reports an CLOSED replica.
2019-10-20 10:18:07,904 [EventQueue-ContainerReportForContainerReportHandler] WARN  container.ContainerReportHandler (AbstractContainerReportHandler.java:updateContainerState(145)) - Container #1 is in OPEN state, but the datanode f1d6a710-9313-44dc-a005-f0b22c06f92c{ip: 192.168.69.89, host: pr-hdds-2335-x5gnt-184872562, networkLocation: /default-rack, certSerialId: null} reports an CLOSED replica.
2019-10-20 10:18:07,981 [BlockDeletingService#2] WARN  background.BlockDeletingService (BlockDeletingService.java:isDeletionAllowed(187)) - Close Container log Index 6 is not replicated across allthe servers in the pipeline 119175b0-5d21-4334-a09f-cc68b5f19ad3 as the min replicated index is 4. Deletion is not allowed in this container yet.
2019-10-20 10:18:07,981 [BlockDeletingService#2] WARN  background.BlockDeletingService (BlockDeletingService.java:isDeletionAllowed(187)) - Close Container log Index 6 is not replicated across allthe servers in the pipeline 119175b0-5d21-4334-a09f-cc68b5f19ad3 as the min replicated index is 4. Deletion is not allowed in this container yet.
2019-10-20 10:18:08,063 [EventQueue-ContainerReportForContainerReportHandler] WARN  container.ContainerReportHandler (AbstractContainerReportHandler.java:updateContainerState(145)) - Container #1 is in OPEN state, but the datanode e76b0d72-a5f7-47dd-bc74-8743a5d358b0{ip: 192.168.69.89, host: pr-hdds-2335-x5gnt-184872562, networkLocation: /default-rack, certSerialId: null} reports an CLOSED replica.
2019-10-20 10:18:08,104 [EventQueue-ContainerReportForContainerReportHandler] WARN  container.ContainerReportHandler (AbstractContainerReportHandler.java:updateContainerState(145)) - Container #1 is in OPEN state, but the datanode f1d6a710-9313-44dc-a005-f0b22c06f92c{ip: 192.168.69.89, host: pr-hdds-2335-x5gnt-184872562, networkLocation: /default-rack, certSerialId: null} reports an CLOSED replica.
2019-10-20 10:18:08,263 [EventQueue-ContainerReportForContainerReportHandler] WARN  container.ContainerReportHandler (AbstractContainerReportHandler.java:updateContainerState(145)) - Container #1 is in OPEN state, but the datanode e76b0d72-a5f7-47dd-bc74-8743a5d358b0{ip: 192.168.69.89, host: pr-hdds-2335-x5gnt-184872562, networkLocation: /default-rack, certSerialId: null} reports an CLOSED replica.
2019-10-20 10:18:08,405 [EventQueue-ContainerReportForContainerReportHandler] WARN  container.ContainerReportHandler (AbstractContainerReportHandler.java:updateContainerState(145)) - Container #1 is in OPEN state, but the datanode f1d6a710-9313-44dc-a005-f0b22c06f92c{ip: 192.168.69.89, host: pr-hdds-2335-x5gnt-184872562, networkLocation: /default-rack, certSerialId: null} reports an CLOSED replica.
2019-10-20 10:18:08,563 [EventQueue-ContainerReportForContainerReportHandler] WARN  container.ContainerReportHandler (AbstractContainerReportHandler.java:updateContainerState(145)) - Container #1 is in OPEN state, but the datanode e76b0d72-a5f7-47dd-bc74-8743a5d358b0{ip: 192.168.69.89, host: pr-hdds-2335-x5gnt-184872562, networkLocation: /default-rack, certSerialId: null} reports an CLOSED replica.
2019-10-20 10:18:08,763 [EventQueue-ContainerReportForContainerReportHandler] WARN  container.ContainerReportHandler (AbstractContainerReportHandler.java:updateContainerState(145)) - Container #1 is in OPEN state, but the datanode e76b0d72-a5f7-47dd-bc74-8743a5d358b0{ip: 192.168.69.89, host: pr-hdds-2335-x5gnt-184872562, networkLocation: /default-rack, certSerialId: null} reports an CLOSED replica.
2019-10-20 10:18:08,805 [EventQueue-ContainerReportForContainerReportHandler] WARN  container.ContainerReportHandler (AbstractContainerReportHandler.java:updateContainerState(145)) - Container #1 is in OPEN state, but the datanode f1d6a710-9313-44dc-a005-f0b22c06f92c{ip: 192.168.69.89, host: pr-hdds-2335-x5gnt-184872562, networkLocation: /default-rack, certSerialId: null} reports an CLOSED replica.
2019-10-20 10:18:08,884 [Thread-493] INFO  client.GrpcClientProtocolService (GrpcClientProtocolService.java:lambda$processClientRequest$0(278)) - Failed RaftClientRequest:client-67F6425C4112->e76b0d72-a5f7-47dd-bc74-8743a5d358b0@group-CC68B5F19AD3, cid=10, seq=0, Watch-ALL_COMMITTED(6), Message:<EMPTY>, reply=RaftClientReply:client-67F6425C4112->e76b0d72-a5f7-47dd-bc74-8743a5d358b0@group-CC68B5F19AD3, cid=10, FAILED org.apache.ratis.protocol.NotReplicatedException: Request with call Id 10 and log index 6 is not yet replicated to ALL_COMMITTED, logIndex=6, commits[e76b0d72-a5f7-47dd-bc74-8743a5d358b0:c10, e534181c-9f5d-4f71-ad0d-cd71b851ae4d:c4, f1d6a710-9313-44dc-a005-f0b22c06f92c:c10]
2019-10-20 10:18:08,983 [BlockDeletingService#2] WARN  background.BlockDeletingService (BlockDeletingService.java:isDeletionAllowed(187)) - Close Container log Index 6 is not replicated across allthe servers in the pipeline 119175b0-5d21-4334-a09f-cc68b5f19ad3 as the min replicated index is 4. Deletion is not allowed in this container yet.
2019-10-20 10:18:08,983 [BlockDeletingService#2] WARN  background.BlockDeletingService (BlockDeletingService.java:isDeletionAllowed(187)) - Close Container log Index 6 is not replicated across allthe servers in the pipeline 119175b0-5d21-4334-a09f-cc68b5f19ad3 as the min replicated index is 4. Deletion is not allowed in this container yet.
2019-10-20 10:18:09,105 [EventQueue-ContainerReportForContainerReportHandler] WARN  container.ContainerReportHandler (AbstractContainerReportHandler.java:updateContainerState(145)) - Container #1 is in OPEN state, but the datanode f1d6a710-9313-44dc-a005-f0b22c06f92c{ip: 192.168.69.89, host: pr-hdds-2335-x5gnt-184872562, networkLocation: /default-rack, certSerialId: null} reports an CLOSED replica.
2019-10-20 10:18:09,163 [EventQueue-ContainerReportForContainerReportHandler] WARN  container.ContainerReportHandler (AbstractContainerReportHandler.java:updateContainerState(145)) - Container #1 is in OPEN state, but the datanode e76b0d72-a5f7-47dd-bc74-8743a5d358b0{ip: 192.168.69.89, host: pr-hdds-2335-x5gnt-184872562, networkLocation: /default-rack, certSerialId: null} reports an CLOSED replica.
2019-10-20 10:18:09,307 [java.util.concurrent.ThreadPoolExecutor$Worker@28f79926[State = -1, empty queue]] WARN  server.GrpcLogAppender (GrpcLogAppender.java:timeoutAppendRequest(209)) - e76b0d72-a5f7-47dd-bc74-8743a5d358b0@group-CC68B5F19AD3->e534181c-9f5d-4f71-ad0d-cd71b851ae4d-GrpcLogAppender: appendEntries Timeout, request=e76b0d72-a5f7-47dd-bc74-8743a5d358b0->e534181c-9f5d-4f71-ad0d-cd71b851ae4d#46-t2, previous=(t:2, i:10), leaderCommit=10, initializing? false, entries: <empty>
2019-10-20 10:18:09,405 [EventQueue-ContainerReportForContainerReportHandler] WARN  container.ContainerReportHandler (AbstractContainerReportHandler.java:updateContainerState(145)) - Container #1 is in OPEN state, but the datanode f1d6a710-9313-44dc-a005-f0b22c06f92c{ip: 192.168.69.89, host: pr-hdds-2335-x5gnt-184872562, networkLocation: /default-rack, certSerialId: null} reports an CLOSED replica.
2019-10-20 10:18:09,463 [EventQueue-ContainerReportForContainerReportHandler] WARN  container.ContainerReportHandler (AbstractContainerReportHandler.java:updateContainerState(145)) - Container #1 is in OPEN state, but the datanode e76b0d72-a5f7-47dd-bc74-8743a5d358b0{ip: 192.168.69.89, host: pr-hdds-2335-x5gnt-184872562, networkLocation: /default-rack, certSerialId: null} reports an CLOSED replica.
2019-10-20 10:18:09,605 [EventQueue-ContainerReportForContainerReportHandler] WARN  container.ContainerReportHandler (AbstractContainerReportHandler.java:updateContainerState(145)) - Container #1 is in OPEN state, but the datanode f1d6a710-9313-44dc-a005-f0b22c06f92c{ip: 192.168.69.89, host: pr-hdds-2335-x5gnt-184872562, networkLocation: /default-rack, certSerialId: null} reports an CLOSED replica.
2019-10-20 10:18:09,663 [EventQueue-ContainerReportForContainerReportHandler] WARN  container.ContainerReportHandler (AbstractContainerReportHandler.java:updateContainerState(145)) - Container #1 is in OPEN state, but the datanode e76b0d72-a5f7-47dd-bc74-8743a5d358b0{ip: 192.168.69.89, host: pr-hdds-2335-x5gnt-184872562, networkLocation: /default-rack, certSerialId: null} reports an CLOSED replica.
2019-10-20 10:18:09,905 [EventQueue-ContainerReportForContainerReportHandler] WARN  container.ContainerReportHandler (AbstractContainerReportHandler.java:updateContainerState(145)) - Container #1 is in OPEN state, but the datanode f1d6a710-9313-44dc-a005-f0b22c06f92c{ip: 192.168.69.89, host: pr-hdds-2335-x5gnt-184872562, networkLocation: /default-rack, certSerialId: null} reports an CLOSED replica.
2019-10-20 10:18:09,963 [EventQueue-ContainerReportForContainerReportHandler] WARN  container.ContainerReportHandler (AbstractContainerReportHandler.java:updateContainerState(145)) - Container #1 is in OPEN state, but the datanode e76b0d72-a5f7-47dd-bc74-8743a5d358b0{ip: 192.168.69.89, host: pr-hdds-2335-x5gnt-184872562, networkLocation: /default-rack, certSerialId: null} reports an CLOSED replica.
2019-10-20 10:18:09,984 [BlockDeletingService#2] WARN  background.BlockDeletingService (BlockDeletingService.java:isDeletionAllowed(187)) - Close Container log Index 6 is not replicated across allthe servers in the pipeline 119175b0-5d21-4334-a09f-cc68b5f19ad3 as the min replicated index is 4. Deletion is not allowed in this container yet.
2019-10-20 10:18:09,985 [BlockDeletingService#2] WARN  background.BlockDeletingService (BlockDeletingService.java:isDeletionAllowed(187)) - Close Container log Index 6 is not replicated across allthe servers in the pipeline 119175b0-5d21-4334-a09f-cc68b5f19ad3 as the min replicated index is 4. Deletion is not allowed in this container yet.
2019-10-20 10:18:10,163 [EventQueue-ContainerReportForContainerReportHandler] WARN  container.ContainerReportHandler (AbstractContainerReportHandler.java:updateContainerState(145)) - Container #1 is in OPEN state, but the datanode e76b0d72-a5f7-47dd-bc74-8743a5d358b0{ip: 192.168.69.89, host: pr-hdds-2335-x5gnt-184872562, networkLocation: /default-rack, certSerialId: null} reports an CLOSED replica.
2019-10-20 10:18:10,305 [EventQueue-ContainerReportForContainerReportHandler] WARN  container.ContainerReportHandler (AbstractContainerReportHandler.java:updateContainerState(145)) - Container #1 is in OPEN state, but the datanode f1d6a710-9313-44dc-a005-f0b22c06f92c{ip: 192.168.69.89, host: pr-hdds-2335-x5gnt-184872562, networkLocation: /default-rack, certSerialId: null} reports an CLOSED replica.
2019-10-20 10:18:10,463 [EventQueue-ContainerReportForContainerReportHandler] WARN  container.ContainerReportHandler (AbstractContainerReportHandler.java:updateContainerState(145)) - Container #1 is in OPEN state, but the datanode e76b0d72-a5f7-47dd-bc74-8743a5d358b0{ip: 192.168.69.89, host: pr-hdds-2335-x5gnt-184872562, networkLocation: /default-rack, certSerialId: null} reports an CLOSED replica.
2019-10-20 10:18:10,605 [EventQueue-ContainerReportForContainerReportHandler] WARN  container.ContainerReportHandler (AbstractContainerReportHandler.java:updateContainerState(145)) - Container #1 is in OPEN state, but the datanode f1d6a710-9313-44dc-a005-f0b22c06f92c{ip: 192.168.69.89, host: pr-hdds-2335-x5gnt-184872562, networkLocation: /default-rack, certSerialId: null} reports an CLOSED replica.
2019-10-20 10:18:10,763 [EventQueue-ContainerReportForContainerReportHandler] WARN  container.ContainerReportHandler (AbstractContainerReportHandler.java:updateContainerState(145)) - Container #1 is in OPEN state, but the datanode e76b0d72-a5f7-47dd-bc74-8743a5d358b0{ip: 192.168.69.89, host: pr-hdds-2335-x5gnt-184872562, networkLocation: /default-rack, certSerialId: null} reports an CLOSED replica.
2019-10-20 10:18:10,805 [EventQueue-ContainerReportForContainerReportHandler] WARN  container.ContainerReportHandler (AbstractContainerReportHandler.java:updateContainerState(145)) - Container #1 is in OPEN state, but the datanode f1d6a710-9313-44dc-a005-f0b22c06f92c{ip: 192.168.69.89, host: pr-hdds-2335-x5gnt-184872562, networkLocation: /default-rack, certSerialId: null} reports an CLOSED replica.
2019-10-20 10:18:10,963 [EventQueue-ContainerReportForContainerReportHandler] WARN  container.ContainerReportHandler (AbstractContainerReportHandler.java:updateContainerState(145)) - Container #1 is in OPEN state, but the datanode e76b0d72-a5f7-47dd-bc74-8743a5d358b0{ip: 192.168.69.89, host: pr-hdds-2335-x5gnt-184872562, networkLocation: /default-rack, certSerialId: null} reports an CLOSED replica.
2019-10-20 10:18:10,986 [BlockDeletingService#2] WARN  background.BlockDeletingService (BlockDeletingService.java:isDeletionAllowed(187)) - Close Container log Index 6 is not replicated across allthe servers in the pipeline 119175b0-5d21-4334-a09f-cc68b5f19ad3 as the min replicated index is 4. Deletion is not allowed in this container yet.
2019-10-20 10:18:10,986 [BlockDeletingService#2] WARN  background.BlockDeletingService (BlockDeletingService.java:isDeletionAllowed(187)) - Close Container log Index 6 is not replicated across allthe servers in the pipeline 119175b0-5d21-4334-a09f-cc68b5f19ad3 as the min replicated index is 4. Deletion is not allowed in this container yet.
2019-10-20 10:18:11,106 [EventQueue-ContainerReportForContainerReportHandler] WARN  container.ContainerReportHandler (AbstractContainerReportHandler.java:updateContainerState(145)) - Container #1 is in OPEN state, but the datanode f1d6a710-9313-44dc-a005-f0b22c06f92c{ip: 192.168.69.89, host: pr-hdds-2335-x5gnt-184872562, networkLocation: /default-rack, certSerialId: null} reports an CLOSED replica.
2019-10-20 10:18:11,263 [EventQueue-ContainerReportForContainerReportHandler] WARN  container.ContainerReportHandler (AbstractContainerReportHandler.java:updateContainerState(145)) - Container #1 is in OPEN state, but the datanode e76b0d72-a5f7-47dd-bc74-8743a5d358b0{ip: 192.168.69.89, host: pr-hdds-2335-x5gnt-184872562, networkLocation: /default-rack, certSerialId: null} reports an CLOSED replica.
2019-10-20 10:18:11,506 [EventQueue-ContainerReportForContainerReportHandler] WARN  container.ContainerReportHandler (AbstractContainerReportHandler.java:updateContainerState(145)) - Container #1 is in OPEN state, but the datanode f1d6a710-9313-44dc-a005-f0b22c06f92c{ip: 192.168.69.89, host: pr-hdds-2335-x5gnt-184872562, networkLocation: /default-rack, certSerialId: null} reports an CLOSED replica.
2019-10-20 10:18:11,563 [EventQueue-ContainerReportForContainerReportHandler] WARN  container.ContainerReportHandler (AbstractContainerReportHandler.java:updateContainerState(145)) - Container #1 is in OPEN state, but the datanode e76b0d72-a5f7-47dd-bc74-8743a5d358b0{ip: 192.168.69.89, host: pr-hdds-2335-x5gnt-184872562, networkLocation: /default-rack, certSerialId: null} reports an CLOSED replica.
2019-10-20 10:18:11,807 [java.util.concurrent.ThreadPoolExecutor$Worker@28f79926[State = -1, empty queue]] WARN  server.GrpcLogAppender (GrpcLogAppender.java:timeoutAppendRequest(209)) - e76b0d72-a5f7-47dd-bc74-8743a5d358b0@group-CC68B5F19AD3->e534181c-9f5d-4f71-ad0d-cd71b851ae4d-GrpcLogAppender: appendEntries Timeout, request=e76b0d72-a5f7-47dd-bc74-8743a5d358b0->e534181c-9f5d-4f71-ad0d-cd71b851ae4d#47-t2, previous=(t:2, i:10), leaderCommit=10, initializing? false, entries: <empty>
2019-10-20 10:18:11,863 [EventQueue-ContainerReportForContainerReportHandler] WARN  container.ContainerReportHandler (AbstractContainerReportHandler.java:updateContainerState(145)) - Container #1 is in OPEN state, but the datanode e76b0d72-a5f7-47dd-bc74-8743a5d358b0{ip: 192.168.69.89, host: pr-hdds-2335-x5gnt-184872562, networkLocation: /default-rack, certSerialId: null} reports an CLOSED replica.
2019-10-20 10:18:11,906 [EventQueue-ContainerReportForContainerReportHandler] WARN  container.ContainerReportHandler (AbstractContainerReportHandler.java:updateContainerState(145)) - Container #1 is in OPEN state, but the datanode f1d6a710-9313-44dc-a005-f0b22c06f92c{ip: 192.168.69.89, host: pr-hdds-2335-x5gnt-184872562, networkLocation: /default-rack, certSerialId: null} reports an CLOSED replica.
2019-10-20 10:18:11,987 [BlockDeletingService#2] WARN  background.BlockDeletingService (BlockDeletingService.java:isDeletionAllowed(187)) - Close Container log Index 6 is not replicated across allthe servers in the pipeline 119175b0-5d21-4334-a09f-cc68b5f19ad3 as the min replicated index is 4. Deletion is not allowed in this container yet.
2019-10-20 10:18:11,987 [BlockDeletingService#2] WARN  background.BlockDeletingService (BlockDeletingService.java:isDeletionAllowed(187)) - Close Container log Index 6 is not replicated across allthe servers in the pipeline 119175b0-5d21-4334-a09f-cc68b5f19ad3 as the min replicated index is 4. Deletion is not allowed in this container yet.
2019-10-20 10:18:12,163 [EventQueue-ContainerReportForContainerReportHandler] WARN  container.ContainerReportHandler (AbstractContainerReportHandler.java:updateContainerState(145)) - Container #1 is in OPEN state, but the datanode e76b0d72-a5f7-47dd-bc74-8743a5d358b0{ip: 192.168.69.89, host: pr-hdds-2335-x5gnt-184872562, networkLocation: /default-rack, certSerialId: null} reports an CLOSED replica.
2019-10-20 10:18:12,206 [EventQueue-ContainerReportForContainerReportHandler] WARN  container.ContainerReportHandler (AbstractContainerReportHandler.java:updateContainerState(145)) - Container #1 is in OPEN state, but the datanode f1d6a710-9313-44dc-a005-f0b22c06f92c{ip: 192.168.69.89, host: pr-hdds-2335-x5gnt-184872562, networkLocation: /default-rack, certSerialId: null} reports an CLOSED replica.
2019-10-20 10:18:12,506 [EventQueue-ContainerReportForContainerReportHandler] WARN  container.ContainerReportHandler (AbstractContainerReportHandler.java:updateContainerState(145)) - Container #1 is in OPEN state, but the datanode f1d6a710-9313-44dc-a005-f0b22c06f92c{ip: 192.168.69.89, host: pr-hdds-2335-x5gnt-184872562, networkLocation: /default-rack, certSerialId: null} reports an CLOSED replica.
2019-10-20 10:18:12,563 [EventQueue-ContainerReportForContainerReportHandler] WARN  container.ContainerReportHandler (AbstractContainerReportHandler.java:updateContainerState(145)) - Container #1 is in OPEN state, but the datanode e76b0d72-a5f7-47dd-bc74-8743a5d358b0{ip: 192.168.69.89, host: pr-hdds-2335-x5gnt-184872562, networkLocation: /default-rack, certSerialId: null} reports an CLOSED replica.
2019-10-20 10:18:12,706 [EventQueue-ContainerReportForContainerReportHandler] WARN  container.ContainerReportHandler (AbstractContainerReportHandler.java:updateContainerState(145)) - Container #1 is in OPEN state, but the datanode f1d6a710-9313-44dc-a005-f0b22c06f92c{ip: 192.168.69.89, host: pr-hdds-2335-x5gnt-184872562, networkLocation: /default-rack, certSerialId: null} reports an CLOSED replica.
2019-10-20 10:18:12,863 [EventQueue-ContainerReportForContainerReportHandler] WARN  container.ContainerReportHandler (AbstractContainerReportHandler.java:updateContainerState(145)) - Container #1 is in OPEN state, but the datanode e76b0d72-a5f7-47dd-bc74-8743a5d358b0{ip: 192.168.69.89, host: pr-hdds-2335-x5gnt-184872562, networkLocation: /default-rack, certSerialId: null} reports an CLOSED replica.
2019-10-20 10:18:12,989 [BlockDeletingService#2] WARN  background.BlockDeletingService (BlockDeletingService.java:isDeletionAllowed(187)) - Close Container log Index 6 is not replicated across allthe servers in the pipeline 119175b0-5d21-4334-a09f-cc68b5f19ad3 as the min replicated index is 4. Deletion is not allowed in this container yet.
2019-10-20 10:18:12,989 [BlockDeletingService#2] WARN  background.BlockDeletingService (BlockDeletingService.java:isDeletionAllowed(187)) - Close Container log Index 6 is not replicated across allthe servers in the pipeline 119175b0-5d21-4334-a09f-cc68b5f19ad3 as the min replicated index is 4. Deletion is not allowed in this container yet.
2019-10-20 10:18:13,006 [EventQueue-ContainerReportForContainerReportHandler] WARN  container.ContainerReportHandler (AbstractContainerReportHandler.java:updateContainerState(145)) - Container #1 is in OPEN state, but the datanode f1d6a710-9313-44dc-a005-f0b22c06f92c{ip: 192.168.69.89, host: pr-hdds-2335-x5gnt-184872562, networkLocation: /default-rack, certSerialId: null} reports an CLOSED replica.
2019-10-20 10:18:13,206 [EventQueue-ContainerReportForContainerReportHandler] WARN  container.ContainerReportHandler (AbstractContainerReportHandler.java:updateContainerState(145)) - Container #1 is in OPEN state, but the datanode f1d6a710-9313-44dc-a005-f0b22c06f92c{ip: 192.168.69.89, host: pr-hdds-2335-x5gnt-184872562, networkLocation: /default-rack, certSerialId: null} reports an CLOSED replica.
2019-10-20 10:18:13,263 [EventQueue-ContainerReportForContainerReportHandler] WARN  container.ContainerReportHandler (AbstractContainerReportHandler.java:updateContainerState(145)) - Container #1 is in OPEN state, but the datanode e76b0d72-a5f7-47dd-bc74-8743a5d358b0{ip: 192.168.69.89, host: pr-hdds-2335-x5gnt-184872562, networkLocation: /default-rack, certSerialId: null} reports an CLOSED replica.
2019-10-20 10:18:13,506 [EventQueue-ContainerReportForContainerReportHandler] WARN  container.ContainerReportHandler (AbstractContainerReportHandler.java:updateContainerState(145)) - Container #1 is in OPEN state, but the datanode f1d6a710-9313-44dc-a005-f0b22c06f92c{ip: 192.168.69.89, host: pr-hdds-2335-x5gnt-184872562, networkLocation: /default-rack, certSerialId: null} reports an CLOSED replica.
2019-10-20 10:18:13,563 [EventQueue-ContainerReportForContainerReportHandler] WARN  container.ContainerReportHandler (AbstractContainerReportHandler.java:updateContainerState(145)) - Container #1 is in OPEN state, but the datanode e76b0d72-a5f7-47dd-bc74-8743a5d358b0{ip: 192.168.69.89, host: pr-hdds-2335-x5gnt-184872562, networkLocation: /default-rack, certSerialId: null} reports an CLOSED replica.
2019-10-20 10:18:13,906 [EventQueue-ContainerReportForContainerReportHandler] WARN  container.ContainerReportHandler (AbstractContainerReportHandler.java:updateContainerState(145)) - Container #1 is in OPEN state, but the datanode f1d6a710-9313-44dc-a005-f0b22c06f92c{ip: 192.168.69.89, host: pr-hdds-2335-x5gnt-184872562, networkLocation: /default-rack, certSerialId: null} reports an CLOSED replica.
2019-10-20 10:18:13,964 [EventQueue-ContainerReportForContainerReportHandler] WARN  container.ContainerReportHandler (AbstractContainerReportHandler.java:updateContainerState(145)) - Container #1 is in OPEN state, but the datanode e76b0d72-a5f7-47dd-bc74-8743a5d358b0{ip: 192.168.69.89, host: pr-hdds-2335-x5gnt-184872562, networkLocation: /default-rack, certSerialId: null} reports an CLOSED replica.
2019-10-20 10:18:13,991 [BlockDeletingService#2] WARN  background.BlockDeletingService (BlockDeletingService.java:isDeletionAllowed(187)) - Close Container log Index 6 is not replicated across allthe servers in the pipeline 119175b0-5d21-4334-a09f-cc68b5f19ad3 as the min replicated index is 4. Deletion is not allowed in this container yet.
2019-10-20 10:18:13,991 [BlockDeletingService#2] WARN  background.BlockDeletingService (BlockDeletingService.java:isDeletionAllowed(187)) - Close Container log Index 6 is not replicated across allthe servers in the pipeline 119175b0-5d21-4334-a09f-cc68b5f19ad3 as the min replicated index is 4. Deletion is not allowed in this container yet.
2019-10-20 10:18:14,265 [EventQueue-ContainerReportForContainerReportHandler] WARN  container.ContainerReportHandler (AbstractContainerReportHandler.java:updateContainerState(145)) - Container #1 is in OPEN state, but the datanode e76b0d72-a5f7-47dd-bc74-8743a5d358b0{ip: 192.168.69.89, host: pr-hdds-2335-x5gnt-184872562, networkLocation: /default-rack, certSerialId: null} reports an CLOSED replica.
2019-10-20 10:18:14,307 [EventQueue-ContainerReportForContainerReportHandler] WARN  container.ContainerReportHandler (AbstractContainerReportHandler.java:updateContainerState(145)) - Container #1 is in OPEN state, but the datanode f1d6a710-9313-44dc-a005-f0b22c06f92c{ip: 192.168.69.89, host: pr-hdds-2335-x5gnt-184872562, networkLocation: /default-rack, certSerialId: null} reports an CLOSED replica.
2019-10-20 10:18:14,308 [java.util.concurrent.ThreadPoolExecutor$Worker@28f79926[State = -1, empty queue]] WARN  server.GrpcLogAppender (GrpcLogAppender.java:timeoutAppendRequest(209)) - e76b0d72-a5f7-47dd-bc74-8743a5d358b0@group-CC68B5F19AD3->e534181c-9f5d-4f71-ad0d-cd71b851ae4d-GrpcLogAppender: appendEntries Timeout, request=e76b0d72-a5f7-47dd-bc74-8743a5d358b0->e534181c-9f5d-4f71-ad0d-cd71b851ae4d#48-t2, previous=(t:2, i:10), leaderCommit=10, initializing? false, entries: <empty>
2019-10-20 10:18:14,665 [EventQueue-ContainerReportForContainerReportHandler] WARN  container.ContainerReportHandler (AbstractContainerReportHandler.java:updateContainerState(145)) - Container #1 is in OPEN state, but the datanode e76b0d72-a5f7-47dd-bc74-8743a5d358b0{ip: 192.168.69.89, host: pr-hdds-2335-x5gnt-184872562, networkLocation: /default-rack, certSerialId: null} reports an CLOSED replica.
2019-10-20 10:18:14,707 [EventQueue-ContainerReportForContainerReportHandler] WARN  container.ContainerReportHandler (AbstractContainerReportHandler.java:updateContainerState(145)) - Container #1 is in OPEN state, but the datanode f1d6a710-9313-44dc-a005-f0b22c06f92c{ip: 192.168.69.89, host: pr-hdds-2335-x5gnt-184872562, networkLocation: /default-rack, certSerialId: null} reports an CLOSED replica.
2019-10-20 10:18:14,907 [EventQueue-ContainerReportForContainerReportHandler] WARN  container.ContainerReportHandler (AbstractContainerReportHandler.java:updateContainerState(145)) - Container #1 is in OPEN state, but the datanode f1d6a710-9313-44dc-a005-f0b22c06f92c{ip: 192.168.69.89, host: pr-hdds-2335-x5gnt-184872562, networkLocation: /default-rack, certSerialId: null} reports an CLOSED replica.
2019-10-20 10:18:14,965 [EventQueue-ContainerReportForContainerReportHandler] WARN  container.ContainerReportHandler (AbstractContainerReportHandler.java:updateContainerState(145)) - Container #1 is in OPEN state, but the datanode e76b0d72-a5f7-47dd-bc74-8743a5d358b0{ip: 192.168.69.89, host: pr-hdds-2335-x5gnt-184872562, networkLocation: /default-rack, certSerialId: null} reports an CLOSED replica.
2019-10-20 10:18:14,992 [BlockDeletingService#2] WARN  background.BlockDeletingService (BlockDeletingService.java:isDeletionAllowed(187)) - Close Container log Index 6 is not replicated across allthe servers in the pipeline 119175b0-5d21-4334-a09f-cc68b5f19ad3 as the min replicated index is 4. Deletion is not allowed in this container yet.
2019-10-20 10:18:14,992 [BlockDeletingService#2] WARN  background.BlockDeletingService (BlockDeletingService.java:isDeletionAllowed(187)) - Close Container log Index 6 is not replicated across allthe servers in the pipeline 119175b0-5d21-4334-a09f-cc68b5f19ad3 as the min replicated index is 4. Deletion is not allowed in this container yet.
2019-10-20 10:18:15,208 [EventQueue-ContainerReportForContainerReportHandler] WARN  container.ContainerReportHandler (AbstractContainerReportHandler.java:updateContainerState(145)) - Container #1 is in OPEN state, but the datanode f1d6a710-9313-44dc-a005-f0b22c06f92c{ip: 192.168.69.89, host: pr-hdds-2335-x5gnt-184872562, networkLocation: /default-rack, certSerialId: null} reports an CLOSED replica.
2019-10-20 10:18:15,365 [EventQueue-ContainerReportForContainerReportHandler] WARN  container.ContainerReportHandler (AbstractContainerReportHandler.java:updateContainerState(145)) - Container #1 is in OPEN state, but the datanode e76b0d72-a5f7-47dd-bc74-8743a5d358b0{ip: 192.168.69.89, host: pr-hdds-2335-x5gnt-184872562, networkLocation: /default-rack, certSerialId: null} reports an CLOSED replica.
2019-10-20 10:18:15,509 [EventQueue-ContainerReportForContainerReportHandler] WARN  container.ContainerReportHandler (AbstractContainerReportHandler.java:updateContainerState(145)) - Container #1 is in OPEN state, but the datanode f1d6a710-9313-44dc-a005-f0b22c06f92c{ip: 192.168.69.89, host: pr-hdds-2335-x5gnt-184872562, networkLocation: /default-rack, certSerialId: null} reports an CLOSED replica.
2019-10-20 10:18:15,766 [EventQueue-ContainerReportForContainerReportHandler] WARN  container.ContainerReportHandler (AbstractContainerReportHandler.java:updateContainerState(145)) - Container #1 is in OPEN state, but the datanode e76b0d72-a5f7-47dd-bc74-8743a5d358b0{ip: 192.168.69.89, host: pr-hdds-2335-x5gnt-184872562, networkLocation: /default-rack, certSerialId: null} reports an CLOSED replica.
2019-10-20 10:18:15,909 [EventQueue-ContainerReportForContainerReportHandler] WARN  container.ContainerReportHandler (AbstractContainerReportHandler.java:updateContainerState(145)) - Container #1 is in OPEN state, but the datanode f1d6a710-9313-44dc-a005-f0b22c06f92c{ip: 192.168.69.89, host: pr-hdds-2335-x5gnt-184872562, networkLocation: /default-rack, certSerialId: null} reports an CLOSED replica.
2019-10-20 10:18:15,966 [EventQueue-ContainerReportForContainerReportHandler] WARN  container.ContainerReportHandler (AbstractContainerReportHandler.java:updateContainerState(145)) - Container #1 is in OPEN state, but the datanode e76b0d72-a5f7-47dd-bc74-8743a5d358b0{ip: 192.168.69.89, host: pr-hdds-2335-x5gnt-184872562, networkLocation: /default-rack, certSerialId: null} reports an CLOSED replica.
2019-10-20 10:18:15,996 [BlockDeletingService#2] WARN  background.BlockDeletingService (BlockDeletingService.java:isDeletionAllowed(187)) - Close Container log Index 6 is not replicated across allthe servers in the pipeline 119175b0-5d21-4334-a09f-cc68b5f19ad3 as the min replicated index is 4. Deletion is not allowed in this container yet.
2019-10-20 10:18:15,996 [BlockDeletingService#2] WARN  background.BlockDeletingService (BlockDeletingService.java:isDeletionAllowed(187)) - Close Container log Index 6 is not replicated across allthe servers in the pipeline 119175b0-5d21-4334-a09f-cc68b5f19ad3 as the min replicated index is 4. Deletion is not allowed in this container yet.
2019-10-20 10:18:16,209 [EventQueue-ContainerReportForContainerReportHandler] WARN  container.ContainerReportHandler (AbstractContainerReportHandler.java:updateContainerState(145)) - Container #1 is in OPEN state, but the datanode f1d6a710-9313-44dc-a005-f0b22c06f92c{ip: 192.168.69.89, host: pr-hdds-2335-x5gnt-184872562, networkLocation: /default-rack, certSerialId: null} reports an CLOSED replica.
2019-10-20 10:18:16,266 [EventQueue-ContainerReportForContainerReportHandler] WARN  container.ContainerReportHandler (AbstractContainerReportHandler.java:updateContainerState(145)) - Container #1 is in OPEN state, but the datanode e76b0d72-a5f7-47dd-bc74-8743a5d358b0{ip: 192.168.69.89, host: pr-hdds-2335-x5gnt-184872562, networkLocation: /default-rack, certSerialId: null} reports an CLOSED replica.
2019-10-20 10:18:16,510 [EventQueue-ContainerReportForContainerReportHandler] WARN  container.ContainerReportHandler (AbstractContainerReportHandler.java:updateContainerState(145)) - Container #1 is in OPEN state, but the datanode f1d6a710-9313-44dc-a005-f0b22c06f92c{ip: 192.168.69.89, host: pr-hdds-2335-x5gnt-184872562, networkLocation: /default-rack, certSerialId: null} reports an CLOSED replica.
2019-10-20 10:18:16,667 [EventQueue-ContainerReportForContainerReportHandler] WARN  container.ContainerReportHandler (AbstractContainerReportHandler.java:updateContainerState(145)) - Container #1 is in OPEN state, but the datanode e76b0d72-a5f7-47dd-bc74-8743a5d358b0{ip: 192.168.69.89, host: pr-hdds-2335-x5gnt-184872562, networkLocation: /default-rack, certSerialId: null} reports an CLOSED replica.
2019-10-20 10:18:16,809 [java.util.concurrent.ThreadPoolExecutor$Worker@28f79926[State = -1, empty queue]] WARN  server.GrpcLogAppender (GrpcLogAppender.java:timeoutAppendRequest(209)) - e76b0d72-a5f7-47dd-bc74-8743a5d358b0@group-CC68B5F19AD3->e534181c-9f5d-4f71-ad0d-cd71b851ae4d-GrpcLogAppender: appendEntries Timeout, request=e76b0d72-a5f7-47dd-bc74-8743a5d358b0->e534181c-9f5d-4f71-ad0d-cd71b851ae4d#49-t2, previous=(t:2, i:10), leaderCommit=10, initializing? false, entries: <empty>
2019-10-20 10:18:16,910 [EventQueue-ContainerReportForContainerReportHandler] WARN  container.ContainerReportHandler (AbstractContainerReportHandler.java:updateContainerState(145)) - Container #1 is in OPEN state, but the datanode f1d6a710-9313-44dc-a005-f0b22c06f92c{ip: 192.168.69.89, host: pr-hdds-2335-x5gnt-184872562, networkLocation: /default-rack, certSerialId: null} reports an CLOSED replica.
2019-10-20 10:18:16,967 [EventQueue-ContainerReportForContainerReportHandler] WARN  container.ContainerReportHandler (AbstractContainerReportHandler.java:updateContainerState(145)) - Container #1 is in OPEN state, but the datanode e76b0d72-a5f7-47dd-bc74-8743a5d358b0{ip: 192.168.69.89, host: pr-hdds-2335-x5gnt-184872562, networkLocation: /default-rack, certSerialId: null} reports an CLOSED replica.
2019-10-20 10:18:16,997 [BlockDeletingService#2] WARN  background.BlockDeletingService (BlockDeletingService.java:isDeletionAllowed(187)) - Close Container log Index 6 is not replicated across allthe servers in the pipeline 119175b0-5d21-4334-a09f-cc68b5f19ad3 as the min replicated index is 4. Deletion is not allowed in this container yet.
2019-10-20 10:18:16,997 [BlockDeletingService#2] WARN  background.BlockDeletingService (BlockDeletingService.java:isDeletionAllowed(187)) - Close Container log Index 6 is not replicated across allthe servers in the pipeline 119175b0-5d21-4334-a09f-cc68b5f19ad3 as the min replicated index is 4. Deletion is not allowed in this container yet.
2019-10-20 10:18:17,000 [Thread-518] INFO  client.GrpcClientProtocolService (GrpcClientProtocolService.java:lambda$processClientRequest$0(278)) - Failed RaftClientRequest:client-67F6425C4112->f1d6a710-9313-44dc-a005-f0b22c06f92c@group-CC68B5F19AD3, cid=10, seq=0, Watch-ALL_COMMITTED(6), Message:<EMPTY>, reply=RaftClientReply:client-67F6425C4112->f1d6a710-9313-44dc-a005-f0b22c06f92c@group-CC68B5F19AD3, cid=10, FAILED org.apache.ratis.protocol.NotLeaderException: Server f1d6a710-9313-44dc-a005-f0b22c06f92c@group-CC68B5F19AD3 is not the leader e76b0d72-a5f7-47dd-bc74-8743a5d358b0:192.168.69.89:42489, logIndex=0, commits[f1d6a710-9313-44dc-a005-f0b22c06f92c:c10, e76b0d72-a5f7-47dd-bc74-8743a5d358b0:c10, e534181c-9f5d-4f71-ad0d-cd71b851ae4d:c4]
2019-10-20 10:18:17,212 [EventQueue-ContainerReportForContainerReportHandler] WARN  container.ContainerReportHandler (AbstractContainerReportHandler.java:updateContainerState(145)) - Container #1 is in OPEN state, but the datanode f1d6a710-9313-44dc-a005-f0b22c06f92c{ip: 192.168.69.89, host: pr-hdds-2335-x5gnt-184872562, networkLocation: /default-rack, certSerialId: null} reports an CLOSED replica.
2019-10-20 10:18:17,267 [EventQueue-ContainerReportForContainerReportHandler] WARN  container.ContainerReportHandler (AbstractContainerReportHandler.java:updateContainerState(145)) - Container #1 is in OPEN state, but the datanode e76b0d72-a5f7-47dd-bc74-8743a5d358b0{ip: 192.168.69.89, host: pr-hdds-2335-x5gnt-184872562, networkLocation: /default-rack, certSerialId: null} reports an CLOSED replica.
2019-10-20 10:18:17,412 [EventQueue-ContainerReportForContainerReportHandler] WARN  container.ContainerReportHandler (AbstractContainerReportHandler.java:updateContainerState(145)) - Container #1 is in OPEN state, but the datanode f1d6a710-9313-44dc-a005-f0b22c06f92c{ip: 192.168.69.89, host: pr-hdds-2335-x5gnt-184872562, networkLocation: /default-rack, certSerialId: null} reports an CLOSED replica.
2019-10-20 10:18:17,667 [EventQueue-ContainerReportForContainerReportHandler] WARN  container.ContainerReportHandler (AbstractContainerReportHandler.java:updateContainerState(145)) - Container #1 is in OPEN state, but the datanode e76b0d72-a5f7-47dd-bc74-8743a5d358b0{ip: 192.168.69.89, host: pr-hdds-2335-x5gnt-184872562, networkLocation: /default-rack, certSerialId: null} reports an CLOSED replica.
2019-10-20 10:18:17,813 [EventQueue-ContainerReportForContainerReportHandler] WARN  container.ContainerReportHandler (AbstractContainerReportHandler.java:updateContainerState(145)) - Container #1 is in OPEN state, but the datanode f1d6a710-9313-44dc-a005-f0b22c06f92c{ip: 192.168.69.89, host: pr-hdds-2335-x5gnt-184872562, networkLocation: /default-rack, certSerialId: null} reports an CLOSED replica.
2019-10-20 10:18:17,968 [EventQueue-ContainerReportForContainerReportHandler] WARN  container.ContainerReportHandler (AbstractContainerReportHandler.java:updateContainerState(145)) - Container #1 is in OPEN state, but the datanode e76b0d72-a5f7-47dd-bc74-8743a5d358b0{ip: 192.168.69.89, host: pr-hdds-2335-x5gnt-184872562, networkLocation: /default-rack, certSerialId: null} reports an CLOSED replica.
2019-10-20 10:18:17,999 [BlockDeletingService#2] WARN  background.BlockDeletingService (BlockDeletingService.java:isDeletionAllowed(187)) - Close Container log Index 6 is not replicated across allthe servers in the pipeline 119175b0-5d21-4334-a09f-cc68b5f19ad3 as the min replicated index is 4. Deletion is not allowed in this container yet.
2019-10-20 10:18:17,999 [BlockDeletingService#2] WARN  background.BlockDeletingService (BlockDeletingService.java:isDeletionAllowed(187)) - Close Container log Index 6 is not replicated across allthe servers in the pipeline 119175b0-5d21-4334-a09f-cc68b5f19ad3 as the min replicated index is 4. Deletion is not allowed in this container yet.
2019-10-20 10:18:18,013 [EventQueue-ContainerReportForContainerReportHandler] WARN  container.ContainerReportHandler (AbstractContainerReportHandler.java:updateContainerState(145)) - Container #1 is in OPEN state, but the datanode f1d6a710-9313-44dc-a005-f0b22c06f92c{ip: 192.168.69.89, host: pr-hdds-2335-x5gnt-184872562, networkLocation: /default-rack, certSerialId: null} reports an CLOSED replica.
2019-10-20 10:18:18,314 [EventQueue-ContainerReportForContainerReportHandler] WARN  container.ContainerReportHandler (AbstractContainerReportHandler.java:updateContainerState(145)) - Container #1 is in OPEN state, but the datanode f1d6a710-9313-44dc-a005-f0b22c06f92c{ip: 192.168.69.89, host: pr-hdds-2335-x5gnt-184872562, networkLocation: /default-rack, certSerialId: null} reports an CLOSED replica.
2019-10-20 10:18:18,368 [EventQueue-ContainerReportForContainerReportHandler] WARN  container.ContainerReportHandler (AbstractContainerReportHandler.java:updateContainerState(145)) - Container #1 is in OPEN state, but the datanode e76b0d72-a5f7-47dd-bc74-8743a5d358b0{ip: 192.168.69.89, host: pr-hdds-2335-x5gnt-184872562, networkLocation: /default-rack, certSerialId: null} reports an CLOSED replica.
2019-10-20 10:18:18,493 [EventQueue-StaleNodeForStaleNodeHandler] INFO  node.StaleNodeHandler (StaleNodeHandler.java:onMessage(58)) - Datanode e534181c-9f5d-4f71-ad0d-cd71b851ae4d{ip: 192.168.69.89, host: pr-hdds-2335-x5gnt-184872562, networkLocation: /default-rack, certSerialId: null} moved to stale state. Finalizing its pipelines [PipelineID=119175b0-5d21-4334-a09f-cc68b5f19ad3, PipelineID=da00ce1d-a2cf-4fac-ab4b-56e652864fa2]
2019-10-20 10:18:18,493 [EventQueue-StaleNodeForStaleNodeHandler] INFO  pipeline.SCMPipelineManager (SCMPipelineManager.java:finalizeAndDestroyPipeline(315)) - destroying pipeline:Pipeline[ Id: 119175b0-5d21-4334-a09f-cc68b5f19ad3, Nodes: f1d6a710-9313-44dc-a005-f0b22c06f92c{ip: 192.168.69.89, host: pr-hdds-2335-x5gnt-184872562, networkLocation: /default-rack, certSerialId: null}e534181c-9f5d-4f71-ad0d-cd71b851ae4d{ip: 192.168.69.89, host: pr-hdds-2335-x5gnt-184872562, networkLocation: /default-rack, certSerialId: null}e76b0d72-a5f7-47dd-bc74-8743a5d358b0{ip: 192.168.69.89, host: pr-hdds-2335-x5gnt-184872562, networkLocation: /default-rack, certSerialId: null}, Type:RATIS, Factor:THREE, State:OPEN]
2019-10-20 10:18:18,495 [EventQueue-StaleNodeForStaleNodeHandler] INFO  pipeline.PipelineStateManager (PipelineStateManager.java:finalizePipeline(123)) - Pipeline Pipeline[ Id: 119175b0-5d21-4334-a09f-cc68b5f19ad3, Nodes: f1d6a710-9313-44dc-a005-f0b22c06f92c{ip: 192.168.69.89, host: pr-hdds-2335-x5gnt-184872562, networkLocation: /default-rack, certSerialId: null}e534181c-9f5d-4f71-ad0d-cd71b851ae4d{ip: 192.168.69.89, host: pr-hdds-2335-x5gnt-184872562, networkLocation: /default-rack, certSerialId: null}e76b0d72-a5f7-47dd-bc74-8743a5d358b0{ip: 192.168.69.89, host: pr-hdds-2335-x5gnt-184872562, networkLocation: /default-rack, certSerialId: null}, Type:RATIS, Factor:THREE, State:CLOSED] moved to CLOSED state
2019-10-20 10:18:18,496 [EventQueue-CloseContainerForCloseContainerEventHandler] INFO  container.CloseContainerEventHandler (CloseContainerEventHandler.java:onMessage(61)) - Close container Event triggered for container : #1
2019-10-20 10:18:18,499 [EventQueue-StaleNodeForStaleNodeHandler] INFO  pipeline.SCMPipelineManager (SCMPipelineManager.java:finalizeAndDestroyPipeline(315)) - destroying pipeline:Pipeline[ Id: da00ce1d-a2cf-4fac-ab4b-56e652864fa2, Nodes: e534181c-9f5d-4f71-ad0d-cd71b851ae4d{ip: 192.168.69.89, host: pr-hdds-2335-x5gnt-184872562, networkLocation: /default-rack, certSerialId: null}, Type:RATIS, Factor:ONE, State:OPEN]
2019-10-20 10:18:18,500 [EventQueue-StaleNodeForStaleNodeHandler] INFO  pipeline.PipelineStateManager (PipelineStateManager.java:finalizePipeline(123)) - Pipeline Pipeline[ Id: da00ce1d-a2cf-4fac-ab4b-56e652864fa2, Nodes: e534181c-9f5d-4f71-ad0d-cd71b851ae4d{ip: 192.168.69.89, host: pr-hdds-2335-x5gnt-184872562, networkLocation: /default-rack, certSerialId: null}, Type:RATIS, Factor:ONE, State:CLOSED] moved to CLOSED state
2019-10-20 10:18:18,615 [EventQueue-ContainerReportForContainerReportHandler] INFO  container.ContainerReportHandler (AbstractContainerReportHandler.java:updateContainerState(178)) - Moving container #1 to CLOSED state, datanode f1d6a710-9313-44dc-a005-f0b22c06f92c{ip: 192.168.69.89, host: pr-hdds-2335-x5gnt-184872562, networkLocation: /default-rack, certSerialId: null} reported CLOSED replica.
2019-10-20 10:18:18,707 [SCMBlockDeletingService#0] INFO  block.SCMBlockDeletingService (SCMBlockDeletingService.java:call(184)) - Totally added 3 delete blocks command for 3 datanodes, task elapsed time: 6ms
2019-10-20 10:18:18,884 [Thread-528] INFO  client.GrpcClientProtocolService (GrpcClientProtocolService.java:lambda$processClientRequest$0(278)) - Failed RaftClientRequest:client-67F6425C4112->e76b0d72-a5f7-47dd-bc74-8743a5d358b0@group-CC68B5F19AD3, cid=10, seq=0, Watch-ALL_COMMITTED(6), Message:<EMPTY>, reply=RaftClientReply:client-67F6425C4112->e76b0d72-a5f7-47dd-bc74-8743a5d358b0@group-CC68B5F19AD3, cid=10, FAILED org.apache.ratis.protocol.NotReplicatedException: Request with call Id 10 and log index 6 is not yet replicated to ALL_COMMITTED, logIndex=6, commits[e76b0d72-a5f7-47dd-bc74-8743a5d358b0:c10, e534181c-9f5d-4f71-ad0d-cd71b851ae4d:c4, f1d6a710-9313-44dc-a005-f0b22c06f92c:c10]
2019-10-20 10:18:18,916 [EventQueue-PendingDeleteStatusForPendingDeleteHandler] INFO  block.SCMBlockDeletingService (SCMBlockDeletingService.java:handlePendingDeletes(115)) - Block deletion txnID mismatch in datanode f1d6a710-9313-44dc-a005-f0b22c06f92c for containerID 1. Datanode delete txnID: 0, SCM txnID: 1
2019-10-20 10:18:18,968 [EventQueue-PendingDeleteStatusForPendingDeleteHandler] INFO  block.SCMBlockDeletingService (SCMBlockDeletingService.java:handlePendingDeletes(115)) - Block deletion txnID mismatch in datanode e76b0d72-a5f7-47dd-bc74-8743a5d358b0 for containerID 1. Datanode delete txnID: 0, SCM txnID: 1
2019-10-20 10:18:18,971 [Command processor thread] INFO  commandhandler.DeleteBlocksCommandHandler (DeleteBlocksCommandHandler.java:handle(106)) - Start to delete container blocks, TXIDs=[1(0)], numOfContainers=1, numOfBlocks=1
2019-10-20 10:18:19,001 [BlockDeletingService#2] WARN  background.BlockDeletingService (BlockDeletingService.java:isDeletionAllowed(187)) - Close Container log Index 6 is not replicated across allthe servers in the pipeline 119175b0-5d21-4334-a09f-cc68b5f19ad3 as the min replicated index is 4. Deletion is not allowed in this container yet.
2019-10-20 10:18:19,001 [BlockDeletingService#2] WARN  background.BlockDeletingService (BlockDeletingService.java:isDeletionAllowed(187)) - Close Container log Index 6 is not replicated across allthe servers in the pipeline 119175b0-5d21-4334-a09f-cc68b5f19ad3 as the min replicated index is 4. Deletion is not allowed in this container yet.
2019-10-20 10:18:19,112 [Command processor thread] INFO  commandhandler.DeleteBlocksCommandHandler (DeleteBlocksCommandHandler.java:handle(106)) - Start to delete container blocks, TXIDs=[1(0)], numOfContainers=1, numOfBlocks=1
2019-10-20 10:18:19,311 [java.util.concurrent.ThreadPoolExecutor$Worker@28f79926[State = -1, empty queue]] WARN  server.GrpcLogAppender (GrpcLogAppender.java:timeoutAppendRequest(209)) - e76b0d72-a5f7-47dd-bc74-8743a5d358b0@group-CC68B5F19AD3->e534181c-9f5d-4f71-ad0d-cd71b851ae4d-GrpcLogAppender: appendEntries Timeout, request=e76b0d72-a5f7-47dd-bc74-8743a5d358b0->e534181c-9f5d-4f71-ad0d-cd71b851ae4d#50-t2, previous=(t:2, i:10), leaderCommit=10, initializing? false, entries: <empty>
2019-10-20 10:18:19,362 [main] INFO  impl.MetricsSystemImpl (MetricsSystemImpl.java:init(158)) - HddsDatanode metrics system started (again)
2019-10-20 10:18:19,411 [main] INFO  ozone.HddsDatanodeService (HddsDatanodeService.java:start(184)) - HddsDatanodeService host:pr-hdds-2335-x5gnt-184872562 ip:192.168.69.89
2019-10-20 10:18:19,415 [main] INFO  volume.VolumeUsage (VolumeUsage.java:loadScmUsed(144)) - Cached ScmUsed found for /workdir/hadoop-ozone/integration-test/target/test-dir/MiniOzoneClusterImpl-2addb35b-a6cc-4f8a-83ea-8293f411ed6d/datanode-1/data/containers : 4096 
2019-10-20 10:18:19,415 [main] INFO  volume.HddsVolume (HddsVolume.java:<init>(176)) - Creating Volume: /workdir/hadoop-ozone/integration-test/target/test-dir/MiniOzoneClusterImpl-2addb35b-a6cc-4f8a-83ea-8293f411ed6d/datanode-1/data/containers/hdds of  storage type : DISK and capacity : 1482555576320
2019-10-20 10:18:19,416 [main] INFO  volume.VolumeSet (VolumeSet.java:initializeVolumeSet(170)) - Added Volume : /workdir/hadoop-ozone/integration-test/target/test-dir/MiniOzoneClusterImpl-2addb35b-a6cc-4f8a-83ea-8293f411ed6d/datanode-1/data/containers/hdds to VolumeSet
2019-10-20 10:18:19,416 [main] INFO  volume.ThrottledAsyncChecker (ThrottledAsyncChecker.java:schedule(141)) - Scheduling a check for /workdir/hadoop-ozone/integration-test/target/test-dir/MiniOzoneClusterImpl-2addb35b-a6cc-4f8a-83ea-8293f411ed6d/datanode-1/data/containers/hdds
2019-10-20 10:18:19,417 [main] INFO  volume.HddsVolumeChecker (HddsVolumeChecker.java:checkAllVolumes(204)) - Scheduled health check for volume /workdir/hadoop-ozone/integration-test/target/test-dir/MiniOzoneClusterImpl-2addb35b-a6cc-4f8a-83ea-8293f411ed6d/datanode-1/data/containers/hdds
2019-10-20 10:18:19,455 [main] INFO  impl.RaftServerProxy (ConfUtils.java:logGet(43)) - raft.rpc.type = GRPC (default)
2019-10-20 10:18:19,455 [main] INFO  grpc.GrpcFactory (GrpcFactory.java:checkPooledByteBufAllocatorUseCacheForAllThreads(45)) - PERFORMANCE WARNING: useCacheForAllThreads is true that may cause Netty to create a lot garbage objects and, as a result, trigger GC.
	It is recommended to disable useCacheForAllThreads by setting -Dorg.apache.ratis.thirdparty.io.netty.allocator.useCacheForAllThreads=false in command line.
2019-10-20 10:18:19,455 [main] INFO  grpc.GrpcConfigKeys$Server (ConfUtils.java:logGet(43)) - raft.grpc.server.port = 44098 (custom)
2019-10-20 10:18:19,456 [main] INFO  server.GrpcService (ConfUtils.java:logGet(43)) - raft.grpc.message.size.max = 33570816 (custom)
2019-10-20 10:18:19,456 [main] INFO  server.RaftServerConfigKeys (ConfUtils.java:logGet(43)) - raft.server.log.appender.buffer.byte-limit = 33554432 (custom)
2019-10-20 10:18:19,456 [main] INFO  server.GrpcService (ConfUtils.java:logGet(43)) - raft.grpc.flow.control.window = 1MB (=1048576) (default)
2019-10-20 10:18:19,456 [main] INFO  server.RaftServerConfigKeys (ConfUtils.java:logGet(43)) - raft.server.rpc.request.timeout = 3000ms (default)
2019-10-20 10:18:19,457 [main] INFO  server.RaftServerConfigKeys (ConfUtils.java:logGet(43)) - raft.server.storage.dir = [/workdir/hadoop-ozone/integration-test/target/test-dir/MiniOzoneClusterImpl-2addb35b-a6cc-4f8a-83ea-8293f411ed6d/datanode-1/data/ratis] (custom)
2019-10-20 10:18:19,457 [main] INFO  impl.RaftServerProxy (RaftServerProxy.java:lambda$null$0(191)) - e534181c-9f5d-4f71-ad0d-cd71b851ae4d: found a subdirectory /workdir/hadoop-ozone/integration-test/target/test-dir/MiniOzoneClusterImpl-2addb35b-a6cc-4f8a-83ea-8293f411ed6d/datanode-1/data/ratis/119175b0-5d21-4334-a09f-cc68b5f19ad3
2019-10-20 10:18:19,458 [main] INFO  impl.RaftServerProxy (RaftServerProxy.java:addNew(89)) - e534181c-9f5d-4f71-ad0d-cd71b851ae4d: addNew group-CC68B5F19AD3:[] returns group-CC68B5F19AD3:java.util.concurrent.CompletableFuture@8cc8cdb[Not completed]
2019-10-20 10:18:19,459 [main] INFO  impl.RaftServerProxy (RaftServerProxy.java:lambda$null$0(191)) - e534181c-9f5d-4f71-ad0d-cd71b851ae4d: found a subdirectory /workdir/hadoop-ozone/integration-test/target/test-dir/MiniOzoneClusterImpl-2addb35b-a6cc-4f8a-83ea-8293f411ed6d/datanode-1/data/ratis/da00ce1d-a2cf-4fac-ab4b-56e652864fa2
2019-10-20 10:18:19,459 [main] INFO  impl.RaftServerProxy (RaftServerProxy.java:addNew(89)) - e534181c-9f5d-4f71-ad0d-cd71b851ae4d: addNew group-56E652864FA2:[] returns group-56E652864FA2:java.util.concurrent.CompletableFuture@1e236278[Not completed]
2019-10-20 10:18:19,461 [pool-59-thread-1] INFO  impl.RaftServerImpl (RaftServerImpl.java:<init>(104)) - e534181c-9f5d-4f71-ad0d-cd71b851ae4d: new RaftServerImpl for group-CC68B5F19AD3:[] with ContainerStateMachine:uninitialized
2019-10-20 10:18:19,462 [pool-59-thread-1] INFO  server.RaftServerConfigKeys (ConfUtils.java:logGet(43)) - raft.server.rpc.timeout.min = 5s (custom)
2019-10-20 10:18:19,462 [pool-59-thread-1] INFO  server.RaftServerConfigKeys (ConfUtils.java:logGet(43)) - raft.server.rpc.timeout.max = 5200ms (custom)
2019-10-20 10:18:19,462 [pool-59-thread-1] INFO  server.RaftServerConfigKeys (ConfUtils.java:logGet(43)) - raft.server.rpcslowness.timeout = 1000s (custom)
2019-10-20 10:18:19,463 [pool-59-thread-1] INFO  server.RaftServerConfigKeys (ConfUtils.java:logGet(43)) - raft.server.sleep.deviation.threshold = 300 (default)
2019-10-20 10:18:19,463 [pool-59-thread-1] INFO  server.RaftServerConfigKeys (ConfUtils.java:logGet(43)) - raft.server.log.appender.install.snapshot.enabled = false (custom)
2019-10-20 10:18:19,463 [pool-59-thread-1] INFO  impl.RaftServerImpl (ServerState.java:<init>(103)) - e534181c-9f5d-4f71-ad0d-cd71b851ae4d@group-CC68B5F19AD3: ConfigurationManager, init=-1: [], old=null, confs=<EMPTY_MAP>
2019-10-20 10:18:19,463 [pool-59-thread-1] INFO  server.RaftServerConfigKeys (ConfUtils.java:logGet(43)) - raft.server.storage.dir = [/workdir/hadoop-ozone/integration-test/target/test-dir/MiniOzoneClusterImpl-2addb35b-a6cc-4f8a-83ea-8293f411ed6d/datanode-1/data/ratis] (custom)
2019-10-20 10:18:19,463 [pool-59-thread-1] INFO  server.RaftServerConfigKeys (ConfUtils.java:logGet(43)) - raft.server.log.corruption.policy = EXCEPTION (default)
2019-10-20 10:18:19,463 [main] INFO  hdfs.DFSUtil (DFSUtil.java:httpServerTemplateForNNAndJN(1641)) - Starting Web-server for hddsDatanode at: http://0.0.0.0:41419
2019-10-20 10:18:19,466 [main] INFO  server.AuthenticationFilter (AuthenticationFilter.java:constructSecretProvider(240)) - Unable to initialize FileSignerSecretProvider, falling back to use random secrets.
2019-10-20 10:18:19,466 [main] WARN  http.HttpRequestLog (HttpRequestLog.java:getRequestLog(97)) - Jetty request log can only be enabled using Log4j
2019-10-20 10:18:19,468 [main] INFO  http.HttpServer2 (HttpServer2.java:addGlobalFilter(975)) - Added global filter 'safety' (class=org.apache.hadoop.http.HttpServer2$QuotingInputFilter)
2019-10-20 10:18:19,469 [main] INFO  http.HttpServer2 (HttpServer2.java:addFilter(948)) - Added filter static_user_filter (class=org.apache.hadoop.http.lib.StaticUserWebFilter$StaticUserFilter) to context hddsDatanode
2019-10-20 10:18:19,469 [main] INFO  http.HttpServer2 (HttpServer2.java:addFilter(958)) - Added filter static_user_filter (class=org.apache.hadoop.http.lib.StaticUserWebFilter$StaticUserFilter) to context static
2019-10-20 10:18:19,469 [main] INFO  http.HttpServer2 (HttpServer2.java:addFilter(958)) - Added filter static_user_filter (class=org.apache.hadoop.http.lib.StaticUserWebFilter$StaticUserFilter) to context logs
2019-10-20 10:18:19,470 [main] INFO  http.HttpServer2 (HttpServer2.java:bindListener(1191)) - Jetty bound to port 41419
2019-10-20 10:18:19,470 [main] INFO  server.Server (Server.java:doStart(351)) - jetty-9.3.25.v20180904, build timestamp: 2018-09-04T21:11:46Z, git hash: 3ce520221d0240229c862b122d2b06c12a625732
2019-10-20 10:18:19,550 [pool-59-thread-1] INFO  storage.RaftStorageDirectory (RaftStorageDirectory.java:tryLock(328)) - Lock on /workdir/hadoop-ozone/integration-test/target/test-dir/MiniOzoneClusterImpl-2addb35b-a6cc-4f8a-83ea-8293f411ed6d/datanode-1/data/ratis/119175b0-5d21-4334-a09f-cc68b5f19ad3/in_use.lock acquired by nodename 27821@pr-hdds-2335-x5gnt-184872562
2019-10-20 10:18:19,574 [main] INFO  handler.ContextHandler (ContextHandler.java:doStart(781)) - Started o.e.j.s.ServletContextHandler@6a12c7a8{/logs,file:///workdir/hadoop-ozone/integration-test/target/log,AVAILABLE}
2019-10-20 10:18:19,575 [main] INFO  handler.ContextHandler (ContextHandler.java:doStart(781)) - Started o.e.j.s.ServletContextHandler@436bd4df{/static,jar:file:/home/user/.m2/repository/org/apache/hadoop/hadoop-hdds-container-service/0.5.0-SNAPSHOT/hadoop-hdds-container-service-0.5.0-SNAPSHOT.jar!/webapps/static,AVAILABLE}
2019-10-20 10:18:19,576 [pool-59-thread-1] INFO  ratis.ContainerStateMachine (ContainerStateMachine.java:loadSnapshot(240)) - group-CC68B5F19AD3: Setting the last applied index to (t:2, i:3)
2019-10-20 10:18:19,582 [pool-59-thread-1] INFO  impl.RaftServerImpl (ServerState.java:setRaftConf(357)) - e534181c-9f5d-4f71-ad0d-cd71b851ae4d@group-CC68B5F19AD3: set configuration 0: [e76b0d72-a5f7-47dd-bc74-8743a5d358b0:192.168.69.89:42489, e534181c-9f5d-4f71-ad0d-cd71b851ae4d:192.168.69.89:44098, f1d6a710-9313-44dc-a005-f0b22c06f92c:192.168.69.89:41254], old=null at 0
2019-10-20 10:18:19,583 [pool-59-thread-1] INFO  server.RaftServerConfigKeys (ConfUtils.java:logGet(43)) - raft.server.notification.no-leader.timeout = 1000s (custom)
2019-10-20 10:18:19,583 [pool-59-thread-1] INFO  server.RaftServerConfigKeys (ConfUtils.java:logGet(43)) - raft.server.log.use.memory = false (default)
2019-10-20 10:18:19,583 [pool-59-thread-1] INFO  server.RaftServerConfigKeys (ConfUtils.java:logGet(43)) - raft.server.log.purge.gap = 1000000 (custom)
2019-10-20 10:18:19,583 [pool-59-thread-1] INFO  server.RaftServerConfigKeys (ConfUtils.java:logGet(43)) - raft.server.log.appender.buffer.byte-limit = 33554432 (custom)
2019-10-20 10:18:19,583 [pool-59-thread-1] INFO  server.RaftServerConfigKeys (ConfUtils.java:logGet(43)) - raft.server.log.segment.size.max = 1048576 (custom)
2019-10-20 10:18:19,583 [pool-59-thread-1] INFO  server.RaftServerConfigKeys (ConfUtils.java:logGet(43)) - raft.server.log.segment.cache.num.max = 2 (custom)
2019-10-20 10:18:19,584 [pool-59-thread-1] INFO  segmented.SegmentedRaftLogWorker (SegmentedRaftLogWorker.java:<init>(173)) - new e534181c-9f5d-4f71-ad0d-cd71b851ae4d@group-CC68B5F19AD3-SegmentedRaftLogWorker for RaftStorage:Storage Directory /workdir/hadoop-ozone/integration-test/target/test-dir/MiniOzoneClusterImpl-2addb35b-a6cc-4f8a-83ea-8293f411ed6d/datanode-1/data/ratis/119175b0-5d21-4334-a09f-cc68b5f19ad3
2019-10-20 10:18:19,584 [pool-59-thread-1] INFO  server.RaftServerConfigKeys (ConfUtils.java:logGet(43)) - raft.server.log.queue.byte-limit = 2147483647 (custom)
2019-10-20 10:18:19,584 [pool-59-thread-1] INFO  server.RaftServerConfigKeys (ConfUtils.java:logGet(43)) - raft.server.log.queue.element-limit = 1024 (custom)
2019-10-20 10:18:19,584 [pool-59-thread-1] INFO  server.RaftServerConfigKeys (ConfUtils.java:logGet(43)) - raft.server.log.segment.size.max = 1048576 (custom)
2019-10-20 10:18:19,584 [pool-59-thread-1] INFO  server.RaftServerConfigKeys (ConfUtils.java:logGet(43)) - raft.server.log.preallocated.size = 16384 (custom)
2019-10-20 10:18:19,584 [pool-59-thread-1] INFO  server.RaftServerConfigKeys (ConfUtils.java:logGet(43)) - raft.server.log.write.buffer.size = 33554432 (custom)
2019-10-20 10:18:19,584 [pool-59-thread-1] INFO  server.RaftServerConfigKeys (ConfUtils.java:logGet(43)) - raft.server.log.force.sync.num = 128 (default)
2019-10-20 10:18:19,584 [pool-59-thread-1] INFO  server.RaftServerConfigKeys (ConfUtils.java:logGet(43)) - raft.server.log.statemachine.data.sync = true (default)
2019-10-20 10:18:19,585 [pool-59-thread-1] INFO  server.RaftServerConfigKeys (ConfUtils.java:logGet(43)) - raft.server.log.statemachine.data.sync.timeout = 10s (default)
2019-10-20 10:18:19,585 [pool-59-thread-1] INFO  server.RaftServerConfigKeys (ConfUtils.java:logGet(43)) - raft.server.log.statemachine.data.sync.timeout.retry = -1 (default)
2019-10-20 10:18:19,585 [pool-59-thread-1] INFO  server.RaftServerConfigKeys (ConfUtils.java:logGet(43)) - raft.server.log.statemachine.data.caching.enabled = true (custom)
2019-10-20 10:18:19,592 [pool-59-thread-1] INFO  impl.RaftServerImpl (ServerState.java:setRaftConf(357)) - e534181c-9f5d-4f71-ad0d-cd71b851ae4d@group-CC68B5F19AD3: set configuration 0: [e76b0d72-a5f7-47dd-bc74-8743a5d358b0:192.168.69.89:42489, e534181c-9f5d-4f71-ad0d-cd71b851ae4d:192.168.69.89:44098, f1d6a710-9313-44dc-a005-f0b22c06f92c:192.168.69.89:41254], old=null at 0
2019-10-20 10:18:19,593 [pool-59-thread-1] INFO  segmented.LogSegment (LogSegment.java:loadSegment(140)) - Successfully read 5 entries from segment file /workdir/hadoop-ozone/integration-test/target/test-dir/MiniOzoneClusterImpl-2addb35b-a6cc-4f8a-83ea-8293f411ed6d/datanode-1/data/ratis/119175b0-5d21-4334-a09f-cc68b5f19ad3/current/log_inprogress_0
2019-10-20 10:18:19,593 [pool-59-thread-1] INFO  segmented.SegmentedRaftLogWorker (SegmentedRaftLogWorker.java:lambda$new$0(128)) - e534181c-9f5d-4f71-ad0d-cd71b851ae4d@group-CC68B5F19AD3-SegmentedRaftLogWorker: flushIndex: setUnconditionally 0 -> 4
2019-10-20 10:18:19,620 [pool-59-thread-1] INFO  raftlog.RaftLog (RaftLog.java:lambda$new$0(61)) - e534181c-9f5d-4f71-ad0d-cd71b851ae4d@group-CC68B5F19AD3-SegmentedRaftLog: commitIndex: updateToMax old=3, new=3, updated? false
2019-10-20 10:18:19,620 [pool-59-thread-1] INFO  server.RaftServerConfigKeys (ConfUtils.java:logGet(43)) - raft.server.snapshot.auto.trigger.enabled = true (custom)
2019-10-20 10:18:19,620 [pool-59-thread-1] INFO  server.RaftServerConfigKeys (ConfUtils.java:logGet(43)) - raft.server.snapshot.auto.trigger.threshold = 10000 (custom)
2019-10-20 10:18:19,620 [pool-59-thread-1] INFO  server.RaftServerConfigKeys (ConfUtils.java:logGet(43)) - raft.server.snapshot.retention.file.num = 5 (custom)
2019-10-20 10:18:19,620 [pool-59-thread-1] INFO  server.RaftServerConfigKeys (ConfUtils.java:logGet(43)) - raft.server.retrycache.expirytime = 600000ms (custom)
2019-10-20 10:18:19,621 [main] INFO  handler.ContextHandler (ContextHandler.java:doStart(781)) - Started o.e.j.w.WebAppContext@71f1cc02{/,file:///tmp/jetty-0.0.0.0-41419-hddsDatanode-_-any-8644254528398353320.dir/webapp/,AVAILABLE}{/hddsDatanode}
2019-10-20 10:18:19,622 [main] INFO  server.AbstractConnector (AbstractConnector.java:doStart(278)) - Started ServerConnector@5f14761c{HTTP/1.1,[http/1.1]}{0.0.0.0:41419}
2019-10-20 10:18:19,623 [main] INFO  server.Server (Server.java:doStart(419)) - Started @111893ms
2019-10-20 10:18:19,624 [main] WARN  impl.MetricsSystemImpl (MetricsSystemImpl.java:register(276)) - Sink prometheus already exists!
2019-10-20 10:18:19,624 [pool-59-thread-1] INFO  impl.RaftServerImpl (RaftServerImpl.java:<init>(104)) - e534181c-9f5d-4f71-ad0d-cd71b851ae4d: new RaftServerImpl for group-56E652864FA2:[] with ContainerStateMachine:uninitialized
2019-10-20 10:18:19,624 [pool-59-thread-1] INFO  server.RaftServerConfigKeys (ConfUtils.java:logGet(43)) - raft.server.rpc.timeout.min = 5s (custom)
2019-10-20 10:18:19,624 [pool-59-thread-1] INFO  server.RaftServerConfigKeys (ConfUtils.java:logGet(43)) - raft.server.rpc.timeout.max = 5200ms (custom)
2019-10-20 10:18:19,624 [pool-59-thread-1] INFO  server.RaftServerConfigKeys (ConfUtils.java:logGet(43)) - raft.server.rpcslowness.timeout = 1000s (custom)
2019-10-20 10:18:19,624 [pool-59-thread-1] INFO  server.RaftServerConfigKeys (ConfUtils.java:logGet(43)) - raft.server.sleep.deviation.threshold = 300 (default)
2019-10-20 10:18:19,624 [pool-59-thread-1] INFO  server.RaftServerConfigKeys (ConfUtils.java:logGet(43)) - raft.server.log.appender.install.snapshot.enabled = false (custom)
2019-10-20 10:18:19,624 [pool-59-thread-1] INFO  impl.RaftServerImpl (ServerState.java:<init>(103)) - e534181c-9f5d-4f71-ad0d-cd71b851ae4d@group-56E652864FA2: ConfigurationManager, init=-1: [], old=null, confs=<EMPTY_MAP>
2019-10-20 10:18:19,625 [pool-59-thread-1] INFO  server.RaftServerConfigKeys (ConfUtils.java:logGet(43)) - raft.server.storage.dir = [/workdir/hadoop-ozone/integration-test/target/test-dir/MiniOzoneClusterImpl-2addb35b-a6cc-4f8a-83ea-8293f411ed6d/datanode-1/data/ratis] (custom)
2019-10-20 10:18:19,625 [pool-59-thread-1] INFO  server.RaftServerConfigKeys (ConfUtils.java:logGet(43)) - raft.server.log.corruption.policy = EXCEPTION (default)
2019-10-20 10:18:19,625 [main] INFO  server.BaseHttpServer (BaseHttpServer.java:updateConnectorAddress(215)) - HTTP server of HDDSDATANODE is listening at http://0.0.0.0:41419
2019-10-20 10:18:19,627 [org.apache.hadoop.util.JvmPauseMonitor$Monitor@63f63f26] INFO  util.JvmPauseMonitor (JvmPauseMonitor.java:run(188)) - Starting JVM pause monitor
2019-10-20 10:18:19,638 [pool-59-thread-1] INFO  storage.RaftStorageDirectory (RaftStorageDirectory.java:tryLock(328)) - Lock on /workdir/hadoop-ozone/integration-test/target/test-dir/MiniOzoneClusterImpl-2addb35b-a6cc-4f8a-83ea-8293f411ed6d/datanode-1/data/ratis/da00ce1d-a2cf-4fac-ab4b-56e652864fa2/in_use.lock acquired by nodename 27821@pr-hdds-2335-x5gnt-184872562
2019-10-20 10:18:19,638 [pool-59-thread-1] INFO  ratis.ContainerStateMachine (ContainerStateMachine.java:loadSnapshot(231)) - group-56E652864FA2: The snapshot info is null. Setting the last applied indexto:(t:0, i:~)
2019-10-20 10:18:19,638 [pool-59-thread-1] INFO  server.RaftServerConfigKeys (ConfUtils.java:logGet(43)) - raft.server.notification.no-leader.timeout = 1000s (custom)
2019-10-20 10:18:19,638 [pool-59-thread-1] INFO  server.RaftServerConfigKeys (ConfUtils.java:logGet(43)) - raft.server.log.use.memory = false (default)
2019-10-20 10:18:19,638 [pool-59-thread-1] INFO  server.RaftServerConfigKeys (ConfUtils.java:logGet(43)) - raft.server.log.purge.gap = 1000000 (custom)
2019-10-20 10:18:19,639 [pool-59-thread-1] INFO  server.RaftServerConfigKeys (ConfUtils.java:logGet(43)) - raft.server.log.appender.buffer.byte-limit = 33554432 (custom)
2019-10-20 10:18:19,639 [pool-59-thread-1] INFO  server.RaftServerConfigKeys (ConfUtils.java:logGet(43)) - raft.server.log.segment.size.max = 1048576 (custom)
2019-10-20 10:18:19,639 [pool-59-thread-1] INFO  server.RaftServerConfigKeys (ConfUtils.java:logGet(43)) - raft.server.log.segment.cache.num.max = 2 (custom)
2019-10-20 10:18:19,639 [pool-59-thread-1] INFO  segmented.SegmentedRaftLogWorker (SegmentedRaftLogWorker.java:<init>(173)) - new e534181c-9f5d-4f71-ad0d-cd71b851ae4d@group-56E652864FA2-SegmentedRaftLogWorker for RaftStorage:Storage Directory /workdir/hadoop-ozone/integration-test/target/test-dir/MiniOzoneClusterImpl-2addb35b-a6cc-4f8a-83ea-8293f411ed6d/datanode-1/data/ratis/da00ce1d-a2cf-4fac-ab4b-56e652864fa2
2019-10-20 10:18:19,639 [pool-59-thread-1] INFO  server.RaftServerConfigKeys (ConfUtils.java:logGet(43)) - raft.server.log.queue.byte-limit = 2147483647 (custom)
2019-10-20 10:18:19,639 [pool-59-thread-1] INFO  server.RaftServerConfigKeys (ConfUtils.java:logGet(43)) - raft.server.log.queue.element-limit = 1024 (custom)
2019-10-20 10:18:19,639 [pool-59-thread-1] INFO  server.RaftServerConfigKeys (ConfUtils.java:logGet(43)) - raft.server.log.segment.size.max = 1048576 (custom)
2019-10-20 10:18:19,639 [pool-59-thread-1] INFO  server.RaftServerConfigKeys (ConfUtils.java:logGet(43)) - raft.server.log.preallocated.size = 16384 (custom)
2019-10-20 10:18:19,639 [pool-59-thread-1] INFO  server.RaftServerConfigKeys (ConfUtils.java:logGet(43)) - raft.server.log.write.buffer.size = 33554432 (custom)
2019-10-20 10:18:19,639 [pool-59-thread-1] INFO  server.RaftServerConfigKeys (ConfUtils.java:logGet(43)) - raft.server.log.force.sync.num = 128 (default)
2019-10-20 10:18:19,640 [pool-59-thread-1] INFO  server.RaftServerConfigKeys (ConfUtils.java:logGet(43)) - raft.server.log.statemachine.data.sync = true (default)
2019-10-20 10:18:19,640 [pool-59-thread-1] INFO  server.RaftServerConfigKeys (ConfUtils.java:logGet(43)) - raft.server.log.statemachine.data.sync.timeout = 10s (default)
2019-10-20 10:18:19,640 [pool-59-thread-1] INFO  server.RaftServerConfigKeys (ConfUtils.java:logGet(43)) - raft.server.log.statemachine.data.sync.timeout.retry = -1 (default)
2019-10-20 10:18:19,640 [pool-59-thread-1] INFO  server.RaftServerConfigKeys (ConfUtils.java:logGet(43)) - raft.server.log.statemachine.data.caching.enabled = true (custom)
2019-10-20 10:18:19,640 [pool-59-thread-1] INFO  impl.RaftServerImpl (ServerState.java:setRaftConf(357)) - e534181c-9f5d-4f71-ad0d-cd71b851ae4d@group-56E652864FA2: set configuration 0: [e534181c-9f5d-4f71-ad0d-cd71b851ae4d:192.168.69.89:44098], old=null at 0
2019-10-20 10:18:19,641 [pool-59-thread-1] INFO  segmented.LogSegment (LogSegment.java:loadSegment(140)) - Successfully read 1 entries from segment file /workdir/hadoop-ozone/integration-test/target/test-dir/MiniOzoneClusterImpl-2addb35b-a6cc-4f8a-83ea-8293f411ed6d/datanode-1/data/ratis/da00ce1d-a2cf-4fac-ab4b-56e652864fa2/current/log_inprogress_0
2019-10-20 10:18:19,641 [pool-59-thread-1] INFO  segmented.SegmentedRaftLogWorker (SegmentedRaftLogWorker.java:lambda$new$0(128)) - e534181c-9f5d-4f71-ad0d-cd71b851ae4d@group-56E652864FA2-SegmentedRaftLogWorker: flushIndex: setUnconditionally 0 -> 0
2019-10-20 10:18:19,663 [pool-59-thread-1] INFO  server.RaftServerConfigKeys (ConfUtils.java:logGet(43)) - raft.server.snapshot.auto.trigger.enabled = true (custom)
2019-10-20 10:18:19,664 [pool-59-thread-1] INFO  server.RaftServerConfigKeys (ConfUtils.java:logGet(43)) - raft.server.snapshot.auto.trigger.threshold = 10000 (custom)
2019-10-20 10:18:19,664 [pool-59-thread-1] INFO  server.RaftServerConfigKeys (ConfUtils.java:logGet(43)) - raft.server.snapshot.retention.file.num = 5 (custom)
2019-10-20 10:18:19,664 [pool-59-thread-1] INFO  server.RaftServerConfigKeys (ConfUtils.java:logGet(43)) - raft.server.retrycache.expirytime = 600000ms (custom)
2019-10-20 10:18:19,709 [pool-7-thread-1] INFO  commands.RetriableDatanodeEventWatcher (RetriableDatanodeEventWatcher.java:onTimeout(47)) - RetriableDatanodeCommand type=deleteBlocksCommand with id=1571566698707 timed out. Retrying.
2019-10-20 10:18:19,718 [SCMBlockDeletingService#0] INFO  block.SCMBlockDeletingService (SCMBlockDeletingService.java:call(184)) - Totally added 1 delete blocks command for 1 datanodes, task elapsed time: 10ms
2019-10-20 10:18:20,003 [BlockDeletingService#2] WARN  background.BlockDeletingService (BlockDeletingService.java:isDeletionAllowed(187)) - Close Container log Index 6 is not replicated across allthe servers in the pipeline 119175b0-5d21-4334-a09f-cc68b5f19ad3 as the min replicated index is 4. Deletion is not allowed in this container yet.
2019-10-20 10:18:20,003 [BlockDeletingService#2] WARN  background.BlockDeletingService (BlockDeletingService.java:isDeletionAllowed(187)) - Close Container log Index 6 is not replicated across allthe servers in the pipeline 119175b0-5d21-4334-a09f-cc68b5f19ad3 as the min replicated index is 4. Deletion is not allowed in this container yet.
2019-10-20 10:18:20,709 [pool-7-thread-1] INFO  commands.RetriableDatanodeEventWatcher (RetriableDatanodeEventWatcher.java:onTimeout(47)) - RetriableDatanodeCommand type=deleteBlocksCommand with id=1571566698709 timed out. Retrying.
2019-10-20 10:18:20,709 [pool-7-thread-1] INFO  commands.RetriableDatanodeEventWatcher (RetriableDatanodeEventWatcher.java:onTimeout(47)) - RetriableDatanodeCommand type=deleteBlocksCommand with id=1571566698707 timed out. Retrying.
2019-10-20 10:18:20,719 [SCMBlockDeletingService#0] INFO  block.SCMBlockDeletingService (SCMBlockDeletingService.java:call(184)) - Totally added 1 delete blocks command for 1 datanodes, task elapsed time: 0ms
2019-10-20 10:18:21,006 [BlockDeletingService#2] WARN  background.BlockDeletingService (BlockDeletingService.java:isDeletionAllowed(187)) - Close Container log Index 6 is not replicated across allthe servers in the pipeline 119175b0-5d21-4334-a09f-cc68b5f19ad3 as the min replicated index is 4. Deletion is not allowed in this container yet.
2019-10-20 10:18:21,006 [BlockDeletingService#2] WARN  background.BlockDeletingService (BlockDeletingService.java:isDeletionAllowed(187)) - Close Container log Index 6 is not replicated across allthe servers in the pipeline 119175b0-5d21-4334-a09f-cc68b5f19ad3 as the min replicated index is 4. Deletion is not allowed in this container yet.
2019-10-20 10:18:21,629 [Datanode State Machine Thread - 0] INFO  ozoneimpl.OzoneContainer (OzoneContainer.java:start(213)) - Attempting to start container services.
2019-10-20 10:18:21,629 [Datanode State Machine Thread - 0] INFO  ozoneimpl.OzoneContainer (OzoneContainer.java:startContainerScrub(177)) - Background container scanner has been disabled.
2019-10-20 10:18:21,629 [Datanode State Machine Thread - 0] INFO  ratis.XceiverServerRatis (XceiverServerRatis.java:start(418)) - Starting XceiverServerRatis e534181c-9f5d-4f71-ad0d-cd71b851ae4d at port 44098
2019-10-20 10:18:21,638 [Datanode State Machine Thread - 0] INFO  impl.RaftServerImpl (RaftServerImpl.java:start(195)) - e534181c-9f5d-4f71-ad0d-cd71b851ae4d@group-56E652864FA2: start as a follower, conf=0: [e534181c-9f5d-4f71-ad0d-cd71b851ae4d:192.168.69.89:44098], old=null
2019-10-20 10:18:21,638 [ForkJoinPool.commonPool-worker-0] INFO  impl.RaftServerImpl (RaftServerImpl.java:start(195)) - e534181c-9f5d-4f71-ad0d-cd71b851ae4d@group-CC68B5F19AD3: start as a follower, conf=0: [e76b0d72-a5f7-47dd-bc74-8743a5d358b0:192.168.69.89:42489, e534181c-9f5d-4f71-ad0d-cd71b851ae4d:192.168.69.89:44098, f1d6a710-9313-44dc-a005-f0b22c06f92c:192.168.69.89:41254], old=null
2019-10-20 10:18:21,638 [Datanode State Machine Thread - 0] INFO  impl.RaftServerImpl (RaftServerImpl.java:setRole(184)) - e534181c-9f5d-4f71-ad0d-cd71b851ae4d@group-56E652864FA2: changes role from      null to FOLLOWER at term 1 for startAsFollower
2019-10-20 10:18:21,639 [ForkJoinPool.commonPool-worker-0] INFO  impl.RaftServerImpl (RaftServerImpl.java:setRole(184)) - e534181c-9f5d-4f71-ad0d-cd71b851ae4d@group-CC68B5F19AD3: changes role from      null to FOLLOWER at term 2 for startAsFollower
2019-10-20 10:18:21,639 [Datanode State Machine Thread - 0] INFO  impl.RoleInfo (RoleInfo.java:updateAndGet(143)) - e534181c-9f5d-4f71-ad0d-cd71b851ae4d: start FollowerState
2019-10-20 10:18:21,639 [ForkJoinPool.commonPool-worker-0] INFO  impl.RoleInfo (RoleInfo.java:updateAndGet(143)) - e534181c-9f5d-4f71-ad0d-cd71b851ae4d: start FollowerState
2019-10-20 10:18:21,640 [Datanode State Machine Thread - 0] INFO  util.JmxRegister (JmxRegister.java:tryRegister(44)) - Successfully registered JMX Bean with object name Ratis:service=RaftServer,group=group-56E652864FA2,id=e534181c-9f5d-4f71-ad0d-cd71b851ae4d
2019-10-20 10:18:21,640 [ForkJoinPool.commonPool-worker-0] INFO  util.JmxRegister (JmxRegister.java:tryRegister(44)) - Successfully registered JMX Bean with object name Ratis:service=RaftServer,group=group-CC68B5F19AD3,id=e534181c-9f5d-4f71-ad0d-cd71b851ae4d
2019-10-20 10:18:21,641 [Datanode State Machine Thread - 0] INFO  impl.RaftServerProxy (RaftServerProxy.java:lambda$start$3(299)) - e534181c-9f5d-4f71-ad0d-cd71b851ae4d: start RPC server
2019-10-20 10:18:21,643 [Datanode State Machine Thread - 0] INFO  server.GrpcService (GrpcService.java:startImpl(158)) - e534181c-9f5d-4f71-ad0d-cd71b851ae4d: GrpcService started, listening on 0.0.0.0/0.0.0.0:44098
2019-10-20 10:18:21,700 [Thread-557] INFO  impl.FollowerState (FollowerState.java:run(108)) - e534181c-9f5d-4f71-ad0d-cd71b851ae4d@group-CC68B5F19AD3-FollowerState: change to CANDIDATE, lastRpcTime:61ms, electionTimeout:61ms
2019-10-20 10:18:21,701 [Thread-557] INFO  impl.RoleInfo (RoleInfo.java:shutdownFollowerState(121)) - e534181c-9f5d-4f71-ad0d-cd71b851ae4d: shutdown FollowerState
2019-10-20 10:18:21,701 [Thread-557] INFO  impl.RaftServerImpl (RaftServerImpl.java:setRole(184)) - e534181c-9f5d-4f71-ad0d-cd71b851ae4d@group-CC68B5F19AD3: changes role from  FOLLOWER to CANDIDATE at term 2 for changeToCandidate
2019-10-20 10:18:21,701 [Thread-557] INFO  impl.RoleInfo (RoleInfo.java:updateAndGet(143)) - e534181c-9f5d-4f71-ad0d-cd71b851ae4d: start LeaderElection
2019-10-20 10:18:21,710 [pool-7-thread-1] INFO  commands.RetriableDatanodeEventWatcher (RetriableDatanodeEventWatcher.java:onTimeout(47)) - RetriableDatanodeCommand type=deleteBlocksCommand with id=1571566698707 timed out. Retrying.
2019-10-20 10:18:21,710 [pool-7-thread-2] INFO  commands.RetriableDatanodeEventWatcher (RetriableDatanodeEventWatcher.java:onTimeout(47)) - RetriableDatanodeCommand type=deleteBlocksCommand with id=1571566698709 timed out. Retrying.
2019-10-20 10:18:21,716 [e534181c-9f5d-4f71-ad0d-cd71b851ae4d@group-CC68B5F19AD3-LeaderElection6] INFO  impl.LeaderElection (LeaderElection.java:askForVotes(178)) - e534181c-9f5d-4f71-ad0d-cd71b851ae4d@group-CC68B5F19AD3-LeaderElection6: begin an election at term 3 for 0: [e76b0d72-a5f7-47dd-bc74-8743a5d358b0:192.168.69.89:42489, e534181c-9f5d-4f71-ad0d-cd71b851ae4d:192.168.69.89:44098, f1d6a710-9313-44dc-a005-f0b22c06f92c:192.168.69.89:41254], old=null
2019-10-20 10:18:21,719 [pool-7-thread-2] INFO  commands.RetriableDatanodeEventWatcher (RetriableDatanodeEventWatcher.java:onTimeout(47)) - RetriableDatanodeCommand type=deleteBlocksCommand with id=1571566698710 timed out. Retrying.
2019-10-20 10:18:21,722 [SCMBlockDeletingService#0] INFO  block.SCMBlockDeletingService (SCMBlockDeletingService.java:call(184)) - Totally added 1 delete blocks command for 1 datanodes, task elapsed time: 2ms
2019-10-20 10:18:21,726 [grpc-default-executor-3] INFO  impl.RaftServerImpl (ServerState.java:setLeader(256)) - f1d6a710-9313-44dc-a005-f0b22c06f92c@group-CC68B5F19AD3: change Leader from e76b0d72-a5f7-47dd-bc74-8743a5d358b0 to null at term 3 for updateCurrentTerm
2019-10-20 10:18:21,726 [grpc-default-executor-5] INFO  impl.RaftServerImpl (ServerState.java:setLeader(256)) - e76b0d72-a5f7-47dd-bc74-8743a5d358b0@group-CC68B5F19AD3: change Leader from e76b0d72-a5f7-47dd-bc74-8743a5d358b0 to null at term 3 for updateCurrentTerm
2019-10-20 10:18:21,727 [grpc-default-executor-3] INFO  impl.RaftServerImpl (RaftServerImpl.java:setRole(184)) - f1d6a710-9313-44dc-a005-f0b22c06f92c@group-CC68B5F19AD3: changes role from  FOLLOWER to FOLLOWER at term 3 for recognizeCandidate:e534181c-9f5d-4f71-ad0d-cd71b851ae4d
2019-10-20 10:18:21,727 [grpc-default-executor-5] INFO  impl.RaftServerImpl (RaftServerImpl.java:setRole(184)) - e76b0d72-a5f7-47dd-bc74-8743a5d358b0@group-CC68B5F19AD3: changes role from    LEADER to FOLLOWER at term 3 for recognizeCandidate:e534181c-9f5d-4f71-ad0d-cd71b851ae4d
2019-10-20 10:18:21,727 [grpc-default-executor-3] INFO  impl.RoleInfo (RoleInfo.java:shutdownFollowerState(121)) - f1d6a710-9313-44dc-a005-f0b22c06f92c: shutdown FollowerState
2019-10-20 10:18:21,727 [grpc-default-executor-5] INFO  impl.RoleInfo (RoleInfo.java:shutdownLeaderState(104)) - e76b0d72-a5f7-47dd-bc74-8743a5d358b0: shutdown LeaderState
2019-10-20 10:18:21,727 [grpc-default-executor-3] INFO  impl.RoleInfo (RoleInfo.java:updateAndGet(143)) - f1d6a710-9313-44dc-a005-f0b22c06f92c: start FollowerState
2019-10-20 10:18:21,728 [Thread-230] INFO  impl.FollowerState (FollowerState.java:run(117)) - f1d6a710-9313-44dc-a005-f0b22c06f92c@group-CC68B5F19AD3-FollowerState was interrupted: java.lang.InterruptedException: sleep interrupted
2019-10-20 10:18:21,728 [org.apache.ratis.server.impl.LogAppender$AppenderDaemon$$Lambda$519/704982479@3af171af] WARN  server.GrpcLogAppender (GrpcLogAppender.java:mayWait(149)) - e76b0d72-a5f7-47dd-bc74-8743a5d358b0@group-CC68B5F19AD3->f1d6a710-9313-44dc-a005-f0b22c06f92c-GrpcLogAppender: Wait interrupted by java.lang.InterruptedException
2019-10-20 10:18:21,728 [org.apache.ratis.server.impl.LogAppender$AppenderDaemon$$Lambda$519/704982479@6b4ef5b2] WARN  server.GrpcLogAppender (GrpcLogAppender.java:mayWait(149)) - e76b0d72-a5f7-47dd-bc74-8743a5d358b0@group-CC68B5F19AD3->e534181c-9f5d-4f71-ad0d-cd71b851ae4d-GrpcLogAppender: Wait interrupted by java.lang.InterruptedException
2019-10-20 10:18:21,729 [grpc-default-executor-5] INFO  impl.PendingRequests (PendingRequests.java:sendNotLeaderResponses(202)) - e76b0d72-a5f7-47dd-bc74-8743a5d358b0@group-CC68B5F19AD3-PendingRequests: sendNotLeaderResponses
2019-10-20 10:18:21,730 [grpc-default-executor-4] INFO  server.GrpcServerProtocolService (GrpcServerProtocolService.java:onCompleted(113)) - f1d6a710-9313-44dc-a005-f0b22c06f92c: Completed APPEND_ENTRIES, lastRequest: e76b0d72-a5f7-47dd-bc74-8743a5d358b0->f1d6a710-9313-44dc-a005-f0b22c06f92c#52-t2, previous=(t:2, i:10), leaderCommit=10, initializing? false, entries: <empty>
2019-10-20 10:18:21,732 [Thread-564] INFO  client.GrpcClientProtocolService (GrpcClientProtocolService.java:lambda$processClientRequest$0(278)) - Failed RaftClientRequest:client-67F6425C4112->e76b0d72-a5f7-47dd-bc74-8743a5d358b0@group-CC68B5F19AD3, cid=10, seq=0, Watch-ALL_COMMITTED(6), Message:<EMPTY>, reply=RaftClientReply:client-67F6425C4112->e76b0d72-a5f7-47dd-bc74-8743a5d358b0@group-CC68B5F19AD3, cid=10, FAILED org.apache.ratis.protocol.NotLeaderException: Server e76b0d72-a5f7-47dd-bc74-8743a5d358b0@group-CC68B5F19AD3 is not the leader, logIndex=0, commits[e76b0d72-a5f7-47dd-bc74-8743a5d358b0:c10, e534181c-9f5d-4f71-ad0d-cd71b851ae4d:c4, f1d6a710-9313-44dc-a005-f0b22c06f92c:c10]
2019-10-20 10:18:21,732 [grpc-default-executor-5] INFO  impl.RoleInfo (RoleInfo.java:updateAndGet(143)) - e76b0d72-a5f7-47dd-bc74-8743a5d358b0: start FollowerState
2019-10-20 10:18:21,732 [grpc-default-executor-4] INFO  server.GrpcLogAppender (GrpcLogAppender.java:onCompleted(308)) - e76b0d72-a5f7-47dd-bc74-8743a5d358b0@group-CC68B5F19AD3->f1d6a710-9313-44dc-a005-f0b22c06f92c-AppendLogResponseHandler: follower responses appendEntries COMPLETED
2019-10-20 10:18:21,736 [grpc-default-executor-4] INFO  impl.FollowerInfo (FollowerInfo.java:lambda$new$0(51)) - e76b0d72-a5f7-47dd-bc74-8743a5d358b0@group-CC68B5F19AD3->f1d6a710-9313-44dc-a005-f0b22c06f92c: nextIndex: updateUnconditionally 11 -> 10
2019-10-20 10:18:21,745 [Thread-556] INFO  impl.FollowerState (FollowerState.java:run(108)) - e534181c-9f5d-4f71-ad0d-cd71b851ae4d@group-56E652864FA2-FollowerState: change to CANDIDATE, lastRpcTime:106ms, electionTimeout:106ms
2019-10-20 10:18:21,745 [Thread-556] INFO  impl.RoleInfo (RoleInfo.java:shutdownFollowerState(121)) - e534181c-9f5d-4f71-ad0d-cd71b851ae4d: shutdown FollowerState
2019-10-20 10:18:21,746 [Thread-556] INFO  impl.RaftServerImpl (RaftServerImpl.java:setRole(184)) - e534181c-9f5d-4f71-ad0d-cd71b851ae4d@group-56E652864FA2: changes role from  FOLLOWER to CANDIDATE at term 1 for changeToCandidate
2019-10-20 10:18:21,746 [Thread-556] INFO  impl.RoleInfo (RoleInfo.java:updateAndGet(143)) - e534181c-9f5d-4f71-ad0d-cd71b851ae4d: start LeaderElection
2019-10-20 10:18:21,748 [e534181c-9f5d-4f71-ad0d-cd71b851ae4d@group-CC68B5F19AD3-LeaderElection6] INFO  impl.LeaderElection (LeaderElection.java:logAndReturn(56)) - e534181c-9f5d-4f71-ad0d-cd71b851ae4d@group-CC68B5F19AD3-LeaderElection6: Election REJECTED; received 2 response(s) [e534181c-9f5d-4f71-ad0d-cd71b851ae4d<-e76b0d72-a5f7-47dd-bc74-8743a5d358b0#0:FAIL-t3, e534181c-9f5d-4f71-ad0d-cd71b851ae4d<-f1d6a710-9313-44dc-a005-f0b22c06f92c#0:FAIL-t3] and 0 exception(s); e534181c-9f5d-4f71-ad0d-cd71b851ae4d@group-CC68B5F19AD3:t3, leader=null, voted=e534181c-9f5d-4f71-ad0d-cd71b851ae4d, raftlog=e534181c-9f5d-4f71-ad0d-cd71b851ae4d@group-CC68B5F19AD3-SegmentedRaftLog:OPENED:c3,f4,i4, conf=0: [e76b0d72-a5f7-47dd-bc74-8743a5d358b0:192.168.69.89:42489, e534181c-9f5d-4f71-ad0d-cd71b851ae4d:192.168.69.89:44098, f1d6a710-9313-44dc-a005-f0b22c06f92c:192.168.69.89:41254], old=null
2019-10-20 10:18:21,748 [e534181c-9f5d-4f71-ad0d-cd71b851ae4d@group-CC68B5F19AD3-LeaderElection6] INFO  impl.RaftServerImpl (RaftServerImpl.java:setRole(184)) - e534181c-9f5d-4f71-ad0d-cd71b851ae4d@group-CC68B5F19AD3: changes role from CANDIDATE to FOLLOWER at term 3 for DISCOVERED_A_NEW_TERM
2019-10-20 10:18:21,749 [e534181c-9f5d-4f71-ad0d-cd71b851ae4d@group-CC68B5F19AD3-LeaderElection6] INFO  impl.RoleInfo (RoleInfo.java:shutdownLeaderElection(134)) - e534181c-9f5d-4f71-ad0d-cd71b851ae4d: shutdown LeaderElection
2019-10-20 10:18:21,749 [e534181c-9f5d-4f71-ad0d-cd71b851ae4d@group-CC68B5F19AD3-LeaderElection6] INFO  impl.RoleInfo (RoleInfo.java:updateAndGet(143)) - e534181c-9f5d-4f71-ad0d-cd71b851ae4d: start FollowerState
2019-10-20 10:18:21,762 [e534181c-9f5d-4f71-ad0d-cd71b851ae4d@group-56E652864FA2-LeaderElection7] INFO  impl.LeaderElection (LeaderElection.java:askForVotes(178)) - e534181c-9f5d-4f71-ad0d-cd71b851ae4d@group-56E652864FA2-LeaderElection7: begin an election at term 2 for 0: [e534181c-9f5d-4f71-ad0d-cd71b851ae4d:192.168.69.89:44098], old=null
2019-10-20 10:18:21,762 [e534181c-9f5d-4f71-ad0d-cd71b851ae4d@group-56E652864FA2-LeaderElection7] INFO  impl.RoleInfo (RoleInfo.java:shutdownLeaderElection(134)) - e534181c-9f5d-4f71-ad0d-cd71b851ae4d: shutdown LeaderElection
2019-10-20 10:18:21,762 [e534181c-9f5d-4f71-ad0d-cd71b851ae4d@group-56E652864FA2-LeaderElection7] INFO  impl.RaftServerImpl (RaftServerImpl.java:setRole(184)) - e534181c-9f5d-4f71-ad0d-cd71b851ae4d@group-56E652864FA2: changes role from CANDIDATE to LEADER at term 2 for changeToLeader
2019-10-20 10:18:21,763 [e534181c-9f5d-4f71-ad0d-cd71b851ae4d@group-56E652864FA2-LeaderElection7] INFO  impl.RaftServerImpl (ServerState.java:setLeader(256)) - e534181c-9f5d-4f71-ad0d-cd71b851ae4d@group-56E652864FA2: change Leader from null to e534181c-9f5d-4f71-ad0d-cd71b851ae4d at term 2 for becomeLeader, leader elected after 2124ms
2019-10-20 10:18:21,763 [e534181c-9f5d-4f71-ad0d-cd71b851ae4d@group-56E652864FA2-LeaderElection7] INFO  server.RaftServerConfigKeys (ConfUtils.java:logGet(43)) - raft.server.staging.catchup.gap = 1000 (default)
2019-10-20 10:18:21,763 [e534181c-9f5d-4f71-ad0d-cd71b851ae4d@group-56E652864FA2-LeaderElection7] INFO  server.RaftServerConfigKeys (ConfUtils.java:logGet(43)) - raft.server.rpc.sleep.time = 25ms (default)
2019-10-20 10:18:21,763 [e534181c-9f5d-4f71-ad0d-cd71b851ae4d@group-56E652864FA2-LeaderElection7] INFO  server.RaftServerConfigKeys (ConfUtils.java:logGet(43)) - raft.server.write.element-limit = 4096 (default)
2019-10-20 10:18:21,763 [e534181c-9f5d-4f71-ad0d-cd71b851ae4d@group-56E652864FA2-LeaderElection7] INFO  server.RaftServerConfigKeys (ConfUtils.java:logGet(43)) - raft.server.watch.timeout = 10s (default)
2019-10-20 10:18:21,763 [e534181c-9f5d-4f71-ad0d-cd71b851ae4d@group-56E652864FA2-LeaderElection7] INFO  server.RaftServerConfigKeys (ConfUtils.java:logGet(43)) - raft.server.watch.timeout.denomination = 1s (default)
2019-10-20 10:18:21,763 [e534181c-9f5d-4f71-ad0d-cd71b851ae4d@group-56E652864FA2-LeaderElection7] INFO  server.RaftServerConfigKeys (ConfUtils.java:logGet(43)) - raft.server.watch.element-limit = 65536 (default)
2019-10-20 10:18:21,764 [e534181c-9f5d-4f71-ad0d-cd71b851ae4d@group-56E652864FA2-LeaderElection7] INFO  impl.RoleInfo (RoleInfo.java:updateAndGet(143)) - e534181c-9f5d-4f71-ad0d-cd71b851ae4d: start LeaderState
2019-10-20 10:18:21,764 [e534181c-9f5d-4f71-ad0d-cd71b851ae4d@group-56E652864FA2-LeaderElection7] INFO  segmented.SegmentedRaftLogWorker (SegmentedRaftLogWorker.java:rollLogSegment(390)) - e534181c-9f5d-4f71-ad0d-cd71b851ae4d@group-56E652864FA2-SegmentedRaftLogWorker: Rolling segment log-0_0 to index:0
2019-10-20 10:18:21,766 [e534181c-9f5d-4f71-ad0d-cd71b851ae4d@group-56E652864FA2-LeaderElection7] INFO  impl.RaftServerImpl (ServerState.java:setRaftConf(357)) - e534181c-9f5d-4f71-ad0d-cd71b851ae4d@group-56E652864FA2: set configuration 1: [e534181c-9f5d-4f71-ad0d-cd71b851ae4d:192.168.69.89:44098], old=null at 1
2019-10-20 10:18:21,767 [e534181c-9f5d-4f71-ad0d-cd71b851ae4d@group-56E652864FA2-SegmentedRaftLogWorker] INFO  segmented.SegmentedRaftLogWorker (SegmentedRaftLogWorker.java:execute(533)) - e534181c-9f5d-4f71-ad0d-cd71b851ae4d@group-56E652864FA2-SegmentedRaftLogWorker: Rolled log segment from /workdir/hadoop-ozone/integration-test/target/test-dir/MiniOzoneClusterImpl-2addb35b-a6cc-4f8a-83ea-8293f411ed6d/datanode-1/data/ratis/da00ce1d-a2cf-4fac-ab4b-56e652864fa2/current/log_inprogress_0 to /workdir/hadoop-ozone/integration-test/target/test-dir/MiniOzoneClusterImpl-2addb35b-a6cc-4f8a-83ea-8293f411ed6d/datanode-1/data/ratis/da00ce1d-a2cf-4fac-ab4b-56e652864fa2/current/log_0-0
2019-10-20 10:18:21,803 [e534181c-9f5d-4f71-ad0d-cd71b851ae4d@group-56E652864FA2-SegmentedRaftLogWorker] INFO  segmented.SegmentedRaftLogWorker (SegmentedRaftLogWorker.java:execute(576)) - e534181c-9f5d-4f71-ad0d-cd71b851ae4d@group-56E652864FA2-SegmentedRaftLogWorker: created new log segment /workdir/hadoop-ozone/integration-test/target/test-dir/MiniOzoneClusterImpl-2addb35b-a6cc-4f8a-83ea-8293f411ed6d/datanode-1/data/ratis/da00ce1d-a2cf-4fac-ab4b-56e652864fa2/current/log_inprogress_1
2019-10-20 10:18:21,811 [java.util.concurrent.ThreadPoolExecutor$Worker@28f79926[State = -1, empty queue]] WARN  server.GrpcLogAppender (GrpcLogAppender.java:timeoutAppendRequest(209)) - e76b0d72-a5f7-47dd-bc74-8743a5d358b0@group-CC68B5F19AD3->e534181c-9f5d-4f71-ad0d-cd71b851ae4d-GrpcLogAppender: appendEntries Timeout, request=e76b0d72-a5f7-47dd-bc74-8743a5d358b0->e534181c-9f5d-4f71-ad0d-cd71b851ae4d#51-t2, previous=(t:2, i:10), leaderCommit=10, initializing? false, entries: <empty>
2019-10-20 10:18:21,842 [Thread-567] INFO  impl.FollowerState (FollowerState.java:run(108)) - e534181c-9f5d-4f71-ad0d-cd71b851ae4d@group-CC68B5F19AD3-FollowerState: change to CANDIDATE, lastRpcTime:92ms, electionTimeout:89ms
2019-10-20 10:18:21,842 [Thread-567] INFO  impl.RoleInfo (RoleInfo.java:shutdownFollowerState(121)) - e534181c-9f5d-4f71-ad0d-cd71b851ae4d: shutdown FollowerState
2019-10-20 10:18:21,843 [Thread-567] INFO  impl.RaftServerImpl (RaftServerImpl.java:setRole(184)) - e534181c-9f5d-4f71-ad0d-cd71b851ae4d@group-CC68B5F19AD3: changes role from  FOLLOWER to CANDIDATE at term 3 for changeToCandidate
2019-10-20 10:18:21,843 [Thread-567] INFO  impl.RoleInfo (RoleInfo.java:updateAndGet(143)) - e534181c-9f5d-4f71-ad0d-cd71b851ae4d: start LeaderElection
2019-10-20 10:18:21,860 [e534181c-9f5d-4f71-ad0d-cd71b851ae4d@group-CC68B5F19AD3-LeaderElection8] INFO  impl.LeaderElection (LeaderElection.java:askForVotes(178)) - e534181c-9f5d-4f71-ad0d-cd71b851ae4d@group-CC68B5F19AD3-LeaderElection8: begin an election at term 4 for 0: [e76b0d72-a5f7-47dd-bc74-8743a5d358b0:192.168.69.89:42489, e534181c-9f5d-4f71-ad0d-cd71b851ae4d:192.168.69.89:44098, f1d6a710-9313-44dc-a005-f0b22c06f92c:192.168.69.89:41254], old=null
2019-10-20 10:18:21,865 [grpc-default-executor-3] INFO  impl.RaftServerImpl (RaftServerImpl.java:setRole(184)) - f1d6a710-9313-44dc-a005-f0b22c06f92c@group-CC68B5F19AD3: changes role from  FOLLOWER to FOLLOWER at term 4 for recognizeCandidate:e534181c-9f5d-4f71-ad0d-cd71b851ae4d
2019-10-20 10:18:21,865 [grpc-default-executor-5] INFO  impl.RaftServerImpl (RaftServerImpl.java:setRole(184)) - e76b0d72-a5f7-47dd-bc74-8743a5d358b0@group-CC68B5F19AD3: changes role from  FOLLOWER to FOLLOWER at term 4 for recognizeCandidate:e534181c-9f5d-4f71-ad0d-cd71b851ae4d
2019-10-20 10:18:21,865 [grpc-default-executor-3] INFO  impl.RoleInfo (RoleInfo.java:shutdownFollowerState(121)) - f1d6a710-9313-44dc-a005-f0b22c06f92c: shutdown FollowerState
2019-10-20 10:18:21,865 [grpc-default-executor-5] INFO  impl.RoleInfo (RoleInfo.java:shutdownFollowerState(121)) - e76b0d72-a5f7-47dd-bc74-8743a5d358b0: shutdown FollowerState
2019-10-20 10:18:21,865 [grpc-default-executor-3] INFO  impl.RoleInfo (RoleInfo.java:updateAndGet(143)) - f1d6a710-9313-44dc-a005-f0b22c06f92c: start FollowerState
2019-10-20 10:18:21,865 [grpc-default-executor-5] INFO  impl.RoleInfo (RoleInfo.java:updateAndGet(143)) - e76b0d72-a5f7-47dd-bc74-8743a5d358b0: start FollowerState
2019-10-20 10:18:21,865 [Thread-565] INFO  impl.FollowerState (FollowerState.java:run(117)) - e76b0d72-a5f7-47dd-bc74-8743a5d358b0@group-CC68B5F19AD3-FollowerState was interrupted: java.lang.InterruptedException: sleep interrupted
2019-10-20 10:18:21,865 [Thread-563] INFO  impl.FollowerState (FollowerState.java:run(117)) - f1d6a710-9313-44dc-a005-f0b22c06f92c@group-CC68B5F19AD3-FollowerState was interrupted: java.lang.InterruptedException: sleep interrupted
2019-10-20 10:18:21,884 [e534181c-9f5d-4f71-ad0d-cd71b851ae4d@group-CC68B5F19AD3-LeaderElection8] INFO  impl.LeaderElection (LeaderElection.java:logAndReturn(56)) - e534181c-9f5d-4f71-ad0d-cd71b851ae4d@group-CC68B5F19AD3-LeaderElection8: Election REJECTED; received 2 response(s) [e534181c-9f5d-4f71-ad0d-cd71b851ae4d<-e76b0d72-a5f7-47dd-bc74-8743a5d358b0#0:FAIL-t4, e534181c-9f5d-4f71-ad0d-cd71b851ae4d<-f1d6a710-9313-44dc-a005-f0b22c06f92c#0:FAIL-t4] and 0 exception(s); e534181c-9f5d-4f71-ad0d-cd71b851ae4d@group-CC68B5F19AD3:t4, leader=null, voted=e534181c-9f5d-4f71-ad0d-cd71b851ae4d, raftlog=e534181c-9f5d-4f71-ad0d-cd71b851ae4d@group-CC68B5F19AD3-SegmentedRaftLog:OPENED:c3,f4,i4, conf=0: [e76b0d72-a5f7-47dd-bc74-8743a5d358b0:192.168.69.89:42489, e534181c-9f5d-4f71-ad0d-cd71b851ae4d:192.168.69.89:44098, f1d6a710-9313-44dc-a005-f0b22c06f92c:192.168.69.89:41254], old=null
2019-10-20 10:18:21,884 [e534181c-9f5d-4f71-ad0d-cd71b851ae4d@group-CC68B5F19AD3-LeaderElection8] INFO  impl.RaftServerImpl (RaftServerImpl.java:setRole(184)) - e534181c-9f5d-4f71-ad0d-cd71b851ae4d@group-CC68B5F19AD3: changes role from CANDIDATE to FOLLOWER at term 4 for DISCOVERED_A_NEW_TERM
2019-10-20 10:18:21,885 [e534181c-9f5d-4f71-ad0d-cd71b851ae4d@group-CC68B5F19AD3-LeaderElection8] INFO  impl.RoleInfo (RoleInfo.java:shutdownLeaderElection(134)) - e534181c-9f5d-4f71-ad0d-cd71b851ae4d: shutdown LeaderElection
2019-10-20 10:18:21,885 [e534181c-9f5d-4f71-ad0d-cd71b851ae4d@group-CC68B5F19AD3-LeaderElection8] INFO  impl.RoleInfo (RoleInfo.java:updateAndGet(143)) - e534181c-9f5d-4f71-ad0d-cd71b851ae4d: start FollowerState
2019-10-20 10:18:21,978 [Thread-574] INFO  impl.FollowerState (FollowerState.java:run(108)) - e534181c-9f5d-4f71-ad0d-cd71b851ae4d@group-CC68B5F19AD3-FollowerState: change to CANDIDATE, lastRpcTime:92ms, electionTimeout:92ms
2019-10-20 10:18:21,979 [Thread-574] INFO  impl.RoleInfo (RoleInfo.java:shutdownFollowerState(121)) - e534181c-9f5d-4f71-ad0d-cd71b851ae4d: shutdown FollowerState
2019-10-20 10:18:21,979 [Thread-574] INFO  impl.RaftServerImpl (RaftServerImpl.java:setRole(184)) - e534181c-9f5d-4f71-ad0d-cd71b851ae4d@group-CC68B5F19AD3: changes role from  FOLLOWER to CANDIDATE at term 4 for changeToCandidate
2019-10-20 10:18:21,979 [Thread-574] INFO  impl.RoleInfo (RoleInfo.java:updateAndGet(143)) - e534181c-9f5d-4f71-ad0d-cd71b851ae4d: start LeaderElection
2019-10-20 10:18:22,002 [e534181c-9f5d-4f71-ad0d-cd71b851ae4d@group-CC68B5F19AD3-LeaderElection9] INFO  impl.LeaderElection (LeaderElection.java:askForVotes(178)) - e534181c-9f5d-4f71-ad0d-cd71b851ae4d@group-CC68B5F19AD3-LeaderElection9: begin an election at term 5 for 0: [e76b0d72-a5f7-47dd-bc74-8743a5d358b0:192.168.69.89:42489, e534181c-9f5d-4f71-ad0d-cd71b851ae4d:192.168.69.89:44098, f1d6a710-9313-44dc-a005-f0b22c06f92c:192.168.69.89:41254], old=null
2019-10-20 10:18:22,006 [grpc-default-executor-3] INFO  impl.RaftServerImpl (RaftServerImpl.java:setRole(184)) - f1d6a710-9313-44dc-a005-f0b22c06f92c@group-CC68B5F19AD3: changes role from  FOLLOWER to FOLLOWER at term 5 for recognizeCandidate:e534181c-9f5d-4f71-ad0d-cd71b851ae4d
2019-10-20 10:18:22,006 [grpc-default-executor-5] INFO  impl.RaftServerImpl (RaftServerImpl.java:setRole(184)) - e76b0d72-a5f7-47dd-bc74-8743a5d358b0@group-CC68B5F19AD3: changes role from  FOLLOWER to FOLLOWER at term 5 for recognizeCandidate:e534181c-9f5d-4f71-ad0d-cd71b851ae4d
2019-10-20 10:18:22,006 [grpc-default-executor-3] INFO  impl.RoleInfo (RoleInfo.java:shutdownFollowerState(121)) - f1d6a710-9313-44dc-a005-f0b22c06f92c: shutdown FollowerState
2019-10-20 10:18:22,006 [grpc-default-executor-5] INFO  impl.RoleInfo (RoleInfo.java:shutdownFollowerState(121)) - e76b0d72-a5f7-47dd-bc74-8743a5d358b0: shutdown FollowerState
2019-10-20 10:18:22,007 [Thread-572] INFO  impl.FollowerState (FollowerState.java:run(117)) - f1d6a710-9313-44dc-a005-f0b22c06f92c@group-CC68B5F19AD3-FollowerState was interrupted: java.lang.InterruptedException: sleep interrupted
2019-10-20 10:18:22,007 [grpc-default-executor-3] INFO  impl.RoleInfo (RoleInfo.java:updateAndGet(143)) - f1d6a710-9313-44dc-a005-f0b22c06f92c: start FollowerState
2019-10-20 10:18:22,008 [Thread-573] INFO  impl.FollowerState (FollowerState.java:run(117)) - e76b0d72-a5f7-47dd-bc74-8743a5d358b0@group-CC68B5F19AD3-FollowerState was interrupted: java.lang.InterruptedException: sleep interrupted
2019-10-20 10:18:22,008 [grpc-default-executor-5] INFO  impl.RoleInfo (RoleInfo.java:updateAndGet(143)) - e76b0d72-a5f7-47dd-bc74-8743a5d358b0: start FollowerState
2019-10-20 10:18:22,010 [BlockDeletingService#2] WARN  background.BlockDeletingService (BlockDeletingService.java:isDeletionAllowed(187)) - Close Container log Index 6 is not replicated across allthe servers in the pipeline 119175b0-5d21-4334-a09f-cc68b5f19ad3 as the min replicated index is 4. Deletion is not allowed in this container yet.
2019-10-20 10:18:22,010 [BlockDeletingService#2] WARN  background.BlockDeletingService (BlockDeletingService.java:isDeletionAllowed(187)) - Close Container log Index 6 is not replicated across allthe servers in the pipeline 119175b0-5d21-4334-a09f-cc68b5f19ad3 as the min replicated index is 4. Deletion is not allowed in this container yet.
2019-10-20 10:18:22,027 [e534181c-9f5d-4f71-ad0d-cd71b851ae4d@group-CC68B5F19AD3-LeaderElection9] INFO  impl.LeaderElection (LeaderElection.java:logAndReturn(56)) - e534181c-9f5d-4f71-ad0d-cd71b851ae4d@group-CC68B5F19AD3-LeaderElection9: Election REJECTED; received 2 response(s) [e534181c-9f5d-4f71-ad0d-cd71b851ae4d<-e76b0d72-a5f7-47dd-bc74-8743a5d358b0#0:FAIL-t5, e534181c-9f5d-4f71-ad0d-cd71b851ae4d<-f1d6a710-9313-44dc-a005-f0b22c06f92c#0:FAIL-t5] and 0 exception(s); e534181c-9f5d-4f71-ad0d-cd71b851ae4d@group-CC68B5F19AD3:t5, leader=null, voted=e534181c-9f5d-4f71-ad0d-cd71b851ae4d, raftlog=e534181c-9f5d-4f71-ad0d-cd71b851ae4d@group-CC68B5F19AD3-SegmentedRaftLog:OPENED:c3,f4,i4, conf=0: [e76b0d72-a5f7-47dd-bc74-8743a5d358b0:192.168.69.89:42489, e534181c-9f5d-4f71-ad0d-cd71b851ae4d:192.168.69.89:44098, f1d6a710-9313-44dc-a005-f0b22c06f92c:192.168.69.89:41254], old=null
2019-10-20 10:18:22,027 [e534181c-9f5d-4f71-ad0d-cd71b851ae4d@group-CC68B5F19AD3-LeaderElection9] INFO  impl.RaftServerImpl (RaftServerImpl.java:setRole(184)) - e534181c-9f5d-4f71-ad0d-cd71b851ae4d@group-CC68B5F19AD3: changes role from CANDIDATE to FOLLOWER at term 5 for DISCOVERED_A_NEW_TERM
2019-10-20 10:18:22,028 [e534181c-9f5d-4f71-ad0d-cd71b851ae4d@group-CC68B5F19AD3-LeaderElection9] INFO  impl.RoleInfo (RoleInfo.java:shutdownLeaderElection(134)) - e534181c-9f5d-4f71-ad0d-cd71b851ae4d: shutdown LeaderElection
2019-10-20 10:18:22,028 [e534181c-9f5d-4f71-ad0d-cd71b851ae4d@group-CC68B5F19AD3-LeaderElection9] INFO  impl.RoleInfo (RoleInfo.java:updateAndGet(143)) - e534181c-9f5d-4f71-ad0d-cd71b851ae4d: start FollowerState
2019-10-20 10:18:22,162 [Thread-582] INFO  impl.FollowerState (FollowerState.java:run(108)) - e534181c-9f5d-4f71-ad0d-cd71b851ae4d@group-CC68B5F19AD3-FollowerState: change to CANDIDATE, lastRpcTime:134ms, electionTimeout:133ms
2019-10-20 10:18:22,164 [Thread-582] INFO  impl.RoleInfo (RoleInfo.java:shutdownFollowerState(121)) - e534181c-9f5d-4f71-ad0d-cd71b851ae4d: shutdown FollowerState
2019-10-20 10:18:22,164 [Thread-582] INFO  impl.RaftServerImpl (RaftServerImpl.java:setRole(184)) - e534181c-9f5d-4f71-ad0d-cd71b851ae4d@group-CC68B5F19AD3: changes role from  FOLLOWER to CANDIDATE at term 5 for changeToCandidate
2019-10-20 10:18:22,164 [Thread-582] INFO  impl.RoleInfo (RoleInfo.java:updateAndGet(143)) - e534181c-9f5d-4f71-ad0d-cd71b851ae4d: start LeaderElection
2019-10-20 10:18:22,178 [e534181c-9f5d-4f71-ad0d-cd71b851ae4d@group-CC68B5F19AD3-LeaderElection10] INFO  impl.LeaderElection (LeaderElection.java:askForVotes(178)) - e534181c-9f5d-4f71-ad0d-cd71b851ae4d@group-CC68B5F19AD3-LeaderElection10: begin an election at term 6 for 0: [e76b0d72-a5f7-47dd-bc74-8743a5d358b0:192.168.69.89:42489, e534181c-9f5d-4f71-ad0d-cd71b851ae4d:192.168.69.89:44098, f1d6a710-9313-44dc-a005-f0b22c06f92c:192.168.69.89:41254], old=null
2019-10-20 10:18:22,183 [grpc-default-executor-3] INFO  impl.RaftServerImpl (RaftServerImpl.java:setRole(184)) - f1d6a710-9313-44dc-a005-f0b22c06f92c@group-CC68B5F19AD3: changes role from  FOLLOWER to FOLLOWER at term 6 for recognizeCandidate:e534181c-9f5d-4f71-ad0d-cd71b851ae4d
2019-10-20 10:18:22,183 [grpc-default-executor-5] INFO  impl.RaftServerImpl (RaftServerImpl.java:setRole(184)) - e76b0d72-a5f7-47dd-bc74-8743a5d358b0@group-CC68B5F19AD3: changes role from  FOLLOWER to FOLLOWER at term 6 for recognizeCandidate:e534181c-9f5d-4f71-ad0d-cd71b851ae4d
2019-10-20 10:18:22,183 [grpc-default-executor-3] INFO  impl.RoleInfo (RoleInfo.java:shutdownFollowerState(121)) - f1d6a710-9313-44dc-a005-f0b22c06f92c: shutdown FollowerState
2019-10-20 10:18:22,183 [grpc-default-executor-5] INFO  impl.RoleInfo (RoleInfo.java:shutdownFollowerState(121)) - e76b0d72-a5f7-47dd-bc74-8743a5d358b0: shutdown FollowerState
2019-10-20 10:18:22,184 [Thread-580] INFO  impl.FollowerState (FollowerState.java:run(117)) - f1d6a710-9313-44dc-a005-f0b22c06f92c@group-CC68B5F19AD3-FollowerState was interrupted: java.lang.InterruptedException: sleep interrupted
2019-10-20 10:18:22,184 [Thread-581] INFO  impl.FollowerState (FollowerState.java:run(117)) - e76b0d72-a5f7-47dd-bc74-8743a5d358b0@group-CC68B5F19AD3-FollowerState was interrupted: java.lang.InterruptedException: sleep interrupted
2019-10-20 10:18:22,184 [grpc-default-executor-3] INFO  impl.RoleInfo (RoleInfo.java:updateAndGet(143)) - f1d6a710-9313-44dc-a005-f0b22c06f92c: start FollowerState
2019-10-20 10:18:22,184 [grpc-default-executor-5] INFO  impl.RoleInfo (RoleInfo.java:updateAndGet(143)) - e76b0d72-a5f7-47dd-bc74-8743a5d358b0: start FollowerState
2019-10-20 10:18:22,208 [e534181c-9f5d-4f71-ad0d-cd71b851ae4d@group-CC68B5F19AD3-LeaderElection10] INFO  impl.LeaderElection (LeaderElection.java:logAndReturn(56)) - e534181c-9f5d-4f71-ad0d-cd71b851ae4d@group-CC68B5F19AD3-LeaderElection10: Election REJECTED; received 2 response(s) [e534181c-9f5d-4f71-ad0d-cd71b851ae4d<-e76b0d72-a5f7-47dd-bc74-8743a5d358b0#0:FAIL-t6, e534181c-9f5d-4f71-ad0d-cd71b851ae4d<-f1d6a710-9313-44dc-a005-f0b22c06f92c#0:FAIL-t6] and 0 exception(s); e534181c-9f5d-4f71-ad0d-cd71b851ae4d@group-CC68B5F19AD3:t6, leader=null, voted=e534181c-9f5d-4f71-ad0d-cd71b851ae4d, raftlog=e534181c-9f5d-4f71-ad0d-cd71b851ae4d@group-CC68B5F19AD3-SegmentedRaftLog:OPENED:c3,f4,i4, conf=0: [e76b0d72-a5f7-47dd-bc74-8743a5d358b0:192.168.69.89:42489, e534181c-9f5d-4f71-ad0d-cd71b851ae4d:192.168.69.89:44098, f1d6a710-9313-44dc-a005-f0b22c06f92c:192.168.69.89:41254], old=null
2019-10-20 10:18:22,208 [e534181c-9f5d-4f71-ad0d-cd71b851ae4d@group-CC68B5F19AD3-LeaderElection10] INFO  impl.RaftServerImpl (RaftServerImpl.java:setRole(184)) - e534181c-9f5d-4f71-ad0d-cd71b851ae4d@group-CC68B5F19AD3: changes role from CANDIDATE to FOLLOWER at term 6 for DISCOVERED_A_NEW_TERM
2019-10-20 10:18:22,209 [e534181c-9f5d-4f71-ad0d-cd71b851ae4d@group-CC68B5F19AD3-LeaderElection10] INFO  impl.RoleInfo (RoleInfo.java:shutdownLeaderElection(134)) - e534181c-9f5d-4f71-ad0d-cd71b851ae4d: shutdown LeaderElection
2019-10-20 10:18:22,210 [e534181c-9f5d-4f71-ad0d-cd71b851ae4d@group-CC68B5F19AD3-LeaderElection10] INFO  impl.RoleInfo (RoleInfo.java:updateAndGet(143)) - e534181c-9f5d-4f71-ad0d-cd71b851ae4d: start FollowerState
2019-10-20 10:18:22,273 [Thread-588] INFO  impl.FollowerState (FollowerState.java:run(108)) - e534181c-9f5d-4f71-ad0d-cd71b851ae4d@group-CC68B5F19AD3-FollowerState: change to CANDIDATE, lastRpcTime:63ms, electionTimeout:62ms
2019-10-20 10:18:22,274 [Thread-588] INFO  impl.RoleInfo (RoleInfo.java:shutdownFollowerState(121)) - e534181c-9f5d-4f71-ad0d-cd71b851ae4d: shutdown FollowerState
2019-10-20 10:18:22,274 [Thread-588] INFO  impl.RaftServerImpl (RaftServerImpl.java:setRole(184)) - e534181c-9f5d-4f71-ad0d-cd71b851ae4d@group-CC68B5F19AD3: changes role from  FOLLOWER to CANDIDATE at term 6 for changeToCandidate
2019-10-20 10:18:22,274 [Thread-588] INFO  impl.RoleInfo (RoleInfo.java:updateAndGet(143)) - e534181c-9f5d-4f71-ad0d-cd71b851ae4d: start LeaderElection
2019-10-20 10:18:22,297 [e534181c-9f5d-4f71-ad0d-cd71b851ae4d@group-CC68B5F19AD3-LeaderElection11] INFO  impl.LeaderElection (LeaderElection.java:askForVotes(178)) - e534181c-9f5d-4f71-ad0d-cd71b851ae4d@group-CC68B5F19AD3-LeaderElection11: begin an election at term 7 for 0: [e76b0d72-a5f7-47dd-bc74-8743a5d358b0:192.168.69.89:42489, e534181c-9f5d-4f71-ad0d-cd71b851ae4d:192.168.69.89:44098, f1d6a710-9313-44dc-a005-f0b22c06f92c:192.168.69.89:41254], old=null
2019-10-20 10:18:22,300 [grpc-default-executor-5] INFO  impl.RaftServerImpl (RaftServerImpl.java:setRole(184)) - e76b0d72-a5f7-47dd-bc74-8743a5d358b0@group-CC68B5F19AD3: changes role from  FOLLOWER to FOLLOWER at term 7 for recognizeCandidate:e534181c-9f5d-4f71-ad0d-cd71b851ae4d
2019-10-20 10:18:22,301 [grpc-default-executor-5] INFO  impl.RoleInfo (RoleInfo.java:shutdownFollowerState(121)) - e76b0d72-a5f7-47dd-bc74-8743a5d358b0: shutdown FollowerState
2019-10-20 10:18:22,301 [grpc-default-executor-3] INFO  impl.RaftServerImpl (RaftServerImpl.java:setRole(184)) - f1d6a710-9313-44dc-a005-f0b22c06f92c@group-CC68B5F19AD3: changes role from  FOLLOWER to FOLLOWER at term 7 for recognizeCandidate:e534181c-9f5d-4f71-ad0d-cd71b851ae4d
2019-10-20 10:18:22,301 [grpc-default-executor-5] INFO  impl.RoleInfo (RoleInfo.java:updateAndGet(143)) - e76b0d72-a5f7-47dd-bc74-8743a5d358b0: start FollowerState
2019-10-20 10:18:22,301 [Thread-587] INFO  impl.FollowerState (FollowerState.java:run(117)) - e76b0d72-a5f7-47dd-bc74-8743a5d358b0@group-CC68B5F19AD3-FollowerState was interrupted: java.lang.InterruptedException: sleep interrupted
2019-10-20 10:18:22,301 [grpc-default-executor-3] INFO  impl.RoleInfo (RoleInfo.java:shutdownFollowerState(121)) - f1d6a710-9313-44dc-a005-f0b22c06f92c: shutdown FollowerState
2019-10-20 10:18:22,303 [grpc-default-executor-3] INFO  impl.RoleInfo (RoleInfo.java:updateAndGet(143)) - f1d6a710-9313-44dc-a005-f0b22c06f92c: start FollowerState
2019-10-20 10:18:22,303 [Thread-586] INFO  impl.FollowerState (FollowerState.java:run(117)) - f1d6a710-9313-44dc-a005-f0b22c06f92c@group-CC68B5F19AD3-FollowerState was interrupted: java.lang.InterruptedException: sleep interrupted
2019-10-20 10:18:22,322 [e534181c-9f5d-4f71-ad0d-cd71b851ae4d@group-CC68B5F19AD3-LeaderElection11] INFO  impl.LeaderElection (LeaderElection.java:logAndReturn(56)) - e534181c-9f5d-4f71-ad0d-cd71b851ae4d@group-CC68B5F19AD3-LeaderElection11: Election REJECTED; received 2 response(s) [e534181c-9f5d-4f71-ad0d-cd71b851ae4d<-e76b0d72-a5f7-47dd-bc74-8743a5d358b0#0:FAIL-t7, e534181c-9f5d-4f71-ad0d-cd71b851ae4d<-f1d6a710-9313-44dc-a005-f0b22c06f92c#0:FAIL-t7] and 0 exception(s); e534181c-9f5d-4f71-ad0d-cd71b851ae4d@group-CC68B5F19AD3:t7, leader=null, voted=e534181c-9f5d-4f71-ad0d-cd71b851ae4d, raftlog=e534181c-9f5d-4f71-ad0d-cd71b851ae4d@group-CC68B5F19AD3-SegmentedRaftLog:OPENED:c3,f4,i4, conf=0: [e76b0d72-a5f7-47dd-bc74-8743a5d358b0:192.168.69.89:42489, e534181c-9f5d-4f71-ad0d-cd71b851ae4d:192.168.69.89:44098, f1d6a710-9313-44dc-a005-f0b22c06f92c:192.168.69.89:41254], old=null
2019-10-20 10:18:22,323 [e534181c-9f5d-4f71-ad0d-cd71b851ae4d@group-CC68B5F19AD3-LeaderElection11] INFO  impl.RaftServerImpl (RaftServerImpl.java:setRole(184)) - e534181c-9f5d-4f71-ad0d-cd71b851ae4d@group-CC68B5F19AD3: changes role from CANDIDATE to FOLLOWER at term 7 for DISCOVERED_A_NEW_TERM
2019-10-20 10:18:22,324 [e534181c-9f5d-4f71-ad0d-cd71b851ae4d@group-CC68B5F19AD3-LeaderElection11] INFO  impl.RoleInfo (RoleInfo.java:shutdownLeaderElection(134)) - e534181c-9f5d-4f71-ad0d-cd71b851ae4d: shutdown LeaderElection
2019-10-20 10:18:22,324 [e534181c-9f5d-4f71-ad0d-cd71b851ae4d@group-CC68B5F19AD3-LeaderElection11] INFO  impl.RoleInfo (RoleInfo.java:updateAndGet(143)) - e534181c-9f5d-4f71-ad0d-cd71b851ae4d: start FollowerState
2019-10-20 10:18:22,344 [Thread-594] INFO  impl.FollowerState (FollowerState.java:run(108)) - e534181c-9f5d-4f71-ad0d-cd71b851ae4d@group-CC68B5F19AD3-FollowerState: change to CANDIDATE, lastRpcTime:20ms, electionTimeout:19ms
2019-10-20 10:18:22,345 [Thread-594] INFO  impl.RoleInfo (RoleInfo.java:shutdownFollowerState(121)) - e534181c-9f5d-4f71-ad0d-cd71b851ae4d: shutdown FollowerState
2019-10-20 10:18:22,345 [Thread-594] INFO  impl.RaftServerImpl (RaftServerImpl.java:setRole(184)) - e534181c-9f5d-4f71-ad0d-cd71b851ae4d@group-CC68B5F19AD3: changes role from  FOLLOWER to CANDIDATE at term 7 for changeToCandidate
2019-10-20 10:18:22,345 [Thread-594] INFO  impl.RoleInfo (RoleInfo.java:updateAndGet(143)) - e534181c-9f5d-4f71-ad0d-cd71b851ae4d: start LeaderElection
2019-10-20 10:18:22,360 [e534181c-9f5d-4f71-ad0d-cd71b851ae4d@group-CC68B5F19AD3-LeaderElection12] INFO  impl.LeaderElection (LeaderElection.java:askForVotes(178)) - e534181c-9f5d-4f71-ad0d-cd71b851ae4d@group-CC68B5F19AD3-LeaderElection12: begin an election at term 8 for 0: [e76b0d72-a5f7-47dd-bc74-8743a5d358b0:192.168.69.89:42489, e534181c-9f5d-4f71-ad0d-cd71b851ae4d:192.168.69.89:44098, f1d6a710-9313-44dc-a005-f0b22c06f92c:192.168.69.89:41254], old=null
2019-10-20 10:18:22,363 [grpc-default-executor-5] INFO  impl.RaftServerImpl (RaftServerImpl.java:setRole(184)) - e76b0d72-a5f7-47dd-bc74-8743a5d358b0@group-CC68B5F19AD3: changes role from  FOLLOWER to FOLLOWER at term 8 for recognizeCandidate:e534181c-9f5d-4f71-ad0d-cd71b851ae4d
2019-10-20 10:18:22,364 [grpc-default-executor-5] INFO  impl.RoleInfo (RoleInfo.java:shutdownFollowerState(121)) - e76b0d72-a5f7-47dd-bc74-8743a5d358b0: shutdown FollowerState
2019-10-20 10:18:22,365 [grpc-default-executor-5] INFO  impl.RoleInfo (RoleInfo.java:updateAndGet(143)) - e76b0d72-a5f7-47dd-bc74-8743a5d358b0: start FollowerState
2019-10-20 10:18:22,365 [grpc-default-executor-3] INFO  impl.RaftServerImpl (RaftServerImpl.java:setRole(184)) - f1d6a710-9313-44dc-a005-f0b22c06f92c@group-CC68B5F19AD3: changes role from  FOLLOWER to FOLLOWER at term 8 for recognizeCandidate:e534181c-9f5d-4f71-ad0d-cd71b851ae4d
2019-10-20 10:18:22,365 [Thread-592] INFO  impl.FollowerState (FollowerState.java:run(117)) - e76b0d72-a5f7-47dd-bc74-8743a5d358b0@group-CC68B5F19AD3-FollowerState was interrupted: java.lang.InterruptedException: sleep interrupted
2019-10-20 10:18:22,365 [grpc-default-executor-3] INFO  impl.RoleInfo (RoleInfo.java:shutdownFollowerState(121)) - f1d6a710-9313-44dc-a005-f0b22c06f92c: shutdown FollowerState
2019-10-20 10:18:22,366 [Thread-593] INFO  impl.FollowerState (FollowerState.java:run(117)) - f1d6a710-9313-44dc-a005-f0b22c06f92c@group-CC68B5F19AD3-FollowerState was interrupted: java.lang.InterruptedException: sleep interrupted
2019-10-20 10:18:22,366 [grpc-default-executor-3] INFO  impl.RoleInfo (RoleInfo.java:updateAndGet(143)) - f1d6a710-9313-44dc-a005-f0b22c06f92c: start FollowerState
2019-10-20 10:18:22,372 [e534181c-9f5d-4f71-ad0d-cd71b851ae4d@group-CC68B5F19AD3-LeaderElection12] INFO  impl.LeaderElection (LeaderElection.java:logAndReturn(56)) - e534181c-9f5d-4f71-ad0d-cd71b851ae4d@group-CC68B5F19AD3-LeaderElection12: Election TIMEOUT; received 0 response(s) [] and 0 exception(s); e534181c-9f5d-4f71-ad0d-cd71b851ae4d@group-CC68B5F19AD3:t8, leader=null, voted=e534181c-9f5d-4f71-ad0d-cd71b851ae4d, raftlog=e534181c-9f5d-4f71-ad0d-cd71b851ae4d@group-CC68B5F19AD3-SegmentedRaftLog:OPENED:c3,f4,i4, conf=0: [e76b0d72-a5f7-47dd-bc74-8743a5d358b0:192.168.69.89:42489, e534181c-9f5d-4f71-ad0d-cd71b851ae4d:192.168.69.89:44098, f1d6a710-9313-44dc-a005-f0b22c06f92c:192.168.69.89:41254], old=null
2019-10-20 10:18:22,380 [e534181c-9f5d-4f71-ad0d-cd71b851ae4d@group-CC68B5F19AD3-LeaderElection12] INFO  impl.LeaderElection (LeaderElection.java:askForVotes(178)) - e534181c-9f5d-4f71-ad0d-cd71b851ae4d@group-CC68B5F19AD3-LeaderElection12: begin an election at term 9 for 0: [e76b0d72-a5f7-47dd-bc74-8743a5d358b0:192.168.69.89:42489, e534181c-9f5d-4f71-ad0d-cd71b851ae4d:192.168.69.89:44098, f1d6a710-9313-44dc-a005-f0b22c06f92c:192.168.69.89:41254], old=null
2019-10-20 10:18:22,385 [grpc-default-executor-5] INFO  impl.RaftServerImpl (RaftServerImpl.java:setRole(184)) - e76b0d72-a5f7-47dd-bc74-8743a5d358b0@group-CC68B5F19AD3: changes role from  FOLLOWER to FOLLOWER at term 9 for recognizeCandidate:e534181c-9f5d-4f71-ad0d-cd71b851ae4d
2019-10-20 10:18:22,386 [grpc-default-executor-5] INFO  impl.RoleInfo (RoleInfo.java:shutdownFollowerState(121)) - e76b0d72-a5f7-47dd-bc74-8743a5d358b0: shutdown FollowerState
2019-10-20 10:18:22,386 [Thread-598] INFO  impl.FollowerState (FollowerState.java:run(117)) - e76b0d72-a5f7-47dd-bc74-8743a5d358b0@group-CC68B5F19AD3-FollowerState was interrupted: java.lang.InterruptedException: sleep interrupted
2019-10-20 10:18:22,386 [grpc-default-executor-5] INFO  impl.RoleInfo (RoleInfo.java:updateAndGet(143)) - e76b0d72-a5f7-47dd-bc74-8743a5d358b0: start FollowerState
2019-10-20 10:18:22,388 [grpc-default-executor-3] INFO  impl.RaftServerImpl (RaftServerImpl.java:setRole(184)) - f1d6a710-9313-44dc-a005-f0b22c06f92c@group-CC68B5F19AD3: changes role from  FOLLOWER to FOLLOWER at term 9 for recognizeCandidate:e534181c-9f5d-4f71-ad0d-cd71b851ae4d
2019-10-20 10:18:22,389 [grpc-default-executor-3] INFO  impl.RoleInfo (RoleInfo.java:shutdownFollowerState(121)) - f1d6a710-9313-44dc-a005-f0b22c06f92c: shutdown FollowerState
2019-10-20 10:18:22,389 [Thread-599] INFO  impl.FollowerState (FollowerState.java:run(117)) - f1d6a710-9313-44dc-a005-f0b22c06f92c@group-CC68B5F19AD3-FollowerState was interrupted: java.lang.InterruptedException: sleep interrupted
2019-10-20 10:18:22,389 [grpc-default-executor-3] INFO  impl.RoleInfo (RoleInfo.java:updateAndGet(143)) - f1d6a710-9313-44dc-a005-f0b22c06f92c: start FollowerState
2019-10-20 10:18:22,403 [e534181c-9f5d-4f71-ad0d-cd71b851ae4d@group-CC68B5F19AD3-LeaderElection12] INFO  impl.LeaderElection (LeaderElection.java:logAndReturn(56)) - e534181c-9f5d-4f71-ad0d-cd71b851ae4d@group-CC68B5F19AD3-LeaderElection12: Election REJECTED; received 2 response(s) [e534181c-9f5d-4f71-ad0d-cd71b851ae4d<-e76b0d72-a5f7-47dd-bc74-8743a5d358b0#0:FAIL-t9, e534181c-9f5d-4f71-ad0d-cd71b851ae4d<-f1d6a710-9313-44dc-a005-f0b22c06f92c#0:FAIL-t9] and 0 exception(s); e534181c-9f5d-4f71-ad0d-cd71b851ae4d@group-CC68B5F19AD3:t9, leader=null, voted=e534181c-9f5d-4f71-ad0d-cd71b851ae4d, raftlog=e534181c-9f5d-4f71-ad0d-cd71b851ae4d@group-CC68B5F19AD3-SegmentedRaftLog:OPENED:c3,f4,i4, conf=0: [e76b0d72-a5f7-47dd-bc74-8743a5d358b0:192.168.69.89:42489, e534181c-9f5d-4f71-ad0d-cd71b851ae4d:192.168.69.89:44098, f1d6a710-9313-44dc-a005-f0b22c06f92c:192.168.69.89:41254], old=null
2019-10-20 10:18:22,403 [e534181c-9f5d-4f71-ad0d-cd71b851ae4d@group-CC68B5F19AD3-LeaderElection12] INFO  impl.RaftServerImpl (RaftServerImpl.java:setRole(184)) - e534181c-9f5d-4f71-ad0d-cd71b851ae4d@group-CC68B5F19AD3: changes role from CANDIDATE to FOLLOWER at term 9 for DISCOVERED_A_NEW_TERM
2019-10-20 10:18:22,404 [e534181c-9f5d-4f71-ad0d-cd71b851ae4d@group-CC68B5F19AD3-LeaderElection12] INFO  impl.RoleInfo (RoleInfo.java:shutdownLeaderElection(134)) - e534181c-9f5d-4f71-ad0d-cd71b851ae4d: shutdown LeaderElection
2019-10-20 10:18:22,404 [e534181c-9f5d-4f71-ad0d-cd71b851ae4d@group-CC68B5F19AD3-LeaderElection12] INFO  impl.RoleInfo (RoleInfo.java:updateAndGet(143)) - e534181c-9f5d-4f71-ad0d-cd71b851ae4d: start FollowerState
2019-10-20 10:18:22,502 [Thread-604] INFO  impl.FollowerState (FollowerState.java:run(108)) - e534181c-9f5d-4f71-ad0d-cd71b851ae4d@group-CC68B5F19AD3-FollowerState: change to CANDIDATE, lastRpcTime:98ms, electionTimeout:97ms
2019-10-20 10:18:22,504 [Thread-604] INFO  impl.RoleInfo (RoleInfo.java:shutdownFollowerState(121)) - e534181c-9f5d-4f71-ad0d-cd71b851ae4d: shutdown FollowerState
2019-10-20 10:18:22,504 [Thread-604] INFO  impl.RaftServerImpl (RaftServerImpl.java:setRole(184)) - e534181c-9f5d-4f71-ad0d-cd71b851ae4d@group-CC68B5F19AD3: changes role from  FOLLOWER to CANDIDATE at term 9 for changeToCandidate
2019-10-20 10:18:22,504 [Thread-604] INFO  impl.RoleInfo (RoleInfo.java:updateAndGet(143)) - e534181c-9f5d-4f71-ad0d-cd71b851ae4d: start LeaderElection
2019-10-20 10:18:22,518 [e534181c-9f5d-4f71-ad0d-cd71b851ae4d@group-CC68B5F19AD3-LeaderElection13] INFO  impl.LeaderElection (LeaderElection.java:askForVotes(178)) - e534181c-9f5d-4f71-ad0d-cd71b851ae4d@group-CC68B5F19AD3-LeaderElection13: begin an election at term 10 for 0: [e76b0d72-a5f7-47dd-bc74-8743a5d358b0:192.168.69.89:42489, e534181c-9f5d-4f71-ad0d-cd71b851ae4d:192.168.69.89:44098, f1d6a710-9313-44dc-a005-f0b22c06f92c:192.168.69.89:41254], old=null
2019-10-20 10:18:22,523 [grpc-default-executor-3] INFO  impl.RaftServerImpl (RaftServerImpl.java:setRole(184)) - e76b0d72-a5f7-47dd-bc74-8743a5d358b0@group-CC68B5F19AD3: changes role from  FOLLOWER to FOLLOWER at term 10 for recognizeCandidate:e534181c-9f5d-4f71-ad0d-cd71b851ae4d
2019-10-20 10:18:22,523 [grpc-default-executor-5] INFO  impl.RaftServerImpl (RaftServerImpl.java:setRole(184)) - f1d6a710-9313-44dc-a005-f0b22c06f92c@group-CC68B5F19AD3: changes role from  FOLLOWER to FOLLOWER at term 10 for recognizeCandidate:e534181c-9f5d-4f71-ad0d-cd71b851ae4d
2019-10-20 10:18:22,523 [grpc-default-executor-3] INFO  impl.RoleInfo (RoleInfo.java:shutdownFollowerState(121)) - e76b0d72-a5f7-47dd-bc74-8743a5d358b0: shutdown FollowerState
2019-10-20 10:18:22,523 [grpc-default-executor-5] INFO  impl.RoleInfo (RoleInfo.java:shutdownFollowerState(121)) - f1d6a710-9313-44dc-a005-f0b22c06f92c: shutdown FollowerState
2019-10-20 10:18:22,523 [grpc-default-executor-3] INFO  impl.RoleInfo (RoleInfo.java:updateAndGet(143)) - e76b0d72-a5f7-47dd-bc74-8743a5d358b0: start FollowerState
2019-10-20 10:18:22,523 [grpc-default-executor-5] INFO  impl.RoleInfo (RoleInfo.java:updateAndGet(143)) - f1d6a710-9313-44dc-a005-f0b22c06f92c: start FollowerState
2019-10-20 10:18:22,523 [Thread-602] INFO  impl.FollowerState (FollowerState.java:run(117)) - e76b0d72-a5f7-47dd-bc74-8743a5d358b0@group-CC68B5F19AD3-FollowerState was interrupted: java.lang.InterruptedException: sleep interrupted
2019-10-20 10:18:22,523 [Thread-603] INFO  impl.FollowerState (FollowerState.java:run(117)) - f1d6a710-9313-44dc-a005-f0b22c06f92c@group-CC68B5F19AD3-FollowerState was interrupted: java.lang.InterruptedException: sleep interrupted
2019-10-20 10:18:22,540 [e534181c-9f5d-4f71-ad0d-cd71b851ae4d@group-CC68B5F19AD3-LeaderElection13] INFO  impl.LeaderElection (LeaderElection.java:logAndReturn(56)) - e534181c-9f5d-4f71-ad0d-cd71b851ae4d@group-CC68B5F19AD3-LeaderElection13: Election REJECTED; received 2 response(s) [e534181c-9f5d-4f71-ad0d-cd71b851ae4d<-e76b0d72-a5f7-47dd-bc74-8743a5d358b0#0:FAIL-t10, e534181c-9f5d-4f71-ad0d-cd71b851ae4d<-f1d6a710-9313-44dc-a005-f0b22c06f92c#0:FAIL-t10] and 0 exception(s); e534181c-9f5d-4f71-ad0d-cd71b851ae4d@group-CC68B5F19AD3:t10, leader=null, voted=e534181c-9f5d-4f71-ad0d-cd71b851ae4d, raftlog=e534181c-9f5d-4f71-ad0d-cd71b851ae4d@group-CC68B5F19AD3-SegmentedRaftLog:OPENED:c3,f4,i4, conf=0: [e76b0d72-a5f7-47dd-bc74-8743a5d358b0:192.168.69.89:42489, e534181c-9f5d-4f71-ad0d-cd71b851ae4d:192.168.69.89:44098, f1d6a710-9313-44dc-a005-f0b22c06f92c:192.168.69.89:41254], old=null
2019-10-20 10:18:22,541 [e534181c-9f5d-4f71-ad0d-cd71b851ae4d@group-CC68B5F19AD3-LeaderElection13] INFO  impl.RaftServerImpl (RaftServerImpl.java:setRole(184)) - e534181c-9f5d-4f71-ad0d-cd71b851ae4d@group-CC68B5F19AD3: changes role from CANDIDATE to FOLLOWER at term 10 for DISCOVERED_A_NEW_TERM
2019-10-20 10:18:22,542 [e534181c-9f5d-4f71-ad0d-cd71b851ae4d@group-CC68B5F19AD3-LeaderElection13] INFO  impl.RoleInfo (RoleInfo.java:shutdownLeaderElection(134)) - e534181c-9f5d-4f71-ad0d-cd71b851ae4d: shutdown LeaderElection
2019-10-20 10:18:22,542 [e534181c-9f5d-4f71-ad0d-cd71b851ae4d@group-CC68B5F19AD3-LeaderElection13] INFO  impl.RoleInfo (RoleInfo.java:updateAndGet(143)) - e534181c-9f5d-4f71-ad0d-cd71b851ae4d: start FollowerState
2019-10-20 10:18:22,566 [Thread-610] INFO  impl.FollowerState (FollowerState.java:run(108)) - e534181c-9f5d-4f71-ad0d-cd71b851ae4d@group-CC68B5F19AD3-FollowerState: change to CANDIDATE, lastRpcTime:23ms, electionTimeout:20ms
2019-10-20 10:18:22,567 [Thread-610] INFO  impl.RoleInfo (RoleInfo.java:shutdownFollowerState(121)) - e534181c-9f5d-4f71-ad0d-cd71b851ae4d: shutdown FollowerState
2019-10-20 10:18:22,567 [Thread-610] INFO  impl.RaftServerImpl (RaftServerImpl.java:setRole(184)) - e534181c-9f5d-4f71-ad0d-cd71b851ae4d@group-CC68B5F19AD3: changes role from  FOLLOWER to CANDIDATE at term 10 for changeToCandidate
2019-10-20 10:18:22,567 [Thread-610] INFO  impl.RoleInfo (RoleInfo.java:updateAndGet(143)) - e534181c-9f5d-4f71-ad0d-cd71b851ae4d: start LeaderElection
2019-10-20 10:18:22,582 [e534181c-9f5d-4f71-ad0d-cd71b851ae4d@group-CC68B5F19AD3-LeaderElection14] INFO  impl.LeaderElection (LeaderElection.java:askForVotes(178)) - e534181c-9f5d-4f71-ad0d-cd71b851ae4d@group-CC68B5F19AD3-LeaderElection14: begin an election at term 11 for 0: [e76b0d72-a5f7-47dd-bc74-8743a5d358b0:192.168.69.89:42489, e534181c-9f5d-4f71-ad0d-cd71b851ae4d:192.168.69.89:44098, f1d6a710-9313-44dc-a005-f0b22c06f92c:192.168.69.89:41254], old=null
2019-10-20 10:18:22,589 [grpc-default-executor-3] INFO  impl.RaftServerImpl (RaftServerImpl.java:setRole(184)) - e76b0d72-a5f7-47dd-bc74-8743a5d358b0@group-CC68B5F19AD3: changes role from  FOLLOWER to FOLLOWER at term 11 for recognizeCandidate:e534181c-9f5d-4f71-ad0d-cd71b851ae4d
2019-10-20 10:18:22,589 [grpc-default-executor-5] INFO  impl.RaftServerImpl (RaftServerImpl.java:setRole(184)) - f1d6a710-9313-44dc-a005-f0b22c06f92c@group-CC68B5F19AD3: changes role from  FOLLOWER to FOLLOWER at term 11 for recognizeCandidate:e534181c-9f5d-4f71-ad0d-cd71b851ae4d
2019-10-20 10:18:22,589 [grpc-default-executor-3] INFO  impl.RoleInfo (RoleInfo.java:shutdownFollowerState(121)) - e76b0d72-a5f7-47dd-bc74-8743a5d358b0: shutdown FollowerState
2019-10-20 10:18:22,589 [grpc-default-executor-5] INFO  impl.RoleInfo (RoleInfo.java:shutdownFollowerState(121)) - f1d6a710-9313-44dc-a005-f0b22c06f92c: shutdown FollowerState
2019-10-20 10:18:22,589 [Thread-608] INFO  impl.FollowerState (FollowerState.java:run(117)) - e76b0d72-a5f7-47dd-bc74-8743a5d358b0@group-CC68B5F19AD3-FollowerState was interrupted: java.lang.InterruptedException: sleep interrupted
2019-10-20 10:18:22,589 [grpc-default-executor-5] INFO  impl.RoleInfo (RoleInfo.java:updateAndGet(143)) - f1d6a710-9313-44dc-a005-f0b22c06f92c: start FollowerState
2019-10-20 10:18:22,589 [grpc-default-executor-3] INFO  impl.RoleInfo (RoleInfo.java:updateAndGet(143)) - e76b0d72-a5f7-47dd-bc74-8743a5d358b0: start FollowerState
2019-10-20 10:18:22,589 [Thread-609] INFO  impl.FollowerState (FollowerState.java:run(117)) - f1d6a710-9313-44dc-a005-f0b22c06f92c@group-CC68B5F19AD3-FollowerState was interrupted: java.lang.InterruptedException: sleep interrupted
2019-10-20 10:18:22,606 [e534181c-9f5d-4f71-ad0d-cd71b851ae4d@group-CC68B5F19AD3-LeaderElection14] INFO  impl.LeaderElection (LeaderElection.java:logAndReturn(56)) - e534181c-9f5d-4f71-ad0d-cd71b851ae4d@group-CC68B5F19AD3-LeaderElection14: Election REJECTED; received 2 response(s) [e534181c-9f5d-4f71-ad0d-cd71b851ae4d<-e76b0d72-a5f7-47dd-bc74-8743a5d358b0#0:FAIL-t11, e534181c-9f5d-4f71-ad0d-cd71b851ae4d<-f1d6a710-9313-44dc-a005-f0b22c06f92c#0:FAIL-t11] and 0 exception(s); e534181c-9f5d-4f71-ad0d-cd71b851ae4d@group-CC68B5F19AD3:t11, leader=null, voted=e534181c-9f5d-4f71-ad0d-cd71b851ae4d, raftlog=e534181c-9f5d-4f71-ad0d-cd71b851ae4d@group-CC68B5F19AD3-SegmentedRaftLog:OPENED:c3,f4,i4, conf=0: [e76b0d72-a5f7-47dd-bc74-8743a5d358b0:192.168.69.89:42489, e534181c-9f5d-4f71-ad0d-cd71b851ae4d:192.168.69.89:44098, f1d6a710-9313-44dc-a005-f0b22c06f92c:192.168.69.89:41254], old=null
2019-10-20 10:18:22,606 [e534181c-9f5d-4f71-ad0d-cd71b851ae4d@group-CC68B5F19AD3-LeaderElection14] INFO  impl.RaftServerImpl (RaftServerImpl.java:setRole(184)) - e534181c-9f5d-4f71-ad0d-cd71b851ae4d@group-CC68B5F19AD3: changes role from CANDIDATE to FOLLOWER at term 11 for DISCOVERED_A_NEW_TERM
2019-10-20 10:18:22,606 [e534181c-9f5d-4f71-ad0d-cd71b851ae4d@group-CC68B5F19AD3-LeaderElection14] INFO  impl.RoleInfo (RoleInfo.java:shutdownLeaderElection(134)) - e534181c-9f5d-4f71-ad0d-cd71b851ae4d: shutdown LeaderElection
2019-10-20 10:18:22,607 [e534181c-9f5d-4f71-ad0d-cd71b851ae4d@group-CC68B5F19AD3-LeaderElection14] INFO  impl.RoleInfo (RoleInfo.java:updateAndGet(143)) - e534181c-9f5d-4f71-ad0d-cd71b851ae4d: start FollowerState
2019-10-20 10:18:22,710 [pool-7-thread-1] INFO  commands.RetriableDatanodeEventWatcher (RetriableDatanodeEventWatcher.java:onTimeout(47)) - RetriableDatanodeCommand type=deleteBlocksCommand with id=1571566698709 timed out. Retrying.
2019-10-20 10:18:22,712 [pool-7-thread-2] INFO  commands.RetriableDatanodeEventWatcher (RetriableDatanodeEventWatcher.java:onTimeout(47)) - RetriableDatanodeCommand type=deleteBlocksCommand with id=1571566698707 timed out. Retrying.
2019-10-20 10:18:22,713 [Thread-616] INFO  impl.FollowerState (FollowerState.java:run(108)) - e534181c-9f5d-4f71-ad0d-cd71b851ae4d@group-CC68B5F19AD3-FollowerState: change to CANDIDATE, lastRpcTime:106ms, electionTimeout:106ms
2019-10-20 10:18:22,713 [Thread-616] INFO  impl.RoleInfo (RoleInfo.java:shutdownFollowerState(121)) - e534181c-9f5d-4f71-ad0d-cd71b851ae4d: shutdown FollowerState
2019-10-20 10:18:22,713 [Thread-616] INFO  impl.RaftServerImpl (RaftServerImpl.java:setRole(184)) - e534181c-9f5d-4f71-ad0d-cd71b851ae4d@group-CC68B5F19AD3: changes role from  FOLLOWER to CANDIDATE at term 11 for changeToCandidate
2019-10-20 10:18:22,713 [Thread-616] INFO  impl.RoleInfo (RoleInfo.java:updateAndGet(143)) - e534181c-9f5d-4f71-ad0d-cd71b851ae4d: start LeaderElection
2019-10-20 10:18:22,719 [pool-7-thread-2] INFO  commands.RetriableDatanodeEventWatcher (RetriableDatanodeEventWatcher.java:onTimeout(47)) - RetriableDatanodeCommand type=deleteBlocksCommand with id=1571566698710 timed out. Retrying.
2019-10-20 10:18:22,721 [pool-7-thread-2] INFO  commands.RetriableDatanodeEventWatcher (RetriableDatanodeEventWatcher.java:onTimeout(47)) - RetriableDatanodeCommand type=deleteBlocksCommand with id=1571566698711 timed out. Retrying.
2019-10-20 10:18:22,723 [SCMBlockDeletingService#0] INFO  block.SCMBlockDeletingService (SCMBlockDeletingService.java:call(184)) - Totally added 1 delete blocks command for 1 datanodes, task elapsed time: 0ms
2019-10-20 10:18:22,728 [e534181c-9f5d-4f71-ad0d-cd71b851ae4d@group-CC68B5F19AD3-LeaderElection15] INFO  impl.LeaderElection (LeaderElection.java:askForVotes(178)) - e534181c-9f5d-4f71-ad0d-cd71b851ae4d@group-CC68B5F19AD3-LeaderElection15: begin an election at term 12 for 0: [e76b0d72-a5f7-47dd-bc74-8743a5d358b0:192.168.69.89:42489, e534181c-9f5d-4f71-ad0d-cd71b851ae4d:192.168.69.89:44098, f1d6a710-9313-44dc-a005-f0b22c06f92c:192.168.69.89:41254], old=null
2019-10-20 10:18:22,732 [grpc-default-executor-5] INFO  impl.RaftServerImpl (RaftServerImpl.java:setRole(184)) - f1d6a710-9313-44dc-a005-f0b22c06f92c@group-CC68B5F19AD3: changes role from  FOLLOWER to FOLLOWER at term 12 for recognizeCandidate:e534181c-9f5d-4f71-ad0d-cd71b851ae4d
2019-10-20 10:18:22,732 [grpc-default-executor-3] INFO  impl.RaftServerImpl (RaftServerImpl.java:setRole(184)) - e76b0d72-a5f7-47dd-bc74-8743a5d358b0@group-CC68B5F19AD3: changes role from  FOLLOWER to FOLLOWER at term 12 for recognizeCandidate:e534181c-9f5d-4f71-ad0d-cd71b851ae4d
2019-10-20 10:18:22,732 [grpc-default-executor-5] INFO  impl.RoleInfo (RoleInfo.java:shutdownFollowerState(121)) - f1d6a710-9313-44dc-a005-f0b22c06f92c: shutdown FollowerState
2019-10-20 10:18:22,732 [grpc-default-executor-3] INFO  impl.RoleInfo (RoleInfo.java:shutdownFollowerState(121)) - e76b0d72-a5f7-47dd-bc74-8743a5d358b0: shutdown FollowerState
2019-10-20 10:18:22,732 [grpc-default-executor-5] INFO  impl.RoleInfo (RoleInfo.java:updateAndGet(143)) - f1d6a710-9313-44dc-a005-f0b22c06f92c: start FollowerState
2019-10-20 10:18:22,732 [Thread-615] INFO  impl.FollowerState (FollowerState.java:run(117)) - f1d6a710-9313-44dc-a005-f0b22c06f92c@group-CC68B5F19AD3-FollowerState was interrupted: java.lang.InterruptedException: sleep interrupted
2019-10-20 10:18:22,732 [Thread-614] INFO  impl.FollowerState (FollowerState.java:run(117)) - e76b0d72-a5f7-47dd-bc74-8743a5d358b0@group-CC68B5F19AD3-FollowerState was interrupted: java.lang.InterruptedException: sleep interrupted
2019-10-20 10:18:22,732 [grpc-default-executor-3] INFO  impl.RoleInfo (RoleInfo.java:updateAndGet(143)) - e76b0d72-a5f7-47dd-bc74-8743a5d358b0: start FollowerState
2019-10-20 10:18:22,745 [Thread-624] INFO  client.GrpcClientProtocolService (GrpcClientProtocolService.java:lambda$processClientRequest$0(278)) - Failed RaftClientRequest:client-67F6425C4112->f1d6a710-9313-44dc-a005-f0b22c06f92c@group-CC68B5F19AD3, cid=10, seq=0, Watch-ALL_COMMITTED(6), Message:<EMPTY>, reply=RaftClientReply:client-67F6425C4112->f1d6a710-9313-44dc-a005-f0b22c06f92c@group-CC68B5F19AD3, cid=10, FAILED org.apache.ratis.protocol.NotLeaderException: Server f1d6a710-9313-44dc-a005-f0b22c06f92c@group-CC68B5F19AD3 is not the leader, logIndex=0, commits[f1d6a710-9313-44dc-a005-f0b22c06f92c:c10, e76b0d72-a5f7-47dd-bc74-8743a5d358b0:c10, e534181c-9f5d-4f71-ad0d-cd71b851ae4d:c4]
2019-10-20 10:18:22,753 [e534181c-9f5d-4f71-ad0d-cd71b851ae4d@group-CC68B5F19AD3-LeaderElection15] INFO  impl.LeaderElection (LeaderElection.java:logAndReturn(56)) - e534181c-9f5d-4f71-ad0d-cd71b851ae4d@group-CC68B5F19AD3-LeaderElection15: Election REJECTED; received 2 response(s) [e534181c-9f5d-4f71-ad0d-cd71b851ae4d<-e76b0d72-a5f7-47dd-bc74-8743a5d358b0#0:FAIL-t12, e534181c-9f5d-4f71-ad0d-cd71b851ae4d<-f1d6a710-9313-44dc-a005-f0b22c06f92c#0:FAIL-t12] and 0 exception(s); e534181c-9f5d-4f71-ad0d-cd71b851ae4d@group-CC68B5F19AD3:t12, leader=null, voted=e534181c-9f5d-4f71-ad0d-cd71b851ae4d, raftlog=e534181c-9f5d-4f71-ad0d-cd71b851ae4d@group-CC68B5F19AD3-SegmentedRaftLog:OPENED:c3,f4,i4, conf=0: [e76b0d72-a5f7-47dd-bc74-8743a5d358b0:192.168.69.89:42489, e534181c-9f5d-4f71-ad0d-cd71b851ae4d:192.168.69.89:44098, f1d6a710-9313-44dc-a005-f0b22c06f92c:192.168.69.89:41254], old=null
2019-10-20 10:18:22,753 [e534181c-9f5d-4f71-ad0d-cd71b851ae4d@group-CC68B5F19AD3-LeaderElection15] INFO  impl.RaftServerImpl (RaftServerImpl.java:setRole(184)) - e534181c-9f5d-4f71-ad0d-cd71b851ae4d@group-CC68B5F19AD3: changes role from CANDIDATE to FOLLOWER at term 12 for DISCOVERED_A_NEW_TERM
2019-10-20 10:18:22,753 [e534181c-9f5d-4f71-ad0d-cd71b851ae4d@group-CC68B5F19AD3-LeaderElection15] INFO  impl.RoleInfo (RoleInfo.java:shutdownLeaderElection(134)) - e534181c-9f5d-4f71-ad0d-cd71b851ae4d: shutdown LeaderElection
2019-10-20 10:18:22,753 [e534181c-9f5d-4f71-ad0d-cd71b851ae4d@group-CC68B5F19AD3-LeaderElection15] INFO  impl.RoleInfo (RoleInfo.java:updateAndGet(143)) - e534181c-9f5d-4f71-ad0d-cd71b851ae4d: start FollowerState
2019-10-20 10:18:22,950 [Thread-626] INFO  impl.FollowerState (FollowerState.java:run(108)) - e534181c-9f5d-4f71-ad0d-cd71b851ae4d@group-CC68B5F19AD3-FollowerState: change to CANDIDATE, lastRpcTime:196ms, electionTimeout:194ms
2019-10-20 10:18:22,951 [Thread-626] INFO  impl.RoleInfo (RoleInfo.java:shutdownFollowerState(121)) - e534181c-9f5d-4f71-ad0d-cd71b851ae4d: shutdown FollowerState
2019-10-20 10:18:22,951 [Thread-626] INFO  impl.RaftServerImpl (RaftServerImpl.java:setRole(184)) - e534181c-9f5d-4f71-ad0d-cd71b851ae4d@group-CC68B5F19AD3: changes role from  FOLLOWER to CANDIDATE at term 12 for changeToCandidate
2019-10-20 10:18:22,952 [Thread-626] INFO  impl.RoleInfo (RoleInfo.java:updateAndGet(143)) - e534181c-9f5d-4f71-ad0d-cd71b851ae4d: start LeaderElection
2019-10-20 10:18:22,966 [e534181c-9f5d-4f71-ad0d-cd71b851ae4d@group-CC68B5F19AD3-LeaderElection16] INFO  impl.LeaderElection (LeaderElection.java:askForVotes(178)) - e534181c-9f5d-4f71-ad0d-cd71b851ae4d@group-CC68B5F19AD3-LeaderElection16: begin an election at term 13 for 0: [e76b0d72-a5f7-47dd-bc74-8743a5d358b0:192.168.69.89:42489, e534181c-9f5d-4f71-ad0d-cd71b851ae4d:192.168.69.89:44098, f1d6a710-9313-44dc-a005-f0b22c06f92c:192.168.69.89:41254], old=null
2019-10-20 10:18:22,971 [grpc-default-executor-5] INFO  impl.RaftServerImpl (RaftServerImpl.java:setRole(184)) - f1d6a710-9313-44dc-a005-f0b22c06f92c@group-CC68B5F19AD3: changes role from  FOLLOWER to FOLLOWER at term 13 for recognizeCandidate:e534181c-9f5d-4f71-ad0d-cd71b851ae4d
2019-10-20 10:18:22,971 [grpc-default-executor-5] INFO  impl.RoleInfo (RoleInfo.java:shutdownFollowerState(121)) - f1d6a710-9313-44dc-a005-f0b22c06f92c: shutdown FollowerState
2019-10-20 10:18:22,971 [grpc-default-executor-3] INFO  impl.RaftServerImpl (RaftServerImpl.java:setRole(184)) - e76b0d72-a5f7-47dd-bc74-8743a5d358b0@group-CC68B5F19AD3: changes role from  FOLLOWER to FOLLOWER at term 13 for recognizeCandidate:e534181c-9f5d-4f71-ad0d-cd71b851ae4d
2019-10-20 10:18:22,971 [Thread-621] INFO  impl.FollowerState (FollowerState.java:run(117)) - f1d6a710-9313-44dc-a005-f0b22c06f92c@group-CC68B5F19AD3-FollowerState was interrupted: java.lang.InterruptedException: sleep interrupted
2019-10-20 10:18:22,971 [grpc-default-executor-5] INFO  impl.RoleInfo (RoleInfo.java:updateAndGet(143)) - f1d6a710-9313-44dc-a005-f0b22c06f92c: start FollowerState
2019-10-20 10:18:22,971 [grpc-default-executor-3] INFO  impl.RoleInfo (RoleInfo.java:shutdownFollowerState(121)) - e76b0d72-a5f7-47dd-bc74-8743a5d358b0: shutdown FollowerState
2019-10-20 10:18:22,973 [Thread-622] INFO  impl.FollowerState (FollowerState.java:run(117)) - e76b0d72-a5f7-47dd-bc74-8743a5d358b0@group-CC68B5F19AD3-FollowerState was interrupted: java.lang.InterruptedException: sleep interrupted
2019-10-20 10:18:22,973 [grpc-default-executor-3] INFO  impl.RoleInfo (RoleInfo.java:updateAndGet(143)) - e76b0d72-a5f7-47dd-bc74-8743a5d358b0: start FollowerState
2019-10-20 10:18:22,991 [e534181c-9f5d-4f71-ad0d-cd71b851ae4d@group-CC68B5F19AD3-LeaderElection16] INFO  impl.LeaderElection (LeaderElection.java:logAndReturn(56)) - e534181c-9f5d-4f71-ad0d-cd71b851ae4d@group-CC68B5F19AD3-LeaderElection16: Election REJECTED; received 2 response(s) [e534181c-9f5d-4f71-ad0d-cd71b851ae4d<-e76b0d72-a5f7-47dd-bc74-8743a5d358b0#0:FAIL-t13, e534181c-9f5d-4f71-ad0d-cd71b851ae4d<-f1d6a710-9313-44dc-a005-f0b22c06f92c#0:FAIL-t13] and 0 exception(s); e534181c-9f5d-4f71-ad0d-cd71b851ae4d@group-CC68B5F19AD3:t13, leader=null, voted=e534181c-9f5d-4f71-ad0d-cd71b851ae4d, raftlog=e534181c-9f5d-4f71-ad0d-cd71b851ae4d@group-CC68B5F19AD3-SegmentedRaftLog:OPENED:c3,f4,i4, conf=0: [e76b0d72-a5f7-47dd-bc74-8743a5d358b0:192.168.69.89:42489, e534181c-9f5d-4f71-ad0d-cd71b851ae4d:192.168.69.89:44098, f1d6a710-9313-44dc-a005-f0b22c06f92c:192.168.69.89:41254], old=null
2019-10-20 10:18:22,991 [e534181c-9f5d-4f71-ad0d-cd71b851ae4d@group-CC68B5F19AD3-LeaderElection16] INFO  impl.RaftServerImpl (RaftServerImpl.java:setRole(184)) - e534181c-9f5d-4f71-ad0d-cd71b851ae4d@group-CC68B5F19AD3: changes role from CANDIDATE to FOLLOWER at term 13 for DISCOVERED_A_NEW_TERM
2019-10-20 10:18:22,991 [e534181c-9f5d-4f71-ad0d-cd71b851ae4d@group-CC68B5F19AD3-LeaderElection16] INFO  impl.RoleInfo (RoleInfo.java:shutdownLeaderElection(134)) - e534181c-9f5d-4f71-ad0d-cd71b851ae4d: shutdown LeaderElection
2019-10-20 10:18:22,991 [e534181c-9f5d-4f71-ad0d-cd71b851ae4d@group-CC68B5F19AD3-LeaderElection16] INFO  impl.RoleInfo (RoleInfo.java:updateAndGet(143)) - e534181c-9f5d-4f71-ad0d-cd71b851ae4d: start FollowerState
2019-10-20 10:18:23,011 [BlockDeletingService#2] WARN  background.BlockDeletingService (BlockDeletingService.java:isDeletionAllowed(187)) - Close Container log Index 6 is not replicated across allthe servers in the pipeline 119175b0-5d21-4334-a09f-cc68b5f19ad3 as the min replicated index is 4. Deletion is not allowed in this container yet.
2019-10-20 10:18:23,011 [BlockDeletingService#2] WARN  background.BlockDeletingService (BlockDeletingService.java:isDeletionAllowed(187)) - Close Container log Index 6 is not replicated across allthe servers in the pipeline 119175b0-5d21-4334-a09f-cc68b5f19ad3 as the min replicated index is 4. Deletion is not allowed in this container yet.
2019-10-20 10:18:23,019 [Thread-632] INFO  impl.FollowerState (FollowerState.java:run(108)) - e534181c-9f5d-4f71-ad0d-cd71b851ae4d@group-CC68B5F19AD3-FollowerState: change to CANDIDATE, lastRpcTime:27ms, electionTimeout:27ms
2019-10-20 10:18:23,019 [Thread-632] INFO  impl.RoleInfo (RoleInfo.java:shutdownFollowerState(121)) - e534181c-9f5d-4f71-ad0d-cd71b851ae4d: shutdown FollowerState
2019-10-20 10:18:23,019 [Thread-632] INFO  impl.RaftServerImpl (RaftServerImpl.java:setRole(184)) - e534181c-9f5d-4f71-ad0d-cd71b851ae4d@group-CC68B5F19AD3: changes role from  FOLLOWER to CANDIDATE at term 13 for changeToCandidate
2019-10-20 10:18:23,019 [Thread-632] INFO  impl.RoleInfo (RoleInfo.java:updateAndGet(143)) - e534181c-9f5d-4f71-ad0d-cd71b851ae4d: start LeaderElection
2019-10-20 10:18:23,032 [e534181c-9f5d-4f71-ad0d-cd71b851ae4d@group-CC68B5F19AD3-LeaderElection17] INFO  impl.LeaderElection (LeaderElection.java:askForVotes(178)) - e534181c-9f5d-4f71-ad0d-cd71b851ae4d@group-CC68B5F19AD3-LeaderElection17: begin an election at term 14 for 0: [e76b0d72-a5f7-47dd-bc74-8743a5d358b0:192.168.69.89:42489, e534181c-9f5d-4f71-ad0d-cd71b851ae4d:192.168.69.89:44098, f1d6a710-9313-44dc-a005-f0b22c06f92c:192.168.69.89:41254], old=null
2019-10-20 10:18:23,036 [grpc-default-executor-5] INFO  impl.RaftServerImpl (RaftServerImpl.java:setRole(184)) - e76b0d72-a5f7-47dd-bc74-8743a5d358b0@group-CC68B5F19AD3: changes role from  FOLLOWER to FOLLOWER at term 14 for recognizeCandidate:e534181c-9f5d-4f71-ad0d-cd71b851ae4d
2019-10-20 10:18:23,037 [grpc-default-executor-5] INFO  impl.RoleInfo (RoleInfo.java:shutdownFollowerState(121)) - e76b0d72-a5f7-47dd-bc74-8743a5d358b0: shutdown FollowerState
2019-10-20 10:18:23,037 [grpc-default-executor-3] INFO  impl.RaftServerImpl (RaftServerImpl.java:setRole(184)) - f1d6a710-9313-44dc-a005-f0b22c06f92c@group-CC68B5F19AD3: changes role from  FOLLOWER to FOLLOWER at term 14 for recognizeCandidate:e534181c-9f5d-4f71-ad0d-cd71b851ae4d
2019-10-20 10:18:23,037 [Thread-631] INFO  impl.FollowerState (FollowerState.java:run(117)) - e76b0d72-a5f7-47dd-bc74-8743a5d358b0@group-CC68B5F19AD3-FollowerState was interrupted: java.lang.InterruptedException: sleep interrupted
2019-10-20 10:18:23,037 [grpc-default-executor-5] INFO  impl.RoleInfo (RoleInfo.java:updateAndGet(143)) - e76b0d72-a5f7-47dd-bc74-8743a5d358b0: start FollowerState
2019-10-20 10:18:23,037 [grpc-default-executor-3] INFO  impl.RoleInfo (RoleInfo.java:shutdownFollowerState(121)) - f1d6a710-9313-44dc-a005-f0b22c06f92c: shutdown FollowerState
2019-10-20 10:18:23,037 [Thread-630] INFO  impl.FollowerState (FollowerState.java:run(117)) - f1d6a710-9313-44dc-a005-f0b22c06f92c@group-CC68B5F19AD3-FollowerState was interrupted: java.lang.InterruptedException: sleep interrupted
2019-10-20 10:18:23,037 [grpc-default-executor-3] INFO  impl.RoleInfo (RoleInfo.java:updateAndGet(143)) - f1d6a710-9313-44dc-a005-f0b22c06f92c: start FollowerState
2019-10-20 10:18:23,045 [e534181c-9f5d-4f71-ad0d-cd71b851ae4d@group-CC68B5F19AD3-LeaderElection17] INFO  impl.LeaderElection (LeaderElection.java:logAndReturn(56)) - e534181c-9f5d-4f71-ad0d-cd71b851ae4d@group-CC68B5F19AD3-LeaderElection17: Election TIMEOUT; received 0 response(s) [] and 0 exception(s); e534181c-9f5d-4f71-ad0d-cd71b851ae4d@group-CC68B5F19AD3:t14, leader=null, voted=e534181c-9f5d-4f71-ad0d-cd71b851ae4d, raftlog=e534181c-9f5d-4f71-ad0d-cd71b851ae4d@group-CC68B5F19AD3-SegmentedRaftLog:OPENED:c3,f4,i4, conf=0: [e76b0d72-a5f7-47dd-bc74-8743a5d358b0:192.168.69.89:42489, e534181c-9f5d-4f71-ad0d-cd71b851ae4d:192.168.69.89:44098, f1d6a710-9313-44dc-a005-f0b22c06f92c:192.168.69.89:41254], old=null
2019-10-20 10:18:23,051 [e534181c-9f5d-4f71-ad0d-cd71b851ae4d@group-CC68B5F19AD3-LeaderElection17] INFO  impl.LeaderElection (LeaderElection.java:askForVotes(178)) - e534181c-9f5d-4f71-ad0d-cd71b851ae4d@group-CC68B5F19AD3-LeaderElection17: begin an election at term 15 for 0: [e76b0d72-a5f7-47dd-bc74-8743a5d358b0:192.168.69.89:42489, e534181c-9f5d-4f71-ad0d-cd71b851ae4d:192.168.69.89:44098, f1d6a710-9313-44dc-a005-f0b22c06f92c:192.168.69.89:41254], old=null
2019-10-20 10:18:23,054 [grpc-default-executor-3] INFO  impl.RaftServerImpl (RaftServerImpl.java:setRole(184)) - e76b0d72-a5f7-47dd-bc74-8743a5d358b0@group-CC68B5F19AD3: changes role from  FOLLOWER to FOLLOWER at term 15 for recognizeCandidate:e534181c-9f5d-4f71-ad0d-cd71b851ae4d
2019-10-20 10:18:23,055 [grpc-default-executor-3] INFO  impl.RoleInfo (RoleInfo.java:shutdownFollowerState(121)) - e76b0d72-a5f7-47dd-bc74-8743a5d358b0: shutdown FollowerState
2019-10-20 10:18:23,055 [Thread-638] INFO  impl.FollowerState (FollowerState.java:run(117)) - e76b0d72-a5f7-47dd-bc74-8743a5d358b0@group-CC68B5F19AD3-FollowerState was interrupted: java.lang.InterruptedException: sleep interrupted
2019-10-20 10:18:23,055 [grpc-default-executor-3] INFO  impl.RoleInfo (RoleInfo.java:updateAndGet(143)) - e76b0d72-a5f7-47dd-bc74-8743a5d358b0: start FollowerState
2019-10-20 10:18:23,057 [grpc-default-executor-5] INFO  impl.RaftServerImpl (RaftServerImpl.java:setRole(184)) - f1d6a710-9313-44dc-a005-f0b22c06f92c@group-CC68B5F19AD3: changes role from  FOLLOWER to FOLLOWER at term 15 for recognizeCandidate:e534181c-9f5d-4f71-ad0d-cd71b851ae4d
2019-10-20 10:18:23,057 [grpc-default-executor-5] INFO  impl.RoleInfo (RoleInfo.java:shutdownFollowerState(121)) - f1d6a710-9313-44dc-a005-f0b22c06f92c: shutdown FollowerState
2019-10-20 10:18:23,057 [Thread-639] INFO  impl.FollowerState (FollowerState.java:run(117)) - f1d6a710-9313-44dc-a005-f0b22c06f92c@group-CC68B5F19AD3-FollowerState was interrupted: java.lang.InterruptedException: sleep interrupted
2019-10-20 10:18:23,057 [grpc-default-executor-5] INFO  impl.RoleInfo (RoleInfo.java:updateAndGet(143)) - f1d6a710-9313-44dc-a005-f0b22c06f92c: start FollowerState
2019-10-20 10:18:23,071 [e534181c-9f5d-4f71-ad0d-cd71b851ae4d@group-CC68B5F19AD3-LeaderElection17] INFO  impl.LeaderElection (LeaderElection.java:logAndReturn(56)) - e534181c-9f5d-4f71-ad0d-cd71b851ae4d@group-CC68B5F19AD3-LeaderElection17: Election REJECTED; received 2 response(s) [e534181c-9f5d-4f71-ad0d-cd71b851ae4d<-e76b0d72-a5f7-47dd-bc74-8743a5d358b0#0:FAIL-t15, e534181c-9f5d-4f71-ad0d-cd71b851ae4d<-f1d6a710-9313-44dc-a005-f0b22c06f92c#0:FAIL-t15] and 0 exception(s); e534181c-9f5d-4f71-ad0d-cd71b851ae4d@group-CC68B5F19AD3:t15, leader=null, voted=e534181c-9f5d-4f71-ad0d-cd71b851ae4d, raftlog=e534181c-9f5d-4f71-ad0d-cd71b851ae4d@group-CC68B5F19AD3-SegmentedRaftLog:OPENED:c3,f4,i4, conf=0: [e76b0d72-a5f7-47dd-bc74-8743a5d358b0:192.168.69.89:42489, e534181c-9f5d-4f71-ad0d-cd71b851ae4d:192.168.69.89:44098, f1d6a710-9313-44dc-a005-f0b22c06f92c:192.168.69.89:41254], old=null
2019-10-20 10:18:23,071 [e534181c-9f5d-4f71-ad0d-cd71b851ae4d@group-CC68B5F19AD3-LeaderElection17] INFO  impl.RaftServerImpl (RaftServerImpl.java:setRole(184)) - e534181c-9f5d-4f71-ad0d-cd71b851ae4d@group-CC68B5F19AD3: changes role from CANDIDATE to FOLLOWER at term 15 for DISCOVERED_A_NEW_TERM
2019-10-20 10:18:23,071 [e534181c-9f5d-4f71-ad0d-cd71b851ae4d@group-CC68B5F19AD3-LeaderElection17] INFO  impl.RoleInfo (RoleInfo.java:shutdownLeaderElection(134)) - e534181c-9f5d-4f71-ad0d-cd71b851ae4d: shutdown LeaderElection
2019-10-20 10:18:23,071 [e534181c-9f5d-4f71-ad0d-cd71b851ae4d@group-CC68B5F19AD3-LeaderElection17] INFO  impl.RoleInfo (RoleInfo.java:updateAndGet(143)) - e534181c-9f5d-4f71-ad0d-cd71b851ae4d: start FollowerState
2019-10-20 10:18:23,220 [Thread-644] INFO  impl.FollowerState (FollowerState.java:run(108)) - e534181c-9f5d-4f71-ad0d-cd71b851ae4d@group-CC68B5F19AD3-FollowerState: change to CANDIDATE, lastRpcTime:148ms, electionTimeout:148ms
2019-10-20 10:18:23,221 [Thread-644] INFO  impl.RoleInfo (RoleInfo.java:shutdownFollowerState(121)) - e534181c-9f5d-4f71-ad0d-cd71b851ae4d: shutdown FollowerState
2019-10-20 10:18:23,221 [Thread-644] INFO  impl.RaftServerImpl (RaftServerImpl.java:setRole(184)) - e534181c-9f5d-4f71-ad0d-cd71b851ae4d@group-CC68B5F19AD3: changes role from  FOLLOWER to CANDIDATE at term 15 for changeToCandidate
2019-10-20 10:18:23,221 [Thread-644] INFO  impl.RoleInfo (RoleInfo.java:updateAndGet(143)) - e534181c-9f5d-4f71-ad0d-cd71b851ae4d: start LeaderElection
2019-10-20 10:18:23,235 [e534181c-9f5d-4f71-ad0d-cd71b851ae4d@group-CC68B5F19AD3-LeaderElection18] INFO  impl.LeaderElection (LeaderElection.java:askForVotes(178)) - e534181c-9f5d-4f71-ad0d-cd71b851ae4d@group-CC68B5F19AD3-LeaderElection18: begin an election at term 16 for 0: [e76b0d72-a5f7-47dd-bc74-8743a5d358b0:192.168.69.89:42489, e534181c-9f5d-4f71-ad0d-cd71b851ae4d:192.168.69.89:44098, f1d6a710-9313-44dc-a005-f0b22c06f92c:192.168.69.89:41254], old=null
2019-10-20 10:18:23,240 [grpc-default-executor-3] INFO  impl.RaftServerImpl (RaftServerImpl.java:setRole(184)) - e76b0d72-a5f7-47dd-bc74-8743a5d358b0@group-CC68B5F19AD3: changes role from  FOLLOWER to FOLLOWER at term 16 for recognizeCandidate:e534181c-9f5d-4f71-ad0d-cd71b851ae4d
2019-10-20 10:18:23,240 [grpc-default-executor-5] INFO  impl.RaftServerImpl (RaftServerImpl.java:setRole(184)) - f1d6a710-9313-44dc-a005-f0b22c06f92c@group-CC68B5F19AD3: changes role from  FOLLOWER to FOLLOWER at term 16 for recognizeCandidate:e534181c-9f5d-4f71-ad0d-cd71b851ae4d
2019-10-20 10:18:23,240 [grpc-default-executor-3] INFO  impl.RoleInfo (RoleInfo.java:shutdownFollowerState(121)) - e76b0d72-a5f7-47dd-bc74-8743a5d358b0: shutdown FollowerState
2019-10-20 10:18:23,240 [grpc-default-executor-5] INFO  impl.RoleInfo (RoleInfo.java:shutdownFollowerState(121)) - f1d6a710-9313-44dc-a005-f0b22c06f92c: shutdown FollowerState
2019-10-20 10:18:23,240 [grpc-default-executor-3] INFO  impl.RoleInfo (RoleInfo.java:updateAndGet(143)) - e76b0d72-a5f7-47dd-bc74-8743a5d358b0: start FollowerState
2019-10-20 10:18:23,240 [Thread-642] INFO  impl.FollowerState (FollowerState.java:run(117)) - e76b0d72-a5f7-47dd-bc74-8743a5d358b0@group-CC68B5F19AD3-FollowerState was interrupted: java.lang.InterruptedException: sleep interrupted
2019-10-20 10:18:23,240 [Thread-643] INFO  impl.FollowerState (FollowerState.java:run(117)) - f1d6a710-9313-44dc-a005-f0b22c06f92c@group-CC68B5F19AD3-FollowerState was interrupted: java.lang.InterruptedException: sleep interrupted
2019-10-20 10:18:23,240 [grpc-default-executor-5] INFO  impl.RoleInfo (RoleInfo.java:updateAndGet(143)) - f1d6a710-9313-44dc-a005-f0b22c06f92c: start FollowerState
2019-10-20 10:18:23,255 [e534181c-9f5d-4f71-ad0d-cd71b851ae4d@group-CC68B5F19AD3-LeaderElection18] INFO  impl.LeaderElection (LeaderElection.java:logAndReturn(56)) - e534181c-9f5d-4f71-ad0d-cd71b851ae4d@group-CC68B5F19AD3-LeaderElection18: Election REJECTED; received 2 response(s) [e534181c-9f5d-4f71-ad0d-cd71b851ae4d<-e76b0d72-a5f7-47dd-bc74-8743a5d358b0#0:FAIL-t16, e534181c-9f5d-4f71-ad0d-cd71b851ae4d<-f1d6a710-9313-44dc-a005-f0b22c06f92c#0:FAIL-t16] and 0 exception(s); e534181c-9f5d-4f71-ad0d-cd71b851ae4d@group-CC68B5F19AD3:t16, leader=null, voted=e534181c-9f5d-4f71-ad0d-cd71b851ae4d, raftlog=e534181c-9f5d-4f71-ad0d-cd71b851ae4d@group-CC68B5F19AD3-SegmentedRaftLog:OPENED:c3,f4,i4, conf=0: [e76b0d72-a5f7-47dd-bc74-8743a5d358b0:192.168.69.89:42489, e534181c-9f5d-4f71-ad0d-cd71b851ae4d:192.168.69.89:44098, f1d6a710-9313-44dc-a005-f0b22c06f92c:192.168.69.89:41254], old=null
2019-10-20 10:18:23,256 [e534181c-9f5d-4f71-ad0d-cd71b851ae4d@group-CC68B5F19AD3-LeaderElection18] INFO  impl.RaftServerImpl (RaftServerImpl.java:setRole(184)) - e534181c-9f5d-4f71-ad0d-cd71b851ae4d@group-CC68B5F19AD3: changes role from CANDIDATE to FOLLOWER at term 16 for DISCOVERED_A_NEW_TERM
2019-10-20 10:18:23,256 [e534181c-9f5d-4f71-ad0d-cd71b851ae4d@group-CC68B5F19AD3-LeaderElection18] INFO  impl.RoleInfo (RoleInfo.java:shutdownLeaderElection(134)) - e534181c-9f5d-4f71-ad0d-cd71b851ae4d: shutdown LeaderElection
2019-10-20 10:18:23,256 [e534181c-9f5d-4f71-ad0d-cd71b851ae4d@group-CC68B5F19AD3-LeaderElection18] INFO  impl.RoleInfo (RoleInfo.java:updateAndGet(143)) - e534181c-9f5d-4f71-ad0d-cd71b851ae4d: start FollowerState
2019-10-20 10:18:23,393 [Thread-650] INFO  impl.FollowerState (FollowerState.java:run(108)) - e534181c-9f5d-4f71-ad0d-cd71b851ae4d@group-CC68B5F19AD3-FollowerState: change to CANDIDATE, lastRpcTime:137ms, electionTimeout:137ms
2019-10-20 10:18:23,398 [Thread-650] INFO  impl.RoleInfo (RoleInfo.java:shutdownFollowerState(121)) - e534181c-9f5d-4f71-ad0d-cd71b851ae4d: shutdown FollowerState
2019-10-20 10:18:23,398 [Thread-650] INFO  impl.RaftServerImpl (RaftServerImpl.java:setRole(184)) - e534181c-9f5d-4f71-ad0d-cd71b851ae4d@group-CC68B5F19AD3: changes role from  FOLLOWER to CANDIDATE at term 16 for changeToCandidate
2019-10-20 10:18:23,398 [Thread-650] INFO  impl.RoleInfo (RoleInfo.java:updateAndGet(143)) - e534181c-9f5d-4f71-ad0d-cd71b851ae4d: start LeaderElection
2019-10-20 10:18:23,412 [e534181c-9f5d-4f71-ad0d-cd71b851ae4d@group-CC68B5F19AD3-LeaderElection19] INFO  impl.LeaderElection (LeaderElection.java:askForVotes(178)) - e534181c-9f5d-4f71-ad0d-cd71b851ae4d@group-CC68B5F19AD3-LeaderElection19: begin an election at term 17 for 0: [e76b0d72-a5f7-47dd-bc74-8743a5d358b0:192.168.69.89:42489, e534181c-9f5d-4f71-ad0d-cd71b851ae4d:192.168.69.89:44098, f1d6a710-9313-44dc-a005-f0b22c06f92c:192.168.69.89:41254], old=null
2019-10-20 10:18:23,416 [grpc-default-executor-3] INFO  impl.RaftServerImpl (RaftServerImpl.java:setRole(184)) - e76b0d72-a5f7-47dd-bc74-8743a5d358b0@group-CC68B5F19AD3: changes role from  FOLLOWER to FOLLOWER at term 17 for recognizeCandidate:e534181c-9f5d-4f71-ad0d-cd71b851ae4d
2019-10-20 10:18:23,417 [grpc-default-executor-3] INFO  impl.RoleInfo (RoleInfo.java:shutdownFollowerState(121)) - e76b0d72-a5f7-47dd-bc74-8743a5d358b0: shutdown FollowerState
2019-10-20 10:18:23,417 [grpc-default-executor-5] INFO  impl.RaftServerImpl (RaftServerImpl.java:setRole(184)) - f1d6a710-9313-44dc-a005-f0b22c06f92c@group-CC68B5F19AD3: changes role from  FOLLOWER to FOLLOWER at term 17 for recognizeCandidate:e534181c-9f5d-4f71-ad0d-cd71b851ae4d
2019-10-20 10:18:23,418 [Thread-648] INFO  impl.FollowerState (FollowerState.java:run(117)) - e76b0d72-a5f7-47dd-bc74-8743a5d358b0@group-CC68B5F19AD3-FollowerState was interrupted: java.lang.InterruptedException: sleep interrupted
2019-10-20 10:18:23,418 [grpc-default-executor-5] INFO  impl.RoleInfo (RoleInfo.java:shutdownFollowerState(121)) - f1d6a710-9313-44dc-a005-f0b22c06f92c: shutdown FollowerState
2019-10-20 10:18:23,417 [grpc-default-executor-3] INFO  impl.RoleInfo (RoleInfo.java:updateAndGet(143)) - e76b0d72-a5f7-47dd-bc74-8743a5d358b0: start FollowerState
2019-10-20 10:18:23,418 [grpc-default-executor-5] INFO  impl.RoleInfo (RoleInfo.java:updateAndGet(143)) - f1d6a710-9313-44dc-a005-f0b22c06f92c: start FollowerState
2019-10-20 10:18:23,418 [Thread-649] INFO  impl.FollowerState (FollowerState.java:run(117)) - f1d6a710-9313-44dc-a005-f0b22c06f92c@group-CC68B5F19AD3-FollowerState was interrupted: java.lang.InterruptedException: sleep interrupted
2019-10-20 10:18:23,434 [e534181c-9f5d-4f71-ad0d-cd71b851ae4d@group-CC68B5F19AD3-LeaderElection19] INFO  impl.LeaderElection (LeaderElection.java:logAndReturn(56)) - e534181c-9f5d-4f71-ad0d-cd71b851ae4d@group-CC68B5F19AD3-LeaderElection19: Election REJECTED; received 2 response(s) [e534181c-9f5d-4f71-ad0d-cd71b851ae4d<-e76b0d72-a5f7-47dd-bc74-8743a5d358b0#0:FAIL-t17, e534181c-9f5d-4f71-ad0d-cd71b851ae4d<-f1d6a710-9313-44dc-a005-f0b22c06f92c#0:FAIL-t17] and 0 exception(s); e534181c-9f5d-4f71-ad0d-cd71b851ae4d@group-CC68B5F19AD3:t17, leader=null, voted=e534181c-9f5d-4f71-ad0d-cd71b851ae4d, raftlog=e534181c-9f5d-4f71-ad0d-cd71b851ae4d@group-CC68B5F19AD3-SegmentedRaftLog:OPENED:c3,f4,i4, conf=0: [e76b0d72-a5f7-47dd-bc74-8743a5d358b0:192.168.69.89:42489, e534181c-9f5d-4f71-ad0d-cd71b851ae4d:192.168.69.89:44098, f1d6a710-9313-44dc-a005-f0b22c06f92c:192.168.69.89:41254], old=null
2019-10-20 10:18:23,434 [e534181c-9f5d-4f71-ad0d-cd71b851ae4d@group-CC68B5F19AD3-LeaderElection19] INFO  impl.RaftServerImpl (RaftServerImpl.java:setRole(184)) - e534181c-9f5d-4f71-ad0d-cd71b851ae4d@group-CC68B5F19AD3: changes role from CANDIDATE to FOLLOWER at term 17 for DISCOVERED_A_NEW_TERM
2019-10-20 10:18:23,434 [e534181c-9f5d-4f71-ad0d-cd71b851ae4d@group-CC68B5F19AD3-LeaderElection19] INFO  impl.RoleInfo (RoleInfo.java:shutdownLeaderElection(134)) - e534181c-9f5d-4f71-ad0d-cd71b851ae4d: shutdown LeaderElection
2019-10-20 10:18:23,434 [e534181c-9f5d-4f71-ad0d-cd71b851ae4d@group-CC68B5F19AD3-LeaderElection19] INFO  impl.RoleInfo (RoleInfo.java:updateAndGet(143)) - e534181c-9f5d-4f71-ad0d-cd71b851ae4d: start FollowerState
2019-10-20 10:18:23,629 [EventQueue-PendingDeleteStatusForPendingDeleteHandler] INFO  block.SCMBlockDeletingService (SCMBlockDeletingService.java:handlePendingDeletes(115)) - Block deletion txnID mismatch in datanode e534181c-9f5d-4f71-ad0d-cd71b851ae4d for containerID 1. Datanode delete txnID: 0, SCM txnID: 1
2019-10-20 10:18:23,631 [Thread-656] INFO  impl.FollowerState (FollowerState.java:run(108)) - e534181c-9f5d-4f71-ad0d-cd71b851ae4d@group-CC68B5F19AD3-FollowerState: change to CANDIDATE, lastRpcTime:196ms, electionTimeout:196ms
2019-10-20 10:18:23,631 [Thread-656] INFO  impl.RoleInfo (RoleInfo.java:shutdownFollowerState(121)) - e534181c-9f5d-4f71-ad0d-cd71b851ae4d: shutdown FollowerState
2019-10-20 10:18:23,631 [Thread-656] INFO  impl.RaftServerImpl (RaftServerImpl.java:setRole(184)) - e534181c-9f5d-4f71-ad0d-cd71b851ae4d@group-CC68B5F19AD3: changes role from  FOLLOWER to CANDIDATE at term 17 for changeToCandidate
2019-10-20 10:18:23,631 [Thread-656] INFO  impl.RoleInfo (RoleInfo.java:updateAndGet(143)) - e534181c-9f5d-4f71-ad0d-cd71b851ae4d: start LeaderElection
2019-10-20 10:18:23,645 [e534181c-9f5d-4f71-ad0d-cd71b851ae4d@group-CC68B5F19AD3-LeaderElection20] INFO  impl.LeaderElection (LeaderElection.java:askForVotes(178)) - e534181c-9f5d-4f71-ad0d-cd71b851ae4d@group-CC68B5F19AD3-LeaderElection20: begin an election at term 18 for 0: [e76b0d72-a5f7-47dd-bc74-8743a5d358b0:192.168.69.89:42489, e534181c-9f5d-4f71-ad0d-cd71b851ae4d:192.168.69.89:44098, f1d6a710-9313-44dc-a005-f0b22c06f92c:192.168.69.89:41254], old=null
2019-10-20 10:18:23,650 [grpc-default-executor-5] INFO  impl.RaftServerImpl (RaftServerImpl.java:setRole(184)) - e76b0d72-a5f7-47dd-bc74-8743a5d358b0@group-CC68B5F19AD3: changes role from  FOLLOWER to FOLLOWER at term 18 for recognizeCandidate:e534181c-9f5d-4f71-ad0d-cd71b851ae4d
2019-10-20 10:18:23,650 [grpc-default-executor-5] INFO  impl.RoleInfo (RoleInfo.java:shutdownFollowerState(121)) - e76b0d72-a5f7-47dd-bc74-8743a5d358b0: shutdown FollowerState
2019-10-20 10:18:23,650 [grpc-default-executor-5] INFO  impl.RoleInfo (RoleInfo.java:updateAndGet(143)) - e76b0d72-a5f7-47dd-bc74-8743a5d358b0: start FollowerState
2019-10-20 10:18:23,650 [Thread-654] INFO  impl.FollowerState (FollowerState.java:run(117)) - e76b0d72-a5f7-47dd-bc74-8743a5d358b0@group-CC68B5F19AD3-FollowerState was interrupted: java.lang.InterruptedException: sleep interrupted
2019-10-20 10:18:23,652 [grpc-default-executor-3] INFO  impl.RaftServerImpl (RaftServerImpl.java:setRole(184)) - f1d6a710-9313-44dc-a005-f0b22c06f92c@group-CC68B5F19AD3: changes role from  FOLLOWER to FOLLOWER at term 18 for recognizeCandidate:e534181c-9f5d-4f71-ad0d-cd71b851ae4d
2019-10-20 10:18:23,652 [grpc-default-executor-3] INFO  impl.RoleInfo (RoleInfo.java:shutdownFollowerState(121)) - f1d6a710-9313-44dc-a005-f0b22c06f92c: shutdown FollowerState
2019-10-20 10:18:23,652 [Thread-655] INFO  impl.FollowerState (FollowerState.java:run(117)) - f1d6a710-9313-44dc-a005-f0b22c06f92c@group-CC68B5F19AD3-FollowerState was interrupted: java.lang.InterruptedException: sleep interrupted
2019-10-20 10:18:23,652 [grpc-default-executor-3] INFO  impl.RoleInfo (RoleInfo.java:updateAndGet(143)) - f1d6a710-9313-44dc-a005-f0b22c06f92c: start FollowerState
2019-10-20 10:18:23,661 [e534181c-9f5d-4f71-ad0d-cd71b851ae4d@group-CC68B5F19AD3-LeaderElection20] INFO  impl.LeaderElection (LeaderElection.java:logAndReturn(56)) - e534181c-9f5d-4f71-ad0d-cd71b851ae4d@group-CC68B5F19AD3-LeaderElection20: Election REJECTED; received 2 response(s) [e534181c-9f5d-4f71-ad0d-cd71b851ae4d<-e76b0d72-a5f7-47dd-bc74-8743a5d358b0#0:FAIL-t18, e534181c-9f5d-4f71-ad0d-cd71b851ae4d<-f1d6a710-9313-44dc-a005-f0b22c06f92c#0:FAIL-t18] and 0 exception(s); e534181c-9f5d-4f71-ad0d-cd71b851ae4d@group-CC68B5F19AD3:t18, leader=null, voted=e534181c-9f5d-4f71-ad0d-cd71b851ae4d, raftlog=e534181c-9f5d-4f71-ad0d-cd71b851ae4d@group-CC68B5F19AD3-SegmentedRaftLog:OPENED:c3,f4,i4, conf=0: [e76b0d72-a5f7-47dd-bc74-8743a5d358b0:192.168.69.89:42489, e534181c-9f5d-4f71-ad0d-cd71b851ae4d:192.168.69.89:44098, f1d6a710-9313-44dc-a005-f0b22c06f92c:192.168.69.89:41254], old=null
2019-10-20 10:18:23,662 [e534181c-9f5d-4f71-ad0d-cd71b851ae4d@group-CC68B5F19AD3-LeaderElection20] INFO  impl.RaftServerImpl (RaftServerImpl.java:setRole(184)) - e534181c-9f5d-4f71-ad0d-cd71b851ae4d@group-CC68B5F19AD3: changes role from CANDIDATE to FOLLOWER at term 18 for DISCOVERED_A_NEW_TERM
2019-10-20 10:18:23,662 [e534181c-9f5d-4f71-ad0d-cd71b851ae4d@group-CC68B5F19AD3-LeaderElection20] INFO  impl.RoleInfo (RoleInfo.java:shutdownLeaderElection(134)) - e534181c-9f5d-4f71-ad0d-cd71b851ae4d: shutdown LeaderElection
2019-10-20 10:18:23,662 [e534181c-9f5d-4f71-ad0d-cd71b851ae4d@group-CC68B5F19AD3-LeaderElection20] INFO  impl.RoleInfo (RoleInfo.java:updateAndGet(143)) - e534181c-9f5d-4f71-ad0d-cd71b851ae4d: start FollowerState
2019-10-20 10:18:23,704 [Thread-663] INFO  impl.FollowerState (FollowerState.java:run(108)) - e534181c-9f5d-4f71-ad0d-cd71b851ae4d@group-CC68B5F19AD3-FollowerState: change to CANDIDATE, lastRpcTime:42ms, electionTimeout:42ms
2019-10-20 10:18:23,705 [Thread-663] INFO  impl.RoleInfo (RoleInfo.java:shutdownFollowerState(121)) - e534181c-9f5d-4f71-ad0d-cd71b851ae4d: shutdown FollowerState
2019-10-20 10:18:23,705 [Thread-663] INFO  impl.RaftServerImpl (RaftServerImpl.java:setRole(184)) - e534181c-9f5d-4f71-ad0d-cd71b851ae4d@group-CC68B5F19AD3: changes role from  FOLLOWER to CANDIDATE at term 18 for changeToCandidate
2019-10-20 10:18:23,705 [Thread-663] INFO  impl.RoleInfo (RoleInfo.java:updateAndGet(143)) - e534181c-9f5d-4f71-ad0d-cd71b851ae4d: start LeaderElection
2019-10-20 10:18:23,713 [pool-7-thread-2] INFO  commands.RetriableDatanodeEventWatcher (RetriableDatanodeEventWatcher.java:onTimeout(47)) - RetriableDatanodeCommand type=deleteBlocksCommand with id=1571566698707 timed out. Retrying.
2019-10-20 10:18:23,713 [pool-7-thread-1] INFO  commands.RetriableDatanodeEventWatcher (RetriableDatanodeEventWatcher.java:onTimeout(47)) - RetriableDatanodeCommand type=deleteBlocksCommand with id=1571566698709 timed out. Retrying.
2019-10-20 10:18:23,719 [e534181c-9f5d-4f71-ad0d-cd71b851ae4d@group-CC68B5F19AD3-LeaderElection21] INFO  impl.LeaderElection (LeaderElection.java:askForVotes(178)) - e534181c-9f5d-4f71-ad0d-cd71b851ae4d@group-CC68B5F19AD3-LeaderElection21: begin an election at term 19 for 0: [e76b0d72-a5f7-47dd-bc74-8743a5d358b0:192.168.69.89:42489, e534181c-9f5d-4f71-ad0d-cd71b851ae4d:192.168.69.89:44098, f1d6a710-9313-44dc-a005-f0b22c06f92c:192.168.69.89:41254], old=null
2019-10-20 10:18:23,720 [pool-7-thread-1] INFO  commands.RetriableDatanodeEventWatcher (RetriableDatanodeEventWatcher.java:onTimeout(47)) - RetriableDatanodeCommand type=deleteBlocksCommand with id=1571566698710 timed out. Retrying.
2019-10-20 10:18:23,720 [e534181c-9f5d-4f71-ad0d-cd71b851ae4d@group-CC68B5F19AD3-LeaderElection21] INFO  impl.LeaderElection (LeaderElection.java:logAndReturn(56)) - e534181c-9f5d-4f71-ad0d-cd71b851ae4d@group-CC68B5F19AD3-LeaderElection21: Election TIMEOUT; received 0 response(s) [] and 0 exception(s); e534181c-9f5d-4f71-ad0d-cd71b851ae4d@group-CC68B5F19AD3:t19, leader=null, voted=e534181c-9f5d-4f71-ad0d-cd71b851ae4d, raftlog=e534181c-9f5d-4f71-ad0d-cd71b851ae4d@group-CC68B5F19AD3-SegmentedRaftLog:OPENED:c3,f4,i4, conf=0: [e76b0d72-a5f7-47dd-bc74-8743a5d358b0:192.168.69.89:42489, e534181c-9f5d-4f71-ad0d-cd71b851ae4d:192.168.69.89:44098, f1d6a710-9313-44dc-a005-f0b22c06f92c:192.168.69.89:41254], old=null
2019-10-20 10:18:23,721 [pool-7-thread-1] INFO  commands.RetriableDatanodeEventWatcher (RetriableDatanodeEventWatcher.java:onTimeout(47)) - RetriableDatanodeCommand type=deleteBlocksCommand with id=1571566698711 timed out. Retrying.
2019-10-20 10:18:23,723 [pool-7-thread-1] INFO  commands.RetriableDatanodeEventWatcher (RetriableDatanodeEventWatcher.java:onTimeout(47)) - RetriableDatanodeCommand type=deleteBlocksCommand with id=1571566698712 timed out. Retrying.
2019-10-20 10:18:23,723 [grpc-default-executor-5] INFO  impl.RaftServerImpl (RaftServerImpl.java:setRole(184)) - e76b0d72-a5f7-47dd-bc74-8743a5d358b0@group-CC68B5F19AD3: changes role from  FOLLOWER to FOLLOWER at term 19 for recognizeCandidate:e534181c-9f5d-4f71-ad0d-cd71b851ae4d
2019-10-20 10:18:23,724 [grpc-default-executor-5] INFO  impl.RoleInfo (RoleInfo.java:shutdownFollowerState(121)) - e76b0d72-a5f7-47dd-bc74-8743a5d358b0: shutdown FollowerState
2019-10-20 10:18:23,724 [Thread-661] INFO  impl.FollowerState (FollowerState.java:run(117)) - e76b0d72-a5f7-47dd-bc74-8743a5d358b0@group-CC68B5F19AD3-FollowerState was interrupted: java.lang.InterruptedException: sleep interrupted
2019-10-20 10:18:23,724 [grpc-default-executor-5] INFO  impl.RoleInfo (RoleInfo.java:updateAndGet(143)) - e76b0d72-a5f7-47dd-bc74-8743a5d358b0: start FollowerState
2019-10-20 10:18:23,725 [SCMBlockDeletingService#0] INFO  block.SCMBlockDeletingService (SCMBlockDeletingService.java:call(184)) - Totally added 1 delete blocks command for 1 datanodes, task elapsed time: 0ms
2019-10-20 10:18:23,726 [grpc-default-executor-3] INFO  impl.RaftServerImpl (RaftServerImpl.java:setRole(184)) - f1d6a710-9313-44dc-a005-f0b22c06f92c@group-CC68B5F19AD3: changes role from  FOLLOWER to FOLLOWER at term 19 for recognizeCandidate:e534181c-9f5d-4f71-ad0d-cd71b851ae4d
2019-10-20 10:18:23,726 [grpc-default-executor-3] INFO  impl.RoleInfo (RoleInfo.java:shutdownFollowerState(121)) - f1d6a710-9313-44dc-a005-f0b22c06f92c: shutdown FollowerState
2019-10-20 10:18:23,726 [Thread-662] INFO  impl.FollowerState (FollowerState.java:run(117)) - f1d6a710-9313-44dc-a005-f0b22c06f92c@group-CC68B5F19AD3-FollowerState was interrupted: java.lang.InterruptedException: sleep interrupted
2019-10-20 10:18:23,726 [grpc-default-executor-3] INFO  impl.RoleInfo (RoleInfo.java:updateAndGet(143)) - f1d6a710-9313-44dc-a005-f0b22c06f92c: start FollowerState
2019-10-20 10:18:23,734 [e534181c-9f5d-4f71-ad0d-cd71b851ae4d@group-CC68B5F19AD3-LeaderElection21] INFO  impl.LeaderElection (LeaderElection.java:askForVotes(178)) - e534181c-9f5d-4f71-ad0d-cd71b851ae4d@group-CC68B5F19AD3-LeaderElection21: begin an election at term 20 for 0: [e76b0d72-a5f7-47dd-bc74-8743a5d358b0:192.168.69.89:42489, e534181c-9f5d-4f71-ad0d-cd71b851ae4d:192.168.69.89:44098, f1d6a710-9313-44dc-a005-f0b22c06f92c:192.168.69.89:41254], old=null
2019-10-20 10:18:23,739 [grpc-default-executor-5] INFO  impl.RaftServerImpl (RaftServerImpl.java:setRole(184)) - e76b0d72-a5f7-47dd-bc74-8743a5d358b0@group-CC68B5F19AD3: changes role from  FOLLOWER to FOLLOWER at term 20 for recognizeCandidate:e534181c-9f5d-4f71-ad0d-cd71b851ae4d
2019-10-20 10:18:23,739 [grpc-default-executor-5] INFO  impl.RoleInfo (RoleInfo.java:shutdownFollowerState(121)) - e76b0d72-a5f7-47dd-bc74-8743a5d358b0: shutdown FollowerState
2019-10-20 10:18:23,739 [grpc-default-executor-5] INFO  impl.RoleInfo (RoleInfo.java:updateAndGet(143)) - e76b0d72-a5f7-47dd-bc74-8743a5d358b0: start FollowerState
2019-10-20 10:18:23,739 [Thread-667] INFO  impl.FollowerState (FollowerState.java:run(117)) - e76b0d72-a5f7-47dd-bc74-8743a5d358b0@group-CC68B5F19AD3-FollowerState was interrupted: java.lang.InterruptedException: sleep interrupted
2019-10-20 10:18:23,739 [grpc-default-executor-3] INFO  impl.RaftServerImpl (RaftServerImpl.java:setRole(184)) - f1d6a710-9313-44dc-a005-f0b22c06f92c@group-CC68B5F19AD3: changes role from  FOLLOWER to FOLLOWER at term 20 for recognizeCandidate:e534181c-9f5d-4f71-ad0d-cd71b851ae4d
2019-10-20 10:18:23,739 [grpc-default-executor-3] INFO  impl.RoleInfo (RoleInfo.java:shutdownFollowerState(121)) - f1d6a710-9313-44dc-a005-f0b22c06f92c: shutdown FollowerState
2019-10-20 10:18:23,740 [grpc-default-executor-3] INFO  impl.RoleInfo (RoleInfo.java:updateAndGet(143)) - f1d6a710-9313-44dc-a005-f0b22c06f92c: start FollowerState
2019-10-20 10:18:23,740 [Thread-668] INFO  impl.FollowerState (FollowerState.java:run(117)) - f1d6a710-9313-44dc-a005-f0b22c06f92c@group-CC68B5F19AD3-FollowerState was interrupted: java.lang.InterruptedException: sleep interrupted
2019-10-20 10:18:23,754 [e534181c-9f5d-4f71-ad0d-cd71b851ae4d@group-CC68B5F19AD3-LeaderElection21] INFO  impl.LeaderElection (LeaderElection.java:logAndReturn(56)) - e534181c-9f5d-4f71-ad0d-cd71b851ae4d@group-CC68B5F19AD3-LeaderElection21: Election REJECTED; received 2 response(s) [e534181c-9f5d-4f71-ad0d-cd71b851ae4d<-e76b0d72-a5f7-47dd-bc74-8743a5d358b0#0:FAIL-t20, e534181c-9f5d-4f71-ad0d-cd71b851ae4d<-f1d6a710-9313-44dc-a005-f0b22c06f92c#0:FAIL-t20] and 0 exception(s); e534181c-9f5d-4f71-ad0d-cd71b851ae4d@group-CC68B5F19AD3:t20, leader=null, voted=e534181c-9f5d-4f71-ad0d-cd71b851ae4d, raftlog=e534181c-9f5d-4f71-ad0d-cd71b851ae4d@group-CC68B5F19AD3-SegmentedRaftLog:OPENED:c3,f4,i4, conf=0: [e76b0d72-a5f7-47dd-bc74-8743a5d358b0:192.168.69.89:42489, e534181c-9f5d-4f71-ad0d-cd71b851ae4d:192.168.69.89:44098, f1d6a710-9313-44dc-a005-f0b22c06f92c:192.168.69.89:41254], old=null
2019-10-20 10:18:23,754 [e534181c-9f5d-4f71-ad0d-cd71b851ae4d@group-CC68B5F19AD3-LeaderElection21] INFO  impl.RaftServerImpl (RaftServerImpl.java:setRole(184)) - e534181c-9f5d-4f71-ad0d-cd71b851ae4d@group-CC68B5F19AD3: changes role from CANDIDATE to FOLLOWER at term 20 for DISCOVERED_A_NEW_TERM
2019-10-20 10:18:23,754 [e534181c-9f5d-4f71-ad0d-cd71b851ae4d@group-CC68B5F19AD3-LeaderElection21] INFO  impl.RoleInfo (RoleInfo.java:shutdownLeaderElection(134)) - e534181c-9f5d-4f71-ad0d-cd71b851ae4d: shutdown LeaderElection
2019-10-20 10:18:23,754 [e534181c-9f5d-4f71-ad0d-cd71b851ae4d@group-CC68B5F19AD3-LeaderElection21] INFO  impl.RoleInfo (RoleInfo.java:updateAndGet(143)) - e534181c-9f5d-4f71-ad0d-cd71b851ae4d: start FollowerState
2019-10-20 10:18:23,767 [Thread-675] INFO  client.GrpcClientProtocolService (GrpcClientProtocolService.java:lambda$processClientRequest$0(278)) - Failed RaftClientRequest:client-67F6425C4112->e76b0d72-a5f7-47dd-bc74-8743a5d358b0@group-CC68B5F19AD3, cid=10, seq=0, Watch-ALL_COMMITTED(6), Message:<EMPTY>, reply=RaftClientReply:client-67F6425C4112->e76b0d72-a5f7-47dd-bc74-8743a5d358b0@group-CC68B5F19AD3, cid=10, FAILED org.apache.ratis.protocol.NotLeaderException: Server e76b0d72-a5f7-47dd-bc74-8743a5d358b0@group-CC68B5F19AD3 is not the leader, logIndex=0, commits[e76b0d72-a5f7-47dd-bc74-8743a5d358b0:c10, e534181c-9f5d-4f71-ad0d-cd71b851ae4d:c4, f1d6a710-9313-44dc-a005-f0b22c06f92c:c10]
2019-10-20 10:18:23,948 [Thread-673] INFO  impl.FollowerState (FollowerState.java:run(108)) - e534181c-9f5d-4f71-ad0d-cd71b851ae4d@group-CC68B5F19AD3-FollowerState: change to CANDIDATE, lastRpcTime:193ms, electionTimeout:193ms
2019-10-20 10:18:23,948 [Thread-673] INFO  impl.RoleInfo (RoleInfo.java:shutdownFollowerState(121)) - e534181c-9f5d-4f71-ad0d-cd71b851ae4d: shutdown FollowerState
2019-10-20 10:18:23,948 [Thread-673] INFO  impl.RaftServerImpl (RaftServerImpl.java:setRole(184)) - e534181c-9f5d-4f71-ad0d-cd71b851ae4d@group-CC68B5F19AD3: changes role from  FOLLOWER to CANDIDATE at term 20 for changeToCandidate
2019-10-20 10:18:23,948 [Thread-673] INFO  impl.RoleInfo (RoleInfo.java:updateAndGet(143)) - e534181c-9f5d-4f71-ad0d-cd71b851ae4d: start LeaderElection
2019-10-20 10:18:23,962 [e534181c-9f5d-4f71-ad0d-cd71b851ae4d@group-CC68B5F19AD3-LeaderElection22] INFO  impl.LeaderElection (LeaderElection.java:askForVotes(178)) - e534181c-9f5d-4f71-ad0d-cd71b851ae4d@group-CC68B5F19AD3-LeaderElection22: begin an election at term 21 for 0: [e76b0d72-a5f7-47dd-bc74-8743a5d358b0:192.168.69.89:42489, e534181c-9f5d-4f71-ad0d-cd71b851ae4d:192.168.69.89:44098, f1d6a710-9313-44dc-a005-f0b22c06f92c:192.168.69.89:41254], old=null
2019-10-20 10:18:23,971 [grpc-default-executor-3] INFO  impl.RaftServerImpl (RaftServerImpl.java:setRole(184)) - e76b0d72-a5f7-47dd-bc74-8743a5d358b0@group-CC68B5F19AD3: changes role from  FOLLOWER to FOLLOWER at term 21 for recognizeCandidate:e534181c-9f5d-4f71-ad0d-cd71b851ae4d
2019-10-20 10:18:23,971 [grpc-default-executor-3] INFO  impl.RoleInfo (RoleInfo.java:shutdownFollowerState(121)) - e76b0d72-a5f7-47dd-bc74-8743a5d358b0: shutdown FollowerState
2019-10-20 10:18:23,971 [grpc-default-executor-5] INFO  impl.RaftServerImpl (RaftServerImpl.java:setRole(184)) - f1d6a710-9313-44dc-a005-f0b22c06f92c@group-CC68B5F19AD3: changes role from  FOLLOWER to FOLLOWER at term 21 for recognizeCandidate:e534181c-9f5d-4f71-ad0d-cd71b851ae4d
2019-10-20 10:18:23,971 [grpc-default-executor-3] INFO  impl.RoleInfo (RoleInfo.java:updateAndGet(143)) - e76b0d72-a5f7-47dd-bc74-8743a5d358b0: start FollowerState
2019-10-20 10:18:23,971 [Thread-671] INFO  impl.FollowerState (FollowerState.java:run(117)) - e76b0d72-a5f7-47dd-bc74-8743a5d358b0@group-CC68B5F19AD3-FollowerState was interrupted: java.lang.InterruptedException: sleep interrupted
2019-10-20 10:18:23,971 [grpc-default-executor-5] INFO  impl.RoleInfo (RoleInfo.java:shutdownFollowerState(121)) - f1d6a710-9313-44dc-a005-f0b22c06f92c: shutdown FollowerState
2019-10-20 10:18:23,972 [Thread-672] INFO  impl.FollowerState (FollowerState.java:run(117)) - f1d6a710-9313-44dc-a005-f0b22c06f92c@group-CC68B5F19AD3-FollowerState was interrupted: java.lang.InterruptedException: sleep interrupted
2019-10-20 10:18:23,972 [grpc-default-executor-5] INFO  impl.RoleInfo (RoleInfo.java:updateAndGet(143)) - f1d6a710-9313-44dc-a005-f0b22c06f92c: start FollowerState
2019-10-20 10:18:23,986 [e534181c-9f5d-4f71-ad0d-cd71b851ae4d@group-CC68B5F19AD3-LeaderElection22] INFO  impl.LeaderElection (LeaderElection.java:logAndReturn(56)) - e534181c-9f5d-4f71-ad0d-cd71b851ae4d@group-CC68B5F19AD3-LeaderElection22: Election REJECTED; received 2 response(s) [e534181c-9f5d-4f71-ad0d-cd71b851ae4d<-e76b0d72-a5f7-47dd-bc74-8743a5d358b0#0:FAIL-t21, e534181c-9f5d-4f71-ad0d-cd71b851ae4d<-f1d6a710-9313-44dc-a005-f0b22c06f92c#0:FAIL-t21] and 0 exception(s); e534181c-9f5d-4f71-ad0d-cd71b851ae4d@group-CC68B5F19AD3:t21, leader=null, voted=e534181c-9f5d-4f71-ad0d-cd71b851ae4d, raftlog=e534181c-9f5d-4f71-ad0d-cd71b851ae4d@group-CC68B5F19AD3-SegmentedRaftLog:OPENED:c3,f4,i4, conf=0: [e76b0d72-a5f7-47dd-bc74-8743a5d358b0:192.168.69.89:42489, e534181c-9f5d-4f71-ad0d-cd71b851ae4d:192.168.69.89:44098, f1d6a710-9313-44dc-a005-f0b22c06f92c:192.168.69.89:41254], old=null
2019-10-20 10:18:23,987 [e534181c-9f5d-4f71-ad0d-cd71b851ae4d@group-CC68B5F19AD3-LeaderElection22] INFO  impl.RaftServerImpl (RaftServerImpl.java:setRole(184)) - e534181c-9f5d-4f71-ad0d-cd71b851ae4d@group-CC68B5F19AD3: changes role from CANDIDATE to FOLLOWER at term 21 for DISCOVERED_A_NEW_TERM
2019-10-20 10:18:23,987 [e534181c-9f5d-4f71-ad0d-cd71b851ae4d@group-CC68B5F19AD3-LeaderElection22] INFO  impl.RoleInfo (RoleInfo.java:shutdownLeaderElection(134)) - e534181c-9f5d-4f71-ad0d-cd71b851ae4d: shutdown LeaderElection
2019-10-20 10:18:23,987 [e534181c-9f5d-4f71-ad0d-cd71b851ae4d@group-CC68B5F19AD3-LeaderElection22] INFO  impl.RoleInfo (RoleInfo.java:updateAndGet(143)) - e534181c-9f5d-4f71-ad0d-cd71b851ae4d: start FollowerState
2019-10-20 10:18:24,011 [Thread-682] INFO  impl.FollowerState (FollowerState.java:run(108)) - e534181c-9f5d-4f71-ad0d-cd71b851ae4d@group-CC68B5F19AD3-FollowerState: change to CANDIDATE, lastRpcTime:24ms, electionTimeout:24ms
2019-10-20 10:18:24,013 [Thread-682] INFO  impl.RoleInfo (RoleInfo.java:shutdownFollowerState(121)) - e534181c-9f5d-4f71-ad0d-cd71b851ae4d: shutdown FollowerState
2019-10-20 10:18:24,013 [Thread-682] INFO  impl.RaftServerImpl (RaftServerImpl.java:setRole(184)) - e534181c-9f5d-4f71-ad0d-cd71b851ae4d@group-CC68B5F19AD3: changes role from  FOLLOWER to CANDIDATE at term 21 for changeToCandidate
2019-10-20 10:18:24,014 [Thread-682] INFO  impl.RoleInfo (RoleInfo.java:updateAndGet(143)) - e534181c-9f5d-4f71-ad0d-cd71b851ae4d: start LeaderElection
2019-10-20 10:18:24,014 [BlockDeletingService#2] WARN  background.BlockDeletingService (BlockDeletingService.java:isDeletionAllowed(187)) - Close Container log Index 6 is not replicated across allthe servers in the pipeline 119175b0-5d21-4334-a09f-cc68b5f19ad3 as the min replicated index is 4. Deletion is not allowed in this container yet.
2019-10-20 10:18:24,014 [BlockDeletingService#2] WARN  background.BlockDeletingService (BlockDeletingService.java:isDeletionAllowed(187)) - Close Container log Index 6 is not replicated across allthe servers in the pipeline 119175b0-5d21-4334-a09f-cc68b5f19ad3 as the min replicated index is 4. Deletion is not allowed in this container yet.
2019-10-20 10:18:24,027 [e534181c-9f5d-4f71-ad0d-cd71b851ae4d@group-CC68B5F19AD3-LeaderElection23] INFO  impl.LeaderElection (LeaderElection.java:askForVotes(178)) - e534181c-9f5d-4f71-ad0d-cd71b851ae4d@group-CC68B5F19AD3-LeaderElection23: begin an election at term 22 for 0: [e76b0d72-a5f7-47dd-bc74-8743a5d358b0:192.168.69.89:42489, e534181c-9f5d-4f71-ad0d-cd71b851ae4d:192.168.69.89:44098, f1d6a710-9313-44dc-a005-f0b22c06f92c:192.168.69.89:41254], old=null
2019-10-20 10:18:24,030 [grpc-default-executor-5] INFO  impl.RaftServerImpl (RaftServerImpl.java:setRole(184)) - e76b0d72-a5f7-47dd-bc74-8743a5d358b0@group-CC68B5F19AD3: changes role from  FOLLOWER to FOLLOWER at term 22 for recognizeCandidate:e534181c-9f5d-4f71-ad0d-cd71b851ae4d
2019-10-20 10:18:24,030 [grpc-default-executor-5] INFO  impl.RoleInfo (RoleInfo.java:shutdownFollowerState(121)) - e76b0d72-a5f7-47dd-bc74-8743a5d358b0: shutdown FollowerState
2019-10-20 10:18:24,030 [Thread-680] INFO  impl.FollowerState (FollowerState.java:run(117)) - e76b0d72-a5f7-47dd-bc74-8743a5d358b0@group-CC68B5F19AD3-FollowerState was interrupted: java.lang.InterruptedException: sleep interrupted
2019-10-20 10:18:24,030 [grpc-default-executor-5] INFO  impl.RoleInfo (RoleInfo.java:updateAndGet(143)) - e76b0d72-a5f7-47dd-bc74-8743a5d358b0: start FollowerState
2019-10-20 10:18:24,030 [grpc-default-executor-3] INFO  impl.RaftServerImpl (RaftServerImpl.java:setRole(184)) - f1d6a710-9313-44dc-a005-f0b22c06f92c@group-CC68B5F19AD3: changes role from  FOLLOWER to FOLLOWER at term 22 for recognizeCandidate:e534181c-9f5d-4f71-ad0d-cd71b851ae4d
2019-10-20 10:18:24,031 [grpc-default-executor-3] INFO  impl.RoleInfo (RoleInfo.java:shutdownFollowerState(121)) - f1d6a710-9313-44dc-a005-f0b22c06f92c: shutdown FollowerState
2019-10-20 10:18:24,031 [Thread-681] INFO  impl.FollowerState (FollowerState.java:run(117)) - f1d6a710-9313-44dc-a005-f0b22c06f92c@group-CC68B5F19AD3-FollowerState was interrupted: java.lang.InterruptedException: sleep interrupted
2019-10-20 10:18:24,031 [grpc-default-executor-3] INFO  impl.RoleInfo (RoleInfo.java:updateAndGet(143)) - f1d6a710-9313-44dc-a005-f0b22c06f92c: start FollowerState
2019-10-20 10:18:24,036 [e534181c-9f5d-4f71-ad0d-cd71b851ae4d@group-CC68B5F19AD3-LeaderElection23] INFO  impl.LeaderElection (LeaderElection.java:logAndReturn(56)) - e534181c-9f5d-4f71-ad0d-cd71b851ae4d@group-CC68B5F19AD3-LeaderElection23: Election TIMEOUT; received 0 response(s) [] and 0 exception(s); e534181c-9f5d-4f71-ad0d-cd71b851ae4d@group-CC68B5F19AD3:t22, leader=null, voted=e534181c-9f5d-4f71-ad0d-cd71b851ae4d, raftlog=e534181c-9f5d-4f71-ad0d-cd71b851ae4d@group-CC68B5F19AD3-SegmentedRaftLog:OPENED:c3,f4,i4, conf=0: [e76b0d72-a5f7-47dd-bc74-8743a5d358b0:192.168.69.89:42489, e534181c-9f5d-4f71-ad0d-cd71b851ae4d:192.168.69.89:44098, f1d6a710-9313-44dc-a005-f0b22c06f92c:192.168.69.89:41254], old=null
2019-10-20 10:18:24,045 [e534181c-9f5d-4f71-ad0d-cd71b851ae4d@group-CC68B5F19AD3-LeaderElection23] INFO  impl.LeaderElection (LeaderElection.java:askForVotes(178)) - e534181c-9f5d-4f71-ad0d-cd71b851ae4d@group-CC68B5F19AD3-LeaderElection23: begin an election at term 23 for 0: [e76b0d72-a5f7-47dd-bc74-8743a5d358b0:192.168.69.89:42489, e534181c-9f5d-4f71-ad0d-cd71b851ae4d:192.168.69.89:44098, f1d6a710-9313-44dc-a005-f0b22c06f92c:192.168.69.89:41254], old=null
2019-10-20 10:18:24,047 [grpc-default-executor-3] INFO  impl.RaftServerImpl (RaftServerImpl.java:setRole(184)) - f1d6a710-9313-44dc-a005-f0b22c06f92c@group-CC68B5F19AD3: changes role from  FOLLOWER to FOLLOWER at term 23 for recognizeCandidate:e534181c-9f5d-4f71-ad0d-cd71b851ae4d
2019-10-20 10:18:24,048 [grpc-default-executor-5] INFO  impl.RaftServerImpl (RaftServerImpl.java:setRole(184)) - e76b0d72-a5f7-47dd-bc74-8743a5d358b0@group-CC68B5F19AD3: changes role from  FOLLOWER to FOLLOWER at term 23 for recognizeCandidate:e534181c-9f5d-4f71-ad0d-cd71b851ae4d
2019-10-20 10:18:24,048 [grpc-default-executor-3] INFO  impl.RoleInfo (RoleInfo.java:shutdownFollowerState(121)) - f1d6a710-9313-44dc-a005-f0b22c06f92c: shutdown FollowerState
2019-10-20 10:18:24,049 [grpc-default-executor-5] INFO  impl.RoleInfo (RoleInfo.java:shutdownFollowerState(121)) - e76b0d72-a5f7-47dd-bc74-8743a5d358b0: shutdown FollowerState
2019-10-20 10:18:24,049 [Thread-689] INFO  impl.FollowerState (FollowerState.java:run(117)) - f1d6a710-9313-44dc-a005-f0b22c06f92c@group-CC68B5F19AD3-FollowerState was interrupted: java.lang.InterruptedException: sleep interrupted
2019-10-20 10:18:24,049 [grpc-default-executor-3] INFO  impl.RoleInfo (RoleInfo.java:updateAndGet(143)) - f1d6a710-9313-44dc-a005-f0b22c06f92c: start FollowerState
2019-10-20 10:18:24,049 [Thread-688] INFO  impl.FollowerState (FollowerState.java:run(117)) - e76b0d72-a5f7-47dd-bc74-8743a5d358b0@group-CC68B5F19AD3-FollowerState was interrupted: java.lang.InterruptedException: sleep interrupted
2019-10-20 10:18:24,049 [grpc-default-executor-5] INFO  impl.RoleInfo (RoleInfo.java:updateAndGet(143)) - e76b0d72-a5f7-47dd-bc74-8743a5d358b0: start FollowerState
2019-10-20 10:18:24,063 [e534181c-9f5d-4f71-ad0d-cd71b851ae4d@group-CC68B5F19AD3-LeaderElection23] INFO  impl.LeaderElection (LeaderElection.java:logAndReturn(56)) - e534181c-9f5d-4f71-ad0d-cd71b851ae4d@group-CC68B5F19AD3-LeaderElection23: Election REJECTED; received 2 response(s) [e534181c-9f5d-4f71-ad0d-cd71b851ae4d<-e76b0d72-a5f7-47dd-bc74-8743a5d358b0#0:FAIL-t23, e534181c-9f5d-4f71-ad0d-cd71b851ae4d<-f1d6a710-9313-44dc-a005-f0b22c06f92c#0:FAIL-t23] and 0 exception(s); e534181c-9f5d-4f71-ad0d-cd71b851ae4d@group-CC68B5F19AD3:t23, leader=null, voted=e534181c-9f5d-4f71-ad0d-cd71b851ae4d, raftlog=e534181c-9f5d-4f71-ad0d-cd71b851ae4d@group-CC68B5F19AD3-SegmentedRaftLog:OPENED:c3,f4,i4, conf=0: [e76b0d72-a5f7-47dd-bc74-8743a5d358b0:192.168.69.89:42489, e534181c-9f5d-4f71-ad0d-cd71b851ae4d:192.168.69.89:44098, f1d6a710-9313-44dc-a005-f0b22c06f92c:192.168.69.89:41254], old=null
2019-10-20 10:18:24,064 [e534181c-9f5d-4f71-ad0d-cd71b851ae4d@group-CC68B5F19AD3-LeaderElection23] INFO  impl.RaftServerImpl (RaftServerImpl.java:setRole(184)) - e534181c-9f5d-4f71-ad0d-cd71b851ae4d@group-CC68B5F19AD3: changes role from CANDIDATE to FOLLOWER at term 23 for DISCOVERED_A_NEW_TERM
2019-10-20 10:18:24,064 [e534181c-9f5d-4f71-ad0d-cd71b851ae4d@group-CC68B5F19AD3-LeaderElection23] INFO  impl.RoleInfo (RoleInfo.java:shutdownLeaderElection(134)) - e534181c-9f5d-4f71-ad0d-cd71b851ae4d: shutdown LeaderElection
2019-10-20 10:18:24,064 [e534181c-9f5d-4f71-ad0d-cd71b851ae4d@group-CC68B5F19AD3-LeaderElection23] INFO  impl.RoleInfo (RoleInfo.java:updateAndGet(143)) - e534181c-9f5d-4f71-ad0d-cd71b851ae4d: start FollowerState
2019-10-20 10:18:24,065 [Thread-694] INFO  impl.FollowerState (FollowerState.java:run(108)) - e534181c-9f5d-4f71-ad0d-cd71b851ae4d@group-CC68B5F19AD3-FollowerState: change to CANDIDATE, lastRpcTime:1ms, electionTimeout:1ms
2019-10-20 10:18:24,067 [Thread-694] INFO  impl.RoleInfo (RoleInfo.java:shutdownFollowerState(121)) - e534181c-9f5d-4f71-ad0d-cd71b851ae4d: shutdown FollowerState
2019-10-20 10:18:24,067 [Thread-694] INFO  impl.RaftServerImpl (RaftServerImpl.java:setRole(184)) - e534181c-9f5d-4f71-ad0d-cd71b851ae4d@group-CC68B5F19AD3: changes role from  FOLLOWER to CANDIDATE at term 23 for changeToCandidate
2019-10-20 10:18:24,067 [Thread-694] INFO  impl.RoleInfo (RoleInfo.java:updateAndGet(143)) - e534181c-9f5d-4f71-ad0d-cd71b851ae4d: start LeaderElection
2019-10-20 10:18:24,081 [e534181c-9f5d-4f71-ad0d-cd71b851ae4d@group-CC68B5F19AD3-LeaderElection24] INFO  impl.LeaderElection (LeaderElection.java:askForVotes(178)) - e534181c-9f5d-4f71-ad0d-cd71b851ae4d@group-CC68B5F19AD3-LeaderElection24: begin an election at term 24 for 0: [e76b0d72-a5f7-47dd-bc74-8743a5d358b0:192.168.69.89:42489, e534181c-9f5d-4f71-ad0d-cd71b851ae4d:192.168.69.89:44098, f1d6a710-9313-44dc-a005-f0b22c06f92c:192.168.69.89:41254], old=null
2019-10-20 10:18:24,083 [grpc-default-executor-3] INFO  impl.RaftServerImpl (RaftServerImpl.java:setRole(184)) - e76b0d72-a5f7-47dd-bc74-8743a5d358b0@group-CC68B5F19AD3: changes role from  FOLLOWER to FOLLOWER at term 24 for recognizeCandidate:e534181c-9f5d-4f71-ad0d-cd71b851ae4d
2019-10-20 10:18:24,084 [grpc-default-executor-3] INFO  impl.RoleInfo (RoleInfo.java:shutdownFollowerState(121)) - e76b0d72-a5f7-47dd-bc74-8743a5d358b0: shutdown FollowerState
2019-10-20 10:18:24,084 [grpc-default-executor-3] INFO  impl.RoleInfo (RoleInfo.java:updateAndGet(143)) - e76b0d72-a5f7-47dd-bc74-8743a5d358b0: start FollowerState
2019-10-20 10:18:24,084 [grpc-default-executor-5] INFO  impl.RaftServerImpl (RaftServerImpl.java:setRole(184)) - f1d6a710-9313-44dc-a005-f0b22c06f92c@group-CC68B5F19AD3: changes role from  FOLLOWER to FOLLOWER at term 24 for recognizeCandidate:e534181c-9f5d-4f71-ad0d-cd71b851ae4d
2019-10-20 10:18:24,084 [Thread-693] INFO  impl.FollowerState (FollowerState.java:run(117)) - e76b0d72-a5f7-47dd-bc74-8743a5d358b0@group-CC68B5F19AD3-FollowerState was interrupted: java.lang.InterruptedException: sleep interrupted
2019-10-20 10:18:24,084 [grpc-default-executor-5] INFO  impl.RoleInfo (RoleInfo.java:shutdownFollowerState(121)) - f1d6a710-9313-44dc-a005-f0b22c06f92c: shutdown FollowerState
2019-10-20 10:18:24,084 [Thread-692] INFO  impl.FollowerState (FollowerState.java:run(117)) - f1d6a710-9313-44dc-a005-f0b22c06f92c@group-CC68B5F19AD3-FollowerState was interrupted: java.lang.InterruptedException: sleep interrupted
2019-10-20 10:18:24,084 [grpc-default-executor-5] INFO  impl.RoleInfo (RoleInfo.java:updateAndGet(143)) - f1d6a710-9313-44dc-a005-f0b22c06f92c: start FollowerState
2019-10-20 10:18:24,099 [e534181c-9f5d-4f71-ad0d-cd71b851ae4d@group-CC68B5F19AD3-LeaderElection24] INFO  impl.LeaderElection (LeaderElection.java:logAndReturn(56)) - e534181c-9f5d-4f71-ad0d-cd71b851ae4d@group-CC68B5F19AD3-LeaderElection24: Election REJECTED; received 2 response(s) [e534181c-9f5d-4f71-ad0d-cd71b851ae4d<-e76b0d72-a5f7-47dd-bc74-8743a5d358b0#0:FAIL-t24, e534181c-9f5d-4f71-ad0d-cd71b851ae4d<-f1d6a710-9313-44dc-a005-f0b22c06f92c#0:FAIL-t24] and 0 exception(s); e534181c-9f5d-4f71-ad0d-cd71b851ae4d@group-CC68B5F19AD3:t24, leader=null, voted=e534181c-9f5d-4f71-ad0d-cd71b851ae4d, raftlog=e534181c-9f5d-4f71-ad0d-cd71b851ae4d@group-CC68B5F19AD3-SegmentedRaftLog:OPENED:c3,f4,i4, conf=0: [e76b0d72-a5f7-47dd-bc74-8743a5d358b0:192.168.69.89:42489, e534181c-9f5d-4f71-ad0d-cd71b851ae4d:192.168.69.89:44098, f1d6a710-9313-44dc-a005-f0b22c06f92c:192.168.69.89:41254], old=null
2019-10-20 10:18:24,099 [e534181c-9f5d-4f71-ad0d-cd71b851ae4d@group-CC68B5F19AD3-LeaderElection24] INFO  impl.RaftServerImpl (RaftServerImpl.java:setRole(184)) - e534181c-9f5d-4f71-ad0d-cd71b851ae4d@group-CC68B5F19AD3: changes role from CANDIDATE to FOLLOWER at term 24 for DISCOVERED_A_NEW_TERM
2019-10-20 10:18:24,099 [e534181c-9f5d-4f71-ad0d-cd71b851ae4d@group-CC68B5F19AD3-LeaderElection24] INFO  impl.RoleInfo (RoleInfo.java:shutdownLeaderElection(134)) - e534181c-9f5d-4f71-ad0d-cd71b851ae4d: shutdown LeaderElection
2019-10-20 10:18:24,099 [e534181c-9f5d-4f71-ad0d-cd71b851ae4d@group-CC68B5F19AD3-LeaderElection24] INFO  impl.RoleInfo (RoleInfo.java:updateAndGet(143)) - e534181c-9f5d-4f71-ad0d-cd71b851ae4d: start FollowerState
2019-10-20 10:18:24,286 [Thread-700] INFO  impl.FollowerState (FollowerState.java:run(108)) - e534181c-9f5d-4f71-ad0d-cd71b851ae4d@group-CC68B5F19AD3-FollowerState: change to CANDIDATE, lastRpcTime:187ms, electionTimeout:187ms
2019-10-20 10:18:24,288 [Thread-700] INFO  impl.RoleInfo (RoleInfo.java:shutdownFollowerState(121)) - e534181c-9f5d-4f71-ad0d-cd71b851ae4d: shutdown FollowerState
2019-10-20 10:18:24,288 [Thread-700] INFO  impl.RaftServerImpl (RaftServerImpl.java:setRole(184)) - e534181c-9f5d-4f71-ad0d-cd71b851ae4d@group-CC68B5F19AD3: changes role from  FOLLOWER to CANDIDATE at term 24 for changeToCandidate
2019-10-20 10:18:24,288 [Thread-700] INFO  impl.RoleInfo (RoleInfo.java:updateAndGet(143)) - e534181c-9f5d-4f71-ad0d-cd71b851ae4d: start LeaderElection
2019-10-20 10:18:24,303 [e534181c-9f5d-4f71-ad0d-cd71b851ae4d@group-CC68B5F19AD3-LeaderElection25] INFO  impl.LeaderElection (LeaderElection.java:askForVotes(178)) - e534181c-9f5d-4f71-ad0d-cd71b851ae4d@group-CC68B5F19AD3-LeaderElection25: begin an election at term 25 for 0: [e76b0d72-a5f7-47dd-bc74-8743a5d358b0:192.168.69.89:42489, e534181c-9f5d-4f71-ad0d-cd71b851ae4d:192.168.69.89:44098, f1d6a710-9313-44dc-a005-f0b22c06f92c:192.168.69.89:41254], old=null
2019-10-20 10:18:24,306 [grpc-default-executor-3] INFO  impl.RaftServerImpl (RaftServerImpl.java:setRole(184)) - e76b0d72-a5f7-47dd-bc74-8743a5d358b0@group-CC68B5F19AD3: changes role from  FOLLOWER to FOLLOWER at term 25 for recognizeCandidate:e534181c-9f5d-4f71-ad0d-cd71b851ae4d
2019-10-20 10:18:24,306 [grpc-default-executor-5] INFO  impl.RaftServerImpl (RaftServerImpl.java:setRole(184)) - f1d6a710-9313-44dc-a005-f0b22c06f92c@group-CC68B5F19AD3: changes role from  FOLLOWER to FOLLOWER at term 25 for recognizeCandidate:e534181c-9f5d-4f71-ad0d-cd71b851ae4d
2019-10-20 10:18:24,306 [grpc-default-executor-3] INFO  impl.RoleInfo (RoleInfo.java:shutdownFollowerState(121)) - e76b0d72-a5f7-47dd-bc74-8743a5d358b0: shutdown FollowerState
2019-10-20 10:18:24,307 [grpc-default-executor-5] INFO  impl.RoleInfo (RoleInfo.java:shutdownFollowerState(121)) - f1d6a710-9313-44dc-a005-f0b22c06f92c: shutdown FollowerState
2019-10-20 10:18:24,307 [grpc-default-executor-3] INFO  impl.RoleInfo (RoleInfo.java:updateAndGet(143)) - e76b0d72-a5f7-47dd-bc74-8743a5d358b0: start FollowerState
2019-10-20 10:18:24,307 [grpc-default-executor-5] INFO  impl.RoleInfo (RoleInfo.java:updateAndGet(143)) - f1d6a710-9313-44dc-a005-f0b22c06f92c: start FollowerState
2019-10-20 10:18:24,307 [Thread-698] INFO  impl.FollowerState (FollowerState.java:run(117)) - e76b0d72-a5f7-47dd-bc74-8743a5d358b0@group-CC68B5F19AD3-FollowerState was interrupted: java.lang.InterruptedException: sleep interrupted
2019-10-20 10:18:24,307 [Thread-699] INFO  impl.FollowerState (FollowerState.java:run(117)) - f1d6a710-9313-44dc-a005-f0b22c06f92c@group-CC68B5F19AD3-FollowerState was interrupted: java.lang.InterruptedException: sleep interrupted
2019-10-20 10:18:24,313 [java.util.concurrent.ThreadPoolExecutor$Worker@28f79926[State = -1, empty queue]] WARN  server.GrpcLogAppender (GrpcLogAppender.java:timeoutAppendRequest(209)) - e76b0d72-a5f7-47dd-bc74-8743a5d358b0@group-CC68B5F19AD3->e534181c-9f5d-4f71-ad0d-cd71b851ae4d-GrpcLogAppender: appendEntries Timeout, request=e76b0d72-a5f7-47dd-bc74-8743a5d358b0->e534181c-9f5d-4f71-ad0d-cd71b851ae4d#52-t2, previous=(t:2, i:10), leaderCommit=10, initializing? false, entries: <empty>
2019-10-20 10:18:24,322 [e534181c-9f5d-4f71-ad0d-cd71b851ae4d@group-CC68B5F19AD3-LeaderElection25] INFO  impl.LeaderElection (LeaderElection.java:logAndReturn(56)) - e534181c-9f5d-4f71-ad0d-cd71b851ae4d@group-CC68B5F19AD3-LeaderElection25: Election REJECTED; received 2 response(s) [e534181c-9f5d-4f71-ad0d-cd71b851ae4d<-e76b0d72-a5f7-47dd-bc74-8743a5d358b0#0:FAIL-t25, e534181c-9f5d-4f71-ad0d-cd71b851ae4d<-f1d6a710-9313-44dc-a005-f0b22c06f92c#0:FAIL-t25] and 0 exception(s); e534181c-9f5d-4f71-ad0d-cd71b851ae4d@group-CC68B5F19AD3:t25, leader=null, voted=e534181c-9f5d-4f71-ad0d-cd71b851ae4d, raftlog=e534181c-9f5d-4f71-ad0d-cd71b851ae4d@group-CC68B5F19AD3-SegmentedRaftLog:OPENED:c3,f4,i4, conf=0: [e76b0d72-a5f7-47dd-bc74-8743a5d358b0:192.168.69.89:42489, e534181c-9f5d-4f71-ad0d-cd71b851ae4d:192.168.69.89:44098, f1d6a710-9313-44dc-a005-f0b22c06f92c:192.168.69.89:41254], old=null
2019-10-20 10:18:24,322 [e534181c-9f5d-4f71-ad0d-cd71b851ae4d@group-CC68B5F19AD3-LeaderElection25] INFO  impl.RaftServerImpl (RaftServerImpl.java:setRole(184)) - e534181c-9f5d-4f71-ad0d-cd71b851ae4d@group-CC68B5F19AD3: changes role from CANDIDATE to FOLLOWER at term 25 for DISCOVERED_A_NEW_TERM
2019-10-20 10:18:24,322 [e534181c-9f5d-4f71-ad0d-cd71b851ae4d@group-CC68B5F19AD3-LeaderElection25] INFO  impl.RoleInfo (RoleInfo.java:shutdownLeaderElection(134)) - e534181c-9f5d-4f71-ad0d-cd71b851ae4d: shutdown LeaderElection
2019-10-20 10:18:24,323 [e534181c-9f5d-4f71-ad0d-cd71b851ae4d@group-CC68B5F19AD3-LeaderElection25] INFO  impl.RoleInfo (RoleInfo.java:updateAndGet(143)) - e534181c-9f5d-4f71-ad0d-cd71b851ae4d: start FollowerState
2019-10-20 10:18:24,351 [Thread-706] INFO  impl.FollowerState (FollowerState.java:run(108)) - e534181c-9f5d-4f71-ad0d-cd71b851ae4d@group-CC68B5F19AD3-FollowerState: change to CANDIDATE, lastRpcTime:28ms, electionTimeout:28ms
2019-10-20 10:18:24,352 [Thread-706] INFO  impl.RoleInfo (RoleInfo.java:shutdownFollowerState(121)) - e534181c-9f5d-4f71-ad0d-cd71b851ae4d: shutdown FollowerState
2019-10-20 10:18:24,353 [Thread-706] INFO  impl.RaftServerImpl (RaftServerImpl.java:setRole(184)) - e534181c-9f5d-4f71-ad0d-cd71b851ae4d@group-CC68B5F19AD3: changes role from  FOLLOWER to CANDIDATE at term 25 for changeToCandidate
2019-10-20 10:18:24,353 [Thread-706] INFO  impl.RoleInfo (RoleInfo.java:updateAndGet(143)) - e534181c-9f5d-4f71-ad0d-cd71b851ae4d: start LeaderElection
2019-10-20 10:18:24,367 [e534181c-9f5d-4f71-ad0d-cd71b851ae4d@group-CC68B5F19AD3-LeaderElection26] INFO  impl.LeaderElection (LeaderElection.java:askForVotes(178)) - e534181c-9f5d-4f71-ad0d-cd71b851ae4d@group-CC68B5F19AD3-LeaderElection26: begin an election at term 26 for 0: [e76b0d72-a5f7-47dd-bc74-8743a5d358b0:192.168.69.89:42489, e534181c-9f5d-4f71-ad0d-cd71b851ae4d:192.168.69.89:44098, f1d6a710-9313-44dc-a005-f0b22c06f92c:192.168.69.89:41254], old=null
2019-10-20 10:18:24,370 [grpc-default-executor-3] INFO  impl.RaftServerImpl (RaftServerImpl.java:setRole(184)) - e76b0d72-a5f7-47dd-bc74-8743a5d358b0@group-CC68B5F19AD3: changes role from  FOLLOWER to FOLLOWER at term 26 for recognizeCandidate:e534181c-9f5d-4f71-ad0d-cd71b851ae4d
2019-10-20 10:18:24,370 [grpc-default-executor-5] INFO  impl.RaftServerImpl (RaftServerImpl.java:setRole(184)) - f1d6a710-9313-44dc-a005-f0b22c06f92c@group-CC68B5F19AD3: changes role from  FOLLOWER to FOLLOWER at term 26 for recognizeCandidate:e534181c-9f5d-4f71-ad0d-cd71b851ae4d
2019-10-20 10:18:24,370 [grpc-default-executor-3] INFO  impl.RoleInfo (RoleInfo.java:shutdownFollowerState(121)) - e76b0d72-a5f7-47dd-bc74-8743a5d358b0: shutdown FollowerState
2019-10-20 10:18:24,370 [grpc-default-executor-5] INFO  impl.RoleInfo (RoleInfo.java:shutdownFollowerState(121)) - f1d6a710-9313-44dc-a005-f0b22c06f92c: shutdown FollowerState
2019-10-20 10:18:24,371 [grpc-default-executor-3] INFO  impl.RoleInfo (RoleInfo.java:updateAndGet(143)) - e76b0d72-a5f7-47dd-bc74-8743a5d358b0: start FollowerState
2019-10-20 10:18:24,371 [Thread-704] INFO  impl.FollowerState (FollowerState.java:run(117)) - e76b0d72-a5f7-47dd-bc74-8743a5d358b0@group-CC68B5F19AD3-FollowerState was interrupted: java.lang.InterruptedException: sleep interrupted
2019-10-20 10:18:24,371 [grpc-default-executor-5] INFO  impl.RoleInfo (RoleInfo.java:updateAndGet(143)) - f1d6a710-9313-44dc-a005-f0b22c06f92c: start FollowerState
2019-10-20 10:18:24,371 [Thread-705] INFO  impl.FollowerState (FollowerState.java:run(117)) - f1d6a710-9313-44dc-a005-f0b22c06f92c@group-CC68B5F19AD3-FollowerState was interrupted: java.lang.InterruptedException: sleep interrupted
2019-10-20 10:18:24,385 [e534181c-9f5d-4f71-ad0d-cd71b851ae4d@group-CC68B5F19AD3-LeaderElection26] INFO  impl.LeaderElection (LeaderElection.java:logAndReturn(56)) - e534181c-9f5d-4f71-ad0d-cd71b851ae4d@group-CC68B5F19AD3-LeaderElection26: Election REJECTED; received 2 response(s) [e534181c-9f5d-4f71-ad0d-cd71b851ae4d<-e76b0d72-a5f7-47dd-bc74-8743a5d358b0#0:FAIL-t26, e534181c-9f5d-4f71-ad0d-cd71b851ae4d<-f1d6a710-9313-44dc-a005-f0b22c06f92c#0:FAIL-t26] and 0 exception(s); e534181c-9f5d-4f71-ad0d-cd71b851ae4d@group-CC68B5F19AD3:t26, leader=null, voted=e534181c-9f5d-4f71-ad0d-cd71b851ae4d, raftlog=e534181c-9f5d-4f71-ad0d-cd71b851ae4d@group-CC68B5F19AD3-SegmentedRaftLog:OPENED:c3,f4,i4, conf=0: [e76b0d72-a5f7-47dd-bc74-8743a5d358b0:192.168.69.89:42489, e534181c-9f5d-4f71-ad0d-cd71b851ae4d:192.168.69.89:44098, f1d6a710-9313-44dc-a005-f0b22c06f92c:192.168.69.89:41254], old=null
2019-10-20 10:18:24,386 [e534181c-9f5d-4f71-ad0d-cd71b851ae4d@group-CC68B5F19AD3-LeaderElection26] INFO  impl.RaftServerImpl (RaftServerImpl.java:setRole(184)) - e534181c-9f5d-4f71-ad0d-cd71b851ae4d@group-CC68B5F19AD3: changes role from CANDIDATE to FOLLOWER at term 26 for DISCOVERED_A_NEW_TERM
2019-10-20 10:18:24,386 [e534181c-9f5d-4f71-ad0d-cd71b851ae4d@group-CC68B5F19AD3-LeaderElection26] INFO  impl.RoleInfo (RoleInfo.java:shutdownLeaderElection(134)) - e534181c-9f5d-4f71-ad0d-cd71b851ae4d: shutdown LeaderElection
2019-10-20 10:18:24,386 [e534181c-9f5d-4f71-ad0d-cd71b851ae4d@group-CC68B5F19AD3-LeaderElection26] INFO  impl.RoleInfo (RoleInfo.java:updateAndGet(143)) - e534181c-9f5d-4f71-ad0d-cd71b851ae4d: start FollowerState
2019-10-20 10:18:24,456 [Thread-712] INFO  impl.FollowerState (FollowerState.java:run(108)) - e534181c-9f5d-4f71-ad0d-cd71b851ae4d@group-CC68B5F19AD3-FollowerState: change to CANDIDATE, lastRpcTime:70ms, electionTimeout:70ms
2019-10-20 10:18:24,458 [Thread-712] INFO  impl.RoleInfo (RoleInfo.java:shutdownFollowerState(121)) - e534181c-9f5d-4f71-ad0d-cd71b851ae4d: shutdown FollowerState
2019-10-20 10:18:24,458 [Thread-712] INFO  impl.RaftServerImpl (RaftServerImpl.java:setRole(184)) - e534181c-9f5d-4f71-ad0d-cd71b851ae4d@group-CC68B5F19AD3: changes role from  FOLLOWER to CANDIDATE at term 26 for changeToCandidate
2019-10-20 10:18:24,458 [Thread-712] INFO  impl.RoleInfo (RoleInfo.java:updateAndGet(143)) - e534181c-9f5d-4f71-ad0d-cd71b851ae4d: start LeaderElection
2019-10-20 10:18:24,472 [e534181c-9f5d-4f71-ad0d-cd71b851ae4d@group-CC68B5F19AD3-LeaderElection27] INFO  impl.LeaderElection (LeaderElection.java:askForVotes(178)) - e534181c-9f5d-4f71-ad0d-cd71b851ae4d@group-CC68B5F19AD3-LeaderElection27: begin an election at term 27 for 0: [e76b0d72-a5f7-47dd-bc74-8743a5d358b0:192.168.69.89:42489, e534181c-9f5d-4f71-ad0d-cd71b851ae4d:192.168.69.89:44098, f1d6a710-9313-44dc-a005-f0b22c06f92c:192.168.69.89:41254], old=null
2019-10-20 10:18:24,476 [grpc-default-executor-3] INFO  impl.RaftServerImpl (RaftServerImpl.java:setRole(184)) - f1d6a710-9313-44dc-a005-f0b22c06f92c@group-CC68B5F19AD3: changes role from  FOLLOWER to FOLLOWER at term 27 for recognizeCandidate:e534181c-9f5d-4f71-ad0d-cd71b851ae4d
2019-10-20 10:18:24,476 [grpc-default-executor-3] INFO  impl.RoleInfo (RoleInfo.java:shutdownFollowerState(121)) - f1d6a710-9313-44dc-a005-f0b22c06f92c: shutdown FollowerState
2019-10-20 10:18:24,476 [grpc-default-executor-5] INFO  impl.RaftServerImpl (RaftServerImpl.java:setRole(184)) - e76b0d72-a5f7-47dd-bc74-8743a5d358b0@group-CC68B5F19AD3: changes role from  FOLLOWER to FOLLOWER at term 27 for recognizeCandidate:e534181c-9f5d-4f71-ad0d-cd71b851ae4d
2019-10-20 10:18:24,476 [grpc-default-executor-3] INFO  impl.RoleInfo (RoleInfo.java:updateAndGet(143)) - f1d6a710-9313-44dc-a005-f0b22c06f92c: start FollowerState
2019-10-20 10:18:24,476 [Thread-711] INFO  impl.FollowerState (FollowerState.java:run(117)) - f1d6a710-9313-44dc-a005-f0b22c06f92c@group-CC68B5F19AD3-FollowerState was interrupted: java.lang.InterruptedException: sleep interrupted
2019-10-20 10:18:24,477 [grpc-default-executor-5] INFO  impl.RoleInfo (RoleInfo.java:shutdownFollowerState(121)) - e76b0d72-a5f7-47dd-bc74-8743a5d358b0: shutdown FollowerState
2019-10-20 10:18:24,477 [grpc-default-executor-5] INFO  impl.RoleInfo (RoleInfo.java:updateAndGet(143)) - e76b0d72-a5f7-47dd-bc74-8743a5d358b0: start FollowerState
2019-10-20 10:18:24,477 [Thread-710] INFO  impl.FollowerState (FollowerState.java:run(117)) - e76b0d72-a5f7-47dd-bc74-8743a5d358b0@group-CC68B5F19AD3-FollowerState was interrupted: java.lang.InterruptedException: sleep interrupted
2019-10-20 10:18:24,492 [e534181c-9f5d-4f71-ad0d-cd71b851ae4d@group-CC68B5F19AD3-LeaderElection27] INFO  impl.LeaderElection (LeaderElection.java:logAndReturn(56)) - e534181c-9f5d-4f71-ad0d-cd71b851ae4d@group-CC68B5F19AD3-LeaderElection27: Election REJECTED; received 2 response(s) [e534181c-9f5d-4f71-ad0d-cd71b851ae4d<-e76b0d72-a5f7-47dd-bc74-8743a5d358b0#0:FAIL-t27, e534181c-9f5d-4f71-ad0d-cd71b851ae4d<-f1d6a710-9313-44dc-a005-f0b22c06f92c#0:FAIL-t27] and 0 exception(s); e534181c-9f5d-4f71-ad0d-cd71b851ae4d@group-CC68B5F19AD3:t27, leader=null, voted=e534181c-9f5d-4f71-ad0d-cd71b851ae4d, raftlog=e534181c-9f5d-4f71-ad0d-cd71b851ae4d@group-CC68B5F19AD3-SegmentedRaftLog:OPENED:c3,f4,i4, conf=0: [e76b0d72-a5f7-47dd-bc74-8743a5d358b0:192.168.69.89:42489, e534181c-9f5d-4f71-ad0d-cd71b851ae4d:192.168.69.89:44098, f1d6a710-9313-44dc-a005-f0b22c06f92c:192.168.69.89:41254], old=null
2019-10-20 10:18:24,492 [e534181c-9f5d-4f71-ad0d-cd71b851ae4d@group-CC68B5F19AD3-LeaderElection27] INFO  impl.RaftServerImpl (RaftServerImpl.java:setRole(184)) - e534181c-9f5d-4f71-ad0d-cd71b851ae4d@group-CC68B5F19AD3: changes role from CANDIDATE to FOLLOWER at term 27 for DISCOVERED_A_NEW_TERM
2019-10-20 10:18:24,492 [e534181c-9f5d-4f71-ad0d-cd71b851ae4d@group-CC68B5F19AD3-LeaderElection27] INFO  impl.RoleInfo (RoleInfo.java:shutdownLeaderElection(134)) - e534181c-9f5d-4f71-ad0d-cd71b851ae4d: shutdown LeaderElection
2019-10-20 10:18:24,492 [e534181c-9f5d-4f71-ad0d-cd71b851ae4d@group-CC68B5F19AD3-LeaderElection27] INFO  impl.RoleInfo (RoleInfo.java:updateAndGet(143)) - e534181c-9f5d-4f71-ad0d-cd71b851ae4d: start FollowerState
2019-10-20 10:18:24,657 [Thread-718] INFO  impl.FollowerState (FollowerState.java:run(108)) - e534181c-9f5d-4f71-ad0d-cd71b851ae4d@group-CC68B5F19AD3-FollowerState: change to CANDIDATE, lastRpcTime:164ms, electionTimeout:164ms
2019-10-20 10:18:24,658 [Thread-718] INFO  impl.RoleInfo (RoleInfo.java:shutdownFollowerState(121)) - e534181c-9f5d-4f71-ad0d-cd71b851ae4d: shutdown FollowerState
2019-10-20 10:18:24,658 [Thread-718] INFO  impl.RaftServerImpl (RaftServerImpl.java:setRole(184)) - e534181c-9f5d-4f71-ad0d-cd71b851ae4d@group-CC68B5F19AD3: changes role from  FOLLOWER to CANDIDATE at term 27 for changeToCandidate
2019-10-20 10:18:24,659 [Thread-718] INFO  impl.RoleInfo (RoleInfo.java:updateAndGet(143)) - e534181c-9f5d-4f71-ad0d-cd71b851ae4d: start LeaderElection
2019-10-20 10:18:24,673 [e534181c-9f5d-4f71-ad0d-cd71b851ae4d@group-CC68B5F19AD3-LeaderElection28] INFO  impl.LeaderElection (LeaderElection.java:askForVotes(178)) - e534181c-9f5d-4f71-ad0d-cd71b851ae4d@group-CC68B5F19AD3-LeaderElection28: begin an election at term 28 for 0: [e76b0d72-a5f7-47dd-bc74-8743a5d358b0:192.168.69.89:42489, e534181c-9f5d-4f71-ad0d-cd71b851ae4d:192.168.69.89:44098, f1d6a710-9313-44dc-a005-f0b22c06f92c:192.168.69.89:41254], old=null
2019-10-20 10:18:24,675 [grpc-default-executor-3] INFO  impl.RaftServerImpl (RaftServerImpl.java:setRole(184)) - e76b0d72-a5f7-47dd-bc74-8743a5d358b0@group-CC68B5F19AD3: changes role from  FOLLOWER to FOLLOWER at term 28 for recognizeCandidate:e534181c-9f5d-4f71-ad0d-cd71b851ae4d
2019-10-20 10:18:24,675 [grpc-default-executor-5] INFO  impl.RaftServerImpl (RaftServerImpl.java:setRole(184)) - f1d6a710-9313-44dc-a005-f0b22c06f92c@group-CC68B5F19AD3: changes role from  FOLLOWER to FOLLOWER at term 28 for recognizeCandidate:e534181c-9f5d-4f71-ad0d-cd71b851ae4d
2019-10-20 10:18:24,676 [grpc-default-executor-3] INFO  impl.RoleInfo (RoleInfo.java:shutdownFollowerState(121)) - e76b0d72-a5f7-47dd-bc74-8743a5d358b0: shutdown FollowerState
2019-10-20 10:18:24,676 [grpc-default-executor-5] INFO  impl.RoleInfo (RoleInfo.java:shutdownFollowerState(121)) - f1d6a710-9313-44dc-a005-f0b22c06f92c: shutdown FollowerState
2019-10-20 10:18:24,676 [grpc-default-executor-3] INFO  impl.RoleInfo (RoleInfo.java:updateAndGet(143)) - e76b0d72-a5f7-47dd-bc74-8743a5d358b0: start FollowerState
2019-10-20 10:18:24,676 [Thread-717] INFO  impl.FollowerState (FollowerState.java:run(117)) - e76b0d72-a5f7-47dd-bc74-8743a5d358b0@group-CC68B5F19AD3-FollowerState was interrupted: java.lang.InterruptedException: sleep interrupted
2019-10-20 10:18:24,676 [Thread-716] INFO  impl.FollowerState (FollowerState.java:run(117)) - f1d6a710-9313-44dc-a005-f0b22c06f92c@group-CC68B5F19AD3-FollowerState was interrupted: java.lang.InterruptedException: sleep interrupted
2019-10-20 10:18:24,676 [grpc-default-executor-5] INFO  impl.RoleInfo (RoleInfo.java:updateAndGet(143)) - f1d6a710-9313-44dc-a005-f0b22c06f92c: start FollowerState
2019-10-20 10:18:24,691 [e534181c-9f5d-4f71-ad0d-cd71b851ae4d@group-CC68B5F19AD3-LeaderElection28] INFO  impl.LeaderElection (LeaderElection.java:logAndReturn(56)) - e534181c-9f5d-4f71-ad0d-cd71b851ae4d@group-CC68B5F19AD3-LeaderElection28: Election REJECTED; received 2 response(s) [e534181c-9f5d-4f71-ad0d-cd71b851ae4d<-e76b0d72-a5f7-47dd-bc74-8743a5d358b0#0:FAIL-t28, e534181c-9f5d-4f71-ad0d-cd71b851ae4d<-f1d6a710-9313-44dc-a005-f0b22c06f92c#0:FAIL-t28] and 0 exception(s); e534181c-9f5d-4f71-ad0d-cd71b851ae4d@group-CC68B5F19AD3:t28, leader=null, voted=e534181c-9f5d-4f71-ad0d-cd71b851ae4d, raftlog=e534181c-9f5d-4f71-ad0d-cd71b851ae4d@group-CC68B5F19AD3-SegmentedRaftLog:OPENED:c3,f4,i4, conf=0: [e76b0d72-a5f7-47dd-bc74-8743a5d358b0:192.168.69.89:42489, e534181c-9f5d-4f71-ad0d-cd71b851ae4d:192.168.69.89:44098, f1d6a710-9313-44dc-a005-f0b22c06f92c:192.168.69.89:41254], old=null
2019-10-20 10:18:24,691 [e534181c-9f5d-4f71-ad0d-cd71b851ae4d@group-CC68B5F19AD3-LeaderElection28] INFO  impl.RaftServerImpl (RaftServerImpl.java:setRole(184)) - e534181c-9f5d-4f71-ad0d-cd71b851ae4d@group-CC68B5F19AD3: changes role from CANDIDATE to FOLLOWER at term 28 for DISCOVERED_A_NEW_TERM
2019-10-20 10:18:24,691 [e534181c-9f5d-4f71-ad0d-cd71b851ae4d@group-CC68B5F19AD3-LeaderElection28] INFO  impl.RoleInfo (RoleInfo.java:shutdownLeaderElection(134)) - e534181c-9f5d-4f71-ad0d-cd71b851ae4d: shutdown LeaderElection
2019-10-20 10:18:24,692 [e534181c-9f5d-4f71-ad0d-cd71b851ae4d@group-CC68B5F19AD3-LeaderElection28] INFO  impl.RoleInfo (RoleInfo.java:updateAndGet(143)) - e534181c-9f5d-4f71-ad0d-cd71b851ae4d: start FollowerState
2019-10-20 10:18:24,714 [pool-7-thread-1] INFO  commands.RetriableDatanodeEventWatcher (RetriableDatanodeEventWatcher.java:onTimeout(47)) - RetriableDatanodeCommand type=deleteBlocksCommand with id=1571566698707 timed out. Retrying.
2019-10-20 10:18:24,715 [pool-7-thread-2] INFO  commands.RetriableDatanodeEventWatcher (RetriableDatanodeEventWatcher.java:onTimeout(47)) - RetriableDatanodeCommand type=deleteBlocksCommand with id=1571566698709 timed out. Retrying.
2019-10-20 10:18:24,720 [pool-7-thread-2] INFO  commands.RetriableDatanodeEventWatcher (RetriableDatanodeEventWatcher.java:onTimeout(47)) - RetriableDatanodeCommand type=deleteBlocksCommand with id=1571566698710 timed out. Retrying.
2019-10-20 10:18:24,721 [pool-7-thread-2] INFO  commands.RetriableDatanodeEventWatcher (RetriableDatanodeEventWatcher.java:onTimeout(47)) - RetriableDatanodeCommand type=deleteBlocksCommand with id=1571566698711 timed out. Retrying.
2019-10-20 10:18:24,725 [pool-7-thread-2] INFO  commands.RetriableDatanodeEventWatcher (RetriableDatanodeEventWatcher.java:onTimeout(47)) - RetriableDatanodeCommand type=deleteBlocksCommand with id=1571566698713 timed out. Retrying.
2019-10-20 10:18:24,725 [pool-7-thread-1] INFO  commands.RetriableDatanodeEventWatcher (RetriableDatanodeEventWatcher.java:onTimeout(47)) - RetriableDatanodeCommand type=deleteBlocksCommand with id=1571566698712 timed out. Retrying.
2019-10-20 10:18:24,727 [SCMBlockDeletingService#0] INFO  block.SCMBlockDeletingService (SCMBlockDeletingService.java:call(184)) - Totally added 1 delete blocks command for 1 datanodes, task elapsed time: 0ms
2019-10-20 10:18:24,784 [Thread-727] INFO  client.GrpcClientProtocolService (GrpcClientProtocolService.java:lambda$processClientRequest$0(278)) - Failed RaftClientRequest:client-67F6425C4112->f1d6a710-9313-44dc-a005-f0b22c06f92c@group-CC68B5F19AD3, cid=10, seq=0, Watch-ALL_COMMITTED(6), Message:<EMPTY>, reply=RaftClientReply:client-67F6425C4112->f1d6a710-9313-44dc-a005-f0b22c06f92c@group-CC68B5F19AD3, cid=10, FAILED org.apache.ratis.protocol.NotLeaderException: Server f1d6a710-9313-44dc-a005-f0b22c06f92c@group-CC68B5F19AD3 is not the leader, logIndex=0, commits[f1d6a710-9313-44dc-a005-f0b22c06f92c:c10, e76b0d72-a5f7-47dd-bc74-8743a5d358b0:c10, e534181c-9f5d-4f71-ad0d-cd71b851ae4d:c4]
2019-10-20 10:18:24,877 [Thread-725] INFO  impl.FollowerState (FollowerState.java:run(108)) - e534181c-9f5d-4f71-ad0d-cd71b851ae4d@group-CC68B5F19AD3-FollowerState: change to CANDIDATE, lastRpcTime:185ms, electionTimeout:185ms
2019-10-20 10:18:24,877 [Thread-725] INFO  impl.RoleInfo (RoleInfo.java:shutdownFollowerState(121)) - e534181c-9f5d-4f71-ad0d-cd71b851ae4d: shutdown FollowerState
2019-10-20 10:18:24,877 [Thread-725] INFO  impl.RaftServerImpl (RaftServerImpl.java:setRole(184)) - e534181c-9f5d-4f71-ad0d-cd71b851ae4d@group-CC68B5F19AD3: changes role from  FOLLOWER to CANDIDATE at term 28 for changeToCandidate
2019-10-20 10:18:24,878 [Thread-725] INFO  impl.RoleInfo (RoleInfo.java:updateAndGet(143)) - e534181c-9f5d-4f71-ad0d-cd71b851ae4d: start LeaderElection
2019-10-20 10:18:24,892 [e534181c-9f5d-4f71-ad0d-cd71b851ae4d@group-CC68B5F19AD3-LeaderElection29] INFO  impl.LeaderElection (LeaderElection.java:askForVotes(178)) - e534181c-9f5d-4f71-ad0d-cd71b851ae4d@group-CC68B5F19AD3-LeaderElection29: begin an election at term 29 for 0: [e76b0d72-a5f7-47dd-bc74-8743a5d358b0:192.168.69.89:42489, e534181c-9f5d-4f71-ad0d-cd71b851ae4d:192.168.69.89:44098, f1d6a710-9313-44dc-a005-f0b22c06f92c:192.168.69.89:41254], old=null
2019-10-20 10:18:24,896 [grpc-default-executor-5] INFO  impl.RaftServerImpl (RaftServerImpl.java:setRole(184)) - e76b0d72-a5f7-47dd-bc74-8743a5d358b0@group-CC68B5F19AD3: changes role from  FOLLOWER to FOLLOWER at term 29 for recognizeCandidate:e534181c-9f5d-4f71-ad0d-cd71b851ae4d
2019-10-20 10:18:24,896 [grpc-default-executor-5] INFO  impl.RoleInfo (RoleInfo.java:shutdownFollowerState(121)) - e76b0d72-a5f7-47dd-bc74-8743a5d358b0: shutdown FollowerState
2019-10-20 10:18:24,896 [grpc-default-executor-3] INFO  impl.RaftServerImpl (RaftServerImpl.java:setRole(184)) - f1d6a710-9313-44dc-a005-f0b22c06f92c@group-CC68B5F19AD3: changes role from  FOLLOWER to FOLLOWER at term 29 for recognizeCandidate:e534181c-9f5d-4f71-ad0d-cd71b851ae4d
2019-10-20 10:18:24,896 [Thread-723] INFO  impl.FollowerState (FollowerState.java:run(117)) - e76b0d72-a5f7-47dd-bc74-8743a5d358b0@group-CC68B5F19AD3-FollowerState was interrupted: java.lang.InterruptedException: sleep interrupted
2019-10-20 10:18:24,896 [grpc-default-executor-5] INFO  impl.RoleInfo (RoleInfo.java:updateAndGet(143)) - e76b0d72-a5f7-47dd-bc74-8743a5d358b0: start FollowerState
2019-10-20 10:18:24,897 [grpc-default-executor-3] INFO  impl.RoleInfo (RoleInfo.java:shutdownFollowerState(121)) - f1d6a710-9313-44dc-a005-f0b22c06f92c: shutdown FollowerState
2019-10-20 10:18:24,897 [Thread-724] INFO  impl.FollowerState (FollowerState.java:run(117)) - f1d6a710-9313-44dc-a005-f0b22c06f92c@group-CC68B5F19AD3-FollowerState was interrupted: java.lang.InterruptedException: sleep interrupted
2019-10-20 10:18:24,897 [grpc-default-executor-3] INFO  impl.RoleInfo (RoleInfo.java:updateAndGet(143)) - f1d6a710-9313-44dc-a005-f0b22c06f92c: start FollowerState
2019-10-20 10:18:24,912 [e534181c-9f5d-4f71-ad0d-cd71b851ae4d@group-CC68B5F19AD3-LeaderElection29] INFO  impl.LeaderElection (LeaderElection.java:logAndReturn(56)) - e534181c-9f5d-4f71-ad0d-cd71b851ae4d@group-CC68B5F19AD3-LeaderElection29: Election REJECTED; received 2 response(s) [e534181c-9f5d-4f71-ad0d-cd71b851ae4d<-e76b0d72-a5f7-47dd-bc74-8743a5d358b0#0:FAIL-t29, e534181c-9f5d-4f71-ad0d-cd71b851ae4d<-f1d6a710-9313-44dc-a005-f0b22c06f92c#0:FAIL-t29] and 0 exception(s); e534181c-9f5d-4f71-ad0d-cd71b851ae4d@group-CC68B5F19AD3:t29, leader=null, voted=e534181c-9f5d-4f71-ad0d-cd71b851ae4d, raftlog=e534181c-9f5d-4f71-ad0d-cd71b851ae4d@group-CC68B5F19AD3-SegmentedRaftLog:OPENED:c3,f4,i4, conf=0: [e76b0d72-a5f7-47dd-bc74-8743a5d358b0:192.168.69.89:42489, e534181c-9f5d-4f71-ad0d-cd71b851ae4d:192.168.69.89:44098, f1d6a710-9313-44dc-a005-f0b22c06f92c:192.168.69.89:41254], old=null
2019-10-20 10:18:24,912 [e534181c-9f5d-4f71-ad0d-cd71b851ae4d@group-CC68B5F19AD3-LeaderElection29] INFO  impl.RaftServerImpl (RaftServerImpl.java:setRole(184)) - e534181c-9f5d-4f71-ad0d-cd71b851ae4d@group-CC68B5F19AD3: changes role from CANDIDATE to FOLLOWER at term 29 for DISCOVERED_A_NEW_TERM
2019-10-20 10:18:24,912 [e534181c-9f5d-4f71-ad0d-cd71b851ae4d@group-CC68B5F19AD3-LeaderElection29] INFO  impl.RoleInfo (RoleInfo.java:shutdownLeaderElection(134)) - e534181c-9f5d-4f71-ad0d-cd71b851ae4d: shutdown LeaderElection
2019-10-20 10:18:24,912 [e534181c-9f5d-4f71-ad0d-cd71b851ae4d@group-CC68B5F19AD3-LeaderElection29] INFO  impl.RoleInfo (RoleInfo.java:updateAndGet(143)) - e534181c-9f5d-4f71-ad0d-cd71b851ae4d: start FollowerState
2019-10-20 10:18:24,985 [Thread-734] INFO  impl.FollowerState (FollowerState.java:run(108)) - e534181c-9f5d-4f71-ad0d-cd71b851ae4d@group-CC68B5F19AD3-FollowerState: change to CANDIDATE, lastRpcTime:72ms, electionTimeout:72ms
2019-10-20 10:18:24,986 [Thread-734] INFO  impl.RoleInfo (RoleInfo.java:shutdownFollowerState(121)) - e534181c-9f5d-4f71-ad0d-cd71b851ae4d: shutdown FollowerState
2019-10-20 10:18:24,987 [Thread-734] INFO  impl.RaftServerImpl (RaftServerImpl.java:setRole(184)) - e534181c-9f5d-4f71-ad0d-cd71b851ae4d@group-CC68B5F19AD3: changes role from  FOLLOWER to CANDIDATE at term 29 for changeToCandidate
2019-10-20 10:18:24,987 [Thread-734] INFO  impl.RoleInfo (RoleInfo.java:updateAndGet(143)) - e534181c-9f5d-4f71-ad0d-cd71b851ae4d: start LeaderElection
2019-10-20 10:18:25,000 [e534181c-9f5d-4f71-ad0d-cd71b851ae4d@group-CC68B5F19AD3-LeaderElection30] INFO  impl.LeaderElection (LeaderElection.java:askForVotes(178)) - e534181c-9f5d-4f71-ad0d-cd71b851ae4d@group-CC68B5F19AD3-LeaderElection30: begin an election at term 30 for 0: [e76b0d72-a5f7-47dd-bc74-8743a5d358b0:192.168.69.89:42489, e534181c-9f5d-4f71-ad0d-cd71b851ae4d:192.168.69.89:44098, f1d6a710-9313-44dc-a005-f0b22c06f92c:192.168.69.89:41254], old=null
2019-10-20 10:18:25,004 [grpc-default-executor-5] INFO  impl.RaftServerImpl (RaftServerImpl.java:setRole(184)) - e76b0d72-a5f7-47dd-bc74-8743a5d358b0@group-CC68B5F19AD3: changes role from  FOLLOWER to FOLLOWER at term 30 for recognizeCandidate:e534181c-9f5d-4f71-ad0d-cd71b851ae4d
2019-10-20 10:18:25,004 [grpc-default-executor-5] INFO  impl.RoleInfo (RoleInfo.java:shutdownFollowerState(121)) - e76b0d72-a5f7-47dd-bc74-8743a5d358b0: shutdown FollowerState
2019-10-20 10:18:25,004 [grpc-default-executor-5] INFO  impl.RoleInfo (RoleInfo.java:updateAndGet(143)) - e76b0d72-a5f7-47dd-bc74-8743a5d358b0: start FollowerState
2019-10-20 10:18:25,004 [Thread-732] INFO  impl.FollowerState (FollowerState.java:run(117)) - e76b0d72-a5f7-47dd-bc74-8743a5d358b0@group-CC68B5F19AD3-FollowerState was interrupted: java.lang.InterruptedException: sleep interrupted
2019-10-20 10:18:25,004 [grpc-default-executor-3] INFO  impl.RaftServerImpl (RaftServerImpl.java:setRole(184)) - f1d6a710-9313-44dc-a005-f0b22c06f92c@group-CC68B5F19AD3: changes role from  FOLLOWER to FOLLOWER at term 30 for recognizeCandidate:e534181c-9f5d-4f71-ad0d-cd71b851ae4d
2019-10-20 10:18:25,005 [grpc-default-executor-3] INFO  impl.RoleInfo (RoleInfo.java:shutdownFollowerState(121)) - f1d6a710-9313-44dc-a005-f0b22c06f92c: shutdown FollowerState
2019-10-20 10:18:25,005 [Thread-733] INFO  impl.FollowerState (FollowerState.java:run(117)) - f1d6a710-9313-44dc-a005-f0b22c06f92c@group-CC68B5F19AD3-FollowerState was interrupted: java.lang.InterruptedException: sleep interrupted
2019-10-20 10:18:25,005 [grpc-default-executor-3] INFO  impl.RoleInfo (RoleInfo.java:updateAndGet(143)) - f1d6a710-9313-44dc-a005-f0b22c06f92c: start FollowerState
2019-10-20 10:18:25,016 [BlockDeletingService#2] WARN  background.BlockDeletingService (BlockDeletingService.java:isDeletionAllowed(187)) - Close Container log Index 6 is not replicated across allthe servers in the pipeline 119175b0-5d21-4334-a09f-cc68b5f19ad3 as the min replicated index is 4. Deletion is not allowed in this container yet.
2019-10-20 10:18:25,016 [BlockDeletingService#2] WARN  background.BlockDeletingService (BlockDeletingService.java:isDeletionAllowed(187)) - Close Container log Index 6 is not replicated across allthe servers in the pipeline 119175b0-5d21-4334-a09f-cc68b5f19ad3 as the min replicated index is 4. Deletion is not allowed in this container yet.
2019-10-20 10:18:25,019 [e534181c-9f5d-4f71-ad0d-cd71b851ae4d@group-CC68B5F19AD3-LeaderElection30] INFO  impl.LeaderElection (LeaderElection.java:logAndReturn(56)) - e534181c-9f5d-4f71-ad0d-cd71b851ae4d@group-CC68B5F19AD3-LeaderElection30: Election REJECTED; received 2 response(s) [e534181c-9f5d-4f71-ad0d-cd71b851ae4d<-e76b0d72-a5f7-47dd-bc74-8743a5d358b0#0:FAIL-t30, e534181c-9f5d-4f71-ad0d-cd71b851ae4d<-f1d6a710-9313-44dc-a005-f0b22c06f92c#0:FAIL-t30] and 0 exception(s); e534181c-9f5d-4f71-ad0d-cd71b851ae4d@group-CC68B5F19AD3:t30, leader=null, voted=e534181c-9f5d-4f71-ad0d-cd71b851ae4d, raftlog=e534181c-9f5d-4f71-ad0d-cd71b851ae4d@group-CC68B5F19AD3-SegmentedRaftLog:OPENED:c3,f4,i4, conf=0: [e76b0d72-a5f7-47dd-bc74-8743a5d358b0:192.168.69.89:42489, e534181c-9f5d-4f71-ad0d-cd71b851ae4d:192.168.69.89:44098, f1d6a710-9313-44dc-a005-f0b22c06f92c:192.168.69.89:41254], old=null
2019-10-20 10:18:25,019 [e534181c-9f5d-4f71-ad0d-cd71b851ae4d@group-CC68B5F19AD3-LeaderElection30] INFO  impl.RaftServerImpl (RaftServerImpl.java:setRole(184)) - e534181c-9f5d-4f71-ad0d-cd71b851ae4d@group-CC68B5F19AD3: changes role from CANDIDATE to FOLLOWER at term 30 for DISCOVERED_A_NEW_TERM
2019-10-20 10:18:25,020 [e534181c-9f5d-4f71-ad0d-cd71b851ae4d@group-CC68B5F19AD3-LeaderElection30] INFO  impl.RoleInfo (RoleInfo.java:shutdownLeaderElection(134)) - e534181c-9f5d-4f71-ad0d-cd71b851ae4d: shutdown LeaderElection
2019-10-20 10:18:25,020 [e534181c-9f5d-4f71-ad0d-cd71b851ae4d@group-CC68B5F19AD3-LeaderElection30] INFO  impl.RoleInfo (RoleInfo.java:updateAndGet(143)) - e534181c-9f5d-4f71-ad0d-cd71b851ae4d: start FollowerState
2019-10-20 10:18:25,080 [Thread-742] INFO  impl.FollowerState (FollowerState.java:run(108)) - e534181c-9f5d-4f71-ad0d-cd71b851ae4d@group-CC68B5F19AD3-FollowerState: change to CANDIDATE, lastRpcTime:60ms, electionTimeout:60ms
2019-10-20 10:18:25,082 [Thread-742] INFO  impl.RoleInfo (RoleInfo.java:shutdownFollowerState(121)) - e534181c-9f5d-4f71-ad0d-cd71b851ae4d: shutdown FollowerState
2019-10-20 10:18:25,082 [Thread-742] INFO  impl.RaftServerImpl (RaftServerImpl.java:setRole(184)) - e534181c-9f5d-4f71-ad0d-cd71b851ae4d@group-CC68B5F19AD3: changes role from  FOLLOWER to CANDIDATE at term 30 for changeToCandidate
2019-10-20 10:18:25,082 [Thread-742] INFO  impl.RoleInfo (RoleInfo.java:updateAndGet(143)) - e534181c-9f5d-4f71-ad0d-cd71b851ae4d: start LeaderElection
2019-10-20 10:18:25,095 [e534181c-9f5d-4f71-ad0d-cd71b851ae4d@group-CC68B5F19AD3-LeaderElection31] INFO  impl.LeaderElection (LeaderElection.java:askForVotes(178)) - e534181c-9f5d-4f71-ad0d-cd71b851ae4d@group-CC68B5F19AD3-LeaderElection31: begin an election at term 31 for 0: [e76b0d72-a5f7-47dd-bc74-8743a5d358b0:192.168.69.89:42489, e534181c-9f5d-4f71-ad0d-cd71b851ae4d:192.168.69.89:44098, f1d6a710-9313-44dc-a005-f0b22c06f92c:192.168.69.89:41254], old=null
2019-10-20 10:18:25,097 [grpc-default-executor-5] INFO  impl.RaftServerImpl (RaftServerImpl.java:setRole(184)) - e76b0d72-a5f7-47dd-bc74-8743a5d358b0@group-CC68B5F19AD3: changes role from  FOLLOWER to FOLLOWER at term 31 for recognizeCandidate:e534181c-9f5d-4f71-ad0d-cd71b851ae4d
2019-10-20 10:18:25,097 [grpc-default-executor-3] INFO  impl.RaftServerImpl (RaftServerImpl.java:setRole(184)) - f1d6a710-9313-44dc-a005-f0b22c06f92c@group-CC68B5F19AD3: changes role from  FOLLOWER to FOLLOWER at term 31 for recognizeCandidate:e534181c-9f5d-4f71-ad0d-cd71b851ae4d
2019-10-20 10:18:25,097 [grpc-default-executor-5] INFO  impl.RoleInfo (RoleInfo.java:shutdownFollowerState(121)) - e76b0d72-a5f7-47dd-bc74-8743a5d358b0: shutdown FollowerState
2019-10-20 10:18:25,098 [grpc-default-executor-3] INFO  impl.RoleInfo (RoleInfo.java:shutdownFollowerState(121)) - f1d6a710-9313-44dc-a005-f0b22c06f92c: shutdown FollowerState
2019-10-20 10:18:25,098 [grpc-default-executor-5] INFO  impl.RoleInfo (RoleInfo.java:updateAndGet(143)) - e76b0d72-a5f7-47dd-bc74-8743a5d358b0: start FollowerState
2019-10-20 10:18:25,098 [Thread-738] INFO  impl.FollowerState (FollowerState.java:run(117)) - e76b0d72-a5f7-47dd-bc74-8743a5d358b0@group-CC68B5F19AD3-FollowerState was interrupted: java.lang.InterruptedException: sleep interrupted
2019-10-20 10:18:25,098 [grpc-default-executor-3] INFO  impl.RoleInfo (RoleInfo.java:updateAndGet(143)) - f1d6a710-9313-44dc-a005-f0b22c06f92c: start FollowerState
2019-10-20 10:18:25,098 [Thread-739] INFO  impl.FollowerState (FollowerState.java:run(117)) - f1d6a710-9313-44dc-a005-f0b22c06f92c@group-CC68B5F19AD3-FollowerState was interrupted: java.lang.InterruptedException: sleep interrupted
2019-10-20 10:18:25,100 [e534181c-9f5d-4f71-ad0d-cd71b851ae4d@group-CC68B5F19AD3-LeaderElection31] INFO  impl.LeaderElection (LeaderElection.java:logAndReturn(56)) - e534181c-9f5d-4f71-ad0d-cd71b851ae4d@group-CC68B5F19AD3-LeaderElection31: Election TIMEOUT; received 0 response(s) [] and 0 exception(s); e534181c-9f5d-4f71-ad0d-cd71b851ae4d@group-CC68B5F19AD3:t31, leader=null, voted=e534181c-9f5d-4f71-ad0d-cd71b851ae4d, raftlog=e534181c-9f5d-4f71-ad0d-cd71b851ae4d@group-CC68B5F19AD3-SegmentedRaftLog:OPENED:c3,f4,i4, conf=0: [e76b0d72-a5f7-47dd-bc74-8743a5d358b0:192.168.69.89:42489, e534181c-9f5d-4f71-ad0d-cd71b851ae4d:192.168.69.89:44098, f1d6a710-9313-44dc-a005-f0b22c06f92c:192.168.69.89:41254], old=null
2019-10-20 10:18:25,112 [e534181c-9f5d-4f71-ad0d-cd71b851ae4d@group-CC68B5F19AD3-LeaderElection31] INFO  impl.LeaderElection (LeaderElection.java:askForVotes(178)) - e534181c-9f5d-4f71-ad0d-cd71b851ae4d@group-CC68B5F19AD3-LeaderElection31: begin an election at term 32 for 0: [e76b0d72-a5f7-47dd-bc74-8743a5d358b0:192.168.69.89:42489, e534181c-9f5d-4f71-ad0d-cd71b851ae4d:192.168.69.89:44098, f1d6a710-9313-44dc-a005-f0b22c06f92c:192.168.69.89:41254], old=null
2019-10-20 10:18:25,113 [grpc-default-executor-5] INFO  impl.RaftServerImpl (RaftServerImpl.java:setRole(184)) - e76b0d72-a5f7-47dd-bc74-8743a5d358b0@group-CC68B5F19AD3: changes role from  FOLLOWER to FOLLOWER at term 32 for recognizeCandidate:e534181c-9f5d-4f71-ad0d-cd71b851ae4d
2019-10-20 10:18:25,115 [grpc-default-executor-3] INFO  impl.RaftServerImpl (RaftServerImpl.java:setRole(184)) - f1d6a710-9313-44dc-a005-f0b22c06f92c@group-CC68B5F19AD3: changes role from  FOLLOWER to FOLLOWER at term 32 for recognizeCandidate:e534181c-9f5d-4f71-ad0d-cd71b851ae4d
2019-10-20 10:18:25,115 [grpc-default-executor-5] INFO  impl.RoleInfo (RoleInfo.java:shutdownFollowerState(121)) - e76b0d72-a5f7-47dd-bc74-8743a5d358b0: shutdown FollowerState
2019-10-20 10:18:25,115 [grpc-default-executor-3] INFO  impl.RoleInfo (RoleInfo.java:shutdownFollowerState(121)) - f1d6a710-9313-44dc-a005-f0b22c06f92c: shutdown FollowerState
2019-10-20 10:18:25,115 [Thread-746] INFO  impl.FollowerState (FollowerState.java:run(117)) - e76b0d72-a5f7-47dd-bc74-8743a5d358b0@group-CC68B5F19AD3-FollowerState was interrupted: java.lang.InterruptedException: sleep interrupted
2019-10-20 10:18:25,115 [grpc-default-executor-5] INFO  impl.RoleInfo (RoleInfo.java:updateAndGet(143)) - e76b0d72-a5f7-47dd-bc74-8743a5d358b0: start FollowerState
2019-10-20 10:18:25,115 [grpc-default-executor-3] INFO  impl.RoleInfo (RoleInfo.java:updateAndGet(143)) - f1d6a710-9313-44dc-a005-f0b22c06f92c: start FollowerState
2019-10-20 10:18:25,115 [Thread-747] INFO  impl.FollowerState (FollowerState.java:run(117)) - f1d6a710-9313-44dc-a005-f0b22c06f92c@group-CC68B5F19AD3-FollowerState was interrupted: java.lang.InterruptedException: sleep interrupted
2019-10-20 10:18:25,129 [e534181c-9f5d-4f71-ad0d-cd71b851ae4d@group-CC68B5F19AD3-LeaderElection31] INFO  impl.LeaderElection (LeaderElection.java:logAndReturn(56)) - e534181c-9f5d-4f71-ad0d-cd71b851ae4d@group-CC68B5F19AD3-LeaderElection31: Election REJECTED; received 2 response(s) [e534181c-9f5d-4f71-ad0d-cd71b851ae4d<-e76b0d72-a5f7-47dd-bc74-8743a5d358b0#0:FAIL-t32, e534181c-9f5d-4f71-ad0d-cd71b851ae4d<-f1d6a710-9313-44dc-a005-f0b22c06f92c#0:FAIL-t32] and 0 exception(s); e534181c-9f5d-4f71-ad0d-cd71b851ae4d@group-CC68B5F19AD3:t32, leader=null, voted=e534181c-9f5d-4f71-ad0d-cd71b851ae4d, raftlog=e534181c-9f5d-4f71-ad0d-cd71b851ae4d@group-CC68B5F19AD3-SegmentedRaftLog:OPENED:c3,f4,i4, conf=0: [e76b0d72-a5f7-47dd-bc74-8743a5d358b0:192.168.69.89:42489, e534181c-9f5d-4f71-ad0d-cd71b851ae4d:192.168.69.89:44098, f1d6a710-9313-44dc-a005-f0b22c06f92c:192.168.69.89:41254], old=null
2019-10-20 10:18:25,129 [e534181c-9f5d-4f71-ad0d-cd71b851ae4d@group-CC68B5F19AD3-LeaderElection31] INFO  impl.RaftServerImpl (RaftServerImpl.java:setRole(184)) - e534181c-9f5d-4f71-ad0d-cd71b851ae4d@group-CC68B5F19AD3: changes role from CANDIDATE to FOLLOWER at term 32 for DISCOVERED_A_NEW_TERM
2019-10-20 10:18:25,129 [e534181c-9f5d-4f71-ad0d-cd71b851ae4d@group-CC68B5F19AD3-LeaderElection31] INFO  impl.RoleInfo (RoleInfo.java:shutdownLeaderElection(134)) - e534181c-9f5d-4f71-ad0d-cd71b851ae4d: shutdown LeaderElection
2019-10-20 10:18:25,130 [e534181c-9f5d-4f71-ad0d-cd71b851ae4d@group-CC68B5F19AD3-LeaderElection31] INFO  impl.RoleInfo (RoleInfo.java:updateAndGet(143)) - e534181c-9f5d-4f71-ad0d-cd71b851ae4d: start FollowerState
2019-10-20 10:18:25,145 [Thread-752] INFO  impl.FollowerState (FollowerState.java:run(108)) - e534181c-9f5d-4f71-ad0d-cd71b851ae4d@group-CC68B5F19AD3-FollowerState: change to CANDIDATE, lastRpcTime:15ms, electionTimeout:15ms
2019-10-20 10:18:25,146 [Thread-752] INFO  impl.RoleInfo (RoleInfo.java:shutdownFollowerState(121)) - e534181c-9f5d-4f71-ad0d-cd71b851ae4d: shutdown FollowerState
2019-10-20 10:18:25,146 [Thread-752] INFO  impl.RaftServerImpl (RaftServerImpl.java:setRole(184)) - e534181c-9f5d-4f71-ad0d-cd71b851ae4d@group-CC68B5F19AD3: changes role from  FOLLOWER to CANDIDATE at term 32 for changeToCandidate
2019-10-20 10:18:25,146 [Thread-752] INFO  impl.RoleInfo (RoleInfo.java:updateAndGet(143)) - e534181c-9f5d-4f71-ad0d-cd71b851ae4d: start LeaderElection
2019-10-20 10:18:25,160 [e534181c-9f5d-4f71-ad0d-cd71b851ae4d@group-CC68B5F19AD3-LeaderElection32] INFO  impl.LeaderElection (LeaderElection.java:askForVotes(178)) - e534181c-9f5d-4f71-ad0d-cd71b851ae4d@group-CC68B5F19AD3-LeaderElection32: begin an election at term 33 for 0: [e76b0d72-a5f7-47dd-bc74-8743a5d358b0:192.168.69.89:42489, e534181c-9f5d-4f71-ad0d-cd71b851ae4d:192.168.69.89:44098, f1d6a710-9313-44dc-a005-f0b22c06f92c:192.168.69.89:41254], old=null
2019-10-20 10:18:25,163 [grpc-default-executor-5] INFO  impl.RaftServerImpl (RaftServerImpl.java:setRole(184)) - e76b0d72-a5f7-47dd-bc74-8743a5d358b0@group-CC68B5F19AD3: changes role from  FOLLOWER to FOLLOWER at term 33 for recognizeCandidate:e534181c-9f5d-4f71-ad0d-cd71b851ae4d
2019-10-20 10:18:25,163 [grpc-default-executor-3] INFO  impl.RaftServerImpl (RaftServerImpl.java:setRole(184)) - f1d6a710-9313-44dc-a005-f0b22c06f92c@group-CC68B5F19AD3: changes role from  FOLLOWER to FOLLOWER at term 33 for recognizeCandidate:e534181c-9f5d-4f71-ad0d-cd71b851ae4d
2019-10-20 10:18:25,163 [grpc-default-executor-5] INFO  impl.RoleInfo (RoleInfo.java:shutdownFollowerState(121)) - e76b0d72-a5f7-47dd-bc74-8743a5d358b0: shutdown FollowerState
2019-10-20 10:18:25,163 [grpc-default-executor-3] INFO  impl.RoleInfo (RoleInfo.java:shutdownFollowerState(121)) - f1d6a710-9313-44dc-a005-f0b22c06f92c: shutdown FollowerState
2019-10-20 10:18:25,164 [Thread-750] INFO  impl.FollowerState (FollowerState.java:run(117)) - e76b0d72-a5f7-47dd-bc74-8743a5d358b0@group-CC68B5F19AD3-FollowerState was interrupted: java.lang.InterruptedException: sleep interrupted
2019-10-20 10:18:25,164 [grpc-default-executor-5] INFO  impl.RoleInfo (RoleInfo.java:updateAndGet(143)) - e76b0d72-a5f7-47dd-bc74-8743a5d358b0: start FollowerState
2019-10-20 10:18:25,164 [grpc-default-executor-3] INFO  impl.RoleInfo (RoleInfo.java:updateAndGet(143)) - f1d6a710-9313-44dc-a005-f0b22c06f92c: start FollowerState
2019-10-20 10:18:25,164 [Thread-751] INFO  impl.FollowerState (FollowerState.java:run(117)) - f1d6a710-9313-44dc-a005-f0b22c06f92c@group-CC68B5F19AD3-FollowerState was interrupted: java.lang.InterruptedException: sleep interrupted
2019-10-20 10:18:25,178 [e534181c-9f5d-4f71-ad0d-cd71b851ae4d@group-CC68B5F19AD3-LeaderElection32] INFO  impl.LeaderElection (LeaderElection.java:logAndReturn(56)) - e534181c-9f5d-4f71-ad0d-cd71b851ae4d@group-CC68B5F19AD3-LeaderElection32: Election REJECTED; received 2 response(s) [e534181c-9f5d-4f71-ad0d-cd71b851ae4d<-e76b0d72-a5f7-47dd-bc74-8743a5d358b0#0:FAIL-t33, e534181c-9f5d-4f71-ad0d-cd71b851ae4d<-f1d6a710-9313-44dc-a005-f0b22c06f92c#0:FAIL-t33] and 0 exception(s); e534181c-9f5d-4f71-ad0d-cd71b851ae4d@group-CC68B5F19AD3:t33, leader=null, voted=e534181c-9f5d-4f71-ad0d-cd71b851ae4d, raftlog=e534181c-9f5d-4f71-ad0d-cd71b851ae4d@group-CC68B5F19AD3-SegmentedRaftLog:OPENED:c3,f4,i4, conf=0: [e76b0d72-a5f7-47dd-bc74-8743a5d358b0:192.168.69.89:42489, e534181c-9f5d-4f71-ad0d-cd71b851ae4d:192.168.69.89:44098, f1d6a710-9313-44dc-a005-f0b22c06f92c:192.168.69.89:41254], old=null
2019-10-20 10:18:25,178 [e534181c-9f5d-4f71-ad0d-cd71b851ae4d@group-CC68B5F19AD3-LeaderElection32] INFO  impl.RaftServerImpl (RaftServerImpl.java:setRole(184)) - e534181c-9f5d-4f71-ad0d-cd71b851ae4d@group-CC68B5F19AD3: changes role from CANDIDATE to FOLLOWER at term 33 for DISCOVERED_A_NEW_TERM
2019-10-20 10:18:25,179 [e534181c-9f5d-4f71-ad0d-cd71b851ae4d@group-CC68B5F19AD3-LeaderElection32] INFO  impl.RoleInfo (RoleInfo.java:shutdownLeaderElection(134)) - e534181c-9f5d-4f71-ad0d-cd71b851ae4d: shutdown LeaderElection
2019-10-20 10:18:25,179 [e534181c-9f5d-4f71-ad0d-cd71b851ae4d@group-CC68B5F19AD3-LeaderElection32] INFO  impl.RoleInfo (RoleInfo.java:updateAndGet(143)) - e534181c-9f5d-4f71-ad0d-cd71b851ae4d: start FollowerState
2019-10-20 10:18:25,274 [Thread-758] INFO  impl.FollowerState (FollowerState.java:run(108)) - e534181c-9f5d-4f71-ad0d-cd71b851ae4d@group-CC68B5F19AD3-FollowerState: change to CANDIDATE, lastRpcTime:95ms, electionTimeout:95ms
2019-10-20 10:18:25,281 [Thread-758] INFO  impl.RoleInfo (RoleInfo.java:shutdownFollowerState(121)) - e534181c-9f5d-4f71-ad0d-cd71b851ae4d: shutdown FollowerState
2019-10-20 10:18:25,281 [Thread-758] INFO  impl.RaftServerImpl (RaftServerImpl.java:setRole(184)) - e534181c-9f5d-4f71-ad0d-cd71b851ae4d@group-CC68B5F19AD3: changes role from  FOLLOWER to CANDIDATE at term 33 for changeToCandidate
2019-10-20 10:18:25,281 [Thread-758] INFO  impl.RoleInfo (RoleInfo.java:updateAndGet(143)) - e534181c-9f5d-4f71-ad0d-cd71b851ae4d: start LeaderElection
2019-10-20 10:18:25,296 [e534181c-9f5d-4f71-ad0d-cd71b851ae4d@group-CC68B5F19AD3-LeaderElection33] INFO  impl.LeaderElection (LeaderElection.java:askForVotes(178)) - e534181c-9f5d-4f71-ad0d-cd71b851ae4d@group-CC68B5F19AD3-LeaderElection33: begin an election at term 34 for 0: [e76b0d72-a5f7-47dd-bc74-8743a5d358b0:192.168.69.89:42489, e534181c-9f5d-4f71-ad0d-cd71b851ae4d:192.168.69.89:44098, f1d6a710-9313-44dc-a005-f0b22c06f92c:192.168.69.89:41254], old=null
2019-10-20 10:18:25,297 [e534181c-9f5d-4f71-ad0d-cd71b851ae4d@group-CC68B5F19AD3-LeaderElection33] INFO  impl.LeaderElection (LeaderElection.java:logAndReturn(56)) - e534181c-9f5d-4f71-ad0d-cd71b851ae4d@group-CC68B5F19AD3-LeaderElection33: Election TIMEOUT; received 0 response(s) [] and 0 exception(s); e534181c-9f5d-4f71-ad0d-cd71b851ae4d@group-CC68B5F19AD3:t34, leader=null, voted=e534181c-9f5d-4f71-ad0d-cd71b851ae4d, raftlog=e534181c-9f5d-4f71-ad0d-cd71b851ae4d@group-CC68B5F19AD3-SegmentedRaftLog:OPENED:c3,f4,i4, conf=0: [e76b0d72-a5f7-47dd-bc74-8743a5d358b0:192.168.69.89:42489, e534181c-9f5d-4f71-ad0d-cd71b851ae4d:192.168.69.89:44098, f1d6a710-9313-44dc-a005-f0b22c06f92c:192.168.69.89:41254], old=null
2019-10-20 10:18:25,299 [grpc-default-executor-5] INFO  impl.RaftServerImpl (RaftServerImpl.java:setRole(184)) - f1d6a710-9313-44dc-a005-f0b22c06f92c@group-CC68B5F19AD3: changes role from  FOLLOWER to FOLLOWER at term 34 for recognizeCandidate:e534181c-9f5d-4f71-ad0d-cd71b851ae4d
2019-10-20 10:18:25,300 [grpc-default-executor-5] INFO  impl.RoleInfo (RoleInfo.java:shutdownFollowerState(121)) - f1d6a710-9313-44dc-a005-f0b22c06f92c: shutdown FollowerState
2019-10-20 10:18:25,299 [grpc-default-executor-3] INFO  impl.RaftServerImpl (RaftServerImpl.java:setRole(184)) - e76b0d72-a5f7-47dd-bc74-8743a5d358b0@group-CC68B5F19AD3: changes role from  FOLLOWER to FOLLOWER at term 34 for recognizeCandidate:e534181c-9f5d-4f71-ad0d-cd71b851ae4d
2019-10-20 10:18:25,300 [Thread-757] INFO  impl.FollowerState (FollowerState.java:run(117)) - f1d6a710-9313-44dc-a005-f0b22c06f92c@group-CC68B5F19AD3-FollowerState was interrupted: java.lang.InterruptedException: sleep interrupted
2019-10-20 10:18:25,300 [grpc-default-executor-5] INFO  impl.RoleInfo (RoleInfo.java:updateAndGet(143)) - f1d6a710-9313-44dc-a005-f0b22c06f92c: start FollowerState
2019-10-20 10:18:25,300 [grpc-default-executor-3] INFO  impl.RoleInfo (RoleInfo.java:shutdownFollowerState(121)) - e76b0d72-a5f7-47dd-bc74-8743a5d358b0: shutdown FollowerState
2019-10-20 10:18:25,300 [Thread-756] INFO  impl.FollowerState (FollowerState.java:run(117)) - e76b0d72-a5f7-47dd-bc74-8743a5d358b0@group-CC68B5F19AD3-FollowerState was interrupted: java.lang.InterruptedException: sleep interrupted
2019-10-20 10:18:25,300 [grpc-default-executor-3] INFO  impl.RoleInfo (RoleInfo.java:updateAndGet(143)) - e76b0d72-a5f7-47dd-bc74-8743a5d358b0: start FollowerState
2019-10-20 10:18:25,311 [e534181c-9f5d-4f71-ad0d-cd71b851ae4d@group-CC68B5F19AD3-LeaderElection33] INFO  impl.LeaderElection (LeaderElection.java:askForVotes(178)) - e534181c-9f5d-4f71-ad0d-cd71b851ae4d@group-CC68B5F19AD3-LeaderElection33: begin an election at term 35 for 0: [e76b0d72-a5f7-47dd-bc74-8743a5d358b0:192.168.69.89:42489, e534181c-9f5d-4f71-ad0d-cd71b851ae4d:192.168.69.89:44098, f1d6a710-9313-44dc-a005-f0b22c06f92c:192.168.69.89:41254], old=null
2019-10-20 10:18:25,313 [grpc-default-executor-5] INFO  impl.RaftServerImpl (RaftServerImpl.java:setRole(184)) - e76b0d72-a5f7-47dd-bc74-8743a5d358b0@group-CC68B5F19AD3: changes role from  FOLLOWER to FOLLOWER at term 35 for recognizeCandidate:e534181c-9f5d-4f71-ad0d-cd71b851ae4d
2019-10-20 10:18:25,313 [grpc-default-executor-5] INFO  impl.RoleInfo (RoleInfo.java:shutdownFollowerState(121)) - e76b0d72-a5f7-47dd-bc74-8743a5d358b0: shutdown FollowerState
2019-10-20 10:18:25,313 [Thread-763] INFO  impl.FollowerState (FollowerState.java:run(117)) - e76b0d72-a5f7-47dd-bc74-8743a5d358b0@group-CC68B5F19AD3-FollowerState was interrupted: java.lang.InterruptedException: sleep interrupted
2019-10-20 10:18:25,313 [grpc-default-executor-5] INFO  impl.RoleInfo (RoleInfo.java:updateAndGet(143)) - e76b0d72-a5f7-47dd-bc74-8743a5d358b0: start FollowerState
2019-10-20 10:18:25,314 [grpc-default-executor-3] INFO  impl.RaftServerImpl (RaftServerImpl.java:setRole(184)) - f1d6a710-9313-44dc-a005-f0b22c06f92c@group-CC68B5F19AD3: changes role from  FOLLOWER to FOLLOWER at term 35 for recognizeCandidate:e534181c-9f5d-4f71-ad0d-cd71b851ae4d
2019-10-20 10:18:25,314 [grpc-default-executor-3] INFO  impl.RoleInfo (RoleInfo.java:shutdownFollowerState(121)) - f1d6a710-9313-44dc-a005-f0b22c06f92c: shutdown FollowerState
2019-10-20 10:18:25,314 [Thread-762] INFO  impl.FollowerState (FollowerState.java:run(117)) - f1d6a710-9313-44dc-a005-f0b22c06f92c@group-CC68B5F19AD3-FollowerState was interrupted: java.lang.InterruptedException: sleep interrupted
2019-10-20 10:18:25,314 [grpc-default-executor-3] INFO  impl.RoleInfo (RoleInfo.java:updateAndGet(143)) - f1d6a710-9313-44dc-a005-f0b22c06f92c: start FollowerState
2019-10-20 10:18:25,329 [e534181c-9f5d-4f71-ad0d-cd71b851ae4d@group-CC68B5F19AD3-LeaderElection33] INFO  impl.LeaderElection (LeaderElection.java:logAndReturn(56)) - e534181c-9f5d-4f71-ad0d-cd71b851ae4d@group-CC68B5F19AD3-LeaderElection33: Election REJECTED; received 2 response(s) [e534181c-9f5d-4f71-ad0d-cd71b851ae4d<-e76b0d72-a5f7-47dd-bc74-8743a5d358b0#0:FAIL-t35, e534181c-9f5d-4f71-ad0d-cd71b851ae4d<-f1d6a710-9313-44dc-a005-f0b22c06f92c#0:FAIL-t35] and 0 exception(s); e534181c-9f5d-4f71-ad0d-cd71b851ae4d@group-CC68B5F19AD3:t35, leader=null, voted=e534181c-9f5d-4f71-ad0d-cd71b851ae4d, raftlog=e534181c-9f5d-4f71-ad0d-cd71b851ae4d@group-CC68B5F19AD3-SegmentedRaftLog:OPENED:c3,f4,i4, conf=0: [e76b0d72-a5f7-47dd-bc74-8743a5d358b0:192.168.69.89:42489, e534181c-9f5d-4f71-ad0d-cd71b851ae4d:192.168.69.89:44098, f1d6a710-9313-44dc-a005-f0b22c06f92c:192.168.69.89:41254], old=null
2019-10-20 10:18:25,329 [e534181c-9f5d-4f71-ad0d-cd71b851ae4d@group-CC68B5F19AD3-LeaderElection33] INFO  impl.RaftServerImpl (RaftServerImpl.java:setRole(184)) - e534181c-9f5d-4f71-ad0d-cd71b851ae4d@group-CC68B5F19AD3: changes role from CANDIDATE to FOLLOWER at term 35 for DISCOVERED_A_NEW_TERM
2019-10-20 10:18:25,329 [e534181c-9f5d-4f71-ad0d-cd71b851ae4d@group-CC68B5F19AD3-LeaderElection33] INFO  impl.RoleInfo (RoleInfo.java:shutdownLeaderElection(134)) - e534181c-9f5d-4f71-ad0d-cd71b851ae4d: shutdown LeaderElection
2019-10-20 10:18:25,330 [e534181c-9f5d-4f71-ad0d-cd71b851ae4d@group-CC68B5F19AD3-LeaderElection33] INFO  impl.RoleInfo (RoleInfo.java:updateAndGet(143)) - e534181c-9f5d-4f71-ad0d-cd71b851ae4d: start FollowerState
2019-10-20 10:18:25,334 [Thread-768] INFO  impl.FollowerState (FollowerState.java:run(108)) - e534181c-9f5d-4f71-ad0d-cd71b851ae4d@group-CC68B5F19AD3-FollowerState: change to CANDIDATE, lastRpcTime:4ms, electionTimeout:4ms
2019-10-20 10:18:25,334 [Thread-768] INFO  impl.RoleInfo (RoleInfo.java:shutdownFollowerState(121)) - e534181c-9f5d-4f71-ad0d-cd71b851ae4d: shutdown FollowerState
2019-10-20 10:18:25,334 [Thread-768] INFO  impl.RaftServerImpl (RaftServerImpl.java:setRole(184)) - e534181c-9f5d-4f71-ad0d-cd71b851ae4d@group-CC68B5F19AD3: changes role from  FOLLOWER to CANDIDATE at term 35 for changeToCandidate
2019-10-20 10:18:25,334 [Thread-768] INFO  impl.RoleInfo (RoleInfo.java:updateAndGet(143)) - e534181c-9f5d-4f71-ad0d-cd71b851ae4d: start LeaderElection
2019-10-20 10:18:25,350 [e534181c-9f5d-4f71-ad0d-cd71b851ae4d@group-CC68B5F19AD3-LeaderElection34] INFO  impl.LeaderElection (LeaderElection.java:askForVotes(178)) - e534181c-9f5d-4f71-ad0d-cd71b851ae4d@group-CC68B5F19AD3-LeaderElection34: begin an election at term 36 for 0: [e76b0d72-a5f7-47dd-bc74-8743a5d358b0:192.168.69.89:42489, e534181c-9f5d-4f71-ad0d-cd71b851ae4d:192.168.69.89:44098, f1d6a710-9313-44dc-a005-f0b22c06f92c:192.168.69.89:41254], old=null
2019-10-20 10:18:25,353 [grpc-default-executor-3] INFO  impl.RaftServerImpl (RaftServerImpl.java:setRole(184)) - e76b0d72-a5f7-47dd-bc74-8743a5d358b0@group-CC68B5F19AD3: changes role from  FOLLOWER to FOLLOWER at term 36 for recognizeCandidate:e534181c-9f5d-4f71-ad0d-cd71b851ae4d
2019-10-20 10:18:25,353 [grpc-default-executor-3] INFO  impl.RoleInfo (RoleInfo.java:shutdownFollowerState(121)) - e76b0d72-a5f7-47dd-bc74-8743a5d358b0: shutdown FollowerState
2019-10-20 10:18:25,353 [grpc-default-executor-5] INFO  impl.RaftServerImpl (RaftServerImpl.java:setRole(184)) - f1d6a710-9313-44dc-a005-f0b22c06f92c@group-CC68B5F19AD3: changes role from  FOLLOWER to FOLLOWER at term 36 for recognizeCandidate:e534181c-9f5d-4f71-ad0d-cd71b851ae4d
2019-10-20 10:18:25,353 [grpc-default-executor-3] INFO  impl.RoleInfo (RoleInfo.java:updateAndGet(143)) - e76b0d72-a5f7-47dd-bc74-8743a5d358b0: start FollowerState
2019-10-20 10:18:25,353 [Thread-766] INFO  impl.FollowerState (FollowerState.java:run(117)) - e76b0d72-a5f7-47dd-bc74-8743a5d358b0@group-CC68B5F19AD3-FollowerState was interrupted: java.lang.InterruptedException: sleep interrupted
2019-10-20 10:18:25,353 [grpc-default-executor-5] INFO  impl.RoleInfo (RoleInfo.java:shutdownFollowerState(121)) - f1d6a710-9313-44dc-a005-f0b22c06f92c: shutdown FollowerState
2019-10-20 10:18:25,354 [grpc-default-executor-5] INFO  impl.RoleInfo (RoleInfo.java:updateAndGet(143)) - f1d6a710-9313-44dc-a005-f0b22c06f92c: start FollowerState
2019-10-20 10:18:25,354 [Thread-767] INFO  impl.FollowerState (FollowerState.java:run(117)) - f1d6a710-9313-44dc-a005-f0b22c06f92c@group-CC68B5F19AD3-FollowerState was interrupted: java.lang.InterruptedException: sleep interrupted
2019-10-20 10:18:25,367 [e534181c-9f5d-4f71-ad0d-cd71b851ae4d@group-CC68B5F19AD3-LeaderElection34] INFO  impl.LeaderElection (LeaderElection.java:logAndReturn(56)) - e534181c-9f5d-4f71-ad0d-cd71b851ae4d@group-CC68B5F19AD3-LeaderElection34: Election REJECTED; received 2 response(s) [e534181c-9f5d-4f71-ad0d-cd71b851ae4d<-e76b0d72-a5f7-47dd-bc74-8743a5d358b0#0:FAIL-t36, e534181c-9f5d-4f71-ad0d-cd71b851ae4d<-f1d6a710-9313-44dc-a005-f0b22c06f92c#0:FAIL-t36] and 0 exception(s); e534181c-9f5d-4f71-ad0d-cd71b851ae4d@group-CC68B5F19AD3:t36, leader=null, voted=e534181c-9f5d-4f71-ad0d-cd71b851ae4d, raftlog=e534181c-9f5d-4f71-ad0d-cd71b851ae4d@group-CC68B5F19AD3-SegmentedRaftLog:OPENED:c3,f4,i4, conf=0: [e76b0d72-a5f7-47dd-bc74-8743a5d358b0:192.168.69.89:42489, e534181c-9f5d-4f71-ad0d-cd71b851ae4d:192.168.69.89:44098, f1d6a710-9313-44dc-a005-f0b22c06f92c:192.168.69.89:41254], old=null
2019-10-20 10:18:25,367 [e534181c-9f5d-4f71-ad0d-cd71b851ae4d@group-CC68B5F19AD3-LeaderElection34] INFO  impl.RaftServerImpl (RaftServerImpl.java:setRole(184)) - e534181c-9f5d-4f71-ad0d-cd71b851ae4d@group-CC68B5F19AD3: changes role from CANDIDATE to FOLLOWER at term 36 for DISCOVERED_A_NEW_TERM
2019-10-20 10:18:25,367 [e534181c-9f5d-4f71-ad0d-cd71b851ae4d@group-CC68B5F19AD3-LeaderElection34] INFO  impl.RoleInfo (RoleInfo.java:shutdownLeaderElection(134)) - e534181c-9f5d-4f71-ad0d-cd71b851ae4d: shutdown LeaderElection
2019-10-20 10:18:25,367 [e534181c-9f5d-4f71-ad0d-cd71b851ae4d@group-CC68B5F19AD3-LeaderElection34] INFO  impl.RoleInfo (RoleInfo.java:updateAndGet(143)) - e534181c-9f5d-4f71-ad0d-cd71b851ae4d: start FollowerState
2019-10-20 10:18:25,369 [Thread-774] INFO  impl.FollowerState (FollowerState.java:run(108)) - e534181c-9f5d-4f71-ad0d-cd71b851ae4d@group-CC68B5F19AD3-FollowerState: change to CANDIDATE, lastRpcTime:2ms, electionTimeout:2ms
2019-10-20 10:18:25,370 [Thread-774] INFO  impl.RoleInfo (RoleInfo.java:shutdownFollowerState(121)) - e534181c-9f5d-4f71-ad0d-cd71b851ae4d: shutdown FollowerState
2019-10-20 10:18:25,370 [Thread-774] INFO  impl.RaftServerImpl (RaftServerImpl.java:setRole(184)) - e534181c-9f5d-4f71-ad0d-cd71b851ae4d@group-CC68B5F19AD3: changes role from  FOLLOWER to CANDIDATE at term 36 for changeToCandidate
2019-10-20 10:18:25,370 [Thread-774] INFO  impl.RoleInfo (RoleInfo.java:updateAndGet(143)) - e534181c-9f5d-4f71-ad0d-cd71b851ae4d: start LeaderElection
2019-10-20 10:18:25,383 [e534181c-9f5d-4f71-ad0d-cd71b851ae4d@group-CC68B5F19AD3-LeaderElection35] INFO  impl.LeaderElection (LeaderElection.java:askForVotes(178)) - e534181c-9f5d-4f71-ad0d-cd71b851ae4d@group-CC68B5F19AD3-LeaderElection35: begin an election at term 37 for 0: [e76b0d72-a5f7-47dd-bc74-8743a5d358b0:192.168.69.89:42489, e534181c-9f5d-4f71-ad0d-cd71b851ae4d:192.168.69.89:44098, f1d6a710-9313-44dc-a005-f0b22c06f92c:192.168.69.89:41254], old=null
2019-10-20 10:18:25,386 [grpc-default-executor-5] INFO  impl.RaftServerImpl (RaftServerImpl.java:setRole(184)) - f1d6a710-9313-44dc-a005-f0b22c06f92c@group-CC68B5F19AD3: changes role from  FOLLOWER to FOLLOWER at term 37 for recognizeCandidate:e534181c-9f5d-4f71-ad0d-cd71b851ae4d
2019-10-20 10:18:25,386 [grpc-default-executor-3] INFO  impl.RaftServerImpl (RaftServerImpl.java:setRole(184)) - e76b0d72-a5f7-47dd-bc74-8743a5d358b0@group-CC68B5F19AD3: changes role from  FOLLOWER to FOLLOWER at term 37 for recognizeCandidate:e534181c-9f5d-4f71-ad0d-cd71b851ae4d
2019-10-20 10:18:25,386 [grpc-default-executor-3] INFO  impl.RoleInfo (RoleInfo.java:shutdownFollowerState(121)) - e76b0d72-a5f7-47dd-bc74-8743a5d358b0: shutdown FollowerState
2019-10-20 10:18:25,386 [grpc-default-executor-5] INFO  impl.RoleInfo (RoleInfo.java:shutdownFollowerState(121)) - f1d6a710-9313-44dc-a005-f0b22c06f92c: shutdown FollowerState
2019-10-20 10:18:25,386 [grpc-default-executor-3] INFO  impl.RoleInfo (RoleInfo.java:updateAndGet(143)) - e76b0d72-a5f7-47dd-bc74-8743a5d358b0: start FollowerState
2019-10-20 10:18:25,386 [Thread-772] INFO  impl.FollowerState (FollowerState.java:run(117)) - e76b0d72-a5f7-47dd-bc74-8743a5d358b0@group-CC68B5F19AD3-FollowerState was interrupted: java.lang.InterruptedException: sleep interrupted
2019-10-20 10:18:25,386 [grpc-default-executor-5] INFO  impl.RoleInfo (RoleInfo.java:updateAndGet(143)) - f1d6a710-9313-44dc-a005-f0b22c06f92c: start FollowerState
2019-10-20 10:18:25,386 [Thread-773] INFO  impl.FollowerState (FollowerState.java:run(117)) - f1d6a710-9313-44dc-a005-f0b22c06f92c@group-CC68B5F19AD3-FollowerState was interrupted: java.lang.InterruptedException: sleep interrupted
2019-10-20 10:18:25,402 [e534181c-9f5d-4f71-ad0d-cd71b851ae4d@group-CC68B5F19AD3-LeaderElection35] INFO  impl.LeaderElection (LeaderElection.java:logAndReturn(56)) - e534181c-9f5d-4f71-ad0d-cd71b851ae4d@group-CC68B5F19AD3-LeaderElection35: Election REJECTED; received 2 response(s) [e534181c-9f5d-4f71-ad0d-cd71b851ae4d<-e76b0d72-a5f7-47dd-bc74-8743a5d358b0#0:FAIL-t37, e534181c-9f5d-4f71-ad0d-cd71b851ae4d<-f1d6a710-9313-44dc-a005-f0b22c06f92c#0:FAIL-t37] and 0 exception(s); e534181c-9f5d-4f71-ad0d-cd71b851ae4d@group-CC68B5F19AD3:t37, leader=null, voted=e534181c-9f5d-4f71-ad0d-cd71b851ae4d, raftlog=e534181c-9f5d-4f71-ad0d-cd71b851ae4d@group-CC68B5F19AD3-SegmentedRaftLog:OPENED:c3,f4,i4, conf=0: [e76b0d72-a5f7-47dd-bc74-8743a5d358b0:192.168.69.89:42489, e534181c-9f5d-4f71-ad0d-cd71b851ae4d:192.168.69.89:44098, f1d6a710-9313-44dc-a005-f0b22c06f92c:192.168.69.89:41254], old=null
2019-10-20 10:18:25,403 [e534181c-9f5d-4f71-ad0d-cd71b851ae4d@group-CC68B5F19AD3-LeaderElection35] INFO  impl.RaftServerImpl (RaftServerImpl.java:setRole(184)) - e534181c-9f5d-4f71-ad0d-cd71b851ae4d@group-CC68B5F19AD3: changes role from CANDIDATE to FOLLOWER at term 37 for DISCOVERED_A_NEW_TERM
2019-10-20 10:18:25,403 [e534181c-9f5d-4f71-ad0d-cd71b851ae4d@group-CC68B5F19AD3-LeaderElection35] INFO  impl.RoleInfo (RoleInfo.java:shutdownLeaderElection(134)) - e534181c-9f5d-4f71-ad0d-cd71b851ae4d: shutdown LeaderElection
2019-10-20 10:18:25,403 [e534181c-9f5d-4f71-ad0d-cd71b851ae4d@group-CC68B5F19AD3-LeaderElection35] INFO  impl.RoleInfo (RoleInfo.java:updateAndGet(143)) - e534181c-9f5d-4f71-ad0d-cd71b851ae4d: start FollowerState
2019-10-20 10:18:25,567 [Thread-780] INFO  impl.FollowerState (FollowerState.java:run(108)) - e534181c-9f5d-4f71-ad0d-cd71b851ae4d@group-CC68B5F19AD3-FollowerState: change to CANDIDATE, lastRpcTime:164ms, electionTimeout:164ms
2019-10-20 10:18:25,568 [Thread-780] INFO  impl.RoleInfo (RoleInfo.java:shutdownFollowerState(121)) - e534181c-9f5d-4f71-ad0d-cd71b851ae4d: shutdown FollowerState
2019-10-20 10:18:25,568 [Thread-780] INFO  impl.RaftServerImpl (RaftServerImpl.java:setRole(184)) - e534181c-9f5d-4f71-ad0d-cd71b851ae4d@group-CC68B5F19AD3: changes role from  FOLLOWER to CANDIDATE at term 37 for changeToCandidate
2019-10-20 10:18:25,568 [Thread-780] INFO  impl.RoleInfo (RoleInfo.java:updateAndGet(143)) - e534181c-9f5d-4f71-ad0d-cd71b851ae4d: start LeaderElection
2019-10-20 10:18:25,582 [e534181c-9f5d-4f71-ad0d-cd71b851ae4d@group-CC68B5F19AD3-LeaderElection36] INFO  impl.LeaderElection (LeaderElection.java:askForVotes(178)) - e534181c-9f5d-4f71-ad0d-cd71b851ae4d@group-CC68B5F19AD3-LeaderElection36: begin an election at term 38 for 0: [e76b0d72-a5f7-47dd-bc74-8743a5d358b0:192.168.69.89:42489, e534181c-9f5d-4f71-ad0d-cd71b851ae4d:192.168.69.89:44098, f1d6a710-9313-44dc-a005-f0b22c06f92c:192.168.69.89:41254], old=null
2019-10-20 10:18:25,586 [grpc-default-executor-5] INFO  impl.RaftServerImpl (RaftServerImpl.java:setRole(184)) - e76b0d72-a5f7-47dd-bc74-8743a5d358b0@group-CC68B5F19AD3: changes role from  FOLLOWER to FOLLOWER at term 38 for recognizeCandidate:e534181c-9f5d-4f71-ad0d-cd71b851ae4d
2019-10-20 10:18:25,586 [grpc-default-executor-3] INFO  impl.RaftServerImpl (RaftServerImpl.java:setRole(184)) - f1d6a710-9313-44dc-a005-f0b22c06f92c@group-CC68B5F19AD3: changes role from  FOLLOWER to FOLLOWER at term 38 for recognizeCandidate:e534181c-9f5d-4f71-ad0d-cd71b851ae4d
2019-10-20 10:18:25,586 [grpc-default-executor-5] INFO  impl.RoleInfo (RoleInfo.java:shutdownFollowerState(121)) - e76b0d72-a5f7-47dd-bc74-8743a5d358b0: shutdown FollowerState
2019-10-20 10:18:25,586 [grpc-default-executor-3] INFO  impl.RoleInfo (RoleInfo.java:shutdownFollowerState(121)) - f1d6a710-9313-44dc-a005-f0b22c06f92c: shutdown FollowerState
2019-10-20 10:18:25,586 [grpc-default-executor-5] INFO  impl.RoleInfo (RoleInfo.java:updateAndGet(143)) - e76b0d72-a5f7-47dd-bc74-8743a5d358b0: start FollowerState
2019-10-20 10:18:25,586 [Thread-778] INFO  impl.FollowerState (FollowerState.java:run(117)) - e76b0d72-a5f7-47dd-bc74-8743a5d358b0@group-CC68B5F19AD3-FollowerState was interrupted: java.lang.InterruptedException: sleep interrupted
2019-10-20 10:18:25,586 [grpc-default-executor-3] INFO  impl.RoleInfo (RoleInfo.java:updateAndGet(143)) - f1d6a710-9313-44dc-a005-f0b22c06f92c: start FollowerState
2019-10-20 10:18:25,586 [Thread-779] INFO  impl.FollowerState (FollowerState.java:run(117)) - f1d6a710-9313-44dc-a005-f0b22c06f92c@group-CC68B5F19AD3-FollowerState was interrupted: java.lang.InterruptedException: sleep interrupted
2019-10-20 10:18:25,603 [e534181c-9f5d-4f71-ad0d-cd71b851ae4d@group-CC68B5F19AD3-LeaderElection36] INFO  impl.LeaderElection (LeaderElection.java:logAndReturn(56)) - e534181c-9f5d-4f71-ad0d-cd71b851ae4d@group-CC68B5F19AD3-LeaderElection36: Election REJECTED; received 2 response(s) [e534181c-9f5d-4f71-ad0d-cd71b851ae4d<-e76b0d72-a5f7-47dd-bc74-8743a5d358b0#0:FAIL-t38, e534181c-9f5d-4f71-ad0d-cd71b851ae4d<-f1d6a710-9313-44dc-a005-f0b22c06f92c#0:FAIL-t38] and 0 exception(s); e534181c-9f5d-4f71-ad0d-cd71b851ae4d@group-CC68B5F19AD3:t38, leader=null, voted=e534181c-9f5d-4f71-ad0d-cd71b851ae4d, raftlog=e534181c-9f5d-4f71-ad0d-cd71b851ae4d@group-CC68B5F19AD3-SegmentedRaftLog:OPENED:c3,f4,i4, conf=0: [e76b0d72-a5f7-47dd-bc74-8743a5d358b0:192.168.69.89:42489, e534181c-9f5d-4f71-ad0d-cd71b851ae4d:192.168.69.89:44098, f1d6a710-9313-44dc-a005-f0b22c06f92c:192.168.69.89:41254], old=null
2019-10-20 10:18:25,603 [e534181c-9f5d-4f71-ad0d-cd71b851ae4d@group-CC68B5F19AD3-LeaderElection36] INFO  impl.RaftServerImpl (RaftServerImpl.java:setRole(184)) - e534181c-9f5d-4f71-ad0d-cd71b851ae4d@group-CC68B5F19AD3: changes role from CANDIDATE to FOLLOWER at term 38 for DISCOVERED_A_NEW_TERM
2019-10-20 10:18:25,603 [e534181c-9f5d-4f71-ad0d-cd71b851ae4d@group-CC68B5F19AD3-LeaderElection36] INFO  impl.RoleInfo (RoleInfo.java:shutdownLeaderElection(134)) - e534181c-9f5d-4f71-ad0d-cd71b851ae4d: shutdown LeaderElection
2019-10-20 10:18:25,603 [e534181c-9f5d-4f71-ad0d-cd71b851ae4d@group-CC68B5F19AD3-LeaderElection36] INFO  impl.RoleInfo (RoleInfo.java:updateAndGet(143)) - e534181c-9f5d-4f71-ad0d-cd71b851ae4d: start FollowerState
2019-10-20 10:18:25,628 [EventQueue-PendingDeleteStatusForPendingDeleteHandler] INFO  block.SCMBlockDeletingService (SCMBlockDeletingService.java:handlePendingDeletes(115)) - Block deletion txnID mismatch in datanode e534181c-9f5d-4f71-ad0d-cd71b851ae4d for containerID 1. Datanode delete txnID: 0, SCM txnID: 1
2019-10-20 10:18:25,669 [grpc-default-executor-5] INFO  impl.RaftServerProxy (RaftServerProxy.java:addNew(89)) - e534181c-9f5d-4f71-ad0d-cd71b851ae4d: addNew group-DB1B16C328FD:[e534181c-9f5d-4f71-ad0d-cd71b851ae4d:192.168.69.89:44098] returns group-DB1B16C328FD:java.util.concurrent.CompletableFuture@573efd53[Not completed]
2019-10-20 10:18:25,671 [pool-59-thread-1] INFO  impl.RaftServerImpl (RaftServerImpl.java:<init>(104)) - e534181c-9f5d-4f71-ad0d-cd71b851ae4d: new RaftServerImpl for group-DB1B16C328FD:[e534181c-9f5d-4f71-ad0d-cd71b851ae4d:192.168.69.89:44098] with ContainerStateMachine:uninitialized
2019-10-20 10:18:25,671 [pool-59-thread-1] INFO  server.RaftServerConfigKeys (ConfUtils.java:logGet(43)) - raft.server.rpc.timeout.min = 5s (custom)
2019-10-20 10:18:25,671 [pool-59-thread-1] INFO  server.RaftServerConfigKeys (ConfUtils.java:logGet(43)) - raft.server.rpc.timeout.max = 5200ms (custom)
2019-10-20 10:18:25,671 [pool-59-thread-1] INFO  server.RaftServerConfigKeys (ConfUtils.java:logGet(43)) - raft.server.rpcslowness.timeout = 1000s (custom)
2019-10-20 10:18:25,671 [pool-59-thread-1] INFO  server.RaftServerConfigKeys (ConfUtils.java:logGet(43)) - raft.server.sleep.deviation.threshold = 300 (default)
2019-10-20 10:18:25,672 [pool-59-thread-1] INFO  server.RaftServerConfigKeys (ConfUtils.java:logGet(43)) - raft.server.log.appender.install.snapshot.enabled = false (custom)
2019-10-20 10:18:25,672 [pool-59-thread-1] INFO  impl.RaftServerImpl (ServerState.java:<init>(103)) - e534181c-9f5d-4f71-ad0d-cd71b851ae4d@group-DB1B16C328FD: ConfigurationManager, init=-1: [e534181c-9f5d-4f71-ad0d-cd71b851ae4d:192.168.69.89:44098], old=null, confs=<EMPTY_MAP>
2019-10-20 10:18:25,672 [pool-59-thread-1] INFO  server.RaftServerConfigKeys (ConfUtils.java:logGet(43)) - raft.server.storage.dir = [/workdir/hadoop-ozone/integration-test/target/test-dir/MiniOzoneClusterImpl-2addb35b-a6cc-4f8a-83ea-8293f411ed6d/datanode-1/data/ratis] (custom)
2019-10-20 10:18:25,672 [pool-59-thread-1] INFO  server.RaftServerConfigKeys (ConfUtils.java:logGet(43)) - raft.server.log.corruption.policy = EXCEPTION (default)
2019-10-20 10:18:25,672 [pool-59-thread-1] INFO  storage.RaftStorageDirectory (RaftStorageDirectory.java:analyzeStorage(246)) - The storage directory /workdir/hadoop-ozone/integration-test/target/test-dir/MiniOzoneClusterImpl-2addb35b-a6cc-4f8a-83ea-8293f411ed6d/datanode-1/data/ratis/ea23e415-df7d-47ec-8397-db1b16c328fd does not exist. Creating ...
2019-10-20 10:18:25,685 [pool-59-thread-1] INFO  storage.RaftStorageDirectory (RaftStorageDirectory.java:tryLock(328)) - Lock on /workdir/hadoop-ozone/integration-test/target/test-dir/MiniOzoneClusterImpl-2addb35b-a6cc-4f8a-83ea-8293f411ed6d/datanode-1/data/ratis/ea23e415-df7d-47ec-8397-db1b16c328fd/in_use.lock acquired by nodename 27821@pr-hdds-2335-x5gnt-184872562
2019-10-20 10:18:25,699 [pool-59-thread-1] INFO  storage.RaftStorage (RaftStorage.java:format(84)) - Storage directory /workdir/hadoop-ozone/integration-test/target/test-dir/MiniOzoneClusterImpl-2addb35b-a6cc-4f8a-83ea-8293f411ed6d/datanode-1/data/ratis/ea23e415-df7d-47ec-8397-db1b16c328fd has been successfully formatted.
2019-10-20 10:18:25,699 [pool-59-thread-1] INFO  ratis.ContainerStateMachine (ContainerStateMachine.java:loadSnapshot(231)) - group-DB1B16C328FD: The snapshot info is null. Setting the last applied indexto:(t:0, i:~)
2019-10-20 10:18:25,699 [pool-59-thread-1] INFO  server.RaftServerConfigKeys (ConfUtils.java:logGet(43)) - raft.server.notification.no-leader.timeout = 1000s (custom)
2019-10-20 10:18:25,699 [pool-59-thread-1] INFO  server.RaftServerConfigKeys (ConfUtils.java:logGet(43)) - raft.server.log.use.memory = false (default)
2019-10-20 10:18:25,699 [pool-59-thread-1] INFO  server.RaftServerConfigKeys (ConfUtils.java:logGet(43)) - raft.server.log.purge.gap = 1000000 (custom)
2019-10-20 10:18:25,699 [pool-59-thread-1] INFO  server.RaftServerConfigKeys (ConfUtils.java:logGet(43)) - raft.server.log.appender.buffer.byte-limit = 33554432 (custom)
2019-10-20 10:18:25,699 [pool-59-thread-1] INFO  server.RaftServerConfigKeys (ConfUtils.java:logGet(43)) - raft.server.log.segment.size.max = 1048576 (custom)
2019-10-20 10:18:25,700 [pool-59-thread-1] INFO  server.RaftServerConfigKeys (ConfUtils.java:logGet(43)) - raft.server.log.segment.cache.num.max = 2 (custom)
2019-10-20 10:18:25,700 [pool-59-thread-1] INFO  segmented.SegmentedRaftLogWorker (SegmentedRaftLogWorker.java:<init>(173)) - new e534181c-9f5d-4f71-ad0d-cd71b851ae4d@group-DB1B16C328FD-SegmentedRaftLogWorker for RaftStorage:Storage Directory /workdir/hadoop-ozone/integration-test/target/test-dir/MiniOzoneClusterImpl-2addb35b-a6cc-4f8a-83ea-8293f411ed6d/datanode-1/data/ratis/ea23e415-df7d-47ec-8397-db1b16c328fd
2019-10-20 10:18:25,700 [pool-59-thread-1] INFO  server.RaftServerConfigKeys (ConfUtils.java:logGet(43)) - raft.server.log.queue.byte-limit = 2147483647 (custom)
2019-10-20 10:18:25,700 [pool-59-thread-1] INFO  server.RaftServerConfigKeys (ConfUtils.java:logGet(43)) - raft.server.log.queue.element-limit = 1024 (custom)
2019-10-20 10:18:25,700 [pool-59-thread-1] INFO  server.RaftServerConfigKeys (ConfUtils.java:logGet(43)) - raft.server.log.segment.size.max = 1048576 (custom)
2019-10-20 10:18:25,700 [pool-59-thread-1] INFO  server.RaftServerConfigKeys (ConfUtils.java:logGet(43)) - raft.server.log.preallocated.size = 16384 (custom)
2019-10-20 10:18:25,700 [pool-59-thread-1] INFO  server.RaftServerConfigKeys (ConfUtils.java:logGet(43)) - raft.server.log.write.buffer.size = 33554432 (custom)
2019-10-20 10:18:25,700 [pool-59-thread-1] INFO  server.RaftServerConfigKeys (ConfUtils.java:logGet(43)) - raft.server.log.force.sync.num = 128 (default)
2019-10-20 10:18:25,700 [pool-59-thread-1] INFO  server.RaftServerConfigKeys (ConfUtils.java:logGet(43)) - raft.server.log.statemachine.data.sync = true (default)
2019-10-20 10:18:25,700 [pool-59-thread-1] INFO  server.RaftServerConfigKeys (ConfUtils.java:logGet(43)) - raft.server.log.statemachine.data.sync.timeout = 10s (default)
2019-10-20 10:18:25,700 [pool-59-thread-1] INFO  server.RaftServerConfigKeys (ConfUtils.java:logGet(43)) - raft.server.log.statemachine.data.sync.timeout.retry = -1 (default)
2019-10-20 10:18:25,701 [pool-59-thread-1] INFO  server.RaftServerConfigKeys (ConfUtils.java:logGet(43)) - raft.server.log.statemachine.data.caching.enabled = true (custom)
2019-10-20 10:18:25,701 [pool-59-thread-1] INFO  segmented.SegmentedRaftLogWorker (SegmentedRaftLogWorker.java:lambda$new$0(128)) - e534181c-9f5d-4f71-ad0d-cd71b851ae4d@group-DB1B16C328FD-SegmentedRaftLogWorker: flushIndex: setUnconditionally 0 -> -1
2019-10-20 10:18:25,701 [pool-59-thread-1] INFO  server.RaftServerConfigKeys (ConfUtils.java:logGet(43)) - raft.server.snapshot.auto.trigger.enabled = true (custom)
2019-10-20 10:18:25,701 [pool-59-thread-1] INFO  server.RaftServerConfigKeys (ConfUtils.java:logGet(43)) - raft.server.snapshot.auto.trigger.threshold = 10000 (custom)
2019-10-20 10:18:25,701 [pool-59-thread-1] INFO  server.RaftServerConfigKeys (ConfUtils.java:logGet(43)) - raft.server.snapshot.retention.file.num = 5 (custom)
2019-10-20 10:18:25,701 [pool-59-thread-1] INFO  server.RaftServerConfigKeys (ConfUtils.java:logGet(43)) - raft.server.retrycache.expirytime = 600000ms (custom)
2019-10-20 10:18:25,704 [pool-59-thread-1] INFO  impl.RaftServerImpl (RaftServerImpl.java:start(195)) - e534181c-9f5d-4f71-ad0d-cd71b851ae4d@group-DB1B16C328FD: start as a follower, conf=-1: [e534181c-9f5d-4f71-ad0d-cd71b851ae4d:192.168.69.89:44098], old=null
2019-10-20 10:18:25,704 [pool-59-thread-1] INFO  impl.RaftServerImpl (RaftServerImpl.java:setRole(184)) - e534181c-9f5d-4f71-ad0d-cd71b851ae4d@group-DB1B16C328FD: changes role from      null to FOLLOWER at term 0 for startAsFollower
2019-10-20 10:18:25,704 [pool-59-thread-1] INFO  impl.RoleInfo (RoleInfo.java:updateAndGet(143)) - e534181c-9f5d-4f71-ad0d-cd71b851ae4d: start FollowerState
2019-10-20 10:18:25,705 [pool-59-thread-1] INFO  util.JmxRegister (JmxRegister.java:tryRegister(44)) - Successfully registered JMX Bean with object name Ratis:service=RaftServer,group=group-DB1B16C328FD,id=e534181c-9f5d-4f71-ad0d-cd71b851ae4d
2019-10-20 10:18:25,711 [RatisPipelineUtilsThread] INFO  pipeline.PipelineStateManager (PipelineStateManager.java:addPipeline(56)) - Created pipeline Pipeline[ Id: ea23e415-df7d-47ec-8397-db1b16c328fd, Nodes: e534181c-9f5d-4f71-ad0d-cd71b851ae4d{ip: 192.168.69.89, host: pr-hdds-2335-x5gnt-184872562, networkLocation: /default-rack, certSerialId: null}, Type:RATIS, Factor:ONE, State:OPEN]
2019-10-20 10:18:25,716 [pool-7-thread-1] INFO  commands.RetriableDatanodeEventWatcher (RetriableDatanodeEventWatcher.java:onTimeout(47)) - RetriableDatanodeCommand type=deleteBlocksCommand with id=1571566698707 timed out. Retrying.
2019-10-20 10:18:25,719 [pool-7-thread-2] INFO  commands.RetriableDatanodeEventWatcher (RetriableDatanodeEventWatcher.java:onTimeout(47)) - RetriableDatanodeCommand type=deleteBlocksCommand with id=1571566698709 timed out. Retrying.
2019-10-20 10:18:25,721 [pool-7-thread-2] INFO  commands.RetriableDatanodeEventWatcher (RetriableDatanodeEventWatcher.java:onTimeout(47)) - RetriableDatanodeCommand type=deleteBlocksCommand with id=1571566698711 timed out. Retrying.
2019-10-20 10:18:25,721 [pool-7-thread-1] INFO  commands.RetriableDatanodeEventWatcher (RetriableDatanodeEventWatcher.java:onTimeout(47)) - RetriableDatanodeCommand type=deleteBlocksCommand with id=1571566698710 timed out. Retrying.
2019-10-20 10:18:25,724 [grpc-default-executor-8] INFO  impl.RaftServerProxy (RaftServerProxy.java:addNew(89)) - e534181c-9f5d-4f71-ad0d-cd71b851ae4d: addNew group-9B460392F191:[e76b0d72-a5f7-47dd-bc74-8743a5d358b0:192.168.69.89:42489, e534181c-9f5d-4f71-ad0d-cd71b851ae4d:192.168.69.89:44098, f1d6a710-9313-44dc-a005-f0b22c06f92c:192.168.69.89:41254] returns group-9B460392F191:java.util.concurrent.CompletableFuture@6ecbd13[Not completed]
2019-10-20 10:18:25,725 [grpc-default-executor-3] INFO  impl.RaftServerProxy (RaftServerProxy.java:addNew(89)) - e76b0d72-a5f7-47dd-bc74-8743a5d358b0: addNew group-9B460392F191:[e76b0d72-a5f7-47dd-bc74-8743a5d358b0:192.168.69.89:42489, e534181c-9f5d-4f71-ad0d-cd71b851ae4d:192.168.69.89:44098, f1d6a710-9313-44dc-a005-f0b22c06f92c:192.168.69.89:41254] returns group-9B460392F191:java.util.concurrent.CompletableFuture@c0d553b[Not completed]
2019-10-20 10:18:25,724 [grpc-default-executor-5] INFO  impl.RaftServerProxy (RaftServerProxy.java:addNew(89)) - f1d6a710-9313-44dc-a005-f0b22c06f92c: addNew group-9B460392F191:[e76b0d72-a5f7-47dd-bc74-8743a5d358b0:192.168.69.89:42489, e534181c-9f5d-4f71-ad0d-cd71b851ae4d:192.168.69.89:44098, f1d6a710-9313-44dc-a005-f0b22c06f92c:192.168.69.89:41254] returns group-9B460392F191:java.util.concurrent.CompletableFuture@455b5df[Not completed]
2019-10-20 10:18:25,725 [pool-7-thread-1] INFO  commands.RetriableDatanodeEventWatcher (RetriableDatanodeEventWatcher.java:onTimeout(47)) - RetriableDatanodeCommand type=deleteBlocksCommand with id=1571566698713 timed out. Retrying.
2019-10-20 10:18:25,725 [pool-7-thread-2] INFO  commands.RetriableDatanodeEventWatcher (RetriableDatanodeEventWatcher.java:onTimeout(47)) - RetriableDatanodeCommand type=deleteBlocksCommand with id=1571566698712 timed out. Retrying.
2019-10-20 10:18:25,726 [pool-59-thread-1] INFO  impl.RaftServerImpl (RaftServerImpl.java:<init>(104)) - e534181c-9f5d-4f71-ad0d-cd71b851ae4d: new RaftServerImpl for group-9B460392F191:[e76b0d72-a5f7-47dd-bc74-8743a5d358b0:192.168.69.89:42489, e534181c-9f5d-4f71-ad0d-cd71b851ae4d:192.168.69.89:44098, f1d6a710-9313-44dc-a005-f0b22c06f92c:192.168.69.89:41254] with ContainerStateMachine:uninitialized
2019-10-20 10:18:25,726 [pool-59-thread-1] INFO  server.RaftServerConfigKeys (ConfUtils.java:logGet(43)) - raft.server.rpc.timeout.min = 5s (custom)
2019-10-20 10:18:25,726 [pool-59-thread-1] INFO  server.RaftServerConfigKeys (ConfUtils.java:logGet(43)) - raft.server.rpc.timeout.max = 5200ms (custom)
2019-10-20 10:18:25,726 [pool-59-thread-1] INFO  server.RaftServerConfigKeys (ConfUtils.java:logGet(43)) - raft.server.rpcslowness.timeout = 1000s (custom)
2019-10-20 10:18:25,726 [pool-59-thread-1] INFO  server.RaftServerConfigKeys (ConfUtils.java:logGet(43)) - raft.server.sleep.deviation.threshold = 300 (default)
2019-10-20 10:18:25,726 [pool-59-thread-1] INFO  server.RaftServerConfigKeys (ConfUtils.java:logGet(43)) - raft.server.log.appender.install.snapshot.enabled = false (custom)
2019-10-20 10:18:25,726 [pool-59-thread-1] INFO  impl.RaftServerImpl (ServerState.java:<init>(103)) - e534181c-9f5d-4f71-ad0d-cd71b851ae4d@group-9B460392F191: ConfigurationManager, init=-1: [e76b0d72-a5f7-47dd-bc74-8743a5d358b0:192.168.69.89:42489, e534181c-9f5d-4f71-ad0d-cd71b851ae4d:192.168.69.89:44098, f1d6a710-9313-44dc-a005-f0b22c06f92c:192.168.69.89:41254], old=null, confs=<EMPTY_MAP>
2019-10-20 10:18:25,726 [pool-59-thread-1] INFO  server.RaftServerConfigKeys (ConfUtils.java:logGet(43)) - raft.server.storage.dir = [/workdir/hadoop-ozone/integration-test/target/test-dir/MiniOzoneClusterImpl-2addb35b-a6cc-4f8a-83ea-8293f411ed6d/datanode-1/data/ratis] (custom)
2019-10-20 10:18:25,727 [pool-59-thread-1] INFO  server.RaftServerConfigKeys (ConfUtils.java:logGet(43)) - raft.server.log.corruption.policy = EXCEPTION (default)
2019-10-20 10:18:25,727 [pool-59-thread-1] INFO  storage.RaftStorageDirectory (RaftStorageDirectory.java:analyzeStorage(246)) - The storage directory /workdir/hadoop-ozone/integration-test/target/test-dir/MiniOzoneClusterImpl-2addb35b-a6cc-4f8a-83ea-8293f411ed6d/datanode-1/data/ratis/eaa4d175-9603-4bbd-bc09-9b460392f191 does not exist. Creating ...
2019-10-20 10:18:25,727 [pool-7-thread-2] INFO  commands.RetriableDatanodeEventWatcher (RetriableDatanodeEventWatcher.java:onTimeout(47)) - RetriableDatanodeCommand type=deleteBlocksCommand with id=1571566698714 timed out. Retrying.
2019-10-20 10:18:25,727 [pool-47-thread-1] INFO  impl.RaftServerImpl (RaftServerImpl.java:<init>(104)) - e76b0d72-a5f7-47dd-bc74-8743a5d358b0: new RaftServerImpl for group-9B460392F191:[e76b0d72-a5f7-47dd-bc74-8743a5d358b0:192.168.69.89:42489, e534181c-9f5d-4f71-ad0d-cd71b851ae4d:192.168.69.89:44098, f1d6a710-9313-44dc-a005-f0b22c06f92c:192.168.69.89:41254] with ContainerStateMachine:uninitialized
2019-10-20 10:18:25,727 [pool-47-thread-1] INFO  server.RaftServerConfigKeys (ConfUtils.java:logGet(43)) - raft.server.rpc.timeout.min = 5s (custom)
2019-10-20 10:18:25,727 [SCMBlockDeletingService#0] INFO  block.SCMBlockDeletingService (SCMBlockDeletingService.java:call(184)) - Totally added 1 delete blocks command for 1 datanodes, task elapsed time: 0ms
2019-10-20 10:18:25,728 [pool-47-thread-1] INFO  server.RaftServerConfigKeys (ConfUtils.java:logGet(43)) - raft.server.rpc.timeout.max = 5200ms (custom)
2019-10-20 10:18:25,728 [pool-47-thread-1] INFO  server.RaftServerConfigKeys (ConfUtils.java:logGet(43)) - raft.server.rpcslowness.timeout = 1000s (custom)
2019-10-20 10:18:25,728 [pool-27-thread-1] INFO  impl.RaftServerImpl (RaftServerImpl.java:<init>(104)) - f1d6a710-9313-44dc-a005-f0b22c06f92c: new RaftServerImpl for group-9B460392F191:[e76b0d72-a5f7-47dd-bc74-8743a5d358b0:192.168.69.89:42489, e534181c-9f5d-4f71-ad0d-cd71b851ae4d:192.168.69.89:44098, f1d6a710-9313-44dc-a005-f0b22c06f92c:192.168.69.89:41254] with ContainerStateMachine:uninitialized
2019-10-20 10:18:25,728 [pool-47-thread-1] INFO  server.RaftServerConfigKeys (ConfUtils.java:logGet(43)) - raft.server.sleep.deviation.threshold = 300 (default)
2019-10-20 10:18:25,728 [pool-27-thread-1] INFO  server.RaftServerConfigKeys (ConfUtils.java:logGet(43)) - raft.server.rpc.timeout.min = 5s (custom)
2019-10-20 10:18:25,728 [pool-47-thread-1] INFO  server.RaftServerConfigKeys (ConfUtils.java:logGet(43)) - raft.server.log.appender.install.snapshot.enabled = false (custom)
2019-10-20 10:18:25,728 [pool-27-thread-1] INFO  server.RaftServerConfigKeys (ConfUtils.java:logGet(43)) - raft.server.rpc.timeout.max = 5200ms (custom)
2019-10-20 10:18:25,728 [pool-47-thread-1] INFO  impl.RaftServerImpl (ServerState.java:<init>(103)) - e76b0d72-a5f7-47dd-bc74-8743a5d358b0@group-9B460392F191: ConfigurationManager, init=-1: [e76b0d72-a5f7-47dd-bc74-8743a5d358b0:192.168.69.89:42489, e534181c-9f5d-4f71-ad0d-cd71b851ae4d:192.168.69.89:44098, f1d6a710-9313-44dc-a005-f0b22c06f92c:192.168.69.89:41254], old=null, confs=<EMPTY_MAP>
2019-10-20 10:18:25,729 [pool-27-thread-1] INFO  server.RaftServerConfigKeys (ConfUtils.java:logGet(43)) - raft.server.rpcslowness.timeout = 1000s (custom)
2019-10-20 10:18:25,729 [pool-27-thread-1] INFO  server.RaftServerConfigKeys (ConfUtils.java:logGet(43)) - raft.server.sleep.deviation.threshold = 300 (default)
2019-10-20 10:18:25,729 [pool-47-thread-1] INFO  server.RaftServerConfigKeys (ConfUtils.java:logGet(43)) - raft.server.storage.dir = [/workdir/hadoop-ozone/integration-test/target/test-dir/MiniOzoneClusterImpl-2addb35b-a6cc-4f8a-83ea-8293f411ed6d/datanode-2/data/ratis] (custom)
2019-10-20 10:18:25,729 [pool-27-thread-1] INFO  server.RaftServerConfigKeys (ConfUtils.java:logGet(43)) - raft.server.log.appender.install.snapshot.enabled = false (custom)
2019-10-20 10:18:25,729 [pool-27-thread-1] INFO  impl.RaftServerImpl (ServerState.java:<init>(103)) - f1d6a710-9313-44dc-a005-f0b22c06f92c@group-9B460392F191: ConfigurationManager, init=-1: [e76b0d72-a5f7-47dd-bc74-8743a5d358b0:192.168.69.89:42489, e534181c-9f5d-4f71-ad0d-cd71b851ae4d:192.168.69.89:44098, f1d6a710-9313-44dc-a005-f0b22c06f92c:192.168.69.89:41254], old=null, confs=<EMPTY_MAP>
2019-10-20 10:18:25,729 [pool-27-thread-1] INFO  server.RaftServerConfigKeys (ConfUtils.java:logGet(43)) - raft.server.storage.dir = [/workdir/hadoop-ozone/integration-test/target/test-dir/MiniOzoneClusterImpl-2addb35b-a6cc-4f8a-83ea-8293f411ed6d/datanode-0/data/ratis] (custom)
2019-10-20 10:18:25,729 [pool-47-thread-1] INFO  server.RaftServerConfigKeys (ConfUtils.java:logGet(43)) - raft.server.log.corruption.policy = EXCEPTION (default)
2019-10-20 10:18:25,729 [pool-27-thread-1] INFO  server.RaftServerConfigKeys (ConfUtils.java:logGet(43)) - raft.server.log.corruption.policy = EXCEPTION (default)
2019-10-20 10:18:25,730 [pool-47-thread-1] INFO  storage.RaftStorageDirectory (RaftStorageDirectory.java:analyzeStorage(246)) - The storage directory /workdir/hadoop-ozone/integration-test/target/test-dir/MiniOzoneClusterImpl-2addb35b-a6cc-4f8a-83ea-8293f411ed6d/datanode-2/data/ratis/eaa4d175-9603-4bbd-bc09-9b460392f191 does not exist. Creating ...
2019-10-20 10:18:25,730 [pool-27-thread-1] INFO  storage.RaftStorageDirectory (RaftStorageDirectory.java:analyzeStorage(246)) - The storage directory /workdir/hadoop-ozone/integration-test/target/test-dir/MiniOzoneClusterImpl-2addb35b-a6cc-4f8a-83ea-8293f411ed6d/datanode-0/data/ratis/eaa4d175-9603-4bbd-bc09-9b460392f191 does not exist. Creating ...
2019-10-20 10:18:25,740 [pool-27-thread-1] INFO  storage.RaftStorageDirectory (RaftStorageDirectory.java:tryLock(328)) - Lock on /workdir/hadoop-ozone/integration-test/target/test-dir/MiniOzoneClusterImpl-2addb35b-a6cc-4f8a-83ea-8293f411ed6d/datanode-0/data/ratis/eaa4d175-9603-4bbd-bc09-9b460392f191/in_use.lock acquired by nodename 27821@pr-hdds-2335-x5gnt-184872562
2019-10-20 10:18:25,740 [pool-59-thread-1] INFO  storage.RaftStorageDirectory (RaftStorageDirectory.java:tryLock(328)) - Lock on /workdir/hadoop-ozone/integration-test/target/test-dir/MiniOzoneClusterImpl-2addb35b-a6cc-4f8a-83ea-8293f411ed6d/datanode-1/data/ratis/eaa4d175-9603-4bbd-bc09-9b460392f191/in_use.lock acquired by nodename 27821@pr-hdds-2335-x5gnt-184872562
2019-10-20 10:18:25,740 [pool-47-thread-1] INFO  storage.RaftStorageDirectory (RaftStorageDirectory.java:tryLock(328)) - Lock on /workdir/hadoop-ozone/integration-test/target/test-dir/MiniOzoneClusterImpl-2addb35b-a6cc-4f8a-83ea-8293f411ed6d/datanode-2/data/ratis/eaa4d175-9603-4bbd-bc09-9b460392f191/in_use.lock acquired by nodename 27821@pr-hdds-2335-x5gnt-184872562
2019-10-20 10:18:25,754 [pool-27-thread-1] INFO  storage.RaftStorage (RaftStorage.java:format(84)) - Storage directory /workdir/hadoop-ozone/integration-test/target/test-dir/MiniOzoneClusterImpl-2addb35b-a6cc-4f8a-83ea-8293f411ed6d/datanode-0/data/ratis/eaa4d175-9603-4bbd-bc09-9b460392f191 has been successfully formatted.
2019-10-20 10:18:25,754 [pool-59-thread-1] INFO  storage.RaftStorage (RaftStorage.java:format(84)) - Storage directory /workdir/hadoop-ozone/integration-test/target/test-dir/MiniOzoneClusterImpl-2addb35b-a6cc-4f8a-83ea-8293f411ed6d/datanode-1/data/ratis/eaa4d175-9603-4bbd-bc09-9b460392f191 has been successfully formatted.
2019-10-20 10:18:25,754 [pool-47-thread-1] INFO  storage.RaftStorage (RaftStorage.java:format(84)) - Storage directory /workdir/hadoop-ozone/integration-test/target/test-dir/MiniOzoneClusterImpl-2addb35b-a6cc-4f8a-83ea-8293f411ed6d/datanode-2/data/ratis/eaa4d175-9603-4bbd-bc09-9b460392f191 has been successfully formatted.
2019-10-20 10:18:25,754 [pool-59-thread-1] INFO  ratis.ContainerStateMachine (ContainerStateMachine.java:loadSnapshot(231)) - group-9B460392F191: The snapshot info is null. Setting the last applied indexto:(t:0, i:~)
2019-10-20 10:18:25,754 [pool-27-thread-1] INFO  ratis.ContainerStateMachine (ContainerStateMachine.java:loadSnapshot(231)) - group-9B460392F191: The snapshot info is null. Setting the last applied indexto:(t:0, i:~)
2019-10-20 10:18:25,755 [pool-47-thread-1] INFO  ratis.ContainerStateMachine (ContainerStateMachine.java:loadSnapshot(231)) - group-9B460392F191: The snapshot info is null. Setting the last applied indexto:(t:0, i:~)
2019-10-20 10:18:25,755 [pool-59-thread-1] INFO  server.RaftServerConfigKeys (ConfUtils.java:logGet(43)) - raft.server.notification.no-leader.timeout = 1000s (custom)
2019-10-20 10:18:25,755 [pool-47-thread-1] INFO  server.RaftServerConfigKeys (ConfUtils.java:logGet(43)) - raft.server.notification.no-leader.timeout = 1000s (custom)
2019-10-20 10:18:25,755 [pool-27-thread-1] INFO  server.RaftServerConfigKeys (ConfUtils.java:logGet(43)) - raft.server.notification.no-leader.timeout = 1000s (custom)
2019-10-20 10:18:25,755 [pool-47-thread-1] INFO  server.RaftServerConfigKeys (ConfUtils.java:logGet(43)) - raft.server.log.use.memory = false (default)
2019-10-20 10:18:25,755 [pool-59-thread-1] INFO  server.RaftServerConfigKeys (ConfUtils.java:logGet(43)) - raft.server.log.use.memory = false (default)
2019-10-20 10:18:25,755 [pool-47-thread-1] INFO  server.RaftServerConfigKeys (ConfUtils.java:logGet(43)) - raft.server.log.purge.gap = 1000000 (custom)
2019-10-20 10:18:25,755 [pool-27-thread-1] INFO  server.RaftServerConfigKeys (ConfUtils.java:logGet(43)) - raft.server.log.use.memory = false (default)
2019-10-20 10:18:25,755 [pool-47-thread-1] INFO  server.RaftServerConfigKeys (ConfUtils.java:logGet(43)) - raft.server.log.appender.buffer.byte-limit = 33554432 (custom)
2019-10-20 10:18:25,755 [pool-59-thread-1] INFO  server.RaftServerConfigKeys (ConfUtils.java:logGet(43)) - raft.server.log.purge.gap = 1000000 (custom)
2019-10-20 10:18:25,755 [pool-47-thread-1] INFO  server.RaftServerConfigKeys (ConfUtils.java:logGet(43)) - raft.server.log.segment.size.max = 1048576 (custom)
2019-10-20 10:18:25,755 [pool-27-thread-1] INFO  server.RaftServerConfigKeys (ConfUtils.java:logGet(43)) - raft.server.log.purge.gap = 1000000 (custom)
2019-10-20 10:18:25,756 [pool-47-thread-1] INFO  server.RaftServerConfigKeys (ConfUtils.java:logGet(43)) - raft.server.log.segment.cache.num.max = 2 (custom)
2019-10-20 10:18:25,756 [pool-59-thread-1] INFO  server.RaftServerConfigKeys (ConfUtils.java:logGet(43)) - raft.server.log.appender.buffer.byte-limit = 33554432 (custom)
2019-10-20 10:18:25,756 [pool-47-thread-1] INFO  segmented.SegmentedRaftLogWorker (SegmentedRaftLogWorker.java:<init>(173)) - new e76b0d72-a5f7-47dd-bc74-8743a5d358b0@group-9B460392F191-SegmentedRaftLogWorker for RaftStorage:Storage Directory /workdir/hadoop-ozone/integration-test/target/test-dir/MiniOzoneClusterImpl-2addb35b-a6cc-4f8a-83ea-8293f411ed6d/datanode-2/data/ratis/eaa4d175-9603-4bbd-bc09-9b460392f191
2019-10-20 10:18:25,756 [pool-27-thread-1] INFO  server.RaftServerConfigKeys (ConfUtils.java:logGet(43)) - raft.server.log.appender.buffer.byte-limit = 33554432 (custom)
2019-10-20 10:18:25,756 [pool-47-thread-1] INFO  server.RaftServerConfigKeys (ConfUtils.java:logGet(43)) - raft.server.log.queue.byte-limit = 2147483647 (custom)
2019-10-20 10:18:25,756 [pool-59-thread-1] INFO  server.RaftServerConfigKeys (ConfUtils.java:logGet(43)) - raft.server.log.segment.size.max = 1048576 (custom)
2019-10-20 10:18:25,756 [pool-47-thread-1] INFO  server.RaftServerConfigKeys (ConfUtils.java:logGet(43)) - raft.server.log.queue.element-limit = 1024 (custom)
2019-10-20 10:18:25,756 [pool-27-thread-1] INFO  server.RaftServerConfigKeys (ConfUtils.java:logGet(43)) - raft.server.log.segment.size.max = 1048576 (custom)
2019-10-20 10:18:25,756 [pool-47-thread-1] INFO  server.RaftServerConfigKeys (ConfUtils.java:logGet(43)) - raft.server.log.segment.size.max = 1048576 (custom)
2019-10-20 10:18:25,756 [pool-59-thread-1] INFO  server.RaftServerConfigKeys (ConfUtils.java:logGet(43)) - raft.server.log.segment.cache.num.max = 2 (custom)
2019-10-20 10:18:25,757 [pool-47-thread-1] INFO  server.RaftServerConfigKeys (ConfUtils.java:logGet(43)) - raft.server.log.preallocated.size = 16384 (custom)
2019-10-20 10:18:25,756 [pool-27-thread-1] INFO  server.RaftServerConfigKeys (ConfUtils.java:logGet(43)) - raft.server.log.segment.cache.num.max = 2 (custom)
2019-10-20 10:18:25,757 [pool-47-thread-1] INFO  server.RaftServerConfigKeys (ConfUtils.java:logGet(43)) - raft.server.log.write.buffer.size = 33554432 (custom)
2019-10-20 10:18:25,757 [pool-59-thread-1] INFO  segmented.SegmentedRaftLogWorker (SegmentedRaftLogWorker.java:<init>(173)) - new e534181c-9f5d-4f71-ad0d-cd71b851ae4d@group-9B460392F191-SegmentedRaftLogWorker for RaftStorage:Storage Directory /workdir/hadoop-ozone/integration-test/target/test-dir/MiniOzoneClusterImpl-2addb35b-a6cc-4f8a-83ea-8293f411ed6d/datanode-1/data/ratis/eaa4d175-9603-4bbd-bc09-9b460392f191
2019-10-20 10:18:25,757 [pool-47-thread-1] INFO  server.RaftServerConfigKeys (ConfUtils.java:logGet(43)) - raft.server.log.force.sync.num = 128 (default)
2019-10-20 10:18:25,757 [pool-27-thread-1] INFO  segmented.SegmentedRaftLogWorker (SegmentedRaftLogWorker.java:<init>(173)) - new f1d6a710-9313-44dc-a005-f0b22c06f92c@group-9B460392F191-SegmentedRaftLogWorker for RaftStorage:Storage Directory /workdir/hadoop-ozone/integration-test/target/test-dir/MiniOzoneClusterImpl-2addb35b-a6cc-4f8a-83ea-8293f411ed6d/datanode-0/data/ratis/eaa4d175-9603-4bbd-bc09-9b460392f191
2019-10-20 10:18:25,757 [pool-47-thread-1] INFO  server.RaftServerConfigKeys (ConfUtils.java:logGet(43)) - raft.server.log.statemachine.data.sync = true (default)
2019-10-20 10:18:25,757 [pool-59-thread-1] INFO  server.RaftServerConfigKeys (ConfUtils.java:logGet(43)) - raft.server.log.queue.byte-limit = 2147483647 (custom)
2019-10-20 10:18:25,757 [pool-47-thread-1] INFO  server.RaftServerConfigKeys (ConfUtils.java:logGet(43)) - raft.server.log.statemachine.data.sync.timeout = 10s (default)
2019-10-20 10:18:25,757 [pool-27-thread-1] INFO  server.RaftServerConfigKeys (ConfUtils.java:logGet(43)) - raft.server.log.queue.byte-limit = 2147483647 (custom)
2019-10-20 10:18:25,757 [pool-47-thread-1] INFO  server.RaftServerConfigKeys (ConfUtils.java:logGet(43)) - raft.server.log.statemachine.data.sync.timeout.retry = -1 (default)
2019-10-20 10:18:25,757 [pool-59-thread-1] INFO  server.RaftServerConfigKeys (ConfUtils.java:logGet(43)) - raft.server.log.queue.element-limit = 1024 (custom)
2019-10-20 10:18:25,758 [pool-47-thread-1] INFO  server.RaftServerConfigKeys (ConfUtils.java:logGet(43)) - raft.server.log.statemachine.data.caching.enabled = true (custom)
2019-10-20 10:18:25,758 [pool-27-thread-1] INFO  server.RaftServerConfigKeys (ConfUtils.java:logGet(43)) - raft.server.log.queue.element-limit = 1024 (custom)
2019-10-20 10:18:25,758 [pool-59-thread-1] INFO  server.RaftServerConfigKeys (ConfUtils.java:logGet(43)) - raft.server.log.segment.size.max = 1048576 (custom)
2019-10-20 10:18:25,758 [pool-47-thread-1] INFO  segmented.SegmentedRaftLogWorker (SegmentedRaftLogWorker.java:lambda$new$0(128)) - e76b0d72-a5f7-47dd-bc74-8743a5d358b0@group-9B460392F191-SegmentedRaftLogWorker: flushIndex: setUnconditionally 0 -> -1
2019-10-20 10:18:25,758 [pool-27-thread-1] INFO  server.RaftServerConfigKeys (ConfUtils.java:logGet(43)) - raft.server.log.segment.size.max = 1048576 (custom)
2019-10-20 10:18:25,758 [pool-59-thread-1] INFO  server.RaftServerConfigKeys (ConfUtils.java:logGet(43)) - raft.server.log.preallocated.size = 16384 (custom)
2019-10-20 10:18:25,758 [pool-47-thread-1] INFO  server.RaftServerConfigKeys (ConfUtils.java:logGet(43)) - raft.server.snapshot.auto.trigger.enabled = true (custom)
2019-10-20 10:18:25,758 [pool-27-thread-1] INFO  server.RaftServerConfigKeys (ConfUtils.java:logGet(43)) - raft.server.log.preallocated.size = 16384 (custom)
2019-10-20 10:18:25,758 [pool-47-thread-1] INFO  server.RaftServerConfigKeys (ConfUtils.java:logGet(43)) - raft.server.snapshot.auto.trigger.threshold = 10000 (custom)
2019-10-20 10:18:25,758 [pool-59-thread-1] INFO  server.RaftServerConfigKeys (ConfUtils.java:logGet(43)) - raft.server.log.write.buffer.size = 33554432 (custom)
2019-10-20 10:18:25,759 [pool-47-thread-1] INFO  server.RaftServerConfigKeys (ConfUtils.java:logGet(43)) - raft.server.snapshot.retention.file.num = 5 (custom)
2019-10-20 10:18:25,759 [pool-27-thread-1] INFO  server.RaftServerConfigKeys (ConfUtils.java:logGet(43)) - raft.server.log.write.buffer.size = 33554432 (custom)
2019-10-20 10:18:25,759 [pool-47-thread-1] INFO  server.RaftServerConfigKeys (ConfUtils.java:logGet(43)) - raft.server.retrycache.expirytime = 600000ms (custom)
2019-10-20 10:18:25,759 [pool-59-thread-1] INFO  server.RaftServerConfigKeys (ConfUtils.java:logGet(43)) - raft.server.log.force.sync.num = 128 (default)
2019-10-20 10:18:25,759 [pool-27-thread-1] INFO  server.RaftServerConfigKeys (ConfUtils.java:logGet(43)) - raft.server.log.force.sync.num = 128 (default)
2019-10-20 10:18:25,759 [pool-59-thread-1] INFO  server.RaftServerConfigKeys (ConfUtils.java:logGet(43)) - raft.server.log.statemachine.data.sync = true (default)
2019-10-20 10:18:25,759 [pool-27-thread-1] INFO  server.RaftServerConfigKeys (ConfUtils.java:logGet(43)) - raft.server.log.statemachine.data.sync = true (default)
2019-10-20 10:18:25,759 [pool-59-thread-1] INFO  server.RaftServerConfigKeys (ConfUtils.java:logGet(43)) - raft.server.log.statemachine.data.sync.timeout = 10s (default)
2019-10-20 10:18:25,759 [pool-27-thread-1] INFO  server.RaftServerConfigKeys (ConfUtils.java:logGet(43)) - raft.server.log.statemachine.data.sync.timeout = 10s (default)
2019-10-20 10:18:25,760 [pool-59-thread-1] INFO  server.RaftServerConfigKeys (ConfUtils.java:logGet(43)) - raft.server.log.statemachine.data.sync.timeout.retry = -1 (default)
2019-10-20 10:18:25,760 [pool-27-thread-1] INFO  server.RaftServerConfigKeys (ConfUtils.java:logGet(43)) - raft.server.log.statemachine.data.sync.timeout.retry = -1 (default)
2019-10-20 10:18:25,760 [pool-59-thread-1] INFO  server.RaftServerConfigKeys (ConfUtils.java:logGet(43)) - raft.server.log.statemachine.data.caching.enabled = true (custom)
2019-10-20 10:18:25,760 [pool-27-thread-1] INFO  server.RaftServerConfigKeys (ConfUtils.java:logGet(43)) - raft.server.log.statemachine.data.caching.enabled = true (custom)
2019-10-20 10:18:25,760 [pool-59-thread-1] INFO  segmented.SegmentedRaftLogWorker (SegmentedRaftLogWorker.java:lambda$new$0(128)) - e534181c-9f5d-4f71-ad0d-cd71b851ae4d@group-9B460392F191-SegmentedRaftLogWorker: flushIndex: setUnconditionally 0 -> -1
2019-10-20 10:18:25,760 [pool-27-thread-1] INFO  segmented.SegmentedRaftLogWorker (SegmentedRaftLogWorker.java:lambda$new$0(128)) - f1d6a710-9313-44dc-a005-f0b22c06f92c@group-9B460392F191-SegmentedRaftLogWorker: flushIndex: setUnconditionally 0 -> -1
2019-10-20 10:18:25,760 [pool-59-thread-1] INFO  server.RaftServerConfigKeys (ConfUtils.java:logGet(43)) - raft.server.snapshot.auto.trigger.enabled = true (custom)
2019-10-20 10:18:25,761 [pool-59-thread-1] INFO  server.RaftServerConfigKeys (ConfUtils.java:logGet(43)) - raft.server.snapshot.auto.trigger.threshold = 10000 (custom)
2019-10-20 10:18:25,761 [pool-59-thread-1] INFO  server.RaftServerConfigKeys (ConfUtils.java:logGet(43)) - raft.server.snapshot.retention.file.num = 5 (custom)
2019-10-20 10:18:25,761 [pool-27-thread-1] INFO  server.RaftServerConfigKeys (ConfUtils.java:logGet(43)) - raft.server.snapshot.auto.trigger.enabled = true (custom)
2019-10-20 10:18:25,761 [pool-59-thread-1] INFO  server.RaftServerConfigKeys (ConfUtils.java:logGet(43)) - raft.server.retrycache.expirytime = 600000ms (custom)
2019-10-20 10:18:25,761 [pool-27-thread-1] INFO  server.RaftServerConfigKeys (ConfUtils.java:logGet(43)) - raft.server.snapshot.auto.trigger.threshold = 10000 (custom)
2019-10-20 10:18:25,761 [pool-27-thread-1] INFO  server.RaftServerConfigKeys (ConfUtils.java:logGet(43)) - raft.server.snapshot.retention.file.num = 5 (custom)
2019-10-20 10:18:25,761 [pool-27-thread-1] INFO  server.RaftServerConfigKeys (ConfUtils.java:logGet(43)) - raft.server.retrycache.expirytime = 600000ms (custom)
2019-10-20 10:18:25,761 [pool-47-thread-1] INFO  impl.RaftServerImpl (RaftServerImpl.java:start(195)) - e76b0d72-a5f7-47dd-bc74-8743a5d358b0@group-9B460392F191: start as a follower, conf=-1: [e76b0d72-a5f7-47dd-bc74-8743a5d358b0:192.168.69.89:42489, e534181c-9f5d-4f71-ad0d-cd71b851ae4d:192.168.69.89:44098, f1d6a710-9313-44dc-a005-f0b22c06f92c:192.168.69.89:41254], old=null
2019-10-20 10:18:25,761 [pool-47-thread-1] INFO  impl.RaftServerImpl (RaftServerImpl.java:setRole(184)) - e76b0d72-a5f7-47dd-bc74-8743a5d358b0@group-9B460392F191: changes role from      null to FOLLOWER at term 0 for startAsFollower
2019-10-20 10:18:25,762 [pool-47-thread-1] INFO  impl.RoleInfo (RoleInfo.java:updateAndGet(143)) - e76b0d72-a5f7-47dd-bc74-8743a5d358b0: start FollowerState
2019-10-20 10:18:25,762 [Thread-786] INFO  impl.FollowerState (FollowerState.java:run(108)) - e534181c-9f5d-4f71-ad0d-cd71b851ae4d@group-CC68B5F19AD3-FollowerState: change to CANDIDATE, lastRpcTime:158ms, electionTimeout:158ms
2019-10-20 10:18:25,762 [pool-47-thread-1] INFO  util.JmxRegister (JmxRegister.java:tryRegister(44)) - Successfully registered JMX Bean with object name Ratis:service=RaftServer,group=group-9B460392F191,id=e76b0d72-a5f7-47dd-bc74-8743a5d358b0
2019-10-20 10:18:25,762 [Thread-786] INFO  impl.RoleInfo (RoleInfo.java:shutdownFollowerState(121)) - e534181c-9f5d-4f71-ad0d-cd71b851ae4d: shutdown FollowerState
2019-10-20 10:18:25,762 [Thread-786] INFO  impl.RaftServerImpl (RaftServerImpl.java:setRole(184)) - e534181c-9f5d-4f71-ad0d-cd71b851ae4d@group-CC68B5F19AD3: changes role from  FOLLOWER to CANDIDATE at term 38 for changeToCandidate
2019-10-20 10:18:25,763 [Thread-786] INFO  impl.RoleInfo (RoleInfo.java:updateAndGet(143)) - e534181c-9f5d-4f71-ad0d-cd71b851ae4d: start LeaderElection
2019-10-20 10:18:25,764 [pool-59-thread-1] INFO  impl.RaftServerImpl (RaftServerImpl.java:start(195)) - e534181c-9f5d-4f71-ad0d-cd71b851ae4d@group-9B460392F191: start as a follower, conf=-1: [e76b0d72-a5f7-47dd-bc74-8743a5d358b0:192.168.69.89:42489, e534181c-9f5d-4f71-ad0d-cd71b851ae4d:192.168.69.89:44098, f1d6a710-9313-44dc-a005-f0b22c06f92c:192.168.69.89:41254], old=null
2019-10-20 10:18:25,764 [pool-59-thread-1] INFO  impl.RaftServerImpl (RaftServerImpl.java:setRole(184)) - e534181c-9f5d-4f71-ad0d-cd71b851ae4d@group-9B460392F191: changes role from      null to FOLLOWER at term 0 for startAsFollower
2019-10-20 10:18:25,764 [pool-59-thread-1] INFO  impl.RoleInfo (RoleInfo.java:updateAndGet(143)) - e534181c-9f5d-4f71-ad0d-cd71b851ae4d: start FollowerState
2019-10-20 10:18:25,764 [pool-59-thread-1] INFO  util.JmxRegister (JmxRegister.java:tryRegister(44)) - Successfully registered JMX Bean with object name Ratis:service=RaftServer,group=group-9B460392F191,id=e534181c-9f5d-4f71-ad0d-cd71b851ae4d
2019-10-20 10:18:25,765 [pool-27-thread-1] INFO  impl.RaftServerImpl (RaftServerImpl.java:start(195)) - f1d6a710-9313-44dc-a005-f0b22c06f92c@group-9B460392F191: start as a follower, conf=-1: [e76b0d72-a5f7-47dd-bc74-8743a5d358b0:192.168.69.89:42489, e534181c-9f5d-4f71-ad0d-cd71b851ae4d:192.168.69.89:44098, f1d6a710-9313-44dc-a005-f0b22c06f92c:192.168.69.89:41254], old=null
2019-10-20 10:18:25,765 [pool-27-thread-1] INFO  impl.RaftServerImpl (RaftServerImpl.java:setRole(184)) - f1d6a710-9313-44dc-a005-f0b22c06f92c@group-9B460392F191: changes role from      null to FOLLOWER at term 0 for startAsFollower
2019-10-20 10:18:25,765 [pool-27-thread-1] INFO  impl.RoleInfo (RoleInfo.java:updateAndGet(143)) - f1d6a710-9313-44dc-a005-f0b22c06f92c: start FollowerState
2019-10-20 10:18:25,765 [pool-27-thread-1] INFO  util.JmxRegister (JmxRegister.java:tryRegister(44)) - Successfully registered JMX Bean with object name Ratis:service=RaftServer,group=group-9B460392F191,id=f1d6a710-9313-44dc-a005-f0b22c06f92c
2019-10-20 10:18:25,773 [RatisPipelineUtilsThread] INFO  pipeline.PipelineStateManager (PipelineStateManager.java:addPipeline(56)) - Created pipeline Pipeline[ Id: eaa4d175-9603-4bbd-bc09-9b460392f191, Nodes: f1d6a710-9313-44dc-a005-f0b22c06f92c{ip: 192.168.69.89, host: pr-hdds-2335-x5gnt-184872562, networkLocation: /default-rack, certSerialId: null}e534181c-9f5d-4f71-ad0d-cd71b851ae4d{ip: 192.168.69.89, host: pr-hdds-2335-x5gnt-184872562, networkLocation: /default-rack, certSerialId: null}e76b0d72-a5f7-47dd-bc74-8743a5d358b0{ip: 192.168.69.89, host: pr-hdds-2335-x5gnt-184872562, networkLocation: /default-rack, certSerialId: null}, Type:RATIS, Factor:THREE, State:OPEN]
2019-10-20 10:18:25,777 [e534181c-9f5d-4f71-ad0d-cd71b851ae4d@group-CC68B5F19AD3-LeaderElection37] INFO  impl.LeaderElection (LeaderElection.java:askForVotes(178)) - e534181c-9f5d-4f71-ad0d-cd71b851ae4d@group-CC68B5F19AD3-LeaderElection37: begin an election at term 39 for 0: [e76b0d72-a5f7-47dd-bc74-8743a5d358b0:192.168.69.89:42489, e534181c-9f5d-4f71-ad0d-cd71b851ae4d:192.168.69.89:44098, f1d6a710-9313-44dc-a005-f0b22c06f92c:192.168.69.89:41254], old=null
2019-10-20 10:18:25,779 [grpc-default-executor-3] INFO  impl.RaftServerImpl (RaftServerImpl.java:setRole(184)) - e76b0d72-a5f7-47dd-bc74-8743a5d358b0@group-CC68B5F19AD3: changes role from  FOLLOWER to FOLLOWER at term 39 for recognizeCandidate:e534181c-9f5d-4f71-ad0d-cd71b851ae4d
2019-10-20 10:18:25,779 [grpc-default-executor-5] INFO  impl.RaftServerImpl (RaftServerImpl.java:setRole(184)) - f1d6a710-9313-44dc-a005-f0b22c06f92c@group-CC68B5F19AD3: changes role from  FOLLOWER to FOLLOWER at term 39 for recognizeCandidate:e534181c-9f5d-4f71-ad0d-cd71b851ae4d
2019-10-20 10:18:25,779 [grpc-default-executor-3] INFO  impl.RoleInfo (RoleInfo.java:shutdownFollowerState(121)) - e76b0d72-a5f7-47dd-bc74-8743a5d358b0: shutdown FollowerState
2019-10-20 10:18:25,779 [grpc-default-executor-5] INFO  impl.RoleInfo (RoleInfo.java:shutdownFollowerState(121)) - f1d6a710-9313-44dc-a005-f0b22c06f92c: shutdown FollowerState
2019-10-20 10:18:25,779 [Thread-784] INFO  impl.FollowerState (FollowerState.java:run(117)) - e76b0d72-a5f7-47dd-bc74-8743a5d358b0@group-CC68B5F19AD3-FollowerState was interrupted: java.lang.InterruptedException: sleep interrupted
2019-10-20 10:18:25,779 [grpc-default-executor-3] INFO  impl.RoleInfo (RoleInfo.java:updateAndGet(143)) - e76b0d72-a5f7-47dd-bc74-8743a5d358b0: start FollowerState
2019-10-20 10:18:25,779 [Thread-785] INFO  impl.FollowerState (FollowerState.java:run(117)) - f1d6a710-9313-44dc-a005-f0b22c06f92c@group-CC68B5F19AD3-FollowerState was interrupted: java.lang.InterruptedException: sleep interrupted
2019-10-20 10:18:25,779 [grpc-default-executor-5] INFO  impl.RoleInfo (RoleInfo.java:updateAndGet(143)) - f1d6a710-9313-44dc-a005-f0b22c06f92c: start FollowerState
2019-10-20 10:18:25,798 [e534181c-9f5d-4f71-ad0d-cd71b851ae4d@group-CC68B5F19AD3-LeaderElection37] INFO  impl.LeaderElection (LeaderElection.java:logAndReturn(56)) - e534181c-9f5d-4f71-ad0d-cd71b851ae4d@group-CC68B5F19AD3-LeaderElection37: Election REJECTED; received 2 response(s) [e534181c-9f5d-4f71-ad0d-cd71b851ae4d<-e76b0d72-a5f7-47dd-bc74-8743a5d358b0#0:FAIL-t39, e534181c-9f5d-4f71-ad0d-cd71b851ae4d<-f1d6a710-9313-44dc-a005-f0b22c06f92c#0:FAIL-t39] and 0 exception(s); e534181c-9f5d-4f71-ad0d-cd71b851ae4d@group-CC68B5F19AD3:t39, leader=null, voted=e534181c-9f5d-4f71-ad0d-cd71b851ae4d, raftlog=e534181c-9f5d-4f71-ad0d-cd71b851ae4d@group-CC68B5F19AD3-SegmentedRaftLog:OPENED:c3,f4,i4, conf=0: [e76b0d72-a5f7-47dd-bc74-8743a5d358b0:192.168.69.89:42489, e534181c-9f5d-4f71-ad0d-cd71b851ae4d:192.168.69.89:44098, f1d6a710-9313-44dc-a005-f0b22c06f92c:192.168.69.89:41254], old=null
2019-10-20 10:18:25,799 [e534181c-9f5d-4f71-ad0d-cd71b851ae4d@group-CC68B5F19AD3-LeaderElection37] INFO  impl.RaftServerImpl (RaftServerImpl.java:setRole(184)) - e534181c-9f5d-4f71-ad0d-cd71b851ae4d@group-CC68B5F19AD3: changes role from CANDIDATE to FOLLOWER at term 39 for DISCOVERED_A_NEW_TERM
2019-10-20 10:18:25,799 [e534181c-9f5d-4f71-ad0d-cd71b851ae4d@group-CC68B5F19AD3-LeaderElection37] INFO  impl.RoleInfo (RoleInfo.java:shutdownLeaderElection(134)) - e534181c-9f5d-4f71-ad0d-cd71b851ae4d: shutdown LeaderElection
2019-10-20 10:18:25,799 [e534181c-9f5d-4f71-ad0d-cd71b851ae4d@group-CC68B5F19AD3-LeaderElection37] INFO  impl.RoleInfo (RoleInfo.java:updateAndGet(143)) - e534181c-9f5d-4f71-ad0d-cd71b851ae4d: start FollowerState
2019-10-20 10:18:25,800 [Thread-808] INFO  client.GrpcClientProtocolService (GrpcClientProtocolService.java:lambda$processClientRequest$0(278)) - Failed RaftClientRequest:client-67F6425C4112->e76b0d72-a5f7-47dd-bc74-8743a5d358b0@group-CC68B5F19AD3, cid=10, seq=0, Watch-ALL_COMMITTED(6), Message:<EMPTY>, reply=RaftClientReply:client-67F6425C4112->e76b0d72-a5f7-47dd-bc74-8743a5d358b0@group-CC68B5F19AD3, cid=10, FAILED org.apache.ratis.protocol.NotLeaderException: Server e76b0d72-a5f7-47dd-bc74-8743a5d358b0@group-CC68B5F19AD3 is not the leader, logIndex=0, commits[e76b0d72-a5f7-47dd-bc74-8743a5d358b0:c10, e534181c-9f5d-4f71-ad0d-cd71b851ae4d:c4, f1d6a710-9313-44dc-a005-f0b22c06f92c:c10]
2019-10-20 10:18:25,825 [Thread-790] INFO  impl.FollowerState (FollowerState.java:run(108)) - e534181c-9f5d-4f71-ad0d-cd71b851ae4d@group-DB1B16C328FD-FollowerState: change to CANDIDATE, lastRpcTime:120ms, electionTimeout:120ms
2019-10-20 10:18:25,825 [Thread-790] INFO  impl.RoleInfo (RoleInfo.java:shutdownFollowerState(121)) - e534181c-9f5d-4f71-ad0d-cd71b851ae4d: shutdown FollowerState
2019-10-20 10:18:25,825 [Thread-790] INFO  impl.RaftServerImpl (RaftServerImpl.java:setRole(184)) - e534181c-9f5d-4f71-ad0d-cd71b851ae4d@group-DB1B16C328FD: changes role from  FOLLOWER to CANDIDATE at term 0 for changeToCandidate
2019-10-20 10:18:25,825 [Thread-790] INFO  impl.RoleInfo (RoleInfo.java:updateAndGet(143)) - e534181c-9f5d-4f71-ad0d-cd71b851ae4d: start LeaderElection
2019-10-20 10:18:25,841 [e534181c-9f5d-4f71-ad0d-cd71b851ae4d@group-DB1B16C328FD-LeaderElection38] INFO  impl.LeaderElection (LeaderElection.java:askForVotes(178)) - e534181c-9f5d-4f71-ad0d-cd71b851ae4d@group-DB1B16C328FD-LeaderElection38: begin an election at term 1 for -1: [e534181c-9f5d-4f71-ad0d-cd71b851ae4d:192.168.69.89:44098], old=null
2019-10-20 10:18:25,841 [e534181c-9f5d-4f71-ad0d-cd71b851ae4d@group-DB1B16C328FD-LeaderElection38] INFO  impl.RoleInfo (RoleInfo.java:shutdownLeaderElection(134)) - e534181c-9f5d-4f71-ad0d-cd71b851ae4d: shutdown LeaderElection
2019-10-20 10:18:25,841 [e534181c-9f5d-4f71-ad0d-cd71b851ae4d@group-DB1B16C328FD-LeaderElection38] INFO  impl.RaftServerImpl (RaftServerImpl.java:setRole(184)) - e534181c-9f5d-4f71-ad0d-cd71b851ae4d@group-DB1B16C328FD: changes role from CANDIDATE to LEADER at term 1 for changeToLeader
2019-10-20 10:18:25,841 [e534181c-9f5d-4f71-ad0d-cd71b851ae4d@group-DB1B16C328FD-LeaderElection38] INFO  impl.RaftServerImpl (ServerState.java:setLeader(256)) - e534181c-9f5d-4f71-ad0d-cd71b851ae4d@group-DB1B16C328FD: change Leader from null to e534181c-9f5d-4f71-ad0d-cd71b851ae4d at term 1 for becomeLeader, leader elected after 142ms
2019-10-20 10:18:25,841 [e534181c-9f5d-4f71-ad0d-cd71b851ae4d@group-DB1B16C328FD-LeaderElection38] INFO  server.RaftServerConfigKeys (ConfUtils.java:logGet(43)) - raft.server.staging.catchup.gap = 1000 (default)
2019-10-20 10:18:25,841 [e534181c-9f5d-4f71-ad0d-cd71b851ae4d@group-DB1B16C328FD-LeaderElection38] INFO  server.RaftServerConfigKeys (ConfUtils.java:logGet(43)) - raft.server.rpc.sleep.time = 25ms (default)
2019-10-20 10:18:25,842 [e534181c-9f5d-4f71-ad0d-cd71b851ae4d@group-DB1B16C328FD-LeaderElection38] INFO  server.RaftServerConfigKeys (ConfUtils.java:logGet(43)) - raft.server.write.element-limit = 4096 (default)
2019-10-20 10:18:25,842 [e534181c-9f5d-4f71-ad0d-cd71b851ae4d@group-DB1B16C328FD-LeaderElection38] INFO  server.RaftServerConfigKeys (ConfUtils.java:logGet(43)) - raft.server.watch.timeout = 10s (default)
2019-10-20 10:18:25,842 [e534181c-9f5d-4f71-ad0d-cd71b851ae4d@group-DB1B16C328FD-LeaderElection38] INFO  server.RaftServerConfigKeys (ConfUtils.java:logGet(43)) - raft.server.watch.timeout.denomination = 1s (default)
2019-10-20 10:18:25,842 [e534181c-9f5d-4f71-ad0d-cd71b851ae4d@group-DB1B16C328FD-LeaderElection38] INFO  server.RaftServerConfigKeys (ConfUtils.java:logGet(43)) - raft.server.watch.element-limit = 65536 (default)
2019-10-20 10:18:25,845 [e534181c-9f5d-4f71-ad0d-cd71b851ae4d@group-DB1B16C328FD-LeaderElection38] INFO  impl.RoleInfo (RoleInfo.java:updateAndGet(143)) - e534181c-9f5d-4f71-ad0d-cd71b851ae4d: start LeaderState
2019-10-20 10:18:25,845 [e534181c-9f5d-4f71-ad0d-cd71b851ae4d@group-DB1B16C328FD-LeaderElection38] INFO  segmented.SegmentedRaftLogWorker (SegmentedRaftLogWorker.java:startLogSegment(385)) - e534181c-9f5d-4f71-ad0d-cd71b851ae4d@group-DB1B16C328FD-SegmentedRaftLogWorker: Starting segment from index:0
2019-10-20 10:18:25,846 [e534181c-9f5d-4f71-ad0d-cd71b851ae4d@group-DB1B16C328FD-LeaderElection38] INFO  impl.RaftServerImpl (ServerState.java:setRaftConf(357)) - e534181c-9f5d-4f71-ad0d-cd71b851ae4d@group-DB1B16C328FD: set configuration 0: [e534181c-9f5d-4f71-ad0d-cd71b851ae4d:192.168.69.89:44098], old=null at 0
2019-10-20 10:18:25,885 [Thread-797] INFO  impl.FollowerState (FollowerState.java:run(108)) - e534181c-9f5d-4f71-ad0d-cd71b851ae4d@group-9B460392F191-FollowerState: change to CANDIDATE, lastRpcTime:121ms, electionTimeout:121ms
2019-10-20 10:18:25,886 [Thread-797] INFO  impl.RoleInfo (RoleInfo.java:shutdownFollowerState(121)) - e534181c-9f5d-4f71-ad0d-cd71b851ae4d: shutdown FollowerState
2019-10-20 10:18:25,886 [Thread-797] INFO  impl.RaftServerImpl (RaftServerImpl.java:setRole(184)) - e534181c-9f5d-4f71-ad0d-cd71b851ae4d@group-9B460392F191: changes role from  FOLLOWER to CANDIDATE at term 0 for changeToCandidate
2019-10-20 10:18:25,886 [Thread-797] INFO  impl.RoleInfo (RoleInfo.java:updateAndGet(143)) - e534181c-9f5d-4f71-ad0d-cd71b851ae4d: start LeaderElection
2019-10-20 10:18:25,893 [e534181c-9f5d-4f71-ad0d-cd71b851ae4d@group-DB1B16C328FD-SegmentedRaftLogWorker] INFO  segmented.SegmentedRaftLogWorker (SegmentedRaftLogWorker.java:execute(576)) - e534181c-9f5d-4f71-ad0d-cd71b851ae4d@group-DB1B16C328FD-SegmentedRaftLogWorker: created new log segment /workdir/hadoop-ozone/integration-test/target/test-dir/MiniOzoneClusterImpl-2addb35b-a6cc-4f8a-83ea-8293f411ed6d/datanode-1/data/ratis/ea23e415-df7d-47ec-8397-db1b16c328fd/current/log_inprogress_0
2019-10-20 10:18:25,893 [e534181c-9f5d-4f71-ad0d-cd71b851ae4d@group-9B460392F191-LeaderElection39] INFO  impl.LeaderElection (LeaderElection.java:askForVotes(178)) - e534181c-9f5d-4f71-ad0d-cd71b851ae4d@group-9B460392F191-LeaderElection39: begin an election at term 1 for -1: [e76b0d72-a5f7-47dd-bc74-8743a5d358b0:192.168.69.89:42489, e534181c-9f5d-4f71-ad0d-cd71b851ae4d:192.168.69.89:44098, f1d6a710-9313-44dc-a005-f0b22c06f92c:192.168.69.89:41254], old=null
2019-10-20 10:18:25,897 [grpc-default-executor-8] INFO  impl.RaftServerImpl (RaftServerImpl.java:setRole(184)) - e76b0d72-a5f7-47dd-bc74-8743a5d358b0@group-9B460392F191: changes role from  FOLLOWER to FOLLOWER at term 1 for recognizeCandidate:e534181c-9f5d-4f71-ad0d-cd71b851ae4d
2019-10-20 10:18:25,898 [grpc-default-executor-8] INFO  impl.RoleInfo (RoleInfo.java:shutdownFollowerState(121)) - e76b0d72-a5f7-47dd-bc74-8743a5d358b0: shutdown FollowerState
2019-10-20 10:18:25,898 [grpc-default-executor-5] INFO  impl.RaftServerImpl (RaftServerImpl.java:setRole(184)) - f1d6a710-9313-44dc-a005-f0b22c06f92c@group-9B460392F191: changes role from  FOLLOWER to FOLLOWER at term 1 for recognizeCandidate:e534181c-9f5d-4f71-ad0d-cd71b851ae4d
2019-10-20 10:18:25,898 [Thread-795] INFO  impl.FollowerState (FollowerState.java:run(117)) - e76b0d72-a5f7-47dd-bc74-8743a5d358b0@group-9B460392F191-FollowerState was interrupted: java.lang.InterruptedException: sleep interrupted
2019-10-20 10:18:25,898 [grpc-default-executor-5] INFO  impl.RoleInfo (RoleInfo.java:shutdownFollowerState(121)) - f1d6a710-9313-44dc-a005-f0b22c06f92c: shutdown FollowerState
2019-10-20 10:18:25,898 [grpc-default-executor-8] INFO  impl.RoleInfo (RoleInfo.java:updateAndGet(143)) - e76b0d72-a5f7-47dd-bc74-8743a5d358b0: start FollowerState
2019-10-20 10:18:25,899 [grpc-default-executor-5] INFO  impl.RoleInfo (RoleInfo.java:updateAndGet(143)) - f1d6a710-9313-44dc-a005-f0b22c06f92c: start FollowerState
2019-10-20 10:18:25,898 [Thread-798] INFO  impl.FollowerState (FollowerState.java:run(117)) - f1d6a710-9313-44dc-a005-f0b22c06f92c@group-9B460392F191-FollowerState was interrupted: java.lang.InterruptedException: sleep interrupted
2019-10-20 10:18:25,908 [e534181c-9f5d-4f71-ad0d-cd71b851ae4d@group-9B460392F191-LeaderElection39] INFO  impl.LeaderElection (LeaderElection.java:logAndReturn(56)) - e534181c-9f5d-4f71-ad0d-cd71b851ae4d@group-9B460392F191-LeaderElection39: Election PASSED; received 1 response(s) [e534181c-9f5d-4f71-ad0d-cd71b851ae4d<-f1d6a710-9313-44dc-a005-f0b22c06f92c#0:OK-t1] and 0 exception(s); e534181c-9f5d-4f71-ad0d-cd71b851ae4d@group-9B460392F191:t1, leader=null, voted=e534181c-9f5d-4f71-ad0d-cd71b851ae4d, raftlog=e534181c-9f5d-4f71-ad0d-cd71b851ae4d@group-9B460392F191-SegmentedRaftLog:OPENED:c-1,f-1,i0, conf=-1: [e76b0d72-a5f7-47dd-bc74-8743a5d358b0:192.168.69.89:42489, e534181c-9f5d-4f71-ad0d-cd71b851ae4d:192.168.69.89:44098, f1d6a710-9313-44dc-a005-f0b22c06f92c:192.168.69.89:41254], old=null
2019-10-20 10:18:25,908 [e534181c-9f5d-4f71-ad0d-cd71b851ae4d@group-9B460392F191-LeaderElection39] INFO  impl.RoleInfo (RoleInfo.java:shutdownLeaderElection(134)) - e534181c-9f5d-4f71-ad0d-cd71b851ae4d: shutdown LeaderElection
2019-10-20 10:18:25,908 [e534181c-9f5d-4f71-ad0d-cd71b851ae4d@group-9B460392F191-LeaderElection39] INFO  impl.RaftServerImpl (RaftServerImpl.java:setRole(184)) - e534181c-9f5d-4f71-ad0d-cd71b851ae4d@group-9B460392F191: changes role from CANDIDATE to LEADER at term 1 for changeToLeader
2019-10-20 10:18:25,908 [e534181c-9f5d-4f71-ad0d-cd71b851ae4d@group-9B460392F191-LeaderElection39] INFO  impl.RaftServerImpl (ServerState.java:setLeader(256)) - e534181c-9f5d-4f71-ad0d-cd71b851ae4d@group-9B460392F191: change Leader from null to e534181c-9f5d-4f71-ad0d-cd71b851ae4d at term 1 for becomeLeader, leader elected after 153ms
2019-10-20 10:18:25,908 [e534181c-9f5d-4f71-ad0d-cd71b851ae4d@group-9B460392F191-LeaderElection39] INFO  server.RaftServerConfigKeys (ConfUtils.java:logGet(43)) - raft.server.staging.catchup.gap = 1000 (default)
2019-10-20 10:18:25,909 [e534181c-9f5d-4f71-ad0d-cd71b851ae4d@group-9B460392F191-LeaderElection39] INFO  server.RaftServerConfigKeys (ConfUtils.java:logGet(43)) - raft.server.rpc.sleep.time = 25ms (default)
2019-10-20 10:18:25,909 [e534181c-9f5d-4f71-ad0d-cd71b851ae4d@group-9B460392F191-LeaderElection39] INFO  server.RaftServerConfigKeys (ConfUtils.java:logGet(43)) - raft.server.write.element-limit = 4096 (default)
2019-10-20 10:18:25,909 [e534181c-9f5d-4f71-ad0d-cd71b851ae4d@group-9B460392F191-LeaderElection39] INFO  server.RaftServerConfigKeys (ConfUtils.java:logGet(43)) - raft.server.watch.timeout = 10s (default)
2019-10-20 10:18:25,909 [e534181c-9f5d-4f71-ad0d-cd71b851ae4d@group-9B460392F191-LeaderElection39] INFO  server.RaftServerConfigKeys (ConfUtils.java:logGet(43)) - raft.server.watch.timeout.denomination = 1s (default)
2019-10-20 10:18:25,909 [e534181c-9f5d-4f71-ad0d-cd71b851ae4d@group-9B460392F191-LeaderElection39] INFO  server.RaftServerConfigKeys (ConfUtils.java:logGet(43)) - raft.server.watch.element-limit = 65536 (default)
2019-10-20 10:18:25,913 [e534181c-9f5d-4f71-ad0d-cd71b851ae4d@group-9B460392F191-LeaderElection39] INFO  server.RaftServerConfigKeys (ConfUtils.java:logGet(43)) - raft.server.log.appender.snapshot.chunk.size.max = 16MB (=16777216) (default)
2019-10-20 10:18:25,913 [e534181c-9f5d-4f71-ad0d-cd71b851ae4d@group-9B460392F191-LeaderElection39] INFO  server.RaftServerConfigKeys (ConfUtils.java:logGet(43)) - raft.server.log.appender.buffer.byte-limit = 33554432 (custom)
2019-10-20 10:18:25,914 [e534181c-9f5d-4f71-ad0d-cd71b851ae4d@group-9B460392F191-LeaderElection39] INFO  server.RaftServerConfigKeys (ConfUtils.java:logGet(43)) - raft.server.log.appender.buffer.element-limit = 1 (custom)
2019-10-20 10:18:25,914 [e534181c-9f5d-4f71-ad0d-cd71b851ae4d@group-9B460392F191-LeaderElection39] INFO  grpc.GrpcConfigKeys$Server (ConfUtils.java:logGet(43)) - raft.grpc.server.leader.outstanding.appends.max = 128 (default)
2019-10-20 10:18:25,914 [e534181c-9f5d-4f71-ad0d-cd71b851ae4d@group-9B460392F191-LeaderElection39] INFO  server.RaftServerConfigKeys (ConfUtils.java:logGet(43)) - raft.server.rpc.request.timeout = 3000ms (default)
2019-10-20 10:18:25,914 [e534181c-9f5d-4f71-ad0d-cd71b851ae4d@group-9B460392F191-LeaderElection39] INFO  server.RaftServerConfigKeys (ConfUtils.java:logGet(43)) - raft.server.log.appender.install.snapshot.enabled = false (custom)
2019-10-20 10:18:25,918 [Thread-816] INFO  impl.FollowerState (FollowerState.java:run(108)) - f1d6a710-9313-44dc-a005-f0b22c06f92c@group-9B460392F191-FollowerState: change to CANDIDATE, lastRpcTime:19ms, electionTimeout:18ms
2019-10-20 10:18:25,918 [Thread-816] INFO  impl.RoleInfo (RoleInfo.java:shutdownFollowerState(121)) - f1d6a710-9313-44dc-a005-f0b22c06f92c: shutdown FollowerState
2019-10-20 10:18:25,918 [Thread-816] INFO  impl.RaftServerImpl (RaftServerImpl.java:setRole(184)) - f1d6a710-9313-44dc-a005-f0b22c06f92c@group-9B460392F191: changes role from  FOLLOWER to CANDIDATE at term 1 for changeToCandidate
2019-10-20 10:18:25,919 [Thread-816] INFO  impl.RoleInfo (RoleInfo.java:updateAndGet(143)) - f1d6a710-9313-44dc-a005-f0b22c06f92c: start LeaderElection
2019-10-20 10:18:25,919 [e534181c-9f5d-4f71-ad0d-cd71b851ae4d@group-9B460392F191-LeaderElection39] INFO  server.RaftServerConfigKeys (ConfUtils.java:logGet(43)) - raft.server.log.appender.snapshot.chunk.size.max = 16MB (=16777216) (default)
2019-10-20 10:18:25,919 [e534181c-9f5d-4f71-ad0d-cd71b851ae4d@group-9B460392F191-LeaderElection39] INFO  server.RaftServerConfigKeys (ConfUtils.java:logGet(43)) - raft.server.log.appender.buffer.byte-limit = 33554432 (custom)
2019-10-20 10:18:25,919 [e534181c-9f5d-4f71-ad0d-cd71b851ae4d@group-9B460392F191-LeaderElection39] INFO  server.RaftServerConfigKeys (ConfUtils.java:logGet(43)) - raft.server.log.appender.buffer.element-limit = 1 (custom)
2019-10-20 10:18:25,919 [e534181c-9f5d-4f71-ad0d-cd71b851ae4d@group-9B460392F191-LeaderElection39] INFO  grpc.GrpcConfigKeys$Server (ConfUtils.java:logGet(43)) - raft.grpc.server.leader.outstanding.appends.max = 128 (default)
2019-10-20 10:18:25,920 [e534181c-9f5d-4f71-ad0d-cd71b851ae4d@group-9B460392F191-LeaderElection39] INFO  server.RaftServerConfigKeys (ConfUtils.java:logGet(43)) - raft.server.rpc.request.timeout = 3000ms (default)
2019-10-20 10:18:25,920 [e534181c-9f5d-4f71-ad0d-cd71b851ae4d@group-9B460392F191-LeaderElection39] INFO  server.RaftServerConfigKeys (ConfUtils.java:logGet(43)) - raft.server.log.appender.install.snapshot.enabled = false (custom)
2019-10-20 10:18:25,922 [e534181c-9f5d-4f71-ad0d-cd71b851ae4d@group-9B460392F191-LeaderElection39] INFO  impl.RoleInfo (RoleInfo.java:updateAndGet(143)) - e534181c-9f5d-4f71-ad0d-cd71b851ae4d: start LeaderState
2019-10-20 10:18:25,923 [e534181c-9f5d-4f71-ad0d-cd71b851ae4d@group-9B460392F191-LeaderElection39] INFO  segmented.SegmentedRaftLogWorker (SegmentedRaftLogWorker.java:startLogSegment(385)) - e534181c-9f5d-4f71-ad0d-cd71b851ae4d@group-9B460392F191-SegmentedRaftLogWorker: Starting segment from index:0
2019-10-20 10:18:25,923 [e534181c-9f5d-4f71-ad0d-cd71b851ae4d@group-9B460392F191-LeaderElection39] INFO  impl.RaftServerImpl (ServerState.java:setRaftConf(357)) - e534181c-9f5d-4f71-ad0d-cd71b851ae4d@group-9B460392F191: set configuration 0: [e76b0d72-a5f7-47dd-bc74-8743a5d358b0:192.168.69.89:42489, e534181c-9f5d-4f71-ad0d-cd71b851ae4d:192.168.69.89:44098, f1d6a710-9313-44dc-a005-f0b22c06f92c:192.168.69.89:41254], old=null at 0
2019-10-20 10:18:25,926 [grpc-default-executor-8] INFO  impl.RaftServerImpl (ServerState.java:setLeader(256)) - e76b0d72-a5f7-47dd-bc74-8743a5d358b0@group-9B460392F191: change Leader from null to e534181c-9f5d-4f71-ad0d-cd71b851ae4d at term 1 for appendEntries, leader elected after 171ms
2019-10-20 10:18:25,927 [EventQueue-PendingDeleteStatusForPendingDeleteHandler] INFO  block.SCMBlockDeletingService (SCMBlockDeletingService.java:handlePendingDeletes(115)) - Block deletion txnID mismatch in datanode e534181c-9f5d-4f71-ad0d-cd71b851ae4d for containerID 1. Datanode delete txnID: 0, SCM txnID: 1
2019-10-20 10:18:25,948 [f1d6a710-9313-44dc-a005-f0b22c06f92c@group-9B460392F191-LeaderElection40] INFO  impl.LeaderElection (LeaderElection.java:askForVotes(178)) - f1d6a710-9313-44dc-a005-f0b22c06f92c@group-9B460392F191-LeaderElection40: begin an election at term 2 for -1: [e76b0d72-a5f7-47dd-bc74-8743a5d358b0:192.168.69.89:42489, e534181c-9f5d-4f71-ad0d-cd71b851ae4d:192.168.69.89:44098, f1d6a710-9313-44dc-a005-f0b22c06f92c:192.168.69.89:41254], old=null
2019-10-20 10:18:25,953 [Thread-817] INFO  impl.RaftServerImpl (ServerState.java:setLeader(256)) - e534181c-9f5d-4f71-ad0d-cd71b851ae4d@group-9B460392F191: change Leader from e534181c-9f5d-4f71-ad0d-cd71b851ae4d to null at term 2 for updateCurrentTerm
2019-10-20 10:18:25,953 [Thread-817] INFO  impl.RaftServerImpl (RaftServerImpl.java:setRole(184)) - e534181c-9f5d-4f71-ad0d-cd71b851ae4d@group-9B460392F191: changes role from    LEADER to FOLLOWER at term 2 for stepDown
2019-10-20 10:18:25,953 [Thread-817] INFO  impl.RoleInfo (RoleInfo.java:shutdownLeaderState(104)) - e534181c-9f5d-4f71-ad0d-cd71b851ae4d: shutdown LeaderState
2019-10-20 10:18:25,956 [grpc-default-executor-3] INFO  impl.RaftServerImpl (ServerState.java:setRaftConf(357)) - e76b0d72-a5f7-47dd-bc74-8743a5d358b0@group-9B460392F191: set configuration 0: [e76b0d72-a5f7-47dd-bc74-8743a5d358b0:192.168.69.89:42489, e534181c-9f5d-4f71-ad0d-cd71b851ae4d:192.168.69.89:44098, f1d6a710-9313-44dc-a005-f0b22c06f92c:192.168.69.89:41254], old=null at 0
2019-10-20 10:18:25,956 [org.apache.ratis.server.impl.LogAppender$AppenderDaemon$$Lambda$519/704982479@cfd4be3] WARN  server.GrpcLogAppender (GrpcLogAppender.java:mayWait(149)) - e534181c-9f5d-4f71-ad0d-cd71b851ae4d@group-9B460392F191->f1d6a710-9313-44dc-a005-f0b22c06f92c-GrpcLogAppender: Wait interrupted by java.lang.InterruptedException
2019-10-20 10:18:25,956 [Thread-817] INFO  impl.PendingRequests (PendingRequests.java:sendNotLeaderResponses(202)) - e534181c-9f5d-4f71-ad0d-cd71b851ae4d@group-9B460392F191-PendingRequests: sendNotLeaderResponses
2019-10-20 10:18:25,956 [org.apache.ratis.server.impl.LogAppender$AppenderDaemon$$Lambda$519/704982479@3d0a9364] WARN  server.GrpcLogAppender (GrpcLogAppender.java:mayWait(149)) - e534181c-9f5d-4f71-ad0d-cd71b851ae4d@group-9B460392F191->e76b0d72-a5f7-47dd-bc74-8743a5d358b0-GrpcLogAppender: Wait interrupted by java.lang.InterruptedException
2019-10-20 10:18:25,957 [grpc-default-executor-3] INFO  segmented.SegmentedRaftLogWorker (SegmentedRaftLogWorker.java:startLogSegment(385)) - e76b0d72-a5f7-47dd-bc74-8743a5d358b0@group-9B460392F191-SegmentedRaftLogWorker: Starting segment from index:0
2019-10-20 10:18:25,958 [Thread-817] INFO  impl.RoleInfo (RoleInfo.java:updateAndGet(143)) - e534181c-9f5d-4f71-ad0d-cd71b851ae4d: start FollowerState
2019-10-20 10:18:25,958 [grpc-default-executor-8] INFO  server.GrpcServerProtocolService (GrpcServerProtocolService.java:onCompleted(113)) - f1d6a710-9313-44dc-a005-f0b22c06f92c: Completed APPEND_ENTRIES, lastRequest: e534181c-9f5d-4f71-ad0d-cd71b851ae4d->f1d6a710-9313-44dc-a005-f0b22c06f92c#0-t1, previous=(t:0, i:0), leaderCommit=-1, initializing? false, entries: <empty>
2019-10-20 10:18:25,958 [grpc-default-executor-8] INFO  server.GrpcLogAppender (GrpcLogAppender.java:onCompleted(308)) - e534181c-9f5d-4f71-ad0d-cd71b851ae4d@group-9B460392F191->f1d6a710-9313-44dc-a005-f0b22c06f92c-AppendLogResponseHandler: follower responses appendEntries COMPLETED
2019-10-20 10:18:25,988 [Thread-807] INFO  impl.FollowerState (FollowerState.java:run(108)) - e534181c-9f5d-4f71-ad0d-cd71b851ae4d@group-CC68B5F19AD3-FollowerState: change to CANDIDATE, lastRpcTime:189ms, electionTimeout:171ms
2019-10-20 10:18:25,988 [Thread-807] INFO  impl.RoleInfo (RoleInfo.java:shutdownFollowerState(121)) - e534181c-9f5d-4f71-ad0d-cd71b851ae4d: shutdown FollowerState
2019-10-20 10:18:25,988 [Thread-807] INFO  impl.RaftServerImpl (RaftServerImpl.java:setRole(184)) - e534181c-9f5d-4f71-ad0d-cd71b851ae4d@group-CC68B5F19AD3: changes role from  FOLLOWER to CANDIDATE at term 39 for changeToCandidate
2019-10-20 10:18:25,988 [e534181c-9f5d-4f71-ad0d-cd71b851ae4d@group-9B460392F191-SegmentedRaftLogWorker] INFO  segmented.SegmentedRaftLogWorker (SegmentedRaftLogWorker.java:execute(576)) - e534181c-9f5d-4f71-ad0d-cd71b851ae4d@group-9B460392F191-SegmentedRaftLogWorker: created new log segment /workdir/hadoop-ozone/integration-test/target/test-dir/MiniOzoneClusterImpl-2addb35b-a6cc-4f8a-83ea-8293f411ed6d/datanode-1/data/ratis/eaa4d175-9603-4bbd-bc09-9b460392f191/current/log_inprogress_0
2019-10-20 10:18:25,990 [grpc-default-executor-3] INFO  server.GrpcServerProtocolService (GrpcServerProtocolService.java:onCompleted(113)) - e76b0d72-a5f7-47dd-bc74-8743a5d358b0: Completed APPEND_ENTRIES, lastRequest: e534181c-9f5d-4f71-ad0d-cd71b851ae4d->e76b0d72-a5f7-47dd-bc74-8743a5d358b0#1-t1, previous=(t:0, i:0), leaderCommit=-1, initializing? false, entries: size=1, first=(t:1, i:0), CONFIGURATIONENTRY
2019-10-20 10:18:25,988 [Thread-807] INFO  impl.RoleInfo (RoleInfo.java:updateAndGet(143)) - e534181c-9f5d-4f71-ad0d-cd71b851ae4d: start LeaderElection
2019-10-20 10:18:25,990 [grpc-default-executor-8] INFO  impl.FollowerInfo (FollowerInfo.java:lambda$new$0(51)) - e534181c-9f5d-4f71-ad0d-cd71b851ae4d@group-9B460392F191->f1d6a710-9313-44dc-a005-f0b22c06f92c: nextIndex: updateUnconditionally 0 -> 0
2019-10-20 10:18:25,990 [grpc-default-executor-8] INFO  impl.RaftServerImpl (ServerState.java:setLeader(256)) - e76b0d72-a5f7-47dd-bc74-8743a5d358b0@group-9B460392F191: change Leader from e534181c-9f5d-4f71-ad0d-cd71b851ae4d to null at term 2 for updateCurrentTerm
2019-10-20 10:18:25,991 [grpc-default-executor-8] INFO  impl.RaftServerImpl (RaftServerImpl.java:setRole(184)) - e76b0d72-a5f7-47dd-bc74-8743a5d358b0@group-9B460392F191: changes role from  FOLLOWER to FOLLOWER at term 2 for recognizeCandidate:f1d6a710-9313-44dc-a005-f0b22c06f92c
2019-10-20 10:18:25,991 [grpc-default-executor-8] INFO  impl.RoleInfo (RoleInfo.java:shutdownFollowerState(121)) - e76b0d72-a5f7-47dd-bc74-8743a5d358b0: shutdown FollowerState
2019-10-20 10:18:25,991 [grpc-default-executor-3] INFO  server.GrpcLogAppender (GrpcLogAppender.java:onCompleted(308)) - e534181c-9f5d-4f71-ad0d-cd71b851ae4d@group-9B460392F191->e76b0d72-a5f7-47dd-bc74-8743a5d358b0-AppendLogResponseHandler: follower responses appendEntries COMPLETED
2019-10-20 10:18:25,991 [Thread-815] INFO  impl.FollowerState (FollowerState.java:run(117)) - e76b0d72-a5f7-47dd-bc74-8743a5d358b0@group-9B460392F191-FollowerState was interrupted: java.lang.InterruptedException: sleep interrupted
2019-10-20 10:18:25,991 [grpc-default-executor-8] INFO  impl.RoleInfo (RoleInfo.java:updateAndGet(143)) - e76b0d72-a5f7-47dd-bc74-8743a5d358b0: start FollowerState
2019-10-20 10:18:25,992 [grpc-default-executor-3] INFO  impl.FollowerInfo (FollowerInfo.java:lambda$new$0(51)) - e534181c-9f5d-4f71-ad0d-cd71b851ae4d@group-9B460392F191->e76b0d72-a5f7-47dd-bc74-8743a5d358b0: nextIndex: updateUnconditionally 1 -> 0
2019-10-20 10:18:25,993 [grpc-default-executor-3] INFO  impl.RaftServerImpl (RaftServerImpl.java:setRole(184)) - e534181c-9f5d-4f71-ad0d-cd71b851ae4d@group-9B460392F191: changes role from  FOLLOWER to FOLLOWER at term 2 for recognizeCandidate:f1d6a710-9313-44dc-a005-f0b22c06f92c
2019-10-20 10:18:25,993 [grpc-default-executor-3] INFO  impl.RoleInfo (RoleInfo.java:shutdownFollowerState(121)) - e534181c-9f5d-4f71-ad0d-cd71b851ae4d: shutdown FollowerState
2019-10-20 10:18:25,993 [grpc-default-executor-3] INFO  impl.RoleInfo (RoleInfo.java:updateAndGet(143)) - e534181c-9f5d-4f71-ad0d-cd71b851ae4d: start FollowerState
2019-10-20 10:18:25,993 [Thread-826] INFO  impl.FollowerState (FollowerState.java:run(117)) - e534181c-9f5d-4f71-ad0d-cd71b851ae4d@group-9B460392F191-FollowerState was interrupted: java.lang.InterruptedException: sleep interrupted
2019-10-20 10:18:26,002 [e76b0d72-a5f7-47dd-bc74-8743a5d358b0@group-9B460392F191-SegmentedRaftLogWorker] INFO  segmented.SegmentedRaftLogWorker (SegmentedRaftLogWorker.java:execute(576)) - e76b0d72-a5f7-47dd-bc74-8743a5d358b0@group-9B460392F191-SegmentedRaftLogWorker: created new log segment /workdir/hadoop-ozone/integration-test/target/test-dir/MiniOzoneClusterImpl-2addb35b-a6cc-4f8a-83ea-8293f411ed6d/datanode-2/data/ratis/eaa4d175-9603-4bbd-bc09-9b460392f191/current/log_inprogress_0
2019-10-20 10:18:26,002 [e534181c-9f5d-4f71-ad0d-cd71b851ae4d@group-CC68B5F19AD3-LeaderElection41] INFO  impl.LeaderElection (LeaderElection.java:askForVotes(178)) - e534181c-9f5d-4f71-ad0d-cd71b851ae4d@group-CC68B5F19AD3-LeaderElection41: begin an election at term 40 for 0: [e76b0d72-a5f7-47dd-bc74-8743a5d358b0:192.168.69.89:42489, e534181c-9f5d-4f71-ad0d-cd71b851ae4d:192.168.69.89:44098, f1d6a710-9313-44dc-a005-f0b22c06f92c:192.168.69.89:41254], old=null
2019-10-20 10:18:26,006 [f1d6a710-9313-44dc-a005-f0b22c06f92c@group-9B460392F191-LeaderElection40] INFO  impl.LeaderElection (LeaderElection.java:logAndReturn(56)) - f1d6a710-9313-44dc-a005-f0b22c06f92c@group-9B460392F191-LeaderElection40: Election REJECTED; received 2 response(s) [f1d6a710-9313-44dc-a005-f0b22c06f92c<-e76b0d72-a5f7-47dd-bc74-8743a5d358b0#0:FAIL-t2, f1d6a710-9313-44dc-a005-f0b22c06f92c<-e534181c-9f5d-4f71-ad0d-cd71b851ae4d#0:FAIL-t2] and 0 exception(s); f1d6a710-9313-44dc-a005-f0b22c06f92c@group-9B460392F191:t2, leader=null, voted=f1d6a710-9313-44dc-a005-f0b22c06f92c, raftlog=f1d6a710-9313-44dc-a005-f0b22c06f92c@group-9B460392F191-SegmentedRaftLog:OPENED:c-1,f-1,i0, conf=-1: [e76b0d72-a5f7-47dd-bc74-8743a5d358b0:192.168.69.89:42489, e534181c-9f5d-4f71-ad0d-cd71b851ae4d:192.168.69.89:44098, f1d6a710-9313-44dc-a005-f0b22c06f92c:192.168.69.89:41254], old=null
2019-10-20 10:18:26,007 [f1d6a710-9313-44dc-a005-f0b22c06f92c@group-9B460392F191-LeaderElection40] INFO  impl.RaftServerImpl (RaftServerImpl.java:setRole(184)) - f1d6a710-9313-44dc-a005-f0b22c06f92c@group-9B460392F191: changes role from CANDIDATE to FOLLOWER at term 2 for DISCOVERED_A_NEW_TERM
2019-10-20 10:18:26,007 [f1d6a710-9313-44dc-a005-f0b22c06f92c@group-9B460392F191-LeaderElection40] INFO  impl.RoleInfo (RoleInfo.java:shutdownLeaderElection(134)) - f1d6a710-9313-44dc-a005-f0b22c06f92c: shutdown LeaderElection
2019-10-20 10:18:26,008 [f1d6a710-9313-44dc-a005-f0b22c06f92c@group-9B460392F191-LeaderElection40] INFO  impl.RoleInfo (RoleInfo.java:updateAndGet(143)) - f1d6a710-9313-44dc-a005-f0b22c06f92c: start FollowerState
2019-10-20 10:18:26,014 [grpc-default-executor-3] INFO  impl.RaftServerImpl (RaftServerImpl.java:setRole(184)) - e76b0d72-a5f7-47dd-bc74-8743a5d358b0@group-CC68B5F19AD3: changes role from  FOLLOWER to FOLLOWER at term 40 for recognizeCandidate:e534181c-9f5d-4f71-ad0d-cd71b851ae4d
2019-10-20 10:18:26,014 [grpc-default-executor-3] INFO  impl.RoleInfo (RoleInfo.java:shutdownFollowerState(121)) - e76b0d72-a5f7-47dd-bc74-8743a5d358b0: shutdown FollowerState
2019-10-20 10:18:26,014 [grpc-default-executor-3] INFO  impl.RoleInfo (RoleInfo.java:updateAndGet(143)) - e76b0d72-a5f7-47dd-bc74-8743a5d358b0: start FollowerState
2019-10-20 10:18:26,014 [Thread-804] INFO  impl.FollowerState (FollowerState.java:run(117)) - e76b0d72-a5f7-47dd-bc74-8743a5d358b0@group-CC68B5F19AD3-FollowerState was interrupted: java.lang.InterruptedException: sleep interrupted
2019-10-20 10:18:26,015 [grpc-default-executor-8] INFO  impl.RaftServerImpl (RaftServerImpl.java:setRole(184)) - f1d6a710-9313-44dc-a005-f0b22c06f92c@group-CC68B5F19AD3: changes role from  FOLLOWER to FOLLOWER at term 40 for recognizeCandidate:e534181c-9f5d-4f71-ad0d-cd71b851ae4d
2019-10-20 10:18:26,015 [grpc-default-executor-8] INFO  impl.RoleInfo (RoleInfo.java:shutdownFollowerState(121)) - f1d6a710-9313-44dc-a005-f0b22c06f92c: shutdown FollowerState
2019-10-20 10:18:26,015 [grpc-default-executor-8] INFO  impl.RoleInfo (RoleInfo.java:updateAndGet(143)) - f1d6a710-9313-44dc-a005-f0b22c06f92c: start FollowerState
2019-10-20 10:18:26,015 [Thread-805] INFO  impl.FollowerState (FollowerState.java:run(117)) - f1d6a710-9313-44dc-a005-f0b22c06f92c@group-CC68B5F19AD3-FollowerState was interrupted: java.lang.InterruptedException: sleep interrupted
2019-10-20 10:18:26,017 [BlockDeletingService#2] WARN  background.BlockDeletingService (BlockDeletingService.java:isDeletionAllowed(187)) - Close Container log Index 6 is not replicated across allthe servers in the pipeline 119175b0-5d21-4334-a09f-cc68b5f19ad3 as the min replicated index is 4. Deletion is not allowed in this container yet.
2019-10-20 10:18:26,017 [BlockDeletingService#2] WARN  background.BlockDeletingService (BlockDeletingService.java:isDeletionAllowed(187)) - Close Container log Index 6 is not replicated across allthe servers in the pipeline 119175b0-5d21-4334-a09f-cc68b5f19ad3 as the min replicated index is 4. Deletion is not allowed in this container yet.
2019-10-20 10:18:26,031 [e534181c-9f5d-4f71-ad0d-cd71b851ae4d@group-CC68B5F19AD3-LeaderElection41] INFO  impl.LeaderElection (LeaderElection.java:logAndReturn(56)) - e534181c-9f5d-4f71-ad0d-cd71b851ae4d@group-CC68B5F19AD3-LeaderElection41: Election REJECTED; received 2 response(s) [e534181c-9f5d-4f71-ad0d-cd71b851ae4d<-e76b0d72-a5f7-47dd-bc74-8743a5d358b0#0:FAIL-t40, e534181c-9f5d-4f71-ad0d-cd71b851ae4d<-f1d6a710-9313-44dc-a005-f0b22c06f92c#0:FAIL-t40] and 0 exception(s); e534181c-9f5d-4f71-ad0d-cd71b851ae4d@group-CC68B5F19AD3:t40, leader=null, voted=e534181c-9f5d-4f71-ad0d-cd71b851ae4d, raftlog=e534181c-9f5d-4f71-ad0d-cd71b851ae4d@group-CC68B5F19AD3-SegmentedRaftLog:OPENED:c3,f4,i4, conf=0: [e76b0d72-a5f7-47dd-bc74-8743a5d358b0:192.168.69.89:42489, e534181c-9f5d-4f71-ad0d-cd71b851ae4d:192.168.69.89:44098, f1d6a710-9313-44dc-a005-f0b22c06f92c:192.168.69.89:41254], old=null
2019-10-20 10:18:26,031 [e534181c-9f5d-4f71-ad0d-cd71b851ae4d@group-CC68B5F19AD3-LeaderElection41] INFO  impl.RaftServerImpl (RaftServerImpl.java:setRole(184)) - e534181c-9f5d-4f71-ad0d-cd71b851ae4d@group-CC68B5F19AD3: changes role from CANDIDATE to FOLLOWER at term 40 for DISCOVERED_A_NEW_TERM
2019-10-20 10:18:26,031 [e534181c-9f5d-4f71-ad0d-cd71b851ae4d@group-CC68B5F19AD3-LeaderElection41] INFO  impl.RoleInfo (RoleInfo.java:shutdownLeaderElection(134)) - e534181c-9f5d-4f71-ad0d-cd71b851ae4d: shutdown LeaderElection
2019-10-20 10:18:26,031 [e534181c-9f5d-4f71-ad0d-cd71b851ae4d@group-CC68B5F19AD3-LeaderElection41] INFO  impl.RoleInfo (RoleInfo.java:updateAndGet(143)) - e534181c-9f5d-4f71-ad0d-cd71b851ae4d: start FollowerState
2019-10-20 10:18:26,050 [Thread-838] INFO  impl.FollowerState (FollowerState.java:run(108)) - e534181c-9f5d-4f71-ad0d-cd71b851ae4d@group-CC68B5F19AD3-FollowerState: change to CANDIDATE, lastRpcTime:18ms, electionTimeout:18ms
2019-10-20 10:18:26,050 [Thread-838] INFO  impl.RoleInfo (RoleInfo.java:shutdownFollowerState(121)) - e534181c-9f5d-4f71-ad0d-cd71b851ae4d: shutdown FollowerState
2019-10-20 10:18:26,050 [Thread-838] INFO  impl.RaftServerImpl (RaftServerImpl.java:setRole(184)) - e534181c-9f5d-4f71-ad0d-cd71b851ae4d@group-CC68B5F19AD3: changes role from  FOLLOWER to CANDIDATE at term 40 for changeToCandidate
2019-10-20 10:18:26,050 [Thread-838] INFO  impl.RoleInfo (RoleInfo.java:updateAndGet(143)) - e534181c-9f5d-4f71-ad0d-cd71b851ae4d: start LeaderElection
2019-10-20 10:18:26,064 [e534181c-9f5d-4f71-ad0d-cd71b851ae4d@group-CC68B5F19AD3-LeaderElection42] INFO  impl.LeaderElection (LeaderElection.java:askForVotes(178)) - e534181c-9f5d-4f71-ad0d-cd71b851ae4d@group-CC68B5F19AD3-LeaderElection42: begin an election at term 41 for 0: [e76b0d72-a5f7-47dd-bc74-8743a5d358b0:192.168.69.89:42489, e534181c-9f5d-4f71-ad0d-cd71b851ae4d:192.168.69.89:44098, f1d6a710-9313-44dc-a005-f0b22c06f92c:192.168.69.89:41254], old=null
2019-10-20 10:18:26,065 [grpc-default-executor-8] INFO  impl.RaftServerImpl (RaftServerImpl.java:setRole(184)) - e76b0d72-a5f7-47dd-bc74-8743a5d358b0@group-CC68B5F19AD3: changes role from  FOLLOWER to FOLLOWER at term 41 for recognizeCandidate:e534181c-9f5d-4f71-ad0d-cd71b851ae4d
2019-10-20 10:18:26,065 [grpc-default-executor-3] INFO  impl.RaftServerImpl (RaftServerImpl.java:setRole(184)) - f1d6a710-9313-44dc-a005-f0b22c06f92c@group-CC68B5F19AD3: changes role from  FOLLOWER to FOLLOWER at term 41 for recognizeCandidate:e534181c-9f5d-4f71-ad0d-cd71b851ae4d
2019-10-20 10:18:26,066 [grpc-default-executor-8] INFO  impl.RoleInfo (RoleInfo.java:shutdownFollowerState(121)) - e76b0d72-a5f7-47dd-bc74-8743a5d358b0: shutdown FollowerState
2019-10-20 10:18:26,066 [grpc-default-executor-3] INFO  impl.RoleInfo (RoleInfo.java:shutdownFollowerState(121)) - f1d6a710-9313-44dc-a005-f0b22c06f92c: shutdown FollowerState
2019-10-20 10:18:26,066 [Thread-834] INFO  impl.FollowerState (FollowerState.java:run(117)) - e76b0d72-a5f7-47dd-bc74-8743a5d358b0@group-CC68B5F19AD3-FollowerState was interrupted: java.lang.InterruptedException: sleep interrupted
2019-10-20 10:18:26,066 [Thread-835] INFO  impl.FollowerState (FollowerState.java:run(117)) - f1d6a710-9313-44dc-a005-f0b22c06f92c@group-CC68B5F19AD3-FollowerState was interrupted: java.lang.InterruptedException: sleep interrupted
2019-10-20 10:18:26,066 [grpc-default-executor-3] INFO  impl.RoleInfo (RoleInfo.java:updateAndGet(143)) - f1d6a710-9313-44dc-a005-f0b22c06f92c: start FollowerState
2019-10-20 10:18:26,066 [grpc-default-executor-8] INFO  impl.RoleInfo (RoleInfo.java:updateAndGet(143)) - e76b0d72-a5f7-47dd-bc74-8743a5d358b0: start FollowerState
2019-10-20 10:18:26,081 [e534181c-9f5d-4f71-ad0d-cd71b851ae4d@group-CC68B5F19AD3-LeaderElection42] INFO  impl.LeaderElection (LeaderElection.java:logAndReturn(56)) - e534181c-9f5d-4f71-ad0d-cd71b851ae4d@group-CC68B5F19AD3-LeaderElection42: Election REJECTED; received 2 response(s) [e534181c-9f5d-4f71-ad0d-cd71b851ae4d<-e76b0d72-a5f7-47dd-bc74-8743a5d358b0#0:FAIL-t41, e534181c-9f5d-4f71-ad0d-cd71b851ae4d<-f1d6a710-9313-44dc-a005-f0b22c06f92c#0:FAIL-t41] and 0 exception(s); e534181c-9f5d-4f71-ad0d-cd71b851ae4d@group-CC68B5F19AD3:t41, leader=null, voted=e534181c-9f5d-4f71-ad0d-cd71b851ae4d, raftlog=e534181c-9f5d-4f71-ad0d-cd71b851ae4d@group-CC68B5F19AD3-SegmentedRaftLog:OPENED:c3,f4,i4, conf=0: [e76b0d72-a5f7-47dd-bc74-8743a5d358b0:192.168.69.89:42489, e534181c-9f5d-4f71-ad0d-cd71b851ae4d:192.168.69.89:44098, f1d6a710-9313-44dc-a005-f0b22c06f92c:192.168.69.89:41254], old=null
2019-10-20 10:18:26,081 [e534181c-9f5d-4f71-ad0d-cd71b851ae4d@group-CC68B5F19AD3-LeaderElection42] INFO  impl.RaftServerImpl (RaftServerImpl.java:setRole(184)) - e534181c-9f5d-4f71-ad0d-cd71b851ae4d@group-CC68B5F19AD3: changes role from CANDIDATE to FOLLOWER at term 41 for DISCOVERED_A_NEW_TERM
2019-10-20 10:18:26,081 [e534181c-9f5d-4f71-ad0d-cd71b851ae4d@group-CC68B5F19AD3-LeaderElection42] INFO  impl.RoleInfo (RoleInfo.java:shutdownLeaderElection(134)) - e534181c-9f5d-4f71-ad0d-cd71b851ae4d: shutdown LeaderElection
2019-10-20 10:18:26,082 [e534181c-9f5d-4f71-ad0d-cd71b851ae4d@group-CC68B5F19AD3-LeaderElection42] INFO  impl.RoleInfo (RoleInfo.java:updateAndGet(143)) - e534181c-9f5d-4f71-ad0d-cd71b851ae4d: start FollowerState
2019-10-20 10:18:26,103 [Thread-844] INFO  impl.FollowerState (FollowerState.java:run(108)) - e534181c-9f5d-4f71-ad0d-cd71b851ae4d@group-CC68B5F19AD3-FollowerState: change to CANDIDATE, lastRpcTime:21ms, electionTimeout:21ms
2019-10-20 10:18:26,103 [Thread-844] INFO  impl.RoleInfo (RoleInfo.java:shutdownFollowerState(121)) - e534181c-9f5d-4f71-ad0d-cd71b851ae4d: shutdown FollowerState
2019-10-20 10:18:26,103 [Thread-844] INFO  impl.RaftServerImpl (RaftServerImpl.java:setRole(184)) - e534181c-9f5d-4f71-ad0d-cd71b851ae4d@group-CC68B5F19AD3: changes role from  FOLLOWER to CANDIDATE at term 41 for changeToCandidate
2019-10-20 10:18:26,103 [Thread-844] INFO  impl.RoleInfo (RoleInfo.java:updateAndGet(143)) - e534181c-9f5d-4f71-ad0d-cd71b851ae4d: start LeaderElection
2019-10-20 10:18:26,116 [e534181c-9f5d-4f71-ad0d-cd71b851ae4d@group-CC68B5F19AD3-LeaderElection43] INFO  impl.LeaderElection (LeaderElection.java:askForVotes(178)) - e534181c-9f5d-4f71-ad0d-cd71b851ae4d@group-CC68B5F19AD3-LeaderElection43: begin an election at term 42 for 0: [e76b0d72-a5f7-47dd-bc74-8743a5d358b0:192.168.69.89:42489, e534181c-9f5d-4f71-ad0d-cd71b851ae4d:192.168.69.89:44098, f1d6a710-9313-44dc-a005-f0b22c06f92c:192.168.69.89:41254], old=null
2019-10-20 10:18:26,118 [grpc-default-executor-3] INFO  impl.RaftServerImpl (RaftServerImpl.java:setRole(184)) - e76b0d72-a5f7-47dd-bc74-8743a5d358b0@group-CC68B5F19AD3: changes role from  FOLLOWER to FOLLOWER at term 42 for recognizeCandidate:e534181c-9f5d-4f71-ad0d-cd71b851ae4d
2019-10-20 10:18:26,119 [grpc-default-executor-3] INFO  impl.RoleInfo (RoleInfo.java:shutdownFollowerState(121)) - e76b0d72-a5f7-47dd-bc74-8743a5d358b0: shutdown FollowerState
2019-10-20 10:18:26,119 [grpc-default-executor-8] INFO  impl.RaftServerImpl (RaftServerImpl.java:setRole(184)) - f1d6a710-9313-44dc-a005-f0b22c06f92c@group-CC68B5F19AD3: changes role from  FOLLOWER to FOLLOWER at term 42 for recognizeCandidate:e534181c-9f5d-4f71-ad0d-cd71b851ae4d
2019-10-20 10:18:26,119 [grpc-default-executor-3] INFO  impl.RoleInfo (RoleInfo.java:updateAndGet(143)) - e76b0d72-a5f7-47dd-bc74-8743a5d358b0: start FollowerState
2019-10-20 10:18:26,119 [Thread-842] INFO  impl.FollowerState (FollowerState.java:run(117)) - e76b0d72-a5f7-47dd-bc74-8743a5d358b0@group-CC68B5F19AD3-FollowerState was interrupted: java.lang.InterruptedException: sleep interrupted
2019-10-20 10:18:26,119 [grpc-default-executor-8] INFO  impl.RoleInfo (RoleInfo.java:shutdownFollowerState(121)) - f1d6a710-9313-44dc-a005-f0b22c06f92c: shutdown FollowerState
2019-10-20 10:18:26,119 [grpc-default-executor-8] INFO  impl.RoleInfo (RoleInfo.java:updateAndGet(143)) - f1d6a710-9313-44dc-a005-f0b22c06f92c: start FollowerState
2019-10-20 10:18:26,119 [Thread-843] INFO  impl.FollowerState (FollowerState.java:run(117)) - f1d6a710-9313-44dc-a005-f0b22c06f92c@group-CC68B5F19AD3-FollowerState was interrupted: java.lang.InterruptedException: sleep interrupted
2019-10-20 10:18:26,141 [e534181c-9f5d-4f71-ad0d-cd71b851ae4d@group-CC68B5F19AD3-LeaderElection43] INFO  impl.LeaderElection (LeaderElection.java:logAndReturn(56)) - e534181c-9f5d-4f71-ad0d-cd71b851ae4d@group-CC68B5F19AD3-LeaderElection43: Election REJECTED; received 2 response(s) [e534181c-9f5d-4f71-ad0d-cd71b851ae4d<-e76b0d72-a5f7-47dd-bc74-8743a5d358b0#0:FAIL-t42, e534181c-9f5d-4f71-ad0d-cd71b851ae4d<-f1d6a710-9313-44dc-a005-f0b22c06f92c#0:FAIL-t42] and 0 exception(s); e534181c-9f5d-4f71-ad0d-cd71b851ae4d@group-CC68B5F19AD3:t42, leader=null, voted=e534181c-9f5d-4f71-ad0d-cd71b851ae4d, raftlog=e534181c-9f5d-4f71-ad0d-cd71b851ae4d@group-CC68B5F19AD3-SegmentedRaftLog:OPENED:c3,f4,i4, conf=0: [e76b0d72-a5f7-47dd-bc74-8743a5d358b0:192.168.69.89:42489, e534181c-9f5d-4f71-ad0d-cd71b851ae4d:192.168.69.89:44098, f1d6a710-9313-44dc-a005-f0b22c06f92c:192.168.69.89:41254], old=null
2019-10-20 10:18:26,141 [e534181c-9f5d-4f71-ad0d-cd71b851ae4d@group-CC68B5F19AD3-LeaderElection43] INFO  impl.RaftServerImpl (RaftServerImpl.java:setRole(184)) - e534181c-9f5d-4f71-ad0d-cd71b851ae4d@group-CC68B5F19AD3: changes role from CANDIDATE to FOLLOWER at term 42 for DISCOVERED_A_NEW_TERM
2019-10-20 10:18:26,141 [e534181c-9f5d-4f71-ad0d-cd71b851ae4d@group-CC68B5F19AD3-LeaderElection43] INFO  impl.RoleInfo (RoleInfo.java:shutdownLeaderElection(134)) - e534181c-9f5d-4f71-ad0d-cd71b851ae4d: shutdown LeaderElection
2019-10-20 10:18:26,141 [e534181c-9f5d-4f71-ad0d-cd71b851ae4d@group-CC68B5F19AD3-LeaderElection43] INFO  impl.RoleInfo (RoleInfo.java:updateAndGet(143)) - e534181c-9f5d-4f71-ad0d-cd71b851ae4d: start FollowerState
2019-10-20 10:18:26,153 [Thread-833] INFO  impl.FollowerState (FollowerState.java:run(108)) - f1d6a710-9313-44dc-a005-f0b22c06f92c@group-9B460392F191-FollowerState: change to CANDIDATE, lastRpcTime:145ms, electionTimeout:144ms
2019-10-20 10:18:26,153 [Thread-833] INFO  impl.RoleInfo (RoleInfo.java:shutdownFollowerState(121)) - f1d6a710-9313-44dc-a005-f0b22c06f92c: shutdown FollowerState
2019-10-20 10:18:26,153 [Thread-833] INFO  impl.RaftServerImpl (RaftServerImpl.java:setRole(184)) - f1d6a710-9313-44dc-a005-f0b22c06f92c@group-9B460392F191: changes role from  FOLLOWER to CANDIDATE at term 2 for changeToCandidate
2019-10-20 10:18:26,153 [Thread-833] INFO  impl.RoleInfo (RoleInfo.java:updateAndGet(143)) - f1d6a710-9313-44dc-a005-f0b22c06f92c: start LeaderElection
2019-10-20 10:18:26,179 [f1d6a710-9313-44dc-a005-f0b22c06f92c@group-9B460392F191-LeaderElection44] INFO  impl.LeaderElection (LeaderElection.java:askForVotes(178)) - f1d6a710-9313-44dc-a005-f0b22c06f92c@group-9B460392F191-LeaderElection44: begin an election at term 3 for -1: [e76b0d72-a5f7-47dd-bc74-8743a5d358b0:192.168.69.89:42489, e534181c-9f5d-4f71-ad0d-cd71b851ae4d:192.168.69.89:44098, f1d6a710-9313-44dc-a005-f0b22c06f92c:192.168.69.89:41254], old=null
2019-10-20 10:18:26,181 [grpc-default-executor-8] INFO  impl.RaftServerImpl (RaftServerImpl.java:setRole(184)) - e76b0d72-a5f7-47dd-bc74-8743a5d358b0@group-9B460392F191: changes role from  FOLLOWER to FOLLOWER at term 3 for recognizeCandidate:f1d6a710-9313-44dc-a005-f0b22c06f92c
2019-10-20 10:18:26,181 [grpc-default-executor-8] INFO  impl.RoleInfo (RoleInfo.java:shutdownFollowerState(121)) - e76b0d72-a5f7-47dd-bc74-8743a5d358b0: shutdown FollowerState
2019-10-20 10:18:26,181 [grpc-default-executor-8] INFO  impl.RoleInfo (RoleInfo.java:updateAndGet(143)) - e76b0d72-a5f7-47dd-bc74-8743a5d358b0: start FollowerState
2019-10-20 10:18:26,182 [Thread-828] INFO  impl.FollowerState (FollowerState.java:run(117)) - e76b0d72-a5f7-47dd-bc74-8743a5d358b0@group-9B460392F191-FollowerState was interrupted: java.lang.InterruptedException: sleep interrupted
2019-10-20 10:18:26,182 [grpc-default-executor-3] INFO  impl.RaftServerImpl (RaftServerImpl.java:setRole(184)) - e534181c-9f5d-4f71-ad0d-cd71b851ae4d@group-9B460392F191: changes role from  FOLLOWER to FOLLOWER at term 3 for recognizeCandidate:f1d6a710-9313-44dc-a005-f0b22c06f92c
2019-10-20 10:18:26,182 [grpc-default-executor-3] INFO  impl.RoleInfo (RoleInfo.java:shutdownFollowerState(121)) - e534181c-9f5d-4f71-ad0d-cd71b851ae4d: shutdown FollowerState
2019-10-20 10:18:26,182 [grpc-default-executor-3] INFO  impl.RoleInfo (RoleInfo.java:updateAndGet(143)) - e534181c-9f5d-4f71-ad0d-cd71b851ae4d: start FollowerState
2019-10-20 10:18:26,182 [Thread-829] INFO  impl.FollowerState (FollowerState.java:run(117)) - e534181c-9f5d-4f71-ad0d-cd71b851ae4d@group-9B460392F191-FollowerState was interrupted: java.lang.InterruptedException: sleep interrupted
2019-10-20 10:18:26,196 [f1d6a710-9313-44dc-a005-f0b22c06f92c@group-9B460392F191-LeaderElection44] INFO  impl.LeaderElection (LeaderElection.java:logAndReturn(56)) - f1d6a710-9313-44dc-a005-f0b22c06f92c@group-9B460392F191-LeaderElection44: Election REJECTED; received 2 response(s) [f1d6a710-9313-44dc-a005-f0b22c06f92c<-e76b0d72-a5f7-47dd-bc74-8743a5d358b0#0:FAIL-t3, f1d6a710-9313-44dc-a005-f0b22c06f92c<-e534181c-9f5d-4f71-ad0d-cd71b851ae4d#0:FAIL-t3] and 0 exception(s); f1d6a710-9313-44dc-a005-f0b22c06f92c@group-9B460392F191:t3, leader=null, voted=f1d6a710-9313-44dc-a005-f0b22c06f92c, raftlog=f1d6a710-9313-44dc-a005-f0b22c06f92c@group-9B460392F191-SegmentedRaftLog:OPENED:c-1,f-1,i0, conf=-1: [e76b0d72-a5f7-47dd-bc74-8743a5d358b0:192.168.69.89:42489, e534181c-9f5d-4f71-ad0d-cd71b851ae4d:192.168.69.89:44098, f1d6a710-9313-44dc-a005-f0b22c06f92c:192.168.69.89:41254], old=null
2019-10-20 10:18:26,196 [f1d6a710-9313-44dc-a005-f0b22c06f92c@group-9B460392F191-LeaderElection44] INFO  impl.RaftServerImpl (RaftServerImpl.java:setRole(184)) - f1d6a710-9313-44dc-a005-f0b22c06f92c@group-9B460392F191: changes role from CANDIDATE to FOLLOWER at term 3 for DISCOVERED_A_NEW_TERM
2019-10-20 10:18:26,196 [f1d6a710-9313-44dc-a005-f0b22c06f92c@group-9B460392F191-LeaderElection44] INFO  impl.RoleInfo (RoleInfo.java:shutdownLeaderElection(134)) - f1d6a710-9313-44dc-a005-f0b22c06f92c: shutdown LeaderElection
2019-10-20 10:18:26,196 [f1d6a710-9313-44dc-a005-f0b22c06f92c@group-9B460392F191-LeaderElection44] INFO  impl.RoleInfo (RoleInfo.java:updateAndGet(143)) - f1d6a710-9313-44dc-a005-f0b22c06f92c: start FollowerState
2019-10-20 10:18:26,222 [Thread-856] INFO  impl.FollowerState (FollowerState.java:run(108)) - f1d6a710-9313-44dc-a005-f0b22c06f92c@group-9B460392F191-FollowerState: change to CANDIDATE, lastRpcTime:25ms, electionTimeout:25ms
2019-10-20 10:18:26,222 [Thread-856] INFO  impl.RoleInfo (RoleInfo.java:shutdownFollowerState(121)) - f1d6a710-9313-44dc-a005-f0b22c06f92c: shutdown FollowerState
2019-10-20 10:18:26,222 [Thread-856] INFO  impl.RaftServerImpl (RaftServerImpl.java:setRole(184)) - f1d6a710-9313-44dc-a005-f0b22c06f92c@group-9B460392F191: changes role from  FOLLOWER to CANDIDATE at term 3 for changeToCandidate
2019-10-20 10:18:26,222 [Thread-856] INFO  impl.RoleInfo (RoleInfo.java:updateAndGet(143)) - f1d6a710-9313-44dc-a005-f0b22c06f92c: start LeaderElection
2019-10-20 10:18:26,228 [EventQueue-PendingDeleteStatusForPendingDeleteHandler] INFO  block.SCMBlockDeletingService (SCMBlockDeletingService.java:handlePendingDeletes(115)) - Block deletion txnID mismatch in datanode e534181c-9f5d-4f71-ad0d-cd71b851ae4d for containerID 1. Datanode delete txnID: 0, SCM txnID: 1
2019-10-20 10:18:26,235 [f1d6a710-9313-44dc-a005-f0b22c06f92c@group-9B460392F191-LeaderElection45] INFO  impl.LeaderElection (LeaderElection.java:askForVotes(178)) - f1d6a710-9313-44dc-a005-f0b22c06f92c@group-9B460392F191-LeaderElection45: begin an election at term 4 for -1: [e76b0d72-a5f7-47dd-bc74-8743a5d358b0:192.168.69.89:42489, e534181c-9f5d-4f71-ad0d-cd71b851ae4d:192.168.69.89:44098, f1d6a710-9313-44dc-a005-f0b22c06f92c:192.168.69.89:41254], old=null
2019-10-20 10:18:26,237 [grpc-default-executor-3] INFO  impl.RaftServerImpl (RaftServerImpl.java:setRole(184)) - e76b0d72-a5f7-47dd-bc74-8743a5d358b0@group-9B460392F191: changes role from  FOLLOWER to FOLLOWER at term 4 for recognizeCandidate:f1d6a710-9313-44dc-a005-f0b22c06f92c
2019-10-20 10:18:26,237 [grpc-default-executor-3] INFO  impl.RoleInfo (RoleInfo.java:shutdownFollowerState(121)) - e76b0d72-a5f7-47dd-bc74-8743a5d358b0: shutdown FollowerState
2019-10-20 10:18:26,237 [Thread-854] INFO  impl.FollowerState (FollowerState.java:run(117)) - e76b0d72-a5f7-47dd-bc74-8743a5d358b0@group-9B460392F191-FollowerState was interrupted: java.lang.InterruptedException: sleep interrupted
2019-10-20 10:18:26,237 [grpc-default-executor-8] INFO  impl.RaftServerImpl (RaftServerImpl.java:setRole(184)) - e534181c-9f5d-4f71-ad0d-cd71b851ae4d@group-9B460392F191: changes role from  FOLLOWER to FOLLOWER at term 4 for recognizeCandidate:f1d6a710-9313-44dc-a005-f0b22c06f92c
2019-10-20 10:18:26,237 [grpc-default-executor-3] INFO  impl.RoleInfo (RoleInfo.java:updateAndGet(143)) - e76b0d72-a5f7-47dd-bc74-8743a5d358b0: start FollowerState
2019-10-20 10:18:26,238 [grpc-default-executor-8] INFO  impl.RoleInfo (RoleInfo.java:shutdownFollowerState(121)) - e534181c-9f5d-4f71-ad0d-cd71b851ae4d: shutdown FollowerState
2019-10-20 10:18:26,238 [Thread-855] INFO  impl.FollowerState (FollowerState.java:run(117)) - e534181c-9f5d-4f71-ad0d-cd71b851ae4d@group-9B460392F191-FollowerState was interrupted: java.lang.InterruptedException: sleep interrupted
2019-10-20 10:18:26,238 [grpc-default-executor-8] INFO  impl.RoleInfo (RoleInfo.java:updateAndGet(143)) - e534181c-9f5d-4f71-ad0d-cd71b851ae4d: start FollowerState
2019-10-20 10:18:26,253 [f1d6a710-9313-44dc-a005-f0b22c06f92c@group-9B460392F191-LeaderElection45] INFO  impl.LeaderElection (LeaderElection.java:logAndReturn(56)) - f1d6a710-9313-44dc-a005-f0b22c06f92c@group-9B460392F191-LeaderElection45: Election REJECTED; received 2 response(s) [f1d6a710-9313-44dc-a005-f0b22c06f92c<-e76b0d72-a5f7-47dd-bc74-8743a5d358b0#0:FAIL-t4, f1d6a710-9313-44dc-a005-f0b22c06f92c<-e534181c-9f5d-4f71-ad0d-cd71b851ae4d#0:FAIL-t4] and 0 exception(s); f1d6a710-9313-44dc-a005-f0b22c06f92c@group-9B460392F191:t4, leader=null, voted=f1d6a710-9313-44dc-a005-f0b22c06f92c, raftlog=f1d6a710-9313-44dc-a005-f0b22c06f92c@group-9B460392F191-SegmentedRaftLog:OPENED:c-1,f-1,i0, conf=-1: [e76b0d72-a5f7-47dd-bc74-8743a5d358b0:192.168.69.89:42489, e534181c-9f5d-4f71-ad0d-cd71b851ae4d:192.168.69.89:44098, f1d6a710-9313-44dc-a005-f0b22c06f92c:192.168.69.89:41254], old=null
2019-10-20 10:18:26,253 [f1d6a710-9313-44dc-a005-f0b22c06f92c@group-9B460392F191-LeaderElection45] INFO  impl.RaftServerImpl (RaftServerImpl.java:setRole(184)) - f1d6a710-9313-44dc-a005-f0b22c06f92c@group-9B460392F191: changes role from CANDIDATE to FOLLOWER at term 4 for DISCOVERED_A_NEW_TERM
2019-10-20 10:18:26,253 [f1d6a710-9313-44dc-a005-f0b22c06f92c@group-9B460392F191-LeaderElection45] INFO  impl.RoleInfo (RoleInfo.java:shutdownLeaderElection(134)) - f1d6a710-9313-44dc-a005-f0b22c06f92c: shutdown LeaderElection
2019-10-20 10:18:26,253 [f1d6a710-9313-44dc-a005-f0b22c06f92c@group-9B460392F191-LeaderElection45] INFO  impl.RoleInfo (RoleInfo.java:updateAndGet(143)) - f1d6a710-9313-44dc-a005-f0b22c06f92c: start FollowerState
2019-10-20 10:18:26,258 [Thread-850] INFO  impl.FollowerState (FollowerState.java:run(108)) - e534181c-9f5d-4f71-ad0d-cd71b851ae4d@group-CC68B5F19AD3-FollowerState: change to CANDIDATE, lastRpcTime:117ms, electionTimeout:117ms
2019-10-20 10:18:26,258 [Thread-850] INFO  impl.RoleInfo (RoleInfo.java:shutdownFollowerState(121)) - e534181c-9f5d-4f71-ad0d-cd71b851ae4d: shutdown FollowerState
2019-10-20 10:18:26,259 [Thread-850] INFO  impl.RaftServerImpl (RaftServerImpl.java:setRole(184)) - e534181c-9f5d-4f71-ad0d-cd71b851ae4d@group-CC68B5F19AD3: changes role from  FOLLOWER to CANDIDATE at term 42 for changeToCandidate
2019-10-20 10:18:26,259 [Thread-850] INFO  impl.RoleInfo (RoleInfo.java:updateAndGet(143)) - e534181c-9f5d-4f71-ad0d-cd71b851ae4d: start LeaderElection
2019-10-20 10:18:26,273 [e534181c-9f5d-4f71-ad0d-cd71b851ae4d@group-CC68B5F19AD3-LeaderElection46] INFO  impl.LeaderElection (LeaderElection.java:askForVotes(178)) - e534181c-9f5d-4f71-ad0d-cd71b851ae4d@group-CC68B5F19AD3-LeaderElection46: begin an election at term 43 for 0: [e76b0d72-a5f7-47dd-bc74-8743a5d358b0:192.168.69.89:42489, e534181c-9f5d-4f71-ad0d-cd71b851ae4d:192.168.69.89:44098, f1d6a710-9313-44dc-a005-f0b22c06f92c:192.168.69.89:41254], old=null
2019-10-20 10:18:26,274 [grpc-default-executor-8] INFO  impl.RaftServerImpl (RaftServerImpl.java:setRole(184)) - e76b0d72-a5f7-47dd-bc74-8743a5d358b0@group-CC68B5F19AD3: changes role from  FOLLOWER to FOLLOWER at term 43 for recognizeCandidate:e534181c-9f5d-4f71-ad0d-cd71b851ae4d
2019-10-20 10:18:26,274 [grpc-default-executor-8] INFO  impl.RoleInfo (RoleInfo.java:shutdownFollowerState(121)) - e76b0d72-a5f7-47dd-bc74-8743a5d358b0: shutdown FollowerState
2019-10-20 10:18:26,274 [Thread-848] INFO  impl.FollowerState (FollowerState.java:run(117)) - e76b0d72-a5f7-47dd-bc74-8743a5d358b0@group-CC68B5F19AD3-FollowerState was interrupted: java.lang.InterruptedException: sleep interrupted
2019-10-20 10:18:26,275 [grpc-default-executor-8] INFO  impl.RoleInfo (RoleInfo.java:updateAndGet(143)) - e76b0d72-a5f7-47dd-bc74-8743a5d358b0: start FollowerState
2019-10-20 10:18:26,275 [grpc-default-executor-3] INFO  impl.RaftServerImpl (RaftServerImpl.java:setRole(184)) - f1d6a710-9313-44dc-a005-f0b22c06f92c@group-CC68B5F19AD3: changes role from  FOLLOWER to FOLLOWER at term 43 for recognizeCandidate:e534181c-9f5d-4f71-ad0d-cd71b851ae4d
2019-10-20 10:18:26,275 [grpc-default-executor-3] INFO  impl.RoleInfo (RoleInfo.java:shutdownFollowerState(121)) - f1d6a710-9313-44dc-a005-f0b22c06f92c: shutdown FollowerState
2019-10-20 10:18:26,275 [grpc-default-executor-3] INFO  impl.RoleInfo (RoleInfo.java:updateAndGet(143)) - f1d6a710-9313-44dc-a005-f0b22c06f92c: start FollowerState
2019-10-20 10:18:26,275 [Thread-849] INFO  impl.FollowerState (FollowerState.java:run(117)) - f1d6a710-9313-44dc-a005-f0b22c06f92c@group-CC68B5F19AD3-FollowerState was interrupted: java.lang.InterruptedException: sleep interrupted
2019-10-20 10:18:26,289 [e534181c-9f5d-4f71-ad0d-cd71b851ae4d@group-CC68B5F19AD3-LeaderElection46] INFO  impl.LeaderElection (LeaderElection.java:logAndReturn(56)) - e534181c-9f5d-4f71-ad0d-cd71b851ae4d@group-CC68B5F19AD3-LeaderElection46: Election REJECTED; received 2 response(s) [e534181c-9f5d-4f71-ad0d-cd71b851ae4d<-e76b0d72-a5f7-47dd-bc74-8743a5d358b0#0:FAIL-t43, e534181c-9f5d-4f71-ad0d-cd71b851ae4d<-f1d6a710-9313-44dc-a005-f0b22c06f92c#0:FAIL-t43] and 0 exception(s); e534181c-9f5d-4f71-ad0d-cd71b851ae4d@group-CC68B5F19AD3:t43, leader=null, voted=e534181c-9f5d-4f71-ad0d-cd71b851ae4d, raftlog=e534181c-9f5d-4f71-ad0d-cd71b851ae4d@group-CC68B5F19AD3-SegmentedRaftLog:OPENED:c3,f4,i4, conf=0: [e76b0d72-a5f7-47dd-bc74-8743a5d358b0:192.168.69.89:42489, e534181c-9f5d-4f71-ad0d-cd71b851ae4d:192.168.69.89:44098, f1d6a710-9313-44dc-a005-f0b22c06f92c:192.168.69.89:41254], old=null
2019-10-20 10:18:26,289 [e534181c-9f5d-4f71-ad0d-cd71b851ae4d@group-CC68B5F19AD3-LeaderElection46] INFO  impl.RaftServerImpl (RaftServerImpl.java:setRole(184)) - e534181c-9f5d-4f71-ad0d-cd71b851ae4d@group-CC68B5F19AD3: changes role from CANDIDATE to FOLLOWER at term 43 for DISCOVERED_A_NEW_TERM
2019-10-20 10:18:26,289 [e534181c-9f5d-4f71-ad0d-cd71b851ae4d@group-CC68B5F19AD3-LeaderElection46] INFO  impl.RoleInfo (RoleInfo.java:shutdownLeaderElection(134)) - e534181c-9f5d-4f71-ad0d-cd71b851ae4d: shutdown LeaderElection
2019-10-20 10:18:26,290 [e534181c-9f5d-4f71-ad0d-cd71b851ae4d@group-CC68B5F19AD3-LeaderElection46] INFO  impl.RoleInfo (RoleInfo.java:updateAndGet(143)) - e534181c-9f5d-4f71-ad0d-cd71b851ae4d: start FollowerState
2019-10-20 10:18:26,348 [Thread-862] INFO  impl.FollowerState (FollowerState.java:run(108)) - f1d6a710-9313-44dc-a005-f0b22c06f92c@group-9B460392F191-FollowerState: change to CANDIDATE, lastRpcTime:94ms, electionTimeout:94ms
2019-10-20 10:18:26,348 [Thread-862] INFO  impl.RoleInfo (RoleInfo.java:shutdownFollowerState(121)) - f1d6a710-9313-44dc-a005-f0b22c06f92c: shutdown FollowerState
2019-10-20 10:18:26,348 [Thread-862] INFO  impl.RaftServerImpl (RaftServerImpl.java:setRole(184)) - f1d6a710-9313-44dc-a005-f0b22c06f92c@group-9B460392F191: changes role from  FOLLOWER to CANDIDATE at term 4 for changeToCandidate
2019-10-20 10:18:26,348 [Thread-862] INFO  impl.RoleInfo (RoleInfo.java:updateAndGet(143)) - f1d6a710-9313-44dc-a005-f0b22c06f92c: start LeaderElection
2019-10-20 10:18:26,349 [Thread-868] INFO  impl.FollowerState (FollowerState.java:run(108)) - e534181c-9f5d-4f71-ad0d-cd71b851ae4d@group-CC68B5F19AD3-FollowerState: change to CANDIDATE, lastRpcTime:59ms, electionTimeout:59ms
2019-10-20 10:18:26,349 [Thread-868] INFO  impl.RoleInfo (RoleInfo.java:shutdownFollowerState(121)) - e534181c-9f5d-4f71-ad0d-cd71b851ae4d: shutdown FollowerState
2019-10-20 10:18:26,349 [Thread-868] INFO  impl.RaftServerImpl (RaftServerImpl.java:setRole(184)) - e534181c-9f5d-4f71-ad0d-cd71b851ae4d@group-CC68B5F19AD3: changes role from  FOLLOWER to CANDIDATE at term 43 for changeToCandidate
2019-10-20 10:18:26,349 [Thread-868] INFO  impl.RoleInfo (RoleInfo.java:updateAndGet(143)) - e534181c-9f5d-4f71-ad0d-cd71b851ae4d: start LeaderElection
2019-10-20 10:18:26,363 [f1d6a710-9313-44dc-a005-f0b22c06f92c@group-9B460392F191-LeaderElection47] INFO  impl.LeaderElection (LeaderElection.java:askForVotes(178)) - f1d6a710-9313-44dc-a005-f0b22c06f92c@group-9B460392F191-LeaderElection47: begin an election at term 5 for -1: [e76b0d72-a5f7-47dd-bc74-8743a5d358b0:192.168.69.89:42489, e534181c-9f5d-4f71-ad0d-cd71b851ae4d:192.168.69.89:44098, f1d6a710-9313-44dc-a005-f0b22c06f92c:192.168.69.89:41254], old=null
2019-10-20 10:18:26,363 [e534181c-9f5d-4f71-ad0d-cd71b851ae4d@group-CC68B5F19AD3-LeaderElection48] INFO  impl.LeaderElection (LeaderElection.java:askForVotes(178)) - e534181c-9f5d-4f71-ad0d-cd71b851ae4d@group-CC68B5F19AD3-LeaderElection48: begin an election at term 44 for 0: [e76b0d72-a5f7-47dd-bc74-8743a5d358b0:192.168.69.89:42489, e534181c-9f5d-4f71-ad0d-cd71b851ae4d:192.168.69.89:44098, f1d6a710-9313-44dc-a005-f0b22c06f92c:192.168.69.89:41254], old=null
2019-10-20 10:18:26,365 [grpc-default-executor-3] INFO  impl.RaftServerImpl (RaftServerImpl.java:setRole(184)) - e76b0d72-a5f7-47dd-bc74-8743a5d358b0@group-CC68B5F19AD3: changes role from  FOLLOWER to FOLLOWER at term 44 for recognizeCandidate:e534181c-9f5d-4f71-ad0d-cd71b851ae4d
2019-10-20 10:18:26,365 [grpc-default-executor-3] INFO  impl.RoleInfo (RoleInfo.java:shutdownFollowerState(121)) - e76b0d72-a5f7-47dd-bc74-8743a5d358b0: shutdown FollowerState
2019-10-20 10:18:26,366 [Thread-866] INFO  impl.FollowerState (FollowerState.java:run(117)) - e76b0d72-a5f7-47dd-bc74-8743a5d358b0@group-CC68B5F19AD3-FollowerState was interrupted: java.lang.InterruptedException: sleep interrupted
2019-10-20 10:18:26,366 [grpc-default-executor-8] INFO  impl.RaftServerImpl (RaftServerImpl.java:setRole(184)) - f1d6a710-9313-44dc-a005-f0b22c06f92c@group-CC68B5F19AD3: changes role from  FOLLOWER to FOLLOWER at term 44 for recognizeCandidate:e534181c-9f5d-4f71-ad0d-cd71b851ae4d
2019-10-20 10:18:26,366 [grpc-default-executor-3] INFO  impl.RoleInfo (RoleInfo.java:updateAndGet(143)) - e76b0d72-a5f7-47dd-bc74-8743a5d358b0: start FollowerState
2019-10-20 10:18:26,366 [grpc-default-executor-8] INFO  impl.RoleInfo (RoleInfo.java:shutdownFollowerState(121)) - f1d6a710-9313-44dc-a005-f0b22c06f92c: shutdown FollowerState
2019-10-20 10:18:26,366 [grpc-default-executor-5] INFO  impl.RaftServerImpl (RaftServerImpl.java:setRole(184)) - e76b0d72-a5f7-47dd-bc74-8743a5d358b0@group-9B460392F191: changes role from  FOLLOWER to FOLLOWER at term 5 for recognizeCandidate:f1d6a710-9313-44dc-a005-f0b22c06f92c
2019-10-20 10:18:26,366 [Thread-867] INFO  impl.FollowerState (FollowerState.java:run(117)) - f1d6a710-9313-44dc-a005-f0b22c06f92c@group-CC68B5F19AD3-FollowerState was interrupted: java.lang.InterruptedException: sleep interrupted
2019-10-20 10:18:26,366 [grpc-default-executor-8] INFO  impl.RoleInfo (RoleInfo.java:updateAndGet(143)) - f1d6a710-9313-44dc-a005-f0b22c06f92c: start FollowerState
2019-10-20 10:18:26,366 [grpc-default-executor-5] INFO  impl.RoleInfo (RoleInfo.java:shutdownFollowerState(121)) - e76b0d72-a5f7-47dd-bc74-8743a5d358b0: shutdown FollowerState
2019-10-20 10:18:26,367 [Thread-860] INFO  impl.FollowerState (FollowerState.java:run(117)) - e76b0d72-a5f7-47dd-bc74-8743a5d358b0@group-9B460392F191-FollowerState was interrupted: java.lang.InterruptedException: sleep interrupted
2019-10-20 10:18:26,367 [grpc-default-executor-5] INFO  impl.RoleInfo (RoleInfo.java:updateAndGet(143)) - e76b0d72-a5f7-47dd-bc74-8743a5d358b0: start FollowerState
2019-10-20 10:18:26,367 [grpc-default-executor-4] INFO  impl.RaftServerImpl (RaftServerImpl.java:setRole(184)) - e534181c-9f5d-4f71-ad0d-cd71b851ae4d@group-9B460392F191: changes role from  FOLLOWER to FOLLOWER at term 5 for recognizeCandidate:f1d6a710-9313-44dc-a005-f0b22c06f92c
2019-10-20 10:18:26,367 [grpc-default-executor-4] INFO  impl.RoleInfo (RoleInfo.java:shutdownFollowerState(121)) - e534181c-9f5d-4f71-ad0d-cd71b851ae4d: shutdown FollowerState
2019-10-20 10:18:26,367 [Thread-861] INFO  impl.FollowerState (FollowerState.java:run(117)) - e534181c-9f5d-4f71-ad0d-cd71b851ae4d@group-9B460392F191-FollowerState was interrupted: java.lang.InterruptedException: sleep interrupted
2019-10-20 10:18:26,367 [grpc-default-executor-4] INFO  impl.RoleInfo (RoleInfo.java:updateAndGet(143)) - e534181c-9f5d-4f71-ad0d-cd71b851ae4d: start FollowerState
2019-10-20 10:18:26,381 [e534181c-9f5d-4f71-ad0d-cd71b851ae4d@group-CC68B5F19AD3-LeaderElection48] INFO  impl.LeaderElection (LeaderElection.java:logAndReturn(56)) - e534181c-9f5d-4f71-ad0d-cd71b851ae4d@group-CC68B5F19AD3-LeaderElection48: Election REJECTED; received 2 response(s) [e534181c-9f5d-4f71-ad0d-cd71b851ae4d<-e76b0d72-a5f7-47dd-bc74-8743a5d358b0#0:FAIL-t44, e534181c-9f5d-4f71-ad0d-cd71b851ae4d<-f1d6a710-9313-44dc-a005-f0b22c06f92c#0:FAIL-t44] and 0 exception(s); e534181c-9f5d-4f71-ad0d-cd71b851ae4d@group-CC68B5F19AD3:t44, leader=null, voted=e534181c-9f5d-4f71-ad0d-cd71b851ae4d, raftlog=e534181c-9f5d-4f71-ad0d-cd71b851ae4d@group-CC68B5F19AD3-SegmentedRaftLog:OPENED:c3,f4,i4, conf=0: [e76b0d72-a5f7-47dd-bc74-8743a5d358b0:192.168.69.89:42489, e534181c-9f5d-4f71-ad0d-cd71b851ae4d:192.168.69.89:44098, f1d6a710-9313-44dc-a005-f0b22c06f92c:192.168.69.89:41254], old=null
2019-10-20 10:18:26,381 [e534181c-9f5d-4f71-ad0d-cd71b851ae4d@group-CC68B5F19AD3-LeaderElection48] INFO  impl.RaftServerImpl (RaftServerImpl.java:setRole(184)) - e534181c-9f5d-4f71-ad0d-cd71b851ae4d@group-CC68B5F19AD3: changes role from CANDIDATE to FOLLOWER at term 44 for DISCOVERED_A_NEW_TERM
2019-10-20 10:18:26,381 [f1d6a710-9313-44dc-a005-f0b22c06f92c@group-9B460392F191-LeaderElection47] INFO  impl.LeaderElection (LeaderElection.java:logAndReturn(56)) - f1d6a710-9313-44dc-a005-f0b22c06f92c@group-9B460392F191-LeaderElection47: Election REJECTED; received 2 response(s) [f1d6a710-9313-44dc-a005-f0b22c06f92c<-e76b0d72-a5f7-47dd-bc74-8743a5d358b0#0:FAIL-t5, f1d6a710-9313-44dc-a005-f0b22c06f92c<-e534181c-9f5d-4f71-ad0d-cd71b851ae4d#0:FAIL-t5] and 0 exception(s); f1d6a710-9313-44dc-a005-f0b22c06f92c@group-9B460392F191:t5, leader=null, voted=f1d6a710-9313-44dc-a005-f0b22c06f92c, raftlog=f1d6a710-9313-44dc-a005-f0b22c06f92c@group-9B460392F191-SegmentedRaftLog:OPENED:c-1,f-1,i0, conf=-1: [e76b0d72-a5f7-47dd-bc74-8743a5d358b0:192.168.69.89:42489, e534181c-9f5d-4f71-ad0d-cd71b851ae4d:192.168.69.89:44098, f1d6a710-9313-44dc-a005-f0b22c06f92c:192.168.69.89:41254], old=null
2019-10-20 10:18:26,381 [e534181c-9f5d-4f71-ad0d-cd71b851ae4d@group-CC68B5F19AD3-LeaderElection48] INFO  impl.RoleInfo (RoleInfo.java:shutdownLeaderElection(134)) - e534181c-9f5d-4f71-ad0d-cd71b851ae4d: shutdown LeaderElection
2019-10-20 10:18:26,381 [f1d6a710-9313-44dc-a005-f0b22c06f92c@group-9B460392F191-LeaderElection47] INFO  impl.RaftServerImpl (RaftServerImpl.java:setRole(184)) - f1d6a710-9313-44dc-a005-f0b22c06f92c@group-9B460392F191: changes role from CANDIDATE to FOLLOWER at term 5 for DISCOVERED_A_NEW_TERM
2019-10-20 10:18:26,382 [e534181c-9f5d-4f71-ad0d-cd71b851ae4d@group-CC68B5F19AD3-LeaderElection48] INFO  impl.RoleInfo (RoleInfo.java:updateAndGet(143)) - e534181c-9f5d-4f71-ad0d-cd71b851ae4d: start FollowerState
2019-10-20 10:18:26,382 [f1d6a710-9313-44dc-a005-f0b22c06f92c@group-9B460392F191-LeaderElection47] INFO  impl.RoleInfo (RoleInfo.java:shutdownLeaderElection(134)) - f1d6a710-9313-44dc-a005-f0b22c06f92c: shutdown LeaderElection
2019-10-20 10:18:26,382 [f1d6a710-9313-44dc-a005-f0b22c06f92c@group-9B460392F191-LeaderElection47] INFO  impl.RoleInfo (RoleInfo.java:updateAndGet(143)) - f1d6a710-9313-44dc-a005-f0b22c06f92c: start FollowerState
2019-10-20 10:18:26,501 [Thread-879] INFO  impl.FollowerState (FollowerState.java:run(108)) - e534181c-9f5d-4f71-ad0d-cd71b851ae4d@group-CC68B5F19AD3-FollowerState: change to CANDIDATE, lastRpcTime:119ms, electionTimeout:119ms
2019-10-20 10:18:26,501 [Thread-879] INFO  impl.RoleInfo (RoleInfo.java:shutdownFollowerState(121)) - e534181c-9f5d-4f71-ad0d-cd71b851ae4d: shutdown FollowerState
2019-10-20 10:18:26,501 [Thread-879] INFO  impl.RaftServerImpl (RaftServerImpl.java:setRole(184)) - e534181c-9f5d-4f71-ad0d-cd71b851ae4d@group-CC68B5F19AD3: changes role from  FOLLOWER to CANDIDATE at term 44 for changeToCandidate
2019-10-20 10:18:26,501 [Thread-879] INFO  impl.RoleInfo (RoleInfo.java:updateAndGet(143)) - e534181c-9f5d-4f71-ad0d-cd71b851ae4d: start LeaderElection
2019-10-20 10:18:26,515 [e534181c-9f5d-4f71-ad0d-cd71b851ae4d@group-CC68B5F19AD3-LeaderElection49] INFO  impl.LeaderElection (LeaderElection.java:askForVotes(178)) - e534181c-9f5d-4f71-ad0d-cd71b851ae4d@group-CC68B5F19AD3-LeaderElection49: begin an election at term 45 for 0: [e76b0d72-a5f7-47dd-bc74-8743a5d358b0:192.168.69.89:42489, e534181c-9f5d-4f71-ad0d-cd71b851ae4d:192.168.69.89:44098, f1d6a710-9313-44dc-a005-f0b22c06f92c:192.168.69.89:41254], old=null
2019-10-20 10:18:26,516 [Thread-880] INFO  impl.FollowerState (FollowerState.java:run(108)) - f1d6a710-9313-44dc-a005-f0b22c06f92c@group-9B460392F191-FollowerState: change to CANDIDATE, lastRpcTime:134ms, electionTimeout:134ms
2019-10-20 10:18:26,516 [Thread-880] INFO  impl.RoleInfo (RoleInfo.java:shutdownFollowerState(121)) - f1d6a710-9313-44dc-a005-f0b22c06f92c: shutdown FollowerState
2019-10-20 10:18:26,517 [Thread-880] INFO  impl.RaftServerImpl (RaftServerImpl.java:setRole(184)) - f1d6a710-9313-44dc-a005-f0b22c06f92c@group-9B460392F191: changes role from  FOLLOWER to CANDIDATE at term 5 for changeToCandidate
2019-10-20 10:18:26,517 [Thread-880] INFO  impl.RoleInfo (RoleInfo.java:updateAndGet(143)) - f1d6a710-9313-44dc-a005-f0b22c06f92c: start LeaderElection
2019-10-20 10:18:26,518 [grpc-default-executor-3] INFO  impl.RaftServerImpl (RaftServerImpl.java:setRole(184)) - e76b0d72-a5f7-47dd-bc74-8743a5d358b0@group-CC68B5F19AD3: changes role from  FOLLOWER to FOLLOWER at term 45 for recognizeCandidate:e534181c-9f5d-4f71-ad0d-cd71b851ae4d
2019-10-20 10:18:26,518 [grpc-default-executor-3] INFO  impl.RoleInfo (RoleInfo.java:shutdownFollowerState(121)) - e76b0d72-a5f7-47dd-bc74-8743a5d358b0: shutdown FollowerState
2019-10-20 10:18:26,518 [grpc-default-executor-3] INFO  impl.RoleInfo (RoleInfo.java:updateAndGet(143)) - e76b0d72-a5f7-47dd-bc74-8743a5d358b0: start FollowerState
2019-10-20 10:18:26,518 [Thread-875] INFO  impl.FollowerState (FollowerState.java:run(117)) - e76b0d72-a5f7-47dd-bc74-8743a5d358b0@group-CC68B5F19AD3-FollowerState was interrupted: java.lang.InterruptedException: sleep interrupted
2019-10-20 10:18:26,518 [grpc-default-executor-4] INFO  impl.RaftServerImpl (RaftServerImpl.java:setRole(184)) - f1d6a710-9313-44dc-a005-f0b22c06f92c@group-CC68B5F19AD3: changes role from  FOLLOWER to FOLLOWER at term 45 for recognizeCandidate:e534181c-9f5d-4f71-ad0d-cd71b851ae4d
2019-10-20 10:18:26,518 [grpc-default-executor-4] INFO  impl.RoleInfo (RoleInfo.java:shutdownFollowerState(121)) - f1d6a710-9313-44dc-a005-f0b22c06f92c: shutdown FollowerState
2019-10-20 10:18:26,519 [Thread-876] INFO  impl.FollowerState (FollowerState.java:run(117)) - f1d6a710-9313-44dc-a005-f0b22c06f92c@group-CC68B5F19AD3-FollowerState was interrupted: java.lang.InterruptedException: sleep interrupted
2019-10-20 10:18:26,519 [grpc-default-executor-4] INFO  impl.RoleInfo (RoleInfo.java:updateAndGet(143)) - f1d6a710-9313-44dc-a005-f0b22c06f92c: start FollowerState
2019-10-20 10:18:26,531 [f1d6a710-9313-44dc-a005-f0b22c06f92c@group-9B460392F191-LeaderElection50] INFO  impl.LeaderElection (LeaderElection.java:askForVotes(178)) - f1d6a710-9313-44dc-a005-f0b22c06f92c@group-9B460392F191-LeaderElection50: begin an election at term 6 for -1: [e76b0d72-a5f7-47dd-bc74-8743a5d358b0:192.168.69.89:42489, e534181c-9f5d-4f71-ad0d-cd71b851ae4d:192.168.69.89:44098, f1d6a710-9313-44dc-a005-f0b22c06f92c:192.168.69.89:41254], old=null
2019-10-20 10:18:26,533 [e534181c-9f5d-4f71-ad0d-cd71b851ae4d@group-CC68B5F19AD3-LeaderElection49] INFO  impl.LeaderElection (LeaderElection.java:logAndReturn(56)) - e534181c-9f5d-4f71-ad0d-cd71b851ae4d@group-CC68B5F19AD3-LeaderElection49: Election REJECTED; received 2 response(s) [e534181c-9f5d-4f71-ad0d-cd71b851ae4d<-e76b0d72-a5f7-47dd-bc74-8743a5d358b0#0:FAIL-t45, e534181c-9f5d-4f71-ad0d-cd71b851ae4d<-f1d6a710-9313-44dc-a005-f0b22c06f92c#0:FAIL-t45] and 0 exception(s); e534181c-9f5d-4f71-ad0d-cd71b851ae4d@group-CC68B5F19AD3:t45, leader=null, voted=e534181c-9f5d-4f71-ad0d-cd71b851ae4d, raftlog=e534181c-9f5d-4f71-ad0d-cd71b851ae4d@group-CC68B5F19AD3-SegmentedRaftLog:OPENED:c3,f4,i4, conf=0: [e76b0d72-a5f7-47dd-bc74-8743a5d358b0:192.168.69.89:42489, e534181c-9f5d-4f71-ad0d-cd71b851ae4d:192.168.69.89:44098, f1d6a710-9313-44dc-a005-f0b22c06f92c:192.168.69.89:41254], old=null
2019-10-20 10:18:26,533 [e534181c-9f5d-4f71-ad0d-cd71b851ae4d@group-CC68B5F19AD3-LeaderElection49] INFO  impl.RaftServerImpl (RaftServerImpl.java:setRole(184)) - e534181c-9f5d-4f71-ad0d-cd71b851ae4d@group-CC68B5F19AD3: changes role from CANDIDATE to FOLLOWER at term 45 for DISCOVERED_A_NEW_TERM
2019-10-20 10:18:26,533 [e534181c-9f5d-4f71-ad0d-cd71b851ae4d@group-CC68B5F19AD3-LeaderElection49] INFO  impl.RoleInfo (RoleInfo.java:shutdownLeaderElection(134)) - e534181c-9f5d-4f71-ad0d-cd71b851ae4d: shutdown LeaderElection
2019-10-20 10:18:26,533 [e534181c-9f5d-4f71-ad0d-cd71b851ae4d@group-CC68B5F19AD3-LeaderElection49] INFO  impl.RoleInfo (RoleInfo.java:updateAndGet(143)) - e534181c-9f5d-4f71-ad0d-cd71b851ae4d: start FollowerState
2019-10-20 10:18:26,534 [grpc-default-executor-3] INFO  impl.RaftServerImpl (RaftServerImpl.java:setRole(184)) - e76b0d72-a5f7-47dd-bc74-8743a5d358b0@group-9B460392F191: changes role from  FOLLOWER to FOLLOWER at term 6 for recognizeCandidate:f1d6a710-9313-44dc-a005-f0b22c06f92c
2019-10-20 10:18:26,534 [grpc-default-executor-3] INFO  impl.RoleInfo (RoleInfo.java:shutdownFollowerState(121)) - e76b0d72-a5f7-47dd-bc74-8743a5d358b0: shutdown FollowerState
2019-10-20 10:18:26,534 [Thread-877] INFO  impl.FollowerState (FollowerState.java:run(117)) - e76b0d72-a5f7-47dd-bc74-8743a5d358b0@group-9B460392F191-FollowerState was interrupted: java.lang.InterruptedException: sleep interrupted
2019-10-20 10:18:26,534 [grpc-default-executor-3] INFO  impl.RoleInfo (RoleInfo.java:updateAndGet(143)) - e76b0d72-a5f7-47dd-bc74-8743a5d358b0: start FollowerState
2019-10-20 10:18:26,534 [grpc-default-executor-4] INFO  impl.RaftServerImpl (RaftServerImpl.java:setRole(184)) - e534181c-9f5d-4f71-ad0d-cd71b851ae4d@group-9B460392F191: changes role from  FOLLOWER to FOLLOWER at term 6 for recognizeCandidate:f1d6a710-9313-44dc-a005-f0b22c06f92c
2019-10-20 10:18:26,534 [grpc-default-executor-4] INFO  impl.RoleInfo (RoleInfo.java:shutdownFollowerState(121)) - e534181c-9f5d-4f71-ad0d-cd71b851ae4d: shutdown FollowerState
2019-10-20 10:18:26,534 [grpc-default-executor-4] INFO  impl.RoleInfo (RoleInfo.java:updateAndGet(143)) - e534181c-9f5d-4f71-ad0d-cd71b851ae4d: start FollowerState
2019-10-20 10:18:26,535 [Thread-878] INFO  impl.FollowerState (FollowerState.java:run(117)) - e534181c-9f5d-4f71-ad0d-cd71b851ae4d@group-9B460392F191-FollowerState was interrupted: java.lang.InterruptedException: sleep interrupted
2019-10-20 10:18:26,548 [f1d6a710-9313-44dc-a005-f0b22c06f92c@group-9B460392F191-LeaderElection50] INFO  impl.LeaderElection (LeaderElection.java:logAndReturn(56)) - f1d6a710-9313-44dc-a005-f0b22c06f92c@group-9B460392F191-LeaderElection50: Election REJECTED; received 2 response(s) [f1d6a710-9313-44dc-a005-f0b22c06f92c<-e76b0d72-a5f7-47dd-bc74-8743a5d358b0#0:FAIL-t6, f1d6a710-9313-44dc-a005-f0b22c06f92c<-e534181c-9f5d-4f71-ad0d-cd71b851ae4d#0:FAIL-t6] and 0 exception(s); f1d6a710-9313-44dc-a005-f0b22c06f92c@group-9B460392F191:t6, leader=null, voted=f1d6a710-9313-44dc-a005-f0b22c06f92c, raftlog=f1d6a710-9313-44dc-a005-f0b22c06f92c@group-9B460392F191-SegmentedRaftLog:OPENED:c-1,f-1,i0, conf=-1: [e76b0d72-a5f7-47dd-bc74-8743a5d358b0:192.168.69.89:42489, e534181c-9f5d-4f71-ad0d-cd71b851ae4d:192.168.69.89:44098, f1d6a710-9313-44dc-a005-f0b22c06f92c:192.168.69.89:41254], old=null
2019-10-20 10:18:26,548 [f1d6a710-9313-44dc-a005-f0b22c06f92c@group-9B460392F191-LeaderElection50] INFO  impl.RaftServerImpl (RaftServerImpl.java:setRole(184)) - f1d6a710-9313-44dc-a005-f0b22c06f92c@group-9B460392F191: changes role from CANDIDATE to FOLLOWER at term 6 for DISCOVERED_A_NEW_TERM
2019-10-20 10:18:26,548 [f1d6a710-9313-44dc-a005-f0b22c06f92c@group-9B460392F191-LeaderElection50] INFO  impl.RoleInfo (RoleInfo.java:shutdownLeaderElection(134)) - f1d6a710-9313-44dc-a005-f0b22c06f92c: shutdown LeaderElection
2019-10-20 10:18:26,549 [f1d6a710-9313-44dc-a005-f0b22c06f92c@group-9B460392F191-LeaderElection50] INFO  impl.RoleInfo (RoleInfo.java:updateAndGet(143)) - f1d6a710-9313-44dc-a005-f0b22c06f92c: start FollowerState
2019-10-20 10:18:26,616 [Thread-889] INFO  impl.FollowerState (FollowerState.java:run(108)) - e534181c-9f5d-4f71-ad0d-cd71b851ae4d@group-CC68B5F19AD3-FollowerState: change to CANDIDATE, lastRpcTime:83ms, electionTimeout:83ms
2019-10-20 10:18:26,616 [Thread-889] INFO  impl.RoleInfo (RoleInfo.java:shutdownFollowerState(121)) - e534181c-9f5d-4f71-ad0d-cd71b851ae4d: shutdown FollowerState
2019-10-20 10:18:26,617 [Thread-889] INFO  impl.RaftServerImpl (RaftServerImpl.java:setRole(184)) - e534181c-9f5d-4f71-ad0d-cd71b851ae4d@group-CC68B5F19AD3: changes role from  FOLLOWER to CANDIDATE at term 45 for changeToCandidate
2019-10-20 10:18:26,617 [Thread-889] INFO  impl.RoleInfo (RoleInfo.java:updateAndGet(143)) - e534181c-9f5d-4f71-ad0d-cd71b851ae4d: start LeaderElection
2019-10-20 10:18:26,629 [EventQueue-PendingDeleteStatusForPendingDeleteHandler] INFO  block.SCMBlockDeletingService (SCMBlockDeletingService.java:handlePendingDeletes(115)) - Block deletion txnID mismatch in datanode e534181c-9f5d-4f71-ad0d-cd71b851ae4d for containerID 1. Datanode delete txnID: 0, SCM txnID: 1
2019-10-20 10:18:26,631 [e534181c-9f5d-4f71-ad0d-cd71b851ae4d@group-CC68B5F19AD3-LeaderElection51] INFO  impl.LeaderElection (LeaderElection.java:askForVotes(178)) - e534181c-9f5d-4f71-ad0d-cd71b851ae4d@group-CC68B5F19AD3-LeaderElection51: begin an election at term 46 for 0: [e76b0d72-a5f7-47dd-bc74-8743a5d358b0:192.168.69.89:42489, e534181c-9f5d-4f71-ad0d-cd71b851ae4d:192.168.69.89:44098, f1d6a710-9313-44dc-a005-f0b22c06f92c:192.168.69.89:41254], old=null
2019-10-20 10:18:26,633 [grpc-default-executor-4] INFO  impl.RaftServerImpl (RaftServerImpl.java:setRole(184)) - e76b0d72-a5f7-47dd-bc74-8743a5d358b0@group-CC68B5F19AD3: changes role from  FOLLOWER to FOLLOWER at term 46 for recognizeCandidate:e534181c-9f5d-4f71-ad0d-cd71b851ae4d
2019-10-20 10:18:26,633 [grpc-default-executor-4] INFO  impl.RoleInfo (RoleInfo.java:shutdownFollowerState(121)) - e76b0d72-a5f7-47dd-bc74-8743a5d358b0: shutdown FollowerState
2019-10-20 10:18:26,633 [grpc-default-executor-4] INFO  impl.RoleInfo (RoleInfo.java:updateAndGet(143)) - e76b0d72-a5f7-47dd-bc74-8743a5d358b0: start FollowerState
2019-10-20 10:18:26,633 [grpc-default-executor-3] INFO  impl.RaftServerImpl (RaftServerImpl.java:setRole(184)) - f1d6a710-9313-44dc-a005-f0b22c06f92c@group-CC68B5F19AD3: changes role from  FOLLOWER to FOLLOWER at term 46 for recognizeCandidate:e534181c-9f5d-4f71-ad0d-cd71b851ae4d
2019-10-20 10:18:26,633 [Thread-885] INFO  impl.FollowerState (FollowerState.java:run(117)) - e76b0d72-a5f7-47dd-bc74-8743a5d358b0@group-CC68B5F19AD3-FollowerState was interrupted: java.lang.InterruptedException: sleep interrupted
2019-10-20 10:18:26,633 [grpc-default-executor-3] INFO  impl.RoleInfo (RoleInfo.java:shutdownFollowerState(121)) - f1d6a710-9313-44dc-a005-f0b22c06f92c: shutdown FollowerState
2019-10-20 10:18:26,634 [grpc-default-executor-3] INFO  impl.RoleInfo (RoleInfo.java:updateAndGet(143)) - f1d6a710-9313-44dc-a005-f0b22c06f92c: start FollowerState
2019-10-20 10:18:26,634 [Thread-886] INFO  impl.FollowerState (FollowerState.java:run(117)) - f1d6a710-9313-44dc-a005-f0b22c06f92c@group-CC68B5F19AD3-FollowerState was interrupted: java.lang.InterruptedException: sleep interrupted
2019-10-20 10:18:26,638 [Thread-892] INFO  impl.FollowerState (FollowerState.java:run(108)) - f1d6a710-9313-44dc-a005-f0b22c06f92c@group-9B460392F191-FollowerState: change to CANDIDATE, lastRpcTime:89ms, electionTimeout:89ms
2019-10-20 10:18:26,638 [Thread-892] INFO  impl.RoleInfo (RoleInfo.java:shutdownFollowerState(121)) - f1d6a710-9313-44dc-a005-f0b22c06f92c: shutdown FollowerState
2019-10-20 10:18:26,638 [Thread-892] INFO  impl.RaftServerImpl (RaftServerImpl.java:setRole(184)) - f1d6a710-9313-44dc-a005-f0b22c06f92c@group-9B460392F191: changes role from  FOLLOWER to CANDIDATE at term 6 for changeToCandidate
2019-10-20 10:18:26,638 [Thread-892] INFO  impl.RoleInfo (RoleInfo.java:updateAndGet(143)) - f1d6a710-9313-44dc-a005-f0b22c06f92c: start LeaderElection
2019-10-20 10:18:26,644 [f1d6a710-9313-44dc-a005-f0b22c06f92c@group-9B460392F191-LeaderElection52] INFO  impl.LeaderElection (LeaderElection.java:askForVotes(178)) - f1d6a710-9313-44dc-a005-f0b22c06f92c@group-9B460392F191-LeaderElection52: begin an election at term 7 for -1: [e76b0d72-a5f7-47dd-bc74-8743a5d358b0:192.168.69.89:42489, e534181c-9f5d-4f71-ad0d-cd71b851ae4d:192.168.69.89:44098, f1d6a710-9313-44dc-a005-f0b22c06f92c:192.168.69.89:41254], old=null
2019-10-20 10:18:26,645 [e534181c-9f5d-4f71-ad0d-cd71b851ae4d@group-CC68B5F19AD3-LeaderElection51] INFO  impl.LeaderElection (LeaderElection.java:logAndReturn(56)) - e534181c-9f5d-4f71-ad0d-cd71b851ae4d@group-CC68B5F19AD3-LeaderElection51: Election REJECTED; received 2 response(s) [e534181c-9f5d-4f71-ad0d-cd71b851ae4d<-e76b0d72-a5f7-47dd-bc74-8743a5d358b0#0:FAIL-t46, e534181c-9f5d-4f71-ad0d-cd71b851ae4d<-f1d6a710-9313-44dc-a005-f0b22c06f92c#0:FAIL-t46] and 0 exception(s); e534181c-9f5d-4f71-ad0d-cd71b851ae4d@group-CC68B5F19AD3:t46, leader=null, voted=e534181c-9f5d-4f71-ad0d-cd71b851ae4d, raftlog=e534181c-9f5d-4f71-ad0d-cd71b851ae4d@group-CC68B5F19AD3-SegmentedRaftLog:OPENED:c3,f4,i4, conf=0: [e76b0d72-a5f7-47dd-bc74-8743a5d358b0:192.168.69.89:42489, e534181c-9f5d-4f71-ad0d-cd71b851ae4d:192.168.69.89:44098, f1d6a710-9313-44dc-a005-f0b22c06f92c:192.168.69.89:41254], old=null
2019-10-20 10:18:26,645 [e534181c-9f5d-4f71-ad0d-cd71b851ae4d@group-CC68B5F19AD3-LeaderElection51] INFO  impl.RaftServerImpl (RaftServerImpl.java:setRole(184)) - e534181c-9f5d-4f71-ad0d-cd71b851ae4d@group-CC68B5F19AD3: changes role from CANDIDATE to FOLLOWER at term 46 for DISCOVERED_A_NEW_TERM
2019-10-20 10:18:26,645 [e534181c-9f5d-4f71-ad0d-cd71b851ae4d@group-CC68B5F19AD3-LeaderElection51] INFO  impl.RoleInfo (RoleInfo.java:shutdownLeaderElection(134)) - e534181c-9f5d-4f71-ad0d-cd71b851ae4d: shutdown LeaderElection
2019-10-20 10:18:26,645 [Command processor thread] INFO  commandhandler.DeleteBlocksCommandHandler (DeleteBlocksCommandHandler.java:handle(106)) - Start to delete container blocks, TXIDs=[1(0)], numOfContainers=1, numOfBlocks=1
2019-10-20 10:18:26,646 [e534181c-9f5d-4f71-ad0d-cd71b851ae4d@group-CC68B5F19AD3-LeaderElection51] INFO  impl.RoleInfo (RoleInfo.java:updateAndGet(143)) - e534181c-9f5d-4f71-ad0d-cd71b851ae4d: start FollowerState
2019-10-20 10:18:26,646 [Command processor thread] INFO  commandhandler.DeleteBlocksCommandHandler (DeleteBlocksCommandHandler.java:handle(106)) - Start to delete container blocks, TXIDs=[1(2)], numOfContainers=1, numOfBlocks=1
2019-10-20 10:18:26,646 [Command processor thread] INFO  commandhandler.DeleteBlocksCommandHandler (DeleteBlocksCommandHandler.java:handle(106)) - Start to delete container blocks, TXIDs=[1(0)], numOfContainers=1, numOfBlocks=1
2019-10-20 10:18:26,646 [grpc-default-executor-3] INFO  impl.RaftServerImpl (RaftServerImpl.java:setRole(184)) - e76b0d72-a5f7-47dd-bc74-8743a5d358b0@group-9B460392F191: changes role from  FOLLOWER to FOLLOWER at term 7 for recognizeCandidate:f1d6a710-9313-44dc-a005-f0b22c06f92c
2019-10-20 10:18:26,646 [Command processor thread] INFO  commandhandler.DeleteBlocksCommandHandler (DeleteBlocksCommandHandler.java:handle(106)) - Start to delete container blocks, TXIDs=[1(2)], numOfContainers=1, numOfBlocks=1
2019-10-20 10:18:26,646 [grpc-default-executor-3] INFO  impl.RoleInfo (RoleInfo.java:shutdownFollowerState(121)) - e76b0d72-a5f7-47dd-bc74-8743a5d358b0: shutdown FollowerState
2019-10-20 10:18:26,647 [Command processor thread] INFO  commandhandler.DeleteBlocksCommandHandler (DeleteBlocksCommandHandler.java:handle(106)) - Start to delete container blocks, TXIDs=[1(0)], numOfContainers=1, numOfBlocks=1
2019-10-20 10:18:26,647 [grpc-default-executor-4] INFO  impl.RaftServerImpl (RaftServerImpl.java:setRole(184)) - e534181c-9f5d-4f71-ad0d-cd71b851ae4d@group-9B460392F191: changes role from  FOLLOWER to FOLLOWER at term 7 for recognizeCandidate:f1d6a710-9313-44dc-a005-f0b22c06f92c
2019-10-20 10:18:26,647 [Command processor thread] INFO  commandhandler.DeleteBlocksCommandHandler (DeleteBlocksCommandHandler.java:handle(106)) - Start to delete container blocks, TXIDs=[1(2)], numOfContainers=1, numOfBlocks=1
2019-10-20 10:18:26,647 [Thread-890] INFO  impl.FollowerState (FollowerState.java:run(117)) - e76b0d72-a5f7-47dd-bc74-8743a5d358b0@group-9B460392F191-FollowerState was interrupted: java.lang.InterruptedException: sleep interrupted
2019-10-20 10:18:26,647 [grpc-default-executor-3] INFO  impl.RoleInfo (RoleInfo.java:updateAndGet(143)) - e76b0d72-a5f7-47dd-bc74-8743a5d358b0: start FollowerState
2019-10-20 10:18:26,647 [Command processor thread] INFO  commandhandler.DeleteBlocksCommandHandler (DeleteBlocksCommandHandler.java:handle(106)) - Start to delete container blocks, TXIDs=[1(0)], numOfContainers=1, numOfBlocks=1
2019-10-20 10:18:26,647 [grpc-default-executor-4] INFO  impl.RoleInfo (RoleInfo.java:shutdownFollowerState(121)) - e534181c-9f5d-4f71-ad0d-cd71b851ae4d: shutdown FollowerState
2019-10-20 10:18:26,647 [Command processor thread] INFO  commandhandler.DeleteBlocksCommandHandler (DeleteBlocksCommandHandler.java:handle(106)) - Start to delete container blocks, TXIDs=[1(2)], numOfContainers=1, numOfBlocks=1
2019-10-20 10:18:26,648 [Thread-891] INFO  impl.FollowerState (FollowerState.java:run(117)) - e534181c-9f5d-4f71-ad0d-cd71b851ae4d@group-9B460392F191-FollowerState was interrupted: java.lang.InterruptedException: sleep interrupted
2019-10-20 10:18:26,648 [grpc-default-executor-4] INFO  impl.RoleInfo (RoleInfo.java:updateAndGet(143)) - e534181c-9f5d-4f71-ad0d-cd71b851ae4d: start FollowerState
2019-10-20 10:18:26,648 [Command processor thread] INFO  commandhandler.DeleteBlocksCommandHandler (DeleteBlocksCommandHandler.java:handle(106)) - Start to delete container blocks, TXIDs=[1(2)], numOfContainers=1, numOfBlocks=1
2019-10-20 10:18:26,648 [Command processor thread] INFO  commandhandler.DeleteBlocksCommandHandler (DeleteBlocksCommandHandler.java:handle(106)) - Start to delete container blocks, TXIDs=[1(2)], numOfContainers=1, numOfBlocks=1
2019-10-20 10:18:26,648 [Command processor thread] INFO  commandhandler.DeleteBlocksCommandHandler (DeleteBlocksCommandHandler.java:handle(106)) - Start to delete container blocks, TXIDs=[1(2)], numOfContainers=1, numOfBlocks=1
2019-10-20 10:18:26,648 [Command processor thread] INFO  commandhandler.DeleteBlocksCommandHandler (DeleteBlocksCommandHandler.java:handle(106)) - Start to delete container blocks, TXIDs=[1(0)], numOfContainers=1, numOfBlocks=1
2019-10-20 10:18:26,649 [Command processor thread] INFO  commandhandler.DeleteBlocksCommandHandler (DeleteBlocksCommandHandler.java:handle(106)) - Start to delete container blocks, TXIDs=[1(2)], numOfContainers=1, numOfBlocks=1
2019-10-20 10:18:26,649 [Command processor thread] INFO  commandhandler.DeleteBlocksCommandHandler (DeleteBlocksCommandHandler.java:handle(106)) - Start to delete container blocks, TXIDs=[1(2)], numOfContainers=1, numOfBlocks=1
2019-10-20 10:18:26,649 [Command processor thread] INFO  commandhandler.DeleteBlocksCommandHandler (DeleteBlocksCommandHandler.java:handle(106)) - Start to delete container blocks, TXIDs=[1(2)], numOfContainers=1, numOfBlocks=1
2019-10-20 10:18:26,649 [Command processor thread] INFO  commandhandler.DeleteBlocksCommandHandler (DeleteBlocksCommandHandler.java:handle(106)) - Start to delete container blocks, TXIDs=[1(0)], numOfContainers=1, numOfBlocks=1
2019-10-20 10:18:26,649 [Command processor thread] INFO  commandhandler.DeleteBlocksCommandHandler (DeleteBlocksCommandHandler.java:handle(106)) - Start to delete container blocks, TXIDs=[1(2)], numOfContainers=1, numOfBlocks=1
2019-10-20 10:18:26,649 [Command processor thread] INFO  commandhandler.DeleteBlocksCommandHandler (DeleteBlocksCommandHandler.java:handle(106)) - Start to delete container blocks, TXIDs=[1(2)], numOfContainers=1, numOfBlocks=1
2019-10-20 10:18:26,650 [Command processor thread] INFO  commandhandler.DeleteBlocksCommandHandler (DeleteBlocksCommandHandler.java:handle(106)) - Start to delete container blocks, TXIDs=[1(2)], numOfContainers=1, numOfBlocks=1
2019-10-20 10:18:26,650 [Command processor thread] INFO  commandhandler.DeleteBlocksCommandHandler (DeleteBlocksCommandHandler.java:handle(106)) - Start to delete container blocks, TXIDs=[1(2)], numOfContainers=1, numOfBlocks=1
2019-10-20 10:18:26,650 [Command processor thread] INFO  commandhandler.DeleteBlocksCommandHandler (DeleteBlocksCommandHandler.java:handle(106)) - Start to delete container blocks, TXIDs=[1(2)], numOfContainers=1, numOfBlocks=1
2019-10-20 10:18:26,650 [Command processor thread] INFO  commandhandler.DeleteBlocksCommandHandler (DeleteBlocksCommandHandler.java:handle(106)) - Start to delete container blocks, TXIDs=[1(0)], numOfContainers=1, numOfBlocks=1
2019-10-20 10:18:26,650 [Command processor thread] INFO  commandhandler.DeleteBlocksCommandHandler (DeleteBlocksCommandHandler.java:handle(106)) - Start to delete container blocks, TXIDs=[1(2)], numOfContainers=1, numOfBlocks=1
2019-10-20 10:18:26,650 [Command processor thread] INFO  commandhandler.DeleteBlocksCommandHandler (DeleteBlocksCommandHandler.java:handle(106)) - Start to delete container blocks, TXIDs=[1(2)], numOfContainers=1, numOfBlocks=1
2019-10-20 10:18:26,651 [Command processor thread] INFO  commandhandler.DeleteBlocksCommandHandler (DeleteBlocksCommandHandler.java:handle(106)) - Start to delete container blocks, TXIDs=[1(2)], numOfContainers=1, numOfBlocks=1
2019-10-20 10:18:26,651 [Command processor thread] INFO  commandhandler.DeleteBlocksCommandHandler (DeleteBlocksCommandHandler.java:handle(106)) - Start to delete container blocks, TXIDs=[1(2)], numOfContainers=1, numOfBlocks=1
2019-10-20 10:18:26,651 [Command processor thread] INFO  commandhandler.DeleteBlocksCommandHandler (DeleteBlocksCommandHandler.java:handle(106)) - Start to delete container blocks, TXIDs=[1(2)], numOfContainers=1, numOfBlocks=1
2019-10-20 10:18:26,651 [Command processor thread] INFO  commandhandler.DeleteBlocksCommandHandler (DeleteBlocksCommandHandler.java:handle(106)) - Start to delete container blocks, TXIDs=[1(2)], numOfContainers=1, numOfBlocks=1
2019-10-20 10:18:26,651 [Command processor thread] INFO  commandhandler.DeleteBlocksCommandHandler (DeleteBlocksCommandHandler.java:handle(106)) - Start to delete container blocks, TXIDs=[1(0)], numOfContainers=1, numOfBlocks=1
2019-10-20 10:18:26,651 [Command processor thread] INFO  commandhandler.DeleteBlocksCommandHandler (DeleteBlocksCommandHandler.java:handle(106)) - Start to delete container blocks, TXIDs=[1(2)], numOfContainers=1, numOfBlocks=1
2019-10-20 10:18:26,652 [Command processor thread] INFO  commandhandler.DeleteBlocksCommandHandler (DeleteBlocksCommandHandler.java:handle(106)) - Start to delete container blocks, TXIDs=[1(2)], numOfContainers=1, numOfBlocks=1
2019-10-20 10:18:26,652 [Command processor thread] INFO  commandhandler.DeleteBlocksCommandHandler (DeleteBlocksCommandHandler.java:handle(106)) - Start to delete container blocks, TXIDs=[1(2)], numOfContainers=1, numOfBlocks=1
2019-10-20 10:18:26,652 [Command processor thread] INFO  commandhandler.DeleteBlocksCommandHandler (DeleteBlocksCommandHandler.java:handle(106)) - Start to delete container blocks, TXIDs=[1(2)], numOfContainers=1, numOfBlocks=1
2019-10-20 10:18:26,652 [Command processor thread] INFO  commandhandler.DeleteBlocksCommandHandler (DeleteBlocksCommandHandler.java:handle(106)) - Start to delete container blocks, TXIDs=[1(2)], numOfContainers=1, numOfBlocks=1
2019-10-20 10:18:26,652 [Command processor thread] INFO  commandhandler.DeleteBlocksCommandHandler (DeleteBlocksCommandHandler.java:handle(106)) - Start to delete container blocks, TXIDs=[1(2)], numOfContainers=1, numOfBlocks=1
2019-10-20 10:18:26,652 [Command processor thread] INFO  commandhandler.DeleteBlocksCommandHandler (DeleteBlocksCommandHandler.java:handle(106)) - Start to delete container blocks, TXIDs=[1(31)], numOfContainers=1, numOfBlocks=1
2019-10-20 10:18:26,665 [f1d6a710-9313-44dc-a005-f0b22c06f92c@group-9B460392F191-LeaderElection52] INFO  impl.LeaderElection (LeaderElection.java:logAndReturn(56)) - f1d6a710-9313-44dc-a005-f0b22c06f92c@group-9B460392F191-LeaderElection52: Election REJECTED; received 2 response(s) [f1d6a710-9313-44dc-a005-f0b22c06f92c<-e76b0d72-a5f7-47dd-bc74-8743a5d358b0#0:FAIL-t7, f1d6a710-9313-44dc-a005-f0b22c06f92c<-e534181c-9f5d-4f71-ad0d-cd71b851ae4d#0:FAIL-t7] and 0 exception(s); f1d6a710-9313-44dc-a005-f0b22c06f92c@group-9B460392F191:t7, leader=null, voted=f1d6a710-9313-44dc-a005-f0b22c06f92c, raftlog=f1d6a710-9313-44dc-a005-f0b22c06f92c@group-9B460392F191-SegmentedRaftLog:OPENED:c-1,f-1,i0, conf=-1: [e76b0d72-a5f7-47dd-bc74-8743a5d358b0:192.168.69.89:42489, e534181c-9f5d-4f71-ad0d-cd71b851ae4d:192.168.69.89:44098, f1d6a710-9313-44dc-a005-f0b22c06f92c:192.168.69.89:41254], old=null
2019-10-20 10:18:26,665 [f1d6a710-9313-44dc-a005-f0b22c06f92c@group-9B460392F191-LeaderElection52] INFO  impl.RaftServerImpl (RaftServerImpl.java:setRole(184)) - f1d6a710-9313-44dc-a005-f0b22c06f92c@group-9B460392F191: changes role from CANDIDATE to FOLLOWER at term 7 for DISCOVERED_A_NEW_TERM
2019-10-20 10:18:26,665 [f1d6a710-9313-44dc-a005-f0b22c06f92c@group-9B460392F191-LeaderElection52] INFO  impl.RoleInfo (RoleInfo.java:shutdownLeaderElection(134)) - f1d6a710-9313-44dc-a005-f0b22c06f92c: shutdown LeaderElection
2019-10-20 10:18:26,665 [f1d6a710-9313-44dc-a005-f0b22c06f92c@group-9B460392F191-LeaderElection52] INFO  impl.RoleInfo (RoleInfo.java:updateAndGet(143)) - f1d6a710-9313-44dc-a005-f0b22c06f92c: start FollowerState
2019-10-20 10:18:26,719 [pool-7-thread-1] INFO  commands.RetriableDatanodeEventWatcher (RetriableDatanodeEventWatcher.java:onTimeout(47)) - RetriableDatanodeCommand type=deleteBlocksCommand with id=1571566698709 timed out. Retrying.
2019-10-20 10:18:26,720 [pool-7-thread-2] INFO  commands.RetriableDatanodeEventWatcher (RetriableDatanodeEventWatcher.java:onTimeout(47)) - RetriableDatanodeCommand type=deleteBlocksCommand with id=1571566698707 timed out. Retrying.
2019-10-20 10:18:26,722 [pool-7-thread-2] INFO  commands.RetriableDatanodeEventWatcher (RetriableDatanodeEventWatcher.java:onTimeout(47)) - RetriableDatanodeCommand type=deleteBlocksCommand with id=1571566698711 timed out. Retrying.
2019-10-20 10:18:26,723 [pool-7-thread-1] INFO  commands.RetriableDatanodeEventWatcher (RetriableDatanodeEventWatcher.java:onTimeout(47)) - RetriableDatanodeCommand type=deleteBlocksCommand with id=1571566698710 timed out. Retrying.
2019-10-20 10:18:26,726 [pool-7-thread-2] INFO  commands.RetriableDatanodeEventWatcher (RetriableDatanodeEventWatcher.java:onTimeout(47)) - RetriableDatanodeCommand type=deleteBlocksCommand with id=1571566698712 timed out. Retrying.
2019-10-20 10:18:26,726 [pool-7-thread-1] INFO  commands.RetriableDatanodeEventWatcher (RetriableDatanodeEventWatcher.java:onTimeout(47)) - RetriableDatanodeCommand type=deleteBlocksCommand with id=1571566698713 timed out. Retrying.
2019-10-20 10:18:26,728 [pool-7-thread-2] INFO  commands.RetriableDatanodeEventWatcher (RetriableDatanodeEventWatcher.java:onTimeout(47)) - RetriableDatanodeCommand type=deleteBlocksCommand with id=1571566698714 timed out. Retrying.
2019-10-20 10:18:26,728 [pool-7-thread-1] INFO  commands.RetriableDatanodeEventWatcher (RetriableDatanodeEventWatcher.java:onTimeout(47)) - RetriableDatanodeCommand type=deleteBlocksCommand with id=1571566698715 timed out. Retrying.
2019-10-20 10:18:26,728 [SCMBlockDeletingService#0] INFO  block.SCMBlockDeletingService (SCMBlockDeletingService.java:call(184)) - Totally added 1 delete blocks command for 1 datanodes, task elapsed time: 1ms
2019-10-20 10:18:26,787 [Thread-905] INFO  impl.FollowerState (FollowerState.java:run(108)) - f1d6a710-9313-44dc-a005-f0b22c06f92c@group-9B460392F191-FollowerState: change to CANDIDATE, lastRpcTime:121ms, electionTimeout:121ms
2019-10-20 10:18:26,787 [Thread-905] INFO  impl.RoleInfo (RoleInfo.java:shutdownFollowerState(121)) - f1d6a710-9313-44dc-a005-f0b22c06f92c: shutdown FollowerState
2019-10-20 10:18:26,787 [Thread-905] INFO  impl.RaftServerImpl (RaftServerImpl.java:setRole(184)) - f1d6a710-9313-44dc-a005-f0b22c06f92c@group-9B460392F191: changes role from  FOLLOWER to CANDIDATE at term 7 for changeToCandidate
2019-10-20 10:18:26,787 [Thread-905] INFO  impl.RoleInfo (RoleInfo.java:updateAndGet(143)) - f1d6a710-9313-44dc-a005-f0b22c06f92c: start LeaderElection
2019-10-20 10:18:26,801 [f1d6a710-9313-44dc-a005-f0b22c06f92c@group-9B460392F191-LeaderElection53] INFO  impl.LeaderElection (LeaderElection.java:askForVotes(178)) - f1d6a710-9313-44dc-a005-f0b22c06f92c@group-9B460392F191-LeaderElection53: begin an election at term 8 for -1: [e76b0d72-a5f7-47dd-bc74-8743a5d358b0:192.168.69.89:42489, e534181c-9f5d-4f71-ad0d-cd71b851ae4d:192.168.69.89:44098, f1d6a710-9313-44dc-a005-f0b22c06f92c:192.168.69.89:41254], old=null
2019-10-20 10:18:26,804 [grpc-default-executor-3] INFO  impl.RaftServerImpl (RaftServerImpl.java:setRole(184)) - e76b0d72-a5f7-47dd-bc74-8743a5d358b0@group-9B460392F191: changes role from  FOLLOWER to FOLLOWER at term 8 for recognizeCandidate:f1d6a710-9313-44dc-a005-f0b22c06f92c
2019-10-20 10:18:26,804 [grpc-default-executor-4] INFO  impl.RaftServerImpl (RaftServerImpl.java:setRole(184)) - e534181c-9f5d-4f71-ad0d-cd71b851ae4d@group-9B460392F191: changes role from  FOLLOWER to FOLLOWER at term 8 for recognizeCandidate:f1d6a710-9313-44dc-a005-f0b22c06f92c
2019-10-20 10:18:26,804 [grpc-default-executor-4] INFO  impl.RoleInfo (RoleInfo.java:shutdownFollowerState(121)) - e534181c-9f5d-4f71-ad0d-cd71b851ae4d: shutdown FollowerState
2019-10-20 10:18:26,804 [grpc-default-executor-3] INFO  impl.RoleInfo (RoleInfo.java:shutdownFollowerState(121)) - e76b0d72-a5f7-47dd-bc74-8743a5d358b0: shutdown FollowerState
2019-10-20 10:18:26,805 [Thread-904] INFO  impl.FollowerState (FollowerState.java:run(117)) - e534181c-9f5d-4f71-ad0d-cd71b851ae4d@group-9B460392F191-FollowerState was interrupted: java.lang.InterruptedException: sleep interrupted
2019-10-20 10:18:26,805 [grpc-default-executor-4] INFO  impl.RoleInfo (RoleInfo.java:updateAndGet(143)) - e534181c-9f5d-4f71-ad0d-cd71b851ae4d: start FollowerState
2019-10-20 10:18:26,805 [Thread-902] INFO  impl.FollowerState (FollowerState.java:run(117)) - e76b0d72-a5f7-47dd-bc74-8743a5d358b0@group-9B460392F191-FollowerState was interrupted: java.lang.InterruptedException: sleep interrupted
2019-10-20 10:18:26,805 [grpc-default-executor-3] INFO  impl.RoleInfo (RoleInfo.java:updateAndGet(143)) - e76b0d72-a5f7-47dd-bc74-8743a5d358b0: start FollowerState
2019-10-20 10:18:26,814 [Thread-912] INFO  client.GrpcClientProtocolService (GrpcClientProtocolService.java:lambda$processClientRequest$0(278)) - Failed RaftClientRequest:client-67F6425C4112->e534181c-9f5d-4f71-ad0d-cd71b851ae4d@group-CC68B5F19AD3, cid=10, seq=0, Watch-ALL_COMMITTED(6), Message:<EMPTY>, reply=RaftClientReply:client-67F6425C4112->e534181c-9f5d-4f71-ad0d-cd71b851ae4d@group-CC68B5F19AD3, cid=10, FAILED org.apache.ratis.protocol.NotLeaderException: Server e534181c-9f5d-4f71-ad0d-cd71b851ae4d@group-CC68B5F19AD3 is not the leader, logIndex=0, commits[e534181c-9f5d-4f71-ad0d-cd71b851ae4d:c3]
2019-10-20 10:18:26,815 [Thread-901] INFO  impl.FollowerState (FollowerState.java:run(108)) - e534181c-9f5d-4f71-ad0d-cd71b851ae4d@group-CC68B5F19AD3-FollowerState: change to CANDIDATE, lastRpcTime:169ms, electionTimeout:169ms
2019-10-20 10:18:26,816 [Thread-901] INFO  impl.RoleInfo (RoleInfo.java:shutdownFollowerState(121)) - e534181c-9f5d-4f71-ad0d-cd71b851ae4d: shutdown FollowerState
2019-10-20 10:18:26,816 [Thread-901] INFO  impl.RaftServerImpl (RaftServerImpl.java:setRole(184)) - e534181c-9f5d-4f71-ad0d-cd71b851ae4d@group-CC68B5F19AD3: changes role from  FOLLOWER to CANDIDATE at term 46 for changeToCandidate
2019-10-20 10:18:26,816 [Thread-901] INFO  impl.RoleInfo (RoleInfo.java:updateAndGet(143)) - e534181c-9f5d-4f71-ad0d-cd71b851ae4d: start LeaderElection
2019-10-20 10:18:26,821 [f1d6a710-9313-44dc-a005-f0b22c06f92c@group-9B460392F191-LeaderElection53] INFO  impl.LeaderElection (LeaderElection.java:logAndReturn(56)) - f1d6a710-9313-44dc-a005-f0b22c06f92c@group-9B460392F191-LeaderElection53: Election REJECTED; received 2 response(s) [f1d6a710-9313-44dc-a005-f0b22c06f92c<-e76b0d72-a5f7-47dd-bc74-8743a5d358b0#0:FAIL-t8, f1d6a710-9313-44dc-a005-f0b22c06f92c<-e534181c-9f5d-4f71-ad0d-cd71b851ae4d#0:FAIL-t8] and 0 exception(s); f1d6a710-9313-44dc-a005-f0b22c06f92c@group-9B460392F191:t8, leader=null, voted=f1d6a710-9313-44dc-a005-f0b22c06f92c, raftlog=f1d6a710-9313-44dc-a005-f0b22c06f92c@group-9B460392F191-SegmentedRaftLog:OPENED:c-1,f-1,i0, conf=-1: [e76b0d72-a5f7-47dd-bc74-8743a5d358b0:192.168.69.89:42489, e534181c-9f5d-4f71-ad0d-cd71b851ae4d:192.168.69.89:44098, f1d6a710-9313-44dc-a005-f0b22c06f92c:192.168.69.89:41254], old=null
2019-10-20 10:18:26,822 [f1d6a710-9313-44dc-a005-f0b22c06f92c@group-9B460392F191-LeaderElection53] INFO  impl.RaftServerImpl (RaftServerImpl.java:setRole(184)) - f1d6a710-9313-44dc-a005-f0b22c06f92c@group-9B460392F191: changes role from CANDIDATE to FOLLOWER at term 8 for DISCOVERED_A_NEW_TERM
2019-10-20 10:18:26,822 [f1d6a710-9313-44dc-a005-f0b22c06f92c@group-9B460392F191-LeaderElection53] INFO  impl.RoleInfo (RoleInfo.java:shutdownLeaderElection(134)) - f1d6a710-9313-44dc-a005-f0b22c06f92c: shutdown LeaderElection
2019-10-20 10:18:26,822 [f1d6a710-9313-44dc-a005-f0b22c06f92c@group-9B460392F191-LeaderElection53] INFO  impl.RoleInfo (RoleInfo.java:updateAndGet(143)) - f1d6a710-9313-44dc-a005-f0b22c06f92c: start FollowerState
2019-10-20 10:18:26,833 [e534181c-9f5d-4f71-ad0d-cd71b851ae4d@group-CC68B5F19AD3-LeaderElection54] INFO  impl.LeaderElection (LeaderElection.java:askForVotes(178)) - e534181c-9f5d-4f71-ad0d-cd71b851ae4d@group-CC68B5F19AD3-LeaderElection54: begin an election at term 47 for 0: [e76b0d72-a5f7-47dd-bc74-8743a5d358b0:192.168.69.89:42489, e534181c-9f5d-4f71-ad0d-cd71b851ae4d:192.168.69.89:44098, f1d6a710-9313-44dc-a005-f0b22c06f92c:192.168.69.89:41254], old=null
2019-10-20 10:18:26,835 [grpc-default-executor-3] INFO  impl.RaftServerImpl (RaftServerImpl.java:setRole(184)) - e76b0d72-a5f7-47dd-bc74-8743a5d358b0@group-CC68B5F19AD3: changes role from  FOLLOWER to FOLLOWER at term 47 for recognizeCandidate:e534181c-9f5d-4f71-ad0d-cd71b851ae4d
2019-10-20 10:18:26,835 [grpc-default-executor-3] INFO  impl.RoleInfo (RoleInfo.java:shutdownFollowerState(121)) - e76b0d72-a5f7-47dd-bc74-8743a5d358b0: shutdown FollowerState
2019-10-20 10:18:26,835 [grpc-default-executor-3] INFO  impl.RoleInfo (RoleInfo.java:updateAndGet(143)) - e76b0d72-a5f7-47dd-bc74-8743a5d358b0: start FollowerState
2019-10-20 10:18:26,835 [Thread-896] INFO  impl.FollowerState (FollowerState.java:run(117)) - e76b0d72-a5f7-47dd-bc74-8743a5d358b0@group-CC68B5F19AD3-FollowerState was interrupted: java.lang.InterruptedException: sleep interrupted
2019-10-20 10:18:26,835 [grpc-default-executor-4] INFO  impl.RaftServerImpl (RaftServerImpl.java:setRole(184)) - f1d6a710-9313-44dc-a005-f0b22c06f92c@group-CC68B5F19AD3: changes role from  FOLLOWER to FOLLOWER at term 47 for recognizeCandidate:e534181c-9f5d-4f71-ad0d-cd71b851ae4d
2019-10-20 10:18:26,835 [e534181c-9f5d-4f71-ad0d-cd71b851ae4d@group-CC68B5F19AD3-LeaderElection54] INFO  impl.LeaderElection (LeaderElection.java:logAndReturn(56)) - e534181c-9f5d-4f71-ad0d-cd71b851ae4d@group-CC68B5F19AD3-LeaderElection54: Election TIMEOUT; received 0 response(s) [] and 0 exception(s); e534181c-9f5d-4f71-ad0d-cd71b851ae4d@group-CC68B5F19AD3:t47, leader=null, voted=e534181c-9f5d-4f71-ad0d-cd71b851ae4d, raftlog=e534181c-9f5d-4f71-ad0d-cd71b851ae4d@group-CC68B5F19AD3-SegmentedRaftLog:OPENED:c3,f4,i4, conf=0: [e76b0d72-a5f7-47dd-bc74-8743a5d358b0:192.168.69.89:42489, e534181c-9f5d-4f71-ad0d-cd71b851ae4d:192.168.69.89:44098, f1d6a710-9313-44dc-a005-f0b22c06f92c:192.168.69.89:41254], old=null
2019-10-20 10:18:26,836 [grpc-default-executor-4] INFO  impl.RoleInfo (RoleInfo.java:shutdownFollowerState(121)) - f1d6a710-9313-44dc-a005-f0b22c06f92c: shutdown FollowerState
2019-10-20 10:18:26,836 [Thread-897] INFO  impl.FollowerState (FollowerState.java:run(117)) - f1d6a710-9313-44dc-a005-f0b22c06f92c@group-CC68B5F19AD3-FollowerState was interrupted: java.lang.InterruptedException: sleep interrupted
2019-10-20 10:18:26,836 [grpc-default-executor-4] INFO  impl.RoleInfo (RoleInfo.java:updateAndGet(143)) - f1d6a710-9313-44dc-a005-f0b22c06f92c: start FollowerState
2019-10-20 10:18:26,849 [e534181c-9f5d-4f71-ad0d-cd71b851ae4d@group-CC68B5F19AD3-LeaderElection54] INFO  impl.LeaderElection (LeaderElection.java:askForVotes(178)) - e534181c-9f5d-4f71-ad0d-cd71b851ae4d@group-CC68B5F19AD3-LeaderElection54: begin an election at term 48 for 0: [e76b0d72-a5f7-47dd-bc74-8743a5d358b0:192.168.69.89:42489, e534181c-9f5d-4f71-ad0d-cd71b851ae4d:192.168.69.89:44098, f1d6a710-9313-44dc-a005-f0b22c06f92c:192.168.69.89:41254], old=null
2019-10-20 10:18:26,851 [grpc-default-executor-3] INFO  impl.RaftServerImpl (RaftServerImpl.java:setRole(184)) - f1d6a710-9313-44dc-a005-f0b22c06f92c@group-CC68B5F19AD3: changes role from  FOLLOWER to FOLLOWER at term 48 for recognizeCandidate:e534181c-9f5d-4f71-ad0d-cd71b851ae4d
2019-10-20 10:18:26,851 [grpc-default-executor-4] INFO  impl.RaftServerImpl (RaftServerImpl.java:setRole(184)) - e76b0d72-a5f7-47dd-bc74-8743a5d358b0@group-CC68B5F19AD3: changes role from  FOLLOWER to FOLLOWER at term 48 for recognizeCandidate:e534181c-9f5d-4f71-ad0d-cd71b851ae4d
2019-10-20 10:18:26,851 [grpc-default-executor-3] INFO  impl.RoleInfo (RoleInfo.java:shutdownFollowerState(121)) - f1d6a710-9313-44dc-a005-f0b22c06f92c: shutdown FollowerState
2019-10-20 10:18:26,851 [grpc-default-executor-4] INFO  impl.RoleInfo (RoleInfo.java:shutdownFollowerState(121)) - e76b0d72-a5f7-47dd-bc74-8743a5d358b0: shutdown FollowerState
2019-10-20 10:18:26,852 [Thread-919] INFO  impl.FollowerState (FollowerState.java:run(117)) - f1d6a710-9313-44dc-a005-f0b22c06f92c@group-CC68B5F19AD3-FollowerState was interrupted: java.lang.InterruptedException: sleep interrupted
2019-10-20 10:18:26,851 [grpc-default-executor-3] INFO  impl.RoleInfo (RoleInfo.java:updateAndGet(143)) - f1d6a710-9313-44dc-a005-f0b22c06f92c: start FollowerState
2019-10-20 10:18:26,852 [Thread-918] INFO  impl.FollowerState (FollowerState.java:run(117)) - e76b0d72-a5f7-47dd-bc74-8743a5d358b0@group-CC68B5F19AD3-FollowerState was interrupted: java.lang.InterruptedException: sleep interrupted
2019-10-20 10:18:26,852 [grpc-default-executor-4] INFO  impl.RoleInfo (RoleInfo.java:updateAndGet(143)) - e76b0d72-a5f7-47dd-bc74-8743a5d358b0: start FollowerState
2019-10-20 10:18:26,866 [e534181c-9f5d-4f71-ad0d-cd71b851ae4d@group-CC68B5F19AD3-LeaderElection54] INFO  impl.LeaderElection (LeaderElection.java:logAndReturn(56)) - e534181c-9f5d-4f71-ad0d-cd71b851ae4d@group-CC68B5F19AD3-LeaderElection54: Election REJECTED; received 2 response(s) [e534181c-9f5d-4f71-ad0d-cd71b851ae4d<-e76b0d72-a5f7-47dd-bc74-8743a5d358b0#0:FAIL-t48, e534181c-9f5d-4f71-ad0d-cd71b851ae4d<-f1d6a710-9313-44dc-a005-f0b22c06f92c#0:FAIL-t48] and 0 exception(s); e534181c-9f5d-4f71-ad0d-cd71b851ae4d@group-CC68B5F19AD3:t48, leader=null, voted=e534181c-9f5d-4f71-ad0d-cd71b851ae4d, raftlog=e534181c-9f5d-4f71-ad0d-cd71b851ae4d@group-CC68B5F19AD3-SegmentedRaftLog:OPENED:c3,f4,i4, conf=0: [e76b0d72-a5f7-47dd-bc74-8743a5d358b0:192.168.69.89:42489, e534181c-9f5d-4f71-ad0d-cd71b851ae4d:192.168.69.89:44098, f1d6a710-9313-44dc-a005-f0b22c06f92c:192.168.69.89:41254], old=null
2019-10-20 10:18:26,866 [e534181c-9f5d-4f71-ad0d-cd71b851ae4d@group-CC68B5F19AD3-LeaderElection54] INFO  impl.RaftServerImpl (RaftServerImpl.java:setRole(184)) - e534181c-9f5d-4f71-ad0d-cd71b851ae4d@group-CC68B5F19AD3: changes role from CANDIDATE to FOLLOWER at term 48 for DISCOVERED_A_NEW_TERM
2019-10-20 10:18:26,866 [e534181c-9f5d-4f71-ad0d-cd71b851ae4d@group-CC68B5F19AD3-LeaderElection54] INFO  impl.RoleInfo (RoleInfo.java:shutdownLeaderElection(134)) - e534181c-9f5d-4f71-ad0d-cd71b851ae4d: shutdown LeaderElection
2019-10-20 10:18:26,866 [e534181c-9f5d-4f71-ad0d-cd71b851ae4d@group-CC68B5F19AD3-LeaderElection54] INFO  impl.RoleInfo (RoleInfo.java:updateAndGet(143)) - e534181c-9f5d-4f71-ad0d-cd71b851ae4d: start FollowerState
2019-10-20 10:18:26,880 [Thread-915] INFO  impl.FollowerState (FollowerState.java:run(108)) - f1d6a710-9313-44dc-a005-f0b22c06f92c@group-9B460392F191-FollowerState: change to CANDIDATE, lastRpcTime:57ms, electionTimeout:57ms
2019-10-20 10:18:26,880 [Thread-915] INFO  impl.RoleInfo (RoleInfo.java:shutdownFollowerState(121)) - f1d6a710-9313-44dc-a005-f0b22c06f92c: shutdown FollowerState
2019-10-20 10:18:26,880 [Thread-915] INFO  impl.RaftServerImpl (RaftServerImpl.java:setRole(184)) - f1d6a710-9313-44dc-a005-f0b22c06f92c@group-9B460392F191: changes role from  FOLLOWER to CANDIDATE at term 8 for changeToCandidate
2019-10-20 10:18:26,880 [Thread-915] INFO  impl.RoleInfo (RoleInfo.java:updateAndGet(143)) - f1d6a710-9313-44dc-a005-f0b22c06f92c: start LeaderElection
2019-10-20 10:18:26,892 [f1d6a710-9313-44dc-a005-f0b22c06f92c@group-9B460392F191-LeaderElection55] INFO  impl.LeaderElection (LeaderElection.java:askForVotes(178)) - f1d6a710-9313-44dc-a005-f0b22c06f92c@group-9B460392F191-LeaderElection55: begin an election at term 9 for -1: [e76b0d72-a5f7-47dd-bc74-8743a5d358b0:192.168.69.89:42489, e534181c-9f5d-4f71-ad0d-cd71b851ae4d:192.168.69.89:44098, f1d6a710-9313-44dc-a005-f0b22c06f92c:192.168.69.89:41254], old=null
2019-10-20 10:18:26,894 [grpc-default-executor-3] INFO  impl.RaftServerImpl (RaftServerImpl.java:setRole(184)) - e76b0d72-a5f7-47dd-bc74-8743a5d358b0@group-9B460392F191: changes role from  FOLLOWER to FOLLOWER at term 9 for recognizeCandidate:f1d6a710-9313-44dc-a005-f0b22c06f92c
2019-10-20 10:18:26,894 [grpc-default-executor-4] INFO  impl.RaftServerImpl (RaftServerImpl.java:setRole(184)) - e534181c-9f5d-4f71-ad0d-cd71b851ae4d@group-9B460392F191: changes role from  FOLLOWER to FOLLOWER at term 9 for recognizeCandidate:f1d6a710-9313-44dc-a005-f0b22c06f92c
2019-10-20 10:18:26,894 [grpc-default-executor-3] INFO  impl.RoleInfo (RoleInfo.java:shutdownFollowerState(121)) - e76b0d72-a5f7-47dd-bc74-8743a5d358b0: shutdown FollowerState
2019-10-20 10:18:26,894 [grpc-default-executor-4] INFO  impl.RoleInfo (RoleInfo.java:shutdownFollowerState(121)) - e534181c-9f5d-4f71-ad0d-cd71b851ae4d: shutdown FollowerState
2019-10-20 10:18:26,895 [Thread-910] INFO  impl.FollowerState (FollowerState.java:run(117)) - e76b0d72-a5f7-47dd-bc74-8743a5d358b0@group-9B460392F191-FollowerState was interrupted: java.lang.InterruptedException: sleep interrupted
2019-10-20 10:18:26,895 [grpc-default-executor-3] INFO  impl.RoleInfo (RoleInfo.java:updateAndGet(143)) - e76b0d72-a5f7-47dd-bc74-8743a5d358b0: start FollowerState
2019-10-20 10:18:26,895 [Thread-909] INFO  impl.FollowerState (FollowerState.java:run(117)) - e534181c-9f5d-4f71-ad0d-cd71b851ae4d@group-9B460392F191-FollowerState was interrupted: java.lang.InterruptedException: sleep interrupted
2019-10-20 10:18:26,895 [grpc-default-executor-4] INFO  impl.RoleInfo (RoleInfo.java:updateAndGet(143)) - e534181c-9f5d-4f71-ad0d-cd71b851ae4d: start FollowerState
2019-10-20 10:18:26,907 [f1d6a710-9313-44dc-a005-f0b22c06f92c@group-9B460392F191-LeaderElection55] INFO  impl.LeaderElection (LeaderElection.java:logAndReturn(56)) - f1d6a710-9313-44dc-a005-f0b22c06f92c@group-9B460392F191-LeaderElection55: Election REJECTED; received 2 response(s) [f1d6a710-9313-44dc-a005-f0b22c06f92c<-e76b0d72-a5f7-47dd-bc74-8743a5d358b0#0:FAIL-t9, f1d6a710-9313-44dc-a005-f0b22c06f92c<-e534181c-9f5d-4f71-ad0d-cd71b851ae4d#0:FAIL-t9] and 0 exception(s); f1d6a710-9313-44dc-a005-f0b22c06f92c@group-9B460392F191:t9, leader=null, voted=f1d6a710-9313-44dc-a005-f0b22c06f92c, raftlog=f1d6a710-9313-44dc-a005-f0b22c06f92c@group-9B460392F191-SegmentedRaftLog:OPENED:c-1,f-1,i0, conf=-1: [e76b0d72-a5f7-47dd-bc74-8743a5d358b0:192.168.69.89:42489, e534181c-9f5d-4f71-ad0d-cd71b851ae4d:192.168.69.89:44098, f1d6a710-9313-44dc-a005-f0b22c06f92c:192.168.69.89:41254], old=null
2019-10-20 10:18:26,907 [f1d6a710-9313-44dc-a005-f0b22c06f92c@group-9B460392F191-LeaderElection55] INFO  impl.RaftServerImpl (RaftServerImpl.java:setRole(184)) - f1d6a710-9313-44dc-a005-f0b22c06f92c@group-9B460392F191: changes role from CANDIDATE to FOLLOWER at term 9 for DISCOVERED_A_NEW_TERM
2019-10-20 10:18:26,907 [f1d6a710-9313-44dc-a005-f0b22c06f92c@group-9B460392F191-LeaderElection55] INFO  impl.RoleInfo (RoleInfo.java:shutdownLeaderElection(134)) - f1d6a710-9313-44dc-a005-f0b22c06f92c: shutdown LeaderElection
2019-10-20 10:18:26,907 [f1d6a710-9313-44dc-a005-f0b22c06f92c@group-9B460392F191-LeaderElection55] INFO  impl.RoleInfo (RoleInfo.java:updateAndGet(143)) - f1d6a710-9313-44dc-a005-f0b22c06f92c: start FollowerState
2019-10-20 10:18:26,930 [Thread-930] INFO  impl.FollowerState (FollowerState.java:run(108)) - f1d6a710-9313-44dc-a005-f0b22c06f92c@group-9B460392F191-FollowerState: change to CANDIDATE, lastRpcTime:23ms, electionTimeout:23ms
2019-10-20 10:18:26,930 [Thread-930] INFO  impl.RoleInfo (RoleInfo.java:shutdownFollowerState(121)) - f1d6a710-9313-44dc-a005-f0b22c06f92c: shutdown FollowerState
2019-10-20 10:18:26,930 [Thread-930] INFO  impl.RaftServerImpl (RaftServerImpl.java:setRole(184)) - f1d6a710-9313-44dc-a005-f0b22c06f92c@group-9B460392F191: changes role from  FOLLOWER to CANDIDATE at term 9 for changeToCandidate
2019-10-20 10:18:26,931 [Thread-930] INFO  impl.RoleInfo (RoleInfo.java:updateAndGet(143)) - f1d6a710-9313-44dc-a005-f0b22c06f92c: start LeaderElection
2019-10-20 10:18:26,943 [f1d6a710-9313-44dc-a005-f0b22c06f92c@group-9B460392F191-LeaderElection56] INFO  impl.LeaderElection (LeaderElection.java:askForVotes(178)) - f1d6a710-9313-44dc-a005-f0b22c06f92c@group-9B460392F191-LeaderElection56: begin an election at term 10 for -1: [e76b0d72-a5f7-47dd-bc74-8743a5d358b0:192.168.69.89:42489, e534181c-9f5d-4f71-ad0d-cd71b851ae4d:192.168.69.89:44098, f1d6a710-9313-44dc-a005-f0b22c06f92c:192.168.69.89:41254], old=null
2019-10-20 10:18:26,945 [grpc-default-executor-3] INFO  impl.RaftServerImpl (RaftServerImpl.java:setRole(184)) - e76b0d72-a5f7-47dd-bc74-8743a5d358b0@group-9B460392F191: changes role from  FOLLOWER to FOLLOWER at term 10 for recognizeCandidate:f1d6a710-9313-44dc-a005-f0b22c06f92c
2019-10-20 10:18:26,945 [grpc-default-executor-3] INFO  impl.RoleInfo (RoleInfo.java:shutdownFollowerState(121)) - e76b0d72-a5f7-47dd-bc74-8743a5d358b0: shutdown FollowerState
2019-10-20 10:18:26,945 [grpc-default-executor-3] INFO  impl.RoleInfo (RoleInfo.java:updateAndGet(143)) - e76b0d72-a5f7-47dd-bc74-8743a5d358b0: start FollowerState
2019-10-20 10:18:26,945 [Thread-928] INFO  impl.FollowerState (FollowerState.java:run(117)) - e76b0d72-a5f7-47dd-bc74-8743a5d358b0@group-9B460392F191-FollowerState was interrupted: java.lang.InterruptedException: sleep interrupted
2019-10-20 10:18:26,946 [grpc-default-executor-4] INFO  impl.RaftServerImpl (RaftServerImpl.java:setRole(184)) - e534181c-9f5d-4f71-ad0d-cd71b851ae4d@group-9B460392F191: changes role from  FOLLOWER to FOLLOWER at term 10 for recognizeCandidate:f1d6a710-9313-44dc-a005-f0b22c06f92c
2019-10-20 10:18:26,946 [grpc-default-executor-4] INFO  impl.RoleInfo (RoleInfo.java:shutdownFollowerState(121)) - e534181c-9f5d-4f71-ad0d-cd71b851ae4d: shutdown FollowerState
2019-10-20 10:18:26,946 [Thread-929] INFO  impl.FollowerState (FollowerState.java:run(117)) - e534181c-9f5d-4f71-ad0d-cd71b851ae4d@group-9B460392F191-FollowerState was interrupted: java.lang.InterruptedException: sleep interrupted
2019-10-20 10:18:26,946 [grpc-default-executor-4] INFO  impl.RoleInfo (RoleInfo.java:updateAndGet(143)) - e534181c-9f5d-4f71-ad0d-cd71b851ae4d: start FollowerState
2019-10-20 10:18:26,960 [f1d6a710-9313-44dc-a005-f0b22c06f92c@group-9B460392F191-LeaderElection56] INFO  impl.LeaderElection (LeaderElection.java:logAndReturn(56)) - f1d6a710-9313-44dc-a005-f0b22c06f92c@group-9B460392F191-LeaderElection56: Election REJECTED; received 2 response(s) [f1d6a710-9313-44dc-a005-f0b22c06f92c<-e76b0d72-a5f7-47dd-bc74-8743a5d358b0#0:FAIL-t10, f1d6a710-9313-44dc-a005-f0b22c06f92c<-e534181c-9f5d-4f71-ad0d-cd71b851ae4d#0:FAIL-t10] and 0 exception(s); f1d6a710-9313-44dc-a005-f0b22c06f92c@group-9B460392F191:t10, leader=null, voted=f1d6a710-9313-44dc-a005-f0b22c06f92c, raftlog=f1d6a710-9313-44dc-a005-f0b22c06f92c@group-9B460392F191-SegmentedRaftLog:OPENED:c-1,f-1,i0, conf=-1: [e76b0d72-a5f7-47dd-bc74-8743a5d358b0:192.168.69.89:42489, e534181c-9f5d-4f71-ad0d-cd71b851ae4d:192.168.69.89:44098, f1d6a710-9313-44dc-a005-f0b22c06f92c:192.168.69.89:41254], old=null
2019-10-20 10:18:26,960 [f1d6a710-9313-44dc-a005-f0b22c06f92c@group-9B460392F191-LeaderElection56] INFO  impl.RaftServerImpl (RaftServerImpl.java:setRole(184)) - f1d6a710-9313-44dc-a005-f0b22c06f92c@group-9B460392F191: changes role from CANDIDATE to FOLLOWER at term 10 for DISCOVERED_A_NEW_TERM
2019-10-20 10:18:26,960 [f1d6a710-9313-44dc-a005-f0b22c06f92c@group-9B460392F191-LeaderElection56] INFO  impl.RoleInfo (RoleInfo.java:shutdownLeaderElection(134)) - f1d6a710-9313-44dc-a005-f0b22c06f92c: shutdown LeaderElection
2019-10-20 10:18:26,960 [f1d6a710-9313-44dc-a005-f0b22c06f92c@group-9B460392F191-LeaderElection56] INFO  impl.RoleInfo (RoleInfo.java:updateAndGet(143)) - f1d6a710-9313-44dc-a005-f0b22c06f92c: start FollowerState
2019-10-20 10:18:26,971 [Thread-924] INFO  impl.FollowerState (FollowerState.java:run(108)) - e534181c-9f5d-4f71-ad0d-cd71b851ae4d@group-CC68B5F19AD3-FollowerState: change to CANDIDATE, lastRpcTime:104ms, electionTimeout:104ms
2019-10-20 10:18:26,971 [Thread-924] INFO  impl.RoleInfo (RoleInfo.java:shutdownFollowerState(121)) - e534181c-9f5d-4f71-ad0d-cd71b851ae4d: shutdown FollowerState
2019-10-20 10:18:26,971 [Thread-924] INFO  impl.RaftServerImpl (RaftServerImpl.java:setRole(184)) - e534181c-9f5d-4f71-ad0d-cd71b851ae4d@group-CC68B5F19AD3: changes role from  FOLLOWER to CANDIDATE at term 48 for changeToCandidate
2019-10-20 10:18:26,971 [Thread-924] INFO  impl.RoleInfo (RoleInfo.java:updateAndGet(143)) - e534181c-9f5d-4f71-ad0d-cd71b851ae4d: start LeaderElection
2019-10-20 10:18:26,984 [e534181c-9f5d-4f71-ad0d-cd71b851ae4d@group-CC68B5F19AD3-LeaderElection57] INFO  impl.LeaderElection (LeaderElection.java:askForVotes(178)) - e534181c-9f5d-4f71-ad0d-cd71b851ae4d@group-CC68B5F19AD3-LeaderElection57: begin an election at term 49 for 0: [e76b0d72-a5f7-47dd-bc74-8743a5d358b0:192.168.69.89:42489, e534181c-9f5d-4f71-ad0d-cd71b851ae4d:192.168.69.89:44098, f1d6a710-9313-44dc-a005-f0b22c06f92c:192.168.69.89:41254], old=null
2019-10-20 10:18:26,987 [grpc-default-executor-3] INFO  impl.RaftServerImpl (RaftServerImpl.java:setRole(184)) - e76b0d72-a5f7-47dd-bc74-8743a5d358b0@group-CC68B5F19AD3: changes role from  FOLLOWER to FOLLOWER at term 49 for recognizeCandidate:e534181c-9f5d-4f71-ad0d-cd71b851ae4d
2019-10-20 10:18:26,987 [grpc-default-executor-4] INFO  impl.RaftServerImpl (RaftServerImpl.java:setRole(184)) - f1d6a710-9313-44dc-a005-f0b22c06f92c@group-CC68B5F19AD3: changes role from  FOLLOWER to FOLLOWER at term 49 for recognizeCandidate:e534181c-9f5d-4f71-ad0d-cd71b851ae4d
2019-10-20 10:18:26,987 [grpc-default-executor-3] INFO  impl.RoleInfo (RoleInfo.java:shutdownFollowerState(121)) - e76b0d72-a5f7-47dd-bc74-8743a5d358b0: shutdown FollowerState
2019-10-20 10:18:26,987 [grpc-default-executor-4] INFO  impl.RoleInfo (RoleInfo.java:shutdownFollowerState(121)) - f1d6a710-9313-44dc-a005-f0b22c06f92c: shutdown FollowerState
2019-10-20 10:18:26,987 [Thread-923] INFO  impl.FollowerState (FollowerState.java:run(117)) - e76b0d72-a5f7-47dd-bc74-8743a5d358b0@group-CC68B5F19AD3-FollowerState was interrupted: java.lang.InterruptedException: sleep interrupted
2019-10-20 10:18:26,987 [Thread-922] INFO  impl.FollowerState (FollowerState.java:run(117)) - f1d6a710-9313-44dc-a005-f0b22c06f92c@group-CC68B5F19AD3-FollowerState was interrupted: java.lang.InterruptedException: sleep interrupted
2019-10-20 10:18:26,987 [grpc-default-executor-3] INFO  impl.RoleInfo (RoleInfo.java:updateAndGet(143)) - e76b0d72-a5f7-47dd-bc74-8743a5d358b0: start FollowerState
2019-10-20 10:18:26,987 [grpc-default-executor-4] INFO  impl.RoleInfo (RoleInfo.java:updateAndGet(143)) - f1d6a710-9313-44dc-a005-f0b22c06f92c: start FollowerState
2019-10-20 10:18:27,002 [e534181c-9f5d-4f71-ad0d-cd71b851ae4d@group-CC68B5F19AD3-LeaderElection57] INFO  impl.LeaderElection (LeaderElection.java:logAndReturn(56)) - e534181c-9f5d-4f71-ad0d-cd71b851ae4d@group-CC68B5F19AD3-LeaderElection57: Election REJECTED; received 2 response(s) [e534181c-9f5d-4f71-ad0d-cd71b851ae4d<-e76b0d72-a5f7-47dd-bc74-8743a5d358b0#0:FAIL-t49, e534181c-9f5d-4f71-ad0d-cd71b851ae4d<-f1d6a710-9313-44dc-a005-f0b22c06f92c#0:FAIL-t49] and 0 exception(s); e534181c-9f5d-4f71-ad0d-cd71b851ae4d@group-CC68B5F19AD3:t49, leader=null, voted=e534181c-9f5d-4f71-ad0d-cd71b851ae4d, raftlog=e534181c-9f5d-4f71-ad0d-cd71b851ae4d@group-CC68B5F19AD3-SegmentedRaftLog:OPENED:c3,f4,i4, conf=0: [e76b0d72-a5f7-47dd-bc74-8743a5d358b0:192.168.69.89:42489, e534181c-9f5d-4f71-ad0d-cd71b851ae4d:192.168.69.89:44098, f1d6a710-9313-44dc-a005-f0b22c06f92c:192.168.69.89:41254], old=null
2019-10-20 10:18:27,003 [e534181c-9f5d-4f71-ad0d-cd71b851ae4d@group-CC68B5F19AD3-LeaderElection57] INFO  impl.RaftServerImpl (RaftServerImpl.java:setRole(184)) - e534181c-9f5d-4f71-ad0d-cd71b851ae4d@group-CC68B5F19AD3: changes role from CANDIDATE to FOLLOWER at term 49 for DISCOVERED_A_NEW_TERM
2019-10-20 10:18:27,003 [e534181c-9f5d-4f71-ad0d-cd71b851ae4d@group-CC68B5F19AD3-LeaderElection57] INFO  impl.RoleInfo (RoleInfo.java:shutdownLeaderElection(134)) - e534181c-9f5d-4f71-ad0d-cd71b851ae4d: shutdown LeaderElection
2019-10-20 10:18:27,003 [e534181c-9f5d-4f71-ad0d-cd71b851ae4d@group-CC68B5F19AD3-LeaderElection57] INFO  impl.RoleInfo (RoleInfo.java:updateAndGet(143)) - e534181c-9f5d-4f71-ad0d-cd71b851ae4d: start FollowerState
2019-10-20 10:18:27,018 [BlockDeletingService#2] WARN  background.BlockDeletingService (BlockDeletingService.java:isDeletionAllowed(187)) - Close Container log Index 6 is not replicated across allthe servers in the pipeline 119175b0-5d21-4334-a09f-cc68b5f19ad3 as the min replicated index is 4. Deletion is not allowed in this container yet.
2019-10-20 10:18:27,018 [BlockDeletingService#2] WARN  background.BlockDeletingService (BlockDeletingService.java:isDeletionAllowed(187)) - Close Container log Index 6 is not replicated across allthe servers in the pipeline 119175b0-5d21-4334-a09f-cc68b5f19ad3 as the min replicated index is 4. Deletion is not allowed in this container yet.
2019-10-20 10:18:27,021 [Thread-942] INFO  impl.FollowerState (FollowerState.java:run(108)) - e534181c-9f5d-4f71-ad0d-cd71b851ae4d@group-CC68B5F19AD3-FollowerState: change to CANDIDATE, lastRpcTime:18ms, electionTimeout:18ms
2019-10-20 10:18:27,021 [Thread-942] INFO  impl.RoleInfo (RoleInfo.java:shutdownFollowerState(121)) - e534181c-9f5d-4f71-ad0d-cd71b851ae4d: shutdown FollowerState
2019-10-20 10:18:27,022 [Thread-942] INFO  impl.RaftServerImpl (RaftServerImpl.java:setRole(184)) - e534181c-9f5d-4f71-ad0d-cd71b851ae4d@group-CC68B5F19AD3: changes role from  FOLLOWER to CANDIDATE at term 49 for changeToCandidate
2019-10-20 10:18:27,022 [Thread-942] INFO  impl.RoleInfo (RoleInfo.java:updateAndGet(143)) - e534181c-9f5d-4f71-ad0d-cd71b851ae4d: start LeaderElection
2019-10-20 10:18:27,035 [e534181c-9f5d-4f71-ad0d-cd71b851ae4d@group-CC68B5F19AD3-LeaderElection58] INFO  impl.LeaderElection (LeaderElection.java:askForVotes(178)) - e534181c-9f5d-4f71-ad0d-cd71b851ae4d@group-CC68B5F19AD3-LeaderElection58: begin an election at term 50 for 0: [e76b0d72-a5f7-47dd-bc74-8743a5d358b0:192.168.69.89:42489, e534181c-9f5d-4f71-ad0d-cd71b851ae4d:192.168.69.89:44098, f1d6a710-9313-44dc-a005-f0b22c06f92c:192.168.69.89:41254], old=null
2019-10-20 10:18:27,037 [grpc-default-executor-3] INFO  impl.RaftServerImpl (RaftServerImpl.java:setRole(184)) - f1d6a710-9313-44dc-a005-f0b22c06f92c@group-CC68B5F19AD3: changes role from  FOLLOWER to FOLLOWER at term 50 for recognizeCandidate:e534181c-9f5d-4f71-ad0d-cd71b851ae4d
2019-10-20 10:18:27,037 [grpc-default-executor-3] INFO  impl.RoleInfo (RoleInfo.java:shutdownFollowerState(121)) - f1d6a710-9313-44dc-a005-f0b22c06f92c: shutdown FollowerState
2019-10-20 10:18:27,037 [grpc-default-executor-4] INFO  impl.RaftServerImpl (RaftServerImpl.java:setRole(184)) - e76b0d72-a5f7-47dd-bc74-8743a5d358b0@group-CC68B5F19AD3: changes role from  FOLLOWER to FOLLOWER at term 50 for recognizeCandidate:e534181c-9f5d-4f71-ad0d-cd71b851ae4d
2019-10-20 10:18:27,037 [Thread-941] INFO  impl.FollowerState (FollowerState.java:run(117)) - f1d6a710-9313-44dc-a005-f0b22c06f92c@group-CC68B5F19AD3-FollowerState was interrupted: java.lang.InterruptedException: sleep interrupted
2019-10-20 10:18:27,037 [grpc-default-executor-3] INFO  impl.RoleInfo (RoleInfo.java:updateAndGet(143)) - f1d6a710-9313-44dc-a005-f0b22c06f92c: start FollowerState
2019-10-20 10:18:27,037 [grpc-default-executor-4] INFO  impl.RoleInfo (RoleInfo.java:shutdownFollowerState(121)) - e76b0d72-a5f7-47dd-bc74-8743a5d358b0: shutdown FollowerState
2019-10-20 10:18:27,038 [grpc-default-executor-4] INFO  impl.RoleInfo (RoleInfo.java:updateAndGet(143)) - e76b0d72-a5f7-47dd-bc74-8743a5d358b0: start FollowerState
2019-10-20 10:18:27,038 [Thread-940] INFO  impl.FollowerState (FollowerState.java:run(117)) - e76b0d72-a5f7-47dd-bc74-8743a5d358b0@group-CC68B5F19AD3-FollowerState was interrupted: java.lang.InterruptedException: sleep interrupted
2019-10-20 10:18:27,049 [Thread-936] INFO  impl.FollowerState (FollowerState.java:run(108)) - f1d6a710-9313-44dc-a005-f0b22c06f92c@group-9B460392F191-FollowerState: change to CANDIDATE, lastRpcTime:89ms, electionTimeout:89ms
2019-10-20 10:18:27,049 [Thread-936] INFO  impl.RoleInfo (RoleInfo.java:shutdownFollowerState(121)) - f1d6a710-9313-44dc-a005-f0b22c06f92c: shutdown FollowerState
2019-10-20 10:18:27,050 [Thread-936] INFO  impl.RaftServerImpl (RaftServerImpl.java:setRole(184)) - f1d6a710-9313-44dc-a005-f0b22c06f92c@group-9B460392F191: changes role from  FOLLOWER to CANDIDATE at term 10 for changeToCandidate
2019-10-20 10:18:27,050 [Thread-936] INFO  impl.RoleInfo (RoleInfo.java:updateAndGet(143)) - f1d6a710-9313-44dc-a005-f0b22c06f92c: start LeaderElection
2019-10-20 10:18:27,052 [e534181c-9f5d-4f71-ad0d-cd71b851ae4d@group-CC68B5F19AD3-LeaderElection58] INFO  impl.LeaderElection (LeaderElection.java:logAndReturn(56)) - e534181c-9f5d-4f71-ad0d-cd71b851ae4d@group-CC68B5F19AD3-LeaderElection58: Election REJECTED; received 2 response(s) [e534181c-9f5d-4f71-ad0d-cd71b851ae4d<-e76b0d72-a5f7-47dd-bc74-8743a5d358b0#0:FAIL-t50, e534181c-9f5d-4f71-ad0d-cd71b851ae4d<-f1d6a710-9313-44dc-a005-f0b22c06f92c#0:FAIL-t50] and 0 exception(s); e534181c-9f5d-4f71-ad0d-cd71b851ae4d@group-CC68B5F19AD3:t50, leader=null, voted=e534181c-9f5d-4f71-ad0d-cd71b851ae4d, raftlog=e534181c-9f5d-4f71-ad0d-cd71b851ae4d@group-CC68B5F19AD3-SegmentedRaftLog:OPENED:c3,f4,i4, conf=0: [e76b0d72-a5f7-47dd-bc74-8743a5d358b0:192.168.69.89:42489, e534181c-9f5d-4f71-ad0d-cd71b851ae4d:192.168.69.89:44098, f1d6a710-9313-44dc-a005-f0b22c06f92c:192.168.69.89:41254], old=null
2019-10-20 10:18:27,052 [e534181c-9f5d-4f71-ad0d-cd71b851ae4d@group-CC68B5F19AD3-LeaderElection58] INFO  impl.RaftServerImpl (RaftServerImpl.java:setRole(184)) - e534181c-9f5d-4f71-ad0d-cd71b851ae4d@group-CC68B5F19AD3: changes role from CANDIDATE to FOLLOWER at term 50 for DISCOVERED_A_NEW_TERM
2019-10-20 10:18:27,052 [e534181c-9f5d-4f71-ad0d-cd71b851ae4d@group-CC68B5F19AD3-LeaderElection58] INFO  impl.RoleInfo (RoleInfo.java:shutdownLeaderElection(134)) - e534181c-9f5d-4f71-ad0d-cd71b851ae4d: shutdown LeaderElection
2019-10-20 10:18:27,052 [e534181c-9f5d-4f71-ad0d-cd71b851ae4d@group-CC68B5F19AD3-LeaderElection58] INFO  impl.RoleInfo (RoleInfo.java:updateAndGet(143)) - e534181c-9f5d-4f71-ad0d-cd71b851ae4d: start FollowerState
2019-10-20 10:18:27,053 [f1d6a710-9313-44dc-a005-f0b22c06f92c@group-9B460392F191-LeaderElection59] INFO  impl.LeaderElection (LeaderElection.java:askForVotes(178)) - f1d6a710-9313-44dc-a005-f0b22c06f92c@group-9B460392F191-LeaderElection59: begin an election at term 11 for -1: [e76b0d72-a5f7-47dd-bc74-8743a5d358b0:192.168.69.89:42489, e534181c-9f5d-4f71-ad0d-cd71b851ae4d:192.168.69.89:44098, f1d6a710-9313-44dc-a005-f0b22c06f92c:192.168.69.89:41254], old=null
2019-10-20 10:18:27,055 [grpc-default-executor-4] INFO  impl.RaftServerImpl (RaftServerImpl.java:setRole(184)) - e76b0d72-a5f7-47dd-bc74-8743a5d358b0@group-9B460392F191: changes role from  FOLLOWER to FOLLOWER at term 11 for recognizeCandidate:f1d6a710-9313-44dc-a005-f0b22c06f92c
2019-10-20 10:18:27,055 [grpc-default-executor-4] INFO  impl.RoleInfo (RoleInfo.java:shutdownFollowerState(121)) - e76b0d72-a5f7-47dd-bc74-8743a5d358b0: shutdown FollowerState
2019-10-20 10:18:27,055 [grpc-default-executor-3] INFO  impl.RaftServerImpl (RaftServerImpl.java:setRole(184)) - e534181c-9f5d-4f71-ad0d-cd71b851ae4d@group-9B460392F191: changes role from  FOLLOWER to FOLLOWER at term 11 for recognizeCandidate:f1d6a710-9313-44dc-a005-f0b22c06f92c
2019-10-20 10:18:27,056 [grpc-default-executor-4] INFO  impl.RoleInfo (RoleInfo.java:updateAndGet(143)) - e76b0d72-a5f7-47dd-bc74-8743a5d358b0: start FollowerState
2019-10-20 10:18:27,056 [Thread-934] INFO  impl.FollowerState (FollowerState.java:run(117)) - e76b0d72-a5f7-47dd-bc74-8743a5d358b0@group-9B460392F191-FollowerState was interrupted: java.lang.InterruptedException: sleep interrupted
2019-10-20 10:18:27,056 [grpc-default-executor-3] INFO  impl.RoleInfo (RoleInfo.java:shutdownFollowerState(121)) - e534181c-9f5d-4f71-ad0d-cd71b851ae4d: shutdown FollowerState
2019-10-20 10:18:27,056 [grpc-default-executor-3] INFO  impl.RoleInfo (RoleInfo.java:updateAndGet(143)) - e534181c-9f5d-4f71-ad0d-cd71b851ae4d: start FollowerState
2019-10-20 10:18:27,056 [Thread-935] INFO  impl.FollowerState (FollowerState.java:run(117)) - e534181c-9f5d-4f71-ad0d-cd71b851ae4d@group-9B460392F191-FollowerState was interrupted: java.lang.InterruptedException: sleep interrupted
2019-10-20 10:18:27,071 [f1d6a710-9313-44dc-a005-f0b22c06f92c@group-9B460392F191-LeaderElection59] INFO  impl.LeaderElection (LeaderElection.java:logAndReturn(56)) - f1d6a710-9313-44dc-a005-f0b22c06f92c@group-9B460392F191-LeaderElection59: Election REJECTED; received 2 response(s) [f1d6a710-9313-44dc-a005-f0b22c06f92c<-e76b0d72-a5f7-47dd-bc74-8743a5d358b0#0:FAIL-t11, f1d6a710-9313-44dc-a005-f0b22c06f92c<-e534181c-9f5d-4f71-ad0d-cd71b851ae4d#0:FAIL-t11] and 0 exception(s); f1d6a710-9313-44dc-a005-f0b22c06f92c@group-9B460392F191:t11, leader=null, voted=f1d6a710-9313-44dc-a005-f0b22c06f92c, raftlog=f1d6a710-9313-44dc-a005-f0b22c06f92c@group-9B460392F191-SegmentedRaftLog:OPENED:c-1,f-1,i0, conf=-1: [e76b0d72-a5f7-47dd-bc74-8743a5d358b0:192.168.69.89:42489, e534181c-9f5d-4f71-ad0d-cd71b851ae4d:192.168.69.89:44098, f1d6a710-9313-44dc-a005-f0b22c06f92c:192.168.69.89:41254], old=null
2019-10-20 10:18:27,071 [f1d6a710-9313-44dc-a005-f0b22c06f92c@group-9B460392F191-LeaderElection59] INFO  impl.RaftServerImpl (RaftServerImpl.java:setRole(184)) - f1d6a710-9313-44dc-a005-f0b22c06f92c@group-9B460392F191: changes role from CANDIDATE to FOLLOWER at term 11 for DISCOVERED_A_NEW_TERM
2019-10-20 10:18:27,071 [f1d6a710-9313-44dc-a005-f0b22c06f92c@group-9B460392F191-LeaderElection59] INFO  impl.RoleInfo (RoleInfo.java:shutdownLeaderElection(134)) - f1d6a710-9313-44dc-a005-f0b22c06f92c: shutdown LeaderElection
2019-10-20 10:18:27,071 [f1d6a710-9313-44dc-a005-f0b22c06f92c@group-9B460392F191-LeaderElection59] INFO  impl.RoleInfo (RoleInfo.java:updateAndGet(143)) - f1d6a710-9313-44dc-a005-f0b22c06f92c: start FollowerState
2019-10-20 10:18:27,121 [Thread-956] INFO  impl.FollowerState (FollowerState.java:run(108)) - f1d6a710-9313-44dc-a005-f0b22c06f92c@group-9B460392F191-FollowerState: change to CANDIDATE, lastRpcTime:50ms, electionTimeout:50ms
2019-10-20 10:18:27,122 [Thread-956] INFO  impl.RoleInfo (RoleInfo.java:shutdownFollowerState(121)) - f1d6a710-9313-44dc-a005-f0b22c06f92c: shutdown FollowerState
2019-10-20 10:18:27,122 [Thread-956] INFO  impl.RaftServerImpl (RaftServerImpl.java:setRole(184)) - f1d6a710-9313-44dc-a005-f0b22c06f92c@group-9B460392F191: changes role from  FOLLOWER to CANDIDATE at term 11 for changeToCandidate
2019-10-20 10:18:27,122 [Thread-956] INFO  impl.RoleInfo (RoleInfo.java:updateAndGet(143)) - f1d6a710-9313-44dc-a005-f0b22c06f92c: start LeaderElection
2019-10-20 10:18:27,135 [f1d6a710-9313-44dc-a005-f0b22c06f92c@group-9B460392F191-LeaderElection60] INFO  impl.LeaderElection (LeaderElection.java:askForVotes(178)) - f1d6a710-9313-44dc-a005-f0b22c06f92c@group-9B460392F191-LeaderElection60: begin an election at term 12 for -1: [e76b0d72-a5f7-47dd-bc74-8743a5d358b0:192.168.69.89:42489, e534181c-9f5d-4f71-ad0d-cd71b851ae4d:192.168.69.89:44098, f1d6a710-9313-44dc-a005-f0b22c06f92c:192.168.69.89:41254], old=null
2019-10-20 10:18:27,137 [grpc-default-executor-4] INFO  impl.RaftServerImpl (RaftServerImpl.java:setRole(184)) - e76b0d72-a5f7-47dd-bc74-8743a5d358b0@group-9B460392F191: changes role from  FOLLOWER to FOLLOWER at term 12 for recognizeCandidate:f1d6a710-9313-44dc-a005-f0b22c06f92c
2019-10-20 10:18:27,137 [grpc-default-executor-3] INFO  impl.RaftServerImpl (RaftServerImpl.java:setRole(184)) - e534181c-9f5d-4f71-ad0d-cd71b851ae4d@group-9B460392F191: changes role from  FOLLOWER to FOLLOWER at term 12 for recognizeCandidate:f1d6a710-9313-44dc-a005-f0b22c06f92c
2019-10-20 10:18:27,138 [grpc-default-executor-4] INFO  impl.RoleInfo (RoleInfo.java:shutdownFollowerState(121)) - e76b0d72-a5f7-47dd-bc74-8743a5d358b0: shutdown FollowerState
2019-10-20 10:18:27,138 [grpc-default-executor-3] INFO  impl.RoleInfo (RoleInfo.java:shutdownFollowerState(121)) - e534181c-9f5d-4f71-ad0d-cd71b851ae4d: shutdown FollowerState
2019-10-20 10:18:27,138 [grpc-default-executor-4] INFO  impl.RoleInfo (RoleInfo.java:updateAndGet(143)) - e76b0d72-a5f7-47dd-bc74-8743a5d358b0: start FollowerState
2019-10-20 10:18:27,138 [Thread-955] INFO  impl.FollowerState (FollowerState.java:run(117)) - e534181c-9f5d-4f71-ad0d-cd71b851ae4d@group-9B460392F191-FollowerState was interrupted: java.lang.InterruptedException: sleep interrupted
2019-10-20 10:18:27,138 [grpc-default-executor-3] INFO  impl.RoleInfo (RoleInfo.java:updateAndGet(143)) - e534181c-9f5d-4f71-ad0d-cd71b851ae4d: start FollowerState
2019-10-20 10:18:27,138 [Thread-954] INFO  impl.FollowerState (FollowerState.java:run(117)) - e76b0d72-a5f7-47dd-bc74-8743a5d358b0@group-9B460392F191-FollowerState was interrupted: java.lang.InterruptedException: sleep interrupted
2019-10-20 10:18:27,156 [f1d6a710-9313-44dc-a005-f0b22c06f92c@group-9B460392F191-LeaderElection60] INFO  impl.LeaderElection (LeaderElection.java:logAndReturn(56)) - f1d6a710-9313-44dc-a005-f0b22c06f92c@group-9B460392F191-LeaderElection60: Election REJECTED; received 2 response(s) [f1d6a710-9313-44dc-a005-f0b22c06f92c<-e76b0d72-a5f7-47dd-bc74-8743a5d358b0#0:FAIL-t12, f1d6a710-9313-44dc-a005-f0b22c06f92c<-e534181c-9f5d-4f71-ad0d-cd71b851ae4d#0:FAIL-t12] and 0 exception(s); f1d6a710-9313-44dc-a005-f0b22c06f92c@group-9B460392F191:t12, leader=null, voted=f1d6a710-9313-44dc-a005-f0b22c06f92c, raftlog=f1d6a710-9313-44dc-a005-f0b22c06f92c@group-9B460392F191-SegmentedRaftLog:OPENED:c-1,f-1,i0, conf=-1: [e76b0d72-a5f7-47dd-bc74-8743a5d358b0:192.168.69.89:42489, e534181c-9f5d-4f71-ad0d-cd71b851ae4d:192.168.69.89:44098, f1d6a710-9313-44dc-a005-f0b22c06f92c:192.168.69.89:41254], old=null
2019-10-20 10:18:27,156 [f1d6a710-9313-44dc-a005-f0b22c06f92c@group-9B460392F191-LeaderElection60] INFO  impl.RaftServerImpl (RaftServerImpl.java:setRole(184)) - f1d6a710-9313-44dc-a005-f0b22c06f92c@group-9B460392F191: changes role from CANDIDATE to FOLLOWER at term 12 for DISCOVERED_A_NEW_TERM
2019-10-20 10:18:27,156 [f1d6a710-9313-44dc-a005-f0b22c06f92c@group-9B460392F191-LeaderElection60] INFO  impl.RoleInfo (RoleInfo.java:shutdownLeaderElection(134)) - f1d6a710-9313-44dc-a005-f0b22c06f92c: shutdown LeaderElection
2019-10-20 10:18:27,156 [f1d6a710-9313-44dc-a005-f0b22c06f92c@group-9B460392F191-LeaderElection60] INFO  impl.RoleInfo (RoleInfo.java:updateAndGet(143)) - f1d6a710-9313-44dc-a005-f0b22c06f92c: start FollowerState
2019-10-20 10:18:27,219 [Thread-962] INFO  impl.FollowerState (FollowerState.java:run(108)) - f1d6a710-9313-44dc-a005-f0b22c06f92c@group-9B460392F191-FollowerState: change to CANDIDATE, lastRpcTime:62ms, electionTimeout:62ms
2019-10-20 10:18:27,219 [Thread-962] INFO  impl.RoleInfo (RoleInfo.java:shutdownFollowerState(121)) - f1d6a710-9313-44dc-a005-f0b22c06f92c: shutdown FollowerState
2019-10-20 10:18:27,219 [Thread-962] INFO  impl.RaftServerImpl (RaftServerImpl.java:setRole(184)) - f1d6a710-9313-44dc-a005-f0b22c06f92c@group-9B460392F191: changes role from  FOLLOWER to CANDIDATE at term 12 for changeToCandidate
2019-10-20 10:18:27,219 [Thread-962] INFO  impl.RoleInfo (RoleInfo.java:updateAndGet(143)) - f1d6a710-9313-44dc-a005-f0b22c06f92c: start LeaderElection
2019-10-20 10:18:27,230 [Thread-951] INFO  impl.FollowerState (FollowerState.java:run(108)) - e534181c-9f5d-4f71-ad0d-cd71b851ae4d@group-CC68B5F19AD3-FollowerState: change to CANDIDATE, lastRpcTime:178ms, electionTimeout:178ms
2019-10-20 10:18:27,230 [Thread-951] INFO  impl.RoleInfo (RoleInfo.java:shutdownFollowerState(121)) - e534181c-9f5d-4f71-ad0d-cd71b851ae4d: shutdown FollowerState
2019-10-20 10:18:27,231 [Thread-951] INFO  impl.RaftServerImpl (RaftServerImpl.java:setRole(184)) - e534181c-9f5d-4f71-ad0d-cd71b851ae4d@group-CC68B5F19AD3: changes role from  FOLLOWER to CANDIDATE at term 50 for changeToCandidate
2019-10-20 10:18:27,231 [Thread-951] INFO  impl.RoleInfo (RoleInfo.java:updateAndGet(143)) - e534181c-9f5d-4f71-ad0d-cd71b851ae4d: start LeaderElection
2019-10-20 10:18:27,232 [f1d6a710-9313-44dc-a005-f0b22c06f92c@group-9B460392F191-LeaderElection61] INFO  impl.LeaderElection (LeaderElection.java:askForVotes(178)) - f1d6a710-9313-44dc-a005-f0b22c06f92c@group-9B460392F191-LeaderElection61: begin an election at term 13 for -1: [e76b0d72-a5f7-47dd-bc74-8743a5d358b0:192.168.69.89:42489, e534181c-9f5d-4f71-ad0d-cd71b851ae4d:192.168.69.89:44098, f1d6a710-9313-44dc-a005-f0b22c06f92c:192.168.69.89:41254], old=null
2019-10-20 10:18:27,234 [grpc-default-executor-4] INFO  impl.RaftServerImpl (RaftServerImpl.java:setRole(184)) - e76b0d72-a5f7-47dd-bc74-8743a5d358b0@group-9B460392F191: changes role from  FOLLOWER to FOLLOWER at term 13 for recognizeCandidate:f1d6a710-9313-44dc-a005-f0b22c06f92c
2019-10-20 10:18:27,234 [grpc-default-executor-3] INFO  impl.RaftServerImpl (RaftServerImpl.java:setRole(184)) - e534181c-9f5d-4f71-ad0d-cd71b851ae4d@group-9B460392F191: changes role from  FOLLOWER to FOLLOWER at term 13 for recognizeCandidate:f1d6a710-9313-44dc-a005-f0b22c06f92c
2019-10-20 10:18:27,234 [grpc-default-executor-4] INFO  impl.RoleInfo (RoleInfo.java:shutdownFollowerState(121)) - e76b0d72-a5f7-47dd-bc74-8743a5d358b0: shutdown FollowerState
2019-10-20 10:18:27,235 [grpc-default-executor-3] INFO  impl.RoleInfo (RoleInfo.java:shutdownFollowerState(121)) - e534181c-9f5d-4f71-ad0d-cd71b851ae4d: shutdown FollowerState
2019-10-20 10:18:27,235 [Thread-960] INFO  impl.FollowerState (FollowerState.java:run(117)) - e76b0d72-a5f7-47dd-bc74-8743a5d358b0@group-9B460392F191-FollowerState was interrupted: java.lang.InterruptedException: sleep interrupted
2019-10-20 10:18:27,235 [grpc-default-executor-3] INFO  impl.RoleInfo (RoleInfo.java:updateAndGet(143)) - e534181c-9f5d-4f71-ad0d-cd71b851ae4d: start FollowerState
2019-10-20 10:18:27,235 [grpc-default-executor-4] INFO  impl.RoleInfo (RoleInfo.java:updateAndGet(143)) - e76b0d72-a5f7-47dd-bc74-8743a5d358b0: start FollowerState
2019-10-20 10:18:27,235 [Thread-961] INFO  impl.FollowerState (FollowerState.java:run(117)) - e534181c-9f5d-4f71-ad0d-cd71b851ae4d@group-9B460392F191-FollowerState was interrupted: java.lang.InterruptedException: sleep interrupted
2019-10-20 10:18:27,236 [e534181c-9f5d-4f71-ad0d-cd71b851ae4d@group-CC68B5F19AD3-LeaderElection62] INFO  impl.LeaderElection (LeaderElection.java:askForVotes(178)) - e534181c-9f5d-4f71-ad0d-cd71b851ae4d@group-CC68B5F19AD3-LeaderElection62: begin an election at term 51 for 0: [e76b0d72-a5f7-47dd-bc74-8743a5d358b0:192.168.69.89:42489, e534181c-9f5d-4f71-ad0d-cd71b851ae4d:192.168.69.89:44098, f1d6a710-9313-44dc-a005-f0b22c06f92c:192.168.69.89:41254], old=null
2019-10-20 10:18:27,238 [grpc-default-executor-8] INFO  impl.RaftServerImpl (RaftServerImpl.java:setRole(184)) - e76b0d72-a5f7-47dd-bc74-8743a5d358b0@group-CC68B5F19AD3: changes role from  FOLLOWER to FOLLOWER at term 51 for recognizeCandidate:e534181c-9f5d-4f71-ad0d-cd71b851ae4d
2019-10-20 10:18:27,238 [grpc-default-executor-8] INFO  impl.RoleInfo (RoleInfo.java:shutdownFollowerState(121)) - e76b0d72-a5f7-47dd-bc74-8743a5d358b0: shutdown FollowerState
2019-10-20 10:18:27,238 [grpc-default-executor-8] INFO  impl.RoleInfo (RoleInfo.java:updateAndGet(143)) - e76b0d72-a5f7-47dd-bc74-8743a5d358b0: start FollowerState
2019-10-20 10:18:27,238 [Thread-949] INFO  impl.FollowerState (FollowerState.java:run(117)) - e76b0d72-a5f7-47dd-bc74-8743a5d358b0@group-CC68B5F19AD3-FollowerState was interrupted: java.lang.InterruptedException: sleep interrupted
2019-10-20 10:18:27,238 [grpc-default-executor-5] INFO  impl.RaftServerImpl (RaftServerImpl.java:setRole(184)) - f1d6a710-9313-44dc-a005-f0b22c06f92c@group-CC68B5F19AD3: changes role from  FOLLOWER to FOLLOWER at term 51 for recognizeCandidate:e534181c-9f5d-4f71-ad0d-cd71b851ae4d
2019-10-20 10:18:27,238 [grpc-default-executor-5] INFO  impl.RoleInfo (RoleInfo.java:shutdownFollowerState(121)) - f1d6a710-9313-44dc-a005-f0b22c06f92c: shutdown FollowerState
2019-10-20 10:18:27,239 [grpc-default-executor-5] INFO  impl.RoleInfo (RoleInfo.java:updateAndGet(143)) - f1d6a710-9313-44dc-a005-f0b22c06f92c: start FollowerState
2019-10-20 10:18:27,239 [Thread-948] INFO  impl.FollowerState (FollowerState.java:run(117)) - f1d6a710-9313-44dc-a005-f0b22c06f92c@group-CC68B5F19AD3-FollowerState was interrupted: java.lang.InterruptedException: sleep interrupted
2019-10-20 10:18:27,239 [f1d6a710-9313-44dc-a005-f0b22c06f92c@group-9B460392F191-LeaderElection61] INFO  impl.LeaderElection (LeaderElection.java:logAndReturn(56)) - f1d6a710-9313-44dc-a005-f0b22c06f92c@group-9B460392F191-LeaderElection61: Election REJECTED; received 2 response(s) [f1d6a710-9313-44dc-a005-f0b22c06f92c<-e76b0d72-a5f7-47dd-bc74-8743a5d358b0#0:FAIL-t13, f1d6a710-9313-44dc-a005-f0b22c06f92c<-e534181c-9f5d-4f71-ad0d-cd71b851ae4d#0:FAIL-t13] and 0 exception(s); f1d6a710-9313-44dc-a005-f0b22c06f92c@group-9B460392F191:t13, leader=null, voted=f1d6a710-9313-44dc-a005-f0b22c06f92c, raftlog=f1d6a710-9313-44dc-a005-f0b22c06f92c@group-9B460392F191-SegmentedRaftLog:OPENED:c-1,f-1,i0, conf=-1: [e76b0d72-a5f7-47dd-bc74-8743a5d358b0:192.168.69.89:42489, e534181c-9f5d-4f71-ad0d-cd71b851ae4d:192.168.69.89:44098, f1d6a710-9313-44dc-a005-f0b22c06f92c:192.168.69.89:41254], old=null
2019-10-20 10:18:27,239 [f1d6a710-9313-44dc-a005-f0b22c06f92c@group-9B460392F191-LeaderElection61] INFO  impl.RaftServerImpl (RaftServerImpl.java:setRole(184)) - f1d6a710-9313-44dc-a005-f0b22c06f92c@group-9B460392F191: changes role from CANDIDATE to FOLLOWER at term 13 for DISCOVERED_A_NEW_TERM
2019-10-20 10:18:27,239 [f1d6a710-9313-44dc-a005-f0b22c06f92c@group-9B460392F191-LeaderElection61] INFO  impl.RoleInfo (RoleInfo.java:shutdownLeaderElection(134)) - f1d6a710-9313-44dc-a005-f0b22c06f92c: shutdown LeaderElection
2019-10-20 10:18:27,239 [f1d6a710-9313-44dc-a005-f0b22c06f92c@group-9B460392F191-LeaderElection61] INFO  impl.RoleInfo (RoleInfo.java:updateAndGet(143)) - f1d6a710-9313-44dc-a005-f0b22c06f92c: start FollowerState
2019-10-20 10:18:27,252 [e534181c-9f5d-4f71-ad0d-cd71b851ae4d@group-CC68B5F19AD3-LeaderElection62] INFO  impl.LeaderElection (LeaderElection.java:logAndReturn(56)) - e534181c-9f5d-4f71-ad0d-cd71b851ae4d@group-CC68B5F19AD3-LeaderElection62: Election REJECTED; received 2 response(s) [e534181c-9f5d-4f71-ad0d-cd71b851ae4d<-e76b0d72-a5f7-47dd-bc74-8743a5d358b0#0:FAIL-t51, e534181c-9f5d-4f71-ad0d-cd71b851ae4d<-f1d6a710-9313-44dc-a005-f0b22c06f92c#0:FAIL-t51] and 0 exception(s); e534181c-9f5d-4f71-ad0d-cd71b851ae4d@group-CC68B5F19AD3:t51, leader=null, voted=e534181c-9f5d-4f71-ad0d-cd71b851ae4d, raftlog=e534181c-9f5d-4f71-ad0d-cd71b851ae4d@group-CC68B5F19AD3-SegmentedRaftLog:OPENED:c3,f4,i4, conf=0: [e76b0d72-a5f7-47dd-bc74-8743a5d358b0:192.168.69.89:42489, e534181c-9f5d-4f71-ad0d-cd71b851ae4d:192.168.69.89:44098, f1d6a710-9313-44dc-a005-f0b22c06f92c:192.168.69.89:41254], old=null
2019-10-20 10:18:27,252 [e534181c-9f5d-4f71-ad0d-cd71b851ae4d@group-CC68B5F19AD3-LeaderElection62] INFO  impl.RaftServerImpl (RaftServerImpl.java:setRole(184)) - e534181c-9f5d-4f71-ad0d-cd71b851ae4d@group-CC68B5F19AD3: changes role from CANDIDATE to FOLLOWER at term 51 for DISCOVERED_A_NEW_TERM
2019-10-20 10:18:27,253 [e534181c-9f5d-4f71-ad0d-cd71b851ae4d@group-CC68B5F19AD3-LeaderElection62] INFO  impl.RoleInfo (RoleInfo.java:shutdownLeaderElection(134)) - e534181c-9f5d-4f71-ad0d-cd71b851ae4d: shutdown LeaderElection
2019-10-20 10:18:27,253 [e534181c-9f5d-4f71-ad0d-cd71b851ae4d@group-CC68B5F19AD3-LeaderElection62] INFO  impl.RoleInfo (RoleInfo.java:updateAndGet(143)) - e534181c-9f5d-4f71-ad0d-cd71b851ae4d: start FollowerState
2019-10-20 10:18:27,254 [Thread-974] INFO  impl.FollowerState (FollowerState.java:run(108)) - e534181c-9f5d-4f71-ad0d-cd71b851ae4d@group-CC68B5F19AD3-FollowerState: change to CANDIDATE, lastRpcTime:1ms, electionTimeout:1ms
2019-10-20 10:18:27,254 [Thread-974] INFO  impl.RoleInfo (RoleInfo.java:shutdownFollowerState(121)) - e534181c-9f5d-4f71-ad0d-cd71b851ae4d: shutdown FollowerState
2019-10-20 10:18:27,254 [Thread-974] INFO  impl.RaftServerImpl (RaftServerImpl.java:setRole(184)) - e534181c-9f5d-4f71-ad0d-cd71b851ae4d@group-CC68B5F19AD3: changes role from  FOLLOWER to CANDIDATE at term 51 for changeToCandidate
2019-10-20 10:18:27,254 [Thread-974] INFO  impl.RoleInfo (RoleInfo.java:updateAndGet(143)) - e534181c-9f5d-4f71-ad0d-cd71b851ae4d: start LeaderElection
2019-10-20 10:18:27,268 [e534181c-9f5d-4f71-ad0d-cd71b851ae4d@group-CC68B5F19AD3-LeaderElection63] INFO  impl.LeaderElection (LeaderElection.java:askForVotes(178)) - e534181c-9f5d-4f71-ad0d-cd71b851ae4d@group-CC68B5F19AD3-LeaderElection63: begin an election at term 52 for 0: [e76b0d72-a5f7-47dd-bc74-8743a5d358b0:192.168.69.89:42489, e534181c-9f5d-4f71-ad0d-cd71b851ae4d:192.168.69.89:44098, f1d6a710-9313-44dc-a005-f0b22c06f92c:192.168.69.89:41254], old=null
2019-10-20 10:18:27,271 [grpc-default-executor-5] INFO  impl.RaftServerImpl (RaftServerImpl.java:setRole(184)) - e76b0d72-a5f7-47dd-bc74-8743a5d358b0@group-CC68B5F19AD3: changes role from  FOLLOWER to FOLLOWER at term 52 for recognizeCandidate:e534181c-9f5d-4f71-ad0d-cd71b851ae4d
2019-10-20 10:18:27,271 [grpc-default-executor-8] INFO  impl.RaftServerImpl (RaftServerImpl.java:setRole(184)) - f1d6a710-9313-44dc-a005-f0b22c06f92c@group-CC68B5F19AD3: changes role from  FOLLOWER to FOLLOWER at term 52 for recognizeCandidate:e534181c-9f5d-4f71-ad0d-cd71b851ae4d
2019-10-20 10:18:27,271 [grpc-default-executor-5] INFO  impl.RoleInfo (RoleInfo.java:shutdownFollowerState(121)) - e76b0d72-a5f7-47dd-bc74-8743a5d358b0: shutdown FollowerState
2019-10-20 10:18:27,271 [grpc-default-executor-8] INFO  impl.RoleInfo (RoleInfo.java:shutdownFollowerState(121)) - f1d6a710-9313-44dc-a005-f0b22c06f92c: shutdown FollowerState
2019-10-20 10:18:27,271 [Thread-971] INFO  impl.FollowerState (FollowerState.java:run(117)) - e76b0d72-a5f7-47dd-bc74-8743a5d358b0@group-CC68B5F19AD3-FollowerState was interrupted: java.lang.InterruptedException: sleep interrupted
2019-10-20 10:18:27,271 [grpc-default-executor-5] INFO  impl.RoleInfo (RoleInfo.java:updateAndGet(143)) - e76b0d72-a5f7-47dd-bc74-8743a5d358b0: start FollowerState
2019-10-20 10:18:27,271 [Thread-972] INFO  impl.FollowerState (FollowerState.java:run(117)) - f1d6a710-9313-44dc-a005-f0b22c06f92c@group-CC68B5F19AD3-FollowerState was interrupted: java.lang.InterruptedException: sleep interrupted
2019-10-20 10:18:27,271 [grpc-default-executor-8] INFO  impl.RoleInfo (RoleInfo.java:updateAndGet(143)) - f1d6a710-9313-44dc-a005-f0b22c06f92c: start FollowerState
2019-10-20 10:18:27,286 [e534181c-9f5d-4f71-ad0d-cd71b851ae4d@group-CC68B5F19AD3-LeaderElection63] INFO  impl.LeaderElection (LeaderElection.java:logAndReturn(56)) - e534181c-9f5d-4f71-ad0d-cd71b851ae4d@group-CC68B5F19AD3-LeaderElection63: Election REJECTED; received 2 response(s) [e534181c-9f5d-4f71-ad0d-cd71b851ae4d<-e76b0d72-a5f7-47dd-bc74-8743a5d358b0#0:FAIL-t52, e534181c-9f5d-4f71-ad0d-cd71b851ae4d<-f1d6a710-9313-44dc-a005-f0b22c06f92c#0:FAIL-t52] and 0 exception(s); e534181c-9f5d-4f71-ad0d-cd71b851ae4d@group-CC68B5F19AD3:t52, leader=null, voted=e534181c-9f5d-4f71-ad0d-cd71b851ae4d, raftlog=e534181c-9f5d-4f71-ad0d-cd71b851ae4d@group-CC68B5F19AD3-SegmentedRaftLog:OPENED:c3,f4,i4, conf=0: [e76b0d72-a5f7-47dd-bc74-8743a5d358b0:192.168.69.89:42489, e534181c-9f5d-4f71-ad0d-cd71b851ae4d:192.168.69.89:44098, f1d6a710-9313-44dc-a005-f0b22c06f92c:192.168.69.89:41254], old=null
2019-10-20 10:18:27,286 [e534181c-9f5d-4f71-ad0d-cd71b851ae4d@group-CC68B5F19AD3-LeaderElection63] INFO  impl.RaftServerImpl (RaftServerImpl.java:setRole(184)) - e534181c-9f5d-4f71-ad0d-cd71b851ae4d@group-CC68B5F19AD3: changes role from CANDIDATE to FOLLOWER at term 52 for DISCOVERED_A_NEW_TERM
2019-10-20 10:18:27,286 [e534181c-9f5d-4f71-ad0d-cd71b851ae4d@group-CC68B5F19AD3-LeaderElection63] INFO  impl.RoleInfo (RoleInfo.java:shutdownLeaderElection(134)) - e534181c-9f5d-4f71-ad0d-cd71b851ae4d: shutdown LeaderElection
2019-10-20 10:18:27,286 [e534181c-9f5d-4f71-ad0d-cd71b851ae4d@group-CC68B5F19AD3-LeaderElection63] INFO  impl.RoleInfo (RoleInfo.java:updateAndGet(143)) - e534181c-9f5d-4f71-ad0d-cd71b851ae4d: start FollowerState
2019-10-20 10:18:27,365 [Thread-973] INFO  impl.FollowerState (FollowerState.java:run(108)) - f1d6a710-9313-44dc-a005-f0b22c06f92c@group-9B460392F191-FollowerState: change to CANDIDATE, lastRpcTime:125ms, electionTimeout:125ms
2019-10-20 10:18:27,365 [Thread-973] INFO  impl.RoleInfo (RoleInfo.java:shutdownFollowerState(121)) - f1d6a710-9313-44dc-a005-f0b22c06f92c: shutdown FollowerState
2019-10-20 10:18:27,365 [Thread-973] INFO  impl.RaftServerImpl (RaftServerImpl.java:setRole(184)) - f1d6a710-9313-44dc-a005-f0b22c06f92c@group-9B460392F191: changes role from  FOLLOWER to CANDIDATE at term 13 for changeToCandidate
2019-10-20 10:18:27,365 [Thread-973] INFO  impl.RoleInfo (RoleInfo.java:updateAndGet(143)) - f1d6a710-9313-44dc-a005-f0b22c06f92c: start LeaderElection
2019-10-20 10:18:27,380 [f1d6a710-9313-44dc-a005-f0b22c06f92c@group-9B460392F191-LeaderElection64] INFO  impl.LeaderElection (LeaderElection.java:askForVotes(178)) - f1d6a710-9313-44dc-a005-f0b22c06f92c@group-9B460392F191-LeaderElection64: begin an election at term 14 for -1: [e76b0d72-a5f7-47dd-bc74-8743a5d358b0:192.168.69.89:42489, e534181c-9f5d-4f71-ad0d-cd71b851ae4d:192.168.69.89:44098, f1d6a710-9313-44dc-a005-f0b22c06f92c:192.168.69.89:41254], old=null
2019-10-20 10:18:27,382 [grpc-default-executor-5] INFO  impl.RaftServerImpl (RaftServerImpl.java:setRole(184)) - e76b0d72-a5f7-47dd-bc74-8743a5d358b0@group-9B460392F191: changes role from  FOLLOWER to FOLLOWER at term 14 for recognizeCandidate:f1d6a710-9313-44dc-a005-f0b22c06f92c
2019-10-20 10:18:27,383 [grpc-default-executor-5] INFO  impl.RoleInfo (RoleInfo.java:shutdownFollowerState(121)) - e76b0d72-a5f7-47dd-bc74-8743a5d358b0: shutdown FollowerState
2019-10-20 10:18:27,383 [grpc-default-executor-5] INFO  impl.RoleInfo (RoleInfo.java:updateAndGet(143)) - e76b0d72-a5f7-47dd-bc74-8743a5d358b0: start FollowerState
2019-10-20 10:18:27,383 [Thread-967] INFO  impl.FollowerState (FollowerState.java:run(117)) - e76b0d72-a5f7-47dd-bc74-8743a5d358b0@group-9B460392F191-FollowerState was interrupted: java.lang.InterruptedException: sleep interrupted
2019-10-20 10:18:27,383 [grpc-default-executor-8] INFO  impl.RaftServerImpl (RaftServerImpl.java:setRole(184)) - e534181c-9f5d-4f71-ad0d-cd71b851ae4d@group-9B460392F191: changes role from  FOLLOWER to FOLLOWER at term 14 for recognizeCandidate:f1d6a710-9313-44dc-a005-f0b22c06f92c
2019-10-20 10:18:27,383 [grpc-default-executor-8] INFO  impl.RoleInfo (RoleInfo.java:shutdownFollowerState(121)) - e534181c-9f5d-4f71-ad0d-cd71b851ae4d: shutdown FollowerState
2019-10-20 10:18:27,383 [grpc-default-executor-8] INFO  impl.RoleInfo (RoleInfo.java:updateAndGet(143)) - e534181c-9f5d-4f71-ad0d-cd71b851ae4d: start FollowerState
2019-10-20 10:18:27,383 [Thread-968] INFO  impl.FollowerState (FollowerState.java:run(117)) - e534181c-9f5d-4f71-ad0d-cd71b851ae4d@group-9B460392F191-FollowerState was interrupted: java.lang.InterruptedException: sleep interrupted
2019-10-20 10:18:27,420 [f1d6a710-9313-44dc-a005-f0b22c06f92c@group-9B460392F191-LeaderElection64] INFO  impl.LeaderElection (LeaderElection.java:logAndReturn(56)) - f1d6a710-9313-44dc-a005-f0b22c06f92c@group-9B460392F191-LeaderElection64: Election REJECTED; received 2 response(s) [f1d6a710-9313-44dc-a005-f0b22c06f92c<-e76b0d72-a5f7-47dd-bc74-8743a5d358b0#0:FAIL-t14, f1d6a710-9313-44dc-a005-f0b22c06f92c<-e534181c-9f5d-4f71-ad0d-cd71b851ae4d#0:FAIL-t14] and 0 exception(s); f1d6a710-9313-44dc-a005-f0b22c06f92c@group-9B460392F191:t14, leader=null, voted=f1d6a710-9313-44dc-a005-f0b22c06f92c, raftlog=f1d6a710-9313-44dc-a005-f0b22c06f92c@group-9B460392F191-SegmentedRaftLog:OPENED:c-1,f-1,i0, conf=-1: [e76b0d72-a5f7-47dd-bc74-8743a5d358b0:192.168.69.89:42489, e534181c-9f5d-4f71-ad0d-cd71b851ae4d:192.168.69.89:44098, f1d6a710-9313-44dc-a005-f0b22c06f92c:192.168.69.89:41254], old=null
2019-10-20 10:18:27,420 [f1d6a710-9313-44dc-a005-f0b22c06f92c@group-9B460392F191-LeaderElection64] INFO  impl.RaftServerImpl (RaftServerImpl.java:setRole(184)) - f1d6a710-9313-44dc-a005-f0b22c06f92c@group-9B460392F191: changes role from CANDIDATE to FOLLOWER at term 14 for DISCOVERED_A_NEW_TERM
2019-10-20 10:18:27,420 [f1d6a710-9313-44dc-a005-f0b22c06f92c@group-9B460392F191-LeaderElection64] INFO  impl.RoleInfo (RoleInfo.java:shutdownLeaderElection(134)) - f1d6a710-9313-44dc-a005-f0b22c06f92c: shutdown LeaderElection
2019-10-20 10:18:27,420 [f1d6a710-9313-44dc-a005-f0b22c06f92c@group-9B460392F191-LeaderElection64] INFO  impl.RoleInfo (RoleInfo.java:updateAndGet(143)) - f1d6a710-9313-44dc-a005-f0b22c06f92c: start FollowerState
2019-10-20 10:18:27,470 [Thread-980] INFO  impl.FollowerState (FollowerState.java:run(108)) - e534181c-9f5d-4f71-ad0d-cd71b851ae4d@group-CC68B5F19AD3-FollowerState: change to CANDIDATE, lastRpcTime:183ms, electionTimeout:183ms
2019-10-20 10:18:27,470 [Thread-980] INFO  impl.RoleInfo (RoleInfo.java:shutdownFollowerState(121)) - e534181c-9f5d-4f71-ad0d-cd71b851ae4d: shutdown FollowerState
2019-10-20 10:18:27,470 [Thread-980] INFO  impl.RaftServerImpl (RaftServerImpl.java:setRole(184)) - e534181c-9f5d-4f71-ad0d-cd71b851ae4d@group-CC68B5F19AD3: changes role from  FOLLOWER to CANDIDATE at term 52 for changeToCandidate
2019-10-20 10:18:27,470 [Thread-980] INFO  impl.RoleInfo (RoleInfo.java:updateAndGet(143)) - e534181c-9f5d-4f71-ad0d-cd71b851ae4d: start LeaderElection
2019-10-20 10:18:27,474 [Thread-986] INFO  impl.FollowerState (FollowerState.java:run(108)) - f1d6a710-9313-44dc-a005-f0b22c06f92c@group-9B460392F191-FollowerState: change to CANDIDATE, lastRpcTime:53ms, electionTimeout:53ms
2019-10-20 10:18:27,474 [Thread-986] INFO  impl.RoleInfo (RoleInfo.java:shutdownFollowerState(121)) - f1d6a710-9313-44dc-a005-f0b22c06f92c: shutdown FollowerState
2019-10-20 10:18:27,474 [Thread-986] INFO  impl.RaftServerImpl (RaftServerImpl.java:setRole(184)) - f1d6a710-9313-44dc-a005-f0b22c06f92c@group-9B460392F191: changes role from  FOLLOWER to CANDIDATE at term 14 for changeToCandidate
2019-10-20 10:18:27,474 [Thread-986] INFO  impl.RoleInfo (RoleInfo.java:updateAndGet(143)) - f1d6a710-9313-44dc-a005-f0b22c06f92c: start LeaderElection
2019-10-20 10:18:27,485 [e534181c-9f5d-4f71-ad0d-cd71b851ae4d@group-CC68B5F19AD3-LeaderElection65] INFO  impl.LeaderElection (LeaderElection.java:askForVotes(178)) - e534181c-9f5d-4f71-ad0d-cd71b851ae4d@group-CC68B5F19AD3-LeaderElection65: begin an election at term 53 for 0: [e76b0d72-a5f7-47dd-bc74-8743a5d358b0:192.168.69.89:42489, e534181c-9f5d-4f71-ad0d-cd71b851ae4d:192.168.69.89:44098, f1d6a710-9313-44dc-a005-f0b22c06f92c:192.168.69.89:41254], old=null
2019-10-20 10:18:27,485 [f1d6a710-9313-44dc-a005-f0b22c06f92c@group-9B460392F191-LeaderElection66] INFO  impl.LeaderElection (LeaderElection.java:askForVotes(178)) - f1d6a710-9313-44dc-a005-f0b22c06f92c@group-9B460392F191-LeaderElection66: begin an election at term 15 for -1: [e76b0d72-a5f7-47dd-bc74-8743a5d358b0:192.168.69.89:42489, e534181c-9f5d-4f71-ad0d-cd71b851ae4d:192.168.69.89:44098, f1d6a710-9313-44dc-a005-f0b22c06f92c:192.168.69.89:41254], old=null
2019-10-20 10:18:27,488 [grpc-default-executor-5] INFO  impl.RaftServerImpl (RaftServerImpl.java:setRole(184)) - e76b0d72-a5f7-47dd-bc74-8743a5d358b0@group-CC68B5F19AD3: changes role from  FOLLOWER to FOLLOWER at term 53 for recognizeCandidate:e534181c-9f5d-4f71-ad0d-cd71b851ae4d
2019-10-20 10:18:27,488 [grpc-default-executor-5] INFO  impl.RoleInfo (RoleInfo.java:shutdownFollowerState(121)) - e76b0d72-a5f7-47dd-bc74-8743a5d358b0: shutdown FollowerState
2019-10-20 10:18:27,488 [grpc-default-executor-8] INFO  impl.RaftServerImpl (RaftServerImpl.java:setRole(184)) - e534181c-9f5d-4f71-ad0d-cd71b851ae4d@group-9B460392F191: changes role from  FOLLOWER to FOLLOWER at term 15 for recognizeCandidate:f1d6a710-9313-44dc-a005-f0b22c06f92c
2019-10-20 10:18:27,488 [grpc-default-executor-4] INFO  impl.RaftServerImpl (RaftServerImpl.java:setRole(184)) - e76b0d72-a5f7-47dd-bc74-8743a5d358b0@group-9B460392F191: changes role from  FOLLOWER to FOLLOWER at term 15 for recognizeCandidate:f1d6a710-9313-44dc-a005-f0b22c06f92c
2019-10-20 10:18:27,488 [grpc-default-executor-3] INFO  impl.RaftServerImpl (RaftServerImpl.java:setRole(184)) - f1d6a710-9313-44dc-a005-f0b22c06f92c@group-CC68B5F19AD3: changes role from  FOLLOWER to FOLLOWER at term 53 for recognizeCandidate:e534181c-9f5d-4f71-ad0d-cd71b851ae4d
2019-10-20 10:18:27,488 [grpc-default-executor-5] INFO  impl.RoleInfo (RoleInfo.java:updateAndGet(143)) - e76b0d72-a5f7-47dd-bc74-8743a5d358b0: start FollowerState
2019-10-20 10:18:27,488 [Thread-978] INFO  impl.FollowerState (FollowerState.java:run(117)) - e76b0d72-a5f7-47dd-bc74-8743a5d358b0@group-CC68B5F19AD3-FollowerState was interrupted: java.lang.InterruptedException: sleep interrupted
2019-10-20 10:18:27,488 [grpc-default-executor-3] INFO  impl.RoleInfo (RoleInfo.java:shutdownFollowerState(121)) - f1d6a710-9313-44dc-a005-f0b22c06f92c: shutdown FollowerState
2019-10-20 10:18:27,488 [grpc-default-executor-4] INFO  impl.RoleInfo (RoleInfo.java:shutdownFollowerState(121)) - e76b0d72-a5f7-47dd-bc74-8743a5d358b0: shutdown FollowerState
2019-10-20 10:18:27,488 [grpc-default-executor-8] INFO  impl.RoleInfo (RoleInfo.java:shutdownFollowerState(121)) - e534181c-9f5d-4f71-ad0d-cd71b851ae4d: shutdown FollowerState
2019-10-20 10:18:27,489 [Thread-984] INFO  impl.FollowerState (FollowerState.java:run(117)) - e76b0d72-a5f7-47dd-bc74-8743a5d358b0@group-9B460392F191-FollowerState was interrupted: java.lang.InterruptedException: sleep interrupted
2019-10-20 10:18:27,489 [Thread-985] INFO  impl.FollowerState (FollowerState.java:run(117)) - e534181c-9f5d-4f71-ad0d-cd71b851ae4d@group-9B460392F191-FollowerState was interrupted: java.lang.InterruptedException: sleep interrupted
2019-10-20 10:18:27,489 [grpc-default-executor-4] INFO  impl.RoleInfo (RoleInfo.java:updateAndGet(143)) - e76b0d72-a5f7-47dd-bc74-8743a5d358b0: start FollowerState
2019-10-20 10:18:27,489 [Thread-979] INFO  impl.FollowerState (FollowerState.java:run(117)) - f1d6a710-9313-44dc-a005-f0b22c06f92c@group-CC68B5F19AD3-FollowerState was interrupted: java.lang.InterruptedException: sleep interrupted
2019-10-20 10:18:27,489 [grpc-default-executor-3] INFO  impl.RoleInfo (RoleInfo.java:updateAndGet(143)) - f1d6a710-9313-44dc-a005-f0b22c06f92c: start FollowerState
2019-10-20 10:18:27,489 [grpc-default-executor-8] INFO  impl.RoleInfo (RoleInfo.java:updateAndGet(143)) - e534181c-9f5d-4f71-ad0d-cd71b851ae4d: start FollowerState
2019-10-20 10:18:27,500 [f1d6a710-9313-44dc-a005-f0b22c06f92c@group-9B460392F191-LeaderElection66] INFO  impl.LeaderElection (LeaderElection.java:logAndReturn(56)) - f1d6a710-9313-44dc-a005-f0b22c06f92c@group-9B460392F191-LeaderElection66: Election TIMEOUT; received 0 response(s) [] and 0 exception(s); f1d6a710-9313-44dc-a005-f0b22c06f92c@group-9B460392F191:t15, leader=null, voted=f1d6a710-9313-44dc-a005-f0b22c06f92c, raftlog=f1d6a710-9313-44dc-a005-f0b22c06f92c@group-9B460392F191-SegmentedRaftLog:OPENED:c-1,f-1,i0, conf=-1: [e76b0d72-a5f7-47dd-bc74-8743a5d358b0:192.168.69.89:42489, e534181c-9f5d-4f71-ad0d-cd71b851ae4d:192.168.69.89:44098, f1d6a710-9313-44dc-a005-f0b22c06f92c:192.168.69.89:41254], old=null
2019-10-20 10:18:27,504 [f1d6a710-9313-44dc-a005-f0b22c06f92c@group-9B460392F191-LeaderElection66] INFO  impl.LeaderElection (LeaderElection.java:askForVotes(178)) - f1d6a710-9313-44dc-a005-f0b22c06f92c@group-9B460392F191-LeaderElection66: begin an election at term 16 for -1: [e76b0d72-a5f7-47dd-bc74-8743a5d358b0:192.168.69.89:42489, e534181c-9f5d-4f71-ad0d-cd71b851ae4d:192.168.69.89:44098, f1d6a710-9313-44dc-a005-f0b22c06f92c:192.168.69.89:41254], old=null
2019-10-20 10:18:27,505 [e534181c-9f5d-4f71-ad0d-cd71b851ae4d@group-CC68B5F19AD3-LeaderElection65] INFO  impl.LeaderElection (LeaderElection.java:logAndReturn(56)) - e534181c-9f5d-4f71-ad0d-cd71b851ae4d@group-CC68B5F19AD3-LeaderElection65: Election REJECTED; received 2 response(s) [e534181c-9f5d-4f71-ad0d-cd71b851ae4d<-e76b0d72-a5f7-47dd-bc74-8743a5d358b0#0:FAIL-t53, e534181c-9f5d-4f71-ad0d-cd71b851ae4d<-f1d6a710-9313-44dc-a005-f0b22c06f92c#0:FAIL-t53] and 0 exception(s); e534181c-9f5d-4f71-ad0d-cd71b851ae4d@group-CC68B5F19AD3:t53, leader=null, voted=e534181c-9f5d-4f71-ad0d-cd71b851ae4d, raftlog=e534181c-9f5d-4f71-ad0d-cd71b851ae4d@group-CC68B5F19AD3-SegmentedRaftLog:OPENED:c3,f4,i4, conf=0: [e76b0d72-a5f7-47dd-bc74-8743a5d358b0:192.168.69.89:42489, e534181c-9f5d-4f71-ad0d-cd71b851ae4d:192.168.69.89:44098, f1d6a710-9313-44dc-a005-f0b22c06f92c:192.168.69.89:41254], old=null
2019-10-20 10:18:27,505 [e534181c-9f5d-4f71-ad0d-cd71b851ae4d@group-CC68B5F19AD3-LeaderElection65] INFO  impl.RaftServerImpl (RaftServerImpl.java:setRole(184)) - e534181c-9f5d-4f71-ad0d-cd71b851ae4d@group-CC68B5F19AD3: changes role from CANDIDATE to FOLLOWER at term 53 for DISCOVERED_A_NEW_TERM
2019-10-20 10:18:27,505 [e534181c-9f5d-4f71-ad0d-cd71b851ae4d@group-CC68B5F19AD3-LeaderElection65] INFO  impl.RoleInfo (RoleInfo.java:shutdownLeaderElection(134)) - e534181c-9f5d-4f71-ad0d-cd71b851ae4d: shutdown LeaderElection
2019-10-20 10:18:27,505 [e534181c-9f5d-4f71-ad0d-cd71b851ae4d@group-CC68B5F19AD3-LeaderElection65] INFO  impl.RoleInfo (RoleInfo.java:updateAndGet(143)) - e534181c-9f5d-4f71-ad0d-cd71b851ae4d: start FollowerState
2019-10-20 10:18:27,506 [grpc-default-executor-3] INFO  impl.RaftServerImpl (RaftServerImpl.java:setRole(184)) - e76b0d72-a5f7-47dd-bc74-8743a5d358b0@group-9B460392F191: changes role from  FOLLOWER to FOLLOWER at term 16 for recognizeCandidate:f1d6a710-9313-44dc-a005-f0b22c06f92c
2019-10-20 10:18:27,506 [grpc-default-executor-3] INFO  impl.RoleInfo (RoleInfo.java:shutdownFollowerState(121)) - e76b0d72-a5f7-47dd-bc74-8743a5d358b0: shutdown FollowerState
2019-10-20 10:18:27,506 [grpc-default-executor-3] INFO  impl.RoleInfo (RoleInfo.java:updateAndGet(143)) - e76b0d72-a5f7-47dd-bc74-8743a5d358b0: start FollowerState
2019-10-20 10:18:27,506 [grpc-default-executor-8] INFO  impl.RaftServerImpl (RaftServerImpl.java:setRole(184)) - e534181c-9f5d-4f71-ad0d-cd71b851ae4d@group-9B460392F191: changes role from  FOLLOWER to FOLLOWER at term 16 for recognizeCandidate:f1d6a710-9313-44dc-a005-f0b22c06f92c
2019-10-20 10:18:27,506 [grpc-default-executor-8] INFO  impl.RoleInfo (RoleInfo.java:shutdownFollowerState(121)) - e534181c-9f5d-4f71-ad0d-cd71b851ae4d: shutdown FollowerState
2019-10-20 10:18:27,506 [Thread-995] INFO  impl.FollowerState (FollowerState.java:run(117)) - e76b0d72-a5f7-47dd-bc74-8743a5d358b0@group-9B460392F191-FollowerState was interrupted: java.lang.InterruptedException: sleep interrupted
2019-10-20 10:18:27,506 [Thread-996] INFO  impl.FollowerState (FollowerState.java:run(117)) - e534181c-9f5d-4f71-ad0d-cd71b851ae4d@group-9B460392F191-FollowerState was interrupted: java.lang.InterruptedException: sleep interrupted
2019-10-20 10:18:27,506 [grpc-default-executor-8] INFO  impl.RoleInfo (RoleInfo.java:updateAndGet(143)) - e534181c-9f5d-4f71-ad0d-cd71b851ae4d: start FollowerState
2019-10-20 10:18:27,521 [f1d6a710-9313-44dc-a005-f0b22c06f92c@group-9B460392F191-LeaderElection66] INFO  impl.LeaderElection (LeaderElection.java:logAndReturn(56)) - f1d6a710-9313-44dc-a005-f0b22c06f92c@group-9B460392F191-LeaderElection66: Election REJECTED; received 2 response(s) [f1d6a710-9313-44dc-a005-f0b22c06f92c<-e76b0d72-a5f7-47dd-bc74-8743a5d358b0#0:FAIL-t16, f1d6a710-9313-44dc-a005-f0b22c06f92c<-e534181c-9f5d-4f71-ad0d-cd71b851ae4d#0:FAIL-t16] and 0 exception(s); f1d6a710-9313-44dc-a005-f0b22c06f92c@group-9B460392F191:t16, leader=null, voted=f1d6a710-9313-44dc-a005-f0b22c06f92c, raftlog=f1d6a710-9313-44dc-a005-f0b22c06f92c@group-9B460392F191-SegmentedRaftLog:OPENED:c-1,f-1,i0, conf=-1: [e76b0d72-a5f7-47dd-bc74-8743a5d358b0:192.168.69.89:42489, e534181c-9f5d-4f71-ad0d-cd71b851ae4d:192.168.69.89:44098, f1d6a710-9313-44dc-a005-f0b22c06f92c:192.168.69.89:41254], old=null
2019-10-20 10:18:27,521 [f1d6a710-9313-44dc-a005-f0b22c06f92c@group-9B460392F191-LeaderElection66] INFO  impl.RaftServerImpl (RaftServerImpl.java:setRole(184)) - f1d6a710-9313-44dc-a005-f0b22c06f92c@group-9B460392F191: changes role from CANDIDATE to FOLLOWER at term 16 for DISCOVERED_A_NEW_TERM
2019-10-20 10:18:27,521 [f1d6a710-9313-44dc-a005-f0b22c06f92c@group-9B460392F191-LeaderElection66] INFO  impl.RoleInfo (RoleInfo.java:shutdownLeaderElection(134)) - f1d6a710-9313-44dc-a005-f0b22c06f92c: shutdown LeaderElection
2019-10-20 10:18:27,521 [f1d6a710-9313-44dc-a005-f0b22c06f92c@group-9B460392F191-LeaderElection66] INFO  impl.RoleInfo (RoleInfo.java:updateAndGet(143)) - f1d6a710-9313-44dc-a005-f0b22c06f92c: start FollowerState
2019-10-20 10:18:27,573 [Thread-999] INFO  impl.FollowerState (FollowerState.java:run(108)) - e534181c-9f5d-4f71-ad0d-cd71b851ae4d@group-CC68B5F19AD3-FollowerState: change to CANDIDATE, lastRpcTime:68ms, electionTimeout:68ms
2019-10-20 10:18:27,573 [Thread-999] INFO  impl.RoleInfo (RoleInfo.java:shutdownFollowerState(121)) - e534181c-9f5d-4f71-ad0d-cd71b851ae4d: shutdown FollowerState
2019-10-20 10:18:27,574 [Thread-999] INFO  impl.RaftServerImpl (RaftServerImpl.java:setRole(184)) - e534181c-9f5d-4f71-ad0d-cd71b851ae4d@group-CC68B5F19AD3: changes role from  FOLLOWER to CANDIDATE at term 53 for changeToCandidate
2019-10-20 10:18:27,574 [Thread-999] INFO  impl.RoleInfo (RoleInfo.java:updateAndGet(143)) - e534181c-9f5d-4f71-ad0d-cd71b851ae4d: start LeaderElection
2019-10-20 10:18:27,587 [e534181c-9f5d-4f71-ad0d-cd71b851ae4d@group-CC68B5F19AD3-LeaderElection67] INFO  impl.LeaderElection (LeaderElection.java:askForVotes(178)) - e534181c-9f5d-4f71-ad0d-cd71b851ae4d@group-CC68B5F19AD3-LeaderElection67: begin an election at term 54 for 0: [e76b0d72-a5f7-47dd-bc74-8743a5d358b0:192.168.69.89:42489, e534181c-9f5d-4f71-ad0d-cd71b851ae4d:192.168.69.89:44098, f1d6a710-9313-44dc-a005-f0b22c06f92c:192.168.69.89:41254], old=null
2019-10-20 10:18:27,589 [grpc-default-executor-8] INFO  impl.RaftServerImpl (RaftServerImpl.java:setRole(184)) - e76b0d72-a5f7-47dd-bc74-8743a5d358b0@group-CC68B5F19AD3: changes role from  FOLLOWER to FOLLOWER at term 54 for recognizeCandidate:e534181c-9f5d-4f71-ad0d-cd71b851ae4d
2019-10-20 10:18:27,589 [grpc-default-executor-3] INFO  impl.RaftServerImpl (RaftServerImpl.java:setRole(184)) - f1d6a710-9313-44dc-a005-f0b22c06f92c@group-CC68B5F19AD3: changes role from  FOLLOWER to FOLLOWER at term 54 for recognizeCandidate:e534181c-9f5d-4f71-ad0d-cd71b851ae4d
2019-10-20 10:18:27,589 [grpc-default-executor-3] INFO  impl.RoleInfo (RoleInfo.java:shutdownFollowerState(121)) - f1d6a710-9313-44dc-a005-f0b22c06f92c: shutdown FollowerState
2019-10-20 10:18:27,589 [grpc-default-executor-8] INFO  impl.RoleInfo (RoleInfo.java:shutdownFollowerState(121)) - e76b0d72-a5f7-47dd-bc74-8743a5d358b0: shutdown FollowerState
2019-10-20 10:18:27,590 [Thread-994] INFO  impl.FollowerState (FollowerState.java:run(117)) - f1d6a710-9313-44dc-a005-f0b22c06f92c@group-CC68B5F19AD3-FollowerState was interrupted: java.lang.InterruptedException: sleep interrupted
2019-10-20 10:18:27,590 [grpc-default-executor-3] INFO  impl.RoleInfo (RoleInfo.java:updateAndGet(143)) - f1d6a710-9313-44dc-a005-f0b22c06f92c: start FollowerState
2019-10-20 10:18:27,590 [Thread-993] INFO  impl.FollowerState (FollowerState.java:run(117)) - e76b0d72-a5f7-47dd-bc74-8743a5d358b0@group-CC68B5F19AD3-FollowerState was interrupted: java.lang.InterruptedException: sleep interrupted
2019-10-20 10:18:27,590 [grpc-default-executor-8] INFO  impl.RoleInfo (RoleInfo.java:updateAndGet(143)) - e76b0d72-a5f7-47dd-bc74-8743a5d358b0: start FollowerState
2019-10-20 10:18:27,605 [e534181c-9f5d-4f71-ad0d-cd71b851ae4d@group-CC68B5F19AD3-LeaderElection67] INFO  impl.LeaderElection (LeaderElection.java:logAndReturn(56)) - e534181c-9f5d-4f71-ad0d-cd71b851ae4d@group-CC68B5F19AD3-LeaderElection67: Election REJECTED; received 2 response(s) [e534181c-9f5d-4f71-ad0d-cd71b851ae4d<-e76b0d72-a5f7-47dd-bc74-8743a5d358b0#0:FAIL-t54, e534181c-9f5d-4f71-ad0d-cd71b851ae4d<-f1d6a710-9313-44dc-a005-f0b22c06f92c#0:FAIL-t54] and 0 exception(s); e534181c-9f5d-4f71-ad0d-cd71b851ae4d@group-CC68B5F19AD3:t54, leader=null, voted=e534181c-9f5d-4f71-ad0d-cd71b851ae4d, raftlog=e534181c-9f5d-4f71-ad0d-cd71b851ae4d@group-CC68B5F19AD3-SegmentedRaftLog:OPENED:c3,f4,i4, conf=0: [e76b0d72-a5f7-47dd-bc74-8743a5d358b0:192.168.69.89:42489, e534181c-9f5d-4f71-ad0d-cd71b851ae4d:192.168.69.89:44098, f1d6a710-9313-44dc-a005-f0b22c06f92c:192.168.69.89:41254], old=null
2019-10-20 10:18:27,605 [e534181c-9f5d-4f71-ad0d-cd71b851ae4d@group-CC68B5F19AD3-LeaderElection67] INFO  impl.RaftServerImpl (RaftServerImpl.java:setRole(184)) - e534181c-9f5d-4f71-ad0d-cd71b851ae4d@group-CC68B5F19AD3: changes role from CANDIDATE to FOLLOWER at term 54 for DISCOVERED_A_NEW_TERM
2019-10-20 10:18:27,605 [e534181c-9f5d-4f71-ad0d-cd71b851ae4d@group-CC68B5F19AD3-LeaderElection67] INFO  impl.RoleInfo (RoleInfo.java:shutdownLeaderElection(134)) - e534181c-9f5d-4f71-ad0d-cd71b851ae4d: shutdown LeaderElection
2019-10-20 10:18:27,605 [e534181c-9f5d-4f71-ad0d-cd71b851ae4d@group-CC68B5F19AD3-LeaderElection67] INFO  impl.RoleInfo (RoleInfo.java:updateAndGet(143)) - e534181c-9f5d-4f71-ad0d-cd71b851ae4d: start FollowerState
2019-10-20 10:18:27,687 [Thread-1002] INFO  impl.FollowerState (FollowerState.java:run(108)) - f1d6a710-9313-44dc-a005-f0b22c06f92c@group-9B460392F191-FollowerState: change to CANDIDATE, lastRpcTime:165ms, electionTimeout:165ms
2019-10-20 10:18:27,687 [Thread-1002] INFO  impl.RoleInfo (RoleInfo.java:shutdownFollowerState(121)) - f1d6a710-9313-44dc-a005-f0b22c06f92c: shutdown FollowerState
2019-10-20 10:18:27,687 [Thread-1002] INFO  impl.RaftServerImpl (RaftServerImpl.java:setRole(184)) - f1d6a710-9313-44dc-a005-f0b22c06f92c@group-9B460392F191: changes role from  FOLLOWER to CANDIDATE at term 16 for changeToCandidate
2019-10-20 10:18:27,687 [Thread-1002] INFO  impl.RoleInfo (RoleInfo.java:updateAndGet(143)) - f1d6a710-9313-44dc-a005-f0b22c06f92c: start LeaderElection
2019-10-20 10:18:27,713 [f1d6a710-9313-44dc-a005-f0b22c06f92c@group-9B460392F191-LeaderElection68] INFO  impl.LeaderElection (LeaderElection.java:askForVotes(178)) - f1d6a710-9313-44dc-a005-f0b22c06f92c@group-9B460392F191-LeaderElection68: begin an election at term 17 for -1: [e76b0d72-a5f7-47dd-bc74-8743a5d358b0:192.168.69.89:42489, e534181c-9f5d-4f71-ad0d-cd71b851ae4d:192.168.69.89:44098, f1d6a710-9313-44dc-a005-f0b22c06f92c:192.168.69.89:41254], old=null
2019-10-20 10:18:27,716 [grpc-default-executor-3] INFO  impl.RaftServerImpl (RaftServerImpl.java:setRole(184)) - e76b0d72-a5f7-47dd-bc74-8743a5d358b0@group-9B460392F191: changes role from  FOLLOWER to FOLLOWER at term 17 for recognizeCandidate:f1d6a710-9313-44dc-a005-f0b22c06f92c
2019-10-20 10:18:27,716 [f1d6a710-9313-44dc-a005-f0b22c06f92c@group-9B460392F191-LeaderElection68] INFO  impl.LeaderElection (LeaderElection.java:logAndReturn(56)) - f1d6a710-9313-44dc-a005-f0b22c06f92c@group-9B460392F191-LeaderElection68: Election TIMEOUT; received 0 response(s) [] and 0 exception(s); f1d6a710-9313-44dc-a005-f0b22c06f92c@group-9B460392F191:t17, leader=null, voted=f1d6a710-9313-44dc-a005-f0b22c06f92c, raftlog=f1d6a710-9313-44dc-a005-f0b22c06f92c@group-9B460392F191-SegmentedRaftLog:OPENED:c-1,f-1,i0, conf=-1: [e76b0d72-a5f7-47dd-bc74-8743a5d358b0:192.168.69.89:42489, e534181c-9f5d-4f71-ad0d-cd71b851ae4d:192.168.69.89:44098, f1d6a710-9313-44dc-a005-f0b22c06f92c:192.168.69.89:41254], old=null
2019-10-20 10:18:27,716 [grpc-default-executor-3] INFO  impl.RoleInfo (RoleInfo.java:shutdownFollowerState(121)) - e76b0d72-a5f7-47dd-bc74-8743a5d358b0: shutdown FollowerState
2019-10-20 10:18:27,716 [grpc-default-executor-8] INFO  impl.RaftServerImpl (RaftServerImpl.java:setRole(184)) - e534181c-9f5d-4f71-ad0d-cd71b851ae4d@group-9B460392F191: changes role from  FOLLOWER to FOLLOWER at term 17 for recognizeCandidate:f1d6a710-9313-44dc-a005-f0b22c06f92c
2019-10-20 10:18:27,717 [grpc-default-executor-8] INFO  impl.RoleInfo (RoleInfo.java:shutdownFollowerState(121)) - e534181c-9f5d-4f71-ad0d-cd71b851ae4d: shutdown FollowerState
2019-10-20 10:18:27,717 [Thread-1000] INFO  impl.FollowerState (FollowerState.java:run(117)) - e76b0d72-a5f7-47dd-bc74-8743a5d358b0@group-9B460392F191-FollowerState was interrupted: java.lang.InterruptedException: sleep interrupted
2019-10-20 10:18:27,717 [grpc-default-executor-3] INFO  impl.RoleInfo (RoleInfo.java:updateAndGet(143)) - e76b0d72-a5f7-47dd-bc74-8743a5d358b0: start FollowerState
2019-10-20 10:18:27,717 [Thread-1001] INFO  impl.FollowerState (FollowerState.java:run(117)) - e534181c-9f5d-4f71-ad0d-cd71b851ae4d@group-9B460392F191-FollowerState was interrupted: java.lang.InterruptedException: sleep interrupted
2019-10-20 10:18:27,717 [grpc-default-executor-8] INFO  impl.RoleInfo (RoleInfo.java:updateAndGet(143)) - e534181c-9f5d-4f71-ad0d-cd71b851ae4d: start FollowerState
2019-10-20 10:18:27,720 [pool-7-thread-1] INFO  commands.RetriableDatanodeEventWatcher (RetriableDatanodeEventWatcher.java:onTimeout(47)) - RetriableDatanodeCommand type=deleteBlocksCommand with id=1571566698709 timed out. Retrying.
2019-10-20 10:18:27,720 [pool-7-thread-1] INFO  commands.RetriableDatanodeEventWatcher (RetriableDatanodeEventWatcher.java:onTimeout(47)) - RetriableDatanodeCommand type=deleteBlocksCommand with id=1571566698707 timed out. Retrying.
2019-10-20 10:18:27,722 [pool-7-thread-1] INFO  commands.RetriableDatanodeEventWatcher (RetriableDatanodeEventWatcher.java:onTimeout(47)) - RetriableDatanodeCommand type=deleteBlocksCommand with id=1571566698711 timed out. Retrying.
2019-10-20 10:18:27,723 [pool-7-thread-2] INFO  commands.RetriableDatanodeEventWatcher (RetriableDatanodeEventWatcher.java:onTimeout(47)) - RetriableDatanodeCommand type=deleteBlocksCommand with id=1571566698710 timed out. Retrying.
2019-10-20 10:18:27,726 [pool-7-thread-2] INFO  commands.RetriableDatanodeEventWatcher (RetriableDatanodeEventWatcher.java:onTimeout(47)) - RetriableDatanodeCommand type=deleteBlocksCommand with id=1571566698713 timed out. Retrying.
2019-10-20 10:18:27,726 [pool-7-thread-1] INFO  commands.RetriableDatanodeEventWatcher (RetriableDatanodeEventWatcher.java:onTimeout(47)) - RetriableDatanodeCommand type=deleteBlocksCommand with id=1571566698712 timed out. Retrying.
2019-10-20 10:18:27,729 [pool-7-thread-1] INFO  commands.RetriableDatanodeEventWatcher (RetriableDatanodeEventWatcher.java:onTimeout(47)) - RetriableDatanodeCommand type=deleteBlocksCommand with id=1571566698715 timed out. Retrying.
2019-10-20 10:18:27,729 [pool-7-thread-2] INFO  commands.RetriableDatanodeEventWatcher (RetriableDatanodeEventWatcher.java:onTimeout(47)) - RetriableDatanodeCommand type=deleteBlocksCommand with id=1571566698714 timed out. Retrying.
2019-10-20 10:18:27,729 [pool-7-thread-3] INFO  commands.RetriableDatanodeEventWatcher (RetriableDatanodeEventWatcher.java:onTimeout(47)) - RetriableDatanodeCommand type=deleteBlocksCommand with id=1571566698716 timed out. Retrying.
2019-10-20 10:18:27,729 [SCMBlockDeletingService#0] INFO  block.SCMBlockDeletingService (SCMBlockDeletingService.java:call(184)) - Totally added 1 delete blocks command for 1 datanodes, task elapsed time: 1ms
2019-10-20 10:18:27,730 [f1d6a710-9313-44dc-a005-f0b22c06f92c@group-9B460392F191-LeaderElection68] INFO  impl.LeaderElection (LeaderElection.java:askForVotes(178)) - f1d6a710-9313-44dc-a005-f0b22c06f92c@group-9B460392F191-LeaderElection68: begin an election at term 18 for -1: [e76b0d72-a5f7-47dd-bc74-8743a5d358b0:192.168.69.89:42489, e534181c-9f5d-4f71-ad0d-cd71b851ae4d:192.168.69.89:44098, f1d6a710-9313-44dc-a005-f0b22c06f92c:192.168.69.89:41254], old=null
2019-10-20 10:18:27,735 [grpc-default-executor-8] INFO  impl.RaftServerImpl (RaftServerImpl.java:setRole(184)) - e76b0d72-a5f7-47dd-bc74-8743a5d358b0@group-9B460392F191: changes role from  FOLLOWER to FOLLOWER at term 18 for recognizeCandidate:f1d6a710-9313-44dc-a005-f0b22c06f92c
2019-10-20 10:18:27,735 [grpc-default-executor-8] INFO  impl.RoleInfo (RoleInfo.java:shutdownFollowerState(121)) - e76b0d72-a5f7-47dd-bc74-8743a5d358b0: shutdown FollowerState
2019-10-20 10:18:27,735 [grpc-default-executor-8] INFO  impl.RoleInfo (RoleInfo.java:updateAndGet(143)) - e76b0d72-a5f7-47dd-bc74-8743a5d358b0: start FollowerState
2019-10-20 10:18:27,735 [Thread-1013] INFO  impl.FollowerState (FollowerState.java:run(117)) - e76b0d72-a5f7-47dd-bc74-8743a5d358b0@group-9B460392F191-FollowerState was interrupted: java.lang.InterruptedException: sleep interrupted
2019-10-20 10:18:27,735 [grpc-default-executor-3] INFO  impl.RaftServerImpl (RaftServerImpl.java:setRole(184)) - e534181c-9f5d-4f71-ad0d-cd71b851ae4d@group-9B460392F191: changes role from  FOLLOWER to FOLLOWER at term 18 for recognizeCandidate:f1d6a710-9313-44dc-a005-f0b22c06f92c
2019-10-20 10:18:27,735 [grpc-default-executor-3] INFO  impl.RoleInfo (RoleInfo.java:shutdownFollowerState(121)) - e534181c-9f5d-4f71-ad0d-cd71b851ae4d: shutdown FollowerState
2019-10-20 10:18:27,736 [grpc-default-executor-3] INFO  impl.RoleInfo (RoleInfo.java:updateAndGet(143)) - e534181c-9f5d-4f71-ad0d-cd71b851ae4d: start FollowerState
2019-10-20 10:18:27,736 [Thread-1014] INFO  impl.FollowerState (FollowerState.java:run(117)) - e534181c-9f5d-4f71-ad0d-cd71b851ae4d@group-9B460392F191-FollowerState was interrupted: java.lang.InterruptedException: sleep interrupted
2019-10-20 10:18:27,745 [Command processor thread] INFO  commandhandler.DeleteBlocksCommandHandler (DeleteBlocksCommandHandler.java:handle(106)) - Start to delete container blocks, TXIDs=[1(2)], numOfContainers=1, numOfBlocks=1
2019-10-20 10:18:27,745 [Command processor thread] INFO  commandhandler.DeleteBlocksCommandHandler (DeleteBlocksCommandHandler.java:handle(106)) - Start to delete container blocks, TXIDs=[1(0)], numOfContainers=1, numOfBlocks=1
2019-10-20 10:18:27,746 [Command processor thread] INFO  commandhandler.DeleteBlocksCommandHandler (DeleteBlocksCommandHandler.java:handle(106)) - Start to delete container blocks, TXIDs=[1(2)], numOfContainers=1, numOfBlocks=1
2019-10-20 10:18:27,746 [Command processor thread] INFO  commandhandler.DeleteBlocksCommandHandler (DeleteBlocksCommandHandler.java:handle(106)) - Start to delete container blocks, TXIDs=[1(2)], numOfContainers=1, numOfBlocks=1
2019-10-20 10:18:27,746 [Command processor thread] INFO  commandhandler.DeleteBlocksCommandHandler (DeleteBlocksCommandHandler.java:handle(106)) - Start to delete container blocks, TXIDs=[1(2)], numOfContainers=1, numOfBlocks=1
2019-10-20 10:18:27,747 [Command processor thread] INFO  commandhandler.DeleteBlocksCommandHandler (DeleteBlocksCommandHandler.java:handle(106)) - Start to delete container blocks, TXIDs=[1(2)], numOfContainers=1, numOfBlocks=1
2019-10-20 10:18:27,748 [Command processor thread] INFO  commandhandler.DeleteBlocksCommandHandler (DeleteBlocksCommandHandler.java:handle(106)) - Start to delete container blocks, TXIDs=[1(2)], numOfContainers=1, numOfBlocks=1
2019-10-20 10:18:27,748 [Command processor thread] INFO  commandhandler.DeleteBlocksCommandHandler (DeleteBlocksCommandHandler.java:handle(106)) - Start to delete container blocks, TXIDs=[1(38)], numOfContainers=1, numOfBlocks=1
2019-10-20 10:18:27,748 [Command processor thread] INFO  commandhandler.DeleteBlocksCommandHandler (DeleteBlocksCommandHandler.java:handle(106)) - Start to delete container blocks, TXIDs=[1(31)], numOfContainers=1, numOfBlocks=1
2019-10-20 10:18:27,750 [f1d6a710-9313-44dc-a005-f0b22c06f92c@group-9B460392F191-LeaderElection68] INFO  impl.LeaderElection (LeaderElection.java:logAndReturn(56)) - f1d6a710-9313-44dc-a005-f0b22c06f92c@group-9B460392F191-LeaderElection68: Election REJECTED; received 2 response(s) [f1d6a710-9313-44dc-a005-f0b22c06f92c<-e76b0d72-a5f7-47dd-bc74-8743a5d358b0#0:FAIL-t18, f1d6a710-9313-44dc-a005-f0b22c06f92c<-e534181c-9f5d-4f71-ad0d-cd71b851ae4d#0:FAIL-t18] and 0 exception(s); f1d6a710-9313-44dc-a005-f0b22c06f92c@group-9B460392F191:t18, leader=null, voted=f1d6a710-9313-44dc-a005-f0b22c06f92c, raftlog=f1d6a710-9313-44dc-a005-f0b22c06f92c@group-9B460392F191-SegmentedRaftLog:OPENED:c-1,f-1,i0, conf=-1: [e76b0d72-a5f7-47dd-bc74-8743a5d358b0:192.168.69.89:42489, e534181c-9f5d-4f71-ad0d-cd71b851ae4d:192.168.69.89:44098, f1d6a710-9313-44dc-a005-f0b22c06f92c:192.168.69.89:41254], old=null
2019-10-20 10:18:27,750 [f1d6a710-9313-44dc-a005-f0b22c06f92c@group-9B460392F191-LeaderElection68] INFO  impl.RaftServerImpl (RaftServerImpl.java:setRole(184)) - f1d6a710-9313-44dc-a005-f0b22c06f92c@group-9B460392F191: changes role from CANDIDATE to FOLLOWER at term 18 for DISCOVERED_A_NEW_TERM
2019-10-20 10:18:27,750 [f1d6a710-9313-44dc-a005-f0b22c06f92c@group-9B460392F191-LeaderElection68] INFO  impl.RoleInfo (RoleInfo.java:shutdownLeaderElection(134)) - f1d6a710-9313-44dc-a005-f0b22c06f92c: shutdown LeaderElection
2019-10-20 10:18:27,750 [Thread-1008] INFO  impl.FollowerState (FollowerState.java:run(108)) - e534181c-9f5d-4f71-ad0d-cd71b851ae4d@group-CC68B5F19AD3-FollowerState: change to CANDIDATE, lastRpcTime:145ms, electionTimeout:145ms
2019-10-20 10:18:27,750 [f1d6a710-9313-44dc-a005-f0b22c06f92c@group-9B460392F191-LeaderElection68] INFO  impl.RoleInfo (RoleInfo.java:updateAndGet(143)) - f1d6a710-9313-44dc-a005-f0b22c06f92c: start FollowerState
2019-10-20 10:18:27,750 [Thread-1008] INFO  impl.RoleInfo (RoleInfo.java:shutdownFollowerState(121)) - e534181c-9f5d-4f71-ad0d-cd71b851ae4d: shutdown FollowerState
2019-10-20 10:18:27,751 [Thread-1008] INFO  impl.RaftServerImpl (RaftServerImpl.java:setRole(184)) - e534181c-9f5d-4f71-ad0d-cd71b851ae4d@group-CC68B5F19AD3: changes role from  FOLLOWER to CANDIDATE at term 54 for changeToCandidate
2019-10-20 10:18:27,751 [Thread-1008] INFO  impl.RoleInfo (RoleInfo.java:updateAndGet(143)) - e534181c-9f5d-4f71-ad0d-cd71b851ae4d: start LeaderElection
2019-10-20 10:18:27,764 [e534181c-9f5d-4f71-ad0d-cd71b851ae4d@group-CC68B5F19AD3-LeaderElection69] INFO  impl.LeaderElection (LeaderElection.java:askForVotes(178)) - e534181c-9f5d-4f71-ad0d-cd71b851ae4d@group-CC68B5F19AD3-LeaderElection69: begin an election at term 55 for 0: [e76b0d72-a5f7-47dd-bc74-8743a5d358b0:192.168.69.89:42489, e534181c-9f5d-4f71-ad0d-cd71b851ae4d:192.168.69.89:44098, f1d6a710-9313-44dc-a005-f0b22c06f92c:192.168.69.89:41254], old=null
2019-10-20 10:18:27,767 [grpc-default-executor-3] INFO  impl.RaftServerImpl (RaftServerImpl.java:setRole(184)) - e76b0d72-a5f7-47dd-bc74-8743a5d358b0@group-CC68B5F19AD3: changes role from  FOLLOWER to FOLLOWER at term 55 for recognizeCandidate:e534181c-9f5d-4f71-ad0d-cd71b851ae4d
2019-10-20 10:18:27,767 [grpc-default-executor-3] INFO  impl.RoleInfo (RoleInfo.java:shutdownFollowerState(121)) - e76b0d72-a5f7-47dd-bc74-8743a5d358b0: shutdown FollowerState
2019-10-20 10:18:27,767 [grpc-default-executor-3] INFO  impl.RoleInfo (RoleInfo.java:updateAndGet(143)) - e76b0d72-a5f7-47dd-bc74-8743a5d358b0: start FollowerState
2019-10-20 10:18:27,767 [Thread-1007] INFO  impl.FollowerState (FollowerState.java:run(117)) - e76b0d72-a5f7-47dd-bc74-8743a5d358b0@group-CC68B5F19AD3-FollowerState was interrupted: java.lang.InterruptedException: sleep interrupted
2019-10-20 10:18:27,768 [grpc-default-executor-8] INFO  impl.RaftServerImpl (RaftServerImpl.java:setRole(184)) - f1d6a710-9313-44dc-a005-f0b22c06f92c@group-CC68B5F19AD3: changes role from  FOLLOWER to FOLLOWER at term 55 for recognizeCandidate:e534181c-9f5d-4f71-ad0d-cd71b851ae4d
2019-10-20 10:18:27,768 [grpc-default-executor-8] INFO  impl.RoleInfo (RoleInfo.java:shutdownFollowerState(121)) - f1d6a710-9313-44dc-a005-f0b22c06f92c: shutdown FollowerState
2019-10-20 10:18:27,768 [grpc-default-executor-8] INFO  impl.RoleInfo (RoleInfo.java:updateAndGet(143)) - f1d6a710-9313-44dc-a005-f0b22c06f92c: start FollowerState
2019-10-20 10:18:27,768 [Thread-1006] INFO  impl.FollowerState (FollowerState.java:run(117)) - f1d6a710-9313-44dc-a005-f0b22c06f92c@group-CC68B5F19AD3-FollowerState was interrupted: java.lang.InterruptedException: sleep interrupted
2019-10-20 10:18:27,782 [e534181c-9f5d-4f71-ad0d-cd71b851ae4d@group-CC68B5F19AD3-LeaderElection69] INFO  impl.LeaderElection (LeaderElection.java:logAndReturn(56)) - e534181c-9f5d-4f71-ad0d-cd71b851ae4d@group-CC68B5F19AD3-LeaderElection69: Election REJECTED; received 2 response(s) [e534181c-9f5d-4f71-ad0d-cd71b851ae4d<-e76b0d72-a5f7-47dd-bc74-8743a5d358b0#0:FAIL-t55, e534181c-9f5d-4f71-ad0d-cd71b851ae4d<-f1d6a710-9313-44dc-a005-f0b22c06f92c#0:FAIL-t55] and 0 exception(s); e534181c-9f5d-4f71-ad0d-cd71b851ae4d@group-CC68B5F19AD3:t55, leader=null, voted=e534181c-9f5d-4f71-ad0d-cd71b851ae4d, raftlog=e534181c-9f5d-4f71-ad0d-cd71b851ae4d@group-CC68B5F19AD3-SegmentedRaftLog:OPENED:c3,f4,i4, conf=0: [e76b0d72-a5f7-47dd-bc74-8743a5d358b0:192.168.69.89:42489, e534181c-9f5d-4f71-ad0d-cd71b851ae4d:192.168.69.89:44098, f1d6a710-9313-44dc-a005-f0b22c06f92c:192.168.69.89:41254], old=null
2019-10-20 10:18:27,782 [e534181c-9f5d-4f71-ad0d-cd71b851ae4d@group-CC68B5F19AD3-LeaderElection69] INFO  impl.RaftServerImpl (RaftServerImpl.java:setRole(184)) - e534181c-9f5d-4f71-ad0d-cd71b851ae4d@group-CC68B5F19AD3: changes role from CANDIDATE to FOLLOWER at term 55 for DISCOVERED_A_NEW_TERM
2019-10-20 10:18:27,783 [e534181c-9f5d-4f71-ad0d-cd71b851ae4d@group-CC68B5F19AD3-LeaderElection69] INFO  impl.RoleInfo (RoleInfo.java:shutdownLeaderElection(134)) - e534181c-9f5d-4f71-ad0d-cd71b851ae4d: shutdown LeaderElection
2019-10-20 10:18:27,783 [e534181c-9f5d-4f71-ad0d-cd71b851ae4d@group-CC68B5F19AD3-LeaderElection69] INFO  impl.RoleInfo (RoleInfo.java:updateAndGet(143)) - e534181c-9f5d-4f71-ad0d-cd71b851ae4d: start FollowerState
2019-10-20 10:18:27,824 [Thread-1019] INFO  impl.FollowerState (FollowerState.java:run(108)) - f1d6a710-9313-44dc-a005-f0b22c06f92c@group-9B460392F191-FollowerState: change to CANDIDATE, lastRpcTime:73ms, electionTimeout:73ms
2019-10-20 10:18:27,824 [Thread-1019] INFO  impl.RoleInfo (RoleInfo.java:shutdownFollowerState(121)) - f1d6a710-9313-44dc-a005-f0b22c06f92c: shutdown FollowerState
2019-10-20 10:18:27,824 [Thread-1019] INFO  impl.RaftServerImpl (RaftServerImpl.java:setRole(184)) - f1d6a710-9313-44dc-a005-f0b22c06f92c@group-9B460392F191: changes role from  FOLLOWER to CANDIDATE at term 18 for changeToCandidate
2019-10-20 10:18:27,824 [Thread-1019] INFO  impl.RoleInfo (RoleInfo.java:updateAndGet(143)) - f1d6a710-9313-44dc-a005-f0b22c06f92c: start LeaderElection
2019-10-20 10:18:27,829 [Thread-1028] INFO  client.GrpcClientProtocolService (GrpcClientProtocolService.java:lambda$processClientRequest$0(278)) - Failed RaftClientRequest:client-67F6425C4112->f1d6a710-9313-44dc-a005-f0b22c06f92c@group-CC68B5F19AD3, cid=10, seq=0, Watch-ALL_COMMITTED(6), Message:<EMPTY>, reply=RaftClientReply:client-67F6425C4112->f1d6a710-9313-44dc-a005-f0b22c06f92c@group-CC68B5F19AD3, cid=10, FAILED org.apache.ratis.protocol.NotLeaderException: Server f1d6a710-9313-44dc-a005-f0b22c06f92c@group-CC68B5F19AD3 is not the leader, logIndex=0, commits[f1d6a710-9313-44dc-a005-f0b22c06f92c:c10, e76b0d72-a5f7-47dd-bc74-8743a5d358b0:c10, e534181c-9f5d-4f71-ad0d-cd71b851ae4d:c4]
2019-10-20 10:18:27,839 [f1d6a710-9313-44dc-a005-f0b22c06f92c@group-9B460392F191-LeaderElection70] INFO  impl.LeaderElection (LeaderElection.java:askForVotes(178)) - f1d6a710-9313-44dc-a005-f0b22c06f92c@group-9B460392F191-LeaderElection70: begin an election at term 19 for -1: [e76b0d72-a5f7-47dd-bc74-8743a5d358b0:192.168.69.89:42489, e534181c-9f5d-4f71-ad0d-cd71b851ae4d:192.168.69.89:44098, f1d6a710-9313-44dc-a005-f0b22c06f92c:192.168.69.89:41254], old=null
2019-10-20 10:18:27,841 [grpc-default-executor-3] INFO  impl.RaftServerImpl (RaftServerImpl.java:setRole(184)) - e76b0d72-a5f7-47dd-bc74-8743a5d358b0@group-9B460392F191: changes role from  FOLLOWER to FOLLOWER at term 19 for recognizeCandidate:f1d6a710-9313-44dc-a005-f0b22c06f92c
2019-10-20 10:18:27,841 [grpc-default-executor-3] INFO  impl.RoleInfo (RoleInfo.java:shutdownFollowerState(121)) - e76b0d72-a5f7-47dd-bc74-8743a5d358b0: shutdown FollowerState
2019-10-20 10:18:27,842 [grpc-default-executor-3] INFO  impl.RoleInfo (RoleInfo.java:updateAndGet(143)) - e76b0d72-a5f7-47dd-bc74-8743a5d358b0: start FollowerState
2019-10-20 10:18:27,842 [Thread-1017] INFO  impl.FollowerState (FollowerState.java:run(117)) - e76b0d72-a5f7-47dd-bc74-8743a5d358b0@group-9B460392F191-FollowerState was interrupted: java.lang.InterruptedException: sleep interrupted
2019-10-20 10:18:27,842 [grpc-default-executor-8] INFO  impl.RaftServerImpl (RaftServerImpl.java:setRole(184)) - e534181c-9f5d-4f71-ad0d-cd71b851ae4d@group-9B460392F191: changes role from  FOLLOWER to FOLLOWER at term 19 for recognizeCandidate:f1d6a710-9313-44dc-a005-f0b22c06f92c
2019-10-20 10:18:27,842 [grpc-default-executor-8] INFO  impl.RoleInfo (RoleInfo.java:shutdownFollowerState(121)) - e534181c-9f5d-4f71-ad0d-cd71b851ae4d: shutdown FollowerState
2019-10-20 10:18:27,842 [grpc-default-executor-8] INFO  impl.RoleInfo (RoleInfo.java:updateAndGet(143)) - e534181c-9f5d-4f71-ad0d-cd71b851ae4d: start FollowerState
2019-10-20 10:18:27,842 [Thread-1018] INFO  impl.FollowerState (FollowerState.java:run(117)) - e534181c-9f5d-4f71-ad0d-cd71b851ae4d@group-9B460392F191-FollowerState was interrupted: java.lang.InterruptedException: sleep interrupted
2019-10-20 10:18:27,857 [f1d6a710-9313-44dc-a005-f0b22c06f92c@group-9B460392F191-LeaderElection70] INFO  impl.LeaderElection (LeaderElection.java:logAndReturn(56)) - f1d6a710-9313-44dc-a005-f0b22c06f92c@group-9B460392F191-LeaderElection70: Election REJECTED; received 2 response(s) [f1d6a710-9313-44dc-a005-f0b22c06f92c<-e76b0d72-a5f7-47dd-bc74-8743a5d358b0#0:FAIL-t19, f1d6a710-9313-44dc-a005-f0b22c06f92c<-e534181c-9f5d-4f71-ad0d-cd71b851ae4d#0:FAIL-t19] and 0 exception(s); f1d6a710-9313-44dc-a005-f0b22c06f92c@group-9B460392F191:t19, leader=null, voted=f1d6a710-9313-44dc-a005-f0b22c06f92c, raftlog=f1d6a710-9313-44dc-a005-f0b22c06f92c@group-9B460392F191-SegmentedRaftLog:OPENED:c-1,f-1,i0, conf=-1: [e76b0d72-a5f7-47dd-bc74-8743a5d358b0:192.168.69.89:42489, e534181c-9f5d-4f71-ad0d-cd71b851ae4d:192.168.69.89:44098, f1d6a710-9313-44dc-a005-f0b22c06f92c:192.168.69.89:41254], old=null
2019-10-20 10:18:27,857 [f1d6a710-9313-44dc-a005-f0b22c06f92c@group-9B460392F191-LeaderElection70] INFO  impl.RaftServerImpl (RaftServerImpl.java:setRole(184)) - f1d6a710-9313-44dc-a005-f0b22c06f92c@group-9B460392F191: changes role from CANDIDATE to FOLLOWER at term 19 for DISCOVERED_A_NEW_TERM
2019-10-20 10:18:27,857 [f1d6a710-9313-44dc-a005-f0b22c06f92c@group-9B460392F191-LeaderElection70] INFO  impl.RoleInfo (RoleInfo.java:shutdownLeaderElection(134)) - f1d6a710-9313-44dc-a005-f0b22c06f92c: shutdown LeaderElection
2019-10-20 10:18:27,857 [f1d6a710-9313-44dc-a005-f0b22c06f92c@group-9B460392F191-LeaderElection70] INFO  impl.RoleInfo (RoleInfo.java:updateAndGet(143)) - f1d6a710-9313-44dc-a005-f0b22c06f92c: start FollowerState
2019-10-20 10:18:27,876 [Thread-1025] INFO  impl.FollowerState (FollowerState.java:run(108)) - e534181c-9f5d-4f71-ad0d-cd71b851ae4d@group-CC68B5F19AD3-FollowerState: change to CANDIDATE, lastRpcTime:93ms, electionTimeout:93ms
2019-10-20 10:18:27,876 [Thread-1025] INFO  impl.RoleInfo (RoleInfo.java:shutdownFollowerState(121)) - e534181c-9f5d-4f71-ad0d-cd71b851ae4d: shutdown FollowerState
2019-10-20 10:18:27,876 [Thread-1025] INFO  impl.RaftServerImpl (RaftServerImpl.java:setRole(184)) - e534181c-9f5d-4f71-ad0d-cd71b851ae4d@group-CC68B5F19AD3: changes role from  FOLLOWER to CANDIDATE at term 55 for changeToCandidate
2019-10-20 10:18:27,877 [Thread-1025] INFO  impl.RoleInfo (RoleInfo.java:updateAndGet(143)) - e534181c-9f5d-4f71-ad0d-cd71b851ae4d: start LeaderElection
2019-10-20 10:18:27,890 [e534181c-9f5d-4f71-ad0d-cd71b851ae4d@group-CC68B5F19AD3-LeaderElection71] INFO  impl.LeaderElection (LeaderElection.java:askForVotes(178)) - e534181c-9f5d-4f71-ad0d-cd71b851ae4d@group-CC68B5F19AD3-LeaderElection71: begin an election at term 56 for 0: [e76b0d72-a5f7-47dd-bc74-8743a5d358b0:192.168.69.89:42489, e534181c-9f5d-4f71-ad0d-cd71b851ae4d:192.168.69.89:44098, f1d6a710-9313-44dc-a005-f0b22c06f92c:192.168.69.89:41254], old=null
2019-10-20 10:18:27,891 [e534181c-9f5d-4f71-ad0d-cd71b851ae4d@group-CC68B5F19AD3-LeaderElection71] INFO  impl.LeaderElection (LeaderElection.java:logAndReturn(56)) - e534181c-9f5d-4f71-ad0d-cd71b851ae4d@group-CC68B5F19AD3-LeaderElection71: Election TIMEOUT; received 0 response(s) [] and 0 exception(s); e534181c-9f5d-4f71-ad0d-cd71b851ae4d@group-CC68B5F19AD3:t56, leader=null, voted=e534181c-9f5d-4f71-ad0d-cd71b851ae4d, raftlog=e534181c-9f5d-4f71-ad0d-cd71b851ae4d@group-CC68B5F19AD3-SegmentedRaftLog:OPENED:c3,f4,i4, conf=0: [e76b0d72-a5f7-47dd-bc74-8743a5d358b0:192.168.69.89:42489, e534181c-9f5d-4f71-ad0d-cd71b851ae4d:192.168.69.89:44098, f1d6a710-9313-44dc-a005-f0b22c06f92c:192.168.69.89:41254], old=null
2019-10-20 10:18:27,892 [grpc-default-executor-8] INFO  impl.RaftServerImpl (RaftServerImpl.java:setRole(184)) - f1d6a710-9313-44dc-a005-f0b22c06f92c@group-CC68B5F19AD3: changes role from  FOLLOWER to FOLLOWER at term 56 for recognizeCandidate:e534181c-9f5d-4f71-ad0d-cd71b851ae4d
2019-10-20 10:18:27,892 [grpc-default-executor-8] INFO  impl.RoleInfo (RoleInfo.java:shutdownFollowerState(121)) - f1d6a710-9313-44dc-a005-f0b22c06f92c: shutdown FollowerState
2019-10-20 10:18:27,892 [grpc-default-executor-8] INFO  impl.RoleInfo (RoleInfo.java:updateAndGet(143)) - f1d6a710-9313-44dc-a005-f0b22c06f92c: start FollowerState
2019-10-20 10:18:27,892 [Thread-1024] INFO  impl.FollowerState (FollowerState.java:run(117)) - f1d6a710-9313-44dc-a005-f0b22c06f92c@group-CC68B5F19AD3-FollowerState was interrupted: java.lang.InterruptedException: sleep interrupted
2019-10-20 10:18:27,893 [grpc-default-executor-3] INFO  impl.RaftServerImpl (RaftServerImpl.java:setRole(184)) - e76b0d72-a5f7-47dd-bc74-8743a5d358b0@group-CC68B5F19AD3: changes role from  FOLLOWER to FOLLOWER at term 56 for recognizeCandidate:e534181c-9f5d-4f71-ad0d-cd71b851ae4d
2019-10-20 10:18:27,893 [grpc-default-executor-3] INFO  impl.RoleInfo (RoleInfo.java:shutdownFollowerState(121)) - e76b0d72-a5f7-47dd-bc74-8743a5d358b0: shutdown FollowerState
2019-10-20 10:18:27,893 [Thread-1023] INFO  impl.FollowerState (FollowerState.java:run(117)) - e76b0d72-a5f7-47dd-bc74-8743a5d358b0@group-CC68B5F19AD3-FollowerState was interrupted: java.lang.InterruptedException: sleep interrupted
2019-10-20 10:18:27,893 [grpc-default-executor-3] INFO  impl.RoleInfo (RoleInfo.java:updateAndGet(143)) - e76b0d72-a5f7-47dd-bc74-8743a5d358b0: start FollowerState
2019-10-20 10:18:27,905 [e534181c-9f5d-4f71-ad0d-cd71b851ae4d@group-CC68B5F19AD3-LeaderElection71] INFO  impl.LeaderElection (LeaderElection.java:askForVotes(178)) - e534181c-9f5d-4f71-ad0d-cd71b851ae4d@group-CC68B5F19AD3-LeaderElection71: begin an election at term 57 for 0: [e76b0d72-a5f7-47dd-bc74-8743a5d358b0:192.168.69.89:42489, e534181c-9f5d-4f71-ad0d-cd71b851ae4d:192.168.69.89:44098, f1d6a710-9313-44dc-a005-f0b22c06f92c:192.168.69.89:41254], old=null
2019-10-20 10:18:27,907 [grpc-default-executor-3] INFO  impl.RaftServerImpl (RaftServerImpl.java:setRole(184)) - e76b0d72-a5f7-47dd-bc74-8743a5d358b0@group-CC68B5F19AD3: changes role from  FOLLOWER to FOLLOWER at term 57 for recognizeCandidate:e534181c-9f5d-4f71-ad0d-cd71b851ae4d
2019-10-20 10:18:27,907 [grpc-default-executor-3] INFO  impl.RoleInfo (RoleInfo.java:shutdownFollowerState(121)) - e76b0d72-a5f7-47dd-bc74-8743a5d358b0: shutdown FollowerState
2019-10-20 10:18:27,907 [grpc-default-executor-3] INFO  impl.RoleInfo (RoleInfo.java:updateAndGet(143)) - e76b0d72-a5f7-47dd-bc74-8743a5d358b0: start FollowerState
2019-10-20 10:18:27,907 [grpc-default-executor-8] INFO  impl.RaftServerImpl (RaftServerImpl.java:setRole(184)) - f1d6a710-9313-44dc-a005-f0b22c06f92c@group-CC68B5F19AD3: changes role from  FOLLOWER to FOLLOWER at term 57 for recognizeCandidate:e534181c-9f5d-4f71-ad0d-cd71b851ae4d
2019-10-20 10:18:27,908 [grpc-default-executor-8] INFO  impl.RoleInfo (RoleInfo.java:shutdownFollowerState(121)) - f1d6a710-9313-44dc-a005-f0b22c06f92c: shutdown FollowerState
2019-10-20 10:18:27,907 [Thread-1039] INFO  impl.FollowerState (FollowerState.java:run(117)) - e76b0d72-a5f7-47dd-bc74-8743a5d358b0@group-CC68B5F19AD3-FollowerState was interrupted: java.lang.InterruptedException: sleep interrupted
2019-10-20 10:18:27,908 [Thread-1038] INFO  impl.FollowerState (FollowerState.java:run(117)) - f1d6a710-9313-44dc-a005-f0b22c06f92c@group-CC68B5F19AD3-FollowerState was interrupted: java.lang.InterruptedException: sleep interrupted
2019-10-20 10:18:27,908 [grpc-default-executor-8] INFO  impl.RoleInfo (RoleInfo.java:updateAndGet(143)) - f1d6a710-9313-44dc-a005-f0b22c06f92c: start FollowerState
2019-10-20 10:18:27,922 [e534181c-9f5d-4f71-ad0d-cd71b851ae4d@group-CC68B5F19AD3-LeaderElection71] INFO  impl.LeaderElection (LeaderElection.java:logAndReturn(56)) - e534181c-9f5d-4f71-ad0d-cd71b851ae4d@group-CC68B5F19AD3-LeaderElection71: Election REJECTED; received 2 response(s) [e534181c-9f5d-4f71-ad0d-cd71b851ae4d<-e76b0d72-a5f7-47dd-bc74-8743a5d358b0#0:FAIL-t57, e534181c-9f5d-4f71-ad0d-cd71b851ae4d<-f1d6a710-9313-44dc-a005-f0b22c06f92c#0:FAIL-t57] and 0 exception(s); e534181c-9f5d-4f71-ad0d-cd71b851ae4d@group-CC68B5F19AD3:t57, leader=null, voted=e534181c-9f5d-4f71-ad0d-cd71b851ae4d, raftlog=e534181c-9f5d-4f71-ad0d-cd71b851ae4d@group-CC68B5F19AD3-SegmentedRaftLog:OPENED:c3,f4,i4, conf=0: [e76b0d72-a5f7-47dd-bc74-8743a5d358b0:192.168.69.89:42489, e534181c-9f5d-4f71-ad0d-cd71b851ae4d:192.168.69.89:44098, f1d6a710-9313-44dc-a005-f0b22c06f92c:192.168.69.89:41254], old=null
2019-10-20 10:18:27,922 [e534181c-9f5d-4f71-ad0d-cd71b851ae4d@group-CC68B5F19AD3-LeaderElection71] INFO  impl.RaftServerImpl (RaftServerImpl.java:setRole(184)) - e534181c-9f5d-4f71-ad0d-cd71b851ae4d@group-CC68B5F19AD3: changes role from CANDIDATE to FOLLOWER at term 57 for DISCOVERED_A_NEW_TERM
2019-10-20 10:18:27,922 [e534181c-9f5d-4f71-ad0d-cd71b851ae4d@group-CC68B5F19AD3-LeaderElection71] INFO  impl.RoleInfo (RoleInfo.java:shutdownLeaderElection(134)) - e534181c-9f5d-4f71-ad0d-cd71b851ae4d: shutdown LeaderElection
2019-10-20 10:18:27,922 [e534181c-9f5d-4f71-ad0d-cd71b851ae4d@group-CC68B5F19AD3-LeaderElection71] INFO  impl.RoleInfo (RoleInfo.java:updateAndGet(143)) - e534181c-9f5d-4f71-ad0d-cd71b851ae4d: start FollowerState
2019-10-20 10:18:27,954 [Thread-1044] INFO  impl.FollowerState (FollowerState.java:run(108)) - e534181c-9f5d-4f71-ad0d-cd71b851ae4d@group-CC68B5F19AD3-FollowerState: change to CANDIDATE, lastRpcTime:31ms, electionTimeout:31ms
2019-10-20 10:18:27,954 [Thread-1044] INFO  impl.RoleInfo (RoleInfo.java:shutdownFollowerState(121)) - e534181c-9f5d-4f71-ad0d-cd71b851ae4d: shutdown FollowerState
2019-10-20 10:18:27,954 [Thread-1044] INFO  impl.RaftServerImpl (RaftServerImpl.java:setRole(184)) - e534181c-9f5d-4f71-ad0d-cd71b851ae4d@group-CC68B5F19AD3: changes role from  FOLLOWER to CANDIDATE at term 57 for changeToCandidate
2019-10-20 10:18:27,954 [Thread-1044] INFO  impl.RoleInfo (RoleInfo.java:updateAndGet(143)) - e534181c-9f5d-4f71-ad0d-cd71b851ae4d: start LeaderElection
2019-10-20 10:18:27,967 [e534181c-9f5d-4f71-ad0d-cd71b851ae4d@group-CC68B5F19AD3-LeaderElection72] INFO  impl.LeaderElection (LeaderElection.java:askForVotes(178)) - e534181c-9f5d-4f71-ad0d-cd71b851ae4d@group-CC68B5F19AD3-LeaderElection72: begin an election at term 58 for 0: [e76b0d72-a5f7-47dd-bc74-8743a5d358b0:192.168.69.89:42489, e534181c-9f5d-4f71-ad0d-cd71b851ae4d:192.168.69.89:44098, f1d6a710-9313-44dc-a005-f0b22c06f92c:192.168.69.89:41254], old=null
2019-10-20 10:18:27,969 [grpc-default-executor-8] INFO  impl.RaftServerImpl (RaftServerImpl.java:setRole(184)) - e76b0d72-a5f7-47dd-bc74-8743a5d358b0@group-CC68B5F19AD3: changes role from  FOLLOWER to FOLLOWER at term 58 for recognizeCandidate:e534181c-9f5d-4f71-ad0d-cd71b851ae4d
2019-10-20 10:18:27,970 [grpc-default-executor-3] INFO  impl.RaftServerImpl (RaftServerImpl.java:setRole(184)) - f1d6a710-9313-44dc-a005-f0b22c06f92c@group-CC68B5F19AD3: changes role from  FOLLOWER to FOLLOWER at term 58 for recognizeCandidate:e534181c-9f5d-4f71-ad0d-cd71b851ae4d
2019-10-20 10:18:27,970 [grpc-default-executor-3] INFO  impl.RoleInfo (RoleInfo.java:shutdownFollowerState(121)) - f1d6a710-9313-44dc-a005-f0b22c06f92c: shutdown FollowerState
2019-10-20 10:18:27,970 [grpc-default-executor-8] INFO  impl.RoleInfo (RoleInfo.java:shutdownFollowerState(121)) - e76b0d72-a5f7-47dd-bc74-8743a5d358b0: shutdown FollowerState
2019-10-20 10:18:27,970 [Thread-1043] INFO  impl.FollowerState (FollowerState.java:run(117)) - f1d6a710-9313-44dc-a005-f0b22c06f92c@group-CC68B5F19AD3-FollowerState was interrupted: java.lang.InterruptedException: sleep interrupted
2019-10-20 10:18:27,970 [grpc-default-executor-8] INFO  impl.RoleInfo (RoleInfo.java:updateAndGet(143)) - e76b0d72-a5f7-47dd-bc74-8743a5d358b0: start FollowerState
2019-10-20 10:18:27,970 [grpc-default-executor-3] INFO  impl.RoleInfo (RoleInfo.java:updateAndGet(143)) - f1d6a710-9313-44dc-a005-f0b22c06f92c: start FollowerState
2019-10-20 10:18:27,970 [Thread-1042] INFO  impl.FollowerState (FollowerState.java:run(117)) - e76b0d72-a5f7-47dd-bc74-8743a5d358b0@group-CC68B5F19AD3-FollowerState was interrupted: java.lang.InterruptedException: sleep interrupted
2019-10-20 10:18:27,985 [e534181c-9f5d-4f71-ad0d-cd71b851ae4d@group-CC68B5F19AD3-LeaderElection72] INFO  impl.LeaderElection (LeaderElection.java:logAndReturn(56)) - e534181c-9f5d-4f71-ad0d-cd71b851ae4d@group-CC68B5F19AD3-LeaderElection72: Election REJECTED; received 2 response(s) [e534181c-9f5d-4f71-ad0d-cd71b851ae4d<-e76b0d72-a5f7-47dd-bc74-8743a5d358b0#0:FAIL-t58, e534181c-9f5d-4f71-ad0d-cd71b851ae4d<-f1d6a710-9313-44dc-a005-f0b22c06f92c#0:FAIL-t58] and 0 exception(s); e534181c-9f5d-4f71-ad0d-cd71b851ae4d@group-CC68B5F19AD3:t58, leader=null, voted=e534181c-9f5d-4f71-ad0d-cd71b851ae4d, raftlog=e534181c-9f5d-4f71-ad0d-cd71b851ae4d@group-CC68B5F19AD3-SegmentedRaftLog:OPENED:c3,f4,i4, conf=0: [e76b0d72-a5f7-47dd-bc74-8743a5d358b0:192.168.69.89:42489, e534181c-9f5d-4f71-ad0d-cd71b851ae4d:192.168.69.89:44098, f1d6a710-9313-44dc-a005-f0b22c06f92c:192.168.69.89:41254], old=null
2019-10-20 10:18:27,985 [e534181c-9f5d-4f71-ad0d-cd71b851ae4d@group-CC68B5F19AD3-LeaderElection72] INFO  impl.RaftServerImpl (RaftServerImpl.java:setRole(184)) - e534181c-9f5d-4f71-ad0d-cd71b851ae4d@group-CC68B5F19AD3: changes role from CANDIDATE to FOLLOWER at term 58 for DISCOVERED_A_NEW_TERM
2019-10-20 10:18:27,985 [e534181c-9f5d-4f71-ad0d-cd71b851ae4d@group-CC68B5F19AD3-LeaderElection72] INFO  impl.RoleInfo (RoleInfo.java:shutdownLeaderElection(134)) - e534181c-9f5d-4f71-ad0d-cd71b851ae4d: shutdown LeaderElection
2019-10-20 10:18:27,985 [e534181c-9f5d-4f71-ad0d-cd71b851ae4d@group-CC68B5F19AD3-LeaderElection72] INFO  impl.RoleInfo (RoleInfo.java:updateAndGet(143)) - e534181c-9f5d-4f71-ad0d-cd71b851ae4d: start FollowerState
2019-10-20 10:18:27,999 [Thread-1034] INFO  impl.FollowerState (FollowerState.java:run(108)) - f1d6a710-9313-44dc-a005-f0b22c06f92c@group-9B460392F191-FollowerState: change to CANDIDATE, lastRpcTime:142ms, electionTimeout:142ms
2019-10-20 10:18:27,999 [Thread-1034] INFO  impl.RoleInfo (RoleInfo.java:shutdownFollowerState(121)) - f1d6a710-9313-44dc-a005-f0b22c06f92c: shutdown FollowerState
2019-10-20 10:18:28,000 [Thread-1034] INFO  impl.RaftServerImpl (RaftServerImpl.java:setRole(184)) - f1d6a710-9313-44dc-a005-f0b22c06f92c@group-9B460392F191: changes role from  FOLLOWER to CANDIDATE at term 19 for changeToCandidate
2019-10-20 10:18:28,000 [Thread-1034] INFO  impl.RoleInfo (RoleInfo.java:updateAndGet(143)) - f1d6a710-9313-44dc-a005-f0b22c06f92c: start LeaderElection
2019-10-20 10:18:28,014 [f1d6a710-9313-44dc-a005-f0b22c06f92c@group-9B460392F191-LeaderElection73] INFO  impl.LeaderElection (LeaderElection.java:askForVotes(178)) - f1d6a710-9313-44dc-a005-f0b22c06f92c@group-9B460392F191-LeaderElection73: begin an election at term 20 for -1: [e76b0d72-a5f7-47dd-bc74-8743a5d358b0:192.168.69.89:42489, e534181c-9f5d-4f71-ad0d-cd71b851ae4d:192.168.69.89:44098, f1d6a710-9313-44dc-a005-f0b22c06f92c:192.168.69.89:41254], old=null
2019-10-20 10:18:28,016 [grpc-default-executor-3] INFO  impl.RaftServerImpl (RaftServerImpl.java:setRole(184)) - e76b0d72-a5f7-47dd-bc74-8743a5d358b0@group-9B460392F191: changes role from  FOLLOWER to FOLLOWER at term 20 for recognizeCandidate:f1d6a710-9313-44dc-a005-f0b22c06f92c
2019-10-20 10:18:28,016 [grpc-default-executor-3] INFO  impl.RoleInfo (RoleInfo.java:shutdownFollowerState(121)) - e76b0d72-a5f7-47dd-bc74-8743a5d358b0: shutdown FollowerState
2019-10-20 10:18:28,016 [grpc-default-executor-8] INFO  impl.RaftServerImpl (RaftServerImpl.java:setRole(184)) - e534181c-9f5d-4f71-ad0d-cd71b851ae4d@group-9B460392F191: changes role from  FOLLOWER to FOLLOWER at term 20 for recognizeCandidate:f1d6a710-9313-44dc-a005-f0b22c06f92c
2019-10-20 10:18:28,017 [Thread-1032] INFO  impl.FollowerState (FollowerState.java:run(117)) - e76b0d72-a5f7-47dd-bc74-8743a5d358b0@group-9B460392F191-FollowerState was interrupted: java.lang.InterruptedException: sleep interrupted
2019-10-20 10:18:28,017 [grpc-default-executor-3] INFO  impl.RoleInfo (RoleInfo.java:updateAndGet(143)) - e76b0d72-a5f7-47dd-bc74-8743a5d358b0: start FollowerState
2019-10-20 10:18:28,017 [grpc-default-executor-8] INFO  impl.RoleInfo (RoleInfo.java:shutdownFollowerState(121)) - e534181c-9f5d-4f71-ad0d-cd71b851ae4d: shutdown FollowerState
2019-10-20 10:18:28,017 [Thread-1033] INFO  impl.FollowerState (FollowerState.java:run(117)) - e534181c-9f5d-4f71-ad0d-cd71b851ae4d@group-9B460392F191-FollowerState was interrupted: java.lang.InterruptedException: sleep interrupted
2019-10-20 10:18:28,017 [grpc-default-executor-8] INFO  impl.RoleInfo (RoleInfo.java:updateAndGet(143)) - e534181c-9f5d-4f71-ad0d-cd71b851ae4d: start FollowerState
2019-10-20 10:18:28,019 [BlockDeletingService#2] WARN  background.BlockDeletingService (BlockDeletingService.java:isDeletionAllowed(187)) - Close Container log Index 6 is not replicated across allthe servers in the pipeline 119175b0-5d21-4334-a09f-cc68b5f19ad3 as the min replicated index is 4. Deletion is not allowed in this container yet.
2019-10-20 10:18:28,019 [BlockDeletingService#2] WARN  background.BlockDeletingService (BlockDeletingService.java:isDeletionAllowed(187)) - Close Container log Index 6 is not replicated across allthe servers in the pipeline 119175b0-5d21-4334-a09f-cc68b5f19ad3 as the min replicated index is 4. Deletion is not allowed in this container yet.
2019-10-20 10:18:28,020 [f1d6a710-9313-44dc-a005-f0b22c06f92c@group-9B460392F191-LeaderElection73] INFO  impl.LeaderElection (LeaderElection.java:logAndReturn(56)) - f1d6a710-9313-44dc-a005-f0b22c06f92c@group-9B460392F191-LeaderElection73: Election TIMEOUT; received 0 response(s) [] and 0 exception(s); f1d6a710-9313-44dc-a005-f0b22c06f92c@group-9B460392F191:t20, leader=null, voted=f1d6a710-9313-44dc-a005-f0b22c06f92c, raftlog=f1d6a710-9313-44dc-a005-f0b22c06f92c@group-9B460392F191-SegmentedRaftLog:OPENED:c-1,f-1,i0, conf=-1: [e76b0d72-a5f7-47dd-bc74-8743a5d358b0:192.168.69.89:42489, e534181c-9f5d-4f71-ad0d-cd71b851ae4d:192.168.69.89:44098, f1d6a710-9313-44dc-a005-f0b22c06f92c:192.168.69.89:41254], old=null
2019-10-20 10:18:28,031 [f1d6a710-9313-44dc-a005-f0b22c06f92c@group-9B460392F191-LeaderElection73] INFO  impl.LeaderElection (LeaderElection.java:askForVotes(178)) - f1d6a710-9313-44dc-a005-f0b22c06f92c@group-9B460392F191-LeaderElection73: begin an election at term 21 for -1: [e76b0d72-a5f7-47dd-bc74-8743a5d358b0:192.168.69.89:42489, e534181c-9f5d-4f71-ad0d-cd71b851ae4d:192.168.69.89:44098, f1d6a710-9313-44dc-a005-f0b22c06f92c:192.168.69.89:41254], old=null
2019-10-20 10:18:28,033 [grpc-default-executor-3] INFO  impl.RaftServerImpl (RaftServerImpl.java:setRole(184)) - e534181c-9f5d-4f71-ad0d-cd71b851ae4d@group-9B460392F191: changes role from  FOLLOWER to FOLLOWER at term 21 for recognizeCandidate:f1d6a710-9313-44dc-a005-f0b22c06f92c
2019-10-20 10:18:28,033 [grpc-default-executor-8] INFO  impl.RaftServerImpl (RaftServerImpl.java:setRole(184)) - e76b0d72-a5f7-47dd-bc74-8743a5d358b0@group-9B460392F191: changes role from  FOLLOWER to FOLLOWER at term 21 for recognizeCandidate:f1d6a710-9313-44dc-a005-f0b22c06f92c
2019-10-20 10:18:28,033 [grpc-default-executor-3] INFO  impl.RoleInfo (RoleInfo.java:shutdownFollowerState(121)) - e534181c-9f5d-4f71-ad0d-cd71b851ae4d: shutdown FollowerState
2019-10-20 10:18:28,033 [grpc-default-executor-8] INFO  impl.RoleInfo (RoleInfo.java:shutdownFollowerState(121)) - e76b0d72-a5f7-47dd-bc74-8743a5d358b0: shutdown FollowerState
2019-10-20 10:18:28,033 [Thread-1055] INFO  impl.FollowerState (FollowerState.java:run(117)) - e534181c-9f5d-4f71-ad0d-cd71b851ae4d@group-9B460392F191-FollowerState was interrupted: java.lang.InterruptedException: sleep interrupted
2019-10-20 10:18:28,033 [grpc-default-executor-3] INFO  impl.RoleInfo (RoleInfo.java:updateAndGet(143)) - e534181c-9f5d-4f71-ad0d-cd71b851ae4d: start FollowerState
2019-10-20 10:18:28,034 [grpc-default-executor-8] INFO  impl.RoleInfo (RoleInfo.java:updateAndGet(143)) - e76b0d72-a5f7-47dd-bc74-8743a5d358b0: start FollowerState
2019-10-20 10:18:28,034 [Thread-1054] INFO  impl.FollowerState (FollowerState.java:run(117)) - e76b0d72-a5f7-47dd-bc74-8743a5d358b0@group-9B460392F191-FollowerState was interrupted: java.lang.InterruptedException: sleep interrupted
2019-10-20 10:18:28,049 [f1d6a710-9313-44dc-a005-f0b22c06f92c@group-9B460392F191-LeaderElection73] INFO  impl.LeaderElection (LeaderElection.java:logAndReturn(56)) - f1d6a710-9313-44dc-a005-f0b22c06f92c@group-9B460392F191-LeaderElection73: Election REJECTED; received 2 response(s) [f1d6a710-9313-44dc-a005-f0b22c06f92c<-e76b0d72-a5f7-47dd-bc74-8743a5d358b0#0:FAIL-t21, f1d6a710-9313-44dc-a005-f0b22c06f92c<-e534181c-9f5d-4f71-ad0d-cd71b851ae4d#0:FAIL-t21] and 0 exception(s); f1d6a710-9313-44dc-a005-f0b22c06f92c@group-9B460392F191:t21, leader=null, voted=f1d6a710-9313-44dc-a005-f0b22c06f92c, raftlog=f1d6a710-9313-44dc-a005-f0b22c06f92c@group-9B460392F191-SegmentedRaftLog:OPENED:c-1,f-1,i0, conf=-1: [e76b0d72-a5f7-47dd-bc74-8743a5d358b0:192.168.69.89:42489, e534181c-9f5d-4f71-ad0d-cd71b851ae4d:192.168.69.89:44098, f1d6a710-9313-44dc-a005-f0b22c06f92c:192.168.69.89:41254], old=null
2019-10-20 10:18:28,049 [f1d6a710-9313-44dc-a005-f0b22c06f92c@group-9B460392F191-LeaderElection73] INFO  impl.RaftServerImpl (RaftServerImpl.java:setRole(184)) - f1d6a710-9313-44dc-a005-f0b22c06f92c@group-9B460392F191: changes role from CANDIDATE to FOLLOWER at term 21 for DISCOVERED_A_NEW_TERM
2019-10-20 10:18:28,049 [f1d6a710-9313-44dc-a005-f0b22c06f92c@group-9B460392F191-LeaderElection73] INFO  impl.RoleInfo (RoleInfo.java:shutdownLeaderElection(134)) - f1d6a710-9313-44dc-a005-f0b22c06f92c: shutdown LeaderElection
2019-10-20 10:18:28,049 [f1d6a710-9313-44dc-a005-f0b22c06f92c@group-9B460392F191-LeaderElection73] INFO  impl.RoleInfo (RoleInfo.java:updateAndGet(143)) - f1d6a710-9313-44dc-a005-f0b22c06f92c: start FollowerState
2019-10-20 10:18:28,079 [Thread-1050] INFO  impl.FollowerState (FollowerState.java:run(108)) - e534181c-9f5d-4f71-ad0d-cd71b851ae4d@group-CC68B5F19AD3-FollowerState: change to CANDIDATE, lastRpcTime:94ms, electionTimeout:94ms
2019-10-20 10:18:28,080 [Thread-1050] INFO  impl.RoleInfo (RoleInfo.java:shutdownFollowerState(121)) - e534181c-9f5d-4f71-ad0d-cd71b851ae4d: shutdown FollowerState
2019-10-20 10:18:28,080 [Thread-1050] INFO  impl.RaftServerImpl (RaftServerImpl.java:setRole(184)) - e534181c-9f5d-4f71-ad0d-cd71b851ae4d@group-CC68B5F19AD3: changes role from  FOLLOWER to CANDIDATE at term 58 for changeToCandidate
2019-10-20 10:18:28,080 [Thread-1050] INFO  impl.RoleInfo (RoleInfo.java:updateAndGet(143)) - e534181c-9f5d-4f71-ad0d-cd71b851ae4d: start LeaderElection
2019-10-20 10:18:28,084 [Thread-1062] INFO  impl.FollowerState (FollowerState.java:run(108)) - f1d6a710-9313-44dc-a005-f0b22c06f92c@group-9B460392F191-FollowerState: change to CANDIDATE, lastRpcTime:35ms, electionTimeout:35ms
2019-10-20 10:18:28,084 [Thread-1062] INFO  impl.RoleInfo (RoleInfo.java:shutdownFollowerState(121)) - f1d6a710-9313-44dc-a005-f0b22c06f92c: shutdown FollowerState
2019-10-20 10:18:28,084 [Thread-1062] INFO  impl.RaftServerImpl (RaftServerImpl.java:setRole(184)) - f1d6a710-9313-44dc-a005-f0b22c06f92c@group-9B460392F191: changes role from  FOLLOWER to CANDIDATE at term 21 for changeToCandidate
2019-10-20 10:18:28,085 [Thread-1062] INFO  impl.RoleInfo (RoleInfo.java:updateAndGet(143)) - f1d6a710-9313-44dc-a005-f0b22c06f92c: start LeaderElection
2019-10-20 10:18:28,095 [f1d6a710-9313-44dc-a005-f0b22c06f92c@group-9B460392F191-LeaderElection75] INFO  impl.LeaderElection (LeaderElection.java:askForVotes(178)) - f1d6a710-9313-44dc-a005-f0b22c06f92c@group-9B460392F191-LeaderElection75: begin an election at term 22 for -1: [e76b0d72-a5f7-47dd-bc74-8743a5d358b0:192.168.69.89:42489, e534181c-9f5d-4f71-ad0d-cd71b851ae4d:192.168.69.89:44098, f1d6a710-9313-44dc-a005-f0b22c06f92c:192.168.69.89:41254], old=null
2019-10-20 10:18:28,095 [e534181c-9f5d-4f71-ad0d-cd71b851ae4d@group-CC68B5F19AD3-LeaderElection74] INFO  impl.LeaderElection (LeaderElection.java:askForVotes(178)) - e534181c-9f5d-4f71-ad0d-cd71b851ae4d@group-CC68B5F19AD3-LeaderElection74: begin an election at term 59 for 0: [e76b0d72-a5f7-47dd-bc74-8743a5d358b0:192.168.69.89:42489, e534181c-9f5d-4f71-ad0d-cd71b851ae4d:192.168.69.89:44098, f1d6a710-9313-44dc-a005-f0b22c06f92c:192.168.69.89:41254], old=null
2019-10-20 10:18:28,099 [grpc-default-executor-5] INFO  impl.RaftServerImpl (RaftServerImpl.java:setRole(184)) - f1d6a710-9313-44dc-a005-f0b22c06f92c@group-CC68B5F19AD3: changes role from  FOLLOWER to FOLLOWER at term 59 for recognizeCandidate:e534181c-9f5d-4f71-ad0d-cd71b851ae4d
2019-10-20 10:18:28,099 [grpc-default-executor-4] INFO  impl.RaftServerImpl (RaftServerImpl.java:setRole(184)) - e534181c-9f5d-4f71-ad0d-cd71b851ae4d@group-9B460392F191: changes role from  FOLLOWER to FOLLOWER at term 22 for recognizeCandidate:f1d6a710-9313-44dc-a005-f0b22c06f92c
2019-10-20 10:18:28,099 [grpc-default-executor-8] INFO  impl.RaftServerImpl (RaftServerImpl.java:setRole(184)) - e76b0d72-a5f7-47dd-bc74-8743a5d358b0@group-9B460392F191: changes role from  FOLLOWER to FOLLOWER at term 22 for recognizeCandidate:f1d6a710-9313-44dc-a005-f0b22c06f92c
2019-10-20 10:18:28,099 [grpc-default-executor-3] INFO  impl.RaftServerImpl (RaftServerImpl.java:setRole(184)) - e76b0d72-a5f7-47dd-bc74-8743a5d358b0@group-CC68B5F19AD3: changes role from  FOLLOWER to FOLLOWER at term 59 for recognizeCandidate:e534181c-9f5d-4f71-ad0d-cd71b851ae4d
2019-10-20 10:18:28,100 [grpc-default-executor-8] INFO  impl.RoleInfo (RoleInfo.java:shutdownFollowerState(121)) - e76b0d72-a5f7-47dd-bc74-8743a5d358b0: shutdown FollowerState
2019-10-20 10:18:28,099 [grpc-default-executor-4] INFO  impl.RoleInfo (RoleInfo.java:shutdownFollowerState(121)) - e534181c-9f5d-4f71-ad0d-cd71b851ae4d: shutdown FollowerState
2019-10-20 10:18:28,099 [grpc-default-executor-5] INFO  impl.RoleInfo (RoleInfo.java:shutdownFollowerState(121)) - f1d6a710-9313-44dc-a005-f0b22c06f92c: shutdown FollowerState
2019-10-20 10:18:28,100 [Thread-1060] INFO  impl.FollowerState (FollowerState.java:run(117)) - e534181c-9f5d-4f71-ad0d-cd71b851ae4d@group-9B460392F191-FollowerState was interrupted: java.lang.InterruptedException: sleep interrupted
2019-10-20 10:18:28,100 [grpc-default-executor-4] INFO  impl.RoleInfo (RoleInfo.java:updateAndGet(143)) - e534181c-9f5d-4f71-ad0d-cd71b851ae4d: start FollowerState
2019-10-20 10:18:28,100 [Thread-1061] INFO  impl.FollowerState (FollowerState.java:run(117)) - e76b0d72-a5f7-47dd-bc74-8743a5d358b0@group-9B460392F191-FollowerState was interrupted: java.lang.InterruptedException: sleep interrupted
2019-10-20 10:18:28,100 [grpc-default-executor-8] INFO  impl.RoleInfo (RoleInfo.java:updateAndGet(143)) - e76b0d72-a5f7-47dd-bc74-8743a5d358b0: start FollowerState
2019-10-20 10:18:28,100 [grpc-default-executor-3] INFO  impl.RoleInfo (RoleInfo.java:shutdownFollowerState(121)) - e76b0d72-a5f7-47dd-bc74-8743a5d358b0: shutdown FollowerState
2019-10-20 10:18:28,100 [Thread-1048] INFO  impl.FollowerState (FollowerState.java:run(117)) - f1d6a710-9313-44dc-a005-f0b22c06f92c@group-CC68B5F19AD3-FollowerState was interrupted: java.lang.InterruptedException: sleep interrupted
2019-10-20 10:18:28,100 [grpc-default-executor-5] INFO  impl.RoleInfo (RoleInfo.java:updateAndGet(143)) - f1d6a710-9313-44dc-a005-f0b22c06f92c: start FollowerState
2019-10-20 10:18:28,101 [Thread-1049] INFO  impl.FollowerState (FollowerState.java:run(117)) - e76b0d72-a5f7-47dd-bc74-8743a5d358b0@group-CC68B5F19AD3-FollowerState was interrupted: java.lang.InterruptedException: sleep interrupted
2019-10-20 10:18:28,101 [grpc-default-executor-3] INFO  impl.RoleInfo (RoleInfo.java:updateAndGet(143)) - e76b0d72-a5f7-47dd-bc74-8743a5d358b0: start FollowerState
2019-10-20 10:18:28,116 [f1d6a710-9313-44dc-a005-f0b22c06f92c@group-9B460392F191-LeaderElection75] INFO  impl.LeaderElection (LeaderElection.java:logAndReturn(56)) - f1d6a710-9313-44dc-a005-f0b22c06f92c@group-9B460392F191-LeaderElection75: Election REJECTED; received 2 response(s) [f1d6a710-9313-44dc-a005-f0b22c06f92c<-e76b0d72-a5f7-47dd-bc74-8743a5d358b0#0:FAIL-t22, f1d6a710-9313-44dc-a005-f0b22c06f92c<-e534181c-9f5d-4f71-ad0d-cd71b851ae4d#0:FAIL-t22] and 0 exception(s); f1d6a710-9313-44dc-a005-f0b22c06f92c@group-9B460392F191:t22, leader=null, voted=f1d6a710-9313-44dc-a005-f0b22c06f92c, raftlog=f1d6a710-9313-44dc-a005-f0b22c06f92c@group-9B460392F191-SegmentedRaftLog:OPENED:c-1,f-1,i0, conf=-1: [e76b0d72-a5f7-47dd-bc74-8743a5d358b0:192.168.69.89:42489, e534181c-9f5d-4f71-ad0d-cd71b851ae4d:192.168.69.89:44098, f1d6a710-9313-44dc-a005-f0b22c06f92c:192.168.69.89:41254], old=null
2019-10-20 10:18:28,117 [e534181c-9f5d-4f71-ad0d-cd71b851ae4d@group-CC68B5F19AD3-LeaderElection74] INFO  impl.LeaderElection (LeaderElection.java:logAndReturn(56)) - e534181c-9f5d-4f71-ad0d-cd71b851ae4d@group-CC68B5F19AD3-LeaderElection74: Election REJECTED; received 2 response(s) [e534181c-9f5d-4f71-ad0d-cd71b851ae4d<-e76b0d72-a5f7-47dd-bc74-8743a5d358b0#0:FAIL-t59, e534181c-9f5d-4f71-ad0d-cd71b851ae4d<-f1d6a710-9313-44dc-a005-f0b22c06f92c#0:FAIL-t59] and 0 exception(s); e534181c-9f5d-4f71-ad0d-cd71b851ae4d@group-CC68B5F19AD3:t59, leader=null, voted=e534181c-9f5d-4f71-ad0d-cd71b851ae4d, raftlog=e534181c-9f5d-4f71-ad0d-cd71b851ae4d@group-CC68B5F19AD3-SegmentedRaftLog:OPENED:c3,f4,i4, conf=0: [e76b0d72-a5f7-47dd-bc74-8743a5d358b0:192.168.69.89:42489, e534181c-9f5d-4f71-ad0d-cd71b851ae4d:192.168.69.89:44098, f1d6a710-9313-44dc-a005-f0b22c06f92c:192.168.69.89:41254], old=null
2019-10-20 10:18:28,117 [f1d6a710-9313-44dc-a005-f0b22c06f92c@group-9B460392F191-LeaderElection75] INFO  impl.RaftServerImpl (RaftServerImpl.java:setRole(184)) - f1d6a710-9313-44dc-a005-f0b22c06f92c@group-9B460392F191: changes role from CANDIDATE to FOLLOWER at term 22 for DISCOVERED_A_NEW_TERM
2019-10-20 10:18:28,117 [e534181c-9f5d-4f71-ad0d-cd71b851ae4d@group-CC68B5F19AD3-LeaderElection74] INFO  impl.RaftServerImpl (RaftServerImpl.java:setRole(184)) - e534181c-9f5d-4f71-ad0d-cd71b851ae4d@group-CC68B5F19AD3: changes role from CANDIDATE to FOLLOWER at term 59 for DISCOVERED_A_NEW_TERM
2019-10-20 10:18:28,117 [f1d6a710-9313-44dc-a005-f0b22c06f92c@group-9B460392F191-LeaderElection75] INFO  impl.RoleInfo (RoleInfo.java:shutdownLeaderElection(134)) - f1d6a710-9313-44dc-a005-f0b22c06f92c: shutdown LeaderElection
2019-10-20 10:18:28,117 [e534181c-9f5d-4f71-ad0d-cd71b851ae4d@group-CC68B5F19AD3-LeaderElection74] INFO  impl.RoleInfo (RoleInfo.java:shutdownLeaderElection(134)) - e534181c-9f5d-4f71-ad0d-cd71b851ae4d: shutdown LeaderElection
2019-10-20 10:18:28,117 [f1d6a710-9313-44dc-a005-f0b22c06f92c@group-9B460392F191-LeaderElection75] INFO  impl.RoleInfo (RoleInfo.java:updateAndGet(143)) - f1d6a710-9313-44dc-a005-f0b22c06f92c: start FollowerState
2019-10-20 10:18:28,117 [e534181c-9f5d-4f71-ad0d-cd71b851ae4d@group-CC68B5F19AD3-LeaderElection74] INFO  impl.RoleInfo (RoleInfo.java:updateAndGet(143)) - e534181c-9f5d-4f71-ad0d-cd71b851ae4d: start FollowerState
2019-10-20 10:18:28,240 [Thread-1074] INFO  impl.FollowerState (FollowerState.java:run(108)) - e534181c-9f5d-4f71-ad0d-cd71b851ae4d@group-CC68B5F19AD3-FollowerState: change to CANDIDATE, lastRpcTime:122ms, electionTimeout:122ms
2019-10-20 10:18:28,240 [Thread-1074] INFO  impl.RoleInfo (RoleInfo.java:shutdownFollowerState(121)) - e534181c-9f5d-4f71-ad0d-cd71b851ae4d: shutdown FollowerState
2019-10-20 10:18:28,240 [Thread-1074] INFO  impl.RaftServerImpl (RaftServerImpl.java:setRole(184)) - e534181c-9f5d-4f71-ad0d-cd71b851ae4d@group-CC68B5F19AD3: changes role from  FOLLOWER to CANDIDATE at term 59 for changeToCandidate
2019-10-20 10:18:28,241 [Thread-1074] INFO  impl.RoleInfo (RoleInfo.java:updateAndGet(143)) - e534181c-9f5d-4f71-ad0d-cd71b851ae4d: start LeaderElection
2019-10-20 10:18:28,254 [e534181c-9f5d-4f71-ad0d-cd71b851ae4d@group-CC68B5F19AD3-LeaderElection76] INFO  impl.LeaderElection (LeaderElection.java:askForVotes(178)) - e534181c-9f5d-4f71-ad0d-cd71b851ae4d@group-CC68B5F19AD3-LeaderElection76: begin an election at term 60 for 0: [e76b0d72-a5f7-47dd-bc74-8743a5d358b0:192.168.69.89:42489, e534181c-9f5d-4f71-ad0d-cd71b851ae4d:192.168.69.89:44098, f1d6a710-9313-44dc-a005-f0b22c06f92c:192.168.69.89:41254], old=null
2019-10-20 10:18:28,258 [grpc-default-executor-4] INFO  impl.RaftServerImpl (RaftServerImpl.java:setRole(184)) - f1d6a710-9313-44dc-a005-f0b22c06f92c@group-CC68B5F19AD3: changes role from  FOLLOWER to FOLLOWER at term 60 for recognizeCandidate:e534181c-9f5d-4f71-ad0d-cd71b851ae4d
2019-10-20 10:18:28,258 [grpc-default-executor-4] INFO  impl.RoleInfo (RoleInfo.java:shutdownFollowerState(121)) - f1d6a710-9313-44dc-a005-f0b22c06f92c: shutdown FollowerState
2019-10-20 10:18:28,258 [grpc-default-executor-3] INFO  impl.RaftServerImpl (RaftServerImpl.java:setRole(184)) - e76b0d72-a5f7-47dd-bc74-8743a5d358b0@group-CC68B5F19AD3: changes role from  FOLLOWER to FOLLOWER at term 60 for recognizeCandidate:e534181c-9f5d-4f71-ad0d-cd71b851ae4d
2019-10-20 10:18:28,258 [Thread-1071] INFO  impl.FollowerState (FollowerState.java:run(117)) - f1d6a710-9313-44dc-a005-f0b22c06f92c@group-CC68B5F19AD3-FollowerState was interrupted: java.lang.InterruptedException: sleep interrupted
2019-10-20 10:18:28,258 [grpc-default-executor-4] INFO  impl.RoleInfo (RoleInfo.java:updateAndGet(143)) - f1d6a710-9313-44dc-a005-f0b22c06f92c: start FollowerState
2019-10-20 10:18:28,258 [grpc-default-executor-3] INFO  impl.RoleInfo (RoleInfo.java:shutdownFollowerState(121)) - e76b0d72-a5f7-47dd-bc74-8743a5d358b0: shutdown FollowerState
2019-10-20 10:18:28,259 [grpc-default-executor-3] INFO  impl.RoleInfo (RoleInfo.java:updateAndGet(143)) - e76b0d72-a5f7-47dd-bc74-8743a5d358b0: start FollowerState
2019-10-20 10:18:28,259 [Thread-1072] INFO  impl.FollowerState (FollowerState.java:run(117)) - e76b0d72-a5f7-47dd-bc74-8743a5d358b0@group-CC68B5F19AD3-FollowerState was interrupted: java.lang.InterruptedException: sleep interrupted
2019-10-20 10:18:28,274 [e534181c-9f5d-4f71-ad0d-cd71b851ae4d@group-CC68B5F19AD3-LeaderElection76] INFO  impl.LeaderElection (LeaderElection.java:logAndReturn(56)) - e534181c-9f5d-4f71-ad0d-cd71b851ae4d@group-CC68B5F19AD3-LeaderElection76: Election REJECTED; received 2 response(s) [e534181c-9f5d-4f71-ad0d-cd71b851ae4d<-e76b0d72-a5f7-47dd-bc74-8743a5d358b0#0:FAIL-t60, e534181c-9f5d-4f71-ad0d-cd71b851ae4d<-f1d6a710-9313-44dc-a005-f0b22c06f92c#0:FAIL-t60] and 0 exception(s); e534181c-9f5d-4f71-ad0d-cd71b851ae4d@group-CC68B5F19AD3:t60, leader=null, voted=e534181c-9f5d-4f71-ad0d-cd71b851ae4d, raftlog=e534181c-9f5d-4f71-ad0d-cd71b851ae4d@group-CC68B5F19AD3-SegmentedRaftLog:OPENED:c3,f4,i4, conf=0: [e76b0d72-a5f7-47dd-bc74-8743a5d358b0:192.168.69.89:42489, e534181c-9f5d-4f71-ad0d-cd71b851ae4d:192.168.69.89:44098, f1d6a710-9313-44dc-a005-f0b22c06f92c:192.168.69.89:41254], old=null
2019-10-20 10:18:28,274 [e534181c-9f5d-4f71-ad0d-cd71b851ae4d@group-CC68B5F19AD3-LeaderElection76] INFO  impl.RaftServerImpl (RaftServerImpl.java:setRole(184)) - e534181c-9f5d-4f71-ad0d-cd71b851ae4d@group-CC68B5F19AD3: changes role from CANDIDATE to FOLLOWER at term 60 for DISCOVERED_A_NEW_TERM
2019-10-20 10:18:28,274 [e534181c-9f5d-4f71-ad0d-cd71b851ae4d@group-CC68B5F19AD3-LeaderElection76] INFO  impl.RoleInfo (RoleInfo.java:shutdownLeaderElection(134)) - e534181c-9f5d-4f71-ad0d-cd71b851ae4d: shutdown LeaderElection
2019-10-20 10:18:28,274 [e534181c-9f5d-4f71-ad0d-cd71b851ae4d@group-CC68B5F19AD3-LeaderElection76] INFO  impl.RoleInfo (RoleInfo.java:updateAndGet(143)) - e534181c-9f5d-4f71-ad0d-cd71b851ae4d: start FollowerState
2019-10-20 10:18:28,286 [Thread-1073] INFO  impl.FollowerState (FollowerState.java:run(108)) - f1d6a710-9313-44dc-a005-f0b22c06f92c@group-9B460392F191-FollowerState: change to CANDIDATE, lastRpcTime:168ms, electionTimeout:168ms
2019-10-20 10:18:28,286 [Thread-1073] INFO  impl.RoleInfo (RoleInfo.java:shutdownFollowerState(121)) - f1d6a710-9313-44dc-a005-f0b22c06f92c: shutdown FollowerState
2019-10-20 10:18:28,286 [Thread-1073] INFO  impl.RaftServerImpl (RaftServerImpl.java:setRole(184)) - f1d6a710-9313-44dc-a005-f0b22c06f92c@group-9B460392F191: changes role from  FOLLOWER to CANDIDATE at term 22 for changeToCandidate
2019-10-20 10:18:28,286 [Thread-1073] INFO  impl.RoleInfo (RoleInfo.java:updateAndGet(143)) - f1d6a710-9313-44dc-a005-f0b22c06f92c: start LeaderElection
2019-10-20 10:18:28,299 [f1d6a710-9313-44dc-a005-f0b22c06f92c@group-9B460392F191-LeaderElection77] INFO  impl.LeaderElection (LeaderElection.java:askForVotes(178)) - f1d6a710-9313-44dc-a005-f0b22c06f92c@group-9B460392F191-LeaderElection77: begin an election at term 23 for -1: [e76b0d72-a5f7-47dd-bc74-8743a5d358b0:192.168.69.89:42489, e534181c-9f5d-4f71-ad0d-cd71b851ae4d:192.168.69.89:44098, f1d6a710-9313-44dc-a005-f0b22c06f92c:192.168.69.89:41254], old=null
2019-10-20 10:18:28,302 [grpc-default-executor-4] INFO  impl.RaftServerImpl (RaftServerImpl.java:setRole(184)) - e76b0d72-a5f7-47dd-bc74-8743a5d358b0@group-9B460392F191: changes role from  FOLLOWER to FOLLOWER at term 23 for recognizeCandidate:f1d6a710-9313-44dc-a005-f0b22c06f92c
2019-10-20 10:18:28,302 [grpc-default-executor-4] INFO  impl.RoleInfo (RoleInfo.java:shutdownFollowerState(121)) - e76b0d72-a5f7-47dd-bc74-8743a5d358b0: shutdown FollowerState
2019-10-20 10:18:28,302 [grpc-default-executor-4] INFO  impl.RoleInfo (RoleInfo.java:updateAndGet(143)) - e76b0d72-a5f7-47dd-bc74-8743a5d358b0: start FollowerState
2019-10-20 10:18:28,302 [Thread-1069] INFO  impl.FollowerState (FollowerState.java:run(117)) - e76b0d72-a5f7-47dd-bc74-8743a5d358b0@group-9B460392F191-FollowerState was interrupted: java.lang.InterruptedException: sleep interrupted
2019-10-20 10:18:28,303 [grpc-default-executor-3] INFO  impl.RaftServerImpl (RaftServerImpl.java:setRole(184)) - e534181c-9f5d-4f71-ad0d-cd71b851ae4d@group-9B460392F191: changes role from  FOLLOWER to FOLLOWER at term 23 for recognizeCandidate:f1d6a710-9313-44dc-a005-f0b22c06f92c
2019-10-20 10:18:28,303 [grpc-default-executor-3] INFO  impl.RoleInfo (RoleInfo.java:shutdownFollowerState(121)) - e534181c-9f5d-4f71-ad0d-cd71b851ae4d: shutdown FollowerState
2019-10-20 10:18:28,303 [grpc-default-executor-3] INFO  impl.RoleInfo (RoleInfo.java:updateAndGet(143)) - e534181c-9f5d-4f71-ad0d-cd71b851ae4d: start FollowerState
2019-10-20 10:18:28,303 [Thread-1070] INFO  impl.FollowerState (FollowerState.java:run(117)) - e534181c-9f5d-4f71-ad0d-cd71b851ae4d@group-9B460392F191-FollowerState was interrupted: java.lang.InterruptedException: sleep interrupted
2019-10-20 10:18:28,317 [f1d6a710-9313-44dc-a005-f0b22c06f92c@group-9B460392F191-LeaderElection77] INFO  impl.LeaderElection (LeaderElection.java:logAndReturn(56)) - f1d6a710-9313-44dc-a005-f0b22c06f92c@group-9B460392F191-LeaderElection77: Election REJECTED; received 2 response(s) [f1d6a710-9313-44dc-a005-f0b22c06f92c<-e76b0d72-a5f7-47dd-bc74-8743a5d358b0#0:FAIL-t23, f1d6a710-9313-44dc-a005-f0b22c06f92c<-e534181c-9f5d-4f71-ad0d-cd71b851ae4d#0:FAIL-t23] and 0 exception(s); f1d6a710-9313-44dc-a005-f0b22c06f92c@group-9B460392F191:t23, leader=null, voted=f1d6a710-9313-44dc-a005-f0b22c06f92c, raftlog=f1d6a710-9313-44dc-a005-f0b22c06f92c@group-9B460392F191-SegmentedRaftLog:OPENED:c-1,f-1,i0, conf=-1: [e76b0d72-a5f7-47dd-bc74-8743a5d358b0:192.168.69.89:42489, e534181c-9f5d-4f71-ad0d-cd71b851ae4d:192.168.69.89:44098, f1d6a710-9313-44dc-a005-f0b22c06f92c:192.168.69.89:41254], old=null
2019-10-20 10:18:28,317 [f1d6a710-9313-44dc-a005-f0b22c06f92c@group-9B460392F191-LeaderElection77] INFO  impl.RaftServerImpl (RaftServerImpl.java:setRole(184)) - f1d6a710-9313-44dc-a005-f0b22c06f92c@group-9B460392F191: changes role from CANDIDATE to FOLLOWER at term 23 for DISCOVERED_A_NEW_TERM
2019-10-20 10:18:28,318 [f1d6a710-9313-44dc-a005-f0b22c06f92c@group-9B460392F191-LeaderElection77] INFO  impl.RoleInfo (RoleInfo.java:shutdownLeaderElection(134)) - f1d6a710-9313-44dc-a005-f0b22c06f92c: shutdown LeaderElection
2019-10-20 10:18:28,318 [f1d6a710-9313-44dc-a005-f0b22c06f92c@group-9B460392F191-LeaderElection77] INFO  impl.RoleInfo (RoleInfo.java:updateAndGet(143)) - f1d6a710-9313-44dc-a005-f0b22c06f92c: start FollowerState
2019-10-20 10:18:28,395 [Thread-1080] INFO  impl.FollowerState (FollowerState.java:run(108)) - e534181c-9f5d-4f71-ad0d-cd71b851ae4d@group-CC68B5F19AD3-FollowerState: change to CANDIDATE, lastRpcTime:120ms, electionTimeout:120ms
2019-10-20 10:18:28,395 [Thread-1080] INFO  impl.RoleInfo (RoleInfo.java:shutdownFollowerState(121)) - e534181c-9f5d-4f71-ad0d-cd71b851ae4d: shutdown FollowerState
2019-10-20 10:18:28,395 [Thread-1080] INFO  impl.RaftServerImpl (RaftServerImpl.java:setRole(184)) - e534181c-9f5d-4f71-ad0d-cd71b851ae4d@group-CC68B5F19AD3: changes role from  FOLLOWER to CANDIDATE at term 60 for changeToCandidate
2019-10-20 10:18:28,395 [Thread-1080] INFO  impl.RoleInfo (RoleInfo.java:updateAndGet(143)) - e534181c-9f5d-4f71-ad0d-cd71b851ae4d: start LeaderElection
2019-10-20 10:18:28,410 [e534181c-9f5d-4f71-ad0d-cd71b851ae4d@group-CC68B5F19AD3-LeaderElection78] INFO  impl.LeaderElection (LeaderElection.java:askForVotes(178)) - e534181c-9f5d-4f71-ad0d-cd71b851ae4d@group-CC68B5F19AD3-LeaderElection78: begin an election at term 61 for 0: [e76b0d72-a5f7-47dd-bc74-8743a5d358b0:192.168.69.89:42489, e534181c-9f5d-4f71-ad0d-cd71b851ae4d:192.168.69.89:44098, f1d6a710-9313-44dc-a005-f0b22c06f92c:192.168.69.89:41254], old=null
2019-10-20 10:18:28,412 [grpc-default-executor-4] INFO  impl.RaftServerImpl (RaftServerImpl.java:setRole(184)) - e76b0d72-a5f7-47dd-bc74-8743a5d358b0@group-CC68B5F19AD3: changes role from  FOLLOWER to FOLLOWER at term 61 for recognizeCandidate:e534181c-9f5d-4f71-ad0d-cd71b851ae4d
2019-10-20 10:18:28,412 [grpc-default-executor-4] INFO  impl.RoleInfo (RoleInfo.java:shutdownFollowerState(121)) - e76b0d72-a5f7-47dd-bc74-8743a5d358b0: shutdown FollowerState
2019-10-20 10:18:28,413 [grpc-default-executor-4] INFO  impl.RoleInfo (RoleInfo.java:updateAndGet(143)) - e76b0d72-a5f7-47dd-bc74-8743a5d358b0: start FollowerState
2019-10-20 10:18:28,413 [Thread-1079] INFO  impl.FollowerState (FollowerState.java:run(117)) - e76b0d72-a5f7-47dd-bc74-8743a5d358b0@group-CC68B5F19AD3-FollowerState was interrupted: java.lang.InterruptedException: sleep interrupted
2019-10-20 10:18:28,413 [grpc-default-executor-3] INFO  impl.RaftServerImpl (RaftServerImpl.java:setRole(184)) - f1d6a710-9313-44dc-a005-f0b22c06f92c@group-CC68B5F19AD3: changes role from  FOLLOWER to FOLLOWER at term 61 for recognizeCandidate:e534181c-9f5d-4f71-ad0d-cd71b851ae4d
2019-10-20 10:18:28,413 [grpc-default-executor-3] INFO  impl.RoleInfo (RoleInfo.java:shutdownFollowerState(121)) - f1d6a710-9313-44dc-a005-f0b22c06f92c: shutdown FollowerState
2019-10-20 10:18:28,413 [grpc-default-executor-3] INFO  impl.RoleInfo (RoleInfo.java:updateAndGet(143)) - f1d6a710-9313-44dc-a005-f0b22c06f92c: start FollowerState
2019-10-20 10:18:28,413 [Thread-1078] INFO  impl.FollowerState (FollowerState.java:run(117)) - f1d6a710-9313-44dc-a005-f0b22c06f92c@group-CC68B5F19AD3-FollowerState was interrupted: java.lang.InterruptedException: sleep interrupted
2019-10-20 10:18:28,426 [e534181c-9f5d-4f71-ad0d-cd71b851ae4d@group-CC68B5F19AD3-LeaderElection78] INFO  impl.LeaderElection (LeaderElection.java:logAndReturn(56)) - e534181c-9f5d-4f71-ad0d-cd71b851ae4d@group-CC68B5F19AD3-LeaderElection78: Election TIMEOUT; received 0 response(s) [] and 0 exception(s); e534181c-9f5d-4f71-ad0d-cd71b851ae4d@group-CC68B5F19AD3:t61, leader=null, voted=e534181c-9f5d-4f71-ad0d-cd71b851ae4d, raftlog=e534181c-9f5d-4f71-ad0d-cd71b851ae4d@group-CC68B5F19AD3-SegmentedRaftLog:OPENED:c3,f4,i4, conf=0: [e76b0d72-a5f7-47dd-bc74-8743a5d358b0:192.168.69.89:42489, e534181c-9f5d-4f71-ad0d-cd71b851ae4d:192.168.69.89:44098, f1d6a710-9313-44dc-a005-f0b22c06f92c:192.168.69.89:41254], old=null
2019-10-20 10:18:28,429 [e534181c-9f5d-4f71-ad0d-cd71b851ae4d@group-CC68B5F19AD3-LeaderElection78] INFO  impl.LeaderElection (LeaderElection.java:askForVotes(178)) - e534181c-9f5d-4f71-ad0d-cd71b851ae4d@group-CC68B5F19AD3-LeaderElection78: begin an election at term 62 for 0: [e76b0d72-a5f7-47dd-bc74-8743a5d358b0:192.168.69.89:42489, e534181c-9f5d-4f71-ad0d-cd71b851ae4d:192.168.69.89:44098, f1d6a710-9313-44dc-a005-f0b22c06f92c:192.168.69.89:41254], old=null
2019-10-20 10:18:28,431 [grpc-default-executor-3] INFO  impl.RaftServerImpl (RaftServerImpl.java:setRole(184)) - e76b0d72-a5f7-47dd-bc74-8743a5d358b0@group-CC68B5F19AD3: changes role from  FOLLOWER to FOLLOWER at term 62 for recognizeCandidate:e534181c-9f5d-4f71-ad0d-cd71b851ae4d
2019-10-20 10:18:28,432 [grpc-default-executor-4] INFO  impl.RaftServerImpl (RaftServerImpl.java:setRole(184)) - f1d6a710-9313-44dc-a005-f0b22c06f92c@group-CC68B5F19AD3: changes role from  FOLLOWER to FOLLOWER at term 62 for recognizeCandidate:e534181c-9f5d-4f71-ad0d-cd71b851ae4d
2019-10-20 10:18:28,432 [grpc-default-executor-3] INFO  impl.RoleInfo (RoleInfo.java:shutdownFollowerState(121)) - e76b0d72-a5f7-47dd-bc74-8743a5d358b0: shutdown FollowerState
2019-10-20 10:18:28,432 [grpc-default-executor-4] INFO  impl.RoleInfo (RoleInfo.java:shutdownFollowerState(121)) - f1d6a710-9313-44dc-a005-f0b22c06f92c: shutdown FollowerState
2019-10-20 10:18:28,432 [Thread-1090] INFO  impl.FollowerState (FollowerState.java:run(117)) - e76b0d72-a5f7-47dd-bc74-8743a5d358b0@group-CC68B5F19AD3-FollowerState was interrupted: java.lang.InterruptedException: sleep interrupted
2019-10-20 10:18:28,432 [Thread-1091] INFO  impl.FollowerState (FollowerState.java:run(117)) - f1d6a710-9313-44dc-a005-f0b22c06f92c@group-CC68B5F19AD3-FollowerState was interrupted: java.lang.InterruptedException: sleep interrupted
2019-10-20 10:18:28,432 [grpc-default-executor-3] INFO  impl.RoleInfo (RoleInfo.java:updateAndGet(143)) - e76b0d72-a5f7-47dd-bc74-8743a5d358b0: start FollowerState
2019-10-20 10:18:28,432 [grpc-default-executor-4] INFO  impl.RoleInfo (RoleInfo.java:updateAndGet(143)) - f1d6a710-9313-44dc-a005-f0b22c06f92c: start FollowerState
2019-10-20 10:18:28,448 [e534181c-9f5d-4f71-ad0d-cd71b851ae4d@group-CC68B5F19AD3-LeaderElection78] INFO  impl.LeaderElection (LeaderElection.java:logAndReturn(56)) - e534181c-9f5d-4f71-ad0d-cd71b851ae4d@group-CC68B5F19AD3-LeaderElection78: Election REJECTED; received 2 response(s) [e534181c-9f5d-4f71-ad0d-cd71b851ae4d<-e76b0d72-a5f7-47dd-bc74-8743a5d358b0#0:FAIL-t62, e534181c-9f5d-4f71-ad0d-cd71b851ae4d<-f1d6a710-9313-44dc-a005-f0b22c06f92c#0:FAIL-t62] and 0 exception(s); e534181c-9f5d-4f71-ad0d-cd71b851ae4d@group-CC68B5F19AD3:t62, leader=null, voted=e534181c-9f5d-4f71-ad0d-cd71b851ae4d, raftlog=e534181c-9f5d-4f71-ad0d-cd71b851ae4d@group-CC68B5F19AD3-SegmentedRaftLog:OPENED:c3,f4,i4, conf=0: [e76b0d72-a5f7-47dd-bc74-8743a5d358b0:192.168.69.89:42489, e534181c-9f5d-4f71-ad0d-cd71b851ae4d:192.168.69.89:44098, f1d6a710-9313-44dc-a005-f0b22c06f92c:192.168.69.89:41254], old=null
2019-10-20 10:18:28,448 [e534181c-9f5d-4f71-ad0d-cd71b851ae4d@group-CC68B5F19AD3-LeaderElection78] INFO  impl.RaftServerImpl (RaftServerImpl.java:setRole(184)) - e534181c-9f5d-4f71-ad0d-cd71b851ae4d@group-CC68B5F19AD3: changes role from CANDIDATE to FOLLOWER at term 62 for DISCOVERED_A_NEW_TERM
2019-10-20 10:18:28,448 [e534181c-9f5d-4f71-ad0d-cd71b851ae4d@group-CC68B5F19AD3-LeaderElection78] INFO  impl.RoleInfo (RoleInfo.java:shutdownLeaderElection(134)) - e534181c-9f5d-4f71-ad0d-cd71b851ae4d: shutdown LeaderElection
2019-10-20 10:18:28,448 [e534181c-9f5d-4f71-ad0d-cd71b851ae4d@group-CC68B5F19AD3-LeaderElection78] INFO  impl.RoleInfo (RoleInfo.java:updateAndGet(143)) - e534181c-9f5d-4f71-ad0d-cd71b851ae4d: start FollowerState
2019-10-20 10:18:28,510 [Thread-1086] INFO  impl.FollowerState (FollowerState.java:run(108)) - f1d6a710-9313-44dc-a005-f0b22c06f92c@group-9B460392F191-FollowerState: change to CANDIDATE, lastRpcTime:192ms, electionTimeout:192ms
2019-10-20 10:18:28,510 [Thread-1086] INFO  impl.RoleInfo (RoleInfo.java:shutdownFollowerState(121)) - f1d6a710-9313-44dc-a005-f0b22c06f92c: shutdown FollowerState
2019-10-20 10:18:28,510 [Thread-1086] INFO  impl.RaftServerImpl (RaftServerImpl.java:setRole(184)) - f1d6a710-9313-44dc-a005-f0b22c06f92c@group-9B460392F191: changes role from  FOLLOWER to CANDIDATE at term 23 for changeToCandidate
2019-10-20 10:18:28,510 [Thread-1086] INFO  impl.RoleInfo (RoleInfo.java:updateAndGet(143)) - f1d6a710-9313-44dc-a005-f0b22c06f92c: start LeaderElection
2019-10-20 10:18:28,524 [f1d6a710-9313-44dc-a005-f0b22c06f92c@group-9B460392F191-LeaderElection79] INFO  impl.LeaderElection (LeaderElection.java:askForVotes(178)) - f1d6a710-9313-44dc-a005-f0b22c06f92c@group-9B460392F191-LeaderElection79: begin an election at term 24 for -1: [e76b0d72-a5f7-47dd-bc74-8743a5d358b0:192.168.69.89:42489, e534181c-9f5d-4f71-ad0d-cd71b851ae4d:192.168.69.89:44098, f1d6a710-9313-44dc-a005-f0b22c06f92c:192.168.69.89:41254], old=null
2019-10-20 10:18:28,526 [grpc-default-executor-3] INFO  impl.RaftServerImpl (RaftServerImpl.java:setRole(184)) - e534181c-9f5d-4f71-ad0d-cd71b851ae4d@group-9B460392F191: changes role from  FOLLOWER to FOLLOWER at term 24 for recognizeCandidate:f1d6a710-9313-44dc-a005-f0b22c06f92c
2019-10-20 10:18:28,526 [grpc-default-executor-3] INFO  impl.RoleInfo (RoleInfo.java:shutdownFollowerState(121)) - e534181c-9f5d-4f71-ad0d-cd71b851ae4d: shutdown FollowerState
2019-10-20 10:18:28,526 [grpc-default-executor-4] INFO  impl.RaftServerImpl (RaftServerImpl.java:setRole(184)) - e76b0d72-a5f7-47dd-bc74-8743a5d358b0@group-9B460392F191: changes role from  FOLLOWER to FOLLOWER at term 24 for recognizeCandidate:f1d6a710-9313-44dc-a005-f0b22c06f92c
2019-10-20 10:18:28,526 [Thread-1085] INFO  impl.FollowerState (FollowerState.java:run(117)) - e534181c-9f5d-4f71-ad0d-cd71b851ae4d@group-9B460392F191-FollowerState was interrupted: java.lang.InterruptedException: sleep interrupted
2019-10-20 10:18:28,526 [grpc-default-executor-3] INFO  impl.RoleInfo (RoleInfo.java:updateAndGet(143)) - e534181c-9f5d-4f71-ad0d-cd71b851ae4d: start FollowerState
2019-10-20 10:18:28,526 [grpc-default-executor-4] INFO  impl.RoleInfo (RoleInfo.java:shutdownFollowerState(121)) - e76b0d72-a5f7-47dd-bc74-8743a5d358b0: shutdown FollowerState
2019-10-20 10:18:28,527 [grpc-default-executor-4] INFO  impl.RoleInfo (RoleInfo.java:updateAndGet(143)) - e76b0d72-a5f7-47dd-bc74-8743a5d358b0: start FollowerState
2019-10-20 10:18:28,527 [Thread-1084] INFO  impl.FollowerState (FollowerState.java:run(117)) - e76b0d72-a5f7-47dd-bc74-8743a5d358b0@group-9B460392F191-FollowerState was interrupted: java.lang.InterruptedException: sleep interrupted
2019-10-20 10:18:28,543 [f1d6a710-9313-44dc-a005-f0b22c06f92c@group-9B460392F191-LeaderElection79] INFO  impl.LeaderElection (LeaderElection.java:logAndReturn(56)) - f1d6a710-9313-44dc-a005-f0b22c06f92c@group-9B460392F191-LeaderElection79: Election REJECTED; received 2 response(s) [f1d6a710-9313-44dc-a005-f0b22c06f92c<-e76b0d72-a5f7-47dd-bc74-8743a5d358b0#0:FAIL-t24, f1d6a710-9313-44dc-a005-f0b22c06f92c<-e534181c-9f5d-4f71-ad0d-cd71b851ae4d#0:FAIL-t24] and 0 exception(s); f1d6a710-9313-44dc-a005-f0b22c06f92c@group-9B460392F191:t24, leader=null, voted=f1d6a710-9313-44dc-a005-f0b22c06f92c, raftlog=f1d6a710-9313-44dc-a005-f0b22c06f92c@group-9B460392F191-SegmentedRaftLog:OPENED:c-1,f-1,i0, conf=-1: [e76b0d72-a5f7-47dd-bc74-8743a5d358b0:192.168.69.89:42489, e534181c-9f5d-4f71-ad0d-cd71b851ae4d:192.168.69.89:44098, f1d6a710-9313-44dc-a005-f0b22c06f92c:192.168.69.89:41254], old=null
2019-10-20 10:18:28,543 [f1d6a710-9313-44dc-a005-f0b22c06f92c@group-9B460392F191-LeaderElection79] INFO  impl.RaftServerImpl (RaftServerImpl.java:setRole(184)) - f1d6a710-9313-44dc-a005-f0b22c06f92c@group-9B460392F191: changes role from CANDIDATE to FOLLOWER at term 24 for DISCOVERED_A_NEW_TERM
2019-10-20 10:18:28,543 [f1d6a710-9313-44dc-a005-f0b22c06f92c@group-9B460392F191-LeaderElection79] INFO  impl.RoleInfo (RoleInfo.java:shutdownLeaderElection(134)) - f1d6a710-9313-44dc-a005-f0b22c06f92c: shutdown LeaderElection
2019-10-20 10:18:28,543 [f1d6a710-9313-44dc-a005-f0b22c06f92c@group-9B460392F191-LeaderElection79] INFO  impl.RoleInfo (RoleInfo.java:updateAndGet(143)) - f1d6a710-9313-44dc-a005-f0b22c06f92c: start FollowerState
2019-10-20 10:18:28,549 [Thread-1096] INFO  impl.FollowerState (FollowerState.java:run(108)) - e534181c-9f5d-4f71-ad0d-cd71b851ae4d@group-CC68B5F19AD3-FollowerState: change to CANDIDATE, lastRpcTime:101ms, electionTimeout:101ms
2019-10-20 10:18:28,550 [Thread-1096] INFO  impl.RoleInfo (RoleInfo.java:shutdownFollowerState(121)) - e534181c-9f5d-4f71-ad0d-cd71b851ae4d: shutdown FollowerState
2019-10-20 10:18:28,550 [Thread-1096] INFO  impl.RaftServerImpl (RaftServerImpl.java:setRole(184)) - e534181c-9f5d-4f71-ad0d-cd71b851ae4d@group-CC68B5F19AD3: changes role from  FOLLOWER to CANDIDATE at term 62 for changeToCandidate
2019-10-20 10:18:28,550 [Thread-1096] INFO  impl.RoleInfo (RoleInfo.java:updateAndGet(143)) - e534181c-9f5d-4f71-ad0d-cd71b851ae4d: start LeaderElection
2019-10-20 10:18:28,554 [e534181c-9f5d-4f71-ad0d-cd71b851ae4d@group-CC68B5F19AD3-LeaderElection80] INFO  impl.LeaderElection (LeaderElection.java:askForVotes(178)) - e534181c-9f5d-4f71-ad0d-cd71b851ae4d@group-CC68B5F19AD3-LeaderElection80: begin an election at term 63 for 0: [e76b0d72-a5f7-47dd-bc74-8743a5d358b0:192.168.69.89:42489, e534181c-9f5d-4f71-ad0d-cd71b851ae4d:192.168.69.89:44098, f1d6a710-9313-44dc-a005-f0b22c06f92c:192.168.69.89:41254], old=null
2019-10-20 10:18:28,556 [grpc-default-executor-3] INFO  impl.RaftServerImpl (RaftServerImpl.java:setRole(184)) - e76b0d72-a5f7-47dd-bc74-8743a5d358b0@group-CC68B5F19AD3: changes role from  FOLLOWER to FOLLOWER at term 63 for recognizeCandidate:e534181c-9f5d-4f71-ad0d-cd71b851ae4d
2019-10-20 10:18:28,556 [grpc-default-executor-4] INFO  impl.RaftServerImpl (RaftServerImpl.java:setRole(184)) - f1d6a710-9313-44dc-a005-f0b22c06f92c@group-CC68B5F19AD3: changes role from  FOLLOWER to FOLLOWER at term 63 for recognizeCandidate:e534181c-9f5d-4f71-ad0d-cd71b851ae4d
2019-10-20 10:18:28,556 [grpc-default-executor-3] INFO  impl.RoleInfo (RoleInfo.java:shutdownFollowerState(121)) - e76b0d72-a5f7-47dd-bc74-8743a5d358b0: shutdown FollowerState
2019-10-20 10:18:28,556 [grpc-default-executor-4] INFO  impl.RoleInfo (RoleInfo.java:shutdownFollowerState(121)) - f1d6a710-9313-44dc-a005-f0b22c06f92c: shutdown FollowerState
2019-10-20 10:18:28,557 [grpc-default-executor-3] INFO  impl.RoleInfo (RoleInfo.java:updateAndGet(143)) - e76b0d72-a5f7-47dd-bc74-8743a5d358b0: start FollowerState
2019-10-20 10:18:28,557 [Thread-1094] INFO  impl.FollowerState (FollowerState.java:run(117)) - e76b0d72-a5f7-47dd-bc74-8743a5d358b0@group-CC68B5F19AD3-FollowerState was interrupted: java.lang.InterruptedException: sleep interrupted
2019-10-20 10:18:28,557 [Thread-1095] INFO  impl.FollowerState (FollowerState.java:run(117)) - f1d6a710-9313-44dc-a005-f0b22c06f92c@group-CC68B5F19AD3-FollowerState was interrupted: java.lang.InterruptedException: sleep interrupted
2019-10-20 10:18:28,557 [grpc-default-executor-4] INFO  impl.RoleInfo (RoleInfo.java:updateAndGet(143)) - f1d6a710-9313-44dc-a005-f0b22c06f92c: start FollowerState
2019-10-20 10:18:28,571 [e534181c-9f5d-4f71-ad0d-cd71b851ae4d@group-CC68B5F19AD3-LeaderElection80] INFO  impl.LeaderElection (LeaderElection.java:logAndReturn(56)) - e534181c-9f5d-4f71-ad0d-cd71b851ae4d@group-CC68B5F19AD3-LeaderElection80: Election REJECTED; received 2 response(s) [e534181c-9f5d-4f71-ad0d-cd71b851ae4d<-e76b0d72-a5f7-47dd-bc74-8743a5d358b0#0:FAIL-t63, e534181c-9f5d-4f71-ad0d-cd71b851ae4d<-f1d6a710-9313-44dc-a005-f0b22c06f92c#0:FAIL-t63] and 0 exception(s); e534181c-9f5d-4f71-ad0d-cd71b851ae4d@group-CC68B5F19AD3:t63, leader=null, voted=e534181c-9f5d-4f71-ad0d-cd71b851ae4d, raftlog=e534181c-9f5d-4f71-ad0d-cd71b851ae4d@group-CC68B5F19AD3-SegmentedRaftLog:OPENED:c3,f4,i4, conf=0: [e76b0d72-a5f7-47dd-bc74-8743a5d358b0:192.168.69.89:42489, e534181c-9f5d-4f71-ad0d-cd71b851ae4d:192.168.69.89:44098, f1d6a710-9313-44dc-a005-f0b22c06f92c:192.168.69.89:41254], old=null
2019-10-20 10:18:28,571 [e534181c-9f5d-4f71-ad0d-cd71b851ae4d@group-CC68B5F19AD3-LeaderElection80] INFO  impl.RaftServerImpl (RaftServerImpl.java:setRole(184)) - e534181c-9f5d-4f71-ad0d-cd71b851ae4d@group-CC68B5F19AD3: changes role from CANDIDATE to FOLLOWER at term 63 for DISCOVERED_A_NEW_TERM
2019-10-20 10:18:28,571 [e534181c-9f5d-4f71-ad0d-cd71b851ae4d@group-CC68B5F19AD3-LeaderElection80] INFO  impl.RoleInfo (RoleInfo.java:shutdownLeaderElection(134)) - e534181c-9f5d-4f71-ad0d-cd71b851ae4d: shutdown LeaderElection
2019-10-20 10:18:28,571 [e534181c-9f5d-4f71-ad0d-cd71b851ae4d@group-CC68B5F19AD3-LeaderElection80] INFO  impl.RoleInfo (RoleInfo.java:updateAndGet(143)) - e534181c-9f5d-4f71-ad0d-cd71b851ae4d: start FollowerState
2019-10-20 10:18:28,621 [Thread-1102] INFO  impl.FollowerState (FollowerState.java:run(108)) - f1d6a710-9313-44dc-a005-f0b22c06f92c@group-9B460392F191-FollowerState: change to CANDIDATE, lastRpcTime:78ms, electionTimeout:78ms
2019-10-20 10:18:28,622 [Thread-1102] INFO  impl.RoleInfo (RoleInfo.java:shutdownFollowerState(121)) - f1d6a710-9313-44dc-a005-f0b22c06f92c: shutdown FollowerState
2019-10-20 10:18:28,622 [Thread-1102] INFO  impl.RaftServerImpl (RaftServerImpl.java:setRole(184)) - f1d6a710-9313-44dc-a005-f0b22c06f92c@group-9B460392F191: changes role from  FOLLOWER to CANDIDATE at term 24 for changeToCandidate
2019-10-20 10:18:28,622 [Thread-1102] INFO  impl.RoleInfo (RoleInfo.java:updateAndGet(143)) - f1d6a710-9313-44dc-a005-f0b22c06f92c: start LeaderElection
2019-10-20 10:18:28,635 [f1d6a710-9313-44dc-a005-f0b22c06f92c@group-9B460392F191-LeaderElection81] INFO  impl.LeaderElection (LeaderElection.java:askForVotes(178)) - f1d6a710-9313-44dc-a005-f0b22c06f92c@group-9B460392F191-LeaderElection81: begin an election at term 25 for -1: [e76b0d72-a5f7-47dd-bc74-8743a5d358b0:192.168.69.89:42489, e534181c-9f5d-4f71-ad0d-cd71b851ae4d:192.168.69.89:44098, f1d6a710-9313-44dc-a005-f0b22c06f92c:192.168.69.89:41254], old=null
2019-10-20 10:18:28,637 [grpc-default-executor-4] INFO  impl.RaftServerImpl (RaftServerImpl.java:setRole(184)) - e76b0d72-a5f7-47dd-bc74-8743a5d358b0@group-9B460392F191: changes role from  FOLLOWER to FOLLOWER at term 25 for recognizeCandidate:f1d6a710-9313-44dc-a005-f0b22c06f92c
2019-10-20 10:18:28,637 [grpc-default-executor-4] INFO  impl.RoleInfo (RoleInfo.java:shutdownFollowerState(121)) - e76b0d72-a5f7-47dd-bc74-8743a5d358b0: shutdown FollowerState
2019-10-20 10:18:28,637 [grpc-default-executor-3] INFO  impl.RaftServerImpl (RaftServerImpl.java:setRole(184)) - e534181c-9f5d-4f71-ad0d-cd71b851ae4d@group-9B460392F191: changes role from  FOLLOWER to FOLLOWER at term 25 for recognizeCandidate:f1d6a710-9313-44dc-a005-f0b22c06f92c
2019-10-20 10:18:28,637 [Thread-1101] INFO  impl.FollowerState (FollowerState.java:run(117)) - e76b0d72-a5f7-47dd-bc74-8743a5d358b0@group-9B460392F191-FollowerState was interrupted: java.lang.InterruptedException: sleep interrupted
2019-10-20 10:18:28,637 [grpc-default-executor-4] INFO  impl.RoleInfo (RoleInfo.java:updateAndGet(143)) - e76b0d72-a5f7-47dd-bc74-8743a5d358b0: start FollowerState
2019-10-20 10:18:28,637 [grpc-default-executor-3] INFO  impl.RoleInfo (RoleInfo.java:shutdownFollowerState(121)) - e534181c-9f5d-4f71-ad0d-cd71b851ae4d: shutdown FollowerState
2019-10-20 10:18:28,638 [grpc-default-executor-3] INFO  impl.RoleInfo (RoleInfo.java:updateAndGet(143)) - e534181c-9f5d-4f71-ad0d-cd71b851ae4d: start FollowerState
2019-10-20 10:18:28,638 [Thread-1100] INFO  impl.FollowerState (FollowerState.java:run(117)) - e534181c-9f5d-4f71-ad0d-cd71b851ae4d@group-9B460392F191-FollowerState was interrupted: java.lang.InterruptedException: sleep interrupted
2019-10-20 10:18:28,641 [Thread-1108] INFO  impl.FollowerState (FollowerState.java:run(108)) - e534181c-9f5d-4f71-ad0d-cd71b851ae4d@group-CC68B5F19AD3-FollowerState: change to CANDIDATE, lastRpcTime:69ms, electionTimeout:69ms
2019-10-20 10:18:28,641 [Thread-1108] INFO  impl.RoleInfo (RoleInfo.java:shutdownFollowerState(121)) - e534181c-9f5d-4f71-ad0d-cd71b851ae4d: shutdown FollowerState
2019-10-20 10:18:28,641 [Thread-1108] INFO  impl.RaftServerImpl (RaftServerImpl.java:setRole(184)) - e534181c-9f5d-4f71-ad0d-cd71b851ae4d@group-CC68B5F19AD3: changes role from  FOLLOWER to CANDIDATE at term 63 for changeToCandidate
2019-10-20 10:18:28,641 [Thread-1108] INFO  impl.RoleInfo (RoleInfo.java:updateAndGet(143)) - e534181c-9f5d-4f71-ad0d-cd71b851ae4d: start LeaderElection
2019-10-20 10:18:28,651 [e534181c-9f5d-4f71-ad0d-cd71b851ae4d@group-CC68B5F19AD3-LeaderElection82] INFO  impl.LeaderElection (LeaderElection.java:askForVotes(178)) - e534181c-9f5d-4f71-ad0d-cd71b851ae4d@group-CC68B5F19AD3-LeaderElection82: begin an election at term 64 for 0: [e76b0d72-a5f7-47dd-bc74-8743a5d358b0:192.168.69.89:42489, e534181c-9f5d-4f71-ad0d-cd71b851ae4d:192.168.69.89:44098, f1d6a710-9313-44dc-a005-f0b22c06f92c:192.168.69.89:41254], old=null
2019-10-20 10:18:28,652 [f1d6a710-9313-44dc-a005-f0b22c06f92c@group-9B460392F191-LeaderElection81] INFO  impl.LeaderElection (LeaderElection.java:logAndReturn(56)) - f1d6a710-9313-44dc-a005-f0b22c06f92c@group-9B460392F191-LeaderElection81: Election REJECTED; received 2 response(s) [f1d6a710-9313-44dc-a005-f0b22c06f92c<-e76b0d72-a5f7-47dd-bc74-8743a5d358b0#0:FAIL-t25, f1d6a710-9313-44dc-a005-f0b22c06f92c<-e534181c-9f5d-4f71-ad0d-cd71b851ae4d#0:FAIL-t25] and 0 exception(s); f1d6a710-9313-44dc-a005-f0b22c06f92c@group-9B460392F191:t25, leader=null, voted=f1d6a710-9313-44dc-a005-f0b22c06f92c, raftlog=f1d6a710-9313-44dc-a005-f0b22c06f92c@group-9B460392F191-SegmentedRaftLog:OPENED:c-1,f-1,i0, conf=-1: [e76b0d72-a5f7-47dd-bc74-8743a5d358b0:192.168.69.89:42489, e534181c-9f5d-4f71-ad0d-cd71b851ae4d:192.168.69.89:44098, f1d6a710-9313-44dc-a005-f0b22c06f92c:192.168.69.89:41254], old=null
2019-10-20 10:18:28,652 [f1d6a710-9313-44dc-a005-f0b22c06f92c@group-9B460392F191-LeaderElection81] INFO  impl.RaftServerImpl (RaftServerImpl.java:setRole(184)) - f1d6a710-9313-44dc-a005-f0b22c06f92c@group-9B460392F191: changes role from CANDIDATE to FOLLOWER at term 25 for DISCOVERED_A_NEW_TERM
2019-10-20 10:18:28,652 [f1d6a710-9313-44dc-a005-f0b22c06f92c@group-9B460392F191-LeaderElection81] INFO  impl.RoleInfo (RoleInfo.java:shutdownLeaderElection(134)) - f1d6a710-9313-44dc-a005-f0b22c06f92c: shutdown LeaderElection
2019-10-20 10:18:28,653 [f1d6a710-9313-44dc-a005-f0b22c06f92c@group-9B460392F191-LeaderElection81] INFO  impl.RoleInfo (RoleInfo.java:updateAndGet(143)) - f1d6a710-9313-44dc-a005-f0b22c06f92c: start FollowerState
2019-10-20 10:18:28,653 [grpc-default-executor-4] INFO  impl.RaftServerImpl (RaftServerImpl.java:setRole(184)) - f1d6a710-9313-44dc-a005-f0b22c06f92c@group-CC68B5F19AD3: changes role from  FOLLOWER to FOLLOWER at term 64 for recognizeCandidate:e534181c-9f5d-4f71-ad0d-cd71b851ae4d
2019-10-20 10:18:28,653 [grpc-default-executor-4] INFO  impl.RoleInfo (RoleInfo.java:shutdownFollowerState(121)) - f1d6a710-9313-44dc-a005-f0b22c06f92c: shutdown FollowerState
2019-10-20 10:18:28,653 [grpc-default-executor-4] INFO  impl.RoleInfo (RoleInfo.java:updateAndGet(143)) - f1d6a710-9313-44dc-a005-f0b22c06f92c: start FollowerState
2019-10-20 10:18:28,653 [Thread-1107] INFO  impl.FollowerState (FollowerState.java:run(117)) - f1d6a710-9313-44dc-a005-f0b22c06f92c@group-CC68B5F19AD3-FollowerState was interrupted: java.lang.InterruptedException: sleep interrupted
2019-10-20 10:18:28,653 [grpc-default-executor-3] INFO  impl.RaftServerImpl (RaftServerImpl.java:setRole(184)) - e76b0d72-a5f7-47dd-bc74-8743a5d358b0@group-CC68B5F19AD3: changes role from  FOLLOWER to FOLLOWER at term 64 for recognizeCandidate:e534181c-9f5d-4f71-ad0d-cd71b851ae4d
2019-10-20 10:18:28,653 [grpc-default-executor-3] INFO  impl.RoleInfo (RoleInfo.java:shutdownFollowerState(121)) - e76b0d72-a5f7-47dd-bc74-8743a5d358b0: shutdown FollowerState
2019-10-20 10:18:28,654 [grpc-default-executor-3] INFO  impl.RoleInfo (RoleInfo.java:updateAndGet(143)) - e76b0d72-a5f7-47dd-bc74-8743a5d358b0: start FollowerState
2019-10-20 10:18:28,654 [Thread-1106] INFO  impl.FollowerState (FollowerState.java:run(117)) - e76b0d72-a5f7-47dd-bc74-8743a5d358b0@group-CC68B5F19AD3-FollowerState was interrupted: java.lang.InterruptedException: sleep interrupted
2019-10-20 10:18:28,662 [e534181c-9f5d-4f71-ad0d-cd71b851ae4d@group-CC68B5F19AD3-LeaderElection82] INFO  impl.LeaderElection (LeaderElection.java:logAndReturn(56)) - e534181c-9f5d-4f71-ad0d-cd71b851ae4d@group-CC68B5F19AD3-LeaderElection82: Election TIMEOUT; received 0 response(s) [] and 0 exception(s); e534181c-9f5d-4f71-ad0d-cd71b851ae4d@group-CC68B5F19AD3:t64, leader=null, voted=e534181c-9f5d-4f71-ad0d-cd71b851ae4d, raftlog=e534181c-9f5d-4f71-ad0d-cd71b851ae4d@group-CC68B5F19AD3-SegmentedRaftLog:OPENED:c3,f4,i4, conf=0: [e76b0d72-a5f7-47dd-bc74-8743a5d358b0:192.168.69.89:42489, e534181c-9f5d-4f71-ad0d-cd71b851ae4d:192.168.69.89:44098, f1d6a710-9313-44dc-a005-f0b22c06f92c:192.168.69.89:41254], old=null
2019-10-20 10:18:28,663 [Thread-1118] INFO  impl.FollowerState (FollowerState.java:run(108)) - f1d6a710-9313-44dc-a005-f0b22c06f92c@group-9B460392F191-FollowerState: change to CANDIDATE, lastRpcTime:10ms, electionTimeout:10ms
2019-10-20 10:18:28,663 [Thread-1118] INFO  impl.RoleInfo (RoleInfo.java:shutdownFollowerState(121)) - f1d6a710-9313-44dc-a005-f0b22c06f92c: shutdown FollowerState
2019-10-20 10:18:28,663 [Thread-1118] INFO  impl.RaftServerImpl (RaftServerImpl.java:setRole(184)) - f1d6a710-9313-44dc-a005-f0b22c06f92c@group-9B460392F191: changes role from  FOLLOWER to CANDIDATE at term 25 for changeToCandidate
2019-10-20 10:18:28,663 [Thread-1118] INFO  impl.RoleInfo (RoleInfo.java:updateAndGet(143)) - f1d6a710-9313-44dc-a005-f0b22c06f92c: start LeaderElection
2019-10-20 10:18:28,666 [e534181c-9f5d-4f71-ad0d-cd71b851ae4d@group-CC68B5F19AD3-LeaderElection82] INFO  impl.LeaderElection (LeaderElection.java:askForVotes(178)) - e534181c-9f5d-4f71-ad0d-cd71b851ae4d@group-CC68B5F19AD3-LeaderElection82: begin an election at term 65 for 0: [e76b0d72-a5f7-47dd-bc74-8743a5d358b0:192.168.69.89:42489, e534181c-9f5d-4f71-ad0d-cd71b851ae4d:192.168.69.89:44098, f1d6a710-9313-44dc-a005-f0b22c06f92c:192.168.69.89:41254], old=null
2019-10-20 10:18:28,666 [f1d6a710-9313-44dc-a005-f0b22c06f92c@group-9B460392F191-LeaderElection83] INFO  impl.LeaderElection (LeaderElection.java:askForVotes(178)) - f1d6a710-9313-44dc-a005-f0b22c06f92c@group-9B460392F191-LeaderElection83: begin an election at term 26 for -1: [e76b0d72-a5f7-47dd-bc74-8743a5d358b0:192.168.69.89:42489, e534181c-9f5d-4f71-ad0d-cd71b851ae4d:192.168.69.89:44098, f1d6a710-9313-44dc-a005-f0b22c06f92c:192.168.69.89:41254], old=null
2019-10-20 10:18:28,668 [grpc-default-executor-3] INFO  impl.RaftServerImpl (RaftServerImpl.java:setRole(184)) - f1d6a710-9313-44dc-a005-f0b22c06f92c@group-CC68B5F19AD3: changes role from  FOLLOWER to FOLLOWER at term 65 for recognizeCandidate:e534181c-9f5d-4f71-ad0d-cd71b851ae4d
2019-10-20 10:18:28,668 [grpc-default-executor-4] INFO  impl.RaftServerImpl (RaftServerImpl.java:setRole(184)) - e76b0d72-a5f7-47dd-bc74-8743a5d358b0@group-CC68B5F19AD3: changes role from  FOLLOWER to FOLLOWER at term 65 for recognizeCandidate:e534181c-9f5d-4f71-ad0d-cd71b851ae4d
2019-10-20 10:18:28,668 [grpc-default-executor-3] INFO  impl.RoleInfo (RoleInfo.java:shutdownFollowerState(121)) - f1d6a710-9313-44dc-a005-f0b22c06f92c: shutdown FollowerState
2019-10-20 10:18:28,668 [grpc-default-executor-4] INFO  impl.RoleInfo (RoleInfo.java:shutdownFollowerState(121)) - e76b0d72-a5f7-47dd-bc74-8743a5d358b0: shutdown FollowerState
2019-10-20 10:18:28,668 [grpc-default-executor-3] INFO  impl.RoleInfo (RoleInfo.java:updateAndGet(143)) - f1d6a710-9313-44dc-a005-f0b22c06f92c: start FollowerState
2019-10-20 10:18:28,668 [Thread-1119] INFO  impl.FollowerState (FollowerState.java:run(117)) - f1d6a710-9313-44dc-a005-f0b22c06f92c@group-CC68B5F19AD3-FollowerState was interrupted: java.lang.InterruptedException: sleep interrupted
2019-10-20 10:18:28,668 [Thread-1120] INFO  impl.FollowerState (FollowerState.java:run(117)) - e76b0d72-a5f7-47dd-bc74-8743a5d358b0@group-CC68B5F19AD3-FollowerState was interrupted: java.lang.InterruptedException: sleep interrupted
2019-10-20 10:18:28,668 [grpc-default-executor-4] INFO  impl.RoleInfo (RoleInfo.java:updateAndGet(143)) - e76b0d72-a5f7-47dd-bc74-8743a5d358b0: start FollowerState
2019-10-20 10:18:28,668 [grpc-default-executor-8] INFO  impl.RaftServerImpl (RaftServerImpl.java:setRole(184)) - e534181c-9f5d-4f71-ad0d-cd71b851ae4d@group-9B460392F191: changes role from  FOLLOWER to FOLLOWER at term 26 for recognizeCandidate:f1d6a710-9313-44dc-a005-f0b22c06f92c
2019-10-20 10:18:28,669 [grpc-default-executor-5] INFO  impl.RaftServerImpl (RaftServerImpl.java:setRole(184)) - e76b0d72-a5f7-47dd-bc74-8743a5d358b0@group-9B460392F191: changes role from  FOLLOWER to FOLLOWER at term 26 for recognizeCandidate:f1d6a710-9313-44dc-a005-f0b22c06f92c
2019-10-20 10:18:28,669 [grpc-default-executor-8] INFO  impl.RoleInfo (RoleInfo.java:shutdownFollowerState(121)) - e534181c-9f5d-4f71-ad0d-cd71b851ae4d: shutdown FollowerState
2019-10-20 10:18:28,669 [grpc-default-executor-5] INFO  impl.RoleInfo (RoleInfo.java:shutdownFollowerState(121)) - e76b0d72-a5f7-47dd-bc74-8743a5d358b0: shutdown FollowerState
2019-10-20 10:18:28,669 [Thread-1113] INFO  impl.FollowerState (FollowerState.java:run(117)) - e534181c-9f5d-4f71-ad0d-cd71b851ae4d@group-9B460392F191-FollowerState was interrupted: java.lang.InterruptedException: sleep interrupted
2019-10-20 10:18:28,669 [Thread-1112] INFO  impl.FollowerState (FollowerState.java:run(117)) - e76b0d72-a5f7-47dd-bc74-8743a5d358b0@group-9B460392F191-FollowerState was interrupted: java.lang.InterruptedException: sleep interrupted
2019-10-20 10:18:28,669 [grpc-default-executor-8] INFO  impl.RoleInfo (RoleInfo.java:updateAndGet(143)) - e534181c-9f5d-4f71-ad0d-cd71b851ae4d: start FollowerState
2019-10-20 10:18:28,669 [grpc-default-executor-5] INFO  impl.RoleInfo (RoleInfo.java:updateAndGet(143)) - e76b0d72-a5f7-47dd-bc74-8743a5d358b0: start FollowerState
2019-10-20 10:18:28,683 [e534181c-9f5d-4f71-ad0d-cd71b851ae4d@group-CC68B5F19AD3-LeaderElection82] INFO  impl.LeaderElection (LeaderElection.java:logAndReturn(56)) - e534181c-9f5d-4f71-ad0d-cd71b851ae4d@group-CC68B5F19AD3-LeaderElection82: Election REJECTED; received 2 response(s) [e534181c-9f5d-4f71-ad0d-cd71b851ae4d<-e76b0d72-a5f7-47dd-bc74-8743a5d358b0#0:FAIL-t65, e534181c-9f5d-4f71-ad0d-cd71b851ae4d<-f1d6a710-9313-44dc-a005-f0b22c06f92c#0:FAIL-t65] and 0 exception(s); e534181c-9f5d-4f71-ad0d-cd71b851ae4d@group-CC68B5F19AD3:t65, leader=null, voted=e534181c-9f5d-4f71-ad0d-cd71b851ae4d, raftlog=e534181c-9f5d-4f71-ad0d-cd71b851ae4d@group-CC68B5F19AD3-SegmentedRaftLog:OPENED:c3,f4,i4, conf=0: [e76b0d72-a5f7-47dd-bc74-8743a5d358b0:192.168.69.89:42489, e534181c-9f5d-4f71-ad0d-cd71b851ae4d:192.168.69.89:44098, f1d6a710-9313-44dc-a005-f0b22c06f92c:192.168.69.89:41254], old=null
2019-10-20 10:18:28,683 [e534181c-9f5d-4f71-ad0d-cd71b851ae4d@group-CC68B5F19AD3-LeaderElection82] INFO  impl.RaftServerImpl (RaftServerImpl.java:setRole(184)) - e534181c-9f5d-4f71-ad0d-cd71b851ae4d@group-CC68B5F19AD3: changes role from CANDIDATE to FOLLOWER at term 65 for DISCOVERED_A_NEW_TERM
2019-10-20 10:18:28,683 [e534181c-9f5d-4f71-ad0d-cd71b851ae4d@group-CC68B5F19AD3-LeaderElection82] INFO  impl.RoleInfo (RoleInfo.java:shutdownLeaderElection(134)) - e534181c-9f5d-4f71-ad0d-cd71b851ae4d: shutdown LeaderElection
2019-10-20 10:18:28,683 [f1d6a710-9313-44dc-a005-f0b22c06f92c@group-9B460392F191-LeaderElection83] INFO  impl.LeaderElection (LeaderElection.java:logAndReturn(56)) - f1d6a710-9313-44dc-a005-f0b22c06f92c@group-9B460392F191-LeaderElection83: Election REJECTED; received 2 response(s) [f1d6a710-9313-44dc-a005-f0b22c06f92c<-e76b0d72-a5f7-47dd-bc74-8743a5d358b0#0:FAIL-t26, f1d6a710-9313-44dc-a005-f0b22c06f92c<-e534181c-9f5d-4f71-ad0d-cd71b851ae4d#0:FAIL-t26] and 0 exception(s); f1d6a710-9313-44dc-a005-f0b22c06f92c@group-9B460392F191:t26, leader=null, voted=f1d6a710-9313-44dc-a005-f0b22c06f92c, raftlog=f1d6a710-9313-44dc-a005-f0b22c06f92c@group-9B460392F191-SegmentedRaftLog:OPENED:c-1,f-1,i0, conf=-1: [e76b0d72-a5f7-47dd-bc74-8743a5d358b0:192.168.69.89:42489, e534181c-9f5d-4f71-ad0d-cd71b851ae4d:192.168.69.89:44098, f1d6a710-9313-44dc-a005-f0b22c06f92c:192.168.69.89:41254], old=null
2019-10-20 10:18:28,683 [e534181c-9f5d-4f71-ad0d-cd71b851ae4d@group-CC68B5F19AD3-LeaderElection82] INFO  impl.RoleInfo (RoleInfo.java:updateAndGet(143)) - e534181c-9f5d-4f71-ad0d-cd71b851ae4d: start FollowerState
2019-10-20 10:18:28,683 [f1d6a710-9313-44dc-a005-f0b22c06f92c@group-9B460392F191-LeaderElection83] INFO  impl.RaftServerImpl (RaftServerImpl.java:setRole(184)) - f1d6a710-9313-44dc-a005-f0b22c06f92c@group-9B460392F191: changes role from CANDIDATE to FOLLOWER at term 26 for DISCOVERED_A_NEW_TERM
2019-10-20 10:18:28,684 [f1d6a710-9313-44dc-a005-f0b22c06f92c@group-9B460392F191-LeaderElection83] INFO  impl.RoleInfo (RoleInfo.java:shutdownLeaderElection(134)) - f1d6a710-9313-44dc-a005-f0b22c06f92c: shutdown LeaderElection
2019-10-20 10:18:28,684 [f1d6a710-9313-44dc-a005-f0b22c06f92c@group-9B460392F191-LeaderElection83] INFO  impl.RoleInfo (RoleInfo.java:updateAndGet(143)) - f1d6a710-9313-44dc-a005-f0b22c06f92c: start FollowerState
2019-10-20 10:18:28,714 [Thread-1131] INFO  impl.FollowerState (FollowerState.java:run(108)) - f1d6a710-9313-44dc-a005-f0b22c06f92c@group-9B460392F191-FollowerState: change to CANDIDATE, lastRpcTime:30ms, electionTimeout:30ms
2019-10-20 10:18:28,714 [Thread-1131] INFO  impl.RoleInfo (RoleInfo.java:shutdownFollowerState(121)) - f1d6a710-9313-44dc-a005-f0b22c06f92c: shutdown FollowerState
2019-10-20 10:18:28,714 [Thread-1131] INFO  impl.RaftServerImpl (RaftServerImpl.java:setRole(184)) - f1d6a710-9313-44dc-a005-f0b22c06f92c@group-9B460392F191: changes role from  FOLLOWER to CANDIDATE at term 26 for changeToCandidate
2019-10-20 10:18:28,714 [Thread-1131] INFO  impl.RoleInfo (RoleInfo.java:updateAndGet(143)) - f1d6a710-9313-44dc-a005-f0b22c06f92c: start LeaderElection
2019-10-20 10:18:28,720 [pool-7-thread-3] INFO  commands.RetriableDatanodeEventWatcher (RetriableDatanodeEventWatcher.java:onTimeout(47)) - RetriableDatanodeCommand type=deleteBlocksCommand with id=1571566698709 timed out. Retrying.
2019-10-20 10:18:28,720 [pool-7-thread-3] INFO  commands.RetriableDatanodeEventWatcher (RetriableDatanodeEventWatcher.java:onTimeout(47)) - RetriableDatanodeCommand type=deleteBlocksCommand with id=1571566698707 timed out. Retrying.
2019-10-20 10:18:28,722 [pool-7-thread-3] INFO  commands.RetriableDatanodeEventWatcher (RetriableDatanodeEventWatcher.java:onTimeout(47)) - RetriableDatanodeCommand type=deleteBlocksCommand with id=1571566698711 timed out. Retrying.
2019-10-20 10:18:28,723 [pool-7-thread-2] INFO  commands.RetriableDatanodeEventWatcher (RetriableDatanodeEventWatcher.java:onTimeout(47)) - RetriableDatanodeCommand type=deleteBlocksCommand with id=1571566698710 timed out. Retrying.
2019-10-20 10:18:28,726 [pool-7-thread-2] INFO  commands.RetriableDatanodeEventWatcher (RetriableDatanodeEventWatcher.java:onTimeout(47)) - RetriableDatanodeCommand type=deleteBlocksCommand with id=1571566698713 timed out. Retrying.
2019-10-20 10:18:28,726 [pool-7-thread-3] INFO  commands.RetriableDatanodeEventWatcher (RetriableDatanodeEventWatcher.java:onTimeout(47)) - RetriableDatanodeCommand type=deleteBlocksCommand with id=1571566698712 timed out. Retrying.
2019-10-20 10:18:28,728 [f1d6a710-9313-44dc-a005-f0b22c06f92c@group-9B460392F191-LeaderElection84] INFO  impl.LeaderElection (LeaderElection.java:askForVotes(178)) - f1d6a710-9313-44dc-a005-f0b22c06f92c@group-9B460392F191-LeaderElection84: begin an election at term 27 for -1: [e76b0d72-a5f7-47dd-bc74-8743a5d358b0:192.168.69.89:42489, e534181c-9f5d-4f71-ad0d-cd71b851ae4d:192.168.69.89:44098, f1d6a710-9313-44dc-a005-f0b22c06f92c:192.168.69.89:41254], old=null
2019-10-20 10:18:28,730 [pool-7-thread-3] INFO  commands.RetriableDatanodeEventWatcher (RetriableDatanodeEventWatcher.java:onTimeout(47)) - RetriableDatanodeCommand type=deleteBlocksCommand with id=1571566698715 timed out. Retrying.
2019-10-20 10:18:28,730 [pool-7-thread-1] INFO  commands.RetriableDatanodeEventWatcher (RetriableDatanodeEventWatcher.java:onTimeout(47)) - RetriableDatanodeCommand type=deleteBlocksCommand with id=1571566698717 timed out. Retrying.
2019-10-20 10:18:28,730 [grpc-default-executor-8] INFO  impl.RaftServerImpl (RaftServerImpl.java:setRole(184)) - e534181c-9f5d-4f71-ad0d-cd71b851ae4d@group-9B460392F191: changes role from  FOLLOWER to FOLLOWER at term 27 for recognizeCandidate:f1d6a710-9313-44dc-a005-f0b22c06f92c
2019-10-20 10:18:28,730 [pool-7-thread-2] INFO  commands.RetriableDatanodeEventWatcher (RetriableDatanodeEventWatcher.java:onTimeout(47)) - RetriableDatanodeCommand type=deleteBlocksCommand with id=1571566698714 timed out. Retrying.
2019-10-20 10:18:28,730 [grpc-default-executor-5] INFO  impl.RaftServerImpl (RaftServerImpl.java:setRole(184)) - e76b0d72-a5f7-47dd-bc74-8743a5d358b0@group-9B460392F191: changes role from  FOLLOWER to FOLLOWER at term 27 for recognizeCandidate:f1d6a710-9313-44dc-a005-f0b22c06f92c
2019-10-20 10:18:28,730 [grpc-default-executor-8] INFO  impl.RoleInfo (RoleInfo.java:shutdownFollowerState(121)) - e534181c-9f5d-4f71-ad0d-cd71b851ae4d: shutdown FollowerState
2019-10-20 10:18:28,730 [grpc-default-executor-5] INFO  impl.RoleInfo (RoleInfo.java:shutdownFollowerState(121)) - e76b0d72-a5f7-47dd-bc74-8743a5d358b0: shutdown FollowerState
2019-10-20 10:18:28,730 [SCMBlockDeletingService#0] INFO  block.SCMBlockDeletingService (SCMBlockDeletingService.java:call(184)) - Totally added 1 delete blocks command for 1 datanodes, task elapsed time: 1ms
2019-10-20 10:18:28,730 [pool-7-thread-4] INFO  commands.RetriableDatanodeEventWatcher (RetriableDatanodeEventWatcher.java:onTimeout(47)) - RetriableDatanodeCommand type=deleteBlocksCommand with id=1571566698716 timed out. Retrying.
2019-10-20 10:18:28,731 [grpc-default-executor-5] INFO  impl.RoleInfo (RoleInfo.java:updateAndGet(143)) - e76b0d72-a5f7-47dd-bc74-8743a5d358b0: start FollowerState
2019-10-20 10:18:28,731 [Thread-1129] INFO  impl.FollowerState (FollowerState.java:run(117)) - e76b0d72-a5f7-47dd-bc74-8743a5d358b0@group-9B460392F191-FollowerState was interrupted: java.lang.InterruptedException: sleep interrupted
2019-10-20 10:18:28,731 [Thread-1128] INFO  impl.FollowerState (FollowerState.java:run(117)) - e534181c-9f5d-4f71-ad0d-cd71b851ae4d@group-9B460392F191-FollowerState was interrupted: java.lang.InterruptedException: sleep interrupted
2019-10-20 10:18:28,731 [grpc-default-executor-8] INFO  impl.RoleInfo (RoleInfo.java:updateAndGet(143)) - e534181c-9f5d-4f71-ad0d-cd71b851ae4d: start FollowerState
2019-10-20 10:18:28,745 [f1d6a710-9313-44dc-a005-f0b22c06f92c@group-9B460392F191-LeaderElection84] INFO  impl.LeaderElection (LeaderElection.java:logAndReturn(56)) - f1d6a710-9313-44dc-a005-f0b22c06f92c@group-9B460392F191-LeaderElection84: Election REJECTED; received 2 response(s) [f1d6a710-9313-44dc-a005-f0b22c06f92c<-e76b0d72-a5f7-47dd-bc74-8743a5d358b0#0:FAIL-t27, f1d6a710-9313-44dc-a005-f0b22c06f92c<-e534181c-9f5d-4f71-ad0d-cd71b851ae4d#0:FAIL-t27] and 0 exception(s); f1d6a710-9313-44dc-a005-f0b22c06f92c@group-9B460392F191:t27, leader=null, voted=f1d6a710-9313-44dc-a005-f0b22c06f92c, raftlog=f1d6a710-9313-44dc-a005-f0b22c06f92c@group-9B460392F191-SegmentedRaftLog:OPENED:c-1,f-1,i0, conf=-1: [e76b0d72-a5f7-47dd-bc74-8743a5d358b0:192.168.69.89:42489, e534181c-9f5d-4f71-ad0d-cd71b851ae4d:192.168.69.89:44098, f1d6a710-9313-44dc-a005-f0b22c06f92c:192.168.69.89:41254], old=null
2019-10-20 10:18:28,746 [f1d6a710-9313-44dc-a005-f0b22c06f92c@group-9B460392F191-LeaderElection84] INFO  impl.RaftServerImpl (RaftServerImpl.java:setRole(184)) - f1d6a710-9313-44dc-a005-f0b22c06f92c@group-9B460392F191: changes role from CANDIDATE to FOLLOWER at term 27 for DISCOVERED_A_NEW_TERM
2019-10-20 10:18:28,746 [f1d6a710-9313-44dc-a005-f0b22c06f92c@group-9B460392F191-LeaderElection84] INFO  impl.RoleInfo (RoleInfo.java:shutdownLeaderElection(134)) - f1d6a710-9313-44dc-a005-f0b22c06f92c: shutdown LeaderElection
2019-10-20 10:18:28,746 [f1d6a710-9313-44dc-a005-f0b22c06f92c@group-9B460392F191-LeaderElection84] INFO  impl.RoleInfo (RoleInfo.java:updateAndGet(143)) - f1d6a710-9313-44dc-a005-f0b22c06f92c: start FollowerState
2019-10-20 10:18:28,848 [Command processor thread] INFO  commandhandler.DeleteBlocksCommandHandler (DeleteBlocksCommandHandler.java:handle(106)) - Start to delete container blocks, TXIDs=[1(2)], numOfContainers=1, numOfBlocks=1
2019-10-20 10:18:28,849 [Command processor thread] INFO  commandhandler.DeleteBlocksCommandHandler (DeleteBlocksCommandHandler.java:handle(106)) - Start to delete container blocks, TXIDs=[1(0)], numOfContainers=1, numOfBlocks=1
2019-10-20 10:18:28,849 [Command processor thread] INFO  commandhandler.DeleteBlocksCommandHandler (DeleteBlocksCommandHandler.java:handle(106)) - Start to delete container blocks, TXIDs=[1(2)], numOfContainers=1, numOfBlocks=1
2019-10-20 10:18:28,850 [Command processor thread] INFO  commandhandler.DeleteBlocksCommandHandler (DeleteBlocksCommandHandler.java:handle(106)) - Start to delete container blocks, TXIDs=[1(2)], numOfContainers=1, numOfBlocks=1
2019-10-20 10:18:28,850 [Command processor thread] INFO  commandhandler.DeleteBlocksCommandHandler (DeleteBlocksCommandHandler.java:handle(106)) - Start to delete container blocks, TXIDs=[1(2)], numOfContainers=1, numOfBlocks=1
2019-10-20 10:18:28,850 [Command processor thread] INFO  commandhandler.DeleteBlocksCommandHandler (DeleteBlocksCommandHandler.java:handle(106)) - Start to delete container blocks, TXIDs=[1(2)], numOfContainers=1, numOfBlocks=1
2019-10-20 10:18:28,850 [Command processor thread] INFO  commandhandler.DeleteBlocksCommandHandler (DeleteBlocksCommandHandler.java:handle(106)) - Start to delete container blocks, TXIDs=[1(31)], numOfContainers=1, numOfBlocks=1
2019-10-20 10:18:28,851 [Command processor thread] INFO  commandhandler.DeleteBlocksCommandHandler (DeleteBlocksCommandHandler.java:handle(106)) - Start to delete container blocks, TXIDs=[1(2)], numOfContainers=1, numOfBlocks=1
2019-10-20 10:18:28,851 [Command processor thread] INFO  commandhandler.DeleteBlocksCommandHandler (DeleteBlocksCommandHandler.java:handle(106)) - Start to delete container blocks, TXIDs=[1(47)], numOfContainers=1, numOfBlocks=1
2019-10-20 10:18:28,851 [Thread-1139] INFO  client.GrpcClientProtocolService (GrpcClientProtocolService.java:lambda$processClientRequest$0(278)) - Failed RaftClientRequest:client-67F6425C4112->e534181c-9f5d-4f71-ad0d-cd71b851ae4d@group-CC68B5F19AD3, cid=10, seq=0, Watch-ALL_COMMITTED(6), Message:<EMPTY>, reply=RaftClientReply:client-67F6425C4112->e534181c-9f5d-4f71-ad0d-cd71b851ae4d@group-CC68B5F19AD3, cid=10, FAILED org.apache.ratis.protocol.NotLeaderException: Server e534181c-9f5d-4f71-ad0d-cd71b851ae4d@group-CC68B5F19AD3 is not the leader, logIndex=0, commits[e534181c-9f5d-4f71-ad0d-cd71b851ae4d:c3]
2019-10-20 10:18:28,851 [Command processor thread] INFO  commandhandler.DeleteBlocksCommandHandler (DeleteBlocksCommandHandler.java:handle(106)) - Start to delete container blocks, TXIDs=[1(38)], numOfContainers=1, numOfBlocks=1
2019-10-20 10:18:28,852 [Command processor thread] INFO  commandhandler.DeleteBlocksCommandHandler (DeleteBlocksCommandHandler.java:handle(106)) - Start to delete container blocks, TXIDs=[1(2)], numOfContainers=1, numOfBlocks=1
2019-10-20 10:18:28,853 [Command processor thread] INFO  commandhandler.DeleteBlocksCommandHandler (DeleteBlocksCommandHandler.java:handle(106)) - Start to delete container blocks, TXIDs=[1(0)], numOfContainers=1, numOfBlocks=1
2019-10-20 10:18:28,854 [Command processor thread] INFO  commandhandler.DeleteBlocksCommandHandler (DeleteBlocksCommandHandler.java:handle(106)) - Start to delete container blocks, TXIDs=[1(2)], numOfContainers=1, numOfBlocks=1
2019-10-20 10:18:28,854 [Command processor thread] INFO  commandhandler.DeleteBlocksCommandHandler (DeleteBlocksCommandHandler.java:handle(106)) - Start to delete container blocks, TXIDs=[1(2)], numOfContainers=1, numOfBlocks=1
2019-10-20 10:18:28,854 [Command processor thread] INFO  commandhandler.DeleteBlocksCommandHandler (DeleteBlocksCommandHandler.java:handle(106)) - Start to delete container blocks, TXIDs=[1(2)], numOfContainers=1, numOfBlocks=1
2019-10-20 10:18:28,855 [Command processor thread] INFO  commandhandler.DeleteBlocksCommandHandler (DeleteBlocksCommandHandler.java:handle(106)) - Start to delete container blocks, TXIDs=[1(2)], numOfContainers=1, numOfBlocks=1
2019-10-20 10:18:28,856 [Command processor thread] INFO  commandhandler.DeleteBlocksCommandHandler (DeleteBlocksCommandHandler.java:handle(106)) - Start to delete container blocks, TXIDs=[1(31)], numOfContainers=1, numOfBlocks=1
2019-10-20 10:18:28,856 [Command processor thread] INFO  commandhandler.DeleteBlocksCommandHandler (DeleteBlocksCommandHandler.java:handle(106)) - Start to delete container blocks, TXIDs=[1(47)], numOfContainers=1, numOfBlocks=1
2019-10-20 10:18:28,858 [Command processor thread] INFO  commandhandler.DeleteBlocksCommandHandler (DeleteBlocksCommandHandler.java:handle(106)) - Start to delete container blocks, TXIDs=[1(57)], numOfContainers=1, numOfBlocks=1
2019-10-20 10:18:28,858 [Command processor thread] INFO  commandhandler.DeleteBlocksCommandHandler (DeleteBlocksCommandHandler.java:handle(106)) - Start to delete container blocks, TXIDs=[1(2)], numOfContainers=1, numOfBlocks=1
2019-10-20 10:18:28,858 [Command processor thread] INFO  commandhandler.DeleteBlocksCommandHandler (DeleteBlocksCommandHandler.java:handle(106)) - Start to delete container blocks, TXIDs=[1(38)], numOfContainers=1, numOfBlocks=1
2019-10-20 10:18:28,877 [Thread-1130] INFO  impl.FollowerState (FollowerState.java:run(108)) - e534181c-9f5d-4f71-ad0d-cd71b851ae4d@group-CC68B5F19AD3-FollowerState: change to CANDIDATE, lastRpcTime:193ms, electionTimeout:193ms
2019-10-20 10:18:28,877 [Thread-1130] INFO  impl.RoleInfo (RoleInfo.java:shutdownFollowerState(121)) - e534181c-9f5d-4f71-ad0d-cd71b851ae4d: shutdown FollowerState
2019-10-20 10:18:28,877 [Thread-1130] INFO  impl.RaftServerImpl (RaftServerImpl.java:setRole(184)) - e534181c-9f5d-4f71-ad0d-cd71b851ae4d@group-CC68B5F19AD3: changes role from  FOLLOWER to CANDIDATE at term 65 for changeToCandidate
2019-10-20 10:18:28,877 [Thread-1130] INFO  impl.RoleInfo (RoleInfo.java:updateAndGet(143)) - e534181c-9f5d-4f71-ad0d-cd71b851ae4d: start LeaderElection
2019-10-20 10:18:28,891 [e534181c-9f5d-4f71-ad0d-cd71b851ae4d@group-CC68B5F19AD3-LeaderElection85] INFO  impl.LeaderElection (LeaderElection.java:askForVotes(178)) - e534181c-9f5d-4f71-ad0d-cd71b851ae4d@group-CC68B5F19AD3-LeaderElection85: begin an election at term 66 for 0: [e76b0d72-a5f7-47dd-bc74-8743a5d358b0:192.168.69.89:42489, e534181c-9f5d-4f71-ad0d-cd71b851ae4d:192.168.69.89:44098, f1d6a710-9313-44dc-a005-f0b22c06f92c:192.168.69.89:41254], old=null
2019-10-20 10:18:28,894 [grpc-default-executor-5] INFO  impl.RaftServerImpl (RaftServerImpl.java:setRole(184)) - e76b0d72-a5f7-47dd-bc74-8743a5d358b0@group-CC68B5F19AD3: changes role from  FOLLOWER to FOLLOWER at term 66 for recognizeCandidate:e534181c-9f5d-4f71-ad0d-cd71b851ae4d
2019-10-20 10:18:28,894 [grpc-default-executor-5] INFO  impl.RoleInfo (RoleInfo.java:shutdownFollowerState(121)) - e76b0d72-a5f7-47dd-bc74-8743a5d358b0: shutdown FollowerState
2019-10-20 10:18:28,894 [grpc-default-executor-8] INFO  impl.RaftServerImpl (RaftServerImpl.java:setRole(184)) - f1d6a710-9313-44dc-a005-f0b22c06f92c@group-CC68B5F19AD3: changes role from  FOLLOWER to FOLLOWER at term 66 for recognizeCandidate:e534181c-9f5d-4f71-ad0d-cd71b851ae4d
2019-10-20 10:18:28,894 [Thread-1127] INFO  impl.FollowerState (FollowerState.java:run(117)) - e76b0d72-a5f7-47dd-bc74-8743a5d358b0@group-CC68B5F19AD3-FollowerState was interrupted: java.lang.InterruptedException: sleep interrupted
2019-10-20 10:18:28,894 [grpc-default-executor-5] INFO  impl.RoleInfo (RoleInfo.java:updateAndGet(143)) - e76b0d72-a5f7-47dd-bc74-8743a5d358b0: start FollowerState
2019-10-20 10:18:28,894 [grpc-default-executor-8] INFO  impl.RoleInfo (RoleInfo.java:shutdownFollowerState(121)) - f1d6a710-9313-44dc-a005-f0b22c06f92c: shutdown FollowerState
2019-10-20 10:18:28,894 [grpc-default-executor-8] INFO  impl.RoleInfo (RoleInfo.java:updateAndGet(143)) - f1d6a710-9313-44dc-a005-f0b22c06f92c: start FollowerState
2019-10-20 10:18:28,894 [Thread-1126] INFO  impl.FollowerState (FollowerState.java:run(117)) - f1d6a710-9313-44dc-a005-f0b22c06f92c@group-CC68B5F19AD3-FollowerState was interrupted: java.lang.InterruptedException: sleep interrupted
2019-10-20 10:18:28,909 [e534181c-9f5d-4f71-ad0d-cd71b851ae4d@group-CC68B5F19AD3-LeaderElection85] INFO  impl.LeaderElection (LeaderElection.java:logAndReturn(56)) - e534181c-9f5d-4f71-ad0d-cd71b851ae4d@group-CC68B5F19AD3-LeaderElection85: Election REJECTED; received 2 response(s) [e534181c-9f5d-4f71-ad0d-cd71b851ae4d<-e76b0d72-a5f7-47dd-bc74-8743a5d358b0#0:FAIL-t66, e534181c-9f5d-4f71-ad0d-cd71b851ae4d<-f1d6a710-9313-44dc-a005-f0b22c06f92c#0:FAIL-t66] and 0 exception(s); e534181c-9f5d-4f71-ad0d-cd71b851ae4d@group-CC68B5F19AD3:t66, leader=null, voted=e534181c-9f5d-4f71-ad0d-cd71b851ae4d, raftlog=e534181c-9f5d-4f71-ad0d-cd71b851ae4d@group-CC68B5F19AD3-SegmentedRaftLog:OPENED:c3,f4,i4, conf=0: [e76b0d72-a5f7-47dd-bc74-8743a5d358b0:192.168.69.89:42489, e534181c-9f5d-4f71-ad0d-cd71b851ae4d:192.168.69.89:44098, f1d6a710-9313-44dc-a005-f0b22c06f92c:192.168.69.89:41254], old=null
2019-10-20 10:18:28,909 [e534181c-9f5d-4f71-ad0d-cd71b851ae4d@group-CC68B5F19AD3-LeaderElection85] INFO  impl.RaftServerImpl (RaftServerImpl.java:setRole(184)) - e534181c-9f5d-4f71-ad0d-cd71b851ae4d@group-CC68B5F19AD3: changes role from CANDIDATE to FOLLOWER at term 66 for DISCOVERED_A_NEW_TERM
2019-10-20 10:18:28,909 [e534181c-9f5d-4f71-ad0d-cd71b851ae4d@group-CC68B5F19AD3-LeaderElection85] INFO  impl.RoleInfo (RoleInfo.java:shutdownLeaderElection(134)) - e534181c-9f5d-4f71-ad0d-cd71b851ae4d: shutdown LeaderElection
2019-10-20 10:18:28,909 [e534181c-9f5d-4f71-ad0d-cd71b851ae4d@group-CC68B5F19AD3-LeaderElection85] INFO  impl.RoleInfo (RoleInfo.java:updateAndGet(143)) - e534181c-9f5d-4f71-ad0d-cd71b851ae4d: start FollowerState
2019-10-20 10:18:28,927 [Thread-1137] INFO  impl.FollowerState (FollowerState.java:run(108)) - f1d6a710-9313-44dc-a005-f0b22c06f92c@group-9B460392F191-FollowerState: change to CANDIDATE, lastRpcTime:180ms, electionTimeout:180ms
2019-10-20 10:18:28,927 [Thread-1137] INFO  impl.RoleInfo (RoleInfo.java:shutdownFollowerState(121)) - f1d6a710-9313-44dc-a005-f0b22c06f92c: shutdown FollowerState
2019-10-20 10:18:28,927 [Thread-1137] INFO  impl.RaftServerImpl (RaftServerImpl.java:setRole(184)) - f1d6a710-9313-44dc-a005-f0b22c06f92c@group-9B460392F191: changes role from  FOLLOWER to CANDIDATE at term 27 for changeToCandidate
2019-10-20 10:18:28,927 [Thread-1137] INFO  impl.RoleInfo (RoleInfo.java:updateAndGet(143)) - f1d6a710-9313-44dc-a005-f0b22c06f92c: start LeaderElection
2019-10-20 10:18:28,940 [f1d6a710-9313-44dc-a005-f0b22c06f92c@group-9B460392F191-LeaderElection86] INFO  impl.LeaderElection (LeaderElection.java:askForVotes(178)) - f1d6a710-9313-44dc-a005-f0b22c06f92c@group-9B460392F191-LeaderElection86: begin an election at term 28 for -1: [e76b0d72-a5f7-47dd-bc74-8743a5d358b0:192.168.69.89:42489, e534181c-9f5d-4f71-ad0d-cd71b851ae4d:192.168.69.89:44098, f1d6a710-9313-44dc-a005-f0b22c06f92c:192.168.69.89:41254], old=null
2019-10-20 10:18:28,942 [grpc-default-executor-5] INFO  impl.RaftServerImpl (RaftServerImpl.java:setRole(184)) - e76b0d72-a5f7-47dd-bc74-8743a5d358b0@group-9B460392F191: changes role from  FOLLOWER to FOLLOWER at term 28 for recognizeCandidate:f1d6a710-9313-44dc-a005-f0b22c06f92c
2019-10-20 10:18:28,942 [grpc-default-executor-5] INFO  impl.RoleInfo (RoleInfo.java:shutdownFollowerState(121)) - e76b0d72-a5f7-47dd-bc74-8743a5d358b0: shutdown FollowerState
2019-10-20 10:18:28,942 [grpc-default-executor-5] INFO  impl.RoleInfo (RoleInfo.java:updateAndGet(143)) - e76b0d72-a5f7-47dd-bc74-8743a5d358b0: start FollowerState
2019-10-20 10:18:28,942 [Thread-1136] INFO  impl.FollowerState (FollowerState.java:run(117)) - e76b0d72-a5f7-47dd-bc74-8743a5d358b0@group-9B460392F191-FollowerState was interrupted: java.lang.InterruptedException: sleep interrupted
2019-10-20 10:18:28,942 [grpc-default-executor-8] INFO  impl.RaftServerImpl (RaftServerImpl.java:setRole(184)) - e534181c-9f5d-4f71-ad0d-cd71b851ae4d@group-9B460392F191: changes role from  FOLLOWER to FOLLOWER at term 28 for recognizeCandidate:f1d6a710-9313-44dc-a005-f0b22c06f92c
2019-10-20 10:18:28,942 [grpc-default-executor-8] INFO  impl.RoleInfo (RoleInfo.java:shutdownFollowerState(121)) - e534181c-9f5d-4f71-ad0d-cd71b851ae4d: shutdown FollowerState
2019-10-20 10:18:28,942 [grpc-default-executor-8] INFO  impl.RoleInfo (RoleInfo.java:updateAndGet(143)) - e534181c-9f5d-4f71-ad0d-cd71b851ae4d: start FollowerState
2019-10-20 10:18:28,942 [Thread-1135] INFO  impl.FollowerState (FollowerState.java:run(117)) - e534181c-9f5d-4f71-ad0d-cd71b851ae4d@group-9B460392F191-FollowerState was interrupted: java.lang.InterruptedException: sleep interrupted
2019-10-20 10:18:28,956 [f1d6a710-9313-44dc-a005-f0b22c06f92c@group-9B460392F191-LeaderElection86] INFO  impl.LeaderElection (LeaderElection.java:logAndReturn(56)) - f1d6a710-9313-44dc-a005-f0b22c06f92c@group-9B460392F191-LeaderElection86: Election REJECTED; received 2 response(s) [f1d6a710-9313-44dc-a005-f0b22c06f92c<-e76b0d72-a5f7-47dd-bc74-8743a5d358b0#0:FAIL-t28, f1d6a710-9313-44dc-a005-f0b22c06f92c<-e534181c-9f5d-4f71-ad0d-cd71b851ae4d#0:FAIL-t28] and 0 exception(s); f1d6a710-9313-44dc-a005-f0b22c06f92c@group-9B460392F191:t28, leader=null, voted=f1d6a710-9313-44dc-a005-f0b22c06f92c, raftlog=f1d6a710-9313-44dc-a005-f0b22c06f92c@group-9B460392F191-SegmentedRaftLog:OPENED:c-1,f-1,i0, conf=-1: [e76b0d72-a5f7-47dd-bc74-8743a5d358b0:192.168.69.89:42489, e534181c-9f5d-4f71-ad0d-cd71b851ae4d:192.168.69.89:44098, f1d6a710-9313-44dc-a005-f0b22c06f92c:192.168.69.89:41254], old=null
2019-10-20 10:18:28,957 [f1d6a710-9313-44dc-a005-f0b22c06f92c@group-9B460392F191-LeaderElection86] INFO  impl.RaftServerImpl (RaftServerImpl.java:setRole(184)) - f1d6a710-9313-44dc-a005-f0b22c06f92c@group-9B460392F191: changes role from CANDIDATE to FOLLOWER at term 28 for DISCOVERED_A_NEW_TERM
2019-10-20 10:18:28,957 [f1d6a710-9313-44dc-a005-f0b22c06f92c@group-9B460392F191-LeaderElection86] INFO  impl.RoleInfo (RoleInfo.java:shutdownLeaderElection(134)) - f1d6a710-9313-44dc-a005-f0b22c06f92c: shutdown LeaderElection
2019-10-20 10:18:28,957 [f1d6a710-9313-44dc-a005-f0b22c06f92c@group-9B460392F191-LeaderElection86] INFO  impl.RoleInfo (RoleInfo.java:updateAndGet(143)) - f1d6a710-9313-44dc-a005-f0b22c06f92c: start FollowerState
2019-10-20 10:18:29,021 [BlockDeletingService#2] WARN  background.BlockDeletingService (BlockDeletingService.java:isDeletionAllowed(187)) - Close Container log Index 6 is not replicated across allthe servers in the pipeline 119175b0-5d21-4334-a09f-cc68b5f19ad3 as the min replicated index is 4. Deletion is not allowed in this container yet.
2019-10-20 10:18:29,021 [BlockDeletingService#2] WARN  background.BlockDeletingService (BlockDeletingService.java:isDeletionAllowed(187)) - Close Container log Index 6 is not replicated across allthe servers in the pipeline 119175b0-5d21-4334-a09f-cc68b5f19ad3 as the min replicated index is 4. Deletion is not allowed in this container yet.
2019-10-20 10:18:29,053 [EventQueue-DeleteBlockStatusForDeletedBlockLogImpl] WARN  block.DeletedBlockLogImpl (DeletedBlockLogImpl.java:commitTransactions(205)) - Transaction txId=1 commit by dnId=e534181c-9f5d-4f71-ad0d-cd71b851ae4d for containerID=#1 failed. Corresponding entry not found.
2019-10-20 10:18:29,053 [EventQueue-DeleteBlockStatusForDeletedBlockLogImpl] WARN  block.DeletedBlockLogImpl (DeletedBlockLogImpl.java:commitTransactions(205)) - Transaction txId=1 commit by dnId=e534181c-9f5d-4f71-ad0d-cd71b851ae4d for containerID=#1 failed. Corresponding entry not found.
2019-10-20 10:18:29,053 [EventQueue-DeleteBlockStatusForDeletedBlockLogImpl] WARN  block.DeletedBlockLogImpl (DeletedBlockLogImpl.java:commitTransactions(205)) - Transaction txId=1 commit by dnId=e534181c-9f5d-4f71-ad0d-cd71b851ae4d for containerID=#1 failed. Corresponding entry not found.
2019-10-20 10:18:29,053 [EventQueue-DeleteBlockStatusForDeletedBlockLogImpl] WARN  block.DeletedBlockLogImpl (DeletedBlockLogImpl.java:commitTransactions(205)) - Transaction txId=1 commit by dnId=e534181c-9f5d-4f71-ad0d-cd71b851ae4d for containerID=#1 failed. Corresponding entry not found.
2019-10-20 10:18:29,053 [EventQueue-DeleteBlockStatusForDeletedBlockLogImpl] WARN  block.DeletedBlockLogImpl (DeletedBlockLogImpl.java:commitTransactions(205)) - Transaction txId=1 commit by dnId=e534181c-9f5d-4f71-ad0d-cd71b851ae4d for containerID=#1 failed. Corresponding entry not found.
2019-10-20 10:18:29,053 [EventQueue-DeleteBlockStatusForDeletedBlockLogImpl] WARN  block.DeletedBlockLogImpl (DeletedBlockLogImpl.java:commitTransactions(205)) - Transaction txId=1 commit by dnId=e534181c-9f5d-4f71-ad0d-cd71b851ae4d for containerID=#1 failed. Corresponding entry not found.
2019-10-20 10:18:29,053 [EventQueue-DeleteBlockStatusForDeletedBlockLogImpl] WARN  block.DeletedBlockLogImpl (DeletedBlockLogImpl.java:commitTransactions(205)) - Transaction txId=1 commit by dnId=e534181c-9f5d-4f71-ad0d-cd71b851ae4d for containerID=#1 failed. Corresponding entry not found.
2019-10-20 10:18:29,053 [EventQueue-DeleteBlockStatusForDeletedBlockLogImpl] WARN  block.DeletedBlockLogImpl (DeletedBlockLogImpl.java:commitTransactions(205)) - Transaction txId=1 commit by dnId=e534181c-9f5d-4f71-ad0d-cd71b851ae4d for containerID=#1 failed. Corresponding entry not found.
2019-10-20 10:18:29,053 [EventQueue-DeleteBlockStatusForDeletedBlockLogImpl] WARN  block.DeletedBlockLogImpl (DeletedBlockLogImpl.java:commitTransactions(205)) - Transaction txId=1 commit by dnId=e534181c-9f5d-4f71-ad0d-cd71b851ae4d for containerID=#1 failed. Corresponding entry not found.
2019-10-20 10:18:29,054 [EventQueue-DeleteBlockStatusForDeletedBlockLogImpl] WARN  block.DeletedBlockLogImpl (DeletedBlockLogImpl.java:commitTransactions(205)) - Transaction txId=1 commit by dnId=e534181c-9f5d-4f71-ad0d-cd71b851ae4d for containerID=#1 failed. Corresponding entry not found.
2019-10-20 10:18:29,105 [Thread-1146] INFO  impl.FollowerState (FollowerState.java:run(108)) - e534181c-9f5d-4f71-ad0d-cd71b851ae4d@group-CC68B5F19AD3-FollowerState: change to CANDIDATE, lastRpcTime:195ms, electionTimeout:195ms
2019-10-20 10:18:29,105 [Thread-1146] INFO  impl.RoleInfo (RoleInfo.java:shutdownFollowerState(121)) - e534181c-9f5d-4f71-ad0d-cd71b851ae4d: shutdown FollowerState
2019-10-20 10:18:29,105 [Thread-1146] INFO  impl.RaftServerImpl (RaftServerImpl.java:setRole(184)) - e534181c-9f5d-4f71-ad0d-cd71b851ae4d@group-CC68B5F19AD3: changes role from  FOLLOWER to CANDIDATE at term 66 for changeToCandidate
2019-10-20 10:18:29,105 [Thread-1146] INFO  impl.RoleInfo (RoleInfo.java:updateAndGet(143)) - e534181c-9f5d-4f71-ad0d-cd71b851ae4d: start LeaderElection
2019-10-20 10:18:29,130 [e534181c-9f5d-4f71-ad0d-cd71b851ae4d@group-CC68B5F19AD3-LeaderElection87] INFO  impl.LeaderElection (LeaderElection.java:askForVotes(178)) - e534181c-9f5d-4f71-ad0d-cd71b851ae4d@group-CC68B5F19AD3-LeaderElection87: begin an election at term 67 for 0: [e76b0d72-a5f7-47dd-bc74-8743a5d358b0:192.168.69.89:42489, e534181c-9f5d-4f71-ad0d-cd71b851ae4d:192.168.69.89:44098, f1d6a710-9313-44dc-a005-f0b22c06f92c:192.168.69.89:41254], old=null
2019-10-20 10:18:29,138 [grpc-default-executor-8] INFO  impl.RaftServerImpl (RaftServerImpl.java:setRole(184)) - f1d6a710-9313-44dc-a005-f0b22c06f92c@group-CC68B5F19AD3: changes role from  FOLLOWER to FOLLOWER at term 67 for recognizeCandidate:e534181c-9f5d-4f71-ad0d-cd71b851ae4d
2019-10-20 10:18:29,138 [grpc-default-executor-5] INFO  impl.RaftServerImpl (RaftServerImpl.java:setRole(184)) - e76b0d72-a5f7-47dd-bc74-8743a5d358b0@group-CC68B5F19AD3: changes role from  FOLLOWER to FOLLOWER at term 67 for recognizeCandidate:e534181c-9f5d-4f71-ad0d-cd71b851ae4d
2019-10-20 10:18:29,139 [grpc-default-executor-8] INFO  impl.RoleInfo (RoleInfo.java:shutdownFollowerState(121)) - f1d6a710-9313-44dc-a005-f0b22c06f92c: shutdown FollowerState
2019-10-20 10:18:29,139 [grpc-default-executor-5] INFO  impl.RoleInfo (RoleInfo.java:shutdownFollowerState(121)) - e76b0d72-a5f7-47dd-bc74-8743a5d358b0: shutdown FollowerState
2019-10-20 10:18:29,139 [grpc-default-executor-8] INFO  impl.RoleInfo (RoleInfo.java:updateAndGet(143)) - f1d6a710-9313-44dc-a005-f0b22c06f92c: start FollowerState
2019-10-20 10:18:29,139 [Thread-1145] INFO  impl.FollowerState (FollowerState.java:run(117)) - f1d6a710-9313-44dc-a005-f0b22c06f92c@group-CC68B5F19AD3-FollowerState was interrupted: java.lang.InterruptedException: sleep interrupted
2019-10-20 10:18:29,139 [Thread-1144] INFO  impl.FollowerState (FollowerState.java:run(117)) - e76b0d72-a5f7-47dd-bc74-8743a5d358b0@group-CC68B5F19AD3-FollowerState was interrupted: java.lang.InterruptedException: sleep interrupted
2019-10-20 10:18:29,139 [grpc-default-executor-5] INFO  impl.RoleInfo (RoleInfo.java:updateAndGet(143)) - e76b0d72-a5f7-47dd-bc74-8743a5d358b0: start FollowerState
2019-10-20 10:18:29,142 [Thread-1152] INFO  impl.FollowerState (FollowerState.java:run(108)) - f1d6a710-9313-44dc-a005-f0b22c06f92c@group-9B460392F191-FollowerState: change to CANDIDATE, lastRpcTime:185ms, electionTimeout:185ms
2019-10-20 10:18:29,142 [Thread-1152] INFO  impl.RoleInfo (RoleInfo.java:shutdownFollowerState(121)) - f1d6a710-9313-44dc-a005-f0b22c06f92c: shutdown FollowerState
2019-10-20 10:18:29,142 [Thread-1152] INFO  impl.RaftServerImpl (RaftServerImpl.java:setRole(184)) - f1d6a710-9313-44dc-a005-f0b22c06f92c@group-9B460392F191: changes role from  FOLLOWER to CANDIDATE at term 28 for changeToCandidate
2019-10-20 10:18:29,143 [Thread-1152] INFO  impl.RoleInfo (RoleInfo.java:updateAndGet(143)) - f1d6a710-9313-44dc-a005-f0b22c06f92c: start LeaderElection
2019-10-20 10:18:29,153 [f1d6a710-9313-44dc-a005-f0b22c06f92c@group-9B460392F191-LeaderElection88] INFO  impl.LeaderElection (LeaderElection.java:askForVotes(178)) - f1d6a710-9313-44dc-a005-f0b22c06f92c@group-9B460392F191-LeaderElection88: begin an election at term 29 for -1: [e76b0d72-a5f7-47dd-bc74-8743a5d358b0:192.168.69.89:42489, e534181c-9f5d-4f71-ad0d-cd71b851ae4d:192.168.69.89:44098, f1d6a710-9313-44dc-a005-f0b22c06f92c:192.168.69.89:41254], old=null
2019-10-20 10:18:29,154 [e534181c-9f5d-4f71-ad0d-cd71b851ae4d@group-CC68B5F19AD3-LeaderElection87] INFO  impl.LeaderElection (LeaderElection.java:logAndReturn(56)) - e534181c-9f5d-4f71-ad0d-cd71b851ae4d@group-CC68B5F19AD3-LeaderElection87: Election REJECTED; received 2 response(s) [e534181c-9f5d-4f71-ad0d-cd71b851ae4d<-e76b0d72-a5f7-47dd-bc74-8743a5d358b0#0:FAIL-t67, e534181c-9f5d-4f71-ad0d-cd71b851ae4d<-f1d6a710-9313-44dc-a005-f0b22c06f92c#0:FAIL-t67] and 0 exception(s); e534181c-9f5d-4f71-ad0d-cd71b851ae4d@group-CC68B5F19AD3:t67, leader=null, voted=e534181c-9f5d-4f71-ad0d-cd71b851ae4d, raftlog=e534181c-9f5d-4f71-ad0d-cd71b851ae4d@group-CC68B5F19AD3-SegmentedRaftLog:OPENED:c3,f4,i4, conf=0: [e76b0d72-a5f7-47dd-bc74-8743a5d358b0:192.168.69.89:42489, e534181c-9f5d-4f71-ad0d-cd71b851ae4d:192.168.69.89:44098, f1d6a710-9313-44dc-a005-f0b22c06f92c:192.168.69.89:41254], old=null
2019-10-20 10:18:29,155 [e534181c-9f5d-4f71-ad0d-cd71b851ae4d@group-CC68B5F19AD3-LeaderElection87] INFO  impl.RaftServerImpl (RaftServerImpl.java:setRole(184)) - e534181c-9f5d-4f71-ad0d-cd71b851ae4d@group-CC68B5F19AD3: changes role from CANDIDATE to FOLLOWER at term 67 for DISCOVERED_A_NEW_TERM
2019-10-20 10:18:29,155 [e534181c-9f5d-4f71-ad0d-cd71b851ae4d@group-CC68B5F19AD3-LeaderElection87] INFO  impl.RoleInfo (RoleInfo.java:shutdownLeaderElection(134)) - e534181c-9f5d-4f71-ad0d-cd71b851ae4d: shutdown LeaderElection
2019-10-20 10:18:29,155 [grpc-default-executor-8] INFO  impl.RaftServerImpl (RaftServerImpl.java:setRole(184)) - e76b0d72-a5f7-47dd-bc74-8743a5d358b0@group-9B460392F191: changes role from  FOLLOWER to FOLLOWER at term 29 for recognizeCandidate:f1d6a710-9313-44dc-a005-f0b22c06f92c
2019-10-20 10:18:29,155 [grpc-default-executor-8] INFO  impl.RoleInfo (RoleInfo.java:shutdownFollowerState(121)) - e76b0d72-a5f7-47dd-bc74-8743a5d358b0: shutdown FollowerState
2019-10-20 10:18:29,155 [e534181c-9f5d-4f71-ad0d-cd71b851ae4d@group-CC68B5F19AD3-LeaderElection87] INFO  impl.RoleInfo (RoleInfo.java:updateAndGet(143)) - e534181c-9f5d-4f71-ad0d-cd71b851ae4d: start FollowerState
2019-10-20 10:18:29,155 [grpc-default-executor-5] INFO  impl.RaftServerImpl (RaftServerImpl.java:setRole(184)) - e534181c-9f5d-4f71-ad0d-cd71b851ae4d@group-9B460392F191: changes role from  FOLLOWER to FOLLOWER at term 29 for recognizeCandidate:f1d6a710-9313-44dc-a005-f0b22c06f92c
2019-10-20 10:18:29,155 [Thread-1150] INFO  impl.FollowerState (FollowerState.java:run(117)) - e76b0d72-a5f7-47dd-bc74-8743a5d358b0@group-9B460392F191-FollowerState was interrupted: java.lang.InterruptedException: sleep interrupted
2019-10-20 10:18:29,155 [grpc-default-executor-8] INFO  impl.RoleInfo (RoleInfo.java:updateAndGet(143)) - e76b0d72-a5f7-47dd-bc74-8743a5d358b0: start FollowerState
2019-10-20 10:18:29,156 [grpc-default-executor-5] INFO  impl.RoleInfo (RoleInfo.java:shutdownFollowerState(121)) - e534181c-9f5d-4f71-ad0d-cd71b851ae4d: shutdown FollowerState
2019-10-20 10:18:29,156 [grpc-default-executor-5] INFO  impl.RoleInfo (RoleInfo.java:updateAndGet(143)) - e534181c-9f5d-4f71-ad0d-cd71b851ae4d: start FollowerState
2019-10-20 10:18:29,156 [Thread-1151] INFO  impl.FollowerState (FollowerState.java:run(117)) - e534181c-9f5d-4f71-ad0d-cd71b851ae4d@group-9B460392F191-FollowerState was interrupted: java.lang.InterruptedException: sleep interrupted
2019-10-20 10:18:29,170 [f1d6a710-9313-44dc-a005-f0b22c06f92c@group-9B460392F191-LeaderElection88] INFO  impl.LeaderElection (LeaderElection.java:logAndReturn(56)) - f1d6a710-9313-44dc-a005-f0b22c06f92c@group-9B460392F191-LeaderElection88: Election REJECTED; received 2 response(s) [f1d6a710-9313-44dc-a005-f0b22c06f92c<-e76b0d72-a5f7-47dd-bc74-8743a5d358b0#0:FAIL-t29, f1d6a710-9313-44dc-a005-f0b22c06f92c<-e534181c-9f5d-4f71-ad0d-cd71b851ae4d#0:FAIL-t29] and 0 exception(s); f1d6a710-9313-44dc-a005-f0b22c06f92c@group-9B460392F191:t29, leader=null, voted=f1d6a710-9313-44dc-a005-f0b22c06f92c, raftlog=f1d6a710-9313-44dc-a005-f0b22c06f92c@group-9B460392F191-SegmentedRaftLog:OPENED:c-1,f-1,i0, conf=-1: [e76b0d72-a5f7-47dd-bc74-8743a5d358b0:192.168.69.89:42489, e534181c-9f5d-4f71-ad0d-cd71b851ae4d:192.168.69.89:44098, f1d6a710-9313-44dc-a005-f0b22c06f92c:192.168.69.89:41254], old=null
2019-10-20 10:18:29,170 [f1d6a710-9313-44dc-a005-f0b22c06f92c@group-9B460392F191-LeaderElection88] INFO  impl.RaftServerImpl (RaftServerImpl.java:setRole(184)) - f1d6a710-9313-44dc-a005-f0b22c06f92c@group-9B460392F191: changes role from CANDIDATE to FOLLOWER at term 29 for DISCOVERED_A_NEW_TERM
2019-10-20 10:18:29,170 [f1d6a710-9313-44dc-a005-f0b22c06f92c@group-9B460392F191-LeaderElection88] INFO  impl.RoleInfo (RoleInfo.java:shutdownLeaderElection(134)) - f1d6a710-9313-44dc-a005-f0b22c06f92c: shutdown LeaderElection
2019-10-20 10:18:29,171 [f1d6a710-9313-44dc-a005-f0b22c06f92c@group-9B460392F191-LeaderElection88] INFO  impl.RoleInfo (RoleInfo.java:updateAndGet(143)) - f1d6a710-9313-44dc-a005-f0b22c06f92c: start FollowerState
2019-10-20 10:18:29,216 [Thread-1163] INFO  impl.FollowerState (FollowerState.java:run(108)) - e534181c-9f5d-4f71-ad0d-cd71b851ae4d@group-CC68B5F19AD3-FollowerState: change to CANDIDATE, lastRpcTime:60ms, electionTimeout:60ms
2019-10-20 10:18:29,216 [Thread-1163] INFO  impl.RoleInfo (RoleInfo.java:shutdownFollowerState(121)) - e534181c-9f5d-4f71-ad0d-cd71b851ae4d: shutdown FollowerState
2019-10-20 10:18:29,216 [Thread-1163] INFO  impl.RaftServerImpl (RaftServerImpl.java:setRole(184)) - e534181c-9f5d-4f71-ad0d-cd71b851ae4d@group-CC68B5F19AD3: changes role from  FOLLOWER to CANDIDATE at term 67 for changeToCandidate
2019-10-20 10:18:29,216 [Thread-1163] INFO  impl.RoleInfo (RoleInfo.java:updateAndGet(143)) - e534181c-9f5d-4f71-ad0d-cd71b851ae4d: start LeaderElection
2019-10-20 10:18:29,229 [e534181c-9f5d-4f71-ad0d-cd71b851ae4d@group-CC68B5F19AD3-LeaderElection89] INFO  impl.LeaderElection (LeaderElection.java:askForVotes(178)) - e534181c-9f5d-4f71-ad0d-cd71b851ae4d@group-CC68B5F19AD3-LeaderElection89: begin an election at term 68 for 0: [e76b0d72-a5f7-47dd-bc74-8743a5d358b0:192.168.69.89:42489, e534181c-9f5d-4f71-ad0d-cd71b851ae4d:192.168.69.89:44098, f1d6a710-9313-44dc-a005-f0b22c06f92c:192.168.69.89:41254], old=null
2019-10-20 10:18:29,232 [grpc-default-executor-5] INFO  impl.RaftServerImpl (RaftServerImpl.java:setRole(184)) - e76b0d72-a5f7-47dd-bc74-8743a5d358b0@group-CC68B5F19AD3: changes role from  FOLLOWER to FOLLOWER at term 68 for recognizeCandidate:e534181c-9f5d-4f71-ad0d-cd71b851ae4d
2019-10-20 10:18:29,232 [grpc-default-executor-5] INFO  impl.RoleInfo (RoleInfo.java:shutdownFollowerState(121)) - e76b0d72-a5f7-47dd-bc74-8743a5d358b0: shutdown FollowerState
2019-10-20 10:18:29,232 [grpc-default-executor-5] INFO  impl.RoleInfo (RoleInfo.java:updateAndGet(143)) - e76b0d72-a5f7-47dd-bc74-8743a5d358b0: start FollowerState
2019-10-20 10:18:29,232 [Thread-1159] INFO  impl.FollowerState (FollowerState.java:run(117)) - e76b0d72-a5f7-47dd-bc74-8743a5d358b0@group-CC68B5F19AD3-FollowerState was interrupted: java.lang.InterruptedException: sleep interrupted
2019-10-20 10:18:29,232 [grpc-default-executor-8] INFO  impl.RaftServerImpl (RaftServerImpl.java:setRole(184)) - f1d6a710-9313-44dc-a005-f0b22c06f92c@group-CC68B5F19AD3: changes role from  FOLLOWER to FOLLOWER at term 68 for recognizeCandidate:e534181c-9f5d-4f71-ad0d-cd71b851ae4d
2019-10-20 10:18:29,232 [grpc-default-executor-8] INFO  impl.RoleInfo (RoleInfo.java:shutdownFollowerState(121)) - f1d6a710-9313-44dc-a005-f0b22c06f92c: shutdown FollowerState
2019-10-20 10:18:29,232 [grpc-default-executor-8] INFO  impl.RoleInfo (RoleInfo.java:updateAndGet(143)) - f1d6a710-9313-44dc-a005-f0b22c06f92c: start FollowerState
2019-10-20 10:18:29,232 [Thread-1158] INFO  impl.FollowerState (FollowerState.java:run(117)) - f1d6a710-9313-44dc-a005-f0b22c06f92c@group-CC68B5F19AD3-FollowerState was interrupted: java.lang.InterruptedException: sleep interrupted
2019-10-20 10:18:29,247 [e534181c-9f5d-4f71-ad0d-cd71b851ae4d@group-CC68B5F19AD3-LeaderElection89] INFO  impl.LeaderElection (LeaderElection.java:logAndReturn(56)) - e534181c-9f5d-4f71-ad0d-cd71b851ae4d@group-CC68B5F19AD3-LeaderElection89: Election REJECTED; received 2 response(s) [e534181c-9f5d-4f71-ad0d-cd71b851ae4d<-e76b0d72-a5f7-47dd-bc74-8743a5d358b0#0:FAIL-t68, e534181c-9f5d-4f71-ad0d-cd71b851ae4d<-f1d6a710-9313-44dc-a005-f0b22c06f92c#0:FAIL-t68] and 0 exception(s); e534181c-9f5d-4f71-ad0d-cd71b851ae4d@group-CC68B5F19AD3:t68, leader=null, voted=e534181c-9f5d-4f71-ad0d-cd71b851ae4d, raftlog=e534181c-9f5d-4f71-ad0d-cd71b851ae4d@group-CC68B5F19AD3-SegmentedRaftLog:OPENED:c3,f4,i4, conf=0: [e76b0d72-a5f7-47dd-bc74-8743a5d358b0:192.168.69.89:42489, e534181c-9f5d-4f71-ad0d-cd71b851ae4d:192.168.69.89:44098, f1d6a710-9313-44dc-a005-f0b22c06f92c:192.168.69.89:41254], old=null
2019-10-20 10:18:29,247 [e534181c-9f5d-4f71-ad0d-cd71b851ae4d@group-CC68B5F19AD3-LeaderElection89] INFO  impl.RaftServerImpl (RaftServerImpl.java:setRole(184)) - e534181c-9f5d-4f71-ad0d-cd71b851ae4d@group-CC68B5F19AD3: changes role from CANDIDATE to FOLLOWER at term 68 for DISCOVERED_A_NEW_TERM
2019-10-20 10:18:29,247 [e534181c-9f5d-4f71-ad0d-cd71b851ae4d@group-CC68B5F19AD3-LeaderElection89] INFO  impl.RoleInfo (RoleInfo.java:shutdownLeaderElection(134)) - e534181c-9f5d-4f71-ad0d-cd71b851ae4d: shutdown LeaderElection
2019-10-20 10:18:29,247 [e534181c-9f5d-4f71-ad0d-cd71b851ae4d@group-CC68B5F19AD3-LeaderElection89] INFO  impl.RoleInfo (RoleInfo.java:updateAndGet(143)) - e534181c-9f5d-4f71-ad0d-cd71b851ae4d: start FollowerState
2019-10-20 10:18:29,337 [Thread-1166] INFO  impl.FollowerState (FollowerState.java:run(108)) - f1d6a710-9313-44dc-a005-f0b22c06f92c@group-9B460392F191-FollowerState: change to CANDIDATE, lastRpcTime:166ms, electionTimeout:166ms
2019-10-20 10:18:29,337 [Thread-1166] INFO  impl.RoleInfo (RoleInfo.java:shutdownFollowerState(121)) - f1d6a710-9313-44dc-a005-f0b22c06f92c: shutdown FollowerState
2019-10-20 10:18:29,337 [Thread-1166] INFO  impl.RaftServerImpl (RaftServerImpl.java:setRole(184)) - f1d6a710-9313-44dc-a005-f0b22c06f92c@group-9B460392F191: changes role from  FOLLOWER to CANDIDATE at term 29 for changeToCandidate
2019-10-20 10:18:29,337 [Thread-1166] INFO  impl.RoleInfo (RoleInfo.java:updateAndGet(143)) - f1d6a710-9313-44dc-a005-f0b22c06f92c: start LeaderElection
2019-10-20 10:18:29,351 [f1d6a710-9313-44dc-a005-f0b22c06f92c@group-9B460392F191-LeaderElection90] INFO  impl.LeaderElection (LeaderElection.java:askForVotes(178)) - f1d6a710-9313-44dc-a005-f0b22c06f92c@group-9B460392F191-LeaderElection90: begin an election at term 30 for -1: [e76b0d72-a5f7-47dd-bc74-8743a5d358b0:192.168.69.89:42489, e534181c-9f5d-4f71-ad0d-cd71b851ae4d:192.168.69.89:44098, f1d6a710-9313-44dc-a005-f0b22c06f92c:192.168.69.89:41254], old=null
2019-10-20 10:18:29,354 [grpc-default-executor-8] INFO  impl.RaftServerImpl (RaftServerImpl.java:setRole(184)) - e76b0d72-a5f7-47dd-bc74-8743a5d358b0@group-9B460392F191: changes role from  FOLLOWER to FOLLOWER at term 30 for recognizeCandidate:f1d6a710-9313-44dc-a005-f0b22c06f92c
2019-10-20 10:18:29,354 [grpc-default-executor-8] INFO  impl.RoleInfo (RoleInfo.java:shutdownFollowerState(121)) - e76b0d72-a5f7-47dd-bc74-8743a5d358b0: shutdown FollowerState
2019-10-20 10:18:29,354 [grpc-default-executor-8] INFO  impl.RoleInfo (RoleInfo.java:updateAndGet(143)) - e76b0d72-a5f7-47dd-bc74-8743a5d358b0: start FollowerState
2019-10-20 10:18:29,354 [Thread-1164] INFO  impl.FollowerState (FollowerState.java:run(117)) - e76b0d72-a5f7-47dd-bc74-8743a5d358b0@group-9B460392F191-FollowerState was interrupted: java.lang.InterruptedException: sleep interrupted
2019-10-20 10:18:29,354 [grpc-default-executor-5] INFO  impl.RaftServerImpl (RaftServerImpl.java:setRole(184)) - e534181c-9f5d-4f71-ad0d-cd71b851ae4d@group-9B460392F191: changes role from  FOLLOWER to FOLLOWER at term 30 for recognizeCandidate:f1d6a710-9313-44dc-a005-f0b22c06f92c
2019-10-20 10:18:29,354 [grpc-default-executor-5] INFO  impl.RoleInfo (RoleInfo.java:shutdownFollowerState(121)) - e534181c-9f5d-4f71-ad0d-cd71b851ae4d: shutdown FollowerState
2019-10-20 10:18:29,355 [grpc-default-executor-5] INFO  impl.RoleInfo (RoleInfo.java:updateAndGet(143)) - e534181c-9f5d-4f71-ad0d-cd71b851ae4d: start FollowerState
2019-10-20 10:18:29,355 [Thread-1165] INFO  impl.FollowerState (FollowerState.java:run(117)) - e534181c-9f5d-4f71-ad0d-cd71b851ae4d@group-9B460392F191-FollowerState was interrupted: java.lang.InterruptedException: sleep interrupted
2019-10-20 10:18:29,356 [Thread-1172] INFO  impl.FollowerState (FollowerState.java:run(108)) - e534181c-9f5d-4f71-ad0d-cd71b851ae4d@group-CC68B5F19AD3-FollowerState: change to CANDIDATE, lastRpcTime:109ms, electionTimeout:109ms
2019-10-20 10:18:29,356 [Thread-1172] INFO  impl.RoleInfo (RoleInfo.java:shutdownFollowerState(121)) - e534181c-9f5d-4f71-ad0d-cd71b851ae4d: shutdown FollowerState
2019-10-20 10:18:29,357 [Thread-1172] INFO  impl.RaftServerImpl (RaftServerImpl.java:setRole(184)) - e534181c-9f5d-4f71-ad0d-cd71b851ae4d@group-CC68B5F19AD3: changes role from  FOLLOWER to CANDIDATE at term 68 for changeToCandidate
2019-10-20 10:18:29,357 [Thread-1172] INFO  impl.RoleInfo (RoleInfo.java:updateAndGet(143)) - e534181c-9f5d-4f71-ad0d-cd71b851ae4d: start LeaderElection
2019-10-20 10:18:29,369 [e534181c-9f5d-4f71-ad0d-cd71b851ae4d@group-CC68B5F19AD3-LeaderElection91] INFO  impl.LeaderElection (LeaderElection.java:askForVotes(178)) - e534181c-9f5d-4f71-ad0d-cd71b851ae4d@group-CC68B5F19AD3-LeaderElection91: begin an election at term 69 for 0: [e76b0d72-a5f7-47dd-bc74-8743a5d358b0:192.168.69.89:42489, e534181c-9f5d-4f71-ad0d-cd71b851ae4d:192.168.69.89:44098, f1d6a710-9313-44dc-a005-f0b22c06f92c:192.168.69.89:41254], old=null
2019-10-20 10:18:29,370 [f1d6a710-9313-44dc-a005-f0b22c06f92c@group-9B460392F191-LeaderElection90] INFO  impl.LeaderElection (LeaderElection.java:logAndReturn(56)) - f1d6a710-9313-44dc-a005-f0b22c06f92c@group-9B460392F191-LeaderElection90: Election REJECTED; received 2 response(s) [f1d6a710-9313-44dc-a005-f0b22c06f92c<-e76b0d72-a5f7-47dd-bc74-8743a5d358b0#0:FAIL-t30, f1d6a710-9313-44dc-a005-f0b22c06f92c<-e534181c-9f5d-4f71-ad0d-cd71b851ae4d#0:FAIL-t30] and 0 exception(s); f1d6a710-9313-44dc-a005-f0b22c06f92c@group-9B460392F191:t30, leader=null, voted=f1d6a710-9313-44dc-a005-f0b22c06f92c, raftlog=f1d6a710-9313-44dc-a005-f0b22c06f92c@group-9B460392F191-SegmentedRaftLog:OPENED:c-1,f-1,i0, conf=-1: [e76b0d72-a5f7-47dd-bc74-8743a5d358b0:192.168.69.89:42489, e534181c-9f5d-4f71-ad0d-cd71b851ae4d:192.168.69.89:44098, f1d6a710-9313-44dc-a005-f0b22c06f92c:192.168.69.89:41254], old=null
2019-10-20 10:18:29,370 [f1d6a710-9313-44dc-a005-f0b22c06f92c@group-9B460392F191-LeaderElection90] INFO  impl.RaftServerImpl (RaftServerImpl.java:setRole(184)) - f1d6a710-9313-44dc-a005-f0b22c06f92c@group-9B460392F191: changes role from CANDIDATE to FOLLOWER at term 30 for DISCOVERED_A_NEW_TERM
2019-10-20 10:18:29,370 [f1d6a710-9313-44dc-a005-f0b22c06f92c@group-9B460392F191-LeaderElection90] INFO  impl.RoleInfo (RoleInfo.java:shutdownLeaderElection(134)) - f1d6a710-9313-44dc-a005-f0b22c06f92c: shutdown LeaderElection
2019-10-20 10:18:29,371 [f1d6a710-9313-44dc-a005-f0b22c06f92c@group-9B460392F191-LeaderElection90] INFO  impl.RoleInfo (RoleInfo.java:updateAndGet(143)) - f1d6a710-9313-44dc-a005-f0b22c06f92c: start FollowerState
2019-10-20 10:18:29,371 [grpc-default-executor-8] INFO  impl.RaftServerImpl (RaftServerImpl.java:setRole(184)) - e76b0d72-a5f7-47dd-bc74-8743a5d358b0@group-CC68B5F19AD3: changes role from  FOLLOWER to FOLLOWER at term 69 for recognizeCandidate:e534181c-9f5d-4f71-ad0d-cd71b851ae4d
2019-10-20 10:18:29,371 [grpc-default-executor-8] INFO  impl.RoleInfo (RoleInfo.java:shutdownFollowerState(121)) - e76b0d72-a5f7-47dd-bc74-8743a5d358b0: shutdown FollowerState
2019-10-20 10:18:29,372 [grpc-default-executor-8] INFO  impl.RoleInfo (RoleInfo.java:updateAndGet(143)) - e76b0d72-a5f7-47dd-bc74-8743a5d358b0: start FollowerState
2019-10-20 10:18:29,372 [Thread-1170] INFO  impl.FollowerState (FollowerState.java:run(117)) - e76b0d72-a5f7-47dd-bc74-8743a5d358b0@group-CC68B5F19AD3-FollowerState was interrupted: java.lang.InterruptedException: sleep interrupted
2019-10-20 10:18:29,372 [grpc-default-executor-5] INFO  impl.RaftServerImpl (RaftServerImpl.java:setRole(184)) - f1d6a710-9313-44dc-a005-f0b22c06f92c@group-CC68B5F19AD3: changes role from  FOLLOWER to FOLLOWER at term 69 for recognizeCandidate:e534181c-9f5d-4f71-ad0d-cd71b851ae4d
2019-10-20 10:18:29,372 [grpc-default-executor-5] INFO  impl.RoleInfo (RoleInfo.java:shutdownFollowerState(121)) - f1d6a710-9313-44dc-a005-f0b22c06f92c: shutdown FollowerState
2019-10-20 10:18:29,372 [grpc-default-executor-5] INFO  impl.RoleInfo (RoleInfo.java:updateAndGet(143)) - f1d6a710-9313-44dc-a005-f0b22c06f92c: start FollowerState
2019-10-20 10:18:29,372 [Thread-1171] INFO  impl.FollowerState (FollowerState.java:run(117)) - f1d6a710-9313-44dc-a005-f0b22c06f92c@group-CC68B5F19AD3-FollowerState was interrupted: java.lang.InterruptedException: sleep interrupted
2019-10-20 10:18:29,374 [Thread-1181] INFO  impl.FollowerState (FollowerState.java:run(108)) - f1d6a710-9313-44dc-a005-f0b22c06f92c@group-9B460392F191-FollowerState: change to CANDIDATE, lastRpcTime:3ms, electionTimeout:3ms
2019-10-20 10:18:29,374 [Thread-1181] INFO  impl.RoleInfo (RoleInfo.java:shutdownFollowerState(121)) - f1d6a710-9313-44dc-a005-f0b22c06f92c: shutdown FollowerState
2019-10-20 10:18:29,374 [Thread-1181] INFO  impl.RaftServerImpl (RaftServerImpl.java:setRole(184)) - f1d6a710-9313-44dc-a005-f0b22c06f92c@group-9B460392F191: changes role from  FOLLOWER to CANDIDATE at term 30 for changeToCandidate
2019-10-20 10:18:29,374 [Thread-1181] INFO  impl.RoleInfo (RoleInfo.java:updateAndGet(143)) - f1d6a710-9313-44dc-a005-f0b22c06f92c: start LeaderElection
2019-10-20 10:18:29,391 [f1d6a710-9313-44dc-a005-f0b22c06f92c@group-9B460392F191-LeaderElection92] INFO  impl.LeaderElection (LeaderElection.java:askForVotes(178)) - f1d6a710-9313-44dc-a005-f0b22c06f92c@group-9B460392F191-LeaderElection92: begin an election at term 31 for -1: [e76b0d72-a5f7-47dd-bc74-8743a5d358b0:192.168.69.89:42489, e534181c-9f5d-4f71-ad0d-cd71b851ae4d:192.168.69.89:44098, f1d6a710-9313-44dc-a005-f0b22c06f92c:192.168.69.89:41254], old=null
2019-10-20 10:18:29,393 [e534181c-9f5d-4f71-ad0d-cd71b851ae4d@group-CC68B5F19AD3-LeaderElection91] INFO  impl.LeaderElection (LeaderElection.java:logAndReturn(56)) - e534181c-9f5d-4f71-ad0d-cd71b851ae4d@group-CC68B5F19AD3-LeaderElection91: Election REJECTED; received 2 response(s) [e534181c-9f5d-4f71-ad0d-cd71b851ae4d<-e76b0d72-a5f7-47dd-bc74-8743a5d358b0#0:FAIL-t69, e534181c-9f5d-4f71-ad0d-cd71b851ae4d<-f1d6a710-9313-44dc-a005-f0b22c06f92c#0:FAIL-t69] and 0 exception(s); e534181c-9f5d-4f71-ad0d-cd71b851ae4d@group-CC68B5F19AD3:t69, leader=null, voted=e534181c-9f5d-4f71-ad0d-cd71b851ae4d, raftlog=e534181c-9f5d-4f71-ad0d-cd71b851ae4d@group-CC68B5F19AD3-SegmentedRaftLog:OPENED:c3,f4,i4, conf=0: [e76b0d72-a5f7-47dd-bc74-8743a5d358b0:192.168.69.89:42489, e534181c-9f5d-4f71-ad0d-cd71b851ae4d:192.168.69.89:44098, f1d6a710-9313-44dc-a005-f0b22c06f92c:192.168.69.89:41254], old=null
2019-10-20 10:18:29,393 [e534181c-9f5d-4f71-ad0d-cd71b851ae4d@group-CC68B5F19AD3-LeaderElection91] INFO  impl.RaftServerImpl (RaftServerImpl.java:setRole(184)) - e534181c-9f5d-4f71-ad0d-cd71b851ae4d@group-CC68B5F19AD3: changes role from CANDIDATE to FOLLOWER at term 69 for DISCOVERED_A_NEW_TERM
2019-10-20 10:18:29,393 [e534181c-9f5d-4f71-ad0d-cd71b851ae4d@group-CC68B5F19AD3-LeaderElection91] INFO  impl.RoleInfo (RoleInfo.java:shutdownLeaderElection(134)) - e534181c-9f5d-4f71-ad0d-cd71b851ae4d: shutdown LeaderElection
2019-10-20 10:18:29,393 [e534181c-9f5d-4f71-ad0d-cd71b851ae4d@group-CC68B5F19AD3-LeaderElection91] INFO  impl.RoleInfo (RoleInfo.java:updateAndGet(143)) - e534181c-9f5d-4f71-ad0d-cd71b851ae4d: start FollowerState
2019-10-20 10:18:29,394 [grpc-default-executor-5] INFO  impl.RaftServerImpl (RaftServerImpl.java:setRole(184)) - e76b0d72-a5f7-47dd-bc74-8743a5d358b0@group-9B460392F191: changes role from  FOLLOWER to FOLLOWER at term 31 for recognizeCandidate:f1d6a710-9313-44dc-a005-f0b22c06f92c
2019-10-20 10:18:29,394 [grpc-default-executor-5] INFO  impl.RoleInfo (RoleInfo.java:shutdownFollowerState(121)) - e76b0d72-a5f7-47dd-bc74-8743a5d358b0: shutdown FollowerState
2019-10-20 10:18:29,394 [grpc-default-executor-8] INFO  impl.RaftServerImpl (RaftServerImpl.java:setRole(184)) - e534181c-9f5d-4f71-ad0d-cd71b851ae4d@group-9B460392F191: changes role from  FOLLOWER to FOLLOWER at term 31 for recognizeCandidate:f1d6a710-9313-44dc-a005-f0b22c06f92c
2019-10-20 10:18:29,394 [grpc-default-executor-8] INFO  impl.RoleInfo (RoleInfo.java:shutdownFollowerState(121)) - e534181c-9f5d-4f71-ad0d-cd71b851ae4d: shutdown FollowerState
2019-10-20 10:18:29,394 [Thread-1176] INFO  impl.FollowerState (FollowerState.java:run(117)) - e76b0d72-a5f7-47dd-bc74-8743a5d358b0@group-9B460392F191-FollowerState was interrupted: java.lang.InterruptedException: sleep interrupted
2019-10-20 10:18:29,394 [grpc-default-executor-5] INFO  impl.RoleInfo (RoleInfo.java:updateAndGet(143)) - e76b0d72-a5f7-47dd-bc74-8743a5d358b0: start FollowerState
2019-10-20 10:18:29,394 [Thread-1177] INFO  impl.FollowerState (FollowerState.java:run(117)) - e534181c-9f5d-4f71-ad0d-cd71b851ae4d@group-9B460392F191-FollowerState was interrupted: java.lang.InterruptedException: sleep interrupted
2019-10-20 10:18:29,394 [grpc-default-executor-8] INFO  impl.RoleInfo (RoleInfo.java:updateAndGet(143)) - e534181c-9f5d-4f71-ad0d-cd71b851ae4d: start FollowerState
2019-10-20 10:18:29,410 [f1d6a710-9313-44dc-a005-f0b22c06f92c@group-9B460392F191-LeaderElection92] INFO  impl.LeaderElection (LeaderElection.java:logAndReturn(56)) - f1d6a710-9313-44dc-a005-f0b22c06f92c@group-9B460392F191-LeaderElection92: Election REJECTED; received 2 response(s) [f1d6a710-9313-44dc-a005-f0b22c06f92c<-e76b0d72-a5f7-47dd-bc74-8743a5d358b0#0:FAIL-t31, f1d6a710-9313-44dc-a005-f0b22c06f92c<-e534181c-9f5d-4f71-ad0d-cd71b851ae4d#0:FAIL-t31] and 0 exception(s); f1d6a710-9313-44dc-a005-f0b22c06f92c@group-9B460392F191:t31, leader=null, voted=f1d6a710-9313-44dc-a005-f0b22c06f92c, raftlog=f1d6a710-9313-44dc-a005-f0b22c06f92c@group-9B460392F191-SegmentedRaftLog:OPENED:c-1,f-1,i0, conf=-1: [e76b0d72-a5f7-47dd-bc74-8743a5d358b0:192.168.69.89:42489, e534181c-9f5d-4f71-ad0d-cd71b851ae4d:192.168.69.89:44098, f1d6a710-9313-44dc-a005-f0b22c06f92c:192.168.69.89:41254], old=null
2019-10-20 10:18:29,410 [f1d6a710-9313-44dc-a005-f0b22c06f92c@group-9B460392F191-LeaderElection92] INFO  impl.RaftServerImpl (RaftServerImpl.java:setRole(184)) - f1d6a710-9313-44dc-a005-f0b22c06f92c@group-9B460392F191: changes role from CANDIDATE to FOLLOWER at term 31 for DISCOVERED_A_NEW_TERM
2019-10-20 10:18:29,410 [f1d6a710-9313-44dc-a005-f0b22c06f92c@group-9B460392F191-LeaderElection92] INFO  impl.RoleInfo (RoleInfo.java:shutdownLeaderElection(134)) - f1d6a710-9313-44dc-a005-f0b22c06f92c: shutdown LeaderElection
2019-10-20 10:18:29,410 [f1d6a710-9313-44dc-a005-f0b22c06f92c@group-9B460392F191-LeaderElection92] INFO  impl.RoleInfo (RoleInfo.java:updateAndGet(143)) - f1d6a710-9313-44dc-a005-f0b22c06f92c: start FollowerState
2019-10-20 10:18:29,453 [Thread-1187] INFO  impl.FollowerState (FollowerState.java:run(108)) - e534181c-9f5d-4f71-ad0d-cd71b851ae4d@group-CC68B5F19AD3-FollowerState: change to CANDIDATE, lastRpcTime:59ms, electionTimeout:59ms
2019-10-20 10:18:29,453 [Thread-1187] INFO  impl.RoleInfo (RoleInfo.java:shutdownFollowerState(121)) - e534181c-9f5d-4f71-ad0d-cd71b851ae4d: shutdown FollowerState
2019-10-20 10:18:29,453 [Thread-1187] INFO  impl.RaftServerImpl (RaftServerImpl.java:setRole(184)) - e534181c-9f5d-4f71-ad0d-cd71b851ae4d@group-CC68B5F19AD3: changes role from  FOLLOWER to CANDIDATE at term 69 for changeToCandidate
2019-10-20 10:18:29,453 [Thread-1187] INFO  impl.RoleInfo (RoleInfo.java:updateAndGet(143)) - e534181c-9f5d-4f71-ad0d-cd71b851ae4d: start LeaderElection
2019-10-20 10:18:29,466 [e534181c-9f5d-4f71-ad0d-cd71b851ae4d@group-CC68B5F19AD3-LeaderElection93] INFO  impl.LeaderElection (LeaderElection.java:askForVotes(178)) - e534181c-9f5d-4f71-ad0d-cd71b851ae4d@group-CC68B5F19AD3-LeaderElection93: begin an election at term 70 for 0: [e76b0d72-a5f7-47dd-bc74-8743a5d358b0:192.168.69.89:42489, e534181c-9f5d-4f71-ad0d-cd71b851ae4d:192.168.69.89:44098, f1d6a710-9313-44dc-a005-f0b22c06f92c:192.168.69.89:41254], old=null
2019-10-20 10:18:29,468 [grpc-default-executor-5] INFO  impl.RaftServerImpl (RaftServerImpl.java:setRole(184)) - e76b0d72-a5f7-47dd-bc74-8743a5d358b0@group-CC68B5F19AD3: changes role from  FOLLOWER to FOLLOWER at term 70 for recognizeCandidate:e534181c-9f5d-4f71-ad0d-cd71b851ae4d
2019-10-20 10:18:29,468 [grpc-default-executor-5] INFO  impl.RoleInfo (RoleInfo.java:shutdownFollowerState(121)) - e76b0d72-a5f7-47dd-bc74-8743a5d358b0: shutdown FollowerState
2019-10-20 10:18:29,468 [grpc-default-executor-8] INFO  impl.RaftServerImpl (RaftServerImpl.java:setRole(184)) - f1d6a710-9313-44dc-a005-f0b22c06f92c@group-CC68B5F19AD3: changes role from  FOLLOWER to FOLLOWER at term 70 for recognizeCandidate:e534181c-9f5d-4f71-ad0d-cd71b851ae4d
2019-10-20 10:18:29,469 [Thread-1182] INFO  impl.FollowerState (FollowerState.java:run(117)) - e76b0d72-a5f7-47dd-bc74-8743a5d358b0@group-CC68B5F19AD3-FollowerState was interrupted: java.lang.InterruptedException: sleep interrupted
2019-10-20 10:18:29,469 [grpc-default-executor-5] INFO  impl.RoleInfo (RoleInfo.java:updateAndGet(143)) - e76b0d72-a5f7-47dd-bc74-8743a5d358b0: start FollowerState
2019-10-20 10:18:29,469 [grpc-default-executor-8] INFO  impl.RoleInfo (RoleInfo.java:shutdownFollowerState(121)) - f1d6a710-9313-44dc-a005-f0b22c06f92c: shutdown FollowerState
2019-10-20 10:18:29,469 [Thread-1183] INFO  impl.FollowerState (FollowerState.java:run(117)) - f1d6a710-9313-44dc-a005-f0b22c06f92c@group-CC68B5F19AD3-FollowerState was interrupted: java.lang.InterruptedException: sleep interrupted
2019-10-20 10:18:29,469 [grpc-default-executor-8] INFO  impl.RoleInfo (RoleInfo.java:updateAndGet(143)) - f1d6a710-9313-44dc-a005-f0b22c06f92c: start FollowerState
2019-10-20 10:18:29,483 [e534181c-9f5d-4f71-ad0d-cd71b851ae4d@group-CC68B5F19AD3-LeaderElection93] INFO  impl.LeaderElection (LeaderElection.java:logAndReturn(56)) - e534181c-9f5d-4f71-ad0d-cd71b851ae4d@group-CC68B5F19AD3-LeaderElection93: Election REJECTED; received 2 response(s) [e534181c-9f5d-4f71-ad0d-cd71b851ae4d<-e76b0d72-a5f7-47dd-bc74-8743a5d358b0#0:FAIL-t70, e534181c-9f5d-4f71-ad0d-cd71b851ae4d<-f1d6a710-9313-44dc-a005-f0b22c06f92c#0:FAIL-t70] and 0 exception(s); e534181c-9f5d-4f71-ad0d-cd71b851ae4d@group-CC68B5F19AD3:t70, leader=null, voted=e534181c-9f5d-4f71-ad0d-cd71b851ae4d, raftlog=e534181c-9f5d-4f71-ad0d-cd71b851ae4d@group-CC68B5F19AD3-SegmentedRaftLog:OPENED:c3,f4,i4, conf=0: [e76b0d72-a5f7-47dd-bc74-8743a5d358b0:192.168.69.89:42489, e534181c-9f5d-4f71-ad0d-cd71b851ae4d:192.168.69.89:44098, f1d6a710-9313-44dc-a005-f0b22c06f92c:192.168.69.89:41254], old=null
2019-10-20 10:18:29,483 [e534181c-9f5d-4f71-ad0d-cd71b851ae4d@group-CC68B5F19AD3-LeaderElection93] INFO  impl.RaftServerImpl (RaftServerImpl.java:setRole(184)) - e534181c-9f5d-4f71-ad0d-cd71b851ae4d@group-CC68B5F19AD3: changes role from CANDIDATE to FOLLOWER at term 70 for DISCOVERED_A_NEW_TERM
2019-10-20 10:18:29,483 [e534181c-9f5d-4f71-ad0d-cd71b851ae4d@group-CC68B5F19AD3-LeaderElection93] INFO  impl.RoleInfo (RoleInfo.java:shutdownLeaderElection(134)) - e534181c-9f5d-4f71-ad0d-cd71b851ae4d: shutdown LeaderElection
2019-10-20 10:18:29,484 [e534181c-9f5d-4f71-ad0d-cd71b851ae4d@group-CC68B5F19AD3-LeaderElection93] INFO  impl.RoleInfo (RoleInfo.java:updateAndGet(143)) - e534181c-9f5d-4f71-ad0d-cd71b851ae4d: start FollowerState
2019-10-20 10:18:29,516 [Thread-1190] INFO  impl.FollowerState (FollowerState.java:run(108)) - f1d6a710-9313-44dc-a005-f0b22c06f92c@group-9B460392F191-FollowerState: change to CANDIDATE, lastRpcTime:105ms, electionTimeout:105ms
2019-10-20 10:18:29,516 [Thread-1190] INFO  impl.RoleInfo (RoleInfo.java:shutdownFollowerState(121)) - f1d6a710-9313-44dc-a005-f0b22c06f92c: shutdown FollowerState
2019-10-20 10:18:29,516 [Thread-1190] INFO  impl.RaftServerImpl (RaftServerImpl.java:setRole(184)) - f1d6a710-9313-44dc-a005-f0b22c06f92c@group-9B460392F191: changes role from  FOLLOWER to CANDIDATE at term 31 for changeToCandidate
2019-10-20 10:18:29,516 [Thread-1190] INFO  impl.RoleInfo (RoleInfo.java:updateAndGet(143)) - f1d6a710-9313-44dc-a005-f0b22c06f92c: start LeaderElection
2019-10-20 10:18:29,529 [f1d6a710-9313-44dc-a005-f0b22c06f92c@group-9B460392F191-LeaderElection94] INFO  impl.LeaderElection (LeaderElection.java:askForVotes(178)) - f1d6a710-9313-44dc-a005-f0b22c06f92c@group-9B460392F191-LeaderElection94: begin an election at term 32 for -1: [e76b0d72-a5f7-47dd-bc74-8743a5d358b0:192.168.69.89:42489, e534181c-9f5d-4f71-ad0d-cd71b851ae4d:192.168.69.89:44098, f1d6a710-9313-44dc-a005-f0b22c06f92c:192.168.69.89:41254], old=null
2019-10-20 10:18:29,531 [grpc-default-executor-8] INFO  impl.RaftServerImpl (RaftServerImpl.java:setRole(184)) - e76b0d72-a5f7-47dd-bc74-8743a5d358b0@group-9B460392F191: changes role from  FOLLOWER to FOLLOWER at term 32 for recognizeCandidate:f1d6a710-9313-44dc-a005-f0b22c06f92c
2019-10-20 10:18:29,531 [grpc-default-executor-8] INFO  impl.RoleInfo (RoleInfo.java:shutdownFollowerState(121)) - e76b0d72-a5f7-47dd-bc74-8743a5d358b0: shutdown FollowerState
2019-10-20 10:18:29,531 [grpc-default-executor-8] INFO  impl.RoleInfo (RoleInfo.java:updateAndGet(143)) - e76b0d72-a5f7-47dd-bc74-8743a5d358b0: start FollowerState
2019-10-20 10:18:29,531 [Thread-1188] INFO  impl.FollowerState (FollowerState.java:run(117)) - e76b0d72-a5f7-47dd-bc74-8743a5d358b0@group-9B460392F191-FollowerState was interrupted: java.lang.InterruptedException: sleep interrupted
2019-10-20 10:18:29,532 [grpc-default-executor-5] INFO  impl.RaftServerImpl (RaftServerImpl.java:setRole(184)) - e534181c-9f5d-4f71-ad0d-cd71b851ae4d@group-9B460392F191: changes role from  FOLLOWER to FOLLOWER at term 32 for recognizeCandidate:f1d6a710-9313-44dc-a005-f0b22c06f92c
2019-10-20 10:18:29,532 [grpc-default-executor-5] INFO  impl.RoleInfo (RoleInfo.java:shutdownFollowerState(121)) - e534181c-9f5d-4f71-ad0d-cd71b851ae4d: shutdown FollowerState
2019-10-20 10:18:29,532 [grpc-default-executor-5] INFO  impl.RoleInfo (RoleInfo.java:updateAndGet(143)) - e534181c-9f5d-4f71-ad0d-cd71b851ae4d: start FollowerState
2019-10-20 10:18:29,532 [Thread-1189] INFO  impl.FollowerState (FollowerState.java:run(117)) - e534181c-9f5d-4f71-ad0d-cd71b851ae4d@group-9B460392F191-FollowerState was interrupted: java.lang.InterruptedException: sleep interrupted
2019-10-20 10:18:29,546 [f1d6a710-9313-44dc-a005-f0b22c06f92c@group-9B460392F191-LeaderElection94] INFO  impl.LeaderElection (LeaderElection.java:logAndReturn(56)) - f1d6a710-9313-44dc-a005-f0b22c06f92c@group-9B460392F191-LeaderElection94: Election REJECTED; received 2 response(s) [f1d6a710-9313-44dc-a005-f0b22c06f92c<-e76b0d72-a5f7-47dd-bc74-8743a5d358b0#0:FAIL-t32, f1d6a710-9313-44dc-a005-f0b22c06f92c<-e534181c-9f5d-4f71-ad0d-cd71b851ae4d#0:FAIL-t32] and 0 exception(s); f1d6a710-9313-44dc-a005-f0b22c06f92c@group-9B460392F191:t32, leader=null, voted=f1d6a710-9313-44dc-a005-f0b22c06f92c, raftlog=f1d6a710-9313-44dc-a005-f0b22c06f92c@group-9B460392F191-SegmentedRaftLog:OPENED:c-1,f-1,i0, conf=-1: [e76b0d72-a5f7-47dd-bc74-8743a5d358b0:192.168.69.89:42489, e534181c-9f5d-4f71-ad0d-cd71b851ae4d:192.168.69.89:44098, f1d6a710-9313-44dc-a005-f0b22c06f92c:192.168.69.89:41254], old=null
2019-10-20 10:18:29,546 [f1d6a710-9313-44dc-a005-f0b22c06f92c@group-9B460392F191-LeaderElection94] INFO  impl.RaftServerImpl (RaftServerImpl.java:setRole(184)) - f1d6a710-9313-44dc-a005-f0b22c06f92c@group-9B460392F191: changes role from CANDIDATE to FOLLOWER at term 32 for DISCOVERED_A_NEW_TERM
2019-10-20 10:18:29,546 [f1d6a710-9313-44dc-a005-f0b22c06f92c@group-9B460392F191-LeaderElection94] INFO  impl.RoleInfo (RoleInfo.java:shutdownLeaderElection(134)) - f1d6a710-9313-44dc-a005-f0b22c06f92c: shutdown LeaderElection
2019-10-20 10:18:29,546 [f1d6a710-9313-44dc-a005-f0b22c06f92c@group-9B460392F191-LeaderElection94] INFO  impl.RoleInfo (RoleInfo.java:updateAndGet(143)) - f1d6a710-9313-44dc-a005-f0b22c06f92c: start FollowerState
2019-10-20 10:18:29,638 [Thread-1196] INFO  impl.FollowerState (FollowerState.java:run(108)) - e534181c-9f5d-4f71-ad0d-cd71b851ae4d@group-CC68B5F19AD3-FollowerState: change to CANDIDATE, lastRpcTime:154ms, electionTimeout:154ms
2019-10-20 10:18:29,638 [Thread-1196] INFO  impl.RoleInfo (RoleInfo.java:shutdownFollowerState(121)) - e534181c-9f5d-4f71-ad0d-cd71b851ae4d: shutdown FollowerState
2019-10-20 10:18:29,638 [Thread-1196] INFO  impl.RaftServerImpl (RaftServerImpl.java:setRole(184)) - e534181c-9f5d-4f71-ad0d-cd71b851ae4d@group-CC68B5F19AD3: changes role from  FOLLOWER to CANDIDATE at term 70 for changeToCandidate
2019-10-20 10:18:29,638 [Thread-1196] INFO  impl.RoleInfo (RoleInfo.java:updateAndGet(143)) - e534181c-9f5d-4f71-ad0d-cd71b851ae4d: start LeaderElection
]]></system-out>
    <system-err><![CDATA[ERROR StatusLogger No Log4j 2 configuration file found. Using default configuration (logging only errors to the console), or user programmatically provided configurations. Set system property 'log4j2.debug' to show Log4j 2 internal initialization logging. See https://logging.apache.org/log4j/2.x/manual/configuration.html for instructions on how to configure Log4j 2
Oct 20, 2019 10:16:43 AM org.apache.ratis.thirdparty.io.grpc.internal.SerializingExecutor run
SEVERE: Exception while executing runnable org.apache.ratis.thirdparty.io.grpc.internal.ServerImpl$JumpToApplicationThreadServerStreamListener$1Closed@3c9a8d47
org.apache.ratis.thirdparty.io.grpc.StatusRuntimeException: CANCELLED: call already cancelled
	at org.apache.ratis.thirdparty.io.grpc.Status.asRuntimeException(Status.java:517)
	at org.apache.ratis.thirdparty.io.grpc.stub.ServerCalls$ServerCallStreamObserverImpl.onCompleted(ServerCalls.java:356)
	at org.apache.ratis.grpc.server.GrpcServerProtocolService$ServerRequestStreamObserver.onError(GrpcServerProtocolService.java:121)
	at org.apache.ratis.thirdparty.io.grpc.stub.ServerCalls$StreamingServerCallHandler$StreamingServerCallListener.onCancel(ServerCalls.java:269)
	at org.apache.ratis.thirdparty.io.grpc.internal.ServerCallImpl$ServerStreamListenerImpl.closed(ServerCallImpl.java:293)
	at org.apache.ratis.thirdparty.io.grpc.internal.ServerImpl$JumpToApplicationThreadServerStreamListener$1Closed.runInContext(ServerImpl.java:741)
	at org.apache.ratis.thirdparty.io.grpc.internal.ContextRunnable.run(ContextRunnable.java:37)
	at org.apache.ratis.thirdparty.io.grpc.internal.SerializingExecutor.run(SerializingExecutor.java:123)
	at java.util.concurrent.ThreadPoolExecutor.runWorker(ThreadPoolExecutor.java:1149)
	at java.util.concurrent.ThreadPoolExecutor$Worker.run(ThreadPoolExecutor.java:624)
	at java.lang.Thread.run(Thread.java:748)

Oct 20, 2019 10:16:43 AM org.apache.ratis.thirdparty.io.grpc.internal.SerializingExecutor run
SEVERE: Exception while executing runnable org.apache.ratis.thirdparty.io.grpc.internal.ClientCallImpl$ClientStreamListenerImpl$1StreamClosed@2803fd13
java.lang.NullPointerException
	at org.apache.ratis.grpc.server.GrpcLogAppender$AppendLogResponseHandler.onError(GrpcLogAppender.java:303)
	at org.apache.ratis.thirdparty.io.grpc.stub.ClientCalls$StreamObserverToCallListenerAdapter.onClose(ClientCalls.java:434)
	at org.apache.ratis.thirdparty.io.grpc.PartialForwardingClientCallListener.onClose(PartialForwardingClientCallListener.java:39)
	at org.apache.ratis.thirdparty.io.grpc.ForwardingClientCallListener.onClose(ForwardingClientCallListener.java:23)
	at org.apache.ratis.thirdparty.io.grpc.ForwardingClientCallListener$SimpleForwardingClientCallListener.onClose(ForwardingClientCallListener.java:40)
	at org.apache.ratis.thirdparty.io.grpc.internal.CensusStatsModule$StatsClientInterceptor$1$1.onClose(CensusStatsModule.java:678)
	at org.apache.ratis.thirdparty.io.grpc.PartialForwardingClientCallListener.onClose(PartialForwardingClientCallListener.java:39)
	at org.apache.ratis.thirdparty.io.grpc.ForwardingClientCallListener.onClose(ForwardingClientCallListener.java:23)
	at org.apache.ratis.thirdparty.io.grpc.ForwardingClientCallListener$SimpleForwardingClientCallListener.onClose(ForwardingClientCallListener.java:40)
	at org.apache.ratis.thirdparty.io.grpc.internal.CensusTracingModule$TracingClientInterceptor$1$1.onClose(CensusTracingModule.java:397)
	at org.apache.ratis.thirdparty.io.grpc.internal.ClientCallImpl.closeObserver(ClientCallImpl.java:459)
	at org.apache.ratis.thirdparty.io.grpc.internal.ClientCallImpl.access$300(ClientCallImpl.java:63)
	at org.apache.ratis.thirdparty.io.grpc.internal.ClientCallImpl$ClientStreamListenerImpl.close(ClientCallImpl.java:546)
	at org.apache.ratis.thirdparty.io.grpc.internal.ClientCallImpl$ClientStreamListenerImpl.access$600(ClientCallImpl.java:467)
	at org.apache.ratis.thirdparty.io.grpc.internal.ClientCallImpl$ClientStreamListenerImpl$1StreamClosed.runInContext(ClientCallImpl.java:584)
	at org.apache.ratis.thirdparty.io.grpc.internal.ContextRunnable.run(ContextRunnable.java:37)
	at org.apache.ratis.thirdparty.io.grpc.internal.SerializingExecutor.run(SerializingExecutor.java:123)
	at java.util.concurrent.ThreadPoolExecutor.runWorker(ThreadPoolExecutor.java:1149)
	at java.util.concurrent.ThreadPoolExecutor$Worker.run(ThreadPoolExecutor.java:624)
	at java.lang.Thread.run(Thread.java:748)

]]></system-err>
  </testcase>
</testsuite>