<?xml version="1.0" encoding="UTF-8"?>
<testsuite xmlns:xsi="http://www.w3.org/2001/XMLSchema-instance" xsi:noNamespaceSchemaLocation="https://maven.apache.org/surefire/maven-surefire-plugin/xsd/surefire-test-report.xsd" name="org.apache.hadoop.ozone.client.rpc.TestBlockOutputStreamWithFailures" time="733.171" tests="8" errors="0" skipped="0" failures="1">
  <properties>
    <property name="awt.toolkit" value="sun.awt.X11.XToolkit"/>
    <property name="file.encoding.pkg" value="sun.io"/>
    <property name="java.specification.version" value="1.8"/>
    <property name="sun.cpu.isalist" value=""/>
    <property name="sun.jnu.encoding" value="UTF-8"/>
    <property name="java.class.path" value="/workdir/hadoop-ozone/integration-test/target/test-classes:/workdir/hadoop-ozone/integration-test/target/classes:/home/user/.m2/repository/org/apache/hadoop/hadoop-ozone-common/0.5.0-SNAPSHOT/hadoop-ozone-common-0.5.0-SNAPSHOT.jar:/home/user/.m2/repository/org/apache/commons/commons-compress/1.4.1/commons-compress-1.4.1.jar:/home/user/.m2/repository/org/tukaani/xz/1.0/xz-1.0.jar:/home/user/.m2/repository/org/apache/hadoop/hadoop-common/3.2.0/hadoop-common-3.2.0.jar:/home/user/.m2/repository/org/apache/hadoop/hadoop-hdfs/3.2.0/hadoop-hdfs-3.2.0.jar:/home/user/.m2/repository/org/apache/hadoop/hadoop-hdfs-client/3.2.0/hadoop-hdfs-client-3.2.0.jar:/home/user/.m2/repository/com/fasterxml/jackson/core/jackson-annotations/2.9.9/jackson-annotations-2.9.9.jar:/home/user/.m2/repository/org/apache/hadoop/hadoop-hdds-common/0.5.0-SNAPSHOT/hadoop-hdds-common-0.5.0-SNAPSHOT.jar:/home/user/.m2/repository/javax/annotation/javax.annotation-api/1.2/javax.annotation-api-1.2.jar:/home/user/.m2/repository/org/apache/ratis/ratis-server/0.4.0/ratis-server-0.4.0.jar:/home/user/.m2/repository/org/apache/ratis/ratis-thirdparty-misc/0.2.0/ratis-thirdparty-misc-0.2.0.jar:/home/user/.m2/repository/org/apache/ratis/ratis-proto/0.4.0/ratis-proto-0.4.0.jar:/home/user/.m2/repository/org/apache/ratis/ratis-common/0.4.0/ratis-common-0.4.0.jar:/home/user/.m2/repository/org/apache/ratis/ratis-client/0.4.0/ratis-client-0.4.0.jar:/home/user/.m2/repository/org/apache/ratis/ratis-metrics/0.4.0/ratis-metrics-0.4.0.jar:/home/user/.m2/repository/com/github/joshelser/dropwizard-metrics-hadoop-metrics2-reporter/0.1.2/dropwizard-metrics-hadoop-metrics2-reporter-0.1.2.jar:/home/user/.m2/repository/io/dropwizard/metrics/metrics-jvm/3.2.5/metrics-jvm-3.2.5.jar:/home/user/.m2/repository/io/dropwizard/metrics/metrics-ganglia/3.2.5/metrics-ganglia-3.2.5.jar:/home/user/.m2/repository/info/ganglia/gmetric4j/gmetric4j/1.0.7/gmetric4j-1.0.7.jar:/home/user/.m2/repository/org/apache/ratis/ratis-netty/0.4.0/ratis-netty-0.4.0.jar:/home/user/.m2/repository/org/apache/ratis/ratis-grpc/0.4.0/ratis-grpc-0.4.0.jar:/home/user/.m2/repository/org/rocksdb/rocksdbjni/6.0.1/rocksdbjni-6.0.1.jar:/home/user/.m2/repository/org/apache/logging/log4j/log4j-api/2.11.0/log4j-api-2.11.0.jar:/home/user/.m2/repository/org/apache/logging/log4j/log4j-core/2.11.0/log4j-core-2.11.0.jar:/home/user/.m2/repository/com/lmax/disruptor/3.4.2/disruptor-3.4.2.jar:/home/user/.m2/repository/org/apache/commons/commons-pool2/2.6.0/commons-pool2-2.6.0.jar:/home/user/.m2/repository/org/bouncycastle/bcpkix-jdk15on/1.60/bcpkix-jdk15on-1.60.jar:/home/user/.m2/repository/commons-validator/commons-validator/1.6/commons-validator-1.6.jar:/home/user/.m2/repository/commons-digester/commons-digester/1.8.1/commons-digester-1.8.1.jar:/home/user/.m2/repository/io/jaegertracing/jaeger-client/0.34.0/jaeger-client-0.34.0.jar:/home/user/.m2/repository/io/jaegertracing/jaeger-thrift/0.34.0/jaeger-thrift-0.34.0.jar:/home/user/.m2/repository/org/apache/thrift/libthrift/0.12.0/libthrift-0.12.0.jar:/home/user/.m2/repository/com/squareup/okhttp3/okhttp/3.9.0/okhttp-3.9.0.jar:/home/user/.m2/repository/com/squareup/okio/okio/1.13.0/okio-1.13.0.jar:/home/user/.m2/repository/io/jaegertracing/jaeger-core/0.34.0/jaeger-core-0.34.0.jar:/home/user/.m2/repository/io/jaegertracing/jaeger-tracerresolver/0.34.0/jaeger-tracerresolver-0.34.0.jar:/home/user/.m2/repository/io/opentracing/contrib/opentracing-tracerresolver/0.1.5/opentracing-tracerresolver-0.1.5.jar:/home/user/.m2/repository/io/opentracing/opentracing-util/0.31.0/opentracing-util-0.31.0.jar:/home/user/.m2/repository/io/opentracing/opentracing-api/0.31.0/opentracing-api-0.31.0.jar:/home/user/.m2/repository/io/opentracing/opentracing-noop/0.31.0/opentracing-noop-0.31.0.jar:/home/user/.m2/repository/org/apache/hadoop/hadoop-hdds-server-framework/0.5.0-SNAPSHOT/hadoop-hdds-server-framework-0.5.0-SNAPSHOT.jar:/home/user/.m2/repository/org/apache/hadoop/hadoop-hdds-container-service/0.5.0-SNAPSHOT/hadoop-hdds-container-service-0.5.0-SNAPSHOT.jar:/home/user/.m2/repository/org/apache/hadoop/hadoop-hdds-client/0.5.0-SNAPSHOT/hadoop-hdds-client-0.5.0-SNAPSHOT.jar:/home/user/.m2/repository/org/apache/hadoop/hadoop-hdds-tools/0.5.0-SNAPSHOT/hadoop-hdds-tools-0.5.0-SNAPSHOT.jar:/home/user/.m2/repository/org/apache/hadoop/hadoop-hdds-server-scm/0.5.0-SNAPSHOT/hadoop-hdds-server-scm-0.5.0-SNAPSHOT.jar:/home/user/.m2/repository/org/apache/hadoop/hadoop-hdds-docs/0.5.0-SNAPSHOT/hadoop-hdds-docs-0.5.0-SNAPSHOT.jar:/home/user/.m2/repository/io/dropwizard/metrics/metrics-core/3.2.4/metrics-core-3.2.4.jar:/home/user/.m2/repository/org/hamcrest/hamcrest-all/1.3/hamcrest-all-1.3.jar:/home/user/.m2/repository/org/bouncycastle/bcprov-jdk15on/1.60/bcprov-jdk15on-1.60.jar:/home/user/.m2/repository/info/picocli/picocli/3.9.6/picocli-3.9.6.jar:/home/user/.m2/repository/com/google/protobuf/protobuf-java/2.5.0/protobuf-java-2.5.0.jar:/home/user/.m2/repository/com/google/guava/guava/11.0.2/guava-11.0.2.jar:/home/user/.m2/repository/org/apache/hadoop/hadoop-ozone-ozone-manager/0.5.0-SNAPSHOT/hadoop-ozone-ozone-manager-0.5.0-SNAPSHOT.jar:/home/user/.m2/repository/org/apache/hadoop/hadoop-minikdc/3.2.0/hadoop-minikdc-3.2.0.jar:/home/user/.m2/repository/commons-io/commons-io/2.5/commons-io-2.5.jar:/home/user/.m2/repository/org/apache/kerby/kerb-simplekdc/1.0.1/kerb-simplekdc-1.0.1.jar:/home/user/.m2/repository/org/apache/kerby/kerb-client/1.0.1/kerb-client-1.0.1.jar:/home/user/.m2/repository/org/apache/kerby/kerby-config/1.0.1/kerby-config-1.0.1.jar:/home/user/.m2/repository/org/apache/kerby/kerb-core/1.0.1/kerb-core-1.0.1.jar:/home/user/.m2/repository/org/apache/kerby/kerby-pkix/1.0.1/kerby-pkix-1.0.1.jar:/home/user/.m2/repository/org/apache/kerby/kerby-asn1/1.0.1/kerby-asn1-1.0.1.jar:/home/user/.m2/repository/org/apache/kerby/kerby-util/1.0.1/kerby-util-1.0.1.jar:/home/user/.m2/repository/org/apache/kerby/kerb-common/1.0.1/kerb-common-1.0.1.jar:/home/user/.m2/repository/org/apache/kerby/kerb-crypto/1.0.1/kerb-crypto-1.0.1.jar:/home/user/.m2/repository/org/apache/kerby/kerb-util/1.0.1/kerb-util-1.0.1.jar:/home/user/.m2/repository/org/apache/kerby/token-provider/1.0.1/token-provider-1.0.1.jar:/home/user/.m2/repository/org/apache/kerby/kerb-admin/1.0.1/kerb-admin-1.0.1.jar:/home/user/.m2/repository/org/apache/kerby/kerb-server/1.0.1/kerb-server-1.0.1.jar:/home/user/.m2/repository/org/apache/kerby/kerb-identity/1.0.1/kerb-identity-1.0.1.jar:/home/user/.m2/repository/org/apache/kerby/kerby-xdr/1.0.1/kerby-xdr-1.0.1.jar:/home/user/.m2/repository/org/slf4j/slf4j-log4j12/1.7.25/slf4j-log4j12-1.7.25.jar:/home/user/.m2/repository/org/apache/hadoop/hadoop-ozone-s3gateway/0.5.0-SNAPSHOT/hadoop-ozone-s3gateway-0.5.0-SNAPSHOT.jar:/home/user/.m2/repository/org/jboss/weld/servlet/weld-servlet/2.4.7.Final/weld-servlet-2.4.7.Final.jar:/home/user/.m2/repository/org/glassfish/jersey/containers/jersey-container-servlet-core/2.27/jersey-container-servlet-core-2.27.jar:/home/user/.m2/repository/org/glassfish/hk2/external/javax.inject/2.5.0-b42/javax.inject-2.5.0-b42.jar:/home/user/.m2/repository/org/glassfish/jersey/core/jersey-common/2.27/jersey-common-2.27.jar:/home/user/.m2/repository/org/glassfish/hk2/osgi-resource-locator/1.0.1/osgi-resource-locator-1.0.1.jar:/home/user/.m2/repository/javax/ws/rs/javax.ws.rs-api/2.1/javax.ws.rs-api-2.1.jar:/home/user/.m2/repository/org/glassfish/jersey/ext/cdi/jersey-cdi1x/2.27/jersey-cdi1x-2.27.jar:/home/user/.m2/repository/org/glassfish/jersey/inject/jersey-hk2/2.27/jersey-hk2-2.27.jar:/home/user/.m2/repository/org/glassfish/hk2/hk2-locator/2.5.0-b42/hk2-locator-2.5.0-b42.jar:/home/user/.m2/repository/org/javassist/javassist/3.22.0-CR2/javassist-3.22.0-CR2.jar:/home/user/.m2/repository/org/glassfish/hk2/hk2-api/2.5.0/hk2-api-2.5.0.jar:/home/user/.m2/repository/org/glassfish/hk2/external/jakarta.inject/2.5.0/jakarta.inject-2.5.0.jar:/home/user/.m2/repository/org/glassfish/hk2/hk2-utils/2.5.0/hk2-utils-2.5.0.jar:/home/user/.m2/repository/jakarta/annotation/jakarta.annotation-api/1.3.4/jakarta.annotation-api-1.3.4.jar:/home/user/.m2/repository/org/glassfish/hk2/external/aopalliance-repackaged/2.5.0/aopalliance-repackaged-2.5.0.jar:/home/user/.m2/repository/com/fasterxml/jackson/dataformat/jackson-dataformat-xml/2.9.0/jackson-dataformat-xml-2.9.0.jar:/home/user/.m2/repository/com/fasterxml/jackson/core/jackson-core/2.9.9/jackson-core-2.9.9.jar:/home/user/.m2/repository/com/fasterxml/jackson/module/jackson-module-jaxb-annotations/2.9.9/jackson-module-jaxb-annotations-2.9.9.jar:/home/user/.m2/repository/javax/enterprise/cdi-api/1.2/cdi-api-1.2.jar:/home/user/.m2/repository/javax/el/javax.el-api/3.0.0/javax.el-api-3.0.0.jar:/home/user/.m2/repository/javax/interceptor/javax.interceptor-api/1.2/javax.interceptor-api-1.2.jar:/home/user/.m2/repository/javax/inject/javax.inject/1/javax.inject-1.jar:/home/user/.m2/repository/com/sun/xml/bind/jaxb-impl/2.3.0.1/jaxb-impl-2.3.0.1.jar:/home/user/.m2/repository/com/sun/xml/bind/jaxb-core/2.3.0.1/jaxb-core-2.3.0.1.jar:/home/user/.m2/repository/javax/xml/bind/jaxb-api/2.3.0/jaxb-api-2.3.0.jar:/home/user/.m2/repository/javax/activation/activation/1.1.1/activation-1.1.1.jar:/home/user/.m2/repository/org/apache/hadoop/hadoop-ozone-csi/0.5.0-SNAPSHOT/hadoop-ozone-csi-0.5.0-SNAPSHOT.jar:/home/user/.m2/repository/com/google/protobuf/protobuf-java-util/3.5.1/protobuf-java-util-3.5.1.jar:/home/user/.m2/repository/org/apache/hadoop/hadoop-hdds-config/0.5.0-SNAPSHOT/hadoop-hdds-config-0.5.0-SNAPSHOT.jar:/home/user/.m2/repository/io/grpc/grpc-netty/1.17.1/grpc-netty-1.17.1.jar:/home/user/.m2/repository/io/grpc/grpc-core/1.17.1/grpc-core-1.17.1.jar:/home/user/.m2/repository/io/grpc/grpc-context/1.17.1/grpc-context-1.17.1.jar:/home/user/.m2/repository/com/google/errorprone/error_prone_annotations/2.2.0/error_prone_annotations-2.2.0.jar:/home/user/.m2/repository/org/codehaus/mojo/animal-sniffer-annotations/1.17/animal-sniffer-annotations-1.17.jar:/home/user/.m2/repository/io/opencensus/opencensus-api/0.17.0/opencensus-api-0.17.0.jar:/home/user/.m2/repository/io/opencensus/opencensus-contrib-grpc-metrics/0.17.0/opencensus-contrib-grpc-metrics-0.17.0.jar:/home/user/.m2/repository/io/netty/netty-codec-http2/4.1.30.Final/netty-codec-http2-4.1.30.Final.jar:/home/user/.m2/repository/io/netty/netty-codec-http/4.1.30.Final/netty-codec-http-4.1.30.Final.jar:/home/user/.m2/repository/io/netty/netty-codec/4.1.30.Final/netty-codec-4.1.30.Final.jar:/home/user/.m2/repository/io/netty/netty-handler/4.1.30.Final/netty-handler-4.1.30.Final.jar:/home/user/.m2/repository/io/netty/netty-handler-proxy/4.1.30.Final/netty-handler-proxy-4.1.30.Final.jar:/home/user/.m2/repository/io/netty/netty-codec-socks/4.1.30.Final/netty-codec-socks-4.1.30.Final.jar:/home/user/.m2/repository/io/netty/netty-transport-native-epoll/4.1.30.Final/netty-transport-native-epoll-4.1.30.Final.jar:/home/user/.m2/repository/io/netty/netty-common/4.1.30.Final/netty-common-4.1.30.Final.jar:/home/user/.m2/repository/io/netty/netty-buffer/4.1.30.Final/netty-buffer-4.1.30.Final.jar:/home/user/.m2/repository/io/netty/netty-transport/4.1.30.Final/netty-transport-4.1.30.Final.jar:/home/user/.m2/repository/io/netty/netty-resolver/4.1.30.Final/netty-resolver-4.1.30.Final.jar:/home/user/.m2/repository/io/netty/netty-transport-native-unix-common/4.1.30.Final/netty-transport-native-unix-common-4.1.30.Final.jar:/home/user/.m2/repository/io/grpc/grpc-protobuf/1.17.1/grpc-protobuf-1.17.1.jar:/home/user/.m2/repository/com/google/api/grpc/proto-google-common-protos/1.0.0/proto-google-common-protos-1.0.0.jar:/home/user/.m2/repository/io/grpc/grpc-protobuf-lite/1.17.1/grpc-protobuf-lite-1.17.1.jar:/home/user/.m2/repository/io/grpc/grpc-stub/1.17.1/grpc-stub-1.17.1.jar:/home/user/.m2/repository/org/apache/hadoop/hadoop-ozone-recon/0.5.0-SNAPSHOT/hadoop-ozone-recon-0.5.0-SNAPSHOT.jar:/home/user/.m2/repository/org/apache/hadoop/hadoop-ozone-reconcodegen/0.5.0-SNAPSHOT/hadoop-ozone-reconcodegen-0.5.0-SNAPSHOT.jar:/home/user/.m2/repository/com/google/inject/extensions/guice-multibindings/4.0/guice-multibindings-4.0.jar:/home/user/.m2/repository/com/google/inject/guice/4.0/guice-4.0.jar:/home/user/.m2/repository/aopalliance/aopalliance/1.0/aopalliance-1.0.jar:/home/user/.m2/repository/com/google/inject/extensions/guice-servlet/4.0/guice-servlet-4.0.jar:/home/user/.m2/repository/org/glassfish/jersey/containers/jersey-container-servlet/2.27/jersey-container-servlet-2.27.jar:/home/user/.m2/repository/org/glassfish/hk2/guice-bridge/2.5.0/guice-bridge-2.5.0.jar:/home/user/.m2/repository/org/glassfish/jersey/core/jersey-server/2.27/jersey-server-2.27.jar:/home/user/.m2/repository/org/glassfish/jersey/core/jersey-client/2.27/jersey-client-2.27.jar:/home/user/.m2/repository/org/glassfish/jersey/media/jersey-media-jaxb/2.27/jersey-media-jaxb-2.27.jar:/home/user/.m2/repository/javax/validation/validation-api/1.1.0.Final/validation-api-1.1.0.Final.jar:/home/user/.m2/repository/org/glassfish/jersey/media/jersey-media-json-jackson/2.27/jersey-media-json-jackson-2.27.jar:/home/user/.m2/repository/org/glassfish/jersey/ext/jersey-entity-filtering/2.27/jersey-entity-filtering-2.27.jar:/home/user/.m2/repository/com/google/inject/extensions/guice-assistedinject/4.0/guice-assistedinject-4.0.jar:/home/user/.m2/repository/org/jooq/jooq/3.11.10/jooq-3.11.10.jar:/home/user/.m2/repository/org/jooq/jooq-meta/3.11.10/jooq-meta-3.11.10.jar:/home/user/.m2/repository/org/jooq/jooq-codegen/3.11.10/jooq-codegen-3.11.10.jar:/home/user/.m2/repository/com/jolbox/bonecp/0.8.0.RELEASE/bonecp-0.8.0.RELEASE.jar:/home/user/.m2/repository/org/xerial/sqlite-jdbc/3.25.2/sqlite-jdbc-3.25.2.jar:/home/user/.m2/repository/org/springframework/spring-jdbc/5.1.3.RELEASE/spring-jdbc-5.1.3.RELEASE.jar:/home/user/.m2/repository/org/springframework/spring-beans/5.1.3.RELEASE/spring-beans-5.1.3.RELEASE.jar:/home/user/.m2/repository/org/springframework/spring-core/5.1.3.RELEASE/spring-core-5.1.3.RELEASE.jar:/home/user/.m2/repository/org/springframework/spring-jcl/5.1.3.RELEASE/spring-jcl-5.1.3.RELEASE.jar:/home/user/.m2/repository/org/springframework/spring-tx/5.1.3.RELEASE/spring-tx-5.1.3.RELEASE.jar:/home/user/.m2/repository/org/apache/hadoop/hadoop-ozone-client/0.5.0-SNAPSHOT/hadoop-ozone-client-0.5.0-SNAPSHOT.jar:/home/user/.m2/repository/commons-lang/commons-lang/2.6/commons-lang-2.6.jar:/home/user/.m2/repository/org/apache/hadoop/hadoop-ozone-ozone-manager/0.5.0-SNAPSHOT/hadoop-ozone-ozone-manager-0.5.0-SNAPSHOT-tests.jar:/home/user/.m2/repository/junit/junit/4.11/junit-4.11.jar:/home/user/.m2/repository/org/hamcrest/hamcrest-core/1.3/hamcrest-core-1.3.jar:/home/user/.m2/repository/org/openjdk/jmh/jmh-core/1.19/jmh-core-1.19.jar:/home/user/.m2/repository/net/sf/jopt-simple/jopt-simple/4.6/jopt-simple-4.6.jar:/home/user/.m2/repository/org/apache/commons/commons-math3/3.1.1/commons-math3-3.1.1.jar:/home/user/.m2/repository/org/openjdk/jmh/jmh-generator-annprocess/1.19/jmh-generator-annprocess-1.19.jar:/home/user/.m2/repository/org/mockito/mockito-all/1.8.5/mockito-all-1.8.5.jar:/home/user/.m2/repository/org/apache/hadoop/hadoop-kms/3.2.0/hadoop-kms-3.2.0.jar:/home/user/.m2/repository/org/apache/hadoop/hadoop-auth/3.2.0/hadoop-auth-3.2.0.jar:/home/user/.m2/repository/com/nimbusds/nimbus-jose-jwt/4.41.1/nimbus-jose-jwt-4.41.1.jar:/home/user/.m2/repository/com/github/stephenc/jcip/jcip-annotations/1.0-1/jcip-annotations-1.0-1.jar:/home/user/.m2/repository/net/minidev/json-smart/2.3/json-smart-2.3.jar:/home/user/.m2/repository/net/minidev/accessors-smart/1.2/accessors-smart-1.2.jar:/home/user/.m2/repository/org/ow2/asm/asm/5.0.4/asm-5.0.4.jar:/home/user/.m2/repository/org/apache/curator/curator-framework/2.12.0/curator-framework-2.12.0.jar:/home/user/.m2/repository/com/sun/jersey/jersey-core/1.19/jersey-core-1.19.jar:/home/user/.m2/repository/javax/ws/rs/jsr311-api/1.1.1/jsr311-api-1.1.1.jar:/home/user/.m2/repository/com/sun/jersey/jersey-server/1.19/jersey-server-1.19.jar:/home/user/.m2/repository/javax/servlet/javax.servlet-api/3.1.0/javax.servlet-api-3.1.0.jar:/home/user/.m2/repository/org/eclipse/jetty/jetty-server/9.3.25.v20180904/jetty-server-9.3.25.v20180904.jar:/home/user/.m2/repository/org/eclipse/jetty/jetty-http/9.3.25.v20180904/jetty-http-9.3.25.v20180904.jar:/home/user/.m2/repository/org/eclipse/jetty/jetty-io/9.3.25.v20180904/jetty-io-9.3.25.v20180904.jar:/home/user/.m2/repository/org/eclipse/jetty/jetty-webapp/9.3.25.v20180904/jetty-webapp-9.3.25.v20180904.jar:/home/user/.m2/repository/org/eclipse/jetty/jetty-xml/9.3.25.v20180904/jetty-xml-9.3.25.v20180904.jar:/home/user/.m2/repository/log4j/log4j/1.2.17/log4j-1.2.17.jar:/home/user/.m2/repository/org/slf4j/slf4j-api/1.7.25/slf4j-api-1.7.25.jar:/home/user/.m2/repository/org/slf4j/jul-to-slf4j/1.7.25/jul-to-slf4j-1.7.25.jar:/home/user/.m2/repository/org/eclipse/jetty/jetty-util/9.3.25.v20180904/jetty-util-9.3.25.v20180904.jar:/home/user/.m2/repository/com/fasterxml/jackson/core/jackson-databind/2.9.9/jackson-databind-2.9.9.jar:/home/user/.m2/repository/org/apache/hadoop/hadoop-kms/3.2.0/hadoop-kms-3.2.0-tests.jar:/home/user/.m2/repository/org/apache/hadoop/hadoop-hdds-server-scm/0.5.0-SNAPSHOT/hadoop-hdds-server-scm-0.5.0-SNAPSHOT-tests.jar:/home/user/.m2/repository/org/apache/hadoop/hadoop-hdds-container-service/0.5.0-SNAPSHOT/hadoop-hdds-container-service-0.5.0-SNAPSHOT-tests.jar:/home/user/.m2/repository/org/yaml/snakeyaml/1.16/snakeyaml-1.16.jar:/home/user/.m2/repository/org/apache/hadoop/hadoop-common/3.2.0/hadoop-common-3.2.0-tests.jar:/home/user/.m2/repository/org/apache/hadoop/hadoop-annotations/3.2.0/hadoop-annotations-3.2.0.jar:/usr/lib/jvm/java-1.8-openjdk/jre/../lib/tools.jar:/home/user/.m2/repository/commons-cli/commons-cli/1.2/commons-cli-1.2.jar:/home/user/.m2/repository/org/apache/httpcomponents/httpclient/4.5.2/httpclient-4.5.2.jar:/home/user/.m2/repository/org/apache/httpcomponents/httpcore/4.4.4/httpcore-4.4.4.jar:/home/user/.m2/repository/commons-codec/commons-codec/1.11/commons-codec-1.11.jar:/home/user/.m2/repository/commons-net/commons-net/3.6/commons-net-3.6.jar:/home/user/.m2/repository/commons-collections/commons-collections/3.2.2/commons-collections-3.2.2.jar:/home/user/.m2/repository/org/eclipse/jetty/jetty-servlet/9.3.25.v20180904/jetty-servlet-9.3.25.v20180904.jar:/home/user/.m2/repository/org/eclipse/jetty/jetty-security/9.3.25.v20180904/jetty-security-9.3.25.v20180904.jar:/home/user/.m2/repository/javax/servlet/jsp/jsp-api/2.1/jsp-api-2.1.jar:/home/user/.m2/repository/com/sun/jersey/jersey-servlet/1.19/jersey-servlet-1.19.jar:/home/user/.m2/repository/com/sun/jersey/jersey-json/1.19/jersey-json-1.19.jar:/home/user/.m2/repository/org/codehaus/jettison/jettison/1.1/jettison-1.1.jar:/home/user/.m2/repository/org/codehaus/jackson/jackson-core-asl/1.9.13/jackson-core-asl-1.9.13.jar:/home/user/.m2/repository/org/codehaus/jackson/jackson-mapper-asl/1.9.13/jackson-mapper-asl-1.9.13.jar:/home/user/.m2/repository/org/codehaus/jackson/jackson-jaxrs/1.9.13/jackson-jaxrs-1.9.13.jar:/home/user/.m2/repository/org/codehaus/jackson/jackson-xc/1.9.13/jackson-xc-1.9.13.jar:/home/user/.m2/repository/commons-logging/commons-logging/1.1.3/commons-logging-1.1.3.jar:/home/user/.m2/repository/commons-beanutils/commons-beanutils/1.9.4/commons-beanutils-1.9.4.jar:/home/user/.m2/repository/org/apache/commons/commons-configuration2/2.1.1/commons-configuration2-2.1.1.jar:/home/user/.m2/repository/org/apache/commons/commons-lang3/3.7/commons-lang3-3.7.jar:/home/user/.m2/repository/org/apache/commons/commons-text/1.4/commons-text-1.4.jar:/home/user/.m2/repository/org/apache/avro/avro/1.7.7/avro-1.7.7.jar:/home/user/.m2/repository/com/thoughtworks/paranamer/paranamer/2.3/paranamer-2.3.jar:/home/user/.m2/repository/org/xerial/snappy/snappy-java/1.0.5/snappy-java-1.0.5.jar:/home/user/.m2/repository/com/google/re2j/re2j/1.1/re2j-1.1.jar:/home/user/.m2/repository/com/google/code/gson/gson/2.2.4/gson-2.2.4.jar:/home/user/.m2/repository/com/jcraft/jsch/0.1.54/jsch-0.1.54.jar:/home/user/.m2/repository/org/apache/curator/curator-client/2.12.0/curator-client-2.12.0.jar:/home/user/.m2/repository/org/apache/curator/curator-recipes/2.12.0/curator-recipes-2.12.0.jar:/home/user/.m2/repository/com/google/code/findbugs/jsr305/3.0.0/jsr305-3.0.0.jar:/home/user/.m2/repository/org/apache/htrace/htrace-core4/4.1.0-incubating/htrace-core4-4.1.0-incubating.jar:/home/user/.m2/repository/org/apache/zookeeper/zookeeper/3.4.13/zookeeper-3.4.13.jar:/home/user/.m2/repository/jline/jline/0.9.94/jline-0.9.94.jar:/home/user/.m2/repository/org/apache/yetus/audience-annotations/0.5.0/audience-annotations-0.5.0.jar:/home/user/.m2/repository/org/codehaus/woodstox/stax2-api/3.1.4/stax2-api-3.1.4.jar:/home/user/.m2/repository/com/fasterxml/woodstox/woodstox-core/5.0.3/woodstox-core-5.0.3.jar:/home/user/.m2/repository/dnsjava/dnsjava/2.1.7/dnsjava-2.1.7.jar:/home/user/.m2/repository/org/apache/hadoop/hadoop-hdfs/3.2.0/hadoop-hdfs-3.2.0-tests.jar:/home/user/.m2/repository/org/eclipse/jetty/jetty-util-ajax/9.3.25.v20180904/jetty-util-ajax-9.3.25.v20180904.jar:/home/user/.m2/repository/commons-daemon/commons-daemon/1.0.13/commons-daemon-1.0.13.jar:/home/user/.m2/repository/io/netty/netty/3.10.5.Final/netty-3.10.5.Final.jar:/home/user/.m2/repository/io/netty/netty-all/4.0.52.Final/netty-all-4.0.52.Final.jar:/home/user/.m2/repository/org/fusesource/leveldbjni/leveldbjni-all/1.8/leveldbjni-all-1.8.jar:"/>
    <property name="java.vm.vendor" value="IcedTea"/>
    <property name="sun.arch.data.model" value="64"/>
    <property name="test.build.dir" value="/workdir/hadoop-ozone/integration-test/target/test-dir"/>
    <property name="test.cache.data" value=""/>
    <property name="java.vendor.url" value="https://icedtea.classpath.org"/>
    <property name="user.timezone" value=""/>
    <property name="java.vm.specification.version" value="1.8"/>
    <property name="os.name" value="Linux"/>
    <property name="test.build.data" value="/workdir/hadoop-ozone/integration-test/target/test-dir"/>
    <property name="user.country" value="US"/>
    <property name="sun.java.launcher" value="SUN_STANDARD"/>
    <property name="sun.boot.library.path" value="/usr/lib/jvm/java-1.8-openjdk/jre/lib/amd64"/>
    <property name="sun.java.command" value="/workdir/hadoop-ozone/integration-test/target/surefire/surefirebooter814415591668923577.jar /workdir/hadoop-ozone/integration-test/target/surefire 2019-09-27T20-10-20_571-jvmRun1 surefire4422745171226702315tmp surefire_653893774898382248700tmp"/>
    <property name="test" value="!TestMiniChaosOzoneCluster"/>
    <property name="surefire.test.class.path" value="/workdir/hadoop-ozone/integration-test/target/test-classes:/workdir/hadoop-ozone/integration-test/target/classes:/home/user/.m2/repository/org/apache/hadoop/hadoop-ozone-common/0.5.0-SNAPSHOT/hadoop-ozone-common-0.5.0-SNAPSHOT.jar:/home/user/.m2/repository/org/apache/commons/commons-compress/1.4.1/commons-compress-1.4.1.jar:/home/user/.m2/repository/org/tukaani/xz/1.0/xz-1.0.jar:/home/user/.m2/repository/org/apache/hadoop/hadoop-common/3.2.0/hadoop-common-3.2.0.jar:/home/user/.m2/repository/org/apache/hadoop/hadoop-hdfs/3.2.0/hadoop-hdfs-3.2.0.jar:/home/user/.m2/repository/org/apache/hadoop/hadoop-hdfs-client/3.2.0/hadoop-hdfs-client-3.2.0.jar:/home/user/.m2/repository/com/fasterxml/jackson/core/jackson-annotations/2.9.9/jackson-annotations-2.9.9.jar:/home/user/.m2/repository/org/apache/hadoop/hadoop-hdds-common/0.5.0-SNAPSHOT/hadoop-hdds-common-0.5.0-SNAPSHOT.jar:/home/user/.m2/repository/javax/annotation/javax.annotation-api/1.2/javax.annotation-api-1.2.jar:/home/user/.m2/repository/org/apache/ratis/ratis-server/0.4.0/ratis-server-0.4.0.jar:/home/user/.m2/repository/org/apache/ratis/ratis-thirdparty-misc/0.2.0/ratis-thirdparty-misc-0.2.0.jar:/home/user/.m2/repository/org/apache/ratis/ratis-proto/0.4.0/ratis-proto-0.4.0.jar:/home/user/.m2/repository/org/apache/ratis/ratis-common/0.4.0/ratis-common-0.4.0.jar:/home/user/.m2/repository/org/apache/ratis/ratis-client/0.4.0/ratis-client-0.4.0.jar:/home/user/.m2/repository/org/apache/ratis/ratis-metrics/0.4.0/ratis-metrics-0.4.0.jar:/home/user/.m2/repository/com/github/joshelser/dropwizard-metrics-hadoop-metrics2-reporter/0.1.2/dropwizard-metrics-hadoop-metrics2-reporter-0.1.2.jar:/home/user/.m2/repository/io/dropwizard/metrics/metrics-jvm/3.2.5/metrics-jvm-3.2.5.jar:/home/user/.m2/repository/io/dropwizard/metrics/metrics-ganglia/3.2.5/metrics-ganglia-3.2.5.jar:/home/user/.m2/repository/info/ganglia/gmetric4j/gmetric4j/1.0.7/gmetric4j-1.0.7.jar:/home/user/.m2/repository/org/apache/ratis/ratis-netty/0.4.0/ratis-netty-0.4.0.jar:/home/user/.m2/repository/org/apache/ratis/ratis-grpc/0.4.0/ratis-grpc-0.4.0.jar:/home/user/.m2/repository/org/rocksdb/rocksdbjni/6.0.1/rocksdbjni-6.0.1.jar:/home/user/.m2/repository/org/apache/logging/log4j/log4j-api/2.11.0/log4j-api-2.11.0.jar:/home/user/.m2/repository/org/apache/logging/log4j/log4j-core/2.11.0/log4j-core-2.11.0.jar:/home/user/.m2/repository/com/lmax/disruptor/3.4.2/disruptor-3.4.2.jar:/home/user/.m2/repository/org/apache/commons/commons-pool2/2.6.0/commons-pool2-2.6.0.jar:/home/user/.m2/repository/org/bouncycastle/bcpkix-jdk15on/1.60/bcpkix-jdk15on-1.60.jar:/home/user/.m2/repository/commons-validator/commons-validator/1.6/commons-validator-1.6.jar:/home/user/.m2/repository/commons-digester/commons-digester/1.8.1/commons-digester-1.8.1.jar:/home/user/.m2/repository/io/jaegertracing/jaeger-client/0.34.0/jaeger-client-0.34.0.jar:/home/user/.m2/repository/io/jaegertracing/jaeger-thrift/0.34.0/jaeger-thrift-0.34.0.jar:/home/user/.m2/repository/org/apache/thrift/libthrift/0.12.0/libthrift-0.12.0.jar:/home/user/.m2/repository/com/squareup/okhttp3/okhttp/3.9.0/okhttp-3.9.0.jar:/home/user/.m2/repository/com/squareup/okio/okio/1.13.0/okio-1.13.0.jar:/home/user/.m2/repository/io/jaegertracing/jaeger-core/0.34.0/jaeger-core-0.34.0.jar:/home/user/.m2/repository/io/jaegertracing/jaeger-tracerresolver/0.34.0/jaeger-tracerresolver-0.34.0.jar:/home/user/.m2/repository/io/opentracing/contrib/opentracing-tracerresolver/0.1.5/opentracing-tracerresolver-0.1.5.jar:/home/user/.m2/repository/io/opentracing/opentracing-util/0.31.0/opentracing-util-0.31.0.jar:/home/user/.m2/repository/io/opentracing/opentracing-api/0.31.0/opentracing-api-0.31.0.jar:/home/user/.m2/repository/io/opentracing/opentracing-noop/0.31.0/opentracing-noop-0.31.0.jar:/home/user/.m2/repository/org/apache/hadoop/hadoop-hdds-server-framework/0.5.0-SNAPSHOT/hadoop-hdds-server-framework-0.5.0-SNAPSHOT.jar:/home/user/.m2/repository/org/apache/hadoop/hadoop-hdds-container-service/0.5.0-SNAPSHOT/hadoop-hdds-container-service-0.5.0-SNAPSHOT.jar:/home/user/.m2/repository/org/apache/hadoop/hadoop-hdds-client/0.5.0-SNAPSHOT/hadoop-hdds-client-0.5.0-SNAPSHOT.jar:/home/user/.m2/repository/org/apache/hadoop/hadoop-hdds-tools/0.5.0-SNAPSHOT/hadoop-hdds-tools-0.5.0-SNAPSHOT.jar:/home/user/.m2/repository/org/apache/hadoop/hadoop-hdds-server-scm/0.5.0-SNAPSHOT/hadoop-hdds-server-scm-0.5.0-SNAPSHOT.jar:/home/user/.m2/repository/org/apache/hadoop/hadoop-hdds-docs/0.5.0-SNAPSHOT/hadoop-hdds-docs-0.5.0-SNAPSHOT.jar:/home/user/.m2/repository/io/dropwizard/metrics/metrics-core/3.2.4/metrics-core-3.2.4.jar:/home/user/.m2/repository/org/hamcrest/hamcrest-all/1.3/hamcrest-all-1.3.jar:/home/user/.m2/repository/org/bouncycastle/bcprov-jdk15on/1.60/bcprov-jdk15on-1.60.jar:/home/user/.m2/repository/info/picocli/picocli/3.9.6/picocli-3.9.6.jar:/home/user/.m2/repository/com/google/protobuf/protobuf-java/2.5.0/protobuf-java-2.5.0.jar:/home/user/.m2/repository/com/google/guava/guava/11.0.2/guava-11.0.2.jar:/home/user/.m2/repository/org/apache/hadoop/hadoop-ozone-ozone-manager/0.5.0-SNAPSHOT/hadoop-ozone-ozone-manager-0.5.0-SNAPSHOT.jar:/home/user/.m2/repository/org/apache/hadoop/hadoop-minikdc/3.2.0/hadoop-minikdc-3.2.0.jar:/home/user/.m2/repository/commons-io/commons-io/2.5/commons-io-2.5.jar:/home/user/.m2/repository/org/apache/kerby/kerb-simplekdc/1.0.1/kerb-simplekdc-1.0.1.jar:/home/user/.m2/repository/org/apache/kerby/kerb-client/1.0.1/kerb-client-1.0.1.jar:/home/user/.m2/repository/org/apache/kerby/kerby-config/1.0.1/kerby-config-1.0.1.jar:/home/user/.m2/repository/org/apache/kerby/kerb-core/1.0.1/kerb-core-1.0.1.jar:/home/user/.m2/repository/org/apache/kerby/kerby-pkix/1.0.1/kerby-pkix-1.0.1.jar:/home/user/.m2/repository/org/apache/kerby/kerby-asn1/1.0.1/kerby-asn1-1.0.1.jar:/home/user/.m2/repository/org/apache/kerby/kerby-util/1.0.1/kerby-util-1.0.1.jar:/home/user/.m2/repository/org/apache/kerby/kerb-common/1.0.1/kerb-common-1.0.1.jar:/home/user/.m2/repository/org/apache/kerby/kerb-crypto/1.0.1/kerb-crypto-1.0.1.jar:/home/user/.m2/repository/org/apache/kerby/kerb-util/1.0.1/kerb-util-1.0.1.jar:/home/user/.m2/repository/org/apache/kerby/token-provider/1.0.1/token-provider-1.0.1.jar:/home/user/.m2/repository/org/apache/kerby/kerb-admin/1.0.1/kerb-admin-1.0.1.jar:/home/user/.m2/repository/org/apache/kerby/kerb-server/1.0.1/kerb-server-1.0.1.jar:/home/user/.m2/repository/org/apache/kerby/kerb-identity/1.0.1/kerb-identity-1.0.1.jar:/home/user/.m2/repository/org/apache/kerby/kerby-xdr/1.0.1/kerby-xdr-1.0.1.jar:/home/user/.m2/repository/org/slf4j/slf4j-log4j12/1.7.25/slf4j-log4j12-1.7.25.jar:/home/user/.m2/repository/org/apache/hadoop/hadoop-ozone-s3gateway/0.5.0-SNAPSHOT/hadoop-ozone-s3gateway-0.5.0-SNAPSHOT.jar:/home/user/.m2/repository/org/jboss/weld/servlet/weld-servlet/2.4.7.Final/weld-servlet-2.4.7.Final.jar:/home/user/.m2/repository/org/glassfish/jersey/containers/jersey-container-servlet-core/2.27/jersey-container-servlet-core-2.27.jar:/home/user/.m2/repository/org/glassfish/hk2/external/javax.inject/2.5.0-b42/javax.inject-2.5.0-b42.jar:/home/user/.m2/repository/org/glassfish/jersey/core/jersey-common/2.27/jersey-common-2.27.jar:/home/user/.m2/repository/org/glassfish/hk2/osgi-resource-locator/1.0.1/osgi-resource-locator-1.0.1.jar:/home/user/.m2/repository/javax/ws/rs/javax.ws.rs-api/2.1/javax.ws.rs-api-2.1.jar:/home/user/.m2/repository/org/glassfish/jersey/ext/cdi/jersey-cdi1x/2.27/jersey-cdi1x-2.27.jar:/home/user/.m2/repository/org/glassfish/jersey/inject/jersey-hk2/2.27/jersey-hk2-2.27.jar:/home/user/.m2/repository/org/glassfish/hk2/hk2-locator/2.5.0-b42/hk2-locator-2.5.0-b42.jar:/home/user/.m2/repository/org/javassist/javassist/3.22.0-CR2/javassist-3.22.0-CR2.jar:/home/user/.m2/repository/org/glassfish/hk2/hk2-api/2.5.0/hk2-api-2.5.0.jar:/home/user/.m2/repository/org/glassfish/hk2/external/jakarta.inject/2.5.0/jakarta.inject-2.5.0.jar:/home/user/.m2/repository/org/glassfish/hk2/hk2-utils/2.5.0/hk2-utils-2.5.0.jar:/home/user/.m2/repository/jakarta/annotation/jakarta.annotation-api/1.3.4/jakarta.annotation-api-1.3.4.jar:/home/user/.m2/repository/org/glassfish/hk2/external/aopalliance-repackaged/2.5.0/aopalliance-repackaged-2.5.0.jar:/home/user/.m2/repository/com/fasterxml/jackson/dataformat/jackson-dataformat-xml/2.9.0/jackson-dataformat-xml-2.9.0.jar:/home/user/.m2/repository/com/fasterxml/jackson/core/jackson-core/2.9.9/jackson-core-2.9.9.jar:/home/user/.m2/repository/com/fasterxml/jackson/module/jackson-module-jaxb-annotations/2.9.9/jackson-module-jaxb-annotations-2.9.9.jar:/home/user/.m2/repository/javax/enterprise/cdi-api/1.2/cdi-api-1.2.jar:/home/user/.m2/repository/javax/el/javax.el-api/3.0.0/javax.el-api-3.0.0.jar:/home/user/.m2/repository/javax/interceptor/javax.interceptor-api/1.2/javax.interceptor-api-1.2.jar:/home/user/.m2/repository/javax/inject/javax.inject/1/javax.inject-1.jar:/home/user/.m2/repository/com/sun/xml/bind/jaxb-impl/2.3.0.1/jaxb-impl-2.3.0.1.jar:/home/user/.m2/repository/com/sun/xml/bind/jaxb-core/2.3.0.1/jaxb-core-2.3.0.1.jar:/home/user/.m2/repository/javax/xml/bind/jaxb-api/2.3.0/jaxb-api-2.3.0.jar:/home/user/.m2/repository/javax/activation/activation/1.1.1/activation-1.1.1.jar:/home/user/.m2/repository/org/apache/hadoop/hadoop-ozone-csi/0.5.0-SNAPSHOT/hadoop-ozone-csi-0.5.0-SNAPSHOT.jar:/home/user/.m2/repository/com/google/protobuf/protobuf-java-util/3.5.1/protobuf-java-util-3.5.1.jar:/home/user/.m2/repository/org/apache/hadoop/hadoop-hdds-config/0.5.0-SNAPSHOT/hadoop-hdds-config-0.5.0-SNAPSHOT.jar:/home/user/.m2/repository/io/grpc/grpc-netty/1.17.1/grpc-netty-1.17.1.jar:/home/user/.m2/repository/io/grpc/grpc-core/1.17.1/grpc-core-1.17.1.jar:/home/user/.m2/repository/io/grpc/grpc-context/1.17.1/grpc-context-1.17.1.jar:/home/user/.m2/repository/com/google/errorprone/error_prone_annotations/2.2.0/error_prone_annotations-2.2.0.jar:/home/user/.m2/repository/org/codehaus/mojo/animal-sniffer-annotations/1.17/animal-sniffer-annotations-1.17.jar:/home/user/.m2/repository/io/opencensus/opencensus-api/0.17.0/opencensus-api-0.17.0.jar:/home/user/.m2/repository/io/opencensus/opencensus-contrib-grpc-metrics/0.17.0/opencensus-contrib-grpc-metrics-0.17.0.jar:/home/user/.m2/repository/io/netty/netty-codec-http2/4.1.30.Final/netty-codec-http2-4.1.30.Final.jar:/home/user/.m2/repository/io/netty/netty-codec-http/4.1.30.Final/netty-codec-http-4.1.30.Final.jar:/home/user/.m2/repository/io/netty/netty-codec/4.1.30.Final/netty-codec-4.1.30.Final.jar:/home/user/.m2/repository/io/netty/netty-handler/4.1.30.Final/netty-handler-4.1.30.Final.jar:/home/user/.m2/repository/io/netty/netty-handler-proxy/4.1.30.Final/netty-handler-proxy-4.1.30.Final.jar:/home/user/.m2/repository/io/netty/netty-codec-socks/4.1.30.Final/netty-codec-socks-4.1.30.Final.jar:/home/user/.m2/repository/io/netty/netty-transport-native-epoll/4.1.30.Final/netty-transport-native-epoll-4.1.30.Final.jar:/home/user/.m2/repository/io/netty/netty-common/4.1.30.Final/netty-common-4.1.30.Final.jar:/home/user/.m2/repository/io/netty/netty-buffer/4.1.30.Final/netty-buffer-4.1.30.Final.jar:/home/user/.m2/repository/io/netty/netty-transport/4.1.30.Final/netty-transport-4.1.30.Final.jar:/home/user/.m2/repository/io/netty/netty-resolver/4.1.30.Final/netty-resolver-4.1.30.Final.jar:/home/user/.m2/repository/io/netty/netty-transport-native-unix-common/4.1.30.Final/netty-transport-native-unix-common-4.1.30.Final.jar:/home/user/.m2/repository/io/grpc/grpc-protobuf/1.17.1/grpc-protobuf-1.17.1.jar:/home/user/.m2/repository/com/google/api/grpc/proto-google-common-protos/1.0.0/proto-google-common-protos-1.0.0.jar:/home/user/.m2/repository/io/grpc/grpc-protobuf-lite/1.17.1/grpc-protobuf-lite-1.17.1.jar:/home/user/.m2/repository/io/grpc/grpc-stub/1.17.1/grpc-stub-1.17.1.jar:/home/user/.m2/repository/org/apache/hadoop/hadoop-ozone-recon/0.5.0-SNAPSHOT/hadoop-ozone-recon-0.5.0-SNAPSHOT.jar:/home/user/.m2/repository/org/apache/hadoop/hadoop-ozone-reconcodegen/0.5.0-SNAPSHOT/hadoop-ozone-reconcodegen-0.5.0-SNAPSHOT.jar:/home/user/.m2/repository/com/google/inject/extensions/guice-multibindings/4.0/guice-multibindings-4.0.jar:/home/user/.m2/repository/com/google/inject/guice/4.0/guice-4.0.jar:/home/user/.m2/repository/aopalliance/aopalliance/1.0/aopalliance-1.0.jar:/home/user/.m2/repository/com/google/inject/extensions/guice-servlet/4.0/guice-servlet-4.0.jar:/home/user/.m2/repository/org/glassfish/jersey/containers/jersey-container-servlet/2.27/jersey-container-servlet-2.27.jar:/home/user/.m2/repository/org/glassfish/hk2/guice-bridge/2.5.0/guice-bridge-2.5.0.jar:/home/user/.m2/repository/org/glassfish/jersey/core/jersey-server/2.27/jersey-server-2.27.jar:/home/user/.m2/repository/org/glassfish/jersey/core/jersey-client/2.27/jersey-client-2.27.jar:/home/user/.m2/repository/org/glassfish/jersey/media/jersey-media-jaxb/2.27/jersey-media-jaxb-2.27.jar:/home/user/.m2/repository/javax/validation/validation-api/1.1.0.Final/validation-api-1.1.0.Final.jar:/home/user/.m2/repository/org/glassfish/jersey/media/jersey-media-json-jackson/2.27/jersey-media-json-jackson-2.27.jar:/home/user/.m2/repository/org/glassfish/jersey/ext/jersey-entity-filtering/2.27/jersey-entity-filtering-2.27.jar:/home/user/.m2/repository/com/google/inject/extensions/guice-assistedinject/4.0/guice-assistedinject-4.0.jar:/home/user/.m2/repository/org/jooq/jooq/3.11.10/jooq-3.11.10.jar:/home/user/.m2/repository/org/jooq/jooq-meta/3.11.10/jooq-meta-3.11.10.jar:/home/user/.m2/repository/org/jooq/jooq-codegen/3.11.10/jooq-codegen-3.11.10.jar:/home/user/.m2/repository/com/jolbox/bonecp/0.8.0.RELEASE/bonecp-0.8.0.RELEASE.jar:/home/user/.m2/repository/org/xerial/sqlite-jdbc/3.25.2/sqlite-jdbc-3.25.2.jar:/home/user/.m2/repository/org/springframework/spring-jdbc/5.1.3.RELEASE/spring-jdbc-5.1.3.RELEASE.jar:/home/user/.m2/repository/org/springframework/spring-beans/5.1.3.RELEASE/spring-beans-5.1.3.RELEASE.jar:/home/user/.m2/repository/org/springframework/spring-core/5.1.3.RELEASE/spring-core-5.1.3.RELEASE.jar:/home/user/.m2/repository/org/springframework/spring-jcl/5.1.3.RELEASE/spring-jcl-5.1.3.RELEASE.jar:/home/user/.m2/repository/org/springframework/spring-tx/5.1.3.RELEASE/spring-tx-5.1.3.RELEASE.jar:/home/user/.m2/repository/org/apache/hadoop/hadoop-ozone-client/0.5.0-SNAPSHOT/hadoop-ozone-client-0.5.0-SNAPSHOT.jar:/home/user/.m2/repository/commons-lang/commons-lang/2.6/commons-lang-2.6.jar:/home/user/.m2/repository/org/apache/hadoop/hadoop-ozone-ozone-manager/0.5.0-SNAPSHOT/hadoop-ozone-ozone-manager-0.5.0-SNAPSHOT-tests.jar:/home/user/.m2/repository/junit/junit/4.11/junit-4.11.jar:/home/user/.m2/repository/org/hamcrest/hamcrest-core/1.3/hamcrest-core-1.3.jar:/home/user/.m2/repository/org/openjdk/jmh/jmh-core/1.19/jmh-core-1.19.jar:/home/user/.m2/repository/net/sf/jopt-simple/jopt-simple/4.6/jopt-simple-4.6.jar:/home/user/.m2/repository/org/apache/commons/commons-math3/3.1.1/commons-math3-3.1.1.jar:/home/user/.m2/repository/org/openjdk/jmh/jmh-generator-annprocess/1.19/jmh-generator-annprocess-1.19.jar:/home/user/.m2/repository/org/mockito/mockito-all/1.8.5/mockito-all-1.8.5.jar:/home/user/.m2/repository/org/apache/hadoop/hadoop-kms/3.2.0/hadoop-kms-3.2.0.jar:/home/user/.m2/repository/org/apache/hadoop/hadoop-auth/3.2.0/hadoop-auth-3.2.0.jar:/home/user/.m2/repository/com/nimbusds/nimbus-jose-jwt/4.41.1/nimbus-jose-jwt-4.41.1.jar:/home/user/.m2/repository/com/github/stephenc/jcip/jcip-annotations/1.0-1/jcip-annotations-1.0-1.jar:/home/user/.m2/repository/net/minidev/json-smart/2.3/json-smart-2.3.jar:/home/user/.m2/repository/net/minidev/accessors-smart/1.2/accessors-smart-1.2.jar:/home/user/.m2/repository/org/ow2/asm/asm/5.0.4/asm-5.0.4.jar:/home/user/.m2/repository/org/apache/curator/curator-framework/2.12.0/curator-framework-2.12.0.jar:/home/user/.m2/repository/com/sun/jersey/jersey-core/1.19/jersey-core-1.19.jar:/home/user/.m2/repository/javax/ws/rs/jsr311-api/1.1.1/jsr311-api-1.1.1.jar:/home/user/.m2/repository/com/sun/jersey/jersey-server/1.19/jersey-server-1.19.jar:/home/user/.m2/repository/javax/servlet/javax.servlet-api/3.1.0/javax.servlet-api-3.1.0.jar:/home/user/.m2/repository/org/eclipse/jetty/jetty-server/9.3.25.v20180904/jetty-server-9.3.25.v20180904.jar:/home/user/.m2/repository/org/eclipse/jetty/jetty-http/9.3.25.v20180904/jetty-http-9.3.25.v20180904.jar:/home/user/.m2/repository/org/eclipse/jetty/jetty-io/9.3.25.v20180904/jetty-io-9.3.25.v20180904.jar:/home/user/.m2/repository/org/eclipse/jetty/jetty-webapp/9.3.25.v20180904/jetty-webapp-9.3.25.v20180904.jar:/home/user/.m2/repository/org/eclipse/jetty/jetty-xml/9.3.25.v20180904/jetty-xml-9.3.25.v20180904.jar:/home/user/.m2/repository/log4j/log4j/1.2.17/log4j-1.2.17.jar:/home/user/.m2/repository/org/slf4j/slf4j-api/1.7.25/slf4j-api-1.7.25.jar:/home/user/.m2/repository/org/slf4j/jul-to-slf4j/1.7.25/jul-to-slf4j-1.7.25.jar:/home/user/.m2/repository/org/eclipse/jetty/jetty-util/9.3.25.v20180904/jetty-util-9.3.25.v20180904.jar:/home/user/.m2/repository/com/fasterxml/jackson/core/jackson-databind/2.9.9/jackson-databind-2.9.9.jar:/home/user/.m2/repository/org/apache/hadoop/hadoop-kms/3.2.0/hadoop-kms-3.2.0-tests.jar:/home/user/.m2/repository/org/apache/hadoop/hadoop-hdds-server-scm/0.5.0-SNAPSHOT/hadoop-hdds-server-scm-0.5.0-SNAPSHOT-tests.jar:/home/user/.m2/repository/org/apache/hadoop/hadoop-hdds-container-service/0.5.0-SNAPSHOT/hadoop-hdds-container-service-0.5.0-SNAPSHOT-tests.jar:/home/user/.m2/repository/org/yaml/snakeyaml/1.16/snakeyaml-1.16.jar:/home/user/.m2/repository/org/apache/hadoop/hadoop-common/3.2.0/hadoop-common-3.2.0-tests.jar:/home/user/.m2/repository/org/apache/hadoop/hadoop-annotations/3.2.0/hadoop-annotations-3.2.0.jar:/usr/lib/jvm/java-1.8-openjdk/jre/../lib/tools.jar:/home/user/.m2/repository/commons-cli/commons-cli/1.2/commons-cli-1.2.jar:/home/user/.m2/repository/org/apache/httpcomponents/httpclient/4.5.2/httpclient-4.5.2.jar:/home/user/.m2/repository/org/apache/httpcomponents/httpcore/4.4.4/httpcore-4.4.4.jar:/home/user/.m2/repository/commons-codec/commons-codec/1.11/commons-codec-1.11.jar:/home/user/.m2/repository/commons-net/commons-net/3.6/commons-net-3.6.jar:/home/user/.m2/repository/commons-collections/commons-collections/3.2.2/commons-collections-3.2.2.jar:/home/user/.m2/repository/org/eclipse/jetty/jetty-servlet/9.3.25.v20180904/jetty-servlet-9.3.25.v20180904.jar:/home/user/.m2/repository/org/eclipse/jetty/jetty-security/9.3.25.v20180904/jetty-security-9.3.25.v20180904.jar:/home/user/.m2/repository/javax/servlet/jsp/jsp-api/2.1/jsp-api-2.1.jar:/home/user/.m2/repository/com/sun/jersey/jersey-servlet/1.19/jersey-servlet-1.19.jar:/home/user/.m2/repository/com/sun/jersey/jersey-json/1.19/jersey-json-1.19.jar:/home/user/.m2/repository/org/codehaus/jettison/jettison/1.1/jettison-1.1.jar:/home/user/.m2/repository/org/codehaus/jackson/jackson-core-asl/1.9.13/jackson-core-asl-1.9.13.jar:/home/user/.m2/repository/org/codehaus/jackson/jackson-mapper-asl/1.9.13/jackson-mapper-asl-1.9.13.jar:/home/user/.m2/repository/org/codehaus/jackson/jackson-jaxrs/1.9.13/jackson-jaxrs-1.9.13.jar:/home/user/.m2/repository/org/codehaus/jackson/jackson-xc/1.9.13/jackson-xc-1.9.13.jar:/home/user/.m2/repository/commons-logging/commons-logging/1.1.3/commons-logging-1.1.3.jar:/home/user/.m2/repository/commons-beanutils/commons-beanutils/1.9.4/commons-beanutils-1.9.4.jar:/home/user/.m2/repository/org/apache/commons/commons-configuration2/2.1.1/commons-configuration2-2.1.1.jar:/home/user/.m2/repository/org/apache/commons/commons-lang3/3.7/commons-lang3-3.7.jar:/home/user/.m2/repository/org/apache/commons/commons-text/1.4/commons-text-1.4.jar:/home/user/.m2/repository/org/apache/avro/avro/1.7.7/avro-1.7.7.jar:/home/user/.m2/repository/com/thoughtworks/paranamer/paranamer/2.3/paranamer-2.3.jar:/home/user/.m2/repository/org/xerial/snappy/snappy-java/1.0.5/snappy-java-1.0.5.jar:/home/user/.m2/repository/com/google/re2j/re2j/1.1/re2j-1.1.jar:/home/user/.m2/repository/com/google/code/gson/gson/2.2.4/gson-2.2.4.jar:/home/user/.m2/repository/com/jcraft/jsch/0.1.54/jsch-0.1.54.jar:/home/user/.m2/repository/org/apache/curator/curator-client/2.12.0/curator-client-2.12.0.jar:/home/user/.m2/repository/org/apache/curator/curator-recipes/2.12.0/curator-recipes-2.12.0.jar:/home/user/.m2/repository/com/google/code/findbugs/jsr305/3.0.0/jsr305-3.0.0.jar:/home/user/.m2/repository/org/apache/htrace/htrace-core4/4.1.0-incubating/htrace-core4-4.1.0-incubating.jar:/home/user/.m2/repository/org/apache/zookeeper/zookeeper/3.4.13/zookeeper-3.4.13.jar:/home/user/.m2/repository/jline/jline/0.9.94/jline-0.9.94.jar:/home/user/.m2/repository/org/apache/yetus/audience-annotations/0.5.0/audience-annotations-0.5.0.jar:/home/user/.m2/repository/org/codehaus/woodstox/stax2-api/3.1.4/stax2-api-3.1.4.jar:/home/user/.m2/repository/com/fasterxml/woodstox/woodstox-core/5.0.3/woodstox-core-5.0.3.jar:/home/user/.m2/repository/dnsjava/dnsjava/2.1.7/dnsjava-2.1.7.jar:/home/user/.m2/repository/org/apache/hadoop/hadoop-hdfs/3.2.0/hadoop-hdfs-3.2.0-tests.jar:/home/user/.m2/repository/org/eclipse/jetty/jetty-util-ajax/9.3.25.v20180904/jetty-util-ajax-9.3.25.v20180904.jar:/home/user/.m2/repository/commons-daemon/commons-daemon/1.0.13/commons-daemon-1.0.13.jar:/home/user/.m2/repository/io/netty/netty/3.10.5.Final/netty-3.10.5.Final.jar:/home/user/.m2/repository/io/netty/netty-all/4.0.52.Final/netty-all-4.0.52.Final.jar:/home/user/.m2/repository/org/fusesource/leveldbjni/leveldbjni-all/1.8/leveldbjni-all-1.8.jar:"/>
    <property name="sun.cpu.endian" value="little"/>
    <property name="user.home" value="/home/user"/>
    <property name="user.language" value="en"/>
    <property name="java.specification.vendor" value="Oracle Corporation"/>
    <property name="java.home" value="/usr/lib/jvm/java-1.8-openjdk/jre"/>
    <property name="java.security.krb5.conf" value="/workdir/hadoop-ozone/integration-test/target/test-classes/krb5.conf"/>
    <property name="basedir" value="/workdir/hadoop-ozone/integration-test"/>
    <property name="file.separator" value="/"/>
    <property name="line.separator" value="&#10;"/>
    <property name="java.vm.specification.vendor" value="Oracle Corporation"/>
    <property name="java.specification.name" value="Java Platform API Specification"/>
    <property name="java.awt.graphicsenv" value="sun.awt.X11GraphicsEnvironment"/>
    <property name="surefire.real.class.path" value="/workdir/hadoop-ozone/integration-test/target/surefire/surefirebooter814415591668923577.jar"/>
    <property name="hadoop.log.dir" value="/workdir/hadoop-ozone/integration-test/target/log"/>
    <property name="sun.boot.class.path" value="/usr/lib/jvm/java-1.8-openjdk/jre/lib/resources.jar:/usr/lib/jvm/java-1.8-openjdk/jre/lib/rt.jar:/usr/lib/jvm/java-1.8-openjdk/jre/lib/sunrsasign.jar:/usr/lib/jvm/java-1.8-openjdk/jre/lib/jsse.jar:/usr/lib/jvm/java-1.8-openjdk/jre/lib/jce.jar:/usr/lib/jvm/java-1.8-openjdk/jre/lib/charsets.jar:/usr/lib/jvm/java-1.8-openjdk/jre/lib/jfr.jar:/usr/lib/jvm/java-1.8-openjdk/jre/classes"/>
    <property name="sun.management.compiler" value="HotSpot 64-Bit Tiered Compilers"/>
    <property name="java.runtime.version" value="1.8.0_212-b04"/>
    <property name="java.net.preferIPv4Stack" value="true"/>
    <property name="user.name" value="jenkins1000"/>
    <property name="path.separator" value=":"/>
    <property name="java.security.egd" value="file:///dev/urandom"/>
    <property name="os.version" value="3.10.0-957.12.2.el7.x86_64"/>
    <property name="java.endorsed.dirs" value="/usr/lib/jvm/java-1.8-openjdk/jre/lib/endorsed"/>
    <property name="java.runtime.name" value="OpenJDK Runtime Environment"/>
    <property name="file.encoding" value="UTF-8"/>
    <property name="java.vm.name" value="OpenJDK 64-Bit Server VM"/>
    <property name="test.build.webapps" value=""/>
    <property name="localRepository" value="/home/user/.m2/repository"/>
    <property name="java.vendor.url.bug" value="https://icedtea.classpath.org/bugzilla"/>
    <property name="java.io.tmpdir" value="/tmp"/>
    <property name="require.test.libhadoop" value=""/>
    <property name="java.version" value="1.8.0_212"/>
    <property name="user.dir" value="/workdir/hadoop-ozone/integration-test"/>
    <property name="os.arch" value="amd64"/>
    <property name="java.vm.specification.name" value="Java Virtual Machine Specification"/>
    <property name="test.build.classes" value="/workdir/hadoop-ozone/integration-test/target/test-classes"/>
    <property name="java.awt.printerjob" value="sun.print.PSPrinterJob"/>
    <property name="sun.os.patch.level" value="unknown"/>
    <property name="hadoop.tmp.dir" value="/workdir/hadoop-ozone/integration-test/target/tmp"/>
    <property name="java.library.path" value="/usr/lib/jvm/java-1.8-openjdk/jre/lib/amd64/server:/usr/lib/jvm/java-1.8-openjdk/jre/lib/amd64:/usr/lib/jvm/java-1.8-openjdk/jre/../lib/amd64:/workdir/hadoop-ozone/integration-test/target/native/target/usr/local/lib:/workdir/hadoop-ozone/integration-test/../../hadoop-common-project/hadoop-common/target/native/target/usr/local/lib:/usr/java/packages/lib/amd64:/usr/lib64:/lib64:/lib:/usr/lib"/>
    <property name="java.vm.info" value="mixed mode"/>
    <property name="java.vendor" value="IcedTea"/>
    <property name="java.vm.version" value="25.212-b04"/>
    <property name="java.ext.dirs" value="/usr/lib/jvm/java-1.8-openjdk/jre/lib/ext:/usr/java/packages/lib/ext"/>
    <property name="sun.io.unicode.encoding" value="UnicodeLittle"/>
    <property name="java.class.version" value="52.0"/>
  </properties>
  <testcase name="test2DatanodesFailure" classname="org.apache.hadoop.ozone.client.rpc.TestBlockOutputStreamWithFailures" time="106.82"/>
  <testcase name="testDatanodeFailureWithPreAllocation" classname="org.apache.hadoop.ozone.client.rpc.TestBlockOutputStreamWithFailures" time="222.322"/>
  <testcase name="testDatanodeFailureWithSingleNodeRatis" classname="org.apache.hadoop.ozone.client.rpc.TestBlockOutputStreamWithFailures" time="222.492"/>
  <testcase name="testWatchForCommitWithSingleNodeRatis" classname="org.apache.hadoop.ozone.client.rpc.TestBlockOutputStreamWithFailures" time="34.468"/>
  <testcase name="testWatchForCommitDatanodeFailure" classname="org.apache.hadoop.ozone.client.rpc.TestBlockOutputStreamWithFailures" time="42.571">
    <failure message="expected:&lt;2&gt; but was:&lt;3&gt;" type="java.lang.AssertionError"><![CDATA[java.lang.AssertionError: expected:<2> but was:<3>
	at org.junit.Assert.fail(Assert.java:88)
	at org.junit.Assert.failNotEquals(Assert.java:743)
	at org.junit.Assert.assertEquals(Assert.java:118)
	at org.junit.Assert.assertEquals(Assert.java:555)
	at org.junit.Assert.assertEquals(Assert.java:542)
	at org.apache.hadoop.ozone.client.rpc.TestBlockOutputStreamWithFailures.testWatchForCommitDatanodeFailure(TestBlockOutputStreamWithFailures.java:366)
	at sun.reflect.NativeMethodAccessorImpl.invoke0(Native Method)
	at sun.reflect.NativeMethodAccessorImpl.invoke(NativeMethodAccessorImpl.java:62)
	at sun.reflect.DelegatingMethodAccessorImpl.invoke(DelegatingMethodAccessorImpl.java:43)
	at java.lang.reflect.Method.invoke(Method.java:498)
	at org.junit.runners.model.FrameworkMethod$1.runReflectiveCall(FrameworkMethod.java:47)
	at org.junit.internal.runners.model.ReflectiveCallable.run(ReflectiveCallable.java:12)
	at org.junit.runners.model.FrameworkMethod.invokeExplosively(FrameworkMethod.java:44)
	at org.junit.internal.runners.statements.InvokeMethod.evaluate(InvokeMethod.java:17)
	at org.junit.internal.runners.statements.RunBefores.evaluate(RunBefores.java:26)
	at org.junit.internal.runners.statements.RunAfters.evaluate(RunAfters.java:27)
	at org.junit.runners.ParentRunner.runLeaf(ParentRunner.java:271)
	at org.junit.runners.BlockJUnit4ClassRunner.runChild(BlockJUnit4ClassRunner.java:70)
	at org.junit.runners.BlockJUnit4ClassRunner.runChild(BlockJUnit4ClassRunner.java:50)
	at org.junit.runners.ParentRunner$3.run(ParentRunner.java:238)
	at org.junit.runners.ParentRunner$1.schedule(ParentRunner.java:63)
	at org.junit.runners.ParentRunner.runChildren(ParentRunner.java:236)
	at org.junit.runners.ParentRunner.access$000(ParentRunner.java:53)
	at org.junit.runners.ParentRunner$2.evaluate(ParentRunner.java:229)
	at org.junit.runners.ParentRunner.run(ParentRunner.java:309)
	at org.apache.maven.surefire.junit4.JUnit4Provider.execute(JUnit4Provider.java:365)
	at org.apache.maven.surefire.junit4.JUnit4Provider.executeWithRerun(JUnit4Provider.java:273)
	at org.apache.maven.surefire.junit4.JUnit4Provider.executeTestSet(JUnit4Provider.java:238)
	at org.apache.maven.surefire.junit4.JUnit4Provider.invoke(JUnit4Provider.java:159)
	at org.apache.maven.surefire.booter.ForkedBooter.invokeProviderInSameClassLoader(ForkedBooter.java:384)
	at org.apache.maven.surefire.booter.ForkedBooter.runSuitesInProcess(ForkedBooter.java:345)
	at org.apache.maven.surefire.booter.ForkedBooter.execute(ForkedBooter.java:126)
	at org.apache.maven.surefire.booter.ForkedBooter.main(ForkedBooter.java:418)
]]></failure>
    <system-out><![CDATA[2019-09-27 21:17:38,573 [main] WARN  server.ServerUtils (ServerUtils.java:getScmDbDir(145)) - ozone.scm.db.dirs is not configured. We recommend adding this setting. Falling back to ozone.metadata.dirs instead.
2019-09-27 21:17:38,588 [main] WARN  server.ServerUtils (ServerUtils.java:getScmDbDir(145)) - ozone.scm.db.dirs is not configured. We recommend adding this setting. Falling back to ozone.metadata.dirs instead.
2019-09-27 21:17:38,588 [main] WARN  server.ServerUtils (ServerUtils.java:getScmDbDir(145)) - ozone.scm.db.dirs is not configured. We recommend adding this setting. Falling back to ozone.metadata.dirs instead.
2019-09-27 21:17:38,589 [main] INFO  db.DBStoreBuilder (DBStoreBuilder.java:addTable(110)) - using custom profile for table: deletedBlocks
2019-09-27 21:17:38,589 [main] INFO  db.DBStoreBuilder (DBStoreBuilder.java:processTables(161)) - Using default column profile:DBProfile.DISK for Table:deletedBlocks
2019-09-27 21:17:38,589 [main] INFO  db.DBStoreBuilder (DBStoreBuilder.java:addTable(110)) - using custom profile for table: validCerts
2019-09-27 21:17:38,589 [main] INFO  db.DBStoreBuilder (DBStoreBuilder.java:processTables(161)) - Using default column profile:DBProfile.DISK for Table:validCerts
2019-09-27 21:17:38,589 [main] INFO  db.DBStoreBuilder (DBStoreBuilder.java:addTable(110)) - using custom profile for table: revokedCerts
2019-09-27 21:17:38,589 [main] INFO  db.DBStoreBuilder (DBStoreBuilder.java:processTables(161)) - Using default column profile:DBProfile.DISK for Table:revokedCerts
2019-09-27 21:17:38,590 [main] INFO  db.DBStoreBuilder (DBStoreBuilder.java:addTable(110)) - using custom profile for table: default
2019-09-27 21:17:38,590 [main] INFO  db.DBStoreBuilder (DBStoreBuilder.java:processTables(167)) - Using default column profile:DBProfile.DISK for Table:default
2019-09-27 21:17:38,590 [main] INFO  db.DBStoreBuilder (DBStoreBuilder.java:getDbProfile(198)) - Using default options. DBProfile.DISK
2019-09-27 21:17:38,744 [main] INFO  net.NodeSchemaLoader (NodeSchemaLoader.java:loadSchemaFromFile(125)) - Loading file from sun.misc.CompoundEnumeration@496cc217
2019-09-27 21:17:38,744 [main] INFO  net.NodeSchemaLoader (NodeSchemaLoader.java:loadSchema(171)) - Loading network topology layer schema file
2019-09-27 21:17:38,749 [main] INFO  node.SCMNodeManager (SCMNodeManager.java:<init>(114)) - Entering startup safe mode.
2019-09-27 21:17:38,750 [main] INFO  algorithms.ContainerPlacementPolicyFactory (ContainerPlacementPolicyFactory.java:getPolicy(57)) - Create container placement policy of type org.apache.hadoop.hdds.scm.container.placement.algorithms.SCMContainerPlacementRandom
2019-09-27 21:17:38,751 [main] WARN  server.ServerUtils (ServerUtils.java:getScmDbDir(145)) - ozone.scm.db.dirs is not configured. We recommend adding this setting. Falling back to ozone.metadata.dirs instead.
2019-09-27 21:17:38,801 [main] INFO  pipeline.SCMPipelineManager (SCMPipelineManager.java:initializePipelineState(132)) - No pipeline exists in current db
2019-09-27 21:17:38,801 [main] WARN  server.ServerUtils (ServerUtils.java:getScmDbDir(145)) - ozone.scm.db.dirs is not configured. We recommend adding this setting. Falling back to ozone.metadata.dirs instead.
2019-09-27 21:17:38,853 [main] WARN  events.EventQueue (EventQueue.java:fireEvent(183)) - No event handler registered for event TypedEvent{payloadType=SafeModeStatus, name='SafeModeStatus'}
2019-09-27 21:17:38,854 [main] INFO  ipc.CallQueueManager (CallQueueManager.java:<init>(84)) - Using callQueue: class java.util.concurrent.LinkedBlockingQueue, queueCapacity: 2000, scheduler: class org.apache.hadoop.ipc.DefaultRpcScheduler, ipcBackoff: false.
2019-09-27 21:17:38,855 [Socket Reader #1 for port 35469] INFO  ipc.Server (Server.java:run(1074)) - Starting Socket Reader #1 for port 35469
2019-09-27 21:17:38,857 [main] INFO  ipc.CallQueueManager (CallQueueManager.java:<init>(84)) - Using callQueue: class java.util.concurrent.LinkedBlockingQueue, queueCapacity: 2000, scheduler: class org.apache.hadoop.ipc.DefaultRpcScheduler, ipcBackoff: false.
2019-09-27 21:17:38,857 [Socket Reader #1 for port 43625] INFO  ipc.Server (Server.java:run(1074)) - Starting Socket Reader #1 for port 43625
2019-09-27 21:17:38,860 [main] INFO  ipc.CallQueueManager (CallQueueManager.java:<init>(84)) - Using callQueue: class java.util.concurrent.LinkedBlockingQueue, queueCapacity: 2000, scheduler: class org.apache.hadoop.ipc.DefaultRpcScheduler, ipcBackoff: false.
2019-09-27 21:17:38,861 [Socket Reader #1 for port 35107] INFO  ipc.Server (Server.java:run(1074)) - Starting Socket Reader #1 for port 35107
2019-09-27 21:17:38,863 [main] INFO  hdfs.DFSUtil (DFSUtil.java:httpServerTemplateForNNAndJN(1641)) - Starting Web-server for scm at: http://0.0.0.0:0
2019-09-27 21:17:38,865 [main] INFO  server.AuthenticationFilter (AuthenticationFilter.java:constructSecretProvider(240)) - Unable to initialize FileSignerSecretProvider, falling back to use random secrets.
2019-09-27 21:17:38,866 [main] WARN  http.HttpRequestLog (HttpRequestLog.java:getRequestLog(97)) - Jetty request log can only be enabled using Log4j
2019-09-27 21:17:38,867 [main] INFO  http.HttpServer2 (HttpServer2.java:addGlobalFilter(975)) - Added global filter 'safety' (class=org.apache.hadoop.http.HttpServer2$QuotingInputFilter)
2019-09-27 21:17:38,868 [main] INFO  http.HttpServer2 (HttpServer2.java:addFilter(948)) - Added filter static_user_filter (class=org.apache.hadoop.http.lib.StaticUserWebFilter$StaticUserFilter) to context scm
2019-09-27 21:17:38,868 [main] INFO  http.HttpServer2 (HttpServer2.java:addFilter(958)) - Added filter static_user_filter (class=org.apache.hadoop.http.lib.StaticUserWebFilter$StaticUserFilter) to context static
2019-09-27 21:17:38,868 [main] INFO  http.HttpServer2 (HttpServer2.java:addFilter(958)) - Added filter static_user_filter (class=org.apache.hadoop.http.lib.StaticUserWebFilter$StaticUserFilter) to context logs
2019-09-27 21:17:38,870 [main] INFO  server.StorageContainerManager (StorageContainerManager.java:start(770)) - StorageContainerLocationProtocol RPC server is listening at /0.0.0.0:35107
2019-09-27 21:17:38,872 [main] WARN  impl.MetricsConfig (MetricsConfig.java:loadFirst(134)) - Cannot locate configuration: tried hadoop-metrics2-storagecontainermanager.properties,hadoop-metrics2.properties
2019-09-27 21:17:38,873 [main] INFO  impl.MetricsSystemImpl (MetricsSystemImpl.java:startTimer(374)) - Scheduled Metric snapshot period at 10 second(s).
2019-09-27 21:17:38,873 [main] INFO  impl.MetricsSystemImpl (MetricsSystemImpl.java:start(191)) - StorageContainerManager metrics system started
2019-09-27 21:17:38,941 [main] WARN  impl.MetricsSystemImpl (MetricsSystemImpl.java:register(276)) - Sink prometheus already exists!
2019-09-27 21:17:39,026 [main] INFO  server.SCMClientProtocolServer (SCMClientProtocolServer.java:start(150)) - RPC server for Client  is listening at /0.0.0.0:35107
2019-09-27 21:17:39,026 [IPC Server Responder] INFO  ipc.Server (Server.java:run(1314)) - IPC Server Responder: starting
2019-09-27 21:17:39,026 [IPC Server listener on 35107] INFO  ipc.Server (Server.java:run(1153)) - IPC Server listener on 35107: starting
2019-09-27 21:17:39,031 [main] INFO  server.StorageContainerManager (StorageContainerManager.java:start(780)) - ScmBlockLocationProtocol RPC server is listening at /0.0.0.0:43625
2019-09-27 21:17:39,031 [main] INFO  server.SCMBlockProtocolServer (SCMBlockProtocolServer.java:start(146)) - RPC server for Block Protocol is listening at /0.0.0.0:43625
2019-09-27 21:17:39,032 [IPC Server Responder] INFO  ipc.Server (Server.java:run(1314)) - IPC Server Responder: starting
2019-09-27 21:17:39,032 [IPC Server listener on 43625] INFO  ipc.Server (Server.java:run(1153)) - IPC Server listener on 43625: starting
2019-09-27 21:17:39,035 [main] INFO  server.StorageContainerManager (StorageContainerManager.java:start(784)) - ScmDatanodeProtocl RPC server is listening at /0.0.0.0:35469
2019-09-27 21:17:39,035 [main] INFO  server.SCMDatanodeProtocolServer (SCMDatanodeProtocolServer.java:start(191)) - RPC server for DataNodes is listening at /0.0.0.0:35469
2019-09-27 21:17:39,035 [IPC Server Responder] INFO  ipc.Server (Server.java:run(1314)) - IPC Server Responder: starting
2019-09-27 21:17:39,035 [IPC Server listener on 35469] INFO  ipc.Server (Server.java:run(1153)) - IPC Server listener on 35469: starting
2019-09-27 21:17:39,038 [main] INFO  http.HttpServer2 (HttpServer2.java:bindListener(1191)) - Jetty bound to port 34741
2019-09-27 21:17:39,038 [main] INFO  server.Server (Server.java:doStart(351)) - jetty-9.3.25.v20180904, build timestamp: 2018-09-04T21:11:46Z, git hash: 3ce520221d0240229c862b122d2b06c12a625732
2019-09-27 21:17:39,039 [main] INFO  handler.ContextHandler (ContextHandler.java:doStart(781)) - Started o.e.j.s.ServletContextHandler@6de7778f{/logs,file:///workdir/hadoop-ozone/integration-test/target/log,AVAILABLE}
2019-09-27 21:17:39,040 [main] INFO  handler.ContextHandler (ContextHandler.java:doStart(781)) - Started o.e.j.s.ServletContextHandler@4ce25e47{/static,file:///workdir/hadoop-ozone/integration-test/target/test-classes/webapps/static,AVAILABLE}
2019-09-27 21:17:39,043 [main] INFO  handler.ContextHandler (ContextHandler.java:doStart(781)) - Started o.e.j.w.WebAppContext@53314f76{/,file:///workdir/hadoop-ozone/integration-test/target/test-classes/webapps/scm/,AVAILABLE}{/scm}
2019-09-27 21:17:39,044 [main] INFO  server.AbstractConnector (AbstractConnector.java:doStart(278)) - Started ServerConnector@62a6674f{HTTP/1.1,[http/1.1]}{0.0.0.0:34741}
2019-09-27 21:17:39,044 [main] INFO  server.Server (Server.java:doStart(419)) - Started @587104ms
2019-09-27 21:17:39,045 [main] WARN  impl.MetricsSystemImpl (MetricsSystemImpl.java:register(276)) - Sink prometheus already exists!
2019-09-27 21:17:39,045 [main] INFO  server.BaseHttpServer (BaseHttpServer.java:updateConnectorAddress(215)) - HTTP server of SCM is listening at http://0.0.0.0:34741
2019-09-27 21:17:39,047 [main] WARN  server.ServerUtils (ServerUtils.java:getDBPath(222)) - ozone.om.db.dirs is not configured. We recommend adding this setting. Falling back to ozone.metadata.dirs instead.
2019-09-27 21:17:39,047 [org.apache.hadoop.util.JvmPauseMonitor$Monitor@703fa45] INFO  util.JvmPauseMonitor (JvmPauseMonitor.java:run(188)) - Starting JVM pause monitor
2019-09-27 21:17:39,060 [main] WARN  server.ServerUtils (ServerUtils.java:getDBPath(222)) - ozone.om.db.dirs is not configured. We recommend adding this setting. Falling back to ozone.metadata.dirs instead.
2019-09-27 21:17:39,060 [main] WARN  server.ServerUtils (ServerUtils.java:getDBPath(222)) - ozone.om.db.dirs is not configured. We recommend adding this setting. Falling back to ozone.metadata.dirs instead.
2019-09-27 21:17:39,060 [main] INFO  om.OzoneManager (OzoneManager.java:setOMNodeDetails(652)) - OM Service ID is not set. Setting it to the default ID: omServiceIdDefault
2019-09-27 21:17:39,060 [main] INFO  om.OzoneManager (OzoneManager.java:setOMNodeDetails(658)) - OM Node ID is not set. Setting it to the OmStorage's OmID: ea101e1d-8946-4abf-92d8-8fb9d30f458c
2019-09-27 21:17:39,060 [main] INFO  om.OzoneManager (OzoneManager.java:loadOMHAConfigs(609)) - Found matching OM address with OMServiceId: null, OMNodeId: null, RPC Address: localhost:0 and Ratis port: 9872
2019-09-27 21:17:39,066 [main] WARN  server.ServerUtils (ServerUtils.java:getDBPath(222)) - ozone.om.db.dirs is not configured. We recommend adding this setting. Falling back to ozone.metadata.dirs instead.
2019-09-27 21:17:39,066 [main] INFO  db.DBStoreBuilder (DBStoreBuilder.java:addTable(110)) - using custom profile for table: userTable
2019-09-27 21:17:39,066 [main] INFO  db.DBStoreBuilder (DBStoreBuilder.java:processTables(161)) - Using default column profile:DBProfile.DISK for Table:userTable
2019-09-27 21:17:39,066 [main] INFO  db.DBStoreBuilder (DBStoreBuilder.java:addTable(110)) - using custom profile for table: volumeTable
2019-09-27 21:17:39,067 [main] INFO  db.DBStoreBuilder (DBStoreBuilder.java:processTables(161)) - Using default column profile:DBProfile.DISK for Table:volumeTable
2019-09-27 21:17:39,067 [main] INFO  db.DBStoreBuilder (DBStoreBuilder.java:addTable(110)) - using custom profile for table: bucketTable
2019-09-27 21:17:39,067 [main] INFO  db.DBStoreBuilder (DBStoreBuilder.java:processTables(161)) - Using default column profile:DBProfile.DISK for Table:bucketTable
2019-09-27 21:17:39,067 [main] INFO  db.DBStoreBuilder (DBStoreBuilder.java:addTable(110)) - using custom profile for table: keyTable
2019-09-27 21:17:39,067 [main] INFO  db.DBStoreBuilder (DBStoreBuilder.java:processTables(161)) - Using default column profile:DBProfile.DISK for Table:keyTable
2019-09-27 21:17:39,067 [main] INFO  db.DBStoreBuilder (DBStoreBuilder.java:addTable(110)) - using custom profile for table: deletedTable
2019-09-27 21:17:39,067 [main] INFO  db.DBStoreBuilder (DBStoreBuilder.java:processTables(161)) - Using default column profile:DBProfile.DISK for Table:deletedTable
2019-09-27 21:17:39,068 [main] INFO  db.DBStoreBuilder (DBStoreBuilder.java:addTable(110)) - using custom profile for table: openKeyTable
2019-09-27 21:17:39,068 [main] INFO  db.DBStoreBuilder (DBStoreBuilder.java:processTables(161)) - Using default column profile:DBProfile.DISK for Table:openKeyTable
2019-09-27 21:17:39,068 [main] INFO  db.DBStoreBuilder (DBStoreBuilder.java:addTable(110)) - using custom profile for table: s3Table
2019-09-27 21:17:39,068 [main] INFO  db.DBStoreBuilder (DBStoreBuilder.java:processTables(161)) - Using default column profile:DBProfile.DISK for Table:s3Table
2019-09-27 21:17:39,068 [main] INFO  db.DBStoreBuilder (DBStoreBuilder.java:addTable(110)) - using custom profile for table: multipartInfoTable
2019-09-27 21:17:39,068 [main] INFO  db.DBStoreBuilder (DBStoreBuilder.java:processTables(161)) - Using default column profile:DBProfile.DISK for Table:multipartInfoTable
2019-09-27 21:17:39,069 [main] INFO  db.DBStoreBuilder (DBStoreBuilder.java:addTable(110)) - using custom profile for table: dTokenTable
2019-09-27 21:17:39,069 [main] INFO  db.DBStoreBuilder (DBStoreBuilder.java:processTables(161)) - Using default column profile:DBProfile.DISK for Table:dTokenTable
2019-09-27 21:17:39,069 [main] INFO  db.DBStoreBuilder (DBStoreBuilder.java:addTable(110)) - using custom profile for table: s3SecretTable
2019-09-27 21:17:39,069 [main] INFO  db.DBStoreBuilder (DBStoreBuilder.java:processTables(161)) - Using default column profile:DBProfile.DISK for Table:s3SecretTable
2019-09-27 21:17:39,069 [main] INFO  db.DBStoreBuilder (DBStoreBuilder.java:addTable(110)) - using custom profile for table: prefixTable
2019-09-27 21:17:39,069 [main] INFO  db.DBStoreBuilder (DBStoreBuilder.java:processTables(161)) - Using default column profile:DBProfile.DISK for Table:prefixTable
2019-09-27 21:17:39,070 [main] INFO  db.DBStoreBuilder (DBStoreBuilder.java:addTable(110)) - using custom profile for table: default
2019-09-27 21:17:39,070 [main] INFO  db.DBStoreBuilder (DBStoreBuilder.java:processTables(167)) - Using default column profile:DBProfile.DISK for Table:default
2019-09-27 21:17:39,070 [main] INFO  db.DBStoreBuilder (DBStoreBuilder.java:getDbProfile(198)) - Using default options. DBProfile.DISK
2019-09-27 21:17:39,513 [main] INFO  ipc.CallQueueManager (CallQueueManager.java:<init>(84)) - Using callQueue: class java.util.concurrent.LinkedBlockingQueue, queueCapacity: 2000, scheduler: class org.apache.hadoop.ipc.DefaultRpcScheduler, ipcBackoff: false.
2019-09-27 21:17:39,514 [Socket Reader #1 for port 33016] INFO  ipc.Server (Server.java:run(1074)) - Starting Socket Reader #1 for port 33016
2019-09-27 21:17:39,535 [main] INFO  om.OzoneManager (OzoneManager.java:start(1243)) - OzoneManager RPC server is listening at localhost/127.0.0.1:33016
2019-09-27 21:17:39,536 [main] INFO  impl.MetricsSystemImpl (MetricsSystemImpl.java:init(158)) - OzoneManager metrics system started (again)
2019-09-27 21:17:39,536 [IPC Server Responder] INFO  ipc.Server (Server.java:run(1314)) - IPC Server Responder: starting
2019-09-27 21:17:39,538 [IPC Server listener on 33016] INFO  ipc.Server (Server.java:run(1153)) - IPC Server listener on 33016: starting
2019-09-27 21:17:39,542 [main] INFO  hdfs.DFSUtil (DFSUtil.java:httpServerTemplateForNNAndJN(1641)) - Starting Web-server for ozoneManager at: http://0.0.0.0:0
2019-09-27 21:17:39,544 [main] INFO  server.AuthenticationFilter (AuthenticationFilter.java:constructSecretProvider(240)) - Unable to initialize FileSignerSecretProvider, falling back to use random secrets.
2019-09-27 21:17:39,544 [main] WARN  http.HttpRequestLog (HttpRequestLog.java:getRequestLog(97)) - Jetty request log can only be enabled using Log4j
2019-09-27 21:17:39,547 [main] INFO  http.HttpServer2 (HttpServer2.java:addGlobalFilter(975)) - Added global filter 'safety' (class=org.apache.hadoop.http.HttpServer2$QuotingInputFilter)
2019-09-27 21:17:39,548 [main] INFO  http.HttpServer2 (HttpServer2.java:addFilter(948)) - Added filter static_user_filter (class=org.apache.hadoop.http.lib.StaticUserWebFilter$StaticUserFilter) to context ozoneManager
2019-09-27 21:17:39,548 [main] INFO  http.HttpServer2 (HttpServer2.java:addFilter(958)) - Added filter static_user_filter (class=org.apache.hadoop.http.lib.StaticUserWebFilter$StaticUserFilter) to context logs
2019-09-27 21:17:39,548 [main] INFO  http.HttpServer2 (HttpServer2.java:addFilter(958)) - Added filter static_user_filter (class=org.apache.hadoop.http.lib.StaticUserWebFilter$StaticUserFilter) to context static
2019-09-27 21:17:39,549 [main] INFO  http.HttpServer2 (HttpServer2.java:bindListener(1191)) - Jetty bound to port 39240
2019-09-27 21:17:39,550 [main] INFO  server.Server (Server.java:doStart(351)) - jetty-9.3.25.v20180904, build timestamp: 2018-09-04T21:11:46Z, git hash: 3ce520221d0240229c862b122d2b06c12a625732
2019-09-27 21:17:39,551 [main] INFO  handler.ContextHandler (ContextHandler.java:doStart(781)) - Started o.e.j.s.ServletContextHandler@1332dec4{/logs,file:///workdir/hadoop-ozone/integration-test/target/log,AVAILABLE}
2019-09-27 21:17:39,552 [main] INFO  handler.ContextHandler (ContextHandler.java:doStart(781)) - Started o.e.j.s.ServletContextHandler@6889f56f{/static,file:///workdir/hadoop-ozone/integration-test/target/test-classes/webapps/static,AVAILABLE}
2019-09-27 21:17:39,558 [main] INFO  handler.ContextHandler (ContextHandler.java:doStart(781)) - Started o.e.j.w.WebAppContext@67f946c3{/,file:///workdir/hadoop-ozone/integration-test/target/test-classes/webapps/ozoneManager/,AVAILABLE}{/ozoneManager}
2019-09-27 21:17:39,558 [main] INFO  server.AbstractConnector (AbstractConnector.java:doStart(278)) - Started ServerConnector@21b51e59{HTTP/1.1,[http/1.1]}{0.0.0.0:39240}
2019-09-27 21:17:39,559 [main] INFO  server.Server (Server.java:doStart(419)) - Started @587619ms
2019-09-27 21:17:39,559 [main] WARN  impl.MetricsSystemImpl (MetricsSystemImpl.java:register(276)) - Sink prometheus already exists!
2019-09-27 21:17:39,560 [main] INFO  server.BaseHttpServer (BaseHttpServer.java:updateConnectorAddress(215)) - HTTP server of OZONEMANAGER is listening at http://0.0.0.0:39240
2019-09-27 21:17:39,579 [main] INFO  impl.MetricsSystemImpl (MetricsSystemImpl.java:init(158)) - HddsDatanode metrics system started (again)
2019-09-27 21:17:39,582 [main] INFO  ozone.HddsDatanodeService (HddsDatanodeService.java:start(184)) - HddsDatanodeService host:pr-hdds-1146-452xf-2747512450 ip:192.168.164.218
2019-09-27 21:17:39,588 [main] INFO  volume.HddsVolume (HddsVolume.java:<init>(176)) - Creating Volume: /workdir/hadoop-ozone/integration-test/target/test-dir/MiniOzoneClusterImpl-117ebbbb-8886-40cd-9900-3c45df34c9b4/datanode-0/data/containers/hdds of  storage type : DISK and capacity : 1482555576320
2019-09-27 21:17:39,588 [main] INFO  volume.VolumeSet (VolumeSet.java:initializeVolumeSet(170)) - Added Volume : /workdir/hadoop-ozone/integration-test/target/test-dir/MiniOzoneClusterImpl-117ebbbb-8886-40cd-9900-3c45df34c9b4/datanode-0/data/containers/hdds to VolumeSet
2019-09-27 21:17:39,588 [main] INFO  volume.ThrottledAsyncChecker (ThrottledAsyncChecker.java:schedule(139)) - Scheduling a check for org.apache.hadoop.ozone.container.common.volume.HddsVolume@19662208
2019-09-27 21:17:39,590 [main] INFO  volume.HddsVolumeChecker (HddsVolumeChecker.java:checkAllVolumes(202)) - Scheduled health check for volume org.apache.hadoop.ozone.container.common.volume.HddsVolume@19662208
2019-09-27 21:17:39,606 [main] INFO  impl.RaftServerProxy (ConfUtils.java:logGet(43)) - raft.rpc.type = GRPC (default)
2019-09-27 21:17:39,606 [main] INFO  grpc.GrpcFactory (GrpcFactory.java:checkPooledByteBufAllocatorUseCacheForAllThreads(45)) - PERFORMANCE WARNING: useCacheForAllThreads is true that may cause Netty to create a lot garbage objects and, as a result, trigger GC.
	It is recommended to disable useCacheForAllThreads by setting -Dorg.apache.ratis.thirdparty.io.netty.allocator.useCacheForAllThreads=false in command line.
2019-09-27 21:17:39,607 [main] INFO  grpc.GrpcConfigKeys$Server (ConfUtils.java:logGet(43)) - raft.grpc.server.port = 0 (default)
2019-09-27 21:17:39,607 [main] INFO  server.GrpcService (ConfUtils.java:logGet(43)) - raft.grpc.message.size.max = 33570816 (custom)
2019-09-27 21:17:39,607 [main] INFO  server.RaftServerConfigKeys (ConfUtils.java:logGet(43)) - raft.server.log.appender.buffer.byte-limit = 33554432 (custom)
2019-09-27 21:17:39,607 [main] INFO  server.GrpcService (ConfUtils.java:logGet(43)) - raft.grpc.flow.control.window = 1MB (=1048576) (default)
2019-09-27 21:17:39,608 [main] INFO  server.RaftServerConfigKeys (ConfUtils.java:logGet(43)) - raft.server.rpc.request.timeout = 3000ms (default)
2019-09-27 21:17:39,608 [main] INFO  server.RaftServerConfigKeys (ConfUtils.java:logGet(43)) - raft.server.storage.dir = [/workdir/hadoop-ozone/integration-test/target/test-dir/MiniOzoneClusterImpl-117ebbbb-8886-40cd-9900-3c45df34c9b4/datanode-0/data/ratis] (custom)
2019-09-27 21:17:39,610 [main] INFO  hdfs.DFSUtil (DFSUtil.java:httpServerTemplateForNNAndJN(1641)) - Starting Web-server for hddsDatanode at: http://0.0.0.0:0
2019-09-27 21:17:39,611 [main] INFO  server.AuthenticationFilter (AuthenticationFilter.java:constructSecretProvider(240)) - Unable to initialize FileSignerSecretProvider, falling back to use random secrets.
2019-09-27 21:17:39,611 [main] WARN  http.HttpRequestLog (HttpRequestLog.java:getRequestLog(97)) - Jetty request log can only be enabled using Log4j
2019-09-27 21:17:39,612 [main] INFO  http.HttpServer2 (HttpServer2.java:addGlobalFilter(975)) - Added global filter 'safety' (class=org.apache.hadoop.http.HttpServer2$QuotingInputFilter)
2019-09-27 21:17:39,613 [main] INFO  http.HttpServer2 (HttpServer2.java:addFilter(948)) - Added filter static_user_filter (class=org.apache.hadoop.http.lib.StaticUserWebFilter$StaticUserFilter) to context hddsDatanode
2019-09-27 21:17:39,613 [main] INFO  http.HttpServer2 (HttpServer2.java:addFilter(958)) - Added filter static_user_filter (class=org.apache.hadoop.http.lib.StaticUserWebFilter$StaticUserFilter) to context static
2019-09-27 21:17:39,613 [main] INFO  http.HttpServer2 (HttpServer2.java:addFilter(958)) - Added filter static_user_filter (class=org.apache.hadoop.http.lib.StaticUserWebFilter$StaticUserFilter) to context logs
2019-09-27 21:17:39,614 [main] INFO  http.HttpServer2 (HttpServer2.java:bindListener(1191)) - Jetty bound to port 33764
2019-09-27 21:17:39,614 [main] INFO  server.Server (Server.java:doStart(351)) - jetty-9.3.25.v20180904, build timestamp: 2018-09-04T21:11:46Z, git hash: 3ce520221d0240229c862b122d2b06c12a625732
2019-09-27 21:17:39,615 [main] INFO  handler.ContextHandler (ContextHandler.java:doStart(781)) - Started o.e.j.s.ServletContextHandler@34a6d9db{/logs,file:///workdir/hadoop-ozone/integration-test/target/log,AVAILABLE}
2019-09-27 21:17:39,615 [main] INFO  handler.ContextHandler (ContextHandler.java:doStart(781)) - Started o.e.j.s.ServletContextHandler@756808cc{/static,jar:file:/home/user/.m2/repository/org/apache/hadoop/hadoop-hdds-container-service/0.5.0-SNAPSHOT/hadoop-hdds-container-service-0.5.0-SNAPSHOT.jar!/webapps/static,AVAILABLE}
2019-09-27 21:17:39,640 [main] INFO  handler.ContextHandler (ContextHandler.java:doStart(781)) - Started o.e.j.w.WebAppContext@39d77de9{/,file:///tmp/jetty-0.0.0.0-33764-hddsDatanode-_-any-112312334476452781.dir/webapp/,AVAILABLE}{/hddsDatanode}
2019-09-27 21:17:39,640 [main] INFO  server.AbstractConnector (AbstractConnector.java:doStart(278)) - Started ServerConnector@696fad31{HTTP/1.1,[http/1.1]}{0.0.0.0:33764}
2019-09-27 21:17:39,641 [main] INFO  server.Server (Server.java:doStart(419)) - Started @587701ms
2019-09-27 21:17:39,641 [main] WARN  impl.MetricsSystemImpl (MetricsSystemImpl.java:register(276)) - Sink prometheus already exists!
2019-09-27 21:17:39,642 [main] INFO  server.BaseHttpServer (BaseHttpServer.java:updateConnectorAddress(215)) - HTTP server of HDDSDATANODE is listening at http://0.0.0.0:33764
2019-09-27 21:17:39,642 [main] INFO  impl.MetricsSystemImpl (MetricsSystemImpl.java:init(158)) - HddsDatanode metrics system started (again)
2019-09-27 21:17:39,645 [org.apache.hadoop.util.JvmPauseMonitor$Monitor@62f65138] INFO  util.JvmPauseMonitor (JvmPauseMonitor.java:run(188)) - Starting JVM pause monitor
2019-09-27 21:17:39,645 [main] INFO  ozone.HddsDatanodeService (HddsDatanodeService.java:start(184)) - HddsDatanodeService host:pr-hdds-1146-452xf-2747512450 ip:192.168.164.218
2019-09-27 21:17:39,647 [Datanode State Machine Thread - 0] INFO  datanode.InitDatanodeState (InitDatanodeState.java:persistContainerDatanodeDetails(140)) - DatanodeDetails is persisted to /workdir/hadoop-ozone/integration-test/target/test-dir/MiniOzoneClusterImpl-117ebbbb-8886-40cd-9900-3c45df34c9b4/datanode-0/meta/datanode.id
2019-09-27 21:17:39,650 [main] INFO  volume.HddsVolume (HddsVolume.java:<init>(176)) - Creating Volume: /workdir/hadoop-ozone/integration-test/target/test-dir/MiniOzoneClusterImpl-117ebbbb-8886-40cd-9900-3c45df34c9b4/datanode-1/data/containers/hdds of  storage type : DISK and capacity : 1482555576320
2019-09-27 21:17:39,650 [main] INFO  volume.VolumeSet (VolumeSet.java:initializeVolumeSet(170)) - Added Volume : /workdir/hadoop-ozone/integration-test/target/test-dir/MiniOzoneClusterImpl-117ebbbb-8886-40cd-9900-3c45df34c9b4/datanode-1/data/containers/hdds to VolumeSet
2019-09-27 21:17:39,650 [main] INFO  volume.ThrottledAsyncChecker (ThrottledAsyncChecker.java:schedule(139)) - Scheduling a check for org.apache.hadoop.ozone.container.common.volume.HddsVolume@47fcefb3
2019-09-27 21:17:39,651 [main] INFO  volume.HddsVolumeChecker (HddsVolumeChecker.java:checkAllVolumes(202)) - Scheduled health check for volume org.apache.hadoop.ozone.container.common.volume.HddsVolume@47fcefb3
2019-09-27 21:17:39,664 [main] INFO  impl.RaftServerProxy (ConfUtils.java:logGet(43)) - raft.rpc.type = GRPC (default)
2019-09-27 21:17:39,664 [main] INFO  grpc.GrpcFactory (GrpcFactory.java:checkPooledByteBufAllocatorUseCacheForAllThreads(45)) - PERFORMANCE WARNING: useCacheForAllThreads is true that may cause Netty to create a lot garbage objects and, as a result, trigger GC.
	It is recommended to disable useCacheForAllThreads by setting -Dorg.apache.ratis.thirdparty.io.netty.allocator.useCacheForAllThreads=false in command line.
2019-09-27 21:17:39,664 [main] INFO  grpc.GrpcConfigKeys$Server (ConfUtils.java:logGet(43)) - raft.grpc.server.port = 0 (default)
2019-09-27 21:17:39,664 [main] INFO  server.GrpcService (ConfUtils.java:logGet(43)) - raft.grpc.message.size.max = 33570816 (custom)
2019-09-27 21:17:39,664 [main] INFO  server.RaftServerConfigKeys (ConfUtils.java:logGet(43)) - raft.server.log.appender.buffer.byte-limit = 33554432 (custom)
2019-09-27 21:17:39,664 [main] INFO  server.GrpcService (ConfUtils.java:logGet(43)) - raft.grpc.flow.control.window = 1MB (=1048576) (default)
2019-09-27 21:17:39,665 [main] INFO  server.RaftServerConfigKeys (ConfUtils.java:logGet(43)) - raft.server.rpc.request.timeout = 3000ms (default)
2019-09-27 21:17:39,665 [main] INFO  server.RaftServerConfigKeys (ConfUtils.java:logGet(43)) - raft.server.storage.dir = [/workdir/hadoop-ozone/integration-test/target/test-dir/MiniOzoneClusterImpl-117ebbbb-8886-40cd-9900-3c45df34c9b4/datanode-1/data/ratis] (custom)
2019-09-27 21:17:39,666 [main] INFO  hdfs.DFSUtil (DFSUtil.java:httpServerTemplateForNNAndJN(1641)) - Starting Web-server for hddsDatanode at: http://0.0.0.0:0
2019-09-27 21:17:39,667 [main] INFO  server.AuthenticationFilter (AuthenticationFilter.java:constructSecretProvider(240)) - Unable to initialize FileSignerSecretProvider, falling back to use random secrets.
2019-09-27 21:17:39,667 [main] WARN  http.HttpRequestLog (HttpRequestLog.java:getRequestLog(97)) - Jetty request log can only be enabled using Log4j
2019-09-27 21:17:39,669 [main] INFO  http.HttpServer2 (HttpServer2.java:addGlobalFilter(975)) - Added global filter 'safety' (class=org.apache.hadoop.http.HttpServer2$QuotingInputFilter)
2019-09-27 21:17:39,669 [main] INFO  http.HttpServer2 (HttpServer2.java:addFilter(948)) - Added filter static_user_filter (class=org.apache.hadoop.http.lib.StaticUserWebFilter$StaticUserFilter) to context hddsDatanode
2019-09-27 21:17:39,669 [main] INFO  http.HttpServer2 (HttpServer2.java:addFilter(958)) - Added filter static_user_filter (class=org.apache.hadoop.http.lib.StaticUserWebFilter$StaticUserFilter) to context logs
2019-09-27 21:17:39,669 [main] INFO  http.HttpServer2 (HttpServer2.java:addFilter(958)) - Added filter static_user_filter (class=org.apache.hadoop.http.lib.StaticUserWebFilter$StaticUserFilter) to context static
2019-09-27 21:17:39,670 [main] INFO  http.HttpServer2 (HttpServer2.java:bindListener(1191)) - Jetty bound to port 41082
2019-09-27 21:17:39,670 [main] INFO  server.Server (Server.java:doStart(351)) - jetty-9.3.25.v20180904, build timestamp: 2018-09-04T21:11:46Z, git hash: 3ce520221d0240229c862b122d2b06c12a625732
2019-09-27 21:17:39,671 [main] INFO  handler.ContextHandler (ContextHandler.java:doStart(781)) - Started o.e.j.s.ServletContextHandler@7b8ea1db{/logs,file:///workdir/hadoop-ozone/integration-test/target/log,AVAILABLE}
2019-09-27 21:17:39,672 [main] INFO  handler.ContextHandler (ContextHandler.java:doStart(781)) - Started o.e.j.s.ServletContextHandler@77083e41{/static,jar:file:/home/user/.m2/repository/org/apache/hadoop/hadoop-hdds-container-service/0.5.0-SNAPSHOT/hadoop-hdds-container-service-0.5.0-SNAPSHOT.jar!/webapps/static,AVAILABLE}
2019-09-27 21:17:39,696 [main] INFO  handler.ContextHandler (ContextHandler.java:doStart(781)) - Started o.e.j.w.WebAppContext@68dfda77{/,file:///tmp/jetty-0.0.0.0-41082-hddsDatanode-_-any-2272345732369806609.dir/webapp/,AVAILABLE}{/hddsDatanode}
2019-09-27 21:17:39,697 [main] INFO  server.AbstractConnector (AbstractConnector.java:doStart(278)) - Started ServerConnector@50cdfafa{HTTP/1.1,[http/1.1]}{0.0.0.0:41082}
2019-09-27 21:17:39,698 [main] INFO  server.Server (Server.java:doStart(419)) - Started @587758ms
2019-09-27 21:17:39,698 [main] WARN  impl.MetricsSystemImpl (MetricsSystemImpl.java:register(276)) - Sink prometheus already exists!
2019-09-27 21:17:39,699 [main] INFO  server.BaseHttpServer (BaseHttpServer.java:updateConnectorAddress(215)) - HTTP server of HDDSDATANODE is listening at http://0.0.0.0:41082
2019-09-27 21:17:39,699 [main] INFO  impl.MetricsSystemImpl (MetricsSystemImpl.java:init(158)) - HddsDatanode metrics system started (again)
2019-09-27 21:17:39,703 [org.apache.hadoop.util.JvmPauseMonitor$Monitor@4b56720] INFO  util.JvmPauseMonitor (JvmPauseMonitor.java:run(188)) - Starting JVM pause monitor
2019-09-27 21:17:39,703 [main] INFO  ozone.HddsDatanodeService (HddsDatanodeService.java:start(184)) - HddsDatanodeService host:pr-hdds-1146-452xf-2747512450 ip:192.168.164.218
2019-09-27 21:17:39,704 [Datanode State Machine Thread - 0] INFO  datanode.InitDatanodeState (InitDatanodeState.java:persistContainerDatanodeDetails(140)) - DatanodeDetails is persisted to /workdir/hadoop-ozone/integration-test/target/test-dir/MiniOzoneClusterImpl-117ebbbb-8886-40cd-9900-3c45df34c9b4/datanode-1/meta/datanode.id
2019-09-27 21:17:39,708 [main] INFO  volume.HddsVolume (HddsVolume.java:<init>(176)) - Creating Volume: /workdir/hadoop-ozone/integration-test/target/test-dir/MiniOzoneClusterImpl-117ebbbb-8886-40cd-9900-3c45df34c9b4/datanode-2/data/containers/hdds of  storage type : DISK and capacity : 1482555576320
2019-09-27 21:17:39,708 [main] INFO  volume.VolumeSet (VolumeSet.java:initializeVolumeSet(170)) - Added Volume : /workdir/hadoop-ozone/integration-test/target/test-dir/MiniOzoneClusterImpl-117ebbbb-8886-40cd-9900-3c45df34c9b4/datanode-2/data/containers/hdds to VolumeSet
2019-09-27 21:17:39,709 [main] INFO  volume.ThrottledAsyncChecker (ThrottledAsyncChecker.java:schedule(139)) - Scheduling a check for org.apache.hadoop.ozone.container.common.volume.HddsVolume@5396eeb1
2019-09-27 21:17:39,709 [main] INFO  volume.HddsVolumeChecker (HddsVolumeChecker.java:checkAllVolumes(202)) - Scheduled health check for volume org.apache.hadoop.ozone.container.common.volume.HddsVolume@5396eeb1
2019-09-27 21:17:39,726 [main] INFO  impl.RaftServerProxy (ConfUtils.java:logGet(43)) - raft.rpc.type = GRPC (default)
2019-09-27 21:17:39,726 [main] INFO  grpc.GrpcFactory (GrpcFactory.java:checkPooledByteBufAllocatorUseCacheForAllThreads(45)) - PERFORMANCE WARNING: useCacheForAllThreads is true that may cause Netty to create a lot garbage objects and, as a result, trigger GC.
	It is recommended to disable useCacheForAllThreads by setting -Dorg.apache.ratis.thirdparty.io.netty.allocator.useCacheForAllThreads=false in command line.
2019-09-27 21:17:39,726 [main] INFO  grpc.GrpcConfigKeys$Server (ConfUtils.java:logGet(43)) - raft.grpc.server.port = 0 (default)
2019-09-27 21:17:39,726 [main] INFO  server.GrpcService (ConfUtils.java:logGet(43)) - raft.grpc.message.size.max = 33570816 (custom)
2019-09-27 21:17:39,727 [main] INFO  server.RaftServerConfigKeys (ConfUtils.java:logGet(43)) - raft.server.log.appender.buffer.byte-limit = 33554432 (custom)
2019-09-27 21:17:39,727 [main] INFO  server.GrpcService (ConfUtils.java:logGet(43)) - raft.grpc.flow.control.window = 1MB (=1048576) (default)
2019-09-27 21:17:39,727 [main] INFO  server.RaftServerConfigKeys (ConfUtils.java:logGet(43)) - raft.server.rpc.request.timeout = 3000ms (default)
2019-09-27 21:17:39,727 [main] INFO  server.RaftServerConfigKeys (ConfUtils.java:logGet(43)) - raft.server.storage.dir = [/workdir/hadoop-ozone/integration-test/target/test-dir/MiniOzoneClusterImpl-117ebbbb-8886-40cd-9900-3c45df34c9b4/datanode-2/data/ratis] (custom)
2019-09-27 21:17:39,729 [main] INFO  hdfs.DFSUtil (DFSUtil.java:httpServerTemplateForNNAndJN(1641)) - Starting Web-server for hddsDatanode at: http://0.0.0.0:0
2019-09-27 21:17:39,730 [main] INFO  server.AuthenticationFilter (AuthenticationFilter.java:constructSecretProvider(240)) - Unable to initialize FileSignerSecretProvider, falling back to use random secrets.
2019-09-27 21:17:39,731 [main] WARN  http.HttpRequestLog (HttpRequestLog.java:getRequestLog(97)) - Jetty request log can only be enabled using Log4j
2019-09-27 21:17:39,732 [main] INFO  http.HttpServer2 (HttpServer2.java:addGlobalFilter(975)) - Added global filter 'safety' (class=org.apache.hadoop.http.HttpServer2$QuotingInputFilter)
2019-09-27 21:17:39,733 [main] INFO  http.HttpServer2 (HttpServer2.java:addFilter(948)) - Added filter static_user_filter (class=org.apache.hadoop.http.lib.StaticUserWebFilter$StaticUserFilter) to context hddsDatanode
2019-09-27 21:17:39,733 [main] INFO  http.HttpServer2 (HttpServer2.java:addFilter(958)) - Added filter static_user_filter (class=org.apache.hadoop.http.lib.StaticUserWebFilter$StaticUserFilter) to context logs
2019-09-27 21:17:39,733 [main] INFO  http.HttpServer2 (HttpServer2.java:addFilter(958)) - Added filter static_user_filter (class=org.apache.hadoop.http.lib.StaticUserWebFilter$StaticUserFilter) to context static
2019-09-27 21:17:39,734 [main] INFO  http.HttpServer2 (HttpServer2.java:bindListener(1191)) - Jetty bound to port 38382
2019-09-27 21:17:39,734 [main] INFO  server.Server (Server.java:doStart(351)) - jetty-9.3.25.v20180904, build timestamp: 2018-09-04T21:11:46Z, git hash: 3ce520221d0240229c862b122d2b06c12a625732
2019-09-27 21:17:39,736 [main] INFO  handler.ContextHandler (ContextHandler.java:doStart(781)) - Started o.e.j.s.ServletContextHandler@6169be09{/logs,file:///workdir/hadoop-ozone/integration-test/target/log,AVAILABLE}
2019-09-27 21:17:39,737 [main] INFO  handler.ContextHandler (ContextHandler.java:doStart(781)) - Started o.e.j.s.ServletContextHandler@5fb54740{/static,jar:file:/home/user/.m2/repository/org/apache/hadoop/hadoop-hdds-container-service/0.5.0-SNAPSHOT/hadoop-hdds-container-service-0.5.0-SNAPSHOT.jar!/webapps/static,AVAILABLE}
2019-09-27 21:17:39,764 [main] INFO  handler.ContextHandler (ContextHandler.java:doStart(781)) - Started o.e.j.w.WebAppContext@45c80312{/,file:///tmp/jetty-0.0.0.0-38382-hddsDatanode-_-any-750994780094080711.dir/webapp/,AVAILABLE}{/hddsDatanode}
2019-09-27 21:17:39,765 [main] INFO  server.AbstractConnector (AbstractConnector.java:doStart(278)) - Started ServerConnector@7bd38fed{HTTP/1.1,[http/1.1]}{0.0.0.0:38382}
2019-09-27 21:17:39,765 [main] INFO  server.Server (Server.java:doStart(419)) - Started @587825ms
2019-09-27 21:17:39,766 [main] WARN  impl.MetricsSystemImpl (MetricsSystemImpl.java:register(276)) - Sink prometheus already exists!
2019-09-27 21:17:39,766 [main] INFO  server.BaseHttpServer (BaseHttpServer.java:updateConnectorAddress(215)) - HTTP server of HDDSDATANODE is listening at http://0.0.0.0:38382
2019-09-27 21:17:39,767 [main] INFO  impl.MetricsSystemImpl (MetricsSystemImpl.java:init(158)) - HddsDatanode metrics system started (again)
2019-09-27 21:17:39,770 [org.apache.hadoop.util.JvmPauseMonitor$Monitor@38518fcb] INFO  util.JvmPauseMonitor (JvmPauseMonitor.java:run(188)) - Starting JVM pause monitor
2019-09-27 21:17:39,770 [main] INFO  ozone.HddsDatanodeService (HddsDatanodeService.java:start(184)) - HddsDatanodeService host:pr-hdds-1146-452xf-2747512450 ip:192.168.164.218
2019-09-27 21:17:39,771 [Datanode State Machine Thread - 0] INFO  datanode.InitDatanodeState (InitDatanodeState.java:persistContainerDatanodeDetails(140)) - DatanodeDetails is persisted to /workdir/hadoop-ozone/integration-test/target/test-dir/MiniOzoneClusterImpl-117ebbbb-8886-40cd-9900-3c45df34c9b4/datanode-2/meta/datanode.id
2019-09-27 21:17:39,775 [main] INFO  volume.HddsVolume (HddsVolume.java:<init>(176)) - Creating Volume: /workdir/hadoop-ozone/integration-test/target/test-dir/MiniOzoneClusterImpl-117ebbbb-8886-40cd-9900-3c45df34c9b4/datanode-3/data/containers/hdds of  storage type : DISK and capacity : 1482555576320
2019-09-27 21:17:39,776 [main] INFO  volume.VolumeSet (VolumeSet.java:initializeVolumeSet(170)) - Added Volume : /workdir/hadoop-ozone/integration-test/target/test-dir/MiniOzoneClusterImpl-117ebbbb-8886-40cd-9900-3c45df34c9b4/datanode-3/data/containers/hdds to VolumeSet
2019-09-27 21:17:39,776 [main] INFO  volume.ThrottledAsyncChecker (ThrottledAsyncChecker.java:schedule(139)) - Scheduling a check for org.apache.hadoop.ozone.container.common.volume.HddsVolume@559991f5
2019-09-27 21:17:39,776 [main] INFO  volume.HddsVolumeChecker (HddsVolumeChecker.java:checkAllVolumes(202)) - Scheduled health check for volume org.apache.hadoop.ozone.container.common.volume.HddsVolume@559991f5
2019-09-27 21:17:39,788 [main] INFO  impl.RaftServerProxy (ConfUtils.java:logGet(43)) - raft.rpc.type = GRPC (default)
2019-09-27 21:17:39,788 [main] INFO  grpc.GrpcFactory (GrpcFactory.java:checkPooledByteBufAllocatorUseCacheForAllThreads(45)) - PERFORMANCE WARNING: useCacheForAllThreads is true that may cause Netty to create a lot garbage objects and, as a result, trigger GC.
	It is recommended to disable useCacheForAllThreads by setting -Dorg.apache.ratis.thirdparty.io.netty.allocator.useCacheForAllThreads=false in command line.
2019-09-27 21:17:39,789 [main] INFO  grpc.GrpcConfigKeys$Server (ConfUtils.java:logGet(43)) - raft.grpc.server.port = 0 (default)
2019-09-27 21:17:39,789 [main] INFO  server.GrpcService (ConfUtils.java:logGet(43)) - raft.grpc.message.size.max = 33570816 (custom)
2019-09-27 21:17:39,789 [main] INFO  server.RaftServerConfigKeys (ConfUtils.java:logGet(43)) - raft.server.log.appender.buffer.byte-limit = 33554432 (custom)
2019-09-27 21:17:39,789 [main] INFO  server.GrpcService (ConfUtils.java:logGet(43)) - raft.grpc.flow.control.window = 1MB (=1048576) (default)
2019-09-27 21:17:39,790 [main] INFO  server.RaftServerConfigKeys (ConfUtils.java:logGet(43)) - raft.server.rpc.request.timeout = 3000ms (default)
2019-09-27 21:17:39,790 [main] INFO  server.RaftServerConfigKeys (ConfUtils.java:logGet(43)) - raft.server.storage.dir = [/workdir/hadoop-ozone/integration-test/target/test-dir/MiniOzoneClusterImpl-117ebbbb-8886-40cd-9900-3c45df34c9b4/datanode-3/data/ratis] (custom)
2019-09-27 21:17:39,791 [main] INFO  hdfs.DFSUtil (DFSUtil.java:httpServerTemplateForNNAndJN(1641)) - Starting Web-server for hddsDatanode at: http://0.0.0.0:0
2019-09-27 21:17:39,793 [main] INFO  server.AuthenticationFilter (AuthenticationFilter.java:constructSecretProvider(240)) - Unable to initialize FileSignerSecretProvider, falling back to use random secrets.
2019-09-27 21:17:39,793 [main] WARN  http.HttpRequestLog (HttpRequestLog.java:getRequestLog(97)) - Jetty request log can only be enabled using Log4j
2019-09-27 21:17:39,794 [main] INFO  http.HttpServer2 (HttpServer2.java:addGlobalFilter(975)) - Added global filter 'safety' (class=org.apache.hadoop.http.HttpServer2$QuotingInputFilter)
2019-09-27 21:17:39,795 [main] INFO  http.HttpServer2 (HttpServer2.java:addFilter(948)) - Added filter static_user_filter (class=org.apache.hadoop.http.lib.StaticUserWebFilter$StaticUserFilter) to context hddsDatanode
2019-09-27 21:17:39,795 [main] INFO  http.HttpServer2 (HttpServer2.java:addFilter(958)) - Added filter static_user_filter (class=org.apache.hadoop.http.lib.StaticUserWebFilter$StaticUserFilter) to context static
2019-09-27 21:17:39,795 [main] INFO  http.HttpServer2 (HttpServer2.java:addFilter(958)) - Added filter static_user_filter (class=org.apache.hadoop.http.lib.StaticUserWebFilter$StaticUserFilter) to context logs
2019-09-27 21:17:39,796 [main] INFO  http.HttpServer2 (HttpServer2.java:bindListener(1191)) - Jetty bound to port 46707
2019-09-27 21:17:39,796 [main] INFO  server.Server (Server.java:doStart(351)) - jetty-9.3.25.v20180904, build timestamp: 2018-09-04T21:11:46Z, git hash: 3ce520221d0240229c862b122d2b06c12a625732
2019-09-27 21:17:39,798 [main] INFO  handler.ContextHandler (ContextHandler.java:doStart(781)) - Started o.e.j.s.ServletContextHandler@106c988{/logs,file:///workdir/hadoop-ozone/integration-test/target/log,AVAILABLE}
2019-09-27 21:17:39,799 [main] INFO  handler.ContextHandler (ContextHandler.java:doStart(781)) - Started o.e.j.s.ServletContextHandler@76a362a4{/static,jar:file:/home/user/.m2/repository/org/apache/hadoop/hadoop-hdds-container-service/0.5.0-SNAPSHOT/hadoop-hdds-container-service-0.5.0-SNAPSHOT.jar!/webapps/static,AVAILABLE}
2019-09-27 21:17:39,824 [main] INFO  handler.ContextHandler (ContextHandler.java:doStart(781)) - Started o.e.j.w.WebAppContext@255d9277{/,file:///tmp/jetty-0.0.0.0-46707-hddsDatanode-_-any-4294227533470251771.dir/webapp/,AVAILABLE}{/hddsDatanode}
2019-09-27 21:17:39,824 [main] INFO  server.AbstractConnector (AbstractConnector.java:doStart(278)) - Started ServerConnector@1de13f34{HTTP/1.1,[http/1.1]}{0.0.0.0:46707}
2019-09-27 21:17:39,826 [main] INFO  server.Server (Server.java:doStart(419)) - Started @587886ms
2019-09-27 21:17:39,826 [main] WARN  impl.MetricsSystemImpl (MetricsSystemImpl.java:register(276)) - Sink prometheus already exists!
2019-09-27 21:17:39,826 [main] INFO  server.BaseHttpServer (BaseHttpServer.java:updateConnectorAddress(215)) - HTTP server of HDDSDATANODE is listening at http://0.0.0.0:46707
2019-09-27 21:17:39,826 [main] INFO  impl.MetricsSystemImpl (MetricsSystemImpl.java:init(158)) - HddsDatanode metrics system started (again)
2019-09-27 21:17:39,830 [org.apache.hadoop.util.JvmPauseMonitor$Monitor@56534d45] INFO  util.JvmPauseMonitor (JvmPauseMonitor.java:run(188)) - Starting JVM pause monitor
2019-09-27 21:17:39,830 [main] INFO  ozone.HddsDatanodeService (HddsDatanodeService.java:start(184)) - HddsDatanodeService host:pr-hdds-1146-452xf-2747512450 ip:192.168.164.218
2019-09-27 21:17:39,831 [Datanode State Machine Thread - 0] INFO  datanode.InitDatanodeState (InitDatanodeState.java:persistContainerDatanodeDetails(140)) - DatanodeDetails is persisted to /workdir/hadoop-ozone/integration-test/target/test-dir/MiniOzoneClusterImpl-117ebbbb-8886-40cd-9900-3c45df34c9b4/datanode-3/meta/datanode.id
2019-09-27 21:17:39,835 [main] INFO  volume.HddsVolume (HddsVolume.java:<init>(176)) - Creating Volume: /workdir/hadoop-ozone/integration-test/target/test-dir/MiniOzoneClusterImpl-117ebbbb-8886-40cd-9900-3c45df34c9b4/datanode-4/data/containers/hdds of  storage type : DISK and capacity : 1482555576320
2019-09-27 21:17:39,835 [main] INFO  volume.VolumeSet (VolumeSet.java:initializeVolumeSet(170)) - Added Volume : /workdir/hadoop-ozone/integration-test/target/test-dir/MiniOzoneClusterImpl-117ebbbb-8886-40cd-9900-3c45df34c9b4/datanode-4/data/containers/hdds to VolumeSet
2019-09-27 21:17:39,835 [main] INFO  volume.ThrottledAsyncChecker (ThrottledAsyncChecker.java:schedule(139)) - Scheduling a check for org.apache.hadoop.ozone.container.common.volume.HddsVolume@241b971f
2019-09-27 21:17:39,836 [main] INFO  volume.HddsVolumeChecker (HddsVolumeChecker.java:checkAllVolumes(202)) - Scheduled health check for volume org.apache.hadoop.ozone.container.common.volume.HddsVolume@241b971f
2019-09-27 21:17:39,850 [main] INFO  impl.RaftServerProxy (ConfUtils.java:logGet(43)) - raft.rpc.type = GRPC (default)
2019-09-27 21:17:39,850 [main] INFO  grpc.GrpcFactory (GrpcFactory.java:checkPooledByteBufAllocatorUseCacheForAllThreads(45)) - PERFORMANCE WARNING: useCacheForAllThreads is true that may cause Netty to create a lot garbage objects and, as a result, trigger GC.
	It is recommended to disable useCacheForAllThreads by setting -Dorg.apache.ratis.thirdparty.io.netty.allocator.useCacheForAllThreads=false in command line.
2019-09-27 21:17:39,850 [main] INFO  grpc.GrpcConfigKeys$Server (ConfUtils.java:logGet(43)) - raft.grpc.server.port = 0 (default)
2019-09-27 21:17:39,850 [main] INFO  server.GrpcService (ConfUtils.java:logGet(43)) - raft.grpc.message.size.max = 33570816 (custom)
2019-09-27 21:17:39,851 [main] INFO  server.RaftServerConfigKeys (ConfUtils.java:logGet(43)) - raft.server.log.appender.buffer.byte-limit = 33554432 (custom)
2019-09-27 21:17:39,851 [main] INFO  server.GrpcService (ConfUtils.java:logGet(43)) - raft.grpc.flow.control.window = 1MB (=1048576) (default)
2019-09-27 21:17:39,851 [main] INFO  server.RaftServerConfigKeys (ConfUtils.java:logGet(43)) - raft.server.rpc.request.timeout = 3000ms (default)
2019-09-27 21:17:39,851 [main] INFO  server.RaftServerConfigKeys (ConfUtils.java:logGet(43)) - raft.server.storage.dir = [/workdir/hadoop-ozone/integration-test/target/test-dir/MiniOzoneClusterImpl-117ebbbb-8886-40cd-9900-3c45df34c9b4/datanode-4/data/ratis] (custom)
2019-09-27 21:17:39,852 [main] INFO  hdfs.DFSUtil (DFSUtil.java:httpServerTemplateForNNAndJN(1641)) - Starting Web-server for hddsDatanode at: http://0.0.0.0:0
2019-09-27 21:17:39,853 [main] INFO  server.AuthenticationFilter (AuthenticationFilter.java:constructSecretProvider(240)) - Unable to initialize FileSignerSecretProvider, falling back to use random secrets.
2019-09-27 21:17:39,854 [main] WARN  http.HttpRequestLog (HttpRequestLog.java:getRequestLog(97)) - Jetty request log can only be enabled using Log4j
2019-09-27 21:17:39,855 [main] INFO  http.HttpServer2 (HttpServer2.java:addGlobalFilter(975)) - Added global filter 'safety' (class=org.apache.hadoop.http.HttpServer2$QuotingInputFilter)
2019-09-27 21:17:39,855 [main] INFO  http.HttpServer2 (HttpServer2.java:addFilter(948)) - Added filter static_user_filter (class=org.apache.hadoop.http.lib.StaticUserWebFilter$StaticUserFilter) to context hddsDatanode
2019-09-27 21:17:39,855 [main] INFO  http.HttpServer2 (HttpServer2.java:addFilter(958)) - Added filter static_user_filter (class=org.apache.hadoop.http.lib.StaticUserWebFilter$StaticUserFilter) to context logs
2019-09-27 21:17:39,855 [main] INFO  http.HttpServer2 (HttpServer2.java:addFilter(958)) - Added filter static_user_filter (class=org.apache.hadoop.http.lib.StaticUserWebFilter$StaticUserFilter) to context static
2019-09-27 21:17:39,856 [main] INFO  http.HttpServer2 (HttpServer2.java:bindListener(1191)) - Jetty bound to port 43383
2019-09-27 21:17:39,856 [main] INFO  server.Server (Server.java:doStart(351)) - jetty-9.3.25.v20180904, build timestamp: 2018-09-04T21:11:46Z, git hash: 3ce520221d0240229c862b122d2b06c12a625732
2019-09-27 21:17:39,857 [main] INFO  handler.ContextHandler (ContextHandler.java:doStart(781)) - Started o.e.j.s.ServletContextHandler@99a8de3{/logs,file:///workdir/hadoop-ozone/integration-test/target/log,AVAILABLE}
2019-09-27 21:17:39,858 [main] INFO  handler.ContextHandler (ContextHandler.java:doStart(781)) - Started o.e.j.s.ServletContextHandler@54495935{/static,jar:file:/home/user/.m2/repository/org/apache/hadoop/hadoop-hdds-container-service/0.5.0-SNAPSHOT/hadoop-hdds-container-service-0.5.0-SNAPSHOT.jar!/webapps/static,AVAILABLE}
2019-09-27 21:17:39,882 [main] INFO  handler.ContextHandler (ContextHandler.java:doStart(781)) - Started o.e.j.w.WebAppContext@3711c71c{/,file:///tmp/jetty-0.0.0.0-43383-hddsDatanode-_-any-4568552845580870254.dir/webapp/,AVAILABLE}{/hddsDatanode}
2019-09-27 21:17:39,883 [main] INFO  server.AbstractConnector (AbstractConnector.java:doStart(278)) - Started ServerConnector@33e3bd2e{HTTP/1.1,[http/1.1]}{0.0.0.0:43383}
2019-09-27 21:17:39,883 [main] INFO  server.Server (Server.java:doStart(419)) - Started @587943ms
2019-09-27 21:17:39,884 [main] WARN  impl.MetricsSystemImpl (MetricsSystemImpl.java:register(276)) - Sink prometheus already exists!
2019-09-27 21:17:39,885 [main] INFO  server.BaseHttpServer (BaseHttpServer.java:updateConnectorAddress(215)) - HTTP server of HDDSDATANODE is listening at http://0.0.0.0:43383
2019-09-27 21:17:39,885 [main] INFO  impl.MetricsSystemImpl (MetricsSystemImpl.java:init(158)) - HddsDatanode metrics system started (again)
2019-09-27 21:17:39,889 [org.apache.hadoop.util.JvmPauseMonitor$Monitor@2071cb9b] INFO  util.JvmPauseMonitor (JvmPauseMonitor.java:run(188)) - Starting JVM pause monitor
2019-09-27 21:17:39,889 [main] INFO  ozone.HddsDatanodeService (HddsDatanodeService.java:start(184)) - HddsDatanodeService host:pr-hdds-1146-452xf-2747512450 ip:192.168.164.218
2019-09-27 21:17:39,890 [Datanode State Machine Thread - 0] INFO  datanode.InitDatanodeState (InitDatanodeState.java:persistContainerDatanodeDetails(140)) - DatanodeDetails is persisted to /workdir/hadoop-ozone/integration-test/target/test-dir/MiniOzoneClusterImpl-117ebbbb-8886-40cd-9900-3c45df34c9b4/datanode-4/meta/datanode.id
2019-09-27 21:17:39,895 [main] INFO  volume.HddsVolume (HddsVolume.java:<init>(176)) - Creating Volume: /workdir/hadoop-ozone/integration-test/target/test-dir/MiniOzoneClusterImpl-117ebbbb-8886-40cd-9900-3c45df34c9b4/datanode-5/data/containers/hdds of  storage type : DISK and capacity : 1482555576320
2019-09-27 21:17:39,895 [main] INFO  volume.VolumeSet (VolumeSet.java:initializeVolumeSet(170)) - Added Volume : /workdir/hadoop-ozone/integration-test/target/test-dir/MiniOzoneClusterImpl-117ebbbb-8886-40cd-9900-3c45df34c9b4/datanode-5/data/containers/hdds to VolumeSet
2019-09-27 21:17:39,895 [main] INFO  volume.ThrottledAsyncChecker (ThrottledAsyncChecker.java:schedule(139)) - Scheduling a check for org.apache.hadoop.ozone.container.common.volume.HddsVolume@25a5c8e
2019-09-27 21:17:39,896 [main] INFO  volume.HddsVolumeChecker (HddsVolumeChecker.java:checkAllVolumes(202)) - Scheduled health check for volume org.apache.hadoop.ozone.container.common.volume.HddsVolume@25a5c8e
2019-09-27 21:17:39,908 [main] INFO  impl.RaftServerProxy (ConfUtils.java:logGet(43)) - raft.rpc.type = GRPC (default)
2019-09-27 21:17:39,908 [main] INFO  grpc.GrpcFactory (GrpcFactory.java:checkPooledByteBufAllocatorUseCacheForAllThreads(45)) - PERFORMANCE WARNING: useCacheForAllThreads is true that may cause Netty to create a lot garbage objects and, as a result, trigger GC.
	It is recommended to disable useCacheForAllThreads by setting -Dorg.apache.ratis.thirdparty.io.netty.allocator.useCacheForAllThreads=false in command line.
2019-09-27 21:17:39,908 [main] INFO  grpc.GrpcConfigKeys$Server (ConfUtils.java:logGet(43)) - raft.grpc.server.port = 0 (default)
2019-09-27 21:17:39,908 [main] INFO  server.GrpcService (ConfUtils.java:logGet(43)) - raft.grpc.message.size.max = 33570816 (custom)
2019-09-27 21:17:39,908 [main] INFO  server.RaftServerConfigKeys (ConfUtils.java:logGet(43)) - raft.server.log.appender.buffer.byte-limit = 33554432 (custom)
2019-09-27 21:17:39,909 [main] INFO  server.GrpcService (ConfUtils.java:logGet(43)) - raft.grpc.flow.control.window = 1MB (=1048576) (default)
2019-09-27 21:17:39,909 [main] INFO  server.RaftServerConfigKeys (ConfUtils.java:logGet(43)) - raft.server.rpc.request.timeout = 3000ms (default)
2019-09-27 21:17:39,909 [main] INFO  server.RaftServerConfigKeys (ConfUtils.java:logGet(43)) - raft.server.storage.dir = [/workdir/hadoop-ozone/integration-test/target/test-dir/MiniOzoneClusterImpl-117ebbbb-8886-40cd-9900-3c45df34c9b4/datanode-5/data/ratis] (custom)
2019-09-27 21:17:39,910 [main] INFO  hdfs.DFSUtil (DFSUtil.java:httpServerTemplateForNNAndJN(1641)) - Starting Web-server for hddsDatanode at: http://0.0.0.0:0
2019-09-27 21:17:39,911 [main] INFO  server.AuthenticationFilter (AuthenticationFilter.java:constructSecretProvider(240)) - Unable to initialize FileSignerSecretProvider, falling back to use random secrets.
2019-09-27 21:17:39,911 [main] WARN  http.HttpRequestLog (HttpRequestLog.java:getRequestLog(97)) - Jetty request log can only be enabled using Log4j
2019-09-27 21:17:39,912 [main] INFO  http.HttpServer2 (HttpServer2.java:addGlobalFilter(975)) - Added global filter 'safety' (class=org.apache.hadoop.http.HttpServer2$QuotingInputFilter)
2019-09-27 21:17:39,913 [main] INFO  http.HttpServer2 (HttpServer2.java:addFilter(948)) - Added filter static_user_filter (class=org.apache.hadoop.http.lib.StaticUserWebFilter$StaticUserFilter) to context hddsDatanode
2019-09-27 21:17:39,913 [main] INFO  http.HttpServer2 (HttpServer2.java:addFilter(958)) - Added filter static_user_filter (class=org.apache.hadoop.http.lib.StaticUserWebFilter$StaticUserFilter) to context static
2019-09-27 21:17:39,913 [main] INFO  http.HttpServer2 (HttpServer2.java:addFilter(958)) - Added filter static_user_filter (class=org.apache.hadoop.http.lib.StaticUserWebFilter$StaticUserFilter) to context logs
2019-09-27 21:17:39,914 [main] INFO  http.HttpServer2 (HttpServer2.java:bindListener(1191)) - Jetty bound to port 40905
2019-09-27 21:17:39,914 [main] INFO  server.Server (Server.java:doStart(351)) - jetty-9.3.25.v20180904, build timestamp: 2018-09-04T21:11:46Z, git hash: 3ce520221d0240229c862b122d2b06c12a625732
2019-09-27 21:17:39,915 [main] INFO  handler.ContextHandler (ContextHandler.java:doStart(781)) - Started o.e.j.s.ServletContextHandler@7a36c83a{/logs,file:///workdir/hadoop-ozone/integration-test/target/log,AVAILABLE}
2019-09-27 21:17:39,915 [main] INFO  handler.ContextHandler (ContextHandler.java:doStart(781)) - Started o.e.j.s.ServletContextHandler@7b297740{/static,jar:file:/home/user/.m2/repository/org/apache/hadoop/hadoop-hdds-container-service/0.5.0-SNAPSHOT/hadoop-hdds-container-service-0.5.0-SNAPSHOT.jar!/webapps/static,AVAILABLE}
2019-09-27 21:17:39,940 [main] INFO  handler.ContextHandler (ContextHandler.java:doStart(781)) - Started o.e.j.w.WebAppContext@4b3a01d8{/,file:///tmp/jetty-0.0.0.0-40905-hddsDatanode-_-any-6551539682308573780.dir/webapp/,AVAILABLE}{/hddsDatanode}
2019-09-27 21:17:39,941 [main] INFO  server.AbstractConnector (AbstractConnector.java:doStart(278)) - Started ServerConnector@19fbc594{HTTP/1.1,[http/1.1]}{0.0.0.0:40905}
2019-09-27 21:17:39,942 [main] INFO  server.Server (Server.java:doStart(419)) - Started @588002ms
2019-09-27 21:17:39,942 [main] WARN  impl.MetricsSystemImpl (MetricsSystemImpl.java:register(276)) - Sink prometheus already exists!
2019-09-27 21:17:39,943 [main] INFO  server.BaseHttpServer (BaseHttpServer.java:updateConnectorAddress(215)) - HTTP server of HDDSDATANODE is listening at http://0.0.0.0:40905
2019-09-27 21:17:39,943 [main] INFO  impl.MetricsSystemImpl (MetricsSystemImpl.java:init(158)) - HddsDatanode metrics system started (again)
2019-09-27 21:17:39,947 [org.apache.hadoop.util.JvmPauseMonitor$Monitor@1d37fa20] INFO  util.JvmPauseMonitor (JvmPauseMonitor.java:run(188)) - Starting JVM pause monitor
2019-09-27 21:17:39,948 [Datanode State Machine Thread - 0] INFO  datanode.InitDatanodeState (InitDatanodeState.java:persistContainerDatanodeDetails(140)) - DatanodeDetails is persisted to /workdir/hadoop-ozone/integration-test/target/test-dir/MiniOzoneClusterImpl-117ebbbb-8886-40cd-9900-3c45df34c9b4/datanode-5/meta/datanode.id
2019-09-27 21:17:39,948 [main] INFO  ozone.HddsDatanodeService (HddsDatanodeService.java:start(184)) - HddsDatanodeService host:pr-hdds-1146-452xf-2747512450 ip:192.168.164.218
2019-09-27 21:17:39,953 [main] INFO  volume.HddsVolume (HddsVolume.java:<init>(176)) - Creating Volume: /workdir/hadoop-ozone/integration-test/target/test-dir/MiniOzoneClusterImpl-117ebbbb-8886-40cd-9900-3c45df34c9b4/datanode-6/data/containers/hdds of  storage type : DISK and capacity : 1482555576320
2019-09-27 21:17:39,953 [main] INFO  volume.VolumeSet (VolumeSet.java:initializeVolumeSet(170)) - Added Volume : /workdir/hadoop-ozone/integration-test/target/test-dir/MiniOzoneClusterImpl-117ebbbb-8886-40cd-9900-3c45df34c9b4/datanode-6/data/containers/hdds to VolumeSet
2019-09-27 21:17:39,954 [main] INFO  volume.ThrottledAsyncChecker (ThrottledAsyncChecker.java:schedule(139)) - Scheduling a check for org.apache.hadoop.ozone.container.common.volume.HddsVolume@342beaf6
2019-09-27 21:17:39,954 [main] INFO  volume.HddsVolumeChecker (HddsVolumeChecker.java:checkAllVolumes(202)) - Scheduled health check for volume org.apache.hadoop.ozone.container.common.volume.HddsVolume@342beaf6
2019-09-27 21:17:39,968 [main] INFO  impl.RaftServerProxy (ConfUtils.java:logGet(43)) - raft.rpc.type = GRPC (default)
2019-09-27 21:17:39,968 [main] INFO  grpc.GrpcFactory (GrpcFactory.java:checkPooledByteBufAllocatorUseCacheForAllThreads(45)) - PERFORMANCE WARNING: useCacheForAllThreads is true that may cause Netty to create a lot garbage objects and, as a result, trigger GC.
	It is recommended to disable useCacheForAllThreads by setting -Dorg.apache.ratis.thirdparty.io.netty.allocator.useCacheForAllThreads=false in command line.
2019-09-27 21:17:39,968 [main] INFO  grpc.GrpcConfigKeys$Server (ConfUtils.java:logGet(43)) - raft.grpc.server.port = 0 (default)
2019-09-27 21:17:39,969 [main] INFO  server.GrpcService (ConfUtils.java:logGet(43)) - raft.grpc.message.size.max = 33570816 (custom)
2019-09-27 21:17:39,969 [main] INFO  server.RaftServerConfigKeys (ConfUtils.java:logGet(43)) - raft.server.log.appender.buffer.byte-limit = 33554432 (custom)
2019-09-27 21:17:39,969 [main] INFO  server.GrpcService (ConfUtils.java:logGet(43)) - raft.grpc.flow.control.window = 1MB (=1048576) (default)
2019-09-27 21:17:39,969 [main] INFO  server.RaftServerConfigKeys (ConfUtils.java:logGet(43)) - raft.server.rpc.request.timeout = 3000ms (default)
2019-09-27 21:17:39,969 [main] INFO  server.RaftServerConfigKeys (ConfUtils.java:logGet(43)) - raft.server.storage.dir = [/workdir/hadoop-ozone/integration-test/target/test-dir/MiniOzoneClusterImpl-117ebbbb-8886-40cd-9900-3c45df34c9b4/datanode-6/data/ratis] (custom)
2019-09-27 21:17:39,970 [main] INFO  hdfs.DFSUtil (DFSUtil.java:httpServerTemplateForNNAndJN(1641)) - Starting Web-server for hddsDatanode at: http://0.0.0.0:0
2019-09-27 21:17:39,971 [main] INFO  server.AuthenticationFilter (AuthenticationFilter.java:constructSecretProvider(240)) - Unable to initialize FileSignerSecretProvider, falling back to use random secrets.
2019-09-27 21:17:39,972 [main] WARN  http.HttpRequestLog (HttpRequestLog.java:getRequestLog(97)) - Jetty request log can only be enabled using Log4j
2019-09-27 21:17:39,973 [main] INFO  http.HttpServer2 (HttpServer2.java:addGlobalFilter(975)) - Added global filter 'safety' (class=org.apache.hadoop.http.HttpServer2$QuotingInputFilter)
2019-09-27 21:17:39,974 [main] INFO  http.HttpServer2 (HttpServer2.java:addFilter(948)) - Added filter static_user_filter (class=org.apache.hadoop.http.lib.StaticUserWebFilter$StaticUserFilter) to context hddsDatanode
2019-09-27 21:17:39,974 [main] INFO  http.HttpServer2 (HttpServer2.java:addFilter(958)) - Added filter static_user_filter (class=org.apache.hadoop.http.lib.StaticUserWebFilter$StaticUserFilter) to context static
2019-09-27 21:17:39,974 [main] INFO  http.HttpServer2 (HttpServer2.java:addFilter(958)) - Added filter static_user_filter (class=org.apache.hadoop.http.lib.StaticUserWebFilter$StaticUserFilter) to context logs
2019-09-27 21:17:39,974 [main] INFO  http.HttpServer2 (HttpServer2.java:bindListener(1191)) - Jetty bound to port 39603
2019-09-27 21:17:39,975 [main] INFO  server.Server (Server.java:doStart(351)) - jetty-9.3.25.v20180904, build timestamp: 2018-09-04T21:11:46Z, git hash: 3ce520221d0240229c862b122d2b06c12a625732
2019-09-27 21:17:39,976 [main] INFO  handler.ContextHandler (ContextHandler.java:doStart(781)) - Started o.e.j.s.ServletContextHandler@19cdc217{/logs,file:///workdir/hadoop-ozone/integration-test/target/log,AVAILABLE}
2019-09-27 21:17:39,976 [main] INFO  handler.ContextHandler (ContextHandler.java:doStart(781)) - Started o.e.j.s.ServletContextHandler@2d22d3b1{/static,jar:file:/home/user/.m2/repository/org/apache/hadoop/hadoop-hdds-container-service/0.5.0-SNAPSHOT/hadoop-hdds-container-service-0.5.0-SNAPSHOT.jar!/webapps/static,AVAILABLE}
2019-09-27 21:17:40,001 [main] INFO  handler.ContextHandler (ContextHandler.java:doStart(781)) - Started o.e.j.w.WebAppContext@700b9e6b{/,file:///tmp/jetty-0.0.0.0-39603-hddsDatanode-_-any-1539793543016647695.dir/webapp/,AVAILABLE}{/hddsDatanode}
2019-09-27 21:17:40,001 [main] INFO  server.AbstractConnector (AbstractConnector.java:doStart(278)) - Started ServerConnector@7ac5b4c{HTTP/1.1,[http/1.1]}{0.0.0.0:39603}
2019-09-27 21:17:40,005 [main] INFO  server.Server (Server.java:doStart(419)) - Started @588065ms
2019-09-27 21:17:40,005 [main] WARN  impl.MetricsSystemImpl (MetricsSystemImpl.java:register(276)) - Sink prometheus already exists!
2019-09-27 21:17:40,006 [main] INFO  server.BaseHttpServer (BaseHttpServer.java:updateConnectorAddress(215)) - HTTP server of HDDSDATANODE is listening at http://0.0.0.0:39603
2019-09-27 21:17:40,006 [main] INFO  ozone.MiniOzoneClusterImpl (MiniOzoneClusterImpl.java:lambda$waitForClusterToBeReady$0(147)) - Waiting for cluster to be ready. Got 0 of 7 DN Heartbeats.
2019-09-27 21:17:40,007 [org.apache.hadoop.util.JvmPauseMonitor$Monitor@1c9132e8] INFO  util.JvmPauseMonitor (JvmPauseMonitor.java:run(188)) - Starting JVM pause monitor
2019-09-27 21:17:40,008 [Datanode State Machine Thread - 0] INFO  datanode.InitDatanodeState (InitDatanodeState.java:persistContainerDatanodeDetails(140)) - DatanodeDetails is persisted to /workdir/hadoop-ozone/integration-test/target/test-dir/MiniOzoneClusterImpl-117ebbbb-8886-40cd-9900-3c45df34c9b4/datanode-6/meta/datanode.id
2019-09-27 21:17:41,006 [main] INFO  ozone.MiniOzoneClusterImpl (MiniOzoneClusterImpl.java:lambda$waitForClusterToBeReady$0(147)) - Waiting for cluster to be ready. Got 0 of 7 DN Heartbeats.
2019-09-27 21:17:41,667 [Datanode State Machine Thread - 0] INFO  ozoneimpl.OzoneContainer (OzoneContainer.java:start(217)) - Attempting to start container services.
2019-09-27 21:17:41,668 [Datanode State Machine Thread - 0] INFO  ozoneimpl.OzoneContainer (OzoneContainer.java:startContainerScrub(179)) - Background container scanner has been disabled.
2019-09-27 21:17:41,668 [Datanode State Machine Thread - 0] INFO  ratis.XceiverServerRatis (XceiverServerRatis.java:start(411)) - Starting XceiverServerRatis d8b95b00-da60-4d32-b98b-f7948dc8829f at port 0
2019-09-27 21:17:41,675 [Datanode State Machine Thread - 0] INFO  impl.RaftServerProxy (RaftServerProxy.java:lambda$start$3(299)) - d8b95b00-da60-4d32-b98b-f7948dc8829f: start RPC server
2019-09-27 21:17:41,677 [Datanode State Machine Thread - 0] INFO  server.GrpcService (GrpcService.java:startImpl(158)) - d8b95b00-da60-4d32-b98b-f7948dc8829f: GrpcService started, listening on 0.0.0.0/0.0.0.0:42452
2019-09-27 21:17:41,677 [Datanode State Machine Thread - 0] INFO  ratis.XceiverServerRatis (XceiverServerRatis.java:start(421)) - XceiverServerRatis d8b95b00-da60-4d32-b98b-f7948dc8829f is started using port 42452
2019-09-27 21:17:41,677 [Datanode State Machine Thread - 0] INFO  server.XceiverServerGrpc (XceiverServerGrpc.java:start(149)) - XceiverServerGrpc d8b95b00-da60-4d32-b98b-f7948dc8829f is started using port 46079
2019-09-27 21:17:41,718 [Datanode State Machine Thread - 0] INFO  ozoneimpl.OzoneContainer (OzoneContainer.java:start(217)) - Attempting to start container services.
2019-09-27 21:17:41,718 [Datanode State Machine Thread - 0] INFO  ozoneimpl.OzoneContainer (OzoneContainer.java:startContainerScrub(179)) - Background container scanner has been disabled.
2019-09-27 21:17:41,719 [Datanode State Machine Thread - 0] INFO  ratis.XceiverServerRatis (XceiverServerRatis.java:start(411)) - Starting XceiverServerRatis 58a10920-990c-4d55-aea6-fc08cab808bc at port 0
2019-09-27 21:17:41,726 [Datanode State Machine Thread - 0] INFO  impl.RaftServerProxy (RaftServerProxy.java:lambda$start$3(299)) - 58a10920-990c-4d55-aea6-fc08cab808bc: start RPC server
2019-09-27 21:17:41,727 [Datanode State Machine Thread - 0] INFO  server.GrpcService (GrpcService.java:startImpl(158)) - 58a10920-990c-4d55-aea6-fc08cab808bc: GrpcService started, listening on 0.0.0.0/0.0.0.0:40033
2019-09-27 21:17:41,727 [Datanode State Machine Thread - 0] INFO  ratis.XceiverServerRatis (XceiverServerRatis.java:start(421)) - XceiverServerRatis 58a10920-990c-4d55-aea6-fc08cab808bc is started using port 40033
2019-09-27 21:17:41,729 [Datanode State Machine Thread - 0] INFO  server.XceiverServerGrpc (XceiverServerGrpc.java:start(149)) - XceiverServerGrpc 58a10920-990c-4d55-aea6-fc08cab808bc is started using port 44337
2019-09-27 21:17:41,784 [Datanode State Machine Thread - 0] INFO  ozoneimpl.OzoneContainer (OzoneContainer.java:start(217)) - Attempting to start container services.
2019-09-27 21:17:41,784 [Datanode State Machine Thread - 0] INFO  ozoneimpl.OzoneContainer (OzoneContainer.java:startContainerScrub(179)) - Background container scanner has been disabled.
2019-09-27 21:17:41,784 [Datanode State Machine Thread - 0] INFO  ratis.XceiverServerRatis (XceiverServerRatis.java:start(411)) - Starting XceiverServerRatis 8d84e925-5f92-47d9-8e30-963abaaefd00 at port 0
2019-09-27 21:17:41,790 [Datanode State Machine Thread - 0] INFO  impl.RaftServerProxy (RaftServerProxy.java:lambda$start$3(299)) - 8d84e925-5f92-47d9-8e30-963abaaefd00: start RPC server
2019-09-27 21:17:41,790 [Datanode State Machine Thread - 0] INFO  server.GrpcService (GrpcService.java:startImpl(158)) - 8d84e925-5f92-47d9-8e30-963abaaefd00: GrpcService started, listening on 0.0.0.0/0.0.0.0:37501
2019-09-27 21:17:41,790 [Datanode State Machine Thread - 0] INFO  ratis.XceiverServerRatis (XceiverServerRatis.java:start(421)) - XceiverServerRatis 8d84e925-5f92-47d9-8e30-963abaaefd00 is started using port 37501
2019-09-27 21:17:41,791 [Datanode State Machine Thread - 0] INFO  server.XceiverServerGrpc (XceiverServerGrpc.java:start(149)) - XceiverServerGrpc 8d84e925-5f92-47d9-8e30-963abaaefd00 is started using port 45324
2019-09-27 21:17:41,843 [Datanode State Machine Thread - 0] INFO  ozoneimpl.OzoneContainer (OzoneContainer.java:start(217)) - Attempting to start container services.
2019-09-27 21:17:41,843 [Datanode State Machine Thread - 0] INFO  ozoneimpl.OzoneContainer (OzoneContainer.java:startContainerScrub(179)) - Background container scanner has been disabled.
2019-09-27 21:17:41,843 [Datanode State Machine Thread - 0] INFO  ratis.XceiverServerRatis (XceiverServerRatis.java:start(411)) - Starting XceiverServerRatis f7eefd9a-04f9-4cba-bddd-fa47b4b434ab at port 0
2019-09-27 21:17:41,850 [Datanode State Machine Thread - 0] INFO  impl.RaftServerProxy (RaftServerProxy.java:lambda$start$3(299)) - f7eefd9a-04f9-4cba-bddd-fa47b4b434ab: start RPC server
2019-09-27 21:17:41,852 [Datanode State Machine Thread - 0] INFO  server.GrpcService (GrpcService.java:startImpl(158)) - f7eefd9a-04f9-4cba-bddd-fa47b4b434ab: GrpcService started, listening on 0.0.0.0/0.0.0.0:34960
2019-09-27 21:17:41,852 [Datanode State Machine Thread - 0] INFO  ratis.XceiverServerRatis (XceiverServerRatis.java:start(421)) - XceiverServerRatis f7eefd9a-04f9-4cba-bddd-fa47b4b434ab is started using port 34960
2019-09-27 21:17:41,852 [Datanode State Machine Thread - 0] INFO  server.XceiverServerGrpc (XceiverServerGrpc.java:start(149)) - XceiverServerGrpc f7eefd9a-04f9-4cba-bddd-fa47b4b434ab is started using port 41902
2019-09-27 21:17:41,902 [Datanode State Machine Thread - 0] INFO  ozoneimpl.OzoneContainer (OzoneContainer.java:start(217)) - Attempting to start container services.
2019-09-27 21:17:41,902 [Datanode State Machine Thread - 0] INFO  ozoneimpl.OzoneContainer (OzoneContainer.java:startContainerScrub(179)) - Background container scanner has been disabled.
2019-09-27 21:17:41,902 [Datanode State Machine Thread - 0] INFO  ratis.XceiverServerRatis (XceiverServerRatis.java:start(411)) - Starting XceiverServerRatis 57d09827-5544-4e5d-8dd0-03e3d4a416e4 at port 0
2019-09-27 21:17:41,909 [Datanode State Machine Thread - 0] INFO  impl.RaftServerProxy (RaftServerProxy.java:lambda$start$3(299)) - 57d09827-5544-4e5d-8dd0-03e3d4a416e4: start RPC server
2019-09-27 21:17:41,909 [Datanode State Machine Thread - 0] INFO  server.GrpcService (GrpcService.java:startImpl(158)) - 57d09827-5544-4e5d-8dd0-03e3d4a416e4: GrpcService started, listening on 0.0.0.0/0.0.0.0:41723
2019-09-27 21:17:41,909 [Datanode State Machine Thread - 0] INFO  ratis.XceiverServerRatis (XceiverServerRatis.java:start(421)) - XceiverServerRatis 57d09827-5544-4e5d-8dd0-03e3d4a416e4 is started using port 41723
2019-09-27 21:17:41,910 [Datanode State Machine Thread - 0] INFO  server.XceiverServerGrpc (XceiverServerGrpc.java:start(149)) - XceiverServerGrpc 57d09827-5544-4e5d-8dd0-03e3d4a416e4 is started using port 36151
2019-09-27 21:17:41,955 [Datanode State Machine Thread - 0] INFO  ozoneimpl.OzoneContainer (OzoneContainer.java:start(217)) - Attempting to start container services.
2019-09-27 21:17:41,955 [Datanode State Machine Thread - 0] INFO  ozoneimpl.OzoneContainer (OzoneContainer.java:startContainerScrub(179)) - Background container scanner has been disabled.
2019-09-27 21:17:41,956 [Datanode State Machine Thread - 0] INFO  ratis.XceiverServerRatis (XceiverServerRatis.java:start(411)) - Starting XceiverServerRatis 5bb6ddff-d9e4-48cd-b3b7-ec149b329306 at port 0
2019-09-27 21:17:41,962 [Datanode State Machine Thread - 0] INFO  impl.RaftServerProxy (RaftServerProxy.java:lambda$start$3(299)) - 5bb6ddff-d9e4-48cd-b3b7-ec149b329306: start RPC server
2019-09-27 21:17:41,965 [Datanode State Machine Thread - 0] INFO  server.GrpcService (GrpcService.java:startImpl(158)) - 5bb6ddff-d9e4-48cd-b3b7-ec149b329306: GrpcService started, listening on 0.0.0.0/0.0.0.0:45930
2019-09-27 21:17:41,965 [Datanode State Machine Thread - 0] INFO  ratis.XceiverServerRatis (XceiverServerRatis.java:start(421)) - XceiverServerRatis 5bb6ddff-d9e4-48cd-b3b7-ec149b329306 is started using port 45930
2019-09-27 21:17:41,966 [Datanode State Machine Thread - 0] INFO  server.XceiverServerGrpc (XceiverServerGrpc.java:start(149)) - XceiverServerGrpc 5bb6ddff-d9e4-48cd-b3b7-ec149b329306 is started using port 35321
2019-09-27 21:17:42,007 [main] INFO  ozone.MiniOzoneClusterImpl (MiniOzoneClusterImpl.java:lambda$waitForClusterToBeReady$0(147)) - Waiting for cluster to be ready. Got 0 of 7 DN Heartbeats.
2019-09-27 21:17:42,022 [Datanode State Machine Thread - 0] INFO  ozoneimpl.OzoneContainer (OzoneContainer.java:start(217)) - Attempting to start container services.
2019-09-27 21:17:42,022 [Datanode State Machine Thread - 0] INFO  ozoneimpl.OzoneContainer (OzoneContainer.java:startContainerScrub(179)) - Background container scanner has been disabled.
2019-09-27 21:17:42,022 [Datanode State Machine Thread - 0] INFO  ratis.XceiverServerRatis (XceiverServerRatis.java:start(411)) - Starting XceiverServerRatis 38b583e9-922a-4b96-9717-3a961b28fd9e at port 0
2019-09-27 21:17:42,028 [Datanode State Machine Thread - 0] INFO  impl.RaftServerProxy (RaftServerProxy.java:lambda$start$3(299)) - 38b583e9-922a-4b96-9717-3a961b28fd9e: start RPC server
2019-09-27 21:17:42,029 [Datanode State Machine Thread - 0] INFO  server.GrpcService (GrpcService.java:startImpl(158)) - 38b583e9-922a-4b96-9717-3a961b28fd9e: GrpcService started, listening on 0.0.0.0/0.0.0.0:39886
2019-09-27 21:17:42,029 [Datanode State Machine Thread - 0] INFO  ratis.XceiverServerRatis (XceiverServerRatis.java:start(421)) - XceiverServerRatis 38b583e9-922a-4b96-9717-3a961b28fd9e is started using port 39886
2019-09-27 21:17:42,043 [Datanode State Machine Thread - 0] INFO  server.XceiverServerGrpc (XceiverServerGrpc.java:start(149)) - XceiverServerGrpc 38b583e9-922a-4b96-9717-3a961b28fd9e is started using port 42691
2019-09-27 21:17:43,009 [main] INFO  ozone.MiniOzoneClusterImpl (MiniOzoneClusterImpl.java:lambda$waitForClusterToBeReady$0(147)) - Waiting for cluster to be ready. Got 0 of 7 DN Heartbeats.
2019-09-27 21:17:43,651 [IPC Server handler 0 on 35469] INFO  net.NetworkTopology (NetworkTopologyImpl.java:add(111)) - Added a new node: /default-rack/d8b95b00-da60-4d32-b98b-f7948dc8829f
2019-09-27 21:17:43,653 [IPC Server handler 0 on 35469] INFO  node.SCMNodeManager (SCMNodeManager.java:register(266)) - Registered Data node : d8b95b00-da60-4d32-b98b-f7948dc8829f{ip: 192.168.164.218, host: pr-hdds-1146-452xf-2747512450, networkLocation: /default-rack, certSerialId: null}
2019-09-27 21:17:43,654 [EventQueue-NodeRegistrationContainerReportForDataNodeSafeModeRule] INFO  safemode.SCMSafeModeManager (DataNodeSafeModeRule.java:process(71)) - SCM in safe mode. 1 DataNodes registered, 1 required.
2019-09-27 21:17:43,656 [EventQueue-NodeRegistrationContainerReportForDataNodeSafeModeRule] INFO  safemode.SCMSafeModeManager (SCMSafeModeManager.java:validateSafeModeExitRules(177)) - ScmSafeModeManager, all rules are successfully validated
2019-09-27 21:17:43,656 [EventQueue-NodeRegistrationContainerReportForDataNodeSafeModeRule] INFO  safemode.SCMSafeModeManager (SCMSafeModeManager.java:exitSafeMode(193)) - SCM exiting safe mode.
2019-09-27 21:17:43,677 [grpc-default-executor-7] INFO  impl.RaftServerProxy (RaftServerProxy.java:addNew(89)) - d8b95b00-da60-4d32-b98b-f7948dc8829f: addNew group-E1CA0029F736:[d8b95b00-da60-4d32-b98b-f7948dc8829f:192.168.164.218:42452] returns group-E1CA0029F736:java.util.concurrent.CompletableFuture@20fec68e[Not completed]
2019-09-27 21:17:43,680 [pool-409-thread-1] INFO  impl.RaftServerImpl (RaftServerImpl.java:<init>(95)) - d8b95b00-da60-4d32-b98b-f7948dc8829f: new RaftServerImpl for group-E1CA0029F736:[d8b95b00-da60-4d32-b98b-f7948dc8829f:192.168.164.218:42452] with ContainerStateMachine:uninitialized
2019-09-27 21:17:43,680 [pool-409-thread-1] INFO  server.RaftServerConfigKeys (ConfUtils.java:logGet(43)) - raft.server.rpc.timeout.min = 5s (custom)
2019-09-27 21:17:43,681 [pool-409-thread-1] INFO  server.RaftServerConfigKeys (ConfUtils.java:logGet(43)) - raft.server.rpc.timeout.max = 5200ms (custom)
2019-09-27 21:17:43,681 [pool-409-thread-1] INFO  server.RaftServerConfigKeys (ConfUtils.java:logGet(43)) - raft.server.rpcslowness.timeout = 120s (custom)
2019-09-27 21:17:43,681 [pool-409-thread-1] INFO  server.RaftServerConfigKeys (ConfUtils.java:logGet(43)) - raft.server.sleep.deviation.threshold = 300 (default)
2019-09-27 21:17:43,681 [pool-409-thread-1] INFO  server.RaftServerConfigKeys (ConfUtils.java:logGet(43)) - raft.server.log.appender.install.snapshot.enabled = false (custom)
2019-09-27 21:17:43,681 [pool-409-thread-1] INFO  impl.RaftServerImpl (ServerState.java:<init>(103)) - d8b95b00-da60-4d32-b98b-f7948dc8829f@group-E1CA0029F736: ConfigurationManager, init=-1: [d8b95b00-da60-4d32-b98b-f7948dc8829f:192.168.164.218:42452], old=null, confs=<EMPTY_MAP>
2019-09-27 21:17:43,682 [pool-409-thread-1] INFO  server.RaftServerConfigKeys (ConfUtils.java:logGet(43)) - raft.server.storage.dir = [/workdir/hadoop-ozone/integration-test/target/test-dir/MiniOzoneClusterImpl-117ebbbb-8886-40cd-9900-3c45df34c9b4/datanode-0/data/ratis] (custom)
2019-09-27 21:17:43,682 [pool-409-thread-1] INFO  storage.RaftStorageDirectory (RaftStorageDirectory.java:analyzeStorage(246)) - The storage directory /workdir/hadoop-ozone/integration-test/target/test-dir/MiniOzoneClusterImpl-117ebbbb-8886-40cd-9900-3c45df34c9b4/datanode-0/data/ratis/0a1cd826-46e1-4d1a-9a90-e1ca0029f736 does not exist. Creating ...
2019-09-27 21:17:43,697 [pool-409-thread-1] INFO  storage.RaftStorageDirectory (RaftStorageDirectory.java:tryLock(328)) - Lock on /workdir/hadoop-ozone/integration-test/target/test-dir/MiniOzoneClusterImpl-117ebbbb-8886-40cd-9900-3c45df34c9b4/datanode-0/data/ratis/0a1cd826-46e1-4d1a-9a90-e1ca0029f736/in_use.lock acquired by nodename 9769@pr-hdds-1146-452xf-2747512450
2019-09-27 21:17:43,704 [IPC Server handler 2 on 35469] INFO  net.NetworkTopology (NetworkTopologyImpl.java:add(111)) - Added a new node: /default-rack/58a10920-990c-4d55-aea6-fc08cab808bc
2019-09-27 21:17:43,704 [IPC Server handler 2 on 35469] INFO  node.SCMNodeManager (SCMNodeManager.java:register(266)) - Registered Data node : 58a10920-990c-4d55-aea6-fc08cab808bc{ip: 192.168.164.218, host: pr-hdds-1146-452xf-2747512450, networkLocation: /default-rack, certSerialId: null}
2019-09-27 21:17:43,709 [pool-409-thread-1] INFO  storage.RaftStorage (RaftStorage.java:format(72)) - Storage directory /workdir/hadoop-ozone/integration-test/target/test-dir/MiniOzoneClusterImpl-117ebbbb-8886-40cd-9900-3c45df34c9b4/datanode-0/data/ratis/0a1cd826-46e1-4d1a-9a90-e1ca0029f736 has been successfully formatted.
2019-09-27 21:17:43,710 [pool-409-thread-1] INFO  ratis.ContainerStateMachine (ContainerStateMachine.java:loadSnapshot(230)) - group-E1CA0029F736: The snapshot info is null. Setting the last applied indexto:(t:0, i:~)
2019-09-27 21:17:43,710 [pool-409-thread-1] INFO  server.RaftServerConfigKeys (ConfUtils.java:logGet(43)) - raft.server.notification.no-leader.timeout = 120s (custom)
2019-09-27 21:17:43,710 [pool-409-thread-1] INFO  server.RaftServerConfigKeys (ConfUtils.java:logGet(43)) - raft.server.log.use.memory = false (default)
2019-09-27 21:17:43,710 [pool-409-thread-1] INFO  server.RaftServerConfigKeys (ConfUtils.java:logGet(43)) - raft.server.log.purge.gap = 1000000 (custom)
2019-09-27 21:17:43,710 [pool-409-thread-1] INFO  server.RaftServerConfigKeys (ConfUtils.java:logGet(43)) - raft.server.log.appender.buffer.byte-limit = 33554432 (custom)
2019-09-27 21:17:43,710 [pool-409-thread-1] INFO  server.RaftServerConfigKeys (ConfUtils.java:logGet(43)) - raft.server.log.segment.size.max = 1048576 (custom)
2019-09-27 21:17:43,710 [pool-409-thread-1] INFO  server.RaftServerConfigKeys (ConfUtils.java:logGet(43)) - raft.server.log.segment.cache.num.max = 2 (custom)
2019-09-27 21:17:43,710 [pool-409-thread-1] INFO  segmented.SegmentedRaftLogWorker (SegmentedRaftLogWorker.java:<init>(172)) - new d8b95b00-da60-4d32-b98b-f7948dc8829f@group-E1CA0029F736-SegmentedRaftLogWorker for RaftStorage:Storage Directory /workdir/hadoop-ozone/integration-test/target/test-dir/MiniOzoneClusterImpl-117ebbbb-8886-40cd-9900-3c45df34c9b4/datanode-0/data/ratis/0a1cd826-46e1-4d1a-9a90-e1ca0029f736
2019-09-27 21:17:43,712 [pool-409-thread-1] INFO  server.RaftServerConfigKeys (ConfUtils.java:logGet(43)) - raft.server.log.queue.byte-limit = 2147483647 (custom)
2019-09-27 21:17:43,712 [pool-409-thread-1] INFO  server.RaftServerConfigKeys (ConfUtils.java:logGet(43)) - raft.server.log.queue.element-limit = 1024 (custom)
2019-09-27 21:17:43,713 [pool-409-thread-1] INFO  server.RaftServerConfigKeys (ConfUtils.java:logGet(43)) - raft.server.log.segment.size.max = 1048576 (custom)
2019-09-27 21:17:43,713 [pool-409-thread-1] INFO  server.RaftServerConfigKeys (ConfUtils.java:logGet(43)) - raft.server.log.preallocated.size = 16384 (custom)
2019-09-27 21:17:43,713 [pool-409-thread-1] INFO  server.RaftServerConfigKeys (ConfUtils.java:logGet(43)) - raft.server.log.write.buffer.size = 33554432 (custom)
2019-09-27 21:17:43,713 [pool-409-thread-1] INFO  server.RaftServerConfigKeys (ConfUtils.java:logGet(43)) - raft.server.log.force.sync.num = 128 (default)
2019-09-27 21:17:43,713 [pool-409-thread-1] INFO  server.RaftServerConfigKeys (ConfUtils.java:logGet(43)) - raft.server.log.statemachine.data.sync = true (default)
2019-09-27 21:17:43,713 [pool-409-thread-1] INFO  server.RaftServerConfigKeys (ConfUtils.java:logGet(43)) - raft.server.log.statemachine.data.sync.timeout = 10s (default)
2019-09-27 21:17:43,713 [pool-409-thread-1] INFO  server.RaftServerConfigKeys (ConfUtils.java:logGet(43)) - raft.server.log.statemachine.data.sync.timeout.retry = -1 (default)
2019-09-27 21:17:43,713 [pool-409-thread-1] INFO  server.RaftServerConfigKeys (ConfUtils.java:logGet(43)) - raft.server.log.statemachine.data.caching.enabled = true (custom)
2019-09-27 21:17:43,714 [pool-409-thread-1] INFO  segmented.SegmentedRaftLogWorker (SegmentedRaftLogWorker.java:lambda$new$0(132)) - d8b95b00-da60-4d32-b98b-f7948dc8829f@group-E1CA0029F736-SegmentedRaftLogWorker: flushIndex: setUnconditionally 0 -> -1
2019-09-27 21:17:43,714 [pool-409-thread-1] INFO  server.RaftServerConfigKeys (ConfUtils.java:logGet(43)) - raft.server.snapshot.auto.trigger.enabled = true (custom)
2019-09-27 21:17:43,714 [pool-409-thread-1] INFO  server.RaftServerConfigKeys (ConfUtils.java:logGet(43)) - raft.server.snapshot.auto.trigger.threshold = 10000 (custom)
2019-09-27 21:17:43,714 [pool-409-thread-1] INFO  server.RaftServerConfigKeys (ConfUtils.java:logGet(43)) - raft.server.snapshot.retention.num.files = 5 (custom)
2019-09-27 21:17:43,714 [pool-409-thread-1] INFO  server.RaftServerConfigKeys (ConfUtils.java:logGet(43)) - raft.server.retrycache.expirytime = 600000ms (custom)
2019-09-27 21:17:43,716 [pool-409-thread-1] INFO  impl.RaftServerImpl (RaftServerImpl.java:start(185)) - d8b95b00-da60-4d32-b98b-f7948dc8829f@group-E1CA0029F736: start as a follower, conf=-1: [d8b95b00-da60-4d32-b98b-f7948dc8829f:192.168.164.218:42452], old=null
2019-09-27 21:17:43,716 [pool-409-thread-1] INFO  impl.RaftServerImpl (RaftServerImpl.java:setRole(174)) - d8b95b00-da60-4d32-b98b-f7948dc8829f@group-E1CA0029F736: changes role from      null to FOLLOWER at term 0 for startAsFollower
2019-09-27 21:17:43,716 [pool-409-thread-1] INFO  impl.RoleInfo (RoleInfo.java:updateAndGet(143)) - d8b95b00-da60-4d32-b98b-f7948dc8829f: start FollowerState
2019-09-27 21:17:43,717 [pool-409-thread-1] INFO  util.JmxRegister (JmxRegister.java:tryRegister(44)) - Successfully registered JMX Bean with object name Ratis:service=RaftServer,group=group-E1CA0029F736,id=d8b95b00-da60-4d32-b98b-f7948dc8829f
2019-09-27 21:17:43,721 [RatisPipelineUtilsThread] INFO  pipeline.PipelineStateManager (PipelineStateManager.java:addPipeline(56)) - Created pipeline Pipeline[ Id: 0a1cd826-46e1-4d1a-9a90-e1ca0029f736, Nodes: d8b95b00-da60-4d32-b98b-f7948dc8829f{ip: 192.168.164.218, host: pr-hdds-1146-452xf-2747512450, networkLocation: /default-rack, certSerialId: null}, Type:RATIS, Factor:ONE, State:OPEN]
2019-09-27 21:17:43,726 [grpc-default-executor-9] INFO  impl.RaftServerProxy (RaftServerProxy.java:addNew(89)) - 58a10920-990c-4d55-aea6-fc08cab808bc: addNew group-182D1F4CD95D:[58a10920-990c-4d55-aea6-fc08cab808bc:192.168.164.218:40033] returns group-182D1F4CD95D:java.util.concurrent.CompletableFuture@58d780f7[Not completed]
2019-09-27 21:17:43,728 [pool-419-thread-1] INFO  impl.RaftServerImpl (RaftServerImpl.java:<init>(95)) - 58a10920-990c-4d55-aea6-fc08cab808bc: new RaftServerImpl for group-182D1F4CD95D:[58a10920-990c-4d55-aea6-fc08cab808bc:192.168.164.218:40033] with ContainerStateMachine:uninitialized
2019-09-27 21:17:43,728 [pool-419-thread-1] INFO  server.RaftServerConfigKeys (ConfUtils.java:logGet(43)) - raft.server.rpc.timeout.min = 5s (custom)
2019-09-27 21:17:43,728 [pool-419-thread-1] INFO  server.RaftServerConfigKeys (ConfUtils.java:logGet(43)) - raft.server.rpc.timeout.max = 5200ms (custom)
2019-09-27 21:17:43,728 [pool-419-thread-1] INFO  server.RaftServerConfigKeys (ConfUtils.java:logGet(43)) - raft.server.rpcslowness.timeout = 120s (custom)
2019-09-27 21:17:43,728 [pool-419-thread-1] INFO  server.RaftServerConfigKeys (ConfUtils.java:logGet(43)) - raft.server.sleep.deviation.threshold = 300 (default)
2019-09-27 21:17:43,728 [pool-419-thread-1] INFO  server.RaftServerConfigKeys (ConfUtils.java:logGet(43)) - raft.server.log.appender.install.snapshot.enabled = false (custom)
2019-09-27 21:17:43,728 [pool-419-thread-1] INFO  impl.RaftServerImpl (ServerState.java:<init>(103)) - 58a10920-990c-4d55-aea6-fc08cab808bc@group-182D1F4CD95D: ConfigurationManager, init=-1: [58a10920-990c-4d55-aea6-fc08cab808bc:192.168.164.218:40033], old=null, confs=<EMPTY_MAP>
2019-09-27 21:17:43,729 [pool-419-thread-1] INFO  server.RaftServerConfigKeys (ConfUtils.java:logGet(43)) - raft.server.storage.dir = [/workdir/hadoop-ozone/integration-test/target/test-dir/MiniOzoneClusterImpl-117ebbbb-8886-40cd-9900-3c45df34c9b4/datanode-1/data/ratis] (custom)
2019-09-27 21:17:43,729 [pool-419-thread-1] INFO  storage.RaftStorageDirectory (RaftStorageDirectory.java:analyzeStorage(246)) - The storage directory /workdir/hadoop-ozone/integration-test/target/test-dir/MiniOzoneClusterImpl-117ebbbb-8886-40cd-9900-3c45df34c9b4/datanode-1/data/ratis/d603382d-f832-47f2-a52c-182d1f4cd95d does not exist. Creating ...
2019-09-27 21:17:43,742 [pool-419-thread-1] INFO  storage.RaftStorageDirectory (RaftStorageDirectory.java:tryLock(328)) - Lock on /workdir/hadoop-ozone/integration-test/target/test-dir/MiniOzoneClusterImpl-117ebbbb-8886-40cd-9900-3c45df34c9b4/datanode-1/data/ratis/d603382d-f832-47f2-a52c-182d1f4cd95d/in_use.lock acquired by nodename 9769@pr-hdds-1146-452xf-2747512450
2019-09-27 21:17:43,755 [pool-419-thread-1] INFO  storage.RaftStorage (RaftStorage.java:format(72)) - Storage directory /workdir/hadoop-ozone/integration-test/target/test-dir/MiniOzoneClusterImpl-117ebbbb-8886-40cd-9900-3c45df34c9b4/datanode-1/data/ratis/d603382d-f832-47f2-a52c-182d1f4cd95d has been successfully formatted.
2019-09-27 21:17:43,756 [pool-419-thread-1] INFO  ratis.ContainerStateMachine (ContainerStateMachine.java:loadSnapshot(230)) - group-182D1F4CD95D: The snapshot info is null. Setting the last applied indexto:(t:0, i:~)
2019-09-27 21:17:43,756 [pool-419-thread-1] INFO  server.RaftServerConfigKeys (ConfUtils.java:logGet(43)) - raft.server.notification.no-leader.timeout = 120s (custom)
2019-09-27 21:17:43,756 [pool-419-thread-1] INFO  server.RaftServerConfigKeys (ConfUtils.java:logGet(43)) - raft.server.log.use.memory = false (default)
2019-09-27 21:17:43,756 [pool-419-thread-1] INFO  server.RaftServerConfigKeys (ConfUtils.java:logGet(43)) - raft.server.log.purge.gap = 1000000 (custom)
2019-09-27 21:17:43,756 [pool-419-thread-1] INFO  server.RaftServerConfigKeys (ConfUtils.java:logGet(43)) - raft.server.log.appender.buffer.byte-limit = 33554432 (custom)
2019-09-27 21:17:43,756 [pool-419-thread-1] INFO  server.RaftServerConfigKeys (ConfUtils.java:logGet(43)) - raft.server.log.segment.size.max = 1048576 (custom)
2019-09-27 21:17:43,756 [pool-419-thread-1] INFO  server.RaftServerConfigKeys (ConfUtils.java:logGet(43)) - raft.server.log.segment.cache.num.max = 2 (custom)
2019-09-27 21:17:43,756 [pool-419-thread-1] INFO  segmented.SegmentedRaftLogWorker (SegmentedRaftLogWorker.java:<init>(172)) - new 58a10920-990c-4d55-aea6-fc08cab808bc@group-182D1F4CD95D-SegmentedRaftLogWorker for RaftStorage:Storage Directory /workdir/hadoop-ozone/integration-test/target/test-dir/MiniOzoneClusterImpl-117ebbbb-8886-40cd-9900-3c45df34c9b4/datanode-1/data/ratis/d603382d-f832-47f2-a52c-182d1f4cd95d
2019-09-27 21:17:43,758 [pool-419-thread-1] INFO  server.RaftServerConfigKeys (ConfUtils.java:logGet(43)) - raft.server.log.queue.byte-limit = 2147483647 (custom)
2019-09-27 21:17:43,758 [pool-419-thread-1] INFO  server.RaftServerConfigKeys (ConfUtils.java:logGet(43)) - raft.server.log.queue.element-limit = 1024 (custom)
2019-09-27 21:17:43,758 [pool-419-thread-1] INFO  server.RaftServerConfigKeys (ConfUtils.java:logGet(43)) - raft.server.log.segment.size.max = 1048576 (custom)
2019-09-27 21:17:43,758 [pool-419-thread-1] INFO  server.RaftServerConfigKeys (ConfUtils.java:logGet(43)) - raft.server.log.preallocated.size = 16384 (custom)
2019-09-27 21:17:43,758 [pool-419-thread-1] INFO  server.RaftServerConfigKeys (ConfUtils.java:logGet(43)) - raft.server.log.write.buffer.size = 33554432 (custom)
2019-09-27 21:17:43,758 [pool-419-thread-1] INFO  server.RaftServerConfigKeys (ConfUtils.java:logGet(43)) - raft.server.log.force.sync.num = 128 (default)
2019-09-27 21:17:43,758 [pool-419-thread-1] INFO  server.RaftServerConfigKeys (ConfUtils.java:logGet(43)) - raft.server.log.statemachine.data.sync = true (default)
2019-09-27 21:17:43,758 [pool-419-thread-1] INFO  server.RaftServerConfigKeys (ConfUtils.java:logGet(43)) - raft.server.log.statemachine.data.sync.timeout = 10s (default)
2019-09-27 21:17:43,758 [pool-419-thread-1] INFO  server.RaftServerConfigKeys (ConfUtils.java:logGet(43)) - raft.server.log.statemachine.data.sync.timeout.retry = -1 (default)
2019-09-27 21:17:43,759 [pool-419-thread-1] INFO  server.RaftServerConfigKeys (ConfUtils.java:logGet(43)) - raft.server.log.statemachine.data.caching.enabled = true (custom)
2019-09-27 21:17:43,759 [pool-419-thread-1] INFO  segmented.SegmentedRaftLogWorker (SegmentedRaftLogWorker.java:lambda$new$0(132)) - 58a10920-990c-4d55-aea6-fc08cab808bc@group-182D1F4CD95D-SegmentedRaftLogWorker: flushIndex: setUnconditionally 0 -> -1
2019-09-27 21:17:43,759 [pool-419-thread-1] INFO  server.RaftServerConfigKeys (ConfUtils.java:logGet(43)) - raft.server.snapshot.auto.trigger.enabled = true (custom)
2019-09-27 21:17:43,759 [pool-419-thread-1] INFO  server.RaftServerConfigKeys (ConfUtils.java:logGet(43)) - raft.server.snapshot.auto.trigger.threshold = 10000 (custom)
2019-09-27 21:17:43,759 [pool-419-thread-1] INFO  server.RaftServerConfigKeys (ConfUtils.java:logGet(43)) - raft.server.snapshot.retention.num.files = 5 (custom)
2019-09-27 21:17:43,759 [pool-419-thread-1] INFO  server.RaftServerConfigKeys (ConfUtils.java:logGet(43)) - raft.server.retrycache.expirytime = 600000ms (custom)
2019-09-27 21:17:43,761 [pool-419-thread-1] INFO  impl.RaftServerImpl (RaftServerImpl.java:start(185)) - 58a10920-990c-4d55-aea6-fc08cab808bc@group-182D1F4CD95D: start as a follower, conf=-1: [58a10920-990c-4d55-aea6-fc08cab808bc:192.168.164.218:40033], old=null
2019-09-27 21:17:43,761 [pool-419-thread-1] INFO  impl.RaftServerImpl (RaftServerImpl.java:setRole(174)) - 58a10920-990c-4d55-aea6-fc08cab808bc@group-182D1F4CD95D: changes role from      null to FOLLOWER at term 0 for startAsFollower
2019-09-27 21:17:43,761 [pool-419-thread-1] INFO  impl.RoleInfo (RoleInfo.java:updateAndGet(143)) - 58a10920-990c-4d55-aea6-fc08cab808bc: start FollowerState
2019-09-27 21:17:43,761 [pool-419-thread-1] INFO  util.JmxRegister (JmxRegister.java:tryRegister(44)) - Successfully registered JMX Bean with object name Ratis:service=RaftServer,group=group-182D1F4CD95D,id=58a10920-990c-4d55-aea6-fc08cab808bc
2019-09-27 21:17:43,765 [RatisPipelineUtilsThread] INFO  pipeline.PipelineStateManager (PipelineStateManager.java:addPipeline(56)) - Created pipeline Pipeline[ Id: d603382d-f832-47f2-a52c-182d1f4cd95d, Nodes: 58a10920-990c-4d55-aea6-fc08cab808bc{ip: 192.168.164.218, host: pr-hdds-1146-452xf-2747512450, networkLocation: /default-rack, certSerialId: null}, Type:RATIS, Factor:ONE, State:OPEN]
2019-09-27 21:17:43,774 [IPC Server handler 3 on 35469] INFO  net.NetworkTopology (NetworkTopologyImpl.java:add(111)) - Added a new node: /default-rack/8d84e925-5f92-47d9-8e30-963abaaefd00
2019-09-27 21:17:43,774 [IPC Server handler 3 on 35469] INFO  node.SCMNodeManager (SCMNodeManager.java:register(266)) - Registered Data node : 8d84e925-5f92-47d9-8e30-963abaaefd00{ip: 192.168.164.218, host: pr-hdds-1146-452xf-2747512450, networkLocation: /default-rack, certSerialId: null}
2019-09-27 21:17:43,778 [grpc-default-executor-9] INFO  impl.RaftServerProxy (RaftServerProxy.java:addNew(89)) - 8d84e925-5f92-47d9-8e30-963abaaefd00: addNew group-284B6891D008:[8d84e925-5f92-47d9-8e30-963abaaefd00:192.168.164.218:37501] returns group-284B6891D008:java.util.concurrent.CompletableFuture@65af4522[Not completed]
2019-09-27 21:17:43,779 [pool-429-thread-1] INFO  impl.RaftServerImpl (RaftServerImpl.java:<init>(95)) - 8d84e925-5f92-47d9-8e30-963abaaefd00: new RaftServerImpl for group-284B6891D008:[8d84e925-5f92-47d9-8e30-963abaaefd00:192.168.164.218:37501] with ContainerStateMachine:uninitialized
2019-09-27 21:17:43,779 [pool-429-thread-1] INFO  server.RaftServerConfigKeys (ConfUtils.java:logGet(43)) - raft.server.rpc.timeout.min = 5s (custom)
2019-09-27 21:17:43,780 [pool-429-thread-1] INFO  server.RaftServerConfigKeys (ConfUtils.java:logGet(43)) - raft.server.rpc.timeout.max = 5200ms (custom)
2019-09-27 21:17:43,780 [pool-429-thread-1] INFO  server.RaftServerConfigKeys (ConfUtils.java:logGet(43)) - raft.server.rpcslowness.timeout = 120s (custom)
2019-09-27 21:17:43,780 [pool-429-thread-1] INFO  server.RaftServerConfigKeys (ConfUtils.java:logGet(43)) - raft.server.sleep.deviation.threshold = 300 (default)
2019-09-27 21:17:43,780 [pool-429-thread-1] INFO  server.RaftServerConfigKeys (ConfUtils.java:logGet(43)) - raft.server.log.appender.install.snapshot.enabled = false (custom)
2019-09-27 21:17:43,780 [pool-429-thread-1] INFO  impl.RaftServerImpl (ServerState.java:<init>(103)) - 8d84e925-5f92-47d9-8e30-963abaaefd00@group-284B6891D008: ConfigurationManager, init=-1: [8d84e925-5f92-47d9-8e30-963abaaefd00:192.168.164.218:37501], old=null, confs=<EMPTY_MAP>
2019-09-27 21:17:43,780 [pool-429-thread-1] INFO  server.RaftServerConfigKeys (ConfUtils.java:logGet(43)) - raft.server.storage.dir = [/workdir/hadoop-ozone/integration-test/target/test-dir/MiniOzoneClusterImpl-117ebbbb-8886-40cd-9900-3c45df34c9b4/datanode-2/data/ratis] (custom)
2019-09-27 21:17:43,780 [pool-429-thread-1] INFO  storage.RaftStorageDirectory (RaftStorageDirectory.java:analyzeStorage(246)) - The storage directory /workdir/hadoop-ozone/integration-test/target/test-dir/MiniOzoneClusterImpl-117ebbbb-8886-40cd-9900-3c45df34c9b4/datanode-2/data/ratis/996802f1-3a7e-43e6-a8ad-284b6891d008 does not exist. Creating ...
2019-09-27 21:17:43,792 [pool-429-thread-1] INFO  storage.RaftStorageDirectory (RaftStorageDirectory.java:tryLock(328)) - Lock on /workdir/hadoop-ozone/integration-test/target/test-dir/MiniOzoneClusterImpl-117ebbbb-8886-40cd-9900-3c45df34c9b4/datanode-2/data/ratis/996802f1-3a7e-43e6-a8ad-284b6891d008/in_use.lock acquired by nodename 9769@pr-hdds-1146-452xf-2747512450
2019-09-27 21:17:43,805 [pool-429-thread-1] INFO  storage.RaftStorage (RaftStorage.java:format(72)) - Storage directory /workdir/hadoop-ozone/integration-test/target/test-dir/MiniOzoneClusterImpl-117ebbbb-8886-40cd-9900-3c45df34c9b4/datanode-2/data/ratis/996802f1-3a7e-43e6-a8ad-284b6891d008 has been successfully formatted.
2019-09-27 21:17:43,805 [pool-429-thread-1] INFO  ratis.ContainerStateMachine (ContainerStateMachine.java:loadSnapshot(230)) - group-284B6891D008: The snapshot info is null. Setting the last applied indexto:(t:0, i:~)
2019-09-27 21:17:43,805 [pool-429-thread-1] INFO  server.RaftServerConfigKeys (ConfUtils.java:logGet(43)) - raft.server.notification.no-leader.timeout = 120s (custom)
2019-09-27 21:17:43,805 [pool-429-thread-1] INFO  server.RaftServerConfigKeys (ConfUtils.java:logGet(43)) - raft.server.log.use.memory = false (default)
2019-09-27 21:17:43,805 [pool-429-thread-1] INFO  server.RaftServerConfigKeys (ConfUtils.java:logGet(43)) - raft.server.log.purge.gap = 1000000 (custom)
2019-09-27 21:17:43,805 [pool-429-thread-1] INFO  server.RaftServerConfigKeys (ConfUtils.java:logGet(43)) - raft.server.log.appender.buffer.byte-limit = 33554432 (custom)
2019-09-27 21:17:43,806 [pool-429-thread-1] INFO  server.RaftServerConfigKeys (ConfUtils.java:logGet(43)) - raft.server.log.segment.size.max = 1048576 (custom)
2019-09-27 21:17:43,806 [pool-429-thread-1] INFO  server.RaftServerConfigKeys (ConfUtils.java:logGet(43)) - raft.server.log.segment.cache.num.max = 2 (custom)
2019-09-27 21:17:43,806 [pool-429-thread-1] INFO  segmented.SegmentedRaftLogWorker (SegmentedRaftLogWorker.java:<init>(172)) - new 8d84e925-5f92-47d9-8e30-963abaaefd00@group-284B6891D008-SegmentedRaftLogWorker for RaftStorage:Storage Directory /workdir/hadoop-ozone/integration-test/target/test-dir/MiniOzoneClusterImpl-117ebbbb-8886-40cd-9900-3c45df34c9b4/datanode-2/data/ratis/996802f1-3a7e-43e6-a8ad-284b6891d008
2019-09-27 21:17:43,807 [pool-429-thread-1] INFO  server.RaftServerConfigKeys (ConfUtils.java:logGet(43)) - raft.server.log.queue.byte-limit = 2147483647 (custom)
2019-09-27 21:17:43,807 [pool-429-thread-1] INFO  server.RaftServerConfigKeys (ConfUtils.java:logGet(43)) - raft.server.log.queue.element-limit = 1024 (custom)
2019-09-27 21:17:43,807 [pool-429-thread-1] INFO  server.RaftServerConfigKeys (ConfUtils.java:logGet(43)) - raft.server.log.segment.size.max = 1048576 (custom)
2019-09-27 21:17:43,808 [pool-429-thread-1] INFO  server.RaftServerConfigKeys (ConfUtils.java:logGet(43)) - raft.server.log.preallocated.size = 16384 (custom)
2019-09-27 21:17:43,808 [pool-429-thread-1] INFO  server.RaftServerConfigKeys (ConfUtils.java:logGet(43)) - raft.server.log.write.buffer.size = 33554432 (custom)
2019-09-27 21:17:43,808 [pool-429-thread-1] INFO  server.RaftServerConfigKeys (ConfUtils.java:logGet(43)) - raft.server.log.force.sync.num = 128 (default)
2019-09-27 21:17:43,808 [pool-429-thread-1] INFO  server.RaftServerConfigKeys (ConfUtils.java:logGet(43)) - raft.server.log.statemachine.data.sync = true (default)
2019-09-27 21:17:43,808 [pool-429-thread-1] INFO  server.RaftServerConfigKeys (ConfUtils.java:logGet(43)) - raft.server.log.statemachine.data.sync.timeout = 10s (default)
2019-09-27 21:17:43,808 [pool-429-thread-1] INFO  server.RaftServerConfigKeys (ConfUtils.java:logGet(43)) - raft.server.log.statemachine.data.sync.timeout.retry = -1 (default)
2019-09-27 21:17:43,808 [pool-429-thread-1] INFO  server.RaftServerConfigKeys (ConfUtils.java:logGet(43)) - raft.server.log.statemachine.data.caching.enabled = true (custom)
2019-09-27 21:17:43,808 [pool-429-thread-1] INFO  segmented.SegmentedRaftLogWorker (SegmentedRaftLogWorker.java:lambda$new$0(132)) - 8d84e925-5f92-47d9-8e30-963abaaefd00@group-284B6891D008-SegmentedRaftLogWorker: flushIndex: setUnconditionally 0 -> -1
2019-09-27 21:17:43,809 [pool-429-thread-1] INFO  server.RaftServerConfigKeys (ConfUtils.java:logGet(43)) - raft.server.snapshot.auto.trigger.enabled = true (custom)
2019-09-27 21:17:43,809 [pool-429-thread-1] INFO  server.RaftServerConfigKeys (ConfUtils.java:logGet(43)) - raft.server.snapshot.auto.trigger.threshold = 10000 (custom)
2019-09-27 21:17:43,809 [pool-429-thread-1] INFO  server.RaftServerConfigKeys (ConfUtils.java:logGet(43)) - raft.server.snapshot.retention.num.files = 5 (custom)
2019-09-27 21:17:43,809 [pool-429-thread-1] INFO  server.RaftServerConfigKeys (ConfUtils.java:logGet(43)) - raft.server.retrycache.expirytime = 600000ms (custom)
2019-09-27 21:17:43,810 [pool-429-thread-1] INFO  impl.RaftServerImpl (RaftServerImpl.java:start(185)) - 8d84e925-5f92-47d9-8e30-963abaaefd00@group-284B6891D008: start as a follower, conf=-1: [8d84e925-5f92-47d9-8e30-963abaaefd00:192.168.164.218:37501], old=null
2019-09-27 21:17:43,810 [pool-429-thread-1] INFO  impl.RaftServerImpl (RaftServerImpl.java:setRole(174)) - 8d84e925-5f92-47d9-8e30-963abaaefd00@group-284B6891D008: changes role from      null to FOLLOWER at term 0 for startAsFollower
2019-09-27 21:17:43,810 [pool-429-thread-1] INFO  impl.RoleInfo (RoleInfo.java:updateAndGet(143)) - 8d84e925-5f92-47d9-8e30-963abaaefd00: start FollowerState
2019-09-27 21:17:43,811 [pool-429-thread-1] INFO  util.JmxRegister (JmxRegister.java:tryRegister(44)) - Successfully registered JMX Bean with object name Ratis:service=RaftServer,group=group-284B6891D008,id=8d84e925-5f92-47d9-8e30-963abaaefd00
2019-09-27 21:17:43,815 [RatisPipelineUtilsThread] INFO  pipeline.PipelineStateManager (PipelineStateManager.java:addPipeline(56)) - Created pipeline Pipeline[ Id: 996802f1-3a7e-43e6-a8ad-284b6891d008, Nodes: 8d84e925-5f92-47d9-8e30-963abaaefd00{ip: 192.168.164.218, host: pr-hdds-1146-452xf-2747512450, networkLocation: /default-rack, certSerialId: null}, Type:RATIS, Factor:ONE, State:OPEN]
2019-09-27 21:17:43,825 [grpc-default-executor-7] INFO  impl.RaftServerProxy (RaftServerProxy.java:addNew(89)) - d8b95b00-da60-4d32-b98b-f7948dc8829f: addNew group-B42C5F12EB66:[d8b95b00-da60-4d32-b98b-f7948dc8829f:192.168.164.218:42452, 8d84e925-5f92-47d9-8e30-963abaaefd00:192.168.164.218:37501, 58a10920-990c-4d55-aea6-fc08cab808bc:192.168.164.218:40033] returns group-B42C5F12EB66:java.util.concurrent.CompletableFuture@59a5ed1[Not completed]
2019-09-27 21:17:43,825 [grpc-default-executor-9] INFO  impl.RaftServerProxy (RaftServerProxy.java:addNew(89)) - 58a10920-990c-4d55-aea6-fc08cab808bc: addNew group-B42C5F12EB66:[d8b95b00-da60-4d32-b98b-f7948dc8829f:192.168.164.218:42452, 8d84e925-5f92-47d9-8e30-963abaaefd00:192.168.164.218:37501, 58a10920-990c-4d55-aea6-fc08cab808bc:192.168.164.218:40033] returns group-B42C5F12EB66:java.util.concurrent.CompletableFuture@58ffc5f0[Not completed]
2019-09-27 21:17:43,826 [grpc-default-executor-9] INFO  impl.RaftServerProxy (RaftServerProxy.java:addNew(89)) - 8d84e925-5f92-47d9-8e30-963abaaefd00: addNew group-B42C5F12EB66:[d8b95b00-da60-4d32-b98b-f7948dc8829f:192.168.164.218:42452, 8d84e925-5f92-47d9-8e30-963abaaefd00:192.168.164.218:37501, 58a10920-990c-4d55-aea6-fc08cab808bc:192.168.164.218:40033] returns group-B42C5F12EB66:java.util.concurrent.CompletableFuture@4e2cc5dc[Not completed]
2019-09-27 21:17:43,826 [pool-409-thread-1] INFO  impl.RaftServerImpl (RaftServerImpl.java:<init>(95)) - d8b95b00-da60-4d32-b98b-f7948dc8829f: new RaftServerImpl for group-B42C5F12EB66:[d8b95b00-da60-4d32-b98b-f7948dc8829f:192.168.164.218:42452, 8d84e925-5f92-47d9-8e30-963abaaefd00:192.168.164.218:37501, 58a10920-990c-4d55-aea6-fc08cab808bc:192.168.164.218:40033] with ContainerStateMachine:uninitialized
2019-09-27 21:17:43,826 [pool-409-thread-1] INFO  server.RaftServerConfigKeys (ConfUtils.java:logGet(43)) - raft.server.rpc.timeout.min = 5s (custom)
2019-09-27 21:17:43,826 [pool-409-thread-1] INFO  server.RaftServerConfigKeys (ConfUtils.java:logGet(43)) - raft.server.rpc.timeout.max = 5200ms (custom)
2019-09-27 21:17:43,826 [pool-409-thread-1] INFO  server.RaftServerConfigKeys (ConfUtils.java:logGet(43)) - raft.server.rpcslowness.timeout = 120s (custom)
2019-09-27 21:17:43,826 [pool-429-thread-1] INFO  impl.RaftServerImpl (RaftServerImpl.java:<init>(95)) - 8d84e925-5f92-47d9-8e30-963abaaefd00: new RaftServerImpl for group-B42C5F12EB66:[d8b95b00-da60-4d32-b98b-f7948dc8829f:192.168.164.218:42452, 8d84e925-5f92-47d9-8e30-963abaaefd00:192.168.164.218:37501, 58a10920-990c-4d55-aea6-fc08cab808bc:192.168.164.218:40033] with ContainerStateMachine:uninitialized
2019-09-27 21:17:43,827 [pool-409-thread-1] INFO  server.RaftServerConfigKeys (ConfUtils.java:logGet(43)) - raft.server.sleep.deviation.threshold = 300 (default)
2019-09-27 21:17:43,827 [pool-429-thread-1] INFO  server.RaftServerConfigKeys (ConfUtils.java:logGet(43)) - raft.server.rpc.timeout.min = 5s (custom)
2019-09-27 21:17:43,827 [pool-409-thread-1] INFO  server.RaftServerConfigKeys (ConfUtils.java:logGet(43)) - raft.server.log.appender.install.snapshot.enabled = false (custom)
2019-09-27 21:17:43,827 [pool-429-thread-1] INFO  server.RaftServerConfigKeys (ConfUtils.java:logGet(43)) - raft.server.rpc.timeout.max = 5200ms (custom)
2019-09-27 21:17:43,827 [pool-419-thread-1] INFO  impl.RaftServerImpl (RaftServerImpl.java:<init>(95)) - 58a10920-990c-4d55-aea6-fc08cab808bc: new RaftServerImpl for group-B42C5F12EB66:[d8b95b00-da60-4d32-b98b-f7948dc8829f:192.168.164.218:42452, 8d84e925-5f92-47d9-8e30-963abaaefd00:192.168.164.218:37501, 58a10920-990c-4d55-aea6-fc08cab808bc:192.168.164.218:40033] with ContainerStateMachine:uninitialized
2019-09-27 21:17:43,827 [pool-409-thread-1] INFO  impl.RaftServerImpl (ServerState.java:<init>(103)) - d8b95b00-da60-4d32-b98b-f7948dc8829f@group-B42C5F12EB66: ConfigurationManager, init=-1: [d8b95b00-da60-4d32-b98b-f7948dc8829f:192.168.164.218:42452, 8d84e925-5f92-47d9-8e30-963abaaefd00:192.168.164.218:37501, 58a10920-990c-4d55-aea6-fc08cab808bc:192.168.164.218:40033], old=null, confs=<EMPTY_MAP>
2019-09-27 21:17:43,827 [pool-419-thread-1] INFO  server.RaftServerConfigKeys (ConfUtils.java:logGet(43)) - raft.server.rpc.timeout.min = 5s (custom)
2019-09-27 21:17:43,827 [pool-429-thread-1] INFO  server.RaftServerConfigKeys (ConfUtils.java:logGet(43)) - raft.server.rpcslowness.timeout = 120s (custom)
2019-09-27 21:17:43,827 [pool-419-thread-1] INFO  server.RaftServerConfigKeys (ConfUtils.java:logGet(43)) - raft.server.rpc.timeout.max = 5200ms (custom)
2019-09-27 21:17:43,827 [pool-409-thread-1] INFO  server.RaftServerConfigKeys (ConfUtils.java:logGet(43)) - raft.server.storage.dir = [/workdir/hadoop-ozone/integration-test/target/test-dir/MiniOzoneClusterImpl-117ebbbb-8886-40cd-9900-3c45df34c9b4/datanode-0/data/ratis] (custom)
2019-09-27 21:17:43,827 [pool-419-thread-1] INFO  server.RaftServerConfigKeys (ConfUtils.java:logGet(43)) - raft.server.rpcslowness.timeout = 120s (custom)
2019-09-27 21:17:43,827 [pool-429-thread-1] INFO  server.RaftServerConfigKeys (ConfUtils.java:logGet(43)) - raft.server.sleep.deviation.threshold = 300 (default)
2019-09-27 21:17:43,827 [pool-419-thread-1] INFO  server.RaftServerConfigKeys (ConfUtils.java:logGet(43)) - raft.server.sleep.deviation.threshold = 300 (default)
2019-09-27 21:17:43,828 [pool-409-thread-1] INFO  storage.RaftStorageDirectory (RaftStorageDirectory.java:analyzeStorage(246)) - The storage directory /workdir/hadoop-ozone/integration-test/target/test-dir/MiniOzoneClusterImpl-117ebbbb-8886-40cd-9900-3c45df34c9b4/datanode-0/data/ratis/a6d05b43-34e2-4fa1-b02e-b42c5f12eb66 does not exist. Creating ...
2019-09-27 21:17:43,828 [pool-429-thread-1] INFO  server.RaftServerConfigKeys (ConfUtils.java:logGet(43)) - raft.server.log.appender.install.snapshot.enabled = false (custom)
2019-09-27 21:17:43,828 [pool-419-thread-1] INFO  server.RaftServerConfigKeys (ConfUtils.java:logGet(43)) - raft.server.log.appender.install.snapshot.enabled = false (custom)
2019-09-27 21:17:43,828 [pool-429-thread-1] INFO  impl.RaftServerImpl (ServerState.java:<init>(103)) - 8d84e925-5f92-47d9-8e30-963abaaefd00@group-B42C5F12EB66: ConfigurationManager, init=-1: [d8b95b00-da60-4d32-b98b-f7948dc8829f:192.168.164.218:42452, 8d84e925-5f92-47d9-8e30-963abaaefd00:192.168.164.218:37501, 58a10920-990c-4d55-aea6-fc08cab808bc:192.168.164.218:40033], old=null, confs=<EMPTY_MAP>
2019-09-27 21:17:43,828 [pool-419-thread-1] INFO  impl.RaftServerImpl (ServerState.java:<init>(103)) - 58a10920-990c-4d55-aea6-fc08cab808bc@group-B42C5F12EB66: ConfigurationManager, init=-1: [d8b95b00-da60-4d32-b98b-f7948dc8829f:192.168.164.218:42452, 8d84e925-5f92-47d9-8e30-963abaaefd00:192.168.164.218:37501, 58a10920-990c-4d55-aea6-fc08cab808bc:192.168.164.218:40033], old=null, confs=<EMPTY_MAP>
2019-09-27 21:17:43,828 [pool-429-thread-1] INFO  server.RaftServerConfigKeys (ConfUtils.java:logGet(43)) - raft.server.storage.dir = [/workdir/hadoop-ozone/integration-test/target/test-dir/MiniOzoneClusterImpl-117ebbbb-8886-40cd-9900-3c45df34c9b4/datanode-2/data/ratis] (custom)
2019-09-27 21:17:43,828 [pool-419-thread-1] INFO  server.RaftServerConfigKeys (ConfUtils.java:logGet(43)) - raft.server.storage.dir = [/workdir/hadoop-ozone/integration-test/target/test-dir/MiniOzoneClusterImpl-117ebbbb-8886-40cd-9900-3c45df34c9b4/datanode-1/data/ratis] (custom)
2019-09-27 21:17:43,828 [pool-429-thread-1] INFO  storage.RaftStorageDirectory (RaftStorageDirectory.java:analyzeStorage(246)) - The storage directory /workdir/hadoop-ozone/integration-test/target/test-dir/MiniOzoneClusterImpl-117ebbbb-8886-40cd-9900-3c45df34c9b4/datanode-2/data/ratis/a6d05b43-34e2-4fa1-b02e-b42c5f12eb66 does not exist. Creating ...
2019-09-27 21:17:43,828 [pool-419-thread-1] INFO  storage.RaftStorageDirectory (RaftStorageDirectory.java:analyzeStorage(246)) - The storage directory /workdir/hadoop-ozone/integration-test/target/test-dir/MiniOzoneClusterImpl-117ebbbb-8886-40cd-9900-3c45df34c9b4/datanode-1/data/ratis/a6d05b43-34e2-4fa1-b02e-b42c5f12eb66 does not exist. Creating ...
2019-09-27 21:17:43,830 [IPC Server handler 1 on 35469] INFO  net.NetworkTopology (NetworkTopologyImpl.java:add(111)) - Added a new node: /default-rack/f7eefd9a-04f9-4cba-bddd-fa47b4b434ab
2019-09-27 21:17:43,830 [IPC Server handler 1 on 35469] INFO  node.SCMNodeManager (SCMNodeManager.java:register(266)) - Registered Data node : f7eefd9a-04f9-4cba-bddd-fa47b4b434ab{ip: 192.168.164.218, host: pr-hdds-1146-452xf-2747512450, networkLocation: /default-rack, certSerialId: null}
2019-09-27 21:17:43,841 [pool-429-thread-1] INFO  storage.RaftStorageDirectory (RaftStorageDirectory.java:tryLock(328)) - Lock on /workdir/hadoop-ozone/integration-test/target/test-dir/MiniOzoneClusterImpl-117ebbbb-8886-40cd-9900-3c45df34c9b4/datanode-2/data/ratis/a6d05b43-34e2-4fa1-b02e-b42c5f12eb66/in_use.lock acquired by nodename 9769@pr-hdds-1146-452xf-2747512450
2019-09-27 21:17:43,841 [pool-409-thread-1] INFO  storage.RaftStorageDirectory (RaftStorageDirectory.java:tryLock(328)) - Lock on /workdir/hadoop-ozone/integration-test/target/test-dir/MiniOzoneClusterImpl-117ebbbb-8886-40cd-9900-3c45df34c9b4/datanode-0/data/ratis/a6d05b43-34e2-4fa1-b02e-b42c5f12eb66/in_use.lock acquired by nodename 9769@pr-hdds-1146-452xf-2747512450
2019-09-27 21:17:43,841 [pool-419-thread-1] INFO  storage.RaftStorageDirectory (RaftStorageDirectory.java:tryLock(328)) - Lock on /workdir/hadoop-ozone/integration-test/target/test-dir/MiniOzoneClusterImpl-117ebbbb-8886-40cd-9900-3c45df34c9b4/datanode-1/data/ratis/a6d05b43-34e2-4fa1-b02e-b42c5f12eb66/in_use.lock acquired by nodename 9769@pr-hdds-1146-452xf-2747512450
2019-09-27 21:17:43,855 [pool-409-thread-1] INFO  storage.RaftStorage (RaftStorage.java:format(72)) - Storage directory /workdir/hadoop-ozone/integration-test/target/test-dir/MiniOzoneClusterImpl-117ebbbb-8886-40cd-9900-3c45df34c9b4/datanode-0/data/ratis/a6d05b43-34e2-4fa1-b02e-b42c5f12eb66 has been successfully formatted.
2019-09-27 21:17:43,855 [pool-419-thread-1] INFO  storage.RaftStorage (RaftStorage.java:format(72)) - Storage directory /workdir/hadoop-ozone/integration-test/target/test-dir/MiniOzoneClusterImpl-117ebbbb-8886-40cd-9900-3c45df34c9b4/datanode-1/data/ratis/a6d05b43-34e2-4fa1-b02e-b42c5f12eb66 has been successfully formatted.
2019-09-27 21:17:43,855 [pool-409-thread-1] INFO  ratis.ContainerStateMachine (ContainerStateMachine.java:loadSnapshot(230)) - group-B42C5F12EB66: The snapshot info is null. Setting the last applied indexto:(t:0, i:~)
2019-09-27 21:17:43,855 [pool-419-thread-1] INFO  ratis.ContainerStateMachine (ContainerStateMachine.java:loadSnapshot(230)) - group-B42C5F12EB66: The snapshot info is null. Setting the last applied indexto:(t:0, i:~)
2019-09-27 21:17:43,855 [pool-409-thread-1] INFO  server.RaftServerConfigKeys (ConfUtils.java:logGet(43)) - raft.server.notification.no-leader.timeout = 120s (custom)
2019-09-27 21:17:43,855 [pool-419-thread-1] INFO  server.RaftServerConfigKeys (ConfUtils.java:logGet(43)) - raft.server.notification.no-leader.timeout = 120s (custom)
2019-09-27 21:17:43,856 [pool-409-thread-1] INFO  server.RaftServerConfigKeys (ConfUtils.java:logGet(43)) - raft.server.log.use.memory = false (default)
2019-09-27 21:17:43,856 [pool-419-thread-1] INFO  server.RaftServerConfigKeys (ConfUtils.java:logGet(43)) - raft.server.log.use.memory = false (default)
2019-09-27 21:17:43,856 [pool-409-thread-1] INFO  server.RaftServerConfigKeys (ConfUtils.java:logGet(43)) - raft.server.log.purge.gap = 1000000 (custom)
2019-09-27 21:17:43,856 [pool-419-thread-1] INFO  server.RaftServerConfigKeys (ConfUtils.java:logGet(43)) - raft.server.log.purge.gap = 1000000 (custom)
2019-09-27 21:17:43,856 [pool-409-thread-1] INFO  server.RaftServerConfigKeys (ConfUtils.java:logGet(43)) - raft.server.log.appender.buffer.byte-limit = 33554432 (custom)
2019-09-27 21:17:43,856 [pool-429-thread-1] INFO  storage.RaftStorage (RaftStorage.java:format(72)) - Storage directory /workdir/hadoop-ozone/integration-test/target/test-dir/MiniOzoneClusterImpl-117ebbbb-8886-40cd-9900-3c45df34c9b4/datanode-2/data/ratis/a6d05b43-34e2-4fa1-b02e-b42c5f12eb66 has been successfully formatted.
2019-09-27 21:17:43,856 [pool-419-thread-1] INFO  server.RaftServerConfigKeys (ConfUtils.java:logGet(43)) - raft.server.log.appender.buffer.byte-limit = 33554432 (custom)
2019-09-27 21:17:43,856 [pool-409-thread-1] INFO  server.RaftServerConfigKeys (ConfUtils.java:logGet(43)) - raft.server.log.segment.size.max = 1048576 (custom)
2019-09-27 21:17:43,857 [pool-429-thread-1] INFO  ratis.ContainerStateMachine (ContainerStateMachine.java:loadSnapshot(230)) - group-B42C5F12EB66: The snapshot info is null. Setting the last applied indexto:(t:0, i:~)
2019-09-27 21:17:43,857 [pool-419-thread-1] INFO  server.RaftServerConfigKeys (ConfUtils.java:logGet(43)) - raft.server.log.segment.size.max = 1048576 (custom)
2019-09-27 21:17:43,857 [pool-429-thread-1] INFO  server.RaftServerConfigKeys (ConfUtils.java:logGet(43)) - raft.server.notification.no-leader.timeout = 120s (custom)
2019-09-27 21:17:43,857 [pool-409-thread-1] INFO  server.RaftServerConfigKeys (ConfUtils.java:logGet(43)) - raft.server.log.segment.cache.num.max = 2 (custom)
2019-09-27 21:17:43,857 [pool-429-thread-1] INFO  server.RaftServerConfigKeys (ConfUtils.java:logGet(43)) - raft.server.log.use.memory = false (default)
2019-09-27 21:17:43,857 [pool-419-thread-1] INFO  server.RaftServerConfigKeys (ConfUtils.java:logGet(43)) - raft.server.log.segment.cache.num.max = 2 (custom)
2019-09-27 21:17:43,858 [pool-429-thread-1] INFO  server.RaftServerConfigKeys (ConfUtils.java:logGet(43)) - raft.server.log.purge.gap = 1000000 (custom)
2019-09-27 21:17:43,857 [pool-409-thread-1] INFO  segmented.SegmentedRaftLogWorker (SegmentedRaftLogWorker.java:<init>(172)) - new d8b95b00-da60-4d32-b98b-f7948dc8829f@group-B42C5F12EB66-SegmentedRaftLogWorker for RaftStorage:Storage Directory /workdir/hadoop-ozone/integration-test/target/test-dir/MiniOzoneClusterImpl-117ebbbb-8886-40cd-9900-3c45df34c9b4/datanode-0/data/ratis/a6d05b43-34e2-4fa1-b02e-b42c5f12eb66
2019-09-27 21:17:43,858 [pool-429-thread-1] INFO  server.RaftServerConfigKeys (ConfUtils.java:logGet(43)) - raft.server.log.appender.buffer.byte-limit = 33554432 (custom)
2019-09-27 21:17:43,858 [pool-419-thread-1] INFO  segmented.SegmentedRaftLogWorker (SegmentedRaftLogWorker.java:<init>(172)) - new 58a10920-990c-4d55-aea6-fc08cab808bc@group-B42C5F12EB66-SegmentedRaftLogWorker for RaftStorage:Storage Directory /workdir/hadoop-ozone/integration-test/target/test-dir/MiniOzoneClusterImpl-117ebbbb-8886-40cd-9900-3c45df34c9b4/datanode-1/data/ratis/a6d05b43-34e2-4fa1-b02e-b42c5f12eb66
2019-09-27 21:17:43,858 [pool-429-thread-1] INFO  server.RaftServerConfigKeys (ConfUtils.java:logGet(43)) - raft.server.log.segment.size.max = 1048576 (custom)
2019-09-27 21:17:43,858 [pool-409-thread-1] INFO  server.RaftServerConfigKeys (ConfUtils.java:logGet(43)) - raft.server.log.queue.byte-limit = 2147483647 (custom)
2019-09-27 21:17:43,858 [pool-429-thread-1] INFO  server.RaftServerConfigKeys (ConfUtils.java:logGet(43)) - raft.server.log.segment.cache.num.max = 2 (custom)
2019-09-27 21:17:43,858 [pool-419-thread-1] INFO  server.RaftServerConfigKeys (ConfUtils.java:logGet(43)) - raft.server.log.queue.byte-limit = 2147483647 (custom)
2019-09-27 21:17:43,859 [pool-429-thread-1] INFO  segmented.SegmentedRaftLogWorker (SegmentedRaftLogWorker.java:<init>(172)) - new 8d84e925-5f92-47d9-8e30-963abaaefd00@group-B42C5F12EB66-SegmentedRaftLogWorker for RaftStorage:Storage Directory /workdir/hadoop-ozone/integration-test/target/test-dir/MiniOzoneClusterImpl-117ebbbb-8886-40cd-9900-3c45df34c9b4/datanode-2/data/ratis/a6d05b43-34e2-4fa1-b02e-b42c5f12eb66
2019-09-27 21:17:43,858 [pool-409-thread-1] INFO  server.RaftServerConfigKeys (ConfUtils.java:logGet(43)) - raft.server.log.queue.element-limit = 1024 (custom)
2019-09-27 21:17:43,859 [pool-429-thread-1] INFO  server.RaftServerConfigKeys (ConfUtils.java:logGet(43)) - raft.server.log.queue.byte-limit = 2147483647 (custom)
2019-09-27 21:17:43,859 [pool-419-thread-1] INFO  server.RaftServerConfigKeys (ConfUtils.java:logGet(43)) - raft.server.log.queue.element-limit = 1024 (custom)
2019-09-27 21:17:43,859 [pool-429-thread-1] INFO  server.RaftServerConfigKeys (ConfUtils.java:logGet(43)) - raft.server.log.queue.element-limit = 1024 (custom)
2019-09-27 21:17:43,859 [pool-409-thread-1] INFO  server.RaftServerConfigKeys (ConfUtils.java:logGet(43)) - raft.server.log.segment.size.max = 1048576 (custom)
2019-09-27 21:17:43,859 [pool-429-thread-1] INFO  server.RaftServerConfigKeys (ConfUtils.java:logGet(43)) - raft.server.log.segment.size.max = 1048576 (custom)
2019-09-27 21:17:43,859 [pool-429-thread-1] INFO  server.RaftServerConfigKeys (ConfUtils.java:logGet(43)) - raft.server.log.preallocated.size = 16384 (custom)
2019-09-27 21:17:43,859 [pool-419-thread-1] INFO  server.RaftServerConfigKeys (ConfUtils.java:logGet(43)) - raft.server.log.segment.size.max = 1048576 (custom)
2019-09-27 21:17:43,859 [pool-429-thread-1] INFO  server.RaftServerConfigKeys (ConfUtils.java:logGet(43)) - raft.server.log.write.buffer.size = 33554432 (custom)
2019-09-27 21:17:43,859 [pool-409-thread-1] INFO  server.RaftServerConfigKeys (ConfUtils.java:logGet(43)) - raft.server.log.preallocated.size = 16384 (custom)
2019-09-27 21:17:43,860 [pool-429-thread-1] INFO  server.RaftServerConfigKeys (ConfUtils.java:logGet(43)) - raft.server.log.force.sync.num = 128 (default)
2019-09-27 21:17:43,859 [pool-419-thread-1] INFO  server.RaftServerConfigKeys (ConfUtils.java:logGet(43)) - raft.server.log.preallocated.size = 16384 (custom)
2019-09-27 21:17:43,860 [pool-429-thread-1] INFO  server.RaftServerConfigKeys (ConfUtils.java:logGet(43)) - raft.server.log.statemachine.data.sync = true (default)
2019-09-27 21:17:43,860 [pool-409-thread-1] INFO  server.RaftServerConfigKeys (ConfUtils.java:logGet(43)) - raft.server.log.write.buffer.size = 33554432 (custom)
2019-09-27 21:17:43,860 [pool-429-thread-1] INFO  server.RaftServerConfigKeys (ConfUtils.java:logGet(43)) - raft.server.log.statemachine.data.sync.timeout = 10s (default)
2019-09-27 21:17:43,860 [pool-419-thread-1] INFO  server.RaftServerConfigKeys (ConfUtils.java:logGet(43)) - raft.server.log.write.buffer.size = 33554432 (custom)
2019-09-27 21:17:43,860 [pool-429-thread-1] INFO  server.RaftServerConfigKeys (ConfUtils.java:logGet(43)) - raft.server.log.statemachine.data.sync.timeout.retry = -1 (default)
2019-09-27 21:17:43,860 [pool-409-thread-1] INFO  server.RaftServerConfigKeys (ConfUtils.java:logGet(43)) - raft.server.log.force.sync.num = 128 (default)
2019-09-27 21:17:43,860 [pool-429-thread-1] INFO  server.RaftServerConfigKeys (ConfUtils.java:logGet(43)) - raft.server.log.statemachine.data.caching.enabled = true (custom)
2019-09-27 21:17:43,860 [pool-419-thread-1] INFO  server.RaftServerConfigKeys (ConfUtils.java:logGet(43)) - raft.server.log.force.sync.num = 128 (default)
2019-09-27 21:17:43,860 [pool-409-thread-1] INFO  server.RaftServerConfigKeys (ConfUtils.java:logGet(43)) - raft.server.log.statemachine.data.sync = true (default)
2019-09-27 21:17:43,861 [pool-429-thread-1] INFO  segmented.SegmentedRaftLogWorker (SegmentedRaftLogWorker.java:lambda$new$0(132)) - 8d84e925-5f92-47d9-8e30-963abaaefd00@group-B42C5F12EB66-SegmentedRaftLogWorker: flushIndex: setUnconditionally 0 -> -1
2019-09-27 21:17:43,861 [pool-419-thread-1] INFO  server.RaftServerConfigKeys (ConfUtils.java:logGet(43)) - raft.server.log.statemachine.data.sync = true (default)
2019-09-27 21:17:43,861 [pool-409-thread-1] INFO  server.RaftServerConfigKeys (ConfUtils.java:logGet(43)) - raft.server.log.statemachine.data.sync.timeout = 10s (default)
2019-09-27 21:17:43,861 [pool-429-thread-1] INFO  server.RaftServerConfigKeys (ConfUtils.java:logGet(43)) - raft.server.snapshot.auto.trigger.enabled = true (custom)
2019-09-27 21:17:43,861 [pool-419-thread-1] INFO  server.RaftServerConfigKeys (ConfUtils.java:logGet(43)) - raft.server.log.statemachine.data.sync.timeout = 10s (default)
2019-09-27 21:17:43,861 [pool-429-thread-1] INFO  server.RaftServerConfigKeys (ConfUtils.java:logGet(43)) - raft.server.snapshot.auto.trigger.threshold = 10000 (custom)
2019-09-27 21:17:43,861 [pool-409-thread-1] INFO  server.RaftServerConfigKeys (ConfUtils.java:logGet(43)) - raft.server.log.statemachine.data.sync.timeout.retry = -1 (default)
2019-09-27 21:17:43,861 [pool-429-thread-1] INFO  server.RaftServerConfigKeys (ConfUtils.java:logGet(43)) - raft.server.snapshot.retention.num.files = 5 (custom)
2019-09-27 21:17:43,861 [pool-419-thread-1] INFO  server.RaftServerConfigKeys (ConfUtils.java:logGet(43)) - raft.server.log.statemachine.data.sync.timeout.retry = -1 (default)
2019-09-27 21:17:43,861 [pool-429-thread-1] INFO  server.RaftServerConfigKeys (ConfUtils.java:logGet(43)) - raft.server.retrycache.expirytime = 600000ms (custom)
2019-09-27 21:17:43,861 [pool-409-thread-1] INFO  server.RaftServerConfigKeys (ConfUtils.java:logGet(43)) - raft.server.log.statemachine.data.caching.enabled = true (custom)
2019-09-27 21:17:43,861 [pool-419-thread-1] INFO  server.RaftServerConfigKeys (ConfUtils.java:logGet(43)) - raft.server.log.statemachine.data.caching.enabled = true (custom)
2019-09-27 21:17:43,862 [pool-419-thread-1] INFO  segmented.SegmentedRaftLogWorker (SegmentedRaftLogWorker.java:lambda$new$0(132)) - 58a10920-990c-4d55-aea6-fc08cab808bc@group-B42C5F12EB66-SegmentedRaftLogWorker: flushIndex: setUnconditionally 0 -> -1
2019-09-27 21:17:43,862 [pool-419-thread-1] INFO  server.RaftServerConfigKeys (ConfUtils.java:logGet(43)) - raft.server.snapshot.auto.trigger.enabled = true (custom)
2019-09-27 21:17:43,862 [pool-409-thread-1] INFO  segmented.SegmentedRaftLogWorker (SegmentedRaftLogWorker.java:lambda$new$0(132)) - d8b95b00-da60-4d32-b98b-f7948dc8829f@group-B42C5F12EB66-SegmentedRaftLogWorker: flushIndex: setUnconditionally 0 -> -1
2019-09-27 21:17:43,862 [pool-419-thread-1] INFO  server.RaftServerConfigKeys (ConfUtils.java:logGet(43)) - raft.server.snapshot.auto.trigger.threshold = 10000 (custom)
2019-09-27 21:17:43,863 [pool-419-thread-1] INFO  server.RaftServerConfigKeys (ConfUtils.java:logGet(43)) - raft.server.snapshot.retention.num.files = 5 (custom)
2019-09-27 21:17:43,863 [pool-409-thread-1] INFO  server.RaftServerConfigKeys (ConfUtils.java:logGet(43)) - raft.server.snapshot.auto.trigger.enabled = true (custom)
2019-09-27 21:17:43,863 [pool-419-thread-1] INFO  server.RaftServerConfigKeys (ConfUtils.java:logGet(43)) - raft.server.retrycache.expirytime = 600000ms (custom)
2019-09-27 21:17:43,863 [pool-409-thread-1] INFO  server.RaftServerConfigKeys (ConfUtils.java:logGet(43)) - raft.server.snapshot.auto.trigger.threshold = 10000 (custom)
2019-09-27 21:17:43,863 [pool-429-thread-1] INFO  impl.RaftServerImpl (RaftServerImpl.java:start(185)) - 8d84e925-5f92-47d9-8e30-963abaaefd00@group-B42C5F12EB66: start as a follower, conf=-1: [d8b95b00-da60-4d32-b98b-f7948dc8829f:192.168.164.218:42452, 8d84e925-5f92-47d9-8e30-963abaaefd00:192.168.164.218:37501, 58a10920-990c-4d55-aea6-fc08cab808bc:192.168.164.218:40033], old=null
2019-09-27 21:17:43,863 [pool-409-thread-1] INFO  server.RaftServerConfigKeys (ConfUtils.java:logGet(43)) - raft.server.snapshot.retention.num.files = 5 (custom)
2019-09-27 21:17:43,863 [pool-429-thread-1] INFO  impl.RaftServerImpl (RaftServerImpl.java:setRole(174)) - 8d84e925-5f92-47d9-8e30-963abaaefd00@group-B42C5F12EB66: changes role from      null to FOLLOWER at term 0 for startAsFollower
2019-09-27 21:17:43,863 [pool-409-thread-1] INFO  server.RaftServerConfigKeys (ConfUtils.java:logGet(43)) - raft.server.retrycache.expirytime = 600000ms (custom)
2019-09-27 21:17:43,863 [pool-429-thread-1] INFO  impl.RoleInfo (RoleInfo.java:updateAndGet(143)) - 8d84e925-5f92-47d9-8e30-963abaaefd00: start FollowerState
2019-09-27 21:17:43,864 [pool-429-thread-1] INFO  util.JmxRegister (JmxRegister.java:tryRegister(44)) - Successfully registered JMX Bean with object name Ratis:service=RaftServer,group=group-B42C5F12EB66,id=8d84e925-5f92-47d9-8e30-963abaaefd00
2019-09-27 21:17:43,868 [pool-419-thread-1] INFO  impl.RaftServerImpl (RaftServerImpl.java:start(185)) - 58a10920-990c-4d55-aea6-fc08cab808bc@group-B42C5F12EB66: start as a follower, conf=-1: [d8b95b00-da60-4d32-b98b-f7948dc8829f:192.168.164.218:42452, 8d84e925-5f92-47d9-8e30-963abaaefd00:192.168.164.218:37501, 58a10920-990c-4d55-aea6-fc08cab808bc:192.168.164.218:40033], old=null
2019-09-27 21:17:43,868 [pool-409-thread-1] INFO  impl.RaftServerImpl (RaftServerImpl.java:start(185)) - d8b95b00-da60-4d32-b98b-f7948dc8829f@group-B42C5F12EB66: start as a follower, conf=-1: [d8b95b00-da60-4d32-b98b-f7948dc8829f:192.168.164.218:42452, 8d84e925-5f92-47d9-8e30-963abaaefd00:192.168.164.218:37501, 58a10920-990c-4d55-aea6-fc08cab808bc:192.168.164.218:40033], old=null
2019-09-27 21:17:43,868 [pool-419-thread-1] INFO  impl.RaftServerImpl (RaftServerImpl.java:setRole(174)) - 58a10920-990c-4d55-aea6-fc08cab808bc@group-B42C5F12EB66: changes role from      null to FOLLOWER at term 0 for startAsFollower
2019-09-27 21:17:43,868 [pool-409-thread-1] INFO  impl.RaftServerImpl (RaftServerImpl.java:setRole(174)) - d8b95b00-da60-4d32-b98b-f7948dc8829f@group-B42C5F12EB66: changes role from      null to FOLLOWER at term 0 for startAsFollower
2019-09-27 21:17:43,869 [pool-419-thread-1] INFO  impl.RoleInfo (RoleInfo.java:updateAndGet(143)) - 58a10920-990c-4d55-aea6-fc08cab808bc: start FollowerState
2019-09-27 21:17:43,869 [pool-409-thread-1] INFO  impl.RoleInfo (RoleInfo.java:updateAndGet(143)) - d8b95b00-da60-4d32-b98b-f7948dc8829f: start FollowerState
2019-09-27 21:17:43,869 [pool-419-thread-1] INFO  util.JmxRegister (JmxRegister.java:tryRegister(44)) - Successfully registered JMX Bean with object name Ratis:service=RaftServer,group=group-B42C5F12EB66,id=58a10920-990c-4d55-aea6-fc08cab808bc
2019-09-27 21:17:43,869 [pool-409-thread-1] INFO  util.JmxRegister (JmxRegister.java:tryRegister(44)) - Successfully registered JMX Bean with object name Ratis:service=RaftServer,group=group-B42C5F12EB66,id=d8b95b00-da60-4d32-b98b-f7948dc8829f
2019-09-27 21:17:43,875 [RatisPipelineUtilsThread] INFO  pipeline.PipelineStateManager (PipelineStateManager.java:addPipeline(56)) - Created pipeline Pipeline[ Id: a6d05b43-34e2-4fa1-b02e-b42c5f12eb66, Nodes: 58a10920-990c-4d55-aea6-fc08cab808bc{ip: 192.168.164.218, host: pr-hdds-1146-452xf-2747512450, networkLocation: /default-rack, certSerialId: null}d8b95b00-da60-4d32-b98b-f7948dc8829f{ip: 192.168.164.218, host: pr-hdds-1146-452xf-2747512450, networkLocation: /default-rack, certSerialId: null}8d84e925-5f92-47d9-8e30-963abaaefd00{ip: 192.168.164.218, host: pr-hdds-1146-452xf-2747512450, networkLocation: /default-rack, certSerialId: null}, Type:RATIS, Factor:THREE, State:OPEN]
2019-09-27 21:17:43,890 [IPC Server handler 6 on 35469] INFO  net.NetworkTopology (NetworkTopologyImpl.java:add(111)) - Added a new node: /default-rack/57d09827-5544-4e5d-8dd0-03e3d4a416e4
2019-09-27 21:17:43,890 [IPC Server handler 6 on 35469] INFO  node.SCMNodeManager (SCMNodeManager.java:register(266)) - Registered Data node : 57d09827-5544-4e5d-8dd0-03e3d4a416e4{ip: 192.168.164.218, host: pr-hdds-1146-452xf-2747512450, networkLocation: /default-rack, certSerialId: null}
2019-09-27 21:17:43,894 [grpc-default-executor-9] INFO  impl.RaftServerProxy (RaftServerProxy.java:addNew(89)) - f7eefd9a-04f9-4cba-bddd-fa47b4b434ab: addNew group-E8D44BBC9841:[f7eefd9a-04f9-4cba-bddd-fa47b4b434ab:192.168.164.218:34960] returns group-E8D44BBC9841:java.util.concurrent.CompletableFuture@2b8e717b[Not completed]
2019-09-27 21:17:43,897 [pool-439-thread-1] INFO  impl.RaftServerImpl (RaftServerImpl.java:<init>(95)) - f7eefd9a-04f9-4cba-bddd-fa47b4b434ab: new RaftServerImpl for group-E8D44BBC9841:[f7eefd9a-04f9-4cba-bddd-fa47b4b434ab:192.168.164.218:34960] with ContainerStateMachine:uninitialized
2019-09-27 21:17:43,897 [pool-439-thread-1] INFO  server.RaftServerConfigKeys (ConfUtils.java:logGet(43)) - raft.server.rpc.timeout.min = 5s (custom)
2019-09-27 21:17:43,897 [pool-439-thread-1] INFO  server.RaftServerConfigKeys (ConfUtils.java:logGet(43)) - raft.server.rpc.timeout.max = 5200ms (custom)
2019-09-27 21:17:43,898 [pool-439-thread-1] INFO  server.RaftServerConfigKeys (ConfUtils.java:logGet(43)) - raft.server.rpcslowness.timeout = 120s (custom)
2019-09-27 21:17:43,898 [pool-439-thread-1] INFO  server.RaftServerConfigKeys (ConfUtils.java:logGet(43)) - raft.server.sleep.deviation.threshold = 300 (default)
2019-09-27 21:17:43,898 [pool-439-thread-1] INFO  server.RaftServerConfigKeys (ConfUtils.java:logGet(43)) - raft.server.log.appender.install.snapshot.enabled = false (custom)
2019-09-27 21:17:43,898 [pool-439-thread-1] INFO  impl.RaftServerImpl (ServerState.java:<init>(103)) - f7eefd9a-04f9-4cba-bddd-fa47b4b434ab@group-E8D44BBC9841: ConfigurationManager, init=-1: [f7eefd9a-04f9-4cba-bddd-fa47b4b434ab:192.168.164.218:34960], old=null, confs=<EMPTY_MAP>
2019-09-27 21:17:43,898 [pool-439-thread-1] INFO  server.RaftServerConfigKeys (ConfUtils.java:logGet(43)) - raft.server.storage.dir = [/workdir/hadoop-ozone/integration-test/target/test-dir/MiniOzoneClusterImpl-117ebbbb-8886-40cd-9900-3c45df34c9b4/datanode-3/data/ratis] (custom)
2019-09-27 21:17:43,898 [pool-439-thread-1] INFO  storage.RaftStorageDirectory (RaftStorageDirectory.java:analyzeStorage(246)) - The storage directory /workdir/hadoop-ozone/integration-test/target/test-dir/MiniOzoneClusterImpl-117ebbbb-8886-40cd-9900-3c45df34c9b4/datanode-3/data/ratis/889b92a2-ea87-4f68-bec2-e8d44bbc9841 does not exist. Creating ...
2019-09-27 21:17:43,911 [pool-439-thread-1] INFO  storage.RaftStorageDirectory (RaftStorageDirectory.java:tryLock(328)) - Lock on /workdir/hadoop-ozone/integration-test/target/test-dir/MiniOzoneClusterImpl-117ebbbb-8886-40cd-9900-3c45df34c9b4/datanode-3/data/ratis/889b92a2-ea87-4f68-bec2-e8d44bbc9841/in_use.lock acquired by nodename 9769@pr-hdds-1146-452xf-2747512450
2019-09-27 21:17:43,939 [pool-439-thread-1] INFO  storage.RaftStorage (RaftStorage.java:format(72)) - Storage directory /workdir/hadoop-ozone/integration-test/target/test-dir/MiniOzoneClusterImpl-117ebbbb-8886-40cd-9900-3c45df34c9b4/datanode-3/data/ratis/889b92a2-ea87-4f68-bec2-e8d44bbc9841 has been successfully formatted.
2019-09-27 21:17:43,939 [pool-439-thread-1] INFO  ratis.ContainerStateMachine (ContainerStateMachine.java:loadSnapshot(230)) - group-E8D44BBC9841: The snapshot info is null. Setting the last applied indexto:(t:0, i:~)
2019-09-27 21:17:43,939 [pool-439-thread-1] INFO  server.RaftServerConfigKeys (ConfUtils.java:logGet(43)) - raft.server.notification.no-leader.timeout = 120s (custom)
2019-09-27 21:17:43,940 [pool-439-thread-1] INFO  server.RaftServerConfigKeys (ConfUtils.java:logGet(43)) - raft.server.log.use.memory = false (default)
2019-09-27 21:17:43,940 [pool-439-thread-1] INFO  server.RaftServerConfigKeys (ConfUtils.java:logGet(43)) - raft.server.log.purge.gap = 1000000 (custom)
2019-09-27 21:17:43,940 [pool-439-thread-1] INFO  server.RaftServerConfigKeys (ConfUtils.java:logGet(43)) - raft.server.log.appender.buffer.byte-limit = 33554432 (custom)
2019-09-27 21:17:43,940 [pool-439-thread-1] INFO  server.RaftServerConfigKeys (ConfUtils.java:logGet(43)) - raft.server.log.segment.size.max = 1048576 (custom)
2019-09-27 21:17:43,940 [pool-439-thread-1] INFO  server.RaftServerConfigKeys (ConfUtils.java:logGet(43)) - raft.server.log.segment.cache.num.max = 2 (custom)
2019-09-27 21:17:43,940 [pool-439-thread-1] INFO  segmented.SegmentedRaftLogWorker (SegmentedRaftLogWorker.java:<init>(172)) - new f7eefd9a-04f9-4cba-bddd-fa47b4b434ab@group-E8D44BBC9841-SegmentedRaftLogWorker for RaftStorage:Storage Directory /workdir/hadoop-ozone/integration-test/target/test-dir/MiniOzoneClusterImpl-117ebbbb-8886-40cd-9900-3c45df34c9b4/datanode-3/data/ratis/889b92a2-ea87-4f68-bec2-e8d44bbc9841
2019-09-27 21:17:43,941 [pool-439-thread-1] INFO  server.RaftServerConfigKeys (ConfUtils.java:logGet(43)) - raft.server.log.queue.byte-limit = 2147483647 (custom)
2019-09-27 21:17:43,941 [pool-439-thread-1] INFO  server.RaftServerConfigKeys (ConfUtils.java:logGet(43)) - raft.server.log.queue.element-limit = 1024 (custom)
2019-09-27 21:17:43,942 [pool-439-thread-1] INFO  server.RaftServerConfigKeys (ConfUtils.java:logGet(43)) - raft.server.log.segment.size.max = 1048576 (custom)
2019-09-27 21:17:43,942 [pool-439-thread-1] INFO  server.RaftServerConfigKeys (ConfUtils.java:logGet(43)) - raft.server.log.preallocated.size = 16384 (custom)
2019-09-27 21:17:43,942 [pool-439-thread-1] INFO  server.RaftServerConfigKeys (ConfUtils.java:logGet(43)) - raft.server.log.write.buffer.size = 33554432 (custom)
2019-09-27 21:17:43,942 [pool-439-thread-1] INFO  server.RaftServerConfigKeys (ConfUtils.java:logGet(43)) - raft.server.log.force.sync.num = 128 (default)
2019-09-27 21:17:43,942 [pool-439-thread-1] INFO  server.RaftServerConfigKeys (ConfUtils.java:logGet(43)) - raft.server.log.statemachine.data.sync = true (default)
2019-09-27 21:17:43,942 [pool-439-thread-1] INFO  server.RaftServerConfigKeys (ConfUtils.java:logGet(43)) - raft.server.log.statemachine.data.sync.timeout = 10s (default)
2019-09-27 21:17:43,942 [pool-439-thread-1] INFO  server.RaftServerConfigKeys (ConfUtils.java:logGet(43)) - raft.server.log.statemachine.data.sync.timeout.retry = -1 (default)
2019-09-27 21:17:43,942 [pool-439-thread-1] INFO  server.RaftServerConfigKeys (ConfUtils.java:logGet(43)) - raft.server.log.statemachine.data.caching.enabled = true (custom)
2019-09-27 21:17:43,943 [pool-439-thread-1] INFO  segmented.SegmentedRaftLogWorker (SegmentedRaftLogWorker.java:lambda$new$0(132)) - f7eefd9a-04f9-4cba-bddd-fa47b4b434ab@group-E8D44BBC9841-SegmentedRaftLogWorker: flushIndex: setUnconditionally 0 -> -1
2019-09-27 21:17:43,943 [pool-439-thread-1] INFO  server.RaftServerConfigKeys (ConfUtils.java:logGet(43)) - raft.server.snapshot.auto.trigger.enabled = true (custom)
2019-09-27 21:17:43,943 [pool-439-thread-1] INFO  server.RaftServerConfigKeys (ConfUtils.java:logGet(43)) - raft.server.snapshot.auto.trigger.threshold = 10000 (custom)
2019-09-27 21:17:43,943 [pool-439-thread-1] INFO  server.RaftServerConfigKeys (ConfUtils.java:logGet(43)) - raft.server.snapshot.retention.num.files = 5 (custom)
2019-09-27 21:17:43,943 [pool-439-thread-1] INFO  server.RaftServerConfigKeys (ConfUtils.java:logGet(43)) - raft.server.retrycache.expirytime = 600000ms (custom)
2019-09-27 21:17:43,944 [pool-439-thread-1] INFO  impl.RaftServerImpl (RaftServerImpl.java:start(185)) - f7eefd9a-04f9-4cba-bddd-fa47b4b434ab@group-E8D44BBC9841: start as a follower, conf=-1: [f7eefd9a-04f9-4cba-bddd-fa47b4b434ab:192.168.164.218:34960], old=null
2019-09-27 21:17:43,944 [pool-439-thread-1] INFO  impl.RaftServerImpl (RaftServerImpl.java:setRole(174)) - f7eefd9a-04f9-4cba-bddd-fa47b4b434ab@group-E8D44BBC9841: changes role from      null to FOLLOWER at term 0 for startAsFollower
2019-09-27 21:17:43,944 [pool-439-thread-1] INFO  impl.RoleInfo (RoleInfo.java:updateAndGet(143)) - f7eefd9a-04f9-4cba-bddd-fa47b4b434ab: start FollowerState
2019-09-27 21:17:43,952 [pool-439-thread-1] INFO  util.JmxRegister (JmxRegister.java:tryRegister(44)) - Successfully registered JMX Bean with object name Ratis:service=RaftServer,group=group-E8D44BBC9841,id=f7eefd9a-04f9-4cba-bddd-fa47b4b434ab
2019-09-27 21:17:43,959 [IPC Server handler 8 on 35469] INFO  net.NetworkTopology (NetworkTopologyImpl.java:add(111)) - Added a new node: /default-rack/5bb6ddff-d9e4-48cd-b3b7-ec149b329306
2019-09-27 21:17:43,961 [IPC Server handler 8 on 35469] INFO  node.SCMNodeManager (SCMNodeManager.java:register(266)) - Registered Data node : 5bb6ddff-d9e4-48cd-b3b7-ec149b329306{ip: 192.168.164.218, host: pr-hdds-1146-452xf-2747512450, networkLocation: /default-rack, certSerialId: null}
2019-09-27 21:17:43,962 [RatisPipelineUtilsThread] INFO  pipeline.PipelineStateManager (PipelineStateManager.java:addPipeline(56)) - Created pipeline Pipeline[ Id: 889b92a2-ea87-4f68-bec2-e8d44bbc9841, Nodes: f7eefd9a-04f9-4cba-bddd-fa47b4b434ab{ip: 192.168.164.218, host: pr-hdds-1146-452xf-2747512450, networkLocation: /default-rack, certSerialId: null}, Type:RATIS, Factor:ONE, State:OPEN]
2019-09-27 21:17:43,967 [grpc-default-executor-9] INFO  impl.RaftServerProxy (RaftServerProxy.java:addNew(89)) - 5bb6ddff-d9e4-48cd-b3b7-ec149b329306: addNew group-AEC5F2FE0696:[5bb6ddff-d9e4-48cd-b3b7-ec149b329306:192.168.164.218:45930] returns group-AEC5F2FE0696:java.util.concurrent.CompletableFuture@308ad348[Not completed]
2019-09-27 21:17:43,968 [pool-459-thread-1] INFO  impl.RaftServerImpl (RaftServerImpl.java:<init>(95)) - 5bb6ddff-d9e4-48cd-b3b7-ec149b329306: new RaftServerImpl for group-AEC5F2FE0696:[5bb6ddff-d9e4-48cd-b3b7-ec149b329306:192.168.164.218:45930] with ContainerStateMachine:uninitialized
2019-09-27 21:17:43,968 [pool-459-thread-1] INFO  server.RaftServerConfigKeys (ConfUtils.java:logGet(43)) - raft.server.rpc.timeout.min = 5s (custom)
2019-09-27 21:17:43,969 [pool-459-thread-1] INFO  server.RaftServerConfigKeys (ConfUtils.java:logGet(43)) - raft.server.rpc.timeout.max = 5200ms (custom)
2019-09-27 21:17:43,969 [pool-459-thread-1] INFO  server.RaftServerConfigKeys (ConfUtils.java:logGet(43)) - raft.server.rpcslowness.timeout = 120s (custom)
2019-09-27 21:17:43,969 [pool-459-thread-1] INFO  server.RaftServerConfigKeys (ConfUtils.java:logGet(43)) - raft.server.sleep.deviation.threshold = 300 (default)
2019-09-27 21:17:43,969 [pool-459-thread-1] INFO  server.RaftServerConfigKeys (ConfUtils.java:logGet(43)) - raft.server.log.appender.install.snapshot.enabled = false (custom)
2019-09-27 21:17:43,969 [pool-459-thread-1] INFO  impl.RaftServerImpl (ServerState.java:<init>(103)) - 5bb6ddff-d9e4-48cd-b3b7-ec149b329306@group-AEC5F2FE0696: ConfigurationManager, init=-1: [5bb6ddff-d9e4-48cd-b3b7-ec149b329306:192.168.164.218:45930], old=null, confs=<EMPTY_MAP>
2019-09-27 21:17:43,969 [pool-459-thread-1] INFO  server.RaftServerConfigKeys (ConfUtils.java:logGet(43)) - raft.server.storage.dir = [/workdir/hadoop-ozone/integration-test/target/test-dir/MiniOzoneClusterImpl-117ebbbb-8886-40cd-9900-3c45df34c9b4/datanode-5/data/ratis] (custom)
2019-09-27 21:17:43,969 [pool-459-thread-1] INFO  storage.RaftStorageDirectory (RaftStorageDirectory.java:analyzeStorage(246)) - The storage directory /workdir/hadoop-ozone/integration-test/target/test-dir/MiniOzoneClusterImpl-117ebbbb-8886-40cd-9900-3c45df34c9b4/datanode-5/data/ratis/a9325ae0-1279-437b-9ae9-aec5f2fe0696 does not exist. Creating ...
2019-09-27 21:17:43,982 [pool-459-thread-1] INFO  storage.RaftStorageDirectory (RaftStorageDirectory.java:tryLock(328)) - Lock on /workdir/hadoop-ozone/integration-test/target/test-dir/MiniOzoneClusterImpl-117ebbbb-8886-40cd-9900-3c45df34c9b4/datanode-5/data/ratis/a9325ae0-1279-437b-9ae9-aec5f2fe0696/in_use.lock acquired by nodename 9769@pr-hdds-1146-452xf-2747512450
2019-09-27 21:17:43,996 [pool-459-thread-1] INFO  storage.RaftStorage (RaftStorage.java:format(72)) - Storage directory /workdir/hadoop-ozone/integration-test/target/test-dir/MiniOzoneClusterImpl-117ebbbb-8886-40cd-9900-3c45df34c9b4/datanode-5/data/ratis/a9325ae0-1279-437b-9ae9-aec5f2fe0696 has been successfully formatted.
2019-09-27 21:17:43,996 [pool-459-thread-1] INFO  ratis.ContainerStateMachine (ContainerStateMachine.java:loadSnapshot(230)) - group-AEC5F2FE0696: The snapshot info is null. Setting the last applied indexto:(t:0, i:~)
2019-09-27 21:17:43,996 [pool-459-thread-1] INFO  server.RaftServerConfigKeys (ConfUtils.java:logGet(43)) - raft.server.notification.no-leader.timeout = 120s (custom)
2019-09-27 21:17:43,996 [pool-459-thread-1] INFO  server.RaftServerConfigKeys (ConfUtils.java:logGet(43)) - raft.server.log.use.memory = false (default)
2019-09-27 21:17:43,997 [pool-459-thread-1] INFO  server.RaftServerConfigKeys (ConfUtils.java:logGet(43)) - raft.server.log.purge.gap = 1000000 (custom)
2019-09-27 21:17:43,997 [pool-459-thread-1] INFO  server.RaftServerConfigKeys (ConfUtils.java:logGet(43)) - raft.server.log.appender.buffer.byte-limit = 33554432 (custom)
2019-09-27 21:17:43,997 [pool-459-thread-1] INFO  server.RaftServerConfigKeys (ConfUtils.java:logGet(43)) - raft.server.log.segment.size.max = 1048576 (custom)
2019-09-27 21:17:43,997 [pool-459-thread-1] INFO  server.RaftServerConfigKeys (ConfUtils.java:logGet(43)) - raft.server.log.segment.cache.num.max = 2 (custom)
2019-09-27 21:17:43,997 [pool-459-thread-1] INFO  segmented.SegmentedRaftLogWorker (SegmentedRaftLogWorker.java:<init>(172)) - new 5bb6ddff-d9e4-48cd-b3b7-ec149b329306@group-AEC5F2FE0696-SegmentedRaftLogWorker for RaftStorage:Storage Directory /workdir/hadoop-ozone/integration-test/target/test-dir/MiniOzoneClusterImpl-117ebbbb-8886-40cd-9900-3c45df34c9b4/datanode-5/data/ratis/a9325ae0-1279-437b-9ae9-aec5f2fe0696
2019-09-27 21:17:43,998 [pool-459-thread-1] INFO  server.RaftServerConfigKeys (ConfUtils.java:logGet(43)) - raft.server.log.queue.byte-limit = 2147483647 (custom)
2019-09-27 21:17:43,998 [pool-459-thread-1] INFO  server.RaftServerConfigKeys (ConfUtils.java:logGet(43)) - raft.server.log.queue.element-limit = 1024 (custom)
2019-09-27 21:17:43,998 [pool-459-thread-1] INFO  server.RaftServerConfigKeys (ConfUtils.java:logGet(43)) - raft.server.log.segment.size.max = 1048576 (custom)
2019-09-27 21:17:43,998 [pool-459-thread-1] INFO  server.RaftServerConfigKeys (ConfUtils.java:logGet(43)) - raft.server.log.preallocated.size = 16384 (custom)
2019-09-27 21:17:43,998 [pool-459-thread-1] INFO  server.RaftServerConfigKeys (ConfUtils.java:logGet(43)) - raft.server.log.write.buffer.size = 33554432 (custom)
2019-09-27 21:17:43,998 [pool-459-thread-1] INFO  server.RaftServerConfigKeys (ConfUtils.java:logGet(43)) - raft.server.log.force.sync.num = 128 (default)
2019-09-27 21:17:43,998 [pool-459-thread-1] INFO  server.RaftServerConfigKeys (ConfUtils.java:logGet(43)) - raft.server.log.statemachine.data.sync = true (default)
2019-09-27 21:17:43,999 [pool-459-thread-1] INFO  server.RaftServerConfigKeys (ConfUtils.java:logGet(43)) - raft.server.log.statemachine.data.sync.timeout = 10s (default)
2019-09-27 21:17:43,999 [pool-459-thread-1] INFO  server.RaftServerConfigKeys (ConfUtils.java:logGet(43)) - raft.server.log.statemachine.data.sync.timeout.retry = -1 (default)
2019-09-27 21:17:43,999 [pool-459-thread-1] INFO  server.RaftServerConfigKeys (ConfUtils.java:logGet(43)) - raft.server.log.statemachine.data.caching.enabled = true (custom)
2019-09-27 21:17:43,999 [pool-459-thread-1] INFO  segmented.SegmentedRaftLogWorker (SegmentedRaftLogWorker.java:lambda$new$0(132)) - 5bb6ddff-d9e4-48cd-b3b7-ec149b329306@group-AEC5F2FE0696-SegmentedRaftLogWorker: flushIndex: setUnconditionally 0 -> -1
2019-09-27 21:17:43,999 [pool-459-thread-1] INFO  server.RaftServerConfigKeys (ConfUtils.java:logGet(43)) - raft.server.snapshot.auto.trigger.enabled = true (custom)
2019-09-27 21:17:43,999 [pool-459-thread-1] INFO  server.RaftServerConfigKeys (ConfUtils.java:logGet(43)) - raft.server.snapshot.auto.trigger.threshold = 10000 (custom)
2019-09-27 21:17:43,999 [pool-459-thread-1] INFO  server.RaftServerConfigKeys (ConfUtils.java:logGet(43)) - raft.server.snapshot.retention.num.files = 5 (custom)
2019-09-27 21:17:43,999 [pool-459-thread-1] INFO  server.RaftServerConfigKeys (ConfUtils.java:logGet(43)) - raft.server.retrycache.expirytime = 600000ms (custom)
2019-09-27 21:17:44,001 [pool-459-thread-1] INFO  impl.RaftServerImpl (RaftServerImpl.java:start(185)) - 5bb6ddff-d9e4-48cd-b3b7-ec149b329306@group-AEC5F2FE0696: start as a follower, conf=-1: [5bb6ddff-d9e4-48cd-b3b7-ec149b329306:192.168.164.218:45930], old=null
2019-09-27 21:17:44,001 [pool-459-thread-1] INFO  impl.RaftServerImpl (RaftServerImpl.java:setRole(174)) - 5bb6ddff-d9e4-48cd-b3b7-ec149b329306@group-AEC5F2FE0696: changes role from      null to FOLLOWER at term 0 for startAsFollower
2019-09-27 21:17:44,001 [pool-459-thread-1] INFO  impl.RoleInfo (RoleInfo.java:updateAndGet(143)) - 5bb6ddff-d9e4-48cd-b3b7-ec149b329306: start FollowerState
2019-09-27 21:17:44,001 [pool-459-thread-1] INFO  util.JmxRegister (JmxRegister.java:tryRegister(44)) - Successfully registered JMX Bean with object name Ratis:service=RaftServer,group=group-AEC5F2FE0696,id=5bb6ddff-d9e4-48cd-b3b7-ec149b329306
2019-09-27 21:17:44,005 [RatisPipelineUtilsThread] INFO  pipeline.PipelineStateManager (PipelineStateManager.java:addPipeline(56)) - Created pipeline Pipeline[ Id: a9325ae0-1279-437b-9ae9-aec5f2fe0696, Nodes: 5bb6ddff-d9e4-48cd-b3b7-ec149b329306{ip: 192.168.164.218, host: pr-hdds-1146-452xf-2747512450, networkLocation: /default-rack, certSerialId: null}, Type:RATIS, Factor:ONE, State:OPEN]
2019-09-27 21:17:44,010 [grpc-default-executor-9] INFO  impl.RaftServerProxy (RaftServerProxy.java:addNew(89)) - 57d09827-5544-4e5d-8dd0-03e3d4a416e4: addNew group-0D7AF10B2DA8:[57d09827-5544-4e5d-8dd0-03e3d4a416e4:192.168.164.218:41723] returns group-0D7AF10B2DA8:java.util.concurrent.CompletableFuture@282b4854[Not completed]
2019-09-27 21:17:44,010 [main] INFO  ozone.MiniOzoneClusterImpl (MiniOzoneClusterImpl.java:lambda$waitForClusterToBeReady$0(147)) - Cluster is ready. Got 7 of 7 DN Heartbeats.
2019-09-27 21:17:44,010 [IPC Server handler 19 on 35469] INFO  net.NetworkTopology (NetworkTopologyImpl.java:add(111)) - Added a new node: /default-rack/38b583e9-922a-4b96-9717-3a961b28fd9e
2019-09-27 21:17:44,010 [IPC Server handler 19 on 35469] INFO  node.SCMNodeManager (SCMNodeManager.java:register(266)) - Registered Data node : 38b583e9-922a-4b96-9717-3a961b28fd9e{ip: 192.168.164.218, host: pr-hdds-1146-452xf-2747512450, networkLocation: /default-rack, certSerialId: null}
2019-09-27 21:17:44,012 [pool-449-thread-1] INFO  impl.RaftServerImpl (RaftServerImpl.java:<init>(95)) - 57d09827-5544-4e5d-8dd0-03e3d4a416e4: new RaftServerImpl for group-0D7AF10B2DA8:[57d09827-5544-4e5d-8dd0-03e3d4a416e4:192.168.164.218:41723] with ContainerStateMachine:uninitialized
2019-09-27 21:17:44,012 [pool-449-thread-1] INFO  server.RaftServerConfigKeys (ConfUtils.java:logGet(43)) - raft.server.rpc.timeout.min = 5s (custom)
2019-09-27 21:17:44,012 [pool-449-thread-1] INFO  server.RaftServerConfigKeys (ConfUtils.java:logGet(43)) - raft.server.rpc.timeout.max = 5200ms (custom)
2019-09-27 21:17:44,012 [pool-449-thread-1] INFO  server.RaftServerConfigKeys (ConfUtils.java:logGet(43)) - raft.server.rpcslowness.timeout = 120s (custom)
2019-09-27 21:17:44,012 [pool-449-thread-1] INFO  server.RaftServerConfigKeys (ConfUtils.java:logGet(43)) - raft.server.sleep.deviation.threshold = 300 (default)
2019-09-27 21:17:44,012 [pool-449-thread-1] INFO  server.RaftServerConfigKeys (ConfUtils.java:logGet(43)) - raft.server.log.appender.install.snapshot.enabled = false (custom)
2019-09-27 21:17:44,013 [pool-449-thread-1] INFO  impl.RaftServerImpl (ServerState.java:<init>(103)) - 57d09827-5544-4e5d-8dd0-03e3d4a416e4@group-0D7AF10B2DA8: ConfigurationManager, init=-1: [57d09827-5544-4e5d-8dd0-03e3d4a416e4:192.168.164.218:41723], old=null, confs=<EMPTY_MAP>
2019-09-27 21:17:44,013 [pool-449-thread-1] INFO  server.RaftServerConfigKeys (ConfUtils.java:logGet(43)) - raft.server.storage.dir = [/workdir/hadoop-ozone/integration-test/target/test-dir/MiniOzoneClusterImpl-117ebbbb-8886-40cd-9900-3c45df34c9b4/datanode-4/data/ratis] (custom)
2019-09-27 21:17:44,018 [pool-449-thread-1] INFO  storage.RaftStorageDirectory (RaftStorageDirectory.java:analyzeStorage(246)) - The storage directory /workdir/hadoop-ozone/integration-test/target/test-dir/MiniOzoneClusterImpl-117ebbbb-8886-40cd-9900-3c45df34c9b4/datanode-4/data/ratis/fc1611c8-a970-4518-be1c-0d7af10b2da8 does not exist. Creating ...
2019-09-27 21:17:44,036 [pool-449-thread-1] INFO  storage.RaftStorageDirectory (RaftStorageDirectory.java:tryLock(328)) - Lock on /workdir/hadoop-ozone/integration-test/target/test-dir/MiniOzoneClusterImpl-117ebbbb-8886-40cd-9900-3c45df34c9b4/datanode-4/data/ratis/fc1611c8-a970-4518-be1c-0d7af10b2da8/in_use.lock acquired by nodename 9769@pr-hdds-1146-452xf-2747512450
2019-09-27 21:17:44,042 [main] INFO  rpc.RpcClient (RpcClient.java:createVolume(276)) - Creating Volume: testblockoutputstream, with jenkins1000 as owner.
2019-09-27 21:17:44,045 [IPC Server handler 2 on 33016] INFO  volume.OMVolumeCreateRequest (OMVolumeCreateRequest.java:validateAndUpdateCache(194)) - created volume:testblockoutputstream for user:jenkins1000
2019-09-27 21:17:44,049 [pool-449-thread-1] INFO  storage.RaftStorage (RaftStorage.java:format(72)) - Storage directory /workdir/hadoop-ozone/integration-test/target/test-dir/MiniOzoneClusterImpl-117ebbbb-8886-40cd-9900-3c45df34c9b4/datanode-4/data/ratis/fc1611c8-a970-4518-be1c-0d7af10b2da8 has been successfully formatted.
2019-09-27 21:17:44,055 [pool-449-thread-1] INFO  ratis.ContainerStateMachine (ContainerStateMachine.java:loadSnapshot(230)) - group-0D7AF10B2DA8: The snapshot info is null. Setting the last applied indexto:(t:0, i:~)
2019-09-27 21:17:44,055 [pool-449-thread-1] INFO  server.RaftServerConfigKeys (ConfUtils.java:logGet(43)) - raft.server.notification.no-leader.timeout = 120s (custom)
2019-09-27 21:17:44,055 [main] INFO  rpc.RpcClient (RpcClient.java:createBucket(415)) - Creating Bucket: testblockoutputstream/testblockoutputstream, with Versioning false and Storage Type set to DISK and Encryption set to false 
2019-09-27 21:17:44,055 [pool-449-thread-1] INFO  server.RaftServerConfigKeys (ConfUtils.java:logGet(43)) - raft.server.log.use.memory = false (default)
2019-09-27 21:17:44,056 [pool-449-thread-1] INFO  server.RaftServerConfigKeys (ConfUtils.java:logGet(43)) - raft.server.log.purge.gap = 1000000 (custom)
2019-09-27 21:17:44,056 [pool-449-thread-1] INFO  server.RaftServerConfigKeys (ConfUtils.java:logGet(43)) - raft.server.log.appender.buffer.byte-limit = 33554432 (custom)
2019-09-27 21:17:44,056 [pool-449-thread-1] INFO  server.RaftServerConfigKeys (ConfUtils.java:logGet(43)) - raft.server.log.segment.size.max = 1048576 (custom)
2019-09-27 21:17:44,056 [pool-449-thread-1] INFO  server.RaftServerConfigKeys (ConfUtils.java:logGet(43)) - raft.server.log.segment.cache.num.max = 2 (custom)
2019-09-27 21:17:44,056 [pool-449-thread-1] INFO  segmented.SegmentedRaftLogWorker (SegmentedRaftLogWorker.java:<init>(172)) - new 57d09827-5544-4e5d-8dd0-03e3d4a416e4@group-0D7AF10B2DA8-SegmentedRaftLogWorker for RaftStorage:Storage Directory /workdir/hadoop-ozone/integration-test/target/test-dir/MiniOzoneClusterImpl-117ebbbb-8886-40cd-9900-3c45df34c9b4/datanode-4/data/ratis/fc1611c8-a970-4518-be1c-0d7af10b2da8
2019-09-27 21:17:44,059 [pool-449-thread-1] INFO  server.RaftServerConfigKeys (ConfUtils.java:logGet(43)) - raft.server.log.queue.byte-limit = 2147483647 (custom)
2019-09-27 21:17:44,059 [pool-449-thread-1] INFO  server.RaftServerConfigKeys (ConfUtils.java:logGet(43)) - raft.server.log.queue.element-limit = 1024 (custom)
2019-09-27 21:17:44,060 [pool-449-thread-1] INFO  server.RaftServerConfigKeys (ConfUtils.java:logGet(43)) - raft.server.log.segment.size.max = 1048576 (custom)
2019-09-27 21:17:44,060 [pool-449-thread-1] INFO  server.RaftServerConfigKeys (ConfUtils.java:logGet(43)) - raft.server.log.preallocated.size = 16384 (custom)
2019-09-27 21:17:44,060 [pool-449-thread-1] INFO  server.RaftServerConfigKeys (ConfUtils.java:logGet(43)) - raft.server.log.write.buffer.size = 33554432 (custom)
2019-09-27 21:17:44,060 [pool-449-thread-1] INFO  server.RaftServerConfigKeys (ConfUtils.java:logGet(43)) - raft.server.log.force.sync.num = 128 (default)
2019-09-27 21:17:44,060 [pool-449-thread-1] INFO  server.RaftServerConfigKeys (ConfUtils.java:logGet(43)) - raft.server.log.statemachine.data.sync = true (default)
2019-09-27 21:17:44,060 [pool-449-thread-1] INFO  server.RaftServerConfigKeys (ConfUtils.java:logGet(43)) - raft.server.log.statemachine.data.sync.timeout = 10s (default)
2019-09-27 21:17:44,060 [pool-449-thread-1] INFO  server.RaftServerConfigKeys (ConfUtils.java:logGet(43)) - raft.server.log.statemachine.data.sync.timeout.retry = -1 (default)
2019-09-27 21:17:44,060 [pool-449-thread-1] INFO  server.RaftServerConfigKeys (ConfUtils.java:logGet(43)) - raft.server.log.statemachine.data.caching.enabled = true (custom)
2019-09-27 21:17:44,061 [pool-449-thread-1] INFO  segmented.SegmentedRaftLogWorker (SegmentedRaftLogWorker.java:lambda$new$0(132)) - 57d09827-5544-4e5d-8dd0-03e3d4a416e4@group-0D7AF10B2DA8-SegmentedRaftLogWorker: flushIndex: setUnconditionally 0 -> -1
2019-09-27 21:17:44,061 [pool-449-thread-1] INFO  server.RaftServerConfigKeys (ConfUtils.java:logGet(43)) - raft.server.snapshot.auto.trigger.enabled = true (custom)
2019-09-27 21:17:44,061 [pool-449-thread-1] INFO  server.RaftServerConfigKeys (ConfUtils.java:logGet(43)) - raft.server.snapshot.auto.trigger.threshold = 10000 (custom)
2019-09-27 21:17:44,061 [pool-449-thread-1] INFO  server.RaftServerConfigKeys (ConfUtils.java:logGet(43)) - raft.server.snapshot.retention.num.files = 5 (custom)
2019-09-27 21:17:44,061 [pool-449-thread-1] INFO  server.RaftServerConfigKeys (ConfUtils.java:logGet(43)) - raft.server.retrycache.expirytime = 600000ms (custom)
2019-09-27 21:17:44,065 [pool-449-thread-1] INFO  impl.RaftServerImpl (RaftServerImpl.java:start(185)) - 57d09827-5544-4e5d-8dd0-03e3d4a416e4@group-0D7AF10B2DA8: start as a follower, conf=-1: [57d09827-5544-4e5d-8dd0-03e3d4a416e4:192.168.164.218:41723], old=null
2019-09-27 21:17:44,065 [pool-449-thread-1] INFO  impl.RaftServerImpl (RaftServerImpl.java:setRole(174)) - 57d09827-5544-4e5d-8dd0-03e3d4a416e4@group-0D7AF10B2DA8: changes role from      null to FOLLOWER at term 0 for startAsFollower
2019-09-27 21:17:44,065 [pool-449-thread-1] INFO  impl.RoleInfo (RoleInfo.java:updateAndGet(143)) - 57d09827-5544-4e5d-8dd0-03e3d4a416e4: start FollowerState
2019-09-27 21:17:44,065 [pool-449-thread-1] INFO  util.JmxRegister (JmxRegister.java:tryRegister(44)) - Successfully registered JMX Bean with object name Ratis:service=RaftServer,group=group-0D7AF10B2DA8,id=57d09827-5544-4e5d-8dd0-03e3d4a416e4
2019-09-27 21:17:44,069 [RatisPipelineUtilsThread] INFO  pipeline.PipelineStateManager (PipelineStateManager.java:addPipeline(56)) - Created pipeline Pipeline[ Id: fc1611c8-a970-4518-be1c-0d7af10b2da8, Nodes: 57d09827-5544-4e5d-8dd0-03e3d4a416e4{ip: 192.168.164.218, host: pr-hdds-1146-452xf-2747512450, networkLocation: /default-rack, certSerialId: null}, Type:RATIS, Factor:ONE, State:OPEN]
2019-09-27 21:17:44,073 [grpc-default-executor-9] INFO  impl.RaftServerProxy (RaftServerProxy.java:addNew(89)) - 38b583e9-922a-4b96-9717-3a961b28fd9e: addNew group-EFA0B93F7599:[38b583e9-922a-4b96-9717-3a961b28fd9e:192.168.164.218:39886] returns group-EFA0B93F7599:java.util.concurrent.CompletableFuture@3858ca3c[Not completed]
2019-09-27 21:17:44,074 [pool-469-thread-1] INFO  impl.RaftServerImpl (RaftServerImpl.java:<init>(95)) - 38b583e9-922a-4b96-9717-3a961b28fd9e: new RaftServerImpl for group-EFA0B93F7599:[38b583e9-922a-4b96-9717-3a961b28fd9e:192.168.164.218:39886] with ContainerStateMachine:uninitialized
2019-09-27 21:17:44,074 [pool-469-thread-1] INFO  server.RaftServerConfigKeys (ConfUtils.java:logGet(43)) - raft.server.rpc.timeout.min = 5s (custom)
2019-09-27 21:17:44,074 [pool-469-thread-1] INFO  server.RaftServerConfigKeys (ConfUtils.java:logGet(43)) - raft.server.rpc.timeout.max = 5200ms (custom)
2019-09-27 21:17:44,074 [pool-469-thread-1] INFO  server.RaftServerConfigKeys (ConfUtils.java:logGet(43)) - raft.server.rpcslowness.timeout = 120s (custom)
2019-09-27 21:17:44,074 [pool-469-thread-1] INFO  server.RaftServerConfigKeys (ConfUtils.java:logGet(43)) - raft.server.sleep.deviation.threshold = 300 (default)
2019-09-27 21:17:44,074 [pool-469-thread-1] INFO  server.RaftServerConfigKeys (ConfUtils.java:logGet(43)) - raft.server.log.appender.install.snapshot.enabled = false (custom)
2019-09-27 21:17:44,075 [pool-469-thread-1] INFO  impl.RaftServerImpl (ServerState.java:<init>(103)) - 38b583e9-922a-4b96-9717-3a961b28fd9e@group-EFA0B93F7599: ConfigurationManager, init=-1: [38b583e9-922a-4b96-9717-3a961b28fd9e:192.168.164.218:39886], old=null, confs=<EMPTY_MAP>
2019-09-27 21:17:44,075 [pool-469-thread-1] INFO  server.RaftServerConfigKeys (ConfUtils.java:logGet(43)) - raft.server.storage.dir = [/workdir/hadoop-ozone/integration-test/target/test-dir/MiniOzoneClusterImpl-117ebbbb-8886-40cd-9900-3c45df34c9b4/datanode-6/data/ratis] (custom)
2019-09-27 21:17:44,075 [pool-469-thread-1] INFO  storage.RaftStorageDirectory (RaftStorageDirectory.java:analyzeStorage(246)) - The storage directory /workdir/hadoop-ozone/integration-test/target/test-dir/MiniOzoneClusterImpl-117ebbbb-8886-40cd-9900-3c45df34c9b4/datanode-6/data/ratis/86c3444e-b4f7-445d-8fc4-efa0b93f7599 does not exist. Creating ...
2019-09-27 21:17:44,088 [pool-469-thread-1] INFO  storage.RaftStorageDirectory (RaftStorageDirectory.java:tryLock(328)) - Lock on /workdir/hadoop-ozone/integration-test/target/test-dir/MiniOzoneClusterImpl-117ebbbb-8886-40cd-9900-3c45df34c9b4/datanode-6/data/ratis/86c3444e-b4f7-445d-8fc4-efa0b93f7599/in_use.lock acquired by nodename 9769@pr-hdds-1146-452xf-2747512450
2019-09-27 21:17:44,100 [pool-469-thread-1] INFO  storage.RaftStorage (RaftStorage.java:format(72)) - Storage directory /workdir/hadoop-ozone/integration-test/target/test-dir/MiniOzoneClusterImpl-117ebbbb-8886-40cd-9900-3c45df34c9b4/datanode-6/data/ratis/86c3444e-b4f7-445d-8fc4-efa0b93f7599 has been successfully formatted.
2019-09-27 21:17:44,101 [pool-469-thread-1] INFO  ratis.ContainerStateMachine (ContainerStateMachine.java:loadSnapshot(230)) - group-EFA0B93F7599: The snapshot info is null. Setting the last applied indexto:(t:0, i:~)
2019-09-27 21:17:44,101 [pool-469-thread-1] INFO  server.RaftServerConfigKeys (ConfUtils.java:logGet(43)) - raft.server.notification.no-leader.timeout = 120s (custom)
2019-09-27 21:17:44,101 [pool-469-thread-1] INFO  server.RaftServerConfigKeys (ConfUtils.java:logGet(43)) - raft.server.log.use.memory = false (default)
2019-09-27 21:17:44,101 [pool-469-thread-1] INFO  server.RaftServerConfigKeys (ConfUtils.java:logGet(43)) - raft.server.log.purge.gap = 1000000 (custom)
2019-09-27 21:17:44,101 [pool-469-thread-1] INFO  server.RaftServerConfigKeys (ConfUtils.java:logGet(43)) - raft.server.log.appender.buffer.byte-limit = 33554432 (custom)
2019-09-27 21:17:44,101 [pool-469-thread-1] INFO  server.RaftServerConfigKeys (ConfUtils.java:logGet(43)) - raft.server.log.segment.size.max = 1048576 (custom)
2019-09-27 21:17:44,101 [pool-469-thread-1] INFO  server.RaftServerConfigKeys (ConfUtils.java:logGet(43)) - raft.server.log.segment.cache.num.max = 2 (custom)
2019-09-27 21:17:44,101 [pool-469-thread-1] INFO  segmented.SegmentedRaftLogWorker (SegmentedRaftLogWorker.java:<init>(172)) - new 38b583e9-922a-4b96-9717-3a961b28fd9e@group-EFA0B93F7599-SegmentedRaftLogWorker for RaftStorage:Storage Directory /workdir/hadoop-ozone/integration-test/target/test-dir/MiniOzoneClusterImpl-117ebbbb-8886-40cd-9900-3c45df34c9b4/datanode-6/data/ratis/86c3444e-b4f7-445d-8fc4-efa0b93f7599
2019-09-27 21:17:44,102 [pool-469-thread-1] INFO  server.RaftServerConfigKeys (ConfUtils.java:logGet(43)) - raft.server.log.queue.byte-limit = 2147483647 (custom)
2019-09-27 21:17:44,102 [pool-469-thread-1] INFO  server.RaftServerConfigKeys (ConfUtils.java:logGet(43)) - raft.server.log.queue.element-limit = 1024 (custom)
2019-09-27 21:17:44,102 [pool-469-thread-1] INFO  server.RaftServerConfigKeys (ConfUtils.java:logGet(43)) - raft.server.log.segment.size.max = 1048576 (custom)
2019-09-27 21:17:44,102 [pool-469-thread-1] INFO  server.RaftServerConfigKeys (ConfUtils.java:logGet(43)) - raft.server.log.preallocated.size = 16384 (custom)
2019-09-27 21:17:44,103 [pool-469-thread-1] INFO  server.RaftServerConfigKeys (ConfUtils.java:logGet(43)) - raft.server.log.write.buffer.size = 33554432 (custom)
2019-09-27 21:17:44,103 [pool-469-thread-1] INFO  server.RaftServerConfigKeys (ConfUtils.java:logGet(43)) - raft.server.log.force.sync.num = 128 (default)
2019-09-27 21:17:44,103 [pool-469-thread-1] INFO  server.RaftServerConfigKeys (ConfUtils.java:logGet(43)) - raft.server.log.statemachine.data.sync = true (default)
2019-09-27 21:17:44,103 [pool-469-thread-1] INFO  server.RaftServerConfigKeys (ConfUtils.java:logGet(43)) - raft.server.log.statemachine.data.sync.timeout = 10s (default)
2019-09-27 21:17:44,103 [pool-469-thread-1] INFO  server.RaftServerConfigKeys (ConfUtils.java:logGet(43)) - raft.server.log.statemachine.data.sync.timeout.retry = -1 (default)
2019-09-27 21:17:44,103 [pool-469-thread-1] INFO  server.RaftServerConfigKeys (ConfUtils.java:logGet(43)) - raft.server.log.statemachine.data.caching.enabled = true (custom)
2019-09-27 21:17:44,103 [pool-469-thread-1] INFO  segmented.SegmentedRaftLogWorker (SegmentedRaftLogWorker.java:lambda$new$0(132)) - 38b583e9-922a-4b96-9717-3a961b28fd9e@group-EFA0B93F7599-SegmentedRaftLogWorker: flushIndex: setUnconditionally 0 -> -1
2019-09-27 21:17:44,103 [pool-469-thread-1] INFO  server.RaftServerConfigKeys (ConfUtils.java:logGet(43)) - raft.server.snapshot.auto.trigger.enabled = true (custom)
2019-09-27 21:17:44,103 [pool-469-thread-1] INFO  server.RaftServerConfigKeys (ConfUtils.java:logGet(43)) - raft.server.snapshot.auto.trigger.threshold = 10000 (custom)
2019-09-27 21:17:44,104 [pool-469-thread-1] INFO  server.RaftServerConfigKeys (ConfUtils.java:logGet(43)) - raft.server.snapshot.retention.num.files = 5 (custom)
2019-09-27 21:17:44,104 [pool-469-thread-1] INFO  server.RaftServerConfigKeys (ConfUtils.java:logGet(43)) - raft.server.retrycache.expirytime = 600000ms (custom)
2019-09-27 21:17:44,105 [pool-469-thread-1] INFO  impl.RaftServerImpl (RaftServerImpl.java:start(185)) - 38b583e9-922a-4b96-9717-3a961b28fd9e@group-EFA0B93F7599: start as a follower, conf=-1: [38b583e9-922a-4b96-9717-3a961b28fd9e:192.168.164.218:39886], old=null
2019-09-27 21:17:44,105 [pool-469-thread-1] INFO  impl.RaftServerImpl (RaftServerImpl.java:setRole(174)) - 38b583e9-922a-4b96-9717-3a961b28fd9e@group-EFA0B93F7599: changes role from      null to FOLLOWER at term 0 for startAsFollower
2019-09-27 21:17:44,105 [pool-469-thread-1] INFO  impl.RoleInfo (RoleInfo.java:updateAndGet(143)) - 38b583e9-922a-4b96-9717-3a961b28fd9e: start FollowerState
2019-09-27 21:17:44,105 [pool-469-thread-1] INFO  util.JmxRegister (JmxRegister.java:tryRegister(44)) - Successfully registered JMX Bean with object name Ratis:service=RaftServer,group=group-EFA0B93F7599,id=38b583e9-922a-4b96-9717-3a961b28fd9e
2019-09-27 21:17:44,109 [RatisPipelineUtilsThread] INFO  pipeline.PipelineStateManager (PipelineStateManager.java:addPipeline(56)) - Created pipeline Pipeline[ Id: 86c3444e-b4f7-445d-8fc4-efa0b93f7599, Nodes: 38b583e9-922a-4b96-9717-3a961b28fd9e{ip: 192.168.164.218, host: pr-hdds-1146-452xf-2747512450, networkLocation: /default-rack, certSerialId: null}, Type:RATIS, Factor:ONE, State:OPEN]
2019-09-27 21:17:44,117 [grpc-default-executor-9] INFO  impl.RaftServerProxy (RaftServerProxy.java:addNew(89)) - 5bb6ddff-d9e4-48cd-b3b7-ec149b329306: addNew group-C0027C2CA8B7:[5bb6ddff-d9e4-48cd-b3b7-ec149b329306:192.168.164.218:45930, f7eefd9a-04f9-4cba-bddd-fa47b4b434ab:192.168.164.218:34960, 38b583e9-922a-4b96-9717-3a961b28fd9e:192.168.164.218:39886] returns group-C0027C2CA8B7:java.util.concurrent.CompletableFuture@588220c0[Not completed]
2019-09-27 21:17:44,117 [grpc-default-executor-7] INFO  impl.RaftServerProxy (RaftServerProxy.java:addNew(89)) - 38b583e9-922a-4b96-9717-3a961b28fd9e: addNew group-C0027C2CA8B7:[5bb6ddff-d9e4-48cd-b3b7-ec149b329306:192.168.164.218:45930, f7eefd9a-04f9-4cba-bddd-fa47b4b434ab:192.168.164.218:34960, 38b583e9-922a-4b96-9717-3a961b28fd9e:192.168.164.218:39886] returns group-C0027C2CA8B7:java.util.concurrent.CompletableFuture@67a2e8fe[Not completed]
2019-09-27 21:17:44,118 [grpc-default-executor-7] INFO  impl.RaftServerProxy (RaftServerProxy.java:addNew(89)) - f7eefd9a-04f9-4cba-bddd-fa47b4b434ab: addNew group-C0027C2CA8B7:[5bb6ddff-d9e4-48cd-b3b7-ec149b329306:192.168.164.218:45930, f7eefd9a-04f9-4cba-bddd-fa47b4b434ab:192.168.164.218:34960, 38b583e9-922a-4b96-9717-3a961b28fd9e:192.168.164.218:39886] returns group-C0027C2CA8B7:java.util.concurrent.CompletableFuture@582c6e3[Not completed]
2019-09-27 21:17:44,118 [pool-459-thread-1] INFO  impl.RaftServerImpl (RaftServerImpl.java:<init>(95)) - 5bb6ddff-d9e4-48cd-b3b7-ec149b329306: new RaftServerImpl for group-C0027C2CA8B7:[5bb6ddff-d9e4-48cd-b3b7-ec149b329306:192.168.164.218:45930, f7eefd9a-04f9-4cba-bddd-fa47b4b434ab:192.168.164.218:34960, 38b583e9-922a-4b96-9717-3a961b28fd9e:192.168.164.218:39886] with ContainerStateMachine:uninitialized
2019-09-27 21:17:44,118 [pool-459-thread-1] INFO  server.RaftServerConfigKeys (ConfUtils.java:logGet(43)) - raft.server.rpc.timeout.min = 5s (custom)
2019-09-27 21:17:44,118 [pool-459-thread-1] INFO  server.RaftServerConfigKeys (ConfUtils.java:logGet(43)) - raft.server.rpc.timeout.max = 5200ms (custom)
2019-09-27 21:17:44,118 [pool-459-thread-1] INFO  server.RaftServerConfigKeys (ConfUtils.java:logGet(43)) - raft.server.rpcslowness.timeout = 120s (custom)
2019-09-27 21:17:44,119 [pool-459-thread-1] INFO  server.RaftServerConfigKeys (ConfUtils.java:logGet(43)) - raft.server.sleep.deviation.threshold = 300 (default)
2019-09-27 21:17:44,119 [pool-439-thread-1] INFO  impl.RaftServerImpl (RaftServerImpl.java:<init>(95)) - f7eefd9a-04f9-4cba-bddd-fa47b4b434ab: new RaftServerImpl for group-C0027C2CA8B7:[5bb6ddff-d9e4-48cd-b3b7-ec149b329306:192.168.164.218:45930, f7eefd9a-04f9-4cba-bddd-fa47b4b434ab:192.168.164.218:34960, 38b583e9-922a-4b96-9717-3a961b28fd9e:192.168.164.218:39886] with ContainerStateMachine:uninitialized
2019-09-27 21:17:44,119 [pool-459-thread-1] INFO  server.RaftServerConfigKeys (ConfUtils.java:logGet(43)) - raft.server.log.appender.install.snapshot.enabled = false (custom)
2019-09-27 21:17:44,119 [pool-439-thread-1] INFO  server.RaftServerConfigKeys (ConfUtils.java:logGet(43)) - raft.server.rpc.timeout.min = 5s (custom)
2019-09-27 21:17:44,119 [pool-459-thread-1] INFO  impl.RaftServerImpl (ServerState.java:<init>(103)) - 5bb6ddff-d9e4-48cd-b3b7-ec149b329306@group-C0027C2CA8B7: ConfigurationManager, init=-1: [5bb6ddff-d9e4-48cd-b3b7-ec149b329306:192.168.164.218:45930, f7eefd9a-04f9-4cba-bddd-fa47b4b434ab:192.168.164.218:34960, 38b583e9-922a-4b96-9717-3a961b28fd9e:192.168.164.218:39886], old=null, confs=<EMPTY_MAP>
2019-09-27 21:17:44,119 [pool-469-thread-1] INFO  impl.RaftServerImpl (RaftServerImpl.java:<init>(95)) - 38b583e9-922a-4b96-9717-3a961b28fd9e: new RaftServerImpl for group-C0027C2CA8B7:[5bb6ddff-d9e4-48cd-b3b7-ec149b329306:192.168.164.218:45930, f7eefd9a-04f9-4cba-bddd-fa47b4b434ab:192.168.164.218:34960, 38b583e9-922a-4b96-9717-3a961b28fd9e:192.168.164.218:39886] with ContainerStateMachine:uninitialized
2019-09-27 21:17:44,119 [pool-459-thread-1] INFO  server.RaftServerConfigKeys (ConfUtils.java:logGet(43)) - raft.server.storage.dir = [/workdir/hadoop-ozone/integration-test/target/test-dir/MiniOzoneClusterImpl-117ebbbb-8886-40cd-9900-3c45df34c9b4/datanode-5/data/ratis] (custom)
2019-09-27 21:17:44,119 [pool-439-thread-1] INFO  server.RaftServerConfigKeys (ConfUtils.java:logGet(43)) - raft.server.rpc.timeout.max = 5200ms (custom)
2019-09-27 21:17:44,119 [pool-469-thread-1] INFO  server.RaftServerConfigKeys (ConfUtils.java:logGet(43)) - raft.server.rpc.timeout.min = 5s (custom)
2019-09-27 21:17:44,120 [pool-439-thread-1] INFO  server.RaftServerConfigKeys (ConfUtils.java:logGet(43)) - raft.server.rpcslowness.timeout = 120s (custom)
2019-09-27 21:17:44,120 [pool-459-thread-1] INFO  storage.RaftStorageDirectory (RaftStorageDirectory.java:analyzeStorage(246)) - The storage directory /workdir/hadoop-ozone/integration-test/target/test-dir/MiniOzoneClusterImpl-117ebbbb-8886-40cd-9900-3c45df34c9b4/datanode-5/data/ratis/afb57596-5ce3-4c2c-92cb-c0027c2ca8b7 does not exist. Creating ...
2019-09-27 21:17:44,120 [pool-469-thread-1] INFO  server.RaftServerConfigKeys (ConfUtils.java:logGet(43)) - raft.server.rpc.timeout.max = 5200ms (custom)
2019-09-27 21:17:44,120 [pool-439-thread-1] INFO  server.RaftServerConfigKeys (ConfUtils.java:logGet(43)) - raft.server.sleep.deviation.threshold = 300 (default)
2019-09-27 21:17:44,120 [pool-469-thread-1] INFO  server.RaftServerConfigKeys (ConfUtils.java:logGet(43)) - raft.server.rpcslowness.timeout = 120s (custom)
2019-09-27 21:17:44,120 [pool-439-thread-1] INFO  server.RaftServerConfigKeys (ConfUtils.java:logGet(43)) - raft.server.log.appender.install.snapshot.enabled = false (custom)
2019-09-27 21:17:44,120 [pool-469-thread-1] INFO  server.RaftServerConfigKeys (ConfUtils.java:logGet(43)) - raft.server.sleep.deviation.threshold = 300 (default)
2019-09-27 21:17:44,120 [pool-439-thread-1] INFO  impl.RaftServerImpl (ServerState.java:<init>(103)) - f7eefd9a-04f9-4cba-bddd-fa47b4b434ab@group-C0027C2CA8B7: ConfigurationManager, init=-1: [5bb6ddff-d9e4-48cd-b3b7-ec149b329306:192.168.164.218:45930, f7eefd9a-04f9-4cba-bddd-fa47b4b434ab:192.168.164.218:34960, 38b583e9-922a-4b96-9717-3a961b28fd9e:192.168.164.218:39886], old=null, confs=<EMPTY_MAP>
2019-09-27 21:17:44,120 [pool-469-thread-1] INFO  server.RaftServerConfigKeys (ConfUtils.java:logGet(43)) - raft.server.log.appender.install.snapshot.enabled = false (custom)
2019-09-27 21:17:44,120 [pool-439-thread-1] INFO  server.RaftServerConfigKeys (ConfUtils.java:logGet(43)) - raft.server.storage.dir = [/workdir/hadoop-ozone/integration-test/target/test-dir/MiniOzoneClusterImpl-117ebbbb-8886-40cd-9900-3c45df34c9b4/datanode-3/data/ratis] (custom)
2019-09-27 21:17:44,120 [pool-469-thread-1] INFO  impl.RaftServerImpl (ServerState.java:<init>(103)) - 38b583e9-922a-4b96-9717-3a961b28fd9e@group-C0027C2CA8B7: ConfigurationManager, init=-1: [5bb6ddff-d9e4-48cd-b3b7-ec149b329306:192.168.164.218:45930, f7eefd9a-04f9-4cba-bddd-fa47b4b434ab:192.168.164.218:34960, 38b583e9-922a-4b96-9717-3a961b28fd9e:192.168.164.218:39886], old=null, confs=<EMPTY_MAP>
2019-09-27 21:17:44,121 [pool-469-thread-1] INFO  server.RaftServerConfigKeys (ConfUtils.java:logGet(43)) - raft.server.storage.dir = [/workdir/hadoop-ozone/integration-test/target/test-dir/MiniOzoneClusterImpl-117ebbbb-8886-40cd-9900-3c45df34c9b4/datanode-6/data/ratis] (custom)
2019-09-27 21:17:44,121 [pool-439-thread-1] INFO  storage.RaftStorageDirectory (RaftStorageDirectory.java:analyzeStorage(246)) - The storage directory /workdir/hadoop-ozone/integration-test/target/test-dir/MiniOzoneClusterImpl-117ebbbb-8886-40cd-9900-3c45df34c9b4/datanode-3/data/ratis/afb57596-5ce3-4c2c-92cb-c0027c2ca8b7 does not exist. Creating ...
2019-09-27 21:17:44,121 [pool-469-thread-1] INFO  storage.RaftStorageDirectory (RaftStorageDirectory.java:analyzeStorage(246)) - The storage directory /workdir/hadoop-ozone/integration-test/target/test-dir/MiniOzoneClusterImpl-117ebbbb-8886-40cd-9900-3c45df34c9b4/datanode-6/data/ratis/afb57596-5ce3-4c2c-92cb-c0027c2ca8b7 does not exist. Creating ...
2019-09-27 21:17:44,133 [pool-469-thread-1] INFO  storage.RaftStorageDirectory (RaftStorageDirectory.java:tryLock(328)) - Lock on /workdir/hadoop-ozone/integration-test/target/test-dir/MiniOzoneClusterImpl-117ebbbb-8886-40cd-9900-3c45df34c9b4/datanode-6/data/ratis/afb57596-5ce3-4c2c-92cb-c0027c2ca8b7/in_use.lock acquired by nodename 9769@pr-hdds-1146-452xf-2747512450
2019-09-27 21:17:44,133 [pool-439-thread-1] INFO  storage.RaftStorageDirectory (RaftStorageDirectory.java:tryLock(328)) - Lock on /workdir/hadoop-ozone/integration-test/target/test-dir/MiniOzoneClusterImpl-117ebbbb-8886-40cd-9900-3c45df34c9b4/datanode-3/data/ratis/afb57596-5ce3-4c2c-92cb-c0027c2ca8b7/in_use.lock acquired by nodename 9769@pr-hdds-1146-452xf-2747512450
2019-09-27 21:17:44,133 [pool-459-thread-1] INFO  storage.RaftStorageDirectory (RaftStorageDirectory.java:tryLock(328)) - Lock on /workdir/hadoop-ozone/integration-test/target/test-dir/MiniOzoneClusterImpl-117ebbbb-8886-40cd-9900-3c45df34c9b4/datanode-5/data/ratis/afb57596-5ce3-4c2c-92cb-c0027c2ca8b7/in_use.lock acquired by nodename 9769@pr-hdds-1146-452xf-2747512450
2019-09-27 21:17:44,180 [pool-469-thread-1] INFO  storage.RaftStorage (RaftStorage.java:format(72)) - Storage directory /workdir/hadoop-ozone/integration-test/target/test-dir/MiniOzoneClusterImpl-117ebbbb-8886-40cd-9900-3c45df34c9b4/datanode-6/data/ratis/afb57596-5ce3-4c2c-92cb-c0027c2ca8b7 has been successfully formatted.
2019-09-27 21:17:44,180 [pool-439-thread-1] INFO  storage.RaftStorage (RaftStorage.java:format(72)) - Storage directory /workdir/hadoop-ozone/integration-test/target/test-dir/MiniOzoneClusterImpl-117ebbbb-8886-40cd-9900-3c45df34c9b4/datanode-3/data/ratis/afb57596-5ce3-4c2c-92cb-c0027c2ca8b7 has been successfully formatted.
2019-09-27 21:17:44,180 [pool-459-thread-1] INFO  storage.RaftStorage (RaftStorage.java:format(72)) - Storage directory /workdir/hadoop-ozone/integration-test/target/test-dir/MiniOzoneClusterImpl-117ebbbb-8886-40cd-9900-3c45df34c9b4/datanode-5/data/ratis/afb57596-5ce3-4c2c-92cb-c0027c2ca8b7 has been successfully formatted.
2019-09-27 21:17:44,180 [pool-469-thread-1] INFO  ratis.ContainerStateMachine (ContainerStateMachine.java:loadSnapshot(230)) - group-C0027C2CA8B7: The snapshot info is null. Setting the last applied indexto:(t:0, i:~)
2019-09-27 21:17:44,180 [pool-459-thread-1] INFO  ratis.ContainerStateMachine (ContainerStateMachine.java:loadSnapshot(230)) - group-C0027C2CA8B7: The snapshot info is null. Setting the last applied indexto:(t:0, i:~)
2019-09-27 21:17:44,180 [pool-439-thread-1] INFO  ratis.ContainerStateMachine (ContainerStateMachine.java:loadSnapshot(230)) - group-C0027C2CA8B7: The snapshot info is null. Setting the last applied indexto:(t:0, i:~)
2019-09-27 21:17:44,180 [pool-459-thread-1] INFO  server.RaftServerConfigKeys (ConfUtils.java:logGet(43)) - raft.server.notification.no-leader.timeout = 120s (custom)
2019-09-27 21:17:44,180 [pool-469-thread-1] INFO  server.RaftServerConfigKeys (ConfUtils.java:logGet(43)) - raft.server.notification.no-leader.timeout = 120s (custom)
2019-09-27 21:17:44,181 [pool-459-thread-1] INFO  server.RaftServerConfigKeys (ConfUtils.java:logGet(43)) - raft.server.log.use.memory = false (default)
2019-09-27 21:17:44,181 [pool-439-thread-1] INFO  server.RaftServerConfigKeys (ConfUtils.java:logGet(43)) - raft.server.notification.no-leader.timeout = 120s (custom)
2019-09-27 21:17:44,181 [pool-459-thread-1] INFO  server.RaftServerConfigKeys (ConfUtils.java:logGet(43)) - raft.server.log.purge.gap = 1000000 (custom)
2019-09-27 21:17:44,181 [pool-469-thread-1] INFO  server.RaftServerConfigKeys (ConfUtils.java:logGet(43)) - raft.server.log.use.memory = false (default)
2019-09-27 21:17:44,181 [pool-459-thread-1] INFO  server.RaftServerConfigKeys (ConfUtils.java:logGet(43)) - raft.server.log.appender.buffer.byte-limit = 33554432 (custom)
2019-09-27 21:17:44,181 [pool-439-thread-1] INFO  server.RaftServerConfigKeys (ConfUtils.java:logGet(43)) - raft.server.log.use.memory = false (default)
2019-09-27 21:17:44,182 [pool-459-thread-1] INFO  server.RaftServerConfigKeys (ConfUtils.java:logGet(43)) - raft.server.log.segment.size.max = 1048576 (custom)
2019-09-27 21:17:44,181 [pool-469-thread-1] INFO  server.RaftServerConfigKeys (ConfUtils.java:logGet(43)) - raft.server.log.purge.gap = 1000000 (custom)
2019-09-27 21:17:44,182 [pool-459-thread-1] INFO  server.RaftServerConfigKeys (ConfUtils.java:logGet(43)) - raft.server.log.segment.cache.num.max = 2 (custom)
2019-09-27 21:17:44,182 [pool-439-thread-1] INFO  server.RaftServerConfigKeys (ConfUtils.java:logGet(43)) - raft.server.log.purge.gap = 1000000 (custom)
2019-09-27 21:17:44,182 [pool-459-thread-1] INFO  segmented.SegmentedRaftLogWorker (SegmentedRaftLogWorker.java:<init>(172)) - new 5bb6ddff-d9e4-48cd-b3b7-ec149b329306@group-C0027C2CA8B7-SegmentedRaftLogWorker for RaftStorage:Storage Directory /workdir/hadoop-ozone/integration-test/target/test-dir/MiniOzoneClusterImpl-117ebbbb-8886-40cd-9900-3c45df34c9b4/datanode-5/data/ratis/afb57596-5ce3-4c2c-92cb-c0027c2ca8b7
2019-09-27 21:17:44,182 [pool-469-thread-1] INFO  server.RaftServerConfigKeys (ConfUtils.java:logGet(43)) - raft.server.log.appender.buffer.byte-limit = 33554432 (custom)
2019-09-27 21:17:44,182 [pool-459-thread-1] INFO  server.RaftServerConfigKeys (ConfUtils.java:logGet(43)) - raft.server.log.queue.byte-limit = 2147483647 (custom)
2019-09-27 21:17:44,182 [pool-439-thread-1] INFO  server.RaftServerConfigKeys (ConfUtils.java:logGet(43)) - raft.server.log.appender.buffer.byte-limit = 33554432 (custom)
2019-09-27 21:17:44,183 [pool-459-thread-1] INFO  server.RaftServerConfigKeys (ConfUtils.java:logGet(43)) - raft.server.log.queue.element-limit = 1024 (custom)
2019-09-27 21:17:44,183 [pool-469-thread-1] INFO  server.RaftServerConfigKeys (ConfUtils.java:logGet(43)) - raft.server.log.segment.size.max = 1048576 (custom)
2019-09-27 21:17:44,183 [pool-459-thread-1] INFO  server.RaftServerConfigKeys (ConfUtils.java:logGet(43)) - raft.server.log.segment.size.max = 1048576 (custom)
2019-09-27 21:17:44,183 [pool-439-thread-1] INFO  server.RaftServerConfigKeys (ConfUtils.java:logGet(43)) - raft.server.log.segment.size.max = 1048576 (custom)
2019-09-27 21:17:44,183 [pool-459-thread-1] INFO  server.RaftServerConfigKeys (ConfUtils.java:logGet(43)) - raft.server.log.preallocated.size = 16384 (custom)
2019-09-27 21:17:44,183 [pool-469-thread-1] INFO  server.RaftServerConfigKeys (ConfUtils.java:logGet(43)) - raft.server.log.segment.cache.num.max = 2 (custom)
2019-09-27 21:17:44,183 [pool-459-thread-1] INFO  server.RaftServerConfigKeys (ConfUtils.java:logGet(43)) - raft.server.log.write.buffer.size = 33554432 (custom)
2019-09-27 21:17:44,183 [pool-439-thread-1] INFO  server.RaftServerConfigKeys (ConfUtils.java:logGet(43)) - raft.server.log.segment.cache.num.max = 2 (custom)
2019-09-27 21:17:44,184 [pool-459-thread-1] INFO  server.RaftServerConfigKeys (ConfUtils.java:logGet(43)) - raft.server.log.force.sync.num = 128 (default)
2019-09-27 21:17:44,184 [pool-469-thread-1] INFO  segmented.SegmentedRaftLogWorker (SegmentedRaftLogWorker.java:<init>(172)) - new 38b583e9-922a-4b96-9717-3a961b28fd9e@group-C0027C2CA8B7-SegmentedRaftLogWorker for RaftStorage:Storage Directory /workdir/hadoop-ozone/integration-test/target/test-dir/MiniOzoneClusterImpl-117ebbbb-8886-40cd-9900-3c45df34c9b4/datanode-6/data/ratis/afb57596-5ce3-4c2c-92cb-c0027c2ca8b7
2019-09-27 21:17:44,184 [pool-459-thread-1] INFO  server.RaftServerConfigKeys (ConfUtils.java:logGet(43)) - raft.server.log.statemachine.data.sync = true (default)
2019-09-27 21:17:44,184 [pool-439-thread-1] INFO  segmented.SegmentedRaftLogWorker (SegmentedRaftLogWorker.java:<init>(172)) - new f7eefd9a-04f9-4cba-bddd-fa47b4b434ab@group-C0027C2CA8B7-SegmentedRaftLogWorker for RaftStorage:Storage Directory /workdir/hadoop-ozone/integration-test/target/test-dir/MiniOzoneClusterImpl-117ebbbb-8886-40cd-9900-3c45df34c9b4/datanode-3/data/ratis/afb57596-5ce3-4c2c-92cb-c0027c2ca8b7
2019-09-27 21:17:44,184 [pool-459-thread-1] INFO  server.RaftServerConfigKeys (ConfUtils.java:logGet(43)) - raft.server.log.statemachine.data.sync.timeout = 10s (default)
2019-09-27 21:17:44,184 [pool-469-thread-1] INFO  server.RaftServerConfigKeys (ConfUtils.java:logGet(43)) - raft.server.log.queue.byte-limit = 2147483647 (custom)
2019-09-27 21:17:44,185 [pool-459-thread-1] INFO  server.RaftServerConfigKeys (ConfUtils.java:logGet(43)) - raft.server.log.statemachine.data.sync.timeout.retry = -1 (default)
2019-09-27 21:17:44,184 [pool-439-thread-1] INFO  server.RaftServerConfigKeys (ConfUtils.java:logGet(43)) - raft.server.log.queue.byte-limit = 2147483647 (custom)
2019-09-27 21:17:44,185 [pool-459-thread-1] INFO  server.RaftServerConfigKeys (ConfUtils.java:logGet(43)) - raft.server.log.statemachine.data.caching.enabled = true (custom)
2019-09-27 21:17:44,185 [pool-469-thread-1] INFO  server.RaftServerConfigKeys (ConfUtils.java:logGet(43)) - raft.server.log.queue.element-limit = 1024 (custom)
2019-09-27 21:17:44,185 [pool-459-thread-1] INFO  segmented.SegmentedRaftLogWorker (SegmentedRaftLogWorker.java:lambda$new$0(132)) - 5bb6ddff-d9e4-48cd-b3b7-ec149b329306@group-C0027C2CA8B7-SegmentedRaftLogWorker: flushIndex: setUnconditionally 0 -> -1
2019-09-27 21:17:44,185 [pool-439-thread-1] INFO  server.RaftServerConfigKeys (ConfUtils.java:logGet(43)) - raft.server.log.queue.element-limit = 1024 (custom)
2019-09-27 21:17:44,185 [pool-469-thread-1] INFO  server.RaftServerConfigKeys (ConfUtils.java:logGet(43)) - raft.server.log.segment.size.max = 1048576 (custom)
2019-09-27 21:17:44,186 [pool-439-thread-1] INFO  server.RaftServerConfigKeys (ConfUtils.java:logGet(43)) - raft.server.log.segment.size.max = 1048576 (custom)
2019-09-27 21:17:44,185 [pool-459-thread-1] INFO  server.RaftServerConfigKeys (ConfUtils.java:logGet(43)) - raft.server.snapshot.auto.trigger.enabled = true (custom)
2019-09-27 21:17:44,186 [pool-439-thread-1] INFO  server.RaftServerConfigKeys (ConfUtils.java:logGet(43)) - raft.server.log.preallocated.size = 16384 (custom)
2019-09-27 21:17:44,186 [pool-469-thread-1] INFO  server.RaftServerConfigKeys (ConfUtils.java:logGet(43)) - raft.server.log.preallocated.size = 16384 (custom)
2019-09-27 21:17:44,186 [pool-439-thread-1] INFO  server.RaftServerConfigKeys (ConfUtils.java:logGet(43)) - raft.server.log.write.buffer.size = 33554432 (custom)
2019-09-27 21:17:44,186 [pool-459-thread-1] INFO  server.RaftServerConfigKeys (ConfUtils.java:logGet(43)) - raft.server.snapshot.auto.trigger.threshold = 10000 (custom)
2019-09-27 21:17:44,186 [pool-439-thread-1] INFO  server.RaftServerConfigKeys (ConfUtils.java:logGet(43)) - raft.server.log.force.sync.num = 128 (default)
2019-09-27 21:17:44,186 [pool-469-thread-1] INFO  server.RaftServerConfigKeys (ConfUtils.java:logGet(43)) - raft.server.log.write.buffer.size = 33554432 (custom)
2019-09-27 21:17:44,187 [pool-439-thread-1] INFO  server.RaftServerConfigKeys (ConfUtils.java:logGet(43)) - raft.server.log.statemachine.data.sync = true (default)
2019-09-27 21:17:44,186 [pool-459-thread-1] INFO  server.RaftServerConfigKeys (ConfUtils.java:logGet(43)) - raft.server.snapshot.retention.num.files = 5 (custom)
2019-09-27 21:17:44,187 [pool-439-thread-1] INFO  server.RaftServerConfigKeys (ConfUtils.java:logGet(43)) - raft.server.log.statemachine.data.sync.timeout = 10s (default)
2019-09-27 21:17:44,187 [pool-469-thread-1] INFO  server.RaftServerConfigKeys (ConfUtils.java:logGet(43)) - raft.server.log.force.sync.num = 128 (default)
2019-09-27 21:17:44,187 [pool-439-thread-1] INFO  server.RaftServerConfigKeys (ConfUtils.java:logGet(43)) - raft.server.log.statemachine.data.sync.timeout.retry = -1 (default)
2019-09-27 21:17:44,187 [pool-459-thread-1] INFO  server.RaftServerConfigKeys (ConfUtils.java:logGet(43)) - raft.server.retrycache.expirytime = 600000ms (custom)
2019-09-27 21:17:44,187 [pool-439-thread-1] INFO  server.RaftServerConfigKeys (ConfUtils.java:logGet(43)) - raft.server.log.statemachine.data.caching.enabled = true (custom)
2019-09-27 21:17:44,187 [pool-469-thread-1] INFO  server.RaftServerConfigKeys (ConfUtils.java:logGet(43)) - raft.server.log.statemachine.data.sync = true (default)
2019-09-27 21:17:44,188 [pool-469-thread-1] INFO  server.RaftServerConfigKeys (ConfUtils.java:logGet(43)) - raft.server.log.statemachine.data.sync.timeout = 10s (default)
2019-09-27 21:17:44,188 [pool-439-thread-1] INFO  segmented.SegmentedRaftLogWorker (SegmentedRaftLogWorker.java:lambda$new$0(132)) - f7eefd9a-04f9-4cba-bddd-fa47b4b434ab@group-C0027C2CA8B7-SegmentedRaftLogWorker: flushIndex: setUnconditionally 0 -> -1
2019-09-27 21:17:44,188 [pool-469-thread-1] INFO  server.RaftServerConfigKeys (ConfUtils.java:logGet(43)) - raft.server.log.statemachine.data.sync.timeout.retry = -1 (default)
2019-09-27 21:17:44,188 [pool-439-thread-1] INFO  server.RaftServerConfigKeys (ConfUtils.java:logGet(43)) - raft.server.snapshot.auto.trigger.enabled = true (custom)
2019-09-27 21:17:44,188 [pool-469-thread-1] INFO  server.RaftServerConfigKeys (ConfUtils.java:logGet(43)) - raft.server.log.statemachine.data.caching.enabled = true (custom)
2019-09-27 21:17:44,188 [pool-439-thread-1] INFO  server.RaftServerConfigKeys (ConfUtils.java:logGet(43)) - raft.server.snapshot.auto.trigger.threshold = 10000 (custom)
2019-09-27 21:17:44,188 [pool-439-thread-1] INFO  server.RaftServerConfigKeys (ConfUtils.java:logGet(43)) - raft.server.snapshot.retention.num.files = 5 (custom)
2019-09-27 21:17:44,188 [pool-469-thread-1] INFO  segmented.SegmentedRaftLogWorker (SegmentedRaftLogWorker.java:lambda$new$0(132)) - 38b583e9-922a-4b96-9717-3a961b28fd9e@group-C0027C2CA8B7-SegmentedRaftLogWorker: flushIndex: setUnconditionally 0 -> -1
2019-09-27 21:17:44,188 [pool-439-thread-1] INFO  server.RaftServerConfigKeys (ConfUtils.java:logGet(43)) - raft.server.retrycache.expirytime = 600000ms (custom)
2019-09-27 21:17:44,189 [pool-459-thread-1] INFO  impl.RaftServerImpl (RaftServerImpl.java:start(185)) - 5bb6ddff-d9e4-48cd-b3b7-ec149b329306@group-C0027C2CA8B7: start as a follower, conf=-1: [5bb6ddff-d9e4-48cd-b3b7-ec149b329306:192.168.164.218:45930, f7eefd9a-04f9-4cba-bddd-fa47b4b434ab:192.168.164.218:34960, 38b583e9-922a-4b96-9717-3a961b28fd9e:192.168.164.218:39886], old=null
2019-09-27 21:17:44,189 [pool-469-thread-1] INFO  server.RaftServerConfigKeys (ConfUtils.java:logGet(43)) - raft.server.snapshot.auto.trigger.enabled = true (custom)
2019-09-27 21:17:44,189 [pool-459-thread-1] INFO  impl.RaftServerImpl (RaftServerImpl.java:setRole(174)) - 5bb6ddff-d9e4-48cd-b3b7-ec149b329306@group-C0027C2CA8B7: changes role from      null to FOLLOWER at term 0 for startAsFollower
2019-09-27 21:17:44,189 [pool-469-thread-1] INFO  server.RaftServerConfigKeys (ConfUtils.java:logGet(43)) - raft.server.snapshot.auto.trigger.threshold = 10000 (custom)
2019-09-27 21:17:44,189 [pool-459-thread-1] INFO  impl.RoleInfo (RoleInfo.java:updateAndGet(143)) - 5bb6ddff-d9e4-48cd-b3b7-ec149b329306: start FollowerState
2019-09-27 21:17:44,189 [pool-469-thread-1] INFO  server.RaftServerConfigKeys (ConfUtils.java:logGet(43)) - raft.server.snapshot.retention.num.files = 5 (custom)
2019-09-27 21:17:44,189 [pool-469-thread-1] INFO  server.RaftServerConfigKeys (ConfUtils.java:logGet(43)) - raft.server.retrycache.expirytime = 600000ms (custom)
2019-09-27 21:17:44,189 [pool-459-thread-1] INFO  util.JmxRegister (JmxRegister.java:tryRegister(44)) - Successfully registered JMX Bean with object name Ratis:service=RaftServer,group=group-C0027C2CA8B7,id=5bb6ddff-d9e4-48cd-b3b7-ec149b329306
2019-09-27 21:17:44,195 [pool-439-thread-1] INFO  impl.RaftServerImpl (RaftServerImpl.java:start(185)) - f7eefd9a-04f9-4cba-bddd-fa47b4b434ab@group-C0027C2CA8B7: start as a follower, conf=-1: [5bb6ddff-d9e4-48cd-b3b7-ec149b329306:192.168.164.218:45930, f7eefd9a-04f9-4cba-bddd-fa47b4b434ab:192.168.164.218:34960, 38b583e9-922a-4b96-9717-3a961b28fd9e:192.168.164.218:39886], old=null
2019-09-27 21:17:44,195 [pool-439-thread-1] INFO  impl.RaftServerImpl (RaftServerImpl.java:setRole(174)) - f7eefd9a-04f9-4cba-bddd-fa47b4b434ab@group-C0027C2CA8B7: changes role from      null to FOLLOWER at term 0 for startAsFollower
2019-09-27 21:17:44,195 [pool-469-thread-1] INFO  impl.RaftServerImpl (RaftServerImpl.java:start(185)) - 38b583e9-922a-4b96-9717-3a961b28fd9e@group-C0027C2CA8B7: start as a follower, conf=-1: [5bb6ddff-d9e4-48cd-b3b7-ec149b329306:192.168.164.218:45930, f7eefd9a-04f9-4cba-bddd-fa47b4b434ab:192.168.164.218:34960, 38b583e9-922a-4b96-9717-3a961b28fd9e:192.168.164.218:39886], old=null
2019-09-27 21:17:44,195 [pool-439-thread-1] INFO  impl.RoleInfo (RoleInfo.java:updateAndGet(143)) - f7eefd9a-04f9-4cba-bddd-fa47b4b434ab: start FollowerState
2019-09-27 21:17:44,195 [pool-469-thread-1] INFO  impl.RaftServerImpl (RaftServerImpl.java:setRole(174)) - 38b583e9-922a-4b96-9717-3a961b28fd9e@group-C0027C2CA8B7: changes role from      null to FOLLOWER at term 0 for startAsFollower
2019-09-27 21:17:44,195 [pool-469-thread-1] INFO  impl.RoleInfo (RoleInfo.java:updateAndGet(143)) - 38b583e9-922a-4b96-9717-3a961b28fd9e: start FollowerState
2019-09-27 21:17:44,196 [pool-439-thread-1] INFO  util.JmxRegister (JmxRegister.java:tryRegister(44)) - Successfully registered JMX Bean with object name Ratis:service=RaftServer,group=group-C0027C2CA8B7,id=f7eefd9a-04f9-4cba-bddd-fa47b4b434ab
2019-09-27 21:17:44,196 [pool-469-thread-1] INFO  util.JmxRegister (JmxRegister.java:tryRegister(44)) - Successfully registered JMX Bean with object name Ratis:service=RaftServer,group=group-C0027C2CA8B7,id=38b583e9-922a-4b96-9717-3a961b28fd9e
2019-09-27 21:17:44,200 [RatisPipelineUtilsThread] INFO  pipeline.PipelineStateManager (PipelineStateManager.java:addPipeline(56)) - Created pipeline Pipeline[ Id: afb57596-5ce3-4c2c-92cb-c0027c2ca8b7, Nodes: f7eefd9a-04f9-4cba-bddd-fa47b4b434ab{ip: 192.168.164.218, host: pr-hdds-1146-452xf-2747512450, networkLocation: /default-rack, certSerialId: null}5bb6ddff-d9e4-48cd-b3b7-ec149b329306{ip: 192.168.164.218, host: pr-hdds-1146-452xf-2747512450, networkLocation: /default-rack, certSerialId: null}38b583e9-922a-4b96-9717-3a961b28fd9e{ip: 192.168.164.218, host: pr-hdds-1146-452xf-2747512450, networkLocation: /default-rack, certSerialId: null}, Type:RATIS, Factor:THREE, State:OPEN]
2019-09-27 21:17:46,661 [Thread-3072] INFO  container.ReplicationManager (ReplicationManager.java:start(162)) - Starting Replication Monitor Thread.
2019-09-27 21:17:46,670 [ReplicationMonitor] INFO  container.ReplicationManager (ReplicationManager.java:run(225)) - Replication Monitor Thread took 0 milliseconds for processing 1 containers.
2019-09-27 21:17:48,811 [Thread-3074] INFO  impl.FollowerState (FollowerState.java:run(106)) - d8b95b00-da60-4d32-b98b-f7948dc8829f:group-E1CA0029F736 changes to CANDIDATE, lastRpcTime:5094, electionTimeout:5094ms
2019-09-27 21:17:48,811 [Thread-3074] INFO  impl.RoleInfo (RoleInfo.java:shutdownFollowerState(121)) - d8b95b00-da60-4d32-b98b-f7948dc8829f: shutdown FollowerState
2019-09-27 21:17:48,812 [Thread-3074] INFO  impl.RaftServerImpl (RaftServerImpl.java:setRole(174)) - d8b95b00-da60-4d32-b98b-f7948dc8829f@group-E1CA0029F736: changes role from  FOLLOWER to CANDIDATE at term 0 for changeToCandidate
2019-09-27 21:17:48,812 [Thread-3074] INFO  impl.RoleInfo (RoleInfo.java:updateAndGet(143)) - d8b95b00-da60-4d32-b98b-f7948dc8829f: start LeaderElection
2019-09-27 21:17:48,836 [d8b95b00-da60-4d32-b98b-f7948dc8829f@group-E1CA0029F736:LeaderElection66] INFO  impl.LeaderElection (LeaderElection.java:askForVotes(182)) - d8b95b00-da60-4d32-b98b-f7948dc8829f@group-E1CA0029F736:LeaderElection66: begin an election at term 1 for -1: [d8b95b00-da60-4d32-b98b-f7948dc8829f:192.168.164.218:42452], old=null
2019-09-27 21:17:48,837 [d8b95b00-da60-4d32-b98b-f7948dc8829f@group-E1CA0029F736:LeaderElection66] INFO  impl.RoleInfo (RoleInfo.java:shutdownLeaderElection(134)) - d8b95b00-da60-4d32-b98b-f7948dc8829f: shutdown LeaderElection
2019-09-27 21:17:48,838 [d8b95b00-da60-4d32-b98b-f7948dc8829f@group-E1CA0029F736:LeaderElection66] INFO  impl.RaftServerImpl (RaftServerImpl.java:setRole(174)) - d8b95b00-da60-4d32-b98b-f7948dc8829f@group-E1CA0029F736: changes role from CANDIDATE to LEADER at term 1 for changeToLeader
2019-09-27 21:17:48,838 [d8b95b00-da60-4d32-b98b-f7948dc8829f@group-E1CA0029F736:LeaderElection66] INFO  impl.RaftServerImpl (ServerState.java:setLeader(253)) - d8b95b00-da60-4d32-b98b-f7948dc8829f@group-E1CA0029F736: change Leader from null to d8b95b00-da60-4d32-b98b-f7948dc8829f at term 1 for becomeLeader, leader elected after 5128ms
2019-09-27 21:17:48,838 [d8b95b00-da60-4d32-b98b-f7948dc8829f@group-E1CA0029F736:LeaderElection66] INFO  server.RaftServerConfigKeys (ConfUtils.java:logGet(43)) - raft.server.staging.catchup.gap = 1000 (default)
2019-09-27 21:17:48,839 [d8b95b00-da60-4d32-b98b-f7948dc8829f@group-E1CA0029F736:LeaderElection66] INFO  server.RaftServerConfigKeys (ConfUtils.java:logGet(43)) - raft.server.rpc.sleep.time = 25ms (default)
2019-09-27 21:17:48,839 [d8b95b00-da60-4d32-b98b-f7948dc8829f@group-E1CA0029F736:LeaderElection66] INFO  server.RaftServerConfigKeys (ConfUtils.java:logGet(43)) - raft.server.write.element-limit = 4096 (default)
2019-09-27 21:17:48,840 [d8b95b00-da60-4d32-b98b-f7948dc8829f@group-E1CA0029F736:LeaderElection66] INFO  server.RaftServerConfigKeys (ConfUtils.java:logGet(43)) - raft.server.watch.timeout = 10s (default)
2019-09-27 21:17:48,840 [d8b95b00-da60-4d32-b98b-f7948dc8829f@group-E1CA0029F736:LeaderElection66] INFO  server.RaftServerConfigKeys (ConfUtils.java:logGet(43)) - raft.server.watch.timeout.denomination = 1s (default)
2019-09-27 21:17:48,840 [d8b95b00-da60-4d32-b98b-f7948dc8829f@group-E1CA0029F736:LeaderElection66] INFO  server.RaftServerConfigKeys (ConfUtils.java:logGet(43)) - raft.server.watch.element-limit = 65536 (default)
2019-09-27 21:17:48,844 [d8b95b00-da60-4d32-b98b-f7948dc8829f@group-E1CA0029F736:LeaderElection66] INFO  impl.RoleInfo (RoleInfo.java:updateAndGet(143)) - d8b95b00-da60-4d32-b98b-f7948dc8829f: start LeaderState
2019-09-27 21:17:48,845 [d8b95b00-da60-4d32-b98b-f7948dc8829f@group-E1CA0029F736:LeaderElection66] INFO  segmented.SegmentedRaftLogWorker (SegmentedRaftLogWorker.java:startLogSegment(380)) - d8b95b00-da60-4d32-b98b-f7948dc8829f@group-E1CA0029F736-SegmentedRaftLogWorker: Starting segment from index:0
2019-09-27 21:17:48,846 [d8b95b00-da60-4d32-b98b-f7948dc8829f@group-E1CA0029F736:LeaderElection66] INFO  impl.RaftServerImpl (ServerState.java:setRaftConf(354)) - d8b95b00-da60-4d32-b98b-f7948dc8829f@group-E1CA0029F736: set configuration 0: [d8b95b00-da60-4d32-b98b-f7948dc8829f:192.168.164.218:42452], old=null at 0
2019-09-27 21:17:48,862 [Thread-3077] INFO  impl.FollowerState (FollowerState.java:run(106)) - 58a10920-990c-4d55-aea6-fc08cab808bc:group-182D1F4CD95D changes to CANDIDATE, lastRpcTime:5101, electionTimeout:5101ms
2019-09-27 21:17:48,863 [Thread-3077] INFO  impl.RoleInfo (RoleInfo.java:shutdownFollowerState(121)) - 58a10920-990c-4d55-aea6-fc08cab808bc: shutdown FollowerState
2019-09-27 21:17:48,863 [Thread-3077] INFO  impl.RaftServerImpl (RaftServerImpl.java:setRole(174)) - 58a10920-990c-4d55-aea6-fc08cab808bc@group-182D1F4CD95D: changes role from  FOLLOWER to CANDIDATE at term 0 for changeToCandidate
2019-09-27 21:17:48,863 [Thread-3077] INFO  impl.RoleInfo (RoleInfo.java:updateAndGet(143)) - 58a10920-990c-4d55-aea6-fc08cab808bc: start LeaderElection
2019-09-27 21:17:48,878 [Thread-3087] INFO  impl.FollowerState (FollowerState.java:run(106)) - 58a10920-990c-4d55-aea6-fc08cab808bc:group-B42C5F12EB66 changes to CANDIDATE, lastRpcTime:5009, electionTimeout:5008ms
2019-09-27 21:17:48,883 [Thread-3087] INFO  impl.RoleInfo (RoleInfo.java:shutdownFollowerState(121)) - 58a10920-990c-4d55-aea6-fc08cab808bc: shutdown FollowerState
2019-09-27 21:17:48,883 [Thread-3087] INFO  impl.RaftServerImpl (RaftServerImpl.java:setRole(174)) - 58a10920-990c-4d55-aea6-fc08cab808bc@group-B42C5F12EB66: changes role from  FOLLOWER to CANDIDATE at term 0 for changeToCandidate
2019-09-27 21:17:48,883 [Thread-3087] INFO  impl.RoleInfo (RoleInfo.java:updateAndGet(143)) - 58a10920-990c-4d55-aea6-fc08cab808bc: start LeaderElection
2019-09-27 21:17:48,896 [d8b95b00-da60-4d32-b98b-f7948dc8829f@group-E1CA0029F736-SegmentedRaftLogWorker] INFO  segmented.SegmentedRaftLogWorker (SegmentedRaftLogWorker.java:execute(569)) - d8b95b00-da60-4d32-b98b-f7948dc8829f@group-E1CA0029F736-SegmentedRaftLogWorker: created new log segment /workdir/hadoop-ozone/integration-test/target/test-dir/MiniOzoneClusterImpl-117ebbbb-8886-40cd-9900-3c45df34c9b4/datanode-0/data/ratis/0a1cd826-46e1-4d1a-9a90-e1ca0029f736/current/log_inprogress_0
2019-09-27 21:17:48,896 [58a10920-990c-4d55-aea6-fc08cab808bc@group-B42C5F12EB66:LeaderElection68] INFO  impl.LeaderElection (LeaderElection.java:askForVotes(182)) - 58a10920-990c-4d55-aea6-fc08cab808bc@group-B42C5F12EB66:LeaderElection68: begin an election at term 1 for -1: [d8b95b00-da60-4d32-b98b-f7948dc8829f:192.168.164.218:42452, 8d84e925-5f92-47d9-8e30-963abaaefd00:192.168.164.218:37501, 58a10920-990c-4d55-aea6-fc08cab808bc:192.168.164.218:40033], old=null
2019-09-27 21:17:48,896 [58a10920-990c-4d55-aea6-fc08cab808bc@group-182D1F4CD95D:LeaderElection67] INFO  impl.LeaderElection (LeaderElection.java:askForVotes(182)) - 58a10920-990c-4d55-aea6-fc08cab808bc@group-182D1F4CD95D:LeaderElection67: begin an election at term 1 for -1: [58a10920-990c-4d55-aea6-fc08cab808bc:192.168.164.218:40033], old=null
2019-09-27 21:17:48,896 [58a10920-990c-4d55-aea6-fc08cab808bc@group-182D1F4CD95D:LeaderElection67] INFO  impl.RoleInfo (RoleInfo.java:shutdownLeaderElection(134)) - 58a10920-990c-4d55-aea6-fc08cab808bc: shutdown LeaderElection
2019-09-27 21:17:48,897 [58a10920-990c-4d55-aea6-fc08cab808bc@group-182D1F4CD95D:LeaderElection67] INFO  impl.RaftServerImpl (RaftServerImpl.java:setRole(174)) - 58a10920-990c-4d55-aea6-fc08cab808bc@group-182D1F4CD95D: changes role from CANDIDATE to LEADER at term 1 for changeToLeader
2019-09-27 21:17:48,897 [58a10920-990c-4d55-aea6-fc08cab808bc@group-182D1F4CD95D:LeaderElection67] INFO  impl.RaftServerImpl (ServerState.java:setLeader(253)) - 58a10920-990c-4d55-aea6-fc08cab808bc@group-182D1F4CD95D: change Leader from null to 58a10920-990c-4d55-aea6-fc08cab808bc at term 1 for becomeLeader, leader elected after 5141ms
2019-09-27 21:17:48,897 [58a10920-990c-4d55-aea6-fc08cab808bc@group-182D1F4CD95D:LeaderElection67] INFO  server.RaftServerConfigKeys (ConfUtils.java:logGet(43)) - raft.server.staging.catchup.gap = 1000 (default)
2019-09-27 21:17:48,897 [58a10920-990c-4d55-aea6-fc08cab808bc@group-182D1F4CD95D:LeaderElection67] INFO  server.RaftServerConfigKeys (ConfUtils.java:logGet(43)) - raft.server.rpc.sleep.time = 25ms (default)
2019-09-27 21:17:48,897 [58a10920-990c-4d55-aea6-fc08cab808bc@group-182D1F4CD95D:LeaderElection67] INFO  server.RaftServerConfigKeys (ConfUtils.java:logGet(43)) - raft.server.write.element-limit = 4096 (default)
2019-09-27 21:17:48,897 [58a10920-990c-4d55-aea6-fc08cab808bc@group-182D1F4CD95D:LeaderElection67] INFO  server.RaftServerConfigKeys (ConfUtils.java:logGet(43)) - raft.server.watch.timeout = 10s (default)
2019-09-27 21:17:48,898 [58a10920-990c-4d55-aea6-fc08cab808bc@group-182D1F4CD95D:LeaderElection67] INFO  server.RaftServerConfigKeys (ConfUtils.java:logGet(43)) - raft.server.watch.timeout.denomination = 1s (default)
2019-09-27 21:17:48,898 [58a10920-990c-4d55-aea6-fc08cab808bc@group-182D1F4CD95D:LeaderElection67] INFO  server.RaftServerConfigKeys (ConfUtils.java:logGet(43)) - raft.server.watch.element-limit = 65536 (default)
2019-09-27 21:17:48,902 [58a10920-990c-4d55-aea6-fc08cab808bc@group-182D1F4CD95D:LeaderElection67] INFO  impl.RoleInfo (RoleInfo.java:updateAndGet(143)) - 58a10920-990c-4d55-aea6-fc08cab808bc: start LeaderState
2019-09-27 21:17:48,903 [58a10920-990c-4d55-aea6-fc08cab808bc@group-182D1F4CD95D:LeaderElection67] INFO  segmented.SegmentedRaftLogWorker (SegmentedRaftLogWorker.java:startLogSegment(380)) - 58a10920-990c-4d55-aea6-fc08cab808bc@group-182D1F4CD95D-SegmentedRaftLogWorker: Starting segment from index:0
2019-09-27 21:17:48,903 [58a10920-990c-4d55-aea6-fc08cab808bc@group-182D1F4CD95D:LeaderElection67] INFO  impl.RaftServerImpl (ServerState.java:setRaftConf(354)) - 58a10920-990c-4d55-aea6-fc08cab808bc@group-182D1F4CD95D: set configuration 0: [58a10920-990c-4d55-aea6-fc08cab808bc:192.168.164.218:40033], old=null at 0
2019-09-27 21:17:48,932 [grpc-default-executor-9] INFO  impl.RaftServerImpl (RaftServerImpl.java:setRole(174)) - 8d84e925-5f92-47d9-8e30-963abaaefd00@group-B42C5F12EB66: changes role from  FOLLOWER to FOLLOWER at term 1 for recognizeCandidate:58a10920-990c-4d55-aea6-fc08cab808bc
2019-09-27 21:17:48,932 [grpc-default-executor-7] INFO  impl.RaftServerImpl (RaftServerImpl.java:setRole(174)) - d8b95b00-da60-4d32-b98b-f7948dc8829f@group-B42C5F12EB66: changes role from  FOLLOWER to FOLLOWER at term 1 for recognizeCandidate:58a10920-990c-4d55-aea6-fc08cab808bc
2019-09-27 21:17:48,933 [grpc-default-executor-9] INFO  impl.RoleInfo (RoleInfo.java:shutdownFollowerState(121)) - 8d84e925-5f92-47d9-8e30-963abaaefd00: shutdown FollowerState
2019-09-27 21:17:48,933 [grpc-default-executor-7] INFO  impl.RoleInfo (RoleInfo.java:shutdownFollowerState(121)) - d8b95b00-da60-4d32-b98b-f7948dc8829f: shutdown FollowerState
2019-09-27 21:17:48,933 [grpc-default-executor-9] INFO  impl.RoleInfo (RoleInfo.java:updateAndGet(143)) - 8d84e925-5f92-47d9-8e30-963abaaefd00: start FollowerState
2019-09-27 21:17:48,933 [Thread-3088] INFO  impl.FollowerState (FollowerState.java:run(115)) - d8b95b00-da60-4d32-b98b-f7948dc8829f: FollowerState was interrupted: java.lang.InterruptedException: sleep interrupted
2019-09-27 21:17:48,933 [Thread-3085] INFO  impl.FollowerState (FollowerState.java:run(115)) - 8d84e925-5f92-47d9-8e30-963abaaefd00: FollowerState was interrupted: java.lang.InterruptedException: sleep interrupted
2019-09-27 21:17:48,933 [grpc-default-executor-7] INFO  impl.RoleInfo (RoleInfo.java:updateAndGet(143)) - d8b95b00-da60-4d32-b98b-f7948dc8829f: start FollowerState
2019-09-27 21:17:48,946 [58a10920-990c-4d55-aea6-fc08cab808bc@group-182D1F4CD95D-SegmentedRaftLogWorker] INFO  segmented.SegmentedRaftLogWorker (SegmentedRaftLogWorker.java:execute(569)) - 58a10920-990c-4d55-aea6-fc08cab808bc@group-182D1F4CD95D-SegmentedRaftLogWorker: created new log segment /workdir/hadoop-ozone/integration-test/target/test-dir/MiniOzoneClusterImpl-117ebbbb-8886-40cd-9900-3c45df34c9b4/datanode-1/data/ratis/d603382d-f832-47f2-a52c-182d1f4cd95d/current/log_inprogress_0
2019-09-27 21:17:48,953 [58a10920-990c-4d55-aea6-fc08cab808bc@group-B42C5F12EB66:LeaderElection68] INFO  impl.LeaderElection (LeaderElection.java:logAndReturn(56)) - 58a10920-990c-4d55-aea6-fc08cab808bc@group-B42C5F12EB66:LeaderElection68: Election PASSED; received 1 response(s) [58a10920-990c-4d55-aea6-fc08cab808bc<-d8b95b00-da60-4d32-b98b-f7948dc8829f#0:OK-t1] and 0 exception(s); 58a10920-990c-4d55-aea6-fc08cab808bc@group-B42C5F12EB66:t1, leader=null, voted=58a10920-990c-4d55-aea6-fc08cab808bc, raftlog=58a10920-990c-4d55-aea6-fc08cab808bc@group-B42C5F12EB66-SegmentedRaftLog:OPENED:c-1,f-1,i0, conf=-1: [d8b95b00-da60-4d32-b98b-f7948dc8829f:192.168.164.218:42452, 8d84e925-5f92-47d9-8e30-963abaaefd00:192.168.164.218:37501, 58a10920-990c-4d55-aea6-fc08cab808bc:192.168.164.218:40033], old=null
2019-09-27 21:17:48,954 [58a10920-990c-4d55-aea6-fc08cab808bc@group-B42C5F12EB66:LeaderElection68] INFO  impl.RoleInfo (RoleInfo.java:shutdownLeaderElection(134)) - 58a10920-990c-4d55-aea6-fc08cab808bc: shutdown LeaderElection
2019-09-27 21:17:48,954 [58a10920-990c-4d55-aea6-fc08cab808bc@group-B42C5F12EB66:LeaderElection68] INFO  impl.RaftServerImpl (RaftServerImpl.java:setRole(174)) - 58a10920-990c-4d55-aea6-fc08cab808bc@group-B42C5F12EB66: changes role from CANDIDATE to LEADER at term 1 for changeToLeader
2019-09-27 21:17:48,954 [58a10920-990c-4d55-aea6-fc08cab808bc@group-B42C5F12EB66:LeaderElection68] INFO  impl.RaftServerImpl (ServerState.java:setLeader(253)) - 58a10920-990c-4d55-aea6-fc08cab808bc@group-B42C5F12EB66: change Leader from null to 58a10920-990c-4d55-aea6-fc08cab808bc at term 1 for becomeLeader, leader elected after 5098ms
2019-09-27 21:17:48,954 [58a10920-990c-4d55-aea6-fc08cab808bc@group-B42C5F12EB66:LeaderElection68] INFO  server.RaftServerConfigKeys (ConfUtils.java:logGet(43)) - raft.server.staging.catchup.gap = 1000 (default)
2019-09-27 21:17:48,954 [58a10920-990c-4d55-aea6-fc08cab808bc@group-B42C5F12EB66:LeaderElection68] INFO  server.RaftServerConfigKeys (ConfUtils.java:logGet(43)) - raft.server.rpc.sleep.time = 25ms (default)
2019-09-27 21:17:48,954 [58a10920-990c-4d55-aea6-fc08cab808bc@group-B42C5F12EB66:LeaderElection68] INFO  server.RaftServerConfigKeys (ConfUtils.java:logGet(43)) - raft.server.write.element-limit = 4096 (default)
2019-09-27 21:17:48,955 [58a10920-990c-4d55-aea6-fc08cab808bc@group-B42C5F12EB66:LeaderElection68] INFO  server.RaftServerConfigKeys (ConfUtils.java:logGet(43)) - raft.server.watch.timeout = 10s (default)
2019-09-27 21:17:48,955 [58a10920-990c-4d55-aea6-fc08cab808bc@group-B42C5F12EB66:LeaderElection68] INFO  server.RaftServerConfigKeys (ConfUtils.java:logGet(43)) - raft.server.watch.timeout.denomination = 1s (default)
2019-09-27 21:17:48,955 [58a10920-990c-4d55-aea6-fc08cab808bc@group-B42C5F12EB66:LeaderElection68] INFO  server.RaftServerConfigKeys (ConfUtils.java:logGet(43)) - raft.server.watch.element-limit = 65536 (default)
2019-09-27 21:17:48,956 [Thread-3080] INFO  impl.FollowerState (FollowerState.java:run(106)) - 8d84e925-5f92-47d9-8e30-963abaaefd00:group-284B6891D008 changes to CANDIDATE, lastRpcTime:5145, electionTimeout:5145ms
2019-09-27 21:17:48,958 [Thread-3080] INFO  impl.RoleInfo (RoleInfo.java:shutdownFollowerState(121)) - 8d84e925-5f92-47d9-8e30-963abaaefd00: shutdown FollowerState
2019-09-27 21:17:48,958 [Thread-3080] INFO  impl.RaftServerImpl (RaftServerImpl.java:setRole(174)) - 8d84e925-5f92-47d9-8e30-963abaaefd00@group-284B6891D008: changes role from  FOLLOWER to CANDIDATE at term 0 for changeToCandidate
2019-09-27 21:17:48,958 [Thread-3080] INFO  impl.RoleInfo (RoleInfo.java:updateAndGet(143)) - 8d84e925-5f92-47d9-8e30-963abaaefd00: start LeaderElection
2019-09-27 21:17:48,964 [58a10920-990c-4d55-aea6-fc08cab808bc@group-B42C5F12EB66:LeaderElection68] INFO  server.RaftServerConfigKeys (ConfUtils.java:logGet(43)) - raft.server.log.appender.snapshot.chunk.size.max = 16MB (=16777216) (default)
2019-09-27 21:17:48,965 [58a10920-990c-4d55-aea6-fc08cab808bc@group-B42C5F12EB66:LeaderElection68] INFO  server.RaftServerConfigKeys (ConfUtils.java:logGet(43)) - raft.server.log.appender.buffer.byte-limit = 33554432 (custom)
2019-09-27 21:17:48,965 [58a10920-990c-4d55-aea6-fc08cab808bc@group-B42C5F12EB66:LeaderElection68] INFO  server.RaftServerConfigKeys (ConfUtils.java:logGet(43)) - raft.server.log.appender.buffer.element-limit = 1 (custom)
2019-09-27 21:17:48,965 [58a10920-990c-4d55-aea6-fc08cab808bc@group-B42C5F12EB66:LeaderElection68] INFO  grpc.GrpcConfigKeys$Server (ConfUtils.java:logGet(43)) - raft.grpc.server.leader.outstanding.appends.max = 128 (default)
2019-09-27 21:17:48,965 [58a10920-990c-4d55-aea6-fc08cab808bc@group-B42C5F12EB66:LeaderElection68] INFO  server.RaftServerConfigKeys (ConfUtils.java:logGet(43)) - raft.server.rpc.request.timeout = 3000ms (default)
2019-09-27 21:17:48,966 [58a10920-990c-4d55-aea6-fc08cab808bc@group-B42C5F12EB66:LeaderElection68] INFO  server.RaftServerConfigKeys (ConfUtils.java:logGet(43)) - raft.server.log.appender.install.snapshot.enabled = false (custom)
2019-09-27 21:17:48,966 [58a10920-990c-4d55-aea6-fc08cab808bc@group-B42C5F12EB66:LeaderElection68] INFO  server.RaftServerConfigKeys (ConfUtils.java:logGet(43)) - raft.server.log.appender.snapshot.chunk.size.max = 16MB (=16777216) (default)
2019-09-27 21:17:48,966 [58a10920-990c-4d55-aea6-fc08cab808bc@group-B42C5F12EB66:LeaderElection68] INFO  server.RaftServerConfigKeys (ConfUtils.java:logGet(43)) - raft.server.log.appender.buffer.byte-limit = 33554432 (custom)
2019-09-27 21:17:48,966 [58a10920-990c-4d55-aea6-fc08cab808bc@group-B42C5F12EB66:LeaderElection68] INFO  server.RaftServerConfigKeys (ConfUtils.java:logGet(43)) - raft.server.log.appender.buffer.element-limit = 1 (custom)
2019-09-27 21:17:48,966 [58a10920-990c-4d55-aea6-fc08cab808bc@group-B42C5F12EB66:LeaderElection68] INFO  grpc.GrpcConfigKeys$Server (ConfUtils.java:logGet(43)) - raft.grpc.server.leader.outstanding.appends.max = 128 (default)
2019-09-27 21:17:48,967 [58a10920-990c-4d55-aea6-fc08cab808bc@group-B42C5F12EB66:LeaderElection68] INFO  server.RaftServerConfigKeys (ConfUtils.java:logGet(43)) - raft.server.rpc.request.timeout = 3000ms (default)
2019-09-27 21:17:48,967 [58a10920-990c-4d55-aea6-fc08cab808bc@group-B42C5F12EB66:LeaderElection68] INFO  server.RaftServerConfigKeys (ConfUtils.java:logGet(43)) - raft.server.log.appender.install.snapshot.enabled = false (custom)
2019-09-27 21:17:48,967 [58a10920-990c-4d55-aea6-fc08cab808bc@group-B42C5F12EB66:LeaderElection68] INFO  impl.RoleInfo (RoleInfo.java:updateAndGet(143)) - 58a10920-990c-4d55-aea6-fc08cab808bc: start LeaderState
2019-09-27 21:17:48,967 [58a10920-990c-4d55-aea6-fc08cab808bc@group-B42C5F12EB66:LeaderElection68] INFO  segmented.SegmentedRaftLogWorker (SegmentedRaftLogWorker.java:startLogSegment(380)) - 58a10920-990c-4d55-aea6-fc08cab808bc@group-B42C5F12EB66-SegmentedRaftLogWorker: Starting segment from index:0
2019-09-27 21:17:48,968 [58a10920-990c-4d55-aea6-fc08cab808bc@group-B42C5F12EB66:LeaderElection68] INFO  impl.RaftServerImpl (ServerState.java:setRaftConf(354)) - 58a10920-990c-4d55-aea6-fc08cab808bc@group-B42C5F12EB66: set configuration 0: [d8b95b00-da60-4d32-b98b-f7948dc8829f:192.168.164.218:42452, 8d84e925-5f92-47d9-8e30-963abaaefd00:192.168.164.218:37501, 58a10920-990c-4d55-aea6-fc08cab808bc:192.168.164.218:40033], old=null at 0
2019-09-27 21:17:49,000 [8d84e925-5f92-47d9-8e30-963abaaefd00@group-284B6891D008:LeaderElection69] INFO  impl.LeaderElection (LeaderElection.java:askForVotes(182)) - 8d84e925-5f92-47d9-8e30-963abaaefd00@group-284B6891D008:LeaderElection69: begin an election at term 1 for -1: [8d84e925-5f92-47d9-8e30-963abaaefd00:192.168.164.218:37501], old=null
2019-09-27 21:17:49,000 [8d84e925-5f92-47d9-8e30-963abaaefd00@group-284B6891D008:LeaderElection69] INFO  impl.RoleInfo (RoleInfo.java:shutdownLeaderElection(134)) - 8d84e925-5f92-47d9-8e30-963abaaefd00: shutdown LeaderElection
2019-09-27 21:17:49,000 [8d84e925-5f92-47d9-8e30-963abaaefd00@group-284B6891D008:LeaderElection69] INFO  impl.RaftServerImpl (RaftServerImpl.java:setRole(174)) - 8d84e925-5f92-47d9-8e30-963abaaefd00@group-284B6891D008: changes role from CANDIDATE to LEADER at term 1 for changeToLeader
2019-09-27 21:17:49,000 [8d84e925-5f92-47d9-8e30-963abaaefd00@group-284B6891D008:LeaderElection69] INFO  impl.RaftServerImpl (ServerState.java:setLeader(253)) - 8d84e925-5f92-47d9-8e30-963abaaefd00@group-284B6891D008: change Leader from null to 8d84e925-5f92-47d9-8e30-963abaaefd00 at term 1 for becomeLeader, leader elected after 5195ms
2019-09-27 21:17:49,001 [8d84e925-5f92-47d9-8e30-963abaaefd00@group-284B6891D008:LeaderElection69] INFO  server.RaftServerConfigKeys (ConfUtils.java:logGet(43)) - raft.server.staging.catchup.gap = 1000 (default)
2019-09-27 21:17:49,001 [8d84e925-5f92-47d9-8e30-963abaaefd00@group-284B6891D008:LeaderElection69] INFO  server.RaftServerConfigKeys (ConfUtils.java:logGet(43)) - raft.server.rpc.sleep.time = 25ms (default)
2019-09-27 21:17:49,001 [8d84e925-5f92-47d9-8e30-963abaaefd00@group-284B6891D008:LeaderElection69] INFO  server.RaftServerConfigKeys (ConfUtils.java:logGet(43)) - raft.server.write.element-limit = 4096 (default)
2019-09-27 21:17:49,003 [grpc-default-executor-9] INFO  impl.RaftServerImpl (ServerState.java:setLeader(253)) - d8b95b00-da60-4d32-b98b-f7948dc8829f@group-B42C5F12EB66: change Leader from null to 58a10920-990c-4d55-aea6-fc08cab808bc at term 1 for appendEntries, leader elected after 5147ms
2019-09-27 21:17:49,003 [8d84e925-5f92-47d9-8e30-963abaaefd00@group-284B6891D008:LeaderElection69] INFO  server.RaftServerConfigKeys (ConfUtils.java:logGet(43)) - raft.server.watch.timeout = 10s (default)
2019-09-27 21:17:49,004 [8d84e925-5f92-47d9-8e30-963abaaefd00@group-284B6891D008:LeaderElection69] INFO  server.RaftServerConfigKeys (ConfUtils.java:logGet(43)) - raft.server.watch.timeout.denomination = 1s (default)
2019-09-27 21:17:49,004 [8d84e925-5f92-47d9-8e30-963abaaefd00@group-284B6891D008:LeaderElection69] INFO  server.RaftServerConfigKeys (ConfUtils.java:logGet(43)) - raft.server.watch.element-limit = 65536 (default)
2019-09-27 21:17:49,006 [grpc-default-executor-7] INFO  impl.RaftServerImpl (ServerState.java:setLeader(253)) - 8d84e925-5f92-47d9-8e30-963abaaefd00@group-B42C5F12EB66: change Leader from null to 58a10920-990c-4d55-aea6-fc08cab808bc at term 1 for appendEntries, leader elected after 5148ms
2019-09-27 21:17:49,008 [grpc-default-executor-7] INFO  impl.RaftServerImpl (ServerState.java:setRaftConf(354)) - d8b95b00-da60-4d32-b98b-f7948dc8829f@group-B42C5F12EB66: set configuration 0: [d8b95b00-da60-4d32-b98b-f7948dc8829f:192.168.164.218:42452, 8d84e925-5f92-47d9-8e30-963abaaefd00:192.168.164.218:37501, 58a10920-990c-4d55-aea6-fc08cab808bc:192.168.164.218:40033], old=null at 0
2019-09-27 21:17:49,008 [grpc-default-executor-9] INFO  impl.RaftServerImpl (ServerState.java:setRaftConf(354)) - 8d84e925-5f92-47d9-8e30-963abaaefd00@group-B42C5F12EB66: set configuration 0: [d8b95b00-da60-4d32-b98b-f7948dc8829f:192.168.164.218:42452, 8d84e925-5f92-47d9-8e30-963abaaefd00:192.168.164.218:37501, 58a10920-990c-4d55-aea6-fc08cab808bc:192.168.164.218:40033], old=null at 0
2019-09-27 21:17:49,008 [8d84e925-5f92-47d9-8e30-963abaaefd00@group-284B6891D008:LeaderElection69] INFO  impl.RoleInfo (RoleInfo.java:updateAndGet(143)) - 8d84e925-5f92-47d9-8e30-963abaaefd00: start LeaderState
2019-09-27 21:17:49,008 [grpc-default-executor-9] INFO  segmented.SegmentedRaftLogWorker (SegmentedRaftLogWorker.java:startLogSegment(380)) - 8d84e925-5f92-47d9-8e30-963abaaefd00@group-B42C5F12EB66-SegmentedRaftLogWorker: Starting segment from index:0
2019-09-27 21:17:49,008 [grpc-default-executor-7] INFO  segmented.SegmentedRaftLogWorker (SegmentedRaftLogWorker.java:startLogSegment(380)) - d8b95b00-da60-4d32-b98b-f7948dc8829f@group-B42C5F12EB66-SegmentedRaftLogWorker: Starting segment from index:0
2019-09-27 21:17:49,008 [8d84e925-5f92-47d9-8e30-963abaaefd00@group-284B6891D008:LeaderElection69] INFO  segmented.SegmentedRaftLogWorker (SegmentedRaftLogWorker.java:startLogSegment(380)) - 8d84e925-5f92-47d9-8e30-963abaaefd00@group-284B6891D008-SegmentedRaftLogWorker: Starting segment from index:0
2019-09-27 21:17:49,009 [8d84e925-5f92-47d9-8e30-963abaaefd00@group-284B6891D008:LeaderElection69] INFO  impl.RaftServerImpl (ServerState.java:setRaftConf(354)) - 8d84e925-5f92-47d9-8e30-963abaaefd00@group-284B6891D008: set configuration 0: [8d84e925-5f92-47d9-8e30-963abaaefd00:192.168.164.218:37501], old=null at 0
2019-09-27 21:17:49,042 [58a10920-990c-4d55-aea6-fc08cab808bc@group-B42C5F12EB66-SegmentedRaftLogWorker] INFO  segmented.SegmentedRaftLogWorker (SegmentedRaftLogWorker.java:execute(569)) - 58a10920-990c-4d55-aea6-fc08cab808bc@group-B42C5F12EB66-SegmentedRaftLogWorker: created new log segment /workdir/hadoop-ozone/integration-test/target/test-dir/MiniOzoneClusterImpl-117ebbbb-8886-40cd-9900-3c45df34c9b4/datanode-1/data/ratis/a6d05b43-34e2-4fa1-b02e-b42c5f12eb66/current/log_inprogress_0
2019-09-27 21:17:49,054 [8d84e925-5f92-47d9-8e30-963abaaefd00@group-B42C5F12EB66-SegmentedRaftLogWorker] INFO  segmented.SegmentedRaftLogWorker (SegmentedRaftLogWorker.java:execute(569)) - 8d84e925-5f92-47d9-8e30-963abaaefd00@group-B42C5F12EB66-SegmentedRaftLogWorker: created new log segment /workdir/hadoop-ozone/integration-test/target/test-dir/MiniOzoneClusterImpl-117ebbbb-8886-40cd-9900-3c45df34c9b4/datanode-2/data/ratis/a6d05b43-34e2-4fa1-b02e-b42c5f12eb66/current/log_inprogress_0
2019-09-27 21:17:49,054 [d8b95b00-da60-4d32-b98b-f7948dc8829f@group-B42C5F12EB66-SegmentedRaftLogWorker] INFO  segmented.SegmentedRaftLogWorker (SegmentedRaftLogWorker.java:execute(569)) - d8b95b00-da60-4d32-b98b-f7948dc8829f@group-B42C5F12EB66-SegmentedRaftLogWorker: created new log segment /workdir/hadoop-ozone/integration-test/target/test-dir/MiniOzoneClusterImpl-117ebbbb-8886-40cd-9900-3c45df34c9b4/datanode-0/data/ratis/a6d05b43-34e2-4fa1-b02e-b42c5f12eb66/current/log_inprogress_0
2019-09-27 21:17:49,054 [8d84e925-5f92-47d9-8e30-963abaaefd00@group-284B6891D008-SegmentedRaftLogWorker] INFO  segmented.SegmentedRaftLogWorker (SegmentedRaftLogWorker.java:execute(569)) - 8d84e925-5f92-47d9-8e30-963abaaefd00@group-284B6891D008-SegmentedRaftLogWorker: created new log segment /workdir/hadoop-ozone/integration-test/target/test-dir/MiniOzoneClusterImpl-117ebbbb-8886-40cd-9900-3c45df34c9b4/datanode-2/data/ratis/996802f1-3a7e-43e6-a8ad-284b6891d008/current/log_inprogress_0
2019-09-27 21:17:49,061 [Thread-3095] INFO  impl.FollowerState (FollowerState.java:run(106)) - 5bb6ddff-d9e4-48cd-b3b7-ec149b329306:group-AEC5F2FE0696 changes to CANDIDATE, lastRpcTime:5060, electionTimeout:5060ms
2019-09-27 21:17:49,062 [Thread-3095] INFO  impl.RoleInfo (RoleInfo.java:shutdownFollowerState(121)) - 5bb6ddff-d9e4-48cd-b3b7-ec149b329306: shutdown FollowerState
2019-09-27 21:17:49,062 [Thread-3095] INFO  impl.RaftServerImpl (RaftServerImpl.java:setRole(174)) - 5bb6ddff-d9e4-48cd-b3b7-ec149b329306@group-AEC5F2FE0696: changes role from  FOLLOWER to CANDIDATE at term 0 for changeToCandidate
2019-09-27 21:17:49,062 [Thread-3095] INFO  impl.RoleInfo (RoleInfo.java:updateAndGet(143)) - 5bb6ddff-d9e4-48cd-b3b7-ec149b329306: start LeaderElection
2019-09-27 21:17:49,078 [5bb6ddff-d9e4-48cd-b3b7-ec149b329306@group-AEC5F2FE0696:LeaderElection70] INFO  impl.LeaderElection (LeaderElection.java:askForVotes(182)) - 5bb6ddff-d9e4-48cd-b3b7-ec149b329306@group-AEC5F2FE0696:LeaderElection70: begin an election at term 1 for -1: [5bb6ddff-d9e4-48cd-b3b7-ec149b329306:192.168.164.218:45930], old=null
2019-09-27 21:17:49,078 [5bb6ddff-d9e4-48cd-b3b7-ec149b329306@group-AEC5F2FE0696:LeaderElection70] INFO  impl.RoleInfo (RoleInfo.java:shutdownLeaderElection(134)) - 5bb6ddff-d9e4-48cd-b3b7-ec149b329306: shutdown LeaderElection
2019-09-27 21:17:49,078 [5bb6ddff-d9e4-48cd-b3b7-ec149b329306@group-AEC5F2FE0696:LeaderElection70] INFO  impl.RaftServerImpl (RaftServerImpl.java:setRole(174)) - 5bb6ddff-d9e4-48cd-b3b7-ec149b329306@group-AEC5F2FE0696: changes role from CANDIDATE to LEADER at term 1 for changeToLeader
2019-09-27 21:17:49,078 [5bb6ddff-d9e4-48cd-b3b7-ec149b329306@group-AEC5F2FE0696:LeaderElection70] INFO  impl.RaftServerImpl (ServerState.java:setLeader(253)) - 5bb6ddff-d9e4-48cd-b3b7-ec149b329306@group-AEC5F2FE0696: change Leader from null to 5bb6ddff-d9e4-48cd-b3b7-ec149b329306 at term 1 for becomeLeader, leader elected after 5082ms
2019-09-27 21:17:49,079 [5bb6ddff-d9e4-48cd-b3b7-ec149b329306@group-AEC5F2FE0696:LeaderElection70] INFO  server.RaftServerConfigKeys (ConfUtils.java:logGet(43)) - raft.server.staging.catchup.gap = 1000 (default)
2019-09-27 21:17:49,079 [5bb6ddff-d9e4-48cd-b3b7-ec149b329306@group-AEC5F2FE0696:LeaderElection70] INFO  server.RaftServerConfigKeys (ConfUtils.java:logGet(43)) - raft.server.rpc.sleep.time = 25ms (default)
2019-09-27 21:17:49,079 [5bb6ddff-d9e4-48cd-b3b7-ec149b329306@group-AEC5F2FE0696:LeaderElection70] INFO  server.RaftServerConfigKeys (ConfUtils.java:logGet(43)) - raft.server.write.element-limit = 4096 (default)
2019-09-27 21:17:49,079 [5bb6ddff-d9e4-48cd-b3b7-ec149b329306@group-AEC5F2FE0696:LeaderElection70] INFO  server.RaftServerConfigKeys (ConfUtils.java:logGet(43)) - raft.server.watch.timeout = 10s (default)
2019-09-27 21:17:49,079 [5bb6ddff-d9e4-48cd-b3b7-ec149b329306@group-AEC5F2FE0696:LeaderElection70] INFO  server.RaftServerConfigKeys (ConfUtils.java:logGet(43)) - raft.server.watch.timeout.denomination = 1s (default)
2019-09-27 21:17:49,079 [5bb6ddff-d9e4-48cd-b3b7-ec149b329306@group-AEC5F2FE0696:LeaderElection70] INFO  server.RaftServerConfigKeys (ConfUtils.java:logGet(43)) - raft.server.watch.element-limit = 65536 (default)
2019-09-27 21:17:49,080 [5bb6ddff-d9e4-48cd-b3b7-ec149b329306@group-AEC5F2FE0696:LeaderElection70] INFO  impl.RoleInfo (RoleInfo.java:updateAndGet(143)) - 5bb6ddff-d9e4-48cd-b3b7-ec149b329306: start LeaderState
2019-09-27 21:17:49,081 [5bb6ddff-d9e4-48cd-b3b7-ec149b329306@group-AEC5F2FE0696:LeaderElection70] INFO  segmented.SegmentedRaftLogWorker (SegmentedRaftLogWorker.java:startLogSegment(380)) - 5bb6ddff-d9e4-48cd-b3b7-ec149b329306@group-AEC5F2FE0696-SegmentedRaftLogWorker: Starting segment from index:0
2019-09-27 21:17:49,081 [5bb6ddff-d9e4-48cd-b3b7-ec149b329306@group-AEC5F2FE0696:LeaderElection70] INFO  impl.RaftServerImpl (ServerState.java:setRaftConf(354)) - 5bb6ddff-d9e4-48cd-b3b7-ec149b329306@group-AEC5F2FE0696: set configuration 0: [5bb6ddff-d9e4-48cd-b3b7-ec149b329306:192.168.164.218:45930], old=null at 0
2019-09-27 21:17:49,119 [5bb6ddff-d9e4-48cd-b3b7-ec149b329306@group-AEC5F2FE0696-SegmentedRaftLogWorker] INFO  segmented.SegmentedRaftLogWorker (SegmentedRaftLogWorker.java:execute(569)) - 5bb6ddff-d9e4-48cd-b3b7-ec149b329306@group-AEC5F2FE0696-SegmentedRaftLogWorker: created new log segment /workdir/hadoop-ozone/integration-test/target/test-dir/MiniOzoneClusterImpl-117ebbbb-8886-40cd-9900-3c45df34c9b4/datanode-5/data/ratis/a9325ae0-1279-437b-9ae9-aec5f2fe0696/current/log_inprogress_0
2019-09-27 21:17:49,142 [Thread-3092] INFO  impl.FollowerState (FollowerState.java:run(106)) - f7eefd9a-04f9-4cba-bddd-fa47b4b434ab:group-E8D44BBC9841 changes to CANDIDATE, lastRpcTime:5197, electionTimeout:5190ms
2019-09-27 21:17:49,142 [Thread-3092] INFO  impl.RoleInfo (RoleInfo.java:shutdownFollowerState(121)) - f7eefd9a-04f9-4cba-bddd-fa47b4b434ab: shutdown FollowerState
2019-09-27 21:17:49,143 [Thread-3092] INFO  impl.RaftServerImpl (RaftServerImpl.java:setRole(174)) - f7eefd9a-04f9-4cba-bddd-fa47b4b434ab@group-E8D44BBC9841: changes role from  FOLLOWER to CANDIDATE at term 0 for changeToCandidate
2019-09-27 21:17:49,143 [Thread-3092] INFO  impl.RoleInfo (RoleInfo.java:updateAndGet(143)) - f7eefd9a-04f9-4cba-bddd-fa47b4b434ab: start LeaderElection
2019-09-27 21:17:49,156 [Thread-3103] INFO  impl.FollowerState (FollowerState.java:run(106)) - 38b583e9-922a-4b96-9717-3a961b28fd9e:group-EFA0B93F7599 changes to CANDIDATE, lastRpcTime:5051, electionTimeout:5051ms
2019-09-27 21:17:49,157 [Thread-3103] INFO  impl.RoleInfo (RoleInfo.java:shutdownFollowerState(121)) - 38b583e9-922a-4b96-9717-3a961b28fd9e: shutdown FollowerState
2019-09-27 21:17:49,157 [Thread-3103] INFO  impl.RaftServerImpl (RaftServerImpl.java:setRole(174)) - 38b583e9-922a-4b96-9717-3a961b28fd9e@group-EFA0B93F7599: changes role from  FOLLOWER to CANDIDATE at term 0 for changeToCandidate
2019-09-27 21:17:49,157 [Thread-3103] INFO  impl.RoleInfo (RoleInfo.java:updateAndGet(143)) - 38b583e9-922a-4b96-9717-3a961b28fd9e: start LeaderElection
2019-09-27 21:17:49,160 [f7eefd9a-04f9-4cba-bddd-fa47b4b434ab@group-E8D44BBC9841:LeaderElection71] INFO  impl.LeaderElection (LeaderElection.java:askForVotes(182)) - f7eefd9a-04f9-4cba-bddd-fa47b4b434ab@group-E8D44BBC9841:LeaderElection71: begin an election at term 1 for -1: [f7eefd9a-04f9-4cba-bddd-fa47b4b434ab:192.168.164.218:34960], old=null
2019-09-27 21:17:49,160 [f7eefd9a-04f9-4cba-bddd-fa47b4b434ab@group-E8D44BBC9841:LeaderElection71] INFO  impl.RoleInfo (RoleInfo.java:shutdownLeaderElection(134)) - f7eefd9a-04f9-4cba-bddd-fa47b4b434ab: shutdown LeaderElection
2019-09-27 21:17:49,160 [f7eefd9a-04f9-4cba-bddd-fa47b4b434ab@group-E8D44BBC9841:LeaderElection71] INFO  impl.RaftServerImpl (RaftServerImpl.java:setRole(174)) - f7eefd9a-04f9-4cba-bddd-fa47b4b434ab@group-E8D44BBC9841: changes role from CANDIDATE to LEADER at term 1 for changeToLeader
2019-09-27 21:17:49,160 [f7eefd9a-04f9-4cba-bddd-fa47b4b434ab@group-E8D44BBC9841:LeaderElection71] INFO  impl.RaftServerImpl (ServerState.java:setLeader(253)) - f7eefd9a-04f9-4cba-bddd-fa47b4b434ab@group-E8D44BBC9841: change Leader from null to f7eefd9a-04f9-4cba-bddd-fa47b4b434ab at term 1 for becomeLeader, leader elected after 5220ms
2019-09-27 21:17:49,160 [f7eefd9a-04f9-4cba-bddd-fa47b4b434ab@group-E8D44BBC9841:LeaderElection71] INFO  server.RaftServerConfigKeys (ConfUtils.java:logGet(43)) - raft.server.staging.catchup.gap = 1000 (default)
2019-09-27 21:17:49,161 [f7eefd9a-04f9-4cba-bddd-fa47b4b434ab@group-E8D44BBC9841:LeaderElection71] INFO  server.RaftServerConfigKeys (ConfUtils.java:logGet(43)) - raft.server.rpc.sleep.time = 25ms (default)
2019-09-27 21:17:49,161 [f7eefd9a-04f9-4cba-bddd-fa47b4b434ab@group-E8D44BBC9841:LeaderElection71] INFO  server.RaftServerConfigKeys (ConfUtils.java:logGet(43)) - raft.server.write.element-limit = 4096 (default)
2019-09-27 21:17:49,161 [f7eefd9a-04f9-4cba-bddd-fa47b4b434ab@group-E8D44BBC9841:LeaderElection71] INFO  server.RaftServerConfigKeys (ConfUtils.java:logGet(43)) - raft.server.watch.timeout = 10s (default)
2019-09-27 21:17:49,161 [f7eefd9a-04f9-4cba-bddd-fa47b4b434ab@group-E8D44BBC9841:LeaderElection71] INFO  server.RaftServerConfigKeys (ConfUtils.java:logGet(43)) - raft.server.watch.timeout.denomination = 1s (default)
2019-09-27 21:17:49,161 [f7eefd9a-04f9-4cba-bddd-fa47b4b434ab@group-E8D44BBC9841:LeaderElection71] INFO  server.RaftServerConfigKeys (ConfUtils.java:logGet(43)) - raft.server.watch.element-limit = 65536 (default)
2019-09-27 21:17:49,162 [38b583e9-922a-4b96-9717-3a961b28fd9e@group-EFA0B93F7599:LeaderElection72] INFO  impl.LeaderElection (LeaderElection.java:askForVotes(182)) - 38b583e9-922a-4b96-9717-3a961b28fd9e@group-EFA0B93F7599:LeaderElection72: begin an election at term 1 for -1: [38b583e9-922a-4b96-9717-3a961b28fd9e:192.168.164.218:39886], old=null
2019-09-27 21:17:49,162 [38b583e9-922a-4b96-9717-3a961b28fd9e@group-EFA0B93F7599:LeaderElection72] INFO  impl.RoleInfo (RoleInfo.java:shutdownLeaderElection(134)) - 38b583e9-922a-4b96-9717-3a961b28fd9e: shutdown LeaderElection
2019-09-27 21:17:49,163 [38b583e9-922a-4b96-9717-3a961b28fd9e@group-EFA0B93F7599:LeaderElection72] INFO  impl.RaftServerImpl (RaftServerImpl.java:setRole(174)) - 38b583e9-922a-4b96-9717-3a961b28fd9e@group-EFA0B93F7599: changes role from CANDIDATE to LEADER at term 1 for changeToLeader
2019-09-27 21:17:49,163 [38b583e9-922a-4b96-9717-3a961b28fd9e@group-EFA0B93F7599:LeaderElection72] INFO  impl.RaftServerImpl (ServerState.java:setLeader(253)) - 38b583e9-922a-4b96-9717-3a961b28fd9e@group-EFA0B93F7599: change Leader from null to 38b583e9-922a-4b96-9717-3a961b28fd9e at term 1 for becomeLeader, leader elected after 5062ms
2019-09-27 21:17:49,163 [f7eefd9a-04f9-4cba-bddd-fa47b4b434ab@group-E8D44BBC9841:LeaderElection71] INFO  impl.RoleInfo (RoleInfo.java:updateAndGet(143)) - f7eefd9a-04f9-4cba-bddd-fa47b4b434ab: start LeaderState
2019-09-27 21:17:49,163 [38b583e9-922a-4b96-9717-3a961b28fd9e@group-EFA0B93F7599:LeaderElection72] INFO  server.RaftServerConfigKeys (ConfUtils.java:logGet(43)) - raft.server.staging.catchup.gap = 1000 (default)
2019-09-27 21:17:49,163 [f7eefd9a-04f9-4cba-bddd-fa47b4b434ab@group-E8D44BBC9841:LeaderElection71] INFO  segmented.SegmentedRaftLogWorker (SegmentedRaftLogWorker.java:startLogSegment(380)) - f7eefd9a-04f9-4cba-bddd-fa47b4b434ab@group-E8D44BBC9841-SegmentedRaftLogWorker: Starting segment from index:0
2019-09-27 21:17:49,163 [38b583e9-922a-4b96-9717-3a961b28fd9e@group-EFA0B93F7599:LeaderElection72] INFO  server.RaftServerConfigKeys (ConfUtils.java:logGet(43)) - raft.server.rpc.sleep.time = 25ms (default)
2019-09-27 21:17:49,163 [38b583e9-922a-4b96-9717-3a961b28fd9e@group-EFA0B93F7599:LeaderElection72] INFO  server.RaftServerConfigKeys (ConfUtils.java:logGet(43)) - raft.server.write.element-limit = 4096 (default)
2019-09-27 21:17:49,163 [38b583e9-922a-4b96-9717-3a961b28fd9e@group-EFA0B93F7599:LeaderElection72] INFO  server.RaftServerConfigKeys (ConfUtils.java:logGet(43)) - raft.server.watch.timeout = 10s (default)
2019-09-27 21:17:49,163 [38b583e9-922a-4b96-9717-3a961b28fd9e@group-EFA0B93F7599:LeaderElection72] INFO  server.RaftServerConfigKeys (ConfUtils.java:logGet(43)) - raft.server.watch.timeout.denomination = 1s (default)
2019-09-27 21:17:49,164 [f7eefd9a-04f9-4cba-bddd-fa47b4b434ab@group-E8D44BBC9841:LeaderElection71] INFO  impl.RaftServerImpl (ServerState.java:setRaftConf(354)) - f7eefd9a-04f9-4cba-bddd-fa47b4b434ab@group-E8D44BBC9841: set configuration 0: [f7eefd9a-04f9-4cba-bddd-fa47b4b434ab:192.168.164.218:34960], old=null at 0
2019-09-27 21:17:49,164 [38b583e9-922a-4b96-9717-3a961b28fd9e@group-EFA0B93F7599:LeaderElection72] INFO  server.RaftServerConfigKeys (ConfUtils.java:logGet(43)) - raft.server.watch.element-limit = 65536 (default)
2019-09-27 21:17:49,193 [38b583e9-922a-4b96-9717-3a961b28fd9e@group-EFA0B93F7599:LeaderElection72] INFO  impl.RoleInfo (RoleInfo.java:updateAndGet(143)) - 38b583e9-922a-4b96-9717-3a961b28fd9e: start LeaderState
2019-09-27 21:17:49,193 [38b583e9-922a-4b96-9717-3a961b28fd9e@group-EFA0B93F7599:LeaderElection72] INFO  segmented.SegmentedRaftLogWorker (SegmentedRaftLogWorker.java:startLogSegment(380)) - 38b583e9-922a-4b96-9717-3a961b28fd9e@group-EFA0B93F7599-SegmentedRaftLogWorker: Starting segment from index:0
2019-09-27 21:17:49,193 [38b583e9-922a-4b96-9717-3a961b28fd9e@group-EFA0B93F7599:LeaderElection72] INFO  impl.RaftServerImpl (ServerState.java:setRaftConf(354)) - 38b583e9-922a-4b96-9717-3a961b28fd9e@group-EFA0B93F7599: set configuration 0: [38b583e9-922a-4b96-9717-3a961b28fd9e:192.168.164.218:39886], old=null at 0
2019-09-27 21:17:49,218 [Thread-3107] INFO  impl.FollowerState (FollowerState.java:run(106)) - 5bb6ddff-d9e4-48cd-b3b7-ec149b329306:group-C0027C2CA8B7 changes to CANDIDATE, lastRpcTime:5029, electionTimeout:5017ms
2019-09-27 21:17:49,219 [f7eefd9a-04f9-4cba-bddd-fa47b4b434ab@group-E8D44BBC9841-SegmentedRaftLogWorker] INFO  segmented.SegmentedRaftLogWorker (SegmentedRaftLogWorker.java:execute(569)) - f7eefd9a-04f9-4cba-bddd-fa47b4b434ab@group-E8D44BBC9841-SegmentedRaftLogWorker: created new log segment /workdir/hadoop-ozone/integration-test/target/test-dir/MiniOzoneClusterImpl-117ebbbb-8886-40cd-9900-3c45df34c9b4/datanode-3/data/ratis/889b92a2-ea87-4f68-bec2-e8d44bbc9841/current/log_inprogress_0
2019-09-27 21:17:49,219 [Thread-3107] INFO  impl.RoleInfo (RoleInfo.java:shutdownFollowerState(121)) - 5bb6ddff-d9e4-48cd-b3b7-ec149b329306: shutdown FollowerState
2019-09-27 21:17:49,219 [Thread-3110] INFO  impl.FollowerState (FollowerState.java:run(106)) - f7eefd9a-04f9-4cba-bddd-fa47b4b434ab:group-C0027C2CA8B7 changes to CANDIDATE, lastRpcTime:5023, electionTimeout:5000ms
2019-09-27 21:17:49,219 [Thread-3107] INFO  impl.RaftServerImpl (RaftServerImpl.java:setRole(174)) - 5bb6ddff-d9e4-48cd-b3b7-ec149b329306@group-C0027C2CA8B7: changes role from  FOLLOWER to CANDIDATE at term 0 for changeToCandidate
2019-09-27 21:17:49,219 [Thread-3110] INFO  impl.RoleInfo (RoleInfo.java:shutdownFollowerState(121)) - f7eefd9a-04f9-4cba-bddd-fa47b4b434ab: shutdown FollowerState
2019-09-27 21:17:49,219 [Thread-3110] INFO  impl.RaftServerImpl (RaftServerImpl.java:setRole(174)) - f7eefd9a-04f9-4cba-bddd-fa47b4b434ab@group-C0027C2CA8B7: changes role from  FOLLOWER to CANDIDATE at term 0 for changeToCandidate
2019-09-27 21:17:49,219 [Thread-3107] INFO  impl.RoleInfo (RoleInfo.java:updateAndGet(143)) - 5bb6ddff-d9e4-48cd-b3b7-ec149b329306: start LeaderElection
2019-09-27 21:17:49,219 [Thread-3110] INFO  impl.RoleInfo (RoleInfo.java:updateAndGet(143)) - f7eefd9a-04f9-4cba-bddd-fa47b4b434ab: start LeaderElection
2019-09-27 21:17:49,219 [Thread-3100] INFO  impl.FollowerState (FollowerState.java:run(106)) - 57d09827-5544-4e5d-8dd0-03e3d4a416e4:group-0D7AF10B2DA8 changes to CANDIDATE, lastRpcTime:5154, electionTimeout:5154ms
2019-09-27 21:17:49,223 [Thread-3100] INFO  impl.RoleInfo (RoleInfo.java:shutdownFollowerState(121)) - 57d09827-5544-4e5d-8dd0-03e3d4a416e4: shutdown FollowerState
2019-09-27 21:17:49,223 [Thread-3100] INFO  impl.RaftServerImpl (RaftServerImpl.java:setRole(174)) - 57d09827-5544-4e5d-8dd0-03e3d4a416e4@group-0D7AF10B2DA8: changes role from  FOLLOWER to CANDIDATE at term 0 for changeToCandidate
2019-09-27 21:17:49,224 [Thread-3100] INFO  impl.RoleInfo (RoleInfo.java:updateAndGet(143)) - 57d09827-5544-4e5d-8dd0-03e3d4a416e4: start LeaderElection
2019-09-27 21:17:49,231 [38b583e9-922a-4b96-9717-3a961b28fd9e@group-EFA0B93F7599-SegmentedRaftLogWorker] INFO  segmented.SegmentedRaftLogWorker (SegmentedRaftLogWorker.java:execute(569)) - 38b583e9-922a-4b96-9717-3a961b28fd9e@group-EFA0B93F7599-SegmentedRaftLogWorker: created new log segment /workdir/hadoop-ozone/integration-test/target/test-dir/MiniOzoneClusterImpl-117ebbbb-8886-40cd-9900-3c45df34c9b4/datanode-6/data/ratis/86c3444e-b4f7-445d-8fc4-efa0b93f7599/current/log_inprogress_0
2019-09-27 21:17:49,231 [57d09827-5544-4e5d-8dd0-03e3d4a416e4@group-0D7AF10B2DA8:LeaderElection75] INFO  impl.LeaderElection (LeaderElection.java:askForVotes(182)) - 57d09827-5544-4e5d-8dd0-03e3d4a416e4@group-0D7AF10B2DA8:LeaderElection75: begin an election at term 1 for -1: [57d09827-5544-4e5d-8dd0-03e3d4a416e4:192.168.164.218:41723], old=null
2019-09-27 21:17:49,231 [5bb6ddff-d9e4-48cd-b3b7-ec149b329306@group-C0027C2CA8B7:LeaderElection73] INFO  impl.LeaderElection (LeaderElection.java:askForVotes(182)) - 5bb6ddff-d9e4-48cd-b3b7-ec149b329306@group-C0027C2CA8B7:LeaderElection73: begin an election at term 1 for -1: [5bb6ddff-d9e4-48cd-b3b7-ec149b329306:192.168.164.218:45930, f7eefd9a-04f9-4cba-bddd-fa47b4b434ab:192.168.164.218:34960, 38b583e9-922a-4b96-9717-3a961b28fd9e:192.168.164.218:39886], old=null
2019-09-27 21:17:49,231 [f7eefd9a-04f9-4cba-bddd-fa47b4b434ab@group-C0027C2CA8B7:LeaderElection74] INFO  impl.LeaderElection (LeaderElection.java:askForVotes(182)) - f7eefd9a-04f9-4cba-bddd-fa47b4b434ab@group-C0027C2CA8B7:LeaderElection74: begin an election at term 1 for -1: [5bb6ddff-d9e4-48cd-b3b7-ec149b329306:192.168.164.218:45930, f7eefd9a-04f9-4cba-bddd-fa47b4b434ab:192.168.164.218:34960, 38b583e9-922a-4b96-9717-3a961b28fd9e:192.168.164.218:39886], old=null
2019-09-27 21:17:49,232 [57d09827-5544-4e5d-8dd0-03e3d4a416e4@group-0D7AF10B2DA8:LeaderElection75] INFO  impl.RoleInfo (RoleInfo.java:shutdownLeaderElection(134)) - 57d09827-5544-4e5d-8dd0-03e3d4a416e4: shutdown LeaderElection
2019-09-27 21:17:49,232 [57d09827-5544-4e5d-8dd0-03e3d4a416e4@group-0D7AF10B2DA8:LeaderElection75] INFO  impl.RaftServerImpl (RaftServerImpl.java:setRole(174)) - 57d09827-5544-4e5d-8dd0-03e3d4a416e4@group-0D7AF10B2DA8: changes role from CANDIDATE to LEADER at term 1 for changeToLeader
2019-09-27 21:17:49,232 [57d09827-5544-4e5d-8dd0-03e3d4a416e4@group-0D7AF10B2DA8:LeaderElection75] INFO  impl.RaftServerImpl (ServerState.java:setLeader(253)) - 57d09827-5544-4e5d-8dd0-03e3d4a416e4@group-0D7AF10B2DA8: change Leader from null to 57d09827-5544-4e5d-8dd0-03e3d4a416e4 at term 1 for becomeLeader, leader elected after 5176ms
2019-09-27 21:17:49,232 [57d09827-5544-4e5d-8dd0-03e3d4a416e4@group-0D7AF10B2DA8:LeaderElection75] INFO  server.RaftServerConfigKeys (ConfUtils.java:logGet(43)) - raft.server.staging.catchup.gap = 1000 (default)
2019-09-27 21:17:49,232 [57d09827-5544-4e5d-8dd0-03e3d4a416e4@group-0D7AF10B2DA8:LeaderElection75] INFO  server.RaftServerConfigKeys (ConfUtils.java:logGet(43)) - raft.server.rpc.sleep.time = 25ms (default)
2019-09-27 21:17:49,233 [57d09827-5544-4e5d-8dd0-03e3d4a416e4@group-0D7AF10B2DA8:LeaderElection75] INFO  server.RaftServerConfigKeys (ConfUtils.java:logGet(43)) - raft.server.write.element-limit = 4096 (default)
2019-09-27 21:17:49,233 [57d09827-5544-4e5d-8dd0-03e3d4a416e4@group-0D7AF10B2DA8:LeaderElection75] INFO  server.RaftServerConfigKeys (ConfUtils.java:logGet(43)) - raft.server.watch.timeout = 10s (default)
2019-09-27 21:17:49,233 [57d09827-5544-4e5d-8dd0-03e3d4a416e4@group-0D7AF10B2DA8:LeaderElection75] INFO  server.RaftServerConfigKeys (ConfUtils.java:logGet(43)) - raft.server.watch.timeout.denomination = 1s (default)
2019-09-27 21:17:49,233 [57d09827-5544-4e5d-8dd0-03e3d4a416e4@group-0D7AF10B2DA8:LeaderElection75] INFO  server.RaftServerConfigKeys (ConfUtils.java:logGet(43)) - raft.server.watch.element-limit = 65536 (default)
2019-09-27 21:17:49,235 [57d09827-5544-4e5d-8dd0-03e3d4a416e4@group-0D7AF10B2DA8:LeaderElection75] INFO  impl.RoleInfo (RoleInfo.java:updateAndGet(143)) - 57d09827-5544-4e5d-8dd0-03e3d4a416e4: start LeaderState
2019-09-27 21:17:49,235 [57d09827-5544-4e5d-8dd0-03e3d4a416e4@group-0D7AF10B2DA8:LeaderElection75] INFO  segmented.SegmentedRaftLogWorker (SegmentedRaftLogWorker.java:startLogSegment(380)) - 57d09827-5544-4e5d-8dd0-03e3d4a416e4@group-0D7AF10B2DA8-SegmentedRaftLogWorker: Starting segment from index:0
2019-09-27 21:17:49,235 [grpc-default-executor-2] INFO  impl.RaftServerImpl (RaftServerImpl.java:setRole(174)) - 38b583e9-922a-4b96-9717-3a961b28fd9e@group-C0027C2CA8B7: changes role from  FOLLOWER to FOLLOWER at term 1 for recognizeCandidate:f7eefd9a-04f9-4cba-bddd-fa47b4b434ab
2019-09-27 21:17:49,235 [grpc-default-executor-2] INFO  impl.RoleInfo (RoleInfo.java:shutdownFollowerState(121)) - 38b583e9-922a-4b96-9717-3a961b28fd9e: shutdown FollowerState
2019-09-27 21:17:49,238 [57d09827-5544-4e5d-8dd0-03e3d4a416e4@group-0D7AF10B2DA8:LeaderElection75] INFO  impl.RaftServerImpl (ServerState.java:setRaftConf(354)) - 57d09827-5544-4e5d-8dd0-03e3d4a416e4@group-0D7AF10B2DA8: set configuration 0: [57d09827-5544-4e5d-8dd0-03e3d4a416e4:192.168.164.218:41723], old=null at 0
2019-09-27 21:17:49,239 [grpc-default-executor-2] INFO  impl.RoleInfo (RoleInfo.java:updateAndGet(143)) - 38b583e9-922a-4b96-9717-3a961b28fd9e: start FollowerState
2019-09-27 21:17:49,239 [Thread-3111] INFO  impl.FollowerState (FollowerState.java:run(115)) - 38b583e9-922a-4b96-9717-3a961b28fd9e: FollowerState was interrupted: java.lang.InterruptedException: sleep interrupted
2019-09-27 21:17:49,278 [57d09827-5544-4e5d-8dd0-03e3d4a416e4@group-0D7AF10B2DA8-SegmentedRaftLogWorker] INFO  segmented.SegmentedRaftLogWorker (SegmentedRaftLogWorker.java:execute(569)) - 57d09827-5544-4e5d-8dd0-03e3d4a416e4@group-0D7AF10B2DA8-SegmentedRaftLogWorker: created new log segment /workdir/hadoop-ozone/integration-test/target/test-dir/MiniOzoneClusterImpl-117ebbbb-8886-40cd-9900-3c45df34c9b4/datanode-4/data/ratis/fc1611c8-a970-4518-be1c-0d7af10b2da8/current/log_inprogress_0
2019-09-27 21:17:49,280 [5bb6ddff-d9e4-48cd-b3b7-ec149b329306@group-C0027C2CA8B7:LeaderElection73] INFO  impl.LeaderElection (LeaderElection.java:logAndReturn(56)) - 5bb6ddff-d9e4-48cd-b3b7-ec149b329306@group-C0027C2CA8B7:LeaderElection73: Election REJECTED; received 2 response(s) [5bb6ddff-d9e4-48cd-b3b7-ec149b329306<-f7eefd9a-04f9-4cba-bddd-fa47b4b434ab#0:FAIL-t1, 5bb6ddff-d9e4-48cd-b3b7-ec149b329306<-38b583e9-922a-4b96-9717-3a961b28fd9e#0:FAIL-t1] and 0 exception(s); 5bb6ddff-d9e4-48cd-b3b7-ec149b329306@group-C0027C2CA8B7:t1, leader=null, voted=5bb6ddff-d9e4-48cd-b3b7-ec149b329306, raftlog=5bb6ddff-d9e4-48cd-b3b7-ec149b329306@group-C0027C2CA8B7-SegmentedRaftLog:OPENED:c-1,f-1,i0, conf=-1: [5bb6ddff-d9e4-48cd-b3b7-ec149b329306:192.168.164.218:45930, f7eefd9a-04f9-4cba-bddd-fa47b4b434ab:192.168.164.218:34960, 38b583e9-922a-4b96-9717-3a961b28fd9e:192.168.164.218:39886], old=null
2019-09-27 21:17:49,280 [f7eefd9a-04f9-4cba-bddd-fa47b4b434ab@group-C0027C2CA8B7:LeaderElection74] INFO  impl.LeaderElection (LeaderElection.java:logAndReturn(56)) - f7eefd9a-04f9-4cba-bddd-fa47b4b434ab@group-C0027C2CA8B7:LeaderElection74: Election PASSED; received 2 response(s) [f7eefd9a-04f9-4cba-bddd-fa47b4b434ab<-5bb6ddff-d9e4-48cd-b3b7-ec149b329306#0:FAIL-t1, f7eefd9a-04f9-4cba-bddd-fa47b4b434ab<-38b583e9-922a-4b96-9717-3a961b28fd9e#0:OK-t1] and 0 exception(s); f7eefd9a-04f9-4cba-bddd-fa47b4b434ab@group-C0027C2CA8B7:t1, leader=null, voted=f7eefd9a-04f9-4cba-bddd-fa47b4b434ab, raftlog=f7eefd9a-04f9-4cba-bddd-fa47b4b434ab@group-C0027C2CA8B7-SegmentedRaftLog:OPENED:c-1,f-1,i0, conf=-1: [5bb6ddff-d9e4-48cd-b3b7-ec149b329306:192.168.164.218:45930, f7eefd9a-04f9-4cba-bddd-fa47b4b434ab:192.168.164.218:34960, 38b583e9-922a-4b96-9717-3a961b28fd9e:192.168.164.218:39886], old=null
2019-09-27 21:17:49,280 [5bb6ddff-d9e4-48cd-b3b7-ec149b329306@group-C0027C2CA8B7:LeaderElection73] INFO  impl.RaftServerImpl (RaftServerImpl.java:setRole(174)) - 5bb6ddff-d9e4-48cd-b3b7-ec149b329306@group-C0027C2CA8B7: changes role from CANDIDATE to FOLLOWER at term 1 for DISCOVERED_A_NEW_TERM
2019-09-27 21:17:49,283 [f7eefd9a-04f9-4cba-bddd-fa47b4b434ab@group-C0027C2CA8B7:LeaderElection74] INFO  impl.RoleInfo (RoleInfo.java:shutdownLeaderElection(134)) - f7eefd9a-04f9-4cba-bddd-fa47b4b434ab: shutdown LeaderElection
2019-09-27 21:17:49,283 [5bb6ddff-d9e4-48cd-b3b7-ec149b329306@group-C0027C2CA8B7:LeaderElection73] INFO  impl.RoleInfo (RoleInfo.java:shutdownLeaderElection(134)) - 5bb6ddff-d9e4-48cd-b3b7-ec149b329306: shutdown LeaderElection
2019-09-27 21:17:49,285 [f7eefd9a-04f9-4cba-bddd-fa47b4b434ab@group-C0027C2CA8B7:LeaderElection74] INFO  impl.RaftServerImpl (RaftServerImpl.java:setRole(174)) - f7eefd9a-04f9-4cba-bddd-fa47b4b434ab@group-C0027C2CA8B7: changes role from CANDIDATE to LEADER at term 1 for changeToLeader
2019-09-27 21:17:49,285 [5bb6ddff-d9e4-48cd-b3b7-ec149b329306@group-C0027C2CA8B7:LeaderElection73] INFO  impl.RoleInfo (RoleInfo.java:updateAndGet(143)) - 5bb6ddff-d9e4-48cd-b3b7-ec149b329306: start FollowerState
2019-09-27 21:17:49,285 [f7eefd9a-04f9-4cba-bddd-fa47b4b434ab@group-C0027C2CA8B7:LeaderElection74] INFO  impl.RaftServerImpl (ServerState.java:setLeader(253)) - f7eefd9a-04f9-4cba-bddd-fa47b4b434ab@group-C0027C2CA8B7: change Leader from null to f7eefd9a-04f9-4cba-bddd-fa47b4b434ab at term 1 for becomeLeader, leader elected after 5104ms
2019-09-27 21:17:49,285 [f7eefd9a-04f9-4cba-bddd-fa47b4b434ab@group-C0027C2CA8B7:LeaderElection74] INFO  server.RaftServerConfigKeys (ConfUtils.java:logGet(43)) - raft.server.staging.catchup.gap = 1000 (default)
2019-09-27 21:17:49,285 [f7eefd9a-04f9-4cba-bddd-fa47b4b434ab@group-C0027C2CA8B7:LeaderElection74] INFO  server.RaftServerConfigKeys (ConfUtils.java:logGet(43)) - raft.server.rpc.sleep.time = 25ms (default)
2019-09-27 21:17:49,285 [f7eefd9a-04f9-4cba-bddd-fa47b4b434ab@group-C0027C2CA8B7:LeaderElection74] INFO  server.RaftServerConfigKeys (ConfUtils.java:logGet(43)) - raft.server.write.element-limit = 4096 (default)
2019-09-27 21:17:49,286 [f7eefd9a-04f9-4cba-bddd-fa47b4b434ab@group-C0027C2CA8B7:LeaderElection74] INFO  server.RaftServerConfigKeys (ConfUtils.java:logGet(43)) - raft.server.watch.timeout = 10s (default)
2019-09-27 21:17:49,286 [f7eefd9a-04f9-4cba-bddd-fa47b4b434ab@group-C0027C2CA8B7:LeaderElection74] INFO  server.RaftServerConfigKeys (ConfUtils.java:logGet(43)) - raft.server.watch.timeout.denomination = 1s (default)
2019-09-27 21:17:49,286 [f7eefd9a-04f9-4cba-bddd-fa47b4b434ab@group-C0027C2CA8B7:LeaderElection74] INFO  server.RaftServerConfigKeys (ConfUtils.java:logGet(43)) - raft.server.watch.element-limit = 65536 (default)
2019-09-27 21:17:49,291 [f7eefd9a-04f9-4cba-bddd-fa47b4b434ab@group-C0027C2CA8B7:LeaderElection74] INFO  server.RaftServerConfigKeys (ConfUtils.java:logGet(43)) - raft.server.log.appender.snapshot.chunk.size.max = 16MB (=16777216) (default)
2019-09-27 21:17:49,292 [f7eefd9a-04f9-4cba-bddd-fa47b4b434ab@group-C0027C2CA8B7:LeaderElection74] INFO  server.RaftServerConfigKeys (ConfUtils.java:logGet(43)) - raft.server.log.appender.buffer.byte-limit = 33554432 (custom)
2019-09-27 21:17:49,292 [f7eefd9a-04f9-4cba-bddd-fa47b4b434ab@group-C0027C2CA8B7:LeaderElection74] INFO  server.RaftServerConfigKeys (ConfUtils.java:logGet(43)) - raft.server.log.appender.buffer.element-limit = 1 (custom)
2019-09-27 21:17:49,299 [f7eefd9a-04f9-4cba-bddd-fa47b4b434ab@group-C0027C2CA8B7:LeaderElection74] INFO  grpc.GrpcConfigKeys$Server (ConfUtils.java:logGet(43)) - raft.grpc.server.leader.outstanding.appends.max = 128 (default)
2019-09-27 21:17:49,299 [f7eefd9a-04f9-4cba-bddd-fa47b4b434ab@group-C0027C2CA8B7:LeaderElection74] INFO  server.RaftServerConfigKeys (ConfUtils.java:logGet(43)) - raft.server.rpc.request.timeout = 3000ms (default)
2019-09-27 21:17:49,299 [f7eefd9a-04f9-4cba-bddd-fa47b4b434ab@group-C0027C2CA8B7:LeaderElection74] INFO  server.RaftServerConfigKeys (ConfUtils.java:logGet(43)) - raft.server.log.appender.install.snapshot.enabled = false (custom)
2019-09-27 21:17:49,299 [f7eefd9a-04f9-4cba-bddd-fa47b4b434ab@group-C0027C2CA8B7:LeaderElection74] INFO  server.RaftServerConfigKeys (ConfUtils.java:logGet(43)) - raft.server.log.appender.snapshot.chunk.size.max = 16MB (=16777216) (default)
2019-09-27 21:17:49,299 [f7eefd9a-04f9-4cba-bddd-fa47b4b434ab@group-C0027C2CA8B7:LeaderElection74] INFO  server.RaftServerConfigKeys (ConfUtils.java:logGet(43)) - raft.server.log.appender.buffer.byte-limit = 33554432 (custom)
2019-09-27 21:17:49,299 [f7eefd9a-04f9-4cba-bddd-fa47b4b434ab@group-C0027C2CA8B7:LeaderElection74] INFO  server.RaftServerConfigKeys (ConfUtils.java:logGet(43)) - raft.server.log.appender.buffer.element-limit = 1 (custom)
2019-09-27 21:17:49,300 [f7eefd9a-04f9-4cba-bddd-fa47b4b434ab@group-C0027C2CA8B7:LeaderElection74] INFO  grpc.GrpcConfigKeys$Server (ConfUtils.java:logGet(43)) - raft.grpc.server.leader.outstanding.appends.max = 128 (default)
2019-09-27 21:17:49,300 [f7eefd9a-04f9-4cba-bddd-fa47b4b434ab@group-C0027C2CA8B7:LeaderElection74] INFO  server.RaftServerConfigKeys (ConfUtils.java:logGet(43)) - raft.server.rpc.request.timeout = 3000ms (default)
2019-09-27 21:17:49,300 [f7eefd9a-04f9-4cba-bddd-fa47b4b434ab@group-C0027C2CA8B7:LeaderElection74] INFO  server.RaftServerConfigKeys (ConfUtils.java:logGet(43)) - raft.server.log.appender.install.snapshot.enabled = false (custom)
2019-09-27 21:17:49,300 [f7eefd9a-04f9-4cba-bddd-fa47b4b434ab@group-C0027C2CA8B7:LeaderElection74] INFO  impl.RoleInfo (RoleInfo.java:updateAndGet(143)) - f7eefd9a-04f9-4cba-bddd-fa47b4b434ab: start LeaderState
2019-09-27 21:17:49,300 [f7eefd9a-04f9-4cba-bddd-fa47b4b434ab@group-C0027C2CA8B7:LeaderElection74] INFO  segmented.SegmentedRaftLogWorker (SegmentedRaftLogWorker.java:startLogSegment(380)) - f7eefd9a-04f9-4cba-bddd-fa47b4b434ab@group-C0027C2CA8B7-SegmentedRaftLogWorker: Starting segment from index:0
2019-09-27 21:17:49,301 [f7eefd9a-04f9-4cba-bddd-fa47b4b434ab@group-C0027C2CA8B7:LeaderElection74] INFO  impl.RaftServerImpl (ServerState.java:setRaftConf(354)) - f7eefd9a-04f9-4cba-bddd-fa47b4b434ab@group-C0027C2CA8B7: set configuration 0: [5bb6ddff-d9e4-48cd-b3b7-ec149b329306:192.168.164.218:45930, f7eefd9a-04f9-4cba-bddd-fa47b4b434ab:192.168.164.218:34960, 38b583e9-922a-4b96-9717-3a961b28fd9e:192.168.164.218:39886], old=null at 0
2019-09-27 21:17:49,332 [grpc-default-executor-6] INFO  impl.RaftServerImpl (ServerState.java:setLeader(253)) - 38b583e9-922a-4b96-9717-3a961b28fd9e@group-C0027C2CA8B7: change Leader from null to f7eefd9a-04f9-4cba-bddd-fa47b4b434ab at term 1 for appendEntries, leader elected after 5151ms
2019-09-27 21:17:49,332 [grpc-default-executor-6] INFO  impl.RaftServerImpl (ServerState.java:setLeader(253)) - 5bb6ddff-d9e4-48cd-b3b7-ec149b329306@group-C0027C2CA8B7: change Leader from null to f7eefd9a-04f9-4cba-bddd-fa47b4b434ab at term 1 for appendEntries, leader elected after 5151ms
2019-09-27 21:17:49,333 [grpc-default-executor-6] INFO  impl.RaftServerImpl (ServerState.java:setRaftConf(354)) - 38b583e9-922a-4b96-9717-3a961b28fd9e@group-C0027C2CA8B7: set configuration 0: [5bb6ddff-d9e4-48cd-b3b7-ec149b329306:192.168.164.218:45930, f7eefd9a-04f9-4cba-bddd-fa47b4b434ab:192.168.164.218:34960, 38b583e9-922a-4b96-9717-3a961b28fd9e:192.168.164.218:39886], old=null at 0
2019-09-27 21:17:49,334 [grpc-default-executor-6] INFO  segmented.SegmentedRaftLogWorker (SegmentedRaftLogWorker.java:startLogSegment(380)) - 38b583e9-922a-4b96-9717-3a961b28fd9e@group-C0027C2CA8B7-SegmentedRaftLogWorker: Starting segment from index:0
2019-09-27 21:17:49,334 [grpc-default-executor-2] INFO  impl.RaftServerImpl (ServerState.java:setRaftConf(354)) - 5bb6ddff-d9e4-48cd-b3b7-ec149b329306@group-C0027C2CA8B7: set configuration 0: [5bb6ddff-d9e4-48cd-b3b7-ec149b329306:192.168.164.218:45930, f7eefd9a-04f9-4cba-bddd-fa47b4b434ab:192.168.164.218:34960, 38b583e9-922a-4b96-9717-3a961b28fd9e:192.168.164.218:39886], old=null at 0
2019-09-27 21:17:49,334 [grpc-default-executor-2] INFO  segmented.SegmentedRaftLogWorker (SegmentedRaftLogWorker.java:startLogSegment(380)) - 5bb6ddff-d9e4-48cd-b3b7-ec149b329306@group-C0027C2CA8B7-SegmentedRaftLogWorker: Starting segment from index:0
2019-09-27 21:17:49,360 [f7eefd9a-04f9-4cba-bddd-fa47b4b434ab@group-C0027C2CA8B7-SegmentedRaftLogWorker] INFO  segmented.SegmentedRaftLogWorker (SegmentedRaftLogWorker.java:execute(569)) - f7eefd9a-04f9-4cba-bddd-fa47b4b434ab@group-C0027C2CA8B7-SegmentedRaftLogWorker: created new log segment /workdir/hadoop-ozone/integration-test/target/test-dir/MiniOzoneClusterImpl-117ebbbb-8886-40cd-9900-3c45df34c9b4/datanode-3/data/ratis/afb57596-5ce3-4c2c-92cb-c0027c2ca8b7/current/log_inprogress_0
2019-09-27 21:17:49,372 [5bb6ddff-d9e4-48cd-b3b7-ec149b329306@group-C0027C2CA8B7-SegmentedRaftLogWorker] INFO  segmented.SegmentedRaftLogWorker (SegmentedRaftLogWorker.java:execute(569)) - 5bb6ddff-d9e4-48cd-b3b7-ec149b329306@group-C0027C2CA8B7-SegmentedRaftLogWorker: created new log segment /workdir/hadoop-ozone/integration-test/target/test-dir/MiniOzoneClusterImpl-117ebbbb-8886-40cd-9900-3c45df34c9b4/datanode-5/data/ratis/afb57596-5ce3-4c2c-92cb-c0027c2ca8b7/current/log_inprogress_0
2019-09-27 21:17:49,372 [38b583e9-922a-4b96-9717-3a961b28fd9e@group-C0027C2CA8B7-SegmentedRaftLogWorker] INFO  segmented.SegmentedRaftLogWorker (SegmentedRaftLogWorker.java:execute(569)) - 38b583e9-922a-4b96-9717-3a961b28fd9e@group-C0027C2CA8B7-SegmentedRaftLogWorker: created new log segment /workdir/hadoop-ozone/integration-test/target/test-dir/MiniOzoneClusterImpl-117ebbbb-8886-40cd-9900-3c45df34c9b4/datanode-6/data/ratis/afb57596-5ce3-4c2c-92cb-c0027c2ca8b7/current/log_inprogress_0
2019-09-27 21:17:51,412 [Datanode State Machine Thread - 0] INFO  statemachine.DatanodeStateMachine (DatanodeStateMachine.java:lambda$startDaemon$0(350)) - Ozone container server started.
2019-09-27 21:17:55,438 [EventQueue-StaleNodeForStaleNodeHandler] INFO  node.StaleNodeHandler (StaleNodeHandler.java:onMessage(58)) - Datanode f7eefd9a-04f9-4cba-bddd-fa47b4b434ab{ip: 192.168.164.218, host: pr-hdds-1146-452xf-2747512450, networkLocation: /default-rack, certSerialId: null} moved to stale state. Finalizing its pipelines [PipelineID=889b92a2-ea87-4f68-bec2-e8d44bbc9841, PipelineID=afb57596-5ce3-4c2c-92cb-c0027c2ca8b7]
2019-09-27 21:17:55,440 [EventQueue-StaleNodeForStaleNodeHandler] INFO  pipeline.SCMPipelineManager (SCMPipelineManager.java:finalizeAndDestroyPipeline(315)) - destroying pipeline:Pipeline[ Id: 889b92a2-ea87-4f68-bec2-e8d44bbc9841, Nodes: f7eefd9a-04f9-4cba-bddd-fa47b4b434ab{ip: 192.168.164.218, host: pr-hdds-1146-452xf-2747512450, networkLocation: /default-rack, certSerialId: null}, Type:RATIS, Factor:ONE, State:OPEN]
2019-09-27 21:17:55,440 [EventQueue-StaleNodeForStaleNodeHandler] INFO  pipeline.PipelineStateManager (PipelineStateManager.java:finalizePipeline(123)) - Pipeline Pipeline[ Id: 889b92a2-ea87-4f68-bec2-e8d44bbc9841, Nodes: f7eefd9a-04f9-4cba-bddd-fa47b4b434ab{ip: 192.168.164.218, host: pr-hdds-1146-452xf-2747512450, networkLocation: /default-rack, certSerialId: null}, Type:RATIS, Factor:ONE, State:CLOSED] moved to CLOSED state
2019-09-27 21:17:55,441 [EventQueue-StaleNodeForStaleNodeHandler] INFO  pipeline.SCMPipelineManager (SCMPipelineManager.java:finalizeAndDestroyPipeline(315)) - destroying pipeline:Pipeline[ Id: afb57596-5ce3-4c2c-92cb-c0027c2ca8b7, Nodes: f7eefd9a-04f9-4cba-bddd-fa47b4b434ab{ip: 192.168.164.218, host: pr-hdds-1146-452xf-2747512450, networkLocation: /default-rack, certSerialId: null}5bb6ddff-d9e4-48cd-b3b7-ec149b329306{ip: 192.168.164.218, host: pr-hdds-1146-452xf-2747512450, networkLocation: /default-rack, certSerialId: null}38b583e9-922a-4b96-9717-3a961b28fd9e{ip: 192.168.164.218, host: pr-hdds-1146-452xf-2747512450, networkLocation: /default-rack, certSerialId: null}, Type:RATIS, Factor:THREE, State:OPEN]
2019-09-27 21:17:55,441 [EventQueue-StaleNodeForStaleNodeHandler] INFO  pipeline.PipelineStateManager (PipelineStateManager.java:finalizePipeline(123)) - Pipeline Pipeline[ Id: afb57596-5ce3-4c2c-92cb-c0027c2ca8b7, Nodes: f7eefd9a-04f9-4cba-bddd-fa47b4b434ab{ip: 192.168.164.218, host: pr-hdds-1146-452xf-2747512450, networkLocation: /default-rack, certSerialId: null}5bb6ddff-d9e4-48cd-b3b7-ec149b329306{ip: 192.168.164.218, host: pr-hdds-1146-452xf-2747512450, networkLocation: /default-rack, certSerialId: null}38b583e9-922a-4b96-9717-3a961b28fd9e{ip: 192.168.164.218, host: pr-hdds-1146-452xf-2747512450, networkLocation: /default-rack, certSerialId: null}, Type:RATIS, Factor:THREE, State:CLOSED] moved to CLOSED state
2019-09-27 21:17:55,441 [EventQueue-CloseContainerForCloseContainerEventHandler] INFO  container.CloseContainerEventHandler (CloseContainerEventHandler.java:onMessage(61)) - Close container Event triggered for container : #1
2019-09-27 21:17:55,615 [main] INFO  ozoneimpl.OzoneContainer (OzoneContainer.java:stop(231)) - Attempting to stop container services.
2019-09-27 21:17:55,617 [main] INFO  impl.RaftServerProxy (RaftServerProxy.java:lambda$close$4(314)) - f7eefd9a-04f9-4cba-bddd-fa47b4b434ab: close
2019-09-27 21:17:55,619 [main] INFO  impl.RaftServerImpl (RaftServerImpl.java:lambda$shutdown$3(251)) - f7eefd9a-04f9-4cba-bddd-fa47b4b434ab@group-E8D44BBC9841: shutdown
2019-09-27 21:17:55,619 [main] INFO  util.JmxRegister (JmxRegister.java:unregister(73)) - Successfully un-registered JMX Bean with object name Ratis:service=RaftServer,group=group-E8D44BBC9841,id=f7eefd9a-04f9-4cba-bddd-fa47b4b434ab
2019-09-27 21:17:55,619 [main] INFO  impl.RoleInfo (RoleInfo.java:shutdownLeaderState(104)) - f7eefd9a-04f9-4cba-bddd-fa47b4b434ab: shutdown LeaderState
2019-09-27 21:17:55,620 [main] INFO  impl.PendingRequests (PendingRequests.java:sendNotLeaderResponses(202)) - f7eefd9a-04f9-4cba-bddd-fa47b4b434ab-PendingRequests: sendNotLeaderResponses
2019-09-27 21:17:55,620 [main] INFO  impl.StateMachineUpdater (StateMachineUpdater.java:stopAndJoin(125)) - f7eefd9a-04f9-4cba-bddd-fa47b4b434ab@group-E8D44BBC9841-StateMachineUpdater: set stopIndex = 0
2019-09-27 21:17:55,621 [main] INFO  impl.RaftServerImpl (ServerState.java:close(385)) - f7eefd9a-04f9-4cba-bddd-fa47b4b434ab@group-E8D44BBC9841: closes. applyIndex: 0
2019-09-27 21:17:55,622 [f7eefd9a-04f9-4cba-bddd-fa47b4b434ab@group-E8D44BBC9841-SegmentedRaftLogWorker] INFO  segmented.SegmentedRaftLogWorker (SegmentedRaftLogWorker.java:run(313)) - f7eefd9a-04f9-4cba-bddd-fa47b4b434ab@group-E8D44BBC9841-SegmentedRaftLogWorker was interrupted, exiting. There are 0 tasks remaining in the queue.
2019-09-27 21:17:55,635 [main] INFO  segmented.SegmentedRaftLogWorker (SegmentedRaftLogWorker.java:close(228)) - f7eefd9a-04f9-4cba-bddd-fa47b4b434ab@group-E8D44BBC9841-SegmentedRaftLogWorker close()
2019-09-27 21:17:55,649 [main] INFO  impl.RaftServerImpl (RaftServerImpl.java:lambda$shutdown$3(251)) - f7eefd9a-04f9-4cba-bddd-fa47b4b434ab@group-C0027C2CA8B7: shutdown
2019-09-27 21:17:55,650 [main] INFO  util.JmxRegister (JmxRegister.java:unregister(73)) - Successfully un-registered JMX Bean with object name Ratis:service=RaftServer,group=group-C0027C2CA8B7,id=f7eefd9a-04f9-4cba-bddd-fa47b4b434ab
2019-09-27 21:17:55,650 [main] INFO  impl.RoleInfo (RoleInfo.java:shutdownLeaderState(104)) - f7eefd9a-04f9-4cba-bddd-fa47b4b434ab: shutdown LeaderState
2019-09-27 21:17:55,654 [main] INFO  impl.PendingRequests (PendingRequests.java:sendNotLeaderResponses(202)) - f7eefd9a-04f9-4cba-bddd-fa47b4b434ab-PendingRequests: sendNotLeaderResponses
2019-09-27 21:17:55,654 [org.apache.ratis.server.impl.LogAppender$AppenderDaemon$$Lambda$512/68581986@30376b2f] WARN  server.GrpcLogAppender (GrpcLogAppender.java:mayWait(143)) - f7eefd9a-04f9-4cba-bddd-fa47b4b434ab@group-C0027C2CA8B7->38b583e9-922a-4b96-9717-3a961b28fd9e-GrpcLogAppender: Wait interrupted by java.lang.InterruptedException
2019-09-27 21:17:55,654 [org.apache.ratis.server.impl.LogAppender$AppenderDaemon$$Lambda$512/68581986@24c51200] WARN  server.GrpcLogAppender (GrpcLogAppender.java:mayWait(143)) - f7eefd9a-04f9-4cba-bddd-fa47b4b434ab@group-C0027C2CA8B7->5bb6ddff-d9e4-48cd-b3b7-ec149b329306-GrpcLogAppender: Wait interrupted by java.lang.InterruptedException
2019-09-27 21:17:55,657 [main] INFO  impl.StateMachineUpdater (StateMachineUpdater.java:stopAndJoin(125)) - f7eefd9a-04f9-4cba-bddd-fa47b4b434ab@group-C0027C2CA8B7-StateMachineUpdater: set stopIndex = 15
2019-09-27 21:17:55,657 [f7eefd9a-04f9-4cba-bddd-fa47b4b434ab@group-C0027C2CA8B7-StateMachineUpdater] INFO  ratis.ContainerStateMachine (ContainerStateMachine.java:takeSnapshot(289)) - group-C0027C2CA8B7: Taking a snapshot at:(t:1, i:13) file /workdir/hadoop-ozone/integration-test/target/test-dir/MiniOzoneClusterImpl-117ebbbb-8886-40cd-9900-3c45df34c9b4/datanode-3/data/ratis/afb57596-5ce3-4c2c-92cb-c0027c2ca8b7/sm/snapshot.1_13
2019-09-27 21:17:55,658 [grpc-default-executor-6] INFO  server.GrpcServerProtocolService (GrpcServerProtocolService.java:onCompleted(113)) - 5bb6ddff-d9e4-48cd-b3b7-ec149b329306: Completed APPEND_ENTRIES, lastRequest: f7eefd9a-04f9-4cba-bddd-fa47b4b434ab->5bb6ddff-d9e4-48cd-b3b7-ec149b329306#18-t1, previous=(t:1, i:15), leaderCommit=15, initializing? false, entries: <empty>
2019-09-27 21:17:55,658 [grpc-default-executor-7] INFO  server.GrpcServerProtocolService (GrpcServerProtocolService.java:onCompleted(113)) - 38b583e9-922a-4b96-9717-3a961b28fd9e: Completed APPEND_ENTRIES, lastRequest: f7eefd9a-04f9-4cba-bddd-fa47b4b434ab->38b583e9-922a-4b96-9717-3a961b28fd9e#18-t1, previous=(t:1, i:15), leaderCommit=15, initializing? false, entries: <empty>
2019-09-27 21:17:55,658 [grpc-default-executor-7] INFO  server.GrpcLogAppender (GrpcLogAppender.java:onCompleted(293)) - f7eefd9a-04f9-4cba-bddd-fa47b4b434ab@group-C0027C2CA8B7->5bb6ddff-d9e4-48cd-b3b7-ec149b329306-AppendLogResponseHandler: follower responses appendEntries COMPLETED
2019-09-27 21:17:55,659 [grpc-default-executor-2] INFO  server.GrpcLogAppender (GrpcLogAppender.java:onCompleted(293)) - f7eefd9a-04f9-4cba-bddd-fa47b4b434ab@group-C0027C2CA8B7->38b583e9-922a-4b96-9717-3a961b28fd9e-AppendLogResponseHandler: follower responses appendEntries COMPLETED
2019-09-27 21:17:55,659 [grpc-default-executor-2] INFO  impl.FollowerInfo (FollowerInfo.java:lambda$new$0(51)) - f7eefd9a-04f9-4cba-bddd-fa47b4b434ab@group-C0027C2CA8B7->38b583e9-922a-4b96-9717-3a961b28fd9e: nextIndex: updateUnconditionally 16 -> 15
2019-09-27 21:17:55,659 [grpc-default-executor-7] INFO  impl.FollowerInfo (FollowerInfo.java:lambda$new$0(51)) - f7eefd9a-04f9-4cba-bddd-fa47b4b434ab@group-C0027C2CA8B7->5bb6ddff-d9e4-48cd-b3b7-ec149b329306: nextIndex: updateUnconditionally 16 -> 15
2019-09-27 21:17:55,671 [f7eefd9a-04f9-4cba-bddd-fa47b4b434ab@group-C0027C2CA8B7-StateMachineUpdater] INFO  ratis.ContainerStateMachine (ContainerStateMachine.java:takeSnapshot(300)) - group-C0027C2CA8B7: Finished taking a snapshot at:(t:1, i:13) file:/workdir/hadoop-ozone/integration-test/target/test-dir/MiniOzoneClusterImpl-117ebbbb-8886-40cd-9900-3c45df34c9b4/datanode-3/data/ratis/afb57596-5ce3-4c2c-92cb-c0027c2ca8b7/sm/snapshot.1_13 time:15
2019-09-27 21:17:55,672 [f7eefd9a-04f9-4cba-bddd-fa47b4b434ab@group-C0027C2CA8B7-StateMachineUpdater] INFO  impl.StateMachineUpdater (StateMachineUpdater.java:takeSnapshot(258)) - f7eefd9a-04f9-4cba-bddd-fa47b4b434ab@group-C0027C2CA8B7-StateMachineUpdater: Took a snapshot at index 13
2019-09-27 21:17:55,672 [f7eefd9a-04f9-4cba-bddd-fa47b4b434ab@group-C0027C2CA8B7-StateMachineUpdater] INFO  impl.StateMachineUpdater (StateMachineUpdater.java:lambda$new$0(83)) - f7eefd9a-04f9-4cba-bddd-fa47b4b434ab@group-C0027C2CA8B7-StateMachineUpdater: snapshotIndex: updateIncreasingly -1 -> 13
2019-09-27 21:17:55,672 [f7eefd9a-04f9-4cba-bddd-fa47b4b434ab@group-C0027C2CA8B7-StateMachineUpdater] INFO  ratis.ContainerStateMachine (ContainerStateMachine.java:takeSnapshot(289)) - group-C0027C2CA8B7: Taking a snapshot at:(t:1, i:13) file /workdir/hadoop-ozone/integration-test/target/test-dir/MiniOzoneClusterImpl-117ebbbb-8886-40cd-9900-3c45df34c9b4/datanode-3/data/ratis/afb57596-5ce3-4c2c-92cb-c0027c2ca8b7/sm/snapshot.1_13
2019-09-27 21:17:55,684 [f7eefd9a-04f9-4cba-bddd-fa47b4b434ab@group-C0027C2CA8B7-StateMachineUpdater] INFO  ratis.ContainerStateMachine (ContainerStateMachine.java:takeSnapshot(300)) - group-C0027C2CA8B7: Finished taking a snapshot at:(t:1, i:13) file:/workdir/hadoop-ozone/integration-test/target/test-dir/MiniOzoneClusterImpl-117ebbbb-8886-40cd-9900-3c45df34c9b4/datanode-3/data/ratis/afb57596-5ce3-4c2c-92cb-c0027c2ca8b7/sm/snapshot.1_13 time:13
2019-09-27 21:17:55,685 [f7eefd9a-04f9-4cba-bddd-fa47b4b434ab@group-C0027C2CA8B7-StateMachineUpdater] INFO  impl.StateMachineUpdater (StateMachineUpdater.java:takeSnapshot(258)) - f7eefd9a-04f9-4cba-bddd-fa47b4b434ab@group-C0027C2CA8B7-StateMachineUpdater: Took a snapshot at index 13
2019-09-27 21:17:55,685 [f7eefd9a-04f9-4cba-bddd-fa47b4b434ab@group-C0027C2CA8B7-StateMachineUpdater] INFO  impl.StateMachineUpdater (StateMachineUpdater.java:lambda$new$0(83)) - f7eefd9a-04f9-4cba-bddd-fa47b4b434ab@group-C0027C2CA8B7-StateMachineUpdater: snapshotIndex: updateIncreasingly 13 -> 13
2019-09-27 21:17:55,685 [main] INFO  impl.RaftServerImpl (ServerState.java:close(385)) - f7eefd9a-04f9-4cba-bddd-fa47b4b434ab@group-C0027C2CA8B7: closes. applyIndex: 15
2019-09-27 21:17:55,685 [f7eefd9a-04f9-4cba-bddd-fa47b4b434ab@group-C0027C2CA8B7-SegmentedRaftLogWorker] INFO  segmented.SegmentedRaftLogWorker (SegmentedRaftLogWorker.java:run(313)) - f7eefd9a-04f9-4cba-bddd-fa47b4b434ab@group-C0027C2CA8B7-SegmentedRaftLogWorker was interrupted, exiting. There are 0 tasks remaining in the queue.
2019-09-27 21:17:55,686 [main] INFO  segmented.SegmentedRaftLogWorker (SegmentedRaftLogWorker.java:close(228)) - f7eefd9a-04f9-4cba-bddd-fa47b4b434ab@group-C0027C2CA8B7-SegmentedRaftLogWorker close()
2019-09-27 21:17:55,688 [main] INFO  server.GrpcService (GrpcService.java:closeImpl(164)) - f7eefd9a-04f9-4cba-bddd-fa47b4b434ab: shutdown server with port 34960 now
2019-09-27 21:17:55,689 [grpc-default-executor-2] WARN  client.GrpcClientProtocolService (LogUtils.java:warn(134)) - 3-UnorderedRequestStreamObserver3: onError: org.apache.ratis.thirdparty.io.grpc.StatusRuntimeException: CANCELLED: cancelled before receiving half close
2019-09-27 21:17:55,689 [main] INFO  server.GrpcService (GrpcService.java:closeImpl(172)) - f7eefd9a-04f9-4cba-bddd-fa47b4b434ab: shutdown server with port 34960 successfully
2019-09-27 21:17:55,691 [refreshUsed-/workdir/hadoop-ozone/integration-test/target/test-dir/MiniOzoneClusterImpl-117ebbbb-8886-40cd-9900-3c45df34c9b4/datanode-3/data/containers] WARN  fs.CachingGetSpaceUsed (CachingGetSpaceUsed.java:run(183)) - Thread Interrupted waiting to refresh disk information: sleep interrupted
2019-09-27 21:17:55,705 [main] INFO  utils.BackgroundService (BackgroundService.java:shutdown(148)) - Shutting down service BlockDeletingService
2019-09-27 21:17:55,710 [main] INFO  statemachine.DatanodeStateMachine (DatanodeStateMachine.java:stopDaemon(395)) - Ozone container server stopped.
2019-09-27 21:17:55,711 [main] INFO  handler.ContextHandler (ContextHandler.java:doStop(910)) - Stopped o.e.j.w.WebAppContext@255d9277{/,null,UNAVAILABLE}{/hddsDatanode}
2019-09-27 21:17:55,712 [main] INFO  server.AbstractConnector (AbstractConnector.java:doStop(318)) - Stopped ServerConnector@1de13f34{HTTP/1.1,[http/1.1]}{0.0.0.0:0}
2019-09-27 21:17:55,712 [main] INFO  handler.ContextHandler (ContextHandler.java:doStop(910)) - Stopped o.e.j.s.ServletContextHandler@76a362a4{/static,jar:file:/home/user/.m2/repository/org/apache/hadoop/hadoop-hdds-container-service/0.5.0-SNAPSHOT/hadoop-hdds-container-service-0.5.0-SNAPSHOT.jar!/webapps/static,UNAVAILABLE}
2019-09-27 21:17:55,713 [main] INFO  handler.ContextHandler (ContextHandler.java:doStop(910)) - Stopped o.e.j.s.ServletContextHandler@106c988{/logs,file:///workdir/hadoop-ozone/integration-test/target/log,UNAVAILABLE}
2019-09-27 21:18:04,595 [Thread-3160] INFO  impl.FollowerState (FollowerState.java:run(106)) - 38b583e9-922a-4b96-9717-3a961b28fd9e:group-C0027C2CA8B7 changes to CANDIDATE, lastRpcTime:8973, electionTimeout:5047ms
2019-09-27 21:18:04,597 [Thread-3160] INFO  impl.RoleInfo (RoleInfo.java:shutdownFollowerState(121)) - 38b583e9-922a-4b96-9717-3a961b28fd9e: shutdown FollowerState
2019-09-27 21:18:04,597 [Thread-3160] INFO  impl.RaftServerImpl (RaftServerImpl.java:setRole(174)) - 38b583e9-922a-4b96-9717-3a961b28fd9e@group-C0027C2CA8B7: changes role from  FOLLOWER to CANDIDATE at term 1 for changeToCandidate
2019-09-27 21:18:04,597 [Thread-3160] INFO  impl.RoleInfo (RoleInfo.java:updateAndGet(143)) - 38b583e9-922a-4b96-9717-3a961b28fd9e: start LeaderElection
2019-09-27 21:18:04,601 [38b583e9-922a-4b96-9717-3a961b28fd9e@group-C0027C2CA8B7:LeaderElection76] INFO  impl.RaftServerImpl (ServerState.java:setLeader(253)) - 38b583e9-922a-4b96-9717-3a961b28fd9e@group-C0027C2CA8B7: change Leader from f7eefd9a-04f9-4cba-bddd-fa47b4b434ab to null at term 1 for initElection
2019-09-27 21:18:04,615 [38b583e9-922a-4b96-9717-3a961b28fd9e@group-C0027C2CA8B7:LeaderElection76] INFO  impl.LeaderElection (LeaderElection.java:askForVotes(182)) - 38b583e9-922a-4b96-9717-3a961b28fd9e@group-C0027C2CA8B7:LeaderElection76: begin an election at term 2 for 0: [5bb6ddff-d9e4-48cd-b3b7-ec149b329306:192.168.164.218:45930, f7eefd9a-04f9-4cba-bddd-fa47b4b434ab:192.168.164.218:34960, 38b583e9-922a-4b96-9717-3a961b28fd9e:192.168.164.218:39886], old=null
2019-09-27 21:18:04,619 [38b583e9-922a-4b96-9717-3a961b28fd9e@group-C0027C2CA8B7:LeaderElection76] INFO  impl.LeaderElection (LogUtils.java:infoOrTrace(149)) - 38b583e9-922a-4b96-9717-3a961b28fd9e@group-C0027C2CA8B7:LeaderElection76 got exception when requesting votes: {}
java.util.concurrent.ExecutionException: org.apache.ratis.thirdparty.io.grpc.StatusRuntimeException: UNAVAILABLE: io exception
	at java.util.concurrent.FutureTask.report(FutureTask.java:122)
	at java.util.concurrent.FutureTask.get(FutureTask.java:192)
	at org.apache.ratis.server.impl.LeaderElection.waitForResults(LeaderElection.java:263)
	at org.apache.ratis.server.impl.LeaderElection.askForVotes(LeaderElection.java:201)
	at org.apache.ratis.server.impl.LeaderElection.run(LeaderElection.java:133)
	at java.lang.Thread.run(Thread.java:748)
Caused by: org.apache.ratis.thirdparty.io.grpc.StatusRuntimeException: UNAVAILABLE: io exception
	at org.apache.ratis.thirdparty.io.grpc.stub.ClientCalls.toStatusRuntimeException(ClientCalls.java:233)
	at org.apache.ratis.thirdparty.io.grpc.stub.ClientCalls.getUnchecked(ClientCalls.java:214)
	at org.apache.ratis.thirdparty.io.grpc.stub.ClientCalls.blockingUnaryCall(ClientCalls.java:139)
	at org.apache.ratis.proto.grpc.RaftServerProtocolServiceGrpc$RaftServerProtocolServiceBlockingStub.requestVote(RaftServerProtocolServiceGrpc.java:265)
	at org.apache.ratis.grpc.server.GrpcServerProtocolClient.requestVote(GrpcServerProtocolClient.java:90)
	at org.apache.ratis.grpc.server.GrpcService.requestVote(GrpcService.java:204)
	at org.apache.ratis.server.impl.LeaderElection.lambda$submitRequests$1(LeaderElection.java:238)
	at java.util.concurrent.FutureTask.run(FutureTask.java:266)
	at java.util.concurrent.Executors$RunnableAdapter.call(Executors.java:511)
	at java.util.concurrent.FutureTask.run(FutureTask.java:266)
	at java.util.concurrent.ThreadPoolExecutor.runWorker(ThreadPoolExecutor.java:1149)
	at java.util.concurrent.ThreadPoolExecutor$Worker.run(ThreadPoolExecutor.java:624)
	... 1 more
Caused by: org.apache.ratis.thirdparty.io.netty.channel.AbstractChannel$AnnotatedConnectException: Connection refused: /192.168.164.218:34960
	at sun.nio.ch.SocketChannelImpl.checkConnect(Native Method)
	at sun.nio.ch.SocketChannelImpl.finishConnect(SocketChannelImpl.java:717)
	at org.apache.ratis.thirdparty.io.netty.channel.socket.nio.NioSocketChannel.doFinishConnect(NioSocketChannel.java:327)
	at org.apache.ratis.thirdparty.io.netty.channel.nio.AbstractNioChannel$AbstractNioUnsafe.finishConnect(AbstractNioChannel.java:340)
	at org.apache.ratis.thirdparty.io.netty.channel.nio.NioEventLoop.processSelectedKey(NioEventLoop.java:632)
	at org.apache.ratis.thirdparty.io.netty.channel.nio.NioEventLoop.processSelectedKeysOptimized(NioEventLoop.java:579)
	at org.apache.ratis.thirdparty.io.netty.channel.nio.NioEventLoop.processSelectedKeys(NioEventLoop.java:496)
	at org.apache.ratis.thirdparty.io.netty.channel.nio.NioEventLoop.run(NioEventLoop.java:458)
	at org.apache.ratis.thirdparty.io.netty.util.concurrent.SingleThreadEventExecutor$5.run(SingleThreadEventExecutor.java:897)
	at org.apache.ratis.thirdparty.io.netty.util.concurrent.FastThreadLocalRunnable.run(FastThreadLocalRunnable.java:30)
	... 1 more
Caused by: java.net.ConnectException: Connection refused
	... 11 more
2019-09-27 21:18:04,624 [grpc-default-executor-2] INFO  impl.RaftServerImpl (ServerState.java:setLeader(253)) - 5bb6ddff-d9e4-48cd-b3b7-ec149b329306@group-C0027C2CA8B7: change Leader from f7eefd9a-04f9-4cba-bddd-fa47b4b434ab to null at term 2 for updateCurrentTerm
2019-09-27 21:18:04,624 [grpc-default-executor-2] INFO  impl.RaftServerImpl (RaftServerImpl.java:setRole(174)) - 5bb6ddff-d9e4-48cd-b3b7-ec149b329306@group-C0027C2CA8B7: changes role from  FOLLOWER to FOLLOWER at term 2 for recognizeCandidate:38b583e9-922a-4b96-9717-3a961b28fd9e
2019-09-27 21:18:04,624 [grpc-default-executor-2] INFO  impl.RoleInfo (RoleInfo.java:shutdownFollowerState(121)) - 5bb6ddff-d9e4-48cd-b3b7-ec149b329306: shutdown FollowerState
2019-09-27 21:18:04,624 [grpc-default-executor-2] INFO  impl.RoleInfo (RoleInfo.java:updateAndGet(143)) - 5bb6ddff-d9e4-48cd-b3b7-ec149b329306: start FollowerState
2019-09-27 21:18:04,625 [Thread-3161] INFO  impl.FollowerState (FollowerState.java:run(115)) - 5bb6ddff-d9e4-48cd-b3b7-ec149b329306: FollowerState was interrupted: java.lang.InterruptedException: sleep interrupted
2019-09-27 21:18:04,641 [38b583e9-922a-4b96-9717-3a961b28fd9e@group-C0027C2CA8B7:LeaderElection76] INFO  impl.LeaderElection (LeaderElection.java:logAndReturn(56)) - 38b583e9-922a-4b96-9717-3a961b28fd9e@group-C0027C2CA8B7:LeaderElection76: Election PASSED; received 1 response(s) [38b583e9-922a-4b96-9717-3a961b28fd9e<-5bb6ddff-d9e4-48cd-b3b7-ec149b329306#0:OK-t2] and 1 exception(s); 38b583e9-922a-4b96-9717-3a961b28fd9e@group-C0027C2CA8B7:t2, leader=null, voted=38b583e9-922a-4b96-9717-3a961b28fd9e, raftlog=38b583e9-922a-4b96-9717-3a961b28fd9e@group-C0027C2CA8B7-SegmentedRaftLog:OPENED:c15,f15,i15, conf=0: [5bb6ddff-d9e4-48cd-b3b7-ec149b329306:192.168.164.218:45930, f7eefd9a-04f9-4cba-bddd-fa47b4b434ab:192.168.164.218:34960, 38b583e9-922a-4b96-9717-3a961b28fd9e:192.168.164.218:39886], old=null
2019-09-27 21:18:04,641 [38b583e9-922a-4b96-9717-3a961b28fd9e@group-C0027C2CA8B7:LeaderElection76] INFO  impl.LeaderElection (LogUtils.java:infoOrTrace(149)) -   Exception 0: {}
java.util.concurrent.ExecutionException: org.apache.ratis.thirdparty.io.grpc.StatusRuntimeException: UNAVAILABLE: io exception
	at java.util.concurrent.FutureTask.report(FutureTask.java:122)
	at java.util.concurrent.FutureTask.get(FutureTask.java:192)
	at org.apache.ratis.server.impl.LeaderElection.waitForResults(LeaderElection.java:263)
	at org.apache.ratis.server.impl.LeaderElection.askForVotes(LeaderElection.java:201)
	at org.apache.ratis.server.impl.LeaderElection.run(LeaderElection.java:133)
	at java.lang.Thread.run(Thread.java:748)
Caused by: org.apache.ratis.thirdparty.io.grpc.StatusRuntimeException: UNAVAILABLE: io exception
	at org.apache.ratis.thirdparty.io.grpc.stub.ClientCalls.toStatusRuntimeException(ClientCalls.java:233)
	at org.apache.ratis.thirdparty.io.grpc.stub.ClientCalls.getUnchecked(ClientCalls.java:214)
	at org.apache.ratis.thirdparty.io.grpc.stub.ClientCalls.blockingUnaryCall(ClientCalls.java:139)
	at org.apache.ratis.proto.grpc.RaftServerProtocolServiceGrpc$RaftServerProtocolServiceBlockingStub.requestVote(RaftServerProtocolServiceGrpc.java:265)
	at org.apache.ratis.grpc.server.GrpcServerProtocolClient.requestVote(GrpcServerProtocolClient.java:90)
	at org.apache.ratis.grpc.server.GrpcService.requestVote(GrpcService.java:204)
	at org.apache.ratis.server.impl.LeaderElection.lambda$submitRequests$1(LeaderElection.java:238)
	at java.util.concurrent.FutureTask.run(FutureTask.java:266)
	at java.util.concurrent.Executors$RunnableAdapter.call(Executors.java:511)
	at java.util.concurrent.FutureTask.run(FutureTask.java:266)
	at java.util.concurrent.ThreadPoolExecutor.runWorker(ThreadPoolExecutor.java:1149)
	at java.util.concurrent.ThreadPoolExecutor$Worker.run(ThreadPoolExecutor.java:624)
	... 1 more
Caused by: org.apache.ratis.thirdparty.io.netty.channel.AbstractChannel$AnnotatedConnectException: Connection refused: /192.168.164.218:34960
	at sun.nio.ch.SocketChannelImpl.checkConnect(Native Method)
	at sun.nio.ch.SocketChannelImpl.finishConnect(SocketChannelImpl.java:717)
	at org.apache.ratis.thirdparty.io.netty.channel.socket.nio.NioSocketChannel.doFinishConnect(NioSocketChannel.java:327)
	at org.apache.ratis.thirdparty.io.netty.channel.nio.AbstractNioChannel$AbstractNioUnsafe.finishConnect(AbstractNioChannel.java:340)
	at org.apache.ratis.thirdparty.io.netty.channel.nio.NioEventLoop.processSelectedKey(NioEventLoop.java:632)
	at org.apache.ratis.thirdparty.io.netty.channel.nio.NioEventLoop.processSelectedKeysOptimized(NioEventLoop.java:579)
	at org.apache.ratis.thirdparty.io.netty.channel.nio.NioEventLoop.processSelectedKeys(NioEventLoop.java:496)
	at org.apache.ratis.thirdparty.io.netty.channel.nio.NioEventLoop.run(NioEventLoop.java:458)
	at org.apache.ratis.thirdparty.io.netty.util.concurrent.SingleThreadEventExecutor$5.run(SingleThreadEventExecutor.java:897)
	at org.apache.ratis.thirdparty.io.netty.util.concurrent.FastThreadLocalRunnable.run(FastThreadLocalRunnable.java:30)
	... 1 more
Caused by: java.net.ConnectException: Connection refused
	... 11 more
2019-09-27 21:18:04,641 [38b583e9-922a-4b96-9717-3a961b28fd9e@group-C0027C2CA8B7:LeaderElection76] INFO  impl.RoleInfo (RoleInfo.java:shutdownLeaderElection(134)) - 38b583e9-922a-4b96-9717-3a961b28fd9e: shutdown LeaderElection
2019-09-27 21:18:04,641 [38b583e9-922a-4b96-9717-3a961b28fd9e@group-C0027C2CA8B7:LeaderElection76] INFO  impl.RaftServerImpl (RaftServerImpl.java:setRole(174)) - 38b583e9-922a-4b96-9717-3a961b28fd9e@group-C0027C2CA8B7: changes role from CANDIDATE to LEADER at term 2 for changeToLeader
2019-09-27 21:18:04,641 [38b583e9-922a-4b96-9717-3a961b28fd9e@group-C0027C2CA8B7:LeaderElection76] INFO  impl.RaftServerImpl (ServerState.java:setLeader(253)) - 38b583e9-922a-4b96-9717-3a961b28fd9e@group-C0027C2CA8B7: change Leader from null to 38b583e9-922a-4b96-9717-3a961b28fd9e at term 2 for becomeLeader, leader elected after 40ms
2019-09-27 21:18:04,641 [38b583e9-922a-4b96-9717-3a961b28fd9e@group-C0027C2CA8B7:LeaderElection76] INFO  server.RaftServerConfigKeys (ConfUtils.java:logGet(43)) - raft.server.staging.catchup.gap = 1000 (default)
2019-09-27 21:18:04,642 [38b583e9-922a-4b96-9717-3a961b28fd9e@group-C0027C2CA8B7:LeaderElection76] INFO  server.RaftServerConfigKeys (ConfUtils.java:logGet(43)) - raft.server.rpc.sleep.time = 25ms (default)
2019-09-27 21:18:04,642 [38b583e9-922a-4b96-9717-3a961b28fd9e@group-C0027C2CA8B7:LeaderElection76] INFO  server.RaftServerConfigKeys (ConfUtils.java:logGet(43)) - raft.server.write.element-limit = 4096 (default)
2019-09-27 21:18:04,642 [38b583e9-922a-4b96-9717-3a961b28fd9e@group-C0027C2CA8B7:LeaderElection76] INFO  server.RaftServerConfigKeys (ConfUtils.java:logGet(43)) - raft.server.watch.timeout = 10s (default)
2019-09-27 21:18:04,642 [38b583e9-922a-4b96-9717-3a961b28fd9e@group-C0027C2CA8B7:LeaderElection76] INFO  server.RaftServerConfigKeys (ConfUtils.java:logGet(43)) - raft.server.watch.timeout.denomination = 1s (default)
2019-09-27 21:18:04,642 [38b583e9-922a-4b96-9717-3a961b28fd9e@group-C0027C2CA8B7:LeaderElection76] INFO  server.RaftServerConfigKeys (ConfUtils.java:logGet(43)) - raft.server.watch.element-limit = 65536 (default)
2019-09-27 21:18:04,645 [38b583e9-922a-4b96-9717-3a961b28fd9e@group-C0027C2CA8B7:LeaderElection76] INFO  server.RaftServerConfigKeys (ConfUtils.java:logGet(43)) - raft.server.log.appender.snapshot.chunk.size.max = 16MB (=16777216) (default)
2019-09-27 21:18:04,645 [38b583e9-922a-4b96-9717-3a961b28fd9e@group-C0027C2CA8B7:LeaderElection76] INFO  server.RaftServerConfigKeys (ConfUtils.java:logGet(43)) - raft.server.log.appender.buffer.byte-limit = 33554432 (custom)
2019-09-27 21:18:04,646 [38b583e9-922a-4b96-9717-3a961b28fd9e@group-C0027C2CA8B7:LeaderElection76] INFO  server.RaftServerConfigKeys (ConfUtils.java:logGet(43)) - raft.server.log.appender.buffer.element-limit = 1 (custom)
2019-09-27 21:18:04,646 [38b583e9-922a-4b96-9717-3a961b28fd9e@group-C0027C2CA8B7:LeaderElection76] INFO  grpc.GrpcConfigKeys$Server (ConfUtils.java:logGet(43)) - raft.grpc.server.leader.outstanding.appends.max = 128 (default)
2019-09-27 21:18:04,646 [38b583e9-922a-4b96-9717-3a961b28fd9e@group-C0027C2CA8B7:LeaderElection76] INFO  server.RaftServerConfigKeys (ConfUtils.java:logGet(43)) - raft.server.rpc.request.timeout = 3000ms (default)
2019-09-27 21:18:04,646 [38b583e9-922a-4b96-9717-3a961b28fd9e@group-C0027C2CA8B7:LeaderElection76] INFO  server.RaftServerConfigKeys (ConfUtils.java:logGet(43)) - raft.server.log.appender.install.snapshot.enabled = false (custom)
2019-09-27 21:18:04,646 [38b583e9-922a-4b96-9717-3a961b28fd9e@group-C0027C2CA8B7:LeaderElection76] INFO  server.RaftServerConfigKeys (ConfUtils.java:logGet(43)) - raft.server.log.appender.snapshot.chunk.size.max = 16MB (=16777216) (default)
2019-09-27 21:18:04,646 [38b583e9-922a-4b96-9717-3a961b28fd9e@group-C0027C2CA8B7:LeaderElection76] INFO  server.RaftServerConfigKeys (ConfUtils.java:logGet(43)) - raft.server.log.appender.buffer.byte-limit = 33554432 (custom)
2019-09-27 21:18:04,646 [38b583e9-922a-4b96-9717-3a961b28fd9e@group-C0027C2CA8B7:LeaderElection76] INFO  server.RaftServerConfigKeys (ConfUtils.java:logGet(43)) - raft.server.log.appender.buffer.element-limit = 1 (custom)
2019-09-27 21:18:04,647 [38b583e9-922a-4b96-9717-3a961b28fd9e@group-C0027C2CA8B7:LeaderElection76] INFO  grpc.GrpcConfigKeys$Server (ConfUtils.java:logGet(43)) - raft.grpc.server.leader.outstanding.appends.max = 128 (default)
2019-09-27 21:18:04,647 [38b583e9-922a-4b96-9717-3a961b28fd9e@group-C0027C2CA8B7:LeaderElection76] INFO  server.RaftServerConfigKeys (ConfUtils.java:logGet(43)) - raft.server.rpc.request.timeout = 3000ms (default)
2019-09-27 21:18:04,647 [38b583e9-922a-4b96-9717-3a961b28fd9e@group-C0027C2CA8B7:LeaderElection76] INFO  server.RaftServerConfigKeys (ConfUtils.java:logGet(43)) - raft.server.log.appender.install.snapshot.enabled = false (custom)
2019-09-27 21:18:04,647 [38b583e9-922a-4b96-9717-3a961b28fd9e@group-C0027C2CA8B7:LeaderElection76] INFO  impl.RoleInfo (RoleInfo.java:updateAndGet(143)) - 38b583e9-922a-4b96-9717-3a961b28fd9e: start LeaderState
2019-09-27 21:18:04,648 [38b583e9-922a-4b96-9717-3a961b28fd9e@group-C0027C2CA8B7:LeaderElection76] INFO  segmented.SegmentedRaftLogWorker (SegmentedRaftLogWorker.java:rollLogSegment(385)) - 38b583e9-922a-4b96-9717-3a961b28fd9e@group-C0027C2CA8B7-SegmentedRaftLogWorker: Rolling segment log-0_15 to index:15
2019-09-27 21:18:04,649 [38b583e9-922a-4b96-9717-3a961b28fd9e@group-C0027C2CA8B7-SegmentedRaftLogWorker] INFO  segmented.SegmentedRaftLogWorker (SegmentedRaftLogWorker.java:execute(526)) - 38b583e9-922a-4b96-9717-3a961b28fd9e@group-C0027C2CA8B7-SegmentedRaftLogWorker: Rolled log segment from /workdir/hadoop-ozone/integration-test/target/test-dir/MiniOzoneClusterImpl-117ebbbb-8886-40cd-9900-3c45df34c9b4/datanode-6/data/ratis/afb57596-5ce3-4c2c-92cb-c0027c2ca8b7/current/log_inprogress_0 to /workdir/hadoop-ozone/integration-test/target/test-dir/MiniOzoneClusterImpl-117ebbbb-8886-40cd-9900-3c45df34c9b4/datanode-6/data/ratis/afb57596-5ce3-4c2c-92cb-c0027c2ca8b7/current/log_0-15
2019-09-27 21:18:04,650 [38b583e9-922a-4b96-9717-3a961b28fd9e@group-C0027C2CA8B7:LeaderElection76] INFO  impl.RaftServerImpl (ServerState.java:setRaftConf(354)) - 38b583e9-922a-4b96-9717-3a961b28fd9e@group-C0027C2CA8B7: set configuration 16: [5bb6ddff-d9e4-48cd-b3b7-ec149b329306:192.168.164.218:45930, f7eefd9a-04f9-4cba-bddd-fa47b4b434ab:192.168.164.218:34960, 38b583e9-922a-4b96-9717-3a961b28fd9e:192.168.164.218:39886], old=null at 16
2019-09-27 21:18:04,651 [grpc-default-executor-2] WARN  server.GrpcLogAppender (LogUtils.java:warn(134)) - 38b583e9-922a-4b96-9717-3a961b28fd9e@group-C0027C2CA8B7->f7eefd9a-04f9-4cba-bddd-fa47b4b434ab-AppendLogResponseHandler: Failed appendEntries: org.apache.ratis.thirdparty.io.grpc.StatusRuntimeException: UNAVAILABLE: io exception
2019-09-27 21:18:04,677 [grpc-default-executor-2] INFO  impl.FollowerInfo (FollowerInfo.java:lambda$new$0(51)) - 38b583e9-922a-4b96-9717-3a961b28fd9e@group-C0027C2CA8B7->f7eefd9a-04f9-4cba-bddd-fa47b4b434ab: nextIndex: updateUnconditionally 16 -> 1
2019-09-27 21:18:04,678 [grpc-default-executor-2] INFO  impl.RaftServerImpl (ServerState.java:setLeader(253)) - 5bb6ddff-d9e4-48cd-b3b7-ec149b329306@group-C0027C2CA8B7: change Leader from null to 38b583e9-922a-4b96-9717-3a961b28fd9e at term 2 for appendEntries, leader elected after 53ms
2019-09-27 21:18:04,679 [grpc-default-executor-2] INFO  impl.RaftServerImpl (ServerState.java:setRaftConf(354)) - 5bb6ddff-d9e4-48cd-b3b7-ec149b329306@group-C0027C2CA8B7: set configuration 16: [5bb6ddff-d9e4-48cd-b3b7-ec149b329306:192.168.164.218:45930, f7eefd9a-04f9-4cba-bddd-fa47b4b434ab:192.168.164.218:34960, 38b583e9-922a-4b96-9717-3a961b28fd9e:192.168.164.218:39886], old=null at 16
2019-09-27 21:18:04,680 [grpc-default-executor-2] INFO  segmented.SegmentedRaftLogWorker (SegmentedRaftLogWorker.java:rollLogSegment(385)) - 5bb6ddff-d9e4-48cd-b3b7-ec149b329306@group-C0027C2CA8B7-SegmentedRaftLogWorker: Rolling segment log-0_15 to index:15
2019-09-27 21:18:04,680 [5bb6ddff-d9e4-48cd-b3b7-ec149b329306@group-C0027C2CA8B7-SegmentedRaftLogWorker] INFO  segmented.SegmentedRaftLogWorker (SegmentedRaftLogWorker.java:execute(526)) - 5bb6ddff-d9e4-48cd-b3b7-ec149b329306@group-C0027C2CA8B7-SegmentedRaftLogWorker: Rolled log segment from /workdir/hadoop-ozone/integration-test/target/test-dir/MiniOzoneClusterImpl-117ebbbb-8886-40cd-9900-3c45df34c9b4/datanode-5/data/ratis/afb57596-5ce3-4c2c-92cb-c0027c2ca8b7/current/log_inprogress_0 to /workdir/hadoop-ozone/integration-test/target/test-dir/MiniOzoneClusterImpl-117ebbbb-8886-40cd-9900-3c45df34c9b4/datanode-5/data/ratis/afb57596-5ce3-4c2c-92cb-c0027c2ca8b7/current/log_0-15
2019-09-27 21:18:04,688 [38b583e9-922a-4b96-9717-3a961b28fd9e@group-C0027C2CA8B7-SegmentedRaftLogWorker] INFO  segmented.SegmentedRaftLogWorker (SegmentedRaftLogWorker.java:execute(569)) - 38b583e9-922a-4b96-9717-3a961b28fd9e@group-C0027C2CA8B7-SegmentedRaftLogWorker: created new log segment /workdir/hadoop-ozone/integration-test/target/test-dir/MiniOzoneClusterImpl-117ebbbb-8886-40cd-9900-3c45df34c9b4/datanode-6/data/ratis/afb57596-5ce3-4c2c-92cb-c0027c2ca8b7/current/log_inprogress_16
2019-09-27 21:18:04,713 [5bb6ddff-d9e4-48cd-b3b7-ec149b329306@group-C0027C2CA8B7-SegmentedRaftLogWorker] INFO  segmented.SegmentedRaftLogWorker (SegmentedRaftLogWorker.java:execute(569)) - 5bb6ddff-d9e4-48cd-b3b7-ec149b329306@group-C0027C2CA8B7-SegmentedRaftLogWorker: created new log segment /workdir/hadoop-ozone/integration-test/target/test-dir/MiniOzoneClusterImpl-117ebbbb-8886-40cd-9900-3c45df34c9b4/datanode-5/data/ratis/afb57596-5ce3-4c2c-92cb-c0027c2ca8b7/current/log_inprogress_16
2019-09-27 21:18:04,734 [grpc-default-executor-2] WARN  server.GrpcLogAppender (LogUtils.java:warn(134)) - 38b583e9-922a-4b96-9717-3a961b28fd9e@group-C0027C2CA8B7->f7eefd9a-04f9-4cba-bddd-fa47b4b434ab-AppendLogResponseHandler: Failed appendEntries: org.apache.ratis.thirdparty.io.grpc.StatusRuntimeException: UNAVAILABLE: io exception
2019-09-27 21:18:04,734 [grpc-default-executor-2] INFO  impl.FollowerInfo (FollowerInfo.java:lambda$new$0(51)) - 38b583e9-922a-4b96-9717-3a961b28fd9e@group-C0027C2CA8B7->f7eefd9a-04f9-4cba-bddd-fa47b4b434ab: nextIndex: updateUnconditionally 2 -> 1
2019-09-27 21:18:04,743 [grpc-default-executor-6] WARN  server.GrpcLogAppender (LogUtils.java:warn(134)) - 38b583e9-922a-4b96-9717-3a961b28fd9e@group-C0027C2CA8B7->f7eefd9a-04f9-4cba-bddd-fa47b4b434ab-AppendLogResponseHandler: Failed appendEntries: org.apache.ratis.thirdparty.io.grpc.StatusRuntimeException: UNAVAILABLE: io exception
2019-09-27 21:18:04,743 [grpc-default-executor-6] INFO  impl.FollowerInfo (FollowerInfo.java:lambda$new$0(51)) - 38b583e9-922a-4b96-9717-3a961b28fd9e@group-C0027C2CA8B7->f7eefd9a-04f9-4cba-bddd-fa47b4b434ab: nextIndex: updateUnconditionally 2 -> 1
21:18:05.290 [grpc-default-executor-6] ERROR DNAudit - user=null | ip=null | op=WRITE_CHUNK {blockData=conID: 1 locID: 102866554991542285 bcsId: 13} | ret=FAILURE
org.apache.hadoop.hdds.scm.container.common.helpers.ContainerNotOpenException: Container 1 in CLOSING state
	at org.apache.hadoop.ozone.container.common.impl.HddsDispatcher.validateContainerCommand(HddsDispatcher.java:434) ~[hadoop-hdds-container-service-0.5.0-SNAPSHOT.jar:?]
	at org.apache.hadoop.ozone.container.common.transport.server.ratis.ContainerStateMachine.startTransaction(ContainerStateMachine.java:315) ~[hadoop-hdds-container-service-0.5.0-SNAPSHOT.jar:?]
	at org.apache.ratis.server.impl.RaftServerImpl.submitClientRequestAsync(RaftServerImpl.java:573) ~[ratis-server-0.4.0.jar:0.4.0]
	at org.apache.ratis.server.impl.RaftServerProxy.lambda$submitClientRequestAsync$7(RaftServerProxy.java:333) ~[ratis-server-0.4.0.jar:0.4.0]
	at org.apache.ratis.server.impl.RaftServerProxy.lambda$null$5(RaftServerProxy.java:328) ~[ratis-server-0.4.0.jar:0.4.0]
	at org.apache.ratis.util.JavaUtils.callAsUnchecked(JavaUtils.java:109) ~[ratis-common-0.4.0.jar:0.4.0]
	at org.apache.ratis.server.impl.RaftServerProxy.lambda$submitRequest$6(RaftServerProxy.java:328) ~[ratis-server-0.4.0.jar:0.4.0]
	at java.util.concurrent.CompletableFuture.uniComposeStage(CompletableFuture.java:981) ~[?:1.8.0_212]
	at java.util.concurrent.CompletableFuture.thenCompose(CompletableFuture.java:2124) ~[?:1.8.0_212]
	at org.apache.ratis.server.impl.RaftServerProxy.submitRequest(RaftServerProxy.java:327) ~[ratis-server-0.4.0.jar:0.4.0]
	at org.apache.ratis.server.impl.RaftServerProxy.submitClientRequestAsync(RaftServerProxy.java:333) ~[ratis-server-0.4.0.jar:0.4.0]
	at org.apache.ratis.grpc.client.GrpcClientProtocolService$RequestStreamObserver.processClientRequest(GrpcClientProtocolService.java:220) ~[ratis-grpc-0.4.0.jar:0.4.0]
	at org.apache.ratis.grpc.client.GrpcClientProtocolService$OrderedRequestStreamObserver.processClientRequest(GrpcClientProtocolService.java:326) ~[ratis-grpc-0.4.0.jar:0.4.0]
	at org.apache.ratis.util.SlidingWindow$Server.processRequestsFromHead(SlidingWindow.java:429) [ratis-common-0.4.0.jar:0.4.0]
	at org.apache.ratis.util.SlidingWindow$Server.receivedRequest(SlidingWindow.java:421) [ratis-common-0.4.0.jar:0.4.0]
	at org.apache.ratis.grpc.client.GrpcClientProtocolService$OrderedRequestStreamObserver.processClientRequest(GrpcClientProtocolService.java:345) [ratis-grpc-0.4.0.jar:0.4.0]
	at org.apache.ratis.grpc.client.GrpcClientProtocolService$RequestStreamObserver.onNext(GrpcClientProtocolService.java:240) [ratis-grpc-0.4.0.jar:0.4.0]
	at org.apache.ratis.grpc.client.GrpcClientProtocolService$RequestStreamObserver.onNext(GrpcClientProtocolService.java:168) [ratis-grpc-0.4.0.jar:0.4.0]
	at org.apache.ratis.thirdparty.io.grpc.stub.ServerCalls$StreamingServerCallHandler$StreamingServerCallListener.onMessage(ServerCalls.java:248) [ratis-thirdparty-misc-0.2.0.jar:0.2.0]
	at org.apache.ratis.thirdparty.io.grpc.internal.ServerCallImpl$ServerStreamListenerImpl.messagesAvailable(ServerCallImpl.java:263) [ratis-thirdparty-misc-0.2.0.jar:0.2.0]
	at org.apache.ratis.thirdparty.io.grpc.internal.ServerImpl$JumpToApplicationThreadServerStreamListener$1MessagesAvailable.runInContext(ServerImpl.java:686) [ratis-thirdparty-misc-0.2.0.jar:0.2.0]
	at org.apache.ratis.thirdparty.io.grpc.internal.ContextRunnable.run(ContextRunnable.java:37) [ratis-thirdparty-misc-0.2.0.jar:0.2.0]
	at org.apache.ratis.thirdparty.io.grpc.internal.SerializingExecutor.run(SerializingExecutor.java:123) [ratis-thirdparty-misc-0.2.0.jar:0.2.0]
	at java.util.concurrent.ThreadPoolExecutor.runWorker(ThreadPoolExecutor.java:1149) [?:1.8.0_212]
	at java.util.concurrent.ThreadPoolExecutor$Worker.run(ThreadPoolExecutor.java:624) [?:1.8.0_212]
	at java.lang.Thread.run(Thread.java:748) [?:1.8.0_212]
21:18:05.304 [grpc-default-executor-2] ERROR DNAudit - user=null | ip=null | op=WRITE_CHUNK {blockData=conID: 1 locID: 102866554991542285 bcsId: 13} | ret=FAILURE
org.apache.hadoop.hdds.scm.container.common.helpers.ContainerNotOpenException: Container 1 in CLOSING state
	at org.apache.hadoop.ozone.container.common.impl.HddsDispatcher.validateContainerCommand(HddsDispatcher.java:434) ~[hadoop-hdds-container-service-0.5.0-SNAPSHOT.jar:?]
	at org.apache.hadoop.ozone.container.common.transport.server.ratis.ContainerStateMachine.startTransaction(ContainerStateMachine.java:315) ~[hadoop-hdds-container-service-0.5.0-SNAPSHOT.jar:?]
	at org.apache.ratis.server.impl.RaftServerImpl.submitClientRequestAsync(RaftServerImpl.java:573) ~[ratis-server-0.4.0.jar:0.4.0]
	at org.apache.ratis.server.impl.RaftServerProxy.lambda$submitClientRequestAsync$7(RaftServerProxy.java:333) ~[ratis-server-0.4.0.jar:0.4.0]
	at org.apache.ratis.server.impl.RaftServerProxy.lambda$null$5(RaftServerProxy.java:328) ~[ratis-server-0.4.0.jar:0.4.0]
	at org.apache.ratis.util.JavaUtils.callAsUnchecked(JavaUtils.java:109) ~[ratis-common-0.4.0.jar:0.4.0]
	at org.apache.ratis.server.impl.RaftServerProxy.lambda$submitRequest$6(RaftServerProxy.java:328) ~[ratis-server-0.4.0.jar:0.4.0]
	at java.util.concurrent.CompletableFuture.uniComposeStage(CompletableFuture.java:981) ~[?:1.8.0_212]
	at java.util.concurrent.CompletableFuture.thenCompose(CompletableFuture.java:2124) ~[?:1.8.0_212]
	at org.apache.ratis.server.impl.RaftServerProxy.submitRequest(RaftServerProxy.java:327) ~[ratis-server-0.4.0.jar:0.4.0]
	at org.apache.ratis.server.impl.RaftServerProxy.submitClientRequestAsync(RaftServerProxy.java:333) ~[ratis-server-0.4.0.jar:0.4.0]
	at org.apache.ratis.grpc.client.GrpcClientProtocolService$RequestStreamObserver.processClientRequest(GrpcClientProtocolService.java:220) ~[ratis-grpc-0.4.0.jar:0.4.0]
	at org.apache.ratis.grpc.client.GrpcClientProtocolService$OrderedRequestStreamObserver.processClientRequest(GrpcClientProtocolService.java:326) ~[ratis-grpc-0.4.0.jar:0.4.0]
	at org.apache.ratis.util.SlidingWindow$Server.processRequestsFromHead(SlidingWindow.java:429) [ratis-common-0.4.0.jar:0.4.0]
	at org.apache.ratis.util.SlidingWindow$Server.receivedRequest(SlidingWindow.java:421) [ratis-common-0.4.0.jar:0.4.0]
	at org.apache.ratis.grpc.client.GrpcClientProtocolService$OrderedRequestStreamObserver.processClientRequest(GrpcClientProtocolService.java:345) [ratis-grpc-0.4.0.jar:0.4.0]
	at org.apache.ratis.grpc.client.GrpcClientProtocolService$RequestStreamObserver.onNext(GrpcClientProtocolService.java:240) [ratis-grpc-0.4.0.jar:0.4.0]
	at org.apache.ratis.grpc.client.GrpcClientProtocolService$RequestStreamObserver.onNext(GrpcClientProtocolService.java:168) [ratis-grpc-0.4.0.jar:0.4.0]
	at org.apache.ratis.thirdparty.io.grpc.stub.ServerCalls$StreamingServerCallHandler$StreamingServerCallListener.onMessage(ServerCalls.java:248) [ratis-thirdparty-misc-0.2.0.jar:0.2.0]
	at org.apache.ratis.thirdparty.io.grpc.internal.ServerCallImpl$ServerStreamListenerImpl.messagesAvailable(ServerCallImpl.java:263) [ratis-thirdparty-misc-0.2.0.jar:0.2.0]
	at org.apache.ratis.thirdparty.io.grpc.internal.ServerImpl$JumpToApplicationThreadServerStreamListener$1MessagesAvailable.runInContext(ServerImpl.java:686) [ratis-thirdparty-misc-0.2.0.jar:0.2.0]
	at org.apache.ratis.thirdparty.io.grpc.internal.ContextRunnable.run(ContextRunnable.java:37) [ratis-thirdparty-misc-0.2.0.jar:0.2.0]
	at org.apache.ratis.thirdparty.io.grpc.internal.SerializingExecutor.run(SerializingExecutor.java:123) [ratis-thirdparty-misc-0.2.0.jar:0.2.0]
	at java.util.concurrent.ThreadPoolExecutor.runWorker(ThreadPoolExecutor.java:1149) [?:1.8.0_212]
	at java.util.concurrent.ThreadPoolExecutor$Worker.run(ThreadPoolExecutor.java:624) [?:1.8.0_212]
	at java.lang.Thread.run(Thread.java:748) [?:1.8.0_212]
21:18:05.305 [grpc-default-executor-2] ERROR DNAudit - user=null | ip=null | op=PUT_BLOCK {blockData=[blockId=conID: 1 locID: 102866554991542285 bcsId: 0,size=650]} | ret=FAILURE
org.apache.hadoop.hdds.scm.container.common.helpers.ContainerNotOpenException: Container 1 in CLOSING state
	at org.apache.hadoop.ozone.container.common.impl.HddsDispatcher.validateContainerCommand(HddsDispatcher.java:434) ~[hadoop-hdds-container-service-0.5.0-SNAPSHOT.jar:?]
	at org.apache.hadoop.ozone.container.common.transport.server.ratis.ContainerStateMachine.startTransaction(ContainerStateMachine.java:315) ~[hadoop-hdds-container-service-0.5.0-SNAPSHOT.jar:?]
	at org.apache.ratis.server.impl.RaftServerImpl.submitClientRequestAsync(RaftServerImpl.java:573) ~[ratis-server-0.4.0.jar:0.4.0]
	at org.apache.ratis.server.impl.RaftServerProxy.lambda$submitClientRequestAsync$7(RaftServerProxy.java:333) ~[ratis-server-0.4.0.jar:0.4.0]
	at org.apache.ratis.server.impl.RaftServerProxy.lambda$null$5(RaftServerProxy.java:328) ~[ratis-server-0.4.0.jar:0.4.0]
	at org.apache.ratis.util.JavaUtils.callAsUnchecked(JavaUtils.java:109) ~[ratis-common-0.4.0.jar:0.4.0]
	at org.apache.ratis.server.impl.RaftServerProxy.lambda$submitRequest$6(RaftServerProxy.java:328) ~[ratis-server-0.4.0.jar:0.4.0]
	at java.util.concurrent.CompletableFuture.uniComposeStage(CompletableFuture.java:981) ~[?:1.8.0_212]
	at java.util.concurrent.CompletableFuture.thenCompose(CompletableFuture.java:2124) ~[?:1.8.0_212]
	at org.apache.ratis.server.impl.RaftServerProxy.submitRequest(RaftServerProxy.java:327) ~[ratis-server-0.4.0.jar:0.4.0]
	at org.apache.ratis.server.impl.RaftServerProxy.submitClientRequestAsync(RaftServerProxy.java:333) ~[ratis-server-0.4.0.jar:0.4.0]
	at org.apache.ratis.grpc.client.GrpcClientProtocolService$RequestStreamObserver.processClientRequest(GrpcClientProtocolService.java:220) ~[ratis-grpc-0.4.0.jar:0.4.0]
	at org.apache.ratis.grpc.client.GrpcClientProtocolService$OrderedRequestStreamObserver.processClientRequest(GrpcClientProtocolService.java:326) ~[ratis-grpc-0.4.0.jar:0.4.0]
	at org.apache.ratis.util.SlidingWindow$Server.processRequestsFromHead(SlidingWindow.java:429) [ratis-common-0.4.0.jar:0.4.0]
	at org.apache.ratis.util.SlidingWindow$Server.receivedRequest(SlidingWindow.java:421) [ratis-common-0.4.0.jar:0.4.0]
	at org.apache.ratis.grpc.client.GrpcClientProtocolService$OrderedRequestStreamObserver.processClientRequest(GrpcClientProtocolService.java:345) [ratis-grpc-0.4.0.jar:0.4.0]
	at org.apache.ratis.grpc.client.GrpcClientProtocolService$RequestStreamObserver.onNext(GrpcClientProtocolService.java:240) [ratis-grpc-0.4.0.jar:0.4.0]
	at org.apache.ratis.grpc.client.GrpcClientProtocolService$RequestStreamObserver.onNext(GrpcClientProtocolService.java:168) [ratis-grpc-0.4.0.jar:0.4.0]
	at org.apache.ratis.thirdparty.io.grpc.stub.ServerCalls$StreamingServerCallHandler$StreamingServerCallListener.onMessage(ServerCalls.java:248) [ratis-thirdparty-misc-0.2.0.jar:0.2.0]
	at org.apache.ratis.thirdparty.io.grpc.internal.ServerCallImpl$ServerStreamListenerImpl.messagesAvailable(ServerCallImpl.java:263) [ratis-thirdparty-misc-0.2.0.jar:0.2.0]
	at org.apache.ratis.thirdparty.io.grpc.internal.ServerImpl$JumpToApplicationThreadServerStreamListener$1MessagesAvailable.runInContext(ServerImpl.java:686) [ratis-thirdparty-misc-0.2.0.jar:0.2.0]
	at org.apache.ratis.thirdparty.io.grpc.internal.ContextRunnable.run(ContextRunnable.java:37) [ratis-thirdparty-misc-0.2.0.jar:0.2.0]
	at org.apache.ratis.thirdparty.io.grpc.internal.SerializingExecutor.run(SerializingExecutor.java:123) [ratis-thirdparty-misc-0.2.0.jar:0.2.0]
	at java.util.concurrent.ThreadPoolExecutor.runWorker(ThreadPoolExecutor.java:1149) [?:1.8.0_212]
	at java.util.concurrent.ThreadPoolExecutor$Worker.run(ThreadPoolExecutor.java:624) [?:1.8.0_212]
	at java.lang.Thread.run(Thread.java:748) [?:1.8.0_212]
21:18:05.318 [grpc-default-executor-2] ERROR DNAudit - user=null | ip=null | op=WRITE_CHUNK {blockData=conID: 1 locID: 102866554991542285 bcsId: 13} | ret=FAILURE
org.apache.hadoop.hdds.scm.container.common.helpers.ContainerNotOpenException: Container 1 in CLOSING state
	at org.apache.hadoop.ozone.container.common.impl.HddsDispatcher.validateContainerCommand(HddsDispatcher.java:434) ~[hadoop-hdds-container-service-0.5.0-SNAPSHOT.jar:?]
	at org.apache.hadoop.ozone.container.common.transport.server.ratis.ContainerStateMachine.startTransaction(ContainerStateMachine.java:315) ~[hadoop-hdds-container-service-0.5.0-SNAPSHOT.jar:?]
	at org.apache.ratis.server.impl.RaftServerImpl.submitClientRequestAsync(RaftServerImpl.java:573) ~[ratis-server-0.4.0.jar:0.4.0]
	at org.apache.ratis.server.impl.RaftServerProxy.lambda$submitClientRequestAsync$7(RaftServerProxy.java:333) ~[ratis-server-0.4.0.jar:0.4.0]
	at org.apache.ratis.server.impl.RaftServerProxy.lambda$null$5(RaftServerProxy.java:328) ~[ratis-server-0.4.0.jar:0.4.0]
	at org.apache.ratis.util.JavaUtils.callAsUnchecked(JavaUtils.java:109) ~[ratis-common-0.4.0.jar:0.4.0]
	at org.apache.ratis.server.impl.RaftServerProxy.lambda$submitRequest$6(RaftServerProxy.java:328) ~[ratis-server-0.4.0.jar:0.4.0]
	at java.util.concurrent.CompletableFuture.uniComposeStage(CompletableFuture.java:981) ~[?:1.8.0_212]
	at java.util.concurrent.CompletableFuture.thenCompose(CompletableFuture.java:2124) ~[?:1.8.0_212]
	at org.apache.ratis.server.impl.RaftServerProxy.submitRequest(RaftServerProxy.java:327) ~[ratis-server-0.4.0.jar:0.4.0]
	at org.apache.ratis.server.impl.RaftServerProxy.submitClientRequestAsync(RaftServerProxy.java:333) ~[ratis-server-0.4.0.jar:0.4.0]
	at org.apache.ratis.grpc.client.GrpcClientProtocolService$RequestStreamObserver.processClientRequest(GrpcClientProtocolService.java:220) ~[ratis-grpc-0.4.0.jar:0.4.0]
	at org.apache.ratis.grpc.client.GrpcClientProtocolService$OrderedRequestStreamObserver.processClientRequest(GrpcClientProtocolService.java:326) ~[ratis-grpc-0.4.0.jar:0.4.0]
	at org.apache.ratis.util.SlidingWindow$Server.processRequestsFromHead(SlidingWindow.java:429) [ratis-common-0.4.0.jar:0.4.0]
	at org.apache.ratis.util.SlidingWindow$Server.receivedRequest(SlidingWindow.java:421) [ratis-common-0.4.0.jar:0.4.0]
	at org.apache.ratis.grpc.client.GrpcClientProtocolService$OrderedRequestStreamObserver.processClientRequest(GrpcClientProtocolService.java:345) [ratis-grpc-0.4.0.jar:0.4.0]
	at org.apache.ratis.grpc.client.GrpcClientProtocolService$RequestStreamObserver.onNext(GrpcClientProtocolService.java:240) [ratis-grpc-0.4.0.jar:0.4.0]
	at org.apache.ratis.grpc.client.GrpcClientProtocolService$RequestStreamObserver.onNext(GrpcClientProtocolService.java:168) [ratis-grpc-0.4.0.jar:0.4.0]
	at org.apache.ratis.thirdparty.io.grpc.stub.ServerCalls$StreamingServerCallHandler$StreamingServerCallListener.onMessage(ServerCalls.java:248) [ratis-thirdparty-misc-0.2.0.jar:0.2.0]
	at org.apache.ratis.thirdparty.io.grpc.internal.ServerCallImpl$ServerStreamListenerImpl.messagesAvailable(ServerCallImpl.java:263) [ratis-thirdparty-misc-0.2.0.jar:0.2.0]
	at org.apache.ratis.thirdparty.io.grpc.internal.ServerImpl$JumpToApplicationThreadServerStreamListener$1MessagesAvailable.runInContext(ServerImpl.java:686) [ratis-thirdparty-misc-0.2.0.jar:0.2.0]
	at org.apache.ratis.thirdparty.io.grpc.internal.ContextRunnable.run(ContextRunnable.java:37) [ratis-thirdparty-misc-0.2.0.jar:0.2.0]
	at org.apache.ratis.thirdparty.io.grpc.internal.SerializingExecutor.run(SerializingExecutor.java:123) [ratis-thirdparty-misc-0.2.0.jar:0.2.0]
	at java.util.concurrent.ThreadPoolExecutor.runWorker(ThreadPoolExecutor.java:1149) [?:1.8.0_212]
	at java.util.concurrent.ThreadPoolExecutor$Worker.run(ThreadPoolExecutor.java:624) [?:1.8.0_212]
	at java.lang.Thread.run(Thread.java:748) [?:1.8.0_212]
21:18:05.323 [grpc-default-executor-2] ERROR DNAudit - user=null | ip=null | op=WRITE_CHUNK {blockData=conID: 1 locID: 102866554991542285 bcsId: 13} | ret=FAILURE
org.apache.hadoop.hdds.scm.container.common.helpers.ContainerNotOpenException: Container 1 in CLOSING state
	at org.apache.hadoop.ozone.container.common.impl.HddsDispatcher.validateContainerCommand(HddsDispatcher.java:434) ~[hadoop-hdds-container-service-0.5.0-SNAPSHOT.jar:?]
	at org.apache.hadoop.ozone.container.common.transport.server.ratis.ContainerStateMachine.startTransaction(ContainerStateMachine.java:315) ~[hadoop-hdds-container-service-0.5.0-SNAPSHOT.jar:?]
	at org.apache.ratis.server.impl.RaftServerImpl.submitClientRequestAsync(RaftServerImpl.java:573) ~[ratis-server-0.4.0.jar:0.4.0]
	at org.apache.ratis.server.impl.RaftServerProxy.lambda$submitClientRequestAsync$7(RaftServerProxy.java:333) ~[ratis-server-0.4.0.jar:0.4.0]
	at org.apache.ratis.server.impl.RaftServerProxy.lambda$null$5(RaftServerProxy.java:328) ~[ratis-server-0.4.0.jar:0.4.0]
	at org.apache.ratis.util.JavaUtils.callAsUnchecked(JavaUtils.java:109) ~[ratis-common-0.4.0.jar:0.4.0]
	at org.apache.ratis.server.impl.RaftServerProxy.lambda$submitRequest$6(RaftServerProxy.java:328) ~[ratis-server-0.4.0.jar:0.4.0]
	at java.util.concurrent.CompletableFuture.uniComposeStage(CompletableFuture.java:981) ~[?:1.8.0_212]
	at java.util.concurrent.CompletableFuture.thenCompose(CompletableFuture.java:2124) ~[?:1.8.0_212]
	at org.apache.ratis.server.impl.RaftServerProxy.submitRequest(RaftServerProxy.java:327) ~[ratis-server-0.4.0.jar:0.4.0]
	at org.apache.ratis.server.impl.RaftServerProxy.submitClientRequestAsync(RaftServerProxy.java:333) ~[ratis-server-0.4.0.jar:0.4.0]
	at org.apache.ratis.grpc.client.GrpcClientProtocolService$RequestStreamObserver.processClientRequest(GrpcClientProtocolService.java:220) ~[ratis-grpc-0.4.0.jar:0.4.0]
	at org.apache.ratis.grpc.client.GrpcClientProtocolService$OrderedRequestStreamObserver.processClientRequest(GrpcClientProtocolService.java:326) ~[ratis-grpc-0.4.0.jar:0.4.0]
	at org.apache.ratis.util.SlidingWindow$Server.processRequestsFromHead(SlidingWindow.java:429) [ratis-common-0.4.0.jar:0.4.0]
	at org.apache.ratis.util.SlidingWindow$Server.receivedRequest(SlidingWindow.java:421) [ratis-common-0.4.0.jar:0.4.0]
	at org.apache.ratis.grpc.client.GrpcClientProtocolService$OrderedRequestStreamObserver.processClientRequest(GrpcClientProtocolService.java:345) [ratis-grpc-0.4.0.jar:0.4.0]
	at org.apache.ratis.grpc.client.GrpcClientProtocolService$RequestStreamObserver.onNext(GrpcClientProtocolService.java:240) [ratis-grpc-0.4.0.jar:0.4.0]
	at org.apache.ratis.grpc.client.GrpcClientProtocolService$RequestStreamObserver.onNext(GrpcClientProtocolService.java:168) [ratis-grpc-0.4.0.jar:0.4.0]
	at org.apache.ratis.thirdparty.io.grpc.stub.ServerCalls$StreamingServerCallHandler$StreamingServerCallListener.onMessage(ServerCalls.java:248) [ratis-thirdparty-misc-0.2.0.jar:0.2.0]
	at org.apache.ratis.thirdparty.io.grpc.internal.ServerCallImpl$ServerStreamListenerImpl.messagesAvailable(ServerCallImpl.java:263) [ratis-thirdparty-misc-0.2.0.jar:0.2.0]
	at org.apache.ratis.thirdparty.io.grpc.internal.ServerImpl$JumpToApplicationThreadServerStreamListener$1MessagesAvailable.runInContext(ServerImpl.java:686) [ratis-thirdparty-misc-0.2.0.jar:0.2.0]
	at org.apache.ratis.thirdparty.io.grpc.internal.ContextRunnable.run(ContextRunnable.java:37) [ratis-thirdparty-misc-0.2.0.jar:0.2.0]
	at org.apache.ratis.thirdparty.io.grpc.internal.SerializingExecutor.run(SerializingExecutor.java:123) [ratis-thirdparty-misc-0.2.0.jar:0.2.0]
	at java.util.concurrent.ThreadPoolExecutor.runWorker(ThreadPoolExecutor.java:1149) [?:1.8.0_212]
	at java.util.concurrent.ThreadPoolExecutor$Worker.run(ThreadPoolExecutor.java:624) [?:1.8.0_212]
	at java.lang.Thread.run(Thread.java:748) [?:1.8.0_212]
21:18:05.324 [grpc-default-executor-2] ERROR DNAudit - user=null | ip=null | op=PUT_BLOCK {blockData=[blockId=conID: 1 locID: 102866554991542285 bcsId: 0,size=800]} | ret=FAILURE
org.apache.hadoop.hdds.scm.container.common.helpers.ContainerNotOpenException: Container 1 in CLOSING state
	at org.apache.hadoop.ozone.container.common.impl.HddsDispatcher.validateContainerCommand(HddsDispatcher.java:434) ~[hadoop-hdds-container-service-0.5.0-SNAPSHOT.jar:?]
	at org.apache.hadoop.ozone.container.common.transport.server.ratis.ContainerStateMachine.startTransaction(ContainerStateMachine.java:315) ~[hadoop-hdds-container-service-0.5.0-SNAPSHOT.jar:?]
	at org.apache.ratis.server.impl.RaftServerImpl.submitClientRequestAsync(RaftServerImpl.java:573) ~[ratis-server-0.4.0.jar:0.4.0]
	at org.apache.ratis.server.impl.RaftServerProxy.lambda$submitClientRequestAsync$7(RaftServerProxy.java:333) ~[ratis-server-0.4.0.jar:0.4.0]
	at org.apache.ratis.server.impl.RaftServerProxy.lambda$null$5(RaftServerProxy.java:328) ~[ratis-server-0.4.0.jar:0.4.0]
	at org.apache.ratis.util.JavaUtils.callAsUnchecked(JavaUtils.java:109) ~[ratis-common-0.4.0.jar:0.4.0]
	at org.apache.ratis.server.impl.RaftServerProxy.lambda$submitRequest$6(RaftServerProxy.java:328) ~[ratis-server-0.4.0.jar:0.4.0]
	at java.util.concurrent.CompletableFuture.uniComposeStage(CompletableFuture.java:981) ~[?:1.8.0_212]
	at java.util.concurrent.CompletableFuture.thenCompose(CompletableFuture.java:2124) ~[?:1.8.0_212]
	at org.apache.ratis.server.impl.RaftServerProxy.submitRequest(RaftServerProxy.java:327) ~[ratis-server-0.4.0.jar:0.4.0]
	at org.apache.ratis.server.impl.RaftServerProxy.submitClientRequestAsync(RaftServerProxy.java:333) ~[ratis-server-0.4.0.jar:0.4.0]
	at org.apache.ratis.grpc.client.GrpcClientProtocolService$RequestStreamObserver.processClientRequest(GrpcClientProtocolService.java:220) ~[ratis-grpc-0.4.0.jar:0.4.0]
	at org.apache.ratis.grpc.client.GrpcClientProtocolService$OrderedRequestStreamObserver.processClientRequest(GrpcClientProtocolService.java:326) ~[ratis-grpc-0.4.0.jar:0.4.0]
	at org.apache.ratis.util.SlidingWindow$Server.processRequestsFromHead(SlidingWindow.java:429) [ratis-common-0.4.0.jar:0.4.0]
	at org.apache.ratis.util.SlidingWindow$Server.receivedRequest(SlidingWindow.java:421) [ratis-common-0.4.0.jar:0.4.0]
	at org.apache.ratis.grpc.client.GrpcClientProtocolService$OrderedRequestStreamObserver.processClientRequest(GrpcClientProtocolService.java:345) [ratis-grpc-0.4.0.jar:0.4.0]
	at org.apache.ratis.grpc.client.GrpcClientProtocolService$RequestStreamObserver.onNext(GrpcClientProtocolService.java:240) [ratis-grpc-0.4.0.jar:0.4.0]
	at org.apache.ratis.grpc.client.GrpcClientProtocolService$RequestStreamObserver.onNext(GrpcClientProtocolService.java:168) [ratis-grpc-0.4.0.jar:0.4.0]
	at org.apache.ratis.thirdparty.io.grpc.stub.ServerCalls$StreamingServerCallHandler$StreamingServerCallListener.onMessage(ServerCalls.java:248) [ratis-thirdparty-misc-0.2.0.jar:0.2.0]
	at org.apache.ratis.thirdparty.io.grpc.internal.ServerCallImpl$ServerStreamListenerImpl.messagesAvailable(ServerCallImpl.java:263) [ratis-thirdparty-misc-0.2.0.jar:0.2.0]
	at org.apache.ratis.thirdparty.io.grpc.internal.ServerImpl$JumpToApplicationThreadServerStreamListener$1MessagesAvailable.runInContext(ServerImpl.java:686) [ratis-thirdparty-misc-0.2.0.jar:0.2.0]
	at org.apache.ratis.thirdparty.io.grpc.internal.ContextRunnable.run(ContextRunnable.java:37) [ratis-thirdparty-misc-0.2.0.jar:0.2.0]
	at org.apache.ratis.thirdparty.io.grpc.internal.SerializingExecutor.run(SerializingExecutor.java:123) [ratis-thirdparty-misc-0.2.0.jar:0.2.0]
	at java.util.concurrent.ThreadPoolExecutor.runWorker(ThreadPoolExecutor.java:1149) [?:1.8.0_212]
	at java.util.concurrent.ThreadPoolExecutor$Worker.run(ThreadPoolExecutor.java:624) [?:1.8.0_212]
	at java.lang.Thread.run(Thread.java:748) [?:1.8.0_212]
2019-09-27 21:18:05,671 [main] INFO  ozone.MiniOzoneClusterImpl (MiniOzoneClusterImpl.java:shutdown(314)) - Shutting down the Mini Ozone Cluster
2019-09-27 21:18:05,672 [main] INFO  ozone.MiniOzoneClusterImpl (MiniOzoneClusterImpl.java:stop(330)) - Stopping the Mini Ozone Cluster
2019-09-27 21:18:05,672 [main] INFO  ozone.MiniOzoneClusterImpl (MiniOzoneClusterImpl.java:stopOM(400)) - Stopping the OzoneManager
2019-09-27 21:18:05,672 [main] INFO  ipc.Server (Server.java:stop(3082)) - Stopping server on 33016
2019-09-27 21:18:05,680 [IPC Server listener on 33016] INFO  ipc.Server (Server.java:run(1185)) - Stopping IPC Server listener on 33016
2019-09-27 21:18:05,680 [main] INFO  ratis.OzoneManagerDoubleBuffer (OzoneManagerDoubleBuffer.java:stop(248)) - Stopping OMDoubleBuffer flush thread
2019-09-27 21:18:05,690 [IPC Server Responder] INFO  ipc.Server (Server.java:run(1319)) - Stopping IPC Server Responder
2019-09-27 21:18:05,690 [OMDoubleBufferFlushThread] INFO  ratis.OzoneManagerDoubleBuffer (OzoneManagerDoubleBuffer.java:flushTransactions(191)) - OMDoubleBuffer flush thread OMDoubleBufferFlushThread is interrupted and will exit. OMDoubleBufferFlushThread
2019-09-27 21:18:05,697 [main] INFO  utils.BackgroundService (BackgroundService.java:shutdown(148)) - Shutting down service KeyDeletingService
2019-09-27 21:18:05,699 [main] INFO  handler.ContextHandler (ContextHandler.java:doStop(910)) - Stopped o.e.j.w.WebAppContext@67f946c3{/,null,UNAVAILABLE}{/ozoneManager}
2019-09-27 21:18:05,700 [main] INFO  server.AbstractConnector (AbstractConnector.java:doStop(318)) - Stopped ServerConnector@21b51e59{HTTP/1.1,[http/1.1]}{0.0.0.0:0}
2019-09-27 21:18:05,700 [main] INFO  handler.ContextHandler (ContextHandler.java:doStop(910)) - Stopped o.e.j.s.ServletContextHandler@6889f56f{/static,file:///workdir/hadoop-ozone/integration-test/target/test-classes/webapps/static,UNAVAILABLE}
2019-09-27 21:18:05,700 [main] INFO  handler.ContextHandler (ContextHandler.java:doStop(910)) - Stopped o.e.j.s.ServletContextHandler@1332dec4{/logs,file:///workdir/hadoop-ozone/integration-test/target/log,UNAVAILABLE}
2019-09-27 21:18:05,703 [main] INFO  ozone.MiniOzoneClusterImpl (MiniOzoneClusterImpl.java:stopDatanodes(377)) - Stopping the HddsDatanodes
2019-09-27 21:18:06,028 [Datanode State Machine Thread - 0] INFO  statemachine.DatanodeStateMachine (DatanodeStateMachine.java:lambda$startDaemon$0(350)) - Ozone container server started.
2019-09-27 21:18:06,501 [Datanode State Machine Thread - 0] INFO  statemachine.DatanodeStateMachine (DatanodeStateMachine.java:lambda$startDaemon$0(350)) - Ozone container server started.
2019-09-27 21:18:07,244 [grpc-default-executor-2] WARN  server.GrpcLogAppender (LogUtils.java:warn(134)) - 38b583e9-922a-4b96-9717-3a961b28fd9e@group-C0027C2CA8B7->f7eefd9a-04f9-4cba-bddd-fa47b4b434ab-AppendLogResponseHandler: Failed appendEntries: org.apache.ratis.thirdparty.io.grpc.StatusRuntimeException: UNAVAILABLE: io exception
2019-09-27 21:18:07,244 [grpc-default-executor-2] INFO  impl.FollowerInfo (FollowerInfo.java:lambda$new$0(51)) - 38b583e9-922a-4b96-9717-3a961b28fd9e@group-C0027C2CA8B7->f7eefd9a-04f9-4cba-bddd-fa47b4b434ab: nextIndex: updateUnconditionally 1 -> 0
2019-09-27 21:18:09,752 [grpc-default-executor-2] WARN  server.GrpcLogAppender (LogUtils.java:warn(134)) - 38b583e9-922a-4b96-9717-3a961b28fd9e@group-C0027C2CA8B7->f7eefd9a-04f9-4cba-bddd-fa47b4b434ab-AppendLogResponseHandler: Failed appendEntries: org.apache.ratis.thirdparty.io.grpc.StatusRuntimeException: UNAVAILABLE: io exception
2019-09-27 21:18:09,753 [grpc-default-executor-2] INFO  impl.FollowerInfo (FollowerInfo.java:lambda$new$0(51)) - 38b583e9-922a-4b96-9717-3a961b28fd9e@group-C0027C2CA8B7->f7eefd9a-04f9-4cba-bddd-fa47b4b434ab: nextIndex: updateUnconditionally 0 -> 0
2019-09-27 21:18:10,046 [EventQueue-StaleNodeForStaleNodeHandler] INFO  node.StaleNodeHandler (StaleNodeHandler.java:onMessage(58)) - Datanode 57d09827-5544-4e5d-8dd0-03e3d4a416e4{ip: 192.168.164.218, host: pr-hdds-1146-452xf-2747512450, networkLocation: /default-rack, certSerialId: null} moved to stale state. Finalizing its pipelines [PipelineID=fc1611c8-a970-4518-be1c-0d7af10b2da8]
2019-09-27 21:18:10,046 [EventQueue-StaleNodeForStaleNodeHandler] INFO  pipeline.SCMPipelineManager (SCMPipelineManager.java:finalizeAndDestroyPipeline(315)) - destroying pipeline:Pipeline[ Id: fc1611c8-a970-4518-be1c-0d7af10b2da8, Nodes: 57d09827-5544-4e5d-8dd0-03e3d4a416e4{ip: 192.168.164.218, host: pr-hdds-1146-452xf-2747512450, networkLocation: /default-rack, certSerialId: null}, Type:RATIS, Factor:ONE, State:OPEN]
2019-09-27 21:18:10,047 [EventQueue-StaleNodeForStaleNodeHandler] INFO  pipeline.PipelineStateManager (PipelineStateManager.java:finalizePipeline(123)) - Pipeline Pipeline[ Id: fc1611c8-a970-4518-be1c-0d7af10b2da8, Nodes: 57d09827-5544-4e5d-8dd0-03e3d4a416e4{ip: 192.168.164.218, host: pr-hdds-1146-452xf-2747512450, networkLocation: /default-rack, certSerialId: null}, Type:RATIS, Factor:ONE, State:CLOSED] moved to CLOSED state
2019-09-27 21:18:10,546 [EventQueue-StaleNodeForStaleNodeHandler] INFO  node.StaleNodeHandler (StaleNodeHandler.java:onMessage(58)) - Datanode 58a10920-990c-4d55-aea6-fc08cab808bc{ip: 192.168.164.218, host: pr-hdds-1146-452xf-2747512450, networkLocation: /default-rack, certSerialId: null} moved to stale state. Finalizing its pipelines [PipelineID=a6d05b43-34e2-4fa1-b02e-b42c5f12eb66, PipelineID=d603382d-f832-47f2-a52c-182d1f4cd95d]
2019-09-27 21:18:10,546 [EventQueue-StaleNodeForStaleNodeHandler] INFO  pipeline.SCMPipelineManager (SCMPipelineManager.java:finalizeAndDestroyPipeline(315)) - destroying pipeline:Pipeline[ Id: a6d05b43-34e2-4fa1-b02e-b42c5f12eb66, Nodes: 58a10920-990c-4d55-aea6-fc08cab808bc{ip: 192.168.164.218, host: pr-hdds-1146-452xf-2747512450, networkLocation: /default-rack, certSerialId: null}d8b95b00-da60-4d32-b98b-f7948dc8829f{ip: 192.168.164.218, host: pr-hdds-1146-452xf-2747512450, networkLocation: /default-rack, certSerialId: null}8d84e925-5f92-47d9-8e30-963abaaefd00{ip: 192.168.164.218, host: pr-hdds-1146-452xf-2747512450, networkLocation: /default-rack, certSerialId: null}, Type:RATIS, Factor:THREE, State:OPEN]
2019-09-27 21:18:10,547 [EventQueue-StaleNodeForStaleNodeHandler] INFO  pipeline.PipelineStateManager (PipelineStateManager.java:finalizePipeline(123)) - Pipeline Pipeline[ Id: a6d05b43-34e2-4fa1-b02e-b42c5f12eb66, Nodes: 58a10920-990c-4d55-aea6-fc08cab808bc{ip: 192.168.164.218, host: pr-hdds-1146-452xf-2747512450, networkLocation: /default-rack, certSerialId: null}d8b95b00-da60-4d32-b98b-f7948dc8829f{ip: 192.168.164.218, host: pr-hdds-1146-452xf-2747512450, networkLocation: /default-rack, certSerialId: null}8d84e925-5f92-47d9-8e30-963abaaefd00{ip: 192.168.164.218, host: pr-hdds-1146-452xf-2747512450, networkLocation: /default-rack, certSerialId: null}, Type:RATIS, Factor:THREE, State:CLOSED] moved to CLOSED state
2019-09-27 21:18:10,547 [EventQueue-StaleNodeForStaleNodeHandler] INFO  pipeline.SCMPipelineManager (SCMPipelineManager.java:finalizeAndDestroyPipeline(315)) - destroying pipeline:Pipeline[ Id: d603382d-f832-47f2-a52c-182d1f4cd95d, Nodes: 58a10920-990c-4d55-aea6-fc08cab808bc{ip: 192.168.164.218, host: pr-hdds-1146-452xf-2747512450, networkLocation: /default-rack, certSerialId: null}, Type:RATIS, Factor:ONE, State:OPEN]
2019-09-27 21:18:10,547 [EventQueue-StaleNodeForStaleNodeHandler] INFO  pipeline.PipelineStateManager (PipelineStateManager.java:finalizePipeline(123)) - Pipeline Pipeline[ Id: d603382d-f832-47f2-a52c-182d1f4cd95d, Nodes: 58a10920-990c-4d55-aea6-fc08cab808bc{ip: 192.168.164.218, host: pr-hdds-1146-452xf-2747512450, networkLocation: /default-rack, certSerialId: null}, Type:RATIS, Factor:ONE, State:CLOSED] moved to CLOSED state
2019-09-27 21:18:10,547 [EventQueue-CloseContainerForCloseContainerEventHandler] INFO  container.CloseContainerEventHandler (CloseContainerEventHandler.java:onMessage(61)) - Close container Event triggered for container : #2
2019-09-27 21:18:10,704 [main] INFO  ozoneimpl.OzoneContainer (OzoneContainer.java:stop(231)) - Attempting to stop container services.
2019-09-27 21:18:10,704 [ForkJoinPool.commonPool-worker-1] INFO  ozoneimpl.OzoneContainer (OzoneContainer.java:stop(231)) - Attempting to stop container services.
2019-09-27 21:18:10,705 [main] INFO  impl.RaftServerProxy (RaftServerProxy.java:lambda$close$4(314)) - 57d09827-5544-4e5d-8dd0-03e3d4a416e4: close
2019-09-27 21:18:10,705 [ForkJoinPool.commonPool-worker-1] INFO  impl.RaftServerProxy (RaftServerProxy.java:lambda$close$4(314)) - 58a10920-990c-4d55-aea6-fc08cab808bc: close
2019-09-27 21:18:10,706 [ForkJoinPool.commonPool-worker-1] INFO  impl.RaftServerImpl (RaftServerImpl.java:lambda$shutdown$3(251)) - 58a10920-990c-4d55-aea6-fc08cab808bc@group-B42C5F12EB66: shutdown
2019-09-27 21:18:10,706 [main] INFO  impl.RaftServerImpl (RaftServerImpl.java:lambda$shutdown$3(251)) - 57d09827-5544-4e5d-8dd0-03e3d4a416e4@group-0D7AF10B2DA8: shutdown
2019-09-27 21:18:10,706 [ForkJoinPool.commonPool-worker-1] INFO  util.JmxRegister (JmxRegister.java:unregister(73)) - Successfully un-registered JMX Bean with object name Ratis:service=RaftServer,group=group-B42C5F12EB66,id=58a10920-990c-4d55-aea6-fc08cab808bc
2019-09-27 21:18:10,706 [main] INFO  util.JmxRegister (JmxRegister.java:unregister(73)) - Successfully un-registered JMX Bean with object name Ratis:service=RaftServer,group=group-0D7AF10B2DA8,id=57d09827-5544-4e5d-8dd0-03e3d4a416e4
2019-09-27 21:18:10,706 [ForkJoinPool.commonPool-worker-1] INFO  impl.RoleInfo (RoleInfo.java:shutdownLeaderState(104)) - 58a10920-990c-4d55-aea6-fc08cab808bc: shutdown LeaderState
2019-09-27 21:18:10,707 [main] INFO  impl.RoleInfo (RoleInfo.java:shutdownLeaderState(104)) - 57d09827-5544-4e5d-8dd0-03e3d4a416e4: shutdown LeaderState
2019-09-27 21:18:10,711 [org.apache.ratis.server.impl.LogAppender$AppenderDaemon$$Lambda$512/68581986@5b4d0e08] WARN  server.GrpcLogAppender (GrpcLogAppender.java:mayWait(143)) - 58a10920-990c-4d55-aea6-fc08cab808bc@group-B42C5F12EB66->d8b95b00-da60-4d32-b98b-f7948dc8829f-GrpcLogAppender: Wait interrupted by java.lang.InterruptedException
2019-09-27 21:18:10,711 [ForkJoinPool.commonPool-worker-1] INFO  impl.PendingRequests (PendingRequests.java:sendNotLeaderResponses(202)) - 58a10920-990c-4d55-aea6-fc08cab808bc-PendingRequests: sendNotLeaderResponses
2019-09-27 21:18:10,711 [org.apache.ratis.server.impl.LogAppender$AppenderDaemon$$Lambda$512/68581986@709734e4] WARN  server.GrpcLogAppender (GrpcLogAppender.java:mayWait(143)) - 58a10920-990c-4d55-aea6-fc08cab808bc@group-B42C5F12EB66->8d84e925-5f92-47d9-8e30-963abaaefd00-GrpcLogAppender: Wait interrupted by java.lang.InterruptedException
2019-09-27 21:18:10,711 [main] INFO  impl.PendingRequests (PendingRequests.java:sendNotLeaderResponses(202)) - 57d09827-5544-4e5d-8dd0-03e3d4a416e4-PendingRequests: sendNotLeaderResponses
2019-09-27 21:18:10,721 [grpc-default-executor-6] INFO  server.GrpcServerProtocolService (GrpcServerProtocolService.java:onCompleted(113)) - d8b95b00-da60-4d32-b98b-f7948dc8829f: Completed APPEND_ENTRIES, lastRequest: 58a10920-990c-4d55-aea6-fc08cab808bc->d8b95b00-da60-4d32-b98b-f7948dc8829f#25-t1, previous=(t:1, i:16), leaderCommit=16, initializing? false, entries: <empty>
2019-09-27 21:18:10,721 [grpc-default-executor-2] INFO  server.GrpcServerProtocolService (GrpcServerProtocolService.java:onCompleted(113)) - 8d84e925-5f92-47d9-8e30-963abaaefd00: Completed APPEND_ENTRIES, lastRequest: 58a10920-990c-4d55-aea6-fc08cab808bc->8d84e925-5f92-47d9-8e30-963abaaefd00#25-t1, previous=(t:1, i:16), leaderCommit=16, initializing? false, entries: <empty>
2019-09-27 21:18:10,721 [ForkJoinPool.commonPool-worker-1] INFO  impl.StateMachineUpdater (StateMachineUpdater.java:stopAndJoin(125)) - 58a10920-990c-4d55-aea6-fc08cab808bc@group-B42C5F12EB66-StateMachineUpdater: set stopIndex = 16
2019-09-27 21:18:10,721 [main] INFO  impl.StateMachineUpdater (StateMachineUpdater.java:stopAndJoin(125)) - 57d09827-5544-4e5d-8dd0-03e3d4a416e4@group-0D7AF10B2DA8-StateMachineUpdater: set stopIndex = 0
2019-09-27 21:18:10,722 [grpc-default-executor-2] INFO  server.GrpcLogAppender (GrpcLogAppender.java:onCompleted(293)) - 58a10920-990c-4d55-aea6-fc08cab808bc@group-B42C5F12EB66->d8b95b00-da60-4d32-b98b-f7948dc8829f-AppendLogResponseHandler: follower responses appendEntries COMPLETED
2019-09-27 21:18:10,722 [grpc-default-executor-6] INFO  server.GrpcLogAppender (GrpcLogAppender.java:onCompleted(293)) - 58a10920-990c-4d55-aea6-fc08cab808bc@group-B42C5F12EB66->8d84e925-5f92-47d9-8e30-963abaaefd00-AppendLogResponseHandler: follower responses appendEntries COMPLETED
2019-09-27 21:18:10,721 [58a10920-990c-4d55-aea6-fc08cab808bc@group-B42C5F12EB66-StateMachineUpdater] INFO  ratis.ContainerStateMachine (ContainerStateMachine.java:takeSnapshot(289)) - group-B42C5F12EB66: Taking a snapshot at:(t:1, i:14) file /workdir/hadoop-ozone/integration-test/target/test-dir/MiniOzoneClusterImpl-117ebbbb-8886-40cd-9900-3c45df34c9b4/datanode-1/data/ratis/a6d05b43-34e2-4fa1-b02e-b42c5f12eb66/sm/snapshot.1_14
2019-09-27 21:18:10,723 [grpc-default-executor-6] INFO  impl.FollowerInfo (FollowerInfo.java:lambda$new$0(51)) - 58a10920-990c-4d55-aea6-fc08cab808bc@group-B42C5F12EB66->8d84e925-5f92-47d9-8e30-963abaaefd00: nextIndex: updateUnconditionally 17 -> 16
2019-09-27 21:18:10,722 [grpc-default-executor-2] INFO  impl.FollowerInfo (FollowerInfo.java:lambda$new$0(51)) - 58a10920-990c-4d55-aea6-fc08cab808bc@group-B42C5F12EB66->d8b95b00-da60-4d32-b98b-f7948dc8829f: nextIndex: updateUnconditionally 17 -> 16
2019-09-27 21:18:10,722 [main] INFO  impl.RaftServerImpl (ServerState.java:close(385)) - 57d09827-5544-4e5d-8dd0-03e3d4a416e4@group-0D7AF10B2DA8: closes. applyIndex: 0
2019-09-27 21:18:10,724 [57d09827-5544-4e5d-8dd0-03e3d4a416e4@group-0D7AF10B2DA8-SegmentedRaftLogWorker] INFO  segmented.SegmentedRaftLogWorker (SegmentedRaftLogWorker.java:run(313)) - 57d09827-5544-4e5d-8dd0-03e3d4a416e4@group-0D7AF10B2DA8-SegmentedRaftLogWorker was interrupted, exiting. There are 0 tasks remaining in the queue.
2019-09-27 21:18:10,735 [main] INFO  segmented.SegmentedRaftLogWorker (SegmentedRaftLogWorker.java:close(228)) - 57d09827-5544-4e5d-8dd0-03e3d4a416e4@group-0D7AF10B2DA8-SegmentedRaftLogWorker close()
2019-09-27 21:18:10,737 [58a10920-990c-4d55-aea6-fc08cab808bc@group-B42C5F12EB66-StateMachineUpdater] INFO  ratis.ContainerStateMachine (ContainerStateMachine.java:takeSnapshot(300)) - group-B42C5F12EB66: Finished taking a snapshot at:(t:1, i:14) file:/workdir/hadoop-ozone/integration-test/target/test-dir/MiniOzoneClusterImpl-117ebbbb-8886-40cd-9900-3c45df34c9b4/datanode-1/data/ratis/a6d05b43-34e2-4fa1-b02e-b42c5f12eb66/sm/snapshot.1_14 time:15
2019-09-27 21:18:10,737 [main] INFO  server.GrpcService (GrpcService.java:closeImpl(164)) - 57d09827-5544-4e5d-8dd0-03e3d4a416e4: shutdown server with port 41723 now
2019-09-27 21:18:10,737 [58a10920-990c-4d55-aea6-fc08cab808bc@group-B42C5F12EB66-StateMachineUpdater] INFO  impl.StateMachineUpdater (StateMachineUpdater.java:takeSnapshot(258)) - 58a10920-990c-4d55-aea6-fc08cab808bc@group-B42C5F12EB66-StateMachineUpdater: Took a snapshot at index 14
2019-09-27 21:18:10,737 [58a10920-990c-4d55-aea6-fc08cab808bc@group-B42C5F12EB66-StateMachineUpdater] INFO  impl.StateMachineUpdater (StateMachineUpdater.java:lambda$new$0(83)) - 58a10920-990c-4d55-aea6-fc08cab808bc@group-B42C5F12EB66-StateMachineUpdater: snapshotIndex: updateIncreasingly -1 -> 14
2019-09-27 21:18:10,743 [main] INFO  server.GrpcService (GrpcService.java:closeImpl(172)) - 57d09827-5544-4e5d-8dd0-03e3d4a416e4: shutdown server with port 41723 successfully
2019-09-27 21:18:10,743 [58a10920-990c-4d55-aea6-fc08cab808bc@group-B42C5F12EB66-StateMachineUpdater] INFO  ratis.ContainerStateMachine (ContainerStateMachine.java:takeSnapshot(289)) - group-B42C5F12EB66: Taking a snapshot at:(t:1, i:14) file /workdir/hadoop-ozone/integration-test/target/test-dir/MiniOzoneClusterImpl-117ebbbb-8886-40cd-9900-3c45df34c9b4/datanode-1/data/ratis/a6d05b43-34e2-4fa1-b02e-b42c5f12eb66/sm/snapshot.1_14
2019-09-27 21:18:10,747 [refreshUsed-/workdir/hadoop-ozone/integration-test/target/test-dir/MiniOzoneClusterImpl-117ebbbb-8886-40cd-9900-3c45df34c9b4/datanode-4/data/containers] WARN  fs.CachingGetSpaceUsed (CachingGetSpaceUsed.java:run(183)) - Thread Interrupted waiting to refresh disk information: sleep interrupted
2019-09-27 21:18:10,756 [58a10920-990c-4d55-aea6-fc08cab808bc@group-B42C5F12EB66-StateMachineUpdater] INFO  ratis.ContainerStateMachine (ContainerStateMachine.java:takeSnapshot(300)) - group-B42C5F12EB66: Finished taking a snapshot at:(t:1, i:14) file:/workdir/hadoop-ozone/integration-test/target/test-dir/MiniOzoneClusterImpl-117ebbbb-8886-40cd-9900-3c45df34c9b4/datanode-1/data/ratis/a6d05b43-34e2-4fa1-b02e-b42c5f12eb66/sm/snapshot.1_14 time:12
2019-09-27 21:18:10,756 [58a10920-990c-4d55-aea6-fc08cab808bc@group-B42C5F12EB66-StateMachineUpdater] INFO  impl.StateMachineUpdater (StateMachineUpdater.java:takeSnapshot(258)) - 58a10920-990c-4d55-aea6-fc08cab808bc@group-B42C5F12EB66-StateMachineUpdater: Took a snapshot at index 14
2019-09-27 21:18:10,756 [58a10920-990c-4d55-aea6-fc08cab808bc@group-B42C5F12EB66-StateMachineUpdater] INFO  impl.StateMachineUpdater (StateMachineUpdater.java:lambda$new$0(83)) - 58a10920-990c-4d55-aea6-fc08cab808bc@group-B42C5F12EB66-StateMachineUpdater: snapshotIndex: updateIncreasingly 14 -> 14
2019-09-27 21:18:10,756 [ForkJoinPool.commonPool-worker-1] INFO  impl.RaftServerImpl (ServerState.java:close(385)) - 58a10920-990c-4d55-aea6-fc08cab808bc@group-B42C5F12EB66: closes. applyIndex: 16
2019-09-27 21:18:10,757 [58a10920-990c-4d55-aea6-fc08cab808bc@group-B42C5F12EB66-SegmentedRaftLogWorker] INFO  segmented.SegmentedRaftLogWorker (SegmentedRaftLogWorker.java:run(313)) - 58a10920-990c-4d55-aea6-fc08cab808bc@group-B42C5F12EB66-SegmentedRaftLogWorker was interrupted, exiting. There are 0 tasks remaining in the queue.
2019-09-27 21:18:10,759 [ForkJoinPool.commonPool-worker-1] INFO  segmented.SegmentedRaftLogWorker (SegmentedRaftLogWorker.java:close(228)) - 58a10920-990c-4d55-aea6-fc08cab808bc@group-B42C5F12EB66-SegmentedRaftLogWorker close()
2019-09-27 21:18:10,762 [ForkJoinPool.commonPool-worker-1] INFO  impl.RaftServerImpl (RaftServerImpl.java:lambda$shutdown$3(251)) - 58a10920-990c-4d55-aea6-fc08cab808bc@group-182D1F4CD95D: shutdown
2019-09-27 21:18:10,762 [ForkJoinPool.commonPool-worker-1] INFO  util.JmxRegister (JmxRegister.java:unregister(73)) - Successfully un-registered JMX Bean with object name Ratis:service=RaftServer,group=group-182D1F4CD95D,id=58a10920-990c-4d55-aea6-fc08cab808bc
2019-09-27 21:18:10,762 [ForkJoinPool.commonPool-worker-1] INFO  impl.RoleInfo (RoleInfo.java:shutdownLeaderState(104)) - 58a10920-990c-4d55-aea6-fc08cab808bc: shutdown LeaderState
2019-09-27 21:18:10,762 [ForkJoinPool.commonPool-worker-1] INFO  impl.PendingRequests (PendingRequests.java:sendNotLeaderResponses(202)) - 58a10920-990c-4d55-aea6-fc08cab808bc-PendingRequests: sendNotLeaderResponses
2019-09-27 21:18:10,762 [ForkJoinPool.commonPool-worker-1] INFO  impl.StateMachineUpdater (StateMachineUpdater.java:stopAndJoin(125)) - 58a10920-990c-4d55-aea6-fc08cab808bc@group-182D1F4CD95D-StateMachineUpdater: set stopIndex = 0
2019-09-27 21:18:10,762 [ForkJoinPool.commonPool-worker-1] INFO  impl.RaftServerImpl (ServerState.java:close(385)) - 58a10920-990c-4d55-aea6-fc08cab808bc@group-182D1F4CD95D: closes. applyIndex: 0
2019-09-27 21:18:10,763 [58a10920-990c-4d55-aea6-fc08cab808bc@group-182D1F4CD95D-SegmentedRaftLogWorker] INFO  segmented.SegmentedRaftLogWorker (SegmentedRaftLogWorker.java:run(313)) - 58a10920-990c-4d55-aea6-fc08cab808bc@group-182D1F4CD95D-SegmentedRaftLogWorker was interrupted, exiting. There are 0 tasks remaining in the queue.
2019-09-27 21:18:10,763 [ForkJoinPool.commonPool-worker-1] INFO  segmented.SegmentedRaftLogWorker (SegmentedRaftLogWorker.java:close(228)) - 58a10920-990c-4d55-aea6-fc08cab808bc@group-182D1F4CD95D-SegmentedRaftLogWorker close()
2019-09-27 21:18:10,765 [ForkJoinPool.commonPool-worker-1] INFO  server.GrpcService (GrpcService.java:closeImpl(164)) - 58a10920-990c-4d55-aea6-fc08cab808bc: shutdown server with port 40033 now
2019-09-27 21:18:10,766 [grpc-default-executor-6] WARN  client.GrpcClientProtocolService (LogUtils.java:warn(134)) - 1-UnorderedRequestStreamObserver1: onError: org.apache.ratis.thirdparty.io.grpc.StatusRuntimeException: CANCELLED: cancelled before receiving half close
2019-09-27 21:18:10,766 [ForkJoinPool.commonPool-worker-1] INFO  server.GrpcService (GrpcService.java:closeImpl(172)) - 58a10920-990c-4d55-aea6-fc08cab808bc: shutdown server with port 40033 successfully
2019-09-27 21:18:10,767 [refreshUsed-/workdir/hadoop-ozone/integration-test/target/test-dir/MiniOzoneClusterImpl-117ebbbb-8886-40cd-9900-3c45df34c9b4/datanode-1/data/containers] WARN  fs.CachingGetSpaceUsed (CachingGetSpaceUsed.java:run(183)) - Thread Interrupted waiting to refresh disk information: sleep interrupted
2019-09-27 21:18:10,772 [main] INFO  utils.BackgroundService (BackgroundService.java:shutdown(148)) - Shutting down service BlockDeletingService
2019-09-27 21:18:10,777 [main] INFO  statemachine.DatanodeStateMachine (DatanodeStateMachine.java:stopDaemon(395)) - Ozone container server stopped.
2019-09-27 21:18:10,778 [main] INFO  handler.ContextHandler (ContextHandler.java:doStop(910)) - Stopped o.e.j.w.WebAppContext@3711c71c{/,null,UNAVAILABLE}{/hddsDatanode}
2019-09-27 21:18:10,778 [main] INFO  server.AbstractConnector (AbstractConnector.java:doStop(318)) - Stopped ServerConnector@33e3bd2e{HTTP/1.1,[http/1.1]}{0.0.0.0:0}
2019-09-27 21:18:10,779 [main] INFO  handler.ContextHandler (ContextHandler.java:doStop(910)) - Stopped o.e.j.s.ServletContextHandler@54495935{/static,jar:file:/home/user/.m2/repository/org/apache/hadoop/hadoop-hdds-container-service/0.5.0-SNAPSHOT/hadoop-hdds-container-service-0.5.0-SNAPSHOT.jar!/webapps/static,UNAVAILABLE}
2019-09-27 21:18:10,779 [main] INFO  handler.ContextHandler (ContextHandler.java:doStop(910)) - Stopped o.e.j.s.ServletContextHandler@99a8de3{/logs,file:///workdir/hadoop-ozone/integration-test/target/log,UNAVAILABLE}
2019-09-27 21:18:10,781 [ForkJoinPool.commonPool-worker-1] INFO  utils.BackgroundService (BackgroundService.java:shutdown(148)) - Shutting down service BlockDeletingService
2019-09-27 21:18:10,784 [ForkJoinPool.commonPool-worker-1] INFO  statemachine.DatanodeStateMachine (DatanodeStateMachine.java:stopDaemon(395)) - Ozone container server stopped.
2019-09-27 21:18:10,789 [ForkJoinPool.commonPool-worker-1] INFO  handler.ContextHandler (ContextHandler.java:doStop(910)) - Stopped o.e.j.w.WebAppContext@68dfda77{/,null,UNAVAILABLE}{/hddsDatanode}
2019-09-27 21:18:10,789 [ForkJoinPool.commonPool-worker-1] INFO  server.AbstractConnector (AbstractConnector.java:doStop(318)) - Stopped ServerConnector@50cdfafa{HTTP/1.1,[http/1.1]}{0.0.0.0:0}
2019-09-27 21:18:10,790 [ForkJoinPool.commonPool-worker-1] INFO  handler.ContextHandler (ContextHandler.java:doStop(910)) - Stopped o.e.j.s.ServletContextHandler@77083e41{/static,jar:file:/home/user/.m2/repository/org/apache/hadoop/hadoop-hdds-container-service/0.5.0-SNAPSHOT/hadoop-hdds-container-service-0.5.0-SNAPSHOT.jar!/webapps/static,UNAVAILABLE}
2019-09-27 21:18:10,792 [ForkJoinPool.commonPool-worker-1] INFO  handler.ContextHandler (ContextHandler.java:doStop(910)) - Stopped o.e.j.s.ServletContextHandler@7b8ea1db{/logs,file:///workdir/hadoop-ozone/integration-test/target/log,UNAVAILABLE}
2019-09-27 21:18:11,430 [Datanode State Machine Thread - 0] INFO  statemachine.DatanodeStateMachine (DatanodeStateMachine.java:lambda$startDaemon$0(350)) - Ozone container server started.
2019-09-27 21:18:11,501 [Datanode State Machine Thread - 0] INFO  statemachine.DatanodeStateMachine (DatanodeStateMachine.java:lambda$startDaemon$0(350)) - Ozone container server started.
2019-09-27 21:18:12,251 [grpc-default-executor-6] WARN  server.GrpcLogAppender (LogUtils.java:warn(134)) - 38b583e9-922a-4b96-9717-3a961b28fd9e@group-C0027C2CA8B7->f7eefd9a-04f9-4cba-bddd-fa47b4b434ab-AppendLogResponseHandler: Failed appendEntries: org.apache.ratis.thirdparty.io.grpc.StatusRuntimeException: UNAVAILABLE: io exception
2019-09-27 21:18:12,251 [grpc-default-executor-6] INFO  impl.FollowerInfo (FollowerInfo.java:lambda$new$0(51)) - 38b583e9-922a-4b96-9717-3a961b28fd9e@group-C0027C2CA8B7->f7eefd9a-04f9-4cba-bddd-fa47b4b434ab: nextIndex: updateUnconditionally 0 -> 0
2019-09-27 21:18:14,760 [grpc-default-executor-6] WARN  server.GrpcLogAppender (LogUtils.java:warn(134)) - 38b583e9-922a-4b96-9717-3a961b28fd9e@group-C0027C2CA8B7->f7eefd9a-04f9-4cba-bddd-fa47b4b434ab-AppendLogResponseHandler: Failed appendEntries: org.apache.ratis.thirdparty.io.grpc.StatusRuntimeException: UNAVAILABLE: io exception
2019-09-27 21:18:14,761 [grpc-default-executor-6] INFO  impl.FollowerInfo (FollowerInfo.java:lambda$new$0(51)) - 38b583e9-922a-4b96-9717-3a961b28fd9e@group-C0027C2CA8B7->f7eefd9a-04f9-4cba-bddd-fa47b4b434ab: nextIndex: updateUnconditionally 0 -> 0
2019-09-27 21:18:15,452 [EventQueue-StaleNodeForStaleNodeHandler] INFO  node.StaleNodeHandler (StaleNodeHandler.java:onMessage(58)) - Datanode 38b583e9-922a-4b96-9717-3a961b28fd9e{ip: 192.168.164.218, host: pr-hdds-1146-452xf-2747512450, networkLocation: /default-rack, certSerialId: null} moved to stale state. Finalizing its pipelines [PipelineID=86c3444e-b4f7-445d-8fc4-efa0b93f7599, PipelineID=afb57596-5ce3-4c2c-92cb-c0027c2ca8b7]
2019-09-27 21:18:15,452 [EventQueue-StaleNodeForStaleNodeHandler] INFO  pipeline.SCMPipelineManager (SCMPipelineManager.java:finalizeAndDestroyPipeline(315)) - destroying pipeline:Pipeline[ Id: 86c3444e-b4f7-445d-8fc4-efa0b93f7599, Nodes: 38b583e9-922a-4b96-9717-3a961b28fd9e{ip: 192.168.164.218, host: pr-hdds-1146-452xf-2747512450, networkLocation: /default-rack, certSerialId: null}, Type:RATIS, Factor:ONE, State:OPEN]
2019-09-27 21:18:15,452 [EventQueue-StaleNodeForStaleNodeHandler] INFO  pipeline.PipelineStateManager (PipelineStateManager.java:finalizePipeline(123)) - Pipeline Pipeline[ Id: 86c3444e-b4f7-445d-8fc4-efa0b93f7599, Nodes: 38b583e9-922a-4b96-9717-3a961b28fd9e{ip: 192.168.164.218, host: pr-hdds-1146-452xf-2747512450, networkLocation: /default-rack, certSerialId: null}, Type:RATIS, Factor:ONE, State:CLOSED] moved to CLOSED state
2019-09-27 21:18:15,453 [EventQueue-StaleNodeForStaleNodeHandler] INFO  pipeline.SCMPipelineManager (SCMPipelineManager.java:finalizeAndDestroyPipeline(315)) - destroying pipeline:Pipeline[ Id: afb57596-5ce3-4c2c-92cb-c0027c2ca8b7, Nodes: f7eefd9a-04f9-4cba-bddd-fa47b4b434ab{ip: 192.168.164.218, host: pr-hdds-1146-452xf-2747512450, networkLocation: /default-rack, certSerialId: null}5bb6ddff-d9e4-48cd-b3b7-ec149b329306{ip: 192.168.164.218, host: pr-hdds-1146-452xf-2747512450, networkLocation: /default-rack, certSerialId: null}38b583e9-922a-4b96-9717-3a961b28fd9e{ip: 192.168.164.218, host: pr-hdds-1146-452xf-2747512450, networkLocation: /default-rack, certSerialId: null}, Type:RATIS, Factor:THREE, State:CLOSED]
2019-09-27 21:18:15,552 [EventQueue-StaleNodeForStaleNodeHandler] INFO  node.StaleNodeHandler (StaleNodeHandler.java:onMessage(58)) - Datanode 8d84e925-5f92-47d9-8e30-963abaaefd00{ip: 192.168.164.218, host: pr-hdds-1146-452xf-2747512450, networkLocation: /default-rack, certSerialId: null} moved to stale state. Finalizing its pipelines [PipelineID=a6d05b43-34e2-4fa1-b02e-b42c5f12eb66, PipelineID=996802f1-3a7e-43e6-a8ad-284b6891d008]
2019-09-27 21:18:15,552 [EventQueue-StaleNodeForStaleNodeHandler] INFO  pipeline.SCMPipelineManager (SCMPipelineManager.java:finalizeAndDestroyPipeline(315)) - destroying pipeline:Pipeline[ Id: a6d05b43-34e2-4fa1-b02e-b42c5f12eb66, Nodes: 58a10920-990c-4d55-aea6-fc08cab808bc{ip: 192.168.164.218, host: pr-hdds-1146-452xf-2747512450, networkLocation: /default-rack, certSerialId: null}d8b95b00-da60-4d32-b98b-f7948dc8829f{ip: 192.168.164.218, host: pr-hdds-1146-452xf-2747512450, networkLocation: /default-rack, certSerialId: null}8d84e925-5f92-47d9-8e30-963abaaefd00{ip: 192.168.164.218, host: pr-hdds-1146-452xf-2747512450, networkLocation: /default-rack, certSerialId: null}, Type:RATIS, Factor:THREE, State:CLOSED]
2019-09-27 21:18:15,552 [EventQueue-StaleNodeForStaleNodeHandler] INFO  pipeline.SCMPipelineManager (SCMPipelineManager.java:finalizeAndDestroyPipeline(315)) - destroying pipeline:Pipeline[ Id: 996802f1-3a7e-43e6-a8ad-284b6891d008, Nodes: 8d84e925-5f92-47d9-8e30-963abaaefd00{ip: 192.168.164.218, host: pr-hdds-1146-452xf-2747512450, networkLocation: /default-rack, certSerialId: null}, Type:RATIS, Factor:ONE, State:OPEN]
2019-09-27 21:18:15,552 [EventQueue-StaleNodeForStaleNodeHandler] INFO  pipeline.PipelineStateManager (PipelineStateManager.java:finalizePipeline(123)) - Pipeline Pipeline[ Id: 996802f1-3a7e-43e6-a8ad-284b6891d008, Nodes: 8d84e925-5f92-47d9-8e30-963abaaefd00{ip: 192.168.164.218, host: pr-hdds-1146-452xf-2747512450, networkLocation: /default-rack, certSerialId: null}, Type:RATIS, Factor:ONE, State:CLOSED] moved to CLOSED state
2019-09-27 21:18:15,781 [main] INFO  ozoneimpl.OzoneContainer (OzoneContainer.java:stop(231)) - Attempting to stop container services.
2019-09-27 21:18:15,786 [main] INFO  impl.RaftServerProxy (RaftServerProxy.java:lambda$close$4(314)) - 38b583e9-922a-4b96-9717-3a961b28fd9e: close
2019-09-27 21:18:15,786 [main] INFO  impl.RaftServerImpl (RaftServerImpl.java:lambda$shutdown$3(251)) - 38b583e9-922a-4b96-9717-3a961b28fd9e@group-EFA0B93F7599: shutdown
2019-09-27 21:18:15,787 [main] INFO  util.JmxRegister (JmxRegister.java:unregister(73)) - Successfully un-registered JMX Bean with object name Ratis:service=RaftServer,group=group-EFA0B93F7599,id=38b583e9-922a-4b96-9717-3a961b28fd9e
2019-09-27 21:18:15,787 [main] INFO  impl.RoleInfo (RoleInfo.java:shutdownLeaderState(104)) - 38b583e9-922a-4b96-9717-3a961b28fd9e: shutdown LeaderState
2019-09-27 21:18:15,787 [main] INFO  impl.PendingRequests (PendingRequests.java:sendNotLeaderResponses(202)) - 38b583e9-922a-4b96-9717-3a961b28fd9e-PendingRequests: sendNotLeaderResponses
2019-09-27 21:18:15,788 [main] INFO  impl.StateMachineUpdater (StateMachineUpdater.java:stopAndJoin(125)) - 38b583e9-922a-4b96-9717-3a961b28fd9e@group-EFA0B93F7599-StateMachineUpdater: set stopIndex = 0
2019-09-27 21:18:15,789 [main] INFO  impl.RaftServerImpl (ServerState.java:close(385)) - 38b583e9-922a-4b96-9717-3a961b28fd9e@group-EFA0B93F7599: closes. applyIndex: 0
2019-09-27 21:18:15,790 [38b583e9-922a-4b96-9717-3a961b28fd9e@group-EFA0B93F7599-SegmentedRaftLogWorker] INFO  segmented.SegmentedRaftLogWorker (SegmentedRaftLogWorker.java:run(313)) - 38b583e9-922a-4b96-9717-3a961b28fd9e@group-EFA0B93F7599-SegmentedRaftLogWorker was interrupted, exiting. There are 0 tasks remaining in the queue.
2019-09-27 21:18:15,790 [main] INFO  segmented.SegmentedRaftLogWorker (SegmentedRaftLogWorker.java:close(228)) - 38b583e9-922a-4b96-9717-3a961b28fd9e@group-EFA0B93F7599-SegmentedRaftLogWorker close()
2019-09-27 21:18:15,792 [main] INFO  impl.RaftServerImpl (RaftServerImpl.java:lambda$shutdown$3(251)) - 38b583e9-922a-4b96-9717-3a961b28fd9e@group-C0027C2CA8B7: shutdown
2019-09-27 21:18:15,793 [main] INFO  util.JmxRegister (JmxRegister.java:unregister(73)) - Successfully un-registered JMX Bean with object name Ratis:service=RaftServer,group=group-C0027C2CA8B7,id=38b583e9-922a-4b96-9717-3a961b28fd9e
2019-09-27 21:18:15,793 [main] INFO  impl.RoleInfo (RoleInfo.java:shutdownLeaderState(104)) - 38b583e9-922a-4b96-9717-3a961b28fd9e: shutdown LeaderState
2019-09-27 21:18:15,793 [ForkJoinPool.commonPool-worker-1] INFO  ozoneimpl.OzoneContainer (OzoneContainer.java:stop(231)) - Attempting to stop container services.
2019-09-27 21:18:15,797 [org.apache.ratis.server.impl.LogAppender$AppenderDaemon$$Lambda$512/68581986@23b52a39] WARN  server.GrpcLogAppender (GrpcLogAppender.java:mayWait(143)) - 38b583e9-922a-4b96-9717-3a961b28fd9e@group-C0027C2CA8B7->f7eefd9a-04f9-4cba-bddd-fa47b4b434ab-GrpcLogAppender: Wait interrupted by java.lang.InterruptedException
2019-09-27 21:18:15,797 [ForkJoinPool.commonPool-worker-1] INFO  impl.RaftServerProxy (RaftServerProxy.java:lambda$close$4(314)) - 8d84e925-5f92-47d9-8e30-963abaaefd00: close
2019-09-27 21:18:15,797 [org.apache.ratis.server.impl.LogAppender$AppenderDaemon$$Lambda$512/68581986@293a77b7] WARN  server.GrpcLogAppender (GrpcLogAppender.java:mayWait(143)) - 38b583e9-922a-4b96-9717-3a961b28fd9e@group-C0027C2CA8B7->5bb6ddff-d9e4-48cd-b3b7-ec149b329306-GrpcLogAppender: Wait interrupted by java.lang.InterruptedException
2019-09-27 21:18:15,797 [main] INFO  impl.PendingRequests (PendingRequests.java:sendNotLeaderResponses(202)) - 38b583e9-922a-4b96-9717-3a961b28fd9e-PendingRequests: sendNotLeaderResponses
2019-09-27 21:18:15,797 [ForkJoinPool.commonPool-worker-1] INFO  impl.RaftServerImpl (RaftServerImpl.java:lambda$shutdown$3(251)) - 8d84e925-5f92-47d9-8e30-963abaaefd00@group-B42C5F12EB66: shutdown
2019-09-27 21:18:15,798 [ForkJoinPool.commonPool-worker-1] INFO  util.JmxRegister (JmxRegister.java:unregister(73)) - Successfully un-registered JMX Bean with object name Ratis:service=RaftServer,group=group-B42C5F12EB66,id=8d84e925-5f92-47d9-8e30-963abaaefd00
2019-09-27 21:18:15,799 [38b583e9-922a-4b96-9717-3a961b28fd9e@group-C0027C2CA8B7-StateMachineUpdater] INFO  ratis.ContainerStateMachine (ContainerStateMachine.java:takeSnapshot(289)) - group-C0027C2CA8B7: Taking a snapshot at:(t:1, i:13) file /workdir/hadoop-ozone/integration-test/target/test-dir/MiniOzoneClusterImpl-117ebbbb-8886-40cd-9900-3c45df34c9b4/datanode-6/data/ratis/afb57596-5ce3-4c2c-92cb-c0027c2ca8b7/sm/snapshot.1_13
2019-09-27 21:18:15,798 [main] INFO  impl.StateMachineUpdater (StateMachineUpdater.java:stopAndJoin(125)) - 38b583e9-922a-4b96-9717-3a961b28fd9e@group-C0027C2CA8B7-StateMachineUpdater: set stopIndex = 17
2019-09-27 21:18:15,799 [grpc-default-executor-2] INFO  server.GrpcServerProtocolService (GrpcServerProtocolService.java:onCompleted(113)) - 5bb6ddff-d9e4-48cd-b3b7-ec149b329306: Completed APPEND_ENTRIES, lastRequest: 38b583e9-922a-4b96-9717-3a961b28fd9e->5bb6ddff-d9e4-48cd-b3b7-ec149b329306#6-t2, previous=(t:2, i:17), leaderCommit=17, initializing? false, entries: <empty>
2019-09-27 21:18:15,799 [ForkJoinPool.commonPool-worker-1] INFO  impl.RoleInfo (RoleInfo.java:shutdownFollowerState(121)) - 8d84e925-5f92-47d9-8e30-963abaaefd00: shutdown FollowerState
2019-09-27 21:18:15,800 [ForkJoinPool.commonPool-worker-1] INFO  impl.StateMachineUpdater (StateMachineUpdater.java:stopAndJoin(125)) - 8d84e925-5f92-47d9-8e30-963abaaefd00@group-B42C5F12EB66-StateMachineUpdater: set stopIndex = 16
2019-09-27 21:18:15,800 [8d84e925-5f92-47d9-8e30-963abaaefd00@group-B42C5F12EB66-StateMachineUpdater] INFO  ratis.ContainerStateMachine (ContainerStateMachine.java:takeSnapshot(289)) - group-B42C5F12EB66: Taking a snapshot at:(t:1, i:14) file /workdir/hadoop-ozone/integration-test/target/test-dir/MiniOzoneClusterImpl-117ebbbb-8886-40cd-9900-3c45df34c9b4/datanode-2/data/ratis/a6d05b43-34e2-4fa1-b02e-b42c5f12eb66/sm/snapshot.1_14
2019-09-27 21:18:15,800 [Thread-3133] INFO  impl.FollowerState (FollowerState.java:run(115)) - 8d84e925-5f92-47d9-8e30-963abaaefd00: FollowerState was interrupted: java.lang.InterruptedException: sleep interrupted
2019-09-27 21:18:15,801 [grpc-default-executor-6] INFO  server.GrpcLogAppender (GrpcLogAppender.java:onCompleted(293)) - 38b583e9-922a-4b96-9717-3a961b28fd9e@group-C0027C2CA8B7->5bb6ddff-d9e4-48cd-b3b7-ec149b329306-AppendLogResponseHandler: follower responses appendEntries COMPLETED
2019-09-27 21:18:15,803 [grpc-default-executor-6] INFO  impl.FollowerInfo (FollowerInfo.java:lambda$new$0(51)) - 38b583e9-922a-4b96-9717-3a961b28fd9e@group-C0027C2CA8B7->5bb6ddff-d9e4-48cd-b3b7-ec149b329306: nextIndex: updateUnconditionally 18 -> 17
2019-09-27 21:18:15,813 [38b583e9-922a-4b96-9717-3a961b28fd9e@group-C0027C2CA8B7-StateMachineUpdater] INFO  ratis.ContainerStateMachine (ContainerStateMachine.java:takeSnapshot(300)) - group-C0027C2CA8B7: Finished taking a snapshot at:(t:1, i:13) file:/workdir/hadoop-ozone/integration-test/target/test-dir/MiniOzoneClusterImpl-117ebbbb-8886-40cd-9900-3c45df34c9b4/datanode-6/data/ratis/afb57596-5ce3-4c2c-92cb-c0027c2ca8b7/sm/snapshot.1_13 time:14
2019-09-27 21:18:15,813 [8d84e925-5f92-47d9-8e30-963abaaefd00@group-B42C5F12EB66-StateMachineUpdater] INFO  ratis.ContainerStateMachine (ContainerStateMachine.java:takeSnapshot(300)) - group-B42C5F12EB66: Finished taking a snapshot at:(t:1, i:14) file:/workdir/hadoop-ozone/integration-test/target/test-dir/MiniOzoneClusterImpl-117ebbbb-8886-40cd-9900-3c45df34c9b4/datanode-2/data/ratis/a6d05b43-34e2-4fa1-b02e-b42c5f12eb66/sm/snapshot.1_14 time:13
2019-09-27 21:18:15,813 [38b583e9-922a-4b96-9717-3a961b28fd9e@group-C0027C2CA8B7-StateMachineUpdater] INFO  impl.StateMachineUpdater (StateMachineUpdater.java:takeSnapshot(258)) - 38b583e9-922a-4b96-9717-3a961b28fd9e@group-C0027C2CA8B7-StateMachineUpdater: Took a snapshot at index 13
2019-09-27 21:18:15,814 [38b583e9-922a-4b96-9717-3a961b28fd9e@group-C0027C2CA8B7-StateMachineUpdater] INFO  impl.StateMachineUpdater (StateMachineUpdater.java:lambda$new$0(83)) - 38b583e9-922a-4b96-9717-3a961b28fd9e@group-C0027C2CA8B7-StateMachineUpdater: snapshotIndex: updateIncreasingly -1 -> 13
2019-09-27 21:18:15,814 [8d84e925-5f92-47d9-8e30-963abaaefd00@group-B42C5F12EB66-StateMachineUpdater] INFO  impl.StateMachineUpdater (StateMachineUpdater.java:takeSnapshot(258)) - 8d84e925-5f92-47d9-8e30-963abaaefd00@group-B42C5F12EB66-StateMachineUpdater: Took a snapshot at index 14
2019-09-27 21:18:15,814 [8d84e925-5f92-47d9-8e30-963abaaefd00@group-B42C5F12EB66-StateMachineUpdater] INFO  impl.StateMachineUpdater (StateMachineUpdater.java:lambda$new$0(83)) - 8d84e925-5f92-47d9-8e30-963abaaefd00@group-B42C5F12EB66-StateMachineUpdater: snapshotIndex: updateIncreasingly -1 -> 14
2019-09-27 21:18:15,814 [38b583e9-922a-4b96-9717-3a961b28fd9e@group-C0027C2CA8B7-StateMachineUpdater] INFO  ratis.ContainerStateMachine (ContainerStateMachine.java:takeSnapshot(289)) - group-C0027C2CA8B7: Taking a snapshot at:(t:1, i:13) file /workdir/hadoop-ozone/integration-test/target/test-dir/MiniOzoneClusterImpl-117ebbbb-8886-40cd-9900-3c45df34c9b4/datanode-6/data/ratis/afb57596-5ce3-4c2c-92cb-c0027c2ca8b7/sm/snapshot.1_13
2019-09-27 21:18:15,814 [8d84e925-5f92-47d9-8e30-963abaaefd00@group-B42C5F12EB66-StateMachineUpdater] INFO  ratis.ContainerStateMachine (ContainerStateMachine.java:takeSnapshot(289)) - group-B42C5F12EB66: Taking a snapshot at:(t:1, i:14) file /workdir/hadoop-ozone/integration-test/target/test-dir/MiniOzoneClusterImpl-117ebbbb-8886-40cd-9900-3c45df34c9b4/datanode-2/data/ratis/a6d05b43-34e2-4fa1-b02e-b42c5f12eb66/sm/snapshot.1_14
2019-09-27 21:18:15,827 [38b583e9-922a-4b96-9717-3a961b28fd9e@group-C0027C2CA8B7-StateMachineUpdater] INFO  ratis.ContainerStateMachine (ContainerStateMachine.java:takeSnapshot(300)) - group-C0027C2CA8B7: Finished taking a snapshot at:(t:1, i:13) file:/workdir/hadoop-ozone/integration-test/target/test-dir/MiniOzoneClusterImpl-117ebbbb-8886-40cd-9900-3c45df34c9b4/datanode-6/data/ratis/afb57596-5ce3-4c2c-92cb-c0027c2ca8b7/sm/snapshot.1_13 time:13
2019-09-27 21:18:15,827 [8d84e925-5f92-47d9-8e30-963abaaefd00@group-B42C5F12EB66-StateMachineUpdater] INFO  ratis.ContainerStateMachine (ContainerStateMachine.java:takeSnapshot(300)) - group-B42C5F12EB66: Finished taking a snapshot at:(t:1, i:14) file:/workdir/hadoop-ozone/integration-test/target/test-dir/MiniOzoneClusterImpl-117ebbbb-8886-40cd-9900-3c45df34c9b4/datanode-2/data/ratis/a6d05b43-34e2-4fa1-b02e-b42c5f12eb66/sm/snapshot.1_14 time:13
2019-09-27 21:18:15,827 [38b583e9-922a-4b96-9717-3a961b28fd9e@group-C0027C2CA8B7-StateMachineUpdater] INFO  impl.StateMachineUpdater (StateMachineUpdater.java:takeSnapshot(258)) - 38b583e9-922a-4b96-9717-3a961b28fd9e@group-C0027C2CA8B7-StateMachineUpdater: Took a snapshot at index 13
2019-09-27 21:18:15,827 [38b583e9-922a-4b96-9717-3a961b28fd9e@group-C0027C2CA8B7-StateMachineUpdater] INFO  impl.StateMachineUpdater (StateMachineUpdater.java:lambda$new$0(83)) - 38b583e9-922a-4b96-9717-3a961b28fd9e@group-C0027C2CA8B7-StateMachineUpdater: snapshotIndex: updateIncreasingly 13 -> 13
2019-09-27 21:18:15,827 [8d84e925-5f92-47d9-8e30-963abaaefd00@group-B42C5F12EB66-StateMachineUpdater] INFO  impl.StateMachineUpdater (StateMachineUpdater.java:takeSnapshot(258)) - 8d84e925-5f92-47d9-8e30-963abaaefd00@group-B42C5F12EB66-StateMachineUpdater: Took a snapshot at index 14
2019-09-27 21:18:15,827 [main] INFO  impl.RaftServerImpl (ServerState.java:close(385)) - 38b583e9-922a-4b96-9717-3a961b28fd9e@group-C0027C2CA8B7: closes. applyIndex: 17
2019-09-27 21:18:15,827 [8d84e925-5f92-47d9-8e30-963abaaefd00@group-B42C5F12EB66-StateMachineUpdater] INFO  impl.StateMachineUpdater (StateMachineUpdater.java:lambda$new$0(83)) - 8d84e925-5f92-47d9-8e30-963abaaefd00@group-B42C5F12EB66-StateMachineUpdater: snapshotIndex: updateIncreasingly 14 -> 14
2019-09-27 21:18:15,828 [38b583e9-922a-4b96-9717-3a961b28fd9e@group-C0027C2CA8B7-SegmentedRaftLogWorker] INFO  segmented.SegmentedRaftLogWorker (SegmentedRaftLogWorker.java:run(313)) - 38b583e9-922a-4b96-9717-3a961b28fd9e@group-C0027C2CA8B7-SegmentedRaftLogWorker was interrupted, exiting. There are 0 tasks remaining in the queue.
2019-09-27 21:18:15,831 [ForkJoinPool.commonPool-worker-1] INFO  impl.RaftServerImpl (ServerState.java:close(385)) - 8d84e925-5f92-47d9-8e30-963abaaefd00@group-B42C5F12EB66: closes. applyIndex: 16
2019-09-27 21:18:15,831 [main] INFO  segmented.SegmentedRaftLogWorker (SegmentedRaftLogWorker.java:close(228)) - 38b583e9-922a-4b96-9717-3a961b28fd9e@group-C0027C2CA8B7-SegmentedRaftLogWorker close()
2019-09-27 21:18:15,831 [8d84e925-5f92-47d9-8e30-963abaaefd00@group-B42C5F12EB66-SegmentedRaftLogWorker] INFO  segmented.SegmentedRaftLogWorker (SegmentedRaftLogWorker.java:run(313)) - 8d84e925-5f92-47d9-8e30-963abaaefd00@group-B42C5F12EB66-SegmentedRaftLogWorker was interrupted, exiting. There are 0 tasks remaining in the queue.
2019-09-27 21:18:15,834 [main] INFO  server.GrpcService (GrpcService.java:closeImpl(164)) - 38b583e9-922a-4b96-9717-3a961b28fd9e: shutdown server with port 39886 now
2019-09-27 21:18:15,834 [ForkJoinPool.commonPool-worker-1] INFO  segmented.SegmentedRaftLogWorker (SegmentedRaftLogWorker.java:close(228)) - 8d84e925-5f92-47d9-8e30-963abaaefd00@group-B42C5F12EB66-SegmentedRaftLogWorker close()
2019-09-27 21:18:15,836 [ForkJoinPool.commonPool-worker-1] INFO  impl.RaftServerImpl (RaftServerImpl.java:lambda$shutdown$3(251)) - 8d84e925-5f92-47d9-8e30-963abaaefd00@group-284B6891D008: shutdown
2019-09-27 21:18:15,836 [main] INFO  server.GrpcService (GrpcService.java:closeImpl(172)) - 38b583e9-922a-4b96-9717-3a961b28fd9e: shutdown server with port 39886 successfully
2019-09-27 21:18:15,837 [ForkJoinPool.commonPool-worker-1] INFO  util.JmxRegister (JmxRegister.java:unregister(73)) - Successfully un-registered JMX Bean with object name Ratis:service=RaftServer,group=group-284B6891D008,id=8d84e925-5f92-47d9-8e30-963abaaefd00
2019-09-27 21:18:15,837 [ForkJoinPool.commonPool-worker-1] INFO  impl.RoleInfo (RoleInfo.java:shutdownLeaderState(104)) - 8d84e925-5f92-47d9-8e30-963abaaefd00: shutdown LeaderState
2019-09-27 21:18:15,838 [ForkJoinPool.commonPool-worker-1] INFO  impl.PendingRequests (PendingRequests.java:sendNotLeaderResponses(202)) - 8d84e925-5f92-47d9-8e30-963abaaefd00-PendingRequests: sendNotLeaderResponses
2019-09-27 21:18:15,838 [ForkJoinPool.commonPool-worker-1] INFO  impl.StateMachineUpdater (StateMachineUpdater.java:stopAndJoin(125)) - 8d84e925-5f92-47d9-8e30-963abaaefd00@group-284B6891D008-StateMachineUpdater: set stopIndex = 0
2019-09-27 21:18:15,839 [ForkJoinPool.commonPool-worker-1] INFO  impl.RaftServerImpl (ServerState.java:close(385)) - 8d84e925-5f92-47d9-8e30-963abaaefd00@group-284B6891D008: closes. applyIndex: 0
2019-09-27 21:18:15,839 [8d84e925-5f92-47d9-8e30-963abaaefd00@group-284B6891D008-SegmentedRaftLogWorker] INFO  segmented.SegmentedRaftLogWorker (SegmentedRaftLogWorker.java:run(313)) - 8d84e925-5f92-47d9-8e30-963abaaefd00@group-284B6891D008-SegmentedRaftLogWorker was interrupted, exiting. There are 0 tasks remaining in the queue.
2019-09-27 21:18:15,840 [ForkJoinPool.commonPool-worker-1] INFO  segmented.SegmentedRaftLogWorker (SegmentedRaftLogWorker.java:close(228)) - 8d84e925-5f92-47d9-8e30-963abaaefd00@group-284B6891D008-SegmentedRaftLogWorker close()
2019-09-27 21:18:15,841 [ForkJoinPool.commonPool-worker-1] INFO  server.GrpcService (GrpcService.java:closeImpl(164)) - 8d84e925-5f92-47d9-8e30-963abaaefd00: shutdown server with port 37501 now
2019-09-27 21:18:15,842 [ForkJoinPool.commonPool-worker-1] INFO  server.GrpcService (GrpcService.java:closeImpl(172)) - 8d84e925-5f92-47d9-8e30-963abaaefd00: shutdown server with port 37501 successfully
2019-09-27 21:18:15,844 [refreshUsed-/workdir/hadoop-ozone/integration-test/target/test-dir/MiniOzoneClusterImpl-117ebbbb-8886-40cd-9900-3c45df34c9b4/datanode-6/data/containers] WARN  fs.CachingGetSpaceUsed (CachingGetSpaceUsed.java:run(183)) - Thread Interrupted waiting to refresh disk information: sleep interrupted
2019-09-27 21:18:15,845 [refreshUsed-/workdir/hadoop-ozone/integration-test/target/test-dir/MiniOzoneClusterImpl-117ebbbb-8886-40cd-9900-3c45df34c9b4/datanode-2/data/containers] WARN  fs.CachingGetSpaceUsed (CachingGetSpaceUsed.java:run(183)) - Thread Interrupted waiting to refresh disk information: sleep interrupted
2019-09-27 21:18:15,863 [main] INFO  utils.BackgroundService (BackgroundService.java:shutdown(148)) - Shutting down service BlockDeletingService
2019-09-27 21:18:15,872 [main] INFO  statemachine.DatanodeStateMachine (DatanodeStateMachine.java:stopDaemon(395)) - Ozone container server stopped.
2019-09-27 21:18:15,874 [ForkJoinPool.commonPool-worker-1] INFO  utils.BackgroundService (BackgroundService.java:shutdown(148)) - Shutting down service BlockDeletingService
2019-09-27 21:18:15,877 [ForkJoinPool.commonPool-worker-1] INFO  statemachine.DatanodeStateMachine (DatanodeStateMachine.java:stopDaemon(395)) - Ozone container server stopped.
2019-09-27 21:18:15,878 [main] INFO  handler.ContextHandler (ContextHandler.java:doStop(910)) - Stopped o.e.j.w.WebAppContext@700b9e6b{/,null,UNAVAILABLE}{/hddsDatanode}
2019-09-27 21:18:15,881 [ForkJoinPool.commonPool-worker-1] INFO  handler.ContextHandler (ContextHandler.java:doStop(910)) - Stopped o.e.j.w.WebAppContext@45c80312{/,null,UNAVAILABLE}{/hddsDatanode}
2019-09-27 21:18:15,882 [main] INFO  server.AbstractConnector (AbstractConnector.java:doStop(318)) - Stopped ServerConnector@7ac5b4c{HTTP/1.1,[http/1.1]}{0.0.0.0:0}
2019-09-27 21:18:15,883 [ForkJoinPool.commonPool-worker-1] INFO  server.AbstractConnector (AbstractConnector.java:doStop(318)) - Stopped ServerConnector@7bd38fed{HTTP/1.1,[http/1.1]}{0.0.0.0:0}
2019-09-27 21:18:15,883 [main] INFO  handler.ContextHandler (ContextHandler.java:doStop(910)) - Stopped o.e.j.s.ServletContextHandler@2d22d3b1{/static,jar:file:/home/user/.m2/repository/org/apache/hadoop/hadoop-hdds-container-service/0.5.0-SNAPSHOT/hadoop-hdds-container-service-0.5.0-SNAPSHOT.jar!/webapps/static,UNAVAILABLE}
2019-09-27 21:18:15,884 [ForkJoinPool.commonPool-worker-1] INFO  handler.ContextHandler (ContextHandler.java:doStop(910)) - Stopped o.e.j.s.ServletContextHandler@5fb54740{/static,jar:file:/home/user/.m2/repository/org/apache/hadoop/hadoop-hdds-container-service/0.5.0-SNAPSHOT/hadoop-hdds-container-service-0.5.0-SNAPSHOT.jar!/webapps/static,UNAVAILABLE}
2019-09-27 21:18:15,884 [main] INFO  handler.ContextHandler (ContextHandler.java:doStop(910)) - Stopped o.e.j.s.ServletContextHandler@19cdc217{/logs,file:///workdir/hadoop-ozone/integration-test/target/log,UNAVAILABLE}
2019-09-27 21:18:15,885 [ForkJoinPool.commonPool-worker-1] INFO  handler.ContextHandler (ContextHandler.java:doStop(910)) - Stopped o.e.j.s.ServletContextHandler@6169be09{/logs,file:///workdir/hadoop-ozone/integration-test/target/log,UNAVAILABLE}
2019-09-27 21:18:16,431 [Datanode State Machine Thread - 0] INFO  statemachine.DatanodeStateMachine (DatanodeStateMachine.java:lambda$startDaemon$0(350)) - Ozone container server started.
2019-09-27 21:18:16,519 [Datanode State Machine Thread - 0] INFO  statemachine.DatanodeStateMachine (DatanodeStateMachine.java:lambda$startDaemon$0(350)) - Ozone container server started.
2019-09-27 21:18:19,583 [Thread-3134] INFO  impl.FollowerState (FollowerState.java:run(106)) - d8b95b00-da60-4d32-b98b-f7948dc8829f:group-B42C5F12EB66 changes to CANDIDATE, lastRpcTime:8909, electionTimeout:5017ms
2019-09-27 21:18:19,584 [Thread-3134] INFO  impl.RoleInfo (RoleInfo.java:shutdownFollowerState(121)) - d8b95b00-da60-4d32-b98b-f7948dc8829f: shutdown FollowerState
2019-09-27 21:18:19,584 [Thread-3134] INFO  impl.RaftServerImpl (RaftServerImpl.java:setRole(174)) - d8b95b00-da60-4d32-b98b-f7948dc8829f@group-B42C5F12EB66: changes role from  FOLLOWER to CANDIDATE at term 1 for changeToCandidate
2019-09-27 21:18:19,585 [Thread-3134] INFO  impl.RoleInfo (RoleInfo.java:updateAndGet(143)) - d8b95b00-da60-4d32-b98b-f7948dc8829f: start LeaderElection
2019-09-27 21:18:19,589 [d8b95b00-da60-4d32-b98b-f7948dc8829f@group-B42C5F12EB66:LeaderElection77] INFO  impl.RaftServerImpl (ServerState.java:setLeader(253)) - d8b95b00-da60-4d32-b98b-f7948dc8829f@group-B42C5F12EB66: change Leader from 58a10920-990c-4d55-aea6-fc08cab808bc to null at term 1 for initElection
2019-09-27 21:18:19,604 [d8b95b00-da60-4d32-b98b-f7948dc8829f@group-B42C5F12EB66:LeaderElection77] INFO  impl.LeaderElection (LeaderElection.java:askForVotes(182)) - d8b95b00-da60-4d32-b98b-f7948dc8829f@group-B42C5F12EB66:LeaderElection77: begin an election at term 2 for 0: [d8b95b00-da60-4d32-b98b-f7948dc8829f:192.168.164.218:42452, 8d84e925-5f92-47d9-8e30-963abaaefd00:192.168.164.218:37501, 58a10920-990c-4d55-aea6-fc08cab808bc:192.168.164.218:40033], old=null
2019-09-27 21:18:19,611 [d8b95b00-da60-4d32-b98b-f7948dc8829f@group-B42C5F12EB66:LeaderElection77] INFO  impl.LeaderElection (LogUtils.java:infoOrTrace(149)) - d8b95b00-da60-4d32-b98b-f7948dc8829f@group-B42C5F12EB66:LeaderElection77 got exception when requesting votes: {}
java.util.concurrent.ExecutionException: org.apache.ratis.thirdparty.io.grpc.StatusRuntimeException: UNAVAILABLE: io exception
	at java.util.concurrent.FutureTask.report(FutureTask.java:122)
	at java.util.concurrent.FutureTask.get(FutureTask.java:192)
	at org.apache.ratis.server.impl.LeaderElection.waitForResults(LeaderElection.java:263)
	at org.apache.ratis.server.impl.LeaderElection.askForVotes(LeaderElection.java:201)
	at org.apache.ratis.server.impl.LeaderElection.run(LeaderElection.java:133)
	at java.lang.Thread.run(Thread.java:748)
Caused by: org.apache.ratis.thirdparty.io.grpc.StatusRuntimeException: UNAVAILABLE: io exception
	at org.apache.ratis.thirdparty.io.grpc.stub.ClientCalls.toStatusRuntimeException(ClientCalls.java:233)
	at org.apache.ratis.thirdparty.io.grpc.stub.ClientCalls.getUnchecked(ClientCalls.java:214)
	at org.apache.ratis.thirdparty.io.grpc.stub.ClientCalls.blockingUnaryCall(ClientCalls.java:139)
	at org.apache.ratis.proto.grpc.RaftServerProtocolServiceGrpc$RaftServerProtocolServiceBlockingStub.requestVote(RaftServerProtocolServiceGrpc.java:265)
	at org.apache.ratis.grpc.server.GrpcServerProtocolClient.requestVote(GrpcServerProtocolClient.java:90)
	at org.apache.ratis.grpc.server.GrpcService.requestVote(GrpcService.java:204)
	at org.apache.ratis.server.impl.LeaderElection.lambda$submitRequests$1(LeaderElection.java:238)
	at java.util.concurrent.FutureTask.run(FutureTask.java:266)
	at java.util.concurrent.Executors$RunnableAdapter.call(Executors.java:511)
	at java.util.concurrent.FutureTask.run(FutureTask.java:266)
	at java.util.concurrent.ThreadPoolExecutor.runWorker(ThreadPoolExecutor.java:1149)
	at java.util.concurrent.ThreadPoolExecutor$Worker.run(ThreadPoolExecutor.java:624)
	... 1 more
Caused by: org.apache.ratis.thirdparty.io.netty.channel.AbstractChannel$AnnotatedConnectException: Connection refused: /192.168.164.218:37501
	at sun.nio.ch.SocketChannelImpl.checkConnect(Native Method)
	at sun.nio.ch.SocketChannelImpl.finishConnect(SocketChannelImpl.java:717)
	at org.apache.ratis.thirdparty.io.netty.channel.socket.nio.NioSocketChannel.doFinishConnect(NioSocketChannel.java:327)
	at org.apache.ratis.thirdparty.io.netty.channel.nio.AbstractNioChannel$AbstractNioUnsafe.finishConnect(AbstractNioChannel.java:340)
	at org.apache.ratis.thirdparty.io.netty.channel.nio.NioEventLoop.processSelectedKey(NioEventLoop.java:632)
	at org.apache.ratis.thirdparty.io.netty.channel.nio.NioEventLoop.processSelectedKeysOptimized(NioEventLoop.java:579)
	at org.apache.ratis.thirdparty.io.netty.channel.nio.NioEventLoop.processSelectedKeys(NioEventLoop.java:496)
	at org.apache.ratis.thirdparty.io.netty.channel.nio.NioEventLoop.run(NioEventLoop.java:458)
	at org.apache.ratis.thirdparty.io.netty.util.concurrent.SingleThreadEventExecutor$5.run(SingleThreadEventExecutor.java:897)
	at org.apache.ratis.thirdparty.io.netty.util.concurrent.FastThreadLocalRunnable.run(FastThreadLocalRunnable.java:30)
	... 1 more
Caused by: java.net.ConnectException: Connection refused
	... 11 more
2019-09-27 21:18:19,613 [d8b95b00-da60-4d32-b98b-f7948dc8829f@group-B42C5F12EB66:LeaderElection77] INFO  impl.LeaderElection (LogUtils.java:infoOrTrace(149)) - d8b95b00-da60-4d32-b98b-f7948dc8829f@group-B42C5F12EB66:LeaderElection77 got exception when requesting votes: {}
java.util.concurrent.ExecutionException: org.apache.ratis.thirdparty.io.grpc.StatusRuntimeException: UNAVAILABLE: io exception
	at java.util.concurrent.FutureTask.report(FutureTask.java:122)
	at java.util.concurrent.FutureTask.get(FutureTask.java:192)
	at org.apache.ratis.server.impl.LeaderElection.waitForResults(LeaderElection.java:263)
	at org.apache.ratis.server.impl.LeaderElection.askForVotes(LeaderElection.java:201)
	at org.apache.ratis.server.impl.LeaderElection.run(LeaderElection.java:133)
	at java.lang.Thread.run(Thread.java:748)
Caused by: org.apache.ratis.thirdparty.io.grpc.StatusRuntimeException: UNAVAILABLE: io exception
	at org.apache.ratis.thirdparty.io.grpc.stub.ClientCalls.toStatusRuntimeException(ClientCalls.java:233)
	at org.apache.ratis.thirdparty.io.grpc.stub.ClientCalls.getUnchecked(ClientCalls.java:214)
	at org.apache.ratis.thirdparty.io.grpc.stub.ClientCalls.blockingUnaryCall(ClientCalls.java:139)
	at org.apache.ratis.proto.grpc.RaftServerProtocolServiceGrpc$RaftServerProtocolServiceBlockingStub.requestVote(RaftServerProtocolServiceGrpc.java:265)
	at org.apache.ratis.grpc.server.GrpcServerProtocolClient.requestVote(GrpcServerProtocolClient.java:90)
	at org.apache.ratis.grpc.server.GrpcService.requestVote(GrpcService.java:204)
	at org.apache.ratis.server.impl.LeaderElection.lambda$submitRequests$1(LeaderElection.java:238)
	at java.util.concurrent.FutureTask.run(FutureTask.java:266)
	at java.util.concurrent.Executors$RunnableAdapter.call(Executors.java:511)
	at java.util.concurrent.FutureTask.run(FutureTask.java:266)
	at java.util.concurrent.ThreadPoolExecutor.runWorker(ThreadPoolExecutor.java:1149)
	at java.util.concurrent.ThreadPoolExecutor$Worker.run(ThreadPoolExecutor.java:624)
	... 1 more
Caused by: org.apache.ratis.thirdparty.io.netty.channel.AbstractChannel$AnnotatedConnectException: Connection refused: /192.168.164.218:40033
	at sun.nio.ch.SocketChannelImpl.checkConnect(Native Method)
	at sun.nio.ch.SocketChannelImpl.finishConnect(SocketChannelImpl.java:717)
	at org.apache.ratis.thirdparty.io.netty.channel.socket.nio.NioSocketChannel.doFinishConnect(NioSocketChannel.java:327)
	at org.apache.ratis.thirdparty.io.netty.channel.nio.AbstractNioChannel$AbstractNioUnsafe.finishConnect(AbstractNioChannel.java:340)
	at org.apache.ratis.thirdparty.io.netty.channel.nio.NioEventLoop.processSelectedKey(NioEventLoop.java:632)
	at org.apache.ratis.thirdparty.io.netty.channel.nio.NioEventLoop.processSelectedKeysOptimized(NioEventLoop.java:579)
	at org.apache.ratis.thirdparty.io.netty.channel.nio.NioEventLoop.processSelectedKeys(NioEventLoop.java:496)
	at org.apache.ratis.thirdparty.io.netty.channel.nio.NioEventLoop.run(NioEventLoop.java:458)
	at org.apache.ratis.thirdparty.io.netty.util.concurrent.SingleThreadEventExecutor$5.run(SingleThreadEventExecutor.java:897)
	at org.apache.ratis.thirdparty.io.netty.util.concurrent.FastThreadLocalRunnable.run(FastThreadLocalRunnable.java:30)
	... 1 more
Caused by: java.net.ConnectException: Connection refused
	... 11 more
2019-09-27 21:18:19,615 [d8b95b00-da60-4d32-b98b-f7948dc8829f@group-B42C5F12EB66:LeaderElection77] INFO  impl.LeaderElection (LeaderElection.java:logAndReturn(56)) - d8b95b00-da60-4d32-b98b-f7948dc8829f@group-B42C5F12EB66:LeaderElection77: Election REJECTED; received 0 response(s) [] and 2 exception(s); d8b95b00-da60-4d32-b98b-f7948dc8829f@group-B42C5F12EB66:t2, leader=null, voted=d8b95b00-da60-4d32-b98b-f7948dc8829f, raftlog=d8b95b00-da60-4d32-b98b-f7948dc8829f@group-B42C5F12EB66-SegmentedRaftLog:OPENED:c16,f16,i16, conf=0: [d8b95b00-da60-4d32-b98b-f7948dc8829f:192.168.164.218:42452, 8d84e925-5f92-47d9-8e30-963abaaefd00:192.168.164.218:37501, 58a10920-990c-4d55-aea6-fc08cab808bc:192.168.164.218:40033], old=null
2019-09-27 21:18:19,615 [d8b95b00-da60-4d32-b98b-f7948dc8829f@group-B42C5F12EB66:LeaderElection77] INFO  impl.LeaderElection (LogUtils.java:infoOrTrace(149)) -   Exception 0: {}
java.util.concurrent.ExecutionException: org.apache.ratis.thirdparty.io.grpc.StatusRuntimeException: UNAVAILABLE: io exception
	at java.util.concurrent.FutureTask.report(FutureTask.java:122)
	at java.util.concurrent.FutureTask.get(FutureTask.java:192)
	at org.apache.ratis.server.impl.LeaderElection.waitForResults(LeaderElection.java:263)
	at org.apache.ratis.server.impl.LeaderElection.askForVotes(LeaderElection.java:201)
	at org.apache.ratis.server.impl.LeaderElection.run(LeaderElection.java:133)
	at java.lang.Thread.run(Thread.java:748)
Caused by: org.apache.ratis.thirdparty.io.grpc.StatusRuntimeException: UNAVAILABLE: io exception
	at org.apache.ratis.thirdparty.io.grpc.stub.ClientCalls.toStatusRuntimeException(ClientCalls.java:233)
	at org.apache.ratis.thirdparty.io.grpc.stub.ClientCalls.getUnchecked(ClientCalls.java:214)
	at org.apache.ratis.thirdparty.io.grpc.stub.ClientCalls.blockingUnaryCall(ClientCalls.java:139)
	at org.apache.ratis.proto.grpc.RaftServerProtocolServiceGrpc$RaftServerProtocolServiceBlockingStub.requestVote(RaftServerProtocolServiceGrpc.java:265)
	at org.apache.ratis.grpc.server.GrpcServerProtocolClient.requestVote(GrpcServerProtocolClient.java:90)
	at org.apache.ratis.grpc.server.GrpcService.requestVote(GrpcService.java:204)
	at org.apache.ratis.server.impl.LeaderElection.lambda$submitRequests$1(LeaderElection.java:238)
	at java.util.concurrent.FutureTask.run(FutureTask.java:266)
	at java.util.concurrent.Executors$RunnableAdapter.call(Executors.java:511)
	at java.util.concurrent.FutureTask.run(FutureTask.java:266)
	at java.util.concurrent.ThreadPoolExecutor.runWorker(ThreadPoolExecutor.java:1149)
	at java.util.concurrent.ThreadPoolExecutor$Worker.run(ThreadPoolExecutor.java:624)
	... 1 more
Caused by: org.apache.ratis.thirdparty.io.netty.channel.AbstractChannel$AnnotatedConnectException: Connection refused: /192.168.164.218:37501
	at sun.nio.ch.SocketChannelImpl.checkConnect(Native Method)
	at sun.nio.ch.SocketChannelImpl.finishConnect(SocketChannelImpl.java:717)
	at org.apache.ratis.thirdparty.io.netty.channel.socket.nio.NioSocketChannel.doFinishConnect(NioSocketChannel.java:327)
	at org.apache.ratis.thirdparty.io.netty.channel.nio.AbstractNioChannel$AbstractNioUnsafe.finishConnect(AbstractNioChannel.java:340)
	at org.apache.ratis.thirdparty.io.netty.channel.nio.NioEventLoop.processSelectedKey(NioEventLoop.java:632)
	at org.apache.ratis.thirdparty.io.netty.channel.nio.NioEventLoop.processSelectedKeysOptimized(NioEventLoop.java:579)
	at org.apache.ratis.thirdparty.io.netty.channel.nio.NioEventLoop.processSelectedKeys(NioEventLoop.java:496)
	at org.apache.ratis.thirdparty.io.netty.channel.nio.NioEventLoop.run(NioEventLoop.java:458)
	at org.apache.ratis.thirdparty.io.netty.util.concurrent.SingleThreadEventExecutor$5.run(SingleThreadEventExecutor.java:897)
	at org.apache.ratis.thirdparty.io.netty.util.concurrent.FastThreadLocalRunnable.run(FastThreadLocalRunnable.java:30)
	... 1 more
Caused by: java.net.ConnectException: Connection refused
	... 11 more
2019-09-27 21:18:19,615 [d8b95b00-da60-4d32-b98b-f7948dc8829f@group-B42C5F12EB66:LeaderElection77] INFO  impl.LeaderElection (LogUtils.java:infoOrTrace(149)) -   Exception 1: {}
java.util.concurrent.ExecutionException: org.apache.ratis.thirdparty.io.grpc.StatusRuntimeException: UNAVAILABLE: io exception
	at java.util.concurrent.FutureTask.report(FutureTask.java:122)
	at java.util.concurrent.FutureTask.get(FutureTask.java:192)
	at org.apache.ratis.server.impl.LeaderElection.waitForResults(LeaderElection.java:263)
	at org.apache.ratis.server.impl.LeaderElection.askForVotes(LeaderElection.java:201)
	at org.apache.ratis.server.impl.LeaderElection.run(LeaderElection.java:133)
	at java.lang.Thread.run(Thread.java:748)
Caused by: org.apache.ratis.thirdparty.io.grpc.StatusRuntimeException: UNAVAILABLE: io exception
	at org.apache.ratis.thirdparty.io.grpc.stub.ClientCalls.toStatusRuntimeException(ClientCalls.java:233)
	at org.apache.ratis.thirdparty.io.grpc.stub.ClientCalls.getUnchecked(ClientCalls.java:214)
	at org.apache.ratis.thirdparty.io.grpc.stub.ClientCalls.blockingUnaryCall(ClientCalls.java:139)
	at org.apache.ratis.proto.grpc.RaftServerProtocolServiceGrpc$RaftServerProtocolServiceBlockingStub.requestVote(RaftServerProtocolServiceGrpc.java:265)
	at org.apache.ratis.grpc.server.GrpcServerProtocolClient.requestVote(GrpcServerProtocolClient.java:90)
	at org.apache.ratis.grpc.server.GrpcService.requestVote(GrpcService.java:204)
	at org.apache.ratis.server.impl.LeaderElection.lambda$submitRequests$1(LeaderElection.java:238)
	at java.util.concurrent.FutureTask.run(FutureTask.java:266)
	at java.util.concurrent.Executors$RunnableAdapter.call(Executors.java:511)
	at java.util.concurrent.FutureTask.run(FutureTask.java:266)
	at java.util.concurrent.ThreadPoolExecutor.runWorker(ThreadPoolExecutor.java:1149)
	at java.util.concurrent.ThreadPoolExecutor$Worker.run(ThreadPoolExecutor.java:624)
	... 1 more
Caused by: org.apache.ratis.thirdparty.io.netty.channel.AbstractChannel$AnnotatedConnectException: Connection refused: /192.168.164.218:40033
	at sun.nio.ch.SocketChannelImpl.checkConnect(Native Method)
	at sun.nio.ch.SocketChannelImpl.finishConnect(SocketChannelImpl.java:717)
	at org.apache.ratis.thirdparty.io.netty.channel.socket.nio.NioSocketChannel.doFinishConnect(NioSocketChannel.java:327)
	at org.apache.ratis.thirdparty.io.netty.channel.nio.AbstractNioChannel$AbstractNioUnsafe.finishConnect(AbstractNioChannel.java:340)
	at org.apache.ratis.thirdparty.io.netty.channel.nio.NioEventLoop.processSelectedKey(NioEventLoop.java:632)
	at org.apache.ratis.thirdparty.io.netty.channel.nio.NioEventLoop.processSelectedKeysOptimized(NioEventLoop.java:579)
	at org.apache.ratis.thirdparty.io.netty.channel.nio.NioEventLoop.processSelectedKeys(NioEventLoop.java:496)
	at org.apache.ratis.thirdparty.io.netty.channel.nio.NioEventLoop.run(NioEventLoop.java:458)
	at org.apache.ratis.thirdparty.io.netty.util.concurrent.SingleThreadEventExecutor$5.run(SingleThreadEventExecutor.java:897)
	at org.apache.ratis.thirdparty.io.netty.util.concurrent.FastThreadLocalRunnable.run(FastThreadLocalRunnable.java:30)
	... 1 more
Caused by: java.net.ConnectException: Connection refused
	... 11 more
2019-09-27 21:18:19,615 [d8b95b00-da60-4d32-b98b-f7948dc8829f@group-B42C5F12EB66:LeaderElection77] INFO  impl.RaftServerImpl (RaftServerImpl.java:setRole(174)) - d8b95b00-da60-4d32-b98b-f7948dc8829f@group-B42C5F12EB66: changes role from CANDIDATE to FOLLOWER at term 2 for DISCOVERED_A_NEW_TERM
2019-09-27 21:18:19,615 [d8b95b00-da60-4d32-b98b-f7948dc8829f@group-B42C5F12EB66:LeaderElection77] INFO  impl.RoleInfo (RoleInfo.java:shutdownLeaderElection(134)) - d8b95b00-da60-4d32-b98b-f7948dc8829f: shutdown LeaderElection
2019-09-27 21:18:19,616 [d8b95b00-da60-4d32-b98b-f7948dc8829f@group-B42C5F12EB66:LeaderElection77] INFO  impl.RoleInfo (RoleInfo.java:updateAndGet(143)) - d8b95b00-da60-4d32-b98b-f7948dc8829f: start FollowerState
2019-09-27 21:18:19,965 [Thread-3263] INFO  impl.FollowerState (FollowerState.java:run(106)) - 5bb6ddff-d9e4-48cd-b3b7-ec149b329306:group-C0027C2CA8B7 changes to CANDIDATE, lastRpcTime:5209, electionTimeout:5064ms
2019-09-27 21:18:19,968 [Thread-3263] INFO  impl.RoleInfo (RoleInfo.java:shutdownFollowerState(121)) - 5bb6ddff-d9e4-48cd-b3b7-ec149b329306: shutdown FollowerState
2019-09-27 21:18:19,968 [Thread-3263] INFO  impl.RaftServerImpl (RaftServerImpl.java:setRole(174)) - 5bb6ddff-d9e4-48cd-b3b7-ec149b329306@group-C0027C2CA8B7: changes role from  FOLLOWER to CANDIDATE at term 2 for changeToCandidate
2019-09-27 21:18:19,968 [Thread-3263] INFO  impl.RoleInfo (RoleInfo.java:updateAndGet(143)) - 5bb6ddff-d9e4-48cd-b3b7-ec149b329306: start LeaderElection
2019-09-27 21:18:19,971 [5bb6ddff-d9e4-48cd-b3b7-ec149b329306@group-C0027C2CA8B7:LeaderElection78] INFO  impl.RaftServerImpl (ServerState.java:setLeader(253)) - 5bb6ddff-d9e4-48cd-b3b7-ec149b329306@group-C0027C2CA8B7: change Leader from 38b583e9-922a-4b96-9717-3a961b28fd9e to null at term 2 for initElection
2019-09-27 21:18:19,985 [5bb6ddff-d9e4-48cd-b3b7-ec149b329306@group-C0027C2CA8B7:LeaderElection78] INFO  impl.LeaderElection (LeaderElection.java:askForVotes(182)) - 5bb6ddff-d9e4-48cd-b3b7-ec149b329306@group-C0027C2CA8B7:LeaderElection78: begin an election at term 3 for 16: [5bb6ddff-d9e4-48cd-b3b7-ec149b329306:192.168.164.218:45930, f7eefd9a-04f9-4cba-bddd-fa47b4b434ab:192.168.164.218:34960, 38b583e9-922a-4b96-9717-3a961b28fd9e:192.168.164.218:39886], old=null
2019-09-27 21:18:19,987 [5bb6ddff-d9e4-48cd-b3b7-ec149b329306@group-C0027C2CA8B7:LeaderElection78] INFO  impl.LeaderElection (LogUtils.java:infoOrTrace(149)) - 5bb6ddff-d9e4-48cd-b3b7-ec149b329306@group-C0027C2CA8B7:LeaderElection78 got exception when requesting votes: {}
java.util.concurrent.ExecutionException: org.apache.ratis.thirdparty.io.grpc.StatusRuntimeException: UNAVAILABLE: io exception
	at java.util.concurrent.FutureTask.report(FutureTask.java:122)
	at java.util.concurrent.FutureTask.get(FutureTask.java:192)
	at org.apache.ratis.server.impl.LeaderElection.waitForResults(LeaderElection.java:263)
	at org.apache.ratis.server.impl.LeaderElection.askForVotes(LeaderElection.java:201)
	at org.apache.ratis.server.impl.LeaderElection.run(LeaderElection.java:133)
	at java.lang.Thread.run(Thread.java:748)
Caused by: org.apache.ratis.thirdparty.io.grpc.StatusRuntimeException: UNAVAILABLE: io exception
	at org.apache.ratis.thirdparty.io.grpc.stub.ClientCalls.toStatusRuntimeException(ClientCalls.java:233)
	at org.apache.ratis.thirdparty.io.grpc.stub.ClientCalls.getUnchecked(ClientCalls.java:214)
	at org.apache.ratis.thirdparty.io.grpc.stub.ClientCalls.blockingUnaryCall(ClientCalls.java:139)
	at org.apache.ratis.proto.grpc.RaftServerProtocolServiceGrpc$RaftServerProtocolServiceBlockingStub.requestVote(RaftServerProtocolServiceGrpc.java:265)
	at org.apache.ratis.grpc.server.GrpcServerProtocolClient.requestVote(GrpcServerProtocolClient.java:90)
	at org.apache.ratis.grpc.server.GrpcService.requestVote(GrpcService.java:204)
	at org.apache.ratis.server.impl.LeaderElection.lambda$submitRequests$1(LeaderElection.java:238)
	at java.util.concurrent.FutureTask.run(FutureTask.java:266)
	at java.util.concurrent.Executors$RunnableAdapter.call(Executors.java:511)
	at java.util.concurrent.FutureTask.run(FutureTask.java:266)
	at java.util.concurrent.ThreadPoolExecutor.runWorker(ThreadPoolExecutor.java:1149)
	at java.util.concurrent.ThreadPoolExecutor$Worker.run(ThreadPoolExecutor.java:624)
	... 1 more
Caused by: org.apache.ratis.thirdparty.io.netty.channel.AbstractChannel$AnnotatedConnectException: Connection refused: /192.168.164.218:34960
	at sun.nio.ch.SocketChannelImpl.checkConnect(Native Method)
	at sun.nio.ch.SocketChannelImpl.finishConnect(SocketChannelImpl.java:717)
	at org.apache.ratis.thirdparty.io.netty.channel.socket.nio.NioSocketChannel.doFinishConnect(NioSocketChannel.java:327)
	at org.apache.ratis.thirdparty.io.netty.channel.nio.AbstractNioChannel$AbstractNioUnsafe.finishConnect(AbstractNioChannel.java:340)
	at org.apache.ratis.thirdparty.io.netty.channel.nio.NioEventLoop.processSelectedKey(NioEventLoop.java:632)
	at org.apache.ratis.thirdparty.io.netty.channel.nio.NioEventLoop.processSelectedKeysOptimized(NioEventLoop.java:579)
	at org.apache.ratis.thirdparty.io.netty.channel.nio.NioEventLoop.processSelectedKeys(NioEventLoop.java:496)
	at org.apache.ratis.thirdparty.io.netty.channel.nio.NioEventLoop.run(NioEventLoop.java:458)
	at org.apache.ratis.thirdparty.io.netty.util.concurrent.SingleThreadEventExecutor$5.run(SingleThreadEventExecutor.java:897)
	at org.apache.ratis.thirdparty.io.netty.util.concurrent.FastThreadLocalRunnable.run(FastThreadLocalRunnable.java:30)
	... 1 more
Caused by: java.net.ConnectException: Connection refused
	... 11 more
2019-09-27 21:18:19,989 [5bb6ddff-d9e4-48cd-b3b7-ec149b329306@group-C0027C2CA8B7:LeaderElection78] INFO  impl.LeaderElection (LogUtils.java:infoOrTrace(149)) - 5bb6ddff-d9e4-48cd-b3b7-ec149b329306@group-C0027C2CA8B7:LeaderElection78 got exception when requesting votes: {}
java.util.concurrent.ExecutionException: org.apache.ratis.thirdparty.io.grpc.StatusRuntimeException: UNAVAILABLE: io exception
	at java.util.concurrent.FutureTask.report(FutureTask.java:122)
	at java.util.concurrent.FutureTask.get(FutureTask.java:192)
	at org.apache.ratis.server.impl.LeaderElection.waitForResults(LeaderElection.java:263)
	at org.apache.ratis.server.impl.LeaderElection.askForVotes(LeaderElection.java:201)
	at org.apache.ratis.server.impl.LeaderElection.run(LeaderElection.java:133)
	at java.lang.Thread.run(Thread.java:748)
Caused by: org.apache.ratis.thirdparty.io.grpc.StatusRuntimeException: UNAVAILABLE: io exception
	at org.apache.ratis.thirdparty.io.grpc.stub.ClientCalls.toStatusRuntimeException(ClientCalls.java:233)
	at org.apache.ratis.thirdparty.io.grpc.stub.ClientCalls.getUnchecked(ClientCalls.java:214)
	at org.apache.ratis.thirdparty.io.grpc.stub.ClientCalls.blockingUnaryCall(ClientCalls.java:139)
	at org.apache.ratis.proto.grpc.RaftServerProtocolServiceGrpc$RaftServerProtocolServiceBlockingStub.requestVote(RaftServerProtocolServiceGrpc.java:265)
	at org.apache.ratis.grpc.server.GrpcServerProtocolClient.requestVote(GrpcServerProtocolClient.java:90)
	at org.apache.ratis.grpc.server.GrpcService.requestVote(GrpcService.java:204)
	at org.apache.ratis.server.impl.LeaderElection.lambda$submitRequests$1(LeaderElection.java:238)
	at java.util.concurrent.FutureTask.run(FutureTask.java:266)
	at java.util.concurrent.Executors$RunnableAdapter.call(Executors.java:511)
	at java.util.concurrent.FutureTask.run(FutureTask.java:266)
	at java.util.concurrent.ThreadPoolExecutor.runWorker(ThreadPoolExecutor.java:1149)
	at java.util.concurrent.ThreadPoolExecutor$Worker.run(ThreadPoolExecutor.java:624)
	... 1 more
Caused by: org.apache.ratis.thirdparty.io.netty.channel.AbstractChannel$AnnotatedConnectException: Connection refused: /192.168.164.218:39886
	at sun.nio.ch.SocketChannelImpl.checkConnect(Native Method)
	at sun.nio.ch.SocketChannelImpl.finishConnect(SocketChannelImpl.java:717)
	at org.apache.ratis.thirdparty.io.netty.channel.socket.nio.NioSocketChannel.doFinishConnect(NioSocketChannel.java:327)
	at org.apache.ratis.thirdparty.io.netty.channel.nio.AbstractNioChannel$AbstractNioUnsafe.finishConnect(AbstractNioChannel.java:340)
	at org.apache.ratis.thirdparty.io.netty.channel.nio.NioEventLoop.processSelectedKey(NioEventLoop.java:632)
	at org.apache.ratis.thirdparty.io.netty.channel.nio.NioEventLoop.processSelectedKeysOptimized(NioEventLoop.java:579)
	at org.apache.ratis.thirdparty.io.netty.channel.nio.NioEventLoop.processSelectedKeys(NioEventLoop.java:496)
	at org.apache.ratis.thirdparty.io.netty.channel.nio.NioEventLoop.run(NioEventLoop.java:458)
	at org.apache.ratis.thirdparty.io.netty.util.concurrent.SingleThreadEventExecutor$5.run(SingleThreadEventExecutor.java:897)
	at org.apache.ratis.thirdparty.io.netty.util.concurrent.FastThreadLocalRunnable.run(FastThreadLocalRunnable.java:30)
	... 1 more
Caused by: java.net.ConnectException: Connection refused
	... 11 more
2019-09-27 21:18:19,990 [5bb6ddff-d9e4-48cd-b3b7-ec149b329306@group-C0027C2CA8B7:LeaderElection78] INFO  impl.LeaderElection (LeaderElection.java:logAndReturn(56)) - 5bb6ddff-d9e4-48cd-b3b7-ec149b329306@group-C0027C2CA8B7:LeaderElection78: Election REJECTED; received 0 response(s) [] and 2 exception(s); 5bb6ddff-d9e4-48cd-b3b7-ec149b329306@group-C0027C2CA8B7:t3, leader=null, voted=5bb6ddff-d9e4-48cd-b3b7-ec149b329306, raftlog=5bb6ddff-d9e4-48cd-b3b7-ec149b329306@group-C0027C2CA8B7-SegmentedRaftLog:OPENED:c17,f17,i17, conf=16: [5bb6ddff-d9e4-48cd-b3b7-ec149b329306:192.168.164.218:45930, f7eefd9a-04f9-4cba-bddd-fa47b4b434ab:192.168.164.218:34960, 38b583e9-922a-4b96-9717-3a961b28fd9e:192.168.164.218:39886], old=null
2019-09-27 21:18:19,990 [5bb6ddff-d9e4-48cd-b3b7-ec149b329306@group-C0027C2CA8B7:LeaderElection78] INFO  impl.LeaderElection (LogUtils.java:infoOrTrace(149)) -   Exception 0: {}
java.util.concurrent.ExecutionException: org.apache.ratis.thirdparty.io.grpc.StatusRuntimeException: UNAVAILABLE: io exception
	at java.util.concurrent.FutureTask.report(FutureTask.java:122)
	at java.util.concurrent.FutureTask.get(FutureTask.java:192)
	at org.apache.ratis.server.impl.LeaderElection.waitForResults(LeaderElection.java:263)
	at org.apache.ratis.server.impl.LeaderElection.askForVotes(LeaderElection.java:201)
	at org.apache.ratis.server.impl.LeaderElection.run(LeaderElection.java:133)
	at java.lang.Thread.run(Thread.java:748)
Caused by: org.apache.ratis.thirdparty.io.grpc.StatusRuntimeException: UNAVAILABLE: io exception
	at org.apache.ratis.thirdparty.io.grpc.stub.ClientCalls.toStatusRuntimeException(ClientCalls.java:233)
	at org.apache.ratis.thirdparty.io.grpc.stub.ClientCalls.getUnchecked(ClientCalls.java:214)
	at org.apache.ratis.thirdparty.io.grpc.stub.ClientCalls.blockingUnaryCall(ClientCalls.java:139)
	at org.apache.ratis.proto.grpc.RaftServerProtocolServiceGrpc$RaftServerProtocolServiceBlockingStub.requestVote(RaftServerProtocolServiceGrpc.java:265)
	at org.apache.ratis.grpc.server.GrpcServerProtocolClient.requestVote(GrpcServerProtocolClient.java:90)
	at org.apache.ratis.grpc.server.GrpcService.requestVote(GrpcService.java:204)
	at org.apache.ratis.server.impl.LeaderElection.lambda$submitRequests$1(LeaderElection.java:238)
	at java.util.concurrent.FutureTask.run(FutureTask.java:266)
	at java.util.concurrent.Executors$RunnableAdapter.call(Executors.java:511)
	at java.util.concurrent.FutureTask.run(FutureTask.java:266)
	at java.util.concurrent.ThreadPoolExecutor.runWorker(ThreadPoolExecutor.java:1149)
	at java.util.concurrent.ThreadPoolExecutor$Worker.run(ThreadPoolExecutor.java:624)
	... 1 more
Caused by: org.apache.ratis.thirdparty.io.netty.channel.AbstractChannel$AnnotatedConnectException: Connection refused: /192.168.164.218:34960
	at sun.nio.ch.SocketChannelImpl.checkConnect(Native Method)
	at sun.nio.ch.SocketChannelImpl.finishConnect(SocketChannelImpl.java:717)
	at org.apache.ratis.thirdparty.io.netty.channel.socket.nio.NioSocketChannel.doFinishConnect(NioSocketChannel.java:327)
	at org.apache.ratis.thirdparty.io.netty.channel.nio.AbstractNioChannel$AbstractNioUnsafe.finishConnect(AbstractNioChannel.java:340)
	at org.apache.ratis.thirdparty.io.netty.channel.nio.NioEventLoop.processSelectedKey(NioEventLoop.java:632)
	at org.apache.ratis.thirdparty.io.netty.channel.nio.NioEventLoop.processSelectedKeysOptimized(NioEventLoop.java:579)
	at org.apache.ratis.thirdparty.io.netty.channel.nio.NioEventLoop.processSelectedKeys(NioEventLoop.java:496)
	at org.apache.ratis.thirdparty.io.netty.channel.nio.NioEventLoop.run(NioEventLoop.java:458)
	at org.apache.ratis.thirdparty.io.netty.util.concurrent.SingleThreadEventExecutor$5.run(SingleThreadEventExecutor.java:897)
	at org.apache.ratis.thirdparty.io.netty.util.concurrent.FastThreadLocalRunnable.run(FastThreadLocalRunnable.java:30)
	... 1 more
Caused by: java.net.ConnectException: Connection refused
	... 11 more
2019-09-27 21:18:19,991 [5bb6ddff-d9e4-48cd-b3b7-ec149b329306@group-C0027C2CA8B7:LeaderElection78] INFO  impl.LeaderElection (LogUtils.java:infoOrTrace(149)) -   Exception 1: {}
java.util.concurrent.ExecutionException: org.apache.ratis.thirdparty.io.grpc.StatusRuntimeException: UNAVAILABLE: io exception
	at java.util.concurrent.FutureTask.report(FutureTask.java:122)
	at java.util.concurrent.FutureTask.get(FutureTask.java:192)
	at org.apache.ratis.server.impl.LeaderElection.waitForResults(LeaderElection.java:263)
	at org.apache.ratis.server.impl.LeaderElection.askForVotes(LeaderElection.java:201)
	at org.apache.ratis.server.impl.LeaderElection.run(LeaderElection.java:133)
	at java.lang.Thread.run(Thread.java:748)
Caused by: org.apache.ratis.thirdparty.io.grpc.StatusRuntimeException: UNAVAILABLE: io exception
	at org.apache.ratis.thirdparty.io.grpc.stub.ClientCalls.toStatusRuntimeException(ClientCalls.java:233)
	at org.apache.ratis.thirdparty.io.grpc.stub.ClientCalls.getUnchecked(ClientCalls.java:214)
	at org.apache.ratis.thirdparty.io.grpc.stub.ClientCalls.blockingUnaryCall(ClientCalls.java:139)
	at org.apache.ratis.proto.grpc.RaftServerProtocolServiceGrpc$RaftServerProtocolServiceBlockingStub.requestVote(RaftServerProtocolServiceGrpc.java:265)
	at org.apache.ratis.grpc.server.GrpcServerProtocolClient.requestVote(GrpcServerProtocolClient.java:90)
	at org.apache.ratis.grpc.server.GrpcService.requestVote(GrpcService.java:204)
	at org.apache.ratis.server.impl.LeaderElection.lambda$submitRequests$1(LeaderElection.java:238)
	at java.util.concurrent.FutureTask.run(FutureTask.java:266)
	at java.util.concurrent.Executors$RunnableAdapter.call(Executors.java:511)
	at java.util.concurrent.FutureTask.run(FutureTask.java:266)
	at java.util.concurrent.ThreadPoolExecutor.runWorker(ThreadPoolExecutor.java:1149)
	at java.util.concurrent.ThreadPoolExecutor$Worker.run(ThreadPoolExecutor.java:624)
	... 1 more
Caused by: org.apache.ratis.thirdparty.io.netty.channel.AbstractChannel$AnnotatedConnectException: Connection refused: /192.168.164.218:39886
	at sun.nio.ch.SocketChannelImpl.checkConnect(Native Method)
	at sun.nio.ch.SocketChannelImpl.finishConnect(SocketChannelImpl.java:717)
	at org.apache.ratis.thirdparty.io.netty.channel.socket.nio.NioSocketChannel.doFinishConnect(NioSocketChannel.java:327)
	at org.apache.ratis.thirdparty.io.netty.channel.nio.AbstractNioChannel$AbstractNioUnsafe.finishConnect(AbstractNioChannel.java:340)
	at org.apache.ratis.thirdparty.io.netty.channel.nio.NioEventLoop.processSelectedKey(NioEventLoop.java:632)
	at org.apache.ratis.thirdparty.io.netty.channel.nio.NioEventLoop.processSelectedKeysOptimized(NioEventLoop.java:579)
	at org.apache.ratis.thirdparty.io.netty.channel.nio.NioEventLoop.processSelectedKeys(NioEventLoop.java:496)
	at org.apache.ratis.thirdparty.io.netty.channel.nio.NioEventLoop.run(NioEventLoop.java:458)
	at org.apache.ratis.thirdparty.io.netty.util.concurrent.SingleThreadEventExecutor$5.run(SingleThreadEventExecutor.java:897)
	at org.apache.ratis.thirdparty.io.netty.util.concurrent.FastThreadLocalRunnable.run(FastThreadLocalRunnable.java:30)
	... 1 more
Caused by: java.net.ConnectException: Connection refused
	... 11 more
2019-09-27 21:18:19,991 [5bb6ddff-d9e4-48cd-b3b7-ec149b329306@group-C0027C2CA8B7:LeaderElection78] INFO  impl.RaftServerImpl (RaftServerImpl.java:setRole(174)) - 5bb6ddff-d9e4-48cd-b3b7-ec149b329306@group-C0027C2CA8B7: changes role from CANDIDATE to FOLLOWER at term 3 for DISCOVERED_A_NEW_TERM
2019-09-27 21:18:19,991 [5bb6ddff-d9e4-48cd-b3b7-ec149b329306@group-C0027C2CA8B7:LeaderElection78] INFO  impl.RoleInfo (RoleInfo.java:shutdownLeaderElection(134)) - 5bb6ddff-d9e4-48cd-b3b7-ec149b329306: shutdown LeaderElection
2019-09-27 21:18:19,991 [5bb6ddff-d9e4-48cd-b3b7-ec149b329306@group-C0027C2CA8B7:LeaderElection78] INFO  impl.RoleInfo (RoleInfo.java:updateAndGet(143)) - 5bb6ddff-d9e4-48cd-b3b7-ec149b329306: start FollowerState
2019-09-27 21:18:20,457 [EventQueue-StaleNodeForStaleNodeHandler] INFO  node.StaleNodeHandler (StaleNodeHandler.java:onMessage(58)) - Datanode 5bb6ddff-d9e4-48cd-b3b7-ec149b329306{ip: 192.168.164.218, host: pr-hdds-1146-452xf-2747512450, networkLocation: /default-rack, certSerialId: null} moved to stale state. Finalizing its pipelines [PipelineID=a9325ae0-1279-437b-9ae9-aec5f2fe0696, PipelineID=afb57596-5ce3-4c2c-92cb-c0027c2ca8b7]
2019-09-27 21:18:20,459 [EventQueue-StaleNodeForStaleNodeHandler] INFO  pipeline.SCMPipelineManager (SCMPipelineManager.java:finalizeAndDestroyPipeline(315)) - destroying pipeline:Pipeline[ Id: a9325ae0-1279-437b-9ae9-aec5f2fe0696, Nodes: 5bb6ddff-d9e4-48cd-b3b7-ec149b329306{ip: 192.168.164.218, host: pr-hdds-1146-452xf-2747512450, networkLocation: /default-rack, certSerialId: null}, Type:RATIS, Factor:ONE, State:OPEN]
2019-09-27 21:18:20,460 [EventQueue-StaleNodeForStaleNodeHandler] INFO  pipeline.PipelineStateManager (PipelineStateManager.java:finalizePipeline(123)) - Pipeline Pipeline[ Id: a9325ae0-1279-437b-9ae9-aec5f2fe0696, Nodes: 5bb6ddff-d9e4-48cd-b3b7-ec149b329306{ip: 192.168.164.218, host: pr-hdds-1146-452xf-2747512450, networkLocation: /default-rack, certSerialId: null}, Type:RATIS, Factor:ONE, State:CLOSED] moved to CLOSED state
2019-09-27 21:18:20,460 [EventQueue-StaleNodeForStaleNodeHandler] INFO  pipeline.SCMPipelineManager (SCMPipelineManager.java:finalizeAndDestroyPipeline(315)) - destroying pipeline:Pipeline[ Id: afb57596-5ce3-4c2c-92cb-c0027c2ca8b7, Nodes: f7eefd9a-04f9-4cba-bddd-fa47b4b434ab{ip: 192.168.164.218, host: pr-hdds-1146-452xf-2747512450, networkLocation: /default-rack, certSerialId: null}5bb6ddff-d9e4-48cd-b3b7-ec149b329306{ip: 192.168.164.218, host: pr-hdds-1146-452xf-2747512450, networkLocation: /default-rack, certSerialId: null}38b583e9-922a-4b96-9717-3a961b28fd9e{ip: 192.168.164.218, host: pr-hdds-1146-452xf-2747512450, networkLocation: /default-rack, certSerialId: null}, Type:RATIS, Factor:THREE, State:CLOSED]
2019-09-27 21:18:20,557 [EventQueue-StaleNodeForStaleNodeHandler] INFO  node.StaleNodeHandler (StaleNodeHandler.java:onMessage(58)) - Datanode d8b95b00-da60-4d32-b98b-f7948dc8829f{ip: 192.168.164.218, host: pr-hdds-1146-452xf-2747512450, networkLocation: /default-rack, certSerialId: null} moved to stale state. Finalizing its pipelines [PipelineID=0a1cd826-46e1-4d1a-9a90-e1ca0029f736, PipelineID=a6d05b43-34e2-4fa1-b02e-b42c5f12eb66]
2019-09-27 21:18:20,558 [EventQueue-StaleNodeForStaleNodeHandler] INFO  pipeline.SCMPipelineManager (SCMPipelineManager.java:finalizeAndDestroyPipeline(315)) - destroying pipeline:Pipeline[ Id: 0a1cd826-46e1-4d1a-9a90-e1ca0029f736, Nodes: d8b95b00-da60-4d32-b98b-f7948dc8829f{ip: 192.168.164.218, host: pr-hdds-1146-452xf-2747512450, networkLocation: /default-rack, certSerialId: null}, Type:RATIS, Factor:ONE, State:OPEN]
2019-09-27 21:18:20,558 [EventQueue-StaleNodeForStaleNodeHandler] INFO  pipeline.PipelineStateManager (PipelineStateManager.java:finalizePipeline(123)) - Pipeline Pipeline[ Id: 0a1cd826-46e1-4d1a-9a90-e1ca0029f736, Nodes: d8b95b00-da60-4d32-b98b-f7948dc8829f{ip: 192.168.164.218, host: pr-hdds-1146-452xf-2747512450, networkLocation: /default-rack, certSerialId: null}, Type:RATIS, Factor:ONE, State:CLOSED] moved to CLOSED state
2019-09-27 21:18:20,558 [EventQueue-StaleNodeForStaleNodeHandler] INFO  pipeline.SCMPipelineManager (SCMPipelineManager.java:finalizeAndDestroyPipeline(315)) - destroying pipeline:Pipeline[ Id: a6d05b43-34e2-4fa1-b02e-b42c5f12eb66, Nodes: 58a10920-990c-4d55-aea6-fc08cab808bc{ip: 192.168.164.218, host: pr-hdds-1146-452xf-2747512450, networkLocation: /default-rack, certSerialId: null}d8b95b00-da60-4d32-b98b-f7948dc8829f{ip: 192.168.164.218, host: pr-hdds-1146-452xf-2747512450, networkLocation: /default-rack, certSerialId: null}8d84e925-5f92-47d9-8e30-963abaaefd00{ip: 192.168.164.218, host: pr-hdds-1146-452xf-2747512450, networkLocation: /default-rack, certSerialId: null}, Type:RATIS, Factor:THREE, State:CLOSED]
2019-09-27 21:18:20,888 [main] INFO  ozoneimpl.OzoneContainer (OzoneContainer.java:stop(231)) - Attempting to stop container services.
2019-09-27 21:18:20,893 [ForkJoinPool.commonPool-worker-1] INFO  ozoneimpl.OzoneContainer (OzoneContainer.java:stop(231)) - Attempting to stop container services.
2019-09-27 21:18:20,896 [main] INFO  impl.RaftServerProxy (RaftServerProxy.java:lambda$close$4(314)) - 5bb6ddff-d9e4-48cd-b3b7-ec149b329306: close
2019-09-27 21:18:20,896 [ForkJoinPool.commonPool-worker-1] INFO  impl.RaftServerProxy (RaftServerProxy.java:lambda$close$4(314)) - d8b95b00-da60-4d32-b98b-f7948dc8829f: close
2019-09-27 21:18:20,896 [main] INFO  impl.RaftServerImpl (RaftServerImpl.java:lambda$shutdown$3(251)) - 5bb6ddff-d9e4-48cd-b3b7-ec149b329306@group-AEC5F2FE0696: shutdown
2019-09-27 21:18:20,896 [ForkJoinPool.commonPool-worker-1] INFO  impl.RaftServerImpl (RaftServerImpl.java:lambda$shutdown$3(251)) - d8b95b00-da60-4d32-b98b-f7948dc8829f@group-E1CA0029F736: shutdown
2019-09-27 21:18:20,897 [main] INFO  util.JmxRegister (JmxRegister.java:unregister(73)) - Successfully un-registered JMX Bean with object name Ratis:service=RaftServer,group=group-AEC5F2FE0696,id=5bb6ddff-d9e4-48cd-b3b7-ec149b329306
2019-09-27 21:18:20,897 [ForkJoinPool.commonPool-worker-1] INFO  util.JmxRegister (JmxRegister.java:unregister(73)) - Successfully un-registered JMX Bean with object name Ratis:service=RaftServer,group=group-E1CA0029F736,id=d8b95b00-da60-4d32-b98b-f7948dc8829f
2019-09-27 21:18:20,897 [main] INFO  impl.RoleInfo (RoleInfo.java:shutdownLeaderState(104)) - 5bb6ddff-d9e4-48cd-b3b7-ec149b329306: shutdown LeaderState
2019-09-27 21:18:20,898 [ForkJoinPool.commonPool-worker-1] INFO  impl.RoleInfo (RoleInfo.java:shutdownLeaderState(104)) - d8b95b00-da60-4d32-b98b-f7948dc8829f: shutdown LeaderState
2019-09-27 21:18:20,898 [main] INFO  impl.PendingRequests (PendingRequests.java:sendNotLeaderResponses(202)) - 5bb6ddff-d9e4-48cd-b3b7-ec149b329306-PendingRequests: sendNotLeaderResponses
2019-09-27 21:18:20,898 [ForkJoinPool.commonPool-worker-1] INFO  impl.PendingRequests (PendingRequests.java:sendNotLeaderResponses(202)) - d8b95b00-da60-4d32-b98b-f7948dc8829f-PendingRequests: sendNotLeaderResponses
2019-09-27 21:18:20,899 [main] INFO  impl.StateMachineUpdater (StateMachineUpdater.java:stopAndJoin(125)) - 5bb6ddff-d9e4-48cd-b3b7-ec149b329306@group-AEC5F2FE0696-StateMachineUpdater: set stopIndex = 0
2019-09-27 21:18:20,899 [ForkJoinPool.commonPool-worker-1] INFO  impl.StateMachineUpdater (StateMachineUpdater.java:stopAndJoin(125)) - d8b95b00-da60-4d32-b98b-f7948dc8829f@group-E1CA0029F736-StateMachineUpdater: set stopIndex = 0
2019-09-27 21:18:20,900 [main] INFO  impl.RaftServerImpl (ServerState.java:close(385)) - 5bb6ddff-d9e4-48cd-b3b7-ec149b329306@group-AEC5F2FE0696: closes. applyIndex: 0
2019-09-27 21:18:20,900 [ForkJoinPool.commonPool-worker-1] INFO  impl.RaftServerImpl (ServerState.java:close(385)) - d8b95b00-da60-4d32-b98b-f7948dc8829f@group-E1CA0029F736: closes. applyIndex: 0
2019-09-27 21:18:20,900 [d8b95b00-da60-4d32-b98b-f7948dc8829f@group-E1CA0029F736-SegmentedRaftLogWorker] INFO  segmented.SegmentedRaftLogWorker (SegmentedRaftLogWorker.java:run(313)) - d8b95b00-da60-4d32-b98b-f7948dc8829f@group-E1CA0029F736-SegmentedRaftLogWorker was interrupted, exiting. There are 0 tasks remaining in the queue.
2019-09-27 21:18:20,900 [5bb6ddff-d9e4-48cd-b3b7-ec149b329306@group-AEC5F2FE0696-SegmentedRaftLogWorker] INFO  segmented.SegmentedRaftLogWorker (SegmentedRaftLogWorker.java:run(313)) - 5bb6ddff-d9e4-48cd-b3b7-ec149b329306@group-AEC5F2FE0696-SegmentedRaftLogWorker was interrupted, exiting. There are 0 tasks remaining in the queue.
2019-09-27 21:18:20,901 [main] INFO  segmented.SegmentedRaftLogWorker (SegmentedRaftLogWorker.java:close(228)) - 5bb6ddff-d9e4-48cd-b3b7-ec149b329306@group-AEC5F2FE0696-SegmentedRaftLogWorker close()
2019-09-27 21:18:20,901 [ForkJoinPool.commonPool-worker-1] INFO  segmented.SegmentedRaftLogWorker (SegmentedRaftLogWorker.java:close(228)) - d8b95b00-da60-4d32-b98b-f7948dc8829f@group-E1CA0029F736-SegmentedRaftLogWorker close()
2019-09-27 21:18:20,903 [main] INFO  impl.RaftServerImpl (RaftServerImpl.java:lambda$shutdown$3(251)) - 5bb6ddff-d9e4-48cd-b3b7-ec149b329306@group-C0027C2CA8B7: shutdown
2019-09-27 21:18:20,905 [ForkJoinPool.commonPool-worker-1] INFO  impl.RaftServerImpl (RaftServerImpl.java:lambda$shutdown$3(251)) - d8b95b00-da60-4d32-b98b-f7948dc8829f@group-B42C5F12EB66: shutdown
2019-09-27 21:18:20,906 [main] INFO  util.JmxRegister (JmxRegister.java:unregister(73)) - Successfully un-registered JMX Bean with object name Ratis:service=RaftServer,group=group-C0027C2CA8B7,id=5bb6ddff-d9e4-48cd-b3b7-ec149b329306
2019-09-27 21:18:20,906 [ForkJoinPool.commonPool-worker-1] INFO  util.JmxRegister (JmxRegister.java:unregister(73)) - Successfully un-registered JMX Bean with object name Ratis:service=RaftServer,group=group-B42C5F12EB66,id=d8b95b00-da60-4d32-b98b-f7948dc8829f
2019-09-27 21:18:20,906 [main] INFO  impl.RoleInfo (RoleInfo.java:shutdownFollowerState(121)) - 5bb6ddff-d9e4-48cd-b3b7-ec149b329306: shutdown FollowerState
2019-09-27 21:18:20,906 [ForkJoinPool.commonPool-worker-1] INFO  impl.RoleInfo (RoleInfo.java:shutdownFollowerState(121)) - d8b95b00-da60-4d32-b98b-f7948dc8829f: shutdown FollowerState
2019-09-27 21:18:20,907 [5bb6ddff-d9e4-48cd-b3b7-ec149b329306@group-C0027C2CA8B7-StateMachineUpdater] INFO  ratis.ContainerStateMachine (ContainerStateMachine.java:takeSnapshot(289)) - group-C0027C2CA8B7: Taking a snapshot at:(t:1, i:13) file /workdir/hadoop-ozone/integration-test/target/test-dir/MiniOzoneClusterImpl-117ebbbb-8886-40cd-9900-3c45df34c9b4/datanode-5/data/ratis/afb57596-5ce3-4c2c-92cb-c0027c2ca8b7/sm/snapshot.1_13
2019-09-27 21:18:20,907 [main] INFO  impl.StateMachineUpdater (StateMachineUpdater.java:stopAndJoin(125)) - 5bb6ddff-d9e4-48cd-b3b7-ec149b329306@group-C0027C2CA8B7-StateMachineUpdater: set stopIndex = 17
2019-09-27 21:18:20,907 [d8b95b00-da60-4d32-b98b-f7948dc8829f@group-B42C5F12EB66-StateMachineUpdater] INFO  ratis.ContainerStateMachine (ContainerStateMachine.java:takeSnapshot(289)) - group-B42C5F12EB66: Taking a snapshot at:(t:1, i:14) file /workdir/hadoop-ozone/integration-test/target/test-dir/MiniOzoneClusterImpl-117ebbbb-8886-40cd-9900-3c45df34c9b4/datanode-0/data/ratis/a6d05b43-34e2-4fa1-b02e-b42c5f12eb66/sm/snapshot.1_14
2019-09-27 21:18:20,907 [Thread-3341] INFO  impl.FollowerState (FollowerState.java:run(115)) - d8b95b00-da60-4d32-b98b-f7948dc8829f: FollowerState was interrupted: java.lang.InterruptedException: sleep interrupted
2019-09-27 21:18:20,907 [Thread-3345] INFO  impl.FollowerState (FollowerState.java:run(115)) - 5bb6ddff-d9e4-48cd-b3b7-ec149b329306: FollowerState was interrupted: java.lang.InterruptedException: sleep interrupted
2019-09-27 21:18:20,907 [ForkJoinPool.commonPool-worker-1] INFO  impl.StateMachineUpdater (StateMachineUpdater.java:stopAndJoin(125)) - d8b95b00-da60-4d32-b98b-f7948dc8829f@group-B42C5F12EB66-StateMachineUpdater: set stopIndex = 16
2019-09-27 21:18:20,934 [5bb6ddff-d9e4-48cd-b3b7-ec149b329306@group-C0027C2CA8B7-StateMachineUpdater] INFO  ratis.ContainerStateMachine (ContainerStateMachine.java:takeSnapshot(300)) - group-C0027C2CA8B7: Finished taking a snapshot at:(t:1, i:13) file:/workdir/hadoop-ozone/integration-test/target/test-dir/MiniOzoneClusterImpl-117ebbbb-8886-40cd-9900-3c45df34c9b4/datanode-5/data/ratis/afb57596-5ce3-4c2c-92cb-c0027c2ca8b7/sm/snapshot.1_13 time:27
2019-09-27 21:18:20,934 [5bb6ddff-d9e4-48cd-b3b7-ec149b329306@group-C0027C2CA8B7-StateMachineUpdater] INFO  impl.StateMachineUpdater (StateMachineUpdater.java:takeSnapshot(258)) - 5bb6ddff-d9e4-48cd-b3b7-ec149b329306@group-C0027C2CA8B7-StateMachineUpdater: Took a snapshot at index 13
2019-09-27 21:18:20,935 [5bb6ddff-d9e4-48cd-b3b7-ec149b329306@group-C0027C2CA8B7-StateMachineUpdater] INFO  impl.StateMachineUpdater (StateMachineUpdater.java:lambda$new$0(83)) - 5bb6ddff-d9e4-48cd-b3b7-ec149b329306@group-C0027C2CA8B7-StateMachineUpdater: snapshotIndex: updateIncreasingly -1 -> 13
2019-09-27 21:18:20,935 [5bb6ddff-d9e4-48cd-b3b7-ec149b329306@group-C0027C2CA8B7-StateMachineUpdater] INFO  ratis.ContainerStateMachine (ContainerStateMachine.java:takeSnapshot(289)) - group-C0027C2CA8B7: Taking a snapshot at:(t:1, i:13) file /workdir/hadoop-ozone/integration-test/target/test-dir/MiniOzoneClusterImpl-117ebbbb-8886-40cd-9900-3c45df34c9b4/datanode-5/data/ratis/afb57596-5ce3-4c2c-92cb-c0027c2ca8b7/sm/snapshot.1_13
2019-09-27 21:18:20,946 [d8b95b00-da60-4d32-b98b-f7948dc8829f@group-B42C5F12EB66-StateMachineUpdater] INFO  ratis.ContainerStateMachine (ContainerStateMachine.java:takeSnapshot(300)) - group-B42C5F12EB66: Finished taking a snapshot at:(t:1, i:14) file:/workdir/hadoop-ozone/integration-test/target/test-dir/MiniOzoneClusterImpl-117ebbbb-8886-40cd-9900-3c45df34c9b4/datanode-0/data/ratis/a6d05b43-34e2-4fa1-b02e-b42c5f12eb66/sm/snapshot.1_14 time:39
2019-09-27 21:18:20,947 [d8b95b00-da60-4d32-b98b-f7948dc8829f@group-B42C5F12EB66-StateMachineUpdater] INFO  impl.StateMachineUpdater (StateMachineUpdater.java:takeSnapshot(258)) - d8b95b00-da60-4d32-b98b-f7948dc8829f@group-B42C5F12EB66-StateMachineUpdater: Took a snapshot at index 14
2019-09-27 21:18:20,947 [d8b95b00-da60-4d32-b98b-f7948dc8829f@group-B42C5F12EB66-StateMachineUpdater] INFO  impl.StateMachineUpdater (StateMachineUpdater.java:lambda$new$0(83)) - d8b95b00-da60-4d32-b98b-f7948dc8829f@group-B42C5F12EB66-StateMachineUpdater: snapshotIndex: updateIncreasingly -1 -> 14
2019-09-27 21:18:20,947 [d8b95b00-da60-4d32-b98b-f7948dc8829f@group-B42C5F12EB66-StateMachineUpdater] INFO  ratis.ContainerStateMachine (ContainerStateMachine.java:takeSnapshot(289)) - group-B42C5F12EB66: Taking a snapshot at:(t:1, i:14) file /workdir/hadoop-ozone/integration-test/target/test-dir/MiniOzoneClusterImpl-117ebbbb-8886-40cd-9900-3c45df34c9b4/datanode-0/data/ratis/a6d05b43-34e2-4fa1-b02e-b42c5f12eb66/sm/snapshot.1_14
2019-09-27 21:18:20,948 [5bb6ddff-d9e4-48cd-b3b7-ec149b329306@group-C0027C2CA8B7-StateMachineUpdater] INFO  ratis.ContainerStateMachine (ContainerStateMachine.java:takeSnapshot(300)) - group-C0027C2CA8B7: Finished taking a snapshot at:(t:1, i:13) file:/workdir/hadoop-ozone/integration-test/target/test-dir/MiniOzoneClusterImpl-117ebbbb-8886-40cd-9900-3c45df34c9b4/datanode-5/data/ratis/afb57596-5ce3-4c2c-92cb-c0027c2ca8b7/sm/snapshot.1_13 time:13
2019-09-27 21:18:20,948 [5bb6ddff-d9e4-48cd-b3b7-ec149b329306@group-C0027C2CA8B7-StateMachineUpdater] INFO  impl.StateMachineUpdater (StateMachineUpdater.java:takeSnapshot(258)) - 5bb6ddff-d9e4-48cd-b3b7-ec149b329306@group-C0027C2CA8B7-StateMachineUpdater: Took a snapshot at index 13
2019-09-27 21:18:20,948 [5bb6ddff-d9e4-48cd-b3b7-ec149b329306@group-C0027C2CA8B7-StateMachineUpdater] INFO  impl.StateMachineUpdater (StateMachineUpdater.java:lambda$new$0(83)) - 5bb6ddff-d9e4-48cd-b3b7-ec149b329306@group-C0027C2CA8B7-StateMachineUpdater: snapshotIndex: updateIncreasingly 13 -> 13
2019-09-27 21:18:20,949 [main] INFO  impl.RaftServerImpl (ServerState.java:close(385)) - 5bb6ddff-d9e4-48cd-b3b7-ec149b329306@group-C0027C2CA8B7: closes. applyIndex: 17
2019-09-27 21:18:20,949 [5bb6ddff-d9e4-48cd-b3b7-ec149b329306@group-C0027C2CA8B7-SegmentedRaftLogWorker] INFO  segmented.SegmentedRaftLogWorker (SegmentedRaftLogWorker.java:run(313)) - 5bb6ddff-d9e4-48cd-b3b7-ec149b329306@group-C0027C2CA8B7-SegmentedRaftLogWorker was interrupted, exiting. There are 0 tasks remaining in the queue.
2019-09-27 21:18:20,950 [main] INFO  segmented.SegmentedRaftLogWorker (SegmentedRaftLogWorker.java:close(228)) - 5bb6ddff-d9e4-48cd-b3b7-ec149b329306@group-C0027C2CA8B7-SegmentedRaftLogWorker close()
2019-09-27 21:18:20,950 [d8b95b00-da60-4d32-b98b-f7948dc8829f@group-B42C5F12EB66-StateMachineUpdater] INFO  ratis.ContainerStateMachine (ContainerStateMachine.java:takeSnapshot(300)) - group-B42C5F12EB66: Finished taking a snapshot at:(t:1, i:14) file:/workdir/hadoop-ozone/integration-test/target/test-dir/MiniOzoneClusterImpl-117ebbbb-8886-40cd-9900-3c45df34c9b4/datanode-0/data/ratis/a6d05b43-34e2-4fa1-b02e-b42c5f12eb66/sm/snapshot.1_14 time:4
2019-09-27 21:18:20,952 [main] INFO  server.GrpcService (GrpcService.java:closeImpl(164)) - 5bb6ddff-d9e4-48cd-b3b7-ec149b329306: shutdown server with port 45930 now
2019-09-27 21:18:20,952 [d8b95b00-da60-4d32-b98b-f7948dc8829f@group-B42C5F12EB66-StateMachineUpdater] INFO  impl.StateMachineUpdater (StateMachineUpdater.java:takeSnapshot(258)) - d8b95b00-da60-4d32-b98b-f7948dc8829f@group-B42C5F12EB66-StateMachineUpdater: Took a snapshot at index 14
2019-09-27 21:18:20,952 [d8b95b00-da60-4d32-b98b-f7948dc8829f@group-B42C5F12EB66-StateMachineUpdater] INFO  impl.StateMachineUpdater (StateMachineUpdater.java:lambda$new$0(83)) - d8b95b00-da60-4d32-b98b-f7948dc8829f@group-B42C5F12EB66-StateMachineUpdater: snapshotIndex: updateIncreasingly 14 -> 14
2019-09-27 21:18:20,952 [ForkJoinPool.commonPool-worker-1] INFO  impl.RaftServerImpl (ServerState.java:close(385)) - d8b95b00-da60-4d32-b98b-f7948dc8829f@group-B42C5F12EB66: closes. applyIndex: 16
2019-09-27 21:18:20,953 [main] INFO  server.GrpcService (GrpcService.java:closeImpl(172)) - 5bb6ddff-d9e4-48cd-b3b7-ec149b329306: shutdown server with port 45930 successfully
2019-09-27 21:18:20,953 [d8b95b00-da60-4d32-b98b-f7948dc8829f@group-B42C5F12EB66-SegmentedRaftLogWorker] INFO  segmented.SegmentedRaftLogWorker (SegmentedRaftLogWorker.java:run(313)) - d8b95b00-da60-4d32-b98b-f7948dc8829f@group-B42C5F12EB66-SegmentedRaftLogWorker was interrupted, exiting. There are 0 tasks remaining in the queue.
2019-09-27 21:18:20,954 [ForkJoinPool.commonPool-worker-1] INFO  segmented.SegmentedRaftLogWorker (SegmentedRaftLogWorker.java:close(228)) - d8b95b00-da60-4d32-b98b-f7948dc8829f@group-B42C5F12EB66-SegmentedRaftLogWorker close()
2019-09-27 21:18:20,956 [ForkJoinPool.commonPool-worker-1] INFO  server.GrpcService (GrpcService.java:closeImpl(164)) - d8b95b00-da60-4d32-b98b-f7948dc8829f: shutdown server with port 42452 now
2019-09-27 21:18:20,957 [ForkJoinPool.commonPool-worker-1] INFO  server.GrpcService (GrpcService.java:closeImpl(172)) - d8b95b00-da60-4d32-b98b-f7948dc8829f: shutdown server with port 42452 successfully
2019-09-27 21:18:20,959 [refreshUsed-/workdir/hadoop-ozone/integration-test/target/test-dir/MiniOzoneClusterImpl-117ebbbb-8886-40cd-9900-3c45df34c9b4/datanode-5/data/containers] WARN  fs.CachingGetSpaceUsed (CachingGetSpaceUsed.java:run(183)) - Thread Interrupted waiting to refresh disk information: sleep interrupted
2019-09-27 21:18:20,965 [refreshUsed-/workdir/hadoop-ozone/integration-test/target/test-dir/MiniOzoneClusterImpl-117ebbbb-8886-40cd-9900-3c45df34c9b4/datanode-0/data/containers] WARN  fs.CachingGetSpaceUsed (CachingGetSpaceUsed.java:run(183)) - Thread Interrupted waiting to refresh disk information: sleep interrupted
2019-09-27 21:18:20,980 [main] INFO  utils.BackgroundService (BackgroundService.java:shutdown(148)) - Shutting down service BlockDeletingService
2019-09-27 21:18:20,983 [main] INFO  statemachine.DatanodeStateMachine (DatanodeStateMachine.java:stopDaemon(395)) - Ozone container server stopped.
2019-09-27 21:18:20,984 [main] INFO  handler.ContextHandler (ContextHandler.java:doStop(910)) - Stopped o.e.j.w.WebAppContext@4b3a01d8{/,null,UNAVAILABLE}{/hddsDatanode}
2019-09-27 21:18:20,985 [main] INFO  server.AbstractConnector (AbstractConnector.java:doStop(318)) - Stopped ServerConnector@19fbc594{HTTP/1.1,[http/1.1]}{0.0.0.0:0}
2019-09-27 21:18:20,985 [main] INFO  handler.ContextHandler (ContextHandler.java:doStop(910)) - Stopped o.e.j.s.ServletContextHandler@7b297740{/static,jar:file:/home/user/.m2/repository/org/apache/hadoop/hadoop-hdds-container-service/0.5.0-SNAPSHOT/hadoop-hdds-container-service-0.5.0-SNAPSHOT.jar!/webapps/static,UNAVAILABLE}
2019-09-27 21:18:20,986 [ForkJoinPool.commonPool-worker-1] INFO  utils.BackgroundService (BackgroundService.java:shutdown(148)) - Shutting down service BlockDeletingService
2019-09-27 21:18:20,986 [main] INFO  handler.ContextHandler (ContextHandler.java:doStop(910)) - Stopped o.e.j.s.ServletContextHandler@7a36c83a{/logs,file:///workdir/hadoop-ozone/integration-test/target/log,UNAVAILABLE}
2019-09-27 21:18:20,989 [ForkJoinPool.commonPool-worker-1] INFO  statemachine.DatanodeStateMachine (DatanodeStateMachine.java:stopDaemon(395)) - Ozone container server stopped.
2019-09-27 21:18:20,992 [ForkJoinPool.commonPool-worker-1] INFO  handler.ContextHandler (ContextHandler.java:doStop(910)) - Stopped o.e.j.w.WebAppContext@39d77de9{/,null,UNAVAILABLE}{/hddsDatanode}
2019-09-27 21:18:20,992 [ForkJoinPool.commonPool-worker-1] INFO  server.AbstractConnector (AbstractConnector.java:doStop(318)) - Stopped ServerConnector@696fad31{HTTP/1.1,[http/1.1]}{0.0.0.0:0}
2019-09-27 21:18:20,995 [ForkJoinPool.commonPool-worker-1] INFO  handler.ContextHandler (ContextHandler.java:doStop(910)) - Stopped o.e.j.s.ServletContextHandler@756808cc{/static,jar:file:/home/user/.m2/repository/org/apache/hadoop/hadoop-hdds-container-service/0.5.0-SNAPSHOT/hadoop-hdds-container-service-0.5.0-SNAPSHOT.jar!/webapps/static,UNAVAILABLE}
2019-09-27 21:18:20,995 [ForkJoinPool.commonPool-worker-1] INFO  handler.ContextHandler (ContextHandler.java:doStop(910)) - Stopped o.e.j.s.ServletContextHandler@34a6d9db{/logs,file:///workdir/hadoop-ozone/integration-test/target/log,UNAVAILABLE}
2019-09-27 21:18:20,996 [main] INFO  ozone.MiniOzoneClusterImpl (MiniOzoneClusterImpl.java:stopSCM(392)) - Stopping the StorageContainerManager
2019-09-27 21:18:20,996 [main] INFO  server.StorageContainerManager (StorageContainerManager.java:stop(808)) - Stopping Replication Manager Service.
2019-09-27 21:18:20,997 [main] INFO  container.ReplicationManager (ReplicationManager.java:stop(203)) - Stopping Replication Monitor Thread.
2019-09-27 21:18:20,997 [main] INFO  server.StorageContainerManager (StorageContainerManager.java:stop(815)) - Stopping Lease Manager of the command watchers
2019-09-27 21:18:20,997 [main] INFO  server.StorageContainerManager (StorageContainerManager.java:stop(822)) - Stopping datanode service RPC server
2019-09-27 21:18:20,997 [main] INFO  server.SCMDatanodeProtocolServer (SCMDatanodeProtocolServer.java:stop(367)) - Stopping the RPC server for DataNodes
2019-09-27 21:18:20,997 [main] INFO  ipc.Server (Server.java:stop(3082)) - Stopping server on 35469
2019-09-27 21:18:21,000 [IPC Server listener on 35469] INFO  ipc.Server (Server.java:run(1185)) - Stopping IPC Server listener on 35469
2019-09-27 21:18:21,000 [IPC Server Responder] INFO  ipc.Server (Server.java:run(1319)) - Stopping IPC Server Responder
2019-09-27 21:18:21,058 [SCM Heartbeat Processing Thread - 0] WARN  node.NodeStateManager (NodeStateManager.java:scheduleNextHealthCheck(646)) - Current Thread is interrupted, shutting down HB processing thread for Node Manager.
2019-09-27 21:18:21,058 [main] INFO  server.StorageContainerManager (StorageContainerManager.java:stop(830)) - Stopping block service RPC server
2019-09-27 21:18:21,058 [main] INFO  server.SCMBlockProtocolServer (SCMBlockProtocolServer.java:stop(155)) - Stopping the RPC server for Block Protocol
2019-09-27 21:18:21,058 [main] INFO  ipc.Server (Server.java:stop(3082)) - Stopping server on 43625
2019-09-27 21:18:21,061 [main] INFO  server.StorageContainerManager (StorageContainerManager.java:stop(837)) - Stopping the StorageContainerLocationProtocol RPC server
2019-09-27 21:18:21,061 [IPC Server Responder] INFO  ipc.Server (Server.java:run(1319)) - Stopping IPC Server Responder
2019-09-27 21:18:21,061 [IPC Server listener on 43625] INFO  ipc.Server (Server.java:run(1185)) - Stopping IPC Server listener on 43625
2019-09-27 21:18:21,061 [main] INFO  server.SCMClientProtocolServer (SCMClientProtocolServer.java:stop(158)) - Stopping the RPC server for Client Protocol
2019-09-27 21:18:21,062 [main] INFO  ipc.Server (Server.java:stop(3082)) - Stopping server on 35107
2019-09-27 21:18:21,064 [IPC Server listener on 35107] INFO  ipc.Server (Server.java:run(1185)) - Stopping IPC Server listener on 35107
2019-09-27 21:18:21,064 [main] INFO  server.StorageContainerManager (StorageContainerManager.java:stop(844)) - Stopping Storage Container Manager HTTP server.
2019-09-27 21:18:21,064 [IPC Server Responder] INFO  ipc.Server (Server.java:run(1319)) - Stopping IPC Server Responder
2019-09-27 21:18:21,068 [main] INFO  handler.ContextHandler (ContextHandler.java:doStop(910)) - Stopped o.e.j.w.WebAppContext@53314f76{/,null,UNAVAILABLE}{/scm}
2019-09-27 21:18:21,068 [main] INFO  server.AbstractConnector (AbstractConnector.java:doStop(318)) - Stopped ServerConnector@62a6674f{HTTP/1.1,[http/1.1]}{0.0.0.0:0}
2019-09-27 21:18:21,069 [main] INFO  handler.ContextHandler (ContextHandler.java:doStop(910)) - Stopped o.e.j.s.ServletContextHandler@4ce25e47{/static,file:///workdir/hadoop-ozone/integration-test/target/test-classes/webapps/static,UNAVAILABLE}
2019-09-27 21:18:21,069 [main] INFO  handler.ContextHandler (ContextHandler.java:doStop(910)) - Stopped o.e.j.s.ServletContextHandler@6de7778f{/logs,file:///workdir/hadoop-ozone/integration-test/target/log,UNAVAILABLE}
2019-09-27 21:18:21,070 [main] INFO  server.StorageContainerManager (StorageContainerManager.java:stop(855)) - Stopping Block Manager Service.
2019-09-27 21:18:21,070 [main] INFO  utils.BackgroundService (BackgroundService.java:shutdown(148)) - Shutting down service SCMBlockDeletingService
2019-09-27 21:18:21,070 [main] INFO  utils.BackgroundService (BackgroundService.java:shutdown(148)) - Shutting down service SCMBlockDeletingService
2019-09-27 21:18:21,071 [main] INFO  server.StorageContainerManager (StorageContainerManager.java:stop(877)) - Stopping SCM Event Queue.
2019-09-27 21:18:21,076 [main] INFO  impl.MetricsSystemImpl (MetricsSystemImpl.java:stop(210)) - Stopping HddsDatanode metrics system...
2019-09-27 21:18:21,091 [main] INFO  impl.MetricsSystemImpl (MetricsSystemImpl.java:stop(216)) - HddsDatanode metrics system stopped.
]]></system-out>
    <system-err><![CDATA[Sep 27, 2019 9:18:03 PM org.apache.ratis.thirdparty.io.grpc.internal.ManagedChannelOrphanWrapper$ManagedChannelReference cleanQueue
SEVERE: *~*~*~ Channel ManagedChannelImpl{logId=2826, target=192.168.164.218:46136} was not shutdown properly!!! ~*~*~*
    Make sure to call shutdown()/shutdownNow() and wait until awaitTermination() returns true.
java.lang.RuntimeException: ManagedChannel allocation site
	at org.apache.ratis.thirdparty.io.grpc.internal.ManagedChannelOrphanWrapper$ManagedChannelReference.<init>(ManagedChannelOrphanWrapper.java:103)
	at org.apache.ratis.thirdparty.io.grpc.internal.ManagedChannelOrphanWrapper.<init>(ManagedChannelOrphanWrapper.java:53)
	at org.apache.ratis.thirdparty.io.grpc.internal.ManagedChannelOrphanWrapper.<init>(ManagedChannelOrphanWrapper.java:44)
	at org.apache.ratis.thirdparty.io.grpc.internal.AbstractManagedChannelImplBuilder.build(AbstractManagedChannelImplBuilder.java:411)
	at org.apache.hadoop.hdds.scm.XceiverClientGrpc.connectToDatanode(XceiverClientGrpc.java:181)
	at org.apache.hadoop.hdds.scm.XceiverClientGrpc.reconnect(XceiverClientGrpc.java:429)
	at org.apache.hadoop.hdds.scm.XceiverClientGrpc.sendCommandAsync(XceiverClientGrpc.java:378)
	at org.apache.hadoop.hdds.scm.XceiverClientGrpc.sendCommandWithRetry(XceiverClientGrpc.java:291)
	at org.apache.hadoop.hdds.scm.XceiverClientGrpc.sendCommandWithTraceIDAndRetry(XceiverClientGrpc.java:257)
	at org.apache.hadoop.hdds.scm.XceiverClientGrpc.sendCommand(XceiverClientGrpc.java:240)
	at org.apache.hadoop.hdds.scm.storage.ContainerProtocolCalls.getBlock(ContainerProtocolCalls.java:118)
	at org.apache.hadoop.hdds.scm.storage.BlockInputStream.getChunkInfos(BlockInputStream.java:167)
	at org.apache.hadoop.hdds.scm.storage.BlockInputStream.initialize(BlockInputStream.java:118)
	at org.apache.hadoop.hdds.scm.storage.BlockInputStream.read(BlockInputStream.java:222)
	at org.apache.hadoop.ozone.client.io.KeyInputStream.read(KeyInputStream.java:171)
	at org.apache.hadoop.ozone.client.io.OzoneInputStream.read(OzoneInputStream.java:47)
	at java.io.InputStream.read(InputStream.java:101)
	at org.apache.hadoop.ozone.container.ContainerTestHelper.validateData(ContainerTestHelper.java:714)
	at org.apache.hadoop.ozone.client.rpc.TestBlockOutputStreamWithFailures.validateData(TestBlockOutputStreamWithFailures.java:1216)
	at org.apache.hadoop.ozone.client.rpc.TestBlockOutputStreamWithFailures.testWatchForCommitWithSingleNodeRatis(TestBlockOutputStreamWithFailures.java:918)
	at sun.reflect.NativeMethodAccessorImpl.invoke0(Native Method)
	at sun.reflect.NativeMethodAccessorImpl.invoke(NativeMethodAccessorImpl.java:62)
	at sun.reflect.DelegatingMethodAccessorImpl.invoke(DelegatingMethodAccessorImpl.java:43)
	at java.lang.reflect.Method.invoke(Method.java:498)
	at org.junit.runners.model.FrameworkMethod$1.runReflectiveCall(FrameworkMethod.java:47)
	at org.junit.internal.runners.model.ReflectiveCallable.run(ReflectiveCallable.java:12)
	at org.junit.runners.model.FrameworkMethod.invokeExplosively(FrameworkMethod.java:44)
	at org.junit.internal.runners.statements.InvokeMethod.evaluate(InvokeMethod.java:17)
	at org.junit.internal.runners.statements.RunBefores.evaluate(RunBefores.java:26)
	at org.junit.internal.runners.statements.RunAfters.evaluate(RunAfters.java:27)
	at org.junit.runners.ParentRunner.runLeaf(ParentRunner.java:271)
	at org.junit.runners.BlockJUnit4ClassRunner.runChild(BlockJUnit4ClassRunner.java:70)
	at org.junit.runners.BlockJUnit4ClassRunner.runChild(BlockJUnit4ClassRunner.java:50)
	at org.junit.runners.ParentRunner$3.run(ParentRunner.java:238)
	at org.junit.runners.ParentRunner$1.schedule(ParentRunner.java:63)
	at org.junit.runners.ParentRunner.runChildren(ParentRunner.java:236)
	at org.junit.runners.ParentRunner.access$000(ParentRunner.java:53)
	at org.junit.runners.ParentRunner$2.evaluate(ParentRunner.java:229)
	at org.junit.runners.ParentRunner.run(ParentRunner.java:309)
	at org.apache.maven.surefire.junit4.JUnit4Provider.execute(JUnit4Provider.java:365)
	at org.apache.maven.surefire.junit4.JUnit4Provider.executeWithRerun(JUnit4Provider.java:273)
	at org.apache.maven.surefire.junit4.JUnit4Provider.executeTestSet(JUnit4Provider.java:238)
	at org.apache.maven.surefire.junit4.JUnit4Provider.invoke(JUnit4Provider.java:159)
	at org.apache.maven.surefire.booter.ForkedBooter.invokeProviderInSameClassLoader(ForkedBooter.java:384)
	at org.apache.maven.surefire.booter.ForkedBooter.runSuitesInProcess(ForkedBooter.java:345)
	at org.apache.maven.surefire.booter.ForkedBooter.execute(ForkedBooter.java:126)
	at org.apache.maven.surefire.booter.ForkedBooter.main(ForkedBooter.java:418)

Sep 27, 2019 9:18:03 PM org.apache.ratis.thirdparty.io.grpc.internal.ManagedChannelOrphanWrapper$ManagedChannelReference cleanQueue
SEVERE: *~*~*~ Channel ManagedChannelImpl{logId=2617, target=192.168.164.218:44014} was not shutdown properly!!! ~*~*~*
    Make sure to call shutdown()/shutdownNow() and wait until awaitTermination() returns true.
java.lang.RuntimeException: ManagedChannel allocation site
	at org.apache.ratis.thirdparty.io.grpc.internal.ManagedChannelOrphanWrapper$ManagedChannelReference.<init>(ManagedChannelOrphanWrapper.java:103)
	at org.apache.ratis.thirdparty.io.grpc.internal.ManagedChannelOrphanWrapper.<init>(ManagedChannelOrphanWrapper.java:53)
	at org.apache.ratis.thirdparty.io.grpc.internal.ManagedChannelOrphanWrapper.<init>(ManagedChannelOrphanWrapper.java:44)
	at org.apache.ratis.thirdparty.io.grpc.internal.AbstractManagedChannelImplBuilder.build(AbstractManagedChannelImplBuilder.java:411)
	at org.apache.hadoop.hdds.scm.XceiverClientGrpc.connectToDatanode(XceiverClientGrpc.java:181)
	at org.apache.hadoop.hdds.scm.XceiverClientGrpc.reconnect(XceiverClientGrpc.java:429)
	at org.apache.hadoop.hdds.scm.XceiverClientGrpc.sendCommandAsync(XceiverClientGrpc.java:378)
	at org.apache.hadoop.hdds.scm.XceiverClientGrpc.sendCommandWithRetry(XceiverClientGrpc.java:291)
	at org.apache.hadoop.hdds.scm.XceiverClientGrpc.sendCommandWithTraceIDAndRetry(XceiverClientGrpc.java:257)
	at org.apache.hadoop.hdds.scm.XceiverClientGrpc.sendCommand(XceiverClientGrpc.java:240)
	at org.apache.hadoop.hdds.scm.storage.ContainerProtocolCalls.getBlock(ContainerProtocolCalls.java:118)
	at org.apache.hadoop.hdds.scm.storage.BlockInputStream.getChunkInfos(BlockInputStream.java:167)
	at org.apache.hadoop.hdds.scm.storage.BlockInputStream.initialize(BlockInputStream.java:118)
	at org.apache.hadoop.hdds.scm.storage.BlockInputStream.read(BlockInputStream.java:222)
	at org.apache.hadoop.ozone.client.io.KeyInputStream.read(KeyInputStream.java:171)
	at org.apache.hadoop.ozone.client.io.OzoneInputStream.read(OzoneInputStream.java:47)
	at java.io.InputStream.read(InputStream.java:101)
	at org.apache.hadoop.ozone.container.ContainerTestHelper.validateData(ContainerTestHelper.java:714)
	at org.apache.hadoop.ozone.client.rpc.TestBlockOutputStreamWithFailures.validateData(TestBlockOutputStreamWithFailures.java:1216)
	at org.apache.hadoop.ozone.client.rpc.TestBlockOutputStreamWithFailures.testDatanodeFailureWithSingleNodeRatis(TestBlockOutputStreamWithFailures.java:1058)
	at sun.reflect.NativeMethodAccessorImpl.invoke0(Native Method)
	at sun.reflect.NativeMethodAccessorImpl.invoke(NativeMethodAccessorImpl.java:62)
	at sun.reflect.DelegatingMethodAccessorImpl.invoke(DelegatingMethodAccessorImpl.java:43)
	at java.lang.reflect.Method.invoke(Method.java:498)
	at org.junit.runners.model.FrameworkMethod$1.runReflectiveCall(FrameworkMethod.java:47)
	at org.junit.internal.runners.model.ReflectiveCallable.run(ReflectiveCallable.java:12)
	at org.junit.runners.model.FrameworkMethod.invokeExplosively(FrameworkMethod.java:44)
	at org.junit.internal.runners.statements.InvokeMethod.evaluate(InvokeMethod.java:17)
	at org.junit.internal.runners.statements.RunBefores.evaluate(RunBefores.java:26)
	at org.junit.internal.runners.statements.RunAfters.evaluate(RunAfters.java:27)
	at org.junit.runners.ParentRunner.runLeaf(ParentRunner.java:271)
	at org.junit.runners.BlockJUnit4ClassRunner.runChild(BlockJUnit4ClassRunner.java:70)
	at org.junit.runners.BlockJUnit4ClassRunner.runChild(BlockJUnit4ClassRunner.java:50)
	at org.junit.runners.ParentRunner$3.run(ParentRunner.java:238)
	at org.junit.runners.ParentRunner$1.schedule(ParentRunner.java:63)
	at org.junit.runners.ParentRunner.runChildren(ParentRunner.java:236)
	at org.junit.runners.ParentRunner.access$000(ParentRunner.java:53)
	at org.junit.runners.ParentRunner$2.evaluate(ParentRunner.java:229)
	at org.junit.runners.ParentRunner.run(ParentRunner.java:309)
	at org.apache.maven.surefire.junit4.JUnit4Provider.execute(JUnit4Provider.java:365)
	at org.apache.maven.surefire.junit4.JUnit4Provider.executeWithRerun(JUnit4Provider.java:273)
	at org.apache.maven.surefire.junit4.JUnit4Provider.executeTestSet(JUnit4Provider.java:238)
	at org.apache.maven.surefire.junit4.JUnit4Provider.invoke(JUnit4Provider.java:159)
	at org.apache.maven.surefire.booter.ForkedBooter.invokeProviderInSameClassLoader(ForkedBooter.java:384)
	at org.apache.maven.surefire.booter.ForkedBooter.runSuitesInProcess(ForkedBooter.java:345)
	at org.apache.maven.surefire.booter.ForkedBooter.execute(ForkedBooter.java:126)
	at org.apache.maven.surefire.booter.ForkedBooter.main(ForkedBooter.java:418)

Sep 27, 2019 9:18:03 PM org.apache.ratis.thirdparty.io.grpc.internal.ManagedChannelOrphanWrapper$ManagedChannelReference cleanQueue
SEVERE: *~*~*~ Channel ManagedChannelImpl{logId=2612, target=192.168.164.218:43610} was not shutdown properly!!! ~*~*~*
    Make sure to call shutdown()/shutdownNow() and wait until awaitTermination() returns true.
java.lang.RuntimeException: ManagedChannel allocation site
	at org.apache.ratis.thirdparty.io.grpc.internal.ManagedChannelOrphanWrapper$ManagedChannelReference.<init>(ManagedChannelOrphanWrapper.java:103)
	at org.apache.ratis.thirdparty.io.grpc.internal.ManagedChannelOrphanWrapper.<init>(ManagedChannelOrphanWrapper.java:53)
	at org.apache.ratis.thirdparty.io.grpc.internal.ManagedChannelOrphanWrapper.<init>(ManagedChannelOrphanWrapper.java:44)
	at org.apache.ratis.thirdparty.io.grpc.internal.AbstractManagedChannelImplBuilder.build(AbstractManagedChannelImplBuilder.java:411)
	at org.apache.hadoop.hdds.scm.XceiverClientGrpc.connectToDatanode(XceiverClientGrpc.java:181)
	at org.apache.hadoop.hdds.scm.XceiverClientGrpc.reconnect(XceiverClientGrpc.java:429)
	at org.apache.hadoop.hdds.scm.XceiverClientGrpc.sendCommandAsync(XceiverClientGrpc.java:378)
	at org.apache.hadoop.hdds.scm.XceiverClientGrpc.sendCommandWithRetry(XceiverClientGrpc.java:291)
	at org.apache.hadoop.hdds.scm.XceiverClientGrpc.sendCommandWithTraceIDAndRetry(XceiverClientGrpc.java:257)
	at org.apache.hadoop.hdds.scm.XceiverClientGrpc.sendCommand(XceiverClientGrpc.java:240)
	at org.apache.hadoop.hdds.scm.storage.ContainerProtocolCalls.getBlock(ContainerProtocolCalls.java:118)
	at org.apache.hadoop.hdds.scm.storage.BlockInputStream.getChunkInfos(BlockInputStream.java:167)
	at org.apache.hadoop.hdds.scm.storage.BlockInputStream.initialize(BlockInputStream.java:118)
	at org.apache.hadoop.hdds.scm.storage.BlockInputStream.read(BlockInputStream.java:222)
	at org.apache.hadoop.ozone.client.io.KeyInputStream.read(KeyInputStream.java:171)
	at org.apache.hadoop.ozone.client.io.OzoneInputStream.read(OzoneInputStream.java:47)
	at java.io.InputStream.read(InputStream.java:101)
	at org.apache.hadoop.ozone.container.ContainerTestHelper.validateData(ContainerTestHelper.java:714)
	at org.apache.hadoop.ozone.client.rpc.TestBlockOutputStreamWithFailures.validateData(TestBlockOutputStreamWithFailures.java:1216)
	at org.apache.hadoop.ozone.client.rpc.TestBlockOutputStreamWithFailures.testDatanodeFailureWithSingleNodeRatis(TestBlockOutputStreamWithFailures.java:1058)
	at sun.reflect.NativeMethodAccessorImpl.invoke0(Native Method)
	at sun.reflect.NativeMethodAccessorImpl.invoke(NativeMethodAccessorImpl.java:62)
	at sun.reflect.DelegatingMethodAccessorImpl.invoke(DelegatingMethodAccessorImpl.java:43)
	at java.lang.reflect.Method.invoke(Method.java:498)
	at org.junit.runners.model.FrameworkMethod$1.runReflectiveCall(FrameworkMethod.java:47)
	at org.junit.internal.runners.model.ReflectiveCallable.run(ReflectiveCallable.java:12)
	at org.junit.runners.model.FrameworkMethod.invokeExplosively(FrameworkMethod.java:44)
	at org.junit.internal.runners.statements.InvokeMethod.evaluate(InvokeMethod.java:17)
	at org.junit.internal.runners.statements.RunBefores.evaluate(RunBefores.java:26)
	at org.junit.internal.runners.statements.RunAfters.evaluate(RunAfters.java:27)
	at org.junit.runners.ParentRunner.runLeaf(ParentRunner.java:271)
	at org.junit.runners.BlockJUnit4ClassRunner.runChild(BlockJUnit4ClassRunner.java:70)
	at org.junit.runners.BlockJUnit4ClassRunner.runChild(BlockJUnit4ClassRunner.java:50)
	at org.junit.runners.ParentRunner$3.run(ParentRunner.java:238)
	at org.junit.runners.ParentRunner$1.schedule(ParentRunner.java:63)
	at org.junit.runners.ParentRunner.runChildren(ParentRunner.java:236)
	at org.junit.runners.ParentRunner.access$000(ParentRunner.java:53)
	at org.junit.runners.ParentRunner$2.evaluate(ParentRunner.java:229)
	at org.junit.runners.ParentRunner.run(ParentRunner.java:309)
	at org.apache.maven.surefire.junit4.JUnit4Provider.execute(JUnit4Provider.java:365)
	at org.apache.maven.surefire.junit4.JUnit4Provider.executeWithRerun(JUnit4Provider.java:273)
	at org.apache.maven.surefire.junit4.JUnit4Provider.executeTestSet(JUnit4Provider.java:238)
	at org.apache.maven.surefire.junit4.JUnit4Provider.invoke(JUnit4Provider.java:159)
	at org.apache.maven.surefire.booter.ForkedBooter.invokeProviderInSameClassLoader(ForkedBooter.java:384)
	at org.apache.maven.surefire.booter.ForkedBooter.runSuitesInProcess(ForkedBooter.java:345)
	at org.apache.maven.surefire.booter.ForkedBooter.execute(ForkedBooter.java:126)
	at org.apache.maven.surefire.booter.ForkedBooter.main(ForkedBooter.java:418)

Sep 27, 2019 9:18:03 PM org.apache.ratis.thirdparty.io.grpc.internal.ManagedChannelOrphanWrapper$ManagedChannelReference cleanQueue
SEVERE: *~*~*~ Channel ManagedChannelImpl{logId=2821, target=192.168.164.218:36806} was not shutdown properly!!! ~*~*~*
    Make sure to call shutdown()/shutdownNow() and wait until awaitTermination() returns true.
java.lang.RuntimeException: ManagedChannel allocation site
	at org.apache.ratis.thirdparty.io.grpc.internal.ManagedChannelOrphanWrapper$ManagedChannelReference.<init>(ManagedChannelOrphanWrapper.java:103)
	at org.apache.ratis.thirdparty.io.grpc.internal.ManagedChannelOrphanWrapper.<init>(ManagedChannelOrphanWrapper.java:53)
	at org.apache.ratis.thirdparty.io.grpc.internal.ManagedChannelOrphanWrapper.<init>(ManagedChannelOrphanWrapper.java:44)
	at org.apache.ratis.thirdparty.io.grpc.internal.AbstractManagedChannelImplBuilder.build(AbstractManagedChannelImplBuilder.java:411)
	at org.apache.ratis.grpc.client.GrpcClientProtocolClient.<init>(GrpcClientProtocolClient.java:127)
	at org.apache.ratis.grpc.client.GrpcClientRpc.lambda$new$0(GrpcClientRpc.java:55)
	at org.apache.ratis.util.PeerProxyMap$PeerAndProxy.lambda$getProxy$0(PeerProxyMap.java:61)
	at org.apache.ratis.util.LifeCycle.startAndTransition(LifeCycle.java:202)
	at org.apache.ratis.util.PeerProxyMap$PeerAndProxy.getProxy(PeerProxyMap.java:60)
	at org.apache.ratis.util.PeerProxyMap.getProxy(PeerProxyMap.java:108)
	at org.apache.ratis.grpc.client.GrpcClientRpc.sendRequestAsync(GrpcClientRpc.java:66)
	at org.apache.ratis.client.impl.OrderedAsync.sendRequest(OrderedAsync.java:208)
	at org.apache.ratis.client.impl.OrderedAsync.sendRequestWithRetry(OrderedAsync.java:169)
	at org.apache.ratis.util.SlidingWindow$Client.sendOrDelayRequest(SlidingWindow.java:278)
	at org.apache.ratis.util.SlidingWindow$Client.submitNewRequest(SlidingWindow.java:257)
	at org.apache.ratis.client.impl.OrderedAsync.send(OrderedAsync.java:155)
	at org.apache.ratis.client.impl.RaftClientImpl.sendAsync(RaftClientImpl.java:144)
	at org.apache.ratis.client.impl.RaftClientImpl.sendAsync(RaftClientImpl.java:124)
	at org.apache.hadoop.hdds.scm.XceiverClientRatis.sendRequestAsync(XceiverClientRatis.java:234)
	at org.apache.hadoop.hdds.scm.XceiverClientRatis.sendCommandAsync(XceiverClientRatis.java:332)
	at org.apache.hadoop.hdds.scm.storage.ContainerProtocolCalls.writeChunkAsync(ContainerProtocolCalls.java:310)
	at org.apache.hadoop.hdds.scm.storage.BlockOutputStream.writeChunkToContainer(BlockOutputStream.java:601)
	at org.apache.hadoop.hdds.scm.storage.BlockOutputStream.writeChunk(BlockOutputStream.java:459)
	at org.apache.hadoop.hdds.scm.storage.BlockOutputStream.writeOnRetry(BlockOutputStream.java:285)
	at org.apache.hadoop.ozone.client.io.BlockOutputStreamEntry.writeOnRetry(BlockOutputStreamEntry.java:200)
	at org.apache.hadoop.ozone.client.io.KeyOutputStream.handleWrite(KeyOutputStream.java:206)
	at org.apache.hadoop.ozone.client.io.KeyOutputStream.handleRetry(KeyOutputStream.java:375)
	at org.apache.hadoop.ozone.client.io.KeyOutputStream.handleException(KeyOutputStream.java:324)
	at org.apache.hadoop.ozone.client.io.KeyOutputStream.handleFlushOrClose(KeyOutputStream.java:449)
	at org.apache.hadoop.ozone.client.io.KeyOutputStream.handleWrite(KeyOutputStream.java:232)
	at org.apache.hadoop.ozone.client.io.KeyOutputStream.write(KeyOutputStream.java:190)
	at org.apache.hadoop.ozone.client.io.OzoneOutputStream.write(OzoneOutputStream.java:49)
	at java.io.OutputStream.write(OutputStream.java:75)
	at org.apache.hadoop.ozone.client.rpc.TestBlockOutputStreamWithFailures.testWatchForCommitWithSingleNodeRatis(TestBlockOutputStreamWithFailures.java:885)
	at sun.reflect.NativeMethodAccessorImpl.invoke0(Native Method)
	at sun.reflect.NativeMethodAccessorImpl.invoke(NativeMethodAccessorImpl.java:62)
	at sun.reflect.DelegatingMethodAccessorImpl.invoke(DelegatingMethodAccessorImpl.java:43)
	at java.lang.reflect.Method.invoke(Method.java:498)
	at org.junit.runners.model.FrameworkMethod$1.runReflectiveCall(FrameworkMethod.java:47)
	at org.junit.internal.runners.model.ReflectiveCallable.run(ReflectiveCallable.java:12)
	at org.junit.runners.model.FrameworkMethod.invokeExplosively(FrameworkMethod.java:44)
	at org.junit.internal.runners.statements.InvokeMethod.evaluate(InvokeMethod.java:17)
	at org.junit.internal.runners.statements.RunBefores.evaluate(RunBefores.java:26)
	at org.junit.internal.runners.statements.RunAfters.evaluate(RunAfters.java:27)
	at org.junit.runners.ParentRunner.runLeaf(ParentRunner.java:271)
	at org.junit.runners.BlockJUnit4ClassRunner.runChild(BlockJUnit4ClassRunner.java:70)
	at org.junit.runners.BlockJUnit4ClassRunner.runChild(BlockJUnit4ClassRunner.java:50)
	at org.junit.runners.ParentRunner$3.run(ParentRunner.java:238)
	at org.junit.runners.ParentRunner$1.schedule(ParentRunner.java:63)
	at org.junit.runners.ParentRunner.runChildren(ParentRunner.java:236)
	at org.junit.runners.ParentRunner.access$000(ParentRunner.java:53)
	at org.junit.runners.ParentRunner$2.evaluate(ParentRunner.java:229)
	at org.junit.runners.ParentRunner.run(ParentRunner.java:309)
	at org.apache.maven.surefire.junit4.JUnit4Provider.execute(JUnit4Provider.java:365)
	at org.apache.maven.surefire.junit4.JUnit4Provider.executeWithRerun(JUnit4Provider.java:273)
	at org.apache.maven.surefire.junit4.JUnit4Provider.executeTestSet(JUnit4Provider.java:238)
	at org.apache.maven.surefire.junit4.JUnit4Provider.invoke(JUnit4Provider.java:159)
	at org.apache.maven.surefire.booter.ForkedBooter.invokeProviderInSameClassLoader(ForkedBooter.java:384)
	at org.apache.maven.surefire.booter.ForkedBooter.runSuitesInProcess(ForkedBooter.java:345)
	at org.apache.maven.surefire.booter.ForkedBooter.execute(ForkedBooter.java:126)
	at org.apache.maven.surefire.booter.ForkedBooter.main(ForkedBooter.java:418)

Sep 27, 2019 9:18:03 PM org.apache.ratis.thirdparty.io.grpc.internal.ManagedChannelOrphanWrapper$ManagedChannelReference cleanQueue
SEVERE: *~*~*~ Channel ManagedChannelImpl{logId=2588, target=192.168.164.218:44044} was not shutdown properly!!! ~*~*~*
    Make sure to call shutdown()/shutdownNow() and wait until awaitTermination() returns true.
java.lang.RuntimeException: ManagedChannel allocation site
	at org.apache.ratis.thirdparty.io.grpc.internal.ManagedChannelOrphanWrapper$ManagedChannelReference.<init>(ManagedChannelOrphanWrapper.java:103)
	at org.apache.ratis.thirdparty.io.grpc.internal.ManagedChannelOrphanWrapper.<init>(ManagedChannelOrphanWrapper.java:53)
	at org.apache.ratis.thirdparty.io.grpc.internal.ManagedChannelOrphanWrapper.<init>(ManagedChannelOrphanWrapper.java:44)
	at org.apache.ratis.thirdparty.io.grpc.internal.AbstractManagedChannelImplBuilder.build(AbstractManagedChannelImplBuilder.java:411)
	at org.apache.ratis.grpc.client.GrpcClientProtocolClient.<init>(GrpcClientProtocolClient.java:127)
	at org.apache.ratis.grpc.client.GrpcClientRpc.lambda$new$0(GrpcClientRpc.java:55)
	at org.apache.ratis.util.PeerProxyMap$PeerAndProxy.lambda$getProxy$0(PeerProxyMap.java:61)
	at org.apache.ratis.util.LifeCycle.startAndTransition(LifeCycle.java:202)
	at org.apache.ratis.util.PeerProxyMap$PeerAndProxy.getProxy(PeerProxyMap.java:60)
	at org.apache.ratis.util.PeerProxyMap.getProxy(PeerProxyMap.java:108)
	at org.apache.ratis.grpc.client.GrpcClientRpc.sendRequestAsync(GrpcClientRpc.java:66)
	at org.apache.ratis.client.impl.OrderedAsync.sendRequest(OrderedAsync.java:208)
	at org.apache.ratis.client.impl.OrderedAsync.sendRequestWithRetry(OrderedAsync.java:169)
	at org.apache.ratis.util.SlidingWindow$Client.sendOrDelayRequest(SlidingWindow.java:278)
	at org.apache.ratis.util.SlidingWindow$Client.submitNewRequest(SlidingWindow.java:257)
	at org.apache.ratis.client.impl.OrderedAsync.send(OrderedAsync.java:155)
	at org.apache.ratis.client.impl.RaftClientImpl.sendAsync(RaftClientImpl.java:144)
	at org.apache.ratis.client.impl.RaftClientImpl.sendAsync(RaftClientImpl.java:124)
	at org.apache.hadoop.hdds.scm.XceiverClientRatis.sendRequestAsync(XceiverClientRatis.java:234)
	at org.apache.hadoop.hdds.scm.XceiverClientRatis.sendCommandAsync(XceiverClientRatis.java:332)
	at org.apache.hadoop.hdds.scm.storage.ContainerProtocolCalls.writeChunkAsync(ContainerProtocolCalls.java:310)
	at org.apache.hadoop.hdds.scm.storage.BlockOutputStream.writeChunkToContainer(BlockOutputStream.java:601)
	at org.apache.hadoop.hdds.scm.storage.BlockOutputStream.writeChunk(BlockOutputStream.java:459)
	at org.apache.hadoop.hdds.scm.storage.BlockOutputStream.writeOnRetry(BlockOutputStream.java:285)
	at org.apache.hadoop.ozone.client.io.BlockOutputStreamEntry.writeOnRetry(BlockOutputStreamEntry.java:200)
	at org.apache.hadoop.ozone.client.io.KeyOutputStream.handleWrite(KeyOutputStream.java:206)
	at org.apache.hadoop.ozone.client.io.KeyOutputStream.handleRetry(KeyOutputStream.java:375)
	at org.apache.hadoop.ozone.client.io.KeyOutputStream.handleException(KeyOutputStream.java:324)
	at org.apache.hadoop.ozone.client.io.KeyOutputStream.handleFlushOrClose(KeyOutputStream.java:449)
	at org.apache.hadoop.ozone.client.io.KeyOutputStream.handleWrite(KeyOutputStream.java:232)
	at org.apache.hadoop.ozone.client.io.KeyOutputStream.write(KeyOutputStream.java:190)
	at org.apache.hadoop.ozone.client.io.OzoneOutputStream.write(OzoneOutputStream.java:49)
	at java.io.OutputStream.write(OutputStream.java:75)
	at org.apache.hadoop.ozone.client.rpc.TestBlockOutputStreamWithFailures.testDatanodeFailureWithSingleNodeRatis(TestBlockOutputStreamWithFailures.java:1021)
	at sun.reflect.NativeMethodAccessorImpl.invoke0(Native Method)
	at sun.reflect.NativeMethodAccessorImpl.invoke(NativeMethodAccessorImpl.java:62)
	at sun.reflect.DelegatingMethodAccessorImpl.invoke(DelegatingMethodAccessorImpl.java:43)
	at java.lang.reflect.Method.invoke(Method.java:498)
	at org.junit.runners.model.FrameworkMethod$1.runReflectiveCall(FrameworkMethod.java:47)
	at org.junit.internal.runners.model.ReflectiveCallable.run(ReflectiveCallable.java:12)
	at org.junit.runners.model.FrameworkMethod.invokeExplosively(FrameworkMethod.java:44)
	at org.junit.internal.runners.statements.InvokeMethod.evaluate(InvokeMethod.java:17)
	at org.junit.internal.runners.statements.RunBefores.evaluate(RunBefores.java:26)
	at org.junit.internal.runners.statements.RunAfters.evaluate(RunAfters.java:27)
	at org.junit.runners.ParentRunner.runLeaf(ParentRunner.java:271)
	at org.junit.runners.BlockJUnit4ClassRunner.runChild(BlockJUnit4ClassRunner.java:70)
	at org.junit.runners.BlockJUnit4ClassRunner.runChild(BlockJUnit4ClassRunner.java:50)
	at org.junit.runners.ParentRunner$3.run(ParentRunner.java:238)
	at org.junit.runners.ParentRunner$1.schedule(ParentRunner.java:63)
	at org.junit.runners.ParentRunner.runChildren(ParentRunner.java:236)
	at org.junit.runners.ParentRunner.access$000(ParentRunner.java:53)
	at org.junit.runners.ParentRunner$2.evaluate(ParentRunner.java:229)
	at org.junit.runners.ParentRunner.run(ParentRunner.java:309)
	at org.apache.maven.surefire.junit4.JUnit4Provider.execute(JUnit4Provider.java:365)
	at org.apache.maven.surefire.junit4.JUnit4Provider.executeWithRerun(JUnit4Provider.java:273)
	at org.apache.maven.surefire.junit4.JUnit4Provider.executeTestSet(JUnit4Provider.java:238)
	at org.apache.maven.surefire.junit4.JUnit4Provider.invoke(JUnit4Provider.java:159)
	at org.apache.maven.surefire.booter.ForkedBooter.invokeProviderInSameClassLoader(ForkedBooter.java:384)
	at org.apache.maven.surefire.booter.ForkedBooter.runSuitesInProcess(ForkedBooter.java:345)
	at org.apache.maven.surefire.booter.ForkedBooter.execute(ForkedBooter.java:126)
	at org.apache.maven.surefire.booter.ForkedBooter.main(ForkedBooter.java:418)

Sep 27, 2019 9:18:03 PM org.apache.ratis.thirdparty.io.grpc.internal.ManagedChannelOrphanWrapper$ManagedChannelReference cleanQueue
SEVERE: *~*~*~ Channel ManagedChannelImpl{logId=2816, target=192.168.164.218:34323} was not shutdown properly!!! ~*~*~*
    Make sure to call shutdown()/shutdownNow() and wait until awaitTermination() returns true.
java.lang.RuntimeException: ManagedChannel allocation site
	at org.apache.ratis.thirdparty.io.grpc.internal.ManagedChannelOrphanWrapper$ManagedChannelReference.<init>(ManagedChannelOrphanWrapper.java:103)
	at org.apache.ratis.thirdparty.io.grpc.internal.ManagedChannelOrphanWrapper.<init>(ManagedChannelOrphanWrapper.java:53)
	at org.apache.ratis.thirdparty.io.grpc.internal.ManagedChannelOrphanWrapper.<init>(ManagedChannelOrphanWrapper.java:44)
	at org.apache.ratis.thirdparty.io.grpc.internal.AbstractManagedChannelImplBuilder.build(AbstractManagedChannelImplBuilder.java:411)
	at org.apache.ratis.grpc.client.GrpcClientProtocolClient.<init>(GrpcClientProtocolClient.java:127)
	at org.apache.ratis.grpc.client.GrpcClientRpc.lambda$new$0(GrpcClientRpc.java:55)
	at org.apache.ratis.util.PeerProxyMap$PeerAndProxy.lambda$getProxy$0(PeerProxyMap.java:61)
	at org.apache.ratis.util.LifeCycle.startAndTransition(LifeCycle.java:202)
	at org.apache.ratis.util.PeerProxyMap$PeerAndProxy.getProxy(PeerProxyMap.java:60)
	at org.apache.ratis.util.PeerProxyMap.getProxy(PeerProxyMap.java:108)
	at org.apache.ratis.grpc.client.GrpcClientRpc.sendRequestAsync(GrpcClientRpc.java:66)
	at org.apache.ratis.client.impl.OrderedAsync.sendRequest(OrderedAsync.java:208)
	at org.apache.ratis.client.impl.OrderedAsync.sendRequestWithRetry(OrderedAsync.java:169)
	at org.apache.ratis.util.SlidingWindow$Client.sendOrDelayRequest(SlidingWindow.java:278)
	at org.apache.ratis.util.SlidingWindow$Client.retry(SlidingWindow.java:294)
	at org.apache.ratis.client.impl.OrderedAsync.lambda$scheduleWithTimeout$7(OrderedAsync.java:195)
	at org.apache.ratis.util.TimeoutScheduler.lambda$onTimeout$0(TimeoutScheduler.java:113)
	at org.apache.ratis.util.TimeoutScheduler.lambda$onTimeout$1(TimeoutScheduler.java:133)
	at org.apache.ratis.util.LogUtils.runAndLog(LogUtils.java:50)
	at org.apache.ratis.util.LogUtils$1.run(LogUtils.java:91)
	at java.util.concurrent.Executors$RunnableAdapter.call(Executors.java:511)
	at java.util.concurrent.FutureTask.run(FutureTask.java:266)
	at java.util.concurrent.ScheduledThreadPoolExecutor$ScheduledFutureTask.access$201(ScheduledThreadPoolExecutor.java:180)
	at java.util.concurrent.ScheduledThreadPoolExecutor$ScheduledFutureTask.run(ScheduledThreadPoolExecutor.java:293)
	at java.util.concurrent.ThreadPoolExecutor.runWorker(ThreadPoolExecutor.java:1149)
	at java.util.concurrent.ThreadPoolExecutor$Worker.run(ThreadPoolExecutor.java:624)
	at java.lang.Thread.run(Thread.java:748)

Sep 27, 2019 9:18:03 PM org.apache.ratis.thirdparty.io.grpc.internal.ManagedChannelOrphanWrapper$ManagedChannelReference cleanQueue
SEVERE: *~*~*~ Channel ManagedChannelImpl{logId=2831, target=192.168.164.218:38131} was not shutdown properly!!! ~*~*~*
    Make sure to call shutdown()/shutdownNow() and wait until awaitTermination() returns true.
java.lang.RuntimeException: ManagedChannel allocation site
	at org.apache.ratis.thirdparty.io.grpc.internal.ManagedChannelOrphanWrapper$ManagedChannelReference.<init>(ManagedChannelOrphanWrapper.java:103)
	at org.apache.ratis.thirdparty.io.grpc.internal.ManagedChannelOrphanWrapper.<init>(ManagedChannelOrphanWrapper.java:53)
	at org.apache.ratis.thirdparty.io.grpc.internal.ManagedChannelOrphanWrapper.<init>(ManagedChannelOrphanWrapper.java:44)
	at org.apache.ratis.thirdparty.io.grpc.internal.AbstractManagedChannelImplBuilder.build(AbstractManagedChannelImplBuilder.java:411)
	at org.apache.hadoop.hdds.scm.XceiverClientGrpc.connectToDatanode(XceiverClientGrpc.java:181)
	at org.apache.hadoop.hdds.scm.XceiverClientGrpc.reconnect(XceiverClientGrpc.java:429)
	at org.apache.hadoop.hdds.scm.XceiverClientGrpc.sendCommandAsync(XceiverClientGrpc.java:378)
	at org.apache.hadoop.hdds.scm.XceiverClientGrpc.sendCommandWithRetry(XceiverClientGrpc.java:291)
	at org.apache.hadoop.hdds.scm.XceiverClientGrpc.sendCommandWithTraceIDAndRetry(XceiverClientGrpc.java:257)
	at org.apache.hadoop.hdds.scm.XceiverClientGrpc.sendCommand(XceiverClientGrpc.java:240)
	at org.apache.hadoop.hdds.scm.storage.ContainerProtocolCalls.getBlock(ContainerProtocolCalls.java:118)
	at org.apache.hadoop.hdds.scm.storage.BlockInputStream.getChunkInfos(BlockInputStream.java:167)
	at org.apache.hadoop.hdds.scm.storage.BlockInputStream.initialize(BlockInputStream.java:118)
	at org.apache.hadoop.hdds.scm.storage.BlockInputStream.read(BlockInputStream.java:222)
	at org.apache.hadoop.ozone.client.io.KeyInputStream.read(KeyInputStream.java:171)
	at org.apache.hadoop.ozone.client.io.OzoneInputStream.read(OzoneInputStream.java:47)
	at java.io.InputStream.read(InputStream.java:101)
	at org.apache.hadoop.ozone.container.ContainerTestHelper.validateData(ContainerTestHelper.java:714)
	at org.apache.hadoop.ozone.client.rpc.TestBlockOutputStreamWithFailures.validateData(TestBlockOutputStreamWithFailures.java:1216)
	at org.apache.hadoop.ozone.client.rpc.TestBlockOutputStreamWithFailures.testWatchForCommitWithSingleNodeRatis(TestBlockOutputStreamWithFailures.java:918)
	at sun.reflect.NativeMethodAccessorImpl.invoke0(Native Method)
	at sun.reflect.NativeMethodAccessorImpl.invoke(NativeMethodAccessorImpl.java:62)
	at sun.reflect.DelegatingMethodAccessorImpl.invoke(DelegatingMethodAccessorImpl.java:43)
	at java.lang.reflect.Method.invoke(Method.java:498)
	at org.junit.runners.model.FrameworkMethod$1.runReflectiveCall(FrameworkMethod.java:47)
	at org.junit.internal.runners.model.ReflectiveCallable.run(ReflectiveCallable.java:12)
	at org.junit.runners.model.FrameworkMethod.invokeExplosively(FrameworkMethod.java:44)
	at org.junit.internal.runners.statements.InvokeMethod.evaluate(InvokeMethod.java:17)
	at org.junit.internal.runners.statements.RunBefores.evaluate(RunBefores.java:26)
	at org.junit.internal.runners.statements.RunAfters.evaluate(RunAfters.java:27)
	at org.junit.runners.ParentRunner.runLeaf(ParentRunner.java:271)
	at org.junit.runners.BlockJUnit4ClassRunner.runChild(BlockJUnit4ClassRunner.java:70)
	at org.junit.runners.BlockJUnit4ClassRunner.runChild(BlockJUnit4ClassRunner.java:50)
	at org.junit.runners.ParentRunner$3.run(ParentRunner.java:238)
	at org.junit.runners.ParentRunner$1.schedule(ParentRunner.java:63)
	at org.junit.runners.ParentRunner.runChildren(ParentRunner.java:236)
	at org.junit.runners.ParentRunner.access$000(ParentRunner.java:53)
	at org.junit.runners.ParentRunner$2.evaluate(ParentRunner.java:229)
	at org.junit.runners.ParentRunner.run(ParentRunner.java:309)
	at org.apache.maven.surefire.junit4.JUnit4Provider.execute(JUnit4Provider.java:365)
	at org.apache.maven.surefire.junit4.JUnit4Provider.executeWithRerun(JUnit4Provider.java:273)
	at org.apache.maven.surefire.junit4.JUnit4Provider.executeTestSet(JUnit4Provider.java:238)
	at org.apache.maven.surefire.junit4.JUnit4Provider.invoke(JUnit4Provider.java:159)
	at org.apache.maven.surefire.booter.ForkedBooter.invokeProviderInSameClassLoader(ForkedBooter.java:384)
	at org.apache.maven.surefire.booter.ForkedBooter.runSuitesInProcess(ForkedBooter.java:345)
	at org.apache.maven.surefire.booter.ForkedBooter.execute(ForkedBooter.java:126)
	at org.apache.maven.surefire.booter.ForkedBooter.main(ForkedBooter.java:418)

]]></system-err>
  </testcase>
  <testcase name="testFailureWithPrimeSizedData" classname="org.apache.hadoop.ozone.client.rpc.TestBlockOutputStreamWithFailures" time="33.493"/>
  <testcase name="testWatchForCommitWithCloseContainerException" classname="org.apache.hadoop.ozone.client.rpc.TestBlockOutputStreamWithFailures" time="35.992"/>
  <testcase name="testExceptionDuringClose" classname="org.apache.hadoop.ozone.client.rpc.TestBlockOutputStreamWithFailures" time="34.795"/>
</testsuite>