<?xml version="1.0" encoding="UTF-8"?>
<testsuite xmlns:xsi="http://www.w3.org/2001/XMLSchema-instance" xsi:noNamespaceSchemaLocation="https://maven.apache.org/surefire/maven-surefire-plugin/xsd/surefire-test-report.xsd" name="org.apache.hadoop.ozone.client.rpc.Test2WayCommitInRatis" time="30.664" tests="1" errors="1" skipped="0" failures="0">
  <properties>
    <property name="awt.toolkit" value="sun.awt.X11.XToolkit"/>
    <property name="file.encoding.pkg" value="sun.io"/>
    <property name="java.specification.version" value="1.8"/>
    <property name="sun.cpu.isalist" value=""/>
    <property name="sun.jnu.encoding" value="UTF-8"/>
    <property name="java.class.path" value="/workdir/hadoop-ozone/integration-test/target/test-classes:/workdir/hadoop-ozone/integration-test/target/classes:/home/user/.m2/repository/org/apache/hadoop/hadoop-ozone-common/0.5.0-SNAPSHOT/hadoop-ozone-common-0.5.0-SNAPSHOT.jar:/home/user/.m2/repository/org/apache/commons/commons-compress/1.4.1/commons-compress-1.4.1.jar:/home/user/.m2/repository/org/tukaani/xz/1.0/xz-1.0.jar:/home/user/.m2/repository/org/apache/hadoop/hadoop-common/3.2.0/hadoop-common-3.2.0.jar:/home/user/.m2/repository/org/apache/hadoop/hadoop-hdfs/3.2.0/hadoop-hdfs-3.2.0.jar:/home/user/.m2/repository/org/apache/hadoop/hadoop-hdfs-client/3.2.0/hadoop-hdfs-client-3.2.0.jar:/home/user/.m2/repository/com/fasterxml/jackson/core/jackson-annotations/2.9.9/jackson-annotations-2.9.9.jar:/home/user/.m2/repository/org/apache/hadoop/hadoop-hdds-common/0.5.0-SNAPSHOT/hadoop-hdds-common-0.5.0-SNAPSHOT.jar:/home/user/.m2/repository/javax/annotation/javax.annotation-api/1.2/javax.annotation-api-1.2.jar:/home/user/.m2/repository/org/apache/ratis/ratis-server/0.4.0/ratis-server-0.4.0.jar:/home/user/.m2/repository/org/apache/ratis/ratis-thirdparty-misc/0.2.0/ratis-thirdparty-misc-0.2.0.jar:/home/user/.m2/repository/org/apache/ratis/ratis-proto/0.4.0/ratis-proto-0.4.0.jar:/home/user/.m2/repository/org/apache/ratis/ratis-common/0.4.0/ratis-common-0.4.0.jar:/home/user/.m2/repository/org/apache/ratis/ratis-client/0.4.0/ratis-client-0.4.0.jar:/home/user/.m2/repository/org/apache/ratis/ratis-metrics/0.4.0/ratis-metrics-0.4.0.jar:/home/user/.m2/repository/com/github/joshelser/dropwizard-metrics-hadoop-metrics2-reporter/0.1.2/dropwizard-metrics-hadoop-metrics2-reporter-0.1.2.jar:/home/user/.m2/repository/io/dropwizard/metrics/metrics-jvm/3.2.5/metrics-jvm-3.2.5.jar:/home/user/.m2/repository/io/dropwizard/metrics/metrics-ganglia/3.2.5/metrics-ganglia-3.2.5.jar:/home/user/.m2/repository/info/ganglia/gmetric4j/gmetric4j/1.0.7/gmetric4j-1.0.7.jar:/home/user/.m2/repository/org/apache/ratis/ratis-netty/0.4.0/ratis-netty-0.4.0.jar:/home/user/.m2/repository/org/apache/ratis/ratis-grpc/0.4.0/ratis-grpc-0.4.0.jar:/home/user/.m2/repository/org/rocksdb/rocksdbjni/6.0.1/rocksdbjni-6.0.1.jar:/home/user/.m2/repository/org/apache/logging/log4j/log4j-api/2.11.0/log4j-api-2.11.0.jar:/home/user/.m2/repository/org/apache/logging/log4j/log4j-core/2.11.0/log4j-core-2.11.0.jar:/home/user/.m2/repository/com/lmax/disruptor/3.4.2/disruptor-3.4.2.jar:/home/user/.m2/repository/org/apache/commons/commons-pool2/2.6.0/commons-pool2-2.6.0.jar:/home/user/.m2/repository/org/bouncycastle/bcpkix-jdk15on/1.60/bcpkix-jdk15on-1.60.jar:/home/user/.m2/repository/commons-validator/commons-validator/1.6/commons-validator-1.6.jar:/home/user/.m2/repository/commons-digester/commons-digester/1.8.1/commons-digester-1.8.1.jar:/home/user/.m2/repository/io/jaegertracing/jaeger-client/0.34.0/jaeger-client-0.34.0.jar:/home/user/.m2/repository/io/jaegertracing/jaeger-thrift/0.34.0/jaeger-thrift-0.34.0.jar:/home/user/.m2/repository/org/apache/thrift/libthrift/0.12.0/libthrift-0.12.0.jar:/home/user/.m2/repository/com/squareup/okhttp3/okhttp/3.9.0/okhttp-3.9.0.jar:/home/user/.m2/repository/com/squareup/okio/okio/1.13.0/okio-1.13.0.jar:/home/user/.m2/repository/io/jaegertracing/jaeger-core/0.34.0/jaeger-core-0.34.0.jar:/home/user/.m2/repository/io/jaegertracing/jaeger-tracerresolver/0.34.0/jaeger-tracerresolver-0.34.0.jar:/home/user/.m2/repository/io/opentracing/contrib/opentracing-tracerresolver/0.1.5/opentracing-tracerresolver-0.1.5.jar:/home/user/.m2/repository/io/opentracing/opentracing-util/0.31.0/opentracing-util-0.31.0.jar:/home/user/.m2/repository/io/opentracing/opentracing-api/0.31.0/opentracing-api-0.31.0.jar:/home/user/.m2/repository/io/opentracing/opentracing-noop/0.31.0/opentracing-noop-0.31.0.jar:/home/user/.m2/repository/org/apache/hadoop/hadoop-hdds-server-framework/0.5.0-SNAPSHOT/hadoop-hdds-server-framework-0.5.0-SNAPSHOT.jar:/home/user/.m2/repository/org/apache/hadoop/hadoop-hdds-container-service/0.5.0-SNAPSHOT/hadoop-hdds-container-service-0.5.0-SNAPSHOT.jar:/home/user/.m2/repository/org/apache/hadoop/hadoop-hdds-client/0.5.0-SNAPSHOT/hadoop-hdds-client-0.5.0-SNAPSHOT.jar:/home/user/.m2/repository/org/apache/hadoop/hadoop-hdds-tools/0.5.0-SNAPSHOT/hadoop-hdds-tools-0.5.0-SNAPSHOT.jar:/home/user/.m2/repository/org/apache/hadoop/hadoop-hdds-server-scm/0.5.0-SNAPSHOT/hadoop-hdds-server-scm-0.5.0-SNAPSHOT.jar:/home/user/.m2/repository/org/apache/hadoop/hadoop-hdds-docs/0.5.0-SNAPSHOT/hadoop-hdds-docs-0.5.0-SNAPSHOT.jar:/home/user/.m2/repository/io/dropwizard/metrics/metrics-core/3.2.4/metrics-core-3.2.4.jar:/home/user/.m2/repository/org/hamcrest/hamcrest-all/1.3/hamcrest-all-1.3.jar:/home/user/.m2/repository/org/bouncycastle/bcprov-jdk15on/1.60/bcprov-jdk15on-1.60.jar:/home/user/.m2/repository/info/picocli/picocli/3.9.6/picocli-3.9.6.jar:/home/user/.m2/repository/com/google/protobuf/protobuf-java/2.5.0/protobuf-java-2.5.0.jar:/home/user/.m2/repository/com/google/guava/guava/11.0.2/guava-11.0.2.jar:/home/user/.m2/repository/org/apache/hadoop/hadoop-ozone-ozone-manager/0.5.0-SNAPSHOT/hadoop-ozone-ozone-manager-0.5.0-SNAPSHOT.jar:/home/user/.m2/repository/org/apache/hadoop/hadoop-minikdc/3.2.0/hadoop-minikdc-3.2.0.jar:/home/user/.m2/repository/commons-io/commons-io/2.5/commons-io-2.5.jar:/home/user/.m2/repository/org/apache/kerby/kerb-simplekdc/1.0.1/kerb-simplekdc-1.0.1.jar:/home/user/.m2/repository/org/apache/kerby/kerb-client/1.0.1/kerb-client-1.0.1.jar:/home/user/.m2/repository/org/apache/kerby/kerby-config/1.0.1/kerby-config-1.0.1.jar:/home/user/.m2/repository/org/apache/kerby/kerb-core/1.0.1/kerb-core-1.0.1.jar:/home/user/.m2/repository/org/apache/kerby/kerby-pkix/1.0.1/kerby-pkix-1.0.1.jar:/home/user/.m2/repository/org/apache/kerby/kerby-asn1/1.0.1/kerby-asn1-1.0.1.jar:/home/user/.m2/repository/org/apache/kerby/kerby-util/1.0.1/kerby-util-1.0.1.jar:/home/user/.m2/repository/org/apache/kerby/kerb-common/1.0.1/kerb-common-1.0.1.jar:/home/user/.m2/repository/org/apache/kerby/kerb-crypto/1.0.1/kerb-crypto-1.0.1.jar:/home/user/.m2/repository/org/apache/kerby/kerb-util/1.0.1/kerb-util-1.0.1.jar:/home/user/.m2/repository/org/apache/kerby/token-provider/1.0.1/token-provider-1.0.1.jar:/home/user/.m2/repository/org/apache/kerby/kerb-admin/1.0.1/kerb-admin-1.0.1.jar:/home/user/.m2/repository/org/apache/kerby/kerb-server/1.0.1/kerb-server-1.0.1.jar:/home/user/.m2/repository/org/apache/kerby/kerb-identity/1.0.1/kerb-identity-1.0.1.jar:/home/user/.m2/repository/org/apache/kerby/kerby-xdr/1.0.1/kerby-xdr-1.0.1.jar:/home/user/.m2/repository/org/slf4j/slf4j-log4j12/1.7.25/slf4j-log4j12-1.7.25.jar:/home/user/.m2/repository/org/apache/hadoop/hadoop-ozone-s3gateway/0.5.0-SNAPSHOT/hadoop-ozone-s3gateway-0.5.0-SNAPSHOT.jar:/home/user/.m2/repository/org/jboss/weld/servlet/weld-servlet/2.4.7.Final/weld-servlet-2.4.7.Final.jar:/home/user/.m2/repository/org/glassfish/jersey/containers/jersey-container-servlet-core/2.27/jersey-container-servlet-core-2.27.jar:/home/user/.m2/repository/org/glassfish/hk2/external/javax.inject/2.5.0-b42/javax.inject-2.5.0-b42.jar:/home/user/.m2/repository/org/glassfish/jersey/core/jersey-common/2.27/jersey-common-2.27.jar:/home/user/.m2/repository/org/glassfish/hk2/osgi-resource-locator/1.0.1/osgi-resource-locator-1.0.1.jar:/home/user/.m2/repository/javax/ws/rs/javax.ws.rs-api/2.1/javax.ws.rs-api-2.1.jar:/home/user/.m2/repository/org/glassfish/jersey/ext/cdi/jersey-cdi1x/2.27/jersey-cdi1x-2.27.jar:/home/user/.m2/repository/org/glassfish/jersey/inject/jersey-hk2/2.27/jersey-hk2-2.27.jar:/home/user/.m2/repository/org/glassfish/hk2/hk2-locator/2.5.0-b42/hk2-locator-2.5.0-b42.jar:/home/user/.m2/repository/org/javassist/javassist/3.22.0-CR2/javassist-3.22.0-CR2.jar:/home/user/.m2/repository/org/glassfish/hk2/hk2-api/2.5.0/hk2-api-2.5.0.jar:/home/user/.m2/repository/org/glassfish/hk2/external/jakarta.inject/2.5.0/jakarta.inject-2.5.0.jar:/home/user/.m2/repository/org/glassfish/hk2/hk2-utils/2.5.0/hk2-utils-2.5.0.jar:/home/user/.m2/repository/jakarta/annotation/jakarta.annotation-api/1.3.4/jakarta.annotation-api-1.3.4.jar:/home/user/.m2/repository/org/glassfish/hk2/external/aopalliance-repackaged/2.5.0/aopalliance-repackaged-2.5.0.jar:/home/user/.m2/repository/com/fasterxml/jackson/dataformat/jackson-dataformat-xml/2.9.0/jackson-dataformat-xml-2.9.0.jar:/home/user/.m2/repository/com/fasterxml/jackson/core/jackson-core/2.9.9/jackson-core-2.9.9.jar:/home/user/.m2/repository/com/fasterxml/jackson/module/jackson-module-jaxb-annotations/2.9.9/jackson-module-jaxb-annotations-2.9.9.jar:/home/user/.m2/repository/javax/enterprise/cdi-api/1.2/cdi-api-1.2.jar:/home/user/.m2/repository/javax/el/javax.el-api/3.0.0/javax.el-api-3.0.0.jar:/home/user/.m2/repository/javax/interceptor/javax.interceptor-api/1.2/javax.interceptor-api-1.2.jar:/home/user/.m2/repository/javax/inject/javax.inject/1/javax.inject-1.jar:/home/user/.m2/repository/com/sun/xml/bind/jaxb-impl/2.3.0.1/jaxb-impl-2.3.0.1.jar:/home/user/.m2/repository/com/sun/xml/bind/jaxb-core/2.3.0.1/jaxb-core-2.3.0.1.jar:/home/user/.m2/repository/javax/xml/bind/jaxb-api/2.3.0/jaxb-api-2.3.0.jar:/home/user/.m2/repository/javax/activation/activation/1.1.1/activation-1.1.1.jar:/home/user/.m2/repository/org/apache/hadoop/hadoop-ozone-csi/0.5.0-SNAPSHOT/hadoop-ozone-csi-0.5.0-SNAPSHOT.jar:/home/user/.m2/repository/com/google/protobuf/protobuf-java-util/3.5.1/protobuf-java-util-3.5.1.jar:/home/user/.m2/repository/org/apache/hadoop/hadoop-hdds-config/0.5.0-SNAPSHOT/hadoop-hdds-config-0.5.0-SNAPSHOT.jar:/home/user/.m2/repository/io/grpc/grpc-netty/1.17.1/grpc-netty-1.17.1.jar:/home/user/.m2/repository/io/grpc/grpc-core/1.17.1/grpc-core-1.17.1.jar:/home/user/.m2/repository/io/grpc/grpc-context/1.17.1/grpc-context-1.17.1.jar:/home/user/.m2/repository/com/google/errorprone/error_prone_annotations/2.2.0/error_prone_annotations-2.2.0.jar:/home/user/.m2/repository/org/codehaus/mojo/animal-sniffer-annotations/1.17/animal-sniffer-annotations-1.17.jar:/home/user/.m2/repository/io/opencensus/opencensus-api/0.17.0/opencensus-api-0.17.0.jar:/home/user/.m2/repository/io/opencensus/opencensus-contrib-grpc-metrics/0.17.0/opencensus-contrib-grpc-metrics-0.17.0.jar:/home/user/.m2/repository/io/netty/netty-codec-http2/4.1.30.Final/netty-codec-http2-4.1.30.Final.jar:/home/user/.m2/repository/io/netty/netty-codec-http/4.1.30.Final/netty-codec-http-4.1.30.Final.jar:/home/user/.m2/repository/io/netty/netty-codec/4.1.30.Final/netty-codec-4.1.30.Final.jar:/home/user/.m2/repository/io/netty/netty-handler/4.1.30.Final/netty-handler-4.1.30.Final.jar:/home/user/.m2/repository/io/netty/netty-handler-proxy/4.1.30.Final/netty-handler-proxy-4.1.30.Final.jar:/home/user/.m2/repository/io/netty/netty-codec-socks/4.1.30.Final/netty-codec-socks-4.1.30.Final.jar:/home/user/.m2/repository/io/netty/netty-transport-native-epoll/4.1.30.Final/netty-transport-native-epoll-4.1.30.Final.jar:/home/user/.m2/repository/io/netty/netty-common/4.1.30.Final/netty-common-4.1.30.Final.jar:/home/user/.m2/repository/io/netty/netty-buffer/4.1.30.Final/netty-buffer-4.1.30.Final.jar:/home/user/.m2/repository/io/netty/netty-transport/4.1.30.Final/netty-transport-4.1.30.Final.jar:/home/user/.m2/repository/io/netty/netty-resolver/4.1.30.Final/netty-resolver-4.1.30.Final.jar:/home/user/.m2/repository/io/netty/netty-transport-native-unix-common/4.1.30.Final/netty-transport-native-unix-common-4.1.30.Final.jar:/home/user/.m2/repository/io/grpc/grpc-protobuf/1.17.1/grpc-protobuf-1.17.1.jar:/home/user/.m2/repository/com/google/api/grpc/proto-google-common-protos/1.0.0/proto-google-common-protos-1.0.0.jar:/home/user/.m2/repository/io/grpc/grpc-protobuf-lite/1.17.1/grpc-protobuf-lite-1.17.1.jar:/home/user/.m2/repository/io/grpc/grpc-stub/1.17.1/grpc-stub-1.17.1.jar:/home/user/.m2/repository/org/apache/hadoop/hadoop-ozone-recon/0.5.0-SNAPSHOT/hadoop-ozone-recon-0.5.0-SNAPSHOT.jar:/home/user/.m2/repository/org/apache/hadoop/hadoop-ozone-reconcodegen/0.5.0-SNAPSHOT/hadoop-ozone-reconcodegen-0.5.0-SNAPSHOT.jar:/home/user/.m2/repository/com/google/inject/extensions/guice-multibindings/4.0/guice-multibindings-4.0.jar:/home/user/.m2/repository/com/google/inject/guice/4.0/guice-4.0.jar:/home/user/.m2/repository/aopalliance/aopalliance/1.0/aopalliance-1.0.jar:/home/user/.m2/repository/com/google/inject/extensions/guice-servlet/4.0/guice-servlet-4.0.jar:/home/user/.m2/repository/org/glassfish/jersey/containers/jersey-container-servlet/2.27/jersey-container-servlet-2.27.jar:/home/user/.m2/repository/org/glassfish/hk2/guice-bridge/2.5.0/guice-bridge-2.5.0.jar:/home/user/.m2/repository/org/glassfish/jersey/core/jersey-server/2.27/jersey-server-2.27.jar:/home/user/.m2/repository/org/glassfish/jersey/core/jersey-client/2.27/jersey-client-2.27.jar:/home/user/.m2/repository/org/glassfish/jersey/media/jersey-media-jaxb/2.27/jersey-media-jaxb-2.27.jar:/home/user/.m2/repository/javax/validation/validation-api/1.1.0.Final/validation-api-1.1.0.Final.jar:/home/user/.m2/repository/org/glassfish/jersey/media/jersey-media-json-jackson/2.27/jersey-media-json-jackson-2.27.jar:/home/user/.m2/repository/org/glassfish/jersey/ext/jersey-entity-filtering/2.27/jersey-entity-filtering-2.27.jar:/home/user/.m2/repository/com/google/inject/extensions/guice-assistedinject/4.0/guice-assistedinject-4.0.jar:/home/user/.m2/repository/org/jooq/jooq/3.11.10/jooq-3.11.10.jar:/home/user/.m2/repository/org/jooq/jooq-meta/3.11.10/jooq-meta-3.11.10.jar:/home/user/.m2/repository/org/jooq/jooq-codegen/3.11.10/jooq-codegen-3.11.10.jar:/home/user/.m2/repository/com/jolbox/bonecp/0.8.0.RELEASE/bonecp-0.8.0.RELEASE.jar:/home/user/.m2/repository/org/xerial/sqlite-jdbc/3.25.2/sqlite-jdbc-3.25.2.jar:/home/user/.m2/repository/org/springframework/spring-jdbc/5.1.3.RELEASE/spring-jdbc-5.1.3.RELEASE.jar:/home/user/.m2/repository/org/springframework/spring-beans/5.1.3.RELEASE/spring-beans-5.1.3.RELEASE.jar:/home/user/.m2/repository/org/springframework/spring-core/5.1.3.RELEASE/spring-core-5.1.3.RELEASE.jar:/home/user/.m2/repository/org/springframework/spring-jcl/5.1.3.RELEASE/spring-jcl-5.1.3.RELEASE.jar:/home/user/.m2/repository/org/springframework/spring-tx/5.1.3.RELEASE/spring-tx-5.1.3.RELEASE.jar:/home/user/.m2/repository/org/apache/hadoop/hadoop-ozone-client/0.5.0-SNAPSHOT/hadoop-ozone-client-0.5.0-SNAPSHOT.jar:/home/user/.m2/repository/commons-lang/commons-lang/2.6/commons-lang-2.6.jar:/home/user/.m2/repository/org/apache/hadoop/hadoop-ozone-ozone-manager/0.5.0-SNAPSHOT/hadoop-ozone-ozone-manager-0.5.0-SNAPSHOT-tests.jar:/home/user/.m2/repository/junit/junit/4.11/junit-4.11.jar:/home/user/.m2/repository/org/hamcrest/hamcrest-core/1.3/hamcrest-core-1.3.jar:/home/user/.m2/repository/org/openjdk/jmh/jmh-core/1.19/jmh-core-1.19.jar:/home/user/.m2/repository/net/sf/jopt-simple/jopt-simple/4.6/jopt-simple-4.6.jar:/home/user/.m2/repository/org/apache/commons/commons-math3/3.1.1/commons-math3-3.1.1.jar:/home/user/.m2/repository/org/openjdk/jmh/jmh-generator-annprocess/1.19/jmh-generator-annprocess-1.19.jar:/home/user/.m2/repository/org/mockito/mockito-all/1.8.5/mockito-all-1.8.5.jar:/home/user/.m2/repository/org/apache/hadoop/hadoop-kms/3.2.0/hadoop-kms-3.2.0.jar:/home/user/.m2/repository/org/apache/hadoop/hadoop-auth/3.2.0/hadoop-auth-3.2.0.jar:/home/user/.m2/repository/com/nimbusds/nimbus-jose-jwt/4.41.1/nimbus-jose-jwt-4.41.1.jar:/home/user/.m2/repository/com/github/stephenc/jcip/jcip-annotations/1.0-1/jcip-annotations-1.0-1.jar:/home/user/.m2/repository/net/minidev/json-smart/2.3/json-smart-2.3.jar:/home/user/.m2/repository/net/minidev/accessors-smart/1.2/accessors-smart-1.2.jar:/home/user/.m2/repository/org/ow2/asm/asm/5.0.4/asm-5.0.4.jar:/home/user/.m2/repository/org/apache/curator/curator-framework/2.12.0/curator-framework-2.12.0.jar:/home/user/.m2/repository/com/sun/jersey/jersey-core/1.19/jersey-core-1.19.jar:/home/user/.m2/repository/javax/ws/rs/jsr311-api/1.1.1/jsr311-api-1.1.1.jar:/home/user/.m2/repository/com/sun/jersey/jersey-server/1.19/jersey-server-1.19.jar:/home/user/.m2/repository/javax/servlet/javax.servlet-api/3.1.0/javax.servlet-api-3.1.0.jar:/home/user/.m2/repository/org/eclipse/jetty/jetty-server/9.3.25.v20180904/jetty-server-9.3.25.v20180904.jar:/home/user/.m2/repository/org/eclipse/jetty/jetty-http/9.3.25.v20180904/jetty-http-9.3.25.v20180904.jar:/home/user/.m2/repository/org/eclipse/jetty/jetty-io/9.3.25.v20180904/jetty-io-9.3.25.v20180904.jar:/home/user/.m2/repository/org/eclipse/jetty/jetty-webapp/9.3.25.v20180904/jetty-webapp-9.3.25.v20180904.jar:/home/user/.m2/repository/org/eclipse/jetty/jetty-xml/9.3.25.v20180904/jetty-xml-9.3.25.v20180904.jar:/home/user/.m2/repository/log4j/log4j/1.2.17/log4j-1.2.17.jar:/home/user/.m2/repository/org/slf4j/slf4j-api/1.7.25/slf4j-api-1.7.25.jar:/home/user/.m2/repository/org/slf4j/jul-to-slf4j/1.7.25/jul-to-slf4j-1.7.25.jar:/home/user/.m2/repository/org/eclipse/jetty/jetty-util/9.3.25.v20180904/jetty-util-9.3.25.v20180904.jar:/home/user/.m2/repository/com/fasterxml/jackson/core/jackson-databind/2.9.9/jackson-databind-2.9.9.jar:/home/user/.m2/repository/org/apache/hadoop/hadoop-kms/3.2.0/hadoop-kms-3.2.0-tests.jar:/home/user/.m2/repository/org/apache/hadoop/hadoop-hdds-server-scm/0.5.0-SNAPSHOT/hadoop-hdds-server-scm-0.5.0-SNAPSHOT-tests.jar:/home/user/.m2/repository/org/apache/hadoop/hadoop-hdds-container-service/0.5.0-SNAPSHOT/hadoop-hdds-container-service-0.5.0-SNAPSHOT-tests.jar:/home/user/.m2/repository/org/yaml/snakeyaml/1.16/snakeyaml-1.16.jar:/home/user/.m2/repository/org/apache/hadoop/hadoop-common/3.2.0/hadoop-common-3.2.0-tests.jar:/home/user/.m2/repository/org/apache/hadoop/hadoop-annotations/3.2.0/hadoop-annotations-3.2.0.jar:/usr/lib/jvm/java-1.8-openjdk/jre/../lib/tools.jar:/home/user/.m2/repository/commons-cli/commons-cli/1.2/commons-cli-1.2.jar:/home/user/.m2/repository/org/apache/httpcomponents/httpclient/4.5.2/httpclient-4.5.2.jar:/home/user/.m2/repository/org/apache/httpcomponents/httpcore/4.4.4/httpcore-4.4.4.jar:/home/user/.m2/repository/commons-codec/commons-codec/1.11/commons-codec-1.11.jar:/home/user/.m2/repository/commons-net/commons-net/3.6/commons-net-3.6.jar:/home/user/.m2/repository/commons-collections/commons-collections/3.2.2/commons-collections-3.2.2.jar:/home/user/.m2/repository/org/eclipse/jetty/jetty-servlet/9.3.25.v20180904/jetty-servlet-9.3.25.v20180904.jar:/home/user/.m2/repository/org/eclipse/jetty/jetty-security/9.3.25.v20180904/jetty-security-9.3.25.v20180904.jar:/home/user/.m2/repository/javax/servlet/jsp/jsp-api/2.1/jsp-api-2.1.jar:/home/user/.m2/repository/com/sun/jersey/jersey-servlet/1.19/jersey-servlet-1.19.jar:/home/user/.m2/repository/com/sun/jersey/jersey-json/1.19/jersey-json-1.19.jar:/home/user/.m2/repository/org/codehaus/jettison/jettison/1.1/jettison-1.1.jar:/home/user/.m2/repository/org/codehaus/jackson/jackson-core-asl/1.9.13/jackson-core-asl-1.9.13.jar:/home/user/.m2/repository/org/codehaus/jackson/jackson-mapper-asl/1.9.13/jackson-mapper-asl-1.9.13.jar:/home/user/.m2/repository/org/codehaus/jackson/jackson-jaxrs/1.9.13/jackson-jaxrs-1.9.13.jar:/home/user/.m2/repository/org/codehaus/jackson/jackson-xc/1.9.13/jackson-xc-1.9.13.jar:/home/user/.m2/repository/commons-logging/commons-logging/1.1.3/commons-logging-1.1.3.jar:/home/user/.m2/repository/commons-beanutils/commons-beanutils/1.9.4/commons-beanutils-1.9.4.jar:/home/user/.m2/repository/org/apache/commons/commons-configuration2/2.1.1/commons-configuration2-2.1.1.jar:/home/user/.m2/repository/org/apache/commons/commons-lang3/3.7/commons-lang3-3.7.jar:/home/user/.m2/repository/org/apache/commons/commons-text/1.4/commons-text-1.4.jar:/home/user/.m2/repository/org/apache/avro/avro/1.7.7/avro-1.7.7.jar:/home/user/.m2/repository/com/thoughtworks/paranamer/paranamer/2.3/paranamer-2.3.jar:/home/user/.m2/repository/org/xerial/snappy/snappy-java/1.0.5/snappy-java-1.0.5.jar:/home/user/.m2/repository/com/google/re2j/re2j/1.1/re2j-1.1.jar:/home/user/.m2/repository/com/google/code/gson/gson/2.2.4/gson-2.2.4.jar:/home/user/.m2/repository/com/jcraft/jsch/0.1.54/jsch-0.1.54.jar:/home/user/.m2/repository/org/apache/curator/curator-client/2.12.0/curator-client-2.12.0.jar:/home/user/.m2/repository/org/apache/curator/curator-recipes/2.12.0/curator-recipes-2.12.0.jar:/home/user/.m2/repository/com/google/code/findbugs/jsr305/3.0.0/jsr305-3.0.0.jar:/home/user/.m2/repository/org/apache/htrace/htrace-core4/4.1.0-incubating/htrace-core4-4.1.0-incubating.jar:/home/user/.m2/repository/org/apache/zookeeper/zookeeper/3.4.13/zookeeper-3.4.13.jar:/home/user/.m2/repository/jline/jline/0.9.94/jline-0.9.94.jar:/home/user/.m2/repository/org/apache/yetus/audience-annotations/0.5.0/audience-annotations-0.5.0.jar:/home/user/.m2/repository/org/codehaus/woodstox/stax2-api/3.1.4/stax2-api-3.1.4.jar:/home/user/.m2/repository/com/fasterxml/woodstox/woodstox-core/5.0.3/woodstox-core-5.0.3.jar:/home/user/.m2/repository/dnsjava/dnsjava/2.1.7/dnsjava-2.1.7.jar:/home/user/.m2/repository/org/apache/hadoop/hadoop-hdfs/3.2.0/hadoop-hdfs-3.2.0-tests.jar:/home/user/.m2/repository/org/eclipse/jetty/jetty-util-ajax/9.3.25.v20180904/jetty-util-ajax-9.3.25.v20180904.jar:/home/user/.m2/repository/commons-daemon/commons-daemon/1.0.13/commons-daemon-1.0.13.jar:/home/user/.m2/repository/io/netty/netty/3.10.5.Final/netty-3.10.5.Final.jar:/home/user/.m2/repository/io/netty/netty-all/4.0.52.Final/netty-all-4.0.52.Final.jar:/home/user/.m2/repository/org/fusesource/leveldbjni/leveldbjni-all/1.8/leveldbjni-all-1.8.jar:"/>
    <property name="java.vm.vendor" value="IcedTea"/>
    <property name="sun.arch.data.model" value="64"/>
    <property name="test.build.dir" value="/workdir/hadoop-ozone/integration-test/target/test-dir"/>
    <property name="test.cache.data" value=""/>
    <property name="java.vendor.url" value="https://icedtea.classpath.org"/>
    <property name="user.timezone" value=""/>
    <property name="java.vm.specification.version" value="1.8"/>
    <property name="os.name" value="Linux"/>
    <property name="test.build.data" value="/workdir/hadoop-ozone/integration-test/target/test-dir"/>
    <property name="user.country" value="US"/>
    <property name="sun.java.launcher" value="SUN_STANDARD"/>
    <property name="sun.boot.library.path" value="/usr/lib/jvm/java-1.8-openjdk/jre/lib/amd64"/>
    <property name="sun.java.command" value="/workdir/hadoop-ozone/integration-test/target/surefire/surefirebooter6039852272261716532.jar /workdir/hadoop-ozone/integration-test/target/surefire 2019-09-27T20-10-20_571-jvmRun1 surefire9065002398397172428tmp surefire_465808622759917092108tmp"/>
    <property name="test" value="!TestMiniChaosOzoneCluster"/>
    <property name="surefire.test.class.path" value="/workdir/hadoop-ozone/integration-test/target/test-classes:/workdir/hadoop-ozone/integration-test/target/classes:/home/user/.m2/repository/org/apache/hadoop/hadoop-ozone-common/0.5.0-SNAPSHOT/hadoop-ozone-common-0.5.0-SNAPSHOT.jar:/home/user/.m2/repository/org/apache/commons/commons-compress/1.4.1/commons-compress-1.4.1.jar:/home/user/.m2/repository/org/tukaani/xz/1.0/xz-1.0.jar:/home/user/.m2/repository/org/apache/hadoop/hadoop-common/3.2.0/hadoop-common-3.2.0.jar:/home/user/.m2/repository/org/apache/hadoop/hadoop-hdfs/3.2.0/hadoop-hdfs-3.2.0.jar:/home/user/.m2/repository/org/apache/hadoop/hadoop-hdfs-client/3.2.0/hadoop-hdfs-client-3.2.0.jar:/home/user/.m2/repository/com/fasterxml/jackson/core/jackson-annotations/2.9.9/jackson-annotations-2.9.9.jar:/home/user/.m2/repository/org/apache/hadoop/hadoop-hdds-common/0.5.0-SNAPSHOT/hadoop-hdds-common-0.5.0-SNAPSHOT.jar:/home/user/.m2/repository/javax/annotation/javax.annotation-api/1.2/javax.annotation-api-1.2.jar:/home/user/.m2/repository/org/apache/ratis/ratis-server/0.4.0/ratis-server-0.4.0.jar:/home/user/.m2/repository/org/apache/ratis/ratis-thirdparty-misc/0.2.0/ratis-thirdparty-misc-0.2.0.jar:/home/user/.m2/repository/org/apache/ratis/ratis-proto/0.4.0/ratis-proto-0.4.0.jar:/home/user/.m2/repository/org/apache/ratis/ratis-common/0.4.0/ratis-common-0.4.0.jar:/home/user/.m2/repository/org/apache/ratis/ratis-client/0.4.0/ratis-client-0.4.0.jar:/home/user/.m2/repository/org/apache/ratis/ratis-metrics/0.4.0/ratis-metrics-0.4.0.jar:/home/user/.m2/repository/com/github/joshelser/dropwizard-metrics-hadoop-metrics2-reporter/0.1.2/dropwizard-metrics-hadoop-metrics2-reporter-0.1.2.jar:/home/user/.m2/repository/io/dropwizard/metrics/metrics-jvm/3.2.5/metrics-jvm-3.2.5.jar:/home/user/.m2/repository/io/dropwizard/metrics/metrics-ganglia/3.2.5/metrics-ganglia-3.2.5.jar:/home/user/.m2/repository/info/ganglia/gmetric4j/gmetric4j/1.0.7/gmetric4j-1.0.7.jar:/home/user/.m2/repository/org/apache/ratis/ratis-netty/0.4.0/ratis-netty-0.4.0.jar:/home/user/.m2/repository/org/apache/ratis/ratis-grpc/0.4.0/ratis-grpc-0.4.0.jar:/home/user/.m2/repository/org/rocksdb/rocksdbjni/6.0.1/rocksdbjni-6.0.1.jar:/home/user/.m2/repository/org/apache/logging/log4j/log4j-api/2.11.0/log4j-api-2.11.0.jar:/home/user/.m2/repository/org/apache/logging/log4j/log4j-core/2.11.0/log4j-core-2.11.0.jar:/home/user/.m2/repository/com/lmax/disruptor/3.4.2/disruptor-3.4.2.jar:/home/user/.m2/repository/org/apache/commons/commons-pool2/2.6.0/commons-pool2-2.6.0.jar:/home/user/.m2/repository/org/bouncycastle/bcpkix-jdk15on/1.60/bcpkix-jdk15on-1.60.jar:/home/user/.m2/repository/commons-validator/commons-validator/1.6/commons-validator-1.6.jar:/home/user/.m2/repository/commons-digester/commons-digester/1.8.1/commons-digester-1.8.1.jar:/home/user/.m2/repository/io/jaegertracing/jaeger-client/0.34.0/jaeger-client-0.34.0.jar:/home/user/.m2/repository/io/jaegertracing/jaeger-thrift/0.34.0/jaeger-thrift-0.34.0.jar:/home/user/.m2/repository/org/apache/thrift/libthrift/0.12.0/libthrift-0.12.0.jar:/home/user/.m2/repository/com/squareup/okhttp3/okhttp/3.9.0/okhttp-3.9.0.jar:/home/user/.m2/repository/com/squareup/okio/okio/1.13.0/okio-1.13.0.jar:/home/user/.m2/repository/io/jaegertracing/jaeger-core/0.34.0/jaeger-core-0.34.0.jar:/home/user/.m2/repository/io/jaegertracing/jaeger-tracerresolver/0.34.0/jaeger-tracerresolver-0.34.0.jar:/home/user/.m2/repository/io/opentracing/contrib/opentracing-tracerresolver/0.1.5/opentracing-tracerresolver-0.1.5.jar:/home/user/.m2/repository/io/opentracing/opentracing-util/0.31.0/opentracing-util-0.31.0.jar:/home/user/.m2/repository/io/opentracing/opentracing-api/0.31.0/opentracing-api-0.31.0.jar:/home/user/.m2/repository/io/opentracing/opentracing-noop/0.31.0/opentracing-noop-0.31.0.jar:/home/user/.m2/repository/org/apache/hadoop/hadoop-hdds-server-framework/0.5.0-SNAPSHOT/hadoop-hdds-server-framework-0.5.0-SNAPSHOT.jar:/home/user/.m2/repository/org/apache/hadoop/hadoop-hdds-container-service/0.5.0-SNAPSHOT/hadoop-hdds-container-service-0.5.0-SNAPSHOT.jar:/home/user/.m2/repository/org/apache/hadoop/hadoop-hdds-client/0.5.0-SNAPSHOT/hadoop-hdds-client-0.5.0-SNAPSHOT.jar:/home/user/.m2/repository/org/apache/hadoop/hadoop-hdds-tools/0.5.0-SNAPSHOT/hadoop-hdds-tools-0.5.0-SNAPSHOT.jar:/home/user/.m2/repository/org/apache/hadoop/hadoop-hdds-server-scm/0.5.0-SNAPSHOT/hadoop-hdds-server-scm-0.5.0-SNAPSHOT.jar:/home/user/.m2/repository/org/apache/hadoop/hadoop-hdds-docs/0.5.0-SNAPSHOT/hadoop-hdds-docs-0.5.0-SNAPSHOT.jar:/home/user/.m2/repository/io/dropwizard/metrics/metrics-core/3.2.4/metrics-core-3.2.4.jar:/home/user/.m2/repository/org/hamcrest/hamcrest-all/1.3/hamcrest-all-1.3.jar:/home/user/.m2/repository/org/bouncycastle/bcprov-jdk15on/1.60/bcprov-jdk15on-1.60.jar:/home/user/.m2/repository/info/picocli/picocli/3.9.6/picocli-3.9.6.jar:/home/user/.m2/repository/com/google/protobuf/protobuf-java/2.5.0/protobuf-java-2.5.0.jar:/home/user/.m2/repository/com/google/guava/guava/11.0.2/guava-11.0.2.jar:/home/user/.m2/repository/org/apache/hadoop/hadoop-ozone-ozone-manager/0.5.0-SNAPSHOT/hadoop-ozone-ozone-manager-0.5.0-SNAPSHOT.jar:/home/user/.m2/repository/org/apache/hadoop/hadoop-minikdc/3.2.0/hadoop-minikdc-3.2.0.jar:/home/user/.m2/repository/commons-io/commons-io/2.5/commons-io-2.5.jar:/home/user/.m2/repository/org/apache/kerby/kerb-simplekdc/1.0.1/kerb-simplekdc-1.0.1.jar:/home/user/.m2/repository/org/apache/kerby/kerb-client/1.0.1/kerb-client-1.0.1.jar:/home/user/.m2/repository/org/apache/kerby/kerby-config/1.0.1/kerby-config-1.0.1.jar:/home/user/.m2/repository/org/apache/kerby/kerb-core/1.0.1/kerb-core-1.0.1.jar:/home/user/.m2/repository/org/apache/kerby/kerby-pkix/1.0.1/kerby-pkix-1.0.1.jar:/home/user/.m2/repository/org/apache/kerby/kerby-asn1/1.0.1/kerby-asn1-1.0.1.jar:/home/user/.m2/repository/org/apache/kerby/kerby-util/1.0.1/kerby-util-1.0.1.jar:/home/user/.m2/repository/org/apache/kerby/kerb-common/1.0.1/kerb-common-1.0.1.jar:/home/user/.m2/repository/org/apache/kerby/kerb-crypto/1.0.1/kerb-crypto-1.0.1.jar:/home/user/.m2/repository/org/apache/kerby/kerb-util/1.0.1/kerb-util-1.0.1.jar:/home/user/.m2/repository/org/apache/kerby/token-provider/1.0.1/token-provider-1.0.1.jar:/home/user/.m2/repository/org/apache/kerby/kerb-admin/1.0.1/kerb-admin-1.0.1.jar:/home/user/.m2/repository/org/apache/kerby/kerb-server/1.0.1/kerb-server-1.0.1.jar:/home/user/.m2/repository/org/apache/kerby/kerb-identity/1.0.1/kerb-identity-1.0.1.jar:/home/user/.m2/repository/org/apache/kerby/kerby-xdr/1.0.1/kerby-xdr-1.0.1.jar:/home/user/.m2/repository/org/slf4j/slf4j-log4j12/1.7.25/slf4j-log4j12-1.7.25.jar:/home/user/.m2/repository/org/apache/hadoop/hadoop-ozone-s3gateway/0.5.0-SNAPSHOT/hadoop-ozone-s3gateway-0.5.0-SNAPSHOT.jar:/home/user/.m2/repository/org/jboss/weld/servlet/weld-servlet/2.4.7.Final/weld-servlet-2.4.7.Final.jar:/home/user/.m2/repository/org/glassfish/jersey/containers/jersey-container-servlet-core/2.27/jersey-container-servlet-core-2.27.jar:/home/user/.m2/repository/org/glassfish/hk2/external/javax.inject/2.5.0-b42/javax.inject-2.5.0-b42.jar:/home/user/.m2/repository/org/glassfish/jersey/core/jersey-common/2.27/jersey-common-2.27.jar:/home/user/.m2/repository/org/glassfish/hk2/osgi-resource-locator/1.0.1/osgi-resource-locator-1.0.1.jar:/home/user/.m2/repository/javax/ws/rs/javax.ws.rs-api/2.1/javax.ws.rs-api-2.1.jar:/home/user/.m2/repository/org/glassfish/jersey/ext/cdi/jersey-cdi1x/2.27/jersey-cdi1x-2.27.jar:/home/user/.m2/repository/org/glassfish/jersey/inject/jersey-hk2/2.27/jersey-hk2-2.27.jar:/home/user/.m2/repository/org/glassfish/hk2/hk2-locator/2.5.0-b42/hk2-locator-2.5.0-b42.jar:/home/user/.m2/repository/org/javassist/javassist/3.22.0-CR2/javassist-3.22.0-CR2.jar:/home/user/.m2/repository/org/glassfish/hk2/hk2-api/2.5.0/hk2-api-2.5.0.jar:/home/user/.m2/repository/org/glassfish/hk2/external/jakarta.inject/2.5.0/jakarta.inject-2.5.0.jar:/home/user/.m2/repository/org/glassfish/hk2/hk2-utils/2.5.0/hk2-utils-2.5.0.jar:/home/user/.m2/repository/jakarta/annotation/jakarta.annotation-api/1.3.4/jakarta.annotation-api-1.3.4.jar:/home/user/.m2/repository/org/glassfish/hk2/external/aopalliance-repackaged/2.5.0/aopalliance-repackaged-2.5.0.jar:/home/user/.m2/repository/com/fasterxml/jackson/dataformat/jackson-dataformat-xml/2.9.0/jackson-dataformat-xml-2.9.0.jar:/home/user/.m2/repository/com/fasterxml/jackson/core/jackson-core/2.9.9/jackson-core-2.9.9.jar:/home/user/.m2/repository/com/fasterxml/jackson/module/jackson-module-jaxb-annotations/2.9.9/jackson-module-jaxb-annotations-2.9.9.jar:/home/user/.m2/repository/javax/enterprise/cdi-api/1.2/cdi-api-1.2.jar:/home/user/.m2/repository/javax/el/javax.el-api/3.0.0/javax.el-api-3.0.0.jar:/home/user/.m2/repository/javax/interceptor/javax.interceptor-api/1.2/javax.interceptor-api-1.2.jar:/home/user/.m2/repository/javax/inject/javax.inject/1/javax.inject-1.jar:/home/user/.m2/repository/com/sun/xml/bind/jaxb-impl/2.3.0.1/jaxb-impl-2.3.0.1.jar:/home/user/.m2/repository/com/sun/xml/bind/jaxb-core/2.3.0.1/jaxb-core-2.3.0.1.jar:/home/user/.m2/repository/javax/xml/bind/jaxb-api/2.3.0/jaxb-api-2.3.0.jar:/home/user/.m2/repository/javax/activation/activation/1.1.1/activation-1.1.1.jar:/home/user/.m2/repository/org/apache/hadoop/hadoop-ozone-csi/0.5.0-SNAPSHOT/hadoop-ozone-csi-0.5.0-SNAPSHOT.jar:/home/user/.m2/repository/com/google/protobuf/protobuf-java-util/3.5.1/protobuf-java-util-3.5.1.jar:/home/user/.m2/repository/org/apache/hadoop/hadoop-hdds-config/0.5.0-SNAPSHOT/hadoop-hdds-config-0.5.0-SNAPSHOT.jar:/home/user/.m2/repository/io/grpc/grpc-netty/1.17.1/grpc-netty-1.17.1.jar:/home/user/.m2/repository/io/grpc/grpc-core/1.17.1/grpc-core-1.17.1.jar:/home/user/.m2/repository/io/grpc/grpc-context/1.17.1/grpc-context-1.17.1.jar:/home/user/.m2/repository/com/google/errorprone/error_prone_annotations/2.2.0/error_prone_annotations-2.2.0.jar:/home/user/.m2/repository/org/codehaus/mojo/animal-sniffer-annotations/1.17/animal-sniffer-annotations-1.17.jar:/home/user/.m2/repository/io/opencensus/opencensus-api/0.17.0/opencensus-api-0.17.0.jar:/home/user/.m2/repository/io/opencensus/opencensus-contrib-grpc-metrics/0.17.0/opencensus-contrib-grpc-metrics-0.17.0.jar:/home/user/.m2/repository/io/netty/netty-codec-http2/4.1.30.Final/netty-codec-http2-4.1.30.Final.jar:/home/user/.m2/repository/io/netty/netty-codec-http/4.1.30.Final/netty-codec-http-4.1.30.Final.jar:/home/user/.m2/repository/io/netty/netty-codec/4.1.30.Final/netty-codec-4.1.30.Final.jar:/home/user/.m2/repository/io/netty/netty-handler/4.1.30.Final/netty-handler-4.1.30.Final.jar:/home/user/.m2/repository/io/netty/netty-handler-proxy/4.1.30.Final/netty-handler-proxy-4.1.30.Final.jar:/home/user/.m2/repository/io/netty/netty-codec-socks/4.1.30.Final/netty-codec-socks-4.1.30.Final.jar:/home/user/.m2/repository/io/netty/netty-transport-native-epoll/4.1.30.Final/netty-transport-native-epoll-4.1.30.Final.jar:/home/user/.m2/repository/io/netty/netty-common/4.1.30.Final/netty-common-4.1.30.Final.jar:/home/user/.m2/repository/io/netty/netty-buffer/4.1.30.Final/netty-buffer-4.1.30.Final.jar:/home/user/.m2/repository/io/netty/netty-transport/4.1.30.Final/netty-transport-4.1.30.Final.jar:/home/user/.m2/repository/io/netty/netty-resolver/4.1.30.Final/netty-resolver-4.1.30.Final.jar:/home/user/.m2/repository/io/netty/netty-transport-native-unix-common/4.1.30.Final/netty-transport-native-unix-common-4.1.30.Final.jar:/home/user/.m2/repository/io/grpc/grpc-protobuf/1.17.1/grpc-protobuf-1.17.1.jar:/home/user/.m2/repository/com/google/api/grpc/proto-google-common-protos/1.0.0/proto-google-common-protos-1.0.0.jar:/home/user/.m2/repository/io/grpc/grpc-protobuf-lite/1.17.1/grpc-protobuf-lite-1.17.1.jar:/home/user/.m2/repository/io/grpc/grpc-stub/1.17.1/grpc-stub-1.17.1.jar:/home/user/.m2/repository/org/apache/hadoop/hadoop-ozone-recon/0.5.0-SNAPSHOT/hadoop-ozone-recon-0.5.0-SNAPSHOT.jar:/home/user/.m2/repository/org/apache/hadoop/hadoop-ozone-reconcodegen/0.5.0-SNAPSHOT/hadoop-ozone-reconcodegen-0.5.0-SNAPSHOT.jar:/home/user/.m2/repository/com/google/inject/extensions/guice-multibindings/4.0/guice-multibindings-4.0.jar:/home/user/.m2/repository/com/google/inject/guice/4.0/guice-4.0.jar:/home/user/.m2/repository/aopalliance/aopalliance/1.0/aopalliance-1.0.jar:/home/user/.m2/repository/com/google/inject/extensions/guice-servlet/4.0/guice-servlet-4.0.jar:/home/user/.m2/repository/org/glassfish/jersey/containers/jersey-container-servlet/2.27/jersey-container-servlet-2.27.jar:/home/user/.m2/repository/org/glassfish/hk2/guice-bridge/2.5.0/guice-bridge-2.5.0.jar:/home/user/.m2/repository/org/glassfish/jersey/core/jersey-server/2.27/jersey-server-2.27.jar:/home/user/.m2/repository/org/glassfish/jersey/core/jersey-client/2.27/jersey-client-2.27.jar:/home/user/.m2/repository/org/glassfish/jersey/media/jersey-media-jaxb/2.27/jersey-media-jaxb-2.27.jar:/home/user/.m2/repository/javax/validation/validation-api/1.1.0.Final/validation-api-1.1.0.Final.jar:/home/user/.m2/repository/org/glassfish/jersey/media/jersey-media-json-jackson/2.27/jersey-media-json-jackson-2.27.jar:/home/user/.m2/repository/org/glassfish/jersey/ext/jersey-entity-filtering/2.27/jersey-entity-filtering-2.27.jar:/home/user/.m2/repository/com/google/inject/extensions/guice-assistedinject/4.0/guice-assistedinject-4.0.jar:/home/user/.m2/repository/org/jooq/jooq/3.11.10/jooq-3.11.10.jar:/home/user/.m2/repository/org/jooq/jooq-meta/3.11.10/jooq-meta-3.11.10.jar:/home/user/.m2/repository/org/jooq/jooq-codegen/3.11.10/jooq-codegen-3.11.10.jar:/home/user/.m2/repository/com/jolbox/bonecp/0.8.0.RELEASE/bonecp-0.8.0.RELEASE.jar:/home/user/.m2/repository/org/xerial/sqlite-jdbc/3.25.2/sqlite-jdbc-3.25.2.jar:/home/user/.m2/repository/org/springframework/spring-jdbc/5.1.3.RELEASE/spring-jdbc-5.1.3.RELEASE.jar:/home/user/.m2/repository/org/springframework/spring-beans/5.1.3.RELEASE/spring-beans-5.1.3.RELEASE.jar:/home/user/.m2/repository/org/springframework/spring-core/5.1.3.RELEASE/spring-core-5.1.3.RELEASE.jar:/home/user/.m2/repository/org/springframework/spring-jcl/5.1.3.RELEASE/spring-jcl-5.1.3.RELEASE.jar:/home/user/.m2/repository/org/springframework/spring-tx/5.1.3.RELEASE/spring-tx-5.1.3.RELEASE.jar:/home/user/.m2/repository/org/apache/hadoop/hadoop-ozone-client/0.5.0-SNAPSHOT/hadoop-ozone-client-0.5.0-SNAPSHOT.jar:/home/user/.m2/repository/commons-lang/commons-lang/2.6/commons-lang-2.6.jar:/home/user/.m2/repository/org/apache/hadoop/hadoop-ozone-ozone-manager/0.5.0-SNAPSHOT/hadoop-ozone-ozone-manager-0.5.0-SNAPSHOT-tests.jar:/home/user/.m2/repository/junit/junit/4.11/junit-4.11.jar:/home/user/.m2/repository/org/hamcrest/hamcrest-core/1.3/hamcrest-core-1.3.jar:/home/user/.m2/repository/org/openjdk/jmh/jmh-core/1.19/jmh-core-1.19.jar:/home/user/.m2/repository/net/sf/jopt-simple/jopt-simple/4.6/jopt-simple-4.6.jar:/home/user/.m2/repository/org/apache/commons/commons-math3/3.1.1/commons-math3-3.1.1.jar:/home/user/.m2/repository/org/openjdk/jmh/jmh-generator-annprocess/1.19/jmh-generator-annprocess-1.19.jar:/home/user/.m2/repository/org/mockito/mockito-all/1.8.5/mockito-all-1.8.5.jar:/home/user/.m2/repository/org/apache/hadoop/hadoop-kms/3.2.0/hadoop-kms-3.2.0.jar:/home/user/.m2/repository/org/apache/hadoop/hadoop-auth/3.2.0/hadoop-auth-3.2.0.jar:/home/user/.m2/repository/com/nimbusds/nimbus-jose-jwt/4.41.1/nimbus-jose-jwt-4.41.1.jar:/home/user/.m2/repository/com/github/stephenc/jcip/jcip-annotations/1.0-1/jcip-annotations-1.0-1.jar:/home/user/.m2/repository/net/minidev/json-smart/2.3/json-smart-2.3.jar:/home/user/.m2/repository/net/minidev/accessors-smart/1.2/accessors-smart-1.2.jar:/home/user/.m2/repository/org/ow2/asm/asm/5.0.4/asm-5.0.4.jar:/home/user/.m2/repository/org/apache/curator/curator-framework/2.12.0/curator-framework-2.12.0.jar:/home/user/.m2/repository/com/sun/jersey/jersey-core/1.19/jersey-core-1.19.jar:/home/user/.m2/repository/javax/ws/rs/jsr311-api/1.1.1/jsr311-api-1.1.1.jar:/home/user/.m2/repository/com/sun/jersey/jersey-server/1.19/jersey-server-1.19.jar:/home/user/.m2/repository/javax/servlet/javax.servlet-api/3.1.0/javax.servlet-api-3.1.0.jar:/home/user/.m2/repository/org/eclipse/jetty/jetty-server/9.3.25.v20180904/jetty-server-9.3.25.v20180904.jar:/home/user/.m2/repository/org/eclipse/jetty/jetty-http/9.3.25.v20180904/jetty-http-9.3.25.v20180904.jar:/home/user/.m2/repository/org/eclipse/jetty/jetty-io/9.3.25.v20180904/jetty-io-9.3.25.v20180904.jar:/home/user/.m2/repository/org/eclipse/jetty/jetty-webapp/9.3.25.v20180904/jetty-webapp-9.3.25.v20180904.jar:/home/user/.m2/repository/org/eclipse/jetty/jetty-xml/9.3.25.v20180904/jetty-xml-9.3.25.v20180904.jar:/home/user/.m2/repository/log4j/log4j/1.2.17/log4j-1.2.17.jar:/home/user/.m2/repository/org/slf4j/slf4j-api/1.7.25/slf4j-api-1.7.25.jar:/home/user/.m2/repository/org/slf4j/jul-to-slf4j/1.7.25/jul-to-slf4j-1.7.25.jar:/home/user/.m2/repository/org/eclipse/jetty/jetty-util/9.3.25.v20180904/jetty-util-9.3.25.v20180904.jar:/home/user/.m2/repository/com/fasterxml/jackson/core/jackson-databind/2.9.9/jackson-databind-2.9.9.jar:/home/user/.m2/repository/org/apache/hadoop/hadoop-kms/3.2.0/hadoop-kms-3.2.0-tests.jar:/home/user/.m2/repository/org/apache/hadoop/hadoop-hdds-server-scm/0.5.0-SNAPSHOT/hadoop-hdds-server-scm-0.5.0-SNAPSHOT-tests.jar:/home/user/.m2/repository/org/apache/hadoop/hadoop-hdds-container-service/0.5.0-SNAPSHOT/hadoop-hdds-container-service-0.5.0-SNAPSHOT-tests.jar:/home/user/.m2/repository/org/yaml/snakeyaml/1.16/snakeyaml-1.16.jar:/home/user/.m2/repository/org/apache/hadoop/hadoop-common/3.2.0/hadoop-common-3.2.0-tests.jar:/home/user/.m2/repository/org/apache/hadoop/hadoop-annotations/3.2.0/hadoop-annotations-3.2.0.jar:/usr/lib/jvm/java-1.8-openjdk/jre/../lib/tools.jar:/home/user/.m2/repository/commons-cli/commons-cli/1.2/commons-cli-1.2.jar:/home/user/.m2/repository/org/apache/httpcomponents/httpclient/4.5.2/httpclient-4.5.2.jar:/home/user/.m2/repository/org/apache/httpcomponents/httpcore/4.4.4/httpcore-4.4.4.jar:/home/user/.m2/repository/commons-codec/commons-codec/1.11/commons-codec-1.11.jar:/home/user/.m2/repository/commons-net/commons-net/3.6/commons-net-3.6.jar:/home/user/.m2/repository/commons-collections/commons-collections/3.2.2/commons-collections-3.2.2.jar:/home/user/.m2/repository/org/eclipse/jetty/jetty-servlet/9.3.25.v20180904/jetty-servlet-9.3.25.v20180904.jar:/home/user/.m2/repository/org/eclipse/jetty/jetty-security/9.3.25.v20180904/jetty-security-9.3.25.v20180904.jar:/home/user/.m2/repository/javax/servlet/jsp/jsp-api/2.1/jsp-api-2.1.jar:/home/user/.m2/repository/com/sun/jersey/jersey-servlet/1.19/jersey-servlet-1.19.jar:/home/user/.m2/repository/com/sun/jersey/jersey-json/1.19/jersey-json-1.19.jar:/home/user/.m2/repository/org/codehaus/jettison/jettison/1.1/jettison-1.1.jar:/home/user/.m2/repository/org/codehaus/jackson/jackson-core-asl/1.9.13/jackson-core-asl-1.9.13.jar:/home/user/.m2/repository/org/codehaus/jackson/jackson-mapper-asl/1.9.13/jackson-mapper-asl-1.9.13.jar:/home/user/.m2/repository/org/codehaus/jackson/jackson-jaxrs/1.9.13/jackson-jaxrs-1.9.13.jar:/home/user/.m2/repository/org/codehaus/jackson/jackson-xc/1.9.13/jackson-xc-1.9.13.jar:/home/user/.m2/repository/commons-logging/commons-logging/1.1.3/commons-logging-1.1.3.jar:/home/user/.m2/repository/commons-beanutils/commons-beanutils/1.9.4/commons-beanutils-1.9.4.jar:/home/user/.m2/repository/org/apache/commons/commons-configuration2/2.1.1/commons-configuration2-2.1.1.jar:/home/user/.m2/repository/org/apache/commons/commons-lang3/3.7/commons-lang3-3.7.jar:/home/user/.m2/repository/org/apache/commons/commons-text/1.4/commons-text-1.4.jar:/home/user/.m2/repository/org/apache/avro/avro/1.7.7/avro-1.7.7.jar:/home/user/.m2/repository/com/thoughtworks/paranamer/paranamer/2.3/paranamer-2.3.jar:/home/user/.m2/repository/org/xerial/snappy/snappy-java/1.0.5/snappy-java-1.0.5.jar:/home/user/.m2/repository/com/google/re2j/re2j/1.1/re2j-1.1.jar:/home/user/.m2/repository/com/google/code/gson/gson/2.2.4/gson-2.2.4.jar:/home/user/.m2/repository/com/jcraft/jsch/0.1.54/jsch-0.1.54.jar:/home/user/.m2/repository/org/apache/curator/curator-client/2.12.0/curator-client-2.12.0.jar:/home/user/.m2/repository/org/apache/curator/curator-recipes/2.12.0/curator-recipes-2.12.0.jar:/home/user/.m2/repository/com/google/code/findbugs/jsr305/3.0.0/jsr305-3.0.0.jar:/home/user/.m2/repository/org/apache/htrace/htrace-core4/4.1.0-incubating/htrace-core4-4.1.0-incubating.jar:/home/user/.m2/repository/org/apache/zookeeper/zookeeper/3.4.13/zookeeper-3.4.13.jar:/home/user/.m2/repository/jline/jline/0.9.94/jline-0.9.94.jar:/home/user/.m2/repository/org/apache/yetus/audience-annotations/0.5.0/audience-annotations-0.5.0.jar:/home/user/.m2/repository/org/codehaus/woodstox/stax2-api/3.1.4/stax2-api-3.1.4.jar:/home/user/.m2/repository/com/fasterxml/woodstox/woodstox-core/5.0.3/woodstox-core-5.0.3.jar:/home/user/.m2/repository/dnsjava/dnsjava/2.1.7/dnsjava-2.1.7.jar:/home/user/.m2/repository/org/apache/hadoop/hadoop-hdfs/3.2.0/hadoop-hdfs-3.2.0-tests.jar:/home/user/.m2/repository/org/eclipse/jetty/jetty-util-ajax/9.3.25.v20180904/jetty-util-ajax-9.3.25.v20180904.jar:/home/user/.m2/repository/commons-daemon/commons-daemon/1.0.13/commons-daemon-1.0.13.jar:/home/user/.m2/repository/io/netty/netty/3.10.5.Final/netty-3.10.5.Final.jar:/home/user/.m2/repository/io/netty/netty-all/4.0.52.Final/netty-all-4.0.52.Final.jar:/home/user/.m2/repository/org/fusesource/leveldbjni/leveldbjni-all/1.8/leveldbjni-all-1.8.jar:"/>
    <property name="sun.cpu.endian" value="little"/>
    <property name="user.home" value="/home/user"/>
    <property name="user.language" value="en"/>
    <property name="java.specification.vendor" value="Oracle Corporation"/>
    <property name="java.home" value="/usr/lib/jvm/java-1.8-openjdk/jre"/>
    <property name="java.security.krb5.conf" value="/workdir/hadoop-ozone/integration-test/target/test-classes/krb5.conf"/>
    <property name="basedir" value="/workdir/hadoop-ozone/integration-test"/>
    <property name="file.separator" value="/"/>
    <property name="line.separator" value="&#10;"/>
    <property name="java.vm.specification.vendor" value="Oracle Corporation"/>
    <property name="java.specification.name" value="Java Platform API Specification"/>
    <property name="java.awt.graphicsenv" value="sun.awt.X11GraphicsEnvironment"/>
    <property name="surefire.real.class.path" value="/workdir/hadoop-ozone/integration-test/target/surefire/surefirebooter6039852272261716532.jar"/>
    <property name="hadoop.log.dir" value="/workdir/hadoop-ozone/integration-test/target/log"/>
    <property name="sun.boot.class.path" value="/usr/lib/jvm/java-1.8-openjdk/jre/lib/resources.jar:/usr/lib/jvm/java-1.8-openjdk/jre/lib/rt.jar:/usr/lib/jvm/java-1.8-openjdk/jre/lib/sunrsasign.jar:/usr/lib/jvm/java-1.8-openjdk/jre/lib/jsse.jar:/usr/lib/jvm/java-1.8-openjdk/jre/lib/jce.jar:/usr/lib/jvm/java-1.8-openjdk/jre/lib/charsets.jar:/usr/lib/jvm/java-1.8-openjdk/jre/lib/jfr.jar:/usr/lib/jvm/java-1.8-openjdk/jre/classes"/>
    <property name="sun.management.compiler" value="HotSpot 64-Bit Tiered Compilers"/>
    <property name="java.runtime.version" value="1.8.0_212-b04"/>
    <property name="java.net.preferIPv4Stack" value="true"/>
    <property name="user.name" value="jenkins1000"/>
    <property name="path.separator" value=":"/>
    <property name="java.security.egd" value="file:///dev/urandom"/>
    <property name="os.version" value="3.10.0-957.12.2.el7.x86_64"/>
    <property name="java.endorsed.dirs" value="/usr/lib/jvm/java-1.8-openjdk/jre/lib/endorsed"/>
    <property name="java.runtime.name" value="OpenJDK Runtime Environment"/>
    <property name="file.encoding" value="UTF-8"/>
    <property name="java.vm.name" value="OpenJDK 64-Bit Server VM"/>
    <property name="test.build.webapps" value=""/>
    <property name="localRepository" value="/home/user/.m2/repository"/>
    <property name="java.vendor.url.bug" value="https://icedtea.classpath.org/bugzilla"/>
    <property name="java.io.tmpdir" value="/tmp"/>
    <property name="require.test.libhadoop" value=""/>
    <property name="java.version" value="1.8.0_212"/>
    <property name="user.dir" value="/workdir/hadoop-ozone/integration-test"/>
    <property name="os.arch" value="amd64"/>
    <property name="java.vm.specification.name" value="Java Virtual Machine Specification"/>
    <property name="test.build.classes" value="/workdir/hadoop-ozone/integration-test/target/test-classes"/>
    <property name="java.awt.printerjob" value="sun.print.PSPrinterJob"/>
    <property name="sun.os.patch.level" value="unknown"/>
    <property name="hadoop.tmp.dir" value="/workdir/hadoop-ozone/integration-test/target/tmp"/>
    <property name="java.library.path" value="/usr/lib/jvm/java-1.8-openjdk/jre/lib/amd64/server:/usr/lib/jvm/java-1.8-openjdk/jre/lib/amd64:/usr/lib/jvm/java-1.8-openjdk/jre/../lib/amd64:/workdir/hadoop-ozone/integration-test/target/native/target/usr/local/lib:/workdir/hadoop-ozone/integration-test/../../hadoop-common-project/hadoop-common/target/native/target/usr/local/lib:/usr/java/packages/lib/amd64:/usr/lib64:/lib64:/lib:/usr/lib"/>
    <property name="java.vm.info" value="mixed mode"/>
    <property name="java.vendor" value="IcedTea"/>
    <property name="java.vm.version" value="25.212-b04"/>
    <property name="java.ext.dirs" value="/usr/lib/jvm/java-1.8-openjdk/jre/lib/ext:/usr/java/packages/lib/ext"/>
    <property name="sun.io.unicode.encoding" value="UnicodeLittle"/>
    <property name="java.class.version" value="52.0"/>
  </properties>
  <testcase name="test2WayCommitForRetryfailure" classname="org.apache.hadoop.ozone.client.rpc.Test2WayCommitInRatis" time="30.608">
    <error message="org.apache.ratis.protocol.RaftRetryFailureException: Failed RaftClientRequest:client-059E0346D894-&gt;e617973b-1000-4dcd-bf03-204f72a3580d@group-07270A82450E, cid=13, seq=1*, RW, org.apache.hadoop.hdds.scm.XceiverClientRatis$$Lambda$323/2084457242@2aeb6370 for 20 attempts with RetryLimited(maxAttempts=20, sleepTime=1000ms)" type="java.util.concurrent.ExecutionException">java.util.concurrent.ExecutionException: org.apache.ratis.protocol.RaftRetryFailureException: Failed RaftClientRequest:client-059E0346D894->e617973b-1000-4dcd-bf03-204f72a3580d@group-07270A82450E, cid=13, seq=1*, RW, org.apache.hadoop.hdds.scm.XceiverClientRatis$$Lambda$323/2084457242@2aeb6370 for 20 attempts with RetryLimited(maxAttempts=20, sleepTime=1000ms)
	at java.util.concurrent.CompletableFuture.reportGet(CompletableFuture.java:357)
	at java.util.concurrent.CompletableFuture.get(CompletableFuture.java:1895)
	at org.apache.hadoop.ozone.client.rpc.Test2WayCommitInRatis.test2WayCommitForRetryfailure(Test2WayCommitInRatis.java:138)
	at sun.reflect.NativeMethodAccessorImpl.invoke0(Native Method)
	at sun.reflect.NativeMethodAccessorImpl.invoke(NativeMethodAccessorImpl.java:62)
	at sun.reflect.DelegatingMethodAccessorImpl.invoke(DelegatingMethodAccessorImpl.java:43)
	at java.lang.reflect.Method.invoke(Method.java:498)
	at org.junit.runners.model.FrameworkMethod$1.runReflectiveCall(FrameworkMethod.java:47)
	at org.junit.internal.runners.model.ReflectiveCallable.run(ReflectiveCallable.java:12)
	at org.junit.runners.model.FrameworkMethod.invokeExplosively(FrameworkMethod.java:44)
	at org.junit.internal.runners.statements.InvokeMethod.evaluate(InvokeMethod.java:17)
	at org.junit.runners.ParentRunner.runLeaf(ParentRunner.java:271)
	at org.junit.runners.BlockJUnit4ClassRunner.runChild(BlockJUnit4ClassRunner.java:70)
	at org.junit.runners.BlockJUnit4ClassRunner.runChild(BlockJUnit4ClassRunner.java:50)
	at org.junit.runners.ParentRunner$3.run(ParentRunner.java:238)
	at org.junit.runners.ParentRunner$1.schedule(ParentRunner.java:63)
	at org.junit.runners.ParentRunner.runChildren(ParentRunner.java:236)
	at org.junit.runners.ParentRunner.access$000(ParentRunner.java:53)
	at org.junit.runners.ParentRunner$2.evaluate(ParentRunner.java:229)
	at org.junit.runners.ParentRunner.run(ParentRunner.java:309)
	at org.apache.maven.surefire.junit4.JUnit4Provider.execute(JUnit4Provider.java:365)
	at org.apache.maven.surefire.junit4.JUnit4Provider.executeWithRerun(JUnit4Provider.java:273)
	at org.apache.maven.surefire.junit4.JUnit4Provider.executeTestSet(JUnit4Provider.java:238)
	at org.apache.maven.surefire.junit4.JUnit4Provider.invoke(JUnit4Provider.java:159)
	at org.apache.maven.surefire.booter.ForkedBooter.invokeProviderInSameClassLoader(ForkedBooter.java:384)
	at org.apache.maven.surefire.booter.ForkedBooter.runSuitesInProcess(ForkedBooter.java:345)
	at org.apache.maven.surefire.booter.ForkedBooter.execute(ForkedBooter.java:126)
	at org.apache.maven.surefire.booter.ForkedBooter.main(ForkedBooter.java:418)
Caused by: org.apache.ratis.protocol.RaftRetryFailureException: Failed RaftClientRequest:client-059E0346D894->e617973b-1000-4dcd-bf03-204f72a3580d@group-07270A82450E, cid=13, seq=1*, RW, org.apache.hadoop.hdds.scm.XceiverClientRatis$$Lambda$323/2084457242@2aeb6370 for 20 attempts with RetryLimited(maxAttempts=20, sleepTime=1000ms)
	at org.apache.ratis.client.impl.RaftClientImpl.noMoreRetries(RaftClientImpl.java:271)
	at org.apache.ratis.client.impl.OrderedAsync.handleAsyncRetryFailure(OrderedAsync.java:138)
	at org.apache.ratis.client.impl.OrderedAsync.lambda$sendRequest$10(OrderedAsync.java:230)
	at java.util.concurrent.CompletableFuture.uniExceptionally(CompletableFuture.java:870)
	at java.util.concurrent.CompletableFuture$UniExceptionally.tryFire(CompletableFuture.java:852)
	at java.util.concurrent.CompletableFuture.postComplete(CompletableFuture.java:474)
	at java.util.concurrent.CompletableFuture.completeExceptionally(CompletableFuture.java:1977)
	at org.apache.ratis.grpc.client.GrpcClientProtocolClient$AsyncStreamObservers.completeReplyExceptionally(GrpcClientProtocolClient.java:339)
	at org.apache.ratis.grpc.client.GrpcClientProtocolClient$AsyncStreamObservers.access$000(GrpcClientProtocolClient.java:255)
	at org.apache.ratis.grpc.client.GrpcClientProtocolClient$AsyncStreamObservers$1.onNext(GrpcClientProtocolClient.java:267)
	at org.apache.ratis.grpc.client.GrpcClientProtocolClient$AsyncStreamObservers$1.onNext(GrpcClientProtocolClient.java:258)
	at org.apache.ratis.thirdparty.io.grpc.stub.ClientCalls$StreamObserverToCallListenerAdapter.onMessage(ClientCalls.java:421)
	at org.apache.ratis.thirdparty.io.grpc.ForwardingClientCallListener.onMessage(ForwardingClientCallListener.java:33)
	at org.apache.ratis.thirdparty.io.grpc.ForwardingClientCallListener.onMessage(ForwardingClientCallListener.java:33)
	at org.apache.ratis.thirdparty.io.grpc.internal.ClientCallImpl$ClientStreamListenerImpl$1MessagesAvailable.runInContext(ClientCallImpl.java:519)
	at org.apache.ratis.thirdparty.io.grpc.internal.ContextRunnable.run(ContextRunnable.java:37)
	at org.apache.ratis.thirdparty.io.grpc.internal.SerializingExecutor.run(SerializingExecutor.java:123)
	at java.util.concurrent.ThreadPoolExecutor.runWorker(ThreadPoolExecutor.java:1149)
	at java.util.concurrent.ThreadPoolExecutor$Worker.run(ThreadPoolExecutor.java:624)
	at java.lang.Thread.run(Thread.java:748)
Caused by: org.apache.ratis.protocol.NotLeaderException: Server e617973b-1000-4dcd-bf03-204f72a3580d@group-07270A82450E is not the leader
	at org.apache.ratis.client.impl.ClientProtoUtils.toRaftClientReply(ClientProtoUtils.java:243)
	at org.apache.ratis.grpc.client.GrpcClientProtocolClient$AsyncStreamObservers$1.onNext(GrpcClientProtocolClient.java:263)
	... 10 more
</error>
    <system-out><![CDATA[2019-09-27 20:42:23,200 [main] WARN  server.ServerUtils (ServerUtils.java:getScmDbDir(145)) - ozone.scm.db.dirs is not configured. We recommend adding this setting. Falling back to ozone.metadata.dirs instead.
2019-09-27 20:42:23,322 [main] WARN  server.ServerUtils (ServerUtils.java:getScmDbDir(145)) - ozone.scm.db.dirs is not configured. We recommend adding this setting. Falling back to ozone.metadata.dirs instead.
2019-09-27 20:42:23,324 [main] WARN  server.ServerUtils (ServerUtils.java:getScmDbDir(145)) - ozone.scm.db.dirs is not configured. We recommend adding this setting. Falling back to ozone.metadata.dirs instead.
2019-09-27 20:42:23,341 [main] INFO  util.log (Log.java:initialized(192)) - Logging initialized @828ms
2019-09-27 20:42:23,471 [main] INFO  db.DBStoreBuilder (DBStoreBuilder.java:addTable(110)) - using custom profile for table: deletedBlocks
2019-09-27 20:42:23,472 [main] INFO  db.DBStoreBuilder (DBStoreBuilder.java:processTables(161)) - Using default column profile:DBProfile.DISK for Table:deletedBlocks
2019-09-27 20:42:23,472 [main] INFO  db.DBStoreBuilder (DBStoreBuilder.java:addTable(110)) - using custom profile for table: validCerts
2019-09-27 20:42:23,473 [main] INFO  db.DBStoreBuilder (DBStoreBuilder.java:processTables(161)) - Using default column profile:DBProfile.DISK for Table:validCerts
2019-09-27 20:42:23,473 [main] INFO  db.DBStoreBuilder (DBStoreBuilder.java:addTable(110)) - using custom profile for table: revokedCerts
2019-09-27 20:42:23,473 [main] INFO  db.DBStoreBuilder (DBStoreBuilder.java:processTables(161)) - Using default column profile:DBProfile.DISK for Table:revokedCerts
2019-09-27 20:42:23,487 [main] INFO  db.DBStoreBuilder (DBStoreBuilder.java:addTable(110)) - using custom profile for table: default
2019-09-27 20:42:23,487 [main] INFO  db.DBStoreBuilder (DBStoreBuilder.java:processTables(167)) - Using default column profile:DBProfile.DISK for Table:default
2019-09-27 20:42:23,489 [main] INFO  db.DBStoreBuilder (DBStoreBuilder.java:getDbProfile(198)) - Using default options. DBProfile.DISK
2019-09-27 20:42:23,702 [main] INFO  net.NodeSchemaLoader (NodeSchemaLoader.java:loadSchemaFromFile(125)) - Loading file from sun.misc.CompoundEnumeration@77888435
2019-09-27 20:42:23,704 [main] INFO  net.NodeSchemaLoader (NodeSchemaLoader.java:loadSchema(171)) - Loading network topology layer schema file
2019-09-27 20:42:23,781 [main] WARN  server.ServerUtils (ServerUtils.java:sanitizeUserArgs(70)) - ozone.scm.stale.node.interval value = 300000 is larger than max = 100000 based on the key value of ozone.scm.heartbeat.thread.interval, reset to the max value 100000.
2019-09-27 20:42:23,783 [main] WARN  server.ServerUtils (ServerUtils.java:sanitizeUserArgs(70)) - ozone.scm.stale.node.interval value = 300000 is larger than max = 100000 based on the key value of ozone.scm.heartbeat.thread.interval, reset to the max value 100000.
2019-09-27 20:42:23,785 [main] INFO  node.SCMNodeManager (SCMNodeManager.java:<init>(114)) - Entering startup safe mode.
2019-09-27 20:42:23,858 [main] INFO  algorithms.ContainerPlacementPolicyFactory (ContainerPlacementPolicyFactory.java:getPolicy(57)) - Create container placement policy of type org.apache.hadoop.hdds.scm.container.placement.algorithms.SCMContainerPlacementRandom
2019-09-27 20:42:23,874 [main] WARN  server.ServerUtils (ServerUtils.java:getScmDbDir(145)) - ozone.scm.db.dirs is not configured. We recommend adding this setting. Falling back to ozone.metadata.dirs instead.
2019-09-27 20:42:23,910 [main] INFO  pipeline.SCMPipelineManager (SCMPipelineManager.java:initializePipelineState(132)) - No pipeline exists in current db
2019-09-27 20:42:23,912 [main] WARN  server.ServerUtils (ServerUtils.java:getScmDbDir(145)) - ozone.scm.db.dirs is not configured. We recommend adding this setting. Falling back to ozone.metadata.dirs instead.
2019-09-27 20:42:24,012 [main] WARN  events.EventQueue (EventQueue.java:fireEvent(183)) - No event handler registered for event TypedEvent{payloadType=SafeModeStatus, name='SafeModeStatus'}
2019-09-27 20:42:24,362 [main] INFO  ipc.CallQueueManager (CallQueueManager.java:<init>(84)) - Using callQueue: class java.util.concurrent.LinkedBlockingQueue, queueCapacity: 2000, scheduler: class org.apache.hadoop.ipc.DefaultRpcScheduler, ipcBackoff: false.
2019-09-27 20:42:24,389 [Socket Reader #1 for port 43964] INFO  ipc.Server (Server.java:run(1074)) - Starting Socket Reader #1 for port 43964
2019-09-27 20:42:24,509 [main] INFO  ipc.CallQueueManager (CallQueueManager.java:<init>(84)) - Using callQueue: class java.util.concurrent.LinkedBlockingQueue, queueCapacity: 2000, scheduler: class org.apache.hadoop.ipc.DefaultRpcScheduler, ipcBackoff: false.
2019-09-27 20:42:24,510 [Socket Reader #1 for port 38173] INFO  ipc.Server (Server.java:run(1074)) - Starting Socket Reader #1 for port 38173
2019-09-27 20:42:24,520 [main] INFO  ipc.CallQueueManager (CallQueueManager.java:<init>(84)) - Using callQueue: class java.util.concurrent.LinkedBlockingQueue, queueCapacity: 2000, scheduler: class org.apache.hadoop.ipc.DefaultRpcScheduler, ipcBackoff: false.
2019-09-27 20:42:24,521 [Socket Reader #1 for port 37888] INFO  ipc.Server (Server.java:run(1074)) - Starting Socket Reader #1 for port 37888
2019-09-27 20:42:24,542 [main] INFO  hdfs.DFSUtil (DFSUtil.java:httpServerTemplateForNNAndJN(1641)) - Starting Web-server for scm at: http://0.0.0.0:0
2019-09-27 20:42:24,677 [main] INFO  server.AuthenticationFilter (AuthenticationFilter.java:constructSecretProvider(240)) - Unable to initialize FileSignerSecretProvider, falling back to use random secrets.
2019-09-27 20:42:24,684 [main] WARN  http.HttpRequestLog (HttpRequestLog.java:getRequestLog(97)) - Jetty request log can only be enabled using Log4j
2019-09-27 20:42:24,691 [main] INFO  http.HttpServer2 (HttpServer2.java:addGlobalFilter(975)) - Added global filter 'safety' (class=org.apache.hadoop.http.HttpServer2$QuotingInputFilter)
2019-09-27 20:42:24,694 [main] INFO  http.HttpServer2 (HttpServer2.java:addFilter(948)) - Added filter static_user_filter (class=org.apache.hadoop.http.lib.StaticUserWebFilter$StaticUserFilter) to context scm
2019-09-27 20:42:24,694 [main] INFO  http.HttpServer2 (HttpServer2.java:addFilter(958)) - Added filter static_user_filter (class=org.apache.hadoop.http.lib.StaticUserWebFilter$StaticUserFilter) to context static
2019-09-27 20:42:24,694 [main] INFO  http.HttpServer2 (HttpServer2.java:addFilter(958)) - Added filter static_user_filter (class=org.apache.hadoop.http.lib.StaticUserWebFilter$StaticUserFilter) to context logs
2019-09-27 20:42:24,728 [main] INFO  server.StorageContainerManager (StorageContainerManager.java:start(770)) - StorageContainerLocationProtocol RPC server is listening at /0.0.0.0:37888
2019-09-27 20:42:24,797 [main] WARN  impl.MetricsConfig (MetricsConfig.java:loadFirst(134)) - Cannot locate configuration: tried hadoop-metrics2-storagecontainermanager.properties,hadoop-metrics2.properties
2019-09-27 20:42:24,809 [main] INFO  impl.MetricsSystemImpl (MetricsSystemImpl.java:startTimer(374)) - Scheduled Metric snapshot period at 10 second(s).
2019-09-27 20:42:24,809 [main] INFO  impl.MetricsSystemImpl (MetricsSystemImpl.java:start(191)) - StorageContainerManager metrics system started
2019-09-27 20:42:25,041 [main] INFO  server.SCMClientProtocolServer (SCMClientProtocolServer.java:start(150)) - RPC server for Client  is listening at /0.0.0.0:37888
2019-09-27 20:42:25,042 [IPC Server Responder] INFO  ipc.Server (Server.java:run(1314)) - IPC Server Responder: starting
2019-09-27 20:42:25,042 [IPC Server listener on 37888] INFO  ipc.Server (Server.java:run(1153)) - IPC Server listener on 37888: starting
2019-09-27 20:42:25,045 [main] INFO  server.StorageContainerManager (StorageContainerManager.java:start(780)) - ScmBlockLocationProtocol RPC server is listening at /0.0.0.0:38173
2019-09-27 20:42:25,047 [main] INFO  server.SCMBlockProtocolServer (SCMBlockProtocolServer.java:start(146)) - RPC server for Block Protocol is listening at /0.0.0.0:38173
2019-09-27 20:42:25,048 [IPC Server Responder] INFO  ipc.Server (Server.java:run(1314)) - IPC Server Responder: starting
2019-09-27 20:42:25,048 [IPC Server listener on 38173] INFO  ipc.Server (Server.java:run(1153)) - IPC Server listener on 38173: starting
2019-09-27 20:42:25,051 [main] INFO  server.StorageContainerManager (StorageContainerManager.java:start(784)) - ScmDatanodeProtocl RPC server is listening at /0.0.0.0:43964
2019-09-27 20:42:25,051 [main] INFO  server.SCMDatanodeProtocolServer (SCMDatanodeProtocolServer.java:start(191)) - RPC server for DataNodes is listening at /0.0.0.0:43964
2019-09-27 20:42:25,052 [IPC Server Responder] INFO  ipc.Server (Server.java:run(1314)) - IPC Server Responder: starting
2019-09-27 20:42:25,052 [IPC Server listener on 43964] INFO  ipc.Server (Server.java:run(1153)) - IPC Server listener on 43964: starting
2019-09-27 20:42:25,057 [main] INFO  http.HttpServer2 (HttpServer2.java:bindListener(1191)) - Jetty bound to port 42375
2019-09-27 20:42:25,060 [main] INFO  server.Server (Server.java:doStart(351)) - jetty-9.3.25.v20180904, build timestamp: 2018-09-04T21:11:46Z, git hash: 3ce520221d0240229c862b122d2b06c12a625732
2019-09-27 20:42:25,111 [main] INFO  handler.ContextHandler (ContextHandler.java:doStart(781)) - Started o.e.j.s.ServletContextHandler@615091b8{/logs,file:///workdir/hadoop-ozone/integration-test/target/log,AVAILABLE}
2019-09-27 20:42:25,112 [main] INFO  handler.ContextHandler (ContextHandler.java:doStart(781)) - Started o.e.j.s.ServletContextHandler@4aa83f4f{/static,file:///workdir/hadoop-ozone/integration-test/target/test-classes/webapps/static,AVAILABLE}
2019-09-27 20:42:25,146 [main] INFO  handler.ContextHandler (ContextHandler.java:doStart(781)) - Started o.e.j.w.WebAppContext@3574e198{/,file:///workdir/hadoop-ozone/integration-test/target/test-classes/webapps/scm/,AVAILABLE}{/scm}
2019-09-27 20:42:25,152 [main] INFO  server.AbstractConnector (AbstractConnector.java:doStart(278)) - Started ServerConnector@3aa3193a{HTTP/1.1,[http/1.1]}{0.0.0.0:42375}
2019-09-27 20:42:25,152 [main] INFO  server.Server (Server.java:doStart(419)) - Started @2640ms
2019-09-27 20:42:25,155 [main] INFO  impl.MetricsSinkAdapter (MetricsSinkAdapter.java:start(204)) - Sink prometheus started
2019-09-27 20:42:25,155 [main] INFO  impl.MetricsSystemImpl (MetricsSystemImpl.java:registerSink(301)) - Registered sink prometheus
2019-09-27 20:42:25,157 [main] INFO  server.BaseHttpServer (BaseHttpServer.java:updateConnectorAddress(215)) - HTTP server of SCM is listening at http://0.0.0.0:42375
2019-09-27 20:42:25,163 [org.apache.hadoop.util.JvmPauseMonitor$Monitor@3b366632] INFO  util.JvmPauseMonitor (JvmPauseMonitor.java:run(188)) - Starting JVM pause monitor
2019-09-27 20:42:25,167 [main] WARN  server.ServerUtils (ServerUtils.java:getDBPath(222)) - ozone.om.db.dirs is not configured. We recommend adding this setting. Falling back to ozone.metadata.dirs instead.
2019-09-27 20:42:25,275 [main] WARN  server.ServerUtils (ServerUtils.java:getDBPath(222)) - ozone.om.db.dirs is not configured. We recommend adding this setting. Falling back to ozone.metadata.dirs instead.
2019-09-27 20:42:25,276 [main] WARN  server.ServerUtils (ServerUtils.java:getDBPath(222)) - ozone.om.db.dirs is not configured. We recommend adding this setting. Falling back to ozone.metadata.dirs instead.
2019-09-27 20:42:25,277 [main] INFO  om.OzoneManager (OzoneManager.java:setOMNodeDetails(652)) - OM Service ID is not set. Setting it to the default ID: omServiceIdDefault
2019-09-27 20:42:25,277 [main] INFO  om.OzoneManager (OzoneManager.java:setOMNodeDetails(658)) - OM Node ID is not set. Setting it to the OmStorage's OmID: 56c53768-4eb2-4094-9555-d3fd3b513535
2019-09-27 20:42:25,278 [main] INFO  om.OzoneManager (OzoneManager.java:loadOMHAConfigs(609)) - Found matching OM address with OMServiceId: null, OMNodeId: null, RPC Address: localhost:0 and Ratis port: 9872
2019-09-27 20:42:25,963 [main] WARN  server.ServerUtils (ServerUtils.java:getDBPath(222)) - ozone.om.db.dirs is not configured. We recommend adding this setting. Falling back to ozone.metadata.dirs instead.
2019-09-27 20:42:25,971 [main] INFO  db.DBStoreBuilder (DBStoreBuilder.java:addTable(110)) - using custom profile for table: userTable
2019-09-27 20:42:25,971 [main] INFO  db.DBStoreBuilder (DBStoreBuilder.java:processTables(161)) - Using default column profile:DBProfile.DISK for Table:userTable
2019-09-27 20:42:25,971 [main] INFO  db.DBStoreBuilder (DBStoreBuilder.java:addTable(110)) - using custom profile for table: volumeTable
2019-09-27 20:42:25,972 [main] INFO  db.DBStoreBuilder (DBStoreBuilder.java:processTables(161)) - Using default column profile:DBProfile.DISK for Table:volumeTable
2019-09-27 20:42:25,972 [main] INFO  db.DBStoreBuilder (DBStoreBuilder.java:addTable(110)) - using custom profile for table: bucketTable
2019-09-27 20:42:25,972 [main] INFO  db.DBStoreBuilder (DBStoreBuilder.java:processTables(161)) - Using default column profile:DBProfile.DISK for Table:bucketTable
2019-09-27 20:42:25,972 [main] INFO  db.DBStoreBuilder (DBStoreBuilder.java:addTable(110)) - using custom profile for table: keyTable
2019-09-27 20:42:25,973 [main] INFO  db.DBStoreBuilder (DBStoreBuilder.java:processTables(161)) - Using default column profile:DBProfile.DISK for Table:keyTable
2019-09-27 20:42:25,973 [main] INFO  db.DBStoreBuilder (DBStoreBuilder.java:addTable(110)) - using custom profile for table: deletedTable
2019-09-27 20:42:25,973 [main] INFO  db.DBStoreBuilder (DBStoreBuilder.java:processTables(161)) - Using default column profile:DBProfile.DISK for Table:deletedTable
2019-09-27 20:42:25,973 [main] INFO  db.DBStoreBuilder (DBStoreBuilder.java:addTable(110)) - using custom profile for table: openKeyTable
2019-09-27 20:42:25,973 [main] INFO  db.DBStoreBuilder (DBStoreBuilder.java:processTables(161)) - Using default column profile:DBProfile.DISK for Table:openKeyTable
2019-09-27 20:42:25,974 [main] INFO  db.DBStoreBuilder (DBStoreBuilder.java:addTable(110)) - using custom profile for table: s3Table
2019-09-27 20:42:25,974 [main] INFO  db.DBStoreBuilder (DBStoreBuilder.java:processTables(161)) - Using default column profile:DBProfile.DISK for Table:s3Table
2019-09-27 20:42:25,974 [main] INFO  db.DBStoreBuilder (DBStoreBuilder.java:addTable(110)) - using custom profile for table: multipartInfoTable
2019-09-27 20:42:25,974 [main] INFO  db.DBStoreBuilder (DBStoreBuilder.java:processTables(161)) - Using default column profile:DBProfile.DISK for Table:multipartInfoTable
2019-09-27 20:42:25,975 [main] INFO  db.DBStoreBuilder (DBStoreBuilder.java:addTable(110)) - using custom profile for table: dTokenTable
2019-09-27 20:42:25,975 [main] INFO  db.DBStoreBuilder (DBStoreBuilder.java:processTables(161)) - Using default column profile:DBProfile.DISK for Table:dTokenTable
2019-09-27 20:42:25,975 [main] INFO  db.DBStoreBuilder (DBStoreBuilder.java:addTable(110)) - using custom profile for table: s3SecretTable
2019-09-27 20:42:25,975 [main] INFO  db.DBStoreBuilder (DBStoreBuilder.java:processTables(161)) - Using default column profile:DBProfile.DISK for Table:s3SecretTable
2019-09-27 20:42:25,976 [main] INFO  db.DBStoreBuilder (DBStoreBuilder.java:addTable(110)) - using custom profile for table: prefixTable
2019-09-27 20:42:25,976 [main] INFO  db.DBStoreBuilder (DBStoreBuilder.java:processTables(161)) - Using default column profile:DBProfile.DISK for Table:prefixTable
2019-09-27 20:42:25,976 [main] INFO  db.DBStoreBuilder (DBStoreBuilder.java:addTable(110)) - using custom profile for table: default
2019-09-27 20:42:25,976 [main] INFO  db.DBStoreBuilder (DBStoreBuilder.java:processTables(167)) - Using default column profile:DBProfile.DISK for Table:default
2019-09-27 20:42:25,977 [main] INFO  db.DBStoreBuilder (DBStoreBuilder.java:getDbProfile(198)) - Using default options. DBProfile.DISK
2019-09-27 20:42:26,521 [main] INFO  ipc.CallQueueManager (CallQueueManager.java:<init>(84)) - Using callQueue: class java.util.concurrent.LinkedBlockingQueue, queueCapacity: 2000, scheduler: class org.apache.hadoop.ipc.DefaultRpcScheduler, ipcBackoff: false.
2019-09-27 20:42:26,522 [Socket Reader #1 for port 35783] INFO  ipc.Server (Server.java:run(1074)) - Starting Socket Reader #1 for port 35783
2019-09-27 20:42:26,538 [main] INFO  om.OzoneManager (OzoneManager.java:start(1243)) - OzoneManager RPC server is listening at localhost/127.0.0.1:35783
2019-09-27 20:42:26,538 [main] INFO  impl.MetricsSystemImpl (MetricsSystemImpl.java:init(158)) - OzoneManager metrics system started (again)
2019-09-27 20:42:26,539 [IPC Server Responder] INFO  ipc.Server (Server.java:run(1314)) - IPC Server Responder: starting
2019-09-27 20:42:26,539 [IPC Server listener on 35783] INFO  ipc.Server (Server.java:run(1153)) - IPC Server listener on 35783: starting
2019-09-27 20:42:26,543 [main] INFO  hdfs.DFSUtil (DFSUtil.java:httpServerTemplateForNNAndJN(1641)) - Starting Web-server for ozoneManager at: http://0.0.0.0:0
2019-09-27 20:42:26,545 [main] INFO  server.AuthenticationFilter (AuthenticationFilter.java:constructSecretProvider(240)) - Unable to initialize FileSignerSecretProvider, falling back to use random secrets.
2019-09-27 20:42:26,546 [main] WARN  http.HttpRequestLog (HttpRequestLog.java:getRequestLog(97)) - Jetty request log can only be enabled using Log4j
2019-09-27 20:42:26,549 [main] INFO  http.HttpServer2 (HttpServer2.java:addGlobalFilter(975)) - Added global filter 'safety' (class=org.apache.hadoop.http.HttpServer2$QuotingInputFilter)
2019-09-27 20:42:26,550 [main] INFO  http.HttpServer2 (HttpServer2.java:addFilter(948)) - Added filter static_user_filter (class=org.apache.hadoop.http.lib.StaticUserWebFilter$StaticUserFilter) to context ozoneManager
2019-09-27 20:42:26,551 [main] INFO  http.HttpServer2 (HttpServer2.java:addFilter(958)) - Added filter static_user_filter (class=org.apache.hadoop.http.lib.StaticUserWebFilter$StaticUserFilter) to context static
2019-09-27 20:42:26,551 [main] INFO  http.HttpServer2 (HttpServer2.java:addFilter(958)) - Added filter static_user_filter (class=org.apache.hadoop.http.lib.StaticUserWebFilter$StaticUserFilter) to context logs
2019-09-27 20:42:26,554 [main] INFO  http.HttpServer2 (HttpServer2.java:bindListener(1191)) - Jetty bound to port 36618
2019-09-27 20:42:26,554 [main] INFO  server.Server (Server.java:doStart(351)) - jetty-9.3.25.v20180904, build timestamp: 2018-09-04T21:11:46Z, git hash: 3ce520221d0240229c862b122d2b06c12a625732
2019-09-27 20:42:26,556 [main] INFO  handler.ContextHandler (ContextHandler.java:doStart(781)) - Started o.e.j.s.ServletContextHandler@ecfbe91{/logs,file:///workdir/hadoop-ozone/integration-test/target/log,AVAILABLE}
2019-09-27 20:42:26,557 [main] INFO  handler.ContextHandler (ContextHandler.java:doStart(781)) - Started o.e.j.s.ServletContextHandler@3adbe50f{/static,file:///workdir/hadoop-ozone/integration-test/target/test-classes/webapps/static,AVAILABLE}
2019-09-27 20:42:26,564 [main] INFO  handler.ContextHandler (ContextHandler.java:doStart(781)) - Started o.e.j.w.WebAppContext@748fe51d{/,file:///workdir/hadoop-ozone/integration-test/target/test-classes/webapps/ozoneManager/,AVAILABLE}{/ozoneManager}
2019-09-27 20:42:26,564 [main] INFO  server.AbstractConnector (AbstractConnector.java:doStart(278)) - Started ServerConnector@415156bf{HTTP/1.1,[http/1.1]}{0.0.0.0:36618}
2019-09-27 20:42:26,565 [main] INFO  server.Server (Server.java:doStart(419)) - Started @4052ms
2019-09-27 20:42:26,565 [main] WARN  impl.MetricsSystemImpl (MetricsSystemImpl.java:register(276)) - Sink prometheus already exists!
2019-09-27 20:42:26,566 [main] INFO  server.BaseHttpServer (BaseHttpServer.java:updateConnectorAddress(215)) - HTTP server of OZONEMANAGER is listening at http://0.0.0.0:36618
2019-09-27 20:42:26,878 [main] INFO  impl.MetricsSystemImpl (MetricsSystemImpl.java:init(158)) - HddsDatanode metrics system started (again)
2019-09-27 20:42:26,928 [main] INFO  ozone.HddsDatanodeService (HddsDatanodeService.java:start(184)) - HddsDatanodeService host:pr-hdds-1146-452xf-2747512450 ip:192.168.164.218
2019-09-27 20:42:26,974 [main] INFO  volume.HddsVolume (HddsVolume.java:<init>(176)) - Creating Volume: /workdir/hadoop-ozone/integration-test/target/test-dir/MiniOzoneClusterImpl-11934f51-33c7-4b40-8364-b20e4e673bd3/datanode-0/data/containers/hdds of  storage type : DISK and capacity : 1482555576320
2019-09-27 20:42:26,976 [main] INFO  volume.VolumeSet (VolumeSet.java:initializeVolumeSet(170)) - Added Volume : /workdir/hadoop-ozone/integration-test/target/test-dir/MiniOzoneClusterImpl-11934f51-33c7-4b40-8364-b20e4e673bd3/datanode-0/data/containers/hdds to VolumeSet
2019-09-27 20:42:26,979 [main] INFO  volume.ThrottledAsyncChecker (ThrottledAsyncChecker.java:schedule(139)) - Scheduling a check for org.apache.hadoop.ozone.container.common.volume.HddsVolume@2764c546
2019-09-27 20:42:26,996 [main] INFO  volume.HddsVolumeChecker (HddsVolumeChecker.java:checkAllVolumes(202)) - Scheduled health check for volume org.apache.hadoop.ozone.container.common.volume.HddsVolume@2764c546
2019-09-27 20:42:27,118 [main] INFO  impl.RaftServerProxy (ConfUtils.java:logGet(43)) - raft.rpc.type = GRPC (default)
2019-09-27 20:42:27,189 [main] INFO  grpc.GrpcFactory (GrpcFactory.java:checkPooledByteBufAllocatorUseCacheForAllThreads(45)) - PERFORMANCE WARNING: useCacheForAllThreads is true that may cause Netty to create a lot garbage objects and, as a result, trigger GC.
	It is recommended to disable useCacheForAllThreads by setting -Dorg.apache.ratis.thirdparty.io.netty.allocator.useCacheForAllThreads=false in command line.
2019-09-27 20:42:27,194 [main] INFO  grpc.GrpcConfigKeys$Server (ConfUtils.java:logGet(43)) - raft.grpc.server.port = 0 (default)
2019-09-27 20:42:27,196 [main] INFO  server.GrpcService (ConfUtils.java:logGet(43)) - raft.grpc.message.size.max = 33570816 (custom)
2019-09-27 20:42:27,197 [main] INFO  server.RaftServerConfigKeys (ConfUtils.java:logGet(43)) - raft.server.log.appender.buffer.byte-limit = 33554432 (custom)
2019-09-27 20:42:27,198 [main] INFO  server.GrpcService (ConfUtils.java:logGet(43)) - raft.grpc.flow.control.window = 1MB (=1048576) (default)
2019-09-27 20:42:27,199 [main] INFO  server.RaftServerConfigKeys (ConfUtils.java:logGet(43)) - raft.server.rpc.request.timeout = 3000ms (default)
2019-09-27 20:42:27,363 [main] INFO  server.RaftServerConfigKeys (ConfUtils.java:logGet(43)) - raft.server.storage.dir = [/workdir/hadoop-ozone/integration-test/target/test-dir/MiniOzoneClusterImpl-11934f51-33c7-4b40-8364-b20e4e673bd3/datanode-0/data/ratis] (custom)
2019-09-27 20:42:27,414 [main] INFO  hdfs.DFSUtil (DFSUtil.java:httpServerTemplateForNNAndJN(1641)) - Starting Web-server for hddsDatanode at: http://0.0.0.0:0
2019-09-27 20:42:27,415 [main] INFO  server.AuthenticationFilter (AuthenticationFilter.java:constructSecretProvider(240)) - Unable to initialize FileSignerSecretProvider, falling back to use random secrets.
2019-09-27 20:42:27,417 [main] WARN  http.HttpRequestLog (HttpRequestLog.java:getRequestLog(97)) - Jetty request log can only be enabled using Log4j
2019-09-27 20:42:27,420 [main] INFO  http.HttpServer2 (HttpServer2.java:addGlobalFilter(975)) - Added global filter 'safety' (class=org.apache.hadoop.http.HttpServer2$QuotingInputFilter)
2019-09-27 20:42:27,421 [main] INFO  http.HttpServer2 (HttpServer2.java:addFilter(948)) - Added filter static_user_filter (class=org.apache.hadoop.http.lib.StaticUserWebFilter$StaticUserFilter) to context hddsDatanode
2019-09-27 20:42:27,421 [main] INFO  http.HttpServer2 (HttpServer2.java:addFilter(958)) - Added filter static_user_filter (class=org.apache.hadoop.http.lib.StaticUserWebFilter$StaticUserFilter) to context logs
2019-09-27 20:42:27,421 [main] INFO  http.HttpServer2 (HttpServer2.java:addFilter(958)) - Added filter static_user_filter (class=org.apache.hadoop.http.lib.StaticUserWebFilter$StaticUserFilter) to context static
2019-09-27 20:42:27,423 [main] INFO  http.HttpServer2 (HttpServer2.java:bindListener(1191)) - Jetty bound to port 36210
2019-09-27 20:42:27,424 [main] INFO  server.Server (Server.java:doStart(351)) - jetty-9.3.25.v20180904, build timestamp: 2018-09-04T21:11:46Z, git hash: 3ce520221d0240229c862b122d2b06c12a625732
2019-09-27 20:42:27,426 [main] INFO  handler.ContextHandler (ContextHandler.java:doStart(781)) - Started o.e.j.s.ServletContextHandler@2f236de0{/logs,file:///workdir/hadoop-ozone/integration-test/target/log,AVAILABLE}
2019-09-27 20:42:27,427 [main] INFO  handler.ContextHandler (ContextHandler.java:doStart(781)) - Started o.e.j.s.ServletContextHandler@767a014e{/static,jar:file:/home/user/.m2/repository/org/apache/hadoop/hadoop-hdds-container-service/0.5.0-SNAPSHOT/hadoop-hdds-container-service-0.5.0-SNAPSHOT.jar!/webapps/static,AVAILABLE}
2019-09-27 20:42:27,466 [main] INFO  handler.ContextHandler (ContextHandler.java:doStart(781)) - Started o.e.j.w.WebAppContext@80bfdc6{/,file:///tmp/jetty-0.0.0.0-36210-hddsDatanode-_-any-1619524376014835050.dir/webapp/,AVAILABLE}{/hddsDatanode}
2019-09-27 20:42:27,467 [main] INFO  server.AbstractConnector (AbstractConnector.java:doStart(278)) - Started ServerConnector@6edcad64{HTTP/1.1,[http/1.1]}{0.0.0.0:36210}
2019-09-27 20:42:27,468 [main] INFO  server.Server (Server.java:doStart(419)) - Started @4955ms
2019-09-27 20:42:27,468 [main] WARN  impl.MetricsSystemImpl (MetricsSystemImpl.java:register(276)) - Sink prometheus already exists!
2019-09-27 20:42:27,469 [main] INFO  server.BaseHttpServer (BaseHttpServer.java:updateConnectorAddress(215)) - HTTP server of HDDSDATANODE is listening at http://0.0.0.0:36210
2019-09-27 20:42:27,470 [main] INFO  impl.MetricsSystemImpl (MetricsSystemImpl.java:init(158)) - HddsDatanode metrics system started (again)
2019-09-27 20:42:27,473 [main] INFO  ozone.HddsDatanodeService (HddsDatanodeService.java:start(184)) - HddsDatanodeService host:pr-hdds-1146-452xf-2747512450 ip:192.168.164.218
2019-09-27 20:42:27,475 [org.apache.hadoop.util.JvmPauseMonitor$Monitor@4e609830] INFO  util.JvmPauseMonitor (JvmPauseMonitor.java:run(188)) - Starting JVM pause monitor
2019-09-27 20:42:27,480 [main] INFO  volume.HddsVolume (HddsVolume.java:<init>(176)) - Creating Volume: /workdir/hadoop-ozone/integration-test/target/test-dir/MiniOzoneClusterImpl-11934f51-33c7-4b40-8364-b20e4e673bd3/datanode-1/data/containers/hdds of  storage type : DISK and capacity : 1482555576320
2019-09-27 20:42:27,481 [main] INFO  volume.VolumeSet (VolumeSet.java:initializeVolumeSet(170)) - Added Volume : /workdir/hadoop-ozone/integration-test/target/test-dir/MiniOzoneClusterImpl-11934f51-33c7-4b40-8364-b20e4e673bd3/datanode-1/data/containers/hdds to VolumeSet
2019-09-27 20:42:27,481 [main] INFO  volume.ThrottledAsyncChecker (ThrottledAsyncChecker.java:schedule(139)) - Scheduling a check for org.apache.hadoop.ozone.container.common.volume.HddsVolume@78054f54
2019-09-27 20:42:27,482 [main] INFO  volume.HddsVolumeChecker (HddsVolumeChecker.java:checkAllVolumes(202)) - Scheduled health check for volume org.apache.hadoop.ozone.container.common.volume.HddsVolume@78054f54
2019-09-27 20:42:27,499 [main] INFO  impl.RaftServerProxy (ConfUtils.java:logGet(43)) - raft.rpc.type = GRPC (default)
2019-09-27 20:42:27,499 [main] INFO  grpc.GrpcFactory (GrpcFactory.java:checkPooledByteBufAllocatorUseCacheForAllThreads(45)) - PERFORMANCE WARNING: useCacheForAllThreads is true that may cause Netty to create a lot garbage objects and, as a result, trigger GC.
	It is recommended to disable useCacheForAllThreads by setting -Dorg.apache.ratis.thirdparty.io.netty.allocator.useCacheForAllThreads=false in command line.
2019-09-27 20:42:27,500 [main] INFO  grpc.GrpcConfigKeys$Server (ConfUtils.java:logGet(43)) - raft.grpc.server.port = 0 (default)
2019-09-27 20:42:27,500 [main] INFO  server.GrpcService (ConfUtils.java:logGet(43)) - raft.grpc.message.size.max = 33570816 (custom)
2019-09-27 20:42:27,500 [main] INFO  server.RaftServerConfigKeys (ConfUtils.java:logGet(43)) - raft.server.log.appender.buffer.byte-limit = 33554432 (custom)
2019-09-27 20:42:27,500 [main] INFO  server.GrpcService (ConfUtils.java:logGet(43)) - raft.grpc.flow.control.window = 1MB (=1048576) (default)
2019-09-27 20:42:27,501 [main] INFO  server.RaftServerConfigKeys (ConfUtils.java:logGet(43)) - raft.server.rpc.request.timeout = 3000ms (default)
2019-09-27 20:42:27,501 [main] INFO  server.RaftServerConfigKeys (ConfUtils.java:logGet(43)) - raft.server.storage.dir = [/workdir/hadoop-ozone/integration-test/target/test-dir/MiniOzoneClusterImpl-11934f51-33c7-4b40-8364-b20e4e673bd3/datanode-1/data/ratis] (custom)
2019-09-27 20:42:27,502 [main] INFO  hdfs.DFSUtil (DFSUtil.java:httpServerTemplateForNNAndJN(1641)) - Starting Web-server for hddsDatanode at: http://0.0.0.0:0
2019-09-27 20:42:27,504 [main] INFO  server.AuthenticationFilter (AuthenticationFilter.java:constructSecretProvider(240)) - Unable to initialize FileSignerSecretProvider, falling back to use random secrets.
2019-09-27 20:42:27,505 [main] WARN  http.HttpRequestLog (HttpRequestLog.java:getRequestLog(97)) - Jetty request log can only be enabled using Log4j
2019-09-27 20:42:27,507 [main] INFO  http.HttpServer2 (HttpServer2.java:addGlobalFilter(975)) - Added global filter 'safety' (class=org.apache.hadoop.http.HttpServer2$QuotingInputFilter)
2019-09-27 20:42:27,509 [main] INFO  http.HttpServer2 (HttpServer2.java:addFilter(948)) - Added filter static_user_filter (class=org.apache.hadoop.http.lib.StaticUserWebFilter$StaticUserFilter) to context hddsDatanode
2019-09-27 20:42:27,509 [main] INFO  http.HttpServer2 (HttpServer2.java:addFilter(958)) - Added filter static_user_filter (class=org.apache.hadoop.http.lib.StaticUserWebFilter$StaticUserFilter) to context static
2019-09-27 20:42:27,510 [main] INFO  http.HttpServer2 (HttpServer2.java:addFilter(958)) - Added filter static_user_filter (class=org.apache.hadoop.http.lib.StaticUserWebFilter$StaticUserFilter) to context logs
2019-09-27 20:42:27,511 [main] INFO  http.HttpServer2 (HttpServer2.java:bindListener(1191)) - Jetty bound to port 44725
2019-09-27 20:42:27,512 [main] INFO  server.Server (Server.java:doStart(351)) - jetty-9.3.25.v20180904, build timestamp: 2018-09-04T21:11:46Z, git hash: 3ce520221d0240229c862b122d2b06c12a625732
2019-09-27 20:42:27,515 [main] INFO  handler.ContextHandler (ContextHandler.java:doStart(781)) - Started o.e.j.s.ServletContextHandler@68d7a2df{/logs,file:///workdir/hadoop-ozone/integration-test/target/log,AVAILABLE}
2019-09-27 20:42:27,516 [main] INFO  handler.ContextHandler (ContextHandler.java:doStart(781)) - Started o.e.j.s.ServletContextHandler@12fcc71f{/static,jar:file:/home/user/.m2/repository/org/apache/hadoop/hadoop-hdds-container-service/0.5.0-SNAPSHOT/hadoop-hdds-container-service-0.5.0-SNAPSHOT.jar!/webapps/static,AVAILABLE}
2019-09-27 20:42:27,558 [main] INFO  handler.ContextHandler (ContextHandler.java:doStart(781)) - Started o.e.j.w.WebAppContext@30b131b2{/,file:///tmp/jetty-0.0.0.0-44725-hddsDatanode-_-any-2869338455985202049.dir/webapp/,AVAILABLE}{/hddsDatanode}
2019-09-27 20:42:27,559 [main] INFO  server.AbstractConnector (AbstractConnector.java:doStart(278)) - Started ServerConnector@2924f1d8{HTTP/1.1,[http/1.1]}{0.0.0.0:44725}
2019-09-27 20:42:27,560 [main] INFO  server.Server (Server.java:doStart(419)) - Started @5047ms
2019-09-27 20:42:27,560 [main] WARN  impl.MetricsSystemImpl (MetricsSystemImpl.java:register(276)) - Sink prometheus already exists!
2019-09-27 20:42:27,561 [main] INFO  server.BaseHttpServer (BaseHttpServer.java:updateConnectorAddress(215)) - HTTP server of HDDSDATANODE is listening at http://0.0.0.0:44725
2019-09-27 20:42:27,562 [main] INFO  impl.MetricsSystemImpl (MetricsSystemImpl.java:init(158)) - HddsDatanode metrics system started (again)
2019-09-27 20:42:27,564 [org.apache.hadoop.util.JvmPauseMonitor$Monitor@7e2d8690] INFO  util.JvmPauseMonitor (JvmPauseMonitor.java:run(188)) - Starting JVM pause monitor
2019-09-27 20:42:27,565 [main] INFO  ozone.HddsDatanodeService (HddsDatanodeService.java:start(184)) - HddsDatanodeService host:pr-hdds-1146-452xf-2747512450 ip:192.168.164.218
2019-09-27 20:42:27,572 [main] INFO  volume.HddsVolume (HddsVolume.java:<init>(176)) - Creating Volume: /workdir/hadoop-ozone/integration-test/target/test-dir/MiniOzoneClusterImpl-11934f51-33c7-4b40-8364-b20e4e673bd3/datanode-2/data/containers/hdds of  storage type : DISK and capacity : 1482555576320
2019-09-27 20:42:27,573 [main] INFO  volume.VolumeSet (VolumeSet.java:initializeVolumeSet(170)) - Added Volume : /workdir/hadoop-ozone/integration-test/target/test-dir/MiniOzoneClusterImpl-11934f51-33c7-4b40-8364-b20e4e673bd3/datanode-2/data/containers/hdds to VolumeSet
2019-09-27 20:42:27,573 [main] INFO  volume.ThrottledAsyncChecker (ThrottledAsyncChecker.java:schedule(139)) - Scheduling a check for org.apache.hadoop.ozone.container.common.volume.HddsVolume@2aff9dff
2019-09-27 20:42:27,574 [main] INFO  volume.HddsVolumeChecker (HddsVolumeChecker.java:checkAllVolumes(202)) - Scheduled health check for volume org.apache.hadoop.ozone.container.common.volume.HddsVolume@2aff9dff
2019-09-27 20:42:27,590 [Datanode State Machine Thread - 0] INFO  datanode.InitDatanodeState (InitDatanodeState.java:persistContainerDatanodeDetails(140)) - DatanodeDetails is persisted to /workdir/hadoop-ozone/integration-test/target/test-dir/MiniOzoneClusterImpl-11934f51-33c7-4b40-8364-b20e4e673bd3/datanode-0/meta/datanode.id
2019-09-27 20:42:27,593 [main] INFO  impl.RaftServerProxy (ConfUtils.java:logGet(43)) - raft.rpc.type = GRPC (default)
2019-09-27 20:42:27,593 [Datanode State Machine Thread - 0] INFO  datanode.InitDatanodeState (InitDatanodeState.java:persistContainerDatanodeDetails(140)) - DatanodeDetails is persisted to /workdir/hadoop-ozone/integration-test/target/test-dir/MiniOzoneClusterImpl-11934f51-33c7-4b40-8364-b20e4e673bd3/datanode-1/meta/datanode.id
2019-09-27 20:42:27,593 [main] INFO  grpc.GrpcFactory (GrpcFactory.java:checkPooledByteBufAllocatorUseCacheForAllThreads(45)) - PERFORMANCE WARNING: useCacheForAllThreads is true that may cause Netty to create a lot garbage objects and, as a result, trigger GC.
	It is recommended to disable useCacheForAllThreads by setting -Dorg.apache.ratis.thirdparty.io.netty.allocator.useCacheForAllThreads=false in command line.
2019-09-27 20:42:27,594 [main] INFO  grpc.GrpcConfigKeys$Server (ConfUtils.java:logGet(43)) - raft.grpc.server.port = 0 (default)
2019-09-27 20:42:27,594 [main] INFO  server.GrpcService (ConfUtils.java:logGet(43)) - raft.grpc.message.size.max = 33570816 (custom)
2019-09-27 20:42:27,595 [main] INFO  server.RaftServerConfigKeys (ConfUtils.java:logGet(43)) - raft.server.log.appender.buffer.byte-limit = 33554432 (custom)
2019-09-27 20:42:27,595 [main] INFO  server.GrpcService (ConfUtils.java:logGet(43)) - raft.grpc.flow.control.window = 1MB (=1048576) (default)
2019-09-27 20:42:27,595 [main] INFO  server.RaftServerConfigKeys (ConfUtils.java:logGet(43)) - raft.server.rpc.request.timeout = 3000ms (default)
2019-09-27 20:42:27,596 [main] INFO  server.RaftServerConfigKeys (ConfUtils.java:logGet(43)) - raft.server.storage.dir = [/workdir/hadoop-ozone/integration-test/target/test-dir/MiniOzoneClusterImpl-11934f51-33c7-4b40-8364-b20e4e673bd3/datanode-2/data/ratis] (custom)
2019-09-27 20:42:27,598 [main] INFO  hdfs.DFSUtil (DFSUtil.java:httpServerTemplateForNNAndJN(1641)) - Starting Web-server for hddsDatanode at: http://0.0.0.0:0
2019-09-27 20:42:27,599 [main] INFO  server.AuthenticationFilter (AuthenticationFilter.java:constructSecretProvider(240)) - Unable to initialize FileSignerSecretProvider, falling back to use random secrets.
2019-09-27 20:42:27,599 [main] WARN  http.HttpRequestLog (HttpRequestLog.java:getRequestLog(97)) - Jetty request log can only be enabled using Log4j
2019-09-27 20:42:27,601 [main] INFO  http.HttpServer2 (HttpServer2.java:addGlobalFilter(975)) - Added global filter 'safety' (class=org.apache.hadoop.http.HttpServer2$QuotingInputFilter)
2019-09-27 20:42:27,602 [main] INFO  http.HttpServer2 (HttpServer2.java:addFilter(948)) - Added filter static_user_filter (class=org.apache.hadoop.http.lib.StaticUserWebFilter$StaticUserFilter) to context hddsDatanode
2019-09-27 20:42:27,602 [main] INFO  http.HttpServer2 (HttpServer2.java:addFilter(958)) - Added filter static_user_filter (class=org.apache.hadoop.http.lib.StaticUserWebFilter$StaticUserFilter) to context static
2019-09-27 20:42:27,602 [main] INFO  http.HttpServer2 (HttpServer2.java:addFilter(958)) - Added filter static_user_filter (class=org.apache.hadoop.http.lib.StaticUserWebFilter$StaticUserFilter) to context logs
2019-09-27 20:42:27,603 [main] INFO  http.HttpServer2 (HttpServer2.java:bindListener(1191)) - Jetty bound to port 32853
2019-09-27 20:42:27,603 [main] INFO  server.Server (Server.java:doStart(351)) - jetty-9.3.25.v20180904, build timestamp: 2018-09-04T21:11:46Z, git hash: 3ce520221d0240229c862b122d2b06c12a625732
2019-09-27 20:42:27,607 [main] INFO  handler.ContextHandler (ContextHandler.java:doStart(781)) - Started o.e.j.s.ServletContextHandler@15639440{/logs,file:///workdir/hadoop-ozone/integration-test/target/log,AVAILABLE}
2019-09-27 20:42:27,608 [main] INFO  handler.ContextHandler (ContextHandler.java:doStart(781)) - Started o.e.j.s.ServletContextHandler@4faa298{/static,jar:file:/home/user/.m2/repository/org/apache/hadoop/hadoop-hdds-container-service/0.5.0-SNAPSHOT/hadoop-hdds-container-service-0.5.0-SNAPSHOT.jar!/webapps/static,AVAILABLE}
2019-09-27 20:42:27,635 [main] INFO  handler.ContextHandler (ContextHandler.java:doStart(781)) - Started o.e.j.w.WebAppContext@118ffcfd{/,file:///tmp/jetty-0.0.0.0-32853-hddsDatanode-_-any-4989375731024062459.dir/webapp/,AVAILABLE}{/hddsDatanode}
2019-09-27 20:42:27,636 [main] INFO  server.AbstractConnector (AbstractConnector.java:doStart(278)) - Started ServerConnector@53f4c1e6{HTTP/1.1,[http/1.1]}{0.0.0.0:32853}
2019-09-27 20:42:27,638 [main] INFO  server.Server (Server.java:doStart(419)) - Started @5124ms
2019-09-27 20:42:27,638 [main] WARN  impl.MetricsSystemImpl (MetricsSystemImpl.java:register(276)) - Sink prometheus already exists!
2019-09-27 20:42:27,639 [main] INFO  server.BaseHttpServer (BaseHttpServer.java:updateConnectorAddress(215)) - HTTP server of HDDSDATANODE is listening at http://0.0.0.0:32853
2019-09-27 20:42:27,639 [main] INFO  impl.MetricsSystemImpl (MetricsSystemImpl.java:init(158)) - HddsDatanode metrics system started (again)
2019-09-27 20:42:27,643 [org.apache.hadoop.util.JvmPauseMonitor$Monitor@7652f443] INFO  util.JvmPauseMonitor (JvmPauseMonitor.java:run(188)) - Starting JVM pause monitor
2019-09-27 20:42:27,643 [main] INFO  ozone.HddsDatanodeService (HddsDatanodeService.java:start(184)) - HddsDatanodeService host:pr-hdds-1146-452xf-2747512450 ip:192.168.164.218
2019-09-27 20:42:27,645 [Datanode State Machine Thread - 0] INFO  datanode.InitDatanodeState (InitDatanodeState.java:persistContainerDatanodeDetails(140)) - DatanodeDetails is persisted to /workdir/hadoop-ozone/integration-test/target/test-dir/MiniOzoneClusterImpl-11934f51-33c7-4b40-8364-b20e4e673bd3/datanode-2/meta/datanode.id
2019-09-27 20:42:27,654 [main] INFO  volume.HddsVolume (HddsVolume.java:<init>(176)) - Creating Volume: /workdir/hadoop-ozone/integration-test/target/test-dir/MiniOzoneClusterImpl-11934f51-33c7-4b40-8364-b20e4e673bd3/datanode-3/data/containers/hdds of  storage type : DISK and capacity : 1482555576320
2019-09-27 20:42:27,654 [main] INFO  volume.VolumeSet (VolumeSet.java:initializeVolumeSet(170)) - Added Volume : /workdir/hadoop-ozone/integration-test/target/test-dir/MiniOzoneClusterImpl-11934f51-33c7-4b40-8364-b20e4e673bd3/datanode-3/data/containers/hdds to VolumeSet
2019-09-27 20:42:27,654 [main] INFO  volume.ThrottledAsyncChecker (ThrottledAsyncChecker.java:schedule(139)) - Scheduling a check for org.apache.hadoop.ozone.container.common.volume.HddsVolume@4ce94d2f
2019-09-27 20:42:27,655 [main] INFO  volume.HddsVolumeChecker (HddsVolumeChecker.java:checkAllVolumes(202)) - Scheduled health check for volume org.apache.hadoop.ozone.container.common.volume.HddsVolume@4ce94d2f
2019-09-27 20:42:27,672 [main] INFO  impl.RaftServerProxy (ConfUtils.java:logGet(43)) - raft.rpc.type = GRPC (default)
2019-09-27 20:42:27,673 [main] INFO  grpc.GrpcFactory (GrpcFactory.java:checkPooledByteBufAllocatorUseCacheForAllThreads(45)) - PERFORMANCE WARNING: useCacheForAllThreads is true that may cause Netty to create a lot garbage objects and, as a result, trigger GC.
	It is recommended to disable useCacheForAllThreads by setting -Dorg.apache.ratis.thirdparty.io.netty.allocator.useCacheForAllThreads=false in command line.
2019-09-27 20:42:27,673 [main] INFO  grpc.GrpcConfigKeys$Server (ConfUtils.java:logGet(43)) - raft.grpc.server.port = 0 (default)
2019-09-27 20:42:27,673 [main] INFO  server.GrpcService (ConfUtils.java:logGet(43)) - raft.grpc.message.size.max = 33570816 (custom)
2019-09-27 20:42:27,673 [main] INFO  server.RaftServerConfigKeys (ConfUtils.java:logGet(43)) - raft.server.log.appender.buffer.byte-limit = 33554432 (custom)
2019-09-27 20:42:27,674 [main] INFO  server.GrpcService (ConfUtils.java:logGet(43)) - raft.grpc.flow.control.window = 1MB (=1048576) (default)
2019-09-27 20:42:27,674 [main] INFO  server.RaftServerConfigKeys (ConfUtils.java:logGet(43)) - raft.server.rpc.request.timeout = 3000ms (default)
2019-09-27 20:42:27,674 [main] INFO  server.RaftServerConfigKeys (ConfUtils.java:logGet(43)) - raft.server.storage.dir = [/workdir/hadoop-ozone/integration-test/target/test-dir/MiniOzoneClusterImpl-11934f51-33c7-4b40-8364-b20e4e673bd3/datanode-3/data/ratis] (custom)
2019-09-27 20:42:27,676 [main] INFO  hdfs.DFSUtil (DFSUtil.java:httpServerTemplateForNNAndJN(1641)) - Starting Web-server for hddsDatanode at: http://0.0.0.0:0
2019-09-27 20:42:27,677 [main] INFO  server.AuthenticationFilter (AuthenticationFilter.java:constructSecretProvider(240)) - Unable to initialize FileSignerSecretProvider, falling back to use random secrets.
2019-09-27 20:42:27,678 [main] WARN  http.HttpRequestLog (HttpRequestLog.java:getRequestLog(97)) - Jetty request log can only be enabled using Log4j
2019-09-27 20:42:27,679 [main] INFO  http.HttpServer2 (HttpServer2.java:addGlobalFilter(975)) - Added global filter 'safety' (class=org.apache.hadoop.http.HttpServer2$QuotingInputFilter)
2019-09-27 20:42:27,680 [main] INFO  http.HttpServer2 (HttpServer2.java:addFilter(948)) - Added filter static_user_filter (class=org.apache.hadoop.http.lib.StaticUserWebFilter$StaticUserFilter) to context hddsDatanode
2019-09-27 20:42:27,680 [main] INFO  http.HttpServer2 (HttpServer2.java:addFilter(958)) - Added filter static_user_filter (class=org.apache.hadoop.http.lib.StaticUserWebFilter$StaticUserFilter) to context static
2019-09-27 20:42:27,680 [main] INFO  http.HttpServer2 (HttpServer2.java:addFilter(958)) - Added filter static_user_filter (class=org.apache.hadoop.http.lib.StaticUserWebFilter$StaticUserFilter) to context logs
2019-09-27 20:42:27,681 [main] INFO  http.HttpServer2 (HttpServer2.java:bindListener(1191)) - Jetty bound to port 46075
2019-09-27 20:42:27,681 [main] INFO  server.Server (Server.java:doStart(351)) - jetty-9.3.25.v20180904, build timestamp: 2018-09-04T21:11:46Z, git hash: 3ce520221d0240229c862b122d2b06c12a625732
2019-09-27 20:42:27,683 [main] INFO  handler.ContextHandler (ContextHandler.java:doStart(781)) - Started o.e.j.s.ServletContextHandler@4b97c4ad{/logs,file:///workdir/hadoop-ozone/integration-test/target/log,AVAILABLE}
2019-09-27 20:42:27,684 [main] INFO  handler.ContextHandler (ContextHandler.java:doStart(781)) - Started o.e.j.s.ServletContextHandler@642f9a77{/static,jar:file:/home/user/.m2/repository/org/apache/hadoop/hadoop-hdds-container-service/0.5.0-SNAPSHOT/hadoop-hdds-container-service-0.5.0-SNAPSHOT.jar!/webapps/static,AVAILABLE}
2019-09-27 20:42:27,713 [main] INFO  handler.ContextHandler (ContextHandler.java:doStart(781)) - Started o.e.j.w.WebAppContext@350d3f4d{/,file:///tmp/jetty-0.0.0.0-46075-hddsDatanode-_-any-6392364709959442474.dir/webapp/,AVAILABLE}{/hddsDatanode}
2019-09-27 20:42:27,715 [main] INFO  server.AbstractConnector (AbstractConnector.java:doStart(278)) - Started ServerConnector@18b8d173{HTTP/1.1,[http/1.1]}{0.0.0.0:46075}
2019-09-27 20:42:27,716 [main] INFO  server.Server (Server.java:doStart(419)) - Started @5204ms
2019-09-27 20:42:27,716 [main] WARN  impl.MetricsSystemImpl (MetricsSystemImpl.java:register(276)) - Sink prometheus already exists!
2019-09-27 20:42:27,717 [main] INFO  server.BaseHttpServer (BaseHttpServer.java:updateConnectorAddress(215)) - HTTP server of HDDSDATANODE is listening at http://0.0.0.0:46075
2019-09-27 20:42:27,717 [main] INFO  impl.MetricsSystemImpl (MetricsSystemImpl.java:init(158)) - HddsDatanode metrics system started (again)
2019-09-27 20:42:27,721 [org.apache.hadoop.util.JvmPauseMonitor$Monitor@78980b2b] INFO  util.JvmPauseMonitor (JvmPauseMonitor.java:run(188)) - Starting JVM pause monitor
2019-09-27 20:42:27,721 [main] INFO  ozone.HddsDatanodeService (HddsDatanodeService.java:start(184)) - HddsDatanodeService host:pr-hdds-1146-452xf-2747512450 ip:192.168.164.218
2019-09-27 20:42:27,723 [Datanode State Machine Thread - 0] INFO  datanode.InitDatanodeState (InitDatanodeState.java:persistContainerDatanodeDetails(140)) - DatanodeDetails is persisted to /workdir/hadoop-ozone/integration-test/target/test-dir/MiniOzoneClusterImpl-11934f51-33c7-4b40-8364-b20e4e673bd3/datanode-3/meta/datanode.id
2019-09-27 20:42:27,729 [main] INFO  volume.HddsVolume (HddsVolume.java:<init>(176)) - Creating Volume: /workdir/hadoop-ozone/integration-test/target/test-dir/MiniOzoneClusterImpl-11934f51-33c7-4b40-8364-b20e4e673bd3/datanode-4/data/containers/hdds of  storage type : DISK and capacity : 1482555576320
2019-09-27 20:42:27,730 [main] INFO  volume.VolumeSet (VolumeSet.java:initializeVolumeSet(170)) - Added Volume : /workdir/hadoop-ozone/integration-test/target/test-dir/MiniOzoneClusterImpl-11934f51-33c7-4b40-8364-b20e4e673bd3/datanode-4/data/containers/hdds to VolumeSet
2019-09-27 20:42:27,730 [main] INFO  volume.ThrottledAsyncChecker (ThrottledAsyncChecker.java:schedule(139)) - Scheduling a check for org.apache.hadoop.ozone.container.common.volume.HddsVolume@3f0d6038
2019-09-27 20:42:27,731 [main] INFO  volume.HddsVolumeChecker (HddsVolumeChecker.java:checkAllVolumes(202)) - Scheduled health check for volume org.apache.hadoop.ozone.container.common.volume.HddsVolume@3f0d6038
2019-09-27 20:42:27,747 [main] INFO  impl.RaftServerProxy (ConfUtils.java:logGet(43)) - raft.rpc.type = GRPC (default)
2019-09-27 20:42:27,747 [main] INFO  grpc.GrpcFactory (GrpcFactory.java:checkPooledByteBufAllocatorUseCacheForAllThreads(45)) - PERFORMANCE WARNING: useCacheForAllThreads is true that may cause Netty to create a lot garbage objects and, as a result, trigger GC.
	It is recommended to disable useCacheForAllThreads by setting -Dorg.apache.ratis.thirdparty.io.netty.allocator.useCacheForAllThreads=false in command line.
2019-09-27 20:42:27,747 [main] INFO  grpc.GrpcConfigKeys$Server (ConfUtils.java:logGet(43)) - raft.grpc.server.port = 0 (default)
2019-09-27 20:42:27,748 [main] INFO  server.GrpcService (ConfUtils.java:logGet(43)) - raft.grpc.message.size.max = 33570816 (custom)
2019-09-27 20:42:27,748 [main] INFO  server.RaftServerConfigKeys (ConfUtils.java:logGet(43)) - raft.server.log.appender.buffer.byte-limit = 33554432 (custom)
2019-09-27 20:42:27,748 [main] INFO  server.GrpcService (ConfUtils.java:logGet(43)) - raft.grpc.flow.control.window = 1MB (=1048576) (default)
2019-09-27 20:42:27,749 [main] INFO  server.RaftServerConfigKeys (ConfUtils.java:logGet(43)) - raft.server.rpc.request.timeout = 3000ms (default)
2019-09-27 20:42:27,749 [main] INFO  server.RaftServerConfigKeys (ConfUtils.java:logGet(43)) - raft.server.storage.dir = [/workdir/hadoop-ozone/integration-test/target/test-dir/MiniOzoneClusterImpl-11934f51-33c7-4b40-8364-b20e4e673bd3/datanode-4/data/ratis] (custom)
2019-09-27 20:42:27,751 [main] INFO  hdfs.DFSUtil (DFSUtil.java:httpServerTemplateForNNAndJN(1641)) - Starting Web-server for hddsDatanode at: http://0.0.0.0:0
2019-09-27 20:42:27,753 [main] INFO  server.AuthenticationFilter (AuthenticationFilter.java:constructSecretProvider(240)) - Unable to initialize FileSignerSecretProvider, falling back to use random secrets.
2019-09-27 20:42:27,753 [main] WARN  http.HttpRequestLog (HttpRequestLog.java:getRequestLog(97)) - Jetty request log can only be enabled using Log4j
2019-09-27 20:42:27,755 [main] INFO  http.HttpServer2 (HttpServer2.java:addGlobalFilter(975)) - Added global filter 'safety' (class=org.apache.hadoop.http.HttpServer2$QuotingInputFilter)
2019-09-27 20:42:27,756 [main] INFO  http.HttpServer2 (HttpServer2.java:addFilter(948)) - Added filter static_user_filter (class=org.apache.hadoop.http.lib.StaticUserWebFilter$StaticUserFilter) to context hddsDatanode
2019-09-27 20:42:27,756 [main] INFO  http.HttpServer2 (HttpServer2.java:addFilter(958)) - Added filter static_user_filter (class=org.apache.hadoop.http.lib.StaticUserWebFilter$StaticUserFilter) to context logs
2019-09-27 20:42:27,756 [main] INFO  http.HttpServer2 (HttpServer2.java:addFilter(958)) - Added filter static_user_filter (class=org.apache.hadoop.http.lib.StaticUserWebFilter$StaticUserFilter) to context static
2019-09-27 20:42:27,757 [main] INFO  http.HttpServer2 (HttpServer2.java:bindListener(1191)) - Jetty bound to port 46367
2019-09-27 20:42:27,757 [main] INFO  server.Server (Server.java:doStart(351)) - jetty-9.3.25.v20180904, build timestamp: 2018-09-04T21:11:46Z, git hash: 3ce520221d0240229c862b122d2b06c12a625732
2019-09-27 20:42:27,762 [main] INFO  handler.ContextHandler (ContextHandler.java:doStart(781)) - Started o.e.j.s.ServletContextHandler@68b9834c{/logs,file:///workdir/hadoop-ozone/integration-test/target/log,AVAILABLE}
2019-09-27 20:42:27,762 [main] INFO  handler.ContextHandler (ContextHandler.java:doStart(781)) - Started o.e.j.s.ServletContextHandler@671d1157{/static,jar:file:/home/user/.m2/repository/org/apache/hadoop/hadoop-hdds-container-service/0.5.0-SNAPSHOT/hadoop-hdds-container-service-0.5.0-SNAPSHOT.jar!/webapps/static,AVAILABLE}
2019-09-27 20:42:27,790 [main] INFO  handler.ContextHandler (ContextHandler.java:doStart(781)) - Started o.e.j.w.WebAppContext@76ad6715{/,file:///tmp/jetty-0.0.0.0-46367-hddsDatanode-_-any-2410070150716790171.dir/webapp/,AVAILABLE}{/hddsDatanode}
2019-09-27 20:42:27,792 [main] INFO  server.AbstractConnector (AbstractConnector.java:doStart(278)) - Started ServerConnector@56637cff{HTTP/1.1,[http/1.1]}{0.0.0.0:46367}
2019-09-27 20:42:27,793 [main] INFO  server.Server (Server.java:doStart(419)) - Started @5281ms
2019-09-27 20:42:27,793 [main] WARN  impl.MetricsSystemImpl (MetricsSystemImpl.java:register(276)) - Sink prometheus already exists!
2019-09-27 20:42:27,794 [main] INFO  server.BaseHttpServer (BaseHttpServer.java:updateConnectorAddress(215)) - HTTP server of HDDSDATANODE is listening at http://0.0.0.0:46367
2019-09-27 20:42:27,795 [main] INFO  impl.MetricsSystemImpl (MetricsSystemImpl.java:init(158)) - HddsDatanode metrics system started (again)
2019-09-27 20:42:27,798 [main] INFO  ozone.HddsDatanodeService (HddsDatanodeService.java:start(184)) - HddsDatanodeService host:pr-hdds-1146-452xf-2747512450 ip:192.168.164.218
2019-09-27 20:42:27,798 [org.apache.hadoop.util.JvmPauseMonitor$Monitor@785f55df] INFO  util.JvmPauseMonitor (JvmPauseMonitor.java:run(188)) - Starting JVM pause monitor
2019-09-27 20:42:27,801 [Datanode State Machine Thread - 0] INFO  datanode.InitDatanodeState (InitDatanodeState.java:persistContainerDatanodeDetails(140)) - DatanodeDetails is persisted to /workdir/hadoop-ozone/integration-test/target/test-dir/MiniOzoneClusterImpl-11934f51-33c7-4b40-8364-b20e4e673bd3/datanode-4/meta/datanode.id
2019-09-27 20:42:27,806 [main] INFO  volume.HddsVolume (HddsVolume.java:<init>(176)) - Creating Volume: /workdir/hadoop-ozone/integration-test/target/test-dir/MiniOzoneClusterImpl-11934f51-33c7-4b40-8364-b20e4e673bd3/datanode-5/data/containers/hdds of  storage type : DISK and capacity : 1482555576320
2019-09-27 20:42:27,806 [main] INFO  volume.VolumeSet (VolumeSet.java:initializeVolumeSet(170)) - Added Volume : /workdir/hadoop-ozone/integration-test/target/test-dir/MiniOzoneClusterImpl-11934f51-33c7-4b40-8364-b20e4e673bd3/datanode-5/data/containers/hdds to VolumeSet
2019-09-27 20:42:27,806 [main] INFO  volume.ThrottledAsyncChecker (ThrottledAsyncChecker.java:schedule(139)) - Scheduling a check for org.apache.hadoop.ozone.container.common.volume.HddsVolume@32130e61
2019-09-27 20:42:27,807 [main] INFO  volume.HddsVolumeChecker (HddsVolumeChecker.java:checkAllVolumes(202)) - Scheduled health check for volume org.apache.hadoop.ozone.container.common.volume.HddsVolume@32130e61
2019-09-27 20:42:27,824 [main] INFO  impl.RaftServerProxy (ConfUtils.java:logGet(43)) - raft.rpc.type = GRPC (default)
2019-09-27 20:42:27,824 [main] INFO  grpc.GrpcFactory (GrpcFactory.java:checkPooledByteBufAllocatorUseCacheForAllThreads(45)) - PERFORMANCE WARNING: useCacheForAllThreads is true that may cause Netty to create a lot garbage objects and, as a result, trigger GC.
	It is recommended to disable useCacheForAllThreads by setting -Dorg.apache.ratis.thirdparty.io.netty.allocator.useCacheForAllThreads=false in command line.
2019-09-27 20:42:27,825 [main] INFO  grpc.GrpcConfigKeys$Server (ConfUtils.java:logGet(43)) - raft.grpc.server.port = 0 (default)
2019-09-27 20:42:27,825 [main] INFO  server.GrpcService (ConfUtils.java:logGet(43)) - raft.grpc.message.size.max = 33570816 (custom)
2019-09-27 20:42:27,825 [main] INFO  server.RaftServerConfigKeys (ConfUtils.java:logGet(43)) - raft.server.log.appender.buffer.byte-limit = 33554432 (custom)
2019-09-27 20:42:27,826 [main] INFO  server.GrpcService (ConfUtils.java:logGet(43)) - raft.grpc.flow.control.window = 1MB (=1048576) (default)
2019-09-27 20:42:27,826 [main] INFO  server.RaftServerConfigKeys (ConfUtils.java:logGet(43)) - raft.server.rpc.request.timeout = 3000ms (default)
2019-09-27 20:42:27,827 [main] INFO  server.RaftServerConfigKeys (ConfUtils.java:logGet(43)) - raft.server.storage.dir = [/workdir/hadoop-ozone/integration-test/target/test-dir/MiniOzoneClusterImpl-11934f51-33c7-4b40-8364-b20e4e673bd3/datanode-5/data/ratis] (custom)
2019-09-27 20:42:27,829 [main] INFO  hdfs.DFSUtil (DFSUtil.java:httpServerTemplateForNNAndJN(1641)) - Starting Web-server for hddsDatanode at: http://0.0.0.0:0
2019-09-27 20:42:27,830 [main] INFO  server.AuthenticationFilter (AuthenticationFilter.java:constructSecretProvider(240)) - Unable to initialize FileSignerSecretProvider, falling back to use random secrets.
2019-09-27 20:42:27,831 [main] WARN  http.HttpRequestLog (HttpRequestLog.java:getRequestLog(97)) - Jetty request log can only be enabled using Log4j
2019-09-27 20:42:27,832 [main] INFO  http.HttpServer2 (HttpServer2.java:addGlobalFilter(975)) - Added global filter 'safety' (class=org.apache.hadoop.http.HttpServer2$QuotingInputFilter)
2019-09-27 20:42:27,833 [main] INFO  http.HttpServer2 (HttpServer2.java:addFilter(948)) - Added filter static_user_filter (class=org.apache.hadoop.http.lib.StaticUserWebFilter$StaticUserFilter) to context hddsDatanode
2019-09-27 20:42:27,833 [main] INFO  http.HttpServer2 (HttpServer2.java:addFilter(958)) - Added filter static_user_filter (class=org.apache.hadoop.http.lib.StaticUserWebFilter$StaticUserFilter) to context static
2019-09-27 20:42:27,833 [main] INFO  http.HttpServer2 (HttpServer2.java:addFilter(958)) - Added filter static_user_filter (class=org.apache.hadoop.http.lib.StaticUserWebFilter$StaticUserFilter) to context logs
2019-09-27 20:42:27,834 [main] INFO  http.HttpServer2 (HttpServer2.java:bindListener(1191)) - Jetty bound to port 38492
2019-09-27 20:42:27,834 [main] INFO  server.Server (Server.java:doStart(351)) - jetty-9.3.25.v20180904, build timestamp: 2018-09-04T21:11:46Z, git hash: 3ce520221d0240229c862b122d2b06c12a625732
2019-09-27 20:42:27,835 [main] INFO  handler.ContextHandler (ContextHandler.java:doStart(781)) - Started o.e.j.s.ServletContextHandler@1352434e{/logs,file:///workdir/hadoop-ozone/integration-test/target/log,AVAILABLE}
2019-09-27 20:42:27,836 [main] INFO  handler.ContextHandler (ContextHandler.java:doStart(781)) - Started o.e.j.s.ServletContextHandler@2b6fcb9f{/static,jar:file:/home/user/.m2/repository/org/apache/hadoop/hadoop-hdds-container-service/0.5.0-SNAPSHOT/hadoop-hdds-container-service-0.5.0-SNAPSHOT.jar!/webapps/static,AVAILABLE}
2019-09-27 20:42:27,863 [main] INFO  handler.ContextHandler (ContextHandler.java:doStart(781)) - Started o.e.j.w.WebAppContext@17f3eefb{/,file:///tmp/jetty-0.0.0.0-38492-hddsDatanode-_-any-8253357056155934577.dir/webapp/,AVAILABLE}{/hddsDatanode}
2019-09-27 20:42:27,864 [main] INFO  server.AbstractConnector (AbstractConnector.java:doStart(278)) - Started ServerConnector@3ba46e63{HTTP/1.1,[http/1.1]}{0.0.0.0:38492}
2019-09-27 20:42:27,865 [main] INFO  server.Server (Server.java:doStart(419)) - Started @5352ms
2019-09-27 20:42:27,865 [main] WARN  impl.MetricsSystemImpl (MetricsSystemImpl.java:register(276)) - Sink prometheus already exists!
2019-09-27 20:42:27,866 [main] INFO  server.BaseHttpServer (BaseHttpServer.java:updateConnectorAddress(215)) - HTTP server of HDDSDATANODE is listening at http://0.0.0.0:38492
2019-09-27 20:42:27,866 [main] INFO  impl.MetricsSystemImpl (MetricsSystemImpl.java:init(158)) - HddsDatanode metrics system started (again)
2019-09-27 20:42:27,869 [org.apache.hadoop.util.JvmPauseMonitor$Monitor@469c8341] INFO  util.JvmPauseMonitor (JvmPauseMonitor.java:run(188)) - Starting JVM pause monitor
2019-09-27 20:42:27,870 [main] INFO  ozone.HddsDatanodeService (HddsDatanodeService.java:start(184)) - HddsDatanodeService host:pr-hdds-1146-452xf-2747512450 ip:192.168.164.218
2019-09-27 20:42:27,871 [Datanode State Machine Thread - 0] INFO  datanode.InitDatanodeState (InitDatanodeState.java:persistContainerDatanodeDetails(140)) - DatanodeDetails is persisted to /workdir/hadoop-ozone/integration-test/target/test-dir/MiniOzoneClusterImpl-11934f51-33c7-4b40-8364-b20e4e673bd3/datanode-5/meta/datanode.id
2019-09-27 20:42:27,876 [main] INFO  volume.HddsVolume (HddsVolume.java:<init>(176)) - Creating Volume: /workdir/hadoop-ozone/integration-test/target/test-dir/MiniOzoneClusterImpl-11934f51-33c7-4b40-8364-b20e4e673bd3/datanode-6/data/containers/hdds of  storage type : DISK and capacity : 1482555576320
2019-09-27 20:42:27,876 [main] INFO  volume.VolumeSet (VolumeSet.java:initializeVolumeSet(170)) - Added Volume : /workdir/hadoop-ozone/integration-test/target/test-dir/MiniOzoneClusterImpl-11934f51-33c7-4b40-8364-b20e4e673bd3/datanode-6/data/containers/hdds to VolumeSet
2019-09-27 20:42:27,876 [main] INFO  volume.ThrottledAsyncChecker (ThrottledAsyncChecker.java:schedule(139)) - Scheduling a check for org.apache.hadoop.ozone.container.common.volume.HddsVolume@6812fa3a
2019-09-27 20:42:27,877 [main] INFO  volume.HddsVolumeChecker (HddsVolumeChecker.java:checkAllVolumes(202)) - Scheduled health check for volume org.apache.hadoop.ozone.container.common.volume.HddsVolume@6812fa3a
2019-09-27 20:42:27,892 [main] INFO  impl.RaftServerProxy (ConfUtils.java:logGet(43)) - raft.rpc.type = GRPC (default)
2019-09-27 20:42:27,893 [main] INFO  grpc.GrpcFactory (GrpcFactory.java:checkPooledByteBufAllocatorUseCacheForAllThreads(45)) - PERFORMANCE WARNING: useCacheForAllThreads is true that may cause Netty to create a lot garbage objects and, as a result, trigger GC.
	It is recommended to disable useCacheForAllThreads by setting -Dorg.apache.ratis.thirdparty.io.netty.allocator.useCacheForAllThreads=false in command line.
2019-09-27 20:42:27,893 [main] INFO  grpc.GrpcConfigKeys$Server (ConfUtils.java:logGet(43)) - raft.grpc.server.port = 0 (default)
2019-09-27 20:42:27,893 [main] INFO  server.GrpcService (ConfUtils.java:logGet(43)) - raft.grpc.message.size.max = 33570816 (custom)
2019-09-27 20:42:27,893 [main] INFO  server.RaftServerConfigKeys (ConfUtils.java:logGet(43)) - raft.server.log.appender.buffer.byte-limit = 33554432 (custom)
2019-09-27 20:42:27,894 [main] INFO  server.GrpcService (ConfUtils.java:logGet(43)) - raft.grpc.flow.control.window = 1MB (=1048576) (default)
2019-09-27 20:42:27,894 [main] INFO  server.RaftServerConfigKeys (ConfUtils.java:logGet(43)) - raft.server.rpc.request.timeout = 3000ms (default)
2019-09-27 20:42:27,894 [main] INFO  server.RaftServerConfigKeys (ConfUtils.java:logGet(43)) - raft.server.storage.dir = [/workdir/hadoop-ozone/integration-test/target/test-dir/MiniOzoneClusterImpl-11934f51-33c7-4b40-8364-b20e4e673bd3/datanode-6/data/ratis] (custom)
2019-09-27 20:42:27,896 [main] INFO  hdfs.DFSUtil (DFSUtil.java:httpServerTemplateForNNAndJN(1641)) - Starting Web-server for hddsDatanode at: http://0.0.0.0:0
2019-09-27 20:42:27,897 [main] INFO  server.AuthenticationFilter (AuthenticationFilter.java:constructSecretProvider(240)) - Unable to initialize FileSignerSecretProvider, falling back to use random secrets.
2019-09-27 20:42:27,897 [main] WARN  http.HttpRequestLog (HttpRequestLog.java:getRequestLog(97)) - Jetty request log can only be enabled using Log4j
2019-09-27 20:42:27,902 [main] INFO  http.HttpServer2 (HttpServer2.java:addGlobalFilter(975)) - Added global filter 'safety' (class=org.apache.hadoop.http.HttpServer2$QuotingInputFilter)
2019-09-27 20:42:27,903 [main] INFO  http.HttpServer2 (HttpServer2.java:addFilter(948)) - Added filter static_user_filter (class=org.apache.hadoop.http.lib.StaticUserWebFilter$StaticUserFilter) to context hddsDatanode
2019-09-27 20:42:27,903 [main] INFO  http.HttpServer2 (HttpServer2.java:addFilter(958)) - Added filter static_user_filter (class=org.apache.hadoop.http.lib.StaticUserWebFilter$StaticUserFilter) to context logs
2019-09-27 20:42:27,903 [main] INFO  http.HttpServer2 (HttpServer2.java:addFilter(958)) - Added filter static_user_filter (class=org.apache.hadoop.http.lib.StaticUserWebFilter$StaticUserFilter) to context static
2019-09-27 20:42:27,904 [main] INFO  http.HttpServer2 (HttpServer2.java:bindListener(1191)) - Jetty bound to port 38958
2019-09-27 20:42:27,904 [main] INFO  server.Server (Server.java:doStart(351)) - jetty-9.3.25.v20180904, build timestamp: 2018-09-04T21:11:46Z, git hash: 3ce520221d0240229c862b122d2b06c12a625732
2019-09-27 20:42:27,906 [main] INFO  handler.ContextHandler (ContextHandler.java:doStart(781)) - Started o.e.j.s.ServletContextHandler@3f1ed068{/logs,file:///workdir/hadoop-ozone/integration-test/target/log,AVAILABLE}
2019-09-27 20:42:27,907 [main] INFO  handler.ContextHandler (ContextHandler.java:doStart(781)) - Started o.e.j.s.ServletContextHandler@2e645fbd{/static,jar:file:/home/user/.m2/repository/org/apache/hadoop/hadoop-hdds-container-service/0.5.0-SNAPSHOT/hadoop-hdds-container-service-0.5.0-SNAPSHOT.jar!/webapps/static,AVAILABLE}
2019-09-27 20:42:27,934 [main] INFO  handler.ContextHandler (ContextHandler.java:doStart(781)) - Started o.e.j.w.WebAppContext@5f69e2b{/,file:///tmp/jetty-0.0.0.0-38958-hddsDatanode-_-any-7101636602769651193.dir/webapp/,AVAILABLE}{/hddsDatanode}
2019-09-27 20:42:27,935 [main] INFO  server.AbstractConnector (AbstractConnector.java:doStart(278)) - Started ServerConnector@984169e{HTTP/1.1,[http/1.1]}{0.0.0.0:38958}
2019-09-27 20:42:27,936 [main] INFO  server.Server (Server.java:doStart(419)) - Started @5423ms
2019-09-27 20:42:27,936 [main] WARN  impl.MetricsSystemImpl (MetricsSystemImpl.java:register(276)) - Sink prometheus already exists!
2019-09-27 20:42:27,937 [main] INFO  server.BaseHttpServer (BaseHttpServer.java:updateConnectorAddress(215)) - HTTP server of HDDSDATANODE is listening at http://0.0.0.0:38958
2019-09-27 20:42:27,939 [main] INFO  ozone.MiniOzoneClusterImpl (MiniOzoneClusterImpl.java:lambda$waitForClusterToBeReady$0(147)) - Waiting for cluster to be ready. Got 0 of 7 DN Heartbeats.
2019-09-27 20:42:27,940 [org.apache.hadoop.util.JvmPauseMonitor$Monitor@671ee53a] INFO  util.JvmPauseMonitor (JvmPauseMonitor.java:run(188)) - Starting JVM pause monitor
2019-09-27 20:42:27,943 [Datanode State Machine Thread - 0] INFO  datanode.InitDatanodeState (InitDatanodeState.java:persistContainerDatanodeDetails(140)) - DatanodeDetails is persisted to /workdir/hadoop-ozone/integration-test/target/test-dir/MiniOzoneClusterImpl-11934f51-33c7-4b40-8364-b20e4e673bd3/datanode-6/meta/datanode.id
2019-09-27 20:42:28,939 [main] INFO  ozone.MiniOzoneClusterImpl (MiniOzoneClusterImpl.java:lambda$waitForClusterToBeReady$0(147)) - Waiting for cluster to be ready. Got 0 of 7 DN Heartbeats.
2019-09-27 20:42:29,523 [Datanode State Machine Thread - 0] INFO  ozoneimpl.OzoneContainer (OzoneContainer.java:start(217)) - Attempting to start container services.
2019-09-27 20:42:29,526 [Datanode State Machine Thread - 0] INFO  ozoneimpl.OzoneContainer (OzoneContainer.java:startContainerScrub(179)) - Background container scanner has been disabled.
2019-09-27 20:42:29,527 [Datanode State Machine Thread - 0] INFO  ratis.XceiverServerRatis (XceiverServerRatis.java:start(411)) - Starting XceiverServerRatis 167285a7-dc19-4412-9275-f91dae06b95e at port 0
2019-09-27 20:42:29,546 [Datanode State Machine Thread - 0] INFO  impl.RaftServerProxy (RaftServerProxy.java:lambda$start$3(299)) - 167285a7-dc19-4412-9275-f91dae06b95e: start RPC server
2019-09-27 20:42:29,581 [Datanode State Machine Thread - 0] INFO  ozoneimpl.OzoneContainer (OzoneContainer.java:start(217)) - Attempting to start container services.
2019-09-27 20:42:29,586 [Datanode State Machine Thread - 0] INFO  ozoneimpl.OzoneContainer (OzoneContainer.java:startContainerScrub(179)) - Background container scanner has been disabled.
2019-09-27 20:42:29,586 [Datanode State Machine Thread - 0] INFO  ratis.XceiverServerRatis (XceiverServerRatis.java:start(411)) - Starting XceiverServerRatis e617973b-1000-4dcd-bf03-204f72a3580d at port 0
2019-09-27 20:42:29,593 [Datanode State Machine Thread - 0] INFO  impl.RaftServerProxy (RaftServerProxy.java:lambda$start$3(299)) - e617973b-1000-4dcd-bf03-204f72a3580d: start RPC server
2019-09-27 20:42:29,659 [Datanode State Machine Thread - 0] INFO  ozoneimpl.OzoneContainer (OzoneContainer.java:start(217)) - Attempting to start container services.
2019-09-27 20:42:29,661 [Datanode State Machine Thread - 0] INFO  ozoneimpl.OzoneContainer (OzoneContainer.java:startContainerScrub(179)) - Background container scanner has been disabled.
2019-09-27 20:42:29,661 [Datanode State Machine Thread - 0] INFO  ratis.XceiverServerRatis (XceiverServerRatis.java:start(411)) - Starting XceiverServerRatis f0d14e84-6427-4367-a20e-06d852f84116 at port 0
2019-09-27 20:42:29,672 [Datanode State Machine Thread - 0] INFO  impl.RaftServerProxy (RaftServerProxy.java:lambda$start$3(299)) - f0d14e84-6427-4367-a20e-06d852f84116: start RPC server
2019-09-27 20:42:29,692 [Datanode State Machine Thread - 0] INFO  server.GrpcService (GrpcService.java:startImpl(158)) - 167285a7-dc19-4412-9275-f91dae06b95e: GrpcService started, listening on 0.0.0.0/0.0.0.0:35199
2019-09-27 20:42:29,692 [Datanode State Machine Thread - 0] INFO  server.GrpcService (GrpcService.java:startImpl(158)) - f0d14e84-6427-4367-a20e-06d852f84116: GrpcService started, listening on 0.0.0.0/0.0.0.0:44850
2019-09-27 20:42:29,692 [Datanode State Machine Thread - 0] INFO  server.GrpcService (GrpcService.java:startImpl(158)) - e617973b-1000-4dcd-bf03-204f72a3580d: GrpcService started, listening on 0.0.0.0/0.0.0.0:38159
2019-09-27 20:42:29,693 [Datanode State Machine Thread - 0] INFO  ratis.XceiverServerRatis (XceiverServerRatis.java:start(421)) - XceiverServerRatis f0d14e84-6427-4367-a20e-06d852f84116 is started using port 44850
2019-09-27 20:42:29,693 [Datanode State Machine Thread - 0] INFO  ratis.XceiverServerRatis (XceiverServerRatis.java:start(421)) - XceiverServerRatis 167285a7-dc19-4412-9275-f91dae06b95e is started using port 35199
2019-09-27 20:42:29,693 [Datanode State Machine Thread - 0] INFO  ratis.XceiverServerRatis (XceiverServerRatis.java:start(421)) - XceiverServerRatis e617973b-1000-4dcd-bf03-204f72a3580d is started using port 38159
2019-09-27 20:42:29,700 [Datanode State Machine Thread - 0] INFO  server.XceiverServerGrpc (XceiverServerGrpc.java:start(149)) - XceiverServerGrpc 167285a7-dc19-4412-9275-f91dae06b95e is started using port 37271
2019-09-27 20:42:29,700 [Datanode State Machine Thread - 0] INFO  server.XceiverServerGrpc (XceiverServerGrpc.java:start(149)) - XceiverServerGrpc f0d14e84-6427-4367-a20e-06d852f84116 is started using port 41792
2019-09-27 20:42:29,700 [Datanode State Machine Thread - 0] INFO  server.XceiverServerGrpc (XceiverServerGrpc.java:start(149)) - XceiverServerGrpc e617973b-1000-4dcd-bf03-204f72a3580d is started using port 43698
2019-09-27 20:42:29,736 [Datanode State Machine Thread - 0] INFO  ozoneimpl.OzoneContainer (OzoneContainer.java:start(217)) - Attempting to start container services.
2019-09-27 20:42:29,740 [Datanode State Machine Thread - 0] INFO  ozoneimpl.OzoneContainer (OzoneContainer.java:startContainerScrub(179)) - Background container scanner has been disabled.
2019-09-27 20:42:29,741 [Datanode State Machine Thread - 0] INFO  ratis.XceiverServerRatis (XceiverServerRatis.java:start(411)) - Starting XceiverServerRatis d8358dec-3e4c-496b-b4a6-fc01bde355d5 at port 0
2019-09-27 20:42:29,751 [Datanode State Machine Thread - 0] INFO  impl.RaftServerProxy (RaftServerProxy.java:lambda$start$3(299)) - d8358dec-3e4c-496b-b4a6-fc01bde355d5: start RPC server
2019-09-27 20:42:29,754 [Datanode State Machine Thread - 0] INFO  server.GrpcService (GrpcService.java:startImpl(158)) - d8358dec-3e4c-496b-b4a6-fc01bde355d5: GrpcService started, listening on 0.0.0.0/0.0.0.0:43021
2019-09-27 20:42:29,754 [Datanode State Machine Thread - 0] INFO  ratis.XceiverServerRatis (XceiverServerRatis.java:start(421)) - XceiverServerRatis d8358dec-3e4c-496b-b4a6-fc01bde355d5 is started using port 43021
2019-09-27 20:42:29,756 [Datanode State Machine Thread - 0] INFO  server.XceiverServerGrpc (XceiverServerGrpc.java:start(149)) - XceiverServerGrpc d8358dec-3e4c-496b-b4a6-fc01bde355d5 is started using port 39402
2019-09-27 20:42:29,815 [Datanode State Machine Thread - 0] INFO  ozoneimpl.OzoneContainer (OzoneContainer.java:start(217)) - Attempting to start container services.
2019-09-27 20:42:29,816 [Datanode State Machine Thread - 0] INFO  ozoneimpl.OzoneContainer (OzoneContainer.java:startContainerScrub(179)) - Background container scanner has been disabled.
2019-09-27 20:42:29,816 [Datanode State Machine Thread - 0] INFO  ratis.XceiverServerRatis (XceiverServerRatis.java:start(411)) - Starting XceiverServerRatis 0f772086-bee3-40e7-9d20-032999a6f1f0 at port 0
2019-09-27 20:42:29,826 [Datanode State Machine Thread - 0] INFO  impl.RaftServerProxy (RaftServerProxy.java:lambda$start$3(299)) - 0f772086-bee3-40e7-9d20-032999a6f1f0: start RPC server
2019-09-27 20:42:29,829 [Datanode State Machine Thread - 0] INFO  server.GrpcService (GrpcService.java:startImpl(158)) - 0f772086-bee3-40e7-9d20-032999a6f1f0: GrpcService started, listening on 0.0.0.0/0.0.0.0:42451
2019-09-27 20:42:29,829 [Datanode State Machine Thread - 0] INFO  ratis.XceiverServerRatis (XceiverServerRatis.java:start(421)) - XceiverServerRatis 0f772086-bee3-40e7-9d20-032999a6f1f0 is started using port 42451
2019-09-27 20:42:29,831 [Datanode State Machine Thread - 0] INFO  server.XceiverServerGrpc (XceiverServerGrpc.java:start(149)) - XceiverServerGrpc 0f772086-bee3-40e7-9d20-032999a6f1f0 is started using port 45169
2019-09-27 20:42:29,889 [Datanode State Machine Thread - 0] INFO  ozoneimpl.OzoneContainer (OzoneContainer.java:start(217)) - Attempting to start container services.
2019-09-27 20:42:29,889 [Datanode State Machine Thread - 0] INFO  ozoneimpl.OzoneContainer (OzoneContainer.java:startContainerScrub(179)) - Background container scanner has been disabled.
2019-09-27 20:42:29,889 [Datanode State Machine Thread - 0] INFO  ratis.XceiverServerRatis (XceiverServerRatis.java:start(411)) - Starting XceiverServerRatis ba470b33-2419-4e6b-bad2-3db85df885d1 at port 0
2019-09-27 20:42:29,900 [Datanode State Machine Thread - 0] INFO  impl.RaftServerProxy (RaftServerProxy.java:lambda$start$3(299)) - ba470b33-2419-4e6b-bad2-3db85df885d1: start RPC server
2019-09-27 20:42:29,904 [Datanode State Machine Thread - 0] INFO  server.GrpcService (GrpcService.java:startImpl(158)) - ba470b33-2419-4e6b-bad2-3db85df885d1: GrpcService started, listening on 0.0.0.0/0.0.0.0:36774
2019-09-27 20:42:29,904 [Datanode State Machine Thread - 0] INFO  ratis.XceiverServerRatis (XceiverServerRatis.java:start(421)) - XceiverServerRatis ba470b33-2419-4e6b-bad2-3db85df885d1 is started using port 36774
2019-09-27 20:42:29,906 [Datanode State Machine Thread - 0] INFO  server.XceiverServerGrpc (XceiverServerGrpc.java:start(149)) - XceiverServerGrpc ba470b33-2419-4e6b-bad2-3db85df885d1 is started using port 36277
2019-09-27 20:42:29,940 [main] INFO  ozone.MiniOzoneClusterImpl (MiniOzoneClusterImpl.java:lambda$waitForClusterToBeReady$0(147)) - Waiting for cluster to be ready. Got 0 of 7 DN Heartbeats.
2019-09-27 20:42:29,956 [Datanode State Machine Thread - 0] INFO  ozoneimpl.OzoneContainer (OzoneContainer.java:start(217)) - Attempting to start container services.
2019-09-27 20:42:29,957 [Datanode State Machine Thread - 0] INFO  ozoneimpl.OzoneContainer (OzoneContainer.java:startContainerScrub(179)) - Background container scanner has been disabled.
2019-09-27 20:42:29,957 [Datanode State Machine Thread - 0] INFO  ratis.XceiverServerRatis (XceiverServerRatis.java:start(411)) - Starting XceiverServerRatis d45f9132-b116-4478-a065-35e831f48866 at port 0
2019-09-27 20:42:29,961 [Datanode State Machine Thread - 0] INFO  impl.RaftServerProxy (RaftServerProxy.java:lambda$start$3(299)) - d45f9132-b116-4478-a065-35e831f48866: start RPC server
2019-09-27 20:42:29,966 [Datanode State Machine Thread - 0] INFO  server.GrpcService (GrpcService.java:startImpl(158)) - d45f9132-b116-4478-a065-35e831f48866: GrpcService started, listening on 0.0.0.0/0.0.0.0:44351
2019-09-27 20:42:29,966 [Datanode State Machine Thread - 0] INFO  ratis.XceiverServerRatis (XceiverServerRatis.java:start(421)) - XceiverServerRatis d45f9132-b116-4478-a065-35e831f48866 is started using port 44351
2019-09-27 20:42:29,969 [Datanode State Machine Thread - 0] INFO  server.XceiverServerGrpc (XceiverServerGrpc.java:start(149)) - XceiverServerGrpc d45f9132-b116-4478-a065-35e831f48866 is started using port 34097
2019-09-27 20:42:30,943 [main] INFO  ozone.MiniOzoneClusterImpl (MiniOzoneClusterImpl.java:lambda$waitForClusterToBeReady$0(147)) - Waiting for cluster to be ready. Got 0 of 7 DN Heartbeats.
2019-09-27 20:42:31,502 [IPC Server handler 0 on 43964] INFO  net.NetworkTopology (NetworkTopologyImpl.java:add(111)) - Added a new node: /default-rack/167285a7-dc19-4412-9275-f91dae06b95e
2019-09-27 20:42:31,502 [IPC Server handler 0 on 43964] INFO  node.SCMNodeManager (SCMNodeManager.java:register(266)) - Registered Data node : 167285a7-dc19-4412-9275-f91dae06b95e{ip: 192.168.164.218, host: pr-hdds-1146-452xf-2747512450, networkLocation: /default-rack, certSerialId: null}
2019-09-27 20:42:31,506 [EventQueue-NodeRegistrationContainerReportForDataNodeSafeModeRule] INFO  safemode.SCMSafeModeManager (DataNodeSafeModeRule.java:process(71)) - SCM in safe mode. 1 DataNodes registered, 1 required.
2019-09-27 20:42:31,506 [EventQueue-NodeRegistrationContainerReportForDataNodeSafeModeRule] INFO  safemode.SCMSafeModeManager (SCMSafeModeManager.java:validateSafeModeExitRules(177)) - ScmSafeModeManager, all rules are successfully validated
2019-09-27 20:42:31,506 [EventQueue-NodeRegistrationContainerReportForDataNodeSafeModeRule] INFO  safemode.SCMSafeModeManager (SCMSafeModeManager.java:exitSafeMode(193)) - SCM exiting safe mode.
2019-09-27 20:42:31,566 [IPC Server handler 1 on 43964] INFO  net.NetworkTopology (NetworkTopologyImpl.java:add(111)) - Added a new node: /default-rack/e617973b-1000-4dcd-bf03-204f72a3580d
2019-09-27 20:42:31,567 [IPC Server handler 1 on 43964] INFO  node.SCMNodeManager (SCMNodeManager.java:register(266)) - Registered Data node : e617973b-1000-4dcd-bf03-204f72a3580d{ip: 192.168.164.218, host: pr-hdds-1146-452xf-2747512450, networkLocation: /default-rack, certSerialId: null}
2019-09-27 20:42:31,646 [IPC Server handler 2 on 43964] INFO  net.NetworkTopology (NetworkTopologyImpl.java:add(111)) - Added a new node: /default-rack/f0d14e84-6427-4367-a20e-06d852f84116
2019-09-27 20:42:31,646 [IPC Server handler 2 on 43964] INFO  node.SCMNodeManager (SCMNodeManager.java:register(266)) - Registered Data node : f0d14e84-6427-4367-a20e-06d852f84116{ip: 192.168.164.218, host: pr-hdds-1146-452xf-2747512450, networkLocation: /default-rack, certSerialId: null}
2019-09-27 20:42:31,725 [IPC Server handler 4 on 43964] INFO  net.NetworkTopology (NetworkTopologyImpl.java:add(111)) - Added a new node: /default-rack/d8358dec-3e4c-496b-b4a6-fc01bde355d5
2019-09-27 20:42:31,725 [IPC Server handler 4 on 43964] INFO  node.SCMNodeManager (SCMNodeManager.java:register(266)) - Registered Data node : d8358dec-3e4c-496b-b4a6-fc01bde355d5{ip: 192.168.164.218, host: pr-hdds-1146-452xf-2747512450, networkLocation: /default-rack, certSerialId: null}
2019-09-27 20:42:31,806 [IPC Server handler 5 on 43964] INFO  net.NetworkTopology (NetworkTopologyImpl.java:add(111)) - Added a new node: /default-rack/0f772086-bee3-40e7-9d20-032999a6f1f0
2019-09-27 20:42:31,807 [IPC Server handler 5 on 43964] INFO  node.SCMNodeManager (SCMNodeManager.java:register(266)) - Registered Data node : 0f772086-bee3-40e7-9d20-032999a6f1f0{ip: 192.168.164.218, host: pr-hdds-1146-452xf-2747512450, networkLocation: /default-rack, certSerialId: null}
2019-09-27 20:42:31,871 [IPC Server handler 6 on 43964] INFO  net.NetworkTopology (NetworkTopologyImpl.java:add(111)) - Added a new node: /default-rack/ba470b33-2419-4e6b-bad2-3db85df885d1
2019-09-27 20:42:31,871 [IPC Server handler 6 on 43964] INFO  node.SCMNodeManager (SCMNodeManager.java:register(266)) - Registered Data node : ba470b33-2419-4e6b-bad2-3db85df885d1{ip: 192.168.164.218, host: pr-hdds-1146-452xf-2747512450, networkLocation: /default-rack, certSerialId: null}
2019-09-27 20:42:31,945 [main] INFO  ozone.MiniOzoneClusterImpl (MiniOzoneClusterImpl.java:lambda$waitForClusterToBeReady$0(147)) - Waiting for cluster to be ready. Got 6 of 7 DN Heartbeats.
2019-09-27 20:42:31,947 [IPC Server handler 8 on 43964] INFO  net.NetworkTopology (NetworkTopologyImpl.java:add(111)) - Added a new node: /default-rack/d45f9132-b116-4478-a065-35e831f48866
2019-09-27 20:42:31,947 [IPC Server handler 8 on 43964] INFO  node.SCMNodeManager (SCMNodeManager.java:register(266)) - Registered Data node : d45f9132-b116-4478-a065-35e831f48866{ip: 192.168.164.218, host: pr-hdds-1146-452xf-2747512450, networkLocation: /default-rack, certSerialId: null}
2019-09-27 20:42:31,961 [grpc-default-executor-0] INFO  impl.RaftServerProxy (RaftServerProxy.java:addNew(89)) - 167285a7-dc19-4412-9275-f91dae06b95e: addNew group-D4A4E6275192:[167285a7-dc19-4412-9275-f91dae06b95e:192.168.164.218:35199] returns group-D4A4E6275192:java.util.concurrent.CompletableFuture@2fe3ac82[Not completed]
2019-09-27 20:42:31,976 [pool-27-thread-1] INFO  impl.RaftServerImpl (RaftServerImpl.java:<init>(95)) - 167285a7-dc19-4412-9275-f91dae06b95e: new RaftServerImpl for group-D4A4E6275192:[167285a7-dc19-4412-9275-f91dae06b95e:192.168.164.218:35199] with ContainerStateMachine:uninitialized
2019-09-27 20:42:31,977 [pool-27-thread-1] INFO  server.RaftServerConfigKeys (ConfUtils.java:logGet(43)) - raft.server.rpc.timeout.min = 5s (custom)
2019-09-27 20:42:31,978 [pool-27-thread-1] INFO  server.RaftServerConfigKeys (ConfUtils.java:logGet(43)) - raft.server.rpc.timeout.max = 5200ms (custom)
2019-09-27 20:42:31,978 [pool-27-thread-1] INFO  server.RaftServerConfigKeys (ConfUtils.java:logGet(43)) - raft.server.rpcslowness.timeout = 120s (custom)
2019-09-27 20:42:31,979 [pool-27-thread-1] INFO  server.RaftServerConfigKeys (ConfUtils.java:logGet(43)) - raft.server.sleep.deviation.threshold = 300 (default)
2019-09-27 20:42:31,980 [pool-27-thread-1] INFO  server.RaftServerConfigKeys (ConfUtils.java:logGet(43)) - raft.server.log.appender.install.snapshot.enabled = false (custom)
2019-09-27 20:42:31,986 [pool-27-thread-1] INFO  impl.RaftServerImpl (ServerState.java:<init>(103)) - 167285a7-dc19-4412-9275-f91dae06b95e@group-D4A4E6275192: ConfigurationManager, init=-1: [167285a7-dc19-4412-9275-f91dae06b95e:192.168.164.218:35199], old=null, confs=<EMPTY_MAP>
2019-09-27 20:42:31,986 [pool-27-thread-1] INFO  server.RaftServerConfigKeys (ConfUtils.java:logGet(43)) - raft.server.storage.dir = [/workdir/hadoop-ozone/integration-test/target/test-dir/MiniOzoneClusterImpl-11934f51-33c7-4b40-8364-b20e4e673bd3/datanode-0/data/ratis] (custom)
2019-09-27 20:42:31,992 [pool-27-thread-1] INFO  storage.RaftStorageDirectory (RaftStorageDirectory.java:analyzeStorage(246)) - The storage directory /workdir/hadoop-ozone/integration-test/target/test-dir/MiniOzoneClusterImpl-11934f51-33c7-4b40-8364-b20e4e673bd3/datanode-0/data/ratis/af425fc1-27be-4bb8-9c98-d4a4e6275192 does not exist. Creating ...
2019-09-27 20:42:32,009 [pool-27-thread-1] INFO  storage.RaftStorageDirectory (RaftStorageDirectory.java:tryLock(328)) - Lock on /workdir/hadoop-ozone/integration-test/target/test-dir/MiniOzoneClusterImpl-11934f51-33c7-4b40-8364-b20e4e673bd3/datanode-0/data/ratis/af425fc1-27be-4bb8-9c98-d4a4e6275192/in_use.lock acquired by nodename 30106@pr-hdds-1146-452xf-2747512450
2019-09-27 20:42:32,023 [pool-27-thread-1] INFO  storage.RaftStorage (RaftStorage.java:format(72)) - Storage directory /workdir/hadoop-ozone/integration-test/target/test-dir/MiniOzoneClusterImpl-11934f51-33c7-4b40-8364-b20e4e673bd3/datanode-0/data/ratis/af425fc1-27be-4bb8-9c98-d4a4e6275192 has been successfully formatted.
2019-09-27 20:42:32,025 [pool-27-thread-1] INFO  ratis.ContainerStateMachine (ContainerStateMachine.java:loadSnapshot(230)) - group-D4A4E6275192: The snapshot info is null. Setting the last applied indexto:(t:0, i:~)
2019-09-27 20:42:32,025 [pool-27-thread-1] INFO  server.RaftServerConfigKeys (ConfUtils.java:logGet(43)) - raft.server.notification.no-leader.timeout = 120s (custom)
2019-09-27 20:42:32,027 [pool-27-thread-1] INFO  server.RaftServerConfigKeys (ConfUtils.java:logGet(43)) - raft.server.log.use.memory = false (default)
2019-09-27 20:42:32,031 [pool-27-thread-1] INFO  server.RaftServerConfigKeys (ConfUtils.java:logGet(43)) - raft.server.log.purge.gap = 1000000 (custom)
2019-09-27 20:42:32,031 [pool-27-thread-1] INFO  server.RaftServerConfigKeys (ConfUtils.java:logGet(43)) - raft.server.log.appender.buffer.byte-limit = 33554432 (custom)
2019-09-27 20:42:32,033 [pool-27-thread-1] INFO  server.RaftServerConfigKeys (ConfUtils.java:logGet(43)) - raft.server.log.segment.size.max = 1048576 (custom)
2019-09-27 20:42:32,037 [pool-27-thread-1] INFO  server.RaftServerConfigKeys (ConfUtils.java:logGet(43)) - raft.server.log.segment.cache.num.max = 2 (custom)
2019-09-27 20:42:32,041 [pool-27-thread-1] INFO  segmented.SegmentedRaftLogWorker (SegmentedRaftLogWorker.java:<init>(172)) - new 167285a7-dc19-4412-9275-f91dae06b95e@group-D4A4E6275192-SegmentedRaftLogWorker for RaftStorage:Storage Directory /workdir/hadoop-ozone/integration-test/target/test-dir/MiniOzoneClusterImpl-11934f51-33c7-4b40-8364-b20e4e673bd3/datanode-0/data/ratis/af425fc1-27be-4bb8-9c98-d4a4e6275192
2019-09-27 20:42:32,043 [pool-27-thread-1] INFO  impl.MetricsSystemImpl (MetricsSystemImpl.java:init(158)) - ratis metrics system started (again)
2019-09-27 20:42:32,048 [pool-27-thread-1] INFO  metrics.MetricRegistries (MetricRegistriesLoader.java:load(64)) - Loaded MetricRegistries class org.apache.ratis.metrics.impl.MetricRegistriesImpl
2019-09-27 20:42:32,075 [pool-27-thread-1] INFO  server.RaftServerConfigKeys (ConfUtils.java:logGet(43)) - raft.server.log.queue.byte-limit = 2147483647 (custom)
2019-09-27 20:42:32,076 [pool-27-thread-1] INFO  server.RaftServerConfigKeys (ConfUtils.java:logGet(43)) - raft.server.log.queue.element-limit = 1024 (custom)
2019-09-27 20:42:32,079 [pool-27-thread-1] INFO  server.RaftServerConfigKeys (ConfUtils.java:logGet(43)) - raft.server.log.segment.size.max = 1048576 (custom)
2019-09-27 20:42:32,079 [pool-27-thread-1] INFO  server.RaftServerConfigKeys (ConfUtils.java:logGet(43)) - raft.server.log.preallocated.size = 16384 (custom)
2019-09-27 20:42:32,079 [pool-27-thread-1] INFO  server.RaftServerConfigKeys (ConfUtils.java:logGet(43)) - raft.server.log.write.buffer.size = 33554432 (custom)
2019-09-27 20:42:32,080 [pool-27-thread-1] INFO  server.RaftServerConfigKeys (ConfUtils.java:logGet(43)) - raft.server.log.force.sync.num = 128 (default)
2019-09-27 20:42:32,081 [pool-27-thread-1] INFO  server.RaftServerConfigKeys (ConfUtils.java:logGet(43)) - raft.server.log.statemachine.data.sync = true (default)
2019-09-27 20:42:32,081 [pool-27-thread-1] INFO  server.RaftServerConfigKeys (ConfUtils.java:logGet(43)) - raft.server.log.statemachine.data.sync.timeout = 10s (default)
2019-09-27 20:42:32,081 [pool-27-thread-1] INFO  server.RaftServerConfigKeys (ConfUtils.java:logGet(43)) - raft.server.log.statemachine.data.sync.timeout.retry = -1 (default)
2019-09-27 20:42:32,089 [pool-27-thread-1] INFO  server.RaftServerConfigKeys (ConfUtils.java:logGet(43)) - raft.server.log.statemachine.data.caching.enabled = true (custom)
2019-09-27 20:42:32,093 [pool-27-thread-1] INFO  segmented.SegmentedRaftLogWorker (SegmentedRaftLogWorker.java:lambda$new$0(132)) - 167285a7-dc19-4412-9275-f91dae06b95e@group-D4A4E6275192-SegmentedRaftLogWorker: flushIndex: setUnconditionally 0 -> -1
2019-09-27 20:42:32,097 [pool-27-thread-1] INFO  server.RaftServerConfigKeys (ConfUtils.java:logGet(43)) - raft.server.snapshot.auto.trigger.enabled = true (custom)
2019-09-27 20:42:32,097 [pool-27-thread-1] INFO  server.RaftServerConfigKeys (ConfUtils.java:logGet(43)) - raft.server.snapshot.auto.trigger.threshold = 10000 (custom)
2019-09-27 20:42:32,098 [pool-27-thread-1] INFO  server.RaftServerConfigKeys (ConfUtils.java:logGet(43)) - raft.server.snapshot.retention.num.files = 5 (custom)
2019-09-27 20:42:32,098 [pool-27-thread-1] INFO  server.RaftServerConfigKeys (ConfUtils.java:logGet(43)) - raft.server.retrycache.expirytime = 600000ms (custom)
2019-09-27 20:42:32,132 [pool-27-thread-1] INFO  impl.RaftServerImpl (RaftServerImpl.java:start(185)) - 167285a7-dc19-4412-9275-f91dae06b95e@group-D4A4E6275192: start as a follower, conf=-1: [167285a7-dc19-4412-9275-f91dae06b95e:192.168.164.218:35199], old=null
2019-09-27 20:42:32,133 [pool-27-thread-1] INFO  impl.RaftServerImpl (RaftServerImpl.java:setRole(174)) - 167285a7-dc19-4412-9275-f91dae06b95e@group-D4A4E6275192: changes role from      null to FOLLOWER at term 0 for startAsFollower
2019-09-27 20:42:32,135 [pool-27-thread-1] INFO  impl.RoleInfo (RoleInfo.java:updateAndGet(143)) - 167285a7-dc19-4412-9275-f91dae06b95e: start FollowerState
2019-09-27 20:42:32,137 [pool-27-thread-1] INFO  util.JmxRegister (JmxRegister.java:tryRegister(44)) - Successfully registered JMX Bean with object name Ratis:service=RaftServer,group=group-D4A4E6275192,id=167285a7-dc19-4412-9275-f91dae06b95e
2019-09-27 20:42:32,194 [RatisPipelineUtilsThread] INFO  pipeline.PipelineStateManager (PipelineStateManager.java:addPipeline(56)) - Created pipeline Pipeline[ Id: af425fc1-27be-4bb8-9c98-d4a4e6275192, Nodes: 167285a7-dc19-4412-9275-f91dae06b95e{ip: 192.168.164.218, host: pr-hdds-1146-452xf-2747512450, networkLocation: /default-rack, certSerialId: null}, Type:RATIS, Factor:ONE, State:OPEN]
2019-09-27 20:42:32,216 [grpc-default-executor-0] INFO  impl.RaftServerProxy (RaftServerProxy.java:addNew(89)) - e617973b-1000-4dcd-bf03-204f72a3580d: addNew group-AA2923847052:[e617973b-1000-4dcd-bf03-204f72a3580d:192.168.164.218:38159] returns group-AA2923847052:java.util.concurrent.CompletableFuture@6454c7d3[Not completed]
2019-09-27 20:42:32,252 [pool-37-thread-1] INFO  impl.RaftServerImpl (RaftServerImpl.java:<init>(95)) - e617973b-1000-4dcd-bf03-204f72a3580d: new RaftServerImpl for group-AA2923847052:[e617973b-1000-4dcd-bf03-204f72a3580d:192.168.164.218:38159] with ContainerStateMachine:uninitialized
2019-09-27 20:42:32,254 [pool-37-thread-1] INFO  server.RaftServerConfigKeys (ConfUtils.java:logGet(43)) - raft.server.rpc.timeout.min = 5s (custom)
2019-09-27 20:42:32,254 [pool-37-thread-1] INFO  server.RaftServerConfigKeys (ConfUtils.java:logGet(43)) - raft.server.rpc.timeout.max = 5200ms (custom)
2019-09-27 20:42:32,254 [pool-37-thread-1] INFO  server.RaftServerConfigKeys (ConfUtils.java:logGet(43)) - raft.server.rpcslowness.timeout = 120s (custom)
2019-09-27 20:42:32,254 [pool-37-thread-1] INFO  server.RaftServerConfigKeys (ConfUtils.java:logGet(43)) - raft.server.sleep.deviation.threshold = 300 (default)
2019-09-27 20:42:32,254 [pool-37-thread-1] INFO  server.RaftServerConfigKeys (ConfUtils.java:logGet(43)) - raft.server.log.appender.install.snapshot.enabled = false (custom)
2019-09-27 20:42:32,254 [pool-37-thread-1] INFO  impl.RaftServerImpl (ServerState.java:<init>(103)) - e617973b-1000-4dcd-bf03-204f72a3580d@group-AA2923847052: ConfigurationManager, init=-1: [e617973b-1000-4dcd-bf03-204f72a3580d:192.168.164.218:38159], old=null, confs=<EMPTY_MAP>
2019-09-27 20:42:32,254 [pool-37-thread-1] INFO  server.RaftServerConfigKeys (ConfUtils.java:logGet(43)) - raft.server.storage.dir = [/workdir/hadoop-ozone/integration-test/target/test-dir/MiniOzoneClusterImpl-11934f51-33c7-4b40-8364-b20e4e673bd3/datanode-1/data/ratis] (custom)
2019-09-27 20:42:32,255 [pool-37-thread-1] INFO  storage.RaftStorageDirectory (RaftStorageDirectory.java:analyzeStorage(246)) - The storage directory /workdir/hadoop-ozone/integration-test/target/test-dir/MiniOzoneClusterImpl-11934f51-33c7-4b40-8364-b20e4e673bd3/datanode-1/data/ratis/8e0dad1d-25ee-48ea-8761-aa2923847052 does not exist. Creating ...
2019-09-27 20:42:32,269 [pool-37-thread-1] INFO  storage.RaftStorageDirectory (RaftStorageDirectory.java:tryLock(328)) - Lock on /workdir/hadoop-ozone/integration-test/target/test-dir/MiniOzoneClusterImpl-11934f51-33c7-4b40-8364-b20e4e673bd3/datanode-1/data/ratis/8e0dad1d-25ee-48ea-8761-aa2923847052/in_use.lock acquired by nodename 30106@pr-hdds-1146-452xf-2747512450
2019-09-27 20:42:32,282 [pool-37-thread-1] INFO  storage.RaftStorage (RaftStorage.java:format(72)) - Storage directory /workdir/hadoop-ozone/integration-test/target/test-dir/MiniOzoneClusterImpl-11934f51-33c7-4b40-8364-b20e4e673bd3/datanode-1/data/ratis/8e0dad1d-25ee-48ea-8761-aa2923847052 has been successfully formatted.
2019-09-27 20:42:32,283 [pool-37-thread-1] INFO  ratis.ContainerStateMachine (ContainerStateMachine.java:loadSnapshot(230)) - group-AA2923847052: The snapshot info is null. Setting the last applied indexto:(t:0, i:~)
2019-09-27 20:42:32,284 [pool-37-thread-1] INFO  server.RaftServerConfigKeys (ConfUtils.java:logGet(43)) - raft.server.notification.no-leader.timeout = 120s (custom)
2019-09-27 20:42:32,284 [pool-37-thread-1] INFO  server.RaftServerConfigKeys (ConfUtils.java:logGet(43)) - raft.server.log.use.memory = false (default)
2019-09-27 20:42:32,284 [pool-37-thread-1] INFO  server.RaftServerConfigKeys (ConfUtils.java:logGet(43)) - raft.server.log.purge.gap = 1000000 (custom)
2019-09-27 20:42:32,284 [pool-37-thread-1] INFO  server.RaftServerConfigKeys (ConfUtils.java:logGet(43)) - raft.server.log.appender.buffer.byte-limit = 33554432 (custom)
2019-09-27 20:42:32,284 [pool-37-thread-1] INFO  server.RaftServerConfigKeys (ConfUtils.java:logGet(43)) - raft.server.log.segment.size.max = 1048576 (custom)
2019-09-27 20:42:32,284 [pool-37-thread-1] INFO  server.RaftServerConfigKeys (ConfUtils.java:logGet(43)) - raft.server.log.segment.cache.num.max = 2 (custom)
2019-09-27 20:42:32,284 [pool-37-thread-1] INFO  segmented.SegmentedRaftLogWorker (SegmentedRaftLogWorker.java:<init>(172)) - new e617973b-1000-4dcd-bf03-204f72a3580d@group-AA2923847052-SegmentedRaftLogWorker for RaftStorage:Storage Directory /workdir/hadoop-ozone/integration-test/target/test-dir/MiniOzoneClusterImpl-11934f51-33c7-4b40-8364-b20e4e673bd3/datanode-1/data/ratis/8e0dad1d-25ee-48ea-8761-aa2923847052
2019-09-27 20:42:32,290 [pool-37-thread-1] INFO  server.RaftServerConfigKeys (ConfUtils.java:logGet(43)) - raft.server.log.queue.byte-limit = 2147483647 (custom)
2019-09-27 20:42:32,290 [pool-37-thread-1] INFO  server.RaftServerConfigKeys (ConfUtils.java:logGet(43)) - raft.server.log.queue.element-limit = 1024 (custom)
2019-09-27 20:42:32,290 [pool-37-thread-1] INFO  server.RaftServerConfigKeys (ConfUtils.java:logGet(43)) - raft.server.log.segment.size.max = 1048576 (custom)
2019-09-27 20:42:32,290 [pool-37-thread-1] INFO  server.RaftServerConfigKeys (ConfUtils.java:logGet(43)) - raft.server.log.preallocated.size = 16384 (custom)
2019-09-27 20:42:32,290 [pool-37-thread-1] INFO  server.RaftServerConfigKeys (ConfUtils.java:logGet(43)) - raft.server.log.write.buffer.size = 33554432 (custom)
2019-09-27 20:42:32,291 [pool-37-thread-1] INFO  server.RaftServerConfigKeys (ConfUtils.java:logGet(43)) - raft.server.log.force.sync.num = 128 (default)
2019-09-27 20:42:32,291 [pool-37-thread-1] INFO  server.RaftServerConfigKeys (ConfUtils.java:logGet(43)) - raft.server.log.statemachine.data.sync = true (default)
2019-09-27 20:42:32,291 [pool-37-thread-1] INFO  server.RaftServerConfigKeys (ConfUtils.java:logGet(43)) - raft.server.log.statemachine.data.sync.timeout = 10s (default)
2019-09-27 20:42:32,291 [pool-37-thread-1] INFO  server.RaftServerConfigKeys (ConfUtils.java:logGet(43)) - raft.server.log.statemachine.data.sync.timeout.retry = -1 (default)
2019-09-27 20:42:32,291 [pool-37-thread-1] INFO  server.RaftServerConfigKeys (ConfUtils.java:logGet(43)) - raft.server.log.statemachine.data.caching.enabled = true (custom)
2019-09-27 20:42:32,291 [pool-37-thread-1] INFO  segmented.SegmentedRaftLogWorker (SegmentedRaftLogWorker.java:lambda$new$0(132)) - e617973b-1000-4dcd-bf03-204f72a3580d@group-AA2923847052-SegmentedRaftLogWorker: flushIndex: setUnconditionally 0 -> -1
2019-09-27 20:42:32,292 [pool-37-thread-1] INFO  server.RaftServerConfigKeys (ConfUtils.java:logGet(43)) - raft.server.snapshot.auto.trigger.enabled = true (custom)
2019-09-27 20:42:32,292 [pool-37-thread-1] INFO  server.RaftServerConfigKeys (ConfUtils.java:logGet(43)) - raft.server.snapshot.auto.trigger.threshold = 10000 (custom)
2019-09-27 20:42:32,292 [pool-37-thread-1] INFO  server.RaftServerConfigKeys (ConfUtils.java:logGet(43)) - raft.server.snapshot.retention.num.files = 5 (custom)
2019-09-27 20:42:32,292 [pool-37-thread-1] INFO  server.RaftServerConfigKeys (ConfUtils.java:logGet(43)) - raft.server.retrycache.expirytime = 600000ms (custom)
2019-09-27 20:42:32,295 [pool-37-thread-1] INFO  impl.RaftServerImpl (RaftServerImpl.java:start(185)) - e617973b-1000-4dcd-bf03-204f72a3580d@group-AA2923847052: start as a follower, conf=-1: [e617973b-1000-4dcd-bf03-204f72a3580d:192.168.164.218:38159], old=null
2019-09-27 20:42:32,296 [pool-37-thread-1] INFO  impl.RaftServerImpl (RaftServerImpl.java:setRole(174)) - e617973b-1000-4dcd-bf03-204f72a3580d@group-AA2923847052: changes role from      null to FOLLOWER at term 0 for startAsFollower
2019-09-27 20:42:32,296 [pool-37-thread-1] INFO  impl.RoleInfo (RoleInfo.java:updateAndGet(143)) - e617973b-1000-4dcd-bf03-204f72a3580d: start FollowerState
2019-09-27 20:42:32,297 [pool-37-thread-1] INFO  util.JmxRegister (JmxRegister.java:tryRegister(44)) - Successfully registered JMX Bean with object name Ratis:service=RaftServer,group=group-AA2923847052,id=e617973b-1000-4dcd-bf03-204f72a3580d
2019-09-27 20:42:32,308 [RatisPipelineUtilsThread] INFO  pipeline.PipelineStateManager (PipelineStateManager.java:addPipeline(56)) - Created pipeline Pipeline[ Id: 8e0dad1d-25ee-48ea-8761-aa2923847052, Nodes: e617973b-1000-4dcd-bf03-204f72a3580d{ip: 192.168.164.218, host: pr-hdds-1146-452xf-2747512450, networkLocation: /default-rack, certSerialId: null}, Type:RATIS, Factor:ONE, State:OPEN]
2019-09-27 20:42:32,327 [grpc-default-executor-0] INFO  impl.RaftServerProxy (RaftServerProxy.java:addNew(89)) - ba470b33-2419-4e6b-bad2-3db85df885d1: addNew group-678E4E546B74:[ba470b33-2419-4e6b-bad2-3db85df885d1:192.168.164.218:36774] returns group-678E4E546B74:java.util.concurrent.CompletableFuture@19ff5fec[Not completed]
2019-09-27 20:42:32,347 [pool-77-thread-1] INFO  impl.RaftServerImpl (RaftServerImpl.java:<init>(95)) - ba470b33-2419-4e6b-bad2-3db85df885d1: new RaftServerImpl for group-678E4E546B74:[ba470b33-2419-4e6b-bad2-3db85df885d1:192.168.164.218:36774] with ContainerStateMachine:uninitialized
2019-09-27 20:42:32,347 [pool-77-thread-1] INFO  server.RaftServerConfigKeys (ConfUtils.java:logGet(43)) - raft.server.rpc.timeout.min = 5s (custom)
2019-09-27 20:42:32,347 [pool-77-thread-1] INFO  server.RaftServerConfigKeys (ConfUtils.java:logGet(43)) - raft.server.rpc.timeout.max = 5200ms (custom)
2019-09-27 20:42:32,347 [pool-77-thread-1] INFO  server.RaftServerConfigKeys (ConfUtils.java:logGet(43)) - raft.server.rpcslowness.timeout = 120s (custom)
2019-09-27 20:42:32,347 [pool-77-thread-1] INFO  server.RaftServerConfigKeys (ConfUtils.java:logGet(43)) - raft.server.sleep.deviation.threshold = 300 (default)
2019-09-27 20:42:32,347 [pool-77-thread-1] INFO  server.RaftServerConfigKeys (ConfUtils.java:logGet(43)) - raft.server.log.appender.install.snapshot.enabled = false (custom)
2019-09-27 20:42:32,348 [pool-77-thread-1] INFO  impl.RaftServerImpl (ServerState.java:<init>(103)) - ba470b33-2419-4e6b-bad2-3db85df885d1@group-678E4E546B74: ConfigurationManager, init=-1: [ba470b33-2419-4e6b-bad2-3db85df885d1:192.168.164.218:36774], old=null, confs=<EMPTY_MAP>
2019-09-27 20:42:32,348 [pool-77-thread-1] INFO  server.RaftServerConfigKeys (ConfUtils.java:logGet(43)) - raft.server.storage.dir = [/workdir/hadoop-ozone/integration-test/target/test-dir/MiniOzoneClusterImpl-11934f51-33c7-4b40-8364-b20e4e673bd3/datanode-5/data/ratis] (custom)
2019-09-27 20:42:32,348 [pool-77-thread-1] INFO  storage.RaftStorageDirectory (RaftStorageDirectory.java:analyzeStorage(246)) - The storage directory /workdir/hadoop-ozone/integration-test/target/test-dir/MiniOzoneClusterImpl-11934f51-33c7-4b40-8364-b20e4e673bd3/datanode-5/data/ratis/e3b8ab6d-6e27-47e0-8625-678e4e546b74 does not exist. Creating ...
2019-09-27 20:42:32,361 [pool-77-thread-1] INFO  storage.RaftStorageDirectory (RaftStorageDirectory.java:tryLock(328)) - Lock on /workdir/hadoop-ozone/integration-test/target/test-dir/MiniOzoneClusterImpl-11934f51-33c7-4b40-8364-b20e4e673bd3/datanode-5/data/ratis/e3b8ab6d-6e27-47e0-8625-678e4e546b74/in_use.lock acquired by nodename 30106@pr-hdds-1146-452xf-2747512450
2019-09-27 20:42:32,374 [pool-77-thread-1] INFO  storage.RaftStorage (RaftStorage.java:format(72)) - Storage directory /workdir/hadoop-ozone/integration-test/target/test-dir/MiniOzoneClusterImpl-11934f51-33c7-4b40-8364-b20e4e673bd3/datanode-5/data/ratis/e3b8ab6d-6e27-47e0-8625-678e4e546b74 has been successfully formatted.
2019-09-27 20:42:32,375 [pool-77-thread-1] INFO  ratis.ContainerStateMachine (ContainerStateMachine.java:loadSnapshot(230)) - group-678E4E546B74: The snapshot info is null. Setting the last applied indexto:(t:0, i:~)
2019-09-27 20:42:32,375 [pool-77-thread-1] INFO  server.RaftServerConfigKeys (ConfUtils.java:logGet(43)) - raft.server.notification.no-leader.timeout = 120s (custom)
2019-09-27 20:42:32,375 [pool-77-thread-1] INFO  server.RaftServerConfigKeys (ConfUtils.java:logGet(43)) - raft.server.log.use.memory = false (default)
2019-09-27 20:42:32,375 [pool-77-thread-1] INFO  server.RaftServerConfigKeys (ConfUtils.java:logGet(43)) - raft.server.log.purge.gap = 1000000 (custom)
2019-09-27 20:42:32,375 [pool-77-thread-1] INFO  server.RaftServerConfigKeys (ConfUtils.java:logGet(43)) - raft.server.log.appender.buffer.byte-limit = 33554432 (custom)
2019-09-27 20:42:32,375 [pool-77-thread-1] INFO  server.RaftServerConfigKeys (ConfUtils.java:logGet(43)) - raft.server.log.segment.size.max = 1048576 (custom)
2019-09-27 20:42:32,375 [pool-77-thread-1] INFO  server.RaftServerConfigKeys (ConfUtils.java:logGet(43)) - raft.server.log.segment.cache.num.max = 2 (custom)
2019-09-27 20:42:32,376 [pool-77-thread-1] INFO  segmented.SegmentedRaftLogWorker (SegmentedRaftLogWorker.java:<init>(172)) - new ba470b33-2419-4e6b-bad2-3db85df885d1@group-678E4E546B74-SegmentedRaftLogWorker for RaftStorage:Storage Directory /workdir/hadoop-ozone/integration-test/target/test-dir/MiniOzoneClusterImpl-11934f51-33c7-4b40-8364-b20e4e673bd3/datanode-5/data/ratis/e3b8ab6d-6e27-47e0-8625-678e4e546b74
2019-09-27 20:42:32,402 [pool-77-thread-1] INFO  server.RaftServerConfigKeys (ConfUtils.java:logGet(43)) - raft.server.log.queue.byte-limit = 2147483647 (custom)
2019-09-27 20:42:32,402 [pool-77-thread-1] INFO  server.RaftServerConfigKeys (ConfUtils.java:logGet(43)) - raft.server.log.queue.element-limit = 1024 (custom)
2019-09-27 20:42:32,402 [pool-77-thread-1] INFO  server.RaftServerConfigKeys (ConfUtils.java:logGet(43)) - raft.server.log.segment.size.max = 1048576 (custom)
2019-09-27 20:42:32,402 [pool-77-thread-1] INFO  server.RaftServerConfigKeys (ConfUtils.java:logGet(43)) - raft.server.log.preallocated.size = 16384 (custom)
2019-09-27 20:42:32,402 [pool-77-thread-1] INFO  server.RaftServerConfigKeys (ConfUtils.java:logGet(43)) - raft.server.log.write.buffer.size = 33554432 (custom)
2019-09-27 20:42:32,403 [pool-77-thread-1] INFO  server.RaftServerConfigKeys (ConfUtils.java:logGet(43)) - raft.server.log.force.sync.num = 128 (default)
2019-09-27 20:42:32,403 [pool-77-thread-1] INFO  server.RaftServerConfigKeys (ConfUtils.java:logGet(43)) - raft.server.log.statemachine.data.sync = true (default)
2019-09-27 20:42:32,403 [pool-77-thread-1] INFO  server.RaftServerConfigKeys (ConfUtils.java:logGet(43)) - raft.server.log.statemachine.data.sync.timeout = 10s (default)
2019-09-27 20:42:32,403 [pool-77-thread-1] INFO  server.RaftServerConfigKeys (ConfUtils.java:logGet(43)) - raft.server.log.statemachine.data.sync.timeout.retry = -1 (default)
2019-09-27 20:42:32,403 [pool-77-thread-1] INFO  server.RaftServerConfigKeys (ConfUtils.java:logGet(43)) - raft.server.log.statemachine.data.caching.enabled = true (custom)
2019-09-27 20:42:32,403 [pool-77-thread-1] INFO  segmented.SegmentedRaftLogWorker (SegmentedRaftLogWorker.java:lambda$new$0(132)) - ba470b33-2419-4e6b-bad2-3db85df885d1@group-678E4E546B74-SegmentedRaftLogWorker: flushIndex: setUnconditionally 0 -> -1
2019-09-27 20:42:32,404 [pool-77-thread-1] INFO  server.RaftServerConfigKeys (ConfUtils.java:logGet(43)) - raft.server.snapshot.auto.trigger.enabled = true (custom)
2019-09-27 20:42:32,404 [pool-77-thread-1] INFO  server.RaftServerConfigKeys (ConfUtils.java:logGet(43)) - raft.server.snapshot.auto.trigger.threshold = 10000 (custom)
2019-09-27 20:42:32,404 [pool-77-thread-1] INFO  server.RaftServerConfigKeys (ConfUtils.java:logGet(43)) - raft.server.snapshot.retention.num.files = 5 (custom)
2019-09-27 20:42:32,404 [pool-77-thread-1] INFO  server.RaftServerConfigKeys (ConfUtils.java:logGet(43)) - raft.server.retrycache.expirytime = 600000ms (custom)
2019-09-27 20:42:32,407 [pool-77-thread-1] INFO  impl.RaftServerImpl (RaftServerImpl.java:start(185)) - ba470b33-2419-4e6b-bad2-3db85df885d1@group-678E4E546B74: start as a follower, conf=-1: [ba470b33-2419-4e6b-bad2-3db85df885d1:192.168.164.218:36774], old=null
2019-09-27 20:42:32,408 [pool-77-thread-1] INFO  impl.RaftServerImpl (RaftServerImpl.java:setRole(174)) - ba470b33-2419-4e6b-bad2-3db85df885d1@group-678E4E546B74: changes role from      null to FOLLOWER at term 0 for startAsFollower
2019-09-27 20:42:32,408 [pool-77-thread-1] INFO  impl.RoleInfo (RoleInfo.java:updateAndGet(143)) - ba470b33-2419-4e6b-bad2-3db85df885d1: start FollowerState
2019-09-27 20:42:32,408 [pool-77-thread-1] INFO  util.JmxRegister (JmxRegister.java:tryRegister(44)) - Successfully registered JMX Bean with object name Ratis:service=RaftServer,group=group-678E4E546B74,id=ba470b33-2419-4e6b-bad2-3db85df885d1
2019-09-27 20:42:32,417 [RatisPipelineUtilsThread] INFO  pipeline.PipelineStateManager (PipelineStateManager.java:addPipeline(56)) - Created pipeline Pipeline[ Id: e3b8ab6d-6e27-47e0-8625-678e4e546b74, Nodes: ba470b33-2419-4e6b-bad2-3db85df885d1{ip: 192.168.164.218, host: pr-hdds-1146-452xf-2747512450, networkLocation: /default-rack, certSerialId: null}, Type:RATIS, Factor:ONE, State:OPEN]
2019-09-27 20:42:32,432 [grpc-default-executor-0] INFO  impl.RaftServerProxy (RaftServerProxy.java:addNew(89)) - 0f772086-bee3-40e7-9d20-032999a6f1f0: addNew group-689D168270D7:[0f772086-bee3-40e7-9d20-032999a6f1f0:192.168.164.218:42451] returns group-689D168270D7:java.util.concurrent.CompletableFuture@6fead0ed[Not completed]
2019-09-27 20:42:32,436 [pool-67-thread-1] INFO  impl.RaftServerImpl (RaftServerImpl.java:<init>(95)) - 0f772086-bee3-40e7-9d20-032999a6f1f0: new RaftServerImpl for group-689D168270D7:[0f772086-bee3-40e7-9d20-032999a6f1f0:192.168.164.218:42451] with ContainerStateMachine:uninitialized
2019-09-27 20:42:32,436 [pool-67-thread-1] INFO  server.RaftServerConfigKeys (ConfUtils.java:logGet(43)) - raft.server.rpc.timeout.min = 5s (custom)
2019-09-27 20:42:32,436 [pool-67-thread-1] INFO  server.RaftServerConfigKeys (ConfUtils.java:logGet(43)) - raft.server.rpc.timeout.max = 5200ms (custom)
2019-09-27 20:42:32,436 [pool-67-thread-1] INFO  server.RaftServerConfigKeys (ConfUtils.java:logGet(43)) - raft.server.rpcslowness.timeout = 120s (custom)
2019-09-27 20:42:32,436 [pool-67-thread-1] INFO  server.RaftServerConfigKeys (ConfUtils.java:logGet(43)) - raft.server.sleep.deviation.threshold = 300 (default)
2019-09-27 20:42:32,436 [pool-67-thread-1] INFO  server.RaftServerConfigKeys (ConfUtils.java:logGet(43)) - raft.server.log.appender.install.snapshot.enabled = false (custom)
2019-09-27 20:42:32,437 [pool-67-thread-1] INFO  impl.RaftServerImpl (ServerState.java:<init>(103)) - 0f772086-bee3-40e7-9d20-032999a6f1f0@group-689D168270D7: ConfigurationManager, init=-1: [0f772086-bee3-40e7-9d20-032999a6f1f0:192.168.164.218:42451], old=null, confs=<EMPTY_MAP>
2019-09-27 20:42:32,437 [pool-67-thread-1] INFO  server.RaftServerConfigKeys (ConfUtils.java:logGet(43)) - raft.server.storage.dir = [/workdir/hadoop-ozone/integration-test/target/test-dir/MiniOzoneClusterImpl-11934f51-33c7-4b40-8364-b20e4e673bd3/datanode-4/data/ratis] (custom)
2019-09-27 20:42:32,437 [pool-67-thread-1] INFO  storage.RaftStorageDirectory (RaftStorageDirectory.java:analyzeStorage(246)) - The storage directory /workdir/hadoop-ozone/integration-test/target/test-dir/MiniOzoneClusterImpl-11934f51-33c7-4b40-8364-b20e4e673bd3/datanode-4/data/ratis/f7655503-ad56-4ef0-b9e1-689d168270d7 does not exist. Creating ...
2019-09-27 20:42:32,450 [pool-67-thread-1] INFO  storage.RaftStorageDirectory (RaftStorageDirectory.java:tryLock(328)) - Lock on /workdir/hadoop-ozone/integration-test/target/test-dir/MiniOzoneClusterImpl-11934f51-33c7-4b40-8364-b20e4e673bd3/datanode-4/data/ratis/f7655503-ad56-4ef0-b9e1-689d168270d7/in_use.lock acquired by nodename 30106@pr-hdds-1146-452xf-2747512450
2019-09-27 20:42:32,465 [pool-67-thread-1] INFO  storage.RaftStorage (RaftStorage.java:format(72)) - Storage directory /workdir/hadoop-ozone/integration-test/target/test-dir/MiniOzoneClusterImpl-11934f51-33c7-4b40-8364-b20e4e673bd3/datanode-4/data/ratis/f7655503-ad56-4ef0-b9e1-689d168270d7 has been successfully formatted.
2019-09-27 20:42:32,465 [pool-67-thread-1] INFO  ratis.ContainerStateMachine (ContainerStateMachine.java:loadSnapshot(230)) - group-689D168270D7: The snapshot info is null. Setting the last applied indexto:(t:0, i:~)
2019-09-27 20:42:32,465 [pool-67-thread-1] INFO  server.RaftServerConfigKeys (ConfUtils.java:logGet(43)) - raft.server.notification.no-leader.timeout = 120s (custom)
2019-09-27 20:42:32,465 [pool-67-thread-1] INFO  server.RaftServerConfigKeys (ConfUtils.java:logGet(43)) - raft.server.log.use.memory = false (default)
2019-09-27 20:42:32,466 [pool-67-thread-1] INFO  server.RaftServerConfigKeys (ConfUtils.java:logGet(43)) - raft.server.log.purge.gap = 1000000 (custom)
2019-09-27 20:42:32,466 [pool-67-thread-1] INFO  server.RaftServerConfigKeys (ConfUtils.java:logGet(43)) - raft.server.log.appender.buffer.byte-limit = 33554432 (custom)
2019-09-27 20:42:32,466 [pool-67-thread-1] INFO  server.RaftServerConfigKeys (ConfUtils.java:logGet(43)) - raft.server.log.segment.size.max = 1048576 (custom)
2019-09-27 20:42:32,466 [pool-67-thread-1] INFO  server.RaftServerConfigKeys (ConfUtils.java:logGet(43)) - raft.server.log.segment.cache.num.max = 2 (custom)
2019-09-27 20:42:32,466 [pool-67-thread-1] INFO  segmented.SegmentedRaftLogWorker (SegmentedRaftLogWorker.java:<init>(172)) - new 0f772086-bee3-40e7-9d20-032999a6f1f0@group-689D168270D7-SegmentedRaftLogWorker for RaftStorage:Storage Directory /workdir/hadoop-ozone/integration-test/target/test-dir/MiniOzoneClusterImpl-11934f51-33c7-4b40-8364-b20e4e673bd3/datanode-4/data/ratis/f7655503-ad56-4ef0-b9e1-689d168270d7
2019-09-27 20:42:32,470 [pool-67-thread-1] INFO  server.RaftServerConfigKeys (ConfUtils.java:logGet(43)) - raft.server.log.queue.byte-limit = 2147483647 (custom)
2019-09-27 20:42:32,471 [pool-67-thread-1] INFO  server.RaftServerConfigKeys (ConfUtils.java:logGet(43)) - raft.server.log.queue.element-limit = 1024 (custom)
2019-09-27 20:42:32,471 [pool-67-thread-1] INFO  server.RaftServerConfigKeys (ConfUtils.java:logGet(43)) - raft.server.log.segment.size.max = 1048576 (custom)
2019-09-27 20:42:32,471 [pool-67-thread-1] INFO  server.RaftServerConfigKeys (ConfUtils.java:logGet(43)) - raft.server.log.preallocated.size = 16384 (custom)
2019-09-27 20:42:32,471 [pool-67-thread-1] INFO  server.RaftServerConfigKeys (ConfUtils.java:logGet(43)) - raft.server.log.write.buffer.size = 33554432 (custom)
2019-09-27 20:42:32,471 [pool-67-thread-1] INFO  server.RaftServerConfigKeys (ConfUtils.java:logGet(43)) - raft.server.log.force.sync.num = 128 (default)
2019-09-27 20:42:32,471 [pool-67-thread-1] INFO  server.RaftServerConfigKeys (ConfUtils.java:logGet(43)) - raft.server.log.statemachine.data.sync = true (default)
2019-09-27 20:42:32,471 [pool-67-thread-1] INFO  server.RaftServerConfigKeys (ConfUtils.java:logGet(43)) - raft.server.log.statemachine.data.sync.timeout = 10s (default)
2019-09-27 20:42:32,471 [pool-67-thread-1] INFO  server.RaftServerConfigKeys (ConfUtils.java:logGet(43)) - raft.server.log.statemachine.data.sync.timeout.retry = -1 (default)
2019-09-27 20:42:32,472 [pool-67-thread-1] INFO  server.RaftServerConfigKeys (ConfUtils.java:logGet(43)) - raft.server.log.statemachine.data.caching.enabled = true (custom)
2019-09-27 20:42:32,472 [pool-67-thread-1] INFO  segmented.SegmentedRaftLogWorker (SegmentedRaftLogWorker.java:lambda$new$0(132)) - 0f772086-bee3-40e7-9d20-032999a6f1f0@group-689D168270D7-SegmentedRaftLogWorker: flushIndex: setUnconditionally 0 -> -1
2019-09-27 20:42:32,472 [pool-67-thread-1] INFO  server.RaftServerConfigKeys (ConfUtils.java:logGet(43)) - raft.server.snapshot.auto.trigger.enabled = true (custom)
2019-09-27 20:42:32,472 [pool-67-thread-1] INFO  server.RaftServerConfigKeys (ConfUtils.java:logGet(43)) - raft.server.snapshot.auto.trigger.threshold = 10000 (custom)
2019-09-27 20:42:32,472 [pool-67-thread-1] INFO  server.RaftServerConfigKeys (ConfUtils.java:logGet(43)) - raft.server.snapshot.retention.num.files = 5 (custom)
2019-09-27 20:42:32,473 [pool-67-thread-1] INFO  server.RaftServerConfigKeys (ConfUtils.java:logGet(43)) - raft.server.retrycache.expirytime = 600000ms (custom)
2019-09-27 20:42:32,477 [pool-67-thread-1] INFO  impl.RaftServerImpl (RaftServerImpl.java:start(185)) - 0f772086-bee3-40e7-9d20-032999a6f1f0@group-689D168270D7: start as a follower, conf=-1: [0f772086-bee3-40e7-9d20-032999a6f1f0:192.168.164.218:42451], old=null
2019-09-27 20:42:32,477 [pool-67-thread-1] INFO  impl.RaftServerImpl (RaftServerImpl.java:setRole(174)) - 0f772086-bee3-40e7-9d20-032999a6f1f0@group-689D168270D7: changes role from      null to FOLLOWER at term 0 for startAsFollower
2019-09-27 20:42:32,477 [pool-67-thread-1] INFO  impl.RoleInfo (RoleInfo.java:updateAndGet(143)) - 0f772086-bee3-40e7-9d20-032999a6f1f0: start FollowerState
2019-09-27 20:42:32,477 [pool-67-thread-1] INFO  util.JmxRegister (JmxRegister.java:tryRegister(44)) - Successfully registered JMX Bean with object name Ratis:service=RaftServer,group=group-689D168270D7,id=0f772086-bee3-40e7-9d20-032999a6f1f0
2019-09-27 20:42:32,490 [RatisPipelineUtilsThread] INFO  pipeline.PipelineStateManager (PipelineStateManager.java:addPipeline(56)) - Created pipeline Pipeline[ Id: f7655503-ad56-4ef0-b9e1-689d168270d7, Nodes: 0f772086-bee3-40e7-9d20-032999a6f1f0{ip: 192.168.164.218, host: pr-hdds-1146-452xf-2747512450, networkLocation: /default-rack, certSerialId: null}, Type:RATIS, Factor:ONE, State:OPEN]
2019-09-27 20:42:32,508 [grpc-default-executor-0] INFO  impl.RaftServerProxy (RaftServerProxy.java:addNew(89)) - d45f9132-b116-4478-a065-35e831f48866: addNew group-8FD849B92C1F:[d45f9132-b116-4478-a065-35e831f48866:192.168.164.218:44351] returns group-8FD849B92C1F:java.util.concurrent.CompletableFuture@57ee33e6[Not completed]
2019-09-27 20:42:32,512 [pool-87-thread-1] INFO  impl.RaftServerImpl (RaftServerImpl.java:<init>(95)) - d45f9132-b116-4478-a065-35e831f48866: new RaftServerImpl for group-8FD849B92C1F:[d45f9132-b116-4478-a065-35e831f48866:192.168.164.218:44351] with ContainerStateMachine:uninitialized
2019-09-27 20:42:32,512 [pool-87-thread-1] INFO  server.RaftServerConfigKeys (ConfUtils.java:logGet(43)) - raft.server.rpc.timeout.min = 5s (custom)
2019-09-27 20:42:32,512 [pool-87-thread-1] INFO  server.RaftServerConfigKeys (ConfUtils.java:logGet(43)) - raft.server.rpc.timeout.max = 5200ms (custom)
2019-09-27 20:42:32,512 [pool-87-thread-1] INFO  server.RaftServerConfigKeys (ConfUtils.java:logGet(43)) - raft.server.rpcslowness.timeout = 120s (custom)
2019-09-27 20:42:32,512 [pool-87-thread-1] INFO  server.RaftServerConfigKeys (ConfUtils.java:logGet(43)) - raft.server.sleep.deviation.threshold = 300 (default)
2019-09-27 20:42:32,512 [pool-87-thread-1] INFO  server.RaftServerConfigKeys (ConfUtils.java:logGet(43)) - raft.server.log.appender.install.snapshot.enabled = false (custom)
2019-09-27 20:42:32,512 [pool-87-thread-1] INFO  impl.RaftServerImpl (ServerState.java:<init>(103)) - d45f9132-b116-4478-a065-35e831f48866@group-8FD849B92C1F: ConfigurationManager, init=-1: [d45f9132-b116-4478-a065-35e831f48866:192.168.164.218:44351], old=null, confs=<EMPTY_MAP>
2019-09-27 20:42:32,512 [pool-87-thread-1] INFO  server.RaftServerConfigKeys (ConfUtils.java:logGet(43)) - raft.server.storage.dir = [/workdir/hadoop-ozone/integration-test/target/test-dir/MiniOzoneClusterImpl-11934f51-33c7-4b40-8364-b20e4e673bd3/datanode-6/data/ratis] (custom)
2019-09-27 20:42:32,513 [pool-87-thread-1] INFO  storage.RaftStorageDirectory (RaftStorageDirectory.java:analyzeStorage(246)) - The storage directory /workdir/hadoop-ozone/integration-test/target/test-dir/MiniOzoneClusterImpl-11934f51-33c7-4b40-8364-b20e4e673bd3/datanode-6/data/ratis/8c32ebe8-4eec-43b0-a0c6-8fd849b92c1f does not exist. Creating ...
2019-09-27 20:42:32,526 [pool-87-thread-1] INFO  storage.RaftStorageDirectory (RaftStorageDirectory.java:tryLock(328)) - Lock on /workdir/hadoop-ozone/integration-test/target/test-dir/MiniOzoneClusterImpl-11934f51-33c7-4b40-8364-b20e4e673bd3/datanode-6/data/ratis/8c32ebe8-4eec-43b0-a0c6-8fd849b92c1f/in_use.lock acquired by nodename 30106@pr-hdds-1146-452xf-2747512450
2019-09-27 20:42:32,539 [pool-87-thread-1] INFO  storage.RaftStorage (RaftStorage.java:format(72)) - Storage directory /workdir/hadoop-ozone/integration-test/target/test-dir/MiniOzoneClusterImpl-11934f51-33c7-4b40-8364-b20e4e673bd3/datanode-6/data/ratis/8c32ebe8-4eec-43b0-a0c6-8fd849b92c1f has been successfully formatted.
2019-09-27 20:42:32,540 [pool-87-thread-1] INFO  ratis.ContainerStateMachine (ContainerStateMachine.java:loadSnapshot(230)) - group-8FD849B92C1F: The snapshot info is null. Setting the last applied indexto:(t:0, i:~)
2019-09-27 20:42:32,540 [pool-87-thread-1] INFO  server.RaftServerConfigKeys (ConfUtils.java:logGet(43)) - raft.server.notification.no-leader.timeout = 120s (custom)
2019-09-27 20:42:32,540 [pool-87-thread-1] INFO  server.RaftServerConfigKeys (ConfUtils.java:logGet(43)) - raft.server.log.use.memory = false (default)
2019-09-27 20:42:32,540 [pool-87-thread-1] INFO  server.RaftServerConfigKeys (ConfUtils.java:logGet(43)) - raft.server.log.purge.gap = 1000000 (custom)
2019-09-27 20:42:32,540 [pool-87-thread-1] INFO  server.RaftServerConfigKeys (ConfUtils.java:logGet(43)) - raft.server.log.appender.buffer.byte-limit = 33554432 (custom)
2019-09-27 20:42:32,541 [pool-87-thread-1] INFO  server.RaftServerConfigKeys (ConfUtils.java:logGet(43)) - raft.server.log.segment.size.max = 1048576 (custom)
2019-09-27 20:42:32,541 [pool-87-thread-1] INFO  server.RaftServerConfigKeys (ConfUtils.java:logGet(43)) - raft.server.log.segment.cache.num.max = 2 (custom)
2019-09-27 20:42:32,541 [pool-87-thread-1] INFO  segmented.SegmentedRaftLogWorker (SegmentedRaftLogWorker.java:<init>(172)) - new d45f9132-b116-4478-a065-35e831f48866@group-8FD849B92C1F-SegmentedRaftLogWorker for RaftStorage:Storage Directory /workdir/hadoop-ozone/integration-test/target/test-dir/MiniOzoneClusterImpl-11934f51-33c7-4b40-8364-b20e4e673bd3/datanode-6/data/ratis/8c32ebe8-4eec-43b0-a0c6-8fd849b92c1f
2019-09-27 20:42:32,545 [pool-87-thread-1] INFO  server.RaftServerConfigKeys (ConfUtils.java:logGet(43)) - raft.server.log.queue.byte-limit = 2147483647 (custom)
2019-09-27 20:42:32,545 [pool-87-thread-1] INFO  server.RaftServerConfigKeys (ConfUtils.java:logGet(43)) - raft.server.log.queue.element-limit = 1024 (custom)
2019-09-27 20:42:32,546 [pool-87-thread-1] INFO  server.RaftServerConfigKeys (ConfUtils.java:logGet(43)) - raft.server.log.segment.size.max = 1048576 (custom)
2019-09-27 20:42:32,546 [pool-87-thread-1] INFO  server.RaftServerConfigKeys (ConfUtils.java:logGet(43)) - raft.server.log.preallocated.size = 16384 (custom)
2019-09-27 20:42:32,546 [pool-87-thread-1] INFO  server.RaftServerConfigKeys (ConfUtils.java:logGet(43)) - raft.server.log.write.buffer.size = 33554432 (custom)
2019-09-27 20:42:32,546 [pool-87-thread-1] INFO  server.RaftServerConfigKeys (ConfUtils.java:logGet(43)) - raft.server.log.force.sync.num = 128 (default)
2019-09-27 20:42:32,546 [pool-87-thread-1] INFO  server.RaftServerConfigKeys (ConfUtils.java:logGet(43)) - raft.server.log.statemachine.data.sync = true (default)
2019-09-27 20:42:32,546 [pool-87-thread-1] INFO  server.RaftServerConfigKeys (ConfUtils.java:logGet(43)) - raft.server.log.statemachine.data.sync.timeout = 10s (default)
2019-09-27 20:42:32,546 [pool-87-thread-1] INFO  server.RaftServerConfigKeys (ConfUtils.java:logGet(43)) - raft.server.log.statemachine.data.sync.timeout.retry = -1 (default)
2019-09-27 20:42:32,547 [pool-87-thread-1] INFO  server.RaftServerConfigKeys (ConfUtils.java:logGet(43)) - raft.server.log.statemachine.data.caching.enabled = true (custom)
2019-09-27 20:42:32,547 [pool-87-thread-1] INFO  segmented.SegmentedRaftLogWorker (SegmentedRaftLogWorker.java:lambda$new$0(132)) - d45f9132-b116-4478-a065-35e831f48866@group-8FD849B92C1F-SegmentedRaftLogWorker: flushIndex: setUnconditionally 0 -> -1
2019-09-27 20:42:32,547 [pool-87-thread-1] INFO  server.RaftServerConfigKeys (ConfUtils.java:logGet(43)) - raft.server.snapshot.auto.trigger.enabled = true (custom)
2019-09-27 20:42:32,547 [pool-87-thread-1] INFO  server.RaftServerConfigKeys (ConfUtils.java:logGet(43)) - raft.server.snapshot.auto.trigger.threshold = 10000 (custom)
2019-09-27 20:42:32,547 [pool-87-thread-1] INFO  server.RaftServerConfigKeys (ConfUtils.java:logGet(43)) - raft.server.snapshot.retention.num.files = 5 (custom)
2019-09-27 20:42:32,547 [pool-87-thread-1] INFO  server.RaftServerConfigKeys (ConfUtils.java:logGet(43)) - raft.server.retrycache.expirytime = 600000ms (custom)
2019-09-27 20:42:32,550 [pool-87-thread-1] INFO  impl.RaftServerImpl (RaftServerImpl.java:start(185)) - d45f9132-b116-4478-a065-35e831f48866@group-8FD849B92C1F: start as a follower, conf=-1: [d45f9132-b116-4478-a065-35e831f48866:192.168.164.218:44351], old=null
2019-09-27 20:42:32,550 [pool-87-thread-1] INFO  impl.RaftServerImpl (RaftServerImpl.java:setRole(174)) - d45f9132-b116-4478-a065-35e831f48866@group-8FD849B92C1F: changes role from      null to FOLLOWER at term 0 for startAsFollower
2019-09-27 20:42:32,551 [pool-87-thread-1] INFO  impl.RoleInfo (RoleInfo.java:updateAndGet(143)) - d45f9132-b116-4478-a065-35e831f48866: start FollowerState
2019-09-27 20:42:32,551 [pool-87-thread-1] INFO  util.JmxRegister (JmxRegister.java:tryRegister(44)) - Successfully registered JMX Bean with object name Ratis:service=RaftServer,group=group-8FD849B92C1F,id=d45f9132-b116-4478-a065-35e831f48866
2019-09-27 20:42:32,560 [RatisPipelineUtilsThread] INFO  pipeline.PipelineStateManager (PipelineStateManager.java:addPipeline(56)) - Created pipeline Pipeline[ Id: 8c32ebe8-4eec-43b0-a0c6-8fd849b92c1f, Nodes: d45f9132-b116-4478-a065-35e831f48866{ip: 192.168.164.218, host: pr-hdds-1146-452xf-2747512450, networkLocation: /default-rack, certSerialId: null}, Type:RATIS, Factor:ONE, State:OPEN]
2019-09-27 20:42:32,578 [grpc-default-executor-0] INFO  impl.RaftServerProxy (RaftServerProxy.java:addNew(89)) - f0d14e84-6427-4367-a20e-06d852f84116: addNew group-05B463224065:[f0d14e84-6427-4367-a20e-06d852f84116:192.168.164.218:44850] returns group-05B463224065:java.util.concurrent.CompletableFuture@62a1168f[Not completed]
2019-09-27 20:42:32,579 [pool-47-thread-1] INFO  impl.RaftServerImpl (RaftServerImpl.java:<init>(95)) - f0d14e84-6427-4367-a20e-06d852f84116: new RaftServerImpl for group-05B463224065:[f0d14e84-6427-4367-a20e-06d852f84116:192.168.164.218:44850] with ContainerStateMachine:uninitialized
2019-09-27 20:42:32,579 [pool-47-thread-1] INFO  server.RaftServerConfigKeys (ConfUtils.java:logGet(43)) - raft.server.rpc.timeout.min = 5s (custom)
2019-09-27 20:42:32,579 [pool-47-thread-1] INFO  server.RaftServerConfigKeys (ConfUtils.java:logGet(43)) - raft.server.rpc.timeout.max = 5200ms (custom)
2019-09-27 20:42:32,579 [pool-47-thread-1] INFO  server.RaftServerConfigKeys (ConfUtils.java:logGet(43)) - raft.server.rpcslowness.timeout = 120s (custom)
2019-09-27 20:42:32,579 [pool-47-thread-1] INFO  server.RaftServerConfigKeys (ConfUtils.java:logGet(43)) - raft.server.sleep.deviation.threshold = 300 (default)
2019-09-27 20:42:32,580 [pool-47-thread-1] INFO  server.RaftServerConfigKeys (ConfUtils.java:logGet(43)) - raft.server.log.appender.install.snapshot.enabled = false (custom)
2019-09-27 20:42:32,580 [pool-47-thread-1] INFO  impl.RaftServerImpl (ServerState.java:<init>(103)) - f0d14e84-6427-4367-a20e-06d852f84116@group-05B463224065: ConfigurationManager, init=-1: [f0d14e84-6427-4367-a20e-06d852f84116:192.168.164.218:44850], old=null, confs=<EMPTY_MAP>
2019-09-27 20:42:32,580 [pool-47-thread-1] INFO  server.RaftServerConfigKeys (ConfUtils.java:logGet(43)) - raft.server.storage.dir = [/workdir/hadoop-ozone/integration-test/target/test-dir/MiniOzoneClusterImpl-11934f51-33c7-4b40-8364-b20e4e673bd3/datanode-2/data/ratis] (custom)
2019-09-27 20:42:32,580 [pool-47-thread-1] INFO  storage.RaftStorageDirectory (RaftStorageDirectory.java:analyzeStorage(246)) - The storage directory /workdir/hadoop-ozone/integration-test/target/test-dir/MiniOzoneClusterImpl-11934f51-33c7-4b40-8364-b20e4e673bd3/datanode-2/data/ratis/6254354e-924d-4c74-b6da-05b463224065 does not exist. Creating ...
2019-09-27 20:42:32,593 [pool-47-thread-1] INFO  storage.RaftStorageDirectory (RaftStorageDirectory.java:tryLock(328)) - Lock on /workdir/hadoop-ozone/integration-test/target/test-dir/MiniOzoneClusterImpl-11934f51-33c7-4b40-8364-b20e4e673bd3/datanode-2/data/ratis/6254354e-924d-4c74-b6da-05b463224065/in_use.lock acquired by nodename 30106@pr-hdds-1146-452xf-2747512450
2019-09-27 20:42:32,606 [pool-47-thread-1] INFO  storage.RaftStorage (RaftStorage.java:format(72)) - Storage directory /workdir/hadoop-ozone/integration-test/target/test-dir/MiniOzoneClusterImpl-11934f51-33c7-4b40-8364-b20e4e673bd3/datanode-2/data/ratis/6254354e-924d-4c74-b6da-05b463224065 has been successfully formatted.
2019-09-27 20:42:32,606 [pool-47-thread-1] INFO  ratis.ContainerStateMachine (ContainerStateMachine.java:loadSnapshot(230)) - group-05B463224065: The snapshot info is null. Setting the last applied indexto:(t:0, i:~)
2019-09-27 20:42:32,606 [pool-47-thread-1] INFO  server.RaftServerConfigKeys (ConfUtils.java:logGet(43)) - raft.server.notification.no-leader.timeout = 120s (custom)
2019-09-27 20:42:32,606 [pool-47-thread-1] INFO  server.RaftServerConfigKeys (ConfUtils.java:logGet(43)) - raft.server.log.use.memory = false (default)
2019-09-27 20:42:32,606 [pool-47-thread-1] INFO  server.RaftServerConfigKeys (ConfUtils.java:logGet(43)) - raft.server.log.purge.gap = 1000000 (custom)
2019-09-27 20:42:32,607 [pool-47-thread-1] INFO  server.RaftServerConfigKeys (ConfUtils.java:logGet(43)) - raft.server.log.appender.buffer.byte-limit = 33554432 (custom)
2019-09-27 20:42:32,607 [pool-47-thread-1] INFO  server.RaftServerConfigKeys (ConfUtils.java:logGet(43)) - raft.server.log.segment.size.max = 1048576 (custom)
2019-09-27 20:42:32,607 [pool-47-thread-1] INFO  server.RaftServerConfigKeys (ConfUtils.java:logGet(43)) - raft.server.log.segment.cache.num.max = 2 (custom)
2019-09-27 20:42:32,607 [pool-47-thread-1] INFO  segmented.SegmentedRaftLogWorker (SegmentedRaftLogWorker.java:<init>(172)) - new f0d14e84-6427-4367-a20e-06d852f84116@group-05B463224065-SegmentedRaftLogWorker for RaftStorage:Storage Directory /workdir/hadoop-ozone/integration-test/target/test-dir/MiniOzoneClusterImpl-11934f51-33c7-4b40-8364-b20e4e673bd3/datanode-2/data/ratis/6254354e-924d-4c74-b6da-05b463224065
2019-09-27 20:42:32,609 [pool-47-thread-1] INFO  server.RaftServerConfigKeys (ConfUtils.java:logGet(43)) - raft.server.log.queue.byte-limit = 2147483647 (custom)
2019-09-27 20:42:32,610 [pool-47-thread-1] INFO  server.RaftServerConfigKeys (ConfUtils.java:logGet(43)) - raft.server.log.queue.element-limit = 1024 (custom)
2019-09-27 20:42:32,610 [pool-47-thread-1] INFO  server.RaftServerConfigKeys (ConfUtils.java:logGet(43)) - raft.server.log.segment.size.max = 1048576 (custom)
2019-09-27 20:42:32,610 [pool-47-thread-1] INFO  server.RaftServerConfigKeys (ConfUtils.java:logGet(43)) - raft.server.log.preallocated.size = 16384 (custom)
2019-09-27 20:42:32,610 [pool-47-thread-1] INFO  server.RaftServerConfigKeys (ConfUtils.java:logGet(43)) - raft.server.log.write.buffer.size = 33554432 (custom)
2019-09-27 20:42:32,610 [pool-47-thread-1] INFO  server.RaftServerConfigKeys (ConfUtils.java:logGet(43)) - raft.server.log.force.sync.num = 128 (default)
2019-09-27 20:42:32,610 [pool-47-thread-1] INFO  server.RaftServerConfigKeys (ConfUtils.java:logGet(43)) - raft.server.log.statemachine.data.sync = true (default)
2019-09-27 20:42:32,610 [pool-47-thread-1] INFO  server.RaftServerConfigKeys (ConfUtils.java:logGet(43)) - raft.server.log.statemachine.data.sync.timeout = 10s (default)
2019-09-27 20:42:32,610 [pool-47-thread-1] INFO  server.RaftServerConfigKeys (ConfUtils.java:logGet(43)) - raft.server.log.statemachine.data.sync.timeout.retry = -1 (default)
2019-09-27 20:42:32,611 [pool-47-thread-1] INFO  server.RaftServerConfigKeys (ConfUtils.java:logGet(43)) - raft.server.log.statemachine.data.caching.enabled = true (custom)
2019-09-27 20:42:32,611 [pool-47-thread-1] INFO  segmented.SegmentedRaftLogWorker (SegmentedRaftLogWorker.java:lambda$new$0(132)) - f0d14e84-6427-4367-a20e-06d852f84116@group-05B463224065-SegmentedRaftLogWorker: flushIndex: setUnconditionally 0 -> -1
2019-09-27 20:42:32,611 [pool-47-thread-1] INFO  server.RaftServerConfigKeys (ConfUtils.java:logGet(43)) - raft.server.snapshot.auto.trigger.enabled = true (custom)
2019-09-27 20:42:32,611 [pool-47-thread-1] INFO  server.RaftServerConfigKeys (ConfUtils.java:logGet(43)) - raft.server.snapshot.auto.trigger.threshold = 10000 (custom)
2019-09-27 20:42:32,611 [pool-47-thread-1] INFO  server.RaftServerConfigKeys (ConfUtils.java:logGet(43)) - raft.server.snapshot.retention.num.files = 5 (custom)
2019-09-27 20:42:32,611 [pool-47-thread-1] INFO  server.RaftServerConfigKeys (ConfUtils.java:logGet(43)) - raft.server.retrycache.expirytime = 600000ms (custom)
2019-09-27 20:42:32,614 [pool-47-thread-1] INFO  impl.RaftServerImpl (RaftServerImpl.java:start(185)) - f0d14e84-6427-4367-a20e-06d852f84116@group-05B463224065: start as a follower, conf=-1: [f0d14e84-6427-4367-a20e-06d852f84116:192.168.164.218:44850], old=null
2019-09-27 20:42:32,614 [pool-47-thread-1] INFO  impl.RaftServerImpl (RaftServerImpl.java:setRole(174)) - f0d14e84-6427-4367-a20e-06d852f84116@group-05B463224065: changes role from      null to FOLLOWER at term 0 for startAsFollower
2019-09-27 20:42:32,614 [pool-47-thread-1] INFO  impl.RoleInfo (RoleInfo.java:updateAndGet(143)) - f0d14e84-6427-4367-a20e-06d852f84116: start FollowerState
2019-09-27 20:42:32,614 [pool-47-thread-1] INFO  util.JmxRegister (JmxRegister.java:tryRegister(44)) - Successfully registered JMX Bean with object name Ratis:service=RaftServer,group=group-05B463224065,id=f0d14e84-6427-4367-a20e-06d852f84116
2019-09-27 20:42:32,624 [RatisPipelineUtilsThread] INFO  pipeline.PipelineStateManager (PipelineStateManager.java:addPipeline(56)) - Created pipeline Pipeline[ Id: 6254354e-924d-4c74-b6da-05b463224065, Nodes: f0d14e84-6427-4367-a20e-06d852f84116{ip: 192.168.164.218, host: pr-hdds-1146-452xf-2747512450, networkLocation: /default-rack, certSerialId: null}, Type:RATIS, Factor:ONE, State:OPEN]
2019-09-27 20:42:32,638 [grpc-default-executor-0] INFO  impl.RaftServerProxy (RaftServerProxy.java:addNew(89)) - d8358dec-3e4c-496b-b4a6-fc01bde355d5: addNew group-D1161FBE5914:[d8358dec-3e4c-496b-b4a6-fc01bde355d5:192.168.164.218:43021] returns group-D1161FBE5914:java.util.concurrent.CompletableFuture@64cd7cf4[Not completed]
2019-09-27 20:42:32,640 [pool-57-thread-1] INFO  impl.RaftServerImpl (RaftServerImpl.java:<init>(95)) - d8358dec-3e4c-496b-b4a6-fc01bde355d5: new RaftServerImpl for group-D1161FBE5914:[d8358dec-3e4c-496b-b4a6-fc01bde355d5:192.168.164.218:43021] with ContainerStateMachine:uninitialized
2019-09-27 20:42:32,640 [pool-57-thread-1] INFO  server.RaftServerConfigKeys (ConfUtils.java:logGet(43)) - raft.server.rpc.timeout.min = 5s (custom)
2019-09-27 20:42:32,640 [pool-57-thread-1] INFO  server.RaftServerConfigKeys (ConfUtils.java:logGet(43)) - raft.server.rpc.timeout.max = 5200ms (custom)
2019-09-27 20:42:32,640 [pool-57-thread-1] INFO  server.RaftServerConfigKeys (ConfUtils.java:logGet(43)) - raft.server.rpcslowness.timeout = 120s (custom)
2019-09-27 20:42:32,641 [pool-57-thread-1] INFO  server.RaftServerConfigKeys (ConfUtils.java:logGet(43)) - raft.server.sleep.deviation.threshold = 300 (default)
2019-09-27 20:42:32,641 [pool-57-thread-1] INFO  server.RaftServerConfigKeys (ConfUtils.java:logGet(43)) - raft.server.log.appender.install.snapshot.enabled = false (custom)
2019-09-27 20:42:32,641 [pool-57-thread-1] INFO  impl.RaftServerImpl (ServerState.java:<init>(103)) - d8358dec-3e4c-496b-b4a6-fc01bde355d5@group-D1161FBE5914: ConfigurationManager, init=-1: [d8358dec-3e4c-496b-b4a6-fc01bde355d5:192.168.164.218:43021], old=null, confs=<EMPTY_MAP>
2019-09-27 20:42:32,641 [pool-57-thread-1] INFO  server.RaftServerConfigKeys (ConfUtils.java:logGet(43)) - raft.server.storage.dir = [/workdir/hadoop-ozone/integration-test/target/test-dir/MiniOzoneClusterImpl-11934f51-33c7-4b40-8364-b20e4e673bd3/datanode-3/data/ratis] (custom)
2019-09-27 20:42:32,641 [pool-57-thread-1] INFO  storage.RaftStorageDirectory (RaftStorageDirectory.java:analyzeStorage(246)) - The storage directory /workdir/hadoop-ozone/integration-test/target/test-dir/MiniOzoneClusterImpl-11934f51-33c7-4b40-8364-b20e4e673bd3/datanode-3/data/ratis/cbe3dda6-626e-4285-b745-d1161fbe5914 does not exist. Creating ...
2019-09-27 20:42:32,654 [pool-57-thread-1] INFO  storage.RaftStorageDirectory (RaftStorageDirectory.java:tryLock(328)) - Lock on /workdir/hadoop-ozone/integration-test/target/test-dir/MiniOzoneClusterImpl-11934f51-33c7-4b40-8364-b20e4e673bd3/datanode-3/data/ratis/cbe3dda6-626e-4285-b745-d1161fbe5914/in_use.lock acquired by nodename 30106@pr-hdds-1146-452xf-2747512450
2019-09-27 20:42:32,666 [pool-57-thread-1] INFO  storage.RaftStorage (RaftStorage.java:format(72)) - Storage directory /workdir/hadoop-ozone/integration-test/target/test-dir/MiniOzoneClusterImpl-11934f51-33c7-4b40-8364-b20e4e673bd3/datanode-3/data/ratis/cbe3dda6-626e-4285-b745-d1161fbe5914 has been successfully formatted.
2019-09-27 20:42:32,666 [pool-57-thread-1] INFO  ratis.ContainerStateMachine (ContainerStateMachine.java:loadSnapshot(230)) - group-D1161FBE5914: The snapshot info is null. Setting the last applied indexto:(t:0, i:~)
2019-09-27 20:42:32,667 [pool-57-thread-1] INFO  server.RaftServerConfigKeys (ConfUtils.java:logGet(43)) - raft.server.notification.no-leader.timeout = 120s (custom)
2019-09-27 20:42:32,667 [pool-57-thread-1] INFO  server.RaftServerConfigKeys (ConfUtils.java:logGet(43)) - raft.server.log.use.memory = false (default)
2019-09-27 20:42:32,667 [pool-57-thread-1] INFO  server.RaftServerConfigKeys (ConfUtils.java:logGet(43)) - raft.server.log.purge.gap = 1000000 (custom)
2019-09-27 20:42:32,667 [pool-57-thread-1] INFO  server.RaftServerConfigKeys (ConfUtils.java:logGet(43)) - raft.server.log.appender.buffer.byte-limit = 33554432 (custom)
2019-09-27 20:42:32,667 [pool-57-thread-1] INFO  server.RaftServerConfigKeys (ConfUtils.java:logGet(43)) - raft.server.log.segment.size.max = 1048576 (custom)
2019-09-27 20:42:32,667 [pool-57-thread-1] INFO  server.RaftServerConfigKeys (ConfUtils.java:logGet(43)) - raft.server.log.segment.cache.num.max = 2 (custom)
2019-09-27 20:42:32,667 [pool-57-thread-1] INFO  segmented.SegmentedRaftLogWorker (SegmentedRaftLogWorker.java:<init>(172)) - new d8358dec-3e4c-496b-b4a6-fc01bde355d5@group-D1161FBE5914-SegmentedRaftLogWorker for RaftStorage:Storage Directory /workdir/hadoop-ozone/integration-test/target/test-dir/MiniOzoneClusterImpl-11934f51-33c7-4b40-8364-b20e4e673bd3/datanode-3/data/ratis/cbe3dda6-626e-4285-b745-d1161fbe5914
2019-09-27 20:42:32,669 [pool-57-thread-1] INFO  server.RaftServerConfigKeys (ConfUtils.java:logGet(43)) - raft.server.log.queue.byte-limit = 2147483647 (custom)
2019-09-27 20:42:32,670 [pool-57-thread-1] INFO  server.RaftServerConfigKeys (ConfUtils.java:logGet(43)) - raft.server.log.queue.element-limit = 1024 (custom)
2019-09-27 20:42:32,670 [pool-57-thread-1] INFO  server.RaftServerConfigKeys (ConfUtils.java:logGet(43)) - raft.server.log.segment.size.max = 1048576 (custom)
2019-09-27 20:42:32,670 [pool-57-thread-1] INFO  server.RaftServerConfigKeys (ConfUtils.java:logGet(43)) - raft.server.log.preallocated.size = 16384 (custom)
2019-09-27 20:42:32,670 [pool-57-thread-1] INFO  server.RaftServerConfigKeys (ConfUtils.java:logGet(43)) - raft.server.log.write.buffer.size = 33554432 (custom)
2019-09-27 20:42:32,670 [pool-57-thread-1] INFO  server.RaftServerConfigKeys (ConfUtils.java:logGet(43)) - raft.server.log.force.sync.num = 128 (default)
2019-09-27 20:42:32,670 [pool-57-thread-1] INFO  server.RaftServerConfigKeys (ConfUtils.java:logGet(43)) - raft.server.log.statemachine.data.sync = true (default)
2019-09-27 20:42:32,670 [pool-57-thread-1] INFO  server.RaftServerConfigKeys (ConfUtils.java:logGet(43)) - raft.server.log.statemachine.data.sync.timeout = 10s (default)
2019-09-27 20:42:32,670 [pool-57-thread-1] INFO  server.RaftServerConfigKeys (ConfUtils.java:logGet(43)) - raft.server.log.statemachine.data.sync.timeout.retry = -1 (default)
2019-09-27 20:42:32,671 [pool-57-thread-1] INFO  server.RaftServerConfigKeys (ConfUtils.java:logGet(43)) - raft.server.log.statemachine.data.caching.enabled = true (custom)
2019-09-27 20:42:32,671 [pool-57-thread-1] INFO  segmented.SegmentedRaftLogWorker (SegmentedRaftLogWorker.java:lambda$new$0(132)) - d8358dec-3e4c-496b-b4a6-fc01bde355d5@group-D1161FBE5914-SegmentedRaftLogWorker: flushIndex: setUnconditionally 0 -> -1
2019-09-27 20:42:32,671 [pool-57-thread-1] INFO  server.RaftServerConfigKeys (ConfUtils.java:logGet(43)) - raft.server.snapshot.auto.trigger.enabled = true (custom)
2019-09-27 20:42:32,671 [pool-57-thread-1] INFO  server.RaftServerConfigKeys (ConfUtils.java:logGet(43)) - raft.server.snapshot.auto.trigger.threshold = 10000 (custom)
2019-09-27 20:42:32,671 [pool-57-thread-1] INFO  server.RaftServerConfigKeys (ConfUtils.java:logGet(43)) - raft.server.snapshot.retention.num.files = 5 (custom)
2019-09-27 20:42:32,672 [pool-57-thread-1] INFO  server.RaftServerConfigKeys (ConfUtils.java:logGet(43)) - raft.server.retrycache.expirytime = 600000ms (custom)
2019-09-27 20:42:32,674 [pool-57-thread-1] INFO  impl.RaftServerImpl (RaftServerImpl.java:start(185)) - d8358dec-3e4c-496b-b4a6-fc01bde355d5@group-D1161FBE5914: start as a follower, conf=-1: [d8358dec-3e4c-496b-b4a6-fc01bde355d5:192.168.164.218:43021], old=null
2019-09-27 20:42:32,674 [pool-57-thread-1] INFO  impl.RaftServerImpl (RaftServerImpl.java:setRole(174)) - d8358dec-3e4c-496b-b4a6-fc01bde355d5@group-D1161FBE5914: changes role from      null to FOLLOWER at term 0 for startAsFollower
2019-09-27 20:42:32,674 [pool-57-thread-1] INFO  impl.RoleInfo (RoleInfo.java:updateAndGet(143)) - d8358dec-3e4c-496b-b4a6-fc01bde355d5: start FollowerState
2019-09-27 20:42:32,674 [pool-57-thread-1] INFO  util.JmxRegister (JmxRegister.java:tryRegister(44)) - Successfully registered JMX Bean with object name Ratis:service=RaftServer,group=group-D1161FBE5914,id=d8358dec-3e4c-496b-b4a6-fc01bde355d5
2019-09-27 20:42:32,689 [RatisPipelineUtilsThread] INFO  pipeline.PipelineStateManager (PipelineStateManager.java:addPipeline(56)) - Created pipeline Pipeline[ Id: cbe3dda6-626e-4285-b745-d1161fbe5914, Nodes: d8358dec-3e4c-496b-b4a6-fc01bde355d5{ip: 192.168.164.218, host: pr-hdds-1146-452xf-2747512450, networkLocation: /default-rack, certSerialId: null}, Type:RATIS, Factor:ONE, State:OPEN]
2019-09-27 20:42:32,717 [grpc-default-executor-2] INFO  impl.RaftServerProxy (RaftServerProxy.java:addNew(89)) - ba470b33-2419-4e6b-bad2-3db85df885d1: addNew group-07270A82450E:[e617973b-1000-4dcd-bf03-204f72a3580d:192.168.164.218:38159, ba470b33-2419-4e6b-bad2-3db85df885d1:192.168.164.218:36774, 0f772086-bee3-40e7-9d20-032999a6f1f0:192.168.164.218:42451] returns group-07270A82450E:java.util.concurrent.CompletableFuture@2fdb9061[Not completed]
2019-09-27 20:42:32,720 [grpc-default-executor-1] INFO  impl.RaftServerProxy (RaftServerProxy.java:addNew(89)) - 0f772086-bee3-40e7-9d20-032999a6f1f0: addNew group-07270A82450E:[e617973b-1000-4dcd-bf03-204f72a3580d:192.168.164.218:38159, ba470b33-2419-4e6b-bad2-3db85df885d1:192.168.164.218:36774, 0f772086-bee3-40e7-9d20-032999a6f1f0:192.168.164.218:42451] returns group-07270A82450E:java.util.concurrent.CompletableFuture@1d98e0b[Not completed]
2019-09-27 20:42:32,720 [grpc-default-executor-2] INFO  impl.RaftServerProxy (RaftServerProxy.java:addNew(89)) - e617973b-1000-4dcd-bf03-204f72a3580d: addNew group-07270A82450E:[e617973b-1000-4dcd-bf03-204f72a3580d:192.168.164.218:38159, ba470b33-2419-4e6b-bad2-3db85df885d1:192.168.164.218:36774, 0f772086-bee3-40e7-9d20-032999a6f1f0:192.168.164.218:42451] returns group-07270A82450E:java.util.concurrent.CompletableFuture@6ad91bfe[Not completed]
2019-09-27 20:42:32,721 [pool-77-thread-1] INFO  impl.RaftServerImpl (RaftServerImpl.java:<init>(95)) - ba470b33-2419-4e6b-bad2-3db85df885d1: new RaftServerImpl for group-07270A82450E:[e617973b-1000-4dcd-bf03-204f72a3580d:192.168.164.218:38159, ba470b33-2419-4e6b-bad2-3db85df885d1:192.168.164.218:36774, 0f772086-bee3-40e7-9d20-032999a6f1f0:192.168.164.218:42451] with ContainerStateMachine:uninitialized
2019-09-27 20:42:32,721 [pool-77-thread-1] INFO  server.RaftServerConfigKeys (ConfUtils.java:logGet(43)) - raft.server.rpc.timeout.min = 5s (custom)
2019-09-27 20:42:32,721 [pool-77-thread-1] INFO  server.RaftServerConfigKeys (ConfUtils.java:logGet(43)) - raft.server.rpc.timeout.max = 5200ms (custom)
2019-09-27 20:42:32,721 [pool-77-thread-1] INFO  server.RaftServerConfigKeys (ConfUtils.java:logGet(43)) - raft.server.rpcslowness.timeout = 120s (custom)
2019-09-27 20:42:32,721 [pool-77-thread-1] INFO  server.RaftServerConfigKeys (ConfUtils.java:logGet(43)) - raft.server.sleep.deviation.threshold = 300 (default)
2019-09-27 20:42:32,721 [pool-77-thread-1] INFO  server.RaftServerConfigKeys (ConfUtils.java:logGet(43)) - raft.server.log.appender.install.snapshot.enabled = false (custom)
2019-09-27 20:42:32,721 [pool-77-thread-1] INFO  impl.RaftServerImpl (ServerState.java:<init>(103)) - ba470b33-2419-4e6b-bad2-3db85df885d1@group-07270A82450E: ConfigurationManager, init=-1: [e617973b-1000-4dcd-bf03-204f72a3580d:192.168.164.218:38159, ba470b33-2419-4e6b-bad2-3db85df885d1:192.168.164.218:36774, 0f772086-bee3-40e7-9d20-032999a6f1f0:192.168.164.218:42451], old=null, confs=<EMPTY_MAP>
2019-09-27 20:42:32,721 [pool-67-thread-1] INFO  impl.RaftServerImpl (RaftServerImpl.java:<init>(95)) - 0f772086-bee3-40e7-9d20-032999a6f1f0: new RaftServerImpl for group-07270A82450E:[e617973b-1000-4dcd-bf03-204f72a3580d:192.168.164.218:38159, ba470b33-2419-4e6b-bad2-3db85df885d1:192.168.164.218:36774, 0f772086-bee3-40e7-9d20-032999a6f1f0:192.168.164.218:42451] with ContainerStateMachine:uninitialized
2019-09-27 20:42:32,722 [pool-77-thread-1] INFO  server.RaftServerConfigKeys (ConfUtils.java:logGet(43)) - raft.server.storage.dir = [/workdir/hadoop-ozone/integration-test/target/test-dir/MiniOzoneClusterImpl-11934f51-33c7-4b40-8364-b20e4e673bd3/datanode-5/data/ratis] (custom)
2019-09-27 20:42:32,722 [pool-67-thread-1] INFO  server.RaftServerConfigKeys (ConfUtils.java:logGet(43)) - raft.server.rpc.timeout.min = 5s (custom)
2019-09-27 20:42:32,722 [pool-67-thread-1] INFO  server.RaftServerConfigKeys (ConfUtils.java:logGet(43)) - raft.server.rpc.timeout.max = 5200ms (custom)
2019-09-27 20:42:32,722 [pool-67-thread-1] INFO  server.RaftServerConfigKeys (ConfUtils.java:logGet(43)) - raft.server.rpcslowness.timeout = 120s (custom)
2019-09-27 20:42:32,722 [pool-77-thread-1] INFO  storage.RaftStorageDirectory (RaftStorageDirectory.java:analyzeStorage(246)) - The storage directory /workdir/hadoop-ozone/integration-test/target/test-dir/MiniOzoneClusterImpl-11934f51-33c7-4b40-8364-b20e4e673bd3/datanode-5/data/ratis/7c0577e6-e9f0-4981-8513-07270a82450e does not exist. Creating ...
2019-09-27 20:42:32,722 [pool-67-thread-1] INFO  server.RaftServerConfigKeys (ConfUtils.java:logGet(43)) - raft.server.sleep.deviation.threshold = 300 (default)
2019-09-27 20:42:32,722 [pool-67-thread-1] INFO  server.RaftServerConfigKeys (ConfUtils.java:logGet(43)) - raft.server.log.appender.install.snapshot.enabled = false (custom)
2019-09-27 20:42:32,722 [pool-67-thread-1] INFO  impl.RaftServerImpl (ServerState.java:<init>(103)) - 0f772086-bee3-40e7-9d20-032999a6f1f0@group-07270A82450E: ConfigurationManager, init=-1: [e617973b-1000-4dcd-bf03-204f72a3580d:192.168.164.218:38159, ba470b33-2419-4e6b-bad2-3db85df885d1:192.168.164.218:36774, 0f772086-bee3-40e7-9d20-032999a6f1f0:192.168.164.218:42451], old=null, confs=<EMPTY_MAP>
2019-09-27 20:42:32,722 [pool-67-thread-1] INFO  server.RaftServerConfigKeys (ConfUtils.java:logGet(43)) - raft.server.storage.dir = [/workdir/hadoop-ozone/integration-test/target/test-dir/MiniOzoneClusterImpl-11934f51-33c7-4b40-8364-b20e4e673bd3/datanode-4/data/ratis] (custom)
2019-09-27 20:42:32,723 [pool-67-thread-1] INFO  storage.RaftStorageDirectory (RaftStorageDirectory.java:analyzeStorage(246)) - The storage directory /workdir/hadoop-ozone/integration-test/target/test-dir/MiniOzoneClusterImpl-11934f51-33c7-4b40-8364-b20e4e673bd3/datanode-4/data/ratis/7c0577e6-e9f0-4981-8513-07270a82450e does not exist. Creating ...
2019-09-27 20:42:32,723 [pool-37-thread-1] INFO  impl.RaftServerImpl (RaftServerImpl.java:<init>(95)) - e617973b-1000-4dcd-bf03-204f72a3580d: new RaftServerImpl for group-07270A82450E:[e617973b-1000-4dcd-bf03-204f72a3580d:192.168.164.218:38159, ba470b33-2419-4e6b-bad2-3db85df885d1:192.168.164.218:36774, 0f772086-bee3-40e7-9d20-032999a6f1f0:192.168.164.218:42451] with ContainerStateMachine:uninitialized
2019-09-27 20:42:32,723 [pool-37-thread-1] INFO  server.RaftServerConfigKeys (ConfUtils.java:logGet(43)) - raft.server.rpc.timeout.min = 5s (custom)
2019-09-27 20:42:32,723 [pool-37-thread-1] INFO  server.RaftServerConfigKeys (ConfUtils.java:logGet(43)) - raft.server.rpc.timeout.max = 5200ms (custom)
2019-09-27 20:42:32,724 [pool-37-thread-1] INFO  server.RaftServerConfigKeys (ConfUtils.java:logGet(43)) - raft.server.rpcslowness.timeout = 120s (custom)
2019-09-27 20:42:32,724 [pool-37-thread-1] INFO  server.RaftServerConfigKeys (ConfUtils.java:logGet(43)) - raft.server.sleep.deviation.threshold = 300 (default)
2019-09-27 20:42:32,724 [pool-37-thread-1] INFO  server.RaftServerConfigKeys (ConfUtils.java:logGet(43)) - raft.server.log.appender.install.snapshot.enabled = false (custom)
2019-09-27 20:42:32,724 [pool-37-thread-1] INFO  impl.RaftServerImpl (ServerState.java:<init>(103)) - e617973b-1000-4dcd-bf03-204f72a3580d@group-07270A82450E: ConfigurationManager, init=-1: [e617973b-1000-4dcd-bf03-204f72a3580d:192.168.164.218:38159, ba470b33-2419-4e6b-bad2-3db85df885d1:192.168.164.218:36774, 0f772086-bee3-40e7-9d20-032999a6f1f0:192.168.164.218:42451], old=null, confs=<EMPTY_MAP>
2019-09-27 20:42:32,724 [pool-37-thread-1] INFO  server.RaftServerConfigKeys (ConfUtils.java:logGet(43)) - raft.server.storage.dir = [/workdir/hadoop-ozone/integration-test/target/test-dir/MiniOzoneClusterImpl-11934f51-33c7-4b40-8364-b20e4e673bd3/datanode-1/data/ratis] (custom)
2019-09-27 20:42:32,725 [pool-37-thread-1] INFO  storage.RaftStorageDirectory (RaftStorageDirectory.java:analyzeStorage(246)) - The storage directory /workdir/hadoop-ozone/integration-test/target/test-dir/MiniOzoneClusterImpl-11934f51-33c7-4b40-8364-b20e4e673bd3/datanode-1/data/ratis/7c0577e6-e9f0-4981-8513-07270a82450e does not exist. Creating ...
2019-09-27 20:42:32,745 [pool-67-thread-1] INFO  storage.RaftStorageDirectory (RaftStorageDirectory.java:tryLock(328)) - Lock on /workdir/hadoop-ozone/integration-test/target/test-dir/MiniOzoneClusterImpl-11934f51-33c7-4b40-8364-b20e4e673bd3/datanode-4/data/ratis/7c0577e6-e9f0-4981-8513-07270a82450e/in_use.lock acquired by nodename 30106@pr-hdds-1146-452xf-2747512450
2019-09-27 20:42:32,745 [pool-37-thread-1] INFO  storage.RaftStorageDirectory (RaftStorageDirectory.java:tryLock(328)) - Lock on /workdir/hadoop-ozone/integration-test/target/test-dir/MiniOzoneClusterImpl-11934f51-33c7-4b40-8364-b20e4e673bd3/datanode-1/data/ratis/7c0577e6-e9f0-4981-8513-07270a82450e/in_use.lock acquired by nodename 30106@pr-hdds-1146-452xf-2747512450
2019-09-27 20:42:32,745 [pool-77-thread-1] INFO  storage.RaftStorageDirectory (RaftStorageDirectory.java:tryLock(328)) - Lock on /workdir/hadoop-ozone/integration-test/target/test-dir/MiniOzoneClusterImpl-11934f51-33c7-4b40-8364-b20e4e673bd3/datanode-5/data/ratis/7c0577e6-e9f0-4981-8513-07270a82450e/in_use.lock acquired by nodename 30106@pr-hdds-1146-452xf-2747512450
2019-09-27 20:42:32,760 [pool-37-thread-1] INFO  storage.RaftStorage (RaftStorage.java:format(72)) - Storage directory /workdir/hadoop-ozone/integration-test/target/test-dir/MiniOzoneClusterImpl-11934f51-33c7-4b40-8364-b20e4e673bd3/datanode-1/data/ratis/7c0577e6-e9f0-4981-8513-07270a82450e has been successfully formatted.
2019-09-27 20:42:32,760 [pool-67-thread-1] INFO  storage.RaftStorage (RaftStorage.java:format(72)) - Storage directory /workdir/hadoop-ozone/integration-test/target/test-dir/MiniOzoneClusterImpl-11934f51-33c7-4b40-8364-b20e4e673bd3/datanode-4/data/ratis/7c0577e6-e9f0-4981-8513-07270a82450e has been successfully formatted.
2019-09-27 20:42:32,760 [pool-77-thread-1] INFO  storage.RaftStorage (RaftStorage.java:format(72)) - Storage directory /workdir/hadoop-ozone/integration-test/target/test-dir/MiniOzoneClusterImpl-11934f51-33c7-4b40-8364-b20e4e673bd3/datanode-5/data/ratis/7c0577e6-e9f0-4981-8513-07270a82450e has been successfully formatted.
2019-09-27 20:42:32,760 [pool-37-thread-1] INFO  ratis.ContainerStateMachine (ContainerStateMachine.java:loadSnapshot(230)) - group-07270A82450E: The snapshot info is null. Setting the last applied indexto:(t:0, i:~)
2019-09-27 20:42:32,760 [pool-67-thread-1] INFO  ratis.ContainerStateMachine (ContainerStateMachine.java:loadSnapshot(230)) - group-07270A82450E: The snapshot info is null. Setting the last applied indexto:(t:0, i:~)
2019-09-27 20:42:32,760 [pool-37-thread-1] INFO  server.RaftServerConfigKeys (ConfUtils.java:logGet(43)) - raft.server.notification.no-leader.timeout = 120s (custom)
2019-09-27 20:42:32,760 [pool-77-thread-1] INFO  ratis.ContainerStateMachine (ContainerStateMachine.java:loadSnapshot(230)) - group-07270A82450E: The snapshot info is null. Setting the last applied indexto:(t:0, i:~)
2019-09-27 20:42:32,760 [pool-37-thread-1] INFO  server.RaftServerConfigKeys (ConfUtils.java:logGet(43)) - raft.server.log.use.memory = false (default)
2019-09-27 20:42:32,760 [pool-67-thread-1] INFO  server.RaftServerConfigKeys (ConfUtils.java:logGet(43)) - raft.server.notification.no-leader.timeout = 120s (custom)
2019-09-27 20:42:32,760 [pool-37-thread-1] INFO  server.RaftServerConfigKeys (ConfUtils.java:logGet(43)) - raft.server.log.purge.gap = 1000000 (custom)
2019-09-27 20:42:32,760 [pool-77-thread-1] INFO  server.RaftServerConfigKeys (ConfUtils.java:logGet(43)) - raft.server.notification.no-leader.timeout = 120s (custom)
2019-09-27 20:42:32,761 [pool-37-thread-1] INFO  server.RaftServerConfigKeys (ConfUtils.java:logGet(43)) - raft.server.log.appender.buffer.byte-limit = 33554432 (custom)
2019-09-27 20:42:32,760 [pool-67-thread-1] INFO  server.RaftServerConfigKeys (ConfUtils.java:logGet(43)) - raft.server.log.use.memory = false (default)
2019-09-27 20:42:32,761 [pool-37-thread-1] INFO  server.RaftServerConfigKeys (ConfUtils.java:logGet(43)) - raft.server.log.segment.size.max = 1048576 (custom)
2019-09-27 20:42:32,761 [pool-77-thread-1] INFO  server.RaftServerConfigKeys (ConfUtils.java:logGet(43)) - raft.server.log.use.memory = false (default)
2019-09-27 20:42:32,761 [pool-37-thread-1] INFO  server.RaftServerConfigKeys (ConfUtils.java:logGet(43)) - raft.server.log.segment.cache.num.max = 2 (custom)
2019-09-27 20:42:32,761 [pool-67-thread-1] INFO  server.RaftServerConfigKeys (ConfUtils.java:logGet(43)) - raft.server.log.purge.gap = 1000000 (custom)
2019-09-27 20:42:32,761 [pool-37-thread-1] INFO  segmented.SegmentedRaftLogWorker (SegmentedRaftLogWorker.java:<init>(172)) - new e617973b-1000-4dcd-bf03-204f72a3580d@group-07270A82450E-SegmentedRaftLogWorker for RaftStorage:Storage Directory /workdir/hadoop-ozone/integration-test/target/test-dir/MiniOzoneClusterImpl-11934f51-33c7-4b40-8364-b20e4e673bd3/datanode-1/data/ratis/7c0577e6-e9f0-4981-8513-07270a82450e
2019-09-27 20:42:32,761 [pool-77-thread-1] INFO  server.RaftServerConfigKeys (ConfUtils.java:logGet(43)) - raft.server.log.purge.gap = 1000000 (custom)
2019-09-27 20:42:32,761 [pool-37-thread-1] INFO  server.RaftServerConfigKeys (ConfUtils.java:logGet(43)) - raft.server.log.queue.byte-limit = 2147483647 (custom)
2019-09-27 20:42:32,761 [pool-67-thread-1] INFO  server.RaftServerConfigKeys (ConfUtils.java:logGet(43)) - raft.server.log.appender.buffer.byte-limit = 33554432 (custom)
2019-09-27 20:42:32,761 [pool-37-thread-1] INFO  server.RaftServerConfigKeys (ConfUtils.java:logGet(43)) - raft.server.log.queue.element-limit = 1024 (custom)
2019-09-27 20:42:32,761 [pool-77-thread-1] INFO  server.RaftServerConfigKeys (ConfUtils.java:logGet(43)) - raft.server.log.appender.buffer.byte-limit = 33554432 (custom)
2019-09-27 20:42:32,762 [pool-37-thread-1] INFO  server.RaftServerConfigKeys (ConfUtils.java:logGet(43)) - raft.server.log.segment.size.max = 1048576 (custom)
2019-09-27 20:42:32,762 [pool-67-thread-1] INFO  server.RaftServerConfigKeys (ConfUtils.java:logGet(43)) - raft.server.log.segment.size.max = 1048576 (custom)
2019-09-27 20:42:32,762 [pool-37-thread-1] INFO  server.RaftServerConfigKeys (ConfUtils.java:logGet(43)) - raft.server.log.preallocated.size = 16384 (custom)
2019-09-27 20:42:32,762 [pool-77-thread-1] INFO  server.RaftServerConfigKeys (ConfUtils.java:logGet(43)) - raft.server.log.segment.size.max = 1048576 (custom)
2019-09-27 20:42:32,762 [pool-37-thread-1] INFO  server.RaftServerConfigKeys (ConfUtils.java:logGet(43)) - raft.server.log.write.buffer.size = 33554432 (custom)
2019-09-27 20:42:32,762 [pool-67-thread-1] INFO  server.RaftServerConfigKeys (ConfUtils.java:logGet(43)) - raft.server.log.segment.cache.num.max = 2 (custom)
2019-09-27 20:42:32,762 [pool-37-thread-1] INFO  server.RaftServerConfigKeys (ConfUtils.java:logGet(43)) - raft.server.log.force.sync.num = 128 (default)
2019-09-27 20:42:32,762 [pool-77-thread-1] INFO  server.RaftServerConfigKeys (ConfUtils.java:logGet(43)) - raft.server.log.segment.cache.num.max = 2 (custom)
2019-09-27 20:42:32,762 [pool-37-thread-1] INFO  server.RaftServerConfigKeys (ConfUtils.java:logGet(43)) - raft.server.log.statemachine.data.sync = true (default)
2019-09-27 20:42:32,762 [pool-67-thread-1] INFO  segmented.SegmentedRaftLogWorker (SegmentedRaftLogWorker.java:<init>(172)) - new 0f772086-bee3-40e7-9d20-032999a6f1f0@group-07270A82450E-SegmentedRaftLogWorker for RaftStorage:Storage Directory /workdir/hadoop-ozone/integration-test/target/test-dir/MiniOzoneClusterImpl-11934f51-33c7-4b40-8364-b20e4e673bd3/datanode-4/data/ratis/7c0577e6-e9f0-4981-8513-07270a82450e
2019-09-27 20:42:32,763 [pool-37-thread-1] INFO  server.RaftServerConfigKeys (ConfUtils.java:logGet(43)) - raft.server.log.statemachine.data.sync.timeout = 10s (default)
2019-09-27 20:42:32,762 [pool-77-thread-1] INFO  segmented.SegmentedRaftLogWorker (SegmentedRaftLogWorker.java:<init>(172)) - new ba470b33-2419-4e6b-bad2-3db85df885d1@group-07270A82450E-SegmentedRaftLogWorker for RaftStorage:Storage Directory /workdir/hadoop-ozone/integration-test/target/test-dir/MiniOzoneClusterImpl-11934f51-33c7-4b40-8364-b20e4e673bd3/datanode-5/data/ratis/7c0577e6-e9f0-4981-8513-07270a82450e
2019-09-27 20:42:32,763 [pool-37-thread-1] INFO  server.RaftServerConfigKeys (ConfUtils.java:logGet(43)) - raft.server.log.statemachine.data.sync.timeout.retry = -1 (default)
2019-09-27 20:42:32,763 [pool-67-thread-1] INFO  server.RaftServerConfigKeys (ConfUtils.java:logGet(43)) - raft.server.log.queue.byte-limit = 2147483647 (custom)
2019-09-27 20:42:32,763 [pool-37-thread-1] INFO  server.RaftServerConfigKeys (ConfUtils.java:logGet(43)) - raft.server.log.statemachine.data.caching.enabled = true (custom)
2019-09-27 20:42:32,763 [pool-77-thread-1] INFO  server.RaftServerConfigKeys (ConfUtils.java:logGet(43)) - raft.server.log.queue.byte-limit = 2147483647 (custom)
2019-09-27 20:42:32,763 [pool-67-thread-1] INFO  server.RaftServerConfigKeys (ConfUtils.java:logGet(43)) - raft.server.log.queue.element-limit = 1024 (custom)
2019-09-27 20:42:32,763 [pool-37-thread-1] INFO  segmented.SegmentedRaftLogWorker (SegmentedRaftLogWorker.java:lambda$new$0(132)) - e617973b-1000-4dcd-bf03-204f72a3580d@group-07270A82450E-SegmentedRaftLogWorker: flushIndex: setUnconditionally 0 -> -1
2019-09-27 20:42:32,763 [pool-77-thread-1] INFO  server.RaftServerConfigKeys (ConfUtils.java:logGet(43)) - raft.server.log.queue.element-limit = 1024 (custom)
2019-09-27 20:42:32,763 [pool-67-thread-1] INFO  server.RaftServerConfigKeys (ConfUtils.java:logGet(43)) - raft.server.log.segment.size.max = 1048576 (custom)
2019-09-27 20:42:32,763 [pool-37-thread-1] INFO  server.RaftServerConfigKeys (ConfUtils.java:logGet(43)) - raft.server.snapshot.auto.trigger.enabled = true (custom)
2019-09-27 20:42:32,763 [pool-77-thread-1] INFO  server.RaftServerConfigKeys (ConfUtils.java:logGet(43)) - raft.server.log.segment.size.max = 1048576 (custom)
2019-09-27 20:42:32,764 [pool-37-thread-1] INFO  server.RaftServerConfigKeys (ConfUtils.java:logGet(43)) - raft.server.snapshot.auto.trigger.threshold = 10000 (custom)
2019-09-27 20:42:32,764 [pool-67-thread-1] INFO  server.RaftServerConfigKeys (ConfUtils.java:logGet(43)) - raft.server.log.preallocated.size = 16384 (custom)
2019-09-27 20:42:32,764 [pool-37-thread-1] INFO  server.RaftServerConfigKeys (ConfUtils.java:logGet(43)) - raft.server.snapshot.retention.num.files = 5 (custom)
2019-09-27 20:42:32,764 [pool-77-thread-1] INFO  server.RaftServerConfigKeys (ConfUtils.java:logGet(43)) - raft.server.log.preallocated.size = 16384 (custom)
2019-09-27 20:42:32,764 [pool-37-thread-1] INFO  server.RaftServerConfigKeys (ConfUtils.java:logGet(43)) - raft.server.retrycache.expirytime = 600000ms (custom)
2019-09-27 20:42:32,764 [pool-67-thread-1] INFO  server.RaftServerConfigKeys (ConfUtils.java:logGet(43)) - raft.server.log.write.buffer.size = 33554432 (custom)
2019-09-27 20:42:32,764 [pool-77-thread-1] INFO  server.RaftServerConfigKeys (ConfUtils.java:logGet(43)) - raft.server.log.write.buffer.size = 33554432 (custom)
2019-09-27 20:42:32,764 [pool-67-thread-1] INFO  server.RaftServerConfigKeys (ConfUtils.java:logGet(43)) - raft.server.log.force.sync.num = 128 (default)
2019-09-27 20:42:32,764 [pool-77-thread-1] INFO  server.RaftServerConfigKeys (ConfUtils.java:logGet(43)) - raft.server.log.force.sync.num = 128 (default)
2019-09-27 20:42:32,764 [pool-67-thread-1] INFO  server.RaftServerConfigKeys (ConfUtils.java:logGet(43)) - raft.server.log.statemachine.data.sync = true (default)
2019-09-27 20:42:32,765 [pool-77-thread-1] INFO  server.RaftServerConfigKeys (ConfUtils.java:logGet(43)) - raft.server.log.statemachine.data.sync = true (default)
2019-09-27 20:42:32,765 [pool-67-thread-1] INFO  server.RaftServerConfigKeys (ConfUtils.java:logGet(43)) - raft.server.log.statemachine.data.sync.timeout = 10s (default)
2019-09-27 20:42:32,765 [pool-77-thread-1] INFO  server.RaftServerConfigKeys (ConfUtils.java:logGet(43)) - raft.server.log.statemachine.data.sync.timeout = 10s (default)
2019-09-27 20:42:32,765 [pool-67-thread-1] INFO  server.RaftServerConfigKeys (ConfUtils.java:logGet(43)) - raft.server.log.statemachine.data.sync.timeout.retry = -1 (default)
2019-09-27 20:42:32,765 [pool-77-thread-1] INFO  server.RaftServerConfigKeys (ConfUtils.java:logGet(43)) - raft.server.log.statemachine.data.sync.timeout.retry = -1 (default)
2019-09-27 20:42:32,765 [pool-67-thread-1] INFO  server.RaftServerConfigKeys (ConfUtils.java:logGet(43)) - raft.server.log.statemachine.data.caching.enabled = true (custom)
2019-09-27 20:42:32,765 [pool-77-thread-1] INFO  server.RaftServerConfigKeys (ConfUtils.java:logGet(43)) - raft.server.log.statemachine.data.caching.enabled = true (custom)
2019-09-27 20:42:32,766 [pool-67-thread-1] INFO  segmented.SegmentedRaftLogWorker (SegmentedRaftLogWorker.java:lambda$new$0(132)) - 0f772086-bee3-40e7-9d20-032999a6f1f0@group-07270A82450E-SegmentedRaftLogWorker: flushIndex: setUnconditionally 0 -> -1
2019-09-27 20:42:32,766 [pool-77-thread-1] INFO  segmented.SegmentedRaftLogWorker (SegmentedRaftLogWorker.java:lambda$new$0(132)) - ba470b33-2419-4e6b-bad2-3db85df885d1@group-07270A82450E-SegmentedRaftLogWorker: flushIndex: setUnconditionally 0 -> -1
2019-09-27 20:42:32,766 [pool-67-thread-1] INFO  server.RaftServerConfigKeys (ConfUtils.java:logGet(43)) - raft.server.snapshot.auto.trigger.enabled = true (custom)
2019-09-27 20:42:32,766 [pool-77-thread-1] INFO  server.RaftServerConfigKeys (ConfUtils.java:logGet(43)) - raft.server.snapshot.auto.trigger.enabled = true (custom)
2019-09-27 20:42:32,766 [pool-67-thread-1] INFO  server.RaftServerConfigKeys (ConfUtils.java:logGet(43)) - raft.server.snapshot.auto.trigger.threshold = 10000 (custom)
2019-09-27 20:42:32,766 [pool-77-thread-1] INFO  server.RaftServerConfigKeys (ConfUtils.java:logGet(43)) - raft.server.snapshot.auto.trigger.threshold = 10000 (custom)
2019-09-27 20:42:32,766 [pool-67-thread-1] INFO  server.RaftServerConfigKeys (ConfUtils.java:logGet(43)) - raft.server.snapshot.retention.num.files = 5 (custom)
2019-09-27 20:42:32,766 [pool-77-thread-1] INFO  server.RaftServerConfigKeys (ConfUtils.java:logGet(43)) - raft.server.snapshot.retention.num.files = 5 (custom)
2019-09-27 20:42:32,766 [pool-37-thread-1] INFO  impl.RaftServerImpl (RaftServerImpl.java:start(185)) - e617973b-1000-4dcd-bf03-204f72a3580d@group-07270A82450E: start as a follower, conf=-1: [e617973b-1000-4dcd-bf03-204f72a3580d:192.168.164.218:38159, ba470b33-2419-4e6b-bad2-3db85df885d1:192.168.164.218:36774, 0f772086-bee3-40e7-9d20-032999a6f1f0:192.168.164.218:42451], old=null
2019-09-27 20:42:32,767 [pool-77-thread-1] INFO  server.RaftServerConfigKeys (ConfUtils.java:logGet(43)) - raft.server.retrycache.expirytime = 600000ms (custom)
2019-09-27 20:42:32,766 [pool-67-thread-1] INFO  server.RaftServerConfigKeys (ConfUtils.java:logGet(43)) - raft.server.retrycache.expirytime = 600000ms (custom)
2019-09-27 20:42:32,767 [pool-37-thread-1] INFO  impl.RaftServerImpl (RaftServerImpl.java:setRole(174)) - e617973b-1000-4dcd-bf03-204f72a3580d@group-07270A82450E: changes role from      null to FOLLOWER at term 0 for startAsFollower
2019-09-27 20:42:32,767 [pool-37-thread-1] INFO  impl.RoleInfo (RoleInfo.java:updateAndGet(143)) - e617973b-1000-4dcd-bf03-204f72a3580d: start FollowerState
2019-09-27 20:42:32,767 [pool-37-thread-1] INFO  util.JmxRegister (JmxRegister.java:tryRegister(44)) - Successfully registered JMX Bean with object name Ratis:service=RaftServer,group=group-07270A82450E,id=e617973b-1000-4dcd-bf03-204f72a3580d
2019-09-27 20:42:32,770 [pool-77-thread-1] INFO  impl.RaftServerImpl (RaftServerImpl.java:start(185)) - ba470b33-2419-4e6b-bad2-3db85df885d1@group-07270A82450E: start as a follower, conf=-1: [e617973b-1000-4dcd-bf03-204f72a3580d:192.168.164.218:38159, ba470b33-2419-4e6b-bad2-3db85df885d1:192.168.164.218:36774, 0f772086-bee3-40e7-9d20-032999a6f1f0:192.168.164.218:42451], old=null
2019-09-27 20:42:32,771 [pool-77-thread-1] INFO  impl.RaftServerImpl (RaftServerImpl.java:setRole(174)) - ba470b33-2419-4e6b-bad2-3db85df885d1@group-07270A82450E: changes role from      null to FOLLOWER at term 0 for startAsFollower
2019-09-27 20:42:32,771 [pool-67-thread-1] INFO  impl.RaftServerImpl (RaftServerImpl.java:start(185)) - 0f772086-bee3-40e7-9d20-032999a6f1f0@group-07270A82450E: start as a follower, conf=-1: [e617973b-1000-4dcd-bf03-204f72a3580d:192.168.164.218:38159, ba470b33-2419-4e6b-bad2-3db85df885d1:192.168.164.218:36774, 0f772086-bee3-40e7-9d20-032999a6f1f0:192.168.164.218:42451], old=null
2019-09-27 20:42:32,772 [pool-77-thread-1] INFO  impl.RoleInfo (RoleInfo.java:updateAndGet(143)) - ba470b33-2419-4e6b-bad2-3db85df885d1: start FollowerState
2019-09-27 20:42:32,772 [pool-67-thread-1] INFO  impl.RaftServerImpl (RaftServerImpl.java:setRole(174)) - 0f772086-bee3-40e7-9d20-032999a6f1f0@group-07270A82450E: changes role from      null to FOLLOWER at term 0 for startAsFollower
2019-09-27 20:42:32,774 [pool-77-thread-1] INFO  util.JmxRegister (JmxRegister.java:tryRegister(44)) - Successfully registered JMX Bean with object name Ratis:service=RaftServer,group=group-07270A82450E,id=ba470b33-2419-4e6b-bad2-3db85df885d1
2019-09-27 20:42:32,774 [pool-67-thread-1] INFO  impl.RoleInfo (RoleInfo.java:updateAndGet(143)) - 0f772086-bee3-40e7-9d20-032999a6f1f0: start FollowerState
2019-09-27 20:42:32,775 [pool-67-thread-1] INFO  util.JmxRegister (JmxRegister.java:tryRegister(44)) - Successfully registered JMX Bean with object name Ratis:service=RaftServer,group=group-07270A82450E,id=0f772086-bee3-40e7-9d20-032999a6f1f0
2019-09-27 20:42:32,787 [RatisPipelineUtilsThread] INFO  pipeline.PipelineStateManager (PipelineStateManager.java:addPipeline(56)) - Created pipeline Pipeline[ Id: 7c0577e6-e9f0-4981-8513-07270a82450e, Nodes: e617973b-1000-4dcd-bf03-204f72a3580d{ip: 192.168.164.218, host: pr-hdds-1146-452xf-2747512450, networkLocation: /default-rack, certSerialId: null}ba470b33-2419-4e6b-bad2-3db85df885d1{ip: 192.168.164.218, host: pr-hdds-1146-452xf-2747512450, networkLocation: /default-rack, certSerialId: null}0f772086-bee3-40e7-9d20-032999a6f1f0{ip: 192.168.164.218, host: pr-hdds-1146-452xf-2747512450, networkLocation: /default-rack, certSerialId: null}, Type:RATIS, Factor:THREE, State:OPEN]
2019-09-27 20:42:32,810 [grpc-default-executor-1] INFO  impl.RaftServerProxy (RaftServerProxy.java:addNew(89)) - d45f9132-b116-4478-a065-35e831f48866: addNew group-A683F1095DD5:[167285a7-dc19-4412-9275-f91dae06b95e:192.168.164.218:35199, d45f9132-b116-4478-a065-35e831f48866:192.168.164.218:44351, f0d14e84-6427-4367-a20e-06d852f84116:192.168.164.218:44850] returns group-A683F1095DD5:java.util.concurrent.CompletableFuture@40e48430[Not completed]
2019-09-27 20:42:32,810 [grpc-default-executor-0] INFO  impl.RaftServerProxy (RaftServerProxy.java:addNew(89)) - f0d14e84-6427-4367-a20e-06d852f84116: addNew group-A683F1095DD5:[167285a7-dc19-4412-9275-f91dae06b95e:192.168.164.218:35199, d45f9132-b116-4478-a065-35e831f48866:192.168.164.218:44351, f0d14e84-6427-4367-a20e-06d852f84116:192.168.164.218:44850] returns group-A683F1095DD5:java.util.concurrent.CompletableFuture@3d02ba14[Not completed]
2019-09-27 20:42:32,813 [pool-87-thread-1] INFO  impl.RaftServerImpl (RaftServerImpl.java:<init>(95)) - d45f9132-b116-4478-a065-35e831f48866: new RaftServerImpl for group-A683F1095DD5:[167285a7-dc19-4412-9275-f91dae06b95e:192.168.164.218:35199, d45f9132-b116-4478-a065-35e831f48866:192.168.164.218:44351, f0d14e84-6427-4367-a20e-06d852f84116:192.168.164.218:44850] with ContainerStateMachine:uninitialized
2019-09-27 20:42:32,813 [pool-87-thread-1] INFO  server.RaftServerConfigKeys (ConfUtils.java:logGet(43)) - raft.server.rpc.timeout.min = 5s (custom)
2019-09-27 20:42:32,815 [pool-87-thread-1] INFO  server.RaftServerConfigKeys (ConfUtils.java:logGet(43)) - raft.server.rpc.timeout.max = 5200ms (custom)
2019-09-27 20:42:32,816 [pool-87-thread-1] INFO  server.RaftServerConfigKeys (ConfUtils.java:logGet(43)) - raft.server.rpcslowness.timeout = 120s (custom)
2019-09-27 20:42:32,816 [pool-87-thread-1] INFO  server.RaftServerConfigKeys (ConfUtils.java:logGet(43)) - raft.server.sleep.deviation.threshold = 300 (default)
2019-09-27 20:42:32,816 [pool-87-thread-1] INFO  server.RaftServerConfigKeys (ConfUtils.java:logGet(43)) - raft.server.log.appender.install.snapshot.enabled = false (custom)
2019-09-27 20:42:32,816 [pool-47-thread-1] INFO  impl.RaftServerImpl (RaftServerImpl.java:<init>(95)) - f0d14e84-6427-4367-a20e-06d852f84116: new RaftServerImpl for group-A683F1095DD5:[167285a7-dc19-4412-9275-f91dae06b95e:192.168.164.218:35199, d45f9132-b116-4478-a065-35e831f48866:192.168.164.218:44351, f0d14e84-6427-4367-a20e-06d852f84116:192.168.164.218:44850] with ContainerStateMachine:uninitialized
2019-09-27 20:42:32,816 [pool-87-thread-1] INFO  impl.RaftServerImpl (ServerState.java:<init>(103)) - d45f9132-b116-4478-a065-35e831f48866@group-A683F1095DD5: ConfigurationManager, init=-1: [167285a7-dc19-4412-9275-f91dae06b95e:192.168.164.218:35199, d45f9132-b116-4478-a065-35e831f48866:192.168.164.218:44351, f0d14e84-6427-4367-a20e-06d852f84116:192.168.164.218:44850], old=null, confs=<EMPTY_MAP>
2019-09-27 20:42:32,816 [pool-47-thread-1] INFO  server.RaftServerConfigKeys (ConfUtils.java:logGet(43)) - raft.server.rpc.timeout.min = 5s (custom)
2019-09-27 20:42:32,816 [grpc-default-executor-0] INFO  impl.RaftServerProxy (RaftServerProxy.java:addNew(89)) - 167285a7-dc19-4412-9275-f91dae06b95e: addNew group-A683F1095DD5:[167285a7-dc19-4412-9275-f91dae06b95e:192.168.164.218:35199, d45f9132-b116-4478-a065-35e831f48866:192.168.164.218:44351, f0d14e84-6427-4367-a20e-06d852f84116:192.168.164.218:44850] returns group-A683F1095DD5:java.util.concurrent.CompletableFuture@32a75b9c[Not completed]
2019-09-27 20:42:32,816 [pool-47-thread-1] INFO  server.RaftServerConfigKeys (ConfUtils.java:logGet(43)) - raft.server.rpc.timeout.max = 5200ms (custom)
2019-09-27 20:42:32,816 [pool-87-thread-1] INFO  server.RaftServerConfigKeys (ConfUtils.java:logGet(43)) - raft.server.storage.dir = [/workdir/hadoop-ozone/integration-test/target/test-dir/MiniOzoneClusterImpl-11934f51-33c7-4b40-8364-b20e4e673bd3/datanode-6/data/ratis] (custom)
2019-09-27 20:42:32,817 [pool-47-thread-1] INFO  server.RaftServerConfigKeys (ConfUtils.java:logGet(43)) - raft.server.rpcslowness.timeout = 120s (custom)
2019-09-27 20:42:32,817 [pool-47-thread-1] INFO  server.RaftServerConfigKeys (ConfUtils.java:logGet(43)) - raft.server.sleep.deviation.threshold = 300 (default)
2019-09-27 20:42:32,817 [pool-87-thread-1] INFO  storage.RaftStorageDirectory (RaftStorageDirectory.java:analyzeStorage(246)) - The storage directory /workdir/hadoop-ozone/integration-test/target/test-dir/MiniOzoneClusterImpl-11934f51-33c7-4b40-8364-b20e4e673bd3/datanode-6/data/ratis/03b060da-d889-476f-8521-a683f1095dd5 does not exist. Creating ...
2019-09-27 20:42:32,817 [pool-47-thread-1] INFO  server.RaftServerConfigKeys (ConfUtils.java:logGet(43)) - raft.server.log.appender.install.snapshot.enabled = false (custom)
2019-09-27 20:42:32,817 [pool-47-thread-1] INFO  impl.RaftServerImpl (ServerState.java:<init>(103)) - f0d14e84-6427-4367-a20e-06d852f84116@group-A683F1095DD5: ConfigurationManager, init=-1: [167285a7-dc19-4412-9275-f91dae06b95e:192.168.164.218:35199, d45f9132-b116-4478-a065-35e831f48866:192.168.164.218:44351, f0d14e84-6427-4367-a20e-06d852f84116:192.168.164.218:44850], old=null, confs=<EMPTY_MAP>
2019-09-27 20:42:32,818 [pool-47-thread-1] INFO  server.RaftServerConfigKeys (ConfUtils.java:logGet(43)) - raft.server.storage.dir = [/workdir/hadoop-ozone/integration-test/target/test-dir/MiniOzoneClusterImpl-11934f51-33c7-4b40-8364-b20e4e673bd3/datanode-2/data/ratis] (custom)
2019-09-27 20:42:32,818 [pool-27-thread-1] INFO  impl.RaftServerImpl (RaftServerImpl.java:<init>(95)) - 167285a7-dc19-4412-9275-f91dae06b95e: new RaftServerImpl for group-A683F1095DD5:[167285a7-dc19-4412-9275-f91dae06b95e:192.168.164.218:35199, d45f9132-b116-4478-a065-35e831f48866:192.168.164.218:44351, f0d14e84-6427-4367-a20e-06d852f84116:192.168.164.218:44850] with ContainerStateMachine:uninitialized
2019-09-27 20:42:32,818 [pool-47-thread-1] INFO  storage.RaftStorageDirectory (RaftStorageDirectory.java:analyzeStorage(246)) - The storage directory /workdir/hadoop-ozone/integration-test/target/test-dir/MiniOzoneClusterImpl-11934f51-33c7-4b40-8364-b20e4e673bd3/datanode-2/data/ratis/03b060da-d889-476f-8521-a683f1095dd5 does not exist. Creating ...
2019-09-27 20:42:32,818 [pool-27-thread-1] INFO  server.RaftServerConfigKeys (ConfUtils.java:logGet(43)) - raft.server.rpc.timeout.min = 5s (custom)
2019-09-27 20:42:32,818 [pool-27-thread-1] INFO  server.RaftServerConfigKeys (ConfUtils.java:logGet(43)) - raft.server.rpc.timeout.max = 5200ms (custom)
2019-09-27 20:42:32,819 [pool-27-thread-1] INFO  server.RaftServerConfigKeys (ConfUtils.java:logGet(43)) - raft.server.rpcslowness.timeout = 120s (custom)
2019-09-27 20:42:32,819 [pool-27-thread-1] INFO  server.RaftServerConfigKeys (ConfUtils.java:logGet(43)) - raft.server.sleep.deviation.threshold = 300 (default)
2019-09-27 20:42:32,819 [pool-27-thread-1] INFO  server.RaftServerConfigKeys (ConfUtils.java:logGet(43)) - raft.server.log.appender.install.snapshot.enabled = false (custom)
2019-09-27 20:42:32,819 [pool-27-thread-1] INFO  impl.RaftServerImpl (ServerState.java:<init>(103)) - 167285a7-dc19-4412-9275-f91dae06b95e@group-A683F1095DD5: ConfigurationManager, init=-1: [167285a7-dc19-4412-9275-f91dae06b95e:192.168.164.218:35199, d45f9132-b116-4478-a065-35e831f48866:192.168.164.218:44351, f0d14e84-6427-4367-a20e-06d852f84116:192.168.164.218:44850], old=null, confs=<EMPTY_MAP>
2019-09-27 20:42:32,819 [pool-27-thread-1] INFO  server.RaftServerConfigKeys (ConfUtils.java:logGet(43)) - raft.server.storage.dir = [/workdir/hadoop-ozone/integration-test/target/test-dir/MiniOzoneClusterImpl-11934f51-33c7-4b40-8364-b20e4e673bd3/datanode-0/data/ratis] (custom)
2019-09-27 20:42:32,819 [pool-27-thread-1] INFO  storage.RaftStorageDirectory (RaftStorageDirectory.java:analyzeStorage(246)) - The storage directory /workdir/hadoop-ozone/integration-test/target/test-dir/MiniOzoneClusterImpl-11934f51-33c7-4b40-8364-b20e4e673bd3/datanode-0/data/ratis/03b060da-d889-476f-8521-a683f1095dd5 does not exist. Creating ...
2019-09-27 20:42:32,831 [pool-27-thread-1] INFO  storage.RaftStorageDirectory (RaftStorageDirectory.java:tryLock(328)) - Lock on /workdir/hadoop-ozone/integration-test/target/test-dir/MiniOzoneClusterImpl-11934f51-33c7-4b40-8364-b20e4e673bd3/datanode-0/data/ratis/03b060da-d889-476f-8521-a683f1095dd5/in_use.lock acquired by nodename 30106@pr-hdds-1146-452xf-2747512450
2019-09-27 20:42:32,831 [pool-47-thread-1] INFO  storage.RaftStorageDirectory (RaftStorageDirectory.java:tryLock(328)) - Lock on /workdir/hadoop-ozone/integration-test/target/test-dir/MiniOzoneClusterImpl-11934f51-33c7-4b40-8364-b20e4e673bd3/datanode-2/data/ratis/03b060da-d889-476f-8521-a683f1095dd5/in_use.lock acquired by nodename 30106@pr-hdds-1146-452xf-2747512450
2019-09-27 20:42:32,831 [pool-87-thread-1] INFO  storage.RaftStorageDirectory (RaftStorageDirectory.java:tryLock(328)) - Lock on /workdir/hadoop-ozone/integration-test/target/test-dir/MiniOzoneClusterImpl-11934f51-33c7-4b40-8364-b20e4e673bd3/datanode-6/data/ratis/03b060da-d889-476f-8521-a683f1095dd5/in_use.lock acquired by nodename 30106@pr-hdds-1146-452xf-2747512450
2019-09-27 20:42:32,844 [pool-47-thread-1] INFO  storage.RaftStorage (RaftStorage.java:format(72)) - Storage directory /workdir/hadoop-ozone/integration-test/target/test-dir/MiniOzoneClusterImpl-11934f51-33c7-4b40-8364-b20e4e673bd3/datanode-2/data/ratis/03b060da-d889-476f-8521-a683f1095dd5 has been successfully formatted.
2019-09-27 20:42:32,844 [pool-87-thread-1] INFO  storage.RaftStorage (RaftStorage.java:format(72)) - Storage directory /workdir/hadoop-ozone/integration-test/target/test-dir/MiniOzoneClusterImpl-11934f51-33c7-4b40-8364-b20e4e673bd3/datanode-6/data/ratis/03b060da-d889-476f-8521-a683f1095dd5 has been successfully formatted.
2019-09-27 20:42:32,844 [pool-27-thread-1] INFO  storage.RaftStorage (RaftStorage.java:format(72)) - Storage directory /workdir/hadoop-ozone/integration-test/target/test-dir/MiniOzoneClusterImpl-11934f51-33c7-4b40-8364-b20e4e673bd3/datanode-0/data/ratis/03b060da-d889-476f-8521-a683f1095dd5 has been successfully formatted.
2019-09-27 20:42:32,844 [pool-47-thread-1] INFO  ratis.ContainerStateMachine (ContainerStateMachine.java:loadSnapshot(230)) - group-A683F1095DD5: The snapshot info is null. Setting the last applied indexto:(t:0, i:~)
2019-09-27 20:42:32,845 [pool-87-thread-1] INFO  ratis.ContainerStateMachine (ContainerStateMachine.java:loadSnapshot(230)) - group-A683F1095DD5: The snapshot info is null. Setting the last applied indexto:(t:0, i:~)
2019-09-27 20:42:32,845 [pool-47-thread-1] INFO  server.RaftServerConfigKeys (ConfUtils.java:logGet(43)) - raft.server.notification.no-leader.timeout = 120s (custom)
2019-09-27 20:42:32,845 [pool-27-thread-1] INFO  ratis.ContainerStateMachine (ContainerStateMachine.java:loadSnapshot(230)) - group-A683F1095DD5: The snapshot info is null. Setting the last applied indexto:(t:0, i:~)
2019-09-27 20:42:32,845 [pool-47-thread-1] INFO  server.RaftServerConfigKeys (ConfUtils.java:logGet(43)) - raft.server.log.use.memory = false (default)
2019-09-27 20:42:32,845 [pool-27-thread-1] INFO  server.RaftServerConfigKeys (ConfUtils.java:logGet(43)) - raft.server.notification.no-leader.timeout = 120s (custom)
2019-09-27 20:42:32,845 [pool-87-thread-1] INFO  server.RaftServerConfigKeys (ConfUtils.java:logGet(43)) - raft.server.notification.no-leader.timeout = 120s (custom)
2019-09-27 20:42:32,845 [pool-27-thread-1] INFO  server.RaftServerConfigKeys (ConfUtils.java:logGet(43)) - raft.server.log.use.memory = false (default)
2019-09-27 20:42:32,845 [pool-47-thread-1] INFO  server.RaftServerConfigKeys (ConfUtils.java:logGet(43)) - raft.server.log.purge.gap = 1000000 (custom)
2019-09-27 20:42:32,845 [pool-27-thread-1] INFO  server.RaftServerConfigKeys (ConfUtils.java:logGet(43)) - raft.server.log.purge.gap = 1000000 (custom)
2019-09-27 20:42:32,845 [pool-87-thread-1] INFO  server.RaftServerConfigKeys (ConfUtils.java:logGet(43)) - raft.server.log.use.memory = false (default)
2019-09-27 20:42:32,846 [pool-27-thread-1] INFO  server.RaftServerConfigKeys (ConfUtils.java:logGet(43)) - raft.server.log.appender.buffer.byte-limit = 33554432 (custom)
2019-09-27 20:42:32,846 [pool-47-thread-1] INFO  server.RaftServerConfigKeys (ConfUtils.java:logGet(43)) - raft.server.log.appender.buffer.byte-limit = 33554432 (custom)
2019-09-27 20:42:32,846 [pool-27-thread-1] INFO  server.RaftServerConfigKeys (ConfUtils.java:logGet(43)) - raft.server.log.segment.size.max = 1048576 (custom)
2019-09-27 20:42:32,846 [pool-87-thread-1] INFO  server.RaftServerConfigKeys (ConfUtils.java:logGet(43)) - raft.server.log.purge.gap = 1000000 (custom)
2019-09-27 20:42:32,846 [pool-27-thread-1] INFO  server.RaftServerConfigKeys (ConfUtils.java:logGet(43)) - raft.server.log.segment.cache.num.max = 2 (custom)
2019-09-27 20:42:32,846 [pool-47-thread-1] INFO  server.RaftServerConfigKeys (ConfUtils.java:logGet(43)) - raft.server.log.segment.size.max = 1048576 (custom)
2019-09-27 20:42:32,846 [pool-27-thread-1] INFO  segmented.SegmentedRaftLogWorker (SegmentedRaftLogWorker.java:<init>(172)) - new 167285a7-dc19-4412-9275-f91dae06b95e@group-A683F1095DD5-SegmentedRaftLogWorker for RaftStorage:Storage Directory /workdir/hadoop-ozone/integration-test/target/test-dir/MiniOzoneClusterImpl-11934f51-33c7-4b40-8364-b20e4e673bd3/datanode-0/data/ratis/03b060da-d889-476f-8521-a683f1095dd5
2019-09-27 20:42:32,846 [pool-87-thread-1] INFO  server.RaftServerConfigKeys (ConfUtils.java:logGet(43)) - raft.server.log.appender.buffer.byte-limit = 33554432 (custom)
2019-09-27 20:42:32,846 [pool-27-thread-1] INFO  server.RaftServerConfigKeys (ConfUtils.java:logGet(43)) - raft.server.log.queue.byte-limit = 2147483647 (custom)
2019-09-27 20:42:32,846 [pool-47-thread-1] INFO  server.RaftServerConfigKeys (ConfUtils.java:logGet(43)) - raft.server.log.segment.cache.num.max = 2 (custom)
2019-09-27 20:42:32,847 [pool-27-thread-1] INFO  server.RaftServerConfigKeys (ConfUtils.java:logGet(43)) - raft.server.log.queue.element-limit = 1024 (custom)
2019-09-27 20:42:32,847 [pool-87-thread-1] INFO  server.RaftServerConfigKeys (ConfUtils.java:logGet(43)) - raft.server.log.segment.size.max = 1048576 (custom)
2019-09-27 20:42:32,847 [pool-27-thread-1] INFO  server.RaftServerConfigKeys (ConfUtils.java:logGet(43)) - raft.server.log.segment.size.max = 1048576 (custom)
2019-09-27 20:42:32,847 [pool-47-thread-1] INFO  segmented.SegmentedRaftLogWorker (SegmentedRaftLogWorker.java:<init>(172)) - new f0d14e84-6427-4367-a20e-06d852f84116@group-A683F1095DD5-SegmentedRaftLogWorker for RaftStorage:Storage Directory /workdir/hadoop-ozone/integration-test/target/test-dir/MiniOzoneClusterImpl-11934f51-33c7-4b40-8364-b20e4e673bd3/datanode-2/data/ratis/03b060da-d889-476f-8521-a683f1095dd5
2019-09-27 20:42:32,847 [pool-27-thread-1] INFO  server.RaftServerConfigKeys (ConfUtils.java:logGet(43)) - raft.server.log.preallocated.size = 16384 (custom)
2019-09-27 20:42:32,847 [pool-87-thread-1] INFO  server.RaftServerConfigKeys (ConfUtils.java:logGet(43)) - raft.server.log.segment.cache.num.max = 2 (custom)
2019-09-27 20:42:32,847 [pool-27-thread-1] INFO  server.RaftServerConfigKeys (ConfUtils.java:logGet(43)) - raft.server.log.write.buffer.size = 33554432 (custom)
2019-09-27 20:42:32,847 [pool-47-thread-1] INFO  server.RaftServerConfigKeys (ConfUtils.java:logGet(43)) - raft.server.log.queue.byte-limit = 2147483647 (custom)
2019-09-27 20:42:32,847 [pool-27-thread-1] INFO  server.RaftServerConfigKeys (ConfUtils.java:logGet(43)) - raft.server.log.force.sync.num = 128 (default)
2019-09-27 20:42:32,847 [pool-87-thread-1] INFO  segmented.SegmentedRaftLogWorker (SegmentedRaftLogWorker.java:<init>(172)) - new d45f9132-b116-4478-a065-35e831f48866@group-A683F1095DD5-SegmentedRaftLogWorker for RaftStorage:Storage Directory /workdir/hadoop-ozone/integration-test/target/test-dir/MiniOzoneClusterImpl-11934f51-33c7-4b40-8364-b20e4e673bd3/datanode-6/data/ratis/03b060da-d889-476f-8521-a683f1095dd5
2019-09-27 20:42:32,848 [pool-27-thread-1] INFO  server.RaftServerConfigKeys (ConfUtils.java:logGet(43)) - raft.server.log.statemachine.data.sync = true (default)
2019-09-27 20:42:32,848 [pool-47-thread-1] INFO  server.RaftServerConfigKeys (ConfUtils.java:logGet(43)) - raft.server.log.queue.element-limit = 1024 (custom)
2019-09-27 20:42:32,848 [pool-27-thread-1] INFO  server.RaftServerConfigKeys (ConfUtils.java:logGet(43)) - raft.server.log.statemachine.data.sync.timeout = 10s (default)
2019-09-27 20:42:32,848 [pool-87-thread-1] INFO  server.RaftServerConfigKeys (ConfUtils.java:logGet(43)) - raft.server.log.queue.byte-limit = 2147483647 (custom)
2019-09-27 20:42:32,848 [pool-27-thread-1] INFO  server.RaftServerConfigKeys (ConfUtils.java:logGet(43)) - raft.server.log.statemachine.data.sync.timeout.retry = -1 (default)
2019-09-27 20:42:32,848 [pool-47-thread-1] INFO  server.RaftServerConfigKeys (ConfUtils.java:logGet(43)) - raft.server.log.segment.size.max = 1048576 (custom)
2019-09-27 20:42:32,848 [pool-27-thread-1] INFO  server.RaftServerConfigKeys (ConfUtils.java:logGet(43)) - raft.server.log.statemachine.data.caching.enabled = true (custom)
2019-09-27 20:42:32,848 [pool-87-thread-1] INFO  server.RaftServerConfigKeys (ConfUtils.java:logGet(43)) - raft.server.log.queue.element-limit = 1024 (custom)
2019-09-27 20:42:32,848 [pool-47-thread-1] INFO  server.RaftServerConfigKeys (ConfUtils.java:logGet(43)) - raft.server.log.preallocated.size = 16384 (custom)
2019-09-27 20:42:32,849 [pool-27-thread-1] INFO  segmented.SegmentedRaftLogWorker (SegmentedRaftLogWorker.java:lambda$new$0(132)) - 167285a7-dc19-4412-9275-f91dae06b95e@group-A683F1095DD5-SegmentedRaftLogWorker: flushIndex: setUnconditionally 0 -> -1
2019-09-27 20:42:32,849 [pool-47-thread-1] INFO  server.RaftServerConfigKeys (ConfUtils.java:logGet(43)) - raft.server.log.write.buffer.size = 33554432 (custom)
2019-09-27 20:42:32,849 [pool-87-thread-1] INFO  server.RaftServerConfigKeys (ConfUtils.java:logGet(43)) - raft.server.log.segment.size.max = 1048576 (custom)
2019-09-27 20:42:32,849 [pool-27-thread-1] INFO  server.RaftServerConfigKeys (ConfUtils.java:logGet(43)) - raft.server.snapshot.auto.trigger.enabled = true (custom)
2019-09-27 20:42:32,849 [pool-47-thread-1] INFO  server.RaftServerConfigKeys (ConfUtils.java:logGet(43)) - raft.server.log.force.sync.num = 128 (default)
2019-09-27 20:42:32,849 [pool-27-thread-1] INFO  server.RaftServerConfigKeys (ConfUtils.java:logGet(43)) - raft.server.snapshot.auto.trigger.threshold = 10000 (custom)
2019-09-27 20:42:32,849 [pool-87-thread-1] INFO  server.RaftServerConfigKeys (ConfUtils.java:logGet(43)) - raft.server.log.preallocated.size = 16384 (custom)
2019-09-27 20:42:32,849 [pool-27-thread-1] INFO  server.RaftServerConfigKeys (ConfUtils.java:logGet(43)) - raft.server.snapshot.retention.num.files = 5 (custom)
2019-09-27 20:42:32,849 [pool-47-thread-1] INFO  server.RaftServerConfigKeys (ConfUtils.java:logGet(43)) - raft.server.log.statemachine.data.sync = true (default)
2019-09-27 20:42:32,850 [pool-27-thread-1] INFO  server.RaftServerConfigKeys (ConfUtils.java:logGet(43)) - raft.server.retrycache.expirytime = 600000ms (custom)
2019-09-27 20:42:32,850 [pool-87-thread-1] INFO  server.RaftServerConfigKeys (ConfUtils.java:logGet(43)) - raft.server.log.write.buffer.size = 33554432 (custom)
2019-09-27 20:42:32,850 [pool-47-thread-1] INFO  server.RaftServerConfigKeys (ConfUtils.java:logGet(43)) - raft.server.log.statemachine.data.sync.timeout = 10s (default)
2019-09-27 20:42:32,850 [pool-87-thread-1] INFO  server.RaftServerConfigKeys (ConfUtils.java:logGet(43)) - raft.server.log.force.sync.num = 128 (default)
2019-09-27 20:42:32,850 [pool-47-thread-1] INFO  server.RaftServerConfigKeys (ConfUtils.java:logGet(43)) - raft.server.log.statemachine.data.sync.timeout.retry = -1 (default)
2019-09-27 20:42:32,850 [pool-87-thread-1] INFO  server.RaftServerConfigKeys (ConfUtils.java:logGet(43)) - raft.server.log.statemachine.data.sync = true (default)
2019-09-27 20:42:32,850 [pool-47-thread-1] INFO  server.RaftServerConfigKeys (ConfUtils.java:logGet(43)) - raft.server.log.statemachine.data.caching.enabled = true (custom)
2019-09-27 20:42:32,851 [pool-87-thread-1] INFO  server.RaftServerConfigKeys (ConfUtils.java:logGet(43)) - raft.server.log.statemachine.data.sync.timeout = 10s (default)
2019-09-27 20:42:32,851 [pool-47-thread-1] INFO  segmented.SegmentedRaftLogWorker (SegmentedRaftLogWorker.java:lambda$new$0(132)) - f0d14e84-6427-4367-a20e-06d852f84116@group-A683F1095DD5-SegmentedRaftLogWorker: flushIndex: setUnconditionally 0 -> -1
2019-09-27 20:42:32,851 [pool-87-thread-1] INFO  server.RaftServerConfigKeys (ConfUtils.java:logGet(43)) - raft.server.log.statemachine.data.sync.timeout.retry = -1 (default)
2019-09-27 20:42:32,851 [pool-47-thread-1] INFO  server.RaftServerConfigKeys (ConfUtils.java:logGet(43)) - raft.server.snapshot.auto.trigger.enabled = true (custom)
2019-09-27 20:42:32,851 [pool-87-thread-1] INFO  server.RaftServerConfigKeys (ConfUtils.java:logGet(43)) - raft.server.log.statemachine.data.caching.enabled = true (custom)
2019-09-27 20:42:32,851 [pool-47-thread-1] INFO  server.RaftServerConfigKeys (ConfUtils.java:logGet(43)) - raft.server.snapshot.auto.trigger.threshold = 10000 (custom)
2019-09-27 20:42:32,851 [pool-47-thread-1] INFO  server.RaftServerConfigKeys (ConfUtils.java:logGet(43)) - raft.server.snapshot.retention.num.files = 5 (custom)
2019-09-27 20:42:32,852 [pool-87-thread-1] INFO  segmented.SegmentedRaftLogWorker (SegmentedRaftLogWorker.java:lambda$new$0(132)) - d45f9132-b116-4478-a065-35e831f48866@group-A683F1095DD5-SegmentedRaftLogWorker: flushIndex: setUnconditionally 0 -> -1
2019-09-27 20:42:32,852 [pool-47-thread-1] INFO  server.RaftServerConfigKeys (ConfUtils.java:logGet(43)) - raft.server.retrycache.expirytime = 600000ms (custom)
2019-09-27 20:42:32,852 [pool-27-thread-1] INFO  impl.RaftServerImpl (RaftServerImpl.java:start(185)) - 167285a7-dc19-4412-9275-f91dae06b95e@group-A683F1095DD5: start as a follower, conf=-1: [167285a7-dc19-4412-9275-f91dae06b95e:192.168.164.218:35199, d45f9132-b116-4478-a065-35e831f48866:192.168.164.218:44351, f0d14e84-6427-4367-a20e-06d852f84116:192.168.164.218:44850], old=null
2019-09-27 20:42:32,852 [pool-87-thread-1] INFO  server.RaftServerConfigKeys (ConfUtils.java:logGet(43)) - raft.server.snapshot.auto.trigger.enabled = true (custom)
2019-09-27 20:42:32,852 [pool-27-thread-1] INFO  impl.RaftServerImpl (RaftServerImpl.java:setRole(174)) - 167285a7-dc19-4412-9275-f91dae06b95e@group-A683F1095DD5: changes role from      null to FOLLOWER at term 0 for startAsFollower
2019-09-27 20:42:32,852 [pool-87-thread-1] INFO  server.RaftServerConfigKeys (ConfUtils.java:logGet(43)) - raft.server.snapshot.auto.trigger.threshold = 10000 (custom)
2019-09-27 20:42:32,852 [pool-27-thread-1] INFO  impl.RoleInfo (RoleInfo.java:updateAndGet(143)) - 167285a7-dc19-4412-9275-f91dae06b95e: start FollowerState
2019-09-27 20:42:32,852 [pool-87-thread-1] INFO  server.RaftServerConfigKeys (ConfUtils.java:logGet(43)) - raft.server.snapshot.retention.num.files = 5 (custom)
2019-09-27 20:42:32,853 [pool-87-thread-1] INFO  server.RaftServerConfigKeys (ConfUtils.java:logGet(43)) - raft.server.retrycache.expirytime = 600000ms (custom)
2019-09-27 20:42:32,853 [pool-27-thread-1] INFO  util.JmxRegister (JmxRegister.java:tryRegister(44)) - Successfully registered JMX Bean with object name Ratis:service=RaftServer,group=group-A683F1095DD5,id=167285a7-dc19-4412-9275-f91dae06b95e
2019-09-27 20:42:32,854 [pool-47-thread-1] INFO  impl.RaftServerImpl (RaftServerImpl.java:start(185)) - f0d14e84-6427-4367-a20e-06d852f84116@group-A683F1095DD5: start as a follower, conf=-1: [167285a7-dc19-4412-9275-f91dae06b95e:192.168.164.218:35199, d45f9132-b116-4478-a065-35e831f48866:192.168.164.218:44351, f0d14e84-6427-4367-a20e-06d852f84116:192.168.164.218:44850], old=null
2019-09-27 20:42:32,854 [pool-47-thread-1] INFO  impl.RaftServerImpl (RaftServerImpl.java:setRole(174)) - f0d14e84-6427-4367-a20e-06d852f84116@group-A683F1095DD5: changes role from      null to FOLLOWER at term 0 for startAsFollower
2019-09-27 20:42:32,857 [pool-47-thread-1] INFO  impl.RoleInfo (RoleInfo.java:updateAndGet(143)) - f0d14e84-6427-4367-a20e-06d852f84116: start FollowerState
2019-09-27 20:42:32,857 [pool-47-thread-1] INFO  util.JmxRegister (JmxRegister.java:tryRegister(44)) - Successfully registered JMX Bean with object name Ratis:service=RaftServer,group=group-A683F1095DD5,id=f0d14e84-6427-4367-a20e-06d852f84116
2019-09-27 20:42:32,859 [pool-87-thread-1] INFO  impl.RaftServerImpl (RaftServerImpl.java:start(185)) - d45f9132-b116-4478-a065-35e831f48866@group-A683F1095DD5: start as a follower, conf=-1: [167285a7-dc19-4412-9275-f91dae06b95e:192.168.164.218:35199, d45f9132-b116-4478-a065-35e831f48866:192.168.164.218:44351, f0d14e84-6427-4367-a20e-06d852f84116:192.168.164.218:44850], old=null
2019-09-27 20:42:32,859 [pool-87-thread-1] INFO  impl.RaftServerImpl (RaftServerImpl.java:setRole(174)) - d45f9132-b116-4478-a065-35e831f48866@group-A683F1095DD5: changes role from      null to FOLLOWER at term 0 for startAsFollower
2019-09-27 20:42:32,860 [pool-87-thread-1] INFO  impl.RoleInfo (RoleInfo.java:updateAndGet(143)) - d45f9132-b116-4478-a065-35e831f48866: start FollowerState
2019-09-27 20:42:32,861 [pool-87-thread-1] INFO  util.JmxRegister (JmxRegister.java:tryRegister(44)) - Successfully registered JMX Bean with object name Ratis:service=RaftServer,group=group-A683F1095DD5,id=d45f9132-b116-4478-a065-35e831f48866
2019-09-27 20:42:32,874 [RatisPipelineUtilsThread] INFO  pipeline.PipelineStateManager (PipelineStateManager.java:addPipeline(56)) - Created pipeline Pipeline[ Id: 03b060da-d889-476f-8521-a683f1095dd5, Nodes: d45f9132-b116-4478-a065-35e831f48866{ip: 192.168.164.218, host: pr-hdds-1146-452xf-2747512450, networkLocation: /default-rack, certSerialId: null}f0d14e84-6427-4367-a20e-06d852f84116{ip: 192.168.164.218, host: pr-hdds-1146-452xf-2747512450, networkLocation: /default-rack, certSerialId: null}167285a7-dc19-4412-9275-f91dae06b95e{ip: 192.168.164.218, host: pr-hdds-1146-452xf-2747512450, networkLocation: /default-rack, certSerialId: null}, Type:RATIS, Factor:THREE, State:OPEN]
2019-09-27 20:42:32,945 [main] INFO  ozone.MiniOzoneClusterImpl (MiniOzoneClusterImpl.java:lambda$waitForClusterToBeReady$0(147)) - Cluster is ready. Got 7 of 7 DN Heartbeats.
2019-09-27 20:42:33,408 [main] INFO  rpc.RpcClient (RpcClient.java:createVolume(276)) - Creating Volume: watchforcommithandlingtest, with jenkins1000 as owner.
2019-09-27 20:42:33,492 [IPC Server handler 16 on 35783] INFO  volume.OMVolumeCreateRequest (OMVolumeCreateRequest.java:validateAndUpdateCache(194)) - created volume:watchforcommithandlingtest for user:jenkins1000
2019-09-27 20:42:33,526 [main] INFO  rpc.RpcClient (RpcClient.java:createBucket(415)) - Creating Bucket: watchforcommithandlingtest/watchforcommithandlingtest, with Versioning false and Storage Type set to DISK and Encryption set to false 
2019-09-27 20:42:33,546 [main] INFO  ozone.MiniOzoneClusterImpl (MiniOzoneClusterImpl.java:getStorageContainerLocationClient(234)) - Creating StorageContainerLocationProtocol RPC client with address /0.0.0.0:37888
2019-09-27 20:42:33,890 [main] INFO  impl.MetricsSystemImpl (MetricsSystemImpl.java:init(158)) - XceiverClientMetrics metrics system started (again)
2019-09-27 20:42:34,510 [Thread-238] INFO  container.ReplicationManager (ReplicationManager.java:start(162)) - Starting Replication Monitor Thread.
2019-09-27 20:42:34,513 [ReplicationMonitor] INFO  container.ReplicationManager (ReplicationManager.java:run(225)) - Replication Monitor Thread took 2 milliseconds for processing 1 containers.
2019-09-27 20:42:37,320 [Thread-240] INFO  impl.FollowerState (FollowerState.java:run(106)) - 167285a7-dc19-4412-9275-f91dae06b95e:group-D4A4E6275192 changes to CANDIDATE, lastRpcTime:5186, electionTimeout:5185ms
2019-09-27 20:42:37,325 [Thread-240] INFO  impl.RoleInfo (RoleInfo.java:shutdownFollowerState(121)) - 167285a7-dc19-4412-9275-f91dae06b95e: shutdown FollowerState
2019-09-27 20:42:37,326 [Thread-240] INFO  impl.RaftServerImpl (RaftServerImpl.java:setRole(174)) - 167285a7-dc19-4412-9275-f91dae06b95e@group-D4A4E6275192: changes role from  FOLLOWER to CANDIDATE at term 0 for changeToCandidate
2019-09-27 20:42:37,330 [Thread-240] INFO  impl.RoleInfo (RoleInfo.java:updateAndGet(143)) - 167285a7-dc19-4412-9275-f91dae06b95e: start LeaderElection
2019-09-27 20:42:37,348 [167285a7-dc19-4412-9275-f91dae06b95e@group-D4A4E6275192:LeaderElection1] INFO  impl.LeaderElection (LeaderElection.java:askForVotes(182)) - 167285a7-dc19-4412-9275-f91dae06b95e@group-D4A4E6275192:LeaderElection1: begin an election at term 1 for -1: [167285a7-dc19-4412-9275-f91dae06b95e:192.168.164.218:35199], old=null
2019-09-27 20:42:37,349 [167285a7-dc19-4412-9275-f91dae06b95e@group-D4A4E6275192:LeaderElection1] INFO  impl.RoleInfo (RoleInfo.java:shutdownLeaderElection(134)) - 167285a7-dc19-4412-9275-f91dae06b95e: shutdown LeaderElection
2019-09-27 20:42:37,350 [167285a7-dc19-4412-9275-f91dae06b95e@group-D4A4E6275192:LeaderElection1] INFO  impl.RaftServerImpl (RaftServerImpl.java:setRole(174)) - 167285a7-dc19-4412-9275-f91dae06b95e@group-D4A4E6275192: changes role from CANDIDATE to LEADER at term 1 for changeToLeader
2019-09-27 20:42:37,350 [167285a7-dc19-4412-9275-f91dae06b95e@group-D4A4E6275192:LeaderElection1] INFO  impl.RaftServerImpl (ServerState.java:setLeader(253)) - 167285a7-dc19-4412-9275-f91dae06b95e@group-D4A4E6275192: change Leader from null to 167285a7-dc19-4412-9275-f91dae06b95e at term 1 for becomeLeader, leader elected after 5325ms
2019-09-27 20:42:37,356 [167285a7-dc19-4412-9275-f91dae06b95e@group-D4A4E6275192:LeaderElection1] INFO  server.RaftServerConfigKeys (ConfUtils.java:logGet(43)) - raft.server.staging.catchup.gap = 1000 (default)
2019-09-27 20:42:37,356 [167285a7-dc19-4412-9275-f91dae06b95e@group-D4A4E6275192:LeaderElection1] INFO  server.RaftServerConfigKeys (ConfUtils.java:logGet(43)) - raft.server.rpc.sleep.time = 25ms (default)
2019-09-27 20:42:37,358 [167285a7-dc19-4412-9275-f91dae06b95e@group-D4A4E6275192:LeaderElection1] INFO  server.RaftServerConfigKeys (ConfUtils.java:logGet(43)) - raft.server.write.element-limit = 4096 (default)
2019-09-27 20:42:37,360 [167285a7-dc19-4412-9275-f91dae06b95e@group-D4A4E6275192:LeaderElection1] INFO  server.RaftServerConfigKeys (ConfUtils.java:logGet(43)) - raft.server.watch.timeout = 10s (default)
2019-09-27 20:42:37,360 [167285a7-dc19-4412-9275-f91dae06b95e@group-D4A4E6275192:LeaderElection1] INFO  server.RaftServerConfigKeys (ConfUtils.java:logGet(43)) - raft.server.watch.timeout.denomination = 1s (default)
2019-09-27 20:42:37,361 [167285a7-dc19-4412-9275-f91dae06b95e@group-D4A4E6275192:LeaderElection1] INFO  server.RaftServerConfigKeys (ConfUtils.java:logGet(43)) - raft.server.watch.element-limit = 65536 (default)
2019-09-27 20:42:37,369 [167285a7-dc19-4412-9275-f91dae06b95e@group-D4A4E6275192:LeaderElection1] INFO  impl.RoleInfo (RoleInfo.java:updateAndGet(143)) - 167285a7-dc19-4412-9275-f91dae06b95e: start LeaderState
2019-09-27 20:42:37,387 [167285a7-dc19-4412-9275-f91dae06b95e@group-D4A4E6275192:LeaderElection1] INFO  segmented.SegmentedRaftLogWorker (SegmentedRaftLogWorker.java:startLogSegment(380)) - 167285a7-dc19-4412-9275-f91dae06b95e@group-D4A4E6275192-SegmentedRaftLogWorker: Starting segment from index:0
2019-09-27 20:42:37,395 [167285a7-dc19-4412-9275-f91dae06b95e@group-D4A4E6275192:LeaderElection1] INFO  impl.RaftServerImpl (ServerState.java:setRaftConf(354)) - 167285a7-dc19-4412-9275-f91dae06b95e@group-D4A4E6275192: set configuration 0: [167285a7-dc19-4412-9275-f91dae06b95e:192.168.164.218:35199], old=null at 0
2019-09-27 20:42:37,406 [Thread-243] INFO  impl.FollowerState (FollowerState.java:run(106)) - e617973b-1000-4dcd-bf03-204f72a3580d:group-AA2923847052 changes to CANDIDATE, lastRpcTime:5110, electionTimeout:5109ms
2019-09-27 20:42:37,407 [Thread-243] INFO  impl.RoleInfo (RoleInfo.java:shutdownFollowerState(121)) - e617973b-1000-4dcd-bf03-204f72a3580d: shutdown FollowerState
2019-09-27 20:42:37,407 [Thread-243] INFO  impl.RaftServerImpl (RaftServerImpl.java:setRole(174)) - e617973b-1000-4dcd-bf03-204f72a3580d@group-AA2923847052: changes role from  FOLLOWER to CANDIDATE at term 0 for changeToCandidate
2019-09-27 20:42:37,408 [Thread-243] INFO  impl.RoleInfo (RoleInfo.java:updateAndGet(143)) - e617973b-1000-4dcd-bf03-204f72a3580d: start LeaderElection
2019-09-27 20:42:37,426 [e617973b-1000-4dcd-bf03-204f72a3580d@group-AA2923847052:LeaderElection2] INFO  impl.LeaderElection (LeaderElection.java:askForVotes(182)) - e617973b-1000-4dcd-bf03-204f72a3580d@group-AA2923847052:LeaderElection2: begin an election at term 1 for -1: [e617973b-1000-4dcd-bf03-204f72a3580d:192.168.164.218:38159], old=null
2019-09-27 20:42:37,426 [e617973b-1000-4dcd-bf03-204f72a3580d@group-AA2923847052:LeaderElection2] INFO  impl.RoleInfo (RoleInfo.java:shutdownLeaderElection(134)) - e617973b-1000-4dcd-bf03-204f72a3580d: shutdown LeaderElection
2019-09-27 20:42:37,426 [e617973b-1000-4dcd-bf03-204f72a3580d@group-AA2923847052:LeaderElection2] INFO  impl.RaftServerImpl (RaftServerImpl.java:setRole(174)) - e617973b-1000-4dcd-bf03-204f72a3580d@group-AA2923847052: changes role from CANDIDATE to LEADER at term 1 for changeToLeader
2019-09-27 20:42:37,426 [e617973b-1000-4dcd-bf03-204f72a3580d@group-AA2923847052:LeaderElection2] INFO  impl.RaftServerImpl (ServerState.java:setLeader(253)) - e617973b-1000-4dcd-bf03-204f72a3580d@group-AA2923847052: change Leader from null to e617973b-1000-4dcd-bf03-204f72a3580d at term 1 for becomeLeader, leader elected after 5142ms
2019-09-27 20:42:37,427 [e617973b-1000-4dcd-bf03-204f72a3580d@group-AA2923847052:LeaderElection2] INFO  server.RaftServerConfigKeys (ConfUtils.java:logGet(43)) - raft.server.staging.catchup.gap = 1000 (default)
2019-09-27 20:42:37,427 [e617973b-1000-4dcd-bf03-204f72a3580d@group-AA2923847052:LeaderElection2] INFO  server.RaftServerConfigKeys (ConfUtils.java:logGet(43)) - raft.server.rpc.sleep.time = 25ms (default)
2019-09-27 20:42:37,427 [e617973b-1000-4dcd-bf03-204f72a3580d@group-AA2923847052:LeaderElection2] INFO  server.RaftServerConfigKeys (ConfUtils.java:logGet(43)) - raft.server.write.element-limit = 4096 (default)
2019-09-27 20:42:37,428 [e617973b-1000-4dcd-bf03-204f72a3580d@group-AA2923847052:LeaderElection2] INFO  server.RaftServerConfigKeys (ConfUtils.java:logGet(43)) - raft.server.watch.timeout = 10s (default)
2019-09-27 20:42:37,428 [e617973b-1000-4dcd-bf03-204f72a3580d@group-AA2923847052:LeaderElection2] INFO  server.RaftServerConfigKeys (ConfUtils.java:logGet(43)) - raft.server.watch.timeout.denomination = 1s (default)
2019-09-27 20:42:37,428 [e617973b-1000-4dcd-bf03-204f72a3580d@group-AA2923847052:LeaderElection2] INFO  server.RaftServerConfigKeys (ConfUtils.java:logGet(43)) - raft.server.watch.element-limit = 65536 (default)
2019-09-27 20:42:37,429 [e617973b-1000-4dcd-bf03-204f72a3580d@group-AA2923847052:LeaderElection2] INFO  impl.RoleInfo (RoleInfo.java:updateAndGet(143)) - e617973b-1000-4dcd-bf03-204f72a3580d: start LeaderState
2019-09-27 20:42:37,430 [e617973b-1000-4dcd-bf03-204f72a3580d@group-AA2923847052:LeaderElection2] INFO  segmented.SegmentedRaftLogWorker (SegmentedRaftLogWorker.java:startLogSegment(380)) - e617973b-1000-4dcd-bf03-204f72a3580d@group-AA2923847052-SegmentedRaftLogWorker: Starting segment from index:0
2019-09-27 20:42:37,430 [e617973b-1000-4dcd-bf03-204f72a3580d@group-AA2923847052:LeaderElection2] INFO  impl.RaftServerImpl (ServerState.java:setRaftConf(354)) - e617973b-1000-4dcd-bf03-204f72a3580d@group-AA2923847052: set configuration 0: [e617973b-1000-4dcd-bf03-204f72a3580d:192.168.164.218:38159], old=null at 0
2019-09-27 20:42:37,502 [Thread-246] INFO  impl.FollowerState (FollowerState.java:run(106)) - ba470b33-2419-4e6b-bad2-3db85df885d1:group-678E4E546B74 changes to CANDIDATE, lastRpcTime:5094, electionTimeout:5094ms
2019-09-27 20:42:37,502 [Thread-246] INFO  impl.RoleInfo (RoleInfo.java:shutdownFollowerState(121)) - ba470b33-2419-4e6b-bad2-3db85df885d1: shutdown FollowerState
2019-09-27 20:42:37,502 [Thread-246] INFO  impl.RaftServerImpl (RaftServerImpl.java:setRole(174)) - ba470b33-2419-4e6b-bad2-3db85df885d1@group-678E4E546B74: changes role from  FOLLOWER to CANDIDATE at term 0 for changeToCandidate
2019-09-27 20:42:37,502 [Thread-246] INFO  impl.RoleInfo (RoleInfo.java:updateAndGet(143)) - ba470b33-2419-4e6b-bad2-3db85df885d1: start LeaderElection
2019-09-27 20:42:37,519 [ba470b33-2419-4e6b-bad2-3db85df885d1@group-678E4E546B74:LeaderElection3] INFO  impl.LeaderElection (LeaderElection.java:askForVotes(182)) - ba470b33-2419-4e6b-bad2-3db85df885d1@group-678E4E546B74:LeaderElection3: begin an election at term 1 for -1: [ba470b33-2419-4e6b-bad2-3db85df885d1:192.168.164.218:36774], old=null
2019-09-27 20:42:37,520 [ba470b33-2419-4e6b-bad2-3db85df885d1@group-678E4E546B74:LeaderElection3] INFO  impl.RoleInfo (RoleInfo.java:shutdownLeaderElection(134)) - ba470b33-2419-4e6b-bad2-3db85df885d1: shutdown LeaderElection
2019-09-27 20:42:37,520 [ba470b33-2419-4e6b-bad2-3db85df885d1@group-678E4E546B74:LeaderElection3] INFO  impl.RaftServerImpl (RaftServerImpl.java:setRole(174)) - ba470b33-2419-4e6b-bad2-3db85df885d1@group-678E4E546B74: changes role from CANDIDATE to LEADER at term 1 for changeToLeader
2019-09-27 20:42:37,520 [ba470b33-2419-4e6b-bad2-3db85df885d1@group-678E4E546B74:LeaderElection3] INFO  impl.RaftServerImpl (ServerState.java:setLeader(253)) - ba470b33-2419-4e6b-bad2-3db85df885d1@group-678E4E546B74: change Leader from null to ba470b33-2419-4e6b-bad2-3db85df885d1 at term 1 for becomeLeader, leader elected after 5145ms
2019-09-27 20:42:37,521 [ba470b33-2419-4e6b-bad2-3db85df885d1@group-678E4E546B74:LeaderElection3] INFO  server.RaftServerConfigKeys (ConfUtils.java:logGet(43)) - raft.server.staging.catchup.gap = 1000 (default)
2019-09-27 20:42:37,521 [ba470b33-2419-4e6b-bad2-3db85df885d1@group-678E4E546B74:LeaderElection3] INFO  server.RaftServerConfigKeys (ConfUtils.java:logGet(43)) - raft.server.rpc.sleep.time = 25ms (default)
2019-09-27 20:42:37,522 [ba470b33-2419-4e6b-bad2-3db85df885d1@group-678E4E546B74:LeaderElection3] INFO  server.RaftServerConfigKeys (ConfUtils.java:logGet(43)) - raft.server.write.element-limit = 4096 (default)
2019-09-27 20:42:37,522 [ba470b33-2419-4e6b-bad2-3db85df885d1@group-678E4E546B74:LeaderElection3] INFO  server.RaftServerConfigKeys (ConfUtils.java:logGet(43)) - raft.server.watch.timeout = 10s (default)
2019-09-27 20:42:37,522 [ba470b33-2419-4e6b-bad2-3db85df885d1@group-678E4E546B74:LeaderElection3] INFO  server.RaftServerConfigKeys (ConfUtils.java:logGet(43)) - raft.server.watch.timeout.denomination = 1s (default)
2019-09-27 20:42:37,522 [ba470b33-2419-4e6b-bad2-3db85df885d1@group-678E4E546B74:LeaderElection3] INFO  server.RaftServerConfigKeys (ConfUtils.java:logGet(43)) - raft.server.watch.element-limit = 65536 (default)
2019-09-27 20:42:37,524 [ba470b33-2419-4e6b-bad2-3db85df885d1@group-678E4E546B74:LeaderElection3] INFO  impl.RoleInfo (RoleInfo.java:updateAndGet(143)) - ba470b33-2419-4e6b-bad2-3db85df885d1: start LeaderState
2019-09-27 20:42:37,524 [ba470b33-2419-4e6b-bad2-3db85df885d1@group-678E4E546B74:LeaderElection3] INFO  segmented.SegmentedRaftLogWorker (SegmentedRaftLogWorker.java:startLogSegment(380)) - ba470b33-2419-4e6b-bad2-3db85df885d1@group-678E4E546B74-SegmentedRaftLogWorker: Starting segment from index:0
2019-09-27 20:42:37,524 [ba470b33-2419-4e6b-bad2-3db85df885d1@group-678E4E546B74:LeaderElection3] INFO  impl.RaftServerImpl (ServerState.java:setRaftConf(354)) - ba470b33-2419-4e6b-bad2-3db85df885d1@group-678E4E546B74: set configuration 0: [ba470b33-2419-4e6b-bad2-3db85df885d1:192.168.164.218:36774], old=null at 0
2019-09-27 20:42:37,551 [Thread-252] INFO  impl.FollowerState (FollowerState.java:run(106)) - d45f9132-b116-4478-a065-35e831f48866:group-8FD849B92C1F changes to CANDIDATE, lastRpcTime:5000, electionTimeout:5000ms
2019-09-27 20:42:37,551 [Thread-252] INFO  impl.RoleInfo (RoleInfo.java:shutdownFollowerState(121)) - d45f9132-b116-4478-a065-35e831f48866: shutdown FollowerState
2019-09-27 20:42:37,552 [Thread-252] INFO  impl.RaftServerImpl (RaftServerImpl.java:setRole(174)) - d45f9132-b116-4478-a065-35e831f48866@group-8FD849B92C1F: changes role from  FOLLOWER to CANDIDATE at term 0 for changeToCandidate
2019-09-27 20:42:37,552 [Thread-252] INFO  impl.RoleInfo (RoleInfo.java:updateAndGet(143)) - d45f9132-b116-4478-a065-35e831f48866: start LeaderElection
2019-09-27 20:42:37,569 [d45f9132-b116-4478-a065-35e831f48866@group-8FD849B92C1F:LeaderElection4] INFO  impl.LeaderElection (LeaderElection.java:askForVotes(182)) - d45f9132-b116-4478-a065-35e831f48866@group-8FD849B92C1F:LeaderElection4: begin an election at term 1 for -1: [d45f9132-b116-4478-a065-35e831f48866:192.168.164.218:44351], old=null
2019-09-27 20:42:37,569 [d45f9132-b116-4478-a065-35e831f48866@group-8FD849B92C1F:LeaderElection4] INFO  impl.RoleInfo (RoleInfo.java:shutdownLeaderElection(134)) - d45f9132-b116-4478-a065-35e831f48866: shutdown LeaderElection
2019-09-27 20:42:37,569 [d45f9132-b116-4478-a065-35e831f48866@group-8FD849B92C1F:LeaderElection4] INFO  impl.RaftServerImpl (RaftServerImpl.java:setRole(174)) - d45f9132-b116-4478-a065-35e831f48866@group-8FD849B92C1F: changes role from CANDIDATE to LEADER at term 1 for changeToLeader
2019-09-27 20:42:37,569 [d45f9132-b116-4478-a065-35e831f48866@group-8FD849B92C1F:LeaderElection4] INFO  impl.RaftServerImpl (ServerState.java:setLeader(253)) - d45f9132-b116-4478-a065-35e831f48866@group-8FD849B92C1F: change Leader from null to d45f9132-b116-4478-a065-35e831f48866 at term 1 for becomeLeader, leader elected after 5029ms
2019-09-27 20:42:37,594 [d45f9132-b116-4478-a065-35e831f48866@group-8FD849B92C1F:LeaderElection4] INFO  server.RaftServerConfigKeys (ConfUtils.java:logGet(43)) - raft.server.staging.catchup.gap = 1000 (default)
2019-09-27 20:42:37,595 [d45f9132-b116-4478-a065-35e831f48866@group-8FD849B92C1F:LeaderElection4] INFO  server.RaftServerConfigKeys (ConfUtils.java:logGet(43)) - raft.server.rpc.sleep.time = 25ms (default)
2019-09-27 20:42:37,595 [d45f9132-b116-4478-a065-35e831f48866@group-8FD849B92C1F:LeaderElection4] INFO  server.RaftServerConfigKeys (ConfUtils.java:logGet(43)) - raft.server.write.element-limit = 4096 (default)
2019-09-27 20:42:37,595 [d45f9132-b116-4478-a065-35e831f48866@group-8FD849B92C1F:LeaderElection4] INFO  server.RaftServerConfigKeys (ConfUtils.java:logGet(43)) - raft.server.watch.timeout = 10s (default)
2019-09-27 20:42:37,595 [d45f9132-b116-4478-a065-35e831f48866@group-8FD849B92C1F:LeaderElection4] INFO  server.RaftServerConfigKeys (ConfUtils.java:logGet(43)) - raft.server.watch.timeout.denomination = 1s (default)
2019-09-27 20:42:37,595 [d45f9132-b116-4478-a065-35e831f48866@group-8FD849B92C1F:LeaderElection4] INFO  server.RaftServerConfigKeys (ConfUtils.java:logGet(43)) - raft.server.watch.element-limit = 65536 (default)
2019-09-27 20:42:37,597 [d45f9132-b116-4478-a065-35e831f48866@group-8FD849B92C1F:LeaderElection4] INFO  impl.RoleInfo (RoleInfo.java:updateAndGet(143)) - d45f9132-b116-4478-a065-35e831f48866: start LeaderState
2019-09-27 20:42:37,598 [d45f9132-b116-4478-a065-35e831f48866@group-8FD849B92C1F:LeaderElection4] INFO  segmented.SegmentedRaftLogWorker (SegmentedRaftLogWorker.java:startLogSegment(380)) - d45f9132-b116-4478-a065-35e831f48866@group-8FD849B92C1F-SegmentedRaftLogWorker: Starting segment from index:0
2019-09-27 20:42:37,598 [d45f9132-b116-4478-a065-35e831f48866@group-8FD849B92C1F:LeaderElection4] INFO  impl.RaftServerImpl (ServerState.java:setRaftConf(354)) - d45f9132-b116-4478-a065-35e831f48866@group-8FD849B92C1F: set configuration 0: [d45f9132-b116-4478-a065-35e831f48866:192.168.164.218:44351], old=null at 0
2019-09-27 20:42:37,624 [e617973b-1000-4dcd-bf03-204f72a3580d@group-AA2923847052-SegmentedRaftLogWorker] INFO  segmented.SegmentedRaftLogWorker (SegmentedRaftLogWorker.java:execute(569)) - e617973b-1000-4dcd-bf03-204f72a3580d@group-AA2923847052-SegmentedRaftLogWorker: created new log segment /workdir/hadoop-ozone/integration-test/target/test-dir/MiniOzoneClusterImpl-11934f51-33c7-4b40-8364-b20e4e673bd3/datanode-1/data/ratis/8e0dad1d-25ee-48ea-8761-aa2923847052/current/log_inprogress_0
2019-09-27 20:42:37,624 [ba470b33-2419-4e6b-bad2-3db85df885d1@group-678E4E546B74-SegmentedRaftLogWorker] INFO  segmented.SegmentedRaftLogWorker (SegmentedRaftLogWorker.java:execute(569)) - ba470b33-2419-4e6b-bad2-3db85df885d1@group-678E4E546B74-SegmentedRaftLogWorker: created new log segment /workdir/hadoop-ozone/integration-test/target/test-dir/MiniOzoneClusterImpl-11934f51-33c7-4b40-8364-b20e4e673bd3/datanode-5/data/ratis/e3b8ab6d-6e27-47e0-8625-678e4e546b74/current/log_inprogress_0
2019-09-27 20:42:37,624 [167285a7-dc19-4412-9275-f91dae06b95e@group-D4A4E6275192-SegmentedRaftLogWorker] INFO  segmented.SegmentedRaftLogWorker (SegmentedRaftLogWorker.java:execute(569)) - 167285a7-dc19-4412-9275-f91dae06b95e@group-D4A4E6275192-SegmentedRaftLogWorker: created new log segment /workdir/hadoop-ozone/integration-test/target/test-dir/MiniOzoneClusterImpl-11934f51-33c7-4b40-8364-b20e4e673bd3/datanode-0/data/ratis/af425fc1-27be-4bb8-9c98-d4a4e6275192/current/log_inprogress_0
2019-09-27 20:42:37,631 [Thread-249] INFO  impl.FollowerState (FollowerState.java:run(106)) - 0f772086-bee3-40e7-9d20-032999a6f1f0:group-689D168270D7 changes to CANDIDATE, lastRpcTime:5154, electionTimeout:5154ms
2019-09-27 20:42:37,632 [Thread-249] INFO  impl.RoleInfo (RoleInfo.java:shutdownFollowerState(121)) - 0f772086-bee3-40e7-9d20-032999a6f1f0: shutdown FollowerState
2019-09-27 20:42:37,632 [Thread-249] INFO  impl.RaftServerImpl (RaftServerImpl.java:setRole(174)) - 0f772086-bee3-40e7-9d20-032999a6f1f0@group-689D168270D7: changes role from  FOLLOWER to CANDIDATE at term 0 for changeToCandidate
2019-09-27 20:42:37,632 [Thread-249] INFO  impl.RoleInfo (RoleInfo.java:updateAndGet(143)) - 0f772086-bee3-40e7-9d20-032999a6f1f0: start LeaderElection
2019-09-27 20:42:37,641 [d45f9132-b116-4478-a065-35e831f48866@group-8FD849B92C1F-SegmentedRaftLogWorker] INFO  segmented.SegmentedRaftLogWorker (SegmentedRaftLogWorker.java:execute(569)) - d45f9132-b116-4478-a065-35e831f48866@group-8FD849B92C1F-SegmentedRaftLogWorker: created new log segment /workdir/hadoop-ozone/integration-test/target/test-dir/MiniOzoneClusterImpl-11934f51-33c7-4b40-8364-b20e4e673bd3/datanode-6/data/ratis/8c32ebe8-4eec-43b0-a0c6-8fd849b92c1f/current/log_inprogress_0
2019-09-27 20:42:37,641 [0f772086-bee3-40e7-9d20-032999a6f1f0@group-689D168270D7:LeaderElection5] INFO  impl.LeaderElection (LeaderElection.java:askForVotes(182)) - 0f772086-bee3-40e7-9d20-032999a6f1f0@group-689D168270D7:LeaderElection5: begin an election at term 1 for -1: [0f772086-bee3-40e7-9d20-032999a6f1f0:192.168.164.218:42451], old=null
2019-09-27 20:42:37,641 [0f772086-bee3-40e7-9d20-032999a6f1f0@group-689D168270D7:LeaderElection5] INFO  impl.RoleInfo (RoleInfo.java:shutdownLeaderElection(134)) - 0f772086-bee3-40e7-9d20-032999a6f1f0: shutdown LeaderElection
2019-09-27 20:42:37,641 [0f772086-bee3-40e7-9d20-032999a6f1f0@group-689D168270D7:LeaderElection5] INFO  impl.RaftServerImpl (RaftServerImpl.java:setRole(174)) - 0f772086-bee3-40e7-9d20-032999a6f1f0@group-689D168270D7: changes role from CANDIDATE to LEADER at term 1 for changeToLeader
2019-09-27 20:42:37,641 [0f772086-bee3-40e7-9d20-032999a6f1f0@group-689D168270D7:LeaderElection5] INFO  impl.RaftServerImpl (ServerState.java:setLeader(253)) - 0f772086-bee3-40e7-9d20-032999a6f1f0@group-689D168270D7: change Leader from null to 0f772086-bee3-40e7-9d20-032999a6f1f0 at term 1 for becomeLeader, leader elected after 5175ms
2019-09-27 20:42:37,643 [0f772086-bee3-40e7-9d20-032999a6f1f0@group-689D168270D7:LeaderElection5] INFO  server.RaftServerConfigKeys (ConfUtils.java:logGet(43)) - raft.server.staging.catchup.gap = 1000 (default)
2019-09-27 20:42:37,643 [0f772086-bee3-40e7-9d20-032999a6f1f0@group-689D168270D7:LeaderElection5] INFO  server.RaftServerConfigKeys (ConfUtils.java:logGet(43)) - raft.server.rpc.sleep.time = 25ms (default)
2019-09-27 20:42:37,643 [0f772086-bee3-40e7-9d20-032999a6f1f0@group-689D168270D7:LeaderElection5] INFO  server.RaftServerConfigKeys (ConfUtils.java:logGet(43)) - raft.server.write.element-limit = 4096 (default)
2019-09-27 20:42:37,644 [0f772086-bee3-40e7-9d20-032999a6f1f0@group-689D168270D7:LeaderElection5] INFO  server.RaftServerConfigKeys (ConfUtils.java:logGet(43)) - raft.server.watch.timeout = 10s (default)
2019-09-27 20:42:37,644 [0f772086-bee3-40e7-9d20-032999a6f1f0@group-689D168270D7:LeaderElection5] INFO  server.RaftServerConfigKeys (ConfUtils.java:logGet(43)) - raft.server.watch.timeout.denomination = 1s (default)
2019-09-27 20:42:37,644 [0f772086-bee3-40e7-9d20-032999a6f1f0@group-689D168270D7:LeaderElection5] INFO  server.RaftServerConfigKeys (ConfUtils.java:logGet(43)) - raft.server.watch.element-limit = 65536 (default)
2019-09-27 20:42:37,646 [0f772086-bee3-40e7-9d20-032999a6f1f0@group-689D168270D7:LeaderElection5] INFO  impl.RoleInfo (RoleInfo.java:updateAndGet(143)) - 0f772086-bee3-40e7-9d20-032999a6f1f0: start LeaderState
2019-09-27 20:42:37,647 [0f772086-bee3-40e7-9d20-032999a6f1f0@group-689D168270D7:LeaderElection5] INFO  segmented.SegmentedRaftLogWorker (SegmentedRaftLogWorker.java:startLogSegment(380)) - 0f772086-bee3-40e7-9d20-032999a6f1f0@group-689D168270D7-SegmentedRaftLogWorker: Starting segment from index:0
2019-09-27 20:42:37,647 [0f772086-bee3-40e7-9d20-032999a6f1f0@group-689D168270D7:LeaderElection5] INFO  impl.RaftServerImpl (ServerState.java:setRaftConf(354)) - 0f772086-bee3-40e7-9d20-032999a6f1f0@group-689D168270D7: set configuration 0: [0f772086-bee3-40e7-9d20-032999a6f1f0:192.168.164.218:42451], old=null at 0
2019-09-27 20:42:37,694 [0f772086-bee3-40e7-9d20-032999a6f1f0@group-689D168270D7-SegmentedRaftLogWorker] INFO  segmented.SegmentedRaftLogWorker (SegmentedRaftLogWorker.java:execute(569)) - 0f772086-bee3-40e7-9d20-032999a6f1f0@group-689D168270D7-SegmentedRaftLogWorker: created new log segment /workdir/hadoop-ozone/integration-test/target/test-dir/MiniOzoneClusterImpl-11934f51-33c7-4b40-8364-b20e4e673bd3/datanode-4/data/ratis/f7655503-ad56-4ef0-b9e1-689d168270d7/current/log_inprogress_0
2019-09-27 20:42:37,712 [Thread-255] INFO  impl.FollowerState (FollowerState.java:run(106)) - f0d14e84-6427-4367-a20e-06d852f84116:group-05B463224065 changes to CANDIDATE, lastRpcTime:5097, electionTimeout:5097ms
2019-09-27 20:42:37,712 [Thread-255] INFO  impl.RoleInfo (RoleInfo.java:shutdownFollowerState(121)) - f0d14e84-6427-4367-a20e-06d852f84116: shutdown FollowerState
2019-09-27 20:42:37,712 [Thread-255] INFO  impl.RaftServerImpl (RaftServerImpl.java:setRole(174)) - f0d14e84-6427-4367-a20e-06d852f84116@group-05B463224065: changes role from  FOLLOWER to CANDIDATE at term 0 for changeToCandidate
2019-09-27 20:42:37,712 [Thread-255] INFO  impl.RoleInfo (RoleInfo.java:updateAndGet(143)) - f0d14e84-6427-4367-a20e-06d852f84116: start LeaderElection
2019-09-27 20:42:37,729 [f0d14e84-6427-4367-a20e-06d852f84116@group-05B463224065:LeaderElection6] INFO  impl.LeaderElection (LeaderElection.java:askForVotes(182)) - f0d14e84-6427-4367-a20e-06d852f84116@group-05B463224065:LeaderElection6: begin an election at term 1 for -1: [f0d14e84-6427-4367-a20e-06d852f84116:192.168.164.218:44850], old=null
2019-09-27 20:42:37,729 [f0d14e84-6427-4367-a20e-06d852f84116@group-05B463224065:LeaderElection6] INFO  impl.RoleInfo (RoleInfo.java:shutdownLeaderElection(134)) - f0d14e84-6427-4367-a20e-06d852f84116: shutdown LeaderElection
2019-09-27 20:42:37,729 [f0d14e84-6427-4367-a20e-06d852f84116@group-05B463224065:LeaderElection6] INFO  impl.RaftServerImpl (RaftServerImpl.java:setRole(174)) - f0d14e84-6427-4367-a20e-06d852f84116@group-05B463224065: changes role from CANDIDATE to LEADER at term 1 for changeToLeader
2019-09-27 20:42:37,729 [f0d14e84-6427-4367-a20e-06d852f84116@group-05B463224065:LeaderElection6] INFO  impl.RaftServerImpl (ServerState.java:setLeader(253)) - f0d14e84-6427-4367-a20e-06d852f84116@group-05B463224065: change Leader from null to f0d14e84-6427-4367-a20e-06d852f84116 at term 1 for becomeLeader, leader elected after 5123ms
2019-09-27 20:42:37,730 [f0d14e84-6427-4367-a20e-06d852f84116@group-05B463224065:LeaderElection6] INFO  server.RaftServerConfigKeys (ConfUtils.java:logGet(43)) - raft.server.staging.catchup.gap = 1000 (default)
2019-09-27 20:42:37,731 [f0d14e84-6427-4367-a20e-06d852f84116@group-05B463224065:LeaderElection6] INFO  server.RaftServerConfigKeys (ConfUtils.java:logGet(43)) - raft.server.rpc.sleep.time = 25ms (default)
2019-09-27 20:42:37,731 [f0d14e84-6427-4367-a20e-06d852f84116@group-05B463224065:LeaderElection6] INFO  server.RaftServerConfigKeys (ConfUtils.java:logGet(43)) - raft.server.write.element-limit = 4096 (default)
2019-09-27 20:42:37,731 [f0d14e84-6427-4367-a20e-06d852f84116@group-05B463224065:LeaderElection6] INFO  server.RaftServerConfigKeys (ConfUtils.java:logGet(43)) - raft.server.watch.timeout = 10s (default)
2019-09-27 20:42:37,731 [f0d14e84-6427-4367-a20e-06d852f84116@group-05B463224065:LeaderElection6] INFO  server.RaftServerConfigKeys (ConfUtils.java:logGet(43)) - raft.server.watch.timeout.denomination = 1s (default)
2019-09-27 20:42:37,731 [f0d14e84-6427-4367-a20e-06d852f84116@group-05B463224065:LeaderElection6] INFO  server.RaftServerConfigKeys (ConfUtils.java:logGet(43)) - raft.server.watch.element-limit = 65536 (default)
2019-09-27 20:42:37,734 [f0d14e84-6427-4367-a20e-06d852f84116@group-05B463224065:LeaderElection6] INFO  impl.RoleInfo (RoleInfo.java:updateAndGet(143)) - f0d14e84-6427-4367-a20e-06d852f84116: start LeaderState
2019-09-27 20:42:37,734 [f0d14e84-6427-4367-a20e-06d852f84116@group-05B463224065:LeaderElection6] INFO  segmented.SegmentedRaftLogWorker (SegmentedRaftLogWorker.java:startLogSegment(380)) - f0d14e84-6427-4367-a20e-06d852f84116@group-05B463224065-SegmentedRaftLogWorker: Starting segment from index:0
2019-09-27 20:42:37,735 [f0d14e84-6427-4367-a20e-06d852f84116@group-05B463224065:LeaderElection6] INFO  impl.RaftServerImpl (ServerState.java:setRaftConf(354)) - f0d14e84-6427-4367-a20e-06d852f84116@group-05B463224065: set configuration 0: [f0d14e84-6427-4367-a20e-06d852f84116:192.168.164.218:44850], old=null at 0
2019-09-27 20:42:37,771 [f0d14e84-6427-4367-a20e-06d852f84116@group-05B463224065-SegmentedRaftLogWorker] INFO  segmented.SegmentedRaftLogWorker (SegmentedRaftLogWorker.java:execute(569)) - f0d14e84-6427-4367-a20e-06d852f84116@group-05B463224065-SegmentedRaftLogWorker: created new log segment /workdir/hadoop-ozone/integration-test/target/test-dir/MiniOzoneClusterImpl-11934f51-33c7-4b40-8364-b20e4e673bd3/datanode-2/data/ratis/6254354e-924d-4c74-b6da-05b463224065/current/log_inprogress_0
2019-09-27 20:42:37,850 [Thread-265] INFO  impl.FollowerState (FollowerState.java:run(106)) - ba470b33-2419-4e6b-bad2-3db85df885d1:group-07270A82450E changes to CANDIDATE, lastRpcTime:5078, electionTimeout:5077ms
2019-09-27 20:42:37,850 [Thread-265] INFO  impl.RoleInfo (RoleInfo.java:shutdownFollowerState(121)) - ba470b33-2419-4e6b-bad2-3db85df885d1: shutdown FollowerState
2019-09-27 20:42:37,851 [Thread-265] INFO  impl.RaftServerImpl (RaftServerImpl.java:setRole(174)) - ba470b33-2419-4e6b-bad2-3db85df885d1@group-07270A82450E: changes role from  FOLLOWER to CANDIDATE at term 0 for changeToCandidate
2019-09-27 20:42:37,851 [Thread-265] INFO  impl.RoleInfo (RoleInfo.java:updateAndGet(143)) - ba470b33-2419-4e6b-bad2-3db85df885d1: start LeaderElection
2019-09-27 20:42:37,854 [Thread-266] INFO  impl.FollowerState (FollowerState.java:run(106)) - 0f772086-bee3-40e7-9d20-032999a6f1f0:group-07270A82450E changes to CANDIDATE, lastRpcTime:5079, electionTimeout:5078ms
2019-09-27 20:42:37,854 [Thread-266] INFO  impl.RoleInfo (RoleInfo.java:shutdownFollowerState(121)) - 0f772086-bee3-40e7-9d20-032999a6f1f0: shutdown FollowerState
2019-09-27 20:42:37,854 [Thread-266] INFO  impl.RaftServerImpl (RaftServerImpl.java:setRole(174)) - 0f772086-bee3-40e7-9d20-032999a6f1f0@group-07270A82450E: changes role from  FOLLOWER to CANDIDATE at term 0 for changeToCandidate
2019-09-27 20:42:37,854 [Thread-266] INFO  impl.RoleInfo (RoleInfo.java:updateAndGet(143)) - 0f772086-bee3-40e7-9d20-032999a6f1f0: start LeaderElection
2019-09-27 20:42:37,857 [Thread-258] INFO  impl.FollowerState (FollowerState.java:run(106)) - d8358dec-3e4c-496b-b4a6-fc01bde355d5:group-D1161FBE5914 changes to CANDIDATE, lastRpcTime:5183, electionTimeout:5183ms
2019-09-27 20:42:37,857 [Thread-258] INFO  impl.RoleInfo (RoleInfo.java:shutdownFollowerState(121)) - d8358dec-3e4c-496b-b4a6-fc01bde355d5: shutdown FollowerState
2019-09-27 20:42:37,858 [Thread-258] INFO  impl.RaftServerImpl (RaftServerImpl.java:setRole(174)) - d8358dec-3e4c-496b-b4a6-fc01bde355d5@group-D1161FBE5914: changes role from  FOLLOWER to CANDIDATE at term 0 for changeToCandidate
2019-09-27 20:42:37,858 [Thread-258] INFO  impl.RoleInfo (RoleInfo.java:updateAndGet(143)) - d8358dec-3e4c-496b-b4a6-fc01bde355d5: start LeaderElection
2019-09-27 20:42:37,864 [Thread-263] INFO  impl.FollowerState (FollowerState.java:run(106)) - e617973b-1000-4dcd-bf03-204f72a3580d:group-07270A82450E changes to CANDIDATE, lastRpcTime:5097, electionTimeout:5097ms
2019-09-27 20:42:37,864 [Thread-263] INFO  impl.RoleInfo (RoleInfo.java:shutdownFollowerState(121)) - e617973b-1000-4dcd-bf03-204f72a3580d: shutdown FollowerState
2019-09-27 20:42:37,864 [Thread-263] INFO  impl.RaftServerImpl (RaftServerImpl.java:setRole(174)) - e617973b-1000-4dcd-bf03-204f72a3580d@group-07270A82450E: changes role from  FOLLOWER to CANDIDATE at term 0 for changeToCandidate
2019-09-27 20:42:37,865 [Thread-263] INFO  impl.RoleInfo (RoleInfo.java:updateAndGet(143)) - e617973b-1000-4dcd-bf03-204f72a3580d: start LeaderElection
2019-09-27 20:42:37,869 [0f772086-bee3-40e7-9d20-032999a6f1f0@group-07270A82450E:LeaderElection8] INFO  impl.LeaderElection (LeaderElection.java:askForVotes(182)) - 0f772086-bee3-40e7-9d20-032999a6f1f0@group-07270A82450E:LeaderElection8: begin an election at term 1 for -1: [e617973b-1000-4dcd-bf03-204f72a3580d:192.168.164.218:38159, ba470b33-2419-4e6b-bad2-3db85df885d1:192.168.164.218:36774, 0f772086-bee3-40e7-9d20-032999a6f1f0:192.168.164.218:42451], old=null
2019-09-27 20:42:37,869 [ba470b33-2419-4e6b-bad2-3db85df885d1@group-07270A82450E:LeaderElection7] INFO  impl.LeaderElection (LeaderElection.java:askForVotes(182)) - ba470b33-2419-4e6b-bad2-3db85df885d1@group-07270A82450E:LeaderElection7: begin an election at term 1 for -1: [e617973b-1000-4dcd-bf03-204f72a3580d:192.168.164.218:38159, ba470b33-2419-4e6b-bad2-3db85df885d1:192.168.164.218:36774, 0f772086-bee3-40e7-9d20-032999a6f1f0:192.168.164.218:42451], old=null
2019-09-27 20:42:37,869 [d8358dec-3e4c-496b-b4a6-fc01bde355d5@group-D1161FBE5914:LeaderElection9] INFO  impl.LeaderElection (LeaderElection.java:askForVotes(182)) - d8358dec-3e4c-496b-b4a6-fc01bde355d5@group-D1161FBE5914:LeaderElection9: begin an election at term 1 for -1: [d8358dec-3e4c-496b-b4a6-fc01bde355d5:192.168.164.218:43021], old=null
2019-09-27 20:42:37,870 [d8358dec-3e4c-496b-b4a6-fc01bde355d5@group-D1161FBE5914:LeaderElection9] INFO  impl.RoleInfo (RoleInfo.java:shutdownLeaderElection(134)) - d8358dec-3e4c-496b-b4a6-fc01bde355d5: shutdown LeaderElection
2019-09-27 20:42:37,870 [d8358dec-3e4c-496b-b4a6-fc01bde355d5@group-D1161FBE5914:LeaderElection9] INFO  impl.RaftServerImpl (RaftServerImpl.java:setRole(174)) - d8358dec-3e4c-496b-b4a6-fc01bde355d5@group-D1161FBE5914: changes role from CANDIDATE to LEADER at term 1 for changeToLeader
2019-09-27 20:42:37,870 [d8358dec-3e4c-496b-b4a6-fc01bde355d5@group-D1161FBE5914:LeaderElection9] INFO  impl.RaftServerImpl (ServerState.java:setLeader(253)) - d8358dec-3e4c-496b-b4a6-fc01bde355d5@group-D1161FBE5914: change Leader from null to d8358dec-3e4c-496b-b4a6-fc01bde355d5 at term 1 for becomeLeader, leader elected after 5203ms
2019-09-27 20:42:37,872 [d8358dec-3e4c-496b-b4a6-fc01bde355d5@group-D1161FBE5914:LeaderElection9] INFO  server.RaftServerConfigKeys (ConfUtils.java:logGet(43)) - raft.server.staging.catchup.gap = 1000 (default)
2019-09-27 20:42:37,872 [d8358dec-3e4c-496b-b4a6-fc01bde355d5@group-D1161FBE5914:LeaderElection9] INFO  server.RaftServerConfigKeys (ConfUtils.java:logGet(43)) - raft.server.rpc.sleep.time = 25ms (default)
2019-09-27 20:42:37,872 [d8358dec-3e4c-496b-b4a6-fc01bde355d5@group-D1161FBE5914:LeaderElection9] INFO  server.RaftServerConfigKeys (ConfUtils.java:logGet(43)) - raft.server.write.element-limit = 4096 (default)
2019-09-27 20:42:37,873 [d8358dec-3e4c-496b-b4a6-fc01bde355d5@group-D1161FBE5914:LeaderElection9] INFO  server.RaftServerConfigKeys (ConfUtils.java:logGet(43)) - raft.server.watch.timeout = 10s (default)
2019-09-27 20:42:37,873 [d8358dec-3e4c-496b-b4a6-fc01bde355d5@group-D1161FBE5914:LeaderElection9] INFO  server.RaftServerConfigKeys (ConfUtils.java:logGet(43)) - raft.server.watch.timeout.denomination = 1s (default)
2019-09-27 20:42:37,873 [d8358dec-3e4c-496b-b4a6-fc01bde355d5@group-D1161FBE5914:LeaderElection9] INFO  server.RaftServerConfigKeys (ConfUtils.java:logGet(43)) - raft.server.watch.element-limit = 65536 (default)
2019-09-27 20:42:37,876 [d8358dec-3e4c-496b-b4a6-fc01bde355d5@group-D1161FBE5914:LeaderElection9] INFO  impl.RoleInfo (RoleInfo.java:updateAndGet(143)) - d8358dec-3e4c-496b-b4a6-fc01bde355d5: start LeaderState
2019-09-27 20:42:37,876 [d8358dec-3e4c-496b-b4a6-fc01bde355d5@group-D1161FBE5914:LeaderElection9] INFO  segmented.SegmentedRaftLogWorker (SegmentedRaftLogWorker.java:startLogSegment(380)) - d8358dec-3e4c-496b-b4a6-fc01bde355d5@group-D1161FBE5914-SegmentedRaftLogWorker: Starting segment from index:0
2019-09-27 20:42:37,876 [d8358dec-3e4c-496b-b4a6-fc01bde355d5@group-D1161FBE5914:LeaderElection9] INFO  impl.RaftServerImpl (ServerState.java:setRaftConf(354)) - d8358dec-3e4c-496b-b4a6-fc01bde355d5@group-D1161FBE5914: set configuration 0: [d8358dec-3e4c-496b-b4a6-fc01bde355d5:192.168.164.218:43021], old=null at 0
2019-09-27 20:42:37,902 [e617973b-1000-4dcd-bf03-204f72a3580d@group-07270A82450E:LeaderElection10] INFO  impl.LeaderElection (LeaderElection.java:askForVotes(182)) - e617973b-1000-4dcd-bf03-204f72a3580d@group-07270A82450E:LeaderElection10: begin an election at term 1 for -1: [e617973b-1000-4dcd-bf03-204f72a3580d:192.168.164.218:38159, ba470b33-2419-4e6b-bad2-3db85df885d1:192.168.164.218:36774, 0f772086-bee3-40e7-9d20-032999a6f1f0:192.168.164.218:42451], old=null
2019-09-27 20:42:37,903 [Thread-271] INFO  impl.FollowerState (FollowerState.java:run(106)) - 167285a7-dc19-4412-9275-f91dae06b95e:group-A683F1095DD5 changes to CANDIDATE, lastRpcTime:5050, electionTimeout:5050ms
2019-09-27 20:42:37,903 [Thread-271] INFO  impl.RoleInfo (RoleInfo.java:shutdownFollowerState(121)) - 167285a7-dc19-4412-9275-f91dae06b95e: shutdown FollowerState
2019-09-27 20:42:37,903 [Thread-271] INFO  impl.RaftServerImpl (RaftServerImpl.java:setRole(174)) - 167285a7-dc19-4412-9275-f91dae06b95e@group-A683F1095DD5: changes role from  FOLLOWER to CANDIDATE at term 0 for changeToCandidate
2019-09-27 20:42:37,903 [Thread-271] INFO  impl.RoleInfo (RoleInfo.java:updateAndGet(143)) - 167285a7-dc19-4412-9275-f91dae06b95e: start LeaderElection
2019-09-27 20:42:37,916 [Thread-276] INFO  impl.FollowerState (FollowerState.java:run(106)) - d45f9132-b116-4478-a065-35e831f48866:group-A683F1095DD5 changes to CANDIDATE, lastRpcTime:5056, electionTimeout:5053ms
2019-09-27 20:42:37,916 [d8358dec-3e4c-496b-b4a6-fc01bde355d5@group-D1161FBE5914-SegmentedRaftLogWorker] INFO  segmented.SegmentedRaftLogWorker (SegmentedRaftLogWorker.java:execute(569)) - d8358dec-3e4c-496b-b4a6-fc01bde355d5@group-D1161FBE5914-SegmentedRaftLogWorker: created new log segment /workdir/hadoop-ozone/integration-test/target/test-dir/MiniOzoneClusterImpl-11934f51-33c7-4b40-8364-b20e4e673bd3/datanode-3/data/ratis/cbe3dda6-626e-4285-b745-d1161fbe5914/current/log_inprogress_0
2019-09-27 20:42:37,916 [Thread-276] INFO  impl.RoleInfo (RoleInfo.java:shutdownFollowerState(121)) - d45f9132-b116-4478-a065-35e831f48866: shutdown FollowerState
2019-09-27 20:42:37,916 [Thread-276] INFO  impl.RaftServerImpl (RaftServerImpl.java:setRole(174)) - d45f9132-b116-4478-a065-35e831f48866@group-A683F1095DD5: changes role from  FOLLOWER to CANDIDATE at term 0 for changeToCandidate
2019-09-27 20:42:37,919 [Thread-276] INFO  impl.RoleInfo (RoleInfo.java:updateAndGet(143)) - d45f9132-b116-4478-a065-35e831f48866: start LeaderElection
2019-09-27 20:42:37,931 [d45f9132-b116-4478-a065-35e831f48866@group-A683F1095DD5:LeaderElection12] INFO  impl.LeaderElection (LeaderElection.java:askForVotes(182)) - d45f9132-b116-4478-a065-35e831f48866@group-A683F1095DD5:LeaderElection12: begin an election at term 1 for -1: [167285a7-dc19-4412-9275-f91dae06b95e:192.168.164.218:35199, d45f9132-b116-4478-a065-35e831f48866:192.168.164.218:44351, f0d14e84-6427-4367-a20e-06d852f84116:192.168.164.218:44850], old=null
2019-09-27 20:42:37,931 [167285a7-dc19-4412-9275-f91dae06b95e@group-A683F1095DD5:LeaderElection11] INFO  impl.LeaderElection (LeaderElection.java:askForVotes(182)) - 167285a7-dc19-4412-9275-f91dae06b95e@group-A683F1095DD5:LeaderElection11: begin an election at term 1 for -1: [167285a7-dc19-4412-9275-f91dae06b95e:192.168.164.218:35199, d45f9132-b116-4478-a065-35e831f48866:192.168.164.218:44351, f0d14e84-6427-4367-a20e-06d852f84116:192.168.164.218:44850], old=null
2019-09-27 20:42:37,969 [Thread-274] INFO  impl.FollowerState (FollowerState.java:run(106)) - f0d14e84-6427-4367-a20e-06d852f84116:group-A683F1095DD5 changes to CANDIDATE, lastRpcTime:5112, electionTimeout:5112ms
2019-09-27 20:42:37,971 [Thread-274] INFO  impl.RoleInfo (RoleInfo.java:shutdownFollowerState(121)) - f0d14e84-6427-4367-a20e-06d852f84116: shutdown FollowerState
2019-09-27 20:42:37,971 [Thread-274] INFO  impl.RaftServerImpl (RaftServerImpl.java:setRole(174)) - f0d14e84-6427-4367-a20e-06d852f84116@group-A683F1095DD5: changes role from  FOLLOWER to CANDIDATE at term 0 for changeToCandidate
2019-09-27 20:42:37,971 [0f772086-bee3-40e7-9d20-032999a6f1f0@group-07270A82450E:LeaderElection8] INFO  impl.LeaderElection (LeaderElection.java:logAndReturn(56)) - 0f772086-bee3-40e7-9d20-032999a6f1f0@group-07270A82450E:LeaderElection8: Election REJECTED; received 2 response(s) [0f772086-bee3-40e7-9d20-032999a6f1f0<-ba470b33-2419-4e6b-bad2-3db85df885d1#0:FAIL-t1, 0f772086-bee3-40e7-9d20-032999a6f1f0<-e617973b-1000-4dcd-bf03-204f72a3580d#0:FAIL-t1] and 0 exception(s); 0f772086-bee3-40e7-9d20-032999a6f1f0@group-07270A82450E:t1, leader=null, voted=0f772086-bee3-40e7-9d20-032999a6f1f0, raftlog=0f772086-bee3-40e7-9d20-032999a6f1f0@group-07270A82450E-SegmentedRaftLog:OPENED:c-1,f-1,i0, conf=-1: [e617973b-1000-4dcd-bf03-204f72a3580d:192.168.164.218:38159, ba470b33-2419-4e6b-bad2-3db85df885d1:192.168.164.218:36774, 0f772086-bee3-40e7-9d20-032999a6f1f0:192.168.164.218:42451], old=null
2019-09-27 20:42:37,971 [Thread-274] INFO  impl.RoleInfo (RoleInfo.java:updateAndGet(143)) - f0d14e84-6427-4367-a20e-06d852f84116: start LeaderElection
2019-09-27 20:42:37,981 [0f772086-bee3-40e7-9d20-032999a6f1f0@group-07270A82450E:LeaderElection8] INFO  impl.RaftServerImpl (RaftServerImpl.java:setRole(174)) - 0f772086-bee3-40e7-9d20-032999a6f1f0@group-07270A82450E: changes role from CANDIDATE to FOLLOWER at term 1 for DISCOVERED_A_NEW_TERM
2019-09-27 20:42:37,981 [grpc-default-executor-2] INFO  impl.RaftServerImpl (RaftServerImpl.java:setRole(174)) - f0d14e84-6427-4367-a20e-06d852f84116@group-A683F1095DD5: changes role from CANDIDATE to FOLLOWER at term 1 for recognizeCandidate:d45f9132-b116-4478-a065-35e831f48866
2019-09-27 20:42:37,982 [e617973b-1000-4dcd-bf03-204f72a3580d@group-07270A82450E:LeaderElection10] INFO  impl.LeaderElection (LeaderElection.java:logAndReturn(56)) - e617973b-1000-4dcd-bf03-204f72a3580d@group-07270A82450E:LeaderElection10: Election REJECTED; received 2 response(s) [e617973b-1000-4dcd-bf03-204f72a3580d<-ba470b33-2419-4e6b-bad2-3db85df885d1#0:FAIL-t1, e617973b-1000-4dcd-bf03-204f72a3580d<-0f772086-bee3-40e7-9d20-032999a6f1f0#0:FAIL-t1] and 0 exception(s); e617973b-1000-4dcd-bf03-204f72a3580d@group-07270A82450E:t1, leader=null, voted=e617973b-1000-4dcd-bf03-204f72a3580d, raftlog=e617973b-1000-4dcd-bf03-204f72a3580d@group-07270A82450E-SegmentedRaftLog:OPENED:c-1,f-1,i0, conf=-1: [e617973b-1000-4dcd-bf03-204f72a3580d:192.168.164.218:38159, ba470b33-2419-4e6b-bad2-3db85df885d1:192.168.164.218:36774, 0f772086-bee3-40e7-9d20-032999a6f1f0:192.168.164.218:42451], old=null
2019-09-27 20:42:37,982 [0f772086-bee3-40e7-9d20-032999a6f1f0@group-07270A82450E:LeaderElection8] INFO  impl.RoleInfo (RoleInfo.java:shutdownLeaderElection(134)) - 0f772086-bee3-40e7-9d20-032999a6f1f0: shutdown LeaderElection
2019-09-27 20:42:37,983 [e617973b-1000-4dcd-bf03-204f72a3580d@group-07270A82450E:LeaderElection10] INFO  impl.RaftServerImpl (RaftServerImpl.java:setRole(174)) - e617973b-1000-4dcd-bf03-204f72a3580d@group-07270A82450E: changes role from CANDIDATE to FOLLOWER at term 1 for DISCOVERED_A_NEW_TERM
2019-09-27 20:42:37,983 [grpc-default-executor-2] INFO  impl.RoleInfo (RoleInfo.java:shutdownLeaderElection(134)) - f0d14e84-6427-4367-a20e-06d852f84116: shutdown LeaderElection
2019-09-27 20:42:37,987 [0f772086-bee3-40e7-9d20-032999a6f1f0@group-07270A82450E:LeaderElection8] INFO  impl.RoleInfo (RoleInfo.java:updateAndGet(143)) - 0f772086-bee3-40e7-9d20-032999a6f1f0: start FollowerState
2019-09-27 20:42:37,987 [e617973b-1000-4dcd-bf03-204f72a3580d@group-07270A82450E:LeaderElection10] INFO  impl.RoleInfo (RoleInfo.java:shutdownLeaderElection(134)) - e617973b-1000-4dcd-bf03-204f72a3580d: shutdown LeaderElection
2019-09-27 20:42:37,986 [ba470b33-2419-4e6b-bad2-3db85df885d1@group-07270A82450E:LeaderElection7] INFO  impl.LeaderElection (LeaderElection.java:logAndReturn(56)) - ba470b33-2419-4e6b-bad2-3db85df885d1@group-07270A82450E:LeaderElection7: Election REJECTED; received 2 response(s) [ba470b33-2419-4e6b-bad2-3db85df885d1<-e617973b-1000-4dcd-bf03-204f72a3580d#0:FAIL-t1, ba470b33-2419-4e6b-bad2-3db85df885d1<-0f772086-bee3-40e7-9d20-032999a6f1f0#0:FAIL-t1] and 0 exception(s); ba470b33-2419-4e6b-bad2-3db85df885d1@group-07270A82450E:t1, leader=null, voted=ba470b33-2419-4e6b-bad2-3db85df885d1, raftlog=ba470b33-2419-4e6b-bad2-3db85df885d1@group-07270A82450E-SegmentedRaftLog:OPENED:c-1,f-1,i0, conf=-1: [e617973b-1000-4dcd-bf03-204f72a3580d:192.168.164.218:38159, ba470b33-2419-4e6b-bad2-3db85df885d1:192.168.164.218:36774, 0f772086-bee3-40e7-9d20-032999a6f1f0:192.168.164.218:42451], old=null
2019-09-27 20:42:37,989 [e617973b-1000-4dcd-bf03-204f72a3580d@group-07270A82450E:LeaderElection10] INFO  impl.RoleInfo (RoleInfo.java:updateAndGet(143)) - e617973b-1000-4dcd-bf03-204f72a3580d: start FollowerState
2019-09-27 20:42:37,988 [grpc-default-executor-2] INFO  impl.RoleInfo (RoleInfo.java:updateAndGet(143)) - f0d14e84-6427-4367-a20e-06d852f84116: start FollowerState
2019-09-27 20:42:37,989 [ba470b33-2419-4e6b-bad2-3db85df885d1@group-07270A82450E:LeaderElection7] INFO  impl.RaftServerImpl (RaftServerImpl.java:setRole(174)) - ba470b33-2419-4e6b-bad2-3db85df885d1@group-07270A82450E: changes role from CANDIDATE to FOLLOWER at term 1 for DISCOVERED_A_NEW_TERM
2019-09-27 20:42:37,991 [ba470b33-2419-4e6b-bad2-3db85df885d1@group-07270A82450E:LeaderElection7] INFO  impl.RoleInfo (RoleInfo.java:shutdownLeaderElection(134)) - ba470b33-2419-4e6b-bad2-3db85df885d1: shutdown LeaderElection
2019-09-27 20:42:37,993 [ba470b33-2419-4e6b-bad2-3db85df885d1@group-07270A82450E:LeaderElection7] INFO  impl.RoleInfo (RoleInfo.java:updateAndGet(143)) - ba470b33-2419-4e6b-bad2-3db85df885d1: start FollowerState
2019-09-27 20:42:38,015 [grpc-default-executor-4] INFO  impl.RaftServerImpl (RaftServerImpl.java:setRole(174)) - f0d14e84-6427-4367-a20e-06d852f84116@group-A683F1095DD5: changes role from  FOLLOWER to FOLLOWER at term 1 for recognizeCandidate:167285a7-dc19-4412-9275-f91dae06b95e
2019-09-27 20:42:38,016 [grpc-default-executor-4] INFO  impl.RoleInfo (RoleInfo.java:shutdownFollowerState(121)) - f0d14e84-6427-4367-a20e-06d852f84116: shutdown FollowerState
2019-09-27 20:42:38,016 [grpc-default-executor-4] INFO  impl.RoleInfo (RoleInfo.java:updateAndGet(143)) - f0d14e84-6427-4367-a20e-06d852f84116: start FollowerState
2019-09-27 20:42:38,016 [Thread-322] INFO  impl.FollowerState (FollowerState.java:run(115)) - f0d14e84-6427-4367-a20e-06d852f84116: FollowerState was interrupted: java.lang.InterruptedException: sleep interrupted
2019-09-27 20:42:38,018 [d45f9132-b116-4478-a065-35e831f48866@group-A683F1095DD5:LeaderElection12] INFO  impl.LeaderElection (LeaderElection.java:logAndReturn(56)) - d45f9132-b116-4478-a065-35e831f48866@group-A683F1095DD5:LeaderElection12: Election REJECTED; received 2 response(s) [d45f9132-b116-4478-a065-35e831f48866<-167285a7-dc19-4412-9275-f91dae06b95e#0:FAIL-t1, d45f9132-b116-4478-a065-35e831f48866<-f0d14e84-6427-4367-a20e-06d852f84116#0:FAIL-t1] and 0 exception(s); d45f9132-b116-4478-a065-35e831f48866@group-A683F1095DD5:t1, leader=null, voted=d45f9132-b116-4478-a065-35e831f48866, raftlog=d45f9132-b116-4478-a065-35e831f48866@group-A683F1095DD5-SegmentedRaftLog:OPENED:c-1,f-1,i0, conf=-1: [167285a7-dc19-4412-9275-f91dae06b95e:192.168.164.218:35199, d45f9132-b116-4478-a065-35e831f48866:192.168.164.218:44351, f0d14e84-6427-4367-a20e-06d852f84116:192.168.164.218:44850], old=null
2019-09-27 20:42:38,018 [d45f9132-b116-4478-a065-35e831f48866@group-A683F1095DD5:LeaderElection12] INFO  impl.RaftServerImpl (RaftServerImpl.java:setRole(174)) - d45f9132-b116-4478-a065-35e831f48866@group-A683F1095DD5: changes role from CANDIDATE to FOLLOWER at term 1 for DISCOVERED_A_NEW_TERM
2019-09-27 20:42:38,018 [d45f9132-b116-4478-a065-35e831f48866@group-A683F1095DD5:LeaderElection12] INFO  impl.RoleInfo (RoleInfo.java:shutdownLeaderElection(134)) - d45f9132-b116-4478-a065-35e831f48866: shutdown LeaderElection
2019-09-27 20:42:38,019 [d45f9132-b116-4478-a065-35e831f48866@group-A683F1095DD5:LeaderElection12] INFO  impl.RoleInfo (RoleInfo.java:updateAndGet(143)) - d45f9132-b116-4478-a065-35e831f48866: start FollowerState
2019-09-27 20:42:38,034 [167285a7-dc19-4412-9275-f91dae06b95e@group-A683F1095DD5:LeaderElection11] INFO  impl.LeaderElection (LeaderElection.java:logAndReturn(56)) - 167285a7-dc19-4412-9275-f91dae06b95e@group-A683F1095DD5:LeaderElection11: Election PASSED; received 2 response(s) [167285a7-dc19-4412-9275-f91dae06b95e<-d45f9132-b116-4478-a065-35e831f48866#0:FAIL-t1, 167285a7-dc19-4412-9275-f91dae06b95e<-f0d14e84-6427-4367-a20e-06d852f84116#0:OK-t1] and 0 exception(s); 167285a7-dc19-4412-9275-f91dae06b95e@group-A683F1095DD5:t1, leader=null, voted=167285a7-dc19-4412-9275-f91dae06b95e, raftlog=167285a7-dc19-4412-9275-f91dae06b95e@group-A683F1095DD5-SegmentedRaftLog:OPENED:c-1,f-1,i0, conf=-1: [167285a7-dc19-4412-9275-f91dae06b95e:192.168.164.218:35199, d45f9132-b116-4478-a065-35e831f48866:192.168.164.218:44351, f0d14e84-6427-4367-a20e-06d852f84116:192.168.164.218:44850], old=null
2019-09-27 20:42:38,036 [167285a7-dc19-4412-9275-f91dae06b95e@group-A683F1095DD5:LeaderElection11] INFO  impl.RoleInfo (RoleInfo.java:shutdownLeaderElection(134)) - 167285a7-dc19-4412-9275-f91dae06b95e: shutdown LeaderElection
2019-09-27 20:42:38,036 [167285a7-dc19-4412-9275-f91dae06b95e@group-A683F1095DD5:LeaderElection11] INFO  impl.RaftServerImpl (RaftServerImpl.java:setRole(174)) - 167285a7-dc19-4412-9275-f91dae06b95e@group-A683F1095DD5: changes role from CANDIDATE to LEADER at term 1 for changeToLeader
2019-09-27 20:42:38,036 [167285a7-dc19-4412-9275-f91dae06b95e@group-A683F1095DD5:LeaderElection11] INFO  impl.RaftServerImpl (ServerState.java:setLeader(253)) - 167285a7-dc19-4412-9275-f91dae06b95e@group-A683F1095DD5: change Leader from null to 167285a7-dc19-4412-9275-f91dae06b95e at term 1 for becomeLeader, leader elected after 5191ms
2019-09-27 20:42:38,036 [167285a7-dc19-4412-9275-f91dae06b95e@group-A683F1095DD5:LeaderElection11] INFO  server.RaftServerConfigKeys (ConfUtils.java:logGet(43)) - raft.server.staging.catchup.gap = 1000 (default)
2019-09-27 20:42:38,036 [167285a7-dc19-4412-9275-f91dae06b95e@group-A683F1095DD5:LeaderElection11] INFO  server.RaftServerConfigKeys (ConfUtils.java:logGet(43)) - raft.server.rpc.sleep.time = 25ms (default)
2019-09-27 20:42:38,036 [167285a7-dc19-4412-9275-f91dae06b95e@group-A683F1095DD5:LeaderElection11] INFO  server.RaftServerConfigKeys (ConfUtils.java:logGet(43)) - raft.server.write.element-limit = 4096 (default)
2019-09-27 20:42:38,037 [167285a7-dc19-4412-9275-f91dae06b95e@group-A683F1095DD5:LeaderElection11] INFO  server.RaftServerConfigKeys (ConfUtils.java:logGet(43)) - raft.server.watch.timeout = 10s (default)
2019-09-27 20:42:38,037 [167285a7-dc19-4412-9275-f91dae06b95e@group-A683F1095DD5:LeaderElection11] INFO  server.RaftServerConfigKeys (ConfUtils.java:logGet(43)) - raft.server.watch.timeout.denomination = 1s (default)
2019-09-27 20:42:38,037 [167285a7-dc19-4412-9275-f91dae06b95e@group-A683F1095DD5:LeaderElection11] INFO  server.RaftServerConfigKeys (ConfUtils.java:logGet(43)) - raft.server.watch.element-limit = 65536 (default)
2019-09-27 20:42:38,040 [167285a7-dc19-4412-9275-f91dae06b95e@group-A683F1095DD5:LeaderElection11] INFO  server.RaftServerConfigKeys (ConfUtils.java:logGet(43)) - raft.server.log.appender.snapshot.chunk.size.max = 16MB (=16777216) (default)
2019-09-27 20:42:38,041 [167285a7-dc19-4412-9275-f91dae06b95e@group-A683F1095DD5:LeaderElection11] INFO  server.RaftServerConfigKeys (ConfUtils.java:logGet(43)) - raft.server.log.appender.buffer.byte-limit = 33554432 (custom)
2019-09-27 20:42:38,041 [167285a7-dc19-4412-9275-f91dae06b95e@group-A683F1095DD5:LeaderElection11] INFO  server.RaftServerConfigKeys (ConfUtils.java:logGet(43)) - raft.server.log.appender.buffer.element-limit = 1 (custom)
2019-09-27 20:42:38,044 [167285a7-dc19-4412-9275-f91dae06b95e@group-A683F1095DD5:LeaderElection11] INFO  grpc.GrpcConfigKeys$Server (ConfUtils.java:logGet(43)) - raft.grpc.server.leader.outstanding.appends.max = 128 (default)
2019-09-27 20:42:38,050 [167285a7-dc19-4412-9275-f91dae06b95e@group-A683F1095DD5:LeaderElection11] INFO  server.RaftServerConfigKeys (ConfUtils.java:logGet(43)) - raft.server.rpc.request.timeout = 3000ms (default)
2019-09-27 20:42:38,051 [167285a7-dc19-4412-9275-f91dae06b95e@group-A683F1095DD5:LeaderElection11] INFO  server.RaftServerConfigKeys (ConfUtils.java:logGet(43)) - raft.server.log.appender.install.snapshot.enabled = false (custom)
2019-09-27 20:42:38,051 [f0d14e84-6427-4367-a20e-06d852f84116@group-A683F1095DD5:LeaderElection13] INFO  impl.LeaderElection (LeaderElection.java:askForVotes(182)) - f0d14e84-6427-4367-a20e-06d852f84116@group-A683F1095DD5:LeaderElection13: begin an election at term 2 for -1: [167285a7-dc19-4412-9275-f91dae06b95e:192.168.164.218:35199, d45f9132-b116-4478-a065-35e831f48866:192.168.164.218:44351, f0d14e84-6427-4367-a20e-06d852f84116:192.168.164.218:44850], old=null
2019-09-27 20:42:38,053 [f0d14e84-6427-4367-a20e-06d852f84116@group-A683F1095DD5:LeaderElection13] INFO  impl.LeaderElection (LeaderElection.java:logAndReturn(56)) - f0d14e84-6427-4367-a20e-06d852f84116@group-A683F1095DD5:LeaderElection13: Election REJECTED; received 0 response(s) [] and 0 exception(s); f0d14e84-6427-4367-a20e-06d852f84116@group-A683F1095DD5:t2, leader=null, voted=f0d14e84-6427-4367-a20e-06d852f84116, raftlog=f0d14e84-6427-4367-a20e-06d852f84116@group-A683F1095DD5-SegmentedRaftLog:OPENED:c-1,f-1,i0, conf=-1: [167285a7-dc19-4412-9275-f91dae06b95e:192.168.164.218:35199, d45f9132-b116-4478-a065-35e831f48866:192.168.164.218:44351, f0d14e84-6427-4367-a20e-06d852f84116:192.168.164.218:44850], old=null
2019-09-27 20:42:38,053 [167285a7-dc19-4412-9275-f91dae06b95e@group-A683F1095DD5:LeaderElection11] INFO  server.RaftServerConfigKeys (ConfUtils.java:logGet(43)) - raft.server.log.appender.snapshot.chunk.size.max = 16MB (=16777216) (default)
2019-09-27 20:42:38,053 [167285a7-dc19-4412-9275-f91dae06b95e@group-A683F1095DD5:LeaderElection11] INFO  server.RaftServerConfigKeys (ConfUtils.java:logGet(43)) - raft.server.log.appender.buffer.byte-limit = 33554432 (custom)
2019-09-27 20:42:38,053 [167285a7-dc19-4412-9275-f91dae06b95e@group-A683F1095DD5:LeaderElection11] INFO  server.RaftServerConfigKeys (ConfUtils.java:logGet(43)) - raft.server.log.appender.buffer.element-limit = 1 (custom)
2019-09-27 20:42:38,056 [167285a7-dc19-4412-9275-f91dae06b95e@group-A683F1095DD5:LeaderElection11] INFO  grpc.GrpcConfigKeys$Server (ConfUtils.java:logGet(43)) - raft.grpc.server.leader.outstanding.appends.max = 128 (default)
2019-09-27 20:42:38,056 [167285a7-dc19-4412-9275-f91dae06b95e@group-A683F1095DD5:LeaderElection11] INFO  server.RaftServerConfigKeys (ConfUtils.java:logGet(43)) - raft.server.rpc.request.timeout = 3000ms (default)
2019-09-27 20:42:38,056 [167285a7-dc19-4412-9275-f91dae06b95e@group-A683F1095DD5:LeaderElection11] INFO  server.RaftServerConfigKeys (ConfUtils.java:logGet(43)) - raft.server.log.appender.install.snapshot.enabled = false (custom)
2019-09-27 20:42:38,058 [167285a7-dc19-4412-9275-f91dae06b95e@group-A683F1095DD5:LeaderElection11] INFO  impl.RoleInfo (RoleInfo.java:updateAndGet(143)) - 167285a7-dc19-4412-9275-f91dae06b95e: start LeaderState
2019-09-27 20:42:38,058 [167285a7-dc19-4412-9275-f91dae06b95e@group-A683F1095DD5:LeaderElection11] INFO  segmented.SegmentedRaftLogWorker (SegmentedRaftLogWorker.java:startLogSegment(380)) - 167285a7-dc19-4412-9275-f91dae06b95e@group-A683F1095DD5-SegmentedRaftLogWorker: Starting segment from index:0
2019-09-27 20:42:38,059 [167285a7-dc19-4412-9275-f91dae06b95e@group-A683F1095DD5:LeaderElection11] INFO  impl.RaftServerImpl (ServerState.java:setRaftConf(354)) - 167285a7-dc19-4412-9275-f91dae06b95e@group-A683F1095DD5: set configuration 0: [167285a7-dc19-4412-9275-f91dae06b95e:192.168.164.218:35199, d45f9132-b116-4478-a065-35e831f48866:192.168.164.218:44351, f0d14e84-6427-4367-a20e-06d852f84116:192.168.164.218:44850], old=null at 0
2019-09-27 20:42:38,085 [grpc-default-executor-2] INFO  impl.RaftServerImpl (RaftServerImpl.java:setRole(174)) - d45f9132-b116-4478-a065-35e831f48866@group-A683F1095DD5: changes role from  FOLLOWER to FOLLOWER at term 2 for recognizeCandidate:f0d14e84-6427-4367-a20e-06d852f84116
2019-09-27 20:42:38,085 [grpc-default-executor-4] INFO  impl.RaftServerImpl (ServerState.java:setLeader(253)) - 167285a7-dc19-4412-9275-f91dae06b95e@group-A683F1095DD5: change Leader from 167285a7-dc19-4412-9275-f91dae06b95e to null at term 2 for updateCurrentTerm
2019-09-27 20:42:38,088 [grpc-default-executor-2] INFO  impl.RoleInfo (RoleInfo.java:shutdownFollowerState(121)) - d45f9132-b116-4478-a065-35e831f48866: shutdown FollowerState
2019-09-27 20:42:38,088 [grpc-default-executor-4] INFO  impl.RaftServerImpl (RaftServerImpl.java:setRole(174)) - 167285a7-dc19-4412-9275-f91dae06b95e@group-A683F1095DD5: changes role from    LEADER to FOLLOWER at term 2 for recognizeCandidate:f0d14e84-6427-4367-a20e-06d852f84116
2019-09-27 20:42:38,089 [grpc-default-executor-2] INFO  impl.RoleInfo (RoleInfo.java:updateAndGet(143)) - d45f9132-b116-4478-a065-35e831f48866: start FollowerState
2019-09-27 20:42:38,089 [Thread-326] INFO  impl.FollowerState (FollowerState.java:run(115)) - d45f9132-b116-4478-a065-35e831f48866: FollowerState was interrupted: java.lang.InterruptedException: sleep interrupted
2019-09-27 20:42:38,089 [grpc-default-executor-4] INFO  impl.RoleInfo (RoleInfo.java:shutdownLeaderState(104)) - 167285a7-dc19-4412-9275-f91dae06b95e: shutdown LeaderState
2019-09-27 20:42:38,094 [grpc-default-executor-4] INFO  impl.PendingRequests (PendingRequests.java:sendNotLeaderResponses(202)) - 167285a7-dc19-4412-9275-f91dae06b95e-PendingRequests: sendNotLeaderResponses
2019-09-27 20:42:38,096 [grpc-default-executor-4] INFO  impl.RoleInfo (RoleInfo.java:updateAndGet(143)) - 167285a7-dc19-4412-9275-f91dae06b95e: start FollowerState
2019-09-27 20:42:38,098 [org.apache.ratis.server.impl.LogAppender$AppenderDaemon$$Lambda$513/853911070@7fff6a2a] WARN  server.GrpcLogAppender (GrpcLogAppender.java:mayWait(143)) - 167285a7-dc19-4412-9275-f91dae06b95e@group-A683F1095DD5->f0d14e84-6427-4367-a20e-06d852f84116-GrpcLogAppender: Wait interrupted by java.lang.InterruptedException
2019-09-27 20:42:38,099 [167285a7-dc19-4412-9275-f91dae06b95e@group-A683F1095DD5-SegmentedRaftLogWorker] INFO  segmented.SegmentedRaftLogWorker (SegmentedRaftLogWorker.java:execute(569)) - 167285a7-dc19-4412-9275-f91dae06b95e@group-A683F1095DD5-SegmentedRaftLogWorker: created new log segment /workdir/hadoop-ozone/integration-test/target/test-dir/MiniOzoneClusterImpl-11934f51-33c7-4b40-8364-b20e4e673bd3/datanode-0/data/ratis/03b060da-d889-476f-8521-a683f1095dd5/current/log_inprogress_0
2019-09-27 20:42:38,098 [org.apache.ratis.server.impl.LogAppender$AppenderDaemon$$Lambda$513/853911070@4268c3f4] WARN  server.GrpcLogAppender (GrpcLogAppender.java:mayWait(143)) - 167285a7-dc19-4412-9275-f91dae06b95e@group-A683F1095DD5->d45f9132-b116-4478-a065-35e831f48866-GrpcLogAppender: Wait interrupted by java.lang.InterruptedException
2019-09-27 20:42:38,123 [grpc-default-executor-8] INFO  server.GrpcServerProtocolService (GrpcServerProtocolService.java:onCompleted(113)) - f0d14e84-6427-4367-a20e-06d852f84116: Completed APPEND_ENTRIES, lastRequest: null
2019-09-27 20:42:38,123 [grpc-default-executor-2] INFO  server.GrpcServerProtocolService (GrpcServerProtocolService.java:onCompleted(113)) - d45f9132-b116-4478-a065-35e831f48866: Completed APPEND_ENTRIES, lastRequest: null
2019-09-27 20:42:38,126 [grpc-default-executor-2] INFO  server.GrpcLogAppender (GrpcLogAppender.java:onCompleted(293)) - 167285a7-dc19-4412-9275-f91dae06b95e@group-A683F1095DD5->f0d14e84-6427-4367-a20e-06d852f84116-AppendLogResponseHandler: follower responses appendEntries COMPLETED
2019-09-27 20:42:38,129 [grpc-default-executor-8] INFO  server.GrpcLogAppender (GrpcLogAppender.java:onCompleted(293)) - 167285a7-dc19-4412-9275-f91dae06b95e@group-A683F1095DD5->d45f9132-b116-4478-a065-35e831f48866-AppendLogResponseHandler: follower responses appendEntries COMPLETED
2019-09-27 20:42:38,130 [grpc-default-executor-2] INFO  impl.FollowerInfo (FollowerInfo.java:lambda$new$0(51)) - 167285a7-dc19-4412-9275-f91dae06b95e@group-A683F1095DD5->f0d14e84-6427-4367-a20e-06d852f84116: nextIndex: updateUnconditionally 0 -> 0
2019-09-27 20:42:38,130 [grpc-default-executor-8] INFO  impl.FollowerInfo (FollowerInfo.java:lambda$new$0(51)) - 167285a7-dc19-4412-9275-f91dae06b95e@group-A683F1095DD5->d45f9132-b116-4478-a065-35e831f48866: nextIndex: updateUnconditionally 0 -> 0
2019-09-27 20:42:43,046 [Thread-324] INFO  impl.FollowerState (FollowerState.java:run(106)) - ba470b33-2419-4e6b-bad2-3db85df885d1:group-07270A82450E changes to CANDIDATE, lastRpcTime:5053, electionTimeout:5047ms
2019-09-27 20:42:43,047 [Thread-324] INFO  impl.RoleInfo (RoleInfo.java:shutdownFollowerState(121)) - ba470b33-2419-4e6b-bad2-3db85df885d1: shutdown FollowerState
2019-09-27 20:42:43,047 [Thread-324] INFO  impl.RaftServerImpl (RaftServerImpl.java:setRole(174)) - ba470b33-2419-4e6b-bad2-3db85df885d1@group-07270A82450E: changes role from  FOLLOWER to CANDIDATE at term 1 for changeToCandidate
2019-09-27 20:42:43,047 [Thread-324] INFO  impl.RoleInfo (RoleInfo.java:updateAndGet(143)) - ba470b33-2419-4e6b-bad2-3db85df885d1: start LeaderElection
2019-09-27 20:42:43,053 [Thread-321] INFO  impl.FollowerState (FollowerState.java:run(106)) - 0f772086-bee3-40e7-9d20-032999a6f1f0:group-07270A82450E changes to CANDIDATE, lastRpcTime:5067, electionTimeout:5064ms
2019-09-27 20:42:43,053 [Thread-321] INFO  impl.RoleInfo (RoleInfo.java:shutdownFollowerState(121)) - 0f772086-bee3-40e7-9d20-032999a6f1f0: shutdown FollowerState
2019-09-27 20:42:43,054 [Thread-321] INFO  impl.RaftServerImpl (RaftServerImpl.java:setRole(174)) - 0f772086-bee3-40e7-9d20-032999a6f1f0@group-07270A82450E: changes role from  FOLLOWER to CANDIDATE at term 1 for changeToCandidate
2019-09-27 20:42:43,054 [Thread-321] INFO  impl.RoleInfo (RoleInfo.java:updateAndGet(143)) - 0f772086-bee3-40e7-9d20-032999a6f1f0: start LeaderElection
2019-09-27 20:42:43,114 [Thread-323] INFO  impl.FollowerState (FollowerState.java:run(106)) - e617973b-1000-4dcd-bf03-204f72a3580d:group-07270A82450E changes to CANDIDATE, lastRpcTime:5124, electionTimeout:5104ms
2019-09-27 20:42:43,114 [Thread-323] INFO  impl.RoleInfo (RoleInfo.java:shutdownFollowerState(121)) - e617973b-1000-4dcd-bf03-204f72a3580d: shutdown FollowerState
2019-09-27 20:42:43,114 [Thread-323] INFO  impl.RaftServerImpl (RaftServerImpl.java:setRole(174)) - e617973b-1000-4dcd-bf03-204f72a3580d@group-07270A82450E: changes role from  FOLLOWER to CANDIDATE at term 1 for changeToCandidate
2019-09-27 20:42:43,115 [Thread-323] INFO  impl.RoleInfo (RoleInfo.java:updateAndGet(143)) - e617973b-1000-4dcd-bf03-204f72a3580d: start LeaderElection
2019-09-27 20:42:43,157 [Thread-325] INFO  impl.FollowerState (FollowerState.java:run(106)) - f0d14e84-6427-4367-a20e-06d852f84116:group-A683F1095DD5 changes to CANDIDATE, lastRpcTime:5141, electionTimeout:5140ms
2019-09-27 20:42:43,158 [Thread-325] INFO  impl.RoleInfo (RoleInfo.java:shutdownFollowerState(121)) - f0d14e84-6427-4367-a20e-06d852f84116: shutdown FollowerState
2019-09-27 20:42:43,158 [Thread-325] INFO  impl.RaftServerImpl (RaftServerImpl.java:setRole(174)) - f0d14e84-6427-4367-a20e-06d852f84116@group-A683F1095DD5: changes role from  FOLLOWER to CANDIDATE at term 2 for changeToCandidate
2019-09-27 20:42:43,158 [Thread-325] INFO  impl.RoleInfo (RoleInfo.java:updateAndGet(143)) - f0d14e84-6427-4367-a20e-06d852f84116: start LeaderElection
2019-09-27 20:42:43,170 [e617973b-1000-4dcd-bf03-204f72a3580d@group-07270A82450E:LeaderElection16] INFO  impl.LeaderElection (LeaderElection.java:askForVotes(182)) - e617973b-1000-4dcd-bf03-204f72a3580d@group-07270A82450E:LeaderElection16: begin an election at term 2 for -1: [e617973b-1000-4dcd-bf03-204f72a3580d:192.168.164.218:38159, ba470b33-2419-4e6b-bad2-3db85df885d1:192.168.164.218:36774, 0f772086-bee3-40e7-9d20-032999a6f1f0:192.168.164.218:42451], old=null
2019-09-27 20:42:43,170 [0f772086-bee3-40e7-9d20-032999a6f1f0@group-07270A82450E:LeaderElection15] INFO  impl.LeaderElection (LeaderElection.java:askForVotes(182)) - 0f772086-bee3-40e7-9d20-032999a6f1f0@group-07270A82450E:LeaderElection15: begin an election at term 2 for -1: [e617973b-1000-4dcd-bf03-204f72a3580d:192.168.164.218:38159, ba470b33-2419-4e6b-bad2-3db85df885d1:192.168.164.218:36774, 0f772086-bee3-40e7-9d20-032999a6f1f0:192.168.164.218:42451], old=null
2019-09-27 20:42:43,170 [ba470b33-2419-4e6b-bad2-3db85df885d1@group-07270A82450E:LeaderElection14] INFO  impl.LeaderElection (LeaderElection.java:askForVotes(182)) - ba470b33-2419-4e6b-bad2-3db85df885d1@group-07270A82450E:LeaderElection14: begin an election at term 2 for -1: [e617973b-1000-4dcd-bf03-204f72a3580d:192.168.164.218:38159, ba470b33-2419-4e6b-bad2-3db85df885d1:192.168.164.218:36774, 0f772086-bee3-40e7-9d20-032999a6f1f0:192.168.164.218:42451], old=null
2019-09-27 20:42:43,188 [ba470b33-2419-4e6b-bad2-3db85df885d1@group-07270A82450E:LeaderElection14] INFO  impl.LeaderElection (LeaderElection.java:logAndReturn(56)) - ba470b33-2419-4e6b-bad2-3db85df885d1@group-07270A82450E:LeaderElection14: Election REJECTED; received 2 response(s) [ba470b33-2419-4e6b-bad2-3db85df885d1<-e617973b-1000-4dcd-bf03-204f72a3580d#0:FAIL-t2, ba470b33-2419-4e6b-bad2-3db85df885d1<-0f772086-bee3-40e7-9d20-032999a6f1f0#0:FAIL-t2] and 0 exception(s); ba470b33-2419-4e6b-bad2-3db85df885d1@group-07270A82450E:t2, leader=null, voted=ba470b33-2419-4e6b-bad2-3db85df885d1, raftlog=ba470b33-2419-4e6b-bad2-3db85df885d1@group-07270A82450E-SegmentedRaftLog:OPENED:c-1,f-1,i0, conf=-1: [e617973b-1000-4dcd-bf03-204f72a3580d:192.168.164.218:38159, ba470b33-2419-4e6b-bad2-3db85df885d1:192.168.164.218:36774, 0f772086-bee3-40e7-9d20-032999a6f1f0:192.168.164.218:42451], old=null
2019-09-27 20:42:43,188 [ba470b33-2419-4e6b-bad2-3db85df885d1@group-07270A82450E:LeaderElection14] INFO  impl.RaftServerImpl (RaftServerImpl.java:setRole(174)) - ba470b33-2419-4e6b-bad2-3db85df885d1@group-07270A82450E: changes role from CANDIDATE to FOLLOWER at term 2 for DISCOVERED_A_NEW_TERM
2019-09-27 20:42:43,190 [ba470b33-2419-4e6b-bad2-3db85df885d1@group-07270A82450E:LeaderElection14] INFO  impl.RoleInfo (RoleInfo.java:shutdownLeaderElection(134)) - ba470b33-2419-4e6b-bad2-3db85df885d1: shutdown LeaderElection
2019-09-27 20:42:43,190 [ba470b33-2419-4e6b-bad2-3db85df885d1@group-07270A82450E:LeaderElection14] INFO  impl.RoleInfo (RoleInfo.java:updateAndGet(143)) - ba470b33-2419-4e6b-bad2-3db85df885d1: start FollowerState
2019-09-27 20:42:43,192 [e617973b-1000-4dcd-bf03-204f72a3580d@group-07270A82450E:LeaderElection16] INFO  impl.LeaderElection (LeaderElection.java:logAndReturn(56)) - e617973b-1000-4dcd-bf03-204f72a3580d@group-07270A82450E:LeaderElection16: Election REJECTED; received 2 response(s) [e617973b-1000-4dcd-bf03-204f72a3580d<-ba470b33-2419-4e6b-bad2-3db85df885d1#0:FAIL-t2, e617973b-1000-4dcd-bf03-204f72a3580d<-0f772086-bee3-40e7-9d20-032999a6f1f0#0:FAIL-t2] and 0 exception(s); e617973b-1000-4dcd-bf03-204f72a3580d@group-07270A82450E:t2, leader=null, voted=e617973b-1000-4dcd-bf03-204f72a3580d, raftlog=e617973b-1000-4dcd-bf03-204f72a3580d@group-07270A82450E-SegmentedRaftLog:OPENED:c-1,f-1,i0, conf=-1: [e617973b-1000-4dcd-bf03-204f72a3580d:192.168.164.218:38159, ba470b33-2419-4e6b-bad2-3db85df885d1:192.168.164.218:36774, 0f772086-bee3-40e7-9d20-032999a6f1f0:192.168.164.218:42451], old=null
2019-09-27 20:42:43,195 [e617973b-1000-4dcd-bf03-204f72a3580d@group-07270A82450E:LeaderElection16] INFO  impl.RaftServerImpl (RaftServerImpl.java:setRole(174)) - e617973b-1000-4dcd-bf03-204f72a3580d@group-07270A82450E: changes role from CANDIDATE to FOLLOWER at term 2 for DISCOVERED_A_NEW_TERM
2019-09-27 20:42:43,197 [e617973b-1000-4dcd-bf03-204f72a3580d@group-07270A82450E:LeaderElection16] INFO  impl.RoleInfo (RoleInfo.java:shutdownLeaderElection(134)) - e617973b-1000-4dcd-bf03-204f72a3580d: shutdown LeaderElection
2019-09-27 20:42:43,197 [0f772086-bee3-40e7-9d20-032999a6f1f0@group-07270A82450E:LeaderElection15] INFO  impl.LeaderElection (LeaderElection.java:logAndReturn(56)) - 0f772086-bee3-40e7-9d20-032999a6f1f0@group-07270A82450E:LeaderElection15: Election REJECTED; received 2 response(s) [0f772086-bee3-40e7-9d20-032999a6f1f0<-e617973b-1000-4dcd-bf03-204f72a3580d#0:FAIL-t2, 0f772086-bee3-40e7-9d20-032999a6f1f0<-ba470b33-2419-4e6b-bad2-3db85df885d1#0:FAIL-t2] and 0 exception(s); 0f772086-bee3-40e7-9d20-032999a6f1f0@group-07270A82450E:t2, leader=null, voted=0f772086-bee3-40e7-9d20-032999a6f1f0, raftlog=0f772086-bee3-40e7-9d20-032999a6f1f0@group-07270A82450E-SegmentedRaftLog:OPENED:c-1,f-1,i0, conf=-1: [e617973b-1000-4dcd-bf03-204f72a3580d:192.168.164.218:38159, ba470b33-2419-4e6b-bad2-3db85df885d1:192.168.164.218:36774, 0f772086-bee3-40e7-9d20-032999a6f1f0:192.168.164.218:42451], old=null
2019-09-27 20:42:43,197 [e617973b-1000-4dcd-bf03-204f72a3580d@group-07270A82450E:LeaderElection16] INFO  impl.RoleInfo (RoleInfo.java:updateAndGet(143)) - e617973b-1000-4dcd-bf03-204f72a3580d: start FollowerState
2019-09-27 20:42:43,199 [0f772086-bee3-40e7-9d20-032999a6f1f0@group-07270A82450E:LeaderElection15] INFO  impl.RaftServerImpl (RaftServerImpl.java:setRole(174)) - 0f772086-bee3-40e7-9d20-032999a6f1f0@group-07270A82450E: changes role from CANDIDATE to FOLLOWER at term 2 for DISCOVERED_A_NEW_TERM
2019-09-27 20:42:43,204 [0f772086-bee3-40e7-9d20-032999a6f1f0@group-07270A82450E:LeaderElection15] INFO  impl.RoleInfo (RoleInfo.java:shutdownLeaderElection(134)) - 0f772086-bee3-40e7-9d20-032999a6f1f0: shutdown LeaderElection
2019-09-27 20:42:43,204 [0f772086-bee3-40e7-9d20-032999a6f1f0@group-07270A82450E:LeaderElection15] INFO  impl.RoleInfo (RoleInfo.java:updateAndGet(143)) - 0f772086-bee3-40e7-9d20-032999a6f1f0: start FollowerState
2019-09-27 20:42:43,243 [Thread-334] INFO  impl.FollowerState (FollowerState.java:run(106)) - 167285a7-dc19-4412-9275-f91dae06b95e:group-A683F1095DD5 changes to CANDIDATE, lastRpcTime:5146, electionTimeout:5145ms
2019-09-27 20:42:43,243 [Thread-334] INFO  impl.RoleInfo (RoleInfo.java:shutdownFollowerState(121)) - 167285a7-dc19-4412-9275-f91dae06b95e: shutdown FollowerState
2019-09-27 20:42:43,243 [Thread-334] INFO  impl.RaftServerImpl (RaftServerImpl.java:setRole(174)) - 167285a7-dc19-4412-9275-f91dae06b95e@group-A683F1095DD5: changes role from  FOLLOWER to CANDIDATE at term 2 for changeToCandidate
2019-09-27 20:42:43,243 [Thread-334] INFO  impl.RoleInfo (RoleInfo.java:updateAndGet(143)) - 167285a7-dc19-4412-9275-f91dae06b95e: start LeaderElection
2019-09-27 20:42:43,257 [Thread-333] INFO  impl.FollowerState (FollowerState.java:run(106)) - d45f9132-b116-4478-a065-35e831f48866:group-A683F1095DD5 changes to CANDIDATE, lastRpcTime:5168, electionTimeout:5167ms
2019-09-27 20:42:43,258 [Thread-333] INFO  impl.RoleInfo (RoleInfo.java:shutdownFollowerState(121)) - d45f9132-b116-4478-a065-35e831f48866: shutdown FollowerState
2019-09-27 20:42:43,258 [Thread-333] INFO  impl.RaftServerImpl (RaftServerImpl.java:setRole(174)) - d45f9132-b116-4478-a065-35e831f48866@group-A683F1095DD5: changes role from  FOLLOWER to CANDIDATE at term 2 for changeToCandidate
2019-09-27 20:42:43,258 [Thread-333] INFO  impl.RoleInfo (RoleInfo.java:updateAndGet(143)) - d45f9132-b116-4478-a065-35e831f48866: start LeaderElection
2019-09-27 20:42:43,331 [f0d14e84-6427-4367-a20e-06d852f84116@group-A683F1095DD5:LeaderElection17] INFO  impl.LeaderElection (LeaderElection.java:askForVotes(182)) - f0d14e84-6427-4367-a20e-06d852f84116@group-A683F1095DD5:LeaderElection17: begin an election at term 3 for -1: [167285a7-dc19-4412-9275-f91dae06b95e:192.168.164.218:35199, d45f9132-b116-4478-a065-35e831f48866:192.168.164.218:44351, f0d14e84-6427-4367-a20e-06d852f84116:192.168.164.218:44850], old=null
2019-09-27 20:42:43,331 [167285a7-dc19-4412-9275-f91dae06b95e@group-A683F1095DD5:LeaderElection18] INFO  impl.LeaderElection (LeaderElection.java:askForVotes(182)) - 167285a7-dc19-4412-9275-f91dae06b95e@group-A683F1095DD5:LeaderElection18: begin an election at term 3 for 0: [167285a7-dc19-4412-9275-f91dae06b95e:192.168.164.218:35199, d45f9132-b116-4478-a065-35e831f48866:192.168.164.218:44351, f0d14e84-6427-4367-a20e-06d852f84116:192.168.164.218:44850], old=null
2019-09-27 20:42:43,331 [d45f9132-b116-4478-a065-35e831f48866@group-A683F1095DD5:LeaderElection19] INFO  impl.LeaderElection (LeaderElection.java:askForVotes(182)) - d45f9132-b116-4478-a065-35e831f48866@group-A683F1095DD5:LeaderElection19: begin an election at term 3 for -1: [167285a7-dc19-4412-9275-f91dae06b95e:192.168.164.218:35199, d45f9132-b116-4478-a065-35e831f48866:192.168.164.218:44351, f0d14e84-6427-4367-a20e-06d852f84116:192.168.164.218:44850], old=null
2019-09-27 20:42:43,357 [d45f9132-b116-4478-a065-35e831f48866@group-A683F1095DD5:LeaderElection19] INFO  impl.LeaderElection (LeaderElection.java:logAndReturn(56)) - d45f9132-b116-4478-a065-35e831f48866@group-A683F1095DD5:LeaderElection19: Election REJECTED; received 2 response(s) [d45f9132-b116-4478-a065-35e831f48866<-167285a7-dc19-4412-9275-f91dae06b95e#0:FAIL-t3, d45f9132-b116-4478-a065-35e831f48866<-f0d14e84-6427-4367-a20e-06d852f84116#0:FAIL-t3] and 0 exception(s); d45f9132-b116-4478-a065-35e831f48866@group-A683F1095DD5:t3, leader=null, voted=d45f9132-b116-4478-a065-35e831f48866, raftlog=d45f9132-b116-4478-a065-35e831f48866@group-A683F1095DD5-SegmentedRaftLog:OPENED:c-1,f-1,i0, conf=-1: [167285a7-dc19-4412-9275-f91dae06b95e:192.168.164.218:35199, d45f9132-b116-4478-a065-35e831f48866:192.168.164.218:44351, f0d14e84-6427-4367-a20e-06d852f84116:192.168.164.218:44850], old=null
2019-09-27 20:42:43,358 [d45f9132-b116-4478-a065-35e831f48866@group-A683F1095DD5:LeaderElection19] INFO  impl.RaftServerImpl (RaftServerImpl.java:setRole(174)) - d45f9132-b116-4478-a065-35e831f48866@group-A683F1095DD5: changes role from CANDIDATE to FOLLOWER at term 3 for DISCOVERED_A_NEW_TERM
2019-09-27 20:42:43,365 [d45f9132-b116-4478-a065-35e831f48866@group-A683F1095DD5:LeaderElection19] INFO  impl.RoleInfo (RoleInfo.java:shutdownLeaderElection(134)) - d45f9132-b116-4478-a065-35e831f48866: shutdown LeaderElection
2019-09-27 20:42:43,365 [d45f9132-b116-4478-a065-35e831f48866@group-A683F1095DD5:LeaderElection19] INFO  impl.RoleInfo (RoleInfo.java:updateAndGet(143)) - d45f9132-b116-4478-a065-35e831f48866: start FollowerState
2019-09-27 20:42:43,366 [f0d14e84-6427-4367-a20e-06d852f84116@group-A683F1095DD5:LeaderElection17] INFO  impl.LeaderElection (LeaderElection.java:logAndReturn(56)) - f0d14e84-6427-4367-a20e-06d852f84116@group-A683F1095DD5:LeaderElection17: Election REJECTED; received 2 response(s) [f0d14e84-6427-4367-a20e-06d852f84116<-167285a7-dc19-4412-9275-f91dae06b95e#0:FAIL-t3, f0d14e84-6427-4367-a20e-06d852f84116<-d45f9132-b116-4478-a065-35e831f48866#0:FAIL-t3] and 0 exception(s); f0d14e84-6427-4367-a20e-06d852f84116@group-A683F1095DD5:t3, leader=null, voted=f0d14e84-6427-4367-a20e-06d852f84116, raftlog=f0d14e84-6427-4367-a20e-06d852f84116@group-A683F1095DD5-SegmentedRaftLog:OPENED:c-1,f-1,i0, conf=-1: [167285a7-dc19-4412-9275-f91dae06b95e:192.168.164.218:35199, d45f9132-b116-4478-a065-35e831f48866:192.168.164.218:44351, f0d14e84-6427-4367-a20e-06d852f84116:192.168.164.218:44850], old=null
2019-09-27 20:42:43,368 [f0d14e84-6427-4367-a20e-06d852f84116@group-A683F1095DD5:LeaderElection17] INFO  impl.RaftServerImpl (RaftServerImpl.java:setRole(174)) - f0d14e84-6427-4367-a20e-06d852f84116@group-A683F1095DD5: changes role from CANDIDATE to FOLLOWER at term 3 for DISCOVERED_A_NEW_TERM
2019-09-27 20:42:43,368 [f0d14e84-6427-4367-a20e-06d852f84116@group-A683F1095DD5:LeaderElection17] INFO  impl.RoleInfo (RoleInfo.java:shutdownLeaderElection(134)) - f0d14e84-6427-4367-a20e-06d852f84116: shutdown LeaderElection
2019-09-27 20:42:43,368 [f0d14e84-6427-4367-a20e-06d852f84116@group-A683F1095DD5:LeaderElection17] INFO  impl.RoleInfo (RoleInfo.java:updateAndGet(143)) - f0d14e84-6427-4367-a20e-06d852f84116: start FollowerState
2019-09-27 20:42:43,373 [167285a7-dc19-4412-9275-f91dae06b95e@group-A683F1095DD5:LeaderElection18] INFO  impl.LeaderElection (LeaderElection.java:logAndReturn(56)) - 167285a7-dc19-4412-9275-f91dae06b95e@group-A683F1095DD5:LeaderElection18: Election REJECTED; received 2 response(s) [167285a7-dc19-4412-9275-f91dae06b95e<-d45f9132-b116-4478-a065-35e831f48866#0:FAIL-t3, 167285a7-dc19-4412-9275-f91dae06b95e<-f0d14e84-6427-4367-a20e-06d852f84116#0:FAIL-t3] and 0 exception(s); 167285a7-dc19-4412-9275-f91dae06b95e@group-A683F1095DD5:t3, leader=null, voted=167285a7-dc19-4412-9275-f91dae06b95e, raftlog=167285a7-dc19-4412-9275-f91dae06b95e@group-A683F1095DD5-SegmentedRaftLog:OPENED:c-1,f0,i0, conf=0: [167285a7-dc19-4412-9275-f91dae06b95e:192.168.164.218:35199, d45f9132-b116-4478-a065-35e831f48866:192.168.164.218:44351, f0d14e84-6427-4367-a20e-06d852f84116:192.168.164.218:44850], old=null
2019-09-27 20:42:43,375 [167285a7-dc19-4412-9275-f91dae06b95e@group-A683F1095DD5:LeaderElection18] INFO  impl.RaftServerImpl (RaftServerImpl.java:setRole(174)) - 167285a7-dc19-4412-9275-f91dae06b95e@group-A683F1095DD5: changes role from CANDIDATE to FOLLOWER at term 3 for DISCOVERED_A_NEW_TERM
2019-09-27 20:42:43,375 [167285a7-dc19-4412-9275-f91dae06b95e@group-A683F1095DD5:LeaderElection18] INFO  impl.RoleInfo (RoleInfo.java:shutdownLeaderElection(134)) - 167285a7-dc19-4412-9275-f91dae06b95e: shutdown LeaderElection
2019-09-27 20:42:43,375 [167285a7-dc19-4412-9275-f91dae06b95e@group-A683F1095DD5:LeaderElection18] INFO  impl.RoleInfo (RoleInfo.java:updateAndGet(143)) - 167285a7-dc19-4412-9275-f91dae06b95e: start FollowerState
2019-09-27 20:42:48,240 [Thread-355] INFO  impl.FollowerState (FollowerState.java:run(106)) - e617973b-1000-4dcd-bf03-204f72a3580d:group-07270A82450E changes to CANDIDATE, lastRpcTime:5043, electionTimeout:5036ms
2019-09-27 20:42:48,243 [Thread-355] INFO  impl.RoleInfo (RoleInfo.java:shutdownFollowerState(121)) - e617973b-1000-4dcd-bf03-204f72a3580d: shutdown FollowerState
2019-09-27 20:42:48,243 [Thread-355] INFO  impl.RaftServerImpl (RaftServerImpl.java:setRole(174)) - e617973b-1000-4dcd-bf03-204f72a3580d@group-07270A82450E: changes role from  FOLLOWER to CANDIDATE at term 2 for changeToCandidate
2019-09-27 20:42:48,243 [Thread-355] INFO  impl.RoleInfo (RoleInfo.java:updateAndGet(143)) - e617973b-1000-4dcd-bf03-204f72a3580d: start LeaderElection
2019-09-27 20:42:48,333 [Thread-356] INFO  impl.FollowerState (FollowerState.java:run(106)) - 0f772086-bee3-40e7-9d20-032999a6f1f0:group-07270A82450E changes to CANDIDATE, lastRpcTime:5128, electionTimeout:5127ms
2019-09-27 20:42:48,334 [Thread-356] INFO  impl.RoleInfo (RoleInfo.java:shutdownFollowerState(121)) - 0f772086-bee3-40e7-9d20-032999a6f1f0: shutdown FollowerState
2019-09-27 20:42:48,334 [Thread-356] INFO  impl.RaftServerImpl (RaftServerImpl.java:setRole(174)) - 0f772086-bee3-40e7-9d20-032999a6f1f0@group-07270A82450E: changes role from  FOLLOWER to CANDIDATE at term 2 for changeToCandidate
2019-09-27 20:42:48,334 [Thread-356] INFO  impl.RoleInfo (RoleInfo.java:updateAndGet(143)) - 0f772086-bee3-40e7-9d20-032999a6f1f0: start LeaderElection
2019-09-27 20:42:48,369 [Thread-354] INFO  impl.FollowerState (FollowerState.java:run(106)) - ba470b33-2419-4e6b-bad2-3db85df885d1:group-07270A82450E changes to CANDIDATE, lastRpcTime:5179, electionTimeout:5177ms
2019-09-27 20:42:48,369 [Thread-354] INFO  impl.RoleInfo (RoleInfo.java:shutdownFollowerState(121)) - ba470b33-2419-4e6b-bad2-3db85df885d1: shutdown FollowerState
2019-09-27 20:42:48,369 [Thread-354] INFO  impl.RaftServerImpl (RaftServerImpl.java:setRole(174)) - ba470b33-2419-4e6b-bad2-3db85df885d1@group-07270A82450E: changes role from  FOLLOWER to CANDIDATE at term 2 for changeToCandidate
2019-09-27 20:42:48,370 [Thread-354] INFO  impl.RoleInfo (RoleInfo.java:updateAndGet(143)) - ba470b33-2419-4e6b-bad2-3db85df885d1: start LeaderElection
2019-09-27 20:42:48,436 [Thread-367] INFO  impl.FollowerState (FollowerState.java:run(106)) - d45f9132-b116-4478-a065-35e831f48866:group-A683F1095DD5 changes to CANDIDATE, lastRpcTime:5070, electionTimeout:5070ms
2019-09-27 20:42:48,436 [Thread-367] INFO  impl.RoleInfo (RoleInfo.java:shutdownFollowerState(121)) - d45f9132-b116-4478-a065-35e831f48866: shutdown FollowerState
2019-09-27 20:42:48,436 [Thread-367] INFO  impl.RaftServerImpl (RaftServerImpl.java:setRole(174)) - d45f9132-b116-4478-a065-35e831f48866@group-A683F1095DD5: changes role from  FOLLOWER to CANDIDATE at term 3 for changeToCandidate
2019-09-27 20:42:48,436 [Thread-367] INFO  impl.RoleInfo (RoleInfo.java:updateAndGet(143)) - d45f9132-b116-4478-a065-35e831f48866: start LeaderElection
2019-09-27 20:42:48,463 [Thread-368] INFO  impl.FollowerState (FollowerState.java:run(106)) - f0d14e84-6427-4367-a20e-06d852f84116:group-A683F1095DD5 changes to CANDIDATE, lastRpcTime:5094, electionTimeout:5094ms
2019-09-27 20:42:48,463 [Thread-368] INFO  impl.RoleInfo (RoleInfo.java:shutdownFollowerState(121)) - f0d14e84-6427-4367-a20e-06d852f84116: shutdown FollowerState
2019-09-27 20:42:48,463 [Thread-368] INFO  impl.RaftServerImpl (RaftServerImpl.java:setRole(174)) - f0d14e84-6427-4367-a20e-06d852f84116@group-A683F1095DD5: changes role from  FOLLOWER to CANDIDATE at term 3 for changeToCandidate
2019-09-27 20:42:48,463 [Thread-368] INFO  impl.RoleInfo (RoleInfo.java:updateAndGet(143)) - f0d14e84-6427-4367-a20e-06d852f84116: start LeaderElection
2019-09-27 20:42:48,495 [Thread-369] INFO  impl.FollowerState (FollowerState.java:run(106)) - 167285a7-dc19-4412-9275-f91dae06b95e:group-A683F1095DD5 changes to CANDIDATE, lastRpcTime:5119, electionTimeout:5119ms
2019-09-27 20:42:48,495 [Thread-369] INFO  impl.RoleInfo (RoleInfo.java:shutdownFollowerState(121)) - 167285a7-dc19-4412-9275-f91dae06b95e: shutdown FollowerState
2019-09-27 20:42:48,495 [Thread-369] INFO  impl.RaftServerImpl (RaftServerImpl.java:setRole(174)) - 167285a7-dc19-4412-9275-f91dae06b95e@group-A683F1095DD5: changes role from  FOLLOWER to CANDIDATE at term 3 for changeToCandidate
2019-09-27 20:42:48,496 [Thread-369] INFO  impl.RoleInfo (RoleInfo.java:updateAndGet(143)) - 167285a7-dc19-4412-9275-f91dae06b95e: start LeaderElection
2019-09-27 20:42:49,434 [e617973b-1000-4dcd-bf03-204f72a3580d@group-07270A82450E:LeaderElection20] INFO  impl.LeaderElection (LeaderElection.java:askForVotes(182)) - e617973b-1000-4dcd-bf03-204f72a3580d@group-07270A82450E:LeaderElection20: begin an election at term 3 for -1: [e617973b-1000-4dcd-bf03-204f72a3580d:192.168.164.218:38159, ba470b33-2419-4e6b-bad2-3db85df885d1:192.168.164.218:36774, 0f772086-bee3-40e7-9d20-032999a6f1f0:192.168.164.218:42451], old=null
2019-09-27 20:42:49,872 [f0d14e84-6427-4367-a20e-06d852f84116@group-A683F1095DD5:LeaderElection24] INFO  impl.LeaderElection (LeaderElection.java:askForVotes(182)) - f0d14e84-6427-4367-a20e-06d852f84116@group-A683F1095DD5:LeaderElection24: begin an election at term 4 for -1: [167285a7-dc19-4412-9275-f91dae06b95e:192.168.164.218:35199, d45f9132-b116-4478-a065-35e831f48866:192.168.164.218:44351, f0d14e84-6427-4367-a20e-06d852f84116:192.168.164.218:44850], old=null
2019-09-27 20:42:49,872 [0f772086-bee3-40e7-9d20-032999a6f1f0@group-07270A82450E:LeaderElection21] INFO  impl.LeaderElection (LeaderElection.java:askForVotes(182)) - 0f772086-bee3-40e7-9d20-032999a6f1f0@group-07270A82450E:LeaderElection21: begin an election at term 3 for -1: [e617973b-1000-4dcd-bf03-204f72a3580d:192.168.164.218:38159, ba470b33-2419-4e6b-bad2-3db85df885d1:192.168.164.218:36774, 0f772086-bee3-40e7-9d20-032999a6f1f0:192.168.164.218:42451], old=null
2019-09-27 20:42:49,872 [d45f9132-b116-4478-a065-35e831f48866@group-A683F1095DD5:LeaderElection23] INFO  impl.LeaderElection (LeaderElection.java:askForVotes(182)) - d45f9132-b116-4478-a065-35e831f48866@group-A683F1095DD5:LeaderElection23: begin an election at term 4 for -1: [167285a7-dc19-4412-9275-f91dae06b95e:192.168.164.218:35199, d45f9132-b116-4478-a065-35e831f48866:192.168.164.218:44351, f0d14e84-6427-4367-a20e-06d852f84116:192.168.164.218:44850], old=null
2019-09-27 20:42:49,872 [167285a7-dc19-4412-9275-f91dae06b95e@group-A683F1095DD5:LeaderElection25] INFO  impl.LeaderElection (LeaderElection.java:askForVotes(182)) - 167285a7-dc19-4412-9275-f91dae06b95e@group-A683F1095DD5:LeaderElection25: begin an election at term 4 for 0: [167285a7-dc19-4412-9275-f91dae06b95e:192.168.164.218:35199, d45f9132-b116-4478-a065-35e831f48866:192.168.164.218:44351, f0d14e84-6427-4367-a20e-06d852f84116:192.168.164.218:44850], old=null
2019-09-27 20:42:49,872 [ba470b33-2419-4e6b-bad2-3db85df885d1@group-07270A82450E:LeaderElection22] INFO  impl.LeaderElection (LeaderElection.java:askForVotes(182)) - ba470b33-2419-4e6b-bad2-3db85df885d1@group-07270A82450E:LeaderElection22: begin an election at term 3 for -1: [e617973b-1000-4dcd-bf03-204f72a3580d:192.168.164.218:38159, ba470b33-2419-4e6b-bad2-3db85df885d1:192.168.164.218:36774, 0f772086-bee3-40e7-9d20-032999a6f1f0:192.168.164.218:42451], old=null
2019-09-27 20:42:49,875 [e617973b-1000-4dcd-bf03-204f72a3580d@group-07270A82450E:LeaderElection20] INFO  impl.LeaderElection (LeaderElection.java:logAndReturn(56)) - e617973b-1000-4dcd-bf03-204f72a3580d@group-07270A82450E:LeaderElection20: Election REJECTED; received 2 response(s) [e617973b-1000-4dcd-bf03-204f72a3580d<-ba470b33-2419-4e6b-bad2-3db85df885d1#0:FAIL-t3, e617973b-1000-4dcd-bf03-204f72a3580d<-0f772086-bee3-40e7-9d20-032999a6f1f0#0:FAIL-t3] and 0 exception(s); e617973b-1000-4dcd-bf03-204f72a3580d@group-07270A82450E:t3, leader=null, voted=e617973b-1000-4dcd-bf03-204f72a3580d, raftlog=e617973b-1000-4dcd-bf03-204f72a3580d@group-07270A82450E-SegmentedRaftLog:OPENED:c-1,f-1,i0, conf=-1: [e617973b-1000-4dcd-bf03-204f72a3580d:192.168.164.218:38159, ba470b33-2419-4e6b-bad2-3db85df885d1:192.168.164.218:36774, 0f772086-bee3-40e7-9d20-032999a6f1f0:192.168.164.218:42451], old=null
2019-09-27 20:42:49,875 [e617973b-1000-4dcd-bf03-204f72a3580d@group-07270A82450E:LeaderElection20] INFO  impl.RaftServerImpl (RaftServerImpl.java:setRole(174)) - e617973b-1000-4dcd-bf03-204f72a3580d@group-07270A82450E: changes role from CANDIDATE to FOLLOWER at term 3 for DISCOVERED_A_NEW_TERM
2019-09-27 20:42:49,875 [e617973b-1000-4dcd-bf03-204f72a3580d@group-07270A82450E:LeaderElection20] INFO  impl.RoleInfo (RoleInfo.java:shutdownLeaderElection(134)) - e617973b-1000-4dcd-bf03-204f72a3580d: shutdown LeaderElection
2019-09-27 20:42:49,875 [e617973b-1000-4dcd-bf03-204f72a3580d@group-07270A82450E:LeaderElection20] INFO  impl.RoleInfo (RoleInfo.java:updateAndGet(143)) - e617973b-1000-4dcd-bf03-204f72a3580d: start FollowerState
2019-09-27 20:42:49,879 [0f772086-bee3-40e7-9d20-032999a6f1f0@group-07270A82450E:LeaderElection21] INFO  impl.LeaderElection (LeaderElection.java:logAndReturn(56)) - 0f772086-bee3-40e7-9d20-032999a6f1f0@group-07270A82450E:LeaderElection21: Election REJECTED; received 2 response(s) [0f772086-bee3-40e7-9d20-032999a6f1f0<-ba470b33-2419-4e6b-bad2-3db85df885d1#0:FAIL-t3, 0f772086-bee3-40e7-9d20-032999a6f1f0<-e617973b-1000-4dcd-bf03-204f72a3580d#0:FAIL-t3] and 0 exception(s); 0f772086-bee3-40e7-9d20-032999a6f1f0@group-07270A82450E:t3, leader=null, voted=0f772086-bee3-40e7-9d20-032999a6f1f0, raftlog=0f772086-bee3-40e7-9d20-032999a6f1f0@group-07270A82450E-SegmentedRaftLog:OPENED:c-1,f-1,i0, conf=-1: [e617973b-1000-4dcd-bf03-204f72a3580d:192.168.164.218:38159, ba470b33-2419-4e6b-bad2-3db85df885d1:192.168.164.218:36774, 0f772086-bee3-40e7-9d20-032999a6f1f0:192.168.164.218:42451], old=null
2019-09-27 20:42:49,882 [0f772086-bee3-40e7-9d20-032999a6f1f0@group-07270A82450E:LeaderElection21] INFO  impl.RaftServerImpl (RaftServerImpl.java:setRole(174)) - 0f772086-bee3-40e7-9d20-032999a6f1f0@group-07270A82450E: changes role from CANDIDATE to FOLLOWER at term 3 for DISCOVERED_A_NEW_TERM
2019-09-27 20:42:49,882 [0f772086-bee3-40e7-9d20-032999a6f1f0@group-07270A82450E:LeaderElection21] INFO  impl.RoleInfo (RoleInfo.java:shutdownLeaderElection(134)) - 0f772086-bee3-40e7-9d20-032999a6f1f0: shutdown LeaderElection
2019-09-27 20:42:49,882 [0f772086-bee3-40e7-9d20-032999a6f1f0@group-07270A82450E:LeaderElection21] INFO  impl.RoleInfo (RoleInfo.java:updateAndGet(143)) - 0f772086-bee3-40e7-9d20-032999a6f1f0: start FollowerState
2019-09-27 20:42:49,883 [167285a7-dc19-4412-9275-f91dae06b95e@group-A683F1095DD5:LeaderElection25] INFO  impl.LeaderElection (LeaderElection.java:logAndReturn(56)) - 167285a7-dc19-4412-9275-f91dae06b95e@group-A683F1095DD5:LeaderElection25: Election REJECTED; received 2 response(s) [167285a7-dc19-4412-9275-f91dae06b95e<-d45f9132-b116-4478-a065-35e831f48866#0:FAIL-t4, 167285a7-dc19-4412-9275-f91dae06b95e<-f0d14e84-6427-4367-a20e-06d852f84116#0:FAIL-t4] and 0 exception(s); 167285a7-dc19-4412-9275-f91dae06b95e@group-A683F1095DD5:t4, leader=null, voted=167285a7-dc19-4412-9275-f91dae06b95e, raftlog=167285a7-dc19-4412-9275-f91dae06b95e@group-A683F1095DD5-SegmentedRaftLog:OPENED:c-1,f0,i0, conf=0: [167285a7-dc19-4412-9275-f91dae06b95e:192.168.164.218:35199, d45f9132-b116-4478-a065-35e831f48866:192.168.164.218:44351, f0d14e84-6427-4367-a20e-06d852f84116:192.168.164.218:44850], old=null
2019-09-27 20:42:49,886 [167285a7-dc19-4412-9275-f91dae06b95e@group-A683F1095DD5:LeaderElection25] INFO  impl.RaftServerImpl (RaftServerImpl.java:setRole(174)) - 167285a7-dc19-4412-9275-f91dae06b95e@group-A683F1095DD5: changes role from CANDIDATE to FOLLOWER at term 4 for DISCOVERED_A_NEW_TERM
2019-09-27 20:42:49,886 [167285a7-dc19-4412-9275-f91dae06b95e@group-A683F1095DD5:LeaderElection25] INFO  impl.RoleInfo (RoleInfo.java:shutdownLeaderElection(134)) - 167285a7-dc19-4412-9275-f91dae06b95e: shutdown LeaderElection
2019-09-27 20:42:49,886 [f0d14e84-6427-4367-a20e-06d852f84116@group-A683F1095DD5:LeaderElection24] INFO  impl.LeaderElection (LeaderElection.java:logAndReturn(56)) - f0d14e84-6427-4367-a20e-06d852f84116@group-A683F1095DD5:LeaderElection24: Election REJECTED; received 2 response(s) [f0d14e84-6427-4367-a20e-06d852f84116<-167285a7-dc19-4412-9275-f91dae06b95e#0:FAIL-t4, f0d14e84-6427-4367-a20e-06d852f84116<-d45f9132-b116-4478-a065-35e831f48866#0:FAIL-t4] and 0 exception(s); f0d14e84-6427-4367-a20e-06d852f84116@group-A683F1095DD5:t4, leader=null, voted=f0d14e84-6427-4367-a20e-06d852f84116, raftlog=f0d14e84-6427-4367-a20e-06d852f84116@group-A683F1095DD5-SegmentedRaftLog:OPENED:c-1,f-1,i0, conf=-1: [167285a7-dc19-4412-9275-f91dae06b95e:192.168.164.218:35199, d45f9132-b116-4478-a065-35e831f48866:192.168.164.218:44351, f0d14e84-6427-4367-a20e-06d852f84116:192.168.164.218:44850], old=null
2019-09-27 20:42:49,888 [167285a7-dc19-4412-9275-f91dae06b95e@group-A683F1095DD5:LeaderElection25] INFO  impl.RoleInfo (RoleInfo.java:updateAndGet(143)) - 167285a7-dc19-4412-9275-f91dae06b95e: start FollowerState
2019-09-27 20:42:49,888 [f0d14e84-6427-4367-a20e-06d852f84116@group-A683F1095DD5:LeaderElection24] INFO  impl.RaftServerImpl (RaftServerImpl.java:setRole(174)) - f0d14e84-6427-4367-a20e-06d852f84116@group-A683F1095DD5: changes role from CANDIDATE to FOLLOWER at term 4 for DISCOVERED_A_NEW_TERM
2019-09-27 20:42:49,889 [f0d14e84-6427-4367-a20e-06d852f84116@group-A683F1095DD5:LeaderElection24] INFO  impl.RoleInfo (RoleInfo.java:shutdownLeaderElection(134)) - f0d14e84-6427-4367-a20e-06d852f84116: shutdown LeaderElection
2019-09-27 20:42:49,889 [d45f9132-b116-4478-a065-35e831f48866@group-A683F1095DD5:LeaderElection23] INFO  impl.LeaderElection (LeaderElection.java:logAndReturn(56)) - d45f9132-b116-4478-a065-35e831f48866@group-A683F1095DD5:LeaderElection23: Election REJECTED; received 2 response(s) [d45f9132-b116-4478-a065-35e831f48866<-167285a7-dc19-4412-9275-f91dae06b95e#0:FAIL-t4, d45f9132-b116-4478-a065-35e831f48866<-f0d14e84-6427-4367-a20e-06d852f84116#0:FAIL-t4] and 0 exception(s); d45f9132-b116-4478-a065-35e831f48866@group-A683F1095DD5:t4, leader=null, voted=d45f9132-b116-4478-a065-35e831f48866, raftlog=d45f9132-b116-4478-a065-35e831f48866@group-A683F1095DD5-SegmentedRaftLog:OPENED:c-1,f-1,i0, conf=-1: [167285a7-dc19-4412-9275-f91dae06b95e:192.168.164.218:35199, d45f9132-b116-4478-a065-35e831f48866:192.168.164.218:44351, f0d14e84-6427-4367-a20e-06d852f84116:192.168.164.218:44850], old=null
2019-09-27 20:42:49,889 [f0d14e84-6427-4367-a20e-06d852f84116@group-A683F1095DD5:LeaderElection24] INFO  impl.RoleInfo (RoleInfo.java:updateAndGet(143)) - f0d14e84-6427-4367-a20e-06d852f84116: start FollowerState
2019-09-27 20:42:49,890 [d45f9132-b116-4478-a065-35e831f48866@group-A683F1095DD5:LeaderElection23] INFO  impl.RaftServerImpl (RaftServerImpl.java:setRole(174)) - d45f9132-b116-4478-a065-35e831f48866@group-A683F1095DD5: changes role from CANDIDATE to FOLLOWER at term 4 for DISCOVERED_A_NEW_TERM
2019-09-27 20:42:49,892 [d45f9132-b116-4478-a065-35e831f48866@group-A683F1095DD5:LeaderElection23] INFO  impl.RoleInfo (RoleInfo.java:shutdownLeaderElection(134)) - d45f9132-b116-4478-a065-35e831f48866: shutdown LeaderElection
2019-09-27 20:42:49,892 [ba470b33-2419-4e6b-bad2-3db85df885d1@group-07270A82450E:LeaderElection22] INFO  impl.LeaderElection (LeaderElection.java:logAndReturn(56)) - ba470b33-2419-4e6b-bad2-3db85df885d1@group-07270A82450E:LeaderElection22: Election REJECTED; received 2 response(s) [ba470b33-2419-4e6b-bad2-3db85df885d1<-e617973b-1000-4dcd-bf03-204f72a3580d#0:FAIL-t3, ba470b33-2419-4e6b-bad2-3db85df885d1<-0f772086-bee3-40e7-9d20-032999a6f1f0#0:FAIL-t3] and 0 exception(s); ba470b33-2419-4e6b-bad2-3db85df885d1@group-07270A82450E:t3, leader=null, voted=ba470b33-2419-4e6b-bad2-3db85df885d1, raftlog=ba470b33-2419-4e6b-bad2-3db85df885d1@group-07270A82450E-SegmentedRaftLog:OPENED:c-1,f-1,i0, conf=-1: [e617973b-1000-4dcd-bf03-204f72a3580d:192.168.164.218:38159, ba470b33-2419-4e6b-bad2-3db85df885d1:192.168.164.218:36774, 0f772086-bee3-40e7-9d20-032999a6f1f0:192.168.164.218:42451], old=null
2019-09-27 20:42:49,892 [d45f9132-b116-4478-a065-35e831f48866@group-A683F1095DD5:LeaderElection23] INFO  impl.RoleInfo (RoleInfo.java:updateAndGet(143)) - d45f9132-b116-4478-a065-35e831f48866: start FollowerState
2019-09-27 20:42:49,892 [ba470b33-2419-4e6b-bad2-3db85df885d1@group-07270A82450E:LeaderElection22] INFO  impl.RaftServerImpl (RaftServerImpl.java:setRole(174)) - ba470b33-2419-4e6b-bad2-3db85df885d1@group-07270A82450E: changes role from CANDIDATE to FOLLOWER at term 3 for DISCOVERED_A_NEW_TERM
2019-09-27 20:42:49,899 [ba470b33-2419-4e6b-bad2-3db85df885d1@group-07270A82450E:LeaderElection22] INFO  impl.RoleInfo (RoleInfo.java:shutdownLeaderElection(134)) - ba470b33-2419-4e6b-bad2-3db85df885d1: shutdown LeaderElection
2019-09-27 20:42:49,899 [ba470b33-2419-4e6b-bad2-3db85df885d1@group-07270A82450E:LeaderElection22] INFO  impl.RoleInfo (RoleInfo.java:updateAndGet(143)) - ba470b33-2419-4e6b-bad2-3db85df885d1: start FollowerState
]]></system-out>
    <system-err><![CDATA[ERROR StatusLogger No Log4j 2 configuration file found. Using default configuration (logging only errors to the console), or user programmatically provided configurations. Set system property 'log4j2.debug' to show Log4j 2 internal initialization logging. See https://logging.apache.org/log4j/2.x/manual/configuration.html for instructions on how to configure Log4j 2
]]></system-err>
  </testcase>
</testsuite>