<?xml version="1.0" encoding="UTF-8"?>
<testsuite xmlns:xsi="http://www.w3.org/2001/XMLSchema-instance" xsi:noNamespaceSchemaLocation="https://maven.apache.org/surefire/maven-surefire-plugin/xsd/surefire-test-report.xsd" name="org.apache.hadoop.ozone.client.rpc.TestWatchForCommit" time="274.062" tests="5" errors="1" skipped="0" failures="0">
  <properties>
    <property name="awt.toolkit" value="sun.awt.X11.XToolkit"/>
    <property name="file.encoding.pkg" value="sun.io"/>
    <property name="java.specification.version" value="1.8"/>
    <property name="sun.cpu.isalist" value=""/>
    <property name="sun.jnu.encoding" value="UTF-8"/>
    <property name="java.class.path" value="/workdir/hadoop-ozone/integration-test/target/test-classes:/workdir/hadoop-ozone/integration-test/target/classes:/home/user/.m2/repository/org/apache/hadoop/hadoop-ozone-common/0.5.0-SNAPSHOT/hadoop-ozone-common-0.5.0-SNAPSHOT.jar:/home/user/.m2/repository/org/apache/commons/commons-compress/1.4.1/commons-compress-1.4.1.jar:/home/user/.m2/repository/org/tukaani/xz/1.0/xz-1.0.jar:/home/user/.m2/repository/org/apache/hadoop/hadoop-common/3.2.0/hadoop-common-3.2.0.jar:/home/user/.m2/repository/org/apache/hadoop/hadoop-hdfs/3.2.0/hadoop-hdfs-3.2.0.jar:/home/user/.m2/repository/org/apache/hadoop/hadoop-hdfs-client/3.2.0/hadoop-hdfs-client-3.2.0.jar:/home/user/.m2/repository/com/fasterxml/jackson/core/jackson-annotations/2.9.9/jackson-annotations-2.9.9.jar:/home/user/.m2/repository/org/apache/hadoop/hadoop-hdds-common/0.5.0-SNAPSHOT/hadoop-hdds-common-0.5.0-SNAPSHOT.jar:/home/user/.m2/repository/javax/annotation/javax.annotation-api/1.2/javax.annotation-api-1.2.jar:/home/user/.m2/repository/org/apache/ratis/ratis-server/0.5.0-201fc85-SNAPSHOT/ratis-server-0.5.0-201fc85-SNAPSHOT.jar:/home/user/.m2/repository/org/apache/ratis/ratis-thirdparty-misc/0.2.0/ratis-thirdparty-misc-0.2.0.jar:/home/user/.m2/repository/org/apache/ratis/ratis-proto/0.5.0-201fc85-SNAPSHOT/ratis-proto-0.5.0-201fc85-SNAPSHOT.jar:/home/user/.m2/repository/org/apache/ratis/ratis-common/0.5.0-201fc85-SNAPSHOT/ratis-common-0.5.0-201fc85-SNAPSHOT.jar:/home/user/.m2/repository/org/apache/ratis/ratis-client/0.5.0-201fc85-SNAPSHOT/ratis-client-0.5.0-201fc85-SNAPSHOT.jar:/home/user/.m2/repository/org/apache/ratis/ratis-metrics/0.5.0-201fc85-SNAPSHOT/ratis-metrics-0.5.0-201fc85-SNAPSHOT.jar:/home/user/.m2/repository/com/github/joshelser/dropwizard-metrics-hadoop-metrics2-reporter/0.1.2/dropwizard-metrics-hadoop-metrics2-reporter-0.1.2.jar:/home/user/.m2/repository/io/dropwizard/metrics/metrics-jvm/3.2.5/metrics-jvm-3.2.5.jar:/home/user/.m2/repository/io/dropwizard/metrics/metrics-ganglia/3.2.5/metrics-ganglia-3.2.5.jar:/home/user/.m2/repository/info/ganglia/gmetric4j/gmetric4j/1.0.7/gmetric4j-1.0.7.jar:/home/user/.m2/repository/org/apache/ratis/ratis-netty/0.5.0-201fc85-SNAPSHOT/ratis-netty-0.5.0-201fc85-SNAPSHOT.jar:/home/user/.m2/repository/org/apache/ratis/ratis-grpc/0.5.0-201fc85-SNAPSHOT/ratis-grpc-0.5.0-201fc85-SNAPSHOT.jar:/home/user/.m2/repository/org/rocksdb/rocksdbjni/6.0.1/rocksdbjni-6.0.1.jar:/home/user/.m2/repository/org/apache/logging/log4j/log4j-api/2.11.0/log4j-api-2.11.0.jar:/home/user/.m2/repository/org/apache/logging/log4j/log4j-core/2.11.0/log4j-core-2.11.0.jar:/home/user/.m2/repository/com/lmax/disruptor/3.4.2/disruptor-3.4.2.jar:/home/user/.m2/repository/org/apache/commons/commons-pool2/2.6.0/commons-pool2-2.6.0.jar:/home/user/.m2/repository/org/bouncycastle/bcpkix-jdk15on/1.60/bcpkix-jdk15on-1.60.jar:/home/user/.m2/repository/commons-validator/commons-validator/1.6/commons-validator-1.6.jar:/home/user/.m2/repository/commons-digester/commons-digester/1.8.1/commons-digester-1.8.1.jar:/home/user/.m2/repository/io/jaegertracing/jaeger-client/0.34.0/jaeger-client-0.34.0.jar:/home/user/.m2/repository/io/jaegertracing/jaeger-thrift/0.34.0/jaeger-thrift-0.34.0.jar:/home/user/.m2/repository/org/apache/thrift/libthrift/0.12.0/libthrift-0.12.0.jar:/home/user/.m2/repository/com/squareup/okhttp3/okhttp/3.9.0/okhttp-3.9.0.jar:/home/user/.m2/repository/com/squareup/okio/okio/1.13.0/okio-1.13.0.jar:/home/user/.m2/repository/io/jaegertracing/jaeger-core/0.34.0/jaeger-core-0.34.0.jar:/home/user/.m2/repository/io/jaegertracing/jaeger-tracerresolver/0.34.0/jaeger-tracerresolver-0.34.0.jar:/home/user/.m2/repository/io/opentracing/contrib/opentracing-tracerresolver/0.1.5/opentracing-tracerresolver-0.1.5.jar:/home/user/.m2/repository/io/opentracing/opentracing-util/0.31.0/opentracing-util-0.31.0.jar:/home/user/.m2/repository/io/opentracing/opentracing-api/0.31.0/opentracing-api-0.31.0.jar:/home/user/.m2/repository/io/opentracing/opentracing-noop/0.31.0/opentracing-noop-0.31.0.jar:/home/user/.m2/repository/org/apache/hadoop/hadoop-hdds-server-framework/0.5.0-SNAPSHOT/hadoop-hdds-server-framework-0.5.0-SNAPSHOT.jar:/home/user/.m2/repository/org/apache/hadoop/hadoop-hdds-container-service/0.5.0-SNAPSHOT/hadoop-hdds-container-service-0.5.0-SNAPSHOT.jar:/home/user/.m2/repository/org/apache/hadoop/hadoop-hdds-client/0.5.0-SNAPSHOT/hadoop-hdds-client-0.5.0-SNAPSHOT.jar:/home/user/.m2/repository/org/apache/hadoop/hadoop-hdds-tools/0.5.0-SNAPSHOT/hadoop-hdds-tools-0.5.0-SNAPSHOT.jar:/home/user/.m2/repository/org/apache/hadoop/hadoop-hdds-server-scm/0.5.0-SNAPSHOT/hadoop-hdds-server-scm-0.5.0-SNAPSHOT.jar:/home/user/.m2/repository/org/apache/hadoop/hadoop-hdds-docs/0.5.0-SNAPSHOT/hadoop-hdds-docs-0.5.0-SNAPSHOT.jar:/home/user/.m2/repository/io/dropwizard/metrics/metrics-core/3.2.4/metrics-core-3.2.4.jar:/home/user/.m2/repository/org/hamcrest/hamcrest-all/1.3/hamcrest-all-1.3.jar:/home/user/.m2/repository/org/bouncycastle/bcprov-jdk15on/1.60/bcprov-jdk15on-1.60.jar:/home/user/.m2/repository/info/picocli/picocli/3.9.6/picocli-3.9.6.jar:/home/user/.m2/repository/com/google/protobuf/protobuf-java/2.5.0/protobuf-java-2.5.0.jar:/home/user/.m2/repository/com/google/guava/guava/11.0.2/guava-11.0.2.jar:/home/user/.m2/repository/org/apache/hadoop/hadoop-ozone-ozone-manager/0.5.0-SNAPSHOT/hadoop-ozone-ozone-manager-0.5.0-SNAPSHOT.jar:/home/user/.m2/repository/org/apache/hadoop/hadoop-minikdc/3.2.0/hadoop-minikdc-3.2.0.jar:/home/user/.m2/repository/commons-io/commons-io/2.5/commons-io-2.5.jar:/home/user/.m2/repository/org/apache/kerby/kerb-simplekdc/1.0.1/kerb-simplekdc-1.0.1.jar:/home/user/.m2/repository/org/apache/kerby/kerb-client/1.0.1/kerb-client-1.0.1.jar:/home/user/.m2/repository/org/apache/kerby/kerby-config/1.0.1/kerby-config-1.0.1.jar:/home/user/.m2/repository/org/apache/kerby/kerb-core/1.0.1/kerb-core-1.0.1.jar:/home/user/.m2/repository/org/apache/kerby/kerby-pkix/1.0.1/kerby-pkix-1.0.1.jar:/home/user/.m2/repository/org/apache/kerby/kerby-asn1/1.0.1/kerby-asn1-1.0.1.jar:/home/user/.m2/repository/org/apache/kerby/kerby-util/1.0.1/kerby-util-1.0.1.jar:/home/user/.m2/repository/org/apache/kerby/kerb-common/1.0.1/kerb-common-1.0.1.jar:/home/user/.m2/repository/org/apache/kerby/kerb-crypto/1.0.1/kerb-crypto-1.0.1.jar:/home/user/.m2/repository/org/apache/kerby/kerb-util/1.0.1/kerb-util-1.0.1.jar:/home/user/.m2/repository/org/apache/kerby/token-provider/1.0.1/token-provider-1.0.1.jar:/home/user/.m2/repository/org/apache/kerby/kerb-admin/1.0.1/kerb-admin-1.0.1.jar:/home/user/.m2/repository/org/apache/kerby/kerb-server/1.0.1/kerb-server-1.0.1.jar:/home/user/.m2/repository/org/apache/kerby/kerb-identity/1.0.1/kerb-identity-1.0.1.jar:/home/user/.m2/repository/org/apache/kerby/kerby-xdr/1.0.1/kerby-xdr-1.0.1.jar:/home/user/.m2/repository/org/slf4j/slf4j-log4j12/1.7.25/slf4j-log4j12-1.7.25.jar:/home/user/.m2/repository/org/apache/hadoop/hadoop-ozone-s3gateway/0.5.0-SNAPSHOT/hadoop-ozone-s3gateway-0.5.0-SNAPSHOT.jar:/home/user/.m2/repository/org/jboss/weld/servlet/weld-servlet/2.4.7.Final/weld-servlet-2.4.7.Final.jar:/home/user/.m2/repository/org/glassfish/jersey/containers/jersey-container-servlet-core/2.27/jersey-container-servlet-core-2.27.jar:/home/user/.m2/repository/org/glassfish/hk2/external/javax.inject/2.5.0-b42/javax.inject-2.5.0-b42.jar:/home/user/.m2/repository/org/glassfish/jersey/core/jersey-common/2.27/jersey-common-2.27.jar:/home/user/.m2/repository/org/glassfish/hk2/osgi-resource-locator/1.0.1/osgi-resource-locator-1.0.1.jar:/home/user/.m2/repository/javax/ws/rs/javax.ws.rs-api/2.1/javax.ws.rs-api-2.1.jar:/home/user/.m2/repository/org/glassfish/jersey/ext/cdi/jersey-cdi1x/2.27/jersey-cdi1x-2.27.jar:/home/user/.m2/repository/org/glassfish/jersey/inject/jersey-hk2/2.27/jersey-hk2-2.27.jar:/home/user/.m2/repository/org/glassfish/hk2/hk2-locator/2.5.0-b42/hk2-locator-2.5.0-b42.jar:/home/user/.m2/repository/org/javassist/javassist/3.22.0-CR2/javassist-3.22.0-CR2.jar:/home/user/.m2/repository/org/glassfish/hk2/hk2-api/2.5.0/hk2-api-2.5.0.jar:/home/user/.m2/repository/org/glassfish/hk2/external/jakarta.inject/2.5.0/jakarta.inject-2.5.0.jar:/home/user/.m2/repository/org/glassfish/hk2/hk2-utils/2.5.0/hk2-utils-2.5.0.jar:/home/user/.m2/repository/jakarta/annotation/jakarta.annotation-api/1.3.4/jakarta.annotation-api-1.3.4.jar:/home/user/.m2/repository/org/glassfish/hk2/external/aopalliance-repackaged/2.5.0/aopalliance-repackaged-2.5.0.jar:/home/user/.m2/repository/com/fasterxml/jackson/dataformat/jackson-dataformat-xml/2.9.0/jackson-dataformat-xml-2.9.0.jar:/home/user/.m2/repository/com/fasterxml/jackson/core/jackson-core/2.9.9/jackson-core-2.9.9.jar:/home/user/.m2/repository/com/fasterxml/jackson/module/jackson-module-jaxb-annotations/2.9.9/jackson-module-jaxb-annotations-2.9.9.jar:/home/user/.m2/repository/javax/enterprise/cdi-api/1.2/cdi-api-1.2.jar:/home/user/.m2/repository/javax/el/javax.el-api/3.0.0/javax.el-api-3.0.0.jar:/home/user/.m2/repository/javax/interceptor/javax.interceptor-api/1.2/javax.interceptor-api-1.2.jar:/home/user/.m2/repository/javax/inject/javax.inject/1/javax.inject-1.jar:/home/user/.m2/repository/com/sun/xml/bind/jaxb-impl/2.3.0.1/jaxb-impl-2.3.0.1.jar:/home/user/.m2/repository/com/sun/xml/bind/jaxb-core/2.3.0.1/jaxb-core-2.3.0.1.jar:/home/user/.m2/repository/javax/xml/bind/jaxb-api/2.3.0/jaxb-api-2.3.0.jar:/home/user/.m2/repository/javax/activation/activation/1.1.1/activation-1.1.1.jar:/home/user/.m2/repository/org/apache/hadoop/hadoop-ozone-csi/0.5.0-SNAPSHOT/hadoop-ozone-csi-0.5.0-SNAPSHOT.jar:/home/user/.m2/repository/com/google/protobuf/protobuf-java-util/3.5.1/protobuf-java-util-3.5.1.jar:/home/user/.m2/repository/org/apache/hadoop/hadoop-hdds-config/0.5.0-SNAPSHOT/hadoop-hdds-config-0.5.0-SNAPSHOT.jar:/home/user/.m2/repository/io/grpc/grpc-netty/1.17.1/grpc-netty-1.17.1.jar:/home/user/.m2/repository/io/grpc/grpc-core/1.17.1/grpc-core-1.17.1.jar:/home/user/.m2/repository/io/grpc/grpc-context/1.17.1/grpc-context-1.17.1.jar:/home/user/.m2/repository/com/google/errorprone/error_prone_annotations/2.2.0/error_prone_annotations-2.2.0.jar:/home/user/.m2/repository/org/codehaus/mojo/animal-sniffer-annotations/1.17/animal-sniffer-annotations-1.17.jar:/home/user/.m2/repository/io/opencensus/opencensus-api/0.17.0/opencensus-api-0.17.0.jar:/home/user/.m2/repository/io/opencensus/opencensus-contrib-grpc-metrics/0.17.0/opencensus-contrib-grpc-metrics-0.17.0.jar:/home/user/.m2/repository/io/netty/netty-codec-http2/4.1.30.Final/netty-codec-http2-4.1.30.Final.jar:/home/user/.m2/repository/io/netty/netty-codec-http/4.1.30.Final/netty-codec-http-4.1.30.Final.jar:/home/user/.m2/repository/io/netty/netty-codec/4.1.30.Final/netty-codec-4.1.30.Final.jar:/home/user/.m2/repository/io/netty/netty-handler/4.1.30.Final/netty-handler-4.1.30.Final.jar:/home/user/.m2/repository/io/netty/netty-handler-proxy/4.1.30.Final/netty-handler-proxy-4.1.30.Final.jar:/home/user/.m2/repository/io/netty/netty-codec-socks/4.1.30.Final/netty-codec-socks-4.1.30.Final.jar:/home/user/.m2/repository/io/netty/netty-transport-native-epoll/4.1.30.Final/netty-transport-native-epoll-4.1.30.Final.jar:/home/user/.m2/repository/io/netty/netty-common/4.1.30.Final/netty-common-4.1.30.Final.jar:/home/user/.m2/repository/io/netty/netty-buffer/4.1.30.Final/netty-buffer-4.1.30.Final.jar:/home/user/.m2/repository/io/netty/netty-transport/4.1.30.Final/netty-transport-4.1.30.Final.jar:/home/user/.m2/repository/io/netty/netty-resolver/4.1.30.Final/netty-resolver-4.1.30.Final.jar:/home/user/.m2/repository/io/netty/netty-transport-native-unix-common/4.1.30.Final/netty-transport-native-unix-common-4.1.30.Final.jar:/home/user/.m2/repository/io/grpc/grpc-protobuf/1.17.1/grpc-protobuf-1.17.1.jar:/home/user/.m2/repository/com/google/api/grpc/proto-google-common-protos/1.0.0/proto-google-common-protos-1.0.0.jar:/home/user/.m2/repository/io/grpc/grpc-protobuf-lite/1.17.1/grpc-protobuf-lite-1.17.1.jar:/home/user/.m2/repository/io/grpc/grpc-stub/1.17.1/grpc-stub-1.17.1.jar:/home/user/.m2/repository/org/apache/hadoop/hadoop-ozone-recon/0.5.0-SNAPSHOT/hadoop-ozone-recon-0.5.0-SNAPSHOT.jar:/home/user/.m2/repository/org/apache/hadoop/hadoop-ozone-reconcodegen/0.5.0-SNAPSHOT/hadoop-ozone-reconcodegen-0.5.0-SNAPSHOT.jar:/home/user/.m2/repository/com/google/inject/extensions/guice-multibindings/4.0/guice-multibindings-4.0.jar:/home/user/.m2/repository/com/google/inject/guice/4.0/guice-4.0.jar:/home/user/.m2/repository/aopalliance/aopalliance/1.0/aopalliance-1.0.jar:/home/user/.m2/repository/com/google/inject/extensions/guice-servlet/4.0/guice-servlet-4.0.jar:/home/user/.m2/repository/org/glassfish/jersey/containers/jersey-container-servlet/2.27/jersey-container-servlet-2.27.jar:/home/user/.m2/repository/org/glassfish/hk2/guice-bridge/2.5.0/guice-bridge-2.5.0.jar:/home/user/.m2/repository/org/glassfish/jersey/core/jersey-server/2.27/jersey-server-2.27.jar:/home/user/.m2/repository/org/glassfish/jersey/core/jersey-client/2.27/jersey-client-2.27.jar:/home/user/.m2/repository/org/glassfish/jersey/media/jersey-media-jaxb/2.27/jersey-media-jaxb-2.27.jar:/home/user/.m2/repository/javax/validation/validation-api/1.1.0.Final/validation-api-1.1.0.Final.jar:/home/user/.m2/repository/org/glassfish/jersey/media/jersey-media-json-jackson/2.27/jersey-media-json-jackson-2.27.jar:/home/user/.m2/repository/org/glassfish/jersey/ext/jersey-entity-filtering/2.27/jersey-entity-filtering-2.27.jar:/home/user/.m2/repository/com/google/inject/extensions/guice-assistedinject/4.0/guice-assistedinject-4.0.jar:/home/user/.m2/repository/org/jooq/jooq/3.11.10/jooq-3.11.10.jar:/home/user/.m2/repository/org/jooq/jooq-meta/3.11.10/jooq-meta-3.11.10.jar:/home/user/.m2/repository/org/jooq/jooq-codegen/3.11.10/jooq-codegen-3.11.10.jar:/home/user/.m2/repository/com/jolbox/bonecp/0.8.0.RELEASE/bonecp-0.8.0.RELEASE.jar:/home/user/.m2/repository/org/xerial/sqlite-jdbc/3.25.2/sqlite-jdbc-3.25.2.jar:/home/user/.m2/repository/org/springframework/spring-jdbc/5.1.3.RELEASE/spring-jdbc-5.1.3.RELEASE.jar:/home/user/.m2/repository/org/springframework/spring-beans/5.1.3.RELEASE/spring-beans-5.1.3.RELEASE.jar:/home/user/.m2/repository/org/springframework/spring-core/5.1.3.RELEASE/spring-core-5.1.3.RELEASE.jar:/home/user/.m2/repository/org/springframework/spring-jcl/5.1.3.RELEASE/spring-jcl-5.1.3.RELEASE.jar:/home/user/.m2/repository/org/springframework/spring-tx/5.1.3.RELEASE/spring-tx-5.1.3.RELEASE.jar:/home/user/.m2/repository/org/apache/hadoop/hadoop-ozone-client/0.5.0-SNAPSHOT/hadoop-ozone-client-0.5.0-SNAPSHOT.jar:/home/user/.m2/repository/commons-lang/commons-lang/2.6/commons-lang-2.6.jar:/home/user/.m2/repository/org/apache/hadoop/hadoop-ozone-ozone-manager/0.5.0-SNAPSHOT/hadoop-ozone-ozone-manager-0.5.0-SNAPSHOT-tests.jar:/home/user/.m2/repository/junit/junit/4.11/junit-4.11.jar:/home/user/.m2/repository/org/hamcrest/hamcrest-core/1.3/hamcrest-core-1.3.jar:/home/user/.m2/repository/org/openjdk/jmh/jmh-core/1.19/jmh-core-1.19.jar:/home/user/.m2/repository/net/sf/jopt-simple/jopt-simple/4.6/jopt-simple-4.6.jar:/home/user/.m2/repository/org/apache/commons/commons-math3/3.1.1/commons-math3-3.1.1.jar:/home/user/.m2/repository/org/openjdk/jmh/jmh-generator-annprocess/1.19/jmh-generator-annprocess-1.19.jar:/home/user/.m2/repository/org/mockito/mockito-all/1.8.5/mockito-all-1.8.5.jar:/home/user/.m2/repository/org/apache/hadoop/hadoop-kms/3.2.0/hadoop-kms-3.2.0.jar:/home/user/.m2/repository/org/apache/hadoop/hadoop-auth/3.2.0/hadoop-auth-3.2.0.jar:/home/user/.m2/repository/com/nimbusds/nimbus-jose-jwt/4.41.1/nimbus-jose-jwt-4.41.1.jar:/home/user/.m2/repository/com/github/stephenc/jcip/jcip-annotations/1.0-1/jcip-annotations-1.0-1.jar:/home/user/.m2/repository/net/minidev/json-smart/2.3/json-smart-2.3.jar:/home/user/.m2/repository/net/minidev/accessors-smart/1.2/accessors-smart-1.2.jar:/home/user/.m2/repository/org/ow2/asm/asm/5.0.4/asm-5.0.4.jar:/home/user/.m2/repository/org/apache/curator/curator-framework/2.12.0/curator-framework-2.12.0.jar:/home/user/.m2/repository/com/sun/jersey/jersey-core/1.19/jersey-core-1.19.jar:/home/user/.m2/repository/javax/ws/rs/jsr311-api/1.1.1/jsr311-api-1.1.1.jar:/home/user/.m2/repository/com/sun/jersey/jersey-server/1.19/jersey-server-1.19.jar:/home/user/.m2/repository/javax/servlet/javax.servlet-api/3.1.0/javax.servlet-api-3.1.0.jar:/home/user/.m2/repository/org/eclipse/jetty/jetty-server/9.3.25.v20180904/jetty-server-9.3.25.v20180904.jar:/home/user/.m2/repository/org/eclipse/jetty/jetty-http/9.3.25.v20180904/jetty-http-9.3.25.v20180904.jar:/home/user/.m2/repository/org/eclipse/jetty/jetty-io/9.3.25.v20180904/jetty-io-9.3.25.v20180904.jar:/home/user/.m2/repository/org/eclipse/jetty/jetty-webapp/9.3.25.v20180904/jetty-webapp-9.3.25.v20180904.jar:/home/user/.m2/repository/org/eclipse/jetty/jetty-xml/9.3.25.v20180904/jetty-xml-9.3.25.v20180904.jar:/home/user/.m2/repository/log4j/log4j/1.2.17/log4j-1.2.17.jar:/home/user/.m2/repository/org/slf4j/slf4j-api/1.7.25/slf4j-api-1.7.25.jar:/home/user/.m2/repository/org/slf4j/jul-to-slf4j/1.7.25/jul-to-slf4j-1.7.25.jar:/home/user/.m2/repository/org/eclipse/jetty/jetty-util/9.3.25.v20180904/jetty-util-9.3.25.v20180904.jar:/home/user/.m2/repository/com/fasterxml/jackson/core/jackson-databind/2.9.9/jackson-databind-2.9.9.jar:/home/user/.m2/repository/org/apache/hadoop/hadoop-kms/3.2.0/hadoop-kms-3.2.0-tests.jar:/home/user/.m2/repository/org/apache/hadoop/hadoop-hdds-server-scm/0.5.0-SNAPSHOT/hadoop-hdds-server-scm-0.5.0-SNAPSHOT-tests.jar:/home/user/.m2/repository/org/apache/hadoop/hadoop-hdds-container-service/0.5.0-SNAPSHOT/hadoop-hdds-container-service-0.5.0-SNAPSHOT-tests.jar:/home/user/.m2/repository/org/yaml/snakeyaml/1.16/snakeyaml-1.16.jar:/home/user/.m2/repository/org/apache/hadoop/hadoop-common/3.2.0/hadoop-common-3.2.0-tests.jar:/home/user/.m2/repository/org/apache/hadoop/hadoop-annotations/3.2.0/hadoop-annotations-3.2.0.jar:/usr/lib/jvm/java-1.8-openjdk/jre/../lib/tools.jar:/home/user/.m2/repository/commons-cli/commons-cli/1.2/commons-cli-1.2.jar:/home/user/.m2/repository/org/apache/httpcomponents/httpclient/4.5.2/httpclient-4.5.2.jar:/home/user/.m2/repository/org/apache/httpcomponents/httpcore/4.4.4/httpcore-4.4.4.jar:/home/user/.m2/repository/commons-codec/commons-codec/1.11/commons-codec-1.11.jar:/home/user/.m2/repository/commons-net/commons-net/3.6/commons-net-3.6.jar:/home/user/.m2/repository/commons-collections/commons-collections/3.2.2/commons-collections-3.2.2.jar:/home/user/.m2/repository/org/eclipse/jetty/jetty-servlet/9.3.25.v20180904/jetty-servlet-9.3.25.v20180904.jar:/home/user/.m2/repository/org/eclipse/jetty/jetty-security/9.3.25.v20180904/jetty-security-9.3.25.v20180904.jar:/home/user/.m2/repository/javax/servlet/jsp/jsp-api/2.1/jsp-api-2.1.jar:/home/user/.m2/repository/com/sun/jersey/jersey-servlet/1.19/jersey-servlet-1.19.jar:/home/user/.m2/repository/com/sun/jersey/jersey-json/1.19/jersey-json-1.19.jar:/home/user/.m2/repository/org/codehaus/jettison/jettison/1.1/jettison-1.1.jar:/home/user/.m2/repository/org/codehaus/jackson/jackson-core-asl/1.9.13/jackson-core-asl-1.9.13.jar:/home/user/.m2/repository/org/codehaus/jackson/jackson-mapper-asl/1.9.13/jackson-mapper-asl-1.9.13.jar:/home/user/.m2/repository/org/codehaus/jackson/jackson-jaxrs/1.9.13/jackson-jaxrs-1.9.13.jar:/home/user/.m2/repository/org/codehaus/jackson/jackson-xc/1.9.13/jackson-xc-1.9.13.jar:/home/user/.m2/repository/commons-logging/commons-logging/1.1.3/commons-logging-1.1.3.jar:/home/user/.m2/repository/commons-beanutils/commons-beanutils/1.9.4/commons-beanutils-1.9.4.jar:/home/user/.m2/repository/org/apache/commons/commons-configuration2/2.1.1/commons-configuration2-2.1.1.jar:/home/user/.m2/repository/org/apache/commons/commons-lang3/3.7/commons-lang3-3.7.jar:/home/user/.m2/repository/org/apache/commons/commons-text/1.4/commons-text-1.4.jar:/home/user/.m2/repository/org/apache/avro/avro/1.7.7/avro-1.7.7.jar:/home/user/.m2/repository/com/thoughtworks/paranamer/paranamer/2.3/paranamer-2.3.jar:/home/user/.m2/repository/org/xerial/snappy/snappy-java/1.0.5/snappy-java-1.0.5.jar:/home/user/.m2/repository/com/google/re2j/re2j/1.1/re2j-1.1.jar:/home/user/.m2/repository/com/google/code/gson/gson/2.2.4/gson-2.2.4.jar:/home/user/.m2/repository/com/jcraft/jsch/0.1.54/jsch-0.1.54.jar:/home/user/.m2/repository/org/apache/curator/curator-client/2.12.0/curator-client-2.12.0.jar:/home/user/.m2/repository/org/apache/curator/curator-recipes/2.12.0/curator-recipes-2.12.0.jar:/home/user/.m2/repository/com/google/code/findbugs/jsr305/3.0.0/jsr305-3.0.0.jar:/home/user/.m2/repository/org/apache/htrace/htrace-core4/4.1.0-incubating/htrace-core4-4.1.0-incubating.jar:/home/user/.m2/repository/org/apache/zookeeper/zookeeper/3.4.13/zookeeper-3.4.13.jar:/home/user/.m2/repository/jline/jline/0.9.94/jline-0.9.94.jar:/home/user/.m2/repository/org/apache/yetus/audience-annotations/0.5.0/audience-annotations-0.5.0.jar:/home/user/.m2/repository/org/codehaus/woodstox/stax2-api/3.1.4/stax2-api-3.1.4.jar:/home/user/.m2/repository/com/fasterxml/woodstox/woodstox-core/5.0.3/woodstox-core-5.0.3.jar:/home/user/.m2/repository/dnsjava/dnsjava/2.1.7/dnsjava-2.1.7.jar:/home/user/.m2/repository/org/apache/hadoop/hadoop-hdfs/3.2.0/hadoop-hdfs-3.2.0-tests.jar:/home/user/.m2/repository/org/eclipse/jetty/jetty-util-ajax/9.3.25.v20180904/jetty-util-ajax-9.3.25.v20180904.jar:/home/user/.m2/repository/commons-daemon/commons-daemon/1.0.13/commons-daemon-1.0.13.jar:/home/user/.m2/repository/io/netty/netty/3.10.5.Final/netty-3.10.5.Final.jar:/home/user/.m2/repository/io/netty/netty-all/4.0.52.Final/netty-all-4.0.52.Final.jar:/home/user/.m2/repository/org/fusesource/leveldbjni/leveldbjni-all/1.8/leveldbjni-all-1.8.jar:"/>
    <property name="java.vm.vendor" value="IcedTea"/>
    <property name="sun.arch.data.model" value="64"/>
    <property name="test.build.dir" value="/workdir/hadoop-ozone/integration-test/target/test-dir"/>
    <property name="test.cache.data" value=""/>
    <property name="java.vendor.url" value="https://icedtea.classpath.org"/>
    <property name="user.timezone" value=""/>
    <property name="java.vm.specification.version" value="1.8"/>
    <property name="os.name" value="Linux"/>
    <property name="test.build.data" value="/workdir/hadoop-ozone/integration-test/target/test-dir"/>
    <property name="user.country" value="US"/>
    <property name="sun.java.launcher" value="SUN_STANDARD"/>
    <property name="sun.boot.library.path" value="/usr/lib/jvm/java-1.8-openjdk/jre/lib/amd64"/>
    <property name="sun.java.command" value="/workdir/hadoop-ozone/integration-test/target/surefire/surefirebooter8618422768997931921.jar /workdir/hadoop-ozone/integration-test/target/surefire 2019-10-01T11-46-17_114-jvmRun1 surefire4131502756802518341tmp surefire_614516147743239346807tmp"/>
    <property name="test" value="!TestMiniChaosOzoneCluster"/>
    <property name="surefire.test.class.path" value="/workdir/hadoop-ozone/integration-test/target/test-classes:/workdir/hadoop-ozone/integration-test/target/classes:/home/user/.m2/repository/org/apache/hadoop/hadoop-ozone-common/0.5.0-SNAPSHOT/hadoop-ozone-common-0.5.0-SNAPSHOT.jar:/home/user/.m2/repository/org/apache/commons/commons-compress/1.4.1/commons-compress-1.4.1.jar:/home/user/.m2/repository/org/tukaani/xz/1.0/xz-1.0.jar:/home/user/.m2/repository/org/apache/hadoop/hadoop-common/3.2.0/hadoop-common-3.2.0.jar:/home/user/.m2/repository/org/apache/hadoop/hadoop-hdfs/3.2.0/hadoop-hdfs-3.2.0.jar:/home/user/.m2/repository/org/apache/hadoop/hadoop-hdfs-client/3.2.0/hadoop-hdfs-client-3.2.0.jar:/home/user/.m2/repository/com/fasterxml/jackson/core/jackson-annotations/2.9.9/jackson-annotations-2.9.9.jar:/home/user/.m2/repository/org/apache/hadoop/hadoop-hdds-common/0.5.0-SNAPSHOT/hadoop-hdds-common-0.5.0-SNAPSHOT.jar:/home/user/.m2/repository/javax/annotation/javax.annotation-api/1.2/javax.annotation-api-1.2.jar:/home/user/.m2/repository/org/apache/ratis/ratis-server/0.5.0-201fc85-SNAPSHOT/ratis-server-0.5.0-201fc85-SNAPSHOT.jar:/home/user/.m2/repository/org/apache/ratis/ratis-thirdparty-misc/0.2.0/ratis-thirdparty-misc-0.2.0.jar:/home/user/.m2/repository/org/apache/ratis/ratis-proto/0.5.0-201fc85-SNAPSHOT/ratis-proto-0.5.0-201fc85-SNAPSHOT.jar:/home/user/.m2/repository/org/apache/ratis/ratis-common/0.5.0-201fc85-SNAPSHOT/ratis-common-0.5.0-201fc85-SNAPSHOT.jar:/home/user/.m2/repository/org/apache/ratis/ratis-client/0.5.0-201fc85-SNAPSHOT/ratis-client-0.5.0-201fc85-SNAPSHOT.jar:/home/user/.m2/repository/org/apache/ratis/ratis-metrics/0.5.0-201fc85-SNAPSHOT/ratis-metrics-0.5.0-201fc85-SNAPSHOT.jar:/home/user/.m2/repository/com/github/joshelser/dropwizard-metrics-hadoop-metrics2-reporter/0.1.2/dropwizard-metrics-hadoop-metrics2-reporter-0.1.2.jar:/home/user/.m2/repository/io/dropwizard/metrics/metrics-jvm/3.2.5/metrics-jvm-3.2.5.jar:/home/user/.m2/repository/io/dropwizard/metrics/metrics-ganglia/3.2.5/metrics-ganglia-3.2.5.jar:/home/user/.m2/repository/info/ganglia/gmetric4j/gmetric4j/1.0.7/gmetric4j-1.0.7.jar:/home/user/.m2/repository/org/apache/ratis/ratis-netty/0.5.0-201fc85-SNAPSHOT/ratis-netty-0.5.0-201fc85-SNAPSHOT.jar:/home/user/.m2/repository/org/apache/ratis/ratis-grpc/0.5.0-201fc85-SNAPSHOT/ratis-grpc-0.5.0-201fc85-SNAPSHOT.jar:/home/user/.m2/repository/org/rocksdb/rocksdbjni/6.0.1/rocksdbjni-6.0.1.jar:/home/user/.m2/repository/org/apache/logging/log4j/log4j-api/2.11.0/log4j-api-2.11.0.jar:/home/user/.m2/repository/org/apache/logging/log4j/log4j-core/2.11.0/log4j-core-2.11.0.jar:/home/user/.m2/repository/com/lmax/disruptor/3.4.2/disruptor-3.4.2.jar:/home/user/.m2/repository/org/apache/commons/commons-pool2/2.6.0/commons-pool2-2.6.0.jar:/home/user/.m2/repository/org/bouncycastle/bcpkix-jdk15on/1.60/bcpkix-jdk15on-1.60.jar:/home/user/.m2/repository/commons-validator/commons-validator/1.6/commons-validator-1.6.jar:/home/user/.m2/repository/commons-digester/commons-digester/1.8.1/commons-digester-1.8.1.jar:/home/user/.m2/repository/io/jaegertracing/jaeger-client/0.34.0/jaeger-client-0.34.0.jar:/home/user/.m2/repository/io/jaegertracing/jaeger-thrift/0.34.0/jaeger-thrift-0.34.0.jar:/home/user/.m2/repository/org/apache/thrift/libthrift/0.12.0/libthrift-0.12.0.jar:/home/user/.m2/repository/com/squareup/okhttp3/okhttp/3.9.0/okhttp-3.9.0.jar:/home/user/.m2/repository/com/squareup/okio/okio/1.13.0/okio-1.13.0.jar:/home/user/.m2/repository/io/jaegertracing/jaeger-core/0.34.0/jaeger-core-0.34.0.jar:/home/user/.m2/repository/io/jaegertracing/jaeger-tracerresolver/0.34.0/jaeger-tracerresolver-0.34.0.jar:/home/user/.m2/repository/io/opentracing/contrib/opentracing-tracerresolver/0.1.5/opentracing-tracerresolver-0.1.5.jar:/home/user/.m2/repository/io/opentracing/opentracing-util/0.31.0/opentracing-util-0.31.0.jar:/home/user/.m2/repository/io/opentracing/opentracing-api/0.31.0/opentracing-api-0.31.0.jar:/home/user/.m2/repository/io/opentracing/opentracing-noop/0.31.0/opentracing-noop-0.31.0.jar:/home/user/.m2/repository/org/apache/hadoop/hadoop-hdds-server-framework/0.5.0-SNAPSHOT/hadoop-hdds-server-framework-0.5.0-SNAPSHOT.jar:/home/user/.m2/repository/org/apache/hadoop/hadoop-hdds-container-service/0.5.0-SNAPSHOT/hadoop-hdds-container-service-0.5.0-SNAPSHOT.jar:/home/user/.m2/repository/org/apache/hadoop/hadoop-hdds-client/0.5.0-SNAPSHOT/hadoop-hdds-client-0.5.0-SNAPSHOT.jar:/home/user/.m2/repository/org/apache/hadoop/hadoop-hdds-tools/0.5.0-SNAPSHOT/hadoop-hdds-tools-0.5.0-SNAPSHOT.jar:/home/user/.m2/repository/org/apache/hadoop/hadoop-hdds-server-scm/0.5.0-SNAPSHOT/hadoop-hdds-server-scm-0.5.0-SNAPSHOT.jar:/home/user/.m2/repository/org/apache/hadoop/hadoop-hdds-docs/0.5.0-SNAPSHOT/hadoop-hdds-docs-0.5.0-SNAPSHOT.jar:/home/user/.m2/repository/io/dropwizard/metrics/metrics-core/3.2.4/metrics-core-3.2.4.jar:/home/user/.m2/repository/org/hamcrest/hamcrest-all/1.3/hamcrest-all-1.3.jar:/home/user/.m2/repository/org/bouncycastle/bcprov-jdk15on/1.60/bcprov-jdk15on-1.60.jar:/home/user/.m2/repository/info/picocli/picocli/3.9.6/picocli-3.9.6.jar:/home/user/.m2/repository/com/google/protobuf/protobuf-java/2.5.0/protobuf-java-2.5.0.jar:/home/user/.m2/repository/com/google/guava/guava/11.0.2/guava-11.0.2.jar:/home/user/.m2/repository/org/apache/hadoop/hadoop-ozone-ozone-manager/0.5.0-SNAPSHOT/hadoop-ozone-ozone-manager-0.5.0-SNAPSHOT.jar:/home/user/.m2/repository/org/apache/hadoop/hadoop-minikdc/3.2.0/hadoop-minikdc-3.2.0.jar:/home/user/.m2/repository/commons-io/commons-io/2.5/commons-io-2.5.jar:/home/user/.m2/repository/org/apache/kerby/kerb-simplekdc/1.0.1/kerb-simplekdc-1.0.1.jar:/home/user/.m2/repository/org/apache/kerby/kerb-client/1.0.1/kerb-client-1.0.1.jar:/home/user/.m2/repository/org/apache/kerby/kerby-config/1.0.1/kerby-config-1.0.1.jar:/home/user/.m2/repository/org/apache/kerby/kerb-core/1.0.1/kerb-core-1.0.1.jar:/home/user/.m2/repository/org/apache/kerby/kerby-pkix/1.0.1/kerby-pkix-1.0.1.jar:/home/user/.m2/repository/org/apache/kerby/kerby-asn1/1.0.1/kerby-asn1-1.0.1.jar:/home/user/.m2/repository/org/apache/kerby/kerby-util/1.0.1/kerby-util-1.0.1.jar:/home/user/.m2/repository/org/apache/kerby/kerb-common/1.0.1/kerb-common-1.0.1.jar:/home/user/.m2/repository/org/apache/kerby/kerb-crypto/1.0.1/kerb-crypto-1.0.1.jar:/home/user/.m2/repository/org/apache/kerby/kerb-util/1.0.1/kerb-util-1.0.1.jar:/home/user/.m2/repository/org/apache/kerby/token-provider/1.0.1/token-provider-1.0.1.jar:/home/user/.m2/repository/org/apache/kerby/kerb-admin/1.0.1/kerb-admin-1.0.1.jar:/home/user/.m2/repository/org/apache/kerby/kerb-server/1.0.1/kerb-server-1.0.1.jar:/home/user/.m2/repository/org/apache/kerby/kerb-identity/1.0.1/kerb-identity-1.0.1.jar:/home/user/.m2/repository/org/apache/kerby/kerby-xdr/1.0.1/kerby-xdr-1.0.1.jar:/home/user/.m2/repository/org/slf4j/slf4j-log4j12/1.7.25/slf4j-log4j12-1.7.25.jar:/home/user/.m2/repository/org/apache/hadoop/hadoop-ozone-s3gateway/0.5.0-SNAPSHOT/hadoop-ozone-s3gateway-0.5.0-SNAPSHOT.jar:/home/user/.m2/repository/org/jboss/weld/servlet/weld-servlet/2.4.7.Final/weld-servlet-2.4.7.Final.jar:/home/user/.m2/repository/org/glassfish/jersey/containers/jersey-container-servlet-core/2.27/jersey-container-servlet-core-2.27.jar:/home/user/.m2/repository/org/glassfish/hk2/external/javax.inject/2.5.0-b42/javax.inject-2.5.0-b42.jar:/home/user/.m2/repository/org/glassfish/jersey/core/jersey-common/2.27/jersey-common-2.27.jar:/home/user/.m2/repository/org/glassfish/hk2/osgi-resource-locator/1.0.1/osgi-resource-locator-1.0.1.jar:/home/user/.m2/repository/javax/ws/rs/javax.ws.rs-api/2.1/javax.ws.rs-api-2.1.jar:/home/user/.m2/repository/org/glassfish/jersey/ext/cdi/jersey-cdi1x/2.27/jersey-cdi1x-2.27.jar:/home/user/.m2/repository/org/glassfish/jersey/inject/jersey-hk2/2.27/jersey-hk2-2.27.jar:/home/user/.m2/repository/org/glassfish/hk2/hk2-locator/2.5.0-b42/hk2-locator-2.5.0-b42.jar:/home/user/.m2/repository/org/javassist/javassist/3.22.0-CR2/javassist-3.22.0-CR2.jar:/home/user/.m2/repository/org/glassfish/hk2/hk2-api/2.5.0/hk2-api-2.5.0.jar:/home/user/.m2/repository/org/glassfish/hk2/external/jakarta.inject/2.5.0/jakarta.inject-2.5.0.jar:/home/user/.m2/repository/org/glassfish/hk2/hk2-utils/2.5.0/hk2-utils-2.5.0.jar:/home/user/.m2/repository/jakarta/annotation/jakarta.annotation-api/1.3.4/jakarta.annotation-api-1.3.4.jar:/home/user/.m2/repository/org/glassfish/hk2/external/aopalliance-repackaged/2.5.0/aopalliance-repackaged-2.5.0.jar:/home/user/.m2/repository/com/fasterxml/jackson/dataformat/jackson-dataformat-xml/2.9.0/jackson-dataformat-xml-2.9.0.jar:/home/user/.m2/repository/com/fasterxml/jackson/core/jackson-core/2.9.9/jackson-core-2.9.9.jar:/home/user/.m2/repository/com/fasterxml/jackson/module/jackson-module-jaxb-annotations/2.9.9/jackson-module-jaxb-annotations-2.9.9.jar:/home/user/.m2/repository/javax/enterprise/cdi-api/1.2/cdi-api-1.2.jar:/home/user/.m2/repository/javax/el/javax.el-api/3.0.0/javax.el-api-3.0.0.jar:/home/user/.m2/repository/javax/interceptor/javax.interceptor-api/1.2/javax.interceptor-api-1.2.jar:/home/user/.m2/repository/javax/inject/javax.inject/1/javax.inject-1.jar:/home/user/.m2/repository/com/sun/xml/bind/jaxb-impl/2.3.0.1/jaxb-impl-2.3.0.1.jar:/home/user/.m2/repository/com/sun/xml/bind/jaxb-core/2.3.0.1/jaxb-core-2.3.0.1.jar:/home/user/.m2/repository/javax/xml/bind/jaxb-api/2.3.0/jaxb-api-2.3.0.jar:/home/user/.m2/repository/javax/activation/activation/1.1.1/activation-1.1.1.jar:/home/user/.m2/repository/org/apache/hadoop/hadoop-ozone-csi/0.5.0-SNAPSHOT/hadoop-ozone-csi-0.5.0-SNAPSHOT.jar:/home/user/.m2/repository/com/google/protobuf/protobuf-java-util/3.5.1/protobuf-java-util-3.5.1.jar:/home/user/.m2/repository/org/apache/hadoop/hadoop-hdds-config/0.5.0-SNAPSHOT/hadoop-hdds-config-0.5.0-SNAPSHOT.jar:/home/user/.m2/repository/io/grpc/grpc-netty/1.17.1/grpc-netty-1.17.1.jar:/home/user/.m2/repository/io/grpc/grpc-core/1.17.1/grpc-core-1.17.1.jar:/home/user/.m2/repository/io/grpc/grpc-context/1.17.1/grpc-context-1.17.1.jar:/home/user/.m2/repository/com/google/errorprone/error_prone_annotations/2.2.0/error_prone_annotations-2.2.0.jar:/home/user/.m2/repository/org/codehaus/mojo/animal-sniffer-annotations/1.17/animal-sniffer-annotations-1.17.jar:/home/user/.m2/repository/io/opencensus/opencensus-api/0.17.0/opencensus-api-0.17.0.jar:/home/user/.m2/repository/io/opencensus/opencensus-contrib-grpc-metrics/0.17.0/opencensus-contrib-grpc-metrics-0.17.0.jar:/home/user/.m2/repository/io/netty/netty-codec-http2/4.1.30.Final/netty-codec-http2-4.1.30.Final.jar:/home/user/.m2/repository/io/netty/netty-codec-http/4.1.30.Final/netty-codec-http-4.1.30.Final.jar:/home/user/.m2/repository/io/netty/netty-codec/4.1.30.Final/netty-codec-4.1.30.Final.jar:/home/user/.m2/repository/io/netty/netty-handler/4.1.30.Final/netty-handler-4.1.30.Final.jar:/home/user/.m2/repository/io/netty/netty-handler-proxy/4.1.30.Final/netty-handler-proxy-4.1.30.Final.jar:/home/user/.m2/repository/io/netty/netty-codec-socks/4.1.30.Final/netty-codec-socks-4.1.30.Final.jar:/home/user/.m2/repository/io/netty/netty-transport-native-epoll/4.1.30.Final/netty-transport-native-epoll-4.1.30.Final.jar:/home/user/.m2/repository/io/netty/netty-common/4.1.30.Final/netty-common-4.1.30.Final.jar:/home/user/.m2/repository/io/netty/netty-buffer/4.1.30.Final/netty-buffer-4.1.30.Final.jar:/home/user/.m2/repository/io/netty/netty-transport/4.1.30.Final/netty-transport-4.1.30.Final.jar:/home/user/.m2/repository/io/netty/netty-resolver/4.1.30.Final/netty-resolver-4.1.30.Final.jar:/home/user/.m2/repository/io/netty/netty-transport-native-unix-common/4.1.30.Final/netty-transport-native-unix-common-4.1.30.Final.jar:/home/user/.m2/repository/io/grpc/grpc-protobuf/1.17.1/grpc-protobuf-1.17.1.jar:/home/user/.m2/repository/com/google/api/grpc/proto-google-common-protos/1.0.0/proto-google-common-protos-1.0.0.jar:/home/user/.m2/repository/io/grpc/grpc-protobuf-lite/1.17.1/grpc-protobuf-lite-1.17.1.jar:/home/user/.m2/repository/io/grpc/grpc-stub/1.17.1/grpc-stub-1.17.1.jar:/home/user/.m2/repository/org/apache/hadoop/hadoop-ozone-recon/0.5.0-SNAPSHOT/hadoop-ozone-recon-0.5.0-SNAPSHOT.jar:/home/user/.m2/repository/org/apache/hadoop/hadoop-ozone-reconcodegen/0.5.0-SNAPSHOT/hadoop-ozone-reconcodegen-0.5.0-SNAPSHOT.jar:/home/user/.m2/repository/com/google/inject/extensions/guice-multibindings/4.0/guice-multibindings-4.0.jar:/home/user/.m2/repository/com/google/inject/guice/4.0/guice-4.0.jar:/home/user/.m2/repository/aopalliance/aopalliance/1.0/aopalliance-1.0.jar:/home/user/.m2/repository/com/google/inject/extensions/guice-servlet/4.0/guice-servlet-4.0.jar:/home/user/.m2/repository/org/glassfish/jersey/containers/jersey-container-servlet/2.27/jersey-container-servlet-2.27.jar:/home/user/.m2/repository/org/glassfish/hk2/guice-bridge/2.5.0/guice-bridge-2.5.0.jar:/home/user/.m2/repository/org/glassfish/jersey/core/jersey-server/2.27/jersey-server-2.27.jar:/home/user/.m2/repository/org/glassfish/jersey/core/jersey-client/2.27/jersey-client-2.27.jar:/home/user/.m2/repository/org/glassfish/jersey/media/jersey-media-jaxb/2.27/jersey-media-jaxb-2.27.jar:/home/user/.m2/repository/javax/validation/validation-api/1.1.0.Final/validation-api-1.1.0.Final.jar:/home/user/.m2/repository/org/glassfish/jersey/media/jersey-media-json-jackson/2.27/jersey-media-json-jackson-2.27.jar:/home/user/.m2/repository/org/glassfish/jersey/ext/jersey-entity-filtering/2.27/jersey-entity-filtering-2.27.jar:/home/user/.m2/repository/com/google/inject/extensions/guice-assistedinject/4.0/guice-assistedinject-4.0.jar:/home/user/.m2/repository/org/jooq/jooq/3.11.10/jooq-3.11.10.jar:/home/user/.m2/repository/org/jooq/jooq-meta/3.11.10/jooq-meta-3.11.10.jar:/home/user/.m2/repository/org/jooq/jooq-codegen/3.11.10/jooq-codegen-3.11.10.jar:/home/user/.m2/repository/com/jolbox/bonecp/0.8.0.RELEASE/bonecp-0.8.0.RELEASE.jar:/home/user/.m2/repository/org/xerial/sqlite-jdbc/3.25.2/sqlite-jdbc-3.25.2.jar:/home/user/.m2/repository/org/springframework/spring-jdbc/5.1.3.RELEASE/spring-jdbc-5.1.3.RELEASE.jar:/home/user/.m2/repository/org/springframework/spring-beans/5.1.3.RELEASE/spring-beans-5.1.3.RELEASE.jar:/home/user/.m2/repository/org/springframework/spring-core/5.1.3.RELEASE/spring-core-5.1.3.RELEASE.jar:/home/user/.m2/repository/org/springframework/spring-jcl/5.1.3.RELEASE/spring-jcl-5.1.3.RELEASE.jar:/home/user/.m2/repository/org/springframework/spring-tx/5.1.3.RELEASE/spring-tx-5.1.3.RELEASE.jar:/home/user/.m2/repository/org/apache/hadoop/hadoop-ozone-client/0.5.0-SNAPSHOT/hadoop-ozone-client-0.5.0-SNAPSHOT.jar:/home/user/.m2/repository/commons-lang/commons-lang/2.6/commons-lang-2.6.jar:/home/user/.m2/repository/org/apache/hadoop/hadoop-ozone-ozone-manager/0.5.0-SNAPSHOT/hadoop-ozone-ozone-manager-0.5.0-SNAPSHOT-tests.jar:/home/user/.m2/repository/junit/junit/4.11/junit-4.11.jar:/home/user/.m2/repository/org/hamcrest/hamcrest-core/1.3/hamcrest-core-1.3.jar:/home/user/.m2/repository/org/openjdk/jmh/jmh-core/1.19/jmh-core-1.19.jar:/home/user/.m2/repository/net/sf/jopt-simple/jopt-simple/4.6/jopt-simple-4.6.jar:/home/user/.m2/repository/org/apache/commons/commons-math3/3.1.1/commons-math3-3.1.1.jar:/home/user/.m2/repository/org/openjdk/jmh/jmh-generator-annprocess/1.19/jmh-generator-annprocess-1.19.jar:/home/user/.m2/repository/org/mockito/mockito-all/1.8.5/mockito-all-1.8.5.jar:/home/user/.m2/repository/org/apache/hadoop/hadoop-kms/3.2.0/hadoop-kms-3.2.0.jar:/home/user/.m2/repository/org/apache/hadoop/hadoop-auth/3.2.0/hadoop-auth-3.2.0.jar:/home/user/.m2/repository/com/nimbusds/nimbus-jose-jwt/4.41.1/nimbus-jose-jwt-4.41.1.jar:/home/user/.m2/repository/com/github/stephenc/jcip/jcip-annotations/1.0-1/jcip-annotations-1.0-1.jar:/home/user/.m2/repository/net/minidev/json-smart/2.3/json-smart-2.3.jar:/home/user/.m2/repository/net/minidev/accessors-smart/1.2/accessors-smart-1.2.jar:/home/user/.m2/repository/org/ow2/asm/asm/5.0.4/asm-5.0.4.jar:/home/user/.m2/repository/org/apache/curator/curator-framework/2.12.0/curator-framework-2.12.0.jar:/home/user/.m2/repository/com/sun/jersey/jersey-core/1.19/jersey-core-1.19.jar:/home/user/.m2/repository/javax/ws/rs/jsr311-api/1.1.1/jsr311-api-1.1.1.jar:/home/user/.m2/repository/com/sun/jersey/jersey-server/1.19/jersey-server-1.19.jar:/home/user/.m2/repository/javax/servlet/javax.servlet-api/3.1.0/javax.servlet-api-3.1.0.jar:/home/user/.m2/repository/org/eclipse/jetty/jetty-server/9.3.25.v20180904/jetty-server-9.3.25.v20180904.jar:/home/user/.m2/repository/org/eclipse/jetty/jetty-http/9.3.25.v20180904/jetty-http-9.3.25.v20180904.jar:/home/user/.m2/repository/org/eclipse/jetty/jetty-io/9.3.25.v20180904/jetty-io-9.3.25.v20180904.jar:/home/user/.m2/repository/org/eclipse/jetty/jetty-webapp/9.3.25.v20180904/jetty-webapp-9.3.25.v20180904.jar:/home/user/.m2/repository/org/eclipse/jetty/jetty-xml/9.3.25.v20180904/jetty-xml-9.3.25.v20180904.jar:/home/user/.m2/repository/log4j/log4j/1.2.17/log4j-1.2.17.jar:/home/user/.m2/repository/org/slf4j/slf4j-api/1.7.25/slf4j-api-1.7.25.jar:/home/user/.m2/repository/org/slf4j/jul-to-slf4j/1.7.25/jul-to-slf4j-1.7.25.jar:/home/user/.m2/repository/org/eclipse/jetty/jetty-util/9.3.25.v20180904/jetty-util-9.3.25.v20180904.jar:/home/user/.m2/repository/com/fasterxml/jackson/core/jackson-databind/2.9.9/jackson-databind-2.9.9.jar:/home/user/.m2/repository/org/apache/hadoop/hadoop-kms/3.2.0/hadoop-kms-3.2.0-tests.jar:/home/user/.m2/repository/org/apache/hadoop/hadoop-hdds-server-scm/0.5.0-SNAPSHOT/hadoop-hdds-server-scm-0.5.0-SNAPSHOT-tests.jar:/home/user/.m2/repository/org/apache/hadoop/hadoop-hdds-container-service/0.5.0-SNAPSHOT/hadoop-hdds-container-service-0.5.0-SNAPSHOT-tests.jar:/home/user/.m2/repository/org/yaml/snakeyaml/1.16/snakeyaml-1.16.jar:/home/user/.m2/repository/org/apache/hadoop/hadoop-common/3.2.0/hadoop-common-3.2.0-tests.jar:/home/user/.m2/repository/org/apache/hadoop/hadoop-annotations/3.2.0/hadoop-annotations-3.2.0.jar:/usr/lib/jvm/java-1.8-openjdk/jre/../lib/tools.jar:/home/user/.m2/repository/commons-cli/commons-cli/1.2/commons-cli-1.2.jar:/home/user/.m2/repository/org/apache/httpcomponents/httpclient/4.5.2/httpclient-4.5.2.jar:/home/user/.m2/repository/org/apache/httpcomponents/httpcore/4.4.4/httpcore-4.4.4.jar:/home/user/.m2/repository/commons-codec/commons-codec/1.11/commons-codec-1.11.jar:/home/user/.m2/repository/commons-net/commons-net/3.6/commons-net-3.6.jar:/home/user/.m2/repository/commons-collections/commons-collections/3.2.2/commons-collections-3.2.2.jar:/home/user/.m2/repository/org/eclipse/jetty/jetty-servlet/9.3.25.v20180904/jetty-servlet-9.3.25.v20180904.jar:/home/user/.m2/repository/org/eclipse/jetty/jetty-security/9.3.25.v20180904/jetty-security-9.3.25.v20180904.jar:/home/user/.m2/repository/javax/servlet/jsp/jsp-api/2.1/jsp-api-2.1.jar:/home/user/.m2/repository/com/sun/jersey/jersey-servlet/1.19/jersey-servlet-1.19.jar:/home/user/.m2/repository/com/sun/jersey/jersey-json/1.19/jersey-json-1.19.jar:/home/user/.m2/repository/org/codehaus/jettison/jettison/1.1/jettison-1.1.jar:/home/user/.m2/repository/org/codehaus/jackson/jackson-core-asl/1.9.13/jackson-core-asl-1.9.13.jar:/home/user/.m2/repository/org/codehaus/jackson/jackson-mapper-asl/1.9.13/jackson-mapper-asl-1.9.13.jar:/home/user/.m2/repository/org/codehaus/jackson/jackson-jaxrs/1.9.13/jackson-jaxrs-1.9.13.jar:/home/user/.m2/repository/org/codehaus/jackson/jackson-xc/1.9.13/jackson-xc-1.9.13.jar:/home/user/.m2/repository/commons-logging/commons-logging/1.1.3/commons-logging-1.1.3.jar:/home/user/.m2/repository/commons-beanutils/commons-beanutils/1.9.4/commons-beanutils-1.9.4.jar:/home/user/.m2/repository/org/apache/commons/commons-configuration2/2.1.1/commons-configuration2-2.1.1.jar:/home/user/.m2/repository/org/apache/commons/commons-lang3/3.7/commons-lang3-3.7.jar:/home/user/.m2/repository/org/apache/commons/commons-text/1.4/commons-text-1.4.jar:/home/user/.m2/repository/org/apache/avro/avro/1.7.7/avro-1.7.7.jar:/home/user/.m2/repository/com/thoughtworks/paranamer/paranamer/2.3/paranamer-2.3.jar:/home/user/.m2/repository/org/xerial/snappy/snappy-java/1.0.5/snappy-java-1.0.5.jar:/home/user/.m2/repository/com/google/re2j/re2j/1.1/re2j-1.1.jar:/home/user/.m2/repository/com/google/code/gson/gson/2.2.4/gson-2.2.4.jar:/home/user/.m2/repository/com/jcraft/jsch/0.1.54/jsch-0.1.54.jar:/home/user/.m2/repository/org/apache/curator/curator-client/2.12.0/curator-client-2.12.0.jar:/home/user/.m2/repository/org/apache/curator/curator-recipes/2.12.0/curator-recipes-2.12.0.jar:/home/user/.m2/repository/com/google/code/findbugs/jsr305/3.0.0/jsr305-3.0.0.jar:/home/user/.m2/repository/org/apache/htrace/htrace-core4/4.1.0-incubating/htrace-core4-4.1.0-incubating.jar:/home/user/.m2/repository/org/apache/zookeeper/zookeeper/3.4.13/zookeeper-3.4.13.jar:/home/user/.m2/repository/jline/jline/0.9.94/jline-0.9.94.jar:/home/user/.m2/repository/org/apache/yetus/audience-annotations/0.5.0/audience-annotations-0.5.0.jar:/home/user/.m2/repository/org/codehaus/woodstox/stax2-api/3.1.4/stax2-api-3.1.4.jar:/home/user/.m2/repository/com/fasterxml/woodstox/woodstox-core/5.0.3/woodstox-core-5.0.3.jar:/home/user/.m2/repository/dnsjava/dnsjava/2.1.7/dnsjava-2.1.7.jar:/home/user/.m2/repository/org/apache/hadoop/hadoop-hdfs/3.2.0/hadoop-hdfs-3.2.0-tests.jar:/home/user/.m2/repository/org/eclipse/jetty/jetty-util-ajax/9.3.25.v20180904/jetty-util-ajax-9.3.25.v20180904.jar:/home/user/.m2/repository/commons-daemon/commons-daemon/1.0.13/commons-daemon-1.0.13.jar:/home/user/.m2/repository/io/netty/netty/3.10.5.Final/netty-3.10.5.Final.jar:/home/user/.m2/repository/io/netty/netty-all/4.0.52.Final/netty-all-4.0.52.Final.jar:/home/user/.m2/repository/org/fusesource/leveldbjni/leveldbjni-all/1.8/leveldbjni-all-1.8.jar:"/>
    <property name="sun.cpu.endian" value="little"/>
    <property name="user.home" value="/home/user"/>
    <property name="user.language" value="en"/>
    <property name="java.specification.vendor" value="Oracle Corporation"/>
    <property name="java.home" value="/usr/lib/jvm/java-1.8-openjdk/jre"/>
    <property name="java.security.krb5.conf" value="/workdir/hadoop-ozone/integration-test/target/test-classes/krb5.conf"/>
    <property name="basedir" value="/workdir/hadoop-ozone/integration-test"/>
    <property name="file.separator" value="/"/>
    <property name="line.separator" value="&#10;"/>
    <property name="java.vm.specification.vendor" value="Oracle Corporation"/>
    <property name="java.specification.name" value="Java Platform API Specification"/>
    <property name="java.awt.graphicsenv" value="sun.awt.X11GraphicsEnvironment"/>
    <property name="surefire.real.class.path" value="/workdir/hadoop-ozone/integration-test/target/surefire/surefirebooter8618422768997931921.jar"/>
    <property name="hadoop.log.dir" value="/workdir/hadoop-ozone/integration-test/target/log"/>
    <property name="sun.boot.class.path" value="/usr/lib/jvm/java-1.8-openjdk/jre/lib/resources.jar:/usr/lib/jvm/java-1.8-openjdk/jre/lib/rt.jar:/usr/lib/jvm/java-1.8-openjdk/jre/lib/sunrsasign.jar:/usr/lib/jvm/java-1.8-openjdk/jre/lib/jsse.jar:/usr/lib/jvm/java-1.8-openjdk/jre/lib/jce.jar:/usr/lib/jvm/java-1.8-openjdk/jre/lib/charsets.jar:/usr/lib/jvm/java-1.8-openjdk/jre/lib/jfr.jar:/usr/lib/jvm/java-1.8-openjdk/jre/classes"/>
    <property name="sun.management.compiler" value="HotSpot 64-Bit Tiered Compilers"/>
    <property name="java.runtime.version" value="1.8.0_212-b04"/>
    <property name="java.net.preferIPv4Stack" value="true"/>
    <property name="user.name" value="jenkins1000"/>
    <property name="path.separator" value=":"/>
    <property name="java.security.egd" value="file:///dev/urandom"/>
    <property name="os.version" value="3.10.0-957.12.2.el7.x86_64"/>
    <property name="java.endorsed.dirs" value="/usr/lib/jvm/java-1.8-openjdk/jre/lib/endorsed"/>
    <property name="java.runtime.name" value="OpenJDK Runtime Environment"/>
    <property name="file.encoding" value="UTF-8"/>
    <property name="java.vm.name" value="OpenJDK 64-Bit Server VM"/>
    <property name="test.build.webapps" value=""/>
    <property name="localRepository" value="/home/user/.m2/repository"/>
    <property name="java.vendor.url.bug" value="https://icedtea.classpath.org/bugzilla"/>
    <property name="java.io.tmpdir" value="/tmp"/>
    <property name="require.test.libhadoop" value=""/>
    <property name="java.version" value="1.8.0_212"/>
    <property name="user.dir" value="/workdir/hadoop-ozone/integration-test"/>
    <property name="os.arch" value="amd64"/>
    <property name="java.vm.specification.name" value="Java Virtual Machine Specification"/>
    <property name="test.build.classes" value="/workdir/hadoop-ozone/integration-test/target/test-classes"/>
    <property name="java.awt.printerjob" value="sun.print.PSPrinterJob"/>
    <property name="sun.os.patch.level" value="unknown"/>
    <property name="hadoop.tmp.dir" value="/workdir/hadoop-ozone/integration-test/target/tmp"/>
    <property name="java.library.path" value="/usr/lib/jvm/java-1.8-openjdk/jre/lib/amd64/server:/usr/lib/jvm/java-1.8-openjdk/jre/lib/amd64:/usr/lib/jvm/java-1.8-openjdk/jre/../lib/amd64:/workdir/hadoop-ozone/integration-test/target/native/target/usr/local/lib:/workdir/hadoop-ozone/integration-test/../../hadoop-common-project/hadoop-common/target/native/target/usr/local/lib:/usr/java/packages/lib/amd64:/usr/lib64:/lib64:/lib:/usr/lib"/>
    <property name="java.vm.info" value="mixed mode"/>
    <property name="java.vendor" value="IcedTea"/>
    <property name="java.vm.version" value="25.212-b04"/>
    <property name="java.ext.dirs" value="/usr/lib/jvm/java-1.8-openjdk/jre/lib/ext:/usr/java/packages/lib/ext"/>
    <property name="sun.io.unicode.encoding" value="UnicodeLittle"/>
    <property name="java.class.version" value="52.0"/>
  </properties>
  <testcase name="testWatchForCommitWithKeyWrite" classname="org.apache.hadoop.ozone.client.rpc.TestWatchForCommit" time="85.237"/>
  <testcase name="testWatchForCommitWithSmallerTimeoutValue" classname="org.apache.hadoop.ozone.client.rpc.TestWatchForCommit" time="49.682"/>
  <testcase name="testWatchForCommitForRetryfailure" classname="org.apache.hadoop.ozone.client.rpc.TestWatchForCommit" time="75.321"/>
  <testcase name="testWatchForCommitForGroupMismatchException" classname="org.apache.hadoop.ozone.client.rpc.TestWatchForCommit" time="34.139"/>
  <testcase name="test2WayCommitForTimeoutException" classname="org.apache.hadoop.ozone.client.rpc.TestWatchForCommit" time="29.618">
    <error type="java.util.concurrent.TimeoutException">java.util.concurrent.TimeoutException
	at java.util.concurrent.CompletableFuture.timedGet(CompletableFuture.java:1771)
	at java.util.concurrent.CompletableFuture.get(CompletableFuture.java:1915)
	at org.apache.hadoop.hdds.scm.XceiverClientRatis.watchForCommit(XceiverClientRatis.java:298)
	at org.apache.hadoop.ozone.client.rpc.TestWatchForCommit.test2WayCommitForTimeoutException(TestWatchForCommit.java:391)
	at sun.reflect.NativeMethodAccessorImpl.invoke0(Native Method)
	at sun.reflect.NativeMethodAccessorImpl.invoke(NativeMethodAccessorImpl.java:62)
	at sun.reflect.DelegatingMethodAccessorImpl.invoke(DelegatingMethodAccessorImpl.java:43)
	at java.lang.reflect.Method.invoke(Method.java:498)
	at org.junit.runners.model.FrameworkMethod$1.runReflectiveCall(FrameworkMethod.java:47)
	at org.junit.internal.runners.model.ReflectiveCallable.run(ReflectiveCallable.java:12)
	at org.junit.runners.model.FrameworkMethod.invokeExplosively(FrameworkMethod.java:44)
	at org.junit.internal.runners.statements.InvokeMethod.evaluate(InvokeMethod.java:17)
	at org.junit.runners.ParentRunner.runLeaf(ParentRunner.java:271)
	at org.junit.runners.BlockJUnit4ClassRunner.runChild(BlockJUnit4ClassRunner.java:70)
	at org.junit.runners.BlockJUnit4ClassRunner.runChild(BlockJUnit4ClassRunner.java:50)
	at org.junit.runners.ParentRunner$3.run(ParentRunner.java:238)
	at org.junit.runners.ParentRunner$1.schedule(ParentRunner.java:63)
	at org.junit.runners.ParentRunner.runChildren(ParentRunner.java:236)
	at org.junit.runners.ParentRunner.access$000(ParentRunner.java:53)
	at org.junit.runners.ParentRunner$2.evaluate(ParentRunner.java:229)
	at org.junit.runners.ParentRunner.run(ParentRunner.java:309)
	at org.apache.maven.surefire.junit4.JUnit4Provider.execute(JUnit4Provider.java:365)
	at org.apache.maven.surefire.junit4.JUnit4Provider.executeWithRerun(JUnit4Provider.java:273)
	at org.apache.maven.surefire.junit4.JUnit4Provider.executeTestSet(JUnit4Provider.java:238)
	at org.apache.maven.surefire.junit4.JUnit4Provider.invoke(JUnit4Provider.java:159)
	at org.apache.maven.surefire.booter.ForkedBooter.invokeProviderInSameClassLoader(ForkedBooter.java:384)
	at org.apache.maven.surefire.booter.ForkedBooter.runSuitesInProcess(ForkedBooter.java:345)
	at org.apache.maven.surefire.booter.ForkedBooter.execute(ForkedBooter.java:126)
	at org.apache.maven.surefire.booter.ForkedBooter.main(ForkedBooter.java:418)
</error>
    <system-out><![CDATA[2019-10-01 12:54:14,497 [main] WARN  server.ServerUtils (ServerUtils.java:getScmDbDir(145)) - ozone.scm.db.dirs is not configured. We recommend adding this setting. Falling back to ozone.metadata.dirs instead.
2019-10-01 12:54:14,522 [main] WARN  server.ServerUtils (ServerUtils.java:getScmDbDir(145)) - ozone.scm.db.dirs is not configured. We recommend adding this setting. Falling back to ozone.metadata.dirs instead.
2019-10-01 12:54:14,522 [main] WARN  server.ServerUtils (ServerUtils.java:getScmDbDir(145)) - ozone.scm.db.dirs is not configured. We recommend adding this setting. Falling back to ozone.metadata.dirs instead.
2019-10-01 12:54:14,523 [main] INFO  db.DBStoreBuilder (DBStoreBuilder.java:addTable(110)) - using custom profile for table: deletedBlocks
2019-10-01 12:54:14,523 [main] INFO  db.DBStoreBuilder (DBStoreBuilder.java:processTables(161)) - Using default column profile:DBProfile.DISK for Table:deletedBlocks
2019-10-01 12:54:14,523 [main] INFO  db.DBStoreBuilder (DBStoreBuilder.java:addTable(110)) - using custom profile for table: validCerts
2019-10-01 12:54:14,523 [main] INFO  db.DBStoreBuilder (DBStoreBuilder.java:processTables(161)) - Using default column profile:DBProfile.DISK for Table:validCerts
2019-10-01 12:54:14,523 [main] INFO  db.DBStoreBuilder (DBStoreBuilder.java:addTable(110)) - using custom profile for table: revokedCerts
2019-10-01 12:54:14,523 [main] INFO  db.DBStoreBuilder (DBStoreBuilder.java:processTables(161)) - Using default column profile:DBProfile.DISK for Table:revokedCerts
2019-10-01 12:54:14,524 [main] INFO  db.DBStoreBuilder (DBStoreBuilder.java:addTable(110)) - using custom profile for table: default
2019-10-01 12:54:14,524 [main] INFO  db.DBStoreBuilder (DBStoreBuilder.java:processTables(167)) - Using default column profile:DBProfile.DISK for Table:default
2019-10-01 12:54:14,524 [main] INFO  db.DBStoreBuilder (DBStoreBuilder.java:getDbProfile(198)) - Using default options. DBProfile.DISK
2019-10-01 12:54:14,873 [main] INFO  net.NodeSchemaLoader (NodeSchemaLoader.java:loadSchemaFromFile(125)) - Loading file from sun.misc.CompoundEnumeration@49580ca8
2019-10-01 12:54:14,873 [main] INFO  net.NodeSchemaLoader (NodeSchemaLoader.java:loadSchema(171)) - Loading network topology layer schema file
2019-10-01 12:54:14,878 [main] WARN  server.ServerUtils (ServerUtils.java:sanitizeUserArgs(70)) - ozone.scm.stale.node.interval value = 300000 is larger than max = 100000 based on the key value of ozone.scm.heartbeat.thread.interval, reset to the max value 100000.
2019-10-01 12:54:14,878 [main] WARN  server.ServerUtils (ServerUtils.java:sanitizeUserArgs(70)) - ozone.scm.stale.node.interval value = 300000 is larger than max = 100000 based on the key value of ozone.scm.heartbeat.thread.interval, reset to the max value 100000.
2019-10-01 12:54:14,879 [main] INFO  node.SCMNodeManager (SCMNodeManager.java:<init>(116)) - Entering startup safe mode.
2019-10-01 12:54:14,879 [main] INFO  algorithms.ContainerPlacementPolicyFactory (ContainerPlacementPolicyFactory.java:getPolicy(57)) - Create container placement policy of type org.apache.hadoop.hdds.scm.container.placement.algorithms.SCMContainerPlacementRandom
2019-10-01 12:54:14,880 [main] WARN  server.ServerUtils (ServerUtils.java:getScmDbDir(145)) - ozone.scm.db.dirs is not configured. We recommend adding this setting. Falling back to ozone.metadata.dirs instead.
2019-10-01 12:54:15,014 [main] INFO  pipeline.SCMPipelineManager (SCMPipelineManager.java:initializePipelineState(132)) - No pipeline exists in current db
2019-10-01 12:54:15,014 [main] WARN  server.ServerUtils (ServerUtils.java:getScmDbDir(145)) - ozone.scm.db.dirs is not configured. We recommend adding this setting. Falling back to ozone.metadata.dirs instead.
2019-10-01 12:54:15,151 [main] WARN  events.EventQueue (EventQueue.java:fireEvent(183)) - No event handler registered for event TypedEvent{payloadType=SafeModeStatus, name='SafeModeStatus'}
2019-10-01 12:54:15,152 [main] INFO  ipc.CallQueueManager (CallQueueManager.java:<init>(84)) - Using callQueue: class java.util.concurrent.LinkedBlockingQueue, queueCapacity: 2000, scheduler: class org.apache.hadoop.ipc.DefaultRpcScheduler, ipcBackoff: false.
2019-10-01 12:54:15,153 [Socket Reader #1 for port 43696] INFO  ipc.Server (Server.java:run(1074)) - Starting Socket Reader #1 for port 43696
2019-10-01 12:54:15,156 [main] INFO  ipc.CallQueueManager (CallQueueManager.java:<init>(84)) - Using callQueue: class java.util.concurrent.LinkedBlockingQueue, queueCapacity: 2000, scheduler: class org.apache.hadoop.ipc.DefaultRpcScheduler, ipcBackoff: false.
2019-10-01 12:54:15,156 [Socket Reader #1 for port 42366] INFO  ipc.Server (Server.java:run(1074)) - Starting Socket Reader #1 for port 42366
2019-10-01 12:54:15,158 [main] INFO  ipc.CallQueueManager (CallQueueManager.java:<init>(84)) - Using callQueue: class java.util.concurrent.LinkedBlockingQueue, queueCapacity: 2000, scheduler: class org.apache.hadoop.ipc.DefaultRpcScheduler, ipcBackoff: false.
2019-10-01 12:54:15,159 [Socket Reader #1 for port 39671] INFO  ipc.Server (Server.java:run(1074)) - Starting Socket Reader #1 for port 39671
2019-10-01 12:54:15,162 [main] INFO  hdfs.DFSUtil (DFSUtil.java:httpServerTemplateForNNAndJN(1641)) - Starting Web-server for scm at: http://0.0.0.0:0
2019-10-01 12:54:15,165 [main] INFO  server.AuthenticationFilter (AuthenticationFilter.java:constructSecretProvider(240)) - Unable to initialize FileSignerSecretProvider, falling back to use random secrets.
2019-10-01 12:54:15,166 [main] WARN  http.HttpRequestLog (HttpRequestLog.java:getRequestLog(97)) - Jetty request log can only be enabled using Log4j
2019-10-01 12:54:15,168 [main] INFO  http.HttpServer2 (HttpServer2.java:addGlobalFilter(975)) - Added global filter 'safety' (class=org.apache.hadoop.http.HttpServer2$QuotingInputFilter)
2019-10-01 12:54:15,169 [main] INFO  http.HttpServer2 (HttpServer2.java:addFilter(948)) - Added filter static_user_filter (class=org.apache.hadoop.http.lib.StaticUserWebFilter$StaticUserFilter) to context scm
2019-10-01 12:54:15,169 [main] INFO  http.HttpServer2 (HttpServer2.java:addFilter(958)) - Added filter static_user_filter (class=org.apache.hadoop.http.lib.StaticUserWebFilter$StaticUserFilter) to context static
2019-10-01 12:54:15,170 [main] INFO  http.HttpServer2 (HttpServer2.java:addFilter(958)) - Added filter static_user_filter (class=org.apache.hadoop.http.lib.StaticUserWebFilter$StaticUserFilter) to context logs
2019-10-01 12:54:15,172 [main] INFO  server.StorageContainerManager (StorageContainerManager.java:start(770)) - StorageContainerLocationProtocol RPC server is listening at /0.0.0.0:39671
2019-10-01 12:54:15,176 [main] WARN  impl.MetricsConfig (MetricsConfig.java:loadFirst(134)) - Cannot locate configuration: tried hadoop-metrics2-storagecontainermanager.properties,hadoop-metrics2.properties
2019-10-01 12:54:15,177 [main] INFO  impl.MetricsSystemImpl (MetricsSystemImpl.java:startTimer(374)) - Scheduled Metric snapshot period at 10 second(s).
2019-10-01 12:54:15,177 [main] INFO  impl.MetricsSystemImpl (MetricsSystemImpl.java:start(191)) - StorageContainerManager metrics system started
2019-10-01 12:54:15,304 [main] WARN  impl.MetricsSystemImpl (MetricsSystemImpl.java:register(276)) - Sink prometheus already exists!
2019-10-01 12:54:15,385 [main] INFO  server.SCMClientProtocolServer (SCMClientProtocolServer.java:start(150)) - RPC server for Client  is listening at /0.0.0.0:39671
2019-10-01 12:54:15,385 [IPC Server Responder] INFO  ipc.Server (Server.java:run(1314)) - IPC Server Responder: starting
2019-10-01 12:54:15,385 [IPC Server listener on 39671] INFO  ipc.Server (Server.java:run(1153)) - IPC Server listener on 39671: starting
2019-10-01 12:54:15,389 [main] INFO  server.StorageContainerManager (StorageContainerManager.java:start(780)) - ScmBlockLocationProtocol RPC server is listening at /0.0.0.0:42366
2019-10-01 12:54:15,389 [main] INFO  server.SCMBlockProtocolServer (SCMBlockProtocolServer.java:start(148)) - RPC server for Block Protocol is listening at /0.0.0.0:42366
2019-10-01 12:54:15,389 [IPC Server Responder] INFO  ipc.Server (Server.java:run(1314)) - IPC Server Responder: starting
2019-10-01 12:54:15,389 [IPC Server listener on 42366] INFO  ipc.Server (Server.java:run(1153)) - IPC Server listener on 42366: starting
2019-10-01 12:54:15,397 [main] INFO  server.StorageContainerManager (StorageContainerManager.java:start(784)) - ScmDatanodeProtocl RPC server is listening at /0.0.0.0:43696
2019-10-01 12:54:15,397 [main] INFO  server.SCMDatanodeProtocolServer (SCMDatanodeProtocolServer.java:start(191)) - RPC server for DataNodes is listening at /0.0.0.0:43696
2019-10-01 12:54:15,398 [IPC Server Responder] INFO  ipc.Server (Server.java:run(1314)) - IPC Server Responder: starting
2019-10-01 12:54:15,398 [IPC Server listener on 43696] INFO  ipc.Server (Server.java:run(1153)) - IPC Server listener on 43696: starting
2019-10-01 12:54:15,401 [main] INFO  http.HttpServer2 (HttpServer2.java:bindListener(1191)) - Jetty bound to port 46636
2019-10-01 12:54:15,401 [main] INFO  server.Server (Server.java:doStart(351)) - jetty-9.3.25.v20180904, build timestamp: 2018-09-04T21:11:46Z, git hash: 3ce520221d0240229c862b122d2b06c12a625732
2019-10-01 12:54:15,403 [main] INFO  handler.ContextHandler (ContextHandler.java:doStart(781)) - Started o.e.j.s.ServletContextHandler@4b03cbad{/logs,file:///workdir/hadoop-ozone/integration-test/target/log,AVAILABLE}
2019-10-01 12:54:15,403 [main] INFO  handler.ContextHandler (ContextHandler.java:doStart(781)) - Started o.e.j.s.ServletContextHandler@5c313224{/static,file:///workdir/hadoop-ozone/integration-test/target/test-classes/webapps/static,AVAILABLE}
2019-10-01 12:54:15,407 [main] INFO  handler.ContextHandler (ContextHandler.java:doStart(781)) - Started o.e.j.w.WebAppContext@340cb97f{/,file:///workdir/hadoop-ozone/integration-test/target/test-classes/webapps/scm/,AVAILABLE}{/scm}
2019-10-01 12:54:15,407 [main] INFO  server.AbstractConnector (AbstractConnector.java:doStart(278)) - Started ServerConnector@6a1568d6{HTTP/1.1,[http/1.1]}{0.0.0.0:46636}
2019-10-01 12:54:15,408 [main] INFO  server.Server (Server.java:doStart(419)) - Started @245709ms
2019-10-01 12:54:15,408 [main] WARN  impl.MetricsSystemImpl (MetricsSystemImpl.java:register(276)) - Sink prometheus already exists!
2019-10-01 12:54:15,409 [main] INFO  server.BaseHttpServer (BaseHttpServer.java:updateConnectorAddress(215)) - HTTP server of SCM is listening at http://0.0.0.0:46636
2019-10-01 12:54:15,410 [main] WARN  server.ServerUtils (ServerUtils.java:getDBPath(222)) - ozone.om.db.dirs is not configured. We recommend adding this setting. Falling back to ozone.metadata.dirs instead.
2019-10-01 12:54:15,410 [org.apache.hadoop.util.JvmPauseMonitor$Monitor@1b37fbec] INFO  util.JvmPauseMonitor (JvmPauseMonitor.java:run(188)) - Starting JVM pause monitor
2019-10-01 12:54:15,448 [main] WARN  server.ServerUtils (ServerUtils.java:getDBPath(222)) - ozone.om.db.dirs is not configured. We recommend adding this setting. Falling back to ozone.metadata.dirs instead.
2019-10-01 12:54:15,448 [main] WARN  server.ServerUtils (ServerUtils.java:getDBPath(222)) - ozone.om.db.dirs is not configured. We recommend adding this setting. Falling back to ozone.metadata.dirs instead.
2019-10-01 12:54:15,449 [main] INFO  om.OzoneManager (OzoneManager.java:setOMNodeDetails(652)) - OM Service ID is not set. Setting it to the default ID: omServiceIdDefault
2019-10-01 12:54:15,449 [main] INFO  om.OzoneManager (OzoneManager.java:setOMNodeDetails(658)) - OM Node ID is not set. Setting it to the OmStorage's OmID: 2ddaef56-349e-47d3-8e70-9207e5d2264e
2019-10-01 12:54:15,449 [main] INFO  om.OzoneManager (OzoneManager.java:loadOMHAConfigs(609)) - Found matching OM address with OMServiceId: null, OMNodeId: null, RPC Address: localhost:0 and Ratis port: 9872
2019-10-01 12:54:15,459 [main] WARN  server.ServerUtils (ServerUtils.java:getDBPath(222)) - ozone.om.db.dirs is not configured. We recommend adding this setting. Falling back to ozone.metadata.dirs instead.
2019-10-01 12:54:15,459 [main] INFO  db.DBStoreBuilder (DBStoreBuilder.java:addTable(110)) - using custom profile for table: userTable
2019-10-01 12:54:15,459 [main] INFO  db.DBStoreBuilder (DBStoreBuilder.java:processTables(161)) - Using default column profile:DBProfile.DISK for Table:userTable
2019-10-01 12:54:15,459 [main] INFO  db.DBStoreBuilder (DBStoreBuilder.java:addTable(110)) - using custom profile for table: volumeTable
2019-10-01 12:54:15,459 [main] INFO  db.DBStoreBuilder (DBStoreBuilder.java:processTables(161)) - Using default column profile:DBProfile.DISK for Table:volumeTable
2019-10-01 12:54:15,460 [main] INFO  db.DBStoreBuilder (DBStoreBuilder.java:addTable(110)) - using custom profile for table: bucketTable
2019-10-01 12:54:15,460 [main] INFO  db.DBStoreBuilder (DBStoreBuilder.java:processTables(161)) - Using default column profile:DBProfile.DISK for Table:bucketTable
2019-10-01 12:54:15,460 [main] INFO  db.DBStoreBuilder (DBStoreBuilder.java:addTable(110)) - using custom profile for table: keyTable
2019-10-01 12:54:15,460 [main] INFO  db.DBStoreBuilder (DBStoreBuilder.java:processTables(161)) - Using default column profile:DBProfile.DISK for Table:keyTable
2019-10-01 12:54:15,460 [main] INFO  db.DBStoreBuilder (DBStoreBuilder.java:addTable(110)) - using custom profile for table: deletedTable
2019-10-01 12:54:15,460 [main] INFO  db.DBStoreBuilder (DBStoreBuilder.java:processTables(161)) - Using default column profile:DBProfile.DISK for Table:deletedTable
2019-10-01 12:54:15,461 [main] INFO  db.DBStoreBuilder (DBStoreBuilder.java:addTable(110)) - using custom profile for table: openKeyTable
2019-10-01 12:54:15,461 [main] INFO  db.DBStoreBuilder (DBStoreBuilder.java:processTables(161)) - Using default column profile:DBProfile.DISK for Table:openKeyTable
2019-10-01 12:54:15,461 [main] INFO  db.DBStoreBuilder (DBStoreBuilder.java:addTable(110)) - using custom profile for table: s3Table
2019-10-01 12:54:15,461 [main] INFO  db.DBStoreBuilder (DBStoreBuilder.java:processTables(161)) - Using default column profile:DBProfile.DISK for Table:s3Table
2019-10-01 12:54:15,461 [main] INFO  db.DBStoreBuilder (DBStoreBuilder.java:addTable(110)) - using custom profile for table: multipartInfoTable
2019-10-01 12:54:15,461 [main] INFO  db.DBStoreBuilder (DBStoreBuilder.java:processTables(161)) - Using default column profile:DBProfile.DISK for Table:multipartInfoTable
2019-10-01 12:54:15,462 [main] INFO  db.DBStoreBuilder (DBStoreBuilder.java:addTable(110)) - using custom profile for table: dTokenTable
2019-10-01 12:54:15,462 [main] INFO  db.DBStoreBuilder (DBStoreBuilder.java:processTables(161)) - Using default column profile:DBProfile.DISK for Table:dTokenTable
2019-10-01 12:54:15,462 [main] INFO  db.DBStoreBuilder (DBStoreBuilder.java:addTable(110)) - using custom profile for table: s3SecretTable
2019-10-01 12:54:15,462 [main] INFO  db.DBStoreBuilder (DBStoreBuilder.java:processTables(161)) - Using default column profile:DBProfile.DISK for Table:s3SecretTable
2019-10-01 12:54:15,462 [main] INFO  db.DBStoreBuilder (DBStoreBuilder.java:addTable(110)) - using custom profile for table: prefixTable
2019-10-01 12:54:15,462 [main] INFO  db.DBStoreBuilder (DBStoreBuilder.java:processTables(161)) - Using default column profile:DBProfile.DISK for Table:prefixTable
2019-10-01 12:54:15,462 [main] INFO  db.DBStoreBuilder (DBStoreBuilder.java:addTable(110)) - using custom profile for table: default
2019-10-01 12:54:15,463 [main] INFO  db.DBStoreBuilder (DBStoreBuilder.java:processTables(167)) - Using default column profile:DBProfile.DISK for Table:default
2019-10-01 12:54:15,463 [main] INFO  db.DBStoreBuilder (DBStoreBuilder.java:getDbProfile(198)) - Using default options. DBProfile.DISK
2019-10-01 12:54:16,313 [main] INFO  ipc.CallQueueManager (CallQueueManager.java:<init>(84)) - Using callQueue: class java.util.concurrent.LinkedBlockingQueue, queueCapacity: 2000, scheduler: class org.apache.hadoop.ipc.DefaultRpcScheduler, ipcBackoff: false.
2019-10-01 12:54:16,315 [Socket Reader #1 for port 40957] INFO  ipc.Server (Server.java:run(1074)) - Starting Socket Reader #1 for port 40957
2019-10-01 12:54:16,333 [main] INFO  om.OzoneManager (OzoneManager.java:start(1243)) - OzoneManager RPC server is listening at localhost/127.0.0.1:40957
2019-10-01 12:54:16,333 [main] INFO  impl.MetricsSystemImpl (MetricsSystemImpl.java:init(158)) - OzoneManager metrics system started (again)
2019-10-01 12:54:16,334 [IPC Server Responder] INFO  ipc.Server (Server.java:run(1314)) - IPC Server Responder: starting
2019-10-01 12:54:16,334 [IPC Server listener on 40957] INFO  ipc.Server (Server.java:run(1153)) - IPC Server listener on 40957: starting
2019-10-01 12:54:16,341 [main] INFO  hdfs.DFSUtil (DFSUtil.java:httpServerTemplateForNNAndJN(1641)) - Starting Web-server for ozoneManager at: http://0.0.0.0:0
2019-10-01 12:54:16,343 [main] INFO  server.AuthenticationFilter (AuthenticationFilter.java:constructSecretProvider(240)) - Unable to initialize FileSignerSecretProvider, falling back to use random secrets.
2019-10-01 12:54:16,343 [main] WARN  http.HttpRequestLog (HttpRequestLog.java:getRequestLog(97)) - Jetty request log can only be enabled using Log4j
2019-10-01 12:54:16,345 [main] INFO  http.HttpServer2 (HttpServer2.java:addGlobalFilter(975)) - Added global filter 'safety' (class=org.apache.hadoop.http.HttpServer2$QuotingInputFilter)
2019-10-01 12:54:16,346 [main] INFO  http.HttpServer2 (HttpServer2.java:addFilter(948)) - Added filter static_user_filter (class=org.apache.hadoop.http.lib.StaticUserWebFilter$StaticUserFilter) to context ozoneManager
2019-10-01 12:54:16,346 [main] INFO  http.HttpServer2 (HttpServer2.java:addFilter(958)) - Added filter static_user_filter (class=org.apache.hadoop.http.lib.StaticUserWebFilter$StaticUserFilter) to context logs
2019-10-01 12:54:16,346 [main] INFO  http.HttpServer2 (HttpServer2.java:addFilter(958)) - Added filter static_user_filter (class=org.apache.hadoop.http.lib.StaticUserWebFilter$StaticUserFilter) to context static
2019-10-01 12:54:16,347 [main] INFO  http.HttpServer2 (HttpServer2.java:bindListener(1191)) - Jetty bound to port 34244
2019-10-01 12:54:16,347 [main] INFO  server.Server (Server.java:doStart(351)) - jetty-9.3.25.v20180904, build timestamp: 2018-09-04T21:11:46Z, git hash: 3ce520221d0240229c862b122d2b06c12a625732
2019-10-01 12:54:16,349 [main] INFO  handler.ContextHandler (ContextHandler.java:doStart(781)) - Started o.e.j.s.ServletContextHandler@3e856100{/logs,file:///workdir/hadoop-ozone/integration-test/target/log,AVAILABLE}
2019-10-01 12:54:16,349 [main] INFO  handler.ContextHandler (ContextHandler.java:doStart(781)) - Started o.e.j.s.ServletContextHandler@28fc1132{/static,file:///workdir/hadoop-ozone/integration-test/target/test-classes/webapps/static,AVAILABLE}
2019-10-01 12:54:16,353 [main] INFO  handler.ContextHandler (ContextHandler.java:doStart(781)) - Started o.e.j.w.WebAppContext@14efa279{/,file:///workdir/hadoop-ozone/integration-test/target/test-classes/webapps/ozoneManager/,AVAILABLE}{/ozoneManager}
2019-10-01 12:54:16,354 [main] INFO  server.AbstractConnector (AbstractConnector.java:doStart(278)) - Started ServerConnector@8e99809{HTTP/1.1,[http/1.1]}{0.0.0.0:34244}
2019-10-01 12:54:16,356 [main] INFO  server.Server (Server.java:doStart(419)) - Started @246656ms
2019-10-01 12:54:16,356 [main] WARN  impl.MetricsSystemImpl (MetricsSystemImpl.java:register(276)) - Sink prometheus already exists!
2019-10-01 12:54:16,356 [main] INFO  server.BaseHttpServer (BaseHttpServer.java:updateConnectorAddress(215)) - HTTP server of OZONEMANAGER is listening at http://0.0.0.0:34244
2019-10-01 12:54:16,372 [main] INFO  impl.MetricsSystemImpl (MetricsSystemImpl.java:init(158)) - HddsDatanode metrics system started (again)
2019-10-01 12:54:16,376 [main] INFO  ozone.HddsDatanodeService (HddsDatanodeService.java:start(184)) - HddsDatanodeService host:pr-hdds-2199-dnstouuidmap-6cjbd-2468009341 ip:192.168.30.18
2019-10-01 12:54:16,383 [main] INFO  volume.HddsVolume (HddsVolume.java:<init>(176)) - Creating Volume: /workdir/hadoop-ozone/integration-test/target/test-dir/MiniOzoneClusterImpl-172552fd-4063-465f-9fdc-360652729e87/datanode-0/data/containers/hdds of  storage type : DISK and capacity : 1482555576320
2019-10-01 12:54:16,384 [main] INFO  volume.VolumeSet (VolumeSet.java:initializeVolumeSet(170)) - Added Volume : /workdir/hadoop-ozone/integration-test/target/test-dir/MiniOzoneClusterImpl-172552fd-4063-465f-9fdc-360652729e87/datanode-0/data/containers/hdds to VolumeSet
2019-10-01 12:54:16,384 [main] INFO  volume.ThrottledAsyncChecker (ThrottledAsyncChecker.java:schedule(139)) - Scheduling a check for org.apache.hadoop.ozone.container.common.volume.HddsVolume@191a0351
2019-10-01 12:54:16,384 [main] INFO  volume.HddsVolumeChecker (HddsVolumeChecker.java:checkAllVolumes(202)) - Scheduled health check for volume org.apache.hadoop.ozone.container.common.volume.HddsVolume@191a0351
2019-10-01 12:54:16,400 [main] INFO  impl.RaftServerProxy (ConfUtils.java:logGet(43)) - raft.rpc.type = GRPC (default)
2019-10-01 12:54:16,400 [main] INFO  grpc.GrpcFactory (GrpcFactory.java:checkPooledByteBufAllocatorUseCacheForAllThreads(45)) - PERFORMANCE WARNING: useCacheForAllThreads is true that may cause Netty to create a lot garbage objects and, as a result, trigger GC.
	It is recommended to disable useCacheForAllThreads by setting -Dorg.apache.ratis.thirdparty.io.netty.allocator.useCacheForAllThreads=false in command line.
2019-10-01 12:54:16,400 [main] INFO  grpc.GrpcConfigKeys$Server (ConfUtils.java:logGet(43)) - raft.grpc.server.port = 0 (default)
2019-10-01 12:54:16,400 [main] INFO  server.GrpcService (ConfUtils.java:logGet(43)) - raft.grpc.message.size.max = 33570816 (custom)
2019-10-01 12:54:16,401 [main] INFO  server.RaftServerConfigKeys (ConfUtils.java:logGet(43)) - raft.server.log.appender.buffer.byte-limit = 33554432 (custom)
2019-10-01 12:54:16,401 [main] INFO  server.GrpcService (ConfUtils.java:logGet(43)) - raft.grpc.flow.control.window = 1MB (=1048576) (default)
2019-10-01 12:54:16,401 [main] INFO  server.RaftServerConfigKeys (ConfUtils.java:logGet(43)) - raft.server.rpc.request.timeout = 3000ms (default)
2019-10-01 12:54:16,402 [main] INFO  server.RaftServerConfigKeys (ConfUtils.java:logGet(43)) - raft.server.storage.dir = [/workdir/hadoop-ozone/integration-test/target/test-dir/MiniOzoneClusterImpl-172552fd-4063-465f-9fdc-360652729e87/datanode-0/data/ratis] (custom)
2019-10-01 12:54:16,403 [main] INFO  hdfs.DFSUtil (DFSUtil.java:httpServerTemplateForNNAndJN(1641)) - Starting Web-server for hddsDatanode at: http://0.0.0.0:0
2019-10-01 12:54:16,405 [main] INFO  server.AuthenticationFilter (AuthenticationFilter.java:constructSecretProvider(240)) - Unable to initialize FileSignerSecretProvider, falling back to use random secrets.
2019-10-01 12:54:16,405 [main] WARN  http.HttpRequestLog (HttpRequestLog.java:getRequestLog(97)) - Jetty request log can only be enabled using Log4j
2019-10-01 12:54:16,406 [main] INFO  http.HttpServer2 (HttpServer2.java:addGlobalFilter(975)) - Added global filter 'safety' (class=org.apache.hadoop.http.HttpServer2$QuotingInputFilter)
2019-10-01 12:54:16,407 [main] INFO  http.HttpServer2 (HttpServer2.java:addFilter(948)) - Added filter static_user_filter (class=org.apache.hadoop.http.lib.StaticUserWebFilter$StaticUserFilter) to context hddsDatanode
2019-10-01 12:54:16,407 [main] INFO  http.HttpServer2 (HttpServer2.java:addFilter(958)) - Added filter static_user_filter (class=org.apache.hadoop.http.lib.StaticUserWebFilter$StaticUserFilter) to context logs
2019-10-01 12:54:16,407 [main] INFO  http.HttpServer2 (HttpServer2.java:addFilter(958)) - Added filter static_user_filter (class=org.apache.hadoop.http.lib.StaticUserWebFilter$StaticUserFilter) to context static
2019-10-01 12:54:16,408 [main] INFO  http.HttpServer2 (HttpServer2.java:bindListener(1191)) - Jetty bound to port 44730
2019-10-01 12:54:16,408 [main] INFO  server.Server (Server.java:doStart(351)) - jetty-9.3.25.v20180904, build timestamp: 2018-09-04T21:11:46Z, git hash: 3ce520221d0240229c862b122d2b06c12a625732
2019-10-01 12:54:16,410 [main] INFO  handler.ContextHandler (ContextHandler.java:doStart(781)) - Started o.e.j.s.ServletContextHandler@478fb7dc{/logs,file:///workdir/hadoop-ozone/integration-test/target/log,AVAILABLE}
2019-10-01 12:54:16,411 [main] INFO  handler.ContextHandler (ContextHandler.java:doStart(781)) - Started o.e.j.s.ServletContextHandler@19b75b2b{/static,jar:file:/home/user/.m2/repository/org/apache/hadoop/hadoop-hdds-container-service/0.5.0-SNAPSHOT/hadoop-hdds-container-service-0.5.0-SNAPSHOT.jar!/webapps/static,AVAILABLE}
2019-10-01 12:54:16,452 [main] INFO  handler.ContextHandler (ContextHandler.java:doStart(781)) - Started o.e.j.w.WebAppContext@3b088163{/,file:///tmp/jetty-0.0.0.0-44730-hddsDatanode-_-any-5174158286846786255.dir/webapp/,AVAILABLE}{/hddsDatanode}
2019-10-01 12:54:16,453 [main] INFO  server.AbstractConnector (AbstractConnector.java:doStart(278)) - Started ServerConnector@75882261{HTTP/1.1,[http/1.1]}{0.0.0.0:44730}
2019-10-01 12:54:16,454 [main] INFO  server.Server (Server.java:doStart(419)) - Started @246755ms
2019-10-01 12:54:16,454 [main] WARN  impl.MetricsSystemImpl (MetricsSystemImpl.java:register(276)) - Sink prometheus already exists!
2019-10-01 12:54:16,455 [main] INFO  server.BaseHttpServer (BaseHttpServer.java:updateConnectorAddress(215)) - HTTP server of HDDSDATANODE is listening at http://0.0.0.0:44730
2019-10-01 12:54:16,455 [main] INFO  impl.MetricsSystemImpl (MetricsSystemImpl.java:init(158)) - HddsDatanode metrics system started (again)
2019-10-01 12:54:16,459 [org.apache.hadoop.util.JvmPauseMonitor$Monitor@7ac821be] INFO  util.JvmPauseMonitor (JvmPauseMonitor.java:run(188)) - Starting JVM pause monitor
2019-10-01 12:54:16,460 [main] INFO  ozone.HddsDatanodeService (HddsDatanodeService.java:start(184)) - HddsDatanodeService host:pr-hdds-2199-dnstouuidmap-6cjbd-2468009341 ip:192.168.30.18
2019-10-01 12:54:16,462 [Datanode State Machine Thread - 0] INFO  datanode.InitDatanodeState (InitDatanodeState.java:persistContainerDatanodeDetails(140)) - DatanodeDetails is persisted to /workdir/hadoop-ozone/integration-test/target/test-dir/MiniOzoneClusterImpl-172552fd-4063-465f-9fdc-360652729e87/datanode-0/meta/datanode.id
2019-10-01 12:54:16,467 [main] INFO  volume.HddsVolume (HddsVolume.java:<init>(176)) - Creating Volume: /workdir/hadoop-ozone/integration-test/target/test-dir/MiniOzoneClusterImpl-172552fd-4063-465f-9fdc-360652729e87/datanode-1/data/containers/hdds of  storage type : DISK and capacity : 1482555576320
2019-10-01 12:54:16,467 [main] INFO  volume.VolumeSet (VolumeSet.java:initializeVolumeSet(170)) - Added Volume : /workdir/hadoop-ozone/integration-test/target/test-dir/MiniOzoneClusterImpl-172552fd-4063-465f-9fdc-360652729e87/datanode-1/data/containers/hdds to VolumeSet
2019-10-01 12:54:16,467 [main] INFO  volume.ThrottledAsyncChecker (ThrottledAsyncChecker.java:schedule(139)) - Scheduling a check for org.apache.hadoop.ozone.container.common.volume.HddsVolume@7c588adc
2019-10-01 12:54:16,468 [main] INFO  volume.HddsVolumeChecker (HddsVolumeChecker.java:checkAllVolumes(202)) - Scheduled health check for volume org.apache.hadoop.ozone.container.common.volume.HddsVolume@7c588adc
2019-10-01 12:54:16,483 [main] INFO  impl.RaftServerProxy (ConfUtils.java:logGet(43)) - raft.rpc.type = GRPC (default)
2019-10-01 12:54:16,484 [main] INFO  grpc.GrpcFactory (GrpcFactory.java:checkPooledByteBufAllocatorUseCacheForAllThreads(45)) - PERFORMANCE WARNING: useCacheForAllThreads is true that may cause Netty to create a lot garbage objects and, as a result, trigger GC.
	It is recommended to disable useCacheForAllThreads by setting -Dorg.apache.ratis.thirdparty.io.netty.allocator.useCacheForAllThreads=false in command line.
2019-10-01 12:54:16,484 [main] INFO  grpc.GrpcConfigKeys$Server (ConfUtils.java:logGet(43)) - raft.grpc.server.port = 0 (default)
2019-10-01 12:54:16,484 [main] INFO  server.GrpcService (ConfUtils.java:logGet(43)) - raft.grpc.message.size.max = 33570816 (custom)
2019-10-01 12:54:16,484 [main] INFO  server.RaftServerConfigKeys (ConfUtils.java:logGet(43)) - raft.server.log.appender.buffer.byte-limit = 33554432 (custom)
2019-10-01 12:54:16,484 [main] INFO  server.GrpcService (ConfUtils.java:logGet(43)) - raft.grpc.flow.control.window = 1MB (=1048576) (default)
2019-10-01 12:54:16,484 [main] INFO  server.RaftServerConfigKeys (ConfUtils.java:logGet(43)) - raft.server.rpc.request.timeout = 3000ms (default)
2019-10-01 12:54:16,485 [main] INFO  server.RaftServerConfigKeys (ConfUtils.java:logGet(43)) - raft.server.storage.dir = [/workdir/hadoop-ozone/integration-test/target/test-dir/MiniOzoneClusterImpl-172552fd-4063-465f-9fdc-360652729e87/datanode-1/data/ratis] (custom)
2019-10-01 12:54:16,486 [main] INFO  hdfs.DFSUtil (DFSUtil.java:httpServerTemplateForNNAndJN(1641)) - Starting Web-server for hddsDatanode at: http://0.0.0.0:0
2019-10-01 12:54:16,488 [main] INFO  server.AuthenticationFilter (AuthenticationFilter.java:constructSecretProvider(240)) - Unable to initialize FileSignerSecretProvider, falling back to use random secrets.
2019-10-01 12:54:16,488 [main] WARN  http.HttpRequestLog (HttpRequestLog.java:getRequestLog(97)) - Jetty request log can only be enabled using Log4j
2019-10-01 12:54:16,490 [main] INFO  http.HttpServer2 (HttpServer2.java:addGlobalFilter(975)) - Added global filter 'safety' (class=org.apache.hadoop.http.HttpServer2$QuotingInputFilter)
2019-10-01 12:54:16,490 [main] INFO  http.HttpServer2 (HttpServer2.java:addFilter(948)) - Added filter static_user_filter (class=org.apache.hadoop.http.lib.StaticUserWebFilter$StaticUserFilter) to context hddsDatanode
2019-10-01 12:54:16,490 [main] INFO  http.HttpServer2 (HttpServer2.java:addFilter(958)) - Added filter static_user_filter (class=org.apache.hadoop.http.lib.StaticUserWebFilter$StaticUserFilter) to context static
2019-10-01 12:54:16,491 [main] INFO  http.HttpServer2 (HttpServer2.java:addFilter(958)) - Added filter static_user_filter (class=org.apache.hadoop.http.lib.StaticUserWebFilter$StaticUserFilter) to context logs
2019-10-01 12:54:16,491 [main] INFO  http.HttpServer2 (HttpServer2.java:bindListener(1191)) - Jetty bound to port 45910
2019-10-01 12:54:16,491 [main] INFO  server.Server (Server.java:doStart(351)) - jetty-9.3.25.v20180904, build timestamp: 2018-09-04T21:11:46Z, git hash: 3ce520221d0240229c862b122d2b06c12a625732
2019-10-01 12:54:16,493 [main] INFO  handler.ContextHandler (ContextHandler.java:doStart(781)) - Started o.e.j.s.ServletContextHandler@65da01f4{/logs,file:///workdir/hadoop-ozone/integration-test/target/log,AVAILABLE}
2019-10-01 12:54:16,493 [main] INFO  handler.ContextHandler (ContextHandler.java:doStart(781)) - Started o.e.j.s.ServletContextHandler@7c8874ef{/static,jar:file:/home/user/.m2/repository/org/apache/hadoop/hadoop-hdds-container-service/0.5.0-SNAPSHOT/hadoop-hdds-container-service-0.5.0-SNAPSHOT.jar!/webapps/static,AVAILABLE}
2019-10-01 12:54:16,523 [main] INFO  handler.ContextHandler (ContextHandler.java:doStart(781)) - Started o.e.j.w.WebAppContext@5a9840f3{/,file:///tmp/jetty-0.0.0.0-45910-hddsDatanode-_-any-4874227403363795354.dir/webapp/,AVAILABLE}{/hddsDatanode}
2019-10-01 12:54:16,523 [main] INFO  server.AbstractConnector (AbstractConnector.java:doStart(278)) - Started ServerConnector@7d30007d{HTTP/1.1,[http/1.1]}{0.0.0.0:45910}
2019-10-01 12:54:16,525 [main] INFO  server.Server (Server.java:doStart(419)) - Started @246826ms
2019-10-01 12:54:16,525 [main] WARN  impl.MetricsSystemImpl (MetricsSystemImpl.java:register(276)) - Sink prometheus already exists!
2019-10-01 12:54:16,526 [main] INFO  server.BaseHttpServer (BaseHttpServer.java:updateConnectorAddress(215)) - HTTP server of HDDSDATANODE is listening at http://0.0.0.0:45910
2019-10-01 12:54:16,527 [main] INFO  impl.MetricsSystemImpl (MetricsSystemImpl.java:init(158)) - HddsDatanode metrics system started (again)
2019-10-01 12:54:16,528 [org.apache.hadoop.util.JvmPauseMonitor$Monitor@6c14f557] INFO  util.JvmPauseMonitor (JvmPauseMonitor.java:run(188)) - Starting JVM pause monitor
2019-10-01 12:54:16,533 [Datanode State Machine Thread - 0] INFO  datanode.InitDatanodeState (InitDatanodeState.java:persistContainerDatanodeDetails(140)) - DatanodeDetails is persisted to /workdir/hadoop-ozone/integration-test/target/test-dir/MiniOzoneClusterImpl-172552fd-4063-465f-9fdc-360652729e87/datanode-1/meta/datanode.id
2019-10-01 12:54:16,533 [main] INFO  ozone.HddsDatanodeService (HddsDatanodeService.java:start(184)) - HddsDatanodeService host:pr-hdds-2199-dnstouuidmap-6cjbd-2468009341 ip:192.168.30.18
2019-10-01 12:54:16,540 [main] INFO  volume.HddsVolume (HddsVolume.java:<init>(176)) - Creating Volume: /workdir/hadoop-ozone/integration-test/target/test-dir/MiniOzoneClusterImpl-172552fd-4063-465f-9fdc-360652729e87/datanode-2/data/containers/hdds of  storage type : DISK and capacity : 1482555576320
2019-10-01 12:54:16,540 [main] INFO  volume.VolumeSet (VolumeSet.java:initializeVolumeSet(170)) - Added Volume : /workdir/hadoop-ozone/integration-test/target/test-dir/MiniOzoneClusterImpl-172552fd-4063-465f-9fdc-360652729e87/datanode-2/data/containers/hdds to VolumeSet
2019-10-01 12:54:16,540 [main] INFO  volume.ThrottledAsyncChecker (ThrottledAsyncChecker.java:schedule(139)) - Scheduling a check for org.apache.hadoop.ozone.container.common.volume.HddsVolume@de77146
2019-10-01 12:54:16,541 [main] INFO  volume.HddsVolumeChecker (HddsVolumeChecker.java:checkAllVolumes(202)) - Scheduled health check for volume org.apache.hadoop.ozone.container.common.volume.HddsVolume@de77146
2019-10-01 12:54:16,557 [main] INFO  impl.RaftServerProxy (ConfUtils.java:logGet(43)) - raft.rpc.type = GRPC (default)
2019-10-01 12:54:16,557 [main] INFO  grpc.GrpcFactory (GrpcFactory.java:checkPooledByteBufAllocatorUseCacheForAllThreads(45)) - PERFORMANCE WARNING: useCacheForAllThreads is true that may cause Netty to create a lot garbage objects and, as a result, trigger GC.
	It is recommended to disable useCacheForAllThreads by setting -Dorg.apache.ratis.thirdparty.io.netty.allocator.useCacheForAllThreads=false in command line.
2019-10-01 12:54:16,557 [main] INFO  grpc.GrpcConfigKeys$Server (ConfUtils.java:logGet(43)) - raft.grpc.server.port = 0 (default)
2019-10-01 12:54:16,558 [main] INFO  server.GrpcService (ConfUtils.java:logGet(43)) - raft.grpc.message.size.max = 33570816 (custom)
2019-10-01 12:54:16,558 [main] INFO  server.RaftServerConfigKeys (ConfUtils.java:logGet(43)) - raft.server.log.appender.buffer.byte-limit = 33554432 (custom)
2019-10-01 12:54:16,558 [main] INFO  server.GrpcService (ConfUtils.java:logGet(43)) - raft.grpc.flow.control.window = 1MB (=1048576) (default)
2019-10-01 12:54:16,558 [main] INFO  server.RaftServerConfigKeys (ConfUtils.java:logGet(43)) - raft.server.rpc.request.timeout = 3000ms (default)
2019-10-01 12:54:16,559 [main] INFO  server.RaftServerConfigKeys (ConfUtils.java:logGet(43)) - raft.server.storage.dir = [/workdir/hadoop-ozone/integration-test/target/test-dir/MiniOzoneClusterImpl-172552fd-4063-465f-9fdc-360652729e87/datanode-2/data/ratis] (custom)
2019-10-01 12:54:16,560 [main] INFO  hdfs.DFSUtil (DFSUtil.java:httpServerTemplateForNNAndJN(1641)) - Starting Web-server for hddsDatanode at: http://0.0.0.0:0
2019-10-01 12:54:16,562 [main] INFO  server.AuthenticationFilter (AuthenticationFilter.java:constructSecretProvider(240)) - Unable to initialize FileSignerSecretProvider, falling back to use random secrets.
2019-10-01 12:54:16,562 [main] WARN  http.HttpRequestLog (HttpRequestLog.java:getRequestLog(97)) - Jetty request log can only be enabled using Log4j
2019-10-01 12:54:16,564 [main] INFO  http.HttpServer2 (HttpServer2.java:addGlobalFilter(975)) - Added global filter 'safety' (class=org.apache.hadoop.http.HttpServer2$QuotingInputFilter)
2019-10-01 12:54:16,564 [main] INFO  http.HttpServer2 (HttpServer2.java:addFilter(948)) - Added filter static_user_filter (class=org.apache.hadoop.http.lib.StaticUserWebFilter$StaticUserFilter) to context hddsDatanode
2019-10-01 12:54:16,564 [main] INFO  http.HttpServer2 (HttpServer2.java:addFilter(958)) - Added filter static_user_filter (class=org.apache.hadoop.http.lib.StaticUserWebFilter$StaticUserFilter) to context logs
2019-10-01 12:54:16,564 [main] INFO  http.HttpServer2 (HttpServer2.java:addFilter(958)) - Added filter static_user_filter (class=org.apache.hadoop.http.lib.StaticUserWebFilter$StaticUserFilter) to context static
2019-10-01 12:54:16,565 [main] INFO  http.HttpServer2 (HttpServer2.java:bindListener(1191)) - Jetty bound to port 42666
2019-10-01 12:54:16,565 [main] INFO  server.Server (Server.java:doStart(351)) - jetty-9.3.25.v20180904, build timestamp: 2018-09-04T21:11:46Z, git hash: 3ce520221d0240229c862b122d2b06c12a625732
2019-10-01 12:54:16,567 [main] INFO  handler.ContextHandler (ContextHandler.java:doStart(781)) - Started o.e.j.s.ServletContextHandler@16d431b4{/logs,file:///workdir/hadoop-ozone/integration-test/target/log,AVAILABLE}
2019-10-01 12:54:16,567 [main] INFO  handler.ContextHandler (ContextHandler.java:doStart(781)) - Started o.e.j.s.ServletContextHandler@7558633{/static,jar:file:/home/user/.m2/repository/org/apache/hadoop/hadoop-hdds-container-service/0.5.0-SNAPSHOT/hadoop-hdds-container-service-0.5.0-SNAPSHOT.jar!/webapps/static,AVAILABLE}
2019-10-01 12:54:16,596 [main] INFO  handler.ContextHandler (ContextHandler.java:doStart(781)) - Started o.e.j.w.WebAppContext@48d739f{/,file:///tmp/jetty-0.0.0.0-42666-hddsDatanode-_-any-5704219255077671610.dir/webapp/,AVAILABLE}{/hddsDatanode}
2019-10-01 12:54:16,596 [main] INFO  server.AbstractConnector (AbstractConnector.java:doStart(278)) - Started ServerConnector@51e7589f{HTTP/1.1,[http/1.1]}{0.0.0.0:42666}
2019-10-01 12:54:16,598 [main] INFO  server.Server (Server.java:doStart(419)) - Started @246898ms
2019-10-01 12:54:16,598 [main] WARN  impl.MetricsSystemImpl (MetricsSystemImpl.java:register(276)) - Sink prometheus already exists!
2019-10-01 12:54:16,599 [main] INFO  server.BaseHttpServer (BaseHttpServer.java:updateConnectorAddress(215)) - HTTP server of HDDSDATANODE is listening at http://0.0.0.0:42666
2019-10-01 12:54:16,599 [main] INFO  impl.MetricsSystemImpl (MetricsSystemImpl.java:init(158)) - HddsDatanode metrics system started (again)
2019-10-01 12:54:16,600 [org.apache.hadoop.util.JvmPauseMonitor$Monitor@6f96b638] INFO  util.JvmPauseMonitor (JvmPauseMonitor.java:run(188)) - Starting JVM pause monitor
2019-10-01 12:54:16,601 [Datanode State Machine Thread - 0] INFO  datanode.InitDatanodeState (InitDatanodeState.java:persistContainerDatanodeDetails(140)) - DatanodeDetails is persisted to /workdir/hadoop-ozone/integration-test/target/test-dir/MiniOzoneClusterImpl-172552fd-4063-465f-9fdc-360652729e87/datanode-2/meta/datanode.id
2019-10-01 12:54:16,608 [main] INFO  ozone.HddsDatanodeService (HddsDatanodeService.java:start(184)) - HddsDatanodeService host:pr-hdds-2199-dnstouuidmap-6cjbd-2468009341 ip:192.168.30.18
2019-10-01 12:54:16,615 [main] INFO  volume.HddsVolume (HddsVolume.java:<init>(176)) - Creating Volume: /workdir/hadoop-ozone/integration-test/target/test-dir/MiniOzoneClusterImpl-172552fd-4063-465f-9fdc-360652729e87/datanode-3/data/containers/hdds of  storage type : DISK and capacity : 1482555576320
2019-10-01 12:54:16,616 [main] INFO  volume.VolumeSet (VolumeSet.java:initializeVolumeSet(170)) - Added Volume : /workdir/hadoop-ozone/integration-test/target/test-dir/MiniOzoneClusterImpl-172552fd-4063-465f-9fdc-360652729e87/datanode-3/data/containers/hdds to VolumeSet
2019-10-01 12:54:16,616 [main] INFO  volume.ThrottledAsyncChecker (ThrottledAsyncChecker.java:schedule(139)) - Scheduling a check for org.apache.hadoop.ozone.container.common.volume.HddsVolume@4b7ed03e
2019-10-01 12:54:16,616 [main] INFO  volume.HddsVolumeChecker (HddsVolumeChecker.java:checkAllVolumes(202)) - Scheduled health check for volume org.apache.hadoop.ozone.container.common.volume.HddsVolume@4b7ed03e
2019-10-01 12:54:16,631 [main] INFO  impl.RaftServerProxy (ConfUtils.java:logGet(43)) - raft.rpc.type = GRPC (default)
2019-10-01 12:54:16,631 [main] INFO  grpc.GrpcFactory (GrpcFactory.java:checkPooledByteBufAllocatorUseCacheForAllThreads(45)) - PERFORMANCE WARNING: useCacheForAllThreads is true that may cause Netty to create a lot garbage objects and, as a result, trigger GC.
	It is recommended to disable useCacheForAllThreads by setting -Dorg.apache.ratis.thirdparty.io.netty.allocator.useCacheForAllThreads=false in command line.
2019-10-01 12:54:16,631 [main] INFO  grpc.GrpcConfigKeys$Server (ConfUtils.java:logGet(43)) - raft.grpc.server.port = 0 (default)
2019-10-01 12:54:16,631 [main] INFO  server.GrpcService (ConfUtils.java:logGet(43)) - raft.grpc.message.size.max = 33570816 (custom)
2019-10-01 12:54:16,631 [main] INFO  server.RaftServerConfigKeys (ConfUtils.java:logGet(43)) - raft.server.log.appender.buffer.byte-limit = 33554432 (custom)
2019-10-01 12:54:16,632 [main] INFO  server.GrpcService (ConfUtils.java:logGet(43)) - raft.grpc.flow.control.window = 1MB (=1048576) (default)
2019-10-01 12:54:16,632 [main] INFO  server.RaftServerConfigKeys (ConfUtils.java:logGet(43)) - raft.server.rpc.request.timeout = 3000ms (default)
2019-10-01 12:54:16,632 [main] INFO  server.RaftServerConfigKeys (ConfUtils.java:logGet(43)) - raft.server.storage.dir = [/workdir/hadoop-ozone/integration-test/target/test-dir/MiniOzoneClusterImpl-172552fd-4063-465f-9fdc-360652729e87/datanode-3/data/ratis] (custom)
2019-10-01 12:54:16,633 [main] INFO  hdfs.DFSUtil (DFSUtil.java:httpServerTemplateForNNAndJN(1641)) - Starting Web-server for hddsDatanode at: http://0.0.0.0:0
2019-10-01 12:54:16,635 [main] INFO  server.AuthenticationFilter (AuthenticationFilter.java:constructSecretProvider(240)) - Unable to initialize FileSignerSecretProvider, falling back to use random secrets.
2019-10-01 12:54:16,636 [main] WARN  http.HttpRequestLog (HttpRequestLog.java:getRequestLog(97)) - Jetty request log can only be enabled using Log4j
2019-10-01 12:54:16,638 [main] INFO  http.HttpServer2 (HttpServer2.java:addGlobalFilter(975)) - Added global filter 'safety' (class=org.apache.hadoop.http.HttpServer2$QuotingInputFilter)
2019-10-01 12:54:16,639 [main] INFO  http.HttpServer2 (HttpServer2.java:addFilter(948)) - Added filter static_user_filter (class=org.apache.hadoop.http.lib.StaticUserWebFilter$StaticUserFilter) to context hddsDatanode
2019-10-01 12:54:16,639 [main] INFO  http.HttpServer2 (HttpServer2.java:addFilter(958)) - Added filter static_user_filter (class=org.apache.hadoop.http.lib.StaticUserWebFilter$StaticUserFilter) to context logs
2019-10-01 12:54:16,640 [main] INFO  http.HttpServer2 (HttpServer2.java:addFilter(958)) - Added filter static_user_filter (class=org.apache.hadoop.http.lib.StaticUserWebFilter$StaticUserFilter) to context static
2019-10-01 12:54:16,641 [main] INFO  http.HttpServer2 (HttpServer2.java:bindListener(1191)) - Jetty bound to port 41377
2019-10-01 12:54:16,641 [main] INFO  server.Server (Server.java:doStart(351)) - jetty-9.3.25.v20180904, build timestamp: 2018-09-04T21:11:46Z, git hash: 3ce520221d0240229c862b122d2b06c12a625732
2019-10-01 12:54:16,644 [main] INFO  handler.ContextHandler (ContextHandler.java:doStart(781)) - Started o.e.j.s.ServletContextHandler@6870cfac{/logs,file:///workdir/hadoop-ozone/integration-test/target/log,AVAILABLE}
2019-10-01 12:54:16,645 [main] INFO  handler.ContextHandler (ContextHandler.java:doStart(781)) - Started o.e.j.s.ServletContextHandler@63e5b8aa{/static,jar:file:/home/user/.m2/repository/org/apache/hadoop/hadoop-hdds-container-service/0.5.0-SNAPSHOT/hadoop-hdds-container-service-0.5.0-SNAPSHOT.jar!/webapps/static,AVAILABLE}
2019-10-01 12:54:16,685 [main] INFO  handler.ContextHandler (ContextHandler.java:doStart(781)) - Started o.e.j.w.WebAppContext@350323a0{/,file:///tmp/jetty-0.0.0.0-41377-hddsDatanode-_-any-6664463559311092471.dir/webapp/,AVAILABLE}{/hddsDatanode}
2019-10-01 12:54:16,686 [main] INFO  server.AbstractConnector (AbstractConnector.java:doStart(278)) - Started ServerConnector@2506b881{HTTP/1.1,[http/1.1]}{0.0.0.0:41377}
2019-10-01 12:54:16,688 [main] INFO  server.Server (Server.java:doStart(419)) - Started @246988ms
2019-10-01 12:54:16,688 [main] WARN  impl.MetricsSystemImpl (MetricsSystemImpl.java:register(276)) - Sink prometheus already exists!
2019-10-01 12:54:16,689 [main] INFO  server.BaseHttpServer (BaseHttpServer.java:updateConnectorAddress(215)) - HTTP server of HDDSDATANODE is listening at http://0.0.0.0:41377
2019-10-01 12:54:16,689 [main] INFO  impl.MetricsSystemImpl (MetricsSystemImpl.java:init(158)) - HddsDatanode metrics system started (again)
2019-10-01 12:54:16,694 [org.apache.hadoop.util.JvmPauseMonitor$Monitor@468a948a] INFO  util.JvmPauseMonitor (JvmPauseMonitor.java:run(188)) - Starting JVM pause monitor
2019-10-01 12:54:16,695 [main] INFO  ozone.HddsDatanodeService (HddsDatanodeService.java:start(184)) - HddsDatanodeService host:pr-hdds-2199-dnstouuidmap-6cjbd-2468009341 ip:192.168.30.18
2019-10-01 12:54:16,696 [Datanode State Machine Thread - 0] INFO  datanode.InitDatanodeState (InitDatanodeState.java:persistContainerDatanodeDetails(140)) - DatanodeDetails is persisted to /workdir/hadoop-ozone/integration-test/target/test-dir/MiniOzoneClusterImpl-172552fd-4063-465f-9fdc-360652729e87/datanode-3/meta/datanode.id
2019-10-01 12:54:16,702 [main] INFO  volume.HddsVolume (HddsVolume.java:<init>(176)) - Creating Volume: /workdir/hadoop-ozone/integration-test/target/test-dir/MiniOzoneClusterImpl-172552fd-4063-465f-9fdc-360652729e87/datanode-4/data/containers/hdds of  storage type : DISK and capacity : 1482555576320
2019-10-01 12:54:16,702 [main] INFO  volume.VolumeSet (VolumeSet.java:initializeVolumeSet(170)) - Added Volume : /workdir/hadoop-ozone/integration-test/target/test-dir/MiniOzoneClusterImpl-172552fd-4063-465f-9fdc-360652729e87/datanode-4/data/containers/hdds to VolumeSet
2019-10-01 12:54:16,703 [main] INFO  volume.ThrottledAsyncChecker (ThrottledAsyncChecker.java:schedule(139)) - Scheduling a check for org.apache.hadoop.ozone.container.common.volume.HddsVolume@6b70d1fb
2019-10-01 12:54:16,703 [main] INFO  volume.HddsVolumeChecker (HddsVolumeChecker.java:checkAllVolumes(202)) - Scheduled health check for volume org.apache.hadoop.ozone.container.common.volume.HddsVolume@6b70d1fb
2019-10-01 12:54:16,719 [main] INFO  impl.RaftServerProxy (ConfUtils.java:logGet(43)) - raft.rpc.type = GRPC (default)
2019-10-01 12:54:16,719 [main] INFO  grpc.GrpcFactory (GrpcFactory.java:checkPooledByteBufAllocatorUseCacheForAllThreads(45)) - PERFORMANCE WARNING: useCacheForAllThreads is true that may cause Netty to create a lot garbage objects and, as a result, trigger GC.
	It is recommended to disable useCacheForAllThreads by setting -Dorg.apache.ratis.thirdparty.io.netty.allocator.useCacheForAllThreads=false in command line.
2019-10-01 12:54:16,719 [main] INFO  grpc.GrpcConfigKeys$Server (ConfUtils.java:logGet(43)) - raft.grpc.server.port = 0 (default)
2019-10-01 12:54:16,719 [main] INFO  server.GrpcService (ConfUtils.java:logGet(43)) - raft.grpc.message.size.max = 33570816 (custom)
2019-10-01 12:54:16,720 [main] INFO  server.RaftServerConfigKeys (ConfUtils.java:logGet(43)) - raft.server.log.appender.buffer.byte-limit = 33554432 (custom)
2019-10-01 12:54:16,720 [main] INFO  server.GrpcService (ConfUtils.java:logGet(43)) - raft.grpc.flow.control.window = 1MB (=1048576) (default)
2019-10-01 12:54:16,720 [main] INFO  server.RaftServerConfigKeys (ConfUtils.java:logGet(43)) - raft.server.rpc.request.timeout = 3000ms (default)
2019-10-01 12:54:16,720 [main] INFO  server.RaftServerConfigKeys (ConfUtils.java:logGet(43)) - raft.server.storage.dir = [/workdir/hadoop-ozone/integration-test/target/test-dir/MiniOzoneClusterImpl-172552fd-4063-465f-9fdc-360652729e87/datanode-4/data/ratis] (custom)
2019-10-01 12:54:16,722 [main] INFO  hdfs.DFSUtil (DFSUtil.java:httpServerTemplateForNNAndJN(1641)) - Starting Web-server for hddsDatanode at: http://0.0.0.0:0
2019-10-01 12:54:16,723 [main] INFO  server.AuthenticationFilter (AuthenticationFilter.java:constructSecretProvider(240)) - Unable to initialize FileSignerSecretProvider, falling back to use random secrets.
2019-10-01 12:54:16,723 [main] WARN  http.HttpRequestLog (HttpRequestLog.java:getRequestLog(97)) - Jetty request log can only be enabled using Log4j
2019-10-01 12:54:16,725 [main] INFO  http.HttpServer2 (HttpServer2.java:addGlobalFilter(975)) - Added global filter 'safety' (class=org.apache.hadoop.http.HttpServer2$QuotingInputFilter)
2019-10-01 12:54:16,725 [main] INFO  http.HttpServer2 (HttpServer2.java:addFilter(948)) - Added filter static_user_filter (class=org.apache.hadoop.http.lib.StaticUserWebFilter$StaticUserFilter) to context hddsDatanode
2019-10-01 12:54:16,726 [main] INFO  http.HttpServer2 (HttpServer2.java:addFilter(958)) - Added filter static_user_filter (class=org.apache.hadoop.http.lib.StaticUserWebFilter$StaticUserFilter) to context static
2019-10-01 12:54:16,726 [main] INFO  http.HttpServer2 (HttpServer2.java:addFilter(958)) - Added filter static_user_filter (class=org.apache.hadoop.http.lib.StaticUserWebFilter$StaticUserFilter) to context logs
2019-10-01 12:54:16,726 [main] INFO  http.HttpServer2 (HttpServer2.java:bindListener(1191)) - Jetty bound to port 45619
2019-10-01 12:54:16,726 [main] INFO  server.Server (Server.java:doStart(351)) - jetty-9.3.25.v20180904, build timestamp: 2018-09-04T21:11:46Z, git hash: 3ce520221d0240229c862b122d2b06c12a625732
2019-10-01 12:54:16,728 [main] INFO  handler.ContextHandler (ContextHandler.java:doStart(781)) - Started o.e.j.s.ServletContextHandler@212fafd1{/logs,file:///workdir/hadoop-ozone/integration-test/target/log,AVAILABLE}
2019-10-01 12:54:16,729 [main] INFO  handler.ContextHandler (ContextHandler.java:doStart(781)) - Started o.e.j.s.ServletContextHandler@787988f4{/static,jar:file:/home/user/.m2/repository/org/apache/hadoop/hadoop-hdds-container-service/0.5.0-SNAPSHOT/hadoop-hdds-container-service-0.5.0-SNAPSHOT.jar!/webapps/static,AVAILABLE}
2019-10-01 12:54:16,758 [main] INFO  handler.ContextHandler (ContextHandler.java:doStart(781)) - Started o.e.j.w.WebAppContext@5cff729b{/,file:///tmp/jetty-0.0.0.0-45619-hddsDatanode-_-any-8675598141533478174.dir/webapp/,AVAILABLE}{/hddsDatanode}
2019-10-01 12:54:16,758 [main] INFO  server.AbstractConnector (AbstractConnector.java:doStart(278)) - Started ServerConnector@10d18696{HTTP/1.1,[http/1.1]}{0.0.0.0:45619}
2019-10-01 12:54:16,760 [main] INFO  server.Server (Server.java:doStart(419)) - Started @247060ms
2019-10-01 12:54:16,760 [main] WARN  impl.MetricsSystemImpl (MetricsSystemImpl.java:register(276)) - Sink prometheus already exists!
2019-10-01 12:54:16,760 [main] INFO  server.BaseHttpServer (BaseHttpServer.java:updateConnectorAddress(215)) - HTTP server of HDDSDATANODE is listening at http://0.0.0.0:45619
2019-10-01 12:54:16,761 [main] INFO  impl.MetricsSystemImpl (MetricsSystemImpl.java:init(158)) - HddsDatanode metrics system started (again)
2019-10-01 12:54:16,766 [org.apache.hadoop.util.JvmPauseMonitor$Monitor@2270b73c] INFO  util.JvmPauseMonitor (JvmPauseMonitor.java:run(188)) - Starting JVM pause monitor
2019-10-01 12:54:16,766 [main] INFO  ozone.HddsDatanodeService (HddsDatanodeService.java:start(184)) - HddsDatanodeService host:pr-hdds-2199-dnstouuidmap-6cjbd-2468009341 ip:192.168.30.18
2019-10-01 12:54:16,767 [Datanode State Machine Thread - 0] INFO  datanode.InitDatanodeState (InitDatanodeState.java:persistContainerDatanodeDetails(140)) - DatanodeDetails is persisted to /workdir/hadoop-ozone/integration-test/target/test-dir/MiniOzoneClusterImpl-172552fd-4063-465f-9fdc-360652729e87/datanode-4/meta/datanode.id
2019-10-01 12:54:16,773 [main] INFO  volume.HddsVolume (HddsVolume.java:<init>(176)) - Creating Volume: /workdir/hadoop-ozone/integration-test/target/test-dir/MiniOzoneClusterImpl-172552fd-4063-465f-9fdc-360652729e87/datanode-5/data/containers/hdds of  storage type : DISK and capacity : 1482555576320
2019-10-01 12:54:16,773 [main] INFO  volume.VolumeSet (VolumeSet.java:initializeVolumeSet(170)) - Added Volume : /workdir/hadoop-ozone/integration-test/target/test-dir/MiniOzoneClusterImpl-172552fd-4063-465f-9fdc-360652729e87/datanode-5/data/containers/hdds to VolumeSet
2019-10-01 12:54:16,773 [main] INFO  volume.ThrottledAsyncChecker (ThrottledAsyncChecker.java:schedule(139)) - Scheduling a check for org.apache.hadoop.ozone.container.common.volume.HddsVolume@3487442d
2019-10-01 12:54:16,773 [main] INFO  volume.HddsVolumeChecker (HddsVolumeChecker.java:checkAllVolumes(202)) - Scheduled health check for volume org.apache.hadoop.ozone.container.common.volume.HddsVolume@3487442d
2019-10-01 12:54:16,787 [main] INFO  impl.RaftServerProxy (ConfUtils.java:logGet(43)) - raft.rpc.type = GRPC (default)
2019-10-01 12:54:16,787 [main] INFO  grpc.GrpcFactory (GrpcFactory.java:checkPooledByteBufAllocatorUseCacheForAllThreads(45)) - PERFORMANCE WARNING: useCacheForAllThreads is true that may cause Netty to create a lot garbage objects and, as a result, trigger GC.
	It is recommended to disable useCacheForAllThreads by setting -Dorg.apache.ratis.thirdparty.io.netty.allocator.useCacheForAllThreads=false in command line.
2019-10-01 12:54:16,787 [main] INFO  grpc.GrpcConfigKeys$Server (ConfUtils.java:logGet(43)) - raft.grpc.server.port = 0 (default)
2019-10-01 12:54:16,787 [main] INFO  server.GrpcService (ConfUtils.java:logGet(43)) - raft.grpc.message.size.max = 33570816 (custom)
2019-10-01 12:54:16,787 [main] INFO  server.RaftServerConfigKeys (ConfUtils.java:logGet(43)) - raft.server.log.appender.buffer.byte-limit = 33554432 (custom)
2019-10-01 12:54:16,788 [main] INFO  server.GrpcService (ConfUtils.java:logGet(43)) - raft.grpc.flow.control.window = 1MB (=1048576) (default)
2019-10-01 12:54:16,788 [main] INFO  server.RaftServerConfigKeys (ConfUtils.java:logGet(43)) - raft.server.rpc.request.timeout = 3000ms (default)
2019-10-01 12:54:16,788 [main] INFO  server.RaftServerConfigKeys (ConfUtils.java:logGet(43)) - raft.server.storage.dir = [/workdir/hadoop-ozone/integration-test/target/test-dir/MiniOzoneClusterImpl-172552fd-4063-465f-9fdc-360652729e87/datanode-5/data/ratis] (custom)
2019-10-01 12:54:16,789 [main] INFO  hdfs.DFSUtil (DFSUtil.java:httpServerTemplateForNNAndJN(1641)) - Starting Web-server for hddsDatanode at: http://0.0.0.0:0
2019-10-01 12:54:16,790 [main] INFO  server.AuthenticationFilter (AuthenticationFilter.java:constructSecretProvider(240)) - Unable to initialize FileSignerSecretProvider, falling back to use random secrets.
2019-10-01 12:54:16,791 [main] WARN  http.HttpRequestLog (HttpRequestLog.java:getRequestLog(97)) - Jetty request log can only be enabled using Log4j
2019-10-01 12:54:16,792 [main] INFO  http.HttpServer2 (HttpServer2.java:addGlobalFilter(975)) - Added global filter 'safety' (class=org.apache.hadoop.http.HttpServer2$QuotingInputFilter)
2019-10-01 12:54:16,792 [main] INFO  http.HttpServer2 (HttpServer2.java:addFilter(948)) - Added filter static_user_filter (class=org.apache.hadoop.http.lib.StaticUserWebFilter$StaticUserFilter) to context hddsDatanode
2019-10-01 12:54:16,792 [main] INFO  http.HttpServer2 (HttpServer2.java:addFilter(958)) - Added filter static_user_filter (class=org.apache.hadoop.http.lib.StaticUserWebFilter$StaticUserFilter) to context static
2019-10-01 12:54:16,793 [main] INFO  http.HttpServer2 (HttpServer2.java:addFilter(958)) - Added filter static_user_filter (class=org.apache.hadoop.http.lib.StaticUserWebFilter$StaticUserFilter) to context logs
2019-10-01 12:54:16,793 [main] INFO  http.HttpServer2 (HttpServer2.java:bindListener(1191)) - Jetty bound to port 40330
2019-10-01 12:54:16,793 [main] INFO  server.Server (Server.java:doStart(351)) - jetty-9.3.25.v20180904, build timestamp: 2018-09-04T21:11:46Z, git hash: 3ce520221d0240229c862b122d2b06c12a625732
2019-10-01 12:54:16,795 [main] INFO  handler.ContextHandler (ContextHandler.java:doStart(781)) - Started o.e.j.s.ServletContextHandler@3457cc8d{/logs,file:///workdir/hadoop-ozone/integration-test/target/log,AVAILABLE}
2019-10-01 12:54:16,795 [main] INFO  handler.ContextHandler (ContextHandler.java:doStart(781)) - Started o.e.j.s.ServletContextHandler@7994a0d1{/static,jar:file:/home/user/.m2/repository/org/apache/hadoop/hadoop-hdds-container-service/0.5.0-SNAPSHOT/hadoop-hdds-container-service-0.5.0-SNAPSHOT.jar!/webapps/static,AVAILABLE}
2019-10-01 12:54:16,822 [main] INFO  handler.ContextHandler (ContextHandler.java:doStart(781)) - Started o.e.j.w.WebAppContext@2055833f{/,file:///tmp/jetty-0.0.0.0-40330-hddsDatanode-_-any-3950421461905945387.dir/webapp/,AVAILABLE}{/hddsDatanode}
2019-10-01 12:54:16,822 [main] INFO  server.AbstractConnector (AbstractConnector.java:doStart(278)) - Started ServerConnector@28768e25{HTTP/1.1,[http/1.1]}{0.0.0.0:40330}
2019-10-01 12:54:16,823 [main] INFO  server.Server (Server.java:doStart(419)) - Started @247124ms
2019-10-01 12:54:16,824 [main] WARN  impl.MetricsSystemImpl (MetricsSystemImpl.java:register(276)) - Sink prometheus already exists!
2019-10-01 12:54:16,824 [main] INFO  server.BaseHttpServer (BaseHttpServer.java:updateConnectorAddress(215)) - HTTP server of HDDSDATANODE is listening at http://0.0.0.0:40330
2019-10-01 12:54:16,825 [main] INFO  impl.MetricsSystemImpl (MetricsSystemImpl.java:init(158)) - HddsDatanode metrics system started (again)
2019-10-01 12:54:16,831 [org.apache.hadoop.util.JvmPauseMonitor$Monitor@2a5183c5] INFO  util.JvmPauseMonitor (JvmPauseMonitor.java:run(188)) - Starting JVM pause monitor
2019-10-01 12:54:16,832 [main] INFO  ozone.HddsDatanodeService (HddsDatanodeService.java:start(184)) - HddsDatanodeService host:pr-hdds-2199-dnstouuidmap-6cjbd-2468009341 ip:192.168.30.18
2019-10-01 12:54:16,832 [Datanode State Machine Thread - 0] INFO  datanode.InitDatanodeState (InitDatanodeState.java:persistContainerDatanodeDetails(140)) - DatanodeDetails is persisted to /workdir/hadoop-ozone/integration-test/target/test-dir/MiniOzoneClusterImpl-172552fd-4063-465f-9fdc-360652729e87/datanode-5/meta/datanode.id
2019-10-01 12:54:16,839 [main] INFO  volume.HddsVolume (HddsVolume.java:<init>(176)) - Creating Volume: /workdir/hadoop-ozone/integration-test/target/test-dir/MiniOzoneClusterImpl-172552fd-4063-465f-9fdc-360652729e87/datanode-6/data/containers/hdds of  storage type : DISK and capacity : 1482555576320
2019-10-01 12:54:16,839 [main] INFO  volume.VolumeSet (VolumeSet.java:initializeVolumeSet(170)) - Added Volume : /workdir/hadoop-ozone/integration-test/target/test-dir/MiniOzoneClusterImpl-172552fd-4063-465f-9fdc-360652729e87/datanode-6/data/containers/hdds to VolumeSet
2019-10-01 12:54:16,839 [main] INFO  volume.ThrottledAsyncChecker (ThrottledAsyncChecker.java:schedule(139)) - Scheduling a check for org.apache.hadoop.ozone.container.common.volume.HddsVolume@6f1fa1d0
2019-10-01 12:54:16,840 [main] INFO  volume.HddsVolumeChecker (HddsVolumeChecker.java:checkAllVolumes(202)) - Scheduled health check for volume org.apache.hadoop.ozone.container.common.volume.HddsVolume@6f1fa1d0
2019-10-01 12:54:16,855 [main] INFO  impl.RaftServerProxy (ConfUtils.java:logGet(43)) - raft.rpc.type = GRPC (default)
2019-10-01 12:54:16,855 [main] INFO  grpc.GrpcFactory (GrpcFactory.java:checkPooledByteBufAllocatorUseCacheForAllThreads(45)) - PERFORMANCE WARNING: useCacheForAllThreads is true that may cause Netty to create a lot garbage objects and, as a result, trigger GC.
	It is recommended to disable useCacheForAllThreads by setting -Dorg.apache.ratis.thirdparty.io.netty.allocator.useCacheForAllThreads=false in command line.
2019-10-01 12:54:16,855 [main] INFO  grpc.GrpcConfigKeys$Server (ConfUtils.java:logGet(43)) - raft.grpc.server.port = 0 (default)
2019-10-01 12:54:16,855 [main] INFO  server.GrpcService (ConfUtils.java:logGet(43)) - raft.grpc.message.size.max = 33570816 (custom)
2019-10-01 12:54:16,856 [main] INFO  server.RaftServerConfigKeys (ConfUtils.java:logGet(43)) - raft.server.log.appender.buffer.byte-limit = 33554432 (custom)
2019-10-01 12:54:16,856 [main] INFO  server.GrpcService (ConfUtils.java:logGet(43)) - raft.grpc.flow.control.window = 1MB (=1048576) (default)
2019-10-01 12:54:16,856 [main] INFO  server.RaftServerConfigKeys (ConfUtils.java:logGet(43)) - raft.server.rpc.request.timeout = 3000ms (default)
2019-10-01 12:54:16,856 [main] INFO  server.RaftServerConfigKeys (ConfUtils.java:logGet(43)) - raft.server.storage.dir = [/workdir/hadoop-ozone/integration-test/target/test-dir/MiniOzoneClusterImpl-172552fd-4063-465f-9fdc-360652729e87/datanode-6/data/ratis] (custom)
2019-10-01 12:54:16,857 [main] INFO  hdfs.DFSUtil (DFSUtil.java:httpServerTemplateForNNAndJN(1641)) - Starting Web-server for hddsDatanode at: http://0.0.0.0:0
2019-10-01 12:54:16,859 [main] INFO  server.AuthenticationFilter (AuthenticationFilter.java:constructSecretProvider(240)) - Unable to initialize FileSignerSecretProvider, falling back to use random secrets.
2019-10-01 12:54:16,859 [main] WARN  http.HttpRequestLog (HttpRequestLog.java:getRequestLog(97)) - Jetty request log can only be enabled using Log4j
2019-10-01 12:54:16,860 [main] INFO  http.HttpServer2 (HttpServer2.java:addGlobalFilter(975)) - Added global filter 'safety' (class=org.apache.hadoop.http.HttpServer2$QuotingInputFilter)
2019-10-01 12:54:16,861 [main] INFO  http.HttpServer2 (HttpServer2.java:addFilter(948)) - Added filter static_user_filter (class=org.apache.hadoop.http.lib.StaticUserWebFilter$StaticUserFilter) to context hddsDatanode
2019-10-01 12:54:16,861 [main] INFO  http.HttpServer2 (HttpServer2.java:addFilter(958)) - Added filter static_user_filter (class=org.apache.hadoop.http.lib.StaticUserWebFilter$StaticUserFilter) to context logs
2019-10-01 12:54:16,861 [main] INFO  http.HttpServer2 (HttpServer2.java:addFilter(958)) - Added filter static_user_filter (class=org.apache.hadoop.http.lib.StaticUserWebFilter$StaticUserFilter) to context static
2019-10-01 12:54:16,862 [main] INFO  http.HttpServer2 (HttpServer2.java:bindListener(1191)) - Jetty bound to port 34494
2019-10-01 12:54:16,862 [main] INFO  server.Server (Server.java:doStart(351)) - jetty-9.3.25.v20180904, build timestamp: 2018-09-04T21:11:46Z, git hash: 3ce520221d0240229c862b122d2b06c12a625732
2019-10-01 12:54:16,863 [main] INFO  handler.ContextHandler (ContextHandler.java:doStart(781)) - Started o.e.j.s.ServletContextHandler@4cc12db2{/logs,file:///workdir/hadoop-ozone/integration-test/target/log,AVAILABLE}
2019-10-01 12:54:16,864 [main] INFO  handler.ContextHandler (ContextHandler.java:doStart(781)) - Started o.e.j.s.ServletContextHandler@39d77de9{/static,jar:file:/home/user/.m2/repository/org/apache/hadoop/hadoop-hdds-container-service/0.5.0-SNAPSHOT/hadoop-hdds-container-service-0.5.0-SNAPSHOT.jar!/webapps/static,AVAILABLE}
2019-10-01 12:54:16,892 [main] INFO  handler.ContextHandler (ContextHandler.java:doStart(781)) - Started o.e.j.w.WebAppContext@451e2fa9{/,file:///tmp/jetty-0.0.0.0-34494-hddsDatanode-_-any-5085487221498311721.dir/webapp/,AVAILABLE}{/hddsDatanode}
2019-10-01 12:54:16,892 [main] INFO  server.AbstractConnector (AbstractConnector.java:doStart(278)) - Started ServerConnector@497ed877{HTTP/1.1,[http/1.1]}{0.0.0.0:34494}
2019-10-01 12:54:16,893 [main] INFO  server.Server (Server.java:doStart(419)) - Started @247194ms
2019-10-01 12:54:16,894 [main] WARN  impl.MetricsSystemImpl (MetricsSystemImpl.java:register(276)) - Sink prometheus already exists!
2019-10-01 12:54:16,894 [main] INFO  server.BaseHttpServer (BaseHttpServer.java:updateConnectorAddress(215)) - HTTP server of HDDSDATANODE is listening at http://0.0.0.0:34494
2019-10-01 12:54:16,895 [main] INFO  ozone.MiniOzoneClusterImpl (MiniOzoneClusterImpl.java:lambda$waitForClusterToBeReady$0(147)) - Waiting for cluster to be ready. Got 0 of 7 DN Heartbeats.
2019-10-01 12:54:16,896 [org.apache.hadoop.util.JvmPauseMonitor$Monitor@66dc3001] INFO  util.JvmPauseMonitor (JvmPauseMonitor.java:run(188)) - Starting JVM pause monitor
2019-10-01 12:54:16,897 [Datanode State Machine Thread - 0] INFO  datanode.InitDatanodeState (InitDatanodeState.java:persistContainerDatanodeDetails(140)) - DatanodeDetails is persisted to /workdir/hadoop-ozone/integration-test/target/test-dir/MiniOzoneClusterImpl-172552fd-4063-465f-9fdc-360652729e87/datanode-6/meta/datanode.id
2019-10-01 12:54:17,903 [main] INFO  ozone.MiniOzoneClusterImpl (MiniOzoneClusterImpl.java:lambda$waitForClusterToBeReady$0(147)) - Waiting for cluster to be ready. Got 0 of 7 DN Heartbeats.
2019-10-01 12:54:18,518 [Datanode State Machine Thread - 0] INFO  ozoneimpl.OzoneContainer (OzoneContainer.java:start(217)) - Attempting to start container services.
2019-10-01 12:54:18,519 [Datanode State Machine Thread - 0] INFO  ozoneimpl.OzoneContainer (OzoneContainer.java:startContainerScrub(179)) - Background container scanner has been disabled.
2019-10-01 12:54:18,519 [Datanode State Machine Thread - 0] INFO  ratis.XceiverServerRatis (XceiverServerRatis.java:start(417)) - Starting XceiverServerRatis 3b4395ff-7170-4f5e-aab6-083691153c36 at port 0
2019-10-01 12:54:18,527 [Datanode State Machine Thread - 0] INFO  impl.RaftServerProxy (RaftServerProxy.java:lambda$start$3(299)) - 3b4395ff-7170-4f5e-aab6-083691153c36: start RPC server
2019-10-01 12:54:18,533 [Datanode State Machine Thread - 0] INFO  server.GrpcService (GrpcService.java:startImpl(158)) - 3b4395ff-7170-4f5e-aab6-083691153c36: GrpcService started, listening on 0.0.0.0/0.0.0.0:37608
2019-10-01 12:54:18,533 [Datanode State Machine Thread - 0] INFO  ratis.XceiverServerRatis (XceiverServerRatis.java:start(427)) - XceiverServerRatis 3b4395ff-7170-4f5e-aab6-083691153c36 is started using port 37608
2019-10-01 12:54:18,534 [Datanode State Machine Thread - 0] INFO  server.XceiverServerGrpc (XceiverServerGrpc.java:start(149)) - XceiverServerGrpc 3b4395ff-7170-4f5e-aab6-083691153c36 is started using port 40384
2019-10-01 12:54:18,560 [Datanode State Machine Thread - 0] INFO  ozoneimpl.OzoneContainer (OzoneContainer.java:start(217)) - Attempting to start container services.
2019-10-01 12:54:18,561 [Datanode State Machine Thread - 0] INFO  ozoneimpl.OzoneContainer (OzoneContainer.java:startContainerScrub(179)) - Background container scanner has been disabled.
2019-10-01 12:54:18,561 [Datanode State Machine Thread - 0] INFO  ratis.XceiverServerRatis (XceiverServerRatis.java:start(417)) - Starting XceiverServerRatis a397d865-6cf2-4267-83e8-08b424a8be10 at port 0
2019-10-01 12:54:18,569 [Datanode State Machine Thread - 0] INFO  impl.RaftServerProxy (RaftServerProxy.java:lambda$start$3(299)) - a397d865-6cf2-4267-83e8-08b424a8be10: start RPC server
2019-10-01 12:54:18,569 [Datanode State Machine Thread - 0] INFO  server.GrpcService (GrpcService.java:startImpl(158)) - a397d865-6cf2-4267-83e8-08b424a8be10: GrpcService started, listening on 0.0.0.0/0.0.0.0:37731
2019-10-01 12:54:18,569 [Datanode State Machine Thread - 0] INFO  ratis.XceiverServerRatis (XceiverServerRatis.java:start(427)) - XceiverServerRatis a397d865-6cf2-4267-83e8-08b424a8be10 is started using port 37731
2019-10-01 12:54:18,570 [Datanode State Machine Thread - 0] INFO  server.XceiverServerGrpc (XceiverServerGrpc.java:start(149)) - XceiverServerGrpc a397d865-6cf2-4267-83e8-08b424a8be10 is started using port 41241
2019-10-01 12:54:18,627 [Datanode State Machine Thread - 0] INFO  ozoneimpl.OzoneContainer (OzoneContainer.java:start(217)) - Attempting to start container services.
2019-10-01 12:54:18,628 [Datanode State Machine Thread - 0] INFO  ozoneimpl.OzoneContainer (OzoneContainer.java:startContainerScrub(179)) - Background container scanner has been disabled.
2019-10-01 12:54:18,628 [Datanode State Machine Thread - 0] INFO  ratis.XceiverServerRatis (XceiverServerRatis.java:start(417)) - Starting XceiverServerRatis e011a184-2914-49de-9b02-5fdc9c9d0795 at port 0
2019-10-01 12:54:18,635 [Datanode State Machine Thread - 0] INFO  impl.RaftServerProxy (RaftServerProxy.java:lambda$start$3(299)) - e011a184-2914-49de-9b02-5fdc9c9d0795: start RPC server
2019-10-01 12:54:18,635 [Datanode State Machine Thread - 0] INFO  server.GrpcService (GrpcService.java:startImpl(158)) - e011a184-2914-49de-9b02-5fdc9c9d0795: GrpcService started, listening on 0.0.0.0/0.0.0.0:37621
2019-10-01 12:54:18,635 [Datanode State Machine Thread - 0] INFO  ratis.XceiverServerRatis (XceiverServerRatis.java:start(427)) - XceiverServerRatis e011a184-2914-49de-9b02-5fdc9c9d0795 is started using port 37621
2019-10-01 12:54:18,638 [Datanode State Machine Thread - 0] INFO  server.XceiverServerGrpc (XceiverServerGrpc.java:start(149)) - XceiverServerGrpc e011a184-2914-49de-9b02-5fdc9c9d0795 is started using port 36097
2019-10-01 12:54:18,719 [Datanode State Machine Thread - 0] INFO  ozoneimpl.OzoneContainer (OzoneContainer.java:start(217)) - Attempting to start container services.
2019-10-01 12:54:18,720 [Datanode State Machine Thread - 0] INFO  ozoneimpl.OzoneContainer (OzoneContainer.java:startContainerScrub(179)) - Background container scanner has been disabled.
2019-10-01 12:54:18,720 [Datanode State Machine Thread - 0] INFO  ratis.XceiverServerRatis (XceiverServerRatis.java:start(417)) - Starting XceiverServerRatis 72e83067-4828-4e86-aed9-55690cfce197 at port 0
2019-10-01 12:54:18,728 [Datanode State Machine Thread - 0] INFO  impl.RaftServerProxy (RaftServerProxy.java:lambda$start$3(299)) - 72e83067-4828-4e86-aed9-55690cfce197: start RPC server
2019-10-01 12:54:18,731 [Datanode State Machine Thread - 0] INFO  server.GrpcService (GrpcService.java:startImpl(158)) - 72e83067-4828-4e86-aed9-55690cfce197: GrpcService started, listening on 0.0.0.0/0.0.0.0:38890
2019-10-01 12:54:18,731 [Datanode State Machine Thread - 0] INFO  ratis.XceiverServerRatis (XceiverServerRatis.java:start(427)) - XceiverServerRatis 72e83067-4828-4e86-aed9-55690cfce197 is started using port 38890
2019-10-01 12:54:18,732 [Datanode State Machine Thread - 0] INFO  server.XceiverServerGrpc (XceiverServerGrpc.java:start(149)) - XceiverServerGrpc 72e83067-4828-4e86-aed9-55690cfce197 is started using port 46260
2019-10-01 12:54:18,795 [Datanode State Machine Thread - 0] INFO  ozoneimpl.OzoneContainer (OzoneContainer.java:start(217)) - Attempting to start container services.
2019-10-01 12:54:18,795 [Datanode State Machine Thread - 0] INFO  ozoneimpl.OzoneContainer (OzoneContainer.java:startContainerScrub(179)) - Background container scanner has been disabled.
2019-10-01 12:54:18,795 [Datanode State Machine Thread - 0] INFO  ratis.XceiverServerRatis (XceiverServerRatis.java:start(417)) - Starting XceiverServerRatis dab4144a-9476-4dd0-b84f-0a5943d57765 at port 0
2019-10-01 12:54:18,803 [Datanode State Machine Thread - 0] INFO  impl.RaftServerProxy (RaftServerProxy.java:lambda$start$3(299)) - dab4144a-9476-4dd0-b84f-0a5943d57765: start RPC server
2019-10-01 12:54:18,804 [Datanode State Machine Thread - 0] INFO  server.GrpcService (GrpcService.java:startImpl(158)) - dab4144a-9476-4dd0-b84f-0a5943d57765: GrpcService started, listening on 0.0.0.0/0.0.0.0:42590
2019-10-01 12:54:18,804 [Datanode State Machine Thread - 0] INFO  ratis.XceiverServerRatis (XceiverServerRatis.java:start(427)) - XceiverServerRatis dab4144a-9476-4dd0-b84f-0a5943d57765 is started using port 42590
2019-10-01 12:54:18,805 [Datanode State Machine Thread - 0] INFO  server.XceiverServerGrpc (XceiverServerGrpc.java:start(149)) - XceiverServerGrpc dab4144a-9476-4dd0-b84f-0a5943d57765 is started using port 44249
2019-10-01 12:54:18,862 [Datanode State Machine Thread - 0] INFO  ozoneimpl.OzoneContainer (OzoneContainer.java:start(217)) - Attempting to start container services.
2019-10-01 12:54:18,862 [Datanode State Machine Thread - 0] INFO  ozoneimpl.OzoneContainer (OzoneContainer.java:startContainerScrub(179)) - Background container scanner has been disabled.
2019-10-01 12:54:18,862 [Datanode State Machine Thread - 0] INFO  ratis.XceiverServerRatis (XceiverServerRatis.java:start(417)) - Starting XceiverServerRatis ad419d34-b601-4139-86fd-2cbfdce74da6 at port 0
2019-10-01 12:54:18,869 [Datanode State Machine Thread - 0] INFO  impl.RaftServerProxy (RaftServerProxy.java:lambda$start$3(299)) - ad419d34-b601-4139-86fd-2cbfdce74da6: start RPC server
2019-10-01 12:54:18,870 [Datanode State Machine Thread - 0] INFO  server.GrpcService (GrpcService.java:startImpl(158)) - ad419d34-b601-4139-86fd-2cbfdce74da6: GrpcService started, listening on 0.0.0.0/0.0.0.0:39412
2019-10-01 12:54:18,870 [Datanode State Machine Thread - 0] INFO  ratis.XceiverServerRatis (XceiverServerRatis.java:start(427)) - XceiverServerRatis ad419d34-b601-4139-86fd-2cbfdce74da6 is started using port 39412
2019-10-01 12:54:18,873 [Datanode State Machine Thread - 0] INFO  server.XceiverServerGrpc (XceiverServerGrpc.java:start(149)) - XceiverServerGrpc ad419d34-b601-4139-86fd-2cbfdce74da6 is started using port 34043
2019-10-01 12:54:18,905 [main] INFO  ozone.MiniOzoneClusterImpl (MiniOzoneClusterImpl.java:lambda$waitForClusterToBeReady$0(147)) - Waiting for cluster to be ready. Got 0 of 7 DN Heartbeats.
2019-10-01 12:54:18,920 [Datanode State Machine Thread - 0] INFO  ozoneimpl.OzoneContainer (OzoneContainer.java:start(217)) - Attempting to start container services.
2019-10-01 12:54:18,921 [Datanode State Machine Thread - 0] INFO  ozoneimpl.OzoneContainer (OzoneContainer.java:startContainerScrub(179)) - Background container scanner has been disabled.
2019-10-01 12:54:18,921 [Datanode State Machine Thread - 0] INFO  ratis.XceiverServerRatis (XceiverServerRatis.java:start(417)) - Starting XceiverServerRatis 77d194ee-dd30-4caa-8c45-d1c65226b013 at port 0
2019-10-01 12:54:18,929 [Datanode State Machine Thread - 0] INFO  impl.RaftServerProxy (RaftServerProxy.java:lambda$start$3(299)) - 77d194ee-dd30-4caa-8c45-d1c65226b013: start RPC server
2019-10-01 12:54:18,929 [Datanode State Machine Thread - 0] INFO  server.GrpcService (GrpcService.java:startImpl(158)) - 77d194ee-dd30-4caa-8c45-d1c65226b013: GrpcService started, listening on 0.0.0.0/0.0.0.0:36476
2019-10-01 12:54:18,929 [Datanode State Machine Thread - 0] INFO  ratis.XceiverServerRatis (XceiverServerRatis.java:start(427)) - XceiverServerRatis 77d194ee-dd30-4caa-8c45-d1c65226b013 is started using port 36476
2019-10-01 12:54:18,930 [Datanode State Machine Thread - 0] INFO  server.XceiverServerGrpc (XceiverServerGrpc.java:start(149)) - XceiverServerGrpc 77d194ee-dd30-4caa-8c45-d1c65226b013 is started using port 37171
2019-10-01 12:54:19,906 [main] INFO  ozone.MiniOzoneClusterImpl (MiniOzoneClusterImpl.java:lambda$waitForClusterToBeReady$0(147)) - Waiting for cluster to be ready. Got 0 of 7 DN Heartbeats.
2019-10-01 12:54:20,472 [IPC Server handler 0 on 43696] INFO  net.NetworkTopology (NetworkTopologyImpl.java:add(111)) - Added a new node: /default-rack/3b4395ff-7170-4f5e-aab6-083691153c36
2019-10-01 12:54:20,475 [IPC Server handler 0 on 43696] INFO  node.SCMNodeManager (SCMNodeManager.java:register(268)) - Registered Data node : 3b4395ff-7170-4f5e-aab6-083691153c36{ip: 192.168.30.18, host: pr-hdds-2199-dnstouuidmap-6cjbd-2468009341, networkLocation: /default-rack, certSerialId: null}
2019-10-01 12:54:20,477 [EventQueue-NodeRegistrationContainerReportForDataNodeSafeModeRule] INFO  safemode.SCMSafeModeManager (DataNodeSafeModeRule.java:process(71)) - SCM in safe mode. 1 DataNodes registered, 1 required.
2019-10-01 12:54:20,479 [EventQueue-NodeRegistrationContainerReportForDataNodeSafeModeRule] INFO  safemode.SCMSafeModeManager (SCMSafeModeManager.java:validateSafeModeExitRules(177)) - ScmSafeModeManager, all rules are successfully validated
2019-10-01 12:54:20,480 [EventQueue-NodeRegistrationContainerReportForDataNodeSafeModeRule] INFO  safemode.SCMSafeModeManager (SCMSafeModeManager.java:exitSafeMode(193)) - SCM exiting safe mode.
2019-10-01 12:54:20,495 [grpc-default-executor-2] INFO  impl.RaftServerProxy (RaftServerProxy.java:addNew(89)) - 3b4395ff-7170-4f5e-aab6-083691153c36: addNew group-D97C640C813A:[3b4395ff-7170-4f5e-aab6-083691153c36:192.168.30.18:37608] returns group-D97C640C813A:java.util.concurrent.CompletableFuture@2772a4f5[Not completed]
2019-10-01 12:54:20,498 [pool-383-thread-1] INFO  impl.RaftServerImpl (RaftServerImpl.java:<init>(95)) - 3b4395ff-7170-4f5e-aab6-083691153c36: new RaftServerImpl for group-D97C640C813A:[3b4395ff-7170-4f5e-aab6-083691153c36:192.168.30.18:37608] with ContainerStateMachine:uninitialized
2019-10-01 12:54:20,498 [pool-383-thread-1] INFO  server.RaftServerConfigKeys (ConfUtils.java:logGet(43)) - raft.server.rpc.timeout.min = 5s (custom)
2019-10-01 12:54:20,499 [pool-383-thread-1] INFO  server.RaftServerConfigKeys (ConfUtils.java:logGet(43)) - raft.server.rpc.timeout.max = 5200ms (custom)
2019-10-01 12:54:20,499 [pool-383-thread-1] INFO  server.RaftServerConfigKeys (ConfUtils.java:logGet(43)) - raft.server.rpcslowness.timeout = 120s (custom)
2019-10-01 12:54:20,499 [pool-383-thread-1] INFO  server.RaftServerConfigKeys (ConfUtils.java:logGet(43)) - raft.server.sleep.deviation.threshold = 300 (default)
2019-10-01 12:54:20,499 [pool-383-thread-1] INFO  server.RaftServerConfigKeys (ConfUtils.java:logGet(43)) - raft.server.log.appender.install.snapshot.enabled = false (custom)
2019-10-01 12:54:20,499 [pool-383-thread-1] INFO  impl.RaftServerImpl (ServerState.java:<init>(103)) - 3b4395ff-7170-4f5e-aab6-083691153c36@group-D97C640C813A: ConfigurationManager, init=-1: [3b4395ff-7170-4f5e-aab6-083691153c36:192.168.30.18:37608], old=null, confs=<EMPTY_MAP>
2019-10-01 12:54:20,500 [pool-383-thread-1] INFO  server.RaftServerConfigKeys (ConfUtils.java:logGet(43)) - raft.server.storage.dir = [/workdir/hadoop-ozone/integration-test/target/test-dir/MiniOzoneClusterImpl-172552fd-4063-465f-9fdc-360652729e87/datanode-0/data/ratis] (custom)
2019-10-01 12:54:20,500 [pool-383-thread-1] INFO  server.RaftServerConfigKeys (ConfUtils.java:logGet(43)) - raft.server.log.corruption.policy = EXCEPTION (default)
2019-10-01 12:54:20,501 [pool-383-thread-1] INFO  storage.RaftStorageDirectory (RaftStorageDirectory.java:analyzeStorage(246)) - The storage directory /workdir/hadoop-ozone/integration-test/target/test-dir/MiniOzoneClusterImpl-172552fd-4063-465f-9fdc-360652729e87/datanode-0/data/ratis/106729e9-dc57-4bad-9623-d97c640c813a does not exist. Creating ...
2019-10-01 12:54:20,530 [IPC Server handler 1 on 43696] INFO  net.NetworkTopology (NetworkTopologyImpl.java:add(111)) - Added a new node: /default-rack/a397d865-6cf2-4267-83e8-08b424a8be10
2019-10-01 12:54:20,530 [IPC Server handler 1 on 43696] INFO  node.SCMNodeManager (SCMNodeManager.java:register(268)) - Registered Data node : a397d865-6cf2-4267-83e8-08b424a8be10{ip: 192.168.30.18, host: pr-hdds-2199-dnstouuidmap-6cjbd-2468009341, networkLocation: /default-rack, certSerialId: null}
2019-10-01 12:54:20,538 [pool-383-thread-1] INFO  storage.RaftStorageDirectory (RaftStorageDirectory.java:tryLock(328)) - Lock on /workdir/hadoop-ozone/integration-test/target/test-dir/MiniOzoneClusterImpl-172552fd-4063-465f-9fdc-360652729e87/datanode-0/data/ratis/106729e9-dc57-4bad-9623-d97c640c813a/in_use.lock acquired by nodename 7038@pr-hdds-2199-dnstouuidmap-6cjbd-2468009341
2019-10-01 12:54:20,563 [pool-383-thread-1] INFO  storage.RaftStorage (RaftStorage.java:format(84)) - Storage directory /workdir/hadoop-ozone/integration-test/target/test-dir/MiniOzoneClusterImpl-172552fd-4063-465f-9fdc-360652729e87/datanode-0/data/ratis/106729e9-dc57-4bad-9623-d97c640c813a has been successfully formatted.
2019-10-01 12:54:20,563 [pool-383-thread-1] INFO  ratis.ContainerStateMachine (ContainerStateMachine.java:loadSnapshot(230)) - group-D97C640C813A: The snapshot info is null. Setting the last applied indexto:(t:0, i:~)
2019-10-01 12:54:20,564 [pool-383-thread-1] INFO  server.RaftServerConfigKeys (ConfUtils.java:logGet(43)) - raft.server.notification.no-leader.timeout = 120s (custom)
2019-10-01 12:54:20,564 [pool-383-thread-1] INFO  server.RaftServerConfigKeys (ConfUtils.java:logGet(43)) - raft.server.log.use.memory = false (default)
2019-10-01 12:54:20,564 [pool-383-thread-1] INFO  server.RaftServerConfigKeys (ConfUtils.java:logGet(43)) - raft.server.log.purge.gap = 1000000 (custom)
2019-10-01 12:54:20,564 [pool-383-thread-1] INFO  server.RaftServerConfigKeys (ConfUtils.java:logGet(43)) - raft.server.log.appender.buffer.byte-limit = 33554432 (custom)
2019-10-01 12:54:20,565 [pool-383-thread-1] INFO  server.RaftServerConfigKeys (ConfUtils.java:logGet(43)) - raft.server.log.segment.size.max = 1048576 (custom)
2019-10-01 12:54:20,568 [pool-383-thread-1] INFO  server.RaftServerConfigKeys (ConfUtils.java:logGet(43)) - raft.server.log.segment.cache.num.max = 2 (custom)
2019-10-01 12:54:20,568 [pool-383-thread-1] INFO  segmented.SegmentedRaftLogWorker (SegmentedRaftLogWorker.java:<init>(173)) - new 3b4395ff-7170-4f5e-aab6-083691153c36@group-D97C640C813A-SegmentedRaftLogWorker for RaftStorage:Storage Directory /workdir/hadoop-ozone/integration-test/target/test-dir/MiniOzoneClusterImpl-172552fd-4063-465f-9fdc-360652729e87/datanode-0/data/ratis/106729e9-dc57-4bad-9623-d97c640c813a
2019-10-01 12:54:20,568 [pool-383-thread-1] INFO  server.RaftServerConfigKeys (ConfUtils.java:logGet(43)) - raft.server.log.queue.byte-limit = 2147483647 (custom)
2019-10-01 12:54:20,568 [pool-383-thread-1] INFO  server.RaftServerConfigKeys (ConfUtils.java:logGet(43)) - raft.server.log.queue.element-limit = 1024 (custom)
2019-10-01 12:54:20,569 [pool-383-thread-1] INFO  server.RaftServerConfigKeys (ConfUtils.java:logGet(43)) - raft.server.log.segment.size.max = 1048576 (custom)
2019-10-01 12:54:20,569 [pool-383-thread-1] INFO  server.RaftServerConfigKeys (ConfUtils.java:logGet(43)) - raft.server.log.preallocated.size = 16384 (custom)
2019-10-01 12:54:20,569 [pool-383-thread-1] INFO  server.RaftServerConfigKeys (ConfUtils.java:logGet(43)) - raft.server.log.write.buffer.size = 33554432 (custom)
2019-10-01 12:54:20,569 [pool-383-thread-1] INFO  server.RaftServerConfigKeys (ConfUtils.java:logGet(43)) - raft.server.log.force.sync.num = 128 (default)
2019-10-01 12:54:20,569 [pool-383-thread-1] INFO  server.RaftServerConfigKeys (ConfUtils.java:logGet(43)) - raft.server.log.statemachine.data.sync = true (default)
2019-10-01 12:54:20,569 [pool-383-thread-1] INFO  server.RaftServerConfigKeys (ConfUtils.java:logGet(43)) - raft.server.log.statemachine.data.sync.timeout = 10s (default)
2019-10-01 12:54:20,570 [pool-383-thread-1] INFO  server.RaftServerConfigKeys (ConfUtils.java:logGet(43)) - raft.server.log.statemachine.data.sync.timeout.retry = -1 (default)
2019-10-01 12:54:20,570 [pool-383-thread-1] INFO  server.RaftServerConfigKeys (ConfUtils.java:logGet(43)) - raft.server.log.statemachine.data.caching.enabled = true (custom)
2019-10-01 12:54:20,571 [pool-383-thread-1] INFO  segmented.SegmentedRaftLogWorker (SegmentedRaftLogWorker.java:lambda$new$0(128)) - 3b4395ff-7170-4f5e-aab6-083691153c36@group-D97C640C813A-SegmentedRaftLogWorker: flushIndex: setUnconditionally 0 -> -1
2019-10-01 12:54:20,571 [pool-383-thread-1] INFO  server.RaftServerConfigKeys (ConfUtils.java:logGet(43)) - raft.server.snapshot.auto.trigger.enabled = true (custom)
2019-10-01 12:54:20,572 [pool-383-thread-1] INFO  server.RaftServerConfigKeys (ConfUtils.java:logGet(43)) - raft.server.snapshot.auto.trigger.threshold = 10000 (custom)
2019-10-01 12:54:20,572 [pool-383-thread-1] INFO  server.RaftServerConfigKeys (ConfUtils.java:logGet(43)) - raft.server.snapshot.retention.file.num = 5 (custom)
2019-10-01 12:54:20,572 [pool-383-thread-1] INFO  server.RaftServerConfigKeys (ConfUtils.java:logGet(43)) - raft.server.retrycache.expirytime = 600000ms (custom)
2019-10-01 12:54:20,575 [pool-383-thread-1] INFO  impl.RaftServerImpl (RaftServerImpl.java:start(181)) - 3b4395ff-7170-4f5e-aab6-083691153c36@group-D97C640C813A: start as a follower, conf=-1: [3b4395ff-7170-4f5e-aab6-083691153c36:192.168.30.18:37608], old=null
2019-10-01 12:54:20,576 [pool-383-thread-1] INFO  impl.RaftServerImpl (RaftServerImpl.java:setRole(170)) - 3b4395ff-7170-4f5e-aab6-083691153c36@group-D97C640C813A: changes role from      null to FOLLOWER at term 0 for startAsFollower
2019-10-01 12:54:20,576 [pool-383-thread-1] INFO  impl.RoleInfo (RoleInfo.java:updateAndGet(143)) - 3b4395ff-7170-4f5e-aab6-083691153c36: start FollowerState
2019-10-01 12:54:20,576 [pool-383-thread-1] INFO  util.JmxRegister (JmxRegister.java:tryRegister(44)) - Successfully registered JMX Bean with object name Ratis:service=RaftServer,group=group-D97C640C813A,id=3b4395ff-7170-4f5e-aab6-083691153c36
2019-10-01 12:54:20,582 [RatisPipelineUtilsThread] INFO  pipeline.PipelineStateManager (PipelineStateManager.java:addPipeline(56)) - Created pipeline Pipeline[ Id: 106729e9-dc57-4bad-9623-d97c640c813a, Nodes: 3b4395ff-7170-4f5e-aab6-083691153c36{ip: 192.168.30.18, host: pr-hdds-2199-dnstouuidmap-6cjbd-2468009341, networkLocation: /default-rack, certSerialId: null}, Type:RATIS, Factor:ONE, State:OPEN]
2019-10-01 12:54:20,590 [grpc-default-executor-2] INFO  impl.RaftServerProxy (RaftServerProxy.java:addNew(89)) - a397d865-6cf2-4267-83e8-08b424a8be10: addNew group-1520F4BD01BA:[a397d865-6cf2-4267-83e8-08b424a8be10:192.168.30.18:37731] returns group-1520F4BD01BA:java.util.concurrent.CompletableFuture@6ab18dea[Not completed]
2019-10-01 12:54:20,591 [pool-393-thread-1] INFO  impl.RaftServerImpl (RaftServerImpl.java:<init>(95)) - a397d865-6cf2-4267-83e8-08b424a8be10: new RaftServerImpl for group-1520F4BD01BA:[a397d865-6cf2-4267-83e8-08b424a8be10:192.168.30.18:37731] with ContainerStateMachine:uninitialized
2019-10-01 12:54:20,591 [pool-393-thread-1] INFO  server.RaftServerConfigKeys (ConfUtils.java:logGet(43)) - raft.server.rpc.timeout.min = 5s (custom)
2019-10-01 12:54:20,591 [pool-393-thread-1] INFO  server.RaftServerConfigKeys (ConfUtils.java:logGet(43)) - raft.server.rpc.timeout.max = 5200ms (custom)
2019-10-01 12:54:20,592 [pool-393-thread-1] INFO  server.RaftServerConfigKeys (ConfUtils.java:logGet(43)) - raft.server.rpcslowness.timeout = 120s (custom)
2019-10-01 12:54:20,592 [pool-393-thread-1] INFO  server.RaftServerConfigKeys (ConfUtils.java:logGet(43)) - raft.server.sleep.deviation.threshold = 300 (default)
2019-10-01 12:54:20,592 [pool-393-thread-1] INFO  server.RaftServerConfigKeys (ConfUtils.java:logGet(43)) - raft.server.log.appender.install.snapshot.enabled = false (custom)
2019-10-01 12:54:20,592 [pool-393-thread-1] INFO  impl.RaftServerImpl (ServerState.java:<init>(103)) - a397d865-6cf2-4267-83e8-08b424a8be10@group-1520F4BD01BA: ConfigurationManager, init=-1: [a397d865-6cf2-4267-83e8-08b424a8be10:192.168.30.18:37731], old=null, confs=<EMPTY_MAP>
2019-10-01 12:54:20,592 [pool-393-thread-1] INFO  server.RaftServerConfigKeys (ConfUtils.java:logGet(43)) - raft.server.storage.dir = [/workdir/hadoop-ozone/integration-test/target/test-dir/MiniOzoneClusterImpl-172552fd-4063-465f-9fdc-360652729e87/datanode-1/data/ratis] (custom)
2019-10-01 12:54:20,592 [pool-393-thread-1] INFO  server.RaftServerConfigKeys (ConfUtils.java:logGet(43)) - raft.server.log.corruption.policy = EXCEPTION (default)
2019-10-01 12:54:20,593 [pool-393-thread-1] INFO  storage.RaftStorageDirectory (RaftStorageDirectory.java:analyzeStorage(246)) - The storage directory /workdir/hadoop-ozone/integration-test/target/test-dir/MiniOzoneClusterImpl-172552fd-4063-465f-9fdc-360652729e87/datanode-1/data/ratis/de0bd472-c5e1-4466-8c99-1520f4bd01ba does not exist. Creating ...
2019-10-01 12:54:20,602 [IPC Server handler 4 on 43696] INFO  net.NetworkTopology (NetworkTopologyImpl.java:add(111)) - Added a new node: /default-rack/e011a184-2914-49de-9b02-5fdc9c9d0795
2019-10-01 12:54:20,602 [IPC Server handler 4 on 43696] INFO  node.SCMNodeManager (SCMNodeManager.java:register(268)) - Registered Data node : e011a184-2914-49de-9b02-5fdc9c9d0795{ip: 192.168.30.18, host: pr-hdds-2199-dnstouuidmap-6cjbd-2468009341, networkLocation: /default-rack, certSerialId: null}
2019-10-01 12:54:20,622 [pool-393-thread-1] INFO  storage.RaftStorageDirectory (RaftStorageDirectory.java:tryLock(328)) - Lock on /workdir/hadoop-ozone/integration-test/target/test-dir/MiniOzoneClusterImpl-172552fd-4063-465f-9fdc-360652729e87/datanode-1/data/ratis/de0bd472-c5e1-4466-8c99-1520f4bd01ba/in_use.lock acquired by nodename 7038@pr-hdds-2199-dnstouuidmap-6cjbd-2468009341
2019-10-01 12:54:20,647 [pool-393-thread-1] INFO  storage.RaftStorage (RaftStorage.java:format(84)) - Storage directory /workdir/hadoop-ozone/integration-test/target/test-dir/MiniOzoneClusterImpl-172552fd-4063-465f-9fdc-360652729e87/datanode-1/data/ratis/de0bd472-c5e1-4466-8c99-1520f4bd01ba has been successfully formatted.
2019-10-01 12:54:20,647 [pool-393-thread-1] INFO  ratis.ContainerStateMachine (ContainerStateMachine.java:loadSnapshot(230)) - group-1520F4BD01BA: The snapshot info is null. Setting the last applied indexto:(t:0, i:~)
2019-10-01 12:54:20,648 [pool-393-thread-1] INFO  server.RaftServerConfigKeys (ConfUtils.java:logGet(43)) - raft.server.notification.no-leader.timeout = 120s (custom)
2019-10-01 12:54:20,648 [pool-393-thread-1] INFO  server.RaftServerConfigKeys (ConfUtils.java:logGet(43)) - raft.server.log.use.memory = false (default)
2019-10-01 12:54:20,648 [pool-393-thread-1] INFO  server.RaftServerConfigKeys (ConfUtils.java:logGet(43)) - raft.server.log.purge.gap = 1000000 (custom)
2019-10-01 12:54:20,648 [pool-393-thread-1] INFO  server.RaftServerConfigKeys (ConfUtils.java:logGet(43)) - raft.server.log.appender.buffer.byte-limit = 33554432 (custom)
2019-10-01 12:54:20,648 [pool-393-thread-1] INFO  server.RaftServerConfigKeys (ConfUtils.java:logGet(43)) - raft.server.log.segment.size.max = 1048576 (custom)
2019-10-01 12:54:20,650 [pool-393-thread-1] INFO  server.RaftServerConfigKeys (ConfUtils.java:logGet(43)) - raft.server.log.segment.cache.num.max = 2 (custom)
2019-10-01 12:54:20,650 [pool-393-thread-1] INFO  segmented.SegmentedRaftLogWorker (SegmentedRaftLogWorker.java:<init>(173)) - new a397d865-6cf2-4267-83e8-08b424a8be10@group-1520F4BD01BA-SegmentedRaftLogWorker for RaftStorage:Storage Directory /workdir/hadoop-ozone/integration-test/target/test-dir/MiniOzoneClusterImpl-172552fd-4063-465f-9fdc-360652729e87/datanode-1/data/ratis/de0bd472-c5e1-4466-8c99-1520f4bd01ba
2019-10-01 12:54:20,651 [pool-393-thread-1] INFO  server.RaftServerConfigKeys (ConfUtils.java:logGet(43)) - raft.server.log.queue.byte-limit = 2147483647 (custom)
2019-10-01 12:54:20,651 [pool-393-thread-1] INFO  server.RaftServerConfigKeys (ConfUtils.java:logGet(43)) - raft.server.log.queue.element-limit = 1024 (custom)
2019-10-01 12:54:20,651 [pool-393-thread-1] INFO  server.RaftServerConfigKeys (ConfUtils.java:logGet(43)) - raft.server.log.segment.size.max = 1048576 (custom)
2019-10-01 12:54:20,651 [pool-393-thread-1] INFO  server.RaftServerConfigKeys (ConfUtils.java:logGet(43)) - raft.server.log.preallocated.size = 16384 (custom)
2019-10-01 12:54:20,651 [pool-393-thread-1] INFO  server.RaftServerConfigKeys (ConfUtils.java:logGet(43)) - raft.server.log.write.buffer.size = 33554432 (custom)
2019-10-01 12:54:20,651 [pool-393-thread-1] INFO  server.RaftServerConfigKeys (ConfUtils.java:logGet(43)) - raft.server.log.force.sync.num = 128 (default)
2019-10-01 12:54:20,651 [pool-393-thread-1] INFO  server.RaftServerConfigKeys (ConfUtils.java:logGet(43)) - raft.server.log.statemachine.data.sync = true (default)
2019-10-01 12:54:20,652 [pool-393-thread-1] INFO  server.RaftServerConfigKeys (ConfUtils.java:logGet(43)) - raft.server.log.statemachine.data.sync.timeout = 10s (default)
2019-10-01 12:54:20,652 [pool-393-thread-1] INFO  server.RaftServerConfigKeys (ConfUtils.java:logGet(43)) - raft.server.log.statemachine.data.sync.timeout.retry = -1 (default)
2019-10-01 12:54:20,652 [pool-393-thread-1] INFO  server.RaftServerConfigKeys (ConfUtils.java:logGet(43)) - raft.server.log.statemachine.data.caching.enabled = true (custom)
2019-10-01 12:54:20,652 [pool-393-thread-1] INFO  segmented.SegmentedRaftLogWorker (SegmentedRaftLogWorker.java:lambda$new$0(128)) - a397d865-6cf2-4267-83e8-08b424a8be10@group-1520F4BD01BA-SegmentedRaftLogWorker: flushIndex: setUnconditionally 0 -> -1
2019-10-01 12:54:20,653 [pool-393-thread-1] INFO  server.RaftServerConfigKeys (ConfUtils.java:logGet(43)) - raft.server.snapshot.auto.trigger.enabled = true (custom)
2019-10-01 12:54:20,653 [pool-393-thread-1] INFO  server.RaftServerConfigKeys (ConfUtils.java:logGet(43)) - raft.server.snapshot.auto.trigger.threshold = 10000 (custom)
2019-10-01 12:54:20,653 [pool-393-thread-1] INFO  server.RaftServerConfigKeys (ConfUtils.java:logGet(43)) - raft.server.snapshot.retention.file.num = 5 (custom)
2019-10-01 12:54:20,653 [pool-393-thread-1] INFO  server.RaftServerConfigKeys (ConfUtils.java:logGet(43)) - raft.server.retrycache.expirytime = 600000ms (custom)
2019-10-01 12:54:20,655 [pool-393-thread-1] INFO  impl.RaftServerImpl (RaftServerImpl.java:start(181)) - a397d865-6cf2-4267-83e8-08b424a8be10@group-1520F4BD01BA: start as a follower, conf=-1: [a397d865-6cf2-4267-83e8-08b424a8be10:192.168.30.18:37731], old=null
2019-10-01 12:54:20,655 [pool-393-thread-1] INFO  impl.RaftServerImpl (RaftServerImpl.java:setRole(170)) - a397d865-6cf2-4267-83e8-08b424a8be10@group-1520F4BD01BA: changes role from      null to FOLLOWER at term 0 for startAsFollower
2019-10-01 12:54:20,655 [pool-393-thread-1] INFO  impl.RoleInfo (RoleInfo.java:updateAndGet(143)) - a397d865-6cf2-4267-83e8-08b424a8be10: start FollowerState
2019-10-01 12:54:20,656 [pool-393-thread-1] INFO  util.JmxRegister (JmxRegister.java:tryRegister(44)) - Successfully registered JMX Bean with object name Ratis:service=RaftServer,group=group-1520F4BD01BA,id=a397d865-6cf2-4267-83e8-08b424a8be10
2019-10-01 12:54:20,660 [RatisPipelineUtilsThread] INFO  pipeline.PipelineStateManager (PipelineStateManager.java:addPipeline(56)) - Created pipeline Pipeline[ Id: de0bd472-c5e1-4466-8c99-1520f4bd01ba, Nodes: a397d865-6cf2-4267-83e8-08b424a8be10{ip: 192.168.30.18, host: pr-hdds-2199-dnstouuidmap-6cjbd-2468009341, networkLocation: /default-rack, certSerialId: null}, Type:RATIS, Factor:ONE, State:OPEN]
2019-10-01 12:54:20,667 [grpc-default-executor-2] INFO  impl.RaftServerProxy (RaftServerProxy.java:addNew(89)) - e011a184-2914-49de-9b02-5fdc9c9d0795: addNew group-D985A1D92FFB:[e011a184-2914-49de-9b02-5fdc9c9d0795:192.168.30.18:37621] returns group-D985A1D92FFB:java.util.concurrent.CompletableFuture@3aec2f96[Not completed]
2019-10-01 12:54:20,668 [pool-403-thread-1] INFO  impl.RaftServerImpl (RaftServerImpl.java:<init>(95)) - e011a184-2914-49de-9b02-5fdc9c9d0795: new RaftServerImpl for group-D985A1D92FFB:[e011a184-2914-49de-9b02-5fdc9c9d0795:192.168.30.18:37621] with ContainerStateMachine:uninitialized
2019-10-01 12:54:20,668 [pool-403-thread-1] INFO  server.RaftServerConfigKeys (ConfUtils.java:logGet(43)) - raft.server.rpc.timeout.min = 5s (custom)
2019-10-01 12:54:20,668 [pool-403-thread-1] INFO  server.RaftServerConfigKeys (ConfUtils.java:logGet(43)) - raft.server.rpc.timeout.max = 5200ms (custom)
2019-10-01 12:54:20,668 [pool-403-thread-1] INFO  server.RaftServerConfigKeys (ConfUtils.java:logGet(43)) - raft.server.rpcslowness.timeout = 120s (custom)
2019-10-01 12:54:20,668 [pool-403-thread-1] INFO  server.RaftServerConfigKeys (ConfUtils.java:logGet(43)) - raft.server.sleep.deviation.threshold = 300 (default)
2019-10-01 12:54:20,669 [pool-403-thread-1] INFO  server.RaftServerConfigKeys (ConfUtils.java:logGet(43)) - raft.server.log.appender.install.snapshot.enabled = false (custom)
2019-10-01 12:54:20,669 [pool-403-thread-1] INFO  impl.RaftServerImpl (ServerState.java:<init>(103)) - e011a184-2914-49de-9b02-5fdc9c9d0795@group-D985A1D92FFB: ConfigurationManager, init=-1: [e011a184-2914-49de-9b02-5fdc9c9d0795:192.168.30.18:37621], old=null, confs=<EMPTY_MAP>
2019-10-01 12:54:20,669 [pool-403-thread-1] INFO  server.RaftServerConfigKeys (ConfUtils.java:logGet(43)) - raft.server.storage.dir = [/workdir/hadoop-ozone/integration-test/target/test-dir/MiniOzoneClusterImpl-172552fd-4063-465f-9fdc-360652729e87/datanode-2/data/ratis] (custom)
2019-10-01 12:54:20,669 [pool-403-thread-1] INFO  server.RaftServerConfigKeys (ConfUtils.java:logGet(43)) - raft.server.log.corruption.policy = EXCEPTION (default)
2019-10-01 12:54:20,669 [pool-403-thread-1] INFO  storage.RaftStorageDirectory (RaftStorageDirectory.java:analyzeStorage(246)) - The storage directory /workdir/hadoop-ozone/integration-test/target/test-dir/MiniOzoneClusterImpl-172552fd-4063-465f-9fdc-360652729e87/datanode-2/data/ratis/3b4bb3cb-5337-4ab2-8e47-d985a1d92ffb does not exist. Creating ...
2019-10-01 12:54:20,696 [IPC Server handler 5 on 43696] INFO  net.NetworkTopology (NetworkTopologyImpl.java:add(111)) - Added a new node: /default-rack/72e83067-4828-4e86-aed9-55690cfce197
2019-10-01 12:54:20,696 [IPC Server handler 5 on 43696] INFO  node.SCMNodeManager (SCMNodeManager.java:register(268)) - Registered Data node : 72e83067-4828-4e86-aed9-55690cfce197{ip: 192.168.30.18, host: pr-hdds-2199-dnstouuidmap-6cjbd-2468009341, networkLocation: /default-rack, certSerialId: null}
2019-10-01 12:54:20,697 [pool-403-thread-1] INFO  storage.RaftStorageDirectory (RaftStorageDirectory.java:tryLock(328)) - Lock on /workdir/hadoop-ozone/integration-test/target/test-dir/MiniOzoneClusterImpl-172552fd-4063-465f-9fdc-360652729e87/datanode-2/data/ratis/3b4bb3cb-5337-4ab2-8e47-d985a1d92ffb/in_use.lock acquired by nodename 7038@pr-hdds-2199-dnstouuidmap-6cjbd-2468009341
2019-10-01 12:54:20,715 [pool-403-thread-1] INFO  storage.RaftStorage (RaftStorage.java:format(84)) - Storage directory /workdir/hadoop-ozone/integration-test/target/test-dir/MiniOzoneClusterImpl-172552fd-4063-465f-9fdc-360652729e87/datanode-2/data/ratis/3b4bb3cb-5337-4ab2-8e47-d985a1d92ffb has been successfully formatted.
2019-10-01 12:54:20,715 [pool-403-thread-1] INFO  ratis.ContainerStateMachine (ContainerStateMachine.java:loadSnapshot(230)) - group-D985A1D92FFB: The snapshot info is null. Setting the last applied indexto:(t:0, i:~)
2019-10-01 12:54:20,715 [pool-403-thread-1] INFO  server.RaftServerConfigKeys (ConfUtils.java:logGet(43)) - raft.server.notification.no-leader.timeout = 120s (custom)
2019-10-01 12:54:20,715 [pool-403-thread-1] INFO  server.RaftServerConfigKeys (ConfUtils.java:logGet(43)) - raft.server.log.use.memory = false (default)
2019-10-01 12:54:20,715 [pool-403-thread-1] INFO  server.RaftServerConfigKeys (ConfUtils.java:logGet(43)) - raft.server.log.purge.gap = 1000000 (custom)
2019-10-01 12:54:20,715 [pool-403-thread-1] INFO  server.RaftServerConfigKeys (ConfUtils.java:logGet(43)) - raft.server.log.appender.buffer.byte-limit = 33554432 (custom)
2019-10-01 12:54:20,715 [pool-403-thread-1] INFO  server.RaftServerConfigKeys (ConfUtils.java:logGet(43)) - raft.server.log.segment.size.max = 1048576 (custom)
2019-10-01 12:54:20,717 [pool-403-thread-1] INFO  server.RaftServerConfigKeys (ConfUtils.java:logGet(43)) - raft.server.log.segment.cache.num.max = 2 (custom)
2019-10-01 12:54:20,717 [pool-403-thread-1] INFO  segmented.SegmentedRaftLogWorker (SegmentedRaftLogWorker.java:<init>(173)) - new e011a184-2914-49de-9b02-5fdc9c9d0795@group-D985A1D92FFB-SegmentedRaftLogWorker for RaftStorage:Storage Directory /workdir/hadoop-ozone/integration-test/target/test-dir/MiniOzoneClusterImpl-172552fd-4063-465f-9fdc-360652729e87/datanode-2/data/ratis/3b4bb3cb-5337-4ab2-8e47-d985a1d92ffb
2019-10-01 12:54:20,717 [pool-403-thread-1] INFO  server.RaftServerConfigKeys (ConfUtils.java:logGet(43)) - raft.server.log.queue.byte-limit = 2147483647 (custom)
2019-10-01 12:54:20,717 [pool-403-thread-1] INFO  server.RaftServerConfigKeys (ConfUtils.java:logGet(43)) - raft.server.log.queue.element-limit = 1024 (custom)
2019-10-01 12:54:20,717 [pool-403-thread-1] INFO  server.RaftServerConfigKeys (ConfUtils.java:logGet(43)) - raft.server.log.segment.size.max = 1048576 (custom)
2019-10-01 12:54:20,718 [pool-403-thread-1] INFO  server.RaftServerConfigKeys (ConfUtils.java:logGet(43)) - raft.server.log.preallocated.size = 16384 (custom)
2019-10-01 12:54:20,718 [pool-403-thread-1] INFO  server.RaftServerConfigKeys (ConfUtils.java:logGet(43)) - raft.server.log.write.buffer.size = 33554432 (custom)
2019-10-01 12:54:20,718 [pool-403-thread-1] INFO  server.RaftServerConfigKeys (ConfUtils.java:logGet(43)) - raft.server.log.force.sync.num = 128 (default)
2019-10-01 12:54:20,718 [pool-403-thread-1] INFO  server.RaftServerConfigKeys (ConfUtils.java:logGet(43)) - raft.server.log.statemachine.data.sync = true (default)
2019-10-01 12:54:20,718 [pool-403-thread-1] INFO  server.RaftServerConfigKeys (ConfUtils.java:logGet(43)) - raft.server.log.statemachine.data.sync.timeout = 10s (default)
2019-10-01 12:54:20,718 [pool-403-thread-1] INFO  server.RaftServerConfigKeys (ConfUtils.java:logGet(43)) - raft.server.log.statemachine.data.sync.timeout.retry = -1 (default)
2019-10-01 12:54:20,718 [pool-403-thread-1] INFO  server.RaftServerConfigKeys (ConfUtils.java:logGet(43)) - raft.server.log.statemachine.data.caching.enabled = true (custom)
2019-10-01 12:54:20,719 [pool-403-thread-1] INFO  segmented.SegmentedRaftLogWorker (SegmentedRaftLogWorker.java:lambda$new$0(128)) - e011a184-2914-49de-9b02-5fdc9c9d0795@group-D985A1D92FFB-SegmentedRaftLogWorker: flushIndex: setUnconditionally 0 -> -1
2019-10-01 12:54:20,719 [pool-403-thread-1] INFO  server.RaftServerConfigKeys (ConfUtils.java:logGet(43)) - raft.server.snapshot.auto.trigger.enabled = true (custom)
2019-10-01 12:54:20,719 [pool-403-thread-1] INFO  server.RaftServerConfigKeys (ConfUtils.java:logGet(43)) - raft.server.snapshot.auto.trigger.threshold = 10000 (custom)
2019-10-01 12:54:20,719 [pool-403-thread-1] INFO  server.RaftServerConfigKeys (ConfUtils.java:logGet(43)) - raft.server.snapshot.retention.file.num = 5 (custom)
2019-10-01 12:54:20,719 [pool-403-thread-1] INFO  server.RaftServerConfigKeys (ConfUtils.java:logGet(43)) - raft.server.retrycache.expirytime = 600000ms (custom)
2019-10-01 12:54:20,721 [pool-403-thread-1] INFO  impl.RaftServerImpl (RaftServerImpl.java:start(181)) - e011a184-2914-49de-9b02-5fdc9c9d0795@group-D985A1D92FFB: start as a follower, conf=-1: [e011a184-2914-49de-9b02-5fdc9c9d0795:192.168.30.18:37621], old=null
2019-10-01 12:54:20,721 [pool-403-thread-1] INFO  impl.RaftServerImpl (RaftServerImpl.java:setRole(170)) - e011a184-2914-49de-9b02-5fdc9c9d0795@group-D985A1D92FFB: changes role from      null to FOLLOWER at term 0 for startAsFollower
2019-10-01 12:54:20,721 [pool-403-thread-1] INFO  impl.RoleInfo (RoleInfo.java:updateAndGet(143)) - e011a184-2914-49de-9b02-5fdc9c9d0795: start FollowerState
2019-10-01 12:54:20,721 [pool-403-thread-1] INFO  util.JmxRegister (JmxRegister.java:tryRegister(44)) - Successfully registered JMX Bean with object name Ratis:service=RaftServer,group=group-D985A1D92FFB,id=e011a184-2914-49de-9b02-5fdc9c9d0795
2019-10-01 12:54:20,725 [RatisPipelineUtilsThread] INFO  pipeline.PipelineStateManager (PipelineStateManager.java:addPipeline(56)) - Created pipeline Pipeline[ Id: 3b4bb3cb-5337-4ab2-8e47-d985a1d92ffb, Nodes: e011a184-2914-49de-9b02-5fdc9c9d0795{ip: 192.168.30.18, host: pr-hdds-2199-dnstouuidmap-6cjbd-2468009341, networkLocation: /default-rack, certSerialId: null}, Type:RATIS, Factor:ONE, State:OPEN]
2019-10-01 12:54:20,731 [grpc-default-executor-2] INFO  impl.RaftServerProxy (RaftServerProxy.java:addNew(89)) - 72e83067-4828-4e86-aed9-55690cfce197: addNew group-8C228C8902DB:[72e83067-4828-4e86-aed9-55690cfce197:192.168.30.18:38890] returns group-8C228C8902DB:java.util.concurrent.CompletableFuture@7f18dee2[Not completed]
2019-10-01 12:54:20,732 [pool-413-thread-1] INFO  impl.RaftServerImpl (RaftServerImpl.java:<init>(95)) - 72e83067-4828-4e86-aed9-55690cfce197: new RaftServerImpl for group-8C228C8902DB:[72e83067-4828-4e86-aed9-55690cfce197:192.168.30.18:38890] with ContainerStateMachine:uninitialized
2019-10-01 12:54:20,732 [pool-413-thread-1] INFO  server.RaftServerConfigKeys (ConfUtils.java:logGet(43)) - raft.server.rpc.timeout.min = 5s (custom)
2019-10-01 12:54:20,732 [pool-413-thread-1] INFO  server.RaftServerConfigKeys (ConfUtils.java:logGet(43)) - raft.server.rpc.timeout.max = 5200ms (custom)
2019-10-01 12:54:20,732 [pool-413-thread-1] INFO  server.RaftServerConfigKeys (ConfUtils.java:logGet(43)) - raft.server.rpcslowness.timeout = 120s (custom)
2019-10-01 12:54:20,732 [pool-413-thread-1] INFO  server.RaftServerConfigKeys (ConfUtils.java:logGet(43)) - raft.server.sleep.deviation.threshold = 300 (default)
2019-10-01 12:54:20,733 [pool-413-thread-1] INFO  server.RaftServerConfigKeys (ConfUtils.java:logGet(43)) - raft.server.log.appender.install.snapshot.enabled = false (custom)
2019-10-01 12:54:20,733 [pool-413-thread-1] INFO  impl.RaftServerImpl (ServerState.java:<init>(103)) - 72e83067-4828-4e86-aed9-55690cfce197@group-8C228C8902DB: ConfigurationManager, init=-1: [72e83067-4828-4e86-aed9-55690cfce197:192.168.30.18:38890], old=null, confs=<EMPTY_MAP>
2019-10-01 12:54:20,733 [pool-413-thread-1] INFO  server.RaftServerConfigKeys (ConfUtils.java:logGet(43)) - raft.server.storage.dir = [/workdir/hadoop-ozone/integration-test/target/test-dir/MiniOzoneClusterImpl-172552fd-4063-465f-9fdc-360652729e87/datanode-3/data/ratis] (custom)
2019-10-01 12:54:20,733 [pool-413-thread-1] INFO  server.RaftServerConfigKeys (ConfUtils.java:logGet(43)) - raft.server.log.corruption.policy = EXCEPTION (default)
2019-10-01 12:54:20,733 [pool-413-thread-1] INFO  storage.RaftStorageDirectory (RaftStorageDirectory.java:analyzeStorage(246)) - The storage directory /workdir/hadoop-ozone/integration-test/target/test-dir/MiniOzoneClusterImpl-172552fd-4063-465f-9fdc-360652729e87/datanode-3/data/ratis/8c45291d-b7d7-4f77-9860-8c228c8902db does not exist. Creating ...
2019-10-01 12:54:20,748 [pool-413-thread-1] INFO  storage.RaftStorageDirectory (RaftStorageDirectory.java:tryLock(328)) - Lock on /workdir/hadoop-ozone/integration-test/target/test-dir/MiniOzoneClusterImpl-172552fd-4063-465f-9fdc-360652729e87/datanode-3/data/ratis/8c45291d-b7d7-4f77-9860-8c228c8902db/in_use.lock acquired by nodename 7038@pr-hdds-2199-dnstouuidmap-6cjbd-2468009341
2019-10-01 12:54:20,765 [pool-413-thread-1] INFO  storage.RaftStorage (RaftStorage.java:format(84)) - Storage directory /workdir/hadoop-ozone/integration-test/target/test-dir/MiniOzoneClusterImpl-172552fd-4063-465f-9fdc-360652729e87/datanode-3/data/ratis/8c45291d-b7d7-4f77-9860-8c228c8902db has been successfully formatted.
2019-10-01 12:54:20,765 [pool-413-thread-1] INFO  ratis.ContainerStateMachine (ContainerStateMachine.java:loadSnapshot(230)) - group-8C228C8902DB: The snapshot info is null. Setting the last applied indexto:(t:0, i:~)
2019-10-01 12:54:20,766 [pool-413-thread-1] INFO  server.RaftServerConfigKeys (ConfUtils.java:logGet(43)) - raft.server.notification.no-leader.timeout = 120s (custom)
2019-10-01 12:54:20,766 [pool-413-thread-1] INFO  server.RaftServerConfigKeys (ConfUtils.java:logGet(43)) - raft.server.log.use.memory = false (default)
2019-10-01 12:54:20,766 [pool-413-thread-1] INFO  server.RaftServerConfigKeys (ConfUtils.java:logGet(43)) - raft.server.log.purge.gap = 1000000 (custom)
2019-10-01 12:54:20,766 [pool-413-thread-1] INFO  server.RaftServerConfigKeys (ConfUtils.java:logGet(43)) - raft.server.log.appender.buffer.byte-limit = 33554432 (custom)
2019-10-01 12:54:20,766 [pool-413-thread-1] INFO  server.RaftServerConfigKeys (ConfUtils.java:logGet(43)) - raft.server.log.segment.size.max = 1048576 (custom)
2019-10-01 12:54:20,766 [IPC Server handler 7 on 43696] INFO  net.NetworkTopology (NetworkTopologyImpl.java:add(111)) - Added a new node: /default-rack/dab4144a-9476-4dd0-b84f-0a5943d57765
2019-10-01 12:54:20,766 [IPC Server handler 7 on 43696] INFO  node.SCMNodeManager (SCMNodeManager.java:register(268)) - Registered Data node : dab4144a-9476-4dd0-b84f-0a5943d57765{ip: 192.168.30.18, host: pr-hdds-2199-dnstouuidmap-6cjbd-2468009341, networkLocation: /default-rack, certSerialId: null}
2019-10-01 12:54:20,767 [pool-413-thread-1] INFO  server.RaftServerConfigKeys (ConfUtils.java:logGet(43)) - raft.server.log.segment.cache.num.max = 2 (custom)
2019-10-01 12:54:20,768 [pool-413-thread-1] INFO  segmented.SegmentedRaftLogWorker (SegmentedRaftLogWorker.java:<init>(173)) - new 72e83067-4828-4e86-aed9-55690cfce197@group-8C228C8902DB-SegmentedRaftLogWorker for RaftStorage:Storage Directory /workdir/hadoop-ozone/integration-test/target/test-dir/MiniOzoneClusterImpl-172552fd-4063-465f-9fdc-360652729e87/datanode-3/data/ratis/8c45291d-b7d7-4f77-9860-8c228c8902db
2019-10-01 12:54:20,768 [pool-413-thread-1] INFO  server.RaftServerConfigKeys (ConfUtils.java:logGet(43)) - raft.server.log.queue.byte-limit = 2147483647 (custom)
2019-10-01 12:54:20,768 [pool-413-thread-1] INFO  server.RaftServerConfigKeys (ConfUtils.java:logGet(43)) - raft.server.log.queue.element-limit = 1024 (custom)
2019-10-01 12:54:20,768 [pool-413-thread-1] INFO  server.RaftServerConfigKeys (ConfUtils.java:logGet(43)) - raft.server.log.segment.size.max = 1048576 (custom)
2019-10-01 12:54:20,768 [pool-413-thread-1] INFO  server.RaftServerConfigKeys (ConfUtils.java:logGet(43)) - raft.server.log.preallocated.size = 16384 (custom)
2019-10-01 12:54:20,768 [pool-413-thread-1] INFO  server.RaftServerConfigKeys (ConfUtils.java:logGet(43)) - raft.server.log.write.buffer.size = 33554432 (custom)
2019-10-01 12:54:20,768 [pool-413-thread-1] INFO  server.RaftServerConfigKeys (ConfUtils.java:logGet(43)) - raft.server.log.force.sync.num = 128 (default)
2019-10-01 12:54:20,768 [pool-413-thread-1] INFO  server.RaftServerConfigKeys (ConfUtils.java:logGet(43)) - raft.server.log.statemachine.data.sync = true (default)
2019-10-01 12:54:20,768 [pool-413-thread-1] INFO  server.RaftServerConfigKeys (ConfUtils.java:logGet(43)) - raft.server.log.statemachine.data.sync.timeout = 10s (default)
2019-10-01 12:54:20,769 [pool-413-thread-1] INFO  server.RaftServerConfigKeys (ConfUtils.java:logGet(43)) - raft.server.log.statemachine.data.sync.timeout.retry = -1 (default)
2019-10-01 12:54:20,769 [pool-413-thread-1] INFO  server.RaftServerConfigKeys (ConfUtils.java:logGet(43)) - raft.server.log.statemachine.data.caching.enabled = true (custom)
2019-10-01 12:54:20,769 [pool-413-thread-1] INFO  segmented.SegmentedRaftLogWorker (SegmentedRaftLogWorker.java:lambda$new$0(128)) - 72e83067-4828-4e86-aed9-55690cfce197@group-8C228C8902DB-SegmentedRaftLogWorker: flushIndex: setUnconditionally 0 -> -1
2019-10-01 12:54:20,769 [pool-413-thread-1] INFO  server.RaftServerConfigKeys (ConfUtils.java:logGet(43)) - raft.server.snapshot.auto.trigger.enabled = true (custom)
2019-10-01 12:54:20,770 [pool-413-thread-1] INFO  server.RaftServerConfigKeys (ConfUtils.java:logGet(43)) - raft.server.snapshot.auto.trigger.threshold = 10000 (custom)
2019-10-01 12:54:20,770 [pool-413-thread-1] INFO  server.RaftServerConfigKeys (ConfUtils.java:logGet(43)) - raft.server.snapshot.retention.file.num = 5 (custom)
2019-10-01 12:54:20,770 [pool-413-thread-1] INFO  server.RaftServerConfigKeys (ConfUtils.java:logGet(43)) - raft.server.retrycache.expirytime = 600000ms (custom)
2019-10-01 12:54:20,771 [pool-413-thread-1] INFO  impl.RaftServerImpl (RaftServerImpl.java:start(181)) - 72e83067-4828-4e86-aed9-55690cfce197@group-8C228C8902DB: start as a follower, conf=-1: [72e83067-4828-4e86-aed9-55690cfce197:192.168.30.18:38890], old=null
2019-10-01 12:54:20,771 [pool-413-thread-1] INFO  impl.RaftServerImpl (RaftServerImpl.java:setRole(170)) - 72e83067-4828-4e86-aed9-55690cfce197@group-8C228C8902DB: changes role from      null to FOLLOWER at term 0 for startAsFollower
2019-10-01 12:54:20,772 [pool-413-thread-1] INFO  impl.RoleInfo (RoleInfo.java:updateAndGet(143)) - 72e83067-4828-4e86-aed9-55690cfce197: start FollowerState
2019-10-01 12:54:20,772 [pool-413-thread-1] INFO  util.JmxRegister (JmxRegister.java:tryRegister(44)) - Successfully registered JMX Bean with object name Ratis:service=RaftServer,group=group-8C228C8902DB,id=72e83067-4828-4e86-aed9-55690cfce197
2019-10-01 12:54:20,775 [RatisPipelineUtilsThread] INFO  pipeline.PipelineStateManager (PipelineStateManager.java:addPipeline(56)) - Created pipeline Pipeline[ Id: 8c45291d-b7d7-4f77-9860-8c228c8902db, Nodes: 72e83067-4828-4e86-aed9-55690cfce197{ip: 192.168.30.18, host: pr-hdds-2199-dnstouuidmap-6cjbd-2468009341, networkLocation: /default-rack, certSerialId: null}, Type:RATIS, Factor:ONE, State:OPEN]
2019-10-01 12:54:20,782 [grpc-default-executor-2] INFO  impl.RaftServerProxy (RaftServerProxy.java:addNew(89)) - dab4144a-9476-4dd0-b84f-0a5943d57765: addNew group-DC26711C6595:[dab4144a-9476-4dd0-b84f-0a5943d57765:192.168.30.18:42590] returns group-DC26711C6595:java.util.concurrent.CompletableFuture@596d949e[Not completed]
2019-10-01 12:54:20,783 [pool-423-thread-1] INFO  impl.RaftServerImpl (RaftServerImpl.java:<init>(95)) - dab4144a-9476-4dd0-b84f-0a5943d57765: new RaftServerImpl for group-DC26711C6595:[dab4144a-9476-4dd0-b84f-0a5943d57765:192.168.30.18:42590] with ContainerStateMachine:uninitialized
2019-10-01 12:54:20,783 [pool-423-thread-1] INFO  server.RaftServerConfigKeys (ConfUtils.java:logGet(43)) - raft.server.rpc.timeout.min = 5s (custom)
2019-10-01 12:54:20,783 [pool-423-thread-1] INFO  server.RaftServerConfigKeys (ConfUtils.java:logGet(43)) - raft.server.rpc.timeout.max = 5200ms (custom)
2019-10-01 12:54:20,783 [pool-423-thread-1] INFO  server.RaftServerConfigKeys (ConfUtils.java:logGet(43)) - raft.server.rpcslowness.timeout = 120s (custom)
2019-10-01 12:54:20,784 [pool-423-thread-1] INFO  server.RaftServerConfigKeys (ConfUtils.java:logGet(43)) - raft.server.sleep.deviation.threshold = 300 (default)
2019-10-01 12:54:20,784 [pool-423-thread-1] INFO  server.RaftServerConfigKeys (ConfUtils.java:logGet(43)) - raft.server.log.appender.install.snapshot.enabled = false (custom)
2019-10-01 12:54:20,784 [pool-423-thread-1] INFO  impl.RaftServerImpl (ServerState.java:<init>(103)) - dab4144a-9476-4dd0-b84f-0a5943d57765@group-DC26711C6595: ConfigurationManager, init=-1: [dab4144a-9476-4dd0-b84f-0a5943d57765:192.168.30.18:42590], old=null, confs=<EMPTY_MAP>
2019-10-01 12:54:20,784 [pool-423-thread-1] INFO  server.RaftServerConfigKeys (ConfUtils.java:logGet(43)) - raft.server.storage.dir = [/workdir/hadoop-ozone/integration-test/target/test-dir/MiniOzoneClusterImpl-172552fd-4063-465f-9fdc-360652729e87/datanode-4/data/ratis] (custom)
2019-10-01 12:54:20,784 [pool-423-thread-1] INFO  server.RaftServerConfigKeys (ConfUtils.java:logGet(43)) - raft.server.log.corruption.policy = EXCEPTION (default)
2019-10-01 12:54:20,784 [pool-423-thread-1] INFO  storage.RaftStorageDirectory (RaftStorageDirectory.java:analyzeStorage(246)) - The storage directory /workdir/hadoop-ozone/integration-test/target/test-dir/MiniOzoneClusterImpl-172552fd-4063-465f-9fdc-360652729e87/datanode-4/data/ratis/f99b7c9c-2fdf-42b3-9b69-dc26711c6595 does not exist. Creating ...
2019-10-01 12:54:20,807 [pool-423-thread-1] INFO  storage.RaftStorageDirectory (RaftStorageDirectory.java:tryLock(328)) - Lock on /workdir/hadoop-ozone/integration-test/target/test-dir/MiniOzoneClusterImpl-172552fd-4063-465f-9fdc-360652729e87/datanode-4/data/ratis/f99b7c9c-2fdf-42b3-9b69-dc26711c6595/in_use.lock acquired by nodename 7038@pr-hdds-2199-dnstouuidmap-6cjbd-2468009341
2019-10-01 12:54:20,824 [pool-423-thread-1] INFO  storage.RaftStorage (RaftStorage.java:format(84)) - Storage directory /workdir/hadoop-ozone/integration-test/target/test-dir/MiniOzoneClusterImpl-172552fd-4063-465f-9fdc-360652729e87/datanode-4/data/ratis/f99b7c9c-2fdf-42b3-9b69-dc26711c6595 has been successfully formatted.
2019-10-01 12:54:20,825 [pool-423-thread-1] INFO  ratis.ContainerStateMachine (ContainerStateMachine.java:loadSnapshot(230)) - group-DC26711C6595: The snapshot info is null. Setting the last applied indexto:(t:0, i:~)
2019-10-01 12:54:20,825 [pool-423-thread-1] INFO  server.RaftServerConfigKeys (ConfUtils.java:logGet(43)) - raft.server.notification.no-leader.timeout = 120s (custom)
2019-10-01 12:54:20,825 [pool-423-thread-1] INFO  server.RaftServerConfigKeys (ConfUtils.java:logGet(43)) - raft.server.log.use.memory = false (default)
2019-10-01 12:54:20,825 [pool-423-thread-1] INFO  server.RaftServerConfigKeys (ConfUtils.java:logGet(43)) - raft.server.log.purge.gap = 1000000 (custom)
2019-10-01 12:54:20,825 [pool-423-thread-1] INFO  server.RaftServerConfigKeys (ConfUtils.java:logGet(43)) - raft.server.log.appender.buffer.byte-limit = 33554432 (custom)
2019-10-01 12:54:20,825 [pool-423-thread-1] INFO  server.RaftServerConfigKeys (ConfUtils.java:logGet(43)) - raft.server.log.segment.size.max = 1048576 (custom)
2019-10-01 12:54:20,827 [pool-423-thread-1] INFO  server.RaftServerConfigKeys (ConfUtils.java:logGet(43)) - raft.server.log.segment.cache.num.max = 2 (custom)
2019-10-01 12:54:20,827 [pool-423-thread-1] INFO  segmented.SegmentedRaftLogWorker (SegmentedRaftLogWorker.java:<init>(173)) - new dab4144a-9476-4dd0-b84f-0a5943d57765@group-DC26711C6595-SegmentedRaftLogWorker for RaftStorage:Storage Directory /workdir/hadoop-ozone/integration-test/target/test-dir/MiniOzoneClusterImpl-172552fd-4063-465f-9fdc-360652729e87/datanode-4/data/ratis/f99b7c9c-2fdf-42b3-9b69-dc26711c6595
2019-10-01 12:54:20,827 [pool-423-thread-1] INFO  server.RaftServerConfigKeys (ConfUtils.java:logGet(43)) - raft.server.log.queue.byte-limit = 2147483647 (custom)
2019-10-01 12:54:20,827 [pool-423-thread-1] INFO  server.RaftServerConfigKeys (ConfUtils.java:logGet(43)) - raft.server.log.queue.element-limit = 1024 (custom)
2019-10-01 12:54:20,827 [pool-423-thread-1] INFO  server.RaftServerConfigKeys (ConfUtils.java:logGet(43)) - raft.server.log.segment.size.max = 1048576 (custom)
2019-10-01 12:54:20,827 [pool-423-thread-1] INFO  server.RaftServerConfigKeys (ConfUtils.java:logGet(43)) - raft.server.log.preallocated.size = 16384 (custom)
2019-10-01 12:54:20,827 [pool-423-thread-1] INFO  server.RaftServerConfigKeys (ConfUtils.java:logGet(43)) - raft.server.log.write.buffer.size = 33554432 (custom)
2019-10-01 12:54:20,827 [pool-423-thread-1] INFO  server.RaftServerConfigKeys (ConfUtils.java:logGet(43)) - raft.server.log.force.sync.num = 128 (default)
2019-10-01 12:54:20,828 [pool-423-thread-1] INFO  server.RaftServerConfigKeys (ConfUtils.java:logGet(43)) - raft.server.log.statemachine.data.sync = true (default)
2019-10-01 12:54:20,828 [pool-423-thread-1] INFO  server.RaftServerConfigKeys (ConfUtils.java:logGet(43)) - raft.server.log.statemachine.data.sync.timeout = 10s (default)
2019-10-01 12:54:20,828 [pool-423-thread-1] INFO  server.RaftServerConfigKeys (ConfUtils.java:logGet(43)) - raft.server.log.statemachine.data.sync.timeout.retry = -1 (default)
2019-10-01 12:54:20,828 [pool-423-thread-1] INFO  server.RaftServerConfigKeys (ConfUtils.java:logGet(43)) - raft.server.log.statemachine.data.caching.enabled = true (custom)
2019-10-01 12:54:20,828 [pool-423-thread-1] INFO  segmented.SegmentedRaftLogWorker (SegmentedRaftLogWorker.java:lambda$new$0(128)) - dab4144a-9476-4dd0-b84f-0a5943d57765@group-DC26711C6595-SegmentedRaftLogWorker: flushIndex: setUnconditionally 0 -> -1
2019-10-01 12:54:20,829 [pool-423-thread-1] INFO  server.RaftServerConfigKeys (ConfUtils.java:logGet(43)) - raft.server.snapshot.auto.trigger.enabled = true (custom)
2019-10-01 12:54:20,829 [pool-423-thread-1] INFO  server.RaftServerConfigKeys (ConfUtils.java:logGet(43)) - raft.server.snapshot.auto.trigger.threshold = 10000 (custom)
2019-10-01 12:54:20,829 [pool-423-thread-1] INFO  server.RaftServerConfigKeys (ConfUtils.java:logGet(43)) - raft.server.snapshot.retention.file.num = 5 (custom)
2019-10-01 12:54:20,829 [pool-423-thread-1] INFO  server.RaftServerConfigKeys (ConfUtils.java:logGet(43)) - raft.server.retrycache.expirytime = 600000ms (custom)
2019-10-01 12:54:20,830 [pool-423-thread-1] INFO  impl.RaftServerImpl (RaftServerImpl.java:start(181)) - dab4144a-9476-4dd0-b84f-0a5943d57765@group-DC26711C6595: start as a follower, conf=-1: [dab4144a-9476-4dd0-b84f-0a5943d57765:192.168.30.18:42590], old=null
2019-10-01 12:54:20,830 [pool-423-thread-1] INFO  impl.RaftServerImpl (RaftServerImpl.java:setRole(170)) - dab4144a-9476-4dd0-b84f-0a5943d57765@group-DC26711C6595: changes role from      null to FOLLOWER at term 0 for startAsFollower
2019-10-01 12:54:20,831 [pool-423-thread-1] INFO  impl.RoleInfo (RoleInfo.java:updateAndGet(143)) - dab4144a-9476-4dd0-b84f-0a5943d57765: start FollowerState
2019-10-01 12:54:20,831 [pool-423-thread-1] INFO  util.JmxRegister (JmxRegister.java:tryRegister(44)) - Successfully registered JMX Bean with object name Ratis:service=RaftServer,group=group-DC26711C6595,id=dab4144a-9476-4dd0-b84f-0a5943d57765
2019-10-01 12:54:20,833 [IPC Server handler 6 on 43696] INFO  net.NetworkTopology (NetworkTopologyImpl.java:add(111)) - Added a new node: /default-rack/ad419d34-b601-4139-86fd-2cbfdce74da6
2019-10-01 12:54:20,833 [IPC Server handler 6 on 43696] INFO  node.SCMNodeManager (SCMNodeManager.java:register(268)) - Registered Data node : ad419d34-b601-4139-86fd-2cbfdce74da6{ip: 192.168.30.18, host: pr-hdds-2199-dnstouuidmap-6cjbd-2468009341, networkLocation: /default-rack, certSerialId: null}
2019-10-01 12:54:20,835 [RatisPipelineUtilsThread] INFO  pipeline.PipelineStateManager (PipelineStateManager.java:addPipeline(56)) - Created pipeline Pipeline[ Id: f99b7c9c-2fdf-42b3-9b69-dc26711c6595, Nodes: dab4144a-9476-4dd0-b84f-0a5943d57765{ip: 192.168.30.18, host: pr-hdds-2199-dnstouuidmap-6cjbd-2468009341, networkLocation: /default-rack, certSerialId: null}, Type:RATIS, Factor:ONE, State:OPEN]
2019-10-01 12:54:20,848 [grpc-default-executor-2] INFO  impl.RaftServerProxy (RaftServerProxy.java:addNew(89)) - ad419d34-b601-4139-86fd-2cbfdce74da6: addNew group-5A68A190D67E:[ad419d34-b601-4139-86fd-2cbfdce74da6:192.168.30.18:39412] returns group-5A68A190D67E:java.util.concurrent.CompletableFuture@2ba356dd[Not completed]
2019-10-01 12:54:20,849 [pool-433-thread-1] INFO  impl.RaftServerImpl (RaftServerImpl.java:<init>(95)) - ad419d34-b601-4139-86fd-2cbfdce74da6: new RaftServerImpl for group-5A68A190D67E:[ad419d34-b601-4139-86fd-2cbfdce74da6:192.168.30.18:39412] with ContainerStateMachine:uninitialized
2019-10-01 12:54:20,849 [pool-433-thread-1] INFO  server.RaftServerConfigKeys (ConfUtils.java:logGet(43)) - raft.server.rpc.timeout.min = 5s (custom)
2019-10-01 12:54:20,849 [pool-433-thread-1] INFO  server.RaftServerConfigKeys (ConfUtils.java:logGet(43)) - raft.server.rpc.timeout.max = 5200ms (custom)
2019-10-01 12:54:20,849 [pool-433-thread-1] INFO  server.RaftServerConfigKeys (ConfUtils.java:logGet(43)) - raft.server.rpcslowness.timeout = 120s (custom)
2019-10-01 12:54:20,849 [pool-433-thread-1] INFO  server.RaftServerConfigKeys (ConfUtils.java:logGet(43)) - raft.server.sleep.deviation.threshold = 300 (default)
2019-10-01 12:54:20,849 [pool-433-thread-1] INFO  server.RaftServerConfigKeys (ConfUtils.java:logGet(43)) - raft.server.log.appender.install.snapshot.enabled = false (custom)
2019-10-01 12:54:20,849 [pool-433-thread-1] INFO  impl.RaftServerImpl (ServerState.java:<init>(103)) - ad419d34-b601-4139-86fd-2cbfdce74da6@group-5A68A190D67E: ConfigurationManager, init=-1: [ad419d34-b601-4139-86fd-2cbfdce74da6:192.168.30.18:39412], old=null, confs=<EMPTY_MAP>
2019-10-01 12:54:20,850 [pool-433-thread-1] INFO  server.RaftServerConfigKeys (ConfUtils.java:logGet(43)) - raft.server.storage.dir = [/workdir/hadoop-ozone/integration-test/target/test-dir/MiniOzoneClusterImpl-172552fd-4063-465f-9fdc-360652729e87/datanode-5/data/ratis] (custom)
2019-10-01 12:54:20,850 [pool-433-thread-1] INFO  server.RaftServerConfigKeys (ConfUtils.java:logGet(43)) - raft.server.log.corruption.policy = EXCEPTION (default)
2019-10-01 12:54:20,850 [pool-433-thread-1] INFO  storage.RaftStorageDirectory (RaftStorageDirectory.java:analyzeStorage(246)) - The storage directory /workdir/hadoop-ozone/integration-test/target/test-dir/MiniOzoneClusterImpl-172552fd-4063-465f-9fdc-360652729e87/datanode-5/data/ratis/e2e06dd2-bec6-4256-a811-5a68a190d67e does not exist. Creating ...
2019-10-01 12:54:20,875 [pool-433-thread-1] INFO  storage.RaftStorageDirectory (RaftStorageDirectory.java:tryLock(328)) - Lock on /workdir/hadoop-ozone/integration-test/target/test-dir/MiniOzoneClusterImpl-172552fd-4063-465f-9fdc-360652729e87/datanode-5/data/ratis/e2e06dd2-bec6-4256-a811-5a68a190d67e/in_use.lock acquired by nodename 7038@pr-hdds-2199-dnstouuidmap-6cjbd-2468009341
2019-10-01 12:54:20,898 [IPC Server handler 3 on 43696] INFO  net.NetworkTopology (NetworkTopologyImpl.java:add(111)) - Added a new node: /default-rack/77d194ee-dd30-4caa-8c45-d1c65226b013
2019-10-01 12:54:20,899 [IPC Server handler 3 on 43696] INFO  node.SCMNodeManager (SCMNodeManager.java:register(268)) - Registered Data node : 77d194ee-dd30-4caa-8c45-d1c65226b013{ip: 192.168.30.18, host: pr-hdds-2199-dnstouuidmap-6cjbd-2468009341, networkLocation: /default-rack, certSerialId: null}
2019-10-01 12:54:20,900 [pool-433-thread-1] INFO  storage.RaftStorage (RaftStorage.java:format(84)) - Storage directory /workdir/hadoop-ozone/integration-test/target/test-dir/MiniOzoneClusterImpl-172552fd-4063-465f-9fdc-360652729e87/datanode-5/data/ratis/e2e06dd2-bec6-4256-a811-5a68a190d67e has been successfully formatted.
2019-10-01 12:54:20,900 [pool-433-thread-1] INFO  ratis.ContainerStateMachine (ContainerStateMachine.java:loadSnapshot(230)) - group-5A68A190D67E: The snapshot info is null. Setting the last applied indexto:(t:0, i:~)
2019-10-01 12:54:20,901 [pool-433-thread-1] INFO  server.RaftServerConfigKeys (ConfUtils.java:logGet(43)) - raft.server.notification.no-leader.timeout = 120s (custom)
2019-10-01 12:54:20,901 [pool-433-thread-1] INFO  server.RaftServerConfigKeys (ConfUtils.java:logGet(43)) - raft.server.log.use.memory = false (default)
2019-10-01 12:54:20,901 [pool-433-thread-1] INFO  server.RaftServerConfigKeys (ConfUtils.java:logGet(43)) - raft.server.log.purge.gap = 1000000 (custom)
2019-10-01 12:54:20,901 [pool-433-thread-1] INFO  server.RaftServerConfigKeys (ConfUtils.java:logGet(43)) - raft.server.log.appender.buffer.byte-limit = 33554432 (custom)
2019-10-01 12:54:20,901 [pool-433-thread-1] INFO  server.RaftServerConfigKeys (ConfUtils.java:logGet(43)) - raft.server.log.segment.size.max = 1048576 (custom)
2019-10-01 12:54:20,902 [pool-433-thread-1] INFO  server.RaftServerConfigKeys (ConfUtils.java:logGet(43)) - raft.server.log.segment.cache.num.max = 2 (custom)
2019-10-01 12:54:20,902 [pool-433-thread-1] INFO  segmented.SegmentedRaftLogWorker (SegmentedRaftLogWorker.java:<init>(173)) - new ad419d34-b601-4139-86fd-2cbfdce74da6@group-5A68A190D67E-SegmentedRaftLogWorker for RaftStorage:Storage Directory /workdir/hadoop-ozone/integration-test/target/test-dir/MiniOzoneClusterImpl-172552fd-4063-465f-9fdc-360652729e87/datanode-5/data/ratis/e2e06dd2-bec6-4256-a811-5a68a190d67e
2019-10-01 12:54:20,902 [pool-433-thread-1] INFO  server.RaftServerConfigKeys (ConfUtils.java:logGet(43)) - raft.server.log.queue.byte-limit = 2147483647 (custom)
2019-10-01 12:54:20,903 [pool-433-thread-1] INFO  server.RaftServerConfigKeys (ConfUtils.java:logGet(43)) - raft.server.log.queue.element-limit = 1024 (custom)
2019-10-01 12:54:20,903 [pool-433-thread-1] INFO  server.RaftServerConfigKeys (ConfUtils.java:logGet(43)) - raft.server.log.segment.size.max = 1048576 (custom)
2019-10-01 12:54:20,903 [pool-433-thread-1] INFO  server.RaftServerConfigKeys (ConfUtils.java:logGet(43)) - raft.server.log.preallocated.size = 16384 (custom)
2019-10-01 12:54:20,903 [pool-433-thread-1] INFO  server.RaftServerConfigKeys (ConfUtils.java:logGet(43)) - raft.server.log.write.buffer.size = 33554432 (custom)
2019-10-01 12:54:20,903 [pool-433-thread-1] INFO  server.RaftServerConfigKeys (ConfUtils.java:logGet(43)) - raft.server.log.force.sync.num = 128 (default)
2019-10-01 12:54:20,903 [pool-433-thread-1] INFO  server.RaftServerConfigKeys (ConfUtils.java:logGet(43)) - raft.server.log.statemachine.data.sync = true (default)
2019-10-01 12:54:20,903 [pool-433-thread-1] INFO  server.RaftServerConfigKeys (ConfUtils.java:logGet(43)) - raft.server.log.statemachine.data.sync.timeout = 10s (default)
2019-10-01 12:54:20,903 [pool-433-thread-1] INFO  server.RaftServerConfigKeys (ConfUtils.java:logGet(43)) - raft.server.log.statemachine.data.sync.timeout.retry = -1 (default)
2019-10-01 12:54:20,903 [pool-433-thread-1] INFO  server.RaftServerConfigKeys (ConfUtils.java:logGet(43)) - raft.server.log.statemachine.data.caching.enabled = true (custom)
2019-10-01 12:54:20,904 [pool-433-thread-1] INFO  segmented.SegmentedRaftLogWorker (SegmentedRaftLogWorker.java:lambda$new$0(128)) - ad419d34-b601-4139-86fd-2cbfdce74da6@group-5A68A190D67E-SegmentedRaftLogWorker: flushIndex: setUnconditionally 0 -> -1
2019-10-01 12:54:20,904 [pool-433-thread-1] INFO  server.RaftServerConfigKeys (ConfUtils.java:logGet(43)) - raft.server.snapshot.auto.trigger.enabled = true (custom)
2019-10-01 12:54:20,904 [pool-433-thread-1] INFO  server.RaftServerConfigKeys (ConfUtils.java:logGet(43)) - raft.server.snapshot.auto.trigger.threshold = 10000 (custom)
2019-10-01 12:54:20,904 [pool-433-thread-1] INFO  server.RaftServerConfigKeys (ConfUtils.java:logGet(43)) - raft.server.snapshot.retention.file.num = 5 (custom)
2019-10-01 12:54:20,904 [pool-433-thread-1] INFO  server.RaftServerConfigKeys (ConfUtils.java:logGet(43)) - raft.server.retrycache.expirytime = 600000ms (custom)
2019-10-01 12:54:20,905 [pool-433-thread-1] INFO  impl.RaftServerImpl (RaftServerImpl.java:start(181)) - ad419d34-b601-4139-86fd-2cbfdce74da6@group-5A68A190D67E: start as a follower, conf=-1: [ad419d34-b601-4139-86fd-2cbfdce74da6:192.168.30.18:39412], old=null
2019-10-01 12:54:20,905 [pool-433-thread-1] INFO  impl.RaftServerImpl (RaftServerImpl.java:setRole(170)) - ad419d34-b601-4139-86fd-2cbfdce74da6@group-5A68A190D67E: changes role from      null to FOLLOWER at term 0 for startAsFollower
2019-10-01 12:54:20,905 [pool-433-thread-1] INFO  impl.RoleInfo (RoleInfo.java:updateAndGet(143)) - ad419d34-b601-4139-86fd-2cbfdce74da6: start FollowerState
2019-10-01 12:54:20,906 [pool-433-thread-1] INFO  util.JmxRegister (JmxRegister.java:tryRegister(44)) - Successfully registered JMX Bean with object name Ratis:service=RaftServer,group=group-5A68A190D67E,id=ad419d34-b601-4139-86fd-2cbfdce74da6
2019-10-01 12:54:20,907 [main] INFO  ozone.MiniOzoneClusterImpl (MiniOzoneClusterImpl.java:lambda$waitForClusterToBeReady$0(147)) - Cluster is ready. Got 7 of 7 DN Heartbeats.
2019-10-01 12:54:20,909 [RatisPipelineUtilsThread] INFO  pipeline.PipelineStateManager (PipelineStateManager.java:addPipeline(56)) - Created pipeline Pipeline[ Id: e2e06dd2-bec6-4256-a811-5a68a190d67e, Nodes: ad419d34-b601-4139-86fd-2cbfdce74da6{ip: 192.168.30.18, host: pr-hdds-2199-dnstouuidmap-6cjbd-2468009341, networkLocation: /default-rack, certSerialId: null}, Type:RATIS, Factor:ONE, State:OPEN]
2019-10-01 12:54:20,921 [grpc-default-executor-2] INFO  impl.RaftServerProxy (RaftServerProxy.java:addNew(89)) - 77d194ee-dd30-4caa-8c45-d1c65226b013: addNew group-3A6577FB21F7:[77d194ee-dd30-4caa-8c45-d1c65226b013:192.168.30.18:36476] returns group-3A6577FB21F7:java.util.concurrent.CompletableFuture@6d39d5d5[Not completed]
2019-10-01 12:54:20,925 [pool-443-thread-1] INFO  impl.RaftServerImpl (RaftServerImpl.java:<init>(95)) - 77d194ee-dd30-4caa-8c45-d1c65226b013: new RaftServerImpl for group-3A6577FB21F7:[77d194ee-dd30-4caa-8c45-d1c65226b013:192.168.30.18:36476] with ContainerStateMachine:uninitialized
2019-10-01 12:54:20,930 [pool-443-thread-1] INFO  server.RaftServerConfigKeys (ConfUtils.java:logGet(43)) - raft.server.rpc.timeout.min = 5s (custom)
2019-10-01 12:54:20,938 [pool-443-thread-1] INFO  server.RaftServerConfigKeys (ConfUtils.java:logGet(43)) - raft.server.rpc.timeout.max = 5200ms (custom)
2019-10-01 12:54:20,938 [pool-443-thread-1] INFO  server.RaftServerConfigKeys (ConfUtils.java:logGet(43)) - raft.server.rpcslowness.timeout = 120s (custom)
2019-10-01 12:54:20,938 [pool-443-thread-1] INFO  server.RaftServerConfigKeys (ConfUtils.java:logGet(43)) - raft.server.sleep.deviation.threshold = 300 (default)
2019-10-01 12:54:20,938 [pool-443-thread-1] INFO  server.RaftServerConfigKeys (ConfUtils.java:logGet(43)) - raft.server.log.appender.install.snapshot.enabled = false (custom)
2019-10-01 12:54:20,939 [pool-443-thread-1] INFO  impl.RaftServerImpl (ServerState.java:<init>(103)) - 77d194ee-dd30-4caa-8c45-d1c65226b013@group-3A6577FB21F7: ConfigurationManager, init=-1: [77d194ee-dd30-4caa-8c45-d1c65226b013:192.168.30.18:36476], old=null, confs=<EMPTY_MAP>
2019-10-01 12:54:20,939 [pool-443-thread-1] INFO  server.RaftServerConfigKeys (ConfUtils.java:logGet(43)) - raft.server.storage.dir = [/workdir/hadoop-ozone/integration-test/target/test-dir/MiniOzoneClusterImpl-172552fd-4063-465f-9fdc-360652729e87/datanode-6/data/ratis] (custom)
2019-10-01 12:54:20,939 [pool-443-thread-1] INFO  server.RaftServerConfigKeys (ConfUtils.java:logGet(43)) - raft.server.log.corruption.policy = EXCEPTION (default)
2019-10-01 12:54:20,939 [pool-443-thread-1] INFO  storage.RaftStorageDirectory (RaftStorageDirectory.java:analyzeStorage(246)) - The storage directory /workdir/hadoop-ozone/integration-test/target/test-dir/MiniOzoneClusterImpl-172552fd-4063-465f-9fdc-360652729e87/datanode-6/data/ratis/76d23127-450a-402f-865a-3a6577fb21f7 does not exist. Creating ...
2019-10-01 12:54:20,951 [main] INFO  rpc.RpcClient (RpcClient.java:createVolume(276)) - Creating Volume: watchforcommithandlingtest, with jenkins1000 as owner.
2019-10-01 12:54:20,954 [IPC Server handler 2 on 40957] INFO  volume.OMVolumeCreateRequest (OMVolumeCreateRequest.java:validateAndUpdateCache(194)) - created volume:watchforcommithandlingtest for user:jenkins1000
2019-10-01 12:54:20,965 [main] INFO  rpc.RpcClient (RpcClient.java:createBucket(415)) - Creating Bucket: watchforcommithandlingtest/watchforcommithandlingtest, with Versioning false and Storage Type set to DISK and Encryption set to false 
2019-10-01 12:54:20,968 [pool-443-thread-1] INFO  storage.RaftStorageDirectory (RaftStorageDirectory.java:tryLock(328)) - Lock on /workdir/hadoop-ozone/integration-test/target/test-dir/MiniOzoneClusterImpl-172552fd-4063-465f-9fdc-360652729e87/datanode-6/data/ratis/76d23127-450a-402f-865a-3a6577fb21f7/in_use.lock acquired by nodename 7038@pr-hdds-2199-dnstouuidmap-6cjbd-2468009341
2019-10-01 12:54:20,969 [main] INFO  ozone.MiniOzoneClusterImpl (MiniOzoneClusterImpl.java:getStorageContainerLocationClient(234)) - Creating StorageContainerLocationProtocol RPC client with address /0.0.0.0:39671
2019-10-01 12:54:20,993 [pool-443-thread-1] INFO  storage.RaftStorage (RaftStorage.java:format(84)) - Storage directory /workdir/hadoop-ozone/integration-test/target/test-dir/MiniOzoneClusterImpl-172552fd-4063-465f-9fdc-360652729e87/datanode-6/data/ratis/76d23127-450a-402f-865a-3a6577fb21f7 has been successfully formatted.
2019-10-01 12:54:20,993 [pool-443-thread-1] INFO  ratis.ContainerStateMachine (ContainerStateMachine.java:loadSnapshot(230)) - group-3A6577FB21F7: The snapshot info is null. Setting the last applied indexto:(t:0, i:~)
2019-10-01 12:54:20,993 [pool-443-thread-1] INFO  server.RaftServerConfigKeys (ConfUtils.java:logGet(43)) - raft.server.notification.no-leader.timeout = 120s (custom)
2019-10-01 12:54:20,993 [pool-443-thread-1] INFO  server.RaftServerConfigKeys (ConfUtils.java:logGet(43)) - raft.server.log.use.memory = false (default)
2019-10-01 12:54:20,994 [pool-443-thread-1] INFO  server.RaftServerConfigKeys (ConfUtils.java:logGet(43)) - raft.server.log.purge.gap = 1000000 (custom)
2019-10-01 12:54:20,994 [pool-443-thread-1] INFO  server.RaftServerConfigKeys (ConfUtils.java:logGet(43)) - raft.server.log.appender.buffer.byte-limit = 33554432 (custom)
2019-10-01 12:54:20,994 [pool-443-thread-1] INFO  server.RaftServerConfigKeys (ConfUtils.java:logGet(43)) - raft.server.log.segment.size.max = 1048576 (custom)
2019-10-01 12:54:20,996 [pool-443-thread-1] INFO  server.RaftServerConfigKeys (ConfUtils.java:logGet(43)) - raft.server.log.segment.cache.num.max = 2 (custom)
2019-10-01 12:54:20,996 [pool-443-thread-1] INFO  segmented.SegmentedRaftLogWorker (SegmentedRaftLogWorker.java:<init>(173)) - new 77d194ee-dd30-4caa-8c45-d1c65226b013@group-3A6577FB21F7-SegmentedRaftLogWorker for RaftStorage:Storage Directory /workdir/hadoop-ozone/integration-test/target/test-dir/MiniOzoneClusterImpl-172552fd-4063-465f-9fdc-360652729e87/datanode-6/data/ratis/76d23127-450a-402f-865a-3a6577fb21f7
2019-10-01 12:54:20,996 [pool-443-thread-1] INFO  server.RaftServerConfigKeys (ConfUtils.java:logGet(43)) - raft.server.log.queue.byte-limit = 2147483647 (custom)
2019-10-01 12:54:20,997 [pool-443-thread-1] INFO  server.RaftServerConfigKeys (ConfUtils.java:logGet(43)) - raft.server.log.queue.element-limit = 1024 (custom)
2019-10-01 12:54:20,997 [pool-443-thread-1] INFO  server.RaftServerConfigKeys (ConfUtils.java:logGet(43)) - raft.server.log.segment.size.max = 1048576 (custom)
2019-10-01 12:54:20,997 [pool-443-thread-1] INFO  server.RaftServerConfigKeys (ConfUtils.java:logGet(43)) - raft.server.log.preallocated.size = 16384 (custom)
2019-10-01 12:54:20,997 [pool-443-thread-1] INFO  server.RaftServerConfigKeys (ConfUtils.java:logGet(43)) - raft.server.log.write.buffer.size = 33554432 (custom)
2019-10-01 12:54:20,997 [pool-443-thread-1] INFO  server.RaftServerConfigKeys (ConfUtils.java:logGet(43)) - raft.server.log.force.sync.num = 128 (default)
2019-10-01 12:54:20,997 [pool-443-thread-1] INFO  server.RaftServerConfigKeys (ConfUtils.java:logGet(43)) - raft.server.log.statemachine.data.sync = true (default)
2019-10-01 12:54:20,997 [pool-443-thread-1] INFO  server.RaftServerConfigKeys (ConfUtils.java:logGet(43)) - raft.server.log.statemachine.data.sync.timeout = 10s (default)
2019-10-01 12:54:20,998 [pool-443-thread-1] INFO  server.RaftServerConfigKeys (ConfUtils.java:logGet(43)) - raft.server.log.statemachine.data.sync.timeout.retry = -1 (default)
2019-10-01 12:54:20,998 [pool-443-thread-1] INFO  server.RaftServerConfigKeys (ConfUtils.java:logGet(43)) - raft.server.log.statemachine.data.caching.enabled = true (custom)
2019-10-01 12:54:20,998 [pool-443-thread-1] INFO  segmented.SegmentedRaftLogWorker (SegmentedRaftLogWorker.java:lambda$new$0(128)) - 77d194ee-dd30-4caa-8c45-d1c65226b013@group-3A6577FB21F7-SegmentedRaftLogWorker: flushIndex: setUnconditionally 0 -> -1
2019-10-01 12:54:20,998 [pool-443-thread-1] INFO  server.RaftServerConfigKeys (ConfUtils.java:logGet(43)) - raft.server.snapshot.auto.trigger.enabled = true (custom)
2019-10-01 12:54:20,999 [pool-443-thread-1] INFO  server.RaftServerConfigKeys (ConfUtils.java:logGet(43)) - raft.server.snapshot.auto.trigger.threshold = 10000 (custom)
2019-10-01 12:54:20,999 [pool-443-thread-1] INFO  server.RaftServerConfigKeys (ConfUtils.java:logGet(43)) - raft.server.snapshot.retention.file.num = 5 (custom)
2019-10-01 12:54:20,999 [pool-443-thread-1] INFO  server.RaftServerConfigKeys (ConfUtils.java:logGet(43)) - raft.server.retrycache.expirytime = 600000ms (custom)
2019-10-01 12:54:21,000 [pool-443-thread-1] INFO  impl.RaftServerImpl (RaftServerImpl.java:start(181)) - 77d194ee-dd30-4caa-8c45-d1c65226b013@group-3A6577FB21F7: start as a follower, conf=-1: [77d194ee-dd30-4caa-8c45-d1c65226b013:192.168.30.18:36476], old=null
2019-10-01 12:54:21,001 [pool-443-thread-1] INFO  impl.RaftServerImpl (RaftServerImpl.java:setRole(170)) - 77d194ee-dd30-4caa-8c45-d1c65226b013@group-3A6577FB21F7: changes role from      null to FOLLOWER at term 0 for startAsFollower
2019-10-01 12:54:21,001 [pool-443-thread-1] INFO  impl.RoleInfo (RoleInfo.java:updateAndGet(143)) - 77d194ee-dd30-4caa-8c45-d1c65226b013: start FollowerState
2019-10-01 12:54:21,001 [pool-443-thread-1] INFO  util.JmxRegister (JmxRegister.java:tryRegister(44)) - Successfully registered JMX Bean with object name Ratis:service=RaftServer,group=group-3A6577FB21F7,id=77d194ee-dd30-4caa-8c45-d1c65226b013
2019-10-01 12:54:21,005 [RatisPipelineUtilsThread] INFO  pipeline.PipelineStateManager (PipelineStateManager.java:addPipeline(56)) - Created pipeline Pipeline[ Id: 76d23127-450a-402f-865a-3a6577fb21f7, Nodes: 77d194ee-dd30-4caa-8c45-d1c65226b013{ip: 192.168.30.18, host: pr-hdds-2199-dnstouuidmap-6cjbd-2468009341, networkLocation: /default-rack, certSerialId: null}, Type:RATIS, Factor:ONE, State:OPEN]
2019-10-01 12:54:21,019 [grpc-default-executor-7] INFO  impl.RaftServerProxy (RaftServerProxy.java:addNew(89)) - 3b4395ff-7170-4f5e-aab6-083691153c36: addNew group-52EC24DC8952:[3b4395ff-7170-4f5e-aab6-083691153c36:192.168.30.18:37608, a397d865-6cf2-4267-83e8-08b424a8be10:192.168.30.18:37731, 77d194ee-dd30-4caa-8c45-d1c65226b013:192.168.30.18:36476] returns group-52EC24DC8952:java.util.concurrent.CompletableFuture@7c395072[Not completed]
2019-10-01 12:54:21,019 [grpc-default-executor-4] INFO  impl.RaftServerProxy (RaftServerProxy.java:addNew(89)) - a397d865-6cf2-4267-83e8-08b424a8be10: addNew group-52EC24DC8952:[3b4395ff-7170-4f5e-aab6-083691153c36:192.168.30.18:37608, a397d865-6cf2-4267-83e8-08b424a8be10:192.168.30.18:37731, 77d194ee-dd30-4caa-8c45-d1c65226b013:192.168.30.18:36476] returns group-52EC24DC8952:java.util.concurrent.CompletableFuture@455ed45c[Not completed]
2019-10-01 12:54:21,019 [grpc-default-executor-2] INFO  impl.RaftServerProxy (RaftServerProxy.java:addNew(89)) - 77d194ee-dd30-4caa-8c45-d1c65226b013: addNew group-52EC24DC8952:[3b4395ff-7170-4f5e-aab6-083691153c36:192.168.30.18:37608, a397d865-6cf2-4267-83e8-08b424a8be10:192.168.30.18:37731, 77d194ee-dd30-4caa-8c45-d1c65226b013:192.168.30.18:36476] returns group-52EC24DC8952:java.util.concurrent.CompletableFuture@3d51b3a7[Not completed]
2019-10-01 12:54:21,020 [pool-393-thread-1] INFO  impl.RaftServerImpl (RaftServerImpl.java:<init>(95)) - a397d865-6cf2-4267-83e8-08b424a8be10: new RaftServerImpl for group-52EC24DC8952:[3b4395ff-7170-4f5e-aab6-083691153c36:192.168.30.18:37608, a397d865-6cf2-4267-83e8-08b424a8be10:192.168.30.18:37731, 77d194ee-dd30-4caa-8c45-d1c65226b013:192.168.30.18:36476] with ContainerStateMachine:uninitialized
2019-10-01 12:54:21,020 [pool-393-thread-1] INFO  server.RaftServerConfigKeys (ConfUtils.java:logGet(43)) - raft.server.rpc.timeout.min = 5s (custom)
2019-10-01 12:54:21,020 [pool-393-thread-1] INFO  server.RaftServerConfigKeys (ConfUtils.java:logGet(43)) - raft.server.rpc.timeout.max = 5200ms (custom)
2019-10-01 12:54:21,020 [pool-393-thread-1] INFO  server.RaftServerConfigKeys (ConfUtils.java:logGet(43)) - raft.server.rpcslowness.timeout = 120s (custom)
2019-10-01 12:54:21,021 [pool-393-thread-1] INFO  server.RaftServerConfigKeys (ConfUtils.java:logGet(43)) - raft.server.sleep.deviation.threshold = 300 (default)
2019-10-01 12:54:21,021 [pool-393-thread-1] INFO  server.RaftServerConfigKeys (ConfUtils.java:logGet(43)) - raft.server.log.appender.install.snapshot.enabled = false (custom)
2019-10-01 12:54:21,021 [pool-393-thread-1] INFO  impl.RaftServerImpl (ServerState.java:<init>(103)) - a397d865-6cf2-4267-83e8-08b424a8be10@group-52EC24DC8952: ConfigurationManager, init=-1: [3b4395ff-7170-4f5e-aab6-083691153c36:192.168.30.18:37608, a397d865-6cf2-4267-83e8-08b424a8be10:192.168.30.18:37731, 77d194ee-dd30-4caa-8c45-d1c65226b013:192.168.30.18:36476], old=null, confs=<EMPTY_MAP>
2019-10-01 12:54:21,021 [pool-443-thread-1] INFO  impl.RaftServerImpl (RaftServerImpl.java:<init>(95)) - 77d194ee-dd30-4caa-8c45-d1c65226b013: new RaftServerImpl for group-52EC24DC8952:[3b4395ff-7170-4f5e-aab6-083691153c36:192.168.30.18:37608, a397d865-6cf2-4267-83e8-08b424a8be10:192.168.30.18:37731, 77d194ee-dd30-4caa-8c45-d1c65226b013:192.168.30.18:36476] with ContainerStateMachine:uninitialized
2019-10-01 12:54:21,021 [pool-393-thread-1] INFO  server.RaftServerConfigKeys (ConfUtils.java:logGet(43)) - raft.server.storage.dir = [/workdir/hadoop-ozone/integration-test/target/test-dir/MiniOzoneClusterImpl-172552fd-4063-465f-9fdc-360652729e87/datanode-1/data/ratis] (custom)
2019-10-01 12:54:21,021 [pool-443-thread-1] INFO  server.RaftServerConfigKeys (ConfUtils.java:logGet(43)) - raft.server.rpc.timeout.min = 5s (custom)
2019-10-01 12:54:21,021 [pool-443-thread-1] INFO  server.RaftServerConfigKeys (ConfUtils.java:logGet(43)) - raft.server.rpc.timeout.max = 5200ms (custom)
2019-10-01 12:54:21,021 [pool-383-thread-1] INFO  impl.RaftServerImpl (RaftServerImpl.java:<init>(95)) - 3b4395ff-7170-4f5e-aab6-083691153c36: new RaftServerImpl for group-52EC24DC8952:[3b4395ff-7170-4f5e-aab6-083691153c36:192.168.30.18:37608, a397d865-6cf2-4267-83e8-08b424a8be10:192.168.30.18:37731, 77d194ee-dd30-4caa-8c45-d1c65226b013:192.168.30.18:36476] with ContainerStateMachine:uninitialized
2019-10-01 12:54:21,021 [pool-443-thread-1] INFO  server.RaftServerConfigKeys (ConfUtils.java:logGet(43)) - raft.server.rpcslowness.timeout = 120s (custom)
2019-10-01 12:54:21,021 [pool-393-thread-1] INFO  server.RaftServerConfigKeys (ConfUtils.java:logGet(43)) - raft.server.log.corruption.policy = EXCEPTION (default)
2019-10-01 12:54:21,021 [pool-443-thread-1] INFO  server.RaftServerConfigKeys (ConfUtils.java:logGet(43)) - raft.server.sleep.deviation.threshold = 300 (default)
2019-10-01 12:54:21,021 [pool-383-thread-1] INFO  server.RaftServerConfigKeys (ConfUtils.java:logGet(43)) - raft.server.rpc.timeout.min = 5s (custom)
2019-10-01 12:54:21,022 [pool-443-thread-1] INFO  server.RaftServerConfigKeys (ConfUtils.java:logGet(43)) - raft.server.log.appender.install.snapshot.enabled = false (custom)
2019-10-01 12:54:21,022 [pool-393-thread-1] INFO  storage.RaftStorageDirectory (RaftStorageDirectory.java:analyzeStorage(246)) - The storage directory /workdir/hadoop-ozone/integration-test/target/test-dir/MiniOzoneClusterImpl-172552fd-4063-465f-9fdc-360652729e87/datanode-1/data/ratis/f149ed85-568a-4e50-8cf2-52ec24dc8952 does not exist. Creating ...
2019-10-01 12:54:21,022 [pool-443-thread-1] INFO  impl.RaftServerImpl (ServerState.java:<init>(103)) - 77d194ee-dd30-4caa-8c45-d1c65226b013@group-52EC24DC8952: ConfigurationManager, init=-1: [3b4395ff-7170-4f5e-aab6-083691153c36:192.168.30.18:37608, a397d865-6cf2-4267-83e8-08b424a8be10:192.168.30.18:37731, 77d194ee-dd30-4caa-8c45-d1c65226b013:192.168.30.18:36476], old=null, confs=<EMPTY_MAP>
2019-10-01 12:54:21,022 [pool-383-thread-1] INFO  server.RaftServerConfigKeys (ConfUtils.java:logGet(43)) - raft.server.rpc.timeout.max = 5200ms (custom)
2019-10-01 12:54:21,022 [pool-443-thread-1] INFO  server.RaftServerConfigKeys (ConfUtils.java:logGet(43)) - raft.server.storage.dir = [/workdir/hadoop-ozone/integration-test/target/test-dir/MiniOzoneClusterImpl-172552fd-4063-465f-9fdc-360652729e87/datanode-6/data/ratis] (custom)
2019-10-01 12:54:21,022 [pool-383-thread-1] INFO  server.RaftServerConfigKeys (ConfUtils.java:logGet(43)) - raft.server.rpcslowness.timeout = 120s (custom)
2019-10-01 12:54:21,022 [pool-383-thread-1] INFO  server.RaftServerConfigKeys (ConfUtils.java:logGet(43)) - raft.server.sleep.deviation.threshold = 300 (default)
2019-10-01 12:54:21,022 [pool-443-thread-1] INFO  server.RaftServerConfigKeys (ConfUtils.java:logGet(43)) - raft.server.log.corruption.policy = EXCEPTION (default)
2019-10-01 12:54:21,022 [pool-383-thread-1] INFO  server.RaftServerConfigKeys (ConfUtils.java:logGet(43)) - raft.server.log.appender.install.snapshot.enabled = false (custom)
2019-10-01 12:54:21,023 [pool-443-thread-1] INFO  storage.RaftStorageDirectory (RaftStorageDirectory.java:analyzeStorage(246)) - The storage directory /workdir/hadoop-ozone/integration-test/target/test-dir/MiniOzoneClusterImpl-172552fd-4063-465f-9fdc-360652729e87/datanode-6/data/ratis/f149ed85-568a-4e50-8cf2-52ec24dc8952 does not exist. Creating ...
2019-10-01 12:54:21,023 [pool-383-thread-1] INFO  impl.RaftServerImpl (ServerState.java:<init>(103)) - 3b4395ff-7170-4f5e-aab6-083691153c36@group-52EC24DC8952: ConfigurationManager, init=-1: [3b4395ff-7170-4f5e-aab6-083691153c36:192.168.30.18:37608, a397d865-6cf2-4267-83e8-08b424a8be10:192.168.30.18:37731, 77d194ee-dd30-4caa-8c45-d1c65226b013:192.168.30.18:36476], old=null, confs=<EMPTY_MAP>
2019-10-01 12:54:21,023 [pool-383-thread-1] INFO  server.RaftServerConfigKeys (ConfUtils.java:logGet(43)) - raft.server.storage.dir = [/workdir/hadoop-ozone/integration-test/target/test-dir/MiniOzoneClusterImpl-172552fd-4063-465f-9fdc-360652729e87/datanode-0/data/ratis] (custom)
2019-10-01 12:54:21,023 [pool-383-thread-1] INFO  server.RaftServerConfigKeys (ConfUtils.java:logGet(43)) - raft.server.log.corruption.policy = EXCEPTION (default)
2019-10-01 12:54:21,023 [pool-383-thread-1] INFO  storage.RaftStorageDirectory (RaftStorageDirectory.java:analyzeStorage(246)) - The storage directory /workdir/hadoop-ozone/integration-test/target/test-dir/MiniOzoneClusterImpl-172552fd-4063-465f-9fdc-360652729e87/datanode-0/data/ratis/f149ed85-568a-4e50-8cf2-52ec24dc8952 does not exist. Creating ...
2019-10-01 12:54:21,044 [pool-443-thread-1] INFO  storage.RaftStorageDirectory (RaftStorageDirectory.java:tryLock(328)) - Lock on /workdir/hadoop-ozone/integration-test/target/test-dir/MiniOzoneClusterImpl-172552fd-4063-465f-9fdc-360652729e87/datanode-6/data/ratis/f149ed85-568a-4e50-8cf2-52ec24dc8952/in_use.lock acquired by nodename 7038@pr-hdds-2199-dnstouuidmap-6cjbd-2468009341
2019-10-01 12:54:21,044 [pool-393-thread-1] INFO  storage.RaftStorageDirectory (RaftStorageDirectory.java:tryLock(328)) - Lock on /workdir/hadoop-ozone/integration-test/target/test-dir/MiniOzoneClusterImpl-172552fd-4063-465f-9fdc-360652729e87/datanode-1/data/ratis/f149ed85-568a-4e50-8cf2-52ec24dc8952/in_use.lock acquired by nodename 7038@pr-hdds-2199-dnstouuidmap-6cjbd-2468009341
2019-10-01 12:54:21,044 [pool-383-thread-1] INFO  storage.RaftStorageDirectory (RaftStorageDirectory.java:tryLock(328)) - Lock on /workdir/hadoop-ozone/integration-test/target/test-dir/MiniOzoneClusterImpl-172552fd-4063-465f-9fdc-360652729e87/datanode-0/data/ratis/f149ed85-568a-4e50-8cf2-52ec24dc8952/in_use.lock acquired by nodename 7038@pr-hdds-2199-dnstouuidmap-6cjbd-2468009341
2019-10-01 12:54:21,078 [pool-393-thread-1] INFO  storage.RaftStorage (RaftStorage.java:format(84)) - Storage directory /workdir/hadoop-ozone/integration-test/target/test-dir/MiniOzoneClusterImpl-172552fd-4063-465f-9fdc-360652729e87/datanode-1/data/ratis/f149ed85-568a-4e50-8cf2-52ec24dc8952 has been successfully formatted.
2019-10-01 12:54:21,078 [pool-443-thread-1] INFO  storage.RaftStorage (RaftStorage.java:format(84)) - Storage directory /workdir/hadoop-ozone/integration-test/target/test-dir/MiniOzoneClusterImpl-172552fd-4063-465f-9fdc-360652729e87/datanode-6/data/ratis/f149ed85-568a-4e50-8cf2-52ec24dc8952 has been successfully formatted.
2019-10-01 12:54:21,078 [pool-383-thread-1] INFO  storage.RaftStorage (RaftStorage.java:format(84)) - Storage directory /workdir/hadoop-ozone/integration-test/target/test-dir/MiniOzoneClusterImpl-172552fd-4063-465f-9fdc-360652729e87/datanode-0/data/ratis/f149ed85-568a-4e50-8cf2-52ec24dc8952 has been successfully formatted.
2019-10-01 12:54:21,078 [pool-393-thread-1] INFO  ratis.ContainerStateMachine (ContainerStateMachine.java:loadSnapshot(230)) - group-52EC24DC8952: The snapshot info is null. Setting the last applied indexto:(t:0, i:~)
2019-10-01 12:54:21,078 [pool-443-thread-1] INFO  ratis.ContainerStateMachine (ContainerStateMachine.java:loadSnapshot(230)) - group-52EC24DC8952: The snapshot info is null. Setting the last applied indexto:(t:0, i:~)
2019-10-01 12:54:21,079 [pool-383-thread-1] INFO  ratis.ContainerStateMachine (ContainerStateMachine.java:loadSnapshot(230)) - group-52EC24DC8952: The snapshot info is null. Setting the last applied indexto:(t:0, i:~)
2019-10-01 12:54:21,079 [pool-393-thread-1] INFO  server.RaftServerConfigKeys (ConfUtils.java:logGet(43)) - raft.server.notification.no-leader.timeout = 120s (custom)
2019-10-01 12:54:21,079 [pool-383-thread-1] INFO  server.RaftServerConfigKeys (ConfUtils.java:logGet(43)) - raft.server.notification.no-leader.timeout = 120s (custom)
2019-10-01 12:54:21,079 [pool-443-thread-1] INFO  server.RaftServerConfigKeys (ConfUtils.java:logGet(43)) - raft.server.notification.no-leader.timeout = 120s (custom)
2019-10-01 12:54:21,079 [pool-383-thread-1] INFO  server.RaftServerConfigKeys (ConfUtils.java:logGet(43)) - raft.server.log.use.memory = false (default)
2019-10-01 12:54:21,079 [pool-393-thread-1] INFO  server.RaftServerConfigKeys (ConfUtils.java:logGet(43)) - raft.server.log.use.memory = false (default)
2019-10-01 12:54:21,079 [pool-383-thread-1] INFO  server.RaftServerConfigKeys (ConfUtils.java:logGet(43)) - raft.server.log.purge.gap = 1000000 (custom)
2019-10-01 12:54:21,079 [pool-443-thread-1] INFO  server.RaftServerConfigKeys (ConfUtils.java:logGet(43)) - raft.server.log.use.memory = false (default)
2019-10-01 12:54:21,079 [pool-383-thread-1] INFO  server.RaftServerConfigKeys (ConfUtils.java:logGet(43)) - raft.server.log.appender.buffer.byte-limit = 33554432 (custom)
2019-10-01 12:54:21,079 [pool-393-thread-1] INFO  server.RaftServerConfigKeys (ConfUtils.java:logGet(43)) - raft.server.log.purge.gap = 1000000 (custom)
2019-10-01 12:54:21,080 [pool-383-thread-1] INFO  server.RaftServerConfigKeys (ConfUtils.java:logGet(43)) - raft.server.log.segment.size.max = 1048576 (custom)
2019-10-01 12:54:21,080 [pool-443-thread-1] INFO  server.RaftServerConfigKeys (ConfUtils.java:logGet(43)) - raft.server.log.purge.gap = 1000000 (custom)
2019-10-01 12:54:21,080 [pool-383-thread-1] INFO  server.RaftServerConfigKeys (ConfUtils.java:logGet(43)) - raft.server.log.segment.cache.num.max = 2 (custom)
2019-10-01 12:54:21,080 [pool-393-thread-1] INFO  server.RaftServerConfigKeys (ConfUtils.java:logGet(43)) - raft.server.log.appender.buffer.byte-limit = 33554432 (custom)
2019-10-01 12:54:21,080 [pool-383-thread-1] INFO  segmented.SegmentedRaftLogWorker (SegmentedRaftLogWorker.java:<init>(173)) - new 3b4395ff-7170-4f5e-aab6-083691153c36@group-52EC24DC8952-SegmentedRaftLogWorker for RaftStorage:Storage Directory /workdir/hadoop-ozone/integration-test/target/test-dir/MiniOzoneClusterImpl-172552fd-4063-465f-9fdc-360652729e87/datanode-0/data/ratis/f149ed85-568a-4e50-8cf2-52ec24dc8952
2019-10-01 12:54:21,080 [pool-443-thread-1] INFO  server.RaftServerConfigKeys (ConfUtils.java:logGet(43)) - raft.server.log.appender.buffer.byte-limit = 33554432 (custom)
2019-10-01 12:54:21,080 [pool-383-thread-1] INFO  server.RaftServerConfigKeys (ConfUtils.java:logGet(43)) - raft.server.log.queue.byte-limit = 2147483647 (custom)
2019-10-01 12:54:21,080 [pool-393-thread-1] INFO  server.RaftServerConfigKeys (ConfUtils.java:logGet(43)) - raft.server.log.segment.size.max = 1048576 (custom)
2019-10-01 12:54:21,081 [pool-383-thread-1] INFO  server.RaftServerConfigKeys (ConfUtils.java:logGet(43)) - raft.server.log.queue.element-limit = 1024 (custom)
2019-10-01 12:54:21,081 [pool-443-thread-1] INFO  server.RaftServerConfigKeys (ConfUtils.java:logGet(43)) - raft.server.log.segment.size.max = 1048576 (custom)
2019-10-01 12:54:21,081 [pool-383-thread-1] INFO  server.RaftServerConfigKeys (ConfUtils.java:logGet(43)) - raft.server.log.segment.size.max = 1048576 (custom)
2019-10-01 12:54:21,081 [pool-393-thread-1] INFO  server.RaftServerConfigKeys (ConfUtils.java:logGet(43)) - raft.server.log.segment.cache.num.max = 2 (custom)
2019-10-01 12:54:21,081 [pool-383-thread-1] INFO  server.RaftServerConfigKeys (ConfUtils.java:logGet(43)) - raft.server.log.preallocated.size = 16384 (custom)
2019-10-01 12:54:21,081 [pool-443-thread-1] INFO  server.RaftServerConfigKeys (ConfUtils.java:logGet(43)) - raft.server.log.segment.cache.num.max = 2 (custom)
2019-10-01 12:54:21,081 [pool-383-thread-1] INFO  server.RaftServerConfigKeys (ConfUtils.java:logGet(43)) - raft.server.log.write.buffer.size = 33554432 (custom)
2019-10-01 12:54:21,081 [pool-393-thread-1] INFO  segmented.SegmentedRaftLogWorker (SegmentedRaftLogWorker.java:<init>(173)) - new a397d865-6cf2-4267-83e8-08b424a8be10@group-52EC24DC8952-SegmentedRaftLogWorker for RaftStorage:Storage Directory /workdir/hadoop-ozone/integration-test/target/test-dir/MiniOzoneClusterImpl-172552fd-4063-465f-9fdc-360652729e87/datanode-1/data/ratis/f149ed85-568a-4e50-8cf2-52ec24dc8952
2019-10-01 12:54:21,082 [pool-383-thread-1] INFO  server.RaftServerConfigKeys (ConfUtils.java:logGet(43)) - raft.server.log.force.sync.num = 128 (default)
2019-10-01 12:54:21,081 [pool-443-thread-1] INFO  segmented.SegmentedRaftLogWorker (SegmentedRaftLogWorker.java:<init>(173)) - new 77d194ee-dd30-4caa-8c45-d1c65226b013@group-52EC24DC8952-SegmentedRaftLogWorker for RaftStorage:Storage Directory /workdir/hadoop-ozone/integration-test/target/test-dir/MiniOzoneClusterImpl-172552fd-4063-465f-9fdc-360652729e87/datanode-6/data/ratis/f149ed85-568a-4e50-8cf2-52ec24dc8952
2019-10-01 12:54:21,082 [pool-383-thread-1] INFO  server.RaftServerConfigKeys (ConfUtils.java:logGet(43)) - raft.server.log.statemachine.data.sync = true (default)
2019-10-01 12:54:21,082 [pool-393-thread-1] INFO  server.RaftServerConfigKeys (ConfUtils.java:logGet(43)) - raft.server.log.queue.byte-limit = 2147483647 (custom)
2019-10-01 12:54:21,082 [pool-383-thread-1] INFO  server.RaftServerConfigKeys (ConfUtils.java:logGet(43)) - raft.server.log.statemachine.data.sync.timeout = 10s (default)
2019-10-01 12:54:21,082 [pool-443-thread-1] INFO  server.RaftServerConfigKeys (ConfUtils.java:logGet(43)) - raft.server.log.queue.byte-limit = 2147483647 (custom)
2019-10-01 12:54:21,082 [pool-383-thread-1] INFO  server.RaftServerConfigKeys (ConfUtils.java:logGet(43)) - raft.server.log.statemachine.data.sync.timeout.retry = -1 (default)
2019-10-01 12:54:21,082 [pool-393-thread-1] INFO  server.RaftServerConfigKeys (ConfUtils.java:logGet(43)) - raft.server.log.queue.element-limit = 1024 (custom)
2019-10-01 12:54:21,083 [pool-383-thread-1] INFO  server.RaftServerConfigKeys (ConfUtils.java:logGet(43)) - raft.server.log.statemachine.data.caching.enabled = true (custom)
2019-10-01 12:54:21,082 [pool-443-thread-1] INFO  server.RaftServerConfigKeys (ConfUtils.java:logGet(43)) - raft.server.log.queue.element-limit = 1024 (custom)
2019-10-01 12:54:21,083 [pool-393-thread-1] INFO  server.RaftServerConfigKeys (ConfUtils.java:logGet(43)) - raft.server.log.segment.size.max = 1048576 (custom)
2019-10-01 12:54:21,083 [pool-383-thread-1] INFO  segmented.SegmentedRaftLogWorker (SegmentedRaftLogWorker.java:lambda$new$0(128)) - 3b4395ff-7170-4f5e-aab6-083691153c36@group-52EC24DC8952-SegmentedRaftLogWorker: flushIndex: setUnconditionally 0 -> -1
2019-10-01 12:54:21,083 [pool-443-thread-1] INFO  server.RaftServerConfigKeys (ConfUtils.java:logGet(43)) - raft.server.log.segment.size.max = 1048576 (custom)
2019-10-01 12:54:21,083 [pool-393-thread-1] INFO  server.RaftServerConfigKeys (ConfUtils.java:logGet(43)) - raft.server.log.preallocated.size = 16384 (custom)
2019-10-01 12:54:21,083 [pool-383-thread-1] INFO  server.RaftServerConfigKeys (ConfUtils.java:logGet(43)) - raft.server.snapshot.auto.trigger.enabled = true (custom)
2019-10-01 12:54:21,083 [pool-443-thread-1] INFO  server.RaftServerConfigKeys (ConfUtils.java:logGet(43)) - raft.server.log.preallocated.size = 16384 (custom)
2019-10-01 12:54:21,083 [pool-383-thread-1] INFO  server.RaftServerConfigKeys (ConfUtils.java:logGet(43)) - raft.server.snapshot.auto.trigger.threshold = 10000 (custom)
2019-10-01 12:54:21,083 [pool-393-thread-1] INFO  server.RaftServerConfigKeys (ConfUtils.java:logGet(43)) - raft.server.log.write.buffer.size = 33554432 (custom)
2019-10-01 12:54:21,084 [pool-383-thread-1] INFO  server.RaftServerConfigKeys (ConfUtils.java:logGet(43)) - raft.server.snapshot.retention.file.num = 5 (custom)
2019-10-01 12:54:21,084 [pool-443-thread-1] INFO  server.RaftServerConfigKeys (ConfUtils.java:logGet(43)) - raft.server.log.write.buffer.size = 33554432 (custom)
2019-10-01 12:54:21,084 [pool-383-thread-1] INFO  server.RaftServerConfigKeys (ConfUtils.java:logGet(43)) - raft.server.retrycache.expirytime = 600000ms (custom)
2019-10-01 12:54:21,084 [pool-393-thread-1] INFO  server.RaftServerConfigKeys (ConfUtils.java:logGet(43)) - raft.server.log.force.sync.num = 128 (default)
2019-10-01 12:54:21,084 [pool-443-thread-1] INFO  server.RaftServerConfigKeys (ConfUtils.java:logGet(43)) - raft.server.log.force.sync.num = 128 (default)
2019-10-01 12:54:21,084 [pool-393-thread-1] INFO  server.RaftServerConfigKeys (ConfUtils.java:logGet(43)) - raft.server.log.statemachine.data.sync = true (default)
2019-10-01 12:54:21,084 [pool-443-thread-1] INFO  server.RaftServerConfigKeys (ConfUtils.java:logGet(43)) - raft.server.log.statemachine.data.sync = true (default)
2019-10-01 12:54:21,084 [pool-393-thread-1] INFO  server.RaftServerConfigKeys (ConfUtils.java:logGet(43)) - raft.server.log.statemachine.data.sync.timeout = 10s (default)
2019-10-01 12:54:21,085 [pool-443-thread-1] INFO  server.RaftServerConfigKeys (ConfUtils.java:logGet(43)) - raft.server.log.statemachine.data.sync.timeout = 10s (default)
2019-10-01 12:54:21,085 [pool-393-thread-1] INFO  server.RaftServerConfigKeys (ConfUtils.java:logGet(43)) - raft.server.log.statemachine.data.sync.timeout.retry = -1 (default)
2019-10-01 12:54:21,085 [pool-443-thread-1] INFO  server.RaftServerConfigKeys (ConfUtils.java:logGet(43)) - raft.server.log.statemachine.data.sync.timeout.retry = -1 (default)
2019-10-01 12:54:21,085 [pool-393-thread-1] INFO  server.RaftServerConfigKeys (ConfUtils.java:logGet(43)) - raft.server.log.statemachine.data.caching.enabled = true (custom)
2019-10-01 12:54:21,085 [pool-443-thread-1] INFO  server.RaftServerConfigKeys (ConfUtils.java:logGet(43)) - raft.server.log.statemachine.data.caching.enabled = true (custom)
2019-10-01 12:54:21,085 [pool-393-thread-1] INFO  segmented.SegmentedRaftLogWorker (SegmentedRaftLogWorker.java:lambda$new$0(128)) - a397d865-6cf2-4267-83e8-08b424a8be10@group-52EC24DC8952-SegmentedRaftLogWorker: flushIndex: setUnconditionally 0 -> -1
2019-10-01 12:54:21,085 [pool-443-thread-1] INFO  segmented.SegmentedRaftLogWorker (SegmentedRaftLogWorker.java:lambda$new$0(128)) - 77d194ee-dd30-4caa-8c45-d1c65226b013@group-52EC24DC8952-SegmentedRaftLogWorker: flushIndex: setUnconditionally 0 -> -1
2019-10-01 12:54:21,085 [pool-393-thread-1] INFO  server.RaftServerConfigKeys (ConfUtils.java:logGet(43)) - raft.server.snapshot.auto.trigger.enabled = true (custom)
2019-10-01 12:54:21,086 [pool-393-thread-1] INFO  server.RaftServerConfigKeys (ConfUtils.java:logGet(43)) - raft.server.snapshot.auto.trigger.threshold = 10000 (custom)
2019-10-01 12:54:21,086 [pool-443-thread-1] INFO  server.RaftServerConfigKeys (ConfUtils.java:logGet(43)) - raft.server.snapshot.auto.trigger.enabled = true (custom)
2019-10-01 12:54:21,086 [pool-393-thread-1] INFO  server.RaftServerConfigKeys (ConfUtils.java:logGet(43)) - raft.server.snapshot.retention.file.num = 5 (custom)
2019-10-01 12:54:21,086 [pool-443-thread-1] INFO  server.RaftServerConfigKeys (ConfUtils.java:logGet(43)) - raft.server.snapshot.auto.trigger.threshold = 10000 (custom)
2019-10-01 12:54:21,086 [pool-393-thread-1] INFO  server.RaftServerConfigKeys (ConfUtils.java:logGet(43)) - raft.server.retrycache.expirytime = 600000ms (custom)
2019-10-01 12:54:21,086 [pool-443-thread-1] INFO  server.RaftServerConfigKeys (ConfUtils.java:logGet(43)) - raft.server.snapshot.retention.file.num = 5 (custom)
2019-10-01 12:54:21,086 [pool-443-thread-1] INFO  server.RaftServerConfigKeys (ConfUtils.java:logGet(43)) - raft.server.retrycache.expirytime = 600000ms (custom)
2019-10-01 12:54:21,086 [pool-383-thread-1] INFO  impl.RaftServerImpl (RaftServerImpl.java:start(181)) - 3b4395ff-7170-4f5e-aab6-083691153c36@group-52EC24DC8952: start as a follower, conf=-1: [3b4395ff-7170-4f5e-aab6-083691153c36:192.168.30.18:37608, a397d865-6cf2-4267-83e8-08b424a8be10:192.168.30.18:37731, 77d194ee-dd30-4caa-8c45-d1c65226b013:192.168.30.18:36476], old=null
2019-10-01 12:54:21,087 [pool-383-thread-1] INFO  impl.RaftServerImpl (RaftServerImpl.java:setRole(170)) - 3b4395ff-7170-4f5e-aab6-083691153c36@group-52EC24DC8952: changes role from      null to FOLLOWER at term 0 for startAsFollower
2019-10-01 12:54:21,088 [pool-383-thread-1] INFO  impl.RoleInfo (RoleInfo.java:updateAndGet(143)) - 3b4395ff-7170-4f5e-aab6-083691153c36: start FollowerState
2019-10-01 12:54:21,088 [pool-383-thread-1] INFO  util.JmxRegister (JmxRegister.java:tryRegister(44)) - Successfully registered JMX Bean with object name Ratis:service=RaftServer,group=group-52EC24DC8952,id=3b4395ff-7170-4f5e-aab6-083691153c36
2019-10-01 12:54:21,090 [pool-393-thread-1] INFO  impl.RaftServerImpl (RaftServerImpl.java:start(181)) - a397d865-6cf2-4267-83e8-08b424a8be10@group-52EC24DC8952: start as a follower, conf=-1: [3b4395ff-7170-4f5e-aab6-083691153c36:192.168.30.18:37608, a397d865-6cf2-4267-83e8-08b424a8be10:192.168.30.18:37731, 77d194ee-dd30-4caa-8c45-d1c65226b013:192.168.30.18:36476], old=null
2019-10-01 12:54:21,090 [pool-393-thread-1] INFO  impl.RaftServerImpl (RaftServerImpl.java:setRole(170)) - a397d865-6cf2-4267-83e8-08b424a8be10@group-52EC24DC8952: changes role from      null to FOLLOWER at term 0 for startAsFollower
2019-10-01 12:54:21,090 [pool-393-thread-1] INFO  impl.RoleInfo (RoleInfo.java:updateAndGet(143)) - a397d865-6cf2-4267-83e8-08b424a8be10: start FollowerState
2019-10-01 12:54:21,090 [pool-443-thread-1] INFO  impl.RaftServerImpl (RaftServerImpl.java:start(181)) - 77d194ee-dd30-4caa-8c45-d1c65226b013@group-52EC24DC8952: start as a follower, conf=-1: [3b4395ff-7170-4f5e-aab6-083691153c36:192.168.30.18:37608, a397d865-6cf2-4267-83e8-08b424a8be10:192.168.30.18:37731, 77d194ee-dd30-4caa-8c45-d1c65226b013:192.168.30.18:36476], old=null
2019-10-01 12:54:21,091 [pool-443-thread-1] INFO  impl.RaftServerImpl (RaftServerImpl.java:setRole(170)) - 77d194ee-dd30-4caa-8c45-d1c65226b013@group-52EC24DC8952: changes role from      null to FOLLOWER at term 0 for startAsFollower
2019-10-01 12:54:21,091 [pool-393-thread-1] INFO  util.JmxRegister (JmxRegister.java:tryRegister(44)) - Successfully registered JMX Bean with object name Ratis:service=RaftServer,group=group-52EC24DC8952,id=a397d865-6cf2-4267-83e8-08b424a8be10
2019-10-01 12:54:21,091 [pool-443-thread-1] INFO  impl.RoleInfo (RoleInfo.java:updateAndGet(143)) - 77d194ee-dd30-4caa-8c45-d1c65226b013: start FollowerState
2019-10-01 12:54:21,091 [pool-443-thread-1] INFO  util.JmxRegister (JmxRegister.java:tryRegister(44)) - Successfully registered JMX Bean with object name Ratis:service=RaftServer,group=group-52EC24DC8952,id=77d194ee-dd30-4caa-8c45-d1c65226b013
2019-10-01 12:54:21,095 [RatisPipelineUtilsThread] INFO  pipeline.PipelineStateManager (PipelineStateManager.java:addPipeline(56)) - Created pipeline Pipeline[ Id: f149ed85-568a-4e50-8cf2-52ec24dc8952, Nodes: 3b4395ff-7170-4f5e-aab6-083691153c36{ip: 192.168.30.18, host: pr-hdds-2199-dnstouuidmap-6cjbd-2468009341, networkLocation: /default-rack, certSerialId: null}a397d865-6cf2-4267-83e8-08b424a8be10{ip: 192.168.30.18, host: pr-hdds-2199-dnstouuidmap-6cjbd-2468009341, networkLocation: /default-rack, certSerialId: null}77d194ee-dd30-4caa-8c45-d1c65226b013{ip: 192.168.30.18, host: pr-hdds-2199-dnstouuidmap-6cjbd-2468009341, networkLocation: /default-rack, certSerialId: null}, Type:RATIS, Factor:THREE, State:OPEN]
2019-10-01 12:54:21,107 [grpc-default-executor-7] INFO  impl.RaftServerProxy (RaftServerProxy.java:addNew(89)) - 72e83067-4828-4e86-aed9-55690cfce197: addNew group-4430109A37BE:[e011a184-2914-49de-9b02-5fdc9c9d0795:192.168.30.18:37621, dab4144a-9476-4dd0-b84f-0a5943d57765:192.168.30.18:42590, 72e83067-4828-4e86-aed9-55690cfce197:192.168.30.18:38890] returns group-4430109A37BE:java.util.concurrent.CompletableFuture@c9d0f33[Not completed]
2019-10-01 12:54:21,107 [grpc-default-executor-2] INFO  impl.RaftServerProxy (RaftServerProxy.java:addNew(89)) - e011a184-2914-49de-9b02-5fdc9c9d0795: addNew group-4430109A37BE:[e011a184-2914-49de-9b02-5fdc9c9d0795:192.168.30.18:37621, dab4144a-9476-4dd0-b84f-0a5943d57765:192.168.30.18:42590, 72e83067-4828-4e86-aed9-55690cfce197:192.168.30.18:38890] returns group-4430109A37BE:java.util.concurrent.CompletableFuture@5226b32a[Not completed]
2019-10-01 12:54:21,107 [grpc-default-executor-4] INFO  impl.RaftServerProxy (RaftServerProxy.java:addNew(89)) - dab4144a-9476-4dd0-b84f-0a5943d57765: addNew group-4430109A37BE:[e011a184-2914-49de-9b02-5fdc9c9d0795:192.168.30.18:37621, dab4144a-9476-4dd0-b84f-0a5943d57765:192.168.30.18:42590, 72e83067-4828-4e86-aed9-55690cfce197:192.168.30.18:38890] returns group-4430109A37BE:java.util.concurrent.CompletableFuture@1d22ea26[Not completed]
2019-10-01 12:54:21,110 [pool-423-thread-1] INFO  impl.RaftServerImpl (RaftServerImpl.java:<init>(95)) - dab4144a-9476-4dd0-b84f-0a5943d57765: new RaftServerImpl for group-4430109A37BE:[e011a184-2914-49de-9b02-5fdc9c9d0795:192.168.30.18:37621, dab4144a-9476-4dd0-b84f-0a5943d57765:192.168.30.18:42590, 72e83067-4828-4e86-aed9-55690cfce197:192.168.30.18:38890] with ContainerStateMachine:uninitialized
2019-10-01 12:54:21,110 [pool-423-thread-1] INFO  server.RaftServerConfigKeys (ConfUtils.java:logGet(43)) - raft.server.rpc.timeout.min = 5s (custom)
2019-10-01 12:54:21,110 [pool-423-thread-1] INFO  server.RaftServerConfigKeys (ConfUtils.java:logGet(43)) - raft.server.rpc.timeout.max = 5200ms (custom)
2019-10-01 12:54:21,110 [pool-423-thread-1] INFO  server.RaftServerConfigKeys (ConfUtils.java:logGet(43)) - raft.server.rpcslowness.timeout = 120s (custom)
2019-10-01 12:54:21,110 [pool-423-thread-1] INFO  server.RaftServerConfigKeys (ConfUtils.java:logGet(43)) - raft.server.sleep.deviation.threshold = 300 (default)
2019-10-01 12:54:21,111 [pool-423-thread-1] INFO  server.RaftServerConfigKeys (ConfUtils.java:logGet(43)) - raft.server.log.appender.install.snapshot.enabled = false (custom)
2019-10-01 12:54:21,111 [pool-423-thread-1] INFO  impl.RaftServerImpl (ServerState.java:<init>(103)) - dab4144a-9476-4dd0-b84f-0a5943d57765@group-4430109A37BE: ConfigurationManager, init=-1: [e011a184-2914-49de-9b02-5fdc9c9d0795:192.168.30.18:37621, dab4144a-9476-4dd0-b84f-0a5943d57765:192.168.30.18:42590, 72e83067-4828-4e86-aed9-55690cfce197:192.168.30.18:38890], old=null, confs=<EMPTY_MAP>
2019-10-01 12:54:21,111 [pool-423-thread-1] INFO  server.RaftServerConfigKeys (ConfUtils.java:logGet(43)) - raft.server.storage.dir = [/workdir/hadoop-ozone/integration-test/target/test-dir/MiniOzoneClusterImpl-172552fd-4063-465f-9fdc-360652729e87/datanode-4/data/ratis] (custom)
2019-10-01 12:54:21,111 [pool-403-thread-1] INFO  impl.RaftServerImpl (RaftServerImpl.java:<init>(95)) - e011a184-2914-49de-9b02-5fdc9c9d0795: new RaftServerImpl for group-4430109A37BE:[e011a184-2914-49de-9b02-5fdc9c9d0795:192.168.30.18:37621, dab4144a-9476-4dd0-b84f-0a5943d57765:192.168.30.18:42590, 72e83067-4828-4e86-aed9-55690cfce197:192.168.30.18:38890] with ContainerStateMachine:uninitialized
2019-10-01 12:54:21,111 [pool-423-thread-1] INFO  server.RaftServerConfigKeys (ConfUtils.java:logGet(43)) - raft.server.log.corruption.policy = EXCEPTION (default)
2019-10-01 12:54:21,111 [pool-403-thread-1] INFO  server.RaftServerConfigKeys (ConfUtils.java:logGet(43)) - raft.server.rpc.timeout.min = 5s (custom)
2019-10-01 12:54:21,111 [pool-423-thread-1] INFO  storage.RaftStorageDirectory (RaftStorageDirectory.java:analyzeStorage(246)) - The storage directory /workdir/hadoop-ozone/integration-test/target/test-dir/MiniOzoneClusterImpl-172552fd-4063-465f-9fdc-360652729e87/datanode-4/data/ratis/1cab4633-7245-4d4d-ad47-4430109a37be does not exist. Creating ...
2019-10-01 12:54:21,111 [pool-403-thread-1] INFO  server.RaftServerConfigKeys (ConfUtils.java:logGet(43)) - raft.server.rpc.timeout.max = 5200ms (custom)
2019-10-01 12:54:21,112 [pool-403-thread-1] INFO  server.RaftServerConfigKeys (ConfUtils.java:logGet(43)) - raft.server.rpcslowness.timeout = 120s (custom)
2019-10-01 12:54:21,112 [pool-403-thread-1] INFO  server.RaftServerConfigKeys (ConfUtils.java:logGet(43)) - raft.server.sleep.deviation.threshold = 300 (default)
2019-10-01 12:54:21,112 [pool-403-thread-1] INFO  server.RaftServerConfigKeys (ConfUtils.java:logGet(43)) - raft.server.log.appender.install.snapshot.enabled = false (custom)
2019-10-01 12:54:21,112 [pool-413-thread-1] INFO  impl.RaftServerImpl (RaftServerImpl.java:<init>(95)) - 72e83067-4828-4e86-aed9-55690cfce197: new RaftServerImpl for group-4430109A37BE:[e011a184-2914-49de-9b02-5fdc9c9d0795:192.168.30.18:37621, dab4144a-9476-4dd0-b84f-0a5943d57765:192.168.30.18:42590, 72e83067-4828-4e86-aed9-55690cfce197:192.168.30.18:38890] with ContainerStateMachine:uninitialized
2019-10-01 12:54:21,112 [pool-403-thread-1] INFO  impl.RaftServerImpl (ServerState.java:<init>(103)) - e011a184-2914-49de-9b02-5fdc9c9d0795@group-4430109A37BE: ConfigurationManager, init=-1: [e011a184-2914-49de-9b02-5fdc9c9d0795:192.168.30.18:37621, dab4144a-9476-4dd0-b84f-0a5943d57765:192.168.30.18:42590, 72e83067-4828-4e86-aed9-55690cfce197:192.168.30.18:38890], old=null, confs=<EMPTY_MAP>
2019-10-01 12:54:21,112 [pool-413-thread-1] INFO  server.RaftServerConfigKeys (ConfUtils.java:logGet(43)) - raft.server.rpc.timeout.min = 5s (custom)
2019-10-01 12:54:21,112 [pool-403-thread-1] INFO  server.RaftServerConfigKeys (ConfUtils.java:logGet(43)) - raft.server.storage.dir = [/workdir/hadoop-ozone/integration-test/target/test-dir/MiniOzoneClusterImpl-172552fd-4063-465f-9fdc-360652729e87/datanode-2/data/ratis] (custom)
2019-10-01 12:54:21,112 [pool-413-thread-1] INFO  server.RaftServerConfigKeys (ConfUtils.java:logGet(43)) - raft.server.rpc.timeout.max = 5200ms (custom)
2019-10-01 12:54:21,112 [pool-413-thread-1] INFO  server.RaftServerConfigKeys (ConfUtils.java:logGet(43)) - raft.server.rpcslowness.timeout = 120s (custom)
2019-10-01 12:54:21,112 [pool-403-thread-1] INFO  server.RaftServerConfigKeys (ConfUtils.java:logGet(43)) - raft.server.log.corruption.policy = EXCEPTION (default)
2019-10-01 12:54:21,112 [pool-413-thread-1] INFO  server.RaftServerConfigKeys (ConfUtils.java:logGet(43)) - raft.server.sleep.deviation.threshold = 300 (default)
2019-10-01 12:54:21,113 [pool-403-thread-1] INFO  storage.RaftStorageDirectory (RaftStorageDirectory.java:analyzeStorage(246)) - The storage directory /workdir/hadoop-ozone/integration-test/target/test-dir/MiniOzoneClusterImpl-172552fd-4063-465f-9fdc-360652729e87/datanode-2/data/ratis/1cab4633-7245-4d4d-ad47-4430109a37be does not exist. Creating ...
2019-10-01 12:54:21,113 [pool-413-thread-1] INFO  server.RaftServerConfigKeys (ConfUtils.java:logGet(43)) - raft.server.log.appender.install.snapshot.enabled = false (custom)
2019-10-01 12:54:21,113 [pool-413-thread-1] INFO  impl.RaftServerImpl (ServerState.java:<init>(103)) - 72e83067-4828-4e86-aed9-55690cfce197@group-4430109A37BE: ConfigurationManager, init=-1: [e011a184-2914-49de-9b02-5fdc9c9d0795:192.168.30.18:37621, dab4144a-9476-4dd0-b84f-0a5943d57765:192.168.30.18:42590, 72e83067-4828-4e86-aed9-55690cfce197:192.168.30.18:38890], old=null, confs=<EMPTY_MAP>
2019-10-01 12:54:21,113 [pool-413-thread-1] INFO  server.RaftServerConfigKeys (ConfUtils.java:logGet(43)) - raft.server.storage.dir = [/workdir/hadoop-ozone/integration-test/target/test-dir/MiniOzoneClusterImpl-172552fd-4063-465f-9fdc-360652729e87/datanode-3/data/ratis] (custom)
2019-10-01 12:54:21,113 [pool-413-thread-1] INFO  server.RaftServerConfigKeys (ConfUtils.java:logGet(43)) - raft.server.log.corruption.policy = EXCEPTION (default)
2019-10-01 12:54:21,113 [pool-413-thread-1] INFO  storage.RaftStorageDirectory (RaftStorageDirectory.java:analyzeStorage(246)) - The storage directory /workdir/hadoop-ozone/integration-test/target/test-dir/MiniOzoneClusterImpl-172552fd-4063-465f-9fdc-360652729e87/datanode-3/data/ratis/1cab4633-7245-4d4d-ad47-4430109a37be does not exist. Creating ...
2019-10-01 12:54:21,137 [pool-423-thread-1] INFO  storage.RaftStorageDirectory (RaftStorageDirectory.java:tryLock(328)) - Lock on /workdir/hadoop-ozone/integration-test/target/test-dir/MiniOzoneClusterImpl-172552fd-4063-465f-9fdc-360652729e87/datanode-4/data/ratis/1cab4633-7245-4d4d-ad47-4430109a37be/in_use.lock acquired by nodename 7038@pr-hdds-2199-dnstouuidmap-6cjbd-2468009341
2019-10-01 12:54:21,137 [pool-403-thread-1] INFO  storage.RaftStorageDirectory (RaftStorageDirectory.java:tryLock(328)) - Lock on /workdir/hadoop-ozone/integration-test/target/test-dir/MiniOzoneClusterImpl-172552fd-4063-465f-9fdc-360652729e87/datanode-2/data/ratis/1cab4633-7245-4d4d-ad47-4430109a37be/in_use.lock acquired by nodename 7038@pr-hdds-2199-dnstouuidmap-6cjbd-2468009341
2019-10-01 12:54:21,137 [pool-413-thread-1] INFO  storage.RaftStorageDirectory (RaftStorageDirectory.java:tryLock(328)) - Lock on /workdir/hadoop-ozone/integration-test/target/test-dir/MiniOzoneClusterImpl-172552fd-4063-465f-9fdc-360652729e87/datanode-3/data/ratis/1cab4633-7245-4d4d-ad47-4430109a37be/in_use.lock acquired by nodename 7038@pr-hdds-2199-dnstouuidmap-6cjbd-2468009341
2019-10-01 12:54:21,163 [pool-403-thread-1] INFO  storage.RaftStorage (RaftStorage.java:format(84)) - Storage directory /workdir/hadoop-ozone/integration-test/target/test-dir/MiniOzoneClusterImpl-172552fd-4063-465f-9fdc-360652729e87/datanode-2/data/ratis/1cab4633-7245-4d4d-ad47-4430109a37be has been successfully formatted.
2019-10-01 12:54:21,163 [pool-423-thread-1] INFO  storage.RaftStorage (RaftStorage.java:format(84)) - Storage directory /workdir/hadoop-ozone/integration-test/target/test-dir/MiniOzoneClusterImpl-172552fd-4063-465f-9fdc-360652729e87/datanode-4/data/ratis/1cab4633-7245-4d4d-ad47-4430109a37be has been successfully formatted.
2019-10-01 12:54:21,163 [pool-413-thread-1] INFO  storage.RaftStorage (RaftStorage.java:format(84)) - Storage directory /workdir/hadoop-ozone/integration-test/target/test-dir/MiniOzoneClusterImpl-172552fd-4063-465f-9fdc-360652729e87/datanode-3/data/ratis/1cab4633-7245-4d4d-ad47-4430109a37be has been successfully formatted.
2019-10-01 12:54:21,163 [pool-403-thread-1] INFO  ratis.ContainerStateMachine (ContainerStateMachine.java:loadSnapshot(230)) - group-4430109A37BE: The snapshot info is null. Setting the last applied indexto:(t:0, i:~)
2019-10-01 12:54:21,163 [pool-423-thread-1] INFO  ratis.ContainerStateMachine (ContainerStateMachine.java:loadSnapshot(230)) - group-4430109A37BE: The snapshot info is null. Setting the last applied indexto:(t:0, i:~)
2019-10-01 12:54:21,163 [pool-403-thread-1] INFO  server.RaftServerConfigKeys (ConfUtils.java:logGet(43)) - raft.server.notification.no-leader.timeout = 120s (custom)
2019-10-01 12:54:21,163 [pool-413-thread-1] INFO  ratis.ContainerStateMachine (ContainerStateMachine.java:loadSnapshot(230)) - group-4430109A37BE: The snapshot info is null. Setting the last applied indexto:(t:0, i:~)
2019-10-01 12:54:21,163 [pool-403-thread-1] INFO  server.RaftServerConfigKeys (ConfUtils.java:logGet(43)) - raft.server.log.use.memory = false (default)
2019-10-01 12:54:21,163 [pool-423-thread-1] INFO  server.RaftServerConfigKeys (ConfUtils.java:logGet(43)) - raft.server.notification.no-leader.timeout = 120s (custom)
2019-10-01 12:54:21,164 [pool-403-thread-1] INFO  server.RaftServerConfigKeys (ConfUtils.java:logGet(43)) - raft.server.log.purge.gap = 1000000 (custom)
2019-10-01 12:54:21,163 [pool-413-thread-1] INFO  server.RaftServerConfigKeys (ConfUtils.java:logGet(43)) - raft.server.notification.no-leader.timeout = 120s (custom)
2019-10-01 12:54:21,164 [pool-403-thread-1] INFO  server.RaftServerConfigKeys (ConfUtils.java:logGet(43)) - raft.server.log.appender.buffer.byte-limit = 33554432 (custom)
2019-10-01 12:54:21,164 [pool-423-thread-1] INFO  server.RaftServerConfigKeys (ConfUtils.java:logGet(43)) - raft.server.log.use.memory = false (default)
2019-10-01 12:54:21,164 [pool-403-thread-1] INFO  server.RaftServerConfigKeys (ConfUtils.java:logGet(43)) - raft.server.log.segment.size.max = 1048576 (custom)
2019-10-01 12:54:21,164 [pool-413-thread-1] INFO  server.RaftServerConfigKeys (ConfUtils.java:logGet(43)) - raft.server.log.use.memory = false (default)
2019-10-01 12:54:21,164 [pool-403-thread-1] INFO  server.RaftServerConfigKeys (ConfUtils.java:logGet(43)) - raft.server.log.segment.cache.num.max = 2 (custom)
2019-10-01 12:54:21,164 [pool-423-thread-1] INFO  server.RaftServerConfigKeys (ConfUtils.java:logGet(43)) - raft.server.log.purge.gap = 1000000 (custom)
2019-10-01 12:54:21,165 [pool-403-thread-1] INFO  segmented.SegmentedRaftLogWorker (SegmentedRaftLogWorker.java:<init>(173)) - new e011a184-2914-49de-9b02-5fdc9c9d0795@group-4430109A37BE-SegmentedRaftLogWorker for RaftStorage:Storage Directory /workdir/hadoop-ozone/integration-test/target/test-dir/MiniOzoneClusterImpl-172552fd-4063-465f-9fdc-360652729e87/datanode-2/data/ratis/1cab4633-7245-4d4d-ad47-4430109a37be
2019-10-01 12:54:21,164 [pool-413-thread-1] INFO  server.RaftServerConfigKeys (ConfUtils.java:logGet(43)) - raft.server.log.purge.gap = 1000000 (custom)
2019-10-01 12:54:21,165 [pool-403-thread-1] INFO  server.RaftServerConfigKeys (ConfUtils.java:logGet(43)) - raft.server.log.queue.byte-limit = 2147483647 (custom)
2019-10-01 12:54:21,165 [pool-423-thread-1] INFO  server.RaftServerConfigKeys (ConfUtils.java:logGet(43)) - raft.server.log.appender.buffer.byte-limit = 33554432 (custom)
2019-10-01 12:54:21,165 [pool-403-thread-1] INFO  server.RaftServerConfigKeys (ConfUtils.java:logGet(43)) - raft.server.log.queue.element-limit = 1024 (custom)
2019-10-01 12:54:21,165 [pool-413-thread-1] INFO  server.RaftServerConfigKeys (ConfUtils.java:logGet(43)) - raft.server.log.appender.buffer.byte-limit = 33554432 (custom)
2019-10-01 12:54:21,166 [pool-403-thread-1] INFO  server.RaftServerConfigKeys (ConfUtils.java:logGet(43)) - raft.server.log.segment.size.max = 1048576 (custom)
2019-10-01 12:54:21,165 [pool-423-thread-1] INFO  server.RaftServerConfigKeys (ConfUtils.java:logGet(43)) - raft.server.log.segment.size.max = 1048576 (custom)
2019-10-01 12:54:21,166 [pool-403-thread-1] INFO  server.RaftServerConfigKeys (ConfUtils.java:logGet(43)) - raft.server.log.preallocated.size = 16384 (custom)
2019-10-01 12:54:21,166 [pool-413-thread-1] INFO  server.RaftServerConfigKeys (ConfUtils.java:logGet(43)) - raft.server.log.segment.size.max = 1048576 (custom)
2019-10-01 12:54:21,166 [pool-403-thread-1] INFO  server.RaftServerConfigKeys (ConfUtils.java:logGet(43)) - raft.server.log.write.buffer.size = 33554432 (custom)
2019-10-01 12:54:21,166 [pool-423-thread-1] INFO  server.RaftServerConfigKeys (ConfUtils.java:logGet(43)) - raft.server.log.segment.cache.num.max = 2 (custom)
2019-10-01 12:54:21,166 [pool-403-thread-1] INFO  server.RaftServerConfigKeys (ConfUtils.java:logGet(43)) - raft.server.log.force.sync.num = 128 (default)
2019-10-01 12:54:21,166 [pool-413-thread-1] INFO  server.RaftServerConfigKeys (ConfUtils.java:logGet(43)) - raft.server.log.segment.cache.num.max = 2 (custom)
2019-10-01 12:54:21,167 [pool-403-thread-1] INFO  server.RaftServerConfigKeys (ConfUtils.java:logGet(43)) - raft.server.log.statemachine.data.sync = true (default)
2019-10-01 12:54:21,167 [pool-403-thread-1] INFO  server.RaftServerConfigKeys (ConfUtils.java:logGet(43)) - raft.server.log.statemachine.data.sync.timeout = 10s (default)
2019-10-01 12:54:21,166 [pool-423-thread-1] INFO  segmented.SegmentedRaftLogWorker (SegmentedRaftLogWorker.java:<init>(173)) - new dab4144a-9476-4dd0-b84f-0a5943d57765@group-4430109A37BE-SegmentedRaftLogWorker for RaftStorage:Storage Directory /workdir/hadoop-ozone/integration-test/target/test-dir/MiniOzoneClusterImpl-172552fd-4063-465f-9fdc-360652729e87/datanode-4/data/ratis/1cab4633-7245-4d4d-ad47-4430109a37be
2019-10-01 12:54:21,167 [pool-403-thread-1] INFO  server.RaftServerConfigKeys (ConfUtils.java:logGet(43)) - raft.server.log.statemachine.data.sync.timeout.retry = -1 (default)
2019-10-01 12:54:21,167 [pool-413-thread-1] INFO  segmented.SegmentedRaftLogWorker (SegmentedRaftLogWorker.java:<init>(173)) - new 72e83067-4828-4e86-aed9-55690cfce197@group-4430109A37BE-SegmentedRaftLogWorker for RaftStorage:Storage Directory /workdir/hadoop-ozone/integration-test/target/test-dir/MiniOzoneClusterImpl-172552fd-4063-465f-9fdc-360652729e87/datanode-3/data/ratis/1cab4633-7245-4d4d-ad47-4430109a37be
2019-10-01 12:54:21,167 [pool-403-thread-1] INFO  server.RaftServerConfigKeys (ConfUtils.java:logGet(43)) - raft.server.log.statemachine.data.caching.enabled = true (custom)
2019-10-01 12:54:21,167 [pool-423-thread-1] INFO  server.RaftServerConfigKeys (ConfUtils.java:logGet(43)) - raft.server.log.queue.byte-limit = 2147483647 (custom)
2019-10-01 12:54:21,168 [pool-413-thread-1] INFO  server.RaftServerConfigKeys (ConfUtils.java:logGet(43)) - raft.server.log.queue.byte-limit = 2147483647 (custom)
2019-10-01 12:54:21,168 [pool-403-thread-1] INFO  segmented.SegmentedRaftLogWorker (SegmentedRaftLogWorker.java:lambda$new$0(128)) - e011a184-2914-49de-9b02-5fdc9c9d0795@group-4430109A37BE-SegmentedRaftLogWorker: flushIndex: setUnconditionally 0 -> -1
2019-10-01 12:54:21,168 [pool-423-thread-1] INFO  server.RaftServerConfigKeys (ConfUtils.java:logGet(43)) - raft.server.log.queue.element-limit = 1024 (custom)
2019-10-01 12:54:21,168 [pool-403-thread-1] INFO  server.RaftServerConfigKeys (ConfUtils.java:logGet(43)) - raft.server.snapshot.auto.trigger.enabled = true (custom)
2019-10-01 12:54:21,168 [pool-413-thread-1] INFO  server.RaftServerConfigKeys (ConfUtils.java:logGet(43)) - raft.server.log.queue.element-limit = 1024 (custom)
2019-10-01 12:54:21,169 [pool-403-thread-1] INFO  server.RaftServerConfigKeys (ConfUtils.java:logGet(43)) - raft.server.snapshot.auto.trigger.threshold = 10000 (custom)
2019-10-01 12:54:21,168 [pool-423-thread-1] INFO  server.RaftServerConfigKeys (ConfUtils.java:logGet(43)) - raft.server.log.segment.size.max = 1048576 (custom)
2019-10-01 12:54:21,169 [pool-403-thread-1] INFO  server.RaftServerConfigKeys (ConfUtils.java:logGet(43)) - raft.server.snapshot.retention.file.num = 5 (custom)
2019-10-01 12:54:21,169 [pool-413-thread-1] INFO  server.RaftServerConfigKeys (ConfUtils.java:logGet(43)) - raft.server.log.segment.size.max = 1048576 (custom)
2019-10-01 12:54:21,169 [pool-403-thread-1] INFO  server.RaftServerConfigKeys (ConfUtils.java:logGet(43)) - raft.server.retrycache.expirytime = 600000ms (custom)
2019-10-01 12:54:21,169 [pool-423-thread-1] INFO  server.RaftServerConfigKeys (ConfUtils.java:logGet(43)) - raft.server.log.preallocated.size = 16384 (custom)
2019-10-01 12:54:21,169 [pool-413-thread-1] INFO  server.RaftServerConfigKeys (ConfUtils.java:logGet(43)) - raft.server.log.preallocated.size = 16384 (custom)
2019-10-01 12:54:21,170 [pool-423-thread-1] INFO  server.RaftServerConfigKeys (ConfUtils.java:logGet(43)) - raft.server.log.write.buffer.size = 33554432 (custom)
2019-10-01 12:54:21,170 [pool-413-thread-1] INFO  server.RaftServerConfigKeys (ConfUtils.java:logGet(43)) - raft.server.log.write.buffer.size = 33554432 (custom)
2019-10-01 12:54:21,170 [pool-423-thread-1] INFO  server.RaftServerConfigKeys (ConfUtils.java:logGet(43)) - raft.server.log.force.sync.num = 128 (default)
2019-10-01 12:54:21,170 [pool-413-thread-1] INFO  server.RaftServerConfigKeys (ConfUtils.java:logGet(43)) - raft.server.log.force.sync.num = 128 (default)
2019-10-01 12:54:21,170 [pool-423-thread-1] INFO  server.RaftServerConfigKeys (ConfUtils.java:logGet(43)) - raft.server.log.statemachine.data.sync = true (default)
2019-10-01 12:54:21,170 [pool-413-thread-1] INFO  server.RaftServerConfigKeys (ConfUtils.java:logGet(43)) - raft.server.log.statemachine.data.sync = true (default)
2019-10-01 12:54:21,170 [pool-423-thread-1] INFO  server.RaftServerConfigKeys (ConfUtils.java:logGet(43)) - raft.server.log.statemachine.data.sync.timeout = 10s (default)
2019-10-01 12:54:21,171 [pool-413-thread-1] INFO  server.RaftServerConfigKeys (ConfUtils.java:logGet(43)) - raft.server.log.statemachine.data.sync.timeout = 10s (default)
2019-10-01 12:54:21,171 [pool-423-thread-1] INFO  server.RaftServerConfigKeys (ConfUtils.java:logGet(43)) - raft.server.log.statemachine.data.sync.timeout.retry = -1 (default)
2019-10-01 12:54:21,171 [pool-413-thread-1] INFO  server.RaftServerConfigKeys (ConfUtils.java:logGet(43)) - raft.server.log.statemachine.data.sync.timeout.retry = -1 (default)
2019-10-01 12:54:21,171 [pool-423-thread-1] INFO  server.RaftServerConfigKeys (ConfUtils.java:logGet(43)) - raft.server.log.statemachine.data.caching.enabled = true (custom)
2019-10-01 12:54:21,171 [pool-413-thread-1] INFO  server.RaftServerConfigKeys (ConfUtils.java:logGet(43)) - raft.server.log.statemachine.data.caching.enabled = true (custom)
2019-10-01 12:54:21,171 [pool-403-thread-1] INFO  impl.RaftServerImpl (RaftServerImpl.java:start(181)) - e011a184-2914-49de-9b02-5fdc9c9d0795@group-4430109A37BE: start as a follower, conf=-1: [e011a184-2914-49de-9b02-5fdc9c9d0795:192.168.30.18:37621, dab4144a-9476-4dd0-b84f-0a5943d57765:192.168.30.18:42590, 72e83067-4828-4e86-aed9-55690cfce197:192.168.30.18:38890], old=null
2019-10-01 12:54:21,171 [pool-413-thread-1] INFO  segmented.SegmentedRaftLogWorker (SegmentedRaftLogWorker.java:lambda$new$0(128)) - 72e83067-4828-4e86-aed9-55690cfce197@group-4430109A37BE-SegmentedRaftLogWorker: flushIndex: setUnconditionally 0 -> -1
2019-10-01 12:54:21,171 [pool-423-thread-1] INFO  segmented.SegmentedRaftLogWorker (SegmentedRaftLogWorker.java:lambda$new$0(128)) - dab4144a-9476-4dd0-b84f-0a5943d57765@group-4430109A37BE-SegmentedRaftLogWorker: flushIndex: setUnconditionally 0 -> -1
2019-10-01 12:54:21,171 [pool-403-thread-1] INFO  impl.RaftServerImpl (RaftServerImpl.java:setRole(170)) - e011a184-2914-49de-9b02-5fdc9c9d0795@group-4430109A37BE: changes role from      null to FOLLOWER at term 0 for startAsFollower
2019-10-01 12:54:21,172 [pool-413-thread-1] INFO  server.RaftServerConfigKeys (ConfUtils.java:logGet(43)) - raft.server.snapshot.auto.trigger.enabled = true (custom)
2019-10-01 12:54:21,172 [pool-403-thread-1] INFO  impl.RoleInfo (RoleInfo.java:updateAndGet(143)) - e011a184-2914-49de-9b02-5fdc9c9d0795: start FollowerState
2019-10-01 12:54:21,172 [pool-423-thread-1] INFO  server.RaftServerConfigKeys (ConfUtils.java:logGet(43)) - raft.server.snapshot.auto.trigger.enabled = true (custom)
2019-10-01 12:54:21,172 [pool-413-thread-1] INFO  server.RaftServerConfigKeys (ConfUtils.java:logGet(43)) - raft.server.snapshot.auto.trigger.threshold = 10000 (custom)
2019-10-01 12:54:21,172 [pool-423-thread-1] INFO  server.RaftServerConfigKeys (ConfUtils.java:logGet(43)) - raft.server.snapshot.auto.trigger.threshold = 10000 (custom)
2019-10-01 12:54:21,172 [pool-403-thread-1] INFO  util.JmxRegister (JmxRegister.java:tryRegister(44)) - Successfully registered JMX Bean with object name Ratis:service=RaftServer,group=group-4430109A37BE,id=e011a184-2914-49de-9b02-5fdc9c9d0795
2019-10-01 12:54:21,172 [pool-413-thread-1] INFO  server.RaftServerConfigKeys (ConfUtils.java:logGet(43)) - raft.server.snapshot.retention.file.num = 5 (custom)
2019-10-01 12:54:21,172 [pool-423-thread-1] INFO  server.RaftServerConfigKeys (ConfUtils.java:logGet(43)) - raft.server.snapshot.retention.file.num = 5 (custom)
2019-10-01 12:54:21,173 [pool-413-thread-1] INFO  server.RaftServerConfigKeys (ConfUtils.java:logGet(43)) - raft.server.retrycache.expirytime = 600000ms (custom)
2019-10-01 12:54:21,173 [pool-423-thread-1] INFO  server.RaftServerConfigKeys (ConfUtils.java:logGet(43)) - raft.server.retrycache.expirytime = 600000ms (custom)
2019-10-01 12:54:21,177 [pool-423-thread-1] INFO  impl.RaftServerImpl (RaftServerImpl.java:start(181)) - dab4144a-9476-4dd0-b84f-0a5943d57765@group-4430109A37BE: start as a follower, conf=-1: [e011a184-2914-49de-9b02-5fdc9c9d0795:192.168.30.18:37621, dab4144a-9476-4dd0-b84f-0a5943d57765:192.168.30.18:42590, 72e83067-4828-4e86-aed9-55690cfce197:192.168.30.18:38890], old=null
2019-10-01 12:54:21,177 [pool-423-thread-1] INFO  impl.RaftServerImpl (RaftServerImpl.java:setRole(170)) - dab4144a-9476-4dd0-b84f-0a5943d57765@group-4430109A37BE: changes role from      null to FOLLOWER at term 0 for startAsFollower
2019-10-01 12:54:21,177 [pool-423-thread-1] INFO  impl.RoleInfo (RoleInfo.java:updateAndGet(143)) - dab4144a-9476-4dd0-b84f-0a5943d57765: start FollowerState
2019-10-01 12:54:21,178 [pool-413-thread-1] INFO  impl.RaftServerImpl (RaftServerImpl.java:start(181)) - 72e83067-4828-4e86-aed9-55690cfce197@group-4430109A37BE: start as a follower, conf=-1: [e011a184-2914-49de-9b02-5fdc9c9d0795:192.168.30.18:37621, dab4144a-9476-4dd0-b84f-0a5943d57765:192.168.30.18:42590, 72e83067-4828-4e86-aed9-55690cfce197:192.168.30.18:38890], old=null
2019-10-01 12:54:21,178 [pool-423-thread-1] INFO  util.JmxRegister (JmxRegister.java:tryRegister(44)) - Successfully registered JMX Bean with object name Ratis:service=RaftServer,group=group-4430109A37BE,id=dab4144a-9476-4dd0-b84f-0a5943d57765
2019-10-01 12:54:21,178 [pool-413-thread-1] INFO  impl.RaftServerImpl (RaftServerImpl.java:setRole(170)) - 72e83067-4828-4e86-aed9-55690cfce197@group-4430109A37BE: changes role from      null to FOLLOWER at term 0 for startAsFollower
2019-10-01 12:54:21,178 [pool-413-thread-1] INFO  impl.RoleInfo (RoleInfo.java:updateAndGet(143)) - 72e83067-4828-4e86-aed9-55690cfce197: start FollowerState
2019-10-01 12:54:21,179 [pool-413-thread-1] INFO  util.JmxRegister (JmxRegister.java:tryRegister(44)) - Successfully registered JMX Bean with object name Ratis:service=RaftServer,group=group-4430109A37BE,id=72e83067-4828-4e86-aed9-55690cfce197
2019-10-01 12:54:21,183 [RatisPipelineUtilsThread] INFO  pipeline.PipelineStateManager (PipelineStateManager.java:addPipeline(56)) - Created pipeline Pipeline[ Id: 1cab4633-7245-4d4d-ad47-4430109a37be, Nodes: e011a184-2914-49de-9b02-5fdc9c9d0795{ip: 192.168.30.18, host: pr-hdds-2199-dnstouuidmap-6cjbd-2468009341, networkLocation: /default-rack, certSerialId: null}72e83067-4828-4e86-aed9-55690cfce197{ip: 192.168.30.18, host: pr-hdds-2199-dnstouuidmap-6cjbd-2468009341, networkLocation: /default-rack, certSerialId: null}dab4144a-9476-4dd0-b84f-0a5943d57765{ip: 192.168.30.18, host: pr-hdds-2199-dnstouuidmap-6cjbd-2468009341, networkLocation: /default-rack, certSerialId: null}, Type:RATIS, Factor:THREE, State:OPEN]
2019-10-01 12:54:23,484 [Thread-2355] INFO  container.ReplicationManager (ReplicationManager.java:start(162)) - Starting Replication Monitor Thread.
2019-10-01 12:54:23,492 [ReplicationMonitor] INFO  container.ReplicationManager (ReplicationManager.java:run(225)) - Replication Monitor Thread took 1 milliseconds for processing 1 containers.
2019-10-01 12:54:25,635 [Thread-2357] INFO  impl.FollowerState (FollowerState.java:run(108)) - 3b4395ff-7170-4f5e-aab6-083691153c36@group-D97C640C813A-FollowerState: change to CANDIDATE, lastRpcTime:5059ms, electionTimeout:5059ms
2019-10-01 12:54:25,636 [Thread-2357] INFO  impl.RoleInfo (RoleInfo.java:shutdownFollowerState(121)) - 3b4395ff-7170-4f5e-aab6-083691153c36: shutdown FollowerState
2019-10-01 12:54:25,636 [Thread-2357] INFO  impl.RaftServerImpl (RaftServerImpl.java:setRole(170)) - 3b4395ff-7170-4f5e-aab6-083691153c36@group-D97C640C813A: changes role from  FOLLOWER to CANDIDATE at term 0 for changeToCandidate
2019-10-01 12:54:25,636 [Thread-2357] INFO  impl.RoleInfo (RoleInfo.java:updateAndGet(143)) - 3b4395ff-7170-4f5e-aab6-083691153c36: start LeaderElection
2019-10-01 12:54:25,680 [3b4395ff-7170-4f5e-aab6-083691153c36@group-D97C640C813A-LeaderElection59] INFO  impl.LeaderElection (LeaderElection.java:askForVotes(178)) - 3b4395ff-7170-4f5e-aab6-083691153c36@group-D97C640C813A-LeaderElection59: begin an election at term 1 for -1: [3b4395ff-7170-4f5e-aab6-083691153c36:192.168.30.18:37608], old=null
2019-10-01 12:54:25,680 [3b4395ff-7170-4f5e-aab6-083691153c36@group-D97C640C813A-LeaderElection59] INFO  impl.RoleInfo (RoleInfo.java:shutdownLeaderElection(134)) - 3b4395ff-7170-4f5e-aab6-083691153c36: shutdown LeaderElection
2019-10-01 12:54:25,680 [3b4395ff-7170-4f5e-aab6-083691153c36@group-D97C640C813A-LeaderElection59] INFO  impl.RaftServerImpl (RaftServerImpl.java:setRole(170)) - 3b4395ff-7170-4f5e-aab6-083691153c36@group-D97C640C813A: changes role from CANDIDATE to LEADER at term 1 for changeToLeader
2019-10-01 12:54:25,681 [3b4395ff-7170-4f5e-aab6-083691153c36@group-D97C640C813A-LeaderElection59] INFO  impl.RaftServerImpl (ServerState.java:setLeader(255)) - 3b4395ff-7170-4f5e-aab6-083691153c36@group-D97C640C813A: change Leader from null to 3b4395ff-7170-4f5e-aab6-083691153c36 at term 1 for becomeLeader, leader elected after 5117ms
2019-10-01 12:54:25,681 [3b4395ff-7170-4f5e-aab6-083691153c36@group-D97C640C813A-LeaderElection59] INFO  server.RaftServerConfigKeys (ConfUtils.java:logGet(43)) - raft.server.staging.catchup.gap = 1000 (default)
2019-10-01 12:54:25,681 [3b4395ff-7170-4f5e-aab6-083691153c36@group-D97C640C813A-LeaderElection59] INFO  server.RaftServerConfigKeys (ConfUtils.java:logGet(43)) - raft.server.rpc.sleep.time = 25ms (default)
2019-10-01 12:54:25,682 [3b4395ff-7170-4f5e-aab6-083691153c36@group-D97C640C813A-LeaderElection59] INFO  server.RaftServerConfigKeys (ConfUtils.java:logGet(43)) - raft.server.write.element-limit = 4096 (default)
2019-10-01 12:54:25,682 [3b4395ff-7170-4f5e-aab6-083691153c36@group-D97C640C813A-LeaderElection59] INFO  server.RaftServerConfigKeys (ConfUtils.java:logGet(43)) - raft.server.watch.timeout = 10s (default)
2019-10-01 12:54:25,682 [3b4395ff-7170-4f5e-aab6-083691153c36@group-D97C640C813A-LeaderElection59] INFO  server.RaftServerConfigKeys (ConfUtils.java:logGet(43)) - raft.server.watch.timeout.denomination = 1s (default)
2019-10-01 12:54:25,683 [3b4395ff-7170-4f5e-aab6-083691153c36@group-D97C640C813A-LeaderElection59] INFO  server.RaftServerConfigKeys (ConfUtils.java:logGet(43)) - raft.server.watch.element-limit = 65536 (default)
2019-10-01 12:54:25,686 [3b4395ff-7170-4f5e-aab6-083691153c36@group-D97C640C813A-LeaderElection59] INFO  impl.RoleInfo (RoleInfo.java:updateAndGet(143)) - 3b4395ff-7170-4f5e-aab6-083691153c36: start LeaderState
2019-10-01 12:54:25,687 [3b4395ff-7170-4f5e-aab6-083691153c36@group-D97C640C813A-LeaderElection59] INFO  segmented.SegmentedRaftLogWorker (SegmentedRaftLogWorker.java:startLogSegment(385)) - 3b4395ff-7170-4f5e-aab6-083691153c36@group-D97C640C813A-SegmentedRaftLogWorker: Starting segment from index:0
2019-10-01 12:54:25,688 [3b4395ff-7170-4f5e-aab6-083691153c36@group-D97C640C813A-LeaderElection59] INFO  impl.RaftServerImpl (ServerState.java:setRaftConf(356)) - 3b4395ff-7170-4f5e-aab6-083691153c36@group-D97C640C813A: set configuration 0: [3b4395ff-7170-4f5e-aab6-083691153c36:192.168.30.18:37608], old=null at 0
2019-10-01 12:54:25,747 [3b4395ff-7170-4f5e-aab6-083691153c36@group-D97C640C813A-SegmentedRaftLogWorker] INFO  segmented.SegmentedRaftLogWorker (SegmentedRaftLogWorker.java:execute(574)) - 3b4395ff-7170-4f5e-aab6-083691153c36@group-D97C640C813A-SegmentedRaftLogWorker: created new log segment /workdir/hadoop-ozone/integration-test/target/test-dir/MiniOzoneClusterImpl-172552fd-4063-465f-9fdc-360652729e87/datanode-0/data/ratis/106729e9-dc57-4bad-9623-d97c640c813a/current/log_inprogress_0
2019-10-01 12:54:25,764 [Thread-2363] INFO  impl.FollowerState (FollowerState.java:run(108)) - e011a184-2914-49de-9b02-5fdc9c9d0795@group-D985A1D92FFB-FollowerState: change to CANDIDATE, lastRpcTime:5043ms, electionTimeout:5043ms
2019-10-01 12:54:25,765 [Thread-2363] INFO  impl.RoleInfo (RoleInfo.java:shutdownFollowerState(121)) - e011a184-2914-49de-9b02-5fdc9c9d0795: shutdown FollowerState
2019-10-01 12:54:25,765 [Thread-2363] INFO  impl.RaftServerImpl (RaftServerImpl.java:setRole(170)) - e011a184-2914-49de-9b02-5fdc9c9d0795@group-D985A1D92FFB: changes role from  FOLLOWER to CANDIDATE at term 0 for changeToCandidate
2019-10-01 12:54:25,765 [Thread-2363] INFO  impl.RoleInfo (RoleInfo.java:updateAndGet(143)) - e011a184-2914-49de-9b02-5fdc9c9d0795: start LeaderElection
2019-10-01 12:54:25,795 [Thread-2360] INFO  impl.FollowerState (FollowerState.java:run(108)) - a397d865-6cf2-4267-83e8-08b424a8be10@group-1520F4BD01BA-FollowerState: change to CANDIDATE, lastRpcTime:5139ms, electionTimeout:5139ms
2019-10-01 12:54:25,795 [Thread-2360] INFO  impl.RoleInfo (RoleInfo.java:shutdownFollowerState(121)) - a397d865-6cf2-4267-83e8-08b424a8be10: shutdown FollowerState
2019-10-01 12:54:25,795 [Thread-2360] INFO  impl.RaftServerImpl (RaftServerImpl.java:setRole(170)) - a397d865-6cf2-4267-83e8-08b424a8be10@group-1520F4BD01BA: changes role from  FOLLOWER to CANDIDATE at term 0 for changeToCandidate
2019-10-01 12:54:25,795 [Thread-2360] INFO  impl.RoleInfo (RoleInfo.java:updateAndGet(143)) - a397d865-6cf2-4267-83e8-08b424a8be10: start LeaderElection
2019-10-01 12:54:25,799 [e011a184-2914-49de-9b02-5fdc9c9d0795@group-D985A1D92FFB-LeaderElection60] INFO  impl.LeaderElection (LeaderElection.java:askForVotes(178)) - e011a184-2914-49de-9b02-5fdc9c9d0795@group-D985A1D92FFB-LeaderElection60: begin an election at term 1 for -1: [e011a184-2914-49de-9b02-5fdc9c9d0795:192.168.30.18:37621], old=null
2019-10-01 12:54:25,802 [e011a184-2914-49de-9b02-5fdc9c9d0795@group-D985A1D92FFB-LeaderElection60] INFO  impl.RoleInfo (RoleInfo.java:shutdownLeaderElection(134)) - e011a184-2914-49de-9b02-5fdc9c9d0795: shutdown LeaderElection
2019-10-01 12:54:25,803 [e011a184-2914-49de-9b02-5fdc9c9d0795@group-D985A1D92FFB-LeaderElection60] INFO  impl.RaftServerImpl (RaftServerImpl.java:setRole(170)) - e011a184-2914-49de-9b02-5fdc9c9d0795@group-D985A1D92FFB: changes role from CANDIDATE to LEADER at term 1 for changeToLeader
2019-10-01 12:54:25,803 [e011a184-2914-49de-9b02-5fdc9c9d0795@group-D985A1D92FFB-LeaderElection60] INFO  impl.RaftServerImpl (ServerState.java:setLeader(255)) - e011a184-2914-49de-9b02-5fdc9c9d0795@group-D985A1D92FFB: change Leader from null to e011a184-2914-49de-9b02-5fdc9c9d0795 at term 1 for becomeLeader, leader elected after 5087ms
2019-10-01 12:54:25,803 [e011a184-2914-49de-9b02-5fdc9c9d0795@group-D985A1D92FFB-LeaderElection60] INFO  server.RaftServerConfigKeys (ConfUtils.java:logGet(43)) - raft.server.staging.catchup.gap = 1000 (default)
2019-10-01 12:54:25,803 [e011a184-2914-49de-9b02-5fdc9c9d0795@group-D985A1D92FFB-LeaderElection60] INFO  server.RaftServerConfigKeys (ConfUtils.java:logGet(43)) - raft.server.rpc.sleep.time = 25ms (default)
2019-10-01 12:54:25,803 [e011a184-2914-49de-9b02-5fdc9c9d0795@group-D985A1D92FFB-LeaderElection60] INFO  server.RaftServerConfigKeys (ConfUtils.java:logGet(43)) - raft.server.write.element-limit = 4096 (default)
2019-10-01 12:54:25,803 [e011a184-2914-49de-9b02-5fdc9c9d0795@group-D985A1D92FFB-LeaderElection60] INFO  server.RaftServerConfigKeys (ConfUtils.java:logGet(43)) - raft.server.watch.timeout = 10s (default)
2019-10-01 12:54:25,804 [e011a184-2914-49de-9b02-5fdc9c9d0795@group-D985A1D92FFB-LeaderElection60] INFO  server.RaftServerConfigKeys (ConfUtils.java:logGet(43)) - raft.server.watch.timeout.denomination = 1s (default)
2019-10-01 12:54:25,804 [e011a184-2914-49de-9b02-5fdc9c9d0795@group-D985A1D92FFB-LeaderElection60] INFO  server.RaftServerConfigKeys (ConfUtils.java:logGet(43)) - raft.server.watch.element-limit = 65536 (default)
2019-10-01 12:54:25,806 [e011a184-2914-49de-9b02-5fdc9c9d0795@group-D985A1D92FFB-LeaderElection60] INFO  impl.RoleInfo (RoleInfo.java:updateAndGet(143)) - e011a184-2914-49de-9b02-5fdc9c9d0795: start LeaderState
2019-10-01 12:54:25,806 [e011a184-2914-49de-9b02-5fdc9c9d0795@group-D985A1D92FFB-LeaderElection60] INFO  segmented.SegmentedRaftLogWorker (SegmentedRaftLogWorker.java:startLogSegment(385)) - e011a184-2914-49de-9b02-5fdc9c9d0795@group-D985A1D92FFB-SegmentedRaftLogWorker: Starting segment from index:0
2019-10-01 12:54:25,807 [e011a184-2914-49de-9b02-5fdc9c9d0795@group-D985A1D92FFB-LeaderElection60] INFO  impl.RaftServerImpl (ServerState.java:setRaftConf(356)) - e011a184-2914-49de-9b02-5fdc9c9d0795@group-D985A1D92FFB: set configuration 0: [e011a184-2914-49de-9b02-5fdc9c9d0795:192.168.30.18:37621], old=null at 0
2019-10-01 12:54:25,807 [Thread-2366] INFO  impl.FollowerState (FollowerState.java:run(108)) - 72e83067-4828-4e86-aed9-55690cfce197@group-8C228C8902DB-FollowerState: change to CANDIDATE, lastRpcTime:5035ms, electionTimeout:5035ms
2019-10-01 12:54:25,807 [Thread-2366] INFO  impl.RoleInfo (RoleInfo.java:shutdownFollowerState(121)) - 72e83067-4828-4e86-aed9-55690cfce197: shutdown FollowerState
2019-10-01 12:54:25,807 [Thread-2366] INFO  impl.RaftServerImpl (RaftServerImpl.java:setRole(170)) - 72e83067-4828-4e86-aed9-55690cfce197@group-8C228C8902DB: changes role from  FOLLOWER to CANDIDATE at term 0 for changeToCandidate
2019-10-01 12:54:25,807 [Thread-2366] INFO  impl.RoleInfo (RoleInfo.java:updateAndGet(143)) - 72e83067-4828-4e86-aed9-55690cfce197: start LeaderElection
2019-10-01 12:54:25,843 [a397d865-6cf2-4267-83e8-08b424a8be10@group-1520F4BD01BA-LeaderElection61] INFO  impl.LeaderElection (LeaderElection.java:askForVotes(178)) - a397d865-6cf2-4267-83e8-08b424a8be10@group-1520F4BD01BA-LeaderElection61: begin an election at term 1 for -1: [a397d865-6cf2-4267-83e8-08b424a8be10:192.168.30.18:37731], old=null
2019-10-01 12:54:25,847 [a397d865-6cf2-4267-83e8-08b424a8be10@group-1520F4BD01BA-LeaderElection61] INFO  impl.RoleInfo (RoleInfo.java:shutdownLeaderElection(134)) - a397d865-6cf2-4267-83e8-08b424a8be10: shutdown LeaderElection
2019-10-01 12:54:25,848 [a397d865-6cf2-4267-83e8-08b424a8be10@group-1520F4BD01BA-LeaderElection61] INFO  impl.RaftServerImpl (RaftServerImpl.java:setRole(170)) - a397d865-6cf2-4267-83e8-08b424a8be10@group-1520F4BD01BA: changes role from CANDIDATE to LEADER at term 1 for changeToLeader
2019-10-01 12:54:25,848 [a397d865-6cf2-4267-83e8-08b424a8be10@group-1520F4BD01BA-LeaderElection61] INFO  impl.RaftServerImpl (ServerState.java:setLeader(255)) - a397d865-6cf2-4267-83e8-08b424a8be10@group-1520F4BD01BA: change Leader from null to a397d865-6cf2-4267-83e8-08b424a8be10 at term 1 for becomeLeader, leader elected after 5200ms
2019-10-01 12:54:25,848 [a397d865-6cf2-4267-83e8-08b424a8be10@group-1520F4BD01BA-LeaderElection61] INFO  server.RaftServerConfigKeys (ConfUtils.java:logGet(43)) - raft.server.staging.catchup.gap = 1000 (default)
2019-10-01 12:54:25,848 [a397d865-6cf2-4267-83e8-08b424a8be10@group-1520F4BD01BA-LeaderElection61] INFO  server.RaftServerConfigKeys (ConfUtils.java:logGet(43)) - raft.server.rpc.sleep.time = 25ms (default)
2019-10-01 12:54:25,848 [a397d865-6cf2-4267-83e8-08b424a8be10@group-1520F4BD01BA-LeaderElection61] INFO  server.RaftServerConfigKeys (ConfUtils.java:logGet(43)) - raft.server.write.element-limit = 4096 (default)
2019-10-01 12:54:25,849 [a397d865-6cf2-4267-83e8-08b424a8be10@group-1520F4BD01BA-LeaderElection61] INFO  server.RaftServerConfigKeys (ConfUtils.java:logGet(43)) - raft.server.watch.timeout = 10s (default)
2019-10-01 12:54:25,849 [a397d865-6cf2-4267-83e8-08b424a8be10@group-1520F4BD01BA-LeaderElection61] INFO  server.RaftServerConfigKeys (ConfUtils.java:logGet(43)) - raft.server.watch.timeout.denomination = 1s (default)
2019-10-01 12:54:25,849 [a397d865-6cf2-4267-83e8-08b424a8be10@group-1520F4BD01BA-LeaderElection61] INFO  server.RaftServerConfigKeys (ConfUtils.java:logGet(43)) - raft.server.watch.element-limit = 65536 (default)
2019-10-01 12:54:25,851 [a397d865-6cf2-4267-83e8-08b424a8be10@group-1520F4BD01BA-LeaderElection61] INFO  impl.RoleInfo (RoleInfo.java:updateAndGet(143)) - a397d865-6cf2-4267-83e8-08b424a8be10: start LeaderState
2019-10-01 12:54:25,852 [a397d865-6cf2-4267-83e8-08b424a8be10@group-1520F4BD01BA-LeaderElection61] INFO  segmented.SegmentedRaftLogWorker (SegmentedRaftLogWorker.java:startLogSegment(385)) - a397d865-6cf2-4267-83e8-08b424a8be10@group-1520F4BD01BA-SegmentedRaftLogWorker: Starting segment from index:0
2019-10-01 12:54:25,852 [a397d865-6cf2-4267-83e8-08b424a8be10@group-1520F4BD01BA-LeaderElection61] INFO  impl.RaftServerImpl (ServerState.java:setRaftConf(356)) - a397d865-6cf2-4267-83e8-08b424a8be10@group-1520F4BD01BA: set configuration 0: [a397d865-6cf2-4267-83e8-08b424a8be10:192.168.30.18:37731], old=null at 0
2019-10-01 12:54:25,865 [e011a184-2914-49de-9b02-5fdc9c9d0795@group-D985A1D92FFB-SegmentedRaftLogWorker] INFO  segmented.SegmentedRaftLogWorker (SegmentedRaftLogWorker.java:execute(574)) - e011a184-2914-49de-9b02-5fdc9c9d0795@group-D985A1D92FFB-SegmentedRaftLogWorker: created new log segment /workdir/hadoop-ozone/integration-test/target/test-dir/MiniOzoneClusterImpl-172552fd-4063-465f-9fdc-360652729e87/datanode-2/data/ratis/3b4bb3cb-5337-4ab2-8e47-d985a1d92ffb/current/log_inprogress_0
2019-10-01 12:54:25,865 [72e83067-4828-4e86-aed9-55690cfce197@group-8C228C8902DB-LeaderElection62] INFO  impl.LeaderElection (LeaderElection.java:askForVotes(178)) - 72e83067-4828-4e86-aed9-55690cfce197@group-8C228C8902DB-LeaderElection62: begin an election at term 1 for -1: [72e83067-4828-4e86-aed9-55690cfce197:192.168.30.18:38890], old=null
2019-10-01 12:54:25,865 [72e83067-4828-4e86-aed9-55690cfce197@group-8C228C8902DB-LeaderElection62] INFO  impl.RoleInfo (RoleInfo.java:shutdownLeaderElection(134)) - 72e83067-4828-4e86-aed9-55690cfce197: shutdown LeaderElection
2019-10-01 12:54:25,865 [Thread-2369] INFO  impl.FollowerState (FollowerState.java:run(108)) - dab4144a-9476-4dd0-b84f-0a5943d57765@group-DC26711C6595-FollowerState: change to CANDIDATE, lastRpcTime:5034ms, electionTimeout:5034ms
2019-10-01 12:54:25,865 [72e83067-4828-4e86-aed9-55690cfce197@group-8C228C8902DB-LeaderElection62] INFO  impl.RaftServerImpl (RaftServerImpl.java:setRole(170)) - 72e83067-4828-4e86-aed9-55690cfce197@group-8C228C8902DB: changes role from CANDIDATE to LEADER at term 1 for changeToLeader
2019-10-01 12:54:25,865 [Thread-2369] INFO  impl.RoleInfo (RoleInfo.java:shutdownFollowerState(121)) - dab4144a-9476-4dd0-b84f-0a5943d57765: shutdown FollowerState
2019-10-01 12:54:25,865 [72e83067-4828-4e86-aed9-55690cfce197@group-8C228C8902DB-LeaderElection62] INFO  impl.RaftServerImpl (ServerState.java:setLeader(255)) - 72e83067-4828-4e86-aed9-55690cfce197@group-8C228C8902DB: change Leader from null to 72e83067-4828-4e86-aed9-55690cfce197 at term 1 for becomeLeader, leader elected after 5099ms
2019-10-01 12:54:25,865 [Thread-2369] INFO  impl.RaftServerImpl (RaftServerImpl.java:setRole(170)) - dab4144a-9476-4dd0-b84f-0a5943d57765@group-DC26711C6595: changes role from  FOLLOWER to CANDIDATE at term 0 for changeToCandidate
2019-10-01 12:54:25,866 [72e83067-4828-4e86-aed9-55690cfce197@group-8C228C8902DB-LeaderElection62] INFO  server.RaftServerConfigKeys (ConfUtils.java:logGet(43)) - raft.server.staging.catchup.gap = 1000 (default)
2019-10-01 12:54:25,866 [Thread-2369] INFO  impl.RoleInfo (RoleInfo.java:updateAndGet(143)) - dab4144a-9476-4dd0-b84f-0a5943d57765: start LeaderElection
2019-10-01 12:54:25,866 [72e83067-4828-4e86-aed9-55690cfce197@group-8C228C8902DB-LeaderElection62] INFO  server.RaftServerConfigKeys (ConfUtils.java:logGet(43)) - raft.server.rpc.sleep.time = 25ms (default)
2019-10-01 12:54:25,886 [72e83067-4828-4e86-aed9-55690cfce197@group-8C228C8902DB-LeaderElection62] INFO  server.RaftServerConfigKeys (ConfUtils.java:logGet(43)) - raft.server.write.element-limit = 4096 (default)
2019-10-01 12:54:25,889 [72e83067-4828-4e86-aed9-55690cfce197@group-8C228C8902DB-LeaderElection62] INFO  server.RaftServerConfigKeys (ConfUtils.java:logGet(43)) - raft.server.watch.timeout = 10s (default)
2019-10-01 12:54:25,889 [72e83067-4828-4e86-aed9-55690cfce197@group-8C228C8902DB-LeaderElection62] INFO  server.RaftServerConfigKeys (ConfUtils.java:logGet(43)) - raft.server.watch.timeout.denomination = 1s (default)
2019-10-01 12:54:25,890 [72e83067-4828-4e86-aed9-55690cfce197@group-8C228C8902DB-LeaderElection62] INFO  server.RaftServerConfigKeys (ConfUtils.java:logGet(43)) - raft.server.watch.element-limit = 65536 (default)
2019-10-01 12:54:25,892 [72e83067-4828-4e86-aed9-55690cfce197@group-8C228C8902DB-LeaderElection62] INFO  impl.RoleInfo (RoleInfo.java:updateAndGet(143)) - 72e83067-4828-4e86-aed9-55690cfce197: start LeaderState
2019-10-01 12:54:25,893 [72e83067-4828-4e86-aed9-55690cfce197@group-8C228C8902DB-LeaderElection62] INFO  segmented.SegmentedRaftLogWorker (SegmentedRaftLogWorker.java:startLogSegment(385)) - 72e83067-4828-4e86-aed9-55690cfce197@group-8C228C8902DB-SegmentedRaftLogWorker: Starting segment from index:0
2019-10-01 12:54:25,893 [72e83067-4828-4e86-aed9-55690cfce197@group-8C228C8902DB-LeaderElection62] INFO  impl.RaftServerImpl (ServerState.java:setRaftConf(356)) - 72e83067-4828-4e86-aed9-55690cfce197@group-8C228C8902DB: set configuration 0: [72e83067-4828-4e86-aed9-55690cfce197:192.168.30.18:38890], old=null at 0
2019-10-01 12:54:25,898 [a397d865-6cf2-4267-83e8-08b424a8be10@group-1520F4BD01BA-SegmentedRaftLogWorker] INFO  segmented.SegmentedRaftLogWorker (SegmentedRaftLogWorker.java:execute(574)) - a397d865-6cf2-4267-83e8-08b424a8be10@group-1520F4BD01BA-SegmentedRaftLogWorker: created new log segment /workdir/hadoop-ozone/integration-test/target/test-dir/MiniOzoneClusterImpl-172552fd-4063-465f-9fdc-360652729e87/datanode-1/data/ratis/de0bd472-c5e1-4466-8c99-1520f4bd01ba/current/log_inprogress_0
2019-10-01 12:54:25,915 [dab4144a-9476-4dd0-b84f-0a5943d57765@group-DC26711C6595-LeaderElection63] INFO  impl.LeaderElection (LeaderElection.java:askForVotes(178)) - dab4144a-9476-4dd0-b84f-0a5943d57765@group-DC26711C6595-LeaderElection63: begin an election at term 1 for -1: [dab4144a-9476-4dd0-b84f-0a5943d57765:192.168.30.18:42590], old=null
2019-10-01 12:54:25,915 [dab4144a-9476-4dd0-b84f-0a5943d57765@group-DC26711C6595-LeaderElection63] INFO  impl.RoleInfo (RoleInfo.java:shutdownLeaderElection(134)) - dab4144a-9476-4dd0-b84f-0a5943d57765: shutdown LeaderElection
2019-10-01 12:54:25,916 [dab4144a-9476-4dd0-b84f-0a5943d57765@group-DC26711C6595-LeaderElection63] INFO  impl.RaftServerImpl (RaftServerImpl.java:setRole(170)) - dab4144a-9476-4dd0-b84f-0a5943d57765@group-DC26711C6595: changes role from CANDIDATE to LEADER at term 1 for changeToLeader
2019-10-01 12:54:25,916 [dab4144a-9476-4dd0-b84f-0a5943d57765@group-DC26711C6595-LeaderElection63] INFO  impl.RaftServerImpl (ServerState.java:setLeader(255)) - dab4144a-9476-4dd0-b84f-0a5943d57765@group-DC26711C6595: change Leader from null to dab4144a-9476-4dd0-b84f-0a5943d57765 at term 1 for becomeLeader, leader elected after 5091ms
2019-10-01 12:54:25,916 [dab4144a-9476-4dd0-b84f-0a5943d57765@group-DC26711C6595-LeaderElection63] INFO  server.RaftServerConfigKeys (ConfUtils.java:logGet(43)) - raft.server.staging.catchup.gap = 1000 (default)
2019-10-01 12:54:25,916 [dab4144a-9476-4dd0-b84f-0a5943d57765@group-DC26711C6595-LeaderElection63] INFO  server.RaftServerConfigKeys (ConfUtils.java:logGet(43)) - raft.server.rpc.sleep.time = 25ms (default)
2019-10-01 12:54:25,916 [dab4144a-9476-4dd0-b84f-0a5943d57765@group-DC26711C6595-LeaderElection63] INFO  server.RaftServerConfigKeys (ConfUtils.java:logGet(43)) - raft.server.write.element-limit = 4096 (default)
2019-10-01 12:54:25,916 [dab4144a-9476-4dd0-b84f-0a5943d57765@group-DC26711C6595-LeaderElection63] INFO  server.RaftServerConfigKeys (ConfUtils.java:logGet(43)) - raft.server.watch.timeout = 10s (default)
2019-10-01 12:54:25,916 [dab4144a-9476-4dd0-b84f-0a5943d57765@group-DC26711C6595-LeaderElection63] INFO  server.RaftServerConfigKeys (ConfUtils.java:logGet(43)) - raft.server.watch.timeout.denomination = 1s (default)
2019-10-01 12:54:25,917 [dab4144a-9476-4dd0-b84f-0a5943d57765@group-DC26711C6595-LeaderElection63] INFO  server.RaftServerConfigKeys (ConfUtils.java:logGet(43)) - raft.server.watch.element-limit = 65536 (default)
2019-10-01 12:54:25,918 [dab4144a-9476-4dd0-b84f-0a5943d57765@group-DC26711C6595-LeaderElection63] INFO  impl.RoleInfo (RoleInfo.java:updateAndGet(143)) - dab4144a-9476-4dd0-b84f-0a5943d57765: start LeaderState
2019-10-01 12:54:25,919 [dab4144a-9476-4dd0-b84f-0a5943d57765@group-DC26711C6595-LeaderElection63] INFO  segmented.SegmentedRaftLogWorker (SegmentedRaftLogWorker.java:startLogSegment(385)) - dab4144a-9476-4dd0-b84f-0a5943d57765@group-DC26711C6595-SegmentedRaftLogWorker: Starting segment from index:0
2019-10-01 12:54:25,919 [dab4144a-9476-4dd0-b84f-0a5943d57765@group-DC26711C6595-LeaderElection63] INFO  impl.RaftServerImpl (ServerState.java:setRaftConf(356)) - dab4144a-9476-4dd0-b84f-0a5943d57765@group-DC26711C6595: set configuration 0: [dab4144a-9476-4dd0-b84f-0a5943d57765:192.168.30.18:42590], old=null at 0
2019-10-01 12:54:25,949 [72e83067-4828-4e86-aed9-55690cfce197@group-8C228C8902DB-SegmentedRaftLogWorker] INFO  segmented.SegmentedRaftLogWorker (SegmentedRaftLogWorker.java:execute(574)) - 72e83067-4828-4e86-aed9-55690cfce197@group-8C228C8902DB-SegmentedRaftLogWorker: created new log segment /workdir/hadoop-ozone/integration-test/target/test-dir/MiniOzoneClusterImpl-172552fd-4063-465f-9fdc-360652729e87/datanode-3/data/ratis/8c45291d-b7d7-4f77-9860-8c228c8902db/current/log_inprogress_0
2019-10-01 12:54:25,974 [dab4144a-9476-4dd0-b84f-0a5943d57765@group-DC26711C6595-SegmentedRaftLogWorker] INFO  segmented.SegmentedRaftLogWorker (SegmentedRaftLogWorker.java:execute(574)) - dab4144a-9476-4dd0-b84f-0a5943d57765@group-DC26711C6595-SegmentedRaftLogWorker: created new log segment /workdir/hadoop-ozone/integration-test/target/test-dir/MiniOzoneClusterImpl-172552fd-4063-465f-9fdc-360652729e87/datanode-4/data/ratis/f99b7c9c-2fdf-42b3-9b69-dc26711c6595/current/log_inprogress_0
2019-10-01 12:54:26,007 [Thread-2372] INFO  impl.FollowerState (FollowerState.java:run(108)) - ad419d34-b601-4139-86fd-2cbfdce74da6@group-5A68A190D67E-FollowerState: change to CANDIDATE, lastRpcTime:5101ms, electionTimeout:5101ms
2019-10-01 12:54:26,007 [Thread-2372] INFO  impl.RoleInfo (RoleInfo.java:shutdownFollowerState(121)) - ad419d34-b601-4139-86fd-2cbfdce74da6: shutdown FollowerState
2019-10-01 12:54:26,007 [Thread-2372] INFO  impl.RaftServerImpl (RaftServerImpl.java:setRole(170)) - ad419d34-b601-4139-86fd-2cbfdce74da6@group-5A68A190D67E: changes role from  FOLLOWER to CANDIDATE at term 0 for changeToCandidate
2019-10-01 12:54:26,008 [Thread-2372] INFO  impl.RoleInfo (RoleInfo.java:updateAndGet(143)) - ad419d34-b601-4139-86fd-2cbfdce74da6: start LeaderElection
2019-10-01 12:54:26,041 [ad419d34-b601-4139-86fd-2cbfdce74da6@group-5A68A190D67E-LeaderElection64] INFO  impl.LeaderElection (LeaderElection.java:askForVotes(178)) - ad419d34-b601-4139-86fd-2cbfdce74da6@group-5A68A190D67E-LeaderElection64: begin an election at term 1 for -1: [ad419d34-b601-4139-86fd-2cbfdce74da6:192.168.30.18:39412], old=null
2019-10-01 12:54:26,042 [ad419d34-b601-4139-86fd-2cbfdce74da6@group-5A68A190D67E-LeaderElection64] INFO  impl.RoleInfo (RoleInfo.java:shutdownLeaderElection(134)) - ad419d34-b601-4139-86fd-2cbfdce74da6: shutdown LeaderElection
2019-10-01 12:54:26,042 [ad419d34-b601-4139-86fd-2cbfdce74da6@group-5A68A190D67E-LeaderElection64] INFO  impl.RaftServerImpl (RaftServerImpl.java:setRole(170)) - ad419d34-b601-4139-86fd-2cbfdce74da6@group-5A68A190D67E: changes role from CANDIDATE to LEADER at term 1 for changeToLeader
2019-10-01 12:54:26,042 [ad419d34-b601-4139-86fd-2cbfdce74da6@group-5A68A190D67E-LeaderElection64] INFO  impl.RaftServerImpl (ServerState.java:setLeader(255)) - ad419d34-b601-4139-86fd-2cbfdce74da6@group-5A68A190D67E: change Leader from null to ad419d34-b601-4139-86fd-2cbfdce74da6 at term 1 for becomeLeader, leader elected after 5141ms
2019-10-01 12:54:26,042 [ad419d34-b601-4139-86fd-2cbfdce74da6@group-5A68A190D67E-LeaderElection64] INFO  server.RaftServerConfigKeys (ConfUtils.java:logGet(43)) - raft.server.staging.catchup.gap = 1000 (default)
2019-10-01 12:54:26,042 [ad419d34-b601-4139-86fd-2cbfdce74da6@group-5A68A190D67E-LeaderElection64] INFO  server.RaftServerConfigKeys (ConfUtils.java:logGet(43)) - raft.server.rpc.sleep.time = 25ms (default)
2019-10-01 12:54:26,042 [ad419d34-b601-4139-86fd-2cbfdce74da6@group-5A68A190D67E-LeaderElection64] INFO  server.RaftServerConfigKeys (ConfUtils.java:logGet(43)) - raft.server.write.element-limit = 4096 (default)
2019-10-01 12:54:26,042 [ad419d34-b601-4139-86fd-2cbfdce74da6@group-5A68A190D67E-LeaderElection64] INFO  server.RaftServerConfigKeys (ConfUtils.java:logGet(43)) - raft.server.watch.timeout = 10s (default)
2019-10-01 12:54:26,043 [ad419d34-b601-4139-86fd-2cbfdce74da6@group-5A68A190D67E-LeaderElection64] INFO  server.RaftServerConfigKeys (ConfUtils.java:logGet(43)) - raft.server.watch.timeout.denomination = 1s (default)
2019-10-01 12:54:26,043 [ad419d34-b601-4139-86fd-2cbfdce74da6@group-5A68A190D67E-LeaderElection64] INFO  server.RaftServerConfigKeys (ConfUtils.java:logGet(43)) - raft.server.watch.element-limit = 65536 (default)
2019-10-01 12:54:26,045 [ad419d34-b601-4139-86fd-2cbfdce74da6@group-5A68A190D67E-LeaderElection64] INFO  impl.RoleInfo (RoleInfo.java:updateAndGet(143)) - ad419d34-b601-4139-86fd-2cbfdce74da6: start LeaderState
2019-10-01 12:54:26,045 [ad419d34-b601-4139-86fd-2cbfdce74da6@group-5A68A190D67E-LeaderElection64] INFO  segmented.SegmentedRaftLogWorker (SegmentedRaftLogWorker.java:startLogSegment(385)) - ad419d34-b601-4139-86fd-2cbfdce74da6@group-5A68A190D67E-SegmentedRaftLogWorker: Starting segment from index:0
2019-10-01 12:54:26,045 [ad419d34-b601-4139-86fd-2cbfdce74da6@group-5A68A190D67E-LeaderElection64] INFO  impl.RaftServerImpl (ServerState.java:setRaftConf(356)) - ad419d34-b601-4139-86fd-2cbfdce74da6@group-5A68A190D67E: set configuration 0: [ad419d34-b601-4139-86fd-2cbfdce74da6:192.168.30.18:39412], old=null at 0
2019-10-01 12:54:26,100 [ad419d34-b601-4139-86fd-2cbfdce74da6@group-5A68A190D67E-SegmentedRaftLogWorker] INFO  segmented.SegmentedRaftLogWorker (SegmentedRaftLogWorker.java:execute(574)) - ad419d34-b601-4139-86fd-2cbfdce74da6@group-5A68A190D67E-SegmentedRaftLogWorker: created new log segment /workdir/hadoop-ozone/integration-test/target/test-dir/MiniOzoneClusterImpl-172552fd-4063-465f-9fdc-360652729e87/datanode-5/data/ratis/e2e06dd2-bec6-4256-a811-5a68a190d67e/current/log_inprogress_0
2019-10-01 12:54:26,154 [Thread-2377] INFO  impl.FollowerState (FollowerState.java:run(108)) - 77d194ee-dd30-4caa-8c45-d1c65226b013@group-3A6577FB21F7-FollowerState: change to CANDIDATE, lastRpcTime:5153ms, electionTimeout:5153ms
2019-10-01 12:54:26,154 [Thread-2377] INFO  impl.RoleInfo (RoleInfo.java:shutdownFollowerState(121)) - 77d194ee-dd30-4caa-8c45-d1c65226b013: shutdown FollowerState
2019-10-01 12:54:26,155 [Thread-2377] INFO  impl.RaftServerImpl (RaftServerImpl.java:setRole(170)) - 77d194ee-dd30-4caa-8c45-d1c65226b013@group-3A6577FB21F7: changes role from  FOLLOWER to CANDIDATE at term 0 for changeToCandidate
2019-10-01 12:54:26,155 [Thread-2377] INFO  impl.RoleInfo (RoleInfo.java:updateAndGet(143)) - 77d194ee-dd30-4caa-8c45-d1c65226b013: start LeaderElection
2019-10-01 12:54:26,184 [77d194ee-dd30-4caa-8c45-d1c65226b013@group-3A6577FB21F7-LeaderElection65] INFO  impl.LeaderElection (LeaderElection.java:askForVotes(178)) - 77d194ee-dd30-4caa-8c45-d1c65226b013@group-3A6577FB21F7-LeaderElection65: begin an election at term 1 for -1: [77d194ee-dd30-4caa-8c45-d1c65226b013:192.168.30.18:36476], old=null
2019-10-01 12:54:26,184 [77d194ee-dd30-4caa-8c45-d1c65226b013@group-3A6577FB21F7-LeaderElection65] INFO  impl.RoleInfo (RoleInfo.java:shutdownLeaderElection(134)) - 77d194ee-dd30-4caa-8c45-d1c65226b013: shutdown LeaderElection
2019-10-01 12:54:26,184 [77d194ee-dd30-4caa-8c45-d1c65226b013@group-3A6577FB21F7-LeaderElection65] INFO  impl.RaftServerImpl (RaftServerImpl.java:setRole(170)) - 77d194ee-dd30-4caa-8c45-d1c65226b013@group-3A6577FB21F7: changes role from CANDIDATE to LEADER at term 1 for changeToLeader
2019-10-01 12:54:26,184 [77d194ee-dd30-4caa-8c45-d1c65226b013@group-3A6577FB21F7-LeaderElection65] INFO  impl.RaftServerImpl (ServerState.java:setLeader(255)) - 77d194ee-dd30-4caa-8c45-d1c65226b013@group-3A6577FB21F7: change Leader from null to 77d194ee-dd30-4caa-8c45-d1c65226b013 at term 1 for becomeLeader, leader elected after 5190ms
2019-10-01 12:54:26,184 [77d194ee-dd30-4caa-8c45-d1c65226b013@group-3A6577FB21F7-LeaderElection65] INFO  server.RaftServerConfigKeys (ConfUtils.java:logGet(43)) - raft.server.staging.catchup.gap = 1000 (default)
2019-10-01 12:54:26,185 [77d194ee-dd30-4caa-8c45-d1c65226b013@group-3A6577FB21F7-LeaderElection65] INFO  server.RaftServerConfigKeys (ConfUtils.java:logGet(43)) - raft.server.rpc.sleep.time = 25ms (default)
2019-10-01 12:54:26,185 [77d194ee-dd30-4caa-8c45-d1c65226b013@group-3A6577FB21F7-LeaderElection65] INFO  server.RaftServerConfigKeys (ConfUtils.java:logGet(43)) - raft.server.write.element-limit = 4096 (default)
2019-10-01 12:54:26,185 [77d194ee-dd30-4caa-8c45-d1c65226b013@group-3A6577FB21F7-LeaderElection65] INFO  server.RaftServerConfigKeys (ConfUtils.java:logGet(43)) - raft.server.watch.timeout = 10s (default)
2019-10-01 12:54:26,185 [77d194ee-dd30-4caa-8c45-d1c65226b013@group-3A6577FB21F7-LeaderElection65] INFO  server.RaftServerConfigKeys (ConfUtils.java:logGet(43)) - raft.server.watch.timeout.denomination = 1s (default)
2019-10-01 12:54:26,185 [77d194ee-dd30-4caa-8c45-d1c65226b013@group-3A6577FB21F7-LeaderElection65] INFO  server.RaftServerConfigKeys (ConfUtils.java:logGet(43)) - raft.server.watch.element-limit = 65536 (default)
2019-10-01 12:54:26,187 [77d194ee-dd30-4caa-8c45-d1c65226b013@group-3A6577FB21F7-LeaderElection65] INFO  impl.RoleInfo (RoleInfo.java:updateAndGet(143)) - 77d194ee-dd30-4caa-8c45-d1c65226b013: start LeaderState
2019-10-01 12:54:26,187 [77d194ee-dd30-4caa-8c45-d1c65226b013@group-3A6577FB21F7-LeaderElection65] INFO  segmented.SegmentedRaftLogWorker (SegmentedRaftLogWorker.java:startLogSegment(385)) - 77d194ee-dd30-4caa-8c45-d1c65226b013@group-3A6577FB21F7-SegmentedRaftLogWorker: Starting segment from index:0
2019-10-01 12:54:26,188 [77d194ee-dd30-4caa-8c45-d1c65226b013@group-3A6577FB21F7-LeaderElection65] INFO  impl.RaftServerImpl (ServerState.java:setRaftConf(356)) - 77d194ee-dd30-4caa-8c45-d1c65226b013@group-3A6577FB21F7: set configuration 0: [77d194ee-dd30-4caa-8c45-d1c65226b013:192.168.30.18:36476], old=null at 0
2019-10-01 12:54:26,209 [Thread-2382] INFO  impl.FollowerState (FollowerState.java:run(108)) - 3b4395ff-7170-4f5e-aab6-083691153c36@group-52EC24DC8952-FollowerState: change to CANDIDATE, lastRpcTime:5121ms, electionTimeout:5121ms
2019-10-01 12:54:26,209 [Thread-2382] INFO  impl.RoleInfo (RoleInfo.java:shutdownFollowerState(121)) - 3b4395ff-7170-4f5e-aab6-083691153c36: shutdown FollowerState
2019-10-01 12:54:26,209 [Thread-2382] INFO  impl.RaftServerImpl (RaftServerImpl.java:setRole(170)) - 3b4395ff-7170-4f5e-aab6-083691153c36@group-52EC24DC8952: changes role from  FOLLOWER to CANDIDATE at term 0 for changeToCandidate
2019-10-01 12:54:26,210 [Thread-2382] INFO  impl.RoleInfo (RoleInfo.java:updateAndGet(143)) - 3b4395ff-7170-4f5e-aab6-083691153c36: start LeaderElection
2019-10-01 12:54:26,210 [Thread-2394] INFO  impl.FollowerState (FollowerState.java:run(108)) - 72e83067-4828-4e86-aed9-55690cfce197@group-4430109A37BE-FollowerState: change to CANDIDATE, lastRpcTime:5031ms, electionTimeout:5031ms
2019-10-01 12:54:26,210 [Thread-2394] INFO  impl.RoleInfo (RoleInfo.java:shutdownFollowerState(121)) - 72e83067-4828-4e86-aed9-55690cfce197: shutdown FollowerState
2019-10-01 12:54:26,210 [Thread-2394] INFO  impl.RaftServerImpl (RaftServerImpl.java:setRole(170)) - 72e83067-4828-4e86-aed9-55690cfce197@group-4430109A37BE: changes role from  FOLLOWER to CANDIDATE at term 0 for changeToCandidate
2019-10-01 12:54:26,225 [Thread-2394] INFO  impl.RoleInfo (RoleInfo.java:updateAndGet(143)) - 72e83067-4828-4e86-aed9-55690cfce197: start LeaderElection
2019-10-01 12:54:26,251 [77d194ee-dd30-4caa-8c45-d1c65226b013@group-3A6577FB21F7-SegmentedRaftLogWorker] INFO  segmented.SegmentedRaftLogWorker (SegmentedRaftLogWorker.java:execute(574)) - 77d194ee-dd30-4caa-8c45-d1c65226b013@group-3A6577FB21F7-SegmentedRaftLogWorker: created new log segment /workdir/hadoop-ozone/integration-test/target/test-dir/MiniOzoneClusterImpl-172552fd-4063-465f-9fdc-360652729e87/datanode-6/data/ratis/76d23127-450a-402f-865a-3a6577fb21f7/current/log_inprogress_0
2019-10-01 12:54:26,257 [Thread-2383] INFO  impl.FollowerState (FollowerState.java:run(108)) - a397d865-6cf2-4267-83e8-08b424a8be10@group-52EC24DC8952-FollowerState: change to CANDIDATE, lastRpcTime:5166ms, electionTimeout:5166ms
2019-10-01 12:54:26,257 [Thread-2383] INFO  impl.RoleInfo (RoleInfo.java:shutdownFollowerState(121)) - a397d865-6cf2-4267-83e8-08b424a8be10: shutdown FollowerState
2019-10-01 12:54:26,257 [Thread-2383] INFO  impl.RaftServerImpl (RaftServerImpl.java:setRole(170)) - a397d865-6cf2-4267-83e8-08b424a8be10@group-52EC24DC8952: changes role from  FOLLOWER to CANDIDATE at term 0 for changeToCandidate
2019-10-01 12:54:26,257 [Thread-2383] INFO  impl.RoleInfo (RoleInfo.java:updateAndGet(143)) - a397d865-6cf2-4267-83e8-08b424a8be10: start LeaderElection
2019-10-01 12:54:26,260 [Thread-2384] INFO  impl.FollowerState (FollowerState.java:run(108)) - 77d194ee-dd30-4caa-8c45-d1c65226b013@group-52EC24DC8952-FollowerState: change to CANDIDATE, lastRpcTime:5169ms, electionTimeout:5169ms
2019-10-01 12:54:26,261 [Thread-2384] INFO  impl.RoleInfo (RoleInfo.java:shutdownFollowerState(121)) - 77d194ee-dd30-4caa-8c45-d1c65226b013: shutdown FollowerState
2019-10-01 12:54:26,261 [Thread-2384] INFO  impl.RaftServerImpl (RaftServerImpl.java:setRole(170)) - 77d194ee-dd30-4caa-8c45-d1c65226b013@group-52EC24DC8952: changes role from  FOLLOWER to CANDIDATE at term 0 for changeToCandidate
2019-10-01 12:54:26,264 [Thread-2384] INFO  impl.RoleInfo (RoleInfo.java:updateAndGet(143)) - 77d194ee-dd30-4caa-8c45-d1c65226b013: start LeaderElection
2019-10-01 12:54:26,269 [72e83067-4828-4e86-aed9-55690cfce197@group-4430109A37BE-LeaderElection67] INFO  impl.LeaderElection (LeaderElection.java:askForVotes(178)) - 72e83067-4828-4e86-aed9-55690cfce197@group-4430109A37BE-LeaderElection67: begin an election at term 1 for -1: [e011a184-2914-49de-9b02-5fdc9c9d0795:192.168.30.18:37621, dab4144a-9476-4dd0-b84f-0a5943d57765:192.168.30.18:42590, 72e83067-4828-4e86-aed9-55690cfce197:192.168.30.18:38890], old=null
2019-10-01 12:54:26,269 [3b4395ff-7170-4f5e-aab6-083691153c36@group-52EC24DC8952-LeaderElection66] INFO  impl.LeaderElection (LeaderElection.java:askForVotes(178)) - 3b4395ff-7170-4f5e-aab6-083691153c36@group-52EC24DC8952-LeaderElection66: begin an election at term 1 for -1: [3b4395ff-7170-4f5e-aab6-083691153c36:192.168.30.18:37608, a397d865-6cf2-4267-83e8-08b424a8be10:192.168.30.18:37731, 77d194ee-dd30-4caa-8c45-d1c65226b013:192.168.30.18:36476], old=null
2019-10-01 12:54:26,277 [grpc-default-executor-2] INFO  impl.RaftServerImpl (RaftServerImpl.java:setRole(170)) - dab4144a-9476-4dd0-b84f-0a5943d57765@group-4430109A37BE: changes role from  FOLLOWER to FOLLOWER at term 1 for recognizeCandidate:72e83067-4828-4e86-aed9-55690cfce197
2019-10-01 12:54:26,277 [grpc-default-executor-2] INFO  impl.RoleInfo (RoleInfo.java:shutdownFollowerState(121)) - dab4144a-9476-4dd0-b84f-0a5943d57765: shutdown FollowerState
2019-10-01 12:54:26,278 [grpc-default-executor-2] INFO  impl.RoleInfo (RoleInfo.java:updateAndGet(143)) - dab4144a-9476-4dd0-b84f-0a5943d57765: start FollowerState
2019-10-01 12:54:26,280 [Thread-2393] INFO  impl.FollowerState (FollowerState.java:run(117)) - dab4144a-9476-4dd0-b84f-0a5943d57765@group-4430109A37BE-FollowerState was interrupted: java.lang.InterruptedException: sleep interrupted
2019-10-01 12:54:26,280 [grpc-default-executor-4] INFO  impl.RaftServerImpl (RaftServerImpl.java:setRole(170)) - e011a184-2914-49de-9b02-5fdc9c9d0795@group-4430109A37BE: changes role from  FOLLOWER to FOLLOWER at term 1 for recognizeCandidate:72e83067-4828-4e86-aed9-55690cfce197
2019-10-01 12:54:26,283 [grpc-default-executor-4] INFO  impl.RoleInfo (RoleInfo.java:shutdownFollowerState(121)) - e011a184-2914-49de-9b02-5fdc9c9d0795: shutdown FollowerState
2019-10-01 12:54:26,284 [grpc-default-executor-4] INFO  impl.RoleInfo (RoleInfo.java:updateAndGet(143)) - e011a184-2914-49de-9b02-5fdc9c9d0795: start FollowerState
2019-10-01 12:54:26,284 [Thread-2389] INFO  impl.FollowerState (FollowerState.java:run(117)) - e011a184-2914-49de-9b02-5fdc9c9d0795@group-4430109A37BE-FollowerState was interrupted: java.lang.InterruptedException: sleep interrupted
2019-10-01 12:54:26,309 [a397d865-6cf2-4267-83e8-08b424a8be10@group-52EC24DC8952-LeaderElection68] INFO  impl.LeaderElection (LeaderElection.java:askForVotes(178)) - a397d865-6cf2-4267-83e8-08b424a8be10@group-52EC24DC8952-LeaderElection68: begin an election at term 1 for -1: [3b4395ff-7170-4f5e-aab6-083691153c36:192.168.30.18:37608, a397d865-6cf2-4267-83e8-08b424a8be10:192.168.30.18:37731, 77d194ee-dd30-4caa-8c45-d1c65226b013:192.168.30.18:36476], old=null
2019-10-01 12:54:26,309 [77d194ee-dd30-4caa-8c45-d1c65226b013@group-52EC24DC8952-LeaderElection69] INFO  impl.LeaderElection (LeaderElection.java:askForVotes(178)) - 77d194ee-dd30-4caa-8c45-d1c65226b013@group-52EC24DC8952-LeaderElection69: begin an election at term 1 for -1: [3b4395ff-7170-4f5e-aab6-083691153c36:192.168.30.18:37608, a397d865-6cf2-4267-83e8-08b424a8be10:192.168.30.18:37731, 77d194ee-dd30-4caa-8c45-d1c65226b013:192.168.30.18:36476], old=null
2019-10-01 12:54:26,315 [3b4395ff-7170-4f5e-aab6-083691153c36@group-52EC24DC8952-LeaderElection66] INFO  impl.LeaderElection (LeaderElection.java:logAndReturn(56)) - 3b4395ff-7170-4f5e-aab6-083691153c36@group-52EC24DC8952-LeaderElection66: Election REJECTED; received 2 response(s) [3b4395ff-7170-4f5e-aab6-083691153c36<-a397d865-6cf2-4267-83e8-08b424a8be10#0:FAIL-t1, 3b4395ff-7170-4f5e-aab6-083691153c36<-77d194ee-dd30-4caa-8c45-d1c65226b013#0:FAIL-t1] and 0 exception(s); 3b4395ff-7170-4f5e-aab6-083691153c36@group-52EC24DC8952:t1, leader=null, voted=3b4395ff-7170-4f5e-aab6-083691153c36, raftlog=3b4395ff-7170-4f5e-aab6-083691153c36@group-52EC24DC8952-SegmentedRaftLog:OPENED:c-1,f-1,i0, conf=-1: [3b4395ff-7170-4f5e-aab6-083691153c36:192.168.30.18:37608, a397d865-6cf2-4267-83e8-08b424a8be10:192.168.30.18:37731, 77d194ee-dd30-4caa-8c45-d1c65226b013:192.168.30.18:36476], old=null
2019-10-01 12:54:26,316 [3b4395ff-7170-4f5e-aab6-083691153c36@group-52EC24DC8952-LeaderElection66] INFO  impl.RaftServerImpl (RaftServerImpl.java:setRole(170)) - 3b4395ff-7170-4f5e-aab6-083691153c36@group-52EC24DC8952: changes role from CANDIDATE to FOLLOWER at term 1 for DISCOVERED_A_NEW_TERM
2019-10-01 12:54:26,316 [3b4395ff-7170-4f5e-aab6-083691153c36@group-52EC24DC8952-LeaderElection66] INFO  impl.RoleInfo (RoleInfo.java:shutdownLeaderElection(134)) - 3b4395ff-7170-4f5e-aab6-083691153c36: shutdown LeaderElection
2019-10-01 12:54:26,316 [72e83067-4828-4e86-aed9-55690cfce197@group-4430109A37BE-LeaderElection67] INFO  impl.LeaderElection (LeaderElection.java:logAndReturn(56)) - 72e83067-4828-4e86-aed9-55690cfce197@group-4430109A37BE-LeaderElection67: Election PASSED; received 1 response(s) [72e83067-4828-4e86-aed9-55690cfce197<-dab4144a-9476-4dd0-b84f-0a5943d57765#0:OK-t1] and 0 exception(s); 72e83067-4828-4e86-aed9-55690cfce197@group-4430109A37BE:t1, leader=null, voted=72e83067-4828-4e86-aed9-55690cfce197, raftlog=72e83067-4828-4e86-aed9-55690cfce197@group-4430109A37BE-SegmentedRaftLog:OPENED:c-1,f-1,i0, conf=-1: [e011a184-2914-49de-9b02-5fdc9c9d0795:192.168.30.18:37621, dab4144a-9476-4dd0-b84f-0a5943d57765:192.168.30.18:42590, 72e83067-4828-4e86-aed9-55690cfce197:192.168.30.18:38890], old=null
2019-10-01 12:54:26,318 [3b4395ff-7170-4f5e-aab6-083691153c36@group-52EC24DC8952-LeaderElection66] INFO  impl.RoleInfo (RoleInfo.java:updateAndGet(143)) - 3b4395ff-7170-4f5e-aab6-083691153c36: start FollowerState
2019-10-01 12:54:26,319 [72e83067-4828-4e86-aed9-55690cfce197@group-4430109A37BE-LeaderElection67] INFO  impl.RoleInfo (RoleInfo.java:shutdownLeaderElection(134)) - 72e83067-4828-4e86-aed9-55690cfce197: shutdown LeaderElection
2019-10-01 12:54:26,321 [72e83067-4828-4e86-aed9-55690cfce197@group-4430109A37BE-LeaderElection67] INFO  impl.RaftServerImpl (RaftServerImpl.java:setRole(170)) - 72e83067-4828-4e86-aed9-55690cfce197@group-4430109A37BE: changes role from CANDIDATE to LEADER at term 1 for changeToLeader
2019-10-01 12:54:26,322 [72e83067-4828-4e86-aed9-55690cfce197@group-4430109A37BE-LeaderElection67] INFO  impl.RaftServerImpl (ServerState.java:setLeader(255)) - 72e83067-4828-4e86-aed9-55690cfce197@group-4430109A37BE: change Leader from null to 72e83067-4828-4e86-aed9-55690cfce197 at term 1 for becomeLeader, leader elected after 5158ms
2019-10-01 12:54:26,322 [72e83067-4828-4e86-aed9-55690cfce197@group-4430109A37BE-LeaderElection67] INFO  server.RaftServerConfigKeys (ConfUtils.java:logGet(43)) - raft.server.staging.catchup.gap = 1000 (default)
2019-10-01 12:54:26,322 [72e83067-4828-4e86-aed9-55690cfce197@group-4430109A37BE-LeaderElection67] INFO  server.RaftServerConfigKeys (ConfUtils.java:logGet(43)) - raft.server.rpc.sleep.time = 25ms (default)
2019-10-01 12:54:26,322 [72e83067-4828-4e86-aed9-55690cfce197@group-4430109A37BE-LeaderElection67] INFO  server.RaftServerConfigKeys (ConfUtils.java:logGet(43)) - raft.server.write.element-limit = 4096 (default)
2019-10-01 12:54:26,322 [72e83067-4828-4e86-aed9-55690cfce197@group-4430109A37BE-LeaderElection67] INFO  server.RaftServerConfigKeys (ConfUtils.java:logGet(43)) - raft.server.watch.timeout = 10s (default)
2019-10-01 12:54:26,322 [72e83067-4828-4e86-aed9-55690cfce197@group-4430109A37BE-LeaderElection67] INFO  server.RaftServerConfigKeys (ConfUtils.java:logGet(43)) - raft.server.watch.timeout.denomination = 1s (default)
2019-10-01 12:54:26,322 [72e83067-4828-4e86-aed9-55690cfce197@group-4430109A37BE-LeaderElection67] INFO  server.RaftServerConfigKeys (ConfUtils.java:logGet(43)) - raft.server.watch.element-limit = 65536 (default)
2019-10-01 12:54:26,324 [72e83067-4828-4e86-aed9-55690cfce197@group-4430109A37BE-LeaderElection67] INFO  server.RaftServerConfigKeys (ConfUtils.java:logGet(43)) - raft.server.log.appender.snapshot.chunk.size.max = 16MB (=16777216) (default)
2019-10-01 12:54:26,325 [72e83067-4828-4e86-aed9-55690cfce197@group-4430109A37BE-LeaderElection67] INFO  server.RaftServerConfigKeys (ConfUtils.java:logGet(43)) - raft.server.log.appender.buffer.byte-limit = 33554432 (custom)
2019-10-01 12:54:26,325 [72e83067-4828-4e86-aed9-55690cfce197@group-4430109A37BE-LeaderElection67] INFO  server.RaftServerConfigKeys (ConfUtils.java:logGet(43)) - raft.server.log.appender.buffer.element-limit = 1 (custom)
2019-10-01 12:54:26,325 [77d194ee-dd30-4caa-8c45-d1c65226b013@group-52EC24DC8952-LeaderElection69] INFO  impl.LeaderElection (LeaderElection.java:logAndReturn(56)) - 77d194ee-dd30-4caa-8c45-d1c65226b013@group-52EC24DC8952-LeaderElection69: Election REJECTED; received 2 response(s) [77d194ee-dd30-4caa-8c45-d1c65226b013<-3b4395ff-7170-4f5e-aab6-083691153c36#0:FAIL-t1, 77d194ee-dd30-4caa-8c45-d1c65226b013<-a397d865-6cf2-4267-83e8-08b424a8be10#0:FAIL-t1] and 0 exception(s); 77d194ee-dd30-4caa-8c45-d1c65226b013@group-52EC24DC8952:t1, leader=null, voted=77d194ee-dd30-4caa-8c45-d1c65226b013, raftlog=77d194ee-dd30-4caa-8c45-d1c65226b013@group-52EC24DC8952-SegmentedRaftLog:OPENED:c-1,f-1,i0, conf=-1: [3b4395ff-7170-4f5e-aab6-083691153c36:192.168.30.18:37608, a397d865-6cf2-4267-83e8-08b424a8be10:192.168.30.18:37731, 77d194ee-dd30-4caa-8c45-d1c65226b013:192.168.30.18:36476], old=null
2019-10-01 12:54:26,325 [a397d865-6cf2-4267-83e8-08b424a8be10@group-52EC24DC8952-LeaderElection68] INFO  impl.LeaderElection (LeaderElection.java:logAndReturn(56)) - a397d865-6cf2-4267-83e8-08b424a8be10@group-52EC24DC8952-LeaderElection68: Election REJECTED; received 2 response(s) [a397d865-6cf2-4267-83e8-08b424a8be10<-3b4395ff-7170-4f5e-aab6-083691153c36#0:FAIL-t1, a397d865-6cf2-4267-83e8-08b424a8be10<-77d194ee-dd30-4caa-8c45-d1c65226b013#0:FAIL-t1] and 0 exception(s); a397d865-6cf2-4267-83e8-08b424a8be10@group-52EC24DC8952:t1, leader=null, voted=a397d865-6cf2-4267-83e8-08b424a8be10, raftlog=a397d865-6cf2-4267-83e8-08b424a8be10@group-52EC24DC8952-SegmentedRaftLog:OPENED:c-1,f-1,i0, conf=-1: [3b4395ff-7170-4f5e-aab6-083691153c36:192.168.30.18:37608, a397d865-6cf2-4267-83e8-08b424a8be10:192.168.30.18:37731, 77d194ee-dd30-4caa-8c45-d1c65226b013:192.168.30.18:36476], old=null
2019-10-01 12:54:26,325 [72e83067-4828-4e86-aed9-55690cfce197@group-4430109A37BE-LeaderElection67] INFO  grpc.GrpcConfigKeys$Server (ConfUtils.java:logGet(43)) - raft.grpc.server.leader.outstanding.appends.max = 128 (default)
2019-10-01 12:54:26,328 [a397d865-6cf2-4267-83e8-08b424a8be10@group-52EC24DC8952-LeaderElection68] INFO  impl.RaftServerImpl (RaftServerImpl.java:setRole(170)) - a397d865-6cf2-4267-83e8-08b424a8be10@group-52EC24DC8952: changes role from CANDIDATE to FOLLOWER at term 1 for DISCOVERED_A_NEW_TERM
2019-10-01 12:54:26,325 [77d194ee-dd30-4caa-8c45-d1c65226b013@group-52EC24DC8952-LeaderElection69] INFO  impl.RaftServerImpl (RaftServerImpl.java:setRole(170)) - 77d194ee-dd30-4caa-8c45-d1c65226b013@group-52EC24DC8952: changes role from CANDIDATE to FOLLOWER at term 1 for DISCOVERED_A_NEW_TERM
2019-10-01 12:54:26,328 [72e83067-4828-4e86-aed9-55690cfce197@group-4430109A37BE-LeaderElection67] INFO  server.RaftServerConfigKeys (ConfUtils.java:logGet(43)) - raft.server.rpc.request.timeout = 3000ms (default)
2019-10-01 12:54:26,330 [a397d865-6cf2-4267-83e8-08b424a8be10@group-52EC24DC8952-LeaderElection68] INFO  impl.RoleInfo (RoleInfo.java:shutdownLeaderElection(134)) - a397d865-6cf2-4267-83e8-08b424a8be10: shutdown LeaderElection
2019-10-01 12:54:26,330 [72e83067-4828-4e86-aed9-55690cfce197@group-4430109A37BE-LeaderElection67] INFO  server.RaftServerConfigKeys (ConfUtils.java:logGet(43)) - raft.server.log.appender.install.snapshot.enabled = false (custom)
2019-10-01 12:54:26,330 [77d194ee-dd30-4caa-8c45-d1c65226b013@group-52EC24DC8952-LeaderElection69] INFO  impl.RoleInfo (RoleInfo.java:shutdownLeaderElection(134)) - 77d194ee-dd30-4caa-8c45-d1c65226b013: shutdown LeaderElection
2019-10-01 12:54:26,331 [72e83067-4828-4e86-aed9-55690cfce197@group-4430109A37BE-LeaderElection67] INFO  server.RaftServerConfigKeys (ConfUtils.java:logGet(43)) - raft.server.log.appender.snapshot.chunk.size.max = 16MB (=16777216) (default)
2019-10-01 12:54:26,331 [a397d865-6cf2-4267-83e8-08b424a8be10@group-52EC24DC8952-LeaderElection68] INFO  impl.RoleInfo (RoleInfo.java:updateAndGet(143)) - a397d865-6cf2-4267-83e8-08b424a8be10: start FollowerState
2019-10-01 12:54:26,331 [72e83067-4828-4e86-aed9-55690cfce197@group-4430109A37BE-LeaderElection67] INFO  server.RaftServerConfigKeys (ConfUtils.java:logGet(43)) - raft.server.log.appender.buffer.byte-limit = 33554432 (custom)
2019-10-01 12:54:26,331 [77d194ee-dd30-4caa-8c45-d1c65226b013@group-52EC24DC8952-LeaderElection69] INFO  impl.RoleInfo (RoleInfo.java:updateAndGet(143)) - 77d194ee-dd30-4caa-8c45-d1c65226b013: start FollowerState
2019-10-01 12:54:26,331 [72e83067-4828-4e86-aed9-55690cfce197@group-4430109A37BE-LeaderElection67] INFO  server.RaftServerConfigKeys (ConfUtils.java:logGet(43)) - raft.server.log.appender.buffer.element-limit = 1 (custom)
2019-10-01 12:54:26,332 [72e83067-4828-4e86-aed9-55690cfce197@group-4430109A37BE-LeaderElection67] INFO  grpc.GrpcConfigKeys$Server (ConfUtils.java:logGet(43)) - raft.grpc.server.leader.outstanding.appends.max = 128 (default)
2019-10-01 12:54:26,332 [72e83067-4828-4e86-aed9-55690cfce197@group-4430109A37BE-LeaderElection67] INFO  server.RaftServerConfigKeys (ConfUtils.java:logGet(43)) - raft.server.rpc.request.timeout = 3000ms (default)
2019-10-01 12:54:26,332 [72e83067-4828-4e86-aed9-55690cfce197@group-4430109A37BE-LeaderElection67] INFO  server.RaftServerConfigKeys (ConfUtils.java:logGet(43)) - raft.server.log.appender.install.snapshot.enabled = false (custom)
2019-10-01 12:54:26,332 [72e83067-4828-4e86-aed9-55690cfce197@group-4430109A37BE-LeaderElection67] INFO  impl.RoleInfo (RoleInfo.java:updateAndGet(143)) - 72e83067-4828-4e86-aed9-55690cfce197: start LeaderState
2019-10-01 12:54:26,333 [72e83067-4828-4e86-aed9-55690cfce197@group-4430109A37BE-LeaderElection67] INFO  segmented.SegmentedRaftLogWorker (SegmentedRaftLogWorker.java:startLogSegment(385)) - 72e83067-4828-4e86-aed9-55690cfce197@group-4430109A37BE-SegmentedRaftLogWorker: Starting segment from index:0
2019-10-01 12:54:26,333 [72e83067-4828-4e86-aed9-55690cfce197@group-4430109A37BE-LeaderElection67] INFO  impl.RaftServerImpl (ServerState.java:setRaftConf(356)) - 72e83067-4828-4e86-aed9-55690cfce197@group-4430109A37BE: set configuration 0: [e011a184-2914-49de-9b02-5fdc9c9d0795:192.168.30.18:37621, dab4144a-9476-4dd0-b84f-0a5943d57765:192.168.30.18:42590, 72e83067-4828-4e86-aed9-55690cfce197:192.168.30.18:38890], old=null at 0
2019-10-01 12:54:26,363 [grpc-default-executor-7] INFO  impl.RaftServerImpl (ServerState.java:setLeader(255)) - e011a184-2914-49de-9b02-5fdc9c9d0795@group-4430109A37BE: change Leader from null to 72e83067-4828-4e86-aed9-55690cfce197 at term 1 for appendEntries, leader elected after 5199ms
2019-10-01 12:54:26,366 [grpc-default-executor-7] INFO  impl.RaftServerImpl (ServerState.java:setLeader(255)) - dab4144a-9476-4dd0-b84f-0a5943d57765@group-4430109A37BE: change Leader from null to 72e83067-4828-4e86-aed9-55690cfce197 at term 1 for appendEntries, leader elected after 5203ms
2019-10-01 12:54:26,368 [grpc-default-executor-7] INFO  impl.RaftServerImpl (ServerState.java:setRaftConf(356)) - e011a184-2914-49de-9b02-5fdc9c9d0795@group-4430109A37BE: set configuration 0: [e011a184-2914-49de-9b02-5fdc9c9d0795:192.168.30.18:37621, dab4144a-9476-4dd0-b84f-0a5943d57765:192.168.30.18:42590, 72e83067-4828-4e86-aed9-55690cfce197:192.168.30.18:38890], old=null at 0
2019-10-01 12:54:26,368 [grpc-default-executor-4] INFO  impl.RaftServerImpl (ServerState.java:setRaftConf(356)) - dab4144a-9476-4dd0-b84f-0a5943d57765@group-4430109A37BE: set configuration 0: [e011a184-2914-49de-9b02-5fdc9c9d0795:192.168.30.18:37621, dab4144a-9476-4dd0-b84f-0a5943d57765:192.168.30.18:42590, 72e83067-4828-4e86-aed9-55690cfce197:192.168.30.18:38890], old=null at 0
2019-10-01 12:54:26,369 [grpc-default-executor-7] INFO  segmented.SegmentedRaftLogWorker (SegmentedRaftLogWorker.java:startLogSegment(385)) - e011a184-2914-49de-9b02-5fdc9c9d0795@group-4430109A37BE-SegmentedRaftLogWorker: Starting segment from index:0
2019-10-01 12:54:26,369 [grpc-default-executor-4] INFO  segmented.SegmentedRaftLogWorker (SegmentedRaftLogWorker.java:startLogSegment(385)) - dab4144a-9476-4dd0-b84f-0a5943d57765@group-4430109A37BE-SegmentedRaftLogWorker: Starting segment from index:0
2019-10-01 12:54:26,386 [72e83067-4828-4e86-aed9-55690cfce197@group-4430109A37BE-SegmentedRaftLogWorker] INFO  segmented.SegmentedRaftLogWorker (SegmentedRaftLogWorker.java:execute(574)) - 72e83067-4828-4e86-aed9-55690cfce197@group-4430109A37BE-SegmentedRaftLogWorker: created new log segment /workdir/hadoop-ozone/integration-test/target/test-dir/MiniOzoneClusterImpl-172552fd-4063-465f-9fdc-360652729e87/datanode-3/data/ratis/1cab4633-7245-4d4d-ad47-4430109a37be/current/log_inprogress_0
2019-10-01 12:54:26,412 [e011a184-2914-49de-9b02-5fdc9c9d0795@group-4430109A37BE-SegmentedRaftLogWorker] INFO  segmented.SegmentedRaftLogWorker (SegmentedRaftLogWorker.java:execute(574)) - e011a184-2914-49de-9b02-5fdc9c9d0795@group-4430109A37BE-SegmentedRaftLogWorker: created new log segment /workdir/hadoop-ozone/integration-test/target/test-dir/MiniOzoneClusterImpl-172552fd-4063-465f-9fdc-360652729e87/datanode-2/data/ratis/1cab4633-7245-4d4d-ad47-4430109a37be/current/log_inprogress_0
2019-10-01 12:54:26,428 [dab4144a-9476-4dd0-b84f-0a5943d57765@group-4430109A37BE-SegmentedRaftLogWorker] INFO  segmented.SegmentedRaftLogWorker (SegmentedRaftLogWorker.java:execute(574)) - dab4144a-9476-4dd0-b84f-0a5943d57765@group-4430109A37BE-SegmentedRaftLogWorker: created new log segment /workdir/hadoop-ozone/integration-test/target/test-dir/MiniOzoneClusterImpl-172552fd-4063-465f-9fdc-360652729e87/datanode-4/data/ratis/1cab4633-7245-4d4d-ad47-4430109a37be/current/log_inprogress_0
2019-10-01 12:54:31,430 [Thread-2442] INFO  impl.FollowerState (FollowerState.java:run(108)) - a397d865-6cf2-4267-83e8-08b424a8be10@group-52EC24DC8952-FollowerState: change to CANDIDATE, lastRpcTime:5099ms, electionTimeout:5098ms
2019-10-01 12:54:31,430 [Thread-2442] INFO  impl.RoleInfo (RoleInfo.java:shutdownFollowerState(121)) - a397d865-6cf2-4267-83e8-08b424a8be10: shutdown FollowerState
2019-10-01 12:54:31,430 [Thread-2442] INFO  impl.RaftServerImpl (RaftServerImpl.java:setRole(170)) - a397d865-6cf2-4267-83e8-08b424a8be10@group-52EC24DC8952: changes role from  FOLLOWER to CANDIDATE at term 1 for changeToCandidate
2019-10-01 12:54:31,431 [Thread-2442] INFO  impl.RoleInfo (RoleInfo.java:updateAndGet(143)) - a397d865-6cf2-4267-83e8-08b424a8be10: start LeaderElection
2019-10-01 12:54:31,461 [Thread-2439] INFO  impl.FollowerState (FollowerState.java:run(108)) - 3b4395ff-7170-4f5e-aab6-083691153c36@group-52EC24DC8952-FollowerState: change to CANDIDATE, lastRpcTime:5144ms, electionTimeout:5139ms
2019-10-01 12:54:31,461 [Thread-2439] INFO  impl.RoleInfo (RoleInfo.java:shutdownFollowerState(121)) - 3b4395ff-7170-4f5e-aab6-083691153c36: shutdown FollowerState
2019-10-01 12:54:31,461 [Thread-2439] INFO  impl.RaftServerImpl (RaftServerImpl.java:setRole(170)) - 3b4395ff-7170-4f5e-aab6-083691153c36@group-52EC24DC8952: changes role from  FOLLOWER to CANDIDATE at term 1 for changeToCandidate
2019-10-01 12:54:31,461 [Thread-2439] INFO  impl.RoleInfo (RoleInfo.java:updateAndGet(143)) - 3b4395ff-7170-4f5e-aab6-083691153c36: start LeaderElection
2019-10-01 12:54:31,469 [a397d865-6cf2-4267-83e8-08b424a8be10@group-52EC24DC8952-LeaderElection70] INFO  impl.LeaderElection (LeaderElection.java:askForVotes(178)) - a397d865-6cf2-4267-83e8-08b424a8be10@group-52EC24DC8952-LeaderElection70: begin an election at term 2 for -1: [3b4395ff-7170-4f5e-aab6-083691153c36:192.168.30.18:37608, a397d865-6cf2-4267-83e8-08b424a8be10:192.168.30.18:37731, 77d194ee-dd30-4caa-8c45-d1c65226b013:192.168.30.18:36476], old=null
2019-10-01 12:54:31,471 [grpc-default-executor-7] INFO  impl.RaftServerImpl (RaftServerImpl.java:setRole(170)) - 77d194ee-dd30-4caa-8c45-d1c65226b013@group-52EC24DC8952: changes role from  FOLLOWER to FOLLOWER at term 2 for recognizeCandidate:a397d865-6cf2-4267-83e8-08b424a8be10
2019-10-01 12:54:31,472 [grpc-default-executor-7] INFO  impl.RoleInfo (RoleInfo.java:shutdownFollowerState(121)) - 77d194ee-dd30-4caa-8c45-d1c65226b013: shutdown FollowerState
2019-10-01 12:54:31,472 [grpc-default-executor-7] INFO  impl.RoleInfo (RoleInfo.java:updateAndGet(143)) - 77d194ee-dd30-4caa-8c45-d1c65226b013: start FollowerState
2019-10-01 12:54:31,472 [Thread-2443] INFO  impl.FollowerState (FollowerState.java:run(117)) - 77d194ee-dd30-4caa-8c45-d1c65226b013@group-52EC24DC8952-FollowerState was interrupted: java.lang.InterruptedException: sleep interrupted
2019-10-01 12:54:31,492 [3b4395ff-7170-4f5e-aab6-083691153c36@group-52EC24DC8952-LeaderElection71] INFO  impl.LeaderElection (LeaderElection.java:askForVotes(178)) - 3b4395ff-7170-4f5e-aab6-083691153c36@group-52EC24DC8952-LeaderElection71: begin an election at term 2 for -1: [3b4395ff-7170-4f5e-aab6-083691153c36:192.168.30.18:37608, a397d865-6cf2-4267-83e8-08b424a8be10:192.168.30.18:37731, 77d194ee-dd30-4caa-8c45-d1c65226b013:192.168.30.18:36476], old=null
2019-10-01 12:54:31,493 [a397d865-6cf2-4267-83e8-08b424a8be10@group-52EC24DC8952-LeaderElection70] INFO  impl.LeaderElection (LeaderElection.java:logAndReturn(56)) - a397d865-6cf2-4267-83e8-08b424a8be10@group-52EC24DC8952-LeaderElection70: Election PASSED; received 1 response(s) [a397d865-6cf2-4267-83e8-08b424a8be10<-77d194ee-dd30-4caa-8c45-d1c65226b013#0:OK-t2] and 0 exception(s); a397d865-6cf2-4267-83e8-08b424a8be10@group-52EC24DC8952:t2, leader=null, voted=a397d865-6cf2-4267-83e8-08b424a8be10, raftlog=a397d865-6cf2-4267-83e8-08b424a8be10@group-52EC24DC8952-SegmentedRaftLog:OPENED:c-1,f-1,i0, conf=-1: [3b4395ff-7170-4f5e-aab6-083691153c36:192.168.30.18:37608, a397d865-6cf2-4267-83e8-08b424a8be10:192.168.30.18:37731, 77d194ee-dd30-4caa-8c45-d1c65226b013:192.168.30.18:36476], old=null
2019-10-01 12:54:31,493 [a397d865-6cf2-4267-83e8-08b424a8be10@group-52EC24DC8952-LeaderElection70] INFO  impl.RoleInfo (RoleInfo.java:shutdownLeaderElection(134)) - a397d865-6cf2-4267-83e8-08b424a8be10: shutdown LeaderElection
2019-10-01 12:54:31,493 [a397d865-6cf2-4267-83e8-08b424a8be10@group-52EC24DC8952-LeaderElection70] INFO  impl.RaftServerImpl (RaftServerImpl.java:setRole(170)) - a397d865-6cf2-4267-83e8-08b424a8be10@group-52EC24DC8952: changes role from CANDIDATE to LEADER at term 2 for changeToLeader
2019-10-01 12:54:31,493 [a397d865-6cf2-4267-83e8-08b424a8be10@group-52EC24DC8952-LeaderElection70] INFO  impl.RaftServerImpl (ServerState.java:setLeader(255)) - a397d865-6cf2-4267-83e8-08b424a8be10@group-52EC24DC8952: change Leader from null to a397d865-6cf2-4267-83e8-08b424a8be10 at term 2 for becomeLeader, leader elected after 10414ms
2019-10-01 12:54:31,494 [a397d865-6cf2-4267-83e8-08b424a8be10@group-52EC24DC8952-LeaderElection70] INFO  server.RaftServerConfigKeys (ConfUtils.java:logGet(43)) - raft.server.staging.catchup.gap = 1000 (default)
2019-10-01 12:54:31,494 [a397d865-6cf2-4267-83e8-08b424a8be10@group-52EC24DC8952-LeaderElection70] INFO  server.RaftServerConfigKeys (ConfUtils.java:logGet(43)) - raft.server.rpc.sleep.time = 25ms (default)
2019-10-01 12:54:31,494 [a397d865-6cf2-4267-83e8-08b424a8be10@group-52EC24DC8952-LeaderElection70] INFO  server.RaftServerConfigKeys (ConfUtils.java:logGet(43)) - raft.server.write.element-limit = 4096 (default)
2019-10-01 12:54:31,494 [a397d865-6cf2-4267-83e8-08b424a8be10@group-52EC24DC8952-LeaderElection70] INFO  server.RaftServerConfigKeys (ConfUtils.java:logGet(43)) - raft.server.watch.timeout = 10s (default)
2019-10-01 12:54:31,494 [a397d865-6cf2-4267-83e8-08b424a8be10@group-52EC24DC8952-LeaderElection70] INFO  server.RaftServerConfigKeys (ConfUtils.java:logGet(43)) - raft.server.watch.timeout.denomination = 1s (default)
2019-10-01 12:54:31,495 [a397d865-6cf2-4267-83e8-08b424a8be10@group-52EC24DC8952-LeaderElection70] INFO  server.RaftServerConfigKeys (ConfUtils.java:logGet(43)) - raft.server.watch.element-limit = 65536 (default)
2019-10-01 12:54:31,497 [a397d865-6cf2-4267-83e8-08b424a8be10@group-52EC24DC8952-LeaderElection70] INFO  server.RaftServerConfigKeys (ConfUtils.java:logGet(43)) - raft.server.log.appender.snapshot.chunk.size.max = 16MB (=16777216) (default)
2019-10-01 12:54:31,497 [a397d865-6cf2-4267-83e8-08b424a8be10@group-52EC24DC8952-LeaderElection70] INFO  server.RaftServerConfigKeys (ConfUtils.java:logGet(43)) - raft.server.log.appender.buffer.byte-limit = 33554432 (custom)
2019-10-01 12:54:31,498 [a397d865-6cf2-4267-83e8-08b424a8be10@group-52EC24DC8952-LeaderElection70] INFO  server.RaftServerConfigKeys (ConfUtils.java:logGet(43)) - raft.server.log.appender.buffer.element-limit = 1 (custom)
2019-10-01 12:54:31,498 [a397d865-6cf2-4267-83e8-08b424a8be10@group-52EC24DC8952-LeaderElection70] INFO  grpc.GrpcConfigKeys$Server (ConfUtils.java:logGet(43)) - raft.grpc.server.leader.outstanding.appends.max = 128 (default)
2019-10-01 12:54:31,498 [a397d865-6cf2-4267-83e8-08b424a8be10@group-52EC24DC8952-LeaderElection70] INFO  server.RaftServerConfigKeys (ConfUtils.java:logGet(43)) - raft.server.rpc.request.timeout = 3000ms (default)
2019-10-01 12:54:31,498 [a397d865-6cf2-4267-83e8-08b424a8be10@group-52EC24DC8952-LeaderElection70] INFO  server.RaftServerConfigKeys (ConfUtils.java:logGet(43)) - raft.server.log.appender.install.snapshot.enabled = false (custom)
2019-10-01 12:54:31,498 [a397d865-6cf2-4267-83e8-08b424a8be10@group-52EC24DC8952-LeaderElection70] INFO  server.RaftServerConfigKeys (ConfUtils.java:logGet(43)) - raft.server.log.appender.snapshot.chunk.size.max = 16MB (=16777216) (default)
2019-10-01 12:54:31,499 [a397d865-6cf2-4267-83e8-08b424a8be10@group-52EC24DC8952-LeaderElection70] INFO  server.RaftServerConfigKeys (ConfUtils.java:logGet(43)) - raft.server.log.appender.buffer.byte-limit = 33554432 (custom)
2019-10-01 12:54:31,499 [a397d865-6cf2-4267-83e8-08b424a8be10@group-52EC24DC8952-LeaderElection70] INFO  server.RaftServerConfigKeys (ConfUtils.java:logGet(43)) - raft.server.log.appender.buffer.element-limit = 1 (custom)
2019-10-01 12:54:31,499 [a397d865-6cf2-4267-83e8-08b424a8be10@group-52EC24DC8952-LeaderElection70] INFO  grpc.GrpcConfigKeys$Server (ConfUtils.java:logGet(43)) - raft.grpc.server.leader.outstanding.appends.max = 128 (default)
2019-10-01 12:54:31,499 [a397d865-6cf2-4267-83e8-08b424a8be10@group-52EC24DC8952-LeaderElection70] INFO  server.RaftServerConfigKeys (ConfUtils.java:logGet(43)) - raft.server.rpc.request.timeout = 3000ms (default)
2019-10-01 12:54:31,499 [a397d865-6cf2-4267-83e8-08b424a8be10@group-52EC24DC8952-LeaderElection70] INFO  server.RaftServerConfigKeys (ConfUtils.java:logGet(43)) - raft.server.log.appender.install.snapshot.enabled = false (custom)
2019-10-01 12:54:31,500 [a397d865-6cf2-4267-83e8-08b424a8be10@group-52EC24DC8952-LeaderElection70] INFO  impl.RoleInfo (RoleInfo.java:updateAndGet(143)) - a397d865-6cf2-4267-83e8-08b424a8be10: start LeaderState
2019-10-01 12:54:31,500 [a397d865-6cf2-4267-83e8-08b424a8be10@group-52EC24DC8952-LeaderElection70] INFO  segmented.SegmentedRaftLogWorker (SegmentedRaftLogWorker.java:startLogSegment(385)) - a397d865-6cf2-4267-83e8-08b424a8be10@group-52EC24DC8952-SegmentedRaftLogWorker: Starting segment from index:0
2019-10-01 12:54:31,501 [a397d865-6cf2-4267-83e8-08b424a8be10@group-52EC24DC8952-LeaderElection70] INFO  impl.RaftServerImpl (ServerState.java:setRaftConf(356)) - a397d865-6cf2-4267-83e8-08b424a8be10@group-52EC24DC8952: set configuration 0: [3b4395ff-7170-4f5e-aab6-083691153c36:192.168.30.18:37608, a397d865-6cf2-4267-83e8-08b424a8be10:192.168.30.18:37731, 77d194ee-dd30-4caa-8c45-d1c65226b013:192.168.30.18:36476], old=null at 0
2019-10-01 12:54:31,531 [grpc-default-executor-4] INFO  impl.RaftServerImpl (RaftServerImpl.java:requestVote(754)) - a397d865-6cf2-4267-83e8-08b424a8be10@group-52EC24DC8952-   LEADER: Withhold vote from candidate 3b4395ff-7170-4f5e-aab6-083691153c36 with term 2. State: leader=a397d865-6cf2-4267-83e8-08b424a8be10, term=2, lastRpcElapsed=null
2019-10-01 12:54:31,535 [grpc-default-executor-7] INFO  impl.RaftServerImpl (ServerState.java:setLeader(255)) - 77d194ee-dd30-4caa-8c45-d1c65226b013@group-52EC24DC8952: change Leader from null to a397d865-6cf2-4267-83e8-08b424a8be10 at term 2 for appendEntries, leader elected after 10456ms
2019-10-01 12:54:31,536 [3b4395ff-7170-4f5e-aab6-083691153c36@group-52EC24DC8952-LeaderElection71] INFO  impl.LeaderElection (LeaderElection.java:logAndReturn(56)) - 3b4395ff-7170-4f5e-aab6-083691153c36@group-52EC24DC8952-LeaderElection71: Election REJECTED; received 2 response(s) [3b4395ff-7170-4f5e-aab6-083691153c36<-a397d865-6cf2-4267-83e8-08b424a8be10#0:FAIL-t2, 3b4395ff-7170-4f5e-aab6-083691153c36<-77d194ee-dd30-4caa-8c45-d1c65226b013#0:FAIL-t2] and 0 exception(s); 3b4395ff-7170-4f5e-aab6-083691153c36@group-52EC24DC8952:t2, leader=null, voted=3b4395ff-7170-4f5e-aab6-083691153c36, raftlog=3b4395ff-7170-4f5e-aab6-083691153c36@group-52EC24DC8952-SegmentedRaftLog:OPENED:c-1,f-1,i0, conf=-1: [3b4395ff-7170-4f5e-aab6-083691153c36:192.168.30.18:37608, a397d865-6cf2-4267-83e8-08b424a8be10:192.168.30.18:37731, 77d194ee-dd30-4caa-8c45-d1c65226b013:192.168.30.18:36476], old=null
2019-10-01 12:54:31,536 [grpc-default-executor-7] INFO  impl.RaftServerImpl (RaftServerImpl.java:setRole(170)) - 3b4395ff-7170-4f5e-aab6-083691153c36@group-52EC24DC8952: changes role from CANDIDATE to FOLLOWER at term 2 for appendEntries
2019-10-01 12:54:31,537 [grpc-default-executor-7] INFO  impl.RoleInfo (RoleInfo.java:shutdownLeaderElection(134)) - 3b4395ff-7170-4f5e-aab6-083691153c36: shutdown LeaderElection
2019-10-01 12:54:31,537 [grpc-default-executor-7] INFO  impl.RoleInfo (RoleInfo.java:updateAndGet(143)) - 3b4395ff-7170-4f5e-aab6-083691153c36: start FollowerState
2019-10-01 12:54:31,537 [grpc-default-executor-7] INFO  impl.RaftServerImpl (ServerState.java:setLeader(255)) - 3b4395ff-7170-4f5e-aab6-083691153c36@group-52EC24DC8952: change Leader from null to a397d865-6cf2-4267-83e8-08b424a8be10 at term 2 for appendEntries, leader elected after 10458ms
2019-10-01 12:54:31,538 [grpc-default-executor-7] INFO  impl.RaftServerImpl (ServerState.java:setRaftConf(356)) - 77d194ee-dd30-4caa-8c45-d1c65226b013@group-52EC24DC8952: set configuration 0: [3b4395ff-7170-4f5e-aab6-083691153c36:192.168.30.18:37608, a397d865-6cf2-4267-83e8-08b424a8be10:192.168.30.18:37731, 77d194ee-dd30-4caa-8c45-d1c65226b013:192.168.30.18:36476], old=null at 0
2019-10-01 12:54:31,538 [grpc-default-executor-7] INFO  segmented.SegmentedRaftLogWorker (SegmentedRaftLogWorker.java:startLogSegment(385)) - 77d194ee-dd30-4caa-8c45-d1c65226b013@group-52EC24DC8952-SegmentedRaftLogWorker: Starting segment from index:0
2019-10-01 12:54:31,540 [grpc-default-executor-7] INFO  impl.RaftServerImpl (ServerState.java:setRaftConf(356)) - 3b4395ff-7170-4f5e-aab6-083691153c36@group-52EC24DC8952: set configuration 0: [3b4395ff-7170-4f5e-aab6-083691153c36:192.168.30.18:37608, a397d865-6cf2-4267-83e8-08b424a8be10:192.168.30.18:37731, 77d194ee-dd30-4caa-8c45-d1c65226b013:192.168.30.18:36476], old=null at 0
2019-10-01 12:54:31,540 [grpc-default-executor-7] INFO  segmented.SegmentedRaftLogWorker (SegmentedRaftLogWorker.java:startLogSegment(385)) - 3b4395ff-7170-4f5e-aab6-083691153c36@group-52EC24DC8952-SegmentedRaftLogWorker: Starting segment from index:0
2019-10-01 12:54:31,554 [a397d865-6cf2-4267-83e8-08b424a8be10@group-52EC24DC8952-SegmentedRaftLogWorker] INFO  segmented.SegmentedRaftLogWorker (SegmentedRaftLogWorker.java:execute(574)) - a397d865-6cf2-4267-83e8-08b424a8be10@group-52EC24DC8952-SegmentedRaftLogWorker: created new log segment /workdir/hadoop-ozone/integration-test/target/test-dir/MiniOzoneClusterImpl-172552fd-4063-465f-9fdc-360652729e87/datanode-1/data/ratis/f149ed85-568a-4e50-8cf2-52ec24dc8952/current/log_inprogress_0
2019-10-01 12:54:31,602 [3b4395ff-7170-4f5e-aab6-083691153c36@group-52EC24DC8952-SegmentedRaftLogWorker] INFO  segmented.SegmentedRaftLogWorker (SegmentedRaftLogWorker.java:execute(574)) - 3b4395ff-7170-4f5e-aab6-083691153c36@group-52EC24DC8952-SegmentedRaftLogWorker: created new log segment /workdir/hadoop-ozone/integration-test/target/test-dir/MiniOzoneClusterImpl-172552fd-4063-465f-9fdc-360652729e87/datanode-0/data/ratis/f149ed85-568a-4e50-8cf2-52ec24dc8952/current/log_inprogress_0
2019-10-01 12:54:31,602 [77d194ee-dd30-4caa-8c45-d1c65226b013@group-52EC24DC8952-SegmentedRaftLogWorker] INFO  segmented.SegmentedRaftLogWorker (SegmentedRaftLogWorker.java:execute(574)) - 77d194ee-dd30-4caa-8c45-d1c65226b013@group-52EC24DC8952-SegmentedRaftLogWorker: created new log segment /workdir/hadoop-ozone/integration-test/target/test-dir/MiniOzoneClusterImpl-172552fd-4063-465f-9fdc-360652729e87/datanode-6/data/ratis/f149ed85-568a-4e50-8cf2-52ec24dc8952/current/log_inprogress_0
2019-10-01 12:54:32,688 [Datanode State Machine Thread - 0] INFO  statemachine.DatanodeStateMachine (DatanodeStateMachine.java:lambda$startDaemon$0(350)) - Ozone container server started.
2019-10-01 12:54:37,664 [main] INFO  ozoneimpl.OzoneContainer (OzoneContainer.java:stop(231)) - Attempting to stop container services.
2019-10-01 12:54:37,665 [main] INFO  impl.RaftServerProxy (RaftServerProxy.java:lambda$close$4(314)) - 3b4395ff-7170-4f5e-aab6-083691153c36: close
2019-10-01 12:54:37,666 [main] INFO  impl.RaftServerImpl (RaftServerImpl.java:lambda$shutdown$3(247)) - 3b4395ff-7170-4f5e-aab6-083691153c36@group-52EC24DC8952: shutdown
2019-10-01 12:54:37,666 [ForkJoinPool.commonPool-worker-1] INFO  impl.RaftServerImpl (RaftServerImpl.java:lambda$shutdown$3(247)) - 3b4395ff-7170-4f5e-aab6-083691153c36@group-D97C640C813A: shutdown
2019-10-01 12:54:37,666 [main] INFO  util.JmxRegister (JmxRegister.java:unregister(73)) - Successfully un-registered JMX Bean with object name Ratis:service=RaftServer,group=group-52EC24DC8952,id=3b4395ff-7170-4f5e-aab6-083691153c36
2019-10-01 12:54:37,667 [ForkJoinPool.commonPool-worker-1] INFO  util.JmxRegister (JmxRegister.java:unregister(73)) - Successfully un-registered JMX Bean with object name Ratis:service=RaftServer,group=group-D97C640C813A,id=3b4395ff-7170-4f5e-aab6-083691153c36
2019-10-01 12:54:37,667 [main] INFO  impl.RoleInfo (RoleInfo.java:shutdownFollowerState(121)) - 3b4395ff-7170-4f5e-aab6-083691153c36: shutdown FollowerState
2019-10-01 12:54:37,667 [ForkJoinPool.commonPool-worker-1] INFO  impl.RoleInfo (RoleInfo.java:shutdownLeaderState(104)) - 3b4395ff-7170-4f5e-aab6-083691153c36: shutdown LeaderState
2019-10-01 12:54:37,667 [Thread-2478] INFO  impl.FollowerState (FollowerState.java:run(117)) - 3b4395ff-7170-4f5e-aab6-083691153c36@group-52EC24DC8952-FollowerState was interrupted: java.lang.InterruptedException: sleep interrupted
2019-10-01 12:54:37,667 [main] INFO  impl.StateMachineUpdater (StateMachineUpdater.java:stopAndJoin(136)) - 3b4395ff-7170-4f5e-aab6-083691153c36@group-52EC24DC8952-StateMachineUpdater: set stopIndex = 2
2019-10-01 12:54:37,670 [3b4395ff-7170-4f5e-aab6-083691153c36@group-52EC24DC8952-StateMachineUpdater] INFO  ratis.ContainerStateMachine (ContainerStateMachine.java:takeSnapshot(289)) - group-52EC24DC8952: Taking a snapshot at:(t:2, i:1) file /workdir/hadoop-ozone/integration-test/target/test-dir/MiniOzoneClusterImpl-172552fd-4063-465f-9fdc-360652729e87/datanode-0/data/ratis/f149ed85-568a-4e50-8cf2-52ec24dc8952/sm/snapshot.2_1
2019-10-01 12:54:37,670 [ForkJoinPool.commonPool-worker-1] INFO  impl.PendingRequests (PendingRequests.java:sendNotLeaderResponses(202)) - 3b4395ff-7170-4f5e-aab6-083691153c36@group-D97C640C813A-PendingRequests: sendNotLeaderResponses
2019-10-01 12:54:37,671 [ForkJoinPool.commonPool-worker-1] INFO  impl.StateMachineUpdater (StateMachineUpdater.java:stopAndJoin(136)) - 3b4395ff-7170-4f5e-aab6-083691153c36@group-D97C640C813A-StateMachineUpdater: set stopIndex = 0
2019-10-01 12:54:37,672 [ForkJoinPool.commonPool-worker-1] INFO  impl.RaftServerImpl (ServerState.java:close(387)) - 3b4395ff-7170-4f5e-aab6-083691153c36@group-D97C640C813A: closes. applyIndex: 0
2019-10-01 12:54:37,673 [3b4395ff-7170-4f5e-aab6-083691153c36@group-D97C640C813A-SegmentedRaftLogWorker] INFO  segmented.SegmentedRaftLogWorker (SegmentedRaftLogWorker.java:run(316)) - 3b4395ff-7170-4f5e-aab6-083691153c36@group-D97C640C813A-SegmentedRaftLogWorker was interrupted, exiting. There are 0 tasks remaining in the queue.
2019-10-01 12:54:37,675 [ForkJoinPool.commonPool-worker-1] INFO  segmented.SegmentedRaftLogWorker (SegmentedRaftLogWorker.java:close(224)) - 3b4395ff-7170-4f5e-aab6-083691153c36@group-D97C640C813A-SegmentedRaftLogWorker close()
2019-10-01 12:54:37,694 [3b4395ff-7170-4f5e-aab6-083691153c36@group-52EC24DC8952-StateMachineUpdater] INFO  ratis.ContainerStateMachine (ContainerStateMachine.java:takeSnapshot(300)) - group-52EC24DC8952: Finished taking a snapshot at:(t:2, i:1) file:/workdir/hadoop-ozone/integration-test/target/test-dir/MiniOzoneClusterImpl-172552fd-4063-465f-9fdc-360652729e87/datanode-0/data/ratis/f149ed85-568a-4e50-8cf2-52ec24dc8952/sm/snapshot.2_1 time:27
2019-10-01 12:54:37,695 [3b4395ff-7170-4f5e-aab6-083691153c36@group-52EC24DC8952-StateMachineUpdater] INFO  impl.StateMachineUpdater (StateMachineUpdater.java:takeSnapshot(269)) - 3b4395ff-7170-4f5e-aab6-083691153c36@group-52EC24DC8952-StateMachineUpdater: Took a snapshot at index 1
2019-10-01 12:54:37,695 [3b4395ff-7170-4f5e-aab6-083691153c36@group-52EC24DC8952-StateMachineUpdater] INFO  impl.StateMachineUpdater (StateMachineUpdater.java:lambda$new$0(84)) - 3b4395ff-7170-4f5e-aab6-083691153c36@group-52EC24DC8952-StateMachineUpdater: snapshotIndex: updateIncreasingly -1 -> 1
2019-10-01 12:54:37,696 [3b4395ff-7170-4f5e-aab6-083691153c36@group-52EC24DC8952-StateMachineUpdater] INFO  ratis.ContainerStateMachine (ContainerStateMachine.java:takeSnapshot(289)) - group-52EC24DC8952: Taking a snapshot at:(t:2, i:1) file /workdir/hadoop-ozone/integration-test/target/test-dir/MiniOzoneClusterImpl-172552fd-4063-465f-9fdc-360652729e87/datanode-0/data/ratis/f149ed85-568a-4e50-8cf2-52ec24dc8952/sm/snapshot.2_1
2019-10-01 12:54:37,719 [3b4395ff-7170-4f5e-aab6-083691153c36@group-52EC24DC8952-StateMachineUpdater] INFO  ratis.ContainerStateMachine (ContainerStateMachine.java:takeSnapshot(300)) - group-52EC24DC8952: Finished taking a snapshot at:(t:2, i:1) file:/workdir/hadoop-ozone/integration-test/target/test-dir/MiniOzoneClusterImpl-172552fd-4063-465f-9fdc-360652729e87/datanode-0/data/ratis/f149ed85-568a-4e50-8cf2-52ec24dc8952/sm/snapshot.2_1 time:23
2019-10-01 12:54:37,720 [3b4395ff-7170-4f5e-aab6-083691153c36@group-52EC24DC8952-StateMachineUpdater] INFO  impl.StateMachineUpdater (StateMachineUpdater.java:takeSnapshot(269)) - 3b4395ff-7170-4f5e-aab6-083691153c36@group-52EC24DC8952-StateMachineUpdater: Took a snapshot at index 1
2019-10-01 12:54:37,720 [3b4395ff-7170-4f5e-aab6-083691153c36@group-52EC24DC8952-StateMachineUpdater] INFO  impl.StateMachineUpdater (StateMachineUpdater.java:lambda$new$0(84)) - 3b4395ff-7170-4f5e-aab6-083691153c36@group-52EC24DC8952-StateMachineUpdater: snapshotIndex: updateIncreasingly 1 -> 1
2019-10-01 12:54:37,720 [main] INFO  impl.RaftServerImpl (ServerState.java:close(387)) - 3b4395ff-7170-4f5e-aab6-083691153c36@group-52EC24DC8952: closes. applyIndex: 2
2019-10-01 12:54:37,720 [3b4395ff-7170-4f5e-aab6-083691153c36@group-52EC24DC8952-SegmentedRaftLogWorker] INFO  segmented.SegmentedRaftLogWorker (SegmentedRaftLogWorker.java:run(316)) - 3b4395ff-7170-4f5e-aab6-083691153c36@group-52EC24DC8952-SegmentedRaftLogWorker was interrupted, exiting. There are 0 tasks remaining in the queue.
2019-10-01 12:54:37,722 [main] INFO  segmented.SegmentedRaftLogWorker (SegmentedRaftLogWorker.java:close(224)) - 3b4395ff-7170-4f5e-aab6-083691153c36@group-52EC24DC8952-SegmentedRaftLogWorker close()
2019-10-01 12:54:37,725 [main] INFO  server.GrpcService (GrpcService.java:closeImpl(164)) - 3b4395ff-7170-4f5e-aab6-083691153c36: shutdown server with port 37608 now
2019-10-01 12:54:37,727 [grpc-default-executor-4] WARN  server.GrpcServerProtocolService (LogUtils.java:warn(134)) - 3b4395ff-7170-4f5e-aab6-083691153c36: installSnapshot onError, lastRequest: a397d865-6cf2-4267-83e8-08b424a8be10->3b4395ff-7170-4f5e-aab6-083691153c36#5-t2, previous=(t:2, i:2), leaderCommit=2, initializing? false, entries: <empty>: org.apache.ratis.thirdparty.io.grpc.StatusRuntimeException: CANCELLED: cancelled before receiving half close
2019-10-01 12:54:37,727 [main] INFO  server.GrpcService (GrpcService.java:closeImpl(172)) - 3b4395ff-7170-4f5e-aab6-083691153c36: shutdown server with port 37608 successfully
2019-10-01 12:54:37,728 [grpc-default-executor-7] WARN  server.GrpcLogAppender (LogUtils.java:warn(134)) - a397d865-6cf2-4267-83e8-08b424a8be10@group-52EC24DC8952->3b4395ff-7170-4f5e-aab6-083691153c36-AppendLogResponseHandler: Failed appendEntries: org.apache.ratis.thirdparty.io.grpc.StatusRuntimeException: CANCELLED: HTTP/2 error code: CANCEL
Received Rst Stream
2019-10-01 12:54:37,728 [grpc-default-executor-7] INFO  impl.FollowerInfo (FollowerInfo.java:lambda$new$0(51)) - a397d865-6cf2-4267-83e8-08b424a8be10@group-52EC24DC8952->3b4395ff-7170-4f5e-aab6-083691153c36: nextIndex: updateUnconditionally 3 -> 2
2019-10-01 12:54:37,731 [refreshUsed-/workdir/hadoop-ozone/integration-test/target/test-dir/MiniOzoneClusterImpl-172552fd-4063-465f-9fdc-360652729e87/datanode-0/data/containers] WARN  fs.CachingGetSpaceUsed (CachingGetSpaceUsed.java:run(183)) - Thread Interrupted waiting to refresh disk information: sleep interrupted
2019-10-01 12:54:37,752 [main] INFO  utils.BackgroundService (BackgroundService.java:shutdown(148)) - Shutting down service BlockDeletingService
2019-10-01 12:54:37,762 [main] INFO  statemachine.DatanodeStateMachine (DatanodeStateMachine.java:stopDaemon(395)) - Ozone container server stopped.
2019-10-01 12:54:37,763 [main] INFO  handler.ContextHandler (ContextHandler.java:doStop(910)) - Stopped o.e.j.w.WebAppContext@3b088163{/,null,UNAVAILABLE}{/hddsDatanode}
2019-10-01 12:54:37,764 [main] INFO  server.AbstractConnector (AbstractConnector.java:doStop(318)) - Stopped ServerConnector@75882261{HTTP/1.1,[http/1.1]}{0.0.0.0:0}
2019-10-01 12:54:37,765 [main] INFO  handler.ContextHandler (ContextHandler.java:doStop(910)) - Stopped o.e.j.s.ServletContextHandler@19b75b2b{/static,jar:file:/home/user/.m2/repository/org/apache/hadoop/hadoop-hdds-container-service/0.5.0-SNAPSHOT/hadoop-hdds-container-service-0.5.0-SNAPSHOT.jar!/webapps/static,UNAVAILABLE}
2019-10-01 12:54:37,765 [main] INFO  handler.ContextHandler (ContextHandler.java:doStop(910)) - Stopped o.e.j.s.ServletContextHandler@478fb7dc{/logs,file:///workdir/hadoop-ozone/integration-test/target/log,UNAVAILABLE}
2019-10-01 12:54:37,775 [grpc-default-executor-4] WARN  server.GrpcLogAppender (LogUtils.java:warn(134)) - a397d865-6cf2-4267-83e8-08b424a8be10@group-52EC24DC8952->3b4395ff-7170-4f5e-aab6-083691153c36-AppendLogResponseHandler: Failed appendEntries: org.apache.ratis.thirdparty.io.grpc.StatusRuntimeException: UNAVAILABLE: io exception
2019-10-01 12:54:37,776 [grpc-default-executor-4] INFO  impl.FollowerInfo (FollowerInfo.java:lambda$new$0(51)) - a397d865-6cf2-4267-83e8-08b424a8be10@group-52EC24DC8952->3b4395ff-7170-4f5e-aab6-083691153c36: nextIndex: updateUnconditionally 3 -> 2
2019-10-01 12:54:37,788 [grpc-default-executor-11] WARN  server.GrpcLogAppender (LogUtils.java:warn(134)) - a397d865-6cf2-4267-83e8-08b424a8be10@group-52EC24DC8952->3b4395ff-7170-4f5e-aab6-083691153c36-AppendLogResponseHandler: Failed appendEntries: org.apache.ratis.thirdparty.io.grpc.StatusRuntimeException: UNAVAILABLE: io exception
2019-10-01 12:54:37,788 [grpc-default-executor-11] INFO  impl.FollowerInfo (FollowerInfo.java:lambda$new$0(51)) - a397d865-6cf2-4267-83e8-08b424a8be10@group-52EC24DC8952->3b4395ff-7170-4f5e-aab6-083691153c36: nextIndex: updateUnconditionally 3 -> 2
2019-10-01 12:54:37,802 [grpc-default-executor-4] WARN  server.GrpcLogAppender (LogUtils.java:warn(134)) - a397d865-6cf2-4267-83e8-08b424a8be10@group-52EC24DC8952->3b4395ff-7170-4f5e-aab6-083691153c36-AppendLogResponseHandler: Failed appendEntries: org.apache.ratis.thirdparty.io.grpc.StatusRuntimeException: UNAVAILABLE: io exception
2019-10-01 12:54:37,803 [grpc-default-executor-4] INFO  impl.FollowerInfo (FollowerInfo.java:lambda$new$0(51)) - a397d865-6cf2-4267-83e8-08b424a8be10@group-52EC24DC8952->3b4395ff-7170-4f5e-aab6-083691153c36: nextIndex: updateUnconditionally 3 -> 2
2019-10-01 12:54:37,810 [EventQueue-IncrementalContainerReportForIncrementalContainerReportHandler] WARN  container.IncrementalContainerReportHandler (AbstractContainerReportHandler.java:updateContainerState(143)) - Container #1 is in OPEN state, but the datanode a397d865-6cf2-4267-83e8-08b424a8be10{ip: 192.168.30.18, host: pr-hdds-2199-dnstouuidmap-6cjbd-2468009341, networkLocation: /default-rack, certSerialId: null} reports an CLOSING replica.
2019-10-01 12:54:37,832 [EventQueue-IncrementalContainerReportForIncrementalContainerReportHandler] WARN  container.IncrementalContainerReportHandler (AbstractContainerReportHandler.java:updateContainerState(143)) - Container #1 is in OPEN state, but the datanode 77d194ee-dd30-4caa-8c45-d1c65226b013{ip: 192.168.30.18, host: pr-hdds-2199-dnstouuidmap-6cjbd-2468009341, networkLocation: /default-rack, certSerialId: null} reports an CLOSING replica.
2019-10-01 12:54:37,922 [RatisApplyTransactionExecutor 1] INFO  interfaces.Container (KeyValueContainer.java:flushAndSyncDB(386)) - Container 1 is synced with bcsId 0.
2019-10-01 12:54:38,017 [RatisApplyTransactionExecutor 1] INFO  interfaces.Container (KeyValueContainer.java:flushAndSyncDB(386)) - Container 1 is synced with bcsId 0.
2019-10-01 12:54:38,032 [RatisApplyTransactionExecutor 1] INFO  interfaces.Container (KeyValueContainer.java:flushAndSyncDB(386)) - Container 1 is synced with bcsId 0.
2019-10-01 12:54:38,032 [RatisApplyTransactionExecutor 1] INFO  interfaces.Container (KeyValueContainer.java:flushAndSyncDB(386)) - Container 1 is synced with bcsId 0.
2019-10-01 12:54:38,050 [RatisApplyTransactionExecutor 1] INFO  interfaces.Container (KeyValueContainer.java:close(335)) - Container 1 is closed with bcsId 0.
2019-10-01 12:54:38,050 [RatisApplyTransactionExecutor 1] INFO  interfaces.Container (KeyValueContainer.java:close(335)) - Container 1 is closed with bcsId 0.
2019-10-01 12:54:38,068 [EventQueue-IncrementalContainerReportForIncrementalContainerReportHandler] WARN  container.IncrementalContainerReportHandler (AbstractContainerReportHandler.java:updateContainerState(143)) - Container #1 is in OPEN state, but the datanode 77d194ee-dd30-4caa-8c45-d1c65226b013{ip: 192.168.30.18, host: pr-hdds-2199-dnstouuidmap-6cjbd-2468009341, networkLocation: /default-rack, certSerialId: null} reports an CLOSED replica.
2019-10-01 12:54:38,068 [EventQueue-IncrementalContainerReportForIncrementalContainerReportHandler] WARN  container.IncrementalContainerReportHandler (AbstractContainerReportHandler.java:updateContainerState(143)) - Container #1 is in OPEN state, but the datanode a397d865-6cf2-4267-83e8-08b424a8be10{ip: 192.168.30.18, host: pr-hdds-2199-dnstouuidmap-6cjbd-2468009341, networkLocation: /default-rack, certSerialId: null} reports an CLOSED replica.
2019-10-01 12:54:40,305 [grpc-default-executor-11] WARN  server.GrpcLogAppender (LogUtils.java:warn(134)) - a397d865-6cf2-4267-83e8-08b424a8be10@group-52EC24DC8952->3b4395ff-7170-4f5e-aab6-083691153c36-AppendLogResponseHandler: Failed appendEntries: org.apache.ratis.thirdparty.io.grpc.StatusRuntimeException: UNAVAILABLE: io exception
2019-10-01 12:54:40,306 [grpc-default-executor-11] INFO  impl.FollowerInfo (FollowerInfo.java:lambda$new$0(51)) - a397d865-6cf2-4267-83e8-08b424a8be10@group-52EC24DC8952->3b4395ff-7170-4f5e-aab6-083691153c36: nextIndex: updateUnconditionally 2 -> 1
2019-10-01 12:54:41,075 [main] WARN  scm.XceiverClientRatis (XceiverClientRatis.java:watchForCommit(292)) - 3 way commit failed on pipeline Pipeline[ Id: f149ed85-568a-4e50-8cf2-52ec24dc8952, Nodes: 3b4395ff-7170-4f5e-aab6-083691153c36{ip: 192.168.30.18, host: pr-hdds-2199-dnstouuidmap-6cjbd-2468009341, networkLocation: /default-rack, certSerialId: null}a397d865-6cf2-4267-83e8-08b424a8be10{ip: 192.168.30.18, host: pr-hdds-2199-dnstouuidmap-6cjbd-2468009341, networkLocation: /default-rack, certSerialId: null}77d194ee-dd30-4caa-8c45-d1c65226b013{ip: 192.168.30.18, host: pr-hdds-2199-dnstouuidmap-6cjbd-2468009341, networkLocation: /default-rack, certSerialId: null}, Type:RATIS, Factor:THREE, State:OPEN]
java.util.concurrent.TimeoutException
	at java.util.concurrent.CompletableFuture.timedGet(CompletableFuture.java:1771)
	at java.util.concurrent.CompletableFuture.get(CompletableFuture.java:1915)
	at org.apache.hadoop.hdds.scm.XceiverClientRatis.watchForCommit(XceiverClientRatis.java:289)
	at org.apache.hadoop.ozone.client.rpc.TestWatchForCommit.test2WayCommitForTimeoutException(TestWatchForCommit.java:391)
	at sun.reflect.NativeMethodAccessorImpl.invoke0(Native Method)
	at sun.reflect.NativeMethodAccessorImpl.invoke(NativeMethodAccessorImpl.java:62)
	at sun.reflect.DelegatingMethodAccessorImpl.invoke(DelegatingMethodAccessorImpl.java:43)
	at java.lang.reflect.Method.invoke(Method.java:498)
	at org.junit.runners.model.FrameworkMethod$1.runReflectiveCall(FrameworkMethod.java:47)
	at org.junit.internal.runners.model.ReflectiveCallable.run(ReflectiveCallable.java:12)
	at org.junit.runners.model.FrameworkMethod.invokeExplosively(FrameworkMethod.java:44)
	at org.junit.internal.runners.statements.InvokeMethod.evaluate(InvokeMethod.java:17)
	at org.junit.runners.ParentRunner.runLeaf(ParentRunner.java:271)
	at org.junit.runners.BlockJUnit4ClassRunner.runChild(BlockJUnit4ClassRunner.java:70)
	at org.junit.runners.BlockJUnit4ClassRunner.runChild(BlockJUnit4ClassRunner.java:50)
	at org.junit.runners.ParentRunner$3.run(ParentRunner.java:238)
	at org.junit.runners.ParentRunner$1.schedule(ParentRunner.java:63)
	at org.junit.runners.ParentRunner.runChildren(ParentRunner.java:236)
	at org.junit.runners.ParentRunner.access$000(ParentRunner.java:53)
	at org.junit.runners.ParentRunner$2.evaluate(ParentRunner.java:229)
	at org.junit.runners.ParentRunner.run(ParentRunner.java:309)
	at org.apache.maven.surefire.junit4.JUnit4Provider.execute(JUnit4Provider.java:365)
	at org.apache.maven.surefire.junit4.JUnit4Provider.executeWithRerun(JUnit4Provider.java:273)
	at org.apache.maven.surefire.junit4.JUnit4Provider.executeTestSet(JUnit4Provider.java:238)
	at org.apache.maven.surefire.junit4.JUnit4Provider.invoke(JUnit4Provider.java:159)
	at org.apache.maven.surefire.booter.ForkedBooter.invokeProviderInSameClassLoader(ForkedBooter.java:384)
	at org.apache.maven.surefire.booter.ForkedBooter.runSuitesInProcess(ForkedBooter.java:345)
	at org.apache.maven.surefire.booter.ForkedBooter.execute(ForkedBooter.java:126)
	at org.apache.maven.surefire.booter.ForkedBooter.main(ForkedBooter.java:418)
2019-10-01 12:54:42,807 [grpc-default-executor-7] WARN  server.GrpcLogAppender (LogUtils.java:warn(134)) - a397d865-6cf2-4267-83e8-08b424a8be10@group-52EC24DC8952->3b4395ff-7170-4f5e-aab6-083691153c36-AppendLogResponseHandler: Failed appendEntries: org.apache.ratis.thirdparty.io.grpc.StatusRuntimeException: UNAVAILABLE: io exception
2019-10-01 12:54:42,814 [grpc-default-executor-7] INFO  impl.FollowerInfo (FollowerInfo.java:lambda$new$0(51)) - a397d865-6cf2-4267-83e8-08b424a8be10@group-52EC24DC8952->3b4395ff-7170-4f5e-aab6-083691153c36: nextIndex: updateUnconditionally 1 -> 0
]]></system-out>
    <system-err><![CDATA[Oct 01, 2019 12:54:37 PM org.apache.ratis.thirdparty.io.grpc.internal.SerializingExecutor run
SEVERE: Exception while executing runnable org.apache.ratis.thirdparty.io.grpc.internal.ServerImpl$JumpToApplicationThreadServerStreamListener$1Closed@22879b75
org.apache.ratis.thirdparty.io.grpc.StatusRuntimeException: CANCELLED: call already cancelled
	at org.apache.ratis.thirdparty.io.grpc.Status.asRuntimeException(Status.java:517)
	at org.apache.ratis.thirdparty.io.grpc.stub.ServerCalls$ServerCallStreamObserverImpl.onCompleted(ServerCalls.java:356)
	at org.apache.ratis.grpc.server.GrpcServerProtocolService$ServerRequestStreamObserver.onError(GrpcServerProtocolService.java:121)
	at org.apache.ratis.thirdparty.io.grpc.stub.ServerCalls$StreamingServerCallHandler$StreamingServerCallListener.onCancel(ServerCalls.java:269)
	at org.apache.ratis.thirdparty.io.grpc.internal.ServerCallImpl$ServerStreamListenerImpl.closed(ServerCallImpl.java:293)
	at org.apache.ratis.thirdparty.io.grpc.internal.ServerImpl$JumpToApplicationThreadServerStreamListener$1Closed.runInContext(ServerImpl.java:741)
	at org.apache.ratis.thirdparty.io.grpc.internal.ContextRunnable.run(ContextRunnable.java:37)
	at org.apache.ratis.thirdparty.io.grpc.internal.SerializingExecutor.run(SerializingExecutor.java:123)
	at java.util.concurrent.ThreadPoolExecutor.runWorker(ThreadPoolExecutor.java:1149)
	at java.util.concurrent.ThreadPoolExecutor$Worker.run(ThreadPoolExecutor.java:624)
	at java.lang.Thread.run(Thread.java:748)

]]></system-err>
  </testcase>
</testsuite>