<?xml version="1.0" encoding="UTF-8"?>
<testsuite xmlns:xsi="http://www.w3.org/2001/XMLSchema-instance" xsi:noNamespaceSchemaLocation="https://maven.apache.org/surefire/maven-surefire-plugin/xsd/surefire-test-report.xsd" name="org.apache.hadoop.ozone.client.rpc.TestBlockOutputStreamWithFailures" time="684.857" tests="8" errors="0" skipped="0" failures="1">
  <properties>
    <property name="awt.toolkit" value="sun.awt.X11.XToolkit"/>
    <property name="file.encoding.pkg" value="sun.io"/>
    <property name="java.specification.version" value="1.8"/>
    <property name="sun.cpu.isalist" value=""/>
    <property name="sun.jnu.encoding" value="UTF-8"/>
    <property name="java.class.path" value="/workdir/hadoop-ozone/integration-test/target/test-classes:/workdir/hadoop-ozone/integration-test/target/classes:/home/user/.m2/repository/org/apache/hadoop/hadoop-ozone-common/0.5.0-SNAPSHOT/hadoop-ozone-common-0.5.0-SNAPSHOT.jar:/home/user/.m2/repository/org/apache/commons/commons-compress/1.4.1/commons-compress-1.4.1.jar:/home/user/.m2/repository/org/tukaani/xz/1.0/xz-1.0.jar:/home/user/.m2/repository/org/apache/hadoop/hadoop-common/3.2.0/hadoop-common-3.2.0.jar:/home/user/.m2/repository/org/apache/hadoop/hadoop-hdfs/3.2.0/hadoop-hdfs-3.2.0.jar:/home/user/.m2/repository/org/apache/hadoop/hadoop-hdfs-client/3.2.0/hadoop-hdfs-client-3.2.0.jar:/home/user/.m2/repository/com/fasterxml/jackson/core/jackson-annotations/2.9.9/jackson-annotations-2.9.9.jar:/home/user/.m2/repository/org/apache/hadoop/hadoop-hdds-common/0.5.0-SNAPSHOT/hadoop-hdds-common-0.5.0-SNAPSHOT.jar:/home/user/.m2/repository/javax/annotation/javax.annotation-api/1.2/javax.annotation-api-1.2.jar:/home/user/.m2/repository/org/apache/ratis/ratis-server/0.5.0-201fc85-SNAPSHOT/ratis-server-0.5.0-201fc85-SNAPSHOT.jar:/home/user/.m2/repository/org/apache/ratis/ratis-thirdparty-misc/0.2.0/ratis-thirdparty-misc-0.2.0.jar:/home/user/.m2/repository/org/apache/ratis/ratis-proto/0.5.0-201fc85-SNAPSHOT/ratis-proto-0.5.0-201fc85-SNAPSHOT.jar:/home/user/.m2/repository/org/apache/ratis/ratis-common/0.5.0-201fc85-SNAPSHOT/ratis-common-0.5.0-201fc85-SNAPSHOT.jar:/home/user/.m2/repository/org/apache/ratis/ratis-client/0.5.0-201fc85-SNAPSHOT/ratis-client-0.5.0-201fc85-SNAPSHOT.jar:/home/user/.m2/repository/org/apache/ratis/ratis-metrics/0.5.0-201fc85-SNAPSHOT/ratis-metrics-0.5.0-201fc85-SNAPSHOT.jar:/home/user/.m2/repository/com/github/joshelser/dropwizard-metrics-hadoop-metrics2-reporter/0.1.2/dropwizard-metrics-hadoop-metrics2-reporter-0.1.2.jar:/home/user/.m2/repository/io/dropwizard/metrics/metrics-jvm/3.2.5/metrics-jvm-3.2.5.jar:/home/user/.m2/repository/io/dropwizard/metrics/metrics-ganglia/3.2.5/metrics-ganglia-3.2.5.jar:/home/user/.m2/repository/info/ganglia/gmetric4j/gmetric4j/1.0.7/gmetric4j-1.0.7.jar:/home/user/.m2/repository/org/apache/ratis/ratis-netty/0.5.0-201fc85-SNAPSHOT/ratis-netty-0.5.0-201fc85-SNAPSHOT.jar:/home/user/.m2/repository/org/apache/ratis/ratis-grpc/0.5.0-201fc85-SNAPSHOT/ratis-grpc-0.5.0-201fc85-SNAPSHOT.jar:/home/user/.m2/repository/org/rocksdb/rocksdbjni/6.0.1/rocksdbjni-6.0.1.jar:/home/user/.m2/repository/org/apache/logging/log4j/log4j-api/2.11.0/log4j-api-2.11.0.jar:/home/user/.m2/repository/org/apache/logging/log4j/log4j-core/2.11.0/log4j-core-2.11.0.jar:/home/user/.m2/repository/com/lmax/disruptor/3.4.2/disruptor-3.4.2.jar:/home/user/.m2/repository/org/apache/commons/commons-pool2/2.6.0/commons-pool2-2.6.0.jar:/home/user/.m2/repository/org/bouncycastle/bcpkix-jdk15on/1.60/bcpkix-jdk15on-1.60.jar:/home/user/.m2/repository/commons-validator/commons-validator/1.6/commons-validator-1.6.jar:/home/user/.m2/repository/commons-digester/commons-digester/1.8.1/commons-digester-1.8.1.jar:/home/user/.m2/repository/io/jaegertracing/jaeger-client/0.34.0/jaeger-client-0.34.0.jar:/home/user/.m2/repository/io/jaegertracing/jaeger-thrift/0.34.0/jaeger-thrift-0.34.0.jar:/home/user/.m2/repository/org/apache/thrift/libthrift/0.12.0/libthrift-0.12.0.jar:/home/user/.m2/repository/com/squareup/okhttp3/okhttp/3.9.0/okhttp-3.9.0.jar:/home/user/.m2/repository/com/squareup/okio/okio/1.13.0/okio-1.13.0.jar:/home/user/.m2/repository/io/jaegertracing/jaeger-core/0.34.0/jaeger-core-0.34.0.jar:/home/user/.m2/repository/io/jaegertracing/jaeger-tracerresolver/0.34.0/jaeger-tracerresolver-0.34.0.jar:/home/user/.m2/repository/io/opentracing/contrib/opentracing-tracerresolver/0.1.5/opentracing-tracerresolver-0.1.5.jar:/home/user/.m2/repository/io/opentracing/opentracing-util/0.31.0/opentracing-util-0.31.0.jar:/home/user/.m2/repository/io/opentracing/opentracing-api/0.31.0/opentracing-api-0.31.0.jar:/home/user/.m2/repository/io/opentracing/opentracing-noop/0.31.0/opentracing-noop-0.31.0.jar:/home/user/.m2/repository/org/apache/hadoop/hadoop-hdds-server-framework/0.5.0-SNAPSHOT/hadoop-hdds-server-framework-0.5.0-SNAPSHOT.jar:/home/user/.m2/repository/org/apache/hadoop/hadoop-hdds-container-service/0.5.0-SNAPSHOT/hadoop-hdds-container-service-0.5.0-SNAPSHOT.jar:/home/user/.m2/repository/org/apache/hadoop/hadoop-hdds-client/0.5.0-SNAPSHOT/hadoop-hdds-client-0.5.0-SNAPSHOT.jar:/home/user/.m2/repository/org/apache/hadoop/hadoop-hdds-tools/0.5.0-SNAPSHOT/hadoop-hdds-tools-0.5.0-SNAPSHOT.jar:/home/user/.m2/repository/org/apache/hadoop/hadoop-hdds-server-scm/0.5.0-SNAPSHOT/hadoop-hdds-server-scm-0.5.0-SNAPSHOT.jar:/home/user/.m2/repository/org/apache/hadoop/hadoop-hdds-docs/0.5.0-SNAPSHOT/hadoop-hdds-docs-0.5.0-SNAPSHOT.jar:/home/user/.m2/repository/io/dropwizard/metrics/metrics-core/3.2.4/metrics-core-3.2.4.jar:/home/user/.m2/repository/org/hamcrest/hamcrest-all/1.3/hamcrest-all-1.3.jar:/home/user/.m2/repository/org/bouncycastle/bcprov-jdk15on/1.60/bcprov-jdk15on-1.60.jar:/home/user/.m2/repository/info/picocli/picocli/3.9.6/picocli-3.9.6.jar:/home/user/.m2/repository/com/google/protobuf/protobuf-java/2.5.0/protobuf-java-2.5.0.jar:/home/user/.m2/repository/com/google/guava/guava/11.0.2/guava-11.0.2.jar:/home/user/.m2/repository/org/apache/hadoop/hadoop-ozone-ozone-manager/0.5.0-SNAPSHOT/hadoop-ozone-ozone-manager-0.5.0-SNAPSHOT.jar:/home/user/.m2/repository/org/apache/hadoop/hadoop-minikdc/3.2.0/hadoop-minikdc-3.2.0.jar:/home/user/.m2/repository/commons-io/commons-io/2.5/commons-io-2.5.jar:/home/user/.m2/repository/org/apache/kerby/kerb-simplekdc/1.0.1/kerb-simplekdc-1.0.1.jar:/home/user/.m2/repository/org/apache/kerby/kerb-client/1.0.1/kerb-client-1.0.1.jar:/home/user/.m2/repository/org/apache/kerby/kerby-config/1.0.1/kerby-config-1.0.1.jar:/home/user/.m2/repository/org/apache/kerby/kerb-core/1.0.1/kerb-core-1.0.1.jar:/home/user/.m2/repository/org/apache/kerby/kerby-pkix/1.0.1/kerby-pkix-1.0.1.jar:/home/user/.m2/repository/org/apache/kerby/kerby-asn1/1.0.1/kerby-asn1-1.0.1.jar:/home/user/.m2/repository/org/apache/kerby/kerby-util/1.0.1/kerby-util-1.0.1.jar:/home/user/.m2/repository/org/apache/kerby/kerb-common/1.0.1/kerb-common-1.0.1.jar:/home/user/.m2/repository/org/apache/kerby/kerb-crypto/1.0.1/kerb-crypto-1.0.1.jar:/home/user/.m2/repository/org/apache/kerby/kerb-util/1.0.1/kerb-util-1.0.1.jar:/home/user/.m2/repository/org/apache/kerby/token-provider/1.0.1/token-provider-1.0.1.jar:/home/user/.m2/repository/org/apache/kerby/kerb-admin/1.0.1/kerb-admin-1.0.1.jar:/home/user/.m2/repository/org/apache/kerby/kerb-server/1.0.1/kerb-server-1.0.1.jar:/home/user/.m2/repository/org/apache/kerby/kerb-identity/1.0.1/kerb-identity-1.0.1.jar:/home/user/.m2/repository/org/apache/kerby/kerby-xdr/1.0.1/kerby-xdr-1.0.1.jar:/home/user/.m2/repository/org/slf4j/slf4j-log4j12/1.7.25/slf4j-log4j12-1.7.25.jar:/home/user/.m2/repository/org/apache/hadoop/hadoop-ozone-s3gateway/0.5.0-SNAPSHOT/hadoop-ozone-s3gateway-0.5.0-SNAPSHOT.jar:/home/user/.m2/repository/org/jboss/weld/servlet/weld-servlet/2.4.7.Final/weld-servlet-2.4.7.Final.jar:/home/user/.m2/repository/org/glassfish/jersey/containers/jersey-container-servlet-core/2.27/jersey-container-servlet-core-2.27.jar:/home/user/.m2/repository/org/glassfish/hk2/external/javax.inject/2.5.0-b42/javax.inject-2.5.0-b42.jar:/home/user/.m2/repository/org/glassfish/jersey/core/jersey-common/2.27/jersey-common-2.27.jar:/home/user/.m2/repository/org/glassfish/hk2/osgi-resource-locator/1.0.1/osgi-resource-locator-1.0.1.jar:/home/user/.m2/repository/javax/ws/rs/javax.ws.rs-api/2.1/javax.ws.rs-api-2.1.jar:/home/user/.m2/repository/org/glassfish/jersey/ext/cdi/jersey-cdi1x/2.27/jersey-cdi1x-2.27.jar:/home/user/.m2/repository/org/glassfish/jersey/inject/jersey-hk2/2.27/jersey-hk2-2.27.jar:/home/user/.m2/repository/org/glassfish/hk2/hk2-locator/2.5.0-b42/hk2-locator-2.5.0-b42.jar:/home/user/.m2/repository/org/javassist/javassist/3.22.0-CR2/javassist-3.22.0-CR2.jar:/home/user/.m2/repository/org/glassfish/hk2/hk2-api/2.5.0/hk2-api-2.5.0.jar:/home/user/.m2/repository/org/glassfish/hk2/external/jakarta.inject/2.5.0/jakarta.inject-2.5.0.jar:/home/user/.m2/repository/org/glassfish/hk2/hk2-utils/2.5.0/hk2-utils-2.5.0.jar:/home/user/.m2/repository/jakarta/annotation/jakarta.annotation-api/1.3.4/jakarta.annotation-api-1.3.4.jar:/home/user/.m2/repository/org/glassfish/hk2/external/aopalliance-repackaged/2.5.0/aopalliance-repackaged-2.5.0.jar:/home/user/.m2/repository/com/fasterxml/jackson/dataformat/jackson-dataformat-xml/2.9.0/jackson-dataformat-xml-2.9.0.jar:/home/user/.m2/repository/com/fasterxml/jackson/core/jackson-core/2.9.9/jackson-core-2.9.9.jar:/home/user/.m2/repository/com/fasterxml/jackson/module/jackson-module-jaxb-annotations/2.9.9/jackson-module-jaxb-annotations-2.9.9.jar:/home/user/.m2/repository/javax/enterprise/cdi-api/1.2/cdi-api-1.2.jar:/home/user/.m2/repository/javax/el/javax.el-api/3.0.0/javax.el-api-3.0.0.jar:/home/user/.m2/repository/javax/interceptor/javax.interceptor-api/1.2/javax.interceptor-api-1.2.jar:/home/user/.m2/repository/javax/inject/javax.inject/1/javax.inject-1.jar:/home/user/.m2/repository/com/sun/xml/bind/jaxb-impl/2.3.0.1/jaxb-impl-2.3.0.1.jar:/home/user/.m2/repository/com/sun/xml/bind/jaxb-core/2.3.0.1/jaxb-core-2.3.0.1.jar:/home/user/.m2/repository/javax/xml/bind/jaxb-api/2.3.0/jaxb-api-2.3.0.jar:/home/user/.m2/repository/javax/activation/activation/1.1.1/activation-1.1.1.jar:/home/user/.m2/repository/org/apache/hadoop/hadoop-ozone-csi/0.5.0-SNAPSHOT/hadoop-ozone-csi-0.5.0-SNAPSHOT.jar:/home/user/.m2/repository/com/google/protobuf/protobuf-java-util/3.5.1/protobuf-java-util-3.5.1.jar:/home/user/.m2/repository/org/apache/hadoop/hadoop-hdds-config/0.5.0-SNAPSHOT/hadoop-hdds-config-0.5.0-SNAPSHOT.jar:/home/user/.m2/repository/io/grpc/grpc-netty/1.17.1/grpc-netty-1.17.1.jar:/home/user/.m2/repository/io/grpc/grpc-core/1.17.1/grpc-core-1.17.1.jar:/home/user/.m2/repository/io/grpc/grpc-context/1.17.1/grpc-context-1.17.1.jar:/home/user/.m2/repository/com/google/errorprone/error_prone_annotations/2.2.0/error_prone_annotations-2.2.0.jar:/home/user/.m2/repository/org/codehaus/mojo/animal-sniffer-annotations/1.17/animal-sniffer-annotations-1.17.jar:/home/user/.m2/repository/io/opencensus/opencensus-api/0.17.0/opencensus-api-0.17.0.jar:/home/user/.m2/repository/io/opencensus/opencensus-contrib-grpc-metrics/0.17.0/opencensus-contrib-grpc-metrics-0.17.0.jar:/home/user/.m2/repository/io/netty/netty-codec-http2/4.1.30.Final/netty-codec-http2-4.1.30.Final.jar:/home/user/.m2/repository/io/netty/netty-codec-http/4.1.30.Final/netty-codec-http-4.1.30.Final.jar:/home/user/.m2/repository/io/netty/netty-codec/4.1.30.Final/netty-codec-4.1.30.Final.jar:/home/user/.m2/repository/io/netty/netty-handler/4.1.30.Final/netty-handler-4.1.30.Final.jar:/home/user/.m2/repository/io/netty/netty-handler-proxy/4.1.30.Final/netty-handler-proxy-4.1.30.Final.jar:/home/user/.m2/repository/io/netty/netty-codec-socks/4.1.30.Final/netty-codec-socks-4.1.30.Final.jar:/home/user/.m2/repository/io/netty/netty-transport-native-epoll/4.1.30.Final/netty-transport-native-epoll-4.1.30.Final.jar:/home/user/.m2/repository/io/netty/netty-common/4.1.30.Final/netty-common-4.1.30.Final.jar:/home/user/.m2/repository/io/netty/netty-buffer/4.1.30.Final/netty-buffer-4.1.30.Final.jar:/home/user/.m2/repository/io/netty/netty-transport/4.1.30.Final/netty-transport-4.1.30.Final.jar:/home/user/.m2/repository/io/netty/netty-resolver/4.1.30.Final/netty-resolver-4.1.30.Final.jar:/home/user/.m2/repository/io/netty/netty-transport-native-unix-common/4.1.30.Final/netty-transport-native-unix-common-4.1.30.Final.jar:/home/user/.m2/repository/io/grpc/grpc-protobuf/1.17.1/grpc-protobuf-1.17.1.jar:/home/user/.m2/repository/com/google/api/grpc/proto-google-common-protos/1.0.0/proto-google-common-protos-1.0.0.jar:/home/user/.m2/repository/io/grpc/grpc-protobuf-lite/1.17.1/grpc-protobuf-lite-1.17.1.jar:/home/user/.m2/repository/io/grpc/grpc-stub/1.17.1/grpc-stub-1.17.1.jar:/home/user/.m2/repository/org/apache/hadoop/hadoop-ozone-recon/0.5.0-SNAPSHOT/hadoop-ozone-recon-0.5.0-SNAPSHOT.jar:/home/user/.m2/repository/org/apache/hadoop/hadoop-ozone-reconcodegen/0.5.0-SNAPSHOT/hadoop-ozone-reconcodegen-0.5.0-SNAPSHOT.jar:/home/user/.m2/repository/com/google/inject/extensions/guice-multibindings/4.0/guice-multibindings-4.0.jar:/home/user/.m2/repository/com/google/inject/guice/4.0/guice-4.0.jar:/home/user/.m2/repository/aopalliance/aopalliance/1.0/aopalliance-1.0.jar:/home/user/.m2/repository/com/google/inject/extensions/guice-servlet/4.0/guice-servlet-4.0.jar:/home/user/.m2/repository/org/glassfish/jersey/containers/jersey-container-servlet/2.27/jersey-container-servlet-2.27.jar:/home/user/.m2/repository/org/glassfish/hk2/guice-bridge/2.5.0/guice-bridge-2.5.0.jar:/home/user/.m2/repository/org/glassfish/jersey/core/jersey-server/2.27/jersey-server-2.27.jar:/home/user/.m2/repository/org/glassfish/jersey/core/jersey-client/2.27/jersey-client-2.27.jar:/home/user/.m2/repository/org/glassfish/jersey/media/jersey-media-jaxb/2.27/jersey-media-jaxb-2.27.jar:/home/user/.m2/repository/javax/validation/validation-api/1.1.0.Final/validation-api-1.1.0.Final.jar:/home/user/.m2/repository/org/glassfish/jersey/media/jersey-media-json-jackson/2.27/jersey-media-json-jackson-2.27.jar:/home/user/.m2/repository/org/glassfish/jersey/ext/jersey-entity-filtering/2.27/jersey-entity-filtering-2.27.jar:/home/user/.m2/repository/com/google/inject/extensions/guice-assistedinject/4.0/guice-assistedinject-4.0.jar:/home/user/.m2/repository/org/jooq/jooq/3.11.10/jooq-3.11.10.jar:/home/user/.m2/repository/org/jooq/jooq-meta/3.11.10/jooq-meta-3.11.10.jar:/home/user/.m2/repository/org/jooq/jooq-codegen/3.11.10/jooq-codegen-3.11.10.jar:/home/user/.m2/repository/com/jolbox/bonecp/0.8.0.RELEASE/bonecp-0.8.0.RELEASE.jar:/home/user/.m2/repository/org/xerial/sqlite-jdbc/3.25.2/sqlite-jdbc-3.25.2.jar:/home/user/.m2/repository/org/springframework/spring-jdbc/5.1.3.RELEASE/spring-jdbc-5.1.3.RELEASE.jar:/home/user/.m2/repository/org/springframework/spring-beans/5.1.3.RELEASE/spring-beans-5.1.3.RELEASE.jar:/home/user/.m2/repository/org/springframework/spring-core/5.1.3.RELEASE/spring-core-5.1.3.RELEASE.jar:/home/user/.m2/repository/org/springframework/spring-jcl/5.1.3.RELEASE/spring-jcl-5.1.3.RELEASE.jar:/home/user/.m2/repository/org/springframework/spring-tx/5.1.3.RELEASE/spring-tx-5.1.3.RELEASE.jar:/home/user/.m2/repository/org/apache/hadoop/hadoop-ozone-client/0.5.0-SNAPSHOT/hadoop-ozone-client-0.5.0-SNAPSHOT.jar:/home/user/.m2/repository/commons-lang/commons-lang/2.6/commons-lang-2.6.jar:/home/user/.m2/repository/org/apache/hadoop/hadoop-ozone-ozone-manager/0.5.0-SNAPSHOT/hadoop-ozone-ozone-manager-0.5.0-SNAPSHOT-tests.jar:/home/user/.m2/repository/junit/junit/4.11/junit-4.11.jar:/home/user/.m2/repository/org/hamcrest/hamcrest-core/1.3/hamcrest-core-1.3.jar:/home/user/.m2/repository/org/openjdk/jmh/jmh-core/1.19/jmh-core-1.19.jar:/home/user/.m2/repository/net/sf/jopt-simple/jopt-simple/4.6/jopt-simple-4.6.jar:/home/user/.m2/repository/org/apache/commons/commons-math3/3.1.1/commons-math3-3.1.1.jar:/home/user/.m2/repository/org/openjdk/jmh/jmh-generator-annprocess/1.19/jmh-generator-annprocess-1.19.jar:/home/user/.m2/repository/org/mockito/mockito-all/1.8.5/mockito-all-1.8.5.jar:/home/user/.m2/repository/org/apache/hadoop/hadoop-kms/3.2.0/hadoop-kms-3.2.0.jar:/home/user/.m2/repository/org/apache/hadoop/hadoop-auth/3.2.0/hadoop-auth-3.2.0.jar:/home/user/.m2/repository/com/nimbusds/nimbus-jose-jwt/4.41.1/nimbus-jose-jwt-4.41.1.jar:/home/user/.m2/repository/com/github/stephenc/jcip/jcip-annotations/1.0-1/jcip-annotations-1.0-1.jar:/home/user/.m2/repository/net/minidev/json-smart/2.3/json-smart-2.3.jar:/home/user/.m2/repository/net/minidev/accessors-smart/1.2/accessors-smart-1.2.jar:/home/user/.m2/repository/org/ow2/asm/asm/5.0.4/asm-5.0.4.jar:/home/user/.m2/repository/org/apache/curator/curator-framework/2.12.0/curator-framework-2.12.0.jar:/home/user/.m2/repository/com/sun/jersey/jersey-core/1.19/jersey-core-1.19.jar:/home/user/.m2/repository/javax/ws/rs/jsr311-api/1.1.1/jsr311-api-1.1.1.jar:/home/user/.m2/repository/com/sun/jersey/jersey-server/1.19/jersey-server-1.19.jar:/home/user/.m2/repository/javax/servlet/javax.servlet-api/3.1.0/javax.servlet-api-3.1.0.jar:/home/user/.m2/repository/org/eclipse/jetty/jetty-server/9.3.25.v20180904/jetty-server-9.3.25.v20180904.jar:/home/user/.m2/repository/org/eclipse/jetty/jetty-http/9.3.25.v20180904/jetty-http-9.3.25.v20180904.jar:/home/user/.m2/repository/org/eclipse/jetty/jetty-io/9.3.25.v20180904/jetty-io-9.3.25.v20180904.jar:/home/user/.m2/repository/org/eclipse/jetty/jetty-webapp/9.3.25.v20180904/jetty-webapp-9.3.25.v20180904.jar:/home/user/.m2/repository/org/eclipse/jetty/jetty-xml/9.3.25.v20180904/jetty-xml-9.3.25.v20180904.jar:/home/user/.m2/repository/log4j/log4j/1.2.17/log4j-1.2.17.jar:/home/user/.m2/repository/org/slf4j/slf4j-api/1.7.25/slf4j-api-1.7.25.jar:/home/user/.m2/repository/org/slf4j/jul-to-slf4j/1.7.25/jul-to-slf4j-1.7.25.jar:/home/user/.m2/repository/org/eclipse/jetty/jetty-util/9.3.25.v20180904/jetty-util-9.3.25.v20180904.jar:/home/user/.m2/repository/com/fasterxml/jackson/core/jackson-databind/2.9.9/jackson-databind-2.9.9.jar:/home/user/.m2/repository/org/apache/hadoop/hadoop-kms/3.2.0/hadoop-kms-3.2.0-tests.jar:/home/user/.m2/repository/org/apache/hadoop/hadoop-hdds-server-scm/0.5.0-SNAPSHOT/hadoop-hdds-server-scm-0.5.0-SNAPSHOT-tests.jar:/home/user/.m2/repository/org/apache/hadoop/hadoop-hdds-container-service/0.5.0-SNAPSHOT/hadoop-hdds-container-service-0.5.0-SNAPSHOT-tests.jar:/home/user/.m2/repository/org/yaml/snakeyaml/1.16/snakeyaml-1.16.jar:/home/user/.m2/repository/org/apache/hadoop/hadoop-common/3.2.0/hadoop-common-3.2.0-tests.jar:/home/user/.m2/repository/org/apache/hadoop/hadoop-annotations/3.2.0/hadoop-annotations-3.2.0.jar:/usr/lib/jvm/java-1.8-openjdk/jre/../lib/tools.jar:/home/user/.m2/repository/commons-cli/commons-cli/1.2/commons-cli-1.2.jar:/home/user/.m2/repository/org/apache/httpcomponents/httpclient/4.5.2/httpclient-4.5.2.jar:/home/user/.m2/repository/org/apache/httpcomponents/httpcore/4.4.4/httpcore-4.4.4.jar:/home/user/.m2/repository/commons-codec/commons-codec/1.11/commons-codec-1.11.jar:/home/user/.m2/repository/commons-net/commons-net/3.6/commons-net-3.6.jar:/home/user/.m2/repository/commons-collections/commons-collections/3.2.2/commons-collections-3.2.2.jar:/home/user/.m2/repository/org/eclipse/jetty/jetty-servlet/9.3.25.v20180904/jetty-servlet-9.3.25.v20180904.jar:/home/user/.m2/repository/org/eclipse/jetty/jetty-security/9.3.25.v20180904/jetty-security-9.3.25.v20180904.jar:/home/user/.m2/repository/javax/servlet/jsp/jsp-api/2.1/jsp-api-2.1.jar:/home/user/.m2/repository/com/sun/jersey/jersey-servlet/1.19/jersey-servlet-1.19.jar:/home/user/.m2/repository/com/sun/jersey/jersey-json/1.19/jersey-json-1.19.jar:/home/user/.m2/repository/org/codehaus/jettison/jettison/1.1/jettison-1.1.jar:/home/user/.m2/repository/org/codehaus/jackson/jackson-core-asl/1.9.13/jackson-core-asl-1.9.13.jar:/home/user/.m2/repository/org/codehaus/jackson/jackson-mapper-asl/1.9.13/jackson-mapper-asl-1.9.13.jar:/home/user/.m2/repository/org/codehaus/jackson/jackson-jaxrs/1.9.13/jackson-jaxrs-1.9.13.jar:/home/user/.m2/repository/org/codehaus/jackson/jackson-xc/1.9.13/jackson-xc-1.9.13.jar:/home/user/.m2/repository/commons-logging/commons-logging/1.1.3/commons-logging-1.1.3.jar:/home/user/.m2/repository/commons-beanutils/commons-beanutils/1.9.4/commons-beanutils-1.9.4.jar:/home/user/.m2/repository/org/apache/commons/commons-configuration2/2.1.1/commons-configuration2-2.1.1.jar:/home/user/.m2/repository/org/apache/commons/commons-lang3/3.7/commons-lang3-3.7.jar:/home/user/.m2/repository/org/apache/commons/commons-text/1.4/commons-text-1.4.jar:/home/user/.m2/repository/org/apache/avro/avro/1.7.7/avro-1.7.7.jar:/home/user/.m2/repository/com/thoughtworks/paranamer/paranamer/2.3/paranamer-2.3.jar:/home/user/.m2/repository/org/xerial/snappy/snappy-java/1.0.5/snappy-java-1.0.5.jar:/home/user/.m2/repository/com/google/re2j/re2j/1.1/re2j-1.1.jar:/home/user/.m2/repository/com/google/code/gson/gson/2.2.4/gson-2.2.4.jar:/home/user/.m2/repository/com/jcraft/jsch/0.1.54/jsch-0.1.54.jar:/home/user/.m2/repository/org/apache/curator/curator-client/2.12.0/curator-client-2.12.0.jar:/home/user/.m2/repository/org/apache/curator/curator-recipes/2.12.0/curator-recipes-2.12.0.jar:/home/user/.m2/repository/com/google/code/findbugs/jsr305/3.0.0/jsr305-3.0.0.jar:/home/user/.m2/repository/org/apache/htrace/htrace-core4/4.1.0-incubating/htrace-core4-4.1.0-incubating.jar:/home/user/.m2/repository/org/apache/zookeeper/zookeeper/3.4.13/zookeeper-3.4.13.jar:/home/user/.m2/repository/jline/jline/0.9.94/jline-0.9.94.jar:/home/user/.m2/repository/org/apache/yetus/audience-annotations/0.5.0/audience-annotations-0.5.0.jar:/home/user/.m2/repository/org/codehaus/woodstox/stax2-api/3.1.4/stax2-api-3.1.4.jar:/home/user/.m2/repository/com/fasterxml/woodstox/woodstox-core/5.0.3/woodstox-core-5.0.3.jar:/home/user/.m2/repository/dnsjava/dnsjava/2.1.7/dnsjava-2.1.7.jar:/home/user/.m2/repository/org/apache/hadoop/hadoop-hdfs/3.2.0/hadoop-hdfs-3.2.0-tests.jar:/home/user/.m2/repository/org/eclipse/jetty/jetty-util-ajax/9.3.25.v20180904/jetty-util-ajax-9.3.25.v20180904.jar:/home/user/.m2/repository/commons-daemon/commons-daemon/1.0.13/commons-daemon-1.0.13.jar:/home/user/.m2/repository/io/netty/netty/3.10.5.Final/netty-3.10.5.Final.jar:/home/user/.m2/repository/io/netty/netty-all/4.0.52.Final/netty-all-4.0.52.Final.jar:/home/user/.m2/repository/org/fusesource/leveldbjni/leveldbjni-all/1.8/leveldbjni-all-1.8.jar:"/>
    <property name="java.vm.vendor" value="IcedTea"/>
    <property name="sun.arch.data.model" value="64"/>
    <property name="test.build.dir" value="/workdir/hadoop-ozone/integration-test/target/test-dir"/>
    <property name="test.cache.data" value=""/>
    <property name="java.vendor.url" value="https://icedtea.classpath.org"/>
    <property name="user.timezone" value=""/>
    <property name="java.vm.specification.version" value="1.8"/>
    <property name="os.name" value="Linux"/>
    <property name="test.build.data" value="/workdir/hadoop-ozone/integration-test/target/test-dir"/>
    <property name="user.country" value="US"/>
    <property name="sun.java.launcher" value="SUN_STANDARD"/>
    <property name="sun.boot.library.path" value="/usr/lib/jvm/java-1.8-openjdk/jre/lib/amd64"/>
    <property name="sun.java.command" value="/workdir/hadoop-ozone/integration-test/target/surefire/surefirebooter5970697354454083043.jar /workdir/hadoop-ozone/integration-test/target/surefire 2019-10-01T11-46-17_114-jvmRun1 surefire5508481231900524464tmp surefire_557163995995512550454tmp"/>
    <property name="test" value="!TestMiniChaosOzoneCluster"/>
    <property name="surefire.test.class.path" value="/workdir/hadoop-ozone/integration-test/target/test-classes:/workdir/hadoop-ozone/integration-test/target/classes:/home/user/.m2/repository/org/apache/hadoop/hadoop-ozone-common/0.5.0-SNAPSHOT/hadoop-ozone-common-0.5.0-SNAPSHOT.jar:/home/user/.m2/repository/org/apache/commons/commons-compress/1.4.1/commons-compress-1.4.1.jar:/home/user/.m2/repository/org/tukaani/xz/1.0/xz-1.0.jar:/home/user/.m2/repository/org/apache/hadoop/hadoop-common/3.2.0/hadoop-common-3.2.0.jar:/home/user/.m2/repository/org/apache/hadoop/hadoop-hdfs/3.2.0/hadoop-hdfs-3.2.0.jar:/home/user/.m2/repository/org/apache/hadoop/hadoop-hdfs-client/3.2.0/hadoop-hdfs-client-3.2.0.jar:/home/user/.m2/repository/com/fasterxml/jackson/core/jackson-annotations/2.9.9/jackson-annotations-2.9.9.jar:/home/user/.m2/repository/org/apache/hadoop/hadoop-hdds-common/0.5.0-SNAPSHOT/hadoop-hdds-common-0.5.0-SNAPSHOT.jar:/home/user/.m2/repository/javax/annotation/javax.annotation-api/1.2/javax.annotation-api-1.2.jar:/home/user/.m2/repository/org/apache/ratis/ratis-server/0.5.0-201fc85-SNAPSHOT/ratis-server-0.5.0-201fc85-SNAPSHOT.jar:/home/user/.m2/repository/org/apache/ratis/ratis-thirdparty-misc/0.2.0/ratis-thirdparty-misc-0.2.0.jar:/home/user/.m2/repository/org/apache/ratis/ratis-proto/0.5.0-201fc85-SNAPSHOT/ratis-proto-0.5.0-201fc85-SNAPSHOT.jar:/home/user/.m2/repository/org/apache/ratis/ratis-common/0.5.0-201fc85-SNAPSHOT/ratis-common-0.5.0-201fc85-SNAPSHOT.jar:/home/user/.m2/repository/org/apache/ratis/ratis-client/0.5.0-201fc85-SNAPSHOT/ratis-client-0.5.0-201fc85-SNAPSHOT.jar:/home/user/.m2/repository/org/apache/ratis/ratis-metrics/0.5.0-201fc85-SNAPSHOT/ratis-metrics-0.5.0-201fc85-SNAPSHOT.jar:/home/user/.m2/repository/com/github/joshelser/dropwizard-metrics-hadoop-metrics2-reporter/0.1.2/dropwizard-metrics-hadoop-metrics2-reporter-0.1.2.jar:/home/user/.m2/repository/io/dropwizard/metrics/metrics-jvm/3.2.5/metrics-jvm-3.2.5.jar:/home/user/.m2/repository/io/dropwizard/metrics/metrics-ganglia/3.2.5/metrics-ganglia-3.2.5.jar:/home/user/.m2/repository/info/ganglia/gmetric4j/gmetric4j/1.0.7/gmetric4j-1.0.7.jar:/home/user/.m2/repository/org/apache/ratis/ratis-netty/0.5.0-201fc85-SNAPSHOT/ratis-netty-0.5.0-201fc85-SNAPSHOT.jar:/home/user/.m2/repository/org/apache/ratis/ratis-grpc/0.5.0-201fc85-SNAPSHOT/ratis-grpc-0.5.0-201fc85-SNAPSHOT.jar:/home/user/.m2/repository/org/rocksdb/rocksdbjni/6.0.1/rocksdbjni-6.0.1.jar:/home/user/.m2/repository/org/apache/logging/log4j/log4j-api/2.11.0/log4j-api-2.11.0.jar:/home/user/.m2/repository/org/apache/logging/log4j/log4j-core/2.11.0/log4j-core-2.11.0.jar:/home/user/.m2/repository/com/lmax/disruptor/3.4.2/disruptor-3.4.2.jar:/home/user/.m2/repository/org/apache/commons/commons-pool2/2.6.0/commons-pool2-2.6.0.jar:/home/user/.m2/repository/org/bouncycastle/bcpkix-jdk15on/1.60/bcpkix-jdk15on-1.60.jar:/home/user/.m2/repository/commons-validator/commons-validator/1.6/commons-validator-1.6.jar:/home/user/.m2/repository/commons-digester/commons-digester/1.8.1/commons-digester-1.8.1.jar:/home/user/.m2/repository/io/jaegertracing/jaeger-client/0.34.0/jaeger-client-0.34.0.jar:/home/user/.m2/repository/io/jaegertracing/jaeger-thrift/0.34.0/jaeger-thrift-0.34.0.jar:/home/user/.m2/repository/org/apache/thrift/libthrift/0.12.0/libthrift-0.12.0.jar:/home/user/.m2/repository/com/squareup/okhttp3/okhttp/3.9.0/okhttp-3.9.0.jar:/home/user/.m2/repository/com/squareup/okio/okio/1.13.0/okio-1.13.0.jar:/home/user/.m2/repository/io/jaegertracing/jaeger-core/0.34.0/jaeger-core-0.34.0.jar:/home/user/.m2/repository/io/jaegertracing/jaeger-tracerresolver/0.34.0/jaeger-tracerresolver-0.34.0.jar:/home/user/.m2/repository/io/opentracing/contrib/opentracing-tracerresolver/0.1.5/opentracing-tracerresolver-0.1.5.jar:/home/user/.m2/repository/io/opentracing/opentracing-util/0.31.0/opentracing-util-0.31.0.jar:/home/user/.m2/repository/io/opentracing/opentracing-api/0.31.0/opentracing-api-0.31.0.jar:/home/user/.m2/repository/io/opentracing/opentracing-noop/0.31.0/opentracing-noop-0.31.0.jar:/home/user/.m2/repository/org/apache/hadoop/hadoop-hdds-server-framework/0.5.0-SNAPSHOT/hadoop-hdds-server-framework-0.5.0-SNAPSHOT.jar:/home/user/.m2/repository/org/apache/hadoop/hadoop-hdds-container-service/0.5.0-SNAPSHOT/hadoop-hdds-container-service-0.5.0-SNAPSHOT.jar:/home/user/.m2/repository/org/apache/hadoop/hadoop-hdds-client/0.5.0-SNAPSHOT/hadoop-hdds-client-0.5.0-SNAPSHOT.jar:/home/user/.m2/repository/org/apache/hadoop/hadoop-hdds-tools/0.5.0-SNAPSHOT/hadoop-hdds-tools-0.5.0-SNAPSHOT.jar:/home/user/.m2/repository/org/apache/hadoop/hadoop-hdds-server-scm/0.5.0-SNAPSHOT/hadoop-hdds-server-scm-0.5.0-SNAPSHOT.jar:/home/user/.m2/repository/org/apache/hadoop/hadoop-hdds-docs/0.5.0-SNAPSHOT/hadoop-hdds-docs-0.5.0-SNAPSHOT.jar:/home/user/.m2/repository/io/dropwizard/metrics/metrics-core/3.2.4/metrics-core-3.2.4.jar:/home/user/.m2/repository/org/hamcrest/hamcrest-all/1.3/hamcrest-all-1.3.jar:/home/user/.m2/repository/org/bouncycastle/bcprov-jdk15on/1.60/bcprov-jdk15on-1.60.jar:/home/user/.m2/repository/info/picocli/picocli/3.9.6/picocli-3.9.6.jar:/home/user/.m2/repository/com/google/protobuf/protobuf-java/2.5.0/protobuf-java-2.5.0.jar:/home/user/.m2/repository/com/google/guava/guava/11.0.2/guava-11.0.2.jar:/home/user/.m2/repository/org/apache/hadoop/hadoop-ozone-ozone-manager/0.5.0-SNAPSHOT/hadoop-ozone-ozone-manager-0.5.0-SNAPSHOT.jar:/home/user/.m2/repository/org/apache/hadoop/hadoop-minikdc/3.2.0/hadoop-minikdc-3.2.0.jar:/home/user/.m2/repository/commons-io/commons-io/2.5/commons-io-2.5.jar:/home/user/.m2/repository/org/apache/kerby/kerb-simplekdc/1.0.1/kerb-simplekdc-1.0.1.jar:/home/user/.m2/repository/org/apache/kerby/kerb-client/1.0.1/kerb-client-1.0.1.jar:/home/user/.m2/repository/org/apache/kerby/kerby-config/1.0.1/kerby-config-1.0.1.jar:/home/user/.m2/repository/org/apache/kerby/kerb-core/1.0.1/kerb-core-1.0.1.jar:/home/user/.m2/repository/org/apache/kerby/kerby-pkix/1.0.1/kerby-pkix-1.0.1.jar:/home/user/.m2/repository/org/apache/kerby/kerby-asn1/1.0.1/kerby-asn1-1.0.1.jar:/home/user/.m2/repository/org/apache/kerby/kerby-util/1.0.1/kerby-util-1.0.1.jar:/home/user/.m2/repository/org/apache/kerby/kerb-common/1.0.1/kerb-common-1.0.1.jar:/home/user/.m2/repository/org/apache/kerby/kerb-crypto/1.0.1/kerb-crypto-1.0.1.jar:/home/user/.m2/repository/org/apache/kerby/kerb-util/1.0.1/kerb-util-1.0.1.jar:/home/user/.m2/repository/org/apache/kerby/token-provider/1.0.1/token-provider-1.0.1.jar:/home/user/.m2/repository/org/apache/kerby/kerb-admin/1.0.1/kerb-admin-1.0.1.jar:/home/user/.m2/repository/org/apache/kerby/kerb-server/1.0.1/kerb-server-1.0.1.jar:/home/user/.m2/repository/org/apache/kerby/kerb-identity/1.0.1/kerb-identity-1.0.1.jar:/home/user/.m2/repository/org/apache/kerby/kerby-xdr/1.0.1/kerby-xdr-1.0.1.jar:/home/user/.m2/repository/org/slf4j/slf4j-log4j12/1.7.25/slf4j-log4j12-1.7.25.jar:/home/user/.m2/repository/org/apache/hadoop/hadoop-ozone-s3gateway/0.5.0-SNAPSHOT/hadoop-ozone-s3gateway-0.5.0-SNAPSHOT.jar:/home/user/.m2/repository/org/jboss/weld/servlet/weld-servlet/2.4.7.Final/weld-servlet-2.4.7.Final.jar:/home/user/.m2/repository/org/glassfish/jersey/containers/jersey-container-servlet-core/2.27/jersey-container-servlet-core-2.27.jar:/home/user/.m2/repository/org/glassfish/hk2/external/javax.inject/2.5.0-b42/javax.inject-2.5.0-b42.jar:/home/user/.m2/repository/org/glassfish/jersey/core/jersey-common/2.27/jersey-common-2.27.jar:/home/user/.m2/repository/org/glassfish/hk2/osgi-resource-locator/1.0.1/osgi-resource-locator-1.0.1.jar:/home/user/.m2/repository/javax/ws/rs/javax.ws.rs-api/2.1/javax.ws.rs-api-2.1.jar:/home/user/.m2/repository/org/glassfish/jersey/ext/cdi/jersey-cdi1x/2.27/jersey-cdi1x-2.27.jar:/home/user/.m2/repository/org/glassfish/jersey/inject/jersey-hk2/2.27/jersey-hk2-2.27.jar:/home/user/.m2/repository/org/glassfish/hk2/hk2-locator/2.5.0-b42/hk2-locator-2.5.0-b42.jar:/home/user/.m2/repository/org/javassist/javassist/3.22.0-CR2/javassist-3.22.0-CR2.jar:/home/user/.m2/repository/org/glassfish/hk2/hk2-api/2.5.0/hk2-api-2.5.0.jar:/home/user/.m2/repository/org/glassfish/hk2/external/jakarta.inject/2.5.0/jakarta.inject-2.5.0.jar:/home/user/.m2/repository/org/glassfish/hk2/hk2-utils/2.5.0/hk2-utils-2.5.0.jar:/home/user/.m2/repository/jakarta/annotation/jakarta.annotation-api/1.3.4/jakarta.annotation-api-1.3.4.jar:/home/user/.m2/repository/org/glassfish/hk2/external/aopalliance-repackaged/2.5.0/aopalliance-repackaged-2.5.0.jar:/home/user/.m2/repository/com/fasterxml/jackson/dataformat/jackson-dataformat-xml/2.9.0/jackson-dataformat-xml-2.9.0.jar:/home/user/.m2/repository/com/fasterxml/jackson/core/jackson-core/2.9.9/jackson-core-2.9.9.jar:/home/user/.m2/repository/com/fasterxml/jackson/module/jackson-module-jaxb-annotations/2.9.9/jackson-module-jaxb-annotations-2.9.9.jar:/home/user/.m2/repository/javax/enterprise/cdi-api/1.2/cdi-api-1.2.jar:/home/user/.m2/repository/javax/el/javax.el-api/3.0.0/javax.el-api-3.0.0.jar:/home/user/.m2/repository/javax/interceptor/javax.interceptor-api/1.2/javax.interceptor-api-1.2.jar:/home/user/.m2/repository/javax/inject/javax.inject/1/javax.inject-1.jar:/home/user/.m2/repository/com/sun/xml/bind/jaxb-impl/2.3.0.1/jaxb-impl-2.3.0.1.jar:/home/user/.m2/repository/com/sun/xml/bind/jaxb-core/2.3.0.1/jaxb-core-2.3.0.1.jar:/home/user/.m2/repository/javax/xml/bind/jaxb-api/2.3.0/jaxb-api-2.3.0.jar:/home/user/.m2/repository/javax/activation/activation/1.1.1/activation-1.1.1.jar:/home/user/.m2/repository/org/apache/hadoop/hadoop-ozone-csi/0.5.0-SNAPSHOT/hadoop-ozone-csi-0.5.0-SNAPSHOT.jar:/home/user/.m2/repository/com/google/protobuf/protobuf-java-util/3.5.1/protobuf-java-util-3.5.1.jar:/home/user/.m2/repository/org/apache/hadoop/hadoop-hdds-config/0.5.0-SNAPSHOT/hadoop-hdds-config-0.5.0-SNAPSHOT.jar:/home/user/.m2/repository/io/grpc/grpc-netty/1.17.1/grpc-netty-1.17.1.jar:/home/user/.m2/repository/io/grpc/grpc-core/1.17.1/grpc-core-1.17.1.jar:/home/user/.m2/repository/io/grpc/grpc-context/1.17.1/grpc-context-1.17.1.jar:/home/user/.m2/repository/com/google/errorprone/error_prone_annotations/2.2.0/error_prone_annotations-2.2.0.jar:/home/user/.m2/repository/org/codehaus/mojo/animal-sniffer-annotations/1.17/animal-sniffer-annotations-1.17.jar:/home/user/.m2/repository/io/opencensus/opencensus-api/0.17.0/opencensus-api-0.17.0.jar:/home/user/.m2/repository/io/opencensus/opencensus-contrib-grpc-metrics/0.17.0/opencensus-contrib-grpc-metrics-0.17.0.jar:/home/user/.m2/repository/io/netty/netty-codec-http2/4.1.30.Final/netty-codec-http2-4.1.30.Final.jar:/home/user/.m2/repository/io/netty/netty-codec-http/4.1.30.Final/netty-codec-http-4.1.30.Final.jar:/home/user/.m2/repository/io/netty/netty-codec/4.1.30.Final/netty-codec-4.1.30.Final.jar:/home/user/.m2/repository/io/netty/netty-handler/4.1.30.Final/netty-handler-4.1.30.Final.jar:/home/user/.m2/repository/io/netty/netty-handler-proxy/4.1.30.Final/netty-handler-proxy-4.1.30.Final.jar:/home/user/.m2/repository/io/netty/netty-codec-socks/4.1.30.Final/netty-codec-socks-4.1.30.Final.jar:/home/user/.m2/repository/io/netty/netty-transport-native-epoll/4.1.30.Final/netty-transport-native-epoll-4.1.30.Final.jar:/home/user/.m2/repository/io/netty/netty-common/4.1.30.Final/netty-common-4.1.30.Final.jar:/home/user/.m2/repository/io/netty/netty-buffer/4.1.30.Final/netty-buffer-4.1.30.Final.jar:/home/user/.m2/repository/io/netty/netty-transport/4.1.30.Final/netty-transport-4.1.30.Final.jar:/home/user/.m2/repository/io/netty/netty-resolver/4.1.30.Final/netty-resolver-4.1.30.Final.jar:/home/user/.m2/repository/io/netty/netty-transport-native-unix-common/4.1.30.Final/netty-transport-native-unix-common-4.1.30.Final.jar:/home/user/.m2/repository/io/grpc/grpc-protobuf/1.17.1/grpc-protobuf-1.17.1.jar:/home/user/.m2/repository/com/google/api/grpc/proto-google-common-protos/1.0.0/proto-google-common-protos-1.0.0.jar:/home/user/.m2/repository/io/grpc/grpc-protobuf-lite/1.17.1/grpc-protobuf-lite-1.17.1.jar:/home/user/.m2/repository/io/grpc/grpc-stub/1.17.1/grpc-stub-1.17.1.jar:/home/user/.m2/repository/org/apache/hadoop/hadoop-ozone-recon/0.5.0-SNAPSHOT/hadoop-ozone-recon-0.5.0-SNAPSHOT.jar:/home/user/.m2/repository/org/apache/hadoop/hadoop-ozone-reconcodegen/0.5.0-SNAPSHOT/hadoop-ozone-reconcodegen-0.5.0-SNAPSHOT.jar:/home/user/.m2/repository/com/google/inject/extensions/guice-multibindings/4.0/guice-multibindings-4.0.jar:/home/user/.m2/repository/com/google/inject/guice/4.0/guice-4.0.jar:/home/user/.m2/repository/aopalliance/aopalliance/1.0/aopalliance-1.0.jar:/home/user/.m2/repository/com/google/inject/extensions/guice-servlet/4.0/guice-servlet-4.0.jar:/home/user/.m2/repository/org/glassfish/jersey/containers/jersey-container-servlet/2.27/jersey-container-servlet-2.27.jar:/home/user/.m2/repository/org/glassfish/hk2/guice-bridge/2.5.0/guice-bridge-2.5.0.jar:/home/user/.m2/repository/org/glassfish/jersey/core/jersey-server/2.27/jersey-server-2.27.jar:/home/user/.m2/repository/org/glassfish/jersey/core/jersey-client/2.27/jersey-client-2.27.jar:/home/user/.m2/repository/org/glassfish/jersey/media/jersey-media-jaxb/2.27/jersey-media-jaxb-2.27.jar:/home/user/.m2/repository/javax/validation/validation-api/1.1.0.Final/validation-api-1.1.0.Final.jar:/home/user/.m2/repository/org/glassfish/jersey/media/jersey-media-json-jackson/2.27/jersey-media-json-jackson-2.27.jar:/home/user/.m2/repository/org/glassfish/jersey/ext/jersey-entity-filtering/2.27/jersey-entity-filtering-2.27.jar:/home/user/.m2/repository/com/google/inject/extensions/guice-assistedinject/4.0/guice-assistedinject-4.0.jar:/home/user/.m2/repository/org/jooq/jooq/3.11.10/jooq-3.11.10.jar:/home/user/.m2/repository/org/jooq/jooq-meta/3.11.10/jooq-meta-3.11.10.jar:/home/user/.m2/repository/org/jooq/jooq-codegen/3.11.10/jooq-codegen-3.11.10.jar:/home/user/.m2/repository/com/jolbox/bonecp/0.8.0.RELEASE/bonecp-0.8.0.RELEASE.jar:/home/user/.m2/repository/org/xerial/sqlite-jdbc/3.25.2/sqlite-jdbc-3.25.2.jar:/home/user/.m2/repository/org/springframework/spring-jdbc/5.1.3.RELEASE/spring-jdbc-5.1.3.RELEASE.jar:/home/user/.m2/repository/org/springframework/spring-beans/5.1.3.RELEASE/spring-beans-5.1.3.RELEASE.jar:/home/user/.m2/repository/org/springframework/spring-core/5.1.3.RELEASE/spring-core-5.1.3.RELEASE.jar:/home/user/.m2/repository/org/springframework/spring-jcl/5.1.3.RELEASE/spring-jcl-5.1.3.RELEASE.jar:/home/user/.m2/repository/org/springframework/spring-tx/5.1.3.RELEASE/spring-tx-5.1.3.RELEASE.jar:/home/user/.m2/repository/org/apache/hadoop/hadoop-ozone-client/0.5.0-SNAPSHOT/hadoop-ozone-client-0.5.0-SNAPSHOT.jar:/home/user/.m2/repository/commons-lang/commons-lang/2.6/commons-lang-2.6.jar:/home/user/.m2/repository/org/apache/hadoop/hadoop-ozone-ozone-manager/0.5.0-SNAPSHOT/hadoop-ozone-ozone-manager-0.5.0-SNAPSHOT-tests.jar:/home/user/.m2/repository/junit/junit/4.11/junit-4.11.jar:/home/user/.m2/repository/org/hamcrest/hamcrest-core/1.3/hamcrest-core-1.3.jar:/home/user/.m2/repository/org/openjdk/jmh/jmh-core/1.19/jmh-core-1.19.jar:/home/user/.m2/repository/net/sf/jopt-simple/jopt-simple/4.6/jopt-simple-4.6.jar:/home/user/.m2/repository/org/apache/commons/commons-math3/3.1.1/commons-math3-3.1.1.jar:/home/user/.m2/repository/org/openjdk/jmh/jmh-generator-annprocess/1.19/jmh-generator-annprocess-1.19.jar:/home/user/.m2/repository/org/mockito/mockito-all/1.8.5/mockito-all-1.8.5.jar:/home/user/.m2/repository/org/apache/hadoop/hadoop-kms/3.2.0/hadoop-kms-3.2.0.jar:/home/user/.m2/repository/org/apache/hadoop/hadoop-auth/3.2.0/hadoop-auth-3.2.0.jar:/home/user/.m2/repository/com/nimbusds/nimbus-jose-jwt/4.41.1/nimbus-jose-jwt-4.41.1.jar:/home/user/.m2/repository/com/github/stephenc/jcip/jcip-annotations/1.0-1/jcip-annotations-1.0-1.jar:/home/user/.m2/repository/net/minidev/json-smart/2.3/json-smart-2.3.jar:/home/user/.m2/repository/net/minidev/accessors-smart/1.2/accessors-smart-1.2.jar:/home/user/.m2/repository/org/ow2/asm/asm/5.0.4/asm-5.0.4.jar:/home/user/.m2/repository/org/apache/curator/curator-framework/2.12.0/curator-framework-2.12.0.jar:/home/user/.m2/repository/com/sun/jersey/jersey-core/1.19/jersey-core-1.19.jar:/home/user/.m2/repository/javax/ws/rs/jsr311-api/1.1.1/jsr311-api-1.1.1.jar:/home/user/.m2/repository/com/sun/jersey/jersey-server/1.19/jersey-server-1.19.jar:/home/user/.m2/repository/javax/servlet/javax.servlet-api/3.1.0/javax.servlet-api-3.1.0.jar:/home/user/.m2/repository/org/eclipse/jetty/jetty-server/9.3.25.v20180904/jetty-server-9.3.25.v20180904.jar:/home/user/.m2/repository/org/eclipse/jetty/jetty-http/9.3.25.v20180904/jetty-http-9.3.25.v20180904.jar:/home/user/.m2/repository/org/eclipse/jetty/jetty-io/9.3.25.v20180904/jetty-io-9.3.25.v20180904.jar:/home/user/.m2/repository/org/eclipse/jetty/jetty-webapp/9.3.25.v20180904/jetty-webapp-9.3.25.v20180904.jar:/home/user/.m2/repository/org/eclipse/jetty/jetty-xml/9.3.25.v20180904/jetty-xml-9.3.25.v20180904.jar:/home/user/.m2/repository/log4j/log4j/1.2.17/log4j-1.2.17.jar:/home/user/.m2/repository/org/slf4j/slf4j-api/1.7.25/slf4j-api-1.7.25.jar:/home/user/.m2/repository/org/slf4j/jul-to-slf4j/1.7.25/jul-to-slf4j-1.7.25.jar:/home/user/.m2/repository/org/eclipse/jetty/jetty-util/9.3.25.v20180904/jetty-util-9.3.25.v20180904.jar:/home/user/.m2/repository/com/fasterxml/jackson/core/jackson-databind/2.9.9/jackson-databind-2.9.9.jar:/home/user/.m2/repository/org/apache/hadoop/hadoop-kms/3.2.0/hadoop-kms-3.2.0-tests.jar:/home/user/.m2/repository/org/apache/hadoop/hadoop-hdds-server-scm/0.5.0-SNAPSHOT/hadoop-hdds-server-scm-0.5.0-SNAPSHOT-tests.jar:/home/user/.m2/repository/org/apache/hadoop/hadoop-hdds-container-service/0.5.0-SNAPSHOT/hadoop-hdds-container-service-0.5.0-SNAPSHOT-tests.jar:/home/user/.m2/repository/org/yaml/snakeyaml/1.16/snakeyaml-1.16.jar:/home/user/.m2/repository/org/apache/hadoop/hadoop-common/3.2.0/hadoop-common-3.2.0-tests.jar:/home/user/.m2/repository/org/apache/hadoop/hadoop-annotations/3.2.0/hadoop-annotations-3.2.0.jar:/usr/lib/jvm/java-1.8-openjdk/jre/../lib/tools.jar:/home/user/.m2/repository/commons-cli/commons-cli/1.2/commons-cli-1.2.jar:/home/user/.m2/repository/org/apache/httpcomponents/httpclient/4.5.2/httpclient-4.5.2.jar:/home/user/.m2/repository/org/apache/httpcomponents/httpcore/4.4.4/httpcore-4.4.4.jar:/home/user/.m2/repository/commons-codec/commons-codec/1.11/commons-codec-1.11.jar:/home/user/.m2/repository/commons-net/commons-net/3.6/commons-net-3.6.jar:/home/user/.m2/repository/commons-collections/commons-collections/3.2.2/commons-collections-3.2.2.jar:/home/user/.m2/repository/org/eclipse/jetty/jetty-servlet/9.3.25.v20180904/jetty-servlet-9.3.25.v20180904.jar:/home/user/.m2/repository/org/eclipse/jetty/jetty-security/9.3.25.v20180904/jetty-security-9.3.25.v20180904.jar:/home/user/.m2/repository/javax/servlet/jsp/jsp-api/2.1/jsp-api-2.1.jar:/home/user/.m2/repository/com/sun/jersey/jersey-servlet/1.19/jersey-servlet-1.19.jar:/home/user/.m2/repository/com/sun/jersey/jersey-json/1.19/jersey-json-1.19.jar:/home/user/.m2/repository/org/codehaus/jettison/jettison/1.1/jettison-1.1.jar:/home/user/.m2/repository/org/codehaus/jackson/jackson-core-asl/1.9.13/jackson-core-asl-1.9.13.jar:/home/user/.m2/repository/org/codehaus/jackson/jackson-mapper-asl/1.9.13/jackson-mapper-asl-1.9.13.jar:/home/user/.m2/repository/org/codehaus/jackson/jackson-jaxrs/1.9.13/jackson-jaxrs-1.9.13.jar:/home/user/.m2/repository/org/codehaus/jackson/jackson-xc/1.9.13/jackson-xc-1.9.13.jar:/home/user/.m2/repository/commons-logging/commons-logging/1.1.3/commons-logging-1.1.3.jar:/home/user/.m2/repository/commons-beanutils/commons-beanutils/1.9.4/commons-beanutils-1.9.4.jar:/home/user/.m2/repository/org/apache/commons/commons-configuration2/2.1.1/commons-configuration2-2.1.1.jar:/home/user/.m2/repository/org/apache/commons/commons-lang3/3.7/commons-lang3-3.7.jar:/home/user/.m2/repository/org/apache/commons/commons-text/1.4/commons-text-1.4.jar:/home/user/.m2/repository/org/apache/avro/avro/1.7.7/avro-1.7.7.jar:/home/user/.m2/repository/com/thoughtworks/paranamer/paranamer/2.3/paranamer-2.3.jar:/home/user/.m2/repository/org/xerial/snappy/snappy-java/1.0.5/snappy-java-1.0.5.jar:/home/user/.m2/repository/com/google/re2j/re2j/1.1/re2j-1.1.jar:/home/user/.m2/repository/com/google/code/gson/gson/2.2.4/gson-2.2.4.jar:/home/user/.m2/repository/com/jcraft/jsch/0.1.54/jsch-0.1.54.jar:/home/user/.m2/repository/org/apache/curator/curator-client/2.12.0/curator-client-2.12.0.jar:/home/user/.m2/repository/org/apache/curator/curator-recipes/2.12.0/curator-recipes-2.12.0.jar:/home/user/.m2/repository/com/google/code/findbugs/jsr305/3.0.0/jsr305-3.0.0.jar:/home/user/.m2/repository/org/apache/htrace/htrace-core4/4.1.0-incubating/htrace-core4-4.1.0-incubating.jar:/home/user/.m2/repository/org/apache/zookeeper/zookeeper/3.4.13/zookeeper-3.4.13.jar:/home/user/.m2/repository/jline/jline/0.9.94/jline-0.9.94.jar:/home/user/.m2/repository/org/apache/yetus/audience-annotations/0.5.0/audience-annotations-0.5.0.jar:/home/user/.m2/repository/org/codehaus/woodstox/stax2-api/3.1.4/stax2-api-3.1.4.jar:/home/user/.m2/repository/com/fasterxml/woodstox/woodstox-core/5.0.3/woodstox-core-5.0.3.jar:/home/user/.m2/repository/dnsjava/dnsjava/2.1.7/dnsjava-2.1.7.jar:/home/user/.m2/repository/org/apache/hadoop/hadoop-hdfs/3.2.0/hadoop-hdfs-3.2.0-tests.jar:/home/user/.m2/repository/org/eclipse/jetty/jetty-util-ajax/9.3.25.v20180904/jetty-util-ajax-9.3.25.v20180904.jar:/home/user/.m2/repository/commons-daemon/commons-daemon/1.0.13/commons-daemon-1.0.13.jar:/home/user/.m2/repository/io/netty/netty/3.10.5.Final/netty-3.10.5.Final.jar:/home/user/.m2/repository/io/netty/netty-all/4.0.52.Final/netty-all-4.0.52.Final.jar:/home/user/.m2/repository/org/fusesource/leveldbjni/leveldbjni-all/1.8/leveldbjni-all-1.8.jar:"/>
    <property name="sun.cpu.endian" value="little"/>
    <property name="user.home" value="/home/user"/>
    <property name="user.language" value="en"/>
    <property name="java.specification.vendor" value="Oracle Corporation"/>
    <property name="java.home" value="/usr/lib/jvm/java-1.8-openjdk/jre"/>
    <property name="java.security.krb5.conf" value="/workdir/hadoop-ozone/integration-test/target/test-classes/krb5.conf"/>
    <property name="basedir" value="/workdir/hadoop-ozone/integration-test"/>
    <property name="file.separator" value="/"/>
    <property name="line.separator" value="&#10;"/>
    <property name="java.vm.specification.vendor" value="Oracle Corporation"/>
    <property name="java.specification.name" value="Java Platform API Specification"/>
    <property name="java.awt.graphicsenv" value="sun.awt.X11GraphicsEnvironment"/>
    <property name="surefire.real.class.path" value="/workdir/hadoop-ozone/integration-test/target/surefire/surefirebooter5970697354454083043.jar"/>
    <property name="hadoop.log.dir" value="/workdir/hadoop-ozone/integration-test/target/log"/>
    <property name="sun.boot.class.path" value="/usr/lib/jvm/java-1.8-openjdk/jre/lib/resources.jar:/usr/lib/jvm/java-1.8-openjdk/jre/lib/rt.jar:/usr/lib/jvm/java-1.8-openjdk/jre/lib/sunrsasign.jar:/usr/lib/jvm/java-1.8-openjdk/jre/lib/jsse.jar:/usr/lib/jvm/java-1.8-openjdk/jre/lib/jce.jar:/usr/lib/jvm/java-1.8-openjdk/jre/lib/charsets.jar:/usr/lib/jvm/java-1.8-openjdk/jre/lib/jfr.jar:/usr/lib/jvm/java-1.8-openjdk/jre/classes"/>
    <property name="sun.management.compiler" value="HotSpot 64-Bit Tiered Compilers"/>
    <property name="java.runtime.version" value="1.8.0_212-b04"/>
    <property name="java.net.preferIPv4Stack" value="true"/>
    <property name="user.name" value="jenkins1000"/>
    <property name="path.separator" value=":"/>
    <property name="java.security.egd" value="file:///dev/urandom"/>
    <property name="os.version" value="3.10.0-957.12.2.el7.x86_64"/>
    <property name="java.endorsed.dirs" value="/usr/lib/jvm/java-1.8-openjdk/jre/lib/endorsed"/>
    <property name="java.runtime.name" value="OpenJDK Runtime Environment"/>
    <property name="file.encoding" value="UTF-8"/>
    <property name="java.vm.name" value="OpenJDK 64-Bit Server VM"/>
    <property name="test.build.webapps" value=""/>
    <property name="localRepository" value="/home/user/.m2/repository"/>
    <property name="java.vendor.url.bug" value="https://icedtea.classpath.org/bugzilla"/>
    <property name="java.io.tmpdir" value="/tmp"/>
    <property name="require.test.libhadoop" value=""/>
    <property name="java.version" value="1.8.0_212"/>
    <property name="user.dir" value="/workdir/hadoop-ozone/integration-test"/>
    <property name="os.arch" value="amd64"/>
    <property name="java.vm.specification.name" value="Java Virtual Machine Specification"/>
    <property name="test.build.classes" value="/workdir/hadoop-ozone/integration-test/target/test-classes"/>
    <property name="java.awt.printerjob" value="sun.print.PSPrinterJob"/>
    <property name="sun.os.patch.level" value="unknown"/>
    <property name="hadoop.tmp.dir" value="/workdir/hadoop-ozone/integration-test/target/tmp"/>
    <property name="java.library.path" value="/usr/lib/jvm/java-1.8-openjdk/jre/lib/amd64/server:/usr/lib/jvm/java-1.8-openjdk/jre/lib/amd64:/usr/lib/jvm/java-1.8-openjdk/jre/../lib/amd64:/workdir/hadoop-ozone/integration-test/target/native/target/usr/local/lib:/workdir/hadoop-ozone/integration-test/../../hadoop-common-project/hadoop-common/target/native/target/usr/local/lib:/usr/java/packages/lib/amd64:/usr/lib64:/lib64:/lib:/usr/lib"/>
    <property name="java.vm.info" value="mixed mode"/>
    <property name="java.vendor" value="IcedTea"/>
    <property name="java.vm.version" value="25.212-b04"/>
    <property name="java.ext.dirs" value="/usr/lib/jvm/java-1.8-openjdk/jre/lib/ext:/usr/java/packages/lib/ext"/>
    <property name="sun.io.unicode.encoding" value="UnicodeLittle"/>
    <property name="java.class.version" value="52.0"/>
  </properties>
  <testcase name="test2DatanodesFailure" classname="org.apache.hadoop.ozone.client.rpc.TestBlockOutputStreamWithFailures" time="43.935"/>
  <testcase name="testDatanodeFailureWithPreAllocation" classname="org.apache.hadoop.ozone.client.rpc.TestBlockOutputStreamWithFailures" time="225.203"/>
  <testcase name="testDatanodeFailureWithSingleNodeRatis" classname="org.apache.hadoop.ozone.client.rpc.TestBlockOutputStreamWithFailures" time="223.403"/>
  <testcase name="testWatchForCommitWithSingleNodeRatis" classname="org.apache.hadoop.ozone.client.rpc.TestBlockOutputStreamWithFailures" time="34.14"/>
  <testcase name="testWatchForCommitDatanodeFailure" classname="org.apache.hadoop.ozone.client.rpc.TestBlockOutputStreamWithFailures" time="39.651"/>
  <testcase name="testFailureWithPrimeSizedData" classname="org.apache.hadoop.ozone.client.rpc.TestBlockOutputStreamWithFailures" time="35.59"/>
  <testcase name="testWatchForCommitWithCloseContainerException" classname="org.apache.hadoop.ozone.client.rpc.TestBlockOutputStreamWithFailures" time="37.056"/>
  <testcase name="testExceptionDuringClose" classname="org.apache.hadoop.ozone.client.rpc.TestBlockOutputStreamWithFailures" time="45.636">
    <failure message="expected:&lt;3&gt; but was:&lt;2&gt;" type="java.lang.AssertionError"><![CDATA[java.lang.AssertionError: expected:<3> but was:<2>
	at org.junit.Assert.fail(Assert.java:88)
	at org.junit.Assert.failNotEquals(Assert.java:743)
	at org.junit.Assert.assertEquals(Assert.java:118)
	at org.junit.Assert.assertEquals(Assert.java:555)
	at org.junit.Assert.assertEquals(Assert.java:542)
	at org.apache.hadoop.ozone.client.rpc.TestBlockOutputStreamWithFailures.testExceptionDuringClose(TestBlockOutputStreamWithFailures.java:746)
	at sun.reflect.NativeMethodAccessorImpl.invoke0(Native Method)
	at sun.reflect.NativeMethodAccessorImpl.invoke(NativeMethodAccessorImpl.java:62)
	at sun.reflect.DelegatingMethodAccessorImpl.invoke(DelegatingMethodAccessorImpl.java:43)
	at java.lang.reflect.Method.invoke(Method.java:498)
	at org.junit.runners.model.FrameworkMethod$1.runReflectiveCall(FrameworkMethod.java:47)
	at org.junit.internal.runners.model.ReflectiveCallable.run(ReflectiveCallable.java:12)
	at org.junit.runners.model.FrameworkMethod.invokeExplosively(FrameworkMethod.java:44)
	at org.junit.internal.runners.statements.InvokeMethod.evaluate(InvokeMethod.java:17)
	at org.junit.internal.runners.statements.RunBefores.evaluate(RunBefores.java:26)
	at org.junit.internal.runners.statements.RunAfters.evaluate(RunAfters.java:27)
	at org.junit.runners.ParentRunner.runLeaf(ParentRunner.java:271)
	at org.junit.runners.BlockJUnit4ClassRunner.runChild(BlockJUnit4ClassRunner.java:70)
	at org.junit.runners.BlockJUnit4ClassRunner.runChild(BlockJUnit4ClassRunner.java:50)
	at org.junit.runners.ParentRunner$3.run(ParentRunner.java:238)
	at org.junit.runners.ParentRunner$1.schedule(ParentRunner.java:63)
	at org.junit.runners.ParentRunner.runChildren(ParentRunner.java:236)
	at org.junit.runners.ParentRunner.access$000(ParentRunner.java:53)
	at org.junit.runners.ParentRunner$2.evaluate(ParentRunner.java:229)
	at org.junit.runners.ParentRunner.run(ParentRunner.java:309)
	at org.apache.maven.surefire.junit4.JUnit4Provider.execute(JUnit4Provider.java:365)
	at org.apache.maven.surefire.junit4.JUnit4Provider.executeWithRerun(JUnit4Provider.java:273)
	at org.apache.maven.surefire.junit4.JUnit4Provider.executeTestSet(JUnit4Provider.java:238)
	at org.apache.maven.surefire.junit4.JUnit4Provider.invoke(JUnit4Provider.java:159)
	at org.apache.maven.surefire.booter.ForkedBooter.invokeProviderInSameClassLoader(ForkedBooter.java:384)
	at org.apache.maven.surefire.booter.ForkedBooter.runSuitesInProcess(ForkedBooter.java:345)
	at org.apache.maven.surefire.booter.ForkedBooter.execute(ForkedBooter.java:126)
	at org.apache.maven.surefire.booter.ForkedBooter.main(ForkedBooter.java:418)
]]></failure>
    <system-out><![CDATA[2019-10-01 12:43:47,822 [main] WARN  server.ServerUtils (ServerUtils.java:getScmDbDir(145)) - ozone.scm.db.dirs is not configured. We recommend adding this setting. Falling back to ozone.metadata.dirs instead.
2019-10-01 12:43:47,850 [main] WARN  server.ServerUtils (ServerUtils.java:getScmDbDir(145)) - ozone.scm.db.dirs is not configured. We recommend adding this setting. Falling back to ozone.metadata.dirs instead.
2019-10-01 12:43:47,851 [main] WARN  server.ServerUtils (ServerUtils.java:getScmDbDir(145)) - ozone.scm.db.dirs is not configured. We recommend adding this setting. Falling back to ozone.metadata.dirs instead.
2019-10-01 12:43:47,852 [main] INFO  db.DBStoreBuilder (DBStoreBuilder.java:addTable(110)) - using custom profile for table: deletedBlocks
2019-10-01 12:43:47,852 [main] INFO  db.DBStoreBuilder (DBStoreBuilder.java:processTables(161)) - Using default column profile:DBProfile.DISK for Table:deletedBlocks
2019-10-01 12:43:47,852 [main] INFO  db.DBStoreBuilder (DBStoreBuilder.java:addTable(110)) - using custom profile for table: validCerts
2019-10-01 12:43:47,852 [main] INFO  db.DBStoreBuilder (DBStoreBuilder.java:processTables(161)) - Using default column profile:DBProfile.DISK for Table:validCerts
2019-10-01 12:43:47,853 [main] INFO  db.DBStoreBuilder (DBStoreBuilder.java:addTable(110)) - using custom profile for table: revokedCerts
2019-10-01 12:43:47,853 [main] INFO  db.DBStoreBuilder (DBStoreBuilder.java:processTables(161)) - Using default column profile:DBProfile.DISK for Table:revokedCerts
2019-10-01 12:43:47,853 [main] INFO  db.DBStoreBuilder (DBStoreBuilder.java:addTable(110)) - using custom profile for table: default
2019-10-01 12:43:47,853 [main] INFO  db.DBStoreBuilder (DBStoreBuilder.java:processTables(167)) - Using default column profile:DBProfile.DISK for Table:default
2019-10-01 12:43:47,854 [main] INFO  db.DBStoreBuilder (DBStoreBuilder.java:getDbProfile(198)) - Using default options. DBProfile.DISK
2019-10-01 12:43:48,134 [main] INFO  net.NodeSchemaLoader (NodeSchemaLoader.java:loadSchemaFromFile(125)) - Loading file from sun.misc.CompoundEnumeration@2e3cd732
2019-10-01 12:43:48,134 [main] INFO  net.NodeSchemaLoader (NodeSchemaLoader.java:loadSchema(171)) - Loading network topology layer schema file
2019-10-01 12:43:48,139 [main] INFO  node.SCMNodeManager (SCMNodeManager.java:<init>(116)) - Entering startup safe mode.
2019-10-01 12:43:48,140 [main] INFO  algorithms.ContainerPlacementPolicyFactory (ContainerPlacementPolicyFactory.java:getPolicy(57)) - Create container placement policy of type org.apache.hadoop.hdds.scm.container.placement.algorithms.SCMContainerPlacementRandom
2019-10-01 12:43:48,140 [main] WARN  server.ServerUtils (ServerUtils.java:getScmDbDir(145)) - ozone.scm.db.dirs is not configured. We recommend adding this setting. Falling back to ozone.metadata.dirs instead.
2019-10-01 12:43:48,246 [main] INFO  pipeline.SCMPipelineManager (SCMPipelineManager.java:initializePipelineState(132)) - No pipeline exists in current db
2019-10-01 12:43:48,246 [main] WARN  server.ServerUtils (ServerUtils.java:getScmDbDir(145)) - ozone.scm.db.dirs is not configured. We recommend adding this setting. Falling back to ozone.metadata.dirs instead.
2019-10-01 12:43:48,348 [main] WARN  events.EventQueue (EventQueue.java:fireEvent(183)) - No event handler registered for event TypedEvent{payloadType=SafeModeStatus, name='SafeModeStatus'}
2019-10-01 12:43:48,349 [main] INFO  ipc.CallQueueManager (CallQueueManager.java:<init>(84)) - Using callQueue: class java.util.concurrent.LinkedBlockingQueue, queueCapacity: 2000, scheduler: class org.apache.hadoop.ipc.DefaultRpcScheduler, ipcBackoff: false.
2019-10-01 12:43:48,350 [Socket Reader #1 for port 43536] INFO  ipc.Server (Server.java:run(1074)) - Starting Socket Reader #1 for port 43536
2019-10-01 12:43:48,352 [main] INFO  ipc.CallQueueManager (CallQueueManager.java:<init>(84)) - Using callQueue: class java.util.concurrent.LinkedBlockingQueue, queueCapacity: 2000, scheduler: class org.apache.hadoop.ipc.DefaultRpcScheduler, ipcBackoff: false.
2019-10-01 12:43:48,352 [Socket Reader #1 for port 33989] INFO  ipc.Server (Server.java:run(1074)) - Starting Socket Reader #1 for port 33989
2019-10-01 12:43:48,357 [main] INFO  ipc.CallQueueManager (CallQueueManager.java:<init>(84)) - Using callQueue: class java.util.concurrent.LinkedBlockingQueue, queueCapacity: 2000, scheduler: class org.apache.hadoop.ipc.DefaultRpcScheduler, ipcBackoff: false.
2019-10-01 12:43:48,358 [Socket Reader #1 for port 39414] INFO  ipc.Server (Server.java:run(1074)) - Starting Socket Reader #1 for port 39414
2019-10-01 12:43:48,360 [main] INFO  hdfs.DFSUtil (DFSUtil.java:httpServerTemplateForNNAndJN(1641)) - Starting Web-server for scm at: http://0.0.0.0:0
2019-10-01 12:43:48,363 [main] INFO  server.AuthenticationFilter (AuthenticationFilter.java:constructSecretProvider(240)) - Unable to initialize FileSignerSecretProvider, falling back to use random secrets.
2019-10-01 12:43:48,364 [main] WARN  http.HttpRequestLog (HttpRequestLog.java:getRequestLog(97)) - Jetty request log can only be enabled using Log4j
2019-10-01 12:43:48,366 [main] INFO  http.HttpServer2 (HttpServer2.java:addGlobalFilter(975)) - Added global filter 'safety' (class=org.apache.hadoop.http.HttpServer2$QuotingInputFilter)
2019-10-01 12:43:48,367 [main] INFO  http.HttpServer2 (HttpServer2.java:addFilter(948)) - Added filter static_user_filter (class=org.apache.hadoop.http.lib.StaticUserWebFilter$StaticUserFilter) to context scm
2019-10-01 12:43:48,367 [main] INFO  http.HttpServer2 (HttpServer2.java:addFilter(958)) - Added filter static_user_filter (class=org.apache.hadoop.http.lib.StaticUserWebFilter$StaticUserFilter) to context logs
2019-10-01 12:43:48,367 [main] INFO  http.HttpServer2 (HttpServer2.java:addFilter(958)) - Added filter static_user_filter (class=org.apache.hadoop.http.lib.StaticUserWebFilter$StaticUserFilter) to context static
2019-10-01 12:43:48,370 [main] INFO  server.StorageContainerManager (StorageContainerManager.java:start(770)) - StorageContainerLocationProtocol RPC server is listening at /0.0.0.0:39414
2019-10-01 12:43:48,373 [main] WARN  impl.MetricsConfig (MetricsConfig.java:loadFirst(134)) - Cannot locate configuration: tried hadoop-metrics2-storagecontainermanager.properties,hadoop-metrics2.properties
2019-10-01 12:43:48,374 [main] INFO  impl.MetricsSystemImpl (MetricsSystemImpl.java:startTimer(374)) - Scheduled Metric snapshot period at 10 second(s).
2019-10-01 12:43:48,374 [main] INFO  impl.MetricsSystemImpl (MetricsSystemImpl.java:start(191)) - StorageContainerManager metrics system started
2019-10-01 12:43:48,920 [main] WARN  impl.MetricsSystemImpl (MetricsSystemImpl.java:register(276)) - Sink prometheus already exists!
2019-10-01 12:43:49,008 [main] INFO  server.SCMClientProtocolServer (SCMClientProtocolServer.java:start(150)) - RPC server for Client  is listening at /0.0.0.0:39414
2019-10-01 12:43:49,008 [IPC Server Responder] INFO  ipc.Server (Server.java:run(1314)) - IPC Server Responder: starting
2019-10-01 12:43:49,008 [IPC Server listener on 39414] INFO  ipc.Server (Server.java:run(1153)) - IPC Server listener on 39414: starting
2019-10-01 12:43:49,012 [main] INFO  server.StorageContainerManager (StorageContainerManager.java:start(780)) - ScmBlockLocationProtocol RPC server is listening at /0.0.0.0:33989
2019-10-01 12:43:49,013 [main] INFO  server.SCMBlockProtocolServer (SCMBlockProtocolServer.java:start(148)) - RPC server for Block Protocol is listening at /0.0.0.0:33989
2019-10-01 12:43:49,013 [IPC Server Responder] INFO  ipc.Server (Server.java:run(1314)) - IPC Server Responder: starting
2019-10-01 12:43:49,013 [IPC Server listener on 33989] INFO  ipc.Server (Server.java:run(1153)) - IPC Server listener on 33989: starting
2019-10-01 12:43:49,017 [main] INFO  server.StorageContainerManager (StorageContainerManager.java:start(784)) - ScmDatanodeProtocl RPC server is listening at /0.0.0.0:43536
2019-10-01 12:43:49,017 [main] INFO  server.SCMDatanodeProtocolServer (SCMDatanodeProtocolServer.java:start(191)) - RPC server for DataNodes is listening at /0.0.0.0:43536
2019-10-01 12:43:49,017 [IPC Server Responder] INFO  ipc.Server (Server.java:run(1314)) - IPC Server Responder: starting
2019-10-01 12:43:49,017 [IPC Server listener on 43536] INFO  ipc.Server (Server.java:run(1153)) - IPC Server listener on 43536: starting
2019-10-01 12:43:49,021 [main] INFO  http.HttpServer2 (HttpServer2.java:bindListener(1191)) - Jetty bound to port 37851
2019-10-01 12:43:49,021 [main] INFO  server.Server (Server.java:doStart(351)) - jetty-9.3.25.v20180904, build timestamp: 2018-09-04T21:11:46Z, git hash: 3ce520221d0240229c862b122d2b06c12a625732
2019-10-01 12:43:49,022 [main] INFO  handler.ContextHandler (ContextHandler.java:doStart(781)) - Started o.e.j.s.ServletContextHandler@699d96bc{/logs,file:///workdir/hadoop-ozone/integration-test/target/log,AVAILABLE}
2019-10-01 12:43:49,023 [main] INFO  handler.ContextHandler (ContextHandler.java:doStart(781)) - Started o.e.j.s.ServletContextHandler@4ecd8ab1{/static,file:///workdir/hadoop-ozone/integration-test/target/test-classes/webapps/static,AVAILABLE}
2019-10-01 12:43:49,026 [main] INFO  handler.ContextHandler (ContextHandler.java:doStart(781)) - Started o.e.j.w.WebAppContext@37ffe4f3{/,file:///workdir/hadoop-ozone/integration-test/target/test-classes/webapps/scm/,AVAILABLE}{/scm}
2019-10-01 12:43:49,026 [main] INFO  server.AbstractConnector (AbstractConnector.java:doStart(278)) - Started ServerConnector@4fa0ee7e{HTTP/1.1,[http/1.1]}{0.0.0.0:37851}
2019-10-01 12:43:49,030 [main] INFO  server.Server (Server.java:doStart(419)) - Started @640791ms
2019-10-01 12:43:49,030 [main] WARN  impl.MetricsSystemImpl (MetricsSystemImpl.java:register(276)) - Sink prometheus already exists!
2019-10-01 12:43:49,032 [main] INFO  server.BaseHttpServer (BaseHttpServer.java:updateConnectorAddress(215)) - HTTP server of SCM is listening at http://0.0.0.0:37851
2019-10-01 12:43:49,034 [main] WARN  server.ServerUtils (ServerUtils.java:getDBPath(222)) - ozone.om.db.dirs is not configured. We recommend adding this setting. Falling back to ozone.metadata.dirs instead.
2019-10-01 12:43:49,034 [org.apache.hadoop.util.JvmPauseMonitor$Monitor@141bb6b8] INFO  util.JvmPauseMonitor (JvmPauseMonitor.java:run(188)) - Starting JVM pause monitor
2019-10-01 12:43:49,058 [main] WARN  server.ServerUtils (ServerUtils.java:getDBPath(222)) - ozone.om.db.dirs is not configured. We recommend adding this setting. Falling back to ozone.metadata.dirs instead.
2019-10-01 12:43:49,058 [main] WARN  server.ServerUtils (ServerUtils.java:getDBPath(222)) - ozone.om.db.dirs is not configured. We recommend adding this setting. Falling back to ozone.metadata.dirs instead.
2019-10-01 12:43:49,059 [main] INFO  om.OzoneManager (OzoneManager.java:setOMNodeDetails(652)) - OM Service ID is not set. Setting it to the default ID: omServiceIdDefault
2019-10-01 12:43:49,059 [main] INFO  om.OzoneManager (OzoneManager.java:setOMNodeDetails(658)) - OM Node ID is not set. Setting it to the OmStorage's OmID: 41ffda23-ca89-42e4-a60a-cbe406ebd65e
2019-10-01 12:43:49,059 [main] INFO  om.OzoneManager (OzoneManager.java:loadOMHAConfigs(609)) - Found matching OM address with OMServiceId: null, OMNodeId: null, RPC Address: localhost:0 and Ratis port: 9872
2019-10-01 12:43:49,067 [main] WARN  server.ServerUtils (ServerUtils.java:getDBPath(222)) - ozone.om.db.dirs is not configured. We recommend adding this setting. Falling back to ozone.metadata.dirs instead.
2019-10-01 12:43:49,068 [main] INFO  db.DBStoreBuilder (DBStoreBuilder.java:addTable(110)) - using custom profile for table: userTable
2019-10-01 12:43:49,068 [main] INFO  db.DBStoreBuilder (DBStoreBuilder.java:processTables(161)) - Using default column profile:DBProfile.DISK for Table:userTable
2019-10-01 12:43:49,068 [main] INFO  db.DBStoreBuilder (DBStoreBuilder.java:addTable(110)) - using custom profile for table: volumeTable
2019-10-01 12:43:49,068 [main] INFO  db.DBStoreBuilder (DBStoreBuilder.java:processTables(161)) - Using default column profile:DBProfile.DISK for Table:volumeTable
2019-10-01 12:43:49,069 [main] INFO  db.DBStoreBuilder (DBStoreBuilder.java:addTable(110)) - using custom profile for table: bucketTable
2019-10-01 12:43:49,069 [main] INFO  db.DBStoreBuilder (DBStoreBuilder.java:processTables(161)) - Using default column profile:DBProfile.DISK for Table:bucketTable
2019-10-01 12:43:49,069 [main] INFO  db.DBStoreBuilder (DBStoreBuilder.java:addTable(110)) - using custom profile for table: keyTable
2019-10-01 12:43:49,069 [main] INFO  db.DBStoreBuilder (DBStoreBuilder.java:processTables(161)) - Using default column profile:DBProfile.DISK for Table:keyTable
2019-10-01 12:43:49,069 [main] INFO  db.DBStoreBuilder (DBStoreBuilder.java:addTable(110)) - using custom profile for table: deletedTable
2019-10-01 12:43:49,070 [main] INFO  db.DBStoreBuilder (DBStoreBuilder.java:processTables(161)) - Using default column profile:DBProfile.DISK for Table:deletedTable
2019-10-01 12:43:49,070 [main] INFO  db.DBStoreBuilder (DBStoreBuilder.java:addTable(110)) - using custom profile for table: openKeyTable
2019-10-01 12:43:49,070 [main] INFO  db.DBStoreBuilder (DBStoreBuilder.java:processTables(161)) - Using default column profile:DBProfile.DISK for Table:openKeyTable
2019-10-01 12:43:49,070 [main] INFO  db.DBStoreBuilder (DBStoreBuilder.java:addTable(110)) - using custom profile for table: s3Table
2019-10-01 12:43:49,070 [main] INFO  db.DBStoreBuilder (DBStoreBuilder.java:processTables(161)) - Using default column profile:DBProfile.DISK for Table:s3Table
2019-10-01 12:43:49,071 [main] INFO  db.DBStoreBuilder (DBStoreBuilder.java:addTable(110)) - using custom profile for table: multipartInfoTable
2019-10-01 12:43:49,071 [main] INFO  db.DBStoreBuilder (DBStoreBuilder.java:processTables(161)) - Using default column profile:DBProfile.DISK for Table:multipartInfoTable
2019-10-01 12:43:49,071 [main] INFO  db.DBStoreBuilder (DBStoreBuilder.java:addTable(110)) - using custom profile for table: dTokenTable
2019-10-01 12:43:49,071 [main] INFO  db.DBStoreBuilder (DBStoreBuilder.java:processTables(161)) - Using default column profile:DBProfile.DISK for Table:dTokenTable
2019-10-01 12:43:49,071 [main] INFO  db.DBStoreBuilder (DBStoreBuilder.java:addTable(110)) - using custom profile for table: s3SecretTable
2019-10-01 12:43:49,071 [main] INFO  db.DBStoreBuilder (DBStoreBuilder.java:processTables(161)) - Using default column profile:DBProfile.DISK for Table:s3SecretTable
2019-10-01 12:43:49,072 [main] INFO  db.DBStoreBuilder (DBStoreBuilder.java:addTable(110)) - using custom profile for table: prefixTable
2019-10-01 12:43:49,072 [main] INFO  db.DBStoreBuilder (DBStoreBuilder.java:processTables(161)) - Using default column profile:DBProfile.DISK for Table:prefixTable
2019-10-01 12:43:49,072 [main] INFO  db.DBStoreBuilder (DBStoreBuilder.java:addTable(110)) - using custom profile for table: default
2019-10-01 12:43:49,072 [main] INFO  db.DBStoreBuilder (DBStoreBuilder.java:processTables(167)) - Using default column profile:DBProfile.DISK for Table:default
2019-10-01 12:43:49,072 [main] INFO  db.DBStoreBuilder (DBStoreBuilder.java:getDbProfile(198)) - Using default options. DBProfile.DISK
2019-10-01 12:43:49,635 [main] INFO  ipc.CallQueueManager (CallQueueManager.java:<init>(84)) - Using callQueue: class java.util.concurrent.LinkedBlockingQueue, queueCapacity: 2000, scheduler: class org.apache.hadoop.ipc.DefaultRpcScheduler, ipcBackoff: false.
2019-10-01 12:43:49,636 [Socket Reader #1 for port 34532] INFO  ipc.Server (Server.java:run(1074)) - Starting Socket Reader #1 for port 34532
2019-10-01 12:43:49,648 [main] INFO  om.OzoneManager (OzoneManager.java:start(1243)) - OzoneManager RPC server is listening at localhost/127.0.0.1:34532
2019-10-01 12:43:49,648 [main] INFO  impl.MetricsSystemImpl (MetricsSystemImpl.java:init(158)) - OzoneManager metrics system started (again)
2019-10-01 12:43:49,649 [IPC Server Responder] INFO  ipc.Server (Server.java:run(1314)) - IPC Server Responder: starting
2019-10-01 12:43:49,649 [IPC Server listener on 34532] INFO  ipc.Server (Server.java:run(1153)) - IPC Server listener on 34532: starting
2019-10-01 12:43:49,657 [main] INFO  hdfs.DFSUtil (DFSUtil.java:httpServerTemplateForNNAndJN(1641)) - Starting Web-server for ozoneManager at: http://0.0.0.0:0
2019-10-01 12:43:49,658 [main] INFO  server.AuthenticationFilter (AuthenticationFilter.java:constructSecretProvider(240)) - Unable to initialize FileSignerSecretProvider, falling back to use random secrets.
2019-10-01 12:43:49,658 [main] WARN  http.HttpRequestLog (HttpRequestLog.java:getRequestLog(97)) - Jetty request log can only be enabled using Log4j
2019-10-01 12:43:49,659 [main] INFO  http.HttpServer2 (HttpServer2.java:addGlobalFilter(975)) - Added global filter 'safety' (class=org.apache.hadoop.http.HttpServer2$QuotingInputFilter)
2019-10-01 12:43:49,660 [main] INFO  http.HttpServer2 (HttpServer2.java:addFilter(948)) - Added filter static_user_filter (class=org.apache.hadoop.http.lib.StaticUserWebFilter$StaticUserFilter) to context ozoneManager
2019-10-01 12:43:49,660 [main] INFO  http.HttpServer2 (HttpServer2.java:addFilter(958)) - Added filter static_user_filter (class=org.apache.hadoop.http.lib.StaticUserWebFilter$StaticUserFilter) to context logs
2019-10-01 12:43:49,660 [main] INFO  http.HttpServer2 (HttpServer2.java:addFilter(958)) - Added filter static_user_filter (class=org.apache.hadoop.http.lib.StaticUserWebFilter$StaticUserFilter) to context static
2019-10-01 12:43:49,660 [main] INFO  http.HttpServer2 (HttpServer2.java:bindListener(1191)) - Jetty bound to port 43603
2019-10-01 12:43:49,661 [main] INFO  server.Server (Server.java:doStart(351)) - jetty-9.3.25.v20180904, build timestamp: 2018-09-04T21:11:46Z, git hash: 3ce520221d0240229c862b122d2b06c12a625732
2019-10-01 12:43:49,662 [main] INFO  handler.ContextHandler (ContextHandler.java:doStart(781)) - Started o.e.j.s.ServletContextHandler@7b5833ee{/logs,file:///workdir/hadoop-ozone/integration-test/target/log,AVAILABLE}
2019-10-01 12:43:49,662 [main] INFO  handler.ContextHandler (ContextHandler.java:doStart(781)) - Started o.e.j.s.ServletContextHandler@27261190{/static,file:///workdir/hadoop-ozone/integration-test/target/test-classes/webapps/static,AVAILABLE}
2019-10-01 12:43:49,665 [main] INFO  handler.ContextHandler (ContextHandler.java:doStart(781)) - Started o.e.j.w.WebAppContext@24aedcc5{/,file:///workdir/hadoop-ozone/integration-test/target/test-classes/webapps/ozoneManager/,AVAILABLE}{/ozoneManager}
2019-10-01 12:43:49,665 [main] INFO  server.AbstractConnector (AbstractConnector.java:doStart(278)) - Started ServerConnector@74ebd159{HTTP/1.1,[http/1.1]}{0.0.0.0:43603}
2019-10-01 12:43:49,667 [main] INFO  server.Server (Server.java:doStart(419)) - Started @641426ms
2019-10-01 12:43:49,667 [main] WARN  impl.MetricsSystemImpl (MetricsSystemImpl.java:register(276)) - Sink prometheus already exists!
2019-10-01 12:43:49,667 [main] INFO  server.BaseHttpServer (BaseHttpServer.java:updateConnectorAddress(215)) - HTTP server of OZONEMANAGER is listening at http://0.0.0.0:43603
2019-10-01 12:43:49,687 [main] INFO  impl.MetricsSystemImpl (MetricsSystemImpl.java:init(158)) - HddsDatanode metrics system started (again)
2019-10-01 12:43:49,697 [main] INFO  ozone.HddsDatanodeService (HddsDatanodeService.java:start(184)) - HddsDatanodeService host:pr-hdds-2199-dnstouuidmap-6cjbd-2468009341 ip:192.168.30.18
2019-10-01 12:43:49,709 [main] INFO  volume.HddsVolume (HddsVolume.java:<init>(176)) - Creating Volume: /workdir/hadoop-ozone/integration-test/target/test-dir/MiniOzoneClusterImpl-54047bbe-a4d0-46f5-93a6-5a04f7d29f94/datanode-0/data/containers/hdds of  storage type : DISK and capacity : 1482555576320
2019-10-01 12:43:49,709 [main] INFO  volume.VolumeSet (VolumeSet.java:initializeVolumeSet(170)) - Added Volume : /workdir/hadoop-ozone/integration-test/target/test-dir/MiniOzoneClusterImpl-54047bbe-a4d0-46f5-93a6-5a04f7d29f94/datanode-0/data/containers/hdds to VolumeSet
2019-10-01 12:43:49,710 [main] INFO  volume.ThrottledAsyncChecker (ThrottledAsyncChecker.java:schedule(139)) - Scheduling a check for org.apache.hadoop.ozone.container.common.volume.HddsVolume@34beadce
2019-10-01 12:43:49,711 [main] INFO  volume.HddsVolumeChecker (HddsVolumeChecker.java:checkAllVolumes(202)) - Scheduled health check for volume org.apache.hadoop.ozone.container.common.volume.HddsVolume@34beadce
2019-10-01 12:43:49,728 [main] INFO  impl.RaftServerProxy (ConfUtils.java:logGet(43)) - raft.rpc.type = GRPC (default)
2019-10-01 12:43:49,728 [main] INFO  grpc.GrpcFactory (GrpcFactory.java:checkPooledByteBufAllocatorUseCacheForAllThreads(45)) - PERFORMANCE WARNING: useCacheForAllThreads is true that may cause Netty to create a lot garbage objects and, as a result, trigger GC.
	It is recommended to disable useCacheForAllThreads by setting -Dorg.apache.ratis.thirdparty.io.netty.allocator.useCacheForAllThreads=false in command line.
2019-10-01 12:43:49,728 [main] INFO  grpc.GrpcConfigKeys$Server (ConfUtils.java:logGet(43)) - raft.grpc.server.port = 0 (default)
2019-10-01 12:43:49,729 [main] INFO  server.GrpcService (ConfUtils.java:logGet(43)) - raft.grpc.message.size.max = 33570816 (custom)
2019-10-01 12:43:49,729 [main] INFO  server.RaftServerConfigKeys (ConfUtils.java:logGet(43)) - raft.server.log.appender.buffer.byte-limit = 33554432 (custom)
2019-10-01 12:43:49,729 [main] INFO  server.GrpcService (ConfUtils.java:logGet(43)) - raft.grpc.flow.control.window = 1MB (=1048576) (default)
2019-10-01 12:43:49,729 [main] INFO  server.RaftServerConfigKeys (ConfUtils.java:logGet(43)) - raft.server.rpc.request.timeout = 3000ms (default)
2019-10-01 12:43:49,730 [main] INFO  server.RaftServerConfigKeys (ConfUtils.java:logGet(43)) - raft.server.storage.dir = [/workdir/hadoop-ozone/integration-test/target/test-dir/MiniOzoneClusterImpl-54047bbe-a4d0-46f5-93a6-5a04f7d29f94/datanode-0/data/ratis] (custom)
2019-10-01 12:43:49,732 [main] INFO  hdfs.DFSUtil (DFSUtil.java:httpServerTemplateForNNAndJN(1641)) - Starting Web-server for hddsDatanode at: http://0.0.0.0:0
2019-10-01 12:43:49,735 [main] INFO  server.AuthenticationFilter (AuthenticationFilter.java:constructSecretProvider(240)) - Unable to initialize FileSignerSecretProvider, falling back to use random secrets.
2019-10-01 12:43:49,735 [main] WARN  http.HttpRequestLog (HttpRequestLog.java:getRequestLog(97)) - Jetty request log can only be enabled using Log4j
2019-10-01 12:43:49,737 [main] INFO  http.HttpServer2 (HttpServer2.java:addGlobalFilter(975)) - Added global filter 'safety' (class=org.apache.hadoop.http.HttpServer2$QuotingInputFilter)
2019-10-01 12:43:49,737 [main] INFO  http.HttpServer2 (HttpServer2.java:addFilter(948)) - Added filter static_user_filter (class=org.apache.hadoop.http.lib.StaticUserWebFilter$StaticUserFilter) to context hddsDatanode
2019-10-01 12:43:49,737 [main] INFO  http.HttpServer2 (HttpServer2.java:addFilter(958)) - Added filter static_user_filter (class=org.apache.hadoop.http.lib.StaticUserWebFilter$StaticUserFilter) to context logs
2019-10-01 12:43:49,737 [main] INFO  http.HttpServer2 (HttpServer2.java:addFilter(958)) - Added filter static_user_filter (class=org.apache.hadoop.http.lib.StaticUserWebFilter$StaticUserFilter) to context static
2019-10-01 12:43:49,738 [main] INFO  http.HttpServer2 (HttpServer2.java:bindListener(1191)) - Jetty bound to port 39296
2019-10-01 12:43:49,738 [main] INFO  server.Server (Server.java:doStart(351)) - jetty-9.3.25.v20180904, build timestamp: 2018-09-04T21:11:46Z, git hash: 3ce520221d0240229c862b122d2b06c12a625732
2019-10-01 12:43:49,740 [main] INFO  handler.ContextHandler (ContextHandler.java:doStart(781)) - Started o.e.j.s.ServletContextHandler@5e158f33{/logs,file:///workdir/hadoop-ozone/integration-test/target/log,AVAILABLE}
2019-10-01 12:43:49,740 [main] INFO  handler.ContextHandler (ContextHandler.java:doStart(781)) - Started o.e.j.s.ServletContextHandler@399af6dc{/static,jar:file:/home/user/.m2/repository/org/apache/hadoop/hadoop-hdds-container-service/0.5.0-SNAPSHOT/hadoop-hdds-container-service-0.5.0-SNAPSHOT.jar!/webapps/static,AVAILABLE}
2019-10-01 12:43:49,771 [main] INFO  handler.ContextHandler (ContextHandler.java:doStart(781)) - Started o.e.j.w.WebAppContext@2e349cf2{/,file:///tmp/jetty-0.0.0.0-39296-hddsDatanode-_-any-7956145628049042871.dir/webapp/,AVAILABLE}{/hddsDatanode}
2019-10-01 12:43:49,772 [main] INFO  server.AbstractConnector (AbstractConnector.java:doStart(278)) - Started ServerConnector@3dbb3fb7{HTTP/1.1,[http/1.1]}{0.0.0.0:39296}
2019-10-01 12:43:49,772 [main] INFO  server.Server (Server.java:doStart(419)) - Started @641533ms
2019-10-01 12:43:49,775 [main] WARN  impl.MetricsSystemImpl (MetricsSystemImpl.java:register(276)) - Sink prometheus already exists!
2019-10-01 12:43:49,775 [main] INFO  server.BaseHttpServer (BaseHttpServer.java:updateConnectorAddress(215)) - HTTP server of HDDSDATANODE is listening at http://0.0.0.0:39296
2019-10-01 12:43:49,776 [main] INFO  impl.MetricsSystemImpl (MetricsSystemImpl.java:init(158)) - HddsDatanode metrics system started (again)
2019-10-01 12:43:49,782 [org.apache.hadoop.util.JvmPauseMonitor$Monitor@473638de] INFO  util.JvmPauseMonitor (JvmPauseMonitor.java:run(188)) - Starting JVM pause monitor
2019-10-01 12:43:49,782 [main] INFO  ozone.HddsDatanodeService (HddsDatanodeService.java:start(184)) - HddsDatanodeService host:pr-hdds-2199-dnstouuidmap-6cjbd-2468009341 ip:192.168.30.18
2019-10-01 12:43:49,784 [Datanode State Machine Thread - 0] INFO  datanode.InitDatanodeState (InitDatanodeState.java:persistContainerDatanodeDetails(140)) - DatanodeDetails is persisted to /workdir/hadoop-ozone/integration-test/target/test-dir/MiniOzoneClusterImpl-54047bbe-a4d0-46f5-93a6-5a04f7d29f94/datanode-0/meta/datanode.id
2019-10-01 12:43:49,790 [main] INFO  volume.HddsVolume (HddsVolume.java:<init>(176)) - Creating Volume: /workdir/hadoop-ozone/integration-test/target/test-dir/MiniOzoneClusterImpl-54047bbe-a4d0-46f5-93a6-5a04f7d29f94/datanode-1/data/containers/hdds of  storage type : DISK and capacity : 1482555576320
2019-10-01 12:43:49,790 [main] INFO  volume.VolumeSet (VolumeSet.java:initializeVolumeSet(170)) - Added Volume : /workdir/hadoop-ozone/integration-test/target/test-dir/MiniOzoneClusterImpl-54047bbe-a4d0-46f5-93a6-5a04f7d29f94/datanode-1/data/containers/hdds to VolumeSet
2019-10-01 12:43:49,790 [main] INFO  volume.ThrottledAsyncChecker (ThrottledAsyncChecker.java:schedule(139)) - Scheduling a check for org.apache.hadoop.ozone.container.common.volume.HddsVolume@17d2b646
2019-10-01 12:43:49,791 [main] INFO  volume.HddsVolumeChecker (HddsVolumeChecker.java:checkAllVolumes(202)) - Scheduled health check for volume org.apache.hadoop.ozone.container.common.volume.HddsVolume@17d2b646
2019-10-01 12:43:49,803 [main] INFO  impl.RaftServerProxy (ConfUtils.java:logGet(43)) - raft.rpc.type = GRPC (default)
2019-10-01 12:43:49,803 [main] INFO  grpc.GrpcFactory (GrpcFactory.java:checkPooledByteBufAllocatorUseCacheForAllThreads(45)) - PERFORMANCE WARNING: useCacheForAllThreads is true that may cause Netty to create a lot garbage objects and, as a result, trigger GC.
	It is recommended to disable useCacheForAllThreads by setting -Dorg.apache.ratis.thirdparty.io.netty.allocator.useCacheForAllThreads=false in command line.
2019-10-01 12:43:49,804 [main] INFO  grpc.GrpcConfigKeys$Server (ConfUtils.java:logGet(43)) - raft.grpc.server.port = 0 (default)
2019-10-01 12:43:49,804 [main] INFO  server.GrpcService (ConfUtils.java:logGet(43)) - raft.grpc.message.size.max = 33570816 (custom)
2019-10-01 12:43:49,804 [main] INFO  server.RaftServerConfigKeys (ConfUtils.java:logGet(43)) - raft.server.log.appender.buffer.byte-limit = 33554432 (custom)
2019-10-01 12:43:49,804 [main] INFO  server.GrpcService (ConfUtils.java:logGet(43)) - raft.grpc.flow.control.window = 1MB (=1048576) (default)
2019-10-01 12:43:49,804 [main] INFO  server.RaftServerConfigKeys (ConfUtils.java:logGet(43)) - raft.server.rpc.request.timeout = 3000ms (default)
2019-10-01 12:43:49,805 [main] INFO  server.RaftServerConfigKeys (ConfUtils.java:logGet(43)) - raft.server.storage.dir = [/workdir/hadoop-ozone/integration-test/target/test-dir/MiniOzoneClusterImpl-54047bbe-a4d0-46f5-93a6-5a04f7d29f94/datanode-1/data/ratis] (custom)
2019-10-01 12:43:49,806 [main] INFO  hdfs.DFSUtil (DFSUtil.java:httpServerTemplateForNNAndJN(1641)) - Starting Web-server for hddsDatanode at: http://0.0.0.0:0
2019-10-01 12:43:49,807 [main] INFO  server.AuthenticationFilter (AuthenticationFilter.java:constructSecretProvider(240)) - Unable to initialize FileSignerSecretProvider, falling back to use random secrets.
2019-10-01 12:43:49,807 [main] WARN  http.HttpRequestLog (HttpRequestLog.java:getRequestLog(97)) - Jetty request log can only be enabled using Log4j
2019-10-01 12:43:49,809 [main] INFO  http.HttpServer2 (HttpServer2.java:addGlobalFilter(975)) - Added global filter 'safety' (class=org.apache.hadoop.http.HttpServer2$QuotingInputFilter)
2019-10-01 12:43:49,810 [main] INFO  http.HttpServer2 (HttpServer2.java:addFilter(948)) - Added filter static_user_filter (class=org.apache.hadoop.http.lib.StaticUserWebFilter$StaticUserFilter) to context hddsDatanode
2019-10-01 12:43:49,810 [main] INFO  http.HttpServer2 (HttpServer2.java:addFilter(958)) - Added filter static_user_filter (class=org.apache.hadoop.http.lib.StaticUserWebFilter$StaticUserFilter) to context logs
2019-10-01 12:43:49,810 [main] INFO  http.HttpServer2 (HttpServer2.java:addFilter(958)) - Added filter static_user_filter (class=org.apache.hadoop.http.lib.StaticUserWebFilter$StaticUserFilter) to context static
2019-10-01 12:43:49,811 [main] INFO  http.HttpServer2 (HttpServer2.java:bindListener(1191)) - Jetty bound to port 38820
2019-10-01 12:43:49,812 [main] INFO  server.Server (Server.java:doStart(351)) - jetty-9.3.25.v20180904, build timestamp: 2018-09-04T21:11:46Z, git hash: 3ce520221d0240229c862b122d2b06c12a625732
2019-10-01 12:43:49,814 [main] INFO  handler.ContextHandler (ContextHandler.java:doStart(781)) - Started o.e.j.s.ServletContextHandler@13234ac9{/logs,file:///workdir/hadoop-ozone/integration-test/target/log,AVAILABLE}
2019-10-01 12:43:49,814 [main] INFO  handler.ContextHandler (ContextHandler.java:doStart(781)) - Started o.e.j.s.ServletContextHandler@39374689{/static,jar:file:/home/user/.m2/repository/org/apache/hadoop/hadoop-hdds-container-service/0.5.0-SNAPSHOT/hadoop-hdds-container-service-0.5.0-SNAPSHOT.jar!/webapps/static,AVAILABLE}
2019-10-01 12:43:49,868 [main] INFO  handler.ContextHandler (ContextHandler.java:doStart(781)) - Started o.e.j.w.WebAppContext@7740b0ab{/,file:///tmp/jetty-0.0.0.0-38820-hddsDatanode-_-any-4424782450003367145.dir/webapp/,AVAILABLE}{/hddsDatanode}
2019-10-01 12:43:49,869 [main] INFO  server.AbstractConnector (AbstractConnector.java:doStart(278)) - Started ServerConnector@3eb9c575{HTTP/1.1,[http/1.1]}{0.0.0.0:38820}
2019-10-01 12:43:49,872 [main] INFO  server.Server (Server.java:doStart(419)) - Started @641633ms
2019-10-01 12:43:49,872 [main] WARN  impl.MetricsSystemImpl (MetricsSystemImpl.java:register(276)) - Sink prometheus already exists!
2019-10-01 12:43:49,873 [main] INFO  server.BaseHttpServer (BaseHttpServer.java:updateConnectorAddress(215)) - HTTP server of HDDSDATANODE is listening at http://0.0.0.0:38820
2019-10-01 12:43:49,874 [main] INFO  impl.MetricsSystemImpl (MetricsSystemImpl.java:init(158)) - HddsDatanode metrics system started (again)
2019-10-01 12:43:49,875 [org.apache.hadoop.util.JvmPauseMonitor$Monitor@40375cc7] INFO  util.JvmPauseMonitor (JvmPauseMonitor.java:run(188)) - Starting JVM pause monitor
2019-10-01 12:43:49,883 [main] INFO  ozone.HddsDatanodeService (HddsDatanodeService.java:start(184)) - HddsDatanodeService host:pr-hdds-2199-dnstouuidmap-6cjbd-2468009341 ip:192.168.30.18
2019-10-01 12:43:49,884 [Datanode State Machine Thread - 0] INFO  datanode.InitDatanodeState (InitDatanodeState.java:persistContainerDatanodeDetails(140)) - DatanodeDetails is persisted to /workdir/hadoop-ozone/integration-test/target/test-dir/MiniOzoneClusterImpl-54047bbe-a4d0-46f5-93a6-5a04f7d29f94/datanode-1/meta/datanode.id
2019-10-01 12:43:49,890 [main] INFO  volume.HddsVolume (HddsVolume.java:<init>(176)) - Creating Volume: /workdir/hadoop-ozone/integration-test/target/test-dir/MiniOzoneClusterImpl-54047bbe-a4d0-46f5-93a6-5a04f7d29f94/datanode-2/data/containers/hdds of  storage type : DISK and capacity : 1482555576320
2019-10-01 12:43:49,891 [main] INFO  volume.VolumeSet (VolumeSet.java:initializeVolumeSet(170)) - Added Volume : /workdir/hadoop-ozone/integration-test/target/test-dir/MiniOzoneClusterImpl-54047bbe-a4d0-46f5-93a6-5a04f7d29f94/datanode-2/data/containers/hdds to VolumeSet
2019-10-01 12:43:49,891 [main] INFO  volume.ThrottledAsyncChecker (ThrottledAsyncChecker.java:schedule(139)) - Scheduling a check for org.apache.hadoop.ozone.container.common.volume.HddsVolume@41167ded
2019-10-01 12:43:49,891 [main] INFO  volume.HddsVolumeChecker (HddsVolumeChecker.java:checkAllVolumes(202)) - Scheduled health check for volume org.apache.hadoop.ozone.container.common.volume.HddsVolume@41167ded
2019-10-01 12:43:49,906 [main] INFO  impl.RaftServerProxy (ConfUtils.java:logGet(43)) - raft.rpc.type = GRPC (default)
2019-10-01 12:43:49,906 [main] INFO  grpc.GrpcFactory (GrpcFactory.java:checkPooledByteBufAllocatorUseCacheForAllThreads(45)) - PERFORMANCE WARNING: useCacheForAllThreads is true that may cause Netty to create a lot garbage objects and, as a result, trigger GC.
	It is recommended to disable useCacheForAllThreads by setting -Dorg.apache.ratis.thirdparty.io.netty.allocator.useCacheForAllThreads=false in command line.
2019-10-01 12:43:49,907 [main] INFO  grpc.GrpcConfigKeys$Server (ConfUtils.java:logGet(43)) - raft.grpc.server.port = 0 (default)
2019-10-01 12:43:49,907 [main] INFO  server.GrpcService (ConfUtils.java:logGet(43)) - raft.grpc.message.size.max = 33570816 (custom)
2019-10-01 12:43:49,907 [main] INFO  server.RaftServerConfigKeys (ConfUtils.java:logGet(43)) - raft.server.log.appender.buffer.byte-limit = 33554432 (custom)
2019-10-01 12:43:49,907 [main] INFO  server.GrpcService (ConfUtils.java:logGet(43)) - raft.grpc.flow.control.window = 1MB (=1048576) (default)
2019-10-01 12:43:49,907 [main] INFO  server.RaftServerConfigKeys (ConfUtils.java:logGet(43)) - raft.server.rpc.request.timeout = 3000ms (default)
2019-10-01 12:43:49,908 [main] INFO  server.RaftServerConfigKeys (ConfUtils.java:logGet(43)) - raft.server.storage.dir = [/workdir/hadoop-ozone/integration-test/target/test-dir/MiniOzoneClusterImpl-54047bbe-a4d0-46f5-93a6-5a04f7d29f94/datanode-2/data/ratis] (custom)
2019-10-01 12:43:49,909 [main] INFO  hdfs.DFSUtil (DFSUtil.java:httpServerTemplateForNNAndJN(1641)) - Starting Web-server for hddsDatanode at: http://0.0.0.0:0
2019-10-01 12:43:49,911 [main] INFO  server.AuthenticationFilter (AuthenticationFilter.java:constructSecretProvider(240)) - Unable to initialize FileSignerSecretProvider, falling back to use random secrets.
2019-10-01 12:43:49,911 [main] WARN  http.HttpRequestLog (HttpRequestLog.java:getRequestLog(97)) - Jetty request log can only be enabled using Log4j
2019-10-01 12:43:49,912 [main] INFO  http.HttpServer2 (HttpServer2.java:addGlobalFilter(975)) - Added global filter 'safety' (class=org.apache.hadoop.http.HttpServer2$QuotingInputFilter)
2019-10-01 12:43:49,912 [main] INFO  http.HttpServer2 (HttpServer2.java:addFilter(948)) - Added filter static_user_filter (class=org.apache.hadoop.http.lib.StaticUserWebFilter$StaticUserFilter) to context hddsDatanode
2019-10-01 12:43:49,913 [main] INFO  http.HttpServer2 (HttpServer2.java:addFilter(958)) - Added filter static_user_filter (class=org.apache.hadoop.http.lib.StaticUserWebFilter$StaticUserFilter) to context static
2019-10-01 12:43:49,913 [main] INFO  http.HttpServer2 (HttpServer2.java:addFilter(958)) - Added filter static_user_filter (class=org.apache.hadoop.http.lib.StaticUserWebFilter$StaticUserFilter) to context logs
2019-10-01 12:43:49,913 [main] INFO  http.HttpServer2 (HttpServer2.java:bindListener(1191)) - Jetty bound to port 40751
2019-10-01 12:43:49,913 [main] INFO  server.Server (Server.java:doStart(351)) - jetty-9.3.25.v20180904, build timestamp: 2018-09-04T21:11:46Z, git hash: 3ce520221d0240229c862b122d2b06c12a625732
2019-10-01 12:43:49,915 [main] INFO  handler.ContextHandler (ContextHandler.java:doStart(781)) - Started o.e.j.s.ServletContextHandler@74fc3fc7{/logs,file:///workdir/hadoop-ozone/integration-test/target/log,AVAILABLE}
2019-10-01 12:43:49,915 [main] INFO  handler.ContextHandler (ContextHandler.java:doStart(781)) - Started o.e.j.s.ServletContextHandler@1f408ab6{/static,jar:file:/home/user/.m2/repository/org/apache/hadoop/hadoop-hdds-container-service/0.5.0-SNAPSHOT/hadoop-hdds-container-service-0.5.0-SNAPSHOT.jar!/webapps/static,AVAILABLE}
2019-10-01 12:43:49,941 [main] INFO  handler.ContextHandler (ContextHandler.java:doStart(781)) - Started o.e.j.w.WebAppContext@674aa626{/,file:///tmp/jetty-0.0.0.0-40751-hddsDatanode-_-any-3969254898948461567.dir/webapp/,AVAILABLE}{/hddsDatanode}
2019-10-01 12:43:49,942 [main] INFO  server.AbstractConnector (AbstractConnector.java:doStart(278)) - Started ServerConnector@4dd1d2bb{HTTP/1.1,[http/1.1]}{0.0.0.0:40751}
2019-10-01 12:43:49,943 [main] INFO  server.Server (Server.java:doStart(419)) - Started @641704ms
2019-10-01 12:43:49,944 [main] WARN  impl.MetricsSystemImpl (MetricsSystemImpl.java:register(276)) - Sink prometheus already exists!
2019-10-01 12:43:49,944 [main] INFO  server.BaseHttpServer (BaseHttpServer.java:updateConnectorAddress(215)) - HTTP server of HDDSDATANODE is listening at http://0.0.0.0:40751
2019-10-01 12:43:49,944 [main] INFO  impl.MetricsSystemImpl (MetricsSystemImpl.java:init(158)) - HddsDatanode metrics system started (again)
2019-10-01 12:43:49,952 [org.apache.hadoop.util.JvmPauseMonitor$Monitor@13f60001] INFO  util.JvmPauseMonitor (JvmPauseMonitor.java:run(188)) - Starting JVM pause monitor
2019-10-01 12:43:49,953 [main] INFO  ozone.HddsDatanodeService (HddsDatanodeService.java:start(184)) - HddsDatanodeService host:pr-hdds-2199-dnstouuidmap-6cjbd-2468009341 ip:192.168.30.18
2019-10-01 12:43:49,953 [Datanode State Machine Thread - 0] INFO  datanode.InitDatanodeState (InitDatanodeState.java:persistContainerDatanodeDetails(140)) - DatanodeDetails is persisted to /workdir/hadoop-ozone/integration-test/target/test-dir/MiniOzoneClusterImpl-54047bbe-a4d0-46f5-93a6-5a04f7d29f94/datanode-2/meta/datanode.id
2019-10-01 12:43:49,959 [main] INFO  volume.HddsVolume (HddsVolume.java:<init>(176)) - Creating Volume: /workdir/hadoop-ozone/integration-test/target/test-dir/MiniOzoneClusterImpl-54047bbe-a4d0-46f5-93a6-5a04f7d29f94/datanode-3/data/containers/hdds of  storage type : DISK and capacity : 1482555576320
2019-10-01 12:43:49,960 [main] INFO  volume.VolumeSet (VolumeSet.java:initializeVolumeSet(170)) - Added Volume : /workdir/hadoop-ozone/integration-test/target/test-dir/MiniOzoneClusterImpl-54047bbe-a4d0-46f5-93a6-5a04f7d29f94/datanode-3/data/containers/hdds to VolumeSet
2019-10-01 12:43:49,960 [main] INFO  volume.ThrottledAsyncChecker (ThrottledAsyncChecker.java:schedule(139)) - Scheduling a check for org.apache.hadoop.ozone.container.common.volume.HddsVolume@31b741e2
2019-10-01 12:43:49,960 [main] INFO  volume.HddsVolumeChecker (HddsVolumeChecker.java:checkAllVolumes(202)) - Scheduled health check for volume org.apache.hadoop.ozone.container.common.volume.HddsVolume@31b741e2
2019-10-01 12:43:49,977 [main] INFO  impl.RaftServerProxy (ConfUtils.java:logGet(43)) - raft.rpc.type = GRPC (default)
2019-10-01 12:43:49,978 [main] INFO  grpc.GrpcFactory (GrpcFactory.java:checkPooledByteBufAllocatorUseCacheForAllThreads(45)) - PERFORMANCE WARNING: useCacheForAllThreads is true that may cause Netty to create a lot garbage objects and, as a result, trigger GC.
	It is recommended to disable useCacheForAllThreads by setting -Dorg.apache.ratis.thirdparty.io.netty.allocator.useCacheForAllThreads=false in command line.
2019-10-01 12:43:49,978 [main] INFO  grpc.GrpcConfigKeys$Server (ConfUtils.java:logGet(43)) - raft.grpc.server.port = 0 (default)
2019-10-01 12:43:49,978 [main] INFO  server.GrpcService (ConfUtils.java:logGet(43)) - raft.grpc.message.size.max = 33570816 (custom)
2019-10-01 12:43:49,978 [main] INFO  server.RaftServerConfigKeys (ConfUtils.java:logGet(43)) - raft.server.log.appender.buffer.byte-limit = 33554432 (custom)
2019-10-01 12:43:49,979 [main] INFO  server.GrpcService (ConfUtils.java:logGet(43)) - raft.grpc.flow.control.window = 1MB (=1048576) (default)
2019-10-01 12:43:49,979 [main] INFO  server.RaftServerConfigKeys (ConfUtils.java:logGet(43)) - raft.server.rpc.request.timeout = 3000ms (default)
2019-10-01 12:43:49,979 [main] INFO  server.RaftServerConfigKeys (ConfUtils.java:logGet(43)) - raft.server.storage.dir = [/workdir/hadoop-ozone/integration-test/target/test-dir/MiniOzoneClusterImpl-54047bbe-a4d0-46f5-93a6-5a04f7d29f94/datanode-3/data/ratis] (custom)
2019-10-01 12:43:49,981 [main] INFO  hdfs.DFSUtil (DFSUtil.java:httpServerTemplateForNNAndJN(1641)) - Starting Web-server for hddsDatanode at: http://0.0.0.0:0
2019-10-01 12:43:49,982 [main] INFO  server.AuthenticationFilter (AuthenticationFilter.java:constructSecretProvider(240)) - Unable to initialize FileSignerSecretProvider, falling back to use random secrets.
2019-10-01 12:43:49,983 [main] WARN  http.HttpRequestLog (HttpRequestLog.java:getRequestLog(97)) - Jetty request log can only be enabled using Log4j
2019-10-01 12:43:49,984 [main] INFO  http.HttpServer2 (HttpServer2.java:addGlobalFilter(975)) - Added global filter 'safety' (class=org.apache.hadoop.http.HttpServer2$QuotingInputFilter)
2019-10-01 12:43:49,985 [main] INFO  http.HttpServer2 (HttpServer2.java:addFilter(948)) - Added filter static_user_filter (class=org.apache.hadoop.http.lib.StaticUserWebFilter$StaticUserFilter) to context hddsDatanode
2019-10-01 12:43:49,985 [main] INFO  http.HttpServer2 (HttpServer2.java:addFilter(958)) - Added filter static_user_filter (class=org.apache.hadoop.http.lib.StaticUserWebFilter$StaticUserFilter) to context static
2019-10-01 12:43:49,985 [main] INFO  http.HttpServer2 (HttpServer2.java:addFilter(958)) - Added filter static_user_filter (class=org.apache.hadoop.http.lib.StaticUserWebFilter$StaticUserFilter) to context logs
2019-10-01 12:43:49,986 [main] INFO  http.HttpServer2 (HttpServer2.java:bindListener(1191)) - Jetty bound to port 33160
2019-10-01 12:43:49,986 [main] INFO  server.Server (Server.java:doStart(351)) - jetty-9.3.25.v20180904, build timestamp: 2018-09-04T21:11:46Z, git hash: 3ce520221d0240229c862b122d2b06c12a625732
2019-10-01 12:43:49,988 [main] INFO  handler.ContextHandler (ContextHandler.java:doStart(781)) - Started o.e.j.s.ServletContextHandler@4070ace9{/logs,file:///workdir/hadoop-ozone/integration-test/target/log,AVAILABLE}
2019-10-01 12:43:49,988 [main] INFO  handler.ContextHandler (ContextHandler.java:doStart(781)) - Started o.e.j.s.ServletContextHandler@740c4868{/static,jar:file:/home/user/.m2/repository/org/apache/hadoop/hadoop-hdds-container-service/0.5.0-SNAPSHOT/hadoop-hdds-container-service-0.5.0-SNAPSHOT.jar!/webapps/static,AVAILABLE}
2019-10-01 12:43:50,035 [main] INFO  handler.ContextHandler (ContextHandler.java:doStart(781)) - Started o.e.j.w.WebAppContext@7019d619{/,file:///tmp/jetty-0.0.0.0-33160-hddsDatanode-_-any-5119655745328465615.dir/webapp/,AVAILABLE}{/hddsDatanode}
2019-10-01 12:43:50,036 [main] INFO  server.AbstractConnector (AbstractConnector.java:doStart(278)) - Started ServerConnector@2a5c6b76{HTTP/1.1,[http/1.1]}{0.0.0.0:33160}
2019-10-01 12:43:50,038 [main] INFO  server.Server (Server.java:doStart(419)) - Started @641799ms
2019-10-01 12:43:50,038 [main] WARN  impl.MetricsSystemImpl (MetricsSystemImpl.java:register(276)) - Sink prometheus already exists!
2019-10-01 12:43:50,039 [main] INFO  server.BaseHttpServer (BaseHttpServer.java:updateConnectorAddress(215)) - HTTP server of HDDSDATANODE is listening at http://0.0.0.0:33160
2019-10-01 12:43:50,039 [main] INFO  impl.MetricsSystemImpl (MetricsSystemImpl.java:init(158)) - HddsDatanode metrics system started (again)
2019-10-01 12:43:50,049 [org.apache.hadoop.util.JvmPauseMonitor$Monitor@1c174f84] INFO  util.JvmPauseMonitor (JvmPauseMonitor.java:run(188)) - Starting JVM pause monitor
2019-10-01 12:43:50,051 [main] INFO  ozone.HddsDatanodeService (HddsDatanodeService.java:start(184)) - HddsDatanodeService host:pr-hdds-2199-dnstouuidmap-6cjbd-2468009341 ip:192.168.30.18
2019-10-01 12:43:50,051 [Datanode State Machine Thread - 0] INFO  datanode.InitDatanodeState (InitDatanodeState.java:persistContainerDatanodeDetails(140)) - DatanodeDetails is persisted to /workdir/hadoop-ozone/integration-test/target/test-dir/MiniOzoneClusterImpl-54047bbe-a4d0-46f5-93a6-5a04f7d29f94/datanode-3/meta/datanode.id
2019-10-01 12:43:50,059 [main] INFO  volume.HddsVolume (HddsVolume.java:<init>(176)) - Creating Volume: /workdir/hadoop-ozone/integration-test/target/test-dir/MiniOzoneClusterImpl-54047bbe-a4d0-46f5-93a6-5a04f7d29f94/datanode-4/data/containers/hdds of  storage type : DISK and capacity : 1482555576320
2019-10-01 12:43:50,060 [main] INFO  volume.VolumeSet (VolumeSet.java:initializeVolumeSet(170)) - Added Volume : /workdir/hadoop-ozone/integration-test/target/test-dir/MiniOzoneClusterImpl-54047bbe-a4d0-46f5-93a6-5a04f7d29f94/datanode-4/data/containers/hdds to VolumeSet
2019-10-01 12:43:50,060 [main] INFO  volume.ThrottledAsyncChecker (ThrottledAsyncChecker.java:schedule(139)) - Scheduling a check for org.apache.hadoop.ozone.container.common.volume.HddsVolume@7b4b8199
2019-10-01 12:43:50,061 [main] INFO  volume.HddsVolumeChecker (HddsVolumeChecker.java:checkAllVolumes(202)) - Scheduled health check for volume org.apache.hadoop.ozone.container.common.volume.HddsVolume@7b4b8199
2019-10-01 12:43:50,076 [main] INFO  impl.RaftServerProxy (ConfUtils.java:logGet(43)) - raft.rpc.type = GRPC (default)
2019-10-01 12:43:50,077 [main] INFO  grpc.GrpcFactory (GrpcFactory.java:checkPooledByteBufAllocatorUseCacheForAllThreads(45)) - PERFORMANCE WARNING: useCacheForAllThreads is true that may cause Netty to create a lot garbage objects and, as a result, trigger GC.
	It is recommended to disable useCacheForAllThreads by setting -Dorg.apache.ratis.thirdparty.io.netty.allocator.useCacheForAllThreads=false in command line.
2019-10-01 12:43:50,077 [main] INFO  grpc.GrpcConfigKeys$Server (ConfUtils.java:logGet(43)) - raft.grpc.server.port = 0 (default)
2019-10-01 12:43:50,077 [main] INFO  server.GrpcService (ConfUtils.java:logGet(43)) - raft.grpc.message.size.max = 33570816 (custom)
2019-10-01 12:43:50,077 [main] INFO  server.RaftServerConfigKeys (ConfUtils.java:logGet(43)) - raft.server.log.appender.buffer.byte-limit = 33554432 (custom)
2019-10-01 12:43:50,077 [main] INFO  server.GrpcService (ConfUtils.java:logGet(43)) - raft.grpc.flow.control.window = 1MB (=1048576) (default)
2019-10-01 12:43:50,078 [main] INFO  server.RaftServerConfigKeys (ConfUtils.java:logGet(43)) - raft.server.rpc.request.timeout = 3000ms (default)
2019-10-01 12:43:50,078 [main] INFO  server.RaftServerConfigKeys (ConfUtils.java:logGet(43)) - raft.server.storage.dir = [/workdir/hadoop-ozone/integration-test/target/test-dir/MiniOzoneClusterImpl-54047bbe-a4d0-46f5-93a6-5a04f7d29f94/datanode-4/data/ratis] (custom)
2019-10-01 12:43:50,080 [main] INFO  hdfs.DFSUtil (DFSUtil.java:httpServerTemplateForNNAndJN(1641)) - Starting Web-server for hddsDatanode at: http://0.0.0.0:0
2019-10-01 12:43:50,081 [main] INFO  server.AuthenticationFilter (AuthenticationFilter.java:constructSecretProvider(240)) - Unable to initialize FileSignerSecretProvider, falling back to use random secrets.
2019-10-01 12:43:50,081 [main] WARN  http.HttpRequestLog (HttpRequestLog.java:getRequestLog(97)) - Jetty request log can only be enabled using Log4j
2019-10-01 12:43:50,082 [main] INFO  http.HttpServer2 (HttpServer2.java:addGlobalFilter(975)) - Added global filter 'safety' (class=org.apache.hadoop.http.HttpServer2$QuotingInputFilter)
2019-10-01 12:43:50,083 [main] INFO  http.HttpServer2 (HttpServer2.java:addFilter(948)) - Added filter static_user_filter (class=org.apache.hadoop.http.lib.StaticUserWebFilter$StaticUserFilter) to context hddsDatanode
2019-10-01 12:43:50,083 [main] INFO  http.HttpServer2 (HttpServer2.java:addFilter(958)) - Added filter static_user_filter (class=org.apache.hadoop.http.lib.StaticUserWebFilter$StaticUserFilter) to context logs
2019-10-01 12:43:50,083 [main] INFO  http.HttpServer2 (HttpServer2.java:addFilter(958)) - Added filter static_user_filter (class=org.apache.hadoop.http.lib.StaticUserWebFilter$StaticUserFilter) to context static
2019-10-01 12:43:50,084 [main] INFO  http.HttpServer2 (HttpServer2.java:bindListener(1191)) - Jetty bound to port 32997
2019-10-01 12:43:50,084 [main] INFO  server.Server (Server.java:doStart(351)) - jetty-9.3.25.v20180904, build timestamp: 2018-09-04T21:11:46Z, git hash: 3ce520221d0240229c862b122d2b06c12a625732
2019-10-01 12:43:50,085 [main] INFO  handler.ContextHandler (ContextHandler.java:doStart(781)) - Started o.e.j.s.ServletContextHandler@2404abe2{/logs,file:///workdir/hadoop-ozone/integration-test/target/log,AVAILABLE}
2019-10-01 12:43:50,086 [main] INFO  handler.ContextHandler (ContextHandler.java:doStart(781)) - Started o.e.j.s.ServletContextHandler@7bc2bb58{/static,jar:file:/home/user/.m2/repository/org/apache/hadoop/hadoop-hdds-container-service/0.5.0-SNAPSHOT/hadoop-hdds-container-service-0.5.0-SNAPSHOT.jar!/webapps/static,AVAILABLE}
2019-10-01 12:43:50,117 [main] INFO  handler.ContextHandler (ContextHandler.java:doStart(781)) - Started o.e.j.w.WebAppContext@5403431a{/,file:///tmp/jetty-0.0.0.0-32997-hddsDatanode-_-any-5772531625891678542.dir/webapp/,AVAILABLE}{/hddsDatanode}
2019-10-01 12:43:50,117 [main] INFO  server.AbstractConnector (AbstractConnector.java:doStart(278)) - Started ServerConnector@ab327c{HTTP/1.1,[http/1.1]}{0.0.0.0:32997}
2019-10-01 12:43:50,120 [main] INFO  server.Server (Server.java:doStart(419)) - Started @641880ms
2019-10-01 12:43:50,120 [main] WARN  impl.MetricsSystemImpl (MetricsSystemImpl.java:register(276)) - Sink prometheus already exists!
2019-10-01 12:43:50,120 [main] INFO  server.BaseHttpServer (BaseHttpServer.java:updateConnectorAddress(215)) - HTTP server of HDDSDATANODE is listening at http://0.0.0.0:32997
2019-10-01 12:43:50,121 [main] INFO  impl.MetricsSystemImpl (MetricsSystemImpl.java:init(158)) - HddsDatanode metrics system started (again)
2019-10-01 12:43:50,129 [org.apache.hadoop.util.JvmPauseMonitor$Monitor@3e0ca486] INFO  util.JvmPauseMonitor (JvmPauseMonitor.java:run(188)) - Starting JVM pause monitor
2019-10-01 12:43:50,130 [Datanode State Machine Thread - 0] INFO  datanode.InitDatanodeState (InitDatanodeState.java:persistContainerDatanodeDetails(140)) - DatanodeDetails is persisted to /workdir/hadoop-ozone/integration-test/target/test-dir/MiniOzoneClusterImpl-54047bbe-a4d0-46f5-93a6-5a04f7d29f94/datanode-4/meta/datanode.id
2019-10-01 12:43:50,130 [main] INFO  ozone.HddsDatanodeService (HddsDatanodeService.java:start(184)) - HddsDatanodeService host:pr-hdds-2199-dnstouuidmap-6cjbd-2468009341 ip:192.168.30.18
2019-10-01 12:43:50,138 [main] INFO  volume.HddsVolume (HddsVolume.java:<init>(176)) - Creating Volume: /workdir/hadoop-ozone/integration-test/target/test-dir/MiniOzoneClusterImpl-54047bbe-a4d0-46f5-93a6-5a04f7d29f94/datanode-5/data/containers/hdds of  storage type : DISK and capacity : 1482555576320
2019-10-01 12:43:50,139 [main] INFO  volume.VolumeSet (VolumeSet.java:initializeVolumeSet(170)) - Added Volume : /workdir/hadoop-ozone/integration-test/target/test-dir/MiniOzoneClusterImpl-54047bbe-a4d0-46f5-93a6-5a04f7d29f94/datanode-5/data/containers/hdds to VolumeSet
2019-10-01 12:43:50,139 [main] INFO  volume.ThrottledAsyncChecker (ThrottledAsyncChecker.java:schedule(139)) - Scheduling a check for org.apache.hadoop.ozone.container.common.volume.HddsVolume@4cfc0c48
2019-10-01 12:43:50,139 [main] INFO  volume.HddsVolumeChecker (HddsVolumeChecker.java:checkAllVolumes(202)) - Scheduled health check for volume org.apache.hadoop.ozone.container.common.volume.HddsVolume@4cfc0c48
2019-10-01 12:43:50,153 [main] INFO  impl.RaftServerProxy (ConfUtils.java:logGet(43)) - raft.rpc.type = GRPC (default)
2019-10-01 12:43:50,153 [main] INFO  grpc.GrpcFactory (GrpcFactory.java:checkPooledByteBufAllocatorUseCacheForAllThreads(45)) - PERFORMANCE WARNING: useCacheForAllThreads is true that may cause Netty to create a lot garbage objects and, as a result, trigger GC.
	It is recommended to disable useCacheForAllThreads by setting -Dorg.apache.ratis.thirdparty.io.netty.allocator.useCacheForAllThreads=false in command line.
2019-10-01 12:43:50,153 [main] INFO  grpc.GrpcConfigKeys$Server (ConfUtils.java:logGet(43)) - raft.grpc.server.port = 0 (default)
2019-10-01 12:43:50,153 [main] INFO  server.GrpcService (ConfUtils.java:logGet(43)) - raft.grpc.message.size.max = 33570816 (custom)
2019-10-01 12:43:50,153 [main] INFO  server.RaftServerConfigKeys (ConfUtils.java:logGet(43)) - raft.server.log.appender.buffer.byte-limit = 33554432 (custom)
2019-10-01 12:43:50,154 [main] INFO  server.GrpcService (ConfUtils.java:logGet(43)) - raft.grpc.flow.control.window = 1MB (=1048576) (default)
2019-10-01 12:43:50,154 [main] INFO  server.RaftServerConfigKeys (ConfUtils.java:logGet(43)) - raft.server.rpc.request.timeout = 3000ms (default)
2019-10-01 12:43:50,154 [main] INFO  server.RaftServerConfigKeys (ConfUtils.java:logGet(43)) - raft.server.storage.dir = [/workdir/hadoop-ozone/integration-test/target/test-dir/MiniOzoneClusterImpl-54047bbe-a4d0-46f5-93a6-5a04f7d29f94/datanode-5/data/ratis] (custom)
2019-10-01 12:43:50,155 [main] INFO  hdfs.DFSUtil (DFSUtil.java:httpServerTemplateForNNAndJN(1641)) - Starting Web-server for hddsDatanode at: http://0.0.0.0:0
2019-10-01 12:43:50,156 [main] INFO  server.AuthenticationFilter (AuthenticationFilter.java:constructSecretProvider(240)) - Unable to initialize FileSignerSecretProvider, falling back to use random secrets.
2019-10-01 12:43:50,156 [main] WARN  http.HttpRequestLog (HttpRequestLog.java:getRequestLog(97)) - Jetty request log can only be enabled using Log4j
2019-10-01 12:43:50,158 [main] INFO  http.HttpServer2 (HttpServer2.java:addGlobalFilter(975)) - Added global filter 'safety' (class=org.apache.hadoop.http.HttpServer2$QuotingInputFilter)
2019-10-01 12:43:50,158 [main] INFO  http.HttpServer2 (HttpServer2.java:addFilter(948)) - Added filter static_user_filter (class=org.apache.hadoop.http.lib.StaticUserWebFilter$StaticUserFilter) to context hddsDatanode
2019-10-01 12:43:50,158 [main] INFO  http.HttpServer2 (HttpServer2.java:addFilter(958)) - Added filter static_user_filter (class=org.apache.hadoop.http.lib.StaticUserWebFilter$StaticUserFilter) to context logs
2019-10-01 12:43:50,158 [main] INFO  http.HttpServer2 (HttpServer2.java:addFilter(958)) - Added filter static_user_filter (class=org.apache.hadoop.http.lib.StaticUserWebFilter$StaticUserFilter) to context static
2019-10-01 12:43:50,159 [main] INFO  http.HttpServer2 (HttpServer2.java:bindListener(1191)) - Jetty bound to port 45447
2019-10-01 12:43:50,159 [main] INFO  server.Server (Server.java:doStart(351)) - jetty-9.3.25.v20180904, build timestamp: 2018-09-04T21:11:46Z, git hash: 3ce520221d0240229c862b122d2b06c12a625732
2019-10-01 12:43:50,160 [main] INFO  handler.ContextHandler (ContextHandler.java:doStart(781)) - Started o.e.j.s.ServletContextHandler@365bfc5f{/logs,file:///workdir/hadoop-ozone/integration-test/target/log,AVAILABLE}
2019-10-01 12:43:50,160 [main] INFO  handler.ContextHandler (ContextHandler.java:doStart(781)) - Started o.e.j.s.ServletContextHandler@37a3ec27{/static,jar:file:/home/user/.m2/repository/org/apache/hadoop/hadoop-hdds-container-service/0.5.0-SNAPSHOT/hadoop-hdds-container-service-0.5.0-SNAPSHOT.jar!/webapps/static,AVAILABLE}
2019-10-01 12:43:50,188 [main] INFO  handler.ContextHandler (ContextHandler.java:doStart(781)) - Started o.e.j.w.WebAppContext@48b2dbc4{/,file:///tmp/jetty-0.0.0.0-45447-hddsDatanode-_-any-4537266554263006211.dir/webapp/,AVAILABLE}{/hddsDatanode}
2019-10-01 12:43:50,190 [main] INFO  server.AbstractConnector (AbstractConnector.java:doStart(278)) - Started ServerConnector@5cfe67e1{HTTP/1.1,[http/1.1]}{0.0.0.0:45447}
2019-10-01 12:43:50,191 [main] INFO  server.Server (Server.java:doStart(419)) - Started @641952ms
2019-10-01 12:43:50,191 [main] WARN  impl.MetricsSystemImpl (MetricsSystemImpl.java:register(276)) - Sink prometheus already exists!
2019-10-01 12:43:50,192 [main] INFO  server.BaseHttpServer (BaseHttpServer.java:updateConnectorAddress(215)) - HTTP server of HDDSDATANODE is listening at http://0.0.0.0:45447
2019-10-01 12:43:50,193 [main] INFO  impl.MetricsSystemImpl (MetricsSystemImpl.java:init(158)) - HddsDatanode metrics system started (again)
2019-10-01 12:43:50,205 [org.apache.hadoop.util.JvmPauseMonitor$Monitor@4b067165] INFO  util.JvmPauseMonitor (JvmPauseMonitor.java:run(188)) - Starting JVM pause monitor
2019-10-01 12:43:50,207 [Datanode State Machine Thread - 0] INFO  datanode.InitDatanodeState (InitDatanodeState.java:persistContainerDatanodeDetails(140)) - DatanodeDetails is persisted to /workdir/hadoop-ozone/integration-test/target/test-dir/MiniOzoneClusterImpl-54047bbe-a4d0-46f5-93a6-5a04f7d29f94/datanode-5/meta/datanode.id
2019-10-01 12:43:50,207 [main] INFO  ozone.HddsDatanodeService (HddsDatanodeService.java:start(184)) - HddsDatanodeService host:pr-hdds-2199-dnstouuidmap-6cjbd-2468009341 ip:192.168.30.18
2019-10-01 12:43:50,215 [main] INFO  volume.HddsVolume (HddsVolume.java:<init>(176)) - Creating Volume: /workdir/hadoop-ozone/integration-test/target/test-dir/MiniOzoneClusterImpl-54047bbe-a4d0-46f5-93a6-5a04f7d29f94/datanode-6/data/containers/hdds of  storage type : DISK and capacity : 1482555576320
2019-10-01 12:43:50,215 [main] INFO  volume.VolumeSet (VolumeSet.java:initializeVolumeSet(170)) - Added Volume : /workdir/hadoop-ozone/integration-test/target/test-dir/MiniOzoneClusterImpl-54047bbe-a4d0-46f5-93a6-5a04f7d29f94/datanode-6/data/containers/hdds to VolumeSet
2019-10-01 12:43:50,215 [main] INFO  volume.ThrottledAsyncChecker (ThrottledAsyncChecker.java:schedule(139)) - Scheduling a check for org.apache.hadoop.ozone.container.common.volume.HddsVolume@38e00b47
2019-10-01 12:43:50,216 [main] INFO  volume.HddsVolumeChecker (HddsVolumeChecker.java:checkAllVolumes(202)) - Scheduled health check for volume org.apache.hadoop.ozone.container.common.volume.HddsVolume@38e00b47
2019-10-01 12:43:50,234 [main] INFO  impl.RaftServerProxy (ConfUtils.java:logGet(43)) - raft.rpc.type = GRPC (default)
2019-10-01 12:43:50,234 [main] INFO  grpc.GrpcFactory (GrpcFactory.java:checkPooledByteBufAllocatorUseCacheForAllThreads(45)) - PERFORMANCE WARNING: useCacheForAllThreads is true that may cause Netty to create a lot garbage objects and, as a result, trigger GC.
	It is recommended to disable useCacheForAllThreads by setting -Dorg.apache.ratis.thirdparty.io.netty.allocator.useCacheForAllThreads=false in command line.
2019-10-01 12:43:50,235 [main] INFO  grpc.GrpcConfigKeys$Server (ConfUtils.java:logGet(43)) - raft.grpc.server.port = 0 (default)
2019-10-01 12:43:50,235 [main] INFO  server.GrpcService (ConfUtils.java:logGet(43)) - raft.grpc.message.size.max = 33570816 (custom)
2019-10-01 12:43:50,235 [main] INFO  server.RaftServerConfigKeys (ConfUtils.java:logGet(43)) - raft.server.log.appender.buffer.byte-limit = 33554432 (custom)
2019-10-01 12:43:50,235 [main] INFO  server.GrpcService (ConfUtils.java:logGet(43)) - raft.grpc.flow.control.window = 1MB (=1048576) (default)
2019-10-01 12:43:50,235 [main] INFO  server.RaftServerConfigKeys (ConfUtils.java:logGet(43)) - raft.server.rpc.request.timeout = 3000ms (default)
2019-10-01 12:43:50,236 [main] INFO  server.RaftServerConfigKeys (ConfUtils.java:logGet(43)) - raft.server.storage.dir = [/workdir/hadoop-ozone/integration-test/target/test-dir/MiniOzoneClusterImpl-54047bbe-a4d0-46f5-93a6-5a04f7d29f94/datanode-6/data/ratis] (custom)
2019-10-01 12:43:50,237 [main] INFO  hdfs.DFSUtil (DFSUtil.java:httpServerTemplateForNNAndJN(1641)) - Starting Web-server for hddsDatanode at: http://0.0.0.0:0
2019-10-01 12:43:50,239 [main] INFO  server.AuthenticationFilter (AuthenticationFilter.java:constructSecretProvider(240)) - Unable to initialize FileSignerSecretProvider, falling back to use random secrets.
2019-10-01 12:43:50,239 [main] WARN  http.HttpRequestLog (HttpRequestLog.java:getRequestLog(97)) - Jetty request log can only be enabled using Log4j
2019-10-01 12:43:50,241 [main] INFO  http.HttpServer2 (HttpServer2.java:addGlobalFilter(975)) - Added global filter 'safety' (class=org.apache.hadoop.http.HttpServer2$QuotingInputFilter)
2019-10-01 12:43:50,241 [main] INFO  http.HttpServer2 (HttpServer2.java:addFilter(948)) - Added filter static_user_filter (class=org.apache.hadoop.http.lib.StaticUserWebFilter$StaticUserFilter) to context hddsDatanode
2019-10-01 12:43:50,242 [main] INFO  http.HttpServer2 (HttpServer2.java:addFilter(958)) - Added filter static_user_filter (class=org.apache.hadoop.http.lib.StaticUserWebFilter$StaticUserFilter) to context static
2019-10-01 12:43:50,242 [main] INFO  http.HttpServer2 (HttpServer2.java:addFilter(958)) - Added filter static_user_filter (class=org.apache.hadoop.http.lib.StaticUserWebFilter$StaticUserFilter) to context logs
2019-10-01 12:43:50,242 [main] INFO  http.HttpServer2 (HttpServer2.java:bindListener(1191)) - Jetty bound to port 42937
2019-10-01 12:43:50,242 [main] INFO  server.Server (Server.java:doStart(351)) - jetty-9.3.25.v20180904, build timestamp: 2018-09-04T21:11:46Z, git hash: 3ce520221d0240229c862b122d2b06c12a625732
2019-10-01 12:43:50,244 [main] INFO  handler.ContextHandler (ContextHandler.java:doStart(781)) - Started o.e.j.s.ServletContextHandler@11bdab37{/logs,file:///workdir/hadoop-ozone/integration-test/target/log,AVAILABLE}
2019-10-01 12:43:50,244 [main] INFO  handler.ContextHandler (ContextHandler.java:doStart(781)) - Started o.e.j.s.ServletContextHandler@5a6f6cac{/static,jar:file:/home/user/.m2/repository/org/apache/hadoop/hadoop-hdds-container-service/0.5.0-SNAPSHOT/hadoop-hdds-container-service-0.5.0-SNAPSHOT.jar!/webapps/static,AVAILABLE}
2019-10-01 12:43:50,271 [main] INFO  handler.ContextHandler (ContextHandler.java:doStart(781)) - Started o.e.j.w.WebAppContext@73b0ed03{/,file:///tmp/jetty-0.0.0.0-42937-hddsDatanode-_-any-7103851906727445286.dir/webapp/,AVAILABLE}{/hddsDatanode}
2019-10-01 12:43:50,271 [main] INFO  server.AbstractConnector (AbstractConnector.java:doStart(278)) - Started ServerConnector@55061418{HTTP/1.1,[http/1.1]}{0.0.0.0:42937}
2019-10-01 12:43:50,273 [main] INFO  server.Server (Server.java:doStart(419)) - Started @642032ms
2019-10-01 12:43:50,273 [main] WARN  impl.MetricsSystemImpl (MetricsSystemImpl.java:register(276)) - Sink prometheus already exists!
2019-10-01 12:43:50,274 [main] INFO  server.BaseHttpServer (BaseHttpServer.java:updateConnectorAddress(215)) - HTTP server of HDDSDATANODE is listening at http://0.0.0.0:42937
2019-10-01 12:43:50,275 [main] INFO  ozone.MiniOzoneClusterImpl (MiniOzoneClusterImpl.java:lambda$waitForClusterToBeReady$0(147)) - Waiting for cluster to be ready. Got 0 of 7 DN Heartbeats.
2019-10-01 12:43:50,276 [org.apache.hadoop.util.JvmPauseMonitor$Monitor@60853494] INFO  util.JvmPauseMonitor (JvmPauseMonitor.java:run(188)) - Starting JVM pause monitor
2019-10-01 12:43:50,277 [Datanode State Machine Thread - 0] INFO  datanode.InitDatanodeState (InitDatanodeState.java:persistContainerDatanodeDetails(140)) - DatanodeDetails is persisted to /workdir/hadoop-ozone/integration-test/target/test-dir/MiniOzoneClusterImpl-54047bbe-a4d0-46f5-93a6-5a04f7d29f94/datanode-6/meta/datanode.id
2019-10-01 12:43:51,275 [main] INFO  ozone.MiniOzoneClusterImpl (MiniOzoneClusterImpl.java:lambda$waitForClusterToBeReady$0(147)) - Waiting for cluster to be ready. Got 0 of 7 DN Heartbeats.
2019-10-01 12:43:51,815 [Datanode State Machine Thread - 0] INFO  ozoneimpl.OzoneContainer (OzoneContainer.java:start(217)) - Attempting to start container services.
2019-10-01 12:43:51,815 [Datanode State Machine Thread - 0] INFO  ozoneimpl.OzoneContainer (OzoneContainer.java:startContainerScrub(179)) - Background container scanner has been disabled.
2019-10-01 12:43:51,815 [Datanode State Machine Thread - 0] INFO  ratis.XceiverServerRatis (XceiverServerRatis.java:start(417)) - Starting XceiverServerRatis d3d96536-50c0-424c-b791-b7211a690396 at port 0
2019-10-01 12:43:51,823 [Datanode State Machine Thread - 0] INFO  impl.RaftServerProxy (RaftServerProxy.java:lambda$start$3(299)) - d3d96536-50c0-424c-b791-b7211a690396: start RPC server
2019-10-01 12:43:51,824 [Datanode State Machine Thread - 0] INFO  server.GrpcService (GrpcService.java:startImpl(158)) - d3d96536-50c0-424c-b791-b7211a690396: GrpcService started, listening on 0.0.0.0/0.0.0.0:44647
2019-10-01 12:43:51,824 [Datanode State Machine Thread - 0] INFO  ratis.XceiverServerRatis (XceiverServerRatis.java:start(427)) - XceiverServerRatis d3d96536-50c0-424c-b791-b7211a690396 is started using port 44647
2019-10-01 12:43:51,825 [Datanode State Machine Thread - 0] INFO  server.XceiverServerGrpc (XceiverServerGrpc.java:start(149)) - XceiverServerGrpc d3d96536-50c0-424c-b791-b7211a690396 is started using port 44877
2019-10-01 12:43:51,901 [Datanode State Machine Thread - 0] INFO  ozoneimpl.OzoneContainer (OzoneContainer.java:start(217)) - Attempting to start container services.
2019-10-01 12:43:51,901 [Datanode State Machine Thread - 0] INFO  ozoneimpl.OzoneContainer (OzoneContainer.java:startContainerScrub(179)) - Background container scanner has been disabled.
2019-10-01 12:43:51,901 [Datanode State Machine Thread - 0] INFO  ratis.XceiverServerRatis (XceiverServerRatis.java:start(417)) - Starting XceiverServerRatis 1699c8ac-b1ac-4189-87c7-7e52019aab6f at port 0
2019-10-01 12:43:51,905 [Datanode State Machine Thread - 0] INFO  impl.RaftServerProxy (RaftServerProxy.java:lambda$start$3(299)) - 1699c8ac-b1ac-4189-87c7-7e52019aab6f: start RPC server
2019-10-01 12:43:51,907 [Datanode State Machine Thread - 0] INFO  server.GrpcService (GrpcService.java:startImpl(158)) - 1699c8ac-b1ac-4189-87c7-7e52019aab6f: GrpcService started, listening on 0.0.0.0/0.0.0.0:44682
2019-10-01 12:43:51,908 [Datanode State Machine Thread - 0] INFO  ratis.XceiverServerRatis (XceiverServerRatis.java:start(427)) - XceiverServerRatis 1699c8ac-b1ac-4189-87c7-7e52019aab6f is started using port 44682
2019-10-01 12:43:51,908 [Datanode State Machine Thread - 0] INFO  server.XceiverServerGrpc (XceiverServerGrpc.java:start(149)) - XceiverServerGrpc 1699c8ac-b1ac-4189-87c7-7e52019aab6f is started using port 46509
2019-10-01 12:43:51,988 [Datanode State Machine Thread - 0] INFO  ozoneimpl.OzoneContainer (OzoneContainer.java:start(217)) - Attempting to start container services.
2019-10-01 12:43:51,988 [Datanode State Machine Thread - 0] INFO  ozoneimpl.OzoneContainer (OzoneContainer.java:startContainerScrub(179)) - Background container scanner has been disabled.
2019-10-01 12:43:51,988 [Datanode State Machine Thread - 0] INFO  ratis.XceiverServerRatis (XceiverServerRatis.java:start(417)) - Starting XceiverServerRatis b9fe614c-fc92-49ed-846d-3792d102db8e at port 0
2019-10-01 12:43:51,993 [Datanode State Machine Thread - 0] INFO  impl.RaftServerProxy (RaftServerProxy.java:lambda$start$3(299)) - b9fe614c-fc92-49ed-846d-3792d102db8e: start RPC server
2019-10-01 12:43:52,003 [Datanode State Machine Thread - 0] INFO  server.GrpcService (GrpcService.java:startImpl(158)) - b9fe614c-fc92-49ed-846d-3792d102db8e: GrpcService started, listening on 0.0.0.0/0.0.0.0:41459
2019-10-01 12:43:52,004 [Datanode State Machine Thread - 0] INFO  ratis.XceiverServerRatis (XceiverServerRatis.java:start(427)) - XceiverServerRatis b9fe614c-fc92-49ed-846d-3792d102db8e is started using port 41459
2019-10-01 12:43:52,010 [Datanode State Machine Thread - 0] INFO  server.XceiverServerGrpc (XceiverServerGrpc.java:start(149)) - XceiverServerGrpc b9fe614c-fc92-49ed-846d-3792d102db8e is started using port 42899
2019-10-01 12:43:52,080 [Datanode State Machine Thread - 0] INFO  ozoneimpl.OzoneContainer (OzoneContainer.java:start(217)) - Attempting to start container services.
2019-10-01 12:43:52,080 [Datanode State Machine Thread - 0] INFO  ozoneimpl.OzoneContainer (OzoneContainer.java:startContainerScrub(179)) - Background container scanner has been disabled.
2019-10-01 12:43:52,080 [Datanode State Machine Thread - 0] INFO  ratis.XceiverServerRatis (XceiverServerRatis.java:start(417)) - Starting XceiverServerRatis c8f8b3b4-ca50-4e06-a1e9-219b85e49e11 at port 0
2019-10-01 12:43:52,086 [Datanode State Machine Thread - 0] INFO  impl.RaftServerProxy (RaftServerProxy.java:lambda$start$3(299)) - c8f8b3b4-ca50-4e06-a1e9-219b85e49e11: start RPC server
2019-10-01 12:43:52,089 [Datanode State Machine Thread - 0] INFO  server.GrpcService (GrpcService.java:startImpl(158)) - c8f8b3b4-ca50-4e06-a1e9-219b85e49e11: GrpcService started, listening on 0.0.0.0/0.0.0.0:35222
2019-10-01 12:43:52,089 [Datanode State Machine Thread - 0] INFO  ratis.XceiverServerRatis (XceiverServerRatis.java:start(427)) - XceiverServerRatis c8f8b3b4-ca50-4e06-a1e9-219b85e49e11 is started using port 35222
2019-10-01 12:43:52,089 [Datanode State Machine Thread - 0] INFO  server.XceiverServerGrpc (XceiverServerGrpc.java:start(149)) - XceiverServerGrpc c8f8b3b4-ca50-4e06-a1e9-219b85e49e11 is started using port 38251
2019-10-01 12:43:52,155 [Datanode State Machine Thread - 0] INFO  ozoneimpl.OzoneContainer (OzoneContainer.java:start(217)) - Attempting to start container services.
2019-10-01 12:43:52,155 [Datanode State Machine Thread - 0] INFO  ozoneimpl.OzoneContainer (OzoneContainer.java:startContainerScrub(179)) - Background container scanner has been disabled.
2019-10-01 12:43:52,155 [Datanode State Machine Thread - 0] INFO  ratis.XceiverServerRatis (XceiverServerRatis.java:start(417)) - Starting XceiverServerRatis 89c73eeb-e99a-4ead-a178-f5fc4a551541 at port 0
2019-10-01 12:43:52,162 [Datanode State Machine Thread - 0] INFO  impl.RaftServerProxy (RaftServerProxy.java:lambda$start$3(299)) - 89c73eeb-e99a-4ead-a178-f5fc4a551541: start RPC server
2019-10-01 12:43:52,163 [Datanode State Machine Thread - 0] INFO  server.GrpcService (GrpcService.java:startImpl(158)) - 89c73eeb-e99a-4ead-a178-f5fc4a551541: GrpcService started, listening on 0.0.0.0/0.0.0.0:41541
2019-10-01 12:43:52,163 [Datanode State Machine Thread - 0] INFO  ratis.XceiverServerRatis (XceiverServerRatis.java:start(427)) - XceiverServerRatis 89c73eeb-e99a-4ead-a178-f5fc4a551541 is started using port 41541
2019-10-01 12:43:52,163 [Datanode State Machine Thread - 0] INFO  server.XceiverServerGrpc (XceiverServerGrpc.java:start(149)) - XceiverServerGrpc 89c73eeb-e99a-4ead-a178-f5fc4a551541 is started using port 33608
2019-10-01 12:43:52,230 [Datanode State Machine Thread - 0] INFO  ozoneimpl.OzoneContainer (OzoneContainer.java:start(217)) - Attempting to start container services.
2019-10-01 12:43:52,231 [Datanode State Machine Thread - 0] INFO  ozoneimpl.OzoneContainer (OzoneContainer.java:startContainerScrub(179)) - Background container scanner has been disabled.
2019-10-01 12:43:52,231 [Datanode State Machine Thread - 0] INFO  ratis.XceiverServerRatis (XceiverServerRatis.java:start(417)) - Starting XceiverServerRatis bc7b43ce-939d-49b7-851e-984e78d74e21 at port 0
2019-10-01 12:43:52,237 [Datanode State Machine Thread - 0] INFO  impl.RaftServerProxy (RaftServerProxy.java:lambda$start$3(299)) - bc7b43ce-939d-49b7-851e-984e78d74e21: start RPC server
2019-10-01 12:43:52,237 [Datanode State Machine Thread - 0] INFO  server.GrpcService (GrpcService.java:startImpl(158)) - bc7b43ce-939d-49b7-851e-984e78d74e21: GrpcService started, listening on 0.0.0.0/0.0.0.0:34159
2019-10-01 12:43:52,237 [Datanode State Machine Thread - 0] INFO  ratis.XceiverServerRatis (XceiverServerRatis.java:start(427)) - XceiverServerRatis bc7b43ce-939d-49b7-851e-984e78d74e21 is started using port 34159
2019-10-01 12:43:52,241 [Datanode State Machine Thread - 0] INFO  server.XceiverServerGrpc (XceiverServerGrpc.java:start(149)) - XceiverServerGrpc bc7b43ce-939d-49b7-851e-984e78d74e21 is started using port 35540
2019-10-01 12:43:52,275 [main] INFO  ozone.MiniOzoneClusterImpl (MiniOzoneClusterImpl.java:lambda$waitForClusterToBeReady$0(147)) - Waiting for cluster to be ready. Got 0 of 7 DN Heartbeats.
2019-10-01 12:43:52,306 [Datanode State Machine Thread - 0] INFO  ozoneimpl.OzoneContainer (OzoneContainer.java:start(217)) - Attempting to start container services.
2019-10-01 12:43:52,306 [Datanode State Machine Thread - 0] INFO  ozoneimpl.OzoneContainer (OzoneContainer.java:startContainerScrub(179)) - Background container scanner has been disabled.
2019-10-01 12:43:52,306 [Datanode State Machine Thread - 0] INFO  ratis.XceiverServerRatis (XceiverServerRatis.java:start(417)) - Starting XceiverServerRatis 7b940994-b04a-41d7-acb3-b4567a89b926 at port 0
2019-10-01 12:43:52,312 [Datanode State Machine Thread - 0] INFO  impl.RaftServerProxy (RaftServerProxy.java:lambda$start$3(299)) - 7b940994-b04a-41d7-acb3-b4567a89b926: start RPC server
2019-10-01 12:43:52,313 [Datanode State Machine Thread - 0] INFO  server.GrpcService (GrpcService.java:startImpl(158)) - 7b940994-b04a-41d7-acb3-b4567a89b926: GrpcService started, listening on 0.0.0.0/0.0.0.0:42925
2019-10-01 12:43:52,313 [Datanode State Machine Thread - 0] INFO  ratis.XceiverServerRatis (XceiverServerRatis.java:start(427)) - XceiverServerRatis 7b940994-b04a-41d7-acb3-b4567a89b926 is started using port 42925
2019-10-01 12:43:52,313 [Datanode State Machine Thread - 0] INFO  server.XceiverServerGrpc (XceiverServerGrpc.java:start(149)) - XceiverServerGrpc 7b940994-b04a-41d7-acb3-b4567a89b926 is started using port 41620
2019-10-01 12:43:53,276 [main] INFO  ozone.MiniOzoneClusterImpl (MiniOzoneClusterImpl.java:lambda$waitForClusterToBeReady$0(147)) - Waiting for cluster to be ready. Got 0 of 7 DN Heartbeats.
2019-10-01 12:43:53,800 [IPC Server handler 3 on 43536] INFO  net.NetworkTopology (NetworkTopologyImpl.java:add(111)) - Added a new node: /default-rack/d3d96536-50c0-424c-b791-b7211a690396
2019-10-01 12:43:53,806 [IPC Server handler 3 on 43536] INFO  node.SCMNodeManager (SCMNodeManager.java:register(268)) - Registered Data node : d3d96536-50c0-424c-b791-b7211a690396{ip: 192.168.30.18, host: pr-hdds-2199-dnstouuidmap-6cjbd-2468009341, networkLocation: /default-rack, certSerialId: null}
2019-10-01 12:43:53,807 [EventQueue-NodeRegistrationContainerReportForDataNodeSafeModeRule] INFO  safemode.SCMSafeModeManager (DataNodeSafeModeRule.java:process(71)) - SCM in safe mode. 1 DataNodes registered, 1 required.
2019-10-01 12:43:53,810 [EventQueue-NodeRegistrationContainerReportForDataNodeSafeModeRule] INFO  safemode.SCMSafeModeManager (SCMSafeModeManager.java:validateSafeModeExitRules(177)) - ScmSafeModeManager, all rules are successfully validated
2019-10-01 12:43:53,810 [EventQueue-NodeRegistrationContainerReportForDataNodeSafeModeRule] INFO  safemode.SCMSafeModeManager (SCMSafeModeManager.java:exitSafeMode(193)) - SCM exiting safe mode.
2019-10-01 12:43:53,818 [grpc-default-executor-8] INFO  impl.RaftServerProxy (RaftServerProxy.java:addNew(89)) - d3d96536-50c0-424c-b791-b7211a690396: addNew group-E45917B9D7A1:[d3d96536-50c0-424c-b791-b7211a690396:192.168.30.18:44647] returns group-E45917B9D7A1:java.util.concurrent.CompletableFuture@1ec6e7f1[Not completed]
2019-10-01 12:43:53,819 [pool-679-thread-1] INFO  impl.RaftServerImpl (RaftServerImpl.java:<init>(95)) - d3d96536-50c0-424c-b791-b7211a690396: new RaftServerImpl for group-E45917B9D7A1:[d3d96536-50c0-424c-b791-b7211a690396:192.168.30.18:44647] with ContainerStateMachine:uninitialized
2019-10-01 12:43:53,820 [pool-679-thread-1] INFO  server.RaftServerConfigKeys (ConfUtils.java:logGet(43)) - raft.server.rpc.timeout.min = 5s (custom)
2019-10-01 12:43:53,820 [pool-679-thread-1] INFO  server.RaftServerConfigKeys (ConfUtils.java:logGet(43)) - raft.server.rpc.timeout.max = 5200ms (custom)
2019-10-01 12:43:53,820 [pool-679-thread-1] INFO  server.RaftServerConfigKeys (ConfUtils.java:logGet(43)) - raft.server.rpcslowness.timeout = 120s (custom)
2019-10-01 12:43:53,820 [pool-679-thread-1] INFO  server.RaftServerConfigKeys (ConfUtils.java:logGet(43)) - raft.server.sleep.deviation.threshold = 300 (default)
2019-10-01 12:43:53,820 [pool-679-thread-1] INFO  server.RaftServerConfigKeys (ConfUtils.java:logGet(43)) - raft.server.log.appender.install.snapshot.enabled = false (custom)
2019-10-01 12:43:53,820 [pool-679-thread-1] INFO  impl.RaftServerImpl (ServerState.java:<init>(103)) - d3d96536-50c0-424c-b791-b7211a690396@group-E45917B9D7A1: ConfigurationManager, init=-1: [d3d96536-50c0-424c-b791-b7211a690396:192.168.30.18:44647], old=null, confs=<EMPTY_MAP>
2019-10-01 12:43:53,821 [pool-679-thread-1] INFO  server.RaftServerConfigKeys (ConfUtils.java:logGet(43)) - raft.server.storage.dir = [/workdir/hadoop-ozone/integration-test/target/test-dir/MiniOzoneClusterImpl-54047bbe-a4d0-46f5-93a6-5a04f7d29f94/datanode-0/data/ratis] (custom)
2019-10-01 12:43:53,821 [pool-679-thread-1] INFO  server.RaftServerConfigKeys (ConfUtils.java:logGet(43)) - raft.server.log.corruption.policy = EXCEPTION (default)
2019-10-01 12:43:53,821 [pool-679-thread-1] INFO  storage.RaftStorageDirectory (RaftStorageDirectory.java:analyzeStorage(246)) - The storage directory /workdir/hadoop-ozone/integration-test/target/test-dir/MiniOzoneClusterImpl-54047bbe-a4d0-46f5-93a6-5a04f7d29f94/datanode-0/data/ratis/b676af3b-4469-4641-a740-e45917b9d7a1 does not exist. Creating ...
2019-10-01 12:43:53,856 [pool-679-thread-1] INFO  storage.RaftStorageDirectory (RaftStorageDirectory.java:tryLock(328)) - Lock on /workdir/hadoop-ozone/integration-test/target/test-dir/MiniOzoneClusterImpl-54047bbe-a4d0-46f5-93a6-5a04f7d29f94/datanode-0/data/ratis/b676af3b-4469-4641-a740-e45917b9d7a1/in_use.lock acquired by nodename 19447@pr-hdds-2199-dnstouuidmap-6cjbd-2468009341
2019-10-01 12:43:53,876 [IPC Server handler 5 on 43536] INFO  net.NetworkTopology (NetworkTopologyImpl.java:add(111)) - Added a new node: /default-rack/1699c8ac-b1ac-4189-87c7-7e52019aab6f
2019-10-01 12:43:53,876 [IPC Server handler 5 on 43536] INFO  node.SCMNodeManager (SCMNodeManager.java:register(268)) - Registered Data node : 1699c8ac-b1ac-4189-87c7-7e52019aab6f{ip: 192.168.30.18, host: pr-hdds-2199-dnstouuidmap-6cjbd-2468009341, networkLocation: /default-rack, certSerialId: null}
2019-10-01 12:43:53,882 [pool-679-thread-1] INFO  storage.RaftStorage (RaftStorage.java:format(84)) - Storage directory /workdir/hadoop-ozone/integration-test/target/test-dir/MiniOzoneClusterImpl-54047bbe-a4d0-46f5-93a6-5a04f7d29f94/datanode-0/data/ratis/b676af3b-4469-4641-a740-e45917b9d7a1 has been successfully formatted.
2019-10-01 12:43:53,882 [pool-679-thread-1] INFO  ratis.ContainerStateMachine (ContainerStateMachine.java:loadSnapshot(230)) - group-E45917B9D7A1: The snapshot info is null. Setting the last applied indexto:(t:0, i:~)
2019-10-01 12:43:53,882 [pool-679-thread-1] INFO  server.RaftServerConfigKeys (ConfUtils.java:logGet(43)) - raft.server.notification.no-leader.timeout = 120s (custom)
2019-10-01 12:43:53,882 [pool-679-thread-1] INFO  server.RaftServerConfigKeys (ConfUtils.java:logGet(43)) - raft.server.log.use.memory = false (default)
2019-10-01 12:43:53,882 [pool-679-thread-1] INFO  server.RaftServerConfigKeys (ConfUtils.java:logGet(43)) - raft.server.log.purge.gap = 1000000 (custom)
2019-10-01 12:43:53,882 [pool-679-thread-1] INFO  server.RaftServerConfigKeys (ConfUtils.java:logGet(43)) - raft.server.log.appender.buffer.byte-limit = 33554432 (custom)
2019-10-01 12:43:53,882 [pool-679-thread-1] INFO  server.RaftServerConfigKeys (ConfUtils.java:logGet(43)) - raft.server.log.segment.size.max = 1048576 (custom)
2019-10-01 12:43:53,884 [pool-679-thread-1] INFO  server.RaftServerConfigKeys (ConfUtils.java:logGet(43)) - raft.server.log.segment.cache.num.max = 2 (custom)
2019-10-01 12:43:53,884 [pool-679-thread-1] INFO  segmented.SegmentedRaftLogWorker (SegmentedRaftLogWorker.java:<init>(173)) - new d3d96536-50c0-424c-b791-b7211a690396@group-E45917B9D7A1-SegmentedRaftLogWorker for RaftStorage:Storage Directory /workdir/hadoop-ozone/integration-test/target/test-dir/MiniOzoneClusterImpl-54047bbe-a4d0-46f5-93a6-5a04f7d29f94/datanode-0/data/ratis/b676af3b-4469-4641-a740-e45917b9d7a1
2019-10-01 12:43:53,884 [pool-679-thread-1] INFO  server.RaftServerConfigKeys (ConfUtils.java:logGet(43)) - raft.server.log.queue.byte-limit = 2147483647 (custom)
2019-10-01 12:43:53,884 [pool-679-thread-1] INFO  server.RaftServerConfigKeys (ConfUtils.java:logGet(43)) - raft.server.log.queue.element-limit = 1024 (custom)
2019-10-01 12:43:53,884 [pool-679-thread-1] INFO  server.RaftServerConfigKeys (ConfUtils.java:logGet(43)) - raft.server.log.segment.size.max = 1048576 (custom)
2019-10-01 12:43:53,885 [pool-679-thread-1] INFO  server.RaftServerConfigKeys (ConfUtils.java:logGet(43)) - raft.server.log.preallocated.size = 16384 (custom)
2019-10-01 12:43:53,885 [pool-679-thread-1] INFO  server.RaftServerConfigKeys (ConfUtils.java:logGet(43)) - raft.server.log.write.buffer.size = 33554432 (custom)
2019-10-01 12:43:53,885 [pool-679-thread-1] INFO  server.RaftServerConfigKeys (ConfUtils.java:logGet(43)) - raft.server.log.force.sync.num = 128 (default)
2019-10-01 12:43:53,885 [pool-679-thread-1] INFO  server.RaftServerConfigKeys (ConfUtils.java:logGet(43)) - raft.server.log.statemachine.data.sync = true (default)
2019-10-01 12:43:53,885 [pool-679-thread-1] INFO  server.RaftServerConfigKeys (ConfUtils.java:logGet(43)) - raft.server.log.statemachine.data.sync.timeout = 10s (default)
2019-10-01 12:43:53,885 [pool-679-thread-1] INFO  server.RaftServerConfigKeys (ConfUtils.java:logGet(43)) - raft.server.log.statemachine.data.sync.timeout.retry = -1 (default)
2019-10-01 12:43:53,885 [pool-679-thread-1] INFO  server.RaftServerConfigKeys (ConfUtils.java:logGet(43)) - raft.server.log.statemachine.data.caching.enabled = true (custom)
2019-10-01 12:43:53,886 [pool-679-thread-1] INFO  segmented.SegmentedRaftLogWorker (SegmentedRaftLogWorker.java:lambda$new$0(128)) - d3d96536-50c0-424c-b791-b7211a690396@group-E45917B9D7A1-SegmentedRaftLogWorker: flushIndex: setUnconditionally 0 -> -1
2019-10-01 12:43:53,886 [pool-679-thread-1] INFO  server.RaftServerConfigKeys (ConfUtils.java:logGet(43)) - raft.server.snapshot.auto.trigger.enabled = true (custom)
2019-10-01 12:43:53,886 [pool-679-thread-1] INFO  server.RaftServerConfigKeys (ConfUtils.java:logGet(43)) - raft.server.snapshot.auto.trigger.threshold = 10000 (custom)
2019-10-01 12:43:53,886 [pool-679-thread-1] INFO  server.RaftServerConfigKeys (ConfUtils.java:logGet(43)) - raft.server.snapshot.retention.file.num = 5 (custom)
2019-10-01 12:43:53,886 [pool-679-thread-1] INFO  server.RaftServerConfigKeys (ConfUtils.java:logGet(43)) - raft.server.retrycache.expirytime = 600000ms (custom)
2019-10-01 12:43:53,888 [pool-679-thread-1] INFO  impl.RaftServerImpl (RaftServerImpl.java:start(181)) - d3d96536-50c0-424c-b791-b7211a690396@group-E45917B9D7A1: start as a follower, conf=-1: [d3d96536-50c0-424c-b791-b7211a690396:192.168.30.18:44647], old=null
2019-10-01 12:43:53,888 [pool-679-thread-1] INFO  impl.RaftServerImpl (RaftServerImpl.java:setRole(170)) - d3d96536-50c0-424c-b791-b7211a690396@group-E45917B9D7A1: changes role from      null to FOLLOWER at term 0 for startAsFollower
2019-10-01 12:43:53,888 [pool-679-thread-1] INFO  impl.RoleInfo (RoleInfo.java:updateAndGet(143)) - d3d96536-50c0-424c-b791-b7211a690396: start FollowerState
2019-10-01 12:43:53,888 [pool-679-thread-1] INFO  util.JmxRegister (JmxRegister.java:tryRegister(44)) - Successfully registered JMX Bean with object name Ratis:service=RaftServer,group=group-E45917B9D7A1,id=d3d96536-50c0-424c-b791-b7211a690396
2019-10-01 12:43:53,891 [RatisPipelineUtilsThread] INFO  pipeline.PipelineStateManager (PipelineStateManager.java:addPipeline(56)) - Created pipeline Pipeline[ Id: b676af3b-4469-4641-a740-e45917b9d7a1, Nodes: d3d96536-50c0-424c-b791-b7211a690396{ip: 192.168.30.18, host: pr-hdds-2199-dnstouuidmap-6cjbd-2468009341, networkLocation: /default-rack, certSerialId: null}, Type:RATIS, Factor:ONE, State:OPEN]
2019-10-01 12:43:53,899 [grpc-default-executor-8] INFO  impl.RaftServerProxy (RaftServerProxy.java:addNew(89)) - 1699c8ac-b1ac-4189-87c7-7e52019aab6f: addNew group-2D65B6116651:[1699c8ac-b1ac-4189-87c7-7e52019aab6f:192.168.30.18:44682] returns group-2D65B6116651:java.util.concurrent.CompletableFuture@56a375b9[Not completed]
2019-10-01 12:43:53,900 [pool-689-thread-1] INFO  impl.RaftServerImpl (RaftServerImpl.java:<init>(95)) - 1699c8ac-b1ac-4189-87c7-7e52019aab6f: new RaftServerImpl for group-2D65B6116651:[1699c8ac-b1ac-4189-87c7-7e52019aab6f:192.168.30.18:44682] with ContainerStateMachine:uninitialized
2019-10-01 12:43:53,900 [pool-689-thread-1] INFO  server.RaftServerConfigKeys (ConfUtils.java:logGet(43)) - raft.server.rpc.timeout.min = 5s (custom)
2019-10-01 12:43:53,901 [pool-689-thread-1] INFO  server.RaftServerConfigKeys (ConfUtils.java:logGet(43)) - raft.server.rpc.timeout.max = 5200ms (custom)
2019-10-01 12:43:53,901 [pool-689-thread-1] INFO  server.RaftServerConfigKeys (ConfUtils.java:logGet(43)) - raft.server.rpcslowness.timeout = 120s (custom)
2019-10-01 12:43:53,901 [pool-689-thread-1] INFO  server.RaftServerConfigKeys (ConfUtils.java:logGet(43)) - raft.server.sleep.deviation.threshold = 300 (default)
2019-10-01 12:43:53,901 [pool-689-thread-1] INFO  server.RaftServerConfigKeys (ConfUtils.java:logGet(43)) - raft.server.log.appender.install.snapshot.enabled = false (custom)
2019-10-01 12:43:53,901 [pool-689-thread-1] INFO  impl.RaftServerImpl (ServerState.java:<init>(103)) - 1699c8ac-b1ac-4189-87c7-7e52019aab6f@group-2D65B6116651: ConfigurationManager, init=-1: [1699c8ac-b1ac-4189-87c7-7e52019aab6f:192.168.30.18:44682], old=null, confs=<EMPTY_MAP>
2019-10-01 12:43:53,901 [pool-689-thread-1] INFO  server.RaftServerConfigKeys (ConfUtils.java:logGet(43)) - raft.server.storage.dir = [/workdir/hadoop-ozone/integration-test/target/test-dir/MiniOzoneClusterImpl-54047bbe-a4d0-46f5-93a6-5a04f7d29f94/datanode-1/data/ratis] (custom)
2019-10-01 12:43:53,901 [pool-689-thread-1] INFO  server.RaftServerConfigKeys (ConfUtils.java:logGet(43)) - raft.server.log.corruption.policy = EXCEPTION (default)
2019-10-01 12:43:53,901 [pool-689-thread-1] INFO  storage.RaftStorageDirectory (RaftStorageDirectory.java:analyzeStorage(246)) - The storage directory /workdir/hadoop-ozone/integration-test/target/test-dir/MiniOzoneClusterImpl-54047bbe-a4d0-46f5-93a6-5a04f7d29f94/datanode-1/data/ratis/9822987d-5572-4031-ba93-2d65b6116651 does not exist. Creating ...
2019-10-01 12:43:53,924 [pool-689-thread-1] INFO  storage.RaftStorageDirectory (RaftStorageDirectory.java:tryLock(328)) - Lock on /workdir/hadoop-ozone/integration-test/target/test-dir/MiniOzoneClusterImpl-54047bbe-a4d0-46f5-93a6-5a04f7d29f94/datanode-1/data/ratis/9822987d-5572-4031-ba93-2d65b6116651/in_use.lock acquired by nodename 19447@pr-hdds-2199-dnstouuidmap-6cjbd-2468009341
2019-10-01 12:43:53,949 [pool-689-thread-1] INFO  storage.RaftStorage (RaftStorage.java:format(84)) - Storage directory /workdir/hadoop-ozone/integration-test/target/test-dir/MiniOzoneClusterImpl-54047bbe-a4d0-46f5-93a6-5a04f7d29f94/datanode-1/data/ratis/9822987d-5572-4031-ba93-2d65b6116651 has been successfully formatted.
2019-10-01 12:43:53,949 [pool-689-thread-1] INFO  ratis.ContainerStateMachine (ContainerStateMachine.java:loadSnapshot(230)) - group-2D65B6116651: The snapshot info is null. Setting the last applied indexto:(t:0, i:~)
2019-10-01 12:43:53,949 [pool-689-thread-1] INFO  server.RaftServerConfigKeys (ConfUtils.java:logGet(43)) - raft.server.notification.no-leader.timeout = 120s (custom)
2019-10-01 12:43:53,950 [pool-689-thread-1] INFO  server.RaftServerConfigKeys (ConfUtils.java:logGet(43)) - raft.server.log.use.memory = false (default)
2019-10-01 12:43:53,950 [pool-689-thread-1] INFO  server.RaftServerConfigKeys (ConfUtils.java:logGet(43)) - raft.server.log.purge.gap = 1000000 (custom)
2019-10-01 12:43:53,950 [pool-689-thread-1] INFO  server.RaftServerConfigKeys (ConfUtils.java:logGet(43)) - raft.server.log.appender.buffer.byte-limit = 33554432 (custom)
2019-10-01 12:43:53,950 [pool-689-thread-1] INFO  server.RaftServerConfigKeys (ConfUtils.java:logGet(43)) - raft.server.log.segment.size.max = 1048576 (custom)
2019-10-01 12:43:53,951 [pool-689-thread-1] INFO  server.RaftServerConfigKeys (ConfUtils.java:logGet(43)) - raft.server.log.segment.cache.num.max = 2 (custom)
2019-10-01 12:43:53,951 [pool-689-thread-1] INFO  segmented.SegmentedRaftLogWorker (SegmentedRaftLogWorker.java:<init>(173)) - new 1699c8ac-b1ac-4189-87c7-7e52019aab6f@group-2D65B6116651-SegmentedRaftLogWorker for RaftStorage:Storage Directory /workdir/hadoop-ozone/integration-test/target/test-dir/MiniOzoneClusterImpl-54047bbe-a4d0-46f5-93a6-5a04f7d29f94/datanode-1/data/ratis/9822987d-5572-4031-ba93-2d65b6116651
2019-10-01 12:43:53,952 [pool-689-thread-1] INFO  server.RaftServerConfigKeys (ConfUtils.java:logGet(43)) - raft.server.log.queue.byte-limit = 2147483647 (custom)
2019-10-01 12:43:53,952 [pool-689-thread-1] INFO  server.RaftServerConfigKeys (ConfUtils.java:logGet(43)) - raft.server.log.queue.element-limit = 1024 (custom)
2019-10-01 12:43:53,952 [pool-689-thread-1] INFO  server.RaftServerConfigKeys (ConfUtils.java:logGet(43)) - raft.server.log.segment.size.max = 1048576 (custom)
2019-10-01 12:43:53,952 [pool-689-thread-1] INFO  server.RaftServerConfigKeys (ConfUtils.java:logGet(43)) - raft.server.log.preallocated.size = 16384 (custom)
2019-10-01 12:43:53,952 [pool-689-thread-1] INFO  server.RaftServerConfigKeys (ConfUtils.java:logGet(43)) - raft.server.log.write.buffer.size = 33554432 (custom)
2019-10-01 12:43:53,952 [pool-689-thread-1] INFO  server.RaftServerConfigKeys (ConfUtils.java:logGet(43)) - raft.server.log.force.sync.num = 128 (default)
2019-10-01 12:43:53,952 [pool-689-thread-1] INFO  server.RaftServerConfigKeys (ConfUtils.java:logGet(43)) - raft.server.log.statemachine.data.sync = true (default)
2019-10-01 12:43:53,952 [pool-689-thread-1] INFO  server.RaftServerConfigKeys (ConfUtils.java:logGet(43)) - raft.server.log.statemachine.data.sync.timeout = 10s (default)
2019-10-01 12:43:53,952 [IPC Server handler 6 on 43536] INFO  net.NetworkTopology (NetworkTopologyImpl.java:add(111)) - Added a new node: /default-rack/b9fe614c-fc92-49ed-846d-3792d102db8e
2019-10-01 12:43:53,952 [pool-689-thread-1] INFO  server.RaftServerConfigKeys (ConfUtils.java:logGet(43)) - raft.server.log.statemachine.data.sync.timeout.retry = -1 (default)
2019-10-01 12:43:53,953 [IPC Server handler 6 on 43536] INFO  node.SCMNodeManager (SCMNodeManager.java:register(268)) - Registered Data node : b9fe614c-fc92-49ed-846d-3792d102db8e{ip: 192.168.30.18, host: pr-hdds-2199-dnstouuidmap-6cjbd-2468009341, networkLocation: /default-rack, certSerialId: null}
2019-10-01 12:43:53,953 [pool-689-thread-1] INFO  server.RaftServerConfigKeys (ConfUtils.java:logGet(43)) - raft.server.log.statemachine.data.caching.enabled = true (custom)
2019-10-01 12:43:53,953 [pool-689-thread-1] INFO  segmented.SegmentedRaftLogWorker (SegmentedRaftLogWorker.java:lambda$new$0(128)) - 1699c8ac-b1ac-4189-87c7-7e52019aab6f@group-2D65B6116651-SegmentedRaftLogWorker: flushIndex: setUnconditionally 0 -> -1
2019-10-01 12:43:53,953 [pool-689-thread-1] INFO  server.RaftServerConfigKeys (ConfUtils.java:logGet(43)) - raft.server.snapshot.auto.trigger.enabled = true (custom)
2019-10-01 12:43:53,953 [pool-689-thread-1] INFO  server.RaftServerConfigKeys (ConfUtils.java:logGet(43)) - raft.server.snapshot.auto.trigger.threshold = 10000 (custom)
2019-10-01 12:43:53,954 [pool-689-thread-1] INFO  server.RaftServerConfigKeys (ConfUtils.java:logGet(43)) - raft.server.snapshot.retention.file.num = 5 (custom)
2019-10-01 12:43:53,954 [pool-689-thread-1] INFO  server.RaftServerConfigKeys (ConfUtils.java:logGet(43)) - raft.server.retrycache.expirytime = 600000ms (custom)
2019-10-01 12:43:53,955 [pool-689-thread-1] INFO  impl.RaftServerImpl (RaftServerImpl.java:start(181)) - 1699c8ac-b1ac-4189-87c7-7e52019aab6f@group-2D65B6116651: start as a follower, conf=-1: [1699c8ac-b1ac-4189-87c7-7e52019aab6f:192.168.30.18:44682], old=null
2019-10-01 12:43:53,955 [pool-689-thread-1] INFO  impl.RaftServerImpl (RaftServerImpl.java:setRole(170)) - 1699c8ac-b1ac-4189-87c7-7e52019aab6f@group-2D65B6116651: changes role from      null to FOLLOWER at term 0 for startAsFollower
2019-10-01 12:43:53,955 [pool-689-thread-1] INFO  impl.RoleInfo (RoleInfo.java:updateAndGet(143)) - 1699c8ac-b1ac-4189-87c7-7e52019aab6f: start FollowerState
2019-10-01 12:43:53,955 [pool-689-thread-1] INFO  util.JmxRegister (JmxRegister.java:tryRegister(44)) - Successfully registered JMX Bean with object name Ratis:service=RaftServer,group=group-2D65B6116651,id=1699c8ac-b1ac-4189-87c7-7e52019aab6f
2019-10-01 12:43:53,959 [RatisPipelineUtilsThread] INFO  pipeline.PipelineStateManager (PipelineStateManager.java:addPipeline(56)) - Created pipeline Pipeline[ Id: 9822987d-5572-4031-ba93-2d65b6116651, Nodes: 1699c8ac-b1ac-4189-87c7-7e52019aab6f{ip: 192.168.30.18, host: pr-hdds-2199-dnstouuidmap-6cjbd-2468009341, networkLocation: /default-rack, certSerialId: null}, Type:RATIS, Factor:ONE, State:OPEN]
2019-10-01 12:43:53,968 [grpc-default-executor-8] INFO  impl.RaftServerProxy (RaftServerProxy.java:addNew(89)) - b9fe614c-fc92-49ed-846d-3792d102db8e: addNew group-351FF3C4E3C1:[b9fe614c-fc92-49ed-846d-3792d102db8e:192.168.30.18:41459] returns group-351FF3C4E3C1:java.util.concurrent.CompletableFuture@42a51dc9[Not completed]
2019-10-01 12:43:53,969 [pool-699-thread-1] INFO  impl.RaftServerImpl (RaftServerImpl.java:<init>(95)) - b9fe614c-fc92-49ed-846d-3792d102db8e: new RaftServerImpl for group-351FF3C4E3C1:[b9fe614c-fc92-49ed-846d-3792d102db8e:192.168.30.18:41459] with ContainerStateMachine:uninitialized
2019-10-01 12:43:53,969 [pool-699-thread-1] INFO  server.RaftServerConfigKeys (ConfUtils.java:logGet(43)) - raft.server.rpc.timeout.min = 5s (custom)
2019-10-01 12:43:53,969 [pool-699-thread-1] INFO  server.RaftServerConfigKeys (ConfUtils.java:logGet(43)) - raft.server.rpc.timeout.max = 5200ms (custom)
2019-10-01 12:43:53,970 [pool-699-thread-1] INFO  server.RaftServerConfigKeys (ConfUtils.java:logGet(43)) - raft.server.rpcslowness.timeout = 120s (custom)
2019-10-01 12:43:53,970 [pool-699-thread-1] INFO  server.RaftServerConfigKeys (ConfUtils.java:logGet(43)) - raft.server.sleep.deviation.threshold = 300 (default)
2019-10-01 12:43:53,970 [pool-699-thread-1] INFO  server.RaftServerConfigKeys (ConfUtils.java:logGet(43)) - raft.server.log.appender.install.snapshot.enabled = false (custom)
2019-10-01 12:43:53,970 [pool-699-thread-1] INFO  impl.RaftServerImpl (ServerState.java:<init>(103)) - b9fe614c-fc92-49ed-846d-3792d102db8e@group-351FF3C4E3C1: ConfigurationManager, init=-1: [b9fe614c-fc92-49ed-846d-3792d102db8e:192.168.30.18:41459], old=null, confs=<EMPTY_MAP>
2019-10-01 12:43:53,970 [pool-699-thread-1] INFO  server.RaftServerConfigKeys (ConfUtils.java:logGet(43)) - raft.server.storage.dir = [/workdir/hadoop-ozone/integration-test/target/test-dir/MiniOzoneClusterImpl-54047bbe-a4d0-46f5-93a6-5a04f7d29f94/datanode-2/data/ratis] (custom)
2019-10-01 12:43:53,970 [pool-699-thread-1] INFO  server.RaftServerConfigKeys (ConfUtils.java:logGet(43)) - raft.server.log.corruption.policy = EXCEPTION (default)
2019-10-01 12:43:53,970 [pool-699-thread-1] INFO  storage.RaftStorageDirectory (RaftStorageDirectory.java:analyzeStorage(246)) - The storage directory /workdir/hadoop-ozone/integration-test/target/test-dir/MiniOzoneClusterImpl-54047bbe-a4d0-46f5-93a6-5a04f7d29f94/datanode-2/data/ratis/a7d4d4e9-7514-4e3f-9cb8-351ff3c4e3c1 does not exist. Creating ...
2019-10-01 12:43:54,000 [pool-699-thread-1] INFO  storage.RaftStorageDirectory (RaftStorageDirectory.java:tryLock(328)) - Lock on /workdir/hadoop-ozone/integration-test/target/test-dir/MiniOzoneClusterImpl-54047bbe-a4d0-46f5-93a6-5a04f7d29f94/datanode-2/data/ratis/a7d4d4e9-7514-4e3f-9cb8-351ff3c4e3c1/in_use.lock acquired by nodename 19447@pr-hdds-2199-dnstouuidmap-6cjbd-2468009341
2019-10-01 12:43:54,025 [pool-699-thread-1] INFO  storage.RaftStorage (RaftStorage.java:format(84)) - Storage directory /workdir/hadoop-ozone/integration-test/target/test-dir/MiniOzoneClusterImpl-54047bbe-a4d0-46f5-93a6-5a04f7d29f94/datanode-2/data/ratis/a7d4d4e9-7514-4e3f-9cb8-351ff3c4e3c1 has been successfully formatted.
2019-10-01 12:43:54,025 [pool-699-thread-1] INFO  ratis.ContainerStateMachine (ContainerStateMachine.java:loadSnapshot(230)) - group-351FF3C4E3C1: The snapshot info is null. Setting the last applied indexto:(t:0, i:~)
2019-10-01 12:43:54,025 [pool-699-thread-1] INFO  server.RaftServerConfigKeys (ConfUtils.java:logGet(43)) - raft.server.notification.no-leader.timeout = 120s (custom)
2019-10-01 12:43:54,026 [pool-699-thread-1] INFO  server.RaftServerConfigKeys (ConfUtils.java:logGet(43)) - raft.server.log.use.memory = false (default)
2019-10-01 12:43:54,026 [pool-699-thread-1] INFO  server.RaftServerConfigKeys (ConfUtils.java:logGet(43)) - raft.server.log.purge.gap = 1000000 (custom)
2019-10-01 12:43:54,026 [pool-699-thread-1] INFO  server.RaftServerConfigKeys (ConfUtils.java:logGet(43)) - raft.server.log.appender.buffer.byte-limit = 33554432 (custom)
2019-10-01 12:43:54,026 [pool-699-thread-1] INFO  server.RaftServerConfigKeys (ConfUtils.java:logGet(43)) - raft.server.log.segment.size.max = 1048576 (custom)
2019-10-01 12:43:54,028 [pool-699-thread-1] INFO  server.RaftServerConfigKeys (ConfUtils.java:logGet(43)) - raft.server.log.segment.cache.num.max = 2 (custom)
2019-10-01 12:43:54,028 [pool-699-thread-1] INFO  segmented.SegmentedRaftLogWorker (SegmentedRaftLogWorker.java:<init>(173)) - new b9fe614c-fc92-49ed-846d-3792d102db8e@group-351FF3C4E3C1-SegmentedRaftLogWorker for RaftStorage:Storage Directory /workdir/hadoop-ozone/integration-test/target/test-dir/MiniOzoneClusterImpl-54047bbe-a4d0-46f5-93a6-5a04f7d29f94/datanode-2/data/ratis/a7d4d4e9-7514-4e3f-9cb8-351ff3c4e3c1
2019-10-01 12:43:54,028 [pool-699-thread-1] INFO  server.RaftServerConfigKeys (ConfUtils.java:logGet(43)) - raft.server.log.queue.byte-limit = 2147483647 (custom)
2019-10-01 12:43:54,028 [pool-699-thread-1] INFO  server.RaftServerConfigKeys (ConfUtils.java:logGet(43)) - raft.server.log.queue.element-limit = 1024 (custom)
2019-10-01 12:43:54,028 [pool-699-thread-1] INFO  server.RaftServerConfigKeys (ConfUtils.java:logGet(43)) - raft.server.log.segment.size.max = 1048576 (custom)
2019-10-01 12:43:54,028 [pool-699-thread-1] INFO  server.RaftServerConfigKeys (ConfUtils.java:logGet(43)) - raft.server.log.preallocated.size = 16384 (custom)
2019-10-01 12:43:54,028 [pool-699-thread-1] INFO  server.RaftServerConfigKeys (ConfUtils.java:logGet(43)) - raft.server.log.write.buffer.size = 33554432 (custom)
2019-10-01 12:43:54,028 [pool-699-thread-1] INFO  server.RaftServerConfigKeys (ConfUtils.java:logGet(43)) - raft.server.log.force.sync.num = 128 (default)
2019-10-01 12:43:54,028 [pool-699-thread-1] INFO  server.RaftServerConfigKeys (ConfUtils.java:logGet(43)) - raft.server.log.statemachine.data.sync = true (default)
2019-10-01 12:43:54,029 [pool-699-thread-1] INFO  server.RaftServerConfigKeys (ConfUtils.java:logGet(43)) - raft.server.log.statemachine.data.sync.timeout = 10s (default)
2019-10-01 12:43:54,029 [pool-699-thread-1] INFO  server.RaftServerConfigKeys (ConfUtils.java:logGet(43)) - raft.server.log.statemachine.data.sync.timeout.retry = -1 (default)
2019-10-01 12:43:54,029 [pool-699-thread-1] INFO  server.RaftServerConfigKeys (ConfUtils.java:logGet(43)) - raft.server.log.statemachine.data.caching.enabled = true (custom)
2019-10-01 12:43:54,029 [pool-699-thread-1] INFO  segmented.SegmentedRaftLogWorker (SegmentedRaftLogWorker.java:lambda$new$0(128)) - b9fe614c-fc92-49ed-846d-3792d102db8e@group-351FF3C4E3C1-SegmentedRaftLogWorker: flushIndex: setUnconditionally 0 -> -1
2019-10-01 12:43:54,029 [pool-699-thread-1] INFO  server.RaftServerConfigKeys (ConfUtils.java:logGet(43)) - raft.server.snapshot.auto.trigger.enabled = true (custom)
2019-10-01 12:43:54,030 [pool-699-thread-1] INFO  server.RaftServerConfigKeys (ConfUtils.java:logGet(43)) - raft.server.snapshot.auto.trigger.threshold = 10000 (custom)
2019-10-01 12:43:54,030 [pool-699-thread-1] INFO  server.RaftServerConfigKeys (ConfUtils.java:logGet(43)) - raft.server.snapshot.retention.file.num = 5 (custom)
2019-10-01 12:43:54,030 [pool-699-thread-1] INFO  server.RaftServerConfigKeys (ConfUtils.java:logGet(43)) - raft.server.retrycache.expirytime = 600000ms (custom)
2019-10-01 12:43:54,031 [pool-699-thread-1] INFO  impl.RaftServerImpl (RaftServerImpl.java:start(181)) - b9fe614c-fc92-49ed-846d-3792d102db8e@group-351FF3C4E3C1: start as a follower, conf=-1: [b9fe614c-fc92-49ed-846d-3792d102db8e:192.168.30.18:41459], old=null
2019-10-01 12:43:54,031 [pool-699-thread-1] INFO  impl.RaftServerImpl (RaftServerImpl.java:setRole(170)) - b9fe614c-fc92-49ed-846d-3792d102db8e@group-351FF3C4E3C1: changes role from      null to FOLLOWER at term 0 for startAsFollower
2019-10-01 12:43:54,031 [pool-699-thread-1] INFO  impl.RoleInfo (RoleInfo.java:updateAndGet(143)) - b9fe614c-fc92-49ed-846d-3792d102db8e: start FollowerState
2019-10-01 12:43:54,032 [pool-699-thread-1] INFO  util.JmxRegister (JmxRegister.java:tryRegister(44)) - Successfully registered JMX Bean with object name Ratis:service=RaftServer,group=group-351FF3C4E3C1,id=b9fe614c-fc92-49ed-846d-3792d102db8e
2019-10-01 12:43:54,035 [RatisPipelineUtilsThread] INFO  pipeline.PipelineStateManager (PipelineStateManager.java:addPipeline(56)) - Created pipeline Pipeline[ Id: a7d4d4e9-7514-4e3f-9cb8-351ff3c4e3c1, Nodes: b9fe614c-fc92-49ed-846d-3792d102db8e{ip: 192.168.30.18, host: pr-hdds-2199-dnstouuidmap-6cjbd-2468009341, networkLocation: /default-rack, certSerialId: null}, Type:RATIS, Factor:ONE, State:OPEN]
2019-10-01 12:43:54,044 [grpc-default-executor-8] INFO  impl.RaftServerProxy (RaftServerProxy.java:addNew(89)) - 1699c8ac-b1ac-4189-87c7-7e52019aab6f: addNew group-A507E1BBFCBE:[b9fe614c-fc92-49ed-846d-3792d102db8e:192.168.30.18:41459, 1699c8ac-b1ac-4189-87c7-7e52019aab6f:192.168.30.18:44682, d3d96536-50c0-424c-b791-b7211a690396:192.168.30.18:44647] returns group-A507E1BBFCBE:java.util.concurrent.CompletableFuture@6f3aeae7[Not completed]
2019-10-01 12:43:54,044 [grpc-default-executor-4] INFO  impl.RaftServerProxy (RaftServerProxy.java:addNew(89)) - d3d96536-50c0-424c-b791-b7211a690396: addNew group-A507E1BBFCBE:[b9fe614c-fc92-49ed-846d-3792d102db8e:192.168.30.18:41459, 1699c8ac-b1ac-4189-87c7-7e52019aab6f:192.168.30.18:44682, d3d96536-50c0-424c-b791-b7211a690396:192.168.30.18:44647] returns group-A507E1BBFCBE:java.util.concurrent.CompletableFuture@529fb4a5[Not completed]
2019-10-01 12:43:54,044 [grpc-default-executor-9] INFO  impl.RaftServerProxy (RaftServerProxy.java:addNew(89)) - b9fe614c-fc92-49ed-846d-3792d102db8e: addNew group-A507E1BBFCBE:[b9fe614c-fc92-49ed-846d-3792d102db8e:192.168.30.18:41459, 1699c8ac-b1ac-4189-87c7-7e52019aab6f:192.168.30.18:44682, d3d96536-50c0-424c-b791-b7211a690396:192.168.30.18:44647] returns group-A507E1BBFCBE:java.util.concurrent.CompletableFuture@188bdbea[Not completed]
2019-10-01 12:43:54,045 [pool-689-thread-1] INFO  impl.RaftServerImpl (RaftServerImpl.java:<init>(95)) - 1699c8ac-b1ac-4189-87c7-7e52019aab6f: new RaftServerImpl for group-A507E1BBFCBE:[b9fe614c-fc92-49ed-846d-3792d102db8e:192.168.30.18:41459, 1699c8ac-b1ac-4189-87c7-7e52019aab6f:192.168.30.18:44682, d3d96536-50c0-424c-b791-b7211a690396:192.168.30.18:44647] with ContainerStateMachine:uninitialized
2019-10-01 12:43:54,045 [pool-689-thread-1] INFO  server.RaftServerConfigKeys (ConfUtils.java:logGet(43)) - raft.server.rpc.timeout.min = 5s (custom)
2019-10-01 12:43:54,045 [pool-689-thread-1] INFO  server.RaftServerConfigKeys (ConfUtils.java:logGet(43)) - raft.server.rpc.timeout.max = 5200ms (custom)
2019-10-01 12:43:54,045 [pool-689-thread-1] INFO  server.RaftServerConfigKeys (ConfUtils.java:logGet(43)) - raft.server.rpcslowness.timeout = 120s (custom)
2019-10-01 12:43:54,045 [pool-689-thread-1] INFO  server.RaftServerConfigKeys (ConfUtils.java:logGet(43)) - raft.server.sleep.deviation.threshold = 300 (default)
2019-10-01 12:43:54,045 [pool-689-thread-1] INFO  server.RaftServerConfigKeys (ConfUtils.java:logGet(43)) - raft.server.log.appender.install.snapshot.enabled = false (custom)
2019-10-01 12:43:54,045 [pool-699-thread-1] INFO  impl.RaftServerImpl (RaftServerImpl.java:<init>(95)) - b9fe614c-fc92-49ed-846d-3792d102db8e: new RaftServerImpl for group-A507E1BBFCBE:[b9fe614c-fc92-49ed-846d-3792d102db8e:192.168.30.18:41459, 1699c8ac-b1ac-4189-87c7-7e52019aab6f:192.168.30.18:44682, d3d96536-50c0-424c-b791-b7211a690396:192.168.30.18:44647] with ContainerStateMachine:uninitialized
2019-10-01 12:43:54,045 [pool-689-thread-1] INFO  impl.RaftServerImpl (ServerState.java:<init>(103)) - 1699c8ac-b1ac-4189-87c7-7e52019aab6f@group-A507E1BBFCBE: ConfigurationManager, init=-1: [b9fe614c-fc92-49ed-846d-3792d102db8e:192.168.30.18:41459, 1699c8ac-b1ac-4189-87c7-7e52019aab6f:192.168.30.18:44682, d3d96536-50c0-424c-b791-b7211a690396:192.168.30.18:44647], old=null, confs=<EMPTY_MAP>
2019-10-01 12:43:54,046 [pool-699-thread-1] INFO  server.RaftServerConfigKeys (ConfUtils.java:logGet(43)) - raft.server.rpc.timeout.min = 5s (custom)
2019-10-01 12:43:54,046 [pool-689-thread-1] INFO  server.RaftServerConfigKeys (ConfUtils.java:logGet(43)) - raft.server.storage.dir = [/workdir/hadoop-ozone/integration-test/target/test-dir/MiniOzoneClusterImpl-54047bbe-a4d0-46f5-93a6-5a04f7d29f94/datanode-1/data/ratis] (custom)
2019-10-01 12:43:54,046 [pool-679-thread-1] INFO  impl.RaftServerImpl (RaftServerImpl.java:<init>(95)) - d3d96536-50c0-424c-b791-b7211a690396: new RaftServerImpl for group-A507E1BBFCBE:[b9fe614c-fc92-49ed-846d-3792d102db8e:192.168.30.18:41459, 1699c8ac-b1ac-4189-87c7-7e52019aab6f:192.168.30.18:44682, d3d96536-50c0-424c-b791-b7211a690396:192.168.30.18:44647] with ContainerStateMachine:uninitialized
2019-10-01 12:43:54,046 [pool-699-thread-1] INFO  server.RaftServerConfigKeys (ConfUtils.java:logGet(43)) - raft.server.rpc.timeout.max = 5200ms (custom)
2019-10-01 12:43:54,046 [pool-679-thread-1] INFO  server.RaftServerConfigKeys (ConfUtils.java:logGet(43)) - raft.server.rpc.timeout.min = 5s (custom)
2019-10-01 12:43:54,046 [pool-689-thread-1] INFO  server.RaftServerConfigKeys (ConfUtils.java:logGet(43)) - raft.server.log.corruption.policy = EXCEPTION (default)
2019-10-01 12:43:54,046 [pool-679-thread-1] INFO  server.RaftServerConfigKeys (ConfUtils.java:logGet(43)) - raft.server.rpc.timeout.max = 5200ms (custom)
2019-10-01 12:43:54,046 [pool-699-thread-1] INFO  server.RaftServerConfigKeys (ConfUtils.java:logGet(43)) - raft.server.rpcslowness.timeout = 120s (custom)
2019-10-01 12:43:54,046 [pool-679-thread-1] INFO  server.RaftServerConfigKeys (ConfUtils.java:logGet(43)) - raft.server.rpcslowness.timeout = 120s (custom)
2019-10-01 12:43:54,046 [pool-689-thread-1] INFO  storage.RaftStorageDirectory (RaftStorageDirectory.java:analyzeStorage(246)) - The storage directory /workdir/hadoop-ozone/integration-test/target/test-dir/MiniOzoneClusterImpl-54047bbe-a4d0-46f5-93a6-5a04f7d29f94/datanode-1/data/ratis/83668dcf-41b4-46fc-9491-a507e1bbfcbe does not exist. Creating ...
2019-10-01 12:43:54,046 [pool-679-thread-1] INFO  server.RaftServerConfigKeys (ConfUtils.java:logGet(43)) - raft.server.sleep.deviation.threshold = 300 (default)
2019-10-01 12:43:54,046 [pool-699-thread-1] INFO  server.RaftServerConfigKeys (ConfUtils.java:logGet(43)) - raft.server.sleep.deviation.threshold = 300 (default)
2019-10-01 12:43:54,047 [pool-679-thread-1] INFO  server.RaftServerConfigKeys (ConfUtils.java:logGet(43)) - raft.server.log.appender.install.snapshot.enabled = false (custom)
2019-10-01 12:43:54,047 [pool-699-thread-1] INFO  server.RaftServerConfigKeys (ConfUtils.java:logGet(43)) - raft.server.log.appender.install.snapshot.enabled = false (custom)
2019-10-01 12:43:54,047 [pool-679-thread-1] INFO  impl.RaftServerImpl (ServerState.java:<init>(103)) - d3d96536-50c0-424c-b791-b7211a690396@group-A507E1BBFCBE: ConfigurationManager, init=-1: [b9fe614c-fc92-49ed-846d-3792d102db8e:192.168.30.18:41459, 1699c8ac-b1ac-4189-87c7-7e52019aab6f:192.168.30.18:44682, d3d96536-50c0-424c-b791-b7211a690396:192.168.30.18:44647], old=null, confs=<EMPTY_MAP>
2019-10-01 12:43:54,047 [pool-699-thread-1] INFO  impl.RaftServerImpl (ServerState.java:<init>(103)) - b9fe614c-fc92-49ed-846d-3792d102db8e@group-A507E1BBFCBE: ConfigurationManager, init=-1: [b9fe614c-fc92-49ed-846d-3792d102db8e:192.168.30.18:41459, 1699c8ac-b1ac-4189-87c7-7e52019aab6f:192.168.30.18:44682, d3d96536-50c0-424c-b791-b7211a690396:192.168.30.18:44647], old=null, confs=<EMPTY_MAP>
2019-10-01 12:43:54,047 [pool-679-thread-1] INFO  server.RaftServerConfigKeys (ConfUtils.java:logGet(43)) - raft.server.storage.dir = [/workdir/hadoop-ozone/integration-test/target/test-dir/MiniOzoneClusterImpl-54047bbe-a4d0-46f5-93a6-5a04f7d29f94/datanode-0/data/ratis] (custom)
2019-10-01 12:43:54,047 [pool-699-thread-1] INFO  server.RaftServerConfigKeys (ConfUtils.java:logGet(43)) - raft.server.storage.dir = [/workdir/hadoop-ozone/integration-test/target/test-dir/MiniOzoneClusterImpl-54047bbe-a4d0-46f5-93a6-5a04f7d29f94/datanode-2/data/ratis] (custom)
2019-10-01 12:43:54,047 [pool-679-thread-1] INFO  server.RaftServerConfigKeys (ConfUtils.java:logGet(43)) - raft.server.log.corruption.policy = EXCEPTION (default)
2019-10-01 12:43:54,047 [pool-699-thread-1] INFO  server.RaftServerConfigKeys (ConfUtils.java:logGet(43)) - raft.server.log.corruption.policy = EXCEPTION (default)
2019-10-01 12:43:54,048 [pool-679-thread-1] INFO  storage.RaftStorageDirectory (RaftStorageDirectory.java:analyzeStorage(246)) - The storage directory /workdir/hadoop-ozone/integration-test/target/test-dir/MiniOzoneClusterImpl-54047bbe-a4d0-46f5-93a6-5a04f7d29f94/datanode-0/data/ratis/83668dcf-41b4-46fc-9491-a507e1bbfcbe does not exist. Creating ...
2019-10-01 12:43:54,048 [pool-699-thread-1] INFO  storage.RaftStorageDirectory (RaftStorageDirectory.java:analyzeStorage(246)) - The storage directory /workdir/hadoop-ozone/integration-test/target/test-dir/MiniOzoneClusterImpl-54047bbe-a4d0-46f5-93a6-5a04f7d29f94/datanode-2/data/ratis/83668dcf-41b4-46fc-9491-a507e1bbfcbe does not exist. Creating ...
2019-10-01 12:43:54,049 [IPC Server handler 0 on 43536] INFO  net.NetworkTopology (NetworkTopologyImpl.java:add(111)) - Added a new node: /default-rack/c8f8b3b4-ca50-4e06-a1e9-219b85e49e11
2019-10-01 12:43:54,049 [IPC Server handler 0 on 43536] INFO  node.SCMNodeManager (SCMNodeManager.java:register(268)) - Registered Data node : c8f8b3b4-ca50-4e06-a1e9-219b85e49e11{ip: 192.168.30.18, host: pr-hdds-2199-dnstouuidmap-6cjbd-2468009341, networkLocation: /default-rack, certSerialId: null}
2019-10-01 12:43:54,076 [pool-689-thread-1] INFO  storage.RaftStorageDirectory (RaftStorageDirectory.java:tryLock(328)) - Lock on /workdir/hadoop-ozone/integration-test/target/test-dir/MiniOzoneClusterImpl-54047bbe-a4d0-46f5-93a6-5a04f7d29f94/datanode-1/data/ratis/83668dcf-41b4-46fc-9491-a507e1bbfcbe/in_use.lock acquired by nodename 19447@pr-hdds-2199-dnstouuidmap-6cjbd-2468009341
2019-10-01 12:43:54,076 [pool-699-thread-1] INFO  storage.RaftStorageDirectory (RaftStorageDirectory.java:tryLock(328)) - Lock on /workdir/hadoop-ozone/integration-test/target/test-dir/MiniOzoneClusterImpl-54047bbe-a4d0-46f5-93a6-5a04f7d29f94/datanode-2/data/ratis/83668dcf-41b4-46fc-9491-a507e1bbfcbe/in_use.lock acquired by nodename 19447@pr-hdds-2199-dnstouuidmap-6cjbd-2468009341
2019-10-01 12:43:54,076 [pool-679-thread-1] INFO  storage.RaftStorageDirectory (RaftStorageDirectory.java:tryLock(328)) - Lock on /workdir/hadoop-ozone/integration-test/target/test-dir/MiniOzoneClusterImpl-54047bbe-a4d0-46f5-93a6-5a04f7d29f94/datanode-0/data/ratis/83668dcf-41b4-46fc-9491-a507e1bbfcbe/in_use.lock acquired by nodename 19447@pr-hdds-2199-dnstouuidmap-6cjbd-2468009341
2019-10-01 12:43:54,119 [pool-699-thread-1] INFO  storage.RaftStorage (RaftStorage.java:format(84)) - Storage directory /workdir/hadoop-ozone/integration-test/target/test-dir/MiniOzoneClusterImpl-54047bbe-a4d0-46f5-93a6-5a04f7d29f94/datanode-2/data/ratis/83668dcf-41b4-46fc-9491-a507e1bbfcbe has been successfully formatted.
2019-10-01 12:43:54,119 [pool-679-thread-1] INFO  storage.RaftStorage (RaftStorage.java:format(84)) - Storage directory /workdir/hadoop-ozone/integration-test/target/test-dir/MiniOzoneClusterImpl-54047bbe-a4d0-46f5-93a6-5a04f7d29f94/datanode-0/data/ratis/83668dcf-41b4-46fc-9491-a507e1bbfcbe has been successfully formatted.
2019-10-01 12:43:54,119 [pool-689-thread-1] INFO  storage.RaftStorage (RaftStorage.java:format(84)) - Storage directory /workdir/hadoop-ozone/integration-test/target/test-dir/MiniOzoneClusterImpl-54047bbe-a4d0-46f5-93a6-5a04f7d29f94/datanode-1/data/ratis/83668dcf-41b4-46fc-9491-a507e1bbfcbe has been successfully formatted.
2019-10-01 12:43:54,119 [pool-699-thread-1] INFO  ratis.ContainerStateMachine (ContainerStateMachine.java:loadSnapshot(230)) - group-A507E1BBFCBE: The snapshot info is null. Setting the last applied indexto:(t:0, i:~)
2019-10-01 12:43:54,119 [pool-689-thread-1] INFO  ratis.ContainerStateMachine (ContainerStateMachine.java:loadSnapshot(230)) - group-A507E1BBFCBE: The snapshot info is null. Setting the last applied indexto:(t:0, i:~)
2019-10-01 12:43:54,119 [pool-699-thread-1] INFO  server.RaftServerConfigKeys (ConfUtils.java:logGet(43)) - raft.server.notification.no-leader.timeout = 120s (custom)
2019-10-01 12:43:54,119 [pool-679-thread-1] INFO  ratis.ContainerStateMachine (ContainerStateMachine.java:loadSnapshot(230)) - group-A507E1BBFCBE: The snapshot info is null. Setting the last applied indexto:(t:0, i:~)
2019-10-01 12:43:54,120 [pool-699-thread-1] INFO  server.RaftServerConfigKeys (ConfUtils.java:logGet(43)) - raft.server.log.use.memory = false (default)
2019-10-01 12:43:54,120 [pool-689-thread-1] INFO  server.RaftServerConfigKeys (ConfUtils.java:logGet(43)) - raft.server.notification.no-leader.timeout = 120s (custom)
2019-10-01 12:43:54,120 [pool-699-thread-1] INFO  server.RaftServerConfigKeys (ConfUtils.java:logGet(43)) - raft.server.log.purge.gap = 1000000 (custom)
2019-10-01 12:43:54,120 [pool-679-thread-1] INFO  server.RaftServerConfigKeys (ConfUtils.java:logGet(43)) - raft.server.notification.no-leader.timeout = 120s (custom)
2019-10-01 12:43:54,120 [pool-699-thread-1] INFO  server.RaftServerConfigKeys (ConfUtils.java:logGet(43)) - raft.server.log.appender.buffer.byte-limit = 33554432 (custom)
2019-10-01 12:43:54,120 [pool-689-thread-1] INFO  server.RaftServerConfigKeys (ConfUtils.java:logGet(43)) - raft.server.log.use.memory = false (default)
2019-10-01 12:43:54,120 [pool-699-thread-1] INFO  server.RaftServerConfigKeys (ConfUtils.java:logGet(43)) - raft.server.log.segment.size.max = 1048576 (custom)
2019-10-01 12:43:54,120 [pool-679-thread-1] INFO  server.RaftServerConfigKeys (ConfUtils.java:logGet(43)) - raft.server.log.use.memory = false (default)
2019-10-01 12:43:54,121 [pool-699-thread-1] INFO  server.RaftServerConfigKeys (ConfUtils.java:logGet(43)) - raft.server.log.segment.cache.num.max = 2 (custom)
2019-10-01 12:43:54,120 [pool-689-thread-1] INFO  server.RaftServerConfigKeys (ConfUtils.java:logGet(43)) - raft.server.log.purge.gap = 1000000 (custom)
2019-10-01 12:43:54,121 [pool-699-thread-1] INFO  segmented.SegmentedRaftLogWorker (SegmentedRaftLogWorker.java:<init>(173)) - new b9fe614c-fc92-49ed-846d-3792d102db8e@group-A507E1BBFCBE-SegmentedRaftLogWorker for RaftStorage:Storage Directory /workdir/hadoop-ozone/integration-test/target/test-dir/MiniOzoneClusterImpl-54047bbe-a4d0-46f5-93a6-5a04f7d29f94/datanode-2/data/ratis/83668dcf-41b4-46fc-9491-a507e1bbfcbe
2019-10-01 12:43:54,121 [pool-679-thread-1] INFO  server.RaftServerConfigKeys (ConfUtils.java:logGet(43)) - raft.server.log.purge.gap = 1000000 (custom)
2019-10-01 12:43:54,121 [pool-699-thread-1] INFO  server.RaftServerConfigKeys (ConfUtils.java:logGet(43)) - raft.server.log.queue.byte-limit = 2147483647 (custom)
2019-10-01 12:43:54,121 [pool-689-thread-1] INFO  server.RaftServerConfigKeys (ConfUtils.java:logGet(43)) - raft.server.log.appender.buffer.byte-limit = 33554432 (custom)
2019-10-01 12:43:54,121 [pool-699-thread-1] INFO  server.RaftServerConfigKeys (ConfUtils.java:logGet(43)) - raft.server.log.queue.element-limit = 1024 (custom)
2019-10-01 12:43:54,121 [pool-679-thread-1] INFO  server.RaftServerConfigKeys (ConfUtils.java:logGet(43)) - raft.server.log.appender.buffer.byte-limit = 33554432 (custom)
2019-10-01 12:43:54,121 [pool-699-thread-1] INFO  server.RaftServerConfigKeys (ConfUtils.java:logGet(43)) - raft.server.log.segment.size.max = 1048576 (custom)
2019-10-01 12:43:54,121 [pool-689-thread-1] INFO  server.RaftServerConfigKeys (ConfUtils.java:logGet(43)) - raft.server.log.segment.size.max = 1048576 (custom)
2019-10-01 12:43:54,122 [pool-699-thread-1] INFO  server.RaftServerConfigKeys (ConfUtils.java:logGet(43)) - raft.server.log.preallocated.size = 16384 (custom)
2019-10-01 12:43:54,122 [pool-679-thread-1] INFO  server.RaftServerConfigKeys (ConfUtils.java:logGet(43)) - raft.server.log.segment.size.max = 1048576 (custom)
2019-10-01 12:43:54,122 [pool-699-thread-1] INFO  server.RaftServerConfigKeys (ConfUtils.java:logGet(43)) - raft.server.log.write.buffer.size = 33554432 (custom)
2019-10-01 12:43:54,122 [pool-689-thread-1] INFO  server.RaftServerConfigKeys (ConfUtils.java:logGet(43)) - raft.server.log.segment.cache.num.max = 2 (custom)
2019-10-01 12:43:54,122 [pool-699-thread-1] INFO  server.RaftServerConfigKeys (ConfUtils.java:logGet(43)) - raft.server.log.force.sync.num = 128 (default)
2019-10-01 12:43:54,122 [pool-679-thread-1] INFO  server.RaftServerConfigKeys (ConfUtils.java:logGet(43)) - raft.server.log.segment.cache.num.max = 2 (custom)
2019-10-01 12:43:54,122 [pool-699-thread-1] INFO  server.RaftServerConfigKeys (ConfUtils.java:logGet(43)) - raft.server.log.statemachine.data.sync = true (default)
2019-10-01 12:43:54,122 [pool-689-thread-1] INFO  segmented.SegmentedRaftLogWorker (SegmentedRaftLogWorker.java:<init>(173)) - new 1699c8ac-b1ac-4189-87c7-7e52019aab6f@group-A507E1BBFCBE-SegmentedRaftLogWorker for RaftStorage:Storage Directory /workdir/hadoop-ozone/integration-test/target/test-dir/MiniOzoneClusterImpl-54047bbe-a4d0-46f5-93a6-5a04f7d29f94/datanode-1/data/ratis/83668dcf-41b4-46fc-9491-a507e1bbfcbe
2019-10-01 12:43:54,123 [pool-699-thread-1] INFO  server.RaftServerConfigKeys (ConfUtils.java:logGet(43)) - raft.server.log.statemachine.data.sync.timeout = 10s (default)
2019-10-01 12:43:54,123 [pool-679-thread-1] INFO  segmented.SegmentedRaftLogWorker (SegmentedRaftLogWorker.java:<init>(173)) - new d3d96536-50c0-424c-b791-b7211a690396@group-A507E1BBFCBE-SegmentedRaftLogWorker for RaftStorage:Storage Directory /workdir/hadoop-ozone/integration-test/target/test-dir/MiniOzoneClusterImpl-54047bbe-a4d0-46f5-93a6-5a04f7d29f94/datanode-0/data/ratis/83668dcf-41b4-46fc-9491-a507e1bbfcbe
2019-10-01 12:43:54,123 [pool-699-thread-1] INFO  server.RaftServerConfigKeys (ConfUtils.java:logGet(43)) - raft.server.log.statemachine.data.sync.timeout.retry = -1 (default)
2019-10-01 12:43:54,123 [pool-689-thread-1] INFO  server.RaftServerConfigKeys (ConfUtils.java:logGet(43)) - raft.server.log.queue.byte-limit = 2147483647 (custom)
2019-10-01 12:43:54,123 [pool-699-thread-1] INFO  server.RaftServerConfigKeys (ConfUtils.java:logGet(43)) - raft.server.log.statemachine.data.caching.enabled = true (custom)
2019-10-01 12:43:54,123 [pool-679-thread-1] INFO  server.RaftServerConfigKeys (ConfUtils.java:logGet(43)) - raft.server.log.queue.byte-limit = 2147483647 (custom)
2019-10-01 12:43:54,123 [pool-699-thread-1] INFO  segmented.SegmentedRaftLogWorker (SegmentedRaftLogWorker.java:lambda$new$0(128)) - b9fe614c-fc92-49ed-846d-3792d102db8e@group-A507E1BBFCBE-SegmentedRaftLogWorker: flushIndex: setUnconditionally 0 -> -1
2019-10-01 12:43:54,123 [pool-689-thread-1] INFO  server.RaftServerConfigKeys (ConfUtils.java:logGet(43)) - raft.server.log.queue.element-limit = 1024 (custom)
2019-10-01 12:43:54,124 [pool-699-thread-1] INFO  server.RaftServerConfigKeys (ConfUtils.java:logGet(43)) - raft.server.snapshot.auto.trigger.enabled = true (custom)
2019-10-01 12:43:54,123 [pool-679-thread-1] INFO  server.RaftServerConfigKeys (ConfUtils.java:logGet(43)) - raft.server.log.queue.element-limit = 1024 (custom)
2019-10-01 12:43:54,124 [pool-699-thread-1] INFO  server.RaftServerConfigKeys (ConfUtils.java:logGet(43)) - raft.server.snapshot.auto.trigger.threshold = 10000 (custom)
2019-10-01 12:43:54,124 [pool-689-thread-1] INFO  server.RaftServerConfigKeys (ConfUtils.java:logGet(43)) - raft.server.log.segment.size.max = 1048576 (custom)
2019-10-01 12:43:54,124 [pool-699-thread-1] INFO  server.RaftServerConfigKeys (ConfUtils.java:logGet(43)) - raft.server.snapshot.retention.file.num = 5 (custom)
2019-10-01 12:43:54,124 [pool-679-thread-1] INFO  server.RaftServerConfigKeys (ConfUtils.java:logGet(43)) - raft.server.log.segment.size.max = 1048576 (custom)
2019-10-01 12:43:54,124 [pool-699-thread-1] INFO  server.RaftServerConfigKeys (ConfUtils.java:logGet(43)) - raft.server.retrycache.expirytime = 600000ms (custom)
2019-10-01 12:43:54,124 [pool-689-thread-1] INFO  server.RaftServerConfigKeys (ConfUtils.java:logGet(43)) - raft.server.log.preallocated.size = 16384 (custom)
2019-10-01 12:43:54,124 [pool-679-thread-1] INFO  server.RaftServerConfigKeys (ConfUtils.java:logGet(43)) - raft.server.log.preallocated.size = 16384 (custom)
2019-10-01 12:43:54,125 [pool-689-thread-1] INFO  server.RaftServerConfigKeys (ConfUtils.java:logGet(43)) - raft.server.log.write.buffer.size = 33554432 (custom)
2019-10-01 12:43:54,125 [pool-679-thread-1] INFO  server.RaftServerConfigKeys (ConfUtils.java:logGet(43)) - raft.server.log.write.buffer.size = 33554432 (custom)
2019-10-01 12:43:54,125 [pool-689-thread-1] INFO  server.RaftServerConfigKeys (ConfUtils.java:logGet(43)) - raft.server.log.force.sync.num = 128 (default)
2019-10-01 12:43:54,125 [pool-679-thread-1] INFO  server.RaftServerConfigKeys (ConfUtils.java:logGet(43)) - raft.server.log.force.sync.num = 128 (default)
2019-10-01 12:43:54,125 [pool-689-thread-1] INFO  server.RaftServerConfigKeys (ConfUtils.java:logGet(43)) - raft.server.log.statemachine.data.sync = true (default)
2019-10-01 12:43:54,125 [pool-679-thread-1] INFO  server.RaftServerConfigKeys (ConfUtils.java:logGet(43)) - raft.server.log.statemachine.data.sync = true (default)
2019-10-01 12:43:54,125 [pool-689-thread-1] INFO  server.RaftServerConfigKeys (ConfUtils.java:logGet(43)) - raft.server.log.statemachine.data.sync.timeout = 10s (default)
2019-10-01 12:43:54,125 [pool-699-thread-1] INFO  impl.RaftServerImpl (RaftServerImpl.java:start(181)) - b9fe614c-fc92-49ed-846d-3792d102db8e@group-A507E1BBFCBE: start as a follower, conf=-1: [b9fe614c-fc92-49ed-846d-3792d102db8e:192.168.30.18:41459, 1699c8ac-b1ac-4189-87c7-7e52019aab6f:192.168.30.18:44682, d3d96536-50c0-424c-b791-b7211a690396:192.168.30.18:44647], old=null
2019-10-01 12:43:54,126 [pool-689-thread-1] INFO  server.RaftServerConfigKeys (ConfUtils.java:logGet(43)) - raft.server.log.statemachine.data.sync.timeout.retry = -1 (default)
2019-10-01 12:43:54,126 [pool-679-thread-1] INFO  server.RaftServerConfigKeys (ConfUtils.java:logGet(43)) - raft.server.log.statemachine.data.sync.timeout = 10s (default)
2019-10-01 12:43:54,126 [pool-689-thread-1] INFO  server.RaftServerConfigKeys (ConfUtils.java:logGet(43)) - raft.server.log.statemachine.data.caching.enabled = true (custom)
2019-10-01 12:43:54,126 [pool-699-thread-1] INFO  impl.RaftServerImpl (RaftServerImpl.java:setRole(170)) - b9fe614c-fc92-49ed-846d-3792d102db8e@group-A507E1BBFCBE: changes role from      null to FOLLOWER at term 0 for startAsFollower
2019-10-01 12:43:54,126 [pool-679-thread-1] INFO  server.RaftServerConfigKeys (ConfUtils.java:logGet(43)) - raft.server.log.statemachine.data.sync.timeout.retry = -1 (default)
2019-10-01 12:43:54,126 [pool-689-thread-1] INFO  segmented.SegmentedRaftLogWorker (SegmentedRaftLogWorker.java:lambda$new$0(128)) - 1699c8ac-b1ac-4189-87c7-7e52019aab6f@group-A507E1BBFCBE-SegmentedRaftLogWorker: flushIndex: setUnconditionally 0 -> -1
2019-10-01 12:43:54,126 [pool-699-thread-1] INFO  impl.RoleInfo (RoleInfo.java:updateAndGet(143)) - b9fe614c-fc92-49ed-846d-3792d102db8e: start FollowerState
2019-10-01 12:43:54,127 [pool-679-thread-1] INFO  server.RaftServerConfigKeys (ConfUtils.java:logGet(43)) - raft.server.log.statemachine.data.caching.enabled = true (custom)
2019-10-01 12:43:54,127 [pool-689-thread-1] INFO  server.RaftServerConfigKeys (ConfUtils.java:logGet(43)) - raft.server.snapshot.auto.trigger.enabled = true (custom)
2019-10-01 12:43:54,127 [pool-679-thread-1] INFO  segmented.SegmentedRaftLogWorker (SegmentedRaftLogWorker.java:lambda$new$0(128)) - d3d96536-50c0-424c-b791-b7211a690396@group-A507E1BBFCBE-SegmentedRaftLogWorker: flushIndex: setUnconditionally 0 -> -1
2019-10-01 12:43:54,127 [pool-699-thread-1] INFO  util.JmxRegister (JmxRegister.java:tryRegister(44)) - Successfully registered JMX Bean with object name Ratis:service=RaftServer,group=group-A507E1BBFCBE,id=b9fe614c-fc92-49ed-846d-3792d102db8e
2019-10-01 12:43:54,127 [pool-689-thread-1] INFO  server.RaftServerConfigKeys (ConfUtils.java:logGet(43)) - raft.server.snapshot.auto.trigger.threshold = 10000 (custom)
2019-10-01 12:43:54,127 [pool-679-thread-1] INFO  server.RaftServerConfigKeys (ConfUtils.java:logGet(43)) - raft.server.snapshot.auto.trigger.enabled = true (custom)
2019-10-01 12:43:54,128 [pool-689-thread-1] INFO  server.RaftServerConfigKeys (ConfUtils.java:logGet(43)) - raft.server.snapshot.retention.file.num = 5 (custom)
2019-10-01 12:43:54,128 [pool-679-thread-1] INFO  server.RaftServerConfigKeys (ConfUtils.java:logGet(43)) - raft.server.snapshot.auto.trigger.threshold = 10000 (custom)
2019-10-01 12:43:54,128 [pool-689-thread-1] INFO  server.RaftServerConfigKeys (ConfUtils.java:logGet(43)) - raft.server.retrycache.expirytime = 600000ms (custom)
2019-10-01 12:43:54,128 [pool-679-thread-1] INFO  server.RaftServerConfigKeys (ConfUtils.java:logGet(43)) - raft.server.snapshot.retention.file.num = 5 (custom)
2019-10-01 12:43:54,128 [pool-679-thread-1] INFO  server.RaftServerConfigKeys (ConfUtils.java:logGet(43)) - raft.server.retrycache.expirytime = 600000ms (custom)
2019-10-01 12:43:54,130 [IPC Server handler 1 on 43536] INFO  net.NetworkTopology (NetworkTopologyImpl.java:add(111)) - Added a new node: /default-rack/89c73eeb-e99a-4ead-a178-f5fc4a551541
2019-10-01 12:43:54,130 [IPC Server handler 1 on 43536] INFO  node.SCMNodeManager (SCMNodeManager.java:register(268)) - Registered Data node : 89c73eeb-e99a-4ead-a178-f5fc4a551541{ip: 192.168.30.18, host: pr-hdds-2199-dnstouuidmap-6cjbd-2468009341, networkLocation: /default-rack, certSerialId: null}
2019-10-01 12:43:54,131 [pool-689-thread-1] INFO  impl.RaftServerImpl (RaftServerImpl.java:start(181)) - 1699c8ac-b1ac-4189-87c7-7e52019aab6f@group-A507E1BBFCBE: start as a follower, conf=-1: [b9fe614c-fc92-49ed-846d-3792d102db8e:192.168.30.18:41459, 1699c8ac-b1ac-4189-87c7-7e52019aab6f:192.168.30.18:44682, d3d96536-50c0-424c-b791-b7211a690396:192.168.30.18:44647], old=null
2019-10-01 12:43:54,132 [pool-689-thread-1] INFO  impl.RaftServerImpl (RaftServerImpl.java:setRole(170)) - 1699c8ac-b1ac-4189-87c7-7e52019aab6f@group-A507E1BBFCBE: changes role from      null to FOLLOWER at term 0 for startAsFollower
2019-10-01 12:43:54,132 [pool-679-thread-1] INFO  impl.RaftServerImpl (RaftServerImpl.java:start(181)) - d3d96536-50c0-424c-b791-b7211a690396@group-A507E1BBFCBE: start as a follower, conf=-1: [b9fe614c-fc92-49ed-846d-3792d102db8e:192.168.30.18:41459, 1699c8ac-b1ac-4189-87c7-7e52019aab6f:192.168.30.18:44682, d3d96536-50c0-424c-b791-b7211a690396:192.168.30.18:44647], old=null
2019-10-01 12:43:54,132 [pool-689-thread-1] INFO  impl.RoleInfo (RoleInfo.java:updateAndGet(143)) - 1699c8ac-b1ac-4189-87c7-7e52019aab6f: start FollowerState
2019-10-01 12:43:54,132 [pool-679-thread-1] INFO  impl.RaftServerImpl (RaftServerImpl.java:setRole(170)) - d3d96536-50c0-424c-b791-b7211a690396@group-A507E1BBFCBE: changes role from      null to FOLLOWER at term 0 for startAsFollower
2019-10-01 12:43:54,132 [pool-679-thread-1] INFO  impl.RoleInfo (RoleInfo.java:updateAndGet(143)) - d3d96536-50c0-424c-b791-b7211a690396: start FollowerState
2019-10-01 12:43:54,132 [pool-689-thread-1] INFO  util.JmxRegister (JmxRegister.java:tryRegister(44)) - Successfully registered JMX Bean with object name Ratis:service=RaftServer,group=group-A507E1BBFCBE,id=1699c8ac-b1ac-4189-87c7-7e52019aab6f
2019-10-01 12:43:54,132 [pool-679-thread-1] INFO  util.JmxRegister (JmxRegister.java:tryRegister(44)) - Successfully registered JMX Bean with object name Ratis:service=RaftServer,group=group-A507E1BBFCBE,id=d3d96536-50c0-424c-b791-b7211a690396
2019-10-01 12:43:54,137 [RatisPipelineUtilsThread] INFO  pipeline.PipelineStateManager (PipelineStateManager.java:addPipeline(56)) - Created pipeline Pipeline[ Id: 83668dcf-41b4-46fc-9491-a507e1bbfcbe, Nodes: 1699c8ac-b1ac-4189-87c7-7e52019aab6f{ip: 192.168.30.18, host: pr-hdds-2199-dnstouuidmap-6cjbd-2468009341, networkLocation: /default-rack, certSerialId: null}d3d96536-50c0-424c-b791-b7211a690396{ip: 192.168.30.18, host: pr-hdds-2199-dnstouuidmap-6cjbd-2468009341, networkLocation: /default-rack, certSerialId: null}b9fe614c-fc92-49ed-846d-3792d102db8e{ip: 192.168.30.18, host: pr-hdds-2199-dnstouuidmap-6cjbd-2468009341, networkLocation: /default-rack, certSerialId: null}, Type:RATIS, Factor:THREE, State:OPEN]
2019-10-01 12:43:54,153 [grpc-default-executor-9] INFO  impl.RaftServerProxy (RaftServerProxy.java:addNew(89)) - 89c73eeb-e99a-4ead-a178-f5fc4a551541: addNew group-0A92257F718E:[89c73eeb-e99a-4ead-a178-f5fc4a551541:192.168.30.18:41541] returns group-0A92257F718E:java.util.concurrent.CompletableFuture@e0fcb41[Not completed]
2019-10-01 12:43:54,154 [pool-719-thread-1] INFO  impl.RaftServerImpl (RaftServerImpl.java:<init>(95)) - 89c73eeb-e99a-4ead-a178-f5fc4a551541: new RaftServerImpl for group-0A92257F718E:[89c73eeb-e99a-4ead-a178-f5fc4a551541:192.168.30.18:41541] with ContainerStateMachine:uninitialized
2019-10-01 12:43:54,157 [pool-719-thread-1] INFO  server.RaftServerConfigKeys (ConfUtils.java:logGet(43)) - raft.server.rpc.timeout.min = 5s (custom)
2019-10-01 12:43:54,157 [pool-719-thread-1] INFO  server.RaftServerConfigKeys (ConfUtils.java:logGet(43)) - raft.server.rpc.timeout.max = 5200ms (custom)
2019-10-01 12:43:54,157 [pool-719-thread-1] INFO  server.RaftServerConfigKeys (ConfUtils.java:logGet(43)) - raft.server.rpcslowness.timeout = 120s (custom)
2019-10-01 12:43:54,157 [pool-719-thread-1] INFO  server.RaftServerConfigKeys (ConfUtils.java:logGet(43)) - raft.server.sleep.deviation.threshold = 300 (default)
2019-10-01 12:43:54,157 [pool-719-thread-1] INFO  server.RaftServerConfigKeys (ConfUtils.java:logGet(43)) - raft.server.log.appender.install.snapshot.enabled = false (custom)
2019-10-01 12:43:54,158 [pool-719-thread-1] INFO  impl.RaftServerImpl (ServerState.java:<init>(103)) - 89c73eeb-e99a-4ead-a178-f5fc4a551541@group-0A92257F718E: ConfigurationManager, init=-1: [89c73eeb-e99a-4ead-a178-f5fc4a551541:192.168.30.18:41541], old=null, confs=<EMPTY_MAP>
2019-10-01 12:43:54,158 [pool-719-thread-1] INFO  server.RaftServerConfigKeys (ConfUtils.java:logGet(43)) - raft.server.storage.dir = [/workdir/hadoop-ozone/integration-test/target/test-dir/MiniOzoneClusterImpl-54047bbe-a4d0-46f5-93a6-5a04f7d29f94/datanode-4/data/ratis] (custom)
2019-10-01 12:43:54,158 [pool-719-thread-1] INFO  server.RaftServerConfigKeys (ConfUtils.java:logGet(43)) - raft.server.log.corruption.policy = EXCEPTION (default)
2019-10-01 12:43:54,158 [pool-719-thread-1] INFO  storage.RaftStorageDirectory (RaftStorageDirectory.java:analyzeStorage(246)) - The storage directory /workdir/hadoop-ozone/integration-test/target/test-dir/MiniOzoneClusterImpl-54047bbe-a4d0-46f5-93a6-5a04f7d29f94/datanode-4/data/ratis/8dcf2df7-8112-4f8b-9a96-0a92257f718e does not exist. Creating ...
2019-10-01 12:43:54,186 [pool-719-thread-1] INFO  storage.RaftStorageDirectory (RaftStorageDirectory.java:tryLock(328)) - Lock on /workdir/hadoop-ozone/integration-test/target/test-dir/MiniOzoneClusterImpl-54047bbe-a4d0-46f5-93a6-5a04f7d29f94/datanode-4/data/ratis/8dcf2df7-8112-4f8b-9a96-0a92257f718e/in_use.lock acquired by nodename 19447@pr-hdds-2199-dnstouuidmap-6cjbd-2468009341
2019-10-01 12:43:54,208 [IPC Server handler 4 on 43536] INFO  net.NetworkTopology (NetworkTopologyImpl.java:add(111)) - Added a new node: /default-rack/bc7b43ce-939d-49b7-851e-984e78d74e21
2019-10-01 12:43:54,208 [IPC Server handler 4 on 43536] INFO  node.SCMNodeManager (SCMNodeManager.java:register(268)) - Registered Data node : bc7b43ce-939d-49b7-851e-984e78d74e21{ip: 192.168.30.18, host: pr-hdds-2199-dnstouuidmap-6cjbd-2468009341, networkLocation: /default-rack, certSerialId: null}
2019-10-01 12:43:54,212 [pool-719-thread-1] INFO  storage.RaftStorage (RaftStorage.java:format(84)) - Storage directory /workdir/hadoop-ozone/integration-test/target/test-dir/MiniOzoneClusterImpl-54047bbe-a4d0-46f5-93a6-5a04f7d29f94/datanode-4/data/ratis/8dcf2df7-8112-4f8b-9a96-0a92257f718e has been successfully formatted.
2019-10-01 12:43:54,212 [pool-719-thread-1] INFO  ratis.ContainerStateMachine (ContainerStateMachine.java:loadSnapshot(230)) - group-0A92257F718E: The snapshot info is null. Setting the last applied indexto:(t:0, i:~)
2019-10-01 12:43:54,212 [pool-719-thread-1] INFO  server.RaftServerConfigKeys (ConfUtils.java:logGet(43)) - raft.server.notification.no-leader.timeout = 120s (custom)
2019-10-01 12:43:54,212 [pool-719-thread-1] INFO  server.RaftServerConfigKeys (ConfUtils.java:logGet(43)) - raft.server.log.use.memory = false (default)
2019-10-01 12:43:54,212 [pool-719-thread-1] INFO  server.RaftServerConfigKeys (ConfUtils.java:logGet(43)) - raft.server.log.purge.gap = 1000000 (custom)
2019-10-01 12:43:54,212 [pool-719-thread-1] INFO  server.RaftServerConfigKeys (ConfUtils.java:logGet(43)) - raft.server.log.appender.buffer.byte-limit = 33554432 (custom)
2019-10-01 12:43:54,213 [pool-719-thread-1] INFO  server.RaftServerConfigKeys (ConfUtils.java:logGet(43)) - raft.server.log.segment.size.max = 1048576 (custom)
2019-10-01 12:43:54,214 [pool-719-thread-1] INFO  server.RaftServerConfigKeys (ConfUtils.java:logGet(43)) - raft.server.log.segment.cache.num.max = 2 (custom)
2019-10-01 12:43:54,214 [pool-719-thread-1] INFO  segmented.SegmentedRaftLogWorker (SegmentedRaftLogWorker.java:<init>(173)) - new 89c73eeb-e99a-4ead-a178-f5fc4a551541@group-0A92257F718E-SegmentedRaftLogWorker for RaftStorage:Storage Directory /workdir/hadoop-ozone/integration-test/target/test-dir/MiniOzoneClusterImpl-54047bbe-a4d0-46f5-93a6-5a04f7d29f94/datanode-4/data/ratis/8dcf2df7-8112-4f8b-9a96-0a92257f718e
2019-10-01 12:43:54,214 [pool-719-thread-1] INFO  server.RaftServerConfigKeys (ConfUtils.java:logGet(43)) - raft.server.log.queue.byte-limit = 2147483647 (custom)
2019-10-01 12:43:54,215 [pool-719-thread-1] INFO  server.RaftServerConfigKeys (ConfUtils.java:logGet(43)) - raft.server.log.queue.element-limit = 1024 (custom)
2019-10-01 12:43:54,215 [pool-719-thread-1] INFO  server.RaftServerConfigKeys (ConfUtils.java:logGet(43)) - raft.server.log.segment.size.max = 1048576 (custom)
2019-10-01 12:43:54,215 [pool-719-thread-1] INFO  server.RaftServerConfigKeys (ConfUtils.java:logGet(43)) - raft.server.log.preallocated.size = 16384 (custom)
2019-10-01 12:43:54,215 [pool-719-thread-1] INFO  server.RaftServerConfigKeys (ConfUtils.java:logGet(43)) - raft.server.log.write.buffer.size = 33554432 (custom)
2019-10-01 12:43:54,215 [pool-719-thread-1] INFO  server.RaftServerConfigKeys (ConfUtils.java:logGet(43)) - raft.server.log.force.sync.num = 128 (default)
2019-10-01 12:43:54,215 [pool-719-thread-1] INFO  server.RaftServerConfigKeys (ConfUtils.java:logGet(43)) - raft.server.log.statemachine.data.sync = true (default)
2019-10-01 12:43:54,215 [pool-719-thread-1] INFO  server.RaftServerConfigKeys (ConfUtils.java:logGet(43)) - raft.server.log.statemachine.data.sync.timeout = 10s (default)
2019-10-01 12:43:54,215 [pool-719-thread-1] INFO  server.RaftServerConfigKeys (ConfUtils.java:logGet(43)) - raft.server.log.statemachine.data.sync.timeout.retry = -1 (default)
2019-10-01 12:43:54,216 [pool-719-thread-1] INFO  server.RaftServerConfigKeys (ConfUtils.java:logGet(43)) - raft.server.log.statemachine.data.caching.enabled = true (custom)
2019-10-01 12:43:54,216 [pool-719-thread-1] INFO  segmented.SegmentedRaftLogWorker (SegmentedRaftLogWorker.java:lambda$new$0(128)) - 89c73eeb-e99a-4ead-a178-f5fc4a551541@group-0A92257F718E-SegmentedRaftLogWorker: flushIndex: setUnconditionally 0 -> -1
2019-10-01 12:43:54,216 [pool-719-thread-1] INFO  server.RaftServerConfigKeys (ConfUtils.java:logGet(43)) - raft.server.snapshot.auto.trigger.enabled = true (custom)
2019-10-01 12:43:54,216 [pool-719-thread-1] INFO  server.RaftServerConfigKeys (ConfUtils.java:logGet(43)) - raft.server.snapshot.auto.trigger.threshold = 10000 (custom)
2019-10-01 12:43:54,216 [pool-719-thread-1] INFO  server.RaftServerConfigKeys (ConfUtils.java:logGet(43)) - raft.server.snapshot.retention.file.num = 5 (custom)
2019-10-01 12:43:54,217 [pool-719-thread-1] INFO  server.RaftServerConfigKeys (ConfUtils.java:logGet(43)) - raft.server.retrycache.expirytime = 600000ms (custom)
2019-10-01 12:43:54,218 [pool-719-thread-1] INFO  impl.RaftServerImpl (RaftServerImpl.java:start(181)) - 89c73eeb-e99a-4ead-a178-f5fc4a551541@group-0A92257F718E: start as a follower, conf=-1: [89c73eeb-e99a-4ead-a178-f5fc4a551541:192.168.30.18:41541], old=null
2019-10-01 12:43:54,218 [pool-719-thread-1] INFO  impl.RaftServerImpl (RaftServerImpl.java:setRole(170)) - 89c73eeb-e99a-4ead-a178-f5fc4a551541@group-0A92257F718E: changes role from      null to FOLLOWER at term 0 for startAsFollower
2019-10-01 12:43:54,218 [pool-719-thread-1] INFO  impl.RoleInfo (RoleInfo.java:updateAndGet(143)) - 89c73eeb-e99a-4ead-a178-f5fc4a551541: start FollowerState
2019-10-01 12:43:54,218 [pool-719-thread-1] INFO  util.JmxRegister (JmxRegister.java:tryRegister(44)) - Successfully registered JMX Bean with object name Ratis:service=RaftServer,group=group-0A92257F718E,id=89c73eeb-e99a-4ead-a178-f5fc4a551541
2019-10-01 12:43:54,221 [RatisPipelineUtilsThread] INFO  pipeline.PipelineStateManager (PipelineStateManager.java:addPipeline(56)) - Created pipeline Pipeline[ Id: 8dcf2df7-8112-4f8b-9a96-0a92257f718e, Nodes: 89c73eeb-e99a-4ead-a178-f5fc4a551541{ip: 192.168.30.18, host: pr-hdds-2199-dnstouuidmap-6cjbd-2468009341, networkLocation: /default-rack, certSerialId: null}, Type:RATIS, Factor:ONE, State:OPEN]
2019-10-01 12:43:54,227 [grpc-default-executor-9] INFO  impl.RaftServerProxy (RaftServerProxy.java:addNew(89)) - bc7b43ce-939d-49b7-851e-984e78d74e21: addNew group-8404E94E006F:[bc7b43ce-939d-49b7-851e-984e78d74e21:192.168.30.18:34159] returns group-8404E94E006F:java.util.concurrent.CompletableFuture@2c7a12d3[Not completed]
2019-10-01 12:43:54,228 [pool-729-thread-1] INFO  impl.RaftServerImpl (RaftServerImpl.java:<init>(95)) - bc7b43ce-939d-49b7-851e-984e78d74e21: new RaftServerImpl for group-8404E94E006F:[bc7b43ce-939d-49b7-851e-984e78d74e21:192.168.30.18:34159] with ContainerStateMachine:uninitialized
2019-10-01 12:43:54,228 [pool-729-thread-1] INFO  server.RaftServerConfigKeys (ConfUtils.java:logGet(43)) - raft.server.rpc.timeout.min = 5s (custom)
2019-10-01 12:43:54,228 [pool-729-thread-1] INFO  server.RaftServerConfigKeys (ConfUtils.java:logGet(43)) - raft.server.rpc.timeout.max = 5200ms (custom)
2019-10-01 12:43:54,228 [pool-729-thread-1] INFO  server.RaftServerConfigKeys (ConfUtils.java:logGet(43)) - raft.server.rpcslowness.timeout = 120s (custom)
2019-10-01 12:43:54,228 [pool-729-thread-1] INFO  server.RaftServerConfigKeys (ConfUtils.java:logGet(43)) - raft.server.sleep.deviation.threshold = 300 (default)
2019-10-01 12:43:54,228 [pool-729-thread-1] INFO  server.RaftServerConfigKeys (ConfUtils.java:logGet(43)) - raft.server.log.appender.install.snapshot.enabled = false (custom)
2019-10-01 12:43:54,228 [pool-729-thread-1] INFO  impl.RaftServerImpl (ServerState.java:<init>(103)) - bc7b43ce-939d-49b7-851e-984e78d74e21@group-8404E94E006F: ConfigurationManager, init=-1: [bc7b43ce-939d-49b7-851e-984e78d74e21:192.168.30.18:34159], old=null, confs=<EMPTY_MAP>
2019-10-01 12:43:54,229 [pool-729-thread-1] INFO  server.RaftServerConfigKeys (ConfUtils.java:logGet(43)) - raft.server.storage.dir = [/workdir/hadoop-ozone/integration-test/target/test-dir/MiniOzoneClusterImpl-54047bbe-a4d0-46f5-93a6-5a04f7d29f94/datanode-5/data/ratis] (custom)
2019-10-01 12:43:54,229 [pool-729-thread-1] INFO  server.RaftServerConfigKeys (ConfUtils.java:logGet(43)) - raft.server.log.corruption.policy = EXCEPTION (default)
2019-10-01 12:43:54,229 [pool-729-thread-1] INFO  storage.RaftStorageDirectory (RaftStorageDirectory.java:analyzeStorage(246)) - The storage directory /workdir/hadoop-ozone/integration-test/target/test-dir/MiniOzoneClusterImpl-54047bbe-a4d0-46f5-93a6-5a04f7d29f94/datanode-5/data/ratis/f3e1d4e4-4633-48e4-8ed2-8404e94e006f does not exist. Creating ...
2019-10-01 12:43:54,253 [pool-729-thread-1] INFO  storage.RaftStorageDirectory (RaftStorageDirectory.java:tryLock(328)) - Lock on /workdir/hadoop-ozone/integration-test/target/test-dir/MiniOzoneClusterImpl-54047bbe-a4d0-46f5-93a6-5a04f7d29f94/datanode-5/data/ratis/f3e1d4e4-4633-48e4-8ed2-8404e94e006f/in_use.lock acquired by nodename 19447@pr-hdds-2199-dnstouuidmap-6cjbd-2468009341
2019-10-01 12:43:54,276 [main] INFO  ozone.MiniOzoneClusterImpl (MiniOzoneClusterImpl.java:lambda$waitForClusterToBeReady$0(147)) - Waiting for cluster to be ready. Got 6 of 7 DN Heartbeats.
2019-10-01 12:43:54,277 [IPC Server handler 3 on 43536] INFO  net.NetworkTopology (NetworkTopologyImpl.java:add(111)) - Added a new node: /default-rack/7b940994-b04a-41d7-acb3-b4567a89b926
2019-10-01 12:43:54,277 [IPC Server handler 3 on 43536] INFO  node.SCMNodeManager (SCMNodeManager.java:register(268)) - Registered Data node : 7b940994-b04a-41d7-acb3-b4567a89b926{ip: 192.168.30.18, host: pr-hdds-2199-dnstouuidmap-6cjbd-2468009341, networkLocation: /default-rack, certSerialId: null}
2019-10-01 12:43:54,279 [pool-729-thread-1] INFO  storage.RaftStorage (RaftStorage.java:format(84)) - Storage directory /workdir/hadoop-ozone/integration-test/target/test-dir/MiniOzoneClusterImpl-54047bbe-a4d0-46f5-93a6-5a04f7d29f94/datanode-5/data/ratis/f3e1d4e4-4633-48e4-8ed2-8404e94e006f has been successfully formatted.
2019-10-01 12:43:54,279 [pool-729-thread-1] INFO  ratis.ContainerStateMachine (ContainerStateMachine.java:loadSnapshot(230)) - group-8404E94E006F: The snapshot info is null. Setting the last applied indexto:(t:0, i:~)
2019-10-01 12:43:54,279 [pool-729-thread-1] INFO  server.RaftServerConfigKeys (ConfUtils.java:logGet(43)) - raft.server.notification.no-leader.timeout = 120s (custom)
2019-10-01 12:43:54,279 [pool-729-thread-1] INFO  server.RaftServerConfigKeys (ConfUtils.java:logGet(43)) - raft.server.log.use.memory = false (default)
2019-10-01 12:43:54,279 [pool-729-thread-1] INFO  server.RaftServerConfigKeys (ConfUtils.java:logGet(43)) - raft.server.log.purge.gap = 1000000 (custom)
2019-10-01 12:43:54,279 [pool-729-thread-1] INFO  server.RaftServerConfigKeys (ConfUtils.java:logGet(43)) - raft.server.log.appender.buffer.byte-limit = 33554432 (custom)
2019-10-01 12:43:54,279 [pool-729-thread-1] INFO  server.RaftServerConfigKeys (ConfUtils.java:logGet(43)) - raft.server.log.segment.size.max = 1048576 (custom)
2019-10-01 12:43:54,280 [pool-729-thread-1] INFO  server.RaftServerConfigKeys (ConfUtils.java:logGet(43)) - raft.server.log.segment.cache.num.max = 2 (custom)
2019-10-01 12:43:54,281 [pool-729-thread-1] INFO  segmented.SegmentedRaftLogWorker (SegmentedRaftLogWorker.java:<init>(173)) - new bc7b43ce-939d-49b7-851e-984e78d74e21@group-8404E94E006F-SegmentedRaftLogWorker for RaftStorage:Storage Directory /workdir/hadoop-ozone/integration-test/target/test-dir/MiniOzoneClusterImpl-54047bbe-a4d0-46f5-93a6-5a04f7d29f94/datanode-5/data/ratis/f3e1d4e4-4633-48e4-8ed2-8404e94e006f
2019-10-01 12:43:54,281 [pool-729-thread-1] INFO  server.RaftServerConfigKeys (ConfUtils.java:logGet(43)) - raft.server.log.queue.byte-limit = 2147483647 (custom)
2019-10-01 12:43:54,281 [pool-729-thread-1] INFO  server.RaftServerConfigKeys (ConfUtils.java:logGet(43)) - raft.server.log.queue.element-limit = 1024 (custom)
2019-10-01 12:43:54,281 [pool-729-thread-1] INFO  server.RaftServerConfigKeys (ConfUtils.java:logGet(43)) - raft.server.log.segment.size.max = 1048576 (custom)
2019-10-01 12:43:54,281 [pool-729-thread-1] INFO  server.RaftServerConfigKeys (ConfUtils.java:logGet(43)) - raft.server.log.preallocated.size = 16384 (custom)
2019-10-01 12:43:54,281 [pool-729-thread-1] INFO  server.RaftServerConfigKeys (ConfUtils.java:logGet(43)) - raft.server.log.write.buffer.size = 33554432 (custom)
2019-10-01 12:43:54,281 [pool-729-thread-1] INFO  server.RaftServerConfigKeys (ConfUtils.java:logGet(43)) - raft.server.log.force.sync.num = 128 (default)
2019-10-01 12:43:54,281 [pool-729-thread-1] INFO  server.RaftServerConfigKeys (ConfUtils.java:logGet(43)) - raft.server.log.statemachine.data.sync = true (default)
2019-10-01 12:43:54,281 [pool-729-thread-1] INFO  server.RaftServerConfigKeys (ConfUtils.java:logGet(43)) - raft.server.log.statemachine.data.sync.timeout = 10s (default)
2019-10-01 12:43:54,281 [pool-729-thread-1] INFO  server.RaftServerConfigKeys (ConfUtils.java:logGet(43)) - raft.server.log.statemachine.data.sync.timeout.retry = -1 (default)
2019-10-01 12:43:54,281 [pool-729-thread-1] INFO  server.RaftServerConfigKeys (ConfUtils.java:logGet(43)) - raft.server.log.statemachine.data.caching.enabled = true (custom)
2019-10-01 12:43:54,282 [pool-729-thread-1] INFO  segmented.SegmentedRaftLogWorker (SegmentedRaftLogWorker.java:lambda$new$0(128)) - bc7b43ce-939d-49b7-851e-984e78d74e21@group-8404E94E006F-SegmentedRaftLogWorker: flushIndex: setUnconditionally 0 -> -1
2019-10-01 12:43:54,282 [pool-729-thread-1] INFO  server.RaftServerConfigKeys (ConfUtils.java:logGet(43)) - raft.server.snapshot.auto.trigger.enabled = true (custom)
2019-10-01 12:43:54,282 [pool-729-thread-1] INFO  server.RaftServerConfigKeys (ConfUtils.java:logGet(43)) - raft.server.snapshot.auto.trigger.threshold = 10000 (custom)
2019-10-01 12:43:54,282 [pool-729-thread-1] INFO  server.RaftServerConfigKeys (ConfUtils.java:logGet(43)) - raft.server.snapshot.retention.file.num = 5 (custom)
2019-10-01 12:43:54,282 [pool-729-thread-1] INFO  server.RaftServerConfigKeys (ConfUtils.java:logGet(43)) - raft.server.retrycache.expirytime = 600000ms (custom)
2019-10-01 12:43:54,283 [pool-729-thread-1] INFO  impl.RaftServerImpl (RaftServerImpl.java:start(181)) - bc7b43ce-939d-49b7-851e-984e78d74e21@group-8404E94E006F: start as a follower, conf=-1: [bc7b43ce-939d-49b7-851e-984e78d74e21:192.168.30.18:34159], old=null
2019-10-01 12:43:54,283 [pool-729-thread-1] INFO  impl.RaftServerImpl (RaftServerImpl.java:setRole(170)) - bc7b43ce-939d-49b7-851e-984e78d74e21@group-8404E94E006F: changes role from      null to FOLLOWER at term 0 for startAsFollower
2019-10-01 12:43:54,283 [pool-729-thread-1] INFO  impl.RoleInfo (RoleInfo.java:updateAndGet(143)) - bc7b43ce-939d-49b7-851e-984e78d74e21: start FollowerState
2019-10-01 12:43:54,284 [pool-729-thread-1] INFO  util.JmxRegister (JmxRegister.java:tryRegister(44)) - Successfully registered JMX Bean with object name Ratis:service=RaftServer,group=group-8404E94E006F,id=bc7b43ce-939d-49b7-851e-984e78d74e21
2019-10-01 12:43:54,286 [RatisPipelineUtilsThread] INFO  pipeline.PipelineStateManager (PipelineStateManager.java:addPipeline(56)) - Created pipeline Pipeline[ Id: f3e1d4e4-4633-48e4-8ed2-8404e94e006f, Nodes: bc7b43ce-939d-49b7-851e-984e78d74e21{ip: 192.168.30.18, host: pr-hdds-2199-dnstouuidmap-6cjbd-2468009341, networkLocation: /default-rack, certSerialId: null}, Type:RATIS, Factor:ONE, State:OPEN]
2019-10-01 12:43:54,294 [grpc-default-executor-9] INFO  impl.RaftServerProxy (RaftServerProxy.java:addNew(89)) - 7b940994-b04a-41d7-acb3-b4567a89b926: addNew group-E4667749EEF2:[7b940994-b04a-41d7-acb3-b4567a89b926:192.168.30.18:42925] returns group-E4667749EEF2:java.util.concurrent.CompletableFuture@56e0b342[Not completed]
2019-10-01 12:43:54,295 [pool-739-thread-1] INFO  impl.RaftServerImpl (RaftServerImpl.java:<init>(95)) - 7b940994-b04a-41d7-acb3-b4567a89b926: new RaftServerImpl for group-E4667749EEF2:[7b940994-b04a-41d7-acb3-b4567a89b926:192.168.30.18:42925] with ContainerStateMachine:uninitialized
2019-10-01 12:43:54,295 [pool-739-thread-1] INFO  server.RaftServerConfigKeys (ConfUtils.java:logGet(43)) - raft.server.rpc.timeout.min = 5s (custom)
2019-10-01 12:43:54,295 [pool-739-thread-1] INFO  server.RaftServerConfigKeys (ConfUtils.java:logGet(43)) - raft.server.rpc.timeout.max = 5200ms (custom)
2019-10-01 12:43:54,296 [pool-739-thread-1] INFO  server.RaftServerConfigKeys (ConfUtils.java:logGet(43)) - raft.server.rpcslowness.timeout = 120s (custom)
2019-10-01 12:43:54,296 [pool-739-thread-1] INFO  server.RaftServerConfigKeys (ConfUtils.java:logGet(43)) - raft.server.sleep.deviation.threshold = 300 (default)
2019-10-01 12:43:54,296 [pool-739-thread-1] INFO  server.RaftServerConfigKeys (ConfUtils.java:logGet(43)) - raft.server.log.appender.install.snapshot.enabled = false (custom)
2019-10-01 12:43:54,296 [pool-739-thread-1] INFO  impl.RaftServerImpl (ServerState.java:<init>(103)) - 7b940994-b04a-41d7-acb3-b4567a89b926@group-E4667749EEF2: ConfigurationManager, init=-1: [7b940994-b04a-41d7-acb3-b4567a89b926:192.168.30.18:42925], old=null, confs=<EMPTY_MAP>
2019-10-01 12:43:54,296 [pool-739-thread-1] INFO  server.RaftServerConfigKeys (ConfUtils.java:logGet(43)) - raft.server.storage.dir = [/workdir/hadoop-ozone/integration-test/target/test-dir/MiniOzoneClusterImpl-54047bbe-a4d0-46f5-93a6-5a04f7d29f94/datanode-6/data/ratis] (custom)
2019-10-01 12:43:54,296 [pool-739-thread-1] INFO  server.RaftServerConfigKeys (ConfUtils.java:logGet(43)) - raft.server.log.corruption.policy = EXCEPTION (default)
2019-10-01 12:43:54,296 [pool-739-thread-1] INFO  storage.RaftStorageDirectory (RaftStorageDirectory.java:analyzeStorage(246)) - The storage directory /workdir/hadoop-ozone/integration-test/target/test-dir/MiniOzoneClusterImpl-54047bbe-a4d0-46f5-93a6-5a04f7d29f94/datanode-6/data/ratis/ec576d98-9868-4250-bbe2-e4667749eef2 does not exist. Creating ...
2019-10-01 12:43:54,321 [pool-739-thread-1] INFO  storage.RaftStorageDirectory (RaftStorageDirectory.java:tryLock(328)) - Lock on /workdir/hadoop-ozone/integration-test/target/test-dir/MiniOzoneClusterImpl-54047bbe-a4d0-46f5-93a6-5a04f7d29f94/datanode-6/data/ratis/ec576d98-9868-4250-bbe2-e4667749eef2/in_use.lock acquired by nodename 19447@pr-hdds-2199-dnstouuidmap-6cjbd-2468009341
2019-10-01 12:43:54,346 [pool-739-thread-1] INFO  storage.RaftStorage (RaftStorage.java:format(84)) - Storage directory /workdir/hadoop-ozone/integration-test/target/test-dir/MiniOzoneClusterImpl-54047bbe-a4d0-46f5-93a6-5a04f7d29f94/datanode-6/data/ratis/ec576d98-9868-4250-bbe2-e4667749eef2 has been successfully formatted.
2019-10-01 12:43:54,346 [pool-739-thread-1] INFO  ratis.ContainerStateMachine (ContainerStateMachine.java:loadSnapshot(230)) - group-E4667749EEF2: The snapshot info is null. Setting the last applied indexto:(t:0, i:~)
2019-10-01 12:43:54,347 [pool-739-thread-1] INFO  server.RaftServerConfigKeys (ConfUtils.java:logGet(43)) - raft.server.notification.no-leader.timeout = 120s (custom)
2019-10-01 12:43:54,347 [pool-739-thread-1] INFO  server.RaftServerConfigKeys (ConfUtils.java:logGet(43)) - raft.server.log.use.memory = false (default)
2019-10-01 12:43:54,347 [pool-739-thread-1] INFO  server.RaftServerConfigKeys (ConfUtils.java:logGet(43)) - raft.server.log.purge.gap = 1000000 (custom)
2019-10-01 12:43:54,347 [pool-739-thread-1] INFO  server.RaftServerConfigKeys (ConfUtils.java:logGet(43)) - raft.server.log.appender.buffer.byte-limit = 33554432 (custom)
2019-10-01 12:43:54,347 [pool-739-thread-1] INFO  server.RaftServerConfigKeys (ConfUtils.java:logGet(43)) - raft.server.log.segment.size.max = 1048576 (custom)
2019-10-01 12:43:54,349 [pool-739-thread-1] INFO  server.RaftServerConfigKeys (ConfUtils.java:logGet(43)) - raft.server.log.segment.cache.num.max = 2 (custom)
2019-10-01 12:43:54,349 [pool-739-thread-1] INFO  segmented.SegmentedRaftLogWorker (SegmentedRaftLogWorker.java:<init>(173)) - new 7b940994-b04a-41d7-acb3-b4567a89b926@group-E4667749EEF2-SegmentedRaftLogWorker for RaftStorage:Storage Directory /workdir/hadoop-ozone/integration-test/target/test-dir/MiniOzoneClusterImpl-54047bbe-a4d0-46f5-93a6-5a04f7d29f94/datanode-6/data/ratis/ec576d98-9868-4250-bbe2-e4667749eef2
2019-10-01 12:43:54,349 [pool-739-thread-1] INFO  server.RaftServerConfigKeys (ConfUtils.java:logGet(43)) - raft.server.log.queue.byte-limit = 2147483647 (custom)
2019-10-01 12:43:54,349 [pool-739-thread-1] INFO  server.RaftServerConfigKeys (ConfUtils.java:logGet(43)) - raft.server.log.queue.element-limit = 1024 (custom)
2019-10-01 12:43:54,349 [pool-739-thread-1] INFO  server.RaftServerConfigKeys (ConfUtils.java:logGet(43)) - raft.server.log.segment.size.max = 1048576 (custom)
2019-10-01 12:43:54,349 [pool-739-thread-1] INFO  server.RaftServerConfigKeys (ConfUtils.java:logGet(43)) - raft.server.log.preallocated.size = 16384 (custom)
2019-10-01 12:43:54,349 [pool-739-thread-1] INFO  server.RaftServerConfigKeys (ConfUtils.java:logGet(43)) - raft.server.log.write.buffer.size = 33554432 (custom)
2019-10-01 12:43:54,350 [pool-739-thread-1] INFO  server.RaftServerConfigKeys (ConfUtils.java:logGet(43)) - raft.server.log.force.sync.num = 128 (default)
2019-10-01 12:43:54,350 [pool-739-thread-1] INFO  server.RaftServerConfigKeys (ConfUtils.java:logGet(43)) - raft.server.log.statemachine.data.sync = true (default)
2019-10-01 12:43:54,350 [pool-739-thread-1] INFO  server.RaftServerConfigKeys (ConfUtils.java:logGet(43)) - raft.server.log.statemachine.data.sync.timeout = 10s (default)
2019-10-01 12:43:54,350 [pool-739-thread-1] INFO  server.RaftServerConfigKeys (ConfUtils.java:logGet(43)) - raft.server.log.statemachine.data.sync.timeout.retry = -1 (default)
2019-10-01 12:43:54,350 [pool-739-thread-1] INFO  server.RaftServerConfigKeys (ConfUtils.java:logGet(43)) - raft.server.log.statemachine.data.caching.enabled = true (custom)
2019-10-01 12:43:54,351 [pool-739-thread-1] INFO  segmented.SegmentedRaftLogWorker (SegmentedRaftLogWorker.java:lambda$new$0(128)) - 7b940994-b04a-41d7-acb3-b4567a89b926@group-E4667749EEF2-SegmentedRaftLogWorker: flushIndex: setUnconditionally 0 -> -1
2019-10-01 12:43:54,351 [pool-739-thread-1] INFO  server.RaftServerConfigKeys (ConfUtils.java:logGet(43)) - raft.server.snapshot.auto.trigger.enabled = true (custom)
2019-10-01 12:43:54,351 [pool-739-thread-1] INFO  server.RaftServerConfigKeys (ConfUtils.java:logGet(43)) - raft.server.snapshot.auto.trigger.threshold = 10000 (custom)
2019-10-01 12:43:54,351 [pool-739-thread-1] INFO  server.RaftServerConfigKeys (ConfUtils.java:logGet(43)) - raft.server.snapshot.retention.file.num = 5 (custom)
2019-10-01 12:43:54,351 [pool-739-thread-1] INFO  server.RaftServerConfigKeys (ConfUtils.java:logGet(43)) - raft.server.retrycache.expirytime = 600000ms (custom)
2019-10-01 12:43:54,353 [pool-739-thread-1] INFO  impl.RaftServerImpl (RaftServerImpl.java:start(181)) - 7b940994-b04a-41d7-acb3-b4567a89b926@group-E4667749EEF2: start as a follower, conf=-1: [7b940994-b04a-41d7-acb3-b4567a89b926:192.168.30.18:42925], old=null
2019-10-01 12:43:54,353 [pool-739-thread-1] INFO  impl.RaftServerImpl (RaftServerImpl.java:setRole(170)) - 7b940994-b04a-41d7-acb3-b4567a89b926@group-E4667749EEF2: changes role from      null to FOLLOWER at term 0 for startAsFollower
2019-10-01 12:43:54,353 [pool-739-thread-1] INFO  impl.RoleInfo (RoleInfo.java:updateAndGet(143)) - 7b940994-b04a-41d7-acb3-b4567a89b926: start FollowerState
2019-10-01 12:43:54,353 [pool-739-thread-1] INFO  util.JmxRegister (JmxRegister.java:tryRegister(44)) - Successfully registered JMX Bean with object name Ratis:service=RaftServer,group=group-E4667749EEF2,id=7b940994-b04a-41d7-acb3-b4567a89b926
2019-10-01 12:43:54,356 [RatisPipelineUtilsThread] INFO  pipeline.PipelineStateManager (PipelineStateManager.java:addPipeline(56)) - Created pipeline Pipeline[ Id: ec576d98-9868-4250-bbe2-e4667749eef2, Nodes: 7b940994-b04a-41d7-acb3-b4567a89b926{ip: 192.168.30.18, host: pr-hdds-2199-dnstouuidmap-6cjbd-2468009341, networkLocation: /default-rack, certSerialId: null}, Type:RATIS, Factor:ONE, State:OPEN]
2019-10-01 12:43:54,362 [grpc-default-executor-9] INFO  impl.RaftServerProxy (RaftServerProxy.java:addNew(89)) - c8f8b3b4-ca50-4e06-a1e9-219b85e49e11: addNew group-5DFEED9D924A:[c8f8b3b4-ca50-4e06-a1e9-219b85e49e11:192.168.30.18:35222] returns group-5DFEED9D924A:java.util.concurrent.CompletableFuture@1b707632[Not completed]
2019-10-01 12:43:54,363 [pool-709-thread-1] INFO  impl.RaftServerImpl (RaftServerImpl.java:<init>(95)) - c8f8b3b4-ca50-4e06-a1e9-219b85e49e11: new RaftServerImpl for group-5DFEED9D924A:[c8f8b3b4-ca50-4e06-a1e9-219b85e49e11:192.168.30.18:35222] with ContainerStateMachine:uninitialized
2019-10-01 12:43:54,364 [pool-709-thread-1] INFO  server.RaftServerConfigKeys (ConfUtils.java:logGet(43)) - raft.server.rpc.timeout.min = 5s (custom)
2019-10-01 12:43:54,364 [pool-709-thread-1] INFO  server.RaftServerConfigKeys (ConfUtils.java:logGet(43)) - raft.server.rpc.timeout.max = 5200ms (custom)
2019-10-01 12:43:54,364 [pool-709-thread-1] INFO  server.RaftServerConfigKeys (ConfUtils.java:logGet(43)) - raft.server.rpcslowness.timeout = 120s (custom)
2019-10-01 12:43:54,364 [pool-709-thread-1] INFO  server.RaftServerConfigKeys (ConfUtils.java:logGet(43)) - raft.server.sleep.deviation.threshold = 300 (default)
2019-10-01 12:43:54,364 [pool-709-thread-1] INFO  server.RaftServerConfigKeys (ConfUtils.java:logGet(43)) - raft.server.log.appender.install.snapshot.enabled = false (custom)
2019-10-01 12:43:54,364 [pool-709-thread-1] INFO  impl.RaftServerImpl (ServerState.java:<init>(103)) - c8f8b3b4-ca50-4e06-a1e9-219b85e49e11@group-5DFEED9D924A: ConfigurationManager, init=-1: [c8f8b3b4-ca50-4e06-a1e9-219b85e49e11:192.168.30.18:35222], old=null, confs=<EMPTY_MAP>
2019-10-01 12:43:54,364 [pool-709-thread-1] INFO  server.RaftServerConfigKeys (ConfUtils.java:logGet(43)) - raft.server.storage.dir = [/workdir/hadoop-ozone/integration-test/target/test-dir/MiniOzoneClusterImpl-54047bbe-a4d0-46f5-93a6-5a04f7d29f94/datanode-3/data/ratis] (custom)
2019-10-01 12:43:54,365 [pool-709-thread-1] INFO  server.RaftServerConfigKeys (ConfUtils.java:logGet(43)) - raft.server.log.corruption.policy = EXCEPTION (default)
2019-10-01 12:43:54,365 [pool-709-thread-1] INFO  storage.RaftStorageDirectory (RaftStorageDirectory.java:analyzeStorage(246)) - The storage directory /workdir/hadoop-ozone/integration-test/target/test-dir/MiniOzoneClusterImpl-54047bbe-a4d0-46f5-93a6-5a04f7d29f94/datanode-3/data/ratis/6acac371-f781-453f-8e7b-5dfeed9d924a does not exist. Creating ...
2019-10-01 12:43:54,388 [pool-709-thread-1] INFO  storage.RaftStorageDirectory (RaftStorageDirectory.java:tryLock(328)) - Lock on /workdir/hadoop-ozone/integration-test/target/test-dir/MiniOzoneClusterImpl-54047bbe-a4d0-46f5-93a6-5a04f7d29f94/datanode-3/data/ratis/6acac371-f781-453f-8e7b-5dfeed9d924a/in_use.lock acquired by nodename 19447@pr-hdds-2199-dnstouuidmap-6cjbd-2468009341
2019-10-01 12:43:54,405 [pool-709-thread-1] INFO  storage.RaftStorage (RaftStorage.java:format(84)) - Storage directory /workdir/hadoop-ozone/integration-test/target/test-dir/MiniOzoneClusterImpl-54047bbe-a4d0-46f5-93a6-5a04f7d29f94/datanode-3/data/ratis/6acac371-f781-453f-8e7b-5dfeed9d924a has been successfully formatted.
2019-10-01 12:43:54,406 [pool-709-thread-1] INFO  ratis.ContainerStateMachine (ContainerStateMachine.java:loadSnapshot(230)) - group-5DFEED9D924A: The snapshot info is null. Setting the last applied indexto:(t:0, i:~)
2019-10-01 12:43:54,406 [pool-709-thread-1] INFO  server.RaftServerConfigKeys (ConfUtils.java:logGet(43)) - raft.server.notification.no-leader.timeout = 120s (custom)
2019-10-01 12:43:54,406 [pool-709-thread-1] INFO  server.RaftServerConfigKeys (ConfUtils.java:logGet(43)) - raft.server.log.use.memory = false (default)
2019-10-01 12:43:54,406 [pool-709-thread-1] INFO  server.RaftServerConfigKeys (ConfUtils.java:logGet(43)) - raft.server.log.purge.gap = 1000000 (custom)
2019-10-01 12:43:54,406 [pool-709-thread-1] INFO  server.RaftServerConfigKeys (ConfUtils.java:logGet(43)) - raft.server.log.appender.buffer.byte-limit = 33554432 (custom)
2019-10-01 12:43:54,406 [pool-709-thread-1] INFO  server.RaftServerConfigKeys (ConfUtils.java:logGet(43)) - raft.server.log.segment.size.max = 1048576 (custom)
2019-10-01 12:43:54,408 [pool-709-thread-1] INFO  server.RaftServerConfigKeys (ConfUtils.java:logGet(43)) - raft.server.log.segment.cache.num.max = 2 (custom)
2019-10-01 12:43:54,408 [pool-709-thread-1] INFO  segmented.SegmentedRaftLogWorker (SegmentedRaftLogWorker.java:<init>(173)) - new c8f8b3b4-ca50-4e06-a1e9-219b85e49e11@group-5DFEED9D924A-SegmentedRaftLogWorker for RaftStorage:Storage Directory /workdir/hadoop-ozone/integration-test/target/test-dir/MiniOzoneClusterImpl-54047bbe-a4d0-46f5-93a6-5a04f7d29f94/datanode-3/data/ratis/6acac371-f781-453f-8e7b-5dfeed9d924a
2019-10-01 12:43:54,408 [pool-709-thread-1] INFO  server.RaftServerConfigKeys (ConfUtils.java:logGet(43)) - raft.server.log.queue.byte-limit = 2147483647 (custom)
2019-10-01 12:43:54,408 [pool-709-thread-1] INFO  server.RaftServerConfigKeys (ConfUtils.java:logGet(43)) - raft.server.log.queue.element-limit = 1024 (custom)
2019-10-01 12:43:54,408 [pool-709-thread-1] INFO  server.RaftServerConfigKeys (ConfUtils.java:logGet(43)) - raft.server.log.segment.size.max = 1048576 (custom)
2019-10-01 12:43:54,408 [pool-709-thread-1] INFO  server.RaftServerConfigKeys (ConfUtils.java:logGet(43)) - raft.server.log.preallocated.size = 16384 (custom)
2019-10-01 12:43:54,409 [pool-709-thread-1] INFO  server.RaftServerConfigKeys (ConfUtils.java:logGet(43)) - raft.server.log.write.buffer.size = 33554432 (custom)
2019-10-01 12:43:54,409 [pool-709-thread-1] INFO  server.RaftServerConfigKeys (ConfUtils.java:logGet(43)) - raft.server.log.force.sync.num = 128 (default)
2019-10-01 12:43:54,409 [pool-709-thread-1] INFO  server.RaftServerConfigKeys (ConfUtils.java:logGet(43)) - raft.server.log.statemachine.data.sync = true (default)
2019-10-01 12:43:54,409 [pool-709-thread-1] INFO  server.RaftServerConfigKeys (ConfUtils.java:logGet(43)) - raft.server.log.statemachine.data.sync.timeout = 10s (default)
2019-10-01 12:43:54,409 [pool-709-thread-1] INFO  server.RaftServerConfigKeys (ConfUtils.java:logGet(43)) - raft.server.log.statemachine.data.sync.timeout.retry = -1 (default)
2019-10-01 12:43:54,409 [pool-709-thread-1] INFO  server.RaftServerConfigKeys (ConfUtils.java:logGet(43)) - raft.server.log.statemachine.data.caching.enabled = true (custom)
2019-10-01 12:43:54,410 [pool-709-thread-1] INFO  segmented.SegmentedRaftLogWorker (SegmentedRaftLogWorker.java:lambda$new$0(128)) - c8f8b3b4-ca50-4e06-a1e9-219b85e49e11@group-5DFEED9D924A-SegmentedRaftLogWorker: flushIndex: setUnconditionally 0 -> -1
2019-10-01 12:43:54,410 [pool-709-thread-1] INFO  server.RaftServerConfigKeys (ConfUtils.java:logGet(43)) - raft.server.snapshot.auto.trigger.enabled = true (custom)
2019-10-01 12:43:54,410 [pool-709-thread-1] INFO  server.RaftServerConfigKeys (ConfUtils.java:logGet(43)) - raft.server.snapshot.auto.trigger.threshold = 10000 (custom)
2019-10-01 12:43:54,410 [pool-709-thread-1] INFO  server.RaftServerConfigKeys (ConfUtils.java:logGet(43)) - raft.server.snapshot.retention.file.num = 5 (custom)
2019-10-01 12:43:54,410 [pool-709-thread-1] INFO  server.RaftServerConfigKeys (ConfUtils.java:logGet(43)) - raft.server.retrycache.expirytime = 600000ms (custom)
2019-10-01 12:43:54,412 [pool-709-thread-1] INFO  impl.RaftServerImpl (RaftServerImpl.java:start(181)) - c8f8b3b4-ca50-4e06-a1e9-219b85e49e11@group-5DFEED9D924A: start as a follower, conf=-1: [c8f8b3b4-ca50-4e06-a1e9-219b85e49e11:192.168.30.18:35222], old=null
2019-10-01 12:43:54,412 [pool-709-thread-1] INFO  impl.RaftServerImpl (RaftServerImpl.java:setRole(170)) - c8f8b3b4-ca50-4e06-a1e9-219b85e49e11@group-5DFEED9D924A: changes role from      null to FOLLOWER at term 0 for startAsFollower
2019-10-01 12:43:54,412 [pool-709-thread-1] INFO  impl.RoleInfo (RoleInfo.java:updateAndGet(143)) - c8f8b3b4-ca50-4e06-a1e9-219b85e49e11: start FollowerState
2019-10-01 12:43:54,412 [pool-709-thread-1] INFO  util.JmxRegister (JmxRegister.java:tryRegister(44)) - Successfully registered JMX Bean with object name Ratis:service=RaftServer,group=group-5DFEED9D924A,id=c8f8b3b4-ca50-4e06-a1e9-219b85e49e11
2019-10-01 12:43:54,415 [RatisPipelineUtilsThread] INFO  pipeline.PipelineStateManager (PipelineStateManager.java:addPipeline(56)) - Created pipeline Pipeline[ Id: 6acac371-f781-453f-8e7b-5dfeed9d924a, Nodes: c8f8b3b4-ca50-4e06-a1e9-219b85e49e11{ip: 192.168.30.18, host: pr-hdds-2199-dnstouuidmap-6cjbd-2468009341, networkLocation: /default-rack, certSerialId: null}, Type:RATIS, Factor:ONE, State:OPEN]
2019-10-01 12:43:54,432 [grpc-default-executor-9] INFO  impl.RaftServerProxy (RaftServerProxy.java:addNew(89)) - 89c73eeb-e99a-4ead-a178-f5fc4a551541: addNew group-0A671898226B:[bc7b43ce-939d-49b7-851e-984e78d74e21:192.168.30.18:34159, 89c73eeb-e99a-4ead-a178-f5fc4a551541:192.168.30.18:41541, 7b940994-b04a-41d7-acb3-b4567a89b926:192.168.30.18:42925] returns group-0A671898226B:java.util.concurrent.CompletableFuture@65aacaf5[Not completed]
2019-10-01 12:43:54,432 [grpc-default-executor-8] INFO  impl.RaftServerProxy (RaftServerProxy.java:addNew(89)) - 7b940994-b04a-41d7-acb3-b4567a89b926: addNew group-0A671898226B:[bc7b43ce-939d-49b7-851e-984e78d74e21:192.168.30.18:34159, 89c73eeb-e99a-4ead-a178-f5fc4a551541:192.168.30.18:41541, 7b940994-b04a-41d7-acb3-b4567a89b926:192.168.30.18:42925] returns group-0A671898226B:java.util.concurrent.CompletableFuture@7da6573e[Not completed]
2019-10-01 12:43:54,432 [grpc-default-executor-4] INFO  impl.RaftServerProxy (RaftServerProxy.java:addNew(89)) - bc7b43ce-939d-49b7-851e-984e78d74e21: addNew group-0A671898226B:[bc7b43ce-939d-49b7-851e-984e78d74e21:192.168.30.18:34159, 89c73eeb-e99a-4ead-a178-f5fc4a551541:192.168.30.18:41541, 7b940994-b04a-41d7-acb3-b4567a89b926:192.168.30.18:42925] returns group-0A671898226B:java.util.concurrent.CompletableFuture@5a341a68[Not completed]
2019-10-01 12:43:54,433 [pool-729-thread-1] INFO  impl.RaftServerImpl (RaftServerImpl.java:<init>(95)) - bc7b43ce-939d-49b7-851e-984e78d74e21: new RaftServerImpl for group-0A671898226B:[bc7b43ce-939d-49b7-851e-984e78d74e21:192.168.30.18:34159, 89c73eeb-e99a-4ead-a178-f5fc4a551541:192.168.30.18:41541, 7b940994-b04a-41d7-acb3-b4567a89b926:192.168.30.18:42925] with ContainerStateMachine:uninitialized
2019-10-01 12:43:54,433 [pool-729-thread-1] INFO  server.RaftServerConfigKeys (ConfUtils.java:logGet(43)) - raft.server.rpc.timeout.min = 5s (custom)
2019-10-01 12:43:54,433 [pool-729-thread-1] INFO  server.RaftServerConfigKeys (ConfUtils.java:logGet(43)) - raft.server.rpc.timeout.max = 5200ms (custom)
2019-10-01 12:43:54,433 [pool-739-thread-1] INFO  impl.RaftServerImpl (RaftServerImpl.java:<init>(95)) - 7b940994-b04a-41d7-acb3-b4567a89b926: new RaftServerImpl for group-0A671898226B:[bc7b43ce-939d-49b7-851e-984e78d74e21:192.168.30.18:34159, 89c73eeb-e99a-4ead-a178-f5fc4a551541:192.168.30.18:41541, 7b940994-b04a-41d7-acb3-b4567a89b926:192.168.30.18:42925] with ContainerStateMachine:uninitialized
2019-10-01 12:43:54,433 [pool-729-thread-1] INFO  server.RaftServerConfigKeys (ConfUtils.java:logGet(43)) - raft.server.rpcslowness.timeout = 120s (custom)
2019-10-01 12:43:54,433 [pool-739-thread-1] INFO  server.RaftServerConfigKeys (ConfUtils.java:logGet(43)) - raft.server.rpc.timeout.min = 5s (custom)
2019-10-01 12:43:54,433 [pool-719-thread-1] INFO  impl.RaftServerImpl (RaftServerImpl.java:<init>(95)) - 89c73eeb-e99a-4ead-a178-f5fc4a551541: new RaftServerImpl for group-0A671898226B:[bc7b43ce-939d-49b7-851e-984e78d74e21:192.168.30.18:34159, 89c73eeb-e99a-4ead-a178-f5fc4a551541:192.168.30.18:41541, 7b940994-b04a-41d7-acb3-b4567a89b926:192.168.30.18:42925] with ContainerStateMachine:uninitialized
2019-10-01 12:43:54,433 [pool-729-thread-1] INFO  server.RaftServerConfigKeys (ConfUtils.java:logGet(43)) - raft.server.sleep.deviation.threshold = 300 (default)
2019-10-01 12:43:54,433 [pool-719-thread-1] INFO  server.RaftServerConfigKeys (ConfUtils.java:logGet(43)) - raft.server.rpc.timeout.min = 5s (custom)
2019-10-01 12:43:54,433 [pool-739-thread-1] INFO  server.RaftServerConfigKeys (ConfUtils.java:logGet(43)) - raft.server.rpc.timeout.max = 5200ms (custom)
2019-10-01 12:43:54,434 [pool-719-thread-1] INFO  server.RaftServerConfigKeys (ConfUtils.java:logGet(43)) - raft.server.rpc.timeout.max = 5200ms (custom)
2019-10-01 12:43:54,433 [pool-729-thread-1] INFO  server.RaftServerConfigKeys (ConfUtils.java:logGet(43)) - raft.server.log.appender.install.snapshot.enabled = false (custom)
2019-10-01 12:43:54,434 [pool-719-thread-1] INFO  server.RaftServerConfigKeys (ConfUtils.java:logGet(43)) - raft.server.rpcslowness.timeout = 120s (custom)
2019-10-01 12:43:54,434 [pool-739-thread-1] INFO  server.RaftServerConfigKeys (ConfUtils.java:logGet(43)) - raft.server.rpcslowness.timeout = 120s (custom)
2019-10-01 12:43:54,434 [pool-719-thread-1] INFO  server.RaftServerConfigKeys (ConfUtils.java:logGet(43)) - raft.server.sleep.deviation.threshold = 300 (default)
2019-10-01 12:43:54,434 [pool-729-thread-1] INFO  impl.RaftServerImpl (ServerState.java:<init>(103)) - bc7b43ce-939d-49b7-851e-984e78d74e21@group-0A671898226B: ConfigurationManager, init=-1: [bc7b43ce-939d-49b7-851e-984e78d74e21:192.168.30.18:34159, 89c73eeb-e99a-4ead-a178-f5fc4a551541:192.168.30.18:41541, 7b940994-b04a-41d7-acb3-b4567a89b926:192.168.30.18:42925], old=null, confs=<EMPTY_MAP>
2019-10-01 12:43:54,434 [pool-719-thread-1] INFO  server.RaftServerConfigKeys (ConfUtils.java:logGet(43)) - raft.server.log.appender.install.snapshot.enabled = false (custom)
2019-10-01 12:43:54,434 [pool-739-thread-1] INFO  server.RaftServerConfigKeys (ConfUtils.java:logGet(43)) - raft.server.sleep.deviation.threshold = 300 (default)
2019-10-01 12:43:54,434 [pool-719-thread-1] INFO  impl.RaftServerImpl (ServerState.java:<init>(103)) - 89c73eeb-e99a-4ead-a178-f5fc4a551541@group-0A671898226B: ConfigurationManager, init=-1: [bc7b43ce-939d-49b7-851e-984e78d74e21:192.168.30.18:34159, 89c73eeb-e99a-4ead-a178-f5fc4a551541:192.168.30.18:41541, 7b940994-b04a-41d7-acb3-b4567a89b926:192.168.30.18:42925], old=null, confs=<EMPTY_MAP>
2019-10-01 12:43:54,434 [pool-729-thread-1] INFO  server.RaftServerConfigKeys (ConfUtils.java:logGet(43)) - raft.server.storage.dir = [/workdir/hadoop-ozone/integration-test/target/test-dir/MiniOzoneClusterImpl-54047bbe-a4d0-46f5-93a6-5a04f7d29f94/datanode-5/data/ratis] (custom)
2019-10-01 12:43:54,434 [pool-719-thread-1] INFO  server.RaftServerConfigKeys (ConfUtils.java:logGet(43)) - raft.server.storage.dir = [/workdir/hadoop-ozone/integration-test/target/test-dir/MiniOzoneClusterImpl-54047bbe-a4d0-46f5-93a6-5a04f7d29f94/datanode-4/data/ratis] (custom)
2019-10-01 12:43:54,434 [pool-739-thread-1] INFO  server.RaftServerConfigKeys (ConfUtils.java:logGet(43)) - raft.server.log.appender.install.snapshot.enabled = false (custom)
2019-10-01 12:43:54,435 [pool-729-thread-1] INFO  server.RaftServerConfigKeys (ConfUtils.java:logGet(43)) - raft.server.log.corruption.policy = EXCEPTION (default)
2019-10-01 12:43:54,435 [pool-719-thread-1] INFO  server.RaftServerConfigKeys (ConfUtils.java:logGet(43)) - raft.server.log.corruption.policy = EXCEPTION (default)
2019-10-01 12:43:54,435 [pool-739-thread-1] INFO  impl.RaftServerImpl (ServerState.java:<init>(103)) - 7b940994-b04a-41d7-acb3-b4567a89b926@group-0A671898226B: ConfigurationManager, init=-1: [bc7b43ce-939d-49b7-851e-984e78d74e21:192.168.30.18:34159, 89c73eeb-e99a-4ead-a178-f5fc4a551541:192.168.30.18:41541, 7b940994-b04a-41d7-acb3-b4567a89b926:192.168.30.18:42925], old=null, confs=<EMPTY_MAP>
2019-10-01 12:43:54,435 [pool-719-thread-1] INFO  storage.RaftStorageDirectory (RaftStorageDirectory.java:analyzeStorage(246)) - The storage directory /workdir/hadoop-ozone/integration-test/target/test-dir/MiniOzoneClusterImpl-54047bbe-a4d0-46f5-93a6-5a04f7d29f94/datanode-4/data/ratis/4e593b69-8a6b-4516-a9b5-0a671898226b does not exist. Creating ...
2019-10-01 12:43:54,435 [pool-739-thread-1] INFO  server.RaftServerConfigKeys (ConfUtils.java:logGet(43)) - raft.server.storage.dir = [/workdir/hadoop-ozone/integration-test/target/test-dir/MiniOzoneClusterImpl-54047bbe-a4d0-46f5-93a6-5a04f7d29f94/datanode-6/data/ratis] (custom)
2019-10-01 12:43:54,435 [pool-729-thread-1] INFO  storage.RaftStorageDirectory (RaftStorageDirectory.java:analyzeStorage(246)) - The storage directory /workdir/hadoop-ozone/integration-test/target/test-dir/MiniOzoneClusterImpl-54047bbe-a4d0-46f5-93a6-5a04f7d29f94/datanode-5/data/ratis/4e593b69-8a6b-4516-a9b5-0a671898226b does not exist. Creating ...
2019-10-01 12:43:54,435 [pool-739-thread-1] INFO  server.RaftServerConfigKeys (ConfUtils.java:logGet(43)) - raft.server.log.corruption.policy = EXCEPTION (default)
2019-10-01 12:43:54,435 [pool-739-thread-1] INFO  storage.RaftStorageDirectory (RaftStorageDirectory.java:analyzeStorage(246)) - The storage directory /workdir/hadoop-ozone/integration-test/target/test-dir/MiniOzoneClusterImpl-54047bbe-a4d0-46f5-93a6-5a04f7d29f94/datanode-6/data/ratis/4e593b69-8a6b-4516-a9b5-0a671898226b does not exist. Creating ...
2019-10-01 12:43:54,464 [pool-739-thread-1] INFO  storage.RaftStorageDirectory (RaftStorageDirectory.java:tryLock(328)) - Lock on /workdir/hadoop-ozone/integration-test/target/test-dir/MiniOzoneClusterImpl-54047bbe-a4d0-46f5-93a6-5a04f7d29f94/datanode-6/data/ratis/4e593b69-8a6b-4516-a9b5-0a671898226b/in_use.lock acquired by nodename 19447@pr-hdds-2199-dnstouuidmap-6cjbd-2468009341
2019-10-01 12:43:54,464 [pool-719-thread-1] INFO  storage.RaftStorageDirectory (RaftStorageDirectory.java:tryLock(328)) - Lock on /workdir/hadoop-ozone/integration-test/target/test-dir/MiniOzoneClusterImpl-54047bbe-a4d0-46f5-93a6-5a04f7d29f94/datanode-4/data/ratis/4e593b69-8a6b-4516-a9b5-0a671898226b/in_use.lock acquired by nodename 19447@pr-hdds-2199-dnstouuidmap-6cjbd-2468009341
2019-10-01 12:43:54,464 [pool-729-thread-1] INFO  storage.RaftStorageDirectory (RaftStorageDirectory.java:tryLock(328)) - Lock on /workdir/hadoop-ozone/integration-test/target/test-dir/MiniOzoneClusterImpl-54047bbe-a4d0-46f5-93a6-5a04f7d29f94/datanode-5/data/ratis/4e593b69-8a6b-4516-a9b5-0a671898226b/in_use.lock acquired by nodename 19447@pr-hdds-2199-dnstouuidmap-6cjbd-2468009341
2019-10-01 12:43:54,490 [pool-739-thread-1] INFO  storage.RaftStorage (RaftStorage.java:format(84)) - Storage directory /workdir/hadoop-ozone/integration-test/target/test-dir/MiniOzoneClusterImpl-54047bbe-a4d0-46f5-93a6-5a04f7d29f94/datanode-6/data/ratis/4e593b69-8a6b-4516-a9b5-0a671898226b has been successfully formatted.
2019-10-01 12:43:54,490 [pool-719-thread-1] INFO  storage.RaftStorage (RaftStorage.java:format(84)) - Storage directory /workdir/hadoop-ozone/integration-test/target/test-dir/MiniOzoneClusterImpl-54047bbe-a4d0-46f5-93a6-5a04f7d29f94/datanode-4/data/ratis/4e593b69-8a6b-4516-a9b5-0a671898226b has been successfully formatted.
2019-10-01 12:43:54,490 [pool-729-thread-1] INFO  storage.RaftStorage (RaftStorage.java:format(84)) - Storage directory /workdir/hadoop-ozone/integration-test/target/test-dir/MiniOzoneClusterImpl-54047bbe-a4d0-46f5-93a6-5a04f7d29f94/datanode-5/data/ratis/4e593b69-8a6b-4516-a9b5-0a671898226b has been successfully formatted.
2019-10-01 12:43:54,491 [pool-719-thread-1] INFO  ratis.ContainerStateMachine (ContainerStateMachine.java:loadSnapshot(230)) - group-0A671898226B: The snapshot info is null. Setting the last applied indexto:(t:0, i:~)
2019-10-01 12:43:54,491 [pool-739-thread-1] INFO  ratis.ContainerStateMachine (ContainerStateMachine.java:loadSnapshot(230)) - group-0A671898226B: The snapshot info is null. Setting the last applied indexto:(t:0, i:~)
2019-10-01 12:43:54,491 [pool-719-thread-1] INFO  server.RaftServerConfigKeys (ConfUtils.java:logGet(43)) - raft.server.notification.no-leader.timeout = 120s (custom)
2019-10-01 12:43:54,491 [pool-729-thread-1] INFO  ratis.ContainerStateMachine (ContainerStateMachine.java:loadSnapshot(230)) - group-0A671898226B: The snapshot info is null. Setting the last applied indexto:(t:0, i:~)
2019-10-01 12:43:54,491 [pool-719-thread-1] INFO  server.RaftServerConfigKeys (ConfUtils.java:logGet(43)) - raft.server.log.use.memory = false (default)
2019-10-01 12:43:54,491 [pool-739-thread-1] INFO  server.RaftServerConfigKeys (ConfUtils.java:logGet(43)) - raft.server.notification.no-leader.timeout = 120s (custom)
2019-10-01 12:43:54,491 [pool-719-thread-1] INFO  server.RaftServerConfigKeys (ConfUtils.java:logGet(43)) - raft.server.log.purge.gap = 1000000 (custom)
2019-10-01 12:43:54,491 [pool-729-thread-1] INFO  server.RaftServerConfigKeys (ConfUtils.java:logGet(43)) - raft.server.notification.no-leader.timeout = 120s (custom)
2019-10-01 12:43:54,492 [pool-719-thread-1] INFO  server.RaftServerConfigKeys (ConfUtils.java:logGet(43)) - raft.server.log.appender.buffer.byte-limit = 33554432 (custom)
2019-10-01 12:43:54,491 [pool-739-thread-1] INFO  server.RaftServerConfigKeys (ConfUtils.java:logGet(43)) - raft.server.log.use.memory = false (default)
2019-10-01 12:43:54,492 [pool-719-thread-1] INFO  server.RaftServerConfigKeys (ConfUtils.java:logGet(43)) - raft.server.log.segment.size.max = 1048576 (custom)
2019-10-01 12:43:54,492 [pool-729-thread-1] INFO  server.RaftServerConfigKeys (ConfUtils.java:logGet(43)) - raft.server.log.use.memory = false (default)
2019-10-01 12:43:54,492 [pool-719-thread-1] INFO  server.RaftServerConfigKeys (ConfUtils.java:logGet(43)) - raft.server.log.segment.cache.num.max = 2 (custom)
2019-10-01 12:43:54,492 [pool-739-thread-1] INFO  server.RaftServerConfigKeys (ConfUtils.java:logGet(43)) - raft.server.log.purge.gap = 1000000 (custom)
2019-10-01 12:43:54,493 [pool-719-thread-1] INFO  segmented.SegmentedRaftLogWorker (SegmentedRaftLogWorker.java:<init>(173)) - new 89c73eeb-e99a-4ead-a178-f5fc4a551541@group-0A671898226B-SegmentedRaftLogWorker for RaftStorage:Storage Directory /workdir/hadoop-ozone/integration-test/target/test-dir/MiniOzoneClusterImpl-54047bbe-a4d0-46f5-93a6-5a04f7d29f94/datanode-4/data/ratis/4e593b69-8a6b-4516-a9b5-0a671898226b
2019-10-01 12:43:54,492 [pool-729-thread-1] INFO  server.RaftServerConfigKeys (ConfUtils.java:logGet(43)) - raft.server.log.purge.gap = 1000000 (custom)
2019-10-01 12:43:54,493 [pool-719-thread-1] INFO  server.RaftServerConfigKeys (ConfUtils.java:logGet(43)) - raft.server.log.queue.byte-limit = 2147483647 (custom)
2019-10-01 12:43:54,493 [pool-739-thread-1] INFO  server.RaftServerConfigKeys (ConfUtils.java:logGet(43)) - raft.server.log.appender.buffer.byte-limit = 33554432 (custom)
2019-10-01 12:43:54,493 [pool-719-thread-1] INFO  server.RaftServerConfigKeys (ConfUtils.java:logGet(43)) - raft.server.log.queue.element-limit = 1024 (custom)
2019-10-01 12:43:54,493 [pool-729-thread-1] INFO  server.RaftServerConfigKeys (ConfUtils.java:logGet(43)) - raft.server.log.appender.buffer.byte-limit = 33554432 (custom)
2019-10-01 12:43:54,493 [pool-719-thread-1] INFO  server.RaftServerConfigKeys (ConfUtils.java:logGet(43)) - raft.server.log.segment.size.max = 1048576 (custom)
2019-10-01 12:43:54,493 [pool-739-thread-1] INFO  server.RaftServerConfigKeys (ConfUtils.java:logGet(43)) - raft.server.log.segment.size.max = 1048576 (custom)
2019-10-01 12:43:54,494 [pool-719-thread-1] INFO  server.RaftServerConfigKeys (ConfUtils.java:logGet(43)) - raft.server.log.preallocated.size = 16384 (custom)
2019-10-01 12:43:54,494 [pool-729-thread-1] INFO  server.RaftServerConfigKeys (ConfUtils.java:logGet(43)) - raft.server.log.segment.size.max = 1048576 (custom)
2019-10-01 12:43:54,494 [pool-719-thread-1] INFO  server.RaftServerConfigKeys (ConfUtils.java:logGet(43)) - raft.server.log.write.buffer.size = 33554432 (custom)
2019-10-01 12:43:54,494 [pool-739-thread-1] INFO  server.RaftServerConfigKeys (ConfUtils.java:logGet(43)) - raft.server.log.segment.cache.num.max = 2 (custom)
2019-10-01 12:43:54,494 [pool-719-thread-1] INFO  server.RaftServerConfigKeys (ConfUtils.java:logGet(43)) - raft.server.log.force.sync.num = 128 (default)
2019-10-01 12:43:54,494 [pool-719-thread-1] INFO  server.RaftServerConfigKeys (ConfUtils.java:logGet(43)) - raft.server.log.statemachine.data.sync = true (default)
2019-10-01 12:43:54,495 [pool-719-thread-1] INFO  server.RaftServerConfigKeys (ConfUtils.java:logGet(43)) - raft.server.log.statemachine.data.sync.timeout = 10s (default)
2019-10-01 12:43:54,494 [pool-729-thread-1] INFO  server.RaftServerConfigKeys (ConfUtils.java:logGet(43)) - raft.server.log.segment.cache.num.max = 2 (custom)
2019-10-01 12:43:54,495 [pool-719-thread-1] INFO  server.RaftServerConfigKeys (ConfUtils.java:logGet(43)) - raft.server.log.statemachine.data.sync.timeout.retry = -1 (default)
2019-10-01 12:43:54,494 [pool-739-thread-1] INFO  segmented.SegmentedRaftLogWorker (SegmentedRaftLogWorker.java:<init>(173)) - new 7b940994-b04a-41d7-acb3-b4567a89b926@group-0A671898226B-SegmentedRaftLogWorker for RaftStorage:Storage Directory /workdir/hadoop-ozone/integration-test/target/test-dir/MiniOzoneClusterImpl-54047bbe-a4d0-46f5-93a6-5a04f7d29f94/datanode-6/data/ratis/4e593b69-8a6b-4516-a9b5-0a671898226b
2019-10-01 12:43:54,495 [pool-719-thread-1] INFO  server.RaftServerConfigKeys (ConfUtils.java:logGet(43)) - raft.server.log.statemachine.data.caching.enabled = true (custom)
2019-10-01 12:43:54,495 [pool-729-thread-1] INFO  segmented.SegmentedRaftLogWorker (SegmentedRaftLogWorker.java:<init>(173)) - new bc7b43ce-939d-49b7-851e-984e78d74e21@group-0A671898226B-SegmentedRaftLogWorker for RaftStorage:Storage Directory /workdir/hadoop-ozone/integration-test/target/test-dir/MiniOzoneClusterImpl-54047bbe-a4d0-46f5-93a6-5a04f7d29f94/datanode-5/data/ratis/4e593b69-8a6b-4516-a9b5-0a671898226b
2019-10-01 12:43:54,495 [pool-719-thread-1] INFO  segmented.SegmentedRaftLogWorker (SegmentedRaftLogWorker.java:lambda$new$0(128)) - 89c73eeb-e99a-4ead-a178-f5fc4a551541@group-0A671898226B-SegmentedRaftLogWorker: flushIndex: setUnconditionally 0 -> -1
2019-10-01 12:43:54,495 [pool-739-thread-1] INFO  server.RaftServerConfigKeys (ConfUtils.java:logGet(43)) - raft.server.log.queue.byte-limit = 2147483647 (custom)
2019-10-01 12:43:54,495 [pool-729-thread-1] INFO  server.RaftServerConfigKeys (ConfUtils.java:logGet(43)) - raft.server.log.queue.byte-limit = 2147483647 (custom)
2019-10-01 12:43:54,496 [pool-719-thread-1] INFO  server.RaftServerConfigKeys (ConfUtils.java:logGet(43)) - raft.server.snapshot.auto.trigger.enabled = true (custom)
2019-10-01 12:43:54,496 [pool-739-thread-1] INFO  server.RaftServerConfigKeys (ConfUtils.java:logGet(43)) - raft.server.log.queue.element-limit = 1024 (custom)
2019-10-01 12:43:54,496 [pool-719-thread-1] INFO  server.RaftServerConfigKeys (ConfUtils.java:logGet(43)) - raft.server.snapshot.auto.trigger.threshold = 10000 (custom)
2019-10-01 12:43:54,496 [pool-729-thread-1] INFO  server.RaftServerConfigKeys (ConfUtils.java:logGet(43)) - raft.server.log.queue.element-limit = 1024 (custom)
2019-10-01 12:43:54,496 [pool-719-thread-1] INFO  server.RaftServerConfigKeys (ConfUtils.java:logGet(43)) - raft.server.snapshot.retention.file.num = 5 (custom)
2019-10-01 12:43:54,496 [pool-739-thread-1] INFO  server.RaftServerConfigKeys (ConfUtils.java:logGet(43)) - raft.server.log.segment.size.max = 1048576 (custom)
2019-10-01 12:43:54,497 [pool-719-thread-1] INFO  server.RaftServerConfigKeys (ConfUtils.java:logGet(43)) - raft.server.retrycache.expirytime = 600000ms (custom)
2019-10-01 12:43:54,496 [pool-729-thread-1] INFO  server.RaftServerConfigKeys (ConfUtils.java:logGet(43)) - raft.server.log.segment.size.max = 1048576 (custom)
2019-10-01 12:43:54,497 [pool-739-thread-1] INFO  server.RaftServerConfigKeys (ConfUtils.java:logGet(43)) - raft.server.log.preallocated.size = 16384 (custom)
2019-10-01 12:43:54,497 [pool-729-thread-1] INFO  server.RaftServerConfigKeys (ConfUtils.java:logGet(43)) - raft.server.log.preallocated.size = 16384 (custom)
2019-10-01 12:43:54,497 [pool-739-thread-1] INFO  server.RaftServerConfigKeys (ConfUtils.java:logGet(43)) - raft.server.log.write.buffer.size = 33554432 (custom)
2019-10-01 12:43:54,497 [pool-729-thread-1] INFO  server.RaftServerConfigKeys (ConfUtils.java:logGet(43)) - raft.server.log.write.buffer.size = 33554432 (custom)
2019-10-01 12:43:54,497 [pool-739-thread-1] INFO  server.RaftServerConfigKeys (ConfUtils.java:logGet(43)) - raft.server.log.force.sync.num = 128 (default)
2019-10-01 12:43:54,497 [pool-729-thread-1] INFO  server.RaftServerConfigKeys (ConfUtils.java:logGet(43)) - raft.server.log.force.sync.num = 128 (default)
2019-10-01 12:43:54,498 [pool-739-thread-1] INFO  server.RaftServerConfigKeys (ConfUtils.java:logGet(43)) - raft.server.log.statemachine.data.sync = true (default)
2019-10-01 12:43:54,498 [pool-729-thread-1] INFO  server.RaftServerConfigKeys (ConfUtils.java:logGet(43)) - raft.server.log.statemachine.data.sync = true (default)
2019-10-01 12:43:54,498 [pool-739-thread-1] INFO  server.RaftServerConfigKeys (ConfUtils.java:logGet(43)) - raft.server.log.statemachine.data.sync.timeout = 10s (default)
2019-10-01 12:43:54,498 [pool-729-thread-1] INFO  server.RaftServerConfigKeys (ConfUtils.java:logGet(43)) - raft.server.log.statemachine.data.sync.timeout = 10s (default)
2019-10-01 12:43:54,498 [pool-739-thread-1] INFO  server.RaftServerConfigKeys (ConfUtils.java:logGet(43)) - raft.server.log.statemachine.data.sync.timeout.retry = -1 (default)
2019-10-01 12:43:54,498 [pool-729-thread-1] INFO  server.RaftServerConfigKeys (ConfUtils.java:logGet(43)) - raft.server.log.statemachine.data.sync.timeout.retry = -1 (default)
2019-10-01 12:43:54,498 [pool-719-thread-1] INFO  impl.RaftServerImpl (RaftServerImpl.java:start(181)) - 89c73eeb-e99a-4ead-a178-f5fc4a551541@group-0A671898226B: start as a follower, conf=-1: [bc7b43ce-939d-49b7-851e-984e78d74e21:192.168.30.18:34159, 89c73eeb-e99a-4ead-a178-f5fc4a551541:192.168.30.18:41541, 7b940994-b04a-41d7-acb3-b4567a89b926:192.168.30.18:42925], old=null
2019-10-01 12:43:54,498 [pool-739-thread-1] INFO  server.RaftServerConfigKeys (ConfUtils.java:logGet(43)) - raft.server.log.statemachine.data.caching.enabled = true (custom)
2019-10-01 12:43:54,499 [pool-719-thread-1] INFO  impl.RaftServerImpl (RaftServerImpl.java:setRole(170)) - 89c73eeb-e99a-4ead-a178-f5fc4a551541@group-0A671898226B: changes role from      null to FOLLOWER at term 0 for startAsFollower
2019-10-01 12:43:54,499 [pool-729-thread-1] INFO  server.RaftServerConfigKeys (ConfUtils.java:logGet(43)) - raft.server.log.statemachine.data.caching.enabled = true (custom)
2019-10-01 12:43:54,499 [pool-719-thread-1] INFO  impl.RoleInfo (RoleInfo.java:updateAndGet(143)) - 89c73eeb-e99a-4ead-a178-f5fc4a551541: start FollowerState
2019-10-01 12:43:54,499 [pool-739-thread-1] INFO  segmented.SegmentedRaftLogWorker (SegmentedRaftLogWorker.java:lambda$new$0(128)) - 7b940994-b04a-41d7-acb3-b4567a89b926@group-0A671898226B-SegmentedRaftLogWorker: flushIndex: setUnconditionally 0 -> -1
2019-10-01 12:43:54,499 [pool-729-thread-1] INFO  segmented.SegmentedRaftLogWorker (SegmentedRaftLogWorker.java:lambda$new$0(128)) - bc7b43ce-939d-49b7-851e-984e78d74e21@group-0A671898226B-SegmentedRaftLogWorker: flushIndex: setUnconditionally 0 -> -1
2019-10-01 12:43:54,499 [pool-719-thread-1] INFO  util.JmxRegister (JmxRegister.java:tryRegister(44)) - Successfully registered JMX Bean with object name Ratis:service=RaftServer,group=group-0A671898226B,id=89c73eeb-e99a-4ead-a178-f5fc4a551541
2019-10-01 12:43:54,499 [pool-739-thread-1] INFO  server.RaftServerConfigKeys (ConfUtils.java:logGet(43)) - raft.server.snapshot.auto.trigger.enabled = true (custom)
2019-10-01 12:43:54,500 [pool-729-thread-1] INFO  server.RaftServerConfigKeys (ConfUtils.java:logGet(43)) - raft.server.snapshot.auto.trigger.enabled = true (custom)
2019-10-01 12:43:54,500 [pool-739-thread-1] INFO  server.RaftServerConfigKeys (ConfUtils.java:logGet(43)) - raft.server.snapshot.auto.trigger.threshold = 10000 (custom)
2019-10-01 12:43:54,500 [pool-729-thread-1] INFO  server.RaftServerConfigKeys (ConfUtils.java:logGet(43)) - raft.server.snapshot.auto.trigger.threshold = 10000 (custom)
2019-10-01 12:43:54,500 [pool-739-thread-1] INFO  server.RaftServerConfigKeys (ConfUtils.java:logGet(43)) - raft.server.snapshot.retention.file.num = 5 (custom)
2019-10-01 12:43:54,500 [pool-729-thread-1] INFO  server.RaftServerConfigKeys (ConfUtils.java:logGet(43)) - raft.server.snapshot.retention.file.num = 5 (custom)
2019-10-01 12:43:54,500 [pool-739-thread-1] INFO  server.RaftServerConfigKeys (ConfUtils.java:logGet(43)) - raft.server.retrycache.expirytime = 600000ms (custom)
2019-10-01 12:43:54,500 [pool-729-thread-1] INFO  server.RaftServerConfigKeys (ConfUtils.java:logGet(43)) - raft.server.retrycache.expirytime = 600000ms (custom)
2019-10-01 12:43:54,503 [pool-739-thread-1] INFO  impl.RaftServerImpl (RaftServerImpl.java:start(181)) - 7b940994-b04a-41d7-acb3-b4567a89b926@group-0A671898226B: start as a follower, conf=-1: [bc7b43ce-939d-49b7-851e-984e78d74e21:192.168.30.18:34159, 89c73eeb-e99a-4ead-a178-f5fc4a551541:192.168.30.18:41541, 7b940994-b04a-41d7-acb3-b4567a89b926:192.168.30.18:42925], old=null
2019-10-01 12:43:54,503 [pool-739-thread-1] INFO  impl.RaftServerImpl (RaftServerImpl.java:setRole(170)) - 7b940994-b04a-41d7-acb3-b4567a89b926@group-0A671898226B: changes role from      null to FOLLOWER at term 0 for startAsFollower
2019-10-01 12:43:54,503 [pool-739-thread-1] INFO  impl.RoleInfo (RoleInfo.java:updateAndGet(143)) - 7b940994-b04a-41d7-acb3-b4567a89b926: start FollowerState
2019-10-01 12:43:54,503 [pool-729-thread-1] INFO  impl.RaftServerImpl (RaftServerImpl.java:start(181)) - bc7b43ce-939d-49b7-851e-984e78d74e21@group-0A671898226B: start as a follower, conf=-1: [bc7b43ce-939d-49b7-851e-984e78d74e21:192.168.30.18:34159, 89c73eeb-e99a-4ead-a178-f5fc4a551541:192.168.30.18:41541, 7b940994-b04a-41d7-acb3-b4567a89b926:192.168.30.18:42925], old=null
2019-10-01 12:43:54,504 [pool-729-thread-1] INFO  impl.RaftServerImpl (RaftServerImpl.java:setRole(170)) - bc7b43ce-939d-49b7-851e-984e78d74e21@group-0A671898226B: changes role from      null to FOLLOWER at term 0 for startAsFollower
2019-10-01 12:43:54,504 [pool-739-thread-1] INFO  util.JmxRegister (JmxRegister.java:tryRegister(44)) - Successfully registered JMX Bean with object name Ratis:service=RaftServer,group=group-0A671898226B,id=7b940994-b04a-41d7-acb3-b4567a89b926
2019-10-01 12:43:54,504 [pool-729-thread-1] INFO  impl.RoleInfo (RoleInfo.java:updateAndGet(143)) - bc7b43ce-939d-49b7-851e-984e78d74e21: start FollowerState
2019-10-01 12:43:54,504 [pool-729-thread-1] INFO  util.JmxRegister (JmxRegister.java:tryRegister(44)) - Successfully registered JMX Bean with object name Ratis:service=RaftServer,group=group-0A671898226B,id=bc7b43ce-939d-49b7-851e-984e78d74e21
2019-10-01 12:43:54,508 [RatisPipelineUtilsThread] INFO  pipeline.PipelineStateManager (PipelineStateManager.java:addPipeline(56)) - Created pipeline Pipeline[ Id: 4e593b69-8a6b-4516-a9b5-0a671898226b, Nodes: 7b940994-b04a-41d7-acb3-b4567a89b926{ip: 192.168.30.18, host: pr-hdds-2199-dnstouuidmap-6cjbd-2468009341, networkLocation: /default-rack, certSerialId: null}bc7b43ce-939d-49b7-851e-984e78d74e21{ip: 192.168.30.18, host: pr-hdds-2199-dnstouuidmap-6cjbd-2468009341, networkLocation: /default-rack, certSerialId: null}89c73eeb-e99a-4ead-a178-f5fc4a551541{ip: 192.168.30.18, host: pr-hdds-2199-dnstouuidmap-6cjbd-2468009341, networkLocation: /default-rack, certSerialId: null}, Type:RATIS, Factor:THREE, State:OPEN]
2019-10-01 12:43:55,277 [main] INFO  ozone.MiniOzoneClusterImpl (MiniOzoneClusterImpl.java:lambda$waitForClusterToBeReady$0(147)) - Cluster is ready. Got 7 of 7 DN Heartbeats.
2019-10-01 12:43:55,318 [main] INFO  rpc.RpcClient (RpcClient.java:createVolume(276)) - Creating Volume: testblockoutputstream, with jenkins1000 as owner.
2019-10-01 12:43:55,321 [IPC Server handler 1 on 34532] INFO  volume.OMVolumeCreateRequest (OMVolumeCreateRequest.java:validateAndUpdateCache(194)) - created volume:testblockoutputstream for user:jenkins1000
2019-10-01 12:43:55,341 [main] INFO  rpc.RpcClient (RpcClient.java:createBucket(415)) - Creating Bucket: testblockoutputstream/testblockoutputstream, with Versioning false and Storage Type set to DISK and Encryption set to false 
2019-10-01 12:43:56,811 [Thread-4386] INFO  container.ReplicationManager (ReplicationManager.java:start(162)) - Starting Replication Monitor Thread.
2019-10-01 12:43:56,816 [ReplicationMonitor] INFO  container.ReplicationManager (ReplicationManager.java:run(225)) - Replication Monitor Thread took 0 milliseconds for processing 1 containers.
2019-10-01 12:43:58,898 [Thread-4388] INFO  impl.FollowerState (FollowerState.java:run(108)) - d3d96536-50c0-424c-b791-b7211a690396@group-E45917B9D7A1-FollowerState: change to CANDIDATE, lastRpcTime:5010ms, electionTimeout:5010ms
2019-10-01 12:43:58,899 [Thread-4388] INFO  impl.RoleInfo (RoleInfo.java:shutdownFollowerState(121)) - d3d96536-50c0-424c-b791-b7211a690396: shutdown FollowerState
2019-10-01 12:43:58,899 [Thread-4388] INFO  impl.RaftServerImpl (RaftServerImpl.java:setRole(170)) - d3d96536-50c0-424c-b791-b7211a690396@group-E45917B9D7A1: changes role from  FOLLOWER to CANDIDATE at term 0 for changeToCandidate
2019-10-01 12:43:58,899 [Thread-4388] INFO  impl.RoleInfo (RoleInfo.java:updateAndGet(143)) - d3d96536-50c0-424c-b791-b7211a690396: start LeaderElection
2019-10-01 12:43:58,941 [d3d96536-50c0-424c-b791-b7211a690396@group-E45917B9D7A1-LeaderElection98] INFO  impl.LeaderElection (LeaderElection.java:askForVotes(178)) - d3d96536-50c0-424c-b791-b7211a690396@group-E45917B9D7A1-LeaderElection98: begin an election at term 1 for -1: [d3d96536-50c0-424c-b791-b7211a690396:192.168.30.18:44647], old=null
2019-10-01 12:43:58,941 [d3d96536-50c0-424c-b791-b7211a690396@group-E45917B9D7A1-LeaderElection98] INFO  impl.RoleInfo (RoleInfo.java:shutdownLeaderElection(134)) - d3d96536-50c0-424c-b791-b7211a690396: shutdown LeaderElection
2019-10-01 12:43:58,941 [d3d96536-50c0-424c-b791-b7211a690396@group-E45917B9D7A1-LeaderElection98] INFO  impl.RaftServerImpl (RaftServerImpl.java:setRole(170)) - d3d96536-50c0-424c-b791-b7211a690396@group-E45917B9D7A1: changes role from CANDIDATE to LEADER at term 1 for changeToLeader
2019-10-01 12:43:58,941 [d3d96536-50c0-424c-b791-b7211a690396@group-E45917B9D7A1-LeaderElection98] INFO  impl.RaftServerImpl (ServerState.java:setLeader(255)) - d3d96536-50c0-424c-b791-b7211a690396@group-E45917B9D7A1: change Leader from null to d3d96536-50c0-424c-b791-b7211a690396 at term 1 for becomeLeader, leader elected after 5059ms
2019-10-01 12:43:58,941 [d3d96536-50c0-424c-b791-b7211a690396@group-E45917B9D7A1-LeaderElection98] INFO  server.RaftServerConfigKeys (ConfUtils.java:logGet(43)) - raft.server.staging.catchup.gap = 1000 (default)
2019-10-01 12:43:58,942 [d3d96536-50c0-424c-b791-b7211a690396@group-E45917B9D7A1-LeaderElection98] INFO  server.RaftServerConfigKeys (ConfUtils.java:logGet(43)) - raft.server.rpc.sleep.time = 25ms (default)
2019-10-01 12:43:58,942 [d3d96536-50c0-424c-b791-b7211a690396@group-E45917B9D7A1-LeaderElection98] INFO  server.RaftServerConfigKeys (ConfUtils.java:logGet(43)) - raft.server.write.element-limit = 4096 (default)
2019-10-01 12:43:58,942 [d3d96536-50c0-424c-b791-b7211a690396@group-E45917B9D7A1-LeaderElection98] INFO  server.RaftServerConfigKeys (ConfUtils.java:logGet(43)) - raft.server.watch.timeout = 10s (default)
2019-10-01 12:43:58,942 [d3d96536-50c0-424c-b791-b7211a690396@group-E45917B9D7A1-LeaderElection98] INFO  server.RaftServerConfigKeys (ConfUtils.java:logGet(43)) - raft.server.watch.timeout.denomination = 1s (default)
2019-10-01 12:43:58,942 [d3d96536-50c0-424c-b791-b7211a690396@group-E45917B9D7A1-LeaderElection98] INFO  server.RaftServerConfigKeys (ConfUtils.java:logGet(43)) - raft.server.watch.element-limit = 65536 (default)
2019-10-01 12:43:58,944 [d3d96536-50c0-424c-b791-b7211a690396@group-E45917B9D7A1-LeaderElection98] INFO  impl.RoleInfo (RoleInfo.java:updateAndGet(143)) - d3d96536-50c0-424c-b791-b7211a690396: start LeaderState
2019-10-01 12:43:58,944 [d3d96536-50c0-424c-b791-b7211a690396@group-E45917B9D7A1-LeaderElection98] INFO  segmented.SegmentedRaftLogWorker (SegmentedRaftLogWorker.java:startLogSegment(385)) - d3d96536-50c0-424c-b791-b7211a690396@group-E45917B9D7A1-SegmentedRaftLogWorker: Starting segment from index:0
2019-10-01 12:43:58,945 [d3d96536-50c0-424c-b791-b7211a690396@group-E45917B9D7A1-LeaderElection98] INFO  impl.RaftServerImpl (ServerState.java:setRaftConf(356)) - d3d96536-50c0-424c-b791-b7211a690396@group-E45917B9D7A1: set configuration 0: [d3d96536-50c0-424c-b791-b7211a690396:192.168.30.18:44647], old=null at 0
2019-10-01 12:43:59,000 [d3d96536-50c0-424c-b791-b7211a690396@group-E45917B9D7A1-SegmentedRaftLogWorker] INFO  segmented.SegmentedRaftLogWorker (SegmentedRaftLogWorker.java:execute(574)) - d3d96536-50c0-424c-b791-b7211a690396@group-E45917B9D7A1-SegmentedRaftLogWorker: created new log segment /workdir/hadoop-ozone/integration-test/target/test-dir/MiniOzoneClusterImpl-54047bbe-a4d0-46f5-93a6-5a04f7d29f94/datanode-0/data/ratis/b676af3b-4469-4641-a740-e45917b9d7a1/current/log_inprogress_0
2019-10-01 12:43:59,106 [Thread-4391] INFO  impl.FollowerState (FollowerState.java:run(108)) - 1699c8ac-b1ac-4189-87c7-7e52019aab6f@group-2D65B6116651-FollowerState: change to CANDIDATE, lastRpcTime:5150ms, electionTimeout:5150ms
2019-10-01 12:43:59,106 [Thread-4391] INFO  impl.RoleInfo (RoleInfo.java:shutdownFollowerState(121)) - 1699c8ac-b1ac-4189-87c7-7e52019aab6f: shutdown FollowerState
2019-10-01 12:43:59,106 [Thread-4391] INFO  impl.RaftServerImpl (RaftServerImpl.java:setRole(170)) - 1699c8ac-b1ac-4189-87c7-7e52019aab6f@group-2D65B6116651: changes role from  FOLLOWER to CANDIDATE at term 0 for changeToCandidate
2019-10-01 12:43:59,106 [Thread-4391] INFO  impl.RoleInfo (RoleInfo.java:updateAndGet(143)) - 1699c8ac-b1ac-4189-87c7-7e52019aab6f: start LeaderElection
2019-10-01 12:43:59,150 [1699c8ac-b1ac-4189-87c7-7e52019aab6f@group-2D65B6116651-LeaderElection99] INFO  impl.LeaderElection (LeaderElection.java:askForVotes(178)) - 1699c8ac-b1ac-4189-87c7-7e52019aab6f@group-2D65B6116651-LeaderElection99: begin an election at term 1 for -1: [1699c8ac-b1ac-4189-87c7-7e52019aab6f:192.168.30.18:44682], old=null
2019-10-01 12:43:59,150 [1699c8ac-b1ac-4189-87c7-7e52019aab6f@group-2D65B6116651-LeaderElection99] INFO  impl.RoleInfo (RoleInfo.java:shutdownLeaderElection(134)) - 1699c8ac-b1ac-4189-87c7-7e52019aab6f: shutdown LeaderElection
2019-10-01 12:43:59,150 [1699c8ac-b1ac-4189-87c7-7e52019aab6f@group-2D65B6116651-LeaderElection99] INFO  impl.RaftServerImpl (RaftServerImpl.java:setRole(170)) - 1699c8ac-b1ac-4189-87c7-7e52019aab6f@group-2D65B6116651: changes role from CANDIDATE to LEADER at term 1 for changeToLeader
2019-10-01 12:43:59,151 [1699c8ac-b1ac-4189-87c7-7e52019aab6f@group-2D65B6116651-LeaderElection99] INFO  impl.RaftServerImpl (ServerState.java:setLeader(255)) - 1699c8ac-b1ac-4189-87c7-7e52019aab6f@group-2D65B6116651: change Leader from null to 1699c8ac-b1ac-4189-87c7-7e52019aab6f at term 1 for becomeLeader, leader elected after 5201ms
2019-10-01 12:43:59,151 [1699c8ac-b1ac-4189-87c7-7e52019aab6f@group-2D65B6116651-LeaderElection99] INFO  server.RaftServerConfigKeys (ConfUtils.java:logGet(43)) - raft.server.staging.catchup.gap = 1000 (default)
2019-10-01 12:43:59,151 [1699c8ac-b1ac-4189-87c7-7e52019aab6f@group-2D65B6116651-LeaderElection99] INFO  server.RaftServerConfigKeys (ConfUtils.java:logGet(43)) - raft.server.rpc.sleep.time = 25ms (default)
2019-10-01 12:43:59,151 [1699c8ac-b1ac-4189-87c7-7e52019aab6f@group-2D65B6116651-LeaderElection99] INFO  server.RaftServerConfigKeys (ConfUtils.java:logGet(43)) - raft.server.write.element-limit = 4096 (default)
2019-10-01 12:43:59,151 [1699c8ac-b1ac-4189-87c7-7e52019aab6f@group-2D65B6116651-LeaderElection99] INFO  server.RaftServerConfigKeys (ConfUtils.java:logGet(43)) - raft.server.watch.timeout = 10s (default)
2019-10-01 12:43:59,151 [1699c8ac-b1ac-4189-87c7-7e52019aab6f@group-2D65B6116651-LeaderElection99] INFO  server.RaftServerConfigKeys (ConfUtils.java:logGet(43)) - raft.server.watch.timeout.denomination = 1s (default)
2019-10-01 12:43:59,151 [1699c8ac-b1ac-4189-87c7-7e52019aab6f@group-2D65B6116651-LeaderElection99] INFO  server.RaftServerConfigKeys (ConfUtils.java:logGet(43)) - raft.server.watch.element-limit = 65536 (default)
2019-10-01 12:43:59,153 [1699c8ac-b1ac-4189-87c7-7e52019aab6f@group-2D65B6116651-LeaderElection99] INFO  impl.RoleInfo (RoleInfo.java:updateAndGet(143)) - 1699c8ac-b1ac-4189-87c7-7e52019aab6f: start LeaderState
2019-10-01 12:43:59,154 [1699c8ac-b1ac-4189-87c7-7e52019aab6f@group-2D65B6116651-LeaderElection99] INFO  segmented.SegmentedRaftLogWorker (SegmentedRaftLogWorker.java:startLogSegment(385)) - 1699c8ac-b1ac-4189-87c7-7e52019aab6f@group-2D65B6116651-SegmentedRaftLogWorker: Starting segment from index:0
2019-10-01 12:43:59,154 [1699c8ac-b1ac-4189-87c7-7e52019aab6f@group-2D65B6116651-LeaderElection99] INFO  impl.RaftServerImpl (ServerState.java:setRaftConf(356)) - 1699c8ac-b1ac-4189-87c7-7e52019aab6f@group-2D65B6116651: set configuration 0: [1699c8ac-b1ac-4189-87c7-7e52019aab6f:192.168.30.18:44682], old=null at 0
2019-10-01 12:43:59,168 [Thread-4401] INFO  impl.FollowerState (FollowerState.java:run(108)) - 1699c8ac-b1ac-4189-87c7-7e52019aab6f@group-A507E1BBFCBE-FollowerState: change to CANDIDATE, lastRpcTime:5036ms, electionTimeout:5036ms
2019-10-01 12:43:59,168 [Thread-4401] INFO  impl.RoleInfo (RoleInfo.java:shutdownFollowerState(121)) - 1699c8ac-b1ac-4189-87c7-7e52019aab6f: shutdown FollowerState
2019-10-01 12:43:59,169 [Thread-4401] INFO  impl.RaftServerImpl (RaftServerImpl.java:setRole(170)) - 1699c8ac-b1ac-4189-87c7-7e52019aab6f@group-A507E1BBFCBE: changes role from  FOLLOWER to CANDIDATE at term 0 for changeToCandidate
2019-10-01 12:43:59,169 [Thread-4401] INFO  impl.RoleInfo (RoleInfo.java:updateAndGet(143)) - 1699c8ac-b1ac-4189-87c7-7e52019aab6f: start LeaderElection
2019-10-01 12:43:59,181 [Thread-4394] INFO  impl.FollowerState (FollowerState.java:run(108)) - b9fe614c-fc92-49ed-846d-3792d102db8e@group-351FF3C4E3C1-FollowerState: change to CANDIDATE, lastRpcTime:5149ms, electionTimeout:5146ms
2019-10-01 12:43:59,181 [Thread-4397] INFO  impl.FollowerState (FollowerState.java:run(108)) - b9fe614c-fc92-49ed-846d-3792d102db8e@group-A507E1BBFCBE-FollowerState: change to CANDIDATE, lastRpcTime:5054ms, electionTimeout:5050ms
2019-10-01 12:43:59,181 [Thread-4394] INFO  impl.RoleInfo (RoleInfo.java:shutdownFollowerState(121)) - b9fe614c-fc92-49ed-846d-3792d102db8e: shutdown FollowerState
2019-10-01 12:43:59,181 [Thread-4397] INFO  impl.RoleInfo (RoleInfo.java:shutdownFollowerState(121)) - b9fe614c-fc92-49ed-846d-3792d102db8e: shutdown FollowerState
2019-10-01 12:43:59,181 [Thread-4394] INFO  impl.RaftServerImpl (RaftServerImpl.java:setRole(170)) - b9fe614c-fc92-49ed-846d-3792d102db8e@group-351FF3C4E3C1: changes role from  FOLLOWER to CANDIDATE at term 0 for changeToCandidate
2019-10-01 12:43:59,181 [Thread-4397] INFO  impl.RaftServerImpl (RaftServerImpl.java:setRole(170)) - b9fe614c-fc92-49ed-846d-3792d102db8e@group-A507E1BBFCBE: changes role from  FOLLOWER to CANDIDATE at term 0 for changeToCandidate
2019-10-01 12:43:59,185 [Thread-4394] INFO  impl.RoleInfo (RoleInfo.java:updateAndGet(143)) - b9fe614c-fc92-49ed-846d-3792d102db8e: start LeaderElection
2019-10-01 12:43:59,185 [Thread-4397] INFO  impl.RoleInfo (RoleInfo.java:updateAndGet(143)) - b9fe614c-fc92-49ed-846d-3792d102db8e: start LeaderElection
2019-10-01 12:43:59,209 [1699c8ac-b1ac-4189-87c7-7e52019aab6f@group-2D65B6116651-SegmentedRaftLogWorker] INFO  segmented.SegmentedRaftLogWorker (SegmentedRaftLogWorker.java:execute(574)) - 1699c8ac-b1ac-4189-87c7-7e52019aab6f@group-2D65B6116651-SegmentedRaftLogWorker: created new log segment /workdir/hadoop-ozone/integration-test/target/test-dir/MiniOzoneClusterImpl-54047bbe-a4d0-46f5-93a6-5a04f7d29f94/datanode-1/data/ratis/9822987d-5572-4031-ba93-2d65b6116651/current/log_inprogress_0
2019-10-01 12:43:59,221 [Thread-4402] INFO  impl.FollowerState (FollowerState.java:run(108)) - d3d96536-50c0-424c-b791-b7211a690396@group-A507E1BBFCBE-FollowerState: change to CANDIDATE, lastRpcTime:5088ms, electionTimeout:5088ms
2019-10-01 12:43:59,221 [Thread-4402] INFO  impl.RoleInfo (RoleInfo.java:shutdownFollowerState(121)) - d3d96536-50c0-424c-b791-b7211a690396: shutdown FollowerState
2019-10-01 12:43:59,221 [Thread-4402] INFO  impl.RaftServerImpl (RaftServerImpl.java:setRole(170)) - d3d96536-50c0-424c-b791-b7211a690396@group-A507E1BBFCBE: changes role from  FOLLOWER to CANDIDATE at term 0 for changeToCandidate
2019-10-01 12:43:59,221 [Thread-4402] INFO  impl.RoleInfo (RoleInfo.java:updateAndGet(143)) - d3d96536-50c0-424c-b791-b7211a690396: start LeaderElection
2019-10-01 12:43:59,227 [1699c8ac-b1ac-4189-87c7-7e52019aab6f@group-A507E1BBFCBE-LeaderElection100] INFO  impl.LeaderElection (LeaderElection.java:askForVotes(178)) - 1699c8ac-b1ac-4189-87c7-7e52019aab6f@group-A507E1BBFCBE-LeaderElection100: begin an election at term 1 for -1: [b9fe614c-fc92-49ed-846d-3792d102db8e:192.168.30.18:41459, 1699c8ac-b1ac-4189-87c7-7e52019aab6f:192.168.30.18:44682, d3d96536-50c0-424c-b791-b7211a690396:192.168.30.18:44647], old=null
2019-10-01 12:43:59,227 [b9fe614c-fc92-49ed-846d-3792d102db8e@group-351FF3C4E3C1-LeaderElection101] INFO  impl.LeaderElection (LeaderElection.java:askForVotes(178)) - b9fe614c-fc92-49ed-846d-3792d102db8e@group-351FF3C4E3C1-LeaderElection101: begin an election at term 1 for -1: [b9fe614c-fc92-49ed-846d-3792d102db8e:192.168.30.18:41459], old=null
2019-10-01 12:43:59,227 [b9fe614c-fc92-49ed-846d-3792d102db8e@group-A507E1BBFCBE-LeaderElection102] INFO  impl.LeaderElection (LeaderElection.java:askForVotes(178)) - b9fe614c-fc92-49ed-846d-3792d102db8e@group-A507E1BBFCBE-LeaderElection102: begin an election at term 1 for -1: [b9fe614c-fc92-49ed-846d-3792d102db8e:192.168.30.18:41459, 1699c8ac-b1ac-4189-87c7-7e52019aab6f:192.168.30.18:44682, d3d96536-50c0-424c-b791-b7211a690396:192.168.30.18:44647], old=null
2019-10-01 12:43:59,227 [b9fe614c-fc92-49ed-846d-3792d102db8e@group-351FF3C4E3C1-LeaderElection101] INFO  impl.RoleInfo (RoleInfo.java:shutdownLeaderElection(134)) - b9fe614c-fc92-49ed-846d-3792d102db8e: shutdown LeaderElection
2019-10-01 12:43:59,227 [b9fe614c-fc92-49ed-846d-3792d102db8e@group-351FF3C4E3C1-LeaderElection101] INFO  impl.RaftServerImpl (RaftServerImpl.java:setRole(170)) - b9fe614c-fc92-49ed-846d-3792d102db8e@group-351FF3C4E3C1: changes role from CANDIDATE to LEADER at term 1 for changeToLeader
2019-10-01 12:43:59,227 [b9fe614c-fc92-49ed-846d-3792d102db8e@group-351FF3C4E3C1-LeaderElection101] INFO  impl.RaftServerImpl (ServerState.java:setLeader(255)) - b9fe614c-fc92-49ed-846d-3792d102db8e@group-351FF3C4E3C1: change Leader from null to b9fe614c-fc92-49ed-846d-3792d102db8e at term 1 for becomeLeader, leader elected after 5201ms
2019-10-01 12:43:59,227 [b9fe614c-fc92-49ed-846d-3792d102db8e@group-351FF3C4E3C1-LeaderElection101] INFO  server.RaftServerConfigKeys (ConfUtils.java:logGet(43)) - raft.server.staging.catchup.gap = 1000 (default)
2019-10-01 12:43:59,228 [b9fe614c-fc92-49ed-846d-3792d102db8e@group-351FF3C4E3C1-LeaderElection101] INFO  server.RaftServerConfigKeys (ConfUtils.java:logGet(43)) - raft.server.rpc.sleep.time = 25ms (default)
2019-10-01 12:43:59,228 [b9fe614c-fc92-49ed-846d-3792d102db8e@group-351FF3C4E3C1-LeaderElection101] INFO  server.RaftServerConfigKeys (ConfUtils.java:logGet(43)) - raft.server.write.element-limit = 4096 (default)
2019-10-01 12:43:59,228 [b9fe614c-fc92-49ed-846d-3792d102db8e@group-351FF3C4E3C1-LeaderElection101] INFO  server.RaftServerConfigKeys (ConfUtils.java:logGet(43)) - raft.server.watch.timeout = 10s (default)
2019-10-01 12:43:59,230 [b9fe614c-fc92-49ed-846d-3792d102db8e@group-351FF3C4E3C1-LeaderElection101] INFO  server.RaftServerConfigKeys (ConfUtils.java:logGet(43)) - raft.server.watch.timeout.denomination = 1s (default)
2019-10-01 12:43:59,231 [b9fe614c-fc92-49ed-846d-3792d102db8e@group-351FF3C4E3C1-LeaderElection101] INFO  server.RaftServerConfigKeys (ConfUtils.java:logGet(43)) - raft.server.watch.element-limit = 65536 (default)
2019-10-01 12:43:59,232 [b9fe614c-fc92-49ed-846d-3792d102db8e@group-351FF3C4E3C1-LeaderElection101] INFO  impl.RoleInfo (RoleInfo.java:updateAndGet(143)) - b9fe614c-fc92-49ed-846d-3792d102db8e: start LeaderState
2019-10-01 12:43:59,233 [b9fe614c-fc92-49ed-846d-3792d102db8e@group-351FF3C4E3C1-LeaderElection101] INFO  segmented.SegmentedRaftLogWorker (SegmentedRaftLogWorker.java:startLogSegment(385)) - b9fe614c-fc92-49ed-846d-3792d102db8e@group-351FF3C4E3C1-SegmentedRaftLogWorker: Starting segment from index:0
2019-10-01 12:43:59,234 [b9fe614c-fc92-49ed-846d-3792d102db8e@group-351FF3C4E3C1-LeaderElection101] INFO  impl.RaftServerImpl (ServerState.java:setRaftConf(356)) - b9fe614c-fc92-49ed-846d-3792d102db8e@group-351FF3C4E3C1: set configuration 0: [b9fe614c-fc92-49ed-846d-3792d102db8e:192.168.30.18:41459], old=null at 0
2019-10-01 12:43:59,252 [d3d96536-50c0-424c-b791-b7211a690396@group-A507E1BBFCBE-LeaderElection103] INFO  impl.LeaderElection (LeaderElection.java:askForVotes(178)) - d3d96536-50c0-424c-b791-b7211a690396@group-A507E1BBFCBE-LeaderElection103: begin an election at term 1 for -1: [b9fe614c-fc92-49ed-846d-3792d102db8e:192.168.30.18:41459, 1699c8ac-b1ac-4189-87c7-7e52019aab6f:192.168.30.18:44682, d3d96536-50c0-424c-b791-b7211a690396:192.168.30.18:44647], old=null
2019-10-01 12:43:59,252 [1699c8ac-b1ac-4189-87c7-7e52019aab6f@group-A507E1BBFCBE-LeaderElection100] INFO  impl.LeaderElection (LeaderElection.java:logAndReturn(56)) - 1699c8ac-b1ac-4189-87c7-7e52019aab6f@group-A507E1BBFCBE-LeaderElection100: Election REJECTED; received 2 response(s) [1699c8ac-b1ac-4189-87c7-7e52019aab6f<-b9fe614c-fc92-49ed-846d-3792d102db8e#0:FAIL-t1, 1699c8ac-b1ac-4189-87c7-7e52019aab6f<-d3d96536-50c0-424c-b791-b7211a690396#0:FAIL-t1] and 0 exception(s); 1699c8ac-b1ac-4189-87c7-7e52019aab6f@group-A507E1BBFCBE:t1, leader=null, voted=1699c8ac-b1ac-4189-87c7-7e52019aab6f, raftlog=1699c8ac-b1ac-4189-87c7-7e52019aab6f@group-A507E1BBFCBE-SegmentedRaftLog:OPENED:c-1,f-1,i0, conf=-1: [b9fe614c-fc92-49ed-846d-3792d102db8e:192.168.30.18:41459, 1699c8ac-b1ac-4189-87c7-7e52019aab6f:192.168.30.18:44682, d3d96536-50c0-424c-b791-b7211a690396:192.168.30.18:44647], old=null
2019-10-01 12:43:59,252 [b9fe614c-fc92-49ed-846d-3792d102db8e@group-A507E1BBFCBE-LeaderElection102] INFO  impl.LeaderElection (LeaderElection.java:logAndReturn(56)) - b9fe614c-fc92-49ed-846d-3792d102db8e@group-A507E1BBFCBE-LeaderElection102: Election REJECTED; received 2 response(s) [b9fe614c-fc92-49ed-846d-3792d102db8e<-1699c8ac-b1ac-4189-87c7-7e52019aab6f#0:FAIL-t1, b9fe614c-fc92-49ed-846d-3792d102db8e<-d3d96536-50c0-424c-b791-b7211a690396#0:FAIL-t1] and 0 exception(s); b9fe614c-fc92-49ed-846d-3792d102db8e@group-A507E1BBFCBE:t1, leader=null, voted=b9fe614c-fc92-49ed-846d-3792d102db8e, raftlog=b9fe614c-fc92-49ed-846d-3792d102db8e@group-A507E1BBFCBE-SegmentedRaftLog:OPENED:c-1,f-1,i0, conf=-1: [b9fe614c-fc92-49ed-846d-3792d102db8e:192.168.30.18:41459, 1699c8ac-b1ac-4189-87c7-7e52019aab6f:192.168.30.18:44682, d3d96536-50c0-424c-b791-b7211a690396:192.168.30.18:44647], old=null
2019-10-01 12:43:59,253 [1699c8ac-b1ac-4189-87c7-7e52019aab6f@group-A507E1BBFCBE-LeaderElection100] INFO  impl.RaftServerImpl (RaftServerImpl.java:setRole(170)) - 1699c8ac-b1ac-4189-87c7-7e52019aab6f@group-A507E1BBFCBE: changes role from CANDIDATE to FOLLOWER at term 1 for DISCOVERED_A_NEW_TERM
2019-10-01 12:43:59,262 [1699c8ac-b1ac-4189-87c7-7e52019aab6f@group-A507E1BBFCBE-LeaderElection100] INFO  impl.RoleInfo (RoleInfo.java:shutdownLeaderElection(134)) - 1699c8ac-b1ac-4189-87c7-7e52019aab6f: shutdown LeaderElection
2019-10-01 12:43:59,262 [1699c8ac-b1ac-4189-87c7-7e52019aab6f@group-A507E1BBFCBE-LeaderElection100] INFO  impl.RoleInfo (RoleInfo.java:updateAndGet(143)) - 1699c8ac-b1ac-4189-87c7-7e52019aab6f: start FollowerState
2019-10-01 12:43:59,253 [b9fe614c-fc92-49ed-846d-3792d102db8e@group-A507E1BBFCBE-LeaderElection102] INFO  impl.RaftServerImpl (RaftServerImpl.java:setRole(170)) - b9fe614c-fc92-49ed-846d-3792d102db8e@group-A507E1BBFCBE: changes role from CANDIDATE to FOLLOWER at term 1 for DISCOVERED_A_NEW_TERM
2019-10-01 12:43:59,269 [b9fe614c-fc92-49ed-846d-3792d102db8e@group-A507E1BBFCBE-LeaderElection102] INFO  impl.RoleInfo (RoleInfo.java:shutdownLeaderElection(134)) - b9fe614c-fc92-49ed-846d-3792d102db8e: shutdown LeaderElection
2019-10-01 12:43:59,269 [b9fe614c-fc92-49ed-846d-3792d102db8e@group-A507E1BBFCBE-LeaderElection102] INFO  impl.RoleInfo (RoleInfo.java:updateAndGet(143)) - b9fe614c-fc92-49ed-846d-3792d102db8e: start FollowerState
2019-10-01 12:43:59,269 [Thread-4406] INFO  impl.FollowerState (FollowerState.java:run(108)) - 89c73eeb-e99a-4ead-a178-f5fc4a551541@group-0A92257F718E-FollowerState: change to CANDIDATE, lastRpcTime:5051ms, electionTimeout:5051ms
2019-10-01 12:43:59,270 [Thread-4406] INFO  impl.RoleInfo (RoleInfo.java:shutdownFollowerState(121)) - 89c73eeb-e99a-4ead-a178-f5fc4a551541: shutdown FollowerState
2019-10-01 12:43:59,270 [Thread-4406] INFO  impl.RaftServerImpl (RaftServerImpl.java:setRole(170)) - 89c73eeb-e99a-4ead-a178-f5fc4a551541@group-0A92257F718E: changes role from  FOLLOWER to CANDIDATE at term 0 for changeToCandidate
2019-10-01 12:43:59,270 [Thread-4406] INFO  impl.RoleInfo (RoleInfo.java:updateAndGet(143)) - 89c73eeb-e99a-4ead-a178-f5fc4a551541: start LeaderElection
2019-10-01 12:43:59,278 [d3d96536-50c0-424c-b791-b7211a690396@group-A507E1BBFCBE-LeaderElection103] INFO  impl.LeaderElection (LeaderElection.java:logAndReturn(56)) - d3d96536-50c0-424c-b791-b7211a690396@group-A507E1BBFCBE-LeaderElection103: Election REJECTED; received 2 response(s) [d3d96536-50c0-424c-b791-b7211a690396<-b9fe614c-fc92-49ed-846d-3792d102db8e#0:FAIL-t1, d3d96536-50c0-424c-b791-b7211a690396<-1699c8ac-b1ac-4189-87c7-7e52019aab6f#0:FAIL-t1] and 0 exception(s); d3d96536-50c0-424c-b791-b7211a690396@group-A507E1BBFCBE:t1, leader=null, voted=d3d96536-50c0-424c-b791-b7211a690396, raftlog=d3d96536-50c0-424c-b791-b7211a690396@group-A507E1BBFCBE-SegmentedRaftLog:OPENED:c-1,f-1,i0, conf=-1: [b9fe614c-fc92-49ed-846d-3792d102db8e:192.168.30.18:41459, 1699c8ac-b1ac-4189-87c7-7e52019aab6f:192.168.30.18:44682, d3d96536-50c0-424c-b791-b7211a690396:192.168.30.18:44647], old=null
2019-10-01 12:43:59,278 [d3d96536-50c0-424c-b791-b7211a690396@group-A507E1BBFCBE-LeaderElection103] INFO  impl.RaftServerImpl (RaftServerImpl.java:setRole(170)) - d3d96536-50c0-424c-b791-b7211a690396@group-A507E1BBFCBE: changes role from CANDIDATE to FOLLOWER at term 1 for DISCOVERED_A_NEW_TERM
2019-10-01 12:43:59,279 [d3d96536-50c0-424c-b791-b7211a690396@group-A507E1BBFCBE-LeaderElection103] INFO  impl.RoleInfo (RoleInfo.java:shutdownLeaderElection(134)) - d3d96536-50c0-424c-b791-b7211a690396: shutdown LeaderElection
2019-10-01 12:43:59,279 [d3d96536-50c0-424c-b791-b7211a690396@group-A507E1BBFCBE-LeaderElection103] INFO  impl.RoleInfo (RoleInfo.java:updateAndGet(143)) - d3d96536-50c0-424c-b791-b7211a690396: start FollowerState
2019-10-01 12:43:59,286 [b9fe614c-fc92-49ed-846d-3792d102db8e@group-351FF3C4E3C1-SegmentedRaftLogWorker] INFO  segmented.SegmentedRaftLogWorker (SegmentedRaftLogWorker.java:execute(574)) - b9fe614c-fc92-49ed-846d-3792d102db8e@group-351FF3C4E3C1-SegmentedRaftLogWorker: created new log segment /workdir/hadoop-ozone/integration-test/target/test-dir/MiniOzoneClusterImpl-54047bbe-a4d0-46f5-93a6-5a04f7d29f94/datanode-2/data/ratis/a7d4d4e9-7514-4e3f-9cb8-351ff3c4e3c1/current/log_inprogress_0
2019-10-01 12:43:59,303 [89c73eeb-e99a-4ead-a178-f5fc4a551541@group-0A92257F718E-LeaderElection104] INFO  impl.LeaderElection (LeaderElection.java:askForVotes(178)) - 89c73eeb-e99a-4ead-a178-f5fc4a551541@group-0A92257F718E-LeaderElection104: begin an election at term 1 for -1: [89c73eeb-e99a-4ead-a178-f5fc4a551541:192.168.30.18:41541], old=null
2019-10-01 12:43:59,305 [89c73eeb-e99a-4ead-a178-f5fc4a551541@group-0A92257F718E-LeaderElection104] INFO  impl.RoleInfo (RoleInfo.java:shutdownLeaderElection(134)) - 89c73eeb-e99a-4ead-a178-f5fc4a551541: shutdown LeaderElection
2019-10-01 12:43:59,306 [89c73eeb-e99a-4ead-a178-f5fc4a551541@group-0A92257F718E-LeaderElection104] INFO  impl.RaftServerImpl (RaftServerImpl.java:setRole(170)) - 89c73eeb-e99a-4ead-a178-f5fc4a551541@group-0A92257F718E: changes role from CANDIDATE to LEADER at term 1 for changeToLeader
2019-10-01 12:43:59,306 [89c73eeb-e99a-4ead-a178-f5fc4a551541@group-0A92257F718E-LeaderElection104] INFO  impl.RaftServerImpl (ServerState.java:setLeader(255)) - 89c73eeb-e99a-4ead-a178-f5fc4a551541@group-0A92257F718E: change Leader from null to 89c73eeb-e99a-4ead-a178-f5fc4a551541 at term 1 for becomeLeader, leader elected after 5093ms
2019-10-01 12:43:59,306 [89c73eeb-e99a-4ead-a178-f5fc4a551541@group-0A92257F718E-LeaderElection104] INFO  server.RaftServerConfigKeys (ConfUtils.java:logGet(43)) - raft.server.staging.catchup.gap = 1000 (default)
2019-10-01 12:43:59,306 [89c73eeb-e99a-4ead-a178-f5fc4a551541@group-0A92257F718E-LeaderElection104] INFO  server.RaftServerConfigKeys (ConfUtils.java:logGet(43)) - raft.server.rpc.sleep.time = 25ms (default)
2019-10-01 12:43:59,306 [89c73eeb-e99a-4ead-a178-f5fc4a551541@group-0A92257F718E-LeaderElection104] INFO  server.RaftServerConfigKeys (ConfUtils.java:logGet(43)) - raft.server.write.element-limit = 4096 (default)
2019-10-01 12:43:59,306 [89c73eeb-e99a-4ead-a178-f5fc4a551541@group-0A92257F718E-LeaderElection104] INFO  server.RaftServerConfigKeys (ConfUtils.java:logGet(43)) - raft.server.watch.timeout = 10s (default)
2019-10-01 12:43:59,306 [89c73eeb-e99a-4ead-a178-f5fc4a551541@group-0A92257F718E-LeaderElection104] INFO  server.RaftServerConfigKeys (ConfUtils.java:logGet(43)) - raft.server.watch.timeout.denomination = 1s (default)
2019-10-01 12:43:59,306 [89c73eeb-e99a-4ead-a178-f5fc4a551541@group-0A92257F718E-LeaderElection104] INFO  server.RaftServerConfigKeys (ConfUtils.java:logGet(43)) - raft.server.watch.element-limit = 65536 (default)
2019-10-01 12:43:59,307 [89c73eeb-e99a-4ead-a178-f5fc4a551541@group-0A92257F718E-LeaderElection104] INFO  impl.RoleInfo (RoleInfo.java:updateAndGet(143)) - 89c73eeb-e99a-4ead-a178-f5fc4a551541: start LeaderState
2019-10-01 12:43:59,308 [89c73eeb-e99a-4ead-a178-f5fc4a551541@group-0A92257F718E-LeaderElection104] INFO  segmented.SegmentedRaftLogWorker (SegmentedRaftLogWorker.java:startLogSegment(385)) - 89c73eeb-e99a-4ead-a178-f5fc4a551541@group-0A92257F718E-SegmentedRaftLogWorker: Starting segment from index:0
2019-10-01 12:43:59,308 [89c73eeb-e99a-4ead-a178-f5fc4a551541@group-0A92257F718E-LeaderElection104] INFO  impl.RaftServerImpl (ServerState.java:setRaftConf(356)) - 89c73eeb-e99a-4ead-a178-f5fc4a551541@group-0A92257F718E: set configuration 0: [89c73eeb-e99a-4ead-a178-f5fc4a551541:192.168.30.18:41541], old=null at 0
2019-10-01 12:43:59,353 [89c73eeb-e99a-4ead-a178-f5fc4a551541@group-0A92257F718E-SegmentedRaftLogWorker] INFO  segmented.SegmentedRaftLogWorker (SegmentedRaftLogWorker.java:execute(574)) - 89c73eeb-e99a-4ead-a178-f5fc4a551541@group-0A92257F718E-SegmentedRaftLogWorker: created new log segment /workdir/hadoop-ozone/integration-test/target/test-dir/MiniOzoneClusterImpl-54047bbe-a4d0-46f5-93a6-5a04f7d29f94/datanode-4/data/ratis/8dcf2df7-8112-4f8b-9a96-0a92257f718e/current/log_inprogress_0
2019-10-01 12:43:59,361 [Thread-4409] INFO  impl.FollowerState (FollowerState.java:run(108)) - bc7b43ce-939d-49b7-851e-984e78d74e21@group-8404E94E006F-FollowerState: change to CANDIDATE, lastRpcTime:5077ms, electionTimeout:5077ms
2019-10-01 12:43:59,361 [Thread-4409] INFO  impl.RoleInfo (RoleInfo.java:shutdownFollowerState(121)) - bc7b43ce-939d-49b7-851e-984e78d74e21: shutdown FollowerState
2019-10-01 12:43:59,361 [Thread-4409] INFO  impl.RaftServerImpl (RaftServerImpl.java:setRole(170)) - bc7b43ce-939d-49b7-851e-984e78d74e21@group-8404E94E006F: changes role from  FOLLOWER to CANDIDATE at term 0 for changeToCandidate
2019-10-01 12:43:59,361 [Thread-4409] INFO  impl.RoleInfo (RoleInfo.java:updateAndGet(143)) - bc7b43ce-939d-49b7-851e-984e78d74e21: start LeaderElection
2019-10-01 12:43:59,395 [bc7b43ce-939d-49b7-851e-984e78d74e21@group-8404E94E006F-LeaderElection105] INFO  impl.LeaderElection (LeaderElection.java:askForVotes(178)) - bc7b43ce-939d-49b7-851e-984e78d74e21@group-8404E94E006F-LeaderElection105: begin an election at term 1 for -1: [bc7b43ce-939d-49b7-851e-984e78d74e21:192.168.30.18:34159], old=null
2019-10-01 12:43:59,395 [bc7b43ce-939d-49b7-851e-984e78d74e21@group-8404E94E006F-LeaderElection105] INFO  impl.RoleInfo (RoleInfo.java:shutdownLeaderElection(134)) - bc7b43ce-939d-49b7-851e-984e78d74e21: shutdown LeaderElection
2019-10-01 12:43:59,395 [bc7b43ce-939d-49b7-851e-984e78d74e21@group-8404E94E006F-LeaderElection105] INFO  impl.RaftServerImpl (RaftServerImpl.java:setRole(170)) - bc7b43ce-939d-49b7-851e-984e78d74e21@group-8404E94E006F: changes role from CANDIDATE to LEADER at term 1 for changeToLeader
2019-10-01 12:43:59,396 [bc7b43ce-939d-49b7-851e-984e78d74e21@group-8404E94E006F-LeaderElection105] INFO  impl.RaftServerImpl (ServerState.java:setLeader(255)) - bc7b43ce-939d-49b7-851e-984e78d74e21@group-8404E94E006F: change Leader from null to bc7b43ce-939d-49b7-851e-984e78d74e21 at term 1 for becomeLeader, leader elected after 5116ms
2019-10-01 12:43:59,396 [bc7b43ce-939d-49b7-851e-984e78d74e21@group-8404E94E006F-LeaderElection105] INFO  server.RaftServerConfigKeys (ConfUtils.java:logGet(43)) - raft.server.staging.catchup.gap = 1000 (default)
2019-10-01 12:43:59,396 [bc7b43ce-939d-49b7-851e-984e78d74e21@group-8404E94E006F-LeaderElection105] INFO  server.RaftServerConfigKeys (ConfUtils.java:logGet(43)) - raft.server.rpc.sleep.time = 25ms (default)
2019-10-01 12:43:59,396 [bc7b43ce-939d-49b7-851e-984e78d74e21@group-8404E94E006F-LeaderElection105] INFO  server.RaftServerConfigKeys (ConfUtils.java:logGet(43)) - raft.server.write.element-limit = 4096 (default)
2019-10-01 12:43:59,396 [bc7b43ce-939d-49b7-851e-984e78d74e21@group-8404E94E006F-LeaderElection105] INFO  server.RaftServerConfigKeys (ConfUtils.java:logGet(43)) - raft.server.watch.timeout = 10s (default)
2019-10-01 12:43:59,396 [bc7b43ce-939d-49b7-851e-984e78d74e21@group-8404E94E006F-LeaderElection105] INFO  server.RaftServerConfigKeys (ConfUtils.java:logGet(43)) - raft.server.watch.timeout.denomination = 1s (default)
2019-10-01 12:43:59,396 [bc7b43ce-939d-49b7-851e-984e78d74e21@group-8404E94E006F-LeaderElection105] INFO  server.RaftServerConfigKeys (ConfUtils.java:logGet(43)) - raft.server.watch.element-limit = 65536 (default)
2019-10-01 12:43:59,398 [bc7b43ce-939d-49b7-851e-984e78d74e21@group-8404E94E006F-LeaderElection105] INFO  impl.RoleInfo (RoleInfo.java:updateAndGet(143)) - bc7b43ce-939d-49b7-851e-984e78d74e21: start LeaderState
2019-10-01 12:43:59,398 [bc7b43ce-939d-49b7-851e-984e78d74e21@group-8404E94E006F-LeaderElection105] INFO  segmented.SegmentedRaftLogWorker (SegmentedRaftLogWorker.java:startLogSegment(385)) - bc7b43ce-939d-49b7-851e-984e78d74e21@group-8404E94E006F-SegmentedRaftLogWorker: Starting segment from index:0
2019-10-01 12:43:59,398 [bc7b43ce-939d-49b7-851e-984e78d74e21@group-8404E94E006F-LeaderElection105] INFO  impl.RaftServerImpl (ServerState.java:setRaftConf(356)) - bc7b43ce-939d-49b7-851e-984e78d74e21@group-8404E94E006F: set configuration 0: [bc7b43ce-939d-49b7-851e-984e78d74e21:192.168.30.18:34159], old=null at 0
2019-10-01 12:43:59,445 [Thread-4417] INFO  impl.FollowerState (FollowerState.java:run(108)) - c8f8b3b4-ca50-4e06-a1e9-219b85e49e11@group-5DFEED9D924A-FollowerState: change to CANDIDATE, lastRpcTime:5033ms, electionTimeout:5033ms
2019-10-01 12:43:59,445 [Thread-4417] INFO  impl.RoleInfo (RoleInfo.java:shutdownFollowerState(121)) - c8f8b3b4-ca50-4e06-a1e9-219b85e49e11: shutdown FollowerState
2019-10-01 12:43:59,446 [Thread-4417] INFO  impl.RaftServerImpl (RaftServerImpl.java:setRole(170)) - c8f8b3b4-ca50-4e06-a1e9-219b85e49e11@group-5DFEED9D924A: changes role from  FOLLOWER to CANDIDATE at term 0 for changeToCandidate
2019-10-01 12:43:59,446 [Thread-4417] INFO  impl.RoleInfo (RoleInfo.java:updateAndGet(143)) - c8f8b3b4-ca50-4e06-a1e9-219b85e49e11: start LeaderElection
2019-10-01 12:43:59,455 [bc7b43ce-939d-49b7-851e-984e78d74e21@group-8404E94E006F-SegmentedRaftLogWorker] INFO  segmented.SegmentedRaftLogWorker (SegmentedRaftLogWorker.java:execute(574)) - bc7b43ce-939d-49b7-851e-984e78d74e21@group-8404E94E006F-SegmentedRaftLogWorker: created new log segment /workdir/hadoop-ozone/integration-test/target/test-dir/MiniOzoneClusterImpl-54047bbe-a4d0-46f5-93a6-5a04f7d29f94/datanode-5/data/ratis/f3e1d4e4-4633-48e4-8ed2-8404e94e006f/current/log_inprogress_0
2019-10-01 12:43:59,467 [Thread-4412] INFO  impl.FollowerState (FollowerState.java:run(108)) - 7b940994-b04a-41d7-acb3-b4567a89b926@group-E4667749EEF2-FollowerState: change to CANDIDATE, lastRpcTime:5114ms, electionTimeout:5114ms
2019-10-01 12:43:59,467 [Thread-4412] INFO  impl.RoleInfo (RoleInfo.java:shutdownFollowerState(121)) - 7b940994-b04a-41d7-acb3-b4567a89b926: shutdown FollowerState
2019-10-01 12:43:59,467 [Thread-4412] INFO  impl.RaftServerImpl (RaftServerImpl.java:setRole(170)) - 7b940994-b04a-41d7-acb3-b4567a89b926@group-E4667749EEF2: changes role from  FOLLOWER to CANDIDATE at term 0 for changeToCandidate
2019-10-01 12:43:59,467 [Thread-4412] INFO  impl.RoleInfo (RoleInfo.java:updateAndGet(143)) - 7b940994-b04a-41d7-acb3-b4567a89b926: start LeaderElection
2019-10-01 12:43:59,488 [c8f8b3b4-ca50-4e06-a1e9-219b85e49e11@group-5DFEED9D924A-LeaderElection106] INFO  impl.LeaderElection (LeaderElection.java:askForVotes(178)) - c8f8b3b4-ca50-4e06-a1e9-219b85e49e11@group-5DFEED9D924A-LeaderElection106: begin an election at term 1 for -1: [c8f8b3b4-ca50-4e06-a1e9-219b85e49e11:192.168.30.18:35222], old=null
2019-10-01 12:43:59,488 [c8f8b3b4-ca50-4e06-a1e9-219b85e49e11@group-5DFEED9D924A-LeaderElection106] INFO  impl.RoleInfo (RoleInfo.java:shutdownLeaderElection(134)) - c8f8b3b4-ca50-4e06-a1e9-219b85e49e11: shutdown LeaderElection
2019-10-01 12:43:59,488 [c8f8b3b4-ca50-4e06-a1e9-219b85e49e11@group-5DFEED9D924A-LeaderElection106] INFO  impl.RaftServerImpl (RaftServerImpl.java:setRole(170)) - c8f8b3b4-ca50-4e06-a1e9-219b85e49e11@group-5DFEED9D924A: changes role from CANDIDATE to LEADER at term 1 for changeToLeader
2019-10-01 12:43:59,488 [c8f8b3b4-ca50-4e06-a1e9-219b85e49e11@group-5DFEED9D924A-LeaderElection106] INFO  impl.RaftServerImpl (ServerState.java:setLeader(255)) - c8f8b3b4-ca50-4e06-a1e9-219b85e49e11@group-5DFEED9D924A: change Leader from null to c8f8b3b4-ca50-4e06-a1e9-219b85e49e11 at term 1 for becomeLeader, leader elected after 5082ms
2019-10-01 12:43:59,488 [c8f8b3b4-ca50-4e06-a1e9-219b85e49e11@group-5DFEED9D924A-LeaderElection106] INFO  server.RaftServerConfigKeys (ConfUtils.java:logGet(43)) - raft.server.staging.catchup.gap = 1000 (default)
2019-10-01 12:43:59,488 [c8f8b3b4-ca50-4e06-a1e9-219b85e49e11@group-5DFEED9D924A-LeaderElection106] INFO  server.RaftServerConfigKeys (ConfUtils.java:logGet(43)) - raft.server.rpc.sleep.time = 25ms (default)
2019-10-01 12:43:59,488 [c8f8b3b4-ca50-4e06-a1e9-219b85e49e11@group-5DFEED9D924A-LeaderElection106] INFO  server.RaftServerConfigKeys (ConfUtils.java:logGet(43)) - raft.server.write.element-limit = 4096 (default)
2019-10-01 12:43:59,488 [c8f8b3b4-ca50-4e06-a1e9-219b85e49e11@group-5DFEED9D924A-LeaderElection106] INFO  server.RaftServerConfigKeys (ConfUtils.java:logGet(43)) - raft.server.watch.timeout = 10s (default)
2019-10-01 12:43:59,488 [c8f8b3b4-ca50-4e06-a1e9-219b85e49e11@group-5DFEED9D924A-LeaderElection106] INFO  server.RaftServerConfigKeys (ConfUtils.java:logGet(43)) - raft.server.watch.timeout.denomination = 1s (default)
2019-10-01 12:43:59,488 [c8f8b3b4-ca50-4e06-a1e9-219b85e49e11@group-5DFEED9D924A-LeaderElection106] INFO  server.RaftServerConfigKeys (ConfUtils.java:logGet(43)) - raft.server.watch.element-limit = 65536 (default)
2019-10-01 12:43:59,490 [c8f8b3b4-ca50-4e06-a1e9-219b85e49e11@group-5DFEED9D924A-LeaderElection106] INFO  impl.RoleInfo (RoleInfo.java:updateAndGet(143)) - c8f8b3b4-ca50-4e06-a1e9-219b85e49e11: start LeaderState
2019-10-01 12:43:59,490 [c8f8b3b4-ca50-4e06-a1e9-219b85e49e11@group-5DFEED9D924A-LeaderElection106] INFO  segmented.SegmentedRaftLogWorker (SegmentedRaftLogWorker.java:startLogSegment(385)) - c8f8b3b4-ca50-4e06-a1e9-219b85e49e11@group-5DFEED9D924A-SegmentedRaftLogWorker: Starting segment from index:0
2019-10-01 12:43:59,490 [c8f8b3b4-ca50-4e06-a1e9-219b85e49e11@group-5DFEED9D924A-LeaderElection106] INFO  impl.RaftServerImpl (ServerState.java:setRaftConf(356)) - c8f8b3b4-ca50-4e06-a1e9-219b85e49e11@group-5DFEED9D924A: set configuration 0: [c8f8b3b4-ca50-4e06-a1e9-219b85e49e11:192.168.30.18:35222], old=null at 0
2019-10-01 12:43:59,505 [7b940994-b04a-41d7-acb3-b4567a89b926@group-E4667749EEF2-LeaderElection107] INFO  impl.LeaderElection (LeaderElection.java:askForVotes(178)) - 7b940994-b04a-41d7-acb3-b4567a89b926@group-E4667749EEF2-LeaderElection107: begin an election at term 1 for -1: [7b940994-b04a-41d7-acb3-b4567a89b926:192.168.30.18:42925], old=null
2019-10-01 12:43:59,505 [7b940994-b04a-41d7-acb3-b4567a89b926@group-E4667749EEF2-LeaderElection107] INFO  impl.RoleInfo (RoleInfo.java:shutdownLeaderElection(134)) - 7b940994-b04a-41d7-acb3-b4567a89b926: shutdown LeaderElection
2019-10-01 12:43:59,505 [7b940994-b04a-41d7-acb3-b4567a89b926@group-E4667749EEF2-LeaderElection107] INFO  impl.RaftServerImpl (RaftServerImpl.java:setRole(170)) - 7b940994-b04a-41d7-acb3-b4567a89b926@group-E4667749EEF2: changes role from CANDIDATE to LEADER at term 1 for changeToLeader
2019-10-01 12:43:59,505 [7b940994-b04a-41d7-acb3-b4567a89b926@group-E4667749EEF2-LeaderElection107] INFO  impl.RaftServerImpl (ServerState.java:setLeader(255)) - 7b940994-b04a-41d7-acb3-b4567a89b926@group-E4667749EEF2: change Leader from null to 7b940994-b04a-41d7-acb3-b4567a89b926 at term 1 for becomeLeader, leader elected after 5158ms
2019-10-01 12:43:59,505 [7b940994-b04a-41d7-acb3-b4567a89b926@group-E4667749EEF2-LeaderElection107] INFO  server.RaftServerConfigKeys (ConfUtils.java:logGet(43)) - raft.server.staging.catchup.gap = 1000 (default)
2019-10-01 12:43:59,506 [7b940994-b04a-41d7-acb3-b4567a89b926@group-E4667749EEF2-LeaderElection107] INFO  server.RaftServerConfigKeys (ConfUtils.java:logGet(43)) - raft.server.rpc.sleep.time = 25ms (default)
2019-10-01 12:43:59,506 [7b940994-b04a-41d7-acb3-b4567a89b926@group-E4667749EEF2-LeaderElection107] INFO  server.RaftServerConfigKeys (ConfUtils.java:logGet(43)) - raft.server.write.element-limit = 4096 (default)
2019-10-01 12:43:59,506 [7b940994-b04a-41d7-acb3-b4567a89b926@group-E4667749EEF2-LeaderElection107] INFO  server.RaftServerConfigKeys (ConfUtils.java:logGet(43)) - raft.server.watch.timeout = 10s (default)
2019-10-01 12:43:59,506 [7b940994-b04a-41d7-acb3-b4567a89b926@group-E4667749EEF2-LeaderElection107] INFO  server.RaftServerConfigKeys (ConfUtils.java:logGet(43)) - raft.server.watch.timeout.denomination = 1s (default)
2019-10-01 12:43:59,506 [7b940994-b04a-41d7-acb3-b4567a89b926@group-E4667749EEF2-LeaderElection107] INFO  server.RaftServerConfigKeys (ConfUtils.java:logGet(43)) - raft.server.watch.element-limit = 65536 (default)
2019-10-01 12:43:59,508 [7b940994-b04a-41d7-acb3-b4567a89b926@group-E4667749EEF2-LeaderElection107] INFO  impl.RoleInfo (RoleInfo.java:updateAndGet(143)) - 7b940994-b04a-41d7-acb3-b4567a89b926: start LeaderState
2019-10-01 12:43:59,508 [7b940994-b04a-41d7-acb3-b4567a89b926@group-E4667749EEF2-LeaderElection107] INFO  segmented.SegmentedRaftLogWorker (SegmentedRaftLogWorker.java:startLogSegment(385)) - 7b940994-b04a-41d7-acb3-b4567a89b926@group-E4667749EEF2-SegmentedRaftLogWorker: Starting segment from index:0
2019-10-01 12:43:59,509 [7b940994-b04a-41d7-acb3-b4567a89b926@group-E4667749EEF2-LeaderElection107] INFO  impl.RaftServerImpl (ServerState.java:setRaftConf(356)) - 7b940994-b04a-41d7-acb3-b4567a89b926@group-E4667749EEF2: set configuration 0: [7b940994-b04a-41d7-acb3-b4567a89b926:192.168.30.18:42925], old=null at 0
2019-10-01 12:43:59,540 [Thread-4420] INFO  impl.FollowerState (FollowerState.java:run(108)) - 89c73eeb-e99a-4ead-a178-f5fc4a551541@group-0A671898226B-FollowerState: change to CANDIDATE, lastRpcTime:5040ms, electionTimeout:5040ms
2019-10-01 12:43:59,540 [Thread-4420] INFO  impl.RoleInfo (RoleInfo.java:shutdownFollowerState(121)) - 89c73eeb-e99a-4ead-a178-f5fc4a551541: shutdown FollowerState
2019-10-01 12:43:59,540 [Thread-4420] INFO  impl.RaftServerImpl (RaftServerImpl.java:setRole(170)) - 89c73eeb-e99a-4ead-a178-f5fc4a551541@group-0A671898226B: changes role from  FOLLOWER to CANDIDATE at term 0 for changeToCandidate
2019-10-01 12:43:59,540 [Thread-4420] INFO  impl.RoleInfo (RoleInfo.java:updateAndGet(143)) - 89c73eeb-e99a-4ead-a178-f5fc4a551541: start LeaderElection
2019-10-01 12:43:59,555 [c8f8b3b4-ca50-4e06-a1e9-219b85e49e11@group-5DFEED9D924A-SegmentedRaftLogWorker] INFO  segmented.SegmentedRaftLogWorker (SegmentedRaftLogWorker.java:execute(574)) - c8f8b3b4-ca50-4e06-a1e9-219b85e49e11@group-5DFEED9D924A-SegmentedRaftLogWorker: created new log segment /workdir/hadoop-ozone/integration-test/target/test-dir/MiniOzoneClusterImpl-54047bbe-a4d0-46f5-93a6-5a04f7d29f94/datanode-3/data/ratis/6acac371-f781-453f-8e7b-5dfeed9d924a/current/log_inprogress_0
2019-10-01 12:43:59,558 [Thread-4424] INFO  impl.FollowerState (FollowerState.java:run(108)) - 7b940994-b04a-41d7-acb3-b4567a89b926@group-0A671898226B-FollowerState: change to CANDIDATE, lastRpcTime:5054ms, electionTimeout:5054ms
2019-10-01 12:43:59,558 [Thread-4424] INFO  impl.RoleInfo (RoleInfo.java:shutdownFollowerState(121)) - 7b940994-b04a-41d7-acb3-b4567a89b926: shutdown FollowerState
2019-10-01 12:43:59,558 [Thread-4424] INFO  impl.RaftServerImpl (RaftServerImpl.java:setRole(170)) - 7b940994-b04a-41d7-acb3-b4567a89b926@group-0A671898226B: changes role from  FOLLOWER to CANDIDATE at term 0 for changeToCandidate
2019-10-01 12:43:59,558 [Thread-4424] INFO  impl.RoleInfo (RoleInfo.java:updateAndGet(143)) - 7b940994-b04a-41d7-acb3-b4567a89b926: start LeaderElection
2019-10-01 12:43:59,572 [7b940994-b04a-41d7-acb3-b4567a89b926@group-E4667749EEF2-SegmentedRaftLogWorker] INFO  segmented.SegmentedRaftLogWorker (SegmentedRaftLogWorker.java:execute(574)) - 7b940994-b04a-41d7-acb3-b4567a89b926@group-E4667749EEF2-SegmentedRaftLogWorker: created new log segment /workdir/hadoop-ozone/integration-test/target/test-dir/MiniOzoneClusterImpl-54047bbe-a4d0-46f5-93a6-5a04f7d29f94/datanode-6/data/ratis/ec576d98-9868-4250-bbe2-e4667749eef2/current/log_inprogress_0
2019-10-01 12:43:59,572 [89c73eeb-e99a-4ead-a178-f5fc4a551541@group-0A671898226B-LeaderElection108] INFO  impl.LeaderElection (LeaderElection.java:askForVotes(178)) - 89c73eeb-e99a-4ead-a178-f5fc4a551541@group-0A671898226B-LeaderElection108: begin an election at term 1 for -1: [bc7b43ce-939d-49b7-851e-984e78d74e21:192.168.30.18:34159, 89c73eeb-e99a-4ead-a178-f5fc4a551541:192.168.30.18:41541, 7b940994-b04a-41d7-acb3-b4567a89b926:192.168.30.18:42925], old=null
2019-10-01 12:43:59,580 [grpc-default-executor-4] INFO  impl.RaftServerImpl (RaftServerImpl.java:setRole(170)) - bc7b43ce-939d-49b7-851e-984e78d74e21@group-0A671898226B: changes role from  FOLLOWER to FOLLOWER at term 1 for recognizeCandidate:89c73eeb-e99a-4ead-a178-f5fc4a551541
2019-10-01 12:43:59,580 [grpc-default-executor-4] INFO  impl.RoleInfo (RoleInfo.java:shutdownFollowerState(121)) - bc7b43ce-939d-49b7-851e-984e78d74e21: shutdown FollowerState
2019-10-01 12:43:59,580 [grpc-default-executor-4] INFO  impl.RoleInfo (RoleInfo.java:updateAndGet(143)) - bc7b43ce-939d-49b7-851e-984e78d74e21: start FollowerState
2019-10-01 12:43:59,580 [Thread-4425] INFO  impl.FollowerState (FollowerState.java:run(117)) - bc7b43ce-939d-49b7-851e-984e78d74e21@group-0A671898226B-FollowerState was interrupted: java.lang.InterruptedException: sleep interrupted
2019-10-01 12:43:59,589 [7b940994-b04a-41d7-acb3-b4567a89b926@group-0A671898226B-LeaderElection109] INFO  impl.LeaderElection (LeaderElection.java:askForVotes(178)) - 7b940994-b04a-41d7-acb3-b4567a89b926@group-0A671898226B-LeaderElection109: begin an election at term 1 for -1: [bc7b43ce-939d-49b7-851e-984e78d74e21:192.168.30.18:34159, 89c73eeb-e99a-4ead-a178-f5fc4a551541:192.168.30.18:41541, 7b940994-b04a-41d7-acb3-b4567a89b926:192.168.30.18:42925], old=null
2019-10-01 12:43:59,607 [7b940994-b04a-41d7-acb3-b4567a89b926@group-0A671898226B-LeaderElection109] INFO  impl.LeaderElection (LeaderElection.java:logAndReturn(56)) - 7b940994-b04a-41d7-acb3-b4567a89b926@group-0A671898226B-LeaderElection109: Election REJECTED; received 2 response(s) [7b940994-b04a-41d7-acb3-b4567a89b926<-bc7b43ce-939d-49b7-851e-984e78d74e21#0:FAIL-t1, 7b940994-b04a-41d7-acb3-b4567a89b926<-89c73eeb-e99a-4ead-a178-f5fc4a551541#0:FAIL-t1] and 0 exception(s); 7b940994-b04a-41d7-acb3-b4567a89b926@group-0A671898226B:t1, leader=null, voted=7b940994-b04a-41d7-acb3-b4567a89b926, raftlog=7b940994-b04a-41d7-acb3-b4567a89b926@group-0A671898226B-SegmentedRaftLog:OPENED:c-1,f-1,i0, conf=-1: [bc7b43ce-939d-49b7-851e-984e78d74e21:192.168.30.18:34159, 89c73eeb-e99a-4ead-a178-f5fc4a551541:192.168.30.18:41541, 7b940994-b04a-41d7-acb3-b4567a89b926:192.168.30.18:42925], old=null
2019-10-01 12:43:59,607 [89c73eeb-e99a-4ead-a178-f5fc4a551541@group-0A671898226B-LeaderElection108] INFO  impl.LeaderElection (LeaderElection.java:logAndReturn(56)) - 89c73eeb-e99a-4ead-a178-f5fc4a551541@group-0A671898226B-LeaderElection108: Election PASSED; received 2 response(s) [89c73eeb-e99a-4ead-a178-f5fc4a551541<-bc7b43ce-939d-49b7-851e-984e78d74e21#0:OK-t1, 89c73eeb-e99a-4ead-a178-f5fc4a551541<-7b940994-b04a-41d7-acb3-b4567a89b926#0:FAIL-t1] and 0 exception(s); 89c73eeb-e99a-4ead-a178-f5fc4a551541@group-0A671898226B:t1, leader=null, voted=89c73eeb-e99a-4ead-a178-f5fc4a551541, raftlog=89c73eeb-e99a-4ead-a178-f5fc4a551541@group-0A671898226B-SegmentedRaftLog:OPENED:c-1,f-1,i0, conf=-1: [bc7b43ce-939d-49b7-851e-984e78d74e21:192.168.30.18:34159, 89c73eeb-e99a-4ead-a178-f5fc4a551541:192.168.30.18:41541, 7b940994-b04a-41d7-acb3-b4567a89b926:192.168.30.18:42925], old=null
2019-10-01 12:43:59,607 [7b940994-b04a-41d7-acb3-b4567a89b926@group-0A671898226B-LeaderElection109] INFO  impl.RaftServerImpl (RaftServerImpl.java:setRole(170)) - 7b940994-b04a-41d7-acb3-b4567a89b926@group-0A671898226B: changes role from CANDIDATE to FOLLOWER at term 1 for DISCOVERED_A_NEW_TERM
2019-10-01 12:43:59,610 [7b940994-b04a-41d7-acb3-b4567a89b926@group-0A671898226B-LeaderElection109] INFO  impl.RoleInfo (RoleInfo.java:shutdownLeaderElection(134)) - 7b940994-b04a-41d7-acb3-b4567a89b926: shutdown LeaderElection
2019-10-01 12:43:59,610 [7b940994-b04a-41d7-acb3-b4567a89b926@group-0A671898226B-LeaderElection109] INFO  impl.RoleInfo (RoleInfo.java:updateAndGet(143)) - 7b940994-b04a-41d7-acb3-b4567a89b926: start FollowerState
2019-10-01 12:43:59,610 [89c73eeb-e99a-4ead-a178-f5fc4a551541@group-0A671898226B-LeaderElection108] INFO  impl.RoleInfo (RoleInfo.java:shutdownLeaderElection(134)) - 89c73eeb-e99a-4ead-a178-f5fc4a551541: shutdown LeaderElection
2019-10-01 12:43:59,612 [89c73eeb-e99a-4ead-a178-f5fc4a551541@group-0A671898226B-LeaderElection108] INFO  impl.RaftServerImpl (RaftServerImpl.java:setRole(170)) - 89c73eeb-e99a-4ead-a178-f5fc4a551541@group-0A671898226B: changes role from CANDIDATE to LEADER at term 1 for changeToLeader
2019-10-01 12:43:59,612 [89c73eeb-e99a-4ead-a178-f5fc4a551541@group-0A671898226B-LeaderElection108] INFO  impl.RaftServerImpl (ServerState.java:setLeader(255)) - 89c73eeb-e99a-4ead-a178-f5fc4a551541@group-0A671898226B: change Leader from null to 89c73eeb-e99a-4ead-a178-f5fc4a551541 at term 1 for becomeLeader, leader elected after 5121ms
2019-10-01 12:43:59,612 [89c73eeb-e99a-4ead-a178-f5fc4a551541@group-0A671898226B-LeaderElection108] INFO  server.RaftServerConfigKeys (ConfUtils.java:logGet(43)) - raft.server.staging.catchup.gap = 1000 (default)
2019-10-01 12:43:59,613 [89c73eeb-e99a-4ead-a178-f5fc4a551541@group-0A671898226B-LeaderElection108] INFO  server.RaftServerConfigKeys (ConfUtils.java:logGet(43)) - raft.server.rpc.sleep.time = 25ms (default)
2019-10-01 12:43:59,613 [89c73eeb-e99a-4ead-a178-f5fc4a551541@group-0A671898226B-LeaderElection108] INFO  server.RaftServerConfigKeys (ConfUtils.java:logGet(43)) - raft.server.write.element-limit = 4096 (default)
2019-10-01 12:43:59,613 [89c73eeb-e99a-4ead-a178-f5fc4a551541@group-0A671898226B-LeaderElection108] INFO  server.RaftServerConfigKeys (ConfUtils.java:logGet(43)) - raft.server.watch.timeout = 10s (default)
2019-10-01 12:43:59,613 [89c73eeb-e99a-4ead-a178-f5fc4a551541@group-0A671898226B-LeaderElection108] INFO  server.RaftServerConfigKeys (ConfUtils.java:logGet(43)) - raft.server.watch.timeout.denomination = 1s (default)
2019-10-01 12:43:59,613 [89c73eeb-e99a-4ead-a178-f5fc4a551541@group-0A671898226B-LeaderElection108] INFO  server.RaftServerConfigKeys (ConfUtils.java:logGet(43)) - raft.server.watch.element-limit = 65536 (default)
2019-10-01 12:43:59,615 [89c73eeb-e99a-4ead-a178-f5fc4a551541@group-0A671898226B-LeaderElection108] INFO  server.RaftServerConfigKeys (ConfUtils.java:logGet(43)) - raft.server.log.appender.snapshot.chunk.size.max = 16MB (=16777216) (default)
2019-10-01 12:43:59,615 [89c73eeb-e99a-4ead-a178-f5fc4a551541@group-0A671898226B-LeaderElection108] INFO  server.RaftServerConfigKeys (ConfUtils.java:logGet(43)) - raft.server.log.appender.buffer.byte-limit = 33554432 (custom)
2019-10-01 12:43:59,616 [89c73eeb-e99a-4ead-a178-f5fc4a551541@group-0A671898226B-LeaderElection108] INFO  server.RaftServerConfigKeys (ConfUtils.java:logGet(43)) - raft.server.log.appender.buffer.element-limit = 1 (custom)
2019-10-01 12:43:59,616 [89c73eeb-e99a-4ead-a178-f5fc4a551541@group-0A671898226B-LeaderElection108] INFO  grpc.GrpcConfigKeys$Server (ConfUtils.java:logGet(43)) - raft.grpc.server.leader.outstanding.appends.max = 128 (default)
2019-10-01 12:43:59,616 [89c73eeb-e99a-4ead-a178-f5fc4a551541@group-0A671898226B-LeaderElection108] INFO  server.RaftServerConfigKeys (ConfUtils.java:logGet(43)) - raft.server.rpc.request.timeout = 3000ms (default)
2019-10-01 12:43:59,616 [89c73eeb-e99a-4ead-a178-f5fc4a551541@group-0A671898226B-LeaderElection108] INFO  server.RaftServerConfigKeys (ConfUtils.java:logGet(43)) - raft.server.log.appender.install.snapshot.enabled = false (custom)
2019-10-01 12:43:59,617 [89c73eeb-e99a-4ead-a178-f5fc4a551541@group-0A671898226B-LeaderElection108] INFO  server.RaftServerConfigKeys (ConfUtils.java:logGet(43)) - raft.server.log.appender.snapshot.chunk.size.max = 16MB (=16777216) (default)
2019-10-01 12:43:59,617 [89c73eeb-e99a-4ead-a178-f5fc4a551541@group-0A671898226B-LeaderElection108] INFO  server.RaftServerConfigKeys (ConfUtils.java:logGet(43)) - raft.server.log.appender.buffer.byte-limit = 33554432 (custom)
2019-10-01 12:43:59,617 [89c73eeb-e99a-4ead-a178-f5fc4a551541@group-0A671898226B-LeaderElection108] INFO  server.RaftServerConfigKeys (ConfUtils.java:logGet(43)) - raft.server.log.appender.buffer.element-limit = 1 (custom)
2019-10-01 12:43:59,617 [89c73eeb-e99a-4ead-a178-f5fc4a551541@group-0A671898226B-LeaderElection108] INFO  grpc.GrpcConfigKeys$Server (ConfUtils.java:logGet(43)) - raft.grpc.server.leader.outstanding.appends.max = 128 (default)
2019-10-01 12:43:59,617 [89c73eeb-e99a-4ead-a178-f5fc4a551541@group-0A671898226B-LeaderElection108] INFO  server.RaftServerConfigKeys (ConfUtils.java:logGet(43)) - raft.server.rpc.request.timeout = 3000ms (default)
2019-10-01 12:43:59,618 [89c73eeb-e99a-4ead-a178-f5fc4a551541@group-0A671898226B-LeaderElection108] INFO  server.RaftServerConfigKeys (ConfUtils.java:logGet(43)) - raft.server.log.appender.install.snapshot.enabled = false (custom)
2019-10-01 12:43:59,618 [89c73eeb-e99a-4ead-a178-f5fc4a551541@group-0A671898226B-LeaderElection108] INFO  impl.RoleInfo (RoleInfo.java:updateAndGet(143)) - 89c73eeb-e99a-4ead-a178-f5fc4a551541: start LeaderState
2019-10-01 12:43:59,618 [89c73eeb-e99a-4ead-a178-f5fc4a551541@group-0A671898226B-LeaderElection108] INFO  segmented.SegmentedRaftLogWorker (SegmentedRaftLogWorker.java:startLogSegment(385)) - 89c73eeb-e99a-4ead-a178-f5fc4a551541@group-0A671898226B-SegmentedRaftLogWorker: Starting segment from index:0
2019-10-01 12:43:59,647 [89c73eeb-e99a-4ead-a178-f5fc4a551541@group-0A671898226B-LeaderElection108] INFO  impl.RaftServerImpl (ServerState.java:setRaftConf(356)) - 89c73eeb-e99a-4ead-a178-f5fc4a551541@group-0A671898226B: set configuration 0: [bc7b43ce-939d-49b7-851e-984e78d74e21:192.168.30.18:34159, 89c73eeb-e99a-4ead-a178-f5fc4a551541:192.168.30.18:41541, 7b940994-b04a-41d7-acb3-b4567a89b926:192.168.30.18:42925], old=null at 0
2019-10-01 12:43:59,674 [grpc-default-executor-4] INFO  impl.RaftServerImpl (ServerState.java:setLeader(255)) - bc7b43ce-939d-49b7-851e-984e78d74e21@group-0A671898226B: change Leader from null to 89c73eeb-e99a-4ead-a178-f5fc4a551541 at term 1 for appendEntries, leader elected after 5182ms
2019-10-01 12:43:59,674 [grpc-default-executor-9] INFO  impl.RaftServerImpl (ServerState.java:setLeader(255)) - 7b940994-b04a-41d7-acb3-b4567a89b926@group-0A671898226B: change Leader from null to 89c73eeb-e99a-4ead-a178-f5fc4a551541 at term 1 for appendEntries, leader elected after 5183ms
2019-10-01 12:43:59,676 [grpc-default-executor-4] INFO  impl.RaftServerImpl (ServerState.java:setRaftConf(356)) - 7b940994-b04a-41d7-acb3-b4567a89b926@group-0A671898226B: set configuration 0: [bc7b43ce-939d-49b7-851e-984e78d74e21:192.168.30.18:34159, 89c73eeb-e99a-4ead-a178-f5fc4a551541:192.168.30.18:41541, 7b940994-b04a-41d7-acb3-b4567a89b926:192.168.30.18:42925], old=null at 0
2019-10-01 12:43:59,676 [grpc-default-executor-9] INFO  impl.RaftServerImpl (ServerState.java:setRaftConf(356)) - bc7b43ce-939d-49b7-851e-984e78d74e21@group-0A671898226B: set configuration 0: [bc7b43ce-939d-49b7-851e-984e78d74e21:192.168.30.18:34159, 89c73eeb-e99a-4ead-a178-f5fc4a551541:192.168.30.18:41541, 7b940994-b04a-41d7-acb3-b4567a89b926:192.168.30.18:42925], old=null at 0
2019-10-01 12:43:59,676 [grpc-default-executor-4] INFO  segmented.SegmentedRaftLogWorker (SegmentedRaftLogWorker.java:startLogSegment(385)) - 7b940994-b04a-41d7-acb3-b4567a89b926@group-0A671898226B-SegmentedRaftLogWorker: Starting segment from index:0
2019-10-01 12:43:59,677 [grpc-default-executor-9] INFO  segmented.SegmentedRaftLogWorker (SegmentedRaftLogWorker.java:startLogSegment(385)) - bc7b43ce-939d-49b7-851e-984e78d74e21@group-0A671898226B-SegmentedRaftLogWorker: Starting segment from index:0
2019-10-01 12:43:59,695 [89c73eeb-e99a-4ead-a178-f5fc4a551541@group-0A671898226B-SegmentedRaftLogWorker] INFO  segmented.SegmentedRaftLogWorker (SegmentedRaftLogWorker.java:execute(574)) - 89c73eeb-e99a-4ead-a178-f5fc4a551541@group-0A671898226B-SegmentedRaftLogWorker: created new log segment /workdir/hadoop-ozone/integration-test/target/test-dir/MiniOzoneClusterImpl-54047bbe-a4d0-46f5-93a6-5a04f7d29f94/datanode-4/data/ratis/4e593b69-8a6b-4516-a9b5-0a671898226b/current/log_inprogress_0
2019-10-01 12:43:59,719 [7b940994-b04a-41d7-acb3-b4567a89b926@group-0A671898226B-SegmentedRaftLogWorker] INFO  segmented.SegmentedRaftLogWorker (SegmentedRaftLogWorker.java:execute(574)) - 7b940994-b04a-41d7-acb3-b4567a89b926@group-0A671898226B-SegmentedRaftLogWorker: created new log segment /workdir/hadoop-ozone/integration-test/target/test-dir/MiniOzoneClusterImpl-54047bbe-a4d0-46f5-93a6-5a04f7d29f94/datanode-6/data/ratis/4e593b69-8a6b-4516-a9b5-0a671898226b/current/log_inprogress_0
2019-10-01 12:43:59,719 [bc7b43ce-939d-49b7-851e-984e78d74e21@group-0A671898226B-SegmentedRaftLogWorker] INFO  segmented.SegmentedRaftLogWorker (SegmentedRaftLogWorker.java:execute(574)) - bc7b43ce-939d-49b7-851e-984e78d74e21@group-0A671898226B-SegmentedRaftLogWorker: created new log segment /workdir/hadoop-ozone/integration-test/target/test-dir/MiniOzoneClusterImpl-54047bbe-a4d0-46f5-93a6-5a04f7d29f94/datanode-5/data/ratis/4e593b69-8a6b-4516-a9b5-0a671898226b/current/log_inprogress_0
2019-10-01 12:44:04,337 [Thread-4463] INFO  impl.FollowerState (FollowerState.java:run(108)) - 1699c8ac-b1ac-4189-87c7-7e52019aab6f@group-A507E1BBFCBE-FollowerState: change to CANDIDATE, lastRpcTime:5074ms, electionTimeout:5074ms
2019-10-01 12:44:04,338 [Thread-4463] INFO  impl.RoleInfo (RoleInfo.java:shutdownFollowerState(121)) - 1699c8ac-b1ac-4189-87c7-7e52019aab6f: shutdown FollowerState
2019-10-01 12:44:04,338 [Thread-4463] INFO  impl.RaftServerImpl (RaftServerImpl.java:setRole(170)) - 1699c8ac-b1ac-4189-87c7-7e52019aab6f@group-A507E1BBFCBE: changes role from  FOLLOWER to CANDIDATE at term 1 for changeToCandidate
2019-10-01 12:44:04,338 [Thread-4463] INFO  impl.RoleInfo (RoleInfo.java:updateAndGet(143)) - 1699c8ac-b1ac-4189-87c7-7e52019aab6f: start LeaderElection
2019-10-01 12:44:04,348 [Thread-4464] INFO  impl.FollowerState (FollowerState.java:run(108)) - b9fe614c-fc92-49ed-846d-3792d102db8e@group-A507E1BBFCBE-FollowerState: change to CANDIDATE, lastRpcTime:5078ms, electionTimeout:5071ms
2019-10-01 12:44:04,348 [Thread-4464] INFO  impl.RoleInfo (RoleInfo.java:shutdownFollowerState(121)) - b9fe614c-fc92-49ed-846d-3792d102db8e: shutdown FollowerState
2019-10-01 12:44:04,348 [Thread-4464] INFO  impl.RaftServerImpl (RaftServerImpl.java:setRole(170)) - b9fe614c-fc92-49ed-846d-3792d102db8e@group-A507E1BBFCBE: changes role from  FOLLOWER to CANDIDATE at term 1 for changeToCandidate
2019-10-01 12:44:04,349 [Thread-4464] INFO  impl.RoleInfo (RoleInfo.java:updateAndGet(143)) - b9fe614c-fc92-49ed-846d-3792d102db8e: start LeaderElection
2019-10-01 12:44:04,359 [Thread-4466] INFO  impl.FollowerState (FollowerState.java:run(108)) - d3d96536-50c0-424c-b791-b7211a690396@group-A507E1BBFCBE-FollowerState: change to CANDIDATE, lastRpcTime:5080ms, electionTimeout:5080ms
2019-10-01 12:44:04,359 [Thread-4466] INFO  impl.RoleInfo (RoleInfo.java:shutdownFollowerState(121)) - d3d96536-50c0-424c-b791-b7211a690396: shutdown FollowerState
2019-10-01 12:44:04,360 [Thread-4466] INFO  impl.RaftServerImpl (RaftServerImpl.java:setRole(170)) - d3d96536-50c0-424c-b791-b7211a690396@group-A507E1BBFCBE: changes role from  FOLLOWER to CANDIDATE at term 1 for changeToCandidate
2019-10-01 12:44:04,360 [Thread-4466] INFO  impl.RoleInfo (RoleInfo.java:updateAndGet(143)) - d3d96536-50c0-424c-b791-b7211a690396: start LeaderElection
2019-10-01 12:44:04,376 [b9fe614c-fc92-49ed-846d-3792d102db8e@group-A507E1BBFCBE-LeaderElection111] INFO  impl.LeaderElection (LeaderElection.java:askForVotes(178)) - b9fe614c-fc92-49ed-846d-3792d102db8e@group-A507E1BBFCBE-LeaderElection111: begin an election at term 2 for -1: [b9fe614c-fc92-49ed-846d-3792d102db8e:192.168.30.18:41459, 1699c8ac-b1ac-4189-87c7-7e52019aab6f:192.168.30.18:44682, d3d96536-50c0-424c-b791-b7211a690396:192.168.30.18:44647], old=null
2019-10-01 12:44:04,376 [1699c8ac-b1ac-4189-87c7-7e52019aab6f@group-A507E1BBFCBE-LeaderElection110] INFO  impl.LeaderElection (LeaderElection.java:askForVotes(178)) - 1699c8ac-b1ac-4189-87c7-7e52019aab6f@group-A507E1BBFCBE-LeaderElection110: begin an election at term 2 for -1: [b9fe614c-fc92-49ed-846d-3792d102db8e:192.168.30.18:41459, 1699c8ac-b1ac-4189-87c7-7e52019aab6f:192.168.30.18:44682, d3d96536-50c0-424c-b791-b7211a690396:192.168.30.18:44647], old=null
2019-10-01 12:44:04,397 [d3d96536-50c0-424c-b791-b7211a690396@group-A507E1BBFCBE-LeaderElection112] INFO  impl.LeaderElection (LeaderElection.java:askForVotes(178)) - d3d96536-50c0-424c-b791-b7211a690396@group-A507E1BBFCBE-LeaderElection112: begin an election at term 2 for -1: [b9fe614c-fc92-49ed-846d-3792d102db8e:192.168.30.18:41459, 1699c8ac-b1ac-4189-87c7-7e52019aab6f:192.168.30.18:44682, d3d96536-50c0-424c-b791-b7211a690396:192.168.30.18:44647], old=null
2019-10-01 12:44:04,398 [b9fe614c-fc92-49ed-846d-3792d102db8e@group-A507E1BBFCBE-LeaderElection111] INFO  impl.LeaderElection (LeaderElection.java:logAndReturn(56)) - b9fe614c-fc92-49ed-846d-3792d102db8e@group-A507E1BBFCBE-LeaderElection111: Election REJECTED; received 2 response(s) [b9fe614c-fc92-49ed-846d-3792d102db8e<-1699c8ac-b1ac-4189-87c7-7e52019aab6f#0:FAIL-t2, b9fe614c-fc92-49ed-846d-3792d102db8e<-d3d96536-50c0-424c-b791-b7211a690396#0:FAIL-t2] and 0 exception(s); b9fe614c-fc92-49ed-846d-3792d102db8e@group-A507E1BBFCBE:t2, leader=null, voted=b9fe614c-fc92-49ed-846d-3792d102db8e, raftlog=b9fe614c-fc92-49ed-846d-3792d102db8e@group-A507E1BBFCBE-SegmentedRaftLog:OPENED:c-1,f-1,i0, conf=-1: [b9fe614c-fc92-49ed-846d-3792d102db8e:192.168.30.18:41459, 1699c8ac-b1ac-4189-87c7-7e52019aab6f:192.168.30.18:44682, d3d96536-50c0-424c-b791-b7211a690396:192.168.30.18:44647], old=null
2019-10-01 12:44:04,398 [1699c8ac-b1ac-4189-87c7-7e52019aab6f@group-A507E1BBFCBE-LeaderElection110] INFO  impl.LeaderElection (LeaderElection.java:logAndReturn(56)) - 1699c8ac-b1ac-4189-87c7-7e52019aab6f@group-A507E1BBFCBE-LeaderElection110: Election REJECTED; received 2 response(s) [1699c8ac-b1ac-4189-87c7-7e52019aab6f<-b9fe614c-fc92-49ed-846d-3792d102db8e#0:FAIL-t2, 1699c8ac-b1ac-4189-87c7-7e52019aab6f<-d3d96536-50c0-424c-b791-b7211a690396#0:FAIL-t2] and 0 exception(s); 1699c8ac-b1ac-4189-87c7-7e52019aab6f@group-A507E1BBFCBE:t2, leader=null, voted=1699c8ac-b1ac-4189-87c7-7e52019aab6f, raftlog=1699c8ac-b1ac-4189-87c7-7e52019aab6f@group-A507E1BBFCBE-SegmentedRaftLog:OPENED:c-1,f-1,i0, conf=-1: [b9fe614c-fc92-49ed-846d-3792d102db8e:192.168.30.18:41459, 1699c8ac-b1ac-4189-87c7-7e52019aab6f:192.168.30.18:44682, d3d96536-50c0-424c-b791-b7211a690396:192.168.30.18:44647], old=null
2019-10-01 12:44:04,399 [b9fe614c-fc92-49ed-846d-3792d102db8e@group-A507E1BBFCBE-LeaderElection111] INFO  impl.RaftServerImpl (RaftServerImpl.java:setRole(170)) - b9fe614c-fc92-49ed-846d-3792d102db8e@group-A507E1BBFCBE: changes role from CANDIDATE to FOLLOWER at term 2 for DISCOVERED_A_NEW_TERM
2019-10-01 12:44:04,402 [1699c8ac-b1ac-4189-87c7-7e52019aab6f@group-A507E1BBFCBE-LeaderElection110] INFO  impl.RaftServerImpl (RaftServerImpl.java:setRole(170)) - 1699c8ac-b1ac-4189-87c7-7e52019aab6f@group-A507E1BBFCBE: changes role from CANDIDATE to FOLLOWER at term 2 for DISCOVERED_A_NEW_TERM
2019-10-01 12:44:04,402 [b9fe614c-fc92-49ed-846d-3792d102db8e@group-A507E1BBFCBE-LeaderElection111] INFO  impl.RoleInfo (RoleInfo.java:shutdownLeaderElection(134)) - b9fe614c-fc92-49ed-846d-3792d102db8e: shutdown LeaderElection
2019-10-01 12:44:04,405 [1699c8ac-b1ac-4189-87c7-7e52019aab6f@group-A507E1BBFCBE-LeaderElection110] INFO  impl.RoleInfo (RoleInfo.java:shutdownLeaderElection(134)) - 1699c8ac-b1ac-4189-87c7-7e52019aab6f: shutdown LeaderElection
2019-10-01 12:44:04,406 [b9fe614c-fc92-49ed-846d-3792d102db8e@group-A507E1BBFCBE-LeaderElection111] INFO  impl.RoleInfo (RoleInfo.java:updateAndGet(143)) - b9fe614c-fc92-49ed-846d-3792d102db8e: start FollowerState
2019-10-01 12:44:04,406 [1699c8ac-b1ac-4189-87c7-7e52019aab6f@group-A507E1BBFCBE-LeaderElection110] INFO  impl.RoleInfo (RoleInfo.java:updateAndGet(143)) - 1699c8ac-b1ac-4189-87c7-7e52019aab6f: start FollowerState
2019-10-01 12:44:04,407 [d3d96536-50c0-424c-b791-b7211a690396@group-A507E1BBFCBE-LeaderElection112] INFO  impl.LeaderElection (LeaderElection.java:logAndReturn(56)) - d3d96536-50c0-424c-b791-b7211a690396@group-A507E1BBFCBE-LeaderElection112: Election REJECTED; received 2 response(s) [d3d96536-50c0-424c-b791-b7211a690396<-b9fe614c-fc92-49ed-846d-3792d102db8e#0:FAIL-t2, d3d96536-50c0-424c-b791-b7211a690396<-1699c8ac-b1ac-4189-87c7-7e52019aab6f#0:FAIL-t2] and 0 exception(s); d3d96536-50c0-424c-b791-b7211a690396@group-A507E1BBFCBE:t2, leader=null, voted=d3d96536-50c0-424c-b791-b7211a690396, raftlog=d3d96536-50c0-424c-b791-b7211a690396@group-A507E1BBFCBE-SegmentedRaftLog:OPENED:c-1,f-1,i0, conf=-1: [b9fe614c-fc92-49ed-846d-3792d102db8e:192.168.30.18:41459, 1699c8ac-b1ac-4189-87c7-7e52019aab6f:192.168.30.18:44682, d3d96536-50c0-424c-b791-b7211a690396:192.168.30.18:44647], old=null
2019-10-01 12:44:04,407 [d3d96536-50c0-424c-b791-b7211a690396@group-A507E1BBFCBE-LeaderElection112] INFO  impl.RaftServerImpl (RaftServerImpl.java:setRole(170)) - d3d96536-50c0-424c-b791-b7211a690396@group-A507E1BBFCBE: changes role from CANDIDATE to FOLLOWER at term 2 for DISCOVERED_A_NEW_TERM
2019-10-01 12:44:04,408 [d3d96536-50c0-424c-b791-b7211a690396@group-A507E1BBFCBE-LeaderElection112] INFO  impl.RoleInfo (RoleInfo.java:shutdownLeaderElection(134)) - d3d96536-50c0-424c-b791-b7211a690396: shutdown LeaderElection
2019-10-01 12:44:04,408 [d3d96536-50c0-424c-b791-b7211a690396@group-A507E1BBFCBE-LeaderElection112] INFO  impl.RoleInfo (RoleInfo.java:updateAndGet(143)) - d3d96536-50c0-424c-b791-b7211a690396: start FollowerState
2019-10-01 12:44:09,440 [Thread-4524] INFO  impl.FollowerState (FollowerState.java:run(108)) - b9fe614c-fc92-49ed-846d-3792d102db8e@group-A507E1BBFCBE-FollowerState: change to CANDIDATE, lastRpcTime:5034ms, electionTimeout:5034ms
2019-10-01 12:44:09,444 [Thread-4524] INFO  impl.RoleInfo (RoleInfo.java:shutdownFollowerState(121)) - b9fe614c-fc92-49ed-846d-3792d102db8e: shutdown FollowerState
2019-10-01 12:44:09,444 [Thread-4524] INFO  impl.RaftServerImpl (RaftServerImpl.java:setRole(170)) - b9fe614c-fc92-49ed-846d-3792d102db8e@group-A507E1BBFCBE: changes role from  FOLLOWER to CANDIDATE at term 2 for changeToCandidate
2019-10-01 12:44:09,444 [Thread-4524] INFO  impl.RoleInfo (RoleInfo.java:updateAndGet(143)) - b9fe614c-fc92-49ed-846d-3792d102db8e: start LeaderElection
2019-10-01 12:44:09,492 [b9fe614c-fc92-49ed-846d-3792d102db8e@group-A507E1BBFCBE-LeaderElection113] INFO  impl.LeaderElection (LeaderElection.java:askForVotes(178)) - b9fe614c-fc92-49ed-846d-3792d102db8e@group-A507E1BBFCBE-LeaderElection113: begin an election at term 3 for -1: [b9fe614c-fc92-49ed-846d-3792d102db8e:192.168.30.18:41459, 1699c8ac-b1ac-4189-87c7-7e52019aab6f:192.168.30.18:44682, d3d96536-50c0-424c-b791-b7211a690396:192.168.30.18:44647], old=null
2019-10-01 12:44:09,495 [grpc-default-executor-10] INFO  impl.RaftServerImpl (RaftServerImpl.java:setRole(170)) - d3d96536-50c0-424c-b791-b7211a690396@group-A507E1BBFCBE: changes role from  FOLLOWER to FOLLOWER at term 3 for recognizeCandidate:b9fe614c-fc92-49ed-846d-3792d102db8e
2019-10-01 12:44:09,495 [grpc-default-executor-2] INFO  impl.RaftServerImpl (RaftServerImpl.java:setRole(170)) - 1699c8ac-b1ac-4189-87c7-7e52019aab6f@group-A507E1BBFCBE: changes role from  FOLLOWER to FOLLOWER at term 3 for recognizeCandidate:b9fe614c-fc92-49ed-846d-3792d102db8e
2019-10-01 12:44:09,495 [grpc-default-executor-10] INFO  impl.RoleInfo (RoleInfo.java:shutdownFollowerState(121)) - d3d96536-50c0-424c-b791-b7211a690396: shutdown FollowerState
2019-10-01 12:44:09,495 [grpc-default-executor-2] INFO  impl.RoleInfo (RoleInfo.java:shutdownFollowerState(121)) - 1699c8ac-b1ac-4189-87c7-7e52019aab6f: shutdown FollowerState
2019-10-01 12:44:09,495 [Thread-4526] INFO  impl.FollowerState (FollowerState.java:run(117)) - d3d96536-50c0-424c-b791-b7211a690396@group-A507E1BBFCBE-FollowerState was interrupted: java.lang.InterruptedException: sleep interrupted
2019-10-01 12:44:09,495 [Thread-4525] INFO  impl.FollowerState (FollowerState.java:run(117)) - 1699c8ac-b1ac-4189-87c7-7e52019aab6f@group-A507E1BBFCBE-FollowerState was interrupted: java.lang.InterruptedException: sleep interrupted
2019-10-01 12:44:09,495 [grpc-default-executor-10] INFO  impl.RoleInfo (RoleInfo.java:updateAndGet(143)) - d3d96536-50c0-424c-b791-b7211a690396: start FollowerState
2019-10-01 12:44:09,495 [grpc-default-executor-2] INFO  impl.RoleInfo (RoleInfo.java:updateAndGet(143)) - 1699c8ac-b1ac-4189-87c7-7e52019aab6f: start FollowerState
2019-10-01 12:44:09,527 [b9fe614c-fc92-49ed-846d-3792d102db8e@group-A507E1BBFCBE-LeaderElection113] INFO  impl.LeaderElection (LeaderElection.java:logAndReturn(56)) - b9fe614c-fc92-49ed-846d-3792d102db8e@group-A507E1BBFCBE-LeaderElection113: Election PASSED; received 1 response(s) [b9fe614c-fc92-49ed-846d-3792d102db8e<-1699c8ac-b1ac-4189-87c7-7e52019aab6f#0:OK-t3] and 0 exception(s); b9fe614c-fc92-49ed-846d-3792d102db8e@group-A507E1BBFCBE:t3, leader=null, voted=b9fe614c-fc92-49ed-846d-3792d102db8e, raftlog=b9fe614c-fc92-49ed-846d-3792d102db8e@group-A507E1BBFCBE-SegmentedRaftLog:OPENED:c-1,f-1,i0, conf=-1: [b9fe614c-fc92-49ed-846d-3792d102db8e:192.168.30.18:41459, 1699c8ac-b1ac-4189-87c7-7e52019aab6f:192.168.30.18:44682, d3d96536-50c0-424c-b791-b7211a690396:192.168.30.18:44647], old=null
2019-10-01 12:44:09,527 [b9fe614c-fc92-49ed-846d-3792d102db8e@group-A507E1BBFCBE-LeaderElection113] INFO  impl.RoleInfo (RoleInfo.java:shutdownLeaderElection(134)) - b9fe614c-fc92-49ed-846d-3792d102db8e: shutdown LeaderElection
2019-10-01 12:44:09,527 [b9fe614c-fc92-49ed-846d-3792d102db8e@group-A507E1BBFCBE-LeaderElection113] INFO  impl.RaftServerImpl (RaftServerImpl.java:setRole(170)) - b9fe614c-fc92-49ed-846d-3792d102db8e@group-A507E1BBFCBE: changes role from CANDIDATE to LEADER at term 3 for changeToLeader
2019-10-01 12:44:09,527 [b9fe614c-fc92-49ed-846d-3792d102db8e@group-A507E1BBFCBE-LeaderElection113] INFO  impl.RaftServerImpl (ServerState.java:setLeader(255)) - b9fe614c-fc92-49ed-846d-3792d102db8e@group-A507E1BBFCBE: change Leader from null to b9fe614c-fc92-49ed-846d-3792d102db8e at term 3 for becomeLeader, leader elected after 15407ms
2019-10-01 12:44:09,528 [b9fe614c-fc92-49ed-846d-3792d102db8e@group-A507E1BBFCBE-LeaderElection113] INFO  server.RaftServerConfigKeys (ConfUtils.java:logGet(43)) - raft.server.staging.catchup.gap = 1000 (default)
2019-10-01 12:44:09,528 [b9fe614c-fc92-49ed-846d-3792d102db8e@group-A507E1BBFCBE-LeaderElection113] INFO  server.RaftServerConfigKeys (ConfUtils.java:logGet(43)) - raft.server.rpc.sleep.time = 25ms (default)
2019-10-01 12:44:09,528 [b9fe614c-fc92-49ed-846d-3792d102db8e@group-A507E1BBFCBE-LeaderElection113] INFO  server.RaftServerConfigKeys (ConfUtils.java:logGet(43)) - raft.server.write.element-limit = 4096 (default)
2019-10-01 12:44:09,529 [b9fe614c-fc92-49ed-846d-3792d102db8e@group-A507E1BBFCBE-LeaderElection113] INFO  server.RaftServerConfigKeys (ConfUtils.java:logGet(43)) - raft.server.watch.timeout = 10s (default)
2019-10-01 12:44:09,529 [b9fe614c-fc92-49ed-846d-3792d102db8e@group-A507E1BBFCBE-LeaderElection113] INFO  server.RaftServerConfigKeys (ConfUtils.java:logGet(43)) - raft.server.watch.timeout.denomination = 1s (default)
2019-10-01 12:44:09,529 [b9fe614c-fc92-49ed-846d-3792d102db8e@group-A507E1BBFCBE-LeaderElection113] INFO  server.RaftServerConfigKeys (ConfUtils.java:logGet(43)) - raft.server.watch.element-limit = 65536 (default)
2019-10-01 12:44:09,534 [b9fe614c-fc92-49ed-846d-3792d102db8e@group-A507E1BBFCBE-LeaderElection113] INFO  server.RaftServerConfigKeys (ConfUtils.java:logGet(43)) - raft.server.log.appender.snapshot.chunk.size.max = 16MB (=16777216) (default)
2019-10-01 12:44:09,534 [b9fe614c-fc92-49ed-846d-3792d102db8e@group-A507E1BBFCBE-LeaderElection113] INFO  server.RaftServerConfigKeys (ConfUtils.java:logGet(43)) - raft.server.log.appender.buffer.byte-limit = 33554432 (custom)
2019-10-01 12:44:09,534 [b9fe614c-fc92-49ed-846d-3792d102db8e@group-A507E1BBFCBE-LeaderElection113] INFO  server.RaftServerConfigKeys (ConfUtils.java:logGet(43)) - raft.server.log.appender.buffer.element-limit = 1 (custom)
2019-10-01 12:44:09,535 [b9fe614c-fc92-49ed-846d-3792d102db8e@group-A507E1BBFCBE-LeaderElection113] INFO  grpc.GrpcConfigKeys$Server (ConfUtils.java:logGet(43)) - raft.grpc.server.leader.outstanding.appends.max = 128 (default)
2019-10-01 12:44:09,535 [b9fe614c-fc92-49ed-846d-3792d102db8e@group-A507E1BBFCBE-LeaderElection113] INFO  server.RaftServerConfigKeys (ConfUtils.java:logGet(43)) - raft.server.rpc.request.timeout = 3000ms (default)
2019-10-01 12:44:09,535 [b9fe614c-fc92-49ed-846d-3792d102db8e@group-A507E1BBFCBE-LeaderElection113] INFO  server.RaftServerConfigKeys (ConfUtils.java:logGet(43)) - raft.server.log.appender.install.snapshot.enabled = false (custom)
2019-10-01 12:44:09,536 [b9fe614c-fc92-49ed-846d-3792d102db8e@group-A507E1BBFCBE-LeaderElection113] INFO  server.RaftServerConfigKeys (ConfUtils.java:logGet(43)) - raft.server.log.appender.snapshot.chunk.size.max = 16MB (=16777216) (default)
2019-10-01 12:44:09,536 [b9fe614c-fc92-49ed-846d-3792d102db8e@group-A507E1BBFCBE-LeaderElection113] INFO  server.RaftServerConfigKeys (ConfUtils.java:logGet(43)) - raft.server.log.appender.buffer.byte-limit = 33554432 (custom)
2019-10-01 12:44:09,536 [b9fe614c-fc92-49ed-846d-3792d102db8e@group-A507E1BBFCBE-LeaderElection113] INFO  server.RaftServerConfigKeys (ConfUtils.java:logGet(43)) - raft.server.log.appender.buffer.element-limit = 1 (custom)
2019-10-01 12:44:09,536 [b9fe614c-fc92-49ed-846d-3792d102db8e@group-A507E1BBFCBE-LeaderElection113] INFO  grpc.GrpcConfigKeys$Server (ConfUtils.java:logGet(43)) - raft.grpc.server.leader.outstanding.appends.max = 128 (default)
2019-10-01 12:44:09,537 [b9fe614c-fc92-49ed-846d-3792d102db8e@group-A507E1BBFCBE-LeaderElection113] INFO  server.RaftServerConfigKeys (ConfUtils.java:logGet(43)) - raft.server.rpc.request.timeout = 3000ms (default)
2019-10-01 12:44:09,537 [b9fe614c-fc92-49ed-846d-3792d102db8e@group-A507E1BBFCBE-LeaderElection113] INFO  server.RaftServerConfigKeys (ConfUtils.java:logGet(43)) - raft.server.log.appender.install.snapshot.enabled = false (custom)
2019-10-01 12:44:09,537 [b9fe614c-fc92-49ed-846d-3792d102db8e@group-A507E1BBFCBE-LeaderElection113] INFO  impl.RoleInfo (RoleInfo.java:updateAndGet(143)) - b9fe614c-fc92-49ed-846d-3792d102db8e: start LeaderState
2019-10-01 12:44:09,538 [b9fe614c-fc92-49ed-846d-3792d102db8e@group-A507E1BBFCBE-LeaderElection113] INFO  segmented.SegmentedRaftLogWorker (SegmentedRaftLogWorker.java:startLogSegment(385)) - b9fe614c-fc92-49ed-846d-3792d102db8e@group-A507E1BBFCBE-SegmentedRaftLogWorker: Starting segment from index:0
2019-10-01 12:44:09,539 [b9fe614c-fc92-49ed-846d-3792d102db8e@group-A507E1BBFCBE-LeaderElection113] INFO  impl.RaftServerImpl (ServerState.java:setRaftConf(356)) - b9fe614c-fc92-49ed-846d-3792d102db8e@group-A507E1BBFCBE: set configuration 0: [b9fe614c-fc92-49ed-846d-3792d102db8e:192.168.30.18:41459, 1699c8ac-b1ac-4189-87c7-7e52019aab6f:192.168.30.18:44682, d3d96536-50c0-424c-b791-b7211a690396:192.168.30.18:44647], old=null at 0
2019-10-01 12:44:09,540 [grpc-default-executor-10] INFO  impl.RaftServerImpl (ServerState.java:setLeader(255)) - 1699c8ac-b1ac-4189-87c7-7e52019aab6f@group-A507E1BBFCBE: change Leader from null to b9fe614c-fc92-49ed-846d-3792d102db8e at term 3 for appendEntries, leader elected after 15420ms
2019-10-01 12:44:09,565 [grpc-default-executor-10] INFO  impl.RaftServerImpl (ServerState.java:setLeader(255)) - d3d96536-50c0-424c-b791-b7211a690396@group-A507E1BBFCBE: change Leader from null to b9fe614c-fc92-49ed-846d-3792d102db8e at term 3 for appendEntries, leader elected after 15445ms
2019-10-01 12:44:09,567 [grpc-default-executor-10] INFO  impl.RaftServerImpl (ServerState.java:setRaftConf(356)) - 1699c8ac-b1ac-4189-87c7-7e52019aab6f@group-A507E1BBFCBE: set configuration 0: [b9fe614c-fc92-49ed-846d-3792d102db8e:192.168.30.18:41459, 1699c8ac-b1ac-4189-87c7-7e52019aab6f:192.168.30.18:44682, d3d96536-50c0-424c-b791-b7211a690396:192.168.30.18:44647], old=null at 0
2019-10-01 12:44:09,567 [grpc-default-executor-8] INFO  impl.RaftServerImpl (ServerState.java:setRaftConf(356)) - d3d96536-50c0-424c-b791-b7211a690396@group-A507E1BBFCBE: set configuration 0: [b9fe614c-fc92-49ed-846d-3792d102db8e:192.168.30.18:41459, 1699c8ac-b1ac-4189-87c7-7e52019aab6f:192.168.30.18:44682, d3d96536-50c0-424c-b791-b7211a690396:192.168.30.18:44647], old=null at 0
2019-10-01 12:44:09,567 [grpc-default-executor-10] INFO  segmented.SegmentedRaftLogWorker (SegmentedRaftLogWorker.java:startLogSegment(385)) - 1699c8ac-b1ac-4189-87c7-7e52019aab6f@group-A507E1BBFCBE-SegmentedRaftLogWorker: Starting segment from index:0
2019-10-01 12:44:09,568 [grpc-default-executor-8] INFO  segmented.SegmentedRaftLogWorker (SegmentedRaftLogWorker.java:startLogSegment(385)) - d3d96536-50c0-424c-b791-b7211a690396@group-A507E1BBFCBE-SegmentedRaftLogWorker: Starting segment from index:0
2019-10-01 12:44:09,598 [b9fe614c-fc92-49ed-846d-3792d102db8e@group-A507E1BBFCBE-SegmentedRaftLogWorker] INFO  segmented.SegmentedRaftLogWorker (SegmentedRaftLogWorker.java:execute(574)) - b9fe614c-fc92-49ed-846d-3792d102db8e@group-A507E1BBFCBE-SegmentedRaftLogWorker: created new log segment /workdir/hadoop-ozone/integration-test/target/test-dir/MiniOzoneClusterImpl-54047bbe-a4d0-46f5-93a6-5a04f7d29f94/datanode-2/data/ratis/83668dcf-41b4-46fc-9491-a507e1bbfcbe/current/log_inprogress_0
2019-10-01 12:44:09,619 [d3d96536-50c0-424c-b791-b7211a690396@group-A507E1BBFCBE-SegmentedRaftLogWorker] INFO  segmented.SegmentedRaftLogWorker (SegmentedRaftLogWorker.java:execute(574)) - d3d96536-50c0-424c-b791-b7211a690396@group-A507E1BBFCBE-SegmentedRaftLogWorker: created new log segment /workdir/hadoop-ozone/integration-test/target/test-dir/MiniOzoneClusterImpl-54047bbe-a4d0-46f5-93a6-5a04f7d29f94/datanode-0/data/ratis/83668dcf-41b4-46fc-9491-a507e1bbfcbe/current/log_inprogress_0
2019-10-01 12:44:09,619 [1699c8ac-b1ac-4189-87c7-7e52019aab6f@group-A507E1BBFCBE-SegmentedRaftLogWorker] INFO  segmented.SegmentedRaftLogWorker (SegmentedRaftLogWorker.java:execute(574)) - 1699c8ac-b1ac-4189-87c7-7e52019aab6f@group-A507E1BBFCBE-SegmentedRaftLogWorker: created new log segment /workdir/hadoop-ozone/integration-test/target/test-dir/MiniOzoneClusterImpl-54047bbe-a4d0-46f5-93a6-5a04f7d29f94/datanode-1/data/ratis/83668dcf-41b4-46fc-9491-a507e1bbfcbe/current/log_inprogress_0
2019-10-01 12:44:12,984 [main] WARN  scm.XceiverClientRatis (XceiverClientRatis.java:watchForCommit(292)) - 3 way commit failed on pipeline Pipeline[ Id: 83668dcf-41b4-46fc-9491-a507e1bbfcbe, Nodes: 1699c8ac-b1ac-4189-87c7-7e52019aab6f{ip: 192.168.30.18, host: pr-hdds-2199-dnstouuidmap-6cjbd-2468009341, networkLocation: /default-rack, certSerialId: null}d3d96536-50c0-424c-b791-b7211a690396{ip: 192.168.30.18, host: pr-hdds-2199-dnstouuidmap-6cjbd-2468009341, networkLocation: /default-rack, certSerialId: null}b9fe614c-fc92-49ed-846d-3792d102db8e{ip: 192.168.30.18, host: pr-hdds-2199-dnstouuidmap-6cjbd-2468009341, networkLocation: /default-rack, certSerialId: null}, Type:RATIS, Factor:THREE, State:OPEN]
java.util.concurrent.TimeoutException
	at java.util.concurrent.CompletableFuture.timedGet(CompletableFuture.java:1771)
	at java.util.concurrent.CompletableFuture.get(CompletableFuture.java:1915)
	at org.apache.hadoop.hdds.scm.XceiverClientRatis.watchForCommit(XceiverClientRatis.java:289)
	at org.apache.hadoop.hdds.scm.storage.CommitWatcher.watchForCommit(CommitWatcher.java:194)
	at org.apache.hadoop.hdds.scm.storage.CommitWatcher.watchOnLastIndex(CommitWatcher.java:157)
	at org.apache.hadoop.hdds.scm.storage.BlockOutputStream.watchForCommit(BlockOutputStream.java:347)
	at org.apache.hadoop.hdds.scm.storage.BlockOutputStream.handleFlush(BlockOutputStream.java:479)
	at org.apache.hadoop.hdds.scm.storage.BlockOutputStream.flush(BlockOutputStream.java:428)
	at org.apache.hadoop.ozone.client.io.BlockOutputStreamEntry.flush(BlockOutputStreamEntry.java:136)
	at org.apache.hadoop.ozone.client.io.KeyOutputStream.handleFlushOrClose(KeyOutputStream.java:443)
	at org.apache.hadoop.ozone.client.io.KeyOutputStream.flush(KeyOutputStream.java:397)
	at org.apache.hadoop.ozone.client.io.OzoneOutputStream.flush(OzoneOutputStream.java:54)
	at org.apache.hadoop.ozone.client.rpc.TestBlockOutputStreamWithFailures.testExceptionDuringClose(TestBlockOutputStreamWithFailures.java:720)
	at sun.reflect.NativeMethodAccessorImpl.invoke0(Native Method)
	at sun.reflect.NativeMethodAccessorImpl.invoke(NativeMethodAccessorImpl.java:62)
	at sun.reflect.DelegatingMethodAccessorImpl.invoke(DelegatingMethodAccessorImpl.java:43)
	at java.lang.reflect.Method.invoke(Method.java:498)
	at org.junit.runners.model.FrameworkMethod$1.runReflectiveCall(FrameworkMethod.java:47)
	at org.junit.internal.runners.model.ReflectiveCallable.run(ReflectiveCallable.java:12)
	at org.junit.runners.model.FrameworkMethod.invokeExplosively(FrameworkMethod.java:44)
	at org.junit.internal.runners.statements.InvokeMethod.evaluate(InvokeMethod.java:17)
	at org.junit.internal.runners.statements.RunBefores.evaluate(RunBefores.java:26)
	at org.junit.internal.runners.statements.RunAfters.evaluate(RunAfters.java:27)
	at org.junit.runners.ParentRunner.runLeaf(ParentRunner.java:271)
	at org.junit.runners.BlockJUnit4ClassRunner.runChild(BlockJUnit4ClassRunner.java:70)
	at org.junit.runners.BlockJUnit4ClassRunner.runChild(BlockJUnit4ClassRunner.java:50)
	at org.junit.runners.ParentRunner$3.run(ParentRunner.java:238)
	at org.junit.runners.ParentRunner$1.schedule(ParentRunner.java:63)
	at org.junit.runners.ParentRunner.runChildren(ParentRunner.java:236)
	at org.junit.runners.ParentRunner.access$000(ParentRunner.java:53)
	at org.junit.runners.ParentRunner$2.evaluate(ParentRunner.java:229)
	at org.junit.runners.ParentRunner.run(ParentRunner.java:309)
	at org.apache.maven.surefire.junit4.JUnit4Provider.execute(JUnit4Provider.java:365)
	at org.apache.maven.surefire.junit4.JUnit4Provider.executeWithRerun(JUnit4Provider.java:273)
	at org.apache.maven.surefire.junit4.JUnit4Provider.executeTestSet(JUnit4Provider.java:238)
	at org.apache.maven.surefire.junit4.JUnit4Provider.invoke(JUnit4Provider.java:159)
	at org.apache.maven.surefire.booter.ForkedBooter.invokeProviderInSameClassLoader(ForkedBooter.java:384)
	at org.apache.maven.surefire.booter.ForkedBooter.runSuitesInProcess(ForkedBooter.java:345)
	at org.apache.maven.surefire.booter.ForkedBooter.execute(ForkedBooter.java:126)
	at org.apache.maven.surefire.booter.ForkedBooter.main(ForkedBooter.java:418)
2019-10-01 12:44:12,993 [main] INFO  scm.XceiverClientRatis (XceiverClientRatis.java:lambda$watchForCommit$7(310)) - Could not commit index 4 on pipeline Pipeline[ Id: 83668dcf-41b4-46fc-9491-a507e1bbfcbe, Nodes: 1699c8ac-b1ac-4189-87c7-7e52019aab6f{ip: 192.168.30.18, host: pr-hdds-2199-dnstouuidmap-6cjbd-2468009341, networkLocation: /default-rack, certSerialId: null}d3d96536-50c0-424c-b791-b7211a690396{ip: 192.168.30.18, host: pr-hdds-2199-dnstouuidmap-6cjbd-2468009341, networkLocation: /default-rack, certSerialId: null}b9fe614c-fc92-49ed-846d-3792d102db8e{ip: 192.168.30.18, host: pr-hdds-2199-dnstouuidmap-6cjbd-2468009341, networkLocation: /default-rack, certSerialId: null}, Type:RATIS, Factor:THREE, State:OPEN] to all the nodes. Server 1699c8ac-b1ac-4189-87c7-7e52019aab6f has failed. Committed by majority.
2019-10-01 12:44:12,994 [main] WARN  storage.BlockOutputStream (BlockOutputStream.java:watchForCommit(353)) - Failed to commit BlockId conID: 1 locID: 102887183833694230 bcsId: 4 on Pipeline[ Id: 83668dcf-41b4-46fc-9491-a507e1bbfcbe, Nodes: 1699c8ac-b1ac-4189-87c7-7e52019aab6f{ip: 192.168.30.18, host: pr-hdds-2199-dnstouuidmap-6cjbd-2468009341, networkLocation: /default-rack, certSerialId: null}d3d96536-50c0-424c-b791-b7211a690396{ip: 192.168.30.18, host: pr-hdds-2199-dnstouuidmap-6cjbd-2468009341, networkLocation: /default-rack, certSerialId: null}b9fe614c-fc92-49ed-846d-3792d102db8e{ip: 192.168.30.18, host: pr-hdds-2199-dnstouuidmap-6cjbd-2468009341, networkLocation: /default-rack, certSerialId: null}, Type:RATIS, Factor:THREE, State:OPEN]. Failed nodes: [1699c8ac-b1ac-4189-87c7-7e52019aab6f{ip: null, host: null, networkLocation: /default-rack, certSerialId: null}]
2019-10-01 12:44:12,995 [main] INFO  ozone.MiniOzoneClusterImpl (MiniOzoneClusterImpl.java:shutdown(314)) - Shutting down the Mini Ozone Cluster
2019-10-01 12:44:12,995 [main] INFO  ozone.MiniOzoneClusterImpl (MiniOzoneClusterImpl.java:stop(330)) - Stopping the Mini Ozone Cluster
2019-10-01 12:44:12,995 [main] INFO  ozone.MiniOzoneClusterImpl (MiniOzoneClusterImpl.java:stopOM(400)) - Stopping the OzoneManager
2019-10-01 12:44:12,995 [main] INFO  ipc.Server (Server.java:stop(3082)) - Stopping server on 34532
2019-10-01 12:44:13,028 [IPC Server listener on 34532] INFO  ipc.Server (Server.java:run(1185)) - Stopping IPC Server listener on 34532
2019-10-01 12:44:13,032 [main] INFO  ratis.OzoneManagerDoubleBuffer (OzoneManagerDoubleBuffer.java:stop(248)) - Stopping OMDoubleBuffer flush thread
2019-10-01 12:44:13,032 [IPC Server Responder] INFO  ipc.Server (Server.java:run(1319)) - Stopping IPC Server Responder
2019-10-01 12:44:13,048 [OMDoubleBufferFlushThread] INFO  ratis.OzoneManagerDoubleBuffer (OzoneManagerDoubleBuffer.java:flushTransactions(191)) - OMDoubleBuffer flush thread OMDoubleBufferFlushThread is interrupted and will exit. OMDoubleBufferFlushThread
2019-10-01 12:44:13,048 [main] INFO  utils.BackgroundService (BackgroundService.java:shutdown(148)) - Shutting down service KeyDeletingService
2019-10-01 12:44:13,049 [main] INFO  handler.ContextHandler (ContextHandler.java:doStop(910)) - Stopped o.e.j.w.WebAppContext@24aedcc5{/,null,UNAVAILABLE}{/ozoneManager}
2019-10-01 12:44:13,050 [main] INFO  server.AbstractConnector (AbstractConnector.java:doStop(318)) - Stopped ServerConnector@74ebd159{HTTP/1.1,[http/1.1]}{0.0.0.0:0}
2019-10-01 12:44:13,050 [main] INFO  handler.ContextHandler (ContextHandler.java:doStop(910)) - Stopped o.e.j.s.ServletContextHandler@27261190{/static,file:///workdir/hadoop-ozone/integration-test/target/test-classes/webapps/static,UNAVAILABLE}
2019-10-01 12:44:13,050 [main] INFO  handler.ContextHandler (ContextHandler.java:doStop(910)) - Stopped o.e.j.s.ServletContextHandler@7b5833ee{/logs,file:///workdir/hadoop-ozone/integration-test/target/log,UNAVAILABLE}
2019-10-01 12:44:13,052 [main] INFO  ozone.MiniOzoneClusterImpl (MiniOzoneClusterImpl.java:stopDatanodes(377)) - Stopping the HddsDatanodes
2019-10-01 12:44:13,129 [Datanode State Machine Thread - 0] INFO  statemachine.DatanodeStateMachine (DatanodeStateMachine.java:lambda$startDaemon$0(350)) - Ozone container server started.
2019-10-01 12:44:13,864 [Datanode State Machine Thread - 0] INFO  statemachine.DatanodeStateMachine (DatanodeStateMachine.java:lambda$startDaemon$0(350)) - Ozone container server started.
2019-10-01 12:44:17,173 [EventQueue-StaleNodeForStaleNodeHandler] INFO  node.StaleNodeHandler (StaleNodeHandler.java:onMessage(58)) - Datanode 89c73eeb-e99a-4ead-a178-f5fc4a551541{ip: 192.168.30.18, host: pr-hdds-2199-dnstouuidmap-6cjbd-2468009341, networkLocation: /default-rack, certSerialId: null} moved to stale state. Finalizing its pipelines [PipelineID=8dcf2df7-8112-4f8b-9a96-0a92257f718e, PipelineID=4e593b69-8a6b-4516-a9b5-0a671898226b]
2019-10-01 12:44:17,174 [EventQueue-StaleNodeForStaleNodeHandler] INFO  pipeline.SCMPipelineManager (SCMPipelineManager.java:finalizeAndDestroyPipeline(315)) - destroying pipeline:Pipeline[ Id: 8dcf2df7-8112-4f8b-9a96-0a92257f718e, Nodes: 89c73eeb-e99a-4ead-a178-f5fc4a551541{ip: 192.168.30.18, host: pr-hdds-2199-dnstouuidmap-6cjbd-2468009341, networkLocation: /default-rack, certSerialId: null}, Type:RATIS, Factor:ONE, State:OPEN]
2019-10-01 12:44:17,174 [EventQueue-StaleNodeForStaleNodeHandler] INFO  pipeline.PipelineStateManager (PipelineStateManager.java:finalizePipeline(123)) - Pipeline Pipeline[ Id: 8dcf2df7-8112-4f8b-9a96-0a92257f718e, Nodes: 89c73eeb-e99a-4ead-a178-f5fc4a551541{ip: 192.168.30.18, host: pr-hdds-2199-dnstouuidmap-6cjbd-2468009341, networkLocation: /default-rack, certSerialId: null}, Type:RATIS, Factor:ONE, State:CLOSED] moved to CLOSED state
2019-10-01 12:44:17,174 [EventQueue-StaleNodeForStaleNodeHandler] INFO  pipeline.SCMPipelineManager (SCMPipelineManager.java:finalizeAndDestroyPipeline(315)) - destroying pipeline:Pipeline[ Id: 4e593b69-8a6b-4516-a9b5-0a671898226b, Nodes: 7b940994-b04a-41d7-acb3-b4567a89b926{ip: 192.168.30.18, host: pr-hdds-2199-dnstouuidmap-6cjbd-2468009341, networkLocation: /default-rack, certSerialId: null}bc7b43ce-939d-49b7-851e-984e78d74e21{ip: 192.168.30.18, host: pr-hdds-2199-dnstouuidmap-6cjbd-2468009341, networkLocation: /default-rack, certSerialId: null}89c73eeb-e99a-4ead-a178-f5fc4a551541{ip: 192.168.30.18, host: pr-hdds-2199-dnstouuidmap-6cjbd-2468009341, networkLocation: /default-rack, certSerialId: null}, Type:RATIS, Factor:THREE, State:OPEN]
2019-10-01 12:44:17,174 [EventQueue-StaleNodeForStaleNodeHandler] INFO  pipeline.PipelineStateManager (PipelineStateManager.java:finalizePipeline(123)) - Pipeline Pipeline[ Id: 4e593b69-8a6b-4516-a9b5-0a671898226b, Nodes: 7b940994-b04a-41d7-acb3-b4567a89b926{ip: 192.168.30.18, host: pr-hdds-2199-dnstouuidmap-6cjbd-2468009341, networkLocation: /default-rack, certSerialId: null}bc7b43ce-939d-49b7-851e-984e78d74e21{ip: 192.168.30.18, host: pr-hdds-2199-dnstouuidmap-6cjbd-2468009341, networkLocation: /default-rack, certSerialId: null}89c73eeb-e99a-4ead-a178-f5fc4a551541{ip: 192.168.30.18, host: pr-hdds-2199-dnstouuidmap-6cjbd-2468009341, networkLocation: /default-rack, certSerialId: null}, Type:RATIS, Factor:THREE, State:CLOSED] moved to CLOSED state
2019-10-01 12:44:17,874 [EventQueue-StaleNodeForStaleNodeHandler] INFO  node.StaleNodeHandler (StaleNodeHandler.java:onMessage(58)) - Datanode 1699c8ac-b1ac-4189-87c7-7e52019aab6f{ip: 192.168.30.18, host: pr-hdds-2199-dnstouuidmap-6cjbd-2468009341, networkLocation: /default-rack, certSerialId: null} moved to stale state. Finalizing its pipelines [PipelineID=83668dcf-41b4-46fc-9491-a507e1bbfcbe, PipelineID=9822987d-5572-4031-ba93-2d65b6116651]
2019-10-01 12:44:17,874 [EventQueue-StaleNodeForStaleNodeHandler] INFO  pipeline.SCMPipelineManager (SCMPipelineManager.java:finalizeAndDestroyPipeline(315)) - destroying pipeline:Pipeline[ Id: 83668dcf-41b4-46fc-9491-a507e1bbfcbe, Nodes: 1699c8ac-b1ac-4189-87c7-7e52019aab6f{ip: 192.168.30.18, host: pr-hdds-2199-dnstouuidmap-6cjbd-2468009341, networkLocation: /default-rack, certSerialId: null}d3d96536-50c0-424c-b791-b7211a690396{ip: 192.168.30.18, host: pr-hdds-2199-dnstouuidmap-6cjbd-2468009341, networkLocation: /default-rack, certSerialId: null}b9fe614c-fc92-49ed-846d-3792d102db8e{ip: 192.168.30.18, host: pr-hdds-2199-dnstouuidmap-6cjbd-2468009341, networkLocation: /default-rack, certSerialId: null}, Type:RATIS, Factor:THREE, State:OPEN]
2019-10-01 12:44:17,874 [EventQueue-StaleNodeForStaleNodeHandler] INFO  pipeline.PipelineStateManager (PipelineStateManager.java:finalizePipeline(123)) - Pipeline Pipeline[ Id: 83668dcf-41b4-46fc-9491-a507e1bbfcbe, Nodes: 1699c8ac-b1ac-4189-87c7-7e52019aab6f{ip: 192.168.30.18, host: pr-hdds-2199-dnstouuidmap-6cjbd-2468009341, networkLocation: /default-rack, certSerialId: null}d3d96536-50c0-424c-b791-b7211a690396{ip: 192.168.30.18, host: pr-hdds-2199-dnstouuidmap-6cjbd-2468009341, networkLocation: /default-rack, certSerialId: null}b9fe614c-fc92-49ed-846d-3792d102db8e{ip: 192.168.30.18, host: pr-hdds-2199-dnstouuidmap-6cjbd-2468009341, networkLocation: /default-rack, certSerialId: null}, Type:RATIS, Factor:THREE, State:CLOSED] moved to CLOSED state
2019-10-01 12:44:17,874 [EventQueue-StaleNodeForStaleNodeHandler] INFO  pipeline.SCMPipelineManager (SCMPipelineManager.java:finalizeAndDestroyPipeline(315)) - destroying pipeline:Pipeline[ Id: 9822987d-5572-4031-ba93-2d65b6116651, Nodes: 1699c8ac-b1ac-4189-87c7-7e52019aab6f{ip: 192.168.30.18, host: pr-hdds-2199-dnstouuidmap-6cjbd-2468009341, networkLocation: /default-rack, certSerialId: null}, Type:RATIS, Factor:ONE, State:OPEN]
2019-10-01 12:44:17,874 [EventQueue-CloseContainerForCloseContainerEventHandler] INFO  container.CloseContainerEventHandler (CloseContainerEventHandler.java:onMessage(61)) - Close container Event triggered for container : #1
2019-10-01 12:44:17,880 [EventQueue-StaleNodeForStaleNodeHandler] INFO  pipeline.PipelineStateManager (PipelineStateManager.java:finalizePipeline(123)) - Pipeline Pipeline[ Id: 9822987d-5572-4031-ba93-2d65b6116651, Nodes: 1699c8ac-b1ac-4189-87c7-7e52019aab6f{ip: 192.168.30.18, host: pr-hdds-2199-dnstouuidmap-6cjbd-2468009341, networkLocation: /default-rack, certSerialId: null}, Type:RATIS, Factor:ONE, State:CLOSED] moved to CLOSED state
2019-10-01 12:44:18,053 [main] INFO  ozoneimpl.OzoneContainer (OzoneContainer.java:stop(231)) - Attempting to stop container services.
2019-10-01 12:44:18,053 [ForkJoinPool.commonPool-worker-1] INFO  ozoneimpl.OzoneContainer (OzoneContainer.java:stop(231)) - Attempting to stop container services.
2019-10-01 12:44:18,054 [main] INFO  impl.RaftServerProxy (RaftServerProxy.java:lambda$close$4(314)) - 89c73eeb-e99a-4ead-a178-f5fc4a551541: close
2019-10-01 12:44:18,055 [ForkJoinPool.commonPool-worker-1] INFO  impl.RaftServerProxy (RaftServerProxy.java:lambda$close$4(314)) - 1699c8ac-b1ac-4189-87c7-7e52019aab6f: close
2019-10-01 12:44:18,055 [main] INFO  impl.RaftServerImpl (RaftServerImpl.java:lambda$shutdown$3(247)) - 89c73eeb-e99a-4ead-a178-f5fc4a551541@group-0A92257F718E: shutdown
2019-10-01 12:44:18,055 [ForkJoinPool.commonPool-worker-1] INFO  impl.RaftServerImpl (RaftServerImpl.java:lambda$shutdown$3(247)) - 1699c8ac-b1ac-4189-87c7-7e52019aab6f@group-A507E1BBFCBE: shutdown
2019-10-01 12:44:18,055 [main] INFO  util.JmxRegister (JmxRegister.java:unregister(73)) - Successfully un-registered JMX Bean with object name Ratis:service=RaftServer,group=group-0A92257F718E,id=89c73eeb-e99a-4ead-a178-f5fc4a551541
2019-10-01 12:44:18,055 [ForkJoinPool.commonPool-worker-1] INFO  util.JmxRegister (JmxRegister.java:unregister(73)) - Successfully un-registered JMX Bean with object name Ratis:service=RaftServer,group=group-A507E1BBFCBE,id=1699c8ac-b1ac-4189-87c7-7e52019aab6f
2019-10-01 12:44:18,056 [main] INFO  impl.RoleInfo (RoleInfo.java:shutdownLeaderState(104)) - 89c73eeb-e99a-4ead-a178-f5fc4a551541: shutdown LeaderState
2019-10-01 12:44:18,056 [ForkJoinPool.commonPool-worker-1] INFO  impl.RoleInfo (RoleInfo.java:shutdownFollowerState(121)) - 1699c8ac-b1ac-4189-87c7-7e52019aab6f: shutdown FollowerState
2019-10-01 12:44:18,056 [main] INFO  impl.PendingRequests (PendingRequests.java:sendNotLeaderResponses(202)) - 89c73eeb-e99a-4ead-a178-f5fc4a551541@group-0A92257F718E-PendingRequests: sendNotLeaderResponses
2019-10-01 12:44:18,056 [1699c8ac-b1ac-4189-87c7-7e52019aab6f@group-A507E1BBFCBE-StateMachineUpdater] INFO  ratis.ContainerStateMachine (ContainerStateMachine.java:takeSnapshot(289)) - group-A507E1BBFCBE: Taking a snapshot at:(t:3, i:6) file /workdir/hadoop-ozone/integration-test/target/test-dir/MiniOzoneClusterImpl-54047bbe-a4d0-46f5-93a6-5a04f7d29f94/datanode-1/data/ratis/83668dcf-41b4-46fc-9491-a507e1bbfcbe/sm/snapshot.3_6
2019-10-01 12:44:18,057 [main] INFO  impl.StateMachineUpdater (StateMachineUpdater.java:stopAndJoin(136)) - 89c73eeb-e99a-4ead-a178-f5fc4a551541@group-0A92257F718E-StateMachineUpdater: set stopIndex = 0
2019-10-01 12:44:18,056 [Thread-4555] INFO  impl.FollowerState (FollowerState.java:run(117)) - 1699c8ac-b1ac-4189-87c7-7e52019aab6f@group-A507E1BBFCBE-FollowerState was interrupted: java.lang.InterruptedException: sleep interrupted
2019-10-01 12:44:18,056 [ForkJoinPool.commonPool-worker-1] INFO  impl.StateMachineUpdater (StateMachineUpdater.java:stopAndJoin(136)) - 1699c8ac-b1ac-4189-87c7-7e52019aab6f@group-A507E1BBFCBE-StateMachineUpdater: set stopIndex = 6
2019-10-01 12:44:18,060 [main] INFO  impl.RaftServerImpl (ServerState.java:close(387)) - 89c73eeb-e99a-4ead-a178-f5fc4a551541@group-0A92257F718E: closes. applyIndex: 0
2019-10-01 12:44:18,061 [89c73eeb-e99a-4ead-a178-f5fc4a551541@group-0A92257F718E-SegmentedRaftLogWorker] INFO  segmented.SegmentedRaftLogWorker (SegmentedRaftLogWorker.java:run(316)) - 89c73eeb-e99a-4ead-a178-f5fc4a551541@group-0A92257F718E-SegmentedRaftLogWorker was interrupted, exiting. There are 0 tasks remaining in the queue.
2019-10-01 12:44:18,063 [main] INFO  segmented.SegmentedRaftLogWorker (SegmentedRaftLogWorker.java:close(224)) - 89c73eeb-e99a-4ead-a178-f5fc4a551541@group-0A92257F718E-SegmentedRaftLogWorker close()
2019-10-01 12:44:18,066 [main] INFO  impl.RaftServerImpl (RaftServerImpl.java:lambda$shutdown$3(247)) - 89c73eeb-e99a-4ead-a178-f5fc4a551541@group-0A671898226B: shutdown
2019-10-01 12:44:18,067 [main] INFO  util.JmxRegister (JmxRegister.java:unregister(73)) - Successfully un-registered JMX Bean with object name Ratis:service=RaftServer,group=group-0A671898226B,id=89c73eeb-e99a-4ead-a178-f5fc4a551541
2019-10-01 12:44:18,067 [main] INFO  impl.RoleInfo (RoleInfo.java:shutdownLeaderState(104)) - 89c73eeb-e99a-4ead-a178-f5fc4a551541: shutdown LeaderState
2019-10-01 12:44:18,071 [main] INFO  impl.PendingRequests (PendingRequests.java:sendNotLeaderResponses(202)) - 89c73eeb-e99a-4ead-a178-f5fc4a551541@group-0A671898226B-PendingRequests: sendNotLeaderResponses
2019-10-01 12:44:18,071 [org.apache.ratis.server.impl.LogAppender$AppenderDaemon$$Lambda$518/1891525290@862dcef] WARN  server.GrpcLogAppender (GrpcLogAppender.java:mayWait(143)) - 89c73eeb-e99a-4ead-a178-f5fc4a551541@group-0A671898226B->bc7b43ce-939d-49b7-851e-984e78d74e21-GrpcLogAppender: Wait interrupted by java.lang.InterruptedException
2019-10-01 12:44:18,071 [org.apache.ratis.server.impl.LogAppender$AppenderDaemon$$Lambda$518/1891525290@e7e4f3c] WARN  server.GrpcLogAppender (GrpcLogAppender.java:mayWait(143)) - 89c73eeb-e99a-4ead-a178-f5fc4a551541@group-0A671898226B->7b940994-b04a-41d7-acb3-b4567a89b926-GrpcLogAppender: Wait interrupted by java.lang.InterruptedException
2019-10-01 12:44:18,071 [main] INFO  impl.StateMachineUpdater (StateMachineUpdater.java:stopAndJoin(136)) - 89c73eeb-e99a-4ead-a178-f5fc4a551541@group-0A671898226B-StateMachineUpdater: set stopIndex = 0
2019-10-01 12:44:18,071 [main] INFO  impl.RaftServerImpl (ServerState.java:close(387)) - 89c73eeb-e99a-4ead-a178-f5fc4a551541@group-0A671898226B: closes. applyIndex: 0
2019-10-01 12:44:18,072 [89c73eeb-e99a-4ead-a178-f5fc4a551541@group-0A671898226B-SegmentedRaftLogWorker] INFO  segmented.SegmentedRaftLogWorker (SegmentedRaftLogWorker.java:run(316)) - 89c73eeb-e99a-4ead-a178-f5fc4a551541@group-0A671898226B-SegmentedRaftLogWorker was interrupted, exiting. There are 0 tasks remaining in the queue.
2019-10-01 12:44:18,072 [grpc-default-executor-2] INFO  server.GrpcServerProtocolService (GrpcServerProtocolService.java:onCompleted(113)) - 7b940994-b04a-41d7-acb3-b4567a89b926: Completed APPEND_ENTRIES, lastRequest: 89c73eeb-e99a-4ead-a178-f5fc4a551541->7b940994-b04a-41d7-acb3-b4567a89b926#8-t1, previous=(t:1, i:0), leaderCommit=0, initializing? false, entries: <empty>
2019-10-01 12:44:18,074 [main] INFO  segmented.SegmentedRaftLogWorker (SegmentedRaftLogWorker.java:close(224)) - 89c73eeb-e99a-4ead-a178-f5fc4a551541@group-0A671898226B-SegmentedRaftLogWorker close()
2019-10-01 12:44:18,072 [grpc-default-executor-10] INFO  server.GrpcServerProtocolService (GrpcServerProtocolService.java:onCompleted(113)) - bc7b43ce-939d-49b7-851e-984e78d74e21: Completed APPEND_ENTRIES, lastRequest: 89c73eeb-e99a-4ead-a178-f5fc4a551541->bc7b43ce-939d-49b7-851e-984e78d74e21#8-t1, previous=(t:1, i:0), leaderCommit=0, initializing? false, entries: <empty>
2019-10-01 12:44:18,077 [main] INFO  server.GrpcService (GrpcService.java:closeImpl(164)) - 89c73eeb-e99a-4ead-a178-f5fc4a551541: shutdown server with port 41541 now
2019-10-01 12:44:18,078 [grpc-default-executor-2] INFO  server.GrpcLogAppender (GrpcLogAppender.java:onCompleted(293)) - 89c73eeb-e99a-4ead-a178-f5fc4a551541@group-0A671898226B->bc7b43ce-939d-49b7-851e-984e78d74e21-AppendLogResponseHandler: follower responses appendEntries COMPLETED
2019-10-01 12:44:18,078 [grpc-default-executor-8] INFO  server.GrpcLogAppender (GrpcLogAppender.java:onCompleted(293)) - 89c73eeb-e99a-4ead-a178-f5fc4a551541@group-0A671898226B->7b940994-b04a-41d7-acb3-b4567a89b926-AppendLogResponseHandler: follower responses appendEntries COMPLETED
2019-10-01 12:44:18,078 [grpc-default-executor-2] INFO  impl.FollowerInfo (FollowerInfo.java:lambda$new$0(51)) - 89c73eeb-e99a-4ead-a178-f5fc4a551541@group-0A671898226B->bc7b43ce-939d-49b7-851e-984e78d74e21: nextIndex: updateUnconditionally 1 -> 0
2019-10-01 12:44:18,078 [main] INFO  server.GrpcService (GrpcService.java:closeImpl(172)) - 89c73eeb-e99a-4ead-a178-f5fc4a551541: shutdown server with port 41541 successfully
2019-10-01 12:44:18,078 [grpc-default-executor-8] INFO  impl.FollowerInfo (FollowerInfo.java:lambda$new$0(51)) - 89c73eeb-e99a-4ead-a178-f5fc4a551541@group-0A671898226B->7b940994-b04a-41d7-acb3-b4567a89b926: nextIndex: updateUnconditionally 1 -> 0
2019-10-01 12:44:18,105 [refreshUsed-/workdir/hadoop-ozone/integration-test/target/test-dir/MiniOzoneClusterImpl-54047bbe-a4d0-46f5-93a6-5a04f7d29f94/datanode-4/data/containers] WARN  fs.CachingGetSpaceUsed (CachingGetSpaceUsed.java:run(183)) - Thread Interrupted waiting to refresh disk information: sleep interrupted
2019-10-01 12:44:18,113 [1699c8ac-b1ac-4189-87c7-7e52019aab6f@group-A507E1BBFCBE-StateMachineUpdater] INFO  ratis.ContainerStateMachine (ContainerStateMachine.java:takeSnapshot(300)) - group-A507E1BBFCBE: Finished taking a snapshot at:(t:3, i:6) file:/workdir/hadoop-ozone/integration-test/target/test-dir/MiniOzoneClusterImpl-54047bbe-a4d0-46f5-93a6-5a04f7d29f94/datanode-1/data/ratis/83668dcf-41b4-46fc-9491-a507e1bbfcbe/sm/snapshot.3_6 time:57
2019-10-01 12:44:18,113 [1699c8ac-b1ac-4189-87c7-7e52019aab6f@group-A507E1BBFCBE-StateMachineUpdater] INFO  impl.StateMachineUpdater (StateMachineUpdater.java:takeSnapshot(269)) - 1699c8ac-b1ac-4189-87c7-7e52019aab6f@group-A507E1BBFCBE-StateMachineUpdater: Took a snapshot at index 6
2019-10-01 12:44:18,114 [1699c8ac-b1ac-4189-87c7-7e52019aab6f@group-A507E1BBFCBE-StateMachineUpdater] INFO  impl.StateMachineUpdater (StateMachineUpdater.java:lambda$new$0(84)) - 1699c8ac-b1ac-4189-87c7-7e52019aab6f@group-A507E1BBFCBE-StateMachineUpdater: snapshotIndex: updateIncreasingly -1 -> 6
2019-10-01 12:44:18,114 [ForkJoinPool.commonPool-worker-1] INFO  impl.RaftServerImpl (ServerState.java:close(387)) - 1699c8ac-b1ac-4189-87c7-7e52019aab6f@group-A507E1BBFCBE: closes. applyIndex: 6
2019-10-01 12:44:18,114 [1699c8ac-b1ac-4189-87c7-7e52019aab6f@group-A507E1BBFCBE-SegmentedRaftLogWorker] INFO  segmented.SegmentedRaftLogWorker (SegmentedRaftLogWorker.java:run(316)) - 1699c8ac-b1ac-4189-87c7-7e52019aab6f@group-A507E1BBFCBE-SegmentedRaftLogWorker was interrupted, exiting. There are 0 tasks remaining in the queue.
2019-10-01 12:44:18,116 [ForkJoinPool.commonPool-worker-1] INFO  segmented.SegmentedRaftLogWorker (SegmentedRaftLogWorker.java:close(224)) - 1699c8ac-b1ac-4189-87c7-7e52019aab6f@group-A507E1BBFCBE-SegmentedRaftLogWorker close()
2019-10-01 12:44:18,120 [ForkJoinPool.commonPool-worker-1] INFO  impl.RaftServerImpl (RaftServerImpl.java:lambda$shutdown$3(247)) - 1699c8ac-b1ac-4189-87c7-7e52019aab6f@group-2D65B6116651: shutdown
2019-10-01 12:44:18,121 [ForkJoinPool.commonPool-worker-1] INFO  util.JmxRegister (JmxRegister.java:unregister(73)) - Successfully un-registered JMX Bean with object name Ratis:service=RaftServer,group=group-2D65B6116651,id=1699c8ac-b1ac-4189-87c7-7e52019aab6f
2019-10-01 12:44:18,121 [ForkJoinPool.commonPool-worker-1] INFO  impl.RoleInfo (RoleInfo.java:shutdownLeaderState(104)) - 1699c8ac-b1ac-4189-87c7-7e52019aab6f: shutdown LeaderState
2019-10-01 12:44:18,121 [ForkJoinPool.commonPool-worker-1] INFO  impl.PendingRequests (PendingRequests.java:sendNotLeaderResponses(202)) - 1699c8ac-b1ac-4189-87c7-7e52019aab6f@group-2D65B6116651-PendingRequests: sendNotLeaderResponses
2019-10-01 12:44:18,121 [ForkJoinPool.commonPool-worker-1] INFO  impl.StateMachineUpdater (StateMachineUpdater.java:stopAndJoin(136)) - 1699c8ac-b1ac-4189-87c7-7e52019aab6f@group-2D65B6116651-StateMachineUpdater: set stopIndex = 0
2019-10-01 12:44:18,121 [ForkJoinPool.commonPool-worker-1] INFO  impl.RaftServerImpl (ServerState.java:close(387)) - 1699c8ac-b1ac-4189-87c7-7e52019aab6f@group-2D65B6116651: closes. applyIndex: 0
2019-10-01 12:44:18,122 [1699c8ac-b1ac-4189-87c7-7e52019aab6f@group-2D65B6116651-SegmentedRaftLogWorker] INFO  segmented.SegmentedRaftLogWorker (SegmentedRaftLogWorker.java:run(316)) - 1699c8ac-b1ac-4189-87c7-7e52019aab6f@group-2D65B6116651-SegmentedRaftLogWorker was interrupted, exiting. There are 0 tasks remaining in the queue.
2019-10-01 12:44:18,124 [ForkJoinPool.commonPool-worker-1] INFO  segmented.SegmentedRaftLogWorker (SegmentedRaftLogWorker.java:close(224)) - 1699c8ac-b1ac-4189-87c7-7e52019aab6f@group-2D65B6116651-SegmentedRaftLogWorker close()
2019-10-01 12:44:18,127 [ForkJoinPool.commonPool-worker-1] INFO  server.GrpcService (GrpcService.java:closeImpl(164)) - 1699c8ac-b1ac-4189-87c7-7e52019aab6f: shutdown server with port 44682 now
2019-10-01 12:44:18,128 [grpc-default-executor-10] WARN  server.GrpcServerProtocolService (LogUtils.java:warn(134)) - 1699c8ac-b1ac-4189-87c7-7e52019aab6f: installSnapshot onError, lastRequest: b9fe614c-fc92-49ed-846d-3792d102db8e->1699c8ac-b1ac-4189-87c7-7e52019aab6f#9-t3, previous=(t:3, i:6), leaderCommit=6, initializing? false, entries: <empty>: org.apache.ratis.thirdparty.io.grpc.StatusRuntimeException: CANCELLED: cancelled before receiving half close
2019-10-01 12:44:18,128 [ForkJoinPool.commonPool-worker-1] INFO  server.GrpcService (GrpcService.java:closeImpl(172)) - 1699c8ac-b1ac-4189-87c7-7e52019aab6f: shutdown server with port 44682 successfully
2019-10-01 12:44:18,128 [grpc-default-executor-8] WARN  server.GrpcLogAppender (LogUtils.java:warn(134)) - b9fe614c-fc92-49ed-846d-3792d102db8e@group-A507E1BBFCBE->1699c8ac-b1ac-4189-87c7-7e52019aab6f-AppendLogResponseHandler: Failed appendEntries: org.apache.ratis.thirdparty.io.grpc.StatusRuntimeException: CANCELLED: HTTP/2 error code: CANCEL
Received Rst Stream
2019-10-01 12:44:18,129 [grpc-default-executor-8] INFO  impl.FollowerInfo (FollowerInfo.java:lambda$new$0(51)) - b9fe614c-fc92-49ed-846d-3792d102db8e@group-A507E1BBFCBE->1699c8ac-b1ac-4189-87c7-7e52019aab6f: nextIndex: updateUnconditionally 7 -> 6
2019-10-01 12:44:18,130 [refreshUsed-/workdir/hadoop-ozone/integration-test/target/test-dir/MiniOzoneClusterImpl-54047bbe-a4d0-46f5-93a6-5a04f7d29f94/datanode-1/data/containers] WARN  fs.CachingGetSpaceUsed (CachingGetSpaceUsed.java:run(183)) - Thread Interrupted waiting to refresh disk information: sleep interrupted
2019-10-01 12:44:18,134 [main] INFO  utils.BackgroundService (BackgroundService.java:shutdown(148)) - Shutting down service BlockDeletingService
2019-10-01 12:44:18,140 [main] INFO  statemachine.DatanodeStateMachine (DatanodeStateMachine.java:stopDaemon(395)) - Ozone container server stopped.
2019-10-01 12:44:18,142 [main] INFO  handler.ContextHandler (ContextHandler.java:doStop(910)) - Stopped o.e.j.w.WebAppContext@5403431a{/,null,UNAVAILABLE}{/hddsDatanode}
2019-10-01 12:44:18,142 [main] INFO  server.AbstractConnector (AbstractConnector.java:doStop(318)) - Stopped ServerConnector@ab327c{HTTP/1.1,[http/1.1]}{0.0.0.0:0}
2019-10-01 12:44:18,143 [main] INFO  handler.ContextHandler (ContextHandler.java:doStop(910)) - Stopped o.e.j.s.ServletContextHandler@7bc2bb58{/static,jar:file:/home/user/.m2/repository/org/apache/hadoop/hadoop-hdds-container-service/0.5.0-SNAPSHOT/hadoop-hdds-container-service-0.5.0-SNAPSHOT.jar!/webapps/static,UNAVAILABLE}
2019-10-01 12:44:18,143 [main] INFO  handler.ContextHandler (ContextHandler.java:doStop(910)) - Stopped o.e.j.s.ServletContextHandler@2404abe2{/logs,file:///workdir/hadoop-ozone/integration-test/target/log,UNAVAILABLE}
2019-10-01 12:44:18,150 [ForkJoinPool.commonPool-worker-1] INFO  utils.BackgroundService (BackgroundService.java:shutdown(148)) - Shutting down service BlockDeletingService
2019-10-01 12:44:18,155 [ForkJoinPool.commonPool-worker-1] INFO  statemachine.DatanodeStateMachine (DatanodeStateMachine.java:stopDaemon(395)) - Ozone container server stopped.
2019-10-01 12:44:18,160 [ForkJoinPool.commonPool-worker-1] INFO  handler.ContextHandler (ContextHandler.java:doStop(910)) - Stopped o.e.j.w.WebAppContext@7740b0ab{/,null,UNAVAILABLE}{/hddsDatanode}
2019-10-01 12:44:18,161 [ForkJoinPool.commonPool-worker-1] INFO  server.AbstractConnector (AbstractConnector.java:doStop(318)) - Stopped ServerConnector@3eb9c575{HTTP/1.1,[http/1.1]}{0.0.0.0:0}
2019-10-01 12:44:18,162 [ForkJoinPool.commonPool-worker-1] INFO  handler.ContextHandler (ContextHandler.java:doStop(910)) - Stopped o.e.j.s.ServletContextHandler@39374689{/static,jar:file:/home/user/.m2/repository/org/apache/hadoop/hadoop-hdds-container-service/0.5.0-SNAPSHOT/hadoop-hdds-container-service-0.5.0-SNAPSHOT.jar!/webapps/static,UNAVAILABLE}
2019-10-01 12:44:18,164 [ForkJoinPool.commonPool-worker-1] INFO  handler.ContextHandler (ContextHandler.java:doStop(910)) - Stopped o.e.j.s.ServletContextHandler@13234ac9{/logs,file:///workdir/hadoop-ozone/integration-test/target/log,UNAVAILABLE}
2019-10-01 12:44:18,865 [Datanode State Machine Thread - 0] INFO  statemachine.DatanodeStateMachine (DatanodeStateMachine.java:lambda$startDaemon$0(350)) - Ozone container server started.
2019-10-01 12:44:19,051 [Datanode State Machine Thread - 0] INFO  statemachine.DatanodeStateMachine (DatanodeStateMachine.java:lambda$startDaemon$0(350)) - Ozone container server started.
2019-10-01 12:44:19,431 [grpc-default-executor-10] WARN  server.GrpcLogAppender (LogUtils.java:warn(134)) - b9fe614c-fc92-49ed-846d-3792d102db8e@group-A507E1BBFCBE->1699c8ac-b1ac-4189-87c7-7e52019aab6f-AppendLogResponseHandler: Failed appendEntries: org.apache.ratis.thirdparty.io.grpc.StatusRuntimeException: UNAVAILABLE: io exception
2019-10-01 12:44:19,431 [grpc-default-executor-10] INFO  impl.FollowerInfo (FollowerInfo.java:lambda$new$0(51)) - b9fe614c-fc92-49ed-846d-3792d102db8e@group-A507E1BBFCBE->1699c8ac-b1ac-4189-87c7-7e52019aab6f: nextIndex: updateUnconditionally 6 -> 5
2019-10-01 12:44:21,931 [grpc-default-executor-4] WARN  server.GrpcLogAppender (LogUtils.java:warn(134)) - b9fe614c-fc92-49ed-846d-3792d102db8e@group-A507E1BBFCBE->1699c8ac-b1ac-4189-87c7-7e52019aab6f-AppendLogResponseHandler: Failed appendEntries: org.apache.ratis.thirdparty.io.grpc.StatusRuntimeException: UNAVAILABLE: io exception
2019-10-01 12:44:21,932 [grpc-default-executor-4] INFO  impl.FollowerInfo (FollowerInfo.java:lambda$new$0(51)) - b9fe614c-fc92-49ed-846d-3792d102db8e@group-A507E1BBFCBE->1699c8ac-b1ac-4189-87c7-7e52019aab6f: nextIndex: updateUnconditionally 5 -> 4
2019-10-01 12:44:22,899 [EventQueue-StaleNodeForStaleNodeHandler] INFO  node.StaleNodeHandler (StaleNodeHandler.java:onMessage(58)) - Datanode b9fe614c-fc92-49ed-846d-3792d102db8e{ip: 192.168.30.18, host: pr-hdds-2199-dnstouuidmap-6cjbd-2468009341, networkLocation: /default-rack, certSerialId: null} moved to stale state. Finalizing its pipelines [PipelineID=83668dcf-41b4-46fc-9491-a507e1bbfcbe, PipelineID=a7d4d4e9-7514-4e3f-9cb8-351ff3c4e3c1]
2019-10-01 12:44:22,900 [EventQueue-StaleNodeForStaleNodeHandler] INFO  pipeline.SCMPipelineManager (SCMPipelineManager.java:finalizeAndDestroyPipeline(315)) - destroying pipeline:Pipeline[ Id: 83668dcf-41b4-46fc-9491-a507e1bbfcbe, Nodes: 1699c8ac-b1ac-4189-87c7-7e52019aab6f{ip: 192.168.30.18, host: pr-hdds-2199-dnstouuidmap-6cjbd-2468009341, networkLocation: /default-rack, certSerialId: null}d3d96536-50c0-424c-b791-b7211a690396{ip: 192.168.30.18, host: pr-hdds-2199-dnstouuidmap-6cjbd-2468009341, networkLocation: /default-rack, certSerialId: null}b9fe614c-fc92-49ed-846d-3792d102db8e{ip: 192.168.30.18, host: pr-hdds-2199-dnstouuidmap-6cjbd-2468009341, networkLocation: /default-rack, certSerialId: null}, Type:RATIS, Factor:THREE, State:CLOSED]
2019-10-01 12:44:22,900 [EventQueue-StaleNodeForStaleNodeHandler] INFO  pipeline.SCMPipelineManager (SCMPipelineManager.java:finalizeAndDestroyPipeline(315)) - destroying pipeline:Pipeline[ Id: a7d4d4e9-7514-4e3f-9cb8-351ff3c4e3c1, Nodes: b9fe614c-fc92-49ed-846d-3792d102db8e{ip: 192.168.30.18, host: pr-hdds-2199-dnstouuidmap-6cjbd-2468009341, networkLocation: /default-rack, certSerialId: null}, Type:RATIS, Factor:ONE, State:OPEN]
2019-10-01 12:44:22,900 [EventQueue-StaleNodeForStaleNodeHandler] INFO  pipeline.PipelineStateManager (PipelineStateManager.java:finalizePipeline(123)) - Pipeline Pipeline[ Id: a7d4d4e9-7514-4e3f-9cb8-351ff3c4e3c1, Nodes: b9fe614c-fc92-49ed-846d-3792d102db8e{ip: 192.168.30.18, host: pr-hdds-2199-dnstouuidmap-6cjbd-2468009341, networkLocation: /default-rack, certSerialId: null}, Type:RATIS, Factor:ONE, State:CLOSED] moved to CLOSED state
2019-10-01 12:44:23,100 [EventQueue-StaleNodeForStaleNodeHandler] INFO  node.StaleNodeHandler (StaleNodeHandler.java:onMessage(58)) - Datanode c8f8b3b4-ca50-4e06-a1e9-219b85e49e11{ip: 192.168.30.18, host: pr-hdds-2199-dnstouuidmap-6cjbd-2468009341, networkLocation: /default-rack, certSerialId: null} moved to stale state. Finalizing its pipelines [PipelineID=6acac371-f781-453f-8e7b-5dfeed9d924a]
2019-10-01 12:44:23,100 [EventQueue-StaleNodeForStaleNodeHandler] INFO  pipeline.SCMPipelineManager (SCMPipelineManager.java:finalizeAndDestroyPipeline(315)) - destroying pipeline:Pipeline[ Id: 6acac371-f781-453f-8e7b-5dfeed9d924a, Nodes: c8f8b3b4-ca50-4e06-a1e9-219b85e49e11{ip: 192.168.30.18, host: pr-hdds-2199-dnstouuidmap-6cjbd-2468009341, networkLocation: /default-rack, certSerialId: null}, Type:RATIS, Factor:ONE, State:OPEN]
2019-10-01 12:44:23,100 [EventQueue-StaleNodeForStaleNodeHandler] INFO  pipeline.PipelineStateManager (PipelineStateManager.java:finalizePipeline(123)) - Pipeline Pipeline[ Id: 6acac371-f781-453f-8e7b-5dfeed9d924a, Nodes: c8f8b3b4-ca50-4e06-a1e9-219b85e49e11{ip: 192.168.30.18, host: pr-hdds-2199-dnstouuidmap-6cjbd-2468009341, networkLocation: /default-rack, certSerialId: null}, Type:RATIS, Factor:ONE, State:CLOSED] moved to CLOSED state
2019-10-01 12:44:23,145 [main] INFO  ozoneimpl.OzoneContainer (OzoneContainer.java:stop(231)) - Attempting to stop container services.
2019-10-01 12:44:23,150 [main] INFO  impl.RaftServerProxy (RaftServerProxy.java:lambda$close$4(314)) - c8f8b3b4-ca50-4e06-a1e9-219b85e49e11: close
2019-10-01 12:44:23,150 [main] INFO  impl.RaftServerImpl (RaftServerImpl.java:lambda$shutdown$3(247)) - c8f8b3b4-ca50-4e06-a1e9-219b85e49e11@group-5DFEED9D924A: shutdown
2019-10-01 12:44:23,151 [main] INFO  util.JmxRegister (JmxRegister.java:unregister(73)) - Successfully un-registered JMX Bean with object name Ratis:service=RaftServer,group=group-5DFEED9D924A,id=c8f8b3b4-ca50-4e06-a1e9-219b85e49e11
2019-10-01 12:44:23,151 [main] INFO  impl.RoleInfo (RoleInfo.java:shutdownLeaderState(104)) - c8f8b3b4-ca50-4e06-a1e9-219b85e49e11: shutdown LeaderState
2019-10-01 12:44:23,151 [main] INFO  impl.PendingRequests (PendingRequests.java:sendNotLeaderResponses(202)) - c8f8b3b4-ca50-4e06-a1e9-219b85e49e11@group-5DFEED9D924A-PendingRequests: sendNotLeaderResponses
2019-10-01 12:44:23,151 [main] INFO  impl.StateMachineUpdater (StateMachineUpdater.java:stopAndJoin(136)) - c8f8b3b4-ca50-4e06-a1e9-219b85e49e11@group-5DFEED9D924A-StateMachineUpdater: set stopIndex = 0
2019-10-01 12:44:23,152 [main] INFO  impl.RaftServerImpl (ServerState.java:close(387)) - c8f8b3b4-ca50-4e06-a1e9-219b85e49e11@group-5DFEED9D924A: closes. applyIndex: 0
2019-10-01 12:44:23,152 [c8f8b3b4-ca50-4e06-a1e9-219b85e49e11@group-5DFEED9D924A-SegmentedRaftLogWorker] INFO  segmented.SegmentedRaftLogWorker (SegmentedRaftLogWorker.java:run(316)) - c8f8b3b4-ca50-4e06-a1e9-219b85e49e11@group-5DFEED9D924A-SegmentedRaftLogWorker was interrupted, exiting. There are 0 tasks remaining in the queue.
2019-10-01 12:44:23,154 [main] INFO  segmented.SegmentedRaftLogWorker (SegmentedRaftLogWorker.java:close(224)) - c8f8b3b4-ca50-4e06-a1e9-219b85e49e11@group-5DFEED9D924A-SegmentedRaftLogWorker close()
2019-10-01 12:44:23,158 [main] INFO  server.GrpcService (GrpcService.java:closeImpl(164)) - c8f8b3b4-ca50-4e06-a1e9-219b85e49e11: shutdown server with port 35222 now
2019-10-01 12:44:23,158 [main] INFO  server.GrpcService (GrpcService.java:closeImpl(172)) - c8f8b3b4-ca50-4e06-a1e9-219b85e49e11: shutdown server with port 35222 successfully
2019-10-01 12:44:23,163 [refreshUsed-/workdir/hadoop-ozone/integration-test/target/test-dir/MiniOzoneClusterImpl-54047bbe-a4d0-46f5-93a6-5a04f7d29f94/datanode-3/data/containers] WARN  fs.CachingGetSpaceUsed (CachingGetSpaceUsed.java:run(183)) - Thread Interrupted waiting to refresh disk information: sleep interrupted
2019-10-01 12:44:23,165 [ForkJoinPool.commonPool-worker-1] INFO  ozoneimpl.OzoneContainer (OzoneContainer.java:stop(231)) - Attempting to stop container services.
2019-10-01 12:44:23,166 [ForkJoinPool.commonPool-worker-1] INFO  impl.RaftServerProxy (RaftServerProxy.java:lambda$close$4(314)) - b9fe614c-fc92-49ed-846d-3792d102db8e: close
2019-10-01 12:44:23,166 [ForkJoinPool.commonPool-worker-1] INFO  impl.RaftServerImpl (RaftServerImpl.java:lambda$shutdown$3(247)) - b9fe614c-fc92-49ed-846d-3792d102db8e@group-A507E1BBFCBE: shutdown
2019-10-01 12:44:23,166 [ForkJoinPool.commonPool-worker-1] INFO  util.JmxRegister (JmxRegister.java:unregister(73)) - Successfully un-registered JMX Bean with object name Ratis:service=RaftServer,group=group-A507E1BBFCBE,id=b9fe614c-fc92-49ed-846d-3792d102db8e
2019-10-01 12:44:23,166 [ForkJoinPool.commonPool-worker-1] INFO  impl.RoleInfo (RoleInfo.java:shutdownLeaderState(104)) - b9fe614c-fc92-49ed-846d-3792d102db8e: shutdown LeaderState
2019-10-01 12:44:23,170 [ForkJoinPool.commonPool-worker-1] INFO  impl.PendingRequests (PendingRequests.java:sendNotLeaderResponses(202)) - b9fe614c-fc92-49ed-846d-3792d102db8e@group-A507E1BBFCBE-PendingRequests: sendNotLeaderResponses
2019-10-01 12:44:23,170 [org.apache.ratis.server.impl.LogAppender$AppenderDaemon$$Lambda$518/1891525290@1c970bc4] WARN  server.GrpcLogAppender (GrpcLogAppender.java:mayWait(143)) - b9fe614c-fc92-49ed-846d-3792d102db8e@group-A507E1BBFCBE->1699c8ac-b1ac-4189-87c7-7e52019aab6f-GrpcLogAppender: Wait interrupted by java.lang.InterruptedException
2019-10-01 12:44:23,170 [org.apache.ratis.server.impl.LogAppender$AppenderDaemon$$Lambda$518/1891525290@2069bf41] WARN  server.GrpcLogAppender (GrpcLogAppender.java:mayWait(143)) - b9fe614c-fc92-49ed-846d-3792d102db8e@group-A507E1BBFCBE->d3d96536-50c0-424c-b791-b7211a690396-GrpcLogAppender: Wait interrupted by java.lang.InterruptedException
2019-10-01 12:44:23,175 [ForkJoinPool.commonPool-worker-1] INFO  impl.StateMachineUpdater (StateMachineUpdater.java:stopAndJoin(136)) - b9fe614c-fc92-49ed-846d-3792d102db8e@group-A507E1BBFCBE-StateMachineUpdater: set stopIndex = 6
2019-10-01 12:44:23,175 [b9fe614c-fc92-49ed-846d-3792d102db8e@group-A507E1BBFCBE-StateMachineUpdater] INFO  ratis.ContainerStateMachine (ContainerStateMachine.java:takeSnapshot(289)) - group-A507E1BBFCBE: Taking a snapshot at:(t:3, i:6) file /workdir/hadoop-ozone/integration-test/target/test-dir/MiniOzoneClusterImpl-54047bbe-a4d0-46f5-93a6-5a04f7d29f94/datanode-2/data/ratis/83668dcf-41b4-46fc-9491-a507e1bbfcbe/sm/snapshot.3_6
2019-10-01 12:44:23,175 [grpc-default-executor-9] INFO  server.GrpcServerProtocolService (GrpcServerProtocolService.java:onCompleted(113)) - d3d96536-50c0-424c-b791-b7211a690396: Completed APPEND_ENTRIES, lastRequest: b9fe614c-fc92-49ed-846d-3792d102db8e->d3d96536-50c0-424c-b791-b7211a690396#11-t3, previous=(t:3, i:6), leaderCommit=6, initializing? false, entries: <empty>
2019-10-01 12:44:23,176 [grpc-default-executor-9] INFO  server.GrpcLogAppender (GrpcLogAppender.java:onCompleted(293)) - b9fe614c-fc92-49ed-846d-3792d102db8e@group-A507E1BBFCBE->d3d96536-50c0-424c-b791-b7211a690396-AppendLogResponseHandler: follower responses appendEntries COMPLETED
2019-10-01 12:44:23,176 [grpc-default-executor-9] INFO  impl.FollowerInfo (FollowerInfo.java:lambda$new$0(51)) - b9fe614c-fc92-49ed-846d-3792d102db8e@group-A507E1BBFCBE->d3d96536-50c0-424c-b791-b7211a690396: nextIndex: updateUnconditionally 7 -> 6
2019-10-01 12:44:23,180 [main] INFO  utils.BackgroundService (BackgroundService.java:shutdown(148)) - Shutting down service BlockDeletingService
2019-10-01 12:44:23,185 [main] INFO  statemachine.DatanodeStateMachine (DatanodeStateMachine.java:stopDaemon(395)) - Ozone container server stopped.
2019-10-01 12:44:23,186 [main] INFO  handler.ContextHandler (ContextHandler.java:doStop(910)) - Stopped o.e.j.w.WebAppContext@7019d619{/,null,UNAVAILABLE}{/hddsDatanode}
2019-10-01 12:44:23,187 [main] INFO  server.AbstractConnector (AbstractConnector.java:doStop(318)) - Stopped ServerConnector@2a5c6b76{HTTP/1.1,[http/1.1]}{0.0.0.0:0}
2019-10-01 12:44:23,187 [main] INFO  handler.ContextHandler (ContextHandler.java:doStop(910)) - Stopped o.e.j.s.ServletContextHandler@740c4868{/static,jar:file:/home/user/.m2/repository/org/apache/hadoop/hadoop-hdds-container-service/0.5.0-SNAPSHOT/hadoop-hdds-container-service-0.5.0-SNAPSHOT.jar!/webapps/static,UNAVAILABLE}
2019-10-01 12:44:23,187 [main] INFO  handler.ContextHandler (ContextHandler.java:doStop(910)) - Stopped o.e.j.s.ServletContextHandler@4070ace9{/logs,file:///workdir/hadoop-ozone/integration-test/target/log,UNAVAILABLE}
2019-10-01 12:44:23,201 [b9fe614c-fc92-49ed-846d-3792d102db8e@group-A507E1BBFCBE-StateMachineUpdater] INFO  ratis.ContainerStateMachine (ContainerStateMachine.java:takeSnapshot(300)) - group-A507E1BBFCBE: Finished taking a snapshot at:(t:3, i:6) file:/workdir/hadoop-ozone/integration-test/target/test-dir/MiniOzoneClusterImpl-54047bbe-a4d0-46f5-93a6-5a04f7d29f94/datanode-2/data/ratis/83668dcf-41b4-46fc-9491-a507e1bbfcbe/sm/snapshot.3_6 time:26
2019-10-01 12:44:23,201 [b9fe614c-fc92-49ed-846d-3792d102db8e@group-A507E1BBFCBE-StateMachineUpdater] INFO  impl.StateMachineUpdater (StateMachineUpdater.java:takeSnapshot(269)) - b9fe614c-fc92-49ed-846d-3792d102db8e@group-A507E1BBFCBE-StateMachineUpdater: Took a snapshot at index 6
2019-10-01 12:44:23,201 [b9fe614c-fc92-49ed-846d-3792d102db8e@group-A507E1BBFCBE-StateMachineUpdater] INFO  impl.StateMachineUpdater (StateMachineUpdater.java:lambda$new$0(84)) - b9fe614c-fc92-49ed-846d-3792d102db8e@group-A507E1BBFCBE-StateMachineUpdater: snapshotIndex: updateIncreasingly -1 -> 6
2019-10-01 12:44:23,202 [ForkJoinPool.commonPool-worker-1] INFO  impl.RaftServerImpl (ServerState.java:close(387)) - b9fe614c-fc92-49ed-846d-3792d102db8e@group-A507E1BBFCBE: closes. applyIndex: 6
2019-10-01 12:44:23,202 [b9fe614c-fc92-49ed-846d-3792d102db8e@group-A507E1BBFCBE-SegmentedRaftLogWorker] INFO  segmented.SegmentedRaftLogWorker (SegmentedRaftLogWorker.java:run(316)) - b9fe614c-fc92-49ed-846d-3792d102db8e@group-A507E1BBFCBE-SegmentedRaftLogWorker was interrupted, exiting. There are 0 tasks remaining in the queue.
2019-10-01 12:44:23,204 [ForkJoinPool.commonPool-worker-1] INFO  segmented.SegmentedRaftLogWorker (SegmentedRaftLogWorker.java:close(224)) - b9fe614c-fc92-49ed-846d-3792d102db8e@group-A507E1BBFCBE-SegmentedRaftLogWorker close()
2019-10-01 12:44:23,207 [ForkJoinPool.commonPool-worker-1] INFO  impl.RaftServerImpl (RaftServerImpl.java:lambda$shutdown$3(247)) - b9fe614c-fc92-49ed-846d-3792d102db8e@group-351FF3C4E3C1: shutdown
2019-10-01 12:44:23,207 [ForkJoinPool.commonPool-worker-1] INFO  util.JmxRegister (JmxRegister.java:unregister(73)) - Successfully un-registered JMX Bean with object name Ratis:service=RaftServer,group=group-351FF3C4E3C1,id=b9fe614c-fc92-49ed-846d-3792d102db8e
2019-10-01 12:44:23,208 [ForkJoinPool.commonPool-worker-1] INFO  impl.RoleInfo (RoleInfo.java:shutdownLeaderState(104)) - b9fe614c-fc92-49ed-846d-3792d102db8e: shutdown LeaderState
2019-10-01 12:44:23,208 [ForkJoinPool.commonPool-worker-1] INFO  impl.PendingRequests (PendingRequests.java:sendNotLeaderResponses(202)) - b9fe614c-fc92-49ed-846d-3792d102db8e@group-351FF3C4E3C1-PendingRequests: sendNotLeaderResponses
2019-10-01 12:44:23,208 [ForkJoinPool.commonPool-worker-1] INFO  impl.StateMachineUpdater (StateMachineUpdater.java:stopAndJoin(136)) - b9fe614c-fc92-49ed-846d-3792d102db8e@group-351FF3C4E3C1-StateMachineUpdater: set stopIndex = 0
2019-10-01 12:44:23,208 [ForkJoinPool.commonPool-worker-1] INFO  impl.RaftServerImpl (ServerState.java:close(387)) - b9fe614c-fc92-49ed-846d-3792d102db8e@group-351FF3C4E3C1: closes. applyIndex: 0
2019-10-01 12:44:23,209 [b9fe614c-fc92-49ed-846d-3792d102db8e@group-351FF3C4E3C1-SegmentedRaftLogWorker] INFO  segmented.SegmentedRaftLogWorker (SegmentedRaftLogWorker.java:run(316)) - b9fe614c-fc92-49ed-846d-3792d102db8e@group-351FF3C4E3C1-SegmentedRaftLogWorker was interrupted, exiting. There are 0 tasks remaining in the queue.
2019-10-01 12:44:23,211 [ForkJoinPool.commonPool-worker-1] INFO  segmented.SegmentedRaftLogWorker (SegmentedRaftLogWorker.java:close(224)) - b9fe614c-fc92-49ed-846d-3792d102db8e@group-351FF3C4E3C1-SegmentedRaftLogWorker close()
2019-10-01 12:44:23,219 [ForkJoinPool.commonPool-worker-1] INFO  server.GrpcService (GrpcService.java:closeImpl(164)) - b9fe614c-fc92-49ed-846d-3792d102db8e: shutdown server with port 41459 now
2019-10-01 12:44:23,219 [grpc-default-executor-10] WARN  client.GrpcClientProtocolService (LogUtils.java:warn(134)) - 7-UnorderedRequestStreamObserver7: onError: org.apache.ratis.thirdparty.io.grpc.StatusRuntimeException: CANCELLED: cancelled before receiving half close
2019-10-01 12:44:23,219 [ForkJoinPool.commonPool-worker-1] INFO  server.GrpcService (GrpcService.java:closeImpl(172)) - b9fe614c-fc92-49ed-846d-3792d102db8e: shutdown server with port 41459 successfully
2019-10-01 12:44:23,222 [refreshUsed-/workdir/hadoop-ozone/integration-test/target/test-dir/MiniOzoneClusterImpl-54047bbe-a4d0-46f5-93a6-5a04f7d29f94/datanode-2/data/containers] WARN  fs.CachingGetSpaceUsed (CachingGetSpaceUsed.java:run(183)) - Thread Interrupted waiting to refresh disk information: sleep interrupted
2019-10-01 12:44:23,236 [ForkJoinPool.commonPool-worker-1] INFO  utils.BackgroundService (BackgroundService.java:shutdown(148)) - Shutting down service BlockDeletingService
2019-10-01 12:44:23,241 [ForkJoinPool.commonPool-worker-1] INFO  statemachine.DatanodeStateMachine (DatanodeStateMachine.java:stopDaemon(395)) - Ozone container server stopped.
2019-10-01 12:44:23,258 [ForkJoinPool.commonPool-worker-1] INFO  handler.ContextHandler (ContextHandler.java:doStop(910)) - Stopped o.e.j.w.WebAppContext@674aa626{/,null,UNAVAILABLE}{/hddsDatanode}
2019-10-01 12:44:23,259 [ForkJoinPool.commonPool-worker-1] INFO  server.AbstractConnector (AbstractConnector.java:doStop(318)) - Stopped ServerConnector@4dd1d2bb{HTTP/1.1,[http/1.1]}{0.0.0.0:0}
2019-10-01 12:44:23,260 [ForkJoinPool.commonPool-worker-1] INFO  handler.ContextHandler (ContextHandler.java:doStop(910)) - Stopped o.e.j.s.ServletContextHandler@1f408ab6{/static,jar:file:/home/user/.m2/repository/org/apache/hadoop/hadoop-hdds-container-service/0.5.0-SNAPSHOT/hadoop-hdds-container-service-0.5.0-SNAPSHOT.jar!/webapps/static,UNAVAILABLE}
2019-10-01 12:44:23,262 [ForkJoinPool.commonPool-worker-1] INFO  handler.ContextHandler (ContextHandler.java:doStop(910)) - Stopped o.e.j.s.ServletContextHandler@74fc3fc7{/logs,file:///workdir/hadoop-ozone/integration-test/target/log,UNAVAILABLE}
2019-10-01 12:44:23,278 [Datanode State Machine Thread - 0] INFO  statemachine.DatanodeStateMachine (DatanodeStateMachine.java:lambda$startDaemon$0(350)) - Ozone container server started.
2019-10-01 12:44:23,908 [Datanode State Machine Thread - 0] INFO  statemachine.DatanodeStateMachine (DatanodeStateMachine.java:lambda$startDaemon$0(350)) - Ozone container server started.
2019-10-01 12:44:25,007 [Thread-4485] INFO  impl.FollowerState (FollowerState.java:run(108)) - 7b940994-b04a-41d7-acb3-b4567a89b926@group-0A671898226B-FollowerState: change to CANDIDATE, lastRpcTime:7761ms, electionTimeout:5159ms
2019-10-01 12:44:25,007 [Thread-4485] INFO  impl.RoleInfo (RoleInfo.java:shutdownFollowerState(121)) - 7b940994-b04a-41d7-acb3-b4567a89b926: shutdown FollowerState
2019-10-01 12:44:25,007 [Thread-4485] INFO  impl.RaftServerImpl (RaftServerImpl.java:setRole(170)) - 7b940994-b04a-41d7-acb3-b4567a89b926@group-0A671898226B: changes role from  FOLLOWER to CANDIDATE at term 1 for changeToCandidate
2019-10-01 12:44:25,007 [Thread-4485] INFO  impl.RoleInfo (RoleInfo.java:updateAndGet(143)) - 7b940994-b04a-41d7-acb3-b4567a89b926: start LeaderElection
2019-10-01 12:44:25,010 [7b940994-b04a-41d7-acb3-b4567a89b926@group-0A671898226B-LeaderElection114] INFO  impl.RaftServerImpl (ServerState.java:setLeader(255)) - 7b940994-b04a-41d7-acb3-b4567a89b926@group-0A671898226B: change Leader from 89c73eeb-e99a-4ead-a178-f5fc4a551541 to null at term 1 for initElection
2019-10-01 12:44:25,034 [7b940994-b04a-41d7-acb3-b4567a89b926@group-0A671898226B-LeaderElection114] INFO  impl.LeaderElection (LeaderElection.java:askForVotes(178)) - 7b940994-b04a-41d7-acb3-b4567a89b926@group-0A671898226B-LeaderElection114: begin an election at term 2 for 0: [bc7b43ce-939d-49b7-851e-984e78d74e21:192.168.30.18:34159, 89c73eeb-e99a-4ead-a178-f5fc4a551541:192.168.30.18:41541, 7b940994-b04a-41d7-acb3-b4567a89b926:192.168.30.18:42925], old=null
2019-10-01 12:44:25,035 [7b940994-b04a-41d7-acb3-b4567a89b926@group-0A671898226B-LeaderElection114] INFO  impl.LeaderElection (LogUtils.java:infoOrTrace(149)) - 7b940994-b04a-41d7-acb3-b4567a89b926@group-0A671898226B-LeaderElection114 got exception when requesting votes: {}
java.util.concurrent.ExecutionException: org.apache.ratis.thirdparty.io.grpc.StatusRuntimeException: UNAVAILABLE: io exception
	at java.util.concurrent.FutureTask.report(FutureTask.java:122)
	at java.util.concurrent.FutureTask.get(FutureTask.java:192)
	at org.apache.ratis.server.impl.LeaderElection.waitForResults(LeaderElection.java:259)
	at org.apache.ratis.server.impl.LeaderElection.askForVotes(LeaderElection.java:197)
	at org.apache.ratis.server.impl.LeaderElection.run(LeaderElection.java:133)
	at java.lang.Thread.run(Thread.java:748)
Caused by: org.apache.ratis.thirdparty.io.grpc.StatusRuntimeException: UNAVAILABLE: io exception
	at org.apache.ratis.thirdparty.io.grpc.stub.ClientCalls.toStatusRuntimeException(ClientCalls.java:233)
	at org.apache.ratis.thirdparty.io.grpc.stub.ClientCalls.getUnchecked(ClientCalls.java:214)
	at org.apache.ratis.thirdparty.io.grpc.stub.ClientCalls.blockingUnaryCall(ClientCalls.java:139)
	at org.apache.ratis.proto.grpc.RaftServerProtocolServiceGrpc$RaftServerProtocolServiceBlockingStub.requestVote(RaftServerProtocolServiceGrpc.java:265)
	at org.apache.ratis.grpc.server.GrpcServerProtocolClient.requestVote(GrpcServerProtocolClient.java:99)
	at org.apache.ratis.grpc.server.GrpcService.requestVote(GrpcService.java:204)
	at org.apache.ratis.server.impl.LeaderElection.lambda$submitRequests$1(LeaderElection.java:234)
	at java.util.concurrent.FutureTask.run(FutureTask.java:266)
	at java.util.concurrent.Executors$RunnableAdapter.call(Executors.java:511)
	at java.util.concurrent.FutureTask.run(FutureTask.java:266)
	at java.util.concurrent.ThreadPoolExecutor.runWorker(ThreadPoolExecutor.java:1149)
	at java.util.concurrent.ThreadPoolExecutor$Worker.run(ThreadPoolExecutor.java:624)
	... 1 more
Caused by: org.apache.ratis.thirdparty.io.netty.channel.AbstractChannel$AnnotatedConnectException: Connection refused: /192.168.30.18:41541
	at sun.nio.ch.SocketChannelImpl.checkConnect(Native Method)
	at sun.nio.ch.SocketChannelImpl.finishConnect(SocketChannelImpl.java:717)
	at org.apache.ratis.thirdparty.io.netty.channel.socket.nio.NioSocketChannel.doFinishConnect(NioSocketChannel.java:327)
	at org.apache.ratis.thirdparty.io.netty.channel.nio.AbstractNioChannel$AbstractNioUnsafe.finishConnect(AbstractNioChannel.java:340)
	at org.apache.ratis.thirdparty.io.netty.channel.nio.NioEventLoop.processSelectedKey(NioEventLoop.java:632)
	at org.apache.ratis.thirdparty.io.netty.channel.nio.NioEventLoop.processSelectedKeysOptimized(NioEventLoop.java:579)
	at org.apache.ratis.thirdparty.io.netty.channel.nio.NioEventLoop.processSelectedKeys(NioEventLoop.java:496)
	at org.apache.ratis.thirdparty.io.netty.channel.nio.NioEventLoop.run(NioEventLoop.java:458)
	at org.apache.ratis.thirdparty.io.netty.util.concurrent.SingleThreadEventExecutor$5.run(SingleThreadEventExecutor.java:897)
	at org.apache.ratis.thirdparty.io.netty.util.concurrent.FastThreadLocalRunnable.run(FastThreadLocalRunnable.java:30)
	... 1 more
Caused by: java.net.ConnectException: Connection refused
	... 11 more
2019-10-01 12:44:25,037 [grpc-default-executor-8] INFO  impl.RaftServerImpl (ServerState.java:setLeader(255)) - bc7b43ce-939d-49b7-851e-984e78d74e21@group-0A671898226B: change Leader from 89c73eeb-e99a-4ead-a178-f5fc4a551541 to null at term 2 for updateCurrentTerm
2019-10-01 12:44:25,038 [grpc-default-executor-8] INFO  impl.RaftServerImpl (RaftServerImpl.java:setRole(170)) - bc7b43ce-939d-49b7-851e-984e78d74e21@group-0A671898226B: changes role from  FOLLOWER to FOLLOWER at term 2 for recognizeCandidate:7b940994-b04a-41d7-acb3-b4567a89b926
2019-10-01 12:44:25,038 [grpc-default-executor-8] INFO  impl.RoleInfo (RoleInfo.java:shutdownFollowerState(121)) - bc7b43ce-939d-49b7-851e-984e78d74e21: shutdown FollowerState
2019-10-01 12:44:25,038 [grpc-default-executor-8] INFO  impl.RoleInfo (RoleInfo.java:updateAndGet(143)) - bc7b43ce-939d-49b7-851e-984e78d74e21: start FollowerState
2019-10-01 12:44:25,064 [7b940994-b04a-41d7-acb3-b4567a89b926@group-0A671898226B-LeaderElection114] INFO  impl.LeaderElection (LeaderElection.java:logAndReturn(56)) - 7b940994-b04a-41d7-acb3-b4567a89b926@group-0A671898226B-LeaderElection114: Election PASSED; received 1 response(s) [7b940994-b04a-41d7-acb3-b4567a89b926<-bc7b43ce-939d-49b7-851e-984e78d74e21#0:OK-t2] and 1 exception(s); 7b940994-b04a-41d7-acb3-b4567a89b926@group-0A671898226B:t2, leader=null, voted=7b940994-b04a-41d7-acb3-b4567a89b926, raftlog=7b940994-b04a-41d7-acb3-b4567a89b926@group-0A671898226B-SegmentedRaftLog:OPENED:c0,f0,i0, conf=0: [bc7b43ce-939d-49b7-851e-984e78d74e21:192.168.30.18:34159, 89c73eeb-e99a-4ead-a178-f5fc4a551541:192.168.30.18:41541, 7b940994-b04a-41d7-acb3-b4567a89b926:192.168.30.18:42925], old=null
2019-10-01 12:44:25,064 [7b940994-b04a-41d7-acb3-b4567a89b926@group-0A671898226B-LeaderElection114] INFO  impl.LeaderElection (LogUtils.java:infoOrTrace(149)) -   Exception 0: {}
java.util.concurrent.ExecutionException: org.apache.ratis.thirdparty.io.grpc.StatusRuntimeException: UNAVAILABLE: io exception
	at java.util.concurrent.FutureTask.report(FutureTask.java:122)
	at java.util.concurrent.FutureTask.get(FutureTask.java:192)
	at org.apache.ratis.server.impl.LeaderElection.waitForResults(LeaderElection.java:259)
	at org.apache.ratis.server.impl.LeaderElection.askForVotes(LeaderElection.java:197)
	at org.apache.ratis.server.impl.LeaderElection.run(LeaderElection.java:133)
	at java.lang.Thread.run(Thread.java:748)
Caused by: org.apache.ratis.thirdparty.io.grpc.StatusRuntimeException: UNAVAILABLE: io exception
	at org.apache.ratis.thirdparty.io.grpc.stub.ClientCalls.toStatusRuntimeException(ClientCalls.java:233)
	at org.apache.ratis.thirdparty.io.grpc.stub.ClientCalls.getUnchecked(ClientCalls.java:214)
	at org.apache.ratis.thirdparty.io.grpc.stub.ClientCalls.blockingUnaryCall(ClientCalls.java:139)
	at org.apache.ratis.proto.grpc.RaftServerProtocolServiceGrpc$RaftServerProtocolServiceBlockingStub.requestVote(RaftServerProtocolServiceGrpc.java:265)
	at org.apache.ratis.grpc.server.GrpcServerProtocolClient.requestVote(GrpcServerProtocolClient.java:99)
	at org.apache.ratis.grpc.server.GrpcService.requestVote(GrpcService.java:204)
	at org.apache.ratis.server.impl.LeaderElection.lambda$submitRequests$1(LeaderElection.java:234)
	at java.util.concurrent.FutureTask.run(FutureTask.java:266)
	at java.util.concurrent.Executors$RunnableAdapter.call(Executors.java:511)
	at java.util.concurrent.FutureTask.run(FutureTask.java:266)
	at java.util.concurrent.ThreadPoolExecutor.runWorker(ThreadPoolExecutor.java:1149)
	at java.util.concurrent.ThreadPoolExecutor$Worker.run(ThreadPoolExecutor.java:624)
	... 1 more
Caused by: org.apache.ratis.thirdparty.io.netty.channel.AbstractChannel$AnnotatedConnectException: Connection refused: /192.168.30.18:41541
	at sun.nio.ch.SocketChannelImpl.checkConnect(Native Method)
	at sun.nio.ch.SocketChannelImpl.finishConnect(SocketChannelImpl.java:717)
	at org.apache.ratis.thirdparty.io.netty.channel.socket.nio.NioSocketChannel.doFinishConnect(NioSocketChannel.java:327)
	at org.apache.ratis.thirdparty.io.netty.channel.nio.AbstractNioChannel$AbstractNioUnsafe.finishConnect(AbstractNioChannel.java:340)
	at org.apache.ratis.thirdparty.io.netty.channel.nio.NioEventLoop.processSelectedKey(NioEventLoop.java:632)
	at org.apache.ratis.thirdparty.io.netty.channel.nio.NioEventLoop.processSelectedKeysOptimized(NioEventLoop.java:579)
	at org.apache.ratis.thirdparty.io.netty.channel.nio.NioEventLoop.processSelectedKeys(NioEventLoop.java:496)
	at org.apache.ratis.thirdparty.io.netty.channel.nio.NioEventLoop.run(NioEventLoop.java:458)
	at org.apache.ratis.thirdparty.io.netty.util.concurrent.SingleThreadEventExecutor$5.run(SingleThreadEventExecutor.java:897)
	at org.apache.ratis.thirdparty.io.netty.util.concurrent.FastThreadLocalRunnable.run(FastThreadLocalRunnable.java:30)
	... 1 more
Caused by: java.net.ConnectException: Connection refused
	... 11 more
2019-10-01 12:44:25,065 [7b940994-b04a-41d7-acb3-b4567a89b926@group-0A671898226B-LeaderElection114] INFO  impl.RoleInfo (RoleInfo.java:shutdownLeaderElection(134)) - 7b940994-b04a-41d7-acb3-b4567a89b926: shutdown LeaderElection
2019-10-01 12:44:25,065 [7b940994-b04a-41d7-acb3-b4567a89b926@group-0A671898226B-LeaderElection114] INFO  impl.RaftServerImpl (RaftServerImpl.java:setRole(170)) - 7b940994-b04a-41d7-acb3-b4567a89b926@group-0A671898226B: changes role from CANDIDATE to LEADER at term 2 for changeToLeader
2019-10-01 12:44:25,065 [7b940994-b04a-41d7-acb3-b4567a89b926@group-0A671898226B-LeaderElection114] INFO  impl.RaftServerImpl (ServerState.java:setLeader(255)) - 7b940994-b04a-41d7-acb3-b4567a89b926@group-0A671898226B: change Leader from null to 7b940994-b04a-41d7-acb3-b4567a89b926 at term 2 for becomeLeader, leader elected after 55ms
2019-10-01 12:44:25,065 [7b940994-b04a-41d7-acb3-b4567a89b926@group-0A671898226B-LeaderElection114] INFO  server.RaftServerConfigKeys (ConfUtils.java:logGet(43)) - raft.server.staging.catchup.gap = 1000 (default)
2019-10-01 12:44:25,066 [7b940994-b04a-41d7-acb3-b4567a89b926@group-0A671898226B-LeaderElection114] INFO  server.RaftServerConfigKeys (ConfUtils.java:logGet(43)) - raft.server.rpc.sleep.time = 25ms (default)
2019-10-01 12:44:25,066 [7b940994-b04a-41d7-acb3-b4567a89b926@group-0A671898226B-LeaderElection114] INFO  server.RaftServerConfigKeys (ConfUtils.java:logGet(43)) - raft.server.write.element-limit = 4096 (default)
2019-10-01 12:44:25,066 [7b940994-b04a-41d7-acb3-b4567a89b926@group-0A671898226B-LeaderElection114] INFO  server.RaftServerConfigKeys (ConfUtils.java:logGet(43)) - raft.server.watch.timeout = 10s (default)
2019-10-01 12:44:25,066 [7b940994-b04a-41d7-acb3-b4567a89b926@group-0A671898226B-LeaderElection114] INFO  server.RaftServerConfigKeys (ConfUtils.java:logGet(43)) - raft.server.watch.timeout.denomination = 1s (default)
2019-10-01 12:44:25,066 [7b940994-b04a-41d7-acb3-b4567a89b926@group-0A671898226B-LeaderElection114] INFO  server.RaftServerConfigKeys (ConfUtils.java:logGet(43)) - raft.server.watch.element-limit = 65536 (default)
2019-10-01 12:44:25,069 [7b940994-b04a-41d7-acb3-b4567a89b926@group-0A671898226B-LeaderElection114] INFO  server.RaftServerConfigKeys (ConfUtils.java:logGet(43)) - raft.server.log.appender.snapshot.chunk.size.max = 16MB (=16777216) (default)
2019-10-01 12:44:25,069 [7b940994-b04a-41d7-acb3-b4567a89b926@group-0A671898226B-LeaderElection114] INFO  server.RaftServerConfigKeys (ConfUtils.java:logGet(43)) - raft.server.log.appender.buffer.byte-limit = 33554432 (custom)
2019-10-01 12:44:25,069 [7b940994-b04a-41d7-acb3-b4567a89b926@group-0A671898226B-LeaderElection114] INFO  server.RaftServerConfigKeys (ConfUtils.java:logGet(43)) - raft.server.log.appender.buffer.element-limit = 1 (custom)
2019-10-01 12:44:25,070 [7b940994-b04a-41d7-acb3-b4567a89b926@group-0A671898226B-LeaderElection114] INFO  grpc.GrpcConfigKeys$Server (ConfUtils.java:logGet(43)) - raft.grpc.server.leader.outstanding.appends.max = 128 (default)
2019-10-01 12:44:25,070 [7b940994-b04a-41d7-acb3-b4567a89b926@group-0A671898226B-LeaderElection114] INFO  server.RaftServerConfigKeys (ConfUtils.java:logGet(43)) - raft.server.rpc.request.timeout = 3000ms (default)
2019-10-01 12:44:25,070 [7b940994-b04a-41d7-acb3-b4567a89b926@group-0A671898226B-LeaderElection114] INFO  server.RaftServerConfigKeys (ConfUtils.java:logGet(43)) - raft.server.log.appender.install.snapshot.enabled = false (custom)
2019-10-01 12:44:25,070 [7b940994-b04a-41d7-acb3-b4567a89b926@group-0A671898226B-LeaderElection114] INFO  server.RaftServerConfigKeys (ConfUtils.java:logGet(43)) - raft.server.log.appender.snapshot.chunk.size.max = 16MB (=16777216) (default)
2019-10-01 12:44:25,071 [7b940994-b04a-41d7-acb3-b4567a89b926@group-0A671898226B-LeaderElection114] INFO  server.RaftServerConfigKeys (ConfUtils.java:logGet(43)) - raft.server.log.appender.buffer.byte-limit = 33554432 (custom)
2019-10-01 12:44:25,071 [7b940994-b04a-41d7-acb3-b4567a89b926@group-0A671898226B-LeaderElection114] INFO  server.RaftServerConfigKeys (ConfUtils.java:logGet(43)) - raft.server.log.appender.buffer.element-limit = 1 (custom)
2019-10-01 12:44:25,071 [7b940994-b04a-41d7-acb3-b4567a89b926@group-0A671898226B-LeaderElection114] INFO  grpc.GrpcConfigKeys$Server (ConfUtils.java:logGet(43)) - raft.grpc.server.leader.outstanding.appends.max = 128 (default)
2019-10-01 12:44:25,071 [7b940994-b04a-41d7-acb3-b4567a89b926@group-0A671898226B-LeaderElection114] INFO  server.RaftServerConfigKeys (ConfUtils.java:logGet(43)) - raft.server.rpc.request.timeout = 3000ms (default)
2019-10-01 12:44:25,072 [7b940994-b04a-41d7-acb3-b4567a89b926@group-0A671898226B-LeaderElection114] INFO  server.RaftServerConfigKeys (ConfUtils.java:logGet(43)) - raft.server.log.appender.install.snapshot.enabled = false (custom)
2019-10-01 12:44:25,072 [7b940994-b04a-41d7-acb3-b4567a89b926@group-0A671898226B-LeaderElection114] INFO  impl.RoleInfo (RoleInfo.java:updateAndGet(143)) - 7b940994-b04a-41d7-acb3-b4567a89b926: start LeaderState
2019-10-01 12:44:25,072 [7b940994-b04a-41d7-acb3-b4567a89b926@group-0A671898226B-LeaderElection114] INFO  segmented.SegmentedRaftLogWorker (SegmentedRaftLogWorker.java:rollLogSegment(390)) - 7b940994-b04a-41d7-acb3-b4567a89b926@group-0A671898226B-SegmentedRaftLogWorker: Rolling segment log-0_0 to index:0
2019-10-01 12:44:25,073 [7b940994-b04a-41d7-acb3-b4567a89b926@group-0A671898226B-LeaderElection114] INFO  impl.RaftServerImpl (ServerState.java:setRaftConf(356)) - 7b940994-b04a-41d7-acb3-b4567a89b926@group-0A671898226B: set configuration 1: [bc7b43ce-939d-49b7-851e-984e78d74e21:192.168.30.18:34159, 89c73eeb-e99a-4ead-a178-f5fc4a551541:192.168.30.18:41541, 7b940994-b04a-41d7-acb3-b4567a89b926:192.168.30.18:42925], old=null at 1
2019-10-01 12:44:25,073 [grpc-default-executor-8] WARN  server.GrpcLogAppender (LogUtils.java:warn(134)) - 7b940994-b04a-41d7-acb3-b4567a89b926@group-0A671898226B->89c73eeb-e99a-4ead-a178-f5fc4a551541-AppendLogResponseHandler: Failed appendEntries: org.apache.ratis.thirdparty.io.grpc.StatusRuntimeException: UNAVAILABLE: io exception
2019-10-01 12:44:25,076 [grpc-default-executor-8] INFO  impl.FollowerInfo (FollowerInfo.java:lambda$new$0(51)) - 7b940994-b04a-41d7-acb3-b4567a89b926@group-0A671898226B->89c73eeb-e99a-4ead-a178-f5fc4a551541: nextIndex: updateUnconditionally 1 -> 0
2019-10-01 12:44:25,076 [7b940994-b04a-41d7-acb3-b4567a89b926@group-0A671898226B-SegmentedRaftLogWorker] INFO  segmented.SegmentedRaftLogWorker (SegmentedRaftLogWorker.java:execute(531)) - 7b940994-b04a-41d7-acb3-b4567a89b926@group-0A671898226B-SegmentedRaftLogWorker: Rolled log segment from /workdir/hadoop-ozone/integration-test/target/test-dir/MiniOzoneClusterImpl-54047bbe-a4d0-46f5-93a6-5a04f7d29f94/datanode-6/data/ratis/4e593b69-8a6b-4516-a9b5-0a671898226b/current/log_inprogress_0 to /workdir/hadoop-ozone/integration-test/target/test-dir/MiniOzoneClusterImpl-54047bbe-a4d0-46f5-93a6-5a04f7d29f94/datanode-6/data/ratis/4e593b69-8a6b-4516-a9b5-0a671898226b/current/log_0-0
2019-10-01 12:44:25,076 [grpc-default-executor-8] INFO  impl.RaftServerImpl (ServerState.java:setLeader(255)) - bc7b43ce-939d-49b7-851e-984e78d74e21@group-0A671898226B: change Leader from null to 7b940994-b04a-41d7-acb3-b4567a89b926 at term 2 for appendEntries, leader elected after 38ms
2019-10-01 12:44:25,078 [grpc-default-executor-8] INFO  impl.RaftServerImpl (ServerState.java:setRaftConf(356)) - bc7b43ce-939d-49b7-851e-984e78d74e21@group-0A671898226B: set configuration 1: [bc7b43ce-939d-49b7-851e-984e78d74e21:192.168.30.18:34159, 89c73eeb-e99a-4ead-a178-f5fc4a551541:192.168.30.18:41541, 7b940994-b04a-41d7-acb3-b4567a89b926:192.168.30.18:42925], old=null at 1
2019-10-01 12:44:25,078 [grpc-default-executor-8] INFO  segmented.SegmentedRaftLogWorker (SegmentedRaftLogWorker.java:rollLogSegment(390)) - bc7b43ce-939d-49b7-851e-984e78d74e21@group-0A671898226B-SegmentedRaftLogWorker: Rolling segment log-0_0 to index:0
2019-10-01 12:44:25,079 [bc7b43ce-939d-49b7-851e-984e78d74e21@group-0A671898226B-SegmentedRaftLogWorker] INFO  segmented.SegmentedRaftLogWorker (SegmentedRaftLogWorker.java:execute(531)) - bc7b43ce-939d-49b7-851e-984e78d74e21@group-0A671898226B-SegmentedRaftLogWorker: Rolled log segment from /workdir/hadoop-ozone/integration-test/target/test-dir/MiniOzoneClusterImpl-54047bbe-a4d0-46f5-93a6-5a04f7d29f94/datanode-5/data/ratis/4e593b69-8a6b-4516-a9b5-0a671898226b/current/log_inprogress_0 to /workdir/hadoop-ozone/integration-test/target/test-dir/MiniOzoneClusterImpl-54047bbe-a4d0-46f5-93a6-5a04f7d29f94/datanode-5/data/ratis/4e593b69-8a6b-4516-a9b5-0a671898226b/current/log_0-0
2019-10-01 12:44:25,136 [7b940994-b04a-41d7-acb3-b4567a89b926@group-0A671898226B-SegmentedRaftLogWorker] INFO  segmented.SegmentedRaftLogWorker (SegmentedRaftLogWorker.java:execute(574)) - 7b940994-b04a-41d7-acb3-b4567a89b926@group-0A671898226B-SegmentedRaftLogWorker: created new log segment /workdir/hadoop-ozone/integration-test/target/test-dir/MiniOzoneClusterImpl-54047bbe-a4d0-46f5-93a6-5a04f7d29f94/datanode-6/data/ratis/4e593b69-8a6b-4516-a9b5-0a671898226b/current/log_inprogress_1
2019-10-01 12:44:25,159 [bc7b43ce-939d-49b7-851e-984e78d74e21@group-0A671898226B-SegmentedRaftLogWorker] INFO  segmented.SegmentedRaftLogWorker (SegmentedRaftLogWorker.java:execute(574)) - bc7b43ce-939d-49b7-851e-984e78d74e21@group-0A671898226B-SegmentedRaftLogWorker: created new log segment /workdir/hadoop-ozone/integration-test/target/test-dir/MiniOzoneClusterImpl-54047bbe-a4d0-46f5-93a6-5a04f7d29f94/datanode-5/data/ratis/4e593b69-8a6b-4516-a9b5-0a671898226b/current/log_inprogress_1
2019-10-01 12:44:25,176 [grpc-default-executor-9] WARN  server.GrpcLogAppender (LogUtils.java:warn(134)) - 7b940994-b04a-41d7-acb3-b4567a89b926@group-0A671898226B->89c73eeb-e99a-4ead-a178-f5fc4a551541-AppendLogResponseHandler: Failed appendEntries: org.apache.ratis.thirdparty.io.grpc.StatusRuntimeException: UNAVAILABLE: io exception
2019-10-01 12:44:25,177 [grpc-default-executor-9] INFO  impl.FollowerInfo (FollowerInfo.java:lambda$new$0(51)) - 7b940994-b04a-41d7-acb3-b4567a89b926@group-0A671898226B->89c73eeb-e99a-4ead-a178-f5fc4a551541: nextIndex: updateUnconditionally 1 -> 0
2019-10-01 12:44:25,188 [grpc-default-executor-8] WARN  server.GrpcLogAppender (LogUtils.java:warn(134)) - 7b940994-b04a-41d7-acb3-b4567a89b926@group-0A671898226B->89c73eeb-e99a-4ead-a178-f5fc4a551541-AppendLogResponseHandler: Failed appendEntries: org.apache.ratis.thirdparty.io.grpc.StatusRuntimeException: UNAVAILABLE: io exception
2019-10-01 12:44:25,189 [grpc-default-executor-8] INFO  impl.FollowerInfo (FollowerInfo.java:lambda$new$0(51)) - 7b940994-b04a-41d7-acb3-b4567a89b926@group-0A671898226B->89c73eeb-e99a-4ead-a178-f5fc4a551541: nextIndex: updateUnconditionally 1 -> 0
2019-10-01 12:44:27,317 [EventQueue-StaleNodeForStaleNodeHandler] INFO  node.StaleNodeHandler (StaleNodeHandler.java:onMessage(58)) - Datanode 7b940994-b04a-41d7-acb3-b4567a89b926{ip: 192.168.30.18, host: pr-hdds-2199-dnstouuidmap-6cjbd-2468009341, networkLocation: /default-rack, certSerialId: null} moved to stale state. Finalizing its pipelines [PipelineID=ec576d98-9868-4250-bbe2-e4667749eef2, PipelineID=4e593b69-8a6b-4516-a9b5-0a671898226b]
2019-10-01 12:44:27,318 [EventQueue-StaleNodeForStaleNodeHandler] INFO  pipeline.SCMPipelineManager (SCMPipelineManager.java:finalizeAndDestroyPipeline(315)) - destroying pipeline:Pipeline[ Id: ec576d98-9868-4250-bbe2-e4667749eef2, Nodes: 7b940994-b04a-41d7-acb3-b4567a89b926{ip: 192.168.30.18, host: pr-hdds-2199-dnstouuidmap-6cjbd-2468009341, networkLocation: /default-rack, certSerialId: null}, Type:RATIS, Factor:ONE, State:OPEN]
2019-10-01 12:44:27,318 [EventQueue-StaleNodeForStaleNodeHandler] INFO  pipeline.PipelineStateManager (PipelineStateManager.java:finalizePipeline(123)) - Pipeline Pipeline[ Id: ec576d98-9868-4250-bbe2-e4667749eef2, Nodes: 7b940994-b04a-41d7-acb3-b4567a89b926{ip: 192.168.30.18, host: pr-hdds-2199-dnstouuidmap-6cjbd-2468009341, networkLocation: /default-rack, certSerialId: null}, Type:RATIS, Factor:ONE, State:CLOSED] moved to CLOSED state
2019-10-01 12:44:27,318 [EventQueue-StaleNodeForStaleNodeHandler] INFO  pipeline.SCMPipelineManager (SCMPipelineManager.java:finalizeAndDestroyPipeline(315)) - destroying pipeline:Pipeline[ Id: 4e593b69-8a6b-4516-a9b5-0a671898226b, Nodes: 7b940994-b04a-41d7-acb3-b4567a89b926{ip: 192.168.30.18, host: pr-hdds-2199-dnstouuidmap-6cjbd-2468009341, networkLocation: /default-rack, certSerialId: null}bc7b43ce-939d-49b7-851e-984e78d74e21{ip: 192.168.30.18, host: pr-hdds-2199-dnstouuidmap-6cjbd-2468009341, networkLocation: /default-rack, certSerialId: null}89c73eeb-e99a-4ead-a178-f5fc4a551541{ip: 192.168.30.18, host: pr-hdds-2199-dnstouuidmap-6cjbd-2468009341, networkLocation: /default-rack, certSerialId: null}, Type:RATIS, Factor:THREE, State:CLOSED]
2019-10-01 12:44:27,690 [grpc-default-executor-4] WARN  server.GrpcLogAppender (LogUtils.java:warn(134)) - 7b940994-b04a-41d7-acb3-b4567a89b926@group-0A671898226B->89c73eeb-e99a-4ead-a178-f5fc4a551541-AppendLogResponseHandler: Failed appendEntries: org.apache.ratis.thirdparty.io.grpc.StatusRuntimeException: UNAVAILABLE: io exception
2019-10-01 12:44:27,690 [grpc-default-executor-4] INFO  impl.FollowerInfo (FollowerInfo.java:lambda$new$0(51)) - 7b940994-b04a-41d7-acb3-b4567a89b926@group-0A671898226B->89c73eeb-e99a-4ead-a178-f5fc4a551541: nextIndex: updateUnconditionally 0 -> 0
2019-10-01 12:44:27,917 [EventQueue-StaleNodeForStaleNodeHandler] INFO  node.StaleNodeHandler (StaleNodeHandler.java:onMessage(58)) - Datanode d3d96536-50c0-424c-b791-b7211a690396{ip: 192.168.30.18, host: pr-hdds-2199-dnstouuidmap-6cjbd-2468009341, networkLocation: /default-rack, certSerialId: null} moved to stale state. Finalizing its pipelines [PipelineID=83668dcf-41b4-46fc-9491-a507e1bbfcbe, PipelineID=b676af3b-4469-4641-a740-e45917b9d7a1]
2019-10-01 12:44:27,921 [EventQueue-StaleNodeForStaleNodeHandler] INFO  pipeline.SCMPipelineManager (SCMPipelineManager.java:finalizeAndDestroyPipeline(315)) - destroying pipeline:Pipeline[ Id: 83668dcf-41b4-46fc-9491-a507e1bbfcbe, Nodes: 1699c8ac-b1ac-4189-87c7-7e52019aab6f{ip: 192.168.30.18, host: pr-hdds-2199-dnstouuidmap-6cjbd-2468009341, networkLocation: /default-rack, certSerialId: null}d3d96536-50c0-424c-b791-b7211a690396{ip: 192.168.30.18, host: pr-hdds-2199-dnstouuidmap-6cjbd-2468009341, networkLocation: /default-rack, certSerialId: null}b9fe614c-fc92-49ed-846d-3792d102db8e{ip: 192.168.30.18, host: pr-hdds-2199-dnstouuidmap-6cjbd-2468009341, networkLocation: /default-rack, certSerialId: null}, Type:RATIS, Factor:THREE, State:CLOSED]
2019-10-01 12:44:27,922 [EventQueue-StaleNodeForStaleNodeHandler] INFO  pipeline.SCMPipelineManager (SCMPipelineManager.java:finalizeAndDestroyPipeline(315)) - destroying pipeline:Pipeline[ Id: b676af3b-4469-4641-a740-e45917b9d7a1, Nodes: d3d96536-50c0-424c-b791-b7211a690396{ip: 192.168.30.18, host: pr-hdds-2199-dnstouuidmap-6cjbd-2468009341, networkLocation: /default-rack, certSerialId: null}, Type:RATIS, Factor:ONE, State:OPEN]
2019-10-01 12:44:27,922 [EventQueue-StaleNodeForStaleNodeHandler] INFO  pipeline.PipelineStateManager (PipelineStateManager.java:finalizePipeline(123)) - Pipeline Pipeline[ Id: b676af3b-4469-4641-a740-e45917b9d7a1, Nodes: d3d96536-50c0-424c-b791-b7211a690396{ip: 192.168.30.18, host: pr-hdds-2199-dnstouuidmap-6cjbd-2468009341, networkLocation: /default-rack, certSerialId: null}, Type:RATIS, Factor:ONE, State:CLOSED] moved to CLOSED state
2019-10-01 12:44:28,189 [main] INFO  ozoneimpl.OzoneContainer (OzoneContainer.java:stop(231)) - Attempting to stop container services.
2019-10-01 12:44:28,194 [main] INFO  impl.RaftServerProxy (RaftServerProxy.java:lambda$close$4(314)) - 7b940994-b04a-41d7-acb3-b4567a89b926: close
2019-10-01 12:44:28,195 [main] INFO  impl.RaftServerImpl (RaftServerImpl.java:lambda$shutdown$3(247)) - 7b940994-b04a-41d7-acb3-b4567a89b926@group-E4667749EEF2: shutdown
2019-10-01 12:44:28,196 [main] INFO  util.JmxRegister (JmxRegister.java:unregister(73)) - Successfully un-registered JMX Bean with object name Ratis:service=RaftServer,group=group-E4667749EEF2,id=7b940994-b04a-41d7-acb3-b4567a89b926
2019-10-01 12:44:28,196 [main] INFO  impl.RoleInfo (RoleInfo.java:shutdownLeaderState(104)) - 7b940994-b04a-41d7-acb3-b4567a89b926: shutdown LeaderState
2019-10-01 12:44:28,197 [main] INFO  impl.PendingRequests (PendingRequests.java:sendNotLeaderResponses(202)) - 7b940994-b04a-41d7-acb3-b4567a89b926@group-E4667749EEF2-PendingRequests: sendNotLeaderResponses
2019-10-01 12:44:28,198 [main] INFO  impl.StateMachineUpdater (StateMachineUpdater.java:stopAndJoin(136)) - 7b940994-b04a-41d7-acb3-b4567a89b926@group-E4667749EEF2-StateMachineUpdater: set stopIndex = 0
2019-10-01 12:44:28,198 [main] INFO  impl.RaftServerImpl (ServerState.java:close(387)) - 7b940994-b04a-41d7-acb3-b4567a89b926@group-E4667749EEF2: closes. applyIndex: 0
2019-10-01 12:44:28,199 [7b940994-b04a-41d7-acb3-b4567a89b926@group-E4667749EEF2-SegmentedRaftLogWorker] INFO  segmented.SegmentedRaftLogWorker (SegmentedRaftLogWorker.java:run(316)) - 7b940994-b04a-41d7-acb3-b4567a89b926@group-E4667749EEF2-SegmentedRaftLogWorker was interrupted, exiting. There are 0 tasks remaining in the queue.
2019-10-01 12:44:28,202 [main] INFO  segmented.SegmentedRaftLogWorker (SegmentedRaftLogWorker.java:close(224)) - 7b940994-b04a-41d7-acb3-b4567a89b926@group-E4667749EEF2-SegmentedRaftLogWorker close()
2019-10-01 12:44:28,205 [main] INFO  impl.RaftServerImpl (RaftServerImpl.java:lambda$shutdown$3(247)) - 7b940994-b04a-41d7-acb3-b4567a89b926@group-0A671898226B: shutdown
2019-10-01 12:44:28,205 [main] INFO  util.JmxRegister (JmxRegister.java:unregister(73)) - Successfully un-registered JMX Bean with object name Ratis:service=RaftServer,group=group-0A671898226B,id=7b940994-b04a-41d7-acb3-b4567a89b926
2019-10-01 12:44:28,206 [main] INFO  impl.RoleInfo (RoleInfo.java:shutdownLeaderState(104)) - 7b940994-b04a-41d7-acb3-b4567a89b926: shutdown LeaderState
2019-10-01 12:44:28,211 [main] INFO  impl.PendingRequests (PendingRequests.java:sendNotLeaderResponses(202)) - 7b940994-b04a-41d7-acb3-b4567a89b926@group-0A671898226B-PendingRequests: sendNotLeaderResponses
2019-10-01 12:44:28,211 [org.apache.ratis.server.impl.LogAppender$AppenderDaemon$$Lambda$518/1891525290@3d8e54bd] WARN  server.GrpcLogAppender (GrpcLogAppender.java:mayWait(143)) - 7b940994-b04a-41d7-acb3-b4567a89b926@group-0A671898226B->bc7b43ce-939d-49b7-851e-984e78d74e21-GrpcLogAppender: Wait interrupted by java.lang.InterruptedException
2019-10-01 12:44:28,213 [main] INFO  impl.StateMachineUpdater (StateMachineUpdater.java:stopAndJoin(136)) - 7b940994-b04a-41d7-acb3-b4567a89b926@group-0A671898226B-StateMachineUpdater: set stopIndex = 2
2019-10-01 12:44:28,211 [org.apache.ratis.server.impl.LogAppender$AppenderDaemon$$Lambda$518/1891525290@2798cf53] WARN  server.GrpcLogAppender (GrpcLogAppender.java:mayWait(143)) - 7b940994-b04a-41d7-acb3-b4567a89b926@group-0A671898226B->89c73eeb-e99a-4ead-a178-f5fc4a551541-GrpcLogAppender: Wait interrupted by java.lang.InterruptedException
2019-10-01 12:44:28,214 [main] INFO  impl.RaftServerImpl (ServerState.java:close(387)) - 7b940994-b04a-41d7-acb3-b4567a89b926@group-0A671898226B: closes. applyIndex: 2
2019-10-01 12:44:28,215 [grpc-default-executor-4] INFO  server.GrpcServerProtocolService (GrpcServerProtocolService.java:onCompleted(113)) - bc7b43ce-939d-49b7-851e-984e78d74e21: Completed APPEND_ENTRIES, lastRequest: 7b940994-b04a-41d7-acb3-b4567a89b926->bc7b43ce-939d-49b7-851e-984e78d74e21#3-t2, previous=(t:2, i:2), leaderCommit=2, initializing? false, entries: <empty>
2019-10-01 12:44:28,215 [7b940994-b04a-41d7-acb3-b4567a89b926@group-0A671898226B-SegmentedRaftLogWorker] INFO  segmented.SegmentedRaftLogWorker (SegmentedRaftLogWorker.java:run(316)) - 7b940994-b04a-41d7-acb3-b4567a89b926@group-0A671898226B-SegmentedRaftLogWorker was interrupted, exiting. There are 0 tasks remaining in the queue.
2019-10-01 12:44:28,218 [main] INFO  segmented.SegmentedRaftLogWorker (SegmentedRaftLogWorker.java:close(224)) - 7b940994-b04a-41d7-acb3-b4567a89b926@group-0A671898226B-SegmentedRaftLogWorker close()
2019-10-01 12:44:28,220 [main] INFO  server.GrpcService (GrpcService.java:closeImpl(164)) - 7b940994-b04a-41d7-acb3-b4567a89b926: shutdown server with port 42925 now
2019-10-01 12:44:28,220 [grpc-default-executor-9] INFO  server.GrpcLogAppender (GrpcLogAppender.java:onCompleted(293)) - 7b940994-b04a-41d7-acb3-b4567a89b926@group-0A671898226B->bc7b43ce-939d-49b7-851e-984e78d74e21-AppendLogResponseHandler: follower responses appendEntries COMPLETED
2019-10-01 12:44:28,221 [main] INFO  server.GrpcService (GrpcService.java:closeImpl(172)) - 7b940994-b04a-41d7-acb3-b4567a89b926: shutdown server with port 42925 successfully
2019-10-01 12:44:28,221 [grpc-default-executor-9] INFO  impl.FollowerInfo (FollowerInfo.java:lambda$new$0(51)) - 7b940994-b04a-41d7-acb3-b4567a89b926@group-0A671898226B->bc7b43ce-939d-49b7-851e-984e78d74e21: nextIndex: updateUnconditionally 3 -> 2
2019-10-01 12:44:28,227 [refreshUsed-/workdir/hadoop-ozone/integration-test/target/test-dir/MiniOzoneClusterImpl-54047bbe-a4d0-46f5-93a6-5a04f7d29f94/datanode-6/data/containers] WARN  fs.CachingGetSpaceUsed (CachingGetSpaceUsed.java:run(183)) - Thread Interrupted waiting to refresh disk information: sleep interrupted
2019-10-01 12:44:28,245 [main] INFO  utils.BackgroundService (BackgroundService.java:shutdown(148)) - Shutting down service BlockDeletingService
2019-10-01 12:44:28,255 [main] INFO  statemachine.DatanodeStateMachine (DatanodeStateMachine.java:stopDaemon(395)) - Ozone container server stopped.
2019-10-01 12:44:28,257 [main] INFO  handler.ContextHandler (ContextHandler.java:doStop(910)) - Stopped o.e.j.w.WebAppContext@73b0ed03{/,null,UNAVAILABLE}{/hddsDatanode}
2019-10-01 12:44:28,258 [main] INFO  server.AbstractConnector (AbstractConnector.java:doStop(318)) - Stopped ServerConnector@55061418{HTTP/1.1,[http/1.1]}{0.0.0.0:0}
2019-10-01 12:44:28,258 [main] INFO  handler.ContextHandler (ContextHandler.java:doStop(910)) - Stopped o.e.j.s.ServletContextHandler@5a6f6cac{/static,jar:file:/home/user/.m2/repository/org/apache/hadoop/hadoop-hdds-container-service/0.5.0-SNAPSHOT/hadoop-hdds-container-service-0.5.0-SNAPSHOT.jar!/webapps/static,UNAVAILABLE}
2019-10-01 12:44:28,258 [main] INFO  handler.ContextHandler (ContextHandler.java:doStop(910)) - Stopped o.e.j.s.ServletContextHandler@11bdab37{/logs,file:///workdir/hadoop-ozone/integration-test/target/log,UNAVAILABLE}
2019-10-01 12:44:28,264 [ForkJoinPool.commonPool-worker-1] INFO  ozoneimpl.OzoneContainer (OzoneContainer.java:stop(231)) - Attempting to stop container services.
2019-10-01 12:44:28,264 [ForkJoinPool.commonPool-worker-1] INFO  impl.RaftServerProxy (RaftServerProxy.java:lambda$close$4(314)) - d3d96536-50c0-424c-b791-b7211a690396: close
2019-10-01 12:44:28,264 [ForkJoinPool.commonPool-worker-1] INFO  impl.RaftServerImpl (RaftServerImpl.java:lambda$shutdown$3(247)) - d3d96536-50c0-424c-b791-b7211a690396@group-A507E1BBFCBE: shutdown
2019-10-01 12:44:28,265 [ForkJoinPool.commonPool-worker-1] INFO  util.JmxRegister (JmxRegister.java:unregister(73)) - Successfully un-registered JMX Bean with object name Ratis:service=RaftServer,group=group-A507E1BBFCBE,id=d3d96536-50c0-424c-b791-b7211a690396
2019-10-01 12:44:28,265 [ForkJoinPool.commonPool-worker-1] INFO  impl.RoleInfo (RoleInfo.java:shutdownFollowerState(121)) - d3d96536-50c0-424c-b791-b7211a690396: shutdown FollowerState
2019-10-01 12:44:28,265 [ForkJoinPool.commonPool-worker-1] INFO  impl.StateMachineUpdater (StateMachineUpdater.java:stopAndJoin(136)) - d3d96536-50c0-424c-b791-b7211a690396@group-A507E1BBFCBE-StateMachineUpdater: set stopIndex = 6
2019-10-01 12:44:28,265 [Thread-4554] INFO  impl.FollowerState (FollowerState.java:run(117)) - d3d96536-50c0-424c-b791-b7211a690396@group-A507E1BBFCBE-FollowerState was interrupted: java.lang.InterruptedException: sleep interrupted
2019-10-01 12:44:28,265 [d3d96536-50c0-424c-b791-b7211a690396@group-A507E1BBFCBE-StateMachineUpdater] INFO  ratis.ContainerStateMachine (ContainerStateMachine.java:takeSnapshot(289)) - group-A507E1BBFCBE: Taking a snapshot at:(t:3, i:4) file /workdir/hadoop-ozone/integration-test/target/test-dir/MiniOzoneClusterImpl-54047bbe-a4d0-46f5-93a6-5a04f7d29f94/datanode-0/data/ratis/83668dcf-41b4-46fc-9491-a507e1bbfcbe/sm/snapshot.3_4
2019-10-01 12:44:28,316 [d3d96536-50c0-424c-b791-b7211a690396@group-A507E1BBFCBE-StateMachineUpdater] INFO  ratis.ContainerStateMachine (ContainerStateMachine.java:takeSnapshot(300)) - group-A507E1BBFCBE: Finished taking a snapshot at:(t:3, i:4) file:/workdir/hadoop-ozone/integration-test/target/test-dir/MiniOzoneClusterImpl-54047bbe-a4d0-46f5-93a6-5a04f7d29f94/datanode-0/data/ratis/83668dcf-41b4-46fc-9491-a507e1bbfcbe/sm/snapshot.3_4 time:51
2019-10-01 12:44:28,316 [d3d96536-50c0-424c-b791-b7211a690396@group-A507E1BBFCBE-StateMachineUpdater] INFO  impl.StateMachineUpdater (StateMachineUpdater.java:takeSnapshot(269)) - d3d96536-50c0-424c-b791-b7211a690396@group-A507E1BBFCBE-StateMachineUpdater: Took a snapshot at index 4
2019-10-01 12:44:28,316 [d3d96536-50c0-424c-b791-b7211a690396@group-A507E1BBFCBE-StateMachineUpdater] INFO  impl.StateMachineUpdater (StateMachineUpdater.java:lambda$new$0(84)) - d3d96536-50c0-424c-b791-b7211a690396@group-A507E1BBFCBE-StateMachineUpdater: snapshotIndex: updateIncreasingly -1 -> 4
2019-10-01 12:44:28,316 [d3d96536-50c0-424c-b791-b7211a690396@group-A507E1BBFCBE-StateMachineUpdater] INFO  ratis.ContainerStateMachine (ContainerStateMachine.java:takeSnapshot(289)) - group-A507E1BBFCBE: Taking a snapshot at:(t:3, i:4) file /workdir/hadoop-ozone/integration-test/target/test-dir/MiniOzoneClusterImpl-54047bbe-a4d0-46f5-93a6-5a04f7d29f94/datanode-0/data/ratis/83668dcf-41b4-46fc-9491-a507e1bbfcbe/sm/snapshot.3_4
2019-10-01 12:44:28,341 [d3d96536-50c0-424c-b791-b7211a690396@group-A507E1BBFCBE-StateMachineUpdater] INFO  ratis.ContainerStateMachine (ContainerStateMachine.java:takeSnapshot(300)) - group-A507E1BBFCBE: Finished taking a snapshot at:(t:3, i:4) file:/workdir/hadoop-ozone/integration-test/target/test-dir/MiniOzoneClusterImpl-54047bbe-a4d0-46f5-93a6-5a04f7d29f94/datanode-0/data/ratis/83668dcf-41b4-46fc-9491-a507e1bbfcbe/sm/snapshot.3_4 time:25
2019-10-01 12:44:28,341 [d3d96536-50c0-424c-b791-b7211a690396@group-A507E1BBFCBE-StateMachineUpdater] INFO  impl.StateMachineUpdater (StateMachineUpdater.java:takeSnapshot(269)) - d3d96536-50c0-424c-b791-b7211a690396@group-A507E1BBFCBE-StateMachineUpdater: Took a snapshot at index 4
2019-10-01 12:44:28,341 [d3d96536-50c0-424c-b791-b7211a690396@group-A507E1BBFCBE-StateMachineUpdater] INFO  impl.StateMachineUpdater (StateMachineUpdater.java:lambda$new$0(84)) - d3d96536-50c0-424c-b791-b7211a690396@group-A507E1BBFCBE-StateMachineUpdater: snapshotIndex: updateIncreasingly 4 -> 4
2019-10-01 12:44:28,341 [ForkJoinPool.commonPool-worker-1] INFO  impl.RaftServerImpl (ServerState.java:close(387)) - d3d96536-50c0-424c-b791-b7211a690396@group-A507E1BBFCBE: closes. applyIndex: 6
2019-10-01 12:44:28,342 [d3d96536-50c0-424c-b791-b7211a690396@group-A507E1BBFCBE-SegmentedRaftLogWorker] INFO  segmented.SegmentedRaftLogWorker (SegmentedRaftLogWorker.java:run(316)) - d3d96536-50c0-424c-b791-b7211a690396@group-A507E1BBFCBE-SegmentedRaftLogWorker was interrupted, exiting. There are 0 tasks remaining in the queue.
2019-10-01 12:44:28,344 [ForkJoinPool.commonPool-worker-1] INFO  segmented.SegmentedRaftLogWorker (SegmentedRaftLogWorker.java:close(224)) - d3d96536-50c0-424c-b791-b7211a690396@group-A507E1BBFCBE-SegmentedRaftLogWorker close()
2019-10-01 12:44:28,360 [ForkJoinPool.commonPool-worker-1] INFO  impl.RaftServerImpl (RaftServerImpl.java:lambda$shutdown$3(247)) - d3d96536-50c0-424c-b791-b7211a690396@group-E45917B9D7A1: shutdown
2019-10-01 12:44:28,360 [ForkJoinPool.commonPool-worker-1] INFO  util.JmxRegister (JmxRegister.java:unregister(73)) - Successfully un-registered JMX Bean with object name Ratis:service=RaftServer,group=group-E45917B9D7A1,id=d3d96536-50c0-424c-b791-b7211a690396
2019-10-01 12:44:28,360 [ForkJoinPool.commonPool-worker-1] INFO  impl.RoleInfo (RoleInfo.java:shutdownLeaderState(104)) - d3d96536-50c0-424c-b791-b7211a690396: shutdown LeaderState
2019-10-01 12:44:28,361 [ForkJoinPool.commonPool-worker-1] INFO  impl.PendingRequests (PendingRequests.java:sendNotLeaderResponses(202)) - d3d96536-50c0-424c-b791-b7211a690396@group-E45917B9D7A1-PendingRequests: sendNotLeaderResponses
2019-10-01 12:44:28,361 [ForkJoinPool.commonPool-worker-1] INFO  impl.StateMachineUpdater (StateMachineUpdater.java:stopAndJoin(136)) - d3d96536-50c0-424c-b791-b7211a690396@group-E45917B9D7A1-StateMachineUpdater: set stopIndex = 0
2019-10-01 12:44:28,361 [ForkJoinPool.commonPool-worker-1] INFO  impl.RaftServerImpl (ServerState.java:close(387)) - d3d96536-50c0-424c-b791-b7211a690396@group-E45917B9D7A1: closes. applyIndex: 0
2019-10-01 12:44:28,361 [d3d96536-50c0-424c-b791-b7211a690396@group-E45917B9D7A1-SegmentedRaftLogWorker] INFO  segmented.SegmentedRaftLogWorker (SegmentedRaftLogWorker.java:run(316)) - d3d96536-50c0-424c-b791-b7211a690396@group-E45917B9D7A1-SegmentedRaftLogWorker was interrupted, exiting. There are 0 tasks remaining in the queue.
2019-10-01 12:44:28,362 [ForkJoinPool.commonPool-worker-1] INFO  segmented.SegmentedRaftLogWorker (SegmentedRaftLogWorker.java:close(224)) - d3d96536-50c0-424c-b791-b7211a690396@group-E45917B9D7A1-SegmentedRaftLogWorker close()
2019-10-01 12:44:28,362 [ForkJoinPool.commonPool-worker-1] INFO  server.GrpcService (GrpcService.java:closeImpl(164)) - d3d96536-50c0-424c-b791-b7211a690396: shutdown server with port 44647 now
2019-10-01 12:44:28,362 [ForkJoinPool.commonPool-worker-1] INFO  server.GrpcService (GrpcService.java:closeImpl(172)) - d3d96536-50c0-424c-b791-b7211a690396: shutdown server with port 44647 successfully
2019-10-01 12:44:28,364 [refreshUsed-/workdir/hadoop-ozone/integration-test/target/test-dir/MiniOzoneClusterImpl-54047bbe-a4d0-46f5-93a6-5a04f7d29f94/datanode-0/data/containers] WARN  fs.CachingGetSpaceUsed (CachingGetSpaceUsed.java:run(183)) - Thread Interrupted waiting to refresh disk information: sleep interrupted
2019-10-01 12:44:28,382 [ForkJoinPool.commonPool-worker-1] INFO  utils.BackgroundService (BackgroundService.java:shutdown(148)) - Shutting down service BlockDeletingService
2019-10-01 12:44:28,388 [ForkJoinPool.commonPool-worker-1] INFO  statemachine.DatanodeStateMachine (DatanodeStateMachine.java:stopDaemon(395)) - Ozone container server stopped.
2019-10-01 12:44:28,394 [ForkJoinPool.commonPool-worker-1] INFO  handler.ContextHandler (ContextHandler.java:doStop(910)) - Stopped o.e.j.w.WebAppContext@2e349cf2{/,null,UNAVAILABLE}{/hddsDatanode}
2019-10-01 12:44:28,395 [ForkJoinPool.commonPool-worker-1] INFO  server.AbstractConnector (AbstractConnector.java:doStop(318)) - Stopped ServerConnector@3dbb3fb7{HTTP/1.1,[http/1.1]}{0.0.0.0:0}
2019-10-01 12:44:28,401 [ForkJoinPool.commonPool-worker-1] INFO  handler.ContextHandler (ContextHandler.java:doStop(910)) - Stopped o.e.j.s.ServletContextHandler@399af6dc{/static,jar:file:/home/user/.m2/repository/org/apache/hadoop/hadoop-hdds-container-service/0.5.0-SNAPSHOT/hadoop-hdds-container-service-0.5.0-SNAPSHOT.jar!/webapps/static,UNAVAILABLE}
2019-10-01 12:44:28,401 [ForkJoinPool.commonPool-worker-1] INFO  handler.ContextHandler (ContextHandler.java:doStop(910)) - Stopped o.e.j.s.ServletContextHandler@5e158f33{/logs,file:///workdir/hadoop-ozone/integration-test/target/log,UNAVAILABLE}
2019-10-01 12:44:29,209 [Datanode State Machine Thread - 0] INFO  statemachine.DatanodeStateMachine (DatanodeStateMachine.java:lambda$startDaemon$0(350)) - Ozone container server started.
2019-10-01 12:44:33,224 [EventQueue-StaleNodeForStaleNodeHandler] INFO  node.StaleNodeHandler (StaleNodeHandler.java:onMessage(58)) - Datanode bc7b43ce-939d-49b7-851e-984e78d74e21{ip: 192.168.30.18, host: pr-hdds-2199-dnstouuidmap-6cjbd-2468009341, networkLocation: /default-rack, certSerialId: null} moved to stale state. Finalizing its pipelines [PipelineID=f3e1d4e4-4633-48e4-8ed2-8404e94e006f, PipelineID=4e593b69-8a6b-4516-a9b5-0a671898226b]
2019-10-01 12:44:33,225 [EventQueue-StaleNodeForStaleNodeHandler] INFO  pipeline.SCMPipelineManager (SCMPipelineManager.java:finalizeAndDestroyPipeline(315)) - destroying pipeline:Pipeline[ Id: f3e1d4e4-4633-48e4-8ed2-8404e94e006f, Nodes: bc7b43ce-939d-49b7-851e-984e78d74e21{ip: 192.168.30.18, host: pr-hdds-2199-dnstouuidmap-6cjbd-2468009341, networkLocation: /default-rack, certSerialId: null}, Type:RATIS, Factor:ONE, State:OPEN]
2019-10-01 12:44:33,225 [EventQueue-StaleNodeForStaleNodeHandler] INFO  pipeline.PipelineStateManager (PipelineStateManager.java:finalizePipeline(123)) - Pipeline Pipeline[ Id: f3e1d4e4-4633-48e4-8ed2-8404e94e006f, Nodes: bc7b43ce-939d-49b7-851e-984e78d74e21{ip: 192.168.30.18, host: pr-hdds-2199-dnstouuidmap-6cjbd-2468009341, networkLocation: /default-rack, certSerialId: null}, Type:RATIS, Factor:ONE, State:CLOSED] moved to CLOSED state
2019-10-01 12:44:33,225 [EventQueue-StaleNodeForStaleNodeHandler] INFO  pipeline.SCMPipelineManager (SCMPipelineManager.java:finalizeAndDestroyPipeline(315)) - destroying pipeline:Pipeline[ Id: 4e593b69-8a6b-4516-a9b5-0a671898226b, Nodes: 7b940994-b04a-41d7-acb3-b4567a89b926{ip: 192.168.30.18, host: pr-hdds-2199-dnstouuidmap-6cjbd-2468009341, networkLocation: /default-rack, certSerialId: null}bc7b43ce-939d-49b7-851e-984e78d74e21{ip: 192.168.30.18, host: pr-hdds-2199-dnstouuidmap-6cjbd-2468009341, networkLocation: /default-rack, certSerialId: null}89c73eeb-e99a-4ead-a178-f5fc4a551541{ip: 192.168.30.18, host: pr-hdds-2199-dnstouuidmap-6cjbd-2468009341, networkLocation: /default-rack, certSerialId: null}, Type:RATIS, Factor:THREE, State:CLOSED]
2019-10-01 12:44:33,260 [main] INFO  ozoneimpl.OzoneContainer (OzoneContainer.java:stop(231)) - Attempting to stop container services.
2019-10-01 12:44:33,261 [main] INFO  impl.RaftServerProxy (RaftServerProxy.java:lambda$close$4(314)) - bc7b43ce-939d-49b7-851e-984e78d74e21: close
2019-10-01 12:44:33,262 [main] INFO  impl.RaftServerImpl (RaftServerImpl.java:lambda$shutdown$3(247)) - bc7b43ce-939d-49b7-851e-984e78d74e21@group-8404E94E006F: shutdown
2019-10-01 12:44:33,262 [ForkJoinPool.commonPool-worker-0] INFO  impl.RaftServerImpl (RaftServerImpl.java:lambda$shutdown$3(247)) - bc7b43ce-939d-49b7-851e-984e78d74e21@group-0A671898226B: shutdown
2019-10-01 12:44:33,262 [main] INFO  util.JmxRegister (JmxRegister.java:unregister(73)) - Successfully un-registered JMX Bean with object name Ratis:service=RaftServer,group=group-8404E94E006F,id=bc7b43ce-939d-49b7-851e-984e78d74e21
2019-10-01 12:44:33,267 [ForkJoinPool.commonPool-worker-0] INFO  util.JmxRegister (JmxRegister.java:unregister(73)) - Successfully un-registered JMX Bean with object name Ratis:service=RaftServer,group=group-0A671898226B,id=bc7b43ce-939d-49b7-851e-984e78d74e21
2019-10-01 12:44:33,267 [main] INFO  impl.RoleInfo (RoleInfo.java:shutdownLeaderState(104)) - bc7b43ce-939d-49b7-851e-984e78d74e21: shutdown LeaderState
2019-10-01 12:44:33,267 [ForkJoinPool.commonPool-worker-0] INFO  impl.RoleInfo (RoleInfo.java:shutdownFollowerState(121)) - bc7b43ce-939d-49b7-851e-984e78d74e21: shutdown FollowerState
2019-10-01 12:44:33,268 [main] INFO  impl.PendingRequests (PendingRequests.java:sendNotLeaderResponses(202)) - bc7b43ce-939d-49b7-851e-984e78d74e21@group-8404E94E006F-PendingRequests: sendNotLeaderResponses
2019-10-01 12:44:33,268 [Thread-4646] INFO  impl.FollowerState (FollowerState.java:run(117)) - bc7b43ce-939d-49b7-851e-984e78d74e21@group-0A671898226B-FollowerState was interrupted: java.lang.InterruptedException: sleep interrupted
2019-10-01 12:44:33,268 [ForkJoinPool.commonPool-worker-0] INFO  impl.StateMachineUpdater (StateMachineUpdater.java:stopAndJoin(136)) - bc7b43ce-939d-49b7-851e-984e78d74e21@group-0A671898226B-StateMachineUpdater: set stopIndex = 2
2019-10-01 12:44:33,271 [ForkJoinPool.commonPool-worker-0] INFO  impl.RaftServerImpl (ServerState.java:close(387)) - bc7b43ce-939d-49b7-851e-984e78d74e21@group-0A671898226B: closes. applyIndex: 2
2019-10-01 12:44:33,271 [main] INFO  impl.StateMachineUpdater (StateMachineUpdater.java:stopAndJoin(136)) - bc7b43ce-939d-49b7-851e-984e78d74e21@group-8404E94E006F-StateMachineUpdater: set stopIndex = 0
2019-10-01 12:44:33,271 [main] INFO  impl.RaftServerImpl (ServerState.java:close(387)) - bc7b43ce-939d-49b7-851e-984e78d74e21@group-8404E94E006F: closes. applyIndex: 0
2019-10-01 12:44:33,271 [bc7b43ce-939d-49b7-851e-984e78d74e21@group-0A671898226B-SegmentedRaftLogWorker] INFO  segmented.SegmentedRaftLogWorker (SegmentedRaftLogWorker.java:run(316)) - bc7b43ce-939d-49b7-851e-984e78d74e21@group-0A671898226B-SegmentedRaftLogWorker was interrupted, exiting. There are 0 tasks remaining in the queue.
2019-10-01 12:44:33,271 [bc7b43ce-939d-49b7-851e-984e78d74e21@group-8404E94E006F-SegmentedRaftLogWorker] INFO  segmented.SegmentedRaftLogWorker (SegmentedRaftLogWorker.java:run(316)) - bc7b43ce-939d-49b7-851e-984e78d74e21@group-8404E94E006F-SegmentedRaftLogWorker was interrupted, exiting. There are 0 tasks remaining in the queue.
2019-10-01 12:44:33,272 [main] INFO  segmented.SegmentedRaftLogWorker (SegmentedRaftLogWorker.java:close(224)) - bc7b43ce-939d-49b7-851e-984e78d74e21@group-8404E94E006F-SegmentedRaftLogWorker close()
2019-10-01 12:44:33,272 [ForkJoinPool.commonPool-worker-0] INFO  segmented.SegmentedRaftLogWorker (SegmentedRaftLogWorker.java:close(224)) - bc7b43ce-939d-49b7-851e-984e78d74e21@group-0A671898226B-SegmentedRaftLogWorker close()
2019-10-01 12:44:33,272 [main] INFO  server.GrpcService (GrpcService.java:closeImpl(164)) - bc7b43ce-939d-49b7-851e-984e78d74e21: shutdown server with port 34159 now
2019-10-01 12:44:33,274 [main] INFO  server.GrpcService (GrpcService.java:closeImpl(172)) - bc7b43ce-939d-49b7-851e-984e78d74e21: shutdown server with port 34159 successfully
2019-10-01 12:44:33,283 [refreshUsed-/workdir/hadoop-ozone/integration-test/target/test-dir/MiniOzoneClusterImpl-54047bbe-a4d0-46f5-93a6-5a04f7d29f94/datanode-5/data/containers] WARN  fs.CachingGetSpaceUsed (CachingGetSpaceUsed.java:run(183)) - Thread Interrupted waiting to refresh disk information: sleep interrupted
2019-10-01 12:44:33,307 [main] INFO  utils.BackgroundService (BackgroundService.java:shutdown(148)) - Shutting down service BlockDeletingService
2019-10-01 12:44:33,312 [main] INFO  statemachine.DatanodeStateMachine (DatanodeStateMachine.java:stopDaemon(395)) - Ozone container server stopped.
2019-10-01 12:44:33,313 [main] INFO  handler.ContextHandler (ContextHandler.java:doStop(910)) - Stopped o.e.j.w.WebAppContext@48b2dbc4{/,null,UNAVAILABLE}{/hddsDatanode}
2019-10-01 12:44:33,314 [main] INFO  server.AbstractConnector (AbstractConnector.java:doStop(318)) - Stopped ServerConnector@5cfe67e1{HTTP/1.1,[http/1.1]}{0.0.0.0:0}
2019-10-01 12:44:33,314 [main] INFO  handler.ContextHandler (ContextHandler.java:doStop(910)) - Stopped o.e.j.s.ServletContextHandler@37a3ec27{/static,jar:file:/home/user/.m2/repository/org/apache/hadoop/hadoop-hdds-container-service/0.5.0-SNAPSHOT/hadoop-hdds-container-service-0.5.0-SNAPSHOT.jar!/webapps/static,UNAVAILABLE}
2019-10-01 12:44:33,314 [main] INFO  handler.ContextHandler (ContextHandler.java:doStop(910)) - Stopped o.e.j.s.ServletContextHandler@365bfc5f{/logs,file:///workdir/hadoop-ozone/integration-test/target/log,UNAVAILABLE}
2019-10-01 12:44:33,315 [main] INFO  ozone.MiniOzoneClusterImpl (MiniOzoneClusterImpl.java:stopSCM(392)) - Stopping the StorageContainerManager
2019-10-01 12:44:33,315 [main] INFO  server.StorageContainerManager (StorageContainerManager.java:stop(808)) - Stopping Replication Manager Service.
2019-10-01 12:44:33,315 [main] INFO  container.ReplicationManager (ReplicationManager.java:stop(203)) - Stopping Replication Monitor Thread.
2019-10-01 12:44:33,315 [main] INFO  server.StorageContainerManager (StorageContainerManager.java:stop(815)) - Stopping Lease Manager of the command watchers
2019-10-01 12:44:33,316 [main] INFO  server.StorageContainerManager (StorageContainerManager.java:stop(822)) - Stopping datanode service RPC server
2019-10-01 12:44:33,316 [main] INFO  server.SCMDatanodeProtocolServer (SCMDatanodeProtocolServer.java:stop(367)) - Stopping the RPC server for DataNodes
2019-10-01 12:44:33,316 [main] INFO  ipc.Server (Server.java:stop(3082)) - Stopping server on 43536
2019-10-01 12:44:33,318 [IPC Server listener on 43536] INFO  ipc.Server (Server.java:run(1185)) - Stopping IPC Server listener on 43536
2019-10-01 12:44:33,318 [IPC Server Responder] INFO  ipc.Server (Server.java:run(1319)) - Stopping IPC Server Responder
2019-10-01 12:44:33,324 [SCM Heartbeat Processing Thread - 0] WARN  node.NodeStateManager (NodeStateManager.java:scheduleNextHealthCheck(646)) - Current Thread is interrupted, shutting down HB processing thread for Node Manager.
2019-10-01 12:44:33,324 [main] INFO  server.StorageContainerManager (StorageContainerManager.java:stop(830)) - Stopping block service RPC server
2019-10-01 12:44:33,324 [main] INFO  server.SCMBlockProtocolServer (SCMBlockProtocolServer.java:stop(157)) - Stopping the RPC server for Block Protocol
2019-10-01 12:44:33,324 [main] INFO  ipc.Server (Server.java:stop(3082)) - Stopping server on 33989
2019-10-01 12:44:33,326 [IPC Server listener on 33989] INFO  ipc.Server (Server.java:run(1185)) - Stopping IPC Server listener on 33989
2019-10-01 12:44:33,326 [main] INFO  server.StorageContainerManager (StorageContainerManager.java:stop(837)) - Stopping the StorageContainerLocationProtocol RPC server
2019-10-01 12:44:33,326 [IPC Server Responder] INFO  ipc.Server (Server.java:run(1319)) - Stopping IPC Server Responder
2019-10-01 12:44:33,326 [main] INFO  server.SCMClientProtocolServer (SCMClientProtocolServer.java:stop(158)) - Stopping the RPC server for Client Protocol
2019-10-01 12:44:33,333 [main] INFO  ipc.Server (Server.java:stop(3082)) - Stopping server on 39414
2019-10-01 12:44:33,335 [IPC Server listener on 39414] INFO  ipc.Server (Server.java:run(1185)) - Stopping IPC Server listener on 39414
2019-10-01 12:44:33,335 [main] INFO  server.StorageContainerManager (StorageContainerManager.java:stop(844)) - Stopping Storage Container Manager HTTP server.
2019-10-01 12:44:33,335 [IPC Server Responder] INFO  ipc.Server (Server.java:run(1319)) - Stopping IPC Server Responder
2019-10-01 12:44:33,336 [main] INFO  handler.ContextHandler (ContextHandler.java:doStop(910)) - Stopped o.e.j.w.WebAppContext@37ffe4f3{/,null,UNAVAILABLE}{/scm}
2019-10-01 12:44:33,337 [main] INFO  server.AbstractConnector (AbstractConnector.java:doStop(318)) - Stopped ServerConnector@4fa0ee7e{HTTP/1.1,[http/1.1]}{0.0.0.0:0}
2019-10-01 12:44:33,337 [main] INFO  handler.ContextHandler (ContextHandler.java:doStop(910)) - Stopped o.e.j.s.ServletContextHandler@4ecd8ab1{/static,file:///workdir/hadoop-ozone/integration-test/target/test-classes/webapps/static,UNAVAILABLE}
2019-10-01 12:44:33,338 [main] INFO  handler.ContextHandler (ContextHandler.java:doStop(910)) - Stopped o.e.j.s.ServletContextHandler@699d96bc{/logs,file:///workdir/hadoop-ozone/integration-test/target/log,UNAVAILABLE}
2019-10-01 12:44:33,338 [main] INFO  server.StorageContainerManager (StorageContainerManager.java:stop(855)) - Stopping Block Manager Service.
2019-10-01 12:44:33,338 [main] INFO  utils.BackgroundService (BackgroundService.java:shutdown(148)) - Shutting down service SCMBlockDeletingService
2019-10-01 12:44:33,339 [main] INFO  utils.BackgroundService (BackgroundService.java:shutdown(148)) - Shutting down service SCMBlockDeletingService
2019-10-01 12:44:33,339 [main] INFO  server.StorageContainerManager (StorageContainerManager.java:stop(877)) - Stopping SCM Event Queue.
2019-10-01 12:44:33,372 [main] INFO  impl.MetricsSystemImpl (MetricsSystemImpl.java:stop(210)) - Stopping HddsDatanode metrics system...
2019-10-01 12:44:33,414 [main] INFO  impl.MetricsSystemImpl (MetricsSystemImpl.java:stop(216)) - HddsDatanode metrics system stopped.
]]></system-out>
    <system-err><![CDATA[Oct 01, 2019 12:43:49 PM org.apache.ratis.thirdparty.io.grpc.internal.ManagedChannelOrphanWrapper$ManagedChannelReference cleanQueue
SEVERE: *~*~*~ Channel ManagedChannelImpl{logId=3278, target=192.168.30.18:33204} was not shutdown properly!!! ~*~*~*
    Make sure to call shutdown()/shutdownNow() and wait until awaitTermination() returns true.
java.lang.RuntimeException: ManagedChannel allocation site
	at org.apache.ratis.thirdparty.io.grpc.internal.ManagedChannelOrphanWrapper$ManagedChannelReference.<init>(ManagedChannelOrphanWrapper.java:103)
	at org.apache.ratis.thirdparty.io.grpc.internal.ManagedChannelOrphanWrapper.<init>(ManagedChannelOrphanWrapper.java:53)
	at org.apache.ratis.thirdparty.io.grpc.internal.ManagedChannelOrphanWrapper.<init>(ManagedChannelOrphanWrapper.java:44)
	at org.apache.ratis.thirdparty.io.grpc.internal.AbstractManagedChannelImplBuilder.build(AbstractManagedChannelImplBuilder.java:411)
	at org.apache.hadoop.hdds.scm.XceiverClientGrpc.connectToDatanode(XceiverClientGrpc.java:181)
	at org.apache.hadoop.hdds.scm.XceiverClientGrpc.reconnect(XceiverClientGrpc.java:429)
	at org.apache.hadoop.hdds.scm.XceiverClientGrpc.sendCommandAsync(XceiverClientGrpc.java:378)
	at org.apache.hadoop.hdds.scm.XceiverClientGrpc.sendCommandWithRetry(XceiverClientGrpc.java:291)
	at org.apache.hadoop.hdds.scm.XceiverClientGrpc.sendCommandWithTraceIDAndRetry(XceiverClientGrpc.java:257)
	at org.apache.hadoop.hdds.scm.XceiverClientGrpc.sendCommand(XceiverClientGrpc.java:240)
	at org.apache.hadoop.hdds.scm.storage.ContainerProtocolCalls.readChunk(ContainerProtocolCalls.java:245)
	at org.apache.hadoop.hdds.scm.storage.ChunkInputStream.readChunk(ChunkInputStream.java:335)
	at org.apache.hadoop.hdds.scm.storage.ChunkInputStream.readChunkFromContainer(ChunkInputStream.java:307)
	at org.apache.hadoop.hdds.scm.storage.ChunkInputStream.prepareRead(ChunkInputStream.java:259)
	at org.apache.hadoop.hdds.scm.storage.ChunkInputStream.read(ChunkInputStream.java:144)
	at org.apache.hadoop.hdds.scm.storage.BlockInputStream.read(BlockInputStream.java:239)
	at org.apache.hadoop.ozone.client.io.KeyInputStream.read(KeyInputStream.java:171)
	at org.apache.hadoop.ozone.client.io.OzoneInputStream.read(OzoneInputStream.java:47)
	at java.io.InputStream.read(InputStream.java:101)
	at org.apache.hadoop.ozone.container.ContainerTestHelper.validateData(ContainerTestHelper.java:714)
	at org.apache.hadoop.ozone.client.rpc.TestBlockOutputStreamWithFailures.validateData(TestBlockOutputStreamWithFailures.java:1216)
	at org.apache.hadoop.ozone.client.rpc.TestBlockOutputStreamWithFailures.testFailureWithPrimeSizedData(TestBlockOutputStreamWithFailures.java:662)
	at sun.reflect.NativeMethodAccessorImpl.invoke0(Native Method)
	at sun.reflect.NativeMethodAccessorImpl.invoke(NativeMethodAccessorImpl.java:62)
	at sun.reflect.DelegatingMethodAccessorImpl.invoke(DelegatingMethodAccessorImpl.java:43)
	at java.lang.reflect.Method.invoke(Method.java:498)
	at org.junit.runners.model.FrameworkMethod$1.runReflectiveCall(FrameworkMethod.java:47)
	at org.junit.internal.runners.model.ReflectiveCallable.run(ReflectiveCallable.java:12)
	at org.junit.runners.model.FrameworkMethod.invokeExplosively(FrameworkMethod.java:44)
	at org.junit.internal.runners.statements.InvokeMethod.evaluate(InvokeMethod.java:17)
	at org.junit.internal.runners.statements.RunBefores.evaluate(RunBefores.java:26)
	at org.junit.internal.runners.statements.RunAfters.evaluate(RunAfters.java:27)
	at org.junit.runners.ParentRunner.runLeaf(ParentRunner.java:271)
	at org.junit.runners.BlockJUnit4ClassRunner.runChild(BlockJUnit4ClassRunner.java:70)
	at org.junit.runners.BlockJUnit4ClassRunner.runChild(BlockJUnit4ClassRunner.java:50)
	at org.junit.runners.ParentRunner$3.run(ParentRunner.java:238)
	at org.junit.runners.ParentRunner$1.schedule(ParentRunner.java:63)
	at org.junit.runners.ParentRunner.runChildren(ParentRunner.java:236)
	at org.junit.runners.ParentRunner.access$000(ParentRunner.java:53)
	at org.junit.runners.ParentRunner$2.evaluate(ParentRunner.java:229)
	at org.junit.runners.ParentRunner.run(ParentRunner.java:309)
	at org.apache.maven.surefire.junit4.JUnit4Provider.execute(JUnit4Provider.java:365)
	at org.apache.maven.surefire.junit4.JUnit4Provider.executeWithRerun(JUnit4Provider.java:273)
	at org.apache.maven.surefire.junit4.JUnit4Provider.executeTestSet(JUnit4Provider.java:238)
	at org.apache.maven.surefire.junit4.JUnit4Provider.invoke(JUnit4Provider.java:159)
	at org.apache.maven.surefire.booter.ForkedBooter.invokeProviderInSameClassLoader(ForkedBooter.java:384)
	at org.apache.maven.surefire.booter.ForkedBooter.runSuitesInProcess(ForkedBooter.java:345)
	at org.apache.maven.surefire.booter.ForkedBooter.execute(ForkedBooter.java:126)
	at org.apache.maven.surefire.booter.ForkedBooter.main(ForkedBooter.java:418)

Oct 01, 2019 12:43:49 PM org.apache.ratis.thirdparty.io.grpc.internal.ManagedChannelOrphanWrapper$ManagedChannelReference cleanQueue
SEVERE: *~*~*~ Channel ManagedChannelImpl{logId=3642, target=192.168.30.18:38222} was not shutdown properly!!! ~*~*~*
    Make sure to call shutdown()/shutdownNow() and wait until awaitTermination() returns true.
java.lang.RuntimeException: ManagedChannel allocation site
	at org.apache.ratis.thirdparty.io.grpc.internal.ManagedChannelOrphanWrapper$ManagedChannelReference.<init>(ManagedChannelOrphanWrapper.java:103)
	at org.apache.ratis.thirdparty.io.grpc.internal.ManagedChannelOrphanWrapper.<init>(ManagedChannelOrphanWrapper.java:53)
	at org.apache.ratis.thirdparty.io.grpc.internal.ManagedChannelOrphanWrapper.<init>(ManagedChannelOrphanWrapper.java:44)
	at org.apache.ratis.thirdparty.io.grpc.internal.AbstractManagedChannelImplBuilder.build(AbstractManagedChannelImplBuilder.java:411)
	at org.apache.ratis.grpc.client.GrpcClientProtocolClient.<init>(GrpcClientProtocolClient.java:128)
	at org.apache.ratis.grpc.client.GrpcClientRpc.lambda$new$0(GrpcClientRpc.java:55)
	at org.apache.ratis.util.PeerProxyMap$PeerAndProxy.lambda$getProxy$0(PeerProxyMap.java:61)
	at org.apache.ratis.util.LifeCycle.startAndTransition(LifeCycle.java:202)
	at org.apache.ratis.util.PeerProxyMap$PeerAndProxy.getProxy(PeerProxyMap.java:60)
	at org.apache.ratis.util.PeerProxyMap.getProxy(PeerProxyMap.java:108)
	at org.apache.ratis.grpc.client.GrpcClientRpc.sendRequestAsync(GrpcClientRpc.java:66)
	at org.apache.ratis.client.impl.OrderedAsync.sendRequest(OrderedAsync.java:208)
	at org.apache.ratis.client.impl.OrderedAsync.sendRequestWithRetry(OrderedAsync.java:169)
	at org.apache.ratis.util.SlidingWindow$Client.sendOrDelayRequest(SlidingWindow.java:278)
	at org.apache.ratis.util.SlidingWindow$Client.retry(SlidingWindow.java:294)
	at org.apache.ratis.client.impl.OrderedAsync.lambda$scheduleWithTimeout$7(OrderedAsync.java:195)
	at org.apache.ratis.util.TimeoutScheduler.lambda$onTimeout$0(TimeoutScheduler.java:113)
	at org.apache.ratis.util.TimeoutScheduler.lambda$onTimeout$1(TimeoutScheduler.java:133)
	at org.apache.ratis.util.LogUtils.runAndLog(LogUtils.java:50)
	at org.apache.ratis.util.LogUtils$1.run(LogUtils.java:91)
	at java.util.concurrent.Executors$RunnableAdapter.call(Executors.java:511)
	at java.util.concurrent.FutureTask.run(FutureTask.java:266)
	at java.util.concurrent.ScheduledThreadPoolExecutor$ScheduledFutureTask.access$201(ScheduledThreadPoolExecutor.java:180)
	at java.util.concurrent.ScheduledThreadPoolExecutor$ScheduledFutureTask.run(ScheduledThreadPoolExecutor.java:293)
	at java.util.concurrent.ThreadPoolExecutor.runWorker(ThreadPoolExecutor.java:1149)
	at java.util.concurrent.ThreadPoolExecutor$Worker.run(ThreadPoolExecutor.java:624)
	at java.lang.Thread.run(Thread.java:748)

Oct 01, 2019 12:43:49 PM org.apache.ratis.thirdparty.io.grpc.internal.ManagedChannelOrphanWrapper$ManagedChannelReference cleanQueue
SEVERE: *~*~*~ Channel ManagedChannelImpl{logId=3652, target=192.168.30.18:37661} was not shutdown properly!!! ~*~*~*
    Make sure to call shutdown()/shutdownNow() and wait until awaitTermination() returns true.
java.lang.RuntimeException: ManagedChannel allocation site
	at org.apache.ratis.thirdparty.io.grpc.internal.ManagedChannelOrphanWrapper$ManagedChannelReference.<init>(ManagedChannelOrphanWrapper.java:103)
	at org.apache.ratis.thirdparty.io.grpc.internal.ManagedChannelOrphanWrapper.<init>(ManagedChannelOrphanWrapper.java:53)
	at org.apache.ratis.thirdparty.io.grpc.internal.ManagedChannelOrphanWrapper.<init>(ManagedChannelOrphanWrapper.java:44)
	at org.apache.ratis.thirdparty.io.grpc.internal.AbstractManagedChannelImplBuilder.build(AbstractManagedChannelImplBuilder.java:411)
	at org.apache.hadoop.hdds.scm.XceiverClientGrpc.connectToDatanode(XceiverClientGrpc.java:181)
	at org.apache.hadoop.hdds.scm.XceiverClientGrpc.reconnect(XceiverClientGrpc.java:429)
	at org.apache.hadoop.hdds.scm.XceiverClientGrpc.sendCommandAsync(XceiverClientGrpc.java:378)
	at org.apache.hadoop.hdds.scm.XceiverClientGrpc.sendCommandWithRetry(XceiverClientGrpc.java:291)
	at org.apache.hadoop.hdds.scm.XceiverClientGrpc.sendCommandWithTraceIDAndRetry(XceiverClientGrpc.java:257)
	at org.apache.hadoop.hdds.scm.XceiverClientGrpc.sendCommand(XceiverClientGrpc.java:240)
	at org.apache.hadoop.hdds.scm.storage.ContainerProtocolCalls.readChunk(ContainerProtocolCalls.java:245)
	at org.apache.hadoop.hdds.scm.storage.ChunkInputStream.readChunk(ChunkInputStream.java:335)
	at org.apache.hadoop.hdds.scm.storage.ChunkInputStream.readChunkFromContainer(ChunkInputStream.java:307)
	at org.apache.hadoop.hdds.scm.storage.ChunkInputStream.prepareRead(ChunkInputStream.java:259)
	at org.apache.hadoop.hdds.scm.storage.ChunkInputStream.read(ChunkInputStream.java:144)
	at org.apache.hadoop.hdds.scm.storage.BlockInputStream.read(BlockInputStream.java:239)
	at org.apache.hadoop.ozone.client.io.KeyInputStream.read(KeyInputStream.java:171)
	at org.apache.hadoop.ozone.client.io.OzoneInputStream.read(OzoneInputStream.java:47)
	at java.io.InputStream.read(InputStream.java:101)
	at org.apache.hadoop.ozone.container.ContainerTestHelper.validateData(ContainerTestHelper.java:714)
	at org.apache.hadoop.ozone.client.rpc.TestBlockOutputStreamWithFailures.validateData(TestBlockOutputStreamWithFailures.java:1216)
	at org.apache.hadoop.ozone.client.rpc.TestBlockOutputStreamWithFailures.testWatchForCommitWithCloseContainerException(TestBlockOutputStreamWithFailures.java:260)
	at sun.reflect.NativeMethodAccessorImpl.invoke0(Native Method)
	at sun.reflect.NativeMethodAccessorImpl.invoke(NativeMethodAccessorImpl.java:62)
	at sun.reflect.DelegatingMethodAccessorImpl.invoke(DelegatingMethodAccessorImpl.java:43)
	at java.lang.reflect.Method.invoke(Method.java:498)
	at org.junit.runners.model.FrameworkMethod$1.runReflectiveCall(FrameworkMethod.java:47)
	at org.junit.internal.runners.model.ReflectiveCallable.run(ReflectiveCallable.java:12)
	at org.junit.runners.model.FrameworkMethod.invokeExplosively(FrameworkMethod.java:44)
	at org.junit.internal.runners.statements.InvokeMethod.evaluate(InvokeMethod.java:17)
	at org.junit.internal.runners.statements.RunBefores.evaluate(RunBefores.java:26)
	at org.junit.internal.runners.statements.RunAfters.evaluate(RunAfters.java:27)
	at org.junit.runners.ParentRunner.runLeaf(ParentRunner.java:271)
	at org.junit.runners.BlockJUnit4ClassRunner.runChild(BlockJUnit4ClassRunner.java:70)
	at org.junit.runners.BlockJUnit4ClassRunner.runChild(BlockJUnit4ClassRunner.java:50)
	at org.junit.runners.ParentRunner$3.run(ParentRunner.java:238)
	at org.junit.runners.ParentRunner$1.schedule(ParentRunner.java:63)
	at org.junit.runners.ParentRunner.runChildren(ParentRunner.java:236)
	at org.junit.runners.ParentRunner.access$000(ParentRunner.java:53)
	at org.junit.runners.ParentRunner$2.evaluate(ParentRunner.java:229)
	at org.junit.runners.ParentRunner.run(ParentRunner.java:309)
	at org.apache.maven.surefire.junit4.JUnit4Provider.execute(JUnit4Provider.java:365)
	at org.apache.maven.surefire.junit4.JUnit4Provider.executeWithRerun(JUnit4Provider.java:273)
	at org.apache.maven.surefire.junit4.JUnit4Provider.executeTestSet(JUnit4Provider.java:238)
	at org.apache.maven.surefire.junit4.JUnit4Provider.invoke(JUnit4Provider.java:159)
	at org.apache.maven.surefire.booter.ForkedBooter.invokeProviderInSameClassLoader(ForkedBooter.java:384)
	at org.apache.maven.surefire.booter.ForkedBooter.runSuitesInProcess(ForkedBooter.java:345)
	at org.apache.maven.surefire.booter.ForkedBooter.execute(ForkedBooter.java:126)
	at org.apache.maven.surefire.booter.ForkedBooter.main(ForkedBooter.java:418)

Oct 01, 2019 12:43:49 PM org.apache.ratis.thirdparty.io.grpc.internal.ManagedChannelOrphanWrapper$ManagedChannelReference cleanQueue
SEVERE: *~*~*~ Channel ManagedChannelImpl{logId=3619, target=192.168.30.18:33500} was not shutdown properly!!! ~*~*~*
    Make sure to call shutdown()/shutdownNow() and wait until awaitTermination() returns true.
java.lang.RuntimeException: ManagedChannel allocation site
	at org.apache.ratis.thirdparty.io.grpc.internal.ManagedChannelOrphanWrapper$ManagedChannelReference.<init>(ManagedChannelOrphanWrapper.java:103)
	at org.apache.ratis.thirdparty.io.grpc.internal.ManagedChannelOrphanWrapper.<init>(ManagedChannelOrphanWrapper.java:53)
	at org.apache.ratis.thirdparty.io.grpc.internal.ManagedChannelOrphanWrapper.<init>(ManagedChannelOrphanWrapper.java:44)
	at org.apache.ratis.thirdparty.io.grpc.internal.AbstractManagedChannelImplBuilder.build(AbstractManagedChannelImplBuilder.java:411)
	at org.apache.ratis.grpc.client.GrpcClientProtocolClient.<init>(GrpcClientProtocolClient.java:128)
	at org.apache.ratis.grpc.client.GrpcClientRpc.lambda$new$0(GrpcClientRpc.java:55)
	at org.apache.ratis.util.PeerProxyMap$PeerAndProxy.lambda$getProxy$0(PeerProxyMap.java:61)
	at org.apache.ratis.util.LifeCycle.startAndTransition(LifeCycle.java:202)
	at org.apache.ratis.util.PeerProxyMap$PeerAndProxy.getProxy(PeerProxyMap.java:60)
	at org.apache.ratis.util.PeerProxyMap.getProxy(PeerProxyMap.java:108)
	at org.apache.ratis.grpc.client.GrpcClientRpc.sendRequestAsync(GrpcClientRpc.java:66)
	at org.apache.ratis.client.impl.OrderedAsync.sendRequest(OrderedAsync.java:208)
	at org.apache.ratis.client.impl.OrderedAsync.sendRequestWithRetry(OrderedAsync.java:169)
	at org.apache.ratis.util.SlidingWindow$Client.sendOrDelayRequest(SlidingWindow.java:278)
	at org.apache.ratis.util.SlidingWindow$Client.retry(SlidingWindow.java:294)
	at org.apache.ratis.client.impl.OrderedAsync.lambda$scheduleWithTimeout$7(OrderedAsync.java:195)
	at org.apache.ratis.util.TimeoutScheduler.lambda$onTimeout$0(TimeoutScheduler.java:113)
	at org.apache.ratis.util.TimeoutScheduler.lambda$onTimeout$1(TimeoutScheduler.java:133)
	at org.apache.ratis.util.LogUtils.runAndLog(LogUtils.java:50)
	at org.apache.ratis.util.LogUtils$1.run(LogUtils.java:91)
	at java.util.concurrent.Executors$RunnableAdapter.call(Executors.java:511)
	at java.util.concurrent.FutureTask.run(FutureTask.java:266)
	at java.util.concurrent.ScheduledThreadPoolExecutor$ScheduledFutureTask.access$201(ScheduledThreadPoolExecutor.java:180)
	at java.util.concurrent.ScheduledThreadPoolExecutor$ScheduledFutureTask.run(ScheduledThreadPoolExecutor.java:293)
	at java.util.concurrent.ThreadPoolExecutor.runWorker(ThreadPoolExecutor.java:1149)
	at java.util.concurrent.ThreadPoolExecutor$Worker.run(ThreadPoolExecutor.java:624)
	at java.lang.Thread.run(Thread.java:748)

Oct 01, 2019 12:43:49 PM org.apache.ratis.thirdparty.io.grpc.internal.ManagedChannelOrphanWrapper$ManagedChannelReference cleanQueue
SEVERE: *~*~*~ Channel ManagedChannelImpl{logId=3662, target=192.168.30.18:35674} was not shutdown properly!!! ~*~*~*
    Make sure to call shutdown()/shutdownNow() and wait until awaitTermination() returns true.
java.lang.RuntimeException: ManagedChannel allocation site
	at org.apache.ratis.thirdparty.io.grpc.internal.ManagedChannelOrphanWrapper$ManagedChannelReference.<init>(ManagedChannelOrphanWrapper.java:103)
	at org.apache.ratis.thirdparty.io.grpc.internal.ManagedChannelOrphanWrapper.<init>(ManagedChannelOrphanWrapper.java:53)
	at org.apache.ratis.thirdparty.io.grpc.internal.ManagedChannelOrphanWrapper.<init>(ManagedChannelOrphanWrapper.java:44)
	at org.apache.ratis.thirdparty.io.grpc.internal.AbstractManagedChannelImplBuilder.build(AbstractManagedChannelImplBuilder.java:411)
	at org.apache.hadoop.hdds.scm.XceiverClientGrpc.connectToDatanode(XceiverClientGrpc.java:181)
	at org.apache.hadoop.hdds.scm.XceiverClientGrpc.reconnect(XceiverClientGrpc.java:429)
	at org.apache.hadoop.hdds.scm.XceiverClientGrpc.sendCommandAsync(XceiverClientGrpc.java:378)
	at org.apache.hadoop.hdds.scm.XceiverClientGrpc.sendCommandWithRetry(XceiverClientGrpc.java:291)
	at org.apache.hadoop.hdds.scm.XceiverClientGrpc.sendCommandWithTraceIDAndRetry(XceiverClientGrpc.java:257)
	at org.apache.hadoop.hdds.scm.XceiverClientGrpc.sendCommand(XceiverClientGrpc.java:240)
	at org.apache.hadoop.hdds.scm.storage.ContainerProtocolCalls.readChunk(ContainerProtocolCalls.java:245)
	at org.apache.hadoop.hdds.scm.storage.ChunkInputStream.readChunk(ChunkInputStream.java:335)
	at org.apache.hadoop.hdds.scm.storage.ChunkInputStream.readChunkFromContainer(ChunkInputStream.java:307)
	at org.apache.hadoop.hdds.scm.storage.ChunkInputStream.prepareRead(ChunkInputStream.java:259)
	at org.apache.hadoop.hdds.scm.storage.ChunkInputStream.read(ChunkInputStream.java:144)
	at org.apache.hadoop.hdds.scm.storage.BlockInputStream.read(BlockInputStream.java:239)
	at org.apache.hadoop.ozone.client.io.KeyInputStream.read(KeyInputStream.java:171)
	at org.apache.hadoop.ozone.client.io.OzoneInputStream.read(OzoneInputStream.java:47)
	at java.io.InputStream.read(InputStream.java:101)
	at org.apache.hadoop.ozone.container.ContainerTestHelper.validateData(ContainerTestHelper.java:714)
	at org.apache.hadoop.ozone.client.rpc.TestBlockOutputStreamWithFailures.validateData(TestBlockOutputStreamWithFailures.java:1216)
	at org.apache.hadoop.ozone.client.rpc.TestBlockOutputStreamWithFailures.testWatchForCommitWithCloseContainerException(TestBlockOutputStreamWithFailures.java:260)
	at sun.reflect.NativeMethodAccessorImpl.invoke0(Native Method)
	at sun.reflect.NativeMethodAccessorImpl.invoke(NativeMethodAccessorImpl.java:62)
	at sun.reflect.DelegatingMethodAccessorImpl.invoke(DelegatingMethodAccessorImpl.java:43)
	at java.lang.reflect.Method.invoke(Method.java:498)
	at org.junit.runners.model.FrameworkMethod$1.runReflectiveCall(FrameworkMethod.java:47)
	at org.junit.internal.runners.model.ReflectiveCallable.run(ReflectiveCallable.java:12)
	at org.junit.runners.model.FrameworkMethod.invokeExplosively(FrameworkMethod.java:44)
	at org.junit.internal.runners.statements.InvokeMethod.evaluate(InvokeMethod.java:17)
	at org.junit.internal.runners.statements.RunBefores.evaluate(RunBefores.java:26)
	at org.junit.internal.runners.statements.RunAfters.evaluate(RunAfters.java:27)
	at org.junit.runners.ParentRunner.runLeaf(ParentRunner.java:271)
	at org.junit.runners.BlockJUnit4ClassRunner.runChild(BlockJUnit4ClassRunner.java:70)
	at org.junit.runners.BlockJUnit4ClassRunner.runChild(BlockJUnit4ClassRunner.java:50)
	at org.junit.runners.ParentRunner$3.run(ParentRunner.java:238)
	at org.junit.runners.ParentRunner$1.schedule(ParentRunner.java:63)
	at org.junit.runners.ParentRunner.runChildren(ParentRunner.java:236)
	at org.junit.runners.ParentRunner.access$000(ParentRunner.java:53)
	at org.junit.runners.ParentRunner$2.evaluate(ParentRunner.java:229)
	at org.junit.runners.ParentRunner.run(ParentRunner.java:309)
	at org.apache.maven.surefire.junit4.JUnit4Provider.execute(JUnit4Provider.java:365)
	at org.apache.maven.surefire.junit4.JUnit4Provider.executeWithRerun(JUnit4Provider.java:273)
	at org.apache.maven.surefire.junit4.JUnit4Provider.executeTestSet(JUnit4Provider.java:238)
	at org.apache.maven.surefire.junit4.JUnit4Provider.invoke(JUnit4Provider.java:159)
	at org.apache.maven.surefire.booter.ForkedBooter.invokeProviderInSameClassLoader(ForkedBooter.java:384)
	at org.apache.maven.surefire.booter.ForkedBooter.runSuitesInProcess(ForkedBooter.java:345)
	at org.apache.maven.surefire.booter.ForkedBooter.execute(ForkedBooter.java:126)
	at org.apache.maven.surefire.booter.ForkedBooter.main(ForkedBooter.java:418)

Oct 01, 2019 12:43:49 PM org.apache.ratis.thirdparty.io.grpc.internal.ManagedChannelOrphanWrapper$ManagedChannelReference cleanQueue
SEVERE: *~*~*~ Channel ManagedChannelImpl{logId=3647, target=192.168.30.18:44275} was not shutdown properly!!! ~*~*~*
    Make sure to call shutdown()/shutdownNow() and wait until awaitTermination() returns true.
java.lang.RuntimeException: ManagedChannel allocation site
	at org.apache.ratis.thirdparty.io.grpc.internal.ManagedChannelOrphanWrapper$ManagedChannelReference.<init>(ManagedChannelOrphanWrapper.java:103)
	at org.apache.ratis.thirdparty.io.grpc.internal.ManagedChannelOrphanWrapper.<init>(ManagedChannelOrphanWrapper.java:53)
	at org.apache.ratis.thirdparty.io.grpc.internal.ManagedChannelOrphanWrapper.<init>(ManagedChannelOrphanWrapper.java:44)
	at org.apache.ratis.thirdparty.io.grpc.internal.AbstractManagedChannelImplBuilder.build(AbstractManagedChannelImplBuilder.java:411)
	at org.apache.hadoop.hdds.scm.XceiverClientGrpc.connectToDatanode(XceiverClientGrpc.java:181)
	at org.apache.hadoop.hdds.scm.XceiverClientGrpc.reconnect(XceiverClientGrpc.java:429)
	at org.apache.hadoop.hdds.scm.XceiverClientGrpc.sendCommandAsync(XceiverClientGrpc.java:378)
	at org.apache.hadoop.hdds.scm.XceiverClientGrpc.sendCommandWithRetry(XceiverClientGrpc.java:291)
	at org.apache.hadoop.hdds.scm.XceiverClientGrpc.sendCommandWithTraceIDAndRetry(XceiverClientGrpc.java:257)
	at org.apache.hadoop.hdds.scm.XceiverClientGrpc.sendCommand(XceiverClientGrpc.java:240)
	at org.apache.hadoop.hdds.scm.storage.ContainerProtocolCalls.getBlock(ContainerProtocolCalls.java:118)
	at org.apache.hadoop.hdds.scm.storage.BlockInputStream.getChunkInfos(BlockInputStream.java:167)
	at org.apache.hadoop.hdds.scm.storage.BlockInputStream.initialize(BlockInputStream.java:118)
	at org.apache.hadoop.hdds.scm.storage.BlockInputStream.read(BlockInputStream.java:222)
	at org.apache.hadoop.ozone.client.io.KeyInputStream.read(KeyInputStream.java:171)
	at org.apache.hadoop.ozone.client.io.OzoneInputStream.read(OzoneInputStream.java:47)
	at java.io.InputStream.read(InputStream.java:101)
	at org.apache.hadoop.ozone.container.ContainerTestHelper.validateData(ContainerTestHelper.java:714)
	at org.apache.hadoop.ozone.client.rpc.TestBlockOutputStreamWithFailures.validateData(TestBlockOutputStreamWithFailures.java:1216)
	at org.apache.hadoop.ozone.client.rpc.TestBlockOutputStreamWithFailures.testWatchForCommitWithCloseContainerException(TestBlockOutputStreamWithFailures.java:260)
	at sun.reflect.NativeMethodAccessorImpl.invoke0(Native Method)
	at sun.reflect.NativeMethodAccessorImpl.invoke(NativeMethodAccessorImpl.java:62)
	at sun.reflect.DelegatingMethodAccessorImpl.invoke(DelegatingMethodAccessorImpl.java:43)
	at java.lang.reflect.Method.invoke(Method.java:498)
	at org.junit.runners.model.FrameworkMethod$1.runReflectiveCall(FrameworkMethod.java:47)
	at org.junit.internal.runners.model.ReflectiveCallable.run(ReflectiveCallable.java:12)
	at org.junit.runners.model.FrameworkMethod.invokeExplosively(FrameworkMethod.java:44)
	at org.junit.internal.runners.statements.InvokeMethod.evaluate(InvokeMethod.java:17)
	at org.junit.internal.runners.statements.RunBefores.evaluate(RunBefores.java:26)
	at org.junit.internal.runners.statements.RunAfters.evaluate(RunAfters.java:27)
	at org.junit.runners.ParentRunner.runLeaf(ParentRunner.java:271)
	at org.junit.runners.BlockJUnit4ClassRunner.runChild(BlockJUnit4ClassRunner.java:70)
	at org.junit.runners.BlockJUnit4ClassRunner.runChild(BlockJUnit4ClassRunner.java:50)
	at org.junit.runners.ParentRunner$3.run(ParentRunner.java:238)
	at org.junit.runners.ParentRunner$1.schedule(ParentRunner.java:63)
	at org.junit.runners.ParentRunner.runChildren(ParentRunner.java:236)
	at org.junit.runners.ParentRunner.access$000(ParentRunner.java:53)
	at org.junit.runners.ParentRunner$2.evaluate(ParentRunner.java:229)
	at org.junit.runners.ParentRunner.run(ParentRunner.java:309)
	at org.apache.maven.surefire.junit4.JUnit4Provider.execute(JUnit4Provider.java:365)
	at org.apache.maven.surefire.junit4.JUnit4Provider.executeWithRerun(JUnit4Provider.java:273)
	at org.apache.maven.surefire.junit4.JUnit4Provider.executeTestSet(JUnit4Provider.java:238)
	at org.apache.maven.surefire.junit4.JUnit4Provider.invoke(JUnit4Provider.java:159)
	at org.apache.maven.surefire.booter.ForkedBooter.invokeProviderInSameClassLoader(ForkedBooter.java:384)
	at org.apache.maven.surefire.booter.ForkedBooter.runSuitesInProcess(ForkedBooter.java:345)
	at org.apache.maven.surefire.booter.ForkedBooter.execute(ForkedBooter.java:126)
	at org.apache.maven.surefire.booter.ForkedBooter.main(ForkedBooter.java:418)

Oct 01, 2019 12:43:49 PM org.apache.ratis.thirdparty.io.grpc.internal.ManagedChannelOrphanWrapper$ManagedChannelReference cleanQueue
SEVERE: *~*~*~ Channel ManagedChannelImpl{logId=3268, target=192.168.30.18:33981} was not shutdown properly!!! ~*~*~*
    Make sure to call shutdown()/shutdownNow() and wait until awaitTermination() returns true.
java.lang.RuntimeException: ManagedChannel allocation site
	at org.apache.ratis.thirdparty.io.grpc.internal.ManagedChannelOrphanWrapper$ManagedChannelReference.<init>(ManagedChannelOrphanWrapper.java:103)
	at org.apache.ratis.thirdparty.io.grpc.internal.ManagedChannelOrphanWrapper.<init>(ManagedChannelOrphanWrapper.java:53)
	at org.apache.ratis.thirdparty.io.grpc.internal.ManagedChannelOrphanWrapper.<init>(ManagedChannelOrphanWrapper.java:44)
	at org.apache.ratis.thirdparty.io.grpc.internal.AbstractManagedChannelImplBuilder.build(AbstractManagedChannelImplBuilder.java:411)
	at org.apache.hadoop.hdds.scm.XceiverClientGrpc.connectToDatanode(XceiverClientGrpc.java:181)
	at org.apache.hadoop.hdds.scm.XceiverClientGrpc.reconnect(XceiverClientGrpc.java:429)
	at org.apache.hadoop.hdds.scm.XceiverClientGrpc.sendCommandAsync(XceiverClientGrpc.java:378)
	at org.apache.hadoop.hdds.scm.XceiverClientGrpc.sendCommandWithRetry(XceiverClientGrpc.java:291)
	at org.apache.hadoop.hdds.scm.XceiverClientGrpc.sendCommandWithTraceIDAndRetry(XceiverClientGrpc.java:257)
	at org.apache.hadoop.hdds.scm.XceiverClientGrpc.sendCommand(XceiverClientGrpc.java:240)
	at org.apache.hadoop.hdds.scm.storage.ContainerProtocolCalls.readChunk(ContainerProtocolCalls.java:245)
	at org.apache.hadoop.hdds.scm.storage.ChunkInputStream.readChunk(ChunkInputStream.java:335)
	at org.apache.hadoop.hdds.scm.storage.ChunkInputStream.readChunkFromContainer(ChunkInputStream.java:307)
	at org.apache.hadoop.hdds.scm.storage.ChunkInputStream.prepareRead(ChunkInputStream.java:259)
	at org.apache.hadoop.hdds.scm.storage.ChunkInputStream.read(ChunkInputStream.java:144)
	at org.apache.hadoop.hdds.scm.storage.BlockInputStream.read(BlockInputStream.java:239)
	at org.apache.hadoop.ozone.client.io.KeyInputStream.read(KeyInputStream.java:171)
	at org.apache.hadoop.ozone.client.io.OzoneInputStream.read(OzoneInputStream.java:47)
	at java.io.InputStream.read(InputStream.java:101)
	at org.apache.hadoop.ozone.container.ContainerTestHelper.validateData(ContainerTestHelper.java:714)
	at org.apache.hadoop.ozone.client.rpc.TestBlockOutputStreamWithFailures.validateData(TestBlockOutputStreamWithFailures.java:1216)
	at org.apache.hadoop.ozone.client.rpc.TestBlockOutputStreamWithFailures.testFailureWithPrimeSizedData(TestBlockOutputStreamWithFailures.java:662)
	at sun.reflect.NativeMethodAccessorImpl.invoke0(Native Method)
	at sun.reflect.NativeMethodAccessorImpl.invoke(NativeMethodAccessorImpl.java:62)
	at sun.reflect.DelegatingMethodAccessorImpl.invoke(DelegatingMethodAccessorImpl.java:43)
	at java.lang.reflect.Method.invoke(Method.java:498)
	at org.junit.runners.model.FrameworkMethod$1.runReflectiveCall(FrameworkMethod.java:47)
	at org.junit.internal.runners.model.ReflectiveCallable.run(ReflectiveCallable.java:12)
	at org.junit.runners.model.FrameworkMethod.invokeExplosively(FrameworkMethod.java:44)
	at org.junit.internal.runners.statements.InvokeMethod.evaluate(InvokeMethod.java:17)
	at org.junit.internal.runners.statements.RunBefores.evaluate(RunBefores.java:26)
	at org.junit.internal.runners.statements.RunAfters.evaluate(RunAfters.java:27)
	at org.junit.runners.ParentRunner.runLeaf(ParentRunner.java:271)
	at org.junit.runners.BlockJUnit4ClassRunner.runChild(BlockJUnit4ClassRunner.java:70)
	at org.junit.runners.BlockJUnit4ClassRunner.runChild(BlockJUnit4ClassRunner.java:50)
	at org.junit.runners.ParentRunner$3.run(ParentRunner.java:238)
	at org.junit.runners.ParentRunner$1.schedule(ParentRunner.java:63)
	at org.junit.runners.ParentRunner.runChildren(ParentRunner.java:236)
	at org.junit.runners.ParentRunner.access$000(ParentRunner.java:53)
	at org.junit.runners.ParentRunner$2.evaluate(ParentRunner.java:229)
	at org.junit.runners.ParentRunner.run(ParentRunner.java:309)
	at org.apache.maven.surefire.junit4.JUnit4Provider.execute(JUnit4Provider.java:365)
	at org.apache.maven.surefire.junit4.JUnit4Provider.executeWithRerun(JUnit4Provider.java:273)
	at org.apache.maven.surefire.junit4.JUnit4Provider.executeTestSet(JUnit4Provider.java:238)
	at org.apache.maven.surefire.junit4.JUnit4Provider.invoke(JUnit4Provider.java:159)
	at org.apache.maven.surefire.booter.ForkedBooter.invokeProviderInSameClassLoader(ForkedBooter.java:384)
	at org.apache.maven.surefire.booter.ForkedBooter.runSuitesInProcess(ForkedBooter.java:345)
	at org.apache.maven.surefire.booter.ForkedBooter.execute(ForkedBooter.java:126)
	at org.apache.maven.surefire.booter.ForkedBooter.main(ForkedBooter.java:418)

Oct 01, 2019 12:43:49 PM org.apache.ratis.thirdparty.io.grpc.internal.ManagedChannelOrphanWrapper$ManagedChannelReference cleanQueue
SEVERE: *~*~*~ Channel ManagedChannelImpl{logId=3667, target=192.168.30.18:36586} was not shutdown properly!!! ~*~*~*
    Make sure to call shutdown()/shutdownNow() and wait until awaitTermination() returns true.
java.lang.RuntimeException: ManagedChannel allocation site
	at org.apache.ratis.thirdparty.io.grpc.internal.ManagedChannelOrphanWrapper$ManagedChannelReference.<init>(ManagedChannelOrphanWrapper.java:103)
	at org.apache.ratis.thirdparty.io.grpc.internal.ManagedChannelOrphanWrapper.<init>(ManagedChannelOrphanWrapper.java:53)
	at org.apache.ratis.thirdparty.io.grpc.internal.ManagedChannelOrphanWrapper.<init>(ManagedChannelOrphanWrapper.java:44)
	at org.apache.ratis.thirdparty.io.grpc.internal.AbstractManagedChannelImplBuilder.build(AbstractManagedChannelImplBuilder.java:411)
	at org.apache.hadoop.hdds.scm.XceiverClientGrpc.connectToDatanode(XceiverClientGrpc.java:181)
	at org.apache.hadoop.hdds.scm.XceiverClientGrpc.reconnect(XceiverClientGrpc.java:429)
	at org.apache.hadoop.hdds.scm.XceiverClientGrpc.sendCommandAsync(XceiverClientGrpc.java:378)
	at org.apache.hadoop.hdds.scm.XceiverClientGrpc.sendCommandWithRetry(XceiverClientGrpc.java:291)
	at org.apache.hadoop.hdds.scm.XceiverClientGrpc.sendCommandWithTraceIDAndRetry(XceiverClientGrpc.java:257)
	at org.apache.hadoop.hdds.scm.XceiverClientGrpc.sendCommand(XceiverClientGrpc.java:240)
	at org.apache.hadoop.hdds.scm.storage.ContainerProtocolCalls.readChunk(ContainerProtocolCalls.java:245)
	at org.apache.hadoop.hdds.scm.storage.ChunkInputStream.readChunk(ChunkInputStream.java:335)
	at org.apache.hadoop.hdds.scm.storage.ChunkInputStream.readChunkFromContainer(ChunkInputStream.java:307)
	at org.apache.hadoop.hdds.scm.storage.ChunkInputStream.prepareRead(ChunkInputStream.java:259)
	at org.apache.hadoop.hdds.scm.storage.ChunkInputStream.read(ChunkInputStream.java:144)
	at org.apache.hadoop.hdds.scm.storage.BlockInputStream.read(BlockInputStream.java:239)
	at org.apache.hadoop.ozone.client.io.KeyInputStream.read(KeyInputStream.java:171)
	at org.apache.hadoop.ozone.client.io.OzoneInputStream.read(OzoneInputStream.java:47)
	at java.io.InputStream.read(InputStream.java:101)
	at org.apache.hadoop.ozone.container.ContainerTestHelper.validateData(ContainerTestHelper.java:714)
	at org.apache.hadoop.ozone.client.rpc.TestBlockOutputStreamWithFailures.validateData(TestBlockOutputStreamWithFailures.java:1216)
	at org.apache.hadoop.ozone.client.rpc.TestBlockOutputStreamWithFailures.testWatchForCommitWithCloseContainerException(TestBlockOutputStreamWithFailures.java:260)
	at sun.reflect.NativeMethodAccessorImpl.invoke0(Native Method)
	at sun.reflect.NativeMethodAccessorImpl.invoke(NativeMethodAccessorImpl.java:62)
	at sun.reflect.DelegatingMethodAccessorImpl.invoke(DelegatingMethodAccessorImpl.java:43)
	at java.lang.reflect.Method.invoke(Method.java:498)
	at org.junit.runners.model.FrameworkMethod$1.runReflectiveCall(FrameworkMethod.java:47)
	at org.junit.internal.runners.model.ReflectiveCallable.run(ReflectiveCallable.java:12)
	at org.junit.runners.model.FrameworkMethod.invokeExplosively(FrameworkMethod.java:44)
	at org.junit.internal.runners.statements.InvokeMethod.evaluate(InvokeMethod.java:17)
	at org.junit.internal.runners.statements.RunBefores.evaluate(RunBefores.java:26)
	at org.junit.internal.runners.statements.RunAfters.evaluate(RunAfters.java:27)
	at org.junit.runners.ParentRunner.runLeaf(ParentRunner.java:271)
	at org.junit.runners.BlockJUnit4ClassRunner.runChild(BlockJUnit4ClassRunner.java:70)
	at org.junit.runners.BlockJUnit4ClassRunner.runChild(BlockJUnit4ClassRunner.java:50)
	at org.junit.runners.ParentRunner$3.run(ParentRunner.java:238)
	at org.junit.runners.ParentRunner$1.schedule(ParentRunner.java:63)
	at org.junit.runners.ParentRunner.runChildren(ParentRunner.java:236)
	at org.junit.runners.ParentRunner.access$000(ParentRunner.java:53)
	at org.junit.runners.ParentRunner$2.evaluate(ParentRunner.java:229)
	at org.junit.runners.ParentRunner.run(ParentRunner.java:309)
	at org.apache.maven.surefire.junit4.JUnit4Provider.execute(JUnit4Provider.java:365)
	at org.apache.maven.surefire.junit4.JUnit4Provider.executeWithRerun(JUnit4Provider.java:273)
	at org.apache.maven.surefire.junit4.JUnit4Provider.executeTestSet(JUnit4Provider.java:238)
	at org.apache.maven.surefire.junit4.JUnit4Provider.invoke(JUnit4Provider.java:159)
	at org.apache.maven.surefire.booter.ForkedBooter.invokeProviderInSameClassLoader(ForkedBooter.java:384)
	at org.apache.maven.surefire.booter.ForkedBooter.runSuitesInProcess(ForkedBooter.java:345)
	at org.apache.maven.surefire.booter.ForkedBooter.execute(ForkedBooter.java:126)
	at org.apache.maven.surefire.booter.ForkedBooter.main(ForkedBooter.java:418)

Oct 01, 2019 12:43:49 PM org.apache.ratis.thirdparty.io.grpc.internal.ManagedChannelOrphanWrapper$ManagedChannelReference cleanQueue
SEVERE: *~*~*~ Channel ManagedChannelImpl{logId=3657, target=192.168.30.18:39943} was not shutdown properly!!! ~*~*~*
    Make sure to call shutdown()/shutdownNow() and wait until awaitTermination() returns true.
java.lang.RuntimeException: ManagedChannel allocation site
	at org.apache.ratis.thirdparty.io.grpc.internal.ManagedChannelOrphanWrapper$ManagedChannelReference.<init>(ManagedChannelOrphanWrapper.java:103)
	at org.apache.ratis.thirdparty.io.grpc.internal.ManagedChannelOrphanWrapper.<init>(ManagedChannelOrphanWrapper.java:53)
	at org.apache.ratis.thirdparty.io.grpc.internal.ManagedChannelOrphanWrapper.<init>(ManagedChannelOrphanWrapper.java:44)
	at org.apache.ratis.thirdparty.io.grpc.internal.AbstractManagedChannelImplBuilder.build(AbstractManagedChannelImplBuilder.java:411)
	at org.apache.hadoop.hdds.scm.XceiverClientGrpc.connectToDatanode(XceiverClientGrpc.java:181)
	at org.apache.hadoop.hdds.scm.XceiverClientGrpc.reconnect(XceiverClientGrpc.java:429)
	at org.apache.hadoop.hdds.scm.XceiverClientGrpc.sendCommandAsync(XceiverClientGrpc.java:378)
	at org.apache.hadoop.hdds.scm.XceiverClientGrpc.sendCommandWithRetry(XceiverClientGrpc.java:291)
	at org.apache.hadoop.hdds.scm.XceiverClientGrpc.sendCommandWithTraceIDAndRetry(XceiverClientGrpc.java:257)
	at org.apache.hadoop.hdds.scm.XceiverClientGrpc.sendCommand(XceiverClientGrpc.java:240)
	at org.apache.hadoop.hdds.scm.storage.ContainerProtocolCalls.getBlock(ContainerProtocolCalls.java:118)
	at org.apache.hadoop.hdds.scm.storage.BlockInputStream.getChunkInfos(BlockInputStream.java:167)
	at org.apache.hadoop.hdds.scm.storage.BlockInputStream.initialize(BlockInputStream.java:118)
	at org.apache.hadoop.hdds.scm.storage.BlockInputStream.read(BlockInputStream.java:222)
	at org.apache.hadoop.ozone.client.io.KeyInputStream.read(KeyInputStream.java:171)
	at org.apache.hadoop.ozone.client.io.OzoneInputStream.read(OzoneInputStream.java:47)
	at java.io.InputStream.read(InputStream.java:101)
	at org.apache.hadoop.ozone.container.ContainerTestHelper.validateData(ContainerTestHelper.java:714)
	at org.apache.hadoop.ozone.client.rpc.TestBlockOutputStreamWithFailures.validateData(TestBlockOutputStreamWithFailures.java:1216)
	at org.apache.hadoop.ozone.client.rpc.TestBlockOutputStreamWithFailures.testWatchForCommitWithCloseContainerException(TestBlockOutputStreamWithFailures.java:260)
	at sun.reflect.NativeMethodAccessorImpl.invoke0(Native Method)
	at sun.reflect.NativeMethodAccessorImpl.invoke(NativeMethodAccessorImpl.java:62)
	at sun.reflect.DelegatingMethodAccessorImpl.invoke(DelegatingMethodAccessorImpl.java:43)
	at java.lang.reflect.Method.invoke(Method.java:498)
	at org.junit.runners.model.FrameworkMethod$1.runReflectiveCall(FrameworkMethod.java:47)
	at org.junit.internal.runners.model.ReflectiveCallable.run(ReflectiveCallable.java:12)
	at org.junit.runners.model.FrameworkMethod.invokeExplosively(FrameworkMethod.java:44)
	at org.junit.internal.runners.statements.InvokeMethod.evaluate(InvokeMethod.java:17)
	at org.junit.internal.runners.statements.RunBefores.evaluate(RunBefores.java:26)
	at org.junit.internal.runners.statements.RunAfters.evaluate(RunAfters.java:27)
	at org.junit.runners.ParentRunner.runLeaf(ParentRunner.java:271)
	at org.junit.runners.BlockJUnit4ClassRunner.runChild(BlockJUnit4ClassRunner.java:70)
	at org.junit.runners.BlockJUnit4ClassRunner.runChild(BlockJUnit4ClassRunner.java:50)
	at org.junit.runners.ParentRunner$3.run(ParentRunner.java:238)
	at org.junit.runners.ParentRunner$1.schedule(ParentRunner.java:63)
	at org.junit.runners.ParentRunner.runChildren(ParentRunner.java:236)
	at org.junit.runners.ParentRunner.access$000(ParentRunner.java:53)
	at org.junit.runners.ParentRunner$2.evaluate(ParentRunner.java:229)
	at org.junit.runners.ParentRunner.run(ParentRunner.java:309)
	at org.apache.maven.surefire.junit4.JUnit4Provider.execute(JUnit4Provider.java:365)
	at org.apache.maven.surefire.junit4.JUnit4Provider.executeWithRerun(JUnit4Provider.java:273)
	at org.apache.maven.surefire.junit4.JUnit4Provider.executeTestSet(JUnit4Provider.java:238)
	at org.apache.maven.surefire.junit4.JUnit4Provider.invoke(JUnit4Provider.java:159)
	at org.apache.maven.surefire.booter.ForkedBooter.invokeProviderInSameClassLoader(ForkedBooter.java:384)
	at org.apache.maven.surefire.booter.ForkedBooter.runSuitesInProcess(ForkedBooter.java:345)
	at org.apache.maven.surefire.booter.ForkedBooter.execute(ForkedBooter.java:126)
	at org.apache.maven.surefire.booter.ForkedBooter.main(ForkedBooter.java:418)

Oct 01, 2019 12:43:49 PM org.apache.ratis.thirdparty.io.grpc.internal.ManagedChannelOrphanWrapper$ManagedChannelReference cleanQueue
SEVERE: *~*~*~ Channel ManagedChannelImpl{logId=3241, target=192.168.30.18:33413} was not shutdown properly!!! ~*~*~*
    Make sure to call shutdown()/shutdownNow() and wait until awaitTermination() returns true.
java.lang.RuntimeException: ManagedChannel allocation site
	at org.apache.ratis.thirdparty.io.grpc.internal.ManagedChannelOrphanWrapper$ManagedChannelReference.<init>(ManagedChannelOrphanWrapper.java:103)
	at org.apache.ratis.thirdparty.io.grpc.internal.ManagedChannelOrphanWrapper.<init>(ManagedChannelOrphanWrapper.java:53)
	at org.apache.ratis.thirdparty.io.grpc.internal.ManagedChannelOrphanWrapper.<init>(ManagedChannelOrphanWrapper.java:44)
	at org.apache.ratis.thirdparty.io.grpc.internal.AbstractManagedChannelImplBuilder.build(AbstractManagedChannelImplBuilder.java:411)
	at org.apache.ratis.grpc.client.GrpcClientProtocolClient.<init>(GrpcClientProtocolClient.java:128)
	at org.apache.ratis.grpc.client.GrpcClientRpc.lambda$new$0(GrpcClientRpc.java:55)
	at org.apache.ratis.util.PeerProxyMap$PeerAndProxy.lambda$getProxy$0(PeerProxyMap.java:61)
	at org.apache.ratis.util.LifeCycle.startAndTransition(LifeCycle.java:202)
	at org.apache.ratis.util.PeerProxyMap$PeerAndProxy.getProxy(PeerProxyMap.java:60)
	at org.apache.ratis.util.PeerProxyMap.getProxy(PeerProxyMap.java:108)
	at org.apache.ratis.grpc.client.GrpcClientRpc.sendRequestAsync(GrpcClientRpc.java:66)
	at org.apache.ratis.client.impl.OrderedAsync.sendRequest(OrderedAsync.java:208)
	at org.apache.ratis.client.impl.OrderedAsync.sendRequestWithRetry(OrderedAsync.java:169)
	at org.apache.ratis.util.SlidingWindow$Client.sendOrDelayRequest(SlidingWindow.java:278)
	at org.apache.ratis.util.SlidingWindow$Client.retry(SlidingWindow.java:294)
	at org.apache.ratis.client.impl.OrderedAsync.lambda$scheduleWithTimeout$7(OrderedAsync.java:195)
	at org.apache.ratis.util.TimeoutScheduler.lambda$onTimeout$0(TimeoutScheduler.java:113)
	at org.apache.ratis.util.TimeoutScheduler.lambda$onTimeout$1(TimeoutScheduler.java:133)
	at org.apache.ratis.util.LogUtils.runAndLog(LogUtils.java:50)
	at org.apache.ratis.util.LogUtils$1.run(LogUtils.java:91)
	at java.util.concurrent.Executors$RunnableAdapter.call(Executors.java:511)
	at java.util.concurrent.FutureTask.run(FutureTask.java:266)
	at java.util.concurrent.ScheduledThreadPoolExecutor$ScheduledFutureTask.access$201(ScheduledThreadPoolExecutor.java:180)
	at java.util.concurrent.ScheduledThreadPoolExecutor$ScheduledFutureTask.run(ScheduledThreadPoolExecutor.java:293)
	at java.util.concurrent.ThreadPoolExecutor.runWorker(ThreadPoolExecutor.java:1149)
	at java.util.concurrent.ThreadPoolExecutor$Worker.run(ThreadPoolExecutor.java:624)
	at java.lang.Thread.run(Thread.java:748)

Oct 01, 2019 12:43:49 PM org.apache.ratis.thirdparty.io.grpc.internal.ManagedChannelOrphanWrapper$ManagedChannelReference cleanQueue
SEVERE: *~*~*~ Channel ManagedChannelImpl{logId=3273, target=192.168.30.18:37228} was not shutdown properly!!! ~*~*~*
    Make sure to call shutdown()/shutdownNow() and wait until awaitTermination() returns true.
java.lang.RuntimeException: ManagedChannel allocation site
	at org.apache.ratis.thirdparty.io.grpc.internal.ManagedChannelOrphanWrapper$ManagedChannelReference.<init>(ManagedChannelOrphanWrapper.java:103)
	at org.apache.ratis.thirdparty.io.grpc.internal.ManagedChannelOrphanWrapper.<init>(ManagedChannelOrphanWrapper.java:53)
	at org.apache.ratis.thirdparty.io.grpc.internal.ManagedChannelOrphanWrapper.<init>(ManagedChannelOrphanWrapper.java:44)
	at org.apache.ratis.thirdparty.io.grpc.internal.AbstractManagedChannelImplBuilder.build(AbstractManagedChannelImplBuilder.java:411)
	at org.apache.hadoop.hdds.scm.XceiverClientGrpc.connectToDatanode(XceiverClientGrpc.java:181)
	at org.apache.hadoop.hdds.scm.XceiverClientGrpc.reconnect(XceiverClientGrpc.java:429)
	at org.apache.hadoop.hdds.scm.XceiverClientGrpc.sendCommandAsync(XceiverClientGrpc.java:378)
	at org.apache.hadoop.hdds.scm.XceiverClientGrpc.sendCommandWithRetry(XceiverClientGrpc.java:291)
	at org.apache.hadoop.hdds.scm.XceiverClientGrpc.sendCommandWithTraceIDAndRetry(XceiverClientGrpc.java:257)
	at org.apache.hadoop.hdds.scm.XceiverClientGrpc.sendCommand(XceiverClientGrpc.java:240)
	at org.apache.hadoop.hdds.scm.storage.ContainerProtocolCalls.getBlock(ContainerProtocolCalls.java:118)
	at org.apache.hadoop.hdds.scm.storage.BlockInputStream.getChunkInfos(BlockInputStream.java:167)
	at org.apache.hadoop.hdds.scm.storage.BlockInputStream.initialize(BlockInputStream.java:118)
	at org.apache.hadoop.hdds.scm.storage.BlockInputStream.read(BlockInputStream.java:222)
	at org.apache.hadoop.ozone.client.io.KeyInputStream.read(KeyInputStream.java:171)
	at org.apache.hadoop.ozone.client.io.OzoneInputStream.read(OzoneInputStream.java:47)
	at java.io.InputStream.read(InputStream.java:101)
	at org.apache.hadoop.ozone.container.ContainerTestHelper.validateData(ContainerTestHelper.java:714)
	at org.apache.hadoop.ozone.client.rpc.TestBlockOutputStreamWithFailures.validateData(TestBlockOutputStreamWithFailures.java:1216)
	at org.apache.hadoop.ozone.client.rpc.TestBlockOutputStreamWithFailures.testFailureWithPrimeSizedData(TestBlockOutputStreamWithFailures.java:662)
	at sun.reflect.NativeMethodAccessorImpl.invoke0(Native Method)
	at sun.reflect.NativeMethodAccessorImpl.invoke(NativeMethodAccessorImpl.java:62)
	at sun.reflect.DelegatingMethodAccessorImpl.invoke(DelegatingMethodAccessorImpl.java:43)
	at java.lang.reflect.Method.invoke(Method.java:498)
	at org.junit.runners.model.FrameworkMethod$1.runReflectiveCall(FrameworkMethod.java:47)
	at org.junit.internal.runners.model.ReflectiveCallable.run(ReflectiveCallable.java:12)
	at org.junit.runners.model.FrameworkMethod.invokeExplosively(FrameworkMethod.java:44)
	at org.junit.internal.runners.statements.InvokeMethod.evaluate(InvokeMethod.java:17)
	at org.junit.internal.runners.statements.RunBefores.evaluate(RunBefores.java:26)
	at org.junit.internal.runners.statements.RunAfters.evaluate(RunAfters.java:27)
	at org.junit.runners.ParentRunner.runLeaf(ParentRunner.java:271)
	at org.junit.runners.BlockJUnit4ClassRunner.runChild(BlockJUnit4ClassRunner.java:70)
	at org.junit.runners.BlockJUnit4ClassRunner.runChild(BlockJUnit4ClassRunner.java:50)
	at org.junit.runners.ParentRunner$3.run(ParentRunner.java:238)
	at org.junit.runners.ParentRunner$1.schedule(ParentRunner.java:63)
	at org.junit.runners.ParentRunner.runChildren(ParentRunner.java:236)
	at org.junit.runners.ParentRunner.access$000(ParentRunner.java:53)
	at org.junit.runners.ParentRunner$2.evaluate(ParentRunner.java:229)
	at org.junit.runners.ParentRunner.run(ParentRunner.java:309)
	at org.apache.maven.surefire.junit4.JUnit4Provider.execute(JUnit4Provider.java:365)
	at org.apache.maven.surefire.junit4.JUnit4Provider.executeWithRerun(JUnit4Provider.java:273)
	at org.apache.maven.surefire.junit4.JUnit4Provider.executeTestSet(JUnit4Provider.java:238)
	at org.apache.maven.surefire.junit4.JUnit4Provider.invoke(JUnit4Provider.java:159)
	at org.apache.maven.surefire.booter.ForkedBooter.invokeProviderInSameClassLoader(ForkedBooter.java:384)
	at org.apache.maven.surefire.booter.ForkedBooter.runSuitesInProcess(ForkedBooter.java:345)
	at org.apache.maven.surefire.booter.ForkedBooter.execute(ForkedBooter.java:126)
	at org.apache.maven.surefire.booter.ForkedBooter.main(ForkedBooter.java:418)

Oct 01, 2019 12:43:49 PM org.apache.ratis.thirdparty.io.grpc.internal.ManagedChannelOrphanWrapper$ManagedChannelReference cleanQueue
SEVERE: *~*~*~ Channel ManagedChannelImpl{logId=3254, target=192.168.30.18:33204} was not shutdown properly!!! ~*~*~*
    Make sure to call shutdown()/shutdownNow() and wait until awaitTermination() returns true.
java.lang.RuntimeException: ManagedChannel allocation site
	at org.apache.ratis.thirdparty.io.grpc.internal.ManagedChannelOrphanWrapper$ManagedChannelReference.<init>(ManagedChannelOrphanWrapper.java:103)
	at org.apache.ratis.thirdparty.io.grpc.internal.ManagedChannelOrphanWrapper.<init>(ManagedChannelOrphanWrapper.java:53)
	at org.apache.ratis.thirdparty.io.grpc.internal.ManagedChannelOrphanWrapper.<init>(ManagedChannelOrphanWrapper.java:44)
	at org.apache.ratis.thirdparty.io.grpc.internal.AbstractManagedChannelImplBuilder.build(AbstractManagedChannelImplBuilder.java:411)
	at org.apache.hadoop.hdds.scm.XceiverClientGrpc.connectToDatanode(XceiverClientGrpc.java:181)
	at org.apache.hadoop.hdds.scm.XceiverClientGrpc.reconnect(XceiverClientGrpc.java:429)
	at org.apache.hadoop.hdds.scm.XceiverClientGrpc.sendCommandAsync(XceiverClientGrpc.java:378)
	at org.apache.hadoop.hdds.scm.XceiverClientGrpc.sendCommandWithRetry(XceiverClientGrpc.java:291)
	at org.apache.hadoop.hdds.scm.XceiverClientGrpc.sendCommandWithTraceIDAndRetry(XceiverClientGrpc.java:257)
	at org.apache.hadoop.hdds.scm.XceiverClientGrpc.sendCommand(XceiverClientGrpc.java:240)
	at org.apache.hadoop.hdds.scm.storage.ContainerProtocolCalls.getBlock(ContainerProtocolCalls.java:118)
	at org.apache.hadoop.hdds.scm.storage.BlockInputStream.getChunkInfos(BlockInputStream.java:167)
	at org.apache.hadoop.hdds.scm.storage.BlockInputStream.initialize(BlockInputStream.java:118)
	at org.apache.hadoop.hdds.scm.storage.BlockInputStream.read(BlockInputStream.java:222)
	at org.apache.hadoop.ozone.client.io.KeyInputStream.read(KeyInputStream.java:171)
	at org.apache.hadoop.ozone.client.io.OzoneInputStream.read(OzoneInputStream.java:47)
	at java.io.InputStream.read(InputStream.java:101)
	at org.apache.hadoop.ozone.container.ContainerTestHelper.validateData(ContainerTestHelper.java:714)
	at org.apache.hadoop.ozone.client.rpc.TestBlockOutputStreamWithFailures.validateData(TestBlockOutputStreamWithFailures.java:1216)
	at org.apache.hadoop.ozone.client.rpc.TestBlockOutputStreamWithFailures.testFailureWithPrimeSizedData(TestBlockOutputStreamWithFailures.java:662)
	at sun.reflect.NativeMethodAccessorImpl.invoke0(Native Method)
	at sun.reflect.NativeMethodAccessorImpl.invoke(NativeMethodAccessorImpl.java:62)
	at sun.reflect.DelegatingMethodAccessorImpl.invoke(DelegatingMethodAccessorImpl.java:43)
	at java.lang.reflect.Method.invoke(Method.java:498)
	at org.junit.runners.model.FrameworkMethod$1.runReflectiveCall(FrameworkMethod.java:47)
	at org.junit.internal.runners.model.ReflectiveCallable.run(ReflectiveCallable.java:12)
	at org.junit.runners.model.FrameworkMethod.invokeExplosively(FrameworkMethod.java:44)
	at org.junit.internal.runners.statements.InvokeMethod.evaluate(InvokeMethod.java:17)
	at org.junit.internal.runners.statements.RunBefores.evaluate(RunBefores.java:26)
	at org.junit.internal.runners.statements.RunAfters.evaluate(RunAfters.java:27)
	at org.junit.runners.ParentRunner.runLeaf(ParentRunner.java:271)
	at org.junit.runners.BlockJUnit4ClassRunner.runChild(BlockJUnit4ClassRunner.java:70)
	at org.junit.runners.BlockJUnit4ClassRunner.runChild(BlockJUnit4ClassRunner.java:50)
	at org.junit.runners.ParentRunner$3.run(ParentRunner.java:238)
	at org.junit.runners.ParentRunner$1.schedule(ParentRunner.java:63)
	at org.junit.runners.ParentRunner.runChildren(ParentRunner.java:236)
	at org.junit.runners.ParentRunner.access$000(ParentRunner.java:53)
	at org.junit.runners.ParentRunner$2.evaluate(ParentRunner.java:229)
	at org.junit.runners.ParentRunner.run(ParentRunner.java:309)
	at org.apache.maven.surefire.junit4.JUnit4Provider.execute(JUnit4Provider.java:365)
	at org.apache.maven.surefire.junit4.JUnit4Provider.executeWithRerun(JUnit4Provider.java:273)
	at org.apache.maven.surefire.junit4.JUnit4Provider.executeTestSet(JUnit4Provider.java:238)
	at org.apache.maven.surefire.junit4.JUnit4Provider.invoke(JUnit4Provider.java:159)
	at org.apache.maven.surefire.booter.ForkedBooter.invokeProviderInSameClassLoader(ForkedBooter.java:384)
	at org.apache.maven.surefire.booter.ForkedBooter.runSuitesInProcess(ForkedBooter.java:345)
	at org.apache.maven.surefire.booter.ForkedBooter.execute(ForkedBooter.java:126)
	at org.apache.maven.surefire.booter.ForkedBooter.main(ForkedBooter.java:418)

Oct 01, 2019 12:43:49 PM org.apache.ratis.thirdparty.io.grpc.internal.ManagedChannelOrphanWrapper$ManagedChannelReference cleanQueue
SEVERE: *~*~*~ Channel ManagedChannelImpl{logId=3263, target=192.168.30.18:37228} was not shutdown properly!!! ~*~*~*
    Make sure to call shutdown()/shutdownNow() and wait until awaitTermination() returns true.
java.lang.RuntimeException: ManagedChannel allocation site
	at org.apache.ratis.thirdparty.io.grpc.internal.ManagedChannelOrphanWrapper$ManagedChannelReference.<init>(ManagedChannelOrphanWrapper.java:103)
	at org.apache.ratis.thirdparty.io.grpc.internal.ManagedChannelOrphanWrapper.<init>(ManagedChannelOrphanWrapper.java:53)
	at org.apache.ratis.thirdparty.io.grpc.internal.ManagedChannelOrphanWrapper.<init>(ManagedChannelOrphanWrapper.java:44)
	at org.apache.ratis.thirdparty.io.grpc.internal.AbstractManagedChannelImplBuilder.build(AbstractManagedChannelImplBuilder.java:411)
	at org.apache.hadoop.hdds.scm.XceiverClientGrpc.connectToDatanode(XceiverClientGrpc.java:181)
	at org.apache.hadoop.hdds.scm.XceiverClientGrpc.reconnect(XceiverClientGrpc.java:429)
	at org.apache.hadoop.hdds.scm.XceiverClientGrpc.sendCommandAsync(XceiverClientGrpc.java:378)
	at org.apache.hadoop.hdds.scm.XceiverClientGrpc.sendCommandWithRetry(XceiverClientGrpc.java:291)
	at org.apache.hadoop.hdds.scm.XceiverClientGrpc.sendCommandWithTraceIDAndRetry(XceiverClientGrpc.java:257)
	at org.apache.hadoop.hdds.scm.XceiverClientGrpc.sendCommand(XceiverClientGrpc.java:240)
	at org.apache.hadoop.hdds.scm.storage.ContainerProtocolCalls.readChunk(ContainerProtocolCalls.java:245)
	at org.apache.hadoop.hdds.scm.storage.ChunkInputStream.readChunk(ChunkInputStream.java:335)
	at org.apache.hadoop.hdds.scm.storage.ChunkInputStream.readChunkFromContainer(ChunkInputStream.java:307)
	at org.apache.hadoop.hdds.scm.storage.ChunkInputStream.prepareRead(ChunkInputStream.java:259)
	at org.apache.hadoop.hdds.scm.storage.ChunkInputStream.read(ChunkInputStream.java:144)
	at org.apache.hadoop.hdds.scm.storage.BlockInputStream.read(BlockInputStream.java:239)
	at org.apache.hadoop.ozone.client.io.KeyInputStream.read(KeyInputStream.java:171)
	at org.apache.hadoop.ozone.client.io.OzoneInputStream.read(OzoneInputStream.java:47)
	at java.io.InputStream.read(InputStream.java:101)
	at org.apache.hadoop.ozone.container.ContainerTestHelper.validateData(ContainerTestHelper.java:714)
	at org.apache.hadoop.ozone.client.rpc.TestBlockOutputStreamWithFailures.validateData(TestBlockOutputStreamWithFailures.java:1216)
	at org.apache.hadoop.ozone.client.rpc.TestBlockOutputStreamWithFailures.testFailureWithPrimeSizedData(TestBlockOutputStreamWithFailures.java:662)
	at sun.reflect.NativeMethodAccessorImpl.invoke0(Native Method)
	at sun.reflect.NativeMethodAccessorImpl.invoke(NativeMethodAccessorImpl.java:62)
	at sun.reflect.DelegatingMethodAccessorImpl.invoke(DelegatingMethodAccessorImpl.java:43)
	at java.lang.reflect.Method.invoke(Method.java:498)
	at org.junit.runners.model.FrameworkMethod$1.runReflectiveCall(FrameworkMethod.java:47)
	at org.junit.internal.runners.model.ReflectiveCallable.run(ReflectiveCallable.java:12)
	at org.junit.runners.model.FrameworkMethod.invokeExplosively(FrameworkMethod.java:44)
	at org.junit.internal.runners.statements.InvokeMethod.evaluate(InvokeMethod.java:17)
	at org.junit.internal.runners.statements.RunBefores.evaluate(RunBefores.java:26)
	at org.junit.internal.runners.statements.RunAfters.evaluate(RunAfters.java:27)
	at org.junit.runners.ParentRunner.runLeaf(ParentRunner.java:271)
	at org.junit.runners.BlockJUnit4ClassRunner.runChild(BlockJUnit4ClassRunner.java:70)
	at org.junit.runners.BlockJUnit4ClassRunner.runChild(BlockJUnit4ClassRunner.java:50)
	at org.junit.runners.ParentRunner$3.run(ParentRunner.java:238)
	at org.junit.runners.ParentRunner$1.schedule(ParentRunner.java:63)
	at org.junit.runners.ParentRunner.runChildren(ParentRunner.java:236)
	at org.junit.runners.ParentRunner.access$000(ParentRunner.java:53)
	at org.junit.runners.ParentRunner$2.evaluate(ParentRunner.java:229)
	at org.junit.runners.ParentRunner.run(ParentRunner.java:309)
	at org.apache.maven.surefire.junit4.JUnit4Provider.execute(JUnit4Provider.java:365)
	at org.apache.maven.surefire.junit4.JUnit4Provider.executeWithRerun(JUnit4Provider.java:273)
	at org.apache.maven.surefire.junit4.JUnit4Provider.executeTestSet(JUnit4Provider.java:238)
	at org.apache.maven.surefire.junit4.JUnit4Provider.invoke(JUnit4Provider.java:159)
	at org.apache.maven.surefire.booter.ForkedBooter.invokeProviderInSameClassLoader(ForkedBooter.java:384)
	at org.apache.maven.surefire.booter.ForkedBooter.runSuitesInProcess(ForkedBooter.java:345)
	at org.apache.maven.surefire.booter.ForkedBooter.execute(ForkedBooter.java:126)
	at org.apache.maven.surefire.booter.ForkedBooter.main(ForkedBooter.java:418)

Oct 01, 2019 12:44:18 PM org.apache.ratis.thirdparty.io.grpc.internal.SerializingExecutor run
SEVERE: Exception while executing runnable org.apache.ratis.thirdparty.io.grpc.internal.ServerImpl$JumpToApplicationThreadServerStreamListener$1Closed@4bd113cb
org.apache.ratis.thirdparty.io.grpc.StatusRuntimeException: CANCELLED: call already cancelled
	at org.apache.ratis.thirdparty.io.grpc.Status.asRuntimeException(Status.java:517)
	at org.apache.ratis.thirdparty.io.grpc.stub.ServerCalls$ServerCallStreamObserverImpl.onCompleted(ServerCalls.java:356)
	at org.apache.ratis.grpc.server.GrpcServerProtocolService$ServerRequestStreamObserver.onError(GrpcServerProtocolService.java:121)
	at org.apache.ratis.thirdparty.io.grpc.stub.ServerCalls$StreamingServerCallHandler$StreamingServerCallListener.onCancel(ServerCalls.java:269)
	at org.apache.ratis.thirdparty.io.grpc.internal.ServerCallImpl$ServerStreamListenerImpl.closed(ServerCallImpl.java:293)
	at org.apache.ratis.thirdparty.io.grpc.internal.ServerImpl$JumpToApplicationThreadServerStreamListener$1Closed.runInContext(ServerImpl.java:741)
	at org.apache.ratis.thirdparty.io.grpc.internal.ContextRunnable.run(ContextRunnable.java:37)
	at org.apache.ratis.thirdparty.io.grpc.internal.SerializingExecutor.run(SerializingExecutor.java:123)
	at java.util.concurrent.ThreadPoolExecutor.runWorker(ThreadPoolExecutor.java:1149)
	at java.util.concurrent.ThreadPoolExecutor$Worker.run(ThreadPoolExecutor.java:624)
	at java.lang.Thread.run(Thread.java:748)

]]></system-err>
  </testcase>
</testsuite>