<?xml version="1.0" encoding="UTF-8"?>
<testsuite xmlns:xsi="http://www.w3.org/2001/XMLSchema-instance" xsi:noNamespaceSchemaLocation="https://maven.apache.org/surefire/maven-surefire-plugin/xsd/surefire-test-report.xsd" name="org.apache.hadoop.ozone.client.rpc.TestDeleteWithSlowFollower" time="133.039" tests="1" errors="0" skipped="0" failures="1">
  <properties>
    <property name="awt.toolkit" value="sun.awt.X11.XToolkit"/>
    <property name="file.encoding.pkg" value="sun.io"/>
    <property name="java.specification.version" value="1.8"/>
    <property name="sun.cpu.isalist" value=""/>
    <property name="sun.jnu.encoding" value="ANSI_X3.4-1968"/>
    <property name="java.class.path" value="/workdir/hadoop-ozone/integration-test/target/test-classes:/workdir/hadoop-ozone/integration-test/target/classes:/home/user/.m2/repository/org/apache/hadoop/hadoop-ozone-common/0.5.0-SNAPSHOT/hadoop-ozone-common-0.5.0-SNAPSHOT.jar:/home/user/.m2/repository/org/apache/commons/commons-compress/1.4.1/commons-compress-1.4.1.jar:/home/user/.m2/repository/org/tukaani/xz/1.0/xz-1.0.jar:/home/user/.m2/repository/org/apache/hadoop/hadoop-common/3.2.0/hadoop-common-3.2.0.jar:/home/user/.m2/repository/org/apache/hadoop/hadoop-hdfs/3.2.0/hadoop-hdfs-3.2.0.jar:/home/user/.m2/repository/org/apache/hadoop/hadoop-hdfs-client/3.2.0/hadoop-hdfs-client-3.2.0.jar:/home/user/.m2/repository/com/fasterxml/jackson/core/jackson-annotations/2.9.9/jackson-annotations-2.9.9.jar:/home/user/.m2/repository/org/apache/hadoop/hadoop-hdds-common/0.5.0-SNAPSHOT/hadoop-hdds-common-0.5.0-SNAPSHOT.jar:/home/user/.m2/repository/javax/annotation/javax.annotation-api/1.2/javax.annotation-api-1.2.jar:/home/user/.m2/repository/org/apache/ratis/ratis-server/0.5.0-3f446aa-SNAPSHOT/ratis-server-0.5.0-3f446aa-SNAPSHOT.jar:/home/user/.m2/repository/org/apache/ratis/ratis-thirdparty-misc/0.2.0/ratis-thirdparty-misc-0.2.0.jar:/home/user/.m2/repository/org/apache/ratis/ratis-proto/0.5.0-3f446aa-SNAPSHOT/ratis-proto-0.5.0-3f446aa-SNAPSHOT.jar:/home/user/.m2/repository/org/apache/ratis/ratis-common/0.5.0-3f446aa-SNAPSHOT/ratis-common-0.5.0-3f446aa-SNAPSHOT.jar:/home/user/.m2/repository/org/apache/ratis/ratis-client/0.5.0-3f446aa-SNAPSHOT/ratis-client-0.5.0-3f446aa-SNAPSHOT.jar:/home/user/.m2/repository/org/apache/ratis/ratis-metrics/0.5.0-3f446aa-SNAPSHOT/ratis-metrics-0.5.0-3f446aa-SNAPSHOT.jar:/home/user/.m2/repository/com/github/joshelser/dropwizard-metrics-hadoop-metrics2-reporter/0.1.2/dropwizard-metrics-hadoop-metrics2-reporter-0.1.2.jar:/home/user/.m2/repository/io/dropwizard/metrics/metrics-jvm/3.2.5/metrics-jvm-3.2.5.jar:/home/user/.m2/repository/io/dropwizard/metrics/metrics-ganglia/3.2.5/metrics-ganglia-3.2.5.jar:/home/user/.m2/repository/info/ganglia/gmetric4j/gmetric4j/1.0.7/gmetric4j-1.0.7.jar:/home/user/.m2/repository/org/apache/ratis/ratis-netty/0.5.0-3f446aa-SNAPSHOT/ratis-netty-0.5.0-3f446aa-SNAPSHOT.jar:/home/user/.m2/repository/org/apache/ratis/ratis-grpc/0.5.0-3f446aa-SNAPSHOT/ratis-grpc-0.5.0-3f446aa-SNAPSHOT.jar:/home/user/.m2/repository/org/rocksdb/rocksdbjni/6.0.1/rocksdbjni-6.0.1.jar:/home/user/.m2/repository/org/apache/logging/log4j/log4j-api/2.11.0/log4j-api-2.11.0.jar:/home/user/.m2/repository/org/apache/logging/log4j/log4j-core/2.11.0/log4j-core-2.11.0.jar:/home/user/.m2/repository/com/lmax/disruptor/3.4.2/disruptor-3.4.2.jar:/home/user/.m2/repository/org/apache/commons/commons-pool2/2.6.0/commons-pool2-2.6.0.jar:/home/user/.m2/repository/org/bouncycastle/bcpkix-jdk15on/1.60/bcpkix-jdk15on-1.60.jar:/home/user/.m2/repository/commons-validator/commons-validator/1.6/commons-validator-1.6.jar:/home/user/.m2/repository/commons-digester/commons-digester/1.8.1/commons-digester-1.8.1.jar:/home/user/.m2/repository/io/jaegertracing/jaeger-client/0.34.0/jaeger-client-0.34.0.jar:/home/user/.m2/repository/io/jaegertracing/jaeger-thrift/0.34.0/jaeger-thrift-0.34.0.jar:/home/user/.m2/repository/org/apache/thrift/libthrift/0.12.0/libthrift-0.12.0.jar:/home/user/.m2/repository/com/squareup/okhttp3/okhttp/3.9.0/okhttp-3.9.0.jar:/home/user/.m2/repository/com/squareup/okio/okio/1.13.0/okio-1.13.0.jar:/home/user/.m2/repository/io/jaegertracing/jaeger-core/0.34.0/jaeger-core-0.34.0.jar:/home/user/.m2/repository/io/jaegertracing/jaeger-tracerresolver/0.34.0/jaeger-tracerresolver-0.34.0.jar:/home/user/.m2/repository/io/opentracing/contrib/opentracing-tracerresolver/0.1.5/opentracing-tracerresolver-0.1.5.jar:/home/user/.m2/repository/io/opentracing/opentracing-util/0.31.0/opentracing-util-0.31.0.jar:/home/user/.m2/repository/io/opentracing/opentracing-api/0.31.0/opentracing-api-0.31.0.jar:/home/user/.m2/repository/io/opentracing/opentracing-noop/0.31.0/opentracing-noop-0.31.0.jar:/home/user/.m2/repository/org/apache/hadoop/hadoop-hdds-server-framework/0.5.0-SNAPSHOT/hadoop-hdds-server-framework-0.5.0-SNAPSHOT.jar:/home/user/.m2/repository/org/apache/hadoop/hadoop-hdds-container-service/0.5.0-SNAPSHOT/hadoop-hdds-container-service-0.5.0-SNAPSHOT.jar:/home/user/.m2/repository/org/apache/hadoop/hadoop-hdds-client/0.5.0-SNAPSHOT/hadoop-hdds-client-0.5.0-SNAPSHOT.jar:/home/user/.m2/repository/org/apache/hadoop/hadoop-hdds-tools/0.5.0-SNAPSHOT/hadoop-hdds-tools-0.5.0-SNAPSHOT.jar:/home/user/.m2/repository/org/apache/hadoop/hadoop-hdds-server-scm/0.5.0-SNAPSHOT/hadoop-hdds-server-scm-0.5.0-SNAPSHOT.jar:/home/user/.m2/repository/org/apache/hadoop/hadoop-hdds-docs/0.5.0-SNAPSHOT/hadoop-hdds-docs-0.5.0-SNAPSHOT.jar:/home/user/.m2/repository/io/dropwizard/metrics/metrics-core/3.2.4/metrics-core-3.2.4.jar:/home/user/.m2/repository/org/hamcrest/hamcrest-all/1.3/hamcrest-all-1.3.jar:/home/user/.m2/repository/org/bouncycastle/bcprov-jdk15on/1.60/bcprov-jdk15on-1.60.jar:/home/user/.m2/repository/info/picocli/picocli/3.9.6/picocli-3.9.6.jar:/home/user/.m2/repository/com/google/protobuf/protobuf-java/2.5.0/protobuf-java-2.5.0.jar:/home/user/.m2/repository/com/google/guava/guava/11.0.2/guava-11.0.2.jar:/home/user/.m2/repository/org/apache/hadoop/hadoop-ozone-ozone-manager/0.5.0-SNAPSHOT/hadoop-ozone-ozone-manager-0.5.0-SNAPSHOT.jar:/home/user/.m2/repository/org/apache/hadoop/hadoop-minikdc/3.2.0/hadoop-minikdc-3.2.0.jar:/home/user/.m2/repository/commons-io/commons-io/2.5/commons-io-2.5.jar:/home/user/.m2/repository/org/apache/kerby/kerb-simplekdc/1.0.1/kerb-simplekdc-1.0.1.jar:/home/user/.m2/repository/org/apache/kerby/kerb-client/1.0.1/kerb-client-1.0.1.jar:/home/user/.m2/repository/org/apache/kerby/kerby-config/1.0.1/kerby-config-1.0.1.jar:/home/user/.m2/repository/org/apache/kerby/kerb-core/1.0.1/kerb-core-1.0.1.jar:/home/user/.m2/repository/org/apache/kerby/kerby-pkix/1.0.1/kerby-pkix-1.0.1.jar:/home/user/.m2/repository/org/apache/kerby/kerby-asn1/1.0.1/kerby-asn1-1.0.1.jar:/home/user/.m2/repository/org/apache/kerby/kerby-util/1.0.1/kerby-util-1.0.1.jar:/home/user/.m2/repository/org/apache/kerby/kerb-common/1.0.1/kerb-common-1.0.1.jar:/home/user/.m2/repository/org/apache/kerby/kerb-crypto/1.0.1/kerb-crypto-1.0.1.jar:/home/user/.m2/repository/org/apache/kerby/kerb-util/1.0.1/kerb-util-1.0.1.jar:/home/user/.m2/repository/org/apache/kerby/token-provider/1.0.1/token-provider-1.0.1.jar:/home/user/.m2/repository/org/apache/kerby/kerb-admin/1.0.1/kerb-admin-1.0.1.jar:/home/user/.m2/repository/org/apache/kerby/kerb-server/1.0.1/kerb-server-1.0.1.jar:/home/user/.m2/repository/org/apache/kerby/kerb-identity/1.0.1/kerb-identity-1.0.1.jar:/home/user/.m2/repository/org/apache/kerby/kerby-xdr/1.0.1/kerby-xdr-1.0.1.jar:/home/user/.m2/repository/org/slf4j/slf4j-log4j12/1.7.25/slf4j-log4j12-1.7.25.jar:/home/user/.m2/repository/org/apache/hadoop/hadoop-ozone-s3gateway/0.5.0-SNAPSHOT/hadoop-ozone-s3gateway-0.5.0-SNAPSHOT.jar:/home/user/.m2/repository/org/jboss/weld/servlet/weld-servlet/2.4.7.Final/weld-servlet-2.4.7.Final.jar:/home/user/.m2/repository/org/glassfish/jersey/containers/jersey-container-servlet-core/2.27/jersey-container-servlet-core-2.27.jar:/home/user/.m2/repository/org/glassfish/hk2/external/javax.inject/2.5.0-b42/javax.inject-2.5.0-b42.jar:/home/user/.m2/repository/org/glassfish/jersey/core/jersey-common/2.27/jersey-common-2.27.jar:/home/user/.m2/repository/org/glassfish/hk2/osgi-resource-locator/1.0.1/osgi-resource-locator-1.0.1.jar:/home/user/.m2/repository/javax/ws/rs/javax.ws.rs-api/2.1/javax.ws.rs-api-2.1.jar:/home/user/.m2/repository/org/glassfish/jersey/ext/cdi/jersey-cdi1x/2.27/jersey-cdi1x-2.27.jar:/home/user/.m2/repository/org/glassfish/jersey/inject/jersey-hk2/2.27/jersey-hk2-2.27.jar:/home/user/.m2/repository/org/glassfish/hk2/hk2-locator/2.5.0-b42/hk2-locator-2.5.0-b42.jar:/home/user/.m2/repository/org/javassist/javassist/3.22.0-CR2/javassist-3.22.0-CR2.jar:/home/user/.m2/repository/org/glassfish/hk2/hk2-api/2.5.0/hk2-api-2.5.0.jar:/home/user/.m2/repository/org/glassfish/hk2/external/jakarta.inject/2.5.0/jakarta.inject-2.5.0.jar:/home/user/.m2/repository/org/glassfish/hk2/hk2-utils/2.5.0/hk2-utils-2.5.0.jar:/home/user/.m2/repository/jakarta/annotation/jakarta.annotation-api/1.3.4/jakarta.annotation-api-1.3.4.jar:/home/user/.m2/repository/org/glassfish/hk2/external/aopalliance-repackaged/2.5.0/aopalliance-repackaged-2.5.0.jar:/home/user/.m2/repository/com/fasterxml/jackson/dataformat/jackson-dataformat-xml/2.9.0/jackson-dataformat-xml-2.9.0.jar:/home/user/.m2/repository/com/fasterxml/jackson/core/jackson-core/2.9.9/jackson-core-2.9.9.jar:/home/user/.m2/repository/com/fasterxml/jackson/module/jackson-module-jaxb-annotations/2.9.9/jackson-module-jaxb-annotations-2.9.9.jar:/home/user/.m2/repository/javax/enterprise/cdi-api/1.2/cdi-api-1.2.jar:/home/user/.m2/repository/javax/el/javax.el-api/3.0.0/javax.el-api-3.0.0.jar:/home/user/.m2/repository/javax/interceptor/javax.interceptor-api/1.2/javax.interceptor-api-1.2.jar:/home/user/.m2/repository/javax/inject/javax.inject/1/javax.inject-1.jar:/home/user/.m2/repository/com/sun/xml/bind/jaxb-impl/2.3.0.1/jaxb-impl-2.3.0.1.jar:/home/user/.m2/repository/com/sun/xml/bind/jaxb-core/2.3.0.1/jaxb-core-2.3.0.1.jar:/home/user/.m2/repository/javax/xml/bind/jaxb-api/2.3.0/jaxb-api-2.3.0.jar:/home/user/.m2/repository/javax/activation/activation/1.1.1/activation-1.1.1.jar:/home/user/.m2/repository/org/apache/hadoop/hadoop-ozone-csi/0.5.0-SNAPSHOT/hadoop-ozone-csi-0.5.0-SNAPSHOT.jar:/home/user/.m2/repository/com/google/protobuf/protobuf-java-util/3.5.1/protobuf-java-util-3.5.1.jar:/home/user/.m2/repository/org/apache/hadoop/hadoop-hdds-config/0.5.0-SNAPSHOT/hadoop-hdds-config-0.5.0-SNAPSHOT.jar:/home/user/.m2/repository/io/grpc/grpc-netty/1.17.1/grpc-netty-1.17.1.jar:/home/user/.m2/repository/io/grpc/grpc-core/1.17.1/grpc-core-1.17.1.jar:/home/user/.m2/repository/io/grpc/grpc-context/1.17.1/grpc-context-1.17.1.jar:/home/user/.m2/repository/com/google/errorprone/error_prone_annotations/2.2.0/error_prone_annotations-2.2.0.jar:/home/user/.m2/repository/org/codehaus/mojo/animal-sniffer-annotations/1.17/animal-sniffer-annotations-1.17.jar:/home/user/.m2/repository/io/opencensus/opencensus-api/0.17.0/opencensus-api-0.17.0.jar:/home/user/.m2/repository/io/opencensus/opencensus-contrib-grpc-metrics/0.17.0/opencensus-contrib-grpc-metrics-0.17.0.jar:/home/user/.m2/repository/io/netty/netty-codec-http2/4.1.30.Final/netty-codec-http2-4.1.30.Final.jar:/home/user/.m2/repository/io/netty/netty-codec-http/4.1.30.Final/netty-codec-http-4.1.30.Final.jar:/home/user/.m2/repository/io/netty/netty-codec/4.1.30.Final/netty-codec-4.1.30.Final.jar:/home/user/.m2/repository/io/netty/netty-handler/4.1.30.Final/netty-handler-4.1.30.Final.jar:/home/user/.m2/repository/io/netty/netty-handler-proxy/4.1.30.Final/netty-handler-proxy-4.1.30.Final.jar:/home/user/.m2/repository/io/netty/netty-codec-socks/4.1.30.Final/netty-codec-socks-4.1.30.Final.jar:/home/user/.m2/repository/io/netty/netty-transport-native-epoll/4.1.30.Final/netty-transport-native-epoll-4.1.30.Final.jar:/home/user/.m2/repository/io/netty/netty-common/4.1.30.Final/netty-common-4.1.30.Final.jar:/home/user/.m2/repository/io/netty/netty-buffer/4.1.30.Final/netty-buffer-4.1.30.Final.jar:/home/user/.m2/repository/io/netty/netty-transport/4.1.30.Final/netty-transport-4.1.30.Final.jar:/home/user/.m2/repository/io/netty/netty-resolver/4.1.30.Final/netty-resolver-4.1.30.Final.jar:/home/user/.m2/repository/io/netty/netty-transport-native-unix-common/4.1.30.Final/netty-transport-native-unix-common-4.1.30.Final.jar:/home/user/.m2/repository/io/grpc/grpc-protobuf/1.17.1/grpc-protobuf-1.17.1.jar:/home/user/.m2/repository/com/google/api/grpc/proto-google-common-protos/1.0.0/proto-google-common-protos-1.0.0.jar:/home/user/.m2/repository/io/grpc/grpc-protobuf-lite/1.17.1/grpc-protobuf-lite-1.17.1.jar:/home/user/.m2/repository/io/grpc/grpc-stub/1.17.1/grpc-stub-1.17.1.jar:/home/user/.m2/repository/org/apache/hadoop/hadoop-ozone-recon/0.5.0-SNAPSHOT/hadoop-ozone-recon-0.5.0-SNAPSHOT.jar:/home/user/.m2/repository/org/apache/hadoop/hadoop-ozone-reconcodegen/0.5.0-SNAPSHOT/hadoop-ozone-reconcodegen-0.5.0-SNAPSHOT.jar:/home/user/.m2/repository/com/google/inject/extensions/guice-multibindings/4.0/guice-multibindings-4.0.jar:/home/user/.m2/repository/com/google/inject/guice/4.0/guice-4.0.jar:/home/user/.m2/repository/aopalliance/aopalliance/1.0/aopalliance-1.0.jar:/home/user/.m2/repository/com/google/inject/extensions/guice-servlet/4.0/guice-servlet-4.0.jar:/home/user/.m2/repository/org/glassfish/jersey/containers/jersey-container-servlet/2.27/jersey-container-servlet-2.27.jar:/home/user/.m2/repository/org/glassfish/hk2/guice-bridge/2.5.0/guice-bridge-2.5.0.jar:/home/user/.m2/repository/org/glassfish/jersey/core/jersey-server/2.27/jersey-server-2.27.jar:/home/user/.m2/repository/org/glassfish/jersey/core/jersey-client/2.27/jersey-client-2.27.jar:/home/user/.m2/repository/org/glassfish/jersey/media/jersey-media-jaxb/2.27/jersey-media-jaxb-2.27.jar:/home/user/.m2/repository/javax/validation/validation-api/1.1.0.Final/validation-api-1.1.0.Final.jar:/home/user/.m2/repository/org/glassfish/jersey/media/jersey-media-json-jackson/2.27/jersey-media-json-jackson-2.27.jar:/home/user/.m2/repository/org/glassfish/jersey/ext/jersey-entity-filtering/2.27/jersey-entity-filtering-2.27.jar:/home/user/.m2/repository/com/google/inject/extensions/guice-assistedinject/4.0/guice-assistedinject-4.0.jar:/home/user/.m2/repository/org/jooq/jooq/3.11.10/jooq-3.11.10.jar:/home/user/.m2/repository/org/jooq/jooq-meta/3.11.10/jooq-meta-3.11.10.jar:/home/user/.m2/repository/org/jooq/jooq-codegen/3.11.10/jooq-codegen-3.11.10.jar:/home/user/.m2/repository/com/jolbox/bonecp/0.8.0.RELEASE/bonecp-0.8.0.RELEASE.jar:/home/user/.m2/repository/org/xerial/sqlite-jdbc/3.25.2/sqlite-jdbc-3.25.2.jar:/home/user/.m2/repository/org/springframework/spring-jdbc/5.1.3.RELEASE/spring-jdbc-5.1.3.RELEASE.jar:/home/user/.m2/repository/org/springframework/spring-beans/5.1.3.RELEASE/spring-beans-5.1.3.RELEASE.jar:/home/user/.m2/repository/org/springframework/spring-core/5.1.3.RELEASE/spring-core-5.1.3.RELEASE.jar:/home/user/.m2/repository/org/springframework/spring-jcl/5.1.3.RELEASE/spring-jcl-5.1.3.RELEASE.jar:/home/user/.m2/repository/org/springframework/spring-tx/5.1.3.RELEASE/spring-tx-5.1.3.RELEASE.jar:/home/user/.m2/repository/org/apache/hadoop/hadoop-ozone-client/0.5.0-SNAPSHOT/hadoop-ozone-client-0.5.0-SNAPSHOT.jar:/home/user/.m2/repository/commons-lang/commons-lang/2.6/commons-lang-2.6.jar:/home/user/.m2/repository/org/apache/hadoop/hadoop-ozone-ozone-manager/0.5.0-SNAPSHOT/hadoop-ozone-ozone-manager-0.5.0-SNAPSHOT-tests.jar:/home/user/.m2/repository/junit/junit/4.11/junit-4.11.jar:/home/user/.m2/repository/org/hamcrest/hamcrest-core/1.3/hamcrest-core-1.3.jar:/home/user/.m2/repository/org/openjdk/jmh/jmh-core/1.19/jmh-core-1.19.jar:/home/user/.m2/repository/net/sf/jopt-simple/jopt-simple/4.6/jopt-simple-4.6.jar:/home/user/.m2/repository/org/apache/commons/commons-math3/3.1.1/commons-math3-3.1.1.jar:/home/user/.m2/repository/org/openjdk/jmh/jmh-generator-annprocess/1.19/jmh-generator-annprocess-1.19.jar:/home/user/.m2/repository/org/mockito/mockito-all/1.8.5/mockito-all-1.8.5.jar:/home/user/.m2/repository/org/apache/hadoop/hadoop-kms/3.2.0/hadoop-kms-3.2.0.jar:/home/user/.m2/repository/org/apache/hadoop/hadoop-auth/3.2.0/hadoop-auth-3.2.0.jar:/home/user/.m2/repository/com/nimbusds/nimbus-jose-jwt/4.41.1/nimbus-jose-jwt-4.41.1.jar:/home/user/.m2/repository/com/github/stephenc/jcip/jcip-annotations/1.0-1/jcip-annotations-1.0-1.jar:/home/user/.m2/repository/net/minidev/json-smart/2.3/json-smart-2.3.jar:/home/user/.m2/repository/net/minidev/accessors-smart/1.2/accessors-smart-1.2.jar:/home/user/.m2/repository/org/ow2/asm/asm/5.0.4/asm-5.0.4.jar:/home/user/.m2/repository/org/apache/curator/curator-framework/2.12.0/curator-framework-2.12.0.jar:/home/user/.m2/repository/com/sun/jersey/jersey-core/1.19/jersey-core-1.19.jar:/home/user/.m2/repository/javax/ws/rs/jsr311-api/1.1.1/jsr311-api-1.1.1.jar:/home/user/.m2/repository/com/sun/jersey/jersey-server/1.19/jersey-server-1.19.jar:/home/user/.m2/repository/javax/servlet/javax.servlet-api/3.1.0/javax.servlet-api-3.1.0.jar:/home/user/.m2/repository/org/eclipse/jetty/jetty-server/9.3.25.v20180904/jetty-server-9.3.25.v20180904.jar:/home/user/.m2/repository/org/eclipse/jetty/jetty-http/9.3.25.v20180904/jetty-http-9.3.25.v20180904.jar:/home/user/.m2/repository/org/eclipse/jetty/jetty-io/9.3.25.v20180904/jetty-io-9.3.25.v20180904.jar:/home/user/.m2/repository/org/eclipse/jetty/jetty-webapp/9.3.25.v20180904/jetty-webapp-9.3.25.v20180904.jar:/home/user/.m2/repository/org/eclipse/jetty/jetty-xml/9.3.25.v20180904/jetty-xml-9.3.25.v20180904.jar:/home/user/.m2/repository/log4j/log4j/1.2.17/log4j-1.2.17.jar:/home/user/.m2/repository/org/slf4j/slf4j-api/1.7.25/slf4j-api-1.7.25.jar:/home/user/.m2/repository/org/slf4j/jul-to-slf4j/1.7.25/jul-to-slf4j-1.7.25.jar:/home/user/.m2/repository/org/eclipse/jetty/jetty-util/9.3.25.v20180904/jetty-util-9.3.25.v20180904.jar:/home/user/.m2/repository/com/fasterxml/jackson/core/jackson-databind/2.9.9/jackson-databind-2.9.9.jar:/home/user/.m2/repository/org/apache/hadoop/hadoop-kms/3.2.0/hadoop-kms-3.2.0-tests.jar:/home/user/.m2/repository/org/apache/hadoop/hadoop-hdds-server-scm/0.5.0-SNAPSHOT/hadoop-hdds-server-scm-0.5.0-SNAPSHOT-tests.jar:/home/user/.m2/repository/org/apache/hadoop/hadoop-hdds-container-service/0.5.0-SNAPSHOT/hadoop-hdds-container-service-0.5.0-SNAPSHOT-tests.jar:/home/user/.m2/repository/org/yaml/snakeyaml/1.16/snakeyaml-1.16.jar:/home/user/.m2/repository/org/apache/hadoop/hadoop-common/3.2.0/hadoop-common-3.2.0-tests.jar:/home/user/.m2/repository/org/apache/hadoop/hadoop-annotations/3.2.0/hadoop-annotations-3.2.0.jar:/usr/lib/jvm/java-1.8.0-openjdk-1.8.0.222.b10-1.el7_7.x86_64/jre/../lib/tools.jar:/home/user/.m2/repository/commons-cli/commons-cli/1.2/commons-cli-1.2.jar:/home/user/.m2/repository/org/apache/httpcomponents/httpclient/4.5.2/httpclient-4.5.2.jar:/home/user/.m2/repository/org/apache/httpcomponents/httpcore/4.4.4/httpcore-4.4.4.jar:/home/user/.m2/repository/commons-codec/commons-codec/1.11/commons-codec-1.11.jar:/home/user/.m2/repository/commons-net/commons-net/3.6/commons-net-3.6.jar:/home/user/.m2/repository/commons-collections/commons-collections/3.2.2/commons-collections-3.2.2.jar:/home/user/.m2/repository/org/eclipse/jetty/jetty-servlet/9.3.25.v20180904/jetty-servlet-9.3.25.v20180904.jar:/home/user/.m2/repository/org/eclipse/jetty/jetty-security/9.3.25.v20180904/jetty-security-9.3.25.v20180904.jar:/home/user/.m2/repository/javax/servlet/jsp/jsp-api/2.1/jsp-api-2.1.jar:/home/user/.m2/repository/com/sun/jersey/jersey-servlet/1.19/jersey-servlet-1.19.jar:/home/user/.m2/repository/com/sun/jersey/jersey-json/1.19/jersey-json-1.19.jar:/home/user/.m2/repository/org/codehaus/jettison/jettison/1.1/jettison-1.1.jar:/home/user/.m2/repository/org/codehaus/jackson/jackson-core-asl/1.9.13/jackson-core-asl-1.9.13.jar:/home/user/.m2/repository/org/codehaus/jackson/jackson-mapper-asl/1.9.13/jackson-mapper-asl-1.9.13.jar:/home/user/.m2/repository/org/codehaus/jackson/jackson-jaxrs/1.9.13/jackson-jaxrs-1.9.13.jar:/home/user/.m2/repository/org/codehaus/jackson/jackson-xc/1.9.13/jackson-xc-1.9.13.jar:/home/user/.m2/repository/commons-logging/commons-logging/1.1.3/commons-logging-1.1.3.jar:/home/user/.m2/repository/commons-beanutils/commons-beanutils/1.9.4/commons-beanutils-1.9.4.jar:/home/user/.m2/repository/org/apache/commons/commons-configuration2/2.1.1/commons-configuration2-2.1.1.jar:/home/user/.m2/repository/org/apache/commons/commons-lang3/3.7/commons-lang3-3.7.jar:/home/user/.m2/repository/org/apache/commons/commons-text/1.4/commons-text-1.4.jar:/home/user/.m2/repository/org/apache/avro/avro/1.7.7/avro-1.7.7.jar:/home/user/.m2/repository/com/thoughtworks/paranamer/paranamer/2.3/paranamer-2.3.jar:/home/user/.m2/repository/org/xerial/snappy/snappy-java/1.0.5/snappy-java-1.0.5.jar:/home/user/.m2/repository/com/google/re2j/re2j/1.1/re2j-1.1.jar:/home/user/.m2/repository/com/google/code/gson/gson/2.2.4/gson-2.2.4.jar:/home/user/.m2/repository/com/jcraft/jsch/0.1.54/jsch-0.1.54.jar:/home/user/.m2/repository/org/apache/curator/curator-client/2.12.0/curator-client-2.12.0.jar:/home/user/.m2/repository/org/apache/curator/curator-recipes/2.12.0/curator-recipes-2.12.0.jar:/home/user/.m2/repository/com/google/code/findbugs/jsr305/3.0.0/jsr305-3.0.0.jar:/home/user/.m2/repository/org/apache/htrace/htrace-core4/4.1.0-incubating/htrace-core4-4.1.0-incubating.jar:/home/user/.m2/repository/org/apache/zookeeper/zookeeper/3.4.13/zookeeper-3.4.13.jar:/home/user/.m2/repository/jline/jline/0.9.94/jline-0.9.94.jar:/home/user/.m2/repository/org/apache/yetus/audience-annotations/0.5.0/audience-annotations-0.5.0.jar:/home/user/.m2/repository/org/codehaus/woodstox/stax2-api/3.1.4/stax2-api-3.1.4.jar:/home/user/.m2/repository/com/fasterxml/woodstox/woodstox-core/5.0.3/woodstox-core-5.0.3.jar:/home/user/.m2/repository/dnsjava/dnsjava/2.1.7/dnsjava-2.1.7.jar:/home/user/.m2/repository/org/apache/hadoop/hadoop-hdfs/3.2.0/hadoop-hdfs-3.2.0-tests.jar:/home/user/.m2/repository/org/eclipse/jetty/jetty-util-ajax/9.3.25.v20180904/jetty-util-ajax-9.3.25.v20180904.jar:/home/user/.m2/repository/commons-daemon/commons-daemon/1.0.13/commons-daemon-1.0.13.jar:/home/user/.m2/repository/io/netty/netty/3.10.5.Final/netty-3.10.5.Final.jar:/home/user/.m2/repository/io/netty/netty-all/4.0.52.Final/netty-all-4.0.52.Final.jar:/home/user/.m2/repository/org/fusesource/leveldbjni/leveldbjni-all/1.8/leveldbjni-all-1.8.jar:"/>
    <property name="java.vm.vendor" value="Oracle Corporation"/>
    <property name="sun.arch.data.model" value="64"/>
    <property name="test.build.dir" value="/workdir/hadoop-ozone/integration-test/target/test-dir"/>
    <property name="test.cache.data" value=""/>
    <property name="java.vendor.url" value="http://java.oracle.com/"/>
    <property name="user.timezone" value=""/>
    <property name="java.vm.specification.version" value="1.8"/>
    <property name="os.name" value="Linux"/>
    <property name="test.build.data" value="/workdir/hadoop-ozone/integration-test/target/test-dir"/>
    <property name="user.country" value="US"/>
    <property name="sun.java.launcher" value="SUN_STANDARD"/>
    <property name="sun.boot.library.path" value="/usr/lib/jvm/java-1.8.0-openjdk-1.8.0.222.b10-1.el7_7.x86_64/jre/lib/amd64"/>
    <property name="sun.java.command" value="/workdir/hadoop-ozone/integration-test/target/surefire/surefirebooter88629274635998662.jar /workdir/hadoop-ozone/integration-test/target/surefire 2019-10-22T00-43-52_411-jvmRun1 surefire6300812686486085060tmp surefire_308259207525482626023tmp"/>
    <property name="surefire.test.class.path" value="/workdir/hadoop-ozone/integration-test/target/test-classes:/workdir/hadoop-ozone/integration-test/target/classes:/home/user/.m2/repository/org/apache/hadoop/hadoop-ozone-common/0.5.0-SNAPSHOT/hadoop-ozone-common-0.5.0-SNAPSHOT.jar:/home/user/.m2/repository/org/apache/commons/commons-compress/1.4.1/commons-compress-1.4.1.jar:/home/user/.m2/repository/org/tukaani/xz/1.0/xz-1.0.jar:/home/user/.m2/repository/org/apache/hadoop/hadoop-common/3.2.0/hadoop-common-3.2.0.jar:/home/user/.m2/repository/org/apache/hadoop/hadoop-hdfs/3.2.0/hadoop-hdfs-3.2.0.jar:/home/user/.m2/repository/org/apache/hadoop/hadoop-hdfs-client/3.2.0/hadoop-hdfs-client-3.2.0.jar:/home/user/.m2/repository/com/fasterxml/jackson/core/jackson-annotations/2.9.9/jackson-annotations-2.9.9.jar:/home/user/.m2/repository/org/apache/hadoop/hadoop-hdds-common/0.5.0-SNAPSHOT/hadoop-hdds-common-0.5.0-SNAPSHOT.jar:/home/user/.m2/repository/javax/annotation/javax.annotation-api/1.2/javax.annotation-api-1.2.jar:/home/user/.m2/repository/org/apache/ratis/ratis-server/0.5.0-3f446aa-SNAPSHOT/ratis-server-0.5.0-3f446aa-SNAPSHOT.jar:/home/user/.m2/repository/org/apache/ratis/ratis-thirdparty-misc/0.2.0/ratis-thirdparty-misc-0.2.0.jar:/home/user/.m2/repository/org/apache/ratis/ratis-proto/0.5.0-3f446aa-SNAPSHOT/ratis-proto-0.5.0-3f446aa-SNAPSHOT.jar:/home/user/.m2/repository/org/apache/ratis/ratis-common/0.5.0-3f446aa-SNAPSHOT/ratis-common-0.5.0-3f446aa-SNAPSHOT.jar:/home/user/.m2/repository/org/apache/ratis/ratis-client/0.5.0-3f446aa-SNAPSHOT/ratis-client-0.5.0-3f446aa-SNAPSHOT.jar:/home/user/.m2/repository/org/apache/ratis/ratis-metrics/0.5.0-3f446aa-SNAPSHOT/ratis-metrics-0.5.0-3f446aa-SNAPSHOT.jar:/home/user/.m2/repository/com/github/joshelser/dropwizard-metrics-hadoop-metrics2-reporter/0.1.2/dropwizard-metrics-hadoop-metrics2-reporter-0.1.2.jar:/home/user/.m2/repository/io/dropwizard/metrics/metrics-jvm/3.2.5/metrics-jvm-3.2.5.jar:/home/user/.m2/repository/io/dropwizard/metrics/metrics-ganglia/3.2.5/metrics-ganglia-3.2.5.jar:/home/user/.m2/repository/info/ganglia/gmetric4j/gmetric4j/1.0.7/gmetric4j-1.0.7.jar:/home/user/.m2/repository/org/apache/ratis/ratis-netty/0.5.0-3f446aa-SNAPSHOT/ratis-netty-0.5.0-3f446aa-SNAPSHOT.jar:/home/user/.m2/repository/org/apache/ratis/ratis-grpc/0.5.0-3f446aa-SNAPSHOT/ratis-grpc-0.5.0-3f446aa-SNAPSHOT.jar:/home/user/.m2/repository/org/rocksdb/rocksdbjni/6.0.1/rocksdbjni-6.0.1.jar:/home/user/.m2/repository/org/apache/logging/log4j/log4j-api/2.11.0/log4j-api-2.11.0.jar:/home/user/.m2/repository/org/apache/logging/log4j/log4j-core/2.11.0/log4j-core-2.11.0.jar:/home/user/.m2/repository/com/lmax/disruptor/3.4.2/disruptor-3.4.2.jar:/home/user/.m2/repository/org/apache/commons/commons-pool2/2.6.0/commons-pool2-2.6.0.jar:/home/user/.m2/repository/org/bouncycastle/bcpkix-jdk15on/1.60/bcpkix-jdk15on-1.60.jar:/home/user/.m2/repository/commons-validator/commons-validator/1.6/commons-validator-1.6.jar:/home/user/.m2/repository/commons-digester/commons-digester/1.8.1/commons-digester-1.8.1.jar:/home/user/.m2/repository/io/jaegertracing/jaeger-client/0.34.0/jaeger-client-0.34.0.jar:/home/user/.m2/repository/io/jaegertracing/jaeger-thrift/0.34.0/jaeger-thrift-0.34.0.jar:/home/user/.m2/repository/org/apache/thrift/libthrift/0.12.0/libthrift-0.12.0.jar:/home/user/.m2/repository/com/squareup/okhttp3/okhttp/3.9.0/okhttp-3.9.0.jar:/home/user/.m2/repository/com/squareup/okio/okio/1.13.0/okio-1.13.0.jar:/home/user/.m2/repository/io/jaegertracing/jaeger-core/0.34.0/jaeger-core-0.34.0.jar:/home/user/.m2/repository/io/jaegertracing/jaeger-tracerresolver/0.34.0/jaeger-tracerresolver-0.34.0.jar:/home/user/.m2/repository/io/opentracing/contrib/opentracing-tracerresolver/0.1.5/opentracing-tracerresolver-0.1.5.jar:/home/user/.m2/repository/io/opentracing/opentracing-util/0.31.0/opentracing-util-0.31.0.jar:/home/user/.m2/repository/io/opentracing/opentracing-api/0.31.0/opentracing-api-0.31.0.jar:/home/user/.m2/repository/io/opentracing/opentracing-noop/0.31.0/opentracing-noop-0.31.0.jar:/home/user/.m2/repository/org/apache/hadoop/hadoop-hdds-server-framework/0.5.0-SNAPSHOT/hadoop-hdds-server-framework-0.5.0-SNAPSHOT.jar:/home/user/.m2/repository/org/apache/hadoop/hadoop-hdds-container-service/0.5.0-SNAPSHOT/hadoop-hdds-container-service-0.5.0-SNAPSHOT.jar:/home/user/.m2/repository/org/apache/hadoop/hadoop-hdds-client/0.5.0-SNAPSHOT/hadoop-hdds-client-0.5.0-SNAPSHOT.jar:/home/user/.m2/repository/org/apache/hadoop/hadoop-hdds-tools/0.5.0-SNAPSHOT/hadoop-hdds-tools-0.5.0-SNAPSHOT.jar:/home/user/.m2/repository/org/apache/hadoop/hadoop-hdds-server-scm/0.5.0-SNAPSHOT/hadoop-hdds-server-scm-0.5.0-SNAPSHOT.jar:/home/user/.m2/repository/org/apache/hadoop/hadoop-hdds-docs/0.5.0-SNAPSHOT/hadoop-hdds-docs-0.5.0-SNAPSHOT.jar:/home/user/.m2/repository/io/dropwizard/metrics/metrics-core/3.2.4/metrics-core-3.2.4.jar:/home/user/.m2/repository/org/hamcrest/hamcrest-all/1.3/hamcrest-all-1.3.jar:/home/user/.m2/repository/org/bouncycastle/bcprov-jdk15on/1.60/bcprov-jdk15on-1.60.jar:/home/user/.m2/repository/info/picocli/picocli/3.9.6/picocli-3.9.6.jar:/home/user/.m2/repository/com/google/protobuf/protobuf-java/2.5.0/protobuf-java-2.5.0.jar:/home/user/.m2/repository/com/google/guava/guava/11.0.2/guava-11.0.2.jar:/home/user/.m2/repository/org/apache/hadoop/hadoop-ozone-ozone-manager/0.5.0-SNAPSHOT/hadoop-ozone-ozone-manager-0.5.0-SNAPSHOT.jar:/home/user/.m2/repository/org/apache/hadoop/hadoop-minikdc/3.2.0/hadoop-minikdc-3.2.0.jar:/home/user/.m2/repository/commons-io/commons-io/2.5/commons-io-2.5.jar:/home/user/.m2/repository/org/apache/kerby/kerb-simplekdc/1.0.1/kerb-simplekdc-1.0.1.jar:/home/user/.m2/repository/org/apache/kerby/kerb-client/1.0.1/kerb-client-1.0.1.jar:/home/user/.m2/repository/org/apache/kerby/kerby-config/1.0.1/kerby-config-1.0.1.jar:/home/user/.m2/repository/org/apache/kerby/kerb-core/1.0.1/kerb-core-1.0.1.jar:/home/user/.m2/repository/org/apache/kerby/kerby-pkix/1.0.1/kerby-pkix-1.0.1.jar:/home/user/.m2/repository/org/apache/kerby/kerby-asn1/1.0.1/kerby-asn1-1.0.1.jar:/home/user/.m2/repository/org/apache/kerby/kerby-util/1.0.1/kerby-util-1.0.1.jar:/home/user/.m2/repository/org/apache/kerby/kerb-common/1.0.1/kerb-common-1.0.1.jar:/home/user/.m2/repository/org/apache/kerby/kerb-crypto/1.0.1/kerb-crypto-1.0.1.jar:/home/user/.m2/repository/org/apache/kerby/kerb-util/1.0.1/kerb-util-1.0.1.jar:/home/user/.m2/repository/org/apache/kerby/token-provider/1.0.1/token-provider-1.0.1.jar:/home/user/.m2/repository/org/apache/kerby/kerb-admin/1.0.1/kerb-admin-1.0.1.jar:/home/user/.m2/repository/org/apache/kerby/kerb-server/1.0.1/kerb-server-1.0.1.jar:/home/user/.m2/repository/org/apache/kerby/kerb-identity/1.0.1/kerb-identity-1.0.1.jar:/home/user/.m2/repository/org/apache/kerby/kerby-xdr/1.0.1/kerby-xdr-1.0.1.jar:/home/user/.m2/repository/org/slf4j/slf4j-log4j12/1.7.25/slf4j-log4j12-1.7.25.jar:/home/user/.m2/repository/org/apache/hadoop/hadoop-ozone-s3gateway/0.5.0-SNAPSHOT/hadoop-ozone-s3gateway-0.5.0-SNAPSHOT.jar:/home/user/.m2/repository/org/jboss/weld/servlet/weld-servlet/2.4.7.Final/weld-servlet-2.4.7.Final.jar:/home/user/.m2/repository/org/glassfish/jersey/containers/jersey-container-servlet-core/2.27/jersey-container-servlet-core-2.27.jar:/home/user/.m2/repository/org/glassfish/hk2/external/javax.inject/2.5.0-b42/javax.inject-2.5.0-b42.jar:/home/user/.m2/repository/org/glassfish/jersey/core/jersey-common/2.27/jersey-common-2.27.jar:/home/user/.m2/repository/org/glassfish/hk2/osgi-resource-locator/1.0.1/osgi-resource-locator-1.0.1.jar:/home/user/.m2/repository/javax/ws/rs/javax.ws.rs-api/2.1/javax.ws.rs-api-2.1.jar:/home/user/.m2/repository/org/glassfish/jersey/ext/cdi/jersey-cdi1x/2.27/jersey-cdi1x-2.27.jar:/home/user/.m2/repository/org/glassfish/jersey/inject/jersey-hk2/2.27/jersey-hk2-2.27.jar:/home/user/.m2/repository/org/glassfish/hk2/hk2-locator/2.5.0-b42/hk2-locator-2.5.0-b42.jar:/home/user/.m2/repository/org/javassist/javassist/3.22.0-CR2/javassist-3.22.0-CR2.jar:/home/user/.m2/repository/org/glassfish/hk2/hk2-api/2.5.0/hk2-api-2.5.0.jar:/home/user/.m2/repository/org/glassfish/hk2/external/jakarta.inject/2.5.0/jakarta.inject-2.5.0.jar:/home/user/.m2/repository/org/glassfish/hk2/hk2-utils/2.5.0/hk2-utils-2.5.0.jar:/home/user/.m2/repository/jakarta/annotation/jakarta.annotation-api/1.3.4/jakarta.annotation-api-1.3.4.jar:/home/user/.m2/repository/org/glassfish/hk2/external/aopalliance-repackaged/2.5.0/aopalliance-repackaged-2.5.0.jar:/home/user/.m2/repository/com/fasterxml/jackson/dataformat/jackson-dataformat-xml/2.9.0/jackson-dataformat-xml-2.9.0.jar:/home/user/.m2/repository/com/fasterxml/jackson/core/jackson-core/2.9.9/jackson-core-2.9.9.jar:/home/user/.m2/repository/com/fasterxml/jackson/module/jackson-module-jaxb-annotations/2.9.9/jackson-module-jaxb-annotations-2.9.9.jar:/home/user/.m2/repository/javax/enterprise/cdi-api/1.2/cdi-api-1.2.jar:/home/user/.m2/repository/javax/el/javax.el-api/3.0.0/javax.el-api-3.0.0.jar:/home/user/.m2/repository/javax/interceptor/javax.interceptor-api/1.2/javax.interceptor-api-1.2.jar:/home/user/.m2/repository/javax/inject/javax.inject/1/javax.inject-1.jar:/home/user/.m2/repository/com/sun/xml/bind/jaxb-impl/2.3.0.1/jaxb-impl-2.3.0.1.jar:/home/user/.m2/repository/com/sun/xml/bind/jaxb-core/2.3.0.1/jaxb-core-2.3.0.1.jar:/home/user/.m2/repository/javax/xml/bind/jaxb-api/2.3.0/jaxb-api-2.3.0.jar:/home/user/.m2/repository/javax/activation/activation/1.1.1/activation-1.1.1.jar:/home/user/.m2/repository/org/apache/hadoop/hadoop-ozone-csi/0.5.0-SNAPSHOT/hadoop-ozone-csi-0.5.0-SNAPSHOT.jar:/home/user/.m2/repository/com/google/protobuf/protobuf-java-util/3.5.1/protobuf-java-util-3.5.1.jar:/home/user/.m2/repository/org/apache/hadoop/hadoop-hdds-config/0.5.0-SNAPSHOT/hadoop-hdds-config-0.5.0-SNAPSHOT.jar:/home/user/.m2/repository/io/grpc/grpc-netty/1.17.1/grpc-netty-1.17.1.jar:/home/user/.m2/repository/io/grpc/grpc-core/1.17.1/grpc-core-1.17.1.jar:/home/user/.m2/repository/io/grpc/grpc-context/1.17.1/grpc-context-1.17.1.jar:/home/user/.m2/repository/com/google/errorprone/error_prone_annotations/2.2.0/error_prone_annotations-2.2.0.jar:/home/user/.m2/repository/org/codehaus/mojo/animal-sniffer-annotations/1.17/animal-sniffer-annotations-1.17.jar:/home/user/.m2/repository/io/opencensus/opencensus-api/0.17.0/opencensus-api-0.17.0.jar:/home/user/.m2/repository/io/opencensus/opencensus-contrib-grpc-metrics/0.17.0/opencensus-contrib-grpc-metrics-0.17.0.jar:/home/user/.m2/repository/io/netty/netty-codec-http2/4.1.30.Final/netty-codec-http2-4.1.30.Final.jar:/home/user/.m2/repository/io/netty/netty-codec-http/4.1.30.Final/netty-codec-http-4.1.30.Final.jar:/home/user/.m2/repository/io/netty/netty-codec/4.1.30.Final/netty-codec-4.1.30.Final.jar:/home/user/.m2/repository/io/netty/netty-handler/4.1.30.Final/netty-handler-4.1.30.Final.jar:/home/user/.m2/repository/io/netty/netty-handler-proxy/4.1.30.Final/netty-handler-proxy-4.1.30.Final.jar:/home/user/.m2/repository/io/netty/netty-codec-socks/4.1.30.Final/netty-codec-socks-4.1.30.Final.jar:/home/user/.m2/repository/io/netty/netty-transport-native-epoll/4.1.30.Final/netty-transport-native-epoll-4.1.30.Final.jar:/home/user/.m2/repository/io/netty/netty-common/4.1.30.Final/netty-common-4.1.30.Final.jar:/home/user/.m2/repository/io/netty/netty-buffer/4.1.30.Final/netty-buffer-4.1.30.Final.jar:/home/user/.m2/repository/io/netty/netty-transport/4.1.30.Final/netty-transport-4.1.30.Final.jar:/home/user/.m2/repository/io/netty/netty-resolver/4.1.30.Final/netty-resolver-4.1.30.Final.jar:/home/user/.m2/repository/io/netty/netty-transport-native-unix-common/4.1.30.Final/netty-transport-native-unix-common-4.1.30.Final.jar:/home/user/.m2/repository/io/grpc/grpc-protobuf/1.17.1/grpc-protobuf-1.17.1.jar:/home/user/.m2/repository/com/google/api/grpc/proto-google-common-protos/1.0.0/proto-google-common-protos-1.0.0.jar:/home/user/.m2/repository/io/grpc/grpc-protobuf-lite/1.17.1/grpc-protobuf-lite-1.17.1.jar:/home/user/.m2/repository/io/grpc/grpc-stub/1.17.1/grpc-stub-1.17.1.jar:/home/user/.m2/repository/org/apache/hadoop/hadoop-ozone-recon/0.5.0-SNAPSHOT/hadoop-ozone-recon-0.5.0-SNAPSHOT.jar:/home/user/.m2/repository/org/apache/hadoop/hadoop-ozone-reconcodegen/0.5.0-SNAPSHOT/hadoop-ozone-reconcodegen-0.5.0-SNAPSHOT.jar:/home/user/.m2/repository/com/google/inject/extensions/guice-multibindings/4.0/guice-multibindings-4.0.jar:/home/user/.m2/repository/com/google/inject/guice/4.0/guice-4.0.jar:/home/user/.m2/repository/aopalliance/aopalliance/1.0/aopalliance-1.0.jar:/home/user/.m2/repository/com/google/inject/extensions/guice-servlet/4.0/guice-servlet-4.0.jar:/home/user/.m2/repository/org/glassfish/jersey/containers/jersey-container-servlet/2.27/jersey-container-servlet-2.27.jar:/home/user/.m2/repository/org/glassfish/hk2/guice-bridge/2.5.0/guice-bridge-2.5.0.jar:/home/user/.m2/repository/org/glassfish/jersey/core/jersey-server/2.27/jersey-server-2.27.jar:/home/user/.m2/repository/org/glassfish/jersey/core/jersey-client/2.27/jersey-client-2.27.jar:/home/user/.m2/repository/org/glassfish/jersey/media/jersey-media-jaxb/2.27/jersey-media-jaxb-2.27.jar:/home/user/.m2/repository/javax/validation/validation-api/1.1.0.Final/validation-api-1.1.0.Final.jar:/home/user/.m2/repository/org/glassfish/jersey/media/jersey-media-json-jackson/2.27/jersey-media-json-jackson-2.27.jar:/home/user/.m2/repository/org/glassfish/jersey/ext/jersey-entity-filtering/2.27/jersey-entity-filtering-2.27.jar:/home/user/.m2/repository/com/google/inject/extensions/guice-assistedinject/4.0/guice-assistedinject-4.0.jar:/home/user/.m2/repository/org/jooq/jooq/3.11.10/jooq-3.11.10.jar:/home/user/.m2/repository/org/jooq/jooq-meta/3.11.10/jooq-meta-3.11.10.jar:/home/user/.m2/repository/org/jooq/jooq-codegen/3.11.10/jooq-codegen-3.11.10.jar:/home/user/.m2/repository/com/jolbox/bonecp/0.8.0.RELEASE/bonecp-0.8.0.RELEASE.jar:/home/user/.m2/repository/org/xerial/sqlite-jdbc/3.25.2/sqlite-jdbc-3.25.2.jar:/home/user/.m2/repository/org/springframework/spring-jdbc/5.1.3.RELEASE/spring-jdbc-5.1.3.RELEASE.jar:/home/user/.m2/repository/org/springframework/spring-beans/5.1.3.RELEASE/spring-beans-5.1.3.RELEASE.jar:/home/user/.m2/repository/org/springframework/spring-core/5.1.3.RELEASE/spring-core-5.1.3.RELEASE.jar:/home/user/.m2/repository/org/springframework/spring-jcl/5.1.3.RELEASE/spring-jcl-5.1.3.RELEASE.jar:/home/user/.m2/repository/org/springframework/spring-tx/5.1.3.RELEASE/spring-tx-5.1.3.RELEASE.jar:/home/user/.m2/repository/org/apache/hadoop/hadoop-ozone-client/0.5.0-SNAPSHOT/hadoop-ozone-client-0.5.0-SNAPSHOT.jar:/home/user/.m2/repository/commons-lang/commons-lang/2.6/commons-lang-2.6.jar:/home/user/.m2/repository/org/apache/hadoop/hadoop-ozone-ozone-manager/0.5.0-SNAPSHOT/hadoop-ozone-ozone-manager-0.5.0-SNAPSHOT-tests.jar:/home/user/.m2/repository/junit/junit/4.11/junit-4.11.jar:/home/user/.m2/repository/org/hamcrest/hamcrest-core/1.3/hamcrest-core-1.3.jar:/home/user/.m2/repository/org/openjdk/jmh/jmh-core/1.19/jmh-core-1.19.jar:/home/user/.m2/repository/net/sf/jopt-simple/jopt-simple/4.6/jopt-simple-4.6.jar:/home/user/.m2/repository/org/apache/commons/commons-math3/3.1.1/commons-math3-3.1.1.jar:/home/user/.m2/repository/org/openjdk/jmh/jmh-generator-annprocess/1.19/jmh-generator-annprocess-1.19.jar:/home/user/.m2/repository/org/mockito/mockito-all/1.8.5/mockito-all-1.8.5.jar:/home/user/.m2/repository/org/apache/hadoop/hadoop-kms/3.2.0/hadoop-kms-3.2.0.jar:/home/user/.m2/repository/org/apache/hadoop/hadoop-auth/3.2.0/hadoop-auth-3.2.0.jar:/home/user/.m2/repository/com/nimbusds/nimbus-jose-jwt/4.41.1/nimbus-jose-jwt-4.41.1.jar:/home/user/.m2/repository/com/github/stephenc/jcip/jcip-annotations/1.0-1/jcip-annotations-1.0-1.jar:/home/user/.m2/repository/net/minidev/json-smart/2.3/json-smart-2.3.jar:/home/user/.m2/repository/net/minidev/accessors-smart/1.2/accessors-smart-1.2.jar:/home/user/.m2/repository/org/ow2/asm/asm/5.0.4/asm-5.0.4.jar:/home/user/.m2/repository/org/apache/curator/curator-framework/2.12.0/curator-framework-2.12.0.jar:/home/user/.m2/repository/com/sun/jersey/jersey-core/1.19/jersey-core-1.19.jar:/home/user/.m2/repository/javax/ws/rs/jsr311-api/1.1.1/jsr311-api-1.1.1.jar:/home/user/.m2/repository/com/sun/jersey/jersey-server/1.19/jersey-server-1.19.jar:/home/user/.m2/repository/javax/servlet/javax.servlet-api/3.1.0/javax.servlet-api-3.1.0.jar:/home/user/.m2/repository/org/eclipse/jetty/jetty-server/9.3.25.v20180904/jetty-server-9.3.25.v20180904.jar:/home/user/.m2/repository/org/eclipse/jetty/jetty-http/9.3.25.v20180904/jetty-http-9.3.25.v20180904.jar:/home/user/.m2/repository/org/eclipse/jetty/jetty-io/9.3.25.v20180904/jetty-io-9.3.25.v20180904.jar:/home/user/.m2/repository/org/eclipse/jetty/jetty-webapp/9.3.25.v20180904/jetty-webapp-9.3.25.v20180904.jar:/home/user/.m2/repository/org/eclipse/jetty/jetty-xml/9.3.25.v20180904/jetty-xml-9.3.25.v20180904.jar:/home/user/.m2/repository/log4j/log4j/1.2.17/log4j-1.2.17.jar:/home/user/.m2/repository/org/slf4j/slf4j-api/1.7.25/slf4j-api-1.7.25.jar:/home/user/.m2/repository/org/slf4j/jul-to-slf4j/1.7.25/jul-to-slf4j-1.7.25.jar:/home/user/.m2/repository/org/eclipse/jetty/jetty-util/9.3.25.v20180904/jetty-util-9.3.25.v20180904.jar:/home/user/.m2/repository/com/fasterxml/jackson/core/jackson-databind/2.9.9/jackson-databind-2.9.9.jar:/home/user/.m2/repository/org/apache/hadoop/hadoop-kms/3.2.0/hadoop-kms-3.2.0-tests.jar:/home/user/.m2/repository/org/apache/hadoop/hadoop-hdds-server-scm/0.5.0-SNAPSHOT/hadoop-hdds-server-scm-0.5.0-SNAPSHOT-tests.jar:/home/user/.m2/repository/org/apache/hadoop/hadoop-hdds-container-service/0.5.0-SNAPSHOT/hadoop-hdds-container-service-0.5.0-SNAPSHOT-tests.jar:/home/user/.m2/repository/org/yaml/snakeyaml/1.16/snakeyaml-1.16.jar:/home/user/.m2/repository/org/apache/hadoop/hadoop-common/3.2.0/hadoop-common-3.2.0-tests.jar:/home/user/.m2/repository/org/apache/hadoop/hadoop-annotations/3.2.0/hadoop-annotations-3.2.0.jar:/usr/lib/jvm/java-1.8.0-openjdk-1.8.0.222.b10-1.el7_7.x86_64/jre/../lib/tools.jar:/home/user/.m2/repository/commons-cli/commons-cli/1.2/commons-cli-1.2.jar:/home/user/.m2/repository/org/apache/httpcomponents/httpclient/4.5.2/httpclient-4.5.2.jar:/home/user/.m2/repository/org/apache/httpcomponents/httpcore/4.4.4/httpcore-4.4.4.jar:/home/user/.m2/repository/commons-codec/commons-codec/1.11/commons-codec-1.11.jar:/home/user/.m2/repository/commons-net/commons-net/3.6/commons-net-3.6.jar:/home/user/.m2/repository/commons-collections/commons-collections/3.2.2/commons-collections-3.2.2.jar:/home/user/.m2/repository/org/eclipse/jetty/jetty-servlet/9.3.25.v20180904/jetty-servlet-9.3.25.v20180904.jar:/home/user/.m2/repository/org/eclipse/jetty/jetty-security/9.3.25.v20180904/jetty-security-9.3.25.v20180904.jar:/home/user/.m2/repository/javax/servlet/jsp/jsp-api/2.1/jsp-api-2.1.jar:/home/user/.m2/repository/com/sun/jersey/jersey-servlet/1.19/jersey-servlet-1.19.jar:/home/user/.m2/repository/com/sun/jersey/jersey-json/1.19/jersey-json-1.19.jar:/home/user/.m2/repository/org/codehaus/jettison/jettison/1.1/jettison-1.1.jar:/home/user/.m2/repository/org/codehaus/jackson/jackson-core-asl/1.9.13/jackson-core-asl-1.9.13.jar:/home/user/.m2/repository/org/codehaus/jackson/jackson-mapper-asl/1.9.13/jackson-mapper-asl-1.9.13.jar:/home/user/.m2/repository/org/codehaus/jackson/jackson-jaxrs/1.9.13/jackson-jaxrs-1.9.13.jar:/home/user/.m2/repository/org/codehaus/jackson/jackson-xc/1.9.13/jackson-xc-1.9.13.jar:/home/user/.m2/repository/commons-logging/commons-logging/1.1.3/commons-logging-1.1.3.jar:/home/user/.m2/repository/commons-beanutils/commons-beanutils/1.9.4/commons-beanutils-1.9.4.jar:/home/user/.m2/repository/org/apache/commons/commons-configuration2/2.1.1/commons-configuration2-2.1.1.jar:/home/user/.m2/repository/org/apache/commons/commons-lang3/3.7/commons-lang3-3.7.jar:/home/user/.m2/repository/org/apache/commons/commons-text/1.4/commons-text-1.4.jar:/home/user/.m2/repository/org/apache/avro/avro/1.7.7/avro-1.7.7.jar:/home/user/.m2/repository/com/thoughtworks/paranamer/paranamer/2.3/paranamer-2.3.jar:/home/user/.m2/repository/org/xerial/snappy/snappy-java/1.0.5/snappy-java-1.0.5.jar:/home/user/.m2/repository/com/google/re2j/re2j/1.1/re2j-1.1.jar:/home/user/.m2/repository/com/google/code/gson/gson/2.2.4/gson-2.2.4.jar:/home/user/.m2/repository/com/jcraft/jsch/0.1.54/jsch-0.1.54.jar:/home/user/.m2/repository/org/apache/curator/curator-client/2.12.0/curator-client-2.12.0.jar:/home/user/.m2/repository/org/apache/curator/curator-recipes/2.12.0/curator-recipes-2.12.0.jar:/home/user/.m2/repository/com/google/code/findbugs/jsr305/3.0.0/jsr305-3.0.0.jar:/home/user/.m2/repository/org/apache/htrace/htrace-core4/4.1.0-incubating/htrace-core4-4.1.0-incubating.jar:/home/user/.m2/repository/org/apache/zookeeper/zookeeper/3.4.13/zookeeper-3.4.13.jar:/home/user/.m2/repository/jline/jline/0.9.94/jline-0.9.94.jar:/home/user/.m2/repository/org/apache/yetus/audience-annotations/0.5.0/audience-annotations-0.5.0.jar:/home/user/.m2/repository/org/codehaus/woodstox/stax2-api/3.1.4/stax2-api-3.1.4.jar:/home/user/.m2/repository/com/fasterxml/woodstox/woodstox-core/5.0.3/woodstox-core-5.0.3.jar:/home/user/.m2/repository/dnsjava/dnsjava/2.1.7/dnsjava-2.1.7.jar:/home/user/.m2/repository/org/apache/hadoop/hadoop-hdfs/3.2.0/hadoop-hdfs-3.2.0-tests.jar:/home/user/.m2/repository/org/eclipse/jetty/jetty-util-ajax/9.3.25.v20180904/jetty-util-ajax-9.3.25.v20180904.jar:/home/user/.m2/repository/commons-daemon/commons-daemon/1.0.13/commons-daemon-1.0.13.jar:/home/user/.m2/repository/io/netty/netty/3.10.5.Final/netty-3.10.5.Final.jar:/home/user/.m2/repository/io/netty/netty-all/4.0.52.Final/netty-all-4.0.52.Final.jar:/home/user/.m2/repository/org/fusesource/leveldbjni/leveldbjni-all/1.8/leveldbjni-all-1.8.jar:"/>
    <property name="sun.cpu.endian" value="little"/>
    <property name="user.home" value="/home/user"/>
    <property name="user.language" value="en"/>
    <property name="java.specification.vendor" value="Oracle Corporation"/>
    <property name="java.home" value="/usr/lib/jvm/java-1.8.0-openjdk-1.8.0.222.b10-1.el7_7.x86_64/jre"/>
    <property name="surefire.excludesFile" value="/tools/ozone-bad-unit-tests"/>
    <property name="java.security.krb5.conf" value="/workdir/hadoop-ozone/integration-test/target/test-classes/krb5.conf"/>
    <property name="basedir" value="/workdir/hadoop-ozone/integration-test"/>
    <property name="file.separator" value="/"/>
    <property name="line.separator" value="&#10;"/>
    <property name="java.vm.specification.vendor" value="Oracle Corporation"/>
    <property name="java.specification.name" value="Java Platform API Specification"/>
    <property name="java.awt.graphicsenv" value="sun.awt.X11GraphicsEnvironment"/>
    <property name="surefire.real.class.path" value="/workdir/hadoop-ozone/integration-test/target/surefire/surefirebooter88629274635998662.jar"/>
    <property name="hadoop.log.dir" value="/workdir/hadoop-ozone/integration-test/target/log"/>
    <property name="sun.boot.class.path" value="/usr/lib/jvm/java-1.8.0-openjdk-1.8.0.222.b10-1.el7_7.x86_64/jre/lib/resources.jar:/usr/lib/jvm/java-1.8.0-openjdk-1.8.0.222.b10-1.el7_7.x86_64/jre/lib/rt.jar:/usr/lib/jvm/java-1.8.0-openjdk-1.8.0.222.b10-1.el7_7.x86_64/jre/lib/sunrsasign.jar:/usr/lib/jvm/java-1.8.0-openjdk-1.8.0.222.b10-1.el7_7.x86_64/jre/lib/jsse.jar:/usr/lib/jvm/java-1.8.0-openjdk-1.8.0.222.b10-1.el7_7.x86_64/jre/lib/jce.jar:/usr/lib/jvm/java-1.8.0-openjdk-1.8.0.222.b10-1.el7_7.x86_64/jre/lib/charsets.jar:/usr/lib/jvm/java-1.8.0-openjdk-1.8.0.222.b10-1.el7_7.x86_64/jre/lib/jfr.jar:/usr/lib/jvm/java-1.8.0-openjdk-1.8.0.222.b10-1.el7_7.x86_64/jre/classes"/>
    <property name="sun.management.compiler" value="HotSpot 64-Bit Tiered Compilers"/>
    <property name="java.runtime.version" value="1.8.0_222-b10"/>
    <property name="java.net.preferIPv4Stack" value="true"/>
    <property name="user.name" value="jenkins1000"/>
    <property name="path.separator" value=":"/>
    <property name="java.security.egd" value="file:///dev/urandom"/>
    <property name="os.version" value="3.10.0-957.12.2.el7.x86_64"/>
    <property name="java.endorsed.dirs" value="/usr/lib/jvm/java-1.8.0-openjdk-1.8.0.222.b10-1.el7_7.x86_64/jre/lib/endorsed"/>
    <property name="java.runtime.name" value="OpenJDK Runtime Environment"/>
    <property name="file.encoding" value="ANSI_X3.4-1968"/>
    <property name="java.vm.name" value="OpenJDK 64-Bit Server VM"/>
    <property name="test.build.webapps" value=""/>
    <property name="localRepository" value="/home/user/.m2/repository"/>
    <property name="java.vendor.url.bug" value="http://bugreport.sun.com/bugreport/"/>
    <property name="java.io.tmpdir" value="/tmp"/>
    <property name="require.test.libhadoop" value=""/>
    <property name="java.version" value="1.8.0_222"/>
    <property name="user.dir" value="/workdir/hadoop-ozone/integration-test"/>
    <property name="os.arch" value="amd64"/>
    <property name="java.vm.specification.name" value="Java Virtual Machine Specification"/>
    <property name="test.build.classes" value="/workdir/hadoop-ozone/integration-test/target/test-classes"/>
    <property name="java.awt.printerjob" value="sun.print.PSPrinterJob"/>
    <property name="sun.os.patch.level" value="unknown"/>
    <property name="hadoop.tmp.dir" value="/workdir/hadoop-ozone/integration-test/target/tmp"/>
    <property name="java.library.path" value="/usr/lib:/workdir/hadoop-ozone/integration-test/target/native/target/usr/local/lib:/workdir/hadoop-ozone/integration-test/../../hadoop-common-project/hadoop-common/target/native/target/usr/local/lib:/usr/java/packages/lib/amd64:/usr/lib64:/lib64:/lib:/usr/lib"/>
    <property name="java.vm.info" value="mixed mode"/>
    <property name="java.vendor" value="Oracle Corporation"/>
    <property name="java.vm.version" value="25.222-b10"/>
    <property name="java.ext.dirs" value="/usr/lib/jvm/java-1.8.0-openjdk-1.8.0.222.b10-1.el7_7.x86_64/jre/lib/ext:/usr/java/packages/lib/ext"/>
    <property name="sun.io.unicode.encoding" value="UnicodeLittle"/>
    <property name="java.class.version" value="52.0"/>
  </properties>
  <testcase name="testDeleteKeyWithSlowFollower" classname="org.apache.hadoop.ozone.client.rpc.TestDeleteWithSlowFollower" time="111.714">
    <failure type="java.lang.AssertionError">java.lang.AssertionError
	at org.junit.Assert.fail(Assert.java:86)
	at org.junit.Assert.assertTrue(Assert.java:41)
	at org.junit.Assert.assertTrue(Assert.java:52)
	at org.apache.hadoop.ozone.client.rpc.TestDeleteWithSlowFollower.testDeleteKeyWithSlowFollower(TestDeleteWithSlowFollower.java:265)
	at sun.reflect.NativeMethodAccessorImpl.invoke0(Native Method)
	at sun.reflect.NativeMethodAccessorImpl.invoke(NativeMethodAccessorImpl.java:62)
	at sun.reflect.DelegatingMethodAccessorImpl.invoke(DelegatingMethodAccessorImpl.java:43)
	at java.lang.reflect.Method.invoke(Method.java:498)
	at org.junit.runners.model.FrameworkMethod$1.runReflectiveCall(FrameworkMethod.java:47)
	at org.junit.internal.runners.model.ReflectiveCallable.run(ReflectiveCallable.java:12)
	at org.junit.runners.model.FrameworkMethod.invokeExplosively(FrameworkMethod.java:44)
	at org.junit.internal.runners.statements.InvokeMethod.evaluate(InvokeMethod.java:17)
	at org.junit.runners.ParentRunner.runLeaf(ParentRunner.java:271)
	at org.junit.runners.BlockJUnit4ClassRunner.runChild(BlockJUnit4ClassRunner.java:70)
	at org.junit.runners.BlockJUnit4ClassRunner.runChild(BlockJUnit4ClassRunner.java:50)
	at org.junit.runners.ParentRunner$3.run(ParentRunner.java:238)
	at org.junit.runners.ParentRunner$1.schedule(ParentRunner.java:63)
	at org.junit.runners.ParentRunner.runChildren(ParentRunner.java:236)
	at org.junit.runners.ParentRunner.access$000(ParentRunner.java:53)
	at org.junit.runners.ParentRunner$2.evaluate(ParentRunner.java:229)
	at org.junit.internal.runners.statements.RunBefores.evaluate(RunBefores.java:26)
	at org.junit.internal.runners.statements.RunAfters.evaluate(RunAfters.java:27)
	at org.junit.runners.ParentRunner.run(ParentRunner.java:309)
	at org.apache.maven.surefire.junit4.JUnit4Provider.execute(JUnit4Provider.java:365)
	at org.apache.maven.surefire.junit4.JUnit4Provider.executeWithRerun(JUnit4Provider.java:273)
	at org.apache.maven.surefire.junit4.JUnit4Provider.executeTestSet(JUnit4Provider.java:238)
	at org.apache.maven.surefire.junit4.JUnit4Provider.invoke(JUnit4Provider.java:159)
	at org.apache.maven.surefire.booter.ForkedBooter.invokeProviderInSameClassLoader(ForkedBooter.java:384)
	at org.apache.maven.surefire.booter.ForkedBooter.runSuitesInProcess(ForkedBooter.java:345)
	at org.apache.maven.surefire.booter.ForkedBooter.execute(ForkedBooter.java:126)
	at org.apache.maven.surefire.booter.ForkedBooter.main(ForkedBooter.java:418)
</failure>
    <system-out><![CDATA[2019-10-22 01:05:28,049 [main] WARN  server.ServerUtils (ServerUtils.java:getScmDbDir(145)) - ozone.scm.db.dirs is not configured. We recommend adding this setting. Falling back to ozone.metadata.dirs instead.
2019-10-22 01:05:28,175 [main] WARN  server.ServerUtils (ServerUtils.java:getScmDbDir(145)) - ozone.scm.db.dirs is not configured. We recommend adding this setting. Falling back to ozone.metadata.dirs instead.
2019-10-22 01:05:28,178 [main] WARN  server.ServerUtils (ServerUtils.java:getScmDbDir(145)) - ozone.scm.db.dirs is not configured. We recommend adding this setting. Falling back to ozone.metadata.dirs instead.
2019-10-22 01:05:28,204 [main] INFO  util.log (Log.java:initialized(192)) - Logging initialized @893ms
2019-10-22 01:05:28,303 [main] INFO  db.DBStoreBuilder (DBStoreBuilder.java:addTable(117)) - using custom profile for table: deletedBlocks
2019-10-22 01:05:28,303 [main] INFO  db.DBStoreBuilder (DBStoreBuilder.java:processTables(168)) - Using default column profile:DBProfile.DISK for Table:deletedBlocks
2019-10-22 01:05:28,303 [main] INFO  db.DBStoreBuilder (DBStoreBuilder.java:addTable(117)) - using custom profile for table: validCerts
2019-10-22 01:05:28,304 [main] INFO  db.DBStoreBuilder (DBStoreBuilder.java:processTables(168)) - Using default column profile:DBProfile.DISK for Table:validCerts
2019-10-22 01:05:28,304 [main] INFO  db.DBStoreBuilder (DBStoreBuilder.java:addTable(117)) - using custom profile for table: revokedCerts
2019-10-22 01:05:28,304 [main] INFO  db.DBStoreBuilder (DBStoreBuilder.java:processTables(168)) - Using default column profile:DBProfile.DISK for Table:revokedCerts
2019-10-22 01:05:28,315 [main] INFO  db.DBStoreBuilder (DBStoreBuilder.java:addTable(117)) - using custom profile for table: default
2019-10-22 01:05:28,316 [main] INFO  db.DBStoreBuilder (DBStoreBuilder.java:processTables(174)) - Using default column profile:DBProfile.DISK for Table:default
2019-10-22 01:05:28,317 [main] INFO  db.DBStoreBuilder (DBStoreBuilder.java:getDbProfile(205)) - Using default options. DBProfile.DISK
2019-10-22 01:05:28,689 [main] INFO  net.NodeSchemaLoader (NodeSchemaLoader.java:loadSchemaFromFile(125)) - Loading file from sun.misc.CompoundEnumeration@74235045
2019-10-22 01:05:28,691 [main] INFO  net.NodeSchemaLoader (NodeSchemaLoader.java:loadSchema(171)) - Loading network topology layer schema file
2019-10-22 01:05:28,750 [main] WARN  server.ServerUtils (ServerUtils.java:sanitizeUserArgs(70)) - ozone.scm.stale.node.interval value = 1000000 is larger than max = 100000 based on the key value of ozone.scm.heartbeat.thread.interval, reset to the max value 100000.
2019-10-22 01:05:28,752 [main] WARN  server.ServerUtils (ServerUtils.java:sanitizeUserArgs(70)) - ozone.scm.stale.node.interval value = 1000000 is larger than max = 100000 based on the key value of ozone.scm.heartbeat.thread.interval, reset to the max value 100000.
2019-10-22 01:05:28,754 [main] INFO  node.SCMNodeManager (SCMNodeManager.java:<init>(116)) - Entering startup safe mode.
2019-10-22 01:05:28,815 [main] INFO  algorithms.ContainerPlacementPolicyFactory (ContainerPlacementPolicyFactory.java:getPolicy(57)) - Create container placement policy of type org.apache.hadoop.hdds.scm.container.placement.algorithms.SCMContainerPlacementRandom
2019-10-22 01:05:28,828 [main] WARN  server.ServerUtils (ServerUtils.java:getScmDbDir(145)) - ozone.scm.db.dirs is not configured. We recommend adding this setting. Falling back to ozone.metadata.dirs instead.
2019-10-22 01:05:28,938 [main] INFO  pipeline.SCMPipelineManager (SCMPipelineManager.java:initializePipelineState(132)) - No pipeline exists in current db
2019-10-22 01:05:28,941 [main] WARN  server.ServerUtils (ServerUtils.java:getScmDbDir(145)) - ozone.scm.db.dirs is not configured. We recommend adding this setting. Falling back to ozone.metadata.dirs instead.
2019-10-22 01:05:29,128 [main] WARN  events.EventQueue (EventQueue.java:fireEvent(183)) - No event handler registered for event TypedEvent{payloadType=SafeModeStatus, name='SafeModeStatus'}
2019-10-22 01:05:29,475 [main] INFO  ipc.CallQueueManager (CallQueueManager.java:<init>(84)) - Using callQueue: class java.util.concurrent.LinkedBlockingQueue, queueCapacity: 2000, scheduler: class org.apache.hadoop.ipc.DefaultRpcScheduler, ipcBackoff: false.
2019-10-22 01:05:29,595 [Socket Reader #1 for port 45286] INFO  ipc.Server (Server.java:run(1074)) - Starting Socket Reader #1 for port 45286
2019-10-22 01:05:29,621 [main] INFO  ipc.CallQueueManager (CallQueueManager.java:<init>(84)) - Using callQueue: class java.util.concurrent.LinkedBlockingQueue, queueCapacity: 2000, scheduler: class org.apache.hadoop.ipc.DefaultRpcScheduler, ipcBackoff: false.
2019-10-22 01:05:29,622 [Socket Reader #1 for port 37572] INFO  ipc.Server (Server.java:run(1074)) - Starting Socket Reader #1 for port 37572
2019-10-22 01:05:29,629 [main] INFO  ipc.CallQueueManager (CallQueueManager.java:<init>(84)) - Using callQueue: class java.util.concurrent.LinkedBlockingQueue, queueCapacity: 2000, scheduler: class org.apache.hadoop.ipc.DefaultRpcScheduler, ipcBackoff: false.
2019-10-22 01:05:29,629 [Socket Reader #1 for port 38630] INFO  ipc.Server (Server.java:run(1074)) - Starting Socket Reader #1 for port 38630
2019-10-22 01:05:29,649 [main] INFO  hdfs.DFSUtil (DFSUtil.java:httpServerTemplateForNNAndJN(1641)) - Starting Web-server for scm at: http://0.0.0.0:0
2019-10-22 01:05:29,785 [main] INFO  server.AuthenticationFilter (AuthenticationFilter.java:constructSecretProvider(240)) - Unable to initialize FileSignerSecretProvider, falling back to use random secrets.
2019-10-22 01:05:29,793 [main] WARN  http.HttpRequestLog (HttpRequestLog.java:getRequestLog(97)) - Jetty request log can only be enabled using Log4j
2019-10-22 01:05:29,801 [main] INFO  http.HttpServer2 (HttpServer2.java:addGlobalFilter(975)) - Added global filter 'safety' (class=org.apache.hadoop.http.HttpServer2$QuotingInputFilter)
2019-10-22 01:05:29,803 [main] INFO  http.HttpServer2 (HttpServer2.java:addFilter(948)) - Added filter static_user_filter (class=org.apache.hadoop.http.lib.StaticUserWebFilter$StaticUserFilter) to context scm
2019-10-22 01:05:29,803 [main] INFO  http.HttpServer2 (HttpServer2.java:addFilter(958)) - Added filter static_user_filter (class=org.apache.hadoop.http.lib.StaticUserWebFilter$StaticUserFilter) to context logs
2019-10-22 01:05:29,804 [main] INFO  http.HttpServer2 (HttpServer2.java:addFilter(958)) - Added filter static_user_filter (class=org.apache.hadoop.http.lib.StaticUserWebFilter$StaticUserFilter) to context static
2019-10-22 01:05:29,837 [main] INFO  server.StorageContainerManager (StorageContainerManager.java:start(772)) - StorageContainerLocationProtocol RPC server is listening at /0.0.0.0:38630
2019-10-22 01:05:29,905 [main] WARN  impl.MetricsConfig (MetricsConfig.java:loadFirst(134)) - Cannot locate configuration: tried hadoop-metrics2-storagecontainermanager.properties,hadoop-metrics2.properties
2019-10-22 01:05:29,918 [main] INFO  impl.MetricsSystemImpl (MetricsSystemImpl.java:startTimer(374)) - Scheduled Metric snapshot period at 10 second(s).
2019-10-22 01:05:29,918 [main] INFO  impl.MetricsSystemImpl (MetricsSystemImpl.java:start(191)) - StorageContainerManager metrics system started
2019-10-22 01:05:30,111 [main] INFO  server.SCMClientProtocolServer (SCMClientProtocolServer.java:start(159)) - RPC server for Client  is listening at /0.0.0.0:38630
2019-10-22 01:05:30,112 [IPC Server Responder] INFO  ipc.Server (Server.java:run(1314)) - IPC Server Responder: starting
2019-10-22 01:05:30,112 [IPC Server listener on 38630] INFO  ipc.Server (Server.java:run(1153)) - IPC Server listener on 38630: starting
2019-10-22 01:05:30,114 [main] INFO  server.StorageContainerManager (StorageContainerManager.java:start(782)) - ScmBlockLocationProtocol RPC server is listening at /0.0.0.0:37572
2019-10-22 01:05:30,115 [main] INFO  server.SCMBlockProtocolServer (SCMBlockProtocolServer.java:start(146)) - RPC server for Block Protocol is listening at /0.0.0.0:37572
2019-10-22 01:05:30,116 [IPC Server Responder] INFO  ipc.Server (Server.java:run(1314)) - IPC Server Responder: starting
2019-10-22 01:05:30,116 [IPC Server listener on 37572] INFO  ipc.Server (Server.java:run(1153)) - IPC Server listener on 37572: starting
2019-10-22 01:05:30,118 [main] INFO  server.StorageContainerManager (StorageContainerManager.java:start(786)) - ScmDatanodeProtocl RPC server is listening at /0.0.0.0:45286
2019-10-22 01:05:30,118 [main] INFO  server.SCMDatanodeProtocolServer (SCMDatanodeProtocolServer.java:start(169)) - RPC server for DataNodes is listening at /0.0.0.0:45286
2019-10-22 01:05:30,119 [IPC Server Responder] INFO  ipc.Server (Server.java:run(1314)) - IPC Server Responder: starting
2019-10-22 01:05:30,119 [IPC Server listener on 45286] INFO  ipc.Server (Server.java:run(1153)) - IPC Server listener on 45286: starting
2019-10-22 01:05:30,122 [main] INFO  http.HttpServer2 (HttpServer2.java:bindListener(1191)) - Jetty bound to port 35064
2019-10-22 01:05:30,124 [main] INFO  server.Server (Server.java:doStart(351)) - jetty-9.3.25.v20180904, build timestamp: 2018-09-04T21:11:46Z, git hash: 3ce520221d0240229c862b122d2b06c12a625732
2019-10-22 01:05:30,155 [main] INFO  handler.ContextHandler (ContextHandler.java:doStart(781)) - Started o.e.j.s.ServletContextHandler@42f8285e{/logs,file:///workdir/hadoop-ozone/integration-test/target/log,AVAILABLE}
2019-10-22 01:05:30,155 [main] INFO  handler.ContextHandler (ContextHandler.java:doStart(781)) - Started o.e.j.s.ServletContextHandler@3724af13{/static,file:///workdir/hadoop-ozone/integration-test/target/test-classes/webapps/static,AVAILABLE}
2019-10-22 01:05:30,183 [main] INFO  handler.ContextHandler (ContextHandler.java:doStart(781)) - Started o.e.j.w.WebAppContext@24a1c17f{/,file:///workdir/hadoop-ozone/integration-test/target/test-classes/webapps/scm/,AVAILABLE}{/scm}
2019-10-22 01:05:30,189 [main] INFO  server.AbstractConnector (AbstractConnector.java:doStart(278)) - Started ServerConnector@4d63b624{HTTP/1.1,[http/1.1]}{0.0.0.0:35064}
2019-10-22 01:05:30,189 [main] INFO  server.Server (Server.java:doStart(419)) - Started @2878ms
2019-10-22 01:05:30,191 [main] INFO  impl.MetricsSinkAdapter (MetricsSinkAdapter.java:start(204)) - Sink prometheus started
2019-10-22 01:05:30,191 [main] INFO  impl.MetricsSystemImpl (MetricsSystemImpl.java:registerSink(301)) - Registered sink prometheus
2019-10-22 01:05:30,193 [main] INFO  server.BaseHttpServer (BaseHttpServer.java:updateConnectorAddress(215)) - HTTP server of SCM is listening at http://0.0.0.0:35064
2019-10-22 01:05:30,198 [org.apache.hadoop.util.JvmPauseMonitor$Monitor@4b629f13] INFO  util.JvmPauseMonitor (JvmPauseMonitor.java:run(188)) - Starting JVM pause monitor
2019-10-22 01:05:30,200 [main] WARN  server.ServerUtils (ServerUtils.java:getDBPath(222)) - ozone.om.db.dirs is not configured. We recommend adding this setting. Falling back to ozone.metadata.dirs instead.
2019-10-22 01:05:30,299 [main] INFO  ha.OMHANodeDetails (OMHANodeDetails.java:loadOMHAConfig(190)) - Configuration either no ozone.om.address set. Falling back to the default OM address /127.0.0.1:0
2019-10-22 01:05:30,299 [main] INFO  ha.OMHANodeDetails (OMHANodeDetails.java:getOMNodeDetails(220)) - OM Service ID is not set. Setting it to the default ID: omServiceIdDefault
2019-10-22 01:05:30,301 [main] WARN  server.ServerUtils (ServerUtils.java:getDBPath(222)) - ozone.om.db.dirs is not configured. We recommend adding this setting. Falling back to ozone.metadata.dirs instead.
2019-10-22 01:05:30,301 [main] WARN  server.ServerUtils (ServerUtils.java:getDBPath(222)) - ozone.om.db.dirs is not configured. We recommend adding this setting. Falling back to ozone.metadata.dirs instead.
2019-10-22 01:05:30,884 [main] WARN  server.ServerUtils (ServerUtils.java:getDBPath(222)) - ozone.om.db.dirs is not configured. We recommend adding this setting. Falling back to ozone.metadata.dirs instead.
2019-10-22 01:05:30,891 [main] INFO  db.DBStoreBuilder (DBStoreBuilder.java:addTable(117)) - using custom profile for table: userTable
2019-10-22 01:05:30,891 [main] INFO  db.DBStoreBuilder (DBStoreBuilder.java:processTables(168)) - Using default column profile:DBProfile.DISK for Table:userTable
2019-10-22 01:05:30,891 [main] INFO  db.DBStoreBuilder (DBStoreBuilder.java:addTable(117)) - using custom profile for table: volumeTable
2019-10-22 01:05:30,891 [main] INFO  db.DBStoreBuilder (DBStoreBuilder.java:processTables(168)) - Using default column profile:DBProfile.DISK for Table:volumeTable
2019-10-22 01:05:30,891 [main] INFO  db.DBStoreBuilder (DBStoreBuilder.java:addTable(117)) - using custom profile for table: bucketTable
2019-10-22 01:05:30,892 [main] INFO  db.DBStoreBuilder (DBStoreBuilder.java:processTables(168)) - Using default column profile:DBProfile.DISK for Table:bucketTable
2019-10-22 01:05:30,892 [main] INFO  db.DBStoreBuilder (DBStoreBuilder.java:addTable(117)) - using custom profile for table: keyTable
2019-10-22 01:05:30,892 [main] INFO  db.DBStoreBuilder (DBStoreBuilder.java:processTables(168)) - Using default column profile:DBProfile.DISK for Table:keyTable
2019-10-22 01:05:30,892 [main] INFO  db.DBStoreBuilder (DBStoreBuilder.java:addTable(117)) - using custom profile for table: deletedTable
2019-10-22 01:05:30,892 [main] INFO  db.DBStoreBuilder (DBStoreBuilder.java:processTables(168)) - Using default column profile:DBProfile.DISK for Table:deletedTable
2019-10-22 01:05:30,893 [main] INFO  db.DBStoreBuilder (DBStoreBuilder.java:addTable(117)) - using custom profile for table: openKeyTable
2019-10-22 01:05:30,893 [main] INFO  db.DBStoreBuilder (DBStoreBuilder.java:processTables(168)) - Using default column profile:DBProfile.DISK for Table:openKeyTable
2019-10-22 01:05:30,893 [main] INFO  db.DBStoreBuilder (DBStoreBuilder.java:addTable(117)) - using custom profile for table: s3Table
2019-10-22 01:05:30,893 [main] INFO  db.DBStoreBuilder (DBStoreBuilder.java:processTables(168)) - Using default column profile:DBProfile.DISK for Table:s3Table
2019-10-22 01:05:30,893 [main] INFO  db.DBStoreBuilder (DBStoreBuilder.java:addTable(117)) - using custom profile for table: multipartInfoTable
2019-10-22 01:05:30,894 [main] INFO  db.DBStoreBuilder (DBStoreBuilder.java:processTables(168)) - Using default column profile:DBProfile.DISK for Table:multipartInfoTable
2019-10-22 01:05:30,894 [main] INFO  db.DBStoreBuilder (DBStoreBuilder.java:addTable(117)) - using custom profile for table: dTokenTable
2019-10-22 01:05:30,894 [main] INFO  db.DBStoreBuilder (DBStoreBuilder.java:processTables(168)) - Using default column profile:DBProfile.DISK for Table:dTokenTable
2019-10-22 01:05:30,894 [main] INFO  db.DBStoreBuilder (DBStoreBuilder.java:addTable(117)) - using custom profile for table: s3SecretTable
2019-10-22 01:05:30,895 [main] INFO  db.DBStoreBuilder (DBStoreBuilder.java:processTables(168)) - Using default column profile:DBProfile.DISK for Table:s3SecretTable
2019-10-22 01:05:30,895 [main] INFO  db.DBStoreBuilder (DBStoreBuilder.java:addTable(117)) - using custom profile for table: prefixTable
2019-10-22 01:05:30,895 [main] INFO  db.DBStoreBuilder (DBStoreBuilder.java:processTables(168)) - Using default column profile:DBProfile.DISK for Table:prefixTable
2019-10-22 01:05:30,895 [main] INFO  db.DBStoreBuilder (DBStoreBuilder.java:addTable(117)) - using custom profile for table: default
2019-10-22 01:05:30,895 [main] INFO  db.DBStoreBuilder (DBStoreBuilder.java:processTables(174)) - Using default column profile:DBProfile.DISK for Table:default
2019-10-22 01:05:30,896 [main] INFO  db.DBStoreBuilder (DBStoreBuilder.java:getDbProfile(205)) - Using default options. DBProfile.DISK
2019-10-22 01:05:31,622 [main] INFO  ipc.CallQueueManager (CallQueueManager.java:<init>(84)) - Using callQueue: class java.util.concurrent.LinkedBlockingQueue, queueCapacity: 2000, scheduler: class org.apache.hadoop.ipc.DefaultRpcScheduler, ipcBackoff: false.
2019-10-22 01:05:31,623 [Socket Reader #1 for port 43811] INFO  ipc.Server (Server.java:run(1074)) - Starting Socket Reader #1 for port 43811
2019-10-22 01:05:31,646 [main] INFO  om.OzoneManager (OzoneManager.java:start(1074)) - OzoneManager RPC server is listening at localhost/127.0.0.1:43811
2019-10-22 01:05:31,646 [main] INFO  impl.MetricsSystemImpl (MetricsSystemImpl.java:init(158)) - OzoneManager metrics system started (again)
2019-10-22 01:05:31,654 [IPC Server Responder] INFO  ipc.Server (Server.java:run(1314)) - IPC Server Responder: starting
2019-10-22 01:05:31,656 [IPC Server listener on 43811] INFO  ipc.Server (Server.java:run(1153)) - IPC Server listener on 43811: starting
2019-10-22 01:05:31,662 [main] INFO  hdfs.DFSUtil (DFSUtil.java:httpServerTemplateForNNAndJN(1641)) - Starting Web-server for ozoneManager at: http://0.0.0.0:0
2019-10-22 01:05:31,665 [main] INFO  server.AuthenticationFilter (AuthenticationFilter.java:constructSecretProvider(240)) - Unable to initialize FileSignerSecretProvider, falling back to use random secrets.
2019-10-22 01:05:31,665 [main] WARN  http.HttpRequestLog (HttpRequestLog.java:getRequestLog(97)) - Jetty request log can only be enabled using Log4j
2019-10-22 01:05:31,668 [main] INFO  http.HttpServer2 (HttpServer2.java:addGlobalFilter(975)) - Added global filter 'safety' (class=org.apache.hadoop.http.HttpServer2$QuotingInputFilter)
2019-10-22 01:05:31,669 [main] INFO  http.HttpServer2 (HttpServer2.java:addFilter(948)) - Added filter static_user_filter (class=org.apache.hadoop.http.lib.StaticUserWebFilter$StaticUserFilter) to context ozoneManager
2019-10-22 01:05:31,669 [main] INFO  http.HttpServer2 (HttpServer2.java:addFilter(958)) - Added filter static_user_filter (class=org.apache.hadoop.http.lib.StaticUserWebFilter$StaticUserFilter) to context static
2019-10-22 01:05:31,670 [main] INFO  http.HttpServer2 (HttpServer2.java:addFilter(958)) - Added filter static_user_filter (class=org.apache.hadoop.http.lib.StaticUserWebFilter$StaticUserFilter) to context logs
2019-10-22 01:05:31,673 [main] INFO  http.HttpServer2 (HttpServer2.java:bindListener(1191)) - Jetty bound to port 45663
2019-10-22 01:05:31,673 [main] INFO  server.Server (Server.java:doStart(351)) - jetty-9.3.25.v20180904, build timestamp: 2018-09-04T21:11:46Z, git hash: 3ce520221d0240229c862b122d2b06c12a625732
2019-10-22 01:05:31,676 [main] INFO  handler.ContextHandler (ContextHandler.java:doStart(781)) - Started o.e.j.s.ServletContextHandler@aa10649{/logs,file:///workdir/hadoop-ozone/integration-test/target/log,AVAILABLE}
2019-10-22 01:05:31,676 [main] INFO  handler.ContextHandler (ContextHandler.java:doStart(781)) - Started o.e.j.s.ServletContextHandler@37095ded{/static,file:///workdir/hadoop-ozone/integration-test/target/test-classes/webapps/static,AVAILABLE}
2019-10-22 01:05:31,683 [main] INFO  handler.ContextHandler (ContextHandler.java:doStart(781)) - Started o.e.j.w.WebAppContext@75b3673{/,file:///workdir/hadoop-ozone/integration-test/target/test-classes/webapps/ozoneManager/,AVAILABLE}{/ozoneManager}
2019-10-22 01:05:31,684 [main] INFO  server.AbstractConnector (AbstractConnector.java:doStart(278)) - Started ServerConnector@1bcb79c2{HTTP/1.1,[http/1.1]}{0.0.0.0:45663}
2019-10-22 01:05:31,685 [main] INFO  server.Server (Server.java:doStart(419)) - Started @4373ms
2019-10-22 01:05:31,685 [main] WARN  impl.MetricsSystemImpl (MetricsSystemImpl.java:register(276)) - Sink prometheus already exists!
2019-10-22 01:05:31,686 [main] INFO  server.BaseHttpServer (BaseHttpServer.java:updateConnectorAddress(215)) - HTTP server of OZONEMANAGER is listening at http://0.0.0.0:45663
2019-10-22 01:05:31,934 [main] INFO  impl.MetricsSystemImpl (MetricsSystemImpl.java:init(158)) - HddsDatanode metrics system started (again)
2019-10-22 01:05:31,973 [main] INFO  ozone.HddsDatanodeService (HddsDatanodeService.java:start(184)) - HddsDatanodeService host:pr-hdds-2131-5wjdl-3623002096 ip:192.168.157.222
2019-10-22 01:05:32,001 [main] INFO  volume.HddsVolume (HddsVolume.java:<init>(176)) - Creating Volume: /workdir/hadoop-ozone/integration-test/target/test-dir/MiniOzoneClusterImpl-891fbafd-cb48-4392-8fd2-d372f9b36073/datanode-0/data/containers/hdds of  storage type : DISK and capacity : 1482555576320
2019-10-22 01:05:32,003 [main] INFO  volume.VolumeSet (VolumeSet.java:initializeVolumeSet(170)) - Added Volume : /workdir/hadoop-ozone/integration-test/target/test-dir/MiniOzoneClusterImpl-891fbafd-cb48-4392-8fd2-d372f9b36073/datanode-0/data/containers/hdds to VolumeSet
2019-10-22 01:05:32,005 [main] INFO  volume.ThrottledAsyncChecker (ThrottledAsyncChecker.java:schedule(141)) - Scheduling a check for /workdir/hadoop-ozone/integration-test/target/test-dir/MiniOzoneClusterImpl-891fbafd-cb48-4392-8fd2-d372f9b36073/datanode-0/data/containers/hdds
2019-10-22 01:05:32,019 [main] INFO  volume.HddsVolumeChecker (HddsVolumeChecker.java:checkAllVolumes(204)) - Scheduled health check for volume /workdir/hadoop-ozone/integration-test/target/test-dir/MiniOzoneClusterImpl-891fbafd-cb48-4392-8fd2-d372f9b36073/datanode-0/data/containers/hdds
2019-10-22 01:05:32,102 [main] INFO  impl.RaftServerProxy (ConfUtils.java:logGet(43)) - raft.rpc.type = GRPC (default)
2019-10-22 01:05:32,151 [main] INFO  grpc.GrpcFactory (GrpcFactory.java:checkPooledByteBufAllocatorUseCacheForAllThreads(45)) - PERFORMANCE WARNING: useCacheForAllThreads is true that may cause Netty to create a lot garbage objects and, as a result, trigger GC.
	It is recommended to disable useCacheForAllThreads by setting -Dorg.apache.ratis.thirdparty.io.netty.allocator.useCacheForAllThreads=false in command line.
2019-10-22 01:05:32,155 [main] INFO  grpc.GrpcConfigKeys$Server (ConfUtils.java:logGet(43)) - raft.grpc.server.port = 0 (default)
2019-10-22 01:05:32,156 [main] INFO  server.GrpcService (ConfUtils.java:logGet(43)) - raft.grpc.message.size.max = 33570816 (custom)
2019-10-22 01:05:32,157 [main] INFO  server.RaftServerConfigKeys (ConfUtils.java:logGet(43)) - raft.server.log.appender.buffer.byte-limit = 33554432 (custom)
2019-10-22 01:05:32,157 [main] INFO  server.GrpcService (ConfUtils.java:logGet(43)) - raft.grpc.flow.control.window = 1MB (=1048576) (default)
2019-10-22 01:05:32,158 [main] INFO  server.RaftServerConfigKeys (ConfUtils.java:logGet(43)) - raft.server.rpc.request.timeout = 3000ms (default)
2019-10-22 01:05:32,278 [main] INFO  server.RaftServerConfigKeys (ConfUtils.java:logGet(43)) - raft.server.storage.dir = [/workdir/hadoop-ozone/integration-test/target/test-dir/MiniOzoneClusterImpl-891fbafd-cb48-4392-8fd2-d372f9b36073/datanode-0/data/ratis] (custom)
2019-10-22 01:05:32,314 [main] INFO  hdfs.DFSUtil (DFSUtil.java:httpServerTemplateForNNAndJN(1641)) - Starting Web-server for hddsDatanode at: http://0.0.0.0:0
2019-10-22 01:05:32,316 [main] INFO  server.AuthenticationFilter (AuthenticationFilter.java:constructSecretProvider(240)) - Unable to initialize FileSignerSecretProvider, falling back to use random secrets.
2019-10-22 01:05:32,317 [main] WARN  http.HttpRequestLog (HttpRequestLog.java:getRequestLog(97)) - Jetty request log can only be enabled using Log4j
2019-10-22 01:05:32,319 [main] INFO  http.HttpServer2 (HttpServer2.java:addGlobalFilter(975)) - Added global filter 'safety' (class=org.apache.hadoop.http.HttpServer2$QuotingInputFilter)
2019-10-22 01:05:32,319 [main] INFO  http.HttpServer2 (HttpServer2.java:addFilter(948)) - Added filter static_user_filter (class=org.apache.hadoop.http.lib.StaticUserWebFilter$StaticUserFilter) to context hddsDatanode
2019-10-22 01:05:32,320 [main] INFO  http.HttpServer2 (HttpServer2.java:addFilter(958)) - Added filter static_user_filter (class=org.apache.hadoop.http.lib.StaticUserWebFilter$StaticUserFilter) to context logs
2019-10-22 01:05:32,320 [main] INFO  http.HttpServer2 (HttpServer2.java:addFilter(958)) - Added filter static_user_filter (class=org.apache.hadoop.http.lib.StaticUserWebFilter$StaticUserFilter) to context static
2019-10-22 01:05:32,321 [main] INFO  http.HttpServer2 (HttpServer2.java:bindListener(1191)) - Jetty bound to port 44540
2019-10-22 01:05:32,321 [main] INFO  server.Server (Server.java:doStart(351)) - jetty-9.3.25.v20180904, build timestamp: 2018-09-04T21:11:46Z, git hash: 3ce520221d0240229c862b122d2b06c12a625732
2019-10-22 01:05:32,324 [main] INFO  handler.ContextHandler (ContextHandler.java:doStart(781)) - Started o.e.j.s.ServletContextHandler@60cf62ad{/logs,file:///workdir/hadoop-ozone/integration-test/target/log,AVAILABLE}
2019-10-22 01:05:32,324 [main] INFO  handler.ContextHandler (ContextHandler.java:doStart(781)) - Started o.e.j.s.ServletContextHandler@1ac4ccad{/static,jar:file:/home/user/.m2/repository/org/apache/hadoop/hadoop-hdds-container-service/0.5.0-SNAPSHOT/hadoop-hdds-container-service-0.5.0-SNAPSHOT.jar!/webapps/static,AVAILABLE}
2019-10-22 01:05:32,363 [main] INFO  handler.ContextHandler (ContextHandler.java:doStart(781)) - Started o.e.j.w.WebAppContext@de8039f{/,file:///tmp/jetty-0.0.0.0-44540-hddsDatanode-_-any-8624714550878816434.dir/webapp/,AVAILABLE}{/hddsDatanode}
2019-10-22 01:05:32,364 [main] INFO  server.AbstractConnector (AbstractConnector.java:doStart(278)) - Started ServerConnector@1deceb67{HTTP/1.1,[http/1.1]}{0.0.0.0:44540}
2019-10-22 01:05:32,364 [main] INFO  server.Server (Server.java:doStart(419)) - Started @5053ms
2019-10-22 01:05:32,364 [main] WARN  impl.MetricsSystemImpl (MetricsSystemImpl.java:register(276)) - Sink prometheus already exists!
2019-10-22 01:05:32,366 [main] INFO  server.BaseHttpServer (BaseHttpServer.java:updateConnectorAddress(215)) - HTTP server of HDDSDATANODE is listening at http://0.0.0.0:44540
2019-10-22 01:05:32,367 [main] INFO  impl.MetricsSystemImpl (MetricsSystemImpl.java:init(158)) - HddsDatanode metrics system started (again)
2019-10-22 01:05:32,369 [main] INFO  ozone.HddsDatanodeService (HddsDatanodeService.java:start(184)) - HddsDatanodeService host:pr-hdds-2131-5wjdl-3623002096 ip:192.168.157.222
2019-10-22 01:05:32,373 [org.apache.hadoop.util.JvmPauseMonitor$Monitor@1ab45c92] INFO  util.JvmPauseMonitor (JvmPauseMonitor.java:run(188)) - Starting JVM pause monitor
2019-10-22 01:05:32,378 [main] INFO  volume.HddsVolume (HddsVolume.java:<init>(176)) - Creating Volume: /workdir/hadoop-ozone/integration-test/target/test-dir/MiniOzoneClusterImpl-891fbafd-cb48-4392-8fd2-d372f9b36073/datanode-1/data/containers/hdds of  storage type : DISK and capacity : 1482555576320
2019-10-22 01:05:32,380 [main] INFO  volume.VolumeSet (VolumeSet.java:initializeVolumeSet(170)) - Added Volume : /workdir/hadoop-ozone/integration-test/target/test-dir/MiniOzoneClusterImpl-891fbafd-cb48-4392-8fd2-d372f9b36073/datanode-1/data/containers/hdds to VolumeSet
2019-10-22 01:05:32,381 [main] INFO  volume.ThrottledAsyncChecker (ThrottledAsyncChecker.java:schedule(141)) - Scheduling a check for /workdir/hadoop-ozone/integration-test/target/test-dir/MiniOzoneClusterImpl-891fbafd-cb48-4392-8fd2-d372f9b36073/datanode-1/data/containers/hdds
2019-10-22 01:05:32,381 [main] INFO  volume.HddsVolumeChecker (HddsVolumeChecker.java:checkAllVolumes(204)) - Scheduled health check for volume /workdir/hadoop-ozone/integration-test/target/test-dir/MiniOzoneClusterImpl-891fbafd-cb48-4392-8fd2-d372f9b36073/datanode-1/data/containers/hdds
2019-10-22 01:05:32,396 [main] INFO  impl.RaftServerProxy (ConfUtils.java:logGet(43)) - raft.rpc.type = GRPC (default)
2019-10-22 01:05:32,396 [main] INFO  grpc.GrpcFactory (GrpcFactory.java:checkPooledByteBufAllocatorUseCacheForAllThreads(45)) - PERFORMANCE WARNING: useCacheForAllThreads is true that may cause Netty to create a lot garbage objects and, as a result, trigger GC.
	It is recommended to disable useCacheForAllThreads by setting -Dorg.apache.ratis.thirdparty.io.netty.allocator.useCacheForAllThreads=false in command line.
2019-10-22 01:05:32,396 [main] INFO  grpc.GrpcConfigKeys$Server (ConfUtils.java:logGet(43)) - raft.grpc.server.port = 0 (default)
2019-10-22 01:05:32,396 [main] INFO  server.GrpcService (ConfUtils.java:logGet(43)) - raft.grpc.message.size.max = 33570816 (custom)
2019-10-22 01:05:32,397 [main] INFO  server.RaftServerConfigKeys (ConfUtils.java:logGet(43)) - raft.server.log.appender.buffer.byte-limit = 33554432 (custom)
2019-10-22 01:05:32,397 [main] INFO  server.GrpcService (ConfUtils.java:logGet(43)) - raft.grpc.flow.control.window = 1MB (=1048576) (default)
2019-10-22 01:05:32,397 [main] INFO  server.RaftServerConfigKeys (ConfUtils.java:logGet(43)) - raft.server.rpc.request.timeout = 3000ms (default)
2019-10-22 01:05:32,398 [main] INFO  server.RaftServerConfigKeys (ConfUtils.java:logGet(43)) - raft.server.storage.dir = [/workdir/hadoop-ozone/integration-test/target/test-dir/MiniOzoneClusterImpl-891fbafd-cb48-4392-8fd2-d372f9b36073/datanode-1/data/ratis] (custom)
2019-10-22 01:05:32,400 [main] INFO  hdfs.DFSUtil (DFSUtil.java:httpServerTemplateForNNAndJN(1641)) - Starting Web-server for hddsDatanode at: http://0.0.0.0:0
2019-10-22 01:05:32,401 [main] INFO  server.AuthenticationFilter (AuthenticationFilter.java:constructSecretProvider(240)) - Unable to initialize FileSignerSecretProvider, falling back to use random secrets.
2019-10-22 01:05:32,401 [main] WARN  http.HttpRequestLog (HttpRequestLog.java:getRequestLog(97)) - Jetty request log can only be enabled using Log4j
2019-10-22 01:05:32,403 [main] INFO  http.HttpServer2 (HttpServer2.java:addGlobalFilter(975)) - Added global filter 'safety' (class=org.apache.hadoop.http.HttpServer2$QuotingInputFilter)
2019-10-22 01:05:32,403 [main] INFO  http.HttpServer2 (HttpServer2.java:addFilter(948)) - Added filter static_user_filter (class=org.apache.hadoop.http.lib.StaticUserWebFilter$StaticUserFilter) to context hddsDatanode
2019-10-22 01:05:32,404 [main] INFO  http.HttpServer2 (HttpServer2.java:addFilter(958)) - Added filter static_user_filter (class=org.apache.hadoop.http.lib.StaticUserWebFilter$StaticUserFilter) to context logs
2019-10-22 01:05:32,404 [main] INFO  http.HttpServer2 (HttpServer2.java:addFilter(958)) - Added filter static_user_filter (class=org.apache.hadoop.http.lib.StaticUserWebFilter$StaticUserFilter) to context static
2019-10-22 01:05:32,405 [main] INFO  http.HttpServer2 (HttpServer2.java:bindListener(1191)) - Jetty bound to port 45329
2019-10-22 01:05:32,405 [main] INFO  server.Server (Server.java:doStart(351)) - jetty-9.3.25.v20180904, build timestamp: 2018-09-04T21:11:46Z, git hash: 3ce520221d0240229c862b122d2b06c12a625732
2019-10-22 01:05:32,411 [main] INFO  handler.ContextHandler (ContextHandler.java:doStart(781)) - Started o.e.j.s.ServletContextHandler@1907874b{/logs,file:///workdir/hadoop-ozone/integration-test/target/log,AVAILABLE}
2019-10-22 01:05:32,411 [main] INFO  handler.ContextHandler (ContextHandler.java:doStart(781)) - Started o.e.j.s.ServletContextHandler@5b3a7ef5{/static,jar:file:/home/user/.m2/repository/org/apache/hadoop/hadoop-hdds-container-service/0.5.0-SNAPSHOT/hadoop-hdds-container-service-0.5.0-SNAPSHOT.jar!/webapps/static,AVAILABLE}
2019-10-22 01:05:32,442 [main] INFO  handler.ContextHandler (ContextHandler.java:doStart(781)) - Started o.e.j.w.WebAppContext@660f0c{/,file:///tmp/jetty-0.0.0.0-45329-hddsDatanode-_-any-2913585818241781550.dir/webapp/,AVAILABLE}{/hddsDatanode}
2019-10-22 01:05:32,442 [main] INFO  server.AbstractConnector (AbstractConnector.java:doStart(278)) - Started ServerConnector@7a0ef219{HTTP/1.1,[http/1.1]}{0.0.0.0:45329}
2019-10-22 01:05:32,443 [main] INFO  server.Server (Server.java:doStart(419)) - Started @5132ms
2019-10-22 01:05:32,443 [main] WARN  impl.MetricsSystemImpl (MetricsSystemImpl.java:register(276)) - Sink prometheus already exists!
2019-10-22 01:05:32,445 [main] INFO  server.BaseHttpServer (BaseHttpServer.java:updateConnectorAddress(215)) - HTTP server of HDDSDATANODE is listening at http://0.0.0.0:45329
2019-10-22 01:05:32,445 [main] INFO  impl.MetricsSystemImpl (MetricsSystemImpl.java:init(158)) - HddsDatanode metrics system started (again)
2019-10-22 01:05:32,449 [org.apache.hadoop.util.JvmPauseMonitor$Monitor@3fbebb79] INFO  util.JvmPauseMonitor (JvmPauseMonitor.java:run(188)) - Starting JVM pause monitor
2019-10-22 01:05:32,449 [main] INFO  ozone.HddsDatanodeService (HddsDatanodeService.java:start(184)) - HddsDatanodeService host:pr-hdds-2131-5wjdl-3623002096 ip:192.168.157.222
2019-10-22 01:05:32,459 [main] INFO  volume.HddsVolume (HddsVolume.java:<init>(176)) - Creating Volume: /workdir/hadoop-ozone/integration-test/target/test-dir/MiniOzoneClusterImpl-891fbafd-cb48-4392-8fd2-d372f9b36073/datanode-2/data/containers/hdds of  storage type : DISK and capacity : 1482555576320
2019-10-22 01:05:32,460 [main] INFO  volume.VolumeSet (VolumeSet.java:initializeVolumeSet(170)) - Added Volume : /workdir/hadoop-ozone/integration-test/target/test-dir/MiniOzoneClusterImpl-891fbafd-cb48-4392-8fd2-d372f9b36073/datanode-2/data/containers/hdds to VolumeSet
2019-10-22 01:05:32,460 [main] INFO  volume.ThrottledAsyncChecker (ThrottledAsyncChecker.java:schedule(141)) - Scheduling a check for /workdir/hadoop-ozone/integration-test/target/test-dir/MiniOzoneClusterImpl-891fbafd-cb48-4392-8fd2-d372f9b36073/datanode-2/data/containers/hdds
2019-10-22 01:05:32,461 [main] INFO  volume.HddsVolumeChecker (HddsVolumeChecker.java:checkAllVolumes(204)) - Scheduled health check for volume /workdir/hadoop-ozone/integration-test/target/test-dir/MiniOzoneClusterImpl-891fbafd-cb48-4392-8fd2-d372f9b36073/datanode-2/data/containers/hdds
2019-10-22 01:05:32,481 [main] INFO  impl.RaftServerProxy (ConfUtils.java:logGet(43)) - raft.rpc.type = GRPC (default)
2019-10-22 01:05:32,482 [main] INFO  grpc.GrpcFactory (GrpcFactory.java:checkPooledByteBufAllocatorUseCacheForAllThreads(45)) - PERFORMANCE WARNING: useCacheForAllThreads is true that may cause Netty to create a lot garbage objects and, as a result, trigger GC.
	It is recommended to disable useCacheForAllThreads by setting -Dorg.apache.ratis.thirdparty.io.netty.allocator.useCacheForAllThreads=false in command line.
2019-10-22 01:05:32,482 [main] INFO  grpc.GrpcConfigKeys$Server (ConfUtils.java:logGet(43)) - raft.grpc.server.port = 0 (default)
2019-10-22 01:05:32,482 [main] INFO  server.GrpcService (ConfUtils.java:logGet(43)) - raft.grpc.message.size.max = 33570816 (custom)
2019-10-22 01:05:32,483 [main] INFO  server.RaftServerConfigKeys (ConfUtils.java:logGet(43)) - raft.server.log.appender.buffer.byte-limit = 33554432 (custom)
2019-10-22 01:05:32,483 [main] INFO  server.GrpcService (ConfUtils.java:logGet(43)) - raft.grpc.flow.control.window = 1MB (=1048576) (default)
2019-10-22 01:05:32,483 [main] INFO  server.RaftServerConfigKeys (ConfUtils.java:logGet(43)) - raft.server.rpc.request.timeout = 3000ms (default)
2019-10-22 01:05:32,484 [main] INFO  server.RaftServerConfigKeys (ConfUtils.java:logGet(43)) - raft.server.storage.dir = [/workdir/hadoop-ozone/integration-test/target/test-dir/MiniOzoneClusterImpl-891fbafd-cb48-4392-8fd2-d372f9b36073/datanode-2/data/ratis] (custom)
2019-10-22 01:05:32,487 [main] INFO  hdfs.DFSUtil (DFSUtil.java:httpServerTemplateForNNAndJN(1641)) - Starting Web-server for hddsDatanode at: http://0.0.0.0:0
2019-10-22 01:05:32,488 [main] INFO  server.AuthenticationFilter (AuthenticationFilter.java:constructSecretProvider(240)) - Unable to initialize FileSignerSecretProvider, falling back to use random secrets.
2019-10-22 01:05:32,489 [main] WARN  http.HttpRequestLog (HttpRequestLog.java:getRequestLog(97)) - Jetty request log can only be enabled using Log4j
2019-10-22 01:05:32,491 [main] INFO  http.HttpServer2 (HttpServer2.java:addGlobalFilter(975)) - Added global filter 'safety' (class=org.apache.hadoop.http.HttpServer2$QuotingInputFilter)
2019-10-22 01:05:32,492 [main] INFO  http.HttpServer2 (HttpServer2.java:addFilter(948)) - Added filter static_user_filter (class=org.apache.hadoop.http.lib.StaticUserWebFilter$StaticUserFilter) to context hddsDatanode
2019-10-22 01:05:32,493 [main] INFO  http.HttpServer2 (HttpServer2.java:addFilter(958)) - Added filter static_user_filter (class=org.apache.hadoop.http.lib.StaticUserWebFilter$StaticUserFilter) to context logs
2019-10-22 01:05:32,493 [main] INFO  http.HttpServer2 (HttpServer2.java:addFilter(958)) - Added filter static_user_filter (class=org.apache.hadoop.http.lib.StaticUserWebFilter$StaticUserFilter) to context static
2019-10-22 01:05:32,494 [main] INFO  http.HttpServer2 (HttpServer2.java:bindListener(1191)) - Jetty bound to port 46020
2019-10-22 01:05:32,494 [main] INFO  server.Server (Server.java:doStart(351)) - jetty-9.3.25.v20180904, build timestamp: 2018-09-04T21:11:46Z, git hash: 3ce520221d0240229c862b122d2b06c12a625732
2019-10-22 01:05:32,496 [main] INFO  handler.ContextHandler (ContextHandler.java:doStart(781)) - Started o.e.j.s.ServletContextHandler@5fa23c{/logs,file:///workdir/hadoop-ozone/integration-test/target/log,AVAILABLE}
2019-10-22 01:05:32,497 [main] INFO  handler.ContextHandler (ContextHandler.java:doStart(781)) - Started o.e.j.s.ServletContextHandler@433348bc{/static,jar:file:/home/user/.m2/repository/org/apache/hadoop/hadoop-hdds-container-service/0.5.0-SNAPSHOT/hadoop-hdds-container-service-0.5.0-SNAPSHOT.jar!/webapps/static,AVAILABLE}
2019-10-22 01:05:32,497 [Datanode State Machine Thread - 0] INFO  datanode.InitDatanodeState (InitDatanodeState.java:persistContainerDatanodeDetails(140)) - DatanodeDetails is persisted to /workdir/hadoop-ozone/integration-test/target/test-dir/MiniOzoneClusterImpl-891fbafd-cb48-4392-8fd2-d372f9b36073/datanode-0/meta/datanode.id
2019-10-22 01:05:32,502 [Datanode State Machine Thread - 0] INFO  datanode.InitDatanodeState (InitDatanodeState.java:persistContainerDatanodeDetails(140)) - DatanodeDetails is persisted to /workdir/hadoop-ozone/integration-test/target/test-dir/MiniOzoneClusterImpl-891fbafd-cb48-4392-8fd2-d372f9b36073/datanode-1/meta/datanode.id
2019-10-22 01:05:32,532 [main] INFO  handler.ContextHandler (ContextHandler.java:doStart(781)) - Started o.e.j.w.WebAppContext@43e9089{/,file:///tmp/jetty-0.0.0.0-46020-hddsDatanode-_-any-7876997847482102673.dir/webapp/,AVAILABLE}{/hddsDatanode}
2019-10-22 01:05:32,533 [main] INFO  server.AbstractConnector (AbstractConnector.java:doStart(278)) - Started ServerConnector@3c5dbdf8{HTTP/1.1,[http/1.1]}{0.0.0.0:46020}
2019-10-22 01:05:32,534 [main] INFO  server.Server (Server.java:doStart(419)) - Started @5222ms
2019-10-22 01:05:32,534 [main] WARN  impl.MetricsSystemImpl (MetricsSystemImpl.java:register(276)) - Sink prometheus already exists!
2019-10-22 01:05:32,535 [main] INFO  server.BaseHttpServer (BaseHttpServer.java:updateConnectorAddress(215)) - HTTP server of HDDSDATANODE is listening at http://0.0.0.0:46020
2019-10-22 01:05:32,536 [main] INFO  ozone.MiniOzoneClusterImpl (MiniOzoneClusterImpl.java:lambda$waitForClusterToBeReady$0(147)) - Waiting for cluster to be ready. Got 0 of 3 DN Heartbeats.
2019-10-22 01:05:32,538 [org.apache.hadoop.util.JvmPauseMonitor$Monitor@5ed21eb6] INFO  util.JvmPauseMonitor (JvmPauseMonitor.java:run(188)) - Starting JVM pause monitor
2019-10-22 01:05:32,542 [Datanode State Machine Thread - 0] INFO  datanode.InitDatanodeState (InitDatanodeState.java:persistContainerDatanodeDetails(140)) - DatanodeDetails is persisted to /workdir/hadoop-ozone/integration-test/target/test-dir/MiniOzoneClusterImpl-891fbafd-cb48-4392-8fd2-d372f9b36073/datanode-2/meta/datanode.id
2019-10-22 01:05:33,536 [main] INFO  ozone.MiniOzoneClusterImpl (MiniOzoneClusterImpl.java:lambda$waitForClusterToBeReady$0(147)) - Waiting for cluster to be ready. Got 0 of 3 DN Heartbeats.
2019-10-22 01:05:34,468 [Datanode State Machine Thread - 0] INFO  ozoneimpl.OzoneContainer (OzoneContainer.java:start(213)) - Attempting to start container services.
2019-10-22 01:05:34,468 [Datanode State Machine Thread - 0] INFO  ozoneimpl.OzoneContainer (OzoneContainer.java:start(213)) - Attempting to start container services.
2019-10-22 01:05:34,472 [Datanode State Machine Thread - 0] INFO  ozoneimpl.OzoneContainer (OzoneContainer.java:startContainerScrub(177)) - Background container scanner has been disabled.
2019-10-22 01:05:34,472 [Datanode State Machine Thread - 0] INFO  ozoneimpl.OzoneContainer (OzoneContainer.java:startContainerScrub(177)) - Background container scanner has been disabled.
2019-10-22 01:05:34,472 [Datanode State Machine Thread - 0] INFO  ratis.XceiverServerRatis (XceiverServerRatis.java:start(418)) - Starting XceiverServerRatis db7ea609-3ced-42df-bea1-3bd72610fc9e at port 0
2019-10-22 01:05:34,472 [Datanode State Machine Thread - 0] INFO  ratis.XceiverServerRatis (XceiverServerRatis.java:start(418)) - Starting XceiverServerRatis 3c326374-3547-416b-998e-7532ea2ef48b at port 0
2019-10-22 01:05:34,512 [Datanode State Machine Thread - 0] INFO  impl.RaftServerProxy (RaftServerProxy.java:lambda$start$3(299)) - 3c326374-3547-416b-998e-7532ea2ef48b: start RPC server
2019-10-22 01:05:34,512 [Datanode State Machine Thread - 0] INFO  impl.RaftServerProxy (RaftServerProxy.java:lambda$start$3(299)) - db7ea609-3ced-42df-bea1-3bd72610fc9e: start RPC server
2019-10-22 01:05:34,537 [main] INFO  ozone.MiniOzoneClusterImpl (MiniOzoneClusterImpl.java:lambda$waitForClusterToBeReady$0(147)) - Waiting for cluster to be ready. Got 0 of 3 DN Heartbeats.
2019-10-22 01:05:34,549 [Datanode State Machine Thread - 0] INFO  ozoneimpl.OzoneContainer (OzoneContainer.java:start(213)) - Attempting to start container services.
2019-10-22 01:05:34,554 [Datanode State Machine Thread - 0] INFO  ozoneimpl.OzoneContainer (OzoneContainer.java:startContainerScrub(177)) - Background container scanner has been disabled.
2019-10-22 01:05:34,554 [Datanode State Machine Thread - 0] INFO  ratis.XceiverServerRatis (XceiverServerRatis.java:start(418)) - Starting XceiverServerRatis 961c004b-2cdf-4092-9b5c-36f8bd0f140b at port 0
2019-10-22 01:05:34,564 [Datanode State Machine Thread - 0] INFO  impl.RaftServerProxy (RaftServerProxy.java:lambda$start$3(299)) - 961c004b-2cdf-4092-9b5c-36f8bd0f140b: start RPC server
2019-10-22 01:05:34,644 [Datanode State Machine Thread - 0] INFO  server.GrpcService (GrpcService.java:startImpl(158)) - 961c004b-2cdf-4092-9b5c-36f8bd0f140b: GrpcService started, listening on 0.0.0.0/0.0.0.0:44865
2019-10-22 01:05:34,645 [Datanode State Machine Thread - 0] INFO  server.GrpcService (GrpcService.java:startImpl(158)) - 3c326374-3547-416b-998e-7532ea2ef48b: GrpcService started, listening on 0.0.0.0/0.0.0.0:44132
2019-10-22 01:05:34,645 [Datanode State Machine Thread - 0] INFO  ratis.XceiverServerRatis (XceiverServerRatis.java:start(428)) - XceiverServerRatis 961c004b-2cdf-4092-9b5c-36f8bd0f140b is started using port 44865
2019-10-22 01:05:34,645 [Datanode State Machine Thread - 0] INFO  server.GrpcService (GrpcService.java:startImpl(158)) - db7ea609-3ced-42df-bea1-3bd72610fc9e: GrpcService started, listening on 0.0.0.0/0.0.0.0:46031
2019-10-22 01:05:34,645 [Datanode State Machine Thread - 0] INFO  ratis.XceiverServerRatis (XceiverServerRatis.java:start(428)) - XceiverServerRatis 3c326374-3547-416b-998e-7532ea2ef48b is started using port 44132
2019-10-22 01:05:34,646 [Datanode State Machine Thread - 0] INFO  ratis.XceiverServerRatis (XceiverServerRatis.java:start(428)) - XceiverServerRatis db7ea609-3ced-42df-bea1-3bd72610fc9e is started using port 46031
2019-10-22 01:05:34,650 [Datanode State Machine Thread - 0] INFO  server.XceiverServerGrpc (XceiverServerGrpc.java:start(149)) - XceiverServerGrpc 961c004b-2cdf-4092-9b5c-36f8bd0f140b is started using port 37617
2019-10-22 01:05:34,651 [Datanode State Machine Thread - 0] INFO  server.XceiverServerGrpc (XceiverServerGrpc.java:start(149)) - XceiverServerGrpc 3c326374-3547-416b-998e-7532ea2ef48b is started using port 34839
2019-10-22 01:05:34,650 [Datanode State Machine Thread - 0] INFO  server.XceiverServerGrpc (XceiverServerGrpc.java:start(149)) - XceiverServerGrpc db7ea609-3ced-42df-bea1-3bd72610fc9e is started using port 38395
2019-10-22 01:05:35,537 [main] INFO  ozone.MiniOzoneClusterImpl (MiniOzoneClusterImpl.java:lambda$waitForClusterToBeReady$0(147)) - Waiting for cluster to be ready. Got 0 of 3 DN Heartbeats.
2019-10-22 01:05:36,403 [IPC Server handler 0 on 45286] INFO  net.NetworkTopology (NetworkTopologyImpl.java:add(111)) - Added a new node: /default-rack/db7ea609-3ced-42df-bea1-3bd72610fc9e
2019-10-22 01:05:36,405 [IPC Server handler 0 on 45286] INFO  node.SCMNodeManager (SCMNodeManager.java:register(268)) - Registered Data node : db7ea609-3ced-42df-bea1-3bd72610fc9e{ip: 192.168.157.222, host: pr-hdds-2131-5wjdl-3623002096, networkLocation: /default-rack, certSerialId: null}
2019-10-22 01:05:36,407 [EventQueue-NodeRegistrationContainerReportForDataNodeSafeModeRule] INFO  safemode.SCMSafeModeManager (DataNodeSafeModeRule.java:process(71)) - SCM in safe mode. 1 DataNodes registered, 1 required.
2019-10-22 01:05:36,408 [EventQueue-NodeRegistrationContainerReportForContainerSafeModeRule] INFO  safemode.SCMSafeModeManager (SCMSafeModeManager.java:validateSafeModeExitRules(177)) - ScmSafeModeManager, all rules are successfully validated
2019-10-22 01:05:36,408 [EventQueue-NodeRegistrationContainerReportForContainerSafeModeRule] INFO  safemode.SCMSafeModeManager (SCMSafeModeManager.java:exitSafeMode(193)) - SCM exiting safe mode.
2019-10-22 01:05:36,451 [IPC Server handler 1 on 45286] INFO  net.NetworkTopology (NetworkTopologyImpl.java:add(111)) - Added a new node: /default-rack/3c326374-3547-416b-998e-7532ea2ef48b
2019-10-22 01:05:36,451 [IPC Server handler 1 on 45286] INFO  node.SCMNodeManager (SCMNodeManager.java:register(268)) - Registered Data node : 3c326374-3547-416b-998e-7532ea2ef48b{ip: 192.168.157.222, host: pr-hdds-2131-5wjdl-3623002096, networkLocation: /default-rack, certSerialId: null}
2019-10-22 01:05:36,538 [main] INFO  ozone.MiniOzoneClusterImpl (MiniOzoneClusterImpl.java:lambda$waitForClusterToBeReady$0(147)) - Waiting for cluster to be ready. Got 2 of 3 DN Heartbeats.
2019-10-22 01:05:36,541 [IPC Server handler 2 on 45286] INFO  net.NetworkTopology (NetworkTopologyImpl.java:add(111)) - Added a new node: /default-rack/961c004b-2cdf-4092-9b5c-36f8bd0f140b
2019-10-22 01:05:36,541 [IPC Server handler 2 on 45286] INFO  node.SCMNodeManager (SCMNodeManager.java:register(268)) - Registered Data node : 961c004b-2cdf-4092-9b5c-36f8bd0f140b{ip: 192.168.157.222, host: pr-hdds-2131-5wjdl-3623002096, networkLocation: /default-rack, certSerialId: null}
2019-10-22 01:05:36,846 [grpc-default-executor-0] INFO  impl.RaftServerProxy (RaftServerProxy.java:addNew(89)) - db7ea609-3ced-42df-bea1-3bd72610fc9e: addNew group-AE9AD8AD6ECE:[db7ea609-3ced-42df-bea1-3bd72610fc9e:192.168.157.222:46031] returns group-AE9AD8AD6ECE:java.util.concurrent.CompletableFuture@6bc525f5[Not completed]
2019-10-22 01:05:36,858 [pool-27-thread-1] INFO  impl.RaftServerImpl (RaftServerImpl.java:<init>(104)) - db7ea609-3ced-42df-bea1-3bd72610fc9e: new RaftServerImpl for group-AE9AD8AD6ECE:[db7ea609-3ced-42df-bea1-3bd72610fc9e:192.168.157.222:46031] with ContainerStateMachine:uninitialized
2019-10-22 01:05:36,861 [pool-27-thread-1] INFO  server.RaftServerConfigKeys (ConfUtils.java:logGet(43)) - raft.server.rpc.timeout.min = 5s (custom)
2019-10-22 01:05:36,862 [pool-27-thread-1] INFO  server.RaftServerConfigKeys (ConfUtils.java:logGet(43)) - raft.server.rpc.timeout.max = 5200ms (custom)
2019-10-22 01:05:36,862 [pool-27-thread-1] INFO  server.RaftServerConfigKeys (ConfUtils.java:logGet(43)) - raft.server.rpcslowness.timeout = 1000s (custom)
2019-10-22 01:05:36,862 [pool-27-thread-1] INFO  server.RaftServerConfigKeys (ConfUtils.java:logGet(43)) - raft.server.sleep.deviation.threshold = 300 (default)
2019-10-22 01:05:36,863 [pool-27-thread-1] INFO  server.RaftServerConfigKeys (ConfUtils.java:logGet(43)) - raft.server.log.appender.install.snapshot.enabled = false (custom)
2019-10-22 01:05:36,871 [pool-27-thread-1] INFO  impl.RaftServerImpl (ServerState.java:<init>(103)) - db7ea609-3ced-42df-bea1-3bd72610fc9e@group-AE9AD8AD6ECE: ConfigurationManager, init=-1: [db7ea609-3ced-42df-bea1-3bd72610fc9e:192.168.157.222:46031], old=null, confs=<EMPTY_MAP>
2019-10-22 01:05:36,872 [pool-27-thread-1] INFO  server.RaftServerConfigKeys (ConfUtils.java:logGet(43)) - raft.server.storage.dir = [/workdir/hadoop-ozone/integration-test/target/test-dir/MiniOzoneClusterImpl-891fbafd-cb48-4392-8fd2-d372f9b36073/datanode-0/data/ratis] (custom)
2019-10-22 01:05:36,878 [pool-27-thread-1] INFO  server.RaftServerConfigKeys (ConfUtils.java:logGet(43)) - raft.server.log.corruption.policy = EXCEPTION (default)
2019-10-22 01:05:36,880 [pool-27-thread-1] INFO  storage.RaftStorageDirectory (RaftStorageDirectory.java:analyzeStorage(246)) - The storage directory /workdir/hadoop-ozone/integration-test/target/test-dir/MiniOzoneClusterImpl-891fbafd-cb48-4392-8fd2-d372f9b36073/datanode-0/data/ratis/691a2a3f-b5cc-4bda-9ac4-ae9ad8ad6ece does not exist. Creating ...
2019-10-22 01:05:36,890 [pool-27-thread-1] INFO  storage.RaftStorageDirectory (RaftStorageDirectory.java:tryLock(328)) - Lock on /workdir/hadoop-ozone/integration-test/target/test-dir/MiniOzoneClusterImpl-891fbafd-cb48-4392-8fd2-d372f9b36073/datanode-0/data/ratis/691a2a3f-b5cc-4bda-9ac4-ae9ad8ad6ece/in_use.lock acquired by nodename 20038@pr-hdds-2131-5wjdl-3623002096
2019-10-22 01:05:36,907 [pool-27-thread-1] INFO  storage.RaftStorage (RaftStorage.java:format(84)) - Storage directory /workdir/hadoop-ozone/integration-test/target/test-dir/MiniOzoneClusterImpl-891fbafd-cb48-4392-8fd2-d372f9b36073/datanode-0/data/ratis/691a2a3f-b5cc-4bda-9ac4-ae9ad8ad6ece has been successfully formatted.
2019-10-22 01:05:36,909 [pool-27-thread-1] INFO  ratis.ContainerStateMachine (ContainerStateMachine.java:loadSnapshot(231)) - group-AE9AD8AD6ECE: The snapshot info is null. Setting the last applied indexto:(t:0, i:~)
2019-10-22 01:05:36,910 [pool-27-thread-1] INFO  server.RaftServerConfigKeys (ConfUtils.java:logGet(43)) - raft.server.notification.no-leader.timeout = 1000s (custom)
2019-10-22 01:05:36,912 [pool-27-thread-1] INFO  server.RaftServerConfigKeys (ConfUtils.java:logGet(43)) - raft.server.log.use.memory = false (default)
2019-10-22 01:05:36,917 [pool-27-thread-1] INFO  server.RaftServerConfigKeys (ConfUtils.java:logGet(43)) - raft.server.log.purge.gap = 1000000 (custom)
2019-10-22 01:05:36,917 [pool-27-thread-1] INFO  server.RaftServerConfigKeys (ConfUtils.java:logGet(43)) - raft.server.log.appender.buffer.byte-limit = 33554432 (custom)
2019-10-22 01:05:36,919 [pool-27-thread-1] INFO  server.RaftServerConfigKeys (ConfUtils.java:logGet(43)) - raft.server.log.segment.size.max = 1048576 (custom)
2019-10-22 01:05:36,920 [pool-27-thread-1] INFO  impl.MetricsSystemImpl (MetricsSystemImpl.java:init(158)) - ratis metrics system started (again)
2019-10-22 01:05:36,924 [pool-27-thread-1] INFO  metrics.MetricRegistries (MetricRegistriesLoader.java:load(64)) - Loaded MetricRegistries class org.apache.ratis.metrics.impl.MetricRegistriesImpl
2019-10-22 01:05:36,966 [pool-27-thread-1] INFO  server.RaftServerConfigKeys (ConfUtils.java:logGet(43)) - raft.server.log.segment.cache.num.max = 2 (custom)
2019-10-22 01:05:36,973 [pool-27-thread-1] INFO  segmented.SegmentedRaftLogWorker (SegmentedRaftLogWorker.java:<init>(173)) - new db7ea609-3ced-42df-bea1-3bd72610fc9e@group-AE9AD8AD6ECE-SegmentedRaftLogWorker for RaftStorage:Storage Directory /workdir/hadoop-ozone/integration-test/target/test-dir/MiniOzoneClusterImpl-891fbafd-cb48-4392-8fd2-d372f9b36073/datanode-0/data/ratis/691a2a3f-b5cc-4bda-9ac4-ae9ad8ad6ece
2019-10-22 01:05:36,973 [pool-27-thread-1] INFO  server.RaftServerConfigKeys (ConfUtils.java:logGet(43)) - raft.server.log.queue.byte-limit = 2147483647 (custom)
2019-10-22 01:05:36,974 [pool-27-thread-1] INFO  server.RaftServerConfigKeys (ConfUtils.java:logGet(43)) - raft.server.log.queue.element-limit = 1024 (custom)
2019-10-22 01:05:36,975 [pool-27-thread-1] INFO  server.RaftServerConfigKeys (ConfUtils.java:logGet(43)) - raft.server.log.segment.size.max = 1048576 (custom)
2019-10-22 01:05:36,976 [pool-27-thread-1] INFO  server.RaftServerConfigKeys (ConfUtils.java:logGet(43)) - raft.server.log.preallocated.size = 16384 (custom)
2019-10-22 01:05:36,976 [pool-27-thread-1] INFO  server.RaftServerConfigKeys (ConfUtils.java:logGet(43)) - raft.server.log.write.buffer.size = 33554432 (custom)
2019-10-22 01:05:36,977 [pool-27-thread-1] INFO  server.RaftServerConfigKeys (ConfUtils.java:logGet(43)) - raft.server.log.force.sync.num = 128 (default)
2019-10-22 01:05:36,978 [pool-27-thread-1] INFO  server.RaftServerConfigKeys (ConfUtils.java:logGet(43)) - raft.server.log.statemachine.data.sync = true (default)
2019-10-22 01:05:36,978 [pool-27-thread-1] INFO  server.RaftServerConfigKeys (ConfUtils.java:logGet(43)) - raft.server.log.statemachine.data.sync.timeout = 10s (default)
2019-10-22 01:05:36,979 [pool-27-thread-1] INFO  server.RaftServerConfigKeys (ConfUtils.java:logGet(43)) - raft.server.log.statemachine.data.sync.timeout.retry = -1 (default)
2019-10-22 01:05:36,991 [pool-27-thread-1] INFO  server.RaftServerConfigKeys (ConfUtils.java:logGet(43)) - raft.server.log.statemachine.data.caching.enabled = true (custom)
2019-10-22 01:05:36,995 [pool-27-thread-1] INFO  segmented.SegmentedRaftLogWorker (SegmentedRaftLogWorker.java:lambda$new$0(128)) - db7ea609-3ced-42df-bea1-3bd72610fc9e@group-AE9AD8AD6ECE-SegmentedRaftLogWorker: flushIndex: setUnconditionally 0 -> -1
2019-10-22 01:05:36,999 [pool-27-thread-1] INFO  server.RaftServerConfigKeys (ConfUtils.java:logGet(43)) - raft.server.snapshot.auto.trigger.enabled = true (custom)
2019-10-22 01:05:37,000 [pool-27-thread-1] INFO  server.RaftServerConfigKeys (ConfUtils.java:logGet(43)) - raft.server.snapshot.auto.trigger.threshold = 10000 (custom)
2019-10-22 01:05:37,001 [pool-27-thread-1] INFO  server.RaftServerConfigKeys (ConfUtils.java:logGet(43)) - raft.server.snapshot.retention.file.num = 5 (custom)
2019-10-22 01:05:37,001 [pool-27-thread-1] INFO  server.RaftServerConfigKeys (ConfUtils.java:logGet(43)) - raft.server.retrycache.expirytime = 600000ms (custom)
2019-10-22 01:05:37,040 [pool-27-thread-1] INFO  impl.RaftServerImpl (RaftServerImpl.java:start(195)) - db7ea609-3ced-42df-bea1-3bd72610fc9e@group-AE9AD8AD6ECE: start as a follower, conf=-1: [db7ea609-3ced-42df-bea1-3bd72610fc9e:192.168.157.222:46031], old=null
2019-10-22 01:05:37,041 [pool-27-thread-1] INFO  impl.RaftServerImpl (RaftServerImpl.java:setRole(184)) - db7ea609-3ced-42df-bea1-3bd72610fc9e@group-AE9AD8AD6ECE: changes role from      null to FOLLOWER at term 0 for startAsFollower
2019-10-22 01:05:37,043 [pool-27-thread-1] INFO  impl.RoleInfo (RoleInfo.java:updateAndGet(143)) - db7ea609-3ced-42df-bea1-3bd72610fc9e: start FollowerState
2019-10-22 01:05:37,045 [pool-27-thread-1] INFO  util.JmxRegister (JmxRegister.java:tryRegister(44)) - Successfully registered JMX Bean with object name Ratis:service=RaftServer,group=group-AE9AD8AD6ECE,id=db7ea609-3ced-42df-bea1-3bd72610fc9e
2019-10-22 01:05:37,073 [Thread-186] INFO  impl.FollowerState (FollowerState.java:run(108)) - db7ea609-3ced-42df-bea1-3bd72610fc9e@group-AE9AD8AD6ECE-FollowerState: change to CANDIDATE, lastRpcTime:30ms, electionTimeout:29ms
2019-10-22 01:05:37,077 [Thread-186] INFO  impl.RoleInfo (RoleInfo.java:shutdownFollowerState(121)) - db7ea609-3ced-42df-bea1-3bd72610fc9e: shutdown FollowerState
2019-10-22 01:05:37,078 [Thread-186] INFO  impl.RaftServerImpl (RaftServerImpl.java:setRole(184)) - db7ea609-3ced-42df-bea1-3bd72610fc9e@group-AE9AD8AD6ECE: changes role from  FOLLOWER to CANDIDATE at term 0 for changeToCandidate
2019-10-22 01:05:37,082 [Thread-186] INFO  impl.RoleInfo (RoleInfo.java:updateAndGet(143)) - db7ea609-3ced-42df-bea1-3bd72610fc9e: start LeaderElection
2019-10-22 01:05:37,097 [db7ea609-3ced-42df-bea1-3bd72610fc9e@group-AE9AD8AD6ECE-LeaderElection1] INFO  impl.LeaderElection (LeaderElection.java:askForVotes(178)) - db7ea609-3ced-42df-bea1-3bd72610fc9e@group-AE9AD8AD6ECE-LeaderElection1: begin an election at term 1 for -1: [db7ea609-3ced-42df-bea1-3bd72610fc9e:192.168.157.222:46031], old=null
2019-10-22 01:05:37,099 [db7ea609-3ced-42df-bea1-3bd72610fc9e@group-AE9AD8AD6ECE-LeaderElection1] INFO  impl.RoleInfo (RoleInfo.java:shutdownLeaderElection(134)) - db7ea609-3ced-42df-bea1-3bd72610fc9e: shutdown LeaderElection
2019-10-22 01:05:37,099 [db7ea609-3ced-42df-bea1-3bd72610fc9e@group-AE9AD8AD6ECE-LeaderElection1] INFO  impl.RaftServerImpl (RaftServerImpl.java:setRole(184)) - db7ea609-3ced-42df-bea1-3bd72610fc9e@group-AE9AD8AD6ECE: changes role from CANDIDATE to LEADER at term 1 for changeToLeader
2019-10-22 01:05:37,099 [db7ea609-3ced-42df-bea1-3bd72610fc9e@group-AE9AD8AD6ECE-LeaderElection1] INFO  impl.RaftServerImpl (ServerState.java:setLeader(256)) - db7ea609-3ced-42df-bea1-3bd72610fc9e@group-AE9AD8AD6ECE: change Leader from null to db7ea609-3ced-42df-bea1-3bd72610fc9e at term 1 for becomeLeader, leader elected after 189ms
2019-10-22 01:05:37,105 [db7ea609-3ced-42df-bea1-3bd72610fc9e@group-AE9AD8AD6ECE-LeaderElection1] INFO  server.RaftServerConfigKeys (ConfUtils.java:logGet(43)) - raft.server.staging.catchup.gap = 1000 (default)
2019-10-22 01:05:37,105 [db7ea609-3ced-42df-bea1-3bd72610fc9e@group-AE9AD8AD6ECE-LeaderElection1] INFO  server.RaftServerConfigKeys (ConfUtils.java:logGet(43)) - raft.server.rpc.sleep.time = 25ms (default)
2019-10-22 01:05:37,110 [db7ea609-3ced-42df-bea1-3bd72610fc9e@group-AE9AD8AD6ECE-LeaderElection1] INFO  server.RaftServerConfigKeys (ConfUtils.java:logGet(43)) - raft.server.write.element-limit = 4096 (default)
2019-10-22 01:05:37,111 [RatisPipelineUtilsThread] INFO  pipeline.PipelineStateManager (PipelineStateManager.java:addPipeline(56)) - Created pipeline Pipeline[ Id: 691a2a3f-b5cc-4bda-9ac4-ae9ad8ad6ece, Nodes: db7ea609-3ced-42df-bea1-3bd72610fc9e{ip: 192.168.157.222, host: pr-hdds-2131-5wjdl-3623002096, networkLocation: /default-rack, certSerialId: null}, Type:RATIS, Factor:ONE, State:OPEN]
2019-10-22 01:05:37,112 [db7ea609-3ced-42df-bea1-3bd72610fc9e@group-AE9AD8AD6ECE-LeaderElection1] INFO  server.RaftServerConfigKeys (ConfUtils.java:logGet(43)) - raft.server.watch.timeout = 10s (default)
2019-10-22 01:05:37,113 [db7ea609-3ced-42df-bea1-3bd72610fc9e@group-AE9AD8AD6ECE-LeaderElection1] INFO  server.RaftServerConfigKeys (ConfUtils.java:logGet(43)) - raft.server.watch.timeout.denomination = 1s (default)
2019-10-22 01:05:37,114 [db7ea609-3ced-42df-bea1-3bd72610fc9e@group-AE9AD8AD6ECE-LeaderElection1] INFO  server.RaftServerConfigKeys (ConfUtils.java:logGet(43)) - raft.server.watch.element-limit = 65536 (default)
2019-10-22 01:05:37,147 [grpc-default-executor-0] INFO  impl.RaftServerProxy (RaftServerProxy.java:addNew(89)) - 3c326374-3547-416b-998e-7532ea2ef48b: addNew group-D2971D70E949:[3c326374-3547-416b-998e-7532ea2ef48b:192.168.157.222:44132] returns group-D2971D70E949:java.util.concurrent.CompletableFuture@3aece0a3[Not completed]
2019-10-22 01:05:37,149 [pool-37-thread-1] INFO  impl.RaftServerImpl (RaftServerImpl.java:<init>(104)) - 3c326374-3547-416b-998e-7532ea2ef48b: new RaftServerImpl for group-D2971D70E949:[3c326374-3547-416b-998e-7532ea2ef48b:192.168.157.222:44132] with ContainerStateMachine:uninitialized
2019-10-22 01:05:37,149 [pool-37-thread-1] INFO  server.RaftServerConfigKeys (ConfUtils.java:logGet(43)) - raft.server.rpc.timeout.min = 5s (custom)
2019-10-22 01:05:37,150 [pool-37-thread-1] INFO  server.RaftServerConfigKeys (ConfUtils.java:logGet(43)) - raft.server.rpc.timeout.max = 5200ms (custom)
2019-10-22 01:05:37,150 [pool-37-thread-1] INFO  server.RaftServerConfigKeys (ConfUtils.java:logGet(43)) - raft.server.rpcslowness.timeout = 1000s (custom)
2019-10-22 01:05:37,150 [pool-37-thread-1] INFO  server.RaftServerConfigKeys (ConfUtils.java:logGet(43)) - raft.server.sleep.deviation.threshold = 300 (default)
2019-10-22 01:05:37,150 [pool-37-thread-1] INFO  server.RaftServerConfigKeys (ConfUtils.java:logGet(43)) - raft.server.log.appender.install.snapshot.enabled = false (custom)
2019-10-22 01:05:37,150 [pool-37-thread-1] INFO  impl.RaftServerImpl (ServerState.java:<init>(103)) - 3c326374-3547-416b-998e-7532ea2ef48b@group-D2971D70E949: ConfigurationManager, init=-1: [3c326374-3547-416b-998e-7532ea2ef48b:192.168.157.222:44132], old=null, confs=<EMPTY_MAP>
2019-10-22 01:05:37,151 [pool-37-thread-1] INFO  server.RaftServerConfigKeys (ConfUtils.java:logGet(43)) - raft.server.storage.dir = [/workdir/hadoop-ozone/integration-test/target/test-dir/MiniOzoneClusterImpl-891fbafd-cb48-4392-8fd2-d372f9b36073/datanode-1/data/ratis] (custom)
2019-10-22 01:05:37,151 [pool-37-thread-1] INFO  server.RaftServerConfigKeys (ConfUtils.java:logGet(43)) - raft.server.log.corruption.policy = EXCEPTION (default)
2019-10-22 01:05:37,151 [pool-37-thread-1] INFO  storage.RaftStorageDirectory (RaftStorageDirectory.java:analyzeStorage(246)) - The storage directory /workdir/hadoop-ozone/integration-test/target/test-dir/MiniOzoneClusterImpl-891fbafd-cb48-4392-8fd2-d372f9b36073/datanode-1/data/ratis/8800766e-7127-44ef-9e90-d2971d70e949 does not exist. Creating ...
2019-10-22 01:05:37,154 [db7ea609-3ced-42df-bea1-3bd72610fc9e@group-AE9AD8AD6ECE-LeaderElection1] INFO  impl.RoleInfo (RoleInfo.java:updateAndGet(143)) - db7ea609-3ced-42df-bea1-3bd72610fc9e: start LeaderState
2019-10-22 01:05:37,165 [pool-37-thread-1] INFO  storage.RaftStorageDirectory (RaftStorageDirectory.java:tryLock(328)) - Lock on /workdir/hadoop-ozone/integration-test/target/test-dir/MiniOzoneClusterImpl-891fbafd-cb48-4392-8fd2-d372f9b36073/datanode-1/data/ratis/8800766e-7127-44ef-9e90-d2971d70e949/in_use.lock acquired by nodename 20038@pr-hdds-2131-5wjdl-3623002096
2019-10-22 01:05:37,176 [db7ea609-3ced-42df-bea1-3bd72610fc9e@group-AE9AD8AD6ECE-LeaderElection1] INFO  segmented.SegmentedRaftLogWorker (SegmentedRaftLogWorker.java:startLogSegment(385)) - db7ea609-3ced-42df-bea1-3bd72610fc9e@group-AE9AD8AD6ECE-SegmentedRaftLogWorker: Starting segment from index:0
2019-10-22 01:05:37,177 [pool-37-thread-1] INFO  storage.RaftStorage (RaftStorage.java:format(84)) - Storage directory /workdir/hadoop-ozone/integration-test/target/test-dir/MiniOzoneClusterImpl-891fbafd-cb48-4392-8fd2-d372f9b36073/datanode-1/data/ratis/8800766e-7127-44ef-9e90-d2971d70e949 has been successfully formatted.
2019-10-22 01:05:37,181 [pool-37-thread-1] INFO  ratis.ContainerStateMachine (ContainerStateMachine.java:loadSnapshot(231)) - group-D2971D70E949: The snapshot info is null. Setting the last applied indexto:(t:0, i:~)
2019-10-22 01:05:37,182 [pool-37-thread-1] INFO  server.RaftServerConfigKeys (ConfUtils.java:logGet(43)) - raft.server.notification.no-leader.timeout = 1000s (custom)
2019-10-22 01:05:37,183 [pool-37-thread-1] INFO  server.RaftServerConfigKeys (ConfUtils.java:logGet(43)) - raft.server.log.use.memory = false (default)
2019-10-22 01:05:37,183 [pool-37-thread-1] INFO  server.RaftServerConfigKeys (ConfUtils.java:logGet(43)) - raft.server.log.purge.gap = 1000000 (custom)
2019-10-22 01:05:37,183 [pool-37-thread-1] INFO  server.RaftServerConfigKeys (ConfUtils.java:logGet(43)) - raft.server.log.appender.buffer.byte-limit = 33554432 (custom)
2019-10-22 01:05:37,183 [pool-37-thread-1] INFO  server.RaftServerConfigKeys (ConfUtils.java:logGet(43)) - raft.server.log.segment.size.max = 1048576 (custom)
2019-10-22 01:05:37,201 [pool-37-thread-1] INFO  server.RaftServerConfigKeys (ConfUtils.java:logGet(43)) - raft.server.log.segment.cache.num.max = 2 (custom)
2019-10-22 01:05:37,202 [pool-37-thread-1] INFO  segmented.SegmentedRaftLogWorker (SegmentedRaftLogWorker.java:<init>(173)) - new 3c326374-3547-416b-998e-7532ea2ef48b@group-D2971D70E949-SegmentedRaftLogWorker for RaftStorage:Storage Directory /workdir/hadoop-ozone/integration-test/target/test-dir/MiniOzoneClusterImpl-891fbafd-cb48-4392-8fd2-d372f9b36073/datanode-1/data/ratis/8800766e-7127-44ef-9e90-d2971d70e949
2019-10-22 01:05:37,202 [pool-37-thread-1] INFO  server.RaftServerConfigKeys (ConfUtils.java:logGet(43)) - raft.server.log.queue.byte-limit = 2147483647 (custom)
2019-10-22 01:05:37,202 [pool-37-thread-1] INFO  server.RaftServerConfigKeys (ConfUtils.java:logGet(43)) - raft.server.log.queue.element-limit = 1024 (custom)
2019-10-22 01:05:37,202 [pool-37-thread-1] INFO  server.RaftServerConfigKeys (ConfUtils.java:logGet(43)) - raft.server.log.segment.size.max = 1048576 (custom)
2019-10-22 01:05:37,202 [pool-37-thread-1] INFO  server.RaftServerConfigKeys (ConfUtils.java:logGet(43)) - raft.server.log.preallocated.size = 16384 (custom)
2019-10-22 01:05:37,202 [pool-37-thread-1] INFO  server.RaftServerConfigKeys (ConfUtils.java:logGet(43)) - raft.server.log.write.buffer.size = 33554432 (custom)
2019-10-22 01:05:37,202 [pool-37-thread-1] INFO  server.RaftServerConfigKeys (ConfUtils.java:logGet(43)) - raft.server.log.force.sync.num = 128 (default)
2019-10-22 01:05:37,202 [pool-37-thread-1] INFO  server.RaftServerConfigKeys (ConfUtils.java:logGet(43)) - raft.server.log.statemachine.data.sync = true (default)
2019-10-22 01:05:37,203 [pool-37-thread-1] INFO  server.RaftServerConfigKeys (ConfUtils.java:logGet(43)) - raft.server.log.statemachine.data.sync.timeout = 10s (default)
2019-10-22 01:05:37,203 [pool-37-thread-1] INFO  server.RaftServerConfigKeys (ConfUtils.java:logGet(43)) - raft.server.log.statemachine.data.sync.timeout.retry = -1 (default)
2019-10-22 01:05:37,203 [db7ea609-3ced-42df-bea1-3bd72610fc9e@group-AE9AD8AD6ECE-LeaderElection1] INFO  impl.RaftServerImpl (ServerState.java:setRaftConf(357)) - db7ea609-3ced-42df-bea1-3bd72610fc9e@group-AE9AD8AD6ECE: set configuration 0: [db7ea609-3ced-42df-bea1-3bd72610fc9e:192.168.157.222:46031], old=null at 0
2019-10-22 01:05:37,204 [pool-37-thread-1] INFO  server.RaftServerConfigKeys (ConfUtils.java:logGet(43)) - raft.server.log.statemachine.data.caching.enabled = true (custom)
2019-10-22 01:05:37,204 [pool-37-thread-1] INFO  segmented.SegmentedRaftLogWorker (SegmentedRaftLogWorker.java:lambda$new$0(128)) - 3c326374-3547-416b-998e-7532ea2ef48b@group-D2971D70E949-SegmentedRaftLogWorker: flushIndex: setUnconditionally 0 -> -1
2019-10-22 01:05:37,204 [pool-37-thread-1] INFO  server.RaftServerConfigKeys (ConfUtils.java:logGet(43)) - raft.server.snapshot.auto.trigger.enabled = true (custom)
2019-10-22 01:05:37,204 [pool-37-thread-1] INFO  server.RaftServerConfigKeys (ConfUtils.java:logGet(43)) - raft.server.snapshot.auto.trigger.threshold = 10000 (custom)
2019-10-22 01:05:37,205 [pool-37-thread-1] INFO  server.RaftServerConfigKeys (ConfUtils.java:logGet(43)) - raft.server.snapshot.retention.file.num = 5 (custom)
2019-10-22 01:05:37,205 [pool-37-thread-1] INFO  server.RaftServerConfigKeys (ConfUtils.java:logGet(43)) - raft.server.retrycache.expirytime = 600000ms (custom)
2019-10-22 01:05:37,215 [pool-37-thread-1] INFO  impl.RaftServerImpl (RaftServerImpl.java:start(195)) - 3c326374-3547-416b-998e-7532ea2ef48b@group-D2971D70E949: start as a follower, conf=-1: [3c326374-3547-416b-998e-7532ea2ef48b:192.168.157.222:44132], old=null
2019-10-22 01:05:37,215 [pool-37-thread-1] INFO  impl.RaftServerImpl (RaftServerImpl.java:setRole(184)) - 3c326374-3547-416b-998e-7532ea2ef48b@group-D2971D70E949: changes role from      null to FOLLOWER at term 0 for startAsFollower
2019-10-22 01:05:37,215 [pool-37-thread-1] INFO  impl.RoleInfo (RoleInfo.java:updateAndGet(143)) - 3c326374-3547-416b-998e-7532ea2ef48b: start FollowerState
2019-10-22 01:05:37,216 [pool-37-thread-1] INFO  util.JmxRegister (JmxRegister.java:tryRegister(44)) - Successfully registered JMX Bean with object name Ratis:service=RaftServer,group=group-D2971D70E949,id=3c326374-3547-416b-998e-7532ea2ef48b
2019-10-22 01:05:37,228 [RatisPipelineUtilsThread] INFO  pipeline.PipelineStateManager (PipelineStateManager.java:addPipeline(56)) - Created pipeline Pipeline[ Id: 8800766e-7127-44ef-9e90-d2971d70e949, Nodes: 3c326374-3547-416b-998e-7532ea2ef48b{ip: 192.168.157.222, host: pr-hdds-2131-5wjdl-3623002096, networkLocation: /default-rack, certSerialId: null}, Type:RATIS, Factor:ONE, State:OPEN]
2019-10-22 01:05:37,240 [grpc-default-executor-0] INFO  impl.RaftServerProxy (RaftServerProxy.java:addNew(89)) - 961c004b-2cdf-4092-9b5c-36f8bd0f140b: addNew group-807AA9B385CC:[961c004b-2cdf-4092-9b5c-36f8bd0f140b:192.168.157.222:44865] returns group-807AA9B385CC:java.util.concurrent.CompletableFuture@36a2d94c[Not completed]
2019-10-22 01:05:37,247 [pool-47-thread-1] INFO  impl.RaftServerImpl (RaftServerImpl.java:<init>(104)) - 961c004b-2cdf-4092-9b5c-36f8bd0f140b: new RaftServerImpl for group-807AA9B385CC:[961c004b-2cdf-4092-9b5c-36f8bd0f140b:192.168.157.222:44865] with ContainerStateMachine:uninitialized
2019-10-22 01:05:37,248 [pool-47-thread-1] INFO  server.RaftServerConfigKeys (ConfUtils.java:logGet(43)) - raft.server.rpc.timeout.min = 5s (custom)
2019-10-22 01:05:37,248 [pool-47-thread-1] INFO  server.RaftServerConfigKeys (ConfUtils.java:logGet(43)) - raft.server.rpc.timeout.max = 5200ms (custom)
2019-10-22 01:05:37,248 [pool-47-thread-1] INFO  server.RaftServerConfigKeys (ConfUtils.java:logGet(43)) - raft.server.rpcslowness.timeout = 1000s (custom)
2019-10-22 01:05:37,248 [pool-47-thread-1] INFO  server.RaftServerConfigKeys (ConfUtils.java:logGet(43)) - raft.server.sleep.deviation.threshold = 300 (default)
2019-10-22 01:05:37,248 [pool-47-thread-1] INFO  server.RaftServerConfigKeys (ConfUtils.java:logGet(43)) - raft.server.log.appender.install.snapshot.enabled = false (custom)
2019-10-22 01:05:37,248 [pool-47-thread-1] INFO  impl.RaftServerImpl (ServerState.java:<init>(103)) - 961c004b-2cdf-4092-9b5c-36f8bd0f140b@group-807AA9B385CC: ConfigurationManager, init=-1: [961c004b-2cdf-4092-9b5c-36f8bd0f140b:192.168.157.222:44865], old=null, confs=<EMPTY_MAP>
2019-10-22 01:05:37,249 [pool-47-thread-1] INFO  server.RaftServerConfigKeys (ConfUtils.java:logGet(43)) - raft.server.storage.dir = [/workdir/hadoop-ozone/integration-test/target/test-dir/MiniOzoneClusterImpl-891fbafd-cb48-4392-8fd2-d372f9b36073/datanode-2/data/ratis] (custom)
2019-10-22 01:05:37,249 [pool-47-thread-1] INFO  server.RaftServerConfigKeys (ConfUtils.java:logGet(43)) - raft.server.log.corruption.policy = EXCEPTION (default)
2019-10-22 01:05:37,249 [pool-47-thread-1] INFO  storage.RaftStorageDirectory (RaftStorageDirectory.java:analyzeStorage(246)) - The storage directory /workdir/hadoop-ozone/integration-test/target/test-dir/MiniOzoneClusterImpl-891fbafd-cb48-4392-8fd2-d372f9b36073/datanode-2/data/ratis/afe04543-6421-4059-9420-807aa9b385cc does not exist. Creating ...
2019-10-22 01:05:37,262 [pool-47-thread-1] INFO  storage.RaftStorageDirectory (RaftStorageDirectory.java:tryLock(328)) - Lock on /workdir/hadoop-ozone/integration-test/target/test-dir/MiniOzoneClusterImpl-891fbafd-cb48-4392-8fd2-d372f9b36073/datanode-2/data/ratis/afe04543-6421-4059-9420-807aa9b385cc/in_use.lock acquired by nodename 20038@pr-hdds-2131-5wjdl-3623002096
2019-10-22 01:05:37,267 [pool-47-thread-1] INFO  storage.RaftStorage (RaftStorage.java:format(84)) - Storage directory /workdir/hadoop-ozone/integration-test/target/test-dir/MiniOzoneClusterImpl-891fbafd-cb48-4392-8fd2-d372f9b36073/datanode-2/data/ratis/afe04543-6421-4059-9420-807aa9b385cc has been successfully formatted.
2019-10-22 01:05:37,267 [pool-47-thread-1] INFO  ratis.ContainerStateMachine (ContainerStateMachine.java:loadSnapshot(231)) - group-807AA9B385CC: The snapshot info is null. Setting the last applied indexto:(t:0, i:~)
2019-10-22 01:05:37,268 [pool-47-thread-1] INFO  server.RaftServerConfigKeys (ConfUtils.java:logGet(43)) - raft.server.notification.no-leader.timeout = 1000s (custom)
2019-10-22 01:05:37,268 [pool-47-thread-1] INFO  server.RaftServerConfigKeys (ConfUtils.java:logGet(43)) - raft.server.log.use.memory = false (default)
2019-10-22 01:05:37,268 [pool-47-thread-1] INFO  server.RaftServerConfigKeys (ConfUtils.java:logGet(43)) - raft.server.log.purge.gap = 1000000 (custom)
2019-10-22 01:05:37,268 [pool-47-thread-1] INFO  server.RaftServerConfigKeys (ConfUtils.java:logGet(43)) - raft.server.log.appender.buffer.byte-limit = 33554432 (custom)
2019-10-22 01:05:37,268 [pool-47-thread-1] INFO  server.RaftServerConfigKeys (ConfUtils.java:logGet(43)) - raft.server.log.segment.size.max = 1048576 (custom)
2019-10-22 01:05:37,271 [pool-47-thread-1] INFO  server.RaftServerConfigKeys (ConfUtils.java:logGet(43)) - raft.server.log.segment.cache.num.max = 2 (custom)
2019-10-22 01:05:37,271 [pool-47-thread-1] INFO  segmented.SegmentedRaftLogWorker (SegmentedRaftLogWorker.java:<init>(173)) - new 961c004b-2cdf-4092-9b5c-36f8bd0f140b@group-807AA9B385CC-SegmentedRaftLogWorker for RaftStorage:Storage Directory /workdir/hadoop-ozone/integration-test/target/test-dir/MiniOzoneClusterImpl-891fbafd-cb48-4392-8fd2-d372f9b36073/datanode-2/data/ratis/afe04543-6421-4059-9420-807aa9b385cc
2019-10-22 01:05:37,271 [pool-47-thread-1] INFO  server.RaftServerConfigKeys (ConfUtils.java:logGet(43)) - raft.server.log.queue.byte-limit = 2147483647 (custom)
2019-10-22 01:05:37,271 [pool-47-thread-1] INFO  server.RaftServerConfigKeys (ConfUtils.java:logGet(43)) - raft.server.log.queue.element-limit = 1024 (custom)
2019-10-22 01:05:37,271 [pool-47-thread-1] INFO  server.RaftServerConfigKeys (ConfUtils.java:logGet(43)) - raft.server.log.segment.size.max = 1048576 (custom)
2019-10-22 01:05:37,272 [pool-47-thread-1] INFO  server.RaftServerConfigKeys (ConfUtils.java:logGet(43)) - raft.server.log.preallocated.size = 16384 (custom)
2019-10-22 01:05:37,272 [pool-47-thread-1] INFO  server.RaftServerConfigKeys (ConfUtils.java:logGet(43)) - raft.server.log.write.buffer.size = 33554432 (custom)
2019-10-22 01:05:37,272 [pool-47-thread-1] INFO  server.RaftServerConfigKeys (ConfUtils.java:logGet(43)) - raft.server.log.force.sync.num = 128 (default)
2019-10-22 01:05:37,272 [pool-47-thread-1] INFO  server.RaftServerConfigKeys (ConfUtils.java:logGet(43)) - raft.server.log.statemachine.data.sync = true (default)
2019-10-22 01:05:37,272 [pool-47-thread-1] INFO  server.RaftServerConfigKeys (ConfUtils.java:logGet(43)) - raft.server.log.statemachine.data.sync.timeout = 10s (default)
2019-10-22 01:05:37,272 [pool-47-thread-1] INFO  server.RaftServerConfigKeys (ConfUtils.java:logGet(43)) - raft.server.log.statemachine.data.sync.timeout.retry = -1 (default)
2019-10-22 01:05:37,273 [pool-47-thread-1] INFO  server.RaftServerConfigKeys (ConfUtils.java:logGet(43)) - raft.server.log.statemachine.data.caching.enabled = true (custom)
2019-10-22 01:05:37,273 [pool-47-thread-1] INFO  segmented.SegmentedRaftLogWorker (SegmentedRaftLogWorker.java:lambda$new$0(128)) - 961c004b-2cdf-4092-9b5c-36f8bd0f140b@group-807AA9B385CC-SegmentedRaftLogWorker: flushIndex: setUnconditionally 0 -> -1
2019-10-22 01:05:37,273 [pool-47-thread-1] INFO  server.RaftServerConfigKeys (ConfUtils.java:logGet(43)) - raft.server.snapshot.auto.trigger.enabled = true (custom)
2019-10-22 01:05:37,273 [pool-47-thread-1] INFO  server.RaftServerConfigKeys (ConfUtils.java:logGet(43)) - raft.server.snapshot.auto.trigger.threshold = 10000 (custom)
2019-10-22 01:05:37,273 [pool-47-thread-1] INFO  server.RaftServerConfigKeys (ConfUtils.java:logGet(43)) - raft.server.snapshot.retention.file.num = 5 (custom)
2019-10-22 01:05:37,273 [pool-47-thread-1] INFO  server.RaftServerConfigKeys (ConfUtils.java:logGet(43)) - raft.server.retrycache.expirytime = 600000ms (custom)
2019-10-22 01:05:37,277 [pool-47-thread-1] INFO  impl.RaftServerImpl (RaftServerImpl.java:start(195)) - 961c004b-2cdf-4092-9b5c-36f8bd0f140b@group-807AA9B385CC: start as a follower, conf=-1: [961c004b-2cdf-4092-9b5c-36f8bd0f140b:192.168.157.222:44865], old=null
2019-10-22 01:05:37,277 [pool-47-thread-1] INFO  impl.RaftServerImpl (RaftServerImpl.java:setRole(184)) - 961c004b-2cdf-4092-9b5c-36f8bd0f140b@group-807AA9B385CC: changes role from      null to FOLLOWER at term 0 for startAsFollower
2019-10-22 01:05:37,277 [pool-47-thread-1] INFO  impl.RoleInfo (RoleInfo.java:updateAndGet(143)) - 961c004b-2cdf-4092-9b5c-36f8bd0f140b: start FollowerState
2019-10-22 01:05:37,278 [pool-47-thread-1] INFO  util.JmxRegister (JmxRegister.java:tryRegister(44)) - Successfully registered JMX Bean with object name Ratis:service=RaftServer,group=group-807AA9B385CC,id=961c004b-2cdf-4092-9b5c-36f8bd0f140b
2019-10-22 01:05:37,286 [RatisPipelineUtilsThread] INFO  pipeline.PipelineStateManager (PipelineStateManager.java:addPipeline(56)) - Created pipeline Pipeline[ Id: afe04543-6421-4059-9420-807aa9b385cc, Nodes: 961c004b-2cdf-4092-9b5c-36f8bd0f140b{ip: 192.168.157.222, host: pr-hdds-2131-5wjdl-3623002096, networkLocation: /default-rack, certSerialId: null}, Type:RATIS, Factor:ONE, State:OPEN]
2019-10-22 01:05:37,307 [grpc-default-executor-2] INFO  impl.RaftServerProxy (RaftServerProxy.java:addNew(89)) - 961c004b-2cdf-4092-9b5c-36f8bd0f140b: addNew group-3C40BA09D40C:[db7ea609-3ced-42df-bea1-3bd72610fc9e:192.168.157.222:46031, 961c004b-2cdf-4092-9b5c-36f8bd0f140b:192.168.157.222:44865, 3c326374-3547-416b-998e-7532ea2ef48b:192.168.157.222:44132] returns group-3C40BA09D40C:java.util.concurrent.CompletableFuture@60df8130[Not completed]
2019-10-22 01:05:37,307 [grpc-default-executor-1] INFO  impl.RaftServerProxy (RaftServerProxy.java:addNew(89)) - db7ea609-3ced-42df-bea1-3bd72610fc9e: addNew group-3C40BA09D40C:[db7ea609-3ced-42df-bea1-3bd72610fc9e:192.168.157.222:46031, 961c004b-2cdf-4092-9b5c-36f8bd0f140b:192.168.157.222:44865, 3c326374-3547-416b-998e-7532ea2ef48b:192.168.157.222:44132] returns group-3C40BA09D40C:java.util.concurrent.CompletableFuture@12b3c52b[Not completed]
2019-10-22 01:05:37,307 [grpc-default-executor-0] INFO  impl.RaftServerProxy (RaftServerProxy.java:addNew(89)) - 3c326374-3547-416b-998e-7532ea2ef48b: addNew group-3C40BA09D40C:[db7ea609-3ced-42df-bea1-3bd72610fc9e:192.168.157.222:46031, 961c004b-2cdf-4092-9b5c-36f8bd0f140b:192.168.157.222:44865, 3c326374-3547-416b-998e-7532ea2ef48b:192.168.157.222:44132] returns group-3C40BA09D40C:java.util.concurrent.CompletableFuture@7d2f2c62[Not completed]
2019-10-22 01:05:37,308 [pool-47-thread-1] INFO  impl.RaftServerImpl (RaftServerImpl.java:<init>(104)) - 961c004b-2cdf-4092-9b5c-36f8bd0f140b: new RaftServerImpl for group-3C40BA09D40C:[db7ea609-3ced-42df-bea1-3bd72610fc9e:192.168.157.222:46031, 961c004b-2cdf-4092-9b5c-36f8bd0f140b:192.168.157.222:44865, 3c326374-3547-416b-998e-7532ea2ef48b:192.168.157.222:44132] with ContainerStateMachine:uninitialized
2019-10-22 01:05:37,309 [pool-47-thread-1] INFO  server.RaftServerConfigKeys (ConfUtils.java:logGet(43)) - raft.server.rpc.timeout.min = 5s (custom)
2019-10-22 01:05:37,309 [pool-47-thread-1] INFO  server.RaftServerConfigKeys (ConfUtils.java:logGet(43)) - raft.server.rpc.timeout.max = 5200ms (custom)
2019-10-22 01:05:37,309 [pool-47-thread-1] INFO  server.RaftServerConfigKeys (ConfUtils.java:logGet(43)) - raft.server.rpcslowness.timeout = 1000s (custom)
2019-10-22 01:05:37,309 [pool-47-thread-1] INFO  server.RaftServerConfigKeys (ConfUtils.java:logGet(43)) - raft.server.sleep.deviation.threshold = 300 (default)
2019-10-22 01:05:37,309 [pool-47-thread-1] INFO  server.RaftServerConfigKeys (ConfUtils.java:logGet(43)) - raft.server.log.appender.install.snapshot.enabled = false (custom)
2019-10-22 01:05:37,309 [pool-47-thread-1] INFO  impl.RaftServerImpl (ServerState.java:<init>(103)) - 961c004b-2cdf-4092-9b5c-36f8bd0f140b@group-3C40BA09D40C: ConfigurationManager, init=-1: [db7ea609-3ced-42df-bea1-3bd72610fc9e:192.168.157.222:46031, 961c004b-2cdf-4092-9b5c-36f8bd0f140b:192.168.157.222:44865, 3c326374-3547-416b-998e-7532ea2ef48b:192.168.157.222:44132], old=null, confs=<EMPTY_MAP>
2019-10-22 01:05:37,309 [pool-37-thread-1] INFO  impl.RaftServerImpl (RaftServerImpl.java:<init>(104)) - 3c326374-3547-416b-998e-7532ea2ef48b: new RaftServerImpl for group-3C40BA09D40C:[db7ea609-3ced-42df-bea1-3bd72610fc9e:192.168.157.222:46031, 961c004b-2cdf-4092-9b5c-36f8bd0f140b:192.168.157.222:44865, 3c326374-3547-416b-998e-7532ea2ef48b:192.168.157.222:44132] with ContainerStateMachine:uninitialized
2019-10-22 01:05:37,309 [pool-47-thread-1] INFO  server.RaftServerConfigKeys (ConfUtils.java:logGet(43)) - raft.server.storage.dir = [/workdir/hadoop-ozone/integration-test/target/test-dir/MiniOzoneClusterImpl-891fbafd-cb48-4392-8fd2-d372f9b36073/datanode-2/data/ratis] (custom)
2019-10-22 01:05:37,309 [pool-37-thread-1] INFO  server.RaftServerConfigKeys (ConfUtils.java:logGet(43)) - raft.server.rpc.timeout.min = 5s (custom)
2019-10-22 01:05:37,310 [pool-37-thread-1] INFO  server.RaftServerConfigKeys (ConfUtils.java:logGet(43)) - raft.server.rpc.timeout.max = 5200ms (custom)
2019-10-22 01:05:37,310 [pool-47-thread-1] INFO  server.RaftServerConfigKeys (ConfUtils.java:logGet(43)) - raft.server.log.corruption.policy = EXCEPTION (default)
2019-10-22 01:05:37,310 [pool-37-thread-1] INFO  server.RaftServerConfigKeys (ConfUtils.java:logGet(43)) - raft.server.rpcslowness.timeout = 1000s (custom)
2019-10-22 01:05:37,310 [pool-37-thread-1] INFO  server.RaftServerConfigKeys (ConfUtils.java:logGet(43)) - raft.server.sleep.deviation.threshold = 300 (default)
2019-10-22 01:05:37,310 [pool-47-thread-1] INFO  storage.RaftStorageDirectory (RaftStorageDirectory.java:analyzeStorage(246)) - The storage directory /workdir/hadoop-ozone/integration-test/target/test-dir/MiniOzoneClusterImpl-891fbafd-cb48-4392-8fd2-d372f9b36073/datanode-2/data/ratis/2cbd8cfc-dfa6-4d43-b162-3c40ba09d40c does not exist. Creating ...
2019-10-22 01:05:37,310 [pool-37-thread-1] INFO  server.RaftServerConfigKeys (ConfUtils.java:logGet(43)) - raft.server.log.appender.install.snapshot.enabled = false (custom)
2019-10-22 01:05:37,310 [pool-27-thread-1] INFO  impl.RaftServerImpl (RaftServerImpl.java:<init>(104)) - db7ea609-3ced-42df-bea1-3bd72610fc9e: new RaftServerImpl for group-3C40BA09D40C:[db7ea609-3ced-42df-bea1-3bd72610fc9e:192.168.157.222:46031, 961c004b-2cdf-4092-9b5c-36f8bd0f140b:192.168.157.222:44865, 3c326374-3547-416b-998e-7532ea2ef48b:192.168.157.222:44132] with ContainerStateMachine:uninitialized
2019-10-22 01:05:37,310 [pool-37-thread-1] INFO  impl.RaftServerImpl (ServerState.java:<init>(103)) - 3c326374-3547-416b-998e-7532ea2ef48b@group-3C40BA09D40C: ConfigurationManager, init=-1: [db7ea609-3ced-42df-bea1-3bd72610fc9e:192.168.157.222:46031, 961c004b-2cdf-4092-9b5c-36f8bd0f140b:192.168.157.222:44865, 3c326374-3547-416b-998e-7532ea2ef48b:192.168.157.222:44132], old=null, confs=<EMPTY_MAP>
2019-10-22 01:05:37,310 [pool-27-thread-1] INFO  server.RaftServerConfigKeys (ConfUtils.java:logGet(43)) - raft.server.rpc.timeout.min = 5s (custom)
2019-10-22 01:05:37,310 [pool-37-thread-1] INFO  server.RaftServerConfigKeys (ConfUtils.java:logGet(43)) - raft.server.storage.dir = [/workdir/hadoop-ozone/integration-test/target/test-dir/MiniOzoneClusterImpl-891fbafd-cb48-4392-8fd2-d372f9b36073/datanode-1/data/ratis] (custom)
2019-10-22 01:05:37,310 [pool-27-thread-1] INFO  server.RaftServerConfigKeys (ConfUtils.java:logGet(43)) - raft.server.rpc.timeout.max = 5200ms (custom)
2019-10-22 01:05:37,311 [pool-37-thread-1] INFO  server.RaftServerConfigKeys (ConfUtils.java:logGet(43)) - raft.server.log.corruption.policy = EXCEPTION (default)
2019-10-22 01:05:37,311 [pool-27-thread-1] INFO  server.RaftServerConfigKeys (ConfUtils.java:logGet(43)) - raft.server.rpcslowness.timeout = 1000s (custom)
2019-10-22 01:05:37,311 [pool-37-thread-1] INFO  storage.RaftStorageDirectory (RaftStorageDirectory.java:analyzeStorage(246)) - The storage directory /workdir/hadoop-ozone/integration-test/target/test-dir/MiniOzoneClusterImpl-891fbafd-cb48-4392-8fd2-d372f9b36073/datanode-1/data/ratis/2cbd8cfc-dfa6-4d43-b162-3c40ba09d40c does not exist. Creating ...
2019-10-22 01:05:37,311 [pool-27-thread-1] INFO  server.RaftServerConfigKeys (ConfUtils.java:logGet(43)) - raft.server.sleep.deviation.threshold = 300 (default)
2019-10-22 01:05:37,311 [pool-27-thread-1] INFO  server.RaftServerConfigKeys (ConfUtils.java:logGet(43)) - raft.server.log.appender.install.snapshot.enabled = false (custom)
2019-10-22 01:05:37,311 [pool-27-thread-1] INFO  impl.RaftServerImpl (ServerState.java:<init>(103)) - db7ea609-3ced-42df-bea1-3bd72610fc9e@group-3C40BA09D40C: ConfigurationManager, init=-1: [db7ea609-3ced-42df-bea1-3bd72610fc9e:192.168.157.222:46031, 961c004b-2cdf-4092-9b5c-36f8bd0f140b:192.168.157.222:44865, 3c326374-3547-416b-998e-7532ea2ef48b:192.168.157.222:44132], old=null, confs=<EMPTY_MAP>
2019-10-22 01:05:37,311 [pool-27-thread-1] INFO  server.RaftServerConfigKeys (ConfUtils.java:logGet(43)) - raft.server.storage.dir = [/workdir/hadoop-ozone/integration-test/target/test-dir/MiniOzoneClusterImpl-891fbafd-cb48-4392-8fd2-d372f9b36073/datanode-0/data/ratis] (custom)
2019-10-22 01:05:37,311 [pool-27-thread-1] INFO  server.RaftServerConfigKeys (ConfUtils.java:logGet(43)) - raft.server.log.corruption.policy = EXCEPTION (default)
2019-10-22 01:05:37,312 [pool-27-thread-1] INFO  storage.RaftStorageDirectory (RaftStorageDirectory.java:analyzeStorage(246)) - The storage directory /workdir/hadoop-ozone/integration-test/target/test-dir/MiniOzoneClusterImpl-891fbafd-cb48-4392-8fd2-d372f9b36073/datanode-0/data/ratis/2cbd8cfc-dfa6-4d43-b162-3c40ba09d40c does not exist. Creating ...
2019-10-22 01:05:37,319 [pool-37-thread-1] INFO  storage.RaftStorageDirectory (RaftStorageDirectory.java:tryLock(328)) - Lock on /workdir/hadoop-ozone/integration-test/target/test-dir/MiniOzoneClusterImpl-891fbafd-cb48-4392-8fd2-d372f9b36073/datanode-1/data/ratis/2cbd8cfc-dfa6-4d43-b162-3c40ba09d40c/in_use.lock acquired by nodename 20038@pr-hdds-2131-5wjdl-3623002096
2019-10-22 01:05:37,319 [pool-47-thread-1] INFO  storage.RaftStorageDirectory (RaftStorageDirectory.java:tryLock(328)) - Lock on /workdir/hadoop-ozone/integration-test/target/test-dir/MiniOzoneClusterImpl-891fbafd-cb48-4392-8fd2-d372f9b36073/datanode-2/data/ratis/2cbd8cfc-dfa6-4d43-b162-3c40ba09d40c/in_use.lock acquired by nodename 20038@pr-hdds-2131-5wjdl-3623002096
2019-10-22 01:05:37,319 [pool-27-thread-1] INFO  storage.RaftStorageDirectory (RaftStorageDirectory.java:tryLock(328)) - Lock on /workdir/hadoop-ozone/integration-test/target/test-dir/MiniOzoneClusterImpl-891fbafd-cb48-4392-8fd2-d372f9b36073/datanode-0/data/ratis/2cbd8cfc-dfa6-4d43-b162-3c40ba09d40c/in_use.lock acquired by nodename 20038@pr-hdds-2131-5wjdl-3623002096
2019-10-22 01:05:37,333 [pool-37-thread-1] INFO  storage.RaftStorage (RaftStorage.java:format(84)) - Storage directory /workdir/hadoop-ozone/integration-test/target/test-dir/MiniOzoneClusterImpl-891fbafd-cb48-4392-8fd2-d372f9b36073/datanode-1/data/ratis/2cbd8cfc-dfa6-4d43-b162-3c40ba09d40c has been successfully formatted.
2019-10-22 01:05:37,333 [pool-47-thread-1] INFO  storage.RaftStorage (RaftStorage.java:format(84)) - Storage directory /workdir/hadoop-ozone/integration-test/target/test-dir/MiniOzoneClusterImpl-891fbafd-cb48-4392-8fd2-d372f9b36073/datanode-2/data/ratis/2cbd8cfc-dfa6-4d43-b162-3c40ba09d40c has been successfully formatted.
2019-10-22 01:05:37,333 [pool-27-thread-1] INFO  storage.RaftStorage (RaftStorage.java:format(84)) - Storage directory /workdir/hadoop-ozone/integration-test/target/test-dir/MiniOzoneClusterImpl-891fbafd-cb48-4392-8fd2-d372f9b36073/datanode-0/data/ratis/2cbd8cfc-dfa6-4d43-b162-3c40ba09d40c has been successfully formatted.
2019-10-22 01:05:37,333 [pool-37-thread-1] INFO  ratis.ContainerStateMachine (ContainerStateMachine.java:loadSnapshot(231)) - group-3C40BA09D40C: The snapshot info is null. Setting the last applied indexto:(t:0, i:~)
2019-10-22 01:05:37,333 [pool-47-thread-1] INFO  ratis.ContainerStateMachine (ContainerStateMachine.java:loadSnapshot(231)) - group-3C40BA09D40C: The snapshot info is null. Setting the last applied indexto:(t:0, i:~)
2019-10-22 01:05:37,333 [pool-37-thread-1] INFO  server.RaftServerConfigKeys (ConfUtils.java:logGet(43)) - raft.server.notification.no-leader.timeout = 1000s (custom)
2019-10-22 01:05:37,333 [pool-27-thread-1] INFO  ratis.ContainerStateMachine (ContainerStateMachine.java:loadSnapshot(231)) - group-3C40BA09D40C: The snapshot info is null. Setting the last applied indexto:(t:0, i:~)
2019-10-22 01:05:37,333 [pool-37-thread-1] INFO  server.RaftServerConfigKeys (ConfUtils.java:logGet(43)) - raft.server.log.use.memory = false (default)
2019-10-22 01:05:37,334 [pool-37-thread-1] INFO  server.RaftServerConfigKeys (ConfUtils.java:logGet(43)) - raft.server.log.purge.gap = 1000000 (custom)
2019-10-22 01:05:37,333 [pool-47-thread-1] INFO  server.RaftServerConfigKeys (ConfUtils.java:logGet(43)) - raft.server.notification.no-leader.timeout = 1000s (custom)
2019-10-22 01:05:37,334 [pool-37-thread-1] INFO  server.RaftServerConfigKeys (ConfUtils.java:logGet(43)) - raft.server.log.appender.buffer.byte-limit = 33554432 (custom)
2019-10-22 01:05:37,334 [pool-27-thread-1] INFO  server.RaftServerConfigKeys (ConfUtils.java:logGet(43)) - raft.server.notification.no-leader.timeout = 1000s (custom)
2019-10-22 01:05:37,334 [pool-37-thread-1] INFO  server.RaftServerConfigKeys (ConfUtils.java:logGet(43)) - raft.server.log.segment.size.max = 1048576 (custom)
2019-10-22 01:05:37,334 [pool-47-thread-1] INFO  server.RaftServerConfigKeys (ConfUtils.java:logGet(43)) - raft.server.log.use.memory = false (default)
2019-10-22 01:05:37,334 [pool-37-thread-1] INFO  server.RaftServerConfigKeys (ConfUtils.java:logGet(43)) - raft.server.log.segment.cache.num.max = 2 (custom)
2019-10-22 01:05:37,334 [pool-27-thread-1] INFO  server.RaftServerConfigKeys (ConfUtils.java:logGet(43)) - raft.server.log.use.memory = false (default)
2019-10-22 01:05:37,334 [pool-37-thread-1] INFO  segmented.SegmentedRaftLogWorker (SegmentedRaftLogWorker.java:<init>(173)) - new 3c326374-3547-416b-998e-7532ea2ef48b@group-3C40BA09D40C-SegmentedRaftLogWorker for RaftStorage:Storage Directory /workdir/hadoop-ozone/integration-test/target/test-dir/MiniOzoneClusterImpl-891fbafd-cb48-4392-8fd2-d372f9b36073/datanode-1/data/ratis/2cbd8cfc-dfa6-4d43-b162-3c40ba09d40c
2019-10-22 01:05:37,334 [pool-47-thread-1] INFO  server.RaftServerConfigKeys (ConfUtils.java:logGet(43)) - raft.server.log.purge.gap = 1000000 (custom)
2019-10-22 01:05:37,335 [pool-37-thread-1] INFO  server.RaftServerConfigKeys (ConfUtils.java:logGet(43)) - raft.server.log.queue.byte-limit = 2147483647 (custom)
2019-10-22 01:05:37,334 [pool-27-thread-1] INFO  server.RaftServerConfigKeys (ConfUtils.java:logGet(43)) - raft.server.log.purge.gap = 1000000 (custom)
2019-10-22 01:05:37,335 [pool-37-thread-1] INFO  server.RaftServerConfigKeys (ConfUtils.java:logGet(43)) - raft.server.log.queue.element-limit = 1024 (custom)
2019-10-22 01:05:37,335 [pool-47-thread-1] INFO  server.RaftServerConfigKeys (ConfUtils.java:logGet(43)) - raft.server.log.appender.buffer.byte-limit = 33554432 (custom)
2019-10-22 01:05:37,335 [pool-37-thread-1] INFO  server.RaftServerConfigKeys (ConfUtils.java:logGet(43)) - raft.server.log.segment.size.max = 1048576 (custom)
2019-10-22 01:05:37,335 [pool-27-thread-1] INFO  server.RaftServerConfigKeys (ConfUtils.java:logGet(43)) - raft.server.log.appender.buffer.byte-limit = 33554432 (custom)
2019-10-22 01:05:37,335 [pool-37-thread-1] INFO  server.RaftServerConfigKeys (ConfUtils.java:logGet(43)) - raft.server.log.preallocated.size = 16384 (custom)
2019-10-22 01:05:37,335 [pool-47-thread-1] INFO  server.RaftServerConfigKeys (ConfUtils.java:logGet(43)) - raft.server.log.segment.size.max = 1048576 (custom)
2019-10-22 01:05:37,335 [pool-37-thread-1] INFO  server.RaftServerConfigKeys (ConfUtils.java:logGet(43)) - raft.server.log.write.buffer.size = 33554432 (custom)
2019-10-22 01:05:37,335 [pool-27-thread-1] INFO  server.RaftServerConfigKeys (ConfUtils.java:logGet(43)) - raft.server.log.segment.size.max = 1048576 (custom)
2019-10-22 01:05:37,336 [pool-37-thread-1] INFO  server.RaftServerConfigKeys (ConfUtils.java:logGet(43)) - raft.server.log.force.sync.num = 128 (default)
2019-10-22 01:05:37,335 [pool-47-thread-1] INFO  server.RaftServerConfigKeys (ConfUtils.java:logGet(43)) - raft.server.log.segment.cache.num.max = 2 (custom)
2019-10-22 01:05:37,336 [pool-37-thread-1] INFO  server.RaftServerConfigKeys (ConfUtils.java:logGet(43)) - raft.server.log.statemachine.data.sync = true (default)
2019-10-22 01:05:37,336 [pool-27-thread-1] INFO  server.RaftServerConfigKeys (ConfUtils.java:logGet(43)) - raft.server.log.segment.cache.num.max = 2 (custom)
2019-10-22 01:05:37,336 [pool-37-thread-1] INFO  server.RaftServerConfigKeys (ConfUtils.java:logGet(43)) - raft.server.log.statemachine.data.sync.timeout = 10s (default)
2019-10-22 01:05:37,336 [pool-47-thread-1] INFO  segmented.SegmentedRaftLogWorker (SegmentedRaftLogWorker.java:<init>(173)) - new 961c004b-2cdf-4092-9b5c-36f8bd0f140b@group-3C40BA09D40C-SegmentedRaftLogWorker for RaftStorage:Storage Directory /workdir/hadoop-ozone/integration-test/target/test-dir/MiniOzoneClusterImpl-891fbafd-cb48-4392-8fd2-d372f9b36073/datanode-2/data/ratis/2cbd8cfc-dfa6-4d43-b162-3c40ba09d40c
2019-10-22 01:05:37,336 [pool-37-thread-1] INFO  server.RaftServerConfigKeys (ConfUtils.java:logGet(43)) - raft.server.log.statemachine.data.sync.timeout.retry = -1 (default)
2019-10-22 01:05:37,336 [pool-27-thread-1] INFO  segmented.SegmentedRaftLogWorker (SegmentedRaftLogWorker.java:<init>(173)) - new db7ea609-3ced-42df-bea1-3bd72610fc9e@group-3C40BA09D40C-SegmentedRaftLogWorker for RaftStorage:Storage Directory /workdir/hadoop-ozone/integration-test/target/test-dir/MiniOzoneClusterImpl-891fbafd-cb48-4392-8fd2-d372f9b36073/datanode-0/data/ratis/2cbd8cfc-dfa6-4d43-b162-3c40ba09d40c
2019-10-22 01:05:37,336 [pool-47-thread-1] INFO  server.RaftServerConfigKeys (ConfUtils.java:logGet(43)) - raft.server.log.queue.byte-limit = 2147483647 (custom)
2019-10-22 01:05:37,336 [pool-37-thread-1] INFO  server.RaftServerConfigKeys (ConfUtils.java:logGet(43)) - raft.server.log.statemachine.data.caching.enabled = true (custom)
2019-10-22 01:05:37,336 [pool-27-thread-1] INFO  server.RaftServerConfigKeys (ConfUtils.java:logGet(43)) - raft.server.log.queue.byte-limit = 2147483647 (custom)
2019-10-22 01:05:37,336 [pool-47-thread-1] INFO  server.RaftServerConfigKeys (ConfUtils.java:logGet(43)) - raft.server.log.queue.element-limit = 1024 (custom)
2019-10-22 01:05:37,337 [pool-27-thread-1] INFO  server.RaftServerConfigKeys (ConfUtils.java:logGet(43)) - raft.server.log.queue.element-limit = 1024 (custom)
2019-10-22 01:05:37,337 [pool-47-thread-1] INFO  server.RaftServerConfigKeys (ConfUtils.java:logGet(43)) - raft.server.log.segment.size.max = 1048576 (custom)
2019-10-22 01:05:37,337 [pool-37-thread-1] INFO  segmented.SegmentedRaftLogWorker (SegmentedRaftLogWorker.java:lambda$new$0(128)) - 3c326374-3547-416b-998e-7532ea2ef48b@group-3C40BA09D40C-SegmentedRaftLogWorker: flushIndex: setUnconditionally 0 -> -1
2019-10-22 01:05:37,337 [pool-47-thread-1] INFO  server.RaftServerConfigKeys (ConfUtils.java:logGet(43)) - raft.server.log.preallocated.size = 16384 (custom)
2019-10-22 01:05:37,337 [pool-27-thread-1] INFO  server.RaftServerConfigKeys (ConfUtils.java:logGet(43)) - raft.server.log.segment.size.max = 1048576 (custom)
2019-10-22 01:05:37,337 [pool-37-thread-1] INFO  server.RaftServerConfigKeys (ConfUtils.java:logGet(43)) - raft.server.snapshot.auto.trigger.enabled = true (custom)
2019-10-22 01:05:37,337 [pool-47-thread-1] INFO  server.RaftServerConfigKeys (ConfUtils.java:logGet(43)) - raft.server.log.write.buffer.size = 33554432 (custom)
2019-10-22 01:05:37,337 [pool-37-thread-1] INFO  server.RaftServerConfigKeys (ConfUtils.java:logGet(43)) - raft.server.snapshot.auto.trigger.threshold = 10000 (custom)
2019-10-22 01:05:37,337 [pool-27-thread-1] INFO  server.RaftServerConfigKeys (ConfUtils.java:logGet(43)) - raft.server.log.preallocated.size = 16384 (custom)
2019-10-22 01:05:37,337 [pool-37-thread-1] INFO  server.RaftServerConfigKeys (ConfUtils.java:logGet(43)) - raft.server.snapshot.retention.file.num = 5 (custom)
2019-10-22 01:05:37,337 [pool-47-thread-1] INFO  server.RaftServerConfigKeys (ConfUtils.java:logGet(43)) - raft.server.log.force.sync.num = 128 (default)
2019-10-22 01:05:37,338 [pool-37-thread-1] INFO  server.RaftServerConfigKeys (ConfUtils.java:logGet(43)) - raft.server.retrycache.expirytime = 600000ms (custom)
2019-10-22 01:05:37,338 [pool-27-thread-1] INFO  server.RaftServerConfigKeys (ConfUtils.java:logGet(43)) - raft.server.log.write.buffer.size = 33554432 (custom)
2019-10-22 01:05:37,338 [pool-47-thread-1] INFO  server.RaftServerConfigKeys (ConfUtils.java:logGet(43)) - raft.server.log.statemachine.data.sync = true (default)
2019-10-22 01:05:37,338 [pool-27-thread-1] INFO  server.RaftServerConfigKeys (ConfUtils.java:logGet(43)) - raft.server.log.force.sync.num = 128 (default)
2019-10-22 01:05:37,338 [pool-47-thread-1] INFO  server.RaftServerConfigKeys (ConfUtils.java:logGet(43)) - raft.server.log.statemachine.data.sync.timeout = 10s (default)
2019-10-22 01:05:37,338 [pool-27-thread-1] INFO  server.RaftServerConfigKeys (ConfUtils.java:logGet(43)) - raft.server.log.statemachine.data.sync = true (default)
2019-10-22 01:05:37,338 [pool-47-thread-1] INFO  server.RaftServerConfigKeys (ConfUtils.java:logGet(43)) - raft.server.log.statemachine.data.sync.timeout.retry = -1 (default)
2019-10-22 01:05:37,338 [pool-27-thread-1] INFO  server.RaftServerConfigKeys (ConfUtils.java:logGet(43)) - raft.server.log.statemachine.data.sync.timeout = 10s (default)
2019-10-22 01:05:37,338 [pool-27-thread-1] INFO  server.RaftServerConfigKeys (ConfUtils.java:logGet(43)) - raft.server.log.statemachine.data.sync.timeout.retry = -1 (default)
2019-10-22 01:05:37,338 [pool-47-thread-1] INFO  server.RaftServerConfigKeys (ConfUtils.java:logGet(43)) - raft.server.log.statemachine.data.caching.enabled = true (custom)
2019-10-22 01:05:37,339 [pool-27-thread-1] INFO  server.RaftServerConfigKeys (ConfUtils.java:logGet(43)) - raft.server.log.statemachine.data.caching.enabled = true (custom)
2019-10-22 01:05:37,339 [pool-47-thread-1] INFO  segmented.SegmentedRaftLogWorker (SegmentedRaftLogWorker.java:lambda$new$0(128)) - 961c004b-2cdf-4092-9b5c-36f8bd0f140b@group-3C40BA09D40C-SegmentedRaftLogWorker: flushIndex: setUnconditionally 0 -> -1
2019-10-22 01:05:37,339 [pool-27-thread-1] INFO  segmented.SegmentedRaftLogWorker (SegmentedRaftLogWorker.java:lambda$new$0(128)) - db7ea609-3ced-42df-bea1-3bd72610fc9e@group-3C40BA09D40C-SegmentedRaftLogWorker: flushIndex: setUnconditionally 0 -> -1
2019-10-22 01:05:37,339 [pool-47-thread-1] INFO  server.RaftServerConfigKeys (ConfUtils.java:logGet(43)) - raft.server.snapshot.auto.trigger.enabled = true (custom)
2019-10-22 01:05:37,339 [pool-47-thread-1] INFO  server.RaftServerConfigKeys (ConfUtils.java:logGet(43)) - raft.server.snapshot.auto.trigger.threshold = 10000 (custom)
2019-10-22 01:05:37,339 [pool-27-thread-1] INFO  server.RaftServerConfigKeys (ConfUtils.java:logGet(43)) - raft.server.snapshot.auto.trigger.enabled = true (custom)
2019-10-22 01:05:37,339 [pool-47-thread-1] INFO  server.RaftServerConfigKeys (ConfUtils.java:logGet(43)) - raft.server.snapshot.retention.file.num = 5 (custom)
2019-10-22 01:05:37,339 [pool-27-thread-1] INFO  server.RaftServerConfigKeys (ConfUtils.java:logGet(43)) - raft.server.snapshot.auto.trigger.threshold = 10000 (custom)
2019-10-22 01:05:37,339 [pool-47-thread-1] INFO  server.RaftServerConfigKeys (ConfUtils.java:logGet(43)) - raft.server.retrycache.expirytime = 600000ms (custom)
2019-10-22 01:05:37,339 [pool-27-thread-1] INFO  server.RaftServerConfigKeys (ConfUtils.java:logGet(43)) - raft.server.snapshot.retention.file.num = 5 (custom)
2019-10-22 01:05:37,340 [pool-27-thread-1] INFO  server.RaftServerConfigKeys (ConfUtils.java:logGet(43)) - raft.server.retrycache.expirytime = 600000ms (custom)
2019-10-22 01:05:37,340 [pool-37-thread-1] INFO  impl.RaftServerImpl (RaftServerImpl.java:start(195)) - 3c326374-3547-416b-998e-7532ea2ef48b@group-3C40BA09D40C: start as a follower, conf=-1: [db7ea609-3ced-42df-bea1-3bd72610fc9e:192.168.157.222:46031, 961c004b-2cdf-4092-9b5c-36f8bd0f140b:192.168.157.222:44865, 3c326374-3547-416b-998e-7532ea2ef48b:192.168.157.222:44132], old=null
2019-10-22 01:05:37,340 [pool-37-thread-1] INFO  impl.RaftServerImpl (RaftServerImpl.java:setRole(184)) - 3c326374-3547-416b-998e-7532ea2ef48b@group-3C40BA09D40C: changes role from      null to FOLLOWER at term 0 for startAsFollower
2019-10-22 01:05:37,341 [pool-37-thread-1] INFO  impl.RoleInfo (RoleInfo.java:updateAndGet(143)) - 3c326374-3547-416b-998e-7532ea2ef48b: start FollowerState
2019-10-22 01:05:37,341 [pool-37-thread-1] INFO  util.JmxRegister (JmxRegister.java:tryRegister(44)) - Successfully registered JMX Bean with object name Ratis:service=RaftServer,group=group-3C40BA09D40C,id=3c326374-3547-416b-998e-7532ea2ef48b
2019-10-22 01:05:37,342 [pool-47-thread-1] INFO  impl.RaftServerImpl (RaftServerImpl.java:start(195)) - 961c004b-2cdf-4092-9b5c-36f8bd0f140b@group-3C40BA09D40C: start as a follower, conf=-1: [db7ea609-3ced-42df-bea1-3bd72610fc9e:192.168.157.222:46031, 961c004b-2cdf-4092-9b5c-36f8bd0f140b:192.168.157.222:44865, 3c326374-3547-416b-998e-7532ea2ef48b:192.168.157.222:44132], old=null
2019-10-22 01:05:37,342 [pool-47-thread-1] INFO  impl.RaftServerImpl (RaftServerImpl.java:setRole(184)) - 961c004b-2cdf-4092-9b5c-36f8bd0f140b@group-3C40BA09D40C: changes role from      null to FOLLOWER at term 0 for startAsFollower
2019-10-22 01:05:37,342 [pool-47-thread-1] INFO  impl.RoleInfo (RoleInfo.java:updateAndGet(143)) - 961c004b-2cdf-4092-9b5c-36f8bd0f140b: start FollowerState
2019-10-22 01:05:37,342 [pool-27-thread-1] INFO  impl.RaftServerImpl (RaftServerImpl.java:start(195)) - db7ea609-3ced-42df-bea1-3bd72610fc9e@group-3C40BA09D40C: start as a follower, conf=-1: [db7ea609-3ced-42df-bea1-3bd72610fc9e:192.168.157.222:46031, 961c004b-2cdf-4092-9b5c-36f8bd0f140b:192.168.157.222:44865, 3c326374-3547-416b-998e-7532ea2ef48b:192.168.157.222:44132], old=null
2019-10-22 01:05:37,343 [pool-27-thread-1] INFO  impl.RaftServerImpl (RaftServerImpl.java:setRole(184)) - db7ea609-3ced-42df-bea1-3bd72610fc9e@group-3C40BA09D40C: changes role from      null to FOLLOWER at term 0 for startAsFollower
2019-10-22 01:05:37,343 [pool-47-thread-1] INFO  util.JmxRegister (JmxRegister.java:tryRegister(44)) - Successfully registered JMX Bean with object name Ratis:service=RaftServer,group=group-3C40BA09D40C,id=961c004b-2cdf-4092-9b5c-36f8bd0f140b
2019-10-22 01:05:37,343 [pool-27-thread-1] INFO  impl.RoleInfo (RoleInfo.java:updateAndGet(143)) - db7ea609-3ced-42df-bea1-3bd72610fc9e: start FollowerState
2019-10-22 01:05:37,343 [pool-27-thread-1] INFO  util.JmxRegister (JmxRegister.java:tryRegister(44)) - Successfully registered JMX Bean with object name Ratis:service=RaftServer,group=group-3C40BA09D40C,id=db7ea609-3ced-42df-bea1-3bd72610fc9e
2019-10-22 01:05:37,362 [Thread-201] INFO  impl.FollowerState (FollowerState.java:run(108)) - db7ea609-3ced-42df-bea1-3bd72610fc9e@group-3C40BA09D40C-FollowerState: change to CANDIDATE, lastRpcTime:19ms, electionTimeout:19ms
2019-10-22 01:05:37,363 [Thread-201] INFO  impl.RoleInfo (RoleInfo.java:shutdownFollowerState(121)) - db7ea609-3ced-42df-bea1-3bd72610fc9e: shutdown FollowerState
2019-10-22 01:05:37,363 [Thread-201] INFO  impl.RaftServerImpl (RaftServerImpl.java:setRole(184)) - db7ea609-3ced-42df-bea1-3bd72610fc9e@group-3C40BA09D40C: changes role from  FOLLOWER to CANDIDATE at term 0 for changeToCandidate
2019-10-22 01:05:37,363 [Thread-201] INFO  impl.RoleInfo (RoleInfo.java:updateAndGet(143)) - db7ea609-3ced-42df-bea1-3bd72610fc9e: start LeaderElection
2019-10-22 01:05:37,366 [RatisPipelineUtilsThread] INFO  pipeline.PipelineStateManager (PipelineStateManager.java:addPipeline(56)) - Created pipeline Pipeline[ Id: 2cbd8cfc-dfa6-4d43-b162-3c40ba09d40c, Nodes: 3c326374-3547-416b-998e-7532ea2ef48b{ip: 192.168.157.222, host: pr-hdds-2131-5wjdl-3623002096, networkLocation: /default-rack, certSerialId: null}961c004b-2cdf-4092-9b5c-36f8bd0f140b{ip: 192.168.157.222, host: pr-hdds-2131-5wjdl-3623002096, networkLocation: /default-rack, certSerialId: null}db7ea609-3ced-42df-bea1-3bd72610fc9e{ip: 192.168.157.222, host: pr-hdds-2131-5wjdl-3623002096, networkLocation: /default-rack, certSerialId: null}, Type:RATIS, Factor:THREE, State:OPEN]
2019-10-22 01:05:37,371 [db7ea609-3ced-42df-bea1-3bd72610fc9e@group-AE9AD8AD6ECE-SegmentedRaftLogWorker] INFO  segmented.SegmentedRaftLogWorker (SegmentedRaftLogWorker.java:execute(576)) - db7ea609-3ced-42df-bea1-3bd72610fc9e@group-AE9AD8AD6ECE-SegmentedRaftLogWorker: created new log segment /workdir/hadoop-ozone/integration-test/target/test-dir/MiniOzoneClusterImpl-891fbafd-cb48-4392-8fd2-d372f9b36073/datanode-0/data/ratis/691a2a3f-b5cc-4bda-9ac4-ae9ad8ad6ece/current/log_inprogress_0
2019-10-22 01:05:37,371 [db7ea609-3ced-42df-bea1-3bd72610fc9e@group-3C40BA09D40C-LeaderElection2] INFO  impl.LeaderElection (LeaderElection.java:askForVotes(178)) - db7ea609-3ced-42df-bea1-3bd72610fc9e@group-3C40BA09D40C-LeaderElection2: begin an election at term 1 for -1: [db7ea609-3ced-42df-bea1-3bd72610fc9e:192.168.157.222:46031, 961c004b-2cdf-4092-9b5c-36f8bd0f140b:192.168.157.222:44865, 3c326374-3547-416b-998e-7532ea2ef48b:192.168.157.222:44132], old=null
2019-10-22 01:05:37,380 [Thread-191] INFO  impl.FollowerState (FollowerState.java:run(108)) - 3c326374-3547-416b-998e-7532ea2ef48b@group-D2971D70E949-FollowerState: change to CANDIDATE, lastRpcTime:164ms, electionTimeout:164ms
2019-10-22 01:05:37,380 [Thread-191] INFO  impl.RoleInfo (RoleInfo.java:shutdownFollowerState(121)) - 3c326374-3547-416b-998e-7532ea2ef48b: shutdown FollowerState
2019-10-22 01:05:37,380 [Thread-191] INFO  impl.RaftServerImpl (RaftServerImpl.java:setRole(184)) - 3c326374-3547-416b-998e-7532ea2ef48b@group-D2971D70E949: changes role from  FOLLOWER to CANDIDATE at term 0 for changeToCandidate
2019-10-22 01:05:37,380 [Thread-191] INFO  impl.RoleInfo (RoleInfo.java:updateAndGet(143)) - 3c326374-3547-416b-998e-7532ea2ef48b: start LeaderElection
2019-10-22 01:05:37,389 [3c326374-3547-416b-998e-7532ea2ef48b@group-D2971D70E949-LeaderElection3] INFO  impl.LeaderElection (LeaderElection.java:askForVotes(178)) - 3c326374-3547-416b-998e-7532ea2ef48b@group-D2971D70E949-LeaderElection3: begin an election at term 1 for -1: [3c326374-3547-416b-998e-7532ea2ef48b:192.168.157.222:44132], old=null
2019-10-22 01:05:37,389 [3c326374-3547-416b-998e-7532ea2ef48b@group-D2971D70E949-LeaderElection3] INFO  impl.RoleInfo (RoleInfo.java:shutdownLeaderElection(134)) - 3c326374-3547-416b-998e-7532ea2ef48b: shutdown LeaderElection
2019-10-22 01:05:37,389 [3c326374-3547-416b-998e-7532ea2ef48b@group-D2971D70E949-LeaderElection3] INFO  impl.RaftServerImpl (RaftServerImpl.java:setRole(184)) - 3c326374-3547-416b-998e-7532ea2ef48b@group-D2971D70E949: changes role from CANDIDATE to LEADER at term 1 for changeToLeader
2019-10-22 01:05:37,389 [3c326374-3547-416b-998e-7532ea2ef48b@group-D2971D70E949-LeaderElection3] INFO  impl.RaftServerImpl (ServerState.java:setLeader(256)) - 3c326374-3547-416b-998e-7532ea2ef48b@group-D2971D70E949: change Leader from null to 3c326374-3547-416b-998e-7532ea2ef48b at term 1 for becomeLeader, leader elected after 206ms
2019-10-22 01:05:37,389 [3c326374-3547-416b-998e-7532ea2ef48b@group-D2971D70E949-LeaderElection3] INFO  server.RaftServerConfigKeys (ConfUtils.java:logGet(43)) - raft.server.staging.catchup.gap = 1000 (default)
2019-10-22 01:05:37,389 [3c326374-3547-416b-998e-7532ea2ef48b@group-D2971D70E949-LeaderElection3] INFO  server.RaftServerConfigKeys (ConfUtils.java:logGet(43)) - raft.server.rpc.sleep.time = 25ms (default)
2019-10-22 01:05:37,390 [3c326374-3547-416b-998e-7532ea2ef48b@group-D2971D70E949-LeaderElection3] INFO  server.RaftServerConfigKeys (ConfUtils.java:logGet(43)) - raft.server.write.element-limit = 4096 (default)
2019-10-22 01:05:37,390 [3c326374-3547-416b-998e-7532ea2ef48b@group-D2971D70E949-LeaderElection3] INFO  server.RaftServerConfigKeys (ConfUtils.java:logGet(43)) - raft.server.watch.timeout = 10s (default)
2019-10-22 01:05:37,390 [3c326374-3547-416b-998e-7532ea2ef48b@group-D2971D70E949-LeaderElection3] INFO  server.RaftServerConfigKeys (ConfUtils.java:logGet(43)) - raft.server.watch.timeout.denomination = 1s (default)
2019-10-22 01:05:37,390 [3c326374-3547-416b-998e-7532ea2ef48b@group-D2971D70E949-LeaderElection3] INFO  server.RaftServerConfigKeys (ConfUtils.java:logGet(43)) - raft.server.watch.element-limit = 65536 (default)
2019-10-22 01:05:37,393 [3c326374-3547-416b-998e-7532ea2ef48b@group-D2971D70E949-LeaderElection3] INFO  impl.RoleInfo (RoleInfo.java:updateAndGet(143)) - 3c326374-3547-416b-998e-7532ea2ef48b: start LeaderState
2019-10-22 01:05:37,393 [3c326374-3547-416b-998e-7532ea2ef48b@group-D2971D70E949-LeaderElection3] INFO  segmented.SegmentedRaftLogWorker (SegmentedRaftLogWorker.java:startLogSegment(385)) - 3c326374-3547-416b-998e-7532ea2ef48b@group-D2971D70E949-SegmentedRaftLogWorker: Starting segment from index:0
2019-10-22 01:05:37,394 [3c326374-3547-416b-998e-7532ea2ef48b@group-D2971D70E949-LeaderElection3] INFO  impl.RaftServerImpl (ServerState.java:setRaftConf(357)) - 3c326374-3547-416b-998e-7532ea2ef48b@group-D2971D70E949: set configuration 0: [3c326374-3547-416b-998e-7532ea2ef48b:192.168.157.222:44132], old=null at 0
2019-10-22 01:05:37,423 [grpc-default-executor-0] INFO  impl.RaftServerImpl (RaftServerImpl.java:setRole(184)) - 3c326374-3547-416b-998e-7532ea2ef48b@group-3C40BA09D40C: changes role from  FOLLOWER to FOLLOWER at term 1 for recognizeCandidate:db7ea609-3ced-42df-bea1-3bd72610fc9e
2019-10-22 01:05:37,423 [grpc-default-executor-1] INFO  impl.RaftServerImpl (RaftServerImpl.java:setRole(184)) - 961c004b-2cdf-4092-9b5c-36f8bd0f140b@group-3C40BA09D40C: changes role from  FOLLOWER to FOLLOWER at term 1 for recognizeCandidate:db7ea609-3ced-42df-bea1-3bd72610fc9e
2019-10-22 01:05:37,423 [grpc-default-executor-0] INFO  impl.RoleInfo (RoleInfo.java:shutdownFollowerState(121)) - 3c326374-3547-416b-998e-7532ea2ef48b: shutdown FollowerState
2019-10-22 01:05:37,423 [grpc-default-executor-1] INFO  impl.RoleInfo (RoleInfo.java:shutdownFollowerState(121)) - 961c004b-2cdf-4092-9b5c-36f8bd0f140b: shutdown FollowerState
2019-10-22 01:05:37,423 [grpc-default-executor-0] INFO  impl.RoleInfo (RoleInfo.java:updateAndGet(143)) - 3c326374-3547-416b-998e-7532ea2ef48b: start FollowerState
2019-10-22 01:05:37,423 [Thread-199] INFO  impl.FollowerState (FollowerState.java:run(117)) - 3c326374-3547-416b-998e-7532ea2ef48b@group-3C40BA09D40C-FollowerState was interrupted: java.lang.InterruptedException: sleep interrupted
2019-10-22 01:05:37,423 [grpc-default-executor-1] INFO  impl.RoleInfo (RoleInfo.java:updateAndGet(143)) - 961c004b-2cdf-4092-9b5c-36f8bd0f140b: start FollowerState
2019-10-22 01:05:37,423 [Thread-200] INFO  impl.FollowerState (FollowerState.java:run(117)) - 961c004b-2cdf-4092-9b5c-36f8bd0f140b@group-3C40BA09D40C-FollowerState was interrupted: java.lang.InterruptedException: sleep interrupted
2019-10-22 01:05:37,442 [3c326374-3547-416b-998e-7532ea2ef48b@group-D2971D70E949-SegmentedRaftLogWorker] INFO  segmented.SegmentedRaftLogWorker (SegmentedRaftLogWorker.java:execute(576)) - 3c326374-3547-416b-998e-7532ea2ef48b@group-D2971D70E949-SegmentedRaftLogWorker: created new log segment /workdir/hadoop-ozone/integration-test/target/test-dir/MiniOzoneClusterImpl-891fbafd-cb48-4392-8fd2-d372f9b36073/datanode-1/data/ratis/8800766e-7127-44ef-9e90-d2971d70e949/current/log_inprogress_0
2019-10-22 01:05:37,443 [db7ea609-3ced-42df-bea1-3bd72610fc9e@group-3C40BA09D40C-LeaderElection2] INFO  impl.LeaderElection (LeaderElection.java:logAndReturn(56)) - db7ea609-3ced-42df-bea1-3bd72610fc9e@group-3C40BA09D40C-LeaderElection2: Election TIMEOUT; received 0 response(s) [] and 0 exception(s); db7ea609-3ced-42df-bea1-3bd72610fc9e@group-3C40BA09D40C:t1, leader=null, voted=db7ea609-3ced-42df-bea1-3bd72610fc9e, raftlog=db7ea609-3ced-42df-bea1-3bd72610fc9e@group-3C40BA09D40C-SegmentedRaftLog:OPENED:c-1,f-1,i0, conf=-1: [db7ea609-3ced-42df-bea1-3bd72610fc9e:192.168.157.222:46031, 961c004b-2cdf-4092-9b5c-36f8bd0f140b:192.168.157.222:44865, 3c326374-3547-416b-998e-7532ea2ef48b:192.168.157.222:44132], old=null
2019-10-22 01:05:37,453 [Thread-194] INFO  impl.FollowerState (FollowerState.java:run(108)) - 961c004b-2cdf-4092-9b5c-36f8bd0f140b@group-807AA9B385CC-FollowerState: change to CANDIDATE, lastRpcTime:175ms, electionTimeout:175ms
2019-10-22 01:05:37,453 [Thread-194] INFO  impl.RoleInfo (RoleInfo.java:shutdownFollowerState(121)) - 961c004b-2cdf-4092-9b5c-36f8bd0f140b: shutdown FollowerState
2019-10-22 01:05:37,453 [Thread-194] INFO  impl.RaftServerImpl (RaftServerImpl.java:setRole(184)) - 961c004b-2cdf-4092-9b5c-36f8bd0f140b@group-807AA9B385CC: changes role from  FOLLOWER to CANDIDATE at term 0 for changeToCandidate
2019-10-22 01:05:37,453 [Thread-194] INFO  impl.RoleInfo (RoleInfo.java:updateAndGet(143)) - 961c004b-2cdf-4092-9b5c-36f8bd0f140b: start LeaderElection
2019-10-22 01:05:37,469 [961c004b-2cdf-4092-9b5c-36f8bd0f140b@group-807AA9B385CC-LeaderElection4] INFO  impl.LeaderElection (LeaderElection.java:askForVotes(178)) - 961c004b-2cdf-4092-9b5c-36f8bd0f140b@group-807AA9B385CC-LeaderElection4: begin an election at term 1 for -1: [961c004b-2cdf-4092-9b5c-36f8bd0f140b:192.168.157.222:44865], old=null
2019-10-22 01:05:37,469 [db7ea609-3ced-42df-bea1-3bd72610fc9e@group-3C40BA09D40C-LeaderElection2] INFO  impl.LeaderElection (LeaderElection.java:askForVotes(178)) - db7ea609-3ced-42df-bea1-3bd72610fc9e@group-3C40BA09D40C-LeaderElection2: begin an election at term 2 for -1: [db7ea609-3ced-42df-bea1-3bd72610fc9e:192.168.157.222:46031, 961c004b-2cdf-4092-9b5c-36f8bd0f140b:192.168.157.222:44865, 3c326374-3547-416b-998e-7532ea2ef48b:192.168.157.222:44132], old=null
2019-10-22 01:05:37,470 [961c004b-2cdf-4092-9b5c-36f8bd0f140b@group-807AA9B385CC-LeaderElection4] INFO  impl.RoleInfo (RoleInfo.java:shutdownLeaderElection(134)) - 961c004b-2cdf-4092-9b5c-36f8bd0f140b: shutdown LeaderElection
2019-10-22 01:05:37,470 [961c004b-2cdf-4092-9b5c-36f8bd0f140b@group-807AA9B385CC-LeaderElection4] INFO  impl.RaftServerImpl (RaftServerImpl.java:setRole(184)) - 961c004b-2cdf-4092-9b5c-36f8bd0f140b@group-807AA9B385CC: changes role from CANDIDATE to LEADER at term 1 for changeToLeader
2019-10-22 01:05:37,470 [961c004b-2cdf-4092-9b5c-36f8bd0f140b@group-807AA9B385CC-LeaderElection4] INFO  impl.RaftServerImpl (ServerState.java:setLeader(256)) - 961c004b-2cdf-4092-9b5c-36f8bd0f140b@group-807AA9B385CC: change Leader from null to 961c004b-2cdf-4092-9b5c-36f8bd0f140b at term 1 for becomeLeader, leader elected after 202ms
2019-10-22 01:05:37,470 [961c004b-2cdf-4092-9b5c-36f8bd0f140b@group-807AA9B385CC-LeaderElection4] INFO  server.RaftServerConfigKeys (ConfUtils.java:logGet(43)) - raft.server.staging.catchup.gap = 1000 (default)
2019-10-22 01:05:37,470 [961c004b-2cdf-4092-9b5c-36f8bd0f140b@group-807AA9B385CC-LeaderElection4] INFO  server.RaftServerConfigKeys (ConfUtils.java:logGet(43)) - raft.server.rpc.sleep.time = 25ms (default)
2019-10-22 01:05:37,470 [961c004b-2cdf-4092-9b5c-36f8bd0f140b@group-807AA9B385CC-LeaderElection4] INFO  server.RaftServerConfigKeys (ConfUtils.java:logGet(43)) - raft.server.write.element-limit = 4096 (default)
2019-10-22 01:05:37,471 [961c004b-2cdf-4092-9b5c-36f8bd0f140b@group-807AA9B385CC-LeaderElection4] INFO  server.RaftServerConfigKeys (ConfUtils.java:logGet(43)) - raft.server.watch.timeout = 10s (default)
2019-10-22 01:05:37,471 [961c004b-2cdf-4092-9b5c-36f8bd0f140b@group-807AA9B385CC-LeaderElection4] INFO  server.RaftServerConfigKeys (ConfUtils.java:logGet(43)) - raft.server.watch.timeout.denomination = 1s (default)
2019-10-22 01:05:37,471 [961c004b-2cdf-4092-9b5c-36f8bd0f140b@group-807AA9B385CC-LeaderElection4] INFO  server.RaftServerConfigKeys (ConfUtils.java:logGet(43)) - raft.server.watch.element-limit = 65536 (default)
2019-10-22 01:05:37,474 [grpc-default-executor-0] INFO  impl.RaftServerImpl (RaftServerImpl.java:setRole(184)) - 3c326374-3547-416b-998e-7532ea2ef48b@group-3C40BA09D40C: changes role from  FOLLOWER to FOLLOWER at term 2 for recognizeCandidate:db7ea609-3ced-42df-bea1-3bd72610fc9e
2019-10-22 01:05:37,474 [grpc-default-executor-0] INFO  impl.RoleInfo (RoleInfo.java:shutdownFollowerState(121)) - 3c326374-3547-416b-998e-7532ea2ef48b: shutdown FollowerState
2019-10-22 01:05:37,474 [Thread-210] INFO  impl.FollowerState (FollowerState.java:run(117)) - 3c326374-3547-416b-998e-7532ea2ef48b@group-3C40BA09D40C-FollowerState was interrupted: java.lang.InterruptedException: sleep interrupted
2019-10-22 01:05:37,474 [grpc-default-executor-0] INFO  impl.RoleInfo (RoleInfo.java:updateAndGet(143)) - 3c326374-3547-416b-998e-7532ea2ef48b: start FollowerState
2019-10-22 01:05:37,474 [grpc-default-executor-1] INFO  impl.RaftServerImpl (RaftServerImpl.java:setRole(184)) - 961c004b-2cdf-4092-9b5c-36f8bd0f140b@group-3C40BA09D40C: changes role from  FOLLOWER to FOLLOWER at term 2 for recognizeCandidate:db7ea609-3ced-42df-bea1-3bd72610fc9e
2019-10-22 01:05:37,475 [grpc-default-executor-1] INFO  impl.RoleInfo (RoleInfo.java:shutdownFollowerState(121)) - 961c004b-2cdf-4092-9b5c-36f8bd0f140b: shutdown FollowerState
2019-10-22 01:05:37,475 [Thread-211] INFO  impl.FollowerState (FollowerState.java:run(117)) - 961c004b-2cdf-4092-9b5c-36f8bd0f140b@group-3C40BA09D40C-FollowerState was interrupted: java.lang.InterruptedException: sleep interrupted
2019-10-22 01:05:37,475 [grpc-default-executor-1] INFO  impl.RoleInfo (RoleInfo.java:updateAndGet(143)) - 961c004b-2cdf-4092-9b5c-36f8bd0f140b: start FollowerState
2019-10-22 01:05:37,475 [961c004b-2cdf-4092-9b5c-36f8bd0f140b@group-807AA9B385CC-LeaderElection4] INFO  impl.RoleInfo (RoleInfo.java:updateAndGet(143)) - 961c004b-2cdf-4092-9b5c-36f8bd0f140b: start LeaderState
2019-10-22 01:05:37,476 [961c004b-2cdf-4092-9b5c-36f8bd0f140b@group-807AA9B385CC-LeaderElection4] INFO  segmented.SegmentedRaftLogWorker (SegmentedRaftLogWorker.java:startLogSegment(385)) - 961c004b-2cdf-4092-9b5c-36f8bd0f140b@group-807AA9B385CC-SegmentedRaftLogWorker: Starting segment from index:0
2019-10-22 01:05:37,477 [961c004b-2cdf-4092-9b5c-36f8bd0f140b@group-807AA9B385CC-LeaderElection4] INFO  impl.RaftServerImpl (ServerState.java:setRaftConf(357)) - 961c004b-2cdf-4092-9b5c-36f8bd0f140b@group-807AA9B385CC: set configuration 0: [961c004b-2cdf-4092-9b5c-36f8bd0f140b:192.168.157.222:44865], old=null at 0
2019-10-22 01:05:37,504 [Thread-217] INFO  impl.FollowerState (FollowerState.java:run(108)) - 961c004b-2cdf-4092-9b5c-36f8bd0f140b@group-3C40BA09D40C-FollowerState: change to CANDIDATE, lastRpcTime:29ms, electionTimeout:21ms
2019-10-22 01:05:37,504 [Thread-217] INFO  impl.RoleInfo (RoleInfo.java:shutdownFollowerState(121)) - 961c004b-2cdf-4092-9b5c-36f8bd0f140b: shutdown FollowerState
2019-10-22 01:05:37,504 [Thread-217] INFO  impl.RaftServerImpl (RaftServerImpl.java:setRole(184)) - 961c004b-2cdf-4092-9b5c-36f8bd0f140b@group-3C40BA09D40C: changes role from  FOLLOWER to CANDIDATE at term 2 for changeToCandidate
2019-10-22 01:05:37,505 [Thread-217] INFO  impl.RoleInfo (RoleInfo.java:updateAndGet(143)) - 961c004b-2cdf-4092-9b5c-36f8bd0f140b: start LeaderElection
2019-10-22 01:05:37,509 [db7ea609-3ced-42df-bea1-3bd72610fc9e@group-3C40BA09D40C-LeaderElection2] INFO  impl.LeaderElection (LeaderElection.java:logAndReturn(56)) - db7ea609-3ced-42df-bea1-3bd72610fc9e@group-3C40BA09D40C-LeaderElection2: Election PASSED; received 1 response(s) [db7ea609-3ced-42df-bea1-3bd72610fc9e<-961c004b-2cdf-4092-9b5c-36f8bd0f140b#0:OK-t2] and 0 exception(s); db7ea609-3ced-42df-bea1-3bd72610fc9e@group-3C40BA09D40C:t2, leader=null, voted=db7ea609-3ced-42df-bea1-3bd72610fc9e, raftlog=db7ea609-3ced-42df-bea1-3bd72610fc9e@group-3C40BA09D40C-SegmentedRaftLog:OPENED:c-1,f-1,i0, conf=-1: [db7ea609-3ced-42df-bea1-3bd72610fc9e:192.168.157.222:46031, 961c004b-2cdf-4092-9b5c-36f8bd0f140b:192.168.157.222:44865, 3c326374-3547-416b-998e-7532ea2ef48b:192.168.157.222:44132], old=null
2019-10-22 01:05:37,509 [db7ea609-3ced-42df-bea1-3bd72610fc9e@group-3C40BA09D40C-LeaderElection2] INFO  impl.RoleInfo (RoleInfo.java:shutdownLeaderElection(134)) - db7ea609-3ced-42df-bea1-3bd72610fc9e: shutdown LeaderElection
2019-10-22 01:05:37,509 [db7ea609-3ced-42df-bea1-3bd72610fc9e@group-3C40BA09D40C-LeaderElection2] INFO  impl.RaftServerImpl (RaftServerImpl.java:setRole(184)) - db7ea609-3ced-42df-bea1-3bd72610fc9e@group-3C40BA09D40C: changes role from CANDIDATE to LEADER at term 2 for changeToLeader
2019-10-22 01:05:37,510 [db7ea609-3ced-42df-bea1-3bd72610fc9e@group-3C40BA09D40C-LeaderElection2] INFO  impl.RaftServerImpl (ServerState.java:setLeader(256)) - db7ea609-3ced-42df-bea1-3bd72610fc9e@group-3C40BA09D40C: change Leader from null to db7ea609-3ced-42df-bea1-3bd72610fc9e at term 2 for becomeLeader, leader elected after 176ms
2019-10-22 01:05:37,510 [db7ea609-3ced-42df-bea1-3bd72610fc9e@group-3C40BA09D40C-LeaderElection2] INFO  server.RaftServerConfigKeys (ConfUtils.java:logGet(43)) - raft.server.staging.catchup.gap = 1000 (default)
2019-10-22 01:05:37,510 [db7ea609-3ced-42df-bea1-3bd72610fc9e@group-3C40BA09D40C-LeaderElection2] INFO  server.RaftServerConfigKeys (ConfUtils.java:logGet(43)) - raft.server.rpc.sleep.time = 25ms (default)
2019-10-22 01:05:37,510 [db7ea609-3ced-42df-bea1-3bd72610fc9e@group-3C40BA09D40C-LeaderElection2] INFO  server.RaftServerConfigKeys (ConfUtils.java:logGet(43)) - raft.server.write.element-limit = 4096 (default)
2019-10-22 01:05:37,510 [db7ea609-3ced-42df-bea1-3bd72610fc9e@group-3C40BA09D40C-LeaderElection2] INFO  server.RaftServerConfigKeys (ConfUtils.java:logGet(43)) - raft.server.watch.timeout = 10s (default)
2019-10-22 01:05:37,510 [db7ea609-3ced-42df-bea1-3bd72610fc9e@group-3C40BA09D40C-LeaderElection2] INFO  server.RaftServerConfigKeys (ConfUtils.java:logGet(43)) - raft.server.watch.timeout.denomination = 1s (default)
2019-10-22 01:05:37,511 [db7ea609-3ced-42df-bea1-3bd72610fc9e@group-3C40BA09D40C-LeaderElection2] INFO  server.RaftServerConfigKeys (ConfUtils.java:logGet(43)) - raft.server.watch.element-limit = 65536 (default)
2019-10-22 01:05:37,519 [db7ea609-3ced-42df-bea1-3bd72610fc9e@group-3C40BA09D40C-LeaderElection2] INFO  server.RaftServerConfigKeys (ConfUtils.java:logGet(43)) - raft.server.log.appender.snapshot.chunk.size.max = 16MB (=16777216) (default)
2019-10-22 01:05:37,519 [db7ea609-3ced-42df-bea1-3bd72610fc9e@group-3C40BA09D40C-LeaderElection2] INFO  server.RaftServerConfigKeys (ConfUtils.java:logGet(43)) - raft.server.log.appender.buffer.byte-limit = 33554432 (custom)
2019-10-22 01:05:37,520 [db7ea609-3ced-42df-bea1-3bd72610fc9e@group-3C40BA09D40C-LeaderElection2] INFO  server.RaftServerConfigKeys (ConfUtils.java:logGet(43)) - raft.server.log.appender.buffer.element-limit = 1 (custom)
2019-10-22 01:05:37,524 [db7ea609-3ced-42df-bea1-3bd72610fc9e@group-3C40BA09D40C-LeaderElection2] INFO  grpc.GrpcConfigKeys$Server (ConfUtils.java:logGet(43)) - raft.grpc.server.leader.outstanding.appends.max = 128 (default)
2019-10-22 01:05:37,524 [db7ea609-3ced-42df-bea1-3bd72610fc9e@group-3C40BA09D40C-LeaderElection2] INFO  server.RaftServerConfigKeys (ConfUtils.java:logGet(43)) - raft.server.rpc.request.timeout = 3000ms (default)
2019-10-22 01:05:37,525 [db7ea609-3ced-42df-bea1-3bd72610fc9e@group-3C40BA09D40C-LeaderElection2] INFO  server.RaftServerConfigKeys (ConfUtils.java:logGet(43)) - raft.server.log.appender.install.snapshot.enabled = false (custom)
2019-10-22 01:05:37,530 [db7ea609-3ced-42df-bea1-3bd72610fc9e@group-3C40BA09D40C-LeaderElection2] INFO  server.RaftServerConfigKeys (ConfUtils.java:logGet(43)) - raft.server.log.appender.snapshot.chunk.size.max = 16MB (=16777216) (default)
2019-10-22 01:05:37,530 [db7ea609-3ced-42df-bea1-3bd72610fc9e@group-3C40BA09D40C-LeaderElection2] INFO  server.RaftServerConfigKeys (ConfUtils.java:logGet(43)) - raft.server.log.appender.buffer.byte-limit = 33554432 (custom)
2019-10-22 01:05:37,531 [db7ea609-3ced-42df-bea1-3bd72610fc9e@group-3C40BA09D40C-LeaderElection2] INFO  server.RaftServerConfigKeys (ConfUtils.java:logGet(43)) - raft.server.log.appender.buffer.element-limit = 1 (custom)
2019-10-22 01:05:37,531 [db7ea609-3ced-42df-bea1-3bd72610fc9e@group-3C40BA09D40C-LeaderElection2] INFO  grpc.GrpcConfigKeys$Server (ConfUtils.java:logGet(43)) - raft.grpc.server.leader.outstanding.appends.max = 128 (default)
2019-10-22 01:05:37,531 [db7ea609-3ced-42df-bea1-3bd72610fc9e@group-3C40BA09D40C-LeaderElection2] INFO  server.RaftServerConfigKeys (ConfUtils.java:logGet(43)) - raft.server.rpc.request.timeout = 3000ms (default)
2019-10-22 01:05:37,531 [db7ea609-3ced-42df-bea1-3bd72610fc9e@group-3C40BA09D40C-LeaderElection2] INFO  server.RaftServerConfigKeys (ConfUtils.java:logGet(43)) - raft.server.log.appender.install.snapshot.enabled = false (custom)
2019-10-22 01:05:37,537 [db7ea609-3ced-42df-bea1-3bd72610fc9e@group-3C40BA09D40C-LeaderElection2] INFO  impl.RoleInfo (RoleInfo.java:updateAndGet(143)) - db7ea609-3ced-42df-bea1-3bd72610fc9e: start LeaderState
2019-10-22 01:05:37,538 [db7ea609-3ced-42df-bea1-3bd72610fc9e@group-3C40BA09D40C-LeaderElection2] INFO  segmented.SegmentedRaftLogWorker (SegmentedRaftLogWorker.java:startLogSegment(385)) - db7ea609-3ced-42df-bea1-3bd72610fc9e@group-3C40BA09D40C-SegmentedRaftLogWorker: Starting segment from index:0
2019-10-22 01:05:37,538 [main] INFO  ozone.MiniOzoneClusterImpl (MiniOzoneClusterImpl.java:lambda$waitForClusterToBeReady$0(147)) - Cluster is ready. Got 3 of 3 DN Heartbeats.
2019-10-22 01:05:37,539 [961c004b-2cdf-4092-9b5c-36f8bd0f140b@group-807AA9B385CC-SegmentedRaftLogWorker] INFO  segmented.SegmentedRaftLogWorker (SegmentedRaftLogWorker.java:execute(576)) - 961c004b-2cdf-4092-9b5c-36f8bd0f140b@group-807AA9B385CC-SegmentedRaftLogWorker: created new log segment /workdir/hadoop-ozone/integration-test/target/test-dir/MiniOzoneClusterImpl-891fbafd-cb48-4392-8fd2-d372f9b36073/datanode-2/data/ratis/afe04543-6421-4059-9420-807aa9b385cc/current/log_inprogress_0
2019-10-22 01:05:37,539 [961c004b-2cdf-4092-9b5c-36f8bd0f140b@group-3C40BA09D40C-LeaderElection5] INFO  impl.LeaderElection (LeaderElection.java:askForVotes(178)) - 961c004b-2cdf-4092-9b5c-36f8bd0f140b@group-3C40BA09D40C-LeaderElection5: begin an election at term 3 for -1: [db7ea609-3ced-42df-bea1-3bd72610fc9e:192.168.157.222:46031, 961c004b-2cdf-4092-9b5c-36f8bd0f140b:192.168.157.222:44865, 3c326374-3547-416b-998e-7532ea2ef48b:192.168.157.222:44132], old=null
2019-10-22 01:05:37,540 [db7ea609-3ced-42df-bea1-3bd72610fc9e@group-3C40BA09D40C-LeaderElection2] INFO  impl.RaftServerImpl (ServerState.java:setRaftConf(357)) - db7ea609-3ced-42df-bea1-3bd72610fc9e@group-3C40BA09D40C: set configuration 0: [db7ea609-3ced-42df-bea1-3bd72610fc9e:192.168.157.222:46031, 961c004b-2cdf-4092-9b5c-36f8bd0f140b:192.168.157.222:44865, 3c326374-3547-416b-998e-7532ea2ef48b:192.168.157.222:44132], old=null at 0
2019-10-22 01:05:37,570 [961c004b-2cdf-4092-9b5c-36f8bd0f140b@group-3C40BA09D40C-LeaderElection5] INFO  impl.LeaderElection (LeaderElection.java:logAndReturn(56)) - 961c004b-2cdf-4092-9b5c-36f8bd0f140b@group-3C40BA09D40C-LeaderElection5: Election TIMEOUT; received 0 response(s) [] and 0 exception(s); 961c004b-2cdf-4092-9b5c-36f8bd0f140b@group-3C40BA09D40C:t3, leader=null, voted=961c004b-2cdf-4092-9b5c-36f8bd0f140b, raftlog=961c004b-2cdf-4092-9b5c-36f8bd0f140b@group-3C40BA09D40C-SegmentedRaftLog:OPENED:c-1,f-1,i0, conf=-1: [db7ea609-3ced-42df-bea1-3bd72610fc9e:192.168.157.222:46031, 961c004b-2cdf-4092-9b5c-36f8bd0f140b:192.168.157.222:44865, 3c326374-3547-416b-998e-7532ea2ef48b:192.168.157.222:44132], old=null
2019-10-22 01:05:37,580 [grpc-default-executor-0] INFO  impl.RaftServerImpl (ServerState.java:setLeader(256)) - db7ea609-3ced-42df-bea1-3bd72610fc9e@group-3C40BA09D40C: change Leader from db7ea609-3ced-42df-bea1-3bd72610fc9e to null at term 3 for updateCurrentTerm
2019-10-22 01:05:37,580 [grpc-default-executor-3] INFO  impl.RaftServerImpl (RaftServerImpl.java:setRole(184)) - 3c326374-3547-416b-998e-7532ea2ef48b@group-3C40BA09D40C: changes role from  FOLLOWER to FOLLOWER at term 3 for recognizeCandidate:961c004b-2cdf-4092-9b5c-36f8bd0f140b
2019-10-22 01:05:37,580 [grpc-default-executor-0] INFO  impl.RaftServerImpl (RaftServerImpl.java:setRole(184)) - db7ea609-3ced-42df-bea1-3bd72610fc9e@group-3C40BA09D40C: changes role from    LEADER to FOLLOWER at term 3 for recognizeCandidate:961c004b-2cdf-4092-9b5c-36f8bd0f140b
2019-10-22 01:05:37,581 [grpc-default-executor-3] INFO  impl.RoleInfo (RoleInfo.java:shutdownFollowerState(121)) - 3c326374-3547-416b-998e-7532ea2ef48b: shutdown FollowerState
2019-10-22 01:05:37,582 [grpc-default-executor-0] INFO  impl.RoleInfo (RoleInfo.java:shutdownLeaderState(104)) - db7ea609-3ced-42df-bea1-3bd72610fc9e: shutdown LeaderState
2019-10-22 01:05:37,582 [grpc-default-executor-3] INFO  impl.RoleInfo (RoleInfo.java:updateAndGet(143)) - 3c326374-3547-416b-998e-7532ea2ef48b: start FollowerState
2019-10-22 01:05:37,582 [Thread-216] INFO  impl.FollowerState (FollowerState.java:run(117)) - 3c326374-3547-416b-998e-7532ea2ef48b@group-3C40BA09D40C-FollowerState was interrupted: java.lang.InterruptedException: sleep interrupted
2019-10-22 01:05:37,584 [org.apache.ratis.server.impl.LogAppender$AppenderDaemon$$Lambda$398/670556058@48ec3510] WARN  server.GrpcLogAppender (GrpcLogAppender.java:mayWait(149)) - db7ea609-3ced-42df-bea1-3bd72610fc9e@group-3C40BA09D40C->961c004b-2cdf-4092-9b5c-36f8bd0f140b-GrpcLogAppender: Wait interrupted by java.lang.InterruptedException
2019-10-22 01:05:37,584 [org.apache.ratis.server.impl.LogAppender$AppenderDaemon$$Lambda$398/670556058@617aa606] WARN  server.GrpcLogAppender (GrpcLogAppender.java:mayWait(149)) - db7ea609-3ced-42df-bea1-3bd72610fc9e@group-3C40BA09D40C->3c326374-3547-416b-998e-7532ea2ef48b-GrpcLogAppender: Wait interrupted by java.lang.InterruptedException
2019-10-22 01:05:37,586 [grpc-default-executor-0] INFO  impl.PendingRequests (PendingRequests.java:sendNotLeaderResponses(202)) - db7ea609-3ced-42df-bea1-3bd72610fc9e@group-3C40BA09D40C-PendingRequests: sendNotLeaderResponses
2019-10-22 01:05:37,587 [grpc-default-executor-0] INFO  impl.RoleInfo (RoleInfo.java:updateAndGet(143)) - db7ea609-3ced-42df-bea1-3bd72610fc9e: start FollowerState
2019-10-22 01:05:37,587 [db7ea609-3ced-42df-bea1-3bd72610fc9e@group-3C40BA09D40C-SegmentedRaftLogWorker] INFO  segmented.SegmentedRaftLogWorker (SegmentedRaftLogWorker.java:execute(576)) - db7ea609-3ced-42df-bea1-3bd72610fc9e@group-3C40BA09D40C-SegmentedRaftLogWorker: created new log segment /workdir/hadoop-ozone/integration-test/target/test-dir/MiniOzoneClusterImpl-891fbafd-cb48-4392-8fd2-d372f9b36073/datanode-0/data/ratis/2cbd8cfc-dfa6-4d43-b162-3c40ba09d40c/current/log_inprogress_0
2019-10-22 01:05:37,603 [961c004b-2cdf-4092-9b5c-36f8bd0f140b@group-3C40BA09D40C-LeaderElection5] INFO  impl.LeaderElection (LeaderElection.java:askForVotes(178)) - 961c004b-2cdf-4092-9b5c-36f8bd0f140b@group-3C40BA09D40C-LeaderElection5: begin an election at term 4 for -1: [db7ea609-3ced-42df-bea1-3bd72610fc9e:192.168.157.222:46031, 961c004b-2cdf-4092-9b5c-36f8bd0f140b:192.168.157.222:44865, 3c326374-3547-416b-998e-7532ea2ef48b:192.168.157.222:44132], old=null
2019-10-22 01:05:37,611 [Thread-226] INFO  impl.FollowerState (FollowerState.java:run(108)) - 3c326374-3547-416b-998e-7532ea2ef48b@group-3C40BA09D40C-FollowerState: change to CANDIDATE, lastRpcTime:29ms, electionTimeout:5ms
2019-10-22 01:05:37,611 [Thread-226] INFO  impl.RoleInfo (RoleInfo.java:shutdownFollowerState(121)) - 3c326374-3547-416b-998e-7532ea2ef48b: shutdown FollowerState
2019-10-22 01:05:37,612 [Thread-226] INFO  impl.RaftServerImpl (RaftServerImpl.java:setRole(184)) - 3c326374-3547-416b-998e-7532ea2ef48b@group-3C40BA09D40C: changes role from  FOLLOWER to CANDIDATE at term 3 for changeToCandidate
2019-10-22 01:05:37,612 [Thread-226] INFO  impl.RoleInfo (RoleInfo.java:updateAndGet(143)) - 3c326374-3547-416b-998e-7532ea2ef48b: start LeaderElection
2019-10-22 01:05:37,614 [grpc-default-executor-1] INFO  server.GrpcServerProtocolService (GrpcServerProtocolService.java:onCompleted(113)) - 3c326374-3547-416b-998e-7532ea2ef48b: Completed APPEND_ENTRIES, lastRequest: db7ea609-3ced-42df-bea1-3bd72610fc9e->3c326374-3547-416b-998e-7532ea2ef48b#0-t2, previous=(t:0, i:0), leaderCommit=-1, initializing? false, entries: <empty>
2019-10-22 01:05:37,614 [grpc-default-executor-2] INFO  server.GrpcServerProtocolService (GrpcServerProtocolService.java:onCompleted(113)) - 961c004b-2cdf-4092-9b5c-36f8bd0f140b: Completed APPEND_ENTRIES, lastRequest: db7ea609-3ced-42df-bea1-3bd72610fc9e->961c004b-2cdf-4092-9b5c-36f8bd0f140b#0-t2, previous=(t:0, i:0), leaderCommit=-1, initializing? false, entries: <empty>
2019-10-22 01:05:37,618 [grpc-default-executor-3] INFO  impl.RaftServerImpl (RaftServerImpl.java:setRole(184)) - db7ea609-3ced-42df-bea1-3bd72610fc9e@group-3C40BA09D40C: changes role from  FOLLOWER to FOLLOWER at term 4 for recognizeCandidate:961c004b-2cdf-4092-9b5c-36f8bd0f140b
2019-10-22 01:05:37,619 [grpc-default-executor-3] INFO  impl.RoleInfo (RoleInfo.java:shutdownFollowerState(121)) - db7ea609-3ced-42df-bea1-3bd72610fc9e: shutdown FollowerState
2019-10-22 01:05:37,619 [grpc-default-executor-3] INFO  impl.RoleInfo (RoleInfo.java:updateAndGet(143)) - db7ea609-3ced-42df-bea1-3bd72610fc9e: start FollowerState
2019-10-22 01:05:37,619 [Thread-227] INFO  impl.FollowerState (FollowerState.java:run(117)) - db7ea609-3ced-42df-bea1-3bd72610fc9e@group-3C40BA09D40C-FollowerState was interrupted: java.lang.InterruptedException: sleep interrupted
2019-10-22 01:05:37,623 [3c326374-3547-416b-998e-7532ea2ef48b@group-3C40BA09D40C-LeaderElection6] INFO  impl.LeaderElection (LeaderElection.java:askForVotes(178)) - 3c326374-3547-416b-998e-7532ea2ef48b@group-3C40BA09D40C-LeaderElection6: begin an election at term 4 for -1: [db7ea609-3ced-42df-bea1-3bd72610fc9e:192.168.157.222:46031, 961c004b-2cdf-4092-9b5c-36f8bd0f140b:192.168.157.222:44865, 3c326374-3547-416b-998e-7532ea2ef48b:192.168.157.222:44132], old=null
2019-10-22 01:05:37,624 [grpc-default-executor-0] INFO  server.GrpcLogAppender (GrpcLogAppender.java:onCompleted(308)) - db7ea609-3ced-42df-bea1-3bd72610fc9e@group-3C40BA09D40C->3c326374-3547-416b-998e-7532ea2ef48b-AppendLogResponseHandler: follower responses appendEntries COMPLETED
2019-10-22 01:05:37,624 [grpc-default-executor-1] INFO  server.GrpcLogAppender (GrpcLogAppender.java:onCompleted(308)) - db7ea609-3ced-42df-bea1-3bd72610fc9e@group-3C40BA09D40C->961c004b-2cdf-4092-9b5c-36f8bd0f140b-AppendLogResponseHandler: follower responses appendEntries COMPLETED
2019-10-22 01:05:37,630 [961c004b-2cdf-4092-9b5c-36f8bd0f140b@group-3C40BA09D40C-LeaderElection5] INFO  impl.LeaderElection (LeaderElection.java:logAndReturn(56)) - 961c004b-2cdf-4092-9b5c-36f8bd0f140b@group-3C40BA09D40C-LeaderElection5: Election REJECTED; received 2 response(s) [961c004b-2cdf-4092-9b5c-36f8bd0f140b<-db7ea609-3ced-42df-bea1-3bd72610fc9e#0:FAIL-t4, 961c004b-2cdf-4092-9b5c-36f8bd0f140b<-3c326374-3547-416b-998e-7532ea2ef48b#0:FAIL-t4] and 0 exception(s); 961c004b-2cdf-4092-9b5c-36f8bd0f140b@group-3C40BA09D40C:t4, leader=null, voted=961c004b-2cdf-4092-9b5c-36f8bd0f140b, raftlog=961c004b-2cdf-4092-9b5c-36f8bd0f140b@group-3C40BA09D40C-SegmentedRaftLog:OPENED:c-1,f-1,i0, conf=-1: [db7ea609-3ced-42df-bea1-3bd72610fc9e:192.168.157.222:46031, 961c004b-2cdf-4092-9b5c-36f8bd0f140b:192.168.157.222:44865, 3c326374-3547-416b-998e-7532ea2ef48b:192.168.157.222:44132], old=null
2019-10-22 01:05:37,633 [961c004b-2cdf-4092-9b5c-36f8bd0f140b@group-3C40BA09D40C-LeaderElection5] INFO  impl.RaftServerImpl (RaftServerImpl.java:setRole(184)) - 961c004b-2cdf-4092-9b5c-36f8bd0f140b@group-3C40BA09D40C: changes role from CANDIDATE to FOLLOWER at term 4 for DISCOVERED_A_NEW_TERM
2019-10-22 01:05:37,633 [961c004b-2cdf-4092-9b5c-36f8bd0f140b@group-3C40BA09D40C-LeaderElection5] INFO  impl.RoleInfo (RoleInfo.java:shutdownLeaderElection(134)) - 961c004b-2cdf-4092-9b5c-36f8bd0f140b: shutdown LeaderElection
2019-10-22 01:05:37,633 [grpc-default-executor-0] INFO  impl.FollowerInfo (FollowerInfo.java:lambda$new$0(51)) - db7ea609-3ced-42df-bea1-3bd72610fc9e@group-3C40BA09D40C->3c326374-3547-416b-998e-7532ea2ef48b: nextIndex: updateUnconditionally 0 -> 0
2019-10-22 01:05:37,634 [961c004b-2cdf-4092-9b5c-36f8bd0f140b@group-3C40BA09D40C-LeaderElection5] INFO  impl.RoleInfo (RoleInfo.java:updateAndGet(143)) - 961c004b-2cdf-4092-9b5c-36f8bd0f140b: start FollowerState
2019-10-22 01:05:37,634 [grpc-default-executor-1] INFO  impl.FollowerInfo (FollowerInfo.java:lambda$new$0(51)) - db7ea609-3ced-42df-bea1-3bd72610fc9e@group-3C40BA09D40C->961c004b-2cdf-4092-9b5c-36f8bd0f140b: nextIndex: updateUnconditionally 0 -> 0
2019-10-22 01:05:37,638 [grpc-default-executor-1] INFO  impl.RaftServerImpl (RaftServerImpl.java:setRole(184)) - db7ea609-3ced-42df-bea1-3bd72610fc9e@group-3C40BA09D40C: changes role from  FOLLOWER to FOLLOWER at term 4 for recognizeCandidate:3c326374-3547-416b-998e-7532ea2ef48b
2019-10-22 01:05:37,638 [grpc-default-executor-1] INFO  impl.RoleInfo (RoleInfo.java:shutdownFollowerState(121)) - db7ea609-3ced-42df-bea1-3bd72610fc9e: shutdown FollowerState
2019-10-22 01:05:37,639 [Thread-231] INFO  impl.FollowerState (FollowerState.java:run(117)) - db7ea609-3ced-42df-bea1-3bd72610fc9e@group-3C40BA09D40C-FollowerState was interrupted: java.lang.InterruptedException: sleep interrupted
2019-10-22 01:05:37,639 [grpc-default-executor-1] INFO  impl.RoleInfo (RoleInfo.java:updateAndGet(143)) - db7ea609-3ced-42df-bea1-3bd72610fc9e: start FollowerState
2019-10-22 01:05:37,646 [3c326374-3547-416b-998e-7532ea2ef48b@group-3C40BA09D40C-LeaderElection6] INFO  impl.LeaderElection (LeaderElection.java:logAndReturn(56)) - 3c326374-3547-416b-998e-7532ea2ef48b@group-3C40BA09D40C-LeaderElection6: Election REJECTED; received 2 response(s) [3c326374-3547-416b-998e-7532ea2ef48b<-db7ea609-3ced-42df-bea1-3bd72610fc9e#0:FAIL-t4, 3c326374-3547-416b-998e-7532ea2ef48b<-961c004b-2cdf-4092-9b5c-36f8bd0f140b#0:FAIL-t4] and 0 exception(s); 3c326374-3547-416b-998e-7532ea2ef48b@group-3C40BA09D40C:t4, leader=null, voted=3c326374-3547-416b-998e-7532ea2ef48b, raftlog=3c326374-3547-416b-998e-7532ea2ef48b@group-3C40BA09D40C-SegmentedRaftLog:OPENED:c-1,f-1,i0, conf=-1: [db7ea609-3ced-42df-bea1-3bd72610fc9e:192.168.157.222:46031, 961c004b-2cdf-4092-9b5c-36f8bd0f140b:192.168.157.222:44865, 3c326374-3547-416b-998e-7532ea2ef48b:192.168.157.222:44132], old=null
2019-10-22 01:05:37,646 [3c326374-3547-416b-998e-7532ea2ef48b@group-3C40BA09D40C-LeaderElection6] INFO  impl.RaftServerImpl (RaftServerImpl.java:setRole(184)) - 3c326374-3547-416b-998e-7532ea2ef48b@group-3C40BA09D40C: changes role from CANDIDATE to FOLLOWER at term 4 for DISCOVERED_A_NEW_TERM
2019-10-22 01:05:37,650 [3c326374-3547-416b-998e-7532ea2ef48b@group-3C40BA09D40C-LeaderElection6] INFO  impl.RoleInfo (RoleInfo.java:shutdownLeaderElection(134)) - 3c326374-3547-416b-998e-7532ea2ef48b: shutdown LeaderElection
2019-10-22 01:05:37,651 [3c326374-3547-416b-998e-7532ea2ef48b@group-3C40BA09D40C-LeaderElection6] INFO  impl.RoleInfo (RoleInfo.java:updateAndGet(143)) - 3c326374-3547-416b-998e-7532ea2ef48b: start FollowerState
2019-10-22 01:05:37,665 [Thread-236] INFO  impl.FollowerState (FollowerState.java:run(108)) - 3c326374-3547-416b-998e-7532ea2ef48b@group-3C40BA09D40C-FollowerState: change to CANDIDATE, lastRpcTime:14ms, electionTimeout:14ms
2019-10-22 01:05:37,666 [Thread-236] INFO  impl.RoleInfo (RoleInfo.java:shutdownFollowerState(121)) - 3c326374-3547-416b-998e-7532ea2ef48b: shutdown FollowerState
2019-10-22 01:05:37,666 [Thread-236] INFO  impl.RaftServerImpl (RaftServerImpl.java:setRole(184)) - 3c326374-3547-416b-998e-7532ea2ef48b@group-3C40BA09D40C: changes role from  FOLLOWER to CANDIDATE at term 4 for changeToCandidate
2019-10-22 01:05:37,666 [Thread-236] INFO  impl.RoleInfo (RoleInfo.java:updateAndGet(143)) - 3c326374-3547-416b-998e-7532ea2ef48b: start LeaderElection
2019-10-22 01:05:37,676 [3c326374-3547-416b-998e-7532ea2ef48b@group-3C40BA09D40C-LeaderElection7] INFO  impl.LeaderElection (LeaderElection.java:askForVotes(178)) - 3c326374-3547-416b-998e-7532ea2ef48b@group-3C40BA09D40C-LeaderElection7: begin an election at term 5 for -1: [db7ea609-3ced-42df-bea1-3bd72610fc9e:192.168.157.222:46031, 961c004b-2cdf-4092-9b5c-36f8bd0f140b:192.168.157.222:44865, 3c326374-3547-416b-998e-7532ea2ef48b:192.168.157.222:44132], old=null
2019-10-22 01:05:37,682 [grpc-default-executor-1] INFO  impl.RaftServerImpl (RaftServerImpl.java:setRole(184)) - db7ea609-3ced-42df-bea1-3bd72610fc9e@group-3C40BA09D40C: changes role from  FOLLOWER to FOLLOWER at term 5 for recognizeCandidate:3c326374-3547-416b-998e-7532ea2ef48b
2019-10-22 01:05:37,682 [grpc-default-executor-1] INFO  impl.RoleInfo (RoleInfo.java:shutdownFollowerState(121)) - db7ea609-3ced-42df-bea1-3bd72610fc9e: shutdown FollowerState
2019-10-22 01:05:37,682 [grpc-default-executor-0] INFO  impl.RaftServerImpl (RaftServerImpl.java:setRole(184)) - 961c004b-2cdf-4092-9b5c-36f8bd0f140b@group-3C40BA09D40C: changes role from  FOLLOWER to FOLLOWER at term 5 for recognizeCandidate:3c326374-3547-416b-998e-7532ea2ef48b
2019-10-22 01:05:37,682 [grpc-default-executor-1] INFO  impl.RoleInfo (RoleInfo.java:updateAndGet(143)) - db7ea609-3ced-42df-bea1-3bd72610fc9e: start FollowerState
2019-10-22 01:05:37,682 [Thread-235] INFO  impl.FollowerState (FollowerState.java:run(117)) - db7ea609-3ced-42df-bea1-3bd72610fc9e@group-3C40BA09D40C-FollowerState was interrupted: java.lang.InterruptedException: sleep interrupted
2019-10-22 01:05:37,682 [grpc-default-executor-0] INFO  impl.RoleInfo (RoleInfo.java:shutdownFollowerState(121)) - 961c004b-2cdf-4092-9b5c-36f8bd0f140b: shutdown FollowerState
2019-10-22 01:05:37,684 [Thread-234] INFO  impl.FollowerState (FollowerState.java:run(117)) - 961c004b-2cdf-4092-9b5c-36f8bd0f140b@group-3C40BA09D40C-FollowerState was interrupted: java.lang.InterruptedException: sleep interrupted
2019-10-22 01:05:37,684 [grpc-default-executor-0] INFO  impl.RoleInfo (RoleInfo.java:updateAndGet(143)) - 961c004b-2cdf-4092-9b5c-36f8bd0f140b: start FollowerState
2019-10-22 01:05:37,702 [3c326374-3547-416b-998e-7532ea2ef48b@group-3C40BA09D40C-LeaderElection7] INFO  impl.LeaderElection (LeaderElection.java:logAndReturn(56)) - 3c326374-3547-416b-998e-7532ea2ef48b@group-3C40BA09D40C-LeaderElection7: Election PASSED; received 2 response(s) [3c326374-3547-416b-998e-7532ea2ef48b<-db7ea609-3ced-42df-bea1-3bd72610fc9e#0:FAIL-t5, 3c326374-3547-416b-998e-7532ea2ef48b<-961c004b-2cdf-4092-9b5c-36f8bd0f140b#0:OK-t5] and 0 exception(s); 3c326374-3547-416b-998e-7532ea2ef48b@group-3C40BA09D40C:t5, leader=null, voted=3c326374-3547-416b-998e-7532ea2ef48b, raftlog=3c326374-3547-416b-998e-7532ea2ef48b@group-3C40BA09D40C-SegmentedRaftLog:OPENED:c-1,f-1,i0, conf=-1: [db7ea609-3ced-42df-bea1-3bd72610fc9e:192.168.157.222:46031, 961c004b-2cdf-4092-9b5c-36f8bd0f140b:192.168.157.222:44865, 3c326374-3547-416b-998e-7532ea2ef48b:192.168.157.222:44132], old=null
2019-10-22 01:05:37,702 [3c326374-3547-416b-998e-7532ea2ef48b@group-3C40BA09D40C-LeaderElection7] INFO  impl.RoleInfo (RoleInfo.java:shutdownLeaderElection(134)) - 3c326374-3547-416b-998e-7532ea2ef48b: shutdown LeaderElection
2019-10-22 01:05:37,702 [3c326374-3547-416b-998e-7532ea2ef48b@group-3C40BA09D40C-LeaderElection7] INFO  impl.RaftServerImpl (RaftServerImpl.java:setRole(184)) - 3c326374-3547-416b-998e-7532ea2ef48b@group-3C40BA09D40C: changes role from CANDIDATE to LEADER at term 5 for changeToLeader
2019-10-22 01:05:37,705 [3c326374-3547-416b-998e-7532ea2ef48b@group-3C40BA09D40C-LeaderElection7] INFO  impl.RaftServerImpl (ServerState.java:setLeader(256)) - 3c326374-3547-416b-998e-7532ea2ef48b@group-3C40BA09D40C: change Leader from null to 3c326374-3547-416b-998e-7532ea2ef48b at term 5 for becomeLeader, leader elected after 371ms
2019-10-22 01:05:37,705 [3c326374-3547-416b-998e-7532ea2ef48b@group-3C40BA09D40C-LeaderElection7] INFO  server.RaftServerConfigKeys (ConfUtils.java:logGet(43)) - raft.server.staging.catchup.gap = 1000 (default)
2019-10-22 01:05:37,705 [3c326374-3547-416b-998e-7532ea2ef48b@group-3C40BA09D40C-LeaderElection7] INFO  server.RaftServerConfigKeys (ConfUtils.java:logGet(43)) - raft.server.rpc.sleep.time = 25ms (default)
2019-10-22 01:05:37,705 [3c326374-3547-416b-998e-7532ea2ef48b@group-3C40BA09D40C-LeaderElection7] INFO  server.RaftServerConfigKeys (ConfUtils.java:logGet(43)) - raft.server.write.element-limit = 4096 (default)
2019-10-22 01:05:37,706 [3c326374-3547-416b-998e-7532ea2ef48b@group-3C40BA09D40C-LeaderElection7] INFO  server.RaftServerConfigKeys (ConfUtils.java:logGet(43)) - raft.server.watch.timeout = 10s (default)
2019-10-22 01:05:37,706 [3c326374-3547-416b-998e-7532ea2ef48b@group-3C40BA09D40C-LeaderElection7] INFO  server.RaftServerConfigKeys (ConfUtils.java:logGet(43)) - raft.server.watch.timeout.denomination = 1s (default)
2019-10-22 01:05:37,706 [3c326374-3547-416b-998e-7532ea2ef48b@group-3C40BA09D40C-LeaderElection7] INFO  server.RaftServerConfigKeys (ConfUtils.java:logGet(43)) - raft.server.watch.element-limit = 65536 (default)
2019-10-22 01:05:37,709 [3c326374-3547-416b-998e-7532ea2ef48b@group-3C40BA09D40C-LeaderElection7] INFO  server.RaftServerConfigKeys (ConfUtils.java:logGet(43)) - raft.server.log.appender.snapshot.chunk.size.max = 16MB (=16777216) (default)
2019-10-22 01:05:37,709 [3c326374-3547-416b-998e-7532ea2ef48b@group-3C40BA09D40C-LeaderElection7] INFO  server.RaftServerConfigKeys (ConfUtils.java:logGet(43)) - raft.server.log.appender.buffer.byte-limit = 33554432 (custom)
2019-10-22 01:05:37,709 [3c326374-3547-416b-998e-7532ea2ef48b@group-3C40BA09D40C-LeaderElection7] INFO  server.RaftServerConfigKeys (ConfUtils.java:logGet(43)) - raft.server.log.appender.buffer.element-limit = 1 (custom)
2019-10-22 01:05:37,709 [3c326374-3547-416b-998e-7532ea2ef48b@group-3C40BA09D40C-LeaderElection7] INFO  grpc.GrpcConfigKeys$Server (ConfUtils.java:logGet(43)) - raft.grpc.server.leader.outstanding.appends.max = 128 (default)
2019-10-22 01:05:37,709 [3c326374-3547-416b-998e-7532ea2ef48b@group-3C40BA09D40C-LeaderElection7] INFO  server.RaftServerConfigKeys (ConfUtils.java:logGet(43)) - raft.server.rpc.request.timeout = 3000ms (default)
2019-10-22 01:05:37,709 [3c326374-3547-416b-998e-7532ea2ef48b@group-3C40BA09D40C-LeaderElection7] INFO  server.RaftServerConfigKeys (ConfUtils.java:logGet(43)) - raft.server.log.appender.install.snapshot.enabled = false (custom)
2019-10-22 01:05:37,711 [3c326374-3547-416b-998e-7532ea2ef48b@group-3C40BA09D40C-LeaderElection7] INFO  server.RaftServerConfigKeys (ConfUtils.java:logGet(43)) - raft.server.log.appender.snapshot.chunk.size.max = 16MB (=16777216) (default)
2019-10-22 01:05:37,711 [3c326374-3547-416b-998e-7532ea2ef48b@group-3C40BA09D40C-LeaderElection7] INFO  server.RaftServerConfigKeys (ConfUtils.java:logGet(43)) - raft.server.log.appender.buffer.byte-limit = 33554432 (custom)
2019-10-22 01:05:37,711 [3c326374-3547-416b-998e-7532ea2ef48b@group-3C40BA09D40C-LeaderElection7] INFO  server.RaftServerConfigKeys (ConfUtils.java:logGet(43)) - raft.server.log.appender.buffer.element-limit = 1 (custom)
2019-10-22 01:05:37,712 [3c326374-3547-416b-998e-7532ea2ef48b@group-3C40BA09D40C-LeaderElection7] INFO  grpc.GrpcConfigKeys$Server (ConfUtils.java:logGet(43)) - raft.grpc.server.leader.outstanding.appends.max = 128 (default)
2019-10-22 01:05:37,712 [3c326374-3547-416b-998e-7532ea2ef48b@group-3C40BA09D40C-LeaderElection7] INFO  server.RaftServerConfigKeys (ConfUtils.java:logGet(43)) - raft.server.rpc.request.timeout = 3000ms (default)
2019-10-22 01:05:37,712 [3c326374-3547-416b-998e-7532ea2ef48b@group-3C40BA09D40C-LeaderElection7] INFO  server.RaftServerConfigKeys (ConfUtils.java:logGet(43)) - raft.server.log.appender.install.snapshot.enabled = false (custom)
2019-10-22 01:05:37,714 [3c326374-3547-416b-998e-7532ea2ef48b@group-3C40BA09D40C-LeaderElection7] INFO  impl.RoleInfo (RoleInfo.java:updateAndGet(143)) - 3c326374-3547-416b-998e-7532ea2ef48b: start LeaderState
2019-10-22 01:05:37,714 [3c326374-3547-416b-998e-7532ea2ef48b@group-3C40BA09D40C-LeaderElection7] INFO  segmented.SegmentedRaftLogWorker (SegmentedRaftLogWorker.java:startLogSegment(385)) - 3c326374-3547-416b-998e-7532ea2ef48b@group-3C40BA09D40C-SegmentedRaftLogWorker: Starting segment from index:0
2019-10-22 01:05:37,715 [3c326374-3547-416b-998e-7532ea2ef48b@group-3C40BA09D40C-LeaderElection7] INFO  impl.RaftServerImpl (ServerState.java:setRaftConf(357)) - 3c326374-3547-416b-998e-7532ea2ef48b@group-3C40BA09D40C: set configuration 0: [db7ea609-3ced-42df-bea1-3bd72610fc9e:192.168.157.222:46031, 961c004b-2cdf-4092-9b5c-36f8bd0f140b:192.168.157.222:44865, 3c326374-3547-416b-998e-7532ea2ef48b:192.168.157.222:44132], old=null at 0
2019-10-22 01:05:37,717 [grpc-default-executor-0] INFO  impl.RaftServerImpl (ServerState.java:setLeader(256)) - 961c004b-2cdf-4092-9b5c-36f8bd0f140b@group-3C40BA09D40C: change Leader from null to 3c326374-3547-416b-998e-7532ea2ef48b at term 5 for appendEntries, leader elected after 384ms
2019-10-22 01:05:37,747 [grpc-default-executor-1] INFO  impl.RaftServerImpl (ServerState.java:setLeader(256)) - db7ea609-3ced-42df-bea1-3bd72610fc9e@group-3C40BA09D40C: change Leader from null to 3c326374-3547-416b-998e-7532ea2ef48b at term 5 for appendEntries, leader elected after 166ms
2019-10-22 01:05:37,761 [3c326374-3547-416b-998e-7532ea2ef48b@group-3C40BA09D40C-SegmentedRaftLogWorker] INFO  segmented.SegmentedRaftLogWorker (SegmentedRaftLogWorker.java:execute(576)) - 3c326374-3547-416b-998e-7532ea2ef48b@group-3C40BA09D40C-SegmentedRaftLogWorker: created new log segment /workdir/hadoop-ozone/integration-test/target/test-dir/MiniOzoneClusterImpl-891fbafd-cb48-4392-8fd2-d372f9b36073/datanode-1/data/ratis/2cbd8cfc-dfa6-4d43-b162-3c40ba09d40c/current/log_inprogress_0
2019-10-22 01:05:37,767 [grpc-default-executor-1] INFO  impl.RaftServerImpl (ServerState.java:setRaftConf(357)) - db7ea609-3ced-42df-bea1-3bd72610fc9e@group-3C40BA09D40C: set configuration 0: [db7ea609-3ced-42df-bea1-3bd72610fc9e:192.168.157.222:46031, 961c004b-2cdf-4092-9b5c-36f8bd0f140b:192.168.157.222:44865, 3c326374-3547-416b-998e-7532ea2ef48b:192.168.157.222:44132], old=null at 0
2019-10-22 01:05:37,767 [grpc-default-executor-0] INFO  impl.RaftServerImpl (ServerState.java:setRaftConf(357)) - 961c004b-2cdf-4092-9b5c-36f8bd0f140b@group-3C40BA09D40C: set configuration 0: [db7ea609-3ced-42df-bea1-3bd72610fc9e:192.168.157.222:46031, 961c004b-2cdf-4092-9b5c-36f8bd0f140b:192.168.157.222:44865, 3c326374-3547-416b-998e-7532ea2ef48b:192.168.157.222:44132], old=null at 0
2019-10-22 01:05:37,767 [grpc-default-executor-0] INFO  segmented.SegmentedRaftLogWorker (SegmentedRaftLogWorker.java:startLogSegment(385)) - 961c004b-2cdf-4092-9b5c-36f8bd0f140b@group-3C40BA09D40C-SegmentedRaftLogWorker: Starting segment from index:0
2019-10-22 01:05:37,769 [grpc-default-executor-1] INFO  segmented.SegmentedRaftLogWorker (SegmentedRaftLogWorker.java:truncate(401)) - db7ea609-3ced-42df-bea1-3bd72610fc9e@group-3C40BA09D40C-SegmentedRaftLogWorker: Truncating segments toTruncate: null
  toDelete: [(0, 0) isOpen? true, length=0, newEndIndex=-1], start index 0
2019-10-22 01:05:37,770 [grpc-default-executor-1] INFO  segmented.SegmentedRaftLogWorker (SegmentedRaftLogWorker.java:startLogSegment(385)) - db7ea609-3ced-42df-bea1-3bd72610fc9e@group-3C40BA09D40C-SegmentedRaftLogWorker: Starting segment from index:0
2019-10-22 01:05:37,801 [db7ea609-3ced-42df-bea1-3bd72610fc9e@group-3C40BA09D40C-SegmentedRaftLogWorker] INFO  segmented.SegmentedRaftLogWorker (SegmentedRaftLogWorker.java:execute(640)) - db7ea609-3ced-42df-bea1-3bd72610fc9e@group-3C40BA09D40C-SegmentedRaftLogWorker: Deleted log file /workdir/hadoop-ozone/integration-test/target/test-dir/MiniOzoneClusterImpl-891fbafd-cb48-4392-8fd2-d372f9b36073/datanode-0/data/ratis/2cbd8cfc-dfa6-4d43-b162-3c40ba09d40c/current/log_inprogress_0
2019-10-22 01:05:37,802 [db7ea609-3ced-42df-bea1-3bd72610fc9e@group-3C40BA09D40C-SegmentedRaftLogWorker] INFO  segmented.SegmentedRaftLogWorker (SegmentedRaftLogWorker.java:lambda$new$0(128)) - db7ea609-3ced-42df-bea1-3bd72610fc9e@group-3C40BA09D40C-SegmentedRaftLogWorker: flushIndex: setUnconditionally 0 -> -1
2019-10-22 01:05:37,847 [db7ea609-3ced-42df-bea1-3bd72610fc9e@group-3C40BA09D40C-SegmentedRaftLogWorker] INFO  segmented.SegmentedRaftLogWorker (SegmentedRaftLogWorker.java:execute(576)) - db7ea609-3ced-42df-bea1-3bd72610fc9e@group-3C40BA09D40C-SegmentedRaftLogWorker: created new log segment /workdir/hadoop-ozone/integration-test/target/test-dir/MiniOzoneClusterImpl-891fbafd-cb48-4392-8fd2-d372f9b36073/datanode-0/data/ratis/2cbd8cfc-dfa6-4d43-b162-3c40ba09d40c/current/log_inprogress_0
2019-10-22 01:05:37,847 [961c004b-2cdf-4092-9b5c-36f8bd0f140b@group-3C40BA09D40C-SegmentedRaftLogWorker] INFO  segmented.SegmentedRaftLogWorker (SegmentedRaftLogWorker.java:execute(576)) - 961c004b-2cdf-4092-9b5c-36f8bd0f140b@group-3C40BA09D40C-SegmentedRaftLogWorker: created new log segment /workdir/hadoop-ozone/integration-test/target/test-dir/MiniOzoneClusterImpl-891fbafd-cb48-4392-8fd2-d372f9b36073/datanode-2/data/ratis/2cbd8cfc-dfa6-4d43-b162-3c40ba09d40c/current/log_inprogress_0
2019-10-22 01:05:38,481 [main] INFO  rpc.RpcClient (RpcClient.java:createVolume(272)) - Creating Volume: testcontainerstatemachinefailures, with jenkins1000 as owner.
2019-10-22 01:05:38,568 [IPC Server handler 1 on 43811] INFO  volume.OMVolumeCreateRequest (OMVolumeCreateRequest.java:validateAndUpdateCache(193)) - created volume:testcontainerstatemachinefailures for user:jenkins1000
2019-10-22 01:05:38,590 [main] INFO  rpc.RpcClient (RpcClient.java:createBucket(411)) - Creating Bucket: testcontainerstatemachinefailures/testcontainerstatemachinefailures, with Versioning false and Storage Type set to DISK and Encryption set to false 
2019-10-22 01:05:38,744 [main] INFO  impl.MetricsSystemImpl (MetricsSystemImpl.java:init(158)) - XceiverClientMetrics metrics system started (again)
2019-10-22 01:05:39,178 [Datanode State Machine Thread - 0] INFO  statemachine.DatanodeStateMachine (DatanodeStateMachine.java:lambda$startDaemon$0(350)) - Ozone container server started.
2019-10-22 01:05:39,412 [Thread-181] INFO  container.ReplicationManager (ReplicationManager.java:start(162)) - Starting Replication Monitor Thread.
2019-10-22 01:05:39,414 [ReplicationMonitor] INFO  container.ReplicationManager (ReplicationManager.java:run(225)) - Replication Monitor Thread took 1 milliseconds for processing 1 containers.
2019-10-22 01:05:44,170 [main] INFO  ozoneimpl.OzoneContainer (OzoneContainer.java:stop(227)) - Attempting to stop container services.
2019-10-22 01:05:44,172 [main] INFO  impl.RaftServerProxy (RaftServerProxy.java:lambda$close$4(314)) - 961c004b-2cdf-4092-9b5c-36f8bd0f140b: close
2019-10-22 01:05:44,173 [main] INFO  impl.RaftServerImpl (RaftServerImpl.java:lambda$shutdown$3(261)) - 961c004b-2cdf-4092-9b5c-36f8bd0f140b@group-3C40BA09D40C: shutdown
2019-10-22 01:05:44,174 [ForkJoinPool.commonPool-worker-0] INFO  impl.RaftServerImpl (RaftServerImpl.java:lambda$shutdown$3(261)) - 961c004b-2cdf-4092-9b5c-36f8bd0f140b@group-807AA9B385CC: shutdown
2019-10-22 01:05:44,174 [main] INFO  util.JmxRegister (JmxRegister.java:unregister(73)) - Successfully un-registered JMX Bean with object name Ratis:service=RaftServer,group=group-3C40BA09D40C,id=961c004b-2cdf-4092-9b5c-36f8bd0f140b
2019-10-22 01:05:44,174 [ForkJoinPool.commonPool-worker-0] INFO  util.JmxRegister (JmxRegister.java:unregister(73)) - Successfully un-registered JMX Bean with object name Ratis:service=RaftServer,group=group-807AA9B385CC,id=961c004b-2cdf-4092-9b5c-36f8bd0f140b
2019-10-22 01:05:44,174 [main] INFO  impl.RoleInfo (RoleInfo.java:shutdownFollowerState(121)) - 961c004b-2cdf-4092-9b5c-36f8bd0f140b: shutdown FollowerState
2019-10-22 01:05:44,174 [ForkJoinPool.commonPool-worker-0] INFO  impl.RoleInfo (RoleInfo.java:shutdownLeaderState(104)) - 961c004b-2cdf-4092-9b5c-36f8bd0f140b: shutdown LeaderState
2019-10-22 01:05:44,175 [main] INFO  impl.StateMachineUpdater (StateMachineUpdater.java:stopAndJoin(136)) - 961c004b-2cdf-4092-9b5c-36f8bd0f140b@group-3C40BA09D40C-StateMachineUpdater: set stopIndex = 4
2019-10-22 01:05:44,175 [Thread-244] INFO  impl.FollowerState (FollowerState.java:run(117)) - 961c004b-2cdf-4092-9b5c-36f8bd0f140b@group-3C40BA09D40C-FollowerState was interrupted: java.lang.InterruptedException: sleep interrupted
2019-10-22 01:05:44,175 [ForkJoinPool.commonPool-worker-0] INFO  impl.PendingRequests (PendingRequests.java:sendNotLeaderResponses(202)) - 961c004b-2cdf-4092-9b5c-36f8bd0f140b@group-807AA9B385CC-PendingRequests: sendNotLeaderResponses
2019-10-22 01:05:44,175 [961c004b-2cdf-4092-9b5c-36f8bd0f140b@group-3C40BA09D40C-StateMachineUpdater] INFO  ratis.ContainerStateMachine (ContainerStateMachine.java:takeSnapshot(294)) - group-3C40BA09D40C: Taking a snapshot at:(t:5, i:3) file /workdir/hadoop-ozone/integration-test/target/test-dir/MiniOzoneClusterImpl-891fbafd-cb48-4392-8fd2-d372f9b36073/datanode-2/data/ratis/2cbd8cfc-dfa6-4d43-b162-3c40ba09d40c/sm/snapshot.5_3
2019-10-22 01:05:44,177 [ForkJoinPool.commonPool-worker-0] INFO  impl.StateMachineUpdater (StateMachineUpdater.java:stopAndJoin(136)) - 961c004b-2cdf-4092-9b5c-36f8bd0f140b@group-807AA9B385CC-StateMachineUpdater: set stopIndex = 0
2019-10-22 01:05:44,179 [ForkJoinPool.commonPool-worker-0] INFO  impl.RaftServerImpl (ServerState.java:close(388)) - 961c004b-2cdf-4092-9b5c-36f8bd0f140b@group-807AA9B385CC: closes. applyIndex: 0
2019-10-22 01:05:44,180 [961c004b-2cdf-4092-9b5c-36f8bd0f140b@group-807AA9B385CC-SegmentedRaftLogWorker] INFO  segmented.SegmentedRaftLogWorker (SegmentedRaftLogWorker.java:run(316)) - 961c004b-2cdf-4092-9b5c-36f8bd0f140b@group-807AA9B385CC-SegmentedRaftLogWorker was interrupted, exiting. There are 0 tasks remaining in the queue.
2019-10-22 01:05:44,181 [ForkJoinPool.commonPool-worker-0] INFO  segmented.SegmentedRaftLogWorker (SegmentedRaftLogWorker.java:close(224)) - 961c004b-2cdf-4092-9b5c-36f8bd0f140b@group-807AA9B385CC-SegmentedRaftLogWorker close()
2019-10-22 01:05:44,287 [961c004b-2cdf-4092-9b5c-36f8bd0f140b@group-3C40BA09D40C-StateMachineUpdater] INFO  ratis.ContainerStateMachine (ContainerStateMachine.java:takeSnapshot(305)) - group-3C40BA09D40C: Finished taking a snapshot at:(t:5, i:3) file:/workdir/hadoop-ozone/integration-test/target/test-dir/MiniOzoneClusterImpl-891fbafd-cb48-4392-8fd2-d372f9b36073/datanode-2/data/ratis/2cbd8cfc-dfa6-4d43-b162-3c40ba09d40c/sm/snapshot.5_3 time:113
2019-10-22 01:05:44,289 [961c004b-2cdf-4092-9b5c-36f8bd0f140b@group-3C40BA09D40C-StateMachineUpdater] INFO  impl.StateMachineUpdater (StateMachineUpdater.java:takeSnapshot(269)) - 961c004b-2cdf-4092-9b5c-36f8bd0f140b@group-3C40BA09D40C-StateMachineUpdater: Took a snapshot at index 3
2019-10-22 01:05:44,289 [961c004b-2cdf-4092-9b5c-36f8bd0f140b@group-3C40BA09D40C-StateMachineUpdater] INFO  impl.StateMachineUpdater (StateMachineUpdater.java:lambda$new$0(84)) - 961c004b-2cdf-4092-9b5c-36f8bd0f140b@group-3C40BA09D40C-StateMachineUpdater: snapshotIndex: updateIncreasingly -1 -> 3
2019-10-22 01:05:44,296 [961c004b-2cdf-4092-9b5c-36f8bd0f140b@group-3C40BA09D40C-StateMachineUpdater] INFO  ratis.ContainerStateMachine (ContainerStateMachine.java:takeSnapshot(294)) - group-3C40BA09D40C: Taking a snapshot at:(t:5, i:3) file /workdir/hadoop-ozone/integration-test/target/test-dir/MiniOzoneClusterImpl-891fbafd-cb48-4392-8fd2-d372f9b36073/datanode-2/data/ratis/2cbd8cfc-dfa6-4d43-b162-3c40ba09d40c/sm/snapshot.5_3
2019-10-22 01:05:44,308 [961c004b-2cdf-4092-9b5c-36f8bd0f140b@group-3C40BA09D40C-StateMachineUpdater] INFO  ratis.ContainerStateMachine (ContainerStateMachine.java:takeSnapshot(305)) - group-3C40BA09D40C: Finished taking a snapshot at:(t:5, i:3) file:/workdir/hadoop-ozone/integration-test/target/test-dir/MiniOzoneClusterImpl-891fbafd-cb48-4392-8fd2-d372f9b36073/datanode-2/data/ratis/2cbd8cfc-dfa6-4d43-b162-3c40ba09d40c/sm/snapshot.5_3 time:12
2019-10-22 01:05:44,308 [961c004b-2cdf-4092-9b5c-36f8bd0f140b@group-3C40BA09D40C-StateMachineUpdater] INFO  impl.StateMachineUpdater (StateMachineUpdater.java:takeSnapshot(269)) - 961c004b-2cdf-4092-9b5c-36f8bd0f140b@group-3C40BA09D40C-StateMachineUpdater: Took a snapshot at index 3
2019-10-22 01:05:44,308 [961c004b-2cdf-4092-9b5c-36f8bd0f140b@group-3C40BA09D40C-StateMachineUpdater] INFO  impl.StateMachineUpdater (StateMachineUpdater.java:lambda$new$0(84)) - 961c004b-2cdf-4092-9b5c-36f8bd0f140b@group-3C40BA09D40C-StateMachineUpdater: snapshotIndex: updateIncreasingly 3 -> 3
2019-10-22 01:05:44,309 [main] INFO  impl.RaftServerImpl (ServerState.java:close(388)) - 961c004b-2cdf-4092-9b5c-36f8bd0f140b@group-3C40BA09D40C: closes. applyIndex: 4
2019-10-22 01:05:44,309 [961c004b-2cdf-4092-9b5c-36f8bd0f140b@group-3C40BA09D40C-SegmentedRaftLogWorker] INFO  segmented.SegmentedRaftLogWorker (SegmentedRaftLogWorker.java:run(316)) - 961c004b-2cdf-4092-9b5c-36f8bd0f140b@group-3C40BA09D40C-SegmentedRaftLogWorker was interrupted, exiting. There are 0 tasks remaining in the queue.
2019-10-22 01:05:44,311 [main] INFO  segmented.SegmentedRaftLogWorker (SegmentedRaftLogWorker.java:close(224)) - 961c004b-2cdf-4092-9b5c-36f8bd0f140b@group-3C40BA09D40C-SegmentedRaftLogWorker close()
2019-10-22 01:05:44,313 [main] INFO  server.GrpcService (GrpcService.java:closeImpl(164)) - 961c004b-2cdf-4092-9b5c-36f8bd0f140b: shutdown server with port 44865 now
2019-10-22 01:05:44,321 [grpc-default-executor-1] WARN  server.GrpcServerProtocolService (LogUtils.java:warn(134)) - 961c004b-2cdf-4092-9b5c-36f8bd0f140b: installSnapshot onError, lastRequest: 3c326374-3547-416b-998e-7532ea2ef48b->961c004b-2cdf-4092-9b5c-36f8bd0f140b#7-t5, previous=(t:5, i:4), leaderCommit=4, initializing? false, entries: <empty>: org.apache.ratis.thirdparty.io.grpc.StatusRuntimeException: CANCELLED: cancelled before receiving half close
2019-10-22 01:05:44,325 [grpc-default-executor-0] WARN  server.GrpcLogAppender (LogUtils.java:warn(134)) - 3c326374-3547-416b-998e-7532ea2ef48b@group-3C40BA09D40C->961c004b-2cdf-4092-9b5c-36f8bd0f140b-AppendLogResponseHandler: Failed appendEntries: org.apache.ratis.thirdparty.io.grpc.StatusRuntimeException: CANCELLED: HTTP/2 error code: CANCEL
Received Rst Stream
2019-10-22 01:05:44,325 [main] INFO  server.GrpcService (GrpcService.java:closeImpl(172)) - 961c004b-2cdf-4092-9b5c-36f8bd0f140b: shutdown server with port 44865 successfully
2019-10-22 01:05:44,330 [refreshUsed-/workdir/hadoop-ozone/integration-test/target/test-dir/MiniOzoneClusterImpl-891fbafd-cb48-4392-8fd2-d372f9b36073/datanode-2/data/containers] WARN  fs.CachingGetSpaceUsed (CachingGetSpaceUsed.java:run(183)) - Thread Interrupted waiting to refresh disk information: sleep interrupted
2019-10-22 01:05:44,352 [main] INFO  utils.BackgroundService (BackgroundService.java:shutdown(151)) - Shutting down service BlockDeletingService
2019-10-22 01:05:44,356 [main] INFO  statemachine.DatanodeStateMachine (DatanodeStateMachine.java:stopDaemon(395)) - Ozone container server stopped.
2019-10-22 01:05:44,361 [main] INFO  handler.ContextHandler (ContextHandler.java:doStop(910)) - Stopped o.e.j.w.WebAppContext@43e9089{/,null,UNAVAILABLE}{/hddsDatanode}
2019-10-22 01:05:44,367 [main] INFO  server.AbstractConnector (AbstractConnector.java:doStop(318)) - Stopped ServerConnector@3c5dbdf8{HTTP/1.1,[http/1.1]}{0.0.0.0:0}
2019-10-22 01:05:44,367 [main] INFO  handler.ContextHandler (ContextHandler.java:doStop(910)) - Stopped o.e.j.s.ServletContextHandler@433348bc{/static,jar:file:/home/user/.m2/repository/org/apache/hadoop/hadoop-hdds-container-service/0.5.0-SNAPSHOT/hadoop-hdds-container-service-0.5.0-SNAPSHOT.jar!/webapps/static,UNAVAILABLE}
2019-10-22 01:05:44,368 [main] INFO  handler.ContextHandler (ContextHandler.java:doStop(910)) - Stopped o.e.j.s.ServletContextHandler@5fa23c{/logs,file:///workdir/hadoop-ozone/integration-test/target/log,UNAVAILABLE}
2019-10-22 01:05:47,375 [java.util.concurrent.ThreadPoolExecutor$Worker@3c30b846[State = -1, empty queue]] WARN  server.GrpcLogAppender (GrpcLogAppender.java:timeoutAppendRequest(209)) - 3c326374-3547-416b-998e-7532ea2ef48b@group-3C40BA09D40C->961c004b-2cdf-4092-9b5c-36f8bd0f140b-GrpcLogAppender: appendEntries Timeout, request=3c326374-3547-416b-998e-7532ea2ef48b->961c004b-2cdf-4092-9b5c-36f8bd0f140b#8-t5, previous=(t:5, i:4), leaderCommit=4, initializing? false, entries: size=1, first=(t:5, i:5), STATEMACHINELOGENTRY, client-266370AF2C40, cid=8
2019-10-22 01:05:47,376 [java.util.concurrent.ThreadPoolExecutor$Worker@3c30b846[State = -1, empty queue]] WARN  server.GrpcLogAppender (GrpcLogAppender.java:timeoutAppendRequest(209)) - 3c326374-3547-416b-998e-7532ea2ef48b@group-3C40BA09D40C->961c004b-2cdf-4092-9b5c-36f8bd0f140b-GrpcLogAppender: appendEntries Timeout, request=3c326374-3547-416b-998e-7532ea2ef48b->961c004b-2cdf-4092-9b5c-36f8bd0f140b#9-t5, previous=(t:5, i:5), leaderCommit=4, initializing? false, entries: size=1, first=(t:5, i:6), STATEMACHINELOGENTRY, client-266370AF2C40, cid=9
2019-10-22 01:05:47,389 [java.util.concurrent.ThreadPoolExecutor$Worker@3c30b846[State = -1, empty queue]] WARN  server.GrpcLogAppender (GrpcLogAppender.java:timeoutAppendRequest(209)) - 3c326374-3547-416b-998e-7532ea2ef48b@group-3C40BA09D40C->961c004b-2cdf-4092-9b5c-36f8bd0f140b-GrpcLogAppender: appendEntries Timeout, request=3c326374-3547-416b-998e-7532ea2ef48b->961c004b-2cdf-4092-9b5c-36f8bd0f140b#10-t5, previous=(t:5, i:6), leaderCommit=6, initializing? false, entries: size=1, first=(t:5, i:7), METADATAENTRY(c5)
2019-10-22 01:05:47,389 [java.util.concurrent.ThreadPoolExecutor$Worker@3c30b846[State = -1, empty queue]] WARN  server.GrpcLogAppender (GrpcLogAppender.java:timeoutAppendRequest(209)) - 3c326374-3547-416b-998e-7532ea2ef48b@group-3C40BA09D40C->961c004b-2cdf-4092-9b5c-36f8bd0f140b-GrpcLogAppender: appendEntries Timeout, request=3c326374-3547-416b-998e-7532ea2ef48b->961c004b-2cdf-4092-9b5c-36f8bd0f140b#11-t5, previous=(t:5, i:7), leaderCommit=6, initializing? false, entries: size=1, first=(t:5, i:8), METADATAENTRY(c6)
2019-10-22 01:05:49,891 [java.util.concurrent.ThreadPoolExecutor$Worker@3c30b846[State = -1, empty queue]] WARN  server.GrpcLogAppender (GrpcLogAppender.java:timeoutAppendRequest(209)) - 3c326374-3547-416b-998e-7532ea2ef48b@group-3C40BA09D40C->961c004b-2cdf-4092-9b5c-36f8bd0f140b-GrpcLogAppender: appendEntries Timeout, request=3c326374-3547-416b-998e-7532ea2ef48b->961c004b-2cdf-4092-9b5c-36f8bd0f140b#12-t5, previous=(t:5, i:8), leaderCommit=8, initializing? false, entries: <empty>
2019-10-22 01:05:52,392 [java.util.concurrent.ThreadPoolExecutor$Worker@3c30b846[State = -1, empty queue]] WARN  server.GrpcLogAppender (GrpcLogAppender.java:timeoutAppendRequest(209)) - 3c326374-3547-416b-998e-7532ea2ef48b@group-3C40BA09D40C->961c004b-2cdf-4092-9b5c-36f8bd0f140b-GrpcLogAppender: appendEntries Timeout, request=3c326374-3547-416b-998e-7532ea2ef48b->961c004b-2cdf-4092-9b5c-36f8bd0f140b#13-t5, previous=(t:5, i:8), leaderCommit=8, initializing? false, entries: <empty>
2019-10-22 01:05:53,425 [Thread-305] INFO  client.GrpcClientProtocolService (GrpcClientProtocolService.java:lambda$processClientRequest$0(278)) - Failed RaftClientRequest:client-266370AF2C40->db7ea609-3ced-42df-bea1-3bd72610fc9e@group-3C40BA09D40C, cid=10, seq=0, Watch-ALL_COMMITTED(6), Message:<EMPTY>, reply=RaftClientReply:client-266370AF2C40->db7ea609-3ced-42df-bea1-3bd72610fc9e@group-3C40BA09D40C, cid=10, FAILED org.apache.ratis.protocol.NotLeaderException: Server db7ea609-3ced-42df-bea1-3bd72610fc9e@group-3C40BA09D40C is not the leader 3c326374-3547-416b-998e-7532ea2ef48b:192.168.157.222:44132, logIndex=0, commits[db7ea609-3ced-42df-bea1-3bd72610fc9e:c8, 961c004b-2cdf-4092-9b5c-36f8bd0f140b:c4, 3c326374-3547-416b-998e-7532ea2ef48b:c8]
2019-10-22 01:05:54,586 [Thread-309] INFO  client.GrpcClientProtocolService (GrpcClientProtocolService.java:lambda$processClientRequest$0(278)) - Failed RaftClientRequest:client-266370AF2C40->3c326374-3547-416b-998e-7532ea2ef48b@group-3C40BA09D40C, cid=10, seq=0, Watch-ALL_COMMITTED(6), Message:<EMPTY>, reply=RaftClientReply:client-266370AF2C40->3c326374-3547-416b-998e-7532ea2ef48b@group-3C40BA09D40C, cid=10, FAILED org.apache.ratis.protocol.NotReplicatedException: Request with call Id 10 and log index 6 is not yet replicated to ALL_COMMITTED, logIndex=6, commits[3c326374-3547-416b-998e-7532ea2ef48b:c8, db7ea609-3ced-42df-bea1-3bd72610fc9e:c8, 961c004b-2cdf-4092-9b5c-36f8bd0f140b:c4]
2019-10-22 01:05:54,894 [java.util.concurrent.ThreadPoolExecutor$Worker@3c30b846[State = -1, empty queue]] WARN  server.GrpcLogAppender (GrpcLogAppender.java:timeoutAppendRequest(209)) - 3c326374-3547-416b-998e-7532ea2ef48b@group-3C40BA09D40C->961c004b-2cdf-4092-9b5c-36f8bd0f140b-GrpcLogAppender: appendEntries Timeout, request=3c326374-3547-416b-998e-7532ea2ef48b->961c004b-2cdf-4092-9b5c-36f8bd0f140b#14-t5, previous=(t:5, i:8), leaderCommit=8, initializing? false, entries: <empty>
2019-10-22 01:05:57,395 [java.util.concurrent.ThreadPoolExecutor$Worker@3c30b846[State = -1, empty queue]] WARN  server.GrpcLogAppender (GrpcLogAppender.java:timeoutAppendRequest(209)) - 3c326374-3547-416b-998e-7532ea2ef48b@group-3C40BA09D40C->961c004b-2cdf-4092-9b5c-36f8bd0f140b-GrpcLogAppender: appendEntries Timeout, request=3c326374-3547-416b-998e-7532ea2ef48b->961c004b-2cdf-4092-9b5c-36f8bd0f140b#15-t5, previous=(t:5, i:8), leaderCommit=8, initializing? false, entries: <empty>
2019-10-22 01:05:59,896 [java.util.concurrent.ThreadPoolExecutor$Worker@3c30b846[State = -1, empty queue]] WARN  server.GrpcLogAppender (GrpcLogAppender.java:timeoutAppendRequest(209)) - 3c326374-3547-416b-998e-7532ea2ef48b@group-3C40BA09D40C->961c004b-2cdf-4092-9b5c-36f8bd0f140b-GrpcLogAppender: appendEntries Timeout, request=3c326374-3547-416b-998e-7532ea2ef48b->961c004b-2cdf-4092-9b5c-36f8bd0f140b#16-t5, previous=(t:5, i:8), leaderCommit=8, initializing? false, entries: <empty>
2019-10-22 01:06:02,397 [java.util.concurrent.ThreadPoolExecutor$Worker@3c30b846[State = -1, empty queue]] WARN  server.GrpcLogAppender (GrpcLogAppender.java:timeoutAppendRequest(209)) - 3c326374-3547-416b-998e-7532ea2ef48b@group-3C40BA09D40C->961c004b-2cdf-4092-9b5c-36f8bd0f140b-GrpcLogAppender: appendEntries Timeout, request=3c326374-3547-416b-998e-7532ea2ef48b->961c004b-2cdf-4092-9b5c-36f8bd0f140b#17-t5, previous=(t:5, i:8), leaderCommit=8, initializing? false, entries: <empty>
2019-10-22 01:06:02,462 [Thread-315] INFO  client.GrpcClientProtocolService (GrpcClientProtocolService.java:lambda$processClientRequest$0(278)) - Failed RaftClientRequest:client-266370AF2C40->db7ea609-3ced-42df-bea1-3bd72610fc9e@group-3C40BA09D40C, cid=10, seq=0, Watch-ALL_COMMITTED(6), Message:<EMPTY>, reply=RaftClientReply:client-266370AF2C40->db7ea609-3ced-42df-bea1-3bd72610fc9e@group-3C40BA09D40C, cid=10, FAILED org.apache.ratis.protocol.NotLeaderException: Server db7ea609-3ced-42df-bea1-3bd72610fc9e@group-3C40BA09D40C is not the leader 3c326374-3547-416b-998e-7532ea2ef48b:192.168.157.222:44132, logIndex=0, commits[db7ea609-3ced-42df-bea1-3bd72610fc9e:c8, 961c004b-2cdf-4092-9b5c-36f8bd0f140b:c4, 3c326374-3547-416b-998e-7532ea2ef48b:c8]
2019-10-22 01:06:03,585 [Thread-318] INFO  client.GrpcClientProtocolService (GrpcClientProtocolService.java:lambda$processClientRequest$0(278)) - Failed RaftClientRequest:client-266370AF2C40->3c326374-3547-416b-998e-7532ea2ef48b@group-3C40BA09D40C, cid=10, seq=0, Watch-ALL_COMMITTED(6), Message:<EMPTY>, reply=RaftClientReply:client-266370AF2C40->3c326374-3547-416b-998e-7532ea2ef48b@group-3C40BA09D40C, cid=10, FAILED org.apache.ratis.protocol.NotReplicatedException: Request with call Id 10 and log index 6 is not yet replicated to ALL_COMMITTED, logIndex=6, commits[3c326374-3547-416b-998e-7532ea2ef48b:c8, db7ea609-3ced-42df-bea1-3bd72610fc9e:c8, 961c004b-2cdf-4092-9b5c-36f8bd0f140b:c4]
2019-10-22 01:06:04,898 [java.util.concurrent.ThreadPoolExecutor$Worker@3c30b846[State = -1, empty queue]] WARN  server.GrpcLogAppender (GrpcLogAppender.java:timeoutAppendRequest(209)) - 3c326374-3547-416b-998e-7532ea2ef48b@group-3C40BA09D40C->961c004b-2cdf-4092-9b5c-36f8bd0f140b-GrpcLogAppender: appendEntries Timeout, request=3c326374-3547-416b-998e-7532ea2ef48b->961c004b-2cdf-4092-9b5c-36f8bd0f140b#18-t5, previous=(t:5, i:8), leaderCommit=8, initializing? false, entries: <empty>
2019-10-22 01:06:07,399 [java.util.concurrent.ThreadPoolExecutor$Worker@3c30b846[State = -1, empty queue]] WARN  server.GrpcLogAppender (GrpcLogAppender.java:timeoutAppendRequest(209)) - 3c326374-3547-416b-998e-7532ea2ef48b@group-3C40BA09D40C->961c004b-2cdf-4092-9b5c-36f8bd0f140b-GrpcLogAppender: appendEntries Timeout, request=3c326374-3547-416b-998e-7532ea2ef48b->961c004b-2cdf-4092-9b5c-36f8bd0f140b#19-t5, previous=(t:5, i:8), leaderCommit=8, initializing? false, entries: <empty>
2019-10-22 01:06:09,900 [java.util.concurrent.ThreadPoolExecutor$Worker@3c30b846[State = -1, empty queue]] WARN  server.GrpcLogAppender (GrpcLogAppender.java:timeoutAppendRequest(209)) - 3c326374-3547-416b-998e-7532ea2ef48b@group-3C40BA09D40C->961c004b-2cdf-4092-9b5c-36f8bd0f140b-GrpcLogAppender: appendEntries Timeout, request=3c326374-3547-416b-998e-7532ea2ef48b->961c004b-2cdf-4092-9b5c-36f8bd0f140b#20-t5, previous=(t:5, i:8), leaderCommit=8, initializing? false, entries: <empty>
2019-10-22 01:06:11,493 [Thread-324] INFO  client.GrpcClientProtocolService (GrpcClientProtocolService.java:lambda$processClientRequest$0(278)) - Failed RaftClientRequest:client-266370AF2C40->db7ea609-3ced-42df-bea1-3bd72610fc9e@group-3C40BA09D40C, cid=10, seq=0, Watch-ALL_COMMITTED(6), Message:<EMPTY>, reply=RaftClientReply:client-266370AF2C40->db7ea609-3ced-42df-bea1-3bd72610fc9e@group-3C40BA09D40C, cid=10, FAILED org.apache.ratis.protocol.NotLeaderException: Server db7ea609-3ced-42df-bea1-3bd72610fc9e@group-3C40BA09D40C is not the leader 3c326374-3547-416b-998e-7532ea2ef48b:192.168.157.222:44132, logIndex=0, commits[db7ea609-3ced-42df-bea1-3bd72610fc9e:c8, 961c004b-2cdf-4092-9b5c-36f8bd0f140b:c4, 3c326374-3547-416b-998e-7532ea2ef48b:c8]
2019-10-22 01:06:12,404 [java.util.concurrent.ThreadPoolExecutor$Worker@3c30b846[State = -1, empty queue]] WARN  server.GrpcLogAppender (GrpcLogAppender.java:timeoutAppendRequest(209)) - 3c326374-3547-416b-998e-7532ea2ef48b@group-3C40BA09D40C->961c004b-2cdf-4092-9b5c-36f8bd0f140b-GrpcLogAppender: appendEntries Timeout, request=3c326374-3547-416b-998e-7532ea2ef48b->961c004b-2cdf-4092-9b5c-36f8bd0f140b#21-t5, previous=(t:5, i:8), leaderCommit=8, initializing? false, entries: <empty>
2019-10-22 01:06:12,584 [Thread-328] INFO  client.GrpcClientProtocolService (GrpcClientProtocolService.java:lambda$processClientRequest$0(278)) - Failed RaftClientRequest:client-266370AF2C40->3c326374-3547-416b-998e-7532ea2ef48b@group-3C40BA09D40C, cid=10, seq=0, Watch-ALL_COMMITTED(6), Message:<EMPTY>, reply=RaftClientReply:client-266370AF2C40->3c326374-3547-416b-998e-7532ea2ef48b@group-3C40BA09D40C, cid=10, FAILED org.apache.ratis.protocol.NotReplicatedException: Request with call Id 10 and log index 6 is not yet replicated to ALL_COMMITTED, logIndex=6, commits[3c326374-3547-416b-998e-7532ea2ef48b:c8, db7ea609-3ced-42df-bea1-3bd72610fc9e:c8, 961c004b-2cdf-4092-9b5c-36f8bd0f140b:c4]
2019-10-22 01:06:14,408 [main] WARN  scm.XceiverClientRatis (XceiverClientRatis.java:watchForCommit(277)) - 3 way commit failed on pipeline Pipeline[ Id: 2cbd8cfc-dfa6-4d43-b162-3c40ba09d40c, Nodes: 3c326374-3547-416b-998e-7532ea2ef48b{ip: 192.168.157.222, host: pr-hdds-2131-5wjdl-3623002096, networkLocation: /default-rack, certSerialId: null}961c004b-2cdf-4092-9b5c-36f8bd0f140b{ip: 192.168.157.222, host: pr-hdds-2131-5wjdl-3623002096, networkLocation: /default-rack, certSerialId: null}db7ea609-3ced-42df-bea1-3bd72610fc9e{ip: 192.168.157.222, host: pr-hdds-2131-5wjdl-3623002096, networkLocation: /default-rack, certSerialId: null}, Type:RATIS, Factor:THREE, State:OPEN]
java.util.concurrent.TimeoutException
	at java.util.concurrent.CompletableFuture.timedGet(CompletableFuture.java:1771)
	at java.util.concurrent.CompletableFuture.get(CompletableFuture.java:1915)
	at org.apache.hadoop.hdds.scm.XceiverClientRatis.watchForCommit(XceiverClientRatis.java:274)
	at org.apache.hadoop.hdds.scm.storage.CommitWatcher.watchForCommit(CommitWatcher.java:198)
	at org.apache.hadoop.hdds.scm.storage.CommitWatcher.watchOnLastIndex(CommitWatcher.java:161)
	at org.apache.hadoop.hdds.scm.storage.BlockOutputStream.watchForCommit(BlockOutputStream.java:346)
	at org.apache.hadoop.hdds.scm.storage.BlockOutputStream.handleFlush(BlockOutputStream.java:482)
	at org.apache.hadoop.hdds.scm.storage.BlockOutputStream.close(BlockOutputStream.java:496)
	at org.apache.hadoop.ozone.client.io.BlockOutputStreamEntry.close(BlockOutputStreamEntry.java:143)
	at org.apache.hadoop.ozone.client.io.KeyOutputStream.handleFlushOrClose(KeyOutputStream.java:435)
	at org.apache.hadoop.ozone.client.io.KeyOutputStream.close(KeyOutputStream.java:473)
	at org.apache.hadoop.ozone.client.io.OzoneOutputStream.close(OzoneOutputStream.java:60)
	at org.apache.hadoop.ozone.client.rpc.TestDeleteWithSlowFollower.testDeleteKeyWithSlowFollower(TestDeleteWithSlowFollower.java:193)
	at sun.reflect.NativeMethodAccessorImpl.invoke0(Native Method)
	at sun.reflect.NativeMethodAccessorImpl.invoke(NativeMethodAccessorImpl.java:62)
	at sun.reflect.DelegatingMethodAccessorImpl.invoke(DelegatingMethodAccessorImpl.java:43)
	at java.lang.reflect.Method.invoke(Method.java:498)
	at org.junit.runners.model.FrameworkMethod$1.runReflectiveCall(FrameworkMethod.java:47)
	at org.junit.internal.runners.model.ReflectiveCallable.run(ReflectiveCallable.java:12)
	at org.junit.runners.model.FrameworkMethod.invokeExplosively(FrameworkMethod.java:44)
	at org.junit.internal.runners.statements.InvokeMethod.evaluate(InvokeMethod.java:17)
	at org.junit.runners.ParentRunner.runLeaf(ParentRunner.java:271)
	at org.junit.runners.BlockJUnit4ClassRunner.runChild(BlockJUnit4ClassRunner.java:70)
	at org.junit.runners.BlockJUnit4ClassRunner.runChild(BlockJUnit4ClassRunner.java:50)
	at org.junit.runners.ParentRunner$3.run(ParentRunner.java:238)
	at org.junit.runners.ParentRunner$1.schedule(ParentRunner.java:63)
	at org.junit.runners.ParentRunner.runChildren(ParentRunner.java:236)
	at org.junit.runners.ParentRunner.access$000(ParentRunner.java:53)
	at org.junit.runners.ParentRunner$2.evaluate(ParentRunner.java:229)
	at org.junit.internal.runners.statements.RunBefores.evaluate(RunBefores.java:26)
	at org.junit.internal.runners.statements.RunAfters.evaluate(RunAfters.java:27)
	at org.junit.runners.ParentRunner.run(ParentRunner.java:309)
	at org.apache.maven.surefire.junit4.JUnit4Provider.execute(JUnit4Provider.java:365)
	at org.apache.maven.surefire.junit4.JUnit4Provider.executeWithRerun(JUnit4Provider.java:273)
	at org.apache.maven.surefire.junit4.JUnit4Provider.executeTestSet(JUnit4Provider.java:238)
	at org.apache.maven.surefire.junit4.JUnit4Provider.invoke(JUnit4Provider.java:159)
	at org.apache.maven.surefire.booter.ForkedBooter.invokeProviderInSameClassLoader(ForkedBooter.java:384)
	at org.apache.maven.surefire.booter.ForkedBooter.runSuitesInProcess(ForkedBooter.java:345)
	at org.apache.maven.surefire.booter.ForkedBooter.execute(ForkedBooter.java:126)
	at org.apache.maven.surefire.booter.ForkedBooter.main(ForkedBooter.java:418)
2019-10-22 01:06:14,431 [main] INFO  scm.XceiverClientRatis (XceiverClientRatis.java:lambda$watchForCommit$5(295)) - Could not commit index 6 on pipeline Pipeline[ Id: 2cbd8cfc-dfa6-4d43-b162-3c40ba09d40c, Nodes: 3c326374-3547-416b-998e-7532ea2ef48b{ip: 192.168.157.222, host: pr-hdds-2131-5wjdl-3623002096, networkLocation: /default-rack, certSerialId: null}961c004b-2cdf-4092-9b5c-36f8bd0f140b{ip: 192.168.157.222, host: pr-hdds-2131-5wjdl-3623002096, networkLocation: /default-rack, certSerialId: null}db7ea609-3ced-42df-bea1-3bd72610fc9e{ip: 192.168.157.222, host: pr-hdds-2131-5wjdl-3623002096, networkLocation: /default-rack, certSerialId: null}, Type:RATIS, Factor:THREE, State:OPEN] to all the nodes. Server 961c004b-2cdf-4092-9b5c-36f8bd0f140b has failed. Committed by majority.
2019-10-22 01:06:14,432 [main] WARN  storage.BlockOutputStream (BlockOutputStream.java:watchForCommit(352)) - Failed to commit BlockId conID: 1 locID: 103003346610880512 bcsId: 6 on Pipeline[ Id: 2cbd8cfc-dfa6-4d43-b162-3c40ba09d40c, Nodes: 3c326374-3547-416b-998e-7532ea2ef48b{ip: 192.168.157.222, host: pr-hdds-2131-5wjdl-3623002096, networkLocation: /default-rack, certSerialId: null}961c004b-2cdf-4092-9b5c-36f8bd0f140b{ip: 192.168.157.222, host: pr-hdds-2131-5wjdl-3623002096, networkLocation: /default-rack, certSerialId: null}db7ea609-3ced-42df-bea1-3bd72610fc9e{ip: 192.168.157.222, host: pr-hdds-2131-5wjdl-3623002096, networkLocation: /default-rack, certSerialId: null}, Type:RATIS, Factor:THREE, State:OPEN]. Failed nodes: [961c004b-2cdf-4092-9b5c-36f8bd0f140b{ip: null, host: null, networkLocation: /default-rack, certSerialId: null}]
2019-10-22 01:06:14,528 [EventQueue-ContainerReportForContainerReportHandler] WARN  container.ContainerReportHandler (AbstractContainerReportHandler.java:updateContainerState(145)) - Container #1 is in OPEN state, but the datanode db7ea609-3ced-42df-bea1-3bd72610fc9e{ip: 192.168.157.222, host: pr-hdds-2131-5wjdl-3623002096, networkLocation: /default-rack, certSerialId: null} reports an CLOSING replica.
2019-10-22 01:06:14,536 [EventQueue-ContainerReportForContainerReportHandler] WARN  container.ContainerReportHandler (AbstractContainerReportHandler.java:updateContainerState(145)) - Container #1 is in OPEN state, but the datanode 3c326374-3547-416b-998e-7532ea2ef48b{ip: 192.168.157.222, host: pr-hdds-2131-5wjdl-3623002096, networkLocation: /default-rack, certSerialId: null} reports an CLOSING replica.
2019-10-22 01:06:14,537 [EventQueue-IncrementalContainerReportForIncrementalContainerReportHandler] WARN  container.IncrementalContainerReportHandler (AbstractContainerReportHandler.java:updateContainerState(145)) - Container #1 is in OPEN state, but the datanode 3c326374-3547-416b-998e-7532ea2ef48b{ip: 192.168.157.222, host: pr-hdds-2131-5wjdl-3623002096, networkLocation: /default-rack, certSerialId: null} reports an CLOSING replica.
2019-10-22 01:06:14,538 [RatisApplyTransactionExecutor 1] INFO  interfaces.Container (KeyValueContainer.java:flushAndSyncDB(386)) - Container 1 is synced with bcsId 6.
2019-10-22 01:06:14,538 [RatisApplyTransactionExecutor 1] INFO  interfaces.Container (KeyValueContainer.java:flushAndSyncDB(386)) - Container 1 is synced with bcsId 6.
2019-10-22 01:06:14,539 [EventQueue-IncrementalContainerReportForIncrementalContainerReportHandler] WARN  container.IncrementalContainerReportHandler (AbstractContainerReportHandler.java:updateContainerState(145)) - Container #1 is in OPEN state, but the datanode db7ea609-3ced-42df-bea1-3bd72610fc9e{ip: 192.168.157.222, host: pr-hdds-2131-5wjdl-3623002096, networkLocation: /default-rack, certSerialId: null} reports an CLOSING replica.
2019-10-22 01:06:14,540 [RatisApplyTransactionExecutor 1] INFO  interfaces.Container (KeyValueContainer.java:flushAndSyncDB(386)) - Container 1 is synced with bcsId 6.
2019-10-22 01:06:14,541 [RatisApplyTransactionExecutor 1] INFO  interfaces.Container (KeyValueContainer.java:flushAndSyncDB(386)) - Container 1 is synced with bcsId 6.
2019-10-22 01:06:14,578 [RatisApplyTransactionExecutor 1] INFO  interfaces.Container (KeyValueContainer.java:close(335)) - Container 1 is closed with bcsId 6.
2019-10-22 01:06:14,578 [RatisApplyTransactionExecutor 1] INFO  interfaces.Container (KeyValueContainer.java:close(335)) - Container 1 is closed with bcsId 6.
2019-10-22 01:06:14,582 [EventQueue-IncrementalContainerReportForIncrementalContainerReportHandler] WARN  container.IncrementalContainerReportHandler (AbstractContainerReportHandler.java:updateContainerState(145)) - Container #1 is in OPEN state, but the datanode db7ea609-3ced-42df-bea1-3bd72610fc9e{ip: 192.168.157.222, host: pr-hdds-2131-5wjdl-3623002096, networkLocation: /default-rack, certSerialId: null} reports an CLOSED replica.
2019-10-22 01:06:14,583 [EventQueue-IncrementalContainerReportForIncrementalContainerReportHandler] WARN  container.IncrementalContainerReportHandler (AbstractContainerReportHandler.java:updateContainerState(145)) - Container #1 is in OPEN state, but the datanode 3c326374-3547-416b-998e-7532ea2ef48b{ip: 192.168.157.222, host: pr-hdds-2131-5wjdl-3623002096, networkLocation: /default-rack, certSerialId: null} reports an CLOSED replica.
2019-10-22 01:06:14,699 [BlockDeletingService#2] WARN  background.BlockDeletingService (BlockDeletingService.java:isDeletionAllowed(187)) - Close Container log Index 6 is not replicated across allthe servers in the pipeline 2cbd8cfc-dfa6-4d43-b162-3c40ba09d40c as the min replicated index is 4. Deletion is not allowed in this container yet.
2019-10-22 01:06:14,699 [BlockDeletingService#2] WARN  background.BlockDeletingService (BlockDeletingService.java:isDeletionAllowed(187)) - Close Container log Index 6 is not replicated across allthe servers in the pipeline 2cbd8cfc-dfa6-4d43-b162-3c40ba09d40c as the min replicated index is 4. Deletion is not allowed in this container yet.
2019-10-22 01:06:14,702 [IPC Server handler 19 on 37572] INFO  server.SCMBlockProtocolServer (SCMBlockProtocolServer.java:deleteKeyBlocks(212)) - SCM is informed by OM to delete 1 blocks
2019-10-22 01:06:14,703 [IPC Server handler 19 on 37572] INFO  block.BlockManagerImpl (BlockManagerImpl.java:deleteBlocks(285)) - Deleting blocks conID: 1 locID: 103003346610880512 bcsId: 0
2019-10-22 01:06:14,881 [EventQueue-ContainerReportForContainerReportHandler] WARN  container.ContainerReportHandler (AbstractContainerReportHandler.java:updateContainerState(145)) - Container #1 is in OPEN state, but the datanode 3c326374-3547-416b-998e-7532ea2ef48b{ip: 192.168.157.222, host: pr-hdds-2131-5wjdl-3623002096, networkLocation: /default-rack, certSerialId: null} reports an CLOSED replica.
2019-10-22 01:06:14,904 [java.util.concurrent.ThreadPoolExecutor$Worker@3c30b846[State = -1, empty queue]] WARN  server.GrpcLogAppender (GrpcLogAppender.java:timeoutAppendRequest(209)) - 3c326374-3547-416b-998e-7532ea2ef48b@group-3C40BA09D40C->961c004b-2cdf-4092-9b5c-36f8bd0f140b-GrpcLogAppender: appendEntries Timeout, request=3c326374-3547-416b-998e-7532ea2ef48b->961c004b-2cdf-4092-9b5c-36f8bd0f140b#22-t5, previous=(t:5, i:8), leaderCommit=8, initializing? false, entries: <empty>
2019-10-22 01:06:14,981 [EventQueue-ContainerReportForContainerReportHandler] WARN  container.ContainerReportHandler (AbstractContainerReportHandler.java:updateContainerState(145)) - Container #1 is in OPEN state, but the datanode db7ea609-3ced-42df-bea1-3bd72610fc9e{ip: 192.168.157.222, host: pr-hdds-2131-5wjdl-3623002096, networkLocation: /default-rack, certSerialId: null} reports an CLOSED replica.
2019-10-22 01:06:15,181 [EventQueue-ContainerReportForContainerReportHandler] WARN  container.ContainerReportHandler (AbstractContainerReportHandler.java:updateContainerState(145)) - Container #1 is in OPEN state, but the datanode 3c326374-3547-416b-998e-7532ea2ef48b{ip: 192.168.157.222, host: pr-hdds-2131-5wjdl-3623002096, networkLocation: /default-rack, certSerialId: null} reports an CLOSED replica.
2019-10-22 01:06:15,282 [EventQueue-ContainerReportForContainerReportHandler] WARN  container.ContainerReportHandler (AbstractContainerReportHandler.java:updateContainerState(145)) - Container #1 is in OPEN state, but the datanode db7ea609-3ced-42df-bea1-3bd72610fc9e{ip: 192.168.157.222, host: pr-hdds-2131-5wjdl-3623002096, networkLocation: /default-rack, certSerialId: null} reports an CLOSED replica.
2019-10-22 01:06:15,582 [EventQueue-ContainerReportForContainerReportHandler] WARN  container.ContainerReportHandler (AbstractContainerReportHandler.java:updateContainerState(145)) - Container #1 is in OPEN state, but the datanode db7ea609-3ced-42df-bea1-3bd72610fc9e{ip: 192.168.157.222, host: pr-hdds-2131-5wjdl-3623002096, networkLocation: /default-rack, certSerialId: null} reports an CLOSED replica.
2019-10-22 01:06:15,582 [EventQueue-ContainerReportForContainerReportHandler] WARN  container.ContainerReportHandler (AbstractContainerReportHandler.java:updateContainerState(145)) - Container #1 is in OPEN state, but the datanode 3c326374-3547-416b-998e-7532ea2ef48b{ip: 192.168.157.222, host: pr-hdds-2131-5wjdl-3623002096, networkLocation: /default-rack, certSerialId: null} reports an CLOSED replica.
2019-10-22 01:06:15,702 [BlockDeletingService#2] WARN  background.BlockDeletingService (BlockDeletingService.java:isDeletionAllowed(187)) - Close Container log Index 6 is not replicated across allthe servers in the pipeline 2cbd8cfc-dfa6-4d43-b162-3c40ba09d40c as the min replicated index is 4. Deletion is not allowed in this container yet.
2019-10-22 01:06:15,702 [BlockDeletingService#2] WARN  background.BlockDeletingService (BlockDeletingService.java:isDeletionAllowed(187)) - Close Container log Index 6 is not replicated across allthe servers in the pipeline 2cbd8cfc-dfa6-4d43-b162-3c40ba09d40c as the min replicated index is 4. Deletion is not allowed in this container yet.
2019-10-22 01:06:15,781 [EventQueue-ContainerReportForContainerReportHandler] WARN  container.ContainerReportHandler (AbstractContainerReportHandler.java:updateContainerState(145)) - Container #1 is in OPEN state, but the datanode 3c326374-3547-416b-998e-7532ea2ef48b{ip: 192.168.157.222, host: pr-hdds-2131-5wjdl-3623002096, networkLocation: /default-rack, certSerialId: null} reports an CLOSED replica.
2019-10-22 01:06:15,981 [EventQueue-ContainerReportForContainerReportHandler] WARN  container.ContainerReportHandler (AbstractContainerReportHandler.java:updateContainerState(145)) - Container #1 is in OPEN state, but the datanode db7ea609-3ced-42df-bea1-3bd72610fc9e{ip: 192.168.157.222, host: pr-hdds-2131-5wjdl-3623002096, networkLocation: /default-rack, certSerialId: null} reports an CLOSED replica.
2019-10-22 01:06:16,082 [EventQueue-ContainerReportForContainerReportHandler] WARN  container.ContainerReportHandler (AbstractContainerReportHandler.java:updateContainerState(145)) - Container #1 is in OPEN state, but the datanode 3c326374-3547-416b-998e-7532ea2ef48b{ip: 192.168.157.222, host: pr-hdds-2131-5wjdl-3623002096, networkLocation: /default-rack, certSerialId: null} reports an CLOSED replica.
2019-10-22 01:06:16,282 [EventQueue-ContainerReportForContainerReportHandler] WARN  container.ContainerReportHandler (AbstractContainerReportHandler.java:updateContainerState(145)) - Container #1 is in OPEN state, but the datanode db7ea609-3ced-42df-bea1-3bd72610fc9e{ip: 192.168.157.222, host: pr-hdds-2131-5wjdl-3623002096, networkLocation: /default-rack, certSerialId: null} reports an CLOSED replica.
2019-10-22 01:06:16,382 [EventQueue-ContainerReportForContainerReportHandler] WARN  container.ContainerReportHandler (AbstractContainerReportHandler.java:updateContainerState(145)) - Container #1 is in OPEN state, but the datanode 3c326374-3547-416b-998e-7532ea2ef48b{ip: 192.168.157.222, host: pr-hdds-2131-5wjdl-3623002096, networkLocation: /default-rack, certSerialId: null} reports an CLOSED replica.
2019-10-22 01:06:16,483 [EventQueue-ContainerReportForContainerReportHandler] WARN  container.ContainerReportHandler (AbstractContainerReportHandler.java:updateContainerState(145)) - Container #1 is in OPEN state, but the datanode db7ea609-3ced-42df-bea1-3bd72610fc9e{ip: 192.168.157.222, host: pr-hdds-2131-5wjdl-3623002096, networkLocation: /default-rack, certSerialId: null} reports an CLOSED replica.
2019-10-22 01:06:16,704 [BlockDeletingService#2] WARN  background.BlockDeletingService (BlockDeletingService.java:isDeletionAllowed(187)) - Close Container log Index 6 is not replicated across allthe servers in the pipeline 2cbd8cfc-dfa6-4d43-b162-3c40ba09d40c as the min replicated index is 4. Deletion is not allowed in this container yet.
2019-10-22 01:06:16,704 [BlockDeletingService#2] WARN  background.BlockDeletingService (BlockDeletingService.java:isDeletionAllowed(187)) - Close Container log Index 6 is not replicated across allthe servers in the pipeline 2cbd8cfc-dfa6-4d43-b162-3c40ba09d40c as the min replicated index is 4. Deletion is not allowed in this container yet.
2019-10-22 01:06:16,782 [EventQueue-ContainerReportForContainerReportHandler] WARN  container.ContainerReportHandler (AbstractContainerReportHandler.java:updateContainerState(145)) - Container #1 is in OPEN state, but the datanode 3c326374-3547-416b-998e-7532ea2ef48b{ip: 192.168.157.222, host: pr-hdds-2131-5wjdl-3623002096, networkLocation: /default-rack, certSerialId: null} reports an CLOSED replica.
2019-10-22 01:06:16,882 [EventQueue-ContainerReportForContainerReportHandler] WARN  container.ContainerReportHandler (AbstractContainerReportHandler.java:updateContainerState(145)) - Container #1 is in OPEN state, but the datanode db7ea609-3ced-42df-bea1-3bd72610fc9e{ip: 192.168.157.222, host: pr-hdds-2131-5wjdl-3623002096, networkLocation: /default-rack, certSerialId: null} reports an CLOSED replica.
2019-10-22 01:06:17,083 [EventQueue-ContainerReportForContainerReportHandler] WARN  container.ContainerReportHandler (AbstractContainerReportHandler.java:updateContainerState(145)) - Container #1 is in OPEN state, but the datanode 3c326374-3547-416b-998e-7532ea2ef48b{ip: 192.168.157.222, host: pr-hdds-2131-5wjdl-3623002096, networkLocation: /default-rack, certSerialId: null} reports an CLOSED replica.
2019-10-22 01:06:17,183 [EventQueue-ContainerReportForContainerReportHandler] WARN  container.ContainerReportHandler (AbstractContainerReportHandler.java:updateContainerState(145)) - Container #1 is in OPEN state, but the datanode db7ea609-3ced-42df-bea1-3bd72610fc9e{ip: 192.168.157.222, host: pr-hdds-2131-5wjdl-3623002096, networkLocation: /default-rack, certSerialId: null} reports an CLOSED replica.
2019-10-22 01:06:17,408 [java.util.concurrent.ThreadPoolExecutor$Worker@3c30b846[State = -1, empty queue]] WARN  server.GrpcLogAppender (GrpcLogAppender.java:timeoutAppendRequest(209)) - 3c326374-3547-416b-998e-7532ea2ef48b@group-3C40BA09D40C->961c004b-2cdf-4092-9b5c-36f8bd0f140b-GrpcLogAppender: appendEntries Timeout, request=3c326374-3547-416b-998e-7532ea2ef48b->961c004b-2cdf-4092-9b5c-36f8bd0f140b#23-t5, previous=(t:5, i:8), leaderCommit=8, initializing? false, entries: <empty>
2019-10-22 01:06:17,482 [EventQueue-ContainerReportForContainerReportHandler] WARN  container.ContainerReportHandler (AbstractContainerReportHandler.java:updateContainerState(145)) - Container #1 is in OPEN state, but the datanode db7ea609-3ced-42df-bea1-3bd72610fc9e{ip: 192.168.157.222, host: pr-hdds-2131-5wjdl-3623002096, networkLocation: /default-rack, certSerialId: null} reports an CLOSED replica.
2019-10-22 01:06:17,483 [EventQueue-ContainerReportForContainerReportHandler] WARN  container.ContainerReportHandler (AbstractContainerReportHandler.java:updateContainerState(145)) - Container #1 is in OPEN state, but the datanode 3c326374-3547-416b-998e-7532ea2ef48b{ip: 192.168.157.222, host: pr-hdds-2131-5wjdl-3623002096, networkLocation: /default-rack, certSerialId: null} reports an CLOSED replica.
2019-10-22 01:06:17,487 [java.util.concurrent.ThreadPoolExecutor$Worker@3c30b846[State = -1, empty queue]] WARN  server.GrpcLogAppender (GrpcLogAppender.java:timeoutAppendRequest(209)) - 3c326374-3547-416b-998e-7532ea2ef48b@group-3C40BA09D40C->961c004b-2cdf-4092-9b5c-36f8bd0f140b-GrpcLogAppender: appendEntries Timeout, request=3c326374-3547-416b-998e-7532ea2ef48b->961c004b-2cdf-4092-9b5c-36f8bd0f140b#24-t5, previous=(t:5, i:8), leaderCommit=8, initializing? false, entries: size=1, first=(t:5, i:9), STATEMACHINELOGENTRY, client-969B31EDF527, cid=12
2019-10-22 01:06:17,501 [java.util.concurrent.ThreadPoolExecutor$Worker@3c30b846[State = -1, empty queue]] WARN  server.GrpcLogAppender (GrpcLogAppender.java:timeoutAppendRequest(209)) - 3c326374-3547-416b-998e-7532ea2ef48b@group-3C40BA09D40C->961c004b-2cdf-4092-9b5c-36f8bd0f140b-GrpcLogAppender: appendEntries Timeout, request=3c326374-3547-416b-998e-7532ea2ef48b->961c004b-2cdf-4092-9b5c-36f8bd0f140b#25-t5, previous=(t:5, i:9), leaderCommit=9, initializing? false, entries: size=1, first=(t:5, i:10), METADATAENTRY(c9)
2019-10-22 01:06:17,683 [EventQueue-ContainerReportForContainerReportHandler] WARN  container.ContainerReportHandler (AbstractContainerReportHandler.java:updateContainerState(145)) - Container #1 is in OPEN state, but the datanode 3c326374-3547-416b-998e-7532ea2ef48b{ip: 192.168.157.222, host: pr-hdds-2131-5wjdl-3623002096, networkLocation: /default-rack, certSerialId: null} reports an CLOSED replica.
2019-10-22 01:06:17,707 [BlockDeletingService#2] WARN  background.BlockDeletingService (BlockDeletingService.java:isDeletionAllowed(187)) - Close Container log Index 6 is not replicated across allthe servers in the pipeline 2cbd8cfc-dfa6-4d43-b162-3c40ba09d40c as the min replicated index is 4. Deletion is not allowed in this container yet.
2019-10-22 01:06:17,707 [BlockDeletingService#2] WARN  background.BlockDeletingService (BlockDeletingService.java:isDeletionAllowed(187)) - Close Container log Index 6 is not replicated across allthe servers in the pipeline 2cbd8cfc-dfa6-4d43-b162-3c40ba09d40c as the min replicated index is 4. Deletion is not allowed in this container yet.
2019-10-22 01:06:17,783 [EventQueue-ContainerReportForContainerReportHandler] WARN  container.ContainerReportHandler (AbstractContainerReportHandler.java:updateContainerState(145)) - Container #1 is in OPEN state, but the datanode db7ea609-3ced-42df-bea1-3bd72610fc9e{ip: 192.168.157.222, host: pr-hdds-2131-5wjdl-3623002096, networkLocation: /default-rack, certSerialId: null} reports an CLOSED replica.
2019-10-22 01:06:17,985 [EventQueue-ContainerReportForContainerReportHandler] WARN  container.ContainerReportHandler (AbstractContainerReportHandler.java:updateContainerState(145)) - Container #1 is in OPEN state, but the datanode 3c326374-3547-416b-998e-7532ea2ef48b{ip: 192.168.157.222, host: pr-hdds-2131-5wjdl-3623002096, networkLocation: /default-rack, certSerialId: null} reports an CLOSED replica.
2019-10-22 01:06:18,084 [EventQueue-ContainerReportForContainerReportHandler] WARN  container.ContainerReportHandler (AbstractContainerReportHandler.java:updateContainerState(145)) - Container #1 is in OPEN state, but the datanode db7ea609-3ced-42df-bea1-3bd72610fc9e{ip: 192.168.157.222, host: pr-hdds-2131-5wjdl-3623002096, networkLocation: /default-rack, certSerialId: null} reports an CLOSED replica.
2019-10-22 01:06:18,284 [EventQueue-ContainerReportForContainerReportHandler] WARN  container.ContainerReportHandler (AbstractContainerReportHandler.java:updateContainerState(145)) - Container #1 is in OPEN state, but the datanode 3c326374-3547-416b-998e-7532ea2ef48b{ip: 192.168.157.222, host: pr-hdds-2131-5wjdl-3623002096, networkLocation: /default-rack, certSerialId: null} reports an CLOSED replica.
2019-10-22 01:06:18,383 [EventQueue-ContainerReportForContainerReportHandler] WARN  container.ContainerReportHandler (AbstractContainerReportHandler.java:updateContainerState(145)) - Container #1 is in OPEN state, but the datanode db7ea609-3ced-42df-bea1-3bd72610fc9e{ip: 192.168.157.222, host: pr-hdds-2131-5wjdl-3623002096, networkLocation: /default-rack, certSerialId: null} reports an CLOSED replica.
2019-10-22 01:06:18,484 [EventQueue-ContainerReportForContainerReportHandler] WARN  container.ContainerReportHandler (AbstractContainerReportHandler.java:updateContainerState(145)) - Container #1 is in OPEN state, but the datanode 3c326374-3547-416b-998e-7532ea2ef48b{ip: 192.168.157.222, host: pr-hdds-2131-5wjdl-3623002096, networkLocation: /default-rack, certSerialId: null} reports an CLOSED replica.
2019-10-22 01:06:18,712 [BlockDeletingService#2] WARN  background.BlockDeletingService (BlockDeletingService.java:isDeletionAllowed(187)) - Close Container log Index 6 is not replicated across allthe servers in the pipeline 2cbd8cfc-dfa6-4d43-b162-3c40ba09d40c as the min replicated index is 4. Deletion is not allowed in this container yet.
2019-10-22 01:06:18,712 [BlockDeletingService#2] WARN  background.BlockDeletingService (BlockDeletingService.java:isDeletionAllowed(187)) - Close Container log Index 6 is not replicated across allthe servers in the pipeline 2cbd8cfc-dfa6-4d43-b162-3c40ba09d40c as the min replicated index is 4. Deletion is not allowed in this container yet.
2019-10-22 01:06:18,784 [EventQueue-ContainerReportForContainerReportHandler] WARN  container.ContainerReportHandler (AbstractContainerReportHandler.java:updateContainerState(145)) - Container #1 is in OPEN state, but the datanode db7ea609-3ced-42df-bea1-3bd72610fc9e{ip: 192.168.157.222, host: pr-hdds-2131-5wjdl-3623002096, networkLocation: /default-rack, certSerialId: null} reports an CLOSED replica.
2019-10-22 01:06:18,884 [EventQueue-ContainerReportForContainerReportHandler] WARN  container.ContainerReportHandler (AbstractContainerReportHandler.java:updateContainerState(145)) - Container #1 is in OPEN state, but the datanode 3c326374-3547-416b-998e-7532ea2ef48b{ip: 192.168.157.222, host: pr-hdds-2131-5wjdl-3623002096, networkLocation: /default-rack, certSerialId: null} reports an CLOSED replica.
2019-10-22 01:06:18,983 [EventQueue-ContainerReportForContainerReportHandler] WARN  container.ContainerReportHandler (AbstractContainerReportHandler.java:updateContainerState(145)) - Container #1 is in OPEN state, but the datanode db7ea609-3ced-42df-bea1-3bd72610fc9e{ip: 192.168.157.222, host: pr-hdds-2131-5wjdl-3623002096, networkLocation: /default-rack, certSerialId: null} reports an CLOSED replica.
2019-10-22 01:06:19,184 [EventQueue-ContainerReportForContainerReportHandler] WARN  container.ContainerReportHandler (AbstractContainerReportHandler.java:updateContainerState(145)) - Container #1 is in OPEN state, but the datanode db7ea609-3ced-42df-bea1-3bd72610fc9e{ip: 192.168.157.222, host: pr-hdds-2131-5wjdl-3623002096, networkLocation: /default-rack, certSerialId: null} reports an CLOSED replica.
2019-10-22 01:06:19,187 [EventQueue-ContainerReportForContainerReportHandler] WARN  container.ContainerReportHandler (AbstractContainerReportHandler.java:updateContainerState(145)) - Container #1 is in OPEN state, but the datanode 3c326374-3547-416b-998e-7532ea2ef48b{ip: 192.168.157.222, host: pr-hdds-2131-5wjdl-3623002096, networkLocation: /default-rack, certSerialId: null} reports an CLOSED replica.
2019-10-22 01:06:19,584 [EventQueue-ContainerReportForContainerReportHandler] WARN  container.ContainerReportHandler (AbstractContainerReportHandler.java:updateContainerState(145)) - Container #1 is in OPEN state, but the datanode db7ea609-3ced-42df-bea1-3bd72610fc9e{ip: 192.168.157.222, host: pr-hdds-2131-5wjdl-3623002096, networkLocation: /default-rack, certSerialId: null} reports an CLOSED replica.
2019-10-22 01:06:19,587 [EventQueue-ContainerReportForContainerReportHandler] WARN  container.ContainerReportHandler (AbstractContainerReportHandler.java:updateContainerState(145)) - Container #1 is in OPEN state, but the datanode 3c326374-3547-416b-998e-7532ea2ef48b{ip: 192.168.157.222, host: pr-hdds-2131-5wjdl-3623002096, networkLocation: /default-rack, certSerialId: null} reports an CLOSED replica.
2019-10-22 01:06:19,715 [BlockDeletingService#2] WARN  background.BlockDeletingService (BlockDeletingService.java:isDeletionAllowed(187)) - Close Container log Index 6 is not replicated across allthe servers in the pipeline 2cbd8cfc-dfa6-4d43-b162-3c40ba09d40c as the min replicated index is 4. Deletion is not allowed in this container yet.
2019-10-22 01:06:19,715 [BlockDeletingService#2] WARN  background.BlockDeletingService (BlockDeletingService.java:isDeletionAllowed(187)) - Close Container log Index 6 is not replicated across allthe servers in the pipeline 2cbd8cfc-dfa6-4d43-b162-3c40ba09d40c as the min replicated index is 4. Deletion is not allowed in this container yet.
2019-10-22 01:06:19,788 [EventQueue-ContainerReportForContainerReportHandler] WARN  container.ContainerReportHandler (AbstractContainerReportHandler.java:updateContainerState(145)) - Container #1 is in OPEN state, but the datanode 3c326374-3547-416b-998e-7532ea2ef48b{ip: 192.168.157.222, host: pr-hdds-2131-5wjdl-3623002096, networkLocation: /default-rack, certSerialId: null} reports an CLOSED replica.
2019-10-22 01:06:19,885 [EventQueue-ContainerReportForContainerReportHandler] WARN  container.ContainerReportHandler (AbstractContainerReportHandler.java:updateContainerState(145)) - Container #1 is in OPEN state, but the datanode db7ea609-3ced-42df-bea1-3bd72610fc9e{ip: 192.168.157.222, host: pr-hdds-2131-5wjdl-3623002096, networkLocation: /default-rack, certSerialId: null} reports an CLOSED replica.
2019-10-22 01:06:20,003 [java.util.concurrent.ThreadPoolExecutor$Worker@3c30b846[State = -1, empty queue]] WARN  server.GrpcLogAppender (GrpcLogAppender.java:timeoutAppendRequest(209)) - 3c326374-3547-416b-998e-7532ea2ef48b@group-3C40BA09D40C->961c004b-2cdf-4092-9b5c-36f8bd0f140b-GrpcLogAppender: appendEntries Timeout, request=3c326374-3547-416b-998e-7532ea2ef48b->961c004b-2cdf-4092-9b5c-36f8bd0f140b#26-t5, previous=(t:5, i:10), leaderCommit=10, initializing? false, entries: <empty>
2019-10-22 01:06:20,183 [EventQueue-ContainerReportForContainerReportHandler] WARN  container.ContainerReportHandler (AbstractContainerReportHandler.java:updateContainerState(145)) - Container #1 is in OPEN state, but the datanode db7ea609-3ced-42df-bea1-3bd72610fc9e{ip: 192.168.157.222, host: pr-hdds-2131-5wjdl-3623002096, networkLocation: /default-rack, certSerialId: null} reports an CLOSED replica.
2019-10-22 01:06:20,187 [EventQueue-ContainerReportForContainerReportHandler] WARN  container.ContainerReportHandler (AbstractContainerReportHandler.java:updateContainerState(145)) - Container #1 is in OPEN state, but the datanode 3c326374-3547-416b-998e-7532ea2ef48b{ip: 192.168.157.222, host: pr-hdds-2131-5wjdl-3623002096, networkLocation: /default-rack, certSerialId: null} reports an CLOSED replica.
2019-10-22 01:06:20,384 [EventQueue-ContainerReportForContainerReportHandler] WARN  container.ContainerReportHandler (AbstractContainerReportHandler.java:updateContainerState(145)) - Container #1 is in OPEN state, but the datanode db7ea609-3ced-42df-bea1-3bd72610fc9e{ip: 192.168.157.222, host: pr-hdds-2131-5wjdl-3623002096, networkLocation: /default-rack, certSerialId: null} reports an CLOSED replica.
2019-10-22 01:06:20,584 [EventQueue-ContainerReportForContainerReportHandler] WARN  container.ContainerReportHandler (AbstractContainerReportHandler.java:updateContainerState(145)) - Container #1 is in OPEN state, but the datanode db7ea609-3ced-42df-bea1-3bd72610fc9e{ip: 192.168.157.222, host: pr-hdds-2131-5wjdl-3623002096, networkLocation: /default-rack, certSerialId: null} reports an CLOSED replica.
2019-10-22 01:06:20,587 [EventQueue-ContainerReportForContainerReportHandler] WARN  container.ContainerReportHandler (AbstractContainerReportHandler.java:updateContainerState(145)) - Container #1 is in OPEN state, but the datanode 3c326374-3547-416b-998e-7532ea2ef48b{ip: 192.168.157.222, host: pr-hdds-2131-5wjdl-3623002096, networkLocation: /default-rack, certSerialId: null} reports an CLOSED replica.
2019-10-22 01:06:20,717 [BlockDeletingService#2] WARN  background.BlockDeletingService (BlockDeletingService.java:isDeletionAllowed(187)) - Close Container log Index 6 is not replicated across allthe servers in the pipeline 2cbd8cfc-dfa6-4d43-b162-3c40ba09d40c as the min replicated index is 4. Deletion is not allowed in this container yet.
2019-10-22 01:06:20,717 [BlockDeletingService#2] WARN  background.BlockDeletingService (BlockDeletingService.java:isDeletionAllowed(187)) - Close Container log Index 6 is not replicated across allthe servers in the pipeline 2cbd8cfc-dfa6-4d43-b162-3c40ba09d40c as the min replicated index is 4. Deletion is not allowed in this container yet.
2019-10-22 01:06:20,888 [EventQueue-ContainerReportForContainerReportHandler] WARN  container.ContainerReportHandler (AbstractContainerReportHandler.java:updateContainerState(145)) - Container #1 is in OPEN state, but the datanode 3c326374-3547-416b-998e-7532ea2ef48b{ip: 192.168.157.222, host: pr-hdds-2131-5wjdl-3623002096, networkLocation: /default-rack, certSerialId: null} reports an CLOSED replica.
2019-10-22 01:06:20,985 [EventQueue-ContainerReportForContainerReportHandler] WARN  container.ContainerReportHandler (AbstractContainerReportHandler.java:updateContainerState(145)) - Container #1 is in OPEN state, but the datanode db7ea609-3ced-42df-bea1-3bd72610fc9e{ip: 192.168.157.222, host: pr-hdds-2131-5wjdl-3623002096, networkLocation: /default-rack, certSerialId: null} reports an CLOSED replica.
2019-10-22 01:06:21,187 [EventQueue-ContainerReportForContainerReportHandler] WARN  container.ContainerReportHandler (AbstractContainerReportHandler.java:updateContainerState(145)) - Container #1 is in OPEN state, but the datanode 3c326374-3547-416b-998e-7532ea2ef48b{ip: 192.168.157.222, host: pr-hdds-2131-5wjdl-3623002096, networkLocation: /default-rack, certSerialId: null} reports an CLOSED replica.
2019-10-22 01:06:21,385 [EventQueue-ContainerReportForContainerReportHandler] WARN  container.ContainerReportHandler (AbstractContainerReportHandler.java:updateContainerState(145)) - Container #1 is in OPEN state, but the datanode db7ea609-3ced-42df-bea1-3bd72610fc9e{ip: 192.168.157.222, host: pr-hdds-2131-5wjdl-3623002096, networkLocation: /default-rack, certSerialId: null} reports an CLOSED replica.
2019-10-22 01:06:21,487 [EventQueue-ContainerReportForContainerReportHandler] WARN  container.ContainerReportHandler (AbstractContainerReportHandler.java:updateContainerState(145)) - Container #1 is in OPEN state, but the datanode 3c326374-3547-416b-998e-7532ea2ef48b{ip: 192.168.157.222, host: pr-hdds-2131-5wjdl-3623002096, networkLocation: /default-rack, certSerialId: null} reports an CLOSED replica.
2019-10-22 01:06:21,559 [Thread-358] INFO  client.GrpcClientProtocolService (GrpcClientProtocolService.java:lambda$processClientRequest$0(278)) - Failed RaftClientRequest:client-266370AF2C40->db7ea609-3ced-42df-bea1-3bd72610fc9e@group-3C40BA09D40C, cid=10, seq=0, Watch-ALL_COMMITTED(6), Message:<EMPTY>, reply=RaftClientReply:client-266370AF2C40->db7ea609-3ced-42df-bea1-3bd72610fc9e@group-3C40BA09D40C, cid=10, FAILED org.apache.ratis.protocol.NotLeaderException: Server db7ea609-3ced-42df-bea1-3bd72610fc9e@group-3C40BA09D40C is not the leader 3c326374-3547-416b-998e-7532ea2ef48b:192.168.157.222:44132, logIndex=0, commits[db7ea609-3ced-42df-bea1-3bd72610fc9e:c10, 961c004b-2cdf-4092-9b5c-36f8bd0f140b:c4, 3c326374-3547-416b-998e-7532ea2ef48b:c10]
2019-10-22 01:06:21,584 [EventQueue-ContainerReportForContainerReportHandler] WARN  container.ContainerReportHandler (AbstractContainerReportHandler.java:updateContainerState(145)) - Container #1 is in OPEN state, but the datanode db7ea609-3ced-42df-bea1-3bd72610fc9e{ip: 192.168.157.222, host: pr-hdds-2131-5wjdl-3623002096, networkLocation: /default-rack, certSerialId: null} reports an CLOSED replica.
2019-10-22 01:06:21,584 [Thread-361] INFO  client.GrpcClientProtocolService (GrpcClientProtocolService.java:lambda$processClientRequest$0(278)) - Failed RaftClientRequest:client-266370AF2C40->3c326374-3547-416b-998e-7532ea2ef48b@group-3C40BA09D40C, cid=10, seq=0, Watch-ALL_COMMITTED(6), Message:<EMPTY>, reply=RaftClientReply:client-266370AF2C40->3c326374-3547-416b-998e-7532ea2ef48b@group-3C40BA09D40C, cid=10, FAILED org.apache.ratis.protocol.NotReplicatedException: Request with call Id 10 and log index 6 is not yet replicated to ALL_COMMITTED, logIndex=6, commits[3c326374-3547-416b-998e-7532ea2ef48b:c10, db7ea609-3ced-42df-bea1-3bd72610fc9e:c10, 961c004b-2cdf-4092-9b5c-36f8bd0f140b:c4]
2019-10-22 01:06:21,687 [EventQueue-ContainerReportForContainerReportHandler] WARN  container.ContainerReportHandler (AbstractContainerReportHandler.java:updateContainerState(145)) - Container #1 is in OPEN state, but the datanode 3c326374-3547-416b-998e-7532ea2ef48b{ip: 192.168.157.222, host: pr-hdds-2131-5wjdl-3623002096, networkLocation: /default-rack, certSerialId: null} reports an CLOSED replica.
2019-10-22 01:06:21,719 [BlockDeletingService#2] WARN  background.BlockDeletingService (BlockDeletingService.java:isDeletionAllowed(187)) - Close Container log Index 6 is not replicated across allthe servers in the pipeline 2cbd8cfc-dfa6-4d43-b162-3c40ba09d40c as the min replicated index is 4. Deletion is not allowed in this container yet.
2019-10-22 01:06:21,720 [BlockDeletingService#2] WARN  background.BlockDeletingService (BlockDeletingService.java:isDeletionAllowed(187)) - Close Container log Index 6 is not replicated across allthe servers in the pipeline 2cbd8cfc-dfa6-4d43-b162-3c40ba09d40c as the min replicated index is 4. Deletion is not allowed in this container yet.
2019-10-22 01:06:21,885 [EventQueue-ContainerReportForContainerReportHandler] WARN  container.ContainerReportHandler (AbstractContainerReportHandler.java:updateContainerState(145)) - Container #1 is in OPEN state, but the datanode db7ea609-3ced-42df-bea1-3bd72610fc9e{ip: 192.168.157.222, host: pr-hdds-2131-5wjdl-3623002096, networkLocation: /default-rack, certSerialId: null} reports an CLOSED replica.
2019-10-22 01:06:21,988 [EventQueue-ContainerReportForContainerReportHandler] WARN  container.ContainerReportHandler (AbstractContainerReportHandler.java:updateContainerState(145)) - Container #1 is in OPEN state, but the datanode 3c326374-3547-416b-998e-7532ea2ef48b{ip: 192.168.157.222, host: pr-hdds-2131-5wjdl-3623002096, networkLocation: /default-rack, certSerialId: null} reports an CLOSED replica.
2019-10-22 01:06:22,187 [EventQueue-ContainerReportForContainerReportHandler] WARN  container.ContainerReportHandler (AbstractContainerReportHandler.java:updateContainerState(145)) - Container #1 is in OPEN state, but the datanode 3c326374-3547-416b-998e-7532ea2ef48b{ip: 192.168.157.222, host: pr-hdds-2131-5wjdl-3623002096, networkLocation: /default-rack, certSerialId: null} reports an CLOSED replica.
2019-10-22 01:06:22,287 [EventQueue-ContainerReportForContainerReportHandler] WARN  container.ContainerReportHandler (AbstractContainerReportHandler.java:updateContainerState(145)) - Container #1 is in OPEN state, but the datanode db7ea609-3ced-42df-bea1-3bd72610fc9e{ip: 192.168.157.222, host: pr-hdds-2131-5wjdl-3623002096, networkLocation: /default-rack, certSerialId: null} reports an CLOSED replica.
2019-10-22 01:06:22,506 [java.util.concurrent.ThreadPoolExecutor$Worker@3c30b846[State = -1, empty queue]] WARN  server.GrpcLogAppender (GrpcLogAppender.java:timeoutAppendRequest(209)) - 3c326374-3547-416b-998e-7532ea2ef48b@group-3C40BA09D40C->961c004b-2cdf-4092-9b5c-36f8bd0f140b-GrpcLogAppender: appendEntries Timeout, request=3c326374-3547-416b-998e-7532ea2ef48b->961c004b-2cdf-4092-9b5c-36f8bd0f140b#27-t5, previous=(t:5, i:10), leaderCommit=10, initializing? false, entries: <empty>
2019-10-22 01:06:22,587 [EventQueue-ContainerReportForContainerReportHandler] WARN  container.ContainerReportHandler (AbstractContainerReportHandler.java:updateContainerState(145)) - Container #1 is in OPEN state, but the datanode db7ea609-3ced-42df-bea1-3bd72610fc9e{ip: 192.168.157.222, host: pr-hdds-2131-5wjdl-3623002096, networkLocation: /default-rack, certSerialId: null} reports an CLOSED replica.
2019-10-22 01:06:22,588 [EventQueue-ContainerReportForContainerReportHandler] WARN  container.ContainerReportHandler (AbstractContainerReportHandler.java:updateContainerState(145)) - Container #1 is in OPEN state, but the datanode 3c326374-3547-416b-998e-7532ea2ef48b{ip: 192.168.157.222, host: pr-hdds-2131-5wjdl-3623002096, networkLocation: /default-rack, certSerialId: null} reports an CLOSED replica.
2019-10-22 01:06:22,723 [BlockDeletingService#2] WARN  background.BlockDeletingService (BlockDeletingService.java:isDeletionAllowed(187)) - Close Container log Index 6 is not replicated across allthe servers in the pipeline 2cbd8cfc-dfa6-4d43-b162-3c40ba09d40c as the min replicated index is 4. Deletion is not allowed in this container yet.
2019-10-22 01:06:22,723 [BlockDeletingService#2] WARN  background.BlockDeletingService (BlockDeletingService.java:isDeletionAllowed(187)) - Close Container log Index 6 is not replicated across allthe servers in the pipeline 2cbd8cfc-dfa6-4d43-b162-3c40ba09d40c as the min replicated index is 4. Deletion is not allowed in this container yet.
2019-10-22 01:06:22,789 [EventQueue-ContainerReportForContainerReportHandler] WARN  container.ContainerReportHandler (AbstractContainerReportHandler.java:updateContainerState(145)) - Container #1 is in OPEN state, but the datanode 3c326374-3547-416b-998e-7532ea2ef48b{ip: 192.168.157.222, host: pr-hdds-2131-5wjdl-3623002096, networkLocation: /default-rack, certSerialId: null} reports an CLOSED replica.
2019-10-22 01:06:22,987 [EventQueue-ContainerReportForContainerReportHandler] WARN  container.ContainerReportHandler (AbstractContainerReportHandler.java:updateContainerState(145)) - Container #1 is in OPEN state, but the datanode db7ea609-3ced-42df-bea1-3bd72610fc9e{ip: 192.168.157.222, host: pr-hdds-2131-5wjdl-3623002096, networkLocation: /default-rack, certSerialId: null} reports an CLOSED replica.
2019-10-22 01:06:23,088 [EventQueue-ContainerReportForContainerReportHandler] WARN  container.ContainerReportHandler (AbstractContainerReportHandler.java:updateContainerState(145)) - Container #1 is in OPEN state, but the datanode 3c326374-3547-416b-998e-7532ea2ef48b{ip: 192.168.157.222, host: pr-hdds-2131-5wjdl-3623002096, networkLocation: /default-rack, certSerialId: null} reports an CLOSED replica.
2019-10-22 01:06:23,288 [EventQueue-ContainerReportForContainerReportHandler] WARN  container.ContainerReportHandler (AbstractContainerReportHandler.java:updateContainerState(145)) - Container #1 is in OPEN state, but the datanode db7ea609-3ced-42df-bea1-3bd72610fc9e{ip: 192.168.157.222, host: pr-hdds-2131-5wjdl-3623002096, networkLocation: /default-rack, certSerialId: null} reports an CLOSED replica.
2019-10-22 01:06:23,388 [EventQueue-ContainerReportForContainerReportHandler] WARN  container.ContainerReportHandler (AbstractContainerReportHandler.java:updateContainerState(145)) - Container #1 is in OPEN state, but the datanode 3c326374-3547-416b-998e-7532ea2ef48b{ip: 192.168.157.222, host: pr-hdds-2131-5wjdl-3623002096, networkLocation: /default-rack, certSerialId: null} reports an CLOSED replica.
2019-10-22 01:06:23,588 [EventQueue-ContainerReportForContainerReportHandler] WARN  container.ContainerReportHandler (AbstractContainerReportHandler.java:updateContainerState(145)) - Container #1 is in OPEN state, but the datanode db7ea609-3ced-42df-bea1-3bd72610fc9e{ip: 192.168.157.222, host: pr-hdds-2131-5wjdl-3623002096, networkLocation: /default-rack, certSerialId: null} reports an CLOSED replica.
2019-10-22 01:06:23,689 [EventQueue-ContainerReportForContainerReportHandler] WARN  container.ContainerReportHandler (AbstractContainerReportHandler.java:updateContainerState(145)) - Container #1 is in OPEN state, but the datanode 3c326374-3547-416b-998e-7532ea2ef48b{ip: 192.168.157.222, host: pr-hdds-2131-5wjdl-3623002096, networkLocation: /default-rack, certSerialId: null} reports an CLOSED replica.
2019-10-22 01:06:23,728 [BlockDeletingService#2] WARN  background.BlockDeletingService (BlockDeletingService.java:isDeletionAllowed(187)) - Close Container log Index 6 is not replicated across allthe servers in the pipeline 2cbd8cfc-dfa6-4d43-b162-3c40ba09d40c as the min replicated index is 4. Deletion is not allowed in this container yet.
2019-10-22 01:06:23,728 [BlockDeletingService#2] WARN  background.BlockDeletingService (BlockDeletingService.java:isDeletionAllowed(187)) - Close Container log Index 6 is not replicated across allthe servers in the pipeline 2cbd8cfc-dfa6-4d43-b162-3c40ba09d40c as the min replicated index is 4. Deletion is not allowed in this container yet.
2019-10-22 01:06:23,889 [EventQueue-ContainerReportForContainerReportHandler] WARN  container.ContainerReportHandler (AbstractContainerReportHandler.java:updateContainerState(145)) - Container #1 is in OPEN state, but the datanode 3c326374-3547-416b-998e-7532ea2ef48b{ip: 192.168.157.222, host: pr-hdds-2131-5wjdl-3623002096, networkLocation: /default-rack, certSerialId: null} reports an CLOSED replica.
2019-10-22 01:06:23,989 [EventQueue-ContainerReportForContainerReportHandler] WARN  container.ContainerReportHandler (AbstractContainerReportHandler.java:updateContainerState(145)) - Container #1 is in OPEN state, but the datanode db7ea609-3ced-42df-bea1-3bd72610fc9e{ip: 192.168.157.222, host: pr-hdds-2131-5wjdl-3623002096, networkLocation: /default-rack, certSerialId: null} reports an CLOSED replica.
2019-10-22 01:06:24,190 [EventQueue-ContainerReportForContainerReportHandler] WARN  container.ContainerReportHandler (AbstractContainerReportHandler.java:updateContainerState(145)) - Container #1 is in OPEN state, but the datanode db7ea609-3ced-42df-bea1-3bd72610fc9e{ip: 192.168.157.222, host: pr-hdds-2131-5wjdl-3623002096, networkLocation: /default-rack, certSerialId: null} reports an CLOSED replica.
2019-10-22 01:06:24,290 [EventQueue-ContainerReportForContainerReportHandler] WARN  container.ContainerReportHandler (AbstractContainerReportHandler.java:updateContainerState(145)) - Container #1 is in OPEN state, but the datanode 3c326374-3547-416b-998e-7532ea2ef48b{ip: 192.168.157.222, host: pr-hdds-2131-5wjdl-3623002096, networkLocation: /default-rack, certSerialId: null} reports an CLOSED replica.
2019-10-22 01:06:24,490 [EventQueue-ContainerReportForContainerReportHandler] WARN  container.ContainerReportHandler (AbstractContainerReportHandler.java:updateContainerState(145)) - Container #1 is in OPEN state, but the datanode db7ea609-3ced-42df-bea1-3bd72610fc9e{ip: 192.168.157.222, host: pr-hdds-2131-5wjdl-3623002096, networkLocation: /default-rack, certSerialId: null} reports an CLOSED replica.
2019-10-22 01:06:24,590 [EventQueue-ContainerReportForContainerReportHandler] WARN  container.ContainerReportHandler (AbstractContainerReportHandler.java:updateContainerState(145)) - Container #1 is in OPEN state, but the datanode 3c326374-3547-416b-998e-7532ea2ef48b{ip: 192.168.157.222, host: pr-hdds-2131-5wjdl-3623002096, networkLocation: /default-rack, certSerialId: null} reports an CLOSED replica.
2019-10-22 01:06:24,729 [BlockDeletingService#2] WARN  background.BlockDeletingService (BlockDeletingService.java:isDeletionAllowed(187)) - Close Container log Index 6 is not replicated across allthe servers in the pipeline 2cbd8cfc-dfa6-4d43-b162-3c40ba09d40c as the min replicated index is 4. Deletion is not allowed in this container yet.
2019-10-22 01:06:24,729 [BlockDeletingService#2] WARN  background.BlockDeletingService (BlockDeletingService.java:isDeletionAllowed(187)) - Close Container log Index 6 is not replicated across allthe servers in the pipeline 2cbd8cfc-dfa6-4d43-b162-3c40ba09d40c as the min replicated index is 4. Deletion is not allowed in this container yet.
2019-10-22 01:06:24,791 [EventQueue-ContainerReportForContainerReportHandler] WARN  container.ContainerReportHandler (AbstractContainerReportHandler.java:updateContainerState(145)) - Container #1 is in OPEN state, but the datanode db7ea609-3ced-42df-bea1-3bd72610fc9e{ip: 192.168.157.222, host: pr-hdds-2131-5wjdl-3623002096, networkLocation: /default-rack, certSerialId: null} reports an CLOSED replica.
2019-10-22 01:06:24,890 [EventQueue-ContainerReportForContainerReportHandler] WARN  container.ContainerReportHandler (AbstractContainerReportHandler.java:updateContainerState(145)) - Container #1 is in OPEN state, but the datanode 3c326374-3547-416b-998e-7532ea2ef48b{ip: 192.168.157.222, host: pr-hdds-2131-5wjdl-3623002096, networkLocation: /default-rack, certSerialId: null} reports an CLOSED replica.
2019-10-22 01:06:25,007 [java.util.concurrent.ThreadPoolExecutor$Worker@3c30b846[State = -1, empty queue]] WARN  server.GrpcLogAppender (GrpcLogAppender.java:timeoutAppendRequest(209)) - 3c326374-3547-416b-998e-7532ea2ef48b@group-3C40BA09D40C->961c004b-2cdf-4092-9b5c-36f8bd0f140b-GrpcLogAppender: appendEntries Timeout, request=3c326374-3547-416b-998e-7532ea2ef48b->961c004b-2cdf-4092-9b5c-36f8bd0f140b#28-t5, previous=(t:5, i:10), leaderCommit=10, initializing? false, entries: <empty>
2019-10-22 01:06:25,090 [EventQueue-ContainerReportForContainerReportHandler] WARN  container.ContainerReportHandler (AbstractContainerReportHandler.java:updateContainerState(145)) - Container #1 is in OPEN state, but the datanode 3c326374-3547-416b-998e-7532ea2ef48b{ip: 192.168.157.222, host: pr-hdds-2131-5wjdl-3623002096, networkLocation: /default-rack, certSerialId: null} reports an CLOSED replica.
2019-10-22 01:06:25,091 [EventQueue-ContainerReportForContainerReportHandler] WARN  container.ContainerReportHandler (AbstractContainerReportHandler.java:updateContainerState(145)) - Container #1 is in OPEN state, but the datanode db7ea609-3ced-42df-bea1-3bd72610fc9e{ip: 192.168.157.222, host: pr-hdds-2131-5wjdl-3623002096, networkLocation: /default-rack, certSerialId: null} reports an CLOSED replica.
2019-10-22 01:06:25,390 [EventQueue-ContainerReportForContainerReportHandler] WARN  container.ContainerReportHandler (AbstractContainerReportHandler.java:updateContainerState(145)) - Container #1 is in OPEN state, but the datanode 3c326374-3547-416b-998e-7532ea2ef48b{ip: 192.168.157.222, host: pr-hdds-2131-5wjdl-3623002096, networkLocation: /default-rack, certSerialId: null} reports an CLOSED replica.
2019-10-22 01:06:25,391 [EventQueue-ContainerReportForContainerReportHandler] WARN  container.ContainerReportHandler (AbstractContainerReportHandler.java:updateContainerState(145)) - Container #1 is in OPEN state, but the datanode db7ea609-3ced-42df-bea1-3bd72610fc9e{ip: 192.168.157.222, host: pr-hdds-2131-5wjdl-3623002096, networkLocation: /default-rack, certSerialId: null} reports an CLOSED replica.
2019-10-22 01:06:25,693 [EventQueue-ContainerReportForContainerReportHandler] WARN  container.ContainerReportHandler (AbstractContainerReportHandler.java:updateContainerState(145)) - Container #1 is in OPEN state, but the datanode db7ea609-3ced-42df-bea1-3bd72610fc9e{ip: 192.168.157.222, host: pr-hdds-2131-5wjdl-3623002096, networkLocation: /default-rack, certSerialId: null} reports an CLOSED replica.
2019-10-22 01:06:25,732 [BlockDeletingService#2] WARN  background.BlockDeletingService (BlockDeletingService.java:isDeletionAllowed(187)) - Close Container log Index 6 is not replicated across allthe servers in the pipeline 2cbd8cfc-dfa6-4d43-b162-3c40ba09d40c as the min replicated index is 4. Deletion is not allowed in this container yet.
2019-10-22 01:06:25,732 [BlockDeletingService#2] WARN  background.BlockDeletingService (BlockDeletingService.java:isDeletionAllowed(187)) - Close Container log Index 6 is not replicated across allthe servers in the pipeline 2cbd8cfc-dfa6-4d43-b162-3c40ba09d40c as the min replicated index is 4. Deletion is not allowed in this container yet.
2019-10-22 01:06:25,791 [EventQueue-ContainerReportForContainerReportHandler] WARN  container.ContainerReportHandler (AbstractContainerReportHandler.java:updateContainerState(145)) - Container #1 is in OPEN state, but the datanode 3c326374-3547-416b-998e-7532ea2ef48b{ip: 192.168.157.222, host: pr-hdds-2131-5wjdl-3623002096, networkLocation: /default-rack, certSerialId: null} reports an CLOSED replica.
2019-10-22 01:06:25,990 [EventQueue-ContainerReportForContainerReportHandler] WARN  container.ContainerReportHandler (AbstractContainerReportHandler.java:updateContainerState(145)) - Container #1 is in OPEN state, but the datanode 3c326374-3547-416b-998e-7532ea2ef48b{ip: 192.168.157.222, host: pr-hdds-2131-5wjdl-3623002096, networkLocation: /default-rack, certSerialId: null} reports an CLOSED replica.
2019-10-22 01:06:25,992 [EventQueue-ContainerReportForContainerReportHandler] WARN  container.ContainerReportHandler (AbstractContainerReportHandler.java:updateContainerState(145)) - Container #1 is in OPEN state, but the datanode db7ea609-3ced-42df-bea1-3bd72610fc9e{ip: 192.168.157.222, host: pr-hdds-2131-5wjdl-3623002096, networkLocation: /default-rack, certSerialId: null} reports an CLOSED replica.
2019-10-22 01:06:26,290 [EventQueue-ContainerReportForContainerReportHandler] WARN  container.ContainerReportHandler (AbstractContainerReportHandler.java:updateContainerState(145)) - Container #1 is in OPEN state, but the datanode 3c326374-3547-416b-998e-7532ea2ef48b{ip: 192.168.157.222, host: pr-hdds-2131-5wjdl-3623002096, networkLocation: /default-rack, certSerialId: null} reports an CLOSED replica.
2019-10-22 01:06:26,392 [EventQueue-ContainerReportForContainerReportHandler] WARN  container.ContainerReportHandler (AbstractContainerReportHandler.java:updateContainerState(145)) - Container #1 is in OPEN state, but the datanode db7ea609-3ced-42df-bea1-3bd72610fc9e{ip: 192.168.157.222, host: pr-hdds-2131-5wjdl-3623002096, networkLocation: /default-rack, certSerialId: null} reports an CLOSED replica.
2019-10-22 01:06:26,490 [EventQueue-ContainerReportForContainerReportHandler] WARN  container.ContainerReportHandler (AbstractContainerReportHandler.java:updateContainerState(145)) - Container #1 is in OPEN state, but the datanode 3c326374-3547-416b-998e-7532ea2ef48b{ip: 192.168.157.222, host: pr-hdds-2131-5wjdl-3623002096, networkLocation: /default-rack, certSerialId: null} reports an CLOSED replica.
2019-10-22 01:06:26,592 [EventQueue-ContainerReportForContainerReportHandler] WARN  container.ContainerReportHandler (AbstractContainerReportHandler.java:updateContainerState(145)) - Container #1 is in OPEN state, but the datanode db7ea609-3ced-42df-bea1-3bd72610fc9e{ip: 192.168.157.222, host: pr-hdds-2131-5wjdl-3623002096, networkLocation: /default-rack, certSerialId: null} reports an CLOSED replica.
2019-10-22 01:06:26,734 [BlockDeletingService#2] WARN  background.BlockDeletingService (BlockDeletingService.java:isDeletionAllowed(187)) - Close Container log Index 6 is not replicated across allthe servers in the pipeline 2cbd8cfc-dfa6-4d43-b162-3c40ba09d40c as the min replicated index is 4. Deletion is not allowed in this container yet.
2019-10-22 01:06:26,734 [BlockDeletingService#2] WARN  background.BlockDeletingService (BlockDeletingService.java:isDeletionAllowed(187)) - Close Container log Index 6 is not replicated across allthe servers in the pipeline 2cbd8cfc-dfa6-4d43-b162-3c40ba09d40c as the min replicated index is 4. Deletion is not allowed in this container yet.
2019-10-22 01:06:26,791 [EventQueue-ContainerReportForContainerReportHandler] WARN  container.ContainerReportHandler (AbstractContainerReportHandler.java:updateContainerState(145)) - Container #1 is in OPEN state, but the datanode 3c326374-3547-416b-998e-7532ea2ef48b{ip: 192.168.157.222, host: pr-hdds-2131-5wjdl-3623002096, networkLocation: /default-rack, certSerialId: null} reports an CLOSED replica.
2019-10-22 01:06:26,992 [EventQueue-ContainerReportForContainerReportHandler] WARN  container.ContainerReportHandler (AbstractContainerReportHandler.java:updateContainerState(145)) - Container #1 is in OPEN state, but the datanode 3c326374-3547-416b-998e-7532ea2ef48b{ip: 192.168.157.222, host: pr-hdds-2131-5wjdl-3623002096, networkLocation: /default-rack, certSerialId: null} reports an CLOSED replica.
2019-10-22 01:06:26,992 [EventQueue-ContainerReportForContainerReportHandler] WARN  container.ContainerReportHandler (AbstractContainerReportHandler.java:updateContainerState(145)) - Container #1 is in OPEN state, but the datanode db7ea609-3ced-42df-bea1-3bd72610fc9e{ip: 192.168.157.222, host: pr-hdds-2131-5wjdl-3623002096, networkLocation: /default-rack, certSerialId: null} reports an CLOSED replica.
2019-10-22 01:06:27,292 [EventQueue-ContainerReportForContainerReportHandler] WARN  container.ContainerReportHandler (AbstractContainerReportHandler.java:updateContainerState(145)) - Container #1 is in OPEN state, but the datanode db7ea609-3ced-42df-bea1-3bd72610fc9e{ip: 192.168.157.222, host: pr-hdds-2131-5wjdl-3623002096, networkLocation: /default-rack, certSerialId: null} reports an CLOSED replica.
2019-10-22 01:06:27,392 [EventQueue-ContainerReportForContainerReportHandler] WARN  container.ContainerReportHandler (AbstractContainerReportHandler.java:updateContainerState(145)) - Container #1 is in OPEN state, but the datanode 3c326374-3547-416b-998e-7532ea2ef48b{ip: 192.168.157.222, host: pr-hdds-2131-5wjdl-3623002096, networkLocation: /default-rack, certSerialId: null} reports an CLOSED replica.
2019-10-22 01:06:27,509 [java.util.concurrent.ThreadPoolExecutor$Worker@3c30b846[State = -1, empty queue]] WARN  server.GrpcLogAppender (GrpcLogAppender.java:timeoutAppendRequest(209)) - 3c326374-3547-416b-998e-7532ea2ef48b@group-3C40BA09D40C->961c004b-2cdf-4092-9b5c-36f8bd0f140b-GrpcLogAppender: appendEntries Timeout, request=3c326374-3547-416b-998e-7532ea2ef48b->961c004b-2cdf-4092-9b5c-36f8bd0f140b#29-t5, previous=(t:5, i:10), leaderCommit=10, initializing? false, entries: <empty>
2019-10-22 01:06:27,593 [EventQueue-ContainerReportForContainerReportHandler] WARN  container.ContainerReportHandler (AbstractContainerReportHandler.java:updateContainerState(145)) - Container #1 is in OPEN state, but the datanode 3c326374-3547-416b-998e-7532ea2ef48b{ip: 192.168.157.222, host: pr-hdds-2131-5wjdl-3623002096, networkLocation: /default-rack, certSerialId: null} reports an CLOSED replica.
2019-10-22 01:06:27,693 [EventQueue-ContainerReportForContainerReportHandler] WARN  container.ContainerReportHandler (AbstractContainerReportHandler.java:updateContainerState(145)) - Container #1 is in OPEN state, but the datanode db7ea609-3ced-42df-bea1-3bd72610fc9e{ip: 192.168.157.222, host: pr-hdds-2131-5wjdl-3623002096, networkLocation: /default-rack, certSerialId: null} reports an CLOSED replica.
2019-10-22 01:06:27,736 [BlockDeletingService#2] WARN  background.BlockDeletingService (BlockDeletingService.java:isDeletionAllowed(187)) - Close Container log Index 6 is not replicated across allthe servers in the pipeline 2cbd8cfc-dfa6-4d43-b162-3c40ba09d40c as the min replicated index is 4. Deletion is not allowed in this container yet.
2019-10-22 01:06:27,736 [BlockDeletingService#2] WARN  background.BlockDeletingService (BlockDeletingService.java:isDeletionAllowed(187)) - Close Container log Index 6 is not replicated across allthe servers in the pipeline 2cbd8cfc-dfa6-4d43-b162-3c40ba09d40c as the min replicated index is 4. Deletion is not allowed in this container yet.
2019-10-22 01:06:27,892 [EventQueue-ContainerReportForContainerReportHandler] WARN  container.ContainerReportHandler (AbstractContainerReportHandler.java:updateContainerState(145)) - Container #1 is in OPEN state, but the datanode db7ea609-3ced-42df-bea1-3bd72610fc9e{ip: 192.168.157.222, host: pr-hdds-2131-5wjdl-3623002096, networkLocation: /default-rack, certSerialId: null} reports an CLOSED replica.
2019-10-22 01:06:27,894 [EventQueue-ContainerReportForContainerReportHandler] WARN  container.ContainerReportHandler (AbstractContainerReportHandler.java:updateContainerState(145)) - Container #1 is in OPEN state, but the datanode 3c326374-3547-416b-998e-7532ea2ef48b{ip: 192.168.157.222, host: pr-hdds-2131-5wjdl-3623002096, networkLocation: /default-rack, certSerialId: null} reports an CLOSED replica.
2019-10-22 01:06:28,193 [EventQueue-ContainerReportForContainerReportHandler] WARN  container.ContainerReportHandler (AbstractContainerReportHandler.java:updateContainerState(145)) - Container #1 is in OPEN state, but the datanode db7ea609-3ced-42df-bea1-3bd72610fc9e{ip: 192.168.157.222, host: pr-hdds-2131-5wjdl-3623002096, networkLocation: /default-rack, certSerialId: null} reports an CLOSED replica.
2019-10-22 01:06:28,195 [EventQueue-ContainerReportForContainerReportHandler] WARN  container.ContainerReportHandler (AbstractContainerReportHandler.java:updateContainerState(145)) - Container #1 is in OPEN state, but the datanode 3c326374-3547-416b-998e-7532ea2ef48b{ip: 192.168.157.222, host: pr-hdds-2131-5wjdl-3623002096, networkLocation: /default-rack, certSerialId: null} reports an CLOSED replica.
2019-10-22 01:06:28,393 [EventQueue-ContainerReportForContainerReportHandler] WARN  container.ContainerReportHandler (AbstractContainerReportHandler.java:updateContainerState(145)) - Container #1 is in OPEN state, but the datanode db7ea609-3ced-42df-bea1-3bd72610fc9e{ip: 192.168.157.222, host: pr-hdds-2131-5wjdl-3623002096, networkLocation: /default-rack, certSerialId: null} reports an CLOSED replica.
2019-10-22 01:06:28,495 [EventQueue-ContainerReportForContainerReportHandler] WARN  container.ContainerReportHandler (AbstractContainerReportHandler.java:updateContainerState(145)) - Container #1 is in OPEN state, but the datanode 3c326374-3547-416b-998e-7532ea2ef48b{ip: 192.168.157.222, host: pr-hdds-2131-5wjdl-3623002096, networkLocation: /default-rack, certSerialId: null} reports an CLOSED replica.
2019-10-22 01:06:28,693 [EventQueue-ContainerReportForContainerReportHandler] WARN  container.ContainerReportHandler (AbstractContainerReportHandler.java:updateContainerState(145)) - Container #1 is in OPEN state, but the datanode db7ea609-3ced-42df-bea1-3bd72610fc9e{ip: 192.168.157.222, host: pr-hdds-2131-5wjdl-3623002096, networkLocation: /default-rack, certSerialId: null} reports an CLOSED replica.
2019-10-22 01:06:28,738 [BlockDeletingService#2] WARN  background.BlockDeletingService (BlockDeletingService.java:isDeletionAllowed(187)) - Close Container log Index 6 is not replicated across allthe servers in the pipeline 2cbd8cfc-dfa6-4d43-b162-3c40ba09d40c as the min replicated index is 4. Deletion is not allowed in this container yet.
2019-10-22 01:06:28,738 [BlockDeletingService#2] WARN  background.BlockDeletingService (BlockDeletingService.java:isDeletionAllowed(187)) - Close Container log Index 6 is not replicated across allthe servers in the pipeline 2cbd8cfc-dfa6-4d43-b162-3c40ba09d40c as the min replicated index is 4. Deletion is not allowed in this container yet.
2019-10-22 01:06:28,894 [EventQueue-ContainerReportForContainerReportHandler] WARN  container.ContainerReportHandler (AbstractContainerReportHandler.java:updateContainerState(145)) - Container #1 is in OPEN state, but the datanode 3c326374-3547-416b-998e-7532ea2ef48b{ip: 192.168.157.222, host: pr-hdds-2131-5wjdl-3623002096, networkLocation: /default-rack, certSerialId: null} reports an CLOSED replica.
2019-10-22 01:06:28,994 [EventQueue-ContainerReportForContainerReportHandler] WARN  container.ContainerReportHandler (AbstractContainerReportHandler.java:updateContainerState(145)) - Container #1 is in OPEN state, but the datanode db7ea609-3ced-42df-bea1-3bd72610fc9e{ip: 192.168.157.222, host: pr-hdds-2131-5wjdl-3623002096, networkLocation: /default-rack, certSerialId: null} reports an CLOSED replica.
2019-10-22 01:06:29,195 [EventQueue-ContainerReportForContainerReportHandler] WARN  container.ContainerReportHandler (AbstractContainerReportHandler.java:updateContainerState(145)) - Container #1 is in OPEN state, but the datanode 3c326374-3547-416b-998e-7532ea2ef48b{ip: 192.168.157.222, host: pr-hdds-2131-5wjdl-3623002096, networkLocation: /default-rack, certSerialId: null} reports an CLOSED replica.
2019-10-22 01:06:29,195 [EventQueue-ContainerReportForContainerReportHandler] WARN  container.ContainerReportHandler (AbstractContainerReportHandler.java:updateContainerState(145)) - Container #1 is in OPEN state, but the datanode db7ea609-3ced-42df-bea1-3bd72610fc9e{ip: 192.168.157.222, host: pr-hdds-2131-5wjdl-3623002096, networkLocation: /default-rack, certSerialId: null} reports an CLOSED replica.
2019-10-22 01:06:29,495 [EventQueue-ContainerReportForContainerReportHandler] WARN  container.ContainerReportHandler (AbstractContainerReportHandler.java:updateContainerState(145)) - Container #1 is in OPEN state, but the datanode db7ea609-3ced-42df-bea1-3bd72610fc9e{ip: 192.168.157.222, host: pr-hdds-2131-5wjdl-3623002096, networkLocation: /default-rack, certSerialId: null} reports an CLOSED replica.
2019-10-22 01:06:29,594 [EventQueue-ContainerReportForContainerReportHandler] WARN  container.ContainerReportHandler (AbstractContainerReportHandler.java:updateContainerState(145)) - Container #1 is in OPEN state, but the datanode 3c326374-3547-416b-998e-7532ea2ef48b{ip: 192.168.157.222, host: pr-hdds-2131-5wjdl-3623002096, networkLocation: /default-rack, certSerialId: null} reports an CLOSED replica.
2019-10-22 01:06:29,739 [BlockDeletingService#2] WARN  background.BlockDeletingService (BlockDeletingService.java:isDeletionAllowed(187)) - Close Container log Index 6 is not replicated across allthe servers in the pipeline 2cbd8cfc-dfa6-4d43-b162-3c40ba09d40c as the min replicated index is 4. Deletion is not allowed in this container yet.
2019-10-22 01:06:29,739 [BlockDeletingService#2] WARN  background.BlockDeletingService (BlockDeletingService.java:isDeletionAllowed(187)) - Close Container log Index 6 is not replicated across allthe servers in the pipeline 2cbd8cfc-dfa6-4d43-b162-3c40ba09d40c as the min replicated index is 4. Deletion is not allowed in this container yet.
2019-10-22 01:06:29,794 [EventQueue-ContainerReportForContainerReportHandler] WARN  container.ContainerReportHandler (AbstractContainerReportHandler.java:updateContainerState(145)) - Container #1 is in OPEN state, but the datanode db7ea609-3ced-42df-bea1-3bd72610fc9e{ip: 192.168.157.222, host: pr-hdds-2131-5wjdl-3623002096, networkLocation: /default-rack, certSerialId: null} reports an CLOSED replica.
2019-10-22 01:06:29,895 [EventQueue-ContainerReportForContainerReportHandler] WARN  container.ContainerReportHandler (AbstractContainerReportHandler.java:updateContainerState(145)) - Container #1 is in OPEN state, but the datanode 3c326374-3547-416b-998e-7532ea2ef48b{ip: 192.168.157.222, host: pr-hdds-2131-5wjdl-3623002096, networkLocation: /default-rack, certSerialId: null} reports an CLOSED replica.
2019-10-22 01:06:29,994 [EventQueue-ContainerReportForContainerReportHandler] WARN  container.ContainerReportHandler (AbstractContainerReportHandler.java:updateContainerState(145)) - Container #1 is in OPEN state, but the datanode db7ea609-3ced-42df-bea1-3bd72610fc9e{ip: 192.168.157.222, host: pr-hdds-2131-5wjdl-3623002096, networkLocation: /default-rack, certSerialId: null} reports an CLOSED replica.
2019-10-22 01:06:30,011 [java.util.concurrent.ThreadPoolExecutor$Worker@3c30b846[State = -1, empty queue]] WARN  server.GrpcLogAppender (GrpcLogAppender.java:timeoutAppendRequest(209)) - 3c326374-3547-416b-998e-7532ea2ef48b@group-3C40BA09D40C->961c004b-2cdf-4092-9b5c-36f8bd0f140b-GrpcLogAppender: appendEntries Timeout, request=3c326374-3547-416b-998e-7532ea2ef48b->961c004b-2cdf-4092-9b5c-36f8bd0f140b#30-t5, previous=(t:5, i:10), leaderCommit=10, initializing? false, entries: <empty>
2019-10-22 01:06:30,195 [EventQueue-ContainerReportForContainerReportHandler] WARN  container.ContainerReportHandler (AbstractContainerReportHandler.java:updateContainerState(145)) - Container #1 is in OPEN state, but the datanode 3c326374-3547-416b-998e-7532ea2ef48b{ip: 192.168.157.222, host: pr-hdds-2131-5wjdl-3623002096, networkLocation: /default-rack, certSerialId: null} reports an CLOSED replica.
2019-10-22 01:06:30,294 [EventQueue-ContainerReportForContainerReportHandler] WARN  container.ContainerReportHandler (AbstractContainerReportHandler.java:updateContainerState(145)) - Container #1 is in OPEN state, but the datanode db7ea609-3ced-42df-bea1-3bd72610fc9e{ip: 192.168.157.222, host: pr-hdds-2131-5wjdl-3623002096, networkLocation: /default-rack, certSerialId: null} reports an CLOSED replica.
2019-10-22 01:06:30,395 [EventQueue-ContainerReportForContainerReportHandler] WARN  container.ContainerReportHandler (AbstractContainerReportHandler.java:updateContainerState(145)) - Container #1 is in OPEN state, but the datanode 3c326374-3547-416b-998e-7532ea2ef48b{ip: 192.168.157.222, host: pr-hdds-2131-5wjdl-3623002096, networkLocation: /default-rack, certSerialId: null} reports an CLOSED replica.
2019-10-22 01:06:30,495 [EventQueue-ContainerReportForContainerReportHandler] WARN  container.ContainerReportHandler (AbstractContainerReportHandler.java:updateContainerState(145)) - Container #1 is in OPEN state, but the datanode db7ea609-3ced-42df-bea1-3bd72610fc9e{ip: 192.168.157.222, host: pr-hdds-2131-5wjdl-3623002096, networkLocation: /default-rack, certSerialId: null} reports an CLOSED replica.
2019-10-22 01:06:30,591 [Thread-386] INFO  client.GrpcClientProtocolService (GrpcClientProtocolService.java:lambda$processClientRequest$0(278)) - Failed RaftClientRequest:client-266370AF2C40->db7ea609-3ced-42df-bea1-3bd72610fc9e@group-3C40BA09D40C, cid=10, seq=0, Watch-ALL_COMMITTED(6), Message:<EMPTY>, reply=RaftClientReply:client-266370AF2C40->db7ea609-3ced-42df-bea1-3bd72610fc9e@group-3C40BA09D40C, cid=10, FAILED org.apache.ratis.protocol.NotLeaderException: Server db7ea609-3ced-42df-bea1-3bd72610fc9e@group-3C40BA09D40C is not the leader 3c326374-3547-416b-998e-7532ea2ef48b:192.168.157.222:44132, logIndex=0, commits[db7ea609-3ced-42df-bea1-3bd72610fc9e:c10, 961c004b-2cdf-4092-9b5c-36f8bd0f140b:c4, 3c326374-3547-416b-998e-7532ea2ef48b:c10]
2019-10-22 01:06:30,599 [EventQueue-ContainerReportForContainerReportHandler] WARN  container.ContainerReportHandler (AbstractContainerReportHandler.java:updateContainerState(145)) - Container #1 is in OPEN state, but the datanode 3c326374-3547-416b-998e-7532ea2ef48b{ip: 192.168.157.222, host: pr-hdds-2131-5wjdl-3623002096, networkLocation: /default-rack, certSerialId: null} reports an CLOSED replica.
2019-10-22 01:06:30,741 [BlockDeletingService#2] WARN  background.BlockDeletingService (BlockDeletingService.java:isDeletionAllowed(187)) - Close Container log Index 6 is not replicated across allthe servers in the pipeline 2cbd8cfc-dfa6-4d43-b162-3c40ba09d40c as the min replicated index is 4. Deletion is not allowed in this container yet.
2019-10-22 01:06:30,741 [BlockDeletingService#2] WARN  background.BlockDeletingService (BlockDeletingService.java:isDeletionAllowed(187)) - Close Container log Index 6 is not replicated across allthe servers in the pipeline 2cbd8cfc-dfa6-4d43-b162-3c40ba09d40c as the min replicated index is 4. Deletion is not allowed in this container yet.
2019-10-22 01:06:30,796 [EventQueue-ContainerReportForContainerReportHandler] WARN  container.ContainerReportHandler (AbstractContainerReportHandler.java:updateContainerState(145)) - Container #1 is in OPEN state, but the datanode db7ea609-3ced-42df-bea1-3bd72610fc9e{ip: 192.168.157.222, host: pr-hdds-2131-5wjdl-3623002096, networkLocation: /default-rack, certSerialId: null} reports an CLOSED replica.
2019-10-22 01:06:30,896 [EventQueue-ContainerReportForContainerReportHandler] WARN  container.ContainerReportHandler (AbstractContainerReportHandler.java:updateContainerState(145)) - Container #1 is in OPEN state, but the datanode 3c326374-3547-416b-998e-7532ea2ef48b{ip: 192.168.157.222, host: pr-hdds-2131-5wjdl-3623002096, networkLocation: /default-rack, certSerialId: null} reports an CLOSED replica.
2019-10-22 01:06:31,096 [EventQueue-ContainerReportForContainerReportHandler] WARN  container.ContainerReportHandler (AbstractContainerReportHandler.java:updateContainerState(145)) - Container #1 is in OPEN state, but the datanode db7ea609-3ced-42df-bea1-3bd72610fc9e{ip: 192.168.157.222, host: pr-hdds-2131-5wjdl-3623002096, networkLocation: /default-rack, certSerialId: null} reports an CLOSED replica.
2019-10-22 01:06:31,297 [EventQueue-ContainerReportForContainerReportHandler] WARN  container.ContainerReportHandler (AbstractContainerReportHandler.java:updateContainerState(145)) - Container #1 is in OPEN state, but the datanode db7ea609-3ced-42df-bea1-3bd72610fc9e{ip: 192.168.157.222, host: pr-hdds-2131-5wjdl-3623002096, networkLocation: /default-rack, certSerialId: null} reports an CLOSED replica.
2019-10-22 01:06:31,297 [EventQueue-ContainerReportForContainerReportHandler] WARN  container.ContainerReportHandler (AbstractContainerReportHandler.java:updateContainerState(145)) - Container #1 is in OPEN state, but the datanode 3c326374-3547-416b-998e-7532ea2ef48b{ip: 192.168.157.222, host: pr-hdds-2131-5wjdl-3623002096, networkLocation: /default-rack, certSerialId: null} reports an CLOSED replica.
2019-10-22 01:06:31,584 [Thread-391] INFO  client.GrpcClientProtocolService (GrpcClientProtocolService.java:lambda$processClientRequest$0(278)) - Failed RaftClientRequest:client-266370AF2C40->3c326374-3547-416b-998e-7532ea2ef48b@group-3C40BA09D40C, cid=10, seq=0, Watch-ALL_COMMITTED(6), Message:<EMPTY>, reply=RaftClientReply:client-266370AF2C40->3c326374-3547-416b-998e-7532ea2ef48b@group-3C40BA09D40C, cid=10, FAILED org.apache.ratis.protocol.NotReplicatedException: Request with call Id 10 and log index 6 is not yet replicated to ALL_COMMITTED, logIndex=6, commits[3c326374-3547-416b-998e-7532ea2ef48b:c10, db7ea609-3ced-42df-bea1-3bd72610fc9e:c10, 961c004b-2cdf-4092-9b5c-36f8bd0f140b:c4]
2019-10-22 01:06:31,597 [EventQueue-ContainerReportForContainerReportHandler] WARN  container.ContainerReportHandler (AbstractContainerReportHandler.java:updateContainerState(145)) - Container #1 is in OPEN state, but the datanode db7ea609-3ced-42df-bea1-3bd72610fc9e{ip: 192.168.157.222, host: pr-hdds-2131-5wjdl-3623002096, networkLocation: /default-rack, certSerialId: null} reports an CLOSED replica.
2019-10-22 01:06:31,699 [EventQueue-ContainerReportForContainerReportHandler] WARN  container.ContainerReportHandler (AbstractContainerReportHandler.java:updateContainerState(145)) - Container #1 is in OPEN state, but the datanode 3c326374-3547-416b-998e-7532ea2ef48b{ip: 192.168.157.222, host: pr-hdds-2131-5wjdl-3623002096, networkLocation: /default-rack, certSerialId: null} reports an CLOSED replica.
2019-10-22 01:06:31,746 [BlockDeletingService#2] WARN  background.BlockDeletingService (BlockDeletingService.java:isDeletionAllowed(187)) - Close Container log Index 6 is not replicated across allthe servers in the pipeline 2cbd8cfc-dfa6-4d43-b162-3c40ba09d40c as the min replicated index is 4. Deletion is not allowed in this container yet.
2019-10-22 01:06:31,748 [BlockDeletingService#2] WARN  background.BlockDeletingService (BlockDeletingService.java:isDeletionAllowed(187)) - Close Container log Index 6 is not replicated across allthe servers in the pipeline 2cbd8cfc-dfa6-4d43-b162-3c40ba09d40c as the min replicated index is 4. Deletion is not allowed in this container yet.
2019-10-22 01:06:31,898 [EventQueue-ContainerReportForContainerReportHandler] WARN  container.ContainerReportHandler (AbstractContainerReportHandler.java:updateContainerState(145)) - Container #1 is in OPEN state, but the datanode 3c326374-3547-416b-998e-7532ea2ef48b{ip: 192.168.157.222, host: pr-hdds-2131-5wjdl-3623002096, networkLocation: /default-rack, certSerialId: null} reports an CLOSED replica.
2019-10-22 01:06:31,997 [EventQueue-ContainerReportForContainerReportHandler] WARN  container.ContainerReportHandler (AbstractContainerReportHandler.java:updateContainerState(145)) - Container #1 is in OPEN state, but the datanode db7ea609-3ced-42df-bea1-3bd72610fc9e{ip: 192.168.157.222, host: pr-hdds-2131-5wjdl-3623002096, networkLocation: /default-rack, certSerialId: null} reports an CLOSED replica.
2019-10-22 01:06:32,098 [EventQueue-ContainerReportForContainerReportHandler] WARN  container.ContainerReportHandler (AbstractContainerReportHandler.java:updateContainerState(145)) - Container #1 is in OPEN state, but the datanode 3c326374-3547-416b-998e-7532ea2ef48b{ip: 192.168.157.222, host: pr-hdds-2131-5wjdl-3623002096, networkLocation: /default-rack, certSerialId: null} reports an CLOSED replica.
2019-10-22 01:06:32,198 [EventQueue-ContainerReportForContainerReportHandler] WARN  container.ContainerReportHandler (AbstractContainerReportHandler.java:updateContainerState(145)) - Container #1 is in OPEN state, but the datanode db7ea609-3ced-42df-bea1-3bd72610fc9e{ip: 192.168.157.222, host: pr-hdds-2131-5wjdl-3623002096, networkLocation: /default-rack, certSerialId: null} reports an CLOSED replica.
2019-10-22 01:06:32,398 [EventQueue-ContainerReportForContainerReportHandler] WARN  container.ContainerReportHandler (AbstractContainerReportHandler.java:updateContainerState(145)) - Container #1 is in OPEN state, but the datanode 3c326374-3547-416b-998e-7532ea2ef48b{ip: 192.168.157.222, host: pr-hdds-2131-5wjdl-3623002096, networkLocation: /default-rack, certSerialId: null} reports an CLOSED replica.
2019-10-22 01:06:32,401 [EventQueue-ContainerReportForContainerReportHandler] WARN  container.ContainerReportHandler (AbstractContainerReportHandler.java:updateContainerState(145)) - Container #1 is in OPEN state, but the datanode db7ea609-3ced-42df-bea1-3bd72610fc9e{ip: 192.168.157.222, host: pr-hdds-2131-5wjdl-3623002096, networkLocation: /default-rack, certSerialId: null} reports an CLOSED replica.
2019-10-22 01:06:32,513 [java.util.concurrent.ThreadPoolExecutor$Worker@3c30b846[State = -1, empty queue]] WARN  server.GrpcLogAppender (GrpcLogAppender.java:timeoutAppendRequest(209)) - 3c326374-3547-416b-998e-7532ea2ef48b@group-3C40BA09D40C->961c004b-2cdf-4092-9b5c-36f8bd0f140b-GrpcLogAppender: appendEntries Timeout, request=3c326374-3547-416b-998e-7532ea2ef48b->961c004b-2cdf-4092-9b5c-36f8bd0f140b#31-t5, previous=(t:5, i:10), leaderCommit=10, initializing? false, entries: <empty>
2019-10-22 01:06:32,598 [EventQueue-ContainerReportForContainerReportHandler] WARN  container.ContainerReportHandler (AbstractContainerReportHandler.java:updateContainerState(145)) - Container #1 is in OPEN state, but the datanode 3c326374-3547-416b-998e-7532ea2ef48b{ip: 192.168.157.222, host: pr-hdds-2131-5wjdl-3623002096, networkLocation: /default-rack, certSerialId: null} reports an CLOSED replica.
2019-10-22 01:06:32,699 [EventQueue-ContainerReportForContainerReportHandler] WARN  container.ContainerReportHandler (AbstractContainerReportHandler.java:updateContainerState(145)) - Container #1 is in OPEN state, but the datanode db7ea609-3ced-42df-bea1-3bd72610fc9e{ip: 192.168.157.222, host: pr-hdds-2131-5wjdl-3623002096, networkLocation: /default-rack, certSerialId: null} reports an CLOSED replica.
2019-10-22 01:06:32,750 [BlockDeletingService#2] WARN  background.BlockDeletingService (BlockDeletingService.java:isDeletionAllowed(187)) - Close Container log Index 6 is not replicated across allthe servers in the pipeline 2cbd8cfc-dfa6-4d43-b162-3c40ba09d40c as the min replicated index is 4. Deletion is not allowed in this container yet.
2019-10-22 01:06:32,750 [BlockDeletingService#2] WARN  background.BlockDeletingService (BlockDeletingService.java:isDeletionAllowed(187)) - Close Container log Index 6 is not replicated across allthe servers in the pipeline 2cbd8cfc-dfa6-4d43-b162-3c40ba09d40c as the min replicated index is 4. Deletion is not allowed in this container yet.
2019-10-22 01:06:32,899 [EventQueue-ContainerReportForContainerReportHandler] WARN  container.ContainerReportHandler (AbstractContainerReportHandler.java:updateContainerState(145)) - Container #1 is in OPEN state, but the datanode 3c326374-3547-416b-998e-7532ea2ef48b{ip: 192.168.157.222, host: pr-hdds-2131-5wjdl-3623002096, networkLocation: /default-rack, certSerialId: null} reports an CLOSED replica.
2019-10-22 01:06:33,100 [EventQueue-ContainerReportForContainerReportHandler] WARN  container.ContainerReportHandler (AbstractContainerReportHandler.java:updateContainerState(145)) - Container #1 is in OPEN state, but the datanode db7ea609-3ced-42df-bea1-3bd72610fc9e{ip: 192.168.157.222, host: pr-hdds-2131-5wjdl-3623002096, networkLocation: /default-rack, certSerialId: null} reports an CLOSED replica.
2019-10-22 01:06:33,299 [EventQueue-ContainerReportForContainerReportHandler] WARN  container.ContainerReportHandler (AbstractContainerReportHandler.java:updateContainerState(145)) - Container #1 is in OPEN state, but the datanode 3c326374-3547-416b-998e-7532ea2ef48b{ip: 192.168.157.222, host: pr-hdds-2131-5wjdl-3623002096, networkLocation: /default-rack, certSerialId: null} reports an CLOSED replica.
2019-10-22 01:06:33,499 [EventQueue-ContainerReportForContainerReportHandler] WARN  container.ContainerReportHandler (AbstractContainerReportHandler.java:updateContainerState(145)) - Container #1 is in OPEN state, but the datanode 3c326374-3547-416b-998e-7532ea2ef48b{ip: 192.168.157.222, host: pr-hdds-2131-5wjdl-3623002096, networkLocation: /default-rack, certSerialId: null} reports an CLOSED replica.
2019-10-22 01:06:33,500 [EventQueue-ContainerReportForContainerReportHandler] WARN  container.ContainerReportHandler (AbstractContainerReportHandler.java:updateContainerState(145)) - Container #1 is in OPEN state, but the datanode db7ea609-3ced-42df-bea1-3bd72610fc9e{ip: 192.168.157.222, host: pr-hdds-2131-5wjdl-3623002096, networkLocation: /default-rack, certSerialId: null} reports an CLOSED replica.
2019-10-22 01:06:33,751 [BlockDeletingService#2] WARN  background.BlockDeletingService (BlockDeletingService.java:isDeletionAllowed(187)) - Close Container log Index 6 is not replicated across allthe servers in the pipeline 2cbd8cfc-dfa6-4d43-b162-3c40ba09d40c as the min replicated index is 4. Deletion is not allowed in this container yet.
2019-10-22 01:06:33,751 [BlockDeletingService#2] WARN  background.BlockDeletingService (BlockDeletingService.java:isDeletionAllowed(187)) - Close Container log Index 6 is not replicated across allthe servers in the pipeline 2cbd8cfc-dfa6-4d43-b162-3c40ba09d40c as the min replicated index is 4. Deletion is not allowed in this container yet.
2019-10-22 01:06:33,800 [EventQueue-ContainerReportForContainerReportHandler] WARN  container.ContainerReportHandler (AbstractContainerReportHandler.java:updateContainerState(145)) - Container #1 is in OPEN state, but the datanode db7ea609-3ced-42df-bea1-3bd72610fc9e{ip: 192.168.157.222, host: pr-hdds-2131-5wjdl-3623002096, networkLocation: /default-rack, certSerialId: null} reports an CLOSED replica.
2019-10-22 01:06:33,899 [EventQueue-ContainerReportForContainerReportHandler] WARN  container.ContainerReportHandler (AbstractContainerReportHandler.java:updateContainerState(145)) - Container #1 is in OPEN state, but the datanode 3c326374-3547-416b-998e-7532ea2ef48b{ip: 192.168.157.222, host: pr-hdds-2131-5wjdl-3623002096, networkLocation: /default-rack, certSerialId: null} reports an CLOSED replica.
2019-10-22 01:06:34,000 [EventQueue-ContainerReportForContainerReportHandler] WARN  container.ContainerReportHandler (AbstractContainerReportHandler.java:updateContainerState(145)) - Container #1 is in OPEN state, but the datanode db7ea609-3ced-42df-bea1-3bd72610fc9e{ip: 192.168.157.222, host: pr-hdds-2131-5wjdl-3623002096, networkLocation: /default-rack, certSerialId: null} reports an CLOSED replica.
2019-10-22 01:06:34,200 [EventQueue-ContainerReportForContainerReportHandler] WARN  container.ContainerReportHandler (AbstractContainerReportHandler.java:updateContainerState(145)) - Container #1 is in OPEN state, but the datanode 3c326374-3547-416b-998e-7532ea2ef48b{ip: 192.168.157.222, host: pr-hdds-2131-5wjdl-3623002096, networkLocation: /default-rack, certSerialId: null} reports an CLOSED replica.
2019-10-22 01:06:34,301 [EventQueue-ContainerReportForContainerReportHandler] WARN  container.ContainerReportHandler (AbstractContainerReportHandler.java:updateContainerState(145)) - Container #1 is in OPEN state, but the datanode db7ea609-3ced-42df-bea1-3bd72610fc9e{ip: 192.168.157.222, host: pr-hdds-2131-5wjdl-3623002096, networkLocation: /default-rack, certSerialId: null} reports an CLOSED replica.
2019-10-22 01:06:34,499 [EventQueue-ContainerReportForContainerReportHandler] WARN  container.ContainerReportHandler (AbstractContainerReportHandler.java:updateContainerState(145)) - Container #1 is in OPEN state, but the datanode 3c326374-3547-416b-998e-7532ea2ef48b{ip: 192.168.157.222, host: pr-hdds-2131-5wjdl-3623002096, networkLocation: /default-rack, certSerialId: null} reports an CLOSED replica.
2019-10-22 01:06:34,601 [EventQueue-ContainerReportForContainerReportHandler] WARN  container.ContainerReportHandler (AbstractContainerReportHandler.java:updateContainerState(145)) - Container #1 is in OPEN state, but the datanode db7ea609-3ced-42df-bea1-3bd72610fc9e{ip: 192.168.157.222, host: pr-hdds-2131-5wjdl-3623002096, networkLocation: /default-rack, certSerialId: null} reports an CLOSED replica.
2019-10-22 01:06:34,701 [EventQueue-ContainerReportForContainerReportHandler] WARN  container.ContainerReportHandler (AbstractContainerReportHandler.java:updateContainerState(145)) - Container #1 is in OPEN state, but the datanode 3c326374-3547-416b-998e-7532ea2ef48b{ip: 192.168.157.222, host: pr-hdds-2131-5wjdl-3623002096, networkLocation: /default-rack, certSerialId: null} reports an CLOSED replica.
2019-10-22 01:06:34,753 [BlockDeletingService#2] WARN  background.BlockDeletingService (BlockDeletingService.java:isDeletionAllowed(187)) - Close Container log Index 6 is not replicated across allthe servers in the pipeline 2cbd8cfc-dfa6-4d43-b162-3c40ba09d40c as the min replicated index is 4. Deletion is not allowed in this container yet.
2019-10-22 01:06:34,753 [BlockDeletingService#2] WARN  background.BlockDeletingService (BlockDeletingService.java:isDeletionAllowed(187)) - Close Container log Index 6 is not replicated across allthe servers in the pipeline 2cbd8cfc-dfa6-4d43-b162-3c40ba09d40c as the min replicated index is 4. Deletion is not allowed in this container yet.
2019-10-22 01:06:35,001 [EventQueue-ContainerReportForContainerReportHandler] WARN  container.ContainerReportHandler (AbstractContainerReportHandler.java:updateContainerState(145)) - Container #1 is in OPEN state, but the datanode db7ea609-3ced-42df-bea1-3bd72610fc9e{ip: 192.168.157.222, host: pr-hdds-2131-5wjdl-3623002096, networkLocation: /default-rack, certSerialId: null} reports an CLOSED replica.
2019-10-22 01:06:35,014 [java.util.concurrent.ThreadPoolExecutor$Worker@3c30b846[State = -1, empty queue]] WARN  server.GrpcLogAppender (GrpcLogAppender.java:timeoutAppendRequest(209)) - 3c326374-3547-416b-998e-7532ea2ef48b@group-3C40BA09D40C->961c004b-2cdf-4092-9b5c-36f8bd0f140b-GrpcLogAppender: appendEntries Timeout, request=3c326374-3547-416b-998e-7532ea2ef48b->961c004b-2cdf-4092-9b5c-36f8bd0f140b#32-t5, previous=(t:5, i:10), leaderCommit=10, initializing? false, entries: <empty>
2019-10-22 01:06:35,101 [EventQueue-ContainerReportForContainerReportHandler] WARN  container.ContainerReportHandler (AbstractContainerReportHandler.java:updateContainerState(145)) - Container #1 is in OPEN state, but the datanode 3c326374-3547-416b-998e-7532ea2ef48b{ip: 192.168.157.222, host: pr-hdds-2131-5wjdl-3623002096, networkLocation: /default-rack, certSerialId: null} reports an CLOSED replica.
2019-10-22 01:06:35,301 [EventQueue-ContainerReportForContainerReportHandler] WARN  container.ContainerReportHandler (AbstractContainerReportHandler.java:updateContainerState(145)) - Container #1 is in OPEN state, but the datanode db7ea609-3ced-42df-bea1-3bd72610fc9e{ip: 192.168.157.222, host: pr-hdds-2131-5wjdl-3623002096, networkLocation: /default-rack, certSerialId: null} reports an CLOSED replica.
2019-10-22 01:06:35,401 [EventQueue-ContainerReportForContainerReportHandler] WARN  container.ContainerReportHandler (AbstractContainerReportHandler.java:updateContainerState(145)) - Container #1 is in OPEN state, but the datanode 3c326374-3547-416b-998e-7532ea2ef48b{ip: 192.168.157.222, host: pr-hdds-2131-5wjdl-3623002096, networkLocation: /default-rack, certSerialId: null} reports an CLOSED replica.
2019-10-22 01:06:35,701 [EventQueue-ContainerReportForContainerReportHandler] WARN  container.ContainerReportHandler (AbstractContainerReportHandler.java:updateContainerState(145)) - Container #1 is in OPEN state, but the datanode db7ea609-3ced-42df-bea1-3bd72610fc9e{ip: 192.168.157.222, host: pr-hdds-2131-5wjdl-3623002096, networkLocation: /default-rack, certSerialId: null} reports an CLOSED replica.
2019-10-22 01:06:35,756 [BlockDeletingService#2] WARN  background.BlockDeletingService (BlockDeletingService.java:isDeletionAllowed(187)) - Close Container log Index 6 is not replicated across allthe servers in the pipeline 2cbd8cfc-dfa6-4d43-b162-3c40ba09d40c as the min replicated index is 4. Deletion is not allowed in this container yet.
2019-10-22 01:06:35,756 [BlockDeletingService#2] WARN  background.BlockDeletingService (BlockDeletingService.java:isDeletionAllowed(187)) - Close Container log Index 6 is not replicated across allthe servers in the pipeline 2cbd8cfc-dfa6-4d43-b162-3c40ba09d40c as the min replicated index is 4. Deletion is not allowed in this container yet.
2019-10-22 01:06:35,804 [EventQueue-ContainerReportForContainerReportHandler] WARN  container.ContainerReportHandler (AbstractContainerReportHandler.java:updateContainerState(145)) - Container #1 is in OPEN state, but the datanode 3c326374-3547-416b-998e-7532ea2ef48b{ip: 192.168.157.222, host: pr-hdds-2131-5wjdl-3623002096, networkLocation: /default-rack, certSerialId: null} reports an CLOSED replica.
2019-10-22 01:06:36,001 [EventQueue-ContainerReportForContainerReportHandler] WARN  container.ContainerReportHandler (AbstractContainerReportHandler.java:updateContainerState(145)) - Container #1 is in OPEN state, but the datanode db7ea609-3ced-42df-bea1-3bd72610fc9e{ip: 192.168.157.222, host: pr-hdds-2131-5wjdl-3623002096, networkLocation: /default-rack, certSerialId: null} reports an CLOSED replica.
2019-10-22 01:06:36,102 [EventQueue-ContainerReportForContainerReportHandler] WARN  container.ContainerReportHandler (AbstractContainerReportHandler.java:updateContainerState(145)) - Container #1 is in OPEN state, but the datanode 3c326374-3547-416b-998e-7532ea2ef48b{ip: 192.168.157.222, host: pr-hdds-2131-5wjdl-3623002096, networkLocation: /default-rack, certSerialId: null} reports an CLOSED replica.
2019-10-22 01:06:36,301 [EventQueue-ContainerReportForContainerReportHandler] WARN  container.ContainerReportHandler (AbstractContainerReportHandler.java:updateContainerState(145)) - Container #1 is in OPEN state, but the datanode db7ea609-3ced-42df-bea1-3bd72610fc9e{ip: 192.168.157.222, host: pr-hdds-2131-5wjdl-3623002096, networkLocation: /default-rack, certSerialId: null} reports an CLOSED replica.
2019-10-22 01:06:36,302 [EventQueue-ContainerReportForContainerReportHandler] WARN  container.ContainerReportHandler (AbstractContainerReportHandler.java:updateContainerState(145)) - Container #1 is in OPEN state, but the datanode 3c326374-3547-416b-998e-7532ea2ef48b{ip: 192.168.157.222, host: pr-hdds-2131-5wjdl-3623002096, networkLocation: /default-rack, certSerialId: null} reports an CLOSED replica.
2019-10-22 01:06:36,502 [EventQueue-ContainerReportForContainerReportHandler] WARN  container.ContainerReportHandler (AbstractContainerReportHandler.java:updateContainerState(145)) - Container #1 is in OPEN state, but the datanode db7ea609-3ced-42df-bea1-3bd72610fc9e{ip: 192.168.157.222, host: pr-hdds-2131-5wjdl-3623002096, networkLocation: /default-rack, certSerialId: null} reports an CLOSED replica.
2019-10-22 01:06:36,602 [EventQueue-ContainerReportForContainerReportHandler] WARN  container.ContainerReportHandler (AbstractContainerReportHandler.java:updateContainerState(145)) - Container #1 is in OPEN state, but the datanode 3c326374-3547-416b-998e-7532ea2ef48b{ip: 192.168.157.222, host: pr-hdds-2131-5wjdl-3623002096, networkLocation: /default-rack, certSerialId: null} reports an CLOSED replica.
2019-10-22 01:06:36,758 [BlockDeletingService#2] WARN  background.BlockDeletingService (BlockDeletingService.java:isDeletionAllowed(187)) - Close Container log Index 6 is not replicated across allthe servers in the pipeline 2cbd8cfc-dfa6-4d43-b162-3c40ba09d40c as the min replicated index is 4. Deletion is not allowed in this container yet.
2019-10-22 01:06:36,758 [BlockDeletingService#2] WARN  background.BlockDeletingService (BlockDeletingService.java:isDeletionAllowed(187)) - Close Container log Index 6 is not replicated across allthe servers in the pipeline 2cbd8cfc-dfa6-4d43-b162-3c40ba09d40c as the min replicated index is 4. Deletion is not allowed in this container yet.
2019-10-22 01:06:36,802 [EventQueue-ContainerReportForContainerReportHandler] WARN  container.ContainerReportHandler (AbstractContainerReportHandler.java:updateContainerState(145)) - Container #1 is in OPEN state, but the datanode db7ea609-3ced-42df-bea1-3bd72610fc9e{ip: 192.168.157.222, host: pr-hdds-2131-5wjdl-3623002096, networkLocation: /default-rack, certSerialId: null} reports an CLOSED replica.
2019-10-22 01:06:36,902 [EventQueue-ContainerReportForContainerReportHandler] WARN  container.ContainerReportHandler (AbstractContainerReportHandler.java:updateContainerState(145)) - Container #1 is in OPEN state, but the datanode 3c326374-3547-416b-998e-7532ea2ef48b{ip: 192.168.157.222, host: pr-hdds-2131-5wjdl-3623002096, networkLocation: /default-rack, certSerialId: null} reports an CLOSED replica.
2019-10-22 01:06:37,002 [EventQueue-ContainerReportForContainerReportHandler] WARN  container.ContainerReportHandler (AbstractContainerReportHandler.java:updateContainerState(145)) - Container #1 is in OPEN state, but the datanode db7ea609-3ced-42df-bea1-3bd72610fc9e{ip: 192.168.157.222, host: pr-hdds-2131-5wjdl-3623002096, networkLocation: /default-rack, certSerialId: null} reports an CLOSED replica.
2019-10-22 01:06:37,202 [EventQueue-ContainerReportForContainerReportHandler] WARN  container.ContainerReportHandler (AbstractContainerReportHandler.java:updateContainerState(145)) - Container #1 is in OPEN state, but the datanode db7ea609-3ced-42df-bea1-3bd72610fc9e{ip: 192.168.157.222, host: pr-hdds-2131-5wjdl-3623002096, networkLocation: /default-rack, certSerialId: null} reports an CLOSED replica.
2019-10-22 01:06:37,303 [EventQueue-ContainerReportForContainerReportHandler] WARN  container.ContainerReportHandler (AbstractContainerReportHandler.java:updateContainerState(145)) - Container #1 is in OPEN state, but the datanode 3c326374-3547-416b-998e-7532ea2ef48b{ip: 192.168.157.222, host: pr-hdds-2131-5wjdl-3623002096, networkLocation: /default-rack, certSerialId: null} reports an CLOSED replica.
2019-10-22 01:06:37,515 [java.util.concurrent.ThreadPoolExecutor$Worker@3c30b846[State = -1, empty queue]] WARN  server.GrpcLogAppender (GrpcLogAppender.java:timeoutAppendRequest(209)) - 3c326374-3547-416b-998e-7532ea2ef48b@group-3C40BA09D40C->961c004b-2cdf-4092-9b5c-36f8bd0f140b-GrpcLogAppender: appendEntries Timeout, request=3c326374-3547-416b-998e-7532ea2ef48b->961c004b-2cdf-4092-9b5c-36f8bd0f140b#33-t5, previous=(t:5, i:10), leaderCommit=10, initializing? false, entries: <empty>
2019-10-22 01:06:37,602 [EventQueue-ContainerReportForContainerReportHandler] WARN  container.ContainerReportHandler (AbstractContainerReportHandler.java:updateContainerState(145)) - Container #1 is in OPEN state, but the datanode 3c326374-3547-416b-998e-7532ea2ef48b{ip: 192.168.157.222, host: pr-hdds-2131-5wjdl-3623002096, networkLocation: /default-rack, certSerialId: null} reports an CLOSED replica.
2019-10-22 01:06:37,603 [EventQueue-ContainerReportForContainerReportHandler] WARN  container.ContainerReportHandler (AbstractContainerReportHandler.java:updateContainerState(145)) - Container #1 is in OPEN state, but the datanode db7ea609-3ced-42df-bea1-3bd72610fc9e{ip: 192.168.157.222, host: pr-hdds-2131-5wjdl-3623002096, networkLocation: /default-rack, certSerialId: null} reports an CLOSED replica.
2019-10-22 01:06:37,760 [BlockDeletingService#2] WARN  background.BlockDeletingService (BlockDeletingService.java:isDeletionAllowed(187)) - Close Container log Index 6 is not replicated across allthe servers in the pipeline 2cbd8cfc-dfa6-4d43-b162-3c40ba09d40c as the min replicated index is 4. Deletion is not allowed in this container yet.
2019-10-22 01:06:37,760 [BlockDeletingService#2] WARN  background.BlockDeletingService (BlockDeletingService.java:isDeletionAllowed(187)) - Close Container log Index 6 is not replicated across allthe servers in the pipeline 2cbd8cfc-dfa6-4d43-b162-3c40ba09d40c as the min replicated index is 4. Deletion is not allowed in this container yet.
2019-10-22 01:06:37,803 [EventQueue-ContainerReportForContainerReportHandler] WARN  container.ContainerReportHandler (AbstractContainerReportHandler.java:updateContainerState(145)) - Container #1 is in OPEN state, but the datanode 3c326374-3547-416b-998e-7532ea2ef48b{ip: 192.168.157.222, host: pr-hdds-2131-5wjdl-3623002096, networkLocation: /default-rack, certSerialId: null} reports an CLOSED replica.
2019-10-22 01:06:37,902 [EventQueue-ContainerReportForContainerReportHandler] WARN  container.ContainerReportHandler (AbstractContainerReportHandler.java:updateContainerState(145)) - Container #1 is in OPEN state, but the datanode db7ea609-3ced-42df-bea1-3bd72610fc9e{ip: 192.168.157.222, host: pr-hdds-2131-5wjdl-3623002096, networkLocation: /default-rack, certSerialId: null} reports an CLOSED replica.
2019-10-22 01:06:38,203 [EventQueue-ContainerReportForContainerReportHandler] WARN  container.ContainerReportHandler (AbstractContainerReportHandler.java:updateContainerState(145)) - Container #1 is in OPEN state, but the datanode db7ea609-3ced-42df-bea1-3bd72610fc9e{ip: 192.168.157.222, host: pr-hdds-2131-5wjdl-3623002096, networkLocation: /default-rack, certSerialId: null} reports an CLOSED replica.
2019-10-22 01:06:38,204 [EventQueue-ContainerReportForContainerReportHandler] WARN  container.ContainerReportHandler (AbstractContainerReportHandler.java:updateContainerState(145)) - Container #1 is in OPEN state, but the datanode 3c326374-3547-416b-998e-7532ea2ef48b{ip: 192.168.157.222, host: pr-hdds-2131-5wjdl-3623002096, networkLocation: /default-rack, certSerialId: null} reports an CLOSED replica.
2019-10-22 01:06:38,404 [EventQueue-ContainerReportForContainerReportHandler] WARN  container.ContainerReportHandler (AbstractContainerReportHandler.java:updateContainerState(145)) - Container #1 is in OPEN state, but the datanode 3c326374-3547-416b-998e-7532ea2ef48b{ip: 192.168.157.222, host: pr-hdds-2131-5wjdl-3623002096, networkLocation: /default-rack, certSerialId: null} reports an CLOSED replica.
2019-10-22 01:06:38,504 [EventQueue-ContainerReportForContainerReportHandler] WARN  container.ContainerReportHandler (AbstractContainerReportHandler.java:updateContainerState(145)) - Container #1 is in OPEN state, but the datanode db7ea609-3ced-42df-bea1-3bd72610fc9e{ip: 192.168.157.222, host: pr-hdds-2131-5wjdl-3623002096, networkLocation: /default-rack, certSerialId: null} reports an CLOSED replica.
2019-10-22 01:06:38,704 [EventQueue-ContainerReportForContainerReportHandler] WARN  container.ContainerReportHandler (AbstractContainerReportHandler.java:updateContainerState(145)) - Container #1 is in OPEN state, but the datanode 3c326374-3547-416b-998e-7532ea2ef48b{ip: 192.168.157.222, host: pr-hdds-2131-5wjdl-3623002096, networkLocation: /default-rack, certSerialId: null} reports an CLOSED replica.
2019-10-22 01:06:38,761 [BlockDeletingService#2] WARN  background.BlockDeletingService (BlockDeletingService.java:isDeletionAllowed(187)) - Close Container log Index 6 is not replicated across allthe servers in the pipeline 2cbd8cfc-dfa6-4d43-b162-3c40ba09d40c as the min replicated index is 4. Deletion is not allowed in this container yet.
2019-10-22 01:06:38,761 [BlockDeletingService#2] WARN  background.BlockDeletingService (BlockDeletingService.java:isDeletionAllowed(187)) - Close Container log Index 6 is not replicated across allthe servers in the pipeline 2cbd8cfc-dfa6-4d43-b162-3c40ba09d40c as the min replicated index is 4. Deletion is not allowed in this container yet.
2019-10-22 01:06:38,804 [EventQueue-ContainerReportForContainerReportHandler] WARN  container.ContainerReportHandler (AbstractContainerReportHandler.java:updateContainerState(145)) - Container #1 is in OPEN state, but the datanode db7ea609-3ced-42df-bea1-3bd72610fc9e{ip: 192.168.157.222, host: pr-hdds-2131-5wjdl-3623002096, networkLocation: /default-rack, certSerialId: null} reports an CLOSED replica.
2019-10-22 01:06:39,005 [EventQueue-ContainerReportForContainerReportHandler] WARN  container.ContainerReportHandler (AbstractContainerReportHandler.java:updateContainerState(145)) - Container #1 is in OPEN state, but the datanode 3c326374-3547-416b-998e-7532ea2ef48b{ip: 192.168.157.222, host: pr-hdds-2131-5wjdl-3623002096, networkLocation: /default-rack, certSerialId: null} reports an CLOSED replica.
2019-10-22 01:06:39,205 [EventQueue-ContainerReportForContainerReportHandler] WARN  container.ContainerReportHandler (AbstractContainerReportHandler.java:updateContainerState(145)) - Container #1 is in OPEN state, but the datanode db7ea609-3ced-42df-bea1-3bd72610fc9e{ip: 192.168.157.222, host: pr-hdds-2131-5wjdl-3623002096, networkLocation: /default-rack, certSerialId: null} reports an CLOSED replica.
2019-10-22 01:06:39,404 [EventQueue-ContainerReportForContainerReportHandler] WARN  container.ContainerReportHandler (AbstractContainerReportHandler.java:updateContainerState(145)) - Container #1 is in OPEN state, but the datanode 3c326374-3547-416b-998e-7532ea2ef48b{ip: 192.168.157.222, host: pr-hdds-2131-5wjdl-3623002096, networkLocation: /default-rack, certSerialId: null} reports an CLOSED replica.
2019-10-22 01:06:39,505 [EventQueue-ContainerReportForContainerReportHandler] WARN  container.ContainerReportHandler (AbstractContainerReportHandler.java:updateContainerState(145)) - Container #1 is in OPEN state, but the datanode db7ea609-3ced-42df-bea1-3bd72610fc9e{ip: 192.168.157.222, host: pr-hdds-2131-5wjdl-3623002096, networkLocation: /default-rack, certSerialId: null} reports an CLOSED replica.
2019-10-22 01:06:39,625 [Thread-415] INFO  client.GrpcClientProtocolService (GrpcClientProtocolService.java:lambda$processClientRequest$0(278)) - Failed RaftClientRequest:client-266370AF2C40->db7ea609-3ced-42df-bea1-3bd72610fc9e@group-3C40BA09D40C, cid=10, seq=0, Watch-ALL_COMMITTED(6), Message:<EMPTY>, reply=RaftClientReply:client-266370AF2C40->db7ea609-3ced-42df-bea1-3bd72610fc9e@group-3C40BA09D40C, cid=10, FAILED org.apache.ratis.protocol.NotLeaderException: Server db7ea609-3ced-42df-bea1-3bd72610fc9e@group-3C40BA09D40C is not the leader 3c326374-3547-416b-998e-7532ea2ef48b:192.168.157.222:44132, logIndex=0, commits[db7ea609-3ced-42df-bea1-3bd72610fc9e:c10, 961c004b-2cdf-4092-9b5c-36f8bd0f140b:c4, 3c326374-3547-416b-998e-7532ea2ef48b:c10]
2019-10-22 01:06:39,763 [BlockDeletingService#2] WARN  background.BlockDeletingService (BlockDeletingService.java:isDeletionAllowed(187)) - Close Container log Index 6 is not replicated across allthe servers in the pipeline 2cbd8cfc-dfa6-4d43-b162-3c40ba09d40c as the min replicated index is 4. Deletion is not allowed in this container yet.
2019-10-22 01:06:39,763 [BlockDeletingService#2] WARN  background.BlockDeletingService (BlockDeletingService.java:isDeletionAllowed(187)) - Close Container log Index 6 is not replicated across allthe servers in the pipeline 2cbd8cfc-dfa6-4d43-b162-3c40ba09d40c as the min replicated index is 4. Deletion is not allowed in this container yet.
2019-10-22 01:06:39,805 [EventQueue-ContainerReportForContainerReportHandler] WARN  container.ContainerReportHandler (AbstractContainerReportHandler.java:updateContainerState(145)) - Container #1 is in OPEN state, but the datanode 3c326374-3547-416b-998e-7532ea2ef48b{ip: 192.168.157.222, host: pr-hdds-2131-5wjdl-3623002096, networkLocation: /default-rack, certSerialId: null} reports an CLOSED replica.
2019-10-22 01:06:39,905 [EventQueue-ContainerReportForContainerReportHandler] WARN  container.ContainerReportHandler (AbstractContainerReportHandler.java:updateContainerState(145)) - Container #1 is in OPEN state, but the datanode db7ea609-3ced-42df-bea1-3bd72610fc9e{ip: 192.168.157.222, host: pr-hdds-2131-5wjdl-3623002096, networkLocation: /default-rack, certSerialId: null} reports an CLOSED replica.
2019-10-22 01:06:40,017 [java.util.concurrent.ThreadPoolExecutor$Worker@3c30b846[State = -1, empty queue]] WARN  server.GrpcLogAppender (GrpcLogAppender.java:timeoutAppendRequest(209)) - 3c326374-3547-416b-998e-7532ea2ef48b@group-3C40BA09D40C->961c004b-2cdf-4092-9b5c-36f8bd0f140b-GrpcLogAppender: appendEntries Timeout, request=3c326374-3547-416b-998e-7532ea2ef48b->961c004b-2cdf-4092-9b5c-36f8bd0f140b#34-t5, previous=(t:5, i:10), leaderCommit=10, initializing? false, entries: <empty>
2019-10-22 01:06:40,105 [EventQueue-ContainerReportForContainerReportHandler] WARN  container.ContainerReportHandler (AbstractContainerReportHandler.java:updateContainerState(145)) - Container #1 is in OPEN state, but the datanode 3c326374-3547-416b-998e-7532ea2ef48b{ip: 192.168.157.222, host: pr-hdds-2131-5wjdl-3623002096, networkLocation: /default-rack, certSerialId: null} reports an CLOSED replica.
2019-10-22 01:06:40,205 [EventQueue-ContainerReportForContainerReportHandler] WARN  container.ContainerReportHandler (AbstractContainerReportHandler.java:updateContainerState(145)) - Container #1 is in OPEN state, but the datanode db7ea609-3ced-42df-bea1-3bd72610fc9e{ip: 192.168.157.222, host: pr-hdds-2131-5wjdl-3623002096, networkLocation: /default-rack, certSerialId: null} reports an CLOSED replica.
2019-10-22 01:06:40,405 [EventQueue-ContainerReportForContainerReportHandler] WARN  container.ContainerReportHandler (AbstractContainerReportHandler.java:updateContainerState(145)) - Container #1 is in OPEN state, but the datanode db7ea609-3ced-42df-bea1-3bd72610fc9e{ip: 192.168.157.222, host: pr-hdds-2131-5wjdl-3623002096, networkLocation: /default-rack, certSerialId: null} reports an CLOSED replica.
2019-10-22 01:06:40,406 [EventQueue-ContainerReportForContainerReportHandler] WARN  container.ContainerReportHandler (AbstractContainerReportHandler.java:updateContainerState(145)) - Container #1 is in OPEN state, but the datanode 3c326374-3547-416b-998e-7532ea2ef48b{ip: 192.168.157.222, host: pr-hdds-2131-5wjdl-3623002096, networkLocation: /default-rack, certSerialId: null} reports an CLOSED replica.
2019-10-22 01:06:40,769 [BlockDeletingService#2] WARN  background.BlockDeletingService (BlockDeletingService.java:isDeletionAllowed(187)) - Close Container log Index 6 is not replicated across allthe servers in the pipeline 2cbd8cfc-dfa6-4d43-b162-3c40ba09d40c as the min replicated index is 4. Deletion is not allowed in this container yet.
2019-10-22 01:06:40,769 [BlockDeletingService#2] WARN  background.BlockDeletingService (BlockDeletingService.java:isDeletionAllowed(187)) - Close Container log Index 6 is not replicated across allthe servers in the pipeline 2cbd8cfc-dfa6-4d43-b162-3c40ba09d40c as the min replicated index is 4. Deletion is not allowed in this container yet.
2019-10-22 01:06:40,805 [EventQueue-ContainerReportForContainerReportHandler] WARN  container.ContainerReportHandler (AbstractContainerReportHandler.java:updateContainerState(145)) - Container #1 is in OPEN state, but the datanode db7ea609-3ced-42df-bea1-3bd72610fc9e{ip: 192.168.157.222, host: pr-hdds-2131-5wjdl-3623002096, networkLocation: /default-rack, certSerialId: null} reports an CLOSED replica.
2019-10-22 01:06:40,805 [EventQueue-ContainerReportForContainerReportHandler] WARN  container.ContainerReportHandler (AbstractContainerReportHandler.java:updateContainerState(145)) - Container #1 is in OPEN state, but the datanode 3c326374-3547-416b-998e-7532ea2ef48b{ip: 192.168.157.222, host: pr-hdds-2131-5wjdl-3623002096, networkLocation: /default-rack, certSerialId: null} reports an CLOSED replica.
2019-10-22 01:06:41,005 [EventQueue-ContainerReportForContainerReportHandler] WARN  container.ContainerReportHandler (AbstractContainerReportHandler.java:updateContainerState(145)) - Container #1 is in OPEN state, but the datanode db7ea609-3ced-42df-bea1-3bd72610fc9e{ip: 192.168.157.222, host: pr-hdds-2131-5wjdl-3623002096, networkLocation: /default-rack, certSerialId: null} reports an CLOSED replica.
2019-10-22 01:06:41,106 [EventQueue-ContainerReportForContainerReportHandler] WARN  container.ContainerReportHandler (AbstractContainerReportHandler.java:updateContainerState(145)) - Container #1 is in OPEN state, but the datanode 3c326374-3547-416b-998e-7532ea2ef48b{ip: 192.168.157.222, host: pr-hdds-2131-5wjdl-3623002096, networkLocation: /default-rack, certSerialId: null} reports an CLOSED replica.
2019-10-22 01:06:41,406 [EventQueue-ContainerReportForContainerReportHandler] WARN  container.ContainerReportHandler (AbstractContainerReportHandler.java:updateContainerState(145)) - Container #1 is in OPEN state, but the datanode db7ea609-3ced-42df-bea1-3bd72610fc9e{ip: 192.168.157.222, host: pr-hdds-2131-5wjdl-3623002096, networkLocation: /default-rack, certSerialId: null} reports an CLOSED replica.
2019-10-22 01:06:41,406 [EventQueue-ContainerReportForContainerReportHandler] WARN  container.ContainerReportHandler (AbstractContainerReportHandler.java:updateContainerState(145)) - Container #1 is in OPEN state, but the datanode 3c326374-3547-416b-998e-7532ea2ef48b{ip: 192.168.157.222, host: pr-hdds-2131-5wjdl-3623002096, networkLocation: /default-rack, certSerialId: null} reports an CLOSED replica.
2019-10-22 01:06:41,585 [Thread-422] INFO  client.GrpcClientProtocolService (GrpcClientProtocolService.java:lambda$processClientRequest$0(278)) - Failed RaftClientRequest:client-266370AF2C40->3c326374-3547-416b-998e-7532ea2ef48b@group-3C40BA09D40C, cid=10, seq=0, Watch-ALL_COMMITTED(6), Message:<EMPTY>, reply=RaftClientReply:client-266370AF2C40->3c326374-3547-416b-998e-7532ea2ef48b@group-3C40BA09D40C, cid=10, FAILED org.apache.ratis.protocol.NotReplicatedException: Request with call Id 10 and log index 6 is not yet replicated to ALL_COMMITTED, logIndex=6, commits[3c326374-3547-416b-998e-7532ea2ef48b:c10, db7ea609-3ced-42df-bea1-3bd72610fc9e:c10, 961c004b-2cdf-4092-9b5c-36f8bd0f140b:c4]
2019-10-22 01:06:41,605 [EventQueue-ContainerReportForContainerReportHandler] WARN  container.ContainerReportHandler (AbstractContainerReportHandler.java:updateContainerState(145)) - Container #1 is in OPEN state, but the datanode db7ea609-3ced-42df-bea1-3bd72610fc9e{ip: 192.168.157.222, host: pr-hdds-2131-5wjdl-3623002096, networkLocation: /default-rack, certSerialId: null} reports an CLOSED replica.
2019-10-22 01:06:41,706 [EventQueue-ContainerReportForContainerReportHandler] WARN  container.ContainerReportHandler (AbstractContainerReportHandler.java:updateContainerState(145)) - Container #1 is in OPEN state, but the datanode 3c326374-3547-416b-998e-7532ea2ef48b{ip: 192.168.157.222, host: pr-hdds-2131-5wjdl-3623002096, networkLocation: /default-rack, certSerialId: null} reports an CLOSED replica.
2019-10-22 01:06:41,771 [BlockDeletingService#2] WARN  background.BlockDeletingService (BlockDeletingService.java:isDeletionAllowed(187)) - Close Container log Index 6 is not replicated across allthe servers in the pipeline 2cbd8cfc-dfa6-4d43-b162-3c40ba09d40c as the min replicated index is 4. Deletion is not allowed in this container yet.
2019-10-22 01:06:41,771 [BlockDeletingService#2] WARN  background.BlockDeletingService (BlockDeletingService.java:isDeletionAllowed(187)) - Close Container log Index 6 is not replicated across allthe servers in the pipeline 2cbd8cfc-dfa6-4d43-b162-3c40ba09d40c as the min replicated index is 4. Deletion is not allowed in this container yet.
2019-10-22 01:06:41,905 [EventQueue-ContainerReportForContainerReportHandler] WARN  container.ContainerReportHandler (AbstractContainerReportHandler.java:updateContainerState(145)) - Container #1 is in OPEN state, but the datanode db7ea609-3ced-42df-bea1-3bd72610fc9e{ip: 192.168.157.222, host: pr-hdds-2131-5wjdl-3623002096, networkLocation: /default-rack, certSerialId: null} reports an CLOSED replica.
2019-10-22 01:06:42,006 [EventQueue-ContainerReportForContainerReportHandler] WARN  container.ContainerReportHandler (AbstractContainerReportHandler.java:updateContainerState(145)) - Container #1 is in OPEN state, but the datanode 3c326374-3547-416b-998e-7532ea2ef48b{ip: 192.168.157.222, host: pr-hdds-2131-5wjdl-3623002096, networkLocation: /default-rack, certSerialId: null} reports an CLOSED replica.
2019-10-22 01:06:42,106 [EventQueue-ContainerReportForContainerReportHandler] WARN  container.ContainerReportHandler (AbstractContainerReportHandler.java:updateContainerState(145)) - Container #1 is in OPEN state, but the datanode db7ea609-3ced-42df-bea1-3bd72610fc9e{ip: 192.168.157.222, host: pr-hdds-2131-5wjdl-3623002096, networkLocation: /default-rack, certSerialId: null} reports an CLOSED replica.
2019-10-22 01:06:42,406 [EventQueue-ContainerReportForContainerReportHandler] WARN  container.ContainerReportHandler (AbstractContainerReportHandler.java:updateContainerState(145)) - Container #1 is in OPEN state, but the datanode 3c326374-3547-416b-998e-7532ea2ef48b{ip: 192.168.157.222, host: pr-hdds-2131-5wjdl-3623002096, networkLocation: /default-rack, certSerialId: null} reports an CLOSED replica.
2019-10-22 01:06:42,506 [EventQueue-ContainerReportForContainerReportHandler] WARN  container.ContainerReportHandler (AbstractContainerReportHandler.java:updateContainerState(145)) - Container #1 is in OPEN state, but the datanode db7ea609-3ced-42df-bea1-3bd72610fc9e{ip: 192.168.157.222, host: pr-hdds-2131-5wjdl-3623002096, networkLocation: /default-rack, certSerialId: null} reports an CLOSED replica.
2019-10-22 01:06:42,518 [java.util.concurrent.ThreadPoolExecutor$Worker@3c30b846[State = -1, empty queue]] WARN  server.GrpcLogAppender (GrpcLogAppender.java:timeoutAppendRequest(209)) - 3c326374-3547-416b-998e-7532ea2ef48b@group-3C40BA09D40C->961c004b-2cdf-4092-9b5c-36f8bd0f140b-GrpcLogAppender: appendEntries Timeout, request=3c326374-3547-416b-998e-7532ea2ef48b->961c004b-2cdf-4092-9b5c-36f8bd0f140b#35-t5, previous=(t:5, i:10), leaderCommit=10, initializing? false, entries: <empty>
2019-10-22 01:06:42,706 [EventQueue-ContainerReportForContainerReportHandler] WARN  container.ContainerReportHandler (AbstractContainerReportHandler.java:updateContainerState(145)) - Container #1 is in OPEN state, but the datanode db7ea609-3ced-42df-bea1-3bd72610fc9e{ip: 192.168.157.222, host: pr-hdds-2131-5wjdl-3623002096, networkLocation: /default-rack, certSerialId: null} reports an CLOSED replica.
2019-10-22 01:06:42,774 [BlockDeletingService#2] WARN  background.BlockDeletingService (BlockDeletingService.java:isDeletionAllowed(187)) - Close Container log Index 6 is not replicated across allthe servers in the pipeline 2cbd8cfc-dfa6-4d43-b162-3c40ba09d40c as the min replicated index is 4. Deletion is not allowed in this container yet.
2019-10-22 01:06:42,774 [BlockDeletingService#2] WARN  background.BlockDeletingService (BlockDeletingService.java:isDeletionAllowed(187)) - Close Container log Index 6 is not replicated across allthe servers in the pipeline 2cbd8cfc-dfa6-4d43-b162-3c40ba09d40c as the min replicated index is 4. Deletion is not allowed in this container yet.
2019-10-22 01:06:42,806 [EventQueue-ContainerReportForContainerReportHandler] WARN  container.ContainerReportHandler (AbstractContainerReportHandler.java:updateContainerState(145)) - Container #1 is in OPEN state, but the datanode 3c326374-3547-416b-998e-7532ea2ef48b{ip: 192.168.157.222, host: pr-hdds-2131-5wjdl-3623002096, networkLocation: /default-rack, certSerialId: null} reports an CLOSED replica.
2019-10-22 01:06:43,107 [EventQueue-ContainerReportForContainerReportHandler] WARN  container.ContainerReportHandler (AbstractContainerReportHandler.java:updateContainerState(145)) - Container #1 is in OPEN state, but the datanode db7ea609-3ced-42df-bea1-3bd72610fc9e{ip: 192.168.157.222, host: pr-hdds-2131-5wjdl-3623002096, networkLocation: /default-rack, certSerialId: null} reports an CLOSED replica.
2019-10-22 01:06:43,107 [EventQueue-ContainerReportForContainerReportHandler] WARN  container.ContainerReportHandler (AbstractContainerReportHandler.java:updateContainerState(145)) - Container #1 is in OPEN state, but the datanode 3c326374-3547-416b-998e-7532ea2ef48b{ip: 192.168.157.222, host: pr-hdds-2131-5wjdl-3623002096, networkLocation: /default-rack, certSerialId: null} reports an CLOSED replica.
2019-10-22 01:06:43,407 [EventQueue-ContainerReportForContainerReportHandler] WARN  container.ContainerReportHandler (AbstractContainerReportHandler.java:updateContainerState(145)) - Container #1 is in OPEN state, but the datanode 3c326374-3547-416b-998e-7532ea2ef48b{ip: 192.168.157.222, host: pr-hdds-2131-5wjdl-3623002096, networkLocation: /default-rack, certSerialId: null} reports an CLOSED replica.
2019-10-22 01:06:43,507 [EventQueue-ContainerReportForContainerReportHandler] WARN  container.ContainerReportHandler (AbstractContainerReportHandler.java:updateContainerState(145)) - Container #1 is in OPEN state, but the datanode db7ea609-3ced-42df-bea1-3bd72610fc9e{ip: 192.168.157.222, host: pr-hdds-2131-5wjdl-3623002096, networkLocation: /default-rack, certSerialId: null} reports an CLOSED replica.
2019-10-22 01:06:43,708 [EventQueue-ContainerReportForContainerReportHandler] WARN  container.ContainerReportHandler (AbstractContainerReportHandler.java:updateContainerState(145)) - Container #1 is in OPEN state, but the datanode 3c326374-3547-416b-998e-7532ea2ef48b{ip: 192.168.157.222, host: pr-hdds-2131-5wjdl-3623002096, networkLocation: /default-rack, certSerialId: null} reports an CLOSED replica.
2019-10-22 01:06:43,775 [BlockDeletingService#2] WARN  background.BlockDeletingService (BlockDeletingService.java:isDeletionAllowed(187)) - Close Container log Index 6 is not replicated across allthe servers in the pipeline 2cbd8cfc-dfa6-4d43-b162-3c40ba09d40c as the min replicated index is 4. Deletion is not allowed in this container yet.
2019-10-22 01:06:43,775 [BlockDeletingService#2] WARN  background.BlockDeletingService (BlockDeletingService.java:isDeletionAllowed(187)) - Close Container log Index 6 is not replicated across allthe servers in the pipeline 2cbd8cfc-dfa6-4d43-b162-3c40ba09d40c as the min replicated index is 4. Deletion is not allowed in this container yet.
2019-10-22 01:06:43,808 [EventQueue-ContainerReportForContainerReportHandler] WARN  container.ContainerReportHandler (AbstractContainerReportHandler.java:updateContainerState(145)) - Container #1 is in OPEN state, but the datanode db7ea609-3ced-42df-bea1-3bd72610fc9e{ip: 192.168.157.222, host: pr-hdds-2131-5wjdl-3623002096, networkLocation: /default-rack, certSerialId: null} reports an CLOSED replica.
2019-10-22 01:06:43,908 [EventQueue-ContainerReportForContainerReportHandler] WARN  container.ContainerReportHandler (AbstractContainerReportHandler.java:updateContainerState(145)) - Container #1 is in OPEN state, but the datanode 3c326374-3547-416b-998e-7532ea2ef48b{ip: 192.168.157.222, host: pr-hdds-2131-5wjdl-3623002096, networkLocation: /default-rack, certSerialId: null} reports an CLOSED replica.
2019-10-22 01:06:44,108 [EventQueue-ContainerReportForContainerReportHandler] WARN  container.ContainerReportHandler (AbstractContainerReportHandler.java:updateContainerState(145)) - Container #1 is in OPEN state, but the datanode db7ea609-3ced-42df-bea1-3bd72610fc9e{ip: 192.168.157.222, host: pr-hdds-2131-5wjdl-3623002096, networkLocation: /default-rack, certSerialId: null} reports an CLOSED replica.
2019-10-22 01:06:44,108 [EventQueue-ContainerReportForContainerReportHandler] WARN  container.ContainerReportHandler (AbstractContainerReportHandler.java:updateContainerState(145)) - Container #1 is in OPEN state, but the datanode 3c326374-3547-416b-998e-7532ea2ef48b{ip: 192.168.157.222, host: pr-hdds-2131-5wjdl-3623002096, networkLocation: /default-rack, certSerialId: null} reports an CLOSED replica.
2019-10-22 01:06:44,408 [EventQueue-ContainerReportForContainerReportHandler] WARN  container.ContainerReportHandler (AbstractContainerReportHandler.java:updateContainerState(145)) - Container #1 is in OPEN state, but the datanode 3c326374-3547-416b-998e-7532ea2ef48b{ip: 192.168.157.222, host: pr-hdds-2131-5wjdl-3623002096, networkLocation: /default-rack, certSerialId: null} reports an CLOSED replica.
2019-10-22 01:06:44,408 [EventQueue-ContainerReportForContainerReportHandler] WARN  container.ContainerReportHandler (AbstractContainerReportHandler.java:updateContainerState(145)) - Container #1 is in OPEN state, but the datanode db7ea609-3ced-42df-bea1-3bd72610fc9e{ip: 192.168.157.222, host: pr-hdds-2131-5wjdl-3623002096, networkLocation: /default-rack, certSerialId: null} reports an CLOSED replica.
2019-10-22 01:06:44,609 [EventQueue-ContainerReportForContainerReportHandler] WARN  container.ContainerReportHandler (AbstractContainerReportHandler.java:updateContainerState(145)) - Container #1 is in OPEN state, but the datanode db7ea609-3ced-42df-bea1-3bd72610fc9e{ip: 192.168.157.222, host: pr-hdds-2131-5wjdl-3623002096, networkLocation: /default-rack, certSerialId: null} reports an CLOSED replica.
2019-10-22 01:06:44,777 [BlockDeletingService#2] WARN  background.BlockDeletingService (BlockDeletingService.java:isDeletionAllowed(187)) - Close Container log Index 6 is not replicated across allthe servers in the pipeline 2cbd8cfc-dfa6-4d43-b162-3c40ba09d40c as the min replicated index is 4. Deletion is not allowed in this container yet.
2019-10-22 01:06:44,777 [BlockDeletingService#2] WARN  background.BlockDeletingService (BlockDeletingService.java:isDeletionAllowed(187)) - Close Container log Index 6 is not replicated across allthe servers in the pipeline 2cbd8cfc-dfa6-4d43-b162-3c40ba09d40c as the min replicated index is 4. Deletion is not allowed in this container yet.
2019-10-22 01:06:44,808 [EventQueue-ContainerReportForContainerReportHandler] WARN  container.ContainerReportHandler (AbstractContainerReportHandler.java:updateContainerState(145)) - Container #1 is in OPEN state, but the datanode 3c326374-3547-416b-998e-7532ea2ef48b{ip: 192.168.157.222, host: pr-hdds-2131-5wjdl-3623002096, networkLocation: /default-rack, certSerialId: null} reports an CLOSED replica.
2019-10-22 01:06:44,909 [EventQueue-ContainerReportForContainerReportHandler] WARN  container.ContainerReportHandler (AbstractContainerReportHandler.java:updateContainerState(145)) - Container #1 is in OPEN state, but the datanode db7ea609-3ced-42df-bea1-3bd72610fc9e{ip: 192.168.157.222, host: pr-hdds-2131-5wjdl-3623002096, networkLocation: /default-rack, certSerialId: null} reports an CLOSED replica.
2019-10-22 01:06:45,009 [EventQueue-ContainerReportForContainerReportHandler] WARN  container.ContainerReportHandler (AbstractContainerReportHandler.java:updateContainerState(145)) - Container #1 is in OPEN state, but the datanode 3c326374-3547-416b-998e-7532ea2ef48b{ip: 192.168.157.222, host: pr-hdds-2131-5wjdl-3623002096, networkLocation: /default-rack, certSerialId: null} reports an CLOSED replica.
2019-10-22 01:06:45,019 [java.util.concurrent.ThreadPoolExecutor$Worker@3c30b846[State = -1, empty queue]] WARN  server.GrpcLogAppender (GrpcLogAppender.java:timeoutAppendRequest(209)) - 3c326374-3547-416b-998e-7532ea2ef48b@group-3C40BA09D40C->961c004b-2cdf-4092-9b5c-36f8bd0f140b-GrpcLogAppender: appendEntries Timeout, request=3c326374-3547-416b-998e-7532ea2ef48b->961c004b-2cdf-4092-9b5c-36f8bd0f140b#36-t5, previous=(t:5, i:10), leaderCommit=10, initializing? false, entries: <empty>
2019-10-22 01:06:45,209 [EventQueue-ContainerReportForContainerReportHandler] WARN  container.ContainerReportHandler (AbstractContainerReportHandler.java:updateContainerState(145)) - Container #1 is in OPEN state, but the datanode db7ea609-3ced-42df-bea1-3bd72610fc9e{ip: 192.168.157.222, host: pr-hdds-2131-5wjdl-3623002096, networkLocation: /default-rack, certSerialId: null} reports an CLOSED replica.
2019-10-22 01:06:45,310 [EventQueue-ContainerReportForContainerReportHandler] WARN  container.ContainerReportHandler (AbstractContainerReportHandler.java:updateContainerState(145)) - Container #1 is in OPEN state, but the datanode 3c326374-3547-416b-998e-7532ea2ef48b{ip: 192.168.157.222, host: pr-hdds-2131-5wjdl-3623002096, networkLocation: /default-rack, certSerialId: null} reports an CLOSED replica.
2019-10-22 01:06:45,510 [EventQueue-ContainerReportForContainerReportHandler] WARN  container.ContainerReportHandler (AbstractContainerReportHandler.java:updateContainerState(145)) - Container #1 is in OPEN state, but the datanode db7ea609-3ced-42df-bea1-3bd72610fc9e{ip: 192.168.157.222, host: pr-hdds-2131-5wjdl-3623002096, networkLocation: /default-rack, certSerialId: null} reports an CLOSED replica.
2019-10-22 01:06:45,710 [EventQueue-ContainerReportForContainerReportHandler] WARN  container.ContainerReportHandler (AbstractContainerReportHandler.java:updateContainerState(145)) - Container #1 is in OPEN state, but the datanode db7ea609-3ced-42df-bea1-3bd72610fc9e{ip: 192.168.157.222, host: pr-hdds-2131-5wjdl-3623002096, networkLocation: /default-rack, certSerialId: null} reports an CLOSED replica.
2019-10-22 01:06:45,711 [EventQueue-ContainerReportForContainerReportHandler] WARN  container.ContainerReportHandler (AbstractContainerReportHandler.java:updateContainerState(145)) - Container #1 is in OPEN state, but the datanode 3c326374-3547-416b-998e-7532ea2ef48b{ip: 192.168.157.222, host: pr-hdds-2131-5wjdl-3623002096, networkLocation: /default-rack, certSerialId: null} reports an CLOSED replica.
2019-10-22 01:06:45,779 [BlockDeletingService#2] WARN  background.BlockDeletingService (BlockDeletingService.java:isDeletionAllowed(187)) - Close Container log Index 6 is not replicated across allthe servers in the pipeline 2cbd8cfc-dfa6-4d43-b162-3c40ba09d40c as the min replicated index is 4. Deletion is not allowed in this container yet.
2019-10-22 01:06:45,779 [BlockDeletingService#2] WARN  background.BlockDeletingService (BlockDeletingService.java:isDeletionAllowed(187)) - Close Container log Index 6 is not replicated across allthe servers in the pipeline 2cbd8cfc-dfa6-4d43-b162-3c40ba09d40c as the min replicated index is 4. Deletion is not allowed in this container yet.
2019-10-22 01:06:46,010 [EventQueue-ContainerReportForContainerReportHandler] WARN  container.ContainerReportHandler (AbstractContainerReportHandler.java:updateContainerState(145)) - Container #1 is in OPEN state, but the datanode db7ea609-3ced-42df-bea1-3bd72610fc9e{ip: 192.168.157.222, host: pr-hdds-2131-5wjdl-3623002096, networkLocation: /default-rack, certSerialId: null} reports an CLOSED replica.
2019-10-22 01:06:46,114 [EventQueue-ContainerReportForContainerReportHandler] WARN  container.ContainerReportHandler (AbstractContainerReportHandler.java:updateContainerState(145)) - Container #1 is in OPEN state, but the datanode 3c326374-3547-416b-998e-7532ea2ef48b{ip: 192.168.157.222, host: pr-hdds-2131-5wjdl-3623002096, networkLocation: /default-rack, certSerialId: null} reports an CLOSED replica.
2019-10-22 01:06:46,311 [EventQueue-ContainerReportForContainerReportHandler] WARN  container.ContainerReportHandler (AbstractContainerReportHandler.java:updateContainerState(145)) - Container #1 is in OPEN state, but the datanode db7ea609-3ced-42df-bea1-3bd72610fc9e{ip: 192.168.157.222, host: pr-hdds-2131-5wjdl-3623002096, networkLocation: /default-rack, certSerialId: null} reports an CLOSED replica.
2019-10-22 01:06:46,413 [EventQueue-ContainerReportForContainerReportHandler] WARN  container.ContainerReportHandler (AbstractContainerReportHandler.java:updateContainerState(145)) - Container #1 is in OPEN state, but the datanode 3c326374-3547-416b-998e-7532ea2ef48b{ip: 192.168.157.222, host: pr-hdds-2131-5wjdl-3623002096, networkLocation: /default-rack, certSerialId: null} reports an CLOSED replica.
2019-10-22 01:06:46,617 [EventQueue-ContainerReportForContainerReportHandler] WARN  container.ContainerReportHandler (AbstractContainerReportHandler.java:updateContainerState(145)) - Container #1 is in OPEN state, but the datanode 3c326374-3547-416b-998e-7532ea2ef48b{ip: 192.168.157.222, host: pr-hdds-2131-5wjdl-3623002096, networkLocation: /default-rack, certSerialId: null} reports an CLOSED replica.
2019-10-22 01:06:46,712 [EventQueue-ContainerReportForContainerReportHandler] WARN  container.ContainerReportHandler (AbstractContainerReportHandler.java:updateContainerState(145)) - Container #1 is in OPEN state, but the datanode db7ea609-3ced-42df-bea1-3bd72610fc9e{ip: 192.168.157.222, host: pr-hdds-2131-5wjdl-3623002096, networkLocation: /default-rack, certSerialId: null} reports an CLOSED replica.
2019-10-22 01:06:46,781 [BlockDeletingService#2] WARN  background.BlockDeletingService (BlockDeletingService.java:isDeletionAllowed(187)) - Close Container log Index 6 is not replicated across allthe servers in the pipeline 2cbd8cfc-dfa6-4d43-b162-3c40ba09d40c as the min replicated index is 4. Deletion is not allowed in this container yet.
2019-10-22 01:06:46,781 [BlockDeletingService#2] WARN  background.BlockDeletingService (BlockDeletingService.java:isDeletionAllowed(187)) - Close Container log Index 6 is not replicated across allthe servers in the pipeline 2cbd8cfc-dfa6-4d43-b162-3c40ba09d40c as the min replicated index is 4. Deletion is not allowed in this container yet.
2019-10-22 01:06:46,813 [EventQueue-ContainerReportForContainerReportHandler] WARN  container.ContainerReportHandler (AbstractContainerReportHandler.java:updateContainerState(145)) - Container #1 is in OPEN state, but the datanode 3c326374-3547-416b-998e-7532ea2ef48b{ip: 192.168.157.222, host: pr-hdds-2131-5wjdl-3623002096, networkLocation: /default-rack, certSerialId: null} reports an CLOSED replica.
2019-10-22 01:06:47,012 [EventQueue-ContainerReportForContainerReportHandler] WARN  container.ContainerReportHandler (AbstractContainerReportHandler.java:updateContainerState(145)) - Container #1 is in OPEN state, but the datanode db7ea609-3ced-42df-bea1-3bd72610fc9e{ip: 192.168.157.222, host: pr-hdds-2131-5wjdl-3623002096, networkLocation: /default-rack, certSerialId: null} reports an CLOSED replica.
2019-10-22 01:06:47,113 [EventQueue-ContainerReportForContainerReportHandler] WARN  container.ContainerReportHandler (AbstractContainerReportHandler.java:updateContainerState(145)) - Container #1 is in OPEN state, but the datanode 3c326374-3547-416b-998e-7532ea2ef48b{ip: 192.168.157.222, host: pr-hdds-2131-5wjdl-3623002096, networkLocation: /default-rack, certSerialId: null} reports an CLOSED replica.
2019-10-22 01:06:47,412 [EventQueue-ContainerReportForContainerReportHandler] WARN  container.ContainerReportHandler (AbstractContainerReportHandler.java:updateContainerState(145)) - Container #1 is in OPEN state, but the datanode db7ea609-3ced-42df-bea1-3bd72610fc9e{ip: 192.168.157.222, host: pr-hdds-2131-5wjdl-3623002096, networkLocation: /default-rack, certSerialId: null} reports an CLOSED replica.
2019-10-22 01:06:47,413 [EventQueue-ContainerReportForContainerReportHandler] WARN  container.ContainerReportHandler (AbstractContainerReportHandler.java:updateContainerState(145)) - Container #1 is in OPEN state, but the datanode 3c326374-3547-416b-998e-7532ea2ef48b{ip: 192.168.157.222, host: pr-hdds-2131-5wjdl-3623002096, networkLocation: /default-rack, certSerialId: null} reports an CLOSED replica.
2019-10-22 01:06:47,521 [java.util.concurrent.ThreadPoolExecutor$Worker@3c30b846[State = -1, empty queue]] WARN  server.GrpcLogAppender (GrpcLogAppender.java:timeoutAppendRequest(209)) - 3c326374-3547-416b-998e-7532ea2ef48b@group-3C40BA09D40C->961c004b-2cdf-4092-9b5c-36f8bd0f140b-GrpcLogAppender: appendEntries Timeout, request=3c326374-3547-416b-998e-7532ea2ef48b->961c004b-2cdf-4092-9b5c-36f8bd0f140b#37-t5, previous=(t:5, i:10), leaderCommit=10, initializing? false, entries: <empty>
2019-10-22 01:06:47,612 [EventQueue-ContainerReportForContainerReportHandler] WARN  container.ContainerReportHandler (AbstractContainerReportHandler.java:updateContainerState(145)) - Container #1 is in OPEN state, but the datanode db7ea609-3ced-42df-bea1-3bd72610fc9e{ip: 192.168.157.222, host: pr-hdds-2131-5wjdl-3623002096, networkLocation: /default-rack, certSerialId: null} reports an CLOSED replica.
2019-10-22 01:06:47,613 [EventQueue-ContainerReportForContainerReportHandler] WARN  container.ContainerReportHandler (AbstractContainerReportHandler.java:updateContainerState(145)) - Container #1 is in OPEN state, but the datanode 3c326374-3547-416b-998e-7532ea2ef48b{ip: 192.168.157.222, host: pr-hdds-2131-5wjdl-3623002096, networkLocation: /default-rack, certSerialId: null} reports an CLOSED replica.
2019-10-22 01:06:47,782 [BlockDeletingService#2] WARN  background.BlockDeletingService (BlockDeletingService.java:isDeletionAllowed(187)) - Close Container log Index 6 is not replicated across allthe servers in the pipeline 2cbd8cfc-dfa6-4d43-b162-3c40ba09d40c as the min replicated index is 4. Deletion is not allowed in this container yet.
2019-10-22 01:06:47,782 [BlockDeletingService#2] WARN  background.BlockDeletingService (BlockDeletingService.java:isDeletionAllowed(187)) - Close Container log Index 6 is not replicated across allthe servers in the pipeline 2cbd8cfc-dfa6-4d43-b162-3c40ba09d40c as the min replicated index is 4. Deletion is not allowed in this container yet.
2019-10-22 01:06:47,815 [EventQueue-ContainerReportForContainerReportHandler] WARN  container.ContainerReportHandler (AbstractContainerReportHandler.java:updateContainerState(145)) - Container #1 is in OPEN state, but the datanode 3c326374-3547-416b-998e-7532ea2ef48b{ip: 192.168.157.222, host: pr-hdds-2131-5wjdl-3623002096, networkLocation: /default-rack, certSerialId: null} reports an CLOSED replica.
2019-10-22 01:06:47,912 [EventQueue-ContainerReportForContainerReportHandler] WARN  container.ContainerReportHandler (AbstractContainerReportHandler.java:updateContainerState(145)) - Container #1 is in OPEN state, but the datanode db7ea609-3ced-42df-bea1-3bd72610fc9e{ip: 192.168.157.222, host: pr-hdds-2131-5wjdl-3623002096, networkLocation: /default-rack, certSerialId: null} reports an CLOSED replica.
2019-10-22 01:06:48,212 [EventQueue-ContainerReportForContainerReportHandler] WARN  container.ContainerReportHandler (AbstractContainerReportHandler.java:updateContainerState(145)) - Container #1 is in OPEN state, but the datanode db7ea609-3ced-42df-bea1-3bd72610fc9e{ip: 192.168.157.222, host: pr-hdds-2131-5wjdl-3623002096, networkLocation: /default-rack, certSerialId: null} reports an CLOSED replica.
2019-10-22 01:06:48,215 [EventQueue-ContainerReportForContainerReportHandler] WARN  container.ContainerReportHandler (AbstractContainerReportHandler.java:updateContainerState(145)) - Container #1 is in OPEN state, but the datanode 3c326374-3547-416b-998e-7532ea2ef48b{ip: 192.168.157.222, host: pr-hdds-2131-5wjdl-3623002096, networkLocation: /default-rack, certSerialId: null} reports an CLOSED replica.
2019-10-22 01:06:48,412 [EventQueue-ContainerReportForContainerReportHandler] WARN  container.ContainerReportHandler (AbstractContainerReportHandler.java:updateContainerState(145)) - Container #1 is in OPEN state, but the datanode db7ea609-3ced-42df-bea1-3bd72610fc9e{ip: 192.168.157.222, host: pr-hdds-2131-5wjdl-3623002096, networkLocation: /default-rack, certSerialId: null} reports an CLOSED replica.
2019-10-22 01:06:48,616 [EventQueue-ContainerReportForContainerReportHandler] WARN  container.ContainerReportHandler (AbstractContainerReportHandler.java:updateContainerState(145)) - Container #1 is in OPEN state, but the datanode 3c326374-3547-416b-998e-7532ea2ef48b{ip: 192.168.157.222, host: pr-hdds-2131-5wjdl-3623002096, networkLocation: /default-rack, certSerialId: null} reports an CLOSED replica.
2019-10-22 01:06:48,656 [Thread-442] INFO  client.GrpcClientProtocolService (GrpcClientProtocolService.java:lambda$processClientRequest$0(278)) - Failed RaftClientRequest:client-266370AF2C40->db7ea609-3ced-42df-bea1-3bd72610fc9e@group-3C40BA09D40C, cid=10, seq=0, Watch-ALL_COMMITTED(6), Message:<EMPTY>, reply=RaftClientReply:client-266370AF2C40->db7ea609-3ced-42df-bea1-3bd72610fc9e@group-3C40BA09D40C, cid=10, FAILED org.apache.ratis.protocol.NotLeaderException: Server db7ea609-3ced-42df-bea1-3bd72610fc9e@group-3C40BA09D40C is not the leader 3c326374-3547-416b-998e-7532ea2ef48b:192.168.157.222:44132, logIndex=0, commits[db7ea609-3ced-42df-bea1-3bd72610fc9e:c10, 961c004b-2cdf-4092-9b5c-36f8bd0f140b:c4, 3c326374-3547-416b-998e-7532ea2ef48b:c10]
2019-10-22 01:06:48,784 [BlockDeletingService#2] WARN  background.BlockDeletingService (BlockDeletingService.java:isDeletionAllowed(187)) - Close Container log Index 6 is not replicated across allthe servers in the pipeline 2cbd8cfc-dfa6-4d43-b162-3c40ba09d40c as the min replicated index is 4. Deletion is not allowed in this container yet.
2019-10-22 01:06:48,784 [BlockDeletingService#2] WARN  background.BlockDeletingService (BlockDeletingService.java:isDeletionAllowed(187)) - Close Container log Index 6 is not replicated across allthe servers in the pipeline 2cbd8cfc-dfa6-4d43-b162-3c40ba09d40c as the min replicated index is 4. Deletion is not allowed in this container yet.
2019-10-22 01:06:48,813 [EventQueue-ContainerReportForContainerReportHandler] WARN  container.ContainerReportHandler (AbstractContainerReportHandler.java:updateContainerState(145)) - Container #1 is in OPEN state, but the datanode db7ea609-3ced-42df-bea1-3bd72610fc9e{ip: 192.168.157.222, host: pr-hdds-2131-5wjdl-3623002096, networkLocation: /default-rack, certSerialId: null} reports an CLOSED replica.
2019-10-22 01:06:48,816 [EventQueue-ContainerReportForContainerReportHandler] WARN  container.ContainerReportHandler (AbstractContainerReportHandler.java:updateContainerState(145)) - Container #1 is in OPEN state, but the datanode 3c326374-3547-416b-998e-7532ea2ef48b{ip: 192.168.157.222, host: pr-hdds-2131-5wjdl-3623002096, networkLocation: /default-rack, certSerialId: null} reports an CLOSED replica.
2019-10-22 01:06:49,016 [EventQueue-ContainerReportForContainerReportHandler] WARN  container.ContainerReportHandler (AbstractContainerReportHandler.java:updateContainerState(145)) - Container #1 is in OPEN state, but the datanode 3c326374-3547-416b-998e-7532ea2ef48b{ip: 192.168.157.222, host: pr-hdds-2131-5wjdl-3623002096, networkLocation: /default-rack, certSerialId: null} reports an CLOSED replica.
2019-10-22 01:06:49,114 [EventQueue-ContainerReportForContainerReportHandler] WARN  container.ContainerReportHandler (AbstractContainerReportHandler.java:updateContainerState(145)) - Container #1 is in OPEN state, but the datanode db7ea609-3ced-42df-bea1-3bd72610fc9e{ip: 192.168.157.222, host: pr-hdds-2131-5wjdl-3623002096, networkLocation: /default-rack, certSerialId: null} reports an CLOSED replica.
2019-10-22 01:06:49,314 [EventQueue-ContainerReportForContainerReportHandler] WARN  container.ContainerReportHandler (AbstractContainerReportHandler.java:updateContainerState(145)) - Container #1 is in OPEN state, but the datanode db7ea609-3ced-42df-bea1-3bd72610fc9e{ip: 192.168.157.222, host: pr-hdds-2131-5wjdl-3623002096, networkLocation: /default-rack, certSerialId: null} reports an CLOSED replica.
2019-10-22 01:06:49,417 [EventQueue-ContainerReportForContainerReportHandler] WARN  container.ContainerReportHandler (AbstractContainerReportHandler.java:updateContainerState(145)) - Container #1 is in OPEN state, but the datanode 3c326374-3547-416b-998e-7532ea2ef48b{ip: 192.168.157.222, host: pr-hdds-2131-5wjdl-3623002096, networkLocation: /default-rack, certSerialId: null} reports an CLOSED replica.
2019-10-22 01:06:49,614 [EventQueue-ContainerReportForContainerReportHandler] WARN  container.ContainerReportHandler (AbstractContainerReportHandler.java:updateContainerState(145)) - Container #1 is in OPEN state, but the datanode db7ea609-3ced-42df-bea1-3bd72610fc9e{ip: 192.168.157.222, host: pr-hdds-2131-5wjdl-3623002096, networkLocation: /default-rack, certSerialId: null} reports an CLOSED replica.
2019-10-22 01:06:49,717 [EventQueue-ContainerReportForContainerReportHandler] WARN  container.ContainerReportHandler (AbstractContainerReportHandler.java:updateContainerState(145)) - Container #1 is in OPEN state, but the datanode 3c326374-3547-416b-998e-7532ea2ef48b{ip: 192.168.157.222, host: pr-hdds-2131-5wjdl-3623002096, networkLocation: /default-rack, certSerialId: null} reports an CLOSED replica.
2019-10-22 01:06:49,785 [BlockDeletingService#2] WARN  background.BlockDeletingService (BlockDeletingService.java:isDeletionAllowed(187)) - Close Container log Index 6 is not replicated across allthe servers in the pipeline 2cbd8cfc-dfa6-4d43-b162-3c40ba09d40c as the min replicated index is 4. Deletion is not allowed in this container yet.
2019-10-22 01:06:49,786 [BlockDeletingService#2] WARN  background.BlockDeletingService (BlockDeletingService.java:isDeletionAllowed(187)) - Close Container log Index 6 is not replicated across allthe servers in the pipeline 2cbd8cfc-dfa6-4d43-b162-3c40ba09d40c as the min replicated index is 4. Deletion is not allowed in this container yet.
2019-10-22 01:06:49,915 [EventQueue-ContainerReportForContainerReportHandler] WARN  container.ContainerReportHandler (AbstractContainerReportHandler.java:updateContainerState(145)) - Container #1 is in OPEN state, but the datanode db7ea609-3ced-42df-bea1-3bd72610fc9e{ip: 192.168.157.222, host: pr-hdds-2131-5wjdl-3623002096, networkLocation: /default-rack, certSerialId: null} reports an CLOSED replica.
2019-10-22 01:06:49,918 [EventQueue-ContainerReportForContainerReportHandler] WARN  container.ContainerReportHandler (AbstractContainerReportHandler.java:updateContainerState(145)) - Container #1 is in OPEN state, but the datanode 3c326374-3547-416b-998e-7532ea2ef48b{ip: 192.168.157.222, host: pr-hdds-2131-5wjdl-3623002096, networkLocation: /default-rack, certSerialId: null} reports an CLOSED replica.
2019-10-22 01:06:50,023 [java.util.concurrent.ThreadPoolExecutor$Worker@3c30b846[State = -1, empty queue]] WARN  server.GrpcLogAppender (GrpcLogAppender.java:timeoutAppendRequest(209)) - 3c326374-3547-416b-998e-7532ea2ef48b@group-3C40BA09D40C->961c004b-2cdf-4092-9b5c-36f8bd0f140b-GrpcLogAppender: appendEntries Timeout, request=3c326374-3547-416b-998e-7532ea2ef48b->961c004b-2cdf-4092-9b5c-36f8bd0f140b#38-t5, previous=(t:5, i:10), leaderCommit=10, initializing? false, entries: <empty>
2019-10-22 01:06:50,118 [EventQueue-ContainerReportForContainerReportHandler] WARN  container.ContainerReportHandler (AbstractContainerReportHandler.java:updateContainerState(145)) - Container #1 is in OPEN state, but the datanode 3c326374-3547-416b-998e-7532ea2ef48b{ip: 192.168.157.222, host: pr-hdds-2131-5wjdl-3623002096, networkLocation: /default-rack, certSerialId: null} reports an CLOSED replica.
2019-10-22 01:06:50,315 [EventQueue-ContainerReportForContainerReportHandler] WARN  container.ContainerReportHandler (AbstractContainerReportHandler.java:updateContainerState(145)) - Container #1 is in OPEN state, but the datanode db7ea609-3ced-42df-bea1-3bd72610fc9e{ip: 192.168.157.222, host: pr-hdds-2131-5wjdl-3623002096, networkLocation: /default-rack, certSerialId: null} reports an CLOSED replica.
2019-10-22 01:06:50,318 [EventQueue-ContainerReportForContainerReportHandler] WARN  container.ContainerReportHandler (AbstractContainerReportHandler.java:updateContainerState(145)) - Container #1 is in OPEN state, but the datanode 3c326374-3547-416b-998e-7532ea2ef48b{ip: 192.168.157.222, host: pr-hdds-2131-5wjdl-3623002096, networkLocation: /default-rack, certSerialId: null} reports an CLOSED replica.
2019-10-22 01:06:50,584 [Thread-450] INFO  client.GrpcClientProtocolService (GrpcClientProtocolService.java:lambda$processClientRequest$0(278)) - Failed RaftClientRequest:client-266370AF2C40->3c326374-3547-416b-998e-7532ea2ef48b@group-3C40BA09D40C, cid=10, seq=0, Watch-ALL_COMMITTED(6), Message:<EMPTY>, reply=RaftClientReply:client-266370AF2C40->3c326374-3547-416b-998e-7532ea2ef48b@group-3C40BA09D40C, cid=10, FAILED org.apache.ratis.protocol.NotReplicatedException: Request with call Id 10 and log index 6 is not yet replicated to ALL_COMMITTED, logIndex=6, commits[3c326374-3547-416b-998e-7532ea2ef48b:c10, db7ea609-3ced-42df-bea1-3bd72610fc9e:c10, 961c004b-2cdf-4092-9b5c-36f8bd0f140b:c4]
2019-10-22 01:06:50,616 [EventQueue-ContainerReportForContainerReportHandler] WARN  container.ContainerReportHandler (AbstractContainerReportHandler.java:updateContainerState(145)) - Container #1 is in OPEN state, but the datanode db7ea609-3ced-42df-bea1-3bd72610fc9e{ip: 192.168.157.222, host: pr-hdds-2131-5wjdl-3623002096, networkLocation: /default-rack, certSerialId: null} reports an CLOSED replica.
2019-10-22 01:06:50,719 [EventQueue-ContainerReportForContainerReportHandler] WARN  container.ContainerReportHandler (AbstractContainerReportHandler.java:updateContainerState(145)) - Container #1 is in OPEN state, but the datanode 3c326374-3547-416b-998e-7532ea2ef48b{ip: 192.168.157.222, host: pr-hdds-2131-5wjdl-3623002096, networkLocation: /default-rack, certSerialId: null} reports an CLOSED replica.
2019-10-22 01:06:50,787 [BlockDeletingService#2] WARN  background.BlockDeletingService (BlockDeletingService.java:isDeletionAllowed(187)) - Close Container log Index 6 is not replicated across allthe servers in the pipeline 2cbd8cfc-dfa6-4d43-b162-3c40ba09d40c as the min replicated index is 4. Deletion is not allowed in this container yet.
2019-10-22 01:06:50,789 [BlockDeletingService#2] WARN  background.BlockDeletingService (BlockDeletingService.java:isDeletionAllowed(187)) - Close Container log Index 6 is not replicated across allthe servers in the pipeline 2cbd8cfc-dfa6-4d43-b162-3c40ba09d40c as the min replicated index is 4. Deletion is not allowed in this container yet.
2019-10-22 01:06:50,916 [EventQueue-ContainerReportForContainerReportHandler] WARN  container.ContainerReportHandler (AbstractContainerReportHandler.java:updateContainerState(145)) - Container #1 is in OPEN state, but the datanode db7ea609-3ced-42df-bea1-3bd72610fc9e{ip: 192.168.157.222, host: pr-hdds-2131-5wjdl-3623002096, networkLocation: /default-rack, certSerialId: null} reports an CLOSED replica.
2019-10-22 01:06:51,019 [EventQueue-ContainerReportForContainerReportHandler] WARN  container.ContainerReportHandler (AbstractContainerReportHandler.java:updateContainerState(145)) - Container #1 is in OPEN state, but the datanode 3c326374-3547-416b-998e-7532ea2ef48b{ip: 192.168.157.222, host: pr-hdds-2131-5wjdl-3623002096, networkLocation: /default-rack, certSerialId: null} reports an CLOSED replica.
2019-10-22 01:06:51,217 [EventQueue-ContainerReportForContainerReportHandler] WARN  container.ContainerReportHandler (AbstractContainerReportHandler.java:updateContainerState(145)) - Container #1 is in OPEN state, but the datanode db7ea609-3ced-42df-bea1-3bd72610fc9e{ip: 192.168.157.222, host: pr-hdds-2131-5wjdl-3623002096, networkLocation: /default-rack, certSerialId: null} reports an CLOSED replica.
2019-10-22 01:06:51,319 [EventQueue-ContainerReportForContainerReportHandler] WARN  container.ContainerReportHandler (AbstractContainerReportHandler.java:updateContainerState(145)) - Container #1 is in OPEN state, but the datanode 3c326374-3547-416b-998e-7532ea2ef48b{ip: 192.168.157.222, host: pr-hdds-2131-5wjdl-3623002096, networkLocation: /default-rack, certSerialId: null} reports an CLOSED replica.
2019-10-22 01:06:51,516 [EventQueue-ContainerReportForContainerReportHandler] WARN  container.ContainerReportHandler (AbstractContainerReportHandler.java:updateContainerState(145)) - Container #1 is in OPEN state, but the datanode db7ea609-3ced-42df-bea1-3bd72610fc9e{ip: 192.168.157.222, host: pr-hdds-2131-5wjdl-3623002096, networkLocation: /default-rack, certSerialId: null} reports an CLOSED replica.
2019-10-22 01:06:51,620 [EventQueue-ContainerReportForContainerReportHandler] WARN  container.ContainerReportHandler (AbstractContainerReportHandler.java:updateContainerState(145)) - Container #1 is in OPEN state, but the datanode 3c326374-3547-416b-998e-7532ea2ef48b{ip: 192.168.157.222, host: pr-hdds-2131-5wjdl-3623002096, networkLocation: /default-rack, certSerialId: null} reports an CLOSED replica.
2019-10-22 01:06:51,790 [BlockDeletingService#2] WARN  background.BlockDeletingService (BlockDeletingService.java:isDeletionAllowed(187)) - Close Container log Index 6 is not replicated across allthe servers in the pipeline 2cbd8cfc-dfa6-4d43-b162-3c40ba09d40c as the min replicated index is 4. Deletion is not allowed in this container yet.
2019-10-22 01:06:51,790 [BlockDeletingService#2] WARN  background.BlockDeletingService (BlockDeletingService.java:isDeletionAllowed(187)) - Close Container log Index 6 is not replicated across allthe servers in the pipeline 2cbd8cfc-dfa6-4d43-b162-3c40ba09d40c as the min replicated index is 4. Deletion is not allowed in this container yet.
2019-10-22 01:06:51,816 [EventQueue-ContainerReportForContainerReportHandler] WARN  container.ContainerReportHandler (AbstractContainerReportHandler.java:updateContainerState(145)) - Container #1 is in OPEN state, but the datanode db7ea609-3ced-42df-bea1-3bd72610fc9e{ip: 192.168.157.222, host: pr-hdds-2131-5wjdl-3623002096, networkLocation: /default-rack, certSerialId: null} reports an CLOSED replica.
2019-10-22 01:06:51,920 [EventQueue-ContainerReportForContainerReportHandler] WARN  container.ContainerReportHandler (AbstractContainerReportHandler.java:updateContainerState(145)) - Container #1 is in OPEN state, but the datanode 3c326374-3547-416b-998e-7532ea2ef48b{ip: 192.168.157.222, host: pr-hdds-2131-5wjdl-3623002096, networkLocation: /default-rack, certSerialId: null} reports an CLOSED replica.
2019-10-22 01:06:52,117 [EventQueue-ContainerReportForContainerReportHandler] WARN  container.ContainerReportHandler (AbstractContainerReportHandler.java:updateContainerState(145)) - Container #1 is in OPEN state, but the datanode db7ea609-3ced-42df-bea1-3bd72610fc9e{ip: 192.168.157.222, host: pr-hdds-2131-5wjdl-3623002096, networkLocation: /default-rack, certSerialId: null} reports an CLOSED replica.
2019-10-22 01:06:52,221 [EventQueue-ContainerReportForContainerReportHandler] WARN  container.ContainerReportHandler (AbstractContainerReportHandler.java:updateContainerState(145)) - Container #1 is in OPEN state, but the datanode 3c326374-3547-416b-998e-7532ea2ef48b{ip: 192.168.157.222, host: pr-hdds-2131-5wjdl-3623002096, networkLocation: /default-rack, certSerialId: null} reports an CLOSED replica.
2019-10-22 01:06:52,516 [EventQueue-ContainerReportForContainerReportHandler] WARN  container.ContainerReportHandler (AbstractContainerReportHandler.java:updateContainerState(145)) - Container #1 is in OPEN state, but the datanode db7ea609-3ced-42df-bea1-3bd72610fc9e{ip: 192.168.157.222, host: pr-hdds-2131-5wjdl-3623002096, networkLocation: /default-rack, certSerialId: null} reports an CLOSED replica.
2019-10-22 01:06:52,523 [java.util.concurrent.ThreadPoolExecutor$Worker@3c30b846[State = -1, empty queue]] WARN  server.GrpcLogAppender (GrpcLogAppender.java:timeoutAppendRequest(209)) - 3c326374-3547-416b-998e-7532ea2ef48b@group-3C40BA09D40C->961c004b-2cdf-4092-9b5c-36f8bd0f140b-GrpcLogAppender: appendEntries Timeout, request=3c326374-3547-416b-998e-7532ea2ef48b->961c004b-2cdf-4092-9b5c-36f8bd0f140b#39-t5, previous=(t:5, i:10), leaderCommit=10, initializing? false, entries: <empty>
2019-10-22 01:06:52,622 [EventQueue-ContainerReportForContainerReportHandler] WARN  container.ContainerReportHandler (AbstractContainerReportHandler.java:updateContainerState(145)) - Container #1 is in OPEN state, but the datanode 3c326374-3547-416b-998e-7532ea2ef48b{ip: 192.168.157.222, host: pr-hdds-2131-5wjdl-3623002096, networkLocation: /default-rack, certSerialId: null} reports an CLOSED replica.
2019-10-22 01:06:52,716 [EventQueue-ContainerReportForContainerReportHandler] WARN  container.ContainerReportHandler (AbstractContainerReportHandler.java:updateContainerState(145)) - Container #1 is in OPEN state, but the datanode db7ea609-3ced-42df-bea1-3bd72610fc9e{ip: 192.168.157.222, host: pr-hdds-2131-5wjdl-3623002096, networkLocation: /default-rack, certSerialId: null} reports an CLOSED replica.
2019-10-22 01:06:52,791 [BlockDeletingService#2] WARN  background.BlockDeletingService (BlockDeletingService.java:isDeletionAllowed(187)) - Close Container log Index 6 is not replicated across allthe servers in the pipeline 2cbd8cfc-dfa6-4d43-b162-3c40ba09d40c as the min replicated index is 4. Deletion is not allowed in this container yet.
2019-10-22 01:06:52,791 [BlockDeletingService#2] WARN  background.BlockDeletingService (BlockDeletingService.java:isDeletionAllowed(187)) - Close Container log Index 6 is not replicated across allthe servers in the pipeline 2cbd8cfc-dfa6-4d43-b162-3c40ba09d40c as the min replicated index is 4. Deletion is not allowed in this container yet.
2019-10-22 01:06:52,822 [EventQueue-ContainerReportForContainerReportHandler] WARN  container.ContainerReportHandler (AbstractContainerReportHandler.java:updateContainerState(145)) - Container #1 is in OPEN state, but the datanode 3c326374-3547-416b-998e-7532ea2ef48b{ip: 192.168.157.222, host: pr-hdds-2131-5wjdl-3623002096, networkLocation: /default-rack, certSerialId: null} reports an CLOSED replica.
2019-10-22 01:06:53,117 [EventQueue-ContainerReportForContainerReportHandler] WARN  container.ContainerReportHandler (AbstractContainerReportHandler.java:updateContainerState(145)) - Container #1 is in OPEN state, but the datanode db7ea609-3ced-42df-bea1-3bd72610fc9e{ip: 192.168.157.222, host: pr-hdds-2131-5wjdl-3623002096, networkLocation: /default-rack, certSerialId: null} reports an CLOSED replica.
2019-10-22 01:06:53,122 [EventQueue-ContainerReportForContainerReportHandler] WARN  container.ContainerReportHandler (AbstractContainerReportHandler.java:updateContainerState(145)) - Container #1 is in OPEN state, but the datanode 3c326374-3547-416b-998e-7532ea2ef48b{ip: 192.168.157.222, host: pr-hdds-2131-5wjdl-3623002096, networkLocation: /default-rack, certSerialId: null} reports an CLOSED replica.
2019-10-22 01:06:53,322 [EventQueue-ContainerReportForContainerReportHandler] WARN  container.ContainerReportHandler (AbstractContainerReportHandler.java:updateContainerState(145)) - Container #1 is in OPEN state, but the datanode 3c326374-3547-416b-998e-7532ea2ef48b{ip: 192.168.157.222, host: pr-hdds-2131-5wjdl-3623002096, networkLocation: /default-rack, certSerialId: null} reports an CLOSED replica.
2019-10-22 01:06:53,419 [EventQueue-ContainerReportForContainerReportHandler] WARN  container.ContainerReportHandler (AbstractContainerReportHandler.java:updateContainerState(145)) - Container #1 is in OPEN state, but the datanode db7ea609-3ced-42df-bea1-3bd72610fc9e{ip: 192.168.157.222, host: pr-hdds-2131-5wjdl-3623002096, networkLocation: /default-rack, certSerialId: null} reports an CLOSED replica.
2019-10-22 01:06:53,622 [EventQueue-ContainerReportForContainerReportHandler] WARN  container.ContainerReportHandler (AbstractContainerReportHandler.java:updateContainerState(145)) - Container #1 is in OPEN state, but the datanode 3c326374-3547-416b-998e-7532ea2ef48b{ip: 192.168.157.222, host: pr-hdds-2131-5wjdl-3623002096, networkLocation: /default-rack, certSerialId: null} reports an CLOSED replica.
2019-10-22 01:06:53,794 [BlockDeletingService#2] WARN  background.BlockDeletingService (BlockDeletingService.java:isDeletionAllowed(187)) - Close Container log Index 6 is not replicated across allthe servers in the pipeline 2cbd8cfc-dfa6-4d43-b162-3c40ba09d40c as the min replicated index is 4. Deletion is not allowed in this container yet.
2019-10-22 01:06:53,794 [BlockDeletingService#2] WARN  background.BlockDeletingService (BlockDeletingService.java:isDeletionAllowed(187)) - Close Container log Index 6 is not replicated across allthe servers in the pipeline 2cbd8cfc-dfa6-4d43-b162-3c40ba09d40c as the min replicated index is 4. Deletion is not allowed in this container yet.
2019-10-22 01:06:53,818 [EventQueue-ContainerReportForContainerReportHandler] WARN  container.ContainerReportHandler (AbstractContainerReportHandler.java:updateContainerState(145)) - Container #1 is in OPEN state, but the datanode db7ea609-3ced-42df-bea1-3bd72610fc9e{ip: 192.168.157.222, host: pr-hdds-2131-5wjdl-3623002096, networkLocation: /default-rack, certSerialId: null} reports an CLOSED replica.
2019-10-22 01:06:53,822 [EventQueue-ContainerReportForContainerReportHandler] WARN  container.ContainerReportHandler (AbstractContainerReportHandler.java:updateContainerState(145)) - Container #1 is in OPEN state, but the datanode 3c326374-3547-416b-998e-7532ea2ef48b{ip: 192.168.157.222, host: pr-hdds-2131-5wjdl-3623002096, networkLocation: /default-rack, certSerialId: null} reports an CLOSED replica.
2019-10-22 01:06:54,120 [EventQueue-ContainerReportForContainerReportHandler] WARN  container.ContainerReportHandler (AbstractContainerReportHandler.java:updateContainerState(145)) - Container #1 is in OPEN state, but the datanode db7ea609-3ced-42df-bea1-3bd72610fc9e{ip: 192.168.157.222, host: pr-hdds-2131-5wjdl-3623002096, networkLocation: /default-rack, certSerialId: null} reports an CLOSED replica.
2019-10-22 01:06:54,123 [EventQueue-ContainerReportForContainerReportHandler] WARN  container.ContainerReportHandler (AbstractContainerReportHandler.java:updateContainerState(145)) - Container #1 is in OPEN state, but the datanode 3c326374-3547-416b-998e-7532ea2ef48b{ip: 192.168.157.222, host: pr-hdds-2131-5wjdl-3623002096, networkLocation: /default-rack, certSerialId: null} reports an CLOSED replica.
2019-10-22 01:06:54,323 [EventQueue-ContainerReportForContainerReportHandler] WARN  container.ContainerReportHandler (AbstractContainerReportHandler.java:updateContainerState(145)) - Container #1 is in OPEN state, but the datanode 3c326374-3547-416b-998e-7532ea2ef48b{ip: 192.168.157.222, host: pr-hdds-2131-5wjdl-3623002096, networkLocation: /default-rack, certSerialId: null} reports an CLOSED replica.
2019-10-22 01:06:54,419 [EventQueue-ContainerReportForContainerReportHandler] WARN  container.ContainerReportHandler (AbstractContainerReportHandler.java:updateContainerState(145)) - Container #1 is in OPEN state, but the datanode db7ea609-3ced-42df-bea1-3bd72610fc9e{ip: 192.168.157.222, host: pr-hdds-2131-5wjdl-3623002096, networkLocation: /default-rack, certSerialId: null} reports an CLOSED replica.
2019-10-22 01:06:54,623 [EventQueue-ContainerReportForContainerReportHandler] WARN  container.ContainerReportHandler (AbstractContainerReportHandler.java:updateContainerState(145)) - Container #1 is in OPEN state, but the datanode 3c326374-3547-416b-998e-7532ea2ef48b{ip: 192.168.157.222, host: pr-hdds-2131-5wjdl-3623002096, networkLocation: /default-rack, certSerialId: null} reports an CLOSED replica.
2019-10-22 01:06:54,796 [BlockDeletingService#2] WARN  background.BlockDeletingService (BlockDeletingService.java:isDeletionAllowed(187)) - Close Container log Index 6 is not replicated across allthe servers in the pipeline 2cbd8cfc-dfa6-4d43-b162-3c40ba09d40c as the min replicated index is 4. Deletion is not allowed in this container yet.
2019-10-22 01:06:54,796 [BlockDeletingService#2] WARN  background.BlockDeletingService (BlockDeletingService.java:isDeletionAllowed(187)) - Close Container log Index 6 is not replicated across allthe servers in the pipeline 2cbd8cfc-dfa6-4d43-b162-3c40ba09d40c as the min replicated index is 4. Deletion is not allowed in this container yet.
2019-10-22 01:06:54,818 [EventQueue-ContainerReportForContainerReportHandler] WARN  container.ContainerReportHandler (AbstractContainerReportHandler.java:updateContainerState(145)) - Container #1 is in OPEN state, but the datanode db7ea609-3ced-42df-bea1-3bd72610fc9e{ip: 192.168.157.222, host: pr-hdds-2131-5wjdl-3623002096, networkLocation: /default-rack, certSerialId: null} reports an CLOSED replica.
2019-10-22 01:06:54,822 [EventQueue-ContainerReportForContainerReportHandler] WARN  container.ContainerReportHandler (AbstractContainerReportHandler.java:updateContainerState(145)) - Container #1 is in OPEN state, but the datanode 3c326374-3547-416b-998e-7532ea2ef48b{ip: 192.168.157.222, host: pr-hdds-2131-5wjdl-3623002096, networkLocation: /default-rack, certSerialId: null} reports an CLOSED replica.
2019-10-22 01:06:55,024 [java.util.concurrent.ThreadPoolExecutor$Worker@3c30b846[State = -1, empty queue]] WARN  server.GrpcLogAppender (GrpcLogAppender.java:timeoutAppendRequest(209)) - 3c326374-3547-416b-998e-7532ea2ef48b@group-3C40BA09D40C->961c004b-2cdf-4092-9b5c-36f8bd0f140b-GrpcLogAppender: appendEntries Timeout, request=3c326374-3547-416b-998e-7532ea2ef48b->961c004b-2cdf-4092-9b5c-36f8bd0f140b#40-t5, previous=(t:5, i:10), leaderCommit=10, initializing? false, entries: <empty>
2019-10-22 01:06:55,122 [EventQueue-ContainerReportForContainerReportHandler] WARN  container.ContainerReportHandler (AbstractContainerReportHandler.java:updateContainerState(145)) - Container #1 is in OPEN state, but the datanode 3c326374-3547-416b-998e-7532ea2ef48b{ip: 192.168.157.222, host: pr-hdds-2131-5wjdl-3623002096, networkLocation: /default-rack, certSerialId: null} reports an CLOSED replica.
2019-10-22 01:06:55,219 [EventQueue-ContainerReportForContainerReportHandler] WARN  container.ContainerReportHandler (AbstractContainerReportHandler.java:updateContainerState(145)) - Container #1 is in OPEN state, but the datanode db7ea609-3ced-42df-bea1-3bd72610fc9e{ip: 192.168.157.222, host: pr-hdds-2131-5wjdl-3623002096, networkLocation: /default-rack, certSerialId: null} reports an CLOSED replica.
2019-10-22 01:06:55,423 [EventQueue-ContainerReportForContainerReportHandler] WARN  container.ContainerReportHandler (AbstractContainerReportHandler.java:updateContainerState(145)) - Container #1 is in OPEN state, but the datanode 3c326374-3547-416b-998e-7532ea2ef48b{ip: 192.168.157.222, host: pr-hdds-2131-5wjdl-3623002096, networkLocation: /default-rack, certSerialId: null} reports an CLOSED replica.
2019-10-22 01:06:55,619 [EventQueue-ContainerReportForContainerReportHandler] WARN  container.ContainerReportHandler (AbstractContainerReportHandler.java:updateContainerState(145)) - Container #1 is in OPEN state, but the datanode db7ea609-3ced-42df-bea1-3bd72610fc9e{ip: 192.168.157.222, host: pr-hdds-2131-5wjdl-3623002096, networkLocation: /default-rack, certSerialId: null} reports an CLOSED replica.
2019-10-22 01:06:55,722 [EventQueue-ContainerReportForContainerReportHandler] WARN  container.ContainerReportHandler (AbstractContainerReportHandler.java:updateContainerState(145)) - Container #1 is in OPEN state, but the datanode 3c326374-3547-416b-998e-7532ea2ef48b{ip: 192.168.157.222, host: pr-hdds-2131-5wjdl-3623002096, networkLocation: /default-rack, certSerialId: null} reports an CLOSED replica.
2019-10-22 01:06:55,798 [BlockDeletingService#2] WARN  background.BlockDeletingService (BlockDeletingService.java:isDeletionAllowed(187)) - Close Container log Index 6 is not replicated across allthe servers in the pipeline 2cbd8cfc-dfa6-4d43-b162-3c40ba09d40c as the min replicated index is 4. Deletion is not allowed in this container yet.
2019-10-22 01:06:55,798 [BlockDeletingService#2] WARN  background.BlockDeletingService (BlockDeletingService.java:isDeletionAllowed(187)) - Close Container log Index 6 is not replicated across allthe servers in the pipeline 2cbd8cfc-dfa6-4d43-b162-3c40ba09d40c as the min replicated index is 4. Deletion is not allowed in this container yet.
2019-10-22 01:06:56,019 [EventQueue-ContainerReportForContainerReportHandler] WARN  container.ContainerReportHandler (AbstractContainerReportHandler.java:updateContainerState(145)) - Container #1 is in OPEN state, but the datanode db7ea609-3ced-42df-bea1-3bd72610fc9e{ip: 192.168.157.222, host: pr-hdds-2131-5wjdl-3623002096, networkLocation: /default-rack, certSerialId: null} reports an CLOSED replica.
2019-10-22 01:06:56,022 [EventQueue-ContainerReportForContainerReportHandler] WARN  container.ContainerReportHandler (AbstractContainerReportHandler.java:updateContainerState(145)) - Container #1 is in OPEN state, but the datanode 3c326374-3547-416b-998e-7532ea2ef48b{ip: 192.168.157.222, host: pr-hdds-2131-5wjdl-3623002096, networkLocation: /default-rack, certSerialId: null} reports an CLOSED replica.
2019-10-22 01:06:56,323 [EventQueue-ContainerReportForContainerReportHandler] WARN  container.ContainerReportHandler (AbstractContainerReportHandler.java:updateContainerState(145)) - Container #1 is in OPEN state, but the datanode 3c326374-3547-416b-998e-7532ea2ef48b{ip: 192.168.157.222, host: pr-hdds-2131-5wjdl-3623002096, networkLocation: /default-rack, certSerialId: null} reports an CLOSED replica.
2019-10-22 01:06:56,419 [EventQueue-ContainerReportForContainerReportHandler] WARN  container.ContainerReportHandler (AbstractContainerReportHandler.java:updateContainerState(145)) - Container #1 is in OPEN state, but the datanode db7ea609-3ced-42df-bea1-3bd72610fc9e{ip: 192.168.157.222, host: pr-hdds-2131-5wjdl-3623002096, networkLocation: /default-rack, certSerialId: null} reports an CLOSED replica.
2019-10-22 01:06:56,719 [EventQueue-ContainerReportForContainerReportHandler] WARN  container.ContainerReportHandler (AbstractContainerReportHandler.java:updateContainerState(145)) - Container #1 is in OPEN state, but the datanode db7ea609-3ced-42df-bea1-3bd72610fc9e{ip: 192.168.157.222, host: pr-hdds-2131-5wjdl-3623002096, networkLocation: /default-rack, certSerialId: null} reports an CLOSED replica.
2019-10-22 01:06:56,723 [EventQueue-ContainerReportForContainerReportHandler] WARN  container.ContainerReportHandler (AbstractContainerReportHandler.java:updateContainerState(145)) - Container #1 is in OPEN state, but the datanode 3c326374-3547-416b-998e-7532ea2ef48b{ip: 192.168.157.222, host: pr-hdds-2131-5wjdl-3623002096, networkLocation: /default-rack, certSerialId: null} reports an CLOSED replica.
2019-10-22 01:06:56,799 [BlockDeletingService#2] WARN  background.BlockDeletingService (BlockDeletingService.java:isDeletionAllowed(187)) - Close Container log Index 6 is not replicated across allthe servers in the pipeline 2cbd8cfc-dfa6-4d43-b162-3c40ba09d40c as the min replicated index is 4. Deletion is not allowed in this container yet.
2019-10-22 01:06:56,799 [BlockDeletingService#2] WARN  background.BlockDeletingService (BlockDeletingService.java:isDeletionAllowed(187)) - Close Container log Index 6 is not replicated across allthe servers in the pipeline 2cbd8cfc-dfa6-4d43-b162-3c40ba09d40c as the min replicated index is 4. Deletion is not allowed in this container yet.
2019-10-22 01:06:57,121 [EventQueue-ContainerReportForContainerReportHandler] WARN  container.ContainerReportHandler (AbstractContainerReportHandler.java:updateContainerState(145)) - Container #1 is in OPEN state, but the datanode db7ea609-3ced-42df-bea1-3bd72610fc9e{ip: 192.168.157.222, host: pr-hdds-2131-5wjdl-3623002096, networkLocation: /default-rack, certSerialId: null} reports an CLOSED replica.
2019-10-22 01:06:57,123 [EventQueue-ContainerReportForContainerReportHandler] WARN  container.ContainerReportHandler (AbstractContainerReportHandler.java:updateContainerState(145)) - Container #1 is in OPEN state, but the datanode 3c326374-3547-416b-998e-7532ea2ef48b{ip: 192.168.157.222, host: pr-hdds-2131-5wjdl-3623002096, networkLocation: /default-rack, certSerialId: null} reports an CLOSED replica.
2019-10-22 01:06:57,324 [EventQueue-ContainerReportForContainerReportHandler] WARN  container.ContainerReportHandler (AbstractContainerReportHandler.java:updateContainerState(145)) - Container #1 is in OPEN state, but the datanode 3c326374-3547-416b-998e-7532ea2ef48b{ip: 192.168.157.222, host: pr-hdds-2131-5wjdl-3623002096, networkLocation: /default-rack, certSerialId: null} reports an CLOSED replica.
2019-10-22 01:06:57,422 [EventQueue-ContainerReportForContainerReportHandler] WARN  container.ContainerReportHandler (AbstractContainerReportHandler.java:updateContainerState(145)) - Container #1 is in OPEN state, but the datanode db7ea609-3ced-42df-bea1-3bd72610fc9e{ip: 192.168.157.222, host: pr-hdds-2131-5wjdl-3623002096, networkLocation: /default-rack, certSerialId: null} reports an CLOSED replica.
2019-10-22 01:06:57,527 [java.util.concurrent.ThreadPoolExecutor$Worker@3c30b846[State = -1, empty queue]] WARN  server.GrpcLogAppender (GrpcLogAppender.java:timeoutAppendRequest(209)) - 3c326374-3547-416b-998e-7532ea2ef48b@group-3C40BA09D40C->961c004b-2cdf-4092-9b5c-36f8bd0f140b-GrpcLogAppender: appendEntries Timeout, request=3c326374-3547-416b-998e-7532ea2ef48b->961c004b-2cdf-4092-9b5c-36f8bd0f140b#41-t5, previous=(t:5, i:10), leaderCommit=10, initializing? false, entries: <empty>
2019-10-22 01:06:57,621 [EventQueue-ContainerReportForContainerReportHandler] WARN  container.ContainerReportHandler (AbstractContainerReportHandler.java:updateContainerState(145)) - Container #1 is in OPEN state, but the datanode db7ea609-3ced-42df-bea1-3bd72610fc9e{ip: 192.168.157.222, host: pr-hdds-2131-5wjdl-3623002096, networkLocation: /default-rack, certSerialId: null} reports an CLOSED replica.
2019-10-22 01:06:57,624 [EventQueue-ContainerReportForContainerReportHandler] WARN  container.ContainerReportHandler (AbstractContainerReportHandler.java:updateContainerState(145)) - Container #1 is in OPEN state, but the datanode 3c326374-3547-416b-998e-7532ea2ef48b{ip: 192.168.157.222, host: pr-hdds-2131-5wjdl-3623002096, networkLocation: /default-rack, certSerialId: null} reports an CLOSED replica.
2019-10-22 01:06:57,801 [BlockDeletingService#2] WARN  background.BlockDeletingService (BlockDeletingService.java:isDeletionAllowed(187)) - Close Container log Index 6 is not replicated across allthe servers in the pipeline 2cbd8cfc-dfa6-4d43-b162-3c40ba09d40c as the min replicated index is 4. Deletion is not allowed in this container yet.
2019-10-22 01:06:57,801 [BlockDeletingService#2] WARN  background.BlockDeletingService (BlockDeletingService.java:isDeletionAllowed(187)) - Close Container log Index 6 is not replicated across allthe servers in the pipeline 2cbd8cfc-dfa6-4d43-b162-3c40ba09d40c as the min replicated index is 4. Deletion is not allowed in this container yet.
2019-10-22 01:06:58,021 [EventQueue-ContainerReportForContainerReportHandler] WARN  container.ContainerReportHandler (AbstractContainerReportHandler.java:updateContainerState(145)) - Container #1 is in OPEN state, but the datanode db7ea609-3ced-42df-bea1-3bd72610fc9e{ip: 192.168.157.222, host: pr-hdds-2131-5wjdl-3623002096, networkLocation: /default-rack, certSerialId: null} reports an CLOSED replica.
2019-10-22 01:06:58,024 [EventQueue-ContainerReportForContainerReportHandler] WARN  container.ContainerReportHandler (AbstractContainerReportHandler.java:updateContainerState(145)) - Container #1 is in OPEN state, but the datanode 3c326374-3547-416b-998e-7532ea2ef48b{ip: 192.168.157.222, host: pr-hdds-2131-5wjdl-3623002096, networkLocation: /default-rack, certSerialId: null} reports an CLOSED replica.
2019-10-22 01:06:58,224 [EventQueue-ContainerReportForContainerReportHandler] WARN  container.ContainerReportHandler (AbstractContainerReportHandler.java:updateContainerState(145)) - Container #1 is in OPEN state, but the datanode 3c326374-3547-416b-998e-7532ea2ef48b{ip: 192.168.157.222, host: pr-hdds-2131-5wjdl-3623002096, networkLocation: /default-rack, certSerialId: null} reports an CLOSED replica.
2019-10-22 01:06:58,321 [EventQueue-ContainerReportForContainerReportHandler] WARN  container.ContainerReportHandler (AbstractContainerReportHandler.java:updateContainerState(145)) - Container #1 is in OPEN state, but the datanode db7ea609-3ced-42df-bea1-3bd72610fc9e{ip: 192.168.157.222, host: pr-hdds-2131-5wjdl-3623002096, networkLocation: /default-rack, certSerialId: null} reports an CLOSED replica.
2019-10-22 01:06:58,524 [EventQueue-ContainerReportForContainerReportHandler] WARN  container.ContainerReportHandler (AbstractContainerReportHandler.java:updateContainerState(145)) - Container #1 is in OPEN state, but the datanode 3c326374-3547-416b-998e-7532ea2ef48b{ip: 192.168.157.222, host: pr-hdds-2131-5wjdl-3623002096, networkLocation: /default-rack, certSerialId: null} reports an CLOSED replica.
2019-10-22 01:06:58,622 [EventQueue-ContainerReportForContainerReportHandler] WARN  container.ContainerReportHandler (AbstractContainerReportHandler.java:updateContainerState(145)) - Container #1 is in OPEN state, but the datanode db7ea609-3ced-42df-bea1-3bd72610fc9e{ip: 192.168.157.222, host: pr-hdds-2131-5wjdl-3623002096, networkLocation: /default-rack, certSerialId: null} reports an CLOSED replica.
2019-10-22 01:06:58,700 [Thread-474] INFO  client.GrpcClientProtocolService (GrpcClientProtocolService.java:lambda$processClientRequest$0(278)) - Failed RaftClientRequest:client-266370AF2C40->db7ea609-3ced-42df-bea1-3bd72610fc9e@group-3C40BA09D40C, cid=10, seq=0, Watch-ALL_COMMITTED(6), Message:<EMPTY>, reply=RaftClientReply:client-266370AF2C40->db7ea609-3ced-42df-bea1-3bd72610fc9e@group-3C40BA09D40C, cid=10, FAILED org.apache.ratis.protocol.NotLeaderException: Server db7ea609-3ced-42df-bea1-3bd72610fc9e@group-3C40BA09D40C is not the leader 3c326374-3547-416b-998e-7532ea2ef48b:192.168.157.222:44132, logIndex=0, commits[db7ea609-3ced-42df-bea1-3bd72610fc9e:c10, 961c004b-2cdf-4092-9b5c-36f8bd0f140b:c4, 3c326374-3547-416b-998e-7532ea2ef48b:c10]
2019-10-22 01:06:58,802 [BlockDeletingService#2] WARN  background.BlockDeletingService (BlockDeletingService.java:isDeletionAllowed(187)) - Close Container log Index 6 is not replicated across allthe servers in the pipeline 2cbd8cfc-dfa6-4d43-b162-3c40ba09d40c as the min replicated index is 4. Deletion is not allowed in this container yet.
2019-10-22 01:06:58,802 [BlockDeletingService#2] WARN  background.BlockDeletingService (BlockDeletingService.java:isDeletionAllowed(187)) - Close Container log Index 6 is not replicated across allthe servers in the pipeline 2cbd8cfc-dfa6-4d43-b162-3c40ba09d40c as the min replicated index is 4. Deletion is not allowed in this container yet.
2019-10-22 01:06:58,822 [EventQueue-ContainerReportForContainerReportHandler] WARN  container.ContainerReportHandler (AbstractContainerReportHandler.java:updateContainerState(145)) - Container #1 is in OPEN state, but the datanode db7ea609-3ced-42df-bea1-3bd72610fc9e{ip: 192.168.157.222, host: pr-hdds-2131-5wjdl-3623002096, networkLocation: /default-rack, certSerialId: null} reports an CLOSED replica.
2019-10-22 01:06:58,824 [EventQueue-ContainerReportForContainerReportHandler] WARN  container.ContainerReportHandler (AbstractContainerReportHandler.java:updateContainerState(145)) - Container #1 is in OPEN state, but the datanode 3c326374-3547-416b-998e-7532ea2ef48b{ip: 192.168.157.222, host: pr-hdds-2131-5wjdl-3623002096, networkLocation: /default-rack, certSerialId: null} reports an CLOSED replica.
2019-10-22 01:06:59,122 [EventQueue-ContainerReportForContainerReportHandler] WARN  container.ContainerReportHandler (AbstractContainerReportHandler.java:updateContainerState(145)) - Container #1 is in OPEN state, but the datanode db7ea609-3ced-42df-bea1-3bd72610fc9e{ip: 192.168.157.222, host: pr-hdds-2131-5wjdl-3623002096, networkLocation: /default-rack, certSerialId: null} reports an CLOSED replica.
2019-10-22 01:06:59,124 [EventQueue-ContainerReportForContainerReportHandler] WARN  container.ContainerReportHandler (AbstractContainerReportHandler.java:updateContainerState(145)) - Container #1 is in OPEN state, but the datanode 3c326374-3547-416b-998e-7532ea2ef48b{ip: 192.168.157.222, host: pr-hdds-2131-5wjdl-3623002096, networkLocation: /default-rack, certSerialId: null} reports an CLOSED replica.
2019-10-22 01:06:59,325 [EventQueue-ContainerReportForContainerReportHandler] WARN  container.ContainerReportHandler (AbstractContainerReportHandler.java:updateContainerState(145)) - Container #1 is in OPEN state, but the datanode 3c326374-3547-416b-998e-7532ea2ef48b{ip: 192.168.157.222, host: pr-hdds-2131-5wjdl-3623002096, networkLocation: /default-rack, certSerialId: null} reports an CLOSED replica.
2019-10-22 01:06:59,523 [EventQueue-ContainerReportForContainerReportHandler] WARN  container.ContainerReportHandler (AbstractContainerReportHandler.java:updateContainerState(145)) - Container #1 is in OPEN state, but the datanode db7ea609-3ced-42df-bea1-3bd72610fc9e{ip: 192.168.157.222, host: pr-hdds-2131-5wjdl-3623002096, networkLocation: /default-rack, certSerialId: null} reports an CLOSED replica.
2019-10-22 01:06:59,584 [Thread-479] INFO  client.GrpcClientProtocolService (GrpcClientProtocolService.java:lambda$processClientRequest$0(278)) - Failed RaftClientRequest:client-266370AF2C40->3c326374-3547-416b-998e-7532ea2ef48b@group-3C40BA09D40C, cid=10, seq=0, Watch-ALL_COMMITTED(6), Message:<EMPTY>, reply=RaftClientReply:client-266370AF2C40->3c326374-3547-416b-998e-7532ea2ef48b@group-3C40BA09D40C, cid=10, FAILED org.apache.ratis.protocol.NotReplicatedException: Request with call Id 10 and log index 6 is not yet replicated to ALL_COMMITTED, logIndex=6, commits[3c326374-3547-416b-998e-7532ea2ef48b:c10, db7ea609-3ced-42df-bea1-3bd72610fc9e:c10, 961c004b-2cdf-4092-9b5c-36f8bd0f140b:c4]
2019-10-22 01:06:59,724 [EventQueue-ContainerReportForContainerReportHandler] WARN  container.ContainerReportHandler (AbstractContainerReportHandler.java:updateContainerState(145)) - Container #1 is in OPEN state, but the datanode db7ea609-3ced-42df-bea1-3bd72610fc9e{ip: 192.168.157.222, host: pr-hdds-2131-5wjdl-3623002096, networkLocation: /default-rack, certSerialId: null} reports an CLOSED replica.
2019-10-22 01:06:59,725 [EventQueue-ContainerReportForContainerReportHandler] WARN  container.ContainerReportHandler (AbstractContainerReportHandler.java:updateContainerState(145)) - Container #1 is in OPEN state, but the datanode 3c326374-3547-416b-998e-7532ea2ef48b{ip: 192.168.157.222, host: pr-hdds-2131-5wjdl-3623002096, networkLocation: /default-rack, certSerialId: null} reports an CLOSED replica.
2019-10-22 01:06:59,803 [BlockDeletingService#2] WARN  background.BlockDeletingService (BlockDeletingService.java:isDeletionAllowed(187)) - Close Container log Index 6 is not replicated across allthe servers in the pipeline 2cbd8cfc-dfa6-4d43-b162-3c40ba09d40c as the min replicated index is 4. Deletion is not allowed in this container yet.
2019-10-22 01:06:59,805 [BlockDeletingService#2] WARN  background.BlockDeletingService (BlockDeletingService.java:isDeletionAllowed(187)) - Close Container log Index 6 is not replicated across allthe servers in the pipeline 2cbd8cfc-dfa6-4d43-b162-3c40ba09d40c as the min replicated index is 4. Deletion is not allowed in this container yet.
2019-10-22 01:07:00,024 [EventQueue-ContainerReportForContainerReportHandler] WARN  container.ContainerReportHandler (AbstractContainerReportHandler.java:updateContainerState(145)) - Container #1 is in OPEN state, but the datanode db7ea609-3ced-42df-bea1-3bd72610fc9e{ip: 192.168.157.222, host: pr-hdds-2131-5wjdl-3623002096, networkLocation: /default-rack, certSerialId: null} reports an CLOSED replica.
2019-10-22 01:07:00,026 [EventQueue-ContainerReportForContainerReportHandler] WARN  container.ContainerReportHandler (AbstractContainerReportHandler.java:updateContainerState(145)) - Container #1 is in OPEN state, but the datanode 3c326374-3547-416b-998e-7532ea2ef48b{ip: 192.168.157.222, host: pr-hdds-2131-5wjdl-3623002096, networkLocation: /default-rack, certSerialId: null} reports an CLOSED replica.
2019-10-22 01:07:00,028 [java.util.concurrent.ThreadPoolExecutor$Worker@3c30b846[State = -1, empty queue]] WARN  server.GrpcLogAppender (GrpcLogAppender.java:timeoutAppendRequest(209)) - 3c326374-3547-416b-998e-7532ea2ef48b@group-3C40BA09D40C->961c004b-2cdf-4092-9b5c-36f8bd0f140b-GrpcLogAppender: appendEntries Timeout, request=3c326374-3547-416b-998e-7532ea2ef48b->961c004b-2cdf-4092-9b5c-36f8bd0f140b#42-t5, previous=(t:5, i:10), leaderCommit=10, initializing? false, entries: <empty>
2019-10-22 01:07:00,326 [EventQueue-ContainerReportForContainerReportHandler] WARN  container.ContainerReportHandler (AbstractContainerReportHandler.java:updateContainerState(145)) - Container #1 is in OPEN state, but the datanode 3c326374-3547-416b-998e-7532ea2ef48b{ip: 192.168.157.222, host: pr-hdds-2131-5wjdl-3623002096, networkLocation: /default-rack, certSerialId: null} reports an CLOSED replica.
2019-10-22 01:07:00,425 [EventQueue-ContainerReportForContainerReportHandler] WARN  container.ContainerReportHandler (AbstractContainerReportHandler.java:updateContainerState(145)) - Container #1 is in OPEN state, but the datanode db7ea609-3ced-42df-bea1-3bd72610fc9e{ip: 192.168.157.222, host: pr-hdds-2131-5wjdl-3623002096, networkLocation: /default-rack, certSerialId: null} reports an CLOSED replica.
2019-10-22 01:07:00,725 [EventQueue-ContainerReportForContainerReportHandler] WARN  container.ContainerReportHandler (AbstractContainerReportHandler.java:updateContainerState(145)) - Container #1 is in OPEN state, but the datanode db7ea609-3ced-42df-bea1-3bd72610fc9e{ip: 192.168.157.222, host: pr-hdds-2131-5wjdl-3623002096, networkLocation: /default-rack, certSerialId: null} reports an CLOSED replica.
2019-10-22 01:07:00,726 [EventQueue-ContainerReportForContainerReportHandler] WARN  container.ContainerReportHandler (AbstractContainerReportHandler.java:updateContainerState(145)) - Container #1 is in OPEN state, but the datanode 3c326374-3547-416b-998e-7532ea2ef48b{ip: 192.168.157.222, host: pr-hdds-2131-5wjdl-3623002096, networkLocation: /default-rack, certSerialId: null} reports an CLOSED replica.
2019-10-22 01:07:00,807 [BlockDeletingService#2] WARN  background.BlockDeletingService (BlockDeletingService.java:isDeletionAllowed(187)) - Close Container log Index 6 is not replicated across allthe servers in the pipeline 2cbd8cfc-dfa6-4d43-b162-3c40ba09d40c as the min replicated index is 4. Deletion is not allowed in this container yet.
2019-10-22 01:07:00,807 [BlockDeletingService#2] WARN  background.BlockDeletingService (BlockDeletingService.java:isDeletionAllowed(187)) - Close Container log Index 6 is not replicated across allthe servers in the pipeline 2cbd8cfc-dfa6-4d43-b162-3c40ba09d40c as the min replicated index is 4. Deletion is not allowed in this container yet.
2019-10-22 01:07:00,925 [EventQueue-ContainerReportForContainerReportHandler] WARN  container.ContainerReportHandler (AbstractContainerReportHandler.java:updateContainerState(145)) - Container #1 is in OPEN state, but the datanode db7ea609-3ced-42df-bea1-3bd72610fc9e{ip: 192.168.157.222, host: pr-hdds-2131-5wjdl-3623002096, networkLocation: /default-rack, certSerialId: null} reports an CLOSED replica.
2019-10-22 01:07:01,027 [EventQueue-ContainerReportForContainerReportHandler] WARN  container.ContainerReportHandler (AbstractContainerReportHandler.java:updateContainerState(145)) - Container #1 is in OPEN state, but the datanode 3c326374-3547-416b-998e-7532ea2ef48b{ip: 192.168.157.222, host: pr-hdds-2131-5wjdl-3623002096, networkLocation: /default-rack, certSerialId: null} reports an CLOSED replica.
2019-10-22 01:07:01,225 [EventQueue-ContainerReportForContainerReportHandler] WARN  container.ContainerReportHandler (AbstractContainerReportHandler.java:updateContainerState(145)) - Container #1 is in OPEN state, but the datanode db7ea609-3ced-42df-bea1-3bd72610fc9e{ip: 192.168.157.222, host: pr-hdds-2131-5wjdl-3623002096, networkLocation: /default-rack, certSerialId: null} reports an CLOSED replica.
2019-10-22 01:07:01,227 [EventQueue-ContainerReportForContainerReportHandler] WARN  container.ContainerReportHandler (AbstractContainerReportHandler.java:updateContainerState(145)) - Container #1 is in OPEN state, but the datanode 3c326374-3547-416b-998e-7532ea2ef48b{ip: 192.168.157.222, host: pr-hdds-2131-5wjdl-3623002096, networkLocation: /default-rack, certSerialId: null} reports an CLOSED replica.
2019-10-22 01:07:01,525 [EventQueue-ContainerReportForContainerReportHandler] WARN  container.ContainerReportHandler (AbstractContainerReportHandler.java:updateContainerState(145)) - Container #1 is in OPEN state, but the datanode db7ea609-3ced-42df-bea1-3bd72610fc9e{ip: 192.168.157.222, host: pr-hdds-2131-5wjdl-3623002096, networkLocation: /default-rack, certSerialId: null} reports an CLOSED replica.
2019-10-22 01:07:01,629 [EventQueue-ContainerReportForContainerReportHandler] WARN  container.ContainerReportHandler (AbstractContainerReportHandler.java:updateContainerState(145)) - Container #1 is in OPEN state, but the datanode 3c326374-3547-416b-998e-7532ea2ef48b{ip: 192.168.157.222, host: pr-hdds-2131-5wjdl-3623002096, networkLocation: /default-rack, certSerialId: null} reports an CLOSED replica.
2019-10-22 01:07:01,808 [BlockDeletingService#2] WARN  background.BlockDeletingService (BlockDeletingService.java:isDeletionAllowed(187)) - Close Container log Index 6 is not replicated across allthe servers in the pipeline 2cbd8cfc-dfa6-4d43-b162-3c40ba09d40c as the min replicated index is 4. Deletion is not allowed in this container yet.
2019-10-22 01:07:01,808 [BlockDeletingService#2] WARN  background.BlockDeletingService (BlockDeletingService.java:isDeletionAllowed(187)) - Close Container log Index 6 is not replicated across allthe servers in the pipeline 2cbd8cfc-dfa6-4d43-b162-3c40ba09d40c as the min replicated index is 4. Deletion is not allowed in this container yet.
2019-10-22 01:07:01,826 [EventQueue-ContainerReportForContainerReportHandler] WARN  container.ContainerReportHandler (AbstractContainerReportHandler.java:updateContainerState(145)) - Container #1 is in OPEN state, but the datanode db7ea609-3ced-42df-bea1-3bd72610fc9e{ip: 192.168.157.222, host: pr-hdds-2131-5wjdl-3623002096, networkLocation: /default-rack, certSerialId: null} reports an CLOSED replica.
2019-10-22 01:07:02,030 [EventQueue-ContainerReportForContainerReportHandler] WARN  container.ContainerReportHandler (AbstractContainerReportHandler.java:updateContainerState(145)) - Container #1 is in OPEN state, but the datanode 3c326374-3547-416b-998e-7532ea2ef48b{ip: 192.168.157.222, host: pr-hdds-2131-5wjdl-3623002096, networkLocation: /default-rack, certSerialId: null} reports an CLOSED replica.
2019-10-22 01:07:02,227 [EventQueue-ContainerReportForContainerReportHandler] WARN  container.ContainerReportHandler (AbstractContainerReportHandler.java:updateContainerState(145)) - Container #1 is in OPEN state, but the datanode db7ea609-3ced-42df-bea1-3bd72610fc9e{ip: 192.168.157.222, host: pr-hdds-2131-5wjdl-3623002096, networkLocation: /default-rack, certSerialId: null} reports an CLOSED replica.
2019-10-22 01:07:02,329 [EventQueue-ContainerReportForContainerReportHandler] WARN  container.ContainerReportHandler (AbstractContainerReportHandler.java:updateContainerState(145)) - Container #1 is in OPEN state, but the datanode 3c326374-3547-416b-998e-7532ea2ef48b{ip: 192.168.157.222, host: pr-hdds-2131-5wjdl-3623002096, networkLocation: /default-rack, certSerialId: null} reports an CLOSED replica.
2019-10-22 01:07:02,427 [EventQueue-ContainerReportForContainerReportHandler] WARN  container.ContainerReportHandler (AbstractContainerReportHandler.java:updateContainerState(145)) - Container #1 is in OPEN state, but the datanode db7ea609-3ced-42df-bea1-3bd72610fc9e{ip: 192.168.157.222, host: pr-hdds-2131-5wjdl-3623002096, networkLocation: /default-rack, certSerialId: null} reports an CLOSED replica.
2019-10-22 01:07:02,529 [java.util.concurrent.ThreadPoolExecutor$Worker@3c30b846[State = -1, empty queue]] WARN  server.GrpcLogAppender (GrpcLogAppender.java:timeoutAppendRequest(209)) - 3c326374-3547-416b-998e-7532ea2ef48b@group-3C40BA09D40C->961c004b-2cdf-4092-9b5c-36f8bd0f140b-GrpcLogAppender: appendEntries Timeout, request=3c326374-3547-416b-998e-7532ea2ef48b->961c004b-2cdf-4092-9b5c-36f8bd0f140b#43-t5, previous=(t:5, i:10), leaderCommit=10, initializing? false, entries: <empty>
2019-10-22 01:07:02,529 [EventQueue-ContainerReportForContainerReportHandler] WARN  container.ContainerReportHandler (AbstractContainerReportHandler.java:updateContainerState(145)) - Container #1 is in OPEN state, but the datanode 3c326374-3547-416b-998e-7532ea2ef48b{ip: 192.168.157.222, host: pr-hdds-2131-5wjdl-3623002096, networkLocation: /default-rack, certSerialId: null} reports an CLOSED replica.
2019-10-22 01:07:02,727 [EventQueue-ContainerReportForContainerReportHandler] WARN  container.ContainerReportHandler (AbstractContainerReportHandler.java:updateContainerState(145)) - Container #1 is in OPEN state, but the datanode db7ea609-3ced-42df-bea1-3bd72610fc9e{ip: 192.168.157.222, host: pr-hdds-2131-5wjdl-3623002096, networkLocation: /default-rack, certSerialId: null} reports an CLOSED replica.
2019-10-22 01:07:02,809 [BlockDeletingService#2] WARN  background.BlockDeletingService (BlockDeletingService.java:isDeletionAllowed(187)) - Close Container log Index 6 is not replicated across allthe servers in the pipeline 2cbd8cfc-dfa6-4d43-b162-3c40ba09d40c as the min replicated index is 4. Deletion is not allowed in this container yet.
2019-10-22 01:07:02,810 [BlockDeletingService#2] WARN  background.BlockDeletingService (BlockDeletingService.java:isDeletionAllowed(187)) - Close Container log Index 6 is not replicated across allthe servers in the pipeline 2cbd8cfc-dfa6-4d43-b162-3c40ba09d40c as the min replicated index is 4. Deletion is not allowed in this container yet.
2019-10-22 01:07:02,829 [EventQueue-ContainerReportForContainerReportHandler] WARN  container.ContainerReportHandler (AbstractContainerReportHandler.java:updateContainerState(145)) - Container #1 is in OPEN state, but the datanode 3c326374-3547-416b-998e-7532ea2ef48b{ip: 192.168.157.222, host: pr-hdds-2131-5wjdl-3623002096, networkLocation: /default-rack, certSerialId: null} reports an CLOSED replica.
2019-10-22 01:07:03,129 [EventQueue-ContainerReportForContainerReportHandler] WARN  container.ContainerReportHandler (AbstractContainerReportHandler.java:updateContainerState(145)) - Container #1 is in OPEN state, but the datanode db7ea609-3ced-42df-bea1-3bd72610fc9e{ip: 192.168.157.222, host: pr-hdds-2131-5wjdl-3623002096, networkLocation: /default-rack, certSerialId: null} reports an CLOSED replica.
2019-10-22 01:07:03,130 [EventQueue-ContainerReportForContainerReportHandler] WARN  container.ContainerReportHandler (AbstractContainerReportHandler.java:updateContainerState(145)) - Container #1 is in OPEN state, but the datanode 3c326374-3547-416b-998e-7532ea2ef48b{ip: 192.168.157.222, host: pr-hdds-2131-5wjdl-3623002096, networkLocation: /default-rack, certSerialId: null} reports an CLOSED replica.
2019-10-22 01:07:03,429 [EventQueue-ContainerReportForContainerReportHandler] WARN  container.ContainerReportHandler (AbstractContainerReportHandler.java:updateContainerState(145)) - Container #1 is in OPEN state, but the datanode db7ea609-3ced-42df-bea1-3bd72610fc9e{ip: 192.168.157.222, host: pr-hdds-2131-5wjdl-3623002096, networkLocation: /default-rack, certSerialId: null} reports an CLOSED replica.
2019-10-22 01:07:03,530 [EventQueue-ContainerReportForContainerReportHandler] WARN  container.ContainerReportHandler (AbstractContainerReportHandler.java:updateContainerState(145)) - Container #1 is in OPEN state, but the datanode 3c326374-3547-416b-998e-7532ea2ef48b{ip: 192.168.157.222, host: pr-hdds-2131-5wjdl-3623002096, networkLocation: /default-rack, certSerialId: null} reports an CLOSED replica.
2019-10-22 01:07:03,810 [BlockDeletingService#2] WARN  background.BlockDeletingService (BlockDeletingService.java:isDeletionAllowed(187)) - Close Container log Index 6 is not replicated across allthe servers in the pipeline 2cbd8cfc-dfa6-4d43-b162-3c40ba09d40c as the min replicated index is 4. Deletion is not allowed in this container yet.
2019-10-22 01:07:03,811 [BlockDeletingService#2] WARN  background.BlockDeletingService (BlockDeletingService.java:isDeletionAllowed(187)) - Close Container log Index 6 is not replicated across allthe servers in the pipeline 2cbd8cfc-dfa6-4d43-b162-3c40ba09d40c as the min replicated index is 4. Deletion is not allowed in this container yet.
2019-10-22 01:07:03,829 [EventQueue-ContainerReportForContainerReportHandler] WARN  container.ContainerReportHandler (AbstractContainerReportHandler.java:updateContainerState(145)) - Container #1 is in OPEN state, but the datanode db7ea609-3ced-42df-bea1-3bd72610fc9e{ip: 192.168.157.222, host: pr-hdds-2131-5wjdl-3623002096, networkLocation: /default-rack, certSerialId: null} reports an CLOSED replica.
2019-10-22 01:07:03,830 [EventQueue-ContainerReportForContainerReportHandler] WARN  container.ContainerReportHandler (AbstractContainerReportHandler.java:updateContainerState(145)) - Container #1 is in OPEN state, but the datanode 3c326374-3547-416b-998e-7532ea2ef48b{ip: 192.168.157.222, host: pr-hdds-2131-5wjdl-3623002096, networkLocation: /default-rack, certSerialId: null} reports an CLOSED replica.
2019-10-22 01:07:04,030 [EventQueue-ContainerReportForContainerReportHandler] WARN  container.ContainerReportHandler (AbstractContainerReportHandler.java:updateContainerState(145)) - Container #1 is in OPEN state, but the datanode 3c326374-3547-416b-998e-7532ea2ef48b{ip: 192.168.157.222, host: pr-hdds-2131-5wjdl-3623002096, networkLocation: /default-rack, certSerialId: null} reports an CLOSED replica.
2019-10-22 01:07:04,130 [EventQueue-ContainerReportForContainerReportHandler] WARN  container.ContainerReportHandler (AbstractContainerReportHandler.java:updateContainerState(145)) - Container #1 is in OPEN state, but the datanode db7ea609-3ced-42df-bea1-3bd72610fc9e{ip: 192.168.157.222, host: pr-hdds-2131-5wjdl-3623002096, networkLocation: /default-rack, certSerialId: null} reports an CLOSED replica.
2019-10-22 01:07:04,330 [EventQueue-ContainerReportForContainerReportHandler] WARN  container.ContainerReportHandler (AbstractContainerReportHandler.java:updateContainerState(145)) - Container #1 is in OPEN state, but the datanode 3c326374-3547-416b-998e-7532ea2ef48b{ip: 192.168.157.222, host: pr-hdds-2131-5wjdl-3623002096, networkLocation: /default-rack, certSerialId: null} reports an CLOSED replica.
2019-10-22 01:07:04,430 [EventQueue-ContainerReportForContainerReportHandler] WARN  container.ContainerReportHandler (AbstractContainerReportHandler.java:updateContainerState(145)) - Container #1 is in OPEN state, but the datanode db7ea609-3ced-42df-bea1-3bd72610fc9e{ip: 192.168.157.222, host: pr-hdds-2131-5wjdl-3623002096, networkLocation: /default-rack, certSerialId: null} reports an CLOSED replica.
2019-10-22 01:07:04,530 [EventQueue-ContainerReportForContainerReportHandler] WARN  container.ContainerReportHandler (AbstractContainerReportHandler.java:updateContainerState(145)) - Container #1 is in OPEN state, but the datanode 3c326374-3547-416b-998e-7532ea2ef48b{ip: 192.168.157.222, host: pr-hdds-2131-5wjdl-3623002096, networkLocation: /default-rack, certSerialId: null} reports an CLOSED replica.
2019-10-22 01:07:04,730 [EventQueue-ContainerReportForContainerReportHandler] WARN  container.ContainerReportHandler (AbstractContainerReportHandler.java:updateContainerState(145)) - Container #1 is in OPEN state, but the datanode db7ea609-3ced-42df-bea1-3bd72610fc9e{ip: 192.168.157.222, host: pr-hdds-2131-5wjdl-3623002096, networkLocation: /default-rack, certSerialId: null} reports an CLOSED replica.
2019-10-22 01:07:04,812 [BlockDeletingService#2] WARN  background.BlockDeletingService (BlockDeletingService.java:isDeletionAllowed(187)) - Close Container log Index 6 is not replicated across allthe servers in the pipeline 2cbd8cfc-dfa6-4d43-b162-3c40ba09d40c as the min replicated index is 4. Deletion is not allowed in this container yet.
2019-10-22 01:07:04,812 [BlockDeletingService#2] WARN  background.BlockDeletingService (BlockDeletingService.java:isDeletionAllowed(187)) - Close Container log Index 6 is not replicated across allthe servers in the pipeline 2cbd8cfc-dfa6-4d43-b162-3c40ba09d40c as the min replicated index is 4. Deletion is not allowed in this container yet.
2019-10-22 01:07:04,830 [EventQueue-ContainerReportForContainerReportHandler] WARN  container.ContainerReportHandler (AbstractContainerReportHandler.java:updateContainerState(145)) - Container #1 is in OPEN state, but the datanode 3c326374-3547-416b-998e-7532ea2ef48b{ip: 192.168.157.222, host: pr-hdds-2131-5wjdl-3623002096, networkLocation: /default-rack, certSerialId: null} reports an CLOSED replica.
2019-10-22 01:07:05,029 [java.util.concurrent.ThreadPoolExecutor$Worker@3c30b846[State = -1, empty queue]] WARN  server.GrpcLogAppender (GrpcLogAppender.java:timeoutAppendRequest(209)) - 3c326374-3547-416b-998e-7532ea2ef48b@group-3C40BA09D40C->961c004b-2cdf-4092-9b5c-36f8bd0f140b-GrpcLogAppender: appendEntries Timeout, request=3c326374-3547-416b-998e-7532ea2ef48b->961c004b-2cdf-4092-9b5c-36f8bd0f140b#44-t5, previous=(t:5, i:10), leaderCommit=10, initializing? false, entries: <empty>
2019-10-22 01:07:05,130 [EventQueue-ContainerReportForContainerReportHandler] WARN  container.ContainerReportHandler (AbstractContainerReportHandler.java:updateContainerState(145)) - Container #1 is in OPEN state, but the datanode db7ea609-3ced-42df-bea1-3bd72610fc9e{ip: 192.168.157.222, host: pr-hdds-2131-5wjdl-3623002096, networkLocation: /default-rack, certSerialId: null} reports an CLOSED replica.
2019-10-22 01:07:05,130 [EventQueue-ContainerReportForContainerReportHandler] WARN  container.ContainerReportHandler (AbstractContainerReportHandler.java:updateContainerState(145)) - Container #1 is in OPEN state, but the datanode 3c326374-3547-416b-998e-7532ea2ef48b{ip: 192.168.157.222, host: pr-hdds-2131-5wjdl-3623002096, networkLocation: /default-rack, certSerialId: null} reports an CLOSED replica.
2019-10-22 01:07:05,331 [EventQueue-ContainerReportForContainerReportHandler] WARN  container.ContainerReportHandler (AbstractContainerReportHandler.java:updateContainerState(145)) - Container #1 is in OPEN state, but the datanode 3c326374-3547-416b-998e-7532ea2ef48b{ip: 192.168.157.222, host: pr-hdds-2131-5wjdl-3623002096, networkLocation: /default-rack, certSerialId: null} reports an CLOSED replica.
2019-10-22 01:07:05,431 [EventQueue-ContainerReportForContainerReportHandler] WARN  container.ContainerReportHandler (AbstractContainerReportHandler.java:updateContainerState(145)) - Container #1 is in OPEN state, but the datanode db7ea609-3ced-42df-bea1-3bd72610fc9e{ip: 192.168.157.222, host: pr-hdds-2131-5wjdl-3623002096, networkLocation: /default-rack, certSerialId: null} reports an CLOSED replica.
2019-10-22 01:07:05,630 [EventQueue-ContainerReportForContainerReportHandler] WARN  container.ContainerReportHandler (AbstractContainerReportHandler.java:updateContainerState(145)) - Container #1 is in OPEN state, but the datanode 3c326374-3547-416b-998e-7532ea2ef48b{ip: 192.168.157.222, host: pr-hdds-2131-5wjdl-3623002096, networkLocation: /default-rack, certSerialId: null} reports an CLOSED replica.
2019-10-22 01:07:05,813 [BlockDeletingService#2] WARN  background.BlockDeletingService (BlockDeletingService.java:isDeletionAllowed(187)) - Close Container log Index 6 is not replicated across allthe servers in the pipeline 2cbd8cfc-dfa6-4d43-b162-3c40ba09d40c as the min replicated index is 4. Deletion is not allowed in this container yet.
2019-10-22 01:07:05,813 [BlockDeletingService#2] WARN  background.BlockDeletingService (BlockDeletingService.java:isDeletionAllowed(187)) - Close Container log Index 6 is not replicated across allthe servers in the pipeline 2cbd8cfc-dfa6-4d43-b162-3c40ba09d40c as the min replicated index is 4. Deletion is not allowed in this container yet.
2019-10-22 01:07:05,830 [EventQueue-ContainerReportForContainerReportHandler] WARN  container.ContainerReportHandler (AbstractContainerReportHandler.java:updateContainerState(145)) - Container #1 is in OPEN state, but the datanode db7ea609-3ced-42df-bea1-3bd72610fc9e{ip: 192.168.157.222, host: pr-hdds-2131-5wjdl-3623002096, networkLocation: /default-rack, certSerialId: null} reports an CLOSED replica.
2019-10-22 01:07:05,831 [EventQueue-ContainerReportForContainerReportHandler] WARN  container.ContainerReportHandler (AbstractContainerReportHandler.java:updateContainerState(145)) - Container #1 is in OPEN state, but the datanode 3c326374-3547-416b-998e-7532ea2ef48b{ip: 192.168.157.222, host: pr-hdds-2131-5wjdl-3623002096, networkLocation: /default-rack, certSerialId: null} reports an CLOSED replica.
2019-10-22 01:07:06,031 [EventQueue-ContainerReportForContainerReportHandler] WARN  container.ContainerReportHandler (AbstractContainerReportHandler.java:updateContainerState(145)) - Container #1 is in OPEN state, but the datanode db7ea609-3ced-42df-bea1-3bd72610fc9e{ip: 192.168.157.222, host: pr-hdds-2131-5wjdl-3623002096, networkLocation: /default-rack, certSerialId: null} reports an CLOSED replica.
2019-10-22 01:07:06,031 [EventQueue-ContainerReportForContainerReportHandler] WARN  container.ContainerReportHandler (AbstractContainerReportHandler.java:updateContainerState(145)) - Container #1 is in OPEN state, but the datanode 3c326374-3547-416b-998e-7532ea2ef48b{ip: 192.168.157.222, host: pr-hdds-2131-5wjdl-3623002096, networkLocation: /default-rack, certSerialId: null} reports an CLOSED replica.
2019-10-22 01:07:06,231 [EventQueue-ContainerReportForContainerReportHandler] WARN  container.ContainerReportHandler (AbstractContainerReportHandler.java:updateContainerState(145)) - Container #1 is in OPEN state, but the datanode db7ea609-3ced-42df-bea1-3bd72610fc9e{ip: 192.168.157.222, host: pr-hdds-2131-5wjdl-3623002096, networkLocation: /default-rack, certSerialId: null} reports an CLOSED replica.
2019-10-22 01:07:06,432 [EventQueue-ContainerReportForContainerReportHandler] WARN  container.ContainerReportHandler (AbstractContainerReportHandler.java:updateContainerState(145)) - Container #1 is in OPEN state, but the datanode 3c326374-3547-416b-998e-7532ea2ef48b{ip: 192.168.157.222, host: pr-hdds-2131-5wjdl-3623002096, networkLocation: /default-rack, certSerialId: null} reports an CLOSED replica.
2019-10-22 01:07:06,632 [EventQueue-ContainerReportForContainerReportHandler] WARN  container.ContainerReportHandler (AbstractContainerReportHandler.java:updateContainerState(145)) - Container #1 is in OPEN state, but the datanode db7ea609-3ced-42df-bea1-3bd72610fc9e{ip: 192.168.157.222, host: pr-hdds-2131-5wjdl-3623002096, networkLocation: /default-rack, certSerialId: null} reports an CLOSED replica.
2019-10-22 01:07:06,732 [EventQueue-ContainerReportForContainerReportHandler] WARN  container.ContainerReportHandler (AbstractContainerReportHandler.java:updateContainerState(145)) - Container #1 is in OPEN state, but the datanode 3c326374-3547-416b-998e-7532ea2ef48b{ip: 192.168.157.222, host: pr-hdds-2131-5wjdl-3623002096, networkLocation: /default-rack, certSerialId: null} reports an CLOSED replica.
2019-10-22 01:07:06,814 [BlockDeletingService#2] WARN  background.BlockDeletingService (BlockDeletingService.java:isDeletionAllowed(187)) - Close Container log Index 6 is not replicated across allthe servers in the pipeline 2cbd8cfc-dfa6-4d43-b162-3c40ba09d40c as the min replicated index is 4. Deletion is not allowed in this container yet.
2019-10-22 01:07:06,814 [BlockDeletingService#2] WARN  background.BlockDeletingService (BlockDeletingService.java:isDeletionAllowed(187)) - Close Container log Index 6 is not replicated across allthe servers in the pipeline 2cbd8cfc-dfa6-4d43-b162-3c40ba09d40c as the min replicated index is 4. Deletion is not allowed in this container yet.
2019-10-22 01:07:06,932 [EventQueue-ContainerReportForContainerReportHandler] WARN  container.ContainerReportHandler (AbstractContainerReportHandler.java:updateContainerState(145)) - Container #1 is in OPEN state, but the datanode db7ea609-3ced-42df-bea1-3bd72610fc9e{ip: 192.168.157.222, host: pr-hdds-2131-5wjdl-3623002096, networkLocation: /default-rack, certSerialId: null} reports an CLOSED replica.
2019-10-22 01:07:06,932 [EventQueue-ContainerReportForContainerReportHandler] WARN  container.ContainerReportHandler (AbstractContainerReportHandler.java:updateContainerState(145)) - Container #1 is in OPEN state, but the datanode 3c326374-3547-416b-998e-7532ea2ef48b{ip: 192.168.157.222, host: pr-hdds-2131-5wjdl-3623002096, networkLocation: /default-rack, certSerialId: null} reports an CLOSED replica.
2019-10-22 01:07:07,232 [EventQueue-ContainerReportForContainerReportHandler] WARN  container.ContainerReportHandler (AbstractContainerReportHandler.java:updateContainerState(145)) - Container #1 is in OPEN state, but the datanode db7ea609-3ced-42df-bea1-3bd72610fc9e{ip: 192.168.157.222, host: pr-hdds-2131-5wjdl-3623002096, networkLocation: /default-rack, certSerialId: null} reports an CLOSED replica.
2019-10-22 01:07:07,332 [EventQueue-ContainerReportForContainerReportHandler] WARN  container.ContainerReportHandler (AbstractContainerReportHandler.java:updateContainerState(145)) - Container #1 is in OPEN state, but the datanode 3c326374-3547-416b-998e-7532ea2ef48b{ip: 192.168.157.222, host: pr-hdds-2131-5wjdl-3623002096, networkLocation: /default-rack, certSerialId: null} reports an CLOSED replica.
2019-10-22 01:07:07,530 [java.util.concurrent.ThreadPoolExecutor$Worker@3c30b846[State = -1, empty queue]] WARN  server.GrpcLogAppender (GrpcLogAppender.java:timeoutAppendRequest(209)) - 3c326374-3547-416b-998e-7532ea2ef48b@group-3C40BA09D40C->961c004b-2cdf-4092-9b5c-36f8bd0f140b-GrpcLogAppender: appendEntries Timeout, request=3c326374-3547-416b-998e-7532ea2ef48b->961c004b-2cdf-4092-9b5c-36f8bd0f140b#45-t5, previous=(t:5, i:10), leaderCommit=10, initializing? false, entries: <empty>
2019-10-22 01:07:07,532 [EventQueue-ContainerReportForContainerReportHandler] WARN  container.ContainerReportHandler (AbstractContainerReportHandler.java:updateContainerState(145)) - Container #1 is in OPEN state, but the datanode db7ea609-3ced-42df-bea1-3bd72610fc9e{ip: 192.168.157.222, host: pr-hdds-2131-5wjdl-3623002096, networkLocation: /default-rack, certSerialId: null} reports an CLOSED replica.
2019-10-22 01:07:07,728 [Thread-502] INFO  client.GrpcClientProtocolService (GrpcClientProtocolService.java:lambda$processClientRequest$0(278)) - Failed RaftClientRequest:client-266370AF2C40->db7ea609-3ced-42df-bea1-3bd72610fc9e@group-3C40BA09D40C, cid=10, seq=0, Watch-ALL_COMMITTED(6), Message:<EMPTY>, reply=RaftClientReply:client-266370AF2C40->db7ea609-3ced-42df-bea1-3bd72610fc9e@group-3C40BA09D40C, cid=10, FAILED org.apache.ratis.protocol.NotLeaderException: Server db7ea609-3ced-42df-bea1-3bd72610fc9e@group-3C40BA09D40C is not the leader 3c326374-3547-416b-998e-7532ea2ef48b:192.168.157.222:44132, logIndex=0, commits[db7ea609-3ced-42df-bea1-3bd72610fc9e:c10, 961c004b-2cdf-4092-9b5c-36f8bd0f140b:c4, 3c326374-3547-416b-998e-7532ea2ef48b:c10]
2019-10-22 01:07:07,735 [EventQueue-ContainerReportForContainerReportHandler] WARN  container.ContainerReportHandler (AbstractContainerReportHandler.java:updateContainerState(145)) - Container #1 is in OPEN state, but the datanode 3c326374-3547-416b-998e-7532ea2ef48b{ip: 192.168.157.222, host: pr-hdds-2131-5wjdl-3623002096, networkLocation: /default-rack, certSerialId: null} reports an CLOSED replica.
2019-10-22 01:07:07,816 [BlockDeletingService#2] WARN  background.BlockDeletingService (BlockDeletingService.java:isDeletionAllowed(187)) - Close Container log Index 6 is not replicated across allthe servers in the pipeline 2cbd8cfc-dfa6-4d43-b162-3c40ba09d40c as the min replicated index is 4. Deletion is not allowed in this container yet.
2019-10-22 01:07:07,816 [BlockDeletingService#2] WARN  background.BlockDeletingService (BlockDeletingService.java:isDeletionAllowed(187)) - Close Container log Index 6 is not replicated across allthe servers in the pipeline 2cbd8cfc-dfa6-4d43-b162-3c40ba09d40c as the min replicated index is 4. Deletion is not allowed in this container yet.
2019-10-22 01:07:07,933 [EventQueue-ContainerReportForContainerReportHandler] WARN  container.ContainerReportHandler (AbstractContainerReportHandler.java:updateContainerState(145)) - Container #1 is in OPEN state, but the datanode db7ea609-3ced-42df-bea1-3bd72610fc9e{ip: 192.168.157.222, host: pr-hdds-2131-5wjdl-3623002096, networkLocation: /default-rack, certSerialId: null} reports an CLOSED replica.
2019-10-22 01:07:08,033 [EventQueue-ContainerReportForContainerReportHandler] WARN  container.ContainerReportHandler (AbstractContainerReportHandler.java:updateContainerState(145)) - Container #1 is in OPEN state, but the datanode 3c326374-3547-416b-998e-7532ea2ef48b{ip: 192.168.157.222, host: pr-hdds-2131-5wjdl-3623002096, networkLocation: /default-rack, certSerialId: null} reports an CLOSED replica.
2019-10-22 01:07:08,233 [EventQueue-ContainerReportForContainerReportHandler] WARN  container.ContainerReportHandler (AbstractContainerReportHandler.java:updateContainerState(145)) - Container #1 is in OPEN state, but the datanode db7ea609-3ced-42df-bea1-3bd72610fc9e{ip: 192.168.157.222, host: pr-hdds-2131-5wjdl-3623002096, networkLocation: /default-rack, certSerialId: null} reports an CLOSED replica.
2019-10-22 01:07:08,334 [EventQueue-ContainerReportForContainerReportHandler] WARN  container.ContainerReportHandler (AbstractContainerReportHandler.java:updateContainerState(145)) - Container #1 is in OPEN state, but the datanode 3c326374-3547-416b-998e-7532ea2ef48b{ip: 192.168.157.222, host: pr-hdds-2131-5wjdl-3623002096, networkLocation: /default-rack, certSerialId: null} reports an CLOSED replica.
2019-10-22 01:07:08,634 [EventQueue-ContainerReportForContainerReportHandler] WARN  container.ContainerReportHandler (AbstractContainerReportHandler.java:updateContainerState(145)) - Container #1 is in OPEN state, but the datanode 3c326374-3547-416b-998e-7532ea2ef48b{ip: 192.168.157.222, host: pr-hdds-2131-5wjdl-3623002096, networkLocation: /default-rack, certSerialId: null} reports an CLOSED replica.
2019-10-22 01:07:08,634 [EventQueue-ContainerReportForContainerReportHandler] WARN  container.ContainerReportHandler (AbstractContainerReportHandler.java:updateContainerState(145)) - Container #1 is in OPEN state, but the datanode db7ea609-3ced-42df-bea1-3bd72610fc9e{ip: 192.168.157.222, host: pr-hdds-2131-5wjdl-3623002096, networkLocation: /default-rack, certSerialId: null} reports an CLOSED replica.
2019-10-22 01:07:08,819 [BlockDeletingService#2] WARN  background.BlockDeletingService (BlockDeletingService.java:isDeletionAllowed(187)) - Close Container log Index 6 is not replicated across allthe servers in the pipeline 2cbd8cfc-dfa6-4d43-b162-3c40ba09d40c as the min replicated index is 4. Deletion is not allowed in this container yet.
2019-10-22 01:07:08,819 [BlockDeletingService#2] WARN  background.BlockDeletingService (BlockDeletingService.java:isDeletionAllowed(187)) - Close Container log Index 6 is not replicated across allthe servers in the pipeline 2cbd8cfc-dfa6-4d43-b162-3c40ba09d40c as the min replicated index is 4. Deletion is not allowed in this container yet.
2019-10-22 01:07:08,935 [EventQueue-ContainerReportForContainerReportHandler] WARN  container.ContainerReportHandler (AbstractContainerReportHandler.java:updateContainerState(145)) - Container #1 is in OPEN state, but the datanode 3c326374-3547-416b-998e-7532ea2ef48b{ip: 192.168.157.222, host: pr-hdds-2131-5wjdl-3623002096, networkLocation: /default-rack, certSerialId: null} reports an CLOSED replica.
2019-10-22 01:07:08,935 [EventQueue-ContainerReportForContainerReportHandler] WARN  container.ContainerReportHandler (AbstractContainerReportHandler.java:updateContainerState(145)) - Container #1 is in OPEN state, but the datanode db7ea609-3ced-42df-bea1-3bd72610fc9e{ip: 192.168.157.222, host: pr-hdds-2131-5wjdl-3623002096, networkLocation: /default-rack, certSerialId: null} reports an CLOSED replica.
2019-10-22 01:07:09,235 [EventQueue-ContainerReportForContainerReportHandler] WARN  container.ContainerReportHandler (AbstractContainerReportHandler.java:updateContainerState(145)) - Container #1 is in OPEN state, but the datanode db7ea609-3ced-42df-bea1-3bd72610fc9e{ip: 192.168.157.222, host: pr-hdds-2131-5wjdl-3623002096, networkLocation: /default-rack, certSerialId: null} reports an CLOSED replica.
2019-10-22 01:07:09,235 [EventQueue-ContainerReportForContainerReportHandler] WARN  container.ContainerReportHandler (AbstractContainerReportHandler.java:updateContainerState(145)) - Container #1 is in OPEN state, but the datanode 3c326374-3547-416b-998e-7532ea2ef48b{ip: 192.168.157.222, host: pr-hdds-2131-5wjdl-3623002096, networkLocation: /default-rack, certSerialId: null} reports an CLOSED replica.
2019-10-22 01:07:09,535 [EventQueue-ContainerReportForContainerReportHandler] WARN  container.ContainerReportHandler (AbstractContainerReportHandler.java:updateContainerState(145)) - Container #1 is in OPEN state, but the datanode 3c326374-3547-416b-998e-7532ea2ef48b{ip: 192.168.157.222, host: pr-hdds-2131-5wjdl-3623002096, networkLocation: /default-rack, certSerialId: null} reports an CLOSED replica.
2019-10-22 01:07:09,536 [EventQueue-ContainerReportForContainerReportHandler] WARN  container.ContainerReportHandler (AbstractContainerReportHandler.java:updateContainerState(145)) - Container #1 is in OPEN state, but the datanode db7ea609-3ced-42df-bea1-3bd72610fc9e{ip: 192.168.157.222, host: pr-hdds-2131-5wjdl-3623002096, networkLocation: /default-rack, certSerialId: null} reports an CLOSED replica.
2019-10-22 01:07:09,584 [Thread-509] INFO  client.GrpcClientProtocolService (GrpcClientProtocolService.java:lambda$processClientRequest$0(278)) - Failed RaftClientRequest:client-266370AF2C40->3c326374-3547-416b-998e-7532ea2ef48b@group-3C40BA09D40C, cid=10, seq=0, Watch-ALL_COMMITTED(6), Message:<EMPTY>, reply=RaftClientReply:client-266370AF2C40->3c326374-3547-416b-998e-7532ea2ef48b@group-3C40BA09D40C, cid=10, FAILED org.apache.ratis.protocol.NotReplicatedException: Request with call Id 10 and log index 6 is not yet replicated to ALL_COMMITTED, logIndex=6, commits[3c326374-3547-416b-998e-7532ea2ef48b:c10, db7ea609-3ced-42df-bea1-3bd72610fc9e:c10, 961c004b-2cdf-4092-9b5c-36f8bd0f140b:c4]
2019-10-22 01:07:09,735 [EventQueue-ContainerReportForContainerReportHandler] WARN  container.ContainerReportHandler (AbstractContainerReportHandler.java:updateContainerState(145)) - Container #1 is in OPEN state, but the datanode 3c326374-3547-416b-998e-7532ea2ef48b{ip: 192.168.157.222, host: pr-hdds-2131-5wjdl-3623002096, networkLocation: /default-rack, certSerialId: null} reports an CLOSED replica.
2019-10-22 01:07:09,820 [BlockDeletingService#2] WARN  background.BlockDeletingService (BlockDeletingService.java:isDeletionAllowed(187)) - Close Container log Index 6 is not replicated across allthe servers in the pipeline 2cbd8cfc-dfa6-4d43-b162-3c40ba09d40c as the min replicated index is 4. Deletion is not allowed in this container yet.
2019-10-22 01:07:09,820 [BlockDeletingService#2] WARN  background.BlockDeletingService (BlockDeletingService.java:isDeletionAllowed(187)) - Close Container log Index 6 is not replicated across allthe servers in the pipeline 2cbd8cfc-dfa6-4d43-b162-3c40ba09d40c as the min replicated index is 4. Deletion is not allowed in this container yet.
2019-10-22 01:07:09,835 [EventQueue-ContainerReportForContainerReportHandler] WARN  container.ContainerReportHandler (AbstractContainerReportHandler.java:updateContainerState(145)) - Container #1 is in OPEN state, but the datanode db7ea609-3ced-42df-bea1-3bd72610fc9e{ip: 192.168.157.222, host: pr-hdds-2131-5wjdl-3623002096, networkLocation: /default-rack, certSerialId: null} reports an CLOSED replica.
2019-10-22 01:07:09,935 [EventQueue-ContainerReportForContainerReportHandler] WARN  container.ContainerReportHandler (AbstractContainerReportHandler.java:updateContainerState(145)) - Container #1 is in OPEN state, but the datanode 3c326374-3547-416b-998e-7532ea2ef48b{ip: 192.168.157.222, host: pr-hdds-2131-5wjdl-3623002096, networkLocation: /default-rack, certSerialId: null} reports an CLOSED replica.
2019-10-22 01:07:10,031 [java.util.concurrent.ThreadPoolExecutor$Worker@3c30b846[State = -1, empty queue]] WARN  server.GrpcLogAppender (GrpcLogAppender.java:timeoutAppendRequest(209)) - 3c326374-3547-416b-998e-7532ea2ef48b@group-3C40BA09D40C->961c004b-2cdf-4092-9b5c-36f8bd0f140b-GrpcLogAppender: appendEntries Timeout, request=3c326374-3547-416b-998e-7532ea2ef48b->961c004b-2cdf-4092-9b5c-36f8bd0f140b#46-t5, previous=(t:5, i:10), leaderCommit=10, initializing? false, entries: <empty>
2019-10-22 01:07:10,135 [EventQueue-ContainerReportForContainerReportHandler] WARN  container.ContainerReportHandler (AbstractContainerReportHandler.java:updateContainerState(145)) - Container #1 is in OPEN state, but the datanode db7ea609-3ced-42df-bea1-3bd72610fc9e{ip: 192.168.157.222, host: pr-hdds-2131-5wjdl-3623002096, networkLocation: /default-rack, certSerialId: null} reports an CLOSED replica.
2019-10-22 01:07:10,236 [EventQueue-ContainerReportForContainerReportHandler] WARN  container.ContainerReportHandler (AbstractContainerReportHandler.java:updateContainerState(145)) - Container #1 is in OPEN state, but the datanode 3c326374-3547-416b-998e-7532ea2ef48b{ip: 192.168.157.222, host: pr-hdds-2131-5wjdl-3623002096, networkLocation: /default-rack, certSerialId: null} reports an CLOSED replica.
2019-10-22 01:07:10,535 [EventQueue-ContainerReportForContainerReportHandler] WARN  container.ContainerReportHandler (AbstractContainerReportHandler.java:updateContainerState(145)) - Container #1 is in OPEN state, but the datanode 3c326374-3547-416b-998e-7532ea2ef48b{ip: 192.168.157.222, host: pr-hdds-2131-5wjdl-3623002096, networkLocation: /default-rack, certSerialId: null} reports an CLOSED replica.
2019-10-22 01:07:10,536 [EventQueue-ContainerReportForContainerReportHandler] WARN  container.ContainerReportHandler (AbstractContainerReportHandler.java:updateContainerState(145)) - Container #1 is in OPEN state, but the datanode db7ea609-3ced-42df-bea1-3bd72610fc9e{ip: 192.168.157.222, host: pr-hdds-2131-5wjdl-3623002096, networkLocation: /default-rack, certSerialId: null} reports an CLOSED replica.
2019-10-22 01:07:10,736 [EventQueue-ContainerReportForContainerReportHandler] WARN  container.ContainerReportHandler (AbstractContainerReportHandler.java:updateContainerState(145)) - Container #1 is in OPEN state, but the datanode db7ea609-3ced-42df-bea1-3bd72610fc9e{ip: 192.168.157.222, host: pr-hdds-2131-5wjdl-3623002096, networkLocation: /default-rack, certSerialId: null} reports an CLOSED replica.
2019-10-22 01:07:10,822 [BlockDeletingService#2] WARN  background.BlockDeletingService (BlockDeletingService.java:isDeletionAllowed(187)) - Close Container log Index 6 is not replicated across allthe servers in the pipeline 2cbd8cfc-dfa6-4d43-b162-3c40ba09d40c as the min replicated index is 4. Deletion is not allowed in this container yet.
2019-10-22 01:07:10,822 [BlockDeletingService#2] WARN  background.BlockDeletingService (BlockDeletingService.java:isDeletionAllowed(187)) - Close Container log Index 6 is not replicated across allthe servers in the pipeline 2cbd8cfc-dfa6-4d43-b162-3c40ba09d40c as the min replicated index is 4. Deletion is not allowed in this container yet.
2019-10-22 01:07:10,835 [EventQueue-ContainerReportForContainerReportHandler] WARN  container.ContainerReportHandler (AbstractContainerReportHandler.java:updateContainerState(145)) - Container #1 is in OPEN state, but the datanode 3c326374-3547-416b-998e-7532ea2ef48b{ip: 192.168.157.222, host: pr-hdds-2131-5wjdl-3623002096, networkLocation: /default-rack, certSerialId: null} reports an CLOSED replica.
2019-10-22 01:07:11,036 [EventQueue-ContainerReportForContainerReportHandler] WARN  container.ContainerReportHandler (AbstractContainerReportHandler.java:updateContainerState(145)) - Container #1 is in OPEN state, but the datanode db7ea609-3ced-42df-bea1-3bd72610fc9e{ip: 192.168.157.222, host: pr-hdds-2131-5wjdl-3623002096, networkLocation: /default-rack, certSerialId: null} reports an CLOSED replica.
2019-10-22 01:07:11,136 [EventQueue-ContainerReportForContainerReportHandler] WARN  container.ContainerReportHandler (AbstractContainerReportHandler.java:updateContainerState(145)) - Container #1 is in OPEN state, but the datanode 3c326374-3547-416b-998e-7532ea2ef48b{ip: 192.168.157.222, host: pr-hdds-2131-5wjdl-3623002096, networkLocation: /default-rack, certSerialId: null} reports an CLOSED replica.
2019-10-22 01:07:11,236 [EventQueue-ContainerReportForContainerReportHandler] WARN  container.ContainerReportHandler (AbstractContainerReportHandler.java:updateContainerState(145)) - Container #1 is in OPEN state, but the datanode db7ea609-3ced-42df-bea1-3bd72610fc9e{ip: 192.168.157.222, host: pr-hdds-2131-5wjdl-3623002096, networkLocation: /default-rack, certSerialId: null} reports an CLOSED replica.
2019-10-22 01:07:11,536 [EventQueue-ContainerReportForContainerReportHandler] WARN  container.ContainerReportHandler (AbstractContainerReportHandler.java:updateContainerState(145)) - Container #1 is in OPEN state, but the datanode db7ea609-3ced-42df-bea1-3bd72610fc9e{ip: 192.168.157.222, host: pr-hdds-2131-5wjdl-3623002096, networkLocation: /default-rack, certSerialId: null} reports an CLOSED replica.
2019-10-22 01:07:11,537 [EventQueue-ContainerReportForContainerReportHandler] WARN  container.ContainerReportHandler (AbstractContainerReportHandler.java:updateContainerState(145)) - Container #1 is in OPEN state, but the datanode 3c326374-3547-416b-998e-7532ea2ef48b{ip: 192.168.157.222, host: pr-hdds-2131-5wjdl-3623002096, networkLocation: /default-rack, certSerialId: null} reports an CLOSED replica.
2019-10-22 01:07:11,736 [EventQueue-ContainerReportForContainerReportHandler] WARN  container.ContainerReportHandler (AbstractContainerReportHandler.java:updateContainerState(145)) - Container #1 is in OPEN state, but the datanode 3c326374-3547-416b-998e-7532ea2ef48b{ip: 192.168.157.222, host: pr-hdds-2131-5wjdl-3623002096, networkLocation: /default-rack, certSerialId: null} reports an CLOSED replica.
2019-10-22 01:07:11,823 [BlockDeletingService#2] WARN  background.BlockDeletingService (BlockDeletingService.java:isDeletionAllowed(187)) - Close Container log Index 6 is not replicated across allthe servers in the pipeline 2cbd8cfc-dfa6-4d43-b162-3c40ba09d40c as the min replicated index is 4. Deletion is not allowed in this container yet.
2019-10-22 01:07:11,823 [BlockDeletingService#2] WARN  background.BlockDeletingService (BlockDeletingService.java:isDeletionAllowed(187)) - Close Container log Index 6 is not replicated across allthe servers in the pipeline 2cbd8cfc-dfa6-4d43-b162-3c40ba09d40c as the min replicated index is 4. Deletion is not allowed in this container yet.
2019-10-22 01:07:11,936 [EventQueue-ContainerReportForContainerReportHandler] WARN  container.ContainerReportHandler (AbstractContainerReportHandler.java:updateContainerState(145)) - Container #1 is in OPEN state, but the datanode db7ea609-3ced-42df-bea1-3bd72610fc9e{ip: 192.168.157.222, host: pr-hdds-2131-5wjdl-3623002096, networkLocation: /default-rack, certSerialId: null} reports an CLOSED replica.
2019-10-22 01:07:12,036 [EventQueue-ContainerReportForContainerReportHandler] WARN  container.ContainerReportHandler (AbstractContainerReportHandler.java:updateContainerState(145)) - Container #1 is in OPEN state, but the datanode 3c326374-3547-416b-998e-7532ea2ef48b{ip: 192.168.157.222, host: pr-hdds-2131-5wjdl-3623002096, networkLocation: /default-rack, certSerialId: null} reports an CLOSED replica.
2019-10-22 01:07:12,237 [EventQueue-ContainerReportForContainerReportHandler] WARN  container.ContainerReportHandler (AbstractContainerReportHandler.java:updateContainerState(145)) - Container #1 is in OPEN state, but the datanode db7ea609-3ced-42df-bea1-3bd72610fc9e{ip: 192.168.157.222, host: pr-hdds-2131-5wjdl-3623002096, networkLocation: /default-rack, certSerialId: null} reports an CLOSED replica.
2019-10-22 01:07:12,337 [EventQueue-ContainerReportForContainerReportHandler] WARN  container.ContainerReportHandler (AbstractContainerReportHandler.java:updateContainerState(145)) - Container #1 is in OPEN state, but the datanode 3c326374-3547-416b-998e-7532ea2ef48b{ip: 192.168.157.222, host: pr-hdds-2131-5wjdl-3623002096, networkLocation: /default-rack, certSerialId: null} reports an CLOSED replica.
2019-10-22 01:07:12,531 [java.util.concurrent.ThreadPoolExecutor$Worker@3c30b846[State = -1, empty queue]] WARN  server.GrpcLogAppender (GrpcLogAppender.java:timeoutAppendRequest(209)) - 3c326374-3547-416b-998e-7532ea2ef48b@group-3C40BA09D40C->961c004b-2cdf-4092-9b5c-36f8bd0f140b-GrpcLogAppender: appendEntries Timeout, request=3c326374-3547-416b-998e-7532ea2ef48b->961c004b-2cdf-4092-9b5c-36f8bd0f140b#47-t5, previous=(t:5, i:10), leaderCommit=10, initializing? false, entries: <empty>
2019-10-22 01:07:12,536 [EventQueue-ContainerReportForContainerReportHandler] WARN  container.ContainerReportHandler (AbstractContainerReportHandler.java:updateContainerState(145)) - Container #1 is in OPEN state, but the datanode db7ea609-3ced-42df-bea1-3bd72610fc9e{ip: 192.168.157.222, host: pr-hdds-2131-5wjdl-3623002096, networkLocation: /default-rack, certSerialId: null} reports an CLOSED replica.
2019-10-22 01:07:12,636 [EventQueue-ContainerReportForContainerReportHandler] WARN  container.ContainerReportHandler (AbstractContainerReportHandler.java:updateContainerState(145)) - Container #1 is in OPEN state, but the datanode 3c326374-3547-416b-998e-7532ea2ef48b{ip: 192.168.157.222, host: pr-hdds-2131-5wjdl-3623002096, networkLocation: /default-rack, certSerialId: null} reports an CLOSED replica.
2019-10-22 01:07:12,825 [BlockDeletingService#2] WARN  background.BlockDeletingService (BlockDeletingService.java:isDeletionAllowed(187)) - Close Container log Index 6 is not replicated across allthe servers in the pipeline 2cbd8cfc-dfa6-4d43-b162-3c40ba09d40c as the min replicated index is 4. Deletion is not allowed in this container yet.
2019-10-22 01:07:12,825 [BlockDeletingService#2] WARN  background.BlockDeletingService (BlockDeletingService.java:isDeletionAllowed(187)) - Close Container log Index 6 is not replicated across allthe servers in the pipeline 2cbd8cfc-dfa6-4d43-b162-3c40ba09d40c as the min replicated index is 4. Deletion is not allowed in this container yet.
2019-10-22 01:07:12,938 [EventQueue-ContainerReportForContainerReportHandler] WARN  container.ContainerReportHandler (AbstractContainerReportHandler.java:updateContainerState(145)) - Container #1 is in OPEN state, but the datanode 3c326374-3547-416b-998e-7532ea2ef48b{ip: 192.168.157.222, host: pr-hdds-2131-5wjdl-3623002096, networkLocation: /default-rack, certSerialId: null} reports an CLOSED replica.
2019-10-22 01:07:12,938 [EventQueue-ContainerReportForContainerReportHandler] WARN  container.ContainerReportHandler (AbstractContainerReportHandler.java:updateContainerState(145)) - Container #1 is in OPEN state, but the datanode db7ea609-3ced-42df-bea1-3bd72610fc9e{ip: 192.168.157.222, host: pr-hdds-2131-5wjdl-3623002096, networkLocation: /default-rack, certSerialId: null} reports an CLOSED replica.
2019-10-22 01:07:13,138 [EventQueue-ContainerReportForContainerReportHandler] WARN  container.ContainerReportHandler (AbstractContainerReportHandler.java:updateContainerState(145)) - Container #1 is in OPEN state, but the datanode 3c326374-3547-416b-998e-7532ea2ef48b{ip: 192.168.157.222, host: pr-hdds-2131-5wjdl-3623002096, networkLocation: /default-rack, certSerialId: null} reports an CLOSED replica.
2019-10-22 01:07:13,338 [EventQueue-ContainerReportForContainerReportHandler] WARN  container.ContainerReportHandler (AbstractContainerReportHandler.java:updateContainerState(145)) - Container #1 is in OPEN state, but the datanode db7ea609-3ced-42df-bea1-3bd72610fc9e{ip: 192.168.157.222, host: pr-hdds-2131-5wjdl-3623002096, networkLocation: /default-rack, certSerialId: null} reports an CLOSED replica.
2019-10-22 01:07:13,438 [EventQueue-ContainerReportForContainerReportHandler] WARN  container.ContainerReportHandler (AbstractContainerReportHandler.java:updateContainerState(145)) - Container #1 is in OPEN state, but the datanode 3c326374-3547-416b-998e-7532ea2ef48b{ip: 192.168.157.222, host: pr-hdds-2131-5wjdl-3623002096, networkLocation: /default-rack, certSerialId: null} reports an CLOSED replica.
2019-10-22 01:07:13,538 [EventQueue-ContainerReportForContainerReportHandler] WARN  container.ContainerReportHandler (AbstractContainerReportHandler.java:updateContainerState(145)) - Container #1 is in OPEN state, but the datanode db7ea609-3ced-42df-bea1-3bd72610fc9e{ip: 192.168.157.222, host: pr-hdds-2131-5wjdl-3623002096, networkLocation: /default-rack, certSerialId: null} reports an CLOSED replica.
2019-10-22 01:07:13,738 [EventQueue-ContainerReportForContainerReportHandler] WARN  container.ContainerReportHandler (AbstractContainerReportHandler.java:updateContainerState(145)) - Container #1 is in OPEN state, but the datanode 3c326374-3547-416b-998e-7532ea2ef48b{ip: 192.168.157.222, host: pr-hdds-2131-5wjdl-3623002096, networkLocation: /default-rack, certSerialId: null} reports an CLOSED replica.
2019-10-22 01:07:13,827 [BlockDeletingService#2] WARN  background.BlockDeletingService (BlockDeletingService.java:isDeletionAllowed(187)) - Close Container log Index 6 is not replicated across allthe servers in the pipeline 2cbd8cfc-dfa6-4d43-b162-3c40ba09d40c as the min replicated index is 4. Deletion is not allowed in this container yet.
2019-10-22 01:07:13,827 [BlockDeletingService#2] WARN  background.BlockDeletingService (BlockDeletingService.java:isDeletionAllowed(187)) - Close Container log Index 6 is not replicated across allthe servers in the pipeline 2cbd8cfc-dfa6-4d43-b162-3c40ba09d40c as the min replicated index is 4. Deletion is not allowed in this container yet.
2019-10-22 01:07:13,939 [EventQueue-ContainerReportForContainerReportHandler] WARN  container.ContainerReportHandler (AbstractContainerReportHandler.java:updateContainerState(145)) - Container #1 is in OPEN state, but the datanode db7ea609-3ced-42df-bea1-3bd72610fc9e{ip: 192.168.157.222, host: pr-hdds-2131-5wjdl-3623002096, networkLocation: /default-rack, certSerialId: null} reports an CLOSED replica.
2019-10-22 01:07:13,939 [EventQueue-ContainerReportForContainerReportHandler] WARN  container.ContainerReportHandler (AbstractContainerReportHandler.java:updateContainerState(145)) - Container #1 is in OPEN state, but the datanode 3c326374-3547-416b-998e-7532ea2ef48b{ip: 192.168.157.222, host: pr-hdds-2131-5wjdl-3623002096, networkLocation: /default-rack, certSerialId: null} reports an CLOSED replica.
2019-10-22 01:07:14,338 [EventQueue-ContainerReportForContainerReportHandler] WARN  container.ContainerReportHandler (AbstractContainerReportHandler.java:updateContainerState(145)) - Container #1 is in OPEN state, but the datanode 3c326374-3547-416b-998e-7532ea2ef48b{ip: 192.168.157.222, host: pr-hdds-2131-5wjdl-3623002096, networkLocation: /default-rack, certSerialId: null} reports an CLOSED replica.
2019-10-22 01:07:14,339 [EventQueue-ContainerReportForContainerReportHandler] WARN  container.ContainerReportHandler (AbstractContainerReportHandler.java:updateContainerState(145)) - Container #1 is in OPEN state, but the datanode db7ea609-3ced-42df-bea1-3bd72610fc9e{ip: 192.168.157.222, host: pr-hdds-2131-5wjdl-3623002096, networkLocation: /default-rack, certSerialId: null} reports an CLOSED replica.
2019-10-22 01:07:14,638 [EventQueue-ContainerReportForContainerReportHandler] WARN  container.ContainerReportHandler (AbstractContainerReportHandler.java:updateContainerState(145)) - Container #1 is in OPEN state, but the datanode 3c326374-3547-416b-998e-7532ea2ef48b{ip: 192.168.157.222, host: pr-hdds-2131-5wjdl-3623002096, networkLocation: /default-rack, certSerialId: null} reports an CLOSED replica.
2019-10-22 01:07:14,738 [EventQueue-ContainerReportForContainerReportHandler] WARN  container.ContainerReportHandler (AbstractContainerReportHandler.java:updateContainerState(145)) - Container #1 is in OPEN state, but the datanode db7ea609-3ced-42df-bea1-3bd72610fc9e{ip: 192.168.157.222, host: pr-hdds-2131-5wjdl-3623002096, networkLocation: /default-rack, certSerialId: null} reports an CLOSED replica.
2019-10-22 01:07:14,828 [BlockDeletingService#2] WARN  background.BlockDeletingService (BlockDeletingService.java:isDeletionAllowed(187)) - Close Container log Index 6 is not replicated across allthe servers in the pipeline 2cbd8cfc-dfa6-4d43-b162-3c40ba09d40c as the min replicated index is 4. Deletion is not allowed in this container yet.
2019-10-22 01:07:14,828 [BlockDeletingService#2] WARN  background.BlockDeletingService (BlockDeletingService.java:isDeletionAllowed(187)) - Close Container log Index 6 is not replicated across allthe servers in the pipeline 2cbd8cfc-dfa6-4d43-b162-3c40ba09d40c as the min replicated index is 4. Deletion is not allowed in this container yet.
2019-10-22 01:07:14,938 [EventQueue-ContainerReportForContainerReportHandler] WARN  container.ContainerReportHandler (AbstractContainerReportHandler.java:updateContainerState(145)) - Container #1 is in OPEN state, but the datanode 3c326374-3547-416b-998e-7532ea2ef48b{ip: 192.168.157.222, host: pr-hdds-2131-5wjdl-3623002096, networkLocation: /default-rack, certSerialId: null} reports an CLOSED replica.
2019-10-22 01:07:15,032 [java.util.concurrent.ThreadPoolExecutor$Worker@3c30b846[State = -1, empty queue]] WARN  server.GrpcLogAppender (GrpcLogAppender.java:timeoutAppendRequest(209)) - 3c326374-3547-416b-998e-7532ea2ef48b@group-3C40BA09D40C->961c004b-2cdf-4092-9b5c-36f8bd0f140b-GrpcLogAppender: appendEntries Timeout, request=3c326374-3547-416b-998e-7532ea2ef48b->961c004b-2cdf-4092-9b5c-36f8bd0f140b#48-t5, previous=(t:5, i:10), leaderCommit=10, initializing? false, entries: <empty>
2019-10-22 01:07:15,039 [EventQueue-ContainerReportForContainerReportHandler] WARN  container.ContainerReportHandler (AbstractContainerReportHandler.java:updateContainerState(145)) - Container #1 is in OPEN state, but the datanode db7ea609-3ced-42df-bea1-3bd72610fc9e{ip: 192.168.157.222, host: pr-hdds-2131-5wjdl-3623002096, networkLocation: /default-rack, certSerialId: null} reports an CLOSED replica.
2019-10-22 01:07:15,139 [EventQueue-ContainerReportForContainerReportHandler] WARN  container.ContainerReportHandler (AbstractContainerReportHandler.java:updateContainerState(145)) - Container #1 is in OPEN state, but the datanode 3c326374-3547-416b-998e-7532ea2ef48b{ip: 192.168.157.222, host: pr-hdds-2131-5wjdl-3623002096, networkLocation: /default-rack, certSerialId: null} reports an CLOSED replica.
2019-10-22 01:07:15,341 [EventQueue-ContainerReportForContainerReportHandler] WARN  container.ContainerReportHandler (AbstractContainerReportHandler.java:updateContainerState(145)) - Container #1 is in OPEN state, but the datanode db7ea609-3ced-42df-bea1-3bd72610fc9e{ip: 192.168.157.222, host: pr-hdds-2131-5wjdl-3623002096, networkLocation: /default-rack, certSerialId: null} reports an CLOSED replica.
2019-10-22 01:07:15,439 [EventQueue-ContainerReportForContainerReportHandler] WARN  container.ContainerReportHandler (AbstractContainerReportHandler.java:updateContainerState(145)) - Container #1 is in OPEN state, but the datanode 3c326374-3547-416b-998e-7532ea2ef48b{ip: 192.168.157.222, host: pr-hdds-2131-5wjdl-3623002096, networkLocation: /default-rack, certSerialId: null} reports an CLOSED replica.
2019-10-22 01:07:15,639 [EventQueue-ContainerReportForContainerReportHandler] WARN  container.ContainerReportHandler (AbstractContainerReportHandler.java:updateContainerState(145)) - Container #1 is in OPEN state, but the datanode 3c326374-3547-416b-998e-7532ea2ef48b{ip: 192.168.157.222, host: pr-hdds-2131-5wjdl-3623002096, networkLocation: /default-rack, certSerialId: null} reports an CLOSED replica.
2019-10-22 01:07:15,741 [EventQueue-ContainerReportForContainerReportHandler] WARN  container.ContainerReportHandler (AbstractContainerReportHandler.java:updateContainerState(145)) - Container #1 is in OPEN state, but the datanode db7ea609-3ced-42df-bea1-3bd72610fc9e{ip: 192.168.157.222, host: pr-hdds-2131-5wjdl-3623002096, networkLocation: /default-rack, certSerialId: null} reports an CLOSED replica.
2019-10-22 01:07:15,830 [BlockDeletingService#2] WARN  background.BlockDeletingService (BlockDeletingService.java:isDeletionAllowed(187)) - Close Container log Index 6 is not replicated across allthe servers in the pipeline 2cbd8cfc-dfa6-4d43-b162-3c40ba09d40c as the min replicated index is 4. Deletion is not allowed in this container yet.
2019-10-22 01:07:15,830 [BlockDeletingService#2] WARN  background.BlockDeletingService (BlockDeletingService.java:isDeletionAllowed(187)) - Close Container log Index 6 is not replicated across allthe servers in the pipeline 2cbd8cfc-dfa6-4d43-b162-3c40ba09d40c as the min replicated index is 4. Deletion is not allowed in this container yet.
2019-10-22 01:07:15,940 [EventQueue-ContainerReportForContainerReportHandler] WARN  container.ContainerReportHandler (AbstractContainerReportHandler.java:updateContainerState(145)) - Container #1 is in OPEN state, but the datanode 3c326374-3547-416b-998e-7532ea2ef48b{ip: 192.168.157.222, host: pr-hdds-2131-5wjdl-3623002096, networkLocation: /default-rack, certSerialId: null} reports an CLOSED replica.
2019-10-22 01:07:15,942 [EventQueue-ContainerReportForContainerReportHandler] WARN  container.ContainerReportHandler (AbstractContainerReportHandler.java:updateContainerState(145)) - Container #1 is in OPEN state, but the datanode db7ea609-3ced-42df-bea1-3bd72610fc9e{ip: 192.168.157.222, host: pr-hdds-2131-5wjdl-3623002096, networkLocation: /default-rack, certSerialId: null} reports an CLOSED replica.
2019-10-22 01:07:16,342 [EventQueue-ContainerReportForContainerReportHandler] WARN  container.ContainerReportHandler (AbstractContainerReportHandler.java:updateContainerState(145)) - Container #1 is in OPEN state, but the datanode 3c326374-3547-416b-998e-7532ea2ef48b{ip: 192.168.157.222, host: pr-hdds-2131-5wjdl-3623002096, networkLocation: /default-rack, certSerialId: null} reports an CLOSED replica.
2019-10-22 01:07:16,342 [EventQueue-ContainerReportForContainerReportHandler] WARN  container.ContainerReportHandler (AbstractContainerReportHandler.java:updateContainerState(145)) - Container #1 is in OPEN state, but the datanode db7ea609-3ced-42df-bea1-3bd72610fc9e{ip: 192.168.157.222, host: pr-hdds-2131-5wjdl-3623002096, networkLocation: /default-rack, certSerialId: null} reports an CLOSED replica.
2019-10-22 01:07:16,542 [EventQueue-ContainerReportForContainerReportHandler] WARN  container.ContainerReportHandler (AbstractContainerReportHandler.java:updateContainerState(145)) - Container #1 is in OPEN state, but the datanode 3c326374-3547-416b-998e-7532ea2ef48b{ip: 192.168.157.222, host: pr-hdds-2131-5wjdl-3623002096, networkLocation: /default-rack, certSerialId: null} reports an CLOSED replica.
2019-10-22 01:07:16,543 [EventQueue-ContainerReportForContainerReportHandler] WARN  container.ContainerReportHandler (AbstractContainerReportHandler.java:updateContainerState(145)) - Container #1 is in OPEN state, but the datanode db7ea609-3ced-42df-bea1-3bd72610fc9e{ip: 192.168.157.222, host: pr-hdds-2131-5wjdl-3623002096, networkLocation: /default-rack, certSerialId: null} reports an CLOSED replica.
2019-10-22 01:07:16,831 [BlockDeletingService#2] WARN  background.BlockDeletingService (BlockDeletingService.java:isDeletionAllowed(187)) - Close Container log Index 6 is not replicated across allthe servers in the pipeline 2cbd8cfc-dfa6-4d43-b162-3c40ba09d40c as the min replicated index is 4. Deletion is not allowed in this container yet.
2019-10-22 01:07:16,831 [BlockDeletingService#2] WARN  background.BlockDeletingService (BlockDeletingService.java:isDeletionAllowed(187)) - Close Container log Index 6 is not replicated across allthe servers in the pipeline 2cbd8cfc-dfa6-4d43-b162-3c40ba09d40c as the min replicated index is 4. Deletion is not allowed in this container yet.
2019-10-22 01:07:16,843 [EventQueue-ContainerReportForContainerReportHandler] WARN  container.ContainerReportHandler (AbstractContainerReportHandler.java:updateContainerState(145)) - Container #1 is in OPEN state, but the datanode db7ea609-3ced-42df-bea1-3bd72610fc9e{ip: 192.168.157.222, host: pr-hdds-2131-5wjdl-3623002096, networkLocation: /default-rack, certSerialId: null} reports an CLOSED replica.
2019-10-22 01:07:16,943 [EventQueue-ContainerReportForContainerReportHandler] WARN  container.ContainerReportHandler (AbstractContainerReportHandler.java:updateContainerState(145)) - Container #1 is in OPEN state, but the datanode 3c326374-3547-416b-998e-7532ea2ef48b{ip: 192.168.157.222, host: pr-hdds-2131-5wjdl-3623002096, networkLocation: /default-rack, certSerialId: null} reports an CLOSED replica.
2019-10-22 01:07:17,243 [EventQueue-ContainerReportForContainerReportHandler] WARN  container.ContainerReportHandler (AbstractContainerReportHandler.java:updateContainerState(145)) - Container #1 is in OPEN state, but the datanode 3c326374-3547-416b-998e-7532ea2ef48b{ip: 192.168.157.222, host: pr-hdds-2131-5wjdl-3623002096, networkLocation: /default-rack, certSerialId: null} reports an CLOSED replica.
2019-10-22 01:07:17,243 [EventQueue-ContainerReportForContainerReportHandler] WARN  container.ContainerReportHandler (AbstractContainerReportHandler.java:updateContainerState(145)) - Container #1 is in OPEN state, but the datanode db7ea609-3ced-42df-bea1-3bd72610fc9e{ip: 192.168.157.222, host: pr-hdds-2131-5wjdl-3623002096, networkLocation: /default-rack, certSerialId: null} reports an CLOSED replica.
2019-10-22 01:07:17,533 [java.util.concurrent.ThreadPoolExecutor$Worker@3c30b846[State = -1, empty queue]] WARN  server.GrpcLogAppender (GrpcLogAppender.java:timeoutAppendRequest(209)) - 3c326374-3547-416b-998e-7532ea2ef48b@group-3C40BA09D40C->961c004b-2cdf-4092-9b5c-36f8bd0f140b-GrpcLogAppender: appendEntries Timeout, request=3c326374-3547-416b-998e-7532ea2ef48b->961c004b-2cdf-4092-9b5c-36f8bd0f140b#49-t5, previous=(t:5, i:10), leaderCommit=10, initializing? false, entries: <empty>
2019-10-22 01:07:17,543 [EventQueue-ContainerReportForContainerReportHandler] WARN  container.ContainerReportHandler (AbstractContainerReportHandler.java:updateContainerState(145)) - Container #1 is in OPEN state, but the datanode 3c326374-3547-416b-998e-7532ea2ef48b{ip: 192.168.157.222, host: pr-hdds-2131-5wjdl-3623002096, networkLocation: /default-rack, certSerialId: null} reports an CLOSED replica.
2019-10-22 01:07:17,543 [EventQueue-ContainerReportForContainerReportHandler] WARN  container.ContainerReportHandler (AbstractContainerReportHandler.java:updateContainerState(145)) - Container #1 is in OPEN state, but the datanode db7ea609-3ced-42df-bea1-3bd72610fc9e{ip: 192.168.157.222, host: pr-hdds-2131-5wjdl-3623002096, networkLocation: /default-rack, certSerialId: null} reports an CLOSED replica.
2019-10-22 01:07:17,833 [BlockDeletingService#2] WARN  background.BlockDeletingService (BlockDeletingService.java:isDeletionAllowed(187)) - Close Container log Index 6 is not replicated across allthe servers in the pipeline 2cbd8cfc-dfa6-4d43-b162-3c40ba09d40c as the min replicated index is 4. Deletion is not allowed in this container yet.
2019-10-22 01:07:17,833 [BlockDeletingService#2] WARN  background.BlockDeletingService (BlockDeletingService.java:isDeletionAllowed(187)) - Close Container log Index 6 is not replicated across allthe servers in the pipeline 2cbd8cfc-dfa6-4d43-b162-3c40ba09d40c as the min replicated index is 4. Deletion is not allowed in this container yet.
2019-10-22 01:07:17,843 [EventQueue-ContainerReportForContainerReportHandler] WARN  container.ContainerReportHandler (AbstractContainerReportHandler.java:updateContainerState(145)) - Container #1 is in OPEN state, but the datanode db7ea609-3ced-42df-bea1-3bd72610fc9e{ip: 192.168.157.222, host: pr-hdds-2131-5wjdl-3623002096, networkLocation: /default-rack, certSerialId: null} reports an CLOSED replica.
2019-10-22 01:07:17,943 [EventQueue-ContainerReportForContainerReportHandler] WARN  container.ContainerReportHandler (AbstractContainerReportHandler.java:updateContainerState(145)) - Container #1 is in OPEN state, but the datanode 3c326374-3547-416b-998e-7532ea2ef48b{ip: 192.168.157.222, host: pr-hdds-2131-5wjdl-3623002096, networkLocation: /default-rack, certSerialId: null} reports an CLOSED replica.
2019-10-22 01:07:18,043 [EventQueue-ContainerReportForContainerReportHandler] WARN  container.ContainerReportHandler (AbstractContainerReportHandler.java:updateContainerState(145)) - Container #1 is in OPEN state, but the datanode db7ea609-3ced-42df-bea1-3bd72610fc9e{ip: 192.168.157.222, host: pr-hdds-2131-5wjdl-3623002096, networkLocation: /default-rack, certSerialId: null} reports an CLOSED replica.
2019-10-22 01:07:18,243 [EventQueue-ContainerReportForContainerReportHandler] WARN  container.ContainerReportHandler (AbstractContainerReportHandler.java:updateContainerState(145)) - Container #1 is in OPEN state, but the datanode 3c326374-3547-416b-998e-7532ea2ef48b{ip: 192.168.157.222, host: pr-hdds-2131-5wjdl-3623002096, networkLocation: /default-rack, certSerialId: null} reports an CLOSED replica.
2019-10-22 01:07:18,343 [EventQueue-ContainerReportForContainerReportHandler] WARN  container.ContainerReportHandler (AbstractContainerReportHandler.java:updateContainerState(145)) - Container #1 is in OPEN state, but the datanode db7ea609-3ced-42df-bea1-3bd72610fc9e{ip: 192.168.157.222, host: pr-hdds-2131-5wjdl-3623002096, networkLocation: /default-rack, certSerialId: null} reports an CLOSED replica.
2019-10-22 01:07:18,543 [EventQueue-ContainerReportForContainerReportHandler] WARN  container.ContainerReportHandler (AbstractContainerReportHandler.java:updateContainerState(145)) - Container #1 is in OPEN state, but the datanode 3c326374-3547-416b-998e-7532ea2ef48b{ip: 192.168.157.222, host: pr-hdds-2131-5wjdl-3623002096, networkLocation: /default-rack, certSerialId: null} reports an CLOSED replica.
2019-10-22 01:07:18,584 [Thread-536] INFO  client.GrpcClientProtocolService (GrpcClientProtocolService.java:lambda$processClientRequest$0(278)) - Failed RaftClientRequest:client-266370AF2C40->3c326374-3547-416b-998e-7532ea2ef48b@group-3C40BA09D40C, cid=10, seq=0, Watch-ALL_COMMITTED(6), Message:<EMPTY>, reply=RaftClientReply:client-266370AF2C40->3c326374-3547-416b-998e-7532ea2ef48b@group-3C40BA09D40C, cid=10, FAILED org.apache.ratis.protocol.NotReplicatedException: Request with call Id 10 and log index 6 is not yet replicated to ALL_COMMITTED, logIndex=6, commits[3c326374-3547-416b-998e-7532ea2ef48b:c10, db7ea609-3ced-42df-bea1-3bd72610fc9e:c10, 961c004b-2cdf-4092-9b5c-36f8bd0f140b:c4]
2019-10-22 01:07:18,643 [EventQueue-ContainerReportForContainerReportHandler] WARN  container.ContainerReportHandler (AbstractContainerReportHandler.java:updateContainerState(145)) - Container #1 is in OPEN state, but the datanode db7ea609-3ced-42df-bea1-3bd72610fc9e{ip: 192.168.157.222, host: pr-hdds-2131-5wjdl-3623002096, networkLocation: /default-rack, certSerialId: null} reports an CLOSED replica.
2019-10-22 01:07:18,835 [BlockDeletingService#2] WARN  background.BlockDeletingService (BlockDeletingService.java:isDeletionAllowed(187)) - Close Container log Index 6 is not replicated across allthe servers in the pipeline 2cbd8cfc-dfa6-4d43-b162-3c40ba09d40c as the min replicated index is 4. Deletion is not allowed in this container yet.
2019-10-22 01:07:18,835 [BlockDeletingService#2] WARN  background.BlockDeletingService (BlockDeletingService.java:isDeletionAllowed(187)) - Close Container log Index 6 is not replicated across allthe servers in the pipeline 2cbd8cfc-dfa6-4d43-b162-3c40ba09d40c as the min replicated index is 4. Deletion is not allowed in this container yet.
2019-10-22 01:07:18,844 [EventQueue-ContainerReportForContainerReportHandler] WARN  container.ContainerReportHandler (AbstractContainerReportHandler.java:updateContainerState(145)) - Container #1 is in OPEN state, but the datanode 3c326374-3547-416b-998e-7532ea2ef48b{ip: 192.168.157.222, host: pr-hdds-2131-5wjdl-3623002096, networkLocation: /default-rack, certSerialId: null} reports an CLOSED replica.
2019-10-22 01:07:19,045 [EventQueue-ContainerReportForContainerReportHandler] WARN  container.ContainerReportHandler (AbstractContainerReportHandler.java:updateContainerState(145)) - Container #1 is in OPEN state, but the datanode db7ea609-3ced-42df-bea1-3bd72610fc9e{ip: 192.168.157.222, host: pr-hdds-2131-5wjdl-3623002096, networkLocation: /default-rack, certSerialId: null} reports an CLOSED replica.
2019-10-22 01:07:19,045 [EventQueue-ContainerReportForContainerReportHandler] WARN  container.ContainerReportHandler (AbstractContainerReportHandler.java:updateContainerState(145)) - Container #1 is in OPEN state, but the datanode 3c326374-3547-416b-998e-7532ea2ef48b{ip: 192.168.157.222, host: pr-hdds-2131-5wjdl-3623002096, networkLocation: /default-rack, certSerialId: null} reports an CLOSED replica.
2019-10-22 01:07:19,140 [EventQueue-StaleNodeForStaleNodeHandler] INFO  node.StaleNodeHandler (StaleNodeHandler.java:onMessage(58)) - Datanode 961c004b-2cdf-4092-9b5c-36f8bd0f140b{ip: 192.168.157.222, host: pr-hdds-2131-5wjdl-3623002096, networkLocation: /default-rack, certSerialId: null} moved to stale state. Finalizing its pipelines [PipelineID=2cbd8cfc-dfa6-4d43-b162-3c40ba09d40c, PipelineID=afe04543-6421-4059-9420-807aa9b385cc]
2019-10-22 01:07:19,140 [EventQueue-StaleNodeForStaleNodeHandler] INFO  pipeline.SCMPipelineManager (SCMPipelineManager.java:finalizeAndDestroyPipeline(315)) - destroying pipeline:Pipeline[ Id: 2cbd8cfc-dfa6-4d43-b162-3c40ba09d40c, Nodes: 3c326374-3547-416b-998e-7532ea2ef48b{ip: 192.168.157.222, host: pr-hdds-2131-5wjdl-3623002096, networkLocation: /default-rack, certSerialId: null}961c004b-2cdf-4092-9b5c-36f8bd0f140b{ip: 192.168.157.222, host: pr-hdds-2131-5wjdl-3623002096, networkLocation: /default-rack, certSerialId: null}db7ea609-3ced-42df-bea1-3bd72610fc9e{ip: 192.168.157.222, host: pr-hdds-2131-5wjdl-3623002096, networkLocation: /default-rack, certSerialId: null}, Type:RATIS, Factor:THREE, State:OPEN]
2019-10-22 01:07:19,142 [EventQueue-StaleNodeForStaleNodeHandler] INFO  pipeline.PipelineStateManager (PipelineStateManager.java:finalizePipeline(123)) - Pipeline Pipeline[ Id: 2cbd8cfc-dfa6-4d43-b162-3c40ba09d40c, Nodes: 3c326374-3547-416b-998e-7532ea2ef48b{ip: 192.168.157.222, host: pr-hdds-2131-5wjdl-3623002096, networkLocation: /default-rack, certSerialId: null}961c004b-2cdf-4092-9b5c-36f8bd0f140b{ip: 192.168.157.222, host: pr-hdds-2131-5wjdl-3623002096, networkLocation: /default-rack, certSerialId: null}db7ea609-3ced-42df-bea1-3bd72610fc9e{ip: 192.168.157.222, host: pr-hdds-2131-5wjdl-3623002096, networkLocation: /default-rack, certSerialId: null}, Type:RATIS, Factor:THREE, State:CLOSED] moved to CLOSED state
2019-10-22 01:07:19,143 [EventQueue-CloseContainerForCloseContainerEventHandler] INFO  container.CloseContainerEventHandler (CloseContainerEventHandler.java:onMessage(61)) - Close container Event triggered for container : #1
2019-10-22 01:07:19,147 [EventQueue-StaleNodeForStaleNodeHandler] INFO  pipeline.SCMPipelineManager (SCMPipelineManager.java:finalizeAndDestroyPipeline(315)) - destroying pipeline:Pipeline[ Id: afe04543-6421-4059-9420-807aa9b385cc, Nodes: 961c004b-2cdf-4092-9b5c-36f8bd0f140b{ip: 192.168.157.222, host: pr-hdds-2131-5wjdl-3623002096, networkLocation: /default-rack, certSerialId: null}, Type:RATIS, Factor:ONE, State:OPEN]
2019-10-22 01:07:19,149 [EventQueue-StaleNodeForStaleNodeHandler] INFO  pipeline.PipelineStateManager (PipelineStateManager.java:finalizePipeline(123)) - Pipeline Pipeline[ Id: afe04543-6421-4059-9420-807aa9b385cc, Nodes: 961c004b-2cdf-4092-9b5c-36f8bd0f140b{ip: 192.168.157.222, host: pr-hdds-2131-5wjdl-3623002096, networkLocation: /default-rack, certSerialId: null}, Type:RATIS, Factor:ONE, State:CLOSED] moved to CLOSED state
2019-10-22 01:07:19,247 [EventQueue-ContainerReportForContainerReportHandler] INFO  container.ContainerReportHandler (AbstractContainerReportHandler.java:updateContainerState(178)) - Moving container #1 to CLOSED state, datanode db7ea609-3ced-42df-bea1-3bd72610fc9e{ip: 192.168.157.222, host: pr-hdds-2131-5wjdl-3623002096, networkLocation: /default-rack, certSerialId: null} reported CLOSED replica.
2019-10-22 01:07:19,452 [SCMBlockDeletingService#0] INFO  block.SCMBlockDeletingService (SCMBlockDeletingService.java:call(184)) - Totally added 3 delete blocks command for 3 datanodes, task elapsed time: 12ms
2019-10-22 01:07:19,648 [EventQueue-PendingDeleteStatusForPendingDeleteHandler] INFO  block.SCMBlockDeletingService (SCMBlockDeletingService.java:handlePendingDeletes(115)) - Block deletion txnID mismatch in datanode db7ea609-3ced-42df-bea1-3bd72610fc9e for containerID 1. Datanode delete txnID: 0, SCM txnID: 1
2019-10-22 01:07:19,747 [EventQueue-PendingDeleteStatusForPendingDeleteHandler] INFO  block.SCMBlockDeletingService (SCMBlockDeletingService.java:handlePendingDeletes(115)) - Block deletion txnID mismatch in datanode 3c326374-3547-416b-998e-7532ea2ef48b for containerID 1. Datanode delete txnID: 0, SCM txnID: 1
2019-10-22 01:07:19,838 [BlockDeletingService#2] WARN  background.BlockDeletingService (BlockDeletingService.java:isDeletionAllowed(187)) - Close Container log Index 6 is not replicated across allthe servers in the pipeline 2cbd8cfc-dfa6-4d43-b162-3c40ba09d40c as the min replicated index is 4. Deletion is not allowed in this container yet.
2019-10-22 01:07:19,838 [BlockDeletingService#2] WARN  background.BlockDeletingService (BlockDeletingService.java:isDeletionAllowed(187)) - Close Container log Index 6 is not replicated across allthe servers in the pipeline 2cbd8cfc-dfa6-4d43-b162-3c40ba09d40c as the min replicated index is 4. Deletion is not allowed in this container yet.
2019-10-22 01:07:19,847 [EventQueue-PendingDeleteStatusForPendingDeleteHandler] INFO  block.SCMBlockDeletingService (SCMBlockDeletingService.java:handlePendingDeletes(115)) - Block deletion txnID mismatch in datanode db7ea609-3ced-42df-bea1-3bd72610fc9e for containerID 1. Datanode delete txnID: 0, SCM txnID: 1
2019-10-22 01:07:19,947 [Command processor thread] INFO  commandhandler.DeleteBlocksCommandHandler (DeleteBlocksCommandHandler.java:handle(106)) - Start to delete container blocks, TXIDs=[1(0)], numOfContainers=1, numOfBlocks=1
2019-10-22 01:07:20,033 [java.util.concurrent.ThreadPoolExecutor$Worker@3c30b846[State = -1, empty queue]] WARN  server.GrpcLogAppender (GrpcLogAppender.java:timeoutAppendRequest(209)) - 3c326374-3547-416b-998e-7532ea2ef48b@group-3C40BA09D40C->961c004b-2cdf-4092-9b5c-36f8bd0f140b-GrpcLogAppender: appendEntries Timeout, request=3c326374-3547-416b-998e-7532ea2ef48b->961c004b-2cdf-4092-9b5c-36f8bd0f140b#50-t5, previous=(t:5, i:10), leaderCommit=10, initializing? false, entries: <empty>
2019-10-22 01:07:20,131 [main] INFO  impl.MetricsSystemImpl (MetricsSystemImpl.java:init(158)) - HddsDatanode metrics system started (again)
2019-10-22 01:07:20,148 [EventQueue-PendingDeleteStatusForPendingDeleteHandler] INFO  block.SCMBlockDeletingService (SCMBlockDeletingService.java:handlePendingDeletes(115)) - Block deletion txnID mismatch in datanode db7ea609-3ced-42df-bea1-3bd72610fc9e for containerID 1. Datanode delete txnID: 0, SCM txnID: 1
2019-10-22 01:07:20,175 [main] INFO  ozone.HddsDatanodeService (HddsDatanodeService.java:start(184)) - HddsDatanodeService host:pr-hdds-2131-5wjdl-3623002096 ip:192.168.157.222
2019-10-22 01:07:20,180 [main] INFO  volume.VolumeUsage (VolumeUsage.java:loadScmUsed(144)) - Cached ScmUsed found for /workdir/hadoop-ozone/integration-test/target/test-dir/MiniOzoneClusterImpl-891fbafd-cb48-4392-8fd2-d372f9b36073/datanode-2/data/containers : 4096 
2019-10-22 01:07:20,180 [main] INFO  volume.HddsVolume (HddsVolume.java:<init>(176)) - Creating Volume: /workdir/hadoop-ozone/integration-test/target/test-dir/MiniOzoneClusterImpl-891fbafd-cb48-4392-8fd2-d372f9b36073/datanode-2/data/containers/hdds of  storage type : DISK and capacity : 1482555576320
2019-10-22 01:07:20,181 [main] INFO  volume.VolumeSet (VolumeSet.java:initializeVolumeSet(170)) - Added Volume : /workdir/hadoop-ozone/integration-test/target/test-dir/MiniOzoneClusterImpl-891fbafd-cb48-4392-8fd2-d372f9b36073/datanode-2/data/containers/hdds to VolumeSet
2019-10-22 01:07:20,181 [main] INFO  volume.ThrottledAsyncChecker (ThrottledAsyncChecker.java:schedule(141)) - Scheduling a check for /workdir/hadoop-ozone/integration-test/target/test-dir/MiniOzoneClusterImpl-891fbafd-cb48-4392-8fd2-d372f9b36073/datanode-2/data/containers/hdds
2019-10-22 01:07:20,182 [main] INFO  volume.HddsVolumeChecker (HddsVolumeChecker.java:checkAllVolumes(204)) - Scheduled health check for volume /workdir/hadoop-ozone/integration-test/target/test-dir/MiniOzoneClusterImpl-891fbafd-cb48-4392-8fd2-d372f9b36073/datanode-2/data/containers/hdds
2019-10-22 01:07:20,231 [main] INFO  impl.RaftServerProxy (ConfUtils.java:logGet(43)) - raft.rpc.type = GRPC (default)
2019-10-22 01:07:20,231 [main] INFO  grpc.GrpcFactory (GrpcFactory.java:checkPooledByteBufAllocatorUseCacheForAllThreads(45)) - PERFORMANCE WARNING: useCacheForAllThreads is true that may cause Netty to create a lot garbage objects and, as a result, trigger GC.
	It is recommended to disable useCacheForAllThreads by setting -Dorg.apache.ratis.thirdparty.io.netty.allocator.useCacheForAllThreads=false in command line.
2019-10-22 01:07:20,232 [main] INFO  grpc.GrpcConfigKeys$Server (ConfUtils.java:logGet(43)) - raft.grpc.server.port = 44865 (custom)
2019-10-22 01:07:20,232 [main] INFO  server.GrpcService (ConfUtils.java:logGet(43)) - raft.grpc.message.size.max = 33570816 (custom)
2019-10-22 01:07:20,233 [main] INFO  server.RaftServerConfigKeys (ConfUtils.java:logGet(43)) - raft.server.log.appender.buffer.byte-limit = 33554432 (custom)
2019-10-22 01:07:20,233 [main] INFO  server.GrpcService (ConfUtils.java:logGet(43)) - raft.grpc.flow.control.window = 1MB (=1048576) (default)
2019-10-22 01:07:20,233 [main] INFO  server.RaftServerConfigKeys (ConfUtils.java:logGet(43)) - raft.server.rpc.request.timeout = 3000ms (default)
2019-10-22 01:07:20,234 [main] INFO  server.RaftServerConfigKeys (ConfUtils.java:logGet(43)) - raft.server.storage.dir = [/workdir/hadoop-ozone/integration-test/target/test-dir/MiniOzoneClusterImpl-891fbafd-cb48-4392-8fd2-d372f9b36073/datanode-2/data/ratis] (custom)
2019-10-22 01:07:20,235 [main] INFO  impl.RaftServerProxy (RaftServerProxy.java:lambda$null$0(191)) - 961c004b-2cdf-4092-9b5c-36f8bd0f140b: found a subdirectory /workdir/hadoop-ozone/integration-test/target/test-dir/MiniOzoneClusterImpl-891fbafd-cb48-4392-8fd2-d372f9b36073/datanode-2/data/ratis/afe04543-6421-4059-9420-807aa9b385cc
2019-10-22 01:07:20,236 [main] INFO  impl.RaftServerProxy (RaftServerProxy.java:addNew(89)) - 961c004b-2cdf-4092-9b5c-36f8bd0f140b: addNew group-807AA9B385CC:[] returns group-807AA9B385CC:java.util.concurrent.CompletableFuture@42a0501e[Not completed]
2019-10-22 01:07:20,237 [main] INFO  impl.RaftServerProxy (RaftServerProxy.java:lambda$null$0(191)) - 961c004b-2cdf-4092-9b5c-36f8bd0f140b: found a subdirectory /workdir/hadoop-ozone/integration-test/target/test-dir/MiniOzoneClusterImpl-891fbafd-cb48-4392-8fd2-d372f9b36073/datanode-2/data/ratis/2cbd8cfc-dfa6-4d43-b162-3c40ba09d40c
2019-10-22 01:07:20,237 [main] INFO  impl.RaftServerProxy (RaftServerProxy.java:addNew(89)) - 961c004b-2cdf-4092-9b5c-36f8bd0f140b: addNew group-3C40BA09D40C:[] returns group-3C40BA09D40C:java.util.concurrent.CompletableFuture@6aa3bfc[Not completed]
2019-10-22 01:07:20,240 [pool-59-thread-1] INFO  impl.RaftServerImpl (RaftServerImpl.java:<init>(104)) - 961c004b-2cdf-4092-9b5c-36f8bd0f140b: new RaftServerImpl for group-807AA9B385CC:[] with ContainerStateMachine:uninitialized
2019-10-22 01:07:20,242 [pool-59-thread-1] INFO  server.RaftServerConfigKeys (ConfUtils.java:logGet(43)) - raft.server.rpc.timeout.min = 5s (custom)
2019-10-22 01:07:20,242 [main] INFO  hdfs.DFSUtil (DFSUtil.java:httpServerTemplateForNNAndJN(1641)) - Starting Web-server for hddsDatanode at: http://0.0.0.0:46020
2019-10-22 01:07:20,242 [pool-59-thread-1] INFO  server.RaftServerConfigKeys (ConfUtils.java:logGet(43)) - raft.server.rpc.timeout.max = 5200ms (custom)
2019-10-22 01:07:20,243 [pool-59-thread-1] INFO  server.RaftServerConfigKeys (ConfUtils.java:logGet(43)) - raft.server.rpcslowness.timeout = 1000s (custom)
2019-10-22 01:07:20,243 [pool-59-thread-1] INFO  server.RaftServerConfigKeys (ConfUtils.java:logGet(43)) - raft.server.sleep.deviation.threshold = 300 (default)
2019-10-22 01:07:20,243 [pool-59-thread-1] INFO  server.RaftServerConfigKeys (ConfUtils.java:logGet(43)) - raft.server.log.appender.install.snapshot.enabled = false (custom)
2019-10-22 01:07:20,243 [pool-59-thread-1] INFO  impl.RaftServerImpl (ServerState.java:<init>(103)) - 961c004b-2cdf-4092-9b5c-36f8bd0f140b@group-807AA9B385CC: ConfigurationManager, init=-1: [], old=null, confs=<EMPTY_MAP>
2019-10-22 01:07:20,244 [pool-59-thread-1] INFO  server.RaftServerConfigKeys (ConfUtils.java:logGet(43)) - raft.server.storage.dir = [/workdir/hadoop-ozone/integration-test/target/test-dir/MiniOzoneClusterImpl-891fbafd-cb48-4392-8fd2-d372f9b36073/datanode-2/data/ratis] (custom)
2019-10-22 01:07:20,244 [pool-59-thread-1] INFO  server.RaftServerConfigKeys (ConfUtils.java:logGet(43)) - raft.server.log.corruption.policy = EXCEPTION (default)
2019-10-22 01:07:20,245 [main] INFO  server.AuthenticationFilter (AuthenticationFilter.java:constructSecretProvider(240)) - Unable to initialize FileSignerSecretProvider, falling back to use random secrets.
2019-10-22 01:07:20,246 [main] WARN  http.HttpRequestLog (HttpRequestLog.java:getRequestLog(97)) - Jetty request log can only be enabled using Log4j
2019-10-22 01:07:20,247 [Command processor thread] INFO  commandhandler.DeleteBlocksCommandHandler (DeleteBlocksCommandHandler.java:handle(106)) - Start to delete container blocks, TXIDs=[1(0)], numOfContainers=1, numOfBlocks=1
2019-10-22 01:07:20,250 [main] INFO  http.HttpServer2 (HttpServer2.java:addGlobalFilter(975)) - Added global filter 'safety' (class=org.apache.hadoop.http.HttpServer2$QuotingInputFilter)
2019-10-22 01:07:20,251 [main] INFO  http.HttpServer2 (HttpServer2.java:addFilter(948)) - Added filter static_user_filter (class=org.apache.hadoop.http.lib.StaticUserWebFilter$StaticUserFilter) to context hddsDatanode
2019-10-22 01:07:20,251 [main] INFO  http.HttpServer2 (HttpServer2.java:addFilter(958)) - Added filter static_user_filter (class=org.apache.hadoop.http.lib.StaticUserWebFilter$StaticUserFilter) to context static
2019-10-22 01:07:20,252 [main] INFO  http.HttpServer2 (HttpServer2.java:addFilter(958)) - Added filter static_user_filter (class=org.apache.hadoop.http.lib.StaticUserWebFilter$StaticUserFilter) to context logs
2019-10-22 01:07:20,253 [main] INFO  http.HttpServer2 (HttpServer2.java:bindListener(1191)) - Jetty bound to port 46020
2019-10-22 01:07:20,253 [main] INFO  server.Server (Server.java:doStart(351)) - jetty-9.3.25.v20180904, build timestamp: 2018-09-04T21:11:46Z, git hash: 3ce520221d0240229c862b122d2b06c12a625732
2019-10-22 01:07:20,256 [main] INFO  handler.ContextHandler (ContextHandler.java:doStart(781)) - Started o.e.j.s.ServletContextHandler@2b5c4f17{/logs,file:///workdir/hadoop-ozone/integration-test/target/log,AVAILABLE}
2019-10-22 01:07:20,257 [main] INFO  handler.ContextHandler (ContextHandler.java:doStart(781)) - Started o.e.j.s.ServletContextHandler@69f0b0f4{/static,jar:file:/home/user/.m2/repository/org/apache/hadoop/hadoop-hdds-container-service/0.5.0-SNAPSHOT/hadoop-hdds-container-service-0.5.0-SNAPSHOT.jar!/webapps/static,AVAILABLE}
2019-10-22 01:07:20,269 [pool-59-thread-1] INFO  storage.RaftStorageDirectory (RaftStorageDirectory.java:tryLock(328)) - Lock on /workdir/hadoop-ozone/integration-test/target/test-dir/MiniOzoneClusterImpl-891fbafd-cb48-4392-8fd2-d372f9b36073/datanode-2/data/ratis/afe04543-6421-4059-9420-807aa9b385cc/in_use.lock acquired by nodename 20038@pr-hdds-2131-5wjdl-3623002096
2019-10-22 01:07:20,271 [pool-59-thread-1] INFO  ratis.ContainerStateMachine (ContainerStateMachine.java:loadSnapshot(231)) - group-807AA9B385CC: The snapshot info is null. Setting the last applied indexto:(t:0, i:~)
2019-10-22 01:07:20,271 [pool-59-thread-1] INFO  server.RaftServerConfigKeys (ConfUtils.java:logGet(43)) - raft.server.notification.no-leader.timeout = 1000s (custom)
2019-10-22 01:07:20,271 [pool-59-thread-1] INFO  server.RaftServerConfigKeys (ConfUtils.java:logGet(43)) - raft.server.log.use.memory = false (default)
2019-10-22 01:07:20,271 [pool-59-thread-1] INFO  server.RaftServerConfigKeys (ConfUtils.java:logGet(43)) - raft.server.log.purge.gap = 1000000 (custom)
2019-10-22 01:07:20,272 [pool-59-thread-1] INFO  server.RaftServerConfigKeys (ConfUtils.java:logGet(43)) - raft.server.log.appender.buffer.byte-limit = 33554432 (custom)
2019-10-22 01:07:20,272 [pool-59-thread-1] INFO  server.RaftServerConfigKeys (ConfUtils.java:logGet(43)) - raft.server.log.segment.size.max = 1048576 (custom)
2019-10-22 01:07:20,272 [pool-59-thread-1] INFO  server.RaftServerConfigKeys (ConfUtils.java:logGet(43)) - raft.server.log.segment.cache.num.max = 2 (custom)
2019-10-22 01:07:20,272 [pool-59-thread-1] INFO  segmented.SegmentedRaftLogWorker (SegmentedRaftLogWorker.java:<init>(173)) - new 961c004b-2cdf-4092-9b5c-36f8bd0f140b@group-807AA9B385CC-SegmentedRaftLogWorker for RaftStorage:Storage Directory /workdir/hadoop-ozone/integration-test/target/test-dir/MiniOzoneClusterImpl-891fbafd-cb48-4392-8fd2-d372f9b36073/datanode-2/data/ratis/afe04543-6421-4059-9420-807aa9b385cc
2019-10-22 01:07:20,273 [pool-59-thread-1] INFO  server.RaftServerConfigKeys (ConfUtils.java:logGet(43)) - raft.server.log.queue.byte-limit = 2147483647 (custom)
2019-10-22 01:07:20,273 [pool-59-thread-1] INFO  server.RaftServerConfigKeys (ConfUtils.java:logGet(43)) - raft.server.log.queue.element-limit = 1024 (custom)
2019-10-22 01:07:20,273 [pool-59-thread-1] INFO  server.RaftServerConfigKeys (ConfUtils.java:logGet(43)) - raft.server.log.segment.size.max = 1048576 (custom)
2019-10-22 01:07:20,273 [pool-59-thread-1] INFO  server.RaftServerConfigKeys (ConfUtils.java:logGet(43)) - raft.server.log.preallocated.size = 16384 (custom)
2019-10-22 01:07:20,273 [pool-59-thread-1] INFO  server.RaftServerConfigKeys (ConfUtils.java:logGet(43)) - raft.server.log.write.buffer.size = 33554432 (custom)
2019-10-22 01:07:20,274 [pool-59-thread-1] INFO  server.RaftServerConfigKeys (ConfUtils.java:logGet(43)) - raft.server.log.force.sync.num = 128 (default)
2019-10-22 01:07:20,274 [pool-59-thread-1] INFO  server.RaftServerConfigKeys (ConfUtils.java:logGet(43)) - raft.server.log.statemachine.data.sync = true (default)
2019-10-22 01:07:20,274 [pool-59-thread-1] INFO  server.RaftServerConfigKeys (ConfUtils.java:logGet(43)) - raft.server.log.statemachine.data.sync.timeout = 10s (default)
2019-10-22 01:07:20,274 [pool-59-thread-1] INFO  server.RaftServerConfigKeys (ConfUtils.java:logGet(43)) - raft.server.log.statemachine.data.sync.timeout.retry = -1 (default)
2019-10-22 01:07:20,275 [pool-59-thread-1] INFO  server.RaftServerConfigKeys (ConfUtils.java:logGet(43)) - raft.server.log.statemachine.data.caching.enabled = true (custom)
2019-10-22 01:07:20,283 [pool-59-thread-1] INFO  impl.RaftServerImpl (ServerState.java:setRaftConf(357)) - 961c004b-2cdf-4092-9b5c-36f8bd0f140b@group-807AA9B385CC: set configuration 0: [961c004b-2cdf-4092-9b5c-36f8bd0f140b:192.168.157.222:44865], old=null at 0
2019-10-22 01:07:20,284 [pool-59-thread-1] INFO  segmented.LogSegment (LogSegment.java:loadSegment(140)) - Successfully read 1 entries from segment file /workdir/hadoop-ozone/integration-test/target/test-dir/MiniOzoneClusterImpl-891fbafd-cb48-4392-8fd2-d372f9b36073/datanode-2/data/ratis/afe04543-6421-4059-9420-807aa9b385cc/current/log_inprogress_0
2019-10-22 01:07:20,284 [pool-59-thread-1] INFO  segmented.SegmentedRaftLogWorker (SegmentedRaftLogWorker.java:lambda$new$0(128)) - 961c004b-2cdf-4092-9b5c-36f8bd0f140b@group-807AA9B385CC-SegmentedRaftLogWorker: flushIndex: setUnconditionally 0 -> 0
2019-10-22 01:07:20,305 [main] INFO  handler.ContextHandler (ContextHandler.java:doStart(781)) - Started o.e.j.w.WebAppContext@3119cf6f{/,file:///tmp/jetty-0.0.0.0-46020-hddsDatanode-_-any-5610797478779322109.dir/webapp/,AVAILABLE}{/hddsDatanode}
2019-10-22 01:07:20,314 [main] INFO  server.AbstractConnector (AbstractConnector.java:doStart(278)) - Started ServerConnector@6dc9da2d{HTTP/1.1,[http/1.1]}{0.0.0.0:46020}
2019-10-22 01:07:20,314 [main] INFO  server.Server (Server.java:doStart(419)) - Started @113003ms
2019-10-22 01:07:20,314 [pool-59-thread-1] INFO  server.RaftServerConfigKeys (ConfUtils.java:logGet(43)) - raft.server.snapshot.auto.trigger.enabled = true (custom)
2019-10-22 01:07:20,314 [main] WARN  impl.MetricsSystemImpl (MetricsSystemImpl.java:register(276)) - Sink prometheus already exists!
2019-10-22 01:07:20,315 [pool-59-thread-1] INFO  server.RaftServerConfigKeys (ConfUtils.java:logGet(43)) - raft.server.snapshot.auto.trigger.threshold = 10000 (custom)
2019-10-22 01:07:20,315 [pool-59-thread-1] INFO  server.RaftServerConfigKeys (ConfUtils.java:logGet(43)) - raft.server.snapshot.retention.file.num = 5 (custom)
2019-10-22 01:07:20,315 [pool-59-thread-1] INFO  server.RaftServerConfigKeys (ConfUtils.java:logGet(43)) - raft.server.retrycache.expirytime = 600000ms (custom)
2019-10-22 01:07:20,316 [main] INFO  server.BaseHttpServer (BaseHttpServer.java:updateConnectorAddress(215)) - HTTP server of HDDSDATANODE is listening at http://0.0.0.0:46020
2019-10-22 01:07:20,317 [pool-59-thread-1] INFO  impl.RaftServerImpl (RaftServerImpl.java:<init>(104)) - 961c004b-2cdf-4092-9b5c-36f8bd0f140b: new RaftServerImpl for group-3C40BA09D40C:[] with ContainerStateMachine:uninitialized
2019-10-22 01:07:20,317 [pool-59-thread-1] INFO  server.RaftServerConfigKeys (ConfUtils.java:logGet(43)) - raft.server.rpc.timeout.min = 5s (custom)
2019-10-22 01:07:20,317 [pool-59-thread-1] INFO  server.RaftServerConfigKeys (ConfUtils.java:logGet(43)) - raft.server.rpc.timeout.max = 5200ms (custom)
2019-10-22 01:07:20,317 [pool-59-thread-1] INFO  server.RaftServerConfigKeys (ConfUtils.java:logGet(43)) - raft.server.rpcslowness.timeout = 1000s (custom)
2019-10-22 01:07:20,317 [pool-59-thread-1] INFO  server.RaftServerConfigKeys (ConfUtils.java:logGet(43)) - raft.server.sleep.deviation.threshold = 300 (default)
2019-10-22 01:07:20,317 [pool-59-thread-1] INFO  server.RaftServerConfigKeys (ConfUtils.java:logGet(43)) - raft.server.log.appender.install.snapshot.enabled = false (custom)
2019-10-22 01:07:20,317 [pool-59-thread-1] INFO  impl.RaftServerImpl (ServerState.java:<init>(103)) - 961c004b-2cdf-4092-9b5c-36f8bd0f140b@group-3C40BA09D40C: ConfigurationManager, init=-1: [], old=null, confs=<EMPTY_MAP>
2019-10-22 01:07:20,318 [pool-59-thread-1] INFO  server.RaftServerConfigKeys (ConfUtils.java:logGet(43)) - raft.server.storage.dir = [/workdir/hadoop-ozone/integration-test/target/test-dir/MiniOzoneClusterImpl-891fbafd-cb48-4392-8fd2-d372f9b36073/datanode-2/data/ratis] (custom)
2019-10-22 01:07:20,318 [org.apache.hadoop.util.JvmPauseMonitor$Monitor@1df3970a] INFO  util.JvmPauseMonitor (JvmPauseMonitor.java:run(188)) - Starting JVM pause monitor
2019-10-22 01:07:20,318 [pool-59-thread-1] INFO  server.RaftServerConfigKeys (ConfUtils.java:logGet(43)) - raft.server.log.corruption.policy = EXCEPTION (default)
2019-10-22 01:07:20,331 [pool-59-thread-1] INFO  storage.RaftStorageDirectory (RaftStorageDirectory.java:tryLock(328)) - Lock on /workdir/hadoop-ozone/integration-test/target/test-dir/MiniOzoneClusterImpl-891fbafd-cb48-4392-8fd2-d372f9b36073/datanode-2/data/ratis/2cbd8cfc-dfa6-4d43-b162-3c40ba09d40c/in_use.lock acquired by nodename 20038@pr-hdds-2131-5wjdl-3623002096
2019-10-22 01:07:20,333 [pool-59-thread-1] INFO  ratis.ContainerStateMachine (ContainerStateMachine.java:loadSnapshot(240)) - group-3C40BA09D40C: Setting the last applied index to (t:5, i:3)
2019-10-22 01:07:20,340 [pool-59-thread-1] INFO  impl.RaftServerImpl (ServerState.java:setRaftConf(357)) - 961c004b-2cdf-4092-9b5c-36f8bd0f140b@group-3C40BA09D40C: set configuration 0: [db7ea609-3ced-42df-bea1-3bd72610fc9e:192.168.157.222:46031, 961c004b-2cdf-4092-9b5c-36f8bd0f140b:192.168.157.222:44865, 3c326374-3547-416b-998e-7532ea2ef48b:192.168.157.222:44132], old=null at 0
2019-10-22 01:07:20,340 [pool-59-thread-1] INFO  server.RaftServerConfigKeys (ConfUtils.java:logGet(43)) - raft.server.notification.no-leader.timeout = 1000s (custom)
2019-10-22 01:07:20,340 [pool-59-thread-1] INFO  server.RaftServerConfigKeys (ConfUtils.java:logGet(43)) - raft.server.log.use.memory = false (default)
2019-10-22 01:07:20,340 [pool-59-thread-1] INFO  server.RaftServerConfigKeys (ConfUtils.java:logGet(43)) - raft.server.log.purge.gap = 1000000 (custom)
2019-10-22 01:07:20,341 [pool-59-thread-1] INFO  server.RaftServerConfigKeys (ConfUtils.java:logGet(43)) - raft.server.log.appender.buffer.byte-limit = 33554432 (custom)
2019-10-22 01:07:20,341 [pool-59-thread-1] INFO  server.RaftServerConfigKeys (ConfUtils.java:logGet(43)) - raft.server.log.segment.size.max = 1048576 (custom)
2019-10-22 01:07:20,341 [pool-59-thread-1] INFO  server.RaftServerConfigKeys (ConfUtils.java:logGet(43)) - raft.server.log.segment.cache.num.max = 2 (custom)
2019-10-22 01:07:20,341 [pool-59-thread-1] INFO  segmented.SegmentedRaftLogWorker (SegmentedRaftLogWorker.java:<init>(173)) - new 961c004b-2cdf-4092-9b5c-36f8bd0f140b@group-3C40BA09D40C-SegmentedRaftLogWorker for RaftStorage:Storage Directory /workdir/hadoop-ozone/integration-test/target/test-dir/MiniOzoneClusterImpl-891fbafd-cb48-4392-8fd2-d372f9b36073/datanode-2/data/ratis/2cbd8cfc-dfa6-4d43-b162-3c40ba09d40c
2019-10-22 01:07:20,341 [pool-59-thread-1] INFO  server.RaftServerConfigKeys (ConfUtils.java:logGet(43)) - raft.server.log.queue.byte-limit = 2147483647 (custom)
2019-10-22 01:07:20,341 [pool-59-thread-1] INFO  server.RaftServerConfigKeys (ConfUtils.java:logGet(43)) - raft.server.log.queue.element-limit = 1024 (custom)
2019-10-22 01:07:20,342 [pool-59-thread-1] INFO  server.RaftServerConfigKeys (ConfUtils.java:logGet(43)) - raft.server.log.segment.size.max = 1048576 (custom)
2019-10-22 01:07:20,342 [pool-59-thread-1] INFO  server.RaftServerConfigKeys (ConfUtils.java:logGet(43)) - raft.server.log.preallocated.size = 16384 (custom)
2019-10-22 01:07:20,342 [pool-59-thread-1] INFO  server.RaftServerConfigKeys (ConfUtils.java:logGet(43)) - raft.server.log.write.buffer.size = 33554432 (custom)
2019-10-22 01:07:20,342 [pool-59-thread-1] INFO  server.RaftServerConfigKeys (ConfUtils.java:logGet(43)) - raft.server.log.force.sync.num = 128 (default)
2019-10-22 01:07:20,342 [pool-59-thread-1] INFO  server.RaftServerConfigKeys (ConfUtils.java:logGet(43)) - raft.server.log.statemachine.data.sync = true (default)
2019-10-22 01:07:20,342 [pool-59-thread-1] INFO  server.RaftServerConfigKeys (ConfUtils.java:logGet(43)) - raft.server.log.statemachine.data.sync.timeout = 10s (default)
2019-10-22 01:07:20,343 [pool-59-thread-1] INFO  server.RaftServerConfigKeys (ConfUtils.java:logGet(43)) - raft.server.log.statemachine.data.sync.timeout.retry = -1 (default)
2019-10-22 01:07:20,343 [pool-59-thread-1] INFO  server.RaftServerConfigKeys (ConfUtils.java:logGet(43)) - raft.server.log.statemachine.data.caching.enabled = true (custom)
2019-10-22 01:07:20,344 [pool-59-thread-1] INFO  impl.RaftServerImpl (ServerState.java:setRaftConf(357)) - 961c004b-2cdf-4092-9b5c-36f8bd0f140b@group-3C40BA09D40C: set configuration 0: [db7ea609-3ced-42df-bea1-3bd72610fc9e:192.168.157.222:46031, 961c004b-2cdf-4092-9b5c-36f8bd0f140b:192.168.157.222:44865, 3c326374-3547-416b-998e-7532ea2ef48b:192.168.157.222:44132], old=null at 0
2019-10-22 01:07:20,345 [pool-59-thread-1] INFO  segmented.LogSegment (LogSegment.java:loadSegment(140)) - Successfully read 5 entries from segment file /workdir/hadoop-ozone/integration-test/target/test-dir/MiniOzoneClusterImpl-891fbafd-cb48-4392-8fd2-d372f9b36073/datanode-2/data/ratis/2cbd8cfc-dfa6-4d43-b162-3c40ba09d40c/current/log_inprogress_0
2019-10-22 01:07:20,345 [pool-59-thread-1] INFO  segmented.SegmentedRaftLogWorker (SegmentedRaftLogWorker.java:lambda$new$0(128)) - 961c004b-2cdf-4092-9b5c-36f8bd0f140b@group-3C40BA09D40C-SegmentedRaftLogWorker: flushIndex: setUnconditionally 0 -> 4
2019-10-22 01:07:20,378 [pool-59-thread-1] INFO  raftlog.RaftLog (RaftLog.java:lambda$new$0(61)) - 961c004b-2cdf-4092-9b5c-36f8bd0f140b@group-3C40BA09D40C-SegmentedRaftLog: commitIndex: updateToMax old=3, new=3, updated? false
2019-10-22 01:07:20,378 [pool-59-thread-1] INFO  server.RaftServerConfigKeys (ConfUtils.java:logGet(43)) - raft.server.snapshot.auto.trigger.enabled = true (custom)
2019-10-22 01:07:20,379 [pool-59-thread-1] INFO  server.RaftServerConfigKeys (ConfUtils.java:logGet(43)) - raft.server.snapshot.auto.trigger.threshold = 10000 (custom)
2019-10-22 01:07:20,379 [pool-59-thread-1] INFO  server.RaftServerConfigKeys (ConfUtils.java:logGet(43)) - raft.server.snapshot.retention.file.num = 5 (custom)
2019-10-22 01:07:20,379 [pool-59-thread-1] INFO  server.RaftServerConfigKeys (ConfUtils.java:logGet(43)) - raft.server.retrycache.expirytime = 600000ms (custom)
2019-10-22 01:07:20,454 [SCMBlockDeletingService#0] INFO  block.SCMBlockDeletingService (SCMBlockDeletingService.java:call(184)) - Totally added 1 delete blocks command for 1 datanodes, task elapsed time: 0ms
2019-10-22 01:07:20,460 [pool-7-thread-1] INFO  commands.RetriableDatanodeEventWatcher (RetriableDatanodeEventWatcher.java:onTimeout(47)) - RetriableDatanodeCommand type=deleteBlocksCommand with id=1571706439450 timed out. Retrying.
2019-10-22 01:07:20,840 [BlockDeletingService#2] WARN  background.BlockDeletingService (BlockDeletingService.java:isDeletionAllowed(187)) - Close Container log Index 6 is not replicated across allthe servers in the pipeline 2cbd8cfc-dfa6-4d43-b162-3c40ba09d40c as the min replicated index is 4. Deletion is not allowed in this container yet.
2019-10-22 01:07:20,840 [BlockDeletingService#2] WARN  background.BlockDeletingService (BlockDeletingService.java:isDeletionAllowed(187)) - Close Container log Index 6 is not replicated across allthe servers in the pipeline 2cbd8cfc-dfa6-4d43-b162-3c40ba09d40c as the min replicated index is 4. Deletion is not allowed in this container yet.
2019-10-22 01:07:21,454 [pool-7-thread-1] INFO  commands.RetriableDatanodeEventWatcher (RetriableDatanodeEventWatcher.java:onTimeout(47)) - RetriableDatanodeCommand type=deleteBlocksCommand with id=1571706439452 timed out. Retrying.
2019-10-22 01:07:21,455 [SCMBlockDeletingService#0] INFO  block.SCMBlockDeletingService (SCMBlockDeletingService.java:call(184)) - Totally added 1 delete blocks command for 1 datanodes, task elapsed time: 0ms
2019-10-22 01:07:21,461 [pool-7-thread-1] INFO  commands.RetriableDatanodeEventWatcher (RetriableDatanodeEventWatcher.java:onTimeout(47)) - RetriableDatanodeCommand type=deleteBlocksCommand with id=1571706439450 timed out. Retrying.
2019-10-22 01:07:21,841 [BlockDeletingService#2] WARN  background.BlockDeletingService (BlockDeletingService.java:isDeletionAllowed(187)) - Close Container log Index 6 is not replicated across allthe servers in the pipeline 2cbd8cfc-dfa6-4d43-b162-3c40ba09d40c as the min replicated index is 4. Deletion is not allowed in this container yet.
2019-10-22 01:07:21,841 [BlockDeletingService#2] WARN  background.BlockDeletingService (BlockDeletingService.java:isDeletionAllowed(187)) - Close Container log Index 6 is not replicated across allthe servers in the pipeline 2cbd8cfc-dfa6-4d43-b162-3c40ba09d40c as the min replicated index is 4. Deletion is not allowed in this container yet.
2019-10-22 01:07:22,320 [Datanode State Machine Thread - 0] INFO  ozoneimpl.OzoneContainer (OzoneContainer.java:start(213)) - Attempting to start container services.
2019-10-22 01:07:22,320 [Datanode State Machine Thread - 0] INFO  ozoneimpl.OzoneContainer (OzoneContainer.java:startContainerScrub(177)) - Background container scanner has been disabled.
2019-10-22 01:07:22,320 [Datanode State Machine Thread - 0] INFO  ratis.XceiverServerRatis (XceiverServerRatis.java:start(418)) - Starting XceiverServerRatis 961c004b-2cdf-4092-9b5c-36f8bd0f140b at port 44865
2019-10-22 01:07:22,328 [Datanode State Machine Thread - 0] INFO  impl.RaftServerImpl (RaftServerImpl.java:start(195)) - 961c004b-2cdf-4092-9b5c-36f8bd0f140b@group-807AA9B385CC: start as a follower, conf=0: [961c004b-2cdf-4092-9b5c-36f8bd0f140b:192.168.157.222:44865], old=null
2019-10-22 01:07:22,328 [ForkJoinPool.commonPool-worker-0] INFO  impl.RaftServerImpl (RaftServerImpl.java:start(195)) - 961c004b-2cdf-4092-9b5c-36f8bd0f140b@group-3C40BA09D40C: start as a follower, conf=0: [db7ea609-3ced-42df-bea1-3bd72610fc9e:192.168.157.222:46031, 961c004b-2cdf-4092-9b5c-36f8bd0f140b:192.168.157.222:44865, 3c326374-3547-416b-998e-7532ea2ef48b:192.168.157.222:44132], old=null
2019-10-22 01:07:22,329 [Datanode State Machine Thread - 0] INFO  impl.RaftServerImpl (RaftServerImpl.java:setRole(184)) - 961c004b-2cdf-4092-9b5c-36f8bd0f140b@group-807AA9B385CC: changes role from      null to FOLLOWER at term 1 for startAsFollower
2019-10-22 01:07:22,329 [ForkJoinPool.commonPool-worker-0] INFO  impl.RaftServerImpl (RaftServerImpl.java:setRole(184)) - 961c004b-2cdf-4092-9b5c-36f8bd0f140b@group-3C40BA09D40C: changes role from      null to FOLLOWER at term 5 for startAsFollower
2019-10-22 01:07:22,329 [Datanode State Machine Thread - 0] INFO  impl.RoleInfo (RoleInfo.java:updateAndGet(143)) - 961c004b-2cdf-4092-9b5c-36f8bd0f140b: start FollowerState
2019-10-22 01:07:22,329 [ForkJoinPool.commonPool-worker-0] INFO  impl.RoleInfo (RoleInfo.java:updateAndGet(143)) - 961c004b-2cdf-4092-9b5c-36f8bd0f140b: start FollowerState
2019-10-22 01:07:22,329 [ForkJoinPool.commonPool-worker-0] INFO  util.JmxRegister (JmxRegister.java:tryRegister(44)) - Successfully registered JMX Bean with object name Ratis:service=RaftServer,group=group-3C40BA09D40C,id=961c004b-2cdf-4092-9b5c-36f8bd0f140b
2019-10-22 01:07:22,329 [Datanode State Machine Thread - 0] INFO  util.JmxRegister (JmxRegister.java:tryRegister(44)) - Successfully registered JMX Bean with object name Ratis:service=RaftServer,group=group-807AA9B385CC,id=961c004b-2cdf-4092-9b5c-36f8bd0f140b
2019-10-22 01:07:22,334 [Datanode State Machine Thread - 0] INFO  impl.RaftServerProxy (RaftServerProxy.java:lambda$start$3(299)) - 961c004b-2cdf-4092-9b5c-36f8bd0f140b: start RPC server
2019-10-22 01:07:22,335 [Datanode State Machine Thread - 0] INFO  server.GrpcService (GrpcService.java:startImpl(158)) - 961c004b-2cdf-4092-9b5c-36f8bd0f140b: GrpcService started, listening on 0.0.0.0/0.0.0.0:44865
2019-10-22 01:07:22,346 [Thread-572] INFO  impl.FollowerState (FollowerState.java:run(108)) - 961c004b-2cdf-4092-9b5c-36f8bd0f140b@group-3C40BA09D40C-FollowerState: change to CANDIDATE, lastRpcTime:17ms, electionTimeout:17ms
2019-10-22 01:07:22,346 [Thread-572] INFO  impl.RoleInfo (RoleInfo.java:shutdownFollowerState(121)) - 961c004b-2cdf-4092-9b5c-36f8bd0f140b: shutdown FollowerState
2019-10-22 01:07:22,346 [Thread-572] INFO  impl.RaftServerImpl (RaftServerImpl.java:setRole(184)) - 961c004b-2cdf-4092-9b5c-36f8bd0f140b@group-3C40BA09D40C: changes role from  FOLLOWER to CANDIDATE at term 5 for changeToCandidate
2019-10-22 01:07:22,347 [Thread-572] INFO  impl.RoleInfo (RoleInfo.java:updateAndGet(143)) - 961c004b-2cdf-4092-9b5c-36f8bd0f140b: start LeaderElection
2019-10-22 01:07:22,354 [961c004b-2cdf-4092-9b5c-36f8bd0f140b@group-3C40BA09D40C-LeaderElection8] INFO  impl.LeaderElection (LeaderElection.java:askForVotes(178)) - 961c004b-2cdf-4092-9b5c-36f8bd0f140b@group-3C40BA09D40C-LeaderElection8: begin an election at term 6 for 0: [db7ea609-3ced-42df-bea1-3bd72610fc9e:192.168.157.222:46031, 961c004b-2cdf-4092-9b5c-36f8bd0f140b:192.168.157.222:44865, 3c326374-3547-416b-998e-7532ea2ef48b:192.168.157.222:44132], old=null
2019-10-22 01:07:22,364 [grpc-default-executor-0] INFO  impl.RaftServerImpl (ServerState.java:setLeader(256)) - db7ea609-3ced-42df-bea1-3bd72610fc9e@group-3C40BA09D40C: change Leader from 3c326374-3547-416b-998e-7532ea2ef48b to null at term 6 for updateCurrentTerm
2019-10-22 01:07:22,364 [grpc-default-executor-5] INFO  impl.RaftServerImpl (ServerState.java:setLeader(256)) - 3c326374-3547-416b-998e-7532ea2ef48b@group-3C40BA09D40C: change Leader from 3c326374-3547-416b-998e-7532ea2ef48b to null at term 6 for updateCurrentTerm
2019-10-22 01:07:22,364 [grpc-default-executor-0] INFO  impl.RaftServerImpl (RaftServerImpl.java:setRole(184)) - db7ea609-3ced-42df-bea1-3bd72610fc9e@group-3C40BA09D40C: changes role from  FOLLOWER to FOLLOWER at term 6 for recognizeCandidate:961c004b-2cdf-4092-9b5c-36f8bd0f140b
2019-10-22 01:07:22,364 [grpc-default-executor-5] INFO  impl.RaftServerImpl (RaftServerImpl.java:setRole(184)) - 3c326374-3547-416b-998e-7532ea2ef48b@group-3C40BA09D40C: changes role from    LEADER to FOLLOWER at term 6 for recognizeCandidate:961c004b-2cdf-4092-9b5c-36f8bd0f140b
2019-10-22 01:07:22,364 [grpc-default-executor-0] INFO  impl.RoleInfo (RoleInfo.java:shutdownFollowerState(121)) - db7ea609-3ced-42df-bea1-3bd72610fc9e: shutdown FollowerState
2019-10-22 01:07:22,364 [grpc-default-executor-5] INFO  impl.RoleInfo (RoleInfo.java:shutdownLeaderState(104)) - 3c326374-3547-416b-998e-7532ea2ef48b: shutdown LeaderState
2019-10-22 01:07:22,364 [grpc-default-executor-0] INFO  impl.RoleInfo (RoleInfo.java:updateAndGet(143)) - db7ea609-3ced-42df-bea1-3bd72610fc9e: start FollowerState
2019-10-22 01:07:22,364 [Thread-243] INFO  impl.FollowerState (FollowerState.java:run(117)) - db7ea609-3ced-42df-bea1-3bd72610fc9e@group-3C40BA09D40C-FollowerState was interrupted: java.lang.InterruptedException: sleep interrupted
2019-10-22 01:07:22,366 [grpc-default-executor-5] INFO  impl.PendingRequests (PendingRequests.java:sendNotLeaderResponses(202)) - 3c326374-3547-416b-998e-7532ea2ef48b@group-3C40BA09D40C-PendingRequests: sendNotLeaderResponses
2019-10-22 01:07:22,366 [org.apache.ratis.server.impl.LogAppender$AppenderDaemon$$Lambda$398/670556058@6ee0914c] WARN  server.GrpcLogAppender (GrpcLogAppender.java:mayWait(149)) - 3c326374-3547-416b-998e-7532ea2ef48b@group-3C40BA09D40C->961c004b-2cdf-4092-9b5c-36f8bd0f140b-GrpcLogAppender: Wait interrupted by java.lang.InterruptedException
2019-10-22 01:07:22,366 [org.apache.ratis.server.impl.LogAppender$AppenderDaemon$$Lambda$398/670556058@5f754c7f] WARN  server.GrpcLogAppender (GrpcLogAppender.java:mayWait(149)) - 3c326374-3547-416b-998e-7532ea2ef48b@group-3C40BA09D40C->db7ea609-3ced-42df-bea1-3bd72610fc9e-GrpcLogAppender: Wait interrupted by java.lang.InterruptedException
2019-10-22 01:07:22,369 [Thread-579] INFO  client.GrpcClientProtocolService (GrpcClientProtocolService.java:lambda$processClientRequest$0(278)) - Failed RaftClientRequest:client-266370AF2C40->3c326374-3547-416b-998e-7532ea2ef48b@group-3C40BA09D40C, cid=10, seq=0, Watch-ALL_COMMITTED(6), Message:<EMPTY>, reply=RaftClientReply:client-266370AF2C40->3c326374-3547-416b-998e-7532ea2ef48b@group-3C40BA09D40C, cid=10, FAILED org.apache.ratis.protocol.NotLeaderException: Server 3c326374-3547-416b-998e-7532ea2ef48b@group-3C40BA09D40C is not the leader, logIndex=0, commits[3c326374-3547-416b-998e-7532ea2ef48b:c10, db7ea609-3ced-42df-bea1-3bd72610fc9e:c10, 961c004b-2cdf-4092-9b5c-36f8bd0f140b:c4]
2019-10-22 01:07:22,369 [grpc-default-executor-1] INFO  server.GrpcServerProtocolService (GrpcServerProtocolService.java:onCompleted(113)) - db7ea609-3ced-42df-bea1-3bd72610fc9e: Completed APPEND_ENTRIES, lastRequest: 3c326374-3547-416b-998e-7532ea2ef48b->db7ea609-3ced-42df-bea1-3bd72610fc9e#52-t5, previous=(t:5, i:10), leaderCommit=10, initializing? false, entries: <empty>
2019-10-22 01:07:22,369 [grpc-default-executor-5] INFO  impl.RoleInfo (RoleInfo.java:updateAndGet(143)) - 3c326374-3547-416b-998e-7532ea2ef48b: start FollowerState
2019-10-22 01:07:22,370 [grpc-default-executor-1] INFO  server.GrpcLogAppender (GrpcLogAppender.java:onCompleted(308)) - 3c326374-3547-416b-998e-7532ea2ef48b@group-3C40BA09D40C->db7ea609-3ced-42df-bea1-3bd72610fc9e-AppendLogResponseHandler: follower responses appendEntries COMPLETED
2019-10-22 01:07:22,375 [grpc-default-executor-1] INFO  impl.FollowerInfo (FollowerInfo.java:lambda$new$0(51)) - 3c326374-3547-416b-998e-7532ea2ef48b@group-3C40BA09D40C->db7ea609-3ced-42df-bea1-3bd72610fc9e: nextIndex: updateUnconditionally 11 -> 10
2019-10-22 01:07:22,393 [961c004b-2cdf-4092-9b5c-36f8bd0f140b@group-3C40BA09D40C-LeaderElection8] INFO  impl.LeaderElection (LeaderElection.java:logAndReturn(56)) - 961c004b-2cdf-4092-9b5c-36f8bd0f140b@group-3C40BA09D40C-LeaderElection8: Election REJECTED; received 2 response(s) [961c004b-2cdf-4092-9b5c-36f8bd0f140b<-db7ea609-3ced-42df-bea1-3bd72610fc9e#0:FAIL-t6, 961c004b-2cdf-4092-9b5c-36f8bd0f140b<-3c326374-3547-416b-998e-7532ea2ef48b#0:FAIL-t6] and 0 exception(s); 961c004b-2cdf-4092-9b5c-36f8bd0f140b@group-3C40BA09D40C:t6, leader=null, voted=961c004b-2cdf-4092-9b5c-36f8bd0f140b, raftlog=961c004b-2cdf-4092-9b5c-36f8bd0f140b@group-3C40BA09D40C-SegmentedRaftLog:OPENED:c3,f4,i4, conf=0: [db7ea609-3ced-42df-bea1-3bd72610fc9e:192.168.157.222:46031, 961c004b-2cdf-4092-9b5c-36f8bd0f140b:192.168.157.222:44865, 3c326374-3547-416b-998e-7532ea2ef48b:192.168.157.222:44132], old=null
2019-10-22 01:07:22,394 [961c004b-2cdf-4092-9b5c-36f8bd0f140b@group-3C40BA09D40C-LeaderElection8] INFO  impl.RaftServerImpl (RaftServerImpl.java:setRole(184)) - 961c004b-2cdf-4092-9b5c-36f8bd0f140b@group-3C40BA09D40C: changes role from CANDIDATE to FOLLOWER at term 6 for DISCOVERED_A_NEW_TERM
2019-10-22 01:07:22,394 [961c004b-2cdf-4092-9b5c-36f8bd0f140b@group-3C40BA09D40C-LeaderElection8] INFO  impl.RoleInfo (RoleInfo.java:shutdownLeaderElection(134)) - 961c004b-2cdf-4092-9b5c-36f8bd0f140b: shutdown LeaderElection
2019-10-22 01:07:22,394 [961c004b-2cdf-4092-9b5c-36f8bd0f140b@group-3C40BA09D40C-LeaderElection8] INFO  impl.RoleInfo (RoleInfo.java:updateAndGet(143)) - 961c004b-2cdf-4092-9b5c-36f8bd0f140b: start FollowerState
2019-10-22 01:07:22,454 [pool-7-thread-1] INFO  commands.RetriableDatanodeEventWatcher (RetriableDatanodeEventWatcher.java:onTimeout(47)) - RetriableDatanodeCommand type=deleteBlocksCommand with id=1571706439452 timed out. Retrying.
2019-10-22 01:07:22,456 [pool-7-thread-2] INFO  commands.RetriableDatanodeEventWatcher (RetriableDatanodeEventWatcher.java:onTimeout(47)) - RetriableDatanodeCommand type=deleteBlocksCommand with id=1571706439453 timed out. Retrying.
2019-10-22 01:07:22,456 [SCMBlockDeletingService#0] INFO  block.SCMBlockDeletingService (SCMBlockDeletingService.java:call(184)) - Totally added 1 delete blocks command for 1 datanodes, task elapsed time: 1ms
2019-10-22 01:07:22,461 [pool-7-thread-2] INFO  commands.RetriableDatanodeEventWatcher (RetriableDatanodeEventWatcher.java:onTimeout(47)) - RetriableDatanodeCommand type=deleteBlocksCommand with id=1571706439450 timed out. Retrying.
2019-10-22 01:07:22,519 [Thread-571] INFO  impl.FollowerState (FollowerState.java:run(108)) - 961c004b-2cdf-4092-9b5c-36f8bd0f140b@group-807AA9B385CC-FollowerState: change to CANDIDATE, lastRpcTime:190ms, electionTimeout:190ms
2019-10-22 01:07:22,519 [Thread-571] INFO  impl.RoleInfo (RoleInfo.java:shutdownFollowerState(121)) - 961c004b-2cdf-4092-9b5c-36f8bd0f140b: shutdown FollowerState
2019-10-22 01:07:22,519 [Thread-571] INFO  impl.RaftServerImpl (RaftServerImpl.java:setRole(184)) - 961c004b-2cdf-4092-9b5c-36f8bd0f140b@group-807AA9B385CC: changes role from  FOLLOWER to CANDIDATE at term 1 for changeToCandidate
2019-10-22 01:07:22,520 [Thread-571] INFO  impl.RoleInfo (RoleInfo.java:updateAndGet(143)) - 961c004b-2cdf-4092-9b5c-36f8bd0f140b: start LeaderElection
2019-10-22 01:07:22,523 [Thread-581] INFO  impl.FollowerState (FollowerState.java:run(108)) - 961c004b-2cdf-4092-9b5c-36f8bd0f140b@group-3C40BA09D40C-FollowerState: change to CANDIDATE, lastRpcTime:128ms, electionTimeout:127ms
2019-10-22 01:07:22,523 [Thread-581] INFO  impl.RoleInfo (RoleInfo.java:shutdownFollowerState(121)) - 961c004b-2cdf-4092-9b5c-36f8bd0f140b: shutdown FollowerState
2019-10-22 01:07:22,523 [Thread-581] INFO  impl.RaftServerImpl (RaftServerImpl.java:setRole(184)) - 961c004b-2cdf-4092-9b5c-36f8bd0f140b@group-3C40BA09D40C: changes role from  FOLLOWER to CANDIDATE at term 6 for changeToCandidate
2019-10-22 01:07:22,523 [Thread-581] INFO  impl.RoleInfo (RoleInfo.java:updateAndGet(143)) - 961c004b-2cdf-4092-9b5c-36f8bd0f140b: start LeaderElection
2019-10-22 01:07:22,536 [java.util.concurrent.ThreadPoolExecutor$Worker@3c30b846[State = -1, empty queue]] WARN  server.GrpcLogAppender (GrpcLogAppender.java:timeoutAppendRequest(209)) - 3c326374-3547-416b-998e-7532ea2ef48b@group-3C40BA09D40C->961c004b-2cdf-4092-9b5c-36f8bd0f140b-GrpcLogAppender: appendEntries Timeout, request=3c326374-3547-416b-998e-7532ea2ef48b->961c004b-2cdf-4092-9b5c-36f8bd0f140b#51-t5, previous=(t:5, i:10), leaderCommit=10, initializing? false, entries: <empty>
2019-10-22 01:07:22,539 [961c004b-2cdf-4092-9b5c-36f8bd0f140b@group-3C40BA09D40C-LeaderElection10] INFO  impl.LeaderElection (LeaderElection.java:askForVotes(178)) - 961c004b-2cdf-4092-9b5c-36f8bd0f140b@group-3C40BA09D40C-LeaderElection10: begin an election at term 7 for 0: [db7ea609-3ced-42df-bea1-3bd72610fc9e:192.168.157.222:46031, 961c004b-2cdf-4092-9b5c-36f8bd0f140b:192.168.157.222:44865, 3c326374-3547-416b-998e-7532ea2ef48b:192.168.157.222:44132], old=null
2019-10-22 01:07:22,539 [961c004b-2cdf-4092-9b5c-36f8bd0f140b@group-807AA9B385CC-LeaderElection9] INFO  impl.LeaderElection (LeaderElection.java:askForVotes(178)) - 961c004b-2cdf-4092-9b5c-36f8bd0f140b@group-807AA9B385CC-LeaderElection9: begin an election at term 2 for 0: [961c004b-2cdf-4092-9b5c-36f8bd0f140b:192.168.157.222:44865], old=null
2019-10-22 01:07:22,539 [961c004b-2cdf-4092-9b5c-36f8bd0f140b@group-807AA9B385CC-LeaderElection9] INFO  impl.RoleInfo (RoleInfo.java:shutdownLeaderElection(134)) - 961c004b-2cdf-4092-9b5c-36f8bd0f140b: shutdown LeaderElection
2019-10-22 01:07:22,539 [961c004b-2cdf-4092-9b5c-36f8bd0f140b@group-807AA9B385CC-LeaderElection9] INFO  impl.RaftServerImpl (RaftServerImpl.java:setRole(184)) - 961c004b-2cdf-4092-9b5c-36f8bd0f140b@group-807AA9B385CC: changes role from CANDIDATE to LEADER at term 2 for changeToLeader
2019-10-22 01:07:22,539 [961c004b-2cdf-4092-9b5c-36f8bd0f140b@group-807AA9B385CC-LeaderElection9] INFO  impl.RaftServerImpl (ServerState.java:setLeader(256)) - 961c004b-2cdf-4092-9b5c-36f8bd0f140b@group-807AA9B385CC: change Leader from null to 961c004b-2cdf-4092-9b5c-36f8bd0f140b at term 2 for becomeLeader, leader elected after 2268ms
2019-10-22 01:07:22,540 [961c004b-2cdf-4092-9b5c-36f8bd0f140b@group-807AA9B385CC-LeaderElection9] INFO  server.RaftServerConfigKeys (ConfUtils.java:logGet(43)) - raft.server.staging.catchup.gap = 1000 (default)
2019-10-22 01:07:22,540 [961c004b-2cdf-4092-9b5c-36f8bd0f140b@group-807AA9B385CC-LeaderElection9] INFO  server.RaftServerConfigKeys (ConfUtils.java:logGet(43)) - raft.server.rpc.sleep.time = 25ms (default)
2019-10-22 01:07:22,540 [961c004b-2cdf-4092-9b5c-36f8bd0f140b@group-807AA9B385CC-LeaderElection9] INFO  server.RaftServerConfigKeys (ConfUtils.java:logGet(43)) - raft.server.write.element-limit = 4096 (default)
2019-10-22 01:07:22,540 [961c004b-2cdf-4092-9b5c-36f8bd0f140b@group-807AA9B385CC-LeaderElection9] INFO  server.RaftServerConfigKeys (ConfUtils.java:logGet(43)) - raft.server.watch.timeout = 10s (default)
2019-10-22 01:07:22,541 [961c004b-2cdf-4092-9b5c-36f8bd0f140b@group-807AA9B385CC-LeaderElection9] INFO  server.RaftServerConfigKeys (ConfUtils.java:logGet(43)) - raft.server.watch.timeout.denomination = 1s (default)
2019-10-22 01:07:22,541 [961c004b-2cdf-4092-9b5c-36f8bd0f140b@group-807AA9B385CC-LeaderElection9] INFO  server.RaftServerConfigKeys (ConfUtils.java:logGet(43)) - raft.server.watch.element-limit = 65536 (default)
2019-10-22 01:07:22,541 [961c004b-2cdf-4092-9b5c-36f8bd0f140b@group-807AA9B385CC-LeaderElection9] INFO  impl.RoleInfo (RoleInfo.java:updateAndGet(143)) - 961c004b-2cdf-4092-9b5c-36f8bd0f140b: start LeaderState
2019-10-22 01:07:22,541 [961c004b-2cdf-4092-9b5c-36f8bd0f140b@group-807AA9B385CC-LeaderElection9] INFO  segmented.SegmentedRaftLogWorker (SegmentedRaftLogWorker.java:rollLogSegment(390)) - 961c004b-2cdf-4092-9b5c-36f8bd0f140b@group-807AA9B385CC-SegmentedRaftLogWorker: Rolling segment log-0_0 to index:0
2019-10-22 01:07:22,543 [grpc-default-executor-0] INFO  impl.RaftServerImpl (RaftServerImpl.java:setRole(184)) - db7ea609-3ced-42df-bea1-3bd72610fc9e@group-3C40BA09D40C: changes role from  FOLLOWER to FOLLOWER at term 7 for recognizeCandidate:961c004b-2cdf-4092-9b5c-36f8bd0f140b
2019-10-22 01:07:22,543 [grpc-default-executor-5] INFO  impl.RaftServerImpl (RaftServerImpl.java:setRole(184)) - 3c326374-3547-416b-998e-7532ea2ef48b@group-3C40BA09D40C: changes role from  FOLLOWER to FOLLOWER at term 7 for recognizeCandidate:961c004b-2cdf-4092-9b5c-36f8bd0f140b
2019-10-22 01:07:22,544 [grpc-default-executor-0] INFO  impl.RoleInfo (RoleInfo.java:shutdownFollowerState(121)) - db7ea609-3ced-42df-bea1-3bd72610fc9e: shutdown FollowerState
2019-10-22 01:07:22,544 [grpc-default-executor-5] INFO  impl.RoleInfo (RoleInfo.java:shutdownFollowerState(121)) - 3c326374-3547-416b-998e-7532ea2ef48b: shutdown FollowerState
2019-10-22 01:07:22,545 [grpc-default-executor-0] INFO  impl.RoleInfo (RoleInfo.java:updateAndGet(143)) - db7ea609-3ced-42df-bea1-3bd72610fc9e: start FollowerState
2019-10-22 01:07:22,544 [Thread-578] INFO  impl.FollowerState (FollowerState.java:run(117)) - db7ea609-3ced-42df-bea1-3bd72610fc9e@group-3C40BA09D40C-FollowerState was interrupted: java.lang.InterruptedException: sleep interrupted
2019-10-22 01:07:22,545 [961c004b-2cdf-4092-9b5c-36f8bd0f140b@group-807AA9B385CC-LeaderElection9] INFO  impl.RaftServerImpl (ServerState.java:setRaftConf(357)) - 961c004b-2cdf-4092-9b5c-36f8bd0f140b@group-807AA9B385CC: set configuration 1: [961c004b-2cdf-4092-9b5c-36f8bd0f140b:192.168.157.222:44865], old=null at 1
2019-10-22 01:07:22,545 [grpc-default-executor-5] INFO  impl.RoleInfo (RoleInfo.java:updateAndGet(143)) - 3c326374-3547-416b-998e-7532ea2ef48b: start FollowerState
2019-10-22 01:07:22,545 [Thread-580] INFO  impl.FollowerState (FollowerState.java:run(117)) - 3c326374-3547-416b-998e-7532ea2ef48b@group-3C40BA09D40C-FollowerState was interrupted: java.lang.InterruptedException: sleep interrupted
2019-10-22 01:07:22,547 [961c004b-2cdf-4092-9b5c-36f8bd0f140b@group-807AA9B385CC-SegmentedRaftLogWorker] INFO  segmented.SegmentedRaftLogWorker (SegmentedRaftLogWorker.java:execute(533)) - 961c004b-2cdf-4092-9b5c-36f8bd0f140b@group-807AA9B385CC-SegmentedRaftLogWorker: Rolled log segment from /workdir/hadoop-ozone/integration-test/target/test-dir/MiniOzoneClusterImpl-891fbafd-cb48-4392-8fd2-d372f9b36073/datanode-2/data/ratis/afe04543-6421-4059-9420-807aa9b385cc/current/log_inprogress_0 to /workdir/hadoop-ozone/integration-test/target/test-dir/MiniOzoneClusterImpl-891fbafd-cb48-4392-8fd2-d372f9b36073/datanode-2/data/ratis/afe04543-6421-4059-9420-807aa9b385cc/current/log_0-0
2019-10-22 01:07:22,561 [961c004b-2cdf-4092-9b5c-36f8bd0f140b@group-3C40BA09D40C-LeaderElection10] INFO  impl.LeaderElection (LeaderElection.java:logAndReturn(56)) - 961c004b-2cdf-4092-9b5c-36f8bd0f140b@group-3C40BA09D40C-LeaderElection10: Election TIMEOUT; received 0 response(s) [] and 0 exception(s); 961c004b-2cdf-4092-9b5c-36f8bd0f140b@group-3C40BA09D40C:t7, leader=null, voted=961c004b-2cdf-4092-9b5c-36f8bd0f140b, raftlog=961c004b-2cdf-4092-9b5c-36f8bd0f140b@group-3C40BA09D40C-SegmentedRaftLog:OPENED:c3,f4,i4, conf=0: [db7ea609-3ced-42df-bea1-3bd72610fc9e:192.168.157.222:46031, 961c004b-2cdf-4092-9b5c-36f8bd0f140b:192.168.157.222:44865, 3c326374-3547-416b-998e-7532ea2ef48b:192.168.157.222:44132], old=null
2019-10-22 01:07:22,584 [961c004b-2cdf-4092-9b5c-36f8bd0f140b@group-3C40BA09D40C-LeaderElection10] INFO  impl.LeaderElection (LeaderElection.java:askForVotes(178)) - 961c004b-2cdf-4092-9b5c-36f8bd0f140b@group-3C40BA09D40C-LeaderElection10: begin an election at term 8 for 0: [db7ea609-3ced-42df-bea1-3bd72610fc9e:192.168.157.222:46031, 961c004b-2cdf-4092-9b5c-36f8bd0f140b:192.168.157.222:44865, 3c326374-3547-416b-998e-7532ea2ef48b:192.168.157.222:44132], old=null
2019-10-22 01:07:22,588 [grpc-default-executor-0] INFO  impl.RaftServerImpl (RaftServerImpl.java:setRole(184)) - 3c326374-3547-416b-998e-7532ea2ef48b@group-3C40BA09D40C: changes role from  FOLLOWER to FOLLOWER at term 8 for recognizeCandidate:961c004b-2cdf-4092-9b5c-36f8bd0f140b
2019-10-22 01:07:22,588 [grpc-default-executor-5] INFO  impl.RaftServerImpl (RaftServerImpl.java:setRole(184)) - db7ea609-3ced-42df-bea1-3bd72610fc9e@group-3C40BA09D40C: changes role from  FOLLOWER to FOLLOWER at term 8 for recognizeCandidate:961c004b-2cdf-4092-9b5c-36f8bd0f140b
2019-10-22 01:07:22,589 [grpc-default-executor-0] INFO  impl.RoleInfo (RoleInfo.java:shutdownFollowerState(121)) - 3c326374-3547-416b-998e-7532ea2ef48b: shutdown FollowerState
2019-10-22 01:07:22,589 [grpc-default-executor-5] INFO  impl.RoleInfo (RoleInfo.java:shutdownFollowerState(121)) - db7ea609-3ced-42df-bea1-3bd72610fc9e: shutdown FollowerState
2019-10-22 01:07:22,589 [grpc-default-executor-0] INFO  impl.RoleInfo (RoleInfo.java:updateAndGet(143)) - 3c326374-3547-416b-998e-7532ea2ef48b: start FollowerState
2019-10-22 01:07:22,589 [Thread-587] INFO  impl.FollowerState (FollowerState.java:run(117)) - db7ea609-3ced-42df-bea1-3bd72610fc9e@group-3C40BA09D40C-FollowerState was interrupted: java.lang.InterruptedException: sleep interrupted
2019-10-22 01:07:22,589 [grpc-default-executor-5] INFO  impl.RoleInfo (RoleInfo.java:updateAndGet(143)) - db7ea609-3ced-42df-bea1-3bd72610fc9e: start FollowerState
2019-10-22 01:07:22,589 [Thread-588] INFO  impl.FollowerState (FollowerState.java:run(117)) - 3c326374-3547-416b-998e-7532ea2ef48b@group-3C40BA09D40C-FollowerState was interrupted: java.lang.InterruptedException: sleep interrupted
2019-10-22 01:07:22,693 [961c004b-2cdf-4092-9b5c-36f8bd0f140b@group-807AA9B385CC-SegmentedRaftLogWorker] INFO  segmented.SegmentedRaftLogWorker (SegmentedRaftLogWorker.java:execute(576)) - 961c004b-2cdf-4092-9b5c-36f8bd0f140b@group-807AA9B385CC-SegmentedRaftLogWorker: created new log segment /workdir/hadoop-ozone/integration-test/target/test-dir/MiniOzoneClusterImpl-891fbafd-cb48-4392-8fd2-d372f9b36073/datanode-2/data/ratis/afe04543-6421-4059-9420-807aa9b385cc/current/log_inprogress_1
2019-10-22 01:07:22,703 [961c004b-2cdf-4092-9b5c-36f8bd0f140b@group-3C40BA09D40C-LeaderElection10] INFO  impl.LeaderElection (LeaderElection.java:logAndReturn(56)) - 961c004b-2cdf-4092-9b5c-36f8bd0f140b@group-3C40BA09D40C-LeaderElection10: Election REJECTED; received 2 response(s) [961c004b-2cdf-4092-9b5c-36f8bd0f140b<-db7ea609-3ced-42df-bea1-3bd72610fc9e#0:FAIL-t8, 961c004b-2cdf-4092-9b5c-36f8bd0f140b<-3c326374-3547-416b-998e-7532ea2ef48b#0:FAIL-t8] and 0 exception(s); 961c004b-2cdf-4092-9b5c-36f8bd0f140b@group-3C40BA09D40C:t8, leader=null, voted=961c004b-2cdf-4092-9b5c-36f8bd0f140b, raftlog=961c004b-2cdf-4092-9b5c-36f8bd0f140b@group-3C40BA09D40C-SegmentedRaftLog:OPENED:c3,f4,i4, conf=0: [db7ea609-3ced-42df-bea1-3bd72610fc9e:192.168.157.222:46031, 961c004b-2cdf-4092-9b5c-36f8bd0f140b:192.168.157.222:44865, 3c326374-3547-416b-998e-7532ea2ef48b:192.168.157.222:44132], old=null
2019-10-22 01:07:22,703 [961c004b-2cdf-4092-9b5c-36f8bd0f140b@group-3C40BA09D40C-LeaderElection10] INFO  impl.RaftServerImpl (RaftServerImpl.java:setRole(184)) - 961c004b-2cdf-4092-9b5c-36f8bd0f140b@group-3C40BA09D40C: changes role from CANDIDATE to FOLLOWER at term 8 for DISCOVERED_A_NEW_TERM
2019-10-22 01:07:22,704 [961c004b-2cdf-4092-9b5c-36f8bd0f140b@group-3C40BA09D40C-LeaderElection10] INFO  impl.RoleInfo (RoleInfo.java:shutdownLeaderElection(134)) - 961c004b-2cdf-4092-9b5c-36f8bd0f140b: shutdown LeaderElection
2019-10-22 01:07:22,704 [961c004b-2cdf-4092-9b5c-36f8bd0f140b@group-3C40BA09D40C-LeaderElection10] INFO  impl.RoleInfo (RoleInfo.java:updateAndGet(143)) - 961c004b-2cdf-4092-9b5c-36f8bd0f140b: start FollowerState
2019-10-22 01:07:22,843 [BlockDeletingService#2] WARN  background.BlockDeletingService (BlockDeletingService.java:isDeletionAllowed(187)) - Close Container log Index 6 is not replicated across allthe servers in the pipeline 2cbd8cfc-dfa6-4d43-b162-3c40ba09d40c as the min replicated index is 4. Deletion is not allowed in this container yet.
2019-10-22 01:07:22,843 [BlockDeletingService#2] WARN  background.BlockDeletingService (BlockDeletingService.java:isDeletionAllowed(187)) - Close Container log Index 6 is not replicated across allthe servers in the pipeline 2cbd8cfc-dfa6-4d43-b162-3c40ba09d40c as the min replicated index is 4. Deletion is not allowed in this container yet.
2019-10-22 01:07:22,883 [Thread-593] INFO  impl.FollowerState (FollowerState.java:run(108)) - 961c004b-2cdf-4092-9b5c-36f8bd0f140b@group-3C40BA09D40C-FollowerState: change to CANDIDATE, lastRpcTime:179ms, electionTimeout:178ms
2019-10-22 01:07:22,884 [Thread-593] INFO  impl.RoleInfo (RoleInfo.java:shutdownFollowerState(121)) - 961c004b-2cdf-4092-9b5c-36f8bd0f140b: shutdown FollowerState
2019-10-22 01:07:22,884 [Thread-593] INFO  impl.RaftServerImpl (RaftServerImpl.java:setRole(184)) - 961c004b-2cdf-4092-9b5c-36f8bd0f140b@group-3C40BA09D40C: changes role from  FOLLOWER to CANDIDATE at term 8 for changeToCandidate
2019-10-22 01:07:22,884 [Thread-593] INFO  impl.RoleInfo (RoleInfo.java:updateAndGet(143)) - 961c004b-2cdf-4092-9b5c-36f8bd0f140b: start LeaderElection
2019-10-22 01:07:22,910 [961c004b-2cdf-4092-9b5c-36f8bd0f140b@group-3C40BA09D40C-LeaderElection11] INFO  impl.LeaderElection (LeaderElection.java:askForVotes(178)) - 961c004b-2cdf-4092-9b5c-36f8bd0f140b@group-3C40BA09D40C-LeaderElection11: begin an election at term 9 for 0: [db7ea609-3ced-42df-bea1-3bd72610fc9e:192.168.157.222:46031, 961c004b-2cdf-4092-9b5c-36f8bd0f140b:192.168.157.222:44865, 3c326374-3547-416b-998e-7532ea2ef48b:192.168.157.222:44132], old=null
2019-10-22 01:07:22,915 [grpc-default-executor-5] INFO  impl.RaftServerImpl (RaftServerImpl.java:setRole(184)) - 3c326374-3547-416b-998e-7532ea2ef48b@group-3C40BA09D40C: changes role from  FOLLOWER to FOLLOWER at term 9 for recognizeCandidate:961c004b-2cdf-4092-9b5c-36f8bd0f140b
2019-10-22 01:07:22,915 [grpc-default-executor-0] INFO  impl.RaftServerImpl (RaftServerImpl.java:setRole(184)) - db7ea609-3ced-42df-bea1-3bd72610fc9e@group-3C40BA09D40C: changes role from  FOLLOWER to FOLLOWER at term 9 for recognizeCandidate:961c004b-2cdf-4092-9b5c-36f8bd0f140b
2019-10-22 01:07:22,915 [grpc-default-executor-5] INFO  impl.RoleInfo (RoleInfo.java:shutdownFollowerState(121)) - 3c326374-3547-416b-998e-7532ea2ef48b: shutdown FollowerState
2019-10-22 01:07:22,915 [grpc-default-executor-0] INFO  impl.RoleInfo (RoleInfo.java:shutdownFollowerState(121)) - db7ea609-3ced-42df-bea1-3bd72610fc9e: shutdown FollowerState
2019-10-22 01:07:22,916 [grpc-default-executor-5] INFO  impl.RoleInfo (RoleInfo.java:updateAndGet(143)) - 3c326374-3547-416b-998e-7532ea2ef48b: start FollowerState
2019-10-22 01:07:22,916 [Thread-591] INFO  impl.FollowerState (FollowerState.java:run(117)) - 3c326374-3547-416b-998e-7532ea2ef48b@group-3C40BA09D40C-FollowerState was interrupted: java.lang.InterruptedException: sleep interrupted
2019-10-22 01:07:22,916 [Thread-592] INFO  impl.FollowerState (FollowerState.java:run(117)) - db7ea609-3ced-42df-bea1-3bd72610fc9e@group-3C40BA09D40C-FollowerState was interrupted: java.lang.InterruptedException: sleep interrupted
2019-10-22 01:07:22,916 [grpc-default-executor-0] INFO  impl.RoleInfo (RoleInfo.java:updateAndGet(143)) - db7ea609-3ced-42df-bea1-3bd72610fc9e: start FollowerState
2019-10-22 01:07:22,928 [961c004b-2cdf-4092-9b5c-36f8bd0f140b@group-3C40BA09D40C-LeaderElection11] INFO  impl.LeaderElection (LeaderElection.java:logAndReturn(56)) - 961c004b-2cdf-4092-9b5c-36f8bd0f140b@group-3C40BA09D40C-LeaderElection11: Election REJECTED; received 2 response(s) [961c004b-2cdf-4092-9b5c-36f8bd0f140b<-db7ea609-3ced-42df-bea1-3bd72610fc9e#0:FAIL-t9, 961c004b-2cdf-4092-9b5c-36f8bd0f140b<-3c326374-3547-416b-998e-7532ea2ef48b#0:FAIL-t9] and 0 exception(s); 961c004b-2cdf-4092-9b5c-36f8bd0f140b@group-3C40BA09D40C:t9, leader=null, voted=961c004b-2cdf-4092-9b5c-36f8bd0f140b, raftlog=961c004b-2cdf-4092-9b5c-36f8bd0f140b@group-3C40BA09D40C-SegmentedRaftLog:OPENED:c3,f4,i4, conf=0: [db7ea609-3ced-42df-bea1-3bd72610fc9e:192.168.157.222:46031, 961c004b-2cdf-4092-9b5c-36f8bd0f140b:192.168.157.222:44865, 3c326374-3547-416b-998e-7532ea2ef48b:192.168.157.222:44132], old=null
2019-10-22 01:07:22,928 [961c004b-2cdf-4092-9b5c-36f8bd0f140b@group-3C40BA09D40C-LeaderElection11] INFO  impl.RaftServerImpl (RaftServerImpl.java:setRole(184)) - 961c004b-2cdf-4092-9b5c-36f8bd0f140b@group-3C40BA09D40C: changes role from CANDIDATE to FOLLOWER at term 9 for DISCOVERED_A_NEW_TERM
2019-10-22 01:07:22,930 [961c004b-2cdf-4092-9b5c-36f8bd0f140b@group-3C40BA09D40C-LeaderElection11] INFO  impl.RoleInfo (RoleInfo.java:shutdownLeaderElection(134)) - 961c004b-2cdf-4092-9b5c-36f8bd0f140b: shutdown LeaderElection
2019-10-22 01:07:22,930 [961c004b-2cdf-4092-9b5c-36f8bd0f140b@group-3C40BA09D40C-LeaderElection11] INFO  impl.RoleInfo (RoleInfo.java:updateAndGet(143)) - 961c004b-2cdf-4092-9b5c-36f8bd0f140b: start FollowerState
2019-10-22 01:07:23,096 [Thread-601] INFO  impl.FollowerState (FollowerState.java:run(108)) - 961c004b-2cdf-4092-9b5c-36f8bd0f140b@group-3C40BA09D40C-FollowerState: change to CANDIDATE, lastRpcTime:166ms, electionTimeout:165ms
2019-10-22 01:07:23,098 [Thread-601] INFO  impl.RoleInfo (RoleInfo.java:shutdownFollowerState(121)) - 961c004b-2cdf-4092-9b5c-36f8bd0f140b: shutdown FollowerState
2019-10-22 01:07:23,098 [Thread-601] INFO  impl.RaftServerImpl (RaftServerImpl.java:setRole(184)) - 961c004b-2cdf-4092-9b5c-36f8bd0f140b@group-3C40BA09D40C: changes role from  FOLLOWER to CANDIDATE at term 9 for changeToCandidate
2019-10-22 01:07:23,098 [Thread-601] INFO  impl.RoleInfo (RoleInfo.java:updateAndGet(143)) - 961c004b-2cdf-4092-9b5c-36f8bd0f140b: start LeaderElection
2019-10-22 01:07:23,126 [961c004b-2cdf-4092-9b5c-36f8bd0f140b@group-3C40BA09D40C-LeaderElection12] INFO  impl.LeaderElection (LeaderElection.java:askForVotes(178)) - 961c004b-2cdf-4092-9b5c-36f8bd0f140b@group-3C40BA09D40C-LeaderElection12: begin an election at term 10 for 0: [db7ea609-3ced-42df-bea1-3bd72610fc9e:192.168.157.222:46031, 961c004b-2cdf-4092-9b5c-36f8bd0f140b:192.168.157.222:44865, 3c326374-3547-416b-998e-7532ea2ef48b:192.168.157.222:44132], old=null
2019-10-22 01:07:23,134 [grpc-default-executor-0] INFO  impl.RaftServerImpl (RaftServerImpl.java:setRole(184)) - db7ea609-3ced-42df-bea1-3bd72610fc9e@group-3C40BA09D40C: changes role from  FOLLOWER to FOLLOWER at term 10 for recognizeCandidate:961c004b-2cdf-4092-9b5c-36f8bd0f140b
2019-10-22 01:07:23,134 [grpc-default-executor-5] INFO  impl.RaftServerImpl (RaftServerImpl.java:setRole(184)) - 3c326374-3547-416b-998e-7532ea2ef48b@group-3C40BA09D40C: changes role from  FOLLOWER to FOLLOWER at term 10 for recognizeCandidate:961c004b-2cdf-4092-9b5c-36f8bd0f140b
2019-10-22 01:07:23,135 [grpc-default-executor-0] INFO  impl.RoleInfo (RoleInfo.java:shutdownFollowerState(121)) - db7ea609-3ced-42df-bea1-3bd72610fc9e: shutdown FollowerState
2019-10-22 01:07:23,135 [grpc-default-executor-5] INFO  impl.RoleInfo (RoleInfo.java:shutdownFollowerState(121)) - 3c326374-3547-416b-998e-7532ea2ef48b: shutdown FollowerState
2019-10-22 01:07:23,135 [grpc-default-executor-0] INFO  impl.RoleInfo (RoleInfo.java:updateAndGet(143)) - db7ea609-3ced-42df-bea1-3bd72610fc9e: start FollowerState
2019-10-22 01:07:23,135 [Thread-600] INFO  impl.FollowerState (FollowerState.java:run(117)) - db7ea609-3ced-42df-bea1-3bd72610fc9e@group-3C40BA09D40C-FollowerState was interrupted: java.lang.InterruptedException: sleep interrupted
2019-10-22 01:07:23,135 [grpc-default-executor-5] INFO  impl.RoleInfo (RoleInfo.java:updateAndGet(143)) - 3c326374-3547-416b-998e-7532ea2ef48b: start FollowerState
2019-10-22 01:07:23,135 [Thread-599] INFO  impl.FollowerState (FollowerState.java:run(117)) - 3c326374-3547-416b-998e-7532ea2ef48b@group-3C40BA09D40C-FollowerState was interrupted: java.lang.InterruptedException: sleep interrupted
2019-10-22 01:07:23,163 [961c004b-2cdf-4092-9b5c-36f8bd0f140b@group-3C40BA09D40C-LeaderElection12] INFO  impl.LeaderElection (LeaderElection.java:logAndReturn(56)) - 961c004b-2cdf-4092-9b5c-36f8bd0f140b@group-3C40BA09D40C-LeaderElection12: Election REJECTED; received 2 response(s) [961c004b-2cdf-4092-9b5c-36f8bd0f140b<-db7ea609-3ced-42df-bea1-3bd72610fc9e#0:FAIL-t10, 961c004b-2cdf-4092-9b5c-36f8bd0f140b<-3c326374-3547-416b-998e-7532ea2ef48b#0:FAIL-t10] and 0 exception(s); 961c004b-2cdf-4092-9b5c-36f8bd0f140b@group-3C40BA09D40C:t10, leader=null, voted=961c004b-2cdf-4092-9b5c-36f8bd0f140b, raftlog=961c004b-2cdf-4092-9b5c-36f8bd0f140b@group-3C40BA09D40C-SegmentedRaftLog:OPENED:c3,f4,i4, conf=0: [db7ea609-3ced-42df-bea1-3bd72610fc9e:192.168.157.222:46031, 961c004b-2cdf-4092-9b5c-36f8bd0f140b:192.168.157.222:44865, 3c326374-3547-416b-998e-7532ea2ef48b:192.168.157.222:44132], old=null
2019-10-22 01:07:23,163 [961c004b-2cdf-4092-9b5c-36f8bd0f140b@group-3C40BA09D40C-LeaderElection12] INFO  impl.RaftServerImpl (RaftServerImpl.java:setRole(184)) - 961c004b-2cdf-4092-9b5c-36f8bd0f140b@group-3C40BA09D40C: changes role from CANDIDATE to FOLLOWER at term 10 for DISCOVERED_A_NEW_TERM
2019-10-22 01:07:23,164 [961c004b-2cdf-4092-9b5c-36f8bd0f140b@group-3C40BA09D40C-LeaderElection12] INFO  impl.RoleInfo (RoleInfo.java:shutdownLeaderElection(134)) - 961c004b-2cdf-4092-9b5c-36f8bd0f140b: shutdown LeaderElection
2019-10-22 01:07:23,164 [961c004b-2cdf-4092-9b5c-36f8bd0f140b@group-3C40BA09D40C-LeaderElection12] INFO  impl.RoleInfo (RoleInfo.java:updateAndGet(143)) - 961c004b-2cdf-4092-9b5c-36f8bd0f140b: start FollowerState
2019-10-22 01:07:23,269 [Thread-607] INFO  impl.FollowerState (FollowerState.java:run(108)) - 961c004b-2cdf-4092-9b5c-36f8bd0f140b@group-3C40BA09D40C-FollowerState: change to CANDIDATE, lastRpcTime:105ms, electionTimeout:104ms
2019-10-22 01:07:23,271 [Thread-607] INFO  impl.RoleInfo (RoleInfo.java:shutdownFollowerState(121)) - 961c004b-2cdf-4092-9b5c-36f8bd0f140b: shutdown FollowerState
2019-10-22 01:07:23,271 [Thread-607] INFO  impl.RaftServerImpl (RaftServerImpl.java:setRole(184)) - 961c004b-2cdf-4092-9b5c-36f8bd0f140b@group-3C40BA09D40C: changes role from  FOLLOWER to CANDIDATE at term 10 for changeToCandidate
2019-10-22 01:07:23,271 [Thread-607] INFO  impl.RoleInfo (RoleInfo.java:updateAndGet(143)) - 961c004b-2cdf-4092-9b5c-36f8bd0f140b: start LeaderElection
2019-10-22 01:07:23,286 [961c004b-2cdf-4092-9b5c-36f8bd0f140b@group-3C40BA09D40C-LeaderElection13] INFO  impl.LeaderElection (LeaderElection.java:askForVotes(178)) - 961c004b-2cdf-4092-9b5c-36f8bd0f140b@group-3C40BA09D40C-LeaderElection13: begin an election at term 11 for 0: [db7ea609-3ced-42df-bea1-3bd72610fc9e:192.168.157.222:46031, 961c004b-2cdf-4092-9b5c-36f8bd0f140b:192.168.157.222:44865, 3c326374-3547-416b-998e-7532ea2ef48b:192.168.157.222:44132], old=null
2019-10-22 01:07:23,292 [grpc-default-executor-5] INFO  impl.RaftServerImpl (RaftServerImpl.java:setRole(184)) - 3c326374-3547-416b-998e-7532ea2ef48b@group-3C40BA09D40C: changes role from  FOLLOWER to FOLLOWER at term 11 for recognizeCandidate:961c004b-2cdf-4092-9b5c-36f8bd0f140b
2019-10-22 01:07:23,292 [grpc-default-executor-0] INFO  impl.RaftServerImpl (RaftServerImpl.java:setRole(184)) - db7ea609-3ced-42df-bea1-3bd72610fc9e@group-3C40BA09D40C: changes role from  FOLLOWER to FOLLOWER at term 11 for recognizeCandidate:961c004b-2cdf-4092-9b5c-36f8bd0f140b
2019-10-22 01:07:23,292 [grpc-default-executor-5] INFO  impl.RoleInfo (RoleInfo.java:shutdownFollowerState(121)) - 3c326374-3547-416b-998e-7532ea2ef48b: shutdown FollowerState
2019-10-22 01:07:23,292 [grpc-default-executor-0] INFO  impl.RoleInfo (RoleInfo.java:shutdownFollowerState(121)) - db7ea609-3ced-42df-bea1-3bd72610fc9e: shutdown FollowerState
2019-10-22 01:07:23,292 [grpc-default-executor-5] INFO  impl.RoleInfo (RoleInfo.java:updateAndGet(143)) - 3c326374-3547-416b-998e-7532ea2ef48b: start FollowerState
2019-10-22 01:07:23,293 [grpc-default-executor-0] INFO  impl.RoleInfo (RoleInfo.java:updateAndGet(143)) - db7ea609-3ced-42df-bea1-3bd72610fc9e: start FollowerState
2019-10-22 01:07:23,292 [Thread-606] INFO  impl.FollowerState (FollowerState.java:run(117)) - 3c326374-3547-416b-998e-7532ea2ef48b@group-3C40BA09D40C-FollowerState was interrupted: java.lang.InterruptedException: sleep interrupted
2019-10-22 01:07:23,293 [Thread-605] INFO  impl.FollowerState (FollowerState.java:run(117)) - db7ea609-3ced-42df-bea1-3bd72610fc9e@group-3C40BA09D40C-FollowerState was interrupted: java.lang.InterruptedException: sleep interrupted
2019-10-22 01:07:23,336 [961c004b-2cdf-4092-9b5c-36f8bd0f140b@group-3C40BA09D40C-LeaderElection13] INFO  impl.LeaderElection (LeaderElection.java:logAndReturn(56)) - 961c004b-2cdf-4092-9b5c-36f8bd0f140b@group-3C40BA09D40C-LeaderElection13: Election REJECTED; received 2 response(s) [961c004b-2cdf-4092-9b5c-36f8bd0f140b<-db7ea609-3ced-42df-bea1-3bd72610fc9e#0:FAIL-t11, 961c004b-2cdf-4092-9b5c-36f8bd0f140b<-3c326374-3547-416b-998e-7532ea2ef48b#0:FAIL-t11] and 0 exception(s); 961c004b-2cdf-4092-9b5c-36f8bd0f140b@group-3C40BA09D40C:t11, leader=null, voted=961c004b-2cdf-4092-9b5c-36f8bd0f140b, raftlog=961c004b-2cdf-4092-9b5c-36f8bd0f140b@group-3C40BA09D40C-SegmentedRaftLog:OPENED:c3,f4,i4, conf=0: [db7ea609-3ced-42df-bea1-3bd72610fc9e:192.168.157.222:46031, 961c004b-2cdf-4092-9b5c-36f8bd0f140b:192.168.157.222:44865, 3c326374-3547-416b-998e-7532ea2ef48b:192.168.157.222:44132], old=null
2019-10-22 01:07:23,336 [961c004b-2cdf-4092-9b5c-36f8bd0f140b@group-3C40BA09D40C-LeaderElection13] INFO  impl.RaftServerImpl (RaftServerImpl.java:setRole(184)) - 961c004b-2cdf-4092-9b5c-36f8bd0f140b@group-3C40BA09D40C: changes role from CANDIDATE to FOLLOWER at term 11 for DISCOVERED_A_NEW_TERM
2019-10-22 01:07:23,337 [961c004b-2cdf-4092-9b5c-36f8bd0f140b@group-3C40BA09D40C-LeaderElection13] INFO  impl.RoleInfo (RoleInfo.java:shutdownLeaderElection(134)) - 961c004b-2cdf-4092-9b5c-36f8bd0f140b: shutdown LeaderElection
2019-10-22 01:07:23,337 [961c004b-2cdf-4092-9b5c-36f8bd0f140b@group-3C40BA09D40C-LeaderElection13] INFO  impl.RoleInfo (RoleInfo.java:updateAndGet(143)) - 961c004b-2cdf-4092-9b5c-36f8bd0f140b: start FollowerState
2019-10-22 01:07:23,385 [Thread-616] INFO  client.GrpcClientProtocolService (GrpcClientProtocolService.java:lambda$processClientRequest$0(278)) - Failed RaftClientRequest:client-266370AF2C40->db7ea609-3ced-42df-bea1-3bd72610fc9e@group-3C40BA09D40C, cid=10, seq=0, Watch-ALL_COMMITTED(6), Message:<EMPTY>, reply=RaftClientReply:client-266370AF2C40->db7ea609-3ced-42df-bea1-3bd72610fc9e@group-3C40BA09D40C, cid=10, FAILED org.apache.ratis.protocol.NotLeaderException: Server db7ea609-3ced-42df-bea1-3bd72610fc9e@group-3C40BA09D40C is not the leader, logIndex=0, commits[db7ea609-3ced-42df-bea1-3bd72610fc9e:c10, 961c004b-2cdf-4092-9b5c-36f8bd0f140b:c4, 3c326374-3547-416b-998e-7532ea2ef48b:c10]
2019-10-22 01:07:23,434 [Thread-614] INFO  impl.FollowerState (FollowerState.java:run(108)) - 961c004b-2cdf-4092-9b5c-36f8bd0f140b@group-3C40BA09D40C-FollowerState: change to CANDIDATE, lastRpcTime:96ms, electionTimeout:95ms
2019-10-22 01:07:23,434 [Thread-614] INFO  impl.RoleInfo (RoleInfo.java:shutdownFollowerState(121)) - 961c004b-2cdf-4092-9b5c-36f8bd0f140b: shutdown FollowerState
2019-10-22 01:07:23,434 [Thread-614] INFO  impl.RaftServerImpl (RaftServerImpl.java:setRole(184)) - 961c004b-2cdf-4092-9b5c-36f8bd0f140b@group-3C40BA09D40C: changes role from  FOLLOWER to CANDIDATE at term 11 for changeToCandidate
2019-10-22 01:07:23,434 [Thread-614] INFO  impl.RoleInfo (RoleInfo.java:updateAndGet(143)) - 961c004b-2cdf-4092-9b5c-36f8bd0f140b: start LeaderElection
2019-10-22 01:07:23,449 [961c004b-2cdf-4092-9b5c-36f8bd0f140b@group-3C40BA09D40C-LeaderElection14] INFO  impl.LeaderElection (LeaderElection.java:askForVotes(178)) - 961c004b-2cdf-4092-9b5c-36f8bd0f140b@group-3C40BA09D40C-LeaderElection14: begin an election at term 12 for 0: [db7ea609-3ced-42df-bea1-3bd72610fc9e:192.168.157.222:46031, 961c004b-2cdf-4092-9b5c-36f8bd0f140b:192.168.157.222:44865, 3c326374-3547-416b-998e-7532ea2ef48b:192.168.157.222:44132], old=null
2019-10-22 01:07:23,455 [grpc-default-executor-5] INFO  impl.RaftServerImpl (RaftServerImpl.java:setRole(184)) - db7ea609-3ced-42df-bea1-3bd72610fc9e@group-3C40BA09D40C: changes role from  FOLLOWER to FOLLOWER at term 12 for recognizeCandidate:961c004b-2cdf-4092-9b5c-36f8bd0f140b
2019-10-22 01:07:23,455 [grpc-default-executor-5] INFO  impl.RoleInfo (RoleInfo.java:shutdownFollowerState(121)) - db7ea609-3ced-42df-bea1-3bd72610fc9e: shutdown FollowerState
2019-10-22 01:07:23,455 [grpc-default-executor-0] INFO  impl.RaftServerImpl (RaftServerImpl.java:setRole(184)) - 3c326374-3547-416b-998e-7532ea2ef48b@group-3C40BA09D40C: changes role from  FOLLOWER to FOLLOWER at term 12 for recognizeCandidate:961c004b-2cdf-4092-9b5c-36f8bd0f140b
2019-10-22 01:07:23,456 [grpc-default-executor-5] INFO  impl.RoleInfo (RoleInfo.java:updateAndGet(143)) - db7ea609-3ced-42df-bea1-3bd72610fc9e: start FollowerState
2019-10-22 01:07:23,456 [Thread-612] INFO  impl.FollowerState (FollowerState.java:run(117)) - db7ea609-3ced-42df-bea1-3bd72610fc9e@group-3C40BA09D40C-FollowerState was interrupted: java.lang.InterruptedException: sleep interrupted
2019-10-22 01:07:23,455 [pool-7-thread-2] INFO  commands.RetriableDatanodeEventWatcher (RetriableDatanodeEventWatcher.java:onTimeout(47)) - RetriableDatanodeCommand type=deleteBlocksCommand with id=1571706439452 timed out. Retrying.
2019-10-22 01:07:23,456 [grpc-default-executor-0] INFO  impl.RoleInfo (RoleInfo.java:shutdownFollowerState(121)) - 3c326374-3547-416b-998e-7532ea2ef48b: shutdown FollowerState
2019-10-22 01:07:23,458 [pool-7-thread-3] INFO  commands.RetriableDatanodeEventWatcher (RetriableDatanodeEventWatcher.java:onTimeout(47)) - RetriableDatanodeCommand type=deleteBlocksCommand with id=1571706439454 timed out. Retrying.
2019-10-22 01:07:23,458 [grpc-default-executor-0] INFO  impl.RoleInfo (RoleInfo.java:updateAndGet(143)) - 3c326374-3547-416b-998e-7532ea2ef48b: start FollowerState
2019-10-22 01:07:23,458 [Thread-611] INFO  impl.FollowerState (FollowerState.java:run(117)) - 3c326374-3547-416b-998e-7532ea2ef48b@group-3C40BA09D40C-FollowerState was interrupted: java.lang.InterruptedException: sleep interrupted
2019-10-22 01:07:23,458 [pool-7-thread-1] INFO  commands.RetriableDatanodeEventWatcher (RetriableDatanodeEventWatcher.java:onTimeout(47)) - RetriableDatanodeCommand type=deleteBlocksCommand with id=1571706439453 timed out. Retrying.
2019-10-22 01:07:23,458 [SCMBlockDeletingService#0] INFO  block.SCMBlockDeletingService (SCMBlockDeletingService.java:call(184)) - Totally added 1 delete blocks command for 1 datanodes, task elapsed time: 1ms
2019-10-22 01:07:23,461 [pool-7-thread-1] INFO  commands.RetriableDatanodeEventWatcher (RetriableDatanodeEventWatcher.java:onTimeout(47)) - RetriableDatanodeCommand type=deleteBlocksCommand with id=1571706439450 timed out. Retrying.
2019-10-22 01:07:23,484 [961c004b-2cdf-4092-9b5c-36f8bd0f140b@group-3C40BA09D40C-LeaderElection14] INFO  impl.LeaderElection (LeaderElection.java:logAndReturn(56)) - 961c004b-2cdf-4092-9b5c-36f8bd0f140b@group-3C40BA09D40C-LeaderElection14: Election REJECTED; received 2 response(s) [961c004b-2cdf-4092-9b5c-36f8bd0f140b<-db7ea609-3ced-42df-bea1-3bd72610fc9e#0:FAIL-t12, 961c004b-2cdf-4092-9b5c-36f8bd0f140b<-3c326374-3547-416b-998e-7532ea2ef48b#0:FAIL-t12] and 0 exception(s); 961c004b-2cdf-4092-9b5c-36f8bd0f140b@group-3C40BA09D40C:t12, leader=null, voted=961c004b-2cdf-4092-9b5c-36f8bd0f140b, raftlog=961c004b-2cdf-4092-9b5c-36f8bd0f140b@group-3C40BA09D40C-SegmentedRaftLog:OPENED:c3,f4,i4, conf=0: [db7ea609-3ced-42df-bea1-3bd72610fc9e:192.168.157.222:46031, 961c004b-2cdf-4092-9b5c-36f8bd0f140b:192.168.157.222:44865, 3c326374-3547-416b-998e-7532ea2ef48b:192.168.157.222:44132], old=null
2019-10-22 01:07:23,484 [961c004b-2cdf-4092-9b5c-36f8bd0f140b@group-3C40BA09D40C-LeaderElection14] INFO  impl.RaftServerImpl (RaftServerImpl.java:setRole(184)) - 961c004b-2cdf-4092-9b5c-36f8bd0f140b@group-3C40BA09D40C: changes role from CANDIDATE to FOLLOWER at term 12 for DISCOVERED_A_NEW_TERM
2019-10-22 01:07:23,488 [961c004b-2cdf-4092-9b5c-36f8bd0f140b@group-3C40BA09D40C-LeaderElection14] INFO  impl.RoleInfo (RoleInfo.java:shutdownLeaderElection(134)) - 961c004b-2cdf-4092-9b5c-36f8bd0f140b: shutdown LeaderElection
2019-10-22 01:07:23,488 [961c004b-2cdf-4092-9b5c-36f8bd0f140b@group-3C40BA09D40C-LeaderElection14] INFO  impl.RoleInfo (RoleInfo.java:updateAndGet(143)) - 961c004b-2cdf-4092-9b5c-36f8bd0f140b: start FollowerState
2019-10-22 01:07:23,501 [Thread-623] INFO  impl.FollowerState (FollowerState.java:run(108)) - 961c004b-2cdf-4092-9b5c-36f8bd0f140b@group-3C40BA09D40C-FollowerState: change to CANDIDATE, lastRpcTime:12ms, electionTimeout:12ms
2019-10-22 01:07:23,501 [Thread-623] INFO  impl.RoleInfo (RoleInfo.java:shutdownFollowerState(121)) - 961c004b-2cdf-4092-9b5c-36f8bd0f140b: shutdown FollowerState
2019-10-22 01:07:23,502 [Thread-623] INFO  impl.RaftServerImpl (RaftServerImpl.java:setRole(184)) - 961c004b-2cdf-4092-9b5c-36f8bd0f140b@group-3C40BA09D40C: changes role from  FOLLOWER to CANDIDATE at term 12 for changeToCandidate
2019-10-22 01:07:23,502 [Thread-623] INFO  impl.RoleInfo (RoleInfo.java:updateAndGet(143)) - 961c004b-2cdf-4092-9b5c-36f8bd0f140b: start LeaderElection
2019-10-22 01:07:23,526 [961c004b-2cdf-4092-9b5c-36f8bd0f140b@group-3C40BA09D40C-LeaderElection15] INFO  impl.LeaderElection (LeaderElection.java:askForVotes(178)) - 961c004b-2cdf-4092-9b5c-36f8bd0f140b@group-3C40BA09D40C-LeaderElection15: begin an election at term 13 for 0: [db7ea609-3ced-42df-bea1-3bd72610fc9e:192.168.157.222:46031, 961c004b-2cdf-4092-9b5c-36f8bd0f140b:192.168.157.222:44865, 3c326374-3547-416b-998e-7532ea2ef48b:192.168.157.222:44132], old=null
2019-10-22 01:07:23,530 [grpc-default-executor-0] INFO  impl.RaftServerImpl (RaftServerImpl.java:setRole(184)) - db7ea609-3ced-42df-bea1-3bd72610fc9e@group-3C40BA09D40C: changes role from  FOLLOWER to FOLLOWER at term 13 for recognizeCandidate:961c004b-2cdf-4092-9b5c-36f8bd0f140b
2019-10-22 01:07:23,530 [grpc-default-executor-5] INFO  impl.RaftServerImpl (RaftServerImpl.java:setRole(184)) - 3c326374-3547-416b-998e-7532ea2ef48b@group-3C40BA09D40C: changes role from  FOLLOWER to FOLLOWER at term 13 for recognizeCandidate:961c004b-2cdf-4092-9b5c-36f8bd0f140b
2019-10-22 01:07:23,530 [grpc-default-executor-0] INFO  impl.RoleInfo (RoleInfo.java:shutdownFollowerState(121)) - db7ea609-3ced-42df-bea1-3bd72610fc9e: shutdown FollowerState
2019-10-22 01:07:23,530 [grpc-default-executor-5] INFO  impl.RoleInfo (RoleInfo.java:shutdownFollowerState(121)) - 3c326374-3547-416b-998e-7532ea2ef48b: shutdown FollowerState
2019-10-22 01:07:23,530 [grpc-default-executor-0] INFO  impl.RoleInfo (RoleInfo.java:updateAndGet(143)) - db7ea609-3ced-42df-bea1-3bd72610fc9e: start FollowerState
2019-10-22 01:07:23,530 [Thread-621] INFO  impl.FollowerState (FollowerState.java:run(117)) - db7ea609-3ced-42df-bea1-3bd72610fc9e@group-3C40BA09D40C-FollowerState was interrupted: java.lang.InterruptedException: sleep interrupted
2019-10-22 01:07:23,530 [grpc-default-executor-5] INFO  impl.RoleInfo (RoleInfo.java:updateAndGet(143)) - 3c326374-3547-416b-998e-7532ea2ef48b: start FollowerState
2019-10-22 01:07:23,530 [Thread-622] INFO  impl.FollowerState (FollowerState.java:run(117)) - 3c326374-3547-416b-998e-7532ea2ef48b@group-3C40BA09D40C-FollowerState was interrupted: java.lang.InterruptedException: sleep interrupted
2019-10-22 01:07:23,545 [961c004b-2cdf-4092-9b5c-36f8bd0f140b@group-3C40BA09D40C-LeaderElection15] INFO  impl.LeaderElection (LeaderElection.java:logAndReturn(56)) - 961c004b-2cdf-4092-9b5c-36f8bd0f140b@group-3C40BA09D40C-LeaderElection15: Election REJECTED; received 2 response(s) [961c004b-2cdf-4092-9b5c-36f8bd0f140b<-db7ea609-3ced-42df-bea1-3bd72610fc9e#0:FAIL-t13, 961c004b-2cdf-4092-9b5c-36f8bd0f140b<-3c326374-3547-416b-998e-7532ea2ef48b#0:FAIL-t13] and 0 exception(s); 961c004b-2cdf-4092-9b5c-36f8bd0f140b@group-3C40BA09D40C:t13, leader=null, voted=961c004b-2cdf-4092-9b5c-36f8bd0f140b, raftlog=961c004b-2cdf-4092-9b5c-36f8bd0f140b@group-3C40BA09D40C-SegmentedRaftLog:OPENED:c3,f4,i4, conf=0: [db7ea609-3ced-42df-bea1-3bd72610fc9e:192.168.157.222:46031, 961c004b-2cdf-4092-9b5c-36f8bd0f140b:192.168.157.222:44865, 3c326374-3547-416b-998e-7532ea2ef48b:192.168.157.222:44132], old=null
2019-10-22 01:07:23,545 [961c004b-2cdf-4092-9b5c-36f8bd0f140b@group-3C40BA09D40C-LeaderElection15] INFO  impl.RaftServerImpl (RaftServerImpl.java:setRole(184)) - 961c004b-2cdf-4092-9b5c-36f8bd0f140b@group-3C40BA09D40C: changes role from CANDIDATE to FOLLOWER at term 13 for DISCOVERED_A_NEW_TERM
2019-10-22 01:07:23,546 [961c004b-2cdf-4092-9b5c-36f8bd0f140b@group-3C40BA09D40C-LeaderElection15] INFO  impl.RoleInfo (RoleInfo.java:shutdownLeaderElection(134)) - 961c004b-2cdf-4092-9b5c-36f8bd0f140b: shutdown LeaderElection
2019-10-22 01:07:23,546 [961c004b-2cdf-4092-9b5c-36f8bd0f140b@group-3C40BA09D40C-LeaderElection15] INFO  impl.RoleInfo (RoleInfo.java:updateAndGet(143)) - 961c004b-2cdf-4092-9b5c-36f8bd0f140b: start FollowerState
2019-10-22 01:07:23,703 [Thread-629] INFO  impl.FollowerState (FollowerState.java:run(108)) - 961c004b-2cdf-4092-9b5c-36f8bd0f140b@group-3C40BA09D40C-FollowerState: change to CANDIDATE, lastRpcTime:157ms, electionTimeout:157ms
2019-10-22 01:07:23,705 [Thread-629] INFO  impl.RoleInfo (RoleInfo.java:shutdownFollowerState(121)) - 961c004b-2cdf-4092-9b5c-36f8bd0f140b: shutdown FollowerState
2019-10-22 01:07:23,705 [Thread-629] INFO  impl.RaftServerImpl (RaftServerImpl.java:setRole(184)) - 961c004b-2cdf-4092-9b5c-36f8bd0f140b@group-3C40BA09D40C: changes role from  FOLLOWER to CANDIDATE at term 13 for changeToCandidate
2019-10-22 01:07:23,705 [Thread-629] INFO  impl.RoleInfo (RoleInfo.java:updateAndGet(143)) - 961c004b-2cdf-4092-9b5c-36f8bd0f140b: start LeaderElection
2019-10-22 01:07:23,720 [961c004b-2cdf-4092-9b5c-36f8bd0f140b@group-3C40BA09D40C-LeaderElection16] INFO  impl.LeaderElection (LeaderElection.java:askForVotes(178)) - 961c004b-2cdf-4092-9b5c-36f8bd0f140b@group-3C40BA09D40C-LeaderElection16: begin an election at term 14 for 0: [db7ea609-3ced-42df-bea1-3bd72610fc9e:192.168.157.222:46031, 961c004b-2cdf-4092-9b5c-36f8bd0f140b:192.168.157.222:44865, 3c326374-3547-416b-998e-7532ea2ef48b:192.168.157.222:44132], old=null
2019-10-22 01:07:23,724 [grpc-default-executor-0] INFO  impl.RaftServerImpl (RaftServerImpl.java:setRole(184)) - db7ea609-3ced-42df-bea1-3bd72610fc9e@group-3C40BA09D40C: changes role from  FOLLOWER to FOLLOWER at term 14 for recognizeCandidate:961c004b-2cdf-4092-9b5c-36f8bd0f140b
2019-10-22 01:07:23,724 [grpc-default-executor-5] INFO  impl.RaftServerImpl (RaftServerImpl.java:setRole(184)) - 3c326374-3547-416b-998e-7532ea2ef48b@group-3C40BA09D40C: changes role from  FOLLOWER to FOLLOWER at term 14 for recognizeCandidate:961c004b-2cdf-4092-9b5c-36f8bd0f140b
2019-10-22 01:07:23,724 [grpc-default-executor-0] INFO  impl.RoleInfo (RoleInfo.java:shutdownFollowerState(121)) - db7ea609-3ced-42df-bea1-3bd72610fc9e: shutdown FollowerState
2019-10-22 01:07:23,724 [grpc-default-executor-5] INFO  impl.RoleInfo (RoleInfo.java:shutdownFollowerState(121)) - 3c326374-3547-416b-998e-7532ea2ef48b: shutdown FollowerState
2019-10-22 01:07:23,724 [grpc-default-executor-0] INFO  impl.RoleInfo (RoleInfo.java:updateAndGet(143)) - db7ea609-3ced-42df-bea1-3bd72610fc9e: start FollowerState
2019-10-22 01:07:23,724 [Thread-627] INFO  impl.FollowerState (FollowerState.java:run(117)) - db7ea609-3ced-42df-bea1-3bd72610fc9e@group-3C40BA09D40C-FollowerState was interrupted: java.lang.InterruptedException: sleep interrupted
2019-10-22 01:07:23,725 [grpc-default-executor-5] INFO  impl.RoleInfo (RoleInfo.java:updateAndGet(143)) - 3c326374-3547-416b-998e-7532ea2ef48b: start FollowerState
2019-10-22 01:07:23,725 [Thread-628] INFO  impl.FollowerState (FollowerState.java:run(117)) - 3c326374-3547-416b-998e-7532ea2ef48b@group-3C40BA09D40C-FollowerState was interrupted: java.lang.InterruptedException: sleep interrupted
2019-10-22 01:07:23,733 [961c004b-2cdf-4092-9b5c-36f8bd0f140b@group-3C40BA09D40C-LeaderElection16] INFO  impl.LeaderElection (LeaderElection.java:logAndReturn(56)) - 961c004b-2cdf-4092-9b5c-36f8bd0f140b@group-3C40BA09D40C-LeaderElection16: Election TIMEOUT; received 0 response(s) [] and 0 exception(s); 961c004b-2cdf-4092-9b5c-36f8bd0f140b@group-3C40BA09D40C:t14, leader=null, voted=961c004b-2cdf-4092-9b5c-36f8bd0f140b, raftlog=961c004b-2cdf-4092-9b5c-36f8bd0f140b@group-3C40BA09D40C-SegmentedRaftLog:OPENED:c3,f4,i4, conf=0: [db7ea609-3ced-42df-bea1-3bd72610fc9e:192.168.157.222:46031, 961c004b-2cdf-4092-9b5c-36f8bd0f140b:192.168.157.222:44865, 3c326374-3547-416b-998e-7532ea2ef48b:192.168.157.222:44132], old=null
2019-10-22 01:07:23,741 [961c004b-2cdf-4092-9b5c-36f8bd0f140b@group-3C40BA09D40C-LeaderElection16] INFO  impl.LeaderElection (LeaderElection.java:askForVotes(178)) - 961c004b-2cdf-4092-9b5c-36f8bd0f140b@group-3C40BA09D40C-LeaderElection16: begin an election at term 15 for 0: [db7ea609-3ced-42df-bea1-3bd72610fc9e:192.168.157.222:46031, 961c004b-2cdf-4092-9b5c-36f8bd0f140b:192.168.157.222:44865, 3c326374-3547-416b-998e-7532ea2ef48b:192.168.157.222:44132], old=null
2019-10-22 01:07:23,744 [grpc-default-executor-5] INFO  impl.RaftServerImpl (RaftServerImpl.java:setRole(184)) - db7ea609-3ced-42df-bea1-3bd72610fc9e@group-3C40BA09D40C: changes role from  FOLLOWER to FOLLOWER at term 15 for recognizeCandidate:961c004b-2cdf-4092-9b5c-36f8bd0f140b
2019-10-22 01:07:23,746 [grpc-default-executor-5] INFO  impl.RoleInfo (RoleInfo.java:shutdownFollowerState(121)) - db7ea609-3ced-42df-bea1-3bd72610fc9e: shutdown FollowerState
2019-10-22 01:07:23,747 [Thread-633] INFO  impl.FollowerState (FollowerState.java:run(117)) - db7ea609-3ced-42df-bea1-3bd72610fc9e@group-3C40BA09D40C-FollowerState was interrupted: java.lang.InterruptedException: sleep interrupted
2019-10-22 01:07:23,747 [grpc-default-executor-5] INFO  impl.RoleInfo (RoleInfo.java:updateAndGet(143)) - db7ea609-3ced-42df-bea1-3bd72610fc9e: start FollowerState
2019-10-22 01:07:23,747 [grpc-default-executor-0] INFO  impl.RaftServerImpl (RaftServerImpl.java:setRole(184)) - 3c326374-3547-416b-998e-7532ea2ef48b@group-3C40BA09D40C: changes role from  FOLLOWER to FOLLOWER at term 15 for recognizeCandidate:961c004b-2cdf-4092-9b5c-36f8bd0f140b
2019-10-22 01:07:23,747 [grpc-default-executor-0] INFO  impl.RoleInfo (RoleInfo.java:shutdownFollowerState(121)) - 3c326374-3547-416b-998e-7532ea2ef48b: shutdown FollowerState
2019-10-22 01:07:23,747 [Thread-634] INFO  impl.FollowerState (FollowerState.java:run(117)) - 3c326374-3547-416b-998e-7532ea2ef48b@group-3C40BA09D40C-FollowerState was interrupted: java.lang.InterruptedException: sleep interrupted
2019-10-22 01:07:23,747 [grpc-default-executor-0] INFO  impl.RoleInfo (RoleInfo.java:updateAndGet(143)) - 3c326374-3547-416b-998e-7532ea2ef48b: start FollowerState
2019-10-22 01:07:23,773 [961c004b-2cdf-4092-9b5c-36f8bd0f140b@group-3C40BA09D40C-LeaderElection16] INFO  impl.LeaderElection (LeaderElection.java:logAndReturn(56)) - 961c004b-2cdf-4092-9b5c-36f8bd0f140b@group-3C40BA09D40C-LeaderElection16: Election REJECTED; received 2 response(s) [961c004b-2cdf-4092-9b5c-36f8bd0f140b<-db7ea609-3ced-42df-bea1-3bd72610fc9e#0:FAIL-t15, 961c004b-2cdf-4092-9b5c-36f8bd0f140b<-3c326374-3547-416b-998e-7532ea2ef48b#0:FAIL-t15] and 0 exception(s); 961c004b-2cdf-4092-9b5c-36f8bd0f140b@group-3C40BA09D40C:t15, leader=null, voted=961c004b-2cdf-4092-9b5c-36f8bd0f140b, raftlog=961c004b-2cdf-4092-9b5c-36f8bd0f140b@group-3C40BA09D40C-SegmentedRaftLog:OPENED:c3,f4,i4, conf=0: [db7ea609-3ced-42df-bea1-3bd72610fc9e:192.168.157.222:46031, 961c004b-2cdf-4092-9b5c-36f8bd0f140b:192.168.157.222:44865, 3c326374-3547-416b-998e-7532ea2ef48b:192.168.157.222:44132], old=null
2019-10-22 01:07:23,774 [961c004b-2cdf-4092-9b5c-36f8bd0f140b@group-3C40BA09D40C-LeaderElection16] INFO  impl.RaftServerImpl (RaftServerImpl.java:setRole(184)) - 961c004b-2cdf-4092-9b5c-36f8bd0f140b@group-3C40BA09D40C: changes role from CANDIDATE to FOLLOWER at term 15 for DISCOVERED_A_NEW_TERM
2019-10-22 01:07:23,774 [961c004b-2cdf-4092-9b5c-36f8bd0f140b@group-3C40BA09D40C-LeaderElection16] INFO  impl.RoleInfo (RoleInfo.java:shutdownLeaderElection(134)) - 961c004b-2cdf-4092-9b5c-36f8bd0f140b: shutdown LeaderElection
2019-10-22 01:07:23,774 [961c004b-2cdf-4092-9b5c-36f8bd0f140b@group-3C40BA09D40C-LeaderElection16] INFO  impl.RoleInfo (RoleInfo.java:updateAndGet(143)) - 961c004b-2cdf-4092-9b5c-36f8bd0f140b: start FollowerState
2019-10-22 01:07:23,845 [BlockDeletingService#2] WARN  background.BlockDeletingService (BlockDeletingService.java:isDeletionAllowed(187)) - Close Container log Index 6 is not replicated across allthe servers in the pipeline 2cbd8cfc-dfa6-4d43-b162-3c40ba09d40c as the min replicated index is 4. Deletion is not allowed in this container yet.
2019-10-22 01:07:23,845 [BlockDeletingService#2] WARN  background.BlockDeletingService (BlockDeletingService.java:isDeletionAllowed(187)) - Close Container log Index 6 is not replicated across allthe servers in the pipeline 2cbd8cfc-dfa6-4d43-b162-3c40ba09d40c as the min replicated index is 4. Deletion is not allowed in this container yet.
2019-10-22 01:07:23,886 [Thread-639] INFO  impl.FollowerState (FollowerState.java:run(108)) - 961c004b-2cdf-4092-9b5c-36f8bd0f140b@group-3C40BA09D40C-FollowerState: change to CANDIDATE, lastRpcTime:112ms, electionTimeout:112ms
2019-10-22 01:07:23,886 [Thread-639] INFO  impl.RoleInfo (RoleInfo.java:shutdownFollowerState(121)) - 961c004b-2cdf-4092-9b5c-36f8bd0f140b: shutdown FollowerState
2019-10-22 01:07:23,887 [Thread-639] INFO  impl.RaftServerImpl (RaftServerImpl.java:setRole(184)) - 961c004b-2cdf-4092-9b5c-36f8bd0f140b@group-3C40BA09D40C: changes role from  FOLLOWER to CANDIDATE at term 15 for changeToCandidate
2019-10-22 01:07:23,887 [Thread-639] INFO  impl.RoleInfo (RoleInfo.java:updateAndGet(143)) - 961c004b-2cdf-4092-9b5c-36f8bd0f140b: start LeaderElection
2019-10-22 01:07:23,913 [961c004b-2cdf-4092-9b5c-36f8bd0f140b@group-3C40BA09D40C-LeaderElection17] INFO  impl.LeaderElection (LeaderElection.java:askForVotes(178)) - 961c004b-2cdf-4092-9b5c-36f8bd0f140b@group-3C40BA09D40C-LeaderElection17: begin an election at term 16 for 0: [db7ea609-3ced-42df-bea1-3bd72610fc9e:192.168.157.222:46031, 961c004b-2cdf-4092-9b5c-36f8bd0f140b:192.168.157.222:44865, 3c326374-3547-416b-998e-7532ea2ef48b:192.168.157.222:44132], old=null
2019-10-22 01:07:23,918 [grpc-default-executor-5] INFO  impl.RaftServerImpl (RaftServerImpl.java:setRole(184)) - db7ea609-3ced-42df-bea1-3bd72610fc9e@group-3C40BA09D40C: changes role from  FOLLOWER to FOLLOWER at term 16 for recognizeCandidate:961c004b-2cdf-4092-9b5c-36f8bd0f140b
2019-10-22 01:07:23,918 [grpc-default-executor-0] INFO  impl.RaftServerImpl (RaftServerImpl.java:setRole(184)) - 3c326374-3547-416b-998e-7532ea2ef48b@group-3C40BA09D40C: changes role from  FOLLOWER to FOLLOWER at term 16 for recognizeCandidate:961c004b-2cdf-4092-9b5c-36f8bd0f140b
2019-10-22 01:07:23,918 [grpc-default-executor-5] INFO  impl.RoleInfo (RoleInfo.java:shutdownFollowerState(121)) - db7ea609-3ced-42df-bea1-3bd72610fc9e: shutdown FollowerState
2019-10-22 01:07:23,919 [grpc-default-executor-0] INFO  impl.RoleInfo (RoleInfo.java:shutdownFollowerState(121)) - 3c326374-3547-416b-998e-7532ea2ef48b: shutdown FollowerState
2019-10-22 01:07:23,919 [grpc-default-executor-5] INFO  impl.RoleInfo (RoleInfo.java:updateAndGet(143)) - db7ea609-3ced-42df-bea1-3bd72610fc9e: start FollowerState
2019-10-22 01:07:23,919 [Thread-637] INFO  impl.FollowerState (FollowerState.java:run(117)) - db7ea609-3ced-42df-bea1-3bd72610fc9e@group-3C40BA09D40C-FollowerState was interrupted: java.lang.InterruptedException: sleep interrupted
2019-10-22 01:07:23,919 [grpc-default-executor-0] INFO  impl.RoleInfo (RoleInfo.java:updateAndGet(143)) - 3c326374-3547-416b-998e-7532ea2ef48b: start FollowerState
2019-10-22 01:07:23,919 [Thread-638] INFO  impl.FollowerState (FollowerState.java:run(117)) - 3c326374-3547-416b-998e-7532ea2ef48b@group-3C40BA09D40C-FollowerState was interrupted: java.lang.InterruptedException: sleep interrupted
2019-10-22 01:07:23,949 [961c004b-2cdf-4092-9b5c-36f8bd0f140b@group-3C40BA09D40C-LeaderElection17] INFO  impl.LeaderElection (LeaderElection.java:logAndReturn(56)) - 961c004b-2cdf-4092-9b5c-36f8bd0f140b@group-3C40BA09D40C-LeaderElection17: Election REJECTED; received 2 response(s) [961c004b-2cdf-4092-9b5c-36f8bd0f140b<-db7ea609-3ced-42df-bea1-3bd72610fc9e#0:FAIL-t16, 961c004b-2cdf-4092-9b5c-36f8bd0f140b<-3c326374-3547-416b-998e-7532ea2ef48b#0:FAIL-t16] and 0 exception(s); 961c004b-2cdf-4092-9b5c-36f8bd0f140b@group-3C40BA09D40C:t16, leader=null, voted=961c004b-2cdf-4092-9b5c-36f8bd0f140b, raftlog=961c004b-2cdf-4092-9b5c-36f8bd0f140b@group-3C40BA09D40C-SegmentedRaftLog:OPENED:c3,f4,i4, conf=0: [db7ea609-3ced-42df-bea1-3bd72610fc9e:192.168.157.222:46031, 961c004b-2cdf-4092-9b5c-36f8bd0f140b:192.168.157.222:44865, 3c326374-3547-416b-998e-7532ea2ef48b:192.168.157.222:44132], old=null
2019-10-22 01:07:23,949 [961c004b-2cdf-4092-9b5c-36f8bd0f140b@group-3C40BA09D40C-LeaderElection17] INFO  impl.RaftServerImpl (RaftServerImpl.java:setRole(184)) - 961c004b-2cdf-4092-9b5c-36f8bd0f140b@group-3C40BA09D40C: changes role from CANDIDATE to FOLLOWER at term 16 for DISCOVERED_A_NEW_TERM
2019-10-22 01:07:23,950 [961c004b-2cdf-4092-9b5c-36f8bd0f140b@group-3C40BA09D40C-LeaderElection17] INFO  impl.RoleInfo (RoleInfo.java:shutdownLeaderElection(134)) - 961c004b-2cdf-4092-9b5c-36f8bd0f140b: shutdown LeaderElection
2019-10-22 01:07:23,950 [961c004b-2cdf-4092-9b5c-36f8bd0f140b@group-3C40BA09D40C-LeaderElection17] INFO  impl.RoleInfo (RoleInfo.java:updateAndGet(143)) - 961c004b-2cdf-4092-9b5c-36f8bd0f140b: start FollowerState
2019-10-22 01:07:24,109 [Thread-647] INFO  impl.FollowerState (FollowerState.java:run(108)) - 961c004b-2cdf-4092-9b5c-36f8bd0f140b@group-3C40BA09D40C-FollowerState: change to CANDIDATE, lastRpcTime:159ms, electionTimeout:159ms
2019-10-22 01:07:24,114 [Thread-647] INFO  impl.RoleInfo (RoleInfo.java:shutdownFollowerState(121)) - 961c004b-2cdf-4092-9b5c-36f8bd0f140b: shutdown FollowerState
2019-10-22 01:07:24,114 [Thread-647] INFO  impl.RaftServerImpl (RaftServerImpl.java:setRole(184)) - 961c004b-2cdf-4092-9b5c-36f8bd0f140b@group-3C40BA09D40C: changes role from  FOLLOWER to CANDIDATE at term 16 for changeToCandidate
2019-10-22 01:07:24,114 [Thread-647] INFO  impl.RoleInfo (RoleInfo.java:updateAndGet(143)) - 961c004b-2cdf-4092-9b5c-36f8bd0f140b: start LeaderElection
2019-10-22 01:07:24,130 [961c004b-2cdf-4092-9b5c-36f8bd0f140b@group-3C40BA09D40C-LeaderElection18] INFO  impl.LeaderElection (LeaderElection.java:askForVotes(178)) - 961c004b-2cdf-4092-9b5c-36f8bd0f140b@group-3C40BA09D40C-LeaderElection18: begin an election at term 17 for 0: [db7ea609-3ced-42df-bea1-3bd72610fc9e:192.168.157.222:46031, 961c004b-2cdf-4092-9b5c-36f8bd0f140b:192.168.157.222:44865, 3c326374-3547-416b-998e-7532ea2ef48b:192.168.157.222:44132], old=null
2019-10-22 01:07:24,135 [grpc-default-executor-0] INFO  impl.RaftServerImpl (RaftServerImpl.java:setRole(184)) - 3c326374-3547-416b-998e-7532ea2ef48b@group-3C40BA09D40C: changes role from  FOLLOWER to FOLLOWER at term 17 for recognizeCandidate:961c004b-2cdf-4092-9b5c-36f8bd0f140b
2019-10-22 01:07:24,135 [grpc-default-executor-5] INFO  impl.RaftServerImpl (RaftServerImpl.java:setRole(184)) - db7ea609-3ced-42df-bea1-3bd72610fc9e@group-3C40BA09D40C: changes role from  FOLLOWER to FOLLOWER at term 17 for recognizeCandidate:961c004b-2cdf-4092-9b5c-36f8bd0f140b
2019-10-22 01:07:24,135 [grpc-default-executor-0] INFO  impl.RoleInfo (RoleInfo.java:shutdownFollowerState(121)) - 3c326374-3547-416b-998e-7532ea2ef48b: shutdown FollowerState
2019-10-22 01:07:24,135 [grpc-default-executor-5] INFO  impl.RoleInfo (RoleInfo.java:shutdownFollowerState(121)) - db7ea609-3ced-42df-bea1-3bd72610fc9e: shutdown FollowerState
2019-10-22 01:07:24,136 [grpc-default-executor-0] INFO  impl.RoleInfo (RoleInfo.java:updateAndGet(143)) - 3c326374-3547-416b-998e-7532ea2ef48b: start FollowerState
2019-10-22 01:07:24,135 [Thread-646] INFO  impl.FollowerState (FollowerState.java:run(117)) - 3c326374-3547-416b-998e-7532ea2ef48b@group-3C40BA09D40C-FollowerState was interrupted: java.lang.InterruptedException: sleep interrupted
2019-10-22 01:07:24,136 [grpc-default-executor-5] INFO  impl.RoleInfo (RoleInfo.java:updateAndGet(143)) - db7ea609-3ced-42df-bea1-3bd72610fc9e: start FollowerState
2019-10-22 01:07:24,136 [Thread-645] INFO  impl.FollowerState (FollowerState.java:run(117)) - db7ea609-3ced-42df-bea1-3bd72610fc9e@group-3C40BA09D40C-FollowerState was interrupted: java.lang.InterruptedException: sleep interrupted
2019-10-22 01:07:24,147 [961c004b-2cdf-4092-9b5c-36f8bd0f140b@group-3C40BA09D40C-LeaderElection18] INFO  impl.LeaderElection (LeaderElection.java:logAndReturn(56)) - 961c004b-2cdf-4092-9b5c-36f8bd0f140b@group-3C40BA09D40C-LeaderElection18: Election REJECTED; received 2 response(s) [961c004b-2cdf-4092-9b5c-36f8bd0f140b<-db7ea609-3ced-42df-bea1-3bd72610fc9e#0:FAIL-t17, 961c004b-2cdf-4092-9b5c-36f8bd0f140b<-3c326374-3547-416b-998e-7532ea2ef48b#0:FAIL-t17] and 0 exception(s); 961c004b-2cdf-4092-9b5c-36f8bd0f140b@group-3C40BA09D40C:t17, leader=null, voted=961c004b-2cdf-4092-9b5c-36f8bd0f140b, raftlog=961c004b-2cdf-4092-9b5c-36f8bd0f140b@group-3C40BA09D40C-SegmentedRaftLog:OPENED:c3,f4,i4, conf=0: [db7ea609-3ced-42df-bea1-3bd72610fc9e:192.168.157.222:46031, 961c004b-2cdf-4092-9b5c-36f8bd0f140b:192.168.157.222:44865, 3c326374-3547-416b-998e-7532ea2ef48b:192.168.157.222:44132], old=null
2019-10-22 01:07:24,148 [961c004b-2cdf-4092-9b5c-36f8bd0f140b@group-3C40BA09D40C-LeaderElection18] INFO  impl.RaftServerImpl (RaftServerImpl.java:setRole(184)) - 961c004b-2cdf-4092-9b5c-36f8bd0f140b@group-3C40BA09D40C: changes role from CANDIDATE to FOLLOWER at term 17 for DISCOVERED_A_NEW_TERM
2019-10-22 01:07:24,148 [961c004b-2cdf-4092-9b5c-36f8bd0f140b@group-3C40BA09D40C-LeaderElection18] INFO  impl.RoleInfo (RoleInfo.java:shutdownLeaderElection(134)) - 961c004b-2cdf-4092-9b5c-36f8bd0f140b: shutdown LeaderElection
2019-10-22 01:07:24,148 [961c004b-2cdf-4092-9b5c-36f8bd0f140b@group-3C40BA09D40C-LeaderElection18] INFO  impl.RoleInfo (RoleInfo.java:updateAndGet(143)) - 961c004b-2cdf-4092-9b5c-36f8bd0f140b: start FollowerState
2019-10-22 01:07:24,320 [EventQueue-PendingDeleteStatusForPendingDeleteHandler] INFO  block.SCMBlockDeletingService (SCMBlockDeletingService.java:handlePendingDeletes(115)) - Block deletion txnID mismatch in datanode 961c004b-2cdf-4092-9b5c-36f8bd0f140b for containerID 1. Datanode delete txnID: 0, SCM txnID: 1
2019-10-22 01:07:24,345 [Thread-653] INFO  impl.FollowerState (FollowerState.java:run(108)) - 961c004b-2cdf-4092-9b5c-36f8bd0f140b@group-3C40BA09D40C-FollowerState: change to CANDIDATE, lastRpcTime:197ms, electionTimeout:197ms
2019-10-22 01:07:24,345 [Thread-653] INFO  impl.RoleInfo (RoleInfo.java:shutdownFollowerState(121)) - 961c004b-2cdf-4092-9b5c-36f8bd0f140b: shutdown FollowerState
2019-10-22 01:07:24,345 [Thread-653] INFO  impl.RaftServerImpl (RaftServerImpl.java:setRole(184)) - 961c004b-2cdf-4092-9b5c-36f8bd0f140b@group-3C40BA09D40C: changes role from  FOLLOWER to CANDIDATE at term 17 for changeToCandidate
2019-10-22 01:07:24,346 [Thread-653] INFO  impl.RoleInfo (RoleInfo.java:updateAndGet(143)) - 961c004b-2cdf-4092-9b5c-36f8bd0f140b: start LeaderElection
2019-10-22 01:07:24,356 [961c004b-2cdf-4092-9b5c-36f8bd0f140b@group-3C40BA09D40C-LeaderElection19] INFO  impl.LeaderElection (LeaderElection.java:askForVotes(178)) - 961c004b-2cdf-4092-9b5c-36f8bd0f140b@group-3C40BA09D40C-LeaderElection19: begin an election at term 18 for 0: [db7ea609-3ced-42df-bea1-3bd72610fc9e:192.168.157.222:46031, 961c004b-2cdf-4092-9b5c-36f8bd0f140b:192.168.157.222:44865, 3c326374-3547-416b-998e-7532ea2ef48b:192.168.157.222:44132], old=null
2019-10-22 01:07:24,360 [grpc-default-executor-5] INFO  impl.RaftServerImpl (RaftServerImpl.java:setRole(184)) - db7ea609-3ced-42df-bea1-3bd72610fc9e@group-3C40BA09D40C: changes role from  FOLLOWER to FOLLOWER at term 18 for recognizeCandidate:961c004b-2cdf-4092-9b5c-36f8bd0f140b
2019-10-22 01:07:24,360 [grpc-default-executor-0] INFO  impl.RaftServerImpl (RaftServerImpl.java:setRole(184)) - 3c326374-3547-416b-998e-7532ea2ef48b@group-3C40BA09D40C: changes role from  FOLLOWER to FOLLOWER at term 18 for recognizeCandidate:961c004b-2cdf-4092-9b5c-36f8bd0f140b
2019-10-22 01:07:24,360 [grpc-default-executor-5] INFO  impl.RoleInfo (RoleInfo.java:shutdownFollowerState(121)) - db7ea609-3ced-42df-bea1-3bd72610fc9e: shutdown FollowerState
2019-10-22 01:07:24,360 [grpc-default-executor-0] INFO  impl.RoleInfo (RoleInfo.java:shutdownFollowerState(121)) - 3c326374-3547-416b-998e-7532ea2ef48b: shutdown FollowerState
2019-10-22 01:07:24,360 [grpc-default-executor-5] INFO  impl.RoleInfo (RoleInfo.java:updateAndGet(143)) - db7ea609-3ced-42df-bea1-3bd72610fc9e: start FollowerState
2019-10-22 01:07:24,360 [grpc-default-executor-0] INFO  impl.RoleInfo (RoleInfo.java:updateAndGet(143)) - 3c326374-3547-416b-998e-7532ea2ef48b: start FollowerState
2019-10-22 01:07:24,360 [Thread-652] INFO  impl.FollowerState (FollowerState.java:run(117)) - db7ea609-3ced-42df-bea1-3bd72610fc9e@group-3C40BA09D40C-FollowerState was interrupted: java.lang.InterruptedException: sleep interrupted
2019-10-22 01:07:24,360 [Thread-651] INFO  impl.FollowerState (FollowerState.java:run(117)) - 3c326374-3547-416b-998e-7532ea2ef48b@group-3C40BA09D40C-FollowerState was interrupted: java.lang.InterruptedException: sleep interrupted
2019-10-22 01:07:24,387 [961c004b-2cdf-4092-9b5c-36f8bd0f140b@group-3C40BA09D40C-LeaderElection19] INFO  impl.LeaderElection (LeaderElection.java:logAndReturn(56)) - 961c004b-2cdf-4092-9b5c-36f8bd0f140b@group-3C40BA09D40C-LeaderElection19: Election REJECTED; received 2 response(s) [961c004b-2cdf-4092-9b5c-36f8bd0f140b<-db7ea609-3ced-42df-bea1-3bd72610fc9e#0:FAIL-t18, 961c004b-2cdf-4092-9b5c-36f8bd0f140b<-3c326374-3547-416b-998e-7532ea2ef48b#0:FAIL-t18] and 0 exception(s); 961c004b-2cdf-4092-9b5c-36f8bd0f140b@group-3C40BA09D40C:t18, leader=null, voted=961c004b-2cdf-4092-9b5c-36f8bd0f140b, raftlog=961c004b-2cdf-4092-9b5c-36f8bd0f140b@group-3C40BA09D40C-SegmentedRaftLog:OPENED:c3,f4,i4, conf=0: [db7ea609-3ced-42df-bea1-3bd72610fc9e:192.168.157.222:46031, 961c004b-2cdf-4092-9b5c-36f8bd0f140b:192.168.157.222:44865, 3c326374-3547-416b-998e-7532ea2ef48b:192.168.157.222:44132], old=null
2019-10-22 01:07:24,387 [961c004b-2cdf-4092-9b5c-36f8bd0f140b@group-3C40BA09D40C-LeaderElection19] INFO  impl.RaftServerImpl (RaftServerImpl.java:setRole(184)) - 961c004b-2cdf-4092-9b5c-36f8bd0f140b@group-3C40BA09D40C: changes role from CANDIDATE to FOLLOWER at term 18 for DISCOVERED_A_NEW_TERM
2019-10-22 01:07:24,387 [961c004b-2cdf-4092-9b5c-36f8bd0f140b@group-3C40BA09D40C-LeaderElection19] INFO  impl.RoleInfo (RoleInfo.java:shutdownLeaderElection(134)) - 961c004b-2cdf-4092-9b5c-36f8bd0f140b: shutdown LeaderElection
2019-10-22 01:07:24,387 [961c004b-2cdf-4092-9b5c-36f8bd0f140b@group-3C40BA09D40C-LeaderElection19] INFO  impl.RoleInfo (RoleInfo.java:updateAndGet(143)) - 961c004b-2cdf-4092-9b5c-36f8bd0f140b: start FollowerState
2019-10-22 01:07:24,401 [Thread-662] INFO  client.GrpcClientProtocolService (GrpcClientProtocolService.java:lambda$processClientRequest$0(278)) - Failed RaftClientRequest:client-266370AF2C40->3c326374-3547-416b-998e-7532ea2ef48b@group-3C40BA09D40C, cid=10, seq=0, Watch-ALL_COMMITTED(6), Message:<EMPTY>, reply=RaftClientReply:client-266370AF2C40->3c326374-3547-416b-998e-7532ea2ef48b@group-3C40BA09D40C, cid=10, FAILED org.apache.ratis.protocol.NotLeaderException: Server 3c326374-3547-416b-998e-7532ea2ef48b@group-3C40BA09D40C is not the leader, logIndex=0, commits[3c326374-3547-416b-998e-7532ea2ef48b:c10, db7ea609-3ced-42df-bea1-3bd72610fc9e:c10, 961c004b-2cdf-4092-9b5c-36f8bd0f140b:c4]
2019-10-22 01:07:24,435 [Thread-660] INFO  impl.FollowerState (FollowerState.java:run(108)) - 961c004b-2cdf-4092-9b5c-36f8bd0f140b@group-3C40BA09D40C-FollowerState: change to CANDIDATE, lastRpcTime:47ms, electionTimeout:47ms
2019-10-22 01:07:24,435 [Thread-660] INFO  impl.RoleInfo (RoleInfo.java:shutdownFollowerState(121)) - 961c004b-2cdf-4092-9b5c-36f8bd0f140b: shutdown FollowerState
2019-10-22 01:07:24,435 [Thread-660] INFO  impl.RaftServerImpl (RaftServerImpl.java:setRole(184)) - 961c004b-2cdf-4092-9b5c-36f8bd0f140b@group-3C40BA09D40C: changes role from  FOLLOWER to CANDIDATE at term 18 for changeToCandidate
2019-10-22 01:07:24,435 [Thread-660] INFO  impl.RoleInfo (RoleInfo.java:updateAndGet(143)) - 961c004b-2cdf-4092-9b5c-36f8bd0f140b: start LeaderElection
2019-10-22 01:07:24,450 [961c004b-2cdf-4092-9b5c-36f8bd0f140b@group-3C40BA09D40C-LeaderElection20] INFO  impl.LeaderElection (LeaderElection.java:askForVotes(178)) - 961c004b-2cdf-4092-9b5c-36f8bd0f140b@group-3C40BA09D40C-LeaderElection20: begin an election at term 19 for 0: [db7ea609-3ced-42df-bea1-3bd72610fc9e:192.168.157.222:46031, 961c004b-2cdf-4092-9b5c-36f8bd0f140b:192.168.157.222:44865, 3c326374-3547-416b-998e-7532ea2ef48b:192.168.157.222:44132], old=null
2019-10-22 01:07:24,451 [961c004b-2cdf-4092-9b5c-36f8bd0f140b@group-3C40BA09D40C-LeaderElection20] INFO  impl.LeaderElection (LeaderElection.java:logAndReturn(56)) - 961c004b-2cdf-4092-9b5c-36f8bd0f140b@group-3C40BA09D40C-LeaderElection20: Election TIMEOUT; received 0 response(s) [] and 0 exception(s); 961c004b-2cdf-4092-9b5c-36f8bd0f140b@group-3C40BA09D40C:t19, leader=null, voted=961c004b-2cdf-4092-9b5c-36f8bd0f140b, raftlog=961c004b-2cdf-4092-9b5c-36f8bd0f140b@group-3C40BA09D40C-SegmentedRaftLog:OPENED:c3,f4,i4, conf=0: [db7ea609-3ced-42df-bea1-3bd72610fc9e:192.168.157.222:46031, 961c004b-2cdf-4092-9b5c-36f8bd0f140b:192.168.157.222:44865, 3c326374-3547-416b-998e-7532ea2ef48b:192.168.157.222:44132], old=null
2019-10-22 01:07:24,454 [grpc-default-executor-5] INFO  impl.RaftServerImpl (RaftServerImpl.java:setRole(184)) - db7ea609-3ced-42df-bea1-3bd72610fc9e@group-3C40BA09D40C: changes role from  FOLLOWER to FOLLOWER at term 19 for recognizeCandidate:961c004b-2cdf-4092-9b5c-36f8bd0f140b
2019-10-22 01:07:24,454 [grpc-default-executor-5] INFO  impl.RoleInfo (RoleInfo.java:shutdownFollowerState(121)) - db7ea609-3ced-42df-bea1-3bd72610fc9e: shutdown FollowerState
2019-10-22 01:07:24,454 [grpc-default-executor-5] INFO  impl.RoleInfo (RoleInfo.java:updateAndGet(143)) - db7ea609-3ced-42df-bea1-3bd72610fc9e: start FollowerState
2019-10-22 01:07:24,454 [Thread-658] INFO  impl.FollowerState (FollowerState.java:run(117)) - db7ea609-3ced-42df-bea1-3bd72610fc9e@group-3C40BA09D40C-FollowerState was interrupted: java.lang.InterruptedException: sleep interrupted
2019-10-22 01:07:24,455 [grpc-default-executor-0] INFO  impl.RaftServerImpl (RaftServerImpl.java:setRole(184)) - 3c326374-3547-416b-998e-7532ea2ef48b@group-3C40BA09D40C: changes role from  FOLLOWER to FOLLOWER at term 19 for recognizeCandidate:961c004b-2cdf-4092-9b5c-36f8bd0f140b
2019-10-22 01:07:24,455 [grpc-default-executor-0] INFO  impl.RoleInfo (RoleInfo.java:shutdownFollowerState(121)) - 3c326374-3547-416b-998e-7532ea2ef48b: shutdown FollowerState
2019-10-22 01:07:24,456 [grpc-default-executor-0] INFO  impl.RoleInfo (RoleInfo.java:updateAndGet(143)) - 3c326374-3547-416b-998e-7532ea2ef48b: start FollowerState
2019-10-22 01:07:24,456 [Thread-659] INFO  impl.FollowerState (FollowerState.java:run(117)) - 3c326374-3547-416b-998e-7532ea2ef48b@group-3C40BA09D40C-FollowerState was interrupted: java.lang.InterruptedException: sleep interrupted
2019-10-22 01:07:24,460 [pool-7-thread-1] INFO  commands.RetriableDatanodeEventWatcher (RetriableDatanodeEventWatcher.java:onTimeout(47)) - RetriableDatanodeCommand type=deleteBlocksCommand with id=1571706439452 timed out. Retrying.
2019-10-22 01:07:24,460 [pool-7-thread-1] INFO  commands.RetriableDatanodeEventWatcher (RetriableDatanodeEventWatcher.java:onTimeout(47)) - RetriableDatanodeCommand type=deleteBlocksCommand with id=1571706439453 timed out. Retrying.
2019-10-22 01:07:24,460 [pool-7-thread-2] INFO  commands.RetriableDatanodeEventWatcher (RetriableDatanodeEventWatcher.java:onTimeout(47)) - RetriableDatanodeCommand type=deleteBlocksCommand with id=1571706439455 timed out. Retrying.
2019-10-22 01:07:24,460 [pool-7-thread-3] INFO  commands.RetriableDatanodeEventWatcher (RetriableDatanodeEventWatcher.java:onTimeout(47)) - RetriableDatanodeCommand type=deleteBlocksCommand with id=1571706439454 timed out. Retrying.
2019-10-22 01:07:24,461 [SCMBlockDeletingService#0] INFO  block.SCMBlockDeletingService (SCMBlockDeletingService.java:call(184)) - Totally added 1 delete blocks command for 1 datanodes, task elapsed time: 0ms
2019-10-22 01:07:24,462 [pool-7-thread-3] INFO  commands.RetriableDatanodeEventWatcher (RetriableDatanodeEventWatcher.java:onTimeout(47)) - RetriableDatanodeCommand type=deleteBlocksCommand with id=1571706439450 timed out. Retrying.
2019-10-22 01:07:24,466 [961c004b-2cdf-4092-9b5c-36f8bd0f140b@group-3C40BA09D40C-LeaderElection20] INFO  impl.LeaderElection (LeaderElection.java:askForVotes(178)) - 961c004b-2cdf-4092-9b5c-36f8bd0f140b@group-3C40BA09D40C-LeaderElection20: begin an election at term 20 for 0: [db7ea609-3ced-42df-bea1-3bd72610fc9e:192.168.157.222:46031, 961c004b-2cdf-4092-9b5c-36f8bd0f140b:192.168.157.222:44865, 3c326374-3547-416b-998e-7532ea2ef48b:192.168.157.222:44132], old=null
2019-10-22 01:07:24,470 [grpc-default-executor-0] INFO  impl.RaftServerImpl (RaftServerImpl.java:setRole(184)) - 3c326374-3547-416b-998e-7532ea2ef48b@group-3C40BA09D40C: changes role from  FOLLOWER to FOLLOWER at term 20 for recognizeCandidate:961c004b-2cdf-4092-9b5c-36f8bd0f140b
2019-10-22 01:07:24,470 [grpc-default-executor-5] INFO  impl.RaftServerImpl (RaftServerImpl.java:setRole(184)) - db7ea609-3ced-42df-bea1-3bd72610fc9e@group-3C40BA09D40C: changes role from  FOLLOWER to FOLLOWER at term 20 for recognizeCandidate:961c004b-2cdf-4092-9b5c-36f8bd0f140b
2019-10-22 01:07:24,471 [grpc-default-executor-0] INFO  impl.RoleInfo (RoleInfo.java:shutdownFollowerState(121)) - 3c326374-3547-416b-998e-7532ea2ef48b: shutdown FollowerState
2019-10-22 01:07:24,471 [grpc-default-executor-5] INFO  impl.RoleInfo (RoleInfo.java:shutdownFollowerState(121)) - db7ea609-3ced-42df-bea1-3bd72610fc9e: shutdown FollowerState
2019-10-22 01:07:24,471 [Thread-668] INFO  impl.FollowerState (FollowerState.java:run(117)) - 3c326374-3547-416b-998e-7532ea2ef48b@group-3C40BA09D40C-FollowerState was interrupted: java.lang.InterruptedException: sleep interrupted
2019-10-22 01:07:24,471 [grpc-default-executor-0] INFO  impl.RoleInfo (RoleInfo.java:updateAndGet(143)) - 3c326374-3547-416b-998e-7532ea2ef48b: start FollowerState
2019-10-22 01:07:24,471 [grpc-default-executor-5] INFO  impl.RoleInfo (RoleInfo.java:updateAndGet(143)) - db7ea609-3ced-42df-bea1-3bd72610fc9e: start FollowerState
2019-10-22 01:07:24,471 [Thread-667] INFO  impl.FollowerState (FollowerState.java:run(117)) - db7ea609-3ced-42df-bea1-3bd72610fc9e@group-3C40BA09D40C-FollowerState was interrupted: java.lang.InterruptedException: sleep interrupted
2019-10-22 01:07:24,478 [961c004b-2cdf-4092-9b5c-36f8bd0f140b@group-3C40BA09D40C-LeaderElection20] INFO  impl.LeaderElection (LeaderElection.java:logAndReturn(56)) - 961c004b-2cdf-4092-9b5c-36f8bd0f140b@group-3C40BA09D40C-LeaderElection20: Election REJECTED; received 2 response(s) [961c004b-2cdf-4092-9b5c-36f8bd0f140b<-db7ea609-3ced-42df-bea1-3bd72610fc9e#0:FAIL-t20, 961c004b-2cdf-4092-9b5c-36f8bd0f140b<-3c326374-3547-416b-998e-7532ea2ef48b#0:FAIL-t20] and 0 exception(s); 961c004b-2cdf-4092-9b5c-36f8bd0f140b@group-3C40BA09D40C:t20, leader=null, voted=961c004b-2cdf-4092-9b5c-36f8bd0f140b, raftlog=961c004b-2cdf-4092-9b5c-36f8bd0f140b@group-3C40BA09D40C-SegmentedRaftLog:OPENED:c3,f4,i4, conf=0: [db7ea609-3ced-42df-bea1-3bd72610fc9e:192.168.157.222:46031, 961c004b-2cdf-4092-9b5c-36f8bd0f140b:192.168.157.222:44865, 3c326374-3547-416b-998e-7532ea2ef48b:192.168.157.222:44132], old=null
2019-10-22 01:07:24,478 [961c004b-2cdf-4092-9b5c-36f8bd0f140b@group-3C40BA09D40C-LeaderElection20] INFO  impl.RaftServerImpl (RaftServerImpl.java:setRole(184)) - 961c004b-2cdf-4092-9b5c-36f8bd0f140b@group-3C40BA09D40C: changes role from CANDIDATE to FOLLOWER at term 20 for DISCOVERED_A_NEW_TERM
2019-10-22 01:07:24,479 [961c004b-2cdf-4092-9b5c-36f8bd0f140b@group-3C40BA09D40C-LeaderElection20] INFO  impl.RoleInfo (RoleInfo.java:shutdownLeaderElection(134)) - 961c004b-2cdf-4092-9b5c-36f8bd0f140b: shutdown LeaderElection
2019-10-22 01:07:24,479 [961c004b-2cdf-4092-9b5c-36f8bd0f140b@group-3C40BA09D40C-LeaderElection20] INFO  impl.RoleInfo (RoleInfo.java:updateAndGet(143)) - 961c004b-2cdf-4092-9b5c-36f8bd0f140b: start FollowerState
2019-10-22 01:07:24,543 [Thread-673] INFO  impl.FollowerState (FollowerState.java:run(108)) - 961c004b-2cdf-4092-9b5c-36f8bd0f140b@group-3C40BA09D40C-FollowerState: change to CANDIDATE, lastRpcTime:64ms, electionTimeout:64ms
2019-10-22 01:07:24,544 [Thread-673] INFO  impl.RoleInfo (RoleInfo.java:shutdownFollowerState(121)) - 961c004b-2cdf-4092-9b5c-36f8bd0f140b: shutdown FollowerState
2019-10-22 01:07:24,544 [Thread-673] INFO  impl.RaftServerImpl (RaftServerImpl.java:setRole(184)) - 961c004b-2cdf-4092-9b5c-36f8bd0f140b@group-3C40BA09D40C: changes role from  FOLLOWER to CANDIDATE at term 20 for changeToCandidate
2019-10-22 01:07:24,545 [Thread-673] INFO  impl.RoleInfo (RoleInfo.java:updateAndGet(143)) - 961c004b-2cdf-4092-9b5c-36f8bd0f140b: start LeaderElection
2019-10-22 01:07:24,552 [961c004b-2cdf-4092-9b5c-36f8bd0f140b@group-3C40BA09D40C-LeaderElection21] INFO  impl.LeaderElection (LeaderElection.java:askForVotes(178)) - 961c004b-2cdf-4092-9b5c-36f8bd0f140b@group-3C40BA09D40C-LeaderElection21: begin an election at term 21 for 0: [db7ea609-3ced-42df-bea1-3bd72610fc9e:192.168.157.222:46031, 961c004b-2cdf-4092-9b5c-36f8bd0f140b:192.168.157.222:44865, 3c326374-3547-416b-998e-7532ea2ef48b:192.168.157.222:44132], old=null
2019-10-22 01:07:24,555 [grpc-default-executor-0] INFO  impl.RaftServerImpl (RaftServerImpl.java:setRole(184)) - db7ea609-3ced-42df-bea1-3bd72610fc9e@group-3C40BA09D40C: changes role from  FOLLOWER to FOLLOWER at term 21 for recognizeCandidate:961c004b-2cdf-4092-9b5c-36f8bd0f140b
2019-10-22 01:07:24,555 [grpc-default-executor-5] INFO  impl.RaftServerImpl (RaftServerImpl.java:setRole(184)) - 3c326374-3547-416b-998e-7532ea2ef48b@group-3C40BA09D40C: changes role from  FOLLOWER to FOLLOWER at term 21 for recognizeCandidate:961c004b-2cdf-4092-9b5c-36f8bd0f140b
2019-10-22 01:07:24,555 [grpc-default-executor-0] INFO  impl.RoleInfo (RoleInfo.java:shutdownFollowerState(121)) - db7ea609-3ced-42df-bea1-3bd72610fc9e: shutdown FollowerState
2019-10-22 01:07:24,555 [grpc-default-executor-5] INFO  impl.RoleInfo (RoleInfo.java:shutdownFollowerState(121)) - 3c326374-3547-416b-998e-7532ea2ef48b: shutdown FollowerState
2019-10-22 01:07:24,555 [grpc-default-executor-0] INFO  impl.RoleInfo (RoleInfo.java:updateAndGet(143)) - db7ea609-3ced-42df-bea1-3bd72610fc9e: start FollowerState
2019-10-22 01:07:24,555 [Thread-672] INFO  impl.FollowerState (FollowerState.java:run(117)) - db7ea609-3ced-42df-bea1-3bd72610fc9e@group-3C40BA09D40C-FollowerState was interrupted: java.lang.InterruptedException: sleep interrupted
2019-10-22 01:07:24,555 [Thread-671] INFO  impl.FollowerState (FollowerState.java:run(117)) - 3c326374-3547-416b-998e-7532ea2ef48b@group-3C40BA09D40C-FollowerState was interrupted: java.lang.InterruptedException: sleep interrupted
2019-10-22 01:07:24,555 [grpc-default-executor-5] INFO  impl.RoleInfo (RoleInfo.java:updateAndGet(143)) - 3c326374-3547-416b-998e-7532ea2ef48b: start FollowerState
2019-10-22 01:07:24,582 [961c004b-2cdf-4092-9b5c-36f8bd0f140b@group-3C40BA09D40C-LeaderElection21] INFO  impl.LeaderElection (LeaderElection.java:logAndReturn(56)) - 961c004b-2cdf-4092-9b5c-36f8bd0f140b@group-3C40BA09D40C-LeaderElection21: Election REJECTED; received 2 response(s) [961c004b-2cdf-4092-9b5c-36f8bd0f140b<-db7ea609-3ced-42df-bea1-3bd72610fc9e#0:FAIL-t21, 961c004b-2cdf-4092-9b5c-36f8bd0f140b<-3c326374-3547-416b-998e-7532ea2ef48b#0:FAIL-t21] and 0 exception(s); 961c004b-2cdf-4092-9b5c-36f8bd0f140b@group-3C40BA09D40C:t21, leader=null, voted=961c004b-2cdf-4092-9b5c-36f8bd0f140b, raftlog=961c004b-2cdf-4092-9b5c-36f8bd0f140b@group-3C40BA09D40C-SegmentedRaftLog:OPENED:c3,f4,i4, conf=0: [db7ea609-3ced-42df-bea1-3bd72610fc9e:192.168.157.222:46031, 961c004b-2cdf-4092-9b5c-36f8bd0f140b:192.168.157.222:44865, 3c326374-3547-416b-998e-7532ea2ef48b:192.168.157.222:44132], old=null
2019-10-22 01:07:24,582 [961c004b-2cdf-4092-9b5c-36f8bd0f140b@group-3C40BA09D40C-LeaderElection21] INFO  impl.RaftServerImpl (RaftServerImpl.java:setRole(184)) - 961c004b-2cdf-4092-9b5c-36f8bd0f140b@group-3C40BA09D40C: changes role from CANDIDATE to FOLLOWER at term 21 for DISCOVERED_A_NEW_TERM
2019-10-22 01:07:24,582 [961c004b-2cdf-4092-9b5c-36f8bd0f140b@group-3C40BA09D40C-LeaderElection21] INFO  impl.RoleInfo (RoleInfo.java:shutdownLeaderElection(134)) - 961c004b-2cdf-4092-9b5c-36f8bd0f140b: shutdown LeaderElection
2019-10-22 01:07:24,582 [961c004b-2cdf-4092-9b5c-36f8bd0f140b@group-3C40BA09D40C-LeaderElection21] INFO  impl.RoleInfo (RoleInfo.java:updateAndGet(143)) - 961c004b-2cdf-4092-9b5c-36f8bd0f140b: start FollowerState
2019-10-22 01:07:24,782 [Thread-679] INFO  impl.FollowerState (FollowerState.java:run(108)) - 961c004b-2cdf-4092-9b5c-36f8bd0f140b@group-3C40BA09D40C-FollowerState: change to CANDIDATE, lastRpcTime:199ms, electionTimeout:199ms
2019-10-22 01:07:24,784 [Thread-679] INFO  impl.RoleInfo (RoleInfo.java:shutdownFollowerState(121)) - 961c004b-2cdf-4092-9b5c-36f8bd0f140b: shutdown FollowerState
2019-10-22 01:07:24,784 [Thread-679] INFO  impl.RaftServerImpl (RaftServerImpl.java:setRole(184)) - 961c004b-2cdf-4092-9b5c-36f8bd0f140b@group-3C40BA09D40C: changes role from  FOLLOWER to CANDIDATE at term 21 for changeToCandidate
2019-10-22 01:07:24,784 [Thread-679] INFO  impl.RoleInfo (RoleInfo.java:updateAndGet(143)) - 961c004b-2cdf-4092-9b5c-36f8bd0f140b: start LeaderElection
2019-10-22 01:07:24,798 [961c004b-2cdf-4092-9b5c-36f8bd0f140b@group-3C40BA09D40C-LeaderElection22] INFO  impl.LeaderElection (LeaderElection.java:askForVotes(178)) - 961c004b-2cdf-4092-9b5c-36f8bd0f140b@group-3C40BA09D40C-LeaderElection22: begin an election at term 22 for 0: [db7ea609-3ced-42df-bea1-3bd72610fc9e:192.168.157.222:46031, 961c004b-2cdf-4092-9b5c-36f8bd0f140b:192.168.157.222:44865, 3c326374-3547-416b-998e-7532ea2ef48b:192.168.157.222:44132], old=null
2019-10-22 01:07:24,801 [grpc-default-executor-0] INFO  impl.RaftServerImpl (RaftServerImpl.java:setRole(184)) - db7ea609-3ced-42df-bea1-3bd72610fc9e@group-3C40BA09D40C: changes role from  FOLLOWER to FOLLOWER at term 22 for recognizeCandidate:961c004b-2cdf-4092-9b5c-36f8bd0f140b
2019-10-22 01:07:24,801 [grpc-default-executor-5] INFO  impl.RaftServerImpl (RaftServerImpl.java:setRole(184)) - 3c326374-3547-416b-998e-7532ea2ef48b@group-3C40BA09D40C: changes role from  FOLLOWER to FOLLOWER at term 22 for recognizeCandidate:961c004b-2cdf-4092-9b5c-36f8bd0f140b
2019-10-22 01:07:24,801 [grpc-default-executor-0] INFO  impl.RoleInfo (RoleInfo.java:shutdownFollowerState(121)) - db7ea609-3ced-42df-bea1-3bd72610fc9e: shutdown FollowerState
2019-10-22 01:07:24,801 [grpc-default-executor-5] INFO  impl.RoleInfo (RoleInfo.java:shutdownFollowerState(121)) - 3c326374-3547-416b-998e-7532ea2ef48b: shutdown FollowerState
2019-10-22 01:07:24,801 [grpc-default-executor-0] INFO  impl.RoleInfo (RoleInfo.java:updateAndGet(143)) - db7ea609-3ced-42df-bea1-3bd72610fc9e: start FollowerState
2019-10-22 01:07:24,801 [Thread-677] INFO  impl.FollowerState (FollowerState.java:run(117)) - db7ea609-3ced-42df-bea1-3bd72610fc9e@group-3C40BA09D40C-FollowerState was interrupted: java.lang.InterruptedException: sleep interrupted
2019-10-22 01:07:24,801 [grpc-default-executor-5] INFO  impl.RoleInfo (RoleInfo.java:updateAndGet(143)) - 3c326374-3547-416b-998e-7532ea2ef48b: start FollowerState
2019-10-22 01:07:24,801 [Thread-678] INFO  impl.FollowerState (FollowerState.java:run(117)) - 3c326374-3547-416b-998e-7532ea2ef48b@group-3C40BA09D40C-FollowerState was interrupted: java.lang.InterruptedException: sleep interrupted
2019-10-22 01:07:24,826 [961c004b-2cdf-4092-9b5c-36f8bd0f140b@group-3C40BA09D40C-LeaderElection22] INFO  impl.LeaderElection (LeaderElection.java:logAndReturn(56)) - 961c004b-2cdf-4092-9b5c-36f8bd0f140b@group-3C40BA09D40C-LeaderElection22: Election REJECTED; received 2 response(s) [961c004b-2cdf-4092-9b5c-36f8bd0f140b<-db7ea609-3ced-42df-bea1-3bd72610fc9e#0:FAIL-t22, 961c004b-2cdf-4092-9b5c-36f8bd0f140b<-3c326374-3547-416b-998e-7532ea2ef48b#0:FAIL-t22] and 0 exception(s); 961c004b-2cdf-4092-9b5c-36f8bd0f140b@group-3C40BA09D40C:t22, leader=null, voted=961c004b-2cdf-4092-9b5c-36f8bd0f140b, raftlog=961c004b-2cdf-4092-9b5c-36f8bd0f140b@group-3C40BA09D40C-SegmentedRaftLog:OPENED:c3,f4,i4, conf=0: [db7ea609-3ced-42df-bea1-3bd72610fc9e:192.168.157.222:46031, 961c004b-2cdf-4092-9b5c-36f8bd0f140b:192.168.157.222:44865, 3c326374-3547-416b-998e-7532ea2ef48b:192.168.157.222:44132], old=null
2019-10-22 01:07:24,826 [961c004b-2cdf-4092-9b5c-36f8bd0f140b@group-3C40BA09D40C-LeaderElection22] INFO  impl.RaftServerImpl (RaftServerImpl.java:setRole(184)) - 961c004b-2cdf-4092-9b5c-36f8bd0f140b@group-3C40BA09D40C: changes role from CANDIDATE to FOLLOWER at term 22 for DISCOVERED_A_NEW_TERM
2019-10-22 01:07:24,826 [961c004b-2cdf-4092-9b5c-36f8bd0f140b@group-3C40BA09D40C-LeaderElection22] INFO  impl.RoleInfo (RoleInfo.java:shutdownLeaderElection(134)) - 961c004b-2cdf-4092-9b5c-36f8bd0f140b: shutdown LeaderElection
2019-10-22 01:07:24,826 [961c004b-2cdf-4092-9b5c-36f8bd0f140b@group-3C40BA09D40C-LeaderElection22] INFO  impl.RoleInfo (RoleInfo.java:updateAndGet(143)) - 961c004b-2cdf-4092-9b5c-36f8bd0f140b: start FollowerState
2019-10-22 01:07:24,848 [BlockDeletingService#2] WARN  background.BlockDeletingService (BlockDeletingService.java:isDeletionAllowed(187)) - Close Container log Index 6 is not replicated across allthe servers in the pipeline 2cbd8cfc-dfa6-4d43-b162-3c40ba09d40c as the min replicated index is 4. Deletion is not allowed in this container yet.
2019-10-22 01:07:24,849 [BlockDeletingService#2] WARN  background.BlockDeletingService (BlockDeletingService.java:isDeletionAllowed(187)) - Close Container log Index 6 is not replicated across allthe servers in the pipeline 2cbd8cfc-dfa6-4d43-b162-3c40ba09d40c as the min replicated index is 4. Deletion is not allowed in this container yet.
2019-10-22 01:07:24,870 [Thread-685] INFO  impl.FollowerState (FollowerState.java:run(108)) - 961c004b-2cdf-4092-9b5c-36f8bd0f140b@group-3C40BA09D40C-FollowerState: change to CANDIDATE, lastRpcTime:43ms, electionTimeout:43ms
2019-10-22 01:07:24,870 [Thread-685] INFO  impl.RoleInfo (RoleInfo.java:shutdownFollowerState(121)) - 961c004b-2cdf-4092-9b5c-36f8bd0f140b: shutdown FollowerState
2019-10-22 01:07:24,870 [Thread-685] INFO  impl.RaftServerImpl (RaftServerImpl.java:setRole(184)) - 961c004b-2cdf-4092-9b5c-36f8bd0f140b@group-3C40BA09D40C: changes role from  FOLLOWER to CANDIDATE at term 22 for changeToCandidate
2019-10-22 01:07:24,870 [Thread-685] INFO  impl.RoleInfo (RoleInfo.java:updateAndGet(143)) - 961c004b-2cdf-4092-9b5c-36f8bd0f140b: start LeaderElection
2019-10-22 01:07:24,878 [961c004b-2cdf-4092-9b5c-36f8bd0f140b@group-3C40BA09D40C-LeaderElection23] INFO  impl.LeaderElection (LeaderElection.java:askForVotes(178)) - 961c004b-2cdf-4092-9b5c-36f8bd0f140b@group-3C40BA09D40C-LeaderElection23: begin an election at term 23 for 0: [db7ea609-3ced-42df-bea1-3bd72610fc9e:192.168.157.222:46031, 961c004b-2cdf-4092-9b5c-36f8bd0f140b:192.168.157.222:44865, 3c326374-3547-416b-998e-7532ea2ef48b:192.168.157.222:44132], old=null
2019-10-22 01:07:24,881 [grpc-default-executor-5] INFO  impl.RaftServerImpl (RaftServerImpl.java:setRole(184)) - 3c326374-3547-416b-998e-7532ea2ef48b@group-3C40BA09D40C: changes role from  FOLLOWER to FOLLOWER at term 23 for recognizeCandidate:961c004b-2cdf-4092-9b5c-36f8bd0f140b
2019-10-22 01:07:24,881 [grpc-default-executor-0] INFO  impl.RaftServerImpl (RaftServerImpl.java:setRole(184)) - db7ea609-3ced-42df-bea1-3bd72610fc9e@group-3C40BA09D40C: changes role from  FOLLOWER to FOLLOWER at term 23 for recognizeCandidate:961c004b-2cdf-4092-9b5c-36f8bd0f140b
2019-10-22 01:07:24,881 [grpc-default-executor-0] INFO  impl.RoleInfo (RoleInfo.java:shutdownFollowerState(121)) - db7ea609-3ced-42df-bea1-3bd72610fc9e: shutdown FollowerState
2019-10-22 01:07:24,881 [grpc-default-executor-5] INFO  impl.RoleInfo (RoleInfo.java:shutdownFollowerState(121)) - 3c326374-3547-416b-998e-7532ea2ef48b: shutdown FollowerState
2019-10-22 01:07:24,881 [Thread-683] INFO  impl.FollowerState (FollowerState.java:run(117)) - db7ea609-3ced-42df-bea1-3bd72610fc9e@group-3C40BA09D40C-FollowerState was interrupted: java.lang.InterruptedException: sleep interrupted
2019-10-22 01:07:24,881 [grpc-default-executor-5] INFO  impl.RoleInfo (RoleInfo.java:updateAndGet(143)) - 3c326374-3547-416b-998e-7532ea2ef48b: start FollowerState
2019-10-22 01:07:24,881 [grpc-default-executor-0] INFO  impl.RoleInfo (RoleInfo.java:updateAndGet(143)) - db7ea609-3ced-42df-bea1-3bd72610fc9e: start FollowerState
2019-10-22 01:07:24,881 [Thread-684] INFO  impl.FollowerState (FollowerState.java:run(117)) - 3c326374-3547-416b-998e-7532ea2ef48b@group-3C40BA09D40C-FollowerState was interrupted: java.lang.InterruptedException: sleep interrupted
2019-10-22 01:07:24,897 [961c004b-2cdf-4092-9b5c-36f8bd0f140b@group-3C40BA09D40C-LeaderElection23] INFO  impl.LeaderElection (LeaderElection.java:logAndReturn(56)) - 961c004b-2cdf-4092-9b5c-36f8bd0f140b@group-3C40BA09D40C-LeaderElection23: Election REJECTED; received 2 response(s) [961c004b-2cdf-4092-9b5c-36f8bd0f140b<-db7ea609-3ced-42df-bea1-3bd72610fc9e#0:FAIL-t23, 961c004b-2cdf-4092-9b5c-36f8bd0f140b<-3c326374-3547-416b-998e-7532ea2ef48b#0:FAIL-t23] and 0 exception(s); 961c004b-2cdf-4092-9b5c-36f8bd0f140b@group-3C40BA09D40C:t23, leader=null, voted=961c004b-2cdf-4092-9b5c-36f8bd0f140b, raftlog=961c004b-2cdf-4092-9b5c-36f8bd0f140b@group-3C40BA09D40C-SegmentedRaftLog:OPENED:c3,f4,i4, conf=0: [db7ea609-3ced-42df-bea1-3bd72610fc9e:192.168.157.222:46031, 961c004b-2cdf-4092-9b5c-36f8bd0f140b:192.168.157.222:44865, 3c326374-3547-416b-998e-7532ea2ef48b:192.168.157.222:44132], old=null
2019-10-22 01:07:24,897 [961c004b-2cdf-4092-9b5c-36f8bd0f140b@group-3C40BA09D40C-LeaderElection23] INFO  impl.RaftServerImpl (RaftServerImpl.java:setRole(184)) - 961c004b-2cdf-4092-9b5c-36f8bd0f140b@group-3C40BA09D40C: changes role from CANDIDATE to FOLLOWER at term 23 for DISCOVERED_A_NEW_TERM
2019-10-22 01:07:24,897 [961c004b-2cdf-4092-9b5c-36f8bd0f140b@group-3C40BA09D40C-LeaderElection23] INFO  impl.RoleInfo (RoleInfo.java:shutdownLeaderElection(134)) - 961c004b-2cdf-4092-9b5c-36f8bd0f140b: shutdown LeaderElection
2019-10-22 01:07:24,898 [961c004b-2cdf-4092-9b5c-36f8bd0f140b@group-3C40BA09D40C-LeaderElection23] INFO  impl.RoleInfo (RoleInfo.java:updateAndGet(143)) - 961c004b-2cdf-4092-9b5c-36f8bd0f140b: start FollowerState
2019-10-22 01:07:24,952 [Thread-693] INFO  impl.FollowerState (FollowerState.java:run(108)) - 961c004b-2cdf-4092-9b5c-36f8bd0f140b@group-3C40BA09D40C-FollowerState: change to CANDIDATE, lastRpcTime:54ms, electionTimeout:54ms
2019-10-22 01:07:24,953 [Thread-693] INFO  impl.RoleInfo (RoleInfo.java:shutdownFollowerState(121)) - 961c004b-2cdf-4092-9b5c-36f8bd0f140b: shutdown FollowerState
2019-10-22 01:07:24,953 [Thread-693] INFO  impl.RaftServerImpl (RaftServerImpl.java:setRole(184)) - 961c004b-2cdf-4092-9b5c-36f8bd0f140b@group-3C40BA09D40C: changes role from  FOLLOWER to CANDIDATE at term 23 for changeToCandidate
2019-10-22 01:07:24,953 [Thread-693] INFO  impl.RoleInfo (RoleInfo.java:updateAndGet(143)) - 961c004b-2cdf-4092-9b5c-36f8bd0f140b: start LeaderElection
2019-10-22 01:07:24,991 [961c004b-2cdf-4092-9b5c-36f8bd0f140b@group-3C40BA09D40C-LeaderElection24] INFO  impl.LeaderElection (LeaderElection.java:askForVotes(178)) - 961c004b-2cdf-4092-9b5c-36f8bd0f140b@group-3C40BA09D40C-LeaderElection24: begin an election at term 24 for 0: [db7ea609-3ced-42df-bea1-3bd72610fc9e:192.168.157.222:46031, 961c004b-2cdf-4092-9b5c-36f8bd0f140b:192.168.157.222:44865, 3c326374-3547-416b-998e-7532ea2ef48b:192.168.157.222:44132], old=null
2019-10-22 01:07:24,994 [grpc-default-executor-0] INFO  impl.RaftServerImpl (RaftServerImpl.java:setRole(184)) - db7ea609-3ced-42df-bea1-3bd72610fc9e@group-3C40BA09D40C: changes role from  FOLLOWER to FOLLOWER at term 24 for recognizeCandidate:961c004b-2cdf-4092-9b5c-36f8bd0f140b
2019-10-22 01:07:24,994 [grpc-default-executor-5] INFO  impl.RaftServerImpl (RaftServerImpl.java:setRole(184)) - 3c326374-3547-416b-998e-7532ea2ef48b@group-3C40BA09D40C: changes role from  FOLLOWER to FOLLOWER at term 24 for recognizeCandidate:961c004b-2cdf-4092-9b5c-36f8bd0f140b
2019-10-22 01:07:24,995 [grpc-default-executor-0] INFO  impl.RoleInfo (RoleInfo.java:shutdownFollowerState(121)) - db7ea609-3ced-42df-bea1-3bd72610fc9e: shutdown FollowerState
2019-10-22 01:07:24,995 [grpc-default-executor-5] INFO  impl.RoleInfo (RoleInfo.java:shutdownFollowerState(121)) - 3c326374-3547-416b-998e-7532ea2ef48b: shutdown FollowerState
2019-10-22 01:07:24,995 [Thread-691] INFO  impl.FollowerState (FollowerState.java:run(117)) - db7ea609-3ced-42df-bea1-3bd72610fc9e@group-3C40BA09D40C-FollowerState was interrupted: java.lang.InterruptedException: sleep interrupted
2019-10-22 01:07:24,995 [grpc-default-executor-0] INFO  impl.RoleInfo (RoleInfo.java:updateAndGet(143)) - db7ea609-3ced-42df-bea1-3bd72610fc9e: start FollowerState
2019-10-22 01:07:24,995 [Thread-692] INFO  impl.FollowerState (FollowerState.java:run(117)) - 3c326374-3547-416b-998e-7532ea2ef48b@group-3C40BA09D40C-FollowerState was interrupted: java.lang.InterruptedException: sleep interrupted
2019-10-22 01:07:24,995 [grpc-default-executor-5] INFO  impl.RoleInfo (RoleInfo.java:updateAndGet(143)) - 3c326374-3547-416b-998e-7532ea2ef48b: start FollowerState
2019-10-22 01:07:25,008 [961c004b-2cdf-4092-9b5c-36f8bd0f140b@group-3C40BA09D40C-LeaderElection24] INFO  impl.LeaderElection (LeaderElection.java:logAndReturn(56)) - 961c004b-2cdf-4092-9b5c-36f8bd0f140b@group-3C40BA09D40C-LeaderElection24: Election REJECTED; received 2 response(s) [961c004b-2cdf-4092-9b5c-36f8bd0f140b<-db7ea609-3ced-42df-bea1-3bd72610fc9e#0:FAIL-t24, 961c004b-2cdf-4092-9b5c-36f8bd0f140b<-3c326374-3547-416b-998e-7532ea2ef48b#0:FAIL-t24] and 0 exception(s); 961c004b-2cdf-4092-9b5c-36f8bd0f140b@group-3C40BA09D40C:t24, leader=null, voted=961c004b-2cdf-4092-9b5c-36f8bd0f140b, raftlog=961c004b-2cdf-4092-9b5c-36f8bd0f140b@group-3C40BA09D40C-SegmentedRaftLog:OPENED:c3,f4,i4, conf=0: [db7ea609-3ced-42df-bea1-3bd72610fc9e:192.168.157.222:46031, 961c004b-2cdf-4092-9b5c-36f8bd0f140b:192.168.157.222:44865, 3c326374-3547-416b-998e-7532ea2ef48b:192.168.157.222:44132], old=null
2019-10-22 01:07:25,008 [961c004b-2cdf-4092-9b5c-36f8bd0f140b@group-3C40BA09D40C-LeaderElection24] INFO  impl.RaftServerImpl (RaftServerImpl.java:setRole(184)) - 961c004b-2cdf-4092-9b5c-36f8bd0f140b@group-3C40BA09D40C: changes role from CANDIDATE to FOLLOWER at term 24 for DISCOVERED_A_NEW_TERM
2019-10-22 01:07:25,008 [961c004b-2cdf-4092-9b5c-36f8bd0f140b@group-3C40BA09D40C-LeaderElection24] INFO  impl.RoleInfo (RoleInfo.java:shutdownLeaderElection(134)) - 961c004b-2cdf-4092-9b5c-36f8bd0f140b: shutdown LeaderElection
2019-10-22 01:07:25,008 [961c004b-2cdf-4092-9b5c-36f8bd0f140b@group-3C40BA09D40C-LeaderElection24] INFO  impl.RoleInfo (RoleInfo.java:updateAndGet(143)) - 961c004b-2cdf-4092-9b5c-36f8bd0f140b: start FollowerState
2019-10-22 01:07:25,037 [java.util.concurrent.ThreadPoolExecutor$Worker@3c30b846[State = -1, empty queue]] WARN  server.GrpcLogAppender (GrpcLogAppender.java:timeoutAppendRequest(209)) - 3c326374-3547-416b-998e-7532ea2ef48b@group-3C40BA09D40C->961c004b-2cdf-4092-9b5c-36f8bd0f140b-GrpcLogAppender: appendEntries Timeout, request=3c326374-3547-416b-998e-7532ea2ef48b->961c004b-2cdf-4092-9b5c-36f8bd0f140b#52-t5, previous=(t:5, i:10), leaderCommit=10, initializing? false, entries: <empty>
2019-10-22 01:07:25,149 [Thread-699] INFO  impl.FollowerState (FollowerState.java:run(108)) - 961c004b-2cdf-4092-9b5c-36f8bd0f140b@group-3C40BA09D40C-FollowerState: change to CANDIDATE, lastRpcTime:140ms, electionTimeout:140ms
2019-10-22 01:07:25,149 [Thread-699] INFO  impl.RoleInfo (RoleInfo.java:shutdownFollowerState(121)) - 961c004b-2cdf-4092-9b5c-36f8bd0f140b: shutdown FollowerState
2019-10-22 01:07:25,149 [Thread-699] INFO  impl.RaftServerImpl (RaftServerImpl.java:setRole(184)) - 961c004b-2cdf-4092-9b5c-36f8bd0f140b@group-3C40BA09D40C: changes role from  FOLLOWER to CANDIDATE at term 24 for changeToCandidate
2019-10-22 01:07:25,149 [Thread-699] INFO  impl.RoleInfo (RoleInfo.java:updateAndGet(143)) - 961c004b-2cdf-4092-9b5c-36f8bd0f140b: start LeaderElection
2019-10-22 01:07:25,154 [961c004b-2cdf-4092-9b5c-36f8bd0f140b@group-3C40BA09D40C-LeaderElection25] INFO  impl.LeaderElection (LeaderElection.java:askForVotes(178)) - 961c004b-2cdf-4092-9b5c-36f8bd0f140b@group-3C40BA09D40C-LeaderElection25: begin an election at term 25 for 0: [db7ea609-3ced-42df-bea1-3bd72610fc9e:192.168.157.222:46031, 961c004b-2cdf-4092-9b5c-36f8bd0f140b:192.168.157.222:44865, 3c326374-3547-416b-998e-7532ea2ef48b:192.168.157.222:44132], old=null
2019-10-22 01:07:25,157 [grpc-default-executor-0] INFO  impl.RaftServerImpl (RaftServerImpl.java:setRole(184)) - db7ea609-3ced-42df-bea1-3bd72610fc9e@group-3C40BA09D40C: changes role from  FOLLOWER to FOLLOWER at term 25 for recognizeCandidate:961c004b-2cdf-4092-9b5c-36f8bd0f140b
2019-10-22 01:07:25,157 [grpc-default-executor-5] INFO  impl.RaftServerImpl (RaftServerImpl.java:setRole(184)) - 3c326374-3547-416b-998e-7532ea2ef48b@group-3C40BA09D40C: changes role from  FOLLOWER to FOLLOWER at term 25 for recognizeCandidate:961c004b-2cdf-4092-9b5c-36f8bd0f140b
2019-10-22 01:07:25,158 [grpc-default-executor-0] INFO  impl.RoleInfo (RoleInfo.java:shutdownFollowerState(121)) - db7ea609-3ced-42df-bea1-3bd72610fc9e: shutdown FollowerState
2019-10-22 01:07:25,158 [grpc-default-executor-5] INFO  impl.RoleInfo (RoleInfo.java:shutdownFollowerState(121)) - 3c326374-3547-416b-998e-7532ea2ef48b: shutdown FollowerState
2019-10-22 01:07:25,158 [Thread-697] INFO  impl.FollowerState (FollowerState.java:run(117)) - db7ea609-3ced-42df-bea1-3bd72610fc9e@group-3C40BA09D40C-FollowerState was interrupted: java.lang.InterruptedException: sleep interrupted
2019-10-22 01:07:25,158 [Thread-698] INFO  impl.FollowerState (FollowerState.java:run(117)) - 3c326374-3547-416b-998e-7532ea2ef48b@group-3C40BA09D40C-FollowerState was interrupted: java.lang.InterruptedException: sleep interrupted
2019-10-22 01:07:25,158 [grpc-default-executor-5] INFO  impl.RoleInfo (RoleInfo.java:updateAndGet(143)) - 3c326374-3547-416b-998e-7532ea2ef48b: start FollowerState
2019-10-22 01:07:25,158 [grpc-default-executor-0] INFO  impl.RoleInfo (RoleInfo.java:updateAndGet(143)) - db7ea609-3ced-42df-bea1-3bd72610fc9e: start FollowerState
2019-10-22 01:07:25,174 [961c004b-2cdf-4092-9b5c-36f8bd0f140b@group-3C40BA09D40C-LeaderElection25] INFO  impl.LeaderElection (LeaderElection.java:logAndReturn(56)) - 961c004b-2cdf-4092-9b5c-36f8bd0f140b@group-3C40BA09D40C-LeaderElection25: Election REJECTED; received 2 response(s) [961c004b-2cdf-4092-9b5c-36f8bd0f140b<-db7ea609-3ced-42df-bea1-3bd72610fc9e#0:FAIL-t25, 961c004b-2cdf-4092-9b5c-36f8bd0f140b<-3c326374-3547-416b-998e-7532ea2ef48b#0:FAIL-t25] and 0 exception(s); 961c004b-2cdf-4092-9b5c-36f8bd0f140b@group-3C40BA09D40C:t25, leader=null, voted=961c004b-2cdf-4092-9b5c-36f8bd0f140b, raftlog=961c004b-2cdf-4092-9b5c-36f8bd0f140b@group-3C40BA09D40C-SegmentedRaftLog:OPENED:c3,f4,i4, conf=0: [db7ea609-3ced-42df-bea1-3bd72610fc9e:192.168.157.222:46031, 961c004b-2cdf-4092-9b5c-36f8bd0f140b:192.168.157.222:44865, 3c326374-3547-416b-998e-7532ea2ef48b:192.168.157.222:44132], old=null
2019-10-22 01:07:25,174 [961c004b-2cdf-4092-9b5c-36f8bd0f140b@group-3C40BA09D40C-LeaderElection25] INFO  impl.RaftServerImpl (RaftServerImpl.java:setRole(184)) - 961c004b-2cdf-4092-9b5c-36f8bd0f140b@group-3C40BA09D40C: changes role from CANDIDATE to FOLLOWER at term 25 for DISCOVERED_A_NEW_TERM
2019-10-22 01:07:25,174 [961c004b-2cdf-4092-9b5c-36f8bd0f140b@group-3C40BA09D40C-LeaderElection25] INFO  impl.RoleInfo (RoleInfo.java:shutdownLeaderElection(134)) - 961c004b-2cdf-4092-9b5c-36f8bd0f140b: shutdown LeaderElection
2019-10-22 01:07:25,175 [961c004b-2cdf-4092-9b5c-36f8bd0f140b@group-3C40BA09D40C-LeaderElection25] INFO  impl.RoleInfo (RoleInfo.java:updateAndGet(143)) - 961c004b-2cdf-4092-9b5c-36f8bd0f140b: start FollowerState
2019-10-22 01:07:25,245 [Thread-705] INFO  impl.FollowerState (FollowerState.java:run(108)) - 961c004b-2cdf-4092-9b5c-36f8bd0f140b@group-3C40BA09D40C-FollowerState: change to CANDIDATE, lastRpcTime:70ms, electionTimeout:70ms
2019-10-22 01:07:25,247 [Thread-705] INFO  impl.RoleInfo (RoleInfo.java:shutdownFollowerState(121)) - 961c004b-2cdf-4092-9b5c-36f8bd0f140b: shutdown FollowerState
2019-10-22 01:07:25,247 [Thread-705] INFO  impl.RaftServerImpl (RaftServerImpl.java:setRole(184)) - 961c004b-2cdf-4092-9b5c-36f8bd0f140b@group-3C40BA09D40C: changes role from  FOLLOWER to CANDIDATE at term 25 for changeToCandidate
2019-10-22 01:07:25,247 [Thread-705] INFO  impl.RoleInfo (RoleInfo.java:updateAndGet(143)) - 961c004b-2cdf-4092-9b5c-36f8bd0f140b: start LeaderElection
2019-10-22 01:07:25,260 [961c004b-2cdf-4092-9b5c-36f8bd0f140b@group-3C40BA09D40C-LeaderElection26] INFO  impl.LeaderElection (LeaderElection.java:askForVotes(178)) - 961c004b-2cdf-4092-9b5c-36f8bd0f140b@group-3C40BA09D40C-LeaderElection26: begin an election at term 26 for 0: [db7ea609-3ced-42df-bea1-3bd72610fc9e:192.168.157.222:46031, 961c004b-2cdf-4092-9b5c-36f8bd0f140b:192.168.157.222:44865, 3c326374-3547-416b-998e-7532ea2ef48b:192.168.157.222:44132], old=null
2019-10-22 01:07:25,263 [grpc-default-executor-5] INFO  impl.RaftServerImpl (RaftServerImpl.java:setRole(184)) - db7ea609-3ced-42df-bea1-3bd72610fc9e@group-3C40BA09D40C: changes role from  FOLLOWER to FOLLOWER at term 26 for recognizeCandidate:961c004b-2cdf-4092-9b5c-36f8bd0f140b
2019-10-22 01:07:25,263 [grpc-default-executor-0] INFO  impl.RaftServerImpl (RaftServerImpl.java:setRole(184)) - 3c326374-3547-416b-998e-7532ea2ef48b@group-3C40BA09D40C: changes role from  FOLLOWER to FOLLOWER at term 26 for recognizeCandidate:961c004b-2cdf-4092-9b5c-36f8bd0f140b
2019-10-22 01:07:25,263 [grpc-default-executor-5] INFO  impl.RoleInfo (RoleInfo.java:shutdownFollowerState(121)) - db7ea609-3ced-42df-bea1-3bd72610fc9e: shutdown FollowerState
2019-10-22 01:07:25,264 [grpc-default-executor-0] INFO  impl.RoleInfo (RoleInfo.java:shutdownFollowerState(121)) - 3c326374-3547-416b-998e-7532ea2ef48b: shutdown FollowerState
2019-10-22 01:07:25,264 [Thread-703] INFO  impl.FollowerState (FollowerState.java:run(117)) - db7ea609-3ced-42df-bea1-3bd72610fc9e@group-3C40BA09D40C-FollowerState was interrupted: java.lang.InterruptedException: sleep interrupted
2019-10-22 01:07:25,264 [grpc-default-executor-5] INFO  impl.RoleInfo (RoleInfo.java:updateAndGet(143)) - db7ea609-3ced-42df-bea1-3bd72610fc9e: start FollowerState
2019-10-22 01:07:25,264 [Thread-704] INFO  impl.FollowerState (FollowerState.java:run(117)) - 3c326374-3547-416b-998e-7532ea2ef48b@group-3C40BA09D40C-FollowerState was interrupted: java.lang.InterruptedException: sleep interrupted
2019-10-22 01:07:25,264 [grpc-default-executor-0] INFO  impl.RoleInfo (RoleInfo.java:updateAndGet(143)) - 3c326374-3547-416b-998e-7532ea2ef48b: start FollowerState
2019-10-22 01:07:25,279 [961c004b-2cdf-4092-9b5c-36f8bd0f140b@group-3C40BA09D40C-LeaderElection26] INFO  impl.LeaderElection (LeaderElection.java:logAndReturn(56)) - 961c004b-2cdf-4092-9b5c-36f8bd0f140b@group-3C40BA09D40C-LeaderElection26: Election REJECTED; received 2 response(s) [961c004b-2cdf-4092-9b5c-36f8bd0f140b<-db7ea609-3ced-42df-bea1-3bd72610fc9e#0:FAIL-t26, 961c004b-2cdf-4092-9b5c-36f8bd0f140b<-3c326374-3547-416b-998e-7532ea2ef48b#0:FAIL-t26] and 0 exception(s); 961c004b-2cdf-4092-9b5c-36f8bd0f140b@group-3C40BA09D40C:t26, leader=null, voted=961c004b-2cdf-4092-9b5c-36f8bd0f140b, raftlog=961c004b-2cdf-4092-9b5c-36f8bd0f140b@group-3C40BA09D40C-SegmentedRaftLog:OPENED:c3,f4,i4, conf=0: [db7ea609-3ced-42df-bea1-3bd72610fc9e:192.168.157.222:46031, 961c004b-2cdf-4092-9b5c-36f8bd0f140b:192.168.157.222:44865, 3c326374-3547-416b-998e-7532ea2ef48b:192.168.157.222:44132], old=null
2019-10-22 01:07:25,280 [961c004b-2cdf-4092-9b5c-36f8bd0f140b@group-3C40BA09D40C-LeaderElection26] INFO  impl.RaftServerImpl (RaftServerImpl.java:setRole(184)) - 961c004b-2cdf-4092-9b5c-36f8bd0f140b@group-3C40BA09D40C: changes role from CANDIDATE to FOLLOWER at term 26 for DISCOVERED_A_NEW_TERM
2019-10-22 01:07:25,280 [961c004b-2cdf-4092-9b5c-36f8bd0f140b@group-3C40BA09D40C-LeaderElection26] INFO  impl.RoleInfo (RoleInfo.java:shutdownLeaderElection(134)) - 961c004b-2cdf-4092-9b5c-36f8bd0f140b: shutdown LeaderElection
2019-10-22 01:07:25,280 [961c004b-2cdf-4092-9b5c-36f8bd0f140b@group-3C40BA09D40C-LeaderElection26] INFO  impl.RoleInfo (RoleInfo.java:updateAndGet(143)) - 961c004b-2cdf-4092-9b5c-36f8bd0f140b: start FollowerState
2019-10-22 01:07:25,396 [Thread-711] INFO  impl.FollowerState (FollowerState.java:run(108)) - 961c004b-2cdf-4092-9b5c-36f8bd0f140b@group-3C40BA09D40C-FollowerState: change to CANDIDATE, lastRpcTime:116ms, electionTimeout:116ms
2019-10-22 01:07:25,398 [Thread-711] INFO  impl.RoleInfo (RoleInfo.java:shutdownFollowerState(121)) - 961c004b-2cdf-4092-9b5c-36f8bd0f140b: shutdown FollowerState
2019-10-22 01:07:25,398 [Thread-711] INFO  impl.RaftServerImpl (RaftServerImpl.java:setRole(184)) - 961c004b-2cdf-4092-9b5c-36f8bd0f140b@group-3C40BA09D40C: changes role from  FOLLOWER to CANDIDATE at term 26 for changeToCandidate
2019-10-22 01:07:25,398 [Thread-711] INFO  impl.RoleInfo (RoleInfo.java:updateAndGet(143)) - 961c004b-2cdf-4092-9b5c-36f8bd0f140b: start LeaderElection
2019-10-22 01:07:25,418 [Thread-715] INFO  client.GrpcClientProtocolService (GrpcClientProtocolService.java:lambda$processClientRequest$0(278)) - Failed RaftClientRequest:client-266370AF2C40->961c004b-2cdf-4092-9b5c-36f8bd0f140b@group-3C40BA09D40C, cid=10, seq=0, Watch-ALL_COMMITTED(6), Message:<EMPTY>, reply=RaftClientReply:client-266370AF2C40->961c004b-2cdf-4092-9b5c-36f8bd0f140b@group-3C40BA09D40C, cid=10, FAILED org.apache.ratis.protocol.NotLeaderException: Server 961c004b-2cdf-4092-9b5c-36f8bd0f140b@group-3C40BA09D40C is not the leader, logIndex=0, commits[961c004b-2cdf-4092-9b5c-36f8bd0f140b:c3]
2019-10-22 01:07:25,420 [961c004b-2cdf-4092-9b5c-36f8bd0f140b@group-3C40BA09D40C-LeaderElection27] INFO  impl.LeaderElection (LeaderElection.java:askForVotes(178)) - 961c004b-2cdf-4092-9b5c-36f8bd0f140b@group-3C40BA09D40C-LeaderElection27: begin an election at term 27 for 0: [db7ea609-3ced-42df-bea1-3bd72610fc9e:192.168.157.222:46031, 961c004b-2cdf-4092-9b5c-36f8bd0f140b:192.168.157.222:44865, 3c326374-3547-416b-998e-7532ea2ef48b:192.168.157.222:44132], old=null
2019-10-22 01:07:25,426 [grpc-default-executor-5] INFO  impl.RaftServerImpl (RaftServerImpl.java:setRole(184)) - db7ea609-3ced-42df-bea1-3bd72610fc9e@group-3C40BA09D40C: changes role from  FOLLOWER to FOLLOWER at term 27 for recognizeCandidate:961c004b-2cdf-4092-9b5c-36f8bd0f140b
2019-10-22 01:07:25,427 [grpc-default-executor-5] INFO  impl.RoleInfo (RoleInfo.java:shutdownFollowerState(121)) - db7ea609-3ced-42df-bea1-3bd72610fc9e: shutdown FollowerState
2019-10-22 01:07:25,427 [grpc-default-executor-0] INFO  impl.RaftServerImpl (RaftServerImpl.java:setRole(184)) - 3c326374-3547-416b-998e-7532ea2ef48b@group-3C40BA09D40C: changes role from  FOLLOWER to FOLLOWER at term 27 for recognizeCandidate:961c004b-2cdf-4092-9b5c-36f8bd0f140b
2019-10-22 01:07:25,427 [Thread-709] INFO  impl.FollowerState (FollowerState.java:run(117)) - db7ea609-3ced-42df-bea1-3bd72610fc9e@group-3C40BA09D40C-FollowerState was interrupted: java.lang.InterruptedException: sleep interrupted
2019-10-22 01:07:25,427 [grpc-default-executor-5] INFO  impl.RoleInfo (RoleInfo.java:updateAndGet(143)) - db7ea609-3ced-42df-bea1-3bd72610fc9e: start FollowerState
2019-10-22 01:07:25,427 [grpc-default-executor-0] INFO  impl.RoleInfo (RoleInfo.java:shutdownFollowerState(121)) - 3c326374-3547-416b-998e-7532ea2ef48b: shutdown FollowerState
2019-10-22 01:07:25,429 [grpc-default-executor-0] INFO  impl.RoleInfo (RoleInfo.java:updateAndGet(143)) - 3c326374-3547-416b-998e-7532ea2ef48b: start FollowerState
2019-10-22 01:07:25,429 [Thread-710] INFO  impl.FollowerState (FollowerState.java:run(117)) - 3c326374-3547-416b-998e-7532ea2ef48b@group-3C40BA09D40C-FollowerState was interrupted: java.lang.InterruptedException: sleep interrupted
2019-10-22 01:07:25,445 [961c004b-2cdf-4092-9b5c-36f8bd0f140b@group-3C40BA09D40C-LeaderElection27] INFO  impl.LeaderElection (LeaderElection.java:logAndReturn(56)) - 961c004b-2cdf-4092-9b5c-36f8bd0f140b@group-3C40BA09D40C-LeaderElection27: Election REJECTED; received 2 response(s) [961c004b-2cdf-4092-9b5c-36f8bd0f140b<-db7ea609-3ced-42df-bea1-3bd72610fc9e#0:FAIL-t27, 961c004b-2cdf-4092-9b5c-36f8bd0f140b<-3c326374-3547-416b-998e-7532ea2ef48b#0:FAIL-t27] and 0 exception(s); 961c004b-2cdf-4092-9b5c-36f8bd0f140b@group-3C40BA09D40C:t27, leader=null, voted=961c004b-2cdf-4092-9b5c-36f8bd0f140b, raftlog=961c004b-2cdf-4092-9b5c-36f8bd0f140b@group-3C40BA09D40C-SegmentedRaftLog:OPENED:c3,f4,i4, conf=0: [db7ea609-3ced-42df-bea1-3bd72610fc9e:192.168.157.222:46031, 961c004b-2cdf-4092-9b5c-36f8bd0f140b:192.168.157.222:44865, 3c326374-3547-416b-998e-7532ea2ef48b:192.168.157.222:44132], old=null
2019-10-22 01:07:25,445 [961c004b-2cdf-4092-9b5c-36f8bd0f140b@group-3C40BA09D40C-LeaderElection27] INFO  impl.RaftServerImpl (RaftServerImpl.java:setRole(184)) - 961c004b-2cdf-4092-9b5c-36f8bd0f140b@group-3C40BA09D40C: changes role from CANDIDATE to FOLLOWER at term 27 for DISCOVERED_A_NEW_TERM
2019-10-22 01:07:25,445 [961c004b-2cdf-4092-9b5c-36f8bd0f140b@group-3C40BA09D40C-LeaderElection27] INFO  impl.RoleInfo (RoleInfo.java:shutdownLeaderElection(134)) - 961c004b-2cdf-4092-9b5c-36f8bd0f140b: shutdown LeaderElection
2019-10-22 01:07:25,446 [961c004b-2cdf-4092-9b5c-36f8bd0f140b@group-3C40BA09D40C-LeaderElection27] INFO  impl.RoleInfo (RoleInfo.java:updateAndGet(143)) - 961c004b-2cdf-4092-9b5c-36f8bd0f140b: start FollowerState
2019-10-22 01:07:25,447 [Thread-721] INFO  impl.FollowerState (FollowerState.java:run(108)) - 961c004b-2cdf-4092-9b5c-36f8bd0f140b@group-3C40BA09D40C-FollowerState: change to CANDIDATE, lastRpcTime:1ms, electionTimeout:1ms
2019-10-22 01:07:25,448 [Thread-721] INFO  impl.RoleInfo (RoleInfo.java:shutdownFollowerState(121)) - 961c004b-2cdf-4092-9b5c-36f8bd0f140b: shutdown FollowerState
2019-10-22 01:07:25,449 [Thread-721] INFO  impl.RaftServerImpl (RaftServerImpl.java:setRole(184)) - 961c004b-2cdf-4092-9b5c-36f8bd0f140b@group-3C40BA09D40C: changes role from  FOLLOWER to CANDIDATE at term 27 for changeToCandidate
2019-10-22 01:07:25,449 [Thread-721] INFO  impl.RoleInfo (RoleInfo.java:updateAndGet(143)) - 961c004b-2cdf-4092-9b5c-36f8bd0f140b: start LeaderElection
2019-10-22 01:07:25,459 [pool-7-thread-3] INFO  commands.RetriableDatanodeEventWatcher (RetriableDatanodeEventWatcher.java:onTimeout(47)) - RetriableDatanodeCommand type=deleteBlocksCommand with id=1571706439452 timed out. Retrying.
2019-10-22 01:07:25,461 [pool-7-thread-3] INFO  commands.RetriableDatanodeEventWatcher (RetriableDatanodeEventWatcher.java:onTimeout(47)) - RetriableDatanodeCommand type=deleteBlocksCommand with id=1571706439453 timed out. Retrying.
2019-10-22 01:07:25,461 [pool-7-thread-1] INFO  commands.RetriableDatanodeEventWatcher (RetriableDatanodeEventWatcher.java:onTimeout(47)) - RetriableDatanodeCommand type=deleteBlocksCommand with id=1571706439455 timed out. Retrying.
2019-10-22 01:07:25,461 [pool-7-thread-2] INFO  commands.RetriableDatanodeEventWatcher (RetriableDatanodeEventWatcher.java:onTimeout(47)) - RetriableDatanodeCommand type=deleteBlocksCommand with id=1571706439454 timed out. Retrying.
2019-10-22 01:07:25,461 [pool-7-thread-4] INFO  commands.RetriableDatanodeEventWatcher (RetriableDatanodeEventWatcher.java:onTimeout(47)) - RetriableDatanodeCommand type=deleteBlocksCommand with id=1571706439456 timed out. Retrying.
2019-10-22 01:07:25,462 [SCMBlockDeletingService#0] INFO  block.SCMBlockDeletingService (SCMBlockDeletingService.java:call(184)) - Totally added 1 delete blocks command for 1 datanodes, task elapsed time: 0ms
2019-10-22 01:07:25,462 [961c004b-2cdf-4092-9b5c-36f8bd0f140b@group-3C40BA09D40C-LeaderElection28] INFO  impl.LeaderElection (LeaderElection.java:askForVotes(178)) - 961c004b-2cdf-4092-9b5c-36f8bd0f140b@group-3C40BA09D40C-LeaderElection28: begin an election at term 28 for 0: [db7ea609-3ced-42df-bea1-3bd72610fc9e:192.168.157.222:46031, 961c004b-2cdf-4092-9b5c-36f8bd0f140b:192.168.157.222:44865, 3c326374-3547-416b-998e-7532ea2ef48b:192.168.157.222:44132], old=null
2019-10-22 01:07:25,463 [pool-7-thread-4] INFO  commands.RetriableDatanodeEventWatcher (RetriableDatanodeEventWatcher.java:onTimeout(47)) - RetriableDatanodeCommand type=deleteBlocksCommand with id=1571706439450 timed out. Retrying.
2019-10-22 01:07:25,464 [grpc-default-executor-5] INFO  impl.RaftServerImpl (RaftServerImpl.java:setRole(184)) - 3c326374-3547-416b-998e-7532ea2ef48b@group-3C40BA09D40C: changes role from  FOLLOWER to FOLLOWER at term 28 for recognizeCandidate:961c004b-2cdf-4092-9b5c-36f8bd0f140b
2019-10-22 01:07:25,464 [grpc-default-executor-0] INFO  impl.RaftServerImpl (RaftServerImpl.java:setRole(184)) - db7ea609-3ced-42df-bea1-3bd72610fc9e@group-3C40BA09D40C: changes role from  FOLLOWER to FOLLOWER at term 28 for recognizeCandidate:961c004b-2cdf-4092-9b5c-36f8bd0f140b
2019-10-22 01:07:25,465 [grpc-default-executor-0] INFO  impl.RoleInfo (RoleInfo.java:shutdownFollowerState(121)) - db7ea609-3ced-42df-bea1-3bd72610fc9e: shutdown FollowerState
2019-10-22 01:07:25,465 [grpc-default-executor-5] INFO  impl.RoleInfo (RoleInfo.java:shutdownFollowerState(121)) - 3c326374-3547-416b-998e-7532ea2ef48b: shutdown FollowerState
2019-10-22 01:07:25,465 [Thread-719] INFO  impl.FollowerState (FollowerState.java:run(117)) - db7ea609-3ced-42df-bea1-3bd72610fc9e@group-3C40BA09D40C-FollowerState was interrupted: java.lang.InterruptedException: sleep interrupted
2019-10-22 01:07:25,465 [grpc-default-executor-0] INFO  impl.RoleInfo (RoleInfo.java:updateAndGet(143)) - db7ea609-3ced-42df-bea1-3bd72610fc9e: start FollowerState
2019-10-22 01:07:25,465 [grpc-default-executor-5] INFO  impl.RoleInfo (RoleInfo.java:updateAndGet(143)) - 3c326374-3547-416b-998e-7532ea2ef48b: start FollowerState
2019-10-22 01:07:25,465 [Thread-720] INFO  impl.FollowerState (FollowerState.java:run(117)) - 3c326374-3547-416b-998e-7532ea2ef48b@group-3C40BA09D40C-FollowerState was interrupted: java.lang.InterruptedException: sleep interrupted
2019-10-22 01:07:25,480 [961c004b-2cdf-4092-9b5c-36f8bd0f140b@group-3C40BA09D40C-LeaderElection28] INFO  impl.LeaderElection (LeaderElection.java:logAndReturn(56)) - 961c004b-2cdf-4092-9b5c-36f8bd0f140b@group-3C40BA09D40C-LeaderElection28: Election REJECTED; received 2 response(s) [961c004b-2cdf-4092-9b5c-36f8bd0f140b<-db7ea609-3ced-42df-bea1-3bd72610fc9e#0:FAIL-t28, 961c004b-2cdf-4092-9b5c-36f8bd0f140b<-3c326374-3547-416b-998e-7532ea2ef48b#0:FAIL-t28] and 0 exception(s); 961c004b-2cdf-4092-9b5c-36f8bd0f140b@group-3C40BA09D40C:t28, leader=null, voted=961c004b-2cdf-4092-9b5c-36f8bd0f140b, raftlog=961c004b-2cdf-4092-9b5c-36f8bd0f140b@group-3C40BA09D40C-SegmentedRaftLog:OPENED:c3,f4,i4, conf=0: [db7ea609-3ced-42df-bea1-3bd72610fc9e:192.168.157.222:46031, 961c004b-2cdf-4092-9b5c-36f8bd0f140b:192.168.157.222:44865, 3c326374-3547-416b-998e-7532ea2ef48b:192.168.157.222:44132], old=null
2019-10-22 01:07:25,480 [961c004b-2cdf-4092-9b5c-36f8bd0f140b@group-3C40BA09D40C-LeaderElection28] INFO  impl.RaftServerImpl (RaftServerImpl.java:setRole(184)) - 961c004b-2cdf-4092-9b5c-36f8bd0f140b@group-3C40BA09D40C: changes role from CANDIDATE to FOLLOWER at term 28 for DISCOVERED_A_NEW_TERM
2019-10-22 01:07:25,480 [961c004b-2cdf-4092-9b5c-36f8bd0f140b@group-3C40BA09D40C-LeaderElection28] INFO  impl.RoleInfo (RoleInfo.java:shutdownLeaderElection(134)) - 961c004b-2cdf-4092-9b5c-36f8bd0f140b: shutdown LeaderElection
2019-10-22 01:07:25,480 [961c004b-2cdf-4092-9b5c-36f8bd0f140b@group-3C40BA09D40C-LeaderElection28] INFO  impl.RoleInfo (RoleInfo.java:updateAndGet(143)) - 961c004b-2cdf-4092-9b5c-36f8bd0f140b: start FollowerState
2019-10-22 01:07:25,615 [Thread-727] INFO  impl.FollowerState (FollowerState.java:run(108)) - 961c004b-2cdf-4092-9b5c-36f8bd0f140b@group-3C40BA09D40C-FollowerState: change to CANDIDATE, lastRpcTime:134ms, electionTimeout:134ms
2019-10-22 01:07:25,617 [Thread-727] INFO  impl.RoleInfo (RoleInfo.java:shutdownFollowerState(121)) - 961c004b-2cdf-4092-9b5c-36f8bd0f140b: shutdown FollowerState
2019-10-22 01:07:25,617 [Thread-727] INFO  impl.RaftServerImpl (RaftServerImpl.java:setRole(184)) - 961c004b-2cdf-4092-9b5c-36f8bd0f140b@group-3C40BA09D40C: changes role from  FOLLOWER to CANDIDATE at term 28 for changeToCandidate
2019-10-22 01:07:25,617 [Thread-727] INFO  impl.RoleInfo (RoleInfo.java:updateAndGet(143)) - 961c004b-2cdf-4092-9b5c-36f8bd0f140b: start LeaderElection
2019-10-22 01:07:25,644 [961c004b-2cdf-4092-9b5c-36f8bd0f140b@group-3C40BA09D40C-LeaderElection29] INFO  impl.LeaderElection (LeaderElection.java:askForVotes(178)) - 961c004b-2cdf-4092-9b5c-36f8bd0f140b@group-3C40BA09D40C-LeaderElection29: begin an election at term 29 for 0: [db7ea609-3ced-42df-bea1-3bd72610fc9e:192.168.157.222:46031, 961c004b-2cdf-4092-9b5c-36f8bd0f140b:192.168.157.222:44865, 3c326374-3547-416b-998e-7532ea2ef48b:192.168.157.222:44132], old=null
2019-10-22 01:07:25,647 [grpc-default-executor-0] INFO  impl.RaftServerImpl (RaftServerImpl.java:setRole(184)) - db7ea609-3ced-42df-bea1-3bd72610fc9e@group-3C40BA09D40C: changes role from  FOLLOWER to FOLLOWER at term 29 for recognizeCandidate:961c004b-2cdf-4092-9b5c-36f8bd0f140b
2019-10-22 01:07:25,647 [grpc-default-executor-5] INFO  impl.RaftServerImpl (RaftServerImpl.java:setRole(184)) - 3c326374-3547-416b-998e-7532ea2ef48b@group-3C40BA09D40C: changes role from  FOLLOWER to FOLLOWER at term 29 for recognizeCandidate:961c004b-2cdf-4092-9b5c-36f8bd0f140b
2019-10-22 01:07:25,647 [grpc-default-executor-0] INFO  impl.RoleInfo (RoleInfo.java:shutdownFollowerState(121)) - db7ea609-3ced-42df-bea1-3bd72610fc9e: shutdown FollowerState
2019-10-22 01:07:25,647 [grpc-default-executor-5] INFO  impl.RoleInfo (RoleInfo.java:shutdownFollowerState(121)) - 3c326374-3547-416b-998e-7532ea2ef48b: shutdown FollowerState
2019-10-22 01:07:25,647 [grpc-default-executor-0] INFO  impl.RoleInfo (RoleInfo.java:updateAndGet(143)) - db7ea609-3ced-42df-bea1-3bd72610fc9e: start FollowerState
2019-10-22 01:07:25,648 [Thread-725] INFO  impl.FollowerState (FollowerState.java:run(117)) - db7ea609-3ced-42df-bea1-3bd72610fc9e@group-3C40BA09D40C-FollowerState was interrupted: java.lang.InterruptedException: sleep interrupted
2019-10-22 01:07:25,648 [Thread-726] INFO  impl.FollowerState (FollowerState.java:run(117)) - 3c326374-3547-416b-998e-7532ea2ef48b@group-3C40BA09D40C-FollowerState was interrupted: java.lang.InterruptedException: sleep interrupted
2019-10-22 01:07:25,648 [grpc-default-executor-5] INFO  impl.RoleInfo (RoleInfo.java:updateAndGet(143)) - 3c326374-3547-416b-998e-7532ea2ef48b: start FollowerState
2019-10-22 01:07:25,663 [961c004b-2cdf-4092-9b5c-36f8bd0f140b@group-3C40BA09D40C-LeaderElection29] INFO  impl.LeaderElection (LeaderElection.java:logAndReturn(56)) - 961c004b-2cdf-4092-9b5c-36f8bd0f140b@group-3C40BA09D40C-LeaderElection29: Election REJECTED; received 2 response(s) [961c004b-2cdf-4092-9b5c-36f8bd0f140b<-db7ea609-3ced-42df-bea1-3bd72610fc9e#0:FAIL-t29, 961c004b-2cdf-4092-9b5c-36f8bd0f140b<-3c326374-3547-416b-998e-7532ea2ef48b#0:FAIL-t29] and 0 exception(s); 961c004b-2cdf-4092-9b5c-36f8bd0f140b@group-3C40BA09D40C:t29, leader=null, voted=961c004b-2cdf-4092-9b5c-36f8bd0f140b, raftlog=961c004b-2cdf-4092-9b5c-36f8bd0f140b@group-3C40BA09D40C-SegmentedRaftLog:OPENED:c3,f4,i4, conf=0: [db7ea609-3ced-42df-bea1-3bd72610fc9e:192.168.157.222:46031, 961c004b-2cdf-4092-9b5c-36f8bd0f140b:192.168.157.222:44865, 3c326374-3547-416b-998e-7532ea2ef48b:192.168.157.222:44132], old=null
2019-10-22 01:07:25,663 [961c004b-2cdf-4092-9b5c-36f8bd0f140b@group-3C40BA09D40C-LeaderElection29] INFO  impl.RaftServerImpl (RaftServerImpl.java:setRole(184)) - 961c004b-2cdf-4092-9b5c-36f8bd0f140b@group-3C40BA09D40C: changes role from CANDIDATE to FOLLOWER at term 29 for DISCOVERED_A_NEW_TERM
2019-10-22 01:07:25,663 [961c004b-2cdf-4092-9b5c-36f8bd0f140b@group-3C40BA09D40C-LeaderElection29] INFO  impl.RoleInfo (RoleInfo.java:shutdownLeaderElection(134)) - 961c004b-2cdf-4092-9b5c-36f8bd0f140b: shutdown LeaderElection
2019-10-22 01:07:25,663 [961c004b-2cdf-4092-9b5c-36f8bd0f140b@group-3C40BA09D40C-LeaderElection29] INFO  impl.RoleInfo (RoleInfo.java:updateAndGet(143)) - 961c004b-2cdf-4092-9b5c-36f8bd0f140b: start FollowerState
2019-10-22 01:07:25,829 [Thread-733] INFO  impl.FollowerState (FollowerState.java:run(108)) - 961c004b-2cdf-4092-9b5c-36f8bd0f140b@group-3C40BA09D40C-FollowerState: change to CANDIDATE, lastRpcTime:166ms, electionTimeout:166ms
2019-10-22 01:07:25,831 [Thread-733] INFO  impl.RoleInfo (RoleInfo.java:shutdownFollowerState(121)) - 961c004b-2cdf-4092-9b5c-36f8bd0f140b: shutdown FollowerState
2019-10-22 01:07:25,831 [Thread-733] INFO  impl.RaftServerImpl (RaftServerImpl.java:setRole(184)) - 961c004b-2cdf-4092-9b5c-36f8bd0f140b@group-3C40BA09D40C: changes role from  FOLLOWER to CANDIDATE at term 29 for changeToCandidate
2019-10-22 01:07:25,831 [Thread-733] INFO  impl.RoleInfo (RoleInfo.java:updateAndGet(143)) - 961c004b-2cdf-4092-9b5c-36f8bd0f140b: start LeaderElection
2019-10-22 01:07:25,844 [961c004b-2cdf-4092-9b5c-36f8bd0f140b@group-3C40BA09D40C-LeaderElection30] INFO  impl.LeaderElection (LeaderElection.java:askForVotes(178)) - 961c004b-2cdf-4092-9b5c-36f8bd0f140b@group-3C40BA09D40C-LeaderElection30: begin an election at term 30 for 0: [db7ea609-3ced-42df-bea1-3bd72610fc9e:192.168.157.222:46031, 961c004b-2cdf-4092-9b5c-36f8bd0f140b:192.168.157.222:44865, 3c326374-3547-416b-998e-7532ea2ef48b:192.168.157.222:44132], old=null
2019-10-22 01:07:25,848 [grpc-default-executor-0] INFO  impl.RaftServerImpl (RaftServerImpl.java:setRole(184)) - 3c326374-3547-416b-998e-7532ea2ef48b@group-3C40BA09D40C: changes role from  FOLLOWER to FOLLOWER at term 30 for recognizeCandidate:961c004b-2cdf-4092-9b5c-36f8bd0f140b
2019-10-22 01:07:25,848 [grpc-default-executor-5] INFO  impl.RaftServerImpl (RaftServerImpl.java:setRole(184)) - db7ea609-3ced-42df-bea1-3bd72610fc9e@group-3C40BA09D40C: changes role from  FOLLOWER to FOLLOWER at term 30 for recognizeCandidate:961c004b-2cdf-4092-9b5c-36f8bd0f140b
2019-10-22 01:07:25,848 [grpc-default-executor-0] INFO  impl.RoleInfo (RoleInfo.java:shutdownFollowerState(121)) - 3c326374-3547-416b-998e-7532ea2ef48b: shutdown FollowerState
2019-10-22 01:07:25,848 [grpc-default-executor-5] INFO  impl.RoleInfo (RoleInfo.java:shutdownFollowerState(121)) - db7ea609-3ced-42df-bea1-3bd72610fc9e: shutdown FollowerState
2019-10-22 01:07:25,848 [Thread-732] INFO  impl.FollowerState (FollowerState.java:run(117)) - 3c326374-3547-416b-998e-7532ea2ef48b@group-3C40BA09D40C-FollowerState was interrupted: java.lang.InterruptedException: sleep interrupted
2019-10-22 01:07:25,848 [grpc-default-executor-0] INFO  impl.RoleInfo (RoleInfo.java:updateAndGet(143)) - 3c326374-3547-416b-998e-7532ea2ef48b: start FollowerState
2019-10-22 01:07:25,849 [grpc-default-executor-5] INFO  impl.RoleInfo (RoleInfo.java:updateAndGet(143)) - db7ea609-3ced-42df-bea1-3bd72610fc9e: start FollowerState
2019-10-22 01:07:25,848 [Thread-731] INFO  impl.FollowerState (FollowerState.java:run(117)) - db7ea609-3ced-42df-bea1-3bd72610fc9e@group-3C40BA09D40C-FollowerState was interrupted: java.lang.InterruptedException: sleep interrupted
2019-10-22 01:07:25,850 [BlockDeletingService#2] WARN  background.BlockDeletingService (BlockDeletingService.java:isDeletionAllowed(187)) - Close Container log Index 6 is not replicated across allthe servers in the pipeline 2cbd8cfc-dfa6-4d43-b162-3c40ba09d40c as the min replicated index is 4. Deletion is not allowed in this container yet.
2019-10-22 01:07:25,851 [BlockDeletingService#2] WARN  background.BlockDeletingService (BlockDeletingService.java:isDeletionAllowed(187)) - Close Container log Index 6 is not replicated across allthe servers in the pipeline 2cbd8cfc-dfa6-4d43-b162-3c40ba09d40c as the min replicated index is 4. Deletion is not allowed in this container yet.
2019-10-22 01:07:25,870 [961c004b-2cdf-4092-9b5c-36f8bd0f140b@group-3C40BA09D40C-LeaderElection30] INFO  impl.LeaderElection (LeaderElection.java:logAndReturn(56)) - 961c004b-2cdf-4092-9b5c-36f8bd0f140b@group-3C40BA09D40C-LeaderElection30: Election REJECTED; received 2 response(s) [961c004b-2cdf-4092-9b5c-36f8bd0f140b<-db7ea609-3ced-42df-bea1-3bd72610fc9e#0:FAIL-t30, 961c004b-2cdf-4092-9b5c-36f8bd0f140b<-3c326374-3547-416b-998e-7532ea2ef48b#0:FAIL-t30] and 0 exception(s); 961c004b-2cdf-4092-9b5c-36f8bd0f140b@group-3C40BA09D40C:t30, leader=null, voted=961c004b-2cdf-4092-9b5c-36f8bd0f140b, raftlog=961c004b-2cdf-4092-9b5c-36f8bd0f140b@group-3C40BA09D40C-SegmentedRaftLog:OPENED:c3,f4,i4, conf=0: [db7ea609-3ced-42df-bea1-3bd72610fc9e:192.168.157.222:46031, 961c004b-2cdf-4092-9b5c-36f8bd0f140b:192.168.157.222:44865, 3c326374-3547-416b-998e-7532ea2ef48b:192.168.157.222:44132], old=null
2019-10-22 01:07:25,871 [961c004b-2cdf-4092-9b5c-36f8bd0f140b@group-3C40BA09D40C-LeaderElection30] INFO  impl.RaftServerImpl (RaftServerImpl.java:setRole(184)) - 961c004b-2cdf-4092-9b5c-36f8bd0f140b@group-3C40BA09D40C: changes role from CANDIDATE to FOLLOWER at term 30 for DISCOVERED_A_NEW_TERM
2019-10-22 01:07:25,871 [961c004b-2cdf-4092-9b5c-36f8bd0f140b@group-3C40BA09D40C-LeaderElection30] INFO  impl.RoleInfo (RoleInfo.java:shutdownLeaderElection(134)) - 961c004b-2cdf-4092-9b5c-36f8bd0f140b: shutdown LeaderElection
2019-10-22 01:07:25,871 [961c004b-2cdf-4092-9b5c-36f8bd0f140b@group-3C40BA09D40C-LeaderElection30] INFO  impl.RoleInfo (RoleInfo.java:updateAndGet(143)) - 961c004b-2cdf-4092-9b5c-36f8bd0f140b: start FollowerState
2019-10-22 01:07:26,046 [Thread-741] INFO  impl.FollowerState (FollowerState.java:run(108)) - 961c004b-2cdf-4092-9b5c-36f8bd0f140b@group-3C40BA09D40C-FollowerState: change to CANDIDATE, lastRpcTime:175ms, electionTimeout:175ms
2019-10-22 01:07:26,048 [Thread-741] INFO  impl.RoleInfo (RoleInfo.java:shutdownFollowerState(121)) - 961c004b-2cdf-4092-9b5c-36f8bd0f140b: shutdown FollowerState
2019-10-22 01:07:26,048 [Thread-741] INFO  impl.RaftServerImpl (RaftServerImpl.java:setRole(184)) - 961c004b-2cdf-4092-9b5c-36f8bd0f140b@group-3C40BA09D40C: changes role from  FOLLOWER to CANDIDATE at term 30 for changeToCandidate
2019-10-22 01:07:26,048 [Thread-741] INFO  impl.RoleInfo (RoleInfo.java:updateAndGet(143)) - 961c004b-2cdf-4092-9b5c-36f8bd0f140b: start LeaderElection
2019-10-22 01:07:26,058 [961c004b-2cdf-4092-9b5c-36f8bd0f140b@group-3C40BA09D40C-LeaderElection31] INFO  impl.LeaderElection (LeaderElection.java:askForVotes(178)) - 961c004b-2cdf-4092-9b5c-36f8bd0f140b@group-3C40BA09D40C-LeaderElection31: begin an election at term 31 for 0: [db7ea609-3ced-42df-bea1-3bd72610fc9e:192.168.157.222:46031, 961c004b-2cdf-4092-9b5c-36f8bd0f140b:192.168.157.222:44865, 3c326374-3547-416b-998e-7532ea2ef48b:192.168.157.222:44132], old=null
2019-10-22 01:07:26,061 [grpc-default-executor-0] INFO  impl.RaftServerImpl (RaftServerImpl.java:setRole(184)) - db7ea609-3ced-42df-bea1-3bd72610fc9e@group-3C40BA09D40C: changes role from  FOLLOWER to FOLLOWER at term 31 for recognizeCandidate:961c004b-2cdf-4092-9b5c-36f8bd0f140b
2019-10-22 01:07:26,061 [grpc-default-executor-5] INFO  impl.RaftServerImpl (RaftServerImpl.java:setRole(184)) - 3c326374-3547-416b-998e-7532ea2ef48b@group-3C40BA09D40C: changes role from  FOLLOWER to FOLLOWER at term 31 for recognizeCandidate:961c004b-2cdf-4092-9b5c-36f8bd0f140b
2019-10-22 01:07:26,061 [grpc-default-executor-0] INFO  impl.RoleInfo (RoleInfo.java:shutdownFollowerState(121)) - db7ea609-3ced-42df-bea1-3bd72610fc9e: shutdown FollowerState
2019-10-22 01:07:26,061 [grpc-default-executor-5] INFO  impl.RoleInfo (RoleInfo.java:shutdownFollowerState(121)) - 3c326374-3547-416b-998e-7532ea2ef48b: shutdown FollowerState
2019-10-22 01:07:26,062 [Thread-738] INFO  impl.FollowerState (FollowerState.java:run(117)) - db7ea609-3ced-42df-bea1-3bd72610fc9e@group-3C40BA09D40C-FollowerState was interrupted: java.lang.InterruptedException: sleep interrupted
2019-10-22 01:07:26,062 [Thread-737] INFO  impl.FollowerState (FollowerState.java:run(117)) - 3c326374-3547-416b-998e-7532ea2ef48b@group-3C40BA09D40C-FollowerState was interrupted: java.lang.InterruptedException: sleep interrupted
2019-10-22 01:07:26,062 [grpc-default-executor-0] INFO  impl.RoleInfo (RoleInfo.java:updateAndGet(143)) - db7ea609-3ced-42df-bea1-3bd72610fc9e: start FollowerState
2019-10-22 01:07:26,062 [grpc-default-executor-5] INFO  impl.RoleInfo (RoleInfo.java:updateAndGet(143)) - 3c326374-3547-416b-998e-7532ea2ef48b: start FollowerState
2019-10-22 01:07:26,077 [961c004b-2cdf-4092-9b5c-36f8bd0f140b@group-3C40BA09D40C-LeaderElection31] INFO  impl.LeaderElection (LeaderElection.java:logAndReturn(56)) - 961c004b-2cdf-4092-9b5c-36f8bd0f140b@group-3C40BA09D40C-LeaderElection31: Election REJECTED; received 2 response(s) [961c004b-2cdf-4092-9b5c-36f8bd0f140b<-db7ea609-3ced-42df-bea1-3bd72610fc9e#0:FAIL-t31, 961c004b-2cdf-4092-9b5c-36f8bd0f140b<-3c326374-3547-416b-998e-7532ea2ef48b#0:FAIL-t31] and 0 exception(s); 961c004b-2cdf-4092-9b5c-36f8bd0f140b@group-3C40BA09D40C:t31, leader=null, voted=961c004b-2cdf-4092-9b5c-36f8bd0f140b, raftlog=961c004b-2cdf-4092-9b5c-36f8bd0f140b@group-3C40BA09D40C-SegmentedRaftLog:OPENED:c3,f4,i4, conf=0: [db7ea609-3ced-42df-bea1-3bd72610fc9e:192.168.157.222:46031, 961c004b-2cdf-4092-9b5c-36f8bd0f140b:192.168.157.222:44865, 3c326374-3547-416b-998e-7532ea2ef48b:192.168.157.222:44132], old=null
2019-10-22 01:07:26,077 [961c004b-2cdf-4092-9b5c-36f8bd0f140b@group-3C40BA09D40C-LeaderElection31] INFO  impl.RaftServerImpl (RaftServerImpl.java:setRole(184)) - 961c004b-2cdf-4092-9b5c-36f8bd0f140b@group-3C40BA09D40C: changes role from CANDIDATE to FOLLOWER at term 31 for DISCOVERED_A_NEW_TERM
2019-10-22 01:07:26,077 [961c004b-2cdf-4092-9b5c-36f8bd0f140b@group-3C40BA09D40C-LeaderElection31] INFO  impl.RoleInfo (RoleInfo.java:shutdownLeaderElection(134)) - 961c004b-2cdf-4092-9b5c-36f8bd0f140b: shutdown LeaderElection
2019-10-22 01:07:26,077 [961c004b-2cdf-4092-9b5c-36f8bd0f140b@group-3C40BA09D40C-LeaderElection31] INFO  impl.RoleInfo (RoleInfo.java:updateAndGet(143)) - 961c004b-2cdf-4092-9b5c-36f8bd0f140b: start FollowerState
2019-10-22 01:07:26,244 [Thread-747] INFO  impl.FollowerState (FollowerState.java:run(108)) - 961c004b-2cdf-4092-9b5c-36f8bd0f140b@group-3C40BA09D40C-FollowerState: change to CANDIDATE, lastRpcTime:166ms, electionTimeout:166ms
2019-10-22 01:07:26,245 [Thread-747] INFO  impl.RoleInfo (RoleInfo.java:shutdownFollowerState(121)) - 961c004b-2cdf-4092-9b5c-36f8bd0f140b: shutdown FollowerState
2019-10-22 01:07:26,245 [Thread-747] INFO  impl.RaftServerImpl (RaftServerImpl.java:setRole(184)) - 961c004b-2cdf-4092-9b5c-36f8bd0f140b@group-3C40BA09D40C: changes role from  FOLLOWER to CANDIDATE at term 31 for changeToCandidate
2019-10-22 01:07:26,245 [Thread-747] INFO  impl.RoleInfo (RoleInfo.java:updateAndGet(143)) - 961c004b-2cdf-4092-9b5c-36f8bd0f140b: start LeaderElection
2019-10-22 01:07:26,271 [961c004b-2cdf-4092-9b5c-36f8bd0f140b@group-3C40BA09D40C-LeaderElection32] INFO  impl.LeaderElection (LeaderElection.java:askForVotes(178)) - 961c004b-2cdf-4092-9b5c-36f8bd0f140b@group-3C40BA09D40C-LeaderElection32: begin an election at term 32 for 0: [db7ea609-3ced-42df-bea1-3bd72610fc9e:192.168.157.222:46031, 961c004b-2cdf-4092-9b5c-36f8bd0f140b:192.168.157.222:44865, 3c326374-3547-416b-998e-7532ea2ef48b:192.168.157.222:44132], old=null
2019-10-22 01:07:26,273 [grpc-default-executor-0] INFO  impl.RaftServerImpl (RaftServerImpl.java:setRole(184)) - db7ea609-3ced-42df-bea1-3bd72610fc9e@group-3C40BA09D40C: changes role from  FOLLOWER to FOLLOWER at term 32 for recognizeCandidate:961c004b-2cdf-4092-9b5c-36f8bd0f140b
2019-10-22 01:07:26,273 [grpc-default-executor-0] INFO  impl.RoleInfo (RoleInfo.java:shutdownFollowerState(121)) - db7ea609-3ced-42df-bea1-3bd72610fc9e: shutdown FollowerState
2019-10-22 01:07:26,274 [grpc-default-executor-5] INFO  impl.RaftServerImpl (RaftServerImpl.java:setRole(184)) - 3c326374-3547-416b-998e-7532ea2ef48b@group-3C40BA09D40C: changes role from  FOLLOWER to FOLLOWER at term 32 for recognizeCandidate:961c004b-2cdf-4092-9b5c-36f8bd0f140b
2019-10-22 01:07:26,274 [Thread-745] INFO  impl.FollowerState (FollowerState.java:run(117)) - db7ea609-3ced-42df-bea1-3bd72610fc9e@group-3C40BA09D40C-FollowerState was interrupted: java.lang.InterruptedException: sleep interrupted
2019-10-22 01:07:26,274 [grpc-default-executor-0] INFO  impl.RoleInfo (RoleInfo.java:updateAndGet(143)) - db7ea609-3ced-42df-bea1-3bd72610fc9e: start FollowerState
2019-10-22 01:07:26,274 [grpc-default-executor-5] INFO  impl.RoleInfo (RoleInfo.java:shutdownFollowerState(121)) - 3c326374-3547-416b-998e-7532ea2ef48b: shutdown FollowerState
2019-10-22 01:07:26,274 [grpc-default-executor-5] INFO  impl.RoleInfo (RoleInfo.java:updateAndGet(143)) - 3c326374-3547-416b-998e-7532ea2ef48b: start FollowerState
2019-10-22 01:07:26,274 [Thread-746] INFO  impl.FollowerState (FollowerState.java:run(117)) - 3c326374-3547-416b-998e-7532ea2ef48b@group-3C40BA09D40C-FollowerState was interrupted: java.lang.InterruptedException: sleep interrupted
2019-10-22 01:07:26,289 [961c004b-2cdf-4092-9b5c-36f8bd0f140b@group-3C40BA09D40C-LeaderElection32] INFO  impl.LeaderElection (LeaderElection.java:logAndReturn(56)) - 961c004b-2cdf-4092-9b5c-36f8bd0f140b@group-3C40BA09D40C-LeaderElection32: Election REJECTED; received 2 response(s) [961c004b-2cdf-4092-9b5c-36f8bd0f140b<-db7ea609-3ced-42df-bea1-3bd72610fc9e#0:FAIL-t32, 961c004b-2cdf-4092-9b5c-36f8bd0f140b<-3c326374-3547-416b-998e-7532ea2ef48b#0:FAIL-t32] and 0 exception(s); 961c004b-2cdf-4092-9b5c-36f8bd0f140b@group-3C40BA09D40C:t32, leader=null, voted=961c004b-2cdf-4092-9b5c-36f8bd0f140b, raftlog=961c004b-2cdf-4092-9b5c-36f8bd0f140b@group-3C40BA09D40C-SegmentedRaftLog:OPENED:c3,f4,i4, conf=0: [db7ea609-3ced-42df-bea1-3bd72610fc9e:192.168.157.222:46031, 961c004b-2cdf-4092-9b5c-36f8bd0f140b:192.168.157.222:44865, 3c326374-3547-416b-998e-7532ea2ef48b:192.168.157.222:44132], old=null
2019-10-22 01:07:26,289 [961c004b-2cdf-4092-9b5c-36f8bd0f140b@group-3C40BA09D40C-LeaderElection32] INFO  impl.RaftServerImpl (RaftServerImpl.java:setRole(184)) - 961c004b-2cdf-4092-9b5c-36f8bd0f140b@group-3C40BA09D40C: changes role from CANDIDATE to FOLLOWER at term 32 for DISCOVERED_A_NEW_TERM
2019-10-22 01:07:26,290 [961c004b-2cdf-4092-9b5c-36f8bd0f140b@group-3C40BA09D40C-LeaderElection32] INFO  impl.RoleInfo (RoleInfo.java:shutdownLeaderElection(134)) - 961c004b-2cdf-4092-9b5c-36f8bd0f140b: shutdown LeaderElection
2019-10-22 01:07:26,290 [961c004b-2cdf-4092-9b5c-36f8bd0f140b@group-3C40BA09D40C-LeaderElection32] INFO  impl.RoleInfo (RoleInfo.java:updateAndGet(143)) - 961c004b-2cdf-4092-9b5c-36f8bd0f140b: start FollowerState
2019-10-22 01:07:26,318 [EventQueue-PendingDeleteStatusForPendingDeleteHandler] INFO  block.SCMBlockDeletingService (SCMBlockDeletingService.java:handlePendingDeletes(115)) - Block deletion txnID mismatch in datanode 961c004b-2cdf-4092-9b5c-36f8bd0f140b for containerID 1. Datanode delete txnID: 0, SCM txnID: 1
2019-10-22 01:07:26,402 [Thread-753] INFO  impl.FollowerState (FollowerState.java:run(108)) - 961c004b-2cdf-4092-9b5c-36f8bd0f140b@group-3C40BA09D40C-FollowerState: change to CANDIDATE, lastRpcTime:112ms, electionTimeout:112ms
2019-10-22 01:07:26,403 [Thread-753] INFO  impl.RoleInfo (RoleInfo.java:shutdownFollowerState(121)) - 961c004b-2cdf-4092-9b5c-36f8bd0f140b: shutdown FollowerState
2019-10-22 01:07:26,404 [Thread-753] INFO  impl.RaftServerImpl (RaftServerImpl.java:setRole(184)) - 961c004b-2cdf-4092-9b5c-36f8bd0f140b@group-3C40BA09D40C: changes role from  FOLLOWER to CANDIDATE at term 32 for changeToCandidate
2019-10-22 01:07:26,404 [Thread-753] INFO  impl.RoleInfo (RoleInfo.java:updateAndGet(143)) - 961c004b-2cdf-4092-9b5c-36f8bd0f140b: start LeaderElection
2019-10-22 01:07:26,406 [grpc-default-executor-5] INFO  impl.RaftServerProxy (RaftServerProxy.java:addNew(89)) - 961c004b-2cdf-4092-9b5c-36f8bd0f140b: addNew group-07A51284A26B:[961c004b-2cdf-4092-9b5c-36f8bd0f140b:192.168.157.222:44865] returns group-07A51284A26B:java.util.concurrent.CompletableFuture@3b161b2e[Not completed]
2019-10-22 01:07:26,408 [pool-59-thread-1] INFO  impl.RaftServerImpl (RaftServerImpl.java:<init>(104)) - 961c004b-2cdf-4092-9b5c-36f8bd0f140b: new RaftServerImpl for group-07A51284A26B:[961c004b-2cdf-4092-9b5c-36f8bd0f140b:192.168.157.222:44865] with ContainerStateMachine:uninitialized
2019-10-22 01:07:26,408 [pool-59-thread-1] INFO  server.RaftServerConfigKeys (ConfUtils.java:logGet(43)) - raft.server.rpc.timeout.min = 5s (custom)
2019-10-22 01:07:26,408 [pool-59-thread-1] INFO  server.RaftServerConfigKeys (ConfUtils.java:logGet(43)) - raft.server.rpc.timeout.max = 5200ms (custom)
2019-10-22 01:07:26,409 [pool-59-thread-1] INFO  server.RaftServerConfigKeys (ConfUtils.java:logGet(43)) - raft.server.rpcslowness.timeout = 1000s (custom)
2019-10-22 01:07:26,409 [pool-59-thread-1] INFO  server.RaftServerConfigKeys (ConfUtils.java:logGet(43)) - raft.server.sleep.deviation.threshold = 300 (default)
2019-10-22 01:07:26,409 [pool-59-thread-1] INFO  server.RaftServerConfigKeys (ConfUtils.java:logGet(43)) - raft.server.log.appender.install.snapshot.enabled = false (custom)
2019-10-22 01:07:26,409 [pool-59-thread-1] INFO  impl.RaftServerImpl (ServerState.java:<init>(103)) - 961c004b-2cdf-4092-9b5c-36f8bd0f140b@group-07A51284A26B: ConfigurationManager, init=-1: [961c004b-2cdf-4092-9b5c-36f8bd0f140b:192.168.157.222:44865], old=null, confs=<EMPTY_MAP>
2019-10-22 01:07:26,409 [pool-59-thread-1] INFO  server.RaftServerConfigKeys (ConfUtils.java:logGet(43)) - raft.server.storage.dir = [/workdir/hadoop-ozone/integration-test/target/test-dir/MiniOzoneClusterImpl-891fbafd-cb48-4392-8fd2-d372f9b36073/datanode-2/data/ratis] (custom)
2019-10-22 01:07:26,410 [pool-59-thread-1] INFO  server.RaftServerConfigKeys (ConfUtils.java:logGet(43)) - raft.server.log.corruption.policy = EXCEPTION (default)
2019-10-22 01:07:26,410 [pool-59-thread-1] INFO  storage.RaftStorageDirectory (RaftStorageDirectory.java:analyzeStorage(246)) - The storage directory /workdir/hadoop-ozone/integration-test/target/test-dir/MiniOzoneClusterImpl-891fbafd-cb48-4392-8fd2-d372f9b36073/datanode-2/data/ratis/19dcc62d-6fc8-4ae4-9990-07a51284a26b does not exist. Creating ...
2019-10-22 01:07:26,418 [EventQueue-PendingDeleteStatusForPendingDeleteHandler] INFO  block.SCMBlockDeletingService (SCMBlockDeletingService.java:handlePendingDeletes(115)) - Block deletion txnID mismatch in datanode 961c004b-2cdf-4092-9b5c-36f8bd0f140b for containerID 1. Datanode delete txnID: 0, SCM txnID: 1
2019-10-22 01:07:26,436 [Thread-758] INFO  client.GrpcClientProtocolService (GrpcClientProtocolService.java:lambda$processClientRequest$0(278)) - Failed RaftClientRequest:client-266370AF2C40->3c326374-3547-416b-998e-7532ea2ef48b@group-3C40BA09D40C, cid=10, seq=0, Watch-ALL_COMMITTED(6), Message:<EMPTY>, reply=RaftClientReply:client-266370AF2C40->3c326374-3547-416b-998e-7532ea2ef48b@group-3C40BA09D40C, cid=10, FAILED org.apache.ratis.protocol.NotLeaderException: Server 3c326374-3547-416b-998e-7532ea2ef48b@group-3C40BA09D40C is not the leader, logIndex=0, commits[3c326374-3547-416b-998e-7532ea2ef48b:c10, db7ea609-3ced-42df-bea1-3bd72610fc9e:c10, 961c004b-2cdf-4092-9b5c-36f8bd0f140b:c4]
2019-10-22 01:07:26,436 [pool-59-thread-1] INFO  storage.RaftStorageDirectory (RaftStorageDirectory.java:tryLock(328)) - Lock on /workdir/hadoop-ozone/integration-test/target/test-dir/MiniOzoneClusterImpl-891fbafd-cb48-4392-8fd2-d372f9b36073/datanode-2/data/ratis/19dcc62d-6fc8-4ae4-9990-07a51284a26b/in_use.lock acquired by nodename 20038@pr-hdds-2131-5wjdl-3623002096
2019-10-22 01:07:26,437 [961c004b-2cdf-4092-9b5c-36f8bd0f140b@group-3C40BA09D40C-LeaderElection33] INFO  impl.LeaderElection (LeaderElection.java:askForVotes(178)) - 961c004b-2cdf-4092-9b5c-36f8bd0f140b@group-3C40BA09D40C-LeaderElection33: begin an election at term 33 for 0: [db7ea609-3ced-42df-bea1-3bd72610fc9e:192.168.157.222:46031, 961c004b-2cdf-4092-9b5c-36f8bd0f140b:192.168.157.222:44865, 3c326374-3547-416b-998e-7532ea2ef48b:192.168.157.222:44132], old=null
2019-10-22 01:07:26,446 [grpc-default-executor-5] INFO  impl.RaftServerImpl (RaftServerImpl.java:setRole(184)) - db7ea609-3ced-42df-bea1-3bd72610fc9e@group-3C40BA09D40C: changes role from  FOLLOWER to FOLLOWER at term 33 for recognizeCandidate:961c004b-2cdf-4092-9b5c-36f8bd0f140b
2019-10-22 01:07:26,447 [grpc-default-executor-5] INFO  impl.RoleInfo (RoleInfo.java:shutdownFollowerState(121)) - db7ea609-3ced-42df-bea1-3bd72610fc9e: shutdown FollowerState
2019-10-22 01:07:26,447 [grpc-default-executor-5] INFO  impl.RoleInfo (RoleInfo.java:updateAndGet(143)) - db7ea609-3ced-42df-bea1-3bd72610fc9e: start FollowerState
2019-10-22 01:07:26,447 [Thread-751] INFO  impl.FollowerState (FollowerState.java:run(117)) - db7ea609-3ced-42df-bea1-3bd72610fc9e@group-3C40BA09D40C-FollowerState was interrupted: java.lang.InterruptedException: sleep interrupted
2019-10-22 01:07:26,447 [grpc-default-executor-7] INFO  impl.RaftServerImpl (RaftServerImpl.java:setRole(184)) - 3c326374-3547-416b-998e-7532ea2ef48b@group-3C40BA09D40C: changes role from  FOLLOWER to FOLLOWER at term 33 for recognizeCandidate:961c004b-2cdf-4092-9b5c-36f8bd0f140b
2019-10-22 01:07:26,449 [grpc-default-executor-7] INFO  impl.RoleInfo (RoleInfo.java:shutdownFollowerState(121)) - 3c326374-3547-416b-998e-7532ea2ef48b: shutdown FollowerState
2019-10-22 01:07:26,449 [grpc-default-executor-7] INFO  impl.RoleInfo (RoleInfo.java:updateAndGet(143)) - 3c326374-3547-416b-998e-7532ea2ef48b: start FollowerState
2019-10-22 01:07:26,449 [Thread-752] INFO  impl.FollowerState (FollowerState.java:run(117)) - 3c326374-3547-416b-998e-7532ea2ef48b@group-3C40BA09D40C-FollowerState was interrupted: java.lang.InterruptedException: sleep interrupted
2019-10-22 01:07:26,451 [pool-59-thread-1] INFO  storage.RaftStorage (RaftStorage.java:format(84)) - Storage directory /workdir/hadoop-ozone/integration-test/target/test-dir/MiniOzoneClusterImpl-891fbafd-cb48-4392-8fd2-d372f9b36073/datanode-2/data/ratis/19dcc62d-6fc8-4ae4-9990-07a51284a26b has been successfully formatted.
2019-10-22 01:07:26,451 [pool-59-thread-1] INFO  ratis.ContainerStateMachine (ContainerStateMachine.java:loadSnapshot(231)) - group-07A51284A26B: The snapshot info is null. Setting the last applied indexto:(t:0, i:~)
2019-10-22 01:07:26,452 [pool-59-thread-1] INFO  server.RaftServerConfigKeys (ConfUtils.java:logGet(43)) - raft.server.notification.no-leader.timeout = 1000s (custom)
2019-10-22 01:07:26,452 [pool-59-thread-1] INFO  server.RaftServerConfigKeys (ConfUtils.java:logGet(43)) - raft.server.log.use.memory = false (default)
2019-10-22 01:07:26,452 [pool-59-thread-1] INFO  server.RaftServerConfigKeys (ConfUtils.java:logGet(43)) - raft.server.log.purge.gap = 1000000 (custom)
2019-10-22 01:07:26,452 [pool-59-thread-1] INFO  server.RaftServerConfigKeys (ConfUtils.java:logGet(43)) - raft.server.log.appender.buffer.byte-limit = 33554432 (custom)
2019-10-22 01:07:26,452 [pool-59-thread-1] INFO  server.RaftServerConfigKeys (ConfUtils.java:logGet(43)) - raft.server.log.segment.size.max = 1048576 (custom)
2019-10-22 01:07:26,452 [pool-59-thread-1] INFO  server.RaftServerConfigKeys (ConfUtils.java:logGet(43)) - raft.server.log.segment.cache.num.max = 2 (custom)
2019-10-22 01:07:26,453 [pool-59-thread-1] INFO  segmented.SegmentedRaftLogWorker (SegmentedRaftLogWorker.java:<init>(173)) - new 961c004b-2cdf-4092-9b5c-36f8bd0f140b@group-07A51284A26B-SegmentedRaftLogWorker for RaftStorage:Storage Directory /workdir/hadoop-ozone/integration-test/target/test-dir/MiniOzoneClusterImpl-891fbafd-cb48-4392-8fd2-d372f9b36073/datanode-2/data/ratis/19dcc62d-6fc8-4ae4-9990-07a51284a26b
2019-10-22 01:07:26,453 [pool-59-thread-1] INFO  server.RaftServerConfigKeys (ConfUtils.java:logGet(43)) - raft.server.log.queue.byte-limit = 2147483647 (custom)
2019-10-22 01:07:26,453 [pool-59-thread-1] INFO  server.RaftServerConfigKeys (ConfUtils.java:logGet(43)) - raft.server.log.queue.element-limit = 1024 (custom)
2019-10-22 01:07:26,453 [pool-59-thread-1] INFO  server.RaftServerConfigKeys (ConfUtils.java:logGet(43)) - raft.server.log.segment.size.max = 1048576 (custom)
2019-10-22 01:07:26,453 [pool-59-thread-1] INFO  server.RaftServerConfigKeys (ConfUtils.java:logGet(43)) - raft.server.log.preallocated.size = 16384 (custom)
2019-10-22 01:07:26,453 [pool-59-thread-1] INFO  server.RaftServerConfigKeys (ConfUtils.java:logGet(43)) - raft.server.log.write.buffer.size = 33554432 (custom)
2019-10-22 01:07:26,453 [pool-59-thread-1] INFO  server.RaftServerConfigKeys (ConfUtils.java:logGet(43)) - raft.server.log.force.sync.num = 128 (default)
2019-10-22 01:07:26,454 [pool-59-thread-1] INFO  server.RaftServerConfigKeys (ConfUtils.java:logGet(43)) - raft.server.log.statemachine.data.sync = true (default)
2019-10-22 01:07:26,454 [pool-59-thread-1] INFO  server.RaftServerConfigKeys (ConfUtils.java:logGet(43)) - raft.server.log.statemachine.data.sync.timeout = 10s (default)
2019-10-22 01:07:26,454 [pool-59-thread-1] INFO  server.RaftServerConfigKeys (ConfUtils.java:logGet(43)) - raft.server.log.statemachine.data.sync.timeout.retry = -1 (default)
2019-10-22 01:07:26,454 [pool-59-thread-1] INFO  server.RaftServerConfigKeys (ConfUtils.java:logGet(43)) - raft.server.log.statemachine.data.caching.enabled = true (custom)
2019-10-22 01:07:26,454 [pool-59-thread-1] INFO  segmented.SegmentedRaftLogWorker (SegmentedRaftLogWorker.java:lambda$new$0(128)) - 961c004b-2cdf-4092-9b5c-36f8bd0f140b@group-07A51284A26B-SegmentedRaftLogWorker: flushIndex: setUnconditionally 0 -> -1
2019-10-22 01:07:26,455 [pool-59-thread-1] INFO  server.RaftServerConfigKeys (ConfUtils.java:logGet(43)) - raft.server.snapshot.auto.trigger.enabled = true (custom)
2019-10-22 01:07:26,455 [pool-59-thread-1] INFO  server.RaftServerConfigKeys (ConfUtils.java:logGet(43)) - raft.server.snapshot.auto.trigger.threshold = 10000 (custom)
2019-10-22 01:07:26,455 [pool-59-thread-1] INFO  server.RaftServerConfigKeys (ConfUtils.java:logGet(43)) - raft.server.snapshot.retention.file.num = 5 (custom)
2019-10-22 01:07:26,455 [pool-59-thread-1] INFO  server.RaftServerConfigKeys (ConfUtils.java:logGet(43)) - raft.server.retrycache.expirytime = 600000ms (custom)
2019-10-22 01:07:26,458 [pool-59-thread-1] INFO  impl.RaftServerImpl (RaftServerImpl.java:start(195)) - 961c004b-2cdf-4092-9b5c-36f8bd0f140b@group-07A51284A26B: start as a follower, conf=-1: [961c004b-2cdf-4092-9b5c-36f8bd0f140b:192.168.157.222:44865], old=null
2019-10-22 01:07:26,458 [pool-59-thread-1] INFO  impl.RaftServerImpl (RaftServerImpl.java:setRole(184)) - 961c004b-2cdf-4092-9b5c-36f8bd0f140b@group-07A51284A26B: changes role from      null to FOLLOWER at term 0 for startAsFollower
2019-10-22 01:07:26,459 [pool-59-thread-1] INFO  impl.RoleInfo (RoleInfo.java:updateAndGet(143)) - 961c004b-2cdf-4092-9b5c-36f8bd0f140b: start FollowerState
2019-10-22 01:07:26,459 [pool-59-thread-1] INFO  util.JmxRegister (JmxRegister.java:tryRegister(44)) - Successfully registered JMX Bean with object name Ratis:service=RaftServer,group=group-07A51284A26B,id=961c004b-2cdf-4092-9b5c-36f8bd0f140b
2019-10-22 01:07:26,459 [pool-7-thread-4] INFO  commands.RetriableDatanodeEventWatcher (RetriableDatanodeEventWatcher.java:onTimeout(47)) - RetriableDatanodeCommand type=deleteBlocksCommand with id=1571706439452 timed out. Retrying.
2019-10-22 01:07:26,462 [pool-7-thread-4] INFO  commands.RetriableDatanodeEventWatcher (RetriableDatanodeEventWatcher.java:onTimeout(47)) - RetriableDatanodeCommand type=deleteBlocksCommand with id=1571706439453 timed out. Retrying.
2019-10-22 01:07:26,462 [pool-7-thread-5] INFO  commands.RetriableDatanodeEventWatcher (RetriableDatanodeEventWatcher.java:onTimeout(47)) - RetriableDatanodeCommand type=deleteBlocksCommand with id=1571706439457 timed out. Retrying.
2019-10-22 01:07:26,464 [SCMBlockDeletingService#0] INFO  block.SCMBlockDeletingService (SCMBlockDeletingService.java:call(184)) - Totally added 1 delete blocks command for 1 datanodes, task elapsed time: 1ms
2019-10-22 01:07:26,464 [pool-7-thread-3] INFO  commands.RetriableDatanodeEventWatcher (RetriableDatanodeEventWatcher.java:onTimeout(47)) - RetriableDatanodeCommand type=deleteBlocksCommand with id=1571706439456 timed out. Retrying.
2019-10-22 01:07:26,464 [pool-7-thread-2] INFO  commands.RetriableDatanodeEventWatcher (RetriableDatanodeEventWatcher.java:onTimeout(47)) - RetriableDatanodeCommand type=deleteBlocksCommand with id=1571706439454 timed out. Retrying.
2019-10-22 01:07:26,464 [pool-7-thread-1] INFO  commands.RetriableDatanodeEventWatcher (RetriableDatanodeEventWatcher.java:onTimeout(47)) - RetriableDatanodeCommand type=deleteBlocksCommand with id=1571706439455 timed out. Retrying.
2019-10-22 01:07:26,465 [pool-7-thread-4] INFO  commands.RetriableDatanodeEventWatcher (RetriableDatanodeEventWatcher.java:onTimeout(47)) - RetriableDatanodeCommand type=deleteBlocksCommand with id=1571706439450 timed out. Retrying.
2019-10-22 01:07:26,465 [RatisPipelineUtilsThread] INFO  pipeline.PipelineStateManager (PipelineStateManager.java:addPipeline(56)) - Created pipeline Pipeline[ Id: 19dcc62d-6fc8-4ae4-9990-07a51284a26b, Nodes: 961c004b-2cdf-4092-9b5c-36f8bd0f140b{ip: 192.168.157.222, host: pr-hdds-2131-5wjdl-3623002096, networkLocation: /default-rack, certSerialId: null}, Type:RATIS, Factor:ONE, State:OPEN]
2019-10-22 01:07:26,481 [961c004b-2cdf-4092-9b5c-36f8bd0f140b@group-3C40BA09D40C-LeaderElection33] INFO  impl.LeaderElection (LeaderElection.java:logAndReturn(56)) - 961c004b-2cdf-4092-9b5c-36f8bd0f140b@group-3C40BA09D40C-LeaderElection33: Election REJECTED; received 2 response(s) [961c004b-2cdf-4092-9b5c-36f8bd0f140b<-db7ea609-3ced-42df-bea1-3bd72610fc9e#0:FAIL-t33, 961c004b-2cdf-4092-9b5c-36f8bd0f140b<-3c326374-3547-416b-998e-7532ea2ef48b#0:FAIL-t33] and 0 exception(s); 961c004b-2cdf-4092-9b5c-36f8bd0f140b@group-3C40BA09D40C:t33, leader=null, voted=961c004b-2cdf-4092-9b5c-36f8bd0f140b, raftlog=961c004b-2cdf-4092-9b5c-36f8bd0f140b@group-3C40BA09D40C-SegmentedRaftLog:OPENED:c3,f4,i4, conf=0: [db7ea609-3ced-42df-bea1-3bd72610fc9e:192.168.157.222:46031, 961c004b-2cdf-4092-9b5c-36f8bd0f140b:192.168.157.222:44865, 3c326374-3547-416b-998e-7532ea2ef48b:192.168.157.222:44132], old=null
2019-10-22 01:07:26,481 [961c004b-2cdf-4092-9b5c-36f8bd0f140b@group-3C40BA09D40C-LeaderElection33] INFO  impl.RaftServerImpl (RaftServerImpl.java:setRole(184)) - 961c004b-2cdf-4092-9b5c-36f8bd0f140b@group-3C40BA09D40C: changes role from CANDIDATE to FOLLOWER at term 33 for DISCOVERED_A_NEW_TERM
2019-10-22 01:07:26,482 [961c004b-2cdf-4092-9b5c-36f8bd0f140b@group-3C40BA09D40C-LeaderElection33] INFO  impl.RoleInfo (RoleInfo.java:shutdownLeaderElection(134)) - 961c004b-2cdf-4092-9b5c-36f8bd0f140b: shutdown LeaderElection
2019-10-22 01:07:26,482 [961c004b-2cdf-4092-9b5c-36f8bd0f140b@group-3C40BA09D40C-LeaderElection33] INFO  impl.RoleInfo (RoleInfo.java:updateAndGet(143)) - 961c004b-2cdf-4092-9b5c-36f8bd0f140b: start FollowerState
2019-10-22 01:07:26,483 [grpc-default-executor-6] INFO  impl.RaftServerProxy (RaftServerProxy.java:addNew(89)) - 3c326374-3547-416b-998e-7532ea2ef48b: addNew group-3E8090110B6F:[db7ea609-3ced-42df-bea1-3bd72610fc9e:192.168.157.222:46031, 961c004b-2cdf-4092-9b5c-36f8bd0f140b:192.168.157.222:44865, 3c326374-3547-416b-998e-7532ea2ef48b:192.168.157.222:44132] returns group-3E8090110B6F:java.util.concurrent.CompletableFuture@70f4ad17[Not completed]
2019-10-22 01:07:26,483 [grpc-default-executor-7] INFO  impl.RaftServerProxy (RaftServerProxy.java:addNew(89)) - 961c004b-2cdf-4092-9b5c-36f8bd0f140b: addNew group-3E8090110B6F:[db7ea609-3ced-42df-bea1-3bd72610fc9e:192.168.157.222:46031, 961c004b-2cdf-4092-9b5c-36f8bd0f140b:192.168.157.222:44865, 3c326374-3547-416b-998e-7532ea2ef48b:192.168.157.222:44132] returns group-3E8090110B6F:java.util.concurrent.CompletableFuture@3e913b19[Not completed]
2019-10-22 01:07:26,484 [grpc-default-executor-5] INFO  impl.RaftServerProxy (RaftServerProxy.java:addNew(89)) - db7ea609-3ced-42df-bea1-3bd72610fc9e: addNew group-3E8090110B6F:[db7ea609-3ced-42df-bea1-3bd72610fc9e:192.168.157.222:46031, 961c004b-2cdf-4092-9b5c-36f8bd0f140b:192.168.157.222:44865, 3c326374-3547-416b-998e-7532ea2ef48b:192.168.157.222:44132] returns group-3E8090110B6F:java.util.concurrent.CompletableFuture@76a45389[Not completed]
2019-10-22 01:07:26,485 [pool-37-thread-1] INFO  impl.RaftServerImpl (RaftServerImpl.java:<init>(104)) - 3c326374-3547-416b-998e-7532ea2ef48b: new RaftServerImpl for group-3E8090110B6F:[db7ea609-3ced-42df-bea1-3bd72610fc9e:192.168.157.222:46031, 961c004b-2cdf-4092-9b5c-36f8bd0f140b:192.168.157.222:44865, 3c326374-3547-416b-998e-7532ea2ef48b:192.168.157.222:44132] with ContainerStateMachine:uninitialized
2019-10-22 01:07:26,485 [pool-37-thread-1] INFO  server.RaftServerConfigKeys (ConfUtils.java:logGet(43)) - raft.server.rpc.timeout.min = 5s (custom)
2019-10-22 01:07:26,485 [pool-37-thread-1] INFO  server.RaftServerConfigKeys (ConfUtils.java:logGet(43)) - raft.server.rpc.timeout.max = 5200ms (custom)
2019-10-22 01:07:26,485 [pool-37-thread-1] INFO  server.RaftServerConfigKeys (ConfUtils.java:logGet(43)) - raft.server.rpcslowness.timeout = 1000s (custom)
2019-10-22 01:07:26,485 [pool-37-thread-1] INFO  server.RaftServerConfigKeys (ConfUtils.java:logGet(43)) - raft.server.sleep.deviation.threshold = 300 (default)
2019-10-22 01:07:26,485 [pool-37-thread-1] INFO  server.RaftServerConfigKeys (ConfUtils.java:logGet(43)) - raft.server.log.appender.install.snapshot.enabled = false (custom)
2019-10-22 01:07:26,485 [pool-27-thread-1] INFO  impl.RaftServerImpl (RaftServerImpl.java:<init>(104)) - db7ea609-3ced-42df-bea1-3bd72610fc9e: new RaftServerImpl for group-3E8090110B6F:[db7ea609-3ced-42df-bea1-3bd72610fc9e:192.168.157.222:46031, 961c004b-2cdf-4092-9b5c-36f8bd0f140b:192.168.157.222:44865, 3c326374-3547-416b-998e-7532ea2ef48b:192.168.157.222:44132] with ContainerStateMachine:uninitialized
2019-10-22 01:07:26,485 [pool-37-thread-1] INFO  impl.RaftServerImpl (ServerState.java:<init>(103)) - 3c326374-3547-416b-998e-7532ea2ef48b@group-3E8090110B6F: ConfigurationManager, init=-1: [db7ea609-3ced-42df-bea1-3bd72610fc9e:192.168.157.222:46031, 961c004b-2cdf-4092-9b5c-36f8bd0f140b:192.168.157.222:44865, 3c326374-3547-416b-998e-7532ea2ef48b:192.168.157.222:44132], old=null, confs=<EMPTY_MAP>
2019-10-22 01:07:26,485 [pool-27-thread-1] INFO  server.RaftServerConfigKeys (ConfUtils.java:logGet(43)) - raft.server.rpc.timeout.min = 5s (custom)
2019-10-22 01:07:26,485 [pool-37-thread-1] INFO  server.RaftServerConfigKeys (ConfUtils.java:logGet(43)) - raft.server.storage.dir = [/workdir/hadoop-ozone/integration-test/target/test-dir/MiniOzoneClusterImpl-891fbafd-cb48-4392-8fd2-d372f9b36073/datanode-1/data/ratis] (custom)
2019-10-22 01:07:26,486 [pool-27-thread-1] INFO  server.RaftServerConfigKeys (ConfUtils.java:logGet(43)) - raft.server.rpc.timeout.max = 5200ms (custom)
2019-10-22 01:07:26,486 [pool-27-thread-1] INFO  server.RaftServerConfigKeys (ConfUtils.java:logGet(43)) - raft.server.rpcslowness.timeout = 1000s (custom)
2019-10-22 01:07:26,486 [pool-37-thread-1] INFO  server.RaftServerConfigKeys (ConfUtils.java:logGet(43)) - raft.server.log.corruption.policy = EXCEPTION (default)
2019-10-22 01:07:26,486 [pool-27-thread-1] INFO  server.RaftServerConfigKeys (ConfUtils.java:logGet(43)) - raft.server.sleep.deviation.threshold = 300 (default)
2019-10-22 01:07:26,486 [pool-59-thread-1] INFO  impl.RaftServerImpl (RaftServerImpl.java:<init>(104)) - 961c004b-2cdf-4092-9b5c-36f8bd0f140b: new RaftServerImpl for group-3E8090110B6F:[db7ea609-3ced-42df-bea1-3bd72610fc9e:192.168.157.222:46031, 961c004b-2cdf-4092-9b5c-36f8bd0f140b:192.168.157.222:44865, 3c326374-3547-416b-998e-7532ea2ef48b:192.168.157.222:44132] with ContainerStateMachine:uninitialized
2019-10-22 01:07:26,486 [pool-37-thread-1] INFO  storage.RaftStorageDirectory (RaftStorageDirectory.java:analyzeStorage(246)) - The storage directory /workdir/hadoop-ozone/integration-test/target/test-dir/MiniOzoneClusterImpl-891fbafd-cb48-4392-8fd2-d372f9b36073/datanode-1/data/ratis/4df372d1-5269-4eef-b4c7-3e8090110b6f does not exist. Creating ...
2019-10-22 01:07:26,486 [pool-27-thread-1] INFO  server.RaftServerConfigKeys (ConfUtils.java:logGet(43)) - raft.server.log.appender.install.snapshot.enabled = false (custom)
2019-10-22 01:07:26,486 [pool-59-thread-1] INFO  server.RaftServerConfigKeys (ConfUtils.java:logGet(43)) - raft.server.rpc.timeout.min = 5s (custom)
2019-10-22 01:07:26,486 [pool-27-thread-1] INFO  impl.RaftServerImpl (ServerState.java:<init>(103)) - db7ea609-3ced-42df-bea1-3bd72610fc9e@group-3E8090110B6F: ConfigurationManager, init=-1: [db7ea609-3ced-42df-bea1-3bd72610fc9e:192.168.157.222:46031, 961c004b-2cdf-4092-9b5c-36f8bd0f140b:192.168.157.222:44865, 3c326374-3547-416b-998e-7532ea2ef48b:192.168.157.222:44132], old=null, confs=<EMPTY_MAP>
2019-10-22 01:07:26,487 [pool-59-thread-1] INFO  server.RaftServerConfigKeys (ConfUtils.java:logGet(43)) - raft.server.rpc.timeout.max = 5200ms (custom)
2019-10-22 01:07:26,487 [pool-27-thread-1] INFO  server.RaftServerConfigKeys (ConfUtils.java:logGet(43)) - raft.server.storage.dir = [/workdir/hadoop-ozone/integration-test/target/test-dir/MiniOzoneClusterImpl-891fbafd-cb48-4392-8fd2-d372f9b36073/datanode-0/data/ratis] (custom)
2019-10-22 01:07:26,487 [pool-59-thread-1] INFO  server.RaftServerConfigKeys (ConfUtils.java:logGet(43)) - raft.server.rpcslowness.timeout = 1000s (custom)
2019-10-22 01:07:26,487 [pool-59-thread-1] INFO  server.RaftServerConfigKeys (ConfUtils.java:logGet(43)) - raft.server.sleep.deviation.threshold = 300 (default)
2019-10-22 01:07:26,487 [pool-27-thread-1] INFO  server.RaftServerConfigKeys (ConfUtils.java:logGet(43)) - raft.server.log.corruption.policy = EXCEPTION (default)
2019-10-22 01:07:26,487 [pool-59-thread-1] INFO  server.RaftServerConfigKeys (ConfUtils.java:logGet(43)) - raft.server.log.appender.install.snapshot.enabled = false (custom)
2019-10-22 01:07:26,487 [pool-27-thread-1] INFO  storage.RaftStorageDirectory (RaftStorageDirectory.java:analyzeStorage(246)) - The storage directory /workdir/hadoop-ozone/integration-test/target/test-dir/MiniOzoneClusterImpl-891fbafd-cb48-4392-8fd2-d372f9b36073/datanode-0/data/ratis/4df372d1-5269-4eef-b4c7-3e8090110b6f does not exist. Creating ...
2019-10-22 01:07:26,487 [pool-59-thread-1] INFO  impl.RaftServerImpl (ServerState.java:<init>(103)) - 961c004b-2cdf-4092-9b5c-36f8bd0f140b@group-3E8090110B6F: ConfigurationManager, init=-1: [db7ea609-3ced-42df-bea1-3bd72610fc9e:192.168.157.222:46031, 961c004b-2cdf-4092-9b5c-36f8bd0f140b:192.168.157.222:44865, 3c326374-3547-416b-998e-7532ea2ef48b:192.168.157.222:44132], old=null, confs=<EMPTY_MAP>
2019-10-22 01:07:26,487 [pool-59-thread-1] INFO  server.RaftServerConfigKeys (ConfUtils.java:logGet(43)) - raft.server.storage.dir = [/workdir/hadoop-ozone/integration-test/target/test-dir/MiniOzoneClusterImpl-891fbafd-cb48-4392-8fd2-d372f9b36073/datanode-2/data/ratis] (custom)
2019-10-22 01:07:26,488 [pool-59-thread-1] INFO  server.RaftServerConfigKeys (ConfUtils.java:logGet(43)) - raft.server.log.corruption.policy = EXCEPTION (default)
2019-10-22 01:07:26,488 [pool-59-thread-1] INFO  storage.RaftStorageDirectory (RaftStorageDirectory.java:analyzeStorage(246)) - The storage directory /workdir/hadoop-ozone/integration-test/target/test-dir/MiniOzoneClusterImpl-891fbafd-cb48-4392-8fd2-d372f9b36073/datanode-2/data/ratis/4df372d1-5269-4eef-b4c7-3e8090110b6f does not exist. Creating ...
2019-10-22 01:07:26,495 [pool-27-thread-1] INFO  storage.RaftStorageDirectory (RaftStorageDirectory.java:tryLock(328)) - Lock on /workdir/hadoop-ozone/integration-test/target/test-dir/MiniOzoneClusterImpl-891fbafd-cb48-4392-8fd2-d372f9b36073/datanode-0/data/ratis/4df372d1-5269-4eef-b4c7-3e8090110b6f/in_use.lock acquired by nodename 20038@pr-hdds-2131-5wjdl-3623002096
2019-10-22 01:07:26,495 [pool-37-thread-1] INFO  storage.RaftStorageDirectory (RaftStorageDirectory.java:tryLock(328)) - Lock on /workdir/hadoop-ozone/integration-test/target/test-dir/MiniOzoneClusterImpl-891fbafd-cb48-4392-8fd2-d372f9b36073/datanode-1/data/ratis/4df372d1-5269-4eef-b4c7-3e8090110b6f/in_use.lock acquired by nodename 20038@pr-hdds-2131-5wjdl-3623002096
2019-10-22 01:07:26,495 [pool-59-thread-1] INFO  storage.RaftStorageDirectory (RaftStorageDirectory.java:tryLock(328)) - Lock on /workdir/hadoop-ozone/integration-test/target/test-dir/MiniOzoneClusterImpl-891fbafd-cb48-4392-8fd2-d372f9b36073/datanode-2/data/ratis/4df372d1-5269-4eef-b4c7-3e8090110b6f/in_use.lock acquired by nodename 20038@pr-hdds-2131-5wjdl-3623002096
2019-10-22 01:07:26,509 [pool-27-thread-1] INFO  storage.RaftStorage (RaftStorage.java:format(84)) - Storage directory /workdir/hadoop-ozone/integration-test/target/test-dir/MiniOzoneClusterImpl-891fbafd-cb48-4392-8fd2-d372f9b36073/datanode-0/data/ratis/4df372d1-5269-4eef-b4c7-3e8090110b6f has been successfully formatted.
2019-10-22 01:07:26,509 [pool-59-thread-1] INFO  storage.RaftStorage (RaftStorage.java:format(84)) - Storage directory /workdir/hadoop-ozone/integration-test/target/test-dir/MiniOzoneClusterImpl-891fbafd-cb48-4392-8fd2-d372f9b36073/datanode-2/data/ratis/4df372d1-5269-4eef-b4c7-3e8090110b6f has been successfully formatted.
2019-10-22 01:07:26,509 [pool-37-thread-1] INFO  storage.RaftStorage (RaftStorage.java:format(84)) - Storage directory /workdir/hadoop-ozone/integration-test/target/test-dir/MiniOzoneClusterImpl-891fbafd-cb48-4392-8fd2-d372f9b36073/datanode-1/data/ratis/4df372d1-5269-4eef-b4c7-3e8090110b6f has been successfully formatted.
2019-10-22 01:07:26,509 [pool-59-thread-1] INFO  ratis.ContainerStateMachine (ContainerStateMachine.java:loadSnapshot(231)) - group-3E8090110B6F: The snapshot info is null. Setting the last applied indexto:(t:0, i:~)
2019-10-22 01:07:26,509 [pool-27-thread-1] INFO  ratis.ContainerStateMachine (ContainerStateMachine.java:loadSnapshot(231)) - group-3E8090110B6F: The snapshot info is null. Setting the last applied indexto:(t:0, i:~)
2019-10-22 01:07:26,509 [pool-59-thread-1] INFO  server.RaftServerConfigKeys (ConfUtils.java:logGet(43)) - raft.server.notification.no-leader.timeout = 1000s (custom)
2019-10-22 01:07:26,509 [pool-37-thread-1] INFO  ratis.ContainerStateMachine (ContainerStateMachine.java:loadSnapshot(231)) - group-3E8090110B6F: The snapshot info is null. Setting the last applied indexto:(t:0, i:~)
2019-10-22 01:07:26,509 [pool-59-thread-1] INFO  server.RaftServerConfigKeys (ConfUtils.java:logGet(43)) - raft.server.log.use.memory = false (default)
2019-10-22 01:07:26,509 [pool-27-thread-1] INFO  server.RaftServerConfigKeys (ConfUtils.java:logGet(43)) - raft.server.notification.no-leader.timeout = 1000s (custom)
2019-10-22 01:07:26,510 [pool-59-thread-1] INFO  server.RaftServerConfigKeys (ConfUtils.java:logGet(43)) - raft.server.log.purge.gap = 1000000 (custom)
2019-10-22 01:07:26,509 [pool-37-thread-1] INFO  server.RaftServerConfigKeys (ConfUtils.java:logGet(43)) - raft.server.notification.no-leader.timeout = 1000s (custom)
2019-10-22 01:07:26,510 [pool-59-thread-1] INFO  server.RaftServerConfigKeys (ConfUtils.java:logGet(43)) - raft.server.log.appender.buffer.byte-limit = 33554432 (custom)
2019-10-22 01:07:26,510 [pool-27-thread-1] INFO  server.RaftServerConfigKeys (ConfUtils.java:logGet(43)) - raft.server.log.use.memory = false (default)
2019-10-22 01:07:26,510 [pool-59-thread-1] INFO  server.RaftServerConfigKeys (ConfUtils.java:logGet(43)) - raft.server.log.segment.size.max = 1048576 (custom)
2019-10-22 01:07:26,510 [pool-37-thread-1] INFO  server.RaftServerConfigKeys (ConfUtils.java:logGet(43)) - raft.server.log.use.memory = false (default)
2019-10-22 01:07:26,510 [pool-59-thread-1] INFO  server.RaftServerConfigKeys (ConfUtils.java:logGet(43)) - raft.server.log.segment.cache.num.max = 2 (custom)
2019-10-22 01:07:26,510 [pool-27-thread-1] INFO  server.RaftServerConfigKeys (ConfUtils.java:logGet(43)) - raft.server.log.purge.gap = 1000000 (custom)
2019-10-22 01:07:26,510 [pool-59-thread-1] INFO  segmented.SegmentedRaftLogWorker (SegmentedRaftLogWorker.java:<init>(173)) - new 961c004b-2cdf-4092-9b5c-36f8bd0f140b@group-3E8090110B6F-SegmentedRaftLogWorker for RaftStorage:Storage Directory /workdir/hadoop-ozone/integration-test/target/test-dir/MiniOzoneClusterImpl-891fbafd-cb48-4392-8fd2-d372f9b36073/datanode-2/data/ratis/4df372d1-5269-4eef-b4c7-3e8090110b6f
2019-10-22 01:07:26,510 [pool-37-thread-1] INFO  server.RaftServerConfigKeys (ConfUtils.java:logGet(43)) - raft.server.log.purge.gap = 1000000 (custom)
2019-10-22 01:07:26,511 [pool-59-thread-1] INFO  server.RaftServerConfigKeys (ConfUtils.java:logGet(43)) - raft.server.log.queue.byte-limit = 2147483647 (custom)
2019-10-22 01:07:26,510 [pool-27-thread-1] INFO  server.RaftServerConfigKeys (ConfUtils.java:logGet(43)) - raft.server.log.appender.buffer.byte-limit = 33554432 (custom)
2019-10-22 01:07:26,511 [pool-59-thread-1] INFO  server.RaftServerConfigKeys (ConfUtils.java:logGet(43)) - raft.server.log.queue.element-limit = 1024 (custom)
2019-10-22 01:07:26,511 [pool-37-thread-1] INFO  server.RaftServerConfigKeys (ConfUtils.java:logGet(43)) - raft.server.log.appender.buffer.byte-limit = 33554432 (custom)
2019-10-22 01:07:26,511 [pool-59-thread-1] INFO  server.RaftServerConfigKeys (ConfUtils.java:logGet(43)) - raft.server.log.segment.size.max = 1048576 (custom)
2019-10-22 01:07:26,511 [pool-27-thread-1] INFO  server.RaftServerConfigKeys (ConfUtils.java:logGet(43)) - raft.server.log.segment.size.max = 1048576 (custom)
2019-10-22 01:07:26,511 [pool-59-thread-1] INFO  server.RaftServerConfigKeys (ConfUtils.java:logGet(43)) - raft.server.log.preallocated.size = 16384 (custom)
2019-10-22 01:07:26,511 [pool-37-thread-1] INFO  server.RaftServerConfigKeys (ConfUtils.java:logGet(43)) - raft.server.log.segment.size.max = 1048576 (custom)
2019-10-22 01:07:26,511 [pool-59-thread-1] INFO  server.RaftServerConfigKeys (ConfUtils.java:logGet(43)) - raft.server.log.write.buffer.size = 33554432 (custom)
2019-10-22 01:07:26,511 [pool-27-thread-1] INFO  server.RaftServerConfigKeys (ConfUtils.java:logGet(43)) - raft.server.log.segment.cache.num.max = 2 (custom)
2019-10-22 01:07:26,512 [pool-59-thread-1] INFO  server.RaftServerConfigKeys (ConfUtils.java:logGet(43)) - raft.server.log.force.sync.num = 128 (default)
2019-10-22 01:07:26,512 [pool-37-thread-1] INFO  server.RaftServerConfigKeys (ConfUtils.java:logGet(43)) - raft.server.log.segment.cache.num.max = 2 (custom)
2019-10-22 01:07:26,512 [pool-59-thread-1] INFO  server.RaftServerConfigKeys (ConfUtils.java:logGet(43)) - raft.server.log.statemachine.data.sync = true (default)
2019-10-22 01:07:26,512 [pool-27-thread-1] INFO  segmented.SegmentedRaftLogWorker (SegmentedRaftLogWorker.java:<init>(173)) - new db7ea609-3ced-42df-bea1-3bd72610fc9e@group-3E8090110B6F-SegmentedRaftLogWorker for RaftStorage:Storage Directory /workdir/hadoop-ozone/integration-test/target/test-dir/MiniOzoneClusterImpl-891fbafd-cb48-4392-8fd2-d372f9b36073/datanode-0/data/ratis/4df372d1-5269-4eef-b4c7-3e8090110b6f
2019-10-22 01:07:26,512 [pool-59-thread-1] INFO  server.RaftServerConfigKeys (ConfUtils.java:logGet(43)) - raft.server.log.statemachine.data.sync.timeout = 10s (default)
2019-10-22 01:07:26,512 [pool-37-thread-1] INFO  segmented.SegmentedRaftLogWorker (SegmentedRaftLogWorker.java:<init>(173)) - new 3c326374-3547-416b-998e-7532ea2ef48b@group-3E8090110B6F-SegmentedRaftLogWorker for RaftStorage:Storage Directory /workdir/hadoop-ozone/integration-test/target/test-dir/MiniOzoneClusterImpl-891fbafd-cb48-4392-8fd2-d372f9b36073/datanode-1/data/ratis/4df372d1-5269-4eef-b4c7-3e8090110b6f
2019-10-22 01:07:26,512 [pool-59-thread-1] INFO  server.RaftServerConfigKeys (ConfUtils.java:logGet(43)) - raft.server.log.statemachine.data.sync.timeout.retry = -1 (default)
2019-10-22 01:07:26,512 [pool-27-thread-1] INFO  server.RaftServerConfigKeys (ConfUtils.java:logGet(43)) - raft.server.log.queue.byte-limit = 2147483647 (custom)
2019-10-22 01:07:26,513 [pool-59-thread-1] INFO  server.RaftServerConfigKeys (ConfUtils.java:logGet(43)) - raft.server.log.statemachine.data.caching.enabled = true (custom)
2019-10-22 01:07:26,513 [pool-37-thread-1] INFO  server.RaftServerConfigKeys (ConfUtils.java:logGet(43)) - raft.server.log.queue.byte-limit = 2147483647 (custom)
2019-10-22 01:07:26,513 [pool-59-thread-1] INFO  segmented.SegmentedRaftLogWorker (SegmentedRaftLogWorker.java:lambda$new$0(128)) - 961c004b-2cdf-4092-9b5c-36f8bd0f140b@group-3E8090110B6F-SegmentedRaftLogWorker: flushIndex: setUnconditionally 0 -> -1
2019-10-22 01:07:26,513 [pool-27-thread-1] INFO  server.RaftServerConfigKeys (ConfUtils.java:logGet(43)) - raft.server.log.queue.element-limit = 1024 (custom)
2019-10-22 01:07:26,513 [pool-37-thread-1] INFO  server.RaftServerConfigKeys (ConfUtils.java:logGet(43)) - raft.server.log.queue.element-limit = 1024 (custom)
2019-10-22 01:07:26,513 [pool-59-thread-1] INFO  server.RaftServerConfigKeys (ConfUtils.java:logGet(43)) - raft.server.snapshot.auto.trigger.enabled = true (custom)
2019-10-22 01:07:26,513 [pool-27-thread-1] INFO  server.RaftServerConfigKeys (ConfUtils.java:logGet(43)) - raft.server.log.segment.size.max = 1048576 (custom)
2019-10-22 01:07:26,514 [pool-59-thread-1] INFO  server.RaftServerConfigKeys (ConfUtils.java:logGet(43)) - raft.server.snapshot.auto.trigger.threshold = 10000 (custom)
2019-10-22 01:07:26,513 [pool-37-thread-1] INFO  server.RaftServerConfigKeys (ConfUtils.java:logGet(43)) - raft.server.log.segment.size.max = 1048576 (custom)
2019-10-22 01:07:26,514 [pool-59-thread-1] INFO  server.RaftServerConfigKeys (ConfUtils.java:logGet(43)) - raft.server.snapshot.retention.file.num = 5 (custom)
2019-10-22 01:07:26,514 [pool-27-thread-1] INFO  server.RaftServerConfigKeys (ConfUtils.java:logGet(43)) - raft.server.log.preallocated.size = 16384 (custom)
2019-10-22 01:07:26,514 [pool-59-thread-1] INFO  server.RaftServerConfigKeys (ConfUtils.java:logGet(43)) - raft.server.retrycache.expirytime = 600000ms (custom)
2019-10-22 01:07:26,514 [pool-37-thread-1] INFO  server.RaftServerConfigKeys (ConfUtils.java:logGet(43)) - raft.server.log.preallocated.size = 16384 (custom)
2019-10-22 01:07:26,514 [pool-27-thread-1] INFO  server.RaftServerConfigKeys (ConfUtils.java:logGet(43)) - raft.server.log.write.buffer.size = 33554432 (custom)
2019-10-22 01:07:26,514 [pool-37-thread-1] INFO  server.RaftServerConfigKeys (ConfUtils.java:logGet(43)) - raft.server.log.write.buffer.size = 33554432 (custom)
2019-10-22 01:07:26,515 [pool-27-thread-1] INFO  server.RaftServerConfigKeys (ConfUtils.java:logGet(43)) - raft.server.log.force.sync.num = 128 (default)
2019-10-22 01:07:26,515 [pool-37-thread-1] INFO  server.RaftServerConfigKeys (ConfUtils.java:logGet(43)) - raft.server.log.force.sync.num = 128 (default)
2019-10-22 01:07:26,515 [pool-27-thread-1] INFO  server.RaftServerConfigKeys (ConfUtils.java:logGet(43)) - raft.server.log.statemachine.data.sync = true (default)
2019-10-22 01:07:26,515 [pool-37-thread-1] INFO  server.RaftServerConfigKeys (ConfUtils.java:logGet(43)) - raft.server.log.statemachine.data.sync = true (default)
2019-10-22 01:07:26,515 [pool-27-thread-1] INFO  server.RaftServerConfigKeys (ConfUtils.java:logGet(43)) - raft.server.log.statemachine.data.sync.timeout = 10s (default)
2019-10-22 01:07:26,515 [pool-37-thread-1] INFO  server.RaftServerConfigKeys (ConfUtils.java:logGet(43)) - raft.server.log.statemachine.data.sync.timeout = 10s (default)
2019-10-22 01:07:26,515 [pool-27-thread-1] INFO  server.RaftServerConfigKeys (ConfUtils.java:logGet(43)) - raft.server.log.statemachine.data.sync.timeout.retry = -1 (default)
2019-10-22 01:07:26,515 [pool-37-thread-1] INFO  server.RaftServerConfigKeys (ConfUtils.java:logGet(43)) - raft.server.log.statemachine.data.sync.timeout.retry = -1 (default)
2019-10-22 01:07:26,516 [pool-27-thread-1] INFO  server.RaftServerConfigKeys (ConfUtils.java:logGet(43)) - raft.server.log.statemachine.data.caching.enabled = true (custom)
2019-10-22 01:07:26,516 [pool-37-thread-1] INFO  server.RaftServerConfigKeys (ConfUtils.java:logGet(43)) - raft.server.log.statemachine.data.caching.enabled = true (custom)
2019-10-22 01:07:26,516 [pool-27-thread-1] INFO  segmented.SegmentedRaftLogWorker (SegmentedRaftLogWorker.java:lambda$new$0(128)) - db7ea609-3ced-42df-bea1-3bd72610fc9e@group-3E8090110B6F-SegmentedRaftLogWorker: flushIndex: setUnconditionally 0 -> -1
2019-10-22 01:07:26,516 [pool-37-thread-1] INFO  segmented.SegmentedRaftLogWorker (SegmentedRaftLogWorker.java:lambda$new$0(128)) - 3c326374-3547-416b-998e-7532ea2ef48b@group-3E8090110B6F-SegmentedRaftLogWorker: flushIndex: setUnconditionally 0 -> -1
2019-10-22 01:07:26,516 [pool-27-thread-1] INFO  server.RaftServerConfigKeys (ConfUtils.java:logGet(43)) - raft.server.snapshot.auto.trigger.enabled = true (custom)
2019-10-22 01:07:26,516 [pool-59-thread-1] INFO  impl.RaftServerImpl (RaftServerImpl.java:start(195)) - 961c004b-2cdf-4092-9b5c-36f8bd0f140b@group-3E8090110B6F: start as a follower, conf=-1: [db7ea609-3ced-42df-bea1-3bd72610fc9e:192.168.157.222:46031, 961c004b-2cdf-4092-9b5c-36f8bd0f140b:192.168.157.222:44865, 3c326374-3547-416b-998e-7532ea2ef48b:192.168.157.222:44132], old=null
2019-10-22 01:07:26,517 [pool-37-thread-1] INFO  server.RaftServerConfigKeys (ConfUtils.java:logGet(43)) - raft.server.snapshot.auto.trigger.enabled = true (custom)
2019-10-22 01:07:26,516 [pool-27-thread-1] INFO  server.RaftServerConfigKeys (ConfUtils.java:logGet(43)) - raft.server.snapshot.auto.trigger.threshold = 10000 (custom)
2019-10-22 01:07:26,517 [pool-37-thread-1] INFO  server.RaftServerConfigKeys (ConfUtils.java:logGet(43)) - raft.server.snapshot.auto.trigger.threshold = 10000 (custom)
2019-10-22 01:07:26,517 [pool-59-thread-1] INFO  impl.RaftServerImpl (RaftServerImpl.java:setRole(184)) - 961c004b-2cdf-4092-9b5c-36f8bd0f140b@group-3E8090110B6F: changes role from      null to FOLLOWER at term 0 for startAsFollower
2019-10-22 01:07:26,517 [pool-37-thread-1] INFO  server.RaftServerConfigKeys (ConfUtils.java:logGet(43)) - raft.server.snapshot.retention.file.num = 5 (custom)
2019-10-22 01:07:26,517 [pool-27-thread-1] INFO  server.RaftServerConfigKeys (ConfUtils.java:logGet(43)) - raft.server.snapshot.retention.file.num = 5 (custom)
2019-10-22 01:07:26,517 [pool-59-thread-1] INFO  impl.RoleInfo (RoleInfo.java:updateAndGet(143)) - 961c004b-2cdf-4092-9b5c-36f8bd0f140b: start FollowerState
2019-10-22 01:07:26,517 [pool-27-thread-1] INFO  server.RaftServerConfigKeys (ConfUtils.java:logGet(43)) - raft.server.retrycache.expirytime = 600000ms (custom)
2019-10-22 01:07:26,517 [pool-37-thread-1] INFO  server.RaftServerConfigKeys (ConfUtils.java:logGet(43)) - raft.server.retrycache.expirytime = 600000ms (custom)
2019-10-22 01:07:26,518 [pool-59-thread-1] INFO  util.JmxRegister (JmxRegister.java:tryRegister(44)) - Successfully registered JMX Bean with object name Ratis:service=RaftServer,group=group-3E8090110B6F,id=961c004b-2cdf-4092-9b5c-36f8bd0f140b
2019-10-22 01:07:26,521 [pool-27-thread-1] INFO  impl.RaftServerImpl (RaftServerImpl.java:start(195)) - db7ea609-3ced-42df-bea1-3bd72610fc9e@group-3E8090110B6F: start as a follower, conf=-1: [db7ea609-3ced-42df-bea1-3bd72610fc9e:192.168.157.222:46031, 961c004b-2cdf-4092-9b5c-36f8bd0f140b:192.168.157.222:44865, 3c326374-3547-416b-998e-7532ea2ef48b:192.168.157.222:44132], old=null
2019-10-22 01:07:26,522 [pool-27-thread-1] INFO  impl.RaftServerImpl (RaftServerImpl.java:setRole(184)) - db7ea609-3ced-42df-bea1-3bd72610fc9e@group-3E8090110B6F: changes role from      null to FOLLOWER at term 0 for startAsFollower
2019-10-22 01:07:26,522 [pool-27-thread-1] INFO  impl.RoleInfo (RoleInfo.java:updateAndGet(143)) - db7ea609-3ced-42df-bea1-3bd72610fc9e: start FollowerState
2019-10-22 01:07:26,522 [pool-27-thread-1] INFO  util.JmxRegister (JmxRegister.java:tryRegister(44)) - Successfully registered JMX Bean with object name Ratis:service=RaftServer,group=group-3E8090110B6F,id=db7ea609-3ced-42df-bea1-3bd72610fc9e
2019-10-22 01:07:26,524 [pool-37-thread-1] INFO  impl.RaftServerImpl (RaftServerImpl.java:start(195)) - 3c326374-3547-416b-998e-7532ea2ef48b@group-3E8090110B6F: start as a follower, conf=-1: [db7ea609-3ced-42df-bea1-3bd72610fc9e:192.168.157.222:46031, 961c004b-2cdf-4092-9b5c-36f8bd0f140b:192.168.157.222:44865, 3c326374-3547-416b-998e-7532ea2ef48b:192.168.157.222:44132], old=null
2019-10-22 01:07:26,525 [pool-37-thread-1] INFO  impl.RaftServerImpl (RaftServerImpl.java:setRole(184)) - 3c326374-3547-416b-998e-7532ea2ef48b@group-3E8090110B6F: changes role from      null to FOLLOWER at term 0 for startAsFollower
2019-10-22 01:07:26,525 [pool-37-thread-1] INFO  impl.RoleInfo (RoleInfo.java:updateAndGet(143)) - 3c326374-3547-416b-998e-7532ea2ef48b: start FollowerState
2019-10-22 01:07:26,525 [Thread-772] INFO  impl.FollowerState (FollowerState.java:run(108)) - db7ea609-3ced-42df-bea1-3bd72610fc9e@group-3E8090110B6F-FollowerState: change to CANDIDATE, lastRpcTime:3ms, electionTimeout:3ms
2019-10-22 01:07:26,525 [pool-37-thread-1] INFO  util.JmxRegister (JmxRegister.java:tryRegister(44)) - Successfully registered JMX Bean with object name Ratis:service=RaftServer,group=group-3E8090110B6F,id=3c326374-3547-416b-998e-7532ea2ef48b
2019-10-22 01:07:26,525 [Thread-772] INFO  impl.RoleInfo (RoleInfo.java:shutdownFollowerState(121)) - db7ea609-3ced-42df-bea1-3bd72610fc9e: shutdown FollowerState
2019-10-22 01:07:26,525 [Thread-772] INFO  impl.RaftServerImpl (RaftServerImpl.java:setRole(184)) - db7ea609-3ced-42df-bea1-3bd72610fc9e@group-3E8090110B6F: changes role from  FOLLOWER to CANDIDATE at term 0 for changeToCandidate
2019-10-22 01:07:26,526 [Thread-772] INFO  impl.RoleInfo (RoleInfo.java:updateAndGet(143)) - db7ea609-3ced-42df-bea1-3bd72610fc9e: start LeaderElection
2019-10-22 01:07:26,537 [db7ea609-3ced-42df-bea1-3bd72610fc9e@group-3E8090110B6F-LeaderElection34] INFO  impl.LeaderElection (LeaderElection.java:askForVotes(178)) - db7ea609-3ced-42df-bea1-3bd72610fc9e@group-3E8090110B6F-LeaderElection34: begin an election at term 1 for -1: [db7ea609-3ced-42df-bea1-3bd72610fc9e:192.168.157.222:46031, 961c004b-2cdf-4092-9b5c-36f8bd0f140b:192.168.157.222:44865, 3c326374-3547-416b-998e-7532ea2ef48b:192.168.157.222:44132], old=null
2019-10-22 01:07:26,537 [RatisPipelineUtilsThread] INFO  pipeline.PipelineStateManager (PipelineStateManager.java:addPipeline(56)) - Created pipeline Pipeline[ Id: 4df372d1-5269-4eef-b4c7-3e8090110b6f, Nodes: 3c326374-3547-416b-998e-7532ea2ef48b{ip: 192.168.157.222, host: pr-hdds-2131-5wjdl-3623002096, networkLocation: /default-rack, certSerialId: null}961c004b-2cdf-4092-9b5c-36f8bd0f140b{ip: 192.168.157.222, host: pr-hdds-2131-5wjdl-3623002096, networkLocation: /default-rack, certSerialId: null}db7ea609-3ced-42df-bea1-3bd72610fc9e{ip: 192.168.157.222, host: pr-hdds-2131-5wjdl-3623002096, networkLocation: /default-rack, certSerialId: null}, Type:RATIS, Factor:THREE, State:OPEN]
2019-10-22 01:07:26,547 [grpc-default-executor-7] INFO  impl.RaftServerImpl (RaftServerImpl.java:setRole(184)) - 961c004b-2cdf-4092-9b5c-36f8bd0f140b@group-3E8090110B6F: changes role from  FOLLOWER to FOLLOWER at term 1 for recognizeCandidate:db7ea609-3ced-42df-bea1-3bd72610fc9e
2019-10-22 01:07:26,547 [grpc-default-executor-7] INFO  impl.RoleInfo (RoleInfo.java:shutdownFollowerState(121)) - 961c004b-2cdf-4092-9b5c-36f8bd0f140b: shutdown FollowerState
2019-10-22 01:07:26,548 [Thread-769] INFO  impl.FollowerState (FollowerState.java:run(117)) - 961c004b-2cdf-4092-9b5c-36f8bd0f140b@group-3E8090110B6F-FollowerState was interrupted: java.lang.InterruptedException: sleep interrupted
2019-10-22 01:07:26,548 [grpc-default-executor-7] INFO  impl.RoleInfo (RoleInfo.java:updateAndGet(143)) - 961c004b-2cdf-4092-9b5c-36f8bd0f140b: start FollowerState
2019-10-22 01:07:26,549 [grpc-default-executor-5] INFO  impl.RaftServerImpl (RaftServerImpl.java:setRole(184)) - 3c326374-3547-416b-998e-7532ea2ef48b@group-3E8090110B6F: changes role from  FOLLOWER to FOLLOWER at term 1 for recognizeCandidate:db7ea609-3ced-42df-bea1-3bd72610fc9e
2019-10-22 01:07:26,549 [grpc-default-executor-5] INFO  impl.RoleInfo (RoleInfo.java:shutdownFollowerState(121)) - 3c326374-3547-416b-998e-7532ea2ef48b: shutdown FollowerState
2019-10-22 01:07:26,549 [Thread-774] INFO  impl.FollowerState (FollowerState.java:run(117)) - 3c326374-3547-416b-998e-7532ea2ef48b@group-3E8090110B6F-FollowerState was interrupted: java.lang.InterruptedException: sleep interrupted
2019-10-22 01:07:26,549 [grpc-default-executor-5] INFO  impl.RoleInfo (RoleInfo.java:updateAndGet(143)) - 3c326374-3547-416b-998e-7532ea2ef48b: start FollowerState
2019-10-22 01:07:26,559 [db7ea609-3ced-42df-bea1-3bd72610fc9e@group-3E8090110B6F-LeaderElection34] INFO  impl.LeaderElection (LeaderElection.java:logAndReturn(56)) - db7ea609-3ced-42df-bea1-3bd72610fc9e@group-3E8090110B6F-LeaderElection34: Election PASSED; received 1 response(s) [db7ea609-3ced-42df-bea1-3bd72610fc9e<-961c004b-2cdf-4092-9b5c-36f8bd0f140b#0:OK-t1] and 0 exception(s); db7ea609-3ced-42df-bea1-3bd72610fc9e@group-3E8090110B6F:t1, leader=null, voted=db7ea609-3ced-42df-bea1-3bd72610fc9e, raftlog=db7ea609-3ced-42df-bea1-3bd72610fc9e@group-3E8090110B6F-SegmentedRaftLog:OPENED:c-1,f-1,i0, conf=-1: [db7ea609-3ced-42df-bea1-3bd72610fc9e:192.168.157.222:46031, 961c004b-2cdf-4092-9b5c-36f8bd0f140b:192.168.157.222:44865, 3c326374-3547-416b-998e-7532ea2ef48b:192.168.157.222:44132], old=null
2019-10-22 01:07:26,560 [db7ea609-3ced-42df-bea1-3bd72610fc9e@group-3E8090110B6F-LeaderElection34] INFO  impl.RoleInfo (RoleInfo.java:shutdownLeaderElection(134)) - db7ea609-3ced-42df-bea1-3bd72610fc9e: shutdown LeaderElection
2019-10-22 01:07:26,560 [db7ea609-3ced-42df-bea1-3bd72610fc9e@group-3E8090110B6F-LeaderElection34] INFO  impl.RaftServerImpl (RaftServerImpl.java:setRole(184)) - db7ea609-3ced-42df-bea1-3bd72610fc9e@group-3E8090110B6F: changes role from CANDIDATE to LEADER at term 1 for changeToLeader
2019-10-22 01:07:26,560 [db7ea609-3ced-42df-bea1-3bd72610fc9e@group-3E8090110B6F-LeaderElection34] INFO  impl.RaftServerImpl (ServerState.java:setLeader(256)) - db7ea609-3ced-42df-bea1-3bd72610fc9e@group-3E8090110B6F: change Leader from null to db7ea609-3ced-42df-bea1-3bd72610fc9e at term 1 for becomeLeader, leader elected after 50ms
2019-10-22 01:07:26,560 [db7ea609-3ced-42df-bea1-3bd72610fc9e@group-3E8090110B6F-LeaderElection34] INFO  server.RaftServerConfigKeys (ConfUtils.java:logGet(43)) - raft.server.staging.catchup.gap = 1000 (default)
2019-10-22 01:07:26,560 [db7ea609-3ced-42df-bea1-3bd72610fc9e@group-3E8090110B6F-LeaderElection34] INFO  server.RaftServerConfigKeys (ConfUtils.java:logGet(43)) - raft.server.rpc.sleep.time = 25ms (default)
2019-10-22 01:07:26,560 [db7ea609-3ced-42df-bea1-3bd72610fc9e@group-3E8090110B6F-LeaderElection34] INFO  server.RaftServerConfigKeys (ConfUtils.java:logGet(43)) - raft.server.write.element-limit = 4096 (default)
2019-10-22 01:07:26,560 [db7ea609-3ced-42df-bea1-3bd72610fc9e@group-3E8090110B6F-LeaderElection34] INFO  server.RaftServerConfigKeys (ConfUtils.java:logGet(43)) - raft.server.watch.timeout = 10s (default)
2019-10-22 01:07:26,560 [db7ea609-3ced-42df-bea1-3bd72610fc9e@group-3E8090110B6F-LeaderElection34] INFO  server.RaftServerConfigKeys (ConfUtils.java:logGet(43)) - raft.server.watch.timeout.denomination = 1s (default)
2019-10-22 01:07:26,561 [db7ea609-3ced-42df-bea1-3bd72610fc9e@group-3E8090110B6F-LeaderElection34] INFO  server.RaftServerConfigKeys (ConfUtils.java:logGet(43)) - raft.server.watch.element-limit = 65536 (default)
2019-10-22 01:07:26,563 [db7ea609-3ced-42df-bea1-3bd72610fc9e@group-3E8090110B6F-LeaderElection34] INFO  server.RaftServerConfigKeys (ConfUtils.java:logGet(43)) - raft.server.log.appender.snapshot.chunk.size.max = 16MB (=16777216) (default)
2019-10-22 01:07:26,563 [db7ea609-3ced-42df-bea1-3bd72610fc9e@group-3E8090110B6F-LeaderElection34] INFO  server.RaftServerConfigKeys (ConfUtils.java:logGet(43)) - raft.server.log.appender.buffer.byte-limit = 33554432 (custom)
2019-10-22 01:07:26,563 [db7ea609-3ced-42df-bea1-3bd72610fc9e@group-3E8090110B6F-LeaderElection34] INFO  server.RaftServerConfigKeys (ConfUtils.java:logGet(43)) - raft.server.log.appender.buffer.element-limit = 1 (custom)
2019-10-22 01:07:26,564 [db7ea609-3ced-42df-bea1-3bd72610fc9e@group-3E8090110B6F-LeaderElection34] INFO  grpc.GrpcConfigKeys$Server (ConfUtils.java:logGet(43)) - raft.grpc.server.leader.outstanding.appends.max = 128 (default)
2019-10-22 01:07:26,564 [db7ea609-3ced-42df-bea1-3bd72610fc9e@group-3E8090110B6F-LeaderElection34] INFO  server.RaftServerConfigKeys (ConfUtils.java:logGet(43)) - raft.server.rpc.request.timeout = 3000ms (default)
2019-10-22 01:07:26,564 [db7ea609-3ced-42df-bea1-3bd72610fc9e@group-3E8090110B6F-LeaderElection34] INFO  server.RaftServerConfigKeys (ConfUtils.java:logGet(43)) - raft.server.log.appender.install.snapshot.enabled = false (custom)
2019-10-22 01:07:26,566 [db7ea609-3ced-42df-bea1-3bd72610fc9e@group-3E8090110B6F-LeaderElection34] INFO  server.RaftServerConfigKeys (ConfUtils.java:logGet(43)) - raft.server.log.appender.snapshot.chunk.size.max = 16MB (=16777216) (default)
2019-10-22 01:07:26,566 [db7ea609-3ced-42df-bea1-3bd72610fc9e@group-3E8090110B6F-LeaderElection34] INFO  server.RaftServerConfigKeys (ConfUtils.java:logGet(43)) - raft.server.log.appender.buffer.byte-limit = 33554432 (custom)
2019-10-22 01:07:26,567 [db7ea609-3ced-42df-bea1-3bd72610fc9e@group-3E8090110B6F-LeaderElection34] INFO  server.RaftServerConfigKeys (ConfUtils.java:logGet(43)) - raft.server.log.appender.buffer.element-limit = 1 (custom)
2019-10-22 01:07:26,567 [db7ea609-3ced-42df-bea1-3bd72610fc9e@group-3E8090110B6F-LeaderElection34] INFO  grpc.GrpcConfigKeys$Server (ConfUtils.java:logGet(43)) - raft.grpc.server.leader.outstanding.appends.max = 128 (default)
2019-10-22 01:07:26,567 [db7ea609-3ced-42df-bea1-3bd72610fc9e@group-3E8090110B6F-LeaderElection34] INFO  server.RaftServerConfigKeys (ConfUtils.java:logGet(43)) - raft.server.rpc.request.timeout = 3000ms (default)
2019-10-22 01:07:26,567 [db7ea609-3ced-42df-bea1-3bd72610fc9e@group-3E8090110B6F-LeaderElection34] INFO  server.RaftServerConfigKeys (ConfUtils.java:logGet(43)) - raft.server.log.appender.install.snapshot.enabled = false (custom)
2019-10-22 01:07:26,569 [Thread-767] INFO  impl.FollowerState (FollowerState.java:run(108)) - 961c004b-2cdf-4092-9b5c-36f8bd0f140b@group-3C40BA09D40C-FollowerState: change to CANDIDATE, lastRpcTime:87ms, electionTimeout:87ms
2019-10-22 01:07:26,569 [db7ea609-3ced-42df-bea1-3bd72610fc9e@group-3E8090110B6F-LeaderElection34] INFO  impl.RoleInfo (RoleInfo.java:updateAndGet(143)) - db7ea609-3ced-42df-bea1-3bd72610fc9e: start LeaderState
2019-10-22 01:07:26,569 [Thread-767] INFO  impl.RoleInfo (RoleInfo.java:shutdownFollowerState(121)) - 961c004b-2cdf-4092-9b5c-36f8bd0f140b: shutdown FollowerState
2019-10-22 01:07:26,570 [db7ea609-3ced-42df-bea1-3bd72610fc9e@group-3E8090110B6F-LeaderElection34] INFO  segmented.SegmentedRaftLogWorker (SegmentedRaftLogWorker.java:startLogSegment(385)) - db7ea609-3ced-42df-bea1-3bd72610fc9e@group-3E8090110B6F-SegmentedRaftLogWorker: Starting segment from index:0
2019-10-22 01:07:26,570 [Thread-767] INFO  impl.RaftServerImpl (RaftServerImpl.java:setRole(184)) - 961c004b-2cdf-4092-9b5c-36f8bd0f140b@group-3C40BA09D40C: changes role from  FOLLOWER to CANDIDATE at term 33 for changeToCandidate
2019-10-22 01:07:26,570 [Thread-767] INFO  impl.RoleInfo (RoleInfo.java:updateAndGet(143)) - 961c004b-2cdf-4092-9b5c-36f8bd0f140b: start LeaderElection
2019-10-22 01:07:26,571 [db7ea609-3ced-42df-bea1-3bd72610fc9e@group-3E8090110B6F-LeaderElection34] INFO  impl.RaftServerImpl (ServerState.java:setRaftConf(357)) - db7ea609-3ced-42df-bea1-3bd72610fc9e@group-3E8090110B6F: set configuration 0: [db7ea609-3ced-42df-bea1-3bd72610fc9e:192.168.157.222:46031, 961c004b-2cdf-4092-9b5c-36f8bd0f140b:192.168.157.222:44865, 3c326374-3547-416b-998e-7532ea2ef48b:192.168.157.222:44132], old=null at 0
2019-10-22 01:07:26,600 [grpc-default-executor-7] INFO  impl.RaftServerImpl (ServerState.java:setLeader(256)) - 3c326374-3547-416b-998e-7532ea2ef48b@group-3E8090110B6F: change Leader from null to db7ea609-3ced-42df-bea1-3bd72610fc9e at term 1 for appendEntries, leader elected after 90ms
2019-10-22 01:07:26,601 [961c004b-2cdf-4092-9b5c-36f8bd0f140b@group-3C40BA09D40C-LeaderElection35] INFO  impl.LeaderElection (LeaderElection.java:askForVotes(178)) - 961c004b-2cdf-4092-9b5c-36f8bd0f140b@group-3C40BA09D40C-LeaderElection35: begin an election at term 34 for 0: [db7ea609-3ced-42df-bea1-3bd72610fc9e:192.168.157.222:46031, 961c004b-2cdf-4092-9b5c-36f8bd0f140b:192.168.157.222:44865, 3c326374-3547-416b-998e-7532ea2ef48b:192.168.157.222:44132], old=null
2019-10-22 01:07:26,602 [grpc-default-executor-5] INFO  impl.RaftServerImpl (ServerState.java:setLeader(256)) - 961c004b-2cdf-4092-9b5c-36f8bd0f140b@group-3E8090110B6F: change Leader from null to db7ea609-3ced-42df-bea1-3bd72610fc9e at term 1 for appendEntries, leader elected after 92ms
2019-10-22 01:07:26,605 [Thread-765] INFO  impl.FollowerState (FollowerState.java:run(108)) - 961c004b-2cdf-4092-9b5c-36f8bd0f140b@group-07A51284A26B-FollowerState: change to CANDIDATE, lastRpcTime:146ms, electionTimeout:146ms
2019-10-22 01:07:26,605 [grpc-default-executor-7] INFO  impl.RaftServerImpl (RaftServerImpl.java:setRole(184)) - db7ea609-3ced-42df-bea1-3bd72610fc9e@group-3C40BA09D40C: changes role from  FOLLOWER to FOLLOWER at term 34 for recognizeCandidate:961c004b-2cdf-4092-9b5c-36f8bd0f140b
2019-10-22 01:07:26,605 [Thread-765] INFO  impl.RoleInfo (RoleInfo.java:shutdownFollowerState(121)) - 961c004b-2cdf-4092-9b5c-36f8bd0f140b: shutdown FollowerState
2019-10-22 01:07:26,605 [grpc-default-executor-5] INFO  impl.RaftServerImpl (ServerState.java:setRaftConf(357)) - 3c326374-3547-416b-998e-7532ea2ef48b@group-3E8090110B6F: set configuration 0: [db7ea609-3ced-42df-bea1-3bd72610fc9e:192.168.157.222:46031, 961c004b-2cdf-4092-9b5c-36f8bd0f140b:192.168.157.222:44865, 3c326374-3547-416b-998e-7532ea2ef48b:192.168.157.222:44132], old=null at 0
2019-10-22 01:07:26,605 [grpc-default-executor-7] INFO  impl.RoleInfo (RoleInfo.java:shutdownFollowerState(121)) - db7ea609-3ced-42df-bea1-3bd72610fc9e: shutdown FollowerState
2019-10-22 01:07:26,606 [grpc-default-executor-5] INFO  segmented.SegmentedRaftLogWorker (SegmentedRaftLogWorker.java:startLogSegment(385)) - 3c326374-3547-416b-998e-7532ea2ef48b@group-3E8090110B6F-SegmentedRaftLogWorker: Starting segment from index:0
2019-10-22 01:07:26,605 [Thread-765] INFO  impl.RaftServerImpl (RaftServerImpl.java:setRole(184)) - 961c004b-2cdf-4092-9b5c-36f8bd0f140b@group-07A51284A26B: changes role from  FOLLOWER to CANDIDATE at term 0 for changeToCandidate
2019-10-22 01:07:26,606 [grpc-default-executor-6] INFO  impl.RaftServerImpl (RaftServerImpl.java:setRole(184)) - 3c326374-3547-416b-998e-7532ea2ef48b@group-3C40BA09D40C: changes role from  FOLLOWER to FOLLOWER at term 34 for recognizeCandidate:961c004b-2cdf-4092-9b5c-36f8bd0f140b
2019-10-22 01:07:26,606 [Thread-762] INFO  impl.FollowerState (FollowerState.java:run(117)) - db7ea609-3ced-42df-bea1-3bd72610fc9e@group-3C40BA09D40C-FollowerState was interrupted: java.lang.InterruptedException: sleep interrupted
2019-10-22 01:07:26,606 [grpc-default-executor-7] INFO  impl.RoleInfo (RoleInfo.java:updateAndGet(143)) - db7ea609-3ced-42df-bea1-3bd72610fc9e: start FollowerState
2019-10-22 01:07:26,606 [grpc-default-executor-6] INFO  impl.RoleInfo (RoleInfo.java:shutdownFollowerState(121)) - 3c326374-3547-416b-998e-7532ea2ef48b: shutdown FollowerState
2019-10-22 01:07:26,606 [Thread-765] INFO  impl.RoleInfo (RoleInfo.java:updateAndGet(143)) - 961c004b-2cdf-4092-9b5c-36f8bd0f140b: start LeaderElection
2019-10-22 01:07:26,606 [grpc-default-executor-1] INFO  impl.RaftServerImpl (ServerState.java:setRaftConf(357)) - 961c004b-2cdf-4092-9b5c-36f8bd0f140b@group-3E8090110B6F: set configuration 0: [db7ea609-3ced-42df-bea1-3bd72610fc9e:192.168.157.222:46031, 961c004b-2cdf-4092-9b5c-36f8bd0f140b:192.168.157.222:44865, 3c326374-3547-416b-998e-7532ea2ef48b:192.168.157.222:44132], old=null at 0
2019-10-22 01:07:26,607 [Thread-763] INFO  impl.FollowerState (FollowerState.java:run(117)) - 3c326374-3547-416b-998e-7532ea2ef48b@group-3C40BA09D40C-FollowerState was interrupted: java.lang.InterruptedException: sleep interrupted
2019-10-22 01:07:26,607 [grpc-default-executor-6] INFO  impl.RoleInfo (RoleInfo.java:updateAndGet(143)) - 3c326374-3547-416b-998e-7532ea2ef48b: start FollowerState
2019-10-22 01:07:26,631 [db7ea609-3ced-42df-bea1-3bd72610fc9e@group-3E8090110B6F-SegmentedRaftLogWorker] INFO  segmented.SegmentedRaftLogWorker (SegmentedRaftLogWorker.java:execute(576)) - db7ea609-3ced-42df-bea1-3bd72610fc9e@group-3E8090110B6F-SegmentedRaftLogWorker: created new log segment /workdir/hadoop-ozone/integration-test/target/test-dir/MiniOzoneClusterImpl-891fbafd-cb48-4392-8fd2-d372f9b36073/datanode-0/data/ratis/4df372d1-5269-4eef-b4c7-3e8090110b6f/current/log_inprogress_0
2019-10-22 01:07:26,607 [grpc-default-executor-1] INFO  segmented.SegmentedRaftLogWorker (SegmentedRaftLogWorker.java:startLogSegment(385)) - 961c004b-2cdf-4092-9b5c-36f8bd0f140b@group-3E8090110B6F-SegmentedRaftLogWorker: Starting segment from index:0
2019-10-22 01:07:26,632 [EventQueue-PendingDeleteStatusForPendingDeleteHandler] INFO  block.SCMBlockDeletingService (SCMBlockDeletingService.java:handlePendingDeletes(115)) - Block deletion txnID mismatch in datanode 961c004b-2cdf-4092-9b5c-36f8bd0f140b for containerID 1. Datanode delete txnID: 0, SCM txnID: 1
2019-10-22 01:07:26,660 [3c326374-3547-416b-998e-7532ea2ef48b@group-3E8090110B6F-SegmentedRaftLogWorker] INFO  segmented.SegmentedRaftLogWorker (SegmentedRaftLogWorker.java:execute(576)) - 3c326374-3547-416b-998e-7532ea2ef48b@group-3E8090110B6F-SegmentedRaftLogWorker: created new log segment /workdir/hadoop-ozone/integration-test/target/test-dir/MiniOzoneClusterImpl-891fbafd-cb48-4392-8fd2-d372f9b36073/datanode-1/data/ratis/4df372d1-5269-4eef-b4c7-3e8090110b6f/current/log_inprogress_0
2019-10-22 01:07:26,660 [961c004b-2cdf-4092-9b5c-36f8bd0f140b@group-07A51284A26B-LeaderElection36] INFO  impl.LeaderElection (LeaderElection.java:askForVotes(178)) - 961c004b-2cdf-4092-9b5c-36f8bd0f140b@group-07A51284A26B-LeaderElection36: begin an election at term 1 for -1: [961c004b-2cdf-4092-9b5c-36f8bd0f140b:192.168.157.222:44865], old=null
2019-10-22 01:07:26,660 [961c004b-2cdf-4092-9b5c-36f8bd0f140b@group-07A51284A26B-LeaderElection36] INFO  impl.RoleInfo (RoleInfo.java:shutdownLeaderElection(134)) - 961c004b-2cdf-4092-9b5c-36f8bd0f140b: shutdown LeaderElection
2019-10-22 01:07:26,660 [961c004b-2cdf-4092-9b5c-36f8bd0f140b@group-07A51284A26B-LeaderElection36] INFO  impl.RaftServerImpl (RaftServerImpl.java:setRole(184)) - 961c004b-2cdf-4092-9b5c-36f8bd0f140b@group-07A51284A26B: changes role from CANDIDATE to LEADER at term 1 for changeToLeader
2019-10-22 01:07:26,660 [961c004b-2cdf-4092-9b5c-36f8bd0f140b@group-07A51284A26B-LeaderElection36] INFO  impl.RaftServerImpl (ServerState.java:setLeader(256)) - 961c004b-2cdf-4092-9b5c-36f8bd0f140b@group-07A51284A26B: change Leader from null to 961c004b-2cdf-4092-9b5c-36f8bd0f140b at term 1 for becomeLeader, leader elected after 208ms
2019-10-22 01:07:26,661 [961c004b-2cdf-4092-9b5c-36f8bd0f140b@group-07A51284A26B-LeaderElection36] INFO  server.RaftServerConfigKeys (ConfUtils.java:logGet(43)) - raft.server.staging.catchup.gap = 1000 (default)
2019-10-22 01:07:26,661 [961c004b-2cdf-4092-9b5c-36f8bd0f140b@group-07A51284A26B-LeaderElection36] INFO  server.RaftServerConfigKeys (ConfUtils.java:logGet(43)) - raft.server.rpc.sleep.time = 25ms (default)
2019-10-22 01:07:26,661 [961c004b-2cdf-4092-9b5c-36f8bd0f140b@group-07A51284A26B-LeaderElection36] INFO  server.RaftServerConfigKeys (ConfUtils.java:logGet(43)) - raft.server.write.element-limit = 4096 (default)
2019-10-22 01:07:26,661 [961c004b-2cdf-4092-9b5c-36f8bd0f140b@group-07A51284A26B-LeaderElection36] INFO  server.RaftServerConfigKeys (ConfUtils.java:logGet(43)) - raft.server.watch.timeout = 10s (default)
2019-10-22 01:07:26,661 [961c004b-2cdf-4092-9b5c-36f8bd0f140b@group-07A51284A26B-LeaderElection36] INFO  server.RaftServerConfigKeys (ConfUtils.java:logGet(43)) - raft.server.watch.timeout.denomination = 1s (default)
2019-10-22 01:07:26,661 [961c004b-2cdf-4092-9b5c-36f8bd0f140b@group-07A51284A26B-LeaderElection36] INFO  server.RaftServerConfigKeys (ConfUtils.java:logGet(43)) - raft.server.watch.element-limit = 65536 (default)
2019-10-22 01:07:26,662 [961c004b-2cdf-4092-9b5c-36f8bd0f140b@group-3C40BA09D40C-LeaderElection35] INFO  impl.LeaderElection (LeaderElection.java:logAndReturn(56)) - 961c004b-2cdf-4092-9b5c-36f8bd0f140b@group-3C40BA09D40C-LeaderElection35: Election REJECTED; received 2 response(s) [961c004b-2cdf-4092-9b5c-36f8bd0f140b<-db7ea609-3ced-42df-bea1-3bd72610fc9e#0:FAIL-t34, 961c004b-2cdf-4092-9b5c-36f8bd0f140b<-3c326374-3547-416b-998e-7532ea2ef48b#0:FAIL-t34] and 0 exception(s); 961c004b-2cdf-4092-9b5c-36f8bd0f140b@group-3C40BA09D40C:t34, leader=null, voted=961c004b-2cdf-4092-9b5c-36f8bd0f140b, raftlog=961c004b-2cdf-4092-9b5c-36f8bd0f140b@group-3C40BA09D40C-SegmentedRaftLog:OPENED:c3,f4,i4, conf=0: [db7ea609-3ced-42df-bea1-3bd72610fc9e:192.168.157.222:46031, 961c004b-2cdf-4092-9b5c-36f8bd0f140b:192.168.157.222:44865, 3c326374-3547-416b-998e-7532ea2ef48b:192.168.157.222:44132], old=null
2019-10-22 01:07:26,662 [961c004b-2cdf-4092-9b5c-36f8bd0f140b@group-3C40BA09D40C-LeaderElection35] INFO  impl.RaftServerImpl (RaftServerImpl.java:setRole(184)) - 961c004b-2cdf-4092-9b5c-36f8bd0f140b@group-3C40BA09D40C: changes role from CANDIDATE to FOLLOWER at term 34 for DISCOVERED_A_NEW_TERM
2019-10-22 01:07:26,662 [961c004b-2cdf-4092-9b5c-36f8bd0f140b@group-3C40BA09D40C-LeaderElection35] INFO  impl.RoleInfo (RoleInfo.java:shutdownLeaderElection(134)) - 961c004b-2cdf-4092-9b5c-36f8bd0f140b: shutdown LeaderElection
2019-10-22 01:07:26,663 [961c004b-2cdf-4092-9b5c-36f8bd0f140b@group-3C40BA09D40C-LeaderElection35] INFO  impl.RoleInfo (RoleInfo.java:updateAndGet(143)) - 961c004b-2cdf-4092-9b5c-36f8bd0f140b: start FollowerState
2019-10-22 01:07:26,665 [961c004b-2cdf-4092-9b5c-36f8bd0f140b@group-07A51284A26B-LeaderElection36] INFO  impl.RoleInfo (RoleInfo.java:updateAndGet(143)) - 961c004b-2cdf-4092-9b5c-36f8bd0f140b: start LeaderState
2019-10-22 01:07:26,665 [961c004b-2cdf-4092-9b5c-36f8bd0f140b@group-07A51284A26B-LeaderElection36] INFO  segmented.SegmentedRaftLogWorker (SegmentedRaftLogWorker.java:startLogSegment(385)) - 961c004b-2cdf-4092-9b5c-36f8bd0f140b@group-07A51284A26B-SegmentedRaftLogWorker: Starting segment from index:0
2019-10-22 01:07:26,666 [961c004b-2cdf-4092-9b5c-36f8bd0f140b@group-07A51284A26B-LeaderElection36] INFO  impl.RaftServerImpl (ServerState.java:setRaftConf(357)) - 961c004b-2cdf-4092-9b5c-36f8bd0f140b@group-07A51284A26B: set configuration 0: [961c004b-2cdf-4092-9b5c-36f8bd0f140b:192.168.157.222:44865], old=null at 0
2019-10-22 01:07:26,675 [961c004b-2cdf-4092-9b5c-36f8bd0f140b@group-3E8090110B6F-SegmentedRaftLogWorker] INFO  segmented.SegmentedRaftLogWorker (SegmentedRaftLogWorker.java:execute(576)) - 961c004b-2cdf-4092-9b5c-36f8bd0f140b@group-3E8090110B6F-SegmentedRaftLogWorker: created new log segment /workdir/hadoop-ozone/integration-test/target/test-dir/MiniOzoneClusterImpl-891fbafd-cb48-4392-8fd2-d372f9b36073/datanode-2/data/ratis/4df372d1-5269-4eef-b4c7-3e8090110b6f/current/log_inprogress_0
2019-10-22 01:07:26,702 [961c004b-2cdf-4092-9b5c-36f8bd0f140b@group-07A51284A26B-SegmentedRaftLogWorker] INFO  segmented.SegmentedRaftLogWorker (SegmentedRaftLogWorker.java:execute(576)) - 961c004b-2cdf-4092-9b5c-36f8bd0f140b@group-07A51284A26B-SegmentedRaftLogWorker: created new log segment /workdir/hadoop-ozone/integration-test/target/test-dir/MiniOzoneClusterImpl-891fbafd-cb48-4392-8fd2-d372f9b36073/datanode-2/data/ratis/19dcc62d-6fc8-4ae4-9990-07a51284a26b/current/log_inprogress_0
2019-10-22 01:07:26,751 [Thread-796] INFO  impl.FollowerState (FollowerState.java:run(108)) - 961c004b-2cdf-4092-9b5c-36f8bd0f140b@group-3C40BA09D40C-FollowerState: change to CANDIDATE, lastRpcTime:88ms, electionTimeout:88ms
2019-10-22 01:07:26,751 [Thread-796] INFO  impl.RoleInfo (RoleInfo.java:shutdownFollowerState(121)) - 961c004b-2cdf-4092-9b5c-36f8bd0f140b: shutdown FollowerState
2019-10-22 01:07:26,751 [Thread-796] INFO  impl.RaftServerImpl (RaftServerImpl.java:setRole(184)) - 961c004b-2cdf-4092-9b5c-36f8bd0f140b@group-3C40BA09D40C: changes role from  FOLLOWER to CANDIDATE at term 34 for changeToCandidate
2019-10-22 01:07:26,752 [Thread-796] INFO  impl.RoleInfo (RoleInfo.java:updateAndGet(143)) - 961c004b-2cdf-4092-9b5c-36f8bd0f140b: start LeaderElection
2019-10-22 01:07:26,777 [961c004b-2cdf-4092-9b5c-36f8bd0f140b@group-3C40BA09D40C-LeaderElection37] INFO  impl.LeaderElection (LeaderElection.java:askForVotes(178)) - 961c004b-2cdf-4092-9b5c-36f8bd0f140b@group-3C40BA09D40C-LeaderElection37: begin an election at term 35 for 0: [db7ea609-3ced-42df-bea1-3bd72610fc9e:192.168.157.222:46031, 961c004b-2cdf-4092-9b5c-36f8bd0f140b:192.168.157.222:44865, 3c326374-3547-416b-998e-7532ea2ef48b:192.168.157.222:44132], old=null
2019-10-22 01:07:26,780 [grpc-default-executor-6] INFO  impl.RaftServerImpl (RaftServerImpl.java:setRole(184)) - db7ea609-3ced-42df-bea1-3bd72610fc9e@group-3C40BA09D40C: changes role from  FOLLOWER to FOLLOWER at term 35 for recognizeCandidate:961c004b-2cdf-4092-9b5c-36f8bd0f140b
2019-10-22 01:07:26,780 [grpc-default-executor-6] INFO  impl.RoleInfo (RoleInfo.java:shutdownFollowerState(121)) - db7ea609-3ced-42df-bea1-3bd72610fc9e: shutdown FollowerState
2019-10-22 01:07:26,780 [grpc-default-executor-1] INFO  impl.RaftServerImpl (RaftServerImpl.java:setRole(184)) - 3c326374-3547-416b-998e-7532ea2ef48b@group-3C40BA09D40C: changes role from  FOLLOWER to FOLLOWER at term 35 for recognizeCandidate:961c004b-2cdf-4092-9b5c-36f8bd0f140b
2019-10-22 01:07:26,781 [Thread-792] INFO  impl.FollowerState (FollowerState.java:run(117)) - db7ea609-3ced-42df-bea1-3bd72610fc9e@group-3C40BA09D40C-FollowerState was interrupted: java.lang.InterruptedException: sleep interrupted
2019-10-22 01:07:26,781 [grpc-default-executor-6] INFO  impl.RoleInfo (RoleInfo.java:updateAndGet(143)) - db7ea609-3ced-42df-bea1-3bd72610fc9e: start FollowerState
2019-10-22 01:07:26,781 [grpc-default-executor-1] INFO  impl.RoleInfo (RoleInfo.java:shutdownFollowerState(121)) - 3c326374-3547-416b-998e-7532ea2ef48b: shutdown FollowerState
2019-10-22 01:07:26,781 [Thread-794] INFO  impl.FollowerState (FollowerState.java:run(117)) - 3c326374-3547-416b-998e-7532ea2ef48b@group-3C40BA09D40C-FollowerState was interrupted: java.lang.InterruptedException: sleep interrupted
2019-10-22 01:07:26,781 [grpc-default-executor-1] INFO  impl.RoleInfo (RoleInfo.java:updateAndGet(143)) - 3c326374-3547-416b-998e-7532ea2ef48b: start FollowerState
2019-10-22 01:07:26,809 [961c004b-2cdf-4092-9b5c-36f8bd0f140b@group-3C40BA09D40C-LeaderElection37] INFO  impl.LeaderElection (LeaderElection.java:logAndReturn(56)) - 961c004b-2cdf-4092-9b5c-36f8bd0f140b@group-3C40BA09D40C-LeaderElection37: Election REJECTED; received 2 response(s) [961c004b-2cdf-4092-9b5c-36f8bd0f140b<-db7ea609-3ced-42df-bea1-3bd72610fc9e#0:FAIL-t35, 961c004b-2cdf-4092-9b5c-36f8bd0f140b<-3c326374-3547-416b-998e-7532ea2ef48b#0:FAIL-t35] and 0 exception(s); 961c004b-2cdf-4092-9b5c-36f8bd0f140b@group-3C40BA09D40C:t35, leader=null, voted=961c004b-2cdf-4092-9b5c-36f8bd0f140b, raftlog=961c004b-2cdf-4092-9b5c-36f8bd0f140b@group-3C40BA09D40C-SegmentedRaftLog:OPENED:c3,f4,i4, conf=0: [db7ea609-3ced-42df-bea1-3bd72610fc9e:192.168.157.222:46031, 961c004b-2cdf-4092-9b5c-36f8bd0f140b:192.168.157.222:44865, 3c326374-3547-416b-998e-7532ea2ef48b:192.168.157.222:44132], old=null
2019-10-22 01:07:26,810 [961c004b-2cdf-4092-9b5c-36f8bd0f140b@group-3C40BA09D40C-LeaderElection37] INFO  impl.RaftServerImpl (RaftServerImpl.java:setRole(184)) - 961c004b-2cdf-4092-9b5c-36f8bd0f140b@group-3C40BA09D40C: changes role from CANDIDATE to FOLLOWER at term 35 for DISCOVERED_A_NEW_TERM
2019-10-22 01:07:26,810 [961c004b-2cdf-4092-9b5c-36f8bd0f140b@group-3C40BA09D40C-LeaderElection37] INFO  impl.RoleInfo (RoleInfo.java:shutdownLeaderElection(134)) - 961c004b-2cdf-4092-9b5c-36f8bd0f140b: shutdown LeaderElection
2019-10-22 01:07:26,810 [961c004b-2cdf-4092-9b5c-36f8bd0f140b@group-3C40BA09D40C-LeaderElection37] INFO  impl.RoleInfo (RoleInfo.java:updateAndGet(143)) - 961c004b-2cdf-4092-9b5c-36f8bd0f140b: start FollowerState
2019-10-22 01:07:26,832 [EventQueue-PendingDeleteStatusForPendingDeleteHandler] INFO  block.SCMBlockDeletingService (SCMBlockDeletingService.java:handlePendingDeletes(115)) - Block deletion txnID mismatch in datanode 961c004b-2cdf-4092-9b5c-36f8bd0f140b for containerID 1. Datanode delete txnID: 0, SCM txnID: 1
2019-10-22 01:07:26,852 [BlockDeletingService#2] WARN  background.BlockDeletingService (BlockDeletingService.java:isDeletionAllowed(187)) - Close Container log Index 6 is not replicated across allthe servers in the pipeline 2cbd8cfc-dfa6-4d43-b162-3c40ba09d40c as the min replicated index is 4. Deletion is not allowed in this container yet.
2019-10-22 01:07:26,852 [BlockDeletingService#2] WARN  background.BlockDeletingService (BlockDeletingService.java:isDeletionAllowed(187)) - Close Container log Index 6 is not replicated across allthe servers in the pipeline 2cbd8cfc-dfa6-4d43-b162-3c40ba09d40c as the min replicated index is 4. Deletion is not allowed in this container yet.
2019-10-22 01:07:26,886 [Thread-804] INFO  impl.FollowerState (FollowerState.java:run(108)) - 961c004b-2cdf-4092-9b5c-36f8bd0f140b@group-3C40BA09D40C-FollowerState: change to CANDIDATE, lastRpcTime:76ms, electionTimeout:76ms
2019-10-22 01:07:26,887 [Thread-804] INFO  impl.RoleInfo (RoleInfo.java:shutdownFollowerState(121)) - 961c004b-2cdf-4092-9b5c-36f8bd0f140b: shutdown FollowerState
2019-10-22 01:07:26,887 [Thread-804] INFO  impl.RaftServerImpl (RaftServerImpl.java:setRole(184)) - 961c004b-2cdf-4092-9b5c-36f8bd0f140b@group-3C40BA09D40C: changes role from  FOLLOWER to CANDIDATE at term 35 for changeToCandidate
2019-10-22 01:07:26,887 [Thread-804] INFO  impl.RoleInfo (RoleInfo.java:updateAndGet(143)) - 961c004b-2cdf-4092-9b5c-36f8bd0f140b: start LeaderElection
2019-10-22 01:07:26,904 [961c004b-2cdf-4092-9b5c-36f8bd0f140b@group-3C40BA09D40C-LeaderElection38] INFO  impl.LeaderElection (LeaderElection.java:askForVotes(178)) - 961c004b-2cdf-4092-9b5c-36f8bd0f140b@group-3C40BA09D40C-LeaderElection38: begin an election at term 36 for 0: [db7ea609-3ced-42df-bea1-3bd72610fc9e:192.168.157.222:46031, 961c004b-2cdf-4092-9b5c-36f8bd0f140b:192.168.157.222:44865, 3c326374-3547-416b-998e-7532ea2ef48b:192.168.157.222:44132], old=null
2019-10-22 01:07:26,907 [grpc-default-executor-1] INFO  impl.RaftServerImpl (RaftServerImpl.java:setRole(184)) - 3c326374-3547-416b-998e-7532ea2ef48b@group-3C40BA09D40C: changes role from  FOLLOWER to FOLLOWER at term 36 for recognizeCandidate:961c004b-2cdf-4092-9b5c-36f8bd0f140b
2019-10-22 01:07:26,907 [grpc-default-executor-6] INFO  impl.RaftServerImpl (RaftServerImpl.java:setRole(184)) - db7ea609-3ced-42df-bea1-3bd72610fc9e@group-3C40BA09D40C: changes role from  FOLLOWER to FOLLOWER at term 36 for recognizeCandidate:961c004b-2cdf-4092-9b5c-36f8bd0f140b
2019-10-22 01:07:26,907 [grpc-default-executor-1] INFO  impl.RoleInfo (RoleInfo.java:shutdownFollowerState(121)) - 3c326374-3547-416b-998e-7532ea2ef48b: shutdown FollowerState
2019-10-22 01:07:26,907 [grpc-default-executor-6] INFO  impl.RoleInfo (RoleInfo.java:shutdownFollowerState(121)) - db7ea609-3ced-42df-bea1-3bd72610fc9e: shutdown FollowerState
2019-10-22 01:07:26,908 [Thread-803] INFO  impl.FollowerState (FollowerState.java:run(117)) - 3c326374-3547-416b-998e-7532ea2ef48b@group-3C40BA09D40C-FollowerState was interrupted: java.lang.InterruptedException: sleep interrupted
2019-10-22 01:07:26,908 [grpc-default-executor-1] INFO  impl.RoleInfo (RoleInfo.java:updateAndGet(143)) - 3c326374-3547-416b-998e-7532ea2ef48b: start FollowerState
2019-10-22 01:07:26,908 [Thread-802] INFO  impl.FollowerState (FollowerState.java:run(117)) - db7ea609-3ced-42df-bea1-3bd72610fc9e@group-3C40BA09D40C-FollowerState was interrupted: java.lang.InterruptedException: sleep interrupted
2019-10-22 01:07:26,908 [grpc-default-executor-6] INFO  impl.RoleInfo (RoleInfo.java:updateAndGet(143)) - db7ea609-3ced-42df-bea1-3bd72610fc9e: start FollowerState
2019-10-22 01:07:26,914 [961c004b-2cdf-4092-9b5c-36f8bd0f140b@group-3C40BA09D40C-LeaderElection38] INFO  impl.LeaderElection (LeaderElection.java:logAndReturn(56)) - 961c004b-2cdf-4092-9b5c-36f8bd0f140b@group-3C40BA09D40C-LeaderElection38: Election REJECTED; received 2 response(s) [961c004b-2cdf-4092-9b5c-36f8bd0f140b<-db7ea609-3ced-42df-bea1-3bd72610fc9e#0:FAIL-t36, 961c004b-2cdf-4092-9b5c-36f8bd0f140b<-3c326374-3547-416b-998e-7532ea2ef48b#0:FAIL-t36] and 0 exception(s); 961c004b-2cdf-4092-9b5c-36f8bd0f140b@group-3C40BA09D40C:t36, leader=null, voted=961c004b-2cdf-4092-9b5c-36f8bd0f140b, raftlog=961c004b-2cdf-4092-9b5c-36f8bd0f140b@group-3C40BA09D40C-SegmentedRaftLog:OPENED:c3,f4,i4, conf=0: [db7ea609-3ced-42df-bea1-3bd72610fc9e:192.168.157.222:46031, 961c004b-2cdf-4092-9b5c-36f8bd0f140b:192.168.157.222:44865, 3c326374-3547-416b-998e-7532ea2ef48b:192.168.157.222:44132], old=null
2019-10-22 01:07:26,914 [961c004b-2cdf-4092-9b5c-36f8bd0f140b@group-3C40BA09D40C-LeaderElection38] INFO  impl.RaftServerImpl (RaftServerImpl.java:setRole(184)) - 961c004b-2cdf-4092-9b5c-36f8bd0f140b@group-3C40BA09D40C: changes role from CANDIDATE to FOLLOWER at term 36 for DISCOVERED_A_NEW_TERM
2019-10-22 01:07:26,915 [961c004b-2cdf-4092-9b5c-36f8bd0f140b@group-3C40BA09D40C-LeaderElection38] INFO  impl.RoleInfo (RoleInfo.java:shutdownLeaderElection(134)) - 961c004b-2cdf-4092-9b5c-36f8bd0f140b: shutdown LeaderElection
2019-10-22 01:07:26,915 [961c004b-2cdf-4092-9b5c-36f8bd0f140b@group-3C40BA09D40C-LeaderElection38] INFO  impl.RoleInfo (RoleInfo.java:updateAndGet(143)) - 961c004b-2cdf-4092-9b5c-36f8bd0f140b: start FollowerState
2019-10-22 01:07:27,028 [Thread-812] INFO  impl.FollowerState (FollowerState.java:run(108)) - 961c004b-2cdf-4092-9b5c-36f8bd0f140b@group-3C40BA09D40C-FollowerState: change to CANDIDATE, lastRpcTime:113ms, electionTimeout:113ms
2019-10-22 01:07:27,028 [Thread-812] INFO  impl.RoleInfo (RoleInfo.java:shutdownFollowerState(121)) - 961c004b-2cdf-4092-9b5c-36f8bd0f140b: shutdown FollowerState
2019-10-22 01:07:27,028 [Thread-812] INFO  impl.RaftServerImpl (RaftServerImpl.java:setRole(184)) - 961c004b-2cdf-4092-9b5c-36f8bd0f140b@group-3C40BA09D40C: changes role from  FOLLOWER to CANDIDATE at term 36 for changeToCandidate
2019-10-22 01:07:27,029 [Thread-812] INFO  impl.RoleInfo (RoleInfo.java:updateAndGet(143)) - 961c004b-2cdf-4092-9b5c-36f8bd0f140b: start LeaderElection
2019-10-22 01:07:27,037 [961c004b-2cdf-4092-9b5c-36f8bd0f140b@group-3C40BA09D40C-LeaderElection39] INFO  impl.LeaderElection (LeaderElection.java:askForVotes(178)) - 961c004b-2cdf-4092-9b5c-36f8bd0f140b@group-3C40BA09D40C-LeaderElection39: begin an election at term 37 for 0: [db7ea609-3ced-42df-bea1-3bd72610fc9e:192.168.157.222:46031, 961c004b-2cdf-4092-9b5c-36f8bd0f140b:192.168.157.222:44865, 3c326374-3547-416b-998e-7532ea2ef48b:192.168.157.222:44132], old=null
2019-10-22 01:07:27,040 [grpc-default-executor-6] INFO  impl.RaftServerImpl (RaftServerImpl.java:setRole(184)) - db7ea609-3ced-42df-bea1-3bd72610fc9e@group-3C40BA09D40C: changes role from  FOLLOWER to FOLLOWER at term 37 for recognizeCandidate:961c004b-2cdf-4092-9b5c-36f8bd0f140b
2019-10-22 01:07:27,041 [grpc-default-executor-6] INFO  impl.RoleInfo (RoleInfo.java:shutdownFollowerState(121)) - db7ea609-3ced-42df-bea1-3bd72610fc9e: shutdown FollowerState
2019-10-22 01:07:27,041 [grpc-default-executor-1] INFO  impl.RaftServerImpl (RaftServerImpl.java:setRole(184)) - 3c326374-3547-416b-998e-7532ea2ef48b@group-3C40BA09D40C: changes role from  FOLLOWER to FOLLOWER at term 37 for recognizeCandidate:961c004b-2cdf-4092-9b5c-36f8bd0f140b
2019-10-22 01:07:27,041 [Thread-811] INFO  impl.FollowerState (FollowerState.java:run(117)) - db7ea609-3ced-42df-bea1-3bd72610fc9e@group-3C40BA09D40C-FollowerState was interrupted: java.lang.InterruptedException: sleep interrupted
2019-10-22 01:07:27,041 [grpc-default-executor-6] INFO  impl.RoleInfo (RoleInfo.java:updateAndGet(143)) - db7ea609-3ced-42df-bea1-3bd72610fc9e: start FollowerState
2019-10-22 01:07:27,041 [grpc-default-executor-1] INFO  impl.RoleInfo (RoleInfo.java:shutdownFollowerState(121)) - 3c326374-3547-416b-998e-7532ea2ef48b: shutdown FollowerState
2019-10-22 01:07:27,042 [grpc-default-executor-1] INFO  impl.RoleInfo (RoleInfo.java:updateAndGet(143)) - 3c326374-3547-416b-998e-7532ea2ef48b: start FollowerState
2019-10-22 01:07:27,042 [Thread-810] INFO  impl.FollowerState (FollowerState.java:run(117)) - 3c326374-3547-416b-998e-7532ea2ef48b@group-3C40BA09D40C-FollowerState was interrupted: java.lang.InterruptedException: sleep interrupted
2019-10-22 01:07:27,051 [961c004b-2cdf-4092-9b5c-36f8bd0f140b@group-3C40BA09D40C-LeaderElection39] INFO  impl.LeaderElection (LeaderElection.java:logAndReturn(56)) - 961c004b-2cdf-4092-9b5c-36f8bd0f140b@group-3C40BA09D40C-LeaderElection39: Election REJECTED; received 2 response(s) [961c004b-2cdf-4092-9b5c-36f8bd0f140b<-db7ea609-3ced-42df-bea1-3bd72610fc9e#0:FAIL-t37, 961c004b-2cdf-4092-9b5c-36f8bd0f140b<-3c326374-3547-416b-998e-7532ea2ef48b#0:FAIL-t37] and 0 exception(s); 961c004b-2cdf-4092-9b5c-36f8bd0f140b@group-3C40BA09D40C:t37, leader=null, voted=961c004b-2cdf-4092-9b5c-36f8bd0f140b, raftlog=961c004b-2cdf-4092-9b5c-36f8bd0f140b@group-3C40BA09D40C-SegmentedRaftLog:OPENED:c3,f4,i4, conf=0: [db7ea609-3ced-42df-bea1-3bd72610fc9e:192.168.157.222:46031, 961c004b-2cdf-4092-9b5c-36f8bd0f140b:192.168.157.222:44865, 3c326374-3547-416b-998e-7532ea2ef48b:192.168.157.222:44132], old=null
2019-10-22 01:07:27,052 [961c004b-2cdf-4092-9b5c-36f8bd0f140b@group-3C40BA09D40C-LeaderElection39] INFO  impl.RaftServerImpl (RaftServerImpl.java:setRole(184)) - 961c004b-2cdf-4092-9b5c-36f8bd0f140b@group-3C40BA09D40C: changes role from CANDIDATE to FOLLOWER at term 37 for DISCOVERED_A_NEW_TERM
2019-10-22 01:07:27,052 [961c004b-2cdf-4092-9b5c-36f8bd0f140b@group-3C40BA09D40C-LeaderElection39] INFO  impl.RoleInfo (RoleInfo.java:shutdownLeaderElection(134)) - 961c004b-2cdf-4092-9b5c-36f8bd0f140b: shutdown LeaderElection
2019-10-22 01:07:27,052 [961c004b-2cdf-4092-9b5c-36f8bd0f140b@group-3C40BA09D40C-LeaderElection39] INFO  impl.RoleInfo (RoleInfo.java:updateAndGet(143)) - 961c004b-2cdf-4092-9b5c-36f8bd0f140b: start FollowerState
2019-10-22 01:07:27,100 [Thread-818] INFO  impl.FollowerState (FollowerState.java:run(108)) - 961c004b-2cdf-4092-9b5c-36f8bd0f140b@group-3C40BA09D40C-FollowerState: change to CANDIDATE, lastRpcTime:48ms, electionTimeout:48ms
2019-10-22 01:07:27,101 [Thread-818] INFO  impl.RoleInfo (RoleInfo.java:shutdownFollowerState(121)) - 961c004b-2cdf-4092-9b5c-36f8bd0f140b: shutdown FollowerState
2019-10-22 01:07:27,101 [Thread-818] INFO  impl.RaftServerImpl (RaftServerImpl.java:setRole(184)) - 961c004b-2cdf-4092-9b5c-36f8bd0f140b@group-3C40BA09D40C: changes role from  FOLLOWER to CANDIDATE at term 37 for changeToCandidate
2019-10-22 01:07:27,101 [Thread-818] INFO  impl.RoleInfo (RoleInfo.java:updateAndGet(143)) - 961c004b-2cdf-4092-9b5c-36f8bd0f140b: start LeaderElection
2019-10-22 01:07:27,111 [961c004b-2cdf-4092-9b5c-36f8bd0f140b@group-3C40BA09D40C-LeaderElection40] INFO  impl.LeaderElection (LeaderElection.java:askForVotes(178)) - 961c004b-2cdf-4092-9b5c-36f8bd0f140b@group-3C40BA09D40C-LeaderElection40: begin an election at term 38 for 0: [db7ea609-3ced-42df-bea1-3bd72610fc9e:192.168.157.222:46031, 961c004b-2cdf-4092-9b5c-36f8bd0f140b:192.168.157.222:44865, 3c326374-3547-416b-998e-7532ea2ef48b:192.168.157.222:44132], old=null
2019-10-22 01:07:27,113 [grpc-default-executor-1] INFO  impl.RaftServerImpl (RaftServerImpl.java:setRole(184)) - db7ea609-3ced-42df-bea1-3bd72610fc9e@group-3C40BA09D40C: changes role from  FOLLOWER to FOLLOWER at term 38 for recognizeCandidate:961c004b-2cdf-4092-9b5c-36f8bd0f140b
2019-10-22 01:07:27,114 [grpc-default-executor-1] INFO  impl.RoleInfo (RoleInfo.java:shutdownFollowerState(121)) - db7ea609-3ced-42df-bea1-3bd72610fc9e: shutdown FollowerState
2019-10-22 01:07:27,114 [grpc-default-executor-6] INFO  impl.RaftServerImpl (RaftServerImpl.java:setRole(184)) - 3c326374-3547-416b-998e-7532ea2ef48b@group-3C40BA09D40C: changes role from  FOLLOWER to FOLLOWER at term 38 for recognizeCandidate:961c004b-2cdf-4092-9b5c-36f8bd0f140b
2019-10-22 01:07:27,114 [Thread-816] INFO  impl.FollowerState (FollowerState.java:run(117)) - db7ea609-3ced-42df-bea1-3bd72610fc9e@group-3C40BA09D40C-FollowerState was interrupted: java.lang.InterruptedException: sleep interrupted
2019-10-22 01:07:27,114 [grpc-default-executor-1] INFO  impl.RoleInfo (RoleInfo.java:updateAndGet(143)) - db7ea609-3ced-42df-bea1-3bd72610fc9e: start FollowerState
2019-10-22 01:07:27,114 [grpc-default-executor-6] INFO  impl.RoleInfo (RoleInfo.java:shutdownFollowerState(121)) - 3c326374-3547-416b-998e-7532ea2ef48b: shutdown FollowerState
2019-10-22 01:07:27,114 [grpc-default-executor-6] INFO  impl.RoleInfo (RoleInfo.java:updateAndGet(143)) - 3c326374-3547-416b-998e-7532ea2ef48b: start FollowerState
2019-10-22 01:07:27,115 [Thread-817] INFO  impl.FollowerState (FollowerState.java:run(117)) - 3c326374-3547-416b-998e-7532ea2ef48b@group-3C40BA09D40C-FollowerState was interrupted: java.lang.InterruptedException: sleep interrupted
2019-10-22 01:07:27,119 [961c004b-2cdf-4092-9b5c-36f8bd0f140b@group-3C40BA09D40C-LeaderElection40] INFO  impl.LeaderElection (LeaderElection.java:logAndReturn(56)) - 961c004b-2cdf-4092-9b5c-36f8bd0f140b@group-3C40BA09D40C-LeaderElection40: Election REJECTED; received 2 response(s) [961c004b-2cdf-4092-9b5c-36f8bd0f140b<-db7ea609-3ced-42df-bea1-3bd72610fc9e#0:FAIL-t38, 961c004b-2cdf-4092-9b5c-36f8bd0f140b<-3c326374-3547-416b-998e-7532ea2ef48b#0:FAIL-t38] and 0 exception(s); 961c004b-2cdf-4092-9b5c-36f8bd0f140b@group-3C40BA09D40C:t38, leader=null, voted=961c004b-2cdf-4092-9b5c-36f8bd0f140b, raftlog=961c004b-2cdf-4092-9b5c-36f8bd0f140b@group-3C40BA09D40C-SegmentedRaftLog:OPENED:c3,f4,i4, conf=0: [db7ea609-3ced-42df-bea1-3bd72610fc9e:192.168.157.222:46031, 961c004b-2cdf-4092-9b5c-36f8bd0f140b:192.168.157.222:44865, 3c326374-3547-416b-998e-7532ea2ef48b:192.168.157.222:44132], old=null
2019-10-22 01:07:27,119 [961c004b-2cdf-4092-9b5c-36f8bd0f140b@group-3C40BA09D40C-LeaderElection40] INFO  impl.RaftServerImpl (RaftServerImpl.java:setRole(184)) - 961c004b-2cdf-4092-9b5c-36f8bd0f140b@group-3C40BA09D40C: changes role from CANDIDATE to FOLLOWER at term 38 for DISCOVERED_A_NEW_TERM
2019-10-22 01:07:27,119 [961c004b-2cdf-4092-9b5c-36f8bd0f140b@group-3C40BA09D40C-LeaderElection40] INFO  impl.RoleInfo (RoleInfo.java:shutdownLeaderElection(134)) - 961c004b-2cdf-4092-9b5c-36f8bd0f140b: shutdown LeaderElection
2019-10-22 01:07:27,120 [961c004b-2cdf-4092-9b5c-36f8bd0f140b@group-3C40BA09D40C-LeaderElection40] INFO  impl.RoleInfo (RoleInfo.java:updateAndGet(143)) - 961c004b-2cdf-4092-9b5c-36f8bd0f140b: start FollowerState
2019-10-22 01:07:27,131 [EventQueue-PendingDeleteStatusForPendingDeleteHandler] INFO  block.SCMBlockDeletingService (SCMBlockDeletingService.java:handlePendingDeletes(115)) - Block deletion txnID mismatch in datanode 961c004b-2cdf-4092-9b5c-36f8bd0f140b for containerID 1. Datanode delete txnID: 0, SCM txnID: 1
2019-10-22 01:07:27,245 [Thread-824] INFO  impl.FollowerState (FollowerState.java:run(108)) - 961c004b-2cdf-4092-9b5c-36f8bd0f140b@group-3C40BA09D40C-FollowerState: change to CANDIDATE, lastRpcTime:125ms, electionTimeout:125ms
2019-10-22 01:07:27,245 [Thread-824] INFO  impl.RoleInfo (RoleInfo.java:shutdownFollowerState(121)) - 961c004b-2cdf-4092-9b5c-36f8bd0f140b: shutdown FollowerState
2019-10-22 01:07:27,245 [Thread-824] INFO  impl.RaftServerImpl (RaftServerImpl.java:setRole(184)) - 961c004b-2cdf-4092-9b5c-36f8bd0f140b@group-3C40BA09D40C: changes role from  FOLLOWER to CANDIDATE at term 38 for changeToCandidate
2019-10-22 01:07:27,245 [Thread-824] INFO  impl.RoleInfo (RoleInfo.java:updateAndGet(143)) - 961c004b-2cdf-4092-9b5c-36f8bd0f140b: start LeaderElection
2019-10-22 01:07:27,258 [961c004b-2cdf-4092-9b5c-36f8bd0f140b@group-3C40BA09D40C-LeaderElection41] INFO  impl.LeaderElection (LeaderElection.java:askForVotes(178)) - 961c004b-2cdf-4092-9b5c-36f8bd0f140b@group-3C40BA09D40C-LeaderElection41: begin an election at term 39 for 0: [db7ea609-3ced-42df-bea1-3bd72610fc9e:192.168.157.222:46031, 961c004b-2cdf-4092-9b5c-36f8bd0f140b:192.168.157.222:44865, 3c326374-3547-416b-998e-7532ea2ef48b:192.168.157.222:44132], old=null
2019-10-22 01:07:27,261 [grpc-default-executor-6] INFO  impl.RaftServerImpl (RaftServerImpl.java:setRole(184)) - 3c326374-3547-416b-998e-7532ea2ef48b@group-3C40BA09D40C: changes role from  FOLLOWER to FOLLOWER at term 39 for recognizeCandidate:961c004b-2cdf-4092-9b5c-36f8bd0f140b
2019-10-22 01:07:27,261 [grpc-default-executor-1] INFO  impl.RaftServerImpl (RaftServerImpl.java:setRole(184)) - db7ea609-3ced-42df-bea1-3bd72610fc9e@group-3C40BA09D40C: changes role from  FOLLOWER to FOLLOWER at term 39 for recognizeCandidate:961c004b-2cdf-4092-9b5c-36f8bd0f140b
2019-10-22 01:07:27,261 [grpc-default-executor-6] INFO  impl.RoleInfo (RoleInfo.java:shutdownFollowerState(121)) - 3c326374-3547-416b-998e-7532ea2ef48b: shutdown FollowerState
2019-10-22 01:07:27,261 [grpc-default-executor-1] INFO  impl.RoleInfo (RoleInfo.java:shutdownFollowerState(121)) - db7ea609-3ced-42df-bea1-3bd72610fc9e: shutdown FollowerState
2019-10-22 01:07:27,262 [Thread-823] INFO  impl.FollowerState (FollowerState.java:run(117)) - 3c326374-3547-416b-998e-7532ea2ef48b@group-3C40BA09D40C-FollowerState was interrupted: java.lang.InterruptedException: sleep interrupted
2019-10-22 01:07:27,262 [grpc-default-executor-6] INFO  impl.RoleInfo (RoleInfo.java:updateAndGet(143)) - 3c326374-3547-416b-998e-7532ea2ef48b: start FollowerState
2019-10-22 01:07:27,262 [grpc-default-executor-1] INFO  impl.RoleInfo (RoleInfo.java:updateAndGet(143)) - db7ea609-3ced-42df-bea1-3bd72610fc9e: start FollowerState
2019-10-22 01:07:27,262 [Thread-822] INFO  impl.FollowerState (FollowerState.java:run(117)) - db7ea609-3ced-42df-bea1-3bd72610fc9e@group-3C40BA09D40C-FollowerState was interrupted: java.lang.InterruptedException: sleep interrupted
2019-10-22 01:07:27,267 [961c004b-2cdf-4092-9b5c-36f8bd0f140b@group-3C40BA09D40C-LeaderElection41] INFO  impl.LeaderElection (LeaderElection.java:logAndReturn(56)) - 961c004b-2cdf-4092-9b5c-36f8bd0f140b@group-3C40BA09D40C-LeaderElection41: Election REJECTED; received 2 response(s) [961c004b-2cdf-4092-9b5c-36f8bd0f140b<-db7ea609-3ced-42df-bea1-3bd72610fc9e#0:FAIL-t39, 961c004b-2cdf-4092-9b5c-36f8bd0f140b<-3c326374-3547-416b-998e-7532ea2ef48b#0:FAIL-t39] and 0 exception(s); 961c004b-2cdf-4092-9b5c-36f8bd0f140b@group-3C40BA09D40C:t39, leader=null, voted=961c004b-2cdf-4092-9b5c-36f8bd0f140b, raftlog=961c004b-2cdf-4092-9b5c-36f8bd0f140b@group-3C40BA09D40C-SegmentedRaftLog:OPENED:c3,f4,i4, conf=0: [db7ea609-3ced-42df-bea1-3bd72610fc9e:192.168.157.222:46031, 961c004b-2cdf-4092-9b5c-36f8bd0f140b:192.168.157.222:44865, 3c326374-3547-416b-998e-7532ea2ef48b:192.168.157.222:44132], old=null
2019-10-22 01:07:27,267 [961c004b-2cdf-4092-9b5c-36f8bd0f140b@group-3C40BA09D40C-LeaderElection41] INFO  impl.RaftServerImpl (RaftServerImpl.java:setRole(184)) - 961c004b-2cdf-4092-9b5c-36f8bd0f140b@group-3C40BA09D40C: changes role from CANDIDATE to FOLLOWER at term 39 for DISCOVERED_A_NEW_TERM
2019-10-22 01:07:27,268 [961c004b-2cdf-4092-9b5c-36f8bd0f140b@group-3C40BA09D40C-LeaderElection41] INFO  impl.RoleInfo (RoleInfo.java:shutdownLeaderElection(134)) - 961c004b-2cdf-4092-9b5c-36f8bd0f140b: shutdown LeaderElection
2019-10-22 01:07:27,268 [961c004b-2cdf-4092-9b5c-36f8bd0f140b@group-3C40BA09D40C-LeaderElection41] INFO  impl.RoleInfo (RoleInfo.java:updateAndGet(143)) - 961c004b-2cdf-4092-9b5c-36f8bd0f140b: start FollowerState
2019-10-22 01:07:27,331 [Command processor thread] INFO  commandhandler.DeleteBlocksCommandHandler (DeleteBlocksCommandHandler.java:handle(106)) - Start to delete container blocks, TXIDs=[1(0)], numOfContainers=1, numOfBlocks=1
2019-10-22 01:07:27,333 [Command processor thread] INFO  commandhandler.DeleteBlocksCommandHandler (DeleteBlocksCommandHandler.java:handle(106)) - Start to delete container blocks, TXIDs=[1(2)], numOfContainers=1, numOfBlocks=1
2019-10-22 01:07:27,334 [Command processor thread] INFO  commandhandler.DeleteBlocksCommandHandler (DeleteBlocksCommandHandler.java:handle(106)) - Start to delete container blocks, TXIDs=[1(0)], numOfContainers=1, numOfBlocks=1
2019-10-22 01:07:27,334 [Command processor thread] INFO  commandhandler.DeleteBlocksCommandHandler (DeleteBlocksCommandHandler.java:handle(106)) - Start to delete container blocks, TXIDs=[1(2)], numOfContainers=1, numOfBlocks=1
2019-10-22 01:07:27,334 [Command processor thread] INFO  commandhandler.DeleteBlocksCommandHandler (DeleteBlocksCommandHandler.java:handle(106)) - Start to delete container blocks, TXIDs=[1(2)], numOfContainers=1, numOfBlocks=1
2019-10-22 01:07:27,334 [Command processor thread] INFO  commandhandler.DeleteBlocksCommandHandler (DeleteBlocksCommandHandler.java:handle(106)) - Start to delete container blocks, TXIDs=[1(0)], numOfContainers=1, numOfBlocks=1
2019-10-22 01:07:27,334 [Command processor thread] INFO  commandhandler.DeleteBlocksCommandHandler (DeleteBlocksCommandHandler.java:handle(106)) - Start to delete container blocks, TXIDs=[1(2)], numOfContainers=1, numOfBlocks=1
2019-10-22 01:07:27,335 [Command processor thread] INFO  commandhandler.DeleteBlocksCommandHandler (DeleteBlocksCommandHandler.java:handle(106)) - Start to delete container blocks, TXIDs=[1(2)], numOfContainers=1, numOfBlocks=1
2019-10-22 01:07:27,335 [Command processor thread] INFO  commandhandler.DeleteBlocksCommandHandler (DeleteBlocksCommandHandler.java:handle(106)) - Start to delete container blocks, TXIDs=[1(2)], numOfContainers=1, numOfBlocks=1
2019-10-22 01:07:27,335 [Command processor thread] INFO  commandhandler.DeleteBlocksCommandHandler (DeleteBlocksCommandHandler.java:handle(106)) - Start to delete container blocks, TXIDs=[1(0)], numOfContainers=1, numOfBlocks=1
2019-10-22 01:07:27,335 [Command processor thread] INFO  commandhandler.DeleteBlocksCommandHandler (DeleteBlocksCommandHandler.java:handle(106)) - Start to delete container blocks, TXIDs=[1(2)], numOfContainers=1, numOfBlocks=1
2019-10-22 01:07:27,335 [Command processor thread] INFO  commandhandler.DeleteBlocksCommandHandler (DeleteBlocksCommandHandler.java:handle(106)) - Start to delete container blocks, TXIDs=[1(2)], numOfContainers=1, numOfBlocks=1
2019-10-22 01:07:27,336 [Command processor thread] INFO  commandhandler.DeleteBlocksCommandHandler (DeleteBlocksCommandHandler.java:handle(106)) - Start to delete container blocks, TXIDs=[1(2)], numOfContainers=1, numOfBlocks=1
2019-10-22 01:07:27,336 [Command processor thread] INFO  commandhandler.DeleteBlocksCommandHandler (DeleteBlocksCommandHandler.java:handle(106)) - Start to delete container blocks, TXIDs=[1(2)], numOfContainers=1, numOfBlocks=1
2019-10-22 01:07:27,336 [Command processor thread] INFO  commandhandler.DeleteBlocksCommandHandler (DeleteBlocksCommandHandler.java:handle(106)) - Start to delete container blocks, TXIDs=[1(0)], numOfContainers=1, numOfBlocks=1
2019-10-22 01:07:27,336 [Command processor thread] INFO  commandhandler.DeleteBlocksCommandHandler (DeleteBlocksCommandHandler.java:handle(106)) - Start to delete container blocks, TXIDs=[1(2)], numOfContainers=1, numOfBlocks=1
2019-10-22 01:07:27,336 [Command processor thread] INFO  commandhandler.DeleteBlocksCommandHandler (DeleteBlocksCommandHandler.java:handle(106)) - Start to delete container blocks, TXIDs=[1(2)], numOfContainers=1, numOfBlocks=1
2019-10-22 01:07:27,336 [Command processor thread] INFO  commandhandler.DeleteBlocksCommandHandler (DeleteBlocksCommandHandler.java:handle(106)) - Start to delete container blocks, TXIDs=[1(2)], numOfContainers=1, numOfBlocks=1
2019-10-22 01:07:27,337 [Command processor thread] INFO  commandhandler.DeleteBlocksCommandHandler (DeleteBlocksCommandHandler.java:handle(106)) - Start to delete container blocks, TXIDs=[1(2)], numOfContainers=1, numOfBlocks=1
2019-10-22 01:07:27,337 [Command processor thread] INFO  commandhandler.DeleteBlocksCommandHandler (DeleteBlocksCommandHandler.java:handle(106)) - Start to delete container blocks, TXIDs=[1(2)], numOfContainers=1, numOfBlocks=1
2019-10-22 01:07:27,337 [Command processor thread] INFO  commandhandler.DeleteBlocksCommandHandler (DeleteBlocksCommandHandler.java:handle(106)) - Start to delete container blocks, TXIDs=[1(0)], numOfContainers=1, numOfBlocks=1
2019-10-22 01:07:27,337 [Command processor thread] INFO  commandhandler.DeleteBlocksCommandHandler (DeleteBlocksCommandHandler.java:handle(106)) - Start to delete container blocks, TXIDs=[1(2)], numOfContainers=1, numOfBlocks=1
2019-10-22 01:07:27,337 [Command processor thread] INFO  commandhandler.DeleteBlocksCommandHandler (DeleteBlocksCommandHandler.java:handle(106)) - Start to delete container blocks, TXIDs=[1(2)], numOfContainers=1, numOfBlocks=1
2019-10-22 01:07:27,337 [Command processor thread] INFO  commandhandler.DeleteBlocksCommandHandler (DeleteBlocksCommandHandler.java:handle(106)) - Start to delete container blocks, TXIDs=[1(2)], numOfContainers=1, numOfBlocks=1
2019-10-22 01:07:27,338 [Command processor thread] INFO  commandhandler.DeleteBlocksCommandHandler (DeleteBlocksCommandHandler.java:handle(106)) - Start to delete container blocks, TXIDs=[1(2)], numOfContainers=1, numOfBlocks=1
2019-10-22 01:07:27,338 [Command processor thread] INFO  commandhandler.DeleteBlocksCommandHandler (DeleteBlocksCommandHandler.java:handle(106)) - Start to delete container blocks, TXIDs=[1(2)], numOfContainers=1, numOfBlocks=1
2019-10-22 01:07:27,338 [Command processor thread] INFO  commandhandler.DeleteBlocksCommandHandler (DeleteBlocksCommandHandler.java:handle(106)) - Start to delete container blocks, TXIDs=[1(2)], numOfContainers=1, numOfBlocks=1
2019-10-22 01:07:27,338 [Command processor thread] INFO  commandhandler.DeleteBlocksCommandHandler (DeleteBlocksCommandHandler.java:handle(106)) - Start to delete container blocks, TXIDs=[1(0)], numOfContainers=1, numOfBlocks=1
2019-10-22 01:07:27,338 [Command processor thread] INFO  commandhandler.DeleteBlocksCommandHandler (DeleteBlocksCommandHandler.java:handle(106)) - Start to delete container blocks, TXIDs=[1(2)], numOfContainers=1, numOfBlocks=1
2019-10-22 01:07:27,339 [Command processor thread] INFO  commandhandler.DeleteBlocksCommandHandler (DeleteBlocksCommandHandler.java:handle(106)) - Start to delete container blocks, TXIDs=[1(30)], numOfContainers=1, numOfBlocks=1
2019-10-22 01:07:27,339 [Command processor thread] INFO  commandhandler.DeleteBlocksCommandHandler (DeleteBlocksCommandHandler.java:handle(106)) - Start to delete container blocks, TXIDs=[1(2)], numOfContainers=1, numOfBlocks=1
2019-10-22 01:07:27,339 [Command processor thread] INFO  commandhandler.DeleteBlocksCommandHandler (DeleteBlocksCommandHandler.java:handle(106)) - Start to delete container blocks, TXIDs=[1(2)], numOfContainers=1, numOfBlocks=1
2019-10-22 01:07:27,339 [Command processor thread] INFO  commandhandler.DeleteBlocksCommandHandler (DeleteBlocksCommandHandler.java:handle(106)) - Start to delete container blocks, TXIDs=[1(2)], numOfContainers=1, numOfBlocks=1
2019-10-22 01:07:27,339 [Command processor thread] INFO  commandhandler.DeleteBlocksCommandHandler (DeleteBlocksCommandHandler.java:handle(106)) - Start to delete container blocks, TXIDs=[1(2)], numOfContainers=1, numOfBlocks=1
2019-10-22 01:07:27,340 [Command processor thread] INFO  commandhandler.DeleteBlocksCommandHandler (DeleteBlocksCommandHandler.java:handle(106)) - Start to delete container blocks, TXIDs=[1(2)], numOfContainers=1, numOfBlocks=1
2019-10-22 01:07:27,340 [Command processor thread] INFO  commandhandler.DeleteBlocksCommandHandler (DeleteBlocksCommandHandler.java:handle(106)) - Start to delete container blocks, TXIDs=[1(0)], numOfContainers=1, numOfBlocks=1
2019-10-22 01:07:27,387 [Thread-830] INFO  impl.FollowerState (FollowerState.java:run(108)) - 961c004b-2cdf-4092-9b5c-36f8bd0f140b@group-3C40BA09D40C-FollowerState: change to CANDIDATE, lastRpcTime:119ms, electionTimeout:119ms
2019-10-22 01:07:27,387 [Thread-830] INFO  impl.RoleInfo (RoleInfo.java:shutdownFollowerState(121)) - 961c004b-2cdf-4092-9b5c-36f8bd0f140b: shutdown FollowerState
2019-10-22 01:07:27,387 [Thread-830] INFO  impl.RaftServerImpl (RaftServerImpl.java:setRole(184)) - 961c004b-2cdf-4092-9b5c-36f8bd0f140b@group-3C40BA09D40C: changes role from  FOLLOWER to CANDIDATE at term 39 for changeToCandidate
2019-10-22 01:07:27,388 [Thread-830] INFO  impl.RoleInfo (RoleInfo.java:updateAndGet(143)) - 961c004b-2cdf-4092-9b5c-36f8bd0f140b: start LeaderElection
2019-10-22 01:07:27,393 [961c004b-2cdf-4092-9b5c-36f8bd0f140b@group-3C40BA09D40C-LeaderElection42] INFO  impl.LeaderElection (LeaderElection.java:askForVotes(178)) - 961c004b-2cdf-4092-9b5c-36f8bd0f140b@group-3C40BA09D40C-LeaderElection42: begin an election at term 40 for 0: [db7ea609-3ced-42df-bea1-3bd72610fc9e:192.168.157.222:46031, 961c004b-2cdf-4092-9b5c-36f8bd0f140b:192.168.157.222:44865, 3c326374-3547-416b-998e-7532ea2ef48b:192.168.157.222:44132], old=null
2019-10-22 01:07:27,397 [grpc-default-executor-6] INFO  impl.RaftServerImpl (RaftServerImpl.java:setRole(184)) - db7ea609-3ced-42df-bea1-3bd72610fc9e@group-3C40BA09D40C: changes role from  FOLLOWER to FOLLOWER at term 40 for recognizeCandidate:961c004b-2cdf-4092-9b5c-36f8bd0f140b
2019-10-22 01:07:27,397 [grpc-default-executor-6] INFO  impl.RoleInfo (RoleInfo.java:shutdownFollowerState(121)) - db7ea609-3ced-42df-bea1-3bd72610fc9e: shutdown FollowerState
2019-10-22 01:07:27,397 [grpc-default-executor-1] INFO  impl.RaftServerImpl (RaftServerImpl.java:setRole(184)) - 3c326374-3547-416b-998e-7532ea2ef48b@group-3C40BA09D40C: changes role from  FOLLOWER to FOLLOWER at term 40 for recognizeCandidate:961c004b-2cdf-4092-9b5c-36f8bd0f140b
2019-10-22 01:07:27,397 [grpc-default-executor-6] INFO  impl.RoleInfo (RoleInfo.java:updateAndGet(143)) - db7ea609-3ced-42df-bea1-3bd72610fc9e: start FollowerState
2019-10-22 01:07:27,397 [Thread-829] INFO  impl.FollowerState (FollowerState.java:run(117)) - db7ea609-3ced-42df-bea1-3bd72610fc9e@group-3C40BA09D40C-FollowerState was interrupted: java.lang.InterruptedException: sleep interrupted
2019-10-22 01:07:27,397 [grpc-default-executor-1] INFO  impl.RoleInfo (RoleInfo.java:shutdownFollowerState(121)) - 3c326374-3547-416b-998e-7532ea2ef48b: shutdown FollowerState
2019-10-22 01:07:27,398 [Thread-828] INFO  impl.FollowerState (FollowerState.java:run(117)) - 3c326374-3547-416b-998e-7532ea2ef48b@group-3C40BA09D40C-FollowerState was interrupted: java.lang.InterruptedException: sleep interrupted
2019-10-22 01:07:27,398 [grpc-default-executor-1] INFO  impl.RoleInfo (RoleInfo.java:updateAndGet(143)) - 3c326374-3547-416b-998e-7532ea2ef48b: start FollowerState
2019-10-22 01:07:27,404 [961c004b-2cdf-4092-9b5c-36f8bd0f140b@group-3C40BA09D40C-LeaderElection42] INFO  impl.LeaderElection (LeaderElection.java:logAndReturn(56)) - 961c004b-2cdf-4092-9b5c-36f8bd0f140b@group-3C40BA09D40C-LeaderElection42: Election REJECTED; received 2 response(s) [961c004b-2cdf-4092-9b5c-36f8bd0f140b<-db7ea609-3ced-42df-bea1-3bd72610fc9e#0:FAIL-t40, 961c004b-2cdf-4092-9b5c-36f8bd0f140b<-3c326374-3547-416b-998e-7532ea2ef48b#0:FAIL-t40] and 0 exception(s); 961c004b-2cdf-4092-9b5c-36f8bd0f140b@group-3C40BA09D40C:t40, leader=null, voted=961c004b-2cdf-4092-9b5c-36f8bd0f140b, raftlog=961c004b-2cdf-4092-9b5c-36f8bd0f140b@group-3C40BA09D40C-SegmentedRaftLog:OPENED:c3,f4,i4, conf=0: [db7ea609-3ced-42df-bea1-3bd72610fc9e:192.168.157.222:46031, 961c004b-2cdf-4092-9b5c-36f8bd0f140b:192.168.157.222:44865, 3c326374-3547-416b-998e-7532ea2ef48b:192.168.157.222:44132], old=null
2019-10-22 01:07:27,404 [961c004b-2cdf-4092-9b5c-36f8bd0f140b@group-3C40BA09D40C-LeaderElection42] INFO  impl.RaftServerImpl (RaftServerImpl.java:setRole(184)) - 961c004b-2cdf-4092-9b5c-36f8bd0f140b@group-3C40BA09D40C: changes role from CANDIDATE to FOLLOWER at term 40 for DISCOVERED_A_NEW_TERM
2019-10-22 01:07:27,404 [961c004b-2cdf-4092-9b5c-36f8bd0f140b@group-3C40BA09D40C-LeaderElection42] INFO  impl.RoleInfo (RoleInfo.java:shutdownLeaderElection(134)) - 961c004b-2cdf-4092-9b5c-36f8bd0f140b: shutdown LeaderElection
2019-10-22 01:07:27,405 [961c004b-2cdf-4092-9b5c-36f8bd0f140b@group-3C40BA09D40C-LeaderElection42] INFO  impl.RoleInfo (RoleInfo.java:updateAndGet(143)) - 961c004b-2cdf-4092-9b5c-36f8bd0f140b: start FollowerState
2019-10-22 01:07:27,456 [Thread-839] INFO  client.GrpcClientProtocolService (GrpcClientProtocolService.java:lambda$processClientRequest$0(278)) - Failed RaftClientRequest:client-266370AF2C40->db7ea609-3ced-42df-bea1-3bd72610fc9e@group-3C40BA09D40C, cid=10, seq=0, Watch-ALL_COMMITTED(6), Message:<EMPTY>, reply=RaftClientReply:client-266370AF2C40->db7ea609-3ced-42df-bea1-3bd72610fc9e@group-3C40BA09D40C, cid=10, FAILED org.apache.ratis.protocol.NotLeaderException: Server db7ea609-3ced-42df-bea1-3bd72610fc9e@group-3C40BA09D40C is not the leader, logIndex=0, commits[db7ea609-3ced-42df-bea1-3bd72610fc9e:c10, 961c004b-2cdf-4092-9b5c-36f8bd0f140b:c4, 3c326374-3547-416b-998e-7532ea2ef48b:c10]
2019-10-22 01:07:27,459 [pool-7-thread-4] INFO  commands.RetriableDatanodeEventWatcher (RetriableDatanodeEventWatcher.java:onTimeout(47)) - RetriableDatanodeCommand type=deleteBlocksCommand with id=1571706439452 timed out. Retrying.
2019-10-22 01:07:27,463 [pool-7-thread-1] INFO  commands.RetriableDatanodeEventWatcher (RetriableDatanodeEventWatcher.java:onTimeout(47)) - RetriableDatanodeCommand type=deleteBlocksCommand with id=1571706439458 timed out. Retrying.
2019-10-22 01:07:27,463 [pool-7-thread-4] INFO  commands.RetriableDatanodeEventWatcher (RetriableDatanodeEventWatcher.java:onTimeout(47)) - RetriableDatanodeCommand type=deleteBlocksCommand with id=1571706439453 timed out. Retrying.
2019-10-22 01:07:27,465 [pool-7-thread-1] INFO  commands.RetriableDatanodeEventWatcher (RetriableDatanodeEventWatcher.java:onTimeout(47)) - RetriableDatanodeCommand type=deleteBlocksCommand with id=1571706439455 timed out. Retrying.
2019-10-22 01:07:27,465 [pool-7-thread-3] INFO  commands.RetriableDatanodeEventWatcher (RetriableDatanodeEventWatcher.java:onTimeout(47)) - RetriableDatanodeCommand type=deleteBlocksCommand with id=1571706439457 timed out. Retrying.
2019-10-22 01:07:27,465 [pool-7-thread-2] INFO  commands.RetriableDatanodeEventWatcher (RetriableDatanodeEventWatcher.java:onTimeout(47)) - RetriableDatanodeCommand type=deleteBlocksCommand with id=1571706439456 timed out. Retrying.
2019-10-22 01:07:27,465 [SCMBlockDeletingService#0] INFO  block.SCMBlockDeletingService (SCMBlockDeletingService.java:call(184)) - Totally added 1 delete blocks command for 1 datanodes, task elapsed time: 1ms
2019-10-22 01:07:27,465 [pool-7-thread-4] INFO  commands.RetriableDatanodeEventWatcher (RetriableDatanodeEventWatcher.java:onTimeout(47)) - RetriableDatanodeCommand type=deleteBlocksCommand with id=1571706439454 timed out. Retrying.
2019-10-22 01:07:27,466 [pool-7-thread-3] INFO  commands.RetriableDatanodeEventWatcher (RetriableDatanodeEventWatcher.java:onTimeout(47)) - RetriableDatanodeCommand type=deleteBlocksCommand with id=1571706439450 timed out. Retrying.
2019-10-22 01:07:27,525 [Thread-837] INFO  impl.FollowerState (FollowerState.java:run(108)) - 961c004b-2cdf-4092-9b5c-36f8bd0f140b@group-3C40BA09D40C-FollowerState: change to CANDIDATE, lastRpcTime:120ms, electionTimeout:120ms
2019-10-22 01:07:27,525 [Thread-837] INFO  impl.RoleInfo (RoleInfo.java:shutdownFollowerState(121)) - 961c004b-2cdf-4092-9b5c-36f8bd0f140b: shutdown FollowerState
2019-10-22 01:07:27,525 [Thread-837] INFO  impl.RaftServerImpl (RaftServerImpl.java:setRole(184)) - 961c004b-2cdf-4092-9b5c-36f8bd0f140b@group-3C40BA09D40C: changes role from  FOLLOWER to CANDIDATE at term 40 for changeToCandidate
2019-10-22 01:07:27,526 [Thread-837] INFO  impl.RoleInfo (RoleInfo.java:updateAndGet(143)) - 961c004b-2cdf-4092-9b5c-36f8bd0f140b: start LeaderElection
2019-10-22 01:07:27,533 [EventQueue-DeleteBlockStatusForDeletedBlockLogImpl] WARN  block.DeletedBlockLogImpl (DeletedBlockLogImpl.java:commitTransactions(205)) - Transaction txId=1 commit by dnId=961c004b-2cdf-4092-9b5c-36f8bd0f140b for containerID=#1 failed. Corresponding entry not found.
2019-10-22 01:07:27,533 [IPC Server handler 5 on 45286] WARN  block.DeletedBlockLogImpl (DeletedBlockLogImpl.java:incrementCount(141)) - Deleted TXID not found.
2019-10-22 01:07:27,534 [EventQueue-DeleteBlockStatusForDeletedBlockLogImpl] WARN  block.DeletedBlockLogImpl (DeletedBlockLogImpl.java:commitTransactions(205)) - Transaction txId=1 commit by dnId=961c004b-2cdf-4092-9b5c-36f8bd0f140b for containerID=#1 failed. Corresponding entry not found.
2019-10-22 01:07:27,534 [IPC Server handler 5 on 45286] WARN  block.DeletedBlockLogImpl (DeletedBlockLogImpl.java:incrementCount(141)) - Deleted TXID not found.
2019-10-22 01:07:27,534 [EventQueue-DeleteBlockStatusForDeletedBlockLogImpl] WARN  block.DeletedBlockLogImpl (DeletedBlockLogImpl.java:commitTransactions(205)) - Transaction txId=1 commit by dnId=961c004b-2cdf-4092-9b5c-36f8bd0f140b for containerID=#1 failed. Corresponding entry not found.
2019-10-22 01:07:27,534 [IPC Server handler 5 on 45286] WARN  block.DeletedBlockLogImpl (DeletedBlockLogImpl.java:incrementCount(141)) - Deleted TXID not found.
2019-10-22 01:07:27,534 [EventQueue-DeleteBlockStatusForDeletedBlockLogImpl] WARN  block.DeletedBlockLogImpl (DeletedBlockLogImpl.java:commitTransactions(205)) - Transaction txId=1 commit by dnId=961c004b-2cdf-4092-9b5c-36f8bd0f140b for containerID=#1 failed. Corresponding entry not found.
2019-10-22 01:07:27,535 [IPC Server handler 5 on 45286] WARN  block.DeletedBlockLogImpl (DeletedBlockLogImpl.java:incrementCount(141)) - Deleted TXID not found.
2019-10-22 01:07:27,535 [EventQueue-DeleteBlockStatusForDeletedBlockLogImpl] WARN  block.DeletedBlockLogImpl (DeletedBlockLogImpl.java:commitTransactions(205)) - Transaction txId=1 commit by dnId=961c004b-2cdf-4092-9b5c-36f8bd0f140b for containerID=#1 failed. Corresponding entry not found.
2019-10-22 01:07:27,535 [EventQueue-DeleteBlockStatusForDeletedBlockLogImpl] WARN  block.DeletedBlockLogImpl (DeletedBlockLogImpl.java:commitTransactions(205)) - Transaction txId=1 commit by dnId=961c004b-2cdf-4092-9b5c-36f8bd0f140b for containerID=#1 failed. Corresponding entry not found.
2019-10-22 01:07:27,535 [IPC Server handler 5 on 45286] WARN  block.DeletedBlockLogImpl (DeletedBlockLogImpl.java:incrementCount(141)) - Deleted TXID not found.
2019-10-22 01:07:27,535 [EventQueue-DeleteBlockStatusForDeletedBlockLogImpl] WARN  block.DeletedBlockLogImpl (DeletedBlockLogImpl.java:commitTransactions(205)) - Transaction txId=1 commit by dnId=961c004b-2cdf-4092-9b5c-36f8bd0f140b for containerID=#1 failed. Corresponding entry not found.
2019-10-22 01:07:27,535 [IPC Server handler 5 on 45286] WARN  block.DeletedBlockLogImpl (DeletedBlockLogImpl.java:incrementCount(141)) - Deleted TXID not found.
2019-10-22 01:07:27,536 [IPC Server handler 5 on 45286] WARN  block.DeletedBlockLogImpl (DeletedBlockLogImpl.java:incrementCount(141)) - Deleted TXID not found.
2019-10-22 01:07:27,536 [IPC Server handler 5 on 45286] WARN  block.DeletedBlockLogImpl (DeletedBlockLogImpl.java:incrementCount(141)) - Deleted TXID not found.
2019-10-22 01:07:27,542 [961c004b-2cdf-4092-9b5c-36f8bd0f140b@group-3C40BA09D40C-LeaderElection43] INFO  impl.LeaderElection (LeaderElection.java:askForVotes(178)) - 961c004b-2cdf-4092-9b5c-36f8bd0f140b@group-3C40BA09D40C-LeaderElection43: begin an election at term 41 for 0: [db7ea609-3ced-42df-bea1-3bd72610fc9e:192.168.157.222:46031, 961c004b-2cdf-4092-9b5c-36f8bd0f140b:192.168.157.222:44865, 3c326374-3547-416b-998e-7532ea2ef48b:192.168.157.222:44132], old=null
2019-10-22 01:07:27,545 [grpc-default-executor-1] INFO  impl.RaftServerImpl (RaftServerImpl.java:setRole(184)) - db7ea609-3ced-42df-bea1-3bd72610fc9e@group-3C40BA09D40C: changes role from  FOLLOWER to FOLLOWER at term 41 for recognizeCandidate:961c004b-2cdf-4092-9b5c-36f8bd0f140b
2019-10-22 01:07:27,546 [grpc-default-executor-1] INFO  impl.RoleInfo (RoleInfo.java:shutdownFollowerState(121)) - db7ea609-3ced-42df-bea1-3bd72610fc9e: shutdown FollowerState
2019-10-22 01:07:27,545 [grpc-default-executor-6] INFO  impl.RaftServerImpl (RaftServerImpl.java:setRole(184)) - 3c326374-3547-416b-998e-7532ea2ef48b@group-3C40BA09D40C: changes role from  FOLLOWER to FOLLOWER at term 41 for recognizeCandidate:961c004b-2cdf-4092-9b5c-36f8bd0f140b
2019-10-22 01:07:27,546 [Thread-835] INFO  impl.FollowerState (FollowerState.java:run(117)) - db7ea609-3ced-42df-bea1-3bd72610fc9e@group-3C40BA09D40C-FollowerState was interrupted: java.lang.InterruptedException: sleep interrupted
2019-10-22 01:07:27,546 [grpc-default-executor-1] INFO  impl.RoleInfo (RoleInfo.java:updateAndGet(143)) - db7ea609-3ced-42df-bea1-3bd72610fc9e: start FollowerState
2019-10-22 01:07:27,546 [grpc-default-executor-6] INFO  impl.RoleInfo (RoleInfo.java:shutdownFollowerState(121)) - 3c326374-3547-416b-998e-7532ea2ef48b: shutdown FollowerState
2019-10-22 01:07:27,546 [grpc-default-executor-6] INFO  impl.RoleInfo (RoleInfo.java:updateAndGet(143)) - 3c326374-3547-416b-998e-7532ea2ef48b: start FollowerState
2019-10-22 01:07:27,546 [Thread-836] INFO  impl.FollowerState (FollowerState.java:run(117)) - 3c326374-3547-416b-998e-7532ea2ef48b@group-3C40BA09D40C-FollowerState was interrupted: java.lang.InterruptedException: sleep interrupted
2019-10-22 01:07:27,559 [961c004b-2cdf-4092-9b5c-36f8bd0f140b@group-3C40BA09D40C-LeaderElection43] INFO  impl.LeaderElection (LeaderElection.java:logAndReturn(56)) - 961c004b-2cdf-4092-9b5c-36f8bd0f140b@group-3C40BA09D40C-LeaderElection43: Election REJECTED; received 2 response(s) [961c004b-2cdf-4092-9b5c-36f8bd0f140b<-db7ea609-3ced-42df-bea1-3bd72610fc9e#0:FAIL-t41, 961c004b-2cdf-4092-9b5c-36f8bd0f140b<-3c326374-3547-416b-998e-7532ea2ef48b#0:FAIL-t41] and 0 exception(s); 961c004b-2cdf-4092-9b5c-36f8bd0f140b@group-3C40BA09D40C:t41, leader=null, voted=961c004b-2cdf-4092-9b5c-36f8bd0f140b, raftlog=961c004b-2cdf-4092-9b5c-36f8bd0f140b@group-3C40BA09D40C-SegmentedRaftLog:OPENED:c3,f4,i4, conf=0: [db7ea609-3ced-42df-bea1-3bd72610fc9e:192.168.157.222:46031, 961c004b-2cdf-4092-9b5c-36f8bd0f140b:192.168.157.222:44865, 3c326374-3547-416b-998e-7532ea2ef48b:192.168.157.222:44132], old=null
2019-10-22 01:07:27,559 [961c004b-2cdf-4092-9b5c-36f8bd0f140b@group-3C40BA09D40C-LeaderElection43] INFO  impl.RaftServerImpl (RaftServerImpl.java:setRole(184)) - 961c004b-2cdf-4092-9b5c-36f8bd0f140b@group-3C40BA09D40C: changes role from CANDIDATE to FOLLOWER at term 41 for DISCOVERED_A_NEW_TERM
2019-10-22 01:07:27,559 [961c004b-2cdf-4092-9b5c-36f8bd0f140b@group-3C40BA09D40C-LeaderElection43] INFO  impl.RoleInfo (RoleInfo.java:shutdownLeaderElection(134)) - 961c004b-2cdf-4092-9b5c-36f8bd0f140b: shutdown LeaderElection
2019-10-22 01:07:27,560 [961c004b-2cdf-4092-9b5c-36f8bd0f140b@group-3C40BA09D40C-LeaderElection43] INFO  impl.RoleInfo (RoleInfo.java:updateAndGet(143)) - 961c004b-2cdf-4092-9b5c-36f8bd0f140b: start FollowerState
2019-10-22 01:07:27,759 [Thread-846] INFO  impl.FollowerState (FollowerState.java:run(108)) - 961c004b-2cdf-4092-9b5c-36f8bd0f140b@group-3C40BA09D40C-FollowerState: change to CANDIDATE, lastRpcTime:199ms, electionTimeout:199ms
2019-10-22 01:07:27,759 [Thread-846] INFO  impl.RoleInfo (RoleInfo.java:shutdownFollowerState(121)) - 961c004b-2cdf-4092-9b5c-36f8bd0f140b: shutdown FollowerState
2019-10-22 01:07:27,759 [Thread-846] INFO  impl.RaftServerImpl (RaftServerImpl.java:setRole(184)) - 961c004b-2cdf-4092-9b5c-36f8bd0f140b@group-3C40BA09D40C: changes role from  FOLLOWER to CANDIDATE at term 41 for changeToCandidate
2019-10-22 01:07:27,760 [Thread-846] INFO  impl.RoleInfo (RoleInfo.java:updateAndGet(143)) - 961c004b-2cdf-4092-9b5c-36f8bd0f140b: start LeaderElection
2019-10-22 01:07:27,772 [961c004b-2cdf-4092-9b5c-36f8bd0f140b@group-3C40BA09D40C-LeaderElection44] INFO  impl.LeaderElection (LeaderElection.java:askForVotes(178)) - 961c004b-2cdf-4092-9b5c-36f8bd0f140b@group-3C40BA09D40C-LeaderElection44: begin an election at term 42 for 0: [db7ea609-3ced-42df-bea1-3bd72610fc9e:192.168.157.222:46031, 961c004b-2cdf-4092-9b5c-36f8bd0f140b:192.168.157.222:44865, 3c326374-3547-416b-998e-7532ea2ef48b:192.168.157.222:44132], old=null
2019-10-22 01:07:27,776 [grpc-default-executor-6] INFO  impl.RaftServerImpl (RaftServerImpl.java:setRole(184)) - db7ea609-3ced-42df-bea1-3bd72610fc9e@group-3C40BA09D40C: changes role from  FOLLOWER to FOLLOWER at term 42 for recognizeCandidate:961c004b-2cdf-4092-9b5c-36f8bd0f140b
2019-10-22 01:07:27,776 [grpc-default-executor-1] INFO  impl.RaftServerImpl (RaftServerImpl.java:setRole(184)) - 3c326374-3547-416b-998e-7532ea2ef48b@group-3C40BA09D40C: changes role from  FOLLOWER to FOLLOWER at term 42 for recognizeCandidate:961c004b-2cdf-4092-9b5c-36f8bd0f140b
2019-10-22 01:07:27,776 [grpc-default-executor-6] INFO  impl.RoleInfo (RoleInfo.java:shutdownFollowerState(121)) - db7ea609-3ced-42df-bea1-3bd72610fc9e: shutdown FollowerState
2019-10-22 01:07:27,777 [grpc-default-executor-1] INFO  impl.RoleInfo (RoleInfo.java:shutdownFollowerState(121)) - 3c326374-3547-416b-998e-7532ea2ef48b: shutdown FollowerState
2019-10-22 01:07:27,777 [Thread-844] INFO  impl.FollowerState (FollowerState.java:run(117)) - db7ea609-3ced-42df-bea1-3bd72610fc9e@group-3C40BA09D40C-FollowerState was interrupted: java.lang.InterruptedException: sleep interrupted
2019-10-22 01:07:27,777 [grpc-default-executor-6] INFO  impl.RoleInfo (RoleInfo.java:updateAndGet(143)) - db7ea609-3ced-42df-bea1-3bd72610fc9e: start FollowerState
2019-10-22 01:07:27,777 [grpc-default-executor-1] INFO  impl.RoleInfo (RoleInfo.java:updateAndGet(143)) - 3c326374-3547-416b-998e-7532ea2ef48b: start FollowerState
2019-10-22 01:07:27,777 [Thread-845] INFO  impl.FollowerState (FollowerState.java:run(117)) - 3c326374-3547-416b-998e-7532ea2ef48b@group-3C40BA09D40C-FollowerState was interrupted: java.lang.InterruptedException: sleep interrupted
2019-10-22 01:07:27,793 [961c004b-2cdf-4092-9b5c-36f8bd0f140b@group-3C40BA09D40C-LeaderElection44] INFO  impl.LeaderElection (LeaderElection.java:logAndReturn(56)) - 961c004b-2cdf-4092-9b5c-36f8bd0f140b@group-3C40BA09D40C-LeaderElection44: Election REJECTED; received 2 response(s) [961c004b-2cdf-4092-9b5c-36f8bd0f140b<-db7ea609-3ced-42df-bea1-3bd72610fc9e#0:FAIL-t42, 961c004b-2cdf-4092-9b5c-36f8bd0f140b<-3c326374-3547-416b-998e-7532ea2ef48b#0:FAIL-t42] and 0 exception(s); 961c004b-2cdf-4092-9b5c-36f8bd0f140b@group-3C40BA09D40C:t42, leader=null, voted=961c004b-2cdf-4092-9b5c-36f8bd0f140b, raftlog=961c004b-2cdf-4092-9b5c-36f8bd0f140b@group-3C40BA09D40C-SegmentedRaftLog:OPENED:c3,f4,i4, conf=0: [db7ea609-3ced-42df-bea1-3bd72610fc9e:192.168.157.222:46031, 961c004b-2cdf-4092-9b5c-36f8bd0f140b:192.168.157.222:44865, 3c326374-3547-416b-998e-7532ea2ef48b:192.168.157.222:44132], old=null
2019-10-22 01:07:27,793 [961c004b-2cdf-4092-9b5c-36f8bd0f140b@group-3C40BA09D40C-LeaderElection44] INFO  impl.RaftServerImpl (RaftServerImpl.java:setRole(184)) - 961c004b-2cdf-4092-9b5c-36f8bd0f140b@group-3C40BA09D40C: changes role from CANDIDATE to FOLLOWER at term 42 for DISCOVERED_A_NEW_TERM
2019-10-22 01:07:27,793 [961c004b-2cdf-4092-9b5c-36f8bd0f140b@group-3C40BA09D40C-LeaderElection44] INFO  impl.RoleInfo (RoleInfo.java:shutdownLeaderElection(134)) - 961c004b-2cdf-4092-9b5c-36f8bd0f140b: shutdown LeaderElection
2019-10-22 01:07:27,793 [961c004b-2cdf-4092-9b5c-36f8bd0f140b@group-3C40BA09D40C-LeaderElection44] INFO  impl.RoleInfo (RoleInfo.java:updateAndGet(143)) - 961c004b-2cdf-4092-9b5c-36f8bd0f140b: start FollowerState
2019-10-22 01:07:27,844 [Thread-852] INFO  impl.FollowerState (FollowerState.java:run(108)) - 961c004b-2cdf-4092-9b5c-36f8bd0f140b@group-3C40BA09D40C-FollowerState: change to CANDIDATE, lastRpcTime:50ms, electionTimeout:50ms
2019-10-22 01:07:27,844 [Thread-852] INFO  impl.RoleInfo (RoleInfo.java:shutdownFollowerState(121)) - 961c004b-2cdf-4092-9b5c-36f8bd0f140b: shutdown FollowerState
2019-10-22 01:07:27,844 [Thread-852] INFO  impl.RaftServerImpl (RaftServerImpl.java:setRole(184)) - 961c004b-2cdf-4092-9b5c-36f8bd0f140b@group-3C40BA09D40C: changes role from  FOLLOWER to CANDIDATE at term 42 for changeToCandidate
2019-10-22 01:07:27,844 [Thread-852] INFO  impl.RoleInfo (RoleInfo.java:updateAndGet(143)) - 961c004b-2cdf-4092-9b5c-36f8bd0f140b: start LeaderElection
2019-10-22 01:07:27,852 [961c004b-2cdf-4092-9b5c-36f8bd0f140b@group-3C40BA09D40C-LeaderElection45] INFO  impl.LeaderElection (LeaderElection.java:askForVotes(178)) - 961c004b-2cdf-4092-9b5c-36f8bd0f140b@group-3C40BA09D40C-LeaderElection45: begin an election at term 43 for 0: [db7ea609-3ced-42df-bea1-3bd72610fc9e:192.168.157.222:46031, 961c004b-2cdf-4092-9b5c-36f8bd0f140b:192.168.157.222:44865, 3c326374-3547-416b-998e-7532ea2ef48b:192.168.157.222:44132], old=null
2019-10-22 01:07:27,853 [BlockDeletingService#2] WARN  background.BlockDeletingService (BlockDeletingService.java:isDeletionAllowed(187)) - Close Container log Index 6 is not replicated across allthe servers in the pipeline 2cbd8cfc-dfa6-4d43-b162-3c40ba09d40c as the min replicated index is 4. Deletion is not allowed in this container yet.
2019-10-22 01:07:27,853 [BlockDeletingService#2] WARN  background.BlockDeletingService (BlockDeletingService.java:isDeletionAllowed(187)) - Close Container log Index 6 is not replicated across allthe servers in the pipeline 2cbd8cfc-dfa6-4d43-b162-3c40ba09d40c as the min replicated index is 4. Deletion is not allowed in this container yet.
2019-10-22 01:07:27,855 [grpc-default-executor-6] INFO  impl.RaftServerImpl (RaftServerImpl.java:setRole(184)) - db7ea609-3ced-42df-bea1-3bd72610fc9e@group-3C40BA09D40C: changes role from  FOLLOWER to FOLLOWER at term 43 for recognizeCandidate:961c004b-2cdf-4092-9b5c-36f8bd0f140b
2019-10-22 01:07:27,855 [grpc-default-executor-1] INFO  impl.RaftServerImpl (RaftServerImpl.java:setRole(184)) - 3c326374-3547-416b-998e-7532ea2ef48b@group-3C40BA09D40C: changes role from  FOLLOWER to FOLLOWER at term 43 for recognizeCandidate:961c004b-2cdf-4092-9b5c-36f8bd0f140b
2019-10-22 01:07:27,855 [grpc-default-executor-6] INFO  impl.RoleInfo (RoleInfo.java:shutdownFollowerState(121)) - db7ea609-3ced-42df-bea1-3bd72610fc9e: shutdown FollowerState
2019-10-22 01:07:27,856 [grpc-default-executor-1] INFO  impl.RoleInfo (RoleInfo.java:shutdownFollowerState(121)) - 3c326374-3547-416b-998e-7532ea2ef48b: shutdown FollowerState
2019-10-22 01:07:27,856 [Thread-850] INFO  impl.FollowerState (FollowerState.java:run(117)) - db7ea609-3ced-42df-bea1-3bd72610fc9e@group-3C40BA09D40C-FollowerState was interrupted: java.lang.InterruptedException: sleep interrupted
2019-10-22 01:07:27,856 [grpc-default-executor-6] INFO  impl.RoleInfo (RoleInfo.java:updateAndGet(143)) - db7ea609-3ced-42df-bea1-3bd72610fc9e: start FollowerState
2019-10-22 01:07:27,856 [grpc-default-executor-1] INFO  impl.RoleInfo (RoleInfo.java:updateAndGet(143)) - 3c326374-3547-416b-998e-7532ea2ef48b: start FollowerState
2019-10-22 01:07:27,856 [Thread-851] INFO  impl.FollowerState (FollowerState.java:run(117)) - 3c326374-3547-416b-998e-7532ea2ef48b@group-3C40BA09D40C-FollowerState was interrupted: java.lang.InterruptedException: sleep interrupted
2019-10-22 01:07:27,868 [961c004b-2cdf-4092-9b5c-36f8bd0f140b@group-3C40BA09D40C-LeaderElection45] INFO  impl.LeaderElection (LeaderElection.java:logAndReturn(56)) - 961c004b-2cdf-4092-9b5c-36f8bd0f140b@group-3C40BA09D40C-LeaderElection45: Election REJECTED; received 2 response(s) [961c004b-2cdf-4092-9b5c-36f8bd0f140b<-db7ea609-3ced-42df-bea1-3bd72610fc9e#0:FAIL-t43, 961c004b-2cdf-4092-9b5c-36f8bd0f140b<-3c326374-3547-416b-998e-7532ea2ef48b#0:FAIL-t43] and 0 exception(s); 961c004b-2cdf-4092-9b5c-36f8bd0f140b@group-3C40BA09D40C:t43, leader=null, voted=961c004b-2cdf-4092-9b5c-36f8bd0f140b, raftlog=961c004b-2cdf-4092-9b5c-36f8bd0f140b@group-3C40BA09D40C-SegmentedRaftLog:OPENED:c3,f4,i4, conf=0: [db7ea609-3ced-42df-bea1-3bd72610fc9e:192.168.157.222:46031, 961c004b-2cdf-4092-9b5c-36f8bd0f140b:192.168.157.222:44865, 3c326374-3547-416b-998e-7532ea2ef48b:192.168.157.222:44132], old=null
2019-10-22 01:07:27,868 [961c004b-2cdf-4092-9b5c-36f8bd0f140b@group-3C40BA09D40C-LeaderElection45] INFO  impl.RaftServerImpl (RaftServerImpl.java:setRole(184)) - 961c004b-2cdf-4092-9b5c-36f8bd0f140b@group-3C40BA09D40C: changes role from CANDIDATE to FOLLOWER at term 43 for DISCOVERED_A_NEW_TERM
2019-10-22 01:07:27,868 [961c004b-2cdf-4092-9b5c-36f8bd0f140b@group-3C40BA09D40C-LeaderElection45] INFO  impl.RoleInfo (RoleInfo.java:shutdownLeaderElection(134)) - 961c004b-2cdf-4092-9b5c-36f8bd0f140b: shutdown LeaderElection
2019-10-22 01:07:27,868 [961c004b-2cdf-4092-9b5c-36f8bd0f140b@group-3C40BA09D40C-LeaderElection45] INFO  impl.RoleInfo (RoleInfo.java:updateAndGet(143)) - 961c004b-2cdf-4092-9b5c-36f8bd0f140b: start FollowerState
2019-10-22 01:07:27,917 [Thread-860] INFO  impl.FollowerState (FollowerState.java:run(108)) - 961c004b-2cdf-4092-9b5c-36f8bd0f140b@group-3C40BA09D40C-FollowerState: change to CANDIDATE, lastRpcTime:48ms, electionTimeout:48ms
2019-10-22 01:07:27,917 [Thread-860] INFO  impl.RoleInfo (RoleInfo.java:shutdownFollowerState(121)) - 961c004b-2cdf-4092-9b5c-36f8bd0f140b: shutdown FollowerState
2019-10-22 01:07:27,917 [Thread-860] INFO  impl.RaftServerImpl (RaftServerImpl.java:setRole(184)) - 961c004b-2cdf-4092-9b5c-36f8bd0f140b@group-3C40BA09D40C: changes role from  FOLLOWER to CANDIDATE at term 43 for changeToCandidate
2019-10-22 01:07:27,917 [Thread-860] INFO  impl.RoleInfo (RoleInfo.java:updateAndGet(143)) - 961c004b-2cdf-4092-9b5c-36f8bd0f140b: start LeaderElection
2019-10-22 01:07:27,930 [961c004b-2cdf-4092-9b5c-36f8bd0f140b@group-3C40BA09D40C-LeaderElection46] INFO  impl.LeaderElection (LeaderElection.java:askForVotes(178)) - 961c004b-2cdf-4092-9b5c-36f8bd0f140b@group-3C40BA09D40C-LeaderElection46: begin an election at term 44 for 0: [db7ea609-3ced-42df-bea1-3bd72610fc9e:192.168.157.222:46031, 961c004b-2cdf-4092-9b5c-36f8bd0f140b:192.168.157.222:44865, 3c326374-3547-416b-998e-7532ea2ef48b:192.168.157.222:44132], old=null
2019-10-22 01:07:27,932 [grpc-default-executor-6] INFO  impl.RaftServerImpl (RaftServerImpl.java:setRole(184)) - db7ea609-3ced-42df-bea1-3bd72610fc9e@group-3C40BA09D40C: changes role from  FOLLOWER to FOLLOWER at term 44 for recognizeCandidate:961c004b-2cdf-4092-9b5c-36f8bd0f140b
2019-10-22 01:07:27,933 [grpc-default-executor-6] INFO  impl.RoleInfo (RoleInfo.java:shutdownFollowerState(121)) - db7ea609-3ced-42df-bea1-3bd72610fc9e: shutdown FollowerState
2019-10-22 01:07:27,932 [grpc-default-executor-1] INFO  impl.RaftServerImpl (RaftServerImpl.java:setRole(184)) - 3c326374-3547-416b-998e-7532ea2ef48b@group-3C40BA09D40C: changes role from  FOLLOWER to FOLLOWER at term 44 for recognizeCandidate:961c004b-2cdf-4092-9b5c-36f8bd0f140b
2019-10-22 01:07:27,933 [Thread-858] INFO  impl.FollowerState (FollowerState.java:run(117)) - db7ea609-3ced-42df-bea1-3bd72610fc9e@group-3C40BA09D40C-FollowerState was interrupted: java.lang.InterruptedException: sleep interrupted
2019-10-22 01:07:27,933 [grpc-default-executor-6] INFO  impl.RoleInfo (RoleInfo.java:updateAndGet(143)) - db7ea609-3ced-42df-bea1-3bd72610fc9e: start FollowerState
2019-10-22 01:07:27,933 [grpc-default-executor-1] INFO  impl.RoleInfo (RoleInfo.java:shutdownFollowerState(121)) - 3c326374-3547-416b-998e-7532ea2ef48b: shutdown FollowerState
2019-10-22 01:07:27,933 [grpc-default-executor-1] INFO  impl.RoleInfo (RoleInfo.java:updateAndGet(143)) - 3c326374-3547-416b-998e-7532ea2ef48b: start FollowerState
2019-10-22 01:07:27,933 [Thread-859] INFO  impl.FollowerState (FollowerState.java:run(117)) - 3c326374-3547-416b-998e-7532ea2ef48b@group-3C40BA09D40C-FollowerState was interrupted: java.lang.InterruptedException: sleep interrupted
2019-10-22 01:07:27,948 [961c004b-2cdf-4092-9b5c-36f8bd0f140b@group-3C40BA09D40C-LeaderElection46] INFO  impl.LeaderElection (LeaderElection.java:logAndReturn(56)) - 961c004b-2cdf-4092-9b5c-36f8bd0f140b@group-3C40BA09D40C-LeaderElection46: Election REJECTED; received 2 response(s) [961c004b-2cdf-4092-9b5c-36f8bd0f140b<-db7ea609-3ced-42df-bea1-3bd72610fc9e#0:FAIL-t44, 961c004b-2cdf-4092-9b5c-36f8bd0f140b<-3c326374-3547-416b-998e-7532ea2ef48b#0:FAIL-t44] and 0 exception(s); 961c004b-2cdf-4092-9b5c-36f8bd0f140b@group-3C40BA09D40C:t44, leader=null, voted=961c004b-2cdf-4092-9b5c-36f8bd0f140b, raftlog=961c004b-2cdf-4092-9b5c-36f8bd0f140b@group-3C40BA09D40C-SegmentedRaftLog:OPENED:c3,f4,i4, conf=0: [db7ea609-3ced-42df-bea1-3bd72610fc9e:192.168.157.222:46031, 961c004b-2cdf-4092-9b5c-36f8bd0f140b:192.168.157.222:44865, 3c326374-3547-416b-998e-7532ea2ef48b:192.168.157.222:44132], old=null
2019-10-22 01:07:27,948 [961c004b-2cdf-4092-9b5c-36f8bd0f140b@group-3C40BA09D40C-LeaderElection46] INFO  impl.RaftServerImpl (RaftServerImpl.java:setRole(184)) - 961c004b-2cdf-4092-9b5c-36f8bd0f140b@group-3C40BA09D40C: changes role from CANDIDATE to FOLLOWER at term 44 for DISCOVERED_A_NEW_TERM
2019-10-22 01:07:27,948 [961c004b-2cdf-4092-9b5c-36f8bd0f140b@group-3C40BA09D40C-LeaderElection46] INFO  impl.RoleInfo (RoleInfo.java:shutdownLeaderElection(134)) - 961c004b-2cdf-4092-9b5c-36f8bd0f140b: shutdown LeaderElection
2019-10-22 01:07:27,948 [961c004b-2cdf-4092-9b5c-36f8bd0f140b@group-3C40BA09D40C-LeaderElection46] INFO  impl.RoleInfo (RoleInfo.java:updateAndGet(143)) - 961c004b-2cdf-4092-9b5c-36f8bd0f140b: start FollowerState
2019-10-22 01:07:28,095 [Thread-866] INFO  impl.FollowerState (FollowerState.java:run(108)) - 961c004b-2cdf-4092-9b5c-36f8bd0f140b@group-3C40BA09D40C-FollowerState: change to CANDIDATE, lastRpcTime:146ms, electionTimeout:146ms
2019-10-22 01:07:28,095 [Thread-866] INFO  impl.RoleInfo (RoleInfo.java:shutdownFollowerState(121)) - 961c004b-2cdf-4092-9b5c-36f8bd0f140b: shutdown FollowerState
2019-10-22 01:07:28,095 [Thread-866] INFO  impl.RaftServerImpl (RaftServerImpl.java:setRole(184)) - 961c004b-2cdf-4092-9b5c-36f8bd0f140b@group-3C40BA09D40C: changes role from  FOLLOWER to CANDIDATE at term 44 for changeToCandidate
2019-10-22 01:07:28,095 [Thread-866] INFO  impl.RoleInfo (RoleInfo.java:updateAndGet(143)) - 961c004b-2cdf-4092-9b5c-36f8bd0f140b: start LeaderElection
2019-10-22 01:07:28,109 [961c004b-2cdf-4092-9b5c-36f8bd0f140b@group-3C40BA09D40C-LeaderElection47] INFO  impl.LeaderElection (LeaderElection.java:askForVotes(178)) - 961c004b-2cdf-4092-9b5c-36f8bd0f140b@group-3C40BA09D40C-LeaderElection47: begin an election at term 45 for 0: [db7ea609-3ced-42df-bea1-3bd72610fc9e:192.168.157.222:46031, 961c004b-2cdf-4092-9b5c-36f8bd0f140b:192.168.157.222:44865, 3c326374-3547-416b-998e-7532ea2ef48b:192.168.157.222:44132], old=null
2019-10-22 01:07:28,112 [grpc-default-executor-1] INFO  impl.RaftServerImpl (RaftServerImpl.java:setRole(184)) - db7ea609-3ced-42df-bea1-3bd72610fc9e@group-3C40BA09D40C: changes role from  FOLLOWER to FOLLOWER at term 45 for recognizeCandidate:961c004b-2cdf-4092-9b5c-36f8bd0f140b
2019-10-22 01:07:28,113 [grpc-default-executor-6] INFO  impl.RaftServerImpl (RaftServerImpl.java:setRole(184)) - 3c326374-3547-416b-998e-7532ea2ef48b@group-3C40BA09D40C: changes role from  FOLLOWER to FOLLOWER at term 45 for recognizeCandidate:961c004b-2cdf-4092-9b5c-36f8bd0f140b
2019-10-22 01:07:28,113 [grpc-default-executor-1] INFO  impl.RoleInfo (RoleInfo.java:shutdownFollowerState(121)) - db7ea609-3ced-42df-bea1-3bd72610fc9e: shutdown FollowerState
2019-10-22 01:07:28,113 [grpc-default-executor-6] INFO  impl.RoleInfo (RoleInfo.java:shutdownFollowerState(121)) - 3c326374-3547-416b-998e-7532ea2ef48b: shutdown FollowerState
2019-10-22 01:07:28,113 [Thread-864] INFO  impl.FollowerState (FollowerState.java:run(117)) - db7ea609-3ced-42df-bea1-3bd72610fc9e@group-3C40BA09D40C-FollowerState was interrupted: java.lang.InterruptedException: sleep interrupted
2019-10-22 01:07:28,113 [grpc-default-executor-1] INFO  impl.RoleInfo (RoleInfo.java:updateAndGet(143)) - db7ea609-3ced-42df-bea1-3bd72610fc9e: start FollowerState
2019-10-22 01:07:28,113 [Thread-865] INFO  impl.FollowerState (FollowerState.java:run(117)) - 3c326374-3547-416b-998e-7532ea2ef48b@group-3C40BA09D40C-FollowerState was interrupted: java.lang.InterruptedException: sleep interrupted
2019-10-22 01:07:28,113 [grpc-default-executor-6] INFO  impl.RoleInfo (RoleInfo.java:updateAndGet(143)) - 3c326374-3547-416b-998e-7532ea2ef48b: start FollowerState
2019-10-22 01:07:28,130 [961c004b-2cdf-4092-9b5c-36f8bd0f140b@group-3C40BA09D40C-LeaderElection47] INFO  impl.LeaderElection (LeaderElection.java:logAndReturn(56)) - 961c004b-2cdf-4092-9b5c-36f8bd0f140b@group-3C40BA09D40C-LeaderElection47: Election REJECTED; received 2 response(s) [961c004b-2cdf-4092-9b5c-36f8bd0f140b<-db7ea609-3ced-42df-bea1-3bd72610fc9e#0:FAIL-t45, 961c004b-2cdf-4092-9b5c-36f8bd0f140b<-3c326374-3547-416b-998e-7532ea2ef48b#0:FAIL-t45] and 0 exception(s); 961c004b-2cdf-4092-9b5c-36f8bd0f140b@group-3C40BA09D40C:t45, leader=null, voted=961c004b-2cdf-4092-9b5c-36f8bd0f140b, raftlog=961c004b-2cdf-4092-9b5c-36f8bd0f140b@group-3C40BA09D40C-SegmentedRaftLog:OPENED:c3,f4,i4, conf=0: [db7ea609-3ced-42df-bea1-3bd72610fc9e:192.168.157.222:46031, 961c004b-2cdf-4092-9b5c-36f8bd0f140b:192.168.157.222:44865, 3c326374-3547-416b-998e-7532ea2ef48b:192.168.157.222:44132], old=null
2019-10-22 01:07:28,130 [961c004b-2cdf-4092-9b5c-36f8bd0f140b@group-3C40BA09D40C-LeaderElection47] INFO  impl.RaftServerImpl (RaftServerImpl.java:setRole(184)) - 961c004b-2cdf-4092-9b5c-36f8bd0f140b@group-3C40BA09D40C: changes role from CANDIDATE to FOLLOWER at term 45 for DISCOVERED_A_NEW_TERM
2019-10-22 01:07:28,130 [961c004b-2cdf-4092-9b5c-36f8bd0f140b@group-3C40BA09D40C-LeaderElection47] INFO  impl.RoleInfo (RoleInfo.java:shutdownLeaderElection(134)) - 961c004b-2cdf-4092-9b5c-36f8bd0f140b: shutdown LeaderElection
2019-10-22 01:07:28,130 [961c004b-2cdf-4092-9b5c-36f8bd0f140b@group-3C40BA09D40C-LeaderElection47] INFO  impl.RoleInfo (RoleInfo.java:updateAndGet(143)) - 961c004b-2cdf-4092-9b5c-36f8bd0f140b: start FollowerState
2019-10-22 01:07:28,162 [Thread-872] INFO  impl.FollowerState (FollowerState.java:run(108)) - 961c004b-2cdf-4092-9b5c-36f8bd0f140b@group-3C40BA09D40C-FollowerState: change to CANDIDATE, lastRpcTime:31ms, electionTimeout:31ms
2019-10-22 01:07:28,162 [Thread-872] INFO  impl.RoleInfo (RoleInfo.java:shutdownFollowerState(121)) - 961c004b-2cdf-4092-9b5c-36f8bd0f140b: shutdown FollowerState
2019-10-22 01:07:28,162 [Thread-872] INFO  impl.RaftServerImpl (RaftServerImpl.java:setRole(184)) - 961c004b-2cdf-4092-9b5c-36f8bd0f140b@group-3C40BA09D40C: changes role from  FOLLOWER to CANDIDATE at term 45 for changeToCandidate
2019-10-22 01:07:28,162 [Thread-872] INFO  impl.RoleInfo (RoleInfo.java:updateAndGet(143)) - 961c004b-2cdf-4092-9b5c-36f8bd0f140b: start LeaderElection
2019-10-22 01:07:28,176 [961c004b-2cdf-4092-9b5c-36f8bd0f140b@group-3C40BA09D40C-LeaderElection48] INFO  impl.LeaderElection (LeaderElection.java:askForVotes(178)) - 961c004b-2cdf-4092-9b5c-36f8bd0f140b@group-3C40BA09D40C-LeaderElection48: begin an election at term 46 for 0: [db7ea609-3ced-42df-bea1-3bd72610fc9e:192.168.157.222:46031, 961c004b-2cdf-4092-9b5c-36f8bd0f140b:192.168.157.222:44865, 3c326374-3547-416b-998e-7532ea2ef48b:192.168.157.222:44132], old=null
2019-10-22 01:07:28,178 [961c004b-2cdf-4092-9b5c-36f8bd0f140b@group-3C40BA09D40C-LeaderElection48] INFO  impl.LeaderElection (LeaderElection.java:logAndReturn(56)) - 961c004b-2cdf-4092-9b5c-36f8bd0f140b@group-3C40BA09D40C-LeaderElection48: Election TIMEOUT; received 0 response(s) [] and 0 exception(s); 961c004b-2cdf-4092-9b5c-36f8bd0f140b@group-3C40BA09D40C:t46, leader=null, voted=961c004b-2cdf-4092-9b5c-36f8bd0f140b, raftlog=961c004b-2cdf-4092-9b5c-36f8bd0f140b@group-3C40BA09D40C-SegmentedRaftLog:OPENED:c3,f4,i4, conf=0: [db7ea609-3ced-42df-bea1-3bd72610fc9e:192.168.157.222:46031, 961c004b-2cdf-4092-9b5c-36f8bd0f140b:192.168.157.222:44865, 3c326374-3547-416b-998e-7532ea2ef48b:192.168.157.222:44132], old=null
2019-10-22 01:07:28,179 [grpc-default-executor-6] INFO  impl.RaftServerImpl (RaftServerImpl.java:setRole(184)) - db7ea609-3ced-42df-bea1-3bd72610fc9e@group-3C40BA09D40C: changes role from  FOLLOWER to FOLLOWER at term 46 for recognizeCandidate:961c004b-2cdf-4092-9b5c-36f8bd0f140b
2019-10-22 01:07:28,179 [grpc-default-executor-6] INFO  impl.RoleInfo (RoleInfo.java:shutdownFollowerState(121)) - db7ea609-3ced-42df-bea1-3bd72610fc9e: shutdown FollowerState
2019-10-22 01:07:28,179 [grpc-default-executor-6] INFO  impl.RoleInfo (RoleInfo.java:updateAndGet(143)) - db7ea609-3ced-42df-bea1-3bd72610fc9e: start FollowerState
2019-10-22 01:07:28,179 [Thread-870] INFO  impl.FollowerState (FollowerState.java:run(117)) - db7ea609-3ced-42df-bea1-3bd72610fc9e@group-3C40BA09D40C-FollowerState was interrupted: java.lang.InterruptedException: sleep interrupted
2019-10-22 01:07:28,179 [grpc-default-executor-1] INFO  impl.RaftServerImpl (RaftServerImpl.java:setRole(184)) - 3c326374-3547-416b-998e-7532ea2ef48b@group-3C40BA09D40C: changes role from  FOLLOWER to FOLLOWER at term 46 for recognizeCandidate:961c004b-2cdf-4092-9b5c-36f8bd0f140b
2019-10-22 01:07:28,180 [grpc-default-executor-1] INFO  impl.RoleInfo (RoleInfo.java:shutdownFollowerState(121)) - 3c326374-3547-416b-998e-7532ea2ef48b: shutdown FollowerState
2019-10-22 01:07:28,180 [grpc-default-executor-1] INFO  impl.RoleInfo (RoleInfo.java:updateAndGet(143)) - 3c326374-3547-416b-998e-7532ea2ef48b: start FollowerState
2019-10-22 01:07:28,180 [Thread-871] INFO  impl.FollowerState (FollowerState.java:run(117)) - 3c326374-3547-416b-998e-7532ea2ef48b@group-3C40BA09D40C-FollowerState was interrupted: java.lang.InterruptedException: sleep interrupted
2019-10-22 01:07:28,192 [961c004b-2cdf-4092-9b5c-36f8bd0f140b@group-3C40BA09D40C-LeaderElection48] INFO  impl.LeaderElection (LeaderElection.java:askForVotes(178)) - 961c004b-2cdf-4092-9b5c-36f8bd0f140b@group-3C40BA09D40C-LeaderElection48: begin an election at term 47 for 0: [db7ea609-3ced-42df-bea1-3bd72610fc9e:192.168.157.222:46031, 961c004b-2cdf-4092-9b5c-36f8bd0f140b:192.168.157.222:44865, 3c326374-3547-416b-998e-7532ea2ef48b:192.168.157.222:44132], old=null
2019-10-22 01:07:28,194 [grpc-default-executor-6] INFO  impl.RaftServerImpl (RaftServerImpl.java:setRole(184)) - 3c326374-3547-416b-998e-7532ea2ef48b@group-3C40BA09D40C: changes role from  FOLLOWER to FOLLOWER at term 47 for recognizeCandidate:961c004b-2cdf-4092-9b5c-36f8bd0f140b
2019-10-22 01:07:28,194 [grpc-default-executor-6] INFO  impl.RoleInfo (RoleInfo.java:shutdownFollowerState(121)) - 3c326374-3547-416b-998e-7532ea2ef48b: shutdown FollowerState
2019-10-22 01:07:28,194 [grpc-default-executor-1] INFO  impl.RaftServerImpl (RaftServerImpl.java:setRole(184)) - db7ea609-3ced-42df-bea1-3bd72610fc9e@group-3C40BA09D40C: changes role from  FOLLOWER to FOLLOWER at term 47 for recognizeCandidate:961c004b-2cdf-4092-9b5c-36f8bd0f140b
2019-10-22 01:07:28,194 [Thread-877] INFO  impl.FollowerState (FollowerState.java:run(117)) - 3c326374-3547-416b-998e-7532ea2ef48b@group-3C40BA09D40C-FollowerState was interrupted: java.lang.InterruptedException: sleep interrupted
2019-10-22 01:07:28,194 [grpc-default-executor-6] INFO  impl.RoleInfo (RoleInfo.java:updateAndGet(143)) - 3c326374-3547-416b-998e-7532ea2ef48b: start FollowerState
2019-10-22 01:07:28,194 [grpc-default-executor-1] INFO  impl.RoleInfo (RoleInfo.java:shutdownFollowerState(121)) - db7ea609-3ced-42df-bea1-3bd72610fc9e: shutdown FollowerState
2019-10-22 01:07:28,195 [Thread-876] INFO  impl.FollowerState (FollowerState.java:run(117)) - db7ea609-3ced-42df-bea1-3bd72610fc9e@group-3C40BA09D40C-FollowerState was interrupted: java.lang.InterruptedException: sleep interrupted
2019-10-22 01:07:28,195 [grpc-default-executor-1] INFO  impl.RoleInfo (RoleInfo.java:updateAndGet(143)) - db7ea609-3ced-42df-bea1-3bd72610fc9e: start FollowerState
2019-10-22 01:07:28,209 [961c004b-2cdf-4092-9b5c-36f8bd0f140b@group-3C40BA09D40C-LeaderElection48] INFO  impl.LeaderElection (LeaderElection.java:logAndReturn(56)) - 961c004b-2cdf-4092-9b5c-36f8bd0f140b@group-3C40BA09D40C-LeaderElection48: Election REJECTED; received 2 response(s) [961c004b-2cdf-4092-9b5c-36f8bd0f140b<-db7ea609-3ced-42df-bea1-3bd72610fc9e#0:FAIL-t47, 961c004b-2cdf-4092-9b5c-36f8bd0f140b<-3c326374-3547-416b-998e-7532ea2ef48b#0:FAIL-t47] and 0 exception(s); 961c004b-2cdf-4092-9b5c-36f8bd0f140b@group-3C40BA09D40C:t47, leader=null, voted=961c004b-2cdf-4092-9b5c-36f8bd0f140b, raftlog=961c004b-2cdf-4092-9b5c-36f8bd0f140b@group-3C40BA09D40C-SegmentedRaftLog:OPENED:c3,f4,i4, conf=0: [db7ea609-3ced-42df-bea1-3bd72610fc9e:192.168.157.222:46031, 961c004b-2cdf-4092-9b5c-36f8bd0f140b:192.168.157.222:44865, 3c326374-3547-416b-998e-7532ea2ef48b:192.168.157.222:44132], old=null
2019-10-22 01:07:28,209 [961c004b-2cdf-4092-9b5c-36f8bd0f140b@group-3C40BA09D40C-LeaderElection48] INFO  impl.RaftServerImpl (RaftServerImpl.java:setRole(184)) - 961c004b-2cdf-4092-9b5c-36f8bd0f140b@group-3C40BA09D40C: changes role from CANDIDATE to FOLLOWER at term 47 for DISCOVERED_A_NEW_TERM
2019-10-22 01:07:28,210 [961c004b-2cdf-4092-9b5c-36f8bd0f140b@group-3C40BA09D40C-LeaderElection48] INFO  impl.RoleInfo (RoleInfo.java:shutdownLeaderElection(134)) - 961c004b-2cdf-4092-9b5c-36f8bd0f140b: shutdown LeaderElection
2019-10-22 01:07:28,210 [961c004b-2cdf-4092-9b5c-36f8bd0f140b@group-3C40BA09D40C-LeaderElection48] INFO  impl.RoleInfo (RoleInfo.java:updateAndGet(143)) - 961c004b-2cdf-4092-9b5c-36f8bd0f140b: start FollowerState
2019-10-22 01:07:28,302 [Thread-882] INFO  impl.FollowerState (FollowerState.java:run(108)) - 961c004b-2cdf-4092-9b5c-36f8bd0f140b@group-3C40BA09D40C-FollowerState: change to CANDIDATE, lastRpcTime:92ms, electionTimeout:92ms
2019-10-22 01:07:28,303 [Thread-882] INFO  impl.RoleInfo (RoleInfo.java:shutdownFollowerState(121)) - 961c004b-2cdf-4092-9b5c-36f8bd0f140b: shutdown FollowerState
2019-10-22 01:07:28,303 [Thread-882] INFO  impl.RaftServerImpl (RaftServerImpl.java:setRole(184)) - 961c004b-2cdf-4092-9b5c-36f8bd0f140b@group-3C40BA09D40C: changes role from  FOLLOWER to CANDIDATE at term 47 for changeToCandidate
2019-10-22 01:07:28,303 [Thread-882] INFO  impl.RoleInfo (RoleInfo.java:updateAndGet(143)) - 961c004b-2cdf-4092-9b5c-36f8bd0f140b: start LeaderElection
2019-10-22 01:07:28,317 [961c004b-2cdf-4092-9b5c-36f8bd0f140b@group-3C40BA09D40C-LeaderElection49] INFO  impl.LeaderElection (LeaderElection.java:askForVotes(178)) - 961c004b-2cdf-4092-9b5c-36f8bd0f140b@group-3C40BA09D40C-LeaderElection49: begin an election at term 48 for 0: [db7ea609-3ced-42df-bea1-3bd72610fc9e:192.168.157.222:46031, 961c004b-2cdf-4092-9b5c-36f8bd0f140b:192.168.157.222:44865, 3c326374-3547-416b-998e-7532ea2ef48b:192.168.157.222:44132], old=null
2019-10-22 01:07:28,320 [grpc-default-executor-1] INFO  impl.RaftServerImpl (RaftServerImpl.java:setRole(184)) - 3c326374-3547-416b-998e-7532ea2ef48b@group-3C40BA09D40C: changes role from  FOLLOWER to FOLLOWER at term 48 for recognizeCandidate:961c004b-2cdf-4092-9b5c-36f8bd0f140b
2019-10-22 01:07:28,320 [grpc-default-executor-6] INFO  impl.RaftServerImpl (RaftServerImpl.java:setRole(184)) - db7ea609-3ced-42df-bea1-3bd72610fc9e@group-3C40BA09D40C: changes role from  FOLLOWER to FOLLOWER at term 48 for recognizeCandidate:961c004b-2cdf-4092-9b5c-36f8bd0f140b
2019-10-22 01:07:28,320 [grpc-default-executor-1] INFO  impl.RoleInfo (RoleInfo.java:shutdownFollowerState(121)) - 3c326374-3547-416b-998e-7532ea2ef48b: shutdown FollowerState
2019-10-22 01:07:28,320 [grpc-default-executor-6] INFO  impl.RoleInfo (RoleInfo.java:shutdownFollowerState(121)) - db7ea609-3ced-42df-bea1-3bd72610fc9e: shutdown FollowerState
2019-10-22 01:07:28,321 [Thread-880] INFO  impl.FollowerState (FollowerState.java:run(117)) - 3c326374-3547-416b-998e-7532ea2ef48b@group-3C40BA09D40C-FollowerState was interrupted: java.lang.InterruptedException: sleep interrupted
2019-10-22 01:07:28,320 [grpc-default-executor-1] INFO  impl.RoleInfo (RoleInfo.java:updateAndGet(143)) - 3c326374-3547-416b-998e-7532ea2ef48b: start FollowerState
2019-10-22 01:07:28,321 [Thread-881] INFO  impl.FollowerState (FollowerState.java:run(117)) - db7ea609-3ced-42df-bea1-3bd72610fc9e@group-3C40BA09D40C-FollowerState was interrupted: java.lang.InterruptedException: sleep interrupted
2019-10-22 01:07:28,321 [grpc-default-executor-6] INFO  impl.RoleInfo (RoleInfo.java:updateAndGet(143)) - db7ea609-3ced-42df-bea1-3bd72610fc9e: start FollowerState
2019-10-22 01:07:28,336 [961c004b-2cdf-4092-9b5c-36f8bd0f140b@group-3C40BA09D40C-LeaderElection49] INFO  impl.LeaderElection (LeaderElection.java:logAndReturn(56)) - 961c004b-2cdf-4092-9b5c-36f8bd0f140b@group-3C40BA09D40C-LeaderElection49: Election REJECTED; received 2 response(s) [961c004b-2cdf-4092-9b5c-36f8bd0f140b<-db7ea609-3ced-42df-bea1-3bd72610fc9e#0:FAIL-t48, 961c004b-2cdf-4092-9b5c-36f8bd0f140b<-3c326374-3547-416b-998e-7532ea2ef48b#0:FAIL-t48] and 0 exception(s); 961c004b-2cdf-4092-9b5c-36f8bd0f140b@group-3C40BA09D40C:t48, leader=null, voted=961c004b-2cdf-4092-9b5c-36f8bd0f140b, raftlog=961c004b-2cdf-4092-9b5c-36f8bd0f140b@group-3C40BA09D40C-SegmentedRaftLog:OPENED:c3,f4,i4, conf=0: [db7ea609-3ced-42df-bea1-3bd72610fc9e:192.168.157.222:46031, 961c004b-2cdf-4092-9b5c-36f8bd0f140b:192.168.157.222:44865, 3c326374-3547-416b-998e-7532ea2ef48b:192.168.157.222:44132], old=null
2019-10-22 01:07:28,337 [961c004b-2cdf-4092-9b5c-36f8bd0f140b@group-3C40BA09D40C-LeaderElection49] INFO  impl.RaftServerImpl (RaftServerImpl.java:setRole(184)) - 961c004b-2cdf-4092-9b5c-36f8bd0f140b@group-3C40BA09D40C: changes role from CANDIDATE to FOLLOWER at term 48 for DISCOVERED_A_NEW_TERM
2019-10-22 01:07:28,337 [961c004b-2cdf-4092-9b5c-36f8bd0f140b@group-3C40BA09D40C-LeaderElection49] INFO  impl.RoleInfo (RoleInfo.java:shutdownLeaderElection(134)) - 961c004b-2cdf-4092-9b5c-36f8bd0f140b: shutdown LeaderElection
2019-10-22 01:07:28,337 [961c004b-2cdf-4092-9b5c-36f8bd0f140b@group-3C40BA09D40C-LeaderElection49] INFO  impl.RoleInfo (RoleInfo.java:updateAndGet(143)) - 961c004b-2cdf-4092-9b5c-36f8bd0f140b: start FollowerState
2019-10-22 01:07:28,410 [Thread-888] INFO  impl.FollowerState (FollowerState.java:run(108)) - 961c004b-2cdf-4092-9b5c-36f8bd0f140b@group-3C40BA09D40C-FollowerState: change to CANDIDATE, lastRpcTime:73ms, electionTimeout:73ms
2019-10-22 01:07:28,410 [Thread-888] INFO  impl.RoleInfo (RoleInfo.java:shutdownFollowerState(121)) - 961c004b-2cdf-4092-9b5c-36f8bd0f140b: shutdown FollowerState
2019-10-22 01:07:28,410 [Thread-888] INFO  impl.RaftServerImpl (RaftServerImpl.java:setRole(184)) - 961c004b-2cdf-4092-9b5c-36f8bd0f140b@group-3C40BA09D40C: changes role from  FOLLOWER to CANDIDATE at term 48 for changeToCandidate
2019-10-22 01:07:28,411 [Thread-888] INFO  impl.RoleInfo (RoleInfo.java:updateAndGet(143)) - 961c004b-2cdf-4092-9b5c-36f8bd0f140b: start LeaderElection
2019-10-22 01:07:28,423 [961c004b-2cdf-4092-9b5c-36f8bd0f140b@group-3C40BA09D40C-LeaderElection50] INFO  impl.LeaderElection (LeaderElection.java:askForVotes(178)) - 961c004b-2cdf-4092-9b5c-36f8bd0f140b@group-3C40BA09D40C-LeaderElection50: begin an election at term 49 for 0: [db7ea609-3ced-42df-bea1-3bd72610fc9e:192.168.157.222:46031, 961c004b-2cdf-4092-9b5c-36f8bd0f140b:192.168.157.222:44865, 3c326374-3547-416b-998e-7532ea2ef48b:192.168.157.222:44132], old=null
2019-10-22 01:07:28,427 [grpc-default-executor-6] INFO  impl.RaftServerImpl (RaftServerImpl.java:setRole(184)) - db7ea609-3ced-42df-bea1-3bd72610fc9e@group-3C40BA09D40C: changes role from  FOLLOWER to FOLLOWER at term 49 for recognizeCandidate:961c004b-2cdf-4092-9b5c-36f8bd0f140b
2019-10-22 01:07:28,427 [grpc-default-executor-1] INFO  impl.RaftServerImpl (RaftServerImpl.java:setRole(184)) - 3c326374-3547-416b-998e-7532ea2ef48b@group-3C40BA09D40C: changes role from  FOLLOWER to FOLLOWER at term 49 for recognizeCandidate:961c004b-2cdf-4092-9b5c-36f8bd0f140b
2019-10-22 01:07:28,427 [grpc-default-executor-6] INFO  impl.RoleInfo (RoleInfo.java:shutdownFollowerState(121)) - db7ea609-3ced-42df-bea1-3bd72610fc9e: shutdown FollowerState
2019-10-22 01:07:28,427 [grpc-default-executor-1] INFO  impl.RoleInfo (RoleInfo.java:shutdownFollowerState(121)) - 3c326374-3547-416b-998e-7532ea2ef48b: shutdown FollowerState
2019-10-22 01:07:28,427 [Thread-887] INFO  impl.FollowerState (FollowerState.java:run(117)) - db7ea609-3ced-42df-bea1-3bd72610fc9e@group-3C40BA09D40C-FollowerState was interrupted: java.lang.InterruptedException: sleep interrupted
2019-10-22 01:07:28,428 [grpc-default-executor-1] INFO  impl.RoleInfo (RoleInfo.java:updateAndGet(143)) - 3c326374-3547-416b-998e-7532ea2ef48b: start FollowerState
2019-10-22 01:07:28,427 [grpc-default-executor-6] INFO  impl.RoleInfo (RoleInfo.java:updateAndGet(143)) - db7ea609-3ced-42df-bea1-3bd72610fc9e: start FollowerState
2019-10-22 01:07:28,428 [Thread-886] INFO  impl.FollowerState (FollowerState.java:run(117)) - 3c326374-3547-416b-998e-7532ea2ef48b@group-3C40BA09D40C-FollowerState was interrupted: java.lang.InterruptedException: sleep interrupted
2019-10-22 01:07:28,430 [Command processor thread] INFO  commandhandler.DeleteBlocksCommandHandler (DeleteBlocksCommandHandler.java:handle(106)) - Start to delete container blocks, TXIDs=[1(2)], numOfContainers=1, numOfBlocks=1
2019-10-22 01:07:28,431 [Command processor thread] INFO  commandhandler.DeleteBlocksCommandHandler (DeleteBlocksCommandHandler.java:handle(106)) - Start to delete container blocks, TXIDs=[1(30)], numOfContainers=1, numOfBlocks=1
2019-10-22 01:07:28,431 [Command processor thread] INFO  commandhandler.DeleteBlocksCommandHandler (DeleteBlocksCommandHandler.java:handle(106)) - Start to delete container blocks, TXIDs=[1(2)], numOfContainers=1, numOfBlocks=1
2019-10-22 01:07:28,431 [Command processor thread] INFO  commandhandler.DeleteBlocksCommandHandler (DeleteBlocksCommandHandler.java:handle(106)) - Start to delete container blocks, TXIDs=[1(2)], numOfContainers=1, numOfBlocks=1
2019-10-22 01:07:28,432 [Command processor thread] INFO  commandhandler.DeleteBlocksCommandHandler (DeleteBlocksCommandHandler.java:handle(106)) - Start to delete container blocks, TXIDs=[1(2)], numOfContainers=1, numOfBlocks=1
2019-10-22 01:07:28,432 [Command processor thread] INFO  commandhandler.DeleteBlocksCommandHandler (DeleteBlocksCommandHandler.java:handle(106)) - Start to delete container blocks, TXIDs=[1(38)], numOfContainers=1, numOfBlocks=1
2019-10-22 01:07:28,432 [Command processor thread] INFO  commandhandler.DeleteBlocksCommandHandler (DeleteBlocksCommandHandler.java:handle(106)) - Start to delete container blocks, TXIDs=[1(2)], numOfContainers=1, numOfBlocks=1
2019-10-22 01:07:28,432 [Command processor thread] INFO  commandhandler.DeleteBlocksCommandHandler (DeleteBlocksCommandHandler.java:handle(106)) - Start to delete container blocks, TXIDs=[1(2)], numOfContainers=1, numOfBlocks=1
2019-10-22 01:07:28,432 [Command processor thread] INFO  commandhandler.DeleteBlocksCommandHandler (DeleteBlocksCommandHandler.java:handle(106)) - Start to delete container blocks, TXIDs=[1(0)], numOfContainers=1, numOfBlocks=1
2019-10-22 01:07:28,440 [961c004b-2cdf-4092-9b5c-36f8bd0f140b@group-3C40BA09D40C-LeaderElection50] INFO  impl.LeaderElection (LeaderElection.java:logAndReturn(56)) - 961c004b-2cdf-4092-9b5c-36f8bd0f140b@group-3C40BA09D40C-LeaderElection50: Election REJECTED; received 2 response(s) [961c004b-2cdf-4092-9b5c-36f8bd0f140b<-db7ea609-3ced-42df-bea1-3bd72610fc9e#0:FAIL-t49, 961c004b-2cdf-4092-9b5c-36f8bd0f140b<-3c326374-3547-416b-998e-7532ea2ef48b#0:FAIL-t49] and 0 exception(s); 961c004b-2cdf-4092-9b5c-36f8bd0f140b@group-3C40BA09D40C:t49, leader=null, voted=961c004b-2cdf-4092-9b5c-36f8bd0f140b, raftlog=961c004b-2cdf-4092-9b5c-36f8bd0f140b@group-3C40BA09D40C-SegmentedRaftLog:OPENED:c3,f4,i4, conf=0: [db7ea609-3ced-42df-bea1-3bd72610fc9e:192.168.157.222:46031, 961c004b-2cdf-4092-9b5c-36f8bd0f140b:192.168.157.222:44865, 3c326374-3547-416b-998e-7532ea2ef48b:192.168.157.222:44132], old=null
2019-10-22 01:07:28,440 [961c004b-2cdf-4092-9b5c-36f8bd0f140b@group-3C40BA09D40C-LeaderElection50] INFO  impl.RaftServerImpl (RaftServerImpl.java:setRole(184)) - 961c004b-2cdf-4092-9b5c-36f8bd0f140b@group-3C40BA09D40C: changes role from CANDIDATE to FOLLOWER at term 49 for DISCOVERED_A_NEW_TERM
2019-10-22 01:07:28,440 [961c004b-2cdf-4092-9b5c-36f8bd0f140b@group-3C40BA09D40C-LeaderElection50] INFO  impl.RoleInfo (RoleInfo.java:shutdownLeaderElection(134)) - 961c004b-2cdf-4092-9b5c-36f8bd0f140b: shutdown LeaderElection
2019-10-22 01:07:28,440 [961c004b-2cdf-4092-9b5c-36f8bd0f140b@group-3C40BA09D40C-LeaderElection50] INFO  impl.RoleInfo (RoleInfo.java:updateAndGet(143)) - 961c004b-2cdf-4092-9b5c-36f8bd0f140b: start FollowerState
2019-10-22 01:07:28,454 [Thread-895] INFO  impl.FollowerState (FollowerState.java:run(108)) - 961c004b-2cdf-4092-9b5c-36f8bd0f140b@group-3C40BA09D40C-FollowerState: change to CANDIDATE, lastRpcTime:13ms, electionTimeout:13ms
2019-10-22 01:07:28,454 [Thread-895] INFO  impl.RoleInfo (RoleInfo.java:shutdownFollowerState(121)) - 961c004b-2cdf-4092-9b5c-36f8bd0f140b: shutdown FollowerState
2019-10-22 01:07:28,454 [Thread-895] INFO  impl.RaftServerImpl (RaftServerImpl.java:setRole(184)) - 961c004b-2cdf-4092-9b5c-36f8bd0f140b@group-3C40BA09D40C: changes role from  FOLLOWER to CANDIDATE at term 49 for changeToCandidate
2019-10-22 01:07:28,454 [Thread-895] INFO  impl.RoleInfo (RoleInfo.java:updateAndGet(143)) - 961c004b-2cdf-4092-9b5c-36f8bd0f140b: start LeaderElection
2019-10-22 01:07:28,466 [pool-7-thread-3] INFO  commands.RetriableDatanodeEventWatcher (RetriableDatanodeEventWatcher.java:onTimeout(47)) - RetriableDatanodeCommand type=deleteBlocksCommand with id=1571706439459 timed out. Retrying.
2019-10-22 01:07:28,469 [961c004b-2cdf-4092-9b5c-36f8bd0f140b@group-3C40BA09D40C-LeaderElection51] INFO  impl.LeaderElection (LeaderElection.java:askForVotes(178)) - 961c004b-2cdf-4092-9b5c-36f8bd0f140b@group-3C40BA09D40C-LeaderElection51: begin an election at term 50 for 0: [db7ea609-3ced-42df-bea1-3bd72610fc9e:192.168.157.222:46031, 961c004b-2cdf-4092-9b5c-36f8bd0f140b:192.168.157.222:44865, 3c326374-3547-416b-998e-7532ea2ef48b:192.168.157.222:44132], old=null
2019-10-22 01:07:28,474 [grpc-default-executor-6] INFO  impl.RaftServerImpl (RaftServerImpl.java:setRole(184)) - db7ea609-3ced-42df-bea1-3bd72610fc9e@group-3C40BA09D40C: changes role from  FOLLOWER to FOLLOWER at term 50 for recognizeCandidate:961c004b-2cdf-4092-9b5c-36f8bd0f140b
2019-10-22 01:07:28,474 [grpc-default-executor-6] INFO  impl.RoleInfo (RoleInfo.java:shutdownFollowerState(121)) - db7ea609-3ced-42df-bea1-3bd72610fc9e: shutdown FollowerState
2019-10-22 01:07:28,474 [grpc-default-executor-7] INFO  impl.RaftServerImpl (RaftServerImpl.java:setRole(184)) - 3c326374-3547-416b-998e-7532ea2ef48b@group-3C40BA09D40C: changes role from  FOLLOWER to FOLLOWER at term 50 for recognizeCandidate:961c004b-2cdf-4092-9b5c-36f8bd0f140b
2019-10-22 01:07:28,474 [Thread-893] INFO  impl.FollowerState (FollowerState.java:run(117)) - db7ea609-3ced-42df-bea1-3bd72610fc9e@group-3C40BA09D40C-FollowerState was interrupted: java.lang.InterruptedException: sleep interrupted
2019-10-22 01:07:28,474 [grpc-default-executor-6] INFO  impl.RoleInfo (RoleInfo.java:updateAndGet(143)) - db7ea609-3ced-42df-bea1-3bd72610fc9e: start FollowerState
2019-10-22 01:07:28,474 [grpc-default-executor-7] INFO  impl.RoleInfo (RoleInfo.java:shutdownFollowerState(121)) - 3c326374-3547-416b-998e-7532ea2ef48b: shutdown FollowerState
2019-10-22 01:07:28,474 [grpc-default-executor-7] INFO  impl.RoleInfo (RoleInfo.java:updateAndGet(143)) - 3c326374-3547-416b-998e-7532ea2ef48b: start FollowerState
2019-10-22 01:07:28,474 [Thread-901] INFO  client.GrpcClientProtocolService (GrpcClientProtocolService.java:lambda$processClientRequest$0(278)) - Failed RaftClientRequest:client-266370AF2C40->3c326374-3547-416b-998e-7532ea2ef48b@group-3C40BA09D40C, cid=10, seq=0, Watch-ALL_COMMITTED(6), Message:<EMPTY>, reply=RaftClientReply:client-266370AF2C40->3c326374-3547-416b-998e-7532ea2ef48b@group-3C40BA09D40C, cid=10, FAILED org.apache.ratis.protocol.NotLeaderException: Server 3c326374-3547-416b-998e-7532ea2ef48b@group-3C40BA09D40C is not the leader, logIndex=0, commits[3c326374-3547-416b-998e-7532ea2ef48b:c10, db7ea609-3ced-42df-bea1-3bd72610fc9e:c10, 961c004b-2cdf-4092-9b5c-36f8bd0f140b:c4]
2019-10-22 01:07:28,474 [Thread-894] INFO  impl.FollowerState (FollowerState.java:run(117)) - 3c326374-3547-416b-998e-7532ea2ef48b@group-3C40BA09D40C-FollowerState was interrupted: java.lang.InterruptedException: sleep interrupted
2019-10-22 01:07:28,499 [961c004b-2cdf-4092-9b5c-36f8bd0f140b@group-3C40BA09D40C-LeaderElection51] INFO  impl.LeaderElection (LeaderElection.java:logAndReturn(56)) - 961c004b-2cdf-4092-9b5c-36f8bd0f140b@group-3C40BA09D40C-LeaderElection51: Election REJECTED; received 2 response(s) [961c004b-2cdf-4092-9b5c-36f8bd0f140b<-db7ea609-3ced-42df-bea1-3bd72610fc9e#0:FAIL-t50, 961c004b-2cdf-4092-9b5c-36f8bd0f140b<-3c326374-3547-416b-998e-7532ea2ef48b#0:FAIL-t50] and 0 exception(s); 961c004b-2cdf-4092-9b5c-36f8bd0f140b@group-3C40BA09D40C:t50, leader=null, voted=961c004b-2cdf-4092-9b5c-36f8bd0f140b, raftlog=961c004b-2cdf-4092-9b5c-36f8bd0f140b@group-3C40BA09D40C-SegmentedRaftLog:OPENED:c3,f4,i4, conf=0: [db7ea609-3ced-42df-bea1-3bd72610fc9e:192.168.157.222:46031, 961c004b-2cdf-4092-9b5c-36f8bd0f140b:192.168.157.222:44865, 3c326374-3547-416b-998e-7532ea2ef48b:192.168.157.222:44132], old=null
2019-10-22 01:07:28,499 [961c004b-2cdf-4092-9b5c-36f8bd0f140b@group-3C40BA09D40C-LeaderElection51] INFO  impl.RaftServerImpl (RaftServerImpl.java:setRole(184)) - 961c004b-2cdf-4092-9b5c-36f8bd0f140b@group-3C40BA09D40C: changes role from CANDIDATE to FOLLOWER at term 50 for DISCOVERED_A_NEW_TERM
2019-10-22 01:07:28,500 [961c004b-2cdf-4092-9b5c-36f8bd0f140b@group-3C40BA09D40C-LeaderElection51] INFO  impl.RoleInfo (RoleInfo.java:shutdownLeaderElection(134)) - 961c004b-2cdf-4092-9b5c-36f8bd0f140b: shutdown LeaderElection
2019-10-22 01:07:28,500 [961c004b-2cdf-4092-9b5c-36f8bd0f140b@group-3C40BA09D40C-LeaderElection51] INFO  impl.RoleInfo (RoleInfo.java:updateAndGet(143)) - 961c004b-2cdf-4092-9b5c-36f8bd0f140b: start FollowerState
2019-10-22 01:07:28,527 [Thread-904] INFO  impl.FollowerState (FollowerState.java:run(108)) - 961c004b-2cdf-4092-9b5c-36f8bd0f140b@group-3C40BA09D40C-FollowerState: change to CANDIDATE, lastRpcTime:27ms, electionTimeout:27ms
2019-10-22 01:07:28,527 [Thread-904] INFO  impl.RoleInfo (RoleInfo.java:shutdownFollowerState(121)) - 961c004b-2cdf-4092-9b5c-36f8bd0f140b: shutdown FollowerState
2019-10-22 01:07:28,528 [Thread-904] INFO  impl.RaftServerImpl (RaftServerImpl.java:setRole(184)) - 961c004b-2cdf-4092-9b5c-36f8bd0f140b@group-3C40BA09D40C: changes role from  FOLLOWER to CANDIDATE at term 50 for changeToCandidate
2019-10-22 01:07:28,528 [Thread-904] INFO  impl.RoleInfo (RoleInfo.java:updateAndGet(143)) - 961c004b-2cdf-4092-9b5c-36f8bd0f140b: start LeaderElection
2019-10-22 01:07:28,532 [IPC Server handler 14 on 45286] WARN  block.DeletedBlockLogImpl (DeletedBlockLogImpl.java:incrementCount(141)) - Deleted TXID not found.
2019-10-22 01:07:28,532 [EventQueue-DeleteBlockStatusForEventWatcher$$Lambda$30/637241618] WARN  events.EventWatcher (EventWatcher.java:lambda$start$0(110)) - Completion event without active lease. Id=1571706439452
2019-10-22 01:07:28,532 [EventQueue-DeleteBlockStatusForDeletedBlockLogImpl] WARN  block.DeletedBlockLogImpl (DeletedBlockLogImpl.java:commitTransactions(205)) - Transaction txId=1 commit by dnId=961c004b-2cdf-4092-9b5c-36f8bd0f140b for containerID=#1 failed. Corresponding entry not found.
2019-10-22 01:07:28,532 [EventQueue-DeleteBlockStatusForEventWatcher$$Lambda$30/637241618] WARN  events.EventWatcher (EventWatcher.java:lambda$start$0(110)) - Completion event without active lease. Id=1571706439453
2019-10-22 01:07:28,533 [EventQueue-DeleteBlockStatusForDeletedBlockLogImpl] WARN  block.DeletedBlockLogImpl (DeletedBlockLogImpl.java:commitTransactions(205)) - Transaction txId=1 commit by dnId=961c004b-2cdf-4092-9b5c-36f8bd0f140b for containerID=#1 failed. Corresponding entry not found.
2019-10-22 01:07:28,533 [EventQueue-DeleteBlockStatusForEventWatcher$$Lambda$30/637241618] WARN  events.EventWatcher (EventWatcher.java:lambda$start$0(110)) - Completion event without active lease. Id=1571706439454
2019-10-22 01:07:28,533 [EventQueue-DeleteBlockStatusForDeletedBlockLogImpl] WARN  block.DeletedBlockLogImpl (DeletedBlockLogImpl.java:commitTransactions(205)) - Transaction txId=1 commit by dnId=961c004b-2cdf-4092-9b5c-36f8bd0f140b for containerID=#1 failed. Corresponding entry not found.
2019-10-22 01:07:28,533 [EventQueue-DeleteBlockStatusForEventWatcher$$Lambda$30/637241618] WARN  events.EventWatcher (EventWatcher.java:lambda$start$0(110)) - Completion event without active lease. Id=1571706439455
2019-10-22 01:07:28,533 [EventQueue-DeleteBlockStatusForDeletedBlockLogImpl] WARN  block.DeletedBlockLogImpl (DeletedBlockLogImpl.java:commitTransactions(205)) - Transaction txId=1 commit by dnId=961c004b-2cdf-4092-9b5c-36f8bd0f140b for containerID=#1 failed. Corresponding entry not found.
2019-10-22 01:07:28,533 [EventQueue-DeleteBlockStatusForEventWatcher$$Lambda$30/637241618] WARN  events.EventWatcher (EventWatcher.java:lambda$start$0(110)) - Completion event without active lease. Id=1571706439450
2019-10-22 01:07:28,534 [EventQueue-DeleteBlockStatusForDeletedBlockLogImpl] WARN  block.DeletedBlockLogImpl (DeletedBlockLogImpl.java:commitTransactions(205)) - Transaction txId=1 commit by dnId=961c004b-2cdf-4092-9b5c-36f8bd0f140b for containerID=#1 failed. Corresponding entry not found.
2019-10-22 01:07:28,534 [EventQueue-DeleteBlockStatusForEventWatcher$$Lambda$30/637241618] WARN  events.EventWatcher (EventWatcher.java:lambda$start$0(110)) - Completion event without active lease. Id=1571706439456
2019-10-22 01:07:28,534 [EventQueue-DeleteBlockStatusForDeletedBlockLogImpl] WARN  block.DeletedBlockLogImpl (DeletedBlockLogImpl.java:commitTransactions(205)) - Transaction txId=1 commit by dnId=961c004b-2cdf-4092-9b5c-36f8bd0f140b for containerID=#1 failed. Corresponding entry not found.
2019-10-22 01:07:28,534 [EventQueue-DeleteBlockStatusForEventWatcher$$Lambda$30/637241618] WARN  events.EventWatcher (EventWatcher.java:lambda$start$0(110)) - Completion event without active lease. Id=1571706439457
2019-10-22 01:07:28,534 [EventQueue-DeleteBlockStatusForDeletedBlockLogImpl] WARN  block.DeletedBlockLogImpl (DeletedBlockLogImpl.java:commitTransactions(205)) - Transaction txId=1 commit by dnId=961c004b-2cdf-4092-9b5c-36f8bd0f140b for containerID=#1 failed. Corresponding entry not found.
2019-10-22 01:07:28,534 [EventQueue-DeleteBlockStatusForEventWatcher$$Lambda$30/637241618] WARN  events.EventWatcher (EventWatcher.java:lambda$start$0(110)) - Completion event without active lease. Id=1571706439458
2019-10-22 01:07:28,534 [EventQueue-DeleteBlockStatusForDeletedBlockLogImpl] WARN  block.DeletedBlockLogImpl (DeletedBlockLogImpl.java:commitTransactions(205)) - Transaction txId=1 commit by dnId=961c004b-2cdf-4092-9b5c-36f8bd0f140b for containerID=#1 failed. Corresponding entry not found.
2019-10-22 01:07:28,534 [EventQueue-DeleteBlockStatusForDeletedBlockLogImpl] WARN  block.DeletedBlockLogImpl (DeletedBlockLogImpl.java:commitTransactions(205)) - Transaction txId=1 commit by dnId=961c004b-2cdf-4092-9b5c-36f8bd0f140b for containerID=#1 failed. Corresponding entry not found.
2019-10-22 01:07:28,554 [961c004b-2cdf-4092-9b5c-36f8bd0f140b@group-3C40BA09D40C-LeaderElection52] INFO  impl.LeaderElection (LeaderElection.java:askForVotes(178)) - 961c004b-2cdf-4092-9b5c-36f8bd0f140b@group-3C40BA09D40C-LeaderElection52: begin an election at term 51 for 0: [db7ea609-3ced-42df-bea1-3bd72610fc9e:192.168.157.222:46031, 961c004b-2cdf-4092-9b5c-36f8bd0f140b:192.168.157.222:44865, 3c326374-3547-416b-998e-7532ea2ef48b:192.168.157.222:44132], old=null
2019-10-22 01:07:28,557 [grpc-default-executor-7] INFO  impl.RaftServerImpl (RaftServerImpl.java:setRole(184)) - 3c326374-3547-416b-998e-7532ea2ef48b@group-3C40BA09D40C: changes role from  FOLLOWER to FOLLOWER at term 51 for recognizeCandidate:961c004b-2cdf-4092-9b5c-36f8bd0f140b
2019-10-22 01:07:28,557 [grpc-default-executor-6] INFO  impl.RaftServerImpl (RaftServerImpl.java:setRole(184)) - db7ea609-3ced-42df-bea1-3bd72610fc9e@group-3C40BA09D40C: changes role from  FOLLOWER to FOLLOWER at term 51 for recognizeCandidate:961c004b-2cdf-4092-9b5c-36f8bd0f140b
2019-10-22 01:07:28,558 [grpc-default-executor-6] INFO  impl.RoleInfo (RoleInfo.java:shutdownFollowerState(121)) - db7ea609-3ced-42df-bea1-3bd72610fc9e: shutdown FollowerState
2019-10-22 01:07:28,557 [grpc-default-executor-7] INFO  impl.RoleInfo (RoleInfo.java:shutdownFollowerState(121)) - 3c326374-3547-416b-998e-7532ea2ef48b: shutdown FollowerState
2019-10-22 01:07:28,558 [Thread-900] INFO  impl.FollowerState (FollowerState.java:run(117)) - db7ea609-3ced-42df-bea1-3bd72610fc9e@group-3C40BA09D40C-FollowerState was interrupted: java.lang.InterruptedException: sleep interrupted
2019-10-22 01:07:28,558 [grpc-default-executor-6] INFO  impl.RoleInfo (RoleInfo.java:updateAndGet(143)) - db7ea609-3ced-42df-bea1-3bd72610fc9e: start FollowerState
2019-10-22 01:07:28,558 [grpc-default-executor-7] INFO  impl.RoleInfo (RoleInfo.java:updateAndGet(143)) - 3c326374-3547-416b-998e-7532ea2ef48b: start FollowerState
2019-10-22 01:07:28,558 [Thread-902] INFO  impl.FollowerState (FollowerState.java:run(117)) - 3c326374-3547-416b-998e-7532ea2ef48b@group-3C40BA09D40C-FollowerState was interrupted: java.lang.InterruptedException: sleep interrupted
2019-10-22 01:07:28,584 [961c004b-2cdf-4092-9b5c-36f8bd0f140b@group-3C40BA09D40C-LeaderElection52] INFO  impl.LeaderElection (LeaderElection.java:logAndReturn(56)) - 961c004b-2cdf-4092-9b5c-36f8bd0f140b@group-3C40BA09D40C-LeaderElection52: Election REJECTED; received 2 response(s) [961c004b-2cdf-4092-9b5c-36f8bd0f140b<-db7ea609-3ced-42df-bea1-3bd72610fc9e#0:FAIL-t51, 961c004b-2cdf-4092-9b5c-36f8bd0f140b<-3c326374-3547-416b-998e-7532ea2ef48b#0:FAIL-t51] and 0 exception(s); 961c004b-2cdf-4092-9b5c-36f8bd0f140b@group-3C40BA09D40C:t51, leader=null, voted=961c004b-2cdf-4092-9b5c-36f8bd0f140b, raftlog=961c004b-2cdf-4092-9b5c-36f8bd0f140b@group-3C40BA09D40C-SegmentedRaftLog:OPENED:c3,f4,i4, conf=0: [db7ea609-3ced-42df-bea1-3bd72610fc9e:192.168.157.222:46031, 961c004b-2cdf-4092-9b5c-36f8bd0f140b:192.168.157.222:44865, 3c326374-3547-416b-998e-7532ea2ef48b:192.168.157.222:44132], old=null
2019-10-22 01:07:28,584 [961c004b-2cdf-4092-9b5c-36f8bd0f140b@group-3C40BA09D40C-LeaderElection52] INFO  impl.RaftServerImpl (RaftServerImpl.java:setRole(184)) - 961c004b-2cdf-4092-9b5c-36f8bd0f140b@group-3C40BA09D40C: changes role from CANDIDATE to FOLLOWER at term 51 for DISCOVERED_A_NEW_TERM
2019-10-22 01:07:28,584 [961c004b-2cdf-4092-9b5c-36f8bd0f140b@group-3C40BA09D40C-LeaderElection52] INFO  impl.RoleInfo (RoleInfo.java:shutdownLeaderElection(134)) - 961c004b-2cdf-4092-9b5c-36f8bd0f140b: shutdown LeaderElection
2019-10-22 01:07:28,584 [961c004b-2cdf-4092-9b5c-36f8bd0f140b@group-3C40BA09D40C-LeaderElection52] INFO  impl.RoleInfo (RoleInfo.java:updateAndGet(143)) - 961c004b-2cdf-4092-9b5c-36f8bd0f140b: start FollowerState
2019-10-22 01:07:28,635 [Thread-910] INFO  impl.FollowerState (FollowerState.java:run(108)) - 961c004b-2cdf-4092-9b5c-36f8bd0f140b@group-3C40BA09D40C-FollowerState: change to CANDIDATE, lastRpcTime:51ms, electionTimeout:51ms
2019-10-22 01:07:28,636 [Thread-910] INFO  impl.RoleInfo (RoleInfo.java:shutdownFollowerState(121)) - 961c004b-2cdf-4092-9b5c-36f8bd0f140b: shutdown FollowerState
2019-10-22 01:07:28,636 [Thread-910] INFO  impl.RaftServerImpl (RaftServerImpl.java:setRole(184)) - 961c004b-2cdf-4092-9b5c-36f8bd0f140b@group-3C40BA09D40C: changes role from  FOLLOWER to CANDIDATE at term 51 for changeToCandidate
2019-10-22 01:07:28,636 [Thread-910] INFO  impl.RoleInfo (RoleInfo.java:updateAndGet(143)) - 961c004b-2cdf-4092-9b5c-36f8bd0f140b: start LeaderElection
2019-10-22 01:07:28,647 [961c004b-2cdf-4092-9b5c-36f8bd0f140b@group-3C40BA09D40C-LeaderElection53] INFO  impl.LeaderElection (LeaderElection.java:askForVotes(178)) - 961c004b-2cdf-4092-9b5c-36f8bd0f140b@group-3C40BA09D40C-LeaderElection53: begin an election at term 52 for 0: [db7ea609-3ced-42df-bea1-3bd72610fc9e:192.168.157.222:46031, 961c004b-2cdf-4092-9b5c-36f8bd0f140b:192.168.157.222:44865, 3c326374-3547-416b-998e-7532ea2ef48b:192.168.157.222:44132], old=null
2019-10-22 01:07:28,650 [grpc-default-executor-7] INFO  impl.RaftServerImpl (RaftServerImpl.java:setRole(184)) - db7ea609-3ced-42df-bea1-3bd72610fc9e@group-3C40BA09D40C: changes role from  FOLLOWER to FOLLOWER at term 52 for recognizeCandidate:961c004b-2cdf-4092-9b5c-36f8bd0f140b
2019-10-22 01:07:28,650 [grpc-default-executor-6] INFO  impl.RaftServerImpl (RaftServerImpl.java:setRole(184)) - 3c326374-3547-416b-998e-7532ea2ef48b@group-3C40BA09D40C: changes role from  FOLLOWER to FOLLOWER at term 52 for recognizeCandidate:961c004b-2cdf-4092-9b5c-36f8bd0f140b
2019-10-22 01:07:28,650 [grpc-default-executor-7] INFO  impl.RoleInfo (RoleInfo.java:shutdownFollowerState(121)) - db7ea609-3ced-42df-bea1-3bd72610fc9e: shutdown FollowerState
2019-10-22 01:07:28,650 [grpc-default-executor-6] INFO  impl.RoleInfo (RoleInfo.java:shutdownFollowerState(121)) - 3c326374-3547-416b-998e-7532ea2ef48b: shutdown FollowerState
2019-10-22 01:07:28,651 [Thread-908] INFO  impl.FollowerState (FollowerState.java:run(117)) - db7ea609-3ced-42df-bea1-3bd72610fc9e@group-3C40BA09D40C-FollowerState was interrupted: java.lang.InterruptedException: sleep interrupted
2019-10-22 01:07:28,651 [grpc-default-executor-7] INFO  impl.RoleInfo (RoleInfo.java:updateAndGet(143)) - db7ea609-3ced-42df-bea1-3bd72610fc9e: start FollowerState
2019-10-22 01:07:28,651 [Thread-909] INFO  impl.FollowerState (FollowerState.java:run(117)) - 3c326374-3547-416b-998e-7532ea2ef48b@group-3C40BA09D40C-FollowerState was interrupted: java.lang.InterruptedException: sleep interrupted
2019-10-22 01:07:28,651 [grpc-default-executor-6] INFO  impl.RoleInfo (RoleInfo.java:updateAndGet(143)) - 3c326374-3547-416b-998e-7532ea2ef48b: start FollowerState
2019-10-22 01:07:28,666 [961c004b-2cdf-4092-9b5c-36f8bd0f140b@group-3C40BA09D40C-LeaderElection53] INFO  impl.LeaderElection (LeaderElection.java:logAndReturn(56)) - 961c004b-2cdf-4092-9b5c-36f8bd0f140b@group-3C40BA09D40C-LeaderElection53: Election REJECTED; received 2 response(s) [961c004b-2cdf-4092-9b5c-36f8bd0f140b<-db7ea609-3ced-42df-bea1-3bd72610fc9e#0:FAIL-t52, 961c004b-2cdf-4092-9b5c-36f8bd0f140b<-3c326374-3547-416b-998e-7532ea2ef48b#0:FAIL-t52] and 0 exception(s); 961c004b-2cdf-4092-9b5c-36f8bd0f140b@group-3C40BA09D40C:t52, leader=null, voted=961c004b-2cdf-4092-9b5c-36f8bd0f140b, raftlog=961c004b-2cdf-4092-9b5c-36f8bd0f140b@group-3C40BA09D40C-SegmentedRaftLog:OPENED:c3,f4,i4, conf=0: [db7ea609-3ced-42df-bea1-3bd72610fc9e:192.168.157.222:46031, 961c004b-2cdf-4092-9b5c-36f8bd0f140b:192.168.157.222:44865, 3c326374-3547-416b-998e-7532ea2ef48b:192.168.157.222:44132], old=null
2019-10-22 01:07:28,667 [961c004b-2cdf-4092-9b5c-36f8bd0f140b@group-3C40BA09D40C-LeaderElection53] INFO  impl.RaftServerImpl (RaftServerImpl.java:setRole(184)) - 961c004b-2cdf-4092-9b5c-36f8bd0f140b@group-3C40BA09D40C: changes role from CANDIDATE to FOLLOWER at term 52 for DISCOVERED_A_NEW_TERM
2019-10-22 01:07:28,667 [961c004b-2cdf-4092-9b5c-36f8bd0f140b@group-3C40BA09D40C-LeaderElection53] INFO  impl.RoleInfo (RoleInfo.java:shutdownLeaderElection(134)) - 961c004b-2cdf-4092-9b5c-36f8bd0f140b: shutdown LeaderElection
2019-10-22 01:07:28,667 [961c004b-2cdf-4092-9b5c-36f8bd0f140b@group-3C40BA09D40C-LeaderElection53] INFO  impl.RoleInfo (RoleInfo.java:updateAndGet(143)) - 961c004b-2cdf-4092-9b5c-36f8bd0f140b: start FollowerState
2019-10-22 01:07:28,807 [Thread-916] INFO  impl.FollowerState (FollowerState.java:run(108)) - 961c004b-2cdf-4092-9b5c-36f8bd0f140b@group-3C40BA09D40C-FollowerState: change to CANDIDATE, lastRpcTime:139ms, electionTimeout:139ms
2019-10-22 01:07:28,807 [Thread-916] INFO  impl.RoleInfo (RoleInfo.java:shutdownFollowerState(121)) - 961c004b-2cdf-4092-9b5c-36f8bd0f140b: shutdown FollowerState
2019-10-22 01:07:28,807 [Thread-916] INFO  impl.RaftServerImpl (RaftServerImpl.java:setRole(184)) - 961c004b-2cdf-4092-9b5c-36f8bd0f140b@group-3C40BA09D40C: changes role from  FOLLOWER to CANDIDATE at term 52 for changeToCandidate
2019-10-22 01:07:28,807 [Thread-916] INFO  impl.RoleInfo (RoleInfo.java:updateAndGet(143)) - 961c004b-2cdf-4092-9b5c-36f8bd0f140b: start LeaderElection
2019-10-22 01:07:28,834 [961c004b-2cdf-4092-9b5c-36f8bd0f140b@group-3C40BA09D40C-LeaderElection54] INFO  impl.LeaderElection (LeaderElection.java:askForVotes(178)) - 961c004b-2cdf-4092-9b5c-36f8bd0f140b@group-3C40BA09D40C-LeaderElection54: begin an election at term 53 for 0: [db7ea609-3ced-42df-bea1-3bd72610fc9e:192.168.157.222:46031, 961c004b-2cdf-4092-9b5c-36f8bd0f140b:192.168.157.222:44865, 3c326374-3547-416b-998e-7532ea2ef48b:192.168.157.222:44132], old=null
2019-10-22 01:07:28,837 [grpc-default-executor-7] INFO  impl.RaftServerImpl (RaftServerImpl.java:setRole(184)) - db7ea609-3ced-42df-bea1-3bd72610fc9e@group-3C40BA09D40C: changes role from  FOLLOWER to FOLLOWER at term 53 for recognizeCandidate:961c004b-2cdf-4092-9b5c-36f8bd0f140b
2019-10-22 01:07:28,837 [grpc-default-executor-6] INFO  impl.RaftServerImpl (RaftServerImpl.java:setRole(184)) - 3c326374-3547-416b-998e-7532ea2ef48b@group-3C40BA09D40C: changes role from  FOLLOWER to FOLLOWER at term 53 for recognizeCandidate:961c004b-2cdf-4092-9b5c-36f8bd0f140b
2019-10-22 01:07:28,837 [grpc-default-executor-7] INFO  impl.RoleInfo (RoleInfo.java:shutdownFollowerState(121)) - db7ea609-3ced-42df-bea1-3bd72610fc9e: shutdown FollowerState
2019-10-22 01:07:28,837 [grpc-default-executor-6] INFO  impl.RoleInfo (RoleInfo.java:shutdownFollowerState(121)) - 3c326374-3547-416b-998e-7532ea2ef48b: shutdown FollowerState
2019-10-22 01:07:28,837 [Thread-914] INFO  impl.FollowerState (FollowerState.java:run(117)) - db7ea609-3ced-42df-bea1-3bd72610fc9e@group-3C40BA09D40C-FollowerState was interrupted: java.lang.InterruptedException: sleep interrupted
2019-10-22 01:07:28,837 [Thread-915] INFO  impl.FollowerState (FollowerState.java:run(117)) - 3c326374-3547-416b-998e-7532ea2ef48b@group-3C40BA09D40C-FollowerState was interrupted: java.lang.InterruptedException: sleep interrupted
2019-10-22 01:07:28,837 [grpc-default-executor-7] INFO  impl.RoleInfo (RoleInfo.java:updateAndGet(143)) - db7ea609-3ced-42df-bea1-3bd72610fc9e: start FollowerState
2019-10-22 01:07:28,837 [grpc-default-executor-6] INFO  impl.RoleInfo (RoleInfo.java:updateAndGet(143)) - 3c326374-3547-416b-998e-7532ea2ef48b: start FollowerState
2019-10-22 01:07:28,853 [961c004b-2cdf-4092-9b5c-36f8bd0f140b@group-3C40BA09D40C-LeaderElection54] INFO  impl.LeaderElection (LeaderElection.java:logAndReturn(56)) - 961c004b-2cdf-4092-9b5c-36f8bd0f140b@group-3C40BA09D40C-LeaderElection54: Election REJECTED; received 2 response(s) [961c004b-2cdf-4092-9b5c-36f8bd0f140b<-db7ea609-3ced-42df-bea1-3bd72610fc9e#0:FAIL-t53, 961c004b-2cdf-4092-9b5c-36f8bd0f140b<-3c326374-3547-416b-998e-7532ea2ef48b#0:FAIL-t53] and 0 exception(s); 961c004b-2cdf-4092-9b5c-36f8bd0f140b@group-3C40BA09D40C:t53, leader=null, voted=961c004b-2cdf-4092-9b5c-36f8bd0f140b, raftlog=961c004b-2cdf-4092-9b5c-36f8bd0f140b@group-3C40BA09D40C-SegmentedRaftLog:OPENED:c3,f4,i4, conf=0: [db7ea609-3ced-42df-bea1-3bd72610fc9e:192.168.157.222:46031, 961c004b-2cdf-4092-9b5c-36f8bd0f140b:192.168.157.222:44865, 3c326374-3547-416b-998e-7532ea2ef48b:192.168.157.222:44132], old=null
2019-10-22 01:07:28,853 [961c004b-2cdf-4092-9b5c-36f8bd0f140b@group-3C40BA09D40C-LeaderElection54] INFO  impl.RaftServerImpl (RaftServerImpl.java:setRole(184)) - 961c004b-2cdf-4092-9b5c-36f8bd0f140b@group-3C40BA09D40C: changes role from CANDIDATE to FOLLOWER at term 53 for DISCOVERED_A_NEW_TERM
2019-10-22 01:07:28,853 [961c004b-2cdf-4092-9b5c-36f8bd0f140b@group-3C40BA09D40C-LeaderElection54] INFO  impl.RoleInfo (RoleInfo.java:shutdownLeaderElection(134)) - 961c004b-2cdf-4092-9b5c-36f8bd0f140b: shutdown LeaderElection
2019-10-22 01:07:28,853 [961c004b-2cdf-4092-9b5c-36f8bd0f140b@group-3C40BA09D40C-LeaderElection54] INFO  impl.RoleInfo (RoleInfo.java:updateAndGet(143)) - 961c004b-2cdf-4092-9b5c-36f8bd0f140b: start FollowerState
2019-10-22 01:07:28,854 [BlockDeletingService#2] WARN  background.BlockDeletingService (BlockDeletingService.java:isDeletionAllowed(187)) - Close Container log Index 6 is not replicated across allthe servers in the pipeline 2cbd8cfc-dfa6-4d43-b162-3c40ba09d40c as the min replicated index is 4. Deletion is not allowed in this container yet.
2019-10-22 01:07:28,855 [BlockDeletingService#2] WARN  background.BlockDeletingService (BlockDeletingService.java:isDeletionAllowed(187)) - Close Container log Index 6 is not replicated across allthe servers in the pipeline 2cbd8cfc-dfa6-4d43-b162-3c40ba09d40c as the min replicated index is 4. Deletion is not allowed in this container yet.
2019-10-22 01:07:28,915 [Thread-922] INFO  impl.FollowerState (FollowerState.java:run(108)) - 961c004b-2cdf-4092-9b5c-36f8bd0f140b@group-3C40BA09D40C-FollowerState: change to CANDIDATE, lastRpcTime:61ms, electionTimeout:61ms
2019-10-22 01:07:28,915 [Thread-922] INFO  impl.RoleInfo (RoleInfo.java:shutdownFollowerState(121)) - 961c004b-2cdf-4092-9b5c-36f8bd0f140b: shutdown FollowerState
2019-10-22 01:07:28,915 [Thread-922] INFO  impl.RaftServerImpl (RaftServerImpl.java:setRole(184)) - 961c004b-2cdf-4092-9b5c-36f8bd0f140b@group-3C40BA09D40C: changes role from  FOLLOWER to CANDIDATE at term 53 for changeToCandidate
2019-10-22 01:07:28,915 [Thread-922] INFO  impl.RoleInfo (RoleInfo.java:updateAndGet(143)) - 961c004b-2cdf-4092-9b5c-36f8bd0f140b: start LeaderElection
2019-10-22 01:07:28,947 [961c004b-2cdf-4092-9b5c-36f8bd0f140b@group-3C40BA09D40C-LeaderElection55] INFO  impl.LeaderElection (LeaderElection.java:askForVotes(178)) - 961c004b-2cdf-4092-9b5c-36f8bd0f140b@group-3C40BA09D40C-LeaderElection55: begin an election at term 54 for 0: [db7ea609-3ced-42df-bea1-3bd72610fc9e:192.168.157.222:46031, 961c004b-2cdf-4092-9b5c-36f8bd0f140b:192.168.157.222:44865, 3c326374-3547-416b-998e-7532ea2ef48b:192.168.157.222:44132], old=null
2019-10-22 01:07:28,950 [grpc-default-executor-7] INFO  impl.RaftServerImpl (RaftServerImpl.java:setRole(184)) - db7ea609-3ced-42df-bea1-3bd72610fc9e@group-3C40BA09D40C: changes role from  FOLLOWER to FOLLOWER at term 54 for recognizeCandidate:961c004b-2cdf-4092-9b5c-36f8bd0f140b
2019-10-22 01:07:28,950 [grpc-default-executor-6] INFO  impl.RaftServerImpl (RaftServerImpl.java:setRole(184)) - 3c326374-3547-416b-998e-7532ea2ef48b@group-3C40BA09D40C: changes role from  FOLLOWER to FOLLOWER at term 54 for recognizeCandidate:961c004b-2cdf-4092-9b5c-36f8bd0f140b
2019-10-22 01:07:28,950 [grpc-default-executor-7] INFO  impl.RoleInfo (RoleInfo.java:shutdownFollowerState(121)) - db7ea609-3ced-42df-bea1-3bd72610fc9e: shutdown FollowerState
2019-10-22 01:07:28,951 [grpc-default-executor-6] INFO  impl.RoleInfo (RoleInfo.java:shutdownFollowerState(121)) - 3c326374-3547-416b-998e-7532ea2ef48b: shutdown FollowerState
2019-10-22 01:07:28,951 [Thread-920] INFO  impl.FollowerState (FollowerState.java:run(117)) - db7ea609-3ced-42df-bea1-3bd72610fc9e@group-3C40BA09D40C-FollowerState was interrupted: java.lang.InterruptedException: sleep interrupted
2019-10-22 01:07:28,951 [grpc-default-executor-7] INFO  impl.RoleInfo (RoleInfo.java:updateAndGet(143)) - db7ea609-3ced-42df-bea1-3bd72610fc9e: start FollowerState
2019-10-22 01:07:28,951 [Thread-921] INFO  impl.FollowerState (FollowerState.java:run(117)) - 3c326374-3547-416b-998e-7532ea2ef48b@group-3C40BA09D40C-FollowerState was interrupted: java.lang.InterruptedException: sleep interrupted
2019-10-22 01:07:28,951 [grpc-default-executor-6] INFO  impl.RoleInfo (RoleInfo.java:updateAndGet(143)) - 3c326374-3547-416b-998e-7532ea2ef48b: start FollowerState
2019-10-22 01:07:28,965 [961c004b-2cdf-4092-9b5c-36f8bd0f140b@group-3C40BA09D40C-LeaderElection55] INFO  impl.LeaderElection (LeaderElection.java:logAndReturn(56)) - 961c004b-2cdf-4092-9b5c-36f8bd0f140b@group-3C40BA09D40C-LeaderElection55: Election REJECTED; received 2 response(s) [961c004b-2cdf-4092-9b5c-36f8bd0f140b<-db7ea609-3ced-42df-bea1-3bd72610fc9e#0:FAIL-t54, 961c004b-2cdf-4092-9b5c-36f8bd0f140b<-3c326374-3547-416b-998e-7532ea2ef48b#0:FAIL-t54] and 0 exception(s); 961c004b-2cdf-4092-9b5c-36f8bd0f140b@group-3C40BA09D40C:t54, leader=null, voted=961c004b-2cdf-4092-9b5c-36f8bd0f140b, raftlog=961c004b-2cdf-4092-9b5c-36f8bd0f140b@group-3C40BA09D40C-SegmentedRaftLog:OPENED:c3,f4,i4, conf=0: [db7ea609-3ced-42df-bea1-3bd72610fc9e:192.168.157.222:46031, 961c004b-2cdf-4092-9b5c-36f8bd0f140b:192.168.157.222:44865, 3c326374-3547-416b-998e-7532ea2ef48b:192.168.157.222:44132], old=null
2019-10-22 01:07:28,965 [961c004b-2cdf-4092-9b5c-36f8bd0f140b@group-3C40BA09D40C-LeaderElection55] INFO  impl.RaftServerImpl (RaftServerImpl.java:setRole(184)) - 961c004b-2cdf-4092-9b5c-36f8bd0f140b@group-3C40BA09D40C: changes role from CANDIDATE to FOLLOWER at term 54 for DISCOVERED_A_NEW_TERM
2019-10-22 01:07:28,965 [961c004b-2cdf-4092-9b5c-36f8bd0f140b@group-3C40BA09D40C-LeaderElection55] INFO  impl.RoleInfo (RoleInfo.java:shutdownLeaderElection(134)) - 961c004b-2cdf-4092-9b5c-36f8bd0f140b: shutdown LeaderElection
2019-10-22 01:07:28,965 [961c004b-2cdf-4092-9b5c-36f8bd0f140b@group-3C40BA09D40C-LeaderElection55] INFO  impl.RoleInfo (RoleInfo.java:updateAndGet(143)) - 961c004b-2cdf-4092-9b5c-36f8bd0f140b: start FollowerState
2019-10-22 01:07:29,166 [Thread-930] INFO  impl.FollowerState (FollowerState.java:run(108)) - 961c004b-2cdf-4092-9b5c-36f8bd0f140b@group-3C40BA09D40C-FollowerState: change to CANDIDATE, lastRpcTime:200ms, electionTimeout:200ms
2019-10-22 01:07:29,166 [Thread-930] INFO  impl.RoleInfo (RoleInfo.java:shutdownFollowerState(121)) - 961c004b-2cdf-4092-9b5c-36f8bd0f140b: shutdown FollowerState
2019-10-22 01:07:29,166 [Thread-930] INFO  impl.RaftServerImpl (RaftServerImpl.java:setRole(184)) - 961c004b-2cdf-4092-9b5c-36f8bd0f140b@group-3C40BA09D40C: changes role from  FOLLOWER to CANDIDATE at term 54 for changeToCandidate
2019-10-22 01:07:29,166 [Thread-930] INFO  impl.RoleInfo (RoleInfo.java:updateAndGet(143)) - 961c004b-2cdf-4092-9b5c-36f8bd0f140b: start LeaderElection
2019-10-22 01:07:29,180 [961c004b-2cdf-4092-9b5c-36f8bd0f140b@group-3C40BA09D40C-LeaderElection56] INFO  impl.LeaderElection (LeaderElection.java:askForVotes(178)) - 961c004b-2cdf-4092-9b5c-36f8bd0f140b@group-3C40BA09D40C-LeaderElection56: begin an election at term 55 for 0: [db7ea609-3ced-42df-bea1-3bd72610fc9e:192.168.157.222:46031, 961c004b-2cdf-4092-9b5c-36f8bd0f140b:192.168.157.222:44865, 3c326374-3547-416b-998e-7532ea2ef48b:192.168.157.222:44132], old=null
2019-10-22 01:07:29,182 [grpc-default-executor-7] INFO  impl.RaftServerImpl (RaftServerImpl.java:setRole(184)) - db7ea609-3ced-42df-bea1-3bd72610fc9e@group-3C40BA09D40C: changes role from  FOLLOWER to FOLLOWER at term 55 for recognizeCandidate:961c004b-2cdf-4092-9b5c-36f8bd0f140b
2019-10-22 01:07:29,183 [grpc-default-executor-7] INFO  impl.RoleInfo (RoleInfo.java:shutdownFollowerState(121)) - db7ea609-3ced-42df-bea1-3bd72610fc9e: shutdown FollowerState
2019-10-22 01:07:29,183 [grpc-default-executor-7] INFO  impl.RoleInfo (RoleInfo.java:updateAndGet(143)) - db7ea609-3ced-42df-bea1-3bd72610fc9e: start FollowerState
2019-10-22 01:07:29,183 [Thread-928] INFO  impl.FollowerState (FollowerState.java:run(117)) - db7ea609-3ced-42df-bea1-3bd72610fc9e@group-3C40BA09D40C-FollowerState was interrupted: java.lang.InterruptedException: sleep interrupted
2019-10-22 01:07:29,183 [grpc-default-executor-6] INFO  impl.RaftServerImpl (RaftServerImpl.java:setRole(184)) - 3c326374-3547-416b-998e-7532ea2ef48b@group-3C40BA09D40C: changes role from  FOLLOWER to FOLLOWER at term 55 for recognizeCandidate:961c004b-2cdf-4092-9b5c-36f8bd0f140b
2019-10-22 01:07:29,183 [grpc-default-executor-6] INFO  impl.RoleInfo (RoleInfo.java:shutdownFollowerState(121)) - 3c326374-3547-416b-998e-7532ea2ef48b: shutdown FollowerState
2019-10-22 01:07:29,183 [grpc-default-executor-6] INFO  impl.RoleInfo (RoleInfo.java:updateAndGet(143)) - 3c326374-3547-416b-998e-7532ea2ef48b: start FollowerState
2019-10-22 01:07:29,183 [Thread-929] INFO  impl.FollowerState (FollowerState.java:run(117)) - 3c326374-3547-416b-998e-7532ea2ef48b@group-3C40BA09D40C-FollowerState was interrupted: java.lang.InterruptedException: sleep interrupted
2019-10-22 01:07:29,186 [961c004b-2cdf-4092-9b5c-36f8bd0f140b@group-3C40BA09D40C-LeaderElection56] INFO  impl.LeaderElection (LeaderElection.java:logAndReturn(56)) - 961c004b-2cdf-4092-9b5c-36f8bd0f140b@group-3C40BA09D40C-LeaderElection56: Election TIMEOUT; received 0 response(s) [] and 0 exception(s); 961c004b-2cdf-4092-9b5c-36f8bd0f140b@group-3C40BA09D40C:t55, leader=null, voted=961c004b-2cdf-4092-9b5c-36f8bd0f140b, raftlog=961c004b-2cdf-4092-9b5c-36f8bd0f140b@group-3C40BA09D40C-SegmentedRaftLog:OPENED:c3,f4,i4, conf=0: [db7ea609-3ced-42df-bea1-3bd72610fc9e:192.168.157.222:46031, 961c004b-2cdf-4092-9b5c-36f8bd0f140b:192.168.157.222:44865, 3c326374-3547-416b-998e-7532ea2ef48b:192.168.157.222:44132], old=null
2019-10-22 01:07:29,208 [961c004b-2cdf-4092-9b5c-36f8bd0f140b@group-3C40BA09D40C-LeaderElection56] INFO  impl.LeaderElection (LeaderElection.java:askForVotes(178)) - 961c004b-2cdf-4092-9b5c-36f8bd0f140b@group-3C40BA09D40C-LeaderElection56: begin an election at term 56 for 0: [db7ea609-3ced-42df-bea1-3bd72610fc9e:192.168.157.222:46031, 961c004b-2cdf-4092-9b5c-36f8bd0f140b:192.168.157.222:44865, 3c326374-3547-416b-998e-7532ea2ef48b:192.168.157.222:44132], old=null
2019-10-22 01:07:29,210 [grpc-default-executor-6] INFO  impl.RaftServerImpl (RaftServerImpl.java:setRole(184)) - db7ea609-3ced-42df-bea1-3bd72610fc9e@group-3C40BA09D40C: changes role from  FOLLOWER to FOLLOWER at term 56 for recognizeCandidate:961c004b-2cdf-4092-9b5c-36f8bd0f140b
2019-10-22 01:07:29,210 [grpc-default-executor-6] INFO  impl.RoleInfo (RoleInfo.java:shutdownFollowerState(121)) - db7ea609-3ced-42df-bea1-3bd72610fc9e: shutdown FollowerState
2019-10-22 01:07:29,210 [grpc-default-executor-6] INFO  impl.RoleInfo (RoleInfo.java:updateAndGet(143)) - db7ea609-3ced-42df-bea1-3bd72610fc9e: start FollowerState
2019-10-22 01:07:29,210 [Thread-935] INFO  impl.FollowerState (FollowerState.java:run(117)) - db7ea609-3ced-42df-bea1-3bd72610fc9e@group-3C40BA09D40C-FollowerState was interrupted: java.lang.InterruptedException: sleep interrupted
2019-10-22 01:07:29,211 [grpc-default-executor-7] INFO  impl.RaftServerImpl (RaftServerImpl.java:setRole(184)) - 3c326374-3547-416b-998e-7532ea2ef48b@group-3C40BA09D40C: changes role from  FOLLOWER to FOLLOWER at term 56 for recognizeCandidate:961c004b-2cdf-4092-9b5c-36f8bd0f140b
2019-10-22 01:07:29,211 [grpc-default-executor-7] INFO  impl.RoleInfo (RoleInfo.java:shutdownFollowerState(121)) - 3c326374-3547-416b-998e-7532ea2ef48b: shutdown FollowerState
2019-10-22 01:07:29,211 [grpc-default-executor-7] INFO  impl.RoleInfo (RoleInfo.java:updateAndGet(143)) - 3c326374-3547-416b-998e-7532ea2ef48b: start FollowerState
2019-10-22 01:07:29,211 [Thread-936] INFO  impl.FollowerState (FollowerState.java:run(117)) - 3c326374-3547-416b-998e-7532ea2ef48b@group-3C40BA09D40C-FollowerState was interrupted: java.lang.InterruptedException: sleep interrupted
2019-10-22 01:07:29,226 [961c004b-2cdf-4092-9b5c-36f8bd0f140b@group-3C40BA09D40C-LeaderElection56] INFO  impl.LeaderElection (LeaderElection.java:logAndReturn(56)) - 961c004b-2cdf-4092-9b5c-36f8bd0f140b@group-3C40BA09D40C-LeaderElection56: Election REJECTED; received 2 response(s) [961c004b-2cdf-4092-9b5c-36f8bd0f140b<-db7ea609-3ced-42df-bea1-3bd72610fc9e#0:FAIL-t56, 961c004b-2cdf-4092-9b5c-36f8bd0f140b<-3c326374-3547-416b-998e-7532ea2ef48b#0:FAIL-t56] and 0 exception(s); 961c004b-2cdf-4092-9b5c-36f8bd0f140b@group-3C40BA09D40C:t56, leader=null, voted=961c004b-2cdf-4092-9b5c-36f8bd0f140b, raftlog=961c004b-2cdf-4092-9b5c-36f8bd0f140b@group-3C40BA09D40C-SegmentedRaftLog:OPENED:c3,f4,i4, conf=0: [db7ea609-3ced-42df-bea1-3bd72610fc9e:192.168.157.222:46031, 961c004b-2cdf-4092-9b5c-36f8bd0f140b:192.168.157.222:44865, 3c326374-3547-416b-998e-7532ea2ef48b:192.168.157.222:44132], old=null
2019-10-22 01:07:29,226 [961c004b-2cdf-4092-9b5c-36f8bd0f140b@group-3C40BA09D40C-LeaderElection56] INFO  impl.RaftServerImpl (RaftServerImpl.java:setRole(184)) - 961c004b-2cdf-4092-9b5c-36f8bd0f140b@group-3C40BA09D40C: changes role from CANDIDATE to FOLLOWER at term 56 for DISCOVERED_A_NEW_TERM
2019-10-22 01:07:29,227 [961c004b-2cdf-4092-9b5c-36f8bd0f140b@group-3C40BA09D40C-LeaderElection56] INFO  impl.RoleInfo (RoleInfo.java:shutdownLeaderElection(134)) - 961c004b-2cdf-4092-9b5c-36f8bd0f140b: shutdown LeaderElection
2019-10-22 01:07:29,227 [961c004b-2cdf-4092-9b5c-36f8bd0f140b@group-3C40BA09D40C-LeaderElection56] INFO  impl.RoleInfo (RoleInfo.java:updateAndGet(143)) - 961c004b-2cdf-4092-9b5c-36f8bd0f140b: start FollowerState
2019-10-22 01:07:29,402 [Thread-942] INFO  impl.FollowerState (FollowerState.java:run(108)) - 961c004b-2cdf-4092-9b5c-36f8bd0f140b@group-3C40BA09D40C-FollowerState: change to CANDIDATE, lastRpcTime:175ms, electionTimeout:175ms
2019-10-22 01:07:29,403 [Thread-942] INFO  impl.RoleInfo (RoleInfo.java:shutdownFollowerState(121)) - 961c004b-2cdf-4092-9b5c-36f8bd0f140b: shutdown FollowerState
2019-10-22 01:07:29,403 [Thread-942] INFO  impl.RaftServerImpl (RaftServerImpl.java:setRole(184)) - 961c004b-2cdf-4092-9b5c-36f8bd0f140b@group-3C40BA09D40C: changes role from  FOLLOWER to CANDIDATE at term 56 for changeToCandidate
2019-10-22 01:07:29,403 [Thread-942] INFO  impl.RoleInfo (RoleInfo.java:updateAndGet(143)) - 961c004b-2cdf-4092-9b5c-36f8bd0f140b: start LeaderElection
2019-10-22 01:07:29,418 [961c004b-2cdf-4092-9b5c-36f8bd0f140b@group-3C40BA09D40C-LeaderElection57] INFO  impl.LeaderElection (LeaderElection.java:askForVotes(178)) - 961c004b-2cdf-4092-9b5c-36f8bd0f140b@group-3C40BA09D40C-LeaderElection57: begin an election at term 57 for 0: [db7ea609-3ced-42df-bea1-3bd72610fc9e:192.168.157.222:46031, 961c004b-2cdf-4092-9b5c-36f8bd0f140b:192.168.157.222:44865, 3c326374-3547-416b-998e-7532ea2ef48b:192.168.157.222:44132], old=null
2019-10-22 01:07:29,421 [grpc-default-executor-7] INFO  impl.RaftServerImpl (RaftServerImpl.java:setRole(184)) - 3c326374-3547-416b-998e-7532ea2ef48b@group-3C40BA09D40C: changes role from  FOLLOWER to FOLLOWER at term 57 for recognizeCandidate:961c004b-2cdf-4092-9b5c-36f8bd0f140b
2019-10-22 01:07:29,421 [grpc-default-executor-7] INFO  impl.RoleInfo (RoleInfo.java:shutdownFollowerState(121)) - 3c326374-3547-416b-998e-7532ea2ef48b: shutdown FollowerState
2019-10-22 01:07:29,421 [grpc-default-executor-6] INFO  impl.RaftServerImpl (RaftServerImpl.java:setRole(184)) - db7ea609-3ced-42df-bea1-3bd72610fc9e@group-3C40BA09D40C: changes role from  FOLLOWER to FOLLOWER at term 57 for recognizeCandidate:961c004b-2cdf-4092-9b5c-36f8bd0f140b
2019-10-22 01:07:29,422 [Thread-941] INFO  impl.FollowerState (FollowerState.java:run(117)) - 3c326374-3547-416b-998e-7532ea2ef48b@group-3C40BA09D40C-FollowerState was interrupted: java.lang.InterruptedException: sleep interrupted
2019-10-22 01:07:29,422 [grpc-default-executor-7] INFO  impl.RoleInfo (RoleInfo.java:updateAndGet(143)) - 3c326374-3547-416b-998e-7532ea2ef48b: start FollowerState
2019-10-22 01:07:29,422 [grpc-default-executor-6] INFO  impl.RoleInfo (RoleInfo.java:shutdownFollowerState(121)) - db7ea609-3ced-42df-bea1-3bd72610fc9e: shutdown FollowerState
2019-10-22 01:07:29,422 [grpc-default-executor-6] INFO  impl.RoleInfo (RoleInfo.java:updateAndGet(143)) - db7ea609-3ced-42df-bea1-3bd72610fc9e: start FollowerState
2019-10-22 01:07:29,422 [Thread-940] INFO  impl.FollowerState (FollowerState.java:run(117)) - db7ea609-3ced-42df-bea1-3bd72610fc9e@group-3C40BA09D40C-FollowerState was interrupted: java.lang.InterruptedException: sleep interrupted
2019-10-22 01:07:29,435 [961c004b-2cdf-4092-9b5c-36f8bd0f140b@group-3C40BA09D40C-LeaderElection57] INFO  impl.LeaderElection (LeaderElection.java:logAndReturn(56)) - 961c004b-2cdf-4092-9b5c-36f8bd0f140b@group-3C40BA09D40C-LeaderElection57: Election REJECTED; received 2 response(s) [961c004b-2cdf-4092-9b5c-36f8bd0f140b<-db7ea609-3ced-42df-bea1-3bd72610fc9e#0:FAIL-t57, 961c004b-2cdf-4092-9b5c-36f8bd0f140b<-3c326374-3547-416b-998e-7532ea2ef48b#0:FAIL-t57] and 0 exception(s); 961c004b-2cdf-4092-9b5c-36f8bd0f140b@group-3C40BA09D40C:t57, leader=null, voted=961c004b-2cdf-4092-9b5c-36f8bd0f140b, raftlog=961c004b-2cdf-4092-9b5c-36f8bd0f140b@group-3C40BA09D40C-SegmentedRaftLog:OPENED:c3,f4,i4, conf=0: [db7ea609-3ced-42df-bea1-3bd72610fc9e:192.168.157.222:46031, 961c004b-2cdf-4092-9b5c-36f8bd0f140b:192.168.157.222:44865, 3c326374-3547-416b-998e-7532ea2ef48b:192.168.157.222:44132], old=null
2019-10-22 01:07:29,435 [961c004b-2cdf-4092-9b5c-36f8bd0f140b@group-3C40BA09D40C-LeaderElection57] INFO  impl.RaftServerImpl (RaftServerImpl.java:setRole(184)) - 961c004b-2cdf-4092-9b5c-36f8bd0f140b@group-3C40BA09D40C: changes role from CANDIDATE to FOLLOWER at term 57 for DISCOVERED_A_NEW_TERM
2019-10-22 01:07:29,435 [961c004b-2cdf-4092-9b5c-36f8bd0f140b@group-3C40BA09D40C-LeaderElection57] INFO  impl.RoleInfo (RoleInfo.java:shutdownLeaderElection(134)) - 961c004b-2cdf-4092-9b5c-36f8bd0f140b: shutdown LeaderElection
2019-10-22 01:07:29,435 [961c004b-2cdf-4092-9b5c-36f8bd0f140b@group-3C40BA09D40C-LeaderElection57] INFO  impl.RoleInfo (RoleInfo.java:updateAndGet(143)) - 961c004b-2cdf-4092-9b5c-36f8bd0f140b: start FollowerState
2019-10-22 01:07:29,492 [Thread-951] INFO  client.GrpcClientProtocolService (GrpcClientProtocolService.java:lambda$processClientRequest$0(278)) - Failed RaftClientRequest:client-266370AF2C40->db7ea609-3ced-42df-bea1-3bd72610fc9e@group-3C40BA09D40C, cid=10, seq=0, Watch-ALL_COMMITTED(6), Message:<EMPTY>, reply=RaftClientReply:client-266370AF2C40->db7ea609-3ced-42df-bea1-3bd72610fc9e@group-3C40BA09D40C, cid=10, FAILED org.apache.ratis.protocol.NotLeaderException: Server db7ea609-3ced-42df-bea1-3bd72610fc9e@group-3C40BA09D40C is not the leader, logIndex=0, commits[db7ea609-3ced-42df-bea1-3bd72610fc9e:c10, 961c004b-2cdf-4092-9b5c-36f8bd0f140b:c4, 3c326374-3547-416b-998e-7532ea2ef48b:c10]
2019-10-22 01:07:29,531 [Command processor thread] INFO  commandhandler.DeleteBlocksCommandHandler (DeleteBlocksCommandHandler.java:handle(106)) - Start to delete container blocks, TXIDs=[1(38)], numOfContainers=1, numOfBlocks=1
2019-10-22 01:07:29,589 [Thread-949] INFO  impl.FollowerState (FollowerState.java:run(108)) - 961c004b-2cdf-4092-9b5c-36f8bd0f140b@group-3C40BA09D40C-FollowerState: change to CANDIDATE, lastRpcTime:154ms, electionTimeout:154ms
2019-10-22 01:07:29,590 [Thread-949] INFO  impl.RoleInfo (RoleInfo.java:shutdownFollowerState(121)) - 961c004b-2cdf-4092-9b5c-36f8bd0f140b: shutdown FollowerState
2019-10-22 01:07:29,590 [Thread-949] INFO  impl.RaftServerImpl (RaftServerImpl.java:setRole(184)) - 961c004b-2cdf-4092-9b5c-36f8bd0f140b@group-3C40BA09D40C: changes role from  FOLLOWER to CANDIDATE at term 57 for changeToCandidate
2019-10-22 01:07:29,590 [Thread-949] INFO  impl.RoleInfo (RoleInfo.java:updateAndGet(143)) - 961c004b-2cdf-4092-9b5c-36f8bd0f140b: start LeaderElection
2019-10-22 01:07:29,604 [961c004b-2cdf-4092-9b5c-36f8bd0f140b@group-3C40BA09D40C-LeaderElection58] INFO  impl.LeaderElection (LeaderElection.java:askForVotes(178)) - 961c004b-2cdf-4092-9b5c-36f8bd0f140b@group-3C40BA09D40C-LeaderElection58: begin an election at term 58 for 0: [db7ea609-3ced-42df-bea1-3bd72610fc9e:192.168.157.222:46031, 961c004b-2cdf-4092-9b5c-36f8bd0f140b:192.168.157.222:44865, 3c326374-3547-416b-998e-7532ea2ef48b:192.168.157.222:44132], old=null
2019-10-22 01:07:29,607 [grpc-default-executor-6] INFO  impl.RaftServerImpl (RaftServerImpl.java:setRole(184)) - 3c326374-3547-416b-998e-7532ea2ef48b@group-3C40BA09D40C: changes role from  FOLLOWER to FOLLOWER at term 58 for recognizeCandidate:961c004b-2cdf-4092-9b5c-36f8bd0f140b
2019-10-22 01:07:29,607 [grpc-default-executor-7] INFO  impl.RaftServerImpl (RaftServerImpl.java:setRole(184)) - db7ea609-3ced-42df-bea1-3bd72610fc9e@group-3C40BA09D40C: changes role from  FOLLOWER to FOLLOWER at term 58 for recognizeCandidate:961c004b-2cdf-4092-9b5c-36f8bd0f140b
2019-10-22 01:07:29,607 [grpc-default-executor-6] INFO  impl.RoleInfo (RoleInfo.java:shutdownFollowerState(121)) - 3c326374-3547-416b-998e-7532ea2ef48b: shutdown FollowerState
2019-10-22 01:07:29,607 [grpc-default-executor-7] INFO  impl.RoleInfo (RoleInfo.java:shutdownFollowerState(121)) - db7ea609-3ced-42df-bea1-3bd72610fc9e: shutdown FollowerState
2019-10-22 01:07:29,607 [Thread-947] INFO  impl.FollowerState (FollowerState.java:run(117)) - 3c326374-3547-416b-998e-7532ea2ef48b@group-3C40BA09D40C-FollowerState was interrupted: java.lang.InterruptedException: sleep interrupted
2019-10-22 01:07:29,607 [grpc-default-executor-6] INFO  impl.RoleInfo (RoleInfo.java:updateAndGet(143)) - 3c326374-3547-416b-998e-7532ea2ef48b: start FollowerState
2019-10-22 01:07:29,607 [Thread-948] INFO  impl.FollowerState (FollowerState.java:run(117)) - db7ea609-3ced-42df-bea1-3bd72610fc9e@group-3C40BA09D40C-FollowerState was interrupted: java.lang.InterruptedException: sleep interrupted
2019-10-22 01:07:29,607 [grpc-default-executor-7] INFO  impl.RoleInfo (RoleInfo.java:updateAndGet(143)) - db7ea609-3ced-42df-bea1-3bd72610fc9e: start FollowerState
2019-10-22 01:07:29,672 [961c004b-2cdf-4092-9b5c-36f8bd0f140b@group-3C40BA09D40C-LeaderElection58] INFO  impl.LeaderElection (LeaderElection.java:logAndReturn(56)) - 961c004b-2cdf-4092-9b5c-36f8bd0f140b@group-3C40BA09D40C-LeaderElection58: Election REJECTED; received 2 response(s) [961c004b-2cdf-4092-9b5c-36f8bd0f140b<-db7ea609-3ced-42df-bea1-3bd72610fc9e#0:FAIL-t58, 961c004b-2cdf-4092-9b5c-36f8bd0f140b<-3c326374-3547-416b-998e-7532ea2ef48b#0:FAIL-t58] and 0 exception(s); 961c004b-2cdf-4092-9b5c-36f8bd0f140b@group-3C40BA09D40C:t58, leader=null, voted=961c004b-2cdf-4092-9b5c-36f8bd0f140b, raftlog=961c004b-2cdf-4092-9b5c-36f8bd0f140b@group-3C40BA09D40C-SegmentedRaftLog:OPENED:c3,f4,i4, conf=0: [db7ea609-3ced-42df-bea1-3bd72610fc9e:192.168.157.222:46031, 961c004b-2cdf-4092-9b5c-36f8bd0f140b:192.168.157.222:44865, 3c326374-3547-416b-998e-7532ea2ef48b:192.168.157.222:44132], old=null
2019-10-22 01:07:29,672 [961c004b-2cdf-4092-9b5c-36f8bd0f140b@group-3C40BA09D40C-LeaderElection58] INFO  impl.RaftServerImpl (RaftServerImpl.java:setRole(184)) - 961c004b-2cdf-4092-9b5c-36f8bd0f140b@group-3C40BA09D40C: changes role from CANDIDATE to FOLLOWER at term 58 for DISCOVERED_A_NEW_TERM
2019-10-22 01:07:29,672 [961c004b-2cdf-4092-9b5c-36f8bd0f140b@group-3C40BA09D40C-LeaderElection58] INFO  impl.RoleInfo (RoleInfo.java:shutdownLeaderElection(134)) - 961c004b-2cdf-4092-9b5c-36f8bd0f140b: shutdown LeaderElection
2019-10-22 01:07:29,672 [961c004b-2cdf-4092-9b5c-36f8bd0f140b@group-3C40BA09D40C-LeaderElection58] INFO  impl.RoleInfo (RoleInfo.java:updateAndGet(143)) - 961c004b-2cdf-4092-9b5c-36f8bd0f140b: start FollowerState
2019-10-22 01:07:29,731 [EventQueue-DeleteBlockStatusForEventWatcher$$Lambda$30/637241618] WARN  events.EventWatcher (EventWatcher.java:lambda$start$0(110)) - Completion event without active lease. Id=1571706439459
2019-10-22 01:07:29,731 [EventQueue-DeleteBlockStatusForDeletedBlockLogImpl] WARN  block.DeletedBlockLogImpl (DeletedBlockLogImpl.java:commitTransactions(205)) - Transaction txId=1 commit by dnId=961c004b-2cdf-4092-9b5c-36f8bd0f140b for containerID=#1 failed. Corresponding entry not found.
2019-10-22 01:07:29,850 [Thread-958] INFO  impl.FollowerState (FollowerState.java:run(108)) - 961c004b-2cdf-4092-9b5c-36f8bd0f140b@group-3C40BA09D40C-FollowerState: change to CANDIDATE, lastRpcTime:177ms, electionTimeout:177ms
2019-10-22 01:07:29,850 [Thread-958] INFO  impl.RoleInfo (RoleInfo.java:shutdownFollowerState(121)) - 961c004b-2cdf-4092-9b5c-36f8bd0f140b: shutdown FollowerState
2019-10-22 01:07:29,850 [Thread-958] INFO  impl.RaftServerImpl (RaftServerImpl.java:setRole(184)) - 961c004b-2cdf-4092-9b5c-36f8bd0f140b@group-3C40BA09D40C: changes role from  FOLLOWER to CANDIDATE at term 58 for changeToCandidate
2019-10-22 01:07:29,850 [Thread-958] INFO  impl.RoleInfo (RoleInfo.java:updateAndGet(143)) - 961c004b-2cdf-4092-9b5c-36f8bd0f140b: start LeaderElection
2019-10-22 01:07:29,855 [BlockDeletingService#2] WARN  background.BlockDeletingService (BlockDeletingService.java:isDeletionAllowed(187)) - Close Container log Index 6 is not replicated across allthe servers in the pipeline 2cbd8cfc-dfa6-4d43-b162-3c40ba09d40c as the min replicated index is 4. Deletion is not allowed in this container yet.
2019-10-22 01:07:29,856 [BlockDeletingService#2] WARN  background.BlockDeletingService (BlockDeletingService.java:isDeletionAllowed(187)) - Close Container log Index 6 is not replicated across allthe servers in the pipeline 2cbd8cfc-dfa6-4d43-b162-3c40ba09d40c as the min replicated index is 4. Deletion is not allowed in this container yet.
2019-10-22 01:07:29,864 [961c004b-2cdf-4092-9b5c-36f8bd0f140b@group-3C40BA09D40C-LeaderElection59] INFO  impl.LeaderElection (LeaderElection.java:askForVotes(178)) - 961c004b-2cdf-4092-9b5c-36f8bd0f140b@group-3C40BA09D40C-LeaderElection59: begin an election at term 59 for 0: [db7ea609-3ced-42df-bea1-3bd72610fc9e:192.168.157.222:46031, 961c004b-2cdf-4092-9b5c-36f8bd0f140b:192.168.157.222:44865, 3c326374-3547-416b-998e-7532ea2ef48b:192.168.157.222:44132], old=null
2019-10-22 01:07:29,867 [grpc-default-executor-7] INFO  impl.RaftServerImpl (RaftServerImpl.java:setRole(184)) - db7ea609-3ced-42df-bea1-3bd72610fc9e@group-3C40BA09D40C: changes role from  FOLLOWER to FOLLOWER at term 59 for recognizeCandidate:961c004b-2cdf-4092-9b5c-36f8bd0f140b
2019-10-22 01:07:29,867 [grpc-default-executor-6] INFO  impl.RaftServerImpl (RaftServerImpl.java:setRole(184)) - 3c326374-3547-416b-998e-7532ea2ef48b@group-3C40BA09D40C: changes role from  FOLLOWER to FOLLOWER at term 59 for recognizeCandidate:961c004b-2cdf-4092-9b5c-36f8bd0f140b
2019-10-22 01:07:29,867 [grpc-default-executor-7] INFO  impl.RoleInfo (RoleInfo.java:shutdownFollowerState(121)) - db7ea609-3ced-42df-bea1-3bd72610fc9e: shutdown FollowerState
2019-10-22 01:07:29,867 [grpc-default-executor-6] INFO  impl.RoleInfo (RoleInfo.java:shutdownFollowerState(121)) - 3c326374-3547-416b-998e-7532ea2ef48b: shutdown FollowerState
2019-10-22 01:07:29,868 [grpc-default-executor-7] INFO  impl.RoleInfo (RoleInfo.java:updateAndGet(143)) - db7ea609-3ced-42df-bea1-3bd72610fc9e: start FollowerState
2019-10-22 01:07:29,868 [Thread-956] INFO  impl.FollowerState (FollowerState.java:run(117)) - 3c326374-3547-416b-998e-7532ea2ef48b@group-3C40BA09D40C-FollowerState was interrupted: java.lang.InterruptedException: sleep interrupted
2019-10-22 01:07:29,868 [Thread-957] INFO  impl.FollowerState (FollowerState.java:run(117)) - db7ea609-3ced-42df-bea1-3bd72610fc9e@group-3C40BA09D40C-FollowerState was interrupted: java.lang.InterruptedException: sleep interrupted
2019-10-22 01:07:29,868 [grpc-default-executor-6] INFO  impl.RoleInfo (RoleInfo.java:updateAndGet(143)) - 3c326374-3547-416b-998e-7532ea2ef48b: start FollowerState
2019-10-22 01:07:29,887 [961c004b-2cdf-4092-9b5c-36f8bd0f140b@group-3C40BA09D40C-LeaderElection59] INFO  impl.LeaderElection (LeaderElection.java:logAndReturn(56)) - 961c004b-2cdf-4092-9b5c-36f8bd0f140b@group-3C40BA09D40C-LeaderElection59: Election REJECTED; received 2 response(s) [961c004b-2cdf-4092-9b5c-36f8bd0f140b<-db7ea609-3ced-42df-bea1-3bd72610fc9e#0:FAIL-t59, 961c004b-2cdf-4092-9b5c-36f8bd0f140b<-3c326374-3547-416b-998e-7532ea2ef48b#0:FAIL-t59] and 0 exception(s); 961c004b-2cdf-4092-9b5c-36f8bd0f140b@group-3C40BA09D40C:t59, leader=null, voted=961c004b-2cdf-4092-9b5c-36f8bd0f140b, raftlog=961c004b-2cdf-4092-9b5c-36f8bd0f140b@group-3C40BA09D40C-SegmentedRaftLog:OPENED:c3,f4,i4, conf=0: [db7ea609-3ced-42df-bea1-3bd72610fc9e:192.168.157.222:46031, 961c004b-2cdf-4092-9b5c-36f8bd0f140b:192.168.157.222:44865, 3c326374-3547-416b-998e-7532ea2ef48b:192.168.157.222:44132], old=null
2019-10-22 01:07:29,888 [961c004b-2cdf-4092-9b5c-36f8bd0f140b@group-3C40BA09D40C-LeaderElection59] INFO  impl.RaftServerImpl (RaftServerImpl.java:setRole(184)) - 961c004b-2cdf-4092-9b5c-36f8bd0f140b@group-3C40BA09D40C: changes role from CANDIDATE to FOLLOWER at term 59 for DISCOVERED_A_NEW_TERM
2019-10-22 01:07:29,888 [961c004b-2cdf-4092-9b5c-36f8bd0f140b@group-3C40BA09D40C-LeaderElection59] INFO  impl.RoleInfo (RoleInfo.java:shutdownLeaderElection(134)) - 961c004b-2cdf-4092-9b5c-36f8bd0f140b: shutdown LeaderElection
2019-10-22 01:07:29,888 [961c004b-2cdf-4092-9b5c-36f8bd0f140b@group-3C40BA09D40C-LeaderElection59] INFO  impl.RoleInfo (RoleInfo.java:updateAndGet(143)) - 961c004b-2cdf-4092-9b5c-36f8bd0f140b: start FollowerState
2019-10-22 01:07:29,964 [Thread-966] INFO  impl.FollowerState (FollowerState.java:run(108)) - 961c004b-2cdf-4092-9b5c-36f8bd0f140b@group-3C40BA09D40C-FollowerState: change to CANDIDATE, lastRpcTime:76ms, electionTimeout:76ms
2019-10-22 01:07:29,966 [Thread-966] INFO  impl.RoleInfo (RoleInfo.java:shutdownFollowerState(121)) - 961c004b-2cdf-4092-9b5c-36f8bd0f140b: shutdown FollowerState
2019-10-22 01:07:29,968 [Thread-966] INFO  impl.RaftServerImpl (RaftServerImpl.java:setRole(184)) - 961c004b-2cdf-4092-9b5c-36f8bd0f140b@group-3C40BA09D40C: changes role from  FOLLOWER to CANDIDATE at term 59 for changeToCandidate
2019-10-22 01:07:29,968 [Thread-966] INFO  impl.RoleInfo (RoleInfo.java:updateAndGet(143)) - 961c004b-2cdf-4092-9b5c-36f8bd0f140b: start LeaderElection
2019-10-22 01:07:29,984 [961c004b-2cdf-4092-9b5c-36f8bd0f140b@group-3C40BA09D40C-LeaderElection60] INFO  impl.LeaderElection (LeaderElection.java:askForVotes(178)) - 961c004b-2cdf-4092-9b5c-36f8bd0f140b@group-3C40BA09D40C-LeaderElection60: begin an election at term 60 for 0: [db7ea609-3ced-42df-bea1-3bd72610fc9e:192.168.157.222:46031, 961c004b-2cdf-4092-9b5c-36f8bd0f140b:192.168.157.222:44865, 3c326374-3547-416b-998e-7532ea2ef48b:192.168.157.222:44132], old=null
2019-10-22 01:07:29,987 [grpc-default-executor-7] INFO  impl.RaftServerImpl (RaftServerImpl.java:setRole(184)) - db7ea609-3ced-42df-bea1-3bd72610fc9e@group-3C40BA09D40C: changes role from  FOLLOWER to FOLLOWER at term 60 for recognizeCandidate:961c004b-2cdf-4092-9b5c-36f8bd0f140b
2019-10-22 01:07:29,987 [grpc-default-executor-7] INFO  impl.RoleInfo (RoleInfo.java:shutdownFollowerState(121)) - db7ea609-3ced-42df-bea1-3bd72610fc9e: shutdown FollowerState
2019-10-22 01:07:29,988 [grpc-default-executor-7] INFO  impl.RoleInfo (RoleInfo.java:updateAndGet(143)) - db7ea609-3ced-42df-bea1-3bd72610fc9e: start FollowerState
2019-10-22 01:07:29,988 [Thread-964] INFO  impl.FollowerState (FollowerState.java:run(117)) - db7ea609-3ced-42df-bea1-3bd72610fc9e@group-3C40BA09D40C-FollowerState was interrupted: java.lang.InterruptedException: sleep interrupted
2019-10-22 01:07:29,988 [grpc-default-executor-6] INFO  impl.RaftServerImpl (RaftServerImpl.java:setRole(184)) - 3c326374-3547-416b-998e-7532ea2ef48b@group-3C40BA09D40C: changes role from  FOLLOWER to FOLLOWER at term 60 for recognizeCandidate:961c004b-2cdf-4092-9b5c-36f8bd0f140b
2019-10-22 01:07:29,988 [grpc-default-executor-6] INFO  impl.RoleInfo (RoleInfo.java:shutdownFollowerState(121)) - 3c326374-3547-416b-998e-7532ea2ef48b: shutdown FollowerState
2019-10-22 01:07:29,988 [grpc-default-executor-6] INFO  impl.RoleInfo (RoleInfo.java:updateAndGet(143)) - 3c326374-3547-416b-998e-7532ea2ef48b: start FollowerState
2019-10-22 01:07:29,988 [Thread-965] INFO  impl.FollowerState (FollowerState.java:run(117)) - 3c326374-3547-416b-998e-7532ea2ef48b@group-3C40BA09D40C-FollowerState was interrupted: java.lang.InterruptedException: sleep interrupted
2019-10-22 01:07:30,002 [961c004b-2cdf-4092-9b5c-36f8bd0f140b@group-3C40BA09D40C-LeaderElection60] INFO  impl.LeaderElection (LeaderElection.java:logAndReturn(56)) - 961c004b-2cdf-4092-9b5c-36f8bd0f140b@group-3C40BA09D40C-LeaderElection60: Election REJECTED; received 2 response(s) [961c004b-2cdf-4092-9b5c-36f8bd0f140b<-db7ea609-3ced-42df-bea1-3bd72610fc9e#0:FAIL-t60, 961c004b-2cdf-4092-9b5c-36f8bd0f140b<-3c326374-3547-416b-998e-7532ea2ef48b#0:FAIL-t60] and 0 exception(s); 961c004b-2cdf-4092-9b5c-36f8bd0f140b@group-3C40BA09D40C:t60, leader=null, voted=961c004b-2cdf-4092-9b5c-36f8bd0f140b, raftlog=961c004b-2cdf-4092-9b5c-36f8bd0f140b@group-3C40BA09D40C-SegmentedRaftLog:OPENED:c3,f4,i4, conf=0: [db7ea609-3ced-42df-bea1-3bd72610fc9e:192.168.157.222:46031, 961c004b-2cdf-4092-9b5c-36f8bd0f140b:192.168.157.222:44865, 3c326374-3547-416b-998e-7532ea2ef48b:192.168.157.222:44132], old=null
2019-10-22 01:07:30,003 [961c004b-2cdf-4092-9b5c-36f8bd0f140b@group-3C40BA09D40C-LeaderElection60] INFO  impl.RaftServerImpl (RaftServerImpl.java:setRole(184)) - 961c004b-2cdf-4092-9b5c-36f8bd0f140b@group-3C40BA09D40C: changes role from CANDIDATE to FOLLOWER at term 60 for DISCOVERED_A_NEW_TERM
2019-10-22 01:07:30,003 [961c004b-2cdf-4092-9b5c-36f8bd0f140b@group-3C40BA09D40C-LeaderElection60] INFO  impl.RoleInfo (RoleInfo.java:shutdownLeaderElection(134)) - 961c004b-2cdf-4092-9b5c-36f8bd0f140b: shutdown LeaderElection
2019-10-22 01:07:30,003 [961c004b-2cdf-4092-9b5c-36f8bd0f140b@group-3C40BA09D40C-LeaderElection60] INFO  impl.RoleInfo (RoleInfo.java:updateAndGet(143)) - 961c004b-2cdf-4092-9b5c-36f8bd0f140b: start FollowerState
2019-10-22 01:07:30,121 [Thread-972] INFO  impl.FollowerState (FollowerState.java:run(108)) - 961c004b-2cdf-4092-9b5c-36f8bd0f140b@group-3C40BA09D40C-FollowerState: change to CANDIDATE, lastRpcTime:118ms, electionTimeout:118ms
2019-10-22 01:07:30,121 [Thread-972] INFO  impl.RoleInfo (RoleInfo.java:shutdownFollowerState(121)) - 961c004b-2cdf-4092-9b5c-36f8bd0f140b: shutdown FollowerState
2019-10-22 01:07:30,121 [Thread-972] INFO  impl.RaftServerImpl (RaftServerImpl.java:setRole(184)) - 961c004b-2cdf-4092-9b5c-36f8bd0f140b@group-3C40BA09D40C: changes role from  FOLLOWER to CANDIDATE at term 60 for changeToCandidate
2019-10-22 01:07:30,122 [Thread-972] INFO  impl.RoleInfo (RoleInfo.java:updateAndGet(143)) - 961c004b-2cdf-4092-9b5c-36f8bd0f140b: start LeaderElection
2019-10-22 01:07:30,136 [961c004b-2cdf-4092-9b5c-36f8bd0f140b@group-3C40BA09D40C-LeaderElection61] INFO  impl.LeaderElection (LeaderElection.java:askForVotes(178)) - 961c004b-2cdf-4092-9b5c-36f8bd0f140b@group-3C40BA09D40C-LeaderElection61: begin an election at term 61 for 0: [db7ea609-3ced-42df-bea1-3bd72610fc9e:192.168.157.222:46031, 961c004b-2cdf-4092-9b5c-36f8bd0f140b:192.168.157.222:44865, 3c326374-3547-416b-998e-7532ea2ef48b:192.168.157.222:44132], old=null
2019-10-22 01:07:30,140 [grpc-default-executor-6] INFO  impl.RaftServerImpl (RaftServerImpl.java:setRole(184)) - db7ea609-3ced-42df-bea1-3bd72610fc9e@group-3C40BA09D40C: changes role from  FOLLOWER to FOLLOWER at term 61 for recognizeCandidate:961c004b-2cdf-4092-9b5c-36f8bd0f140b
2019-10-22 01:07:30,140 [grpc-default-executor-6] INFO  impl.RoleInfo (RoleInfo.java:shutdownFollowerState(121)) - db7ea609-3ced-42df-bea1-3bd72610fc9e: shutdown FollowerState
2019-10-22 01:07:30,140 [grpc-default-executor-6] INFO  impl.RoleInfo (RoleInfo.java:updateAndGet(143)) - db7ea609-3ced-42df-bea1-3bd72610fc9e: start FollowerState
2019-10-22 01:07:30,140 [Thread-970] INFO  impl.FollowerState (FollowerState.java:run(117)) - db7ea609-3ced-42df-bea1-3bd72610fc9e@group-3C40BA09D40C-FollowerState was interrupted: java.lang.InterruptedException: sleep interrupted
2019-10-22 01:07:30,140 [grpc-default-executor-7] INFO  impl.RaftServerImpl (RaftServerImpl.java:setRole(184)) - 3c326374-3547-416b-998e-7532ea2ef48b@group-3C40BA09D40C: changes role from  FOLLOWER to FOLLOWER at term 61 for recognizeCandidate:961c004b-2cdf-4092-9b5c-36f8bd0f140b
2019-10-22 01:07:30,141 [grpc-default-executor-7] INFO  impl.RoleInfo (RoleInfo.java:shutdownFollowerState(121)) - 3c326374-3547-416b-998e-7532ea2ef48b: shutdown FollowerState
2019-10-22 01:07:30,141 [Thread-971] INFO  impl.FollowerState (FollowerState.java:run(117)) - 3c326374-3547-416b-998e-7532ea2ef48b@group-3C40BA09D40C-FollowerState was interrupted: java.lang.InterruptedException: sleep interrupted
2019-10-22 01:07:30,141 [grpc-default-executor-7] INFO  impl.RoleInfo (RoleInfo.java:updateAndGet(143)) - 3c326374-3547-416b-998e-7532ea2ef48b: start FollowerState
2019-10-22 01:07:30,155 [961c004b-2cdf-4092-9b5c-36f8bd0f140b@group-3C40BA09D40C-LeaderElection61] INFO  impl.LeaderElection (LeaderElection.java:logAndReturn(56)) - 961c004b-2cdf-4092-9b5c-36f8bd0f140b@group-3C40BA09D40C-LeaderElection61: Election REJECTED; received 2 response(s) [961c004b-2cdf-4092-9b5c-36f8bd0f140b<-db7ea609-3ced-42df-bea1-3bd72610fc9e#0:FAIL-t61, 961c004b-2cdf-4092-9b5c-36f8bd0f140b<-3c326374-3547-416b-998e-7532ea2ef48b#0:FAIL-t61] and 0 exception(s); 961c004b-2cdf-4092-9b5c-36f8bd0f140b@group-3C40BA09D40C:t61, leader=null, voted=961c004b-2cdf-4092-9b5c-36f8bd0f140b, raftlog=961c004b-2cdf-4092-9b5c-36f8bd0f140b@group-3C40BA09D40C-SegmentedRaftLog:OPENED:c3,f4,i4, conf=0: [db7ea609-3ced-42df-bea1-3bd72610fc9e:192.168.157.222:46031, 961c004b-2cdf-4092-9b5c-36f8bd0f140b:192.168.157.222:44865, 3c326374-3547-416b-998e-7532ea2ef48b:192.168.157.222:44132], old=null
2019-10-22 01:07:30,155 [961c004b-2cdf-4092-9b5c-36f8bd0f140b@group-3C40BA09D40C-LeaderElection61] INFO  impl.RaftServerImpl (RaftServerImpl.java:setRole(184)) - 961c004b-2cdf-4092-9b5c-36f8bd0f140b@group-3C40BA09D40C: changes role from CANDIDATE to FOLLOWER at term 61 for DISCOVERED_A_NEW_TERM
2019-10-22 01:07:30,155 [961c004b-2cdf-4092-9b5c-36f8bd0f140b@group-3C40BA09D40C-LeaderElection61] INFO  impl.RoleInfo (RoleInfo.java:shutdownLeaderElection(134)) - 961c004b-2cdf-4092-9b5c-36f8bd0f140b: shutdown LeaderElection
2019-10-22 01:07:30,155 [961c004b-2cdf-4092-9b5c-36f8bd0f140b@group-3C40BA09D40C-LeaderElection61] INFO  impl.RoleInfo (RoleInfo.java:updateAndGet(143)) - 961c004b-2cdf-4092-9b5c-36f8bd0f140b: start FollowerState
2019-10-22 01:07:30,159 [Thread-978] INFO  impl.FollowerState (FollowerState.java:run(108)) - 961c004b-2cdf-4092-9b5c-36f8bd0f140b@group-3C40BA09D40C-FollowerState: change to CANDIDATE, lastRpcTime:3ms, electionTimeout:3ms
2019-10-22 01:07:30,159 [Thread-978] INFO  impl.RoleInfo (RoleInfo.java:shutdownFollowerState(121)) - 961c004b-2cdf-4092-9b5c-36f8bd0f140b: shutdown FollowerState
2019-10-22 01:07:30,159 [Thread-978] INFO  impl.RaftServerImpl (RaftServerImpl.java:setRole(184)) - 961c004b-2cdf-4092-9b5c-36f8bd0f140b@group-3C40BA09D40C: changes role from  FOLLOWER to CANDIDATE at term 61 for changeToCandidate
2019-10-22 01:07:30,159 [Thread-978] INFO  impl.RoleInfo (RoleInfo.java:updateAndGet(143)) - 961c004b-2cdf-4092-9b5c-36f8bd0f140b: start LeaderElection
2019-10-22 01:07:30,173 [961c004b-2cdf-4092-9b5c-36f8bd0f140b@group-3C40BA09D40C-LeaderElection62] INFO  impl.LeaderElection (LeaderElection.java:askForVotes(178)) - 961c004b-2cdf-4092-9b5c-36f8bd0f140b@group-3C40BA09D40C-LeaderElection62: begin an election at term 62 for 0: [db7ea609-3ced-42df-bea1-3bd72610fc9e:192.168.157.222:46031, 961c004b-2cdf-4092-9b5c-36f8bd0f140b:192.168.157.222:44865, 3c326374-3547-416b-998e-7532ea2ef48b:192.168.157.222:44132], old=null
2019-10-22 01:07:30,175 [grpc-default-executor-6] INFO  impl.RaftServerImpl (RaftServerImpl.java:setRole(184)) - db7ea609-3ced-42df-bea1-3bd72610fc9e@group-3C40BA09D40C: changes role from  FOLLOWER to FOLLOWER at term 62 for recognizeCandidate:961c004b-2cdf-4092-9b5c-36f8bd0f140b
2019-10-22 01:07:30,175 [grpc-default-executor-6] INFO  impl.RoleInfo (RoleInfo.java:shutdownFollowerState(121)) - db7ea609-3ced-42df-bea1-3bd72610fc9e: shutdown FollowerState
2019-10-22 01:07:30,175 [grpc-default-executor-6] INFO  impl.RoleInfo (RoleInfo.java:updateAndGet(143)) - db7ea609-3ced-42df-bea1-3bd72610fc9e: start FollowerState
2019-10-22 01:07:30,175 [grpc-default-executor-7] INFO  impl.RaftServerImpl (RaftServerImpl.java:setRole(184)) - 3c326374-3547-416b-998e-7532ea2ef48b@group-3C40BA09D40C: changes role from  FOLLOWER to FOLLOWER at term 62 for recognizeCandidate:961c004b-2cdf-4092-9b5c-36f8bd0f140b
2019-10-22 01:07:30,175 [Thread-976] INFO  impl.FollowerState (FollowerState.java:run(117)) - db7ea609-3ced-42df-bea1-3bd72610fc9e@group-3C40BA09D40C-FollowerState was interrupted: java.lang.InterruptedException: sleep interrupted
2019-10-22 01:07:30,176 [grpc-default-executor-7] INFO  impl.RoleInfo (RoleInfo.java:shutdownFollowerState(121)) - 3c326374-3547-416b-998e-7532ea2ef48b: shutdown FollowerState
2019-10-22 01:07:30,176 [Thread-977] INFO  impl.FollowerState (FollowerState.java:run(117)) - 3c326374-3547-416b-998e-7532ea2ef48b@group-3C40BA09D40C-FollowerState was interrupted: java.lang.InterruptedException: sleep interrupted
2019-10-22 01:07:30,176 [grpc-default-executor-7] INFO  impl.RoleInfo (RoleInfo.java:updateAndGet(143)) - 3c326374-3547-416b-998e-7532ea2ef48b: start FollowerState
2019-10-22 01:07:30,190 [961c004b-2cdf-4092-9b5c-36f8bd0f140b@group-3C40BA09D40C-LeaderElection62] INFO  impl.LeaderElection (LeaderElection.java:logAndReturn(56)) - 961c004b-2cdf-4092-9b5c-36f8bd0f140b@group-3C40BA09D40C-LeaderElection62: Election REJECTED; received 2 response(s) [961c004b-2cdf-4092-9b5c-36f8bd0f140b<-db7ea609-3ced-42df-bea1-3bd72610fc9e#0:FAIL-t62, 961c004b-2cdf-4092-9b5c-36f8bd0f140b<-3c326374-3547-416b-998e-7532ea2ef48b#0:FAIL-t62] and 0 exception(s); 961c004b-2cdf-4092-9b5c-36f8bd0f140b@group-3C40BA09D40C:t62, leader=null, voted=961c004b-2cdf-4092-9b5c-36f8bd0f140b, raftlog=961c004b-2cdf-4092-9b5c-36f8bd0f140b@group-3C40BA09D40C-SegmentedRaftLog:OPENED:c3,f4,i4, conf=0: [db7ea609-3ced-42df-bea1-3bd72610fc9e:192.168.157.222:46031, 961c004b-2cdf-4092-9b5c-36f8bd0f140b:192.168.157.222:44865, 3c326374-3547-416b-998e-7532ea2ef48b:192.168.157.222:44132], old=null
2019-10-22 01:07:30,190 [961c004b-2cdf-4092-9b5c-36f8bd0f140b@group-3C40BA09D40C-LeaderElection62] INFO  impl.RaftServerImpl (RaftServerImpl.java:setRole(184)) - 961c004b-2cdf-4092-9b5c-36f8bd0f140b@group-3C40BA09D40C: changes role from CANDIDATE to FOLLOWER at term 62 for DISCOVERED_A_NEW_TERM
2019-10-22 01:07:30,191 [961c004b-2cdf-4092-9b5c-36f8bd0f140b@group-3C40BA09D40C-LeaderElection62] INFO  impl.RoleInfo (RoleInfo.java:shutdownLeaderElection(134)) - 961c004b-2cdf-4092-9b5c-36f8bd0f140b: shutdown LeaderElection
2019-10-22 01:07:30,191 [961c004b-2cdf-4092-9b5c-36f8bd0f140b@group-3C40BA09D40C-LeaderElection62] INFO  impl.RoleInfo (RoleInfo.java:updateAndGet(143)) - 961c004b-2cdf-4092-9b5c-36f8bd0f140b: start FollowerState
2019-10-22 01:07:30,282 [Thread-984] INFO  impl.FollowerState (FollowerState.java:run(108)) - 961c004b-2cdf-4092-9b5c-36f8bd0f140b@group-3C40BA09D40C-FollowerState: change to CANDIDATE, lastRpcTime:91ms, electionTimeout:91ms
2019-10-22 01:07:30,282 [Thread-984] INFO  impl.RoleInfo (RoleInfo.java:shutdownFollowerState(121)) - 961c004b-2cdf-4092-9b5c-36f8bd0f140b: shutdown FollowerState
2019-10-22 01:07:30,282 [Thread-984] INFO  impl.RaftServerImpl (RaftServerImpl.java:setRole(184)) - 961c004b-2cdf-4092-9b5c-36f8bd0f140b@group-3C40BA09D40C: changes role from  FOLLOWER to CANDIDATE at term 62 for changeToCandidate
2019-10-22 01:07:30,283 [Thread-984] INFO  impl.RoleInfo (RoleInfo.java:updateAndGet(143)) - 961c004b-2cdf-4092-9b5c-36f8bd0f140b: start LeaderElection
2019-10-22 01:07:30,307 [961c004b-2cdf-4092-9b5c-36f8bd0f140b@group-3C40BA09D40C-LeaderElection63] INFO  impl.LeaderElection (LeaderElection.java:askForVotes(178)) - 961c004b-2cdf-4092-9b5c-36f8bd0f140b@group-3C40BA09D40C-LeaderElection63: begin an election at term 63 for 0: [db7ea609-3ced-42df-bea1-3bd72610fc9e:192.168.157.222:46031, 961c004b-2cdf-4092-9b5c-36f8bd0f140b:192.168.157.222:44865, 3c326374-3547-416b-998e-7532ea2ef48b:192.168.157.222:44132], old=null
2019-10-22 01:07:30,311 [grpc-default-executor-6] INFO  impl.RaftServerImpl (RaftServerImpl.java:setRole(184)) - db7ea609-3ced-42df-bea1-3bd72610fc9e@group-3C40BA09D40C: changes role from  FOLLOWER to FOLLOWER at term 63 for recognizeCandidate:961c004b-2cdf-4092-9b5c-36f8bd0f140b
2019-10-22 01:07:30,311 [grpc-default-executor-6] INFO  impl.RoleInfo (RoleInfo.java:shutdownFollowerState(121)) - db7ea609-3ced-42df-bea1-3bd72610fc9e: shutdown FollowerState
2019-10-22 01:07:30,311 [grpc-default-executor-6] INFO  impl.RoleInfo (RoleInfo.java:updateAndGet(143)) - db7ea609-3ced-42df-bea1-3bd72610fc9e: start FollowerState
2019-10-22 01:07:30,312 [Thread-982] INFO  impl.FollowerState (FollowerState.java:run(117)) - db7ea609-3ced-42df-bea1-3bd72610fc9e@group-3C40BA09D40C-FollowerState was interrupted: java.lang.InterruptedException: sleep interrupted
2019-10-22 01:07:30,313 [grpc-default-executor-7] INFO  impl.RaftServerImpl (RaftServerImpl.java:setRole(184)) - 3c326374-3547-416b-998e-7532ea2ef48b@group-3C40BA09D40C: changes role from  FOLLOWER to FOLLOWER at term 63 for recognizeCandidate:961c004b-2cdf-4092-9b5c-36f8bd0f140b
2019-10-22 01:07:30,313 [grpc-default-executor-7] INFO  impl.RoleInfo (RoleInfo.java:shutdownFollowerState(121)) - 3c326374-3547-416b-998e-7532ea2ef48b: shutdown FollowerState
2019-10-22 01:07:30,313 [Thread-983] INFO  impl.FollowerState (FollowerState.java:run(117)) - 3c326374-3547-416b-998e-7532ea2ef48b@group-3C40BA09D40C-FollowerState was interrupted: java.lang.InterruptedException: sleep interrupted
2019-10-22 01:07:30,313 [grpc-default-executor-7] INFO  impl.RoleInfo (RoleInfo.java:updateAndGet(143)) - 3c326374-3547-416b-998e-7532ea2ef48b: start FollowerState
]]></system-out>
    <system-err><![CDATA[ERROR StatusLogger No Log4j 2 configuration file found. Using default configuration (logging only errors to the console), or user programmatically provided configurations. Set system property 'log4j2.debug' to show Log4j 2 internal initialization logging. See https://logging.apache.org/log4j/2.x/manual/configuration.html for instructions on how to configure Log4j 2
Oct 22, 2019 1:05:44 AM org.apache.ratis.thirdparty.io.grpc.internal.SerializingExecutor run
SEVERE: Exception while executing runnable org.apache.ratis.thirdparty.io.grpc.internal.ServerImpl$JumpToApplicationThreadServerStreamListener$1Closed@799c7eb3
org.apache.ratis.thirdparty.io.grpc.StatusRuntimeException: CANCELLED: call already cancelled
	at org.apache.ratis.thirdparty.io.grpc.Status.asRuntimeException(Status.java:517)
	at org.apache.ratis.thirdparty.io.grpc.stub.ServerCalls$ServerCallStreamObserverImpl.onCompleted(ServerCalls.java:356)
	at org.apache.ratis.grpc.server.GrpcServerProtocolService$ServerRequestStreamObserver.onError(GrpcServerProtocolService.java:121)
	at org.apache.ratis.thirdparty.io.grpc.stub.ServerCalls$StreamingServerCallHandler$StreamingServerCallListener.onCancel(ServerCalls.java:269)
	at org.apache.ratis.thirdparty.io.grpc.internal.ServerCallImpl$ServerStreamListenerImpl.closed(ServerCallImpl.java:293)
	at org.apache.ratis.thirdparty.io.grpc.internal.ServerImpl$JumpToApplicationThreadServerStreamListener$1Closed.runInContext(ServerImpl.java:741)
	at org.apache.ratis.thirdparty.io.grpc.internal.ContextRunnable.run(ContextRunnable.java:37)
	at org.apache.ratis.thirdparty.io.grpc.internal.SerializingExecutor.run(SerializingExecutor.java:123)
	at java.util.concurrent.ThreadPoolExecutor.runWorker(ThreadPoolExecutor.java:1149)
	at java.util.concurrent.ThreadPoolExecutor$Worker.run(ThreadPoolExecutor.java:624)
	at java.lang.Thread.run(Thread.java:748)

Oct 22, 2019 1:05:44 AM org.apache.ratis.thirdparty.io.grpc.internal.SerializingExecutor run
SEVERE: Exception while executing runnable org.apache.ratis.thirdparty.io.grpc.internal.ClientCallImpl$ClientStreamListenerImpl$1StreamClosed@72ba48f4
java.lang.NullPointerException
	at org.apache.ratis.grpc.server.GrpcLogAppender$AppendLogResponseHandler.onError(GrpcLogAppender.java:303)
	at org.apache.ratis.thirdparty.io.grpc.stub.ClientCalls$StreamObserverToCallListenerAdapter.onClose(ClientCalls.java:434)
	at org.apache.ratis.thirdparty.io.grpc.PartialForwardingClientCallListener.onClose(PartialForwardingClientCallListener.java:39)
	at org.apache.ratis.thirdparty.io.grpc.ForwardingClientCallListener.onClose(ForwardingClientCallListener.java:23)
	at org.apache.ratis.thirdparty.io.grpc.ForwardingClientCallListener$SimpleForwardingClientCallListener.onClose(ForwardingClientCallListener.java:40)
	at org.apache.ratis.thirdparty.io.grpc.internal.CensusStatsModule$StatsClientInterceptor$1$1.onClose(CensusStatsModule.java:678)
	at org.apache.ratis.thirdparty.io.grpc.PartialForwardingClientCallListener.onClose(PartialForwardingClientCallListener.java:39)
	at org.apache.ratis.thirdparty.io.grpc.ForwardingClientCallListener.onClose(ForwardingClientCallListener.java:23)
	at org.apache.ratis.thirdparty.io.grpc.ForwardingClientCallListener$SimpleForwardingClientCallListener.onClose(ForwardingClientCallListener.java:40)
	at org.apache.ratis.thirdparty.io.grpc.internal.CensusTracingModule$TracingClientInterceptor$1$1.onClose(CensusTracingModule.java:397)
	at org.apache.ratis.thirdparty.io.grpc.internal.ClientCallImpl.closeObserver(ClientCallImpl.java:459)
	at org.apache.ratis.thirdparty.io.grpc.internal.ClientCallImpl.access$300(ClientCallImpl.java:63)
	at org.apache.ratis.thirdparty.io.grpc.internal.ClientCallImpl$ClientStreamListenerImpl.close(ClientCallImpl.java:546)
	at org.apache.ratis.thirdparty.io.grpc.internal.ClientCallImpl$ClientStreamListenerImpl.access$600(ClientCallImpl.java:467)
	at org.apache.ratis.thirdparty.io.grpc.internal.ClientCallImpl$ClientStreamListenerImpl$1StreamClosed.runInContext(ClientCallImpl.java:584)
	at org.apache.ratis.thirdparty.io.grpc.internal.ContextRunnable.run(ContextRunnable.java:37)
	at org.apache.ratis.thirdparty.io.grpc.internal.SerializingExecutor.run(SerializingExecutor.java:123)
	at java.util.concurrent.ThreadPoolExecutor.runWorker(ThreadPoolExecutor.java:1149)
	at java.util.concurrent.ThreadPoolExecutor$Worker.run(ThreadPoolExecutor.java:624)
	at java.lang.Thread.run(Thread.java:748)

]]></system-err>
  </testcase>
</testsuite>