<?xml version="1.0" encoding="UTF-8"?>
<testsuite xmlns:xsi="http://www.w3.org/2001/XMLSchema-instance" xsi:noNamespaceSchemaLocation="https://maven.apache.org/surefire/maven-surefire-plugin/xsd/surefire-test-report.xsd" name="org.apache.hadoop.ozone.client.rpc.TestBlockOutputStreamWithFailures" time="726.008" tests="8" errors="0" skipped="0" failures="2">
  <properties>
    <property name="awt.toolkit" value="sun.awt.X11.XToolkit"/>
    <property name="file.encoding.pkg" value="sun.io"/>
    <property name="java.specification.version" value="1.8"/>
    <property name="sun.cpu.isalist" value=""/>
    <property name="sun.jnu.encoding" value="UTF-8"/>
    <property name="java.class.path" value="/workdir/hadoop-ozone/integration-test/target/test-classes:/workdir/hadoop-ozone/integration-test/target/classes:/home/user/.m2/repository/org/apache/hadoop/hadoop-ozone-common/0.5.0-SNAPSHOT/hadoop-ozone-common-0.5.0-SNAPSHOT.jar:/home/user/.m2/repository/org/apache/commons/commons-compress/1.4.1/commons-compress-1.4.1.jar:/home/user/.m2/repository/org/tukaani/xz/1.0/xz-1.0.jar:/home/user/.m2/repository/org/apache/hadoop/hadoop-common/3.2.0/hadoop-common-3.2.0.jar:/home/user/.m2/repository/org/apache/hadoop/hadoop-hdfs/3.2.0/hadoop-hdfs-3.2.0.jar:/home/user/.m2/repository/org/apache/hadoop/hadoop-hdfs-client/3.2.0/hadoop-hdfs-client-3.2.0.jar:/home/user/.m2/repository/com/fasterxml/jackson/core/jackson-annotations/2.9.9/jackson-annotations-2.9.9.jar:/home/user/.m2/repository/org/apache/hadoop/hadoop-hdds-common/0.5.0-SNAPSHOT/hadoop-hdds-common-0.5.0-SNAPSHOT.jar:/home/user/.m2/repository/javax/annotation/javax.annotation-api/1.2/javax.annotation-api-1.2.jar:/home/user/.m2/repository/org/apache/ratis/ratis-server/0.4.0-78e95b9-SNAPSHOT/ratis-server-0.4.0-78e95b9-SNAPSHOT.jar:/home/user/.m2/repository/org/apache/ratis/ratis-thirdparty-misc/0.2.0/ratis-thirdparty-misc-0.2.0.jar:/home/user/.m2/repository/org/apache/ratis/ratis-proto/0.4.0-78e95b9-SNAPSHOT/ratis-proto-0.4.0-78e95b9-SNAPSHOT.jar:/home/user/.m2/repository/org/apache/ratis/ratis-common/0.4.0-78e95b9-SNAPSHOT/ratis-common-0.4.0-78e95b9-SNAPSHOT.jar:/home/user/.m2/repository/org/apache/ratis/ratis-client/0.4.0-78e95b9-SNAPSHOT/ratis-client-0.4.0-78e95b9-SNAPSHOT.jar:/home/user/.m2/repository/org/apache/ratis/ratis-metrics/0.4.0-78e95b9-SNAPSHOT/ratis-metrics-0.4.0-78e95b9-SNAPSHOT.jar:/home/user/.m2/repository/com/github/joshelser/dropwizard-metrics-hadoop-metrics2-reporter/0.1.2/dropwizard-metrics-hadoop-metrics2-reporter-0.1.2.jar:/home/user/.m2/repository/io/dropwizard/metrics/metrics-jvm/3.2.5/metrics-jvm-3.2.5.jar:/home/user/.m2/repository/io/dropwizard/metrics/metrics-ganglia/3.2.5/metrics-ganglia-3.2.5.jar:/home/user/.m2/repository/info/ganglia/gmetric4j/gmetric4j/1.0.7/gmetric4j-1.0.7.jar:/home/user/.m2/repository/org/apache/ratis/ratis-netty/0.4.0-78e95b9-SNAPSHOT/ratis-netty-0.4.0-78e95b9-SNAPSHOT.jar:/home/user/.m2/repository/org/apache/ratis/ratis-grpc/0.4.0-78e95b9-SNAPSHOT/ratis-grpc-0.4.0-78e95b9-SNAPSHOT.jar:/home/user/.m2/repository/org/rocksdb/rocksdbjni/6.0.1/rocksdbjni-6.0.1.jar:/home/user/.m2/repository/org/apache/logging/log4j/log4j-api/2.11.0/log4j-api-2.11.0.jar:/home/user/.m2/repository/org/apache/logging/log4j/log4j-core/2.11.0/log4j-core-2.11.0.jar:/home/user/.m2/repository/com/lmax/disruptor/3.4.2/disruptor-3.4.2.jar:/home/user/.m2/repository/org/apache/commons/commons-pool2/2.6.0/commons-pool2-2.6.0.jar:/home/user/.m2/repository/org/bouncycastle/bcpkix-jdk15on/1.60/bcpkix-jdk15on-1.60.jar:/home/user/.m2/repository/commons-validator/commons-validator/1.6/commons-validator-1.6.jar:/home/user/.m2/repository/commons-digester/commons-digester/1.8.1/commons-digester-1.8.1.jar:/home/user/.m2/repository/io/jaegertracing/jaeger-client/0.33.1/jaeger-client-0.33.1.jar:/home/user/.m2/repository/io/jaegertracing/jaeger-thrift/0.33.1/jaeger-thrift-0.33.1.jar:/home/user/.m2/repository/org/apache/thrift/libthrift/0.11.0/libthrift-0.11.0.jar:/home/user/.m2/repository/com/squareup/okhttp3/okhttp/3.9.0/okhttp-3.9.0.jar:/home/user/.m2/repository/com/squareup/okio/okio/1.13.0/okio-1.13.0.jar:/home/user/.m2/repository/io/jaegertracing/jaeger-core/0.33.1/jaeger-core-0.33.1.jar:/home/user/.m2/repository/io/jaegertracing/jaeger-tracerresolver/0.33.1/jaeger-tracerresolver-0.33.1.jar:/home/user/.m2/repository/io/opentracing/contrib/opentracing-tracerresolver/0.1.5/opentracing-tracerresolver-0.1.5.jar:/home/user/.m2/repository/io/opentracing/opentracing-util/0.31.0/opentracing-util-0.31.0.jar:/home/user/.m2/repository/io/opentracing/opentracing-api/0.31.0/opentracing-api-0.31.0.jar:/home/user/.m2/repository/io/opentracing/opentracing-noop/0.31.0/opentracing-noop-0.31.0.jar:/home/user/.m2/repository/org/apache/hadoop/hadoop-hdds-server-framework/0.5.0-SNAPSHOT/hadoop-hdds-server-framework-0.5.0-SNAPSHOT.jar:/home/user/.m2/repository/org/apache/hadoop/hadoop-hdds-container-service/0.5.0-SNAPSHOT/hadoop-hdds-container-service-0.5.0-SNAPSHOT.jar:/home/user/.m2/repository/org/apache/hadoop/hadoop-hdds-client/0.5.0-SNAPSHOT/hadoop-hdds-client-0.5.0-SNAPSHOT.jar:/home/user/.m2/repository/org/apache/hadoop/hadoop-hdds-tools/0.5.0-SNAPSHOT/hadoop-hdds-tools-0.5.0-SNAPSHOT.jar:/home/user/.m2/repository/org/apache/hadoop/hadoop-hdds-server-scm/0.5.0-SNAPSHOT/hadoop-hdds-server-scm-0.5.0-SNAPSHOT.jar:/home/user/.m2/repository/org/apache/hadoop/hadoop-hdds-docs/0.5.0-SNAPSHOT/hadoop-hdds-docs-0.5.0-SNAPSHOT.jar:/home/user/.m2/repository/io/dropwizard/metrics/metrics-core/3.2.4/metrics-core-3.2.4.jar:/home/user/.m2/repository/org/hamcrest/hamcrest-all/1.3/hamcrest-all-1.3.jar:/home/user/.m2/repository/org/bouncycastle/bcprov-jdk15on/1.60/bcprov-jdk15on-1.60.jar:/home/user/.m2/repository/info/picocli/picocli/3.9.6/picocli-3.9.6.jar:/home/user/.m2/repository/com/google/protobuf/protobuf-java/2.5.0/protobuf-java-2.5.0.jar:/home/user/.m2/repository/com/google/guava/guava/11.0.2/guava-11.0.2.jar:/home/user/.m2/repository/org/apache/hadoop/hadoop-ozone-ozone-manager/0.5.0-SNAPSHOT/hadoop-ozone-ozone-manager-0.5.0-SNAPSHOT.jar:/home/user/.m2/repository/org/apache/hadoop/hadoop-minikdc/3.2.0/hadoop-minikdc-3.2.0.jar:/home/user/.m2/repository/commons-io/commons-io/2.5/commons-io-2.5.jar:/home/user/.m2/repository/org/apache/kerby/kerb-simplekdc/1.0.1/kerb-simplekdc-1.0.1.jar:/home/user/.m2/repository/org/apache/kerby/kerb-client/1.0.1/kerb-client-1.0.1.jar:/home/user/.m2/repository/org/apache/kerby/kerby-config/1.0.1/kerby-config-1.0.1.jar:/home/user/.m2/repository/org/apache/kerby/kerb-core/1.0.1/kerb-core-1.0.1.jar:/home/user/.m2/repository/org/apache/kerby/kerby-pkix/1.0.1/kerby-pkix-1.0.1.jar:/home/user/.m2/repository/org/apache/kerby/kerby-asn1/1.0.1/kerby-asn1-1.0.1.jar:/home/user/.m2/repository/org/apache/kerby/kerby-util/1.0.1/kerby-util-1.0.1.jar:/home/user/.m2/repository/org/apache/kerby/kerb-common/1.0.1/kerb-common-1.0.1.jar:/home/user/.m2/repository/org/apache/kerby/kerb-crypto/1.0.1/kerb-crypto-1.0.1.jar:/home/user/.m2/repository/org/apache/kerby/kerb-util/1.0.1/kerb-util-1.0.1.jar:/home/user/.m2/repository/org/apache/kerby/token-provider/1.0.1/token-provider-1.0.1.jar:/home/user/.m2/repository/org/apache/kerby/kerb-admin/1.0.1/kerb-admin-1.0.1.jar:/home/user/.m2/repository/org/apache/kerby/kerb-server/1.0.1/kerb-server-1.0.1.jar:/home/user/.m2/repository/org/apache/kerby/kerb-identity/1.0.1/kerb-identity-1.0.1.jar:/home/user/.m2/repository/org/apache/kerby/kerby-xdr/1.0.1/kerby-xdr-1.0.1.jar:/home/user/.m2/repository/org/slf4j/slf4j-log4j12/1.7.25/slf4j-log4j12-1.7.25.jar:/home/user/.m2/repository/org/apache/hadoop/hadoop-ozone-s3gateway/0.5.0-SNAPSHOT/hadoop-ozone-s3gateway-0.5.0-SNAPSHOT.jar:/home/user/.m2/repository/org/jboss/weld/servlet/weld-servlet/2.4.7.Final/weld-servlet-2.4.7.Final.jar:/home/user/.m2/repository/org/glassfish/jersey/containers/jersey-container-servlet-core/2.27/jersey-container-servlet-core-2.27.jar:/home/user/.m2/repository/org/glassfish/hk2/external/javax.inject/2.5.0-b42/javax.inject-2.5.0-b42.jar:/home/user/.m2/repository/org/glassfish/jersey/core/jersey-common/2.27/jersey-common-2.27.jar:/home/user/.m2/repository/org/glassfish/hk2/osgi-resource-locator/1.0.1/osgi-resource-locator-1.0.1.jar:/home/user/.m2/repository/javax/ws/rs/javax.ws.rs-api/2.1/javax.ws.rs-api-2.1.jar:/home/user/.m2/repository/org/glassfish/jersey/ext/cdi/jersey-cdi1x/2.27/jersey-cdi1x-2.27.jar:/home/user/.m2/repository/org/glassfish/jersey/inject/jersey-hk2/2.27/jersey-hk2-2.27.jar:/home/user/.m2/repository/org/glassfish/hk2/hk2-locator/2.5.0-b42/hk2-locator-2.5.0-b42.jar:/home/user/.m2/repository/org/javassist/javassist/3.22.0-CR2/javassist-3.22.0-CR2.jar:/home/user/.m2/repository/org/glassfish/hk2/hk2-api/2.5.0/hk2-api-2.5.0.jar:/home/user/.m2/repository/org/glassfish/hk2/external/jakarta.inject/2.5.0/jakarta.inject-2.5.0.jar:/home/user/.m2/repository/org/glassfish/hk2/hk2-utils/2.5.0/hk2-utils-2.5.0.jar:/home/user/.m2/repository/jakarta/annotation/jakarta.annotation-api/1.3.4/jakarta.annotation-api-1.3.4.jar:/home/user/.m2/repository/org/glassfish/hk2/external/aopalliance-repackaged/2.5.0/aopalliance-repackaged-2.5.0.jar:/home/user/.m2/repository/com/fasterxml/jackson/dataformat/jackson-dataformat-xml/2.9.0/jackson-dataformat-xml-2.9.0.jar:/home/user/.m2/repository/com/fasterxml/jackson/core/jackson-core/2.9.9/jackson-core-2.9.9.jar:/home/user/.m2/repository/com/fasterxml/jackson/module/jackson-module-jaxb-annotations/2.9.9/jackson-module-jaxb-annotations-2.9.9.jar:/home/user/.m2/repository/javax/enterprise/cdi-api/1.2/cdi-api-1.2.jar:/home/user/.m2/repository/javax/el/javax.el-api/3.0.0/javax.el-api-3.0.0.jar:/home/user/.m2/repository/javax/interceptor/javax.interceptor-api/1.2/javax.interceptor-api-1.2.jar:/home/user/.m2/repository/javax/inject/javax.inject/1/javax.inject-1.jar:/home/user/.m2/repository/com/sun/xml/bind/jaxb-impl/2.3.0.1/jaxb-impl-2.3.0.1.jar:/home/user/.m2/repository/com/sun/xml/bind/jaxb-core/2.3.0.1/jaxb-core-2.3.0.1.jar:/home/user/.m2/repository/javax/xml/bind/jaxb-api/2.3.0/jaxb-api-2.3.0.jar:/home/user/.m2/repository/javax/activation/activation/1.1.1/activation-1.1.1.jar:/home/user/.m2/repository/org/apache/hadoop/hadoop-ozone-csi/0.5.0-SNAPSHOT/hadoop-ozone-csi-0.5.0-SNAPSHOT.jar:/home/user/.m2/repository/com/google/protobuf/protobuf-java-util/3.5.1/protobuf-java-util-3.5.1.jar:/home/user/.m2/repository/org/apache/hadoop/hadoop-hdds-config/0.5.0-SNAPSHOT/hadoop-hdds-config-0.5.0-SNAPSHOT.jar:/home/user/.m2/repository/io/grpc/grpc-netty/1.17.1/grpc-netty-1.17.1.jar:/home/user/.m2/repository/io/grpc/grpc-core/1.17.1/grpc-core-1.17.1.jar:/home/user/.m2/repository/io/grpc/grpc-context/1.17.1/grpc-context-1.17.1.jar:/home/user/.m2/repository/com/google/errorprone/error_prone_annotations/2.2.0/error_prone_annotations-2.2.0.jar:/home/user/.m2/repository/org/codehaus/mojo/animal-sniffer-annotations/1.17/animal-sniffer-annotations-1.17.jar:/home/user/.m2/repository/io/opencensus/opencensus-api/0.17.0/opencensus-api-0.17.0.jar:/home/user/.m2/repository/io/opencensus/opencensus-contrib-grpc-metrics/0.17.0/opencensus-contrib-grpc-metrics-0.17.0.jar:/home/user/.m2/repository/io/netty/netty-codec-http2/4.1.30.Final/netty-codec-http2-4.1.30.Final.jar:/home/user/.m2/repository/io/netty/netty-codec-http/4.1.30.Final/netty-codec-http-4.1.30.Final.jar:/home/user/.m2/repository/io/netty/netty-codec/4.1.30.Final/netty-codec-4.1.30.Final.jar:/home/user/.m2/repository/io/netty/netty-handler/4.1.30.Final/netty-handler-4.1.30.Final.jar:/home/user/.m2/repository/io/netty/netty-handler-proxy/4.1.30.Final/netty-handler-proxy-4.1.30.Final.jar:/home/user/.m2/repository/io/netty/netty-codec-socks/4.1.30.Final/netty-codec-socks-4.1.30.Final.jar:/home/user/.m2/repository/io/netty/netty-transport-native-epoll/4.1.30.Final/netty-transport-native-epoll-4.1.30.Final.jar:/home/user/.m2/repository/io/netty/netty-common/4.1.30.Final/netty-common-4.1.30.Final.jar:/home/user/.m2/repository/io/netty/netty-buffer/4.1.30.Final/netty-buffer-4.1.30.Final.jar:/home/user/.m2/repository/io/netty/netty-transport/4.1.30.Final/netty-transport-4.1.30.Final.jar:/home/user/.m2/repository/io/netty/netty-resolver/4.1.30.Final/netty-resolver-4.1.30.Final.jar:/home/user/.m2/repository/io/netty/netty-transport-native-unix-common/4.1.30.Final/netty-transport-native-unix-common-4.1.30.Final.jar:/home/user/.m2/repository/io/grpc/grpc-protobuf/1.17.1/grpc-protobuf-1.17.1.jar:/home/user/.m2/repository/com/google/api/grpc/proto-google-common-protos/1.0.0/proto-google-common-protos-1.0.0.jar:/home/user/.m2/repository/io/grpc/grpc-protobuf-lite/1.17.1/grpc-protobuf-lite-1.17.1.jar:/home/user/.m2/repository/io/grpc/grpc-stub/1.17.1/grpc-stub-1.17.1.jar:/home/user/.m2/repository/org/apache/hadoop/hadoop-ozone-recon/0.5.0-SNAPSHOT/hadoop-ozone-recon-0.5.0-SNAPSHOT.jar:/home/user/.m2/repository/org/apache/hadoop/hadoop-ozone-reconcodegen/0.5.0-SNAPSHOT/hadoop-ozone-reconcodegen-0.5.0-SNAPSHOT.jar:/home/user/.m2/repository/com/google/inject/extensions/guice-multibindings/4.0/guice-multibindings-4.0.jar:/home/user/.m2/repository/com/google/inject/guice/4.0/guice-4.0.jar:/home/user/.m2/repository/aopalliance/aopalliance/1.0/aopalliance-1.0.jar:/home/user/.m2/repository/com/google/inject/extensions/guice-servlet/4.0/guice-servlet-4.0.jar:/home/user/.m2/repository/org/glassfish/jersey/containers/jersey-container-servlet/2.27/jersey-container-servlet-2.27.jar:/home/user/.m2/repository/org/glassfish/hk2/guice-bridge/2.5.0/guice-bridge-2.5.0.jar:/home/user/.m2/repository/org/glassfish/jersey/core/jersey-server/2.27/jersey-server-2.27.jar:/home/user/.m2/repository/org/glassfish/jersey/core/jersey-client/2.27/jersey-client-2.27.jar:/home/user/.m2/repository/org/glassfish/jersey/media/jersey-media-jaxb/2.27/jersey-media-jaxb-2.27.jar:/home/user/.m2/repository/javax/validation/validation-api/1.1.0.Final/validation-api-1.1.0.Final.jar:/home/user/.m2/repository/org/glassfish/jersey/media/jersey-media-json-jackson/2.27/jersey-media-json-jackson-2.27.jar:/home/user/.m2/repository/org/glassfish/jersey/ext/jersey-entity-filtering/2.27/jersey-entity-filtering-2.27.jar:/home/user/.m2/repository/com/google/inject/extensions/guice-assistedinject/4.0/guice-assistedinject-4.0.jar:/home/user/.m2/repository/org/jooq/jooq/3.11.10/jooq-3.11.10.jar:/home/user/.m2/repository/org/jooq/jooq-meta/3.11.10/jooq-meta-3.11.10.jar:/home/user/.m2/repository/org/jooq/jooq-codegen/3.11.10/jooq-codegen-3.11.10.jar:/home/user/.m2/repository/com/jolbox/bonecp/0.8.0.RELEASE/bonecp-0.8.0.RELEASE.jar:/home/user/.m2/repository/org/xerial/sqlite-jdbc/3.25.2/sqlite-jdbc-3.25.2.jar:/home/user/.m2/repository/org/springframework/spring-jdbc/5.1.3.RELEASE/spring-jdbc-5.1.3.RELEASE.jar:/home/user/.m2/repository/org/springframework/spring-beans/5.1.3.RELEASE/spring-beans-5.1.3.RELEASE.jar:/home/user/.m2/repository/org/springframework/spring-core/5.1.3.RELEASE/spring-core-5.1.3.RELEASE.jar:/home/user/.m2/repository/org/springframework/spring-jcl/5.1.3.RELEASE/spring-jcl-5.1.3.RELEASE.jar:/home/user/.m2/repository/org/springframework/spring-tx/5.1.3.RELEASE/spring-tx-5.1.3.RELEASE.jar:/home/user/.m2/repository/org/apache/hadoop/hadoop-ozone-client/0.5.0-SNAPSHOT/hadoop-ozone-client-0.5.0-SNAPSHOT.jar:/home/user/.m2/repository/commons-lang/commons-lang/2.6/commons-lang-2.6.jar:/home/user/.m2/repository/org/apache/hadoop/hadoop-ozone-ozone-manager/0.5.0-SNAPSHOT/hadoop-ozone-ozone-manager-0.5.0-SNAPSHOT-tests.jar:/home/user/.m2/repository/junit/junit/4.11/junit-4.11.jar:/home/user/.m2/repository/org/hamcrest/hamcrest-core/1.3/hamcrest-core-1.3.jar:/home/user/.m2/repository/org/openjdk/jmh/jmh-core/1.19/jmh-core-1.19.jar:/home/user/.m2/repository/net/sf/jopt-simple/jopt-simple/4.6/jopt-simple-4.6.jar:/home/user/.m2/repository/org/apache/commons/commons-math3/3.1.1/commons-math3-3.1.1.jar:/home/user/.m2/repository/org/openjdk/jmh/jmh-generator-annprocess/1.19/jmh-generator-annprocess-1.19.jar:/home/user/.m2/repository/org/mockito/mockito-all/1.8.5/mockito-all-1.8.5.jar:/home/user/.m2/repository/org/apache/hadoop/hadoop-kms/3.2.0/hadoop-kms-3.2.0.jar:/home/user/.m2/repository/org/apache/hadoop/hadoop-auth/3.2.0/hadoop-auth-3.2.0.jar:/home/user/.m2/repository/com/nimbusds/nimbus-jose-jwt/4.41.1/nimbus-jose-jwt-4.41.1.jar:/home/user/.m2/repository/com/github/stephenc/jcip/jcip-annotations/1.0-1/jcip-annotations-1.0-1.jar:/home/user/.m2/repository/net/minidev/json-smart/2.3/json-smart-2.3.jar:/home/user/.m2/repository/net/minidev/accessors-smart/1.2/accessors-smart-1.2.jar:/home/user/.m2/repository/org/ow2/asm/asm/5.0.4/asm-5.0.4.jar:/home/user/.m2/repository/org/apache/curator/curator-framework/2.12.0/curator-framework-2.12.0.jar:/home/user/.m2/repository/com/sun/jersey/jersey-core/1.19/jersey-core-1.19.jar:/home/user/.m2/repository/javax/ws/rs/jsr311-api/1.1.1/jsr311-api-1.1.1.jar:/home/user/.m2/repository/com/sun/jersey/jersey-server/1.19/jersey-server-1.19.jar:/home/user/.m2/repository/javax/servlet/javax.servlet-api/3.1.0/javax.servlet-api-3.1.0.jar:/home/user/.m2/repository/org/eclipse/jetty/jetty-server/9.3.24.v20180605/jetty-server-9.3.24.v20180605.jar:/home/user/.m2/repository/org/eclipse/jetty/jetty-http/9.3.24.v20180605/jetty-http-9.3.24.v20180605.jar:/home/user/.m2/repository/org/eclipse/jetty/jetty-io/9.3.24.v20180605/jetty-io-9.3.24.v20180605.jar:/home/user/.m2/repository/org/eclipse/jetty/jetty-webapp/9.3.24.v20180605/jetty-webapp-9.3.24.v20180605.jar:/home/user/.m2/repository/org/eclipse/jetty/jetty-xml/9.3.24.v20180605/jetty-xml-9.3.24.v20180605.jar:/home/user/.m2/repository/log4j/log4j/1.2.17/log4j-1.2.17.jar:/home/user/.m2/repository/org/slf4j/slf4j-api/1.7.25/slf4j-api-1.7.25.jar:/home/user/.m2/repository/org/slf4j/jul-to-slf4j/1.7.25/jul-to-slf4j-1.7.25.jar:/home/user/.m2/repository/org/eclipse/jetty/jetty-util/9.3.24.v20180605/jetty-util-9.3.24.v20180605.jar:/home/user/.m2/repository/com/fasterxml/jackson/core/jackson-databind/2.9.9/jackson-databind-2.9.9.jar:/home/user/.m2/repository/org/apache/hadoop/hadoop-kms/3.2.0/hadoop-kms-3.2.0-tests.jar:/home/user/.m2/repository/org/apache/hadoop/hadoop-hdds-server-scm/0.5.0-SNAPSHOT/hadoop-hdds-server-scm-0.5.0-SNAPSHOT-tests.jar:/home/user/.m2/repository/org/apache/hadoop/hadoop-hdds-container-service/0.5.0-SNAPSHOT/hadoop-hdds-container-service-0.5.0-SNAPSHOT-tests.jar:/home/user/.m2/repository/org/yaml/snakeyaml/1.16/snakeyaml-1.16.jar:/home/user/.m2/repository/org/apache/hadoop/hadoop-common/3.2.0/hadoop-common-3.2.0-tests.jar:/home/user/.m2/repository/org/apache/hadoop/hadoop-annotations/3.2.0/hadoop-annotations-3.2.0.jar:/usr/lib/jvm/java-1.8-openjdk/jre/../lib/tools.jar:/home/user/.m2/repository/commons-cli/commons-cli/1.2/commons-cli-1.2.jar:/home/user/.m2/repository/org/apache/httpcomponents/httpclient/4.5.2/httpclient-4.5.2.jar:/home/user/.m2/repository/org/apache/httpcomponents/httpcore/4.4.4/httpcore-4.4.4.jar:/home/user/.m2/repository/commons-codec/commons-codec/1.11/commons-codec-1.11.jar:/home/user/.m2/repository/commons-net/commons-net/3.6/commons-net-3.6.jar:/home/user/.m2/repository/commons-collections/commons-collections/3.2.2/commons-collections-3.2.2.jar:/home/user/.m2/repository/org/eclipse/jetty/jetty-servlet/9.3.24.v20180605/jetty-servlet-9.3.24.v20180605.jar:/home/user/.m2/repository/org/eclipse/jetty/jetty-security/9.3.24.v20180605/jetty-security-9.3.24.v20180605.jar:/home/user/.m2/repository/javax/servlet/jsp/jsp-api/2.1/jsp-api-2.1.jar:/home/user/.m2/repository/com/sun/jersey/jersey-servlet/1.19/jersey-servlet-1.19.jar:/home/user/.m2/repository/com/sun/jersey/jersey-json/1.19/jersey-json-1.19.jar:/home/user/.m2/repository/org/codehaus/jettison/jettison/1.1/jettison-1.1.jar:/home/user/.m2/repository/org/codehaus/jackson/jackson-core-asl/1.9.13/jackson-core-asl-1.9.13.jar:/home/user/.m2/repository/org/codehaus/jackson/jackson-mapper-asl/1.9.13/jackson-mapper-asl-1.9.13.jar:/home/user/.m2/repository/org/codehaus/jackson/jackson-jaxrs/1.9.13/jackson-jaxrs-1.9.13.jar:/home/user/.m2/repository/org/codehaus/jackson/jackson-xc/1.9.13/jackson-xc-1.9.13.jar:/home/user/.m2/repository/commons-logging/commons-logging/1.1.3/commons-logging-1.1.3.jar:/home/user/.m2/repository/commons-beanutils/commons-beanutils/1.9.4/commons-beanutils-1.9.4.jar:/home/user/.m2/repository/org/apache/commons/commons-configuration2/2.1.1/commons-configuration2-2.1.1.jar:/home/user/.m2/repository/org/apache/commons/commons-lang3/3.7/commons-lang3-3.7.jar:/home/user/.m2/repository/org/apache/commons/commons-text/1.4/commons-text-1.4.jar:/home/user/.m2/repository/org/apache/avro/avro/1.7.7/avro-1.7.7.jar:/home/user/.m2/repository/com/thoughtworks/paranamer/paranamer/2.3/paranamer-2.3.jar:/home/user/.m2/repository/org/xerial/snappy/snappy-java/1.0.5/snappy-java-1.0.5.jar:/home/user/.m2/repository/com/google/re2j/re2j/1.1/re2j-1.1.jar:/home/user/.m2/repository/com/google/code/gson/gson/2.2.4/gson-2.2.4.jar:/home/user/.m2/repository/com/jcraft/jsch/0.1.54/jsch-0.1.54.jar:/home/user/.m2/repository/org/apache/curator/curator-client/2.12.0/curator-client-2.12.0.jar:/home/user/.m2/repository/org/apache/curator/curator-recipes/2.12.0/curator-recipes-2.12.0.jar:/home/user/.m2/repository/com/google/code/findbugs/jsr305/3.0.0/jsr305-3.0.0.jar:/home/user/.m2/repository/org/apache/htrace/htrace-core4/4.1.0-incubating/htrace-core4-4.1.0-incubating.jar:/home/user/.m2/repository/org/apache/zookeeper/zookeeper/3.4.13/zookeeper-3.4.13.jar:/home/user/.m2/repository/org/apache/yetus/audience-annotations/0.5.0/audience-annotations-0.5.0.jar:/home/user/.m2/repository/org/codehaus/woodstox/stax2-api/3.1.4/stax2-api-3.1.4.jar:/home/user/.m2/repository/com/fasterxml/woodstox/woodstox-core/5.0.3/woodstox-core-5.0.3.jar:/home/user/.m2/repository/dnsjava/dnsjava/2.1.7/dnsjava-2.1.7.jar:/home/user/.m2/repository/org/apache/hadoop/hadoop-hdfs/3.2.0/hadoop-hdfs-3.2.0-tests.jar:/home/user/.m2/repository/org/eclipse/jetty/jetty-util-ajax/9.3.24.v20180605/jetty-util-ajax-9.3.24.v20180605.jar:/home/user/.m2/repository/commons-daemon/commons-daemon/1.0.13/commons-daemon-1.0.13.jar:/home/user/.m2/repository/io/netty/netty/3.10.5.Final/netty-3.10.5.Final.jar:/home/user/.m2/repository/io/netty/netty-all/4.0.52.Final/netty-all-4.0.52.Final.jar:/home/user/.m2/repository/org/fusesource/leveldbjni/leveldbjni-all/1.8/leveldbjni-all-1.8.jar:"/>
    <property name="java.vm.vendor" value="IcedTea"/>
    <property name="sun.arch.data.model" value="64"/>
    <property name="test.build.dir" value="/workdir/hadoop-ozone/integration-test/target/test-dir"/>
    <property name="test.cache.data" value=""/>
    <property name="java.vendor.url" value="https://icedtea.classpath.org"/>
    <property name="user.timezone" value=""/>
    <property name="java.vm.specification.version" value="1.8"/>
    <property name="os.name" value="Linux"/>
    <property name="test.build.data" value="/workdir/hadoop-ozone/integration-test/target/test-dir"/>
    <property name="user.country" value="US"/>
    <property name="sun.java.launcher" value="SUN_STANDARD"/>
    <property name="sun.boot.library.path" value="/usr/lib/jvm/java-1.8-openjdk/jre/lib/amd64"/>
    <property name="sun.java.command" value="/workdir/hadoop-ozone/integration-test/target/surefire/surefirebooter3011455155841737659.jar /workdir/hadoop-ozone/integration-test/target/surefire 2019-10-01T22-36-43_685-jvmRun1 surefire4188357960954958906tmp surefire_642133239765826565780tmp"/>
    <property name="test" value="!TestMiniChaosOzoneCluster"/>
    <property name="surefire.test.class.path" value="/workdir/hadoop-ozone/integration-test/target/test-classes:/workdir/hadoop-ozone/integration-test/target/classes:/home/user/.m2/repository/org/apache/hadoop/hadoop-ozone-common/0.5.0-SNAPSHOT/hadoop-ozone-common-0.5.0-SNAPSHOT.jar:/home/user/.m2/repository/org/apache/commons/commons-compress/1.4.1/commons-compress-1.4.1.jar:/home/user/.m2/repository/org/tukaani/xz/1.0/xz-1.0.jar:/home/user/.m2/repository/org/apache/hadoop/hadoop-common/3.2.0/hadoop-common-3.2.0.jar:/home/user/.m2/repository/org/apache/hadoop/hadoop-hdfs/3.2.0/hadoop-hdfs-3.2.0.jar:/home/user/.m2/repository/org/apache/hadoop/hadoop-hdfs-client/3.2.0/hadoop-hdfs-client-3.2.0.jar:/home/user/.m2/repository/com/fasterxml/jackson/core/jackson-annotations/2.9.9/jackson-annotations-2.9.9.jar:/home/user/.m2/repository/org/apache/hadoop/hadoop-hdds-common/0.5.0-SNAPSHOT/hadoop-hdds-common-0.5.0-SNAPSHOT.jar:/home/user/.m2/repository/javax/annotation/javax.annotation-api/1.2/javax.annotation-api-1.2.jar:/home/user/.m2/repository/org/apache/ratis/ratis-server/0.4.0-78e95b9-SNAPSHOT/ratis-server-0.4.0-78e95b9-SNAPSHOT.jar:/home/user/.m2/repository/org/apache/ratis/ratis-thirdparty-misc/0.2.0/ratis-thirdparty-misc-0.2.0.jar:/home/user/.m2/repository/org/apache/ratis/ratis-proto/0.4.0-78e95b9-SNAPSHOT/ratis-proto-0.4.0-78e95b9-SNAPSHOT.jar:/home/user/.m2/repository/org/apache/ratis/ratis-common/0.4.0-78e95b9-SNAPSHOT/ratis-common-0.4.0-78e95b9-SNAPSHOT.jar:/home/user/.m2/repository/org/apache/ratis/ratis-client/0.4.0-78e95b9-SNAPSHOT/ratis-client-0.4.0-78e95b9-SNAPSHOT.jar:/home/user/.m2/repository/org/apache/ratis/ratis-metrics/0.4.0-78e95b9-SNAPSHOT/ratis-metrics-0.4.0-78e95b9-SNAPSHOT.jar:/home/user/.m2/repository/com/github/joshelser/dropwizard-metrics-hadoop-metrics2-reporter/0.1.2/dropwizard-metrics-hadoop-metrics2-reporter-0.1.2.jar:/home/user/.m2/repository/io/dropwizard/metrics/metrics-jvm/3.2.5/metrics-jvm-3.2.5.jar:/home/user/.m2/repository/io/dropwizard/metrics/metrics-ganglia/3.2.5/metrics-ganglia-3.2.5.jar:/home/user/.m2/repository/info/ganglia/gmetric4j/gmetric4j/1.0.7/gmetric4j-1.0.7.jar:/home/user/.m2/repository/org/apache/ratis/ratis-netty/0.4.0-78e95b9-SNAPSHOT/ratis-netty-0.4.0-78e95b9-SNAPSHOT.jar:/home/user/.m2/repository/org/apache/ratis/ratis-grpc/0.4.0-78e95b9-SNAPSHOT/ratis-grpc-0.4.0-78e95b9-SNAPSHOT.jar:/home/user/.m2/repository/org/rocksdb/rocksdbjni/6.0.1/rocksdbjni-6.0.1.jar:/home/user/.m2/repository/org/apache/logging/log4j/log4j-api/2.11.0/log4j-api-2.11.0.jar:/home/user/.m2/repository/org/apache/logging/log4j/log4j-core/2.11.0/log4j-core-2.11.0.jar:/home/user/.m2/repository/com/lmax/disruptor/3.4.2/disruptor-3.4.2.jar:/home/user/.m2/repository/org/apache/commons/commons-pool2/2.6.0/commons-pool2-2.6.0.jar:/home/user/.m2/repository/org/bouncycastle/bcpkix-jdk15on/1.60/bcpkix-jdk15on-1.60.jar:/home/user/.m2/repository/commons-validator/commons-validator/1.6/commons-validator-1.6.jar:/home/user/.m2/repository/commons-digester/commons-digester/1.8.1/commons-digester-1.8.1.jar:/home/user/.m2/repository/io/jaegertracing/jaeger-client/0.33.1/jaeger-client-0.33.1.jar:/home/user/.m2/repository/io/jaegertracing/jaeger-thrift/0.33.1/jaeger-thrift-0.33.1.jar:/home/user/.m2/repository/org/apache/thrift/libthrift/0.11.0/libthrift-0.11.0.jar:/home/user/.m2/repository/com/squareup/okhttp3/okhttp/3.9.0/okhttp-3.9.0.jar:/home/user/.m2/repository/com/squareup/okio/okio/1.13.0/okio-1.13.0.jar:/home/user/.m2/repository/io/jaegertracing/jaeger-core/0.33.1/jaeger-core-0.33.1.jar:/home/user/.m2/repository/io/jaegertracing/jaeger-tracerresolver/0.33.1/jaeger-tracerresolver-0.33.1.jar:/home/user/.m2/repository/io/opentracing/contrib/opentracing-tracerresolver/0.1.5/opentracing-tracerresolver-0.1.5.jar:/home/user/.m2/repository/io/opentracing/opentracing-util/0.31.0/opentracing-util-0.31.0.jar:/home/user/.m2/repository/io/opentracing/opentracing-api/0.31.0/opentracing-api-0.31.0.jar:/home/user/.m2/repository/io/opentracing/opentracing-noop/0.31.0/opentracing-noop-0.31.0.jar:/home/user/.m2/repository/org/apache/hadoop/hadoop-hdds-server-framework/0.5.0-SNAPSHOT/hadoop-hdds-server-framework-0.5.0-SNAPSHOT.jar:/home/user/.m2/repository/org/apache/hadoop/hadoop-hdds-container-service/0.5.0-SNAPSHOT/hadoop-hdds-container-service-0.5.0-SNAPSHOT.jar:/home/user/.m2/repository/org/apache/hadoop/hadoop-hdds-client/0.5.0-SNAPSHOT/hadoop-hdds-client-0.5.0-SNAPSHOT.jar:/home/user/.m2/repository/org/apache/hadoop/hadoop-hdds-tools/0.5.0-SNAPSHOT/hadoop-hdds-tools-0.5.0-SNAPSHOT.jar:/home/user/.m2/repository/org/apache/hadoop/hadoop-hdds-server-scm/0.5.0-SNAPSHOT/hadoop-hdds-server-scm-0.5.0-SNAPSHOT.jar:/home/user/.m2/repository/org/apache/hadoop/hadoop-hdds-docs/0.5.0-SNAPSHOT/hadoop-hdds-docs-0.5.0-SNAPSHOT.jar:/home/user/.m2/repository/io/dropwizard/metrics/metrics-core/3.2.4/metrics-core-3.2.4.jar:/home/user/.m2/repository/org/hamcrest/hamcrest-all/1.3/hamcrest-all-1.3.jar:/home/user/.m2/repository/org/bouncycastle/bcprov-jdk15on/1.60/bcprov-jdk15on-1.60.jar:/home/user/.m2/repository/info/picocli/picocli/3.9.6/picocli-3.9.6.jar:/home/user/.m2/repository/com/google/protobuf/protobuf-java/2.5.0/protobuf-java-2.5.0.jar:/home/user/.m2/repository/com/google/guava/guava/11.0.2/guava-11.0.2.jar:/home/user/.m2/repository/org/apache/hadoop/hadoop-ozone-ozone-manager/0.5.0-SNAPSHOT/hadoop-ozone-ozone-manager-0.5.0-SNAPSHOT.jar:/home/user/.m2/repository/org/apache/hadoop/hadoop-minikdc/3.2.0/hadoop-minikdc-3.2.0.jar:/home/user/.m2/repository/commons-io/commons-io/2.5/commons-io-2.5.jar:/home/user/.m2/repository/org/apache/kerby/kerb-simplekdc/1.0.1/kerb-simplekdc-1.0.1.jar:/home/user/.m2/repository/org/apache/kerby/kerb-client/1.0.1/kerb-client-1.0.1.jar:/home/user/.m2/repository/org/apache/kerby/kerby-config/1.0.1/kerby-config-1.0.1.jar:/home/user/.m2/repository/org/apache/kerby/kerb-core/1.0.1/kerb-core-1.0.1.jar:/home/user/.m2/repository/org/apache/kerby/kerby-pkix/1.0.1/kerby-pkix-1.0.1.jar:/home/user/.m2/repository/org/apache/kerby/kerby-asn1/1.0.1/kerby-asn1-1.0.1.jar:/home/user/.m2/repository/org/apache/kerby/kerby-util/1.0.1/kerby-util-1.0.1.jar:/home/user/.m2/repository/org/apache/kerby/kerb-common/1.0.1/kerb-common-1.0.1.jar:/home/user/.m2/repository/org/apache/kerby/kerb-crypto/1.0.1/kerb-crypto-1.0.1.jar:/home/user/.m2/repository/org/apache/kerby/kerb-util/1.0.1/kerb-util-1.0.1.jar:/home/user/.m2/repository/org/apache/kerby/token-provider/1.0.1/token-provider-1.0.1.jar:/home/user/.m2/repository/org/apache/kerby/kerb-admin/1.0.1/kerb-admin-1.0.1.jar:/home/user/.m2/repository/org/apache/kerby/kerb-server/1.0.1/kerb-server-1.0.1.jar:/home/user/.m2/repository/org/apache/kerby/kerb-identity/1.0.1/kerb-identity-1.0.1.jar:/home/user/.m2/repository/org/apache/kerby/kerby-xdr/1.0.1/kerby-xdr-1.0.1.jar:/home/user/.m2/repository/org/slf4j/slf4j-log4j12/1.7.25/slf4j-log4j12-1.7.25.jar:/home/user/.m2/repository/org/apache/hadoop/hadoop-ozone-s3gateway/0.5.0-SNAPSHOT/hadoop-ozone-s3gateway-0.5.0-SNAPSHOT.jar:/home/user/.m2/repository/org/jboss/weld/servlet/weld-servlet/2.4.7.Final/weld-servlet-2.4.7.Final.jar:/home/user/.m2/repository/org/glassfish/jersey/containers/jersey-container-servlet-core/2.27/jersey-container-servlet-core-2.27.jar:/home/user/.m2/repository/org/glassfish/hk2/external/javax.inject/2.5.0-b42/javax.inject-2.5.0-b42.jar:/home/user/.m2/repository/org/glassfish/jersey/core/jersey-common/2.27/jersey-common-2.27.jar:/home/user/.m2/repository/org/glassfish/hk2/osgi-resource-locator/1.0.1/osgi-resource-locator-1.0.1.jar:/home/user/.m2/repository/javax/ws/rs/javax.ws.rs-api/2.1/javax.ws.rs-api-2.1.jar:/home/user/.m2/repository/org/glassfish/jersey/ext/cdi/jersey-cdi1x/2.27/jersey-cdi1x-2.27.jar:/home/user/.m2/repository/org/glassfish/jersey/inject/jersey-hk2/2.27/jersey-hk2-2.27.jar:/home/user/.m2/repository/org/glassfish/hk2/hk2-locator/2.5.0-b42/hk2-locator-2.5.0-b42.jar:/home/user/.m2/repository/org/javassist/javassist/3.22.0-CR2/javassist-3.22.0-CR2.jar:/home/user/.m2/repository/org/glassfish/hk2/hk2-api/2.5.0/hk2-api-2.5.0.jar:/home/user/.m2/repository/org/glassfish/hk2/external/jakarta.inject/2.5.0/jakarta.inject-2.5.0.jar:/home/user/.m2/repository/org/glassfish/hk2/hk2-utils/2.5.0/hk2-utils-2.5.0.jar:/home/user/.m2/repository/jakarta/annotation/jakarta.annotation-api/1.3.4/jakarta.annotation-api-1.3.4.jar:/home/user/.m2/repository/org/glassfish/hk2/external/aopalliance-repackaged/2.5.0/aopalliance-repackaged-2.5.0.jar:/home/user/.m2/repository/com/fasterxml/jackson/dataformat/jackson-dataformat-xml/2.9.0/jackson-dataformat-xml-2.9.0.jar:/home/user/.m2/repository/com/fasterxml/jackson/core/jackson-core/2.9.9/jackson-core-2.9.9.jar:/home/user/.m2/repository/com/fasterxml/jackson/module/jackson-module-jaxb-annotations/2.9.9/jackson-module-jaxb-annotations-2.9.9.jar:/home/user/.m2/repository/javax/enterprise/cdi-api/1.2/cdi-api-1.2.jar:/home/user/.m2/repository/javax/el/javax.el-api/3.0.0/javax.el-api-3.0.0.jar:/home/user/.m2/repository/javax/interceptor/javax.interceptor-api/1.2/javax.interceptor-api-1.2.jar:/home/user/.m2/repository/javax/inject/javax.inject/1/javax.inject-1.jar:/home/user/.m2/repository/com/sun/xml/bind/jaxb-impl/2.3.0.1/jaxb-impl-2.3.0.1.jar:/home/user/.m2/repository/com/sun/xml/bind/jaxb-core/2.3.0.1/jaxb-core-2.3.0.1.jar:/home/user/.m2/repository/javax/xml/bind/jaxb-api/2.3.0/jaxb-api-2.3.0.jar:/home/user/.m2/repository/javax/activation/activation/1.1.1/activation-1.1.1.jar:/home/user/.m2/repository/org/apache/hadoop/hadoop-ozone-csi/0.5.0-SNAPSHOT/hadoop-ozone-csi-0.5.0-SNAPSHOT.jar:/home/user/.m2/repository/com/google/protobuf/protobuf-java-util/3.5.1/protobuf-java-util-3.5.1.jar:/home/user/.m2/repository/org/apache/hadoop/hadoop-hdds-config/0.5.0-SNAPSHOT/hadoop-hdds-config-0.5.0-SNAPSHOT.jar:/home/user/.m2/repository/io/grpc/grpc-netty/1.17.1/grpc-netty-1.17.1.jar:/home/user/.m2/repository/io/grpc/grpc-core/1.17.1/grpc-core-1.17.1.jar:/home/user/.m2/repository/io/grpc/grpc-context/1.17.1/grpc-context-1.17.1.jar:/home/user/.m2/repository/com/google/errorprone/error_prone_annotations/2.2.0/error_prone_annotations-2.2.0.jar:/home/user/.m2/repository/org/codehaus/mojo/animal-sniffer-annotations/1.17/animal-sniffer-annotations-1.17.jar:/home/user/.m2/repository/io/opencensus/opencensus-api/0.17.0/opencensus-api-0.17.0.jar:/home/user/.m2/repository/io/opencensus/opencensus-contrib-grpc-metrics/0.17.0/opencensus-contrib-grpc-metrics-0.17.0.jar:/home/user/.m2/repository/io/netty/netty-codec-http2/4.1.30.Final/netty-codec-http2-4.1.30.Final.jar:/home/user/.m2/repository/io/netty/netty-codec-http/4.1.30.Final/netty-codec-http-4.1.30.Final.jar:/home/user/.m2/repository/io/netty/netty-codec/4.1.30.Final/netty-codec-4.1.30.Final.jar:/home/user/.m2/repository/io/netty/netty-handler/4.1.30.Final/netty-handler-4.1.30.Final.jar:/home/user/.m2/repository/io/netty/netty-handler-proxy/4.1.30.Final/netty-handler-proxy-4.1.30.Final.jar:/home/user/.m2/repository/io/netty/netty-codec-socks/4.1.30.Final/netty-codec-socks-4.1.30.Final.jar:/home/user/.m2/repository/io/netty/netty-transport-native-epoll/4.1.30.Final/netty-transport-native-epoll-4.1.30.Final.jar:/home/user/.m2/repository/io/netty/netty-common/4.1.30.Final/netty-common-4.1.30.Final.jar:/home/user/.m2/repository/io/netty/netty-buffer/4.1.30.Final/netty-buffer-4.1.30.Final.jar:/home/user/.m2/repository/io/netty/netty-transport/4.1.30.Final/netty-transport-4.1.30.Final.jar:/home/user/.m2/repository/io/netty/netty-resolver/4.1.30.Final/netty-resolver-4.1.30.Final.jar:/home/user/.m2/repository/io/netty/netty-transport-native-unix-common/4.1.30.Final/netty-transport-native-unix-common-4.1.30.Final.jar:/home/user/.m2/repository/io/grpc/grpc-protobuf/1.17.1/grpc-protobuf-1.17.1.jar:/home/user/.m2/repository/com/google/api/grpc/proto-google-common-protos/1.0.0/proto-google-common-protos-1.0.0.jar:/home/user/.m2/repository/io/grpc/grpc-protobuf-lite/1.17.1/grpc-protobuf-lite-1.17.1.jar:/home/user/.m2/repository/io/grpc/grpc-stub/1.17.1/grpc-stub-1.17.1.jar:/home/user/.m2/repository/org/apache/hadoop/hadoop-ozone-recon/0.5.0-SNAPSHOT/hadoop-ozone-recon-0.5.0-SNAPSHOT.jar:/home/user/.m2/repository/org/apache/hadoop/hadoop-ozone-reconcodegen/0.5.0-SNAPSHOT/hadoop-ozone-reconcodegen-0.5.0-SNAPSHOT.jar:/home/user/.m2/repository/com/google/inject/extensions/guice-multibindings/4.0/guice-multibindings-4.0.jar:/home/user/.m2/repository/com/google/inject/guice/4.0/guice-4.0.jar:/home/user/.m2/repository/aopalliance/aopalliance/1.0/aopalliance-1.0.jar:/home/user/.m2/repository/com/google/inject/extensions/guice-servlet/4.0/guice-servlet-4.0.jar:/home/user/.m2/repository/org/glassfish/jersey/containers/jersey-container-servlet/2.27/jersey-container-servlet-2.27.jar:/home/user/.m2/repository/org/glassfish/hk2/guice-bridge/2.5.0/guice-bridge-2.5.0.jar:/home/user/.m2/repository/org/glassfish/jersey/core/jersey-server/2.27/jersey-server-2.27.jar:/home/user/.m2/repository/org/glassfish/jersey/core/jersey-client/2.27/jersey-client-2.27.jar:/home/user/.m2/repository/org/glassfish/jersey/media/jersey-media-jaxb/2.27/jersey-media-jaxb-2.27.jar:/home/user/.m2/repository/javax/validation/validation-api/1.1.0.Final/validation-api-1.1.0.Final.jar:/home/user/.m2/repository/org/glassfish/jersey/media/jersey-media-json-jackson/2.27/jersey-media-json-jackson-2.27.jar:/home/user/.m2/repository/org/glassfish/jersey/ext/jersey-entity-filtering/2.27/jersey-entity-filtering-2.27.jar:/home/user/.m2/repository/com/google/inject/extensions/guice-assistedinject/4.0/guice-assistedinject-4.0.jar:/home/user/.m2/repository/org/jooq/jooq/3.11.10/jooq-3.11.10.jar:/home/user/.m2/repository/org/jooq/jooq-meta/3.11.10/jooq-meta-3.11.10.jar:/home/user/.m2/repository/org/jooq/jooq-codegen/3.11.10/jooq-codegen-3.11.10.jar:/home/user/.m2/repository/com/jolbox/bonecp/0.8.0.RELEASE/bonecp-0.8.0.RELEASE.jar:/home/user/.m2/repository/org/xerial/sqlite-jdbc/3.25.2/sqlite-jdbc-3.25.2.jar:/home/user/.m2/repository/org/springframework/spring-jdbc/5.1.3.RELEASE/spring-jdbc-5.1.3.RELEASE.jar:/home/user/.m2/repository/org/springframework/spring-beans/5.1.3.RELEASE/spring-beans-5.1.3.RELEASE.jar:/home/user/.m2/repository/org/springframework/spring-core/5.1.3.RELEASE/spring-core-5.1.3.RELEASE.jar:/home/user/.m2/repository/org/springframework/spring-jcl/5.1.3.RELEASE/spring-jcl-5.1.3.RELEASE.jar:/home/user/.m2/repository/org/springframework/spring-tx/5.1.3.RELEASE/spring-tx-5.1.3.RELEASE.jar:/home/user/.m2/repository/org/apache/hadoop/hadoop-ozone-client/0.5.0-SNAPSHOT/hadoop-ozone-client-0.5.0-SNAPSHOT.jar:/home/user/.m2/repository/commons-lang/commons-lang/2.6/commons-lang-2.6.jar:/home/user/.m2/repository/org/apache/hadoop/hadoop-ozone-ozone-manager/0.5.0-SNAPSHOT/hadoop-ozone-ozone-manager-0.5.0-SNAPSHOT-tests.jar:/home/user/.m2/repository/junit/junit/4.11/junit-4.11.jar:/home/user/.m2/repository/org/hamcrest/hamcrest-core/1.3/hamcrest-core-1.3.jar:/home/user/.m2/repository/org/openjdk/jmh/jmh-core/1.19/jmh-core-1.19.jar:/home/user/.m2/repository/net/sf/jopt-simple/jopt-simple/4.6/jopt-simple-4.6.jar:/home/user/.m2/repository/org/apache/commons/commons-math3/3.1.1/commons-math3-3.1.1.jar:/home/user/.m2/repository/org/openjdk/jmh/jmh-generator-annprocess/1.19/jmh-generator-annprocess-1.19.jar:/home/user/.m2/repository/org/mockito/mockito-all/1.8.5/mockito-all-1.8.5.jar:/home/user/.m2/repository/org/apache/hadoop/hadoop-kms/3.2.0/hadoop-kms-3.2.0.jar:/home/user/.m2/repository/org/apache/hadoop/hadoop-auth/3.2.0/hadoop-auth-3.2.0.jar:/home/user/.m2/repository/com/nimbusds/nimbus-jose-jwt/4.41.1/nimbus-jose-jwt-4.41.1.jar:/home/user/.m2/repository/com/github/stephenc/jcip/jcip-annotations/1.0-1/jcip-annotations-1.0-1.jar:/home/user/.m2/repository/net/minidev/json-smart/2.3/json-smart-2.3.jar:/home/user/.m2/repository/net/minidev/accessors-smart/1.2/accessors-smart-1.2.jar:/home/user/.m2/repository/org/ow2/asm/asm/5.0.4/asm-5.0.4.jar:/home/user/.m2/repository/org/apache/curator/curator-framework/2.12.0/curator-framework-2.12.0.jar:/home/user/.m2/repository/com/sun/jersey/jersey-core/1.19/jersey-core-1.19.jar:/home/user/.m2/repository/javax/ws/rs/jsr311-api/1.1.1/jsr311-api-1.1.1.jar:/home/user/.m2/repository/com/sun/jersey/jersey-server/1.19/jersey-server-1.19.jar:/home/user/.m2/repository/javax/servlet/javax.servlet-api/3.1.0/javax.servlet-api-3.1.0.jar:/home/user/.m2/repository/org/eclipse/jetty/jetty-server/9.3.24.v20180605/jetty-server-9.3.24.v20180605.jar:/home/user/.m2/repository/org/eclipse/jetty/jetty-http/9.3.24.v20180605/jetty-http-9.3.24.v20180605.jar:/home/user/.m2/repository/org/eclipse/jetty/jetty-io/9.3.24.v20180605/jetty-io-9.3.24.v20180605.jar:/home/user/.m2/repository/org/eclipse/jetty/jetty-webapp/9.3.24.v20180605/jetty-webapp-9.3.24.v20180605.jar:/home/user/.m2/repository/org/eclipse/jetty/jetty-xml/9.3.24.v20180605/jetty-xml-9.3.24.v20180605.jar:/home/user/.m2/repository/log4j/log4j/1.2.17/log4j-1.2.17.jar:/home/user/.m2/repository/org/slf4j/slf4j-api/1.7.25/slf4j-api-1.7.25.jar:/home/user/.m2/repository/org/slf4j/jul-to-slf4j/1.7.25/jul-to-slf4j-1.7.25.jar:/home/user/.m2/repository/org/eclipse/jetty/jetty-util/9.3.24.v20180605/jetty-util-9.3.24.v20180605.jar:/home/user/.m2/repository/com/fasterxml/jackson/core/jackson-databind/2.9.9/jackson-databind-2.9.9.jar:/home/user/.m2/repository/org/apache/hadoop/hadoop-kms/3.2.0/hadoop-kms-3.2.0-tests.jar:/home/user/.m2/repository/org/apache/hadoop/hadoop-hdds-server-scm/0.5.0-SNAPSHOT/hadoop-hdds-server-scm-0.5.0-SNAPSHOT-tests.jar:/home/user/.m2/repository/org/apache/hadoop/hadoop-hdds-container-service/0.5.0-SNAPSHOT/hadoop-hdds-container-service-0.5.0-SNAPSHOT-tests.jar:/home/user/.m2/repository/org/yaml/snakeyaml/1.16/snakeyaml-1.16.jar:/home/user/.m2/repository/org/apache/hadoop/hadoop-common/3.2.0/hadoop-common-3.2.0-tests.jar:/home/user/.m2/repository/org/apache/hadoop/hadoop-annotations/3.2.0/hadoop-annotations-3.2.0.jar:/usr/lib/jvm/java-1.8-openjdk/jre/../lib/tools.jar:/home/user/.m2/repository/commons-cli/commons-cli/1.2/commons-cli-1.2.jar:/home/user/.m2/repository/org/apache/httpcomponents/httpclient/4.5.2/httpclient-4.5.2.jar:/home/user/.m2/repository/org/apache/httpcomponents/httpcore/4.4.4/httpcore-4.4.4.jar:/home/user/.m2/repository/commons-codec/commons-codec/1.11/commons-codec-1.11.jar:/home/user/.m2/repository/commons-net/commons-net/3.6/commons-net-3.6.jar:/home/user/.m2/repository/commons-collections/commons-collections/3.2.2/commons-collections-3.2.2.jar:/home/user/.m2/repository/org/eclipse/jetty/jetty-servlet/9.3.24.v20180605/jetty-servlet-9.3.24.v20180605.jar:/home/user/.m2/repository/org/eclipse/jetty/jetty-security/9.3.24.v20180605/jetty-security-9.3.24.v20180605.jar:/home/user/.m2/repository/javax/servlet/jsp/jsp-api/2.1/jsp-api-2.1.jar:/home/user/.m2/repository/com/sun/jersey/jersey-servlet/1.19/jersey-servlet-1.19.jar:/home/user/.m2/repository/com/sun/jersey/jersey-json/1.19/jersey-json-1.19.jar:/home/user/.m2/repository/org/codehaus/jettison/jettison/1.1/jettison-1.1.jar:/home/user/.m2/repository/org/codehaus/jackson/jackson-core-asl/1.9.13/jackson-core-asl-1.9.13.jar:/home/user/.m2/repository/org/codehaus/jackson/jackson-mapper-asl/1.9.13/jackson-mapper-asl-1.9.13.jar:/home/user/.m2/repository/org/codehaus/jackson/jackson-jaxrs/1.9.13/jackson-jaxrs-1.9.13.jar:/home/user/.m2/repository/org/codehaus/jackson/jackson-xc/1.9.13/jackson-xc-1.9.13.jar:/home/user/.m2/repository/commons-logging/commons-logging/1.1.3/commons-logging-1.1.3.jar:/home/user/.m2/repository/commons-beanutils/commons-beanutils/1.9.4/commons-beanutils-1.9.4.jar:/home/user/.m2/repository/org/apache/commons/commons-configuration2/2.1.1/commons-configuration2-2.1.1.jar:/home/user/.m2/repository/org/apache/commons/commons-lang3/3.7/commons-lang3-3.7.jar:/home/user/.m2/repository/org/apache/commons/commons-text/1.4/commons-text-1.4.jar:/home/user/.m2/repository/org/apache/avro/avro/1.7.7/avro-1.7.7.jar:/home/user/.m2/repository/com/thoughtworks/paranamer/paranamer/2.3/paranamer-2.3.jar:/home/user/.m2/repository/org/xerial/snappy/snappy-java/1.0.5/snappy-java-1.0.5.jar:/home/user/.m2/repository/com/google/re2j/re2j/1.1/re2j-1.1.jar:/home/user/.m2/repository/com/google/code/gson/gson/2.2.4/gson-2.2.4.jar:/home/user/.m2/repository/com/jcraft/jsch/0.1.54/jsch-0.1.54.jar:/home/user/.m2/repository/org/apache/curator/curator-client/2.12.0/curator-client-2.12.0.jar:/home/user/.m2/repository/org/apache/curator/curator-recipes/2.12.0/curator-recipes-2.12.0.jar:/home/user/.m2/repository/com/google/code/findbugs/jsr305/3.0.0/jsr305-3.0.0.jar:/home/user/.m2/repository/org/apache/htrace/htrace-core4/4.1.0-incubating/htrace-core4-4.1.0-incubating.jar:/home/user/.m2/repository/org/apache/zookeeper/zookeeper/3.4.13/zookeeper-3.4.13.jar:/home/user/.m2/repository/org/apache/yetus/audience-annotations/0.5.0/audience-annotations-0.5.0.jar:/home/user/.m2/repository/org/codehaus/woodstox/stax2-api/3.1.4/stax2-api-3.1.4.jar:/home/user/.m2/repository/com/fasterxml/woodstox/woodstox-core/5.0.3/woodstox-core-5.0.3.jar:/home/user/.m2/repository/dnsjava/dnsjava/2.1.7/dnsjava-2.1.7.jar:/home/user/.m2/repository/org/apache/hadoop/hadoop-hdfs/3.2.0/hadoop-hdfs-3.2.0-tests.jar:/home/user/.m2/repository/org/eclipse/jetty/jetty-util-ajax/9.3.24.v20180605/jetty-util-ajax-9.3.24.v20180605.jar:/home/user/.m2/repository/commons-daemon/commons-daemon/1.0.13/commons-daemon-1.0.13.jar:/home/user/.m2/repository/io/netty/netty/3.10.5.Final/netty-3.10.5.Final.jar:/home/user/.m2/repository/io/netty/netty-all/4.0.52.Final/netty-all-4.0.52.Final.jar:/home/user/.m2/repository/org/fusesource/leveldbjni/leveldbjni-all/1.8/leveldbjni-all-1.8.jar:"/>
    <property name="sun.cpu.endian" value="little"/>
    <property name="user.home" value="/home/user"/>
    <property name="user.language" value="en"/>
    <property name="java.specification.vendor" value="Oracle Corporation"/>
    <property name="java.home" value="/usr/lib/jvm/java-1.8-openjdk/jre"/>
    <property name="java.security.krb5.conf" value="/workdir/hadoop-ozone/integration-test/target/test-classes/krb5.conf"/>
    <property name="basedir" value="/workdir/hadoop-ozone/integration-test"/>
    <property name="file.separator" value="/"/>
    <property name="line.separator" value="&#10;"/>
    <property name="java.vm.specification.vendor" value="Oracle Corporation"/>
    <property name="java.specification.name" value="Java Platform API Specification"/>
    <property name="java.awt.graphicsenv" value="sun.awt.X11GraphicsEnvironment"/>
    <property name="surefire.real.class.path" value="/workdir/hadoop-ozone/integration-test/target/surefire/surefirebooter3011455155841737659.jar"/>
    <property name="hadoop.log.dir" value="/workdir/hadoop-ozone/integration-test/target/log"/>
    <property name="sun.boot.class.path" value="/usr/lib/jvm/java-1.8-openjdk/jre/lib/resources.jar:/usr/lib/jvm/java-1.8-openjdk/jre/lib/rt.jar:/usr/lib/jvm/java-1.8-openjdk/jre/lib/sunrsasign.jar:/usr/lib/jvm/java-1.8-openjdk/jre/lib/jsse.jar:/usr/lib/jvm/java-1.8-openjdk/jre/lib/jce.jar:/usr/lib/jvm/java-1.8-openjdk/jre/lib/charsets.jar:/usr/lib/jvm/java-1.8-openjdk/jre/lib/jfr.jar:/usr/lib/jvm/java-1.8-openjdk/jre/classes"/>
    <property name="sun.management.compiler" value="HotSpot 64-Bit Tiered Compilers"/>
    <property name="java.runtime.version" value="1.8.0_212-b04"/>
    <property name="java.net.preferIPv4Stack" value="true"/>
    <property name="user.name" value="jenkins1000"/>
    <property name="path.separator" value=":"/>
    <property name="java.security.egd" value="file:///dev/urandom"/>
    <property name="os.version" value="3.10.0-957.12.2.el7.x86_64"/>
    <property name="java.endorsed.dirs" value="/usr/lib/jvm/java-1.8-openjdk/jre/lib/endorsed"/>
    <property name="java.runtime.name" value="OpenJDK Runtime Environment"/>
    <property name="file.encoding" value="UTF-8"/>
    <property name="java.vm.name" value="OpenJDK 64-Bit Server VM"/>
    <property name="test.build.webapps" value=""/>
    <property name="localRepository" value="/home/user/.m2/repository"/>
    <property name="java.vendor.url.bug" value="https://icedtea.classpath.org/bugzilla"/>
    <property name="java.io.tmpdir" value="/tmp"/>
    <property name="require.test.libhadoop" value=""/>
    <property name="java.version" value="1.8.0_212"/>
    <property name="user.dir" value="/workdir/hadoop-ozone/integration-test"/>
    <property name="os.arch" value="amd64"/>
    <property name="java.vm.specification.name" value="Java Virtual Machine Specification"/>
    <property name="test.build.classes" value="/workdir/hadoop-ozone/integration-test/target/test-classes"/>
    <property name="java.awt.printerjob" value="sun.print.PSPrinterJob"/>
    <property name="sun.os.patch.level" value="unknown"/>
    <property name="hadoop.tmp.dir" value="/workdir/hadoop-ozone/integration-test/target/tmp"/>
    <property name="java.library.path" value="/usr/lib/jvm/java-1.8-openjdk/jre/lib/amd64/server:/usr/lib/jvm/java-1.8-openjdk/jre/lib/amd64:/usr/lib/jvm/java-1.8-openjdk/jre/../lib/amd64:/workdir/hadoop-ozone/integration-test/target/native/target/usr/local/lib:/workdir/hadoop-ozone/integration-test/../../hadoop-common-project/hadoop-common/target/native/target/usr/local/lib:/usr/java/packages/lib/amd64:/usr/lib64:/lib64:/lib:/usr/lib"/>
    <property name="java.vm.info" value="mixed mode"/>
    <property name="java.vendor" value="IcedTea"/>
    <property name="java.vm.version" value="25.212-b04"/>
    <property name="java.ext.dirs" value="/usr/lib/jvm/java-1.8-openjdk/jre/lib/ext:/usr/java/packages/lib/ext"/>
    <property name="sun.io.unicode.encoding" value="UnicodeLittle"/>
    <property name="java.class.version" value="52.0"/>
  </properties>
  <testcase name="test2DatanodesFailure" classname="org.apache.hadoop.ozone.client.rpc.TestBlockOutputStreamWithFailures" time="104.464"/>
  <testcase name="testDatanodeFailureWithPreAllocation" classname="org.apache.hadoop.ozone.client.rpc.TestBlockOutputStreamWithFailures" time="221.778"/>
  <testcase name="testDatanodeFailureWithSingleNodeRatis" classname="org.apache.hadoop.ozone.client.rpc.TestBlockOutputStreamWithFailures" time="223.442"/>
  <testcase name="testWatchForCommitWithSingleNodeRatis" classname="org.apache.hadoop.ozone.client.rpc.TestBlockOutputStreamWithFailures" time="33.608"/>
  <testcase name="testWatchForCommitDatanodeFailure" classname="org.apache.hadoop.ozone.client.rpc.TestBlockOutputStreamWithFailures" time="39.153"/>
  <testcase name="testFailureWithPrimeSizedData" classname="org.apache.hadoop.ozone.client.rpc.TestBlockOutputStreamWithFailures" time="33.475">
    <failure message="expected:&lt;68&gt; but was:&lt;70&gt;" type="java.lang.AssertionError"><![CDATA[java.lang.AssertionError: expected:<68> but was:<70>
	at org.junit.Assert.fail(Assert.java:88)
	at org.junit.Assert.failNotEquals(Assert.java:743)
	at org.junit.Assert.assertEquals(Assert.java:118)
	at org.junit.Assert.assertEquals(Assert.java:555)
	at org.junit.Assert.assertEquals(Assert.java:542)
	at org.apache.hadoop.ozone.client.rpc.TestBlockOutputStreamWithFailures.testFailureWithPrimeSizedData(TestBlockOutputStreamWithFailures.java:605)
	at sun.reflect.NativeMethodAccessorImpl.invoke0(Native Method)
	at sun.reflect.NativeMethodAccessorImpl.invoke(NativeMethodAccessorImpl.java:62)
	at sun.reflect.DelegatingMethodAccessorImpl.invoke(DelegatingMethodAccessorImpl.java:43)
	at java.lang.reflect.Method.invoke(Method.java:498)
	at org.junit.runners.model.FrameworkMethod$1.runReflectiveCall(FrameworkMethod.java:47)
	at org.junit.internal.runners.model.ReflectiveCallable.run(ReflectiveCallable.java:12)
	at org.junit.runners.model.FrameworkMethod.invokeExplosively(FrameworkMethod.java:44)
	at org.junit.internal.runners.statements.InvokeMethod.evaluate(InvokeMethod.java:17)
	at org.junit.internal.runners.statements.RunBefores.evaluate(RunBefores.java:26)
	at org.junit.internal.runners.statements.RunAfters.evaluate(RunAfters.java:27)
	at org.junit.runners.ParentRunner.runLeaf(ParentRunner.java:271)
	at org.junit.runners.BlockJUnit4ClassRunner.runChild(BlockJUnit4ClassRunner.java:70)
	at org.junit.runners.BlockJUnit4ClassRunner.runChild(BlockJUnit4ClassRunner.java:50)
	at org.junit.runners.ParentRunner$3.run(ParentRunner.java:238)
	at org.junit.runners.ParentRunner$1.schedule(ParentRunner.java:63)
	at org.junit.runners.ParentRunner.runChildren(ParentRunner.java:236)
	at org.junit.runners.ParentRunner.access$000(ParentRunner.java:53)
	at org.junit.runners.ParentRunner$2.evaluate(ParentRunner.java:229)
	at org.junit.runners.ParentRunner.run(ParentRunner.java:309)
	at org.apache.maven.surefire.junit4.JUnit4Provider.execute(JUnit4Provider.java:365)
	at org.apache.maven.surefire.junit4.JUnit4Provider.executeWithRerun(JUnit4Provider.java:273)
	at org.apache.maven.surefire.junit4.JUnit4Provider.executeTestSet(JUnit4Provider.java:238)
	at org.apache.maven.surefire.junit4.JUnit4Provider.invoke(JUnit4Provider.java:159)
	at org.apache.maven.surefire.booter.ForkedBooter.invokeProviderInSameClassLoader(ForkedBooter.java:384)
	at org.apache.maven.surefire.booter.ForkedBooter.runSuitesInProcess(ForkedBooter.java:345)
	at org.apache.maven.surefire.booter.ForkedBooter.execute(ForkedBooter.java:126)
	at org.apache.maven.surefire.booter.ForkedBooter.main(ForkedBooter.java:418)
]]></failure>
    <system-out><![CDATA[2019-10-01 23:42:58,363 [main] WARN  server.ServerUtils (ServerUtils.java:getScmDbDir(145)) - ozone.scm.db.dirs is not configured. We recommend adding this setting. Falling back to ozone.metadata.dirs instead.
2019-10-01 23:42:58,407 [main] WARN  server.ServerUtils (ServerUtils.java:getScmDbDir(145)) - ozone.scm.db.dirs is not configured. We recommend adding this setting. Falling back to ozone.metadata.dirs instead.
2019-10-01 23:42:58,408 [main] WARN  server.ServerUtils (ServerUtils.java:getScmDbDir(145)) - ozone.scm.db.dirs is not configured. We recommend adding this setting. Falling back to ozone.metadata.dirs instead.
2019-10-01 23:42:58,408 [main] INFO  db.DBStoreBuilder (DBStoreBuilder.java:addTable(110)) - using custom profile for table: deletedBlocks
2019-10-01 23:42:58,408 [main] INFO  db.DBStoreBuilder (DBStoreBuilder.java:processTables(161)) - Using default column profile:DBProfile.DISK for Table:deletedBlocks
2019-10-01 23:42:58,409 [main] INFO  db.DBStoreBuilder (DBStoreBuilder.java:addTable(110)) - using custom profile for table: validCerts
2019-10-01 23:42:58,409 [main] INFO  db.DBStoreBuilder (DBStoreBuilder.java:processTables(161)) - Using default column profile:DBProfile.DISK for Table:validCerts
2019-10-01 23:42:58,409 [main] INFO  db.DBStoreBuilder (DBStoreBuilder.java:addTable(110)) - using custom profile for table: revokedCerts
2019-10-01 23:42:58,409 [main] INFO  db.DBStoreBuilder (DBStoreBuilder.java:processTables(161)) - Using default column profile:DBProfile.DISK for Table:revokedCerts
2019-10-01 23:42:58,409 [main] INFO  db.DBStoreBuilder (DBStoreBuilder.java:addTable(110)) - using custom profile for table: default
2019-10-01 23:42:58,410 [main] INFO  db.DBStoreBuilder (DBStoreBuilder.java:processTables(167)) - Using default column profile:DBProfile.DISK for Table:default
2019-10-01 23:42:58,410 [main] INFO  db.DBStoreBuilder (DBStoreBuilder.java:getDbProfile(198)) - Using default options. DBProfile.DISK
2019-10-01 23:42:58,565 [main] INFO  net.NodeSchemaLoader (NodeSchemaLoader.java:loadSchemaFromFile(125)) - Loading file from sun.misc.CompoundEnumeration@25699aa7
2019-10-01 23:42:58,565 [main] INFO  net.NodeSchemaLoader (NodeSchemaLoader.java:loadSchema(171)) - Loading network topology layer schema file
2019-10-01 23:42:58,568 [main] INFO  node.SCMNodeManager (SCMNodeManager.java:<init>(114)) - Entering startup safe mode.
2019-10-01 23:42:58,569 [main] INFO  algorithms.ContainerPlacementPolicyFactory (ContainerPlacementPolicyFactory.java:getPolicy(57)) - Create container placement policy of type org.apache.hadoop.hdds.scm.container.placement.algorithms.SCMContainerPlacementRandom
2019-10-01 23:42:58,569 [main] WARN  server.ServerUtils (ServerUtils.java:getScmDbDir(145)) - ozone.scm.db.dirs is not configured. We recommend adding this setting. Falling back to ozone.metadata.dirs instead.
2019-10-01 23:42:58,615 [main] INFO  pipeline.SCMPipelineManager (SCMPipelineManager.java:initializePipelineState(128)) - No pipeline exists in current db
2019-10-01 23:42:58,615 [main] WARN  server.ServerUtils (ServerUtils.java:getScmDbDir(145)) - ozone.scm.db.dirs is not configured. We recommend adding this setting. Falling back to ozone.metadata.dirs instead.
2019-10-01 23:42:58,645 [main] WARN  events.EventQueue (EventQueue.java:fireEvent(183)) - No event handler registered for event TypedEvent{payloadType=SafeModeStatus, name='SafeModeStatus'}
2019-10-01 23:42:58,646 [main] INFO  ipc.CallQueueManager (CallQueueManager.java:<init>(84)) - Using callQueue: class java.util.concurrent.LinkedBlockingQueue, queueCapacity: 2000, scheduler: class org.apache.hadoop.ipc.DefaultRpcScheduler, ipcBackoff: false.
2019-10-01 23:42:58,647 [Socket Reader #1 for port 41867] INFO  ipc.Server (Server.java:run(1074)) - Starting Socket Reader #1 for port 41867
2019-10-01 23:42:58,648 [main] INFO  ipc.CallQueueManager (CallQueueManager.java:<init>(84)) - Using callQueue: class java.util.concurrent.LinkedBlockingQueue, queueCapacity: 2000, scheduler: class org.apache.hadoop.ipc.DefaultRpcScheduler, ipcBackoff: false.
2019-10-01 23:42:58,649 [Socket Reader #1 for port 36578] INFO  ipc.Server (Server.java:run(1074)) - Starting Socket Reader #1 for port 36578
2019-10-01 23:42:58,650 [main] INFO  ipc.CallQueueManager (CallQueueManager.java:<init>(84)) - Using callQueue: class java.util.concurrent.LinkedBlockingQueue, queueCapacity: 2000, scheduler: class org.apache.hadoop.ipc.DefaultRpcScheduler, ipcBackoff: false.
2019-10-01 23:42:58,651 [Socket Reader #1 for port 33994] INFO  ipc.Server (Server.java:run(1074)) - Starting Socket Reader #1 for port 33994
2019-10-01 23:42:58,654 [main] INFO  hdfs.DFSUtil (DFSUtil.java:httpServerTemplateForNNAndJN(1641)) - Starting Web-server for scm at: http://0.0.0.0:0
2019-10-01 23:42:58,657 [main] INFO  server.AuthenticationFilter (AuthenticationFilter.java:constructSecretProvider(240)) - Unable to initialize FileSignerSecretProvider, falling back to use random secrets.
2019-10-01 23:42:58,658 [main] WARN  http.HttpRequestLog (HttpRequestLog.java:getRequestLog(97)) - Jetty request log can only be enabled using Log4j
2019-10-01 23:42:58,659 [main] INFO  http.HttpServer2 (HttpServer2.java:addGlobalFilter(975)) - Added global filter 'safety' (class=org.apache.hadoop.http.HttpServer2$QuotingInputFilter)
2019-10-01 23:42:58,660 [main] INFO  http.HttpServer2 (HttpServer2.java:addFilter(948)) - Added filter static_user_filter (class=org.apache.hadoop.http.lib.StaticUserWebFilter$StaticUserFilter) to context scm
2019-10-01 23:42:58,660 [main] INFO  http.HttpServer2 (HttpServer2.java:addFilter(958)) - Added filter static_user_filter (class=org.apache.hadoop.http.lib.StaticUserWebFilter$StaticUserFilter) to context static
2019-10-01 23:42:58,660 [main] INFO  http.HttpServer2 (HttpServer2.java:addFilter(958)) - Added filter static_user_filter (class=org.apache.hadoop.http.lib.StaticUserWebFilter$StaticUserFilter) to context logs
2019-10-01 23:42:58,661 [main] INFO  server.StorageContainerManager (StorageContainerManager.java:start(763)) - StorageContainerLocationProtocol RPC server is listening at /0.0.0.0:33994
2019-10-01 23:42:58,663 [main] WARN  impl.MetricsConfig (MetricsConfig.java:loadFirst(134)) - Cannot locate configuration: tried hadoop-metrics2-storagecontainermanager.properties,hadoop-metrics2.properties
2019-10-01 23:42:58,664 [main] INFO  impl.MetricsSystemImpl (MetricsSystemImpl.java:startTimer(374)) - Scheduled Metric snapshot period at 10 second(s).
2019-10-01 23:42:58,664 [main] INFO  impl.MetricsSystemImpl (MetricsSystemImpl.java:start(191)) - StorageContainerManager metrics system started
2019-10-01 23:42:58,763 [main] WARN  impl.MetricsSystemImpl (MetricsSystemImpl.java:register(276)) - Sink prometheus already exists!
2019-10-01 23:42:58,829 [main] INFO  server.SCMClientProtocolServer (SCMClientProtocolServer.java:start(151)) - RPC server for Client  is listening at /0.0.0.0:33994
2019-10-01 23:42:58,830 [IPC Server Responder] INFO  ipc.Server (Server.java:run(1314)) - IPC Server Responder: starting
2019-10-01 23:42:58,830 [IPC Server listener on 33994] INFO  ipc.Server (Server.java:run(1153)) - IPC Server listener on 33994: starting
2019-10-01 23:42:58,834 [main] INFO  server.StorageContainerManager (StorageContainerManager.java:start(773)) - ScmBlockLocationProtocol RPC server is listening at /0.0.0.0:36578
2019-10-01 23:42:58,834 [main] INFO  server.SCMBlockProtocolServer (SCMBlockProtocolServer.java:start(146)) - RPC server for Block Protocol is listening at /0.0.0.0:36578
2019-10-01 23:42:58,835 [IPC Server Responder] INFO  ipc.Server (Server.java:run(1314)) - IPC Server Responder: starting
2019-10-01 23:42:58,835 [IPC Server listener on 36578] INFO  ipc.Server (Server.java:run(1153)) - IPC Server listener on 36578: starting
2019-10-01 23:42:58,840 [main] INFO  server.StorageContainerManager (StorageContainerManager.java:start(777)) - ScmDatanodeProtocl RPC server is listening at /0.0.0.0:41867
2019-10-01 23:42:58,840 [main] INFO  server.SCMDatanodeProtocolServer (SCMDatanodeProtocolServer.java:start(191)) - RPC server for DataNodes is listening at /0.0.0.0:41867
2019-10-01 23:42:58,840 [IPC Server Responder] INFO  ipc.Server (Server.java:run(1314)) - IPC Server Responder: starting
2019-10-01 23:42:58,840 [IPC Server listener on 41867] INFO  ipc.Server (Server.java:run(1153)) - IPC Server listener on 41867: starting
2019-10-01 23:42:58,847 [main] INFO  http.HttpServer2 (HttpServer2.java:bindListener(1191)) - Jetty bound to port 42338
2019-10-01 23:42:58,847 [main] INFO  server.Server (Server.java:doStart(351)) - jetty-9.3.24.v20180605, build timestamp: 2018-06-05T17:11:56Z, git hash: 84205aa28f11a4f31f2a3b86d1bba2cc8ab69827
2019-10-01 23:42:58,849 [main] INFO  handler.ContextHandler (ContextHandler.java:doStart(781)) - Started o.e.j.s.ServletContextHandler@642c6461{/logs,file:///workdir/hadoop-ozone/integration-test/target/log,AVAILABLE}
2019-10-01 23:42:58,850 [main] INFO  handler.ContextHandler (ContextHandler.java:doStart(781)) - Started o.e.j.s.ServletContextHandler@4e48462d{/static,file:///workdir/hadoop-ozone/integration-test/target/test-classes/webapps/static,AVAILABLE}
2019-10-01 23:42:58,854 [main] INFO  handler.ContextHandler (ContextHandler.java:doStart(781)) - Started o.e.j.w.WebAppContext@e26a3df{/,file:///workdir/hadoop-ozone/integration-test/target/test-classes/webapps/scm/,AVAILABLE}{/scm}
2019-10-01 23:42:58,855 [main] INFO  server.AbstractConnector (AbstractConnector.java:doStart(278)) - Started ServerConnector@57a667c8{HTTP/1.1,[http/1.1]}{0.0.0.0:42338}
2019-10-01 23:42:58,856 [main] INFO  server.Server (Server.java:doStart(419)) - Started @623493ms
2019-10-01 23:42:58,856 [main] WARN  impl.MetricsSystemImpl (MetricsSystemImpl.java:register(276)) - Sink prometheus already exists!
2019-10-01 23:42:58,857 [main] INFO  server.BaseHttpServer (BaseHttpServer.java:updateConnectorAddress(215)) - HTTP server of SCM is listening at http://0.0.0.0:42338
2019-10-01 23:42:58,859 [main] WARN  server.ServerUtils (ServerUtils.java:getDBPath(222)) - ozone.om.db.dirs is not configured. We recommend adding this setting. Falling back to ozone.metadata.dirs instead.
2019-10-01 23:42:58,859 [org.apache.hadoop.util.JvmPauseMonitor$Monitor@2094bf3d] INFO  util.JvmPauseMonitor (JvmPauseMonitor.java:run(188)) - Starting JVM pause monitor
2019-10-01 23:42:58,872 [main] WARN  server.ServerUtils (ServerUtils.java:getDBPath(222)) - ozone.om.db.dirs is not configured. We recommend adding this setting. Falling back to ozone.metadata.dirs instead.
2019-10-01 23:42:58,872 [main] WARN  server.ServerUtils (ServerUtils.java:getDBPath(222)) - ozone.om.db.dirs is not configured. We recommend adding this setting. Falling back to ozone.metadata.dirs instead.
2019-10-01 23:42:58,873 [main] INFO  om.OzoneManager (OzoneManager.java:setOMNodeDetails(650)) - OM Service ID is not set. Setting it to the default ID: omServiceIdDefault
2019-10-01 23:42:58,873 [main] INFO  om.OzoneManager (OzoneManager.java:setOMNodeDetails(656)) - OM Node ID is not set. Setting it to the OmStorage's OmID: 015e3d04-2f7f-47d9-969c-1c4d648ce8c0
2019-10-01 23:42:58,873 [main] INFO  om.OzoneManager (OzoneManager.java:loadOMHAConfigs(607)) - Found matching OM address with OMServiceId: null, OMNodeId: null, RPC Address: localhost:0 and Ratis port: 9872
2019-10-01 23:42:58,879 [main] WARN  server.ServerUtils (ServerUtils.java:getDBPath(222)) - ozone.om.db.dirs is not configured. We recommend adding this setting. Falling back to ozone.metadata.dirs instead.
2019-10-01 23:42:58,879 [main] INFO  db.DBStoreBuilder (DBStoreBuilder.java:addTable(110)) - using custom profile for table: userTable
2019-10-01 23:42:58,879 [main] INFO  db.DBStoreBuilder (DBStoreBuilder.java:processTables(161)) - Using default column profile:DBProfile.DISK for Table:userTable
2019-10-01 23:42:58,880 [main] INFO  db.DBStoreBuilder (DBStoreBuilder.java:addTable(110)) - using custom profile for table: volumeTable
2019-10-01 23:42:58,880 [main] INFO  db.DBStoreBuilder (DBStoreBuilder.java:processTables(161)) - Using default column profile:DBProfile.DISK for Table:volumeTable
2019-10-01 23:42:58,880 [main] INFO  db.DBStoreBuilder (DBStoreBuilder.java:addTable(110)) - using custom profile for table: bucketTable
2019-10-01 23:42:58,880 [main] INFO  db.DBStoreBuilder (DBStoreBuilder.java:processTables(161)) - Using default column profile:DBProfile.DISK for Table:bucketTable
2019-10-01 23:42:58,880 [main] INFO  db.DBStoreBuilder (DBStoreBuilder.java:addTable(110)) - using custom profile for table: keyTable
2019-10-01 23:42:58,880 [main] INFO  db.DBStoreBuilder (DBStoreBuilder.java:processTables(161)) - Using default column profile:DBProfile.DISK for Table:keyTable
2019-10-01 23:42:58,880 [main] INFO  db.DBStoreBuilder (DBStoreBuilder.java:addTable(110)) - using custom profile for table: deletedTable
2019-10-01 23:42:58,881 [main] INFO  db.DBStoreBuilder (DBStoreBuilder.java:processTables(161)) - Using default column profile:DBProfile.DISK for Table:deletedTable
2019-10-01 23:42:58,881 [main] INFO  db.DBStoreBuilder (DBStoreBuilder.java:addTable(110)) - using custom profile for table: openKeyTable
2019-10-01 23:42:58,881 [main] INFO  db.DBStoreBuilder (DBStoreBuilder.java:processTables(161)) - Using default column profile:DBProfile.DISK for Table:openKeyTable
2019-10-01 23:42:58,881 [main] INFO  db.DBStoreBuilder (DBStoreBuilder.java:addTable(110)) - using custom profile for table: s3Table
2019-10-01 23:42:58,881 [main] INFO  db.DBStoreBuilder (DBStoreBuilder.java:processTables(161)) - Using default column profile:DBProfile.DISK for Table:s3Table
2019-10-01 23:42:58,881 [main] INFO  db.DBStoreBuilder (DBStoreBuilder.java:addTable(110)) - using custom profile for table: multipartInfoTable
2019-10-01 23:42:58,881 [main] INFO  db.DBStoreBuilder (DBStoreBuilder.java:processTables(161)) - Using default column profile:DBProfile.DISK for Table:multipartInfoTable
2019-10-01 23:42:58,882 [main] INFO  db.DBStoreBuilder (DBStoreBuilder.java:addTable(110)) - using custom profile for table: dTokenTable
2019-10-01 23:42:58,882 [main] INFO  db.DBStoreBuilder (DBStoreBuilder.java:processTables(161)) - Using default column profile:DBProfile.DISK for Table:dTokenTable
2019-10-01 23:42:58,882 [main] INFO  db.DBStoreBuilder (DBStoreBuilder.java:addTable(110)) - using custom profile for table: s3SecretTable
2019-10-01 23:42:58,882 [main] INFO  db.DBStoreBuilder (DBStoreBuilder.java:processTables(161)) - Using default column profile:DBProfile.DISK for Table:s3SecretTable
2019-10-01 23:42:58,882 [main] INFO  db.DBStoreBuilder (DBStoreBuilder.java:addTable(110)) - using custom profile for table: prefixTable
2019-10-01 23:42:58,882 [main] INFO  db.DBStoreBuilder (DBStoreBuilder.java:processTables(161)) - Using default column profile:DBProfile.DISK for Table:prefixTable
2019-10-01 23:42:58,882 [main] INFO  db.DBStoreBuilder (DBStoreBuilder.java:addTable(110)) - using custom profile for table: default
2019-10-01 23:42:58,883 [main] INFO  db.DBStoreBuilder (DBStoreBuilder.java:processTables(167)) - Using default column profile:DBProfile.DISK for Table:default
2019-10-01 23:42:58,883 [main] INFO  db.DBStoreBuilder (DBStoreBuilder.java:getDbProfile(198)) - Using default options. DBProfile.DISK
2019-10-01 23:42:59,220 [main] INFO  ipc.CallQueueManager (CallQueueManager.java:<init>(84)) - Using callQueue: class java.util.concurrent.LinkedBlockingQueue, queueCapacity: 2000, scheduler: class org.apache.hadoop.ipc.DefaultRpcScheduler, ipcBackoff: false.
2019-10-01 23:42:59,221 [Socket Reader #1 for port 42664] INFO  ipc.Server (Server.java:run(1074)) - Starting Socket Reader #1 for port 42664
2019-10-01 23:42:59,232 [main] INFO  om.OzoneManager (OzoneManager.java:start(1241)) - OzoneManager RPC server is listening at localhost/127.0.0.1:42664
2019-10-01 23:42:59,232 [main] INFO  impl.MetricsSystemImpl (MetricsSystemImpl.java:init(158)) - OzoneManager metrics system started (again)
2019-10-01 23:42:59,233 [IPC Server Responder] INFO  ipc.Server (Server.java:run(1314)) - IPC Server Responder: starting
2019-10-01 23:42:59,233 [IPC Server listener on 42664] INFO  ipc.Server (Server.java:run(1153)) - IPC Server listener on 42664: starting
2019-10-01 23:42:59,238 [main] INFO  hdfs.DFSUtil (DFSUtil.java:httpServerTemplateForNNAndJN(1641)) - Starting Web-server for ozoneManager at: http://0.0.0.0:0
2019-10-01 23:42:59,240 [main] INFO  server.AuthenticationFilter (AuthenticationFilter.java:constructSecretProvider(240)) - Unable to initialize FileSignerSecretProvider, falling back to use random secrets.
2019-10-01 23:42:59,240 [main] WARN  http.HttpRequestLog (HttpRequestLog.java:getRequestLog(97)) - Jetty request log can only be enabled using Log4j
2019-10-01 23:42:59,241 [main] INFO  http.HttpServer2 (HttpServer2.java:addGlobalFilter(975)) - Added global filter 'safety' (class=org.apache.hadoop.http.HttpServer2$QuotingInputFilter)
2019-10-01 23:42:59,242 [main] INFO  http.HttpServer2 (HttpServer2.java:addFilter(948)) - Added filter static_user_filter (class=org.apache.hadoop.http.lib.StaticUserWebFilter$StaticUserFilter) to context ozoneManager
2019-10-01 23:42:59,242 [main] INFO  http.HttpServer2 (HttpServer2.java:addFilter(958)) - Added filter static_user_filter (class=org.apache.hadoop.http.lib.StaticUserWebFilter$StaticUserFilter) to context logs
2019-10-01 23:42:59,242 [main] INFO  http.HttpServer2 (HttpServer2.java:addFilter(958)) - Added filter static_user_filter (class=org.apache.hadoop.http.lib.StaticUserWebFilter$StaticUserFilter) to context static
2019-10-01 23:42:59,242 [main] INFO  http.HttpServer2 (HttpServer2.java:bindListener(1191)) - Jetty bound to port 45933
2019-10-01 23:42:59,243 [main] INFO  server.Server (Server.java:doStart(351)) - jetty-9.3.24.v20180605, build timestamp: 2018-06-05T17:11:56Z, git hash: 84205aa28f11a4f31f2a3b86d1bba2cc8ab69827
2019-10-01 23:42:59,244 [main] INFO  handler.ContextHandler (ContextHandler.java:doStart(781)) - Started o.e.j.s.ServletContextHandler@3f0ce0d1{/logs,file:///workdir/hadoop-ozone/integration-test/target/log,AVAILABLE}
2019-10-01 23:42:59,245 [main] INFO  handler.ContextHandler (ContextHandler.java:doStart(781)) - Started o.e.j.s.ServletContextHandler@1491cd6c{/static,file:///workdir/hadoop-ozone/integration-test/target/test-classes/webapps/static,AVAILABLE}
2019-10-01 23:42:59,247 [main] INFO  handler.ContextHandler (ContextHandler.java:doStart(781)) - Started o.e.j.w.WebAppContext@6537ac{/,file:///workdir/hadoop-ozone/integration-test/target/test-classes/webapps/ozoneManager/,AVAILABLE}{/ozoneManager}
2019-10-01 23:42:59,248 [main] INFO  server.AbstractConnector (AbstractConnector.java:doStart(278)) - Started ServerConnector@3b218c74{HTTP/1.1,[http/1.1]}{0.0.0.0:45933}
2019-10-01 23:42:59,248 [main] INFO  server.Server (Server.java:doStart(419)) - Started @623885ms
2019-10-01 23:42:59,249 [main] WARN  impl.MetricsSystemImpl (MetricsSystemImpl.java:register(276)) - Sink prometheus already exists!
2019-10-01 23:42:59,252 [main] INFO  server.BaseHttpServer (BaseHttpServer.java:updateConnectorAddress(215)) - HTTP server of OZONEMANAGER is listening at http://0.0.0.0:45933
2019-10-01 23:42:59,266 [main] INFO  impl.MetricsSystemImpl (MetricsSystemImpl.java:init(158)) - HddsDatanode metrics system started (again)
2019-10-01 23:42:59,270 [main] INFO  ozone.HddsDatanodeService (HddsDatanodeService.java:start(184)) - HddsDatanodeService host:pr-hdds-2158-lzhrq-821698512 ip:192.168.164.203
2019-10-01 23:42:59,277 [main] INFO  volume.HddsVolume (HddsVolume.java:<init>(176)) - Creating Volume: /workdir/hadoop-ozone/integration-test/target/test-dir/MiniOzoneClusterImpl-29179c81-74dc-4452-99b0-75c8569a4c78/datanode-0/data/containers/hdds of  storage type : DISK and capacity : 1482555576320
2019-10-01 23:42:59,278 [main] INFO  volume.VolumeSet (VolumeSet.java:initializeVolumeSet(170)) - Added Volume : /workdir/hadoop-ozone/integration-test/target/test-dir/MiniOzoneClusterImpl-29179c81-74dc-4452-99b0-75c8569a4c78/datanode-0/data/containers/hdds to VolumeSet
2019-10-01 23:42:59,278 [main] INFO  volume.ThrottledAsyncChecker (ThrottledAsyncChecker.java:schedule(139)) - Scheduling a check for org.apache.hadoop.ozone.container.common.volume.HddsVolume@16d41725
2019-10-01 23:42:59,280 [main] INFO  volume.HddsVolumeChecker (HddsVolumeChecker.java:checkAllVolumes(202)) - Scheduled health check for volume org.apache.hadoop.ozone.container.common.volume.HddsVolume@16d41725
2019-10-01 23:42:59,295 [main] INFO  impl.RaftServerProxy (ConfUtils.java:logGet(43)) - raft.rpc.type = GRPC (default)
2019-10-01 23:42:59,296 [main] INFO  grpc.GrpcFactory (GrpcFactory.java:checkPooledByteBufAllocatorUseCacheForAllThreads(45)) - PERFORMANCE WARNING: useCacheForAllThreads is true that may cause Netty to create a lot garbage objects and, as a result, trigger GC.
	It is recommended to disable useCacheForAllThreads by setting -Dorg.apache.ratis.thirdparty.io.netty.allocator.useCacheForAllThreads=false in command line.
2019-10-01 23:42:59,296 [main] INFO  grpc.GrpcConfigKeys$Server (ConfUtils.java:logGet(43)) - raft.grpc.server.port = 0 (default)
2019-10-01 23:42:59,296 [main] INFO  server.GrpcService (ConfUtils.java:logGet(43)) - raft.grpc.message.size.max = 33570816 (custom)
2019-10-01 23:42:59,296 [main] INFO  server.RaftServerConfigKeys (ConfUtils.java:logGet(43)) - raft.server.log.appender.buffer.byte-limit = 33554432 (custom)
2019-10-01 23:42:59,297 [main] INFO  server.GrpcService (ConfUtils.java:logGet(43)) - raft.grpc.flow.control.window = 1MB (=1048576) (default)
2019-10-01 23:42:59,297 [main] INFO  server.RaftServerConfigKeys (ConfUtils.java:logGet(43)) - raft.server.rpc.request.timeout = 3000ms (default)
2019-10-01 23:42:59,298 [main] INFO  server.RaftServerConfigKeys (ConfUtils.java:logGet(43)) - raft.server.storage.dir = [/workdir/hadoop-ozone/integration-test/target/test-dir/MiniOzoneClusterImpl-29179c81-74dc-4452-99b0-75c8569a4c78/datanode-0/data/ratis] (custom)
2019-10-01 23:42:59,299 [main] INFO  hdfs.DFSUtil (DFSUtil.java:httpServerTemplateForNNAndJN(1641)) - Starting Web-server for hddsDatanode at: http://0.0.0.0:0
2019-10-01 23:42:59,301 [main] INFO  server.AuthenticationFilter (AuthenticationFilter.java:constructSecretProvider(240)) - Unable to initialize FileSignerSecretProvider, falling back to use random secrets.
2019-10-01 23:42:59,301 [main] WARN  http.HttpRequestLog (HttpRequestLog.java:getRequestLog(97)) - Jetty request log can only be enabled using Log4j
2019-10-01 23:42:59,303 [main] INFO  http.HttpServer2 (HttpServer2.java:addGlobalFilter(975)) - Added global filter 'safety' (class=org.apache.hadoop.http.HttpServer2$QuotingInputFilter)
2019-10-01 23:42:59,303 [main] INFO  http.HttpServer2 (HttpServer2.java:addFilter(948)) - Added filter static_user_filter (class=org.apache.hadoop.http.lib.StaticUserWebFilter$StaticUserFilter) to context hddsDatanode
2019-10-01 23:42:59,304 [main] INFO  http.HttpServer2 (HttpServer2.java:addFilter(958)) - Added filter static_user_filter (class=org.apache.hadoop.http.lib.StaticUserWebFilter$StaticUserFilter) to context logs
2019-10-01 23:42:59,304 [main] INFO  http.HttpServer2 (HttpServer2.java:addFilter(958)) - Added filter static_user_filter (class=org.apache.hadoop.http.lib.StaticUserWebFilter$StaticUserFilter) to context static
2019-10-01 23:42:59,305 [main] INFO  http.HttpServer2 (HttpServer2.java:bindListener(1191)) - Jetty bound to port 43461
2019-10-01 23:42:59,305 [main] INFO  server.Server (Server.java:doStart(351)) - jetty-9.3.24.v20180605, build timestamp: 2018-06-05T17:11:56Z, git hash: 84205aa28f11a4f31f2a3b86d1bba2cc8ab69827
2019-10-01 23:42:59,306 [main] INFO  handler.ContextHandler (ContextHandler.java:doStart(781)) - Started o.e.j.s.ServletContextHandler@5e67a490{/logs,file:///workdir/hadoop-ozone/integration-test/target/log,AVAILABLE}
2019-10-01 23:42:59,307 [main] INFO  handler.ContextHandler (ContextHandler.java:doStart(781)) - Started o.e.j.s.ServletContextHandler@38c761e9{/static,jar:file:/home/user/.m2/repository/org/apache/hadoop/hadoop-hdds-container-service/0.5.0-SNAPSHOT/hadoop-hdds-container-service-0.5.0-SNAPSHOT.jar!/webapps/static,AVAILABLE}
2019-10-01 23:42:59,342 [main] INFO  handler.ContextHandler (ContextHandler.java:doStart(781)) - Started o.e.j.w.WebAppContext@7d47dfed{/,file:///tmp/jetty-0.0.0.0-43461-hddsDatanode-_-any-4866474771696472112.dir/webapp/,AVAILABLE}{/hddsDatanode}
2019-10-01 23:42:59,342 [main] INFO  server.AbstractConnector (AbstractConnector.java:doStart(278)) - Started ServerConnector@3a38e4dc{HTTP/1.1,[http/1.1]}{0.0.0.0:43461}
2019-10-01 23:42:59,344 [main] INFO  server.Server (Server.java:doStart(419)) - Started @623981ms
2019-10-01 23:42:59,344 [main] WARN  impl.MetricsSystemImpl (MetricsSystemImpl.java:register(276)) - Sink prometheus already exists!
2019-10-01 23:42:59,344 [main] INFO  server.BaseHttpServer (BaseHttpServer.java:updateConnectorAddress(215)) - HTTP server of HDDSDATANODE is listening at http://0.0.0.0:43461
2019-10-01 23:42:59,345 [main] INFO  impl.MetricsSystemImpl (MetricsSystemImpl.java:init(158)) - HddsDatanode metrics system started (again)
2019-10-01 23:42:59,348 [org.apache.hadoop.util.JvmPauseMonitor$Monitor@15230455] INFO  util.JvmPauseMonitor (JvmPauseMonitor.java:run(188)) - Starting JVM pause monitor
2019-10-01 23:42:59,349 [main] INFO  ozone.HddsDatanodeService (HddsDatanodeService.java:start(184)) - HddsDatanodeService host:pr-hdds-2158-lzhrq-821698512 ip:192.168.164.203
2019-10-01 23:42:59,350 [Datanode State Machine Thread - 0] INFO  datanode.InitDatanodeState (InitDatanodeState.java:persistContainerDatanodeDetails(140)) - DatanodeDetails is persisted to /workdir/hadoop-ozone/integration-test/target/test-dir/MiniOzoneClusterImpl-29179c81-74dc-4452-99b0-75c8569a4c78/datanode-0/meta/datanode.id
2019-10-01 23:42:59,354 [main] INFO  volume.HddsVolume (HddsVolume.java:<init>(176)) - Creating Volume: /workdir/hadoop-ozone/integration-test/target/test-dir/MiniOzoneClusterImpl-29179c81-74dc-4452-99b0-75c8569a4c78/datanode-1/data/containers/hdds of  storage type : DISK and capacity : 1482555576320
2019-10-01 23:42:59,354 [main] INFO  volume.VolumeSet (VolumeSet.java:initializeVolumeSet(170)) - Added Volume : /workdir/hadoop-ozone/integration-test/target/test-dir/MiniOzoneClusterImpl-29179c81-74dc-4452-99b0-75c8569a4c78/datanode-1/data/containers/hdds to VolumeSet
2019-10-01 23:42:59,354 [main] INFO  volume.ThrottledAsyncChecker (ThrottledAsyncChecker.java:schedule(139)) - Scheduling a check for org.apache.hadoop.ozone.container.common.volume.HddsVolume@5203c80f
2019-10-01 23:42:59,355 [main] INFO  volume.HddsVolumeChecker (HddsVolumeChecker.java:checkAllVolumes(202)) - Scheduled health check for volume org.apache.hadoop.ozone.container.common.volume.HddsVolume@5203c80f
2019-10-01 23:42:59,366 [main] INFO  impl.RaftServerProxy (ConfUtils.java:logGet(43)) - raft.rpc.type = GRPC (default)
2019-10-01 23:42:59,367 [main] INFO  grpc.GrpcFactory (GrpcFactory.java:checkPooledByteBufAllocatorUseCacheForAllThreads(45)) - PERFORMANCE WARNING: useCacheForAllThreads is true that may cause Netty to create a lot garbage objects and, as a result, trigger GC.
	It is recommended to disable useCacheForAllThreads by setting -Dorg.apache.ratis.thirdparty.io.netty.allocator.useCacheForAllThreads=false in command line.
2019-10-01 23:42:59,367 [main] INFO  grpc.GrpcConfigKeys$Server (ConfUtils.java:logGet(43)) - raft.grpc.server.port = 0 (default)
2019-10-01 23:42:59,367 [main] INFO  server.GrpcService (ConfUtils.java:logGet(43)) - raft.grpc.message.size.max = 33570816 (custom)
2019-10-01 23:42:59,367 [main] INFO  server.RaftServerConfigKeys (ConfUtils.java:logGet(43)) - raft.server.log.appender.buffer.byte-limit = 33554432 (custom)
2019-10-01 23:42:59,367 [main] INFO  server.GrpcService (ConfUtils.java:logGet(43)) - raft.grpc.flow.control.window = 1MB (=1048576) (default)
2019-10-01 23:42:59,367 [main] INFO  server.RaftServerConfigKeys (ConfUtils.java:logGet(43)) - raft.server.rpc.request.timeout = 3000ms (default)
2019-10-01 23:42:59,368 [main] INFO  server.RaftServerConfigKeys (ConfUtils.java:logGet(43)) - raft.server.storage.dir = [/workdir/hadoop-ozone/integration-test/target/test-dir/MiniOzoneClusterImpl-29179c81-74dc-4452-99b0-75c8569a4c78/datanode-1/data/ratis] (custom)
2019-10-01 23:42:59,369 [main] INFO  hdfs.DFSUtil (DFSUtil.java:httpServerTemplateForNNAndJN(1641)) - Starting Web-server for hddsDatanode at: http://0.0.0.0:0
2019-10-01 23:42:59,370 [main] INFO  server.AuthenticationFilter (AuthenticationFilter.java:constructSecretProvider(240)) - Unable to initialize FileSignerSecretProvider, falling back to use random secrets.
2019-10-01 23:42:59,370 [main] WARN  http.HttpRequestLog (HttpRequestLog.java:getRequestLog(97)) - Jetty request log can only be enabled using Log4j
2019-10-01 23:42:59,371 [main] INFO  http.HttpServer2 (HttpServer2.java:addGlobalFilter(975)) - Added global filter 'safety' (class=org.apache.hadoop.http.HttpServer2$QuotingInputFilter)
2019-10-01 23:42:59,372 [main] INFO  http.HttpServer2 (HttpServer2.java:addFilter(948)) - Added filter static_user_filter (class=org.apache.hadoop.http.lib.StaticUserWebFilter$StaticUserFilter) to context hddsDatanode
2019-10-01 23:42:59,372 [main] INFO  http.HttpServer2 (HttpServer2.java:addFilter(958)) - Added filter static_user_filter (class=org.apache.hadoop.http.lib.StaticUserWebFilter$StaticUserFilter) to context logs
2019-10-01 23:42:59,372 [main] INFO  http.HttpServer2 (HttpServer2.java:addFilter(958)) - Added filter static_user_filter (class=org.apache.hadoop.http.lib.StaticUserWebFilter$StaticUserFilter) to context static
2019-10-01 23:42:59,373 [main] INFO  http.HttpServer2 (HttpServer2.java:bindListener(1191)) - Jetty bound to port 39522
2019-10-01 23:42:59,373 [main] INFO  server.Server (Server.java:doStart(351)) - jetty-9.3.24.v20180605, build timestamp: 2018-06-05T17:11:56Z, git hash: 84205aa28f11a4f31f2a3b86d1bba2cc8ab69827
2019-10-01 23:42:59,374 [main] INFO  handler.ContextHandler (ContextHandler.java:doStart(781)) - Started o.e.j.s.ServletContextHandler@71369e1a{/logs,file:///workdir/hadoop-ozone/integration-test/target/log,AVAILABLE}
2019-10-01 23:42:59,374 [main] INFO  handler.ContextHandler (ContextHandler.java:doStart(781)) - Started o.e.j.s.ServletContextHandler@ee96866{/static,jar:file:/home/user/.m2/repository/org/apache/hadoop/hadoop-hdds-container-service/0.5.0-SNAPSHOT/hadoop-hdds-container-service-0.5.0-SNAPSHOT.jar!/webapps/static,AVAILABLE}
2019-10-01 23:42:59,399 [main] INFO  handler.ContextHandler (ContextHandler.java:doStart(781)) - Started o.e.j.w.WebAppContext@38de5daf{/,file:///tmp/jetty-0.0.0.0-39522-hddsDatanode-_-any-2719984183409322168.dir/webapp/,AVAILABLE}{/hddsDatanode}
2019-10-01 23:42:59,399 [main] INFO  server.AbstractConnector (AbstractConnector.java:doStart(278)) - Started ServerConnector@621624b1{HTTP/1.1,[http/1.1]}{0.0.0.0:39522}
2019-10-01 23:42:59,400 [main] INFO  server.Server (Server.java:doStart(419)) - Started @624037ms
2019-10-01 23:42:59,400 [main] WARN  impl.MetricsSystemImpl (MetricsSystemImpl.java:register(276)) - Sink prometheus already exists!
2019-10-01 23:42:59,401 [main] INFO  server.BaseHttpServer (BaseHttpServer.java:updateConnectorAddress(215)) - HTTP server of HDDSDATANODE is listening at http://0.0.0.0:39522
2019-10-01 23:42:59,401 [main] INFO  impl.MetricsSystemImpl (MetricsSystemImpl.java:init(158)) - HddsDatanode metrics system started (again)
2019-10-01 23:42:59,405 [org.apache.hadoop.util.JvmPauseMonitor$Monitor@6fe4daa8] INFO  util.JvmPauseMonitor (JvmPauseMonitor.java:run(188)) - Starting JVM pause monitor
2019-10-01 23:42:59,405 [main] INFO  ozone.HddsDatanodeService (HddsDatanodeService.java:start(184)) - HddsDatanodeService host:pr-hdds-2158-lzhrq-821698512 ip:192.168.164.203
2019-10-01 23:42:59,406 [Datanode State Machine Thread - 0] INFO  datanode.InitDatanodeState (InitDatanodeState.java:persistContainerDatanodeDetails(140)) - DatanodeDetails is persisted to /workdir/hadoop-ozone/integration-test/target/test-dir/MiniOzoneClusterImpl-29179c81-74dc-4452-99b0-75c8569a4c78/datanode-1/meta/datanode.id
2019-10-01 23:42:59,410 [main] INFO  volume.HddsVolume (HddsVolume.java:<init>(176)) - Creating Volume: /workdir/hadoop-ozone/integration-test/target/test-dir/MiniOzoneClusterImpl-29179c81-74dc-4452-99b0-75c8569a4c78/datanode-2/data/containers/hdds of  storage type : DISK and capacity : 1482555576320
2019-10-01 23:42:59,411 [main] INFO  volume.VolumeSet (VolumeSet.java:initializeVolumeSet(170)) - Added Volume : /workdir/hadoop-ozone/integration-test/target/test-dir/MiniOzoneClusterImpl-29179c81-74dc-4452-99b0-75c8569a4c78/datanode-2/data/containers/hdds to VolumeSet
2019-10-01 23:42:59,411 [main] INFO  volume.ThrottledAsyncChecker (ThrottledAsyncChecker.java:schedule(139)) - Scheduling a check for org.apache.hadoop.ozone.container.common.volume.HddsVolume@5f3b84bd
2019-10-01 23:42:59,411 [main] INFO  volume.HddsVolumeChecker (HddsVolumeChecker.java:checkAllVolumes(202)) - Scheduled health check for volume org.apache.hadoop.ozone.container.common.volume.HddsVolume@5f3b84bd
2019-10-01 23:42:59,423 [main] INFO  impl.RaftServerProxy (ConfUtils.java:logGet(43)) - raft.rpc.type = GRPC (default)
2019-10-01 23:42:59,423 [main] INFO  grpc.GrpcFactory (GrpcFactory.java:checkPooledByteBufAllocatorUseCacheForAllThreads(45)) - PERFORMANCE WARNING: useCacheForAllThreads is true that may cause Netty to create a lot garbage objects and, as a result, trigger GC.
	It is recommended to disable useCacheForAllThreads by setting -Dorg.apache.ratis.thirdparty.io.netty.allocator.useCacheForAllThreads=false in command line.
2019-10-01 23:42:59,423 [main] INFO  grpc.GrpcConfigKeys$Server (ConfUtils.java:logGet(43)) - raft.grpc.server.port = 0 (default)
2019-10-01 23:42:59,423 [main] INFO  server.GrpcService (ConfUtils.java:logGet(43)) - raft.grpc.message.size.max = 33570816 (custom)
2019-10-01 23:42:59,424 [main] INFO  server.RaftServerConfigKeys (ConfUtils.java:logGet(43)) - raft.server.log.appender.buffer.byte-limit = 33554432 (custom)
2019-10-01 23:42:59,424 [main] INFO  server.GrpcService (ConfUtils.java:logGet(43)) - raft.grpc.flow.control.window = 1MB (=1048576) (default)
2019-10-01 23:42:59,424 [main] INFO  server.RaftServerConfigKeys (ConfUtils.java:logGet(43)) - raft.server.rpc.request.timeout = 3000ms (default)
2019-10-01 23:42:59,425 [main] INFO  server.RaftServerConfigKeys (ConfUtils.java:logGet(43)) - raft.server.storage.dir = [/workdir/hadoop-ozone/integration-test/target/test-dir/MiniOzoneClusterImpl-29179c81-74dc-4452-99b0-75c8569a4c78/datanode-2/data/ratis] (custom)
2019-10-01 23:42:59,426 [main] INFO  hdfs.DFSUtil (DFSUtil.java:httpServerTemplateForNNAndJN(1641)) - Starting Web-server for hddsDatanode at: http://0.0.0.0:0
2019-10-01 23:42:59,427 [main] INFO  server.AuthenticationFilter (AuthenticationFilter.java:constructSecretProvider(240)) - Unable to initialize FileSignerSecretProvider, falling back to use random secrets.
2019-10-01 23:42:59,427 [main] WARN  http.HttpRequestLog (HttpRequestLog.java:getRequestLog(97)) - Jetty request log can only be enabled using Log4j
2019-10-01 23:42:59,429 [main] INFO  http.HttpServer2 (HttpServer2.java:addGlobalFilter(975)) - Added global filter 'safety' (class=org.apache.hadoop.http.HttpServer2$QuotingInputFilter)
2019-10-01 23:42:59,429 [main] INFO  http.HttpServer2 (HttpServer2.java:addFilter(948)) - Added filter static_user_filter (class=org.apache.hadoop.http.lib.StaticUserWebFilter$StaticUserFilter) to context hddsDatanode
2019-10-01 23:42:59,429 [main] INFO  http.HttpServer2 (HttpServer2.java:addFilter(958)) - Added filter static_user_filter (class=org.apache.hadoop.http.lib.StaticUserWebFilter$StaticUserFilter) to context logs
2019-10-01 23:42:59,430 [main] INFO  http.HttpServer2 (HttpServer2.java:addFilter(958)) - Added filter static_user_filter (class=org.apache.hadoop.http.lib.StaticUserWebFilter$StaticUserFilter) to context static
2019-10-01 23:42:59,430 [main] INFO  http.HttpServer2 (HttpServer2.java:bindListener(1191)) - Jetty bound to port 37566
2019-10-01 23:42:59,430 [main] INFO  server.Server (Server.java:doStart(351)) - jetty-9.3.24.v20180605, build timestamp: 2018-06-05T17:11:56Z, git hash: 84205aa28f11a4f31f2a3b86d1bba2cc8ab69827
2019-10-01 23:42:59,432 [main] INFO  handler.ContextHandler (ContextHandler.java:doStart(781)) - Started o.e.j.s.ServletContextHandler@372954e1{/logs,file:///workdir/hadoop-ozone/integration-test/target/log,AVAILABLE}
2019-10-01 23:42:59,432 [main] INFO  handler.ContextHandler (ContextHandler.java:doStart(781)) - Started o.e.j.s.ServletContextHandler@173511ff{/static,jar:file:/home/user/.m2/repository/org/apache/hadoop/hadoop-hdds-container-service/0.5.0-SNAPSHOT/hadoop-hdds-container-service-0.5.0-SNAPSHOT.jar!/webapps/static,AVAILABLE}
2019-10-01 23:42:59,457 [main] INFO  handler.ContextHandler (ContextHandler.java:doStart(781)) - Started o.e.j.w.WebAppContext@3c16528d{/,file:///tmp/jetty-0.0.0.0-37566-hddsDatanode-_-any-4837795963728491172.dir/webapp/,AVAILABLE}{/hddsDatanode}
2019-10-01 23:42:59,457 [main] INFO  server.AbstractConnector (AbstractConnector.java:doStart(278)) - Started ServerConnector@2e45a357{HTTP/1.1,[http/1.1]}{0.0.0.0:37566}
2019-10-01 23:42:59,459 [main] INFO  server.Server (Server.java:doStart(419)) - Started @624096ms
2019-10-01 23:42:59,459 [main] WARN  impl.MetricsSystemImpl (MetricsSystemImpl.java:register(276)) - Sink prometheus already exists!
2019-10-01 23:42:59,460 [main] INFO  server.BaseHttpServer (BaseHttpServer.java:updateConnectorAddress(215)) - HTTP server of HDDSDATANODE is listening at http://0.0.0.0:37566
2019-10-01 23:42:59,460 [main] INFO  impl.MetricsSystemImpl (MetricsSystemImpl.java:init(158)) - HddsDatanode metrics system started (again)
2019-10-01 23:42:59,461 [org.apache.hadoop.util.JvmPauseMonitor$Monitor@2056db86] INFO  util.JvmPauseMonitor (JvmPauseMonitor.java:run(188)) - Starting JVM pause monitor
2019-10-01 23:42:59,464 [main] INFO  ozone.HddsDatanodeService (HddsDatanodeService.java:start(184)) - HddsDatanodeService host:pr-hdds-2158-lzhrq-821698512 ip:192.168.164.203
2019-10-01 23:42:59,465 [Datanode State Machine Thread - 0] INFO  datanode.InitDatanodeState (InitDatanodeState.java:persistContainerDatanodeDetails(140)) - DatanodeDetails is persisted to /workdir/hadoop-ozone/integration-test/target/test-dir/MiniOzoneClusterImpl-29179c81-74dc-4452-99b0-75c8569a4c78/datanode-2/meta/datanode.id
2019-10-01 23:42:59,469 [main] INFO  volume.HddsVolume (HddsVolume.java:<init>(176)) - Creating Volume: /workdir/hadoop-ozone/integration-test/target/test-dir/MiniOzoneClusterImpl-29179c81-74dc-4452-99b0-75c8569a4c78/datanode-3/data/containers/hdds of  storage type : DISK and capacity : 1482555576320
2019-10-01 23:42:59,469 [main] INFO  volume.VolumeSet (VolumeSet.java:initializeVolumeSet(170)) - Added Volume : /workdir/hadoop-ozone/integration-test/target/test-dir/MiniOzoneClusterImpl-29179c81-74dc-4452-99b0-75c8569a4c78/datanode-3/data/containers/hdds to VolumeSet
2019-10-01 23:42:59,469 [main] INFO  volume.ThrottledAsyncChecker (ThrottledAsyncChecker.java:schedule(139)) - Scheduling a check for org.apache.hadoop.ozone.container.common.volume.HddsVolume@63dda940
2019-10-01 23:42:59,470 [main] INFO  volume.HddsVolumeChecker (HddsVolumeChecker.java:checkAllVolumes(202)) - Scheduled health check for volume org.apache.hadoop.ozone.container.common.volume.HddsVolume@63dda940
2019-10-01 23:42:59,481 [main] INFO  impl.RaftServerProxy (ConfUtils.java:logGet(43)) - raft.rpc.type = GRPC (default)
2019-10-01 23:42:59,482 [main] INFO  grpc.GrpcFactory (GrpcFactory.java:checkPooledByteBufAllocatorUseCacheForAllThreads(45)) - PERFORMANCE WARNING: useCacheForAllThreads is true that may cause Netty to create a lot garbage objects and, as a result, trigger GC.
	It is recommended to disable useCacheForAllThreads by setting -Dorg.apache.ratis.thirdparty.io.netty.allocator.useCacheForAllThreads=false in command line.
2019-10-01 23:42:59,482 [main] INFO  grpc.GrpcConfigKeys$Server (ConfUtils.java:logGet(43)) - raft.grpc.server.port = 0 (default)
2019-10-01 23:42:59,482 [main] INFO  server.GrpcService (ConfUtils.java:logGet(43)) - raft.grpc.message.size.max = 33570816 (custom)
2019-10-01 23:42:59,482 [main] INFO  server.RaftServerConfigKeys (ConfUtils.java:logGet(43)) - raft.server.log.appender.buffer.byte-limit = 33554432 (custom)
2019-10-01 23:42:59,483 [main] INFO  server.GrpcService (ConfUtils.java:logGet(43)) - raft.grpc.flow.control.window = 1MB (=1048576) (default)
2019-10-01 23:42:59,483 [main] INFO  server.RaftServerConfigKeys (ConfUtils.java:logGet(43)) - raft.server.rpc.request.timeout = 3000ms (default)
2019-10-01 23:42:59,483 [main] INFO  server.RaftServerConfigKeys (ConfUtils.java:logGet(43)) - raft.server.storage.dir = [/workdir/hadoop-ozone/integration-test/target/test-dir/MiniOzoneClusterImpl-29179c81-74dc-4452-99b0-75c8569a4c78/datanode-3/data/ratis] (custom)
2019-10-01 23:42:59,484 [main] INFO  hdfs.DFSUtil (DFSUtil.java:httpServerTemplateForNNAndJN(1641)) - Starting Web-server for hddsDatanode at: http://0.0.0.0:0
2019-10-01 23:42:59,486 [main] INFO  server.AuthenticationFilter (AuthenticationFilter.java:constructSecretProvider(240)) - Unable to initialize FileSignerSecretProvider, falling back to use random secrets.
2019-10-01 23:42:59,486 [main] WARN  http.HttpRequestLog (HttpRequestLog.java:getRequestLog(97)) - Jetty request log can only be enabled using Log4j
2019-10-01 23:42:59,488 [main] INFO  http.HttpServer2 (HttpServer2.java:addGlobalFilter(975)) - Added global filter 'safety' (class=org.apache.hadoop.http.HttpServer2$QuotingInputFilter)
2019-10-01 23:42:59,489 [main] INFO  http.HttpServer2 (HttpServer2.java:addFilter(948)) - Added filter static_user_filter (class=org.apache.hadoop.http.lib.StaticUserWebFilter$StaticUserFilter) to context hddsDatanode
2019-10-01 23:42:59,489 [main] INFO  http.HttpServer2 (HttpServer2.java:addFilter(958)) - Added filter static_user_filter (class=org.apache.hadoop.http.lib.StaticUserWebFilter$StaticUserFilter) to context static
2019-10-01 23:42:59,489 [main] INFO  http.HttpServer2 (HttpServer2.java:addFilter(958)) - Added filter static_user_filter (class=org.apache.hadoop.http.lib.StaticUserWebFilter$StaticUserFilter) to context logs
2019-10-01 23:42:59,490 [main] INFO  http.HttpServer2 (HttpServer2.java:bindListener(1191)) - Jetty bound to port 44408
2019-10-01 23:42:59,490 [main] INFO  server.Server (Server.java:doStart(351)) - jetty-9.3.24.v20180605, build timestamp: 2018-06-05T17:11:56Z, git hash: 84205aa28f11a4f31f2a3b86d1bba2cc8ab69827
2019-10-01 23:42:59,491 [main] INFO  handler.ContextHandler (ContextHandler.java:doStart(781)) - Started o.e.j.s.ServletContextHandler@1cba0321{/logs,file:///workdir/hadoop-ozone/integration-test/target/log,AVAILABLE}
2019-10-01 23:42:59,492 [main] INFO  handler.ContextHandler (ContextHandler.java:doStart(781)) - Started o.e.j.s.ServletContextHandler@66d3b881{/static,jar:file:/home/user/.m2/repository/org/apache/hadoop/hadoop-hdds-container-service/0.5.0-SNAPSHOT/hadoop-hdds-container-service-0.5.0-SNAPSHOT.jar!/webapps/static,AVAILABLE}
2019-10-01 23:42:59,515 [main] INFO  handler.ContextHandler (ContextHandler.java:doStart(781)) - Started o.e.j.w.WebAppContext@32da97fd{/,file:///tmp/jetty-0.0.0.0-44408-hddsDatanode-_-any-9187254356299812810.dir/webapp/,AVAILABLE}{/hddsDatanode}
2019-10-01 23:42:59,516 [main] INFO  server.AbstractConnector (AbstractConnector.java:doStart(278)) - Started ServerConnector@64440065{HTTP/1.1,[http/1.1]}{0.0.0.0:44408}
2019-10-01 23:42:59,517 [main] INFO  server.Server (Server.java:doStart(419)) - Started @624154ms
2019-10-01 23:42:59,517 [main] WARN  impl.MetricsSystemImpl (MetricsSystemImpl.java:register(276)) - Sink prometheus already exists!
2019-10-01 23:42:59,518 [main] INFO  server.BaseHttpServer (BaseHttpServer.java:updateConnectorAddress(215)) - HTTP server of HDDSDATANODE is listening at http://0.0.0.0:44408
2019-10-01 23:42:59,518 [main] INFO  impl.MetricsSystemImpl (MetricsSystemImpl.java:init(158)) - HddsDatanode metrics system started (again)
2019-10-01 23:42:59,522 [org.apache.hadoop.util.JvmPauseMonitor$Monitor@199fbafc] INFO  util.JvmPauseMonitor (JvmPauseMonitor.java:run(188)) - Starting JVM pause monitor
2019-10-01 23:42:59,523 [main] INFO  ozone.HddsDatanodeService (HddsDatanodeService.java:start(184)) - HddsDatanodeService host:pr-hdds-2158-lzhrq-821698512 ip:192.168.164.203
2019-10-01 23:42:59,524 [Datanode State Machine Thread - 0] INFO  datanode.InitDatanodeState (InitDatanodeState.java:persistContainerDatanodeDetails(140)) - DatanodeDetails is persisted to /workdir/hadoop-ozone/integration-test/target/test-dir/MiniOzoneClusterImpl-29179c81-74dc-4452-99b0-75c8569a4c78/datanode-3/meta/datanode.id
2019-10-01 23:42:59,529 [main] INFO  volume.HddsVolume (HddsVolume.java:<init>(176)) - Creating Volume: /workdir/hadoop-ozone/integration-test/target/test-dir/MiniOzoneClusterImpl-29179c81-74dc-4452-99b0-75c8569a4c78/datanode-4/data/containers/hdds of  storage type : DISK and capacity : 1482555576320
2019-10-01 23:42:59,529 [main] INFO  volume.VolumeSet (VolumeSet.java:initializeVolumeSet(170)) - Added Volume : /workdir/hadoop-ozone/integration-test/target/test-dir/MiniOzoneClusterImpl-29179c81-74dc-4452-99b0-75c8569a4c78/datanode-4/data/containers/hdds to VolumeSet
2019-10-01 23:42:59,529 [main] INFO  volume.ThrottledAsyncChecker (ThrottledAsyncChecker.java:schedule(139)) - Scheduling a check for org.apache.hadoop.ozone.container.common.volume.HddsVolume@4c5406b
2019-10-01 23:42:59,529 [main] INFO  volume.HddsVolumeChecker (HddsVolumeChecker.java:checkAllVolumes(202)) - Scheduled health check for volume org.apache.hadoop.ozone.container.common.volume.HddsVolume@4c5406b
2019-10-01 23:42:59,541 [main] INFO  impl.RaftServerProxy (ConfUtils.java:logGet(43)) - raft.rpc.type = GRPC (default)
2019-10-01 23:42:59,542 [main] INFO  grpc.GrpcFactory (GrpcFactory.java:checkPooledByteBufAllocatorUseCacheForAllThreads(45)) - PERFORMANCE WARNING: useCacheForAllThreads is true that may cause Netty to create a lot garbage objects and, as a result, trigger GC.
	It is recommended to disable useCacheForAllThreads by setting -Dorg.apache.ratis.thirdparty.io.netty.allocator.useCacheForAllThreads=false in command line.
2019-10-01 23:42:59,542 [main] INFO  grpc.GrpcConfigKeys$Server (ConfUtils.java:logGet(43)) - raft.grpc.server.port = 0 (default)
2019-10-01 23:42:59,542 [main] INFO  server.GrpcService (ConfUtils.java:logGet(43)) - raft.grpc.message.size.max = 33570816 (custom)
2019-10-01 23:42:59,542 [main] INFO  server.RaftServerConfigKeys (ConfUtils.java:logGet(43)) - raft.server.log.appender.buffer.byte-limit = 33554432 (custom)
2019-10-01 23:42:59,543 [main] INFO  server.GrpcService (ConfUtils.java:logGet(43)) - raft.grpc.flow.control.window = 1MB (=1048576) (default)
2019-10-01 23:42:59,543 [main] INFO  server.RaftServerConfigKeys (ConfUtils.java:logGet(43)) - raft.server.rpc.request.timeout = 3000ms (default)
2019-10-01 23:42:59,543 [main] INFO  server.RaftServerConfigKeys (ConfUtils.java:logGet(43)) - raft.server.storage.dir = [/workdir/hadoop-ozone/integration-test/target/test-dir/MiniOzoneClusterImpl-29179c81-74dc-4452-99b0-75c8569a4c78/datanode-4/data/ratis] (custom)
2019-10-01 23:42:59,544 [main] INFO  hdfs.DFSUtil (DFSUtil.java:httpServerTemplateForNNAndJN(1641)) - Starting Web-server for hddsDatanode at: http://0.0.0.0:0
2019-10-01 23:42:59,545 [main] INFO  server.AuthenticationFilter (AuthenticationFilter.java:constructSecretProvider(240)) - Unable to initialize FileSignerSecretProvider, falling back to use random secrets.
2019-10-01 23:42:59,546 [main] WARN  http.HttpRequestLog (HttpRequestLog.java:getRequestLog(97)) - Jetty request log can only be enabled using Log4j
2019-10-01 23:42:59,547 [main] INFO  http.HttpServer2 (HttpServer2.java:addGlobalFilter(975)) - Added global filter 'safety' (class=org.apache.hadoop.http.HttpServer2$QuotingInputFilter)
2019-10-01 23:42:59,548 [main] INFO  http.HttpServer2 (HttpServer2.java:addFilter(948)) - Added filter static_user_filter (class=org.apache.hadoop.http.lib.StaticUserWebFilter$StaticUserFilter) to context hddsDatanode
2019-10-01 23:42:59,548 [main] INFO  http.HttpServer2 (HttpServer2.java:addFilter(958)) - Added filter static_user_filter (class=org.apache.hadoop.http.lib.StaticUserWebFilter$StaticUserFilter) to context static
2019-10-01 23:42:59,548 [main] INFO  http.HttpServer2 (HttpServer2.java:addFilter(958)) - Added filter static_user_filter (class=org.apache.hadoop.http.lib.StaticUserWebFilter$StaticUserFilter) to context logs
2019-10-01 23:42:59,549 [main] INFO  http.HttpServer2 (HttpServer2.java:bindListener(1191)) - Jetty bound to port 43440
2019-10-01 23:42:59,549 [main] INFO  server.Server (Server.java:doStart(351)) - jetty-9.3.24.v20180605, build timestamp: 2018-06-05T17:11:56Z, git hash: 84205aa28f11a4f31f2a3b86d1bba2cc8ab69827
2019-10-01 23:42:59,550 [main] INFO  handler.ContextHandler (ContextHandler.java:doStart(781)) - Started o.e.j.s.ServletContextHandler@1de5cc88{/logs,file:///workdir/hadoop-ozone/integration-test/target/log,AVAILABLE}
2019-10-01 23:42:59,551 [main] INFO  handler.ContextHandler (ContextHandler.java:doStart(781)) - Started o.e.j.s.ServletContextHandler@2d4fb0d8{/static,jar:file:/home/user/.m2/repository/org/apache/hadoop/hadoop-hdds-container-service/0.5.0-SNAPSHOT/hadoop-hdds-container-service-0.5.0-SNAPSHOT.jar!/webapps/static,AVAILABLE}
2019-10-01 23:42:59,575 [main] INFO  handler.ContextHandler (ContextHandler.java:doStart(781)) - Started o.e.j.w.WebAppContext@3a0896b3{/,file:///tmp/jetty-0.0.0.0-43440-hddsDatanode-_-any-6405457952827553538.dir/webapp/,AVAILABLE}{/hddsDatanode}
2019-10-01 23:42:59,575 [main] INFO  server.AbstractConnector (AbstractConnector.java:doStart(278)) - Started ServerConnector@50a7c72b{HTTP/1.1,[http/1.1]}{0.0.0.0:43440}
2019-10-01 23:42:59,577 [main] INFO  server.Server (Server.java:doStart(419)) - Started @624214ms
2019-10-01 23:42:59,577 [main] WARN  impl.MetricsSystemImpl (MetricsSystemImpl.java:register(276)) - Sink prometheus already exists!
2019-10-01 23:42:59,578 [main] INFO  server.BaseHttpServer (BaseHttpServer.java:updateConnectorAddress(215)) - HTTP server of HDDSDATANODE is listening at http://0.0.0.0:43440
2019-10-01 23:42:59,578 [main] INFO  impl.MetricsSystemImpl (MetricsSystemImpl.java:init(158)) - HddsDatanode metrics system started (again)
2019-10-01 23:42:59,583 [org.apache.hadoop.util.JvmPauseMonitor$Monitor@2f49ba40] INFO  util.JvmPauseMonitor (JvmPauseMonitor.java:run(188)) - Starting JVM pause monitor
2019-10-01 23:42:59,584 [main] INFO  ozone.HddsDatanodeService (HddsDatanodeService.java:start(184)) - HddsDatanodeService host:pr-hdds-2158-lzhrq-821698512 ip:192.168.164.203
2019-10-01 23:42:59,585 [Datanode State Machine Thread - 0] INFO  datanode.InitDatanodeState (InitDatanodeState.java:persistContainerDatanodeDetails(140)) - DatanodeDetails is persisted to /workdir/hadoop-ozone/integration-test/target/test-dir/MiniOzoneClusterImpl-29179c81-74dc-4452-99b0-75c8569a4c78/datanode-4/meta/datanode.id
2019-10-01 23:42:59,595 [main] INFO  volume.HddsVolume (HddsVolume.java:<init>(176)) - Creating Volume: /workdir/hadoop-ozone/integration-test/target/test-dir/MiniOzoneClusterImpl-29179c81-74dc-4452-99b0-75c8569a4c78/datanode-5/data/containers/hdds of  storage type : DISK and capacity : 1482555576320
2019-10-01 23:42:59,595 [main] INFO  volume.VolumeSet (VolumeSet.java:initializeVolumeSet(170)) - Added Volume : /workdir/hadoop-ozone/integration-test/target/test-dir/MiniOzoneClusterImpl-29179c81-74dc-4452-99b0-75c8569a4c78/datanode-5/data/containers/hdds to VolumeSet
2019-10-01 23:42:59,595 [main] INFO  volume.ThrottledAsyncChecker (ThrottledAsyncChecker.java:schedule(139)) - Scheduling a check for org.apache.hadoop.ozone.container.common.volume.HddsVolume@1e6bd263
2019-10-01 23:42:59,596 [main] INFO  volume.HddsVolumeChecker (HddsVolumeChecker.java:checkAllVolumes(202)) - Scheduled health check for volume org.apache.hadoop.ozone.container.common.volume.HddsVolume@1e6bd263
2019-10-01 23:42:59,611 [main] INFO  impl.RaftServerProxy (ConfUtils.java:logGet(43)) - raft.rpc.type = GRPC (default)
2019-10-01 23:42:59,611 [main] INFO  grpc.GrpcFactory (GrpcFactory.java:checkPooledByteBufAllocatorUseCacheForAllThreads(45)) - PERFORMANCE WARNING: useCacheForAllThreads is true that may cause Netty to create a lot garbage objects and, as a result, trigger GC.
	It is recommended to disable useCacheForAllThreads by setting -Dorg.apache.ratis.thirdparty.io.netty.allocator.useCacheForAllThreads=false in command line.
2019-10-01 23:42:59,611 [main] INFO  grpc.GrpcConfigKeys$Server (ConfUtils.java:logGet(43)) - raft.grpc.server.port = 0 (default)
2019-10-01 23:42:59,611 [main] INFO  server.GrpcService (ConfUtils.java:logGet(43)) - raft.grpc.message.size.max = 33570816 (custom)
2019-10-01 23:42:59,612 [main] INFO  server.RaftServerConfigKeys (ConfUtils.java:logGet(43)) - raft.server.log.appender.buffer.byte-limit = 33554432 (custom)
2019-10-01 23:42:59,612 [main] INFO  server.GrpcService (ConfUtils.java:logGet(43)) - raft.grpc.flow.control.window = 1MB (=1048576) (default)
2019-10-01 23:42:59,612 [main] INFO  server.RaftServerConfigKeys (ConfUtils.java:logGet(43)) - raft.server.rpc.request.timeout = 3000ms (default)
2019-10-01 23:42:59,612 [main] INFO  server.RaftServerConfigKeys (ConfUtils.java:logGet(43)) - raft.server.storage.dir = [/workdir/hadoop-ozone/integration-test/target/test-dir/MiniOzoneClusterImpl-29179c81-74dc-4452-99b0-75c8569a4c78/datanode-5/data/ratis] (custom)
2019-10-01 23:42:59,614 [main] INFO  hdfs.DFSUtil (DFSUtil.java:httpServerTemplateForNNAndJN(1641)) - Starting Web-server for hddsDatanode at: http://0.0.0.0:0
2019-10-01 23:42:59,615 [main] INFO  server.AuthenticationFilter (AuthenticationFilter.java:constructSecretProvider(240)) - Unable to initialize FileSignerSecretProvider, falling back to use random secrets.
2019-10-01 23:42:59,616 [main] WARN  http.HttpRequestLog (HttpRequestLog.java:getRequestLog(97)) - Jetty request log can only be enabled using Log4j
2019-10-01 23:42:59,617 [main] INFO  http.HttpServer2 (HttpServer2.java:addGlobalFilter(975)) - Added global filter 'safety' (class=org.apache.hadoop.http.HttpServer2$QuotingInputFilter)
2019-10-01 23:42:59,618 [main] INFO  http.HttpServer2 (HttpServer2.java:addFilter(948)) - Added filter static_user_filter (class=org.apache.hadoop.http.lib.StaticUserWebFilter$StaticUserFilter) to context hddsDatanode
2019-10-01 23:42:59,618 [main] INFO  http.HttpServer2 (HttpServer2.java:addFilter(958)) - Added filter static_user_filter (class=org.apache.hadoop.http.lib.StaticUserWebFilter$StaticUserFilter) to context static
2019-10-01 23:42:59,618 [main] INFO  http.HttpServer2 (HttpServer2.java:addFilter(958)) - Added filter static_user_filter (class=org.apache.hadoop.http.lib.StaticUserWebFilter$StaticUserFilter) to context logs
2019-10-01 23:42:59,618 [main] INFO  http.HttpServer2 (HttpServer2.java:bindListener(1191)) - Jetty bound to port 35694
2019-10-01 23:42:59,619 [main] INFO  server.Server (Server.java:doStart(351)) - jetty-9.3.24.v20180605, build timestamp: 2018-06-05T17:11:56Z, git hash: 84205aa28f11a4f31f2a3b86d1bba2cc8ab69827
2019-10-01 23:42:59,620 [main] INFO  handler.ContextHandler (ContextHandler.java:doStart(781)) - Started o.e.j.s.ServletContextHandler@570b2057{/logs,file:///workdir/hadoop-ozone/integration-test/target/log,AVAILABLE}
2019-10-01 23:42:59,620 [main] INFO  handler.ContextHandler (ContextHandler.java:doStart(781)) - Started o.e.j.s.ServletContextHandler@16a6dc21{/static,jar:file:/home/user/.m2/repository/org/apache/hadoop/hadoop-hdds-container-service/0.5.0-SNAPSHOT/hadoop-hdds-container-service-0.5.0-SNAPSHOT.jar!/webapps/static,AVAILABLE}
2019-10-01 23:42:59,645 [main] INFO  handler.ContextHandler (ContextHandler.java:doStart(781)) - Started o.e.j.w.WebAppContext@7e2c6702{/,file:///tmp/jetty-0.0.0.0-35694-hddsDatanode-_-any-5064044239889130565.dir/webapp/,AVAILABLE}{/hddsDatanode}
2019-10-01 23:42:59,645 [main] INFO  server.AbstractConnector (AbstractConnector.java:doStart(278)) - Started ServerConnector@5fb7ab9c{HTTP/1.1,[http/1.1]}{0.0.0.0:35694}
2019-10-01 23:42:59,647 [main] INFO  server.Server (Server.java:doStart(419)) - Started @624284ms
2019-10-01 23:42:59,647 [main] WARN  impl.MetricsSystemImpl (MetricsSystemImpl.java:register(276)) - Sink prometheus already exists!
2019-10-01 23:42:59,648 [main] INFO  server.BaseHttpServer (BaseHttpServer.java:updateConnectorAddress(215)) - HTTP server of HDDSDATANODE is listening at http://0.0.0.0:35694
2019-10-01 23:42:59,648 [main] INFO  impl.MetricsSystemImpl (MetricsSystemImpl.java:init(158)) - HddsDatanode metrics system started (again)
2019-10-01 23:42:59,653 [org.apache.hadoop.util.JvmPauseMonitor$Monitor@2791f0b8] INFO  util.JvmPauseMonitor (JvmPauseMonitor.java:run(188)) - Starting JVM pause monitor
2019-10-01 23:42:59,654 [main] INFO  ozone.HddsDatanodeService (HddsDatanodeService.java:start(184)) - HddsDatanodeService host:pr-hdds-2158-lzhrq-821698512 ip:192.168.164.203
2019-10-01 23:42:59,654 [Datanode State Machine Thread - 0] INFO  datanode.InitDatanodeState (InitDatanodeState.java:persistContainerDatanodeDetails(140)) - DatanodeDetails is persisted to /workdir/hadoop-ozone/integration-test/target/test-dir/MiniOzoneClusterImpl-29179c81-74dc-4452-99b0-75c8569a4c78/datanode-5/meta/datanode.id
2019-10-01 23:42:59,659 [main] INFO  volume.HddsVolume (HddsVolume.java:<init>(176)) - Creating Volume: /workdir/hadoop-ozone/integration-test/target/test-dir/MiniOzoneClusterImpl-29179c81-74dc-4452-99b0-75c8569a4c78/datanode-6/data/containers/hdds of  storage type : DISK and capacity : 1482555576320
2019-10-01 23:42:59,659 [main] INFO  volume.VolumeSet (VolumeSet.java:initializeVolumeSet(170)) - Added Volume : /workdir/hadoop-ozone/integration-test/target/test-dir/MiniOzoneClusterImpl-29179c81-74dc-4452-99b0-75c8569a4c78/datanode-6/data/containers/hdds to VolumeSet
2019-10-01 23:42:59,660 [main] INFO  volume.ThrottledAsyncChecker (ThrottledAsyncChecker.java:schedule(139)) - Scheduling a check for org.apache.hadoop.ozone.container.common.volume.HddsVolume@53bb71e5
2019-10-01 23:42:59,660 [main] INFO  volume.HddsVolumeChecker (HddsVolumeChecker.java:checkAllVolumes(202)) - Scheduled health check for volume org.apache.hadoop.ozone.container.common.volume.HddsVolume@53bb71e5
2019-10-01 23:42:59,672 [main] INFO  impl.RaftServerProxy (ConfUtils.java:logGet(43)) - raft.rpc.type = GRPC (default)
2019-10-01 23:42:59,672 [main] INFO  grpc.GrpcFactory (GrpcFactory.java:checkPooledByteBufAllocatorUseCacheForAllThreads(45)) - PERFORMANCE WARNING: useCacheForAllThreads is true that may cause Netty to create a lot garbage objects and, as a result, trigger GC.
	It is recommended to disable useCacheForAllThreads by setting -Dorg.apache.ratis.thirdparty.io.netty.allocator.useCacheForAllThreads=false in command line.
2019-10-01 23:42:59,673 [main] INFO  grpc.GrpcConfigKeys$Server (ConfUtils.java:logGet(43)) - raft.grpc.server.port = 0 (default)
2019-10-01 23:42:59,673 [main] INFO  server.GrpcService (ConfUtils.java:logGet(43)) - raft.grpc.message.size.max = 33570816 (custom)
2019-10-01 23:42:59,673 [main] INFO  server.RaftServerConfigKeys (ConfUtils.java:logGet(43)) - raft.server.log.appender.buffer.byte-limit = 33554432 (custom)
2019-10-01 23:42:59,673 [main] INFO  server.GrpcService (ConfUtils.java:logGet(43)) - raft.grpc.flow.control.window = 1MB (=1048576) (default)
2019-10-01 23:42:59,673 [main] INFO  server.RaftServerConfigKeys (ConfUtils.java:logGet(43)) - raft.server.rpc.request.timeout = 3000ms (default)
2019-10-01 23:42:59,674 [main] INFO  server.RaftServerConfigKeys (ConfUtils.java:logGet(43)) - raft.server.storage.dir = [/workdir/hadoop-ozone/integration-test/target/test-dir/MiniOzoneClusterImpl-29179c81-74dc-4452-99b0-75c8569a4c78/datanode-6/data/ratis] (custom)
2019-10-01 23:42:59,675 [main] INFO  hdfs.DFSUtil (DFSUtil.java:httpServerTemplateForNNAndJN(1641)) - Starting Web-server for hddsDatanode at: http://0.0.0.0:0
2019-10-01 23:42:59,676 [main] INFO  server.AuthenticationFilter (AuthenticationFilter.java:constructSecretProvider(240)) - Unable to initialize FileSignerSecretProvider, falling back to use random secrets.
2019-10-01 23:42:59,676 [main] WARN  http.HttpRequestLog (HttpRequestLog.java:getRequestLog(97)) - Jetty request log can only be enabled using Log4j
2019-10-01 23:42:59,677 [main] INFO  http.HttpServer2 (HttpServer2.java:addGlobalFilter(975)) - Added global filter 'safety' (class=org.apache.hadoop.http.HttpServer2$QuotingInputFilter)
2019-10-01 23:42:59,677 [main] INFO  http.HttpServer2 (HttpServer2.java:addFilter(948)) - Added filter static_user_filter (class=org.apache.hadoop.http.lib.StaticUserWebFilter$StaticUserFilter) to context hddsDatanode
2019-10-01 23:42:59,677 [main] INFO  http.HttpServer2 (HttpServer2.java:addFilter(958)) - Added filter static_user_filter (class=org.apache.hadoop.http.lib.StaticUserWebFilter$StaticUserFilter) to context static
2019-10-01 23:42:59,678 [main] INFO  http.HttpServer2 (HttpServer2.java:addFilter(958)) - Added filter static_user_filter (class=org.apache.hadoop.http.lib.StaticUserWebFilter$StaticUserFilter) to context logs
2019-10-01 23:42:59,678 [main] INFO  http.HttpServer2 (HttpServer2.java:bindListener(1191)) - Jetty bound to port 45098
2019-10-01 23:42:59,678 [main] INFO  server.Server (Server.java:doStart(351)) - jetty-9.3.24.v20180605, build timestamp: 2018-06-05T17:11:56Z, git hash: 84205aa28f11a4f31f2a3b86d1bba2cc8ab69827
2019-10-01 23:42:59,680 [main] INFO  handler.ContextHandler (ContextHandler.java:doStart(781)) - Started o.e.j.s.ServletContextHandler@51d8f2f2{/logs,file:///workdir/hadoop-ozone/integration-test/target/log,AVAILABLE}
2019-10-01 23:42:59,680 [main] INFO  handler.ContextHandler (ContextHandler.java:doStart(781)) - Started o.e.j.s.ServletContextHandler@72fb989b{/static,jar:file:/home/user/.m2/repository/org/apache/hadoop/hadoop-hdds-container-service/0.5.0-SNAPSHOT/hadoop-hdds-container-service-0.5.0-SNAPSHOT.jar!/webapps/static,AVAILABLE}
2019-10-01 23:42:59,705 [main] INFO  handler.ContextHandler (ContextHandler.java:doStart(781)) - Started o.e.j.w.WebAppContext@40c76f5a{/,file:///tmp/jetty-0.0.0.0-45098-hddsDatanode-_-any-9148574985991189940.dir/webapp/,AVAILABLE}{/hddsDatanode}
2019-10-01 23:42:59,706 [main] INFO  server.AbstractConnector (AbstractConnector.java:doStart(278)) - Started ServerConnector@a323a5b{HTTP/1.1,[http/1.1]}{0.0.0.0:45098}
2019-10-01 23:42:59,708 [main] INFO  server.Server (Server.java:doStart(419)) - Started @624345ms
2019-10-01 23:42:59,708 [main] WARN  impl.MetricsSystemImpl (MetricsSystemImpl.java:register(276)) - Sink prometheus already exists!
2019-10-01 23:42:59,708 [main] INFO  server.BaseHttpServer (BaseHttpServer.java:updateConnectorAddress(215)) - HTTP server of HDDSDATANODE is listening at http://0.0.0.0:45098
2019-10-01 23:42:59,709 [main] INFO  ozone.MiniOzoneClusterImpl (MiniOzoneClusterImpl.java:lambda$waitForClusterToBeReady$0(145)) - Waiting for cluster to be ready. Got 0 of 7 DN Heartbeats.
2019-10-01 23:42:59,709 [org.apache.hadoop.util.JvmPauseMonitor$Monitor@21ea67b1] INFO  util.JvmPauseMonitor (JvmPauseMonitor.java:run(188)) - Starting JVM pause monitor
2019-10-01 23:42:59,711 [Datanode State Machine Thread - 0] INFO  datanode.InitDatanodeState (InitDatanodeState.java:persistContainerDatanodeDetails(140)) - DatanodeDetails is persisted to /workdir/hadoop-ozone/integration-test/target/test-dir/MiniOzoneClusterImpl-29179c81-74dc-4452-99b0-75c8569a4c78/datanode-6/meta/datanode.id
2019-10-01 23:43:00,709 [main] INFO  ozone.MiniOzoneClusterImpl (MiniOzoneClusterImpl.java:lambda$waitForClusterToBeReady$0(145)) - Waiting for cluster to be ready. Got 0 of 7 DN Heartbeats.
2019-10-01 23:43:01,383 [Datanode State Machine Thread - 0] INFO  ozoneimpl.OzoneContainer (OzoneContainer.java:start(217)) - Attempting to start container services.
2019-10-01 23:43:01,384 [Datanode State Machine Thread - 0] INFO  ozoneimpl.OzoneContainer (OzoneContainer.java:startContainerScrub(179)) - Background container scanner has been disabled.
2019-10-01 23:43:01,384 [Datanode State Machine Thread - 0] INFO  ratis.XceiverServerRatis (XceiverServerRatis.java:start(411)) - Starting XceiverServerRatis 62a7363a-1701-4ee6-9c91-e357e3084c98 at port 0
2019-10-01 23:43:01,390 [Datanode State Machine Thread - 0] INFO  impl.RaftServerProxy (RaftServerProxy.java:lambda$start$3(299)) - 62a7363a-1701-4ee6-9c91-e357e3084c98: start RPC server
2019-10-01 23:43:01,393 [Datanode State Machine Thread - 0] INFO  server.GrpcService (GrpcService.java:startImpl(158)) - 62a7363a-1701-4ee6-9c91-e357e3084c98: GrpcService started, listening on 0.0.0.0/0.0.0.0:46283
2019-10-01 23:43:01,393 [Datanode State Machine Thread - 0] INFO  ratis.XceiverServerRatis (XceiverServerRatis.java:start(421)) - XceiverServerRatis 62a7363a-1701-4ee6-9c91-e357e3084c98 is started using port 46283
2019-10-01 23:43:01,393 [Datanode State Machine Thread - 0] INFO  server.XceiverServerGrpc (XceiverServerGrpc.java:start(163)) - XceiverServerGrpc 62a7363a-1701-4ee6-9c91-e357e3084c98 is started using port 36927
2019-10-01 23:43:01,421 [Datanode State Machine Thread - 0] INFO  ozoneimpl.OzoneContainer (OzoneContainer.java:start(217)) - Attempting to start container services.
2019-10-01 23:43:01,421 [Datanode State Machine Thread - 0] INFO  ozoneimpl.OzoneContainer (OzoneContainer.java:startContainerScrub(179)) - Background container scanner has been disabled.
2019-10-01 23:43:01,422 [Datanode State Machine Thread - 0] INFO  ratis.XceiverServerRatis (XceiverServerRatis.java:start(411)) - Starting XceiverServerRatis 2c4f99a5-4d5c-4499-9504-878b029d86db at port 0
2019-10-01 23:43:01,427 [Datanode State Machine Thread - 0] INFO  impl.RaftServerProxy (RaftServerProxy.java:lambda$start$3(299)) - 2c4f99a5-4d5c-4499-9504-878b029d86db: start RPC server
2019-10-01 23:43:01,429 [Datanode State Machine Thread - 0] INFO  server.GrpcService (GrpcService.java:startImpl(158)) - 2c4f99a5-4d5c-4499-9504-878b029d86db: GrpcService started, listening on 0.0.0.0/0.0.0.0:41025
2019-10-01 23:43:01,429 [Datanode State Machine Thread - 0] INFO  ratis.XceiverServerRatis (XceiverServerRatis.java:start(421)) - XceiverServerRatis 2c4f99a5-4d5c-4499-9504-878b029d86db is started using port 41025
2019-10-01 23:43:01,429 [Datanode State Machine Thread - 0] INFO  server.XceiverServerGrpc (XceiverServerGrpc.java:start(163)) - XceiverServerGrpc 2c4f99a5-4d5c-4499-9504-878b029d86db is started using port 45719
2019-10-01 23:43:01,476 [Datanode State Machine Thread - 0] INFO  ozoneimpl.OzoneContainer (OzoneContainer.java:start(217)) - Attempting to start container services.
2019-10-01 23:43:01,477 [Datanode State Machine Thread - 0] INFO  ozoneimpl.OzoneContainer (OzoneContainer.java:startContainerScrub(179)) - Background container scanner has been disabled.
2019-10-01 23:43:01,477 [Datanode State Machine Thread - 0] INFO  ratis.XceiverServerRatis (XceiverServerRatis.java:start(411)) - Starting XceiverServerRatis b8ac6586-d819-4f43-b802-0aef8ff35b46 at port 0
2019-10-01 23:43:01,483 [Datanode State Machine Thread - 0] INFO  impl.RaftServerProxy (RaftServerProxy.java:lambda$start$3(299)) - b8ac6586-d819-4f43-b802-0aef8ff35b46: start RPC server
2019-10-01 23:43:01,484 [Datanode State Machine Thread - 0] INFO  server.GrpcService (GrpcService.java:startImpl(158)) - b8ac6586-d819-4f43-b802-0aef8ff35b46: GrpcService started, listening on 0.0.0.0/0.0.0.0:39340
2019-10-01 23:43:01,484 [Datanode State Machine Thread - 0] INFO  ratis.XceiverServerRatis (XceiverServerRatis.java:start(421)) - XceiverServerRatis b8ac6586-d819-4f43-b802-0aef8ff35b46 is started using port 39340
2019-10-01 23:43:01,494 [Datanode State Machine Thread - 0] INFO  server.XceiverServerGrpc (XceiverServerGrpc.java:start(163)) - XceiverServerGrpc b8ac6586-d819-4f43-b802-0aef8ff35b46 is started using port 42945
2019-10-01 23:43:01,537 [Datanode State Machine Thread - 0] INFO  ozoneimpl.OzoneContainer (OzoneContainer.java:start(217)) - Attempting to start container services.
2019-10-01 23:43:01,537 [Datanode State Machine Thread - 0] INFO  ozoneimpl.OzoneContainer (OzoneContainer.java:startContainerScrub(179)) - Background container scanner has been disabled.
2019-10-01 23:43:01,537 [Datanode State Machine Thread - 0] INFO  ratis.XceiverServerRatis (XceiverServerRatis.java:start(411)) - Starting XceiverServerRatis e784b38e-8a48-4160-bbb7-0e462182dee2 at port 0
2019-10-01 23:43:01,543 [Datanode State Machine Thread - 0] INFO  impl.RaftServerProxy (RaftServerProxy.java:lambda$start$3(299)) - e784b38e-8a48-4160-bbb7-0e462182dee2: start RPC server
2019-10-01 23:43:01,544 [Datanode State Machine Thread - 0] INFO  server.GrpcService (GrpcService.java:startImpl(158)) - e784b38e-8a48-4160-bbb7-0e462182dee2: GrpcService started, listening on 0.0.0.0/0.0.0.0:41328
2019-10-01 23:43:01,544 [Datanode State Machine Thread - 0] INFO  ratis.XceiverServerRatis (XceiverServerRatis.java:start(421)) - XceiverServerRatis e784b38e-8a48-4160-bbb7-0e462182dee2 is started using port 41328
2019-10-01 23:43:01,544 [Datanode State Machine Thread - 0] INFO  server.XceiverServerGrpc (XceiverServerGrpc.java:start(163)) - XceiverServerGrpc e784b38e-8a48-4160-bbb7-0e462182dee2 is started using port 37018
2019-10-01 23:43:01,597 [Datanode State Machine Thread - 0] INFO  ozoneimpl.OzoneContainer (OzoneContainer.java:start(217)) - Attempting to start container services.
2019-10-01 23:43:01,598 [Datanode State Machine Thread - 0] INFO  ozoneimpl.OzoneContainer (OzoneContainer.java:startContainerScrub(179)) - Background container scanner has been disabled.
2019-10-01 23:43:01,598 [Datanode State Machine Thread - 0] INFO  ratis.XceiverServerRatis (XceiverServerRatis.java:start(411)) - Starting XceiverServerRatis fa52477f-780a-4557-b700-0a1c4479f4d6 at port 0
2019-10-01 23:43:01,603 [Datanode State Machine Thread - 0] INFO  impl.RaftServerProxy (RaftServerProxy.java:lambda$start$3(299)) - fa52477f-780a-4557-b700-0a1c4479f4d6: start RPC server
2019-10-01 23:43:01,604 [Datanode State Machine Thread - 0] INFO  server.GrpcService (GrpcService.java:startImpl(158)) - fa52477f-780a-4557-b700-0a1c4479f4d6: GrpcService started, listening on 0.0.0.0/0.0.0.0:46494
2019-10-01 23:43:01,604 [Datanode State Machine Thread - 0] INFO  ratis.XceiverServerRatis (XceiverServerRatis.java:start(421)) - XceiverServerRatis fa52477f-780a-4557-b700-0a1c4479f4d6 is started using port 46494
2019-10-01 23:43:01,605 [Datanode State Machine Thread - 0] INFO  server.XceiverServerGrpc (XceiverServerGrpc.java:start(163)) - XceiverServerGrpc fa52477f-780a-4557-b700-0a1c4479f4d6 is started using port 32931
2019-10-01 23:43:01,683 [Datanode State Machine Thread - 0] INFO  ozoneimpl.OzoneContainer (OzoneContainer.java:start(217)) - Attempting to start container services.
2019-10-01 23:43:01,683 [Datanode State Machine Thread - 0] INFO  ozoneimpl.OzoneContainer (OzoneContainer.java:startContainerScrub(179)) - Background container scanner has been disabled.
2019-10-01 23:43:01,683 [Datanode State Machine Thread - 0] INFO  ratis.XceiverServerRatis (XceiverServerRatis.java:start(411)) - Starting XceiverServerRatis 07898822-8c63-49fb-90d4-e9d8d938329e at port 0
2019-10-01 23:43:01,689 [Datanode State Machine Thread - 0] INFO  impl.RaftServerProxy (RaftServerProxy.java:lambda$start$3(299)) - 07898822-8c63-49fb-90d4-e9d8d938329e: start RPC server
2019-10-01 23:43:01,689 [Datanode State Machine Thread - 0] INFO  server.GrpcService (GrpcService.java:startImpl(158)) - 07898822-8c63-49fb-90d4-e9d8d938329e: GrpcService started, listening on 0.0.0.0/0.0.0.0:37254
2019-10-01 23:43:01,689 [Datanode State Machine Thread - 0] INFO  ratis.XceiverServerRatis (XceiverServerRatis.java:start(421)) - XceiverServerRatis 07898822-8c63-49fb-90d4-e9d8d938329e is started using port 37254
2019-10-01 23:43:01,690 [Datanode State Machine Thread - 0] INFO  server.XceiverServerGrpc (XceiverServerGrpc.java:start(163)) - XceiverServerGrpc 07898822-8c63-49fb-90d4-e9d8d938329e is started using port 45273
2019-10-01 23:43:01,709 [main] INFO  ozone.MiniOzoneClusterImpl (MiniOzoneClusterImpl.java:lambda$waitForClusterToBeReady$0(145)) - Waiting for cluster to be ready. Got 0 of 7 DN Heartbeats.
2019-10-01 23:43:01,715 [Datanode State Machine Thread - 0] INFO  ozoneimpl.OzoneContainer (OzoneContainer.java:start(217)) - Attempting to start container services.
2019-10-01 23:43:01,715 [Datanode State Machine Thread - 0] INFO  ozoneimpl.OzoneContainer (OzoneContainer.java:startContainerScrub(179)) - Background container scanner has been disabled.
2019-10-01 23:43:01,715 [Datanode State Machine Thread - 0] INFO  ratis.XceiverServerRatis (XceiverServerRatis.java:start(411)) - Starting XceiverServerRatis 0de13eb4-6288-4f85-9c65-52a6109eecbe at port 0
2019-10-01 23:43:01,721 [Datanode State Machine Thread - 0] INFO  impl.RaftServerProxy (RaftServerProxy.java:lambda$start$3(299)) - 0de13eb4-6288-4f85-9c65-52a6109eecbe: start RPC server
2019-10-01 23:43:01,722 [Datanode State Machine Thread - 0] INFO  server.GrpcService (GrpcService.java:startImpl(158)) - 0de13eb4-6288-4f85-9c65-52a6109eecbe: GrpcService started, listening on 0.0.0.0/0.0.0.0:33642
2019-10-01 23:43:01,722 [Datanode State Machine Thread - 0] INFO  ratis.XceiverServerRatis (XceiverServerRatis.java:start(421)) - XceiverServerRatis 0de13eb4-6288-4f85-9c65-52a6109eecbe is started using port 33642
2019-10-01 23:43:01,722 [Datanode State Machine Thread - 0] INFO  server.XceiverServerGrpc (XceiverServerGrpc.java:start(163)) - XceiverServerGrpc 0de13eb4-6288-4f85-9c65-52a6109eecbe is started using port 36092
2019-10-01 23:43:02,710 [main] INFO  ozone.MiniOzoneClusterImpl (MiniOzoneClusterImpl.java:lambda$waitForClusterToBeReady$0(145)) - Waiting for cluster to be ready. Got 0 of 7 DN Heartbeats.
2019-10-01 23:43:03,352 [IPC Server handler 0 on 41867] INFO  net.NetworkTopology (NetworkTopologyImpl.java:add(111)) - Added a new node: /default-rack/62a7363a-1701-4ee6-9c91-e357e3084c98
2019-10-01 23:43:03,354 [IPC Server handler 0 on 41867] INFO  node.SCMNodeManager (SCMNodeManager.java:register(266)) - Registered Data node : 62a7363a-1701-4ee6-9c91-e357e3084c98{ip: 192.168.164.203, host: pr-hdds-2158-lzhrq-821698512, networkLocation: /default-rack, certSerialId: null}
2019-10-01 23:43:03,355 [EventQueue-NodeRegistrationContainerReportForDataNodeSafeModeRule] INFO  safemode.SCMSafeModeManager (DataNodeSafeModeRule.java:process(71)) - SCM in safe mode. 1 DataNodes registered, 1 required.
2019-10-01 23:43:03,357 [EventQueue-NodeRegistrationContainerReportForDataNodeSafeModeRule] INFO  safemode.SCMSafeModeManager (SCMSafeModeManager.java:validateSafeModeExitRules(177)) - ScmSafeModeManager, all rules are successfully validated
2019-10-01 23:43:03,357 [EventQueue-NodeRegistrationContainerReportForDataNodeSafeModeRule] INFO  safemode.SCMSafeModeManager (SCMSafeModeManager.java:exitSafeMode(193)) - SCM exiting safe mode.
2019-10-01 23:43:03,365 [grpc-default-executor-4] INFO  impl.RaftServerProxy (RaftServerProxy.java:addNew(89)) - 62a7363a-1701-4ee6-9c91-e357e3084c98: addNew group-2FD01475F615:[62a7363a-1701-4ee6-9c91-e357e3084c98:192.168.164.203:46283] returns group-2FD01475F615:java.util.concurrent.CompletableFuture@57882916[Not completed]
2019-10-01 23:43:03,367 [pool-499-thread-1] INFO  impl.RaftServerImpl (RaftServerImpl.java:<init>(95)) - 62a7363a-1701-4ee6-9c91-e357e3084c98: new RaftServerImpl for group-2FD01475F615:[62a7363a-1701-4ee6-9c91-e357e3084c98:192.168.164.203:46283] with ContainerStateMachine:uninitialized
2019-10-01 23:43:03,367 [pool-499-thread-1] INFO  server.RaftServerConfigKeys (ConfUtils.java:logGet(43)) - raft.server.rpc.timeout.min = 5s (custom)
2019-10-01 23:43:03,367 [pool-499-thread-1] INFO  server.RaftServerConfigKeys (ConfUtils.java:logGet(43)) - raft.server.rpc.timeout.max = 5200ms (custom)
2019-10-01 23:43:03,368 [pool-499-thread-1] INFO  server.RaftServerConfigKeys (ConfUtils.java:logGet(43)) - raft.server.rpcslowness.timeout = 120s (custom)
2019-10-01 23:43:03,368 [pool-499-thread-1] INFO  server.RaftServerConfigKeys (ConfUtils.java:logGet(43)) - raft.server.sleep.deviation.threshold = 300 (default)
2019-10-01 23:43:03,368 [pool-499-thread-1] INFO  server.RaftServerConfigKeys (ConfUtils.java:logGet(43)) - raft.server.log.appender.install.snapshot.enabled = false (custom)
2019-10-01 23:43:03,368 [pool-499-thread-1] INFO  impl.RaftServerImpl (ServerState.java:<init>(103)) - 62a7363a-1701-4ee6-9c91-e357e3084c98@group-2FD01475F615: ConfigurationManager, init=-1: [62a7363a-1701-4ee6-9c91-e357e3084c98:192.168.164.203:46283], old=null, confs=<EMPTY_MAP>
2019-10-01 23:43:03,368 [pool-499-thread-1] INFO  server.RaftServerConfigKeys (ConfUtils.java:logGet(43)) - raft.server.storage.dir = [/workdir/hadoop-ozone/integration-test/target/test-dir/MiniOzoneClusterImpl-29179c81-74dc-4452-99b0-75c8569a4c78/datanode-0/data/ratis] (custom)
2019-10-01 23:43:03,369 [pool-499-thread-1] INFO  storage.RaftStorageDirectory (RaftStorageDirectory.java:analyzeStorage(246)) - The storage directory /workdir/hadoop-ozone/integration-test/target/test-dir/MiniOzoneClusterImpl-29179c81-74dc-4452-99b0-75c8569a4c78/datanode-0/data/ratis/14924d7e-820d-4e7f-97e3-2fd01475f615 does not exist. Creating ...
2019-10-01 23:43:03,382 [pool-499-thread-1] INFO  storage.RaftStorageDirectory (RaftStorageDirectory.java:tryLock(328)) - Lock on /workdir/hadoop-ozone/integration-test/target/test-dir/MiniOzoneClusterImpl-29179c81-74dc-4452-99b0-75c8569a4c78/datanode-0/data/ratis/14924d7e-820d-4e7f-97e3-2fd01475f615/in_use.lock acquired by nodename 5991@pr-hdds-2158-lzhrq-821698512
2019-10-01 23:43:03,406 [IPC Server handler 1 on 41867] INFO  net.NetworkTopology (NetworkTopologyImpl.java:add(111)) - Added a new node: /default-rack/2c4f99a5-4d5c-4499-9504-878b029d86db
2019-10-01 23:43:03,406 [IPC Server handler 1 on 41867] INFO  node.SCMNodeManager (SCMNodeManager.java:register(266)) - Registered Data node : 2c4f99a5-4d5c-4499-9504-878b029d86db{ip: 192.168.164.203, host: pr-hdds-2158-lzhrq-821698512, networkLocation: /default-rack, certSerialId: null}
2019-10-01 23:43:03,414 [pool-499-thread-1] INFO  storage.RaftStorage (RaftStorage.java:format(72)) - Storage directory /workdir/hadoop-ozone/integration-test/target/test-dir/MiniOzoneClusterImpl-29179c81-74dc-4452-99b0-75c8569a4c78/datanode-0/data/ratis/14924d7e-820d-4e7f-97e3-2fd01475f615 has been successfully formatted.
2019-10-01 23:43:03,415 [pool-499-thread-1] INFO  ratis.ContainerStateMachine (ContainerStateMachine.java:loadSnapshot(230)) - group-2FD01475F615: The snapshot info is null. Setting the last applied indexto:(t:0, i:~)
2019-10-01 23:43:03,415 [pool-499-thread-1] INFO  server.RaftServerConfigKeys (ConfUtils.java:logGet(43)) - raft.server.notification.no-leader.timeout = 120s (custom)
2019-10-01 23:43:03,415 [pool-499-thread-1] INFO  server.RaftServerConfigKeys (ConfUtils.java:logGet(43)) - raft.server.log.use.memory = false (default)
2019-10-01 23:43:03,415 [pool-499-thread-1] INFO  server.RaftServerConfigKeys (ConfUtils.java:logGet(43)) - raft.server.log.purge.gap = 1000000 (custom)
2019-10-01 23:43:03,415 [pool-499-thread-1] INFO  server.RaftServerConfigKeys (ConfUtils.java:logGet(43)) - raft.server.log.appender.buffer.byte-limit = 33554432 (custom)
2019-10-01 23:43:03,416 [pool-499-thread-1] INFO  server.RaftServerConfigKeys (ConfUtils.java:logGet(43)) - raft.server.log.segment.size.max = 1048576 (custom)
2019-10-01 23:43:03,416 [pool-499-thread-1] INFO  server.RaftServerConfigKeys (ConfUtils.java:logGet(43)) - raft.server.log.segment.cache.num.max = 2 (custom)
2019-10-01 23:43:03,416 [pool-499-thread-1] INFO  segmented.SegmentedRaftLogWorker (SegmentedRaftLogWorker.java:<init>(172)) - new 62a7363a-1701-4ee6-9c91-e357e3084c98@group-2FD01475F615-SegmentedRaftLogWorker for RaftStorage:Storage Directory /workdir/hadoop-ozone/integration-test/target/test-dir/MiniOzoneClusterImpl-29179c81-74dc-4452-99b0-75c8569a4c78/datanode-0/data/ratis/14924d7e-820d-4e7f-97e3-2fd01475f615
2019-10-01 23:43:03,419 [pool-499-thread-1] INFO  server.RaftServerConfigKeys (ConfUtils.java:logGet(43)) - raft.server.log.queue.byte-limit = 2147483647 (custom)
2019-10-01 23:43:03,419 [pool-499-thread-1] INFO  server.RaftServerConfigKeys (ConfUtils.java:logGet(43)) - raft.server.log.queue.element-limit = 1024 (custom)
2019-10-01 23:43:03,419 [pool-499-thread-1] INFO  server.RaftServerConfigKeys (ConfUtils.java:logGet(43)) - raft.server.log.segment.size.max = 1048576 (custom)
2019-10-01 23:43:03,419 [pool-499-thread-1] INFO  server.RaftServerConfigKeys (ConfUtils.java:logGet(43)) - raft.server.log.preallocated.size = 16384 (custom)
2019-10-01 23:43:03,419 [pool-499-thread-1] INFO  server.RaftServerConfigKeys (ConfUtils.java:logGet(43)) - raft.server.log.write.buffer.size = 33554432 (custom)
2019-10-01 23:43:03,419 [pool-499-thread-1] INFO  server.RaftServerConfigKeys (ConfUtils.java:logGet(43)) - raft.server.log.force.sync.num = 128 (default)
2019-10-01 23:43:03,420 [pool-499-thread-1] INFO  server.RaftServerConfigKeys (ConfUtils.java:logGet(43)) - raft.server.log.statemachine.data.sync = true (default)
2019-10-01 23:43:03,420 [pool-499-thread-1] INFO  server.RaftServerConfigKeys (ConfUtils.java:logGet(43)) - raft.server.log.statemachine.data.sync.timeout = 10s (default)
2019-10-01 23:43:03,420 [pool-499-thread-1] INFO  server.RaftServerConfigKeys (ConfUtils.java:logGet(43)) - raft.server.log.statemachine.data.sync.timeout.retry = -1 (default)
2019-10-01 23:43:03,420 [pool-499-thread-1] INFO  server.RaftServerConfigKeys (ConfUtils.java:logGet(43)) - raft.server.log.statemachine.data.caching.enabled = true (custom)
2019-10-01 23:43:03,421 [pool-499-thread-1] INFO  segmented.SegmentedRaftLogWorker (SegmentedRaftLogWorker.java:lambda$new$0(132)) - 62a7363a-1701-4ee6-9c91-e357e3084c98@group-2FD01475F615-SegmentedRaftLogWorker: flushIndex: setUnconditionally 0 -> -1
2019-10-01 23:43:03,421 [pool-499-thread-1] INFO  server.RaftServerConfigKeys (ConfUtils.java:logGet(43)) - raft.server.snapshot.auto.trigger.enabled = true (custom)
2019-10-01 23:43:03,421 [pool-499-thread-1] INFO  server.RaftServerConfigKeys (ConfUtils.java:logGet(43)) - raft.server.snapshot.auto.trigger.threshold = 10000 (custom)
2019-10-01 23:43:03,422 [pool-499-thread-1] INFO  server.RaftServerConfigKeys (ConfUtils.java:logGet(43)) - raft.server.snapshot.retention.num.files = 5 (custom)
2019-10-01 23:43:03,422 [pool-499-thread-1] INFO  server.RaftServerConfigKeys (ConfUtils.java:logGet(43)) - raft.server.retrycache.expirytime = 600000ms (custom)
2019-10-01 23:43:03,424 [pool-499-thread-1] INFO  impl.RaftServerImpl (RaftServerImpl.java:start(185)) - 62a7363a-1701-4ee6-9c91-e357e3084c98@group-2FD01475F615: start as a follower, conf=-1: [62a7363a-1701-4ee6-9c91-e357e3084c98:192.168.164.203:46283], old=null
2019-10-01 23:43:03,424 [pool-499-thread-1] INFO  impl.RaftServerImpl (RaftServerImpl.java:setRole(174)) - 62a7363a-1701-4ee6-9c91-e357e3084c98@group-2FD01475F615: changes role from      null to FOLLOWER at term 0 for startAsFollower
2019-10-01 23:43:03,424 [pool-499-thread-1] INFO  impl.RoleInfo (RoleInfo.java:updateAndGet(143)) - 62a7363a-1701-4ee6-9c91-e357e3084c98: start FollowerState
2019-10-01 23:43:03,425 [pool-499-thread-1] INFO  util.JmxRegister (JmxRegister.java:tryRegister(44)) - Successfully registered JMX Bean with object name Ratis:service=RaftServer,group=group-2FD01475F615,id=62a7363a-1701-4ee6-9c91-e357e3084c98
2019-10-01 23:43:03,431 [RatisPipelineUtilsThread] INFO  pipeline.PipelineStateManager (PipelineStateManager.java:addPipeline(56)) - Created pipeline Pipeline[ Id: 14924d7e-820d-4e7f-97e3-2fd01475f615, Nodes: 62a7363a-1701-4ee6-9c91-e357e3084c98{ip: 192.168.164.203, host: pr-hdds-2158-lzhrq-821698512, networkLocation: /default-rack, certSerialId: null}, Type:RATIS, Factor:ONE, State:OPEN]
2019-10-01 23:43:03,438 [grpc-default-executor-4] INFO  impl.RaftServerProxy (RaftServerProxy.java:addNew(89)) - 2c4f99a5-4d5c-4499-9504-878b029d86db: addNew group-048E7F66A113:[2c4f99a5-4d5c-4499-9504-878b029d86db:192.168.164.203:41025] returns group-048E7F66A113:java.util.concurrent.CompletableFuture@59b3188c[Not completed]
2019-10-01 23:43:03,439 [pool-509-thread-1] INFO  impl.RaftServerImpl (RaftServerImpl.java:<init>(95)) - 2c4f99a5-4d5c-4499-9504-878b029d86db: new RaftServerImpl for group-048E7F66A113:[2c4f99a5-4d5c-4499-9504-878b029d86db:192.168.164.203:41025] with ContainerStateMachine:uninitialized
2019-10-01 23:43:03,439 [pool-509-thread-1] INFO  server.RaftServerConfigKeys (ConfUtils.java:logGet(43)) - raft.server.rpc.timeout.min = 5s (custom)
2019-10-01 23:43:03,439 [pool-509-thread-1] INFO  server.RaftServerConfigKeys (ConfUtils.java:logGet(43)) - raft.server.rpc.timeout.max = 5200ms (custom)
2019-10-01 23:43:03,439 [pool-509-thread-1] INFO  server.RaftServerConfigKeys (ConfUtils.java:logGet(43)) - raft.server.rpcslowness.timeout = 120s (custom)
2019-10-01 23:43:03,439 [pool-509-thread-1] INFO  server.RaftServerConfigKeys (ConfUtils.java:logGet(43)) - raft.server.sleep.deviation.threshold = 300 (default)
2019-10-01 23:43:03,440 [pool-509-thread-1] INFO  server.RaftServerConfigKeys (ConfUtils.java:logGet(43)) - raft.server.log.appender.install.snapshot.enabled = false (custom)
2019-10-01 23:43:03,440 [pool-509-thread-1] INFO  impl.RaftServerImpl (ServerState.java:<init>(103)) - 2c4f99a5-4d5c-4499-9504-878b029d86db@group-048E7F66A113: ConfigurationManager, init=-1: [2c4f99a5-4d5c-4499-9504-878b029d86db:192.168.164.203:41025], old=null, confs=<EMPTY_MAP>
2019-10-01 23:43:03,440 [pool-509-thread-1] INFO  server.RaftServerConfigKeys (ConfUtils.java:logGet(43)) - raft.server.storage.dir = [/workdir/hadoop-ozone/integration-test/target/test-dir/MiniOzoneClusterImpl-29179c81-74dc-4452-99b0-75c8569a4c78/datanode-1/data/ratis] (custom)
2019-10-01 23:43:03,440 [pool-509-thread-1] INFO  storage.RaftStorageDirectory (RaftStorageDirectory.java:analyzeStorage(246)) - The storage directory /workdir/hadoop-ozone/integration-test/target/test-dir/MiniOzoneClusterImpl-29179c81-74dc-4452-99b0-75c8569a4c78/datanode-1/data/ratis/7a17bb79-5a56-4980-b146-048e7f66a113 does not exist. Creating ...
2019-10-01 23:43:03,462 [IPC Server handler 3 on 41867] INFO  net.NetworkTopology (NetworkTopologyImpl.java:add(111)) - Added a new node: /default-rack/b8ac6586-d819-4f43-b802-0aef8ff35b46
2019-10-01 23:43:03,462 [IPC Server handler 3 on 41867] INFO  node.SCMNodeManager (SCMNodeManager.java:register(266)) - Registered Data node : b8ac6586-d819-4f43-b802-0aef8ff35b46{ip: 192.168.164.203, host: pr-hdds-2158-lzhrq-821698512, networkLocation: /default-rack, certSerialId: null}
2019-10-01 23:43:03,468 [pool-509-thread-1] INFO  storage.RaftStorageDirectory (RaftStorageDirectory.java:tryLock(328)) - Lock on /workdir/hadoop-ozone/integration-test/target/test-dir/MiniOzoneClusterImpl-29179c81-74dc-4452-99b0-75c8569a4c78/datanode-1/data/ratis/7a17bb79-5a56-4980-b146-048e7f66a113/in_use.lock acquired by nodename 5991@pr-hdds-2158-lzhrq-821698512
2019-10-01 23:43:03,481 [pool-509-thread-1] INFO  storage.RaftStorage (RaftStorage.java:format(72)) - Storage directory /workdir/hadoop-ozone/integration-test/target/test-dir/MiniOzoneClusterImpl-29179c81-74dc-4452-99b0-75c8569a4c78/datanode-1/data/ratis/7a17bb79-5a56-4980-b146-048e7f66a113 has been successfully formatted.
2019-10-01 23:43:03,481 [pool-509-thread-1] INFO  ratis.ContainerStateMachine (ContainerStateMachine.java:loadSnapshot(230)) - group-048E7F66A113: The snapshot info is null. Setting the last applied indexto:(t:0, i:~)
2019-10-01 23:43:03,481 [pool-509-thread-1] INFO  server.RaftServerConfigKeys (ConfUtils.java:logGet(43)) - raft.server.notification.no-leader.timeout = 120s (custom)
2019-10-01 23:43:03,481 [pool-509-thread-1] INFO  server.RaftServerConfigKeys (ConfUtils.java:logGet(43)) - raft.server.log.use.memory = false (default)
2019-10-01 23:43:03,481 [pool-509-thread-1] INFO  server.RaftServerConfigKeys (ConfUtils.java:logGet(43)) - raft.server.log.purge.gap = 1000000 (custom)
2019-10-01 23:43:03,482 [pool-509-thread-1] INFO  server.RaftServerConfigKeys (ConfUtils.java:logGet(43)) - raft.server.log.appender.buffer.byte-limit = 33554432 (custom)
2019-10-01 23:43:03,482 [pool-509-thread-1] INFO  server.RaftServerConfigKeys (ConfUtils.java:logGet(43)) - raft.server.log.segment.size.max = 1048576 (custom)
2019-10-01 23:43:03,482 [pool-509-thread-1] INFO  server.RaftServerConfigKeys (ConfUtils.java:logGet(43)) - raft.server.log.segment.cache.num.max = 2 (custom)
2019-10-01 23:43:03,482 [pool-509-thread-1] INFO  segmented.SegmentedRaftLogWorker (SegmentedRaftLogWorker.java:<init>(172)) - new 2c4f99a5-4d5c-4499-9504-878b029d86db@group-048E7F66A113-SegmentedRaftLogWorker for RaftStorage:Storage Directory /workdir/hadoop-ozone/integration-test/target/test-dir/MiniOzoneClusterImpl-29179c81-74dc-4452-99b0-75c8569a4c78/datanode-1/data/ratis/7a17bb79-5a56-4980-b146-048e7f66a113
2019-10-01 23:43:03,483 [pool-509-thread-1] INFO  server.RaftServerConfigKeys (ConfUtils.java:logGet(43)) - raft.server.log.queue.byte-limit = 2147483647 (custom)
2019-10-01 23:43:03,483 [pool-509-thread-1] INFO  server.RaftServerConfigKeys (ConfUtils.java:logGet(43)) - raft.server.log.queue.element-limit = 1024 (custom)
2019-10-01 23:43:03,484 [pool-509-thread-1] INFO  server.RaftServerConfigKeys (ConfUtils.java:logGet(43)) - raft.server.log.segment.size.max = 1048576 (custom)
2019-10-01 23:43:03,484 [pool-509-thread-1] INFO  server.RaftServerConfigKeys (ConfUtils.java:logGet(43)) - raft.server.log.preallocated.size = 16384 (custom)
2019-10-01 23:43:03,484 [pool-509-thread-1] INFO  server.RaftServerConfigKeys (ConfUtils.java:logGet(43)) - raft.server.log.write.buffer.size = 33554432 (custom)
2019-10-01 23:43:03,484 [pool-509-thread-1] INFO  server.RaftServerConfigKeys (ConfUtils.java:logGet(43)) - raft.server.log.force.sync.num = 128 (default)
2019-10-01 23:43:03,484 [pool-509-thread-1] INFO  server.RaftServerConfigKeys (ConfUtils.java:logGet(43)) - raft.server.log.statemachine.data.sync = true (default)
2019-10-01 23:43:03,484 [pool-509-thread-1] INFO  server.RaftServerConfigKeys (ConfUtils.java:logGet(43)) - raft.server.log.statemachine.data.sync.timeout = 10s (default)
2019-10-01 23:43:03,484 [pool-509-thread-1] INFO  server.RaftServerConfigKeys (ConfUtils.java:logGet(43)) - raft.server.log.statemachine.data.sync.timeout.retry = -1 (default)
2019-10-01 23:43:03,484 [pool-509-thread-1] INFO  server.RaftServerConfigKeys (ConfUtils.java:logGet(43)) - raft.server.log.statemachine.data.caching.enabled = true (custom)
2019-10-01 23:43:03,485 [pool-509-thread-1] INFO  segmented.SegmentedRaftLogWorker (SegmentedRaftLogWorker.java:lambda$new$0(132)) - 2c4f99a5-4d5c-4499-9504-878b029d86db@group-048E7F66A113-SegmentedRaftLogWorker: flushIndex: setUnconditionally 0 -> -1
2019-10-01 23:43:03,485 [pool-509-thread-1] INFO  server.RaftServerConfigKeys (ConfUtils.java:logGet(43)) - raft.server.snapshot.auto.trigger.enabled = true (custom)
2019-10-01 23:43:03,485 [pool-509-thread-1] INFO  server.RaftServerConfigKeys (ConfUtils.java:logGet(43)) - raft.server.snapshot.auto.trigger.threshold = 10000 (custom)
2019-10-01 23:43:03,485 [pool-509-thread-1] INFO  server.RaftServerConfigKeys (ConfUtils.java:logGet(43)) - raft.server.snapshot.retention.num.files = 5 (custom)
2019-10-01 23:43:03,485 [pool-509-thread-1] INFO  server.RaftServerConfigKeys (ConfUtils.java:logGet(43)) - raft.server.retrycache.expirytime = 600000ms (custom)
2019-10-01 23:43:03,486 [pool-509-thread-1] INFO  impl.RaftServerImpl (RaftServerImpl.java:start(185)) - 2c4f99a5-4d5c-4499-9504-878b029d86db@group-048E7F66A113: start as a follower, conf=-1: [2c4f99a5-4d5c-4499-9504-878b029d86db:192.168.164.203:41025], old=null
2019-10-01 23:43:03,487 [pool-509-thread-1] INFO  impl.RaftServerImpl (RaftServerImpl.java:setRole(174)) - 2c4f99a5-4d5c-4499-9504-878b029d86db@group-048E7F66A113: changes role from      null to FOLLOWER at term 0 for startAsFollower
2019-10-01 23:43:03,487 [pool-509-thread-1] INFO  impl.RoleInfo (RoleInfo.java:updateAndGet(143)) - 2c4f99a5-4d5c-4499-9504-878b029d86db: start FollowerState
2019-10-01 23:43:03,487 [pool-509-thread-1] INFO  util.JmxRegister (JmxRegister.java:tryRegister(44)) - Successfully registered JMX Bean with object name Ratis:service=RaftServer,group=group-048E7F66A113,id=2c4f99a5-4d5c-4499-9504-878b029d86db
2019-10-01 23:43:03,492 [RatisPipelineUtilsThread] INFO  pipeline.PipelineStateManager (PipelineStateManager.java:addPipeline(56)) - Created pipeline Pipeline[ Id: 7a17bb79-5a56-4980-b146-048e7f66a113, Nodes: 2c4f99a5-4d5c-4499-9504-878b029d86db{ip: 192.168.164.203, host: pr-hdds-2158-lzhrq-821698512, networkLocation: /default-rack, certSerialId: null}, Type:RATIS, Factor:ONE, State:OPEN]
2019-10-01 23:43:03,498 [grpc-default-executor-4] INFO  impl.RaftServerProxy (RaftServerProxy.java:addNew(89)) - b8ac6586-d819-4f43-b802-0aef8ff35b46: addNew group-BD49950243F9:[b8ac6586-d819-4f43-b802-0aef8ff35b46:192.168.164.203:39340] returns group-BD49950243F9:java.util.concurrent.CompletableFuture@7c4376a9[Not completed]
2019-10-01 23:43:03,499 [pool-519-thread-1] INFO  impl.RaftServerImpl (RaftServerImpl.java:<init>(95)) - b8ac6586-d819-4f43-b802-0aef8ff35b46: new RaftServerImpl for group-BD49950243F9:[b8ac6586-d819-4f43-b802-0aef8ff35b46:192.168.164.203:39340] with ContainerStateMachine:uninitialized
2019-10-01 23:43:03,499 [pool-519-thread-1] INFO  server.RaftServerConfigKeys (ConfUtils.java:logGet(43)) - raft.server.rpc.timeout.min = 5s (custom)
2019-10-01 23:43:03,500 [pool-519-thread-1] INFO  server.RaftServerConfigKeys (ConfUtils.java:logGet(43)) - raft.server.rpc.timeout.max = 5200ms (custom)
2019-10-01 23:43:03,500 [pool-519-thread-1] INFO  server.RaftServerConfigKeys (ConfUtils.java:logGet(43)) - raft.server.rpcslowness.timeout = 120s (custom)
2019-10-01 23:43:03,500 [pool-519-thread-1] INFO  server.RaftServerConfigKeys (ConfUtils.java:logGet(43)) - raft.server.sleep.deviation.threshold = 300 (default)
2019-10-01 23:43:03,500 [pool-519-thread-1] INFO  server.RaftServerConfigKeys (ConfUtils.java:logGet(43)) - raft.server.log.appender.install.snapshot.enabled = false (custom)
2019-10-01 23:43:03,500 [pool-519-thread-1] INFO  impl.RaftServerImpl (ServerState.java:<init>(103)) - b8ac6586-d819-4f43-b802-0aef8ff35b46@group-BD49950243F9: ConfigurationManager, init=-1: [b8ac6586-d819-4f43-b802-0aef8ff35b46:192.168.164.203:39340], old=null, confs=<EMPTY_MAP>
2019-10-01 23:43:03,500 [pool-519-thread-1] INFO  server.RaftServerConfigKeys (ConfUtils.java:logGet(43)) - raft.server.storage.dir = [/workdir/hadoop-ozone/integration-test/target/test-dir/MiniOzoneClusterImpl-29179c81-74dc-4452-99b0-75c8569a4c78/datanode-2/data/ratis] (custom)
2019-10-01 23:43:03,500 [pool-519-thread-1] INFO  storage.RaftStorageDirectory (RaftStorageDirectory.java:analyzeStorage(246)) - The storage directory /workdir/hadoop-ozone/integration-test/target/test-dir/MiniOzoneClusterImpl-29179c81-74dc-4452-99b0-75c8569a4c78/datanode-2/data/ratis/e4556d34-7aeb-4d29-a7d2-bd49950243f9 does not exist. Creating ...
2019-10-01 23:43:03,513 [pool-519-thread-1] INFO  storage.RaftStorageDirectory (RaftStorageDirectory.java:tryLock(328)) - Lock on /workdir/hadoop-ozone/integration-test/target/test-dir/MiniOzoneClusterImpl-29179c81-74dc-4452-99b0-75c8569a4c78/datanode-2/data/ratis/e4556d34-7aeb-4d29-a7d2-bd49950243f9/in_use.lock acquired by nodename 5991@pr-hdds-2158-lzhrq-821698512
2019-10-01 23:43:03,523 [IPC Server handler 4 on 41867] INFO  net.NetworkTopology (NetworkTopologyImpl.java:add(111)) - Added a new node: /default-rack/e784b38e-8a48-4160-bbb7-0e462182dee2
2019-10-01 23:43:03,523 [IPC Server handler 4 on 41867] INFO  node.SCMNodeManager (SCMNodeManager.java:register(266)) - Registered Data node : e784b38e-8a48-4160-bbb7-0e462182dee2{ip: 192.168.164.203, host: pr-hdds-2158-lzhrq-821698512, networkLocation: /default-rack, certSerialId: null}
2019-10-01 23:43:03,526 [pool-519-thread-1] INFO  storage.RaftStorage (RaftStorage.java:format(72)) - Storage directory /workdir/hadoop-ozone/integration-test/target/test-dir/MiniOzoneClusterImpl-29179c81-74dc-4452-99b0-75c8569a4c78/datanode-2/data/ratis/e4556d34-7aeb-4d29-a7d2-bd49950243f9 has been successfully formatted.
2019-10-01 23:43:03,526 [pool-519-thread-1] INFO  ratis.ContainerStateMachine (ContainerStateMachine.java:loadSnapshot(230)) - group-BD49950243F9: The snapshot info is null. Setting the last applied indexto:(t:0, i:~)
2019-10-01 23:43:03,527 [pool-519-thread-1] INFO  server.RaftServerConfigKeys (ConfUtils.java:logGet(43)) - raft.server.notification.no-leader.timeout = 120s (custom)
2019-10-01 23:43:03,527 [pool-519-thread-1] INFO  server.RaftServerConfigKeys (ConfUtils.java:logGet(43)) - raft.server.log.use.memory = false (default)
2019-10-01 23:43:03,527 [pool-519-thread-1] INFO  server.RaftServerConfigKeys (ConfUtils.java:logGet(43)) - raft.server.log.purge.gap = 1000000 (custom)
2019-10-01 23:43:03,527 [pool-519-thread-1] INFO  server.RaftServerConfigKeys (ConfUtils.java:logGet(43)) - raft.server.log.appender.buffer.byte-limit = 33554432 (custom)
2019-10-01 23:43:03,527 [pool-519-thread-1] INFO  server.RaftServerConfigKeys (ConfUtils.java:logGet(43)) - raft.server.log.segment.size.max = 1048576 (custom)
2019-10-01 23:43:03,527 [pool-519-thread-1] INFO  server.RaftServerConfigKeys (ConfUtils.java:logGet(43)) - raft.server.log.segment.cache.num.max = 2 (custom)
2019-10-01 23:43:03,527 [pool-519-thread-1] INFO  segmented.SegmentedRaftLogWorker (SegmentedRaftLogWorker.java:<init>(172)) - new b8ac6586-d819-4f43-b802-0aef8ff35b46@group-BD49950243F9-SegmentedRaftLogWorker for RaftStorage:Storage Directory /workdir/hadoop-ozone/integration-test/target/test-dir/MiniOzoneClusterImpl-29179c81-74dc-4452-99b0-75c8569a4c78/datanode-2/data/ratis/e4556d34-7aeb-4d29-a7d2-bd49950243f9
2019-10-01 23:43:03,529 [pool-519-thread-1] INFO  server.RaftServerConfigKeys (ConfUtils.java:logGet(43)) - raft.server.log.queue.byte-limit = 2147483647 (custom)
2019-10-01 23:43:03,529 [pool-519-thread-1] INFO  server.RaftServerConfigKeys (ConfUtils.java:logGet(43)) - raft.server.log.queue.element-limit = 1024 (custom)
2019-10-01 23:43:03,529 [pool-519-thread-1] INFO  server.RaftServerConfigKeys (ConfUtils.java:logGet(43)) - raft.server.log.segment.size.max = 1048576 (custom)
2019-10-01 23:43:03,529 [pool-519-thread-1] INFO  server.RaftServerConfigKeys (ConfUtils.java:logGet(43)) - raft.server.log.preallocated.size = 16384 (custom)
2019-10-01 23:43:03,529 [pool-519-thread-1] INFO  server.RaftServerConfigKeys (ConfUtils.java:logGet(43)) - raft.server.log.write.buffer.size = 33554432 (custom)
2019-10-01 23:43:03,529 [pool-519-thread-1] INFO  server.RaftServerConfigKeys (ConfUtils.java:logGet(43)) - raft.server.log.force.sync.num = 128 (default)
2019-10-01 23:43:03,529 [pool-519-thread-1] INFO  server.RaftServerConfigKeys (ConfUtils.java:logGet(43)) - raft.server.log.statemachine.data.sync = true (default)
2019-10-01 23:43:03,530 [pool-519-thread-1] INFO  server.RaftServerConfigKeys (ConfUtils.java:logGet(43)) - raft.server.log.statemachine.data.sync.timeout = 10s (default)
2019-10-01 23:43:03,530 [pool-519-thread-1] INFO  server.RaftServerConfigKeys (ConfUtils.java:logGet(43)) - raft.server.log.statemachine.data.sync.timeout.retry = -1 (default)
2019-10-01 23:43:03,530 [pool-519-thread-1] INFO  server.RaftServerConfigKeys (ConfUtils.java:logGet(43)) - raft.server.log.statemachine.data.caching.enabled = true (custom)
2019-10-01 23:43:03,530 [pool-519-thread-1] INFO  segmented.SegmentedRaftLogWorker (SegmentedRaftLogWorker.java:lambda$new$0(132)) - b8ac6586-d819-4f43-b802-0aef8ff35b46@group-BD49950243F9-SegmentedRaftLogWorker: flushIndex: setUnconditionally 0 -> -1
2019-10-01 23:43:03,530 [pool-519-thread-1] INFO  server.RaftServerConfigKeys (ConfUtils.java:logGet(43)) - raft.server.snapshot.auto.trigger.enabled = true (custom)
2019-10-01 23:43:03,531 [pool-519-thread-1] INFO  server.RaftServerConfigKeys (ConfUtils.java:logGet(43)) - raft.server.snapshot.auto.trigger.threshold = 10000 (custom)
2019-10-01 23:43:03,531 [pool-519-thread-1] INFO  server.RaftServerConfigKeys (ConfUtils.java:logGet(43)) - raft.server.snapshot.retention.num.files = 5 (custom)
2019-10-01 23:43:03,531 [pool-519-thread-1] INFO  server.RaftServerConfigKeys (ConfUtils.java:logGet(43)) - raft.server.retrycache.expirytime = 600000ms (custom)
2019-10-01 23:43:03,532 [pool-519-thread-1] INFO  impl.RaftServerImpl (RaftServerImpl.java:start(185)) - b8ac6586-d819-4f43-b802-0aef8ff35b46@group-BD49950243F9: start as a follower, conf=-1: [b8ac6586-d819-4f43-b802-0aef8ff35b46:192.168.164.203:39340], old=null
2019-10-01 23:43:03,532 [pool-519-thread-1] INFO  impl.RaftServerImpl (RaftServerImpl.java:setRole(174)) - b8ac6586-d819-4f43-b802-0aef8ff35b46@group-BD49950243F9: changes role from      null to FOLLOWER at term 0 for startAsFollower
2019-10-01 23:43:03,532 [pool-519-thread-1] INFO  impl.RoleInfo (RoleInfo.java:updateAndGet(143)) - b8ac6586-d819-4f43-b802-0aef8ff35b46: start FollowerState
2019-10-01 23:43:03,533 [pool-519-thread-1] INFO  util.JmxRegister (JmxRegister.java:tryRegister(44)) - Successfully registered JMX Bean with object name Ratis:service=RaftServer,group=group-BD49950243F9,id=b8ac6586-d819-4f43-b802-0aef8ff35b46
2019-10-01 23:43:03,537 [RatisPipelineUtilsThread] INFO  pipeline.PipelineStateManager (PipelineStateManager.java:addPipeline(56)) - Created pipeline Pipeline[ Id: e4556d34-7aeb-4d29-a7d2-bd49950243f9, Nodes: b8ac6586-d819-4f43-b802-0aef8ff35b46{ip: 192.168.164.203, host: pr-hdds-2158-lzhrq-821698512, networkLocation: /default-rack, certSerialId: null}, Type:RATIS, Factor:ONE, State:OPEN]
2019-10-01 23:43:03,543 [grpc-default-executor-4] INFO  impl.RaftServerProxy (RaftServerProxy.java:addNew(89)) - e784b38e-8a48-4160-bbb7-0e462182dee2: addNew group-84CBF7320397:[e784b38e-8a48-4160-bbb7-0e462182dee2:192.168.164.203:41328] returns group-84CBF7320397:java.util.concurrent.CompletableFuture@13c0541f[Not completed]
2019-10-01 23:43:03,545 [pool-529-thread-1] INFO  impl.RaftServerImpl (RaftServerImpl.java:<init>(95)) - e784b38e-8a48-4160-bbb7-0e462182dee2: new RaftServerImpl for group-84CBF7320397:[e784b38e-8a48-4160-bbb7-0e462182dee2:192.168.164.203:41328] with ContainerStateMachine:uninitialized
2019-10-01 23:43:03,545 [pool-529-thread-1] INFO  server.RaftServerConfigKeys (ConfUtils.java:logGet(43)) - raft.server.rpc.timeout.min = 5s (custom)
2019-10-01 23:43:03,545 [pool-529-thread-1] INFO  server.RaftServerConfigKeys (ConfUtils.java:logGet(43)) - raft.server.rpc.timeout.max = 5200ms (custom)
2019-10-01 23:43:03,545 [pool-529-thread-1] INFO  server.RaftServerConfigKeys (ConfUtils.java:logGet(43)) - raft.server.rpcslowness.timeout = 120s (custom)
2019-10-01 23:43:03,545 [pool-529-thread-1] INFO  server.RaftServerConfigKeys (ConfUtils.java:logGet(43)) - raft.server.sleep.deviation.threshold = 300 (default)
2019-10-01 23:43:03,545 [pool-529-thread-1] INFO  server.RaftServerConfigKeys (ConfUtils.java:logGet(43)) - raft.server.log.appender.install.snapshot.enabled = false (custom)
2019-10-01 23:43:03,546 [pool-529-thread-1] INFO  impl.RaftServerImpl (ServerState.java:<init>(103)) - e784b38e-8a48-4160-bbb7-0e462182dee2@group-84CBF7320397: ConfigurationManager, init=-1: [e784b38e-8a48-4160-bbb7-0e462182dee2:192.168.164.203:41328], old=null, confs=<EMPTY_MAP>
2019-10-01 23:43:03,546 [pool-529-thread-1] INFO  server.RaftServerConfigKeys (ConfUtils.java:logGet(43)) - raft.server.storage.dir = [/workdir/hadoop-ozone/integration-test/target/test-dir/MiniOzoneClusterImpl-29179c81-74dc-4452-99b0-75c8569a4c78/datanode-3/data/ratis] (custom)
2019-10-01 23:43:03,546 [pool-529-thread-1] INFO  storage.RaftStorageDirectory (RaftStorageDirectory.java:analyzeStorage(246)) - The storage directory /workdir/hadoop-ozone/integration-test/target/test-dir/MiniOzoneClusterImpl-29179c81-74dc-4452-99b0-75c8569a4c78/datanode-3/data/ratis/14e3e8f5-87a1-4246-b250-84cbf7320397 does not exist. Creating ...
2019-10-01 23:43:03,559 [pool-529-thread-1] INFO  storage.RaftStorageDirectory (RaftStorageDirectory.java:tryLock(328)) - Lock on /workdir/hadoop-ozone/integration-test/target/test-dir/MiniOzoneClusterImpl-29179c81-74dc-4452-99b0-75c8569a4c78/datanode-3/data/ratis/14e3e8f5-87a1-4246-b250-84cbf7320397/in_use.lock acquired by nodename 5991@pr-hdds-2158-lzhrq-821698512
2019-10-01 23:43:03,573 [pool-529-thread-1] INFO  storage.RaftStorage (RaftStorage.java:format(72)) - Storage directory /workdir/hadoop-ozone/integration-test/target/test-dir/MiniOzoneClusterImpl-29179c81-74dc-4452-99b0-75c8569a4c78/datanode-3/data/ratis/14e3e8f5-87a1-4246-b250-84cbf7320397 has been successfully formatted.
2019-10-01 23:43:03,573 [pool-529-thread-1] INFO  ratis.ContainerStateMachine (ContainerStateMachine.java:loadSnapshot(230)) - group-84CBF7320397: The snapshot info is null. Setting the last applied indexto:(t:0, i:~)
2019-10-01 23:43:03,573 [pool-529-thread-1] INFO  server.RaftServerConfigKeys (ConfUtils.java:logGet(43)) - raft.server.notification.no-leader.timeout = 120s (custom)
2019-10-01 23:43:03,573 [pool-529-thread-1] INFO  server.RaftServerConfigKeys (ConfUtils.java:logGet(43)) - raft.server.log.use.memory = false (default)
2019-10-01 23:43:03,573 [pool-529-thread-1] INFO  server.RaftServerConfigKeys (ConfUtils.java:logGet(43)) - raft.server.log.purge.gap = 1000000 (custom)
2019-10-01 23:43:03,574 [pool-529-thread-1] INFO  server.RaftServerConfigKeys (ConfUtils.java:logGet(43)) - raft.server.log.appender.buffer.byte-limit = 33554432 (custom)
2019-10-01 23:43:03,574 [pool-529-thread-1] INFO  server.RaftServerConfigKeys (ConfUtils.java:logGet(43)) - raft.server.log.segment.size.max = 1048576 (custom)
2019-10-01 23:43:03,574 [pool-529-thread-1] INFO  server.RaftServerConfigKeys (ConfUtils.java:logGet(43)) - raft.server.log.segment.cache.num.max = 2 (custom)
2019-10-01 23:43:03,574 [pool-529-thread-1] INFO  segmented.SegmentedRaftLogWorker (SegmentedRaftLogWorker.java:<init>(172)) - new e784b38e-8a48-4160-bbb7-0e462182dee2@group-84CBF7320397-SegmentedRaftLogWorker for RaftStorage:Storage Directory /workdir/hadoop-ozone/integration-test/target/test-dir/MiniOzoneClusterImpl-29179c81-74dc-4452-99b0-75c8569a4c78/datanode-3/data/ratis/14e3e8f5-87a1-4246-b250-84cbf7320397
2019-10-01 23:43:03,576 [pool-529-thread-1] INFO  server.RaftServerConfigKeys (ConfUtils.java:logGet(43)) - raft.server.log.queue.byte-limit = 2147483647 (custom)
2019-10-01 23:43:03,576 [pool-529-thread-1] INFO  server.RaftServerConfigKeys (ConfUtils.java:logGet(43)) - raft.server.log.queue.element-limit = 1024 (custom)
2019-10-01 23:43:03,576 [pool-529-thread-1] INFO  server.RaftServerConfigKeys (ConfUtils.java:logGet(43)) - raft.server.log.segment.size.max = 1048576 (custom)
2019-10-01 23:43:03,576 [pool-529-thread-1] INFO  server.RaftServerConfigKeys (ConfUtils.java:logGet(43)) - raft.server.log.preallocated.size = 16384 (custom)
2019-10-01 23:43:03,576 [pool-529-thread-1] INFO  server.RaftServerConfigKeys (ConfUtils.java:logGet(43)) - raft.server.log.write.buffer.size = 33554432 (custom)
2019-10-01 23:43:03,576 [pool-529-thread-1] INFO  server.RaftServerConfigKeys (ConfUtils.java:logGet(43)) - raft.server.log.force.sync.num = 128 (default)
2019-10-01 23:43:03,577 [pool-529-thread-1] INFO  server.RaftServerConfigKeys (ConfUtils.java:logGet(43)) - raft.server.log.statemachine.data.sync = true (default)
2019-10-01 23:43:03,577 [pool-529-thread-1] INFO  server.RaftServerConfigKeys (ConfUtils.java:logGet(43)) - raft.server.log.statemachine.data.sync.timeout = 10s (default)
2019-10-01 23:43:03,577 [pool-529-thread-1] INFO  server.RaftServerConfigKeys (ConfUtils.java:logGet(43)) - raft.server.log.statemachine.data.sync.timeout.retry = -1 (default)
2019-10-01 23:43:03,577 [pool-529-thread-1] INFO  server.RaftServerConfigKeys (ConfUtils.java:logGet(43)) - raft.server.log.statemachine.data.caching.enabled = true (custom)
2019-10-01 23:43:03,577 [pool-529-thread-1] INFO  segmented.SegmentedRaftLogWorker (SegmentedRaftLogWorker.java:lambda$new$0(132)) - e784b38e-8a48-4160-bbb7-0e462182dee2@group-84CBF7320397-SegmentedRaftLogWorker: flushIndex: setUnconditionally 0 -> -1
2019-10-01 23:43:03,578 [pool-529-thread-1] INFO  server.RaftServerConfigKeys (ConfUtils.java:logGet(43)) - raft.server.snapshot.auto.trigger.enabled = true (custom)
2019-10-01 23:43:03,578 [pool-529-thread-1] INFO  server.RaftServerConfigKeys (ConfUtils.java:logGet(43)) - raft.server.snapshot.auto.trigger.threshold = 10000 (custom)
2019-10-01 23:43:03,578 [pool-529-thread-1] INFO  server.RaftServerConfigKeys (ConfUtils.java:logGet(43)) - raft.server.snapshot.retention.num.files = 5 (custom)
2019-10-01 23:43:03,578 [pool-529-thread-1] INFO  server.RaftServerConfigKeys (ConfUtils.java:logGet(43)) - raft.server.retrycache.expirytime = 600000ms (custom)
2019-10-01 23:43:03,580 [pool-529-thread-1] INFO  impl.RaftServerImpl (RaftServerImpl.java:start(185)) - e784b38e-8a48-4160-bbb7-0e462182dee2@group-84CBF7320397: start as a follower, conf=-1: [e784b38e-8a48-4160-bbb7-0e462182dee2:192.168.164.203:41328], old=null
2019-10-01 23:43:03,580 [pool-529-thread-1] INFO  impl.RaftServerImpl (RaftServerImpl.java:setRole(174)) - e784b38e-8a48-4160-bbb7-0e462182dee2@group-84CBF7320397: changes role from      null to FOLLOWER at term 0 for startAsFollower
2019-10-01 23:43:03,580 [pool-529-thread-1] INFO  impl.RoleInfo (RoleInfo.java:updateAndGet(143)) - e784b38e-8a48-4160-bbb7-0e462182dee2: start FollowerState
2019-10-01 23:43:03,580 [pool-529-thread-1] INFO  util.JmxRegister (JmxRegister.java:tryRegister(44)) - Successfully registered JMX Bean with object name Ratis:service=RaftServer,group=group-84CBF7320397,id=e784b38e-8a48-4160-bbb7-0e462182dee2
2019-10-01 23:43:03,584 [RatisPipelineUtilsThread] INFO  pipeline.PipelineStateManager (PipelineStateManager.java:addPipeline(56)) - Created pipeline Pipeline[ Id: 14e3e8f5-87a1-4246-b250-84cbf7320397, Nodes: e784b38e-8a48-4160-bbb7-0e462182dee2{ip: 192.168.164.203, host: pr-hdds-2158-lzhrq-821698512, networkLocation: /default-rack, certSerialId: null}, Type:RATIS, Factor:ONE, State:OPEN]
2019-10-01 23:43:03,585 [IPC Server handler 2 on 41867] INFO  net.NetworkTopology (NetworkTopologyImpl.java:add(111)) - Added a new node: /default-rack/fa52477f-780a-4557-b700-0a1c4479f4d6
2019-10-01 23:43:03,585 [IPC Server handler 2 on 41867] INFO  node.SCMNodeManager (SCMNodeManager.java:register(266)) - Registered Data node : fa52477f-780a-4557-b700-0a1c4479f4d6{ip: 192.168.164.203, host: pr-hdds-2158-lzhrq-821698512, networkLocation: /default-rack, certSerialId: null}
2019-10-01 23:43:03,607 [grpc-default-executor-3] INFO  impl.RaftServerProxy (RaftServerProxy.java:addNew(89)) - 2c4f99a5-4d5c-4499-9504-878b029d86db: addNew group-3F930789C911:[b8ac6586-d819-4f43-b802-0aef8ff35b46:192.168.164.203:39340, 2c4f99a5-4d5c-4499-9504-878b029d86db:192.168.164.203:41025, e784b38e-8a48-4160-bbb7-0e462182dee2:192.168.164.203:41328] returns group-3F930789C911:java.util.concurrent.CompletableFuture@53873e39[Not completed]
2019-10-01 23:43:03,607 [grpc-default-executor-3] INFO  impl.RaftServerProxy (RaftServerProxy.java:addNew(89)) - e784b38e-8a48-4160-bbb7-0e462182dee2: addNew group-3F930789C911:[b8ac6586-d819-4f43-b802-0aef8ff35b46:192.168.164.203:39340, 2c4f99a5-4d5c-4499-9504-878b029d86db:192.168.164.203:41025, e784b38e-8a48-4160-bbb7-0e462182dee2:192.168.164.203:41328] returns group-3F930789C911:java.util.concurrent.CompletableFuture@77d97f34[Not completed]
2019-10-01 23:43:03,607 [grpc-default-executor-4] INFO  impl.RaftServerProxy (RaftServerProxy.java:addNew(89)) - b8ac6586-d819-4f43-b802-0aef8ff35b46: addNew group-3F930789C911:[b8ac6586-d819-4f43-b802-0aef8ff35b46:192.168.164.203:39340, 2c4f99a5-4d5c-4499-9504-878b029d86db:192.168.164.203:41025, e784b38e-8a48-4160-bbb7-0e462182dee2:192.168.164.203:41328] returns group-3F930789C911:java.util.concurrent.CompletableFuture@62048d71[Not completed]
2019-10-01 23:43:03,608 [pool-509-thread-1] INFO  impl.RaftServerImpl (RaftServerImpl.java:<init>(95)) - 2c4f99a5-4d5c-4499-9504-878b029d86db: new RaftServerImpl for group-3F930789C911:[b8ac6586-d819-4f43-b802-0aef8ff35b46:192.168.164.203:39340, 2c4f99a5-4d5c-4499-9504-878b029d86db:192.168.164.203:41025, e784b38e-8a48-4160-bbb7-0e462182dee2:192.168.164.203:41328] with ContainerStateMachine:uninitialized
2019-10-01 23:43:03,608 [pool-509-thread-1] INFO  server.RaftServerConfigKeys (ConfUtils.java:logGet(43)) - raft.server.rpc.timeout.min = 5s (custom)
2019-10-01 23:43:03,608 [pool-509-thread-1] INFO  server.RaftServerConfigKeys (ConfUtils.java:logGet(43)) - raft.server.rpc.timeout.max = 5200ms (custom)
2019-10-01 23:43:03,608 [pool-509-thread-1] INFO  server.RaftServerConfigKeys (ConfUtils.java:logGet(43)) - raft.server.rpcslowness.timeout = 120s (custom)
2019-10-01 23:43:03,609 [pool-509-thread-1] INFO  server.RaftServerConfigKeys (ConfUtils.java:logGet(43)) - raft.server.sleep.deviation.threshold = 300 (default)
2019-10-01 23:43:03,609 [pool-509-thread-1] INFO  server.RaftServerConfigKeys (ConfUtils.java:logGet(43)) - raft.server.log.appender.install.snapshot.enabled = false (custom)
2019-10-01 23:43:03,609 [pool-529-thread-1] INFO  impl.RaftServerImpl (RaftServerImpl.java:<init>(95)) - e784b38e-8a48-4160-bbb7-0e462182dee2: new RaftServerImpl for group-3F930789C911:[b8ac6586-d819-4f43-b802-0aef8ff35b46:192.168.164.203:39340, 2c4f99a5-4d5c-4499-9504-878b029d86db:192.168.164.203:41025, e784b38e-8a48-4160-bbb7-0e462182dee2:192.168.164.203:41328] with ContainerStateMachine:uninitialized
2019-10-01 23:43:03,609 [pool-509-thread-1] INFO  impl.RaftServerImpl (ServerState.java:<init>(103)) - 2c4f99a5-4d5c-4499-9504-878b029d86db@group-3F930789C911: ConfigurationManager, init=-1: [b8ac6586-d819-4f43-b802-0aef8ff35b46:192.168.164.203:39340, 2c4f99a5-4d5c-4499-9504-878b029d86db:192.168.164.203:41025, e784b38e-8a48-4160-bbb7-0e462182dee2:192.168.164.203:41328], old=null, confs=<EMPTY_MAP>
2019-10-01 23:43:03,609 [pool-529-thread-1] INFO  server.RaftServerConfigKeys (ConfUtils.java:logGet(43)) - raft.server.rpc.timeout.min = 5s (custom)
2019-10-01 23:43:03,609 [pool-509-thread-1] INFO  server.RaftServerConfigKeys (ConfUtils.java:logGet(43)) - raft.server.storage.dir = [/workdir/hadoop-ozone/integration-test/target/test-dir/MiniOzoneClusterImpl-29179c81-74dc-4452-99b0-75c8569a4c78/datanode-1/data/ratis] (custom)
2019-10-01 23:43:03,609 [pool-529-thread-1] INFO  server.RaftServerConfigKeys (ConfUtils.java:logGet(43)) - raft.server.rpc.timeout.max = 5200ms (custom)
2019-10-01 23:43:03,609 [pool-519-thread-1] INFO  impl.RaftServerImpl (RaftServerImpl.java:<init>(95)) - b8ac6586-d819-4f43-b802-0aef8ff35b46: new RaftServerImpl for group-3F930789C911:[b8ac6586-d819-4f43-b802-0aef8ff35b46:192.168.164.203:39340, 2c4f99a5-4d5c-4499-9504-878b029d86db:192.168.164.203:41025, e784b38e-8a48-4160-bbb7-0e462182dee2:192.168.164.203:41328] with ContainerStateMachine:uninitialized
2019-10-01 23:43:03,610 [pool-509-thread-1] INFO  storage.RaftStorageDirectory (RaftStorageDirectory.java:analyzeStorage(246)) - The storage directory /workdir/hadoop-ozone/integration-test/target/test-dir/MiniOzoneClusterImpl-29179c81-74dc-4452-99b0-75c8569a4c78/datanode-1/data/ratis/dc2975a8-bfb6-4f0f-846c-3f930789c911 does not exist. Creating ...
2019-10-01 23:43:03,609 [pool-529-thread-1] INFO  server.RaftServerConfigKeys (ConfUtils.java:logGet(43)) - raft.server.rpcslowness.timeout = 120s (custom)
2019-10-01 23:43:03,610 [pool-519-thread-1] INFO  server.RaftServerConfigKeys (ConfUtils.java:logGet(43)) - raft.server.rpc.timeout.min = 5s (custom)
2019-10-01 23:43:03,610 [pool-529-thread-1] INFO  server.RaftServerConfigKeys (ConfUtils.java:logGet(43)) - raft.server.sleep.deviation.threshold = 300 (default)
2019-10-01 23:43:03,610 [pool-519-thread-1] INFO  server.RaftServerConfigKeys (ConfUtils.java:logGet(43)) - raft.server.rpc.timeout.max = 5200ms (custom)
2019-10-01 23:43:03,610 [pool-529-thread-1] INFO  server.RaftServerConfigKeys (ConfUtils.java:logGet(43)) - raft.server.log.appender.install.snapshot.enabled = false (custom)
2019-10-01 23:43:03,610 [pool-519-thread-1] INFO  server.RaftServerConfigKeys (ConfUtils.java:logGet(43)) - raft.server.rpcslowness.timeout = 120s (custom)
2019-10-01 23:43:03,610 [pool-529-thread-1] INFO  impl.RaftServerImpl (ServerState.java:<init>(103)) - e784b38e-8a48-4160-bbb7-0e462182dee2@group-3F930789C911: ConfigurationManager, init=-1: [b8ac6586-d819-4f43-b802-0aef8ff35b46:192.168.164.203:39340, 2c4f99a5-4d5c-4499-9504-878b029d86db:192.168.164.203:41025, e784b38e-8a48-4160-bbb7-0e462182dee2:192.168.164.203:41328], old=null, confs=<EMPTY_MAP>
2019-10-01 23:43:03,610 [pool-519-thread-1] INFO  server.RaftServerConfigKeys (ConfUtils.java:logGet(43)) - raft.server.sleep.deviation.threshold = 300 (default)
2019-10-01 23:43:03,611 [pool-529-thread-1] INFO  server.RaftServerConfigKeys (ConfUtils.java:logGet(43)) - raft.server.storage.dir = [/workdir/hadoop-ozone/integration-test/target/test-dir/MiniOzoneClusterImpl-29179c81-74dc-4452-99b0-75c8569a4c78/datanode-3/data/ratis] (custom)
2019-10-01 23:43:03,611 [pool-519-thread-1] INFO  server.RaftServerConfigKeys (ConfUtils.java:logGet(43)) - raft.server.log.appender.install.snapshot.enabled = false (custom)
2019-10-01 23:43:03,611 [pool-519-thread-1] INFO  impl.RaftServerImpl (ServerState.java:<init>(103)) - b8ac6586-d819-4f43-b802-0aef8ff35b46@group-3F930789C911: ConfigurationManager, init=-1: [b8ac6586-d819-4f43-b802-0aef8ff35b46:192.168.164.203:39340, 2c4f99a5-4d5c-4499-9504-878b029d86db:192.168.164.203:41025, e784b38e-8a48-4160-bbb7-0e462182dee2:192.168.164.203:41328], old=null, confs=<EMPTY_MAP>
2019-10-01 23:43:03,611 [pool-529-thread-1] INFO  storage.RaftStorageDirectory (RaftStorageDirectory.java:analyzeStorage(246)) - The storage directory /workdir/hadoop-ozone/integration-test/target/test-dir/MiniOzoneClusterImpl-29179c81-74dc-4452-99b0-75c8569a4c78/datanode-3/data/ratis/dc2975a8-bfb6-4f0f-846c-3f930789c911 does not exist. Creating ...
2019-10-01 23:43:03,611 [pool-519-thread-1] INFO  server.RaftServerConfigKeys (ConfUtils.java:logGet(43)) - raft.server.storage.dir = [/workdir/hadoop-ozone/integration-test/target/test-dir/MiniOzoneClusterImpl-29179c81-74dc-4452-99b0-75c8569a4c78/datanode-2/data/ratis] (custom)
2019-10-01 23:43:03,611 [pool-519-thread-1] INFO  storage.RaftStorageDirectory (RaftStorageDirectory.java:analyzeStorage(246)) - The storage directory /workdir/hadoop-ozone/integration-test/target/test-dir/MiniOzoneClusterImpl-29179c81-74dc-4452-99b0-75c8569a4c78/datanode-2/data/ratis/dc2975a8-bfb6-4f0f-846c-3f930789c911 does not exist. Creating ...
2019-10-01 23:43:03,623 [pool-509-thread-1] INFO  storage.RaftStorageDirectory (RaftStorageDirectory.java:tryLock(328)) - Lock on /workdir/hadoop-ozone/integration-test/target/test-dir/MiniOzoneClusterImpl-29179c81-74dc-4452-99b0-75c8569a4c78/datanode-1/data/ratis/dc2975a8-bfb6-4f0f-846c-3f930789c911/in_use.lock acquired by nodename 5991@pr-hdds-2158-lzhrq-821698512
2019-10-01 23:43:03,623 [pool-519-thread-1] INFO  storage.RaftStorageDirectory (RaftStorageDirectory.java:tryLock(328)) - Lock on /workdir/hadoop-ozone/integration-test/target/test-dir/MiniOzoneClusterImpl-29179c81-74dc-4452-99b0-75c8569a4c78/datanode-2/data/ratis/dc2975a8-bfb6-4f0f-846c-3f930789c911/in_use.lock acquired by nodename 5991@pr-hdds-2158-lzhrq-821698512
2019-10-01 23:43:03,623 [pool-529-thread-1] INFO  storage.RaftStorageDirectory (RaftStorageDirectory.java:tryLock(328)) - Lock on /workdir/hadoop-ozone/integration-test/target/test-dir/MiniOzoneClusterImpl-29179c81-74dc-4452-99b0-75c8569a4c78/datanode-3/data/ratis/dc2975a8-bfb6-4f0f-846c-3f930789c911/in_use.lock acquired by nodename 5991@pr-hdds-2158-lzhrq-821698512
2019-10-01 23:43:03,644 [pool-529-thread-1] INFO  storage.RaftStorage (RaftStorage.java:format(72)) - Storage directory /workdir/hadoop-ozone/integration-test/target/test-dir/MiniOzoneClusterImpl-29179c81-74dc-4452-99b0-75c8569a4c78/datanode-3/data/ratis/dc2975a8-bfb6-4f0f-846c-3f930789c911 has been successfully formatted.
2019-10-01 23:43:03,644 [pool-519-thread-1] INFO  storage.RaftStorage (RaftStorage.java:format(72)) - Storage directory /workdir/hadoop-ozone/integration-test/target/test-dir/MiniOzoneClusterImpl-29179c81-74dc-4452-99b0-75c8569a4c78/datanode-2/data/ratis/dc2975a8-bfb6-4f0f-846c-3f930789c911 has been successfully formatted.
2019-10-01 23:43:03,644 [pool-509-thread-1] INFO  storage.RaftStorage (RaftStorage.java:format(72)) - Storage directory /workdir/hadoop-ozone/integration-test/target/test-dir/MiniOzoneClusterImpl-29179c81-74dc-4452-99b0-75c8569a4c78/datanode-1/data/ratis/dc2975a8-bfb6-4f0f-846c-3f930789c911 has been successfully formatted.
2019-10-01 23:43:03,644 [pool-519-thread-1] INFO  ratis.ContainerStateMachine (ContainerStateMachine.java:loadSnapshot(230)) - group-3F930789C911: The snapshot info is null. Setting the last applied indexto:(t:0, i:~)
2019-10-01 23:43:03,644 [pool-529-thread-1] INFO  ratis.ContainerStateMachine (ContainerStateMachine.java:loadSnapshot(230)) - group-3F930789C911: The snapshot info is null. Setting the last applied indexto:(t:0, i:~)
2019-10-01 23:43:03,644 [pool-509-thread-1] INFO  ratis.ContainerStateMachine (ContainerStateMachine.java:loadSnapshot(230)) - group-3F930789C911: The snapshot info is null. Setting the last applied indexto:(t:0, i:~)
2019-10-01 23:43:03,644 [pool-519-thread-1] INFO  server.RaftServerConfigKeys (ConfUtils.java:logGet(43)) - raft.server.notification.no-leader.timeout = 120s (custom)
2019-10-01 23:43:03,644 [pool-509-thread-1] INFO  server.RaftServerConfigKeys (ConfUtils.java:logGet(43)) - raft.server.notification.no-leader.timeout = 120s (custom)
2019-10-01 23:43:03,644 [pool-529-thread-1] INFO  server.RaftServerConfigKeys (ConfUtils.java:logGet(43)) - raft.server.notification.no-leader.timeout = 120s (custom)
2019-10-01 23:43:03,645 [pool-509-thread-1] INFO  server.RaftServerConfigKeys (ConfUtils.java:logGet(43)) - raft.server.log.use.memory = false (default)
2019-10-01 23:43:03,644 [pool-519-thread-1] INFO  server.RaftServerConfigKeys (ConfUtils.java:logGet(43)) - raft.server.log.use.memory = false (default)
2019-10-01 23:43:03,645 [pool-509-thread-1] INFO  server.RaftServerConfigKeys (ConfUtils.java:logGet(43)) - raft.server.log.purge.gap = 1000000 (custom)
2019-10-01 23:43:03,645 [pool-529-thread-1] INFO  server.RaftServerConfigKeys (ConfUtils.java:logGet(43)) - raft.server.log.use.memory = false (default)
2019-10-01 23:43:03,645 [pool-509-thread-1] INFO  server.RaftServerConfigKeys (ConfUtils.java:logGet(43)) - raft.server.log.appender.buffer.byte-limit = 33554432 (custom)
2019-10-01 23:43:03,645 [pool-519-thread-1] INFO  server.RaftServerConfigKeys (ConfUtils.java:logGet(43)) - raft.server.log.purge.gap = 1000000 (custom)
2019-10-01 23:43:03,645 [pool-509-thread-1] INFO  server.RaftServerConfigKeys (ConfUtils.java:logGet(43)) - raft.server.log.segment.size.max = 1048576 (custom)
2019-10-01 23:43:03,645 [pool-529-thread-1] INFO  server.RaftServerConfigKeys (ConfUtils.java:logGet(43)) - raft.server.log.purge.gap = 1000000 (custom)
2019-10-01 23:43:03,646 [pool-509-thread-1] INFO  server.RaftServerConfigKeys (ConfUtils.java:logGet(43)) - raft.server.log.segment.cache.num.max = 2 (custom)
2019-10-01 23:43:03,646 [pool-519-thread-1] INFO  server.RaftServerConfigKeys (ConfUtils.java:logGet(43)) - raft.server.log.appender.buffer.byte-limit = 33554432 (custom)
2019-10-01 23:43:03,646 [pool-509-thread-1] INFO  segmented.SegmentedRaftLogWorker (SegmentedRaftLogWorker.java:<init>(172)) - new 2c4f99a5-4d5c-4499-9504-878b029d86db@group-3F930789C911-SegmentedRaftLogWorker for RaftStorage:Storage Directory /workdir/hadoop-ozone/integration-test/target/test-dir/MiniOzoneClusterImpl-29179c81-74dc-4452-99b0-75c8569a4c78/datanode-1/data/ratis/dc2975a8-bfb6-4f0f-846c-3f930789c911
2019-10-01 23:43:03,646 [pool-529-thread-1] INFO  server.RaftServerConfigKeys (ConfUtils.java:logGet(43)) - raft.server.log.appender.buffer.byte-limit = 33554432 (custom)
2019-10-01 23:43:03,646 [pool-509-thread-1] INFO  server.RaftServerConfigKeys (ConfUtils.java:logGet(43)) - raft.server.log.queue.byte-limit = 2147483647 (custom)
2019-10-01 23:43:03,646 [pool-519-thread-1] INFO  server.RaftServerConfigKeys (ConfUtils.java:logGet(43)) - raft.server.log.segment.size.max = 1048576 (custom)
2019-10-01 23:43:03,647 [pool-509-thread-1] INFO  server.RaftServerConfigKeys (ConfUtils.java:logGet(43)) - raft.server.log.queue.element-limit = 1024 (custom)
2019-10-01 23:43:03,647 [pool-529-thread-1] INFO  server.RaftServerConfigKeys (ConfUtils.java:logGet(43)) - raft.server.log.segment.size.max = 1048576 (custom)
2019-10-01 23:43:03,647 [pool-509-thread-1] INFO  server.RaftServerConfigKeys (ConfUtils.java:logGet(43)) - raft.server.log.segment.size.max = 1048576 (custom)
2019-10-01 23:43:03,647 [pool-519-thread-1] INFO  server.RaftServerConfigKeys (ConfUtils.java:logGet(43)) - raft.server.log.segment.cache.num.max = 2 (custom)
2019-10-01 23:43:03,647 [pool-509-thread-1] INFO  server.RaftServerConfigKeys (ConfUtils.java:logGet(43)) - raft.server.log.preallocated.size = 16384 (custom)
2019-10-01 23:43:03,647 [pool-529-thread-1] INFO  server.RaftServerConfigKeys (ConfUtils.java:logGet(43)) - raft.server.log.segment.cache.num.max = 2 (custom)
2019-10-01 23:43:03,648 [pool-509-thread-1] INFO  server.RaftServerConfigKeys (ConfUtils.java:logGet(43)) - raft.server.log.write.buffer.size = 33554432 (custom)
2019-10-01 23:43:03,647 [pool-519-thread-1] INFO  segmented.SegmentedRaftLogWorker (SegmentedRaftLogWorker.java:<init>(172)) - new b8ac6586-d819-4f43-b802-0aef8ff35b46@group-3F930789C911-SegmentedRaftLogWorker for RaftStorage:Storage Directory /workdir/hadoop-ozone/integration-test/target/test-dir/MiniOzoneClusterImpl-29179c81-74dc-4452-99b0-75c8569a4c78/datanode-2/data/ratis/dc2975a8-bfb6-4f0f-846c-3f930789c911
2019-10-01 23:43:03,648 [pool-509-thread-1] INFO  server.RaftServerConfigKeys (ConfUtils.java:logGet(43)) - raft.server.log.force.sync.num = 128 (default)
2019-10-01 23:43:03,648 [pool-529-thread-1] INFO  segmented.SegmentedRaftLogWorker (SegmentedRaftLogWorker.java:<init>(172)) - new e784b38e-8a48-4160-bbb7-0e462182dee2@group-3F930789C911-SegmentedRaftLogWorker for RaftStorage:Storage Directory /workdir/hadoop-ozone/integration-test/target/test-dir/MiniOzoneClusterImpl-29179c81-74dc-4452-99b0-75c8569a4c78/datanode-3/data/ratis/dc2975a8-bfb6-4f0f-846c-3f930789c911
2019-10-01 23:43:03,648 [pool-509-thread-1] INFO  server.RaftServerConfigKeys (ConfUtils.java:logGet(43)) - raft.server.log.statemachine.data.sync = true (default)
2019-10-01 23:43:03,648 [pool-519-thread-1] INFO  server.RaftServerConfigKeys (ConfUtils.java:logGet(43)) - raft.server.log.queue.byte-limit = 2147483647 (custom)
2019-10-01 23:43:03,648 [pool-509-thread-1] INFO  server.RaftServerConfigKeys (ConfUtils.java:logGet(43)) - raft.server.log.statemachine.data.sync.timeout = 10s (default)
2019-10-01 23:43:03,648 [pool-529-thread-1] INFO  server.RaftServerConfigKeys (ConfUtils.java:logGet(43)) - raft.server.log.queue.byte-limit = 2147483647 (custom)
2019-10-01 23:43:03,649 [pool-509-thread-1] INFO  server.RaftServerConfigKeys (ConfUtils.java:logGet(43)) - raft.server.log.statemachine.data.sync.timeout.retry = -1 (default)
2019-10-01 23:43:03,649 [pool-519-thread-1] INFO  server.RaftServerConfigKeys (ConfUtils.java:logGet(43)) - raft.server.log.queue.element-limit = 1024 (custom)
2019-10-01 23:43:03,649 [pool-509-thread-1] INFO  server.RaftServerConfigKeys (ConfUtils.java:logGet(43)) - raft.server.log.statemachine.data.caching.enabled = true (custom)
2019-10-01 23:43:03,649 [pool-529-thread-1] INFO  server.RaftServerConfigKeys (ConfUtils.java:logGet(43)) - raft.server.log.queue.element-limit = 1024 (custom)
2019-10-01 23:43:03,649 [pool-519-thread-1] INFO  server.RaftServerConfigKeys (ConfUtils.java:logGet(43)) - raft.server.log.segment.size.max = 1048576 (custom)
2019-10-01 23:43:03,650 [pool-509-thread-1] INFO  segmented.SegmentedRaftLogWorker (SegmentedRaftLogWorker.java:lambda$new$0(132)) - 2c4f99a5-4d5c-4499-9504-878b029d86db@group-3F930789C911-SegmentedRaftLogWorker: flushIndex: setUnconditionally 0 -> -1
2019-10-01 23:43:03,650 [pool-529-thread-1] INFO  server.RaftServerConfigKeys (ConfUtils.java:logGet(43)) - raft.server.log.segment.size.max = 1048576 (custom)
2019-10-01 23:43:03,650 [pool-519-thread-1] INFO  server.RaftServerConfigKeys (ConfUtils.java:logGet(43)) - raft.server.log.preallocated.size = 16384 (custom)
2019-10-01 23:43:03,650 [pool-509-thread-1] INFO  server.RaftServerConfigKeys (ConfUtils.java:logGet(43)) - raft.server.snapshot.auto.trigger.enabled = true (custom)
2019-10-01 23:43:03,650 [pool-529-thread-1] INFO  server.RaftServerConfigKeys (ConfUtils.java:logGet(43)) - raft.server.log.preallocated.size = 16384 (custom)
2019-10-01 23:43:03,651 [pool-509-thread-1] INFO  server.RaftServerConfigKeys (ConfUtils.java:logGet(43)) - raft.server.snapshot.auto.trigger.threshold = 10000 (custom)
2019-10-01 23:43:03,650 [pool-519-thread-1] INFO  server.RaftServerConfigKeys (ConfUtils.java:logGet(43)) - raft.server.log.write.buffer.size = 33554432 (custom)
2019-10-01 23:43:03,651 [pool-509-thread-1] INFO  server.RaftServerConfigKeys (ConfUtils.java:logGet(43)) - raft.server.snapshot.retention.num.files = 5 (custom)
2019-10-01 23:43:03,651 [pool-529-thread-1] INFO  server.RaftServerConfigKeys (ConfUtils.java:logGet(43)) - raft.server.log.write.buffer.size = 33554432 (custom)
2019-10-01 23:43:03,651 [pool-509-thread-1] INFO  server.RaftServerConfigKeys (ConfUtils.java:logGet(43)) - raft.server.retrycache.expirytime = 600000ms (custom)
2019-10-01 23:43:03,651 [pool-519-thread-1] INFO  server.RaftServerConfigKeys (ConfUtils.java:logGet(43)) - raft.server.log.force.sync.num = 128 (default)
2019-10-01 23:43:03,651 [pool-529-thread-1] INFO  server.RaftServerConfigKeys (ConfUtils.java:logGet(43)) - raft.server.log.force.sync.num = 128 (default)
2019-10-01 23:43:03,652 [pool-519-thread-1] INFO  server.RaftServerConfigKeys (ConfUtils.java:logGet(43)) - raft.server.log.statemachine.data.sync = true (default)
2019-10-01 23:43:03,652 [pool-529-thread-1] INFO  server.RaftServerConfigKeys (ConfUtils.java:logGet(43)) - raft.server.log.statemachine.data.sync = true (default)
2019-10-01 23:43:03,652 [pool-519-thread-1] INFO  server.RaftServerConfigKeys (ConfUtils.java:logGet(43)) - raft.server.log.statemachine.data.sync.timeout = 10s (default)
2019-10-01 23:43:03,652 [pool-529-thread-1] INFO  server.RaftServerConfigKeys (ConfUtils.java:logGet(43)) - raft.server.log.statemachine.data.sync.timeout = 10s (default)
2019-10-01 23:43:03,652 [pool-519-thread-1] INFO  server.RaftServerConfigKeys (ConfUtils.java:logGet(43)) - raft.server.log.statemachine.data.sync.timeout.retry = -1 (default)
2019-10-01 23:43:03,652 [pool-529-thread-1] INFO  server.RaftServerConfigKeys (ConfUtils.java:logGet(43)) - raft.server.log.statemachine.data.sync.timeout.retry = -1 (default)
2019-10-01 23:43:03,652 [pool-519-thread-1] INFO  server.RaftServerConfigKeys (ConfUtils.java:logGet(43)) - raft.server.log.statemachine.data.caching.enabled = true (custom)
2019-10-01 23:43:03,652 [pool-529-thread-1] INFO  server.RaftServerConfigKeys (ConfUtils.java:logGet(43)) - raft.server.log.statemachine.data.caching.enabled = true (custom)
2019-10-01 23:43:03,653 [pool-519-thread-1] INFO  segmented.SegmentedRaftLogWorker (SegmentedRaftLogWorker.java:lambda$new$0(132)) - b8ac6586-d819-4f43-b802-0aef8ff35b46@group-3F930789C911-SegmentedRaftLogWorker: flushIndex: setUnconditionally 0 -> -1
2019-10-01 23:43:03,653 [pool-529-thread-1] INFO  segmented.SegmentedRaftLogWorker (SegmentedRaftLogWorker.java:lambda$new$0(132)) - e784b38e-8a48-4160-bbb7-0e462182dee2@group-3F930789C911-SegmentedRaftLogWorker: flushIndex: setUnconditionally 0 -> -1
2019-10-01 23:43:03,653 [pool-519-thread-1] INFO  server.RaftServerConfigKeys (ConfUtils.java:logGet(43)) - raft.server.snapshot.auto.trigger.enabled = true (custom)
2019-10-01 23:43:03,653 [pool-529-thread-1] INFO  server.RaftServerConfigKeys (ConfUtils.java:logGet(43)) - raft.server.snapshot.auto.trigger.enabled = true (custom)
2019-10-01 23:43:03,653 [pool-519-thread-1] INFO  server.RaftServerConfigKeys (ConfUtils.java:logGet(43)) - raft.server.snapshot.auto.trigger.threshold = 10000 (custom)
2019-10-01 23:43:03,653 [pool-529-thread-1] INFO  server.RaftServerConfigKeys (ConfUtils.java:logGet(43)) - raft.server.snapshot.auto.trigger.threshold = 10000 (custom)
2019-10-01 23:43:03,653 [pool-519-thread-1] INFO  server.RaftServerConfigKeys (ConfUtils.java:logGet(43)) - raft.server.snapshot.retention.num.files = 5 (custom)
2019-10-01 23:43:03,653 [pool-529-thread-1] INFO  server.RaftServerConfigKeys (ConfUtils.java:logGet(43)) - raft.server.snapshot.retention.num.files = 5 (custom)
2019-10-01 23:43:03,654 [pool-519-thread-1] INFO  server.RaftServerConfigKeys (ConfUtils.java:logGet(43)) - raft.server.retrycache.expirytime = 600000ms (custom)
2019-10-01 23:43:03,654 [pool-509-thread-1] INFO  impl.RaftServerImpl (RaftServerImpl.java:start(185)) - 2c4f99a5-4d5c-4499-9504-878b029d86db@group-3F930789C911: start as a follower, conf=-1: [b8ac6586-d819-4f43-b802-0aef8ff35b46:192.168.164.203:39340, 2c4f99a5-4d5c-4499-9504-878b029d86db:192.168.164.203:41025, e784b38e-8a48-4160-bbb7-0e462182dee2:192.168.164.203:41328], old=null
2019-10-01 23:43:03,654 [pool-529-thread-1] INFO  server.RaftServerConfigKeys (ConfUtils.java:logGet(43)) - raft.server.retrycache.expirytime = 600000ms (custom)
2019-10-01 23:43:03,654 [pool-509-thread-1] INFO  impl.RaftServerImpl (RaftServerImpl.java:setRole(174)) - 2c4f99a5-4d5c-4499-9504-878b029d86db@group-3F930789C911: changes role from      null to FOLLOWER at term 0 for startAsFollower
2019-10-01 23:43:03,654 [IPC Server handler 6 on 41867] INFO  net.NetworkTopology (NetworkTopologyImpl.java:add(111)) - Added a new node: /default-rack/07898822-8c63-49fb-90d4-e9d8d938329e
2019-10-01 23:43:03,654 [pool-509-thread-1] INFO  impl.RoleInfo (RoleInfo.java:updateAndGet(143)) - 2c4f99a5-4d5c-4499-9504-878b029d86db: start FollowerState
2019-10-01 23:43:03,654 [IPC Server handler 6 on 41867] INFO  node.SCMNodeManager (SCMNodeManager.java:register(266)) - Registered Data node : 07898822-8c63-49fb-90d4-e9d8d938329e{ip: 192.168.164.203, host: pr-hdds-2158-lzhrq-821698512, networkLocation: /default-rack, certSerialId: null}
2019-10-01 23:43:03,655 [pool-509-thread-1] INFO  util.JmxRegister (JmxRegister.java:tryRegister(44)) - Successfully registered JMX Bean with object name Ratis:service=RaftServer,group=group-3F930789C911,id=2c4f99a5-4d5c-4499-9504-878b029d86db
2019-10-01 23:43:03,659 [pool-519-thread-1] INFO  impl.RaftServerImpl (RaftServerImpl.java:start(185)) - b8ac6586-d819-4f43-b802-0aef8ff35b46@group-3F930789C911: start as a follower, conf=-1: [b8ac6586-d819-4f43-b802-0aef8ff35b46:192.168.164.203:39340, 2c4f99a5-4d5c-4499-9504-878b029d86db:192.168.164.203:41025, e784b38e-8a48-4160-bbb7-0e462182dee2:192.168.164.203:41328], old=null
2019-10-01 23:43:03,659 [pool-529-thread-1] INFO  impl.RaftServerImpl (RaftServerImpl.java:start(185)) - e784b38e-8a48-4160-bbb7-0e462182dee2@group-3F930789C911: start as a follower, conf=-1: [b8ac6586-d819-4f43-b802-0aef8ff35b46:192.168.164.203:39340, 2c4f99a5-4d5c-4499-9504-878b029d86db:192.168.164.203:41025, e784b38e-8a48-4160-bbb7-0e462182dee2:192.168.164.203:41328], old=null
2019-10-01 23:43:03,659 [pool-519-thread-1] INFO  impl.RaftServerImpl (RaftServerImpl.java:setRole(174)) - b8ac6586-d819-4f43-b802-0aef8ff35b46@group-3F930789C911: changes role from      null to FOLLOWER at term 0 for startAsFollower
2019-10-01 23:43:03,659 [pool-529-thread-1] INFO  impl.RaftServerImpl (RaftServerImpl.java:setRole(174)) - e784b38e-8a48-4160-bbb7-0e462182dee2@group-3F930789C911: changes role from      null to FOLLOWER at term 0 for startAsFollower
2019-10-01 23:43:03,659 [pool-519-thread-1] INFO  impl.RoleInfo (RoleInfo.java:updateAndGet(143)) - b8ac6586-d819-4f43-b802-0aef8ff35b46: start FollowerState
2019-10-01 23:43:03,659 [pool-529-thread-1] INFO  impl.RoleInfo (RoleInfo.java:updateAndGet(143)) - e784b38e-8a48-4160-bbb7-0e462182dee2: start FollowerState
2019-10-01 23:43:03,660 [pool-519-thread-1] INFO  util.JmxRegister (JmxRegister.java:tryRegister(44)) - Successfully registered JMX Bean with object name Ratis:service=RaftServer,group=group-3F930789C911,id=b8ac6586-d819-4f43-b802-0aef8ff35b46
2019-10-01 23:43:03,660 [pool-529-thread-1] INFO  util.JmxRegister (JmxRegister.java:tryRegister(44)) - Successfully registered JMX Bean with object name Ratis:service=RaftServer,group=group-3F930789C911,id=e784b38e-8a48-4160-bbb7-0e462182dee2
2019-10-01 23:43:03,665 [RatisPipelineUtilsThread] INFO  pipeline.PipelineStateManager (PipelineStateManager.java:addPipeline(56)) - Created pipeline Pipeline[ Id: dc2975a8-bfb6-4f0f-846c-3f930789c911, Nodes: e784b38e-8a48-4160-bbb7-0e462182dee2{ip: 192.168.164.203, host: pr-hdds-2158-lzhrq-821698512, networkLocation: /default-rack, certSerialId: null}2c4f99a5-4d5c-4499-9504-878b029d86db{ip: 192.168.164.203, host: pr-hdds-2158-lzhrq-821698512, networkLocation: /default-rack, certSerialId: null}b8ac6586-d819-4f43-b802-0aef8ff35b46{ip: 192.168.164.203, host: pr-hdds-2158-lzhrq-821698512, networkLocation: /default-rack, certSerialId: null}, Type:RATIS, Factor:THREE, State:OPEN]
2019-10-01 23:43:03,680 [grpc-default-executor-4] INFO  impl.RaftServerProxy (RaftServerProxy.java:addNew(89)) - 62a7363a-1701-4ee6-9c91-e357e3084c98: addNew group-B271932CB0F1:[62a7363a-1701-4ee6-9c91-e357e3084c98:192.168.164.203:46283, 07898822-8c63-49fb-90d4-e9d8d938329e:192.168.164.203:37254, fa52477f-780a-4557-b700-0a1c4479f4d6:192.168.164.203:46494] returns group-B271932CB0F1:java.util.concurrent.CompletableFuture@e118095[Not completed]
2019-10-01 23:43:03,680 [grpc-default-executor-3] INFO  impl.RaftServerProxy (RaftServerProxy.java:addNew(89)) - 07898822-8c63-49fb-90d4-e9d8d938329e: addNew group-B271932CB0F1:[62a7363a-1701-4ee6-9c91-e357e3084c98:192.168.164.203:46283, 07898822-8c63-49fb-90d4-e9d8d938329e:192.168.164.203:37254, fa52477f-780a-4557-b700-0a1c4479f4d6:192.168.164.203:46494] returns group-B271932CB0F1:java.util.concurrent.CompletableFuture@5832dcd3[Not completed]
2019-10-01 23:43:03,681 [grpc-default-executor-2] INFO  impl.RaftServerProxy (RaftServerProxy.java:addNew(89)) - fa52477f-780a-4557-b700-0a1c4479f4d6: addNew group-B271932CB0F1:[62a7363a-1701-4ee6-9c91-e357e3084c98:192.168.164.203:46283, 07898822-8c63-49fb-90d4-e9d8d938329e:192.168.164.203:37254, fa52477f-780a-4557-b700-0a1c4479f4d6:192.168.164.203:46494] returns group-B271932CB0F1:java.util.concurrent.CompletableFuture@594d4935[Not completed]
2019-10-01 23:43:03,684 [pool-499-thread-1] INFO  impl.RaftServerImpl (RaftServerImpl.java:<init>(95)) - 62a7363a-1701-4ee6-9c91-e357e3084c98: new RaftServerImpl for group-B271932CB0F1:[62a7363a-1701-4ee6-9c91-e357e3084c98:192.168.164.203:46283, 07898822-8c63-49fb-90d4-e9d8d938329e:192.168.164.203:37254, fa52477f-780a-4557-b700-0a1c4479f4d6:192.168.164.203:46494] with ContainerStateMachine:uninitialized
2019-10-01 23:43:03,684 [pool-499-thread-1] INFO  server.RaftServerConfigKeys (ConfUtils.java:logGet(43)) - raft.server.rpc.timeout.min = 5s (custom)
2019-10-01 23:43:03,684 [pool-499-thread-1] INFO  server.RaftServerConfigKeys (ConfUtils.java:logGet(43)) - raft.server.rpc.timeout.max = 5200ms (custom)
2019-10-01 23:43:03,684 [pool-539-thread-1] INFO  impl.RaftServerImpl (RaftServerImpl.java:<init>(95)) - fa52477f-780a-4557-b700-0a1c4479f4d6: new RaftServerImpl for group-B271932CB0F1:[62a7363a-1701-4ee6-9c91-e357e3084c98:192.168.164.203:46283, 07898822-8c63-49fb-90d4-e9d8d938329e:192.168.164.203:37254, fa52477f-780a-4557-b700-0a1c4479f4d6:192.168.164.203:46494] with ContainerStateMachine:uninitialized
2019-10-01 23:43:03,684 [pool-499-thread-1] INFO  server.RaftServerConfigKeys (ConfUtils.java:logGet(43)) - raft.server.rpcslowness.timeout = 120s (custom)
2019-10-01 23:43:03,684 [pool-539-thread-1] INFO  server.RaftServerConfigKeys (ConfUtils.java:logGet(43)) - raft.server.rpc.timeout.min = 5s (custom)
2019-10-01 23:43:03,685 [pool-549-thread-1] INFO  impl.RaftServerImpl (RaftServerImpl.java:<init>(95)) - 07898822-8c63-49fb-90d4-e9d8d938329e: new RaftServerImpl for group-B271932CB0F1:[62a7363a-1701-4ee6-9c91-e357e3084c98:192.168.164.203:46283, 07898822-8c63-49fb-90d4-e9d8d938329e:192.168.164.203:37254, fa52477f-780a-4557-b700-0a1c4479f4d6:192.168.164.203:46494] with ContainerStateMachine:uninitialized
2019-10-01 23:43:03,685 [pool-499-thread-1] INFO  server.RaftServerConfigKeys (ConfUtils.java:logGet(43)) - raft.server.sleep.deviation.threshold = 300 (default)
2019-10-01 23:43:03,685 [pool-549-thread-1] INFO  server.RaftServerConfigKeys (ConfUtils.java:logGet(43)) - raft.server.rpc.timeout.min = 5s (custom)
2019-10-01 23:43:03,685 [pool-539-thread-1] INFO  server.RaftServerConfigKeys (ConfUtils.java:logGet(43)) - raft.server.rpc.timeout.max = 5200ms (custom)
2019-10-01 23:43:03,685 [pool-549-thread-1] INFO  server.RaftServerConfigKeys (ConfUtils.java:logGet(43)) - raft.server.rpc.timeout.max = 5200ms (custom)
2019-10-01 23:43:03,685 [pool-499-thread-1] INFO  server.RaftServerConfigKeys (ConfUtils.java:logGet(43)) - raft.server.log.appender.install.snapshot.enabled = false (custom)
2019-10-01 23:43:03,685 [pool-549-thread-1] INFO  server.RaftServerConfigKeys (ConfUtils.java:logGet(43)) - raft.server.rpcslowness.timeout = 120s (custom)
2019-10-01 23:43:03,685 [pool-539-thread-1] INFO  server.RaftServerConfigKeys (ConfUtils.java:logGet(43)) - raft.server.rpcslowness.timeout = 120s (custom)
2019-10-01 23:43:03,685 [pool-549-thread-1] INFO  server.RaftServerConfigKeys (ConfUtils.java:logGet(43)) - raft.server.sleep.deviation.threshold = 300 (default)
2019-10-01 23:43:03,685 [pool-499-thread-1] INFO  impl.RaftServerImpl (ServerState.java:<init>(103)) - 62a7363a-1701-4ee6-9c91-e357e3084c98@group-B271932CB0F1: ConfigurationManager, init=-1: [62a7363a-1701-4ee6-9c91-e357e3084c98:192.168.164.203:46283, 07898822-8c63-49fb-90d4-e9d8d938329e:192.168.164.203:37254, fa52477f-780a-4557-b700-0a1c4479f4d6:192.168.164.203:46494], old=null, confs=<EMPTY_MAP>
2019-10-01 23:43:03,685 [pool-549-thread-1] INFO  server.RaftServerConfigKeys (ConfUtils.java:logGet(43)) - raft.server.log.appender.install.snapshot.enabled = false (custom)
2019-10-01 23:43:03,686 [pool-499-thread-1] INFO  server.RaftServerConfigKeys (ConfUtils.java:logGet(43)) - raft.server.storage.dir = [/workdir/hadoop-ozone/integration-test/target/test-dir/MiniOzoneClusterImpl-29179c81-74dc-4452-99b0-75c8569a4c78/datanode-0/data/ratis] (custom)
2019-10-01 23:43:03,685 [pool-539-thread-1] INFO  server.RaftServerConfigKeys (ConfUtils.java:logGet(43)) - raft.server.sleep.deviation.threshold = 300 (default)
2019-10-01 23:43:03,686 [pool-549-thread-1] INFO  impl.RaftServerImpl (ServerState.java:<init>(103)) - 07898822-8c63-49fb-90d4-e9d8d938329e@group-B271932CB0F1: ConfigurationManager, init=-1: [62a7363a-1701-4ee6-9c91-e357e3084c98:192.168.164.203:46283, 07898822-8c63-49fb-90d4-e9d8d938329e:192.168.164.203:37254, fa52477f-780a-4557-b700-0a1c4479f4d6:192.168.164.203:46494], old=null, confs=<EMPTY_MAP>
2019-10-01 23:43:03,686 [pool-539-thread-1] INFO  server.RaftServerConfigKeys (ConfUtils.java:logGet(43)) - raft.server.log.appender.install.snapshot.enabled = false (custom)
2019-10-01 23:43:03,686 [pool-549-thread-1] INFO  server.RaftServerConfigKeys (ConfUtils.java:logGet(43)) - raft.server.storage.dir = [/workdir/hadoop-ozone/integration-test/target/test-dir/MiniOzoneClusterImpl-29179c81-74dc-4452-99b0-75c8569a4c78/datanode-5/data/ratis] (custom)
2019-10-01 23:43:03,686 [pool-499-thread-1] INFO  storage.RaftStorageDirectory (RaftStorageDirectory.java:analyzeStorage(246)) - The storage directory /workdir/hadoop-ozone/integration-test/target/test-dir/MiniOzoneClusterImpl-29179c81-74dc-4452-99b0-75c8569a4c78/datanode-0/data/ratis/b048e60e-6dd8-4238-b80b-b271932cb0f1 does not exist. Creating ...
2019-10-01 23:43:03,686 [pool-539-thread-1] INFO  impl.RaftServerImpl (ServerState.java:<init>(103)) - fa52477f-780a-4557-b700-0a1c4479f4d6@group-B271932CB0F1: ConfigurationManager, init=-1: [62a7363a-1701-4ee6-9c91-e357e3084c98:192.168.164.203:46283, 07898822-8c63-49fb-90d4-e9d8d938329e:192.168.164.203:37254, fa52477f-780a-4557-b700-0a1c4479f4d6:192.168.164.203:46494], old=null, confs=<EMPTY_MAP>
2019-10-01 23:43:03,686 [pool-549-thread-1] INFO  storage.RaftStorageDirectory (RaftStorageDirectory.java:analyzeStorage(246)) - The storage directory /workdir/hadoop-ozone/integration-test/target/test-dir/MiniOzoneClusterImpl-29179c81-74dc-4452-99b0-75c8569a4c78/datanode-5/data/ratis/b048e60e-6dd8-4238-b80b-b271932cb0f1 does not exist. Creating ...
2019-10-01 23:43:03,686 [pool-539-thread-1] INFO  server.RaftServerConfigKeys (ConfUtils.java:logGet(43)) - raft.server.storage.dir = [/workdir/hadoop-ozone/integration-test/target/test-dir/MiniOzoneClusterImpl-29179c81-74dc-4452-99b0-75c8569a4c78/datanode-4/data/ratis] (custom)
2019-10-01 23:43:03,687 [pool-539-thread-1] INFO  storage.RaftStorageDirectory (RaftStorageDirectory.java:analyzeStorage(246)) - The storage directory /workdir/hadoop-ozone/integration-test/target/test-dir/MiniOzoneClusterImpl-29179c81-74dc-4452-99b0-75c8569a4c78/datanode-4/data/ratis/b048e60e-6dd8-4238-b80b-b271932cb0f1 does not exist. Creating ...
2019-10-01 23:43:03,700 [pool-499-thread-1] INFO  storage.RaftStorageDirectory (RaftStorageDirectory.java:tryLock(328)) - Lock on /workdir/hadoop-ozone/integration-test/target/test-dir/MiniOzoneClusterImpl-29179c81-74dc-4452-99b0-75c8569a4c78/datanode-0/data/ratis/b048e60e-6dd8-4238-b80b-b271932cb0f1/in_use.lock acquired by nodename 5991@pr-hdds-2158-lzhrq-821698512
2019-10-01 23:43:03,700 [pool-549-thread-1] INFO  storage.RaftStorageDirectory (RaftStorageDirectory.java:tryLock(328)) - Lock on /workdir/hadoop-ozone/integration-test/target/test-dir/MiniOzoneClusterImpl-29179c81-74dc-4452-99b0-75c8569a4c78/datanode-5/data/ratis/b048e60e-6dd8-4238-b80b-b271932cb0f1/in_use.lock acquired by nodename 5991@pr-hdds-2158-lzhrq-821698512
2019-10-01 23:43:03,700 [pool-539-thread-1] INFO  storage.RaftStorageDirectory (RaftStorageDirectory.java:tryLock(328)) - Lock on /workdir/hadoop-ozone/integration-test/target/test-dir/MiniOzoneClusterImpl-29179c81-74dc-4452-99b0-75c8569a4c78/datanode-4/data/ratis/b048e60e-6dd8-4238-b80b-b271932cb0f1/in_use.lock acquired by nodename 5991@pr-hdds-2158-lzhrq-821698512
2019-10-01 23:43:03,711 [main] INFO  ozone.MiniOzoneClusterImpl (MiniOzoneClusterImpl.java:lambda$waitForClusterToBeReady$0(145)) - Waiting for cluster to be ready. Got 6 of 7 DN Heartbeats.
2019-10-01 23:43:03,711 [IPC Server handler 7 on 41867] INFO  net.NetworkTopology (NetworkTopologyImpl.java:add(111)) - Added a new node: /default-rack/0de13eb4-6288-4f85-9c65-52a6109eecbe
2019-10-01 23:43:03,711 [IPC Server handler 7 on 41867] INFO  node.SCMNodeManager (SCMNodeManager.java:register(266)) - Registered Data node : 0de13eb4-6288-4f85-9c65-52a6109eecbe{ip: 192.168.164.203, host: pr-hdds-2158-lzhrq-821698512, networkLocation: /default-rack, certSerialId: null}
2019-10-01 23:43:03,714 [pool-499-thread-1] INFO  storage.RaftStorage (RaftStorage.java:format(72)) - Storage directory /workdir/hadoop-ozone/integration-test/target/test-dir/MiniOzoneClusterImpl-29179c81-74dc-4452-99b0-75c8569a4c78/datanode-0/data/ratis/b048e60e-6dd8-4238-b80b-b271932cb0f1 has been successfully formatted.
2019-10-01 23:43:03,714 [pool-549-thread-1] INFO  storage.RaftStorage (RaftStorage.java:format(72)) - Storage directory /workdir/hadoop-ozone/integration-test/target/test-dir/MiniOzoneClusterImpl-29179c81-74dc-4452-99b0-75c8569a4c78/datanode-5/data/ratis/b048e60e-6dd8-4238-b80b-b271932cb0f1 has been successfully formatted.
2019-10-01 23:43:03,714 [pool-539-thread-1] INFO  storage.RaftStorage (RaftStorage.java:format(72)) - Storage directory /workdir/hadoop-ozone/integration-test/target/test-dir/MiniOzoneClusterImpl-29179c81-74dc-4452-99b0-75c8569a4c78/datanode-4/data/ratis/b048e60e-6dd8-4238-b80b-b271932cb0f1 has been successfully formatted.
2019-10-01 23:43:03,714 [pool-549-thread-1] INFO  ratis.ContainerStateMachine (ContainerStateMachine.java:loadSnapshot(230)) - group-B271932CB0F1: The snapshot info is null. Setting the last applied indexto:(t:0, i:~)
2019-10-01 23:43:03,714 [pool-539-thread-1] INFO  ratis.ContainerStateMachine (ContainerStateMachine.java:loadSnapshot(230)) - group-B271932CB0F1: The snapshot info is null. Setting the last applied indexto:(t:0, i:~)
2019-10-01 23:43:03,714 [pool-499-thread-1] INFO  ratis.ContainerStateMachine (ContainerStateMachine.java:loadSnapshot(230)) - group-B271932CB0F1: The snapshot info is null. Setting the last applied indexto:(t:0, i:~)
2019-10-01 23:43:03,714 [pool-539-thread-1] INFO  server.RaftServerConfigKeys (ConfUtils.java:logGet(43)) - raft.server.notification.no-leader.timeout = 120s (custom)
2019-10-01 23:43:03,714 [pool-549-thread-1] INFO  server.RaftServerConfigKeys (ConfUtils.java:logGet(43)) - raft.server.notification.no-leader.timeout = 120s (custom)
2019-10-01 23:43:03,714 [pool-539-thread-1] INFO  server.RaftServerConfigKeys (ConfUtils.java:logGet(43)) - raft.server.log.use.memory = false (default)
2019-10-01 23:43:03,714 [pool-499-thread-1] INFO  server.RaftServerConfigKeys (ConfUtils.java:logGet(43)) - raft.server.notification.no-leader.timeout = 120s (custom)
2019-10-01 23:43:03,715 [pool-539-thread-1] INFO  server.RaftServerConfigKeys (ConfUtils.java:logGet(43)) - raft.server.log.purge.gap = 1000000 (custom)
2019-10-01 23:43:03,714 [pool-549-thread-1] INFO  server.RaftServerConfigKeys (ConfUtils.java:logGet(43)) - raft.server.log.use.memory = false (default)
2019-10-01 23:43:03,715 [pool-539-thread-1] INFO  server.RaftServerConfigKeys (ConfUtils.java:logGet(43)) - raft.server.log.appender.buffer.byte-limit = 33554432 (custom)
2019-10-01 23:43:03,715 [pool-499-thread-1] INFO  server.RaftServerConfigKeys (ConfUtils.java:logGet(43)) - raft.server.log.use.memory = false (default)
2019-10-01 23:43:03,715 [pool-539-thread-1] INFO  server.RaftServerConfigKeys (ConfUtils.java:logGet(43)) - raft.server.log.segment.size.max = 1048576 (custom)
2019-10-01 23:43:03,715 [pool-549-thread-1] INFO  server.RaftServerConfigKeys (ConfUtils.java:logGet(43)) - raft.server.log.purge.gap = 1000000 (custom)
2019-10-01 23:43:03,715 [pool-539-thread-1] INFO  server.RaftServerConfigKeys (ConfUtils.java:logGet(43)) - raft.server.log.segment.cache.num.max = 2 (custom)
2019-10-01 23:43:03,715 [pool-499-thread-1] INFO  server.RaftServerConfigKeys (ConfUtils.java:logGet(43)) - raft.server.log.purge.gap = 1000000 (custom)
2019-10-01 23:43:03,715 [pool-539-thread-1] INFO  segmented.SegmentedRaftLogWorker (SegmentedRaftLogWorker.java:<init>(172)) - new fa52477f-780a-4557-b700-0a1c4479f4d6@group-B271932CB0F1-SegmentedRaftLogWorker for RaftStorage:Storage Directory /workdir/hadoop-ozone/integration-test/target/test-dir/MiniOzoneClusterImpl-29179c81-74dc-4452-99b0-75c8569a4c78/datanode-4/data/ratis/b048e60e-6dd8-4238-b80b-b271932cb0f1
2019-10-01 23:43:03,715 [pool-549-thread-1] INFO  server.RaftServerConfigKeys (ConfUtils.java:logGet(43)) - raft.server.log.appender.buffer.byte-limit = 33554432 (custom)
2019-10-01 23:43:03,715 [pool-499-thread-1] INFO  server.RaftServerConfigKeys (ConfUtils.java:logGet(43)) - raft.server.log.appender.buffer.byte-limit = 33554432 (custom)
2019-10-01 23:43:03,715 [pool-549-thread-1] INFO  server.RaftServerConfigKeys (ConfUtils.java:logGet(43)) - raft.server.log.segment.size.max = 1048576 (custom)
2019-10-01 23:43:03,716 [pool-499-thread-1] INFO  server.RaftServerConfigKeys (ConfUtils.java:logGet(43)) - raft.server.log.segment.size.max = 1048576 (custom)
2019-10-01 23:43:03,716 [pool-549-thread-1] INFO  server.RaftServerConfigKeys (ConfUtils.java:logGet(43)) - raft.server.log.segment.cache.num.max = 2 (custom)
2019-10-01 23:43:03,716 [pool-499-thread-1] INFO  server.RaftServerConfigKeys (ConfUtils.java:logGet(43)) - raft.server.log.segment.cache.num.max = 2 (custom)
2019-10-01 23:43:03,716 [pool-549-thread-1] INFO  segmented.SegmentedRaftLogWorker (SegmentedRaftLogWorker.java:<init>(172)) - new 07898822-8c63-49fb-90d4-e9d8d938329e@group-B271932CB0F1-SegmentedRaftLogWorker for RaftStorage:Storage Directory /workdir/hadoop-ozone/integration-test/target/test-dir/MiniOzoneClusterImpl-29179c81-74dc-4452-99b0-75c8569a4c78/datanode-5/data/ratis/b048e60e-6dd8-4238-b80b-b271932cb0f1
2019-10-01 23:43:03,716 [pool-499-thread-1] INFO  segmented.SegmentedRaftLogWorker (SegmentedRaftLogWorker.java:<init>(172)) - new 62a7363a-1701-4ee6-9c91-e357e3084c98@group-B271932CB0F1-SegmentedRaftLogWorker for RaftStorage:Storage Directory /workdir/hadoop-ozone/integration-test/target/test-dir/MiniOzoneClusterImpl-29179c81-74dc-4452-99b0-75c8569a4c78/datanode-0/data/ratis/b048e60e-6dd8-4238-b80b-b271932cb0f1
2019-10-01 23:43:03,716 [pool-499-thread-1] INFO  server.RaftServerConfigKeys (ConfUtils.java:logGet(43)) - raft.server.log.queue.byte-limit = 2147483647 (custom)
2019-10-01 23:43:03,716 [pool-499-thread-1] INFO  server.RaftServerConfigKeys (ConfUtils.java:logGet(43)) - raft.server.log.queue.element-limit = 1024 (custom)
2019-10-01 23:43:03,716 [pool-499-thread-1] INFO  server.RaftServerConfigKeys (ConfUtils.java:logGet(43)) - raft.server.log.segment.size.max = 1048576 (custom)
2019-10-01 23:43:03,716 [pool-499-thread-1] INFO  server.RaftServerConfigKeys (ConfUtils.java:logGet(43)) - raft.server.log.preallocated.size = 16384 (custom)
2019-10-01 23:43:03,716 [pool-499-thread-1] INFO  server.RaftServerConfigKeys (ConfUtils.java:logGet(43)) - raft.server.log.write.buffer.size = 33554432 (custom)
2019-10-01 23:43:03,717 [pool-499-thread-1] INFO  server.RaftServerConfigKeys (ConfUtils.java:logGet(43)) - raft.server.log.force.sync.num = 128 (default)
2019-10-01 23:43:03,717 [pool-499-thread-1] INFO  server.RaftServerConfigKeys (ConfUtils.java:logGet(43)) - raft.server.log.statemachine.data.sync = true (default)
2019-10-01 23:43:03,717 [pool-499-thread-1] INFO  server.RaftServerConfigKeys (ConfUtils.java:logGet(43)) - raft.server.log.statemachine.data.sync.timeout = 10s (default)
2019-10-01 23:43:03,717 [pool-499-thread-1] INFO  server.RaftServerConfigKeys (ConfUtils.java:logGet(43)) - raft.server.log.statemachine.data.sync.timeout.retry = -1 (default)
2019-10-01 23:43:03,717 [pool-499-thread-1] INFO  server.RaftServerConfigKeys (ConfUtils.java:logGet(43)) - raft.server.log.statemachine.data.caching.enabled = true (custom)
2019-10-01 23:43:03,717 [pool-539-thread-1] INFO  server.RaftServerConfigKeys (ConfUtils.java:logGet(43)) - raft.server.log.queue.byte-limit = 2147483647 (custom)
2019-10-01 23:43:03,717 [pool-539-thread-1] INFO  server.RaftServerConfigKeys (ConfUtils.java:logGet(43)) - raft.server.log.queue.element-limit = 1024 (custom)
2019-10-01 23:43:03,717 [pool-499-thread-1] INFO  segmented.SegmentedRaftLogWorker (SegmentedRaftLogWorker.java:lambda$new$0(132)) - 62a7363a-1701-4ee6-9c91-e357e3084c98@group-B271932CB0F1-SegmentedRaftLogWorker: flushIndex: setUnconditionally 0 -> -1
2019-10-01 23:43:03,717 [pool-549-thread-1] INFO  server.RaftServerConfigKeys (ConfUtils.java:logGet(43)) - raft.server.log.queue.byte-limit = 2147483647 (custom)
2019-10-01 23:43:03,717 [pool-539-thread-1] INFO  server.RaftServerConfigKeys (ConfUtils.java:logGet(43)) - raft.server.log.segment.size.max = 1048576 (custom)
2019-10-01 23:43:03,717 [pool-499-thread-1] INFO  server.RaftServerConfigKeys (ConfUtils.java:logGet(43)) - raft.server.snapshot.auto.trigger.enabled = true (custom)
2019-10-01 23:43:03,717 [pool-549-thread-1] INFO  server.RaftServerConfigKeys (ConfUtils.java:logGet(43)) - raft.server.log.queue.element-limit = 1024 (custom)
2019-10-01 23:43:03,718 [pool-499-thread-1] INFO  server.RaftServerConfigKeys (ConfUtils.java:logGet(43)) - raft.server.snapshot.auto.trigger.threshold = 10000 (custom)
2019-10-01 23:43:03,718 [pool-539-thread-1] INFO  server.RaftServerConfigKeys (ConfUtils.java:logGet(43)) - raft.server.log.preallocated.size = 16384 (custom)
2019-10-01 23:43:03,718 [pool-539-thread-1] INFO  server.RaftServerConfigKeys (ConfUtils.java:logGet(43)) - raft.server.log.write.buffer.size = 33554432 (custom)
2019-10-01 23:43:03,718 [pool-499-thread-1] INFO  server.RaftServerConfigKeys (ConfUtils.java:logGet(43)) - raft.server.snapshot.retention.num.files = 5 (custom)
2019-10-01 23:43:03,718 [pool-549-thread-1] INFO  server.RaftServerConfigKeys (ConfUtils.java:logGet(43)) - raft.server.log.segment.size.max = 1048576 (custom)
2019-10-01 23:43:03,718 [pool-499-thread-1] INFO  server.RaftServerConfigKeys (ConfUtils.java:logGet(43)) - raft.server.retrycache.expirytime = 600000ms (custom)
2019-10-01 23:43:03,718 [pool-539-thread-1] INFO  server.RaftServerConfigKeys (ConfUtils.java:logGet(43)) - raft.server.log.force.sync.num = 128 (default)
2019-10-01 23:43:03,718 [pool-549-thread-1] INFO  server.RaftServerConfigKeys (ConfUtils.java:logGet(43)) - raft.server.log.preallocated.size = 16384 (custom)
2019-10-01 23:43:03,718 [pool-539-thread-1] INFO  server.RaftServerConfigKeys (ConfUtils.java:logGet(43)) - raft.server.log.statemachine.data.sync = true (default)
2019-10-01 23:43:03,718 [pool-549-thread-1] INFO  server.RaftServerConfigKeys (ConfUtils.java:logGet(43)) - raft.server.log.write.buffer.size = 33554432 (custom)
2019-10-01 23:43:03,719 [pool-539-thread-1] INFO  server.RaftServerConfigKeys (ConfUtils.java:logGet(43)) - raft.server.log.statemachine.data.sync.timeout = 10s (default)
2019-10-01 23:43:03,719 [pool-549-thread-1] INFO  server.RaftServerConfigKeys (ConfUtils.java:logGet(43)) - raft.server.log.force.sync.num = 128 (default)
2019-10-01 23:43:03,719 [pool-539-thread-1] INFO  server.RaftServerConfigKeys (ConfUtils.java:logGet(43)) - raft.server.log.statemachine.data.sync.timeout.retry = -1 (default)
2019-10-01 23:43:03,719 [pool-549-thread-1] INFO  server.RaftServerConfigKeys (ConfUtils.java:logGet(43)) - raft.server.log.statemachine.data.sync = true (default)
2019-10-01 23:43:03,719 [pool-539-thread-1] INFO  server.RaftServerConfigKeys (ConfUtils.java:logGet(43)) - raft.server.log.statemachine.data.caching.enabled = true (custom)
2019-10-01 23:43:03,719 [pool-549-thread-1] INFO  server.RaftServerConfigKeys (ConfUtils.java:logGet(43)) - raft.server.log.statemachine.data.sync.timeout = 10s (default)
2019-10-01 23:43:03,719 [pool-549-thread-1] INFO  server.RaftServerConfigKeys (ConfUtils.java:logGet(43)) - raft.server.log.statemachine.data.sync.timeout.retry = -1 (default)
2019-10-01 23:43:03,719 [pool-539-thread-1] INFO  segmented.SegmentedRaftLogWorker (SegmentedRaftLogWorker.java:lambda$new$0(132)) - fa52477f-780a-4557-b700-0a1c4479f4d6@group-B271932CB0F1-SegmentedRaftLogWorker: flushIndex: setUnconditionally 0 -> -1
2019-10-01 23:43:03,719 [pool-549-thread-1] INFO  server.RaftServerConfigKeys (ConfUtils.java:logGet(43)) - raft.server.log.statemachine.data.caching.enabled = true (custom)
2019-10-01 23:43:03,719 [pool-539-thread-1] INFO  server.RaftServerConfigKeys (ConfUtils.java:logGet(43)) - raft.server.snapshot.auto.trigger.enabled = true (custom)
2019-10-01 23:43:03,720 [pool-549-thread-1] INFO  segmented.SegmentedRaftLogWorker (SegmentedRaftLogWorker.java:lambda$new$0(132)) - 07898822-8c63-49fb-90d4-e9d8d938329e@group-B271932CB0F1-SegmentedRaftLogWorker: flushIndex: setUnconditionally 0 -> -1
2019-10-01 23:43:03,720 [pool-539-thread-1] INFO  server.RaftServerConfigKeys (ConfUtils.java:logGet(43)) - raft.server.snapshot.auto.trigger.threshold = 10000 (custom)
2019-10-01 23:43:03,720 [pool-539-thread-1] INFO  server.RaftServerConfigKeys (ConfUtils.java:logGet(43)) - raft.server.snapshot.retention.num.files = 5 (custom)
2019-10-01 23:43:03,720 [pool-499-thread-1] INFO  impl.RaftServerImpl (RaftServerImpl.java:start(185)) - 62a7363a-1701-4ee6-9c91-e357e3084c98@group-B271932CB0F1: start as a follower, conf=-1: [62a7363a-1701-4ee6-9c91-e357e3084c98:192.168.164.203:46283, 07898822-8c63-49fb-90d4-e9d8d938329e:192.168.164.203:37254, fa52477f-780a-4557-b700-0a1c4479f4d6:192.168.164.203:46494], old=null
2019-10-01 23:43:03,720 [pool-549-thread-1] INFO  server.RaftServerConfigKeys (ConfUtils.java:logGet(43)) - raft.server.snapshot.auto.trigger.enabled = true (custom)
2019-10-01 23:43:03,720 [pool-499-thread-1] INFO  impl.RaftServerImpl (RaftServerImpl.java:setRole(174)) - 62a7363a-1701-4ee6-9c91-e357e3084c98@group-B271932CB0F1: changes role from      null to FOLLOWER at term 0 for startAsFollower
2019-10-01 23:43:03,720 [pool-539-thread-1] INFO  server.RaftServerConfigKeys (ConfUtils.java:logGet(43)) - raft.server.retrycache.expirytime = 600000ms (custom)
2019-10-01 23:43:03,720 [pool-499-thread-1] INFO  impl.RoleInfo (RoleInfo.java:updateAndGet(143)) - 62a7363a-1701-4ee6-9c91-e357e3084c98: start FollowerState
2019-10-01 23:43:03,720 [pool-549-thread-1] INFO  server.RaftServerConfigKeys (ConfUtils.java:logGet(43)) - raft.server.snapshot.auto.trigger.threshold = 10000 (custom)
2019-10-01 23:43:03,720 [pool-549-thread-1] INFO  server.RaftServerConfigKeys (ConfUtils.java:logGet(43)) - raft.server.snapshot.retention.num.files = 5 (custom)
2019-10-01 23:43:03,720 [pool-499-thread-1] INFO  util.JmxRegister (JmxRegister.java:tryRegister(44)) - Successfully registered JMX Bean with object name Ratis:service=RaftServer,group=group-B271932CB0F1,id=62a7363a-1701-4ee6-9c91-e357e3084c98
2019-10-01 23:43:03,721 [pool-549-thread-1] INFO  server.RaftServerConfigKeys (ConfUtils.java:logGet(43)) - raft.server.retrycache.expirytime = 600000ms (custom)
2019-10-01 23:43:03,725 [pool-539-thread-1] INFO  impl.RaftServerImpl (RaftServerImpl.java:start(185)) - fa52477f-780a-4557-b700-0a1c4479f4d6@group-B271932CB0F1: start as a follower, conf=-1: [62a7363a-1701-4ee6-9c91-e357e3084c98:192.168.164.203:46283, 07898822-8c63-49fb-90d4-e9d8d938329e:192.168.164.203:37254, fa52477f-780a-4557-b700-0a1c4479f4d6:192.168.164.203:46494], old=null
2019-10-01 23:43:03,725 [pool-539-thread-1] INFO  impl.RaftServerImpl (RaftServerImpl.java:setRole(174)) - fa52477f-780a-4557-b700-0a1c4479f4d6@group-B271932CB0F1: changes role from      null to FOLLOWER at term 0 for startAsFollower
2019-10-01 23:43:03,725 [pool-539-thread-1] INFO  impl.RoleInfo (RoleInfo.java:updateAndGet(143)) - fa52477f-780a-4557-b700-0a1c4479f4d6: start FollowerState
2019-10-01 23:43:03,725 [pool-549-thread-1] INFO  impl.RaftServerImpl (RaftServerImpl.java:start(185)) - 07898822-8c63-49fb-90d4-e9d8d938329e@group-B271932CB0F1: start as a follower, conf=-1: [62a7363a-1701-4ee6-9c91-e357e3084c98:192.168.164.203:46283, 07898822-8c63-49fb-90d4-e9d8d938329e:192.168.164.203:37254, fa52477f-780a-4557-b700-0a1c4479f4d6:192.168.164.203:46494], old=null
2019-10-01 23:43:03,725 [pool-549-thread-1] INFO  impl.RaftServerImpl (RaftServerImpl.java:setRole(174)) - 07898822-8c63-49fb-90d4-e9d8d938329e@group-B271932CB0F1: changes role from      null to FOLLOWER at term 0 for startAsFollower
2019-10-01 23:43:03,725 [pool-549-thread-1] INFO  impl.RoleInfo (RoleInfo.java:updateAndGet(143)) - 07898822-8c63-49fb-90d4-e9d8d938329e: start FollowerState
2019-10-01 23:43:03,725 [pool-539-thread-1] INFO  util.JmxRegister (JmxRegister.java:tryRegister(44)) - Successfully registered JMX Bean with object name Ratis:service=RaftServer,group=group-B271932CB0F1,id=fa52477f-780a-4557-b700-0a1c4479f4d6
2019-10-01 23:43:03,725 [pool-549-thread-1] INFO  util.JmxRegister (JmxRegister.java:tryRegister(44)) - Successfully registered JMX Bean with object name Ratis:service=RaftServer,group=group-B271932CB0F1,id=07898822-8c63-49fb-90d4-e9d8d938329e
2019-10-01 23:43:03,731 [RatisPipelineUtilsThread] INFO  pipeline.PipelineStateManager (PipelineStateManager.java:addPipeline(56)) - Created pipeline Pipeline[ Id: b048e60e-6dd8-4238-b80b-b271932cb0f1, Nodes: fa52477f-780a-4557-b700-0a1c4479f4d6{ip: 192.168.164.203, host: pr-hdds-2158-lzhrq-821698512, networkLocation: /default-rack, certSerialId: null}07898822-8c63-49fb-90d4-e9d8d938329e{ip: 192.168.164.203, host: pr-hdds-2158-lzhrq-821698512, networkLocation: /default-rack, certSerialId: null}62a7363a-1701-4ee6-9c91-e357e3084c98{ip: 192.168.164.203, host: pr-hdds-2158-lzhrq-821698512, networkLocation: /default-rack, certSerialId: null}, Type:RATIS, Factor:THREE, State:OPEN]
2019-10-01 23:43:03,738 [grpc-default-executor-2] INFO  impl.RaftServerProxy (RaftServerProxy.java:addNew(89)) - fa52477f-780a-4557-b700-0a1c4479f4d6: addNew group-8A06B7600921:[fa52477f-780a-4557-b700-0a1c4479f4d6:192.168.164.203:46494] returns group-8A06B7600921:java.util.concurrent.CompletableFuture@1742dc02[Not completed]
2019-10-01 23:43:03,739 [pool-539-thread-1] INFO  impl.RaftServerImpl (RaftServerImpl.java:<init>(95)) - fa52477f-780a-4557-b700-0a1c4479f4d6: new RaftServerImpl for group-8A06B7600921:[fa52477f-780a-4557-b700-0a1c4479f4d6:192.168.164.203:46494] with ContainerStateMachine:uninitialized
2019-10-01 23:43:03,741 [pool-539-thread-1] INFO  server.RaftServerConfigKeys (ConfUtils.java:logGet(43)) - raft.server.rpc.timeout.min = 5s (custom)
2019-10-01 23:43:03,741 [pool-539-thread-1] INFO  server.RaftServerConfigKeys (ConfUtils.java:logGet(43)) - raft.server.rpc.timeout.max = 5200ms (custom)
2019-10-01 23:43:03,741 [pool-539-thread-1] INFO  server.RaftServerConfigKeys (ConfUtils.java:logGet(43)) - raft.server.rpcslowness.timeout = 120s (custom)
2019-10-01 23:43:03,741 [pool-539-thread-1] INFO  server.RaftServerConfigKeys (ConfUtils.java:logGet(43)) - raft.server.sleep.deviation.threshold = 300 (default)
2019-10-01 23:43:03,742 [pool-539-thread-1] INFO  server.RaftServerConfigKeys (ConfUtils.java:logGet(43)) - raft.server.log.appender.install.snapshot.enabled = false (custom)
2019-10-01 23:43:03,742 [pool-539-thread-1] INFO  impl.RaftServerImpl (ServerState.java:<init>(103)) - fa52477f-780a-4557-b700-0a1c4479f4d6@group-8A06B7600921: ConfigurationManager, init=-1: [fa52477f-780a-4557-b700-0a1c4479f4d6:192.168.164.203:46494], old=null, confs=<EMPTY_MAP>
2019-10-01 23:43:03,742 [pool-539-thread-1] INFO  server.RaftServerConfigKeys (ConfUtils.java:logGet(43)) - raft.server.storage.dir = [/workdir/hadoop-ozone/integration-test/target/test-dir/MiniOzoneClusterImpl-29179c81-74dc-4452-99b0-75c8569a4c78/datanode-4/data/ratis] (custom)
2019-10-01 23:43:03,742 [pool-539-thread-1] INFO  storage.RaftStorageDirectory (RaftStorageDirectory.java:analyzeStorage(246)) - The storage directory /workdir/hadoop-ozone/integration-test/target/test-dir/MiniOzoneClusterImpl-29179c81-74dc-4452-99b0-75c8569a4c78/datanode-4/data/ratis/37a947b2-f9c6-42db-913f-8a06b7600921 does not exist. Creating ...
2019-10-01 23:43:03,755 [pool-539-thread-1] INFO  storage.RaftStorageDirectory (RaftStorageDirectory.java:tryLock(328)) - Lock on /workdir/hadoop-ozone/integration-test/target/test-dir/MiniOzoneClusterImpl-29179c81-74dc-4452-99b0-75c8569a4c78/datanode-4/data/ratis/37a947b2-f9c6-42db-913f-8a06b7600921/in_use.lock acquired by nodename 5991@pr-hdds-2158-lzhrq-821698512
2019-10-01 23:43:03,767 [pool-539-thread-1] INFO  storage.RaftStorage (RaftStorage.java:format(72)) - Storage directory /workdir/hadoop-ozone/integration-test/target/test-dir/MiniOzoneClusterImpl-29179c81-74dc-4452-99b0-75c8569a4c78/datanode-4/data/ratis/37a947b2-f9c6-42db-913f-8a06b7600921 has been successfully formatted.
2019-10-01 23:43:03,768 [pool-539-thread-1] INFO  ratis.ContainerStateMachine (ContainerStateMachine.java:loadSnapshot(230)) - group-8A06B7600921: The snapshot info is null. Setting the last applied indexto:(t:0, i:~)
2019-10-01 23:43:03,768 [pool-539-thread-1] INFO  server.RaftServerConfigKeys (ConfUtils.java:logGet(43)) - raft.server.notification.no-leader.timeout = 120s (custom)
2019-10-01 23:43:03,768 [pool-539-thread-1] INFO  server.RaftServerConfigKeys (ConfUtils.java:logGet(43)) - raft.server.log.use.memory = false (default)
2019-10-01 23:43:03,768 [pool-539-thread-1] INFO  server.RaftServerConfigKeys (ConfUtils.java:logGet(43)) - raft.server.log.purge.gap = 1000000 (custom)
2019-10-01 23:43:03,768 [pool-539-thread-1] INFO  server.RaftServerConfigKeys (ConfUtils.java:logGet(43)) - raft.server.log.appender.buffer.byte-limit = 33554432 (custom)
2019-10-01 23:43:03,768 [pool-539-thread-1] INFO  server.RaftServerConfigKeys (ConfUtils.java:logGet(43)) - raft.server.log.segment.size.max = 1048576 (custom)
2019-10-01 23:43:03,768 [pool-539-thread-1] INFO  server.RaftServerConfigKeys (ConfUtils.java:logGet(43)) - raft.server.log.segment.cache.num.max = 2 (custom)
2019-10-01 23:43:03,768 [pool-539-thread-1] INFO  segmented.SegmentedRaftLogWorker (SegmentedRaftLogWorker.java:<init>(172)) - new fa52477f-780a-4557-b700-0a1c4479f4d6@group-8A06B7600921-SegmentedRaftLogWorker for RaftStorage:Storage Directory /workdir/hadoop-ozone/integration-test/target/test-dir/MiniOzoneClusterImpl-29179c81-74dc-4452-99b0-75c8569a4c78/datanode-4/data/ratis/37a947b2-f9c6-42db-913f-8a06b7600921
2019-10-01 23:43:03,769 [pool-539-thread-1] INFO  server.RaftServerConfigKeys (ConfUtils.java:logGet(43)) - raft.server.log.queue.byte-limit = 2147483647 (custom)
2019-10-01 23:43:03,769 [pool-539-thread-1] INFO  server.RaftServerConfigKeys (ConfUtils.java:logGet(43)) - raft.server.log.queue.element-limit = 1024 (custom)
2019-10-01 23:43:03,769 [pool-539-thread-1] INFO  server.RaftServerConfigKeys (ConfUtils.java:logGet(43)) - raft.server.log.segment.size.max = 1048576 (custom)
2019-10-01 23:43:03,769 [pool-539-thread-1] INFO  server.RaftServerConfigKeys (ConfUtils.java:logGet(43)) - raft.server.log.preallocated.size = 16384 (custom)
2019-10-01 23:43:03,769 [pool-539-thread-1] INFO  server.RaftServerConfigKeys (ConfUtils.java:logGet(43)) - raft.server.log.write.buffer.size = 33554432 (custom)
2019-10-01 23:43:03,769 [pool-539-thread-1] INFO  server.RaftServerConfigKeys (ConfUtils.java:logGet(43)) - raft.server.log.force.sync.num = 128 (default)
2019-10-01 23:43:03,769 [pool-539-thread-1] INFO  server.RaftServerConfigKeys (ConfUtils.java:logGet(43)) - raft.server.log.statemachine.data.sync = true (default)
2019-10-01 23:43:03,769 [pool-539-thread-1] INFO  server.RaftServerConfigKeys (ConfUtils.java:logGet(43)) - raft.server.log.statemachine.data.sync.timeout = 10s (default)
2019-10-01 23:43:03,769 [pool-539-thread-1] INFO  server.RaftServerConfigKeys (ConfUtils.java:logGet(43)) - raft.server.log.statemachine.data.sync.timeout.retry = -1 (default)
2019-10-01 23:43:03,770 [pool-539-thread-1] INFO  server.RaftServerConfigKeys (ConfUtils.java:logGet(43)) - raft.server.log.statemachine.data.caching.enabled = true (custom)
2019-10-01 23:43:03,770 [pool-539-thread-1] INFO  segmented.SegmentedRaftLogWorker (SegmentedRaftLogWorker.java:lambda$new$0(132)) - fa52477f-780a-4557-b700-0a1c4479f4d6@group-8A06B7600921-SegmentedRaftLogWorker: flushIndex: setUnconditionally 0 -> -1
2019-10-01 23:43:03,770 [pool-539-thread-1] INFO  server.RaftServerConfigKeys (ConfUtils.java:logGet(43)) - raft.server.snapshot.auto.trigger.enabled = true (custom)
2019-10-01 23:43:03,770 [pool-539-thread-1] INFO  server.RaftServerConfigKeys (ConfUtils.java:logGet(43)) - raft.server.snapshot.auto.trigger.threshold = 10000 (custom)
2019-10-01 23:43:03,770 [pool-539-thread-1] INFO  server.RaftServerConfigKeys (ConfUtils.java:logGet(43)) - raft.server.snapshot.retention.num.files = 5 (custom)
2019-10-01 23:43:03,770 [pool-539-thread-1] INFO  server.RaftServerConfigKeys (ConfUtils.java:logGet(43)) - raft.server.retrycache.expirytime = 600000ms (custom)
2019-10-01 23:43:03,772 [pool-539-thread-1] INFO  impl.RaftServerImpl (RaftServerImpl.java:start(185)) - fa52477f-780a-4557-b700-0a1c4479f4d6@group-8A06B7600921: start as a follower, conf=-1: [fa52477f-780a-4557-b700-0a1c4479f4d6:192.168.164.203:46494], old=null
2019-10-01 23:43:03,772 [pool-539-thread-1] INFO  impl.RaftServerImpl (RaftServerImpl.java:setRole(174)) - fa52477f-780a-4557-b700-0a1c4479f4d6@group-8A06B7600921: changes role from      null to FOLLOWER at term 0 for startAsFollower
2019-10-01 23:43:03,772 [pool-539-thread-1] INFO  impl.RoleInfo (RoleInfo.java:updateAndGet(143)) - fa52477f-780a-4557-b700-0a1c4479f4d6: start FollowerState
2019-10-01 23:43:03,772 [pool-539-thread-1] INFO  util.JmxRegister (JmxRegister.java:tryRegister(44)) - Successfully registered JMX Bean with object name Ratis:service=RaftServer,group=group-8A06B7600921,id=fa52477f-780a-4557-b700-0a1c4479f4d6
2019-10-01 23:43:03,776 [RatisPipelineUtilsThread] INFO  pipeline.PipelineStateManager (PipelineStateManager.java:addPipeline(56)) - Created pipeline Pipeline[ Id: 37a947b2-f9c6-42db-913f-8a06b7600921, Nodes: fa52477f-780a-4557-b700-0a1c4479f4d6{ip: 192.168.164.203, host: pr-hdds-2158-lzhrq-821698512, networkLocation: /default-rack, certSerialId: null}, Type:RATIS, Factor:ONE, State:OPEN]
2019-10-01 23:43:03,783 [grpc-default-executor-2] INFO  impl.RaftServerProxy (RaftServerProxy.java:addNew(89)) - 07898822-8c63-49fb-90d4-e9d8d938329e: addNew group-C863BA609711:[07898822-8c63-49fb-90d4-e9d8d938329e:192.168.164.203:37254] returns group-C863BA609711:java.util.concurrent.CompletableFuture@4849f36f[Not completed]
2019-10-01 23:43:03,783 [pool-549-thread-1] INFO  impl.RaftServerImpl (RaftServerImpl.java:<init>(95)) - 07898822-8c63-49fb-90d4-e9d8d938329e: new RaftServerImpl for group-C863BA609711:[07898822-8c63-49fb-90d4-e9d8d938329e:192.168.164.203:37254] with ContainerStateMachine:uninitialized
2019-10-01 23:43:03,784 [pool-549-thread-1] INFO  server.RaftServerConfigKeys (ConfUtils.java:logGet(43)) - raft.server.rpc.timeout.min = 5s (custom)
2019-10-01 23:43:03,784 [pool-549-thread-1] INFO  server.RaftServerConfigKeys (ConfUtils.java:logGet(43)) - raft.server.rpc.timeout.max = 5200ms (custom)
2019-10-01 23:43:03,784 [pool-549-thread-1] INFO  server.RaftServerConfigKeys (ConfUtils.java:logGet(43)) - raft.server.rpcslowness.timeout = 120s (custom)
2019-10-01 23:43:03,784 [pool-549-thread-1] INFO  server.RaftServerConfigKeys (ConfUtils.java:logGet(43)) - raft.server.sleep.deviation.threshold = 300 (default)
2019-10-01 23:43:03,784 [pool-549-thread-1] INFO  server.RaftServerConfigKeys (ConfUtils.java:logGet(43)) - raft.server.log.appender.install.snapshot.enabled = false (custom)
2019-10-01 23:43:03,784 [pool-549-thread-1] INFO  impl.RaftServerImpl (ServerState.java:<init>(103)) - 07898822-8c63-49fb-90d4-e9d8d938329e@group-C863BA609711: ConfigurationManager, init=-1: [07898822-8c63-49fb-90d4-e9d8d938329e:192.168.164.203:37254], old=null, confs=<EMPTY_MAP>
2019-10-01 23:43:03,784 [pool-549-thread-1] INFO  server.RaftServerConfigKeys (ConfUtils.java:logGet(43)) - raft.server.storage.dir = [/workdir/hadoop-ozone/integration-test/target/test-dir/MiniOzoneClusterImpl-29179c81-74dc-4452-99b0-75c8569a4c78/datanode-5/data/ratis] (custom)
2019-10-01 23:43:03,784 [pool-549-thread-1] INFO  storage.RaftStorageDirectory (RaftStorageDirectory.java:analyzeStorage(246)) - The storage directory /workdir/hadoop-ozone/integration-test/target/test-dir/MiniOzoneClusterImpl-29179c81-74dc-4452-99b0-75c8569a4c78/datanode-5/data/ratis/c1f3e598-396c-411c-ab86-c863ba609711 does not exist. Creating ...
2019-10-01 23:43:03,797 [pool-549-thread-1] INFO  storage.RaftStorageDirectory (RaftStorageDirectory.java:tryLock(328)) - Lock on /workdir/hadoop-ozone/integration-test/target/test-dir/MiniOzoneClusterImpl-29179c81-74dc-4452-99b0-75c8569a4c78/datanode-5/data/ratis/c1f3e598-396c-411c-ab86-c863ba609711/in_use.lock acquired by nodename 5991@pr-hdds-2158-lzhrq-821698512
2019-10-01 23:43:03,810 [pool-549-thread-1] INFO  storage.RaftStorage (RaftStorage.java:format(72)) - Storage directory /workdir/hadoop-ozone/integration-test/target/test-dir/MiniOzoneClusterImpl-29179c81-74dc-4452-99b0-75c8569a4c78/datanode-5/data/ratis/c1f3e598-396c-411c-ab86-c863ba609711 has been successfully formatted.
2019-10-01 23:43:03,810 [pool-549-thread-1] INFO  ratis.ContainerStateMachine (ContainerStateMachine.java:loadSnapshot(230)) - group-C863BA609711: The snapshot info is null. Setting the last applied indexto:(t:0, i:~)
2019-10-01 23:43:03,810 [pool-549-thread-1] INFO  server.RaftServerConfigKeys (ConfUtils.java:logGet(43)) - raft.server.notification.no-leader.timeout = 120s (custom)
2019-10-01 23:43:03,810 [pool-549-thread-1] INFO  server.RaftServerConfigKeys (ConfUtils.java:logGet(43)) - raft.server.log.use.memory = false (default)
2019-10-01 23:43:03,810 [pool-549-thread-1] INFO  server.RaftServerConfigKeys (ConfUtils.java:logGet(43)) - raft.server.log.purge.gap = 1000000 (custom)
2019-10-01 23:43:03,810 [pool-549-thread-1] INFO  server.RaftServerConfigKeys (ConfUtils.java:logGet(43)) - raft.server.log.appender.buffer.byte-limit = 33554432 (custom)
2019-10-01 23:43:03,810 [pool-549-thread-1] INFO  server.RaftServerConfigKeys (ConfUtils.java:logGet(43)) - raft.server.log.segment.size.max = 1048576 (custom)
2019-10-01 23:43:03,810 [pool-549-thread-1] INFO  server.RaftServerConfigKeys (ConfUtils.java:logGet(43)) - raft.server.log.segment.cache.num.max = 2 (custom)
2019-10-01 23:43:03,811 [pool-549-thread-1] INFO  segmented.SegmentedRaftLogWorker (SegmentedRaftLogWorker.java:<init>(172)) - new 07898822-8c63-49fb-90d4-e9d8d938329e@group-C863BA609711-SegmentedRaftLogWorker for RaftStorage:Storage Directory /workdir/hadoop-ozone/integration-test/target/test-dir/MiniOzoneClusterImpl-29179c81-74dc-4452-99b0-75c8569a4c78/datanode-5/data/ratis/c1f3e598-396c-411c-ab86-c863ba609711
2019-10-01 23:43:03,811 [pool-549-thread-1] INFO  server.RaftServerConfigKeys (ConfUtils.java:logGet(43)) - raft.server.log.queue.byte-limit = 2147483647 (custom)
2019-10-01 23:43:03,811 [pool-549-thread-1] INFO  server.RaftServerConfigKeys (ConfUtils.java:logGet(43)) - raft.server.log.queue.element-limit = 1024 (custom)
2019-10-01 23:43:03,811 [pool-549-thread-1] INFO  server.RaftServerConfigKeys (ConfUtils.java:logGet(43)) - raft.server.log.segment.size.max = 1048576 (custom)
2019-10-01 23:43:03,811 [pool-549-thread-1] INFO  server.RaftServerConfigKeys (ConfUtils.java:logGet(43)) - raft.server.log.preallocated.size = 16384 (custom)
2019-10-01 23:43:03,811 [pool-549-thread-1] INFO  server.RaftServerConfigKeys (ConfUtils.java:logGet(43)) - raft.server.log.write.buffer.size = 33554432 (custom)
2019-10-01 23:43:03,811 [pool-549-thread-1] INFO  server.RaftServerConfigKeys (ConfUtils.java:logGet(43)) - raft.server.log.force.sync.num = 128 (default)
2019-10-01 23:43:03,811 [pool-549-thread-1] INFO  server.RaftServerConfigKeys (ConfUtils.java:logGet(43)) - raft.server.log.statemachine.data.sync = true (default)
2019-10-01 23:43:03,811 [pool-549-thread-1] INFO  server.RaftServerConfigKeys (ConfUtils.java:logGet(43)) - raft.server.log.statemachine.data.sync.timeout = 10s (default)
2019-10-01 23:43:03,811 [pool-549-thread-1] INFO  server.RaftServerConfigKeys (ConfUtils.java:logGet(43)) - raft.server.log.statemachine.data.sync.timeout.retry = -1 (default)
2019-10-01 23:43:03,812 [pool-549-thread-1] INFO  server.RaftServerConfigKeys (ConfUtils.java:logGet(43)) - raft.server.log.statemachine.data.caching.enabled = true (custom)
2019-10-01 23:43:03,812 [pool-549-thread-1] INFO  segmented.SegmentedRaftLogWorker (SegmentedRaftLogWorker.java:lambda$new$0(132)) - 07898822-8c63-49fb-90d4-e9d8d938329e@group-C863BA609711-SegmentedRaftLogWorker: flushIndex: setUnconditionally 0 -> -1
2019-10-01 23:43:03,812 [pool-549-thread-1] INFO  server.RaftServerConfigKeys (ConfUtils.java:logGet(43)) - raft.server.snapshot.auto.trigger.enabled = true (custom)
2019-10-01 23:43:03,812 [pool-549-thread-1] INFO  server.RaftServerConfigKeys (ConfUtils.java:logGet(43)) - raft.server.snapshot.auto.trigger.threshold = 10000 (custom)
2019-10-01 23:43:03,812 [pool-549-thread-1] INFO  server.RaftServerConfigKeys (ConfUtils.java:logGet(43)) - raft.server.snapshot.retention.num.files = 5 (custom)
2019-10-01 23:43:03,812 [pool-549-thread-1] INFO  server.RaftServerConfigKeys (ConfUtils.java:logGet(43)) - raft.server.retrycache.expirytime = 600000ms (custom)
2019-10-01 23:43:03,813 [pool-549-thread-1] INFO  impl.RaftServerImpl (RaftServerImpl.java:start(185)) - 07898822-8c63-49fb-90d4-e9d8d938329e@group-C863BA609711: start as a follower, conf=-1: [07898822-8c63-49fb-90d4-e9d8d938329e:192.168.164.203:37254], old=null
2019-10-01 23:43:03,813 [pool-549-thread-1] INFO  impl.RaftServerImpl (RaftServerImpl.java:setRole(174)) - 07898822-8c63-49fb-90d4-e9d8d938329e@group-C863BA609711: changes role from      null to FOLLOWER at term 0 for startAsFollower
2019-10-01 23:43:03,814 [pool-549-thread-1] INFO  impl.RoleInfo (RoleInfo.java:updateAndGet(143)) - 07898822-8c63-49fb-90d4-e9d8d938329e: start FollowerState
2019-10-01 23:43:03,814 [pool-549-thread-1] INFO  util.JmxRegister (JmxRegister.java:tryRegister(44)) - Successfully registered JMX Bean with object name Ratis:service=RaftServer,group=group-C863BA609711,id=07898822-8c63-49fb-90d4-e9d8d938329e
2019-10-01 23:43:03,818 [RatisPipelineUtilsThread] INFO  pipeline.PipelineStateManager (PipelineStateManager.java:addPipeline(56)) - Created pipeline Pipeline[ Id: c1f3e598-396c-411c-ab86-c863ba609711, Nodes: 07898822-8c63-49fb-90d4-e9d8d938329e{ip: 192.168.164.203, host: pr-hdds-2158-lzhrq-821698512, networkLocation: /default-rack, certSerialId: null}, Type:RATIS, Factor:ONE, State:OPEN]
2019-10-01 23:43:03,827 [grpc-default-executor-2] INFO  impl.RaftServerProxy (RaftServerProxy.java:addNew(89)) - 0de13eb4-6288-4f85-9c65-52a6109eecbe: addNew group-89247338B9B4:[0de13eb4-6288-4f85-9c65-52a6109eecbe:192.168.164.203:33642] returns group-89247338B9B4:java.util.concurrent.CompletableFuture@66fe53fa[Not completed]
2019-10-01 23:43:03,828 [pool-559-thread-1] INFO  impl.RaftServerImpl (RaftServerImpl.java:<init>(95)) - 0de13eb4-6288-4f85-9c65-52a6109eecbe: new RaftServerImpl for group-89247338B9B4:[0de13eb4-6288-4f85-9c65-52a6109eecbe:192.168.164.203:33642] with ContainerStateMachine:uninitialized
2019-10-01 23:43:03,829 [pool-559-thread-1] INFO  server.RaftServerConfigKeys (ConfUtils.java:logGet(43)) - raft.server.rpc.timeout.min = 5s (custom)
2019-10-01 23:43:03,829 [pool-559-thread-1] INFO  server.RaftServerConfigKeys (ConfUtils.java:logGet(43)) - raft.server.rpc.timeout.max = 5200ms (custom)
2019-10-01 23:43:03,829 [pool-559-thread-1] INFO  server.RaftServerConfigKeys (ConfUtils.java:logGet(43)) - raft.server.rpcslowness.timeout = 120s (custom)
2019-10-01 23:43:03,829 [pool-559-thread-1] INFO  server.RaftServerConfigKeys (ConfUtils.java:logGet(43)) - raft.server.sleep.deviation.threshold = 300 (default)
2019-10-01 23:43:03,829 [pool-559-thread-1] INFO  server.RaftServerConfigKeys (ConfUtils.java:logGet(43)) - raft.server.log.appender.install.snapshot.enabled = false (custom)
2019-10-01 23:43:03,829 [pool-559-thread-1] INFO  impl.RaftServerImpl (ServerState.java:<init>(103)) - 0de13eb4-6288-4f85-9c65-52a6109eecbe@group-89247338B9B4: ConfigurationManager, init=-1: [0de13eb4-6288-4f85-9c65-52a6109eecbe:192.168.164.203:33642], old=null, confs=<EMPTY_MAP>
2019-10-01 23:43:03,829 [pool-559-thread-1] INFO  server.RaftServerConfigKeys (ConfUtils.java:logGet(43)) - raft.server.storage.dir = [/workdir/hadoop-ozone/integration-test/target/test-dir/MiniOzoneClusterImpl-29179c81-74dc-4452-99b0-75c8569a4c78/datanode-6/data/ratis] (custom)
2019-10-01 23:43:03,830 [pool-559-thread-1] INFO  storage.RaftStorageDirectory (RaftStorageDirectory.java:analyzeStorage(246)) - The storage directory /workdir/hadoop-ozone/integration-test/target/test-dir/MiniOzoneClusterImpl-29179c81-74dc-4452-99b0-75c8569a4c78/datanode-6/data/ratis/d14f60c4-dc4c-46ab-9503-89247338b9b4 does not exist. Creating ...
2019-10-01 23:43:03,832 [pool-559-thread-1] INFO  storage.RaftStorageDirectory (RaftStorageDirectory.java:tryLock(328)) - Lock on /workdir/hadoop-ozone/integration-test/target/test-dir/MiniOzoneClusterImpl-29179c81-74dc-4452-99b0-75c8569a4c78/datanode-6/data/ratis/d14f60c4-dc4c-46ab-9503-89247338b9b4/in_use.lock acquired by nodename 5991@pr-hdds-2158-lzhrq-821698512
2019-10-01 23:43:03,836 [pool-559-thread-1] INFO  storage.RaftStorage (RaftStorage.java:format(72)) - Storage directory /workdir/hadoop-ozone/integration-test/target/test-dir/MiniOzoneClusterImpl-29179c81-74dc-4452-99b0-75c8569a4c78/datanode-6/data/ratis/d14f60c4-dc4c-46ab-9503-89247338b9b4 has been successfully formatted.
2019-10-01 23:43:03,836 [pool-559-thread-1] INFO  ratis.ContainerStateMachine (ContainerStateMachine.java:loadSnapshot(230)) - group-89247338B9B4: The snapshot info is null. Setting the last applied indexto:(t:0, i:~)
2019-10-01 23:43:03,836 [pool-559-thread-1] INFO  server.RaftServerConfigKeys (ConfUtils.java:logGet(43)) - raft.server.notification.no-leader.timeout = 120s (custom)
2019-10-01 23:43:03,836 [pool-559-thread-1] INFO  server.RaftServerConfigKeys (ConfUtils.java:logGet(43)) - raft.server.log.use.memory = false (default)
2019-10-01 23:43:03,836 [pool-559-thread-1] INFO  server.RaftServerConfigKeys (ConfUtils.java:logGet(43)) - raft.server.log.purge.gap = 1000000 (custom)
2019-10-01 23:43:03,836 [pool-559-thread-1] INFO  server.RaftServerConfigKeys (ConfUtils.java:logGet(43)) - raft.server.log.appender.buffer.byte-limit = 33554432 (custom)
2019-10-01 23:43:03,836 [pool-559-thread-1] INFO  server.RaftServerConfigKeys (ConfUtils.java:logGet(43)) - raft.server.log.segment.size.max = 1048576 (custom)
2019-10-01 23:43:03,836 [pool-559-thread-1] INFO  server.RaftServerConfigKeys (ConfUtils.java:logGet(43)) - raft.server.log.segment.cache.num.max = 2 (custom)
2019-10-01 23:43:03,836 [pool-559-thread-1] INFO  segmented.SegmentedRaftLogWorker (SegmentedRaftLogWorker.java:<init>(172)) - new 0de13eb4-6288-4f85-9c65-52a6109eecbe@group-89247338B9B4-SegmentedRaftLogWorker for RaftStorage:Storage Directory /workdir/hadoop-ozone/integration-test/target/test-dir/MiniOzoneClusterImpl-29179c81-74dc-4452-99b0-75c8569a4c78/datanode-6/data/ratis/d14f60c4-dc4c-46ab-9503-89247338b9b4
2019-10-01 23:43:03,838 [pool-559-thread-1] INFO  server.RaftServerConfigKeys (ConfUtils.java:logGet(43)) - raft.server.log.queue.byte-limit = 2147483647 (custom)
2019-10-01 23:43:03,838 [pool-559-thread-1] INFO  server.RaftServerConfigKeys (ConfUtils.java:logGet(43)) - raft.server.log.queue.element-limit = 1024 (custom)
2019-10-01 23:43:03,838 [pool-559-thread-1] INFO  server.RaftServerConfigKeys (ConfUtils.java:logGet(43)) - raft.server.log.segment.size.max = 1048576 (custom)
2019-10-01 23:43:03,838 [pool-559-thread-1] INFO  server.RaftServerConfigKeys (ConfUtils.java:logGet(43)) - raft.server.log.preallocated.size = 16384 (custom)
2019-10-01 23:43:03,838 [pool-559-thread-1] INFO  server.RaftServerConfigKeys (ConfUtils.java:logGet(43)) - raft.server.log.write.buffer.size = 33554432 (custom)
2019-10-01 23:43:03,838 [pool-559-thread-1] INFO  server.RaftServerConfigKeys (ConfUtils.java:logGet(43)) - raft.server.log.force.sync.num = 128 (default)
2019-10-01 23:43:03,838 [pool-559-thread-1] INFO  server.RaftServerConfigKeys (ConfUtils.java:logGet(43)) - raft.server.log.statemachine.data.sync = true (default)
2019-10-01 23:43:03,838 [pool-559-thread-1] INFO  server.RaftServerConfigKeys (ConfUtils.java:logGet(43)) - raft.server.log.statemachine.data.sync.timeout = 10s (default)
2019-10-01 23:43:03,838 [pool-559-thread-1] INFO  server.RaftServerConfigKeys (ConfUtils.java:logGet(43)) - raft.server.log.statemachine.data.sync.timeout.retry = -1 (default)
2019-10-01 23:43:03,839 [pool-559-thread-1] INFO  server.RaftServerConfigKeys (ConfUtils.java:logGet(43)) - raft.server.log.statemachine.data.caching.enabled = true (custom)
2019-10-01 23:43:03,839 [pool-559-thread-1] INFO  segmented.SegmentedRaftLogWorker (SegmentedRaftLogWorker.java:lambda$new$0(132)) - 0de13eb4-6288-4f85-9c65-52a6109eecbe@group-89247338B9B4-SegmentedRaftLogWorker: flushIndex: setUnconditionally 0 -> -1
2019-10-01 23:43:03,839 [pool-559-thread-1] INFO  server.RaftServerConfigKeys (ConfUtils.java:logGet(43)) - raft.server.snapshot.auto.trigger.enabled = true (custom)
2019-10-01 23:43:03,839 [pool-559-thread-1] INFO  server.RaftServerConfigKeys (ConfUtils.java:logGet(43)) - raft.server.snapshot.auto.trigger.threshold = 10000 (custom)
2019-10-01 23:43:03,839 [pool-559-thread-1] INFO  server.RaftServerConfigKeys (ConfUtils.java:logGet(43)) - raft.server.snapshot.retention.num.files = 5 (custom)
2019-10-01 23:43:03,839 [pool-559-thread-1] INFO  server.RaftServerConfigKeys (ConfUtils.java:logGet(43)) - raft.server.retrycache.expirytime = 600000ms (custom)
2019-10-01 23:43:03,840 [pool-559-thread-1] INFO  impl.RaftServerImpl (RaftServerImpl.java:start(185)) - 0de13eb4-6288-4f85-9c65-52a6109eecbe@group-89247338B9B4: start as a follower, conf=-1: [0de13eb4-6288-4f85-9c65-52a6109eecbe:192.168.164.203:33642], old=null
2019-10-01 23:43:03,841 [pool-559-thread-1] INFO  impl.RaftServerImpl (RaftServerImpl.java:setRole(174)) - 0de13eb4-6288-4f85-9c65-52a6109eecbe@group-89247338B9B4: changes role from      null to FOLLOWER at term 0 for startAsFollower
2019-10-01 23:43:03,841 [pool-559-thread-1] INFO  impl.RoleInfo (RoleInfo.java:updateAndGet(143)) - 0de13eb4-6288-4f85-9c65-52a6109eecbe: start FollowerState
2019-10-01 23:43:03,841 [pool-559-thread-1] INFO  util.JmxRegister (JmxRegister.java:tryRegister(44)) - Successfully registered JMX Bean with object name Ratis:service=RaftServer,group=group-89247338B9B4,id=0de13eb4-6288-4f85-9c65-52a6109eecbe
2019-10-01 23:43:03,845 [RatisPipelineUtilsThread] INFO  pipeline.PipelineStateManager (PipelineStateManager.java:addPipeline(56)) - Created pipeline Pipeline[ Id: d14f60c4-dc4c-46ab-9503-89247338b9b4, Nodes: 0de13eb4-6288-4f85-9c65-52a6109eecbe{ip: 192.168.164.203, host: pr-hdds-2158-lzhrq-821698512, networkLocation: /default-rack, certSerialId: null}, Type:RATIS, Factor:ONE, State:OPEN]
2019-10-01 23:43:04,711 [main] INFO  ozone.MiniOzoneClusterImpl (MiniOzoneClusterImpl.java:lambda$waitForClusterToBeReady$0(145)) - Cluster is ready. Got 7 of 7 DN Heartbeats.
2019-10-01 23:43:04,748 [main] INFO  rpc.RpcClient (RpcClient.java:createVolume(303)) - Creating Volume: testblockoutputstream, with jenkins1000 as owner.
2019-10-01 23:43:04,751 [IPC Server handler 1 on 42664] INFO  volume.OMVolumeCreateRequest (OMVolumeCreateRequest.java:validateAndUpdateCache(189)) - created volume:testblockoutputstream for user:jenkins1000
2019-10-01 23:43:04,765 [main] INFO  rpc.RpcClient (RpcClient.java:createBucket(442)) - Creating Bucket: testblockoutputstream/testblockoutputstream, with Versioning false and Storage Type set to DISK and Encryption set to false 
2019-10-01 23:43:04,791 [grpc-default-executor-2] INFO  client.GrpcClientProtocolClient (GrpcClientProtocolClient.java:onNext(264)) - client-2AD0C11FD30B->e784b38e-8a48-4160-bbb7-0e462182dee2: receive RaftClientReply:client-2AD0C11FD30B->e784b38e-8a48-4160-bbb7-0e462182dee2@group-3F930789C911, cid=215, FAILED org.apache.ratis.protocol.NotLeaderException: Server e784b38e-8a48-4160-bbb7-0e462182dee2@group-3F930789C911 is not the leader, logIndex=0, commits[e784b38e-8a48-4160-bbb7-0e462182dee2:c-1]
2019-10-01 23:43:05,808 [grpc-default-executor-3] INFO  client.GrpcClientProtocolClient (GrpcClientProtocolClient.java:onNext(264)) - client-2AD0C11FD30B->2c4f99a5-4d5c-4499-9504-878b029d86db: receive RaftClientReply:client-2AD0C11FD30B->2c4f99a5-4d5c-4499-9504-878b029d86db@group-3F930789C911, cid=215, FAILED org.apache.ratis.protocol.NotLeaderException: Server 2c4f99a5-4d5c-4499-9504-878b029d86db@group-3F930789C911 is not the leader, logIndex=0, commits[2c4f99a5-4d5c-4499-9504-878b029d86db:c-1]
2019-10-01 23:43:06,358 [Thread-3496] INFO  container.ReplicationManager (ReplicationManager.java:start(162)) - Starting Replication Monitor Thread.
2019-10-01 23:43:06,363 [ReplicationMonitor] INFO  container.ReplicationManager (ReplicationManager.java:run(225)) - Replication Monitor Thread took 0 milliseconds for processing 1 containers.
2019-10-01 23:43:06,816 [grpc-default-executor-2] INFO  client.GrpcClientProtocolClient (GrpcClientProtocolClient.java:onNext(264)) - client-2AD0C11FD30B->e784b38e-8a48-4160-bbb7-0e462182dee2: receive RaftClientReply:client-2AD0C11FD30B->e784b38e-8a48-4160-bbb7-0e462182dee2@group-3F930789C911, cid=215, FAILED org.apache.ratis.protocol.NotLeaderException: Server e784b38e-8a48-4160-bbb7-0e462182dee2@group-3F930789C911 is not the leader, logIndex=0, commits[e784b38e-8a48-4160-bbb7-0e462182dee2:c-1]
2019-10-01 23:43:07,844 [grpc-default-executor-2] INFO  client.GrpcClientProtocolClient (GrpcClientProtocolClient.java:onNext(264)) - client-2AD0C11FD30B->b8ac6586-d819-4f43-b802-0aef8ff35b46: receive RaftClientReply:client-2AD0C11FD30B->b8ac6586-d819-4f43-b802-0aef8ff35b46@group-3F930789C911, cid=215, FAILED org.apache.ratis.protocol.NotLeaderException: Server b8ac6586-d819-4f43-b802-0aef8ff35b46@group-3F930789C911 is not the leader, logIndex=0, commits[b8ac6586-d819-4f43-b802-0aef8ff35b46:c-1]
2019-10-01 23:43:08,520 [Thread-3501] INFO  impl.FollowerState (FollowerState.java:run(106)) - 2c4f99a5-4d5c-4499-9504-878b029d86db:group-048E7F66A113 changes to CANDIDATE, lastRpcTime:5033, electionTimeout:5033ms
2019-10-01 23:43:08,521 [Thread-3501] INFO  impl.RoleInfo (RoleInfo.java:shutdownFollowerState(121)) - 2c4f99a5-4d5c-4499-9504-878b029d86db: shutdown FollowerState
2019-10-01 23:43:08,521 [Thread-3501] INFO  impl.RaftServerImpl (RaftServerImpl.java:setRole(174)) - 2c4f99a5-4d5c-4499-9504-878b029d86db@group-048E7F66A113: changes role from  FOLLOWER to CANDIDATE at term 0 for changeToCandidate
2019-10-01 23:43:08,521 [Thread-3501] INFO  impl.RoleInfo (RoleInfo.java:updateAndGet(143)) - 2c4f99a5-4d5c-4499-9504-878b029d86db: start LeaderElection
2019-10-01 23:43:08,561 [2c4f99a5-4d5c-4499-9504-878b029d86db@group-048E7F66A113:LeaderElection72] INFO  impl.LeaderElection (LeaderElection.java:askForVotes(182)) - 2c4f99a5-4d5c-4499-9504-878b029d86db@group-048E7F66A113:LeaderElection72: begin an election at term 1 for -1: [2c4f99a5-4d5c-4499-9504-878b029d86db:192.168.164.203:41025], old=null
2019-10-01 23:43:08,561 [2c4f99a5-4d5c-4499-9504-878b029d86db@group-048E7F66A113:LeaderElection72] INFO  impl.RoleInfo (RoleInfo.java:shutdownLeaderElection(134)) - 2c4f99a5-4d5c-4499-9504-878b029d86db: shutdown LeaderElection
2019-10-01 23:43:08,561 [2c4f99a5-4d5c-4499-9504-878b029d86db@group-048E7F66A113:LeaderElection72] INFO  impl.RaftServerImpl (RaftServerImpl.java:setRole(174)) - 2c4f99a5-4d5c-4499-9504-878b029d86db@group-048E7F66A113: changes role from CANDIDATE to LEADER at term 1 for changeToLeader
2019-10-01 23:43:08,561 [2c4f99a5-4d5c-4499-9504-878b029d86db@group-048E7F66A113:LeaderElection72] INFO  impl.RaftServerImpl (ServerState.java:setLeader(253)) - 2c4f99a5-4d5c-4499-9504-878b029d86db@group-048E7F66A113: change Leader from null to 2c4f99a5-4d5c-4499-9504-878b029d86db at term 1 for becomeLeader, leader elected after 5080ms
2019-10-01 23:43:08,561 [2c4f99a5-4d5c-4499-9504-878b029d86db@group-048E7F66A113:LeaderElection72] INFO  server.RaftServerConfigKeys (ConfUtils.java:logGet(43)) - raft.server.staging.catchup.gap = 1000 (default)
2019-10-01 23:43:08,562 [2c4f99a5-4d5c-4499-9504-878b029d86db@group-048E7F66A113:LeaderElection72] INFO  server.RaftServerConfigKeys (ConfUtils.java:logGet(43)) - raft.server.rpc.sleep.time = 25ms (default)
2019-10-01 23:43:08,562 [2c4f99a5-4d5c-4499-9504-878b029d86db@group-048E7F66A113:LeaderElection72] INFO  server.RaftServerConfigKeys (ConfUtils.java:logGet(43)) - raft.server.write.element-limit = 4096 (default)
2019-10-01 23:43:08,562 [2c4f99a5-4d5c-4499-9504-878b029d86db@group-048E7F66A113:LeaderElection72] INFO  server.RaftServerConfigKeys (ConfUtils.java:logGet(43)) - raft.server.watch.timeout = 10s (default)
2019-10-01 23:43:08,562 [2c4f99a5-4d5c-4499-9504-878b029d86db@group-048E7F66A113:LeaderElection72] INFO  server.RaftServerConfigKeys (ConfUtils.java:logGet(43)) - raft.server.watch.timeout.denomination = 1s (default)
2019-10-01 23:43:08,563 [2c4f99a5-4d5c-4499-9504-878b029d86db@group-048E7F66A113:LeaderElection72] INFO  server.RaftServerConfigKeys (ConfUtils.java:logGet(43)) - raft.server.watch.element-limit = 65536 (default)
2019-10-01 23:43:08,563 [Thread-3504] INFO  impl.FollowerState (FollowerState.java:run(106)) - b8ac6586-d819-4f43-b802-0aef8ff35b46:group-BD49950243F9 changes to CANDIDATE, lastRpcTime:5030, electionTimeout:5030ms
2019-10-01 23:43:08,563 [Thread-3504] INFO  impl.RoleInfo (RoleInfo.java:shutdownFollowerState(121)) - b8ac6586-d819-4f43-b802-0aef8ff35b46: shutdown FollowerState
2019-10-01 23:43:08,563 [Thread-3504] INFO  impl.RaftServerImpl (RaftServerImpl.java:setRole(174)) - b8ac6586-d819-4f43-b802-0aef8ff35b46@group-BD49950243F9: changes role from  FOLLOWER to CANDIDATE at term 0 for changeToCandidate
2019-10-01 23:43:08,563 [Thread-3504] INFO  impl.RoleInfo (RoleInfo.java:updateAndGet(143)) - b8ac6586-d819-4f43-b802-0aef8ff35b46: start LeaderElection
2019-10-01 23:43:08,572 [2c4f99a5-4d5c-4499-9504-878b029d86db@group-048E7F66A113:LeaderElection72] INFO  impl.RoleInfo (RoleInfo.java:updateAndGet(143)) - 2c4f99a5-4d5c-4499-9504-878b029d86db: start LeaderState
2019-10-01 23:43:08,572 [2c4f99a5-4d5c-4499-9504-878b029d86db@group-048E7F66A113:LeaderElection72] INFO  segmented.SegmentedRaftLogWorker (SegmentedRaftLogWorker.java:startLogSegment(380)) - 2c4f99a5-4d5c-4499-9504-878b029d86db@group-048E7F66A113-SegmentedRaftLogWorker: Starting segment from index:0
2019-10-01 23:43:08,573 [2c4f99a5-4d5c-4499-9504-878b029d86db@group-048E7F66A113:LeaderElection72] INFO  impl.RaftServerImpl (ServerState.java:setRaftConf(354)) - 2c4f99a5-4d5c-4499-9504-878b029d86db@group-048E7F66A113: set configuration 0: [2c4f99a5-4d5c-4499-9504-878b029d86db:192.168.164.203:41025], old=null at 0
2019-10-01 23:43:08,576 [b8ac6586-d819-4f43-b802-0aef8ff35b46@group-BD49950243F9:LeaderElection73] INFO  impl.LeaderElection (LeaderElection.java:askForVotes(182)) - b8ac6586-d819-4f43-b802-0aef8ff35b46@group-BD49950243F9:LeaderElection73: begin an election at term 1 for -1: [b8ac6586-d819-4f43-b802-0aef8ff35b46:192.168.164.203:39340], old=null
2019-10-01 23:43:08,576 [b8ac6586-d819-4f43-b802-0aef8ff35b46@group-BD49950243F9:LeaderElection73] INFO  impl.RoleInfo (RoleInfo.java:shutdownLeaderElection(134)) - b8ac6586-d819-4f43-b802-0aef8ff35b46: shutdown LeaderElection
2019-10-01 23:43:08,576 [b8ac6586-d819-4f43-b802-0aef8ff35b46@group-BD49950243F9:LeaderElection73] INFO  impl.RaftServerImpl (RaftServerImpl.java:setRole(174)) - b8ac6586-d819-4f43-b802-0aef8ff35b46@group-BD49950243F9: changes role from CANDIDATE to LEADER at term 1 for changeToLeader
2019-10-01 23:43:08,576 [b8ac6586-d819-4f43-b802-0aef8ff35b46@group-BD49950243F9:LeaderElection73] INFO  impl.RaftServerImpl (ServerState.java:setLeader(253)) - b8ac6586-d819-4f43-b802-0aef8ff35b46@group-BD49950243F9: change Leader from null to b8ac6586-d819-4f43-b802-0aef8ff35b46 at term 1 for becomeLeader, leader elected after 5049ms
2019-10-01 23:43:08,577 [b8ac6586-d819-4f43-b802-0aef8ff35b46@group-BD49950243F9:LeaderElection73] INFO  server.RaftServerConfigKeys (ConfUtils.java:logGet(43)) - raft.server.staging.catchup.gap = 1000 (default)
2019-10-01 23:43:08,577 [b8ac6586-d819-4f43-b802-0aef8ff35b46@group-BD49950243F9:LeaderElection73] INFO  server.RaftServerConfigKeys (ConfUtils.java:logGet(43)) - raft.server.rpc.sleep.time = 25ms (default)
2019-10-01 23:43:08,577 [b8ac6586-d819-4f43-b802-0aef8ff35b46@group-BD49950243F9:LeaderElection73] INFO  server.RaftServerConfigKeys (ConfUtils.java:logGet(43)) - raft.server.write.element-limit = 4096 (default)
2019-10-01 23:43:08,577 [b8ac6586-d819-4f43-b802-0aef8ff35b46@group-BD49950243F9:LeaderElection73] INFO  server.RaftServerConfigKeys (ConfUtils.java:logGet(43)) - raft.server.watch.timeout = 10s (default)
2019-10-01 23:43:08,577 [b8ac6586-d819-4f43-b802-0aef8ff35b46@group-BD49950243F9:LeaderElection73] INFO  server.RaftServerConfigKeys (ConfUtils.java:logGet(43)) - raft.server.watch.timeout.denomination = 1s (default)
2019-10-01 23:43:08,577 [b8ac6586-d819-4f43-b802-0aef8ff35b46@group-BD49950243F9:LeaderElection73] INFO  server.RaftServerConfigKeys (ConfUtils.java:logGet(43)) - raft.server.watch.element-limit = 65536 (default)
2019-10-01 23:43:08,579 [b8ac6586-d819-4f43-b802-0aef8ff35b46@group-BD49950243F9:LeaderElection73] INFO  impl.RoleInfo (RoleInfo.java:updateAndGet(143)) - b8ac6586-d819-4f43-b802-0aef8ff35b46: start LeaderState
2019-10-01 23:43:08,579 [b8ac6586-d819-4f43-b802-0aef8ff35b46@group-BD49950243F9:LeaderElection73] INFO  segmented.SegmentedRaftLogWorker (SegmentedRaftLogWorker.java:startLogSegment(380)) - b8ac6586-d819-4f43-b802-0aef8ff35b46@group-BD49950243F9-SegmentedRaftLogWorker: Starting segment from index:0
2019-10-01 23:43:08,580 [b8ac6586-d819-4f43-b802-0aef8ff35b46@group-BD49950243F9:LeaderElection73] INFO  impl.RaftServerImpl (ServerState.java:setRaftConf(354)) - b8ac6586-d819-4f43-b802-0aef8ff35b46@group-BD49950243F9: set configuration 0: [b8ac6586-d819-4f43-b802-0aef8ff35b46:192.168.164.203:39340], old=null at 0
2019-10-01 23:43:08,589 [Thread-3498] INFO  impl.FollowerState (FollowerState.java:run(106)) - 62a7363a-1701-4ee6-9c91-e357e3084c98:group-2FD01475F615 changes to CANDIDATE, lastRpcTime:5164, electionTimeout:5164ms
2019-10-01 23:43:08,589 [Thread-3498] INFO  impl.RoleInfo (RoleInfo.java:shutdownFollowerState(121)) - 62a7363a-1701-4ee6-9c91-e357e3084c98: shutdown FollowerState
2019-10-01 23:43:08,589 [Thread-3498] INFO  impl.RaftServerImpl (RaftServerImpl.java:setRole(174)) - 62a7363a-1701-4ee6-9c91-e357e3084c98@group-2FD01475F615: changes role from  FOLLOWER to CANDIDATE at term 0 for changeToCandidate
2019-10-01 23:43:08,589 [Thread-3498] INFO  impl.RoleInfo (RoleInfo.java:updateAndGet(143)) - 62a7363a-1701-4ee6-9c91-e357e3084c98: start LeaderElection
2019-10-01 23:43:08,619 [2c4f99a5-4d5c-4499-9504-878b029d86db@group-048E7F66A113-SegmentedRaftLogWorker] INFO  segmented.SegmentedRaftLogWorker (SegmentedRaftLogWorker.java:execute(569)) - 2c4f99a5-4d5c-4499-9504-878b029d86db@group-048E7F66A113-SegmentedRaftLogWorker: created new log segment /workdir/hadoop-ozone/integration-test/target/test-dir/MiniOzoneClusterImpl-29179c81-74dc-4452-99b0-75c8569a4c78/datanode-1/data/ratis/7a17bb79-5a56-4980-b146-048e7f66a113/current/log_inprogress_0
2019-10-01 23:43:08,619 [b8ac6586-d819-4f43-b802-0aef8ff35b46@group-BD49950243F9-SegmentedRaftLogWorker] INFO  segmented.SegmentedRaftLogWorker (SegmentedRaftLogWorker.java:execute(569)) - b8ac6586-d819-4f43-b802-0aef8ff35b46@group-BD49950243F9-SegmentedRaftLogWorker: created new log segment /workdir/hadoop-ozone/integration-test/target/test-dir/MiniOzoneClusterImpl-29179c81-74dc-4452-99b0-75c8569a4c78/datanode-2/data/ratis/e4556d34-7aeb-4d29-a7d2-bd49950243f9/current/log_inprogress_0
2019-10-01 23:43:08,619 [62a7363a-1701-4ee6-9c91-e357e3084c98@group-2FD01475F615:LeaderElection74] INFO  impl.LeaderElection (LeaderElection.java:askForVotes(182)) - 62a7363a-1701-4ee6-9c91-e357e3084c98@group-2FD01475F615:LeaderElection74: begin an election at term 1 for -1: [62a7363a-1701-4ee6-9c91-e357e3084c98:192.168.164.203:46283], old=null
2019-10-01 23:43:08,619 [62a7363a-1701-4ee6-9c91-e357e3084c98@group-2FD01475F615:LeaderElection74] INFO  impl.RoleInfo (RoleInfo.java:shutdownLeaderElection(134)) - 62a7363a-1701-4ee6-9c91-e357e3084c98: shutdown LeaderElection
2019-10-01 23:43:08,620 [62a7363a-1701-4ee6-9c91-e357e3084c98@group-2FD01475F615:LeaderElection74] INFO  impl.RaftServerImpl (RaftServerImpl.java:setRole(174)) - 62a7363a-1701-4ee6-9c91-e357e3084c98@group-2FD01475F615: changes role from CANDIDATE to LEADER at term 1 for changeToLeader
2019-10-01 23:43:08,620 [62a7363a-1701-4ee6-9c91-e357e3084c98@group-2FD01475F615:LeaderElection74] INFO  impl.RaftServerImpl (ServerState.java:setLeader(253)) - 62a7363a-1701-4ee6-9c91-e357e3084c98@group-2FD01475F615: change Leader from null to 62a7363a-1701-4ee6-9c91-e357e3084c98 at term 1 for becomeLeader, leader elected after 5204ms
2019-10-01 23:43:08,620 [62a7363a-1701-4ee6-9c91-e357e3084c98@group-2FD01475F615:LeaderElection74] INFO  server.RaftServerConfigKeys (ConfUtils.java:logGet(43)) - raft.server.staging.catchup.gap = 1000 (default)
2019-10-01 23:43:08,620 [62a7363a-1701-4ee6-9c91-e357e3084c98@group-2FD01475F615:LeaderElection74] INFO  server.RaftServerConfigKeys (ConfUtils.java:logGet(43)) - raft.server.rpc.sleep.time = 25ms (default)
2019-10-01 23:43:08,620 [62a7363a-1701-4ee6-9c91-e357e3084c98@group-2FD01475F615:LeaderElection74] INFO  server.RaftServerConfigKeys (ConfUtils.java:logGet(43)) - raft.server.write.element-limit = 4096 (default)
2019-10-01 23:43:08,620 [62a7363a-1701-4ee6-9c91-e357e3084c98@group-2FD01475F615:LeaderElection74] INFO  server.RaftServerConfigKeys (ConfUtils.java:logGet(43)) - raft.server.watch.timeout = 10s (default)
2019-10-01 23:43:08,620 [62a7363a-1701-4ee6-9c91-e357e3084c98@group-2FD01475F615:LeaderElection74] INFO  server.RaftServerConfigKeys (ConfUtils.java:logGet(43)) - raft.server.watch.timeout.denomination = 1s (default)
2019-10-01 23:43:08,621 [62a7363a-1701-4ee6-9c91-e357e3084c98@group-2FD01475F615:LeaderElection74] INFO  server.RaftServerConfigKeys (ConfUtils.java:logGet(43)) - raft.server.watch.element-limit = 65536 (default)
2019-10-01 23:43:08,623 [62a7363a-1701-4ee6-9c91-e357e3084c98@group-2FD01475F615:LeaderElection74] INFO  impl.RoleInfo (RoleInfo.java:updateAndGet(143)) - 62a7363a-1701-4ee6-9c91-e357e3084c98: start LeaderState
2019-10-01 23:43:08,623 [62a7363a-1701-4ee6-9c91-e357e3084c98@group-2FD01475F615:LeaderElection74] INFO  segmented.SegmentedRaftLogWorker (SegmentedRaftLogWorker.java:startLogSegment(380)) - 62a7363a-1701-4ee6-9c91-e357e3084c98@group-2FD01475F615-SegmentedRaftLogWorker: Starting segment from index:0
2019-10-01 23:43:08,623 [62a7363a-1701-4ee6-9c91-e357e3084c98@group-2FD01475F615:LeaderElection74] INFO  impl.RaftServerImpl (ServerState.java:setRaftConf(354)) - 62a7363a-1701-4ee6-9c91-e357e3084c98@group-2FD01475F615: set configuration 0: [62a7363a-1701-4ee6-9c91-e357e3084c98:192.168.164.203:46283], old=null at 0
2019-10-01 23:43:08,664 [62a7363a-1701-4ee6-9c91-e357e3084c98@group-2FD01475F615-SegmentedRaftLogWorker] INFO  segmented.SegmentedRaftLogWorker (SegmentedRaftLogWorker.java:execute(569)) - 62a7363a-1701-4ee6-9c91-e357e3084c98@group-2FD01475F615-SegmentedRaftLogWorker: created new log segment /workdir/hadoop-ozone/integration-test/target/test-dir/MiniOzoneClusterImpl-29179c81-74dc-4452-99b0-75c8569a4c78/datanode-0/data/ratis/14924d7e-820d-4e7f-97e3-2fd01475f615/current/log_inprogress_0
2019-10-01 23:43:08,671 [Thread-3507] INFO  impl.FollowerState (FollowerState.java:run(106)) - e784b38e-8a48-4160-bbb7-0e462182dee2:group-84CBF7320397 changes to CANDIDATE, lastRpcTime:5091, electionTimeout:5091ms
2019-10-01 23:43:08,671 [Thread-3507] INFO  impl.RoleInfo (RoleInfo.java:shutdownFollowerState(121)) - e784b38e-8a48-4160-bbb7-0e462182dee2: shutdown FollowerState
2019-10-01 23:43:08,672 [Thread-3507] INFO  impl.RaftServerImpl (RaftServerImpl.java:setRole(174)) - e784b38e-8a48-4160-bbb7-0e462182dee2@group-84CBF7320397: changes role from  FOLLOWER to CANDIDATE at term 0 for changeToCandidate
2019-10-01 23:43:08,672 [Thread-3507] INFO  impl.RoleInfo (RoleInfo.java:updateAndGet(143)) - e784b38e-8a48-4160-bbb7-0e462182dee2: start LeaderElection
2019-10-01 23:43:08,687 [e784b38e-8a48-4160-bbb7-0e462182dee2@group-84CBF7320397:LeaderElection75] INFO  impl.LeaderElection (LeaderElection.java:askForVotes(182)) - e784b38e-8a48-4160-bbb7-0e462182dee2@group-84CBF7320397:LeaderElection75: begin an election at term 1 for -1: [e784b38e-8a48-4160-bbb7-0e462182dee2:192.168.164.203:41328], old=null
2019-10-01 23:43:08,687 [e784b38e-8a48-4160-bbb7-0e462182dee2@group-84CBF7320397:LeaderElection75] INFO  impl.RoleInfo (RoleInfo.java:shutdownLeaderElection(134)) - e784b38e-8a48-4160-bbb7-0e462182dee2: shutdown LeaderElection
2019-10-01 23:43:08,687 [e784b38e-8a48-4160-bbb7-0e462182dee2@group-84CBF7320397:LeaderElection75] INFO  impl.RaftServerImpl (RaftServerImpl.java:setRole(174)) - e784b38e-8a48-4160-bbb7-0e462182dee2@group-84CBF7320397: changes role from CANDIDATE to LEADER at term 1 for changeToLeader
2019-10-01 23:43:08,687 [e784b38e-8a48-4160-bbb7-0e462182dee2@group-84CBF7320397:LeaderElection75] INFO  impl.RaftServerImpl (ServerState.java:setLeader(253)) - e784b38e-8a48-4160-bbb7-0e462182dee2@group-84CBF7320397: change Leader from null to e784b38e-8a48-4160-bbb7-0e462182dee2 at term 1 for becomeLeader, leader elected after 5114ms
2019-10-01 23:43:08,687 [e784b38e-8a48-4160-bbb7-0e462182dee2@group-84CBF7320397:LeaderElection75] INFO  server.RaftServerConfigKeys (ConfUtils.java:logGet(43)) - raft.server.staging.catchup.gap = 1000 (default)
2019-10-01 23:43:08,688 [e784b38e-8a48-4160-bbb7-0e462182dee2@group-84CBF7320397:LeaderElection75] INFO  server.RaftServerConfigKeys (ConfUtils.java:logGet(43)) - raft.server.rpc.sleep.time = 25ms (default)
2019-10-01 23:43:08,688 [e784b38e-8a48-4160-bbb7-0e462182dee2@group-84CBF7320397:LeaderElection75] INFO  server.RaftServerConfigKeys (ConfUtils.java:logGet(43)) - raft.server.write.element-limit = 4096 (default)
2019-10-01 23:43:08,688 [e784b38e-8a48-4160-bbb7-0e462182dee2@group-84CBF7320397:LeaderElection75] INFO  server.RaftServerConfigKeys (ConfUtils.java:logGet(43)) - raft.server.watch.timeout = 10s (default)
2019-10-01 23:43:08,688 [e784b38e-8a48-4160-bbb7-0e462182dee2@group-84CBF7320397:LeaderElection75] INFO  server.RaftServerConfigKeys (ConfUtils.java:logGet(43)) - raft.server.watch.timeout.denomination = 1s (default)
2019-10-01 23:43:08,688 [e784b38e-8a48-4160-bbb7-0e462182dee2@group-84CBF7320397:LeaderElection75] INFO  server.RaftServerConfigKeys (ConfUtils.java:logGet(43)) - raft.server.watch.element-limit = 65536 (default)
2019-10-01 23:43:08,689 [Thread-3514] INFO  impl.FollowerState (FollowerState.java:run(106)) - b8ac6586-d819-4f43-b802-0aef8ff35b46:group-3F930789C911 changes to CANDIDATE, lastRpcTime:5029, electionTimeout:5029ms
2019-10-01 23:43:08,689 [Thread-3514] INFO  impl.RoleInfo (RoleInfo.java:shutdownFollowerState(121)) - b8ac6586-d819-4f43-b802-0aef8ff35b46: shutdown FollowerState
2019-10-01 23:43:08,689 [Thread-3514] INFO  impl.RaftServerImpl (RaftServerImpl.java:setRole(174)) - b8ac6586-d819-4f43-b802-0aef8ff35b46@group-3F930789C911: changes role from  FOLLOWER to CANDIDATE at term 0 for changeToCandidate
2019-10-01 23:43:08,689 [e784b38e-8a48-4160-bbb7-0e462182dee2@group-84CBF7320397:LeaderElection75] INFO  impl.RoleInfo (RoleInfo.java:updateAndGet(143)) - e784b38e-8a48-4160-bbb7-0e462182dee2: start LeaderState
2019-10-01 23:43:08,689 [Thread-3514] INFO  impl.RoleInfo (RoleInfo.java:updateAndGet(143)) - b8ac6586-d819-4f43-b802-0aef8ff35b46: start LeaderElection
2019-10-01 23:43:08,689 [e784b38e-8a48-4160-bbb7-0e462182dee2@group-84CBF7320397:LeaderElection75] INFO  segmented.SegmentedRaftLogWorker (SegmentedRaftLogWorker.java:startLogSegment(380)) - e784b38e-8a48-4160-bbb7-0e462182dee2@group-84CBF7320397-SegmentedRaftLogWorker: Starting segment from index:0
2019-10-01 23:43:08,693 [e784b38e-8a48-4160-bbb7-0e462182dee2@group-84CBF7320397:LeaderElection75] INFO  impl.RaftServerImpl (ServerState.java:setRaftConf(354)) - e784b38e-8a48-4160-bbb7-0e462182dee2@group-84CBF7320397: set configuration 0: [e784b38e-8a48-4160-bbb7-0e462182dee2:192.168.164.203:41328], old=null at 0
2019-10-01 23:43:08,698 [b8ac6586-d819-4f43-b802-0aef8ff35b46@group-3F930789C911:LeaderElection76] INFO  impl.LeaderElection (LeaderElection.java:askForVotes(182)) - b8ac6586-d819-4f43-b802-0aef8ff35b46@group-3F930789C911:LeaderElection76: begin an election at term 1 for -1: [b8ac6586-d819-4f43-b802-0aef8ff35b46:192.168.164.203:39340, 2c4f99a5-4d5c-4499-9504-878b029d86db:192.168.164.203:41025, e784b38e-8a48-4160-bbb7-0e462182dee2:192.168.164.203:41328], old=null
2019-10-01 23:43:08,701 [grpc-default-executor-3] INFO  impl.RaftServerImpl (RaftServerImpl.java:setRole(174)) - e784b38e-8a48-4160-bbb7-0e462182dee2@group-3F930789C911: changes role from  FOLLOWER to FOLLOWER at term 1 for recognizeCandidate:b8ac6586-d819-4f43-b802-0aef8ff35b46
2019-10-01 23:43:08,701 [grpc-default-executor-2] INFO  impl.RaftServerImpl (RaftServerImpl.java:setRole(174)) - 2c4f99a5-4d5c-4499-9504-878b029d86db@group-3F930789C911: changes role from  FOLLOWER to FOLLOWER at term 1 for recognizeCandidate:b8ac6586-d819-4f43-b802-0aef8ff35b46
2019-10-01 23:43:08,701 [grpc-default-executor-3] INFO  impl.RoleInfo (RoleInfo.java:shutdownFollowerState(121)) - e784b38e-8a48-4160-bbb7-0e462182dee2: shutdown FollowerState
2019-10-01 23:43:08,701 [grpc-default-executor-2] INFO  impl.RoleInfo (RoleInfo.java:shutdownFollowerState(121)) - 2c4f99a5-4d5c-4499-9504-878b029d86db: shutdown FollowerState
2019-10-01 23:43:08,702 [grpc-default-executor-3] INFO  impl.RoleInfo (RoleInfo.java:updateAndGet(143)) - e784b38e-8a48-4160-bbb7-0e462182dee2: start FollowerState
2019-10-01 23:43:08,702 [grpc-default-executor-2] INFO  impl.RoleInfo (RoleInfo.java:updateAndGet(143)) - 2c4f99a5-4d5c-4499-9504-878b029d86db: start FollowerState
2019-10-01 23:43:08,702 [Thread-3512] INFO  impl.FollowerState (FollowerState.java:run(115)) - 2c4f99a5-4d5c-4499-9504-878b029d86db: FollowerState was interrupted: java.lang.InterruptedException: sleep interrupted
2019-10-01 23:43:08,702 [Thread-3515] INFO  impl.FollowerState (FollowerState.java:run(115)) - e784b38e-8a48-4160-bbb7-0e462182dee2: FollowerState was interrupted: java.lang.InterruptedException: sleep interrupted
2019-10-01 23:43:08,727 [e784b38e-8a48-4160-bbb7-0e462182dee2@group-84CBF7320397-SegmentedRaftLogWorker] INFO  segmented.SegmentedRaftLogWorker (SegmentedRaftLogWorker.java:execute(569)) - e784b38e-8a48-4160-bbb7-0e462182dee2@group-84CBF7320397-SegmentedRaftLogWorker: created new log segment /workdir/hadoop-ozone/integration-test/target/test-dir/MiniOzoneClusterImpl-29179c81-74dc-4452-99b0-75c8569a4c78/datanode-3/data/ratis/14e3e8f5-87a1-4246-b250-84cbf7320397/current/log_inprogress_0
2019-10-01 23:43:08,749 [Thread-3524] INFO  impl.FollowerState (FollowerState.java:run(106)) - 07898822-8c63-49fb-90d4-e9d8d938329e:group-B271932CB0F1 changes to CANDIDATE, lastRpcTime:5024, electionTimeout:5019ms
2019-10-01 23:43:08,750 [Thread-3524] INFO  impl.RoleInfo (RoleInfo.java:shutdownFollowerState(121)) - 07898822-8c63-49fb-90d4-e9d8d938329e: shutdown FollowerState
2019-10-01 23:43:08,750 [Thread-3524] INFO  impl.RaftServerImpl (RaftServerImpl.java:setRole(174)) - 07898822-8c63-49fb-90d4-e9d8d938329e@group-B271932CB0F1: changes role from  FOLLOWER to CANDIDATE at term 0 for changeToCandidate
2019-10-01 23:43:08,750 [b8ac6586-d819-4f43-b802-0aef8ff35b46@group-3F930789C911:LeaderElection76] INFO  impl.LeaderElection (LeaderElection.java:logAndReturn(56)) - b8ac6586-d819-4f43-b802-0aef8ff35b46@group-3F930789C911:LeaderElection76: Election PASSED; received 1 response(s) [b8ac6586-d819-4f43-b802-0aef8ff35b46<-2c4f99a5-4d5c-4499-9504-878b029d86db#0:OK-t1] and 0 exception(s); b8ac6586-d819-4f43-b802-0aef8ff35b46@group-3F930789C911:t1, leader=null, voted=b8ac6586-d819-4f43-b802-0aef8ff35b46, raftlog=b8ac6586-d819-4f43-b802-0aef8ff35b46@group-3F930789C911-SegmentedRaftLog:OPENED:c-1,f-1,i0, conf=-1: [b8ac6586-d819-4f43-b802-0aef8ff35b46:192.168.164.203:39340, 2c4f99a5-4d5c-4499-9504-878b029d86db:192.168.164.203:41025, e784b38e-8a48-4160-bbb7-0e462182dee2:192.168.164.203:41328], old=null
2019-10-01 23:43:08,750 [Thread-3524] INFO  impl.RoleInfo (RoleInfo.java:updateAndGet(143)) - 07898822-8c63-49fb-90d4-e9d8d938329e: start LeaderElection
2019-10-01 23:43:08,750 [b8ac6586-d819-4f43-b802-0aef8ff35b46@group-3F930789C911:LeaderElection76] INFO  impl.RoleInfo (RoleInfo.java:shutdownLeaderElection(134)) - b8ac6586-d819-4f43-b802-0aef8ff35b46: shutdown LeaderElection
2019-10-01 23:43:08,753 [b8ac6586-d819-4f43-b802-0aef8ff35b46@group-3F930789C911:LeaderElection76] INFO  impl.RaftServerImpl (RaftServerImpl.java:setRole(174)) - b8ac6586-d819-4f43-b802-0aef8ff35b46@group-3F930789C911: changes role from CANDIDATE to LEADER at term 1 for changeToLeader
2019-10-01 23:43:08,753 [b8ac6586-d819-4f43-b802-0aef8ff35b46@group-3F930789C911:LeaderElection76] INFO  impl.RaftServerImpl (ServerState.java:setLeader(253)) - b8ac6586-d819-4f43-b802-0aef8ff35b46@group-3F930789C911: change Leader from null to b8ac6586-d819-4f43-b802-0aef8ff35b46 at term 1 for becomeLeader, leader elected after 5109ms
2019-10-01 23:43:08,756 [b8ac6586-d819-4f43-b802-0aef8ff35b46@group-3F930789C911:LeaderElection76] INFO  server.RaftServerConfigKeys (ConfUtils.java:logGet(43)) - raft.server.staging.catchup.gap = 1000 (default)
2019-10-01 23:43:08,761 [b8ac6586-d819-4f43-b802-0aef8ff35b46@group-3F930789C911:LeaderElection76] INFO  server.RaftServerConfigKeys (ConfUtils.java:logGet(43)) - raft.server.rpc.sleep.time = 25ms (default)
2019-10-01 23:43:08,761 [b8ac6586-d819-4f43-b802-0aef8ff35b46@group-3F930789C911:LeaderElection76] INFO  server.RaftServerConfigKeys (ConfUtils.java:logGet(43)) - raft.server.write.element-limit = 4096 (default)
2019-10-01 23:43:08,761 [b8ac6586-d819-4f43-b802-0aef8ff35b46@group-3F930789C911:LeaderElection76] INFO  server.RaftServerConfigKeys (ConfUtils.java:logGet(43)) - raft.server.watch.timeout = 10s (default)
2019-10-01 23:43:08,761 [b8ac6586-d819-4f43-b802-0aef8ff35b46@group-3F930789C911:LeaderElection76] INFO  server.RaftServerConfigKeys (ConfUtils.java:logGet(43)) - raft.server.watch.timeout.denomination = 1s (default)
2019-10-01 23:43:08,761 [b8ac6586-d819-4f43-b802-0aef8ff35b46@group-3F930789C911:LeaderElection76] INFO  server.RaftServerConfigKeys (ConfUtils.java:logGet(43)) - raft.server.watch.element-limit = 65536 (default)
2019-10-01 23:43:08,763 [b8ac6586-d819-4f43-b802-0aef8ff35b46@group-3F930789C911:LeaderElection76] INFO  server.RaftServerConfigKeys (ConfUtils.java:logGet(43)) - raft.server.log.appender.snapshot.chunk.size.max = 16MB (=16777216) (default)
2019-10-01 23:43:08,763 [b8ac6586-d819-4f43-b802-0aef8ff35b46@group-3F930789C911:LeaderElection76] INFO  server.RaftServerConfigKeys (ConfUtils.java:logGet(43)) - raft.server.log.appender.buffer.byte-limit = 33554432 (custom)
2019-10-01 23:43:08,763 [b8ac6586-d819-4f43-b802-0aef8ff35b46@group-3F930789C911:LeaderElection76] INFO  server.RaftServerConfigKeys (ConfUtils.java:logGet(43)) - raft.server.log.appender.buffer.element-limit = 1 (custom)
2019-10-01 23:43:08,764 [b8ac6586-d819-4f43-b802-0aef8ff35b46@group-3F930789C911:LeaderElection76] INFO  grpc.GrpcConfigKeys$Server (ConfUtils.java:logGet(43)) - raft.grpc.server.leader.outstanding.appends.max = 128 (default)
2019-10-01 23:43:08,764 [b8ac6586-d819-4f43-b802-0aef8ff35b46@group-3F930789C911:LeaderElection76] INFO  server.RaftServerConfigKeys (ConfUtils.java:logGet(43)) - raft.server.rpc.request.timeout = 3000ms (default)
2019-10-01 23:43:08,764 [b8ac6586-d819-4f43-b802-0aef8ff35b46@group-3F930789C911:LeaderElection76] INFO  server.RaftServerConfigKeys (ConfUtils.java:logGet(43)) - raft.server.log.appender.install.snapshot.enabled = false (custom)
2019-10-01 23:43:08,764 [b8ac6586-d819-4f43-b802-0aef8ff35b46@group-3F930789C911:LeaderElection76] INFO  server.RaftServerConfigKeys (ConfUtils.java:logGet(43)) - raft.server.log.appender.snapshot.chunk.size.max = 16MB (=16777216) (default)
2019-10-01 23:43:08,764 [b8ac6586-d819-4f43-b802-0aef8ff35b46@group-3F930789C911:LeaderElection76] INFO  server.RaftServerConfigKeys (ConfUtils.java:logGet(43)) - raft.server.log.appender.buffer.byte-limit = 33554432 (custom)
2019-10-01 23:43:08,765 [b8ac6586-d819-4f43-b802-0aef8ff35b46@group-3F930789C911:LeaderElection76] INFO  server.RaftServerConfigKeys (ConfUtils.java:logGet(43)) - raft.server.log.appender.buffer.element-limit = 1 (custom)
2019-10-01 23:43:08,765 [b8ac6586-d819-4f43-b802-0aef8ff35b46@group-3F930789C911:LeaderElection76] INFO  grpc.GrpcConfigKeys$Server (ConfUtils.java:logGet(43)) - raft.grpc.server.leader.outstanding.appends.max = 128 (default)
2019-10-01 23:43:08,765 [b8ac6586-d819-4f43-b802-0aef8ff35b46@group-3F930789C911:LeaderElection76] INFO  server.RaftServerConfigKeys (ConfUtils.java:logGet(43)) - raft.server.rpc.request.timeout = 3000ms (default)
2019-10-01 23:43:08,765 [b8ac6586-d819-4f43-b802-0aef8ff35b46@group-3F930789C911:LeaderElection76] INFO  server.RaftServerConfigKeys (ConfUtils.java:logGet(43)) - raft.server.log.appender.install.snapshot.enabled = false (custom)
2019-10-01 23:43:08,765 [b8ac6586-d819-4f43-b802-0aef8ff35b46@group-3F930789C911:LeaderElection76] INFO  impl.RoleInfo (RoleInfo.java:updateAndGet(143)) - b8ac6586-d819-4f43-b802-0aef8ff35b46: start LeaderState
2019-10-01 23:43:08,765 [b8ac6586-d819-4f43-b802-0aef8ff35b46@group-3F930789C911:LeaderElection76] INFO  segmented.SegmentedRaftLogWorker (SegmentedRaftLogWorker.java:startLogSegment(380)) - b8ac6586-d819-4f43-b802-0aef8ff35b46@group-3F930789C911-SegmentedRaftLogWorker: Starting segment from index:0
2019-10-01 23:43:08,766 [b8ac6586-d819-4f43-b802-0aef8ff35b46@group-3F930789C911:LeaderElection76] INFO  impl.RaftServerImpl (ServerState.java:setRaftConf(354)) - b8ac6586-d819-4f43-b802-0aef8ff35b46@group-3F930789C911: set configuration 0: [b8ac6586-d819-4f43-b802-0aef8ff35b46:192.168.164.203:39340, 2c4f99a5-4d5c-4499-9504-878b029d86db:192.168.164.203:41025, e784b38e-8a48-4160-bbb7-0e462182dee2:192.168.164.203:41328], old=null at 0
2019-10-01 23:43:08,791 [07898822-8c63-49fb-90d4-e9d8d938329e@group-B271932CB0F1:LeaderElection77] INFO  impl.LeaderElection (LeaderElection.java:askForVotes(182)) - 07898822-8c63-49fb-90d4-e9d8d938329e@group-B271932CB0F1:LeaderElection77: begin an election at term 1 for -1: [62a7363a-1701-4ee6-9c91-e357e3084c98:192.168.164.203:46283, 07898822-8c63-49fb-90d4-e9d8d938329e:192.168.164.203:37254, fa52477f-780a-4557-b700-0a1c4479f4d6:192.168.164.203:46494], old=null
2019-10-01 23:43:08,791 [Thread-3523] INFO  impl.FollowerState (FollowerState.java:run(106)) - fa52477f-780a-4557-b700-0a1c4479f4d6:group-B271932CB0F1 changes to CANDIDATE, lastRpcTime:5066, electionTimeout:5043ms
2019-10-01 23:43:08,792 [Thread-3523] INFO  impl.RoleInfo (RoleInfo.java:shutdownFollowerState(121)) - fa52477f-780a-4557-b700-0a1c4479f4d6: shutdown FollowerState
2019-10-01 23:43:08,792 [Thread-3523] INFO  impl.RaftServerImpl (RaftServerImpl.java:setRole(174)) - fa52477f-780a-4557-b700-0a1c4479f4d6@group-B271932CB0F1: changes role from  FOLLOWER to CANDIDATE at term 0 for changeToCandidate
2019-10-01 23:43:08,792 [Thread-3523] INFO  impl.RoleInfo (RoleInfo.java:updateAndGet(143)) - fa52477f-780a-4557-b700-0a1c4479f4d6: start LeaderElection
2019-10-01 23:43:08,795 [Thread-3528] INFO  impl.FollowerState (FollowerState.java:run(106)) - fa52477f-780a-4557-b700-0a1c4479f4d6:group-8A06B7600921 changes to CANDIDATE, lastRpcTime:5022, electionTimeout:5022ms
2019-10-01 23:43:08,797 [grpc-default-executor-4] INFO  impl.RaftServerImpl (ServerState.java:setLeader(253)) - e784b38e-8a48-4160-bbb7-0e462182dee2@group-3F930789C911: change Leader from null to b8ac6586-d819-4f43-b802-0aef8ff35b46 at term 1 for appendEntries, leader elected after 5152ms
2019-10-01 23:43:08,797 [grpc-default-executor-0] INFO  impl.RaftServerImpl (ServerState.java:setLeader(253)) - 2c4f99a5-4d5c-4499-9504-878b029d86db@group-3F930789C911: change Leader from null to b8ac6586-d819-4f43-b802-0aef8ff35b46 at term 1 for appendEntries, leader elected after 5152ms
2019-10-01 23:43:08,799 [Thread-3528] INFO  impl.RoleInfo (RoleInfo.java:shutdownFollowerState(121)) - fa52477f-780a-4557-b700-0a1c4479f4d6: shutdown FollowerState
2019-10-01 23:43:08,800 [Thread-3528] INFO  impl.RaftServerImpl (RaftServerImpl.java:setRole(174)) - fa52477f-780a-4557-b700-0a1c4479f4d6@group-8A06B7600921: changes role from  FOLLOWER to CANDIDATE at term 0 for changeToCandidate
2019-10-01 23:43:08,800 [b8ac6586-d819-4f43-b802-0aef8ff35b46@group-3F930789C911-SegmentedRaftLogWorker] INFO  segmented.SegmentedRaftLogWorker (SegmentedRaftLogWorker.java:execute(569)) - b8ac6586-d819-4f43-b802-0aef8ff35b46@group-3F930789C911-SegmentedRaftLogWorker: created new log segment /workdir/hadoop-ozone/integration-test/target/test-dir/MiniOzoneClusterImpl-29179c81-74dc-4452-99b0-75c8569a4c78/datanode-2/data/ratis/dc2975a8-bfb6-4f0f-846c-3f930789c911/current/log_inprogress_0
2019-10-01 23:43:08,800 [Thread-3528] INFO  impl.RoleInfo (RoleInfo.java:updateAndGet(143)) - fa52477f-780a-4557-b700-0a1c4479f4d6: start LeaderElection
2019-10-01 23:43:08,806 [fa52477f-780a-4557-b700-0a1c4479f4d6@group-B271932CB0F1:LeaderElection78] INFO  impl.LeaderElection (LeaderElection.java:askForVotes(182)) - fa52477f-780a-4557-b700-0a1c4479f4d6@group-B271932CB0F1:LeaderElection78: begin an election at term 1 for -1: [62a7363a-1701-4ee6-9c91-e357e3084c98:192.168.164.203:46283, 07898822-8c63-49fb-90d4-e9d8d938329e:192.168.164.203:37254, fa52477f-780a-4557-b700-0a1c4479f4d6:192.168.164.203:46494], old=null
2019-10-01 23:43:08,807 [grpc-default-executor-0] INFO  impl.RaftServerImpl (ServerState.java:setRaftConf(354)) - 2c4f99a5-4d5c-4499-9504-878b029d86db@group-3F930789C911: set configuration 0: [b8ac6586-d819-4f43-b802-0aef8ff35b46:192.168.164.203:39340, 2c4f99a5-4d5c-4499-9504-878b029d86db:192.168.164.203:41025, e784b38e-8a48-4160-bbb7-0e462182dee2:192.168.164.203:41328], old=null at 0
2019-10-01 23:43:08,807 [grpc-default-executor-0] INFO  segmented.SegmentedRaftLogWorker (SegmentedRaftLogWorker.java:startLogSegment(380)) - 2c4f99a5-4d5c-4499-9504-878b029d86db@group-3F930789C911-SegmentedRaftLogWorker: Starting segment from index:0
2019-10-01 23:43:08,811 [fa52477f-780a-4557-b700-0a1c4479f4d6@group-8A06B7600921:LeaderElection79] INFO  impl.LeaderElection (LeaderElection.java:askForVotes(182)) - fa52477f-780a-4557-b700-0a1c4479f4d6@group-8A06B7600921:LeaderElection79: begin an election at term 1 for -1: [fa52477f-780a-4557-b700-0a1c4479f4d6:192.168.164.203:46494], old=null
2019-10-01 23:43:08,811 [grpc-default-executor-4] INFO  impl.RaftServerImpl (RaftServerImpl.java:setRole(174)) - 62a7363a-1701-4ee6-9c91-e357e3084c98@group-B271932CB0F1: changes role from  FOLLOWER to FOLLOWER at term 1 for recognizeCandidate:07898822-8c63-49fb-90d4-e9d8d938329e
2019-10-01 23:43:08,811 [fa52477f-780a-4557-b700-0a1c4479f4d6@group-8A06B7600921:LeaderElection79] INFO  impl.RoleInfo (RoleInfo.java:shutdownLeaderElection(134)) - fa52477f-780a-4557-b700-0a1c4479f4d6: shutdown LeaderElection
2019-10-01 23:43:08,811 [grpc-default-executor-4] INFO  impl.RoleInfo (RoleInfo.java:shutdownFollowerState(121)) - 62a7363a-1701-4ee6-9c91-e357e3084c98: shutdown FollowerState
2019-10-01 23:43:08,811 [grpc-default-executor-0] INFO  impl.RaftServerImpl (ServerState.java:setRaftConf(354)) - e784b38e-8a48-4160-bbb7-0e462182dee2@group-3F930789C911: set configuration 0: [b8ac6586-d819-4f43-b802-0aef8ff35b46:192.168.164.203:39340, 2c4f99a5-4d5c-4499-9504-878b029d86db:192.168.164.203:41025, e784b38e-8a48-4160-bbb7-0e462182dee2:192.168.164.203:41328], old=null at 0
2019-10-01 23:43:08,811 [fa52477f-780a-4557-b700-0a1c4479f4d6@group-8A06B7600921:LeaderElection79] INFO  impl.RaftServerImpl (RaftServerImpl.java:setRole(174)) - fa52477f-780a-4557-b700-0a1c4479f4d6@group-8A06B7600921: changes role from CANDIDATE to LEADER at term 1 for changeToLeader
2019-10-01 23:43:08,812 [grpc-default-executor-0] INFO  segmented.SegmentedRaftLogWorker (SegmentedRaftLogWorker.java:startLogSegment(380)) - e784b38e-8a48-4160-bbb7-0e462182dee2@group-3F930789C911-SegmentedRaftLogWorker: Starting segment from index:0
2019-10-01 23:43:08,812 [grpc-default-executor-4] INFO  impl.RoleInfo (RoleInfo.java:updateAndGet(143)) - 62a7363a-1701-4ee6-9c91-e357e3084c98: start FollowerState
2019-10-01 23:43:08,812 [fa52477f-780a-4557-b700-0a1c4479f4d6@group-8A06B7600921:LeaderElection79] INFO  impl.RaftServerImpl (ServerState.java:setLeader(253)) - fa52477f-780a-4557-b700-0a1c4479f4d6@group-8A06B7600921: change Leader from null to fa52477f-780a-4557-b700-0a1c4479f4d6 at term 1 for becomeLeader, leader elected after 5044ms
2019-10-01 23:43:08,835 [fa52477f-780a-4557-b700-0a1c4479f4d6@group-8A06B7600921:LeaderElection79] INFO  server.RaftServerConfigKeys (ConfUtils.java:logGet(43)) - raft.server.staging.catchup.gap = 1000 (default)
2019-10-01 23:43:08,835 [fa52477f-780a-4557-b700-0a1c4479f4d6@group-8A06B7600921:LeaderElection79] INFO  server.RaftServerConfigKeys (ConfUtils.java:logGet(43)) - raft.server.rpc.sleep.time = 25ms (default)
2019-10-01 23:43:08,835 [fa52477f-780a-4557-b700-0a1c4479f4d6@group-8A06B7600921:LeaderElection79] INFO  server.RaftServerConfigKeys (ConfUtils.java:logGet(43)) - raft.server.write.element-limit = 4096 (default)
2019-10-01 23:43:08,835 [fa52477f-780a-4557-b700-0a1c4479f4d6@group-8A06B7600921:LeaderElection79] INFO  server.RaftServerConfigKeys (ConfUtils.java:logGet(43)) - raft.server.watch.timeout = 10s (default)
2019-10-01 23:43:08,835 [fa52477f-780a-4557-b700-0a1c4479f4d6@group-8A06B7600921:LeaderElection79] INFO  server.RaftServerConfigKeys (ConfUtils.java:logGet(43)) - raft.server.watch.timeout.denomination = 1s (default)
2019-10-01 23:43:08,835 [fa52477f-780a-4557-b700-0a1c4479f4d6@group-8A06B7600921:LeaderElection79] INFO  server.RaftServerConfigKeys (ConfUtils.java:logGet(43)) - raft.server.watch.element-limit = 65536 (default)
2019-10-01 23:43:08,836 [fa52477f-780a-4557-b700-0a1c4479f4d6@group-8A06B7600921:LeaderElection79] INFO  impl.RoleInfo (RoleInfo.java:updateAndGet(143)) - fa52477f-780a-4557-b700-0a1c4479f4d6: start LeaderState
2019-10-01 23:43:08,837 [fa52477f-780a-4557-b700-0a1c4479f4d6@group-8A06B7600921:LeaderElection79] INFO  segmented.SegmentedRaftLogWorker (SegmentedRaftLogWorker.java:startLogSegment(380)) - fa52477f-780a-4557-b700-0a1c4479f4d6@group-8A06B7600921-SegmentedRaftLogWorker: Starting segment from index:0
2019-10-01 23:43:08,837 [fa52477f-780a-4557-b700-0a1c4479f4d6@group-8A06B7600921:LeaderElection79] INFO  impl.RaftServerImpl (ServerState.java:setRaftConf(354)) - fa52477f-780a-4557-b700-0a1c4479f4d6@group-8A06B7600921: set configuration 0: [fa52477f-780a-4557-b700-0a1c4479f4d6:192.168.164.203:46494], old=null at 0
2019-10-01 23:43:08,847 [2c4f99a5-4d5c-4499-9504-878b029d86db@group-3F930789C911-SegmentedRaftLogWorker] INFO  segmented.SegmentedRaftLogWorker (SegmentedRaftLogWorker.java:execute(569)) - 2c4f99a5-4d5c-4499-9504-878b029d86db@group-3F930789C911-SegmentedRaftLogWorker: created new log segment /workdir/hadoop-ozone/integration-test/target/test-dir/MiniOzoneClusterImpl-29179c81-74dc-4452-99b0-75c8569a4c78/datanode-1/data/ratis/dc2975a8-bfb6-4f0f-846c-3f930789c911/current/log_inprogress_0
2019-10-01 23:43:08,867 [fa52477f-780a-4557-b700-0a1c4479f4d6@group-B271932CB0F1:LeaderElection78] INFO  impl.LeaderElection (LeaderElection.java:logAndReturn(56)) - fa52477f-780a-4557-b700-0a1c4479f4d6@group-B271932CB0F1:LeaderElection78: Election REJECTED; received 2 response(s) [fa52477f-780a-4557-b700-0a1c4479f4d6<-62a7363a-1701-4ee6-9c91-e357e3084c98#0:FAIL-t1, fa52477f-780a-4557-b700-0a1c4479f4d6<-07898822-8c63-49fb-90d4-e9d8d938329e#0:FAIL-t1] and 0 exception(s); fa52477f-780a-4557-b700-0a1c4479f4d6@group-B271932CB0F1:t1, leader=null, voted=fa52477f-780a-4557-b700-0a1c4479f4d6, raftlog=fa52477f-780a-4557-b700-0a1c4479f4d6@group-B271932CB0F1-SegmentedRaftLog:OPENED:c-1,f-1,i0, conf=-1: [62a7363a-1701-4ee6-9c91-e357e3084c98:192.168.164.203:46283, 07898822-8c63-49fb-90d4-e9d8d938329e:192.168.164.203:37254, fa52477f-780a-4557-b700-0a1c4479f4d6:192.168.164.203:46494], old=null
2019-10-01 23:43:08,867 [07898822-8c63-49fb-90d4-e9d8d938329e@group-B271932CB0F1:LeaderElection77] INFO  impl.LeaderElection (LeaderElection.java:logAndReturn(56)) - 07898822-8c63-49fb-90d4-e9d8d938329e@group-B271932CB0F1:LeaderElection77: Election PASSED; received 2 response(s) [07898822-8c63-49fb-90d4-e9d8d938329e<-62a7363a-1701-4ee6-9c91-e357e3084c98#0:OK-t1, 07898822-8c63-49fb-90d4-e9d8d938329e<-fa52477f-780a-4557-b700-0a1c4479f4d6#0:FAIL-t1] and 0 exception(s); 07898822-8c63-49fb-90d4-e9d8d938329e@group-B271932CB0F1:t1, leader=null, voted=07898822-8c63-49fb-90d4-e9d8d938329e, raftlog=07898822-8c63-49fb-90d4-e9d8d938329e@group-B271932CB0F1-SegmentedRaftLog:OPENED:c-1,f-1,i0, conf=-1: [62a7363a-1701-4ee6-9c91-e357e3084c98:192.168.164.203:46283, 07898822-8c63-49fb-90d4-e9d8d938329e:192.168.164.203:37254, fa52477f-780a-4557-b700-0a1c4479f4d6:192.168.164.203:46494], old=null
2019-10-01 23:43:08,871 [07898822-8c63-49fb-90d4-e9d8d938329e@group-B271932CB0F1:LeaderElection77] INFO  impl.RoleInfo (RoleInfo.java:shutdownLeaderElection(134)) - 07898822-8c63-49fb-90d4-e9d8d938329e: shutdown LeaderElection
2019-10-01 23:43:08,871 [fa52477f-780a-4557-b700-0a1c4479f4d6@group-B271932CB0F1:LeaderElection78] INFO  impl.RaftServerImpl (RaftServerImpl.java:setRole(174)) - fa52477f-780a-4557-b700-0a1c4479f4d6@group-B271932CB0F1: changes role from CANDIDATE to FOLLOWER at term 1 for DISCOVERED_A_NEW_TERM
2019-10-01 23:43:08,873 [fa52477f-780a-4557-b700-0a1c4479f4d6@group-B271932CB0F1:LeaderElection78] INFO  impl.RoleInfo (RoleInfo.java:shutdownLeaderElection(134)) - fa52477f-780a-4557-b700-0a1c4479f4d6: shutdown LeaderElection
2019-10-01 23:43:08,873 [07898822-8c63-49fb-90d4-e9d8d938329e@group-B271932CB0F1:LeaderElection77] INFO  impl.RaftServerImpl (RaftServerImpl.java:setRole(174)) - 07898822-8c63-49fb-90d4-e9d8d938329e@group-B271932CB0F1: changes role from CANDIDATE to LEADER at term 1 for changeToLeader
2019-10-01 23:43:08,873 [fa52477f-780a-4557-b700-0a1c4479f4d6@group-B271932CB0F1:LeaderElection78] INFO  impl.RoleInfo (RoleInfo.java:updateAndGet(143)) - fa52477f-780a-4557-b700-0a1c4479f4d6: start FollowerState
2019-10-01 23:43:08,873 [grpc-default-executor-0] INFO  client.GrpcClientProtocolClient (GrpcClientProtocolClient.java:onNext(264)) - client-2AD0C11FD30B->2c4f99a5-4d5c-4499-9504-878b029d86db: receive RaftClientReply:client-2AD0C11FD30B->2c4f99a5-4d5c-4499-9504-878b029d86db@group-3F930789C911, cid=215, FAILED org.apache.ratis.protocol.NotLeaderException: Server 2c4f99a5-4d5c-4499-9504-878b029d86db@group-3F930789C911 is not the leader b8ac6586-d819-4f43-b802-0aef8ff35b46:192.168.164.203:39340, logIndex=0, commits[2c4f99a5-4d5c-4499-9504-878b029d86db:c-1, b8ac6586-d819-4f43-b802-0aef8ff35b46:c0, e784b38e-8a48-4160-bbb7-0e462182dee2:c-1]
2019-10-01 23:43:08,873 [07898822-8c63-49fb-90d4-e9d8d938329e@group-B271932CB0F1:LeaderElection77] INFO  impl.RaftServerImpl (ServerState.java:setLeader(253)) - 07898822-8c63-49fb-90d4-e9d8d938329e@group-B271932CB0F1: change Leader from null to 07898822-8c63-49fb-90d4-e9d8d938329e at term 1 for becomeLeader, leader elected after 5158ms
2019-10-01 23:43:08,873 [07898822-8c63-49fb-90d4-e9d8d938329e@group-B271932CB0F1:LeaderElection77] INFO  server.RaftServerConfigKeys (ConfUtils.java:logGet(43)) - raft.server.staging.catchup.gap = 1000 (default)
2019-10-01 23:43:08,873 [07898822-8c63-49fb-90d4-e9d8d938329e@group-B271932CB0F1:LeaderElection77] INFO  server.RaftServerConfigKeys (ConfUtils.java:logGet(43)) - raft.server.rpc.sleep.time = 25ms (default)
2019-10-01 23:43:08,875 [e784b38e-8a48-4160-bbb7-0e462182dee2@group-3F930789C911-SegmentedRaftLogWorker] INFO  segmented.SegmentedRaftLogWorker (SegmentedRaftLogWorker.java:execute(569)) - e784b38e-8a48-4160-bbb7-0e462182dee2@group-3F930789C911-SegmentedRaftLogWorker: created new log segment /workdir/hadoop-ozone/integration-test/target/test-dir/MiniOzoneClusterImpl-29179c81-74dc-4452-99b0-75c8569a4c78/datanode-3/data/ratis/dc2975a8-bfb6-4f0f-846c-3f930789c911/current/log_inprogress_0
2019-10-01 23:43:08,875 [fa52477f-780a-4557-b700-0a1c4479f4d6@group-8A06B7600921-SegmentedRaftLogWorker] INFO  segmented.SegmentedRaftLogWorker (SegmentedRaftLogWorker.java:execute(569)) - fa52477f-780a-4557-b700-0a1c4479f4d6@group-8A06B7600921-SegmentedRaftLogWorker: created new log segment /workdir/hadoop-ozone/integration-test/target/test-dir/MiniOzoneClusterImpl-29179c81-74dc-4452-99b0-75c8569a4c78/datanode-4/data/ratis/37a947b2-f9c6-42db-913f-8a06b7600921/current/log_inprogress_0
2019-10-01 23:43:08,878 [07898822-8c63-49fb-90d4-e9d8d938329e@group-B271932CB0F1:LeaderElection77] INFO  server.RaftServerConfigKeys (ConfUtils.java:logGet(43)) - raft.server.write.element-limit = 4096 (default)
2019-10-01 23:43:08,878 [07898822-8c63-49fb-90d4-e9d8d938329e@group-B271932CB0F1:LeaderElection77] INFO  server.RaftServerConfigKeys (ConfUtils.java:logGet(43)) - raft.server.watch.timeout = 10s (default)
2019-10-01 23:43:08,878 [07898822-8c63-49fb-90d4-e9d8d938329e@group-B271932CB0F1:LeaderElection77] INFO  server.RaftServerConfigKeys (ConfUtils.java:logGet(43)) - raft.server.watch.timeout.denomination = 1s (default)
2019-10-01 23:43:08,878 [07898822-8c63-49fb-90d4-e9d8d938329e@group-B271932CB0F1:LeaderElection77] INFO  server.RaftServerConfigKeys (ConfUtils.java:logGet(43)) - raft.server.watch.element-limit = 65536 (default)
2019-10-01 23:43:08,880 [07898822-8c63-49fb-90d4-e9d8d938329e@group-B271932CB0F1:LeaderElection77] INFO  server.RaftServerConfigKeys (ConfUtils.java:logGet(43)) - raft.server.log.appender.snapshot.chunk.size.max = 16MB (=16777216) (default)
2019-10-01 23:43:08,880 [07898822-8c63-49fb-90d4-e9d8d938329e@group-B271932CB0F1:LeaderElection77] INFO  server.RaftServerConfigKeys (ConfUtils.java:logGet(43)) - raft.server.log.appender.buffer.byte-limit = 33554432 (custom)
2019-10-01 23:43:08,880 [07898822-8c63-49fb-90d4-e9d8d938329e@group-B271932CB0F1:LeaderElection77] INFO  server.RaftServerConfigKeys (ConfUtils.java:logGet(43)) - raft.server.log.appender.buffer.element-limit = 1 (custom)
2019-10-01 23:43:08,880 [07898822-8c63-49fb-90d4-e9d8d938329e@group-B271932CB0F1:LeaderElection77] INFO  grpc.GrpcConfigKeys$Server (ConfUtils.java:logGet(43)) - raft.grpc.server.leader.outstanding.appends.max = 128 (default)
2019-10-01 23:43:08,880 [07898822-8c63-49fb-90d4-e9d8d938329e@group-B271932CB0F1:LeaderElection77] INFO  server.RaftServerConfigKeys (ConfUtils.java:logGet(43)) - raft.server.rpc.request.timeout = 3000ms (default)
2019-10-01 23:43:08,880 [07898822-8c63-49fb-90d4-e9d8d938329e@group-B271932CB0F1:LeaderElection77] INFO  server.RaftServerConfigKeys (ConfUtils.java:logGet(43)) - raft.server.log.appender.install.snapshot.enabled = false (custom)
2019-10-01 23:43:08,881 [07898822-8c63-49fb-90d4-e9d8d938329e@group-B271932CB0F1:LeaderElection77] INFO  server.RaftServerConfigKeys (ConfUtils.java:logGet(43)) - raft.server.log.appender.snapshot.chunk.size.max = 16MB (=16777216) (default)
2019-10-01 23:43:08,881 [07898822-8c63-49fb-90d4-e9d8d938329e@group-B271932CB0F1:LeaderElection77] INFO  server.RaftServerConfigKeys (ConfUtils.java:logGet(43)) - raft.server.log.appender.buffer.byte-limit = 33554432 (custom)
2019-10-01 23:43:08,881 [07898822-8c63-49fb-90d4-e9d8d938329e@group-B271932CB0F1:LeaderElection77] INFO  server.RaftServerConfigKeys (ConfUtils.java:logGet(43)) - raft.server.log.appender.buffer.element-limit = 1 (custom)
2019-10-01 23:43:08,881 [07898822-8c63-49fb-90d4-e9d8d938329e@group-B271932CB0F1:LeaderElection77] INFO  grpc.GrpcConfigKeys$Server (ConfUtils.java:logGet(43)) - raft.grpc.server.leader.outstanding.appends.max = 128 (default)
2019-10-01 23:43:08,881 [07898822-8c63-49fb-90d4-e9d8d938329e@group-B271932CB0F1:LeaderElection77] INFO  server.RaftServerConfigKeys (ConfUtils.java:logGet(43)) - raft.server.rpc.request.timeout = 3000ms (default)
2019-10-01 23:43:08,881 [07898822-8c63-49fb-90d4-e9d8d938329e@group-B271932CB0F1:LeaderElection77] INFO  server.RaftServerConfigKeys (ConfUtils.java:logGet(43)) - raft.server.log.appender.install.snapshot.enabled = false (custom)
2019-10-01 23:43:08,882 [07898822-8c63-49fb-90d4-e9d8d938329e@group-B271932CB0F1:LeaderElection77] INFO  impl.RoleInfo (RoleInfo.java:updateAndGet(143)) - 07898822-8c63-49fb-90d4-e9d8d938329e: start LeaderState
2019-10-01 23:43:08,882 [07898822-8c63-49fb-90d4-e9d8d938329e@group-B271932CB0F1:LeaderElection77] INFO  segmented.SegmentedRaftLogWorker (SegmentedRaftLogWorker.java:startLogSegment(380)) - 07898822-8c63-49fb-90d4-e9d8d938329e@group-B271932CB0F1-SegmentedRaftLogWorker: Starting segment from index:0
2019-10-01 23:43:08,882 [07898822-8c63-49fb-90d4-e9d8d938329e@group-B271932CB0F1:LeaderElection77] INFO  impl.RaftServerImpl (ServerState.java:setRaftConf(354)) - 07898822-8c63-49fb-90d4-e9d8d938329e@group-B271932CB0F1: set configuration 0: [62a7363a-1701-4ee6-9c91-e357e3084c98:192.168.164.203:46283, 07898822-8c63-49fb-90d4-e9d8d938329e:192.168.164.203:37254, fa52477f-780a-4557-b700-0a1c4479f4d6:192.168.164.203:46494], old=null at 0
2019-10-01 23:43:08,883 [grpc-default-executor-0] INFO  impl.RaftServerImpl (ServerState.java:setLeader(253)) - 62a7363a-1701-4ee6-9c91-e357e3084c98@group-B271932CB0F1: change Leader from null to 07898822-8c63-49fb-90d4-e9d8d938329e at term 1 for appendEntries, leader elected after 5168ms
2019-10-01 23:43:08,883 [grpc-default-executor-4] INFO  impl.RaftServerImpl (ServerState.java:setLeader(253)) - fa52477f-780a-4557-b700-0a1c4479f4d6@group-B271932CB0F1: change Leader from null to 07898822-8c63-49fb-90d4-e9d8d938329e at term 1 for appendEntries, leader elected after 5169ms
2019-10-01 23:43:08,884 [grpc-default-executor-4] INFO  impl.RaftServerImpl (ServerState.java:setRaftConf(354)) - 62a7363a-1701-4ee6-9c91-e357e3084c98@group-B271932CB0F1: set configuration 0: [62a7363a-1701-4ee6-9c91-e357e3084c98:192.168.164.203:46283, 07898822-8c63-49fb-90d4-e9d8d938329e:192.168.164.203:37254, fa52477f-780a-4557-b700-0a1c4479f4d6:192.168.164.203:46494], old=null at 0
2019-10-01 23:43:08,885 [grpc-default-executor-0] INFO  impl.RaftServerImpl (ServerState.java:setRaftConf(354)) - fa52477f-780a-4557-b700-0a1c4479f4d6@group-B271932CB0F1: set configuration 0: [62a7363a-1701-4ee6-9c91-e357e3084c98:192.168.164.203:46283, 07898822-8c63-49fb-90d4-e9d8d938329e:192.168.164.203:37254, fa52477f-780a-4557-b700-0a1c4479f4d6:192.168.164.203:46494], old=null at 0
2019-10-01 23:43:08,885 [grpc-default-executor-4] INFO  segmented.SegmentedRaftLogWorker (SegmentedRaftLogWorker.java:startLogSegment(380)) - 62a7363a-1701-4ee6-9c91-e357e3084c98@group-B271932CB0F1-SegmentedRaftLogWorker: Starting segment from index:0
2019-10-01 23:43:08,885 [grpc-default-executor-0] INFO  segmented.SegmentedRaftLogWorker (SegmentedRaftLogWorker.java:startLogSegment(380)) - fa52477f-780a-4557-b700-0a1c4479f4d6@group-B271932CB0F1-SegmentedRaftLogWorker: Starting segment from index:0
2019-10-01 23:43:08,912 [fa52477f-780a-4557-b700-0a1c4479f4d6@group-B271932CB0F1-SegmentedRaftLogWorker] INFO  segmented.SegmentedRaftLogWorker (SegmentedRaftLogWorker.java:execute(569)) - fa52477f-780a-4557-b700-0a1c4479f4d6@group-B271932CB0F1-SegmentedRaftLogWorker: created new log segment /workdir/hadoop-ozone/integration-test/target/test-dir/MiniOzoneClusterImpl-29179c81-74dc-4452-99b0-75c8569a4c78/datanode-4/data/ratis/b048e60e-6dd8-4238-b80b-b271932cb0f1/current/log_inprogress_0
2019-10-01 23:43:08,912 [62a7363a-1701-4ee6-9c91-e357e3084c98@group-B271932CB0F1-SegmentedRaftLogWorker] INFO  segmented.SegmentedRaftLogWorker (SegmentedRaftLogWorker.java:execute(569)) - 62a7363a-1701-4ee6-9c91-e357e3084c98@group-B271932CB0F1-SegmentedRaftLogWorker: created new log segment /workdir/hadoop-ozone/integration-test/target/test-dir/MiniOzoneClusterImpl-29179c81-74dc-4452-99b0-75c8569a4c78/datanode-0/data/ratis/b048e60e-6dd8-4238-b80b-b271932cb0f1/current/log_inprogress_0
2019-10-01 23:43:08,931 [07898822-8c63-49fb-90d4-e9d8d938329e@group-B271932CB0F1-SegmentedRaftLogWorker] INFO  segmented.SegmentedRaftLogWorker (SegmentedRaftLogWorker.java:execute(569)) - 07898822-8c63-49fb-90d4-e9d8d938329e@group-B271932CB0F1-SegmentedRaftLogWorker: created new log segment /workdir/hadoop-ozone/integration-test/target/test-dir/MiniOzoneClusterImpl-29179c81-74dc-4452-99b0-75c8569a4c78/datanode-5/data/ratis/b048e60e-6dd8-4238-b80b-b271932cb0f1/current/log_inprogress_0
2019-10-01 23:43:08,968 [Thread-3534] INFO  impl.FollowerState (FollowerState.java:run(106)) - 0de13eb4-6288-4f85-9c65-52a6109eecbe:group-89247338B9B4 changes to CANDIDATE, lastRpcTime:5127, electionTimeout:5127ms
2019-10-01 23:43:08,968 [Thread-3534] INFO  impl.RoleInfo (RoleInfo.java:shutdownFollowerState(121)) - 0de13eb4-6288-4f85-9c65-52a6109eecbe: shutdown FollowerState
2019-10-01 23:43:08,968 [Thread-3534] INFO  impl.RaftServerImpl (RaftServerImpl.java:setRole(174)) - 0de13eb4-6288-4f85-9c65-52a6109eecbe@group-89247338B9B4: changes role from  FOLLOWER to CANDIDATE at term 0 for changeToCandidate
2019-10-01 23:43:08,968 [Thread-3534] INFO  impl.RoleInfo (RoleInfo.java:updateAndGet(143)) - 0de13eb4-6288-4f85-9c65-52a6109eecbe: start LeaderElection
2019-10-01 23:43:08,991 [0de13eb4-6288-4f85-9c65-52a6109eecbe@group-89247338B9B4:LeaderElection80] INFO  impl.LeaderElection (LeaderElection.java:askForVotes(182)) - 0de13eb4-6288-4f85-9c65-52a6109eecbe@group-89247338B9B4:LeaderElection80: begin an election at term 1 for -1: [0de13eb4-6288-4f85-9c65-52a6109eecbe:192.168.164.203:33642], old=null
2019-10-01 23:43:08,993 [0de13eb4-6288-4f85-9c65-52a6109eecbe@group-89247338B9B4:LeaderElection80] INFO  impl.RoleInfo (RoleInfo.java:shutdownLeaderElection(134)) - 0de13eb4-6288-4f85-9c65-52a6109eecbe: shutdown LeaderElection
2019-10-01 23:43:08,993 [0de13eb4-6288-4f85-9c65-52a6109eecbe@group-89247338B9B4:LeaderElection80] INFO  impl.RaftServerImpl (RaftServerImpl.java:setRole(174)) - 0de13eb4-6288-4f85-9c65-52a6109eecbe@group-89247338B9B4: changes role from CANDIDATE to LEADER at term 1 for changeToLeader
2019-10-01 23:43:08,994 [grpc-default-executor-0] INFO  client.GrpcClientProtocolClient (GrpcClientProtocolClient.java:onNext(264)) - client-2AD0C11FD30B->b8ac6586-d819-4f43-b802-0aef8ff35b46: receive RaftClientReply:client-2AD0C11FD30B->b8ac6586-d819-4f43-b802-0aef8ff35b46@group-3F930789C911, cid=215, SUCCESS, logIndex=1, commits[b8ac6586-d819-4f43-b802-0aef8ff35b46:c1, 2c4f99a5-4d5c-4499-9504-878b029d86db:c0, e784b38e-8a48-4160-bbb7-0e462182dee2:c0]
2019-10-01 23:43:08,994 [0de13eb4-6288-4f85-9c65-52a6109eecbe@group-89247338B9B4:LeaderElection80] INFO  impl.RaftServerImpl (ServerState.java:setLeader(253)) - 0de13eb4-6288-4f85-9c65-52a6109eecbe@group-89247338B9B4: change Leader from null to 0de13eb4-6288-4f85-9c65-52a6109eecbe at term 1 for becomeLeader, leader elected after 5157ms
2019-10-01 23:43:08,994 [0de13eb4-6288-4f85-9c65-52a6109eecbe@group-89247338B9B4:LeaderElection80] INFO  server.RaftServerConfigKeys (ConfUtils.java:logGet(43)) - raft.server.staging.catchup.gap = 1000 (default)
2019-10-01 23:43:08,994 [0de13eb4-6288-4f85-9c65-52a6109eecbe@group-89247338B9B4:LeaderElection80] INFO  server.RaftServerConfigKeys (ConfUtils.java:logGet(43)) - raft.server.rpc.sleep.time = 25ms (default)
2019-10-01 23:43:08,994 [0de13eb4-6288-4f85-9c65-52a6109eecbe@group-89247338B9B4:LeaderElection80] INFO  server.RaftServerConfigKeys (ConfUtils.java:logGet(43)) - raft.server.write.element-limit = 4096 (default)
2019-10-01 23:43:08,994 [0de13eb4-6288-4f85-9c65-52a6109eecbe@group-89247338B9B4:LeaderElection80] INFO  server.RaftServerConfigKeys (ConfUtils.java:logGet(43)) - raft.server.watch.timeout = 10s (default)
2019-10-01 23:43:08,994 [0de13eb4-6288-4f85-9c65-52a6109eecbe@group-89247338B9B4:LeaderElection80] INFO  server.RaftServerConfigKeys (ConfUtils.java:logGet(43)) - raft.server.watch.timeout.denomination = 1s (default)
2019-10-01 23:43:08,994 [0de13eb4-6288-4f85-9c65-52a6109eecbe@group-89247338B9B4:LeaderElection80] INFO  server.RaftServerConfigKeys (ConfUtils.java:logGet(43)) - raft.server.watch.element-limit = 65536 (default)
2019-10-01 23:43:08,997 [0de13eb4-6288-4f85-9c65-52a6109eecbe@group-89247338B9B4:LeaderElection80] INFO  impl.RoleInfo (RoleInfo.java:updateAndGet(143)) - 0de13eb4-6288-4f85-9c65-52a6109eecbe: start LeaderState
2019-10-01 23:43:08,998 [0de13eb4-6288-4f85-9c65-52a6109eecbe@group-89247338B9B4:LeaderElection80] INFO  segmented.SegmentedRaftLogWorker (SegmentedRaftLogWorker.java:startLogSegment(380)) - 0de13eb4-6288-4f85-9c65-52a6109eecbe@group-89247338B9B4-SegmentedRaftLogWorker: Starting segment from index:0
2019-10-01 23:43:08,998 [0de13eb4-6288-4f85-9c65-52a6109eecbe@group-89247338B9B4:LeaderElection80] INFO  impl.RaftServerImpl (ServerState.java:setRaftConf(354)) - 0de13eb4-6288-4f85-9c65-52a6109eecbe@group-89247338B9B4: set configuration 0: [0de13eb4-6288-4f85-9c65-52a6109eecbe:192.168.164.203:33642], old=null at 0
2019-10-01 23:43:09,009 [Thread-3531] INFO  impl.FollowerState (FollowerState.java:run(106)) - 07898822-8c63-49fb-90d4-e9d8d938329e:group-C863BA609711 changes to CANDIDATE, lastRpcTime:5195, electionTimeout:5195ms
2019-10-01 23:43:09,009 [Thread-3531] INFO  impl.RoleInfo (RoleInfo.java:shutdownFollowerState(121)) - 07898822-8c63-49fb-90d4-e9d8d938329e: shutdown FollowerState
2019-10-01 23:43:09,009 [Thread-3531] INFO  impl.RaftServerImpl (RaftServerImpl.java:setRole(174)) - 07898822-8c63-49fb-90d4-e9d8d938329e@group-C863BA609711: changes role from  FOLLOWER to CANDIDATE at term 0 for changeToCandidate
2019-10-01 23:43:09,009 [Thread-3531] INFO  impl.RoleInfo (RoleInfo.java:updateAndGet(143)) - 07898822-8c63-49fb-90d4-e9d8d938329e: start LeaderElection
2019-10-01 23:43:09,032 [grpc-default-executor-3] INFO  client.GrpcClientProtocolClient (GrpcClientProtocolClient.java:onNext(264)) - client-2AD0C11FD30B->b8ac6586-d819-4f43-b802-0aef8ff35b46: receive RaftClientReply:client-2AD0C11FD30B->b8ac6586-d819-4f43-b802-0aef8ff35b46@group-3F930789C911, cid=216, SUCCESS, logIndex=3, commits[b8ac6586-d819-4f43-b802-0aef8ff35b46:c3, 2c4f99a5-4d5c-4499-9504-878b029d86db:c2, e784b38e-8a48-4160-bbb7-0e462182dee2:c2]
2019-10-01 23:43:09,037 [0de13eb4-6288-4f85-9c65-52a6109eecbe@group-89247338B9B4-SegmentedRaftLogWorker] INFO  segmented.SegmentedRaftLogWorker (SegmentedRaftLogWorker.java:execute(569)) - 0de13eb4-6288-4f85-9c65-52a6109eecbe@group-89247338B9B4-SegmentedRaftLogWorker: created new log segment /workdir/hadoop-ozone/integration-test/target/test-dir/MiniOzoneClusterImpl-29179c81-74dc-4452-99b0-75c8569a4c78/datanode-6/data/ratis/d14f60c4-dc4c-46ab-9503-89247338b9b4/current/log_inprogress_0
2019-10-01 23:43:09,037 [07898822-8c63-49fb-90d4-e9d8d938329e@group-C863BA609711:LeaderElection81] INFO  impl.LeaderElection (LeaderElection.java:askForVotes(182)) - 07898822-8c63-49fb-90d4-e9d8d938329e@group-C863BA609711:LeaderElection81: begin an election at term 1 for -1: [07898822-8c63-49fb-90d4-e9d8d938329e:192.168.164.203:37254], old=null
2019-10-01 23:43:09,037 [07898822-8c63-49fb-90d4-e9d8d938329e@group-C863BA609711:LeaderElection81] INFO  impl.RoleInfo (RoleInfo.java:shutdownLeaderElection(134)) - 07898822-8c63-49fb-90d4-e9d8d938329e: shutdown LeaderElection
2019-10-01 23:43:09,037 [07898822-8c63-49fb-90d4-e9d8d938329e@group-C863BA609711:LeaderElection81] INFO  impl.RaftServerImpl (RaftServerImpl.java:setRole(174)) - 07898822-8c63-49fb-90d4-e9d8d938329e@group-C863BA609711: changes role from CANDIDATE to LEADER at term 1 for changeToLeader
2019-10-01 23:43:09,037 [07898822-8c63-49fb-90d4-e9d8d938329e@group-C863BA609711:LeaderElection81] INFO  impl.RaftServerImpl (ServerState.java:setLeader(253)) - 07898822-8c63-49fb-90d4-e9d8d938329e@group-C863BA609711: change Leader from null to 07898822-8c63-49fb-90d4-e9d8d938329e at term 1 for becomeLeader, leader elected after 5227ms
2019-10-01 23:43:09,038 [07898822-8c63-49fb-90d4-e9d8d938329e@group-C863BA609711:LeaderElection81] INFO  server.RaftServerConfigKeys (ConfUtils.java:logGet(43)) - raft.server.staging.catchup.gap = 1000 (default)
2019-10-01 23:43:09,038 [07898822-8c63-49fb-90d4-e9d8d938329e@group-C863BA609711:LeaderElection81] INFO  server.RaftServerConfigKeys (ConfUtils.java:logGet(43)) - raft.server.rpc.sleep.time = 25ms (default)
2019-10-01 23:43:09,038 [07898822-8c63-49fb-90d4-e9d8d938329e@group-C863BA609711:LeaderElection81] INFO  server.RaftServerConfigKeys (ConfUtils.java:logGet(43)) - raft.server.write.element-limit = 4096 (default)
2019-10-01 23:43:09,038 [07898822-8c63-49fb-90d4-e9d8d938329e@group-C863BA609711:LeaderElection81] INFO  server.RaftServerConfigKeys (ConfUtils.java:logGet(43)) - raft.server.watch.timeout = 10s (default)
2019-10-01 23:43:09,038 [07898822-8c63-49fb-90d4-e9d8d938329e@group-C863BA609711:LeaderElection81] INFO  server.RaftServerConfigKeys (ConfUtils.java:logGet(43)) - raft.server.watch.timeout.denomination = 1s (default)
2019-10-01 23:43:09,038 [07898822-8c63-49fb-90d4-e9d8d938329e@group-C863BA609711:LeaderElection81] INFO  server.RaftServerConfigKeys (ConfUtils.java:logGet(43)) - raft.server.watch.element-limit = 65536 (default)
2019-10-01 23:43:09,039 [07898822-8c63-49fb-90d4-e9d8d938329e@group-C863BA609711:LeaderElection81] INFO  impl.RoleInfo (RoleInfo.java:updateAndGet(143)) - 07898822-8c63-49fb-90d4-e9d8d938329e: start LeaderState
2019-10-01 23:43:09,039 [07898822-8c63-49fb-90d4-e9d8d938329e@group-C863BA609711:LeaderElection81] INFO  segmented.SegmentedRaftLogWorker (SegmentedRaftLogWorker.java:startLogSegment(380)) - 07898822-8c63-49fb-90d4-e9d8d938329e@group-C863BA609711-SegmentedRaftLogWorker: Starting segment from index:0
2019-10-01 23:43:09,040 [07898822-8c63-49fb-90d4-e9d8d938329e@group-C863BA609711:LeaderElection81] INFO  impl.RaftServerImpl (ServerState.java:setRaftConf(354)) - 07898822-8c63-49fb-90d4-e9d8d938329e@group-C863BA609711: set configuration 0: [07898822-8c63-49fb-90d4-e9d8d938329e:192.168.164.203:37254], old=null at 0
2019-10-01 23:43:09,074 [07898822-8c63-49fb-90d4-e9d8d938329e@group-C863BA609711-SegmentedRaftLogWorker] INFO  segmented.SegmentedRaftLogWorker (SegmentedRaftLogWorker.java:execute(569)) - 07898822-8c63-49fb-90d4-e9d8d938329e@group-C863BA609711-SegmentedRaftLogWorker: created new log segment /workdir/hadoop-ozone/integration-test/target/test-dir/MiniOzoneClusterImpl-29179c81-74dc-4452-99b0-75c8569a4c78/datanode-5/data/ratis/c1f3e598-396c-411c-ab86-c863ba609711/current/log_inprogress_0
2019-10-01 23:43:09,093 [grpc-default-executor-3] INFO  client.GrpcClientProtocolClient (GrpcClientProtocolClient.java:onNext(264)) - client-2AD0C11FD30B->b8ac6586-d819-4f43-b802-0aef8ff35b46: receive RaftClientReply:client-2AD0C11FD30B->b8ac6586-d819-4f43-b802-0aef8ff35b46@group-3F930789C911, cid=217, SUCCESS, logIndex=4, commits[b8ac6586-d819-4f43-b802-0aef8ff35b46:c6, 2c4f99a5-4d5c-4499-9504-878b029d86db:c3, e784b38e-8a48-4160-bbb7-0e462182dee2:c3]
2019-10-01 23:43:10,096 [main] WARN  scm.XceiverClientRatis (XceiverClientRatis.java:watchForCommit(285)) - 3 way commit failed on pipeline Pipeline[ Id: dc2975a8-bfb6-4f0f-846c-3f930789c911, Nodes: e784b38e-8a48-4160-bbb7-0e462182dee2{ip: 192.168.164.203, host: pr-hdds-2158-lzhrq-821698512, networkLocation: /default-rack, certSerialId: null}2c4f99a5-4d5c-4499-9504-878b029d86db{ip: 192.168.164.203, host: pr-hdds-2158-lzhrq-821698512, networkLocation: /default-rack, certSerialId: null}b8ac6586-d819-4f43-b802-0aef8ff35b46{ip: 192.168.164.203, host: pr-hdds-2158-lzhrq-821698512, networkLocation: /default-rack, certSerialId: null}, Type:RATIS, Factor:THREE, State:OPEN]
java.util.concurrent.TimeoutException
	at java.util.concurrent.CompletableFuture.timedGet(CompletableFuture.java:1771)
	at java.util.concurrent.CompletableFuture.get(CompletableFuture.java:1915)
	at org.apache.hadoop.hdds.scm.XceiverClientRatis.watchForCommit(XceiverClientRatis.java:282)
	at org.apache.hadoop.hdds.scm.storage.CommitWatcher.watchForCommit(CommitWatcher.java:194)
	at org.apache.hadoop.hdds.scm.storage.CommitWatcher.watchOnLastIndex(CommitWatcher.java:157)
	at org.apache.hadoop.hdds.scm.storage.BlockOutputStream.watchForCommit(BlockOutputStream.java:347)
	at org.apache.hadoop.hdds.scm.storage.BlockOutputStream.handleFlush(BlockOutputStream.java:479)
	at org.apache.hadoop.hdds.scm.storage.BlockOutputStream.flush(BlockOutputStream.java:428)
	at org.apache.hadoop.ozone.client.io.BlockOutputStreamEntry.flush(BlockOutputStreamEntry.java:136)
	at org.apache.hadoop.ozone.client.io.KeyOutputStream.handleFlushOrClose(KeyOutputStream.java:443)
	at org.apache.hadoop.ozone.client.io.KeyOutputStream.flush(KeyOutputStream.java:397)
	at org.apache.hadoop.ozone.client.io.OzoneOutputStream.flush(OzoneOutputStream.java:54)
	at org.apache.hadoop.ozone.client.rpc.TestBlockOutputStreamWithFailures.testFailureWithPrimeSizedData(TestBlockOutputStreamWithFailures.java:599)
	at sun.reflect.NativeMethodAccessorImpl.invoke0(Native Method)
	at sun.reflect.NativeMethodAccessorImpl.invoke(NativeMethodAccessorImpl.java:62)
	at sun.reflect.DelegatingMethodAccessorImpl.invoke(DelegatingMethodAccessorImpl.java:43)
	at java.lang.reflect.Method.invoke(Method.java:498)
	at org.junit.runners.model.FrameworkMethod$1.runReflectiveCall(FrameworkMethod.java:47)
	at org.junit.internal.runners.model.ReflectiveCallable.run(ReflectiveCallable.java:12)
	at org.junit.runners.model.FrameworkMethod.invokeExplosively(FrameworkMethod.java:44)
	at org.junit.internal.runners.statements.InvokeMethod.evaluate(InvokeMethod.java:17)
	at org.junit.internal.runners.statements.RunBefores.evaluate(RunBefores.java:26)
	at org.junit.internal.runners.statements.RunAfters.evaluate(RunAfters.java:27)
	at org.junit.runners.ParentRunner.runLeaf(ParentRunner.java:271)
	at org.junit.runners.BlockJUnit4ClassRunner.runChild(BlockJUnit4ClassRunner.java:70)
	at org.junit.runners.BlockJUnit4ClassRunner.runChild(BlockJUnit4ClassRunner.java:50)
	at org.junit.runners.ParentRunner$3.run(ParentRunner.java:238)
	at org.junit.runners.ParentRunner$1.schedule(ParentRunner.java:63)
	at org.junit.runners.ParentRunner.runChildren(ParentRunner.java:236)
	at org.junit.runners.ParentRunner.access$000(ParentRunner.java:53)
	at org.junit.runners.ParentRunner$2.evaluate(ParentRunner.java:229)
	at org.junit.runners.ParentRunner.run(ParentRunner.java:309)
	at org.apache.maven.surefire.junit4.JUnit4Provider.execute(JUnit4Provider.java:365)
	at org.apache.maven.surefire.junit4.JUnit4Provider.executeWithRerun(JUnit4Provider.java:273)
	at org.apache.maven.surefire.junit4.JUnit4Provider.executeTestSet(JUnit4Provider.java:238)
	at org.apache.maven.surefire.junit4.JUnit4Provider.invoke(JUnit4Provider.java:159)
	at org.apache.maven.surefire.booter.ForkedBooter.invokeProviderInSameClassLoader(ForkedBooter.java:384)
	at org.apache.maven.surefire.booter.ForkedBooter.runSuitesInProcess(ForkedBooter.java:345)
	at org.apache.maven.surefire.booter.ForkedBooter.execute(ForkedBooter.java:126)
	at org.apache.maven.surefire.booter.ForkedBooter.main(ForkedBooter.java:418)
2019-10-01 23:43:11,098 [main] WARN  storage.CommitWatcher (CommitWatcher.java:watchForCommit(203)) - watchForCommit failed for index 4
java.util.concurrent.TimeoutException
	at java.util.concurrent.CompletableFuture.timedGet(CompletableFuture.java:1771)
	at java.util.concurrent.CompletableFuture.get(CompletableFuture.java:1915)
	at org.apache.hadoop.hdds.scm.XceiverClientRatis.watchForCommit(XceiverClientRatis.java:291)
	at org.apache.hadoop.hdds.scm.storage.CommitWatcher.watchForCommit(CommitWatcher.java:194)
	at org.apache.hadoop.hdds.scm.storage.CommitWatcher.watchOnLastIndex(CommitWatcher.java:157)
	at org.apache.hadoop.hdds.scm.storage.BlockOutputStream.watchForCommit(BlockOutputStream.java:347)
	at org.apache.hadoop.hdds.scm.storage.BlockOutputStream.handleFlush(BlockOutputStream.java:479)
	at org.apache.hadoop.hdds.scm.storage.BlockOutputStream.flush(BlockOutputStream.java:428)
	at org.apache.hadoop.ozone.client.io.BlockOutputStreamEntry.flush(BlockOutputStreamEntry.java:136)
	at org.apache.hadoop.ozone.client.io.KeyOutputStream.handleFlushOrClose(KeyOutputStream.java:443)
	at org.apache.hadoop.ozone.client.io.KeyOutputStream.flush(KeyOutputStream.java:397)
	at org.apache.hadoop.ozone.client.io.OzoneOutputStream.flush(OzoneOutputStream.java:54)
	at org.apache.hadoop.ozone.client.rpc.TestBlockOutputStreamWithFailures.testFailureWithPrimeSizedData(TestBlockOutputStreamWithFailures.java:599)
	at sun.reflect.NativeMethodAccessorImpl.invoke0(Native Method)
	at sun.reflect.NativeMethodAccessorImpl.invoke(NativeMethodAccessorImpl.java:62)
	at sun.reflect.DelegatingMethodAccessorImpl.invoke(DelegatingMethodAccessorImpl.java:43)
	at java.lang.reflect.Method.invoke(Method.java:498)
	at org.junit.runners.model.FrameworkMethod$1.runReflectiveCall(FrameworkMethod.java:47)
	at org.junit.internal.runners.model.ReflectiveCallable.run(ReflectiveCallable.java:12)
	at org.junit.runners.model.FrameworkMethod.invokeExplosively(FrameworkMethod.java:44)
	at org.junit.internal.runners.statements.InvokeMethod.evaluate(InvokeMethod.java:17)
	at org.junit.internal.runners.statements.RunBefores.evaluate(RunBefores.java:26)
	at org.junit.internal.runners.statements.RunAfters.evaluate(RunAfters.java:27)
	at org.junit.runners.ParentRunner.runLeaf(ParentRunner.java:271)
	at org.junit.runners.BlockJUnit4ClassRunner.runChild(BlockJUnit4ClassRunner.java:70)
	at org.junit.runners.BlockJUnit4ClassRunner.runChild(BlockJUnit4ClassRunner.java:50)
	at org.junit.runners.ParentRunner$3.run(ParentRunner.java:238)
	at org.junit.runners.ParentRunner$1.schedule(ParentRunner.java:63)
	at org.junit.runners.ParentRunner.runChildren(ParentRunner.java:236)
	at org.junit.runners.ParentRunner.access$000(ParentRunner.java:53)
	at org.junit.runners.ParentRunner$2.evaluate(ParentRunner.java:229)
	at org.junit.runners.ParentRunner.run(ParentRunner.java:309)
	at org.apache.maven.surefire.junit4.JUnit4Provider.execute(JUnit4Provider.java:365)
	at org.apache.maven.surefire.junit4.JUnit4Provider.executeWithRerun(JUnit4Provider.java:273)
	at org.apache.maven.surefire.junit4.JUnit4Provider.executeTestSet(JUnit4Provider.java:238)
	at org.apache.maven.surefire.junit4.JUnit4Provider.invoke(JUnit4Provider.java:159)
	at org.apache.maven.surefire.booter.ForkedBooter.invokeProviderInSameClassLoader(ForkedBooter.java:384)
	at org.apache.maven.surefire.booter.ForkedBooter.runSuitesInProcess(ForkedBooter.java:345)
	at org.apache.maven.surefire.booter.ForkedBooter.execute(ForkedBooter.java:126)
	at org.apache.maven.surefire.booter.ForkedBooter.main(ForkedBooter.java:418)
2019-10-01 23:43:11,099 [main] WARN  io.KeyOutputStream (KeyOutputStream.java:handleException(274)) - Encountered exception java.io.IOException: Unexpected Storage Container Exception: java.io.IOException: Unexpected Storage Container Exception: java.util.concurrent.TimeoutException on the pipeline Pipeline[ Id: dc2975a8-bfb6-4f0f-846c-3f930789c911, Nodes: e784b38e-8a48-4160-bbb7-0e462182dee2{ip: 192.168.164.203, host: pr-hdds-2158-lzhrq-821698512, networkLocation: /default-rack, certSerialId: null}2c4f99a5-4d5c-4499-9504-878b029d86db{ip: 192.168.164.203, host: pr-hdds-2158-lzhrq-821698512, networkLocation: /default-rack, certSerialId: null}b8ac6586-d819-4f43-b802-0aef8ff35b46{ip: 192.168.164.203, host: pr-hdds-2158-lzhrq-821698512, networkLocation: /default-rack, certSerialId: null}, Type:RATIS, Factor:THREE, State:OPEN]. The last committed block length is 0, uncommitted data length is 167 retry count 0
2019-10-01 23:43:11,118 [grpc-default-executor-3] INFO  client.GrpcClientProtocolClient (GrpcClientProtocolClient.java:onNext(264)) - client-44B546FB23D5->fa52477f-780a-4557-b700-0a1c4479f4d6: receive RaftClientReply:client-44B546FB23D5->fa52477f-780a-4557-b700-0a1c4479f4d6@group-B271932CB0F1, cid=220, FAILED org.apache.ratis.protocol.NotLeaderException: Server fa52477f-780a-4557-b700-0a1c4479f4d6@group-B271932CB0F1 is not the leader 07898822-8c63-49fb-90d4-e9d8d938329e:192.168.164.203:37254, logIndex=0, commits[fa52477f-780a-4557-b700-0a1c4479f4d6:c-1, 62a7363a-1701-4ee6-9c91-e357e3084c98:c-1, 07898822-8c63-49fb-90d4-e9d8d938329e:c-1]
2019-10-01 23:43:11,241 [grpc-default-executor-3] INFO  client.GrpcClientProtocolClient (GrpcClientProtocolClient.java:onNext(264)) - client-44B546FB23D5->07898822-8c63-49fb-90d4-e9d8d938329e: receive RaftClientReply:client-44B546FB23D5->07898822-8c63-49fb-90d4-e9d8d938329e@group-B271932CB0F1, cid=220, SUCCESS, logIndex=1, commits[07898822-8c63-49fb-90d4-e9d8d938329e:c1, 62a7363a-1701-4ee6-9c91-e357e3084c98:c0, fa52477f-780a-4557-b700-0a1c4479f4d6:c0]
2019-10-01 23:43:11,251 [grpc-default-executor-0] INFO  client.GrpcClientProtocolClient (GrpcClientProtocolClient.java:onNext(264)) - client-44B546FB23D5->07898822-8c63-49fb-90d4-e9d8d938329e: receive RaftClientReply:client-44B546FB23D5->07898822-8c63-49fb-90d4-e9d8d938329e@group-B271932CB0F1, cid=221, SUCCESS, logIndex=3, commits[07898822-8c63-49fb-90d4-e9d8d938329e:c4, 62a7363a-1701-4ee6-9c91-e357e3084c98:c1, fa52477f-780a-4557-b700-0a1c4479f4d6:c1]
2019-10-01 23:43:11,289 [grpc-default-executor-0] INFO  client.GrpcClientProtocolClient (GrpcClientProtocolClient.java:onNext(264)) - client-44B546FB23D5->07898822-8c63-49fb-90d4-e9d8d938329e: receive RaftClientReply:client-44B546FB23D5->07898822-8c63-49fb-90d4-e9d8d938329e@group-B271932CB0F1, cid=222, SUCCESS, logIndex=4, commits[07898822-8c63-49fb-90d4-e9d8d938329e:c6, 62a7363a-1701-4ee6-9c91-e357e3084c98:c4, fa52477f-780a-4557-b700-0a1c4479f4d6:c4]
2019-10-01 23:43:11,290 [main] INFO  ozone.MiniOzoneClusterImpl (MiniOzoneClusterImpl.java:shutdown(312)) - Shutting down the Mini Ozone Cluster
2019-10-01 23:43:11,291 [main] INFO  ozone.MiniOzoneClusterImpl (MiniOzoneClusterImpl.java:stop(327)) - Stopping the Mini Ozone Cluster
2019-10-01 23:43:11,291 [main] INFO  ozone.MiniOzoneClusterImpl (MiniOzoneClusterImpl.java:stop(329)) - Stopping the OzoneManager
2019-10-01 23:43:11,291 [main] INFO  ipc.Server (Server.java:stop(3082)) - Stopping server on 42664
2019-10-01 23:43:11,300 [IPC Server listener on 42664] INFO  ipc.Server (Server.java:run(1185)) - Stopping IPC Server listener on 42664
2019-10-01 23:43:11,300 [main] INFO  ratis.OzoneManagerDoubleBuffer (OzoneManagerDoubleBuffer.java:stop(248)) - Stopping OMDoubleBuffer flush thread
2019-10-01 23:43:11,303 [IPC Server Responder] INFO  ipc.Server (Server.java:run(1319)) - Stopping IPC Server Responder
2019-10-01 23:43:11,311 [OMDoubleBufferFlushThread] INFO  ratis.OzoneManagerDoubleBuffer (OzoneManagerDoubleBuffer.java:flushTransactions(191)) - OMDoubleBuffer flush thread OMDoubleBufferFlushThread is interrupted and will exit. OMDoubleBufferFlushThread
2019-10-01 23:43:11,317 [main] INFO  utils.BackgroundService (BackgroundService.java:shutdown(148)) - Shutting down service KeyDeletingService
2019-10-01 23:43:11,325 [main] INFO  handler.ContextHandler (ContextHandler.java:doStop(910)) - Stopped o.e.j.w.WebAppContext@6537ac{/,null,UNAVAILABLE}{/ozoneManager}
2019-10-01 23:43:11,326 [main] INFO  server.AbstractConnector (AbstractConnector.java:doStop(318)) - Stopped ServerConnector@3b218c74{HTTP/1.1,[http/1.1]}{0.0.0.0:0}
2019-10-01 23:43:11,326 [main] INFO  handler.ContextHandler (ContextHandler.java:doStop(910)) - Stopped o.e.j.s.ServletContextHandler@1491cd6c{/static,file:///workdir/hadoop-ozone/integration-test/target/test-classes/webapps/static,UNAVAILABLE}
2019-10-01 23:43:11,326 [main] INFO  handler.ContextHandler (ContextHandler.java:doStop(910)) - Stopped o.e.j.s.ServletContextHandler@3f0ce0d1{/logs,file:///workdir/hadoop-ozone/integration-test/target/log,UNAVAILABLE}
2019-10-01 23:43:11,329 [main] INFO  ozone.MiniOzoneClusterImpl (MiniOzoneClusterImpl.java:stop(335)) - Shutting the HddsDatanodes
2019-10-01 23:43:11,585 [grpc-default-executor-3] INFO  client.GrpcClientProtocolClient (GrpcClientProtocolClient.java:onNext(264)) - client-2AD0C11FD30B->b8ac6586-d819-4f43-b802-0aef8ff35b46: receive RaftClientReply:client-2AD0C11FD30B->b8ac6586-d819-4f43-b802-0aef8ff35b46@group-3F930789C911, cid=219, SUCCESS, logIndex=0, commits[b8ac6586-d819-4f43-b802-0aef8ff35b46:c6, 2c4f99a5-4d5c-4499-9504-878b029d86db:c3, e784b38e-8a48-4160-bbb7-0e462182dee2:c6]
2019-10-01 23:43:11,586 [grpc-default-executor-3] INFO  client.GrpcClientProtocolClient (GrpcClientProtocolClient.java:onNext(264)) - client-2AD0C11FD30B->b8ac6586-d819-4f43-b802-0aef8ff35b46: receive RaftClientReply:client-2AD0C11FD30B->b8ac6586-d819-4f43-b802-0aef8ff35b46@group-3F930789C911, cid=218, SUCCESS, logIndex=0, commits[b8ac6586-d819-4f43-b802-0aef8ff35b46:c6, 2c4f99a5-4d5c-4499-9504-878b029d86db:c6, e784b38e-8a48-4160-bbb7-0e462182dee2:c6]
2019-10-01 23:43:11,955 [Datanode State Machine Thread - 0] INFO  statemachine.DatanodeStateMachine (DatanodeStateMachine.java:lambda$startDaemon$0(350)) - Ozone container server started.
2019-10-01 23:43:12,222 [Datanode State Machine Thread - 0] INFO  statemachine.DatanodeStateMachine (DatanodeStateMachine.java:lambda$startDaemon$0(350)) - Ozone container server started.
2019-10-01 23:43:16,005 [EventQueue-StaleNodeForStaleNodeHandler] INFO  node.StaleNodeHandler (StaleNodeHandler.java:onMessage(58)) - Datanode 2c4f99a5-4d5c-4499-9504-878b029d86db{ip: 192.168.164.203, host: pr-hdds-2158-lzhrq-821698512, networkLocation: /default-rack, certSerialId: null} moved to stale state. Finalizing its pipelines [PipelineID=7a17bb79-5a56-4980-b146-048e7f66a113, PipelineID=dc2975a8-bfb6-4f0f-846c-3f930789c911]
2019-10-01 23:43:16,005 [EventQueue-StaleNodeForStaleNodeHandler] INFO  pipeline.SCMPipelineManager (SCMPipelineManager.java:finalizeAndDestroyPipeline(311)) - destroying pipeline:Pipeline[ Id: 7a17bb79-5a56-4980-b146-048e7f66a113, Nodes: 2c4f99a5-4d5c-4499-9504-878b029d86db{ip: 192.168.164.203, host: pr-hdds-2158-lzhrq-821698512, networkLocation: /default-rack, certSerialId: null}, Type:RATIS, Factor:ONE, State:OPEN]
2019-10-01 23:43:16,005 [EventQueue-StaleNodeForStaleNodeHandler] INFO  pipeline.PipelineStateManager (PipelineStateManager.java:finalizePipeline(123)) - Pipeline Pipeline[ Id: 7a17bb79-5a56-4980-b146-048e7f66a113, Nodes: 2c4f99a5-4d5c-4499-9504-878b029d86db{ip: 192.168.164.203, host: pr-hdds-2158-lzhrq-821698512, networkLocation: /default-rack, certSerialId: null}, Type:RATIS, Factor:ONE, State:CLOSED] moved to CLOSED state
2019-10-01 23:43:16,006 [EventQueue-StaleNodeForStaleNodeHandler] INFO  pipeline.SCMPipelineManager (SCMPipelineManager.java:finalizeAndDestroyPipeline(311)) - destroying pipeline:Pipeline[ Id: dc2975a8-bfb6-4f0f-846c-3f930789c911, Nodes: e784b38e-8a48-4160-bbb7-0e462182dee2{ip: 192.168.164.203, host: pr-hdds-2158-lzhrq-821698512, networkLocation: /default-rack, certSerialId: null}2c4f99a5-4d5c-4499-9504-878b029d86db{ip: 192.168.164.203, host: pr-hdds-2158-lzhrq-821698512, networkLocation: /default-rack, certSerialId: null}b8ac6586-d819-4f43-b802-0aef8ff35b46{ip: 192.168.164.203, host: pr-hdds-2158-lzhrq-821698512, networkLocation: /default-rack, certSerialId: null}, Type:RATIS, Factor:THREE, State:OPEN]
2019-10-01 23:43:16,006 [EventQueue-StaleNodeForStaleNodeHandler] INFO  pipeline.PipelineStateManager (PipelineStateManager.java:finalizePipeline(123)) - Pipeline Pipeline[ Id: dc2975a8-bfb6-4f0f-846c-3f930789c911, Nodes: e784b38e-8a48-4160-bbb7-0e462182dee2{ip: 192.168.164.203, host: pr-hdds-2158-lzhrq-821698512, networkLocation: /default-rack, certSerialId: null}2c4f99a5-4d5c-4499-9504-878b029d86db{ip: 192.168.164.203, host: pr-hdds-2158-lzhrq-821698512, networkLocation: /default-rack, certSerialId: null}b8ac6586-d819-4f43-b802-0aef8ff35b46{ip: 192.168.164.203, host: pr-hdds-2158-lzhrq-821698512, networkLocation: /default-rack, certSerialId: null}, Type:RATIS, Factor:THREE, State:CLOSED] moved to CLOSED state
2019-10-01 23:43:16,006 [EventQueue-CloseContainerForCloseContainerEventHandler] INFO  container.CloseContainerEventHandler (CloseContainerEventHandler.java:onMessage(61)) - Close container Event triggered for container : #1
2019-10-01 23:43:16,305 [EventQueue-StaleNodeForStaleNodeHandler] INFO  node.StaleNodeHandler (StaleNodeHandler.java:onMessage(58)) - Datanode fa52477f-780a-4557-b700-0a1c4479f4d6{ip: 192.168.164.203, host: pr-hdds-2158-lzhrq-821698512, networkLocation: /default-rack, certSerialId: null} moved to stale state. Finalizing its pipelines [PipelineID=b048e60e-6dd8-4238-b80b-b271932cb0f1, PipelineID=37a947b2-f9c6-42db-913f-8a06b7600921]
2019-10-01 23:43:16,308 [EventQueue-StaleNodeForStaleNodeHandler] INFO  pipeline.SCMPipelineManager (SCMPipelineManager.java:finalizeAndDestroyPipeline(311)) - destroying pipeline:Pipeline[ Id: b048e60e-6dd8-4238-b80b-b271932cb0f1, Nodes: fa52477f-780a-4557-b700-0a1c4479f4d6{ip: 192.168.164.203, host: pr-hdds-2158-lzhrq-821698512, networkLocation: /default-rack, certSerialId: null}07898822-8c63-49fb-90d4-e9d8d938329e{ip: 192.168.164.203, host: pr-hdds-2158-lzhrq-821698512, networkLocation: /default-rack, certSerialId: null}62a7363a-1701-4ee6-9c91-e357e3084c98{ip: 192.168.164.203, host: pr-hdds-2158-lzhrq-821698512, networkLocation: /default-rack, certSerialId: null}, Type:RATIS, Factor:THREE, State:OPEN]
2019-10-01 23:43:16,308 [EventQueue-StaleNodeForStaleNodeHandler] INFO  pipeline.PipelineStateManager (PipelineStateManager.java:finalizePipeline(123)) - Pipeline Pipeline[ Id: b048e60e-6dd8-4238-b80b-b271932cb0f1, Nodes: fa52477f-780a-4557-b700-0a1c4479f4d6{ip: 192.168.164.203, host: pr-hdds-2158-lzhrq-821698512, networkLocation: /default-rack, certSerialId: null}07898822-8c63-49fb-90d4-e9d8d938329e{ip: 192.168.164.203, host: pr-hdds-2158-lzhrq-821698512, networkLocation: /default-rack, certSerialId: null}62a7363a-1701-4ee6-9c91-e357e3084c98{ip: 192.168.164.203, host: pr-hdds-2158-lzhrq-821698512, networkLocation: /default-rack, certSerialId: null}, Type:RATIS, Factor:THREE, State:CLOSED] moved to CLOSED state
2019-10-01 23:43:16,308 [EventQueue-CloseContainerForCloseContainerEventHandler] INFO  container.CloseContainerEventHandler (CloseContainerEventHandler.java:onMessage(61)) - Close container Event triggered for container : #2
2019-10-01 23:43:16,310 [EventQueue-StaleNodeForStaleNodeHandler] INFO  pipeline.SCMPipelineManager (SCMPipelineManager.java:finalizeAndDestroyPipeline(311)) - destroying pipeline:Pipeline[ Id: 37a947b2-f9c6-42db-913f-8a06b7600921, Nodes: fa52477f-780a-4557-b700-0a1c4479f4d6{ip: 192.168.164.203, host: pr-hdds-2158-lzhrq-821698512, networkLocation: /default-rack, certSerialId: null}, Type:RATIS, Factor:ONE, State:OPEN]
2019-10-01 23:43:16,312 [EventQueue-StaleNodeForStaleNodeHandler] INFO  pipeline.PipelineStateManager (PipelineStateManager.java:finalizePipeline(123)) - Pipeline Pipeline[ Id: 37a947b2-f9c6-42db-913f-8a06b7600921, Nodes: fa52477f-780a-4557-b700-0a1c4479f4d6{ip: 192.168.164.203, host: pr-hdds-2158-lzhrq-821698512, networkLocation: /default-rack, certSerialId: null}, Type:RATIS, Factor:ONE, State:CLOSED] moved to CLOSED state
2019-10-01 23:43:16,330 [ForkJoinPool.commonPool-worker-1] INFO  ozoneimpl.OzoneContainer (OzoneContainer.java:stop(231)) - Attempting to stop container services.
2019-10-01 23:43:16,330 [main] INFO  ozoneimpl.OzoneContainer (OzoneContainer.java:stop(231)) - Attempting to stop container services.
2019-10-01 23:43:16,331 [ForkJoinPool.commonPool-worker-1] INFO  impl.RaftServerProxy (RaftServerProxy.java:lambda$close$4(314)) - 2c4f99a5-4d5c-4499-9504-878b029d86db: close
2019-10-01 23:43:16,331 [main] INFO  impl.RaftServerProxy (RaftServerProxy.java:lambda$close$4(314)) - fa52477f-780a-4557-b700-0a1c4479f4d6: close
2019-10-01 23:43:16,331 [ForkJoinPool.commonPool-worker-1] INFO  impl.RaftServerImpl (RaftServerImpl.java:lambda$shutdown$3(251)) - 2c4f99a5-4d5c-4499-9504-878b029d86db@group-048E7F66A113: shutdown
2019-10-01 23:43:16,331 [main] INFO  impl.RaftServerImpl (RaftServerImpl.java:lambda$shutdown$3(251)) - fa52477f-780a-4557-b700-0a1c4479f4d6@group-B271932CB0F1: shutdown
2019-10-01 23:43:16,331 [ForkJoinPool.commonPool-worker-1] INFO  util.JmxRegister (JmxRegister.java:unregister(73)) - Successfully un-registered JMX Bean with object name Ratis:service=RaftServer,group=group-048E7F66A113,id=2c4f99a5-4d5c-4499-9504-878b029d86db
2019-10-01 23:43:16,332 [main] INFO  util.JmxRegister (JmxRegister.java:unregister(73)) - Successfully un-registered JMX Bean with object name Ratis:service=RaftServer,group=group-B271932CB0F1,id=fa52477f-780a-4557-b700-0a1c4479f4d6
2019-10-01 23:43:16,332 [ForkJoinPool.commonPool-worker-1] INFO  impl.RoleInfo (RoleInfo.java:shutdownLeaderState(104)) - 2c4f99a5-4d5c-4499-9504-878b029d86db: shutdown LeaderState
2019-10-01 23:43:16,332 [main] INFO  impl.RoleInfo (RoleInfo.java:shutdownFollowerState(121)) - fa52477f-780a-4557-b700-0a1c4479f4d6: shutdown FollowerState
2019-10-01 23:43:16,332 [ForkJoinPool.commonPool-worker-1] INFO  impl.PendingRequests (PendingRequests.java:sendNotLeaderResponses(202)) - 2c4f99a5-4d5c-4499-9504-878b029d86db-PendingRequests: sendNotLeaderResponses
2019-10-01 23:43:16,332 [main] INFO  impl.StateMachineUpdater (StateMachineUpdater.java:stopAndJoin(125)) - fa52477f-780a-4557-b700-0a1c4479f4d6@group-B271932CB0F1-StateMachineUpdater: set stopIndex = 6
2019-10-01 23:43:16,333 [ForkJoinPool.commonPool-worker-1] INFO  impl.StateMachineUpdater (StateMachineUpdater.java:stopAndJoin(125)) - 2c4f99a5-4d5c-4499-9504-878b029d86db@group-048E7F66A113-StateMachineUpdater: set stopIndex = 0
2019-10-01 23:43:16,332 [fa52477f-780a-4557-b700-0a1c4479f4d6@group-B271932CB0F1-StateMachineUpdater] INFO  ratis.ContainerStateMachine (ContainerStateMachine.java:takeSnapshot(289)) - group-B271932CB0F1: Taking a snapshot at:(t:1, i:4) file /workdir/hadoop-ozone/integration-test/target/test-dir/MiniOzoneClusterImpl-29179c81-74dc-4452-99b0-75c8569a4c78/datanode-4/data/ratis/b048e60e-6dd8-4238-b80b-b271932cb0f1/sm/snapshot.1_4
2019-10-01 23:43:16,332 [Thread-3580] INFO  impl.FollowerState (FollowerState.java:run(115)) - fa52477f-780a-4557-b700-0a1c4479f4d6: FollowerState was interrupted: java.lang.InterruptedException: sleep interrupted
2019-10-01 23:43:16,335 [ForkJoinPool.commonPool-worker-1] INFO  impl.RaftServerImpl (ServerState.java:close(385)) - 2c4f99a5-4d5c-4499-9504-878b029d86db@group-048E7F66A113: closes. applyIndex: 0
2019-10-01 23:43:16,336 [2c4f99a5-4d5c-4499-9504-878b029d86db@group-048E7F66A113-SegmentedRaftLogWorker] INFO  segmented.SegmentedRaftLogWorker (SegmentedRaftLogWorker.java:run(313)) - 2c4f99a5-4d5c-4499-9504-878b029d86db@group-048E7F66A113-SegmentedRaftLogWorker was interrupted, exiting. There are 0 tasks remaining in the queue.
2019-10-01 23:43:16,338 [ForkJoinPool.commonPool-worker-1] INFO  segmented.SegmentedRaftLogWorker (SegmentedRaftLogWorker.java:close(228)) - 2c4f99a5-4d5c-4499-9504-878b029d86db@group-048E7F66A113-SegmentedRaftLogWorker close()
2019-10-01 23:43:16,342 [ForkJoinPool.commonPool-worker-1] INFO  impl.RaftServerImpl (RaftServerImpl.java:lambda$shutdown$3(251)) - 2c4f99a5-4d5c-4499-9504-878b029d86db@group-3F930789C911: shutdown
2019-10-01 23:43:16,342 [ForkJoinPool.commonPool-worker-1] INFO  util.JmxRegister (JmxRegister.java:unregister(73)) - Successfully un-registered JMX Bean with object name Ratis:service=RaftServer,group=group-3F930789C911,id=2c4f99a5-4d5c-4499-9504-878b029d86db
2019-10-01 23:43:16,342 [ForkJoinPool.commonPool-worker-1] INFO  impl.RoleInfo (RoleInfo.java:shutdownFollowerState(121)) - 2c4f99a5-4d5c-4499-9504-878b029d86db: shutdown FollowerState
2019-10-01 23:43:16,342 [ForkJoinPool.commonPool-worker-1] INFO  impl.StateMachineUpdater (StateMachineUpdater.java:stopAndJoin(125)) - 2c4f99a5-4d5c-4499-9504-878b029d86db@group-3F930789C911-StateMachineUpdater: set stopIndex = 6
2019-10-01 23:43:16,342 [2c4f99a5-4d5c-4499-9504-878b029d86db@group-3F930789C911-StateMachineUpdater] INFO  ratis.ContainerStateMachine (ContainerStateMachine.java:takeSnapshot(289)) - group-3F930789C911: Taking a snapshot at:(t:1, i:6) file /workdir/hadoop-ozone/integration-test/target/test-dir/MiniOzoneClusterImpl-29179c81-74dc-4452-99b0-75c8569a4c78/datanode-1/data/ratis/dc2975a8-bfb6-4f0f-846c-3f930789c911/sm/snapshot.1_6
2019-10-01 23:43:16,342 [Thread-3560] INFO  impl.FollowerState (FollowerState.java:run(115)) - 2c4f99a5-4d5c-4499-9504-878b029d86db: FollowerState was interrupted: java.lang.InterruptedException: sleep interrupted
2019-10-01 23:43:16,349 [fa52477f-780a-4557-b700-0a1c4479f4d6@group-B271932CB0F1-StateMachineUpdater] INFO  ratis.ContainerStateMachine (ContainerStateMachine.java:takeSnapshot(300)) - group-B271932CB0F1: Finished taking a snapshot at:(t:1, i:4) file:/workdir/hadoop-ozone/integration-test/target/test-dir/MiniOzoneClusterImpl-29179c81-74dc-4452-99b0-75c8569a4c78/datanode-4/data/ratis/b048e60e-6dd8-4238-b80b-b271932cb0f1/sm/snapshot.1_4 time:16
2019-10-01 23:43:16,349 [2c4f99a5-4d5c-4499-9504-878b029d86db@group-3F930789C911-StateMachineUpdater] INFO  ratis.ContainerStateMachine (ContainerStateMachine.java:takeSnapshot(300)) - group-3F930789C911: Finished taking a snapshot at:(t:1, i:6) file:/workdir/hadoop-ozone/integration-test/target/test-dir/MiniOzoneClusterImpl-29179c81-74dc-4452-99b0-75c8569a4c78/datanode-1/data/ratis/dc2975a8-bfb6-4f0f-846c-3f930789c911/sm/snapshot.1_6 time:7
2019-10-01 23:43:16,349 [2c4f99a5-4d5c-4499-9504-878b029d86db@group-3F930789C911-StateMachineUpdater] INFO  impl.StateMachineUpdater (StateMachineUpdater.java:takeSnapshot(258)) - 2c4f99a5-4d5c-4499-9504-878b029d86db@group-3F930789C911-StateMachineUpdater: Took a snapshot at index 6
2019-10-01 23:43:16,349 [fa52477f-780a-4557-b700-0a1c4479f4d6@group-B271932CB0F1-StateMachineUpdater] INFO  impl.StateMachineUpdater (StateMachineUpdater.java:takeSnapshot(258)) - fa52477f-780a-4557-b700-0a1c4479f4d6@group-B271932CB0F1-StateMachineUpdater: Took a snapshot at index 4
2019-10-01 23:43:16,349 [2c4f99a5-4d5c-4499-9504-878b029d86db@group-3F930789C911-StateMachineUpdater] INFO  impl.StateMachineUpdater (StateMachineUpdater.java:lambda$new$0(83)) - 2c4f99a5-4d5c-4499-9504-878b029d86db@group-3F930789C911-StateMachineUpdater: snapshotIndex: updateIncreasingly -1 -> 6
2019-10-01 23:43:16,350 [fa52477f-780a-4557-b700-0a1c4479f4d6@group-B271932CB0F1-StateMachineUpdater] INFO  impl.StateMachineUpdater (StateMachineUpdater.java:lambda$new$0(83)) - fa52477f-780a-4557-b700-0a1c4479f4d6@group-B271932CB0F1-StateMachineUpdater: snapshotIndex: updateIncreasingly -1 -> 4
2019-10-01 23:43:16,350 [fa52477f-780a-4557-b700-0a1c4479f4d6@group-B271932CB0F1-StateMachineUpdater] INFO  ratis.ContainerStateMachine (ContainerStateMachine.java:takeSnapshot(289)) - group-B271932CB0F1: Taking a snapshot at:(t:1, i:4) file /workdir/hadoop-ozone/integration-test/target/test-dir/MiniOzoneClusterImpl-29179c81-74dc-4452-99b0-75c8569a4c78/datanode-4/data/ratis/b048e60e-6dd8-4238-b80b-b271932cb0f1/sm/snapshot.1_4
2019-10-01 23:43:16,350 [ForkJoinPool.commonPool-worker-1] INFO  impl.RaftServerImpl (ServerState.java:close(385)) - 2c4f99a5-4d5c-4499-9504-878b029d86db@group-3F930789C911: closes. applyIndex: 6
2019-10-01 23:43:16,350 [2c4f99a5-4d5c-4499-9504-878b029d86db@group-3F930789C911-SegmentedRaftLogWorker] INFO  segmented.SegmentedRaftLogWorker (SegmentedRaftLogWorker.java:run(313)) - 2c4f99a5-4d5c-4499-9504-878b029d86db@group-3F930789C911-SegmentedRaftLogWorker was interrupted, exiting. There are 0 tasks remaining in the queue.
2019-10-01 23:43:16,352 [ForkJoinPool.commonPool-worker-1] INFO  segmented.SegmentedRaftLogWorker (SegmentedRaftLogWorker.java:close(228)) - 2c4f99a5-4d5c-4499-9504-878b029d86db@group-3F930789C911-SegmentedRaftLogWorker close()
2019-10-01 23:43:16,355 [ForkJoinPool.commonPool-worker-1] INFO  server.GrpcService (GrpcService.java:closeImpl(164)) - 2c4f99a5-4d5c-4499-9504-878b029d86db: shutdown server with port 41025 now
2019-10-01 23:43:16,356 [grpc-default-executor-0] WARN  server.GrpcServerProtocolService (LogUtils.java:warn(134)) - 2c4f99a5-4d5c-4499-9504-878b029d86db: installSnapshot onError, lastRequest: b8ac6586-d819-4f43-b802-0aef8ff35b46->2c4f99a5-4d5c-4499-9504-878b029d86db#9-t1, previous=(t:1, i:6), leaderCommit=6, initializing? false, entries: <empty>: org.apache.ratis.thirdparty.io.grpc.StatusRuntimeException: CANCELLED: cancelled before receiving half close
2019-10-01 23:43:16,357 [ForkJoinPool.commonPool-worker-1] INFO  server.GrpcService (GrpcService.java:closeImpl(172)) - 2c4f99a5-4d5c-4499-9504-878b029d86db: shutdown server with port 41025 successfully
2019-10-01 23:43:16,357 [grpc-default-executor-4] WARN  server.GrpcLogAppender (LogUtils.java:warn(134)) - b8ac6586-d819-4f43-b802-0aef8ff35b46@group-3F930789C911->2c4f99a5-4d5c-4499-9504-878b029d86db-AppendLogResponseHandler: Failed appendEntries: org.apache.ratis.thirdparty.io.grpc.StatusRuntimeException: CANCELLED: HTTP/2 error code: CANCEL
Received Rst Stream
2019-10-01 23:43:16,357 [grpc-default-executor-4] INFO  impl.FollowerInfo (FollowerInfo.java:lambda$new$0(51)) - b8ac6586-d819-4f43-b802-0aef8ff35b46@group-3F930789C911->2c4f99a5-4d5c-4499-9504-878b029d86db: nextIndex: updateUnconditionally 7 -> 6
2019-10-01 23:43:16,359 [refreshUsed-/workdir/hadoop-ozone/integration-test/target/test-dir/MiniOzoneClusterImpl-29179c81-74dc-4452-99b0-75c8569a4c78/datanode-1/data/containers] WARN  fs.CachingGetSpaceUsed (CachingGetSpaceUsed.java:run(183)) - Thread Interrupted waiting to refresh disk information: sleep interrupted
2019-10-01 23:43:16,363 [fa52477f-780a-4557-b700-0a1c4479f4d6@group-B271932CB0F1-StateMachineUpdater] INFO  ratis.ContainerStateMachine (ContainerStateMachine.java:takeSnapshot(300)) - group-B271932CB0F1: Finished taking a snapshot at:(t:1, i:4) file:/workdir/hadoop-ozone/integration-test/target/test-dir/MiniOzoneClusterImpl-29179c81-74dc-4452-99b0-75c8569a4c78/datanode-4/data/ratis/b048e60e-6dd8-4238-b80b-b271932cb0f1/sm/snapshot.1_4 time:13
2019-10-01 23:43:16,363 [fa52477f-780a-4557-b700-0a1c4479f4d6@group-B271932CB0F1-StateMachineUpdater] INFO  impl.StateMachineUpdater (StateMachineUpdater.java:takeSnapshot(258)) - fa52477f-780a-4557-b700-0a1c4479f4d6@group-B271932CB0F1-StateMachineUpdater: Took a snapshot at index 4
2019-10-01 23:43:16,363 [fa52477f-780a-4557-b700-0a1c4479f4d6@group-B271932CB0F1-StateMachineUpdater] INFO  impl.StateMachineUpdater (StateMachineUpdater.java:lambda$new$0(83)) - fa52477f-780a-4557-b700-0a1c4479f4d6@group-B271932CB0F1-StateMachineUpdater: snapshotIndex: updateIncreasingly 4 -> 4
2019-10-01 23:43:16,363 [main] INFO  impl.RaftServerImpl (ServerState.java:close(385)) - fa52477f-780a-4557-b700-0a1c4479f4d6@group-B271932CB0F1: closes. applyIndex: 6
2019-10-01 23:43:16,364 [fa52477f-780a-4557-b700-0a1c4479f4d6@group-B271932CB0F1-SegmentedRaftLogWorker] INFO  segmented.SegmentedRaftLogWorker (SegmentedRaftLogWorker.java:run(313)) - fa52477f-780a-4557-b700-0a1c4479f4d6@group-B271932CB0F1-SegmentedRaftLogWorker was interrupted, exiting. There are 0 tasks remaining in the queue.
2019-10-01 23:43:16,366 [main] INFO  segmented.SegmentedRaftLogWorker (SegmentedRaftLogWorker.java:close(228)) - fa52477f-780a-4557-b700-0a1c4479f4d6@group-B271932CB0F1-SegmentedRaftLogWorker close()
2019-10-01 23:43:16,369 [main] INFO  impl.RaftServerImpl (RaftServerImpl.java:lambda$shutdown$3(251)) - fa52477f-780a-4557-b700-0a1c4479f4d6@group-8A06B7600921: shutdown
2019-10-01 23:43:16,369 [main] INFO  util.JmxRegister (JmxRegister.java:unregister(73)) - Successfully un-registered JMX Bean with object name Ratis:service=RaftServer,group=group-8A06B7600921,id=fa52477f-780a-4557-b700-0a1c4479f4d6
2019-10-01 23:43:16,369 [main] INFO  impl.RoleInfo (RoleInfo.java:shutdownLeaderState(104)) - fa52477f-780a-4557-b700-0a1c4479f4d6: shutdown LeaderState
2019-10-01 23:43:16,369 [main] INFO  impl.PendingRequests (PendingRequests.java:sendNotLeaderResponses(202)) - fa52477f-780a-4557-b700-0a1c4479f4d6-PendingRequests: sendNotLeaderResponses
2019-10-01 23:43:16,370 [main] INFO  impl.StateMachineUpdater (StateMachineUpdater.java:stopAndJoin(125)) - fa52477f-780a-4557-b700-0a1c4479f4d6@group-8A06B7600921-StateMachineUpdater: set stopIndex = 0
2019-10-01 23:43:16,370 [main] INFO  impl.RaftServerImpl (ServerState.java:close(385)) - fa52477f-780a-4557-b700-0a1c4479f4d6@group-8A06B7600921: closes. applyIndex: 0
2019-10-01 23:43:16,370 [fa52477f-780a-4557-b700-0a1c4479f4d6@group-8A06B7600921-SegmentedRaftLogWorker] INFO  segmented.SegmentedRaftLogWorker (SegmentedRaftLogWorker.java:run(313)) - fa52477f-780a-4557-b700-0a1c4479f4d6@group-8A06B7600921-SegmentedRaftLogWorker was interrupted, exiting. There are 0 tasks remaining in the queue.
2019-10-01 23:43:16,372 [main] INFO  segmented.SegmentedRaftLogWorker (SegmentedRaftLogWorker.java:close(228)) - fa52477f-780a-4557-b700-0a1c4479f4d6@group-8A06B7600921-SegmentedRaftLogWorker close()
2019-10-01 23:43:16,375 [main] INFO  server.GrpcService (GrpcService.java:closeImpl(164)) - fa52477f-780a-4557-b700-0a1c4479f4d6: shutdown server with port 46494 now
2019-10-01 23:43:16,376 [grpc-default-executor-4] WARN  server.GrpcServerProtocolService (LogUtils.java:warn(134)) - fa52477f-780a-4557-b700-0a1c4479f4d6: installSnapshot onError, lastRequest: 07898822-8c63-49fb-90d4-e9d8d938329e->fa52477f-780a-4557-b700-0a1c4479f4d6#9-t1, previous=(t:1, i:6), leaderCommit=6, initializing? false, entries: <empty>: org.apache.ratis.thirdparty.io.grpc.StatusRuntimeException: CANCELLED: cancelled before receiving half close
2019-10-01 23:43:16,376 [main] INFO  server.GrpcService (GrpcService.java:closeImpl(172)) - fa52477f-780a-4557-b700-0a1c4479f4d6: shutdown server with port 46494 successfully
2019-10-01 23:43:16,376 [grpc-default-executor-3] WARN  server.GrpcLogAppender (LogUtils.java:warn(134)) - 07898822-8c63-49fb-90d4-e9d8d938329e@group-B271932CB0F1->fa52477f-780a-4557-b700-0a1c4479f4d6-AppendLogResponseHandler: Failed appendEntries: org.apache.ratis.thirdparty.io.grpc.StatusRuntimeException: CANCELLED: HTTP/2 error code: CANCEL
Received Rst Stream
2019-10-01 23:43:16,376 [grpc-default-executor-3] INFO  impl.FollowerInfo (FollowerInfo.java:lambda$new$0(51)) - 07898822-8c63-49fb-90d4-e9d8d938329e@group-B271932CB0F1->fa52477f-780a-4557-b700-0a1c4479f4d6: nextIndex: updateUnconditionally 7 -> 6
2019-10-01 23:43:16,382 [refreshUsed-/workdir/hadoop-ozone/integration-test/target/test-dir/MiniOzoneClusterImpl-29179c81-74dc-4452-99b0-75c8569a4c78/datanode-4/data/containers] WARN  fs.CachingGetSpaceUsed (CachingGetSpaceUsed.java:run(183)) - Thread Interrupted waiting to refresh disk information: sleep interrupted
2019-10-01 23:43:16,392 [ForkJoinPool.commonPool-worker-1] INFO  utils.BackgroundService (BackgroundService.java:shutdown(148)) - Shutting down service BlockDeletingService
2019-10-01 23:43:16,406 [ForkJoinPool.commonPool-worker-1] INFO  statemachine.DatanodeStateMachine (DatanodeStateMachine.java:stopDaemon(395)) - Ozone container server stopped.
2019-10-01 23:43:16,411 [ForkJoinPool.commonPool-worker-1] INFO  handler.ContextHandler (ContextHandler.java:doStop(910)) - Stopped o.e.j.w.WebAppContext@38de5daf{/,null,UNAVAILABLE}{/hddsDatanode}
2019-10-01 23:43:16,412 [ForkJoinPool.commonPool-worker-1] INFO  server.AbstractConnector (AbstractConnector.java:doStop(318)) - Stopped ServerConnector@621624b1{HTTP/1.1,[http/1.1]}{0.0.0.0:0}
2019-10-01 23:43:16,412 [main] INFO  utils.BackgroundService (BackgroundService.java:shutdown(148)) - Shutting down service BlockDeletingService
2019-10-01 23:43:16,413 [ForkJoinPool.commonPool-worker-1] INFO  handler.ContextHandler (ContextHandler.java:doStop(910)) - Stopped o.e.j.s.ServletContextHandler@ee96866{/static,jar:file:/home/user/.m2/repository/org/apache/hadoop/hadoop-hdds-container-service/0.5.0-SNAPSHOT/hadoop-hdds-container-service-0.5.0-SNAPSHOT.jar!/webapps/static,UNAVAILABLE}
2019-10-01 23:43:16,415 [ForkJoinPool.commonPool-worker-1] INFO  handler.ContextHandler (ContextHandler.java:doStop(910)) - Stopped o.e.j.s.ServletContextHandler@71369e1a{/logs,file:///workdir/hadoop-ozone/integration-test/target/log,UNAVAILABLE}
2019-10-01 23:43:16,418 [main] INFO  statemachine.DatanodeStateMachine (DatanodeStateMachine.java:stopDaemon(395)) - Ozone container server stopped.
2019-10-01 23:43:16,419 [main] INFO  handler.ContextHandler (ContextHandler.java:doStop(910)) - Stopped o.e.j.w.WebAppContext@3a0896b3{/,null,UNAVAILABLE}{/hddsDatanode}
2019-10-01 23:43:16,420 [main] INFO  server.AbstractConnector (AbstractConnector.java:doStop(318)) - Stopped ServerConnector@50a7c72b{HTTP/1.1,[http/1.1]}{0.0.0.0:0}
2019-10-01 23:43:16,420 [main] INFO  handler.ContextHandler (ContextHandler.java:doStop(910)) - Stopped o.e.j.s.ServletContextHandler@2d4fb0d8{/static,jar:file:/home/user/.m2/repository/org/apache/hadoop/hadoop-hdds-container-service/0.5.0-SNAPSHOT/hadoop-hdds-container-service-0.5.0-SNAPSHOT.jar!/webapps/static,UNAVAILABLE}
2019-10-01 23:43:16,421 [main] INFO  handler.ContextHandler (ContextHandler.java:doStop(910)) - Stopped o.e.j.s.ServletContextHandler@1de5cc88{/logs,file:///workdir/hadoop-ozone/integration-test/target/log,UNAVAILABLE}
2019-10-01 23:43:16,583 [grpc-default-executor-3] WARN  server.GrpcLogAppender (LogUtils.java:warn(134)) - b8ac6586-d819-4f43-b802-0aef8ff35b46@group-3F930789C911->2c4f99a5-4d5c-4499-9504-878b029d86db-AppendLogResponseHandler: Failed appendEntries: org.apache.ratis.thirdparty.io.grpc.StatusRuntimeException: UNAVAILABLE: io exception
2019-10-01 23:43:16,584 [grpc-default-executor-3] INFO  impl.FollowerInfo (FollowerInfo.java:lambda$new$0(51)) - b8ac6586-d819-4f43-b802-0aef8ff35b46@group-3F930789C911->2c4f99a5-4d5c-4499-9504-878b029d86db: nextIndex: updateUnconditionally 6 -> 5
2019-10-01 23:43:16,977 [Datanode State Machine Thread - 0] INFO  statemachine.DatanodeStateMachine (DatanodeStateMachine.java:lambda$startDaemon$0(350)) - Ozone container server started.
2019-10-01 23:43:16,978 [Datanode State Machine Thread - 0] INFO  statemachine.DatanodeStateMachine (DatanodeStateMachine.java:lambda$startDaemon$0(350)) - Ozone container server started.
2019-10-01 23:43:18,270 [grpc-default-executor-0] WARN  server.GrpcLogAppender (LogUtils.java:warn(134)) - 07898822-8c63-49fb-90d4-e9d8d938329e@group-B271932CB0F1->fa52477f-780a-4557-b700-0a1c4479f4d6-AppendLogResponseHandler: Failed appendEntries: org.apache.ratis.thirdparty.io.grpc.StatusRuntimeException: UNAVAILABLE: io exception
2019-10-01 23:43:18,271 [grpc-default-executor-0] INFO  impl.FollowerInfo (FollowerInfo.java:lambda$new$0(51)) - 07898822-8c63-49fb-90d4-e9d8d938329e@group-B271932CB0F1->fa52477f-780a-4557-b700-0a1c4479f4d6: nextIndex: updateUnconditionally 7 -> 6
2019-10-01 23:43:18,286 [grpc-default-executor-3] WARN  server.GrpcLogAppender (LogUtils.java:warn(134)) - 07898822-8c63-49fb-90d4-e9d8d938329e@group-B271932CB0F1->fa52477f-780a-4557-b700-0a1c4479f4d6-AppendLogResponseHandler: Failed appendEntries: org.apache.ratis.thirdparty.io.grpc.StatusRuntimeException: UNAVAILABLE: io exception
2019-10-01 23:43:18,287 [grpc-default-executor-3] INFO  impl.FollowerInfo (FollowerInfo.java:lambda$new$0(51)) - 07898822-8c63-49fb-90d4-e9d8d938329e@group-B271932CB0F1->fa52477f-780a-4557-b700-0a1c4479f4d6: nextIndex: updateUnconditionally 7 -> 6
2019-10-01 23:43:18,296 [RatisApplyTransactionExecutor 2] INFO  interfaces.Container (KeyValueContainer.java:flushAndSyncDB(386)) - Container 2 is synced with bcsId 4.
2019-10-01 23:43:18,296 [RatisApplyTransactionExecutor 2] INFO  interfaces.Container (KeyValueContainer.java:flushAndSyncDB(386)) - Container 2 is synced with bcsId 4.
2019-10-01 23:43:18,298 [grpc-default-executor-0] WARN  server.GrpcLogAppender (LogUtils.java:warn(134)) - 07898822-8c63-49fb-90d4-e9d8d938329e@group-B271932CB0F1->fa52477f-780a-4557-b700-0a1c4479f4d6-AppendLogResponseHandler: Failed appendEntries: org.apache.ratis.thirdparty.io.grpc.StatusRuntimeException: UNAVAILABLE: io exception
2019-10-01 23:43:18,298 [grpc-default-executor-0] INFO  impl.FollowerInfo (FollowerInfo.java:lambda$new$0(51)) - 07898822-8c63-49fb-90d4-e9d8d938329e@group-B271932CB0F1->fa52477f-780a-4557-b700-0a1c4479f4d6: nextIndex: updateUnconditionally 7 -> 6
2019-10-01 23:43:18,308 [RatisApplyTransactionExecutor 2] INFO  interfaces.Container (KeyValueContainer.java:flushAndSyncDB(386)) - Container 2 is synced with bcsId 4.
2019-10-01 23:43:18,308 [RatisApplyTransactionExecutor 2] INFO  interfaces.Container (KeyValueContainer.java:flushAndSyncDB(386)) - Container 2 is synced with bcsId 4.
2019-10-01 23:43:18,311 [RatisApplyTransactionExecutor 2] INFO  interfaces.Container (KeyValueContainer.java:close(335)) - Container 2 is closed with bcsId 4.
2019-10-01 23:43:18,312 [EventQueue-IncrementalContainerReportForIncrementalContainerReportHandler] INFO  container.IncrementalContainerReportHandler (AbstractContainerReportHandler.java:updateContainerState(176)) - Moving container #2 to CLOSED state, datanode 07898822-8c63-49fb-90d4-e9d8d938329e{ip: 192.168.164.203, host: pr-hdds-2158-lzhrq-821698512, networkLocation: /default-rack, certSerialId: null} reported CLOSED replica.
2019-10-01 23:43:18,313 [RatisApplyTransactionExecutor 2] INFO  interfaces.Container (KeyValueContainer.java:close(335)) - Container 2 is closed with bcsId 4.
2019-10-01 23:43:19,083 [grpc-default-executor-0] WARN  server.GrpcLogAppender (LogUtils.java:warn(134)) - b8ac6586-d819-4f43-b802-0aef8ff35b46@group-3F930789C911->2c4f99a5-4d5c-4499-9504-878b029d86db-AppendLogResponseHandler: Failed appendEntries: org.apache.ratis.thirdparty.io.grpc.StatusRuntimeException: UNAVAILABLE: io exception
2019-10-01 23:43:19,084 [grpc-default-executor-0] INFO  impl.FollowerInfo (FollowerInfo.java:lambda$new$0(51)) - b8ac6586-d819-4f43-b802-0aef8ff35b46@group-3F930789C911->2c4f99a5-4d5c-4499-9504-878b029d86db: nextIndex: updateUnconditionally 5 -> 4
2019-10-01 23:43:20,802 [grpc-default-executor-3] WARN  server.GrpcLogAppender (LogUtils.java:warn(134)) - 07898822-8c63-49fb-90d4-e9d8d938329e@group-B271932CB0F1->fa52477f-780a-4557-b700-0a1c4479f4d6-AppendLogResponseHandler: Failed appendEntries: org.apache.ratis.thirdparty.io.grpc.StatusRuntimeException: UNAVAILABLE: io exception
2019-10-01 23:43:20,804 [grpc-default-executor-3] INFO  impl.FollowerInfo (FollowerInfo.java:lambda$new$0(51)) - 07898822-8c63-49fb-90d4-e9d8d938329e@group-B271932CB0F1->fa52477f-780a-4557-b700-0a1c4479f4d6: nextIndex: updateUnconditionally 6 -> 5
2019-10-01 23:43:21,011 [EventQueue-StaleNodeForStaleNodeHandler] INFO  node.StaleNodeHandler (StaleNodeHandler.java:onMessage(58)) - Datanode e784b38e-8a48-4160-bbb7-0e462182dee2{ip: 192.168.164.203, host: pr-hdds-2158-lzhrq-821698512, networkLocation: /default-rack, certSerialId: null} moved to stale state. Finalizing its pipelines [PipelineID=14e3e8f5-87a1-4246-b250-84cbf7320397, PipelineID=dc2975a8-bfb6-4f0f-846c-3f930789c911]
2019-10-01 23:43:21,012 [EventQueue-StaleNodeForStaleNodeHandler] INFO  pipeline.SCMPipelineManager (SCMPipelineManager.java:finalizeAndDestroyPipeline(311)) - destroying pipeline:Pipeline[ Id: 14e3e8f5-87a1-4246-b250-84cbf7320397, Nodes: e784b38e-8a48-4160-bbb7-0e462182dee2{ip: 192.168.164.203, host: pr-hdds-2158-lzhrq-821698512, networkLocation: /default-rack, certSerialId: null}, Type:RATIS, Factor:ONE, State:OPEN]
2019-10-01 23:43:21,012 [EventQueue-StaleNodeForStaleNodeHandler] INFO  pipeline.PipelineStateManager (PipelineStateManager.java:finalizePipeline(123)) - Pipeline Pipeline[ Id: 14e3e8f5-87a1-4246-b250-84cbf7320397, Nodes: e784b38e-8a48-4160-bbb7-0e462182dee2{ip: 192.168.164.203, host: pr-hdds-2158-lzhrq-821698512, networkLocation: /default-rack, certSerialId: null}, Type:RATIS, Factor:ONE, State:CLOSED] moved to CLOSED state
2019-10-01 23:43:21,012 [EventQueue-StaleNodeForStaleNodeHandler] INFO  pipeline.SCMPipelineManager (SCMPipelineManager.java:finalizeAndDestroyPipeline(311)) - destroying pipeline:Pipeline[ Id: dc2975a8-bfb6-4f0f-846c-3f930789c911, Nodes: e784b38e-8a48-4160-bbb7-0e462182dee2{ip: 192.168.164.203, host: pr-hdds-2158-lzhrq-821698512, networkLocation: /default-rack, certSerialId: null}2c4f99a5-4d5c-4499-9504-878b029d86db{ip: 192.168.164.203, host: pr-hdds-2158-lzhrq-821698512, networkLocation: /default-rack, certSerialId: null}b8ac6586-d819-4f43-b802-0aef8ff35b46{ip: 192.168.164.203, host: pr-hdds-2158-lzhrq-821698512, networkLocation: /default-rack, certSerialId: null}, Type:RATIS, Factor:THREE, State:CLOSED]
2019-10-01 23:43:21,012 [EventQueue-StaleNodeForStaleNodeHandler] INFO  node.StaleNodeHandler (StaleNodeHandler.java:onMessage(58)) - Datanode b8ac6586-d819-4f43-b802-0aef8ff35b46{ip: 192.168.164.203, host: pr-hdds-2158-lzhrq-821698512, networkLocation: /default-rack, certSerialId: null} moved to stale state. Finalizing its pipelines [PipelineID=e4556d34-7aeb-4d29-a7d2-bd49950243f9, PipelineID=dc2975a8-bfb6-4f0f-846c-3f930789c911]
2019-10-01 23:43:21,012 [EventQueue-StaleNodeForStaleNodeHandler] INFO  pipeline.SCMPipelineManager (SCMPipelineManager.java:finalizeAndDestroyPipeline(311)) - destroying pipeline:Pipeline[ Id: e4556d34-7aeb-4d29-a7d2-bd49950243f9, Nodes: b8ac6586-d819-4f43-b802-0aef8ff35b46{ip: 192.168.164.203, host: pr-hdds-2158-lzhrq-821698512, networkLocation: /default-rack, certSerialId: null}, Type:RATIS, Factor:ONE, State:OPEN]
2019-10-01 23:43:21,012 [EventQueue-StaleNodeForStaleNodeHandler] INFO  pipeline.PipelineStateManager (PipelineStateManager.java:finalizePipeline(123)) - Pipeline Pipeline[ Id: e4556d34-7aeb-4d29-a7d2-bd49950243f9, Nodes: b8ac6586-d819-4f43-b802-0aef8ff35b46{ip: 192.168.164.203, host: pr-hdds-2158-lzhrq-821698512, networkLocation: /default-rack, certSerialId: null}, Type:RATIS, Factor:ONE, State:CLOSED] moved to CLOSED state
2019-10-01 23:43:21,013 [EventQueue-StaleNodeForStaleNodeHandler] INFO  pipeline.SCMPipelineManager (SCMPipelineManager.java:finalizeAndDestroyPipeline(311)) - destroying pipeline:Pipeline[ Id: dc2975a8-bfb6-4f0f-846c-3f930789c911, Nodes: e784b38e-8a48-4160-bbb7-0e462182dee2{ip: 192.168.164.203, host: pr-hdds-2158-lzhrq-821698512, networkLocation: /default-rack, certSerialId: null}2c4f99a5-4d5c-4499-9504-878b029d86db{ip: 192.168.164.203, host: pr-hdds-2158-lzhrq-821698512, networkLocation: /default-rack, certSerialId: null}b8ac6586-d819-4f43-b802-0aef8ff35b46{ip: 192.168.164.203, host: pr-hdds-2158-lzhrq-821698512, networkLocation: /default-rack, certSerialId: null}, Type:RATIS, Factor:THREE, State:CLOSED]
2019-10-01 23:43:21,420 [ForkJoinPool.commonPool-worker-1] INFO  ozoneimpl.OzoneContainer (OzoneContainer.java:stop(231)) - Attempting to stop container services.
2019-10-01 23:43:21,423 [ForkJoinPool.commonPool-worker-1] INFO  impl.RaftServerProxy (RaftServerProxy.java:lambda$close$4(314)) - b8ac6586-d819-4f43-b802-0aef8ff35b46: close
2019-10-01 23:43:21,423 [ForkJoinPool.commonPool-worker-1] INFO  impl.RaftServerImpl (RaftServerImpl.java:lambda$shutdown$3(251)) - b8ac6586-d819-4f43-b802-0aef8ff35b46@group-BD49950243F9: shutdown
2019-10-01 23:43:21,424 [ForkJoinPool.commonPool-worker-1] INFO  util.JmxRegister (JmxRegister.java:unregister(73)) - Successfully un-registered JMX Bean with object name Ratis:service=RaftServer,group=group-BD49950243F9,id=b8ac6586-d819-4f43-b802-0aef8ff35b46
2019-10-01 23:43:21,424 [ForkJoinPool.commonPool-worker-1] INFO  impl.RoleInfo (RoleInfo.java:shutdownLeaderState(104)) - b8ac6586-d819-4f43-b802-0aef8ff35b46: shutdown LeaderState
2019-10-01 23:43:21,425 [ForkJoinPool.commonPool-worker-1] INFO  impl.PendingRequests (PendingRequests.java:sendNotLeaderResponses(202)) - b8ac6586-d819-4f43-b802-0aef8ff35b46-PendingRequests: sendNotLeaderResponses
2019-10-01 23:43:21,425 [main] INFO  ozoneimpl.OzoneContainer (OzoneContainer.java:stop(231)) - Attempting to stop container services.
2019-10-01 23:43:21,427 [ForkJoinPool.commonPool-worker-1] INFO  impl.StateMachineUpdater (StateMachineUpdater.java:stopAndJoin(125)) - b8ac6586-d819-4f43-b802-0aef8ff35b46@group-BD49950243F9-StateMachineUpdater: set stopIndex = 0
2019-10-01 23:43:21,427 [main] INFO  impl.RaftServerProxy (RaftServerProxy.java:lambda$close$4(314)) - e784b38e-8a48-4160-bbb7-0e462182dee2: close
2019-10-01 23:43:21,428 [main] INFO  impl.RaftServerImpl (RaftServerImpl.java:lambda$shutdown$3(251)) - e784b38e-8a48-4160-bbb7-0e462182dee2@group-84CBF7320397: shutdown
2019-10-01 23:43:21,428 [main] INFO  util.JmxRegister (JmxRegister.java:unregister(73)) - Successfully un-registered JMX Bean with object name Ratis:service=RaftServer,group=group-84CBF7320397,id=e784b38e-8a48-4160-bbb7-0e462182dee2
2019-10-01 23:43:21,428 [main] INFO  impl.RoleInfo (RoleInfo.java:shutdownLeaderState(104)) - e784b38e-8a48-4160-bbb7-0e462182dee2: shutdown LeaderState
2019-10-01 23:43:21,429 [ForkJoinPool.commonPool-worker-1] INFO  impl.RaftServerImpl (ServerState.java:close(385)) - b8ac6586-d819-4f43-b802-0aef8ff35b46@group-BD49950243F9: closes. applyIndex: 0
2019-10-01 23:43:21,429 [main] INFO  impl.PendingRequests (PendingRequests.java:sendNotLeaderResponses(202)) - e784b38e-8a48-4160-bbb7-0e462182dee2-PendingRequests: sendNotLeaderResponses
2019-10-01 23:43:21,429 [b8ac6586-d819-4f43-b802-0aef8ff35b46@group-BD49950243F9-SegmentedRaftLogWorker] INFO  segmented.SegmentedRaftLogWorker (SegmentedRaftLogWorker.java:run(313)) - b8ac6586-d819-4f43-b802-0aef8ff35b46@group-BD49950243F9-SegmentedRaftLogWorker was interrupted, exiting. There are 0 tasks remaining in the queue.
2019-10-01 23:43:21,429 [main] INFO  impl.StateMachineUpdater (StateMachineUpdater.java:stopAndJoin(125)) - e784b38e-8a48-4160-bbb7-0e462182dee2@group-84CBF7320397-StateMachineUpdater: set stopIndex = 0
2019-10-01 23:43:21,431 [ForkJoinPool.commonPool-worker-1] INFO  segmented.SegmentedRaftLogWorker (SegmentedRaftLogWorker.java:close(228)) - b8ac6586-d819-4f43-b802-0aef8ff35b46@group-BD49950243F9-SegmentedRaftLogWorker close()
2019-10-01 23:43:21,431 [main] INFO  impl.RaftServerImpl (ServerState.java:close(385)) - e784b38e-8a48-4160-bbb7-0e462182dee2@group-84CBF7320397: closes. applyIndex: 0
2019-10-01 23:43:21,434 [ForkJoinPool.commonPool-worker-1] INFO  impl.RaftServerImpl (RaftServerImpl.java:lambda$shutdown$3(251)) - b8ac6586-d819-4f43-b802-0aef8ff35b46@group-3F930789C911: shutdown
2019-10-01 23:43:21,434 [e784b38e-8a48-4160-bbb7-0e462182dee2@group-84CBF7320397-SegmentedRaftLogWorker] INFO  segmented.SegmentedRaftLogWorker (SegmentedRaftLogWorker.java:run(313)) - e784b38e-8a48-4160-bbb7-0e462182dee2@group-84CBF7320397-SegmentedRaftLogWorker was interrupted, exiting. There are 0 tasks remaining in the queue.
2019-10-01 23:43:21,434 [ForkJoinPool.commonPool-worker-1] INFO  util.JmxRegister (JmxRegister.java:unregister(73)) - Successfully un-registered JMX Bean with object name Ratis:service=RaftServer,group=group-3F930789C911,id=b8ac6586-d819-4f43-b802-0aef8ff35b46
2019-10-01 23:43:21,436 [main] INFO  segmented.SegmentedRaftLogWorker (SegmentedRaftLogWorker.java:close(228)) - e784b38e-8a48-4160-bbb7-0e462182dee2@group-84CBF7320397-SegmentedRaftLogWorker close()
2019-10-01 23:43:21,436 [ForkJoinPool.commonPool-worker-1] INFO  impl.RoleInfo (RoleInfo.java:shutdownLeaderState(104)) - b8ac6586-d819-4f43-b802-0aef8ff35b46: shutdown LeaderState
2019-10-01 23:43:21,439 [main] INFO  impl.RaftServerImpl (RaftServerImpl.java:lambda$shutdown$3(251)) - e784b38e-8a48-4160-bbb7-0e462182dee2@group-3F930789C911: shutdown
2019-10-01 23:43:21,442 [org.apache.ratis.server.impl.LogAppender$AppenderDaemon$$Lambda$511/518789928@559dceb4] WARN  server.GrpcLogAppender (GrpcLogAppender.java:mayWait(143)) - b8ac6586-d819-4f43-b802-0aef8ff35b46@group-3F930789C911->2c4f99a5-4d5c-4499-9504-878b029d86db-GrpcLogAppender: Wait interrupted by java.lang.InterruptedException
2019-10-01 23:43:21,442 [org.apache.ratis.server.impl.LogAppender$AppenderDaemon$$Lambda$511/518789928@7614df15] WARN  server.GrpcLogAppender (GrpcLogAppender.java:mayWait(143)) - b8ac6586-d819-4f43-b802-0aef8ff35b46@group-3F930789C911->e784b38e-8a48-4160-bbb7-0e462182dee2-GrpcLogAppender: Wait interrupted by java.lang.InterruptedException
2019-10-01 23:43:21,442 [ForkJoinPool.commonPool-worker-1] INFO  impl.PendingRequests (PendingRequests.java:sendNotLeaderResponses(202)) - b8ac6586-d819-4f43-b802-0aef8ff35b46-PendingRequests: sendNotLeaderResponses
2019-10-01 23:43:21,443 [main] INFO  util.JmxRegister (JmxRegister.java:unregister(73)) - Successfully un-registered JMX Bean with object name Ratis:service=RaftServer,group=group-3F930789C911,id=e784b38e-8a48-4160-bbb7-0e462182dee2
2019-10-01 23:43:21,443 [main] INFO  impl.RoleInfo (RoleInfo.java:shutdownFollowerState(121)) - e784b38e-8a48-4160-bbb7-0e462182dee2: shutdown FollowerState
2019-10-01 23:43:21,443 [ForkJoinPool.commonPool-worker-1] INFO  impl.StateMachineUpdater (StateMachineUpdater.java:stopAndJoin(125)) - b8ac6586-d819-4f43-b802-0aef8ff35b46@group-3F930789C911-StateMachineUpdater: set stopIndex = 6
2019-10-01 23:43:21,444 [grpc-default-executor-0] INFO  server.GrpcServerProtocolService (GrpcServerProtocolService.java:onCompleted(113)) - e784b38e-8a48-4160-bbb7-0e462182dee2: Completed APPEND_ENTRIES, lastRequest: b8ac6586-d819-4f43-b802-0aef8ff35b46->e784b38e-8a48-4160-bbb7-0e462182dee2#11-t1, previous=(t:1, i:6), leaderCommit=6, initializing? false, entries: <empty>
2019-10-01 23:43:21,444 [Thread-3559] INFO  impl.FollowerState (FollowerState.java:run(115)) - e784b38e-8a48-4160-bbb7-0e462182dee2: FollowerState was interrupted: java.lang.InterruptedException: sleep interrupted
2019-10-01 23:43:21,444 [e784b38e-8a48-4160-bbb7-0e462182dee2@group-3F930789C911-StateMachineUpdater] INFO  ratis.ContainerStateMachine (ContainerStateMachine.java:takeSnapshot(289)) - group-3F930789C911: Taking a snapshot at:(t:1, i:6) file /workdir/hadoop-ozone/integration-test/target/test-dir/MiniOzoneClusterImpl-29179c81-74dc-4452-99b0-75c8569a4c78/datanode-3/data/ratis/dc2975a8-bfb6-4f0f-846c-3f930789c911/sm/snapshot.1_6
2019-10-01 23:43:21,444 [main] INFO  impl.StateMachineUpdater (StateMachineUpdater.java:stopAndJoin(125)) - e784b38e-8a48-4160-bbb7-0e462182dee2@group-3F930789C911-StateMachineUpdater: set stopIndex = 6
2019-10-01 23:43:21,444 [b8ac6586-d819-4f43-b802-0aef8ff35b46@group-3F930789C911-StateMachineUpdater] INFO  ratis.ContainerStateMachine (ContainerStateMachine.java:takeSnapshot(289)) - group-3F930789C911: Taking a snapshot at:(t:1, i:6) file /workdir/hadoop-ozone/integration-test/target/test-dir/MiniOzoneClusterImpl-29179c81-74dc-4452-99b0-75c8569a4c78/datanode-2/data/ratis/dc2975a8-bfb6-4f0f-846c-3f930789c911/sm/snapshot.1_6
2019-10-01 23:43:21,449 [grpc-default-executor-0] INFO  server.GrpcLogAppender (GrpcLogAppender.java:onCompleted(293)) - b8ac6586-d819-4f43-b802-0aef8ff35b46@group-3F930789C911->e784b38e-8a48-4160-bbb7-0e462182dee2-AppendLogResponseHandler: follower responses appendEntries COMPLETED
2019-10-01 23:43:21,450 [grpc-default-executor-0] INFO  impl.FollowerInfo (FollowerInfo.java:lambda$new$0(51)) - b8ac6586-d819-4f43-b802-0aef8ff35b46@group-3F930789C911->e784b38e-8a48-4160-bbb7-0e462182dee2: nextIndex: updateUnconditionally 7 -> 6
2019-10-01 23:43:21,462 [e784b38e-8a48-4160-bbb7-0e462182dee2@group-3F930789C911-StateMachineUpdater] INFO  ratis.ContainerStateMachine (ContainerStateMachine.java:takeSnapshot(300)) - group-3F930789C911: Finished taking a snapshot at:(t:1, i:6) file:/workdir/hadoop-ozone/integration-test/target/test-dir/MiniOzoneClusterImpl-29179c81-74dc-4452-99b0-75c8569a4c78/datanode-3/data/ratis/dc2975a8-bfb6-4f0f-846c-3f930789c911/sm/snapshot.1_6 time:18
2019-10-01 23:43:21,462 [b8ac6586-d819-4f43-b802-0aef8ff35b46@group-3F930789C911-StateMachineUpdater] INFO  ratis.ContainerStateMachine (ContainerStateMachine.java:takeSnapshot(300)) - group-3F930789C911: Finished taking a snapshot at:(t:1, i:6) file:/workdir/hadoop-ozone/integration-test/target/test-dir/MiniOzoneClusterImpl-29179c81-74dc-4452-99b0-75c8569a4c78/datanode-2/data/ratis/dc2975a8-bfb6-4f0f-846c-3f930789c911/sm/snapshot.1_6 time:18
2019-10-01 23:43:21,462 [e784b38e-8a48-4160-bbb7-0e462182dee2@group-3F930789C911-StateMachineUpdater] INFO  impl.StateMachineUpdater (StateMachineUpdater.java:takeSnapshot(258)) - e784b38e-8a48-4160-bbb7-0e462182dee2@group-3F930789C911-StateMachineUpdater: Took a snapshot at index 6
2019-10-01 23:43:21,462 [b8ac6586-d819-4f43-b802-0aef8ff35b46@group-3F930789C911-StateMachineUpdater] INFO  impl.StateMachineUpdater (StateMachineUpdater.java:takeSnapshot(258)) - b8ac6586-d819-4f43-b802-0aef8ff35b46@group-3F930789C911-StateMachineUpdater: Took a snapshot at index 6
2019-10-01 23:43:21,463 [e784b38e-8a48-4160-bbb7-0e462182dee2@group-3F930789C911-StateMachineUpdater] INFO  impl.StateMachineUpdater (StateMachineUpdater.java:lambda$new$0(83)) - e784b38e-8a48-4160-bbb7-0e462182dee2@group-3F930789C911-StateMachineUpdater: snapshotIndex: updateIncreasingly -1 -> 6
2019-10-01 23:43:21,463 [b8ac6586-d819-4f43-b802-0aef8ff35b46@group-3F930789C911-StateMachineUpdater] INFO  impl.StateMachineUpdater (StateMachineUpdater.java:lambda$new$0(83)) - b8ac6586-d819-4f43-b802-0aef8ff35b46@group-3F930789C911-StateMachineUpdater: snapshotIndex: updateIncreasingly -1 -> 6
2019-10-01 23:43:21,463 [main] INFO  impl.RaftServerImpl (ServerState.java:close(385)) - e784b38e-8a48-4160-bbb7-0e462182dee2@group-3F930789C911: closes. applyIndex: 6
2019-10-01 23:43:21,463 [ForkJoinPool.commonPool-worker-1] INFO  impl.RaftServerImpl (ServerState.java:close(385)) - b8ac6586-d819-4f43-b802-0aef8ff35b46@group-3F930789C911: closes. applyIndex: 6
2019-10-01 23:43:21,464 [e784b38e-8a48-4160-bbb7-0e462182dee2@group-3F930789C911-SegmentedRaftLogWorker] INFO  segmented.SegmentedRaftLogWorker (SegmentedRaftLogWorker.java:run(313)) - e784b38e-8a48-4160-bbb7-0e462182dee2@group-3F930789C911-SegmentedRaftLogWorker was interrupted, exiting. There are 0 tasks remaining in the queue.
2019-10-01 23:43:21,464 [b8ac6586-d819-4f43-b802-0aef8ff35b46@group-3F930789C911-SegmentedRaftLogWorker] INFO  segmented.SegmentedRaftLogWorker (SegmentedRaftLogWorker.java:run(313)) - b8ac6586-d819-4f43-b802-0aef8ff35b46@group-3F930789C911-SegmentedRaftLogWorker was interrupted, exiting. There are 0 tasks remaining in the queue.
2019-10-01 23:43:21,465 [main] INFO  segmented.SegmentedRaftLogWorker (SegmentedRaftLogWorker.java:close(228)) - e784b38e-8a48-4160-bbb7-0e462182dee2@group-3F930789C911-SegmentedRaftLogWorker close()
2019-10-01 23:43:21,467 [ForkJoinPool.commonPool-worker-1] INFO  segmented.SegmentedRaftLogWorker (SegmentedRaftLogWorker.java:close(228)) - b8ac6586-d819-4f43-b802-0aef8ff35b46@group-3F930789C911-SegmentedRaftLogWorker close()
2019-10-01 23:43:21,470 [main] INFO  server.GrpcService (GrpcService.java:closeImpl(164)) - e784b38e-8a48-4160-bbb7-0e462182dee2: shutdown server with port 41328 now
2019-10-01 23:43:21,482 [ForkJoinPool.commonPool-worker-1] INFO  server.GrpcService (GrpcService.java:closeImpl(164)) - b8ac6586-d819-4f43-b802-0aef8ff35b46: shutdown server with port 39340 now
2019-10-01 23:43:21,482 [main] INFO  server.GrpcService (GrpcService.java:closeImpl(172)) - e784b38e-8a48-4160-bbb7-0e462182dee2: shutdown server with port 41328 successfully
2019-10-01 23:43:21,483 [grpc-default-executor-3] WARN  client.GrpcClientProtocolService (LogUtils.java:warn(134)) - 2-UnorderedRequestStreamObserver2: onError: org.apache.ratis.thirdparty.io.grpc.StatusRuntimeException: CANCELLED: cancelled before receiving half close
2019-10-01 23:43:21,483 [ForkJoinPool.commonPool-worker-1] INFO  server.GrpcService (GrpcService.java:closeImpl(172)) - b8ac6586-d819-4f43-b802-0aef8ff35b46: shutdown server with port 39340 successfully
2019-10-01 23:43:21,486 [refreshUsed-/workdir/hadoop-ozone/integration-test/target/test-dir/MiniOzoneClusterImpl-29179c81-74dc-4452-99b0-75c8569a4c78/datanode-2/data/containers] WARN  fs.CachingGetSpaceUsed (CachingGetSpaceUsed.java:run(183)) - Thread Interrupted waiting to refresh disk information: sleep interrupted
2019-10-01 23:43:21,486 [refreshUsed-/workdir/hadoop-ozone/integration-test/target/test-dir/MiniOzoneClusterImpl-29179c81-74dc-4452-99b0-75c8569a4c78/datanode-3/data/containers] WARN  fs.CachingGetSpaceUsed (CachingGetSpaceUsed.java:run(183)) - Thread Interrupted waiting to refresh disk information: sleep interrupted
2019-10-01 23:43:21,505 [ForkJoinPool.commonPool-worker-1] INFO  utils.BackgroundService (BackgroundService.java:shutdown(148)) - Shutting down service BlockDeletingService
2019-10-01 23:43:21,509 [ForkJoinPool.commonPool-worker-1] INFO  statemachine.DatanodeStateMachine (DatanodeStateMachine.java:stopDaemon(395)) - Ozone container server stopped.
2019-10-01 23:43:21,509 [main] INFO  utils.BackgroundService (BackgroundService.java:shutdown(148)) - Shutting down service BlockDeletingService
2019-10-01 23:43:21,519 [main] INFO  statemachine.DatanodeStateMachine (DatanodeStateMachine.java:stopDaemon(395)) - Ozone container server stopped.
2019-10-01 23:43:21,521 [ForkJoinPool.commonPool-worker-1] INFO  handler.ContextHandler (ContextHandler.java:doStop(910)) - Stopped o.e.j.w.WebAppContext@3c16528d{/,null,UNAVAILABLE}{/hddsDatanode}
2019-10-01 23:43:21,521 [main] INFO  handler.ContextHandler (ContextHandler.java:doStop(910)) - Stopped o.e.j.w.WebAppContext@32da97fd{/,null,UNAVAILABLE}{/hddsDatanode}
2019-10-01 23:43:21,522 [main] INFO  server.AbstractConnector (AbstractConnector.java:doStop(318)) - Stopped ServerConnector@64440065{HTTP/1.1,[http/1.1]}{0.0.0.0:0}
2019-10-01 23:43:21,522 [ForkJoinPool.commonPool-worker-1] INFO  server.AbstractConnector (AbstractConnector.java:doStop(318)) - Stopped ServerConnector@2e45a357{HTTP/1.1,[http/1.1]}{0.0.0.0:0}
2019-10-01 23:43:21,522 [main] INFO  handler.ContextHandler (ContextHandler.java:doStop(910)) - Stopped o.e.j.s.ServletContextHandler@66d3b881{/static,jar:file:/home/user/.m2/repository/org/apache/hadoop/hadoop-hdds-container-service/0.5.0-SNAPSHOT/hadoop-hdds-container-service-0.5.0-SNAPSHOT.jar!/webapps/static,UNAVAILABLE}
2019-10-01 23:43:21,523 [ForkJoinPool.commonPool-worker-1] INFO  handler.ContextHandler (ContextHandler.java:doStop(910)) - Stopped o.e.j.s.ServletContextHandler@173511ff{/static,jar:file:/home/user/.m2/repository/org/apache/hadoop/hadoop-hdds-container-service/0.5.0-SNAPSHOT/hadoop-hdds-container-service-0.5.0-SNAPSHOT.jar!/webapps/static,UNAVAILABLE}
2019-10-01 23:43:21,524 [main] INFO  handler.ContextHandler (ContextHandler.java:doStop(910)) - Stopped o.e.j.s.ServletContextHandler@1cba0321{/logs,file:///workdir/hadoop-ozone/integration-test/target/log,UNAVAILABLE}
2019-10-01 23:43:21,525 [ForkJoinPool.commonPool-worker-1] INFO  handler.ContextHandler (ContextHandler.java:doStop(910)) - Stopped o.e.j.s.ServletContextHandler@372954e1{/logs,file:///workdir/hadoop-ozone/integration-test/target/log,UNAVAILABLE}
2019-10-01 23:43:21,723 [Datanode State Machine Thread - 0] INFO  statemachine.DatanodeStateMachine (DatanodeStateMachine.java:lambda$startDaemon$0(350)) - Ozone container server started.
2019-10-01 23:43:22,314 [Datanode State Machine Thread - 0] INFO  statemachine.DatanodeStateMachine (DatanodeStateMachine.java:lambda$startDaemon$0(350)) - Ozone container server started.
2019-10-01 23:43:23,301 [grpc-default-executor-3] WARN  server.GrpcLogAppender (LogUtils.java:warn(134)) - 07898822-8c63-49fb-90d4-e9d8d938329e@group-B271932CB0F1->fa52477f-780a-4557-b700-0a1c4479f4d6-AppendLogResponseHandler: Failed appendEntries: org.apache.ratis.thirdparty.io.grpc.StatusRuntimeException: UNAVAILABLE: io exception
2019-10-01 23:43:23,302 [grpc-default-executor-3] INFO  impl.FollowerInfo (FollowerInfo.java:lambda$new$0(51)) - 07898822-8c63-49fb-90d4-e9d8d938329e@group-B271932CB0F1->fa52477f-780a-4557-b700-0a1c4479f4d6: nextIndex: updateUnconditionally 5 -> 4
2019-10-01 23:43:25,804 [grpc-default-executor-3] WARN  server.GrpcLogAppender (LogUtils.java:warn(134)) - 07898822-8c63-49fb-90d4-e9d8d938329e@group-B271932CB0F1->fa52477f-780a-4557-b700-0a1c4479f4d6-AppendLogResponseHandler: Failed appendEntries: org.apache.ratis.thirdparty.io.grpc.StatusRuntimeException: UNAVAILABLE: io exception
2019-10-01 23:43:25,805 [grpc-default-executor-3] INFO  impl.FollowerInfo (FollowerInfo.java:lambda$new$0(51)) - 07898822-8c63-49fb-90d4-e9d8d938329e@group-B271932CB0F1->fa52477f-780a-4557-b700-0a1c4479f4d6: nextIndex: updateUnconditionally 4 -> 3
2019-10-01 23:43:25,818 [EventQueue-StaleNodeForStaleNodeHandler] INFO  node.StaleNodeHandler (StaleNodeHandler.java:onMessage(58)) - Datanode 0de13eb4-6288-4f85-9c65-52a6109eecbe{ip: 192.168.164.203, host: pr-hdds-2158-lzhrq-821698512, networkLocation: /default-rack, certSerialId: null} moved to stale state. Finalizing its pipelines [PipelineID=d14f60c4-dc4c-46ab-9503-89247338b9b4]
2019-10-01 23:43:25,818 [EventQueue-StaleNodeForStaleNodeHandler] INFO  pipeline.SCMPipelineManager (SCMPipelineManager.java:finalizeAndDestroyPipeline(311)) - destroying pipeline:Pipeline[ Id: d14f60c4-dc4c-46ab-9503-89247338b9b4, Nodes: 0de13eb4-6288-4f85-9c65-52a6109eecbe{ip: 192.168.164.203, host: pr-hdds-2158-lzhrq-821698512, networkLocation: /default-rack, certSerialId: null}, Type:RATIS, Factor:ONE, State:OPEN]
2019-10-01 23:43:25,818 [EventQueue-StaleNodeForStaleNodeHandler] INFO  pipeline.PipelineStateManager (PipelineStateManager.java:finalizePipeline(123)) - Pipeline Pipeline[ Id: d14f60c4-dc4c-46ab-9503-89247338b9b4, Nodes: 0de13eb4-6288-4f85-9c65-52a6109eecbe{ip: 192.168.164.203, host: pr-hdds-2158-lzhrq-821698512, networkLocation: /default-rack, certSerialId: null}, Type:RATIS, Factor:ONE, State:CLOSED] moved to CLOSED state
2019-10-01 23:43:26,319 [EventQueue-StaleNodeForStaleNodeHandler] INFO  node.StaleNodeHandler (StaleNodeHandler.java:onMessage(58)) - Datanode 62a7363a-1701-4ee6-9c91-e357e3084c98{ip: 192.168.164.203, host: pr-hdds-2158-lzhrq-821698512, networkLocation: /default-rack, certSerialId: null} moved to stale state. Finalizing its pipelines [PipelineID=b048e60e-6dd8-4238-b80b-b271932cb0f1, PipelineID=14924d7e-820d-4e7f-97e3-2fd01475f615]
2019-10-01 23:43:26,319 [EventQueue-StaleNodeForStaleNodeHandler] INFO  pipeline.SCMPipelineManager (SCMPipelineManager.java:finalizeAndDestroyPipeline(311)) - destroying pipeline:Pipeline[ Id: b048e60e-6dd8-4238-b80b-b271932cb0f1, Nodes: fa52477f-780a-4557-b700-0a1c4479f4d6{ip: 192.168.164.203, host: pr-hdds-2158-lzhrq-821698512, networkLocation: /default-rack, certSerialId: null}07898822-8c63-49fb-90d4-e9d8d938329e{ip: 192.168.164.203, host: pr-hdds-2158-lzhrq-821698512, networkLocation: /default-rack, certSerialId: null}62a7363a-1701-4ee6-9c91-e357e3084c98{ip: 192.168.164.203, host: pr-hdds-2158-lzhrq-821698512, networkLocation: /default-rack, certSerialId: null}, Type:RATIS, Factor:THREE, State:CLOSED]
2019-10-01 23:43:26,320 [EventQueue-StaleNodeForStaleNodeHandler] INFO  pipeline.SCMPipelineManager (SCMPipelineManager.java:finalizeAndDestroyPipeline(311)) - destroying pipeline:Pipeline[ Id: 14924d7e-820d-4e7f-97e3-2fd01475f615, Nodes: 62a7363a-1701-4ee6-9c91-e357e3084c98{ip: 192.168.164.203, host: pr-hdds-2158-lzhrq-821698512, networkLocation: /default-rack, certSerialId: null}, Type:RATIS, Factor:ONE, State:OPEN]
2019-10-01 23:43:26,320 [EventQueue-StaleNodeForStaleNodeHandler] INFO  pipeline.PipelineStateManager (PipelineStateManager.java:finalizePipeline(123)) - Pipeline Pipeline[ Id: 14924d7e-820d-4e7f-97e3-2fd01475f615, Nodes: 62a7363a-1701-4ee6-9c91-e357e3084c98{ip: 192.168.164.203, host: pr-hdds-2158-lzhrq-821698512, networkLocation: /default-rack, certSerialId: null}, Type:RATIS, Factor:ONE, State:CLOSED] moved to CLOSED state
2019-10-01 23:43:26,528 [main] INFO  ozoneimpl.OzoneContainer (OzoneContainer.java:stop(231)) - Attempting to stop container services.
2019-10-01 23:43:26,528 [ForkJoinPool.commonPool-worker-1] INFO  ozoneimpl.OzoneContainer (OzoneContainer.java:stop(231)) - Attempting to stop container services.
2019-10-01 23:43:26,532 [main] INFO  impl.RaftServerProxy (RaftServerProxy.java:lambda$close$4(314)) - 0de13eb4-6288-4f85-9c65-52a6109eecbe: close
2019-10-01 23:43:26,532 [ForkJoinPool.commonPool-worker-1] INFO  impl.RaftServerProxy (RaftServerProxy.java:lambda$close$4(314)) - 62a7363a-1701-4ee6-9c91-e357e3084c98: close
2019-10-01 23:43:26,533 [main] INFO  impl.RaftServerImpl (RaftServerImpl.java:lambda$shutdown$3(251)) - 0de13eb4-6288-4f85-9c65-52a6109eecbe@group-89247338B9B4: shutdown
2019-10-01 23:43:26,533 [ForkJoinPool.commonPool-worker-1] INFO  impl.RaftServerImpl (RaftServerImpl.java:lambda$shutdown$3(251)) - 62a7363a-1701-4ee6-9c91-e357e3084c98@group-B271932CB0F1: shutdown
2019-10-01 23:43:26,534 [main] INFO  util.JmxRegister (JmxRegister.java:unregister(73)) - Successfully un-registered JMX Bean with object name Ratis:service=RaftServer,group=group-89247338B9B4,id=0de13eb4-6288-4f85-9c65-52a6109eecbe
2019-10-01 23:43:26,534 [ForkJoinPool.commonPool-worker-1] INFO  util.JmxRegister (JmxRegister.java:unregister(73)) - Successfully un-registered JMX Bean with object name Ratis:service=RaftServer,group=group-B271932CB0F1,id=62a7363a-1701-4ee6-9c91-e357e3084c98
2019-10-01 23:43:26,534 [main] INFO  impl.RoleInfo (RoleInfo.java:shutdownLeaderState(104)) - 0de13eb4-6288-4f85-9c65-52a6109eecbe: shutdown LeaderState
2019-10-01 23:43:26,534 [ForkJoinPool.commonPool-worker-1] INFO  impl.RoleInfo (RoleInfo.java:shutdownFollowerState(121)) - 62a7363a-1701-4ee6-9c91-e357e3084c98: shutdown FollowerState
2019-10-01 23:43:26,535 [main] INFO  impl.PendingRequests (PendingRequests.java:sendNotLeaderResponses(202)) - 0de13eb4-6288-4f85-9c65-52a6109eecbe-PendingRequests: sendNotLeaderResponses
2019-10-01 23:43:26,536 [62a7363a-1701-4ee6-9c91-e357e3084c98@group-B271932CB0F1-StateMachineUpdater] INFO  ratis.ContainerStateMachine (ContainerStateMachine.java:takeSnapshot(289)) - group-B271932CB0F1: Taking a snapshot at:(t:1, i:7) file /workdir/hadoop-ozone/integration-test/target/test-dir/MiniOzoneClusterImpl-29179c81-74dc-4452-99b0-75c8569a4c78/datanode-0/data/ratis/b048e60e-6dd8-4238-b80b-b271932cb0f1/sm/snapshot.1_7
2019-10-01 23:43:26,535 [Thread-3575] INFO  impl.FollowerState (FollowerState.java:run(115)) - 62a7363a-1701-4ee6-9c91-e357e3084c98: FollowerState was interrupted: java.lang.InterruptedException: sleep interrupted
2019-10-01 23:43:26,535 [ForkJoinPool.commonPool-worker-1] INFO  impl.StateMachineUpdater (StateMachineUpdater.java:stopAndJoin(125)) - 62a7363a-1701-4ee6-9c91-e357e3084c98@group-B271932CB0F1-StateMachineUpdater: set stopIndex = 8
2019-10-01 23:43:26,537 [main] INFO  impl.StateMachineUpdater (StateMachineUpdater.java:stopAndJoin(125)) - 0de13eb4-6288-4f85-9c65-52a6109eecbe@group-89247338B9B4-StateMachineUpdater: set stopIndex = 0
2019-10-01 23:43:26,538 [main] INFO  impl.RaftServerImpl (ServerState.java:close(385)) - 0de13eb4-6288-4f85-9c65-52a6109eecbe@group-89247338B9B4: closes. applyIndex: 0
2019-10-01 23:43:26,539 [0de13eb4-6288-4f85-9c65-52a6109eecbe@group-89247338B9B4-SegmentedRaftLogWorker] INFO  segmented.SegmentedRaftLogWorker (SegmentedRaftLogWorker.java:run(313)) - 0de13eb4-6288-4f85-9c65-52a6109eecbe@group-89247338B9B4-SegmentedRaftLogWorker was interrupted, exiting. There are 0 tasks remaining in the queue.
2019-10-01 23:43:26,540 [main] INFO  segmented.SegmentedRaftLogWorker (SegmentedRaftLogWorker.java:close(228)) - 0de13eb4-6288-4f85-9c65-52a6109eecbe@group-89247338B9B4-SegmentedRaftLogWorker close()
2019-10-01 23:43:26,542 [main] INFO  server.GrpcService (GrpcService.java:closeImpl(164)) - 0de13eb4-6288-4f85-9c65-52a6109eecbe: shutdown server with port 33642 now
2019-10-01 23:43:26,544 [main] INFO  server.GrpcService (GrpcService.java:closeImpl(172)) - 0de13eb4-6288-4f85-9c65-52a6109eecbe: shutdown server with port 33642 successfully
2019-10-01 23:43:26,547 [refreshUsed-/workdir/hadoop-ozone/integration-test/target/test-dir/MiniOzoneClusterImpl-29179c81-74dc-4452-99b0-75c8569a4c78/datanode-6/data/containers] WARN  fs.CachingGetSpaceUsed (CachingGetSpaceUsed.java:run(183)) - Thread Interrupted waiting to refresh disk information: sleep interrupted
2019-10-01 23:43:26,552 [62a7363a-1701-4ee6-9c91-e357e3084c98@group-B271932CB0F1-StateMachineUpdater] INFO  ratis.ContainerStateMachine (ContainerStateMachine.java:takeSnapshot(300)) - group-B271932CB0F1: Finished taking a snapshot at:(t:1, i:7) file:/workdir/hadoop-ozone/integration-test/target/test-dir/MiniOzoneClusterImpl-29179c81-74dc-4452-99b0-75c8569a4c78/datanode-0/data/ratis/b048e60e-6dd8-4238-b80b-b271932cb0f1/sm/snapshot.1_7 time:16
2019-10-01 23:43:26,552 [62a7363a-1701-4ee6-9c91-e357e3084c98@group-B271932CB0F1-StateMachineUpdater] INFO  impl.StateMachineUpdater (StateMachineUpdater.java:takeSnapshot(258)) - 62a7363a-1701-4ee6-9c91-e357e3084c98@group-B271932CB0F1-StateMachineUpdater: Took a snapshot at index 7
2019-10-01 23:43:26,552 [62a7363a-1701-4ee6-9c91-e357e3084c98@group-B271932CB0F1-StateMachineUpdater] INFO  impl.StateMachineUpdater (StateMachineUpdater.java:lambda$new$0(83)) - 62a7363a-1701-4ee6-9c91-e357e3084c98@group-B271932CB0F1-StateMachineUpdater: snapshotIndex: updateIncreasingly -1 -> 7
2019-10-01 23:43:26,553 [62a7363a-1701-4ee6-9c91-e357e3084c98@group-B271932CB0F1-StateMachineUpdater] INFO  ratis.ContainerStateMachine (ContainerStateMachine.java:takeSnapshot(289)) - group-B271932CB0F1: Taking a snapshot at:(t:1, i:7) file /workdir/hadoop-ozone/integration-test/target/test-dir/MiniOzoneClusterImpl-29179c81-74dc-4452-99b0-75c8569a4c78/datanode-0/data/ratis/b048e60e-6dd8-4238-b80b-b271932cb0f1/sm/snapshot.1_7
2019-10-01 23:43:26,566 [62a7363a-1701-4ee6-9c91-e357e3084c98@group-B271932CB0F1-StateMachineUpdater] INFO  ratis.ContainerStateMachine (ContainerStateMachine.java:takeSnapshot(300)) - group-B271932CB0F1: Finished taking a snapshot at:(t:1, i:7) file:/workdir/hadoop-ozone/integration-test/target/test-dir/MiniOzoneClusterImpl-29179c81-74dc-4452-99b0-75c8569a4c78/datanode-0/data/ratis/b048e60e-6dd8-4238-b80b-b271932cb0f1/sm/snapshot.1_7 time:13
2019-10-01 23:43:26,566 [62a7363a-1701-4ee6-9c91-e357e3084c98@group-B271932CB0F1-StateMachineUpdater] INFO  impl.StateMachineUpdater (StateMachineUpdater.java:takeSnapshot(258)) - 62a7363a-1701-4ee6-9c91-e357e3084c98@group-B271932CB0F1-StateMachineUpdater: Took a snapshot at index 7
2019-10-01 23:43:26,566 [62a7363a-1701-4ee6-9c91-e357e3084c98@group-B271932CB0F1-StateMachineUpdater] INFO  impl.StateMachineUpdater (StateMachineUpdater.java:lambda$new$0(83)) - 62a7363a-1701-4ee6-9c91-e357e3084c98@group-B271932CB0F1-StateMachineUpdater: snapshotIndex: updateIncreasingly 7 -> 7
2019-10-01 23:43:26,567 [ForkJoinPool.commonPool-worker-1] INFO  impl.RaftServerImpl (ServerState.java:close(385)) - 62a7363a-1701-4ee6-9c91-e357e3084c98@group-B271932CB0F1: closes. applyIndex: 8
2019-10-01 23:43:26,567 [main] INFO  utils.BackgroundService (BackgroundService.java:shutdown(148)) - Shutting down service BlockDeletingService
2019-10-01 23:43:26,567 [62a7363a-1701-4ee6-9c91-e357e3084c98@group-B271932CB0F1-SegmentedRaftLogWorker] INFO  segmented.SegmentedRaftLogWorker (SegmentedRaftLogWorker.java:run(313)) - 62a7363a-1701-4ee6-9c91-e357e3084c98@group-B271932CB0F1-SegmentedRaftLogWorker was interrupted, exiting. There are 0 tasks remaining in the queue.
2019-10-01 23:43:26,569 [ForkJoinPool.commonPool-worker-1] INFO  segmented.SegmentedRaftLogWorker (SegmentedRaftLogWorker.java:close(228)) - 62a7363a-1701-4ee6-9c91-e357e3084c98@group-B271932CB0F1-SegmentedRaftLogWorker close()
2019-10-01 23:43:26,571 [ForkJoinPool.commonPool-worker-1] INFO  impl.RaftServerImpl (RaftServerImpl.java:lambda$shutdown$3(251)) - 62a7363a-1701-4ee6-9c91-e357e3084c98@group-2FD01475F615: shutdown
2019-10-01 23:43:26,572 [main] INFO  statemachine.DatanodeStateMachine (DatanodeStateMachine.java:stopDaemon(395)) - Ozone container server stopped.
2019-10-01 23:43:26,573 [ForkJoinPool.commonPool-worker-1] INFO  util.JmxRegister (JmxRegister.java:unregister(73)) - Successfully un-registered JMX Bean with object name Ratis:service=RaftServer,group=group-2FD01475F615,id=62a7363a-1701-4ee6-9c91-e357e3084c98
2019-10-01 23:43:26,573 [ForkJoinPool.commonPool-worker-1] INFO  impl.RoleInfo (RoleInfo.java:shutdownLeaderState(104)) - 62a7363a-1701-4ee6-9c91-e357e3084c98: shutdown LeaderState
2019-10-01 23:43:26,573 [ForkJoinPool.commonPool-worker-1] INFO  impl.PendingRequests (PendingRequests.java:sendNotLeaderResponses(202)) - 62a7363a-1701-4ee6-9c91-e357e3084c98-PendingRequests: sendNotLeaderResponses
2019-10-01 23:43:26,574 [ForkJoinPool.commonPool-worker-1] INFO  impl.StateMachineUpdater (StateMachineUpdater.java:stopAndJoin(125)) - 62a7363a-1701-4ee6-9c91-e357e3084c98@group-2FD01475F615-StateMachineUpdater: set stopIndex = 0
2019-10-01 23:43:26,574 [ForkJoinPool.commonPool-worker-1] INFO  impl.RaftServerImpl (ServerState.java:close(385)) - 62a7363a-1701-4ee6-9c91-e357e3084c98@group-2FD01475F615: closes. applyIndex: 0
2019-10-01 23:43:26,574 [62a7363a-1701-4ee6-9c91-e357e3084c98@group-2FD01475F615-SegmentedRaftLogWorker] INFO  segmented.SegmentedRaftLogWorker (SegmentedRaftLogWorker.java:run(313)) - 62a7363a-1701-4ee6-9c91-e357e3084c98@group-2FD01475F615-SegmentedRaftLogWorker was interrupted, exiting. There are 0 tasks remaining in the queue.
2019-10-01 23:43:26,576 [ForkJoinPool.commonPool-worker-1] INFO  segmented.SegmentedRaftLogWorker (SegmentedRaftLogWorker.java:close(228)) - 62a7363a-1701-4ee6-9c91-e357e3084c98@group-2FD01475F615-SegmentedRaftLogWorker close()
2019-10-01 23:43:26,577 [ForkJoinPool.commonPool-worker-1] INFO  server.GrpcService (GrpcService.java:closeImpl(164)) - 62a7363a-1701-4ee6-9c91-e357e3084c98: shutdown server with port 46283 now
2019-10-01 23:43:26,578 [ForkJoinPool.commonPool-worker-1] INFO  server.GrpcService (GrpcService.java:closeImpl(172)) - 62a7363a-1701-4ee6-9c91-e357e3084c98: shutdown server with port 46283 successfully
2019-10-01 23:43:26,579 [grpc-default-executor-4] WARN  server.GrpcLogAppender (LogUtils.java:warn(134)) - 07898822-8c63-49fb-90d4-e9d8d938329e@group-B271932CB0F1->62a7363a-1701-4ee6-9c91-e357e3084c98-AppendLogResponseHandler: Failed appendEntries: org.apache.ratis.thirdparty.io.grpc.StatusRuntimeException: CANCELLED: HTTP/2 error code: CANCEL
Received Rst Stream
2019-10-01 23:43:26,578 [grpc-default-executor-0] WARN  server.GrpcServerProtocolService (LogUtils.java:warn(134)) - 62a7363a-1701-4ee6-9c91-e357e3084c98: installSnapshot onError, lastRequest: 07898822-8c63-49fb-90d4-e9d8d938329e->62a7363a-1701-4ee6-9c91-e357e3084c98#14-t1, previous=(t:1, i:8), leaderCommit=8, initializing? false, entries: <empty>: org.apache.ratis.thirdparty.io.grpc.StatusRuntimeException: CANCELLED: cancelled before receiving half close
2019-10-01 23:43:26,579 [grpc-default-executor-4] INFO  impl.FollowerInfo (FollowerInfo.java:lambda$new$0(51)) - 07898822-8c63-49fb-90d4-e9d8d938329e@group-B271932CB0F1->62a7363a-1701-4ee6-9c91-e357e3084c98: nextIndex: updateUnconditionally 9 -> 8
2019-10-01 23:43:26,580 [refreshUsed-/workdir/hadoop-ozone/integration-test/target/test-dir/MiniOzoneClusterImpl-29179c81-74dc-4452-99b0-75c8569a4c78/datanode-0/data/containers] WARN  fs.CachingGetSpaceUsed (CachingGetSpaceUsed.java:run(183)) - Thread Interrupted waiting to refresh disk information: sleep interrupted
2019-10-01 23:43:26,586 [main] INFO  handler.ContextHandler (ContextHandler.java:doStop(910)) - Stopped o.e.j.w.WebAppContext@40c76f5a{/,null,UNAVAILABLE}{/hddsDatanode}
2019-10-01 23:43:26,587 [main] INFO  server.AbstractConnector (AbstractConnector.java:doStop(318)) - Stopped ServerConnector@a323a5b{HTTP/1.1,[http/1.1]}{0.0.0.0:0}
2019-10-01 23:43:26,587 [main] INFO  handler.ContextHandler (ContextHandler.java:doStop(910)) - Stopped o.e.j.s.ServletContextHandler@72fb989b{/static,jar:file:/home/user/.m2/repository/org/apache/hadoop/hadoop-hdds-container-service/0.5.0-SNAPSHOT/hadoop-hdds-container-service-0.5.0-SNAPSHOT.jar!/webapps/static,UNAVAILABLE}
2019-10-01 23:43:26,588 [main] INFO  handler.ContextHandler (ContextHandler.java:doStop(910)) - Stopped o.e.j.s.ServletContextHandler@51d8f2f2{/logs,file:///workdir/hadoop-ozone/integration-test/target/log,UNAVAILABLE}
2019-10-01 23:43:26,595 [ForkJoinPool.commonPool-worker-1] INFO  utils.BackgroundService (BackgroundService.java:shutdown(148)) - Shutting down service BlockDeletingService
2019-10-01 23:43:26,604 [ForkJoinPool.commonPool-worker-1] INFO  statemachine.DatanodeStateMachine (DatanodeStateMachine.java:stopDaemon(395)) - Ozone container server stopped.
2019-10-01 23:43:26,611 [ForkJoinPool.commonPool-worker-1] INFO  handler.ContextHandler (ContextHandler.java:doStop(910)) - Stopped o.e.j.w.WebAppContext@7d47dfed{/,null,UNAVAILABLE}{/hddsDatanode}
2019-10-01 23:43:26,611 [ForkJoinPool.commonPool-worker-1] INFO  server.AbstractConnector (AbstractConnector.java:doStop(318)) - Stopped ServerConnector@3a38e4dc{HTTP/1.1,[http/1.1]}{0.0.0.0:0}
2019-10-01 23:43:26,612 [ForkJoinPool.commonPool-worker-1] INFO  handler.ContextHandler (ContextHandler.java:doStop(910)) - Stopped o.e.j.s.ServletContextHandler@38c761e9{/static,jar:file:/home/user/.m2/repository/org/apache/hadoop/hadoop-hdds-container-service/0.5.0-SNAPSHOT/hadoop-hdds-container-service-0.5.0-SNAPSHOT.jar!/webapps/static,UNAVAILABLE}
2019-10-01 23:43:26,614 [ForkJoinPool.commonPool-worker-1] INFO  handler.ContextHandler (ContextHandler.java:doStop(910)) - Stopped o.e.j.s.ServletContextHandler@5e67a490{/logs,file:///workdir/hadoop-ozone/integration-test/target/log,UNAVAILABLE}
2019-10-01 23:43:27,311 [Datanode State Machine Thread - 0] INFO  statemachine.DatanodeStateMachine (DatanodeStateMachine.java:lambda$startDaemon$0(350)) - Ozone container server started.
2019-10-01 23:43:28,305 [grpc-default-executor-0] WARN  server.GrpcLogAppender (LogUtils.java:warn(134)) - 07898822-8c63-49fb-90d4-e9d8d938329e@group-B271932CB0F1->fa52477f-780a-4557-b700-0a1c4479f4d6-AppendLogResponseHandler: Failed appendEntries: org.apache.ratis.thirdparty.io.grpc.StatusRuntimeException: UNAVAILABLE: io exception
2019-10-01 23:43:28,305 [grpc-default-executor-0] INFO  impl.FollowerInfo (FollowerInfo.java:lambda$new$0(51)) - 07898822-8c63-49fb-90d4-e9d8d938329e@group-B271932CB0F1->fa52477f-780a-4557-b700-0a1c4479f4d6: nextIndex: updateUnconditionally 3 -> 2
2019-10-01 23:43:28,309 [grpc-default-executor-3] WARN  server.GrpcLogAppender (LogUtils.java:warn(134)) - 07898822-8c63-49fb-90d4-e9d8d938329e@group-B271932CB0F1->62a7363a-1701-4ee6-9c91-e357e3084c98-AppendLogResponseHandler: Failed appendEntries: org.apache.ratis.thirdparty.io.grpc.StatusRuntimeException: UNAVAILABLE: io exception
2019-10-01 23:43:28,309 [grpc-default-executor-3] INFO  impl.FollowerInfo (FollowerInfo.java:lambda$new$0(51)) - 07898822-8c63-49fb-90d4-e9d8d938329e@group-B271932CB0F1->62a7363a-1701-4ee6-9c91-e357e3084c98: nextIndex: updateUnconditionally 8 -> 7
2019-10-01 23:43:30,809 [grpc-default-executor-3] WARN  server.GrpcLogAppender (LogUtils.java:warn(134)) - 07898822-8c63-49fb-90d4-e9d8d938329e@group-B271932CB0F1->fa52477f-780a-4557-b700-0a1c4479f4d6-AppendLogResponseHandler: Failed appendEntries: org.apache.ratis.thirdparty.io.grpc.StatusRuntimeException: UNAVAILABLE: io exception
2019-10-01 23:43:30,809 [grpc-default-executor-2] WARN  server.GrpcLogAppender (LogUtils.java:warn(134)) - 07898822-8c63-49fb-90d4-e9d8d938329e@group-B271932CB0F1->62a7363a-1701-4ee6-9c91-e357e3084c98-AppendLogResponseHandler: Failed appendEntries: org.apache.ratis.thirdparty.io.grpc.StatusRuntimeException: UNAVAILABLE: io exception
2019-10-01 23:43:30,810 [grpc-default-executor-2] INFO  impl.FollowerInfo (FollowerInfo.java:lambda$new$0(51)) - 07898822-8c63-49fb-90d4-e9d8d938329e@group-B271932CB0F1->62a7363a-1701-4ee6-9c91-e357e3084c98: nextIndex: updateUnconditionally 7 -> 6
2019-10-01 23:43:30,810 [grpc-default-executor-3] INFO  impl.FollowerInfo (FollowerInfo.java:lambda$new$0(51)) - 07898822-8c63-49fb-90d4-e9d8d938329e@group-B271932CB0F1->fa52477f-780a-4557-b700-0a1c4479f4d6: nextIndex: updateUnconditionally 2 -> 1
2019-10-01 23:43:31,324 [EventQueue-StaleNodeForStaleNodeHandler] INFO  node.StaleNodeHandler (StaleNodeHandler.java:onMessage(58)) - Datanode 07898822-8c63-49fb-90d4-e9d8d938329e{ip: 192.168.164.203, host: pr-hdds-2158-lzhrq-821698512, networkLocation: /default-rack, certSerialId: null} moved to stale state. Finalizing its pipelines [PipelineID=b048e60e-6dd8-4238-b80b-b271932cb0f1, PipelineID=c1f3e598-396c-411c-ab86-c863ba609711]
2019-10-01 23:43:31,324 [EventQueue-StaleNodeForStaleNodeHandler] INFO  pipeline.SCMPipelineManager (SCMPipelineManager.java:finalizeAndDestroyPipeline(311)) - destroying pipeline:Pipeline[ Id: b048e60e-6dd8-4238-b80b-b271932cb0f1, Nodes: fa52477f-780a-4557-b700-0a1c4479f4d6{ip: 192.168.164.203, host: pr-hdds-2158-lzhrq-821698512, networkLocation: /default-rack, certSerialId: null}07898822-8c63-49fb-90d4-e9d8d938329e{ip: 192.168.164.203, host: pr-hdds-2158-lzhrq-821698512, networkLocation: /default-rack, certSerialId: null}62a7363a-1701-4ee6-9c91-e357e3084c98{ip: 192.168.164.203, host: pr-hdds-2158-lzhrq-821698512, networkLocation: /default-rack, certSerialId: null}, Type:RATIS, Factor:THREE, State:CLOSED]
2019-10-01 23:43:31,325 [EventQueue-StaleNodeForStaleNodeHandler] INFO  pipeline.SCMPipelineManager (SCMPipelineManager.java:finalizeAndDestroyPipeline(311)) - destroying pipeline:Pipeline[ Id: c1f3e598-396c-411c-ab86-c863ba609711, Nodes: 07898822-8c63-49fb-90d4-e9d8d938329e{ip: 192.168.164.203, host: pr-hdds-2158-lzhrq-821698512, networkLocation: /default-rack, certSerialId: null}, Type:RATIS, Factor:ONE, State:OPEN]
2019-10-01 23:43:31,325 [EventQueue-StaleNodeForStaleNodeHandler] INFO  pipeline.PipelineStateManager (PipelineStateManager.java:finalizePipeline(123)) - Pipeline Pipeline[ Id: c1f3e598-396c-411c-ab86-c863ba609711, Nodes: 07898822-8c63-49fb-90d4-e9d8d938329e{ip: 192.168.164.203, host: pr-hdds-2158-lzhrq-821698512, networkLocation: /default-rack, certSerialId: null}, Type:RATIS, Factor:ONE, State:CLOSED] moved to CLOSED state
2019-10-01 23:43:31,590 [main] INFO  ozoneimpl.OzoneContainer (OzoneContainer.java:stop(231)) - Attempting to stop container services.
2019-10-01 23:43:31,592 [main] INFO  impl.RaftServerProxy (RaftServerProxy.java:lambda$close$4(314)) - 07898822-8c63-49fb-90d4-e9d8d938329e: close
2019-10-01 23:43:31,593 [main] INFO  impl.RaftServerImpl (RaftServerImpl.java:lambda$shutdown$3(251)) - 07898822-8c63-49fb-90d4-e9d8d938329e@group-B271932CB0F1: shutdown
2019-10-01 23:43:31,593 [ForkJoinPool.commonPool-worker-0] INFO  impl.RaftServerImpl (RaftServerImpl.java:lambda$shutdown$3(251)) - 07898822-8c63-49fb-90d4-e9d8d938329e@group-C863BA609711: shutdown
2019-10-01 23:43:31,593 [main] INFO  util.JmxRegister (JmxRegister.java:unregister(73)) - Successfully un-registered JMX Bean with object name Ratis:service=RaftServer,group=group-B271932CB0F1,id=07898822-8c63-49fb-90d4-e9d8d938329e
2019-10-01 23:43:31,594 [ForkJoinPool.commonPool-worker-0] INFO  util.JmxRegister (JmxRegister.java:unregister(73)) - Successfully un-registered JMX Bean with object name Ratis:service=RaftServer,group=group-C863BA609711,id=07898822-8c63-49fb-90d4-e9d8d938329e
2019-10-01 23:43:31,594 [main] INFO  impl.RoleInfo (RoleInfo.java:shutdownLeaderState(104)) - 07898822-8c63-49fb-90d4-e9d8d938329e: shutdown LeaderState
2019-10-01 23:43:31,594 [ForkJoinPool.commonPool-worker-0] INFO  impl.RoleInfo (RoleInfo.java:shutdownLeaderState(104)) - 07898822-8c63-49fb-90d4-e9d8d938329e: shutdown LeaderState
2019-10-01 23:43:31,596 [org.apache.ratis.server.impl.LogAppender$AppenderDaemon$$Lambda$511/518789928@4d89e459] WARN  server.GrpcLogAppender (GrpcLogAppender.java:mayWait(143)) - 07898822-8c63-49fb-90d4-e9d8d938329e@group-B271932CB0F1->62a7363a-1701-4ee6-9c91-e357e3084c98-GrpcLogAppender: Wait interrupted by java.lang.InterruptedException
2019-10-01 23:43:31,596 [org.apache.ratis.server.impl.LogAppender$AppenderDaemon$$Lambda$511/518789928@57e2fc44] WARN  server.GrpcLogAppender (GrpcLogAppender.java:mayWait(143)) - 07898822-8c63-49fb-90d4-e9d8d938329e@group-B271932CB0F1->fa52477f-780a-4557-b700-0a1c4479f4d6-GrpcLogAppender: Wait interrupted by java.lang.InterruptedException
2019-10-01 23:43:31,596 [main] INFO  impl.PendingRequests (PendingRequests.java:sendNotLeaderResponses(202)) - 07898822-8c63-49fb-90d4-e9d8d938329e-PendingRequests: sendNotLeaderResponses
2019-10-01 23:43:31,596 [ForkJoinPool.commonPool-worker-0] INFO  impl.PendingRequests (PendingRequests.java:sendNotLeaderResponses(202)) - 07898822-8c63-49fb-90d4-e9d8d938329e-PendingRequests: sendNotLeaderResponses
2019-10-01 23:43:31,599 [ForkJoinPool.commonPool-worker-0] INFO  impl.StateMachineUpdater (StateMachineUpdater.java:stopAndJoin(125)) - 07898822-8c63-49fb-90d4-e9d8d938329e@group-C863BA609711-StateMachineUpdater: set stopIndex = 0
2019-10-01 23:43:31,599 [main] INFO  impl.StateMachineUpdater (StateMachineUpdater.java:stopAndJoin(125)) - 07898822-8c63-49fb-90d4-e9d8d938329e@group-B271932CB0F1-StateMachineUpdater: set stopIndex = 8
2019-10-01 23:43:31,600 [ForkJoinPool.commonPool-worker-0] INFO  impl.RaftServerImpl (ServerState.java:close(385)) - 07898822-8c63-49fb-90d4-e9d8d938329e@group-C863BA609711: closes. applyIndex: 0
2019-10-01 23:43:31,599 [07898822-8c63-49fb-90d4-e9d8d938329e@group-B271932CB0F1-StateMachineUpdater] INFO  ratis.ContainerStateMachine (ContainerStateMachine.java:takeSnapshot(289)) - group-B271932CB0F1: Taking a snapshot at:(t:1, i:8) file /workdir/hadoop-ozone/integration-test/target/test-dir/MiniOzoneClusterImpl-29179c81-74dc-4452-99b0-75c8569a4c78/datanode-5/data/ratis/b048e60e-6dd8-4238-b80b-b271932cb0f1/sm/snapshot.1_8
2019-10-01 23:43:31,600 [07898822-8c63-49fb-90d4-e9d8d938329e@group-C863BA609711-SegmentedRaftLogWorker] INFO  segmented.SegmentedRaftLogWorker (SegmentedRaftLogWorker.java:run(313)) - 07898822-8c63-49fb-90d4-e9d8d938329e@group-C863BA609711-SegmentedRaftLogWorker was interrupted, exiting. There are 0 tasks remaining in the queue.
2019-10-01 23:43:31,611 [ForkJoinPool.commonPool-worker-0] INFO  segmented.SegmentedRaftLogWorker (SegmentedRaftLogWorker.java:close(228)) - 07898822-8c63-49fb-90d4-e9d8d938329e@group-C863BA609711-SegmentedRaftLogWorker close()
2019-10-01 23:43:31,614 [07898822-8c63-49fb-90d4-e9d8d938329e@group-B271932CB0F1-StateMachineUpdater] INFO  ratis.ContainerStateMachine (ContainerStateMachine.java:takeSnapshot(300)) - group-B271932CB0F1: Finished taking a snapshot at:(t:1, i:8) file:/workdir/hadoop-ozone/integration-test/target/test-dir/MiniOzoneClusterImpl-29179c81-74dc-4452-99b0-75c8569a4c78/datanode-5/data/ratis/b048e60e-6dd8-4238-b80b-b271932cb0f1/sm/snapshot.1_8 time:14
2019-10-01 23:43:31,614 [07898822-8c63-49fb-90d4-e9d8d938329e@group-B271932CB0F1-StateMachineUpdater] INFO  impl.StateMachineUpdater (StateMachineUpdater.java:takeSnapshot(258)) - 07898822-8c63-49fb-90d4-e9d8d938329e@group-B271932CB0F1-StateMachineUpdater: Took a snapshot at index 8
2019-10-01 23:43:31,614 [07898822-8c63-49fb-90d4-e9d8d938329e@group-B271932CB0F1-StateMachineUpdater] INFO  impl.StateMachineUpdater (StateMachineUpdater.java:lambda$new$0(83)) - 07898822-8c63-49fb-90d4-e9d8d938329e@group-B271932CB0F1-StateMachineUpdater: snapshotIndex: updateIncreasingly -1 -> 8
2019-10-01 23:43:31,615 [main] INFO  impl.RaftServerImpl (ServerState.java:close(385)) - 07898822-8c63-49fb-90d4-e9d8d938329e@group-B271932CB0F1: closes. applyIndex: 8
2019-10-01 23:43:31,615 [07898822-8c63-49fb-90d4-e9d8d938329e@group-B271932CB0F1-SegmentedRaftLogWorker] INFO  segmented.SegmentedRaftLogWorker (SegmentedRaftLogWorker.java:run(313)) - 07898822-8c63-49fb-90d4-e9d8d938329e@group-B271932CB0F1-SegmentedRaftLogWorker was interrupted, exiting. There are 0 tasks remaining in the queue.
2019-10-01 23:43:31,617 [main] INFO  segmented.SegmentedRaftLogWorker (SegmentedRaftLogWorker.java:close(228)) - 07898822-8c63-49fb-90d4-e9d8d938329e@group-B271932CB0F1-SegmentedRaftLogWorker close()
2019-10-01 23:43:31,618 [main] INFO  server.GrpcService (GrpcService.java:closeImpl(164)) - 07898822-8c63-49fb-90d4-e9d8d938329e: shutdown server with port 37254 now
2019-10-01 23:43:31,619 [main] INFO  server.GrpcService (GrpcService.java:closeImpl(172)) - 07898822-8c63-49fb-90d4-e9d8d938329e: shutdown server with port 37254 successfully
2019-10-01 23:43:31,623 [refreshUsed-/workdir/hadoop-ozone/integration-test/target/test-dir/MiniOzoneClusterImpl-29179c81-74dc-4452-99b0-75c8569a4c78/datanode-5/data/containers] WARN  fs.CachingGetSpaceUsed (CachingGetSpaceUsed.java:run(183)) - Thread Interrupted waiting to refresh disk information: sleep interrupted
2019-10-01 23:43:31,637 [main] INFO  utils.BackgroundService (BackgroundService.java:shutdown(148)) - Shutting down service BlockDeletingService
2019-10-01 23:43:31,638 [main] INFO  statemachine.DatanodeStateMachine (DatanodeStateMachine.java:stopDaemon(395)) - Ozone container server stopped.
2019-10-01 23:43:31,651 [main] INFO  handler.ContextHandler (ContextHandler.java:doStop(910)) - Stopped o.e.j.w.WebAppContext@7e2c6702{/,null,UNAVAILABLE}{/hddsDatanode}
2019-10-01 23:43:31,652 [main] INFO  server.AbstractConnector (AbstractConnector.java:doStop(318)) - Stopped ServerConnector@5fb7ab9c{HTTP/1.1,[http/1.1]}{0.0.0.0:0}
2019-10-01 23:43:31,652 [main] INFO  handler.ContextHandler (ContextHandler.java:doStop(910)) - Stopped o.e.j.s.ServletContextHandler@16a6dc21{/static,jar:file:/home/user/.m2/repository/org/apache/hadoop/hadoop-hdds-container-service/0.5.0-SNAPSHOT/hadoop-hdds-container-service-0.5.0-SNAPSHOT.jar!/webapps/static,UNAVAILABLE}
2019-10-01 23:43:31,652 [main] INFO  handler.ContextHandler (ContextHandler.java:doStop(910)) - Stopped o.e.j.s.ServletContextHandler@570b2057{/logs,file:///workdir/hadoop-ozone/integration-test/target/log,UNAVAILABLE}
2019-10-01 23:43:31,653 [main] INFO  ozone.MiniOzoneClusterImpl (MiniOzoneClusterImpl.java:stop(344)) - Stopping the StorageContainerManager
2019-10-01 23:43:31,654 [main] INFO  server.StorageContainerManager (StorageContainerManager.java:stop(801)) - Stopping Replication Manager Service.
2019-10-01 23:43:31,654 [main] INFO  container.ReplicationManager (ReplicationManager.java:stop(203)) - Stopping Replication Monitor Thread.
2019-10-01 23:43:31,654 [main] INFO  server.StorageContainerManager (StorageContainerManager.java:stop(808)) - Stopping Lease Manager of the command watchers
2019-10-01 23:43:31,654 [main] INFO  server.StorageContainerManager (StorageContainerManager.java:stop(815)) - Stopping datanode service RPC server
2019-10-01 23:43:31,655 [main] INFO  server.SCMDatanodeProtocolServer (SCMDatanodeProtocolServer.java:stop(367)) - Stopping the RPC server for DataNodes
2019-10-01 23:43:31,655 [main] INFO  ipc.Server (Server.java:stop(3082)) - Stopping server on 41867
2019-10-01 23:43:31,658 [IPC Server listener on 41867] INFO  ipc.Server (Server.java:run(1185)) - Stopping IPC Server listener on 41867
2019-10-01 23:43:31,659 [IPC Server Responder] INFO  ipc.Server (Server.java:run(1319)) - Stopping IPC Server Responder
2019-10-01 23:43:31,724 [SCM Heartbeat Processing Thread - 0] WARN  node.NodeStateManager (NodeStateManager.java:scheduleNextHealthCheck(646)) - Current Thread is interrupted, shutting down HB processing thread for Node Manager.
2019-10-01 23:43:31,725 [main] INFO  server.StorageContainerManager (StorageContainerManager.java:stop(823)) - Stopping block service RPC server
2019-10-01 23:43:31,725 [main] INFO  server.SCMBlockProtocolServer (SCMBlockProtocolServer.java:stop(155)) - Stopping the RPC server for Block Protocol
2019-10-01 23:43:31,725 [main] INFO  ipc.Server (Server.java:stop(3082)) - Stopping server on 36578
2019-10-01 23:43:31,728 [IPC Server listener on 36578] INFO  ipc.Server (Server.java:run(1185)) - Stopping IPC Server listener on 36578
2019-10-01 23:43:31,732 [main] INFO  server.StorageContainerManager (StorageContainerManager.java:stop(830)) - Stopping the StorageContainerLocationProtocol RPC server
2019-10-01 23:43:31,733 [main] INFO  server.SCMClientProtocolServer (SCMClientProtocolServer.java:stop(159)) - Stopping the RPC server for Client Protocol
2019-10-01 23:43:31,733 [IPC Server Responder] INFO  ipc.Server (Server.java:run(1319)) - Stopping IPC Server Responder
2019-10-01 23:43:31,734 [main] INFO  ipc.Server (Server.java:stop(3082)) - Stopping server on 33994
2019-10-01 23:43:31,738 [IPC Server listener on 33994] INFO  ipc.Server (Server.java:run(1185)) - Stopping IPC Server listener on 33994
2019-10-01 23:43:31,738 [main] INFO  server.StorageContainerManager (StorageContainerManager.java:stop(837)) - Stopping Storage Container Manager HTTP server.
2019-10-01 23:43:31,738 [IPC Server Responder] INFO  ipc.Server (Server.java:run(1319)) - Stopping IPC Server Responder
2019-10-01 23:43:31,740 [main] INFO  handler.ContextHandler (ContextHandler.java:doStop(910)) - Stopped o.e.j.w.WebAppContext@e26a3df{/,null,UNAVAILABLE}{/scm}
2019-10-01 23:43:31,740 [main] INFO  server.AbstractConnector (AbstractConnector.java:doStop(318)) - Stopped ServerConnector@57a667c8{HTTP/1.1,[http/1.1]}{0.0.0.0:0}
2019-10-01 23:43:31,741 [main] INFO  handler.ContextHandler (ContextHandler.java:doStop(910)) - Stopped o.e.j.s.ServletContextHandler@4e48462d{/static,file:///workdir/hadoop-ozone/integration-test/target/test-classes/webapps/static,UNAVAILABLE}
2019-10-01 23:43:31,741 [main] INFO  handler.ContextHandler (ContextHandler.java:doStop(910)) - Stopped o.e.j.s.ServletContextHandler@642c6461{/logs,file:///workdir/hadoop-ozone/integration-test/target/log,UNAVAILABLE}
2019-10-01 23:43:31,742 [main] INFO  server.StorageContainerManager (StorageContainerManager.java:stop(848)) - Stopping Block Manager Service.
2019-10-01 23:43:31,742 [main] INFO  utils.BackgroundService (BackgroundService.java:shutdown(148)) - Shutting down service SCMBlockDeletingService
2019-10-01 23:43:31,743 [main] INFO  utils.BackgroundService (BackgroundService.java:shutdown(148)) - Shutting down service SCMBlockDeletingService
2019-10-01 23:43:31,743 [main] INFO  server.StorageContainerManager (StorageContainerManager.java:stop(870)) - Stopping SCM Event Queue.
2019-10-01 23:43:31,747 [main] INFO  impl.MetricsSystemImpl (MetricsSystemImpl.java:stop(210)) - Stopping HddsDatanode metrics system...
2019-10-01 23:43:31,781 [main] INFO  impl.MetricsSystemImpl (MetricsSystemImpl.java:stop(216)) - HddsDatanode metrics system stopped.
]]></system-out>
    <system-err><![CDATA[Oct 01, 2019 11:43:16 PM org.apache.ratis.thirdparty.io.grpc.internal.SerializingExecutor run
SEVERE: Exception while executing runnable org.apache.ratis.thirdparty.io.grpc.internal.ServerImpl$JumpToApplicationThreadServerStreamListener$1Closed@76d7d219
org.apache.ratis.thirdparty.io.grpc.StatusRuntimeException: CANCELLED: call already cancelled
	at org.apache.ratis.thirdparty.io.grpc.Status.asRuntimeException(Status.java:517)
	at org.apache.ratis.thirdparty.io.grpc.stub.ServerCalls$ServerCallStreamObserverImpl.onCompleted(ServerCalls.java:356)
	at org.apache.ratis.grpc.server.GrpcServerProtocolService$ServerRequestStreamObserver.onError(GrpcServerProtocolService.java:121)
	at org.apache.ratis.thirdparty.io.grpc.stub.ServerCalls$StreamingServerCallHandler$StreamingServerCallListener.onCancel(ServerCalls.java:269)
	at org.apache.ratis.thirdparty.io.grpc.internal.ServerCallImpl$ServerStreamListenerImpl.closed(ServerCallImpl.java:293)
	at org.apache.ratis.thirdparty.io.grpc.internal.ServerImpl$JumpToApplicationThreadServerStreamListener$1Closed.runInContext(ServerImpl.java:741)
	at org.apache.ratis.thirdparty.io.grpc.internal.ContextRunnable.run(ContextRunnable.java:37)
	at org.apache.ratis.thirdparty.io.grpc.internal.SerializingExecutor.run(SerializingExecutor.java:123)
	at java.util.concurrent.ThreadPoolExecutor.runWorker(ThreadPoolExecutor.java:1149)
	at java.util.concurrent.ThreadPoolExecutor$Worker.run(ThreadPoolExecutor.java:624)
	at java.lang.Thread.run(Thread.java:748)

Oct 01, 2019 11:43:16 PM org.apache.ratis.thirdparty.io.grpc.internal.SerializingExecutor run
SEVERE: Exception while executing runnable org.apache.ratis.thirdparty.io.grpc.internal.ServerImpl$JumpToApplicationThreadServerStreamListener$1Closed@21c7e23d
org.apache.ratis.thirdparty.io.grpc.StatusRuntimeException: CANCELLED: call already cancelled
	at org.apache.ratis.thirdparty.io.grpc.Status.asRuntimeException(Status.java:517)
	at org.apache.ratis.thirdparty.io.grpc.stub.ServerCalls$ServerCallStreamObserverImpl.onCompleted(ServerCalls.java:356)
	at org.apache.ratis.grpc.server.GrpcServerProtocolService$ServerRequestStreamObserver.onError(GrpcServerProtocolService.java:121)
	at org.apache.ratis.thirdparty.io.grpc.stub.ServerCalls$StreamingServerCallHandler$StreamingServerCallListener.onCancel(ServerCalls.java:269)
	at org.apache.ratis.thirdparty.io.grpc.internal.ServerCallImpl$ServerStreamListenerImpl.closed(ServerCallImpl.java:293)
	at org.apache.ratis.thirdparty.io.grpc.internal.ServerImpl$JumpToApplicationThreadServerStreamListener$1Closed.runInContext(ServerImpl.java:741)
	at org.apache.ratis.thirdparty.io.grpc.internal.ContextRunnable.run(ContextRunnable.java:37)
	at org.apache.ratis.thirdparty.io.grpc.internal.SerializingExecutor.run(SerializingExecutor.java:123)
	at java.util.concurrent.ThreadPoolExecutor.runWorker(ThreadPoolExecutor.java:1149)
	at java.util.concurrent.ThreadPoolExecutor$Worker.run(ThreadPoolExecutor.java:624)
	at java.lang.Thread.run(Thread.java:748)

Oct 01, 2019 11:43:26 PM org.apache.ratis.thirdparty.io.grpc.internal.SerializingExecutor run
SEVERE: Exception while executing runnable org.apache.ratis.thirdparty.io.grpc.internal.ServerImpl$JumpToApplicationThreadServerStreamListener$1Closed@4b07235b
org.apache.ratis.thirdparty.io.grpc.StatusRuntimeException: CANCELLED: call already cancelled
	at org.apache.ratis.thirdparty.io.grpc.Status.asRuntimeException(Status.java:517)
	at org.apache.ratis.thirdparty.io.grpc.stub.ServerCalls$ServerCallStreamObserverImpl.onCompleted(ServerCalls.java:356)
	at org.apache.ratis.grpc.server.GrpcServerProtocolService$ServerRequestStreamObserver.onError(GrpcServerProtocolService.java:121)
	at org.apache.ratis.thirdparty.io.grpc.stub.ServerCalls$StreamingServerCallHandler$StreamingServerCallListener.onCancel(ServerCalls.java:269)
	at org.apache.ratis.thirdparty.io.grpc.internal.ServerCallImpl$ServerStreamListenerImpl.closed(ServerCallImpl.java:293)
	at org.apache.ratis.thirdparty.io.grpc.internal.ServerImpl$JumpToApplicationThreadServerStreamListener$1Closed.runInContext(ServerImpl.java:741)
	at org.apache.ratis.thirdparty.io.grpc.internal.ContextRunnable.run(ContextRunnable.java:37)
	at org.apache.ratis.thirdparty.io.grpc.internal.SerializingExecutor.run(SerializingExecutor.java:123)
	at java.util.concurrent.ThreadPoolExecutor.runWorker(ThreadPoolExecutor.java:1149)
	at java.util.concurrent.ThreadPoolExecutor$Worker.run(ThreadPoolExecutor.java:624)
	at java.lang.Thread.run(Thread.java:748)

]]></system-err>
  </testcase>
  <testcase name="testWatchForCommitWithCloseContainerException" classname="org.apache.hadoop.ozone.client.rpc.TestBlockOutputStreamWithFailures" time="33.717">
    <failure message="expected:&lt;75&gt; but was:&lt;76&gt;" type="java.lang.AssertionError"><![CDATA[java.lang.AssertionError: expected:<75> but was:<76>
	at org.junit.Assert.fail(Assert.java:88)
	at org.junit.Assert.failNotEquals(Assert.java:743)
	at org.junit.Assert.assertEquals(Assert.java:118)
	at org.junit.Assert.assertEquals(Assert.java:555)
	at org.junit.Assert.assertEquals(Assert.java:542)
	at org.apache.hadoop.ozone.client.rpc.TestBlockOutputStreamWithFailures.testWatchForCommitWithCloseContainerException(TestBlockOutputStreamWithFailures.java:196)
	at sun.reflect.NativeMethodAccessorImpl.invoke0(Native Method)
	at sun.reflect.NativeMethodAccessorImpl.invoke(NativeMethodAccessorImpl.java:62)
	at sun.reflect.DelegatingMethodAccessorImpl.invoke(DelegatingMethodAccessorImpl.java:43)
	at java.lang.reflect.Method.invoke(Method.java:498)
	at org.junit.runners.model.FrameworkMethod$1.runReflectiveCall(FrameworkMethod.java:47)
	at org.junit.internal.runners.model.ReflectiveCallable.run(ReflectiveCallable.java:12)
	at org.junit.runners.model.FrameworkMethod.invokeExplosively(FrameworkMethod.java:44)
	at org.junit.internal.runners.statements.InvokeMethod.evaluate(InvokeMethod.java:17)
	at org.junit.internal.runners.statements.RunBefores.evaluate(RunBefores.java:26)
	at org.junit.internal.runners.statements.RunAfters.evaluate(RunAfters.java:27)
	at org.junit.runners.ParentRunner.runLeaf(ParentRunner.java:271)
	at org.junit.runners.BlockJUnit4ClassRunner.runChild(BlockJUnit4ClassRunner.java:70)
	at org.junit.runners.BlockJUnit4ClassRunner.runChild(BlockJUnit4ClassRunner.java:50)
	at org.junit.runners.ParentRunner$3.run(ParentRunner.java:238)
	at org.junit.runners.ParentRunner$1.schedule(ParentRunner.java:63)
	at org.junit.runners.ParentRunner.runChildren(ParentRunner.java:236)
	at org.junit.runners.ParentRunner.access$000(ParentRunner.java:53)
	at org.junit.runners.ParentRunner$2.evaluate(ParentRunner.java:229)
	at org.junit.runners.ParentRunner.run(ParentRunner.java:309)
	at org.apache.maven.surefire.junit4.JUnit4Provider.execute(JUnit4Provider.java:365)
	at org.apache.maven.surefire.junit4.JUnit4Provider.executeWithRerun(JUnit4Provider.java:273)
	at org.apache.maven.surefire.junit4.JUnit4Provider.executeTestSet(JUnit4Provider.java:238)
	at org.apache.maven.surefire.junit4.JUnit4Provider.invoke(JUnit4Provider.java:159)
	at org.apache.maven.surefire.booter.ForkedBooter.invokeProviderInSameClassLoader(ForkedBooter.java:384)
	at org.apache.maven.surefire.booter.ForkedBooter.runSuitesInProcess(ForkedBooter.java:345)
	at org.apache.maven.surefire.booter.ForkedBooter.execute(ForkedBooter.java:126)
	at org.apache.maven.surefire.booter.ForkedBooter.main(ForkedBooter.java:418)
]]></failure>
    <system-out><![CDATA[2019-10-01 23:43:31,845 [main] WARN  server.ServerUtils (ServerUtils.java:getScmDbDir(145)) - ozone.scm.db.dirs is not configured. We recommend adding this setting. Falling back to ozone.metadata.dirs instead.
2019-10-01 23:43:31,898 [main] WARN  server.ServerUtils (ServerUtils.java:getScmDbDir(145)) - ozone.scm.db.dirs is not configured. We recommend adding this setting. Falling back to ozone.metadata.dirs instead.
2019-10-01 23:43:31,898 [main] WARN  server.ServerUtils (ServerUtils.java:getScmDbDir(145)) - ozone.scm.db.dirs is not configured. We recommend adding this setting. Falling back to ozone.metadata.dirs instead.
2019-10-01 23:43:31,899 [main] INFO  db.DBStoreBuilder (DBStoreBuilder.java:addTable(110)) - using custom profile for table: deletedBlocks
2019-10-01 23:43:31,899 [main] INFO  db.DBStoreBuilder (DBStoreBuilder.java:processTables(161)) - Using default column profile:DBProfile.DISK for Table:deletedBlocks
2019-10-01 23:43:31,899 [main] INFO  db.DBStoreBuilder (DBStoreBuilder.java:addTable(110)) - using custom profile for table: validCerts
2019-10-01 23:43:31,900 [main] INFO  db.DBStoreBuilder (DBStoreBuilder.java:processTables(161)) - Using default column profile:DBProfile.DISK for Table:validCerts
2019-10-01 23:43:31,900 [main] INFO  db.DBStoreBuilder (DBStoreBuilder.java:addTable(110)) - using custom profile for table: revokedCerts
2019-10-01 23:43:31,900 [main] INFO  db.DBStoreBuilder (DBStoreBuilder.java:processTables(161)) - Using default column profile:DBProfile.DISK for Table:revokedCerts
2019-10-01 23:43:31,900 [main] INFO  db.DBStoreBuilder (DBStoreBuilder.java:addTable(110)) - using custom profile for table: default
2019-10-01 23:43:31,901 [main] INFO  db.DBStoreBuilder (DBStoreBuilder.java:processTables(167)) - Using default column profile:DBProfile.DISK for Table:default
2019-10-01 23:43:31,901 [main] INFO  db.DBStoreBuilder (DBStoreBuilder.java:getDbProfile(198)) - Using default options. DBProfile.DISK
2019-10-01 23:43:32,061 [main] INFO  net.NodeSchemaLoader (NodeSchemaLoader.java:loadSchemaFromFile(125)) - Loading file from sun.misc.CompoundEnumeration@6987a133
2019-10-01 23:43:32,061 [main] INFO  net.NodeSchemaLoader (NodeSchemaLoader.java:loadSchema(171)) - Loading network topology layer schema file
2019-10-01 23:43:32,065 [main] INFO  node.SCMNodeManager (SCMNodeManager.java:<init>(114)) - Entering startup safe mode.
2019-10-01 23:43:32,065 [main] INFO  algorithms.ContainerPlacementPolicyFactory (ContainerPlacementPolicyFactory.java:getPolicy(57)) - Create container placement policy of type org.apache.hadoop.hdds.scm.container.placement.algorithms.SCMContainerPlacementRandom
2019-10-01 23:43:32,066 [main] WARN  server.ServerUtils (ServerUtils.java:getScmDbDir(145)) - ozone.scm.db.dirs is not configured. We recommend adding this setting. Falling back to ozone.metadata.dirs instead.
2019-10-01 23:43:32,095 [main] INFO  pipeline.SCMPipelineManager (SCMPipelineManager.java:initializePipelineState(128)) - No pipeline exists in current db
2019-10-01 23:43:32,095 [main] WARN  server.ServerUtils (ServerUtils.java:getScmDbDir(145)) - ozone.scm.db.dirs is not configured. We recommend adding this setting. Falling back to ozone.metadata.dirs instead.
2019-10-01 23:43:32,117 [main] WARN  events.EventQueue (EventQueue.java:fireEvent(183)) - No event handler registered for event TypedEvent{payloadType=SafeModeStatus, name='SafeModeStatus'}
2019-10-01 23:43:32,117 [main] INFO  ipc.CallQueueManager (CallQueueManager.java:<init>(84)) - Using callQueue: class java.util.concurrent.LinkedBlockingQueue, queueCapacity: 2000, scheduler: class org.apache.hadoop.ipc.DefaultRpcScheduler, ipcBackoff: false.
2019-10-01 23:43:32,118 [Socket Reader #1 for port 43645] INFO  ipc.Server (Server.java:run(1074)) - Starting Socket Reader #1 for port 43645
2019-10-01 23:43:32,120 [main] INFO  ipc.CallQueueManager (CallQueueManager.java:<init>(84)) - Using callQueue: class java.util.concurrent.LinkedBlockingQueue, queueCapacity: 2000, scheduler: class org.apache.hadoop.ipc.DefaultRpcScheduler, ipcBackoff: false.
2019-10-01 23:43:32,121 [Socket Reader #1 for port 46754] INFO  ipc.Server (Server.java:run(1074)) - Starting Socket Reader #1 for port 46754
2019-10-01 23:43:32,123 [main] INFO  ipc.CallQueueManager (CallQueueManager.java:<init>(84)) - Using callQueue: class java.util.concurrent.LinkedBlockingQueue, queueCapacity: 2000, scheduler: class org.apache.hadoop.ipc.DefaultRpcScheduler, ipcBackoff: false.
2019-10-01 23:43:32,123 [Socket Reader #1 for port 44983] INFO  ipc.Server (Server.java:run(1074)) - Starting Socket Reader #1 for port 44983
2019-10-01 23:43:32,125 [main] INFO  hdfs.DFSUtil (DFSUtil.java:httpServerTemplateForNNAndJN(1641)) - Starting Web-server for scm at: http://0.0.0.0:0
2019-10-01 23:43:32,126 [main] INFO  server.AuthenticationFilter (AuthenticationFilter.java:constructSecretProvider(240)) - Unable to initialize FileSignerSecretProvider, falling back to use random secrets.
2019-10-01 23:43:32,127 [main] WARN  http.HttpRequestLog (HttpRequestLog.java:getRequestLog(97)) - Jetty request log can only be enabled using Log4j
2019-10-01 23:43:32,128 [main] INFO  http.HttpServer2 (HttpServer2.java:addGlobalFilter(975)) - Added global filter 'safety' (class=org.apache.hadoop.http.HttpServer2$QuotingInputFilter)
2019-10-01 23:43:32,129 [main] INFO  http.HttpServer2 (HttpServer2.java:addFilter(948)) - Added filter static_user_filter (class=org.apache.hadoop.http.lib.StaticUserWebFilter$StaticUserFilter) to context scm
2019-10-01 23:43:32,129 [main] INFO  http.HttpServer2 (HttpServer2.java:addFilter(958)) - Added filter static_user_filter (class=org.apache.hadoop.http.lib.StaticUserWebFilter$StaticUserFilter) to context logs
2019-10-01 23:43:32,129 [main] INFO  http.HttpServer2 (HttpServer2.java:addFilter(958)) - Added filter static_user_filter (class=org.apache.hadoop.http.lib.StaticUserWebFilter$StaticUserFilter) to context static
2019-10-01 23:43:32,130 [main] INFO  server.StorageContainerManager (StorageContainerManager.java:start(763)) - StorageContainerLocationProtocol RPC server is listening at /0.0.0.0:44983
2019-10-01 23:43:32,133 [main] WARN  impl.MetricsConfig (MetricsConfig.java:loadFirst(134)) - Cannot locate configuration: tried hadoop-metrics2-storagecontainermanager.properties,hadoop-metrics2.properties
2019-10-01 23:43:32,134 [main] INFO  impl.MetricsSystemImpl (MetricsSystemImpl.java:startTimer(374)) - Scheduled Metric snapshot period at 10 second(s).
2019-10-01 23:43:32,134 [main] INFO  impl.MetricsSystemImpl (MetricsSystemImpl.java:start(191)) - StorageContainerManager metrics system started
2019-10-01 23:43:32,165 [main] INFO  lib.Interns (Interns.java:removeEldestEntry(50)) - Metrics intern cache overflow at 2011 for MetricsSystem={MetricsSystem=MetricsInfoImpl{name=MetricsSystem, description=MetricsSystem}, MetricsSystem record=MetricsInfoImpl{name=MetricsSystem, description=MetricsSystem record}}
2019-10-01 23:43:32,296 [main] WARN  impl.MetricsSystemImpl (MetricsSystemImpl.java:register(276)) - Sink prometheus already exists!
2019-10-01 23:43:32,358 [main] INFO  server.SCMClientProtocolServer (SCMClientProtocolServer.java:start(151)) - RPC server for Client  is listening at /0.0.0.0:44983
2019-10-01 23:43:32,358 [IPC Server Responder] INFO  ipc.Server (Server.java:run(1314)) - IPC Server Responder: starting
2019-10-01 23:43:32,358 [IPC Server listener on 44983] INFO  ipc.Server (Server.java:run(1153)) - IPC Server listener on 44983: starting
2019-10-01 23:43:32,362 [main] INFO  server.StorageContainerManager (StorageContainerManager.java:start(773)) - ScmBlockLocationProtocol RPC server is listening at /0.0.0.0:46754
2019-10-01 23:43:32,362 [main] INFO  server.SCMBlockProtocolServer (SCMBlockProtocolServer.java:start(146)) - RPC server for Block Protocol is listening at /0.0.0.0:46754
2019-10-01 23:43:32,363 [IPC Server Responder] INFO  ipc.Server (Server.java:run(1314)) - IPC Server Responder: starting
2019-10-01 23:43:32,364 [IPC Server listener on 46754] INFO  ipc.Server (Server.java:run(1153)) - IPC Server listener on 46754: starting
2019-10-01 23:43:32,367 [main] INFO  server.StorageContainerManager (StorageContainerManager.java:start(777)) - ScmDatanodeProtocl RPC server is listening at /0.0.0.0:43645
2019-10-01 23:43:32,367 [main] INFO  server.SCMDatanodeProtocolServer (SCMDatanodeProtocolServer.java:start(191)) - RPC server for DataNodes is listening at /0.0.0.0:43645
2019-10-01 23:43:32,367 [IPC Server Responder] INFO  ipc.Server (Server.java:run(1314)) - IPC Server Responder: starting
2019-10-01 23:43:32,368 [IPC Server listener on 43645] INFO  ipc.Server (Server.java:run(1153)) - IPC Server listener on 43645: starting
2019-10-01 23:43:32,372 [main] INFO  http.HttpServer2 (HttpServer2.java:bindListener(1191)) - Jetty bound to port 36656
2019-10-01 23:43:32,372 [main] INFO  server.Server (Server.java:doStart(351)) - jetty-9.3.24.v20180605, build timestamp: 2018-06-05T17:11:56Z, git hash: 84205aa28f11a4f31f2a3b86d1bba2cc8ab69827
2019-10-01 23:43:32,373 [main] INFO  handler.ContextHandler (ContextHandler.java:doStart(781)) - Started o.e.j.s.ServletContextHandler@6ce15112{/logs,file:///workdir/hadoop-ozone/integration-test/target/log,AVAILABLE}
2019-10-01 23:43:32,374 [main] INFO  handler.ContextHandler (ContextHandler.java:doStart(781)) - Started o.e.j.s.ServletContextHandler@2ba024cb{/static,file:///workdir/hadoop-ozone/integration-test/target/test-classes/webapps/static,AVAILABLE}
2019-10-01 23:43:32,379 [main] INFO  handler.ContextHandler (ContextHandler.java:doStart(781)) - Started o.e.j.w.WebAppContext@71dd4624{/,file:///workdir/hadoop-ozone/integration-test/target/test-classes/webapps/scm/,AVAILABLE}{/scm}
2019-10-01 23:43:32,379 [main] INFO  server.AbstractConnector (AbstractConnector.java:doStart(278)) - Started ServerConnector@2347b7af{HTTP/1.1,[http/1.1]}{0.0.0.0:36656}
2019-10-01 23:43:32,381 [main] INFO  server.Server (Server.java:doStart(419)) - Started @657018ms
2019-10-01 23:43:32,381 [main] WARN  impl.MetricsSystemImpl (MetricsSystemImpl.java:register(276)) - Sink prometheus already exists!
2019-10-01 23:43:32,382 [main] INFO  server.BaseHttpServer (BaseHttpServer.java:updateConnectorAddress(215)) - HTTP server of SCM is listening at http://0.0.0.0:36656
2019-10-01 23:43:32,383 [main] WARN  server.ServerUtils (ServerUtils.java:getDBPath(222)) - ozone.om.db.dirs is not configured. We recommend adding this setting. Falling back to ozone.metadata.dirs instead.
2019-10-01 23:43:32,384 [org.apache.hadoop.util.JvmPauseMonitor$Monitor@4b07cad0] INFO  util.JvmPauseMonitor (JvmPauseMonitor.java:run(188)) - Starting JVM pause monitor
2019-10-01 23:43:32,397 [main] WARN  server.ServerUtils (ServerUtils.java:getDBPath(222)) - ozone.om.db.dirs is not configured. We recommend adding this setting. Falling back to ozone.metadata.dirs instead.
2019-10-01 23:43:32,397 [main] WARN  server.ServerUtils (ServerUtils.java:getDBPath(222)) - ozone.om.db.dirs is not configured. We recommend adding this setting. Falling back to ozone.metadata.dirs instead.
2019-10-01 23:43:32,398 [main] INFO  om.OzoneManager (OzoneManager.java:setOMNodeDetails(650)) - OM Service ID is not set. Setting it to the default ID: omServiceIdDefault
2019-10-01 23:43:32,398 [main] INFO  om.OzoneManager (OzoneManager.java:setOMNodeDetails(656)) - OM Node ID is not set. Setting it to the OmStorage's OmID: dda8e4db-47e0-4790-b997-559ac002ff9f
2019-10-01 23:43:32,398 [main] INFO  om.OzoneManager (OzoneManager.java:loadOMHAConfigs(607)) - Found matching OM address with OMServiceId: null, OMNodeId: null, RPC Address: localhost:0 and Ratis port: 9872
2019-10-01 23:43:32,405 [main] WARN  server.ServerUtils (ServerUtils.java:getDBPath(222)) - ozone.om.db.dirs is not configured. We recommend adding this setting. Falling back to ozone.metadata.dirs instead.
2019-10-01 23:43:32,405 [main] INFO  db.DBStoreBuilder (DBStoreBuilder.java:addTable(110)) - using custom profile for table: userTable
2019-10-01 23:43:32,405 [main] INFO  db.DBStoreBuilder (DBStoreBuilder.java:processTables(161)) - Using default column profile:DBProfile.DISK for Table:userTable
2019-10-01 23:43:32,405 [main] INFO  db.DBStoreBuilder (DBStoreBuilder.java:addTable(110)) - using custom profile for table: volumeTable
2019-10-01 23:43:32,406 [main] INFO  db.DBStoreBuilder (DBStoreBuilder.java:processTables(161)) - Using default column profile:DBProfile.DISK for Table:volumeTable
2019-10-01 23:43:32,406 [main] INFO  db.DBStoreBuilder (DBStoreBuilder.java:addTable(110)) - using custom profile for table: bucketTable
2019-10-01 23:43:32,406 [main] INFO  db.DBStoreBuilder (DBStoreBuilder.java:processTables(161)) - Using default column profile:DBProfile.DISK for Table:bucketTable
2019-10-01 23:43:32,406 [main] INFO  db.DBStoreBuilder (DBStoreBuilder.java:addTable(110)) - using custom profile for table: keyTable
2019-10-01 23:43:32,406 [main] INFO  db.DBStoreBuilder (DBStoreBuilder.java:processTables(161)) - Using default column profile:DBProfile.DISK for Table:keyTable
2019-10-01 23:43:32,406 [main] INFO  db.DBStoreBuilder (DBStoreBuilder.java:addTable(110)) - using custom profile for table: deletedTable
2019-10-01 23:43:32,407 [main] INFO  db.DBStoreBuilder (DBStoreBuilder.java:processTables(161)) - Using default column profile:DBProfile.DISK for Table:deletedTable
2019-10-01 23:43:32,407 [main] INFO  db.DBStoreBuilder (DBStoreBuilder.java:addTable(110)) - using custom profile for table: openKeyTable
2019-10-01 23:43:32,407 [main] INFO  db.DBStoreBuilder (DBStoreBuilder.java:processTables(161)) - Using default column profile:DBProfile.DISK for Table:openKeyTable
2019-10-01 23:43:32,407 [main] INFO  db.DBStoreBuilder (DBStoreBuilder.java:addTable(110)) - using custom profile for table: s3Table
2019-10-01 23:43:32,407 [main] INFO  db.DBStoreBuilder (DBStoreBuilder.java:processTables(161)) - Using default column profile:DBProfile.DISK for Table:s3Table
2019-10-01 23:43:32,407 [main] INFO  db.DBStoreBuilder (DBStoreBuilder.java:addTable(110)) - using custom profile for table: multipartInfoTable
2019-10-01 23:43:32,408 [main] INFO  db.DBStoreBuilder (DBStoreBuilder.java:processTables(161)) - Using default column profile:DBProfile.DISK for Table:multipartInfoTable
2019-10-01 23:43:32,408 [main] INFO  db.DBStoreBuilder (DBStoreBuilder.java:addTable(110)) - using custom profile for table: dTokenTable
2019-10-01 23:43:32,408 [main] INFO  db.DBStoreBuilder (DBStoreBuilder.java:processTables(161)) - Using default column profile:DBProfile.DISK for Table:dTokenTable
2019-10-01 23:43:32,408 [main] INFO  db.DBStoreBuilder (DBStoreBuilder.java:addTable(110)) - using custom profile for table: s3SecretTable
2019-10-01 23:43:32,408 [main] INFO  db.DBStoreBuilder (DBStoreBuilder.java:processTables(161)) - Using default column profile:DBProfile.DISK for Table:s3SecretTable
2019-10-01 23:43:32,408 [main] INFO  db.DBStoreBuilder (DBStoreBuilder.java:addTable(110)) - using custom profile for table: prefixTable
2019-10-01 23:43:32,409 [main] INFO  db.DBStoreBuilder (DBStoreBuilder.java:processTables(161)) - Using default column profile:DBProfile.DISK for Table:prefixTable
2019-10-01 23:43:32,409 [main] INFO  db.DBStoreBuilder (DBStoreBuilder.java:addTable(110)) - using custom profile for table: default
2019-10-01 23:43:32,409 [main] INFO  db.DBStoreBuilder (DBStoreBuilder.java:processTables(167)) - Using default column profile:DBProfile.DISK for Table:default
2019-10-01 23:43:32,409 [main] INFO  db.DBStoreBuilder (DBStoreBuilder.java:getDbProfile(198)) - Using default options. DBProfile.DISK
2019-10-01 23:43:32,841 [main] INFO  ipc.CallQueueManager (CallQueueManager.java:<init>(84)) - Using callQueue: class java.util.concurrent.LinkedBlockingQueue, queueCapacity: 2000, scheduler: class org.apache.hadoop.ipc.DefaultRpcScheduler, ipcBackoff: false.
2019-10-01 23:43:32,842 [Socket Reader #1 for port 39607] INFO  ipc.Server (Server.java:run(1074)) - Starting Socket Reader #1 for port 39607
2019-10-01 23:43:32,857 [main] INFO  om.OzoneManager (OzoneManager.java:start(1241)) - OzoneManager RPC server is listening at localhost/127.0.0.1:39607
2019-10-01 23:43:32,858 [main] INFO  impl.MetricsSystemImpl (MetricsSystemImpl.java:init(158)) - OzoneManager metrics system started (again)
2019-10-01 23:43:32,858 [IPC Server Responder] INFO  ipc.Server (Server.java:run(1314)) - IPC Server Responder: starting
2019-10-01 23:43:32,858 [IPC Server listener on 39607] INFO  ipc.Server (Server.java:run(1153)) - IPC Server listener on 39607: starting
2019-10-01 23:43:32,865 [main] INFO  hdfs.DFSUtil (DFSUtil.java:httpServerTemplateForNNAndJN(1641)) - Starting Web-server for ozoneManager at: http://0.0.0.0:0
2019-10-01 23:43:32,867 [main] INFO  server.AuthenticationFilter (AuthenticationFilter.java:constructSecretProvider(240)) - Unable to initialize FileSignerSecretProvider, falling back to use random secrets.
2019-10-01 23:43:32,867 [main] WARN  http.HttpRequestLog (HttpRequestLog.java:getRequestLog(97)) - Jetty request log can only be enabled using Log4j
2019-10-01 23:43:32,868 [main] INFO  http.HttpServer2 (HttpServer2.java:addGlobalFilter(975)) - Added global filter 'safety' (class=org.apache.hadoop.http.HttpServer2$QuotingInputFilter)
2019-10-01 23:43:32,869 [main] INFO  http.HttpServer2 (HttpServer2.java:addFilter(948)) - Added filter static_user_filter (class=org.apache.hadoop.http.lib.StaticUserWebFilter$StaticUserFilter) to context ozoneManager
2019-10-01 23:43:32,869 [main] INFO  http.HttpServer2 (HttpServer2.java:addFilter(958)) - Added filter static_user_filter (class=org.apache.hadoop.http.lib.StaticUserWebFilter$StaticUserFilter) to context logs
2019-10-01 23:43:32,869 [main] INFO  http.HttpServer2 (HttpServer2.java:addFilter(958)) - Added filter static_user_filter (class=org.apache.hadoop.http.lib.StaticUserWebFilter$StaticUserFilter) to context static
2019-10-01 23:43:32,870 [main] INFO  http.HttpServer2 (HttpServer2.java:bindListener(1191)) - Jetty bound to port 45243
2019-10-01 23:43:32,870 [main] INFO  server.Server (Server.java:doStart(351)) - jetty-9.3.24.v20180605, build timestamp: 2018-06-05T17:11:56Z, git hash: 84205aa28f11a4f31f2a3b86d1bba2cc8ab69827
2019-10-01 23:43:32,871 [main] INFO  handler.ContextHandler (ContextHandler.java:doStart(781)) - Started o.e.j.s.ServletContextHandler@3eac2e8a{/logs,file:///workdir/hadoop-ozone/integration-test/target/log,AVAILABLE}
2019-10-01 23:43:32,871 [main] INFO  handler.ContextHandler (ContextHandler.java:doStart(781)) - Started o.e.j.s.ServletContextHandler@2ab9e43e{/static,file:///workdir/hadoop-ozone/integration-test/target/test-classes/webapps/static,AVAILABLE}
2019-10-01 23:43:32,874 [main] INFO  handler.ContextHandler (ContextHandler.java:doStart(781)) - Started o.e.j.w.WebAppContext@17b6ad97{/,file:///workdir/hadoop-ozone/integration-test/target/test-classes/webapps/ozoneManager/,AVAILABLE}{/ozoneManager}
2019-10-01 23:43:32,875 [main] INFO  server.AbstractConnector (AbstractConnector.java:doStart(278)) - Started ServerConnector@44fb6ebd{HTTP/1.1,[http/1.1]}{0.0.0.0:45243}
2019-10-01 23:43:32,877 [main] INFO  server.Server (Server.java:doStart(419)) - Started @657514ms
2019-10-01 23:43:32,877 [main] WARN  impl.MetricsSystemImpl (MetricsSystemImpl.java:register(276)) - Sink prometheus already exists!
2019-10-01 23:43:32,878 [main] INFO  server.BaseHttpServer (BaseHttpServer.java:updateConnectorAddress(215)) - HTTP server of OZONEMANAGER is listening at http://0.0.0.0:45243
2019-10-01 23:43:32,892 [main] INFO  impl.MetricsSystemImpl (MetricsSystemImpl.java:init(158)) - HddsDatanode metrics system started (again)
2019-10-01 23:43:32,897 [main] INFO  ozone.HddsDatanodeService (HddsDatanodeService.java:start(184)) - HddsDatanodeService host:pr-hdds-2158-lzhrq-821698512 ip:192.168.164.203
2019-10-01 23:43:32,903 [main] INFO  volume.HddsVolume (HddsVolume.java:<init>(176)) - Creating Volume: /workdir/hadoop-ozone/integration-test/target/test-dir/MiniOzoneClusterImpl-b0268eef-721c-4f7d-a801-8a29ae4b86e9/datanode-0/data/containers/hdds of  storage type : DISK and capacity : 1482555576320
2019-10-01 23:43:32,903 [main] INFO  volume.VolumeSet (VolumeSet.java:initializeVolumeSet(170)) - Added Volume : /workdir/hadoop-ozone/integration-test/target/test-dir/MiniOzoneClusterImpl-b0268eef-721c-4f7d-a801-8a29ae4b86e9/datanode-0/data/containers/hdds to VolumeSet
2019-10-01 23:43:32,904 [main] INFO  volume.ThrottledAsyncChecker (ThrottledAsyncChecker.java:schedule(139)) - Scheduling a check for org.apache.hadoop.ozone.container.common.volume.HddsVolume@794c5f5e
2019-10-01 23:43:32,904 [main] INFO  volume.HddsVolumeChecker (HddsVolumeChecker.java:checkAllVolumes(202)) - Scheduled health check for volume org.apache.hadoop.ozone.container.common.volume.HddsVolume@794c5f5e
2019-10-01 23:43:32,916 [main] INFO  impl.RaftServerProxy (ConfUtils.java:logGet(43)) - raft.rpc.type = GRPC (default)
2019-10-01 23:43:32,916 [main] INFO  grpc.GrpcFactory (GrpcFactory.java:checkPooledByteBufAllocatorUseCacheForAllThreads(45)) - PERFORMANCE WARNING: useCacheForAllThreads is true that may cause Netty to create a lot garbage objects and, as a result, trigger GC.
	It is recommended to disable useCacheForAllThreads by setting -Dorg.apache.ratis.thirdparty.io.netty.allocator.useCacheForAllThreads=false in command line.
2019-10-01 23:43:32,917 [main] INFO  grpc.GrpcConfigKeys$Server (ConfUtils.java:logGet(43)) - raft.grpc.server.port = 0 (default)
2019-10-01 23:43:32,917 [main] INFO  server.GrpcService (ConfUtils.java:logGet(43)) - raft.grpc.message.size.max = 33570816 (custom)
2019-10-01 23:43:32,917 [main] INFO  server.RaftServerConfigKeys (ConfUtils.java:logGet(43)) - raft.server.log.appender.buffer.byte-limit = 33554432 (custom)
2019-10-01 23:43:32,917 [main] INFO  server.GrpcService (ConfUtils.java:logGet(43)) - raft.grpc.flow.control.window = 1MB (=1048576) (default)
2019-10-01 23:43:32,917 [main] INFO  server.RaftServerConfigKeys (ConfUtils.java:logGet(43)) - raft.server.rpc.request.timeout = 3000ms (default)
2019-10-01 23:43:32,918 [main] INFO  server.RaftServerConfigKeys (ConfUtils.java:logGet(43)) - raft.server.storage.dir = [/workdir/hadoop-ozone/integration-test/target/test-dir/MiniOzoneClusterImpl-b0268eef-721c-4f7d-a801-8a29ae4b86e9/datanode-0/data/ratis] (custom)
2019-10-01 23:43:32,919 [main] INFO  hdfs.DFSUtil (DFSUtil.java:httpServerTemplateForNNAndJN(1641)) - Starting Web-server for hddsDatanode at: http://0.0.0.0:0
2019-10-01 23:43:32,920 [main] INFO  server.AuthenticationFilter (AuthenticationFilter.java:constructSecretProvider(240)) - Unable to initialize FileSignerSecretProvider, falling back to use random secrets.
2019-10-01 23:43:32,921 [main] WARN  http.HttpRequestLog (HttpRequestLog.java:getRequestLog(97)) - Jetty request log can only be enabled using Log4j
2019-10-01 23:43:32,922 [main] INFO  http.HttpServer2 (HttpServer2.java:addGlobalFilter(975)) - Added global filter 'safety' (class=org.apache.hadoop.http.HttpServer2$QuotingInputFilter)
2019-10-01 23:43:32,923 [main] INFO  http.HttpServer2 (HttpServer2.java:addFilter(948)) - Added filter static_user_filter (class=org.apache.hadoop.http.lib.StaticUserWebFilter$StaticUserFilter) to context hddsDatanode
2019-10-01 23:43:32,923 [main] INFO  http.HttpServer2 (HttpServer2.java:addFilter(958)) - Added filter static_user_filter (class=org.apache.hadoop.http.lib.StaticUserWebFilter$StaticUserFilter) to context static
2019-10-01 23:43:32,923 [main] INFO  http.HttpServer2 (HttpServer2.java:addFilter(958)) - Added filter static_user_filter (class=org.apache.hadoop.http.lib.StaticUserWebFilter$StaticUserFilter) to context logs
2019-10-01 23:43:32,924 [main] INFO  http.HttpServer2 (HttpServer2.java:bindListener(1191)) - Jetty bound to port 37997
2019-10-01 23:43:32,924 [main] INFO  server.Server (Server.java:doStart(351)) - jetty-9.3.24.v20180605, build timestamp: 2018-06-05T17:11:56Z, git hash: 84205aa28f11a4f31f2a3b86d1bba2cc8ab69827
2019-10-01 23:43:32,925 [main] INFO  handler.ContextHandler (ContextHandler.java:doStart(781)) - Started o.e.j.s.ServletContextHandler@5908e6d6{/logs,file:///workdir/hadoop-ozone/integration-test/target/log,AVAILABLE}
2019-10-01 23:43:32,926 [main] INFO  handler.ContextHandler (ContextHandler.java:doStart(781)) - Started o.e.j.s.ServletContextHandler@2a6fb62f{/static,jar:file:/home/user/.m2/repository/org/apache/hadoop/hadoop-hdds-container-service/0.5.0-SNAPSHOT/hadoop-hdds-container-service-0.5.0-SNAPSHOT.jar!/webapps/static,AVAILABLE}
2019-10-01 23:43:32,958 [main] INFO  handler.ContextHandler (ContextHandler.java:doStart(781)) - Started o.e.j.w.WebAppContext@203765b2{/,file:///tmp/jetty-0.0.0.0-37997-hddsDatanode-_-any-2601797508313343391.dir/webapp/,AVAILABLE}{/hddsDatanode}
2019-10-01 23:43:32,958 [main] INFO  server.AbstractConnector (AbstractConnector.java:doStart(278)) - Started ServerConnector@7e050be1{HTTP/1.1,[http/1.1]}{0.0.0.0:37997}
2019-10-01 23:43:32,959 [main] INFO  server.Server (Server.java:doStart(419)) - Started @657596ms
2019-10-01 23:43:32,959 [main] WARN  impl.MetricsSystemImpl (MetricsSystemImpl.java:register(276)) - Sink prometheus already exists!
2019-10-01 23:43:32,960 [main] INFO  server.BaseHttpServer (BaseHttpServer.java:updateConnectorAddress(215)) - HTTP server of HDDSDATANODE is listening at http://0.0.0.0:37997
2019-10-01 23:43:32,961 [main] INFO  impl.MetricsSystemImpl (MetricsSystemImpl.java:init(158)) - HddsDatanode metrics system started (again)
2019-10-01 23:43:32,965 [org.apache.hadoop.util.JvmPauseMonitor$Monitor@259418de] INFO  util.JvmPauseMonitor (JvmPauseMonitor.java:run(188)) - Starting JVM pause monitor
2019-10-01 23:43:32,966 [main] INFO  ozone.HddsDatanodeService (HddsDatanodeService.java:start(184)) - HddsDatanodeService host:pr-hdds-2158-lzhrq-821698512 ip:192.168.164.203
2019-10-01 23:43:32,967 [Datanode State Machine Thread - 0] INFO  datanode.InitDatanodeState (InitDatanodeState.java:persistContainerDatanodeDetails(140)) - DatanodeDetails is persisted to /workdir/hadoop-ozone/integration-test/target/test-dir/MiniOzoneClusterImpl-b0268eef-721c-4f7d-a801-8a29ae4b86e9/datanode-0/meta/datanode.id
2019-10-01 23:43:32,972 [main] INFO  volume.HddsVolume (HddsVolume.java:<init>(176)) - Creating Volume: /workdir/hadoop-ozone/integration-test/target/test-dir/MiniOzoneClusterImpl-b0268eef-721c-4f7d-a801-8a29ae4b86e9/datanode-1/data/containers/hdds of  storage type : DISK and capacity : 1482555576320
2019-10-01 23:43:32,972 [main] INFO  volume.VolumeSet (VolumeSet.java:initializeVolumeSet(170)) - Added Volume : /workdir/hadoop-ozone/integration-test/target/test-dir/MiniOzoneClusterImpl-b0268eef-721c-4f7d-a801-8a29ae4b86e9/datanode-1/data/containers/hdds to VolumeSet
2019-10-01 23:43:32,972 [main] INFO  volume.ThrottledAsyncChecker (ThrottledAsyncChecker.java:schedule(139)) - Scheduling a check for org.apache.hadoop.ozone.container.common.volume.HddsVolume@d504137
2019-10-01 23:43:32,973 [main] INFO  volume.HddsVolumeChecker (HddsVolumeChecker.java:checkAllVolumes(202)) - Scheduled health check for volume org.apache.hadoop.ozone.container.common.volume.HddsVolume@d504137
2019-10-01 23:43:32,989 [main] INFO  impl.RaftServerProxy (ConfUtils.java:logGet(43)) - raft.rpc.type = GRPC (default)
2019-10-01 23:43:32,989 [main] INFO  grpc.GrpcFactory (GrpcFactory.java:checkPooledByteBufAllocatorUseCacheForAllThreads(45)) - PERFORMANCE WARNING: useCacheForAllThreads is true that may cause Netty to create a lot garbage objects and, as a result, trigger GC.
	It is recommended to disable useCacheForAllThreads by setting -Dorg.apache.ratis.thirdparty.io.netty.allocator.useCacheForAllThreads=false in command line.
2019-10-01 23:43:32,990 [main] INFO  grpc.GrpcConfigKeys$Server (ConfUtils.java:logGet(43)) - raft.grpc.server.port = 0 (default)
2019-10-01 23:43:32,990 [main] INFO  server.GrpcService (ConfUtils.java:logGet(43)) - raft.grpc.message.size.max = 33570816 (custom)
2019-10-01 23:43:32,990 [main] INFO  server.RaftServerConfigKeys (ConfUtils.java:logGet(43)) - raft.server.log.appender.buffer.byte-limit = 33554432 (custom)
2019-10-01 23:43:32,990 [main] INFO  server.GrpcService (ConfUtils.java:logGet(43)) - raft.grpc.flow.control.window = 1MB (=1048576) (default)
2019-10-01 23:43:32,991 [main] INFO  server.RaftServerConfigKeys (ConfUtils.java:logGet(43)) - raft.server.rpc.request.timeout = 3000ms (default)
2019-10-01 23:43:32,991 [main] INFO  server.RaftServerConfigKeys (ConfUtils.java:logGet(43)) - raft.server.storage.dir = [/workdir/hadoop-ozone/integration-test/target/test-dir/MiniOzoneClusterImpl-b0268eef-721c-4f7d-a801-8a29ae4b86e9/datanode-1/data/ratis] (custom)
2019-10-01 23:43:32,992 [main] INFO  hdfs.DFSUtil (DFSUtil.java:httpServerTemplateForNNAndJN(1641)) - Starting Web-server for hddsDatanode at: http://0.0.0.0:0
2019-10-01 23:43:32,994 [main] INFO  server.AuthenticationFilter (AuthenticationFilter.java:constructSecretProvider(240)) - Unable to initialize FileSignerSecretProvider, falling back to use random secrets.
2019-10-01 23:43:32,994 [main] WARN  http.HttpRequestLog (HttpRequestLog.java:getRequestLog(97)) - Jetty request log can only be enabled using Log4j
2019-10-01 23:43:32,995 [main] INFO  http.HttpServer2 (HttpServer2.java:addGlobalFilter(975)) - Added global filter 'safety' (class=org.apache.hadoop.http.HttpServer2$QuotingInputFilter)
2019-10-01 23:43:32,996 [main] INFO  http.HttpServer2 (HttpServer2.java:addFilter(948)) - Added filter static_user_filter (class=org.apache.hadoop.http.lib.StaticUserWebFilter$StaticUserFilter) to context hddsDatanode
2019-10-01 23:43:32,996 [main] INFO  http.HttpServer2 (HttpServer2.java:addFilter(958)) - Added filter static_user_filter (class=org.apache.hadoop.http.lib.StaticUserWebFilter$StaticUserFilter) to context logs
2019-10-01 23:43:32,996 [main] INFO  http.HttpServer2 (HttpServer2.java:addFilter(958)) - Added filter static_user_filter (class=org.apache.hadoop.http.lib.StaticUserWebFilter$StaticUserFilter) to context static
2019-10-01 23:43:32,997 [main] INFO  http.HttpServer2 (HttpServer2.java:bindListener(1191)) - Jetty bound to port 34005
2019-10-01 23:43:32,997 [main] INFO  server.Server (Server.java:doStart(351)) - jetty-9.3.24.v20180605, build timestamp: 2018-06-05T17:11:56Z, git hash: 84205aa28f11a4f31f2a3b86d1bba2cc8ab69827
2019-10-01 23:43:32,998 [main] INFO  handler.ContextHandler (ContextHandler.java:doStart(781)) - Started o.e.j.s.ServletContextHandler@3b57f915{/logs,file:///workdir/hadoop-ozone/integration-test/target/log,AVAILABLE}
2019-10-01 23:43:32,999 [main] INFO  handler.ContextHandler (ContextHandler.java:doStart(781)) - Started o.e.j.s.ServletContextHandler@645dc557{/static,jar:file:/home/user/.m2/repository/org/apache/hadoop/hadoop-hdds-container-service/0.5.0-SNAPSHOT/hadoop-hdds-container-service-0.5.0-SNAPSHOT.jar!/webapps/static,AVAILABLE}
2019-10-01 23:43:33,031 [main] INFO  handler.ContextHandler (ContextHandler.java:doStart(781)) - Started o.e.j.w.WebAppContext@76af51d6{/,file:///tmp/jetty-0.0.0.0-34005-hddsDatanode-_-any-9210028336092220803.dir/webapp/,AVAILABLE}{/hddsDatanode}
2019-10-01 23:43:33,031 [main] INFO  server.AbstractConnector (AbstractConnector.java:doStart(278)) - Started ServerConnector@39ace1a7{HTTP/1.1,[http/1.1]}{0.0.0.0:34005}
2019-10-01 23:43:33,033 [main] INFO  server.Server (Server.java:doStart(419)) - Started @657670ms
2019-10-01 23:43:33,033 [main] WARN  impl.MetricsSystemImpl (MetricsSystemImpl.java:register(276)) - Sink prometheus already exists!
2019-10-01 23:43:33,034 [main] INFO  server.BaseHttpServer (BaseHttpServer.java:updateConnectorAddress(215)) - HTTP server of HDDSDATANODE is listening at http://0.0.0.0:34005
2019-10-01 23:43:33,035 [main] INFO  impl.MetricsSystemImpl (MetricsSystemImpl.java:init(158)) - HddsDatanode metrics system started (again)
2019-10-01 23:43:33,039 [org.apache.hadoop.util.JvmPauseMonitor$Monitor@3a547582] INFO  util.JvmPauseMonitor (JvmPauseMonitor.java:run(188)) - Starting JVM pause monitor
2019-10-01 23:43:33,040 [main] INFO  ozone.HddsDatanodeService (HddsDatanodeService.java:start(184)) - HddsDatanodeService host:pr-hdds-2158-lzhrq-821698512 ip:192.168.164.203
2019-10-01 23:43:33,041 [Datanode State Machine Thread - 0] INFO  datanode.InitDatanodeState (InitDatanodeState.java:persistContainerDatanodeDetails(140)) - DatanodeDetails is persisted to /workdir/hadoop-ozone/integration-test/target/test-dir/MiniOzoneClusterImpl-b0268eef-721c-4f7d-a801-8a29ae4b86e9/datanode-1/meta/datanode.id
2019-10-01 23:43:33,046 [main] INFO  volume.HddsVolume (HddsVolume.java:<init>(176)) - Creating Volume: /workdir/hadoop-ozone/integration-test/target/test-dir/MiniOzoneClusterImpl-b0268eef-721c-4f7d-a801-8a29ae4b86e9/datanode-2/data/containers/hdds of  storage type : DISK and capacity : 1482555576320
2019-10-01 23:43:33,046 [main] INFO  volume.VolumeSet (VolumeSet.java:initializeVolumeSet(170)) - Added Volume : /workdir/hadoop-ozone/integration-test/target/test-dir/MiniOzoneClusterImpl-b0268eef-721c-4f7d-a801-8a29ae4b86e9/datanode-2/data/containers/hdds to VolumeSet
2019-10-01 23:43:33,047 [main] INFO  volume.ThrottledAsyncChecker (ThrottledAsyncChecker.java:schedule(139)) - Scheduling a check for org.apache.hadoop.ozone.container.common.volume.HddsVolume@4276ad40
2019-10-01 23:43:33,047 [main] INFO  volume.HddsVolumeChecker (HddsVolumeChecker.java:checkAllVolumes(202)) - Scheduled health check for volume org.apache.hadoop.ozone.container.common.volume.HddsVolume@4276ad40
2019-10-01 23:43:33,060 [main] INFO  impl.RaftServerProxy (ConfUtils.java:logGet(43)) - raft.rpc.type = GRPC (default)
2019-10-01 23:43:33,060 [main] INFO  grpc.GrpcFactory (GrpcFactory.java:checkPooledByteBufAllocatorUseCacheForAllThreads(45)) - PERFORMANCE WARNING: useCacheForAllThreads is true that may cause Netty to create a lot garbage objects and, as a result, trigger GC.
	It is recommended to disable useCacheForAllThreads by setting -Dorg.apache.ratis.thirdparty.io.netty.allocator.useCacheForAllThreads=false in command line.
2019-10-01 23:43:33,060 [main] INFO  grpc.GrpcConfigKeys$Server (ConfUtils.java:logGet(43)) - raft.grpc.server.port = 0 (default)
2019-10-01 23:43:33,060 [main] INFO  server.GrpcService (ConfUtils.java:logGet(43)) - raft.grpc.message.size.max = 33570816 (custom)
2019-10-01 23:43:33,060 [main] INFO  server.RaftServerConfigKeys (ConfUtils.java:logGet(43)) - raft.server.log.appender.buffer.byte-limit = 33554432 (custom)
2019-10-01 23:43:33,061 [main] INFO  server.GrpcService (ConfUtils.java:logGet(43)) - raft.grpc.flow.control.window = 1MB (=1048576) (default)
2019-10-01 23:43:33,061 [main] INFO  server.RaftServerConfigKeys (ConfUtils.java:logGet(43)) - raft.server.rpc.request.timeout = 3000ms (default)
2019-10-01 23:43:33,061 [main] INFO  server.RaftServerConfigKeys (ConfUtils.java:logGet(43)) - raft.server.storage.dir = [/workdir/hadoop-ozone/integration-test/target/test-dir/MiniOzoneClusterImpl-b0268eef-721c-4f7d-a801-8a29ae4b86e9/datanode-2/data/ratis] (custom)
2019-10-01 23:43:33,062 [main] INFO  hdfs.DFSUtil (DFSUtil.java:httpServerTemplateForNNAndJN(1641)) - Starting Web-server for hddsDatanode at: http://0.0.0.0:0
2019-10-01 23:43:33,063 [main] INFO  server.AuthenticationFilter (AuthenticationFilter.java:constructSecretProvider(240)) - Unable to initialize FileSignerSecretProvider, falling back to use random secrets.
2019-10-01 23:43:33,064 [main] WARN  http.HttpRequestLog (HttpRequestLog.java:getRequestLog(97)) - Jetty request log can only be enabled using Log4j
2019-10-01 23:43:33,065 [main] INFO  http.HttpServer2 (HttpServer2.java:addGlobalFilter(975)) - Added global filter 'safety' (class=org.apache.hadoop.http.HttpServer2$QuotingInputFilter)
2019-10-01 23:43:33,065 [main] INFO  http.HttpServer2 (HttpServer2.java:addFilter(948)) - Added filter static_user_filter (class=org.apache.hadoop.http.lib.StaticUserWebFilter$StaticUserFilter) to context hddsDatanode
2019-10-01 23:43:33,065 [main] INFO  http.HttpServer2 (HttpServer2.java:addFilter(958)) - Added filter static_user_filter (class=org.apache.hadoop.http.lib.StaticUserWebFilter$StaticUserFilter) to context logs
2019-10-01 23:43:33,065 [main] INFO  http.HttpServer2 (HttpServer2.java:addFilter(958)) - Added filter static_user_filter (class=org.apache.hadoop.http.lib.StaticUserWebFilter$StaticUserFilter) to context static
2019-10-01 23:43:33,066 [main] INFO  http.HttpServer2 (HttpServer2.java:bindListener(1191)) - Jetty bound to port 42216
2019-10-01 23:43:33,066 [main] INFO  server.Server (Server.java:doStart(351)) - jetty-9.3.24.v20180605, build timestamp: 2018-06-05T17:11:56Z, git hash: 84205aa28f11a4f31f2a3b86d1bba2cc8ab69827
2019-10-01 23:43:33,067 [main] INFO  handler.ContextHandler (ContextHandler.java:doStart(781)) - Started o.e.j.s.ServletContextHandler@65d73bd{/logs,file:///workdir/hadoop-ozone/integration-test/target/log,AVAILABLE}
2019-10-01 23:43:33,068 [main] INFO  handler.ContextHandler (ContextHandler.java:doStart(781)) - Started o.e.j.s.ServletContextHandler@3ed7dd70{/static,jar:file:/home/user/.m2/repository/org/apache/hadoop/hadoop-hdds-container-service/0.5.0-SNAPSHOT/hadoop-hdds-container-service-0.5.0-SNAPSHOT.jar!/webapps/static,AVAILABLE}
2019-10-01 23:43:33,093 [main] INFO  handler.ContextHandler (ContextHandler.java:doStart(781)) - Started o.e.j.w.WebAppContext@4243341e{/,file:///tmp/jetty-0.0.0.0-42216-hddsDatanode-_-any-1224256980731487152.dir/webapp/,AVAILABLE}{/hddsDatanode}
2019-10-01 23:43:33,094 [main] INFO  server.AbstractConnector (AbstractConnector.java:doStart(278)) - Started ServerConnector@d1c5cf2{HTTP/1.1,[http/1.1]}{0.0.0.0:42216}
2019-10-01 23:43:33,096 [main] INFO  server.Server (Server.java:doStart(419)) - Started @657733ms
2019-10-01 23:43:33,096 [main] WARN  impl.MetricsSystemImpl (MetricsSystemImpl.java:register(276)) - Sink prometheus already exists!
2019-10-01 23:43:33,097 [main] INFO  server.BaseHttpServer (BaseHttpServer.java:updateConnectorAddress(215)) - HTTP server of HDDSDATANODE is listening at http://0.0.0.0:42216
2019-10-01 23:43:33,097 [main] INFO  impl.MetricsSystemImpl (MetricsSystemImpl.java:init(158)) - HddsDatanode metrics system started (again)
2019-10-01 23:43:33,102 [org.apache.hadoop.util.JvmPauseMonitor$Monitor@5f4409a6] INFO  util.JvmPauseMonitor (JvmPauseMonitor.java:run(188)) - Starting JVM pause monitor
2019-10-01 23:43:33,103 [main] INFO  ozone.HddsDatanodeService (HddsDatanodeService.java:start(184)) - HddsDatanodeService host:pr-hdds-2158-lzhrq-821698512 ip:192.168.164.203
2019-10-01 23:43:33,104 [Datanode State Machine Thread - 0] INFO  datanode.InitDatanodeState (InitDatanodeState.java:persistContainerDatanodeDetails(140)) - DatanodeDetails is persisted to /workdir/hadoop-ozone/integration-test/target/test-dir/MiniOzoneClusterImpl-b0268eef-721c-4f7d-a801-8a29ae4b86e9/datanode-2/meta/datanode.id
2019-10-01 23:43:33,110 [main] INFO  volume.HddsVolume (HddsVolume.java:<init>(176)) - Creating Volume: /workdir/hadoop-ozone/integration-test/target/test-dir/MiniOzoneClusterImpl-b0268eef-721c-4f7d-a801-8a29ae4b86e9/datanode-3/data/containers/hdds of  storage type : DISK and capacity : 1482555576320
2019-10-01 23:43:33,110 [main] INFO  volume.VolumeSet (VolumeSet.java:initializeVolumeSet(170)) - Added Volume : /workdir/hadoop-ozone/integration-test/target/test-dir/MiniOzoneClusterImpl-b0268eef-721c-4f7d-a801-8a29ae4b86e9/datanode-3/data/containers/hdds to VolumeSet
2019-10-01 23:43:33,110 [main] INFO  volume.ThrottledAsyncChecker (ThrottledAsyncChecker.java:schedule(139)) - Scheduling a check for org.apache.hadoop.ozone.container.common.volume.HddsVolume@e154848
2019-10-01 23:43:33,110 [main] INFO  volume.HddsVolumeChecker (HddsVolumeChecker.java:checkAllVolumes(202)) - Scheduled health check for volume org.apache.hadoop.ozone.container.common.volume.HddsVolume@e154848
2019-10-01 23:43:33,123 [main] INFO  impl.RaftServerProxy (ConfUtils.java:logGet(43)) - raft.rpc.type = GRPC (default)
2019-10-01 23:43:33,123 [main] INFO  grpc.GrpcFactory (GrpcFactory.java:checkPooledByteBufAllocatorUseCacheForAllThreads(45)) - PERFORMANCE WARNING: useCacheForAllThreads is true that may cause Netty to create a lot garbage objects and, as a result, trigger GC.
	It is recommended to disable useCacheForAllThreads by setting -Dorg.apache.ratis.thirdparty.io.netty.allocator.useCacheForAllThreads=false in command line.
2019-10-01 23:43:33,124 [main] INFO  grpc.GrpcConfigKeys$Server (ConfUtils.java:logGet(43)) - raft.grpc.server.port = 0 (default)
2019-10-01 23:43:33,124 [main] INFO  server.GrpcService (ConfUtils.java:logGet(43)) - raft.grpc.message.size.max = 33570816 (custom)
2019-10-01 23:43:33,124 [main] INFO  server.RaftServerConfigKeys (ConfUtils.java:logGet(43)) - raft.server.log.appender.buffer.byte-limit = 33554432 (custom)
2019-10-01 23:43:33,124 [main] INFO  server.GrpcService (ConfUtils.java:logGet(43)) - raft.grpc.flow.control.window = 1MB (=1048576) (default)
2019-10-01 23:43:33,124 [main] INFO  server.RaftServerConfigKeys (ConfUtils.java:logGet(43)) - raft.server.rpc.request.timeout = 3000ms (default)
2019-10-01 23:43:33,125 [main] INFO  server.RaftServerConfigKeys (ConfUtils.java:logGet(43)) - raft.server.storage.dir = [/workdir/hadoop-ozone/integration-test/target/test-dir/MiniOzoneClusterImpl-b0268eef-721c-4f7d-a801-8a29ae4b86e9/datanode-3/data/ratis] (custom)
2019-10-01 23:43:33,126 [main] INFO  hdfs.DFSUtil (DFSUtil.java:httpServerTemplateForNNAndJN(1641)) - Starting Web-server for hddsDatanode at: http://0.0.0.0:0
2019-10-01 23:43:33,127 [main] INFO  server.AuthenticationFilter (AuthenticationFilter.java:constructSecretProvider(240)) - Unable to initialize FileSignerSecretProvider, falling back to use random secrets.
2019-10-01 23:43:33,127 [main] WARN  http.HttpRequestLog (HttpRequestLog.java:getRequestLog(97)) - Jetty request log can only be enabled using Log4j
2019-10-01 23:43:33,128 [main] INFO  http.HttpServer2 (HttpServer2.java:addGlobalFilter(975)) - Added global filter 'safety' (class=org.apache.hadoop.http.HttpServer2$QuotingInputFilter)
2019-10-01 23:43:33,129 [main] INFO  http.HttpServer2 (HttpServer2.java:addFilter(948)) - Added filter static_user_filter (class=org.apache.hadoop.http.lib.StaticUserWebFilter$StaticUserFilter) to context hddsDatanode
2019-10-01 23:43:33,129 [main] INFO  http.HttpServer2 (HttpServer2.java:addFilter(958)) - Added filter static_user_filter (class=org.apache.hadoop.http.lib.StaticUserWebFilter$StaticUserFilter) to context static
2019-10-01 23:43:33,129 [main] INFO  http.HttpServer2 (HttpServer2.java:addFilter(958)) - Added filter static_user_filter (class=org.apache.hadoop.http.lib.StaticUserWebFilter$StaticUserFilter) to context logs
2019-10-01 23:43:33,130 [main] INFO  http.HttpServer2 (HttpServer2.java:bindListener(1191)) - Jetty bound to port 36441
2019-10-01 23:43:33,130 [main] INFO  server.Server (Server.java:doStart(351)) - jetty-9.3.24.v20180605, build timestamp: 2018-06-05T17:11:56Z, git hash: 84205aa28f11a4f31f2a3b86d1bba2cc8ab69827
2019-10-01 23:43:33,131 [main] INFO  handler.ContextHandler (ContextHandler.java:doStart(781)) - Started o.e.j.s.ServletContextHandler@5eeee124{/logs,file:///workdir/hadoop-ozone/integration-test/target/log,AVAILABLE}
2019-10-01 23:43:33,132 [main] INFO  handler.ContextHandler (ContextHandler.java:doStart(781)) - Started o.e.j.s.ServletContextHandler@3d1c52f5{/static,jar:file:/home/user/.m2/repository/org/apache/hadoop/hadoop-hdds-container-service/0.5.0-SNAPSHOT/hadoop-hdds-container-service-0.5.0-SNAPSHOT.jar!/webapps/static,AVAILABLE}
2019-10-01 23:43:33,158 [main] INFO  handler.ContextHandler (ContextHandler.java:doStart(781)) - Started o.e.j.w.WebAppContext@273dec10{/,file:///tmp/jetty-0.0.0.0-36441-hddsDatanode-_-any-5689285957159925657.dir/webapp/,AVAILABLE}{/hddsDatanode}
2019-10-01 23:43:33,158 [main] INFO  server.AbstractConnector (AbstractConnector.java:doStart(278)) - Started ServerConnector@6cceb281{HTTP/1.1,[http/1.1]}{0.0.0.0:36441}
2019-10-01 23:43:33,160 [main] INFO  server.Server (Server.java:doStart(419)) - Started @657797ms
2019-10-01 23:43:33,160 [main] WARN  impl.MetricsSystemImpl (MetricsSystemImpl.java:register(276)) - Sink prometheus already exists!
2019-10-01 23:43:33,161 [main] INFO  server.BaseHttpServer (BaseHttpServer.java:updateConnectorAddress(215)) - HTTP server of HDDSDATANODE is listening at http://0.0.0.0:36441
2019-10-01 23:43:33,161 [main] INFO  impl.MetricsSystemImpl (MetricsSystemImpl.java:init(158)) - HddsDatanode metrics system started (again)
2019-10-01 23:43:33,167 [org.apache.hadoop.util.JvmPauseMonitor$Monitor@6fe687d5] INFO  util.JvmPauseMonitor (JvmPauseMonitor.java:run(188)) - Starting JVM pause monitor
2019-10-01 23:43:33,167 [main] INFO  ozone.HddsDatanodeService (HddsDatanodeService.java:start(184)) - HddsDatanodeService host:pr-hdds-2158-lzhrq-821698512 ip:192.168.164.203
2019-10-01 23:43:33,168 [Datanode State Machine Thread - 0] INFO  datanode.InitDatanodeState (InitDatanodeState.java:persistContainerDatanodeDetails(140)) - DatanodeDetails is persisted to /workdir/hadoop-ozone/integration-test/target/test-dir/MiniOzoneClusterImpl-b0268eef-721c-4f7d-a801-8a29ae4b86e9/datanode-3/meta/datanode.id
2019-10-01 23:43:33,173 [main] INFO  volume.HddsVolume (HddsVolume.java:<init>(176)) - Creating Volume: /workdir/hadoop-ozone/integration-test/target/test-dir/MiniOzoneClusterImpl-b0268eef-721c-4f7d-a801-8a29ae4b86e9/datanode-4/data/containers/hdds of  storage type : DISK and capacity : 1482555576320
2019-10-01 23:43:33,174 [main] INFO  volume.VolumeSet (VolumeSet.java:initializeVolumeSet(170)) - Added Volume : /workdir/hadoop-ozone/integration-test/target/test-dir/MiniOzoneClusterImpl-b0268eef-721c-4f7d-a801-8a29ae4b86e9/datanode-4/data/containers/hdds to VolumeSet
2019-10-01 23:43:33,174 [main] INFO  volume.ThrottledAsyncChecker (ThrottledAsyncChecker.java:schedule(139)) - Scheduling a check for org.apache.hadoop.ozone.container.common.volume.HddsVolume@994544
2019-10-01 23:43:33,174 [main] INFO  volume.HddsVolumeChecker (HddsVolumeChecker.java:checkAllVolumes(202)) - Scheduled health check for volume org.apache.hadoop.ozone.container.common.volume.HddsVolume@994544
2019-10-01 23:43:33,186 [main] INFO  impl.RaftServerProxy (ConfUtils.java:logGet(43)) - raft.rpc.type = GRPC (default)
2019-10-01 23:43:33,187 [main] INFO  grpc.GrpcFactory (GrpcFactory.java:checkPooledByteBufAllocatorUseCacheForAllThreads(45)) - PERFORMANCE WARNING: useCacheForAllThreads is true that may cause Netty to create a lot garbage objects and, as a result, trigger GC.
	It is recommended to disable useCacheForAllThreads by setting -Dorg.apache.ratis.thirdparty.io.netty.allocator.useCacheForAllThreads=false in command line.
2019-10-01 23:43:33,187 [main] INFO  grpc.GrpcConfigKeys$Server (ConfUtils.java:logGet(43)) - raft.grpc.server.port = 0 (default)
2019-10-01 23:43:33,187 [main] INFO  server.GrpcService (ConfUtils.java:logGet(43)) - raft.grpc.message.size.max = 33570816 (custom)
2019-10-01 23:43:33,187 [main] INFO  server.RaftServerConfigKeys (ConfUtils.java:logGet(43)) - raft.server.log.appender.buffer.byte-limit = 33554432 (custom)
2019-10-01 23:43:33,187 [main] INFO  server.GrpcService (ConfUtils.java:logGet(43)) - raft.grpc.flow.control.window = 1MB (=1048576) (default)
2019-10-01 23:43:33,188 [main] INFO  server.RaftServerConfigKeys (ConfUtils.java:logGet(43)) - raft.server.rpc.request.timeout = 3000ms (default)
2019-10-01 23:43:33,188 [main] INFO  server.RaftServerConfigKeys (ConfUtils.java:logGet(43)) - raft.server.storage.dir = [/workdir/hadoop-ozone/integration-test/target/test-dir/MiniOzoneClusterImpl-b0268eef-721c-4f7d-a801-8a29ae4b86e9/datanode-4/data/ratis] (custom)
2019-10-01 23:43:33,189 [main] INFO  hdfs.DFSUtil (DFSUtil.java:httpServerTemplateForNNAndJN(1641)) - Starting Web-server for hddsDatanode at: http://0.0.0.0:0
2019-10-01 23:43:33,191 [main] INFO  server.AuthenticationFilter (AuthenticationFilter.java:constructSecretProvider(240)) - Unable to initialize FileSignerSecretProvider, falling back to use random secrets.
2019-10-01 23:43:33,191 [main] WARN  http.HttpRequestLog (HttpRequestLog.java:getRequestLog(97)) - Jetty request log can only be enabled using Log4j
2019-10-01 23:43:33,192 [main] INFO  http.HttpServer2 (HttpServer2.java:addGlobalFilter(975)) - Added global filter 'safety' (class=org.apache.hadoop.http.HttpServer2$QuotingInputFilter)
2019-10-01 23:43:33,193 [main] INFO  http.HttpServer2 (HttpServer2.java:addFilter(948)) - Added filter static_user_filter (class=org.apache.hadoop.http.lib.StaticUserWebFilter$StaticUserFilter) to context hddsDatanode
2019-10-01 23:43:33,193 [main] INFO  http.HttpServer2 (HttpServer2.java:addFilter(958)) - Added filter static_user_filter (class=org.apache.hadoop.http.lib.StaticUserWebFilter$StaticUserFilter) to context static
2019-10-01 23:43:33,193 [main] INFO  http.HttpServer2 (HttpServer2.java:addFilter(958)) - Added filter static_user_filter (class=org.apache.hadoop.http.lib.StaticUserWebFilter$StaticUserFilter) to context logs
2019-10-01 23:43:33,194 [main] INFO  http.HttpServer2 (HttpServer2.java:bindListener(1191)) - Jetty bound to port 44681
2019-10-01 23:43:33,194 [main] INFO  server.Server (Server.java:doStart(351)) - jetty-9.3.24.v20180605, build timestamp: 2018-06-05T17:11:56Z, git hash: 84205aa28f11a4f31f2a3b86d1bba2cc8ab69827
2019-10-01 23:43:33,195 [main] INFO  handler.ContextHandler (ContextHandler.java:doStart(781)) - Started o.e.j.s.ServletContextHandler@4e2cdc51{/logs,file:///workdir/hadoop-ozone/integration-test/target/log,AVAILABLE}
2019-10-01 23:43:33,196 [main] INFO  handler.ContextHandler (ContextHandler.java:doStart(781)) - Started o.e.j.s.ServletContextHandler@25470477{/static,jar:file:/home/user/.m2/repository/org/apache/hadoop/hadoop-hdds-container-service/0.5.0-SNAPSHOT/hadoop-hdds-container-service-0.5.0-SNAPSHOT.jar!/webapps/static,AVAILABLE}
2019-10-01 23:43:33,228 [main] INFO  handler.ContextHandler (ContextHandler.java:doStart(781)) - Started o.e.j.w.WebAppContext@7db791df{/,file:///tmp/jetty-0.0.0.0-44681-hddsDatanode-_-any-6755935604741324247.dir/webapp/,AVAILABLE}{/hddsDatanode}
2019-10-01 23:43:33,229 [main] INFO  server.AbstractConnector (AbstractConnector.java:doStart(278)) - Started ServerConnector@1bfa5a13{HTTP/1.1,[http/1.1]}{0.0.0.0:44681}
2019-10-01 23:43:33,230 [main] INFO  server.Server (Server.java:doStart(419)) - Started @657868ms
2019-10-01 23:43:33,231 [main] WARN  impl.MetricsSystemImpl (MetricsSystemImpl.java:register(276)) - Sink prometheus already exists!
2019-10-01 23:43:33,231 [main] INFO  server.BaseHttpServer (BaseHttpServer.java:updateConnectorAddress(215)) - HTTP server of HDDSDATANODE is listening at http://0.0.0.0:44681
2019-10-01 23:43:33,232 [main] INFO  impl.MetricsSystemImpl (MetricsSystemImpl.java:init(158)) - HddsDatanode metrics system started (again)
2019-10-01 23:43:33,237 [org.apache.hadoop.util.JvmPauseMonitor$Monitor@f4ff955] INFO  util.JvmPauseMonitor (JvmPauseMonitor.java:run(188)) - Starting JVM pause monitor
2019-10-01 23:43:33,238 [main] INFO  ozone.HddsDatanodeService (HddsDatanodeService.java:start(184)) - HddsDatanodeService host:pr-hdds-2158-lzhrq-821698512 ip:192.168.164.203
2019-10-01 23:43:33,238 [Datanode State Machine Thread - 0] INFO  datanode.InitDatanodeState (InitDatanodeState.java:persistContainerDatanodeDetails(140)) - DatanodeDetails is persisted to /workdir/hadoop-ozone/integration-test/target/test-dir/MiniOzoneClusterImpl-b0268eef-721c-4f7d-a801-8a29ae4b86e9/datanode-4/meta/datanode.id
2019-10-01 23:43:33,244 [main] INFO  volume.HddsVolume (HddsVolume.java:<init>(176)) - Creating Volume: /workdir/hadoop-ozone/integration-test/target/test-dir/MiniOzoneClusterImpl-b0268eef-721c-4f7d-a801-8a29ae4b86e9/datanode-5/data/containers/hdds of  storage type : DISK and capacity : 1482555576320
2019-10-01 23:43:33,244 [main] INFO  volume.VolumeSet (VolumeSet.java:initializeVolumeSet(170)) - Added Volume : /workdir/hadoop-ozone/integration-test/target/test-dir/MiniOzoneClusterImpl-b0268eef-721c-4f7d-a801-8a29ae4b86e9/datanode-5/data/containers/hdds to VolumeSet
2019-10-01 23:43:33,244 [main] INFO  volume.ThrottledAsyncChecker (ThrottledAsyncChecker.java:schedule(139)) - Scheduling a check for org.apache.hadoop.ozone.container.common.volume.HddsVolume@176333ee
2019-10-01 23:43:33,245 [main] INFO  volume.HddsVolumeChecker (HddsVolumeChecker.java:checkAllVolumes(202)) - Scheduled health check for volume org.apache.hadoop.ozone.container.common.volume.HddsVolume@176333ee
2019-10-01 23:43:33,256 [main] INFO  impl.RaftServerProxy (ConfUtils.java:logGet(43)) - raft.rpc.type = GRPC (default)
2019-10-01 23:43:33,257 [main] INFO  grpc.GrpcFactory (GrpcFactory.java:checkPooledByteBufAllocatorUseCacheForAllThreads(45)) - PERFORMANCE WARNING: useCacheForAllThreads is true that may cause Netty to create a lot garbage objects and, as a result, trigger GC.
	It is recommended to disable useCacheForAllThreads by setting -Dorg.apache.ratis.thirdparty.io.netty.allocator.useCacheForAllThreads=false in command line.
2019-10-01 23:43:33,257 [main] INFO  grpc.GrpcConfigKeys$Server (ConfUtils.java:logGet(43)) - raft.grpc.server.port = 0 (default)
2019-10-01 23:43:33,257 [main] INFO  server.GrpcService (ConfUtils.java:logGet(43)) - raft.grpc.message.size.max = 33570816 (custom)
2019-10-01 23:43:33,257 [main] INFO  server.RaftServerConfigKeys (ConfUtils.java:logGet(43)) - raft.server.log.appender.buffer.byte-limit = 33554432 (custom)
2019-10-01 23:43:33,257 [main] INFO  server.GrpcService (ConfUtils.java:logGet(43)) - raft.grpc.flow.control.window = 1MB (=1048576) (default)
2019-10-01 23:43:33,257 [main] INFO  server.RaftServerConfigKeys (ConfUtils.java:logGet(43)) - raft.server.rpc.request.timeout = 3000ms (default)
2019-10-01 23:43:33,258 [main] INFO  server.RaftServerConfigKeys (ConfUtils.java:logGet(43)) - raft.server.storage.dir = [/workdir/hadoop-ozone/integration-test/target/test-dir/MiniOzoneClusterImpl-b0268eef-721c-4f7d-a801-8a29ae4b86e9/datanode-5/data/ratis] (custom)
2019-10-01 23:43:33,259 [main] INFO  hdfs.DFSUtil (DFSUtil.java:httpServerTemplateForNNAndJN(1641)) - Starting Web-server for hddsDatanode at: http://0.0.0.0:0
2019-10-01 23:43:33,260 [main] INFO  server.AuthenticationFilter (AuthenticationFilter.java:constructSecretProvider(240)) - Unable to initialize FileSignerSecretProvider, falling back to use random secrets.
2019-10-01 23:43:33,261 [main] WARN  http.HttpRequestLog (HttpRequestLog.java:getRequestLog(97)) - Jetty request log can only be enabled using Log4j
2019-10-01 23:43:33,262 [main] INFO  http.HttpServer2 (HttpServer2.java:addGlobalFilter(975)) - Added global filter 'safety' (class=org.apache.hadoop.http.HttpServer2$QuotingInputFilter)
2019-10-01 23:43:33,262 [main] INFO  http.HttpServer2 (HttpServer2.java:addFilter(948)) - Added filter static_user_filter (class=org.apache.hadoop.http.lib.StaticUserWebFilter$StaticUserFilter) to context hddsDatanode
2019-10-01 23:43:33,262 [main] INFO  http.HttpServer2 (HttpServer2.java:addFilter(958)) - Added filter static_user_filter (class=org.apache.hadoop.http.lib.StaticUserWebFilter$StaticUserFilter) to context logs
2019-10-01 23:43:33,263 [main] INFO  http.HttpServer2 (HttpServer2.java:addFilter(958)) - Added filter static_user_filter (class=org.apache.hadoop.http.lib.StaticUserWebFilter$StaticUserFilter) to context static
2019-10-01 23:43:33,263 [main] INFO  http.HttpServer2 (HttpServer2.java:bindListener(1191)) - Jetty bound to port 33693
2019-10-01 23:43:33,263 [main] INFO  server.Server (Server.java:doStart(351)) - jetty-9.3.24.v20180605, build timestamp: 2018-06-05T17:11:56Z, git hash: 84205aa28f11a4f31f2a3b86d1bba2cc8ab69827
2019-10-01 23:43:33,264 [main] INFO  handler.ContextHandler (ContextHandler.java:doStart(781)) - Started o.e.j.s.ServletContextHandler@62faf77{/logs,file:///workdir/hadoop-ozone/integration-test/target/log,AVAILABLE}
2019-10-01 23:43:33,265 [main] INFO  handler.ContextHandler (ContextHandler.java:doStart(781)) - Started o.e.j.s.ServletContextHandler@6e321d9d{/static,jar:file:/home/user/.m2/repository/org/apache/hadoop/hadoop-hdds-container-service/0.5.0-SNAPSHOT/hadoop-hdds-container-service-0.5.0-SNAPSHOT.jar!/webapps/static,AVAILABLE}
2019-10-01 23:43:33,290 [main] INFO  handler.ContextHandler (ContextHandler.java:doStart(781)) - Started o.e.j.w.WebAppContext@2b9b17ce{/,file:///tmp/jetty-0.0.0.0-33693-hddsDatanode-_-any-3798972011793756969.dir/webapp/,AVAILABLE}{/hddsDatanode}
2019-10-01 23:43:33,290 [main] INFO  server.AbstractConnector (AbstractConnector.java:doStart(278)) - Started ServerConnector@1d2def55{HTTP/1.1,[http/1.1]}{0.0.0.0:33693}
2019-10-01 23:43:33,292 [main] INFO  server.Server (Server.java:doStart(419)) - Started @657930ms
2019-10-01 23:43:33,293 [main] WARN  impl.MetricsSystemImpl (MetricsSystemImpl.java:register(276)) - Sink prometheus already exists!
2019-10-01 23:43:33,293 [main] INFO  server.BaseHttpServer (BaseHttpServer.java:updateConnectorAddress(215)) - HTTP server of HDDSDATANODE is listening at http://0.0.0.0:33693
2019-10-01 23:43:33,293 [main] INFO  impl.MetricsSystemImpl (MetricsSystemImpl.java:init(158)) - HddsDatanode metrics system started (again)
2019-10-01 23:43:33,300 [org.apache.hadoop.util.JvmPauseMonitor$Monitor@280d7f44] INFO  util.JvmPauseMonitor (JvmPauseMonitor.java:run(188)) - Starting JVM pause monitor
2019-10-01 23:43:33,301 [Datanode State Machine Thread - 0] INFO  datanode.InitDatanodeState (InitDatanodeState.java:persistContainerDatanodeDetails(140)) - DatanodeDetails is persisted to /workdir/hadoop-ozone/integration-test/target/test-dir/MiniOzoneClusterImpl-b0268eef-721c-4f7d-a801-8a29ae4b86e9/datanode-5/meta/datanode.id
2019-10-01 23:43:33,301 [main] INFO  ozone.HddsDatanodeService (HddsDatanodeService.java:start(184)) - HddsDatanodeService host:pr-hdds-2158-lzhrq-821698512 ip:192.168.164.203
2019-10-01 23:43:33,308 [main] INFO  volume.HddsVolume (HddsVolume.java:<init>(176)) - Creating Volume: /workdir/hadoop-ozone/integration-test/target/test-dir/MiniOzoneClusterImpl-b0268eef-721c-4f7d-a801-8a29ae4b86e9/datanode-6/data/containers/hdds of  storage type : DISK and capacity : 1482555576320
2019-10-01 23:43:33,309 [main] INFO  volume.VolumeSet (VolumeSet.java:initializeVolumeSet(170)) - Added Volume : /workdir/hadoop-ozone/integration-test/target/test-dir/MiniOzoneClusterImpl-b0268eef-721c-4f7d-a801-8a29ae4b86e9/datanode-6/data/containers/hdds to VolumeSet
2019-10-01 23:43:33,309 [main] INFO  volume.ThrottledAsyncChecker (ThrottledAsyncChecker.java:schedule(139)) - Scheduling a check for org.apache.hadoop.ozone.container.common.volume.HddsVolume@4b544732
2019-10-01 23:43:33,309 [main] INFO  volume.HddsVolumeChecker (HddsVolumeChecker.java:checkAllVolumes(202)) - Scheduled health check for volume org.apache.hadoop.ozone.container.common.volume.HddsVolume@4b544732
2019-10-01 23:43:33,321 [main] INFO  impl.RaftServerProxy (ConfUtils.java:logGet(43)) - raft.rpc.type = GRPC (default)
2019-10-01 23:43:33,322 [main] INFO  grpc.GrpcFactory (GrpcFactory.java:checkPooledByteBufAllocatorUseCacheForAllThreads(45)) - PERFORMANCE WARNING: useCacheForAllThreads is true that may cause Netty to create a lot garbage objects and, as a result, trigger GC.
	It is recommended to disable useCacheForAllThreads by setting -Dorg.apache.ratis.thirdparty.io.netty.allocator.useCacheForAllThreads=false in command line.
2019-10-01 23:43:33,322 [main] INFO  grpc.GrpcConfigKeys$Server (ConfUtils.java:logGet(43)) - raft.grpc.server.port = 0 (default)
2019-10-01 23:43:33,322 [main] INFO  server.GrpcService (ConfUtils.java:logGet(43)) - raft.grpc.message.size.max = 33570816 (custom)
2019-10-01 23:43:33,322 [main] INFO  server.RaftServerConfigKeys (ConfUtils.java:logGet(43)) - raft.server.log.appender.buffer.byte-limit = 33554432 (custom)
2019-10-01 23:43:33,322 [main] INFO  server.GrpcService (ConfUtils.java:logGet(43)) - raft.grpc.flow.control.window = 1MB (=1048576) (default)
2019-10-01 23:43:33,322 [main] INFO  server.RaftServerConfigKeys (ConfUtils.java:logGet(43)) - raft.server.rpc.request.timeout = 3000ms (default)
2019-10-01 23:43:33,323 [main] INFO  server.RaftServerConfigKeys (ConfUtils.java:logGet(43)) - raft.server.storage.dir = [/workdir/hadoop-ozone/integration-test/target/test-dir/MiniOzoneClusterImpl-b0268eef-721c-4f7d-a801-8a29ae4b86e9/datanode-6/data/ratis] (custom)
2019-10-01 23:43:33,324 [main] INFO  hdfs.DFSUtil (DFSUtil.java:httpServerTemplateForNNAndJN(1641)) - Starting Web-server for hddsDatanode at: http://0.0.0.0:0
2019-10-01 23:43:33,325 [main] INFO  server.AuthenticationFilter (AuthenticationFilter.java:constructSecretProvider(240)) - Unable to initialize FileSignerSecretProvider, falling back to use random secrets.
2019-10-01 23:43:33,326 [main] WARN  http.HttpRequestLog (HttpRequestLog.java:getRequestLog(97)) - Jetty request log can only be enabled using Log4j
2019-10-01 23:43:33,327 [main] INFO  http.HttpServer2 (HttpServer2.java:addGlobalFilter(975)) - Added global filter 'safety' (class=org.apache.hadoop.http.HttpServer2$QuotingInputFilter)
2019-10-01 23:43:33,328 [main] INFO  http.HttpServer2 (HttpServer2.java:addFilter(948)) - Added filter static_user_filter (class=org.apache.hadoop.http.lib.StaticUserWebFilter$StaticUserFilter) to context hddsDatanode
2019-10-01 23:43:33,328 [main] INFO  http.HttpServer2 (HttpServer2.java:addFilter(958)) - Added filter static_user_filter (class=org.apache.hadoop.http.lib.StaticUserWebFilter$StaticUserFilter) to context logs
2019-10-01 23:43:33,328 [main] INFO  http.HttpServer2 (HttpServer2.java:addFilter(958)) - Added filter static_user_filter (class=org.apache.hadoop.http.lib.StaticUserWebFilter$StaticUserFilter) to context static
2019-10-01 23:43:33,329 [main] INFO  http.HttpServer2 (HttpServer2.java:bindListener(1191)) - Jetty bound to port 33577
2019-10-01 23:43:33,329 [main] INFO  server.Server (Server.java:doStart(351)) - jetty-9.3.24.v20180605, build timestamp: 2018-06-05T17:11:56Z, git hash: 84205aa28f11a4f31f2a3b86d1bba2cc8ab69827
2019-10-01 23:43:33,330 [main] INFO  handler.ContextHandler (ContextHandler.java:doStart(781)) - Started o.e.j.s.ServletContextHandler@9e62fb{/logs,file:///workdir/hadoop-ozone/integration-test/target/log,AVAILABLE}
2019-10-01 23:43:33,331 [main] INFO  handler.ContextHandler (ContextHandler.java:doStart(781)) - Started o.e.j.s.ServletContextHandler@43c0c13a{/static,jar:file:/home/user/.m2/repository/org/apache/hadoop/hadoop-hdds-container-service/0.5.0-SNAPSHOT/hadoop-hdds-container-service-0.5.0-SNAPSHOT.jar!/webapps/static,AVAILABLE}
2019-10-01 23:43:33,360 [main] INFO  handler.ContextHandler (ContextHandler.java:doStart(781)) - Started o.e.j.w.WebAppContext@7d64a960{/,file:///tmp/jetty-0.0.0.0-33577-hddsDatanode-_-any-8551914337286130606.dir/webapp/,AVAILABLE}{/hddsDatanode}
2019-10-01 23:43:33,360 [main] INFO  server.AbstractConnector (AbstractConnector.java:doStart(278)) - Started ServerConnector@166ce247{HTTP/1.1,[http/1.1]}{0.0.0.0:33577}
2019-10-01 23:43:33,362 [main] INFO  server.Server (Server.java:doStart(419)) - Started @657999ms
2019-10-01 23:43:33,362 [main] WARN  impl.MetricsSystemImpl (MetricsSystemImpl.java:register(276)) - Sink prometheus already exists!
2019-10-01 23:43:33,362 [main] INFO  server.BaseHttpServer (BaseHttpServer.java:updateConnectorAddress(215)) - HTTP server of HDDSDATANODE is listening at http://0.0.0.0:33577
2019-10-01 23:43:33,363 [main] INFO  ozone.MiniOzoneClusterImpl (MiniOzoneClusterImpl.java:lambda$waitForClusterToBeReady$0(145)) - Waiting for cluster to be ready. Got 0 of 7 DN Heartbeats.
2019-10-01 23:43:33,364 [org.apache.hadoop.util.JvmPauseMonitor$Monitor@2da30293] INFO  util.JvmPauseMonitor (JvmPauseMonitor.java:run(188)) - Starting JVM pause monitor
2019-10-01 23:43:33,365 [Datanode State Machine Thread - 0] INFO  datanode.InitDatanodeState (InitDatanodeState.java:persistContainerDatanodeDetails(140)) - DatanodeDetails is persisted to /workdir/hadoop-ozone/integration-test/target/test-dir/MiniOzoneClusterImpl-b0268eef-721c-4f7d-a801-8a29ae4b86e9/datanode-6/meta/datanode.id
2019-10-01 23:43:34,363 [main] INFO  ozone.MiniOzoneClusterImpl (MiniOzoneClusterImpl.java:lambda$waitForClusterToBeReady$0(145)) - Waiting for cluster to be ready. Got 0 of 7 DN Heartbeats.
2019-10-01 23:43:34,991 [Datanode State Machine Thread - 0] INFO  ozoneimpl.OzoneContainer (OzoneContainer.java:start(217)) - Attempting to start container services.
2019-10-01 23:43:34,992 [Datanode State Machine Thread - 0] INFO  ozoneimpl.OzoneContainer (OzoneContainer.java:startContainerScrub(179)) - Background container scanner has been disabled.
2019-10-01 23:43:34,992 [Datanode State Machine Thread - 0] INFO  ratis.XceiverServerRatis (XceiverServerRatis.java:start(411)) - Starting XceiverServerRatis 0598627c-23ca-4ee8-8b68-6a2bbae8a2e6 at port 0
2019-10-01 23:43:34,999 [Datanode State Machine Thread - 0] INFO  impl.RaftServerProxy (RaftServerProxy.java:lambda$start$3(299)) - 0598627c-23ca-4ee8-8b68-6a2bbae8a2e6: start RPC server
2019-10-01 23:43:35,001 [Datanode State Machine Thread - 0] INFO  server.GrpcService (GrpcService.java:startImpl(158)) - 0598627c-23ca-4ee8-8b68-6a2bbae8a2e6: GrpcService started, listening on 0.0.0.0/0.0.0.0:45508
2019-10-01 23:43:35,001 [Datanode State Machine Thread - 0] INFO  ratis.XceiverServerRatis (XceiverServerRatis.java:start(421)) - XceiverServerRatis 0598627c-23ca-4ee8-8b68-6a2bbae8a2e6 is started using port 45508
2019-10-01 23:43:35,001 [Datanode State Machine Thread - 0] INFO  server.XceiverServerGrpc (XceiverServerGrpc.java:start(163)) - XceiverServerGrpc 0598627c-23ca-4ee8-8b68-6a2bbae8a2e6 is started using port 35443
2019-10-01 23:43:35,056 [Datanode State Machine Thread - 0] INFO  ozoneimpl.OzoneContainer (OzoneContainer.java:start(217)) - Attempting to start container services.
2019-10-01 23:43:35,056 [Datanode State Machine Thread - 0] INFO  ozoneimpl.OzoneContainer (OzoneContainer.java:startContainerScrub(179)) - Background container scanner has been disabled.
2019-10-01 23:43:35,056 [Datanode State Machine Thread - 0] INFO  ratis.XceiverServerRatis (XceiverServerRatis.java:start(411)) - Starting XceiverServerRatis 90975f2f-9485-48a4-a4f0-d3fba7160047 at port 0
2019-10-01 23:43:35,063 [Datanode State Machine Thread - 0] INFO  impl.RaftServerProxy (RaftServerProxy.java:lambda$start$3(299)) - 90975f2f-9485-48a4-a4f0-d3fba7160047: start RPC server
2019-10-01 23:43:35,063 [Datanode State Machine Thread - 0] INFO  server.GrpcService (GrpcService.java:startImpl(158)) - 90975f2f-9485-48a4-a4f0-d3fba7160047: GrpcService started, listening on 0.0.0.0/0.0.0.0:35738
2019-10-01 23:43:35,064 [Datanode State Machine Thread - 0] INFO  ratis.XceiverServerRatis (XceiverServerRatis.java:start(421)) - XceiverServerRatis 90975f2f-9485-48a4-a4f0-d3fba7160047 is started using port 35738
2019-10-01 23:43:35,064 [Datanode State Machine Thread - 0] INFO  server.XceiverServerGrpc (XceiverServerGrpc.java:start(163)) - XceiverServerGrpc 90975f2f-9485-48a4-a4f0-d3fba7160047 is started using port 37633
2019-10-01 23:43:35,113 [Datanode State Machine Thread - 0] INFO  ozoneimpl.OzoneContainer (OzoneContainer.java:start(217)) - Attempting to start container services.
2019-10-01 23:43:35,113 [Datanode State Machine Thread - 0] INFO  ozoneimpl.OzoneContainer (OzoneContainer.java:startContainerScrub(179)) - Background container scanner has been disabled.
2019-10-01 23:43:35,113 [Datanode State Machine Thread - 0] INFO  ratis.XceiverServerRatis (XceiverServerRatis.java:start(411)) - Starting XceiverServerRatis f1155e5b-ece4-4487-83cd-8dea0b525c9a at port 0
2019-10-01 23:43:35,119 [Datanode State Machine Thread - 0] INFO  impl.RaftServerProxy (RaftServerProxy.java:lambda$start$3(299)) - f1155e5b-ece4-4487-83cd-8dea0b525c9a: start RPC server
2019-10-01 23:43:35,120 [Datanode State Machine Thread - 0] INFO  server.GrpcService (GrpcService.java:startImpl(158)) - f1155e5b-ece4-4487-83cd-8dea0b525c9a: GrpcService started, listening on 0.0.0.0/0.0.0.0:44400
2019-10-01 23:43:35,120 [Datanode State Machine Thread - 0] INFO  ratis.XceiverServerRatis (XceiverServerRatis.java:start(421)) - XceiverServerRatis f1155e5b-ece4-4487-83cd-8dea0b525c9a is started using port 44400
2019-10-01 23:43:35,121 [Datanode State Machine Thread - 0] INFO  server.XceiverServerGrpc (XceiverServerGrpc.java:start(163)) - XceiverServerGrpc f1155e5b-ece4-4487-83cd-8dea0b525c9a is started using port 45564
2019-10-01 23:43:35,181 [Datanode State Machine Thread - 0] INFO  ozoneimpl.OzoneContainer (OzoneContainer.java:start(217)) - Attempting to start container services.
2019-10-01 23:43:35,181 [Datanode State Machine Thread - 0] INFO  ozoneimpl.OzoneContainer (OzoneContainer.java:startContainerScrub(179)) - Background container scanner has been disabled.
2019-10-01 23:43:35,181 [Datanode State Machine Thread - 0] INFO  ratis.XceiverServerRatis (XceiverServerRatis.java:start(411)) - Starting XceiverServerRatis ce32e816-65e0-4fe3-9b5e-fe012152cf3a at port 0
2019-10-01 23:43:35,187 [Datanode State Machine Thread - 0] INFO  impl.RaftServerProxy (RaftServerProxy.java:lambda$start$3(299)) - ce32e816-65e0-4fe3-9b5e-fe012152cf3a: start RPC server
2019-10-01 23:43:35,187 [Datanode State Machine Thread - 0] INFO  server.GrpcService (GrpcService.java:startImpl(158)) - ce32e816-65e0-4fe3-9b5e-fe012152cf3a: GrpcService started, listening on 0.0.0.0/0.0.0.0:43956
2019-10-01 23:43:35,188 [Datanode State Machine Thread - 0] INFO  ratis.XceiverServerRatis (XceiverServerRatis.java:start(421)) - XceiverServerRatis ce32e816-65e0-4fe3-9b5e-fe012152cf3a is started using port 43956
2019-10-01 23:43:35,188 [Datanode State Machine Thread - 0] INFO  server.XceiverServerGrpc (XceiverServerGrpc.java:start(163)) - XceiverServerGrpc ce32e816-65e0-4fe3-9b5e-fe012152cf3a is started using port 38474
2019-10-01 23:43:35,253 [Datanode State Machine Thread - 0] INFO  ozoneimpl.OzoneContainer (OzoneContainer.java:start(217)) - Attempting to start container services.
2019-10-01 23:43:35,253 [Datanode State Machine Thread - 0] INFO  ozoneimpl.OzoneContainer (OzoneContainer.java:startContainerScrub(179)) - Background container scanner has been disabled.
2019-10-01 23:43:35,253 [Datanode State Machine Thread - 0] INFO  ratis.XceiverServerRatis (XceiverServerRatis.java:start(411)) - Starting XceiverServerRatis d2ecb2a4-3754-4f5b-b51d-81d499514b0e at port 0
2019-10-01 23:43:35,260 [Datanode State Machine Thread - 0] INFO  impl.RaftServerProxy (RaftServerProxy.java:lambda$start$3(299)) - d2ecb2a4-3754-4f5b-b51d-81d499514b0e: start RPC server
2019-10-01 23:43:35,261 [Datanode State Machine Thread - 0] INFO  server.GrpcService (GrpcService.java:startImpl(158)) - d2ecb2a4-3754-4f5b-b51d-81d499514b0e: GrpcService started, listening on 0.0.0.0/0.0.0.0:37402
2019-10-01 23:43:35,261 [Datanode State Machine Thread - 0] INFO  ratis.XceiverServerRatis (XceiverServerRatis.java:start(421)) - XceiverServerRatis d2ecb2a4-3754-4f5b-b51d-81d499514b0e is started using port 37402
2019-10-01 23:43:35,261 [Datanode State Machine Thread - 0] INFO  server.XceiverServerGrpc (XceiverServerGrpc.java:start(163)) - XceiverServerGrpc d2ecb2a4-3754-4f5b-b51d-81d499514b0e is started using port 38865
2019-10-01 23:43:35,314 [Datanode State Machine Thread - 0] INFO  ozoneimpl.OzoneContainer (OzoneContainer.java:start(217)) - Attempting to start container services.
2019-10-01 23:43:35,314 [Datanode State Machine Thread - 0] INFO  ozoneimpl.OzoneContainer (OzoneContainer.java:startContainerScrub(179)) - Background container scanner has been disabled.
2019-10-01 23:43:35,314 [Datanode State Machine Thread - 0] INFO  ratis.XceiverServerRatis (XceiverServerRatis.java:start(411)) - Starting XceiverServerRatis ebd725b5-8731-4ac1-91b6-1bfd6f459ef6 at port 0
2019-10-01 23:43:35,321 [Datanode State Machine Thread - 0] INFO  impl.RaftServerProxy (RaftServerProxy.java:lambda$start$3(299)) - ebd725b5-8731-4ac1-91b6-1bfd6f459ef6: start RPC server
2019-10-01 23:43:35,322 [Datanode State Machine Thread - 0] INFO  server.GrpcService (GrpcService.java:startImpl(158)) - ebd725b5-8731-4ac1-91b6-1bfd6f459ef6: GrpcService started, listening on 0.0.0.0/0.0.0.0:34095
2019-10-01 23:43:35,322 [Datanode State Machine Thread - 0] INFO  ratis.XceiverServerRatis (XceiverServerRatis.java:start(421)) - XceiverServerRatis ebd725b5-8731-4ac1-91b6-1bfd6f459ef6 is started using port 34095
2019-10-01 23:43:35,322 [Datanode State Machine Thread - 0] INFO  server.XceiverServerGrpc (XceiverServerGrpc.java:start(163)) - XceiverServerGrpc ebd725b5-8731-4ac1-91b6-1bfd6f459ef6 is started using port 45686
2019-10-01 23:43:35,363 [main] INFO  ozone.MiniOzoneClusterImpl (MiniOzoneClusterImpl.java:lambda$waitForClusterToBeReady$0(145)) - Waiting for cluster to be ready. Got 0 of 7 DN Heartbeats.
2019-10-01 23:43:35,381 [Datanode State Machine Thread - 0] INFO  ozoneimpl.OzoneContainer (OzoneContainer.java:start(217)) - Attempting to start container services.
2019-10-01 23:43:35,382 [Datanode State Machine Thread - 0] INFO  ozoneimpl.OzoneContainer (OzoneContainer.java:startContainerScrub(179)) - Background container scanner has been disabled.
2019-10-01 23:43:35,382 [Datanode State Machine Thread - 0] INFO  ratis.XceiverServerRatis (XceiverServerRatis.java:start(411)) - Starting XceiverServerRatis a87892ab-7770-4e1b-aec3-9524464f627e at port 0
2019-10-01 23:43:35,387 [Datanode State Machine Thread - 0] INFO  impl.RaftServerProxy (RaftServerProxy.java:lambda$start$3(299)) - a87892ab-7770-4e1b-aec3-9524464f627e: start RPC server
2019-10-01 23:43:35,388 [Datanode State Machine Thread - 0] INFO  server.GrpcService (GrpcService.java:startImpl(158)) - a87892ab-7770-4e1b-aec3-9524464f627e: GrpcService started, listening on 0.0.0.0/0.0.0.0:46482
2019-10-01 23:43:35,388 [Datanode State Machine Thread - 0] INFO  ratis.XceiverServerRatis (XceiverServerRatis.java:start(421)) - XceiverServerRatis a87892ab-7770-4e1b-aec3-9524464f627e is started using port 46482
2019-10-01 23:43:35,389 [Datanode State Machine Thread - 0] INFO  server.XceiverServerGrpc (XceiverServerGrpc.java:start(163)) - XceiverServerGrpc a87892ab-7770-4e1b-aec3-9524464f627e is started using port 34077
2019-10-01 23:43:36,364 [main] INFO  ozone.MiniOzoneClusterImpl (MiniOzoneClusterImpl.java:lambda$waitForClusterToBeReady$0(145)) - Waiting for cluster to be ready. Got 0 of 7 DN Heartbeats.
2019-10-01 23:43:36,972 [IPC Server handler 1 on 43645] INFO  net.NetworkTopology (NetworkTopologyImpl.java:add(111)) - Added a new node: /default-rack/0598627c-23ca-4ee8-8b68-6a2bbae8a2e6
2019-10-01 23:43:36,975 [IPC Server handler 1 on 43645] INFO  node.SCMNodeManager (SCMNodeManager.java:register(266)) - Registered Data node : 0598627c-23ca-4ee8-8b68-6a2bbae8a2e6{ip: 192.168.164.203, host: pr-hdds-2158-lzhrq-821698512, networkLocation: /default-rack, certSerialId: null}
2019-10-01 23:43:36,976 [EventQueue-NodeRegistrationContainerReportForDataNodeSafeModeRule] INFO  safemode.SCMSafeModeManager (DataNodeSafeModeRule.java:process(71)) - SCM in safe mode. 1 DataNodes registered, 1 required.
2019-10-01 23:43:36,979 [EventQueue-NodeRegistrationContainerReportForDataNodeSafeModeRule] INFO  safemode.SCMSafeModeManager (SCMSafeModeManager.java:validateSafeModeExitRules(177)) - ScmSafeModeManager, all rules are successfully validated
2019-10-01 23:43:36,979 [EventQueue-NodeRegistrationContainerReportForDataNodeSafeModeRule] INFO  safemode.SCMSafeModeManager (SCMSafeModeManager.java:exitSafeMode(193)) - SCM exiting safe mode.
2019-10-01 23:43:36,990 [grpc-default-executor-3] INFO  impl.RaftServerProxy (RaftServerProxy.java:addNew(89)) - 0598627c-23ca-4ee8-8b68-6a2bbae8a2e6: addNew group-8EA38DCFF19F:[0598627c-23ca-4ee8-8b68-6a2bbae8a2e6:192.168.164.203:45508] returns group-8EA38DCFF19F:java.util.concurrent.CompletableFuture@1e2936e8[Not completed]
2019-10-01 23:43:36,992 [pool-589-thread-1] INFO  impl.RaftServerImpl (RaftServerImpl.java:<init>(95)) - 0598627c-23ca-4ee8-8b68-6a2bbae8a2e6: new RaftServerImpl for group-8EA38DCFF19F:[0598627c-23ca-4ee8-8b68-6a2bbae8a2e6:192.168.164.203:45508] with ContainerStateMachine:uninitialized
2019-10-01 23:43:36,992 [pool-589-thread-1] INFO  server.RaftServerConfigKeys (ConfUtils.java:logGet(43)) - raft.server.rpc.timeout.min = 5s (custom)
2019-10-01 23:43:36,992 [pool-589-thread-1] INFO  server.RaftServerConfigKeys (ConfUtils.java:logGet(43)) - raft.server.rpc.timeout.max = 5200ms (custom)
2019-10-01 23:43:36,992 [pool-589-thread-1] INFO  server.RaftServerConfigKeys (ConfUtils.java:logGet(43)) - raft.server.rpcslowness.timeout = 120s (custom)
2019-10-01 23:43:36,993 [pool-589-thread-1] INFO  server.RaftServerConfigKeys (ConfUtils.java:logGet(43)) - raft.server.sleep.deviation.threshold = 300 (default)
2019-10-01 23:43:36,993 [pool-589-thread-1] INFO  server.RaftServerConfigKeys (ConfUtils.java:logGet(43)) - raft.server.log.appender.install.snapshot.enabled = false (custom)
2019-10-01 23:43:36,993 [pool-589-thread-1] INFO  impl.RaftServerImpl (ServerState.java:<init>(103)) - 0598627c-23ca-4ee8-8b68-6a2bbae8a2e6@group-8EA38DCFF19F: ConfigurationManager, init=-1: [0598627c-23ca-4ee8-8b68-6a2bbae8a2e6:192.168.164.203:45508], old=null, confs=<EMPTY_MAP>
2019-10-01 23:43:36,993 [pool-589-thread-1] INFO  server.RaftServerConfigKeys (ConfUtils.java:logGet(43)) - raft.server.storage.dir = [/workdir/hadoop-ozone/integration-test/target/test-dir/MiniOzoneClusterImpl-b0268eef-721c-4f7d-a801-8a29ae4b86e9/datanode-0/data/ratis] (custom)
2019-10-01 23:43:36,994 [pool-589-thread-1] INFO  storage.RaftStorageDirectory (RaftStorageDirectory.java:analyzeStorage(246)) - The storage directory /workdir/hadoop-ozone/integration-test/target/test-dir/MiniOzoneClusterImpl-b0268eef-721c-4f7d-a801-8a29ae4b86e9/datanode-0/data/ratis/8ecb2699-326c-49a7-af74-8ea38dcff19f does not exist. Creating ...
2019-10-01 23:43:37,015 [pool-589-thread-1] INFO  storage.RaftStorageDirectory (RaftStorageDirectory.java:tryLock(328)) - Lock on /workdir/hadoop-ozone/integration-test/target/test-dir/MiniOzoneClusterImpl-b0268eef-721c-4f7d-a801-8a29ae4b86e9/datanode-0/data/ratis/8ecb2699-326c-49a7-af74-8ea38dcff19f/in_use.lock acquired by nodename 5991@pr-hdds-2158-lzhrq-821698512
2019-10-01 23:43:37,019 [pool-589-thread-1] INFO  storage.RaftStorage (RaftStorage.java:format(72)) - Storage directory /workdir/hadoop-ozone/integration-test/target/test-dir/MiniOzoneClusterImpl-b0268eef-721c-4f7d-a801-8a29ae4b86e9/datanode-0/data/ratis/8ecb2699-326c-49a7-af74-8ea38dcff19f has been successfully formatted.
2019-10-01 23:43:37,019 [pool-589-thread-1] INFO  ratis.ContainerStateMachine (ContainerStateMachine.java:loadSnapshot(230)) - group-8EA38DCFF19F: The snapshot info is null. Setting the last applied indexto:(t:0, i:~)
2019-10-01 23:43:37,020 [pool-589-thread-1] INFO  server.RaftServerConfigKeys (ConfUtils.java:logGet(43)) - raft.server.notification.no-leader.timeout = 120s (custom)
2019-10-01 23:43:37,020 [pool-589-thread-1] INFO  server.RaftServerConfigKeys (ConfUtils.java:logGet(43)) - raft.server.log.use.memory = false (default)
2019-10-01 23:43:37,020 [pool-589-thread-1] INFO  server.RaftServerConfigKeys (ConfUtils.java:logGet(43)) - raft.server.log.purge.gap = 1000000 (custom)
2019-10-01 23:43:37,020 [pool-589-thread-1] INFO  server.RaftServerConfigKeys (ConfUtils.java:logGet(43)) - raft.server.log.appender.buffer.byte-limit = 33554432 (custom)
2019-10-01 23:43:37,021 [pool-589-thread-1] INFO  server.RaftServerConfigKeys (ConfUtils.java:logGet(43)) - raft.server.log.segment.size.max = 1048576 (custom)
2019-10-01 23:43:37,021 [pool-589-thread-1] INFO  server.RaftServerConfigKeys (ConfUtils.java:logGet(43)) - raft.server.log.segment.cache.num.max = 2 (custom)
2019-10-01 23:43:37,021 [pool-589-thread-1] INFO  segmented.SegmentedRaftLogWorker (SegmentedRaftLogWorker.java:<init>(172)) - new 0598627c-23ca-4ee8-8b68-6a2bbae8a2e6@group-8EA38DCFF19F-SegmentedRaftLogWorker for RaftStorage:Storage Directory /workdir/hadoop-ozone/integration-test/target/test-dir/MiniOzoneClusterImpl-b0268eef-721c-4f7d-a801-8a29ae4b86e9/datanode-0/data/ratis/8ecb2699-326c-49a7-af74-8ea38dcff19f
2019-10-01 23:43:37,024 [pool-589-thread-1] INFO  server.RaftServerConfigKeys (ConfUtils.java:logGet(43)) - raft.server.log.queue.byte-limit = 2147483647 (custom)
2019-10-01 23:43:37,024 [pool-589-thread-1] INFO  server.RaftServerConfigKeys (ConfUtils.java:logGet(43)) - raft.server.log.queue.element-limit = 1024 (custom)
2019-10-01 23:43:37,024 [pool-589-thread-1] INFO  server.RaftServerConfigKeys (ConfUtils.java:logGet(43)) - raft.server.log.segment.size.max = 1048576 (custom)
2019-10-01 23:43:37,024 [pool-589-thread-1] INFO  server.RaftServerConfigKeys (ConfUtils.java:logGet(43)) - raft.server.log.preallocated.size = 16384 (custom)
2019-10-01 23:43:37,025 [pool-589-thread-1] INFO  server.RaftServerConfigKeys (ConfUtils.java:logGet(43)) - raft.server.log.write.buffer.size = 33554432 (custom)
2019-10-01 23:43:37,025 [pool-589-thread-1] INFO  server.RaftServerConfigKeys (ConfUtils.java:logGet(43)) - raft.server.log.force.sync.num = 128 (default)
2019-10-01 23:43:37,025 [pool-589-thread-1] INFO  server.RaftServerConfigKeys (ConfUtils.java:logGet(43)) - raft.server.log.statemachine.data.sync = true (default)
2019-10-01 23:43:37,025 [pool-589-thread-1] INFO  server.RaftServerConfigKeys (ConfUtils.java:logGet(43)) - raft.server.log.statemachine.data.sync.timeout = 10s (default)
2019-10-01 23:43:37,025 [pool-589-thread-1] INFO  server.RaftServerConfigKeys (ConfUtils.java:logGet(43)) - raft.server.log.statemachine.data.sync.timeout.retry = -1 (default)
2019-10-01 23:43:37,026 [pool-589-thread-1] INFO  server.RaftServerConfigKeys (ConfUtils.java:logGet(43)) - raft.server.log.statemachine.data.caching.enabled = true (custom)
2019-10-01 23:43:37,026 [pool-589-thread-1] INFO  segmented.SegmentedRaftLogWorker (SegmentedRaftLogWorker.java:lambda$new$0(132)) - 0598627c-23ca-4ee8-8b68-6a2bbae8a2e6@group-8EA38DCFF19F-SegmentedRaftLogWorker: flushIndex: setUnconditionally 0 -> -1
2019-10-01 23:43:37,027 [pool-589-thread-1] INFO  server.RaftServerConfigKeys (ConfUtils.java:logGet(43)) - raft.server.snapshot.auto.trigger.enabled = true (custom)
2019-10-01 23:43:37,027 [pool-589-thread-1] INFO  server.RaftServerConfigKeys (ConfUtils.java:logGet(43)) - raft.server.snapshot.auto.trigger.threshold = 10000 (custom)
2019-10-01 23:43:37,027 [pool-589-thread-1] INFO  server.RaftServerConfigKeys (ConfUtils.java:logGet(43)) - raft.server.snapshot.retention.num.files = 5 (custom)
2019-10-01 23:43:37,027 [pool-589-thread-1] INFO  server.RaftServerConfigKeys (ConfUtils.java:logGet(43)) - raft.server.retrycache.expirytime = 600000ms (custom)
2019-10-01 23:43:37,029 [pool-589-thread-1] INFO  impl.RaftServerImpl (RaftServerImpl.java:start(185)) - 0598627c-23ca-4ee8-8b68-6a2bbae8a2e6@group-8EA38DCFF19F: start as a follower, conf=-1: [0598627c-23ca-4ee8-8b68-6a2bbae8a2e6:192.168.164.203:45508], old=null
2019-10-01 23:43:37,030 [pool-589-thread-1] INFO  impl.RaftServerImpl (RaftServerImpl.java:setRole(174)) - 0598627c-23ca-4ee8-8b68-6a2bbae8a2e6@group-8EA38DCFF19F: changes role from      null to FOLLOWER at term 0 for startAsFollower
2019-10-01 23:43:37,030 [pool-589-thread-1] INFO  impl.RoleInfo (RoleInfo.java:updateAndGet(143)) - 0598627c-23ca-4ee8-8b68-6a2bbae8a2e6: start FollowerState
2019-10-01 23:43:37,030 [pool-589-thread-1] INFO  util.JmxRegister (JmxRegister.java:tryRegister(44)) - Successfully registered JMX Bean with object name Ratis:service=RaftServer,group=group-8EA38DCFF19F,id=0598627c-23ca-4ee8-8b68-6a2bbae8a2e6
2019-10-01 23:43:37,037 [RatisPipelineUtilsThread] INFO  pipeline.PipelineStateManager (PipelineStateManager.java:addPipeline(56)) - Created pipeline Pipeline[ Id: 8ecb2699-326c-49a7-af74-8ea38dcff19f, Nodes: 0598627c-23ca-4ee8-8b68-6a2bbae8a2e6{ip: 192.168.164.203, host: pr-hdds-2158-lzhrq-821698512, networkLocation: /default-rack, certSerialId: null}, Type:RATIS, Factor:ONE, State:OPEN]
2019-10-01 23:43:37,041 [IPC Server handler 2 on 43645] INFO  net.NetworkTopology (NetworkTopologyImpl.java:add(111)) - Added a new node: /default-rack/90975f2f-9485-48a4-a4f0-d3fba7160047
2019-10-01 23:43:37,041 [IPC Server handler 2 on 43645] INFO  node.SCMNodeManager (SCMNodeManager.java:register(266)) - Registered Data node : 90975f2f-9485-48a4-a4f0-d3fba7160047{ip: 192.168.164.203, host: pr-hdds-2158-lzhrq-821698512, networkLocation: /default-rack, certSerialId: null}
2019-10-01 23:43:37,065 [grpc-default-executor-3] INFO  impl.RaftServerProxy (RaftServerProxy.java:addNew(89)) - 90975f2f-9485-48a4-a4f0-d3fba7160047: addNew group-B8F0CE545345:[90975f2f-9485-48a4-a4f0-d3fba7160047:192.168.164.203:35738] returns group-B8F0CE545345:java.util.concurrent.CompletableFuture@3f324b5d[Not completed]
2019-10-01 23:43:37,066 [pool-599-thread-1] INFO  impl.RaftServerImpl (RaftServerImpl.java:<init>(95)) - 90975f2f-9485-48a4-a4f0-d3fba7160047: new RaftServerImpl for group-B8F0CE545345:[90975f2f-9485-48a4-a4f0-d3fba7160047:192.168.164.203:35738] with ContainerStateMachine:uninitialized
2019-10-01 23:43:37,066 [pool-599-thread-1] INFO  server.RaftServerConfigKeys (ConfUtils.java:logGet(43)) - raft.server.rpc.timeout.min = 5s (custom)
2019-10-01 23:43:37,066 [pool-599-thread-1] INFO  server.RaftServerConfigKeys (ConfUtils.java:logGet(43)) - raft.server.rpc.timeout.max = 5200ms (custom)
2019-10-01 23:43:37,066 [pool-599-thread-1] INFO  server.RaftServerConfigKeys (ConfUtils.java:logGet(43)) - raft.server.rpcslowness.timeout = 120s (custom)
2019-10-01 23:43:37,066 [pool-599-thread-1] INFO  server.RaftServerConfigKeys (ConfUtils.java:logGet(43)) - raft.server.sleep.deviation.threshold = 300 (default)
2019-10-01 23:43:37,066 [pool-599-thread-1] INFO  server.RaftServerConfigKeys (ConfUtils.java:logGet(43)) - raft.server.log.appender.install.snapshot.enabled = false (custom)
2019-10-01 23:43:37,066 [pool-599-thread-1] INFO  impl.RaftServerImpl (ServerState.java:<init>(103)) - 90975f2f-9485-48a4-a4f0-d3fba7160047@group-B8F0CE545345: ConfigurationManager, init=-1: [90975f2f-9485-48a4-a4f0-d3fba7160047:192.168.164.203:35738], old=null, confs=<EMPTY_MAP>
2019-10-01 23:43:37,067 [pool-599-thread-1] INFO  server.RaftServerConfigKeys (ConfUtils.java:logGet(43)) - raft.server.storage.dir = [/workdir/hadoop-ozone/integration-test/target/test-dir/MiniOzoneClusterImpl-b0268eef-721c-4f7d-a801-8a29ae4b86e9/datanode-1/data/ratis] (custom)
2019-10-01 23:43:37,067 [pool-599-thread-1] INFO  storage.RaftStorageDirectory (RaftStorageDirectory.java:analyzeStorage(246)) - The storage directory /workdir/hadoop-ozone/integration-test/target/test-dir/MiniOzoneClusterImpl-b0268eef-721c-4f7d-a801-8a29ae4b86e9/datanode-1/data/ratis/ed392712-13ea-4750-a416-b8f0ce545345 does not exist. Creating ...
2019-10-01 23:43:37,078 [pool-599-thread-1] INFO  storage.RaftStorageDirectory (RaftStorageDirectory.java:tryLock(328)) - Lock on /workdir/hadoop-ozone/integration-test/target/test-dir/MiniOzoneClusterImpl-b0268eef-721c-4f7d-a801-8a29ae4b86e9/datanode-1/data/ratis/ed392712-13ea-4750-a416-b8f0ce545345/in_use.lock acquired by nodename 5991@pr-hdds-2158-lzhrq-821698512
2019-10-01 23:43:37,082 [pool-599-thread-1] INFO  storage.RaftStorage (RaftStorage.java:format(72)) - Storage directory /workdir/hadoop-ozone/integration-test/target/test-dir/MiniOzoneClusterImpl-b0268eef-721c-4f7d-a801-8a29ae4b86e9/datanode-1/data/ratis/ed392712-13ea-4750-a416-b8f0ce545345 has been successfully formatted.
2019-10-01 23:43:37,082 [pool-599-thread-1] INFO  ratis.ContainerStateMachine (ContainerStateMachine.java:loadSnapshot(230)) - group-B8F0CE545345: The snapshot info is null. Setting the last applied indexto:(t:0, i:~)
2019-10-01 23:43:37,082 [pool-599-thread-1] INFO  server.RaftServerConfigKeys (ConfUtils.java:logGet(43)) - raft.server.notification.no-leader.timeout = 120s (custom)
2019-10-01 23:43:37,082 [pool-599-thread-1] INFO  server.RaftServerConfigKeys (ConfUtils.java:logGet(43)) - raft.server.log.use.memory = false (default)
2019-10-01 23:43:37,082 [pool-599-thread-1] INFO  server.RaftServerConfigKeys (ConfUtils.java:logGet(43)) - raft.server.log.purge.gap = 1000000 (custom)
2019-10-01 23:43:37,082 [pool-599-thread-1] INFO  server.RaftServerConfigKeys (ConfUtils.java:logGet(43)) - raft.server.log.appender.buffer.byte-limit = 33554432 (custom)
2019-10-01 23:43:37,082 [pool-599-thread-1] INFO  server.RaftServerConfigKeys (ConfUtils.java:logGet(43)) - raft.server.log.segment.size.max = 1048576 (custom)
2019-10-01 23:43:37,082 [pool-599-thread-1] INFO  server.RaftServerConfigKeys (ConfUtils.java:logGet(43)) - raft.server.log.segment.cache.num.max = 2 (custom)
2019-10-01 23:43:37,082 [pool-599-thread-1] INFO  segmented.SegmentedRaftLogWorker (SegmentedRaftLogWorker.java:<init>(172)) - new 90975f2f-9485-48a4-a4f0-d3fba7160047@group-B8F0CE545345-SegmentedRaftLogWorker for RaftStorage:Storage Directory /workdir/hadoop-ozone/integration-test/target/test-dir/MiniOzoneClusterImpl-b0268eef-721c-4f7d-a801-8a29ae4b86e9/datanode-1/data/ratis/ed392712-13ea-4750-a416-b8f0ce545345
2019-10-01 23:43:37,084 [pool-599-thread-1] INFO  server.RaftServerConfigKeys (ConfUtils.java:logGet(43)) - raft.server.log.queue.byte-limit = 2147483647 (custom)
2019-10-01 23:43:37,084 [pool-599-thread-1] INFO  server.RaftServerConfigKeys (ConfUtils.java:logGet(43)) - raft.server.log.queue.element-limit = 1024 (custom)
2019-10-01 23:43:37,084 [pool-599-thread-1] INFO  server.RaftServerConfigKeys (ConfUtils.java:logGet(43)) - raft.server.log.segment.size.max = 1048576 (custom)
2019-10-01 23:43:37,084 [pool-599-thread-1] INFO  server.RaftServerConfigKeys (ConfUtils.java:logGet(43)) - raft.server.log.preallocated.size = 16384 (custom)
2019-10-01 23:43:37,084 [pool-599-thread-1] INFO  server.RaftServerConfigKeys (ConfUtils.java:logGet(43)) - raft.server.log.write.buffer.size = 33554432 (custom)
2019-10-01 23:43:37,084 [pool-599-thread-1] INFO  server.RaftServerConfigKeys (ConfUtils.java:logGet(43)) - raft.server.log.force.sync.num = 128 (default)
2019-10-01 23:43:37,084 [pool-599-thread-1] INFO  server.RaftServerConfigKeys (ConfUtils.java:logGet(43)) - raft.server.log.statemachine.data.sync = true (default)
2019-10-01 23:43:37,084 [pool-599-thread-1] INFO  server.RaftServerConfigKeys (ConfUtils.java:logGet(43)) - raft.server.log.statemachine.data.sync.timeout = 10s (default)
2019-10-01 23:43:37,084 [pool-599-thread-1] INFO  server.RaftServerConfigKeys (ConfUtils.java:logGet(43)) - raft.server.log.statemachine.data.sync.timeout.retry = -1 (default)
2019-10-01 23:43:37,084 [pool-599-thread-1] INFO  server.RaftServerConfigKeys (ConfUtils.java:logGet(43)) - raft.server.log.statemachine.data.caching.enabled = true (custom)
2019-10-01 23:43:37,085 [pool-599-thread-1] INFO  segmented.SegmentedRaftLogWorker (SegmentedRaftLogWorker.java:lambda$new$0(132)) - 90975f2f-9485-48a4-a4f0-d3fba7160047@group-B8F0CE545345-SegmentedRaftLogWorker: flushIndex: setUnconditionally 0 -> -1
2019-10-01 23:43:37,085 [pool-599-thread-1] INFO  server.RaftServerConfigKeys (ConfUtils.java:logGet(43)) - raft.server.snapshot.auto.trigger.enabled = true (custom)
2019-10-01 23:43:37,085 [pool-599-thread-1] INFO  server.RaftServerConfigKeys (ConfUtils.java:logGet(43)) - raft.server.snapshot.auto.trigger.threshold = 10000 (custom)
2019-10-01 23:43:37,085 [pool-599-thread-1] INFO  server.RaftServerConfigKeys (ConfUtils.java:logGet(43)) - raft.server.snapshot.retention.num.files = 5 (custom)
2019-10-01 23:43:37,085 [pool-599-thread-1] INFO  server.RaftServerConfigKeys (ConfUtils.java:logGet(43)) - raft.server.retrycache.expirytime = 600000ms (custom)
2019-10-01 23:43:37,086 [pool-599-thread-1] INFO  impl.RaftServerImpl (RaftServerImpl.java:start(185)) - 90975f2f-9485-48a4-a4f0-d3fba7160047@group-B8F0CE545345: start as a follower, conf=-1: [90975f2f-9485-48a4-a4f0-d3fba7160047:192.168.164.203:35738], old=null
2019-10-01 23:43:37,086 [pool-599-thread-1] INFO  impl.RaftServerImpl (RaftServerImpl.java:setRole(174)) - 90975f2f-9485-48a4-a4f0-d3fba7160047@group-B8F0CE545345: changes role from      null to FOLLOWER at term 0 for startAsFollower
2019-10-01 23:43:37,086 [pool-599-thread-1] INFO  impl.RoleInfo (RoleInfo.java:updateAndGet(143)) - 90975f2f-9485-48a4-a4f0-d3fba7160047: start FollowerState
2019-10-01 23:43:37,087 [pool-599-thread-1] INFO  util.JmxRegister (JmxRegister.java:tryRegister(44)) - Successfully registered JMX Bean with object name Ratis:service=RaftServer,group=group-B8F0CE545345,id=90975f2f-9485-48a4-a4f0-d3fba7160047
2019-10-01 23:43:37,092 [RatisPipelineUtilsThread] INFO  pipeline.PipelineStateManager (PipelineStateManager.java:addPipeline(56)) - Created pipeline Pipeline[ Id: ed392712-13ea-4750-a416-b8f0ce545345, Nodes: 90975f2f-9485-48a4-a4f0-d3fba7160047{ip: 192.168.164.203, host: pr-hdds-2158-lzhrq-821698512, networkLocation: /default-rack, certSerialId: null}, Type:RATIS, Factor:ONE, State:OPEN]
2019-10-01 23:43:37,103 [IPC Server handler 3 on 43645] INFO  net.NetworkTopology (NetworkTopologyImpl.java:add(111)) - Added a new node: /default-rack/f1155e5b-ece4-4487-83cd-8dea0b525c9a
2019-10-01 23:43:37,103 [IPC Server handler 3 on 43645] INFO  node.SCMNodeManager (SCMNodeManager.java:register(266)) - Registered Data node : f1155e5b-ece4-4487-83cd-8dea0b525c9a{ip: 192.168.164.203, host: pr-hdds-2158-lzhrq-821698512, networkLocation: /default-rack, certSerialId: null}
2019-10-01 23:43:37,110 [grpc-default-executor-3] INFO  impl.RaftServerProxy (RaftServerProxy.java:addNew(89)) - f1155e5b-ece4-4487-83cd-8dea0b525c9a: addNew group-772E0D47C60A:[f1155e5b-ece4-4487-83cd-8dea0b525c9a:192.168.164.203:44400] returns group-772E0D47C60A:java.util.concurrent.CompletableFuture@4440e6e1[Not completed]
2019-10-01 23:43:37,111 [pool-609-thread-1] INFO  impl.RaftServerImpl (RaftServerImpl.java:<init>(95)) - f1155e5b-ece4-4487-83cd-8dea0b525c9a: new RaftServerImpl for group-772E0D47C60A:[f1155e5b-ece4-4487-83cd-8dea0b525c9a:192.168.164.203:44400] with ContainerStateMachine:uninitialized
2019-10-01 23:43:37,111 [pool-609-thread-1] INFO  server.RaftServerConfigKeys (ConfUtils.java:logGet(43)) - raft.server.rpc.timeout.min = 5s (custom)
2019-10-01 23:43:37,111 [pool-609-thread-1] INFO  server.RaftServerConfigKeys (ConfUtils.java:logGet(43)) - raft.server.rpc.timeout.max = 5200ms (custom)
2019-10-01 23:43:37,111 [pool-609-thread-1] INFO  server.RaftServerConfigKeys (ConfUtils.java:logGet(43)) - raft.server.rpcslowness.timeout = 120s (custom)
2019-10-01 23:43:37,111 [pool-609-thread-1] INFO  server.RaftServerConfigKeys (ConfUtils.java:logGet(43)) - raft.server.sleep.deviation.threshold = 300 (default)
2019-10-01 23:43:37,111 [pool-609-thread-1] INFO  server.RaftServerConfigKeys (ConfUtils.java:logGet(43)) - raft.server.log.appender.install.snapshot.enabled = false (custom)
2019-10-01 23:43:37,111 [pool-609-thread-1] INFO  impl.RaftServerImpl (ServerState.java:<init>(103)) - f1155e5b-ece4-4487-83cd-8dea0b525c9a@group-772E0D47C60A: ConfigurationManager, init=-1: [f1155e5b-ece4-4487-83cd-8dea0b525c9a:192.168.164.203:44400], old=null, confs=<EMPTY_MAP>
2019-10-01 23:43:37,112 [pool-609-thread-1] INFO  server.RaftServerConfigKeys (ConfUtils.java:logGet(43)) - raft.server.storage.dir = [/workdir/hadoop-ozone/integration-test/target/test-dir/MiniOzoneClusterImpl-b0268eef-721c-4f7d-a801-8a29ae4b86e9/datanode-2/data/ratis] (custom)
2019-10-01 23:43:37,112 [pool-609-thread-1] INFO  storage.RaftStorageDirectory (RaftStorageDirectory.java:analyzeStorage(246)) - The storage directory /workdir/hadoop-ozone/integration-test/target/test-dir/MiniOzoneClusterImpl-b0268eef-721c-4f7d-a801-8a29ae4b86e9/datanode-2/data/ratis/26fd2361-d266-4740-b8da-772e0d47c60a does not exist. Creating ...
2019-10-01 23:43:37,116 [pool-609-thread-1] INFO  storage.RaftStorageDirectory (RaftStorageDirectory.java:tryLock(328)) - Lock on /workdir/hadoop-ozone/integration-test/target/test-dir/MiniOzoneClusterImpl-b0268eef-721c-4f7d-a801-8a29ae4b86e9/datanode-2/data/ratis/26fd2361-d266-4740-b8da-772e0d47c60a/in_use.lock acquired by nodename 5991@pr-hdds-2158-lzhrq-821698512
2019-10-01 23:43:37,121 [pool-609-thread-1] INFO  storage.RaftStorage (RaftStorage.java:format(72)) - Storage directory /workdir/hadoop-ozone/integration-test/target/test-dir/MiniOzoneClusterImpl-b0268eef-721c-4f7d-a801-8a29ae4b86e9/datanode-2/data/ratis/26fd2361-d266-4740-b8da-772e0d47c60a has been successfully formatted.
2019-10-01 23:43:37,121 [pool-609-thread-1] INFO  ratis.ContainerStateMachine (ContainerStateMachine.java:loadSnapshot(230)) - group-772E0D47C60A: The snapshot info is null. Setting the last applied indexto:(t:0, i:~)
2019-10-01 23:43:37,121 [pool-609-thread-1] INFO  server.RaftServerConfigKeys (ConfUtils.java:logGet(43)) - raft.server.notification.no-leader.timeout = 120s (custom)
2019-10-01 23:43:37,121 [pool-609-thread-1] INFO  server.RaftServerConfigKeys (ConfUtils.java:logGet(43)) - raft.server.log.use.memory = false (default)
2019-10-01 23:43:37,121 [pool-609-thread-1] INFO  server.RaftServerConfigKeys (ConfUtils.java:logGet(43)) - raft.server.log.purge.gap = 1000000 (custom)
2019-10-01 23:43:37,121 [pool-609-thread-1] INFO  server.RaftServerConfigKeys (ConfUtils.java:logGet(43)) - raft.server.log.appender.buffer.byte-limit = 33554432 (custom)
2019-10-01 23:43:37,121 [pool-609-thread-1] INFO  server.RaftServerConfigKeys (ConfUtils.java:logGet(43)) - raft.server.log.segment.size.max = 1048576 (custom)
2019-10-01 23:43:37,121 [pool-609-thread-1] INFO  server.RaftServerConfigKeys (ConfUtils.java:logGet(43)) - raft.server.log.segment.cache.num.max = 2 (custom)
2019-10-01 23:43:37,121 [pool-609-thread-1] INFO  segmented.SegmentedRaftLogWorker (SegmentedRaftLogWorker.java:<init>(172)) - new f1155e5b-ece4-4487-83cd-8dea0b525c9a@group-772E0D47C60A-SegmentedRaftLogWorker for RaftStorage:Storage Directory /workdir/hadoop-ozone/integration-test/target/test-dir/MiniOzoneClusterImpl-b0268eef-721c-4f7d-a801-8a29ae4b86e9/datanode-2/data/ratis/26fd2361-d266-4740-b8da-772e0d47c60a
2019-10-01 23:43:37,123 [pool-609-thread-1] INFO  server.RaftServerConfigKeys (ConfUtils.java:logGet(43)) - raft.server.log.queue.byte-limit = 2147483647 (custom)
2019-10-01 23:43:37,123 [pool-609-thread-1] INFO  server.RaftServerConfigKeys (ConfUtils.java:logGet(43)) - raft.server.log.queue.element-limit = 1024 (custom)
2019-10-01 23:43:37,123 [pool-609-thread-1] INFO  server.RaftServerConfigKeys (ConfUtils.java:logGet(43)) - raft.server.log.segment.size.max = 1048576 (custom)
2019-10-01 23:43:37,123 [pool-609-thread-1] INFO  server.RaftServerConfigKeys (ConfUtils.java:logGet(43)) - raft.server.log.preallocated.size = 16384 (custom)
2019-10-01 23:43:37,123 [pool-609-thread-1] INFO  server.RaftServerConfigKeys (ConfUtils.java:logGet(43)) - raft.server.log.write.buffer.size = 33554432 (custom)
2019-10-01 23:43:37,123 [pool-609-thread-1] INFO  server.RaftServerConfigKeys (ConfUtils.java:logGet(43)) - raft.server.log.force.sync.num = 128 (default)
2019-10-01 23:43:37,123 [pool-609-thread-1] INFO  server.RaftServerConfigKeys (ConfUtils.java:logGet(43)) - raft.server.log.statemachine.data.sync = true (default)
2019-10-01 23:43:37,123 [pool-609-thread-1] INFO  server.RaftServerConfigKeys (ConfUtils.java:logGet(43)) - raft.server.log.statemachine.data.sync.timeout = 10s (default)
2019-10-01 23:43:37,123 [pool-609-thread-1] INFO  server.RaftServerConfigKeys (ConfUtils.java:logGet(43)) - raft.server.log.statemachine.data.sync.timeout.retry = -1 (default)
2019-10-01 23:43:37,123 [pool-609-thread-1] INFO  server.RaftServerConfigKeys (ConfUtils.java:logGet(43)) - raft.server.log.statemachine.data.caching.enabled = true (custom)
2019-10-01 23:43:37,124 [pool-609-thread-1] INFO  segmented.SegmentedRaftLogWorker (SegmentedRaftLogWorker.java:lambda$new$0(132)) - f1155e5b-ece4-4487-83cd-8dea0b525c9a@group-772E0D47C60A-SegmentedRaftLogWorker: flushIndex: setUnconditionally 0 -> -1
2019-10-01 23:43:37,124 [pool-609-thread-1] INFO  server.RaftServerConfigKeys (ConfUtils.java:logGet(43)) - raft.server.snapshot.auto.trigger.enabled = true (custom)
2019-10-01 23:43:37,124 [pool-609-thread-1] INFO  server.RaftServerConfigKeys (ConfUtils.java:logGet(43)) - raft.server.snapshot.auto.trigger.threshold = 10000 (custom)
2019-10-01 23:43:37,124 [pool-609-thread-1] INFO  server.RaftServerConfigKeys (ConfUtils.java:logGet(43)) - raft.server.snapshot.retention.num.files = 5 (custom)
2019-10-01 23:43:37,124 [pool-609-thread-1] INFO  server.RaftServerConfigKeys (ConfUtils.java:logGet(43)) - raft.server.retrycache.expirytime = 600000ms (custom)
2019-10-01 23:43:37,125 [pool-609-thread-1] INFO  impl.RaftServerImpl (RaftServerImpl.java:start(185)) - f1155e5b-ece4-4487-83cd-8dea0b525c9a@group-772E0D47C60A: start as a follower, conf=-1: [f1155e5b-ece4-4487-83cd-8dea0b525c9a:192.168.164.203:44400], old=null
2019-10-01 23:43:37,125 [pool-609-thread-1] INFO  impl.RaftServerImpl (RaftServerImpl.java:setRole(174)) - f1155e5b-ece4-4487-83cd-8dea0b525c9a@group-772E0D47C60A: changes role from      null to FOLLOWER at term 0 for startAsFollower
2019-10-01 23:43:37,125 [pool-609-thread-1] INFO  impl.RoleInfo (RoleInfo.java:updateAndGet(143)) - f1155e5b-ece4-4487-83cd-8dea0b525c9a: start FollowerState
2019-10-01 23:43:37,126 [pool-609-thread-1] INFO  util.JmxRegister (JmxRegister.java:tryRegister(44)) - Successfully registered JMX Bean with object name Ratis:service=RaftServer,group=group-772E0D47C60A,id=f1155e5b-ece4-4487-83cd-8dea0b525c9a
2019-10-01 23:43:37,130 [RatisPipelineUtilsThread] INFO  pipeline.PipelineStateManager (PipelineStateManager.java:addPipeline(56)) - Created pipeline Pipeline[ Id: 26fd2361-d266-4740-b8da-772e0d47c60a, Nodes: f1155e5b-ece4-4487-83cd-8dea0b525c9a{ip: 192.168.164.203, host: pr-hdds-2158-lzhrq-821698512, networkLocation: /default-rack, certSerialId: null}, Type:RATIS, Factor:ONE, State:OPEN]
2019-10-01 23:43:37,142 [grpc-default-executor-3] INFO  impl.RaftServerProxy (RaftServerProxy.java:addNew(89)) - 90975f2f-9485-48a4-a4f0-d3fba7160047: addNew group-EE38EADD79F8:[90975f2f-9485-48a4-a4f0-d3fba7160047:192.168.164.203:35738, 0598627c-23ca-4ee8-8b68-6a2bbae8a2e6:192.168.164.203:45508, f1155e5b-ece4-4487-83cd-8dea0b525c9a:192.168.164.203:44400] returns group-EE38EADD79F8:java.util.concurrent.CompletableFuture@5ceaee0e[Not completed]
2019-10-01 23:43:37,142 [grpc-default-executor-0] INFO  impl.RaftServerProxy (RaftServerProxy.java:addNew(89)) - f1155e5b-ece4-4487-83cd-8dea0b525c9a: addNew group-EE38EADD79F8:[90975f2f-9485-48a4-a4f0-d3fba7160047:192.168.164.203:35738, 0598627c-23ca-4ee8-8b68-6a2bbae8a2e6:192.168.164.203:45508, f1155e5b-ece4-4487-83cd-8dea0b525c9a:192.168.164.203:44400] returns group-EE38EADD79F8:java.util.concurrent.CompletableFuture@64ae1cad[Not completed]
2019-10-01 23:43:37,142 [grpc-default-executor-2] INFO  impl.RaftServerProxy (RaftServerProxy.java:addNew(89)) - 0598627c-23ca-4ee8-8b68-6a2bbae8a2e6: addNew group-EE38EADD79F8:[90975f2f-9485-48a4-a4f0-d3fba7160047:192.168.164.203:35738, 0598627c-23ca-4ee8-8b68-6a2bbae8a2e6:192.168.164.203:45508, f1155e5b-ece4-4487-83cd-8dea0b525c9a:192.168.164.203:44400] returns group-EE38EADD79F8:java.util.concurrent.CompletableFuture@563334e3[Not completed]
2019-10-01 23:43:37,143 [pool-609-thread-1] INFO  impl.RaftServerImpl (RaftServerImpl.java:<init>(95)) - f1155e5b-ece4-4487-83cd-8dea0b525c9a: new RaftServerImpl for group-EE38EADD79F8:[90975f2f-9485-48a4-a4f0-d3fba7160047:192.168.164.203:35738, 0598627c-23ca-4ee8-8b68-6a2bbae8a2e6:192.168.164.203:45508, f1155e5b-ece4-4487-83cd-8dea0b525c9a:192.168.164.203:44400] with ContainerStateMachine:uninitialized
2019-10-01 23:43:37,143 [pool-609-thread-1] INFO  server.RaftServerConfigKeys (ConfUtils.java:logGet(43)) - raft.server.rpc.timeout.min = 5s (custom)
2019-10-01 23:43:37,144 [pool-609-thread-1] INFO  server.RaftServerConfigKeys (ConfUtils.java:logGet(43)) - raft.server.rpc.timeout.max = 5200ms (custom)
2019-10-01 23:43:37,144 [pool-609-thread-1] INFO  server.RaftServerConfigKeys (ConfUtils.java:logGet(43)) - raft.server.rpcslowness.timeout = 120s (custom)
2019-10-01 23:43:37,144 [pool-609-thread-1] INFO  server.RaftServerConfigKeys (ConfUtils.java:logGet(43)) - raft.server.sleep.deviation.threshold = 300 (default)
2019-10-01 23:43:37,144 [pool-609-thread-1] INFO  server.RaftServerConfigKeys (ConfUtils.java:logGet(43)) - raft.server.log.appender.install.snapshot.enabled = false (custom)
2019-10-01 23:43:37,144 [pool-589-thread-1] INFO  impl.RaftServerImpl (RaftServerImpl.java:<init>(95)) - 0598627c-23ca-4ee8-8b68-6a2bbae8a2e6: new RaftServerImpl for group-EE38EADD79F8:[90975f2f-9485-48a4-a4f0-d3fba7160047:192.168.164.203:35738, 0598627c-23ca-4ee8-8b68-6a2bbae8a2e6:192.168.164.203:45508, f1155e5b-ece4-4487-83cd-8dea0b525c9a:192.168.164.203:44400] with ContainerStateMachine:uninitialized
2019-10-01 23:43:37,144 [pool-609-thread-1] INFO  impl.RaftServerImpl (ServerState.java:<init>(103)) - f1155e5b-ece4-4487-83cd-8dea0b525c9a@group-EE38EADD79F8: ConfigurationManager, init=-1: [90975f2f-9485-48a4-a4f0-d3fba7160047:192.168.164.203:35738, 0598627c-23ca-4ee8-8b68-6a2bbae8a2e6:192.168.164.203:45508, f1155e5b-ece4-4487-83cd-8dea0b525c9a:192.168.164.203:44400], old=null, confs=<EMPTY_MAP>
2019-10-01 23:43:37,144 [pool-589-thread-1] INFO  server.RaftServerConfigKeys (ConfUtils.java:logGet(43)) - raft.server.rpc.timeout.min = 5s (custom)
2019-10-01 23:43:37,144 [pool-609-thread-1] INFO  server.RaftServerConfigKeys (ConfUtils.java:logGet(43)) - raft.server.storage.dir = [/workdir/hadoop-ozone/integration-test/target/test-dir/MiniOzoneClusterImpl-b0268eef-721c-4f7d-a801-8a29ae4b86e9/datanode-2/data/ratis] (custom)
2019-10-01 23:43:37,144 [pool-589-thread-1] INFO  server.RaftServerConfigKeys (ConfUtils.java:logGet(43)) - raft.server.rpc.timeout.max = 5200ms (custom)
2019-10-01 23:43:37,144 [pool-599-thread-1] INFO  impl.RaftServerImpl (RaftServerImpl.java:<init>(95)) - 90975f2f-9485-48a4-a4f0-d3fba7160047: new RaftServerImpl for group-EE38EADD79F8:[90975f2f-9485-48a4-a4f0-d3fba7160047:192.168.164.203:35738, 0598627c-23ca-4ee8-8b68-6a2bbae8a2e6:192.168.164.203:45508, f1155e5b-ece4-4487-83cd-8dea0b525c9a:192.168.164.203:44400] with ContainerStateMachine:uninitialized
2019-10-01 23:43:37,144 [pool-609-thread-1] INFO  storage.RaftStorageDirectory (RaftStorageDirectory.java:analyzeStorage(246)) - The storage directory /workdir/hadoop-ozone/integration-test/target/test-dir/MiniOzoneClusterImpl-b0268eef-721c-4f7d-a801-8a29ae4b86e9/datanode-2/data/ratis/cad6c25d-20b1-4188-a2c0-ee38eadd79f8 does not exist. Creating ...
2019-10-01 23:43:37,144 [pool-589-thread-1] INFO  server.RaftServerConfigKeys (ConfUtils.java:logGet(43)) - raft.server.rpcslowness.timeout = 120s (custom)
2019-10-01 23:43:37,144 [pool-599-thread-1] INFO  server.RaftServerConfigKeys (ConfUtils.java:logGet(43)) - raft.server.rpc.timeout.min = 5s (custom)
2019-10-01 23:43:37,145 [pool-589-thread-1] INFO  server.RaftServerConfigKeys (ConfUtils.java:logGet(43)) - raft.server.sleep.deviation.threshold = 300 (default)
2019-10-01 23:43:37,145 [pool-599-thread-1] INFO  server.RaftServerConfigKeys (ConfUtils.java:logGet(43)) - raft.server.rpc.timeout.max = 5200ms (custom)
2019-10-01 23:43:37,145 [pool-589-thread-1] INFO  server.RaftServerConfigKeys (ConfUtils.java:logGet(43)) - raft.server.log.appender.install.snapshot.enabled = false (custom)
2019-10-01 23:43:37,145 [pool-599-thread-1] INFO  server.RaftServerConfigKeys (ConfUtils.java:logGet(43)) - raft.server.rpcslowness.timeout = 120s (custom)
2019-10-01 23:43:37,145 [pool-589-thread-1] INFO  impl.RaftServerImpl (ServerState.java:<init>(103)) - 0598627c-23ca-4ee8-8b68-6a2bbae8a2e6@group-EE38EADD79F8: ConfigurationManager, init=-1: [90975f2f-9485-48a4-a4f0-d3fba7160047:192.168.164.203:35738, 0598627c-23ca-4ee8-8b68-6a2bbae8a2e6:192.168.164.203:45508, f1155e5b-ece4-4487-83cd-8dea0b525c9a:192.168.164.203:44400], old=null, confs=<EMPTY_MAP>
2019-10-01 23:43:37,145 [pool-599-thread-1] INFO  server.RaftServerConfigKeys (ConfUtils.java:logGet(43)) - raft.server.sleep.deviation.threshold = 300 (default)
2019-10-01 23:43:37,145 [pool-589-thread-1] INFO  server.RaftServerConfigKeys (ConfUtils.java:logGet(43)) - raft.server.storage.dir = [/workdir/hadoop-ozone/integration-test/target/test-dir/MiniOzoneClusterImpl-b0268eef-721c-4f7d-a801-8a29ae4b86e9/datanode-0/data/ratis] (custom)
2019-10-01 23:43:37,145 [pool-599-thread-1] INFO  server.RaftServerConfigKeys (ConfUtils.java:logGet(43)) - raft.server.log.appender.install.snapshot.enabled = false (custom)
2019-10-01 23:43:37,145 [pool-599-thread-1] INFO  impl.RaftServerImpl (ServerState.java:<init>(103)) - 90975f2f-9485-48a4-a4f0-d3fba7160047@group-EE38EADD79F8: ConfigurationManager, init=-1: [90975f2f-9485-48a4-a4f0-d3fba7160047:192.168.164.203:35738, 0598627c-23ca-4ee8-8b68-6a2bbae8a2e6:192.168.164.203:45508, f1155e5b-ece4-4487-83cd-8dea0b525c9a:192.168.164.203:44400], old=null, confs=<EMPTY_MAP>
2019-10-01 23:43:37,145 [pool-589-thread-1] INFO  storage.RaftStorageDirectory (RaftStorageDirectory.java:analyzeStorage(246)) - The storage directory /workdir/hadoop-ozone/integration-test/target/test-dir/MiniOzoneClusterImpl-b0268eef-721c-4f7d-a801-8a29ae4b86e9/datanode-0/data/ratis/cad6c25d-20b1-4188-a2c0-ee38eadd79f8 does not exist. Creating ...
2019-10-01 23:43:37,145 [pool-599-thread-1] INFO  server.RaftServerConfigKeys (ConfUtils.java:logGet(43)) - raft.server.storage.dir = [/workdir/hadoop-ozone/integration-test/target/test-dir/MiniOzoneClusterImpl-b0268eef-721c-4f7d-a801-8a29ae4b86e9/datanode-1/data/ratis] (custom)
2019-10-01 23:43:37,146 [pool-599-thread-1] INFO  storage.RaftStorageDirectory (RaftStorageDirectory.java:analyzeStorage(246)) - The storage directory /workdir/hadoop-ozone/integration-test/target/test-dir/MiniOzoneClusterImpl-b0268eef-721c-4f7d-a801-8a29ae4b86e9/datanode-1/data/ratis/cad6c25d-20b1-4188-a2c0-ee38eadd79f8 does not exist. Creating ...
2019-10-01 23:43:37,148 [pool-589-thread-1] INFO  storage.RaftStorageDirectory (RaftStorageDirectory.java:tryLock(328)) - Lock on /workdir/hadoop-ozone/integration-test/target/test-dir/MiniOzoneClusterImpl-b0268eef-721c-4f7d-a801-8a29ae4b86e9/datanode-0/data/ratis/cad6c25d-20b1-4188-a2c0-ee38eadd79f8/in_use.lock acquired by nodename 5991@pr-hdds-2158-lzhrq-821698512
2019-10-01 23:43:37,148 [pool-609-thread-1] INFO  storage.RaftStorageDirectory (RaftStorageDirectory.java:tryLock(328)) - Lock on /workdir/hadoop-ozone/integration-test/target/test-dir/MiniOzoneClusterImpl-b0268eef-721c-4f7d-a801-8a29ae4b86e9/datanode-2/data/ratis/cad6c25d-20b1-4188-a2c0-ee38eadd79f8/in_use.lock acquired by nodename 5991@pr-hdds-2158-lzhrq-821698512
2019-10-01 23:43:37,150 [pool-599-thread-1] INFO  storage.RaftStorageDirectory (RaftStorageDirectory.java:tryLock(328)) - Lock on /workdir/hadoop-ozone/integration-test/target/test-dir/MiniOzoneClusterImpl-b0268eef-721c-4f7d-a801-8a29ae4b86e9/datanode-1/data/ratis/cad6c25d-20b1-4188-a2c0-ee38eadd79f8/in_use.lock acquired by nodename 5991@pr-hdds-2158-lzhrq-821698512
2019-10-01 23:43:37,151 [pool-589-thread-1] INFO  storage.RaftStorage (RaftStorage.java:format(72)) - Storage directory /workdir/hadoop-ozone/integration-test/target/test-dir/MiniOzoneClusterImpl-b0268eef-721c-4f7d-a801-8a29ae4b86e9/datanode-0/data/ratis/cad6c25d-20b1-4188-a2c0-ee38eadd79f8 has been successfully formatted.
2019-10-01 23:43:37,151 [pool-589-thread-1] INFO  ratis.ContainerStateMachine (ContainerStateMachine.java:loadSnapshot(230)) - group-EE38EADD79F8: The snapshot info is null. Setting the last applied indexto:(t:0, i:~)
2019-10-01 23:43:37,151 [pool-589-thread-1] INFO  server.RaftServerConfigKeys (ConfUtils.java:logGet(43)) - raft.server.notification.no-leader.timeout = 120s (custom)
2019-10-01 23:43:37,151 [pool-589-thread-1] INFO  server.RaftServerConfigKeys (ConfUtils.java:logGet(43)) - raft.server.log.use.memory = false (default)
2019-10-01 23:43:37,151 [pool-589-thread-1] INFO  server.RaftServerConfigKeys (ConfUtils.java:logGet(43)) - raft.server.log.purge.gap = 1000000 (custom)
2019-10-01 23:43:37,151 [pool-589-thread-1] INFO  server.RaftServerConfigKeys (ConfUtils.java:logGet(43)) - raft.server.log.appender.buffer.byte-limit = 33554432 (custom)
2019-10-01 23:43:37,151 [pool-609-thread-1] INFO  storage.RaftStorage (RaftStorage.java:format(72)) - Storage directory /workdir/hadoop-ozone/integration-test/target/test-dir/MiniOzoneClusterImpl-b0268eef-721c-4f7d-a801-8a29ae4b86e9/datanode-2/data/ratis/cad6c25d-20b1-4188-a2c0-ee38eadd79f8 has been successfully formatted.
2019-10-01 23:43:37,151 [pool-589-thread-1] INFO  server.RaftServerConfigKeys (ConfUtils.java:logGet(43)) - raft.server.log.segment.size.max = 1048576 (custom)
2019-10-01 23:43:37,152 [pool-609-thread-1] INFO  ratis.ContainerStateMachine (ContainerStateMachine.java:loadSnapshot(230)) - group-EE38EADD79F8: The snapshot info is null. Setting the last applied indexto:(t:0, i:~)
2019-10-01 23:43:37,152 [pool-589-thread-1] INFO  server.RaftServerConfigKeys (ConfUtils.java:logGet(43)) - raft.server.log.segment.cache.num.max = 2 (custom)
2019-10-01 23:43:37,152 [pool-609-thread-1] INFO  server.RaftServerConfigKeys (ConfUtils.java:logGet(43)) - raft.server.notification.no-leader.timeout = 120s (custom)
2019-10-01 23:43:37,152 [pool-589-thread-1] INFO  segmented.SegmentedRaftLogWorker (SegmentedRaftLogWorker.java:<init>(172)) - new 0598627c-23ca-4ee8-8b68-6a2bbae8a2e6@group-EE38EADD79F8-SegmentedRaftLogWorker for RaftStorage:Storage Directory /workdir/hadoop-ozone/integration-test/target/test-dir/MiniOzoneClusterImpl-b0268eef-721c-4f7d-a801-8a29ae4b86e9/datanode-0/data/ratis/cad6c25d-20b1-4188-a2c0-ee38eadd79f8
2019-10-01 23:43:37,152 [pool-609-thread-1] INFO  server.RaftServerConfigKeys (ConfUtils.java:logGet(43)) - raft.server.log.use.memory = false (default)
2019-10-01 23:43:37,152 [pool-589-thread-1] INFO  server.RaftServerConfigKeys (ConfUtils.java:logGet(43)) - raft.server.log.queue.byte-limit = 2147483647 (custom)
2019-10-01 23:43:37,152 [pool-609-thread-1] INFO  server.RaftServerConfigKeys (ConfUtils.java:logGet(43)) - raft.server.log.purge.gap = 1000000 (custom)
2019-10-01 23:43:37,152 [pool-589-thread-1] INFO  server.RaftServerConfigKeys (ConfUtils.java:logGet(43)) - raft.server.log.queue.element-limit = 1024 (custom)
2019-10-01 23:43:37,152 [pool-609-thread-1] INFO  server.RaftServerConfigKeys (ConfUtils.java:logGet(43)) - raft.server.log.appender.buffer.byte-limit = 33554432 (custom)
2019-10-01 23:43:37,152 [pool-589-thread-1] INFO  server.RaftServerConfigKeys (ConfUtils.java:logGet(43)) - raft.server.log.segment.size.max = 1048576 (custom)
2019-10-01 23:43:37,152 [pool-609-thread-1] INFO  server.RaftServerConfigKeys (ConfUtils.java:logGet(43)) - raft.server.log.segment.size.max = 1048576 (custom)
2019-10-01 23:43:37,152 [pool-589-thread-1] INFO  server.RaftServerConfigKeys (ConfUtils.java:logGet(43)) - raft.server.log.preallocated.size = 16384 (custom)
2019-10-01 23:43:37,153 [pool-609-thread-1] INFO  server.RaftServerConfigKeys (ConfUtils.java:logGet(43)) - raft.server.log.segment.cache.num.max = 2 (custom)
2019-10-01 23:43:37,153 [pool-589-thread-1] INFO  server.RaftServerConfigKeys (ConfUtils.java:logGet(43)) - raft.server.log.write.buffer.size = 33554432 (custom)
2019-10-01 23:43:37,153 [pool-609-thread-1] INFO  segmented.SegmentedRaftLogWorker (SegmentedRaftLogWorker.java:<init>(172)) - new f1155e5b-ece4-4487-83cd-8dea0b525c9a@group-EE38EADD79F8-SegmentedRaftLogWorker for RaftStorage:Storage Directory /workdir/hadoop-ozone/integration-test/target/test-dir/MiniOzoneClusterImpl-b0268eef-721c-4f7d-a801-8a29ae4b86e9/datanode-2/data/ratis/cad6c25d-20b1-4188-a2c0-ee38eadd79f8
2019-10-01 23:43:37,153 [pool-589-thread-1] INFO  server.RaftServerConfigKeys (ConfUtils.java:logGet(43)) - raft.server.log.force.sync.num = 128 (default)
2019-10-01 23:43:37,153 [pool-609-thread-1] INFO  server.RaftServerConfigKeys (ConfUtils.java:logGet(43)) - raft.server.log.queue.byte-limit = 2147483647 (custom)
2019-10-01 23:43:37,153 [pool-589-thread-1] INFO  server.RaftServerConfigKeys (ConfUtils.java:logGet(43)) - raft.server.log.statemachine.data.sync = true (default)
2019-10-01 23:43:37,153 [pool-609-thread-1] INFO  server.RaftServerConfigKeys (ConfUtils.java:logGet(43)) - raft.server.log.queue.element-limit = 1024 (custom)
2019-10-01 23:43:37,153 [pool-589-thread-1] INFO  server.RaftServerConfigKeys (ConfUtils.java:logGet(43)) - raft.server.log.statemachine.data.sync.timeout = 10s (default)
2019-10-01 23:43:37,153 [pool-609-thread-1] INFO  server.RaftServerConfigKeys (ConfUtils.java:logGet(43)) - raft.server.log.segment.size.max = 1048576 (custom)
2019-10-01 23:43:37,153 [pool-589-thread-1] INFO  server.RaftServerConfigKeys (ConfUtils.java:logGet(43)) - raft.server.log.statemachine.data.sync.timeout.retry = -1 (default)
2019-10-01 23:43:37,153 [pool-609-thread-1] INFO  server.RaftServerConfigKeys (ConfUtils.java:logGet(43)) - raft.server.log.preallocated.size = 16384 (custom)
2019-10-01 23:43:37,154 [pool-589-thread-1] INFO  server.RaftServerConfigKeys (ConfUtils.java:logGet(43)) - raft.server.log.statemachine.data.caching.enabled = true (custom)
2019-10-01 23:43:37,154 [pool-609-thread-1] INFO  server.RaftServerConfigKeys (ConfUtils.java:logGet(43)) - raft.server.log.write.buffer.size = 33554432 (custom)
2019-10-01 23:43:37,154 [pool-609-thread-1] INFO  server.RaftServerConfigKeys (ConfUtils.java:logGet(43)) - raft.server.log.force.sync.num = 128 (default)
2019-10-01 23:43:37,154 [pool-589-thread-1] INFO  segmented.SegmentedRaftLogWorker (SegmentedRaftLogWorker.java:lambda$new$0(132)) - 0598627c-23ca-4ee8-8b68-6a2bbae8a2e6@group-EE38EADD79F8-SegmentedRaftLogWorker: flushIndex: setUnconditionally 0 -> -1
2019-10-01 23:43:37,154 [pool-609-thread-1] INFO  server.RaftServerConfigKeys (ConfUtils.java:logGet(43)) - raft.server.log.statemachine.data.sync = true (default)
2019-10-01 23:43:37,154 [pool-609-thread-1] INFO  server.RaftServerConfigKeys (ConfUtils.java:logGet(43)) - raft.server.log.statemachine.data.sync.timeout = 10s (default)
2019-10-01 23:43:37,154 [pool-589-thread-1] INFO  server.RaftServerConfigKeys (ConfUtils.java:logGet(43)) - raft.server.snapshot.auto.trigger.enabled = true (custom)
2019-10-01 23:43:37,154 [pool-609-thread-1] INFO  server.RaftServerConfigKeys (ConfUtils.java:logGet(43)) - raft.server.log.statemachine.data.sync.timeout.retry = -1 (default)
2019-10-01 23:43:37,154 [pool-589-thread-1] INFO  server.RaftServerConfigKeys (ConfUtils.java:logGet(43)) - raft.server.snapshot.auto.trigger.threshold = 10000 (custom)
2019-10-01 23:43:37,154 [pool-609-thread-1] INFO  server.RaftServerConfigKeys (ConfUtils.java:logGet(43)) - raft.server.log.statemachine.data.caching.enabled = true (custom)
2019-10-01 23:43:37,155 [pool-599-thread-1] INFO  storage.RaftStorage (RaftStorage.java:format(72)) - Storage directory /workdir/hadoop-ozone/integration-test/target/test-dir/MiniOzoneClusterImpl-b0268eef-721c-4f7d-a801-8a29ae4b86e9/datanode-1/data/ratis/cad6c25d-20b1-4188-a2c0-ee38eadd79f8 has been successfully formatted.
2019-10-01 23:43:37,155 [pool-589-thread-1] INFO  server.RaftServerConfigKeys (ConfUtils.java:logGet(43)) - raft.server.snapshot.retention.num.files = 5 (custom)
2019-10-01 23:43:37,155 [pool-599-thread-1] INFO  ratis.ContainerStateMachine (ContainerStateMachine.java:loadSnapshot(230)) - group-EE38EADD79F8: The snapshot info is null. Setting the last applied indexto:(t:0, i:~)
2019-10-01 23:43:37,155 [pool-609-thread-1] INFO  segmented.SegmentedRaftLogWorker (SegmentedRaftLogWorker.java:lambda$new$0(132)) - f1155e5b-ece4-4487-83cd-8dea0b525c9a@group-EE38EADD79F8-SegmentedRaftLogWorker: flushIndex: setUnconditionally 0 -> -1
2019-10-01 23:43:37,155 [pool-599-thread-1] INFO  server.RaftServerConfigKeys (ConfUtils.java:logGet(43)) - raft.server.notification.no-leader.timeout = 120s (custom)
2019-10-01 23:43:37,155 [pool-589-thread-1] INFO  server.RaftServerConfigKeys (ConfUtils.java:logGet(43)) - raft.server.retrycache.expirytime = 600000ms (custom)
2019-10-01 23:43:37,155 [pool-609-thread-1] INFO  server.RaftServerConfigKeys (ConfUtils.java:logGet(43)) - raft.server.snapshot.auto.trigger.enabled = true (custom)
2019-10-01 23:43:37,155 [pool-599-thread-1] INFO  server.RaftServerConfigKeys (ConfUtils.java:logGet(43)) - raft.server.log.use.memory = false (default)
2019-10-01 23:43:37,155 [pool-609-thread-1] INFO  server.RaftServerConfigKeys (ConfUtils.java:logGet(43)) - raft.server.snapshot.auto.trigger.threshold = 10000 (custom)
2019-10-01 23:43:37,155 [pool-599-thread-1] INFO  server.RaftServerConfigKeys (ConfUtils.java:logGet(43)) - raft.server.log.purge.gap = 1000000 (custom)
2019-10-01 23:43:37,155 [pool-609-thread-1] INFO  server.RaftServerConfigKeys (ConfUtils.java:logGet(43)) - raft.server.snapshot.retention.num.files = 5 (custom)
2019-10-01 23:43:37,155 [pool-599-thread-1] INFO  server.RaftServerConfigKeys (ConfUtils.java:logGet(43)) - raft.server.log.appender.buffer.byte-limit = 33554432 (custom)
2019-10-01 23:43:37,156 [pool-609-thread-1] INFO  server.RaftServerConfigKeys (ConfUtils.java:logGet(43)) - raft.server.retrycache.expirytime = 600000ms (custom)
2019-10-01 23:43:37,156 [pool-599-thread-1] INFO  server.RaftServerConfigKeys (ConfUtils.java:logGet(43)) - raft.server.log.segment.size.max = 1048576 (custom)
2019-10-01 23:43:37,156 [pool-599-thread-1] INFO  server.RaftServerConfigKeys (ConfUtils.java:logGet(43)) - raft.server.log.segment.cache.num.max = 2 (custom)
2019-10-01 23:43:37,156 [pool-599-thread-1] INFO  segmented.SegmentedRaftLogWorker (SegmentedRaftLogWorker.java:<init>(172)) - new 90975f2f-9485-48a4-a4f0-d3fba7160047@group-EE38EADD79F8-SegmentedRaftLogWorker for RaftStorage:Storage Directory /workdir/hadoop-ozone/integration-test/target/test-dir/MiniOzoneClusterImpl-b0268eef-721c-4f7d-a801-8a29ae4b86e9/datanode-1/data/ratis/cad6c25d-20b1-4188-a2c0-ee38eadd79f8
2019-10-01 23:43:37,156 [pool-599-thread-1] INFO  server.RaftServerConfigKeys (ConfUtils.java:logGet(43)) - raft.server.log.queue.byte-limit = 2147483647 (custom)
2019-10-01 23:43:37,156 [pool-599-thread-1] INFO  server.RaftServerConfigKeys (ConfUtils.java:logGet(43)) - raft.server.log.queue.element-limit = 1024 (custom)
2019-10-01 23:43:37,156 [pool-599-thread-1] INFO  server.RaftServerConfigKeys (ConfUtils.java:logGet(43)) - raft.server.log.segment.size.max = 1048576 (custom)
2019-10-01 23:43:37,156 [pool-599-thread-1] INFO  server.RaftServerConfigKeys (ConfUtils.java:logGet(43)) - raft.server.log.preallocated.size = 16384 (custom)
2019-10-01 23:43:37,156 [pool-599-thread-1] INFO  server.RaftServerConfigKeys (ConfUtils.java:logGet(43)) - raft.server.log.write.buffer.size = 33554432 (custom)
2019-10-01 23:43:37,156 [pool-599-thread-1] INFO  server.RaftServerConfigKeys (ConfUtils.java:logGet(43)) - raft.server.log.force.sync.num = 128 (default)
2019-10-01 23:43:37,156 [pool-599-thread-1] INFO  server.RaftServerConfigKeys (ConfUtils.java:logGet(43)) - raft.server.log.statemachine.data.sync = true (default)
2019-10-01 23:43:37,157 [pool-599-thread-1] INFO  server.RaftServerConfigKeys (ConfUtils.java:logGet(43)) - raft.server.log.statemachine.data.sync.timeout = 10s (default)
2019-10-01 23:43:37,157 [pool-599-thread-1] INFO  server.RaftServerConfigKeys (ConfUtils.java:logGet(43)) - raft.server.log.statemachine.data.sync.timeout.retry = -1 (default)
2019-10-01 23:43:37,157 [pool-589-thread-1] INFO  impl.RaftServerImpl (RaftServerImpl.java:start(185)) - 0598627c-23ca-4ee8-8b68-6a2bbae8a2e6@group-EE38EADD79F8: start as a follower, conf=-1: [90975f2f-9485-48a4-a4f0-d3fba7160047:192.168.164.203:35738, 0598627c-23ca-4ee8-8b68-6a2bbae8a2e6:192.168.164.203:45508, f1155e5b-ece4-4487-83cd-8dea0b525c9a:192.168.164.203:44400], old=null
2019-10-01 23:43:37,157 [pool-599-thread-1] INFO  server.RaftServerConfigKeys (ConfUtils.java:logGet(43)) - raft.server.log.statemachine.data.caching.enabled = true (custom)
2019-10-01 23:43:37,157 [pool-589-thread-1] INFO  impl.RaftServerImpl (RaftServerImpl.java:setRole(174)) - 0598627c-23ca-4ee8-8b68-6a2bbae8a2e6@group-EE38EADD79F8: changes role from      null to FOLLOWER at term 0 for startAsFollower
2019-10-01 23:43:37,157 [pool-599-thread-1] INFO  segmented.SegmentedRaftLogWorker (SegmentedRaftLogWorker.java:lambda$new$0(132)) - 90975f2f-9485-48a4-a4f0-d3fba7160047@group-EE38EADD79F8-SegmentedRaftLogWorker: flushIndex: setUnconditionally 0 -> -1
2019-10-01 23:43:37,157 [pool-609-thread-1] INFO  impl.RaftServerImpl (RaftServerImpl.java:start(185)) - f1155e5b-ece4-4487-83cd-8dea0b525c9a@group-EE38EADD79F8: start as a follower, conf=-1: [90975f2f-9485-48a4-a4f0-d3fba7160047:192.168.164.203:35738, 0598627c-23ca-4ee8-8b68-6a2bbae8a2e6:192.168.164.203:45508, f1155e5b-ece4-4487-83cd-8dea0b525c9a:192.168.164.203:44400], old=null
2019-10-01 23:43:37,157 [pool-589-thread-1] INFO  impl.RoleInfo (RoleInfo.java:updateAndGet(143)) - 0598627c-23ca-4ee8-8b68-6a2bbae8a2e6: start FollowerState
2019-10-01 23:43:37,157 [pool-609-thread-1] INFO  impl.RaftServerImpl (RaftServerImpl.java:setRole(174)) - f1155e5b-ece4-4487-83cd-8dea0b525c9a@group-EE38EADD79F8: changes role from      null to FOLLOWER at term 0 for startAsFollower
2019-10-01 23:43:37,157 [pool-599-thread-1] INFO  server.RaftServerConfigKeys (ConfUtils.java:logGet(43)) - raft.server.snapshot.auto.trigger.enabled = true (custom)
2019-10-01 23:43:37,157 [pool-589-thread-1] INFO  util.JmxRegister (JmxRegister.java:tryRegister(44)) - Successfully registered JMX Bean with object name Ratis:service=RaftServer,group=group-EE38EADD79F8,id=0598627c-23ca-4ee8-8b68-6a2bbae8a2e6
2019-10-01 23:43:37,157 [pool-609-thread-1] INFO  impl.RoleInfo (RoleInfo.java:updateAndGet(143)) - f1155e5b-ece4-4487-83cd-8dea0b525c9a: start FollowerState
2019-10-01 23:43:37,158 [pool-599-thread-1] INFO  server.RaftServerConfigKeys (ConfUtils.java:logGet(43)) - raft.server.snapshot.auto.trigger.threshold = 10000 (custom)
2019-10-01 23:43:37,158 [pool-599-thread-1] INFO  server.RaftServerConfigKeys (ConfUtils.java:logGet(43)) - raft.server.snapshot.retention.num.files = 5 (custom)
2019-10-01 23:43:37,158 [pool-599-thread-1] INFO  server.RaftServerConfigKeys (ConfUtils.java:logGet(43)) - raft.server.retrycache.expirytime = 600000ms (custom)
2019-10-01 23:43:37,158 [pool-609-thread-1] INFO  util.JmxRegister (JmxRegister.java:tryRegister(44)) - Successfully registered JMX Bean with object name Ratis:service=RaftServer,group=group-EE38EADD79F8,id=f1155e5b-ece4-4487-83cd-8dea0b525c9a
2019-10-01 23:43:37,164 [pool-599-thread-1] INFO  impl.RaftServerImpl (RaftServerImpl.java:start(185)) - 90975f2f-9485-48a4-a4f0-d3fba7160047@group-EE38EADD79F8: start as a follower, conf=-1: [90975f2f-9485-48a4-a4f0-d3fba7160047:192.168.164.203:35738, 0598627c-23ca-4ee8-8b68-6a2bbae8a2e6:192.168.164.203:45508, f1155e5b-ece4-4487-83cd-8dea0b525c9a:192.168.164.203:44400], old=null
2019-10-01 23:43:37,164 [pool-599-thread-1] INFO  impl.RaftServerImpl (RaftServerImpl.java:setRole(174)) - 90975f2f-9485-48a4-a4f0-d3fba7160047@group-EE38EADD79F8: changes role from      null to FOLLOWER at term 0 for startAsFollower
2019-10-01 23:43:37,164 [pool-599-thread-1] INFO  impl.RoleInfo (RoleInfo.java:updateAndGet(143)) - 90975f2f-9485-48a4-a4f0-d3fba7160047: start FollowerState
2019-10-01 23:43:37,165 [pool-599-thread-1] INFO  util.JmxRegister (JmxRegister.java:tryRegister(44)) - Successfully registered JMX Bean with object name Ratis:service=RaftServer,group=group-EE38EADD79F8,id=90975f2f-9485-48a4-a4f0-d3fba7160047
2019-10-01 23:43:37,168 [RatisPipelineUtilsThread] INFO  pipeline.PipelineStateManager (PipelineStateManager.java:addPipeline(56)) - Created pipeline Pipeline[ Id: cad6c25d-20b1-4188-a2c0-ee38eadd79f8, Nodes: f1155e5b-ece4-4487-83cd-8dea0b525c9a{ip: 192.168.164.203, host: pr-hdds-2158-lzhrq-821698512, networkLocation: /default-rack, certSerialId: null}90975f2f-9485-48a4-a4f0-d3fba7160047{ip: 192.168.164.203, host: pr-hdds-2158-lzhrq-821698512, networkLocation: /default-rack, certSerialId: null}0598627c-23ca-4ee8-8b68-6a2bbae8a2e6{ip: 192.168.164.203, host: pr-hdds-2158-lzhrq-821698512, networkLocation: /default-rack, certSerialId: null}, Type:RATIS, Factor:THREE, State:OPEN]
2019-10-01 23:43:37,168 [IPC Server handler 5 on 43645] INFO  net.NetworkTopology (NetworkTopologyImpl.java:add(111)) - Added a new node: /default-rack/ce32e816-65e0-4fe3-9b5e-fe012152cf3a
2019-10-01 23:43:37,169 [IPC Server handler 5 on 43645] INFO  node.SCMNodeManager (SCMNodeManager.java:register(266)) - Registered Data node : ce32e816-65e0-4fe3-9b5e-fe012152cf3a{ip: 192.168.164.203, host: pr-hdds-2158-lzhrq-821698512, networkLocation: /default-rack, certSerialId: null}
2019-10-01 23:43:37,173 [grpc-default-executor-2] INFO  impl.RaftServerProxy (RaftServerProxy.java:addNew(89)) - ce32e816-65e0-4fe3-9b5e-fe012152cf3a: addNew group-A474EEB8CCFD:[ce32e816-65e0-4fe3-9b5e-fe012152cf3a:192.168.164.203:43956] returns group-A474EEB8CCFD:java.util.concurrent.CompletableFuture@4cb08d93[Not completed]
2019-10-01 23:43:37,176 [pool-619-thread-1] INFO  impl.RaftServerImpl (RaftServerImpl.java:<init>(95)) - ce32e816-65e0-4fe3-9b5e-fe012152cf3a: new RaftServerImpl for group-A474EEB8CCFD:[ce32e816-65e0-4fe3-9b5e-fe012152cf3a:192.168.164.203:43956] with ContainerStateMachine:uninitialized
2019-10-01 23:43:37,176 [pool-619-thread-1] INFO  server.RaftServerConfigKeys (ConfUtils.java:logGet(43)) - raft.server.rpc.timeout.min = 5s (custom)
2019-10-01 23:43:37,176 [pool-619-thread-1] INFO  server.RaftServerConfigKeys (ConfUtils.java:logGet(43)) - raft.server.rpc.timeout.max = 5200ms (custom)
2019-10-01 23:43:37,176 [pool-619-thread-1] INFO  server.RaftServerConfigKeys (ConfUtils.java:logGet(43)) - raft.server.rpcslowness.timeout = 120s (custom)
2019-10-01 23:43:37,177 [pool-619-thread-1] INFO  server.RaftServerConfigKeys (ConfUtils.java:logGet(43)) - raft.server.sleep.deviation.threshold = 300 (default)
2019-10-01 23:43:37,177 [pool-619-thread-1] INFO  server.RaftServerConfigKeys (ConfUtils.java:logGet(43)) - raft.server.log.appender.install.snapshot.enabled = false (custom)
2019-10-01 23:43:37,177 [pool-619-thread-1] INFO  impl.RaftServerImpl (ServerState.java:<init>(103)) - ce32e816-65e0-4fe3-9b5e-fe012152cf3a@group-A474EEB8CCFD: ConfigurationManager, init=-1: [ce32e816-65e0-4fe3-9b5e-fe012152cf3a:192.168.164.203:43956], old=null, confs=<EMPTY_MAP>
2019-10-01 23:43:37,177 [pool-619-thread-1] INFO  server.RaftServerConfigKeys (ConfUtils.java:logGet(43)) - raft.server.storage.dir = [/workdir/hadoop-ozone/integration-test/target/test-dir/MiniOzoneClusterImpl-b0268eef-721c-4f7d-a801-8a29ae4b86e9/datanode-3/data/ratis] (custom)
2019-10-01 23:43:37,177 [pool-619-thread-1] INFO  storage.RaftStorageDirectory (RaftStorageDirectory.java:analyzeStorage(246)) - The storage directory /workdir/hadoop-ozone/integration-test/target/test-dir/MiniOzoneClusterImpl-b0268eef-721c-4f7d-a801-8a29ae4b86e9/datanode-3/data/ratis/6c82b395-e7a9-478e-bbce-a474eeb8ccfd does not exist. Creating ...
2019-10-01 23:43:37,181 [pool-619-thread-1] INFO  storage.RaftStorageDirectory (RaftStorageDirectory.java:tryLock(328)) - Lock on /workdir/hadoop-ozone/integration-test/target/test-dir/MiniOzoneClusterImpl-b0268eef-721c-4f7d-a801-8a29ae4b86e9/datanode-3/data/ratis/6c82b395-e7a9-478e-bbce-a474eeb8ccfd/in_use.lock acquired by nodename 5991@pr-hdds-2158-lzhrq-821698512
2019-10-01 23:43:37,185 [pool-619-thread-1] INFO  storage.RaftStorage (RaftStorage.java:format(72)) - Storage directory /workdir/hadoop-ozone/integration-test/target/test-dir/MiniOzoneClusterImpl-b0268eef-721c-4f7d-a801-8a29ae4b86e9/datanode-3/data/ratis/6c82b395-e7a9-478e-bbce-a474eeb8ccfd has been successfully formatted.
2019-10-01 23:43:37,185 [pool-619-thread-1] INFO  ratis.ContainerStateMachine (ContainerStateMachine.java:loadSnapshot(230)) - group-A474EEB8CCFD: The snapshot info is null. Setting the last applied indexto:(t:0, i:~)
2019-10-01 23:43:37,186 [pool-619-thread-1] INFO  server.RaftServerConfigKeys (ConfUtils.java:logGet(43)) - raft.server.notification.no-leader.timeout = 120s (custom)
2019-10-01 23:43:37,186 [pool-619-thread-1] INFO  server.RaftServerConfigKeys (ConfUtils.java:logGet(43)) - raft.server.log.use.memory = false (default)
2019-10-01 23:43:37,186 [pool-619-thread-1] INFO  server.RaftServerConfigKeys (ConfUtils.java:logGet(43)) - raft.server.log.purge.gap = 1000000 (custom)
2019-10-01 23:43:37,186 [pool-619-thread-1] INFO  server.RaftServerConfigKeys (ConfUtils.java:logGet(43)) - raft.server.log.appender.buffer.byte-limit = 33554432 (custom)
2019-10-01 23:43:37,186 [pool-619-thread-1] INFO  server.RaftServerConfigKeys (ConfUtils.java:logGet(43)) - raft.server.log.segment.size.max = 1048576 (custom)
2019-10-01 23:43:37,186 [pool-619-thread-1] INFO  server.RaftServerConfigKeys (ConfUtils.java:logGet(43)) - raft.server.log.segment.cache.num.max = 2 (custom)
2019-10-01 23:43:37,186 [pool-619-thread-1] INFO  segmented.SegmentedRaftLogWorker (SegmentedRaftLogWorker.java:<init>(172)) - new ce32e816-65e0-4fe3-9b5e-fe012152cf3a@group-A474EEB8CCFD-SegmentedRaftLogWorker for RaftStorage:Storage Directory /workdir/hadoop-ozone/integration-test/target/test-dir/MiniOzoneClusterImpl-b0268eef-721c-4f7d-a801-8a29ae4b86e9/datanode-3/data/ratis/6c82b395-e7a9-478e-bbce-a474eeb8ccfd
2019-10-01 23:43:37,188 [pool-619-thread-1] INFO  server.RaftServerConfigKeys (ConfUtils.java:logGet(43)) - raft.server.log.queue.byte-limit = 2147483647 (custom)
2019-10-01 23:43:37,188 [pool-619-thread-1] INFO  server.RaftServerConfigKeys (ConfUtils.java:logGet(43)) - raft.server.log.queue.element-limit = 1024 (custom)
2019-10-01 23:43:37,188 [pool-619-thread-1] INFO  server.RaftServerConfigKeys (ConfUtils.java:logGet(43)) - raft.server.log.segment.size.max = 1048576 (custom)
2019-10-01 23:43:37,188 [pool-619-thread-1] INFO  server.RaftServerConfigKeys (ConfUtils.java:logGet(43)) - raft.server.log.preallocated.size = 16384 (custom)
2019-10-01 23:43:37,188 [pool-619-thread-1] INFO  server.RaftServerConfigKeys (ConfUtils.java:logGet(43)) - raft.server.log.write.buffer.size = 33554432 (custom)
2019-10-01 23:43:37,188 [pool-619-thread-1] INFO  server.RaftServerConfigKeys (ConfUtils.java:logGet(43)) - raft.server.log.force.sync.num = 128 (default)
2019-10-01 23:43:37,188 [pool-619-thread-1] INFO  server.RaftServerConfigKeys (ConfUtils.java:logGet(43)) - raft.server.log.statemachine.data.sync = true (default)
2019-10-01 23:43:37,188 [pool-619-thread-1] INFO  server.RaftServerConfigKeys (ConfUtils.java:logGet(43)) - raft.server.log.statemachine.data.sync.timeout = 10s (default)
2019-10-01 23:43:37,188 [pool-619-thread-1] INFO  server.RaftServerConfigKeys (ConfUtils.java:logGet(43)) - raft.server.log.statemachine.data.sync.timeout.retry = -1 (default)
2019-10-01 23:43:37,189 [pool-619-thread-1] INFO  server.RaftServerConfigKeys (ConfUtils.java:logGet(43)) - raft.server.log.statemachine.data.caching.enabled = true (custom)
2019-10-01 23:43:37,190 [pool-619-thread-1] INFO  segmented.SegmentedRaftLogWorker (SegmentedRaftLogWorker.java:lambda$new$0(132)) - ce32e816-65e0-4fe3-9b5e-fe012152cf3a@group-A474EEB8CCFD-SegmentedRaftLogWorker: flushIndex: setUnconditionally 0 -> -1
2019-10-01 23:43:37,191 [pool-619-thread-1] INFO  server.RaftServerConfigKeys (ConfUtils.java:logGet(43)) - raft.server.snapshot.auto.trigger.enabled = true (custom)
2019-10-01 23:43:37,191 [pool-619-thread-1] INFO  server.RaftServerConfigKeys (ConfUtils.java:logGet(43)) - raft.server.snapshot.auto.trigger.threshold = 10000 (custom)
2019-10-01 23:43:37,191 [pool-619-thread-1] INFO  server.RaftServerConfigKeys (ConfUtils.java:logGet(43)) - raft.server.snapshot.retention.num.files = 5 (custom)
2019-10-01 23:43:37,191 [pool-619-thread-1] INFO  server.RaftServerConfigKeys (ConfUtils.java:logGet(43)) - raft.server.retrycache.expirytime = 600000ms (custom)
2019-10-01 23:43:37,192 [pool-619-thread-1] INFO  impl.RaftServerImpl (RaftServerImpl.java:start(185)) - ce32e816-65e0-4fe3-9b5e-fe012152cf3a@group-A474EEB8CCFD: start as a follower, conf=-1: [ce32e816-65e0-4fe3-9b5e-fe012152cf3a:192.168.164.203:43956], old=null
2019-10-01 23:43:37,192 [pool-619-thread-1] INFO  impl.RaftServerImpl (RaftServerImpl.java:setRole(174)) - ce32e816-65e0-4fe3-9b5e-fe012152cf3a@group-A474EEB8CCFD: changes role from      null to FOLLOWER at term 0 for startAsFollower
2019-10-01 23:43:37,192 [pool-619-thread-1] INFO  impl.RoleInfo (RoleInfo.java:updateAndGet(143)) - ce32e816-65e0-4fe3-9b5e-fe012152cf3a: start FollowerState
2019-10-01 23:43:37,200 [pool-619-thread-1] INFO  util.JmxRegister (JmxRegister.java:tryRegister(44)) - Successfully registered JMX Bean with object name Ratis:service=RaftServer,group=group-A474EEB8CCFD,id=ce32e816-65e0-4fe3-9b5e-fe012152cf3a
2019-10-01 23:43:37,211 [RatisPipelineUtilsThread] INFO  pipeline.PipelineStateManager (PipelineStateManager.java:addPipeline(56)) - Created pipeline Pipeline[ Id: 6c82b395-e7a9-478e-bbce-a474eeb8ccfd, Nodes: ce32e816-65e0-4fe3-9b5e-fe012152cf3a{ip: 192.168.164.203, host: pr-hdds-2158-lzhrq-821698512, networkLocation: /default-rack, certSerialId: null}, Type:RATIS, Factor:ONE, State:OPEN]
2019-10-01 23:43:37,239 [IPC Server handler 0 on 43645] INFO  net.NetworkTopology (NetworkTopologyImpl.java:add(111)) - Added a new node: /default-rack/d2ecb2a4-3754-4f5b-b51d-81d499514b0e
2019-10-01 23:43:37,239 [IPC Server handler 0 on 43645] INFO  node.SCMNodeManager (SCMNodeManager.java:register(266)) - Registered Data node : d2ecb2a4-3754-4f5b-b51d-81d499514b0e{ip: 192.168.164.203, host: pr-hdds-2158-lzhrq-821698512, networkLocation: /default-rack, certSerialId: null}
2019-10-01 23:43:37,245 [grpc-default-executor-2] INFO  impl.RaftServerProxy (RaftServerProxy.java:addNew(89)) - d2ecb2a4-3754-4f5b-b51d-81d499514b0e: addNew group-15336D57C2F8:[d2ecb2a4-3754-4f5b-b51d-81d499514b0e:192.168.164.203:37402] returns group-15336D57C2F8:java.util.concurrent.CompletableFuture@2eb0996a[Not completed]
2019-10-01 23:43:37,245 [pool-629-thread-1] INFO  impl.RaftServerImpl (RaftServerImpl.java:<init>(95)) - d2ecb2a4-3754-4f5b-b51d-81d499514b0e: new RaftServerImpl for group-15336D57C2F8:[d2ecb2a4-3754-4f5b-b51d-81d499514b0e:192.168.164.203:37402] with ContainerStateMachine:uninitialized
2019-10-01 23:43:37,246 [pool-629-thread-1] INFO  server.RaftServerConfigKeys (ConfUtils.java:logGet(43)) - raft.server.rpc.timeout.min = 5s (custom)
2019-10-01 23:43:37,246 [pool-629-thread-1] INFO  server.RaftServerConfigKeys (ConfUtils.java:logGet(43)) - raft.server.rpc.timeout.max = 5200ms (custom)
2019-10-01 23:43:37,246 [pool-629-thread-1] INFO  server.RaftServerConfigKeys (ConfUtils.java:logGet(43)) - raft.server.rpcslowness.timeout = 120s (custom)
2019-10-01 23:43:37,246 [pool-629-thread-1] INFO  server.RaftServerConfigKeys (ConfUtils.java:logGet(43)) - raft.server.sleep.deviation.threshold = 300 (default)
2019-10-01 23:43:37,246 [pool-629-thread-1] INFO  server.RaftServerConfigKeys (ConfUtils.java:logGet(43)) - raft.server.log.appender.install.snapshot.enabled = false (custom)
2019-10-01 23:43:37,246 [pool-629-thread-1] INFO  impl.RaftServerImpl (ServerState.java:<init>(103)) - d2ecb2a4-3754-4f5b-b51d-81d499514b0e@group-15336D57C2F8: ConfigurationManager, init=-1: [d2ecb2a4-3754-4f5b-b51d-81d499514b0e:192.168.164.203:37402], old=null, confs=<EMPTY_MAP>
2019-10-01 23:43:37,246 [pool-629-thread-1] INFO  server.RaftServerConfigKeys (ConfUtils.java:logGet(43)) - raft.server.storage.dir = [/workdir/hadoop-ozone/integration-test/target/test-dir/MiniOzoneClusterImpl-b0268eef-721c-4f7d-a801-8a29ae4b86e9/datanode-4/data/ratis] (custom)
2019-10-01 23:43:37,246 [pool-629-thread-1] INFO  storage.RaftStorageDirectory (RaftStorageDirectory.java:analyzeStorage(246)) - The storage directory /workdir/hadoop-ozone/integration-test/target/test-dir/MiniOzoneClusterImpl-b0268eef-721c-4f7d-a801-8a29ae4b86e9/datanode-4/data/ratis/13de1c2c-fc19-46e0-86e0-15336d57c2f8 does not exist. Creating ...
2019-10-01 23:43:37,258 [pool-629-thread-1] INFO  storage.RaftStorageDirectory (RaftStorageDirectory.java:tryLock(328)) - Lock on /workdir/hadoop-ozone/integration-test/target/test-dir/MiniOzoneClusterImpl-b0268eef-721c-4f7d-a801-8a29ae4b86e9/datanode-4/data/ratis/13de1c2c-fc19-46e0-86e0-15336d57c2f8/in_use.lock acquired by nodename 5991@pr-hdds-2158-lzhrq-821698512
2019-10-01 23:43:37,261 [pool-629-thread-1] INFO  storage.RaftStorage (RaftStorage.java:format(72)) - Storage directory /workdir/hadoop-ozone/integration-test/target/test-dir/MiniOzoneClusterImpl-b0268eef-721c-4f7d-a801-8a29ae4b86e9/datanode-4/data/ratis/13de1c2c-fc19-46e0-86e0-15336d57c2f8 has been successfully formatted.
2019-10-01 23:43:37,262 [pool-629-thread-1] INFO  ratis.ContainerStateMachine (ContainerStateMachine.java:loadSnapshot(230)) - group-15336D57C2F8: The snapshot info is null. Setting the last applied indexto:(t:0, i:~)
2019-10-01 23:43:37,262 [pool-629-thread-1] INFO  server.RaftServerConfigKeys (ConfUtils.java:logGet(43)) - raft.server.notification.no-leader.timeout = 120s (custom)
2019-10-01 23:43:37,262 [pool-629-thread-1] INFO  server.RaftServerConfigKeys (ConfUtils.java:logGet(43)) - raft.server.log.use.memory = false (default)
2019-10-01 23:43:37,262 [pool-629-thread-1] INFO  server.RaftServerConfigKeys (ConfUtils.java:logGet(43)) - raft.server.log.purge.gap = 1000000 (custom)
2019-10-01 23:43:37,262 [pool-629-thread-1] INFO  server.RaftServerConfigKeys (ConfUtils.java:logGet(43)) - raft.server.log.appender.buffer.byte-limit = 33554432 (custom)
2019-10-01 23:43:37,262 [pool-629-thread-1] INFO  server.RaftServerConfigKeys (ConfUtils.java:logGet(43)) - raft.server.log.segment.size.max = 1048576 (custom)
2019-10-01 23:43:37,262 [pool-629-thread-1] INFO  server.RaftServerConfigKeys (ConfUtils.java:logGet(43)) - raft.server.log.segment.cache.num.max = 2 (custom)
2019-10-01 23:43:37,262 [pool-629-thread-1] INFO  segmented.SegmentedRaftLogWorker (SegmentedRaftLogWorker.java:<init>(172)) - new d2ecb2a4-3754-4f5b-b51d-81d499514b0e@group-15336D57C2F8-SegmentedRaftLogWorker for RaftStorage:Storage Directory /workdir/hadoop-ozone/integration-test/target/test-dir/MiniOzoneClusterImpl-b0268eef-721c-4f7d-a801-8a29ae4b86e9/datanode-4/data/ratis/13de1c2c-fc19-46e0-86e0-15336d57c2f8
2019-10-01 23:43:37,263 [pool-629-thread-1] INFO  server.RaftServerConfigKeys (ConfUtils.java:logGet(43)) - raft.server.log.queue.byte-limit = 2147483647 (custom)
2019-10-01 23:43:37,263 [pool-629-thread-1] INFO  server.RaftServerConfigKeys (ConfUtils.java:logGet(43)) - raft.server.log.queue.element-limit = 1024 (custom)
2019-10-01 23:43:37,263 [pool-629-thread-1] INFO  server.RaftServerConfigKeys (ConfUtils.java:logGet(43)) - raft.server.log.segment.size.max = 1048576 (custom)
2019-10-01 23:43:37,264 [pool-629-thread-1] INFO  server.RaftServerConfigKeys (ConfUtils.java:logGet(43)) - raft.server.log.preallocated.size = 16384 (custom)
2019-10-01 23:43:37,264 [pool-629-thread-1] INFO  server.RaftServerConfigKeys (ConfUtils.java:logGet(43)) - raft.server.log.write.buffer.size = 33554432 (custom)
2019-10-01 23:43:37,264 [pool-629-thread-1] INFO  server.RaftServerConfigKeys (ConfUtils.java:logGet(43)) - raft.server.log.force.sync.num = 128 (default)
2019-10-01 23:43:37,264 [pool-629-thread-1] INFO  server.RaftServerConfigKeys (ConfUtils.java:logGet(43)) - raft.server.log.statemachine.data.sync = true (default)
2019-10-01 23:43:37,264 [pool-629-thread-1] INFO  server.RaftServerConfigKeys (ConfUtils.java:logGet(43)) - raft.server.log.statemachine.data.sync.timeout = 10s (default)
2019-10-01 23:43:37,264 [pool-629-thread-1] INFO  server.RaftServerConfigKeys (ConfUtils.java:logGet(43)) - raft.server.log.statemachine.data.sync.timeout.retry = -1 (default)
2019-10-01 23:43:37,264 [pool-629-thread-1] INFO  server.RaftServerConfigKeys (ConfUtils.java:logGet(43)) - raft.server.log.statemachine.data.caching.enabled = true (custom)
2019-10-01 23:43:37,264 [pool-629-thread-1] INFO  segmented.SegmentedRaftLogWorker (SegmentedRaftLogWorker.java:lambda$new$0(132)) - d2ecb2a4-3754-4f5b-b51d-81d499514b0e@group-15336D57C2F8-SegmentedRaftLogWorker: flushIndex: setUnconditionally 0 -> -1
2019-10-01 23:43:37,264 [pool-629-thread-1] INFO  server.RaftServerConfigKeys (ConfUtils.java:logGet(43)) - raft.server.snapshot.auto.trigger.enabled = true (custom)
2019-10-01 23:43:37,264 [pool-629-thread-1] INFO  server.RaftServerConfigKeys (ConfUtils.java:logGet(43)) - raft.server.snapshot.auto.trigger.threshold = 10000 (custom)
2019-10-01 23:43:37,265 [pool-629-thread-1] INFO  server.RaftServerConfigKeys (ConfUtils.java:logGet(43)) - raft.server.snapshot.retention.num.files = 5 (custom)
2019-10-01 23:43:37,265 [pool-629-thread-1] INFO  server.RaftServerConfigKeys (ConfUtils.java:logGet(43)) - raft.server.retrycache.expirytime = 600000ms (custom)
2019-10-01 23:43:37,266 [pool-629-thread-1] INFO  impl.RaftServerImpl (RaftServerImpl.java:start(185)) - d2ecb2a4-3754-4f5b-b51d-81d499514b0e@group-15336D57C2F8: start as a follower, conf=-1: [d2ecb2a4-3754-4f5b-b51d-81d499514b0e:192.168.164.203:37402], old=null
2019-10-01 23:43:37,266 [pool-629-thread-1] INFO  impl.RaftServerImpl (RaftServerImpl.java:setRole(174)) - d2ecb2a4-3754-4f5b-b51d-81d499514b0e@group-15336D57C2F8: changes role from      null to FOLLOWER at term 0 for startAsFollower
2019-10-01 23:43:37,266 [pool-629-thread-1] INFO  impl.RoleInfo (RoleInfo.java:updateAndGet(143)) - d2ecb2a4-3754-4f5b-b51d-81d499514b0e: start FollowerState
2019-10-01 23:43:37,266 [pool-629-thread-1] INFO  util.JmxRegister (JmxRegister.java:tryRegister(44)) - Successfully registered JMX Bean with object name Ratis:service=RaftServer,group=group-15336D57C2F8,id=d2ecb2a4-3754-4f5b-b51d-81d499514b0e
2019-10-01 23:43:37,270 [RatisPipelineUtilsThread] INFO  pipeline.PipelineStateManager (PipelineStateManager.java:addPipeline(56)) - Created pipeline Pipeline[ Id: 13de1c2c-fc19-46e0-86e0-15336d57c2f8, Nodes: d2ecb2a4-3754-4f5b-b51d-81d499514b0e{ip: 192.168.164.203, host: pr-hdds-2158-lzhrq-821698512, networkLocation: /default-rack, certSerialId: null}, Type:RATIS, Factor:ONE, State:OPEN]
2019-10-01 23:43:37,301 [IPC Server handler 6 on 43645] INFO  net.NetworkTopology (NetworkTopologyImpl.java:add(111)) - Added a new node: /default-rack/ebd725b5-8731-4ac1-91b6-1bfd6f459ef6
2019-10-01 23:43:37,301 [IPC Server handler 6 on 43645] INFO  node.SCMNodeManager (SCMNodeManager.java:register(266)) - Registered Data node : ebd725b5-8731-4ac1-91b6-1bfd6f459ef6{ip: 192.168.164.203, host: pr-hdds-2158-lzhrq-821698512, networkLocation: /default-rack, certSerialId: null}
2019-10-01 23:43:37,307 [grpc-default-executor-2] INFO  impl.RaftServerProxy (RaftServerProxy.java:addNew(89)) - ebd725b5-8731-4ac1-91b6-1bfd6f459ef6: addNew group-B7AB4C843754:[ebd725b5-8731-4ac1-91b6-1bfd6f459ef6:192.168.164.203:34095] returns group-B7AB4C843754:java.util.concurrent.CompletableFuture@1c43697c[Not completed]
2019-10-01 23:43:37,308 [pool-639-thread-1] INFO  impl.RaftServerImpl (RaftServerImpl.java:<init>(95)) - ebd725b5-8731-4ac1-91b6-1bfd6f459ef6: new RaftServerImpl for group-B7AB4C843754:[ebd725b5-8731-4ac1-91b6-1bfd6f459ef6:192.168.164.203:34095] with ContainerStateMachine:uninitialized
2019-10-01 23:43:37,308 [pool-639-thread-1] INFO  server.RaftServerConfigKeys (ConfUtils.java:logGet(43)) - raft.server.rpc.timeout.min = 5s (custom)
2019-10-01 23:43:37,308 [pool-639-thread-1] INFO  server.RaftServerConfigKeys (ConfUtils.java:logGet(43)) - raft.server.rpc.timeout.max = 5200ms (custom)
2019-10-01 23:43:37,308 [pool-639-thread-1] INFO  server.RaftServerConfigKeys (ConfUtils.java:logGet(43)) - raft.server.rpcslowness.timeout = 120s (custom)
2019-10-01 23:43:37,309 [pool-639-thread-1] INFO  server.RaftServerConfigKeys (ConfUtils.java:logGet(43)) - raft.server.sleep.deviation.threshold = 300 (default)
2019-10-01 23:43:37,309 [pool-639-thread-1] INFO  server.RaftServerConfigKeys (ConfUtils.java:logGet(43)) - raft.server.log.appender.install.snapshot.enabled = false (custom)
2019-10-01 23:43:37,309 [pool-639-thread-1] INFO  impl.RaftServerImpl (ServerState.java:<init>(103)) - ebd725b5-8731-4ac1-91b6-1bfd6f459ef6@group-B7AB4C843754: ConfigurationManager, init=-1: [ebd725b5-8731-4ac1-91b6-1bfd6f459ef6:192.168.164.203:34095], old=null, confs=<EMPTY_MAP>
2019-10-01 23:43:37,309 [pool-639-thread-1] INFO  server.RaftServerConfigKeys (ConfUtils.java:logGet(43)) - raft.server.storage.dir = [/workdir/hadoop-ozone/integration-test/target/test-dir/MiniOzoneClusterImpl-b0268eef-721c-4f7d-a801-8a29ae4b86e9/datanode-5/data/ratis] (custom)
2019-10-01 23:43:37,309 [pool-639-thread-1] INFO  storage.RaftStorageDirectory (RaftStorageDirectory.java:analyzeStorage(246)) - The storage directory /workdir/hadoop-ozone/integration-test/target/test-dir/MiniOzoneClusterImpl-b0268eef-721c-4f7d-a801-8a29ae4b86e9/datanode-5/data/ratis/1e2ef0d1-dc59-4073-ab05-b7ab4c843754 does not exist. Creating ...
2019-10-01 23:43:37,318 [pool-639-thread-1] INFO  storage.RaftStorageDirectory (RaftStorageDirectory.java:tryLock(328)) - Lock on /workdir/hadoop-ozone/integration-test/target/test-dir/MiniOzoneClusterImpl-b0268eef-721c-4f7d-a801-8a29ae4b86e9/datanode-5/data/ratis/1e2ef0d1-dc59-4073-ab05-b7ab4c843754/in_use.lock acquired by nodename 5991@pr-hdds-2158-lzhrq-821698512
2019-10-01 23:43:37,331 [pool-639-thread-1] INFO  storage.RaftStorage (RaftStorage.java:format(72)) - Storage directory /workdir/hadoop-ozone/integration-test/target/test-dir/MiniOzoneClusterImpl-b0268eef-721c-4f7d-a801-8a29ae4b86e9/datanode-5/data/ratis/1e2ef0d1-dc59-4073-ab05-b7ab4c843754 has been successfully formatted.
2019-10-01 23:43:37,332 [pool-639-thread-1] INFO  ratis.ContainerStateMachine (ContainerStateMachine.java:loadSnapshot(230)) - group-B7AB4C843754: The snapshot info is null. Setting the last applied indexto:(t:0, i:~)
2019-10-01 23:43:37,332 [pool-639-thread-1] INFO  server.RaftServerConfigKeys (ConfUtils.java:logGet(43)) - raft.server.notification.no-leader.timeout = 120s (custom)
2019-10-01 23:43:37,332 [pool-639-thread-1] INFO  server.RaftServerConfigKeys (ConfUtils.java:logGet(43)) - raft.server.log.use.memory = false (default)
2019-10-01 23:43:37,332 [pool-639-thread-1] INFO  server.RaftServerConfigKeys (ConfUtils.java:logGet(43)) - raft.server.log.purge.gap = 1000000 (custom)
2019-10-01 23:43:37,332 [pool-639-thread-1] INFO  server.RaftServerConfigKeys (ConfUtils.java:logGet(43)) - raft.server.log.appender.buffer.byte-limit = 33554432 (custom)
2019-10-01 23:43:37,332 [pool-639-thread-1] INFO  server.RaftServerConfigKeys (ConfUtils.java:logGet(43)) - raft.server.log.segment.size.max = 1048576 (custom)
2019-10-01 23:43:37,332 [pool-639-thread-1] INFO  server.RaftServerConfigKeys (ConfUtils.java:logGet(43)) - raft.server.log.segment.cache.num.max = 2 (custom)
2019-10-01 23:43:37,333 [pool-639-thread-1] INFO  segmented.SegmentedRaftLogWorker (SegmentedRaftLogWorker.java:<init>(172)) - new ebd725b5-8731-4ac1-91b6-1bfd6f459ef6@group-B7AB4C843754-SegmentedRaftLogWorker for RaftStorage:Storage Directory /workdir/hadoop-ozone/integration-test/target/test-dir/MiniOzoneClusterImpl-b0268eef-721c-4f7d-a801-8a29ae4b86e9/datanode-5/data/ratis/1e2ef0d1-dc59-4073-ab05-b7ab4c843754
2019-10-01 23:43:37,334 [pool-639-thread-1] INFO  server.RaftServerConfigKeys (ConfUtils.java:logGet(43)) - raft.server.log.queue.byte-limit = 2147483647 (custom)
2019-10-01 23:43:37,334 [pool-639-thread-1] INFO  server.RaftServerConfigKeys (ConfUtils.java:logGet(43)) - raft.server.log.queue.element-limit = 1024 (custom)
2019-10-01 23:43:37,334 [pool-639-thread-1] INFO  server.RaftServerConfigKeys (ConfUtils.java:logGet(43)) - raft.server.log.segment.size.max = 1048576 (custom)
2019-10-01 23:43:37,334 [pool-639-thread-1] INFO  server.RaftServerConfigKeys (ConfUtils.java:logGet(43)) - raft.server.log.preallocated.size = 16384 (custom)
2019-10-01 23:43:37,334 [pool-639-thread-1] INFO  server.RaftServerConfigKeys (ConfUtils.java:logGet(43)) - raft.server.log.write.buffer.size = 33554432 (custom)
2019-10-01 23:43:37,334 [pool-639-thread-1] INFO  server.RaftServerConfigKeys (ConfUtils.java:logGet(43)) - raft.server.log.force.sync.num = 128 (default)
2019-10-01 23:43:37,334 [pool-639-thread-1] INFO  server.RaftServerConfigKeys (ConfUtils.java:logGet(43)) - raft.server.log.statemachine.data.sync = true (default)
2019-10-01 23:43:37,334 [pool-639-thread-1] INFO  server.RaftServerConfigKeys (ConfUtils.java:logGet(43)) - raft.server.log.statemachine.data.sync.timeout = 10s (default)
2019-10-01 23:43:37,334 [pool-639-thread-1] INFO  server.RaftServerConfigKeys (ConfUtils.java:logGet(43)) - raft.server.log.statemachine.data.sync.timeout.retry = -1 (default)
2019-10-01 23:43:37,335 [pool-639-thread-1] INFO  server.RaftServerConfigKeys (ConfUtils.java:logGet(43)) - raft.server.log.statemachine.data.caching.enabled = true (custom)
2019-10-01 23:43:37,335 [pool-639-thread-1] INFO  segmented.SegmentedRaftLogWorker (SegmentedRaftLogWorker.java:lambda$new$0(132)) - ebd725b5-8731-4ac1-91b6-1bfd6f459ef6@group-B7AB4C843754-SegmentedRaftLogWorker: flushIndex: setUnconditionally 0 -> -1
2019-10-01 23:43:37,335 [pool-639-thread-1] INFO  server.RaftServerConfigKeys (ConfUtils.java:logGet(43)) - raft.server.snapshot.auto.trigger.enabled = true (custom)
2019-10-01 23:43:37,335 [pool-639-thread-1] INFO  server.RaftServerConfigKeys (ConfUtils.java:logGet(43)) - raft.server.snapshot.auto.trigger.threshold = 10000 (custom)
2019-10-01 23:43:37,335 [pool-639-thread-1] INFO  server.RaftServerConfigKeys (ConfUtils.java:logGet(43)) - raft.server.snapshot.retention.num.files = 5 (custom)
2019-10-01 23:43:37,335 [pool-639-thread-1] INFO  server.RaftServerConfigKeys (ConfUtils.java:logGet(43)) - raft.server.retrycache.expirytime = 600000ms (custom)
2019-10-01 23:43:37,336 [pool-639-thread-1] INFO  impl.RaftServerImpl (RaftServerImpl.java:start(185)) - ebd725b5-8731-4ac1-91b6-1bfd6f459ef6@group-B7AB4C843754: start as a follower, conf=-1: [ebd725b5-8731-4ac1-91b6-1bfd6f459ef6:192.168.164.203:34095], old=null
2019-10-01 23:43:37,336 [pool-639-thread-1] INFO  impl.RaftServerImpl (RaftServerImpl.java:setRole(174)) - ebd725b5-8731-4ac1-91b6-1bfd6f459ef6@group-B7AB4C843754: changes role from      null to FOLLOWER at term 0 for startAsFollower
2019-10-01 23:43:37,336 [pool-639-thread-1] INFO  impl.RoleInfo (RoleInfo.java:updateAndGet(143)) - ebd725b5-8731-4ac1-91b6-1bfd6f459ef6: start FollowerState
2019-10-01 23:43:37,337 [pool-639-thread-1] INFO  util.JmxRegister (JmxRegister.java:tryRegister(44)) - Successfully registered JMX Bean with object name Ratis:service=RaftServer,group=group-B7AB4C843754,id=ebd725b5-8731-4ac1-91b6-1bfd6f459ef6
2019-10-01 23:43:37,342 [RatisPipelineUtilsThread] INFO  pipeline.PipelineStateManager (PipelineStateManager.java:addPipeline(56)) - Created pipeline Pipeline[ Id: 1e2ef0d1-dc59-4073-ab05-b7ab4c843754, Nodes: ebd725b5-8731-4ac1-91b6-1bfd6f459ef6{ip: 192.168.164.203, host: pr-hdds-2158-lzhrq-821698512, networkLocation: /default-rack, certSerialId: null}, Type:RATIS, Factor:ONE, State:OPEN]
2019-10-01 23:43:37,350 [grpc-default-executor-0] INFO  impl.RaftServerProxy (RaftServerProxy.java:addNew(89)) - ce32e816-65e0-4fe3-9b5e-fe012152cf3a: addNew group-F41A9E00A2F3:[d2ecb2a4-3754-4f5b-b51d-81d499514b0e:192.168.164.203:37402, ce32e816-65e0-4fe3-9b5e-fe012152cf3a:192.168.164.203:43956, ebd725b5-8731-4ac1-91b6-1bfd6f459ef6:192.168.164.203:34095] returns group-F41A9E00A2F3:java.util.concurrent.CompletableFuture@6914e984[Not completed]
2019-10-01 23:43:37,350 [grpc-default-executor-2] INFO  impl.RaftServerProxy (RaftServerProxy.java:addNew(89)) - d2ecb2a4-3754-4f5b-b51d-81d499514b0e: addNew group-F41A9E00A2F3:[d2ecb2a4-3754-4f5b-b51d-81d499514b0e:192.168.164.203:37402, ce32e816-65e0-4fe3-9b5e-fe012152cf3a:192.168.164.203:43956, ebd725b5-8731-4ac1-91b6-1bfd6f459ef6:192.168.164.203:34095] returns group-F41A9E00A2F3:java.util.concurrent.CompletableFuture@72db463a[Not completed]
2019-10-01 23:43:37,350 [grpc-default-executor-3] INFO  impl.RaftServerProxy (RaftServerProxy.java:addNew(89)) - ebd725b5-8731-4ac1-91b6-1bfd6f459ef6: addNew group-F41A9E00A2F3:[d2ecb2a4-3754-4f5b-b51d-81d499514b0e:192.168.164.203:37402, ce32e816-65e0-4fe3-9b5e-fe012152cf3a:192.168.164.203:43956, ebd725b5-8731-4ac1-91b6-1bfd6f459ef6:192.168.164.203:34095] returns group-F41A9E00A2F3:java.util.concurrent.CompletableFuture@4a28c3ba[Not completed]
2019-10-01 23:43:37,351 [pool-629-thread-1] INFO  impl.RaftServerImpl (RaftServerImpl.java:<init>(95)) - d2ecb2a4-3754-4f5b-b51d-81d499514b0e: new RaftServerImpl for group-F41A9E00A2F3:[d2ecb2a4-3754-4f5b-b51d-81d499514b0e:192.168.164.203:37402, ce32e816-65e0-4fe3-9b5e-fe012152cf3a:192.168.164.203:43956, ebd725b5-8731-4ac1-91b6-1bfd6f459ef6:192.168.164.203:34095] with ContainerStateMachine:uninitialized
2019-10-01 23:43:37,351 [pool-629-thread-1] INFO  server.RaftServerConfigKeys (ConfUtils.java:logGet(43)) - raft.server.rpc.timeout.min = 5s (custom)
2019-10-01 23:43:37,351 [pool-629-thread-1] INFO  server.RaftServerConfigKeys (ConfUtils.java:logGet(43)) - raft.server.rpc.timeout.max = 5200ms (custom)
2019-10-01 23:43:37,351 [pool-629-thread-1] INFO  server.RaftServerConfigKeys (ConfUtils.java:logGet(43)) - raft.server.rpcslowness.timeout = 120s (custom)
2019-10-01 23:43:37,352 [pool-639-thread-1] INFO  impl.RaftServerImpl (RaftServerImpl.java:<init>(95)) - ebd725b5-8731-4ac1-91b6-1bfd6f459ef6: new RaftServerImpl for group-F41A9E00A2F3:[d2ecb2a4-3754-4f5b-b51d-81d499514b0e:192.168.164.203:37402, ce32e816-65e0-4fe3-9b5e-fe012152cf3a:192.168.164.203:43956, ebd725b5-8731-4ac1-91b6-1bfd6f459ef6:192.168.164.203:34095] with ContainerStateMachine:uninitialized
2019-10-01 23:43:37,352 [pool-629-thread-1] INFO  server.RaftServerConfigKeys (ConfUtils.java:logGet(43)) - raft.server.sleep.deviation.threshold = 300 (default)
2019-10-01 23:43:37,352 [pool-639-thread-1] INFO  server.RaftServerConfigKeys (ConfUtils.java:logGet(43)) - raft.server.rpc.timeout.min = 5s (custom)
2019-10-01 23:43:37,352 [pool-629-thread-1] INFO  server.RaftServerConfigKeys (ConfUtils.java:logGet(43)) - raft.server.log.appender.install.snapshot.enabled = false (custom)
2019-10-01 23:43:37,352 [pool-639-thread-1] INFO  server.RaftServerConfigKeys (ConfUtils.java:logGet(43)) - raft.server.rpc.timeout.max = 5200ms (custom)
2019-10-01 23:43:37,352 [pool-629-thread-1] INFO  impl.RaftServerImpl (ServerState.java:<init>(103)) - d2ecb2a4-3754-4f5b-b51d-81d499514b0e@group-F41A9E00A2F3: ConfigurationManager, init=-1: [d2ecb2a4-3754-4f5b-b51d-81d499514b0e:192.168.164.203:37402, ce32e816-65e0-4fe3-9b5e-fe012152cf3a:192.168.164.203:43956, ebd725b5-8731-4ac1-91b6-1bfd6f459ef6:192.168.164.203:34095], old=null, confs=<EMPTY_MAP>
2019-10-01 23:43:37,352 [pool-619-thread-1] INFO  impl.RaftServerImpl (RaftServerImpl.java:<init>(95)) - ce32e816-65e0-4fe3-9b5e-fe012152cf3a: new RaftServerImpl for group-F41A9E00A2F3:[d2ecb2a4-3754-4f5b-b51d-81d499514b0e:192.168.164.203:37402, ce32e816-65e0-4fe3-9b5e-fe012152cf3a:192.168.164.203:43956, ebd725b5-8731-4ac1-91b6-1bfd6f459ef6:192.168.164.203:34095] with ContainerStateMachine:uninitialized
2019-10-01 23:43:37,352 [pool-629-thread-1] INFO  server.RaftServerConfigKeys (ConfUtils.java:logGet(43)) - raft.server.storage.dir = [/workdir/hadoop-ozone/integration-test/target/test-dir/MiniOzoneClusterImpl-b0268eef-721c-4f7d-a801-8a29ae4b86e9/datanode-4/data/ratis] (custom)
2019-10-01 23:43:37,352 [pool-639-thread-1] INFO  server.RaftServerConfigKeys (ConfUtils.java:logGet(43)) - raft.server.rpcslowness.timeout = 120s (custom)
2019-10-01 23:43:37,352 [pool-619-thread-1] INFO  server.RaftServerConfigKeys (ConfUtils.java:logGet(43)) - raft.server.rpc.timeout.min = 5s (custom)
2019-10-01 23:43:37,352 [pool-639-thread-1] INFO  server.RaftServerConfigKeys (ConfUtils.java:logGet(43)) - raft.server.sleep.deviation.threshold = 300 (default)
2019-10-01 23:43:37,352 [pool-629-thread-1] INFO  storage.RaftStorageDirectory (RaftStorageDirectory.java:analyzeStorage(246)) - The storage directory /workdir/hadoop-ozone/integration-test/target/test-dir/MiniOzoneClusterImpl-b0268eef-721c-4f7d-a801-8a29ae4b86e9/datanode-4/data/ratis/cc1f94e8-c5be-4080-9539-f41a9e00a2f3 does not exist. Creating ...
2019-10-01 23:43:37,352 [pool-619-thread-1] INFO  server.RaftServerConfigKeys (ConfUtils.java:logGet(43)) - raft.server.rpc.timeout.max = 5200ms (custom)
2019-10-01 23:43:37,352 [pool-639-thread-1] INFO  server.RaftServerConfigKeys (ConfUtils.java:logGet(43)) - raft.server.log.appender.install.snapshot.enabled = false (custom)
2019-10-01 23:43:37,353 [pool-619-thread-1] INFO  server.RaftServerConfigKeys (ConfUtils.java:logGet(43)) - raft.server.rpcslowness.timeout = 120s (custom)
2019-10-01 23:43:37,353 [pool-639-thread-1] INFO  impl.RaftServerImpl (ServerState.java:<init>(103)) - ebd725b5-8731-4ac1-91b6-1bfd6f459ef6@group-F41A9E00A2F3: ConfigurationManager, init=-1: [d2ecb2a4-3754-4f5b-b51d-81d499514b0e:192.168.164.203:37402, ce32e816-65e0-4fe3-9b5e-fe012152cf3a:192.168.164.203:43956, ebd725b5-8731-4ac1-91b6-1bfd6f459ef6:192.168.164.203:34095], old=null, confs=<EMPTY_MAP>
2019-10-01 23:43:37,353 [pool-619-thread-1] INFO  server.RaftServerConfigKeys (ConfUtils.java:logGet(43)) - raft.server.sleep.deviation.threshold = 300 (default)
2019-10-01 23:43:37,353 [pool-639-thread-1] INFO  server.RaftServerConfigKeys (ConfUtils.java:logGet(43)) - raft.server.storage.dir = [/workdir/hadoop-ozone/integration-test/target/test-dir/MiniOzoneClusterImpl-b0268eef-721c-4f7d-a801-8a29ae4b86e9/datanode-5/data/ratis] (custom)
2019-10-01 23:43:37,353 [pool-619-thread-1] INFO  server.RaftServerConfigKeys (ConfUtils.java:logGet(43)) - raft.server.log.appender.install.snapshot.enabled = false (custom)
2019-10-01 23:43:37,353 [pool-619-thread-1] INFO  impl.RaftServerImpl (ServerState.java:<init>(103)) - ce32e816-65e0-4fe3-9b5e-fe012152cf3a@group-F41A9E00A2F3: ConfigurationManager, init=-1: [d2ecb2a4-3754-4f5b-b51d-81d499514b0e:192.168.164.203:37402, ce32e816-65e0-4fe3-9b5e-fe012152cf3a:192.168.164.203:43956, ebd725b5-8731-4ac1-91b6-1bfd6f459ef6:192.168.164.203:34095], old=null, confs=<EMPTY_MAP>
2019-10-01 23:43:37,353 [pool-639-thread-1] INFO  storage.RaftStorageDirectory (RaftStorageDirectory.java:analyzeStorage(246)) - The storage directory /workdir/hadoop-ozone/integration-test/target/test-dir/MiniOzoneClusterImpl-b0268eef-721c-4f7d-a801-8a29ae4b86e9/datanode-5/data/ratis/cc1f94e8-c5be-4080-9539-f41a9e00a2f3 does not exist. Creating ...
2019-10-01 23:43:37,353 [pool-619-thread-1] INFO  server.RaftServerConfigKeys (ConfUtils.java:logGet(43)) - raft.server.storage.dir = [/workdir/hadoop-ozone/integration-test/target/test-dir/MiniOzoneClusterImpl-b0268eef-721c-4f7d-a801-8a29ae4b86e9/datanode-3/data/ratis] (custom)
2019-10-01 23:43:37,353 [pool-619-thread-1] INFO  storage.RaftStorageDirectory (RaftStorageDirectory.java:analyzeStorage(246)) - The storage directory /workdir/hadoop-ozone/integration-test/target/test-dir/MiniOzoneClusterImpl-b0268eef-721c-4f7d-a801-8a29ae4b86e9/datanode-3/data/ratis/cc1f94e8-c5be-4080-9539-f41a9e00a2f3 does not exist. Creating ...
2019-10-01 23:43:37,364 [IPC Server handler 7 on 43645] INFO  net.NetworkTopology (NetworkTopologyImpl.java:add(111)) - Added a new node: /default-rack/a87892ab-7770-4e1b-aec3-9524464f627e
2019-10-01 23:43:37,365 [IPC Server handler 7 on 43645] INFO  node.SCMNodeManager (SCMNodeManager.java:register(266)) - Registered Data node : a87892ab-7770-4e1b-aec3-9524464f627e{ip: 192.168.164.203, host: pr-hdds-2158-lzhrq-821698512, networkLocation: /default-rack, certSerialId: null}
2019-10-01 23:43:37,365 [main] INFO  ozone.MiniOzoneClusterImpl (MiniOzoneClusterImpl.java:lambda$waitForClusterToBeReady$0(145)) - Cluster is ready. Got 7 of 7 DN Heartbeats.
2019-10-01 23:43:37,366 [pool-619-thread-1] INFO  storage.RaftStorageDirectory (RaftStorageDirectory.java:tryLock(328)) - Lock on /workdir/hadoop-ozone/integration-test/target/test-dir/MiniOzoneClusterImpl-b0268eef-721c-4f7d-a801-8a29ae4b86e9/datanode-3/data/ratis/cc1f94e8-c5be-4080-9539-f41a9e00a2f3/in_use.lock acquired by nodename 5991@pr-hdds-2158-lzhrq-821698512
2019-10-01 23:43:37,366 [pool-639-thread-1] INFO  storage.RaftStorageDirectory (RaftStorageDirectory.java:tryLock(328)) - Lock on /workdir/hadoop-ozone/integration-test/target/test-dir/MiniOzoneClusterImpl-b0268eef-721c-4f7d-a801-8a29ae4b86e9/datanode-5/data/ratis/cc1f94e8-c5be-4080-9539-f41a9e00a2f3/in_use.lock acquired by nodename 5991@pr-hdds-2158-lzhrq-821698512
2019-10-01 23:43:37,366 [pool-629-thread-1] INFO  storage.RaftStorageDirectory (RaftStorageDirectory.java:tryLock(328)) - Lock on /workdir/hadoop-ozone/integration-test/target/test-dir/MiniOzoneClusterImpl-b0268eef-721c-4f7d-a801-8a29ae4b86e9/datanode-4/data/ratis/cc1f94e8-c5be-4080-9539-f41a9e00a2f3/in_use.lock acquired by nodename 5991@pr-hdds-2158-lzhrq-821698512
2019-10-01 23:43:37,382 [pool-619-thread-1] INFO  storage.RaftStorage (RaftStorage.java:format(72)) - Storage directory /workdir/hadoop-ozone/integration-test/target/test-dir/MiniOzoneClusterImpl-b0268eef-721c-4f7d-a801-8a29ae4b86e9/datanode-3/data/ratis/cc1f94e8-c5be-4080-9539-f41a9e00a2f3 has been successfully formatted.
2019-10-01 23:43:37,385 [pool-629-thread-1] INFO  storage.RaftStorage (RaftStorage.java:format(72)) - Storage directory /workdir/hadoop-ozone/integration-test/target/test-dir/MiniOzoneClusterImpl-b0268eef-721c-4f7d-a801-8a29ae4b86e9/datanode-4/data/ratis/cc1f94e8-c5be-4080-9539-f41a9e00a2f3 has been successfully formatted.
2019-10-01 23:43:37,389 [pool-639-thread-1] INFO  storage.RaftStorage (RaftStorage.java:format(72)) - Storage directory /workdir/hadoop-ozone/integration-test/target/test-dir/MiniOzoneClusterImpl-b0268eef-721c-4f7d-a801-8a29ae4b86e9/datanode-5/data/ratis/cc1f94e8-c5be-4080-9539-f41a9e00a2f3 has been successfully formatted.
2019-10-01 23:43:37,389 [pool-629-thread-1] INFO  ratis.ContainerStateMachine (ContainerStateMachine.java:loadSnapshot(230)) - group-F41A9E00A2F3: The snapshot info is null. Setting the last applied indexto:(t:0, i:~)
2019-10-01 23:43:37,389 [pool-619-thread-1] INFO  ratis.ContainerStateMachine (ContainerStateMachine.java:loadSnapshot(230)) - group-F41A9E00A2F3: The snapshot info is null. Setting the last applied indexto:(t:0, i:~)
2019-10-01 23:43:37,389 [pool-629-thread-1] INFO  server.RaftServerConfigKeys (ConfUtils.java:logGet(43)) - raft.server.notification.no-leader.timeout = 120s (custom)
2019-10-01 23:43:37,389 [pool-639-thread-1] INFO  ratis.ContainerStateMachine (ContainerStateMachine.java:loadSnapshot(230)) - group-F41A9E00A2F3: The snapshot info is null. Setting the last applied indexto:(t:0, i:~)
2019-10-01 23:43:37,389 [pool-629-thread-1] INFO  server.RaftServerConfigKeys (ConfUtils.java:logGet(43)) - raft.server.log.use.memory = false (default)
2019-10-01 23:43:37,389 [pool-619-thread-1] INFO  server.RaftServerConfigKeys (ConfUtils.java:logGet(43)) - raft.server.notification.no-leader.timeout = 120s (custom)
2019-10-01 23:43:37,389 [pool-629-thread-1] INFO  server.RaftServerConfigKeys (ConfUtils.java:logGet(43)) - raft.server.log.purge.gap = 1000000 (custom)
2019-10-01 23:43:37,389 [pool-639-thread-1] INFO  server.RaftServerConfigKeys (ConfUtils.java:logGet(43)) - raft.server.notification.no-leader.timeout = 120s (custom)
2019-10-01 23:43:37,389 [pool-629-thread-1] INFO  server.RaftServerConfigKeys (ConfUtils.java:logGet(43)) - raft.server.log.appender.buffer.byte-limit = 33554432 (custom)
2019-10-01 23:43:37,389 [pool-619-thread-1] INFO  server.RaftServerConfigKeys (ConfUtils.java:logGet(43)) - raft.server.log.use.memory = false (default)
2019-10-01 23:43:37,390 [pool-629-thread-1] INFO  server.RaftServerConfigKeys (ConfUtils.java:logGet(43)) - raft.server.log.segment.size.max = 1048576 (custom)
2019-10-01 23:43:37,390 [pool-639-thread-1] INFO  server.RaftServerConfigKeys (ConfUtils.java:logGet(43)) - raft.server.log.use.memory = false (default)
2019-10-01 23:43:37,390 [pool-629-thread-1] INFO  server.RaftServerConfigKeys (ConfUtils.java:logGet(43)) - raft.server.log.segment.cache.num.max = 2 (custom)
2019-10-01 23:43:37,390 [pool-619-thread-1] INFO  server.RaftServerConfigKeys (ConfUtils.java:logGet(43)) - raft.server.log.purge.gap = 1000000 (custom)
2019-10-01 23:43:37,390 [pool-629-thread-1] INFO  segmented.SegmentedRaftLogWorker (SegmentedRaftLogWorker.java:<init>(172)) - new d2ecb2a4-3754-4f5b-b51d-81d499514b0e@group-F41A9E00A2F3-SegmentedRaftLogWorker for RaftStorage:Storage Directory /workdir/hadoop-ozone/integration-test/target/test-dir/MiniOzoneClusterImpl-b0268eef-721c-4f7d-a801-8a29ae4b86e9/datanode-4/data/ratis/cc1f94e8-c5be-4080-9539-f41a9e00a2f3
2019-10-01 23:43:37,390 [pool-639-thread-1] INFO  server.RaftServerConfigKeys (ConfUtils.java:logGet(43)) - raft.server.log.purge.gap = 1000000 (custom)
2019-10-01 23:43:37,390 [pool-629-thread-1] INFO  server.RaftServerConfigKeys (ConfUtils.java:logGet(43)) - raft.server.log.queue.byte-limit = 2147483647 (custom)
2019-10-01 23:43:37,390 [pool-619-thread-1] INFO  server.RaftServerConfigKeys (ConfUtils.java:logGet(43)) - raft.server.log.appender.buffer.byte-limit = 33554432 (custom)
2019-10-01 23:43:37,390 [pool-629-thread-1] INFO  server.RaftServerConfigKeys (ConfUtils.java:logGet(43)) - raft.server.log.queue.element-limit = 1024 (custom)
2019-10-01 23:43:37,390 [pool-639-thread-1] INFO  server.RaftServerConfigKeys (ConfUtils.java:logGet(43)) - raft.server.log.appender.buffer.byte-limit = 33554432 (custom)
2019-10-01 23:43:37,391 [pool-629-thread-1] INFO  server.RaftServerConfigKeys (ConfUtils.java:logGet(43)) - raft.server.log.segment.size.max = 1048576 (custom)
2019-10-01 23:43:37,390 [pool-619-thread-1] INFO  server.RaftServerConfigKeys (ConfUtils.java:logGet(43)) - raft.server.log.segment.size.max = 1048576 (custom)
2019-10-01 23:43:37,391 [pool-629-thread-1] INFO  server.RaftServerConfigKeys (ConfUtils.java:logGet(43)) - raft.server.log.preallocated.size = 16384 (custom)
2019-10-01 23:43:37,391 [pool-639-thread-1] INFO  server.RaftServerConfigKeys (ConfUtils.java:logGet(43)) - raft.server.log.segment.size.max = 1048576 (custom)
2019-10-01 23:43:37,391 [pool-629-thread-1] INFO  server.RaftServerConfigKeys (ConfUtils.java:logGet(43)) - raft.server.log.write.buffer.size = 33554432 (custom)
2019-10-01 23:43:37,391 [pool-619-thread-1] INFO  server.RaftServerConfigKeys (ConfUtils.java:logGet(43)) - raft.server.log.segment.cache.num.max = 2 (custom)
2019-10-01 23:43:37,391 [pool-629-thread-1] INFO  server.RaftServerConfigKeys (ConfUtils.java:logGet(43)) - raft.server.log.force.sync.num = 128 (default)
2019-10-01 23:43:37,391 [pool-639-thread-1] INFO  server.RaftServerConfigKeys (ConfUtils.java:logGet(43)) - raft.server.log.segment.cache.num.max = 2 (custom)
2019-10-01 23:43:37,391 [pool-629-thread-1] INFO  server.RaftServerConfigKeys (ConfUtils.java:logGet(43)) - raft.server.log.statemachine.data.sync = true (default)
2019-10-01 23:43:37,391 [pool-619-thread-1] INFO  segmented.SegmentedRaftLogWorker (SegmentedRaftLogWorker.java:<init>(172)) - new ce32e816-65e0-4fe3-9b5e-fe012152cf3a@group-F41A9E00A2F3-SegmentedRaftLogWorker for RaftStorage:Storage Directory /workdir/hadoop-ozone/integration-test/target/test-dir/MiniOzoneClusterImpl-b0268eef-721c-4f7d-a801-8a29ae4b86e9/datanode-3/data/ratis/cc1f94e8-c5be-4080-9539-f41a9e00a2f3
2019-10-01 23:43:37,391 [pool-629-thread-1] INFO  server.RaftServerConfigKeys (ConfUtils.java:logGet(43)) - raft.server.log.statemachine.data.sync.timeout = 10s (default)
2019-10-01 23:43:37,391 [pool-639-thread-1] INFO  segmented.SegmentedRaftLogWorker (SegmentedRaftLogWorker.java:<init>(172)) - new ebd725b5-8731-4ac1-91b6-1bfd6f459ef6@group-F41A9E00A2F3-SegmentedRaftLogWorker for RaftStorage:Storage Directory /workdir/hadoop-ozone/integration-test/target/test-dir/MiniOzoneClusterImpl-b0268eef-721c-4f7d-a801-8a29ae4b86e9/datanode-5/data/ratis/cc1f94e8-c5be-4080-9539-f41a9e00a2f3
2019-10-01 23:43:37,392 [pool-629-thread-1] INFO  server.RaftServerConfigKeys (ConfUtils.java:logGet(43)) - raft.server.log.statemachine.data.sync.timeout.retry = -1 (default)
2019-10-01 23:43:37,391 [pool-619-thread-1] INFO  server.RaftServerConfigKeys (ConfUtils.java:logGet(43)) - raft.server.log.queue.byte-limit = 2147483647 (custom)
2019-10-01 23:43:37,392 [pool-629-thread-1] INFO  server.RaftServerConfigKeys (ConfUtils.java:logGet(43)) - raft.server.log.statemachine.data.caching.enabled = true (custom)
2019-10-01 23:43:37,392 [pool-639-thread-1] INFO  server.RaftServerConfigKeys (ConfUtils.java:logGet(43)) - raft.server.log.queue.byte-limit = 2147483647 (custom)
2019-10-01 23:43:37,392 [pool-619-thread-1] INFO  server.RaftServerConfigKeys (ConfUtils.java:logGet(43)) - raft.server.log.queue.element-limit = 1024 (custom)
2019-10-01 23:43:37,392 [pool-639-thread-1] INFO  server.RaftServerConfigKeys (ConfUtils.java:logGet(43)) - raft.server.log.queue.element-limit = 1024 (custom)
2019-10-01 23:43:37,392 [pool-629-thread-1] INFO  segmented.SegmentedRaftLogWorker (SegmentedRaftLogWorker.java:lambda$new$0(132)) - d2ecb2a4-3754-4f5b-b51d-81d499514b0e@group-F41A9E00A2F3-SegmentedRaftLogWorker: flushIndex: setUnconditionally 0 -> -1
2019-10-01 23:43:37,392 [pool-639-thread-1] INFO  server.RaftServerConfigKeys (ConfUtils.java:logGet(43)) - raft.server.log.segment.size.max = 1048576 (custom)
2019-10-01 23:43:37,392 [pool-619-thread-1] INFO  server.RaftServerConfigKeys (ConfUtils.java:logGet(43)) - raft.server.log.segment.size.max = 1048576 (custom)
2019-10-01 23:43:37,392 [pool-629-thread-1] INFO  server.RaftServerConfigKeys (ConfUtils.java:logGet(43)) - raft.server.snapshot.auto.trigger.enabled = true (custom)
2019-10-01 23:43:37,392 [pool-639-thread-1] INFO  server.RaftServerConfigKeys (ConfUtils.java:logGet(43)) - raft.server.log.preallocated.size = 16384 (custom)
2019-10-01 23:43:37,393 [pool-629-thread-1] INFO  server.RaftServerConfigKeys (ConfUtils.java:logGet(43)) - raft.server.snapshot.auto.trigger.threshold = 10000 (custom)
2019-10-01 23:43:37,392 [pool-619-thread-1] INFO  server.RaftServerConfigKeys (ConfUtils.java:logGet(43)) - raft.server.log.preallocated.size = 16384 (custom)
2019-10-01 23:43:37,393 [pool-629-thread-1] INFO  server.RaftServerConfigKeys (ConfUtils.java:logGet(43)) - raft.server.snapshot.retention.num.files = 5 (custom)
2019-10-01 23:43:37,393 [pool-639-thread-1] INFO  server.RaftServerConfigKeys (ConfUtils.java:logGet(43)) - raft.server.log.write.buffer.size = 33554432 (custom)
2019-10-01 23:43:37,393 [pool-629-thread-1] INFO  server.RaftServerConfigKeys (ConfUtils.java:logGet(43)) - raft.server.retrycache.expirytime = 600000ms (custom)
2019-10-01 23:43:37,393 [pool-619-thread-1] INFO  server.RaftServerConfigKeys (ConfUtils.java:logGet(43)) - raft.server.log.write.buffer.size = 33554432 (custom)
2019-10-01 23:43:37,393 [pool-639-thread-1] INFO  server.RaftServerConfigKeys (ConfUtils.java:logGet(43)) - raft.server.log.force.sync.num = 128 (default)
2019-10-01 23:43:37,393 [pool-619-thread-1] INFO  server.RaftServerConfigKeys (ConfUtils.java:logGet(43)) - raft.server.log.force.sync.num = 128 (default)
2019-10-01 23:43:37,393 [pool-639-thread-1] INFO  server.RaftServerConfigKeys (ConfUtils.java:logGet(43)) - raft.server.log.statemachine.data.sync = true (default)
2019-10-01 23:43:37,393 [pool-619-thread-1] INFO  server.RaftServerConfigKeys (ConfUtils.java:logGet(43)) - raft.server.log.statemachine.data.sync = true (default)
2019-10-01 23:43:37,393 [pool-639-thread-1] INFO  server.RaftServerConfigKeys (ConfUtils.java:logGet(43)) - raft.server.log.statemachine.data.sync.timeout = 10s (default)
2019-10-01 23:43:37,393 [pool-619-thread-1] INFO  server.RaftServerConfigKeys (ConfUtils.java:logGet(43)) - raft.server.log.statemachine.data.sync.timeout = 10s (default)
2019-10-01 23:43:37,394 [pool-639-thread-1] INFO  server.RaftServerConfigKeys (ConfUtils.java:logGet(43)) - raft.server.log.statemachine.data.sync.timeout.retry = -1 (default)
2019-10-01 23:43:37,394 [pool-619-thread-1] INFO  server.RaftServerConfigKeys (ConfUtils.java:logGet(43)) - raft.server.log.statemachine.data.sync.timeout.retry = -1 (default)
2019-10-01 23:43:37,394 [pool-639-thread-1] INFO  server.RaftServerConfigKeys (ConfUtils.java:logGet(43)) - raft.server.log.statemachine.data.caching.enabled = true (custom)
2019-10-01 23:43:37,394 [pool-619-thread-1] INFO  server.RaftServerConfigKeys (ConfUtils.java:logGet(43)) - raft.server.log.statemachine.data.caching.enabled = true (custom)
2019-10-01 23:43:37,394 [pool-639-thread-1] INFO  segmented.SegmentedRaftLogWorker (SegmentedRaftLogWorker.java:lambda$new$0(132)) - ebd725b5-8731-4ac1-91b6-1bfd6f459ef6@group-F41A9E00A2F3-SegmentedRaftLogWorker: flushIndex: setUnconditionally 0 -> -1
2019-10-01 23:43:37,394 [pool-619-thread-1] INFO  segmented.SegmentedRaftLogWorker (SegmentedRaftLogWorker.java:lambda$new$0(132)) - ce32e816-65e0-4fe3-9b5e-fe012152cf3a@group-F41A9E00A2F3-SegmentedRaftLogWorker: flushIndex: setUnconditionally 0 -> -1
2019-10-01 23:43:37,394 [pool-639-thread-1] INFO  server.RaftServerConfigKeys (ConfUtils.java:logGet(43)) - raft.server.snapshot.auto.trigger.enabled = true (custom)
2019-10-01 23:43:37,394 [pool-629-thread-1] INFO  impl.RaftServerImpl (RaftServerImpl.java:start(185)) - d2ecb2a4-3754-4f5b-b51d-81d499514b0e@group-F41A9E00A2F3: start as a follower, conf=-1: [d2ecb2a4-3754-4f5b-b51d-81d499514b0e:192.168.164.203:37402, ce32e816-65e0-4fe3-9b5e-fe012152cf3a:192.168.164.203:43956, ebd725b5-8731-4ac1-91b6-1bfd6f459ef6:192.168.164.203:34095], old=null
2019-10-01 23:43:37,394 [pool-639-thread-1] INFO  server.RaftServerConfigKeys (ConfUtils.java:logGet(43)) - raft.server.snapshot.auto.trigger.threshold = 10000 (custom)
2019-10-01 23:43:37,394 [pool-619-thread-1] INFO  server.RaftServerConfigKeys (ConfUtils.java:logGet(43)) - raft.server.snapshot.auto.trigger.enabled = true (custom)
2019-10-01 23:43:37,394 [pool-639-thread-1] INFO  server.RaftServerConfigKeys (ConfUtils.java:logGet(43)) - raft.server.snapshot.retention.num.files = 5 (custom)
2019-10-01 23:43:37,394 [pool-629-thread-1] INFO  impl.RaftServerImpl (RaftServerImpl.java:setRole(174)) - d2ecb2a4-3754-4f5b-b51d-81d499514b0e@group-F41A9E00A2F3: changes role from      null to FOLLOWER at term 0 for startAsFollower
2019-10-01 23:43:37,395 [pool-639-thread-1] INFO  server.RaftServerConfigKeys (ConfUtils.java:logGet(43)) - raft.server.retrycache.expirytime = 600000ms (custom)
2019-10-01 23:43:37,395 [pool-619-thread-1] INFO  server.RaftServerConfigKeys (ConfUtils.java:logGet(43)) - raft.server.snapshot.auto.trigger.threshold = 10000 (custom)
2019-10-01 23:43:37,395 [pool-629-thread-1] INFO  impl.RoleInfo (RoleInfo.java:updateAndGet(143)) - d2ecb2a4-3754-4f5b-b51d-81d499514b0e: start FollowerState
2019-10-01 23:43:37,395 [pool-619-thread-1] INFO  server.RaftServerConfigKeys (ConfUtils.java:logGet(43)) - raft.server.snapshot.retention.num.files = 5 (custom)
2019-10-01 23:43:37,395 [pool-619-thread-1] INFO  server.RaftServerConfigKeys (ConfUtils.java:logGet(43)) - raft.server.retrycache.expirytime = 600000ms (custom)
2019-10-01 23:43:37,395 [pool-629-thread-1] INFO  util.JmxRegister (JmxRegister.java:tryRegister(44)) - Successfully registered JMX Bean with object name Ratis:service=RaftServer,group=group-F41A9E00A2F3,id=d2ecb2a4-3754-4f5b-b51d-81d499514b0e
2019-10-01 23:43:37,399 [pool-639-thread-1] INFO  impl.RaftServerImpl (RaftServerImpl.java:start(185)) - ebd725b5-8731-4ac1-91b6-1bfd6f459ef6@group-F41A9E00A2F3: start as a follower, conf=-1: [d2ecb2a4-3754-4f5b-b51d-81d499514b0e:192.168.164.203:37402, ce32e816-65e0-4fe3-9b5e-fe012152cf3a:192.168.164.203:43956, ebd725b5-8731-4ac1-91b6-1bfd6f459ef6:192.168.164.203:34095], old=null
2019-10-01 23:43:37,399 [pool-639-thread-1] INFO  impl.RaftServerImpl (RaftServerImpl.java:setRole(174)) - ebd725b5-8731-4ac1-91b6-1bfd6f459ef6@group-F41A9E00A2F3: changes role from      null to FOLLOWER at term 0 for startAsFollower
2019-10-01 23:43:37,399 [pool-619-thread-1] INFO  impl.RaftServerImpl (RaftServerImpl.java:start(185)) - ce32e816-65e0-4fe3-9b5e-fe012152cf3a@group-F41A9E00A2F3: start as a follower, conf=-1: [d2ecb2a4-3754-4f5b-b51d-81d499514b0e:192.168.164.203:37402, ce32e816-65e0-4fe3-9b5e-fe012152cf3a:192.168.164.203:43956, ebd725b5-8731-4ac1-91b6-1bfd6f459ef6:192.168.164.203:34095], old=null
2019-10-01 23:43:37,399 [pool-639-thread-1] INFO  impl.RoleInfo (RoleInfo.java:updateAndGet(143)) - ebd725b5-8731-4ac1-91b6-1bfd6f459ef6: start FollowerState
2019-10-01 23:43:37,403 [main] INFO  rpc.RpcClient (RpcClient.java:createVolume(303)) - Creating Volume: testblockoutputstream, with jenkins1000 as owner.
2019-10-01 23:43:37,403 [pool-619-thread-1] INFO  impl.RaftServerImpl (RaftServerImpl.java:setRole(174)) - ce32e816-65e0-4fe3-9b5e-fe012152cf3a@group-F41A9E00A2F3: changes role from      null to FOLLOWER at term 0 for startAsFollower
2019-10-01 23:43:37,404 [pool-639-thread-1] INFO  util.JmxRegister (JmxRegister.java:tryRegister(44)) - Successfully registered JMX Bean with object name Ratis:service=RaftServer,group=group-F41A9E00A2F3,id=ebd725b5-8731-4ac1-91b6-1bfd6f459ef6
2019-10-01 23:43:37,404 [pool-619-thread-1] INFO  impl.RoleInfo (RoleInfo.java:updateAndGet(143)) - ce32e816-65e0-4fe3-9b5e-fe012152cf3a: start FollowerState
2019-10-01 23:43:37,404 [pool-619-thread-1] INFO  util.JmxRegister (JmxRegister.java:tryRegister(44)) - Successfully registered JMX Bean with object name Ratis:service=RaftServer,group=group-F41A9E00A2F3,id=ce32e816-65e0-4fe3-9b5e-fe012152cf3a
2019-10-01 23:43:37,409 [RatisPipelineUtilsThread] INFO  pipeline.PipelineStateManager (PipelineStateManager.java:addPipeline(56)) - Created pipeline Pipeline[ Id: cc1f94e8-c5be-4080-9539-f41a9e00a2f3, Nodes: ce32e816-65e0-4fe3-9b5e-fe012152cf3a{ip: 192.168.164.203, host: pr-hdds-2158-lzhrq-821698512, networkLocation: /default-rack, certSerialId: null}d2ecb2a4-3754-4f5b-b51d-81d499514b0e{ip: 192.168.164.203, host: pr-hdds-2158-lzhrq-821698512, networkLocation: /default-rack, certSerialId: null}ebd725b5-8731-4ac1-91b6-1bfd6f459ef6{ip: 192.168.164.203, host: pr-hdds-2158-lzhrq-821698512, networkLocation: /default-rack, certSerialId: null}, Type:RATIS, Factor:THREE, State:OPEN]
2019-10-01 23:43:37,411 [IPC Server handler 1 on 39607] INFO  volume.OMVolumeCreateRequest (OMVolumeCreateRequest.java:validateAndUpdateCache(189)) - created volume:testblockoutputstream for user:jenkins1000
2019-10-01 23:43:37,422 [main] INFO  rpc.RpcClient (RpcClient.java:createBucket(442)) - Creating Bucket: testblockoutputstream/testblockoutputstream, with Versioning false and Storage Type set to DISK and Encryption set to false 
2019-10-01 23:43:37,450 [grpc-default-executor-3] INFO  client.GrpcClientProtocolClient (GrpcClientProtocolClient.java:onNext(264)) - client-F596460A9160->ce32e816-65e0-4fe3-9b5e-fe012152cf3a: receive RaftClientReply:client-F596460A9160->ce32e816-65e0-4fe3-9b5e-fe012152cf3a@group-F41A9E00A2F3, cid=235, FAILED org.apache.ratis.protocol.NotLeaderException: Server ce32e816-65e0-4fe3-9b5e-fe012152cf3a@group-F41A9E00A2F3 is not the leader, logIndex=0, commits[ce32e816-65e0-4fe3-9b5e-fe012152cf3a:c-1]
2019-10-01 23:43:38,466 [grpc-default-executor-3] INFO  client.GrpcClientProtocolClient (GrpcClientProtocolClient.java:onNext(264)) - client-F596460A9160->d2ecb2a4-3754-4f5b-b51d-81d499514b0e: receive RaftClientReply:client-F596460A9160->d2ecb2a4-3754-4f5b-b51d-81d499514b0e@group-F41A9E00A2F3, cid=235, FAILED org.apache.ratis.protocol.NotLeaderException: Server d2ecb2a4-3754-4f5b-b51d-81d499514b0e@group-F41A9E00A2F3 is not the leader, logIndex=0, commits[d2ecb2a4-3754-4f5b-b51d-81d499514b0e:c-1]
2019-10-01 23:43:39,477 [grpc-default-executor-2] INFO  client.GrpcClientProtocolClient (GrpcClientProtocolClient.java:onNext(264)) - client-F596460A9160->ebd725b5-8731-4ac1-91b6-1bfd6f459ef6: receive RaftClientReply:client-F596460A9160->ebd725b5-8731-4ac1-91b6-1bfd6f459ef6@group-F41A9E00A2F3, cid=235, FAILED org.apache.ratis.protocol.NotLeaderException: Server ebd725b5-8731-4ac1-91b6-1bfd6f459ef6@group-F41A9E00A2F3 is not the leader, logIndex=0, commits[ebd725b5-8731-4ac1-91b6-1bfd6f459ef6:c-1]
2019-10-01 23:43:39,981 [Thread-3891] INFO  container.ReplicationManager (ReplicationManager.java:start(162)) - Starting Replication Monitor Thread.
2019-10-01 23:43:39,991 [ReplicationMonitor] INFO  container.ReplicationManager (ReplicationManager.java:run(225)) - Replication Monitor Thread took 0 milliseconds for processing 1 containers.
2019-10-01 23:43:40,495 [grpc-default-executor-2] INFO  client.GrpcClientProtocolClient (GrpcClientProtocolClient.java:onNext(264)) - client-F596460A9160->d2ecb2a4-3754-4f5b-b51d-81d499514b0e: receive RaftClientReply:client-F596460A9160->d2ecb2a4-3754-4f5b-b51d-81d499514b0e@group-F41A9E00A2F3, cid=235, FAILED org.apache.ratis.protocol.NotLeaderException: Server d2ecb2a4-3754-4f5b-b51d-81d499514b0e@group-F41A9E00A2F3 is not the leader, logIndex=0, commits[d2ecb2a4-3754-4f5b-b51d-81d499514b0e:c-1]
2019-10-01 23:43:41,510 [grpc-default-executor-3] INFO  client.GrpcClientProtocolClient (GrpcClientProtocolClient.java:onNext(264)) - client-F596460A9160->ce32e816-65e0-4fe3-9b5e-fe012152cf3a: receive RaftClientReply:client-F596460A9160->ce32e816-65e0-4fe3-9b5e-fe012152cf3a@group-F41A9E00A2F3, cid=235, FAILED org.apache.ratis.protocol.NotLeaderException: Server ce32e816-65e0-4fe3-9b5e-fe012152cf3a@group-F41A9E00A2F3 is not the leader, logIndex=0, commits[ce32e816-65e0-4fe3-9b5e-fe012152cf3a:c-1]
2019-10-01 23:43:42,053 [Thread-3893] INFO  impl.FollowerState (FollowerState.java:run(106)) - 0598627c-23ca-4ee8-8b68-6a2bbae8a2e6:group-8EA38DCFF19F changes to CANDIDATE, lastRpcTime:5023, electionTimeout:5023ms
2019-10-01 23:43:42,054 [Thread-3893] INFO  impl.RoleInfo (RoleInfo.java:shutdownFollowerState(121)) - 0598627c-23ca-4ee8-8b68-6a2bbae8a2e6: shutdown FollowerState
2019-10-01 23:43:42,054 [Thread-3893] INFO  impl.RaftServerImpl (RaftServerImpl.java:setRole(174)) - 0598627c-23ca-4ee8-8b68-6a2bbae8a2e6@group-8EA38DCFF19F: changes role from  FOLLOWER to CANDIDATE at term 0 for changeToCandidate
2019-10-01 23:43:42,054 [Thread-3893] INFO  impl.RoleInfo (RoleInfo.java:updateAndGet(143)) - 0598627c-23ca-4ee8-8b68-6a2bbae8a2e6: start LeaderElection
2019-10-01 23:43:42,080 [0598627c-23ca-4ee8-8b68-6a2bbae8a2e6@group-8EA38DCFF19F:LeaderElection82] INFO  impl.LeaderElection (LeaderElection.java:askForVotes(182)) - 0598627c-23ca-4ee8-8b68-6a2bbae8a2e6@group-8EA38DCFF19F:LeaderElection82: begin an election at term 1 for -1: [0598627c-23ca-4ee8-8b68-6a2bbae8a2e6:192.168.164.203:45508], old=null
2019-10-01 23:43:42,080 [0598627c-23ca-4ee8-8b68-6a2bbae8a2e6@group-8EA38DCFF19F:LeaderElection82] INFO  impl.RoleInfo (RoleInfo.java:shutdownLeaderElection(134)) - 0598627c-23ca-4ee8-8b68-6a2bbae8a2e6: shutdown LeaderElection
2019-10-01 23:43:42,080 [0598627c-23ca-4ee8-8b68-6a2bbae8a2e6@group-8EA38DCFF19F:LeaderElection82] INFO  impl.RaftServerImpl (RaftServerImpl.java:setRole(174)) - 0598627c-23ca-4ee8-8b68-6a2bbae8a2e6@group-8EA38DCFF19F: changes role from CANDIDATE to LEADER at term 1 for changeToLeader
2019-10-01 23:43:42,080 [0598627c-23ca-4ee8-8b68-6a2bbae8a2e6@group-8EA38DCFF19F:LeaderElection82] INFO  impl.RaftServerImpl (ServerState.java:setLeader(253)) - 0598627c-23ca-4ee8-8b68-6a2bbae8a2e6@group-8EA38DCFF19F: change Leader from null to 0598627c-23ca-4ee8-8b68-6a2bbae8a2e6 at term 1 for becomeLeader, leader elected after 5060ms
2019-10-01 23:43:42,081 [0598627c-23ca-4ee8-8b68-6a2bbae8a2e6@group-8EA38DCFF19F:LeaderElection82] INFO  server.RaftServerConfigKeys (ConfUtils.java:logGet(43)) - raft.server.staging.catchup.gap = 1000 (default)
2019-10-01 23:43:42,081 [0598627c-23ca-4ee8-8b68-6a2bbae8a2e6@group-8EA38DCFF19F:LeaderElection82] INFO  server.RaftServerConfigKeys (ConfUtils.java:logGet(43)) - raft.server.rpc.sleep.time = 25ms (default)
2019-10-01 23:43:42,081 [0598627c-23ca-4ee8-8b68-6a2bbae8a2e6@group-8EA38DCFF19F:LeaderElection82] INFO  server.RaftServerConfigKeys (ConfUtils.java:logGet(43)) - raft.server.write.element-limit = 4096 (default)
2019-10-01 23:43:42,081 [0598627c-23ca-4ee8-8b68-6a2bbae8a2e6@group-8EA38DCFF19F:LeaderElection82] INFO  server.RaftServerConfigKeys (ConfUtils.java:logGet(43)) - raft.server.watch.timeout = 10s (default)
2019-10-01 23:43:42,081 [0598627c-23ca-4ee8-8b68-6a2bbae8a2e6@group-8EA38DCFF19F:LeaderElection82] INFO  server.RaftServerConfigKeys (ConfUtils.java:logGet(43)) - raft.server.watch.timeout.denomination = 1s (default)
2019-10-01 23:43:42,081 [0598627c-23ca-4ee8-8b68-6a2bbae8a2e6@group-8EA38DCFF19F:LeaderElection82] INFO  server.RaftServerConfigKeys (ConfUtils.java:logGet(43)) - raft.server.watch.element-limit = 65536 (default)
2019-10-01 23:43:42,085 [0598627c-23ca-4ee8-8b68-6a2bbae8a2e6@group-8EA38DCFF19F:LeaderElection82] INFO  impl.RoleInfo (RoleInfo.java:updateAndGet(143)) - 0598627c-23ca-4ee8-8b68-6a2bbae8a2e6: start LeaderState
2019-10-01 23:43:42,085 [0598627c-23ca-4ee8-8b68-6a2bbae8a2e6@group-8EA38DCFF19F:LeaderElection82] INFO  segmented.SegmentedRaftLogWorker (SegmentedRaftLogWorker.java:startLogSegment(380)) - 0598627c-23ca-4ee8-8b68-6a2bbae8a2e6@group-8EA38DCFF19F-SegmentedRaftLogWorker: Starting segment from index:0
2019-10-01 23:43:42,086 [0598627c-23ca-4ee8-8b68-6a2bbae8a2e6@group-8EA38DCFF19F:LeaderElection82] INFO  impl.RaftServerImpl (ServerState.java:setRaftConf(354)) - 0598627c-23ca-4ee8-8b68-6a2bbae8a2e6@group-8EA38DCFF19F: set configuration 0: [0598627c-23ca-4ee8-8b68-6a2bbae8a2e6:192.168.164.203:45508], old=null at 0
2019-10-01 23:43:42,127 [0598627c-23ca-4ee8-8b68-6a2bbae8a2e6@group-8EA38DCFF19F-SegmentedRaftLogWorker] INFO  segmented.SegmentedRaftLogWorker (SegmentedRaftLogWorker.java:execute(569)) - 0598627c-23ca-4ee8-8b68-6a2bbae8a2e6@group-8EA38DCFF19F-SegmentedRaftLogWorker: created new log segment /workdir/hadoop-ozone/integration-test/target/test-dir/MiniOzoneClusterImpl-b0268eef-721c-4f7d-a801-8a29ae4b86e9/datanode-0/data/ratis/8ecb2699-326c-49a7-af74-8ea38dcff19f/current/log_inprogress_0
2019-10-01 23:43:42,180 [Thread-3908] INFO  impl.FollowerState (FollowerState.java:run(106)) - 90975f2f-9485-48a4-a4f0-d3fba7160047:group-EE38EADD79F8 changes to CANDIDATE, lastRpcTime:5015, electionTimeout:5015ms
2019-10-01 23:43:42,180 [Thread-3908] INFO  impl.RoleInfo (RoleInfo.java:shutdownFollowerState(121)) - 90975f2f-9485-48a4-a4f0-d3fba7160047: shutdown FollowerState
2019-10-01 23:43:42,180 [Thread-3908] INFO  impl.RaftServerImpl (RaftServerImpl.java:setRole(174)) - 90975f2f-9485-48a4-a4f0-d3fba7160047@group-EE38EADD79F8: changes role from  FOLLOWER to CANDIDATE at term 0 for changeToCandidate
2019-10-01 23:43:42,180 [Thread-3908] INFO  impl.RoleInfo (RoleInfo.java:updateAndGet(143)) - 90975f2f-9485-48a4-a4f0-d3fba7160047: start LeaderElection
2019-10-01 23:43:42,198 [90975f2f-9485-48a4-a4f0-d3fba7160047@group-EE38EADD79F8:LeaderElection83] INFO  impl.LeaderElection (LeaderElection.java:askForVotes(182)) - 90975f2f-9485-48a4-a4f0-d3fba7160047@group-EE38EADD79F8:LeaderElection83: begin an election at term 1 for -1: [90975f2f-9485-48a4-a4f0-d3fba7160047:192.168.164.203:35738, 0598627c-23ca-4ee8-8b68-6a2bbae8a2e6:192.168.164.203:45508, f1155e5b-ece4-4487-83cd-8dea0b525c9a:192.168.164.203:44400], old=null
2019-10-01 23:43:42,203 [Thread-3896] INFO  impl.FollowerState (FollowerState.java:run(106)) - 90975f2f-9485-48a4-a4f0-d3fba7160047:group-B8F0CE545345 changes to CANDIDATE, lastRpcTime:5116, electionTimeout:5116ms
2019-10-01 23:43:42,203 [Thread-3896] INFO  impl.RoleInfo (RoleInfo.java:shutdownFollowerState(121)) - 90975f2f-9485-48a4-a4f0-d3fba7160047: shutdown FollowerState
2019-10-01 23:43:42,203 [Thread-3896] INFO  impl.RaftServerImpl (RaftServerImpl.java:setRole(174)) - 90975f2f-9485-48a4-a4f0-d3fba7160047@group-B8F0CE545345: changes role from  FOLLOWER to CANDIDATE at term 0 for changeToCandidate
2019-10-01 23:43:42,203 [Thread-3896] INFO  impl.RoleInfo (RoleInfo.java:updateAndGet(143)) - 90975f2f-9485-48a4-a4f0-d3fba7160047: start LeaderElection
2019-10-01 23:43:42,219 [grpc-default-executor-3] INFO  impl.RaftServerImpl (RaftServerImpl.java:setRole(174)) - f1155e5b-ece4-4487-83cd-8dea0b525c9a@group-EE38EADD79F8: changes role from  FOLLOWER to FOLLOWER at term 1 for recognizeCandidate:90975f2f-9485-48a4-a4f0-d3fba7160047
2019-10-01 23:43:42,219 [grpc-default-executor-2] INFO  impl.RaftServerImpl (RaftServerImpl.java:setRole(174)) - 0598627c-23ca-4ee8-8b68-6a2bbae8a2e6@group-EE38EADD79F8: changes role from  FOLLOWER to FOLLOWER at term 1 for recognizeCandidate:90975f2f-9485-48a4-a4f0-d3fba7160047
2019-10-01 23:43:42,219 [grpc-default-executor-3] INFO  impl.RoleInfo (RoleInfo.java:shutdownFollowerState(121)) - f1155e5b-ece4-4487-83cd-8dea0b525c9a: shutdown FollowerState
2019-10-01 23:43:42,222 [grpc-default-executor-2] INFO  impl.RoleInfo (RoleInfo.java:shutdownFollowerState(121)) - 0598627c-23ca-4ee8-8b68-6a2bbae8a2e6: shutdown FollowerState
2019-10-01 23:43:42,224 [grpc-default-executor-3] INFO  impl.RoleInfo (RoleInfo.java:updateAndGet(143)) - f1155e5b-ece4-4487-83cd-8dea0b525c9a: start FollowerState
2019-10-01 23:43:42,224 [Thread-3904] INFO  impl.FollowerState (FollowerState.java:run(115)) - f1155e5b-ece4-4487-83cd-8dea0b525c9a: FollowerState was interrupted: java.lang.InterruptedException: sleep interrupted
2019-10-01 23:43:42,224 [grpc-default-executor-2] INFO  impl.RoleInfo (RoleInfo.java:updateAndGet(143)) - 0598627c-23ca-4ee8-8b68-6a2bbae8a2e6: start FollowerState
2019-10-01 23:43:42,226 [Thread-3903] INFO  impl.FollowerState (FollowerState.java:run(115)) - 0598627c-23ca-4ee8-8b68-6a2bbae8a2e6: FollowerState was interrupted: java.lang.InterruptedException: sleep interrupted
2019-10-01 23:43:42,241 [90975f2f-9485-48a4-a4f0-d3fba7160047@group-B8F0CE545345:LeaderElection84] INFO  impl.LeaderElection (LeaderElection.java:askForVotes(182)) - 90975f2f-9485-48a4-a4f0-d3fba7160047@group-B8F0CE545345:LeaderElection84: begin an election at term 1 for -1: [90975f2f-9485-48a4-a4f0-d3fba7160047:192.168.164.203:35738], old=null
2019-10-01 23:43:42,241 [90975f2f-9485-48a4-a4f0-d3fba7160047@group-B8F0CE545345:LeaderElection84] INFO  impl.RoleInfo (RoleInfo.java:shutdownLeaderElection(134)) - 90975f2f-9485-48a4-a4f0-d3fba7160047: shutdown LeaderElection
2019-10-01 23:43:42,241 [90975f2f-9485-48a4-a4f0-d3fba7160047@group-B8F0CE545345:LeaderElection84] INFO  impl.RaftServerImpl (RaftServerImpl.java:setRole(174)) - 90975f2f-9485-48a4-a4f0-d3fba7160047@group-B8F0CE545345: changes role from CANDIDATE to LEADER at term 1 for changeToLeader
2019-10-01 23:43:42,243 [Thread-3911] INFO  impl.FollowerState (FollowerState.java:run(106)) - ce32e816-65e0-4fe3-9b5e-fe012152cf3a:group-A474EEB8CCFD changes to CANDIDATE, lastRpcTime:5050, electionTimeout:5050ms
2019-10-01 23:43:42,243 [90975f2f-9485-48a4-a4f0-d3fba7160047@group-B8F0CE545345:LeaderElection84] INFO  impl.RaftServerImpl (ServerState.java:setLeader(253)) - 90975f2f-9485-48a4-a4f0-d3fba7160047@group-B8F0CE545345: change Leader from null to 90975f2f-9485-48a4-a4f0-d3fba7160047 at term 1 for becomeLeader, leader elected after 5161ms
2019-10-01 23:43:42,243 [Thread-3911] INFO  impl.RoleInfo (RoleInfo.java:shutdownFollowerState(121)) - ce32e816-65e0-4fe3-9b5e-fe012152cf3a: shutdown FollowerState
2019-10-01 23:43:42,243 [90975f2f-9485-48a4-a4f0-d3fba7160047@group-EE38EADD79F8:LeaderElection83] INFO  impl.LeaderElection (LeaderElection.java:logAndReturn(56)) - 90975f2f-9485-48a4-a4f0-d3fba7160047@group-EE38EADD79F8:LeaderElection83: Election PASSED; received 1 response(s) [90975f2f-9485-48a4-a4f0-d3fba7160047<-0598627c-23ca-4ee8-8b68-6a2bbae8a2e6#0:OK-t1] and 0 exception(s); 90975f2f-9485-48a4-a4f0-d3fba7160047@group-EE38EADD79F8:t1, leader=null, voted=90975f2f-9485-48a4-a4f0-d3fba7160047, raftlog=90975f2f-9485-48a4-a4f0-d3fba7160047@group-EE38EADD79F8-SegmentedRaftLog:OPENED:c-1,f-1,i0, conf=-1: [90975f2f-9485-48a4-a4f0-d3fba7160047:192.168.164.203:35738, 0598627c-23ca-4ee8-8b68-6a2bbae8a2e6:192.168.164.203:45508, f1155e5b-ece4-4487-83cd-8dea0b525c9a:192.168.164.203:44400], old=null
2019-10-01 23:43:42,243 [90975f2f-9485-48a4-a4f0-d3fba7160047@group-B8F0CE545345:LeaderElection84] INFO  server.RaftServerConfigKeys (ConfUtils.java:logGet(43)) - raft.server.staging.catchup.gap = 1000 (default)
2019-10-01 23:43:42,243 [Thread-3911] INFO  impl.RaftServerImpl (RaftServerImpl.java:setRole(174)) - ce32e816-65e0-4fe3-9b5e-fe012152cf3a@group-A474EEB8CCFD: changes role from  FOLLOWER to CANDIDATE at term 0 for changeToCandidate
2019-10-01 23:43:42,245 [90975f2f-9485-48a4-a4f0-d3fba7160047@group-B8F0CE545345:LeaderElection84] INFO  server.RaftServerConfigKeys (ConfUtils.java:logGet(43)) - raft.server.rpc.sleep.time = 25ms (default)
2019-10-01 23:43:42,244 [90975f2f-9485-48a4-a4f0-d3fba7160047@group-EE38EADD79F8:LeaderElection83] INFO  impl.RoleInfo (RoleInfo.java:shutdownLeaderElection(134)) - 90975f2f-9485-48a4-a4f0-d3fba7160047: shutdown LeaderElection
2019-10-01 23:43:42,246 [90975f2f-9485-48a4-a4f0-d3fba7160047@group-B8F0CE545345:LeaderElection84] INFO  server.RaftServerConfigKeys (ConfUtils.java:logGet(43)) - raft.server.write.element-limit = 4096 (default)
2019-10-01 23:43:42,246 [Thread-3911] INFO  impl.RoleInfo (RoleInfo.java:updateAndGet(143)) - ce32e816-65e0-4fe3-9b5e-fe012152cf3a: start LeaderElection
2019-10-01 23:43:42,246 [90975f2f-9485-48a4-a4f0-d3fba7160047@group-B8F0CE545345:LeaderElection84] INFO  server.RaftServerConfigKeys (ConfUtils.java:logGet(43)) - raft.server.watch.timeout = 10s (default)
2019-10-01 23:43:42,246 [90975f2f-9485-48a4-a4f0-d3fba7160047@group-EE38EADD79F8:LeaderElection83] INFO  impl.RaftServerImpl (RaftServerImpl.java:setRole(174)) - 90975f2f-9485-48a4-a4f0-d3fba7160047@group-EE38EADD79F8: changes role from CANDIDATE to LEADER at term 1 for changeToLeader
2019-10-01 23:43:42,250 [90975f2f-9485-48a4-a4f0-d3fba7160047@group-EE38EADD79F8:LeaderElection83] INFO  impl.RaftServerImpl (ServerState.java:setLeader(253)) - 90975f2f-9485-48a4-a4f0-d3fba7160047@group-EE38EADD79F8: change Leader from null to 90975f2f-9485-48a4-a4f0-d3fba7160047 at term 1 for becomeLeader, leader elected after 5095ms
2019-10-01 23:43:42,248 [90975f2f-9485-48a4-a4f0-d3fba7160047@group-B8F0CE545345:LeaderElection84] INFO  server.RaftServerConfigKeys (ConfUtils.java:logGet(43)) - raft.server.watch.timeout.denomination = 1s (default)
2019-10-01 23:43:42,250 [90975f2f-9485-48a4-a4f0-d3fba7160047@group-EE38EADD79F8:LeaderElection83] INFO  server.RaftServerConfigKeys (ConfUtils.java:logGet(43)) - raft.server.staging.catchup.gap = 1000 (default)
2019-10-01 23:43:42,250 [90975f2f-9485-48a4-a4f0-d3fba7160047@group-B8F0CE545345:LeaderElection84] INFO  server.RaftServerConfigKeys (ConfUtils.java:logGet(43)) - raft.server.watch.element-limit = 65536 (default)
2019-10-01 23:43:42,251 [90975f2f-9485-48a4-a4f0-d3fba7160047@group-EE38EADD79F8:LeaderElection83] INFO  server.RaftServerConfigKeys (ConfUtils.java:logGet(43)) - raft.server.rpc.sleep.time = 25ms (default)
2019-10-01 23:43:42,251 [90975f2f-9485-48a4-a4f0-d3fba7160047@group-EE38EADD79F8:LeaderElection83] INFO  server.RaftServerConfigKeys (ConfUtils.java:logGet(43)) - raft.server.write.element-limit = 4096 (default)
2019-10-01 23:43:42,251 [90975f2f-9485-48a4-a4f0-d3fba7160047@group-EE38EADD79F8:LeaderElection83] INFO  server.RaftServerConfigKeys (ConfUtils.java:logGet(43)) - raft.server.watch.timeout = 10s (default)
2019-10-01 23:43:42,251 [90975f2f-9485-48a4-a4f0-d3fba7160047@group-EE38EADD79F8:LeaderElection83] INFO  server.RaftServerConfigKeys (ConfUtils.java:logGet(43)) - raft.server.watch.timeout.denomination = 1s (default)
2019-10-01 23:43:42,251 [90975f2f-9485-48a4-a4f0-d3fba7160047@group-EE38EADD79F8:LeaderElection83] INFO  server.RaftServerConfigKeys (ConfUtils.java:logGet(43)) - raft.server.watch.element-limit = 65536 (default)
2019-10-01 23:43:42,253 [90975f2f-9485-48a4-a4f0-d3fba7160047@group-B8F0CE545345:LeaderElection84] INFO  impl.RoleInfo (RoleInfo.java:updateAndGet(143)) - 90975f2f-9485-48a4-a4f0-d3fba7160047: start LeaderState
2019-10-01 23:43:42,253 [90975f2f-9485-48a4-a4f0-d3fba7160047@group-B8F0CE545345:LeaderElection84] INFO  segmented.SegmentedRaftLogWorker (SegmentedRaftLogWorker.java:startLogSegment(380)) - 90975f2f-9485-48a4-a4f0-d3fba7160047@group-B8F0CE545345-SegmentedRaftLogWorker: Starting segment from index:0
2019-10-01 23:43:42,254 [90975f2f-9485-48a4-a4f0-d3fba7160047@group-EE38EADD79F8:LeaderElection83] INFO  server.RaftServerConfigKeys (ConfUtils.java:logGet(43)) - raft.server.log.appender.snapshot.chunk.size.max = 16MB (=16777216) (default)
2019-10-01 23:43:42,254 [90975f2f-9485-48a4-a4f0-d3fba7160047@group-B8F0CE545345:LeaderElection84] INFO  impl.RaftServerImpl (ServerState.java:setRaftConf(354)) - 90975f2f-9485-48a4-a4f0-d3fba7160047@group-B8F0CE545345: set configuration 0: [90975f2f-9485-48a4-a4f0-d3fba7160047:192.168.164.203:35738], old=null at 0
2019-10-01 23:43:42,254 [90975f2f-9485-48a4-a4f0-d3fba7160047@group-EE38EADD79F8:LeaderElection83] INFO  server.RaftServerConfigKeys (ConfUtils.java:logGet(43)) - raft.server.log.appender.buffer.byte-limit = 33554432 (custom)
2019-10-01 23:43:42,278 [ce32e816-65e0-4fe3-9b5e-fe012152cf3a@group-A474EEB8CCFD:LeaderElection85] INFO  impl.LeaderElection (LeaderElection.java:askForVotes(182)) - ce32e816-65e0-4fe3-9b5e-fe012152cf3a@group-A474EEB8CCFD:LeaderElection85: begin an election at term 1 for -1: [ce32e816-65e0-4fe3-9b5e-fe012152cf3a:192.168.164.203:43956], old=null
2019-10-01 23:43:42,278 [90975f2f-9485-48a4-a4f0-d3fba7160047@group-EE38EADD79F8:LeaderElection83] INFO  server.RaftServerConfigKeys (ConfUtils.java:logGet(43)) - raft.server.log.appender.buffer.element-limit = 1 (custom)
2019-10-01 23:43:42,278 [ce32e816-65e0-4fe3-9b5e-fe012152cf3a@group-A474EEB8CCFD:LeaderElection85] INFO  impl.RoleInfo (RoleInfo.java:shutdownLeaderElection(134)) - ce32e816-65e0-4fe3-9b5e-fe012152cf3a: shutdown LeaderElection
2019-10-01 23:43:42,278 [ce32e816-65e0-4fe3-9b5e-fe012152cf3a@group-A474EEB8CCFD:LeaderElection85] INFO  impl.RaftServerImpl (RaftServerImpl.java:setRole(174)) - ce32e816-65e0-4fe3-9b5e-fe012152cf3a@group-A474EEB8CCFD: changes role from CANDIDATE to LEADER at term 1 for changeToLeader
2019-10-01 23:43:42,278 [90975f2f-9485-48a4-a4f0-d3fba7160047@group-EE38EADD79F8:LeaderElection83] INFO  grpc.GrpcConfigKeys$Server (ConfUtils.java:logGet(43)) - raft.grpc.server.leader.outstanding.appends.max = 128 (default)
2019-10-01 23:43:42,278 [ce32e816-65e0-4fe3-9b5e-fe012152cf3a@group-A474EEB8CCFD:LeaderElection85] INFO  impl.RaftServerImpl (ServerState.java:setLeader(253)) - ce32e816-65e0-4fe3-9b5e-fe012152cf3a@group-A474EEB8CCFD: change Leader from null to ce32e816-65e0-4fe3-9b5e-fe012152cf3a at term 1 for becomeLeader, leader elected after 5092ms
2019-10-01 23:43:42,279 [90975f2f-9485-48a4-a4f0-d3fba7160047@group-EE38EADD79F8:LeaderElection83] INFO  server.RaftServerConfigKeys (ConfUtils.java:logGet(43)) - raft.server.rpc.request.timeout = 3000ms (default)
2019-10-01 23:43:42,279 [ce32e816-65e0-4fe3-9b5e-fe012152cf3a@group-A474EEB8CCFD:LeaderElection85] INFO  server.RaftServerConfigKeys (ConfUtils.java:logGet(43)) - raft.server.staging.catchup.gap = 1000 (default)
2019-10-01 23:43:42,279 [90975f2f-9485-48a4-a4f0-d3fba7160047@group-EE38EADD79F8:LeaderElection83] INFO  server.RaftServerConfigKeys (ConfUtils.java:logGet(43)) - raft.server.log.appender.install.snapshot.enabled = false (custom)
2019-10-01 23:43:42,279 [ce32e816-65e0-4fe3-9b5e-fe012152cf3a@group-A474EEB8CCFD:LeaderElection85] INFO  server.RaftServerConfigKeys (ConfUtils.java:logGet(43)) - raft.server.rpc.sleep.time = 25ms (default)
2019-10-01 23:43:42,279 [90975f2f-9485-48a4-a4f0-d3fba7160047@group-EE38EADD79F8:LeaderElection83] INFO  server.RaftServerConfigKeys (ConfUtils.java:logGet(43)) - raft.server.log.appender.snapshot.chunk.size.max = 16MB (=16777216) (default)
2019-10-01 23:43:42,279 [ce32e816-65e0-4fe3-9b5e-fe012152cf3a@group-A474EEB8CCFD:LeaderElection85] INFO  server.RaftServerConfigKeys (ConfUtils.java:logGet(43)) - raft.server.write.element-limit = 4096 (default)
2019-10-01 23:43:42,280 [90975f2f-9485-48a4-a4f0-d3fba7160047@group-EE38EADD79F8:LeaderElection83] INFO  server.RaftServerConfigKeys (ConfUtils.java:logGet(43)) - raft.server.log.appender.buffer.byte-limit = 33554432 (custom)
2019-10-01 23:43:42,280 [ce32e816-65e0-4fe3-9b5e-fe012152cf3a@group-A474EEB8CCFD:LeaderElection85] INFO  server.RaftServerConfigKeys (ConfUtils.java:logGet(43)) - raft.server.watch.timeout = 10s (default)
2019-10-01 23:43:42,280 [90975f2f-9485-48a4-a4f0-d3fba7160047@group-EE38EADD79F8:LeaderElection83] INFO  server.RaftServerConfigKeys (ConfUtils.java:logGet(43)) - raft.server.log.appender.buffer.element-limit = 1 (custom)
2019-10-01 23:43:42,280 [ce32e816-65e0-4fe3-9b5e-fe012152cf3a@group-A474EEB8CCFD:LeaderElection85] INFO  server.RaftServerConfigKeys (ConfUtils.java:logGet(43)) - raft.server.watch.timeout.denomination = 1s (default)
2019-10-01 23:43:42,280 [90975f2f-9485-48a4-a4f0-d3fba7160047@group-EE38EADD79F8:LeaderElection83] INFO  grpc.GrpcConfigKeys$Server (ConfUtils.java:logGet(43)) - raft.grpc.server.leader.outstanding.appends.max = 128 (default)
2019-10-01 23:43:42,280 [ce32e816-65e0-4fe3-9b5e-fe012152cf3a@group-A474EEB8CCFD:LeaderElection85] INFO  server.RaftServerConfigKeys (ConfUtils.java:logGet(43)) - raft.server.watch.element-limit = 65536 (default)
2019-10-01 23:43:42,280 [90975f2f-9485-48a4-a4f0-d3fba7160047@group-EE38EADD79F8:LeaderElection83] INFO  server.RaftServerConfigKeys (ConfUtils.java:logGet(43)) - raft.server.rpc.request.timeout = 3000ms (default)
2019-10-01 23:43:42,281 [90975f2f-9485-48a4-a4f0-d3fba7160047@group-EE38EADD79F8:LeaderElection83] INFO  server.RaftServerConfigKeys (ConfUtils.java:logGet(43)) - raft.server.log.appender.install.snapshot.enabled = false (custom)
2019-10-01 23:43:42,281 [90975f2f-9485-48a4-a4f0-d3fba7160047@group-EE38EADD79F8:LeaderElection83] INFO  impl.RoleInfo (RoleInfo.java:updateAndGet(143)) - 90975f2f-9485-48a4-a4f0-d3fba7160047: start LeaderState
2019-10-01 23:43:42,281 [90975f2f-9485-48a4-a4f0-d3fba7160047@group-EE38EADD79F8:LeaderElection83] INFO  segmented.SegmentedRaftLogWorker (SegmentedRaftLogWorker.java:startLogSegment(380)) - 90975f2f-9485-48a4-a4f0-d3fba7160047@group-EE38EADD79F8-SegmentedRaftLogWorker: Starting segment from index:0
2019-10-01 23:43:42,282 [ce32e816-65e0-4fe3-9b5e-fe012152cf3a@group-A474EEB8CCFD:LeaderElection85] INFO  impl.RoleInfo (RoleInfo.java:updateAndGet(143)) - ce32e816-65e0-4fe3-9b5e-fe012152cf3a: start LeaderState
2019-10-01 23:43:42,282 [90975f2f-9485-48a4-a4f0-d3fba7160047@group-EE38EADD79F8:LeaderElection83] INFO  impl.RaftServerImpl (ServerState.java:setRaftConf(354)) - 90975f2f-9485-48a4-a4f0-d3fba7160047@group-EE38EADD79F8: set configuration 0: [90975f2f-9485-48a4-a4f0-d3fba7160047:192.168.164.203:35738, 0598627c-23ca-4ee8-8b68-6a2bbae8a2e6:192.168.164.203:45508, f1155e5b-ece4-4487-83cd-8dea0b525c9a:192.168.164.203:44400], old=null at 0
2019-10-01 23:43:42,282 [ce32e816-65e0-4fe3-9b5e-fe012152cf3a@group-A474EEB8CCFD:LeaderElection85] INFO  segmented.SegmentedRaftLogWorker (SegmentedRaftLogWorker.java:startLogSegment(380)) - ce32e816-65e0-4fe3-9b5e-fe012152cf3a@group-A474EEB8CCFD-SegmentedRaftLogWorker: Starting segment from index:0
2019-10-01 23:43:42,314 [90975f2f-9485-48a4-a4f0-d3fba7160047@group-B8F0CE545345-SegmentedRaftLogWorker] INFO  segmented.SegmentedRaftLogWorker (SegmentedRaftLogWorker.java:execute(569)) - 90975f2f-9485-48a4-a4f0-d3fba7160047@group-B8F0CE545345-SegmentedRaftLogWorker: created new log segment /workdir/hadoop-ozone/integration-test/target/test-dir/MiniOzoneClusterImpl-b0268eef-721c-4f7d-a801-8a29ae4b86e9/datanode-1/data/ratis/ed392712-13ea-4750-a416-b8f0ce545345/current/log_inprogress_0
2019-10-01 23:43:42,314 [Thread-3899] INFO  impl.FollowerState (FollowerState.java:run(106)) - f1155e5b-ece4-4487-83cd-8dea0b525c9a:group-772E0D47C60A changes to CANDIDATE, lastRpcTime:5188, electionTimeout:5178ms
2019-10-01 23:43:42,314 [ce32e816-65e0-4fe3-9b5e-fe012152cf3a@group-A474EEB8CCFD:LeaderElection85] INFO  impl.RaftServerImpl (ServerState.java:setRaftConf(354)) - ce32e816-65e0-4fe3-9b5e-fe012152cf3a@group-A474EEB8CCFD: set configuration 0: [ce32e816-65e0-4fe3-9b5e-fe012152cf3a:192.168.164.203:43956], old=null at 0
2019-10-01 23:43:42,314 [Thread-3899] INFO  impl.RoleInfo (RoleInfo.java:shutdownFollowerState(121)) - f1155e5b-ece4-4487-83cd-8dea0b525c9a: shutdown FollowerState
2019-10-01 23:43:42,342 [Thread-3899] INFO  impl.RaftServerImpl (RaftServerImpl.java:setRole(174)) - f1155e5b-ece4-4487-83cd-8dea0b525c9a@group-772E0D47C60A: changes role from  FOLLOWER to CANDIDATE at term 0 for changeToCandidate
2019-10-01 23:43:42,342 [Thread-3899] INFO  impl.RoleInfo (RoleInfo.java:updateAndGet(143)) - f1155e5b-ece4-4487-83cd-8dea0b525c9a: start LeaderElection
2019-10-01 23:43:42,346 [grpc-default-executor-2] INFO  impl.RaftServerImpl (ServerState.java:setLeader(253)) - 0598627c-23ca-4ee8-8b68-6a2bbae8a2e6@group-EE38EADD79F8: change Leader from null to 90975f2f-9485-48a4-a4f0-d3fba7160047 at term 1 for appendEntries, leader elected after 5194ms
2019-10-01 23:43:42,348 [grpc-default-executor-3] INFO  impl.RaftServerImpl (ServerState.java:setLeader(253)) - f1155e5b-ece4-4487-83cd-8dea0b525c9a@group-EE38EADD79F8: change Leader from null to 90975f2f-9485-48a4-a4f0-d3fba7160047 at term 1 for appendEntries, leader elected after 5196ms
2019-10-01 23:43:42,360 [grpc-default-executor-2] INFO  impl.RaftServerImpl (ServerState.java:setRaftConf(354)) - f1155e5b-ece4-4487-83cd-8dea0b525c9a@group-EE38EADD79F8: set configuration 0: [90975f2f-9485-48a4-a4f0-d3fba7160047:192.168.164.203:35738, 0598627c-23ca-4ee8-8b68-6a2bbae8a2e6:192.168.164.203:45508, f1155e5b-ece4-4487-83cd-8dea0b525c9a:192.168.164.203:44400], old=null at 0
2019-10-01 23:43:42,360 [grpc-default-executor-3] INFO  impl.RaftServerImpl (ServerState.java:setRaftConf(354)) - 0598627c-23ca-4ee8-8b68-6a2bbae8a2e6@group-EE38EADD79F8: set configuration 0: [90975f2f-9485-48a4-a4f0-d3fba7160047:192.168.164.203:35738, 0598627c-23ca-4ee8-8b68-6a2bbae8a2e6:192.168.164.203:45508, f1155e5b-ece4-4487-83cd-8dea0b525c9a:192.168.164.203:44400], old=null at 0
2019-10-01 23:43:42,361 [grpc-default-executor-2] INFO  segmented.SegmentedRaftLogWorker (SegmentedRaftLogWorker.java:startLogSegment(380)) - f1155e5b-ece4-4487-83cd-8dea0b525c9a@group-EE38EADD79F8-SegmentedRaftLogWorker: Starting segment from index:0
2019-10-01 23:43:42,361 [grpc-default-executor-3] INFO  segmented.SegmentedRaftLogWorker (SegmentedRaftLogWorker.java:startLogSegment(380)) - 0598627c-23ca-4ee8-8b68-6a2bbae8a2e6@group-EE38EADD79F8-SegmentedRaftLogWorker: Starting segment from index:0
2019-10-01 23:43:42,364 [ce32e816-65e0-4fe3-9b5e-fe012152cf3a@group-A474EEB8CCFD-SegmentedRaftLogWorker] INFO  segmented.SegmentedRaftLogWorker (SegmentedRaftLogWorker.java:execute(569)) - ce32e816-65e0-4fe3-9b5e-fe012152cf3a@group-A474EEB8CCFD-SegmentedRaftLogWorker: created new log segment /workdir/hadoop-ozone/integration-test/target/test-dir/MiniOzoneClusterImpl-b0268eef-721c-4f7d-a801-8a29ae4b86e9/datanode-3/data/ratis/6c82b395-e7a9-478e-bbce-a474eeb8ccfd/current/log_inprogress_0
2019-10-01 23:43:42,364 [90975f2f-9485-48a4-a4f0-d3fba7160047@group-EE38EADD79F8-SegmentedRaftLogWorker] INFO  segmented.SegmentedRaftLogWorker (SegmentedRaftLogWorker.java:execute(569)) - 90975f2f-9485-48a4-a4f0-d3fba7160047@group-EE38EADD79F8-SegmentedRaftLogWorker: created new log segment /workdir/hadoop-ozone/integration-test/target/test-dir/MiniOzoneClusterImpl-b0268eef-721c-4f7d-a801-8a29ae4b86e9/datanode-1/data/ratis/cad6c25d-20b1-4188-a2c0-ee38eadd79f8/current/log_inprogress_0
2019-10-01 23:43:42,364 [f1155e5b-ece4-4487-83cd-8dea0b525c9a@group-772E0D47C60A:LeaderElection86] INFO  impl.LeaderElection (LeaderElection.java:askForVotes(182)) - f1155e5b-ece4-4487-83cd-8dea0b525c9a@group-772E0D47C60A:LeaderElection86: begin an election at term 1 for -1: [f1155e5b-ece4-4487-83cd-8dea0b525c9a:192.168.164.203:44400], old=null
2019-10-01 23:43:42,364 [f1155e5b-ece4-4487-83cd-8dea0b525c9a@group-772E0D47C60A:LeaderElection86] INFO  impl.RoleInfo (RoleInfo.java:shutdownLeaderElection(134)) - f1155e5b-ece4-4487-83cd-8dea0b525c9a: shutdown LeaderElection
2019-10-01 23:43:42,364 [f1155e5b-ece4-4487-83cd-8dea0b525c9a@group-772E0D47C60A:LeaderElection86] INFO  impl.RaftServerImpl (RaftServerImpl.java:setRole(174)) - f1155e5b-ece4-4487-83cd-8dea0b525c9a@group-772E0D47C60A: changes role from CANDIDATE to LEADER at term 1 for changeToLeader
2019-10-01 23:43:42,364 [f1155e5b-ece4-4487-83cd-8dea0b525c9a@group-772E0D47C60A:LeaderElection86] INFO  impl.RaftServerImpl (ServerState.java:setLeader(253)) - f1155e5b-ece4-4487-83cd-8dea0b525c9a@group-772E0D47C60A: change Leader from null to f1155e5b-ece4-4487-83cd-8dea0b525c9a at term 1 for becomeLeader, leader elected after 5243ms
2019-10-01 23:43:42,364 [f1155e5b-ece4-4487-83cd-8dea0b525c9a@group-772E0D47C60A:LeaderElection86] INFO  server.RaftServerConfigKeys (ConfUtils.java:logGet(43)) - raft.server.staging.catchup.gap = 1000 (default)
2019-10-01 23:43:42,364 [f1155e5b-ece4-4487-83cd-8dea0b525c9a@group-772E0D47C60A:LeaderElection86] INFO  server.RaftServerConfigKeys (ConfUtils.java:logGet(43)) - raft.server.rpc.sleep.time = 25ms (default)
2019-10-01 23:43:42,365 [f1155e5b-ece4-4487-83cd-8dea0b525c9a@group-772E0D47C60A:LeaderElection86] INFO  server.RaftServerConfigKeys (ConfUtils.java:logGet(43)) - raft.server.write.element-limit = 4096 (default)
2019-10-01 23:43:42,365 [f1155e5b-ece4-4487-83cd-8dea0b525c9a@group-772E0D47C60A:LeaderElection86] INFO  server.RaftServerConfigKeys (ConfUtils.java:logGet(43)) - raft.server.watch.timeout = 10s (default)
2019-10-01 23:43:42,365 [f1155e5b-ece4-4487-83cd-8dea0b525c9a@group-772E0D47C60A:LeaderElection86] INFO  server.RaftServerConfigKeys (ConfUtils.java:logGet(43)) - raft.server.watch.timeout.denomination = 1s (default)
2019-10-01 23:43:42,365 [f1155e5b-ece4-4487-83cd-8dea0b525c9a@group-772E0D47C60A:LeaderElection86] INFO  server.RaftServerConfigKeys (ConfUtils.java:logGet(43)) - raft.server.watch.element-limit = 65536 (default)
2019-10-01 23:43:42,367 [f1155e5b-ece4-4487-83cd-8dea0b525c9a@group-772E0D47C60A:LeaderElection86] INFO  impl.RoleInfo (RoleInfo.java:updateAndGet(143)) - f1155e5b-ece4-4487-83cd-8dea0b525c9a: start LeaderState
2019-10-01 23:43:42,367 [f1155e5b-ece4-4487-83cd-8dea0b525c9a@group-772E0D47C60A:LeaderElection86] INFO  segmented.SegmentedRaftLogWorker (SegmentedRaftLogWorker.java:startLogSegment(380)) - f1155e5b-ece4-4487-83cd-8dea0b525c9a@group-772E0D47C60A-SegmentedRaftLogWorker: Starting segment from index:0
2019-10-01 23:43:42,367 [f1155e5b-ece4-4487-83cd-8dea0b525c9a@group-772E0D47C60A:LeaderElection86] INFO  impl.RaftServerImpl (ServerState.java:setRaftConf(354)) - f1155e5b-ece4-4487-83cd-8dea0b525c9a@group-772E0D47C60A: set configuration 0: [f1155e5b-ece4-4487-83cd-8dea0b525c9a:192.168.164.203:44400], old=null at 0
2019-10-01 23:43:42,398 [Thread-3914] INFO  impl.FollowerState (FollowerState.java:run(106)) - d2ecb2a4-3754-4f5b-b51d-81d499514b0e:group-15336D57C2F8 changes to CANDIDATE, lastRpcTime:5132, electionTimeout:5104ms
2019-10-01 23:43:42,398 [Thread-3914] INFO  impl.RoleInfo (RoleInfo.java:shutdownFollowerState(121)) - d2ecb2a4-3754-4f5b-b51d-81d499514b0e: shutdown FollowerState
2019-10-01 23:43:42,398 [Thread-3914] INFO  impl.RaftServerImpl (RaftServerImpl.java:setRole(174)) - d2ecb2a4-3754-4f5b-b51d-81d499514b0e@group-15336D57C2F8: changes role from  FOLLOWER to CANDIDATE at term 0 for changeToCandidate
2019-10-01 23:43:42,398 [Thread-3914] INFO  impl.RoleInfo (RoleInfo.java:updateAndGet(143)) - d2ecb2a4-3754-4f5b-b51d-81d499514b0e: start LeaderElection
2019-10-01 23:43:42,411 [f1155e5b-ece4-4487-83cd-8dea0b525c9a@group-EE38EADD79F8-SegmentedRaftLogWorker] INFO  segmented.SegmentedRaftLogWorker (SegmentedRaftLogWorker.java:execute(569)) - f1155e5b-ece4-4487-83cd-8dea0b525c9a@group-EE38EADD79F8-SegmentedRaftLogWorker: created new log segment /workdir/hadoop-ozone/integration-test/target/test-dir/MiniOzoneClusterImpl-b0268eef-721c-4f7d-a801-8a29ae4b86e9/datanode-2/data/ratis/cad6c25d-20b1-4188-a2c0-ee38eadd79f8/current/log_inprogress_0
2019-10-01 23:43:42,411 [0598627c-23ca-4ee8-8b68-6a2bbae8a2e6@group-EE38EADD79F8-SegmentedRaftLogWorker] INFO  segmented.SegmentedRaftLogWorker (SegmentedRaftLogWorker.java:execute(569)) - 0598627c-23ca-4ee8-8b68-6a2bbae8a2e6@group-EE38EADD79F8-SegmentedRaftLogWorker: created new log segment /workdir/hadoop-ozone/integration-test/target/test-dir/MiniOzoneClusterImpl-b0268eef-721c-4f7d-a801-8a29ae4b86e9/datanode-0/data/ratis/cad6c25d-20b1-4188-a2c0-ee38eadd79f8/current/log_inprogress_0
2019-10-01 23:43:42,411 [d2ecb2a4-3754-4f5b-b51d-81d499514b0e@group-15336D57C2F8:LeaderElection87] INFO  impl.LeaderElection (LeaderElection.java:askForVotes(182)) - d2ecb2a4-3754-4f5b-b51d-81d499514b0e@group-15336D57C2F8:LeaderElection87: begin an election at term 1 for -1: [d2ecb2a4-3754-4f5b-b51d-81d499514b0e:192.168.164.203:37402], old=null
2019-10-01 23:43:42,411 [f1155e5b-ece4-4487-83cd-8dea0b525c9a@group-772E0D47C60A-SegmentedRaftLogWorker] INFO  segmented.SegmentedRaftLogWorker (SegmentedRaftLogWorker.java:execute(569)) - f1155e5b-ece4-4487-83cd-8dea0b525c9a@group-772E0D47C60A-SegmentedRaftLogWorker: created new log segment /workdir/hadoop-ozone/integration-test/target/test-dir/MiniOzoneClusterImpl-b0268eef-721c-4f7d-a801-8a29ae4b86e9/datanode-2/data/ratis/26fd2361-d266-4740-b8da-772e0d47c60a/current/log_inprogress_0
2019-10-01 23:43:42,411 [d2ecb2a4-3754-4f5b-b51d-81d499514b0e@group-15336D57C2F8:LeaderElection87] INFO  impl.RoleInfo (RoleInfo.java:shutdownLeaderElection(134)) - d2ecb2a4-3754-4f5b-b51d-81d499514b0e: shutdown LeaderElection
2019-10-01 23:43:42,411 [d2ecb2a4-3754-4f5b-b51d-81d499514b0e@group-15336D57C2F8:LeaderElection87] INFO  impl.RaftServerImpl (RaftServerImpl.java:setRole(174)) - d2ecb2a4-3754-4f5b-b51d-81d499514b0e@group-15336D57C2F8: changes role from CANDIDATE to LEADER at term 1 for changeToLeader
2019-10-01 23:43:42,412 [d2ecb2a4-3754-4f5b-b51d-81d499514b0e@group-15336D57C2F8:LeaderElection87] INFO  impl.RaftServerImpl (ServerState.java:setLeader(253)) - d2ecb2a4-3754-4f5b-b51d-81d499514b0e@group-15336D57C2F8: change Leader from null to d2ecb2a4-3754-4f5b-b51d-81d499514b0e at term 1 for becomeLeader, leader elected after 5149ms
2019-10-01 23:43:42,412 [d2ecb2a4-3754-4f5b-b51d-81d499514b0e@group-15336D57C2F8:LeaderElection87] INFO  server.RaftServerConfigKeys (ConfUtils.java:logGet(43)) - raft.server.staging.catchup.gap = 1000 (default)
2019-10-01 23:43:42,412 [d2ecb2a4-3754-4f5b-b51d-81d499514b0e@group-15336D57C2F8:LeaderElection87] INFO  server.RaftServerConfigKeys (ConfUtils.java:logGet(43)) - raft.server.rpc.sleep.time = 25ms (default)
2019-10-01 23:43:42,412 [d2ecb2a4-3754-4f5b-b51d-81d499514b0e@group-15336D57C2F8:LeaderElection87] INFO  server.RaftServerConfigKeys (ConfUtils.java:logGet(43)) - raft.server.write.element-limit = 4096 (default)
2019-10-01 23:43:42,412 [d2ecb2a4-3754-4f5b-b51d-81d499514b0e@group-15336D57C2F8:LeaderElection87] INFO  server.RaftServerConfigKeys (ConfUtils.java:logGet(43)) - raft.server.watch.timeout = 10s (default)
2019-10-01 23:43:42,412 [d2ecb2a4-3754-4f5b-b51d-81d499514b0e@group-15336D57C2F8:LeaderElection87] INFO  server.RaftServerConfigKeys (ConfUtils.java:logGet(43)) - raft.server.watch.timeout.denomination = 1s (default)
2019-10-01 23:43:42,412 [d2ecb2a4-3754-4f5b-b51d-81d499514b0e@group-15336D57C2F8:LeaderElection87] INFO  server.RaftServerConfigKeys (ConfUtils.java:logGet(43)) - raft.server.watch.element-limit = 65536 (default)
2019-10-01 23:43:42,414 [d2ecb2a4-3754-4f5b-b51d-81d499514b0e@group-15336D57C2F8:LeaderElection87] INFO  impl.RoleInfo (RoleInfo.java:updateAndGet(143)) - d2ecb2a4-3754-4f5b-b51d-81d499514b0e: start LeaderState
2019-10-01 23:43:42,414 [d2ecb2a4-3754-4f5b-b51d-81d499514b0e@group-15336D57C2F8:LeaderElection87] INFO  segmented.SegmentedRaftLogWorker (SegmentedRaftLogWorker.java:startLogSegment(380)) - d2ecb2a4-3754-4f5b-b51d-81d499514b0e@group-15336D57C2F8-SegmentedRaftLogWorker: Starting segment from index:0
2019-10-01 23:43:42,414 [d2ecb2a4-3754-4f5b-b51d-81d499514b0e@group-15336D57C2F8:LeaderElection87] INFO  impl.RaftServerImpl (ServerState.java:setRaftConf(354)) - d2ecb2a4-3754-4f5b-b51d-81d499514b0e@group-15336D57C2F8: set configuration 0: [d2ecb2a4-3754-4f5b-b51d-81d499514b0e:192.168.164.203:37402], old=null at 0
2019-10-01 23:43:42,441 [Thread-3927] INFO  impl.FollowerState (FollowerState.java:run(106)) - ebd725b5-8731-4ac1-91b6-1bfd6f459ef6:group-F41A9E00A2F3 changes to CANDIDATE, lastRpcTime:5041, electionTimeout:5037ms
2019-10-01 23:43:42,441 [Thread-3927] INFO  impl.RoleInfo (RoleInfo.java:shutdownFollowerState(121)) - ebd725b5-8731-4ac1-91b6-1bfd6f459ef6: shutdown FollowerState
2019-10-01 23:43:42,441 [Thread-3927] INFO  impl.RaftServerImpl (RaftServerImpl.java:setRole(174)) - ebd725b5-8731-4ac1-91b6-1bfd6f459ef6@group-F41A9E00A2F3: changes role from  FOLLOWER to CANDIDATE at term 0 for changeToCandidate
2019-10-01 23:43:42,441 [Thread-3927] INFO  impl.RoleInfo (RoleInfo.java:updateAndGet(143)) - ebd725b5-8731-4ac1-91b6-1bfd6f459ef6: start LeaderElection
2019-10-01 23:43:42,451 [ebd725b5-8731-4ac1-91b6-1bfd6f459ef6@group-F41A9E00A2F3:LeaderElection88] INFO  impl.LeaderElection (LeaderElection.java:askForVotes(182)) - ebd725b5-8731-4ac1-91b6-1bfd6f459ef6@group-F41A9E00A2F3:LeaderElection88: begin an election at term 1 for -1: [d2ecb2a4-3754-4f5b-b51d-81d499514b0e:192.168.164.203:37402, ce32e816-65e0-4fe3-9b5e-fe012152cf3a:192.168.164.203:43956, ebd725b5-8731-4ac1-91b6-1bfd6f459ef6:192.168.164.203:34095], old=null
2019-10-01 23:43:42,451 [d2ecb2a4-3754-4f5b-b51d-81d499514b0e@group-15336D57C2F8-SegmentedRaftLogWorker] INFO  segmented.SegmentedRaftLogWorker (SegmentedRaftLogWorker.java:execute(569)) - d2ecb2a4-3754-4f5b-b51d-81d499514b0e@group-15336D57C2F8-SegmentedRaftLogWorker: created new log segment /workdir/hadoop-ozone/integration-test/target/test-dir/MiniOzoneClusterImpl-b0268eef-721c-4f7d-a801-8a29ae4b86e9/datanode-4/data/ratis/13de1c2c-fc19-46e0-86e0-15336d57c2f8/current/log_inprogress_0
2019-10-01 23:43:42,452 [Thread-3917] INFO  impl.FollowerState (FollowerState.java:run(106)) - ebd725b5-8731-4ac1-91b6-1bfd6f459ef6:group-B7AB4C843754 changes to CANDIDATE, lastRpcTime:5115, electionTimeout:5115ms
2019-10-01 23:43:42,452 [Thread-3917] INFO  impl.RoleInfo (RoleInfo.java:shutdownFollowerState(121)) - ebd725b5-8731-4ac1-91b6-1bfd6f459ef6: shutdown FollowerState
2019-10-01 23:43:42,452 [Thread-3917] INFO  impl.RaftServerImpl (RaftServerImpl.java:setRole(174)) - ebd725b5-8731-4ac1-91b6-1bfd6f459ef6@group-B7AB4C843754: changes role from  FOLLOWER to CANDIDATE at term 0 for changeToCandidate
2019-10-01 23:43:42,452 [Thread-3917] INFO  impl.RoleInfo (RoleInfo.java:updateAndGet(143)) - ebd725b5-8731-4ac1-91b6-1bfd6f459ef6: start LeaderElection
2019-10-01 23:43:42,459 [grpc-default-executor-3] INFO  impl.RaftServerImpl (RaftServerImpl.java:setRole(174)) - ce32e816-65e0-4fe3-9b5e-fe012152cf3a@group-F41A9E00A2F3: changes role from  FOLLOWER to FOLLOWER at term 1 for recognizeCandidate:ebd725b5-8731-4ac1-91b6-1bfd6f459ef6
2019-10-01 23:43:42,460 [grpc-default-executor-3] INFO  impl.RoleInfo (RoleInfo.java:shutdownFollowerState(121)) - ce32e816-65e0-4fe3-9b5e-fe012152cf3a: shutdown FollowerState
2019-10-01 23:43:42,460 [grpc-default-executor-3] INFO  impl.RoleInfo (RoleInfo.java:updateAndGet(143)) - ce32e816-65e0-4fe3-9b5e-fe012152cf3a: start FollowerState
2019-10-01 23:43:42,460 [Thread-3928] INFO  impl.FollowerState (FollowerState.java:run(115)) - ce32e816-65e0-4fe3-9b5e-fe012152cf3a: FollowerState was interrupted: java.lang.InterruptedException: sleep interrupted
2019-10-01 23:43:42,460 [grpc-default-executor-2] INFO  impl.RaftServerImpl (RaftServerImpl.java:setRole(174)) - d2ecb2a4-3754-4f5b-b51d-81d499514b0e@group-F41A9E00A2F3: changes role from  FOLLOWER to FOLLOWER at term 1 for recognizeCandidate:ebd725b5-8731-4ac1-91b6-1bfd6f459ef6
2019-10-01 23:43:42,463 [grpc-default-executor-2] INFO  impl.RoleInfo (RoleInfo.java:shutdownFollowerState(121)) - d2ecb2a4-3754-4f5b-b51d-81d499514b0e: shutdown FollowerState
2019-10-01 23:43:42,463 [grpc-default-executor-2] INFO  impl.RoleInfo (RoleInfo.java:updateAndGet(143)) - d2ecb2a4-3754-4f5b-b51d-81d499514b0e: start FollowerState
2019-10-01 23:43:42,463 [Thread-3924] INFO  impl.FollowerState (FollowerState.java:run(115)) - d2ecb2a4-3754-4f5b-b51d-81d499514b0e: FollowerState was interrupted: java.lang.InterruptedException: sleep interrupted
2019-10-01 23:43:42,466 [ebd725b5-8731-4ac1-91b6-1bfd6f459ef6@group-B7AB4C843754:LeaderElection89] INFO  impl.LeaderElection (LeaderElection.java:askForVotes(182)) - ebd725b5-8731-4ac1-91b6-1bfd6f459ef6@group-B7AB4C843754:LeaderElection89: begin an election at term 1 for -1: [ebd725b5-8731-4ac1-91b6-1bfd6f459ef6:192.168.164.203:34095], old=null
2019-10-01 23:43:42,466 [ebd725b5-8731-4ac1-91b6-1bfd6f459ef6@group-B7AB4C843754:LeaderElection89] INFO  impl.RoleInfo (RoleInfo.java:shutdownLeaderElection(134)) - ebd725b5-8731-4ac1-91b6-1bfd6f459ef6: shutdown LeaderElection
2019-10-01 23:43:42,466 [ebd725b5-8731-4ac1-91b6-1bfd6f459ef6@group-B7AB4C843754:LeaderElection89] INFO  impl.RaftServerImpl (RaftServerImpl.java:setRole(174)) - ebd725b5-8731-4ac1-91b6-1bfd6f459ef6@group-B7AB4C843754: changes role from CANDIDATE to LEADER at term 1 for changeToLeader
2019-10-01 23:43:42,467 [ebd725b5-8731-4ac1-91b6-1bfd6f459ef6@group-B7AB4C843754:LeaderElection89] INFO  impl.RaftServerImpl (ServerState.java:setLeader(253)) - ebd725b5-8731-4ac1-91b6-1bfd6f459ef6@group-B7AB4C843754: change Leader from null to ebd725b5-8731-4ac1-91b6-1bfd6f459ef6 at term 1 for becomeLeader, leader elected after 5134ms
2019-10-01 23:43:42,467 [ebd725b5-8731-4ac1-91b6-1bfd6f459ef6@group-B7AB4C843754:LeaderElection89] INFO  server.RaftServerConfigKeys (ConfUtils.java:logGet(43)) - raft.server.staging.catchup.gap = 1000 (default)
2019-10-01 23:43:42,467 [ebd725b5-8731-4ac1-91b6-1bfd6f459ef6@group-B7AB4C843754:LeaderElection89] INFO  server.RaftServerConfigKeys (ConfUtils.java:logGet(43)) - raft.server.rpc.sleep.time = 25ms (default)
2019-10-01 23:43:42,467 [ebd725b5-8731-4ac1-91b6-1bfd6f459ef6@group-B7AB4C843754:LeaderElection89] INFO  server.RaftServerConfigKeys (ConfUtils.java:logGet(43)) - raft.server.write.element-limit = 4096 (default)
2019-10-01 23:43:42,467 [ebd725b5-8731-4ac1-91b6-1bfd6f459ef6@group-B7AB4C843754:LeaderElection89] INFO  server.RaftServerConfigKeys (ConfUtils.java:logGet(43)) - raft.server.watch.timeout = 10s (default)
2019-10-01 23:43:42,467 [ebd725b5-8731-4ac1-91b6-1bfd6f459ef6@group-B7AB4C843754:LeaderElection89] INFO  server.RaftServerConfigKeys (ConfUtils.java:logGet(43)) - raft.server.watch.timeout.denomination = 1s (default)
2019-10-01 23:43:42,467 [ebd725b5-8731-4ac1-91b6-1bfd6f459ef6@group-B7AB4C843754:LeaderElection89] INFO  server.RaftServerConfigKeys (ConfUtils.java:logGet(43)) - raft.server.watch.element-limit = 65536 (default)
2019-10-01 23:43:42,469 [ebd725b5-8731-4ac1-91b6-1bfd6f459ef6@group-B7AB4C843754:LeaderElection89] INFO  impl.RoleInfo (RoleInfo.java:updateAndGet(143)) - ebd725b5-8731-4ac1-91b6-1bfd6f459ef6: start LeaderState
2019-10-01 23:43:42,469 [ebd725b5-8731-4ac1-91b6-1bfd6f459ef6@group-B7AB4C843754:LeaderElection89] INFO  segmented.SegmentedRaftLogWorker (SegmentedRaftLogWorker.java:startLogSegment(380)) - ebd725b5-8731-4ac1-91b6-1bfd6f459ef6@group-B7AB4C843754-SegmentedRaftLogWorker: Starting segment from index:0
2019-10-01 23:43:42,469 [ebd725b5-8731-4ac1-91b6-1bfd6f459ef6@group-B7AB4C843754:LeaderElection89] INFO  impl.RaftServerImpl (ServerState.java:setRaftConf(354)) - ebd725b5-8731-4ac1-91b6-1bfd6f459ef6@group-B7AB4C843754: set configuration 0: [ebd725b5-8731-4ac1-91b6-1bfd6f459ef6:192.168.164.203:34095], old=null at 0
2019-10-01 23:43:42,502 [ebd725b5-8731-4ac1-91b6-1bfd6f459ef6@group-F41A9E00A2F3:LeaderElection88] INFO  impl.LeaderElection (LeaderElection.java:logAndReturn(56)) - ebd725b5-8731-4ac1-91b6-1bfd6f459ef6@group-F41A9E00A2F3:LeaderElection88: Election PASSED; received 1 response(s) [ebd725b5-8731-4ac1-91b6-1bfd6f459ef6<-d2ecb2a4-3754-4f5b-b51d-81d499514b0e#0:OK-t1] and 0 exception(s); ebd725b5-8731-4ac1-91b6-1bfd6f459ef6@group-F41A9E00A2F3:t1, leader=null, voted=ebd725b5-8731-4ac1-91b6-1bfd6f459ef6, raftlog=ebd725b5-8731-4ac1-91b6-1bfd6f459ef6@group-F41A9E00A2F3-SegmentedRaftLog:OPENED:c-1,f-1,i0, conf=-1: [d2ecb2a4-3754-4f5b-b51d-81d499514b0e:192.168.164.203:37402, ce32e816-65e0-4fe3-9b5e-fe012152cf3a:192.168.164.203:43956, ebd725b5-8731-4ac1-91b6-1bfd6f459ef6:192.168.164.203:34095], old=null
2019-10-01 23:43:42,502 [ebd725b5-8731-4ac1-91b6-1bfd6f459ef6@group-F41A9E00A2F3:LeaderElection88] INFO  impl.RoleInfo (RoleInfo.java:shutdownLeaderElection(134)) - ebd725b5-8731-4ac1-91b6-1bfd6f459ef6: shutdown LeaderElection
2019-10-01 23:43:42,503 [ebd725b5-8731-4ac1-91b6-1bfd6f459ef6@group-F41A9E00A2F3:LeaderElection88] INFO  impl.RaftServerImpl (RaftServerImpl.java:setRole(174)) - ebd725b5-8731-4ac1-91b6-1bfd6f459ef6@group-F41A9E00A2F3: changes role from CANDIDATE to LEADER at term 1 for changeToLeader
2019-10-01 23:43:42,503 [ebd725b5-8731-4ac1-91b6-1bfd6f459ef6@group-F41A9E00A2F3:LeaderElection88] INFO  impl.RaftServerImpl (ServerState.java:setLeader(253)) - ebd725b5-8731-4ac1-91b6-1bfd6f459ef6@group-F41A9E00A2F3: change Leader from null to ebd725b5-8731-4ac1-91b6-1bfd6f459ef6 at term 1 for becomeLeader, leader elected after 5113ms
2019-10-01 23:43:42,503 [ebd725b5-8731-4ac1-91b6-1bfd6f459ef6@group-F41A9E00A2F3:LeaderElection88] INFO  server.RaftServerConfigKeys (ConfUtils.java:logGet(43)) - raft.server.staging.catchup.gap = 1000 (default)
2019-10-01 23:43:42,503 [ebd725b5-8731-4ac1-91b6-1bfd6f459ef6@group-F41A9E00A2F3:LeaderElection88] INFO  server.RaftServerConfigKeys (ConfUtils.java:logGet(43)) - raft.server.rpc.sleep.time = 25ms (default)
2019-10-01 23:43:42,503 [ebd725b5-8731-4ac1-91b6-1bfd6f459ef6@group-F41A9E00A2F3:LeaderElection88] INFO  server.RaftServerConfigKeys (ConfUtils.java:logGet(43)) - raft.server.write.element-limit = 4096 (default)
2019-10-01 23:43:42,503 [ebd725b5-8731-4ac1-91b6-1bfd6f459ef6@group-F41A9E00A2F3:LeaderElection88] INFO  server.RaftServerConfigKeys (ConfUtils.java:logGet(43)) - raft.server.watch.timeout = 10s (default)
2019-10-01 23:43:42,503 [ebd725b5-8731-4ac1-91b6-1bfd6f459ef6@group-F41A9E00A2F3:LeaderElection88] INFO  server.RaftServerConfigKeys (ConfUtils.java:logGet(43)) - raft.server.watch.timeout.denomination = 1s (default)
2019-10-01 23:43:42,504 [ebd725b5-8731-4ac1-91b6-1bfd6f459ef6@group-F41A9E00A2F3:LeaderElection88] INFO  server.RaftServerConfigKeys (ConfUtils.java:logGet(43)) - raft.server.watch.element-limit = 65536 (default)
2019-10-01 23:43:42,504 [ebd725b5-8731-4ac1-91b6-1bfd6f459ef6@group-B7AB4C843754-SegmentedRaftLogWorker] INFO  segmented.SegmentedRaftLogWorker (SegmentedRaftLogWorker.java:execute(569)) - ebd725b5-8731-4ac1-91b6-1bfd6f459ef6@group-B7AB4C843754-SegmentedRaftLogWorker: created new log segment /workdir/hadoop-ozone/integration-test/target/test-dir/MiniOzoneClusterImpl-b0268eef-721c-4f7d-a801-8a29ae4b86e9/datanode-5/data/ratis/1e2ef0d1-dc59-4073-ab05-b7ab4c843754/current/log_inprogress_0
2019-10-01 23:43:42,508 [ebd725b5-8731-4ac1-91b6-1bfd6f459ef6@group-F41A9E00A2F3:LeaderElection88] INFO  server.RaftServerConfigKeys (ConfUtils.java:logGet(43)) - raft.server.log.appender.snapshot.chunk.size.max = 16MB (=16777216) (default)
2019-10-01 23:43:42,508 [ebd725b5-8731-4ac1-91b6-1bfd6f459ef6@group-F41A9E00A2F3:LeaderElection88] INFO  server.RaftServerConfigKeys (ConfUtils.java:logGet(43)) - raft.server.log.appender.buffer.byte-limit = 33554432 (custom)
2019-10-01 23:43:42,509 [ebd725b5-8731-4ac1-91b6-1bfd6f459ef6@group-F41A9E00A2F3:LeaderElection88] INFO  server.RaftServerConfigKeys (ConfUtils.java:logGet(43)) - raft.server.log.appender.buffer.element-limit = 1 (custom)
2019-10-01 23:43:42,509 [ebd725b5-8731-4ac1-91b6-1bfd6f459ef6@group-F41A9E00A2F3:LeaderElection88] INFO  grpc.GrpcConfigKeys$Server (ConfUtils.java:logGet(43)) - raft.grpc.server.leader.outstanding.appends.max = 128 (default)
2019-10-01 23:43:42,509 [ebd725b5-8731-4ac1-91b6-1bfd6f459ef6@group-F41A9E00A2F3:LeaderElection88] INFO  server.RaftServerConfigKeys (ConfUtils.java:logGet(43)) - raft.server.rpc.request.timeout = 3000ms (default)
2019-10-01 23:43:42,509 [ebd725b5-8731-4ac1-91b6-1bfd6f459ef6@group-F41A9E00A2F3:LeaderElection88] INFO  server.RaftServerConfigKeys (ConfUtils.java:logGet(43)) - raft.server.log.appender.install.snapshot.enabled = false (custom)
2019-10-01 23:43:42,509 [ebd725b5-8731-4ac1-91b6-1bfd6f459ef6@group-F41A9E00A2F3:LeaderElection88] INFO  server.RaftServerConfigKeys (ConfUtils.java:logGet(43)) - raft.server.log.appender.snapshot.chunk.size.max = 16MB (=16777216) (default)
2019-10-01 23:43:42,510 [ebd725b5-8731-4ac1-91b6-1bfd6f459ef6@group-F41A9E00A2F3:LeaderElection88] INFO  server.RaftServerConfigKeys (ConfUtils.java:logGet(43)) - raft.server.log.appender.buffer.byte-limit = 33554432 (custom)
2019-10-01 23:43:42,510 [ebd725b5-8731-4ac1-91b6-1bfd6f459ef6@group-F41A9E00A2F3:LeaderElection88] INFO  server.RaftServerConfigKeys (ConfUtils.java:logGet(43)) - raft.server.log.appender.buffer.element-limit = 1 (custom)
2019-10-01 23:43:42,510 [ebd725b5-8731-4ac1-91b6-1bfd6f459ef6@group-F41A9E00A2F3:LeaderElection88] INFO  grpc.GrpcConfigKeys$Server (ConfUtils.java:logGet(43)) - raft.grpc.server.leader.outstanding.appends.max = 128 (default)
2019-10-01 23:43:42,510 [ebd725b5-8731-4ac1-91b6-1bfd6f459ef6@group-F41A9E00A2F3:LeaderElection88] INFO  server.RaftServerConfigKeys (ConfUtils.java:logGet(43)) - raft.server.rpc.request.timeout = 3000ms (default)
2019-10-01 23:43:42,510 [ebd725b5-8731-4ac1-91b6-1bfd6f459ef6@group-F41A9E00A2F3:LeaderElection88] INFO  server.RaftServerConfigKeys (ConfUtils.java:logGet(43)) - raft.server.log.appender.install.snapshot.enabled = false (custom)
2019-10-01 23:43:42,510 [ebd725b5-8731-4ac1-91b6-1bfd6f459ef6@group-F41A9E00A2F3:LeaderElection88] INFO  impl.RoleInfo (RoleInfo.java:updateAndGet(143)) - ebd725b5-8731-4ac1-91b6-1bfd6f459ef6: start LeaderState
2019-10-01 23:43:42,511 [ebd725b5-8731-4ac1-91b6-1bfd6f459ef6@group-F41A9E00A2F3:LeaderElection88] INFO  segmented.SegmentedRaftLogWorker (SegmentedRaftLogWorker.java:startLogSegment(380)) - ebd725b5-8731-4ac1-91b6-1bfd6f459ef6@group-F41A9E00A2F3-SegmentedRaftLogWorker: Starting segment from index:0
2019-10-01 23:43:42,512 [ebd725b5-8731-4ac1-91b6-1bfd6f459ef6@group-F41A9E00A2F3:LeaderElection88] INFO  impl.RaftServerImpl (ServerState.java:setRaftConf(354)) - ebd725b5-8731-4ac1-91b6-1bfd6f459ef6@group-F41A9E00A2F3: set configuration 0: [d2ecb2a4-3754-4f5b-b51d-81d499514b0e:192.168.164.203:37402, ce32e816-65e0-4fe3-9b5e-fe012152cf3a:192.168.164.203:43956, ebd725b5-8731-4ac1-91b6-1bfd6f459ef6:192.168.164.203:34095], old=null at 0
2019-10-01 23:43:42,513 [grpc-default-executor-2] INFO  impl.RaftServerImpl (ServerState.java:setLeader(253)) - d2ecb2a4-3754-4f5b-b51d-81d499514b0e@group-F41A9E00A2F3: change Leader from null to ebd725b5-8731-4ac1-91b6-1bfd6f459ef6 at term 1 for appendEntries, leader elected after 5123ms
2019-10-01 23:43:42,548 [grpc-default-executor-3] INFO  impl.RaftServerImpl (ServerState.java:setLeader(253)) - ce32e816-65e0-4fe3-9b5e-fe012152cf3a@group-F41A9E00A2F3: change Leader from null to ebd725b5-8731-4ac1-91b6-1bfd6f459ef6 at term 1 for appendEntries, leader elected after 5159ms
2019-10-01 23:43:42,553 [grpc-default-executor-2] INFO  impl.RaftServerImpl (ServerState.java:setRaftConf(354)) - d2ecb2a4-3754-4f5b-b51d-81d499514b0e@group-F41A9E00A2F3: set configuration 0: [d2ecb2a4-3754-4f5b-b51d-81d499514b0e:192.168.164.203:37402, ce32e816-65e0-4fe3-9b5e-fe012152cf3a:192.168.164.203:43956, ebd725b5-8731-4ac1-91b6-1bfd6f459ef6:192.168.164.203:34095], old=null at 0
2019-10-01 23:43:42,553 [grpc-default-executor-2] INFO  segmented.SegmentedRaftLogWorker (SegmentedRaftLogWorker.java:startLogSegment(380)) - d2ecb2a4-3754-4f5b-b51d-81d499514b0e@group-F41A9E00A2F3-SegmentedRaftLogWorker: Starting segment from index:0
2019-10-01 23:43:42,558 [grpc-default-executor-2] INFO  impl.RaftServerImpl (ServerState.java:setRaftConf(354)) - ce32e816-65e0-4fe3-9b5e-fe012152cf3a@group-F41A9E00A2F3: set configuration 0: [d2ecb2a4-3754-4f5b-b51d-81d499514b0e:192.168.164.203:37402, ce32e816-65e0-4fe3-9b5e-fe012152cf3a:192.168.164.203:43956, ebd725b5-8731-4ac1-91b6-1bfd6f459ef6:192.168.164.203:34095], old=null at 0
2019-10-01 23:43:42,559 [grpc-default-executor-2] INFO  segmented.SegmentedRaftLogWorker (SegmentedRaftLogWorker.java:startLogSegment(380)) - ce32e816-65e0-4fe3-9b5e-fe012152cf3a@group-F41A9E00A2F3-SegmentedRaftLogWorker: Starting segment from index:0
2019-10-01 23:43:42,560 [grpc-default-executor-2] INFO  client.GrpcClientProtocolClient (GrpcClientProtocolClient.java:onNext(264)) - client-F596460A9160->d2ecb2a4-3754-4f5b-b51d-81d499514b0e: receive RaftClientReply:client-F596460A9160->d2ecb2a4-3754-4f5b-b51d-81d499514b0e@group-F41A9E00A2F3, cid=235, FAILED org.apache.ratis.protocol.NotLeaderException: Server d2ecb2a4-3754-4f5b-b51d-81d499514b0e@group-F41A9E00A2F3 is not the leader ebd725b5-8731-4ac1-91b6-1bfd6f459ef6:192.168.164.203:34095, logIndex=0, commits[d2ecb2a4-3754-4f5b-b51d-81d499514b0e:c-1, ce32e816-65e0-4fe3-9b5e-fe012152cf3a:c-1, ebd725b5-8731-4ac1-91b6-1bfd6f459ef6:c-1]
2019-10-01 23:43:42,560 [ebd725b5-8731-4ac1-91b6-1bfd6f459ef6@group-F41A9E00A2F3-SegmentedRaftLogWorker] INFO  segmented.SegmentedRaftLogWorker (SegmentedRaftLogWorker.java:execute(569)) - ebd725b5-8731-4ac1-91b6-1bfd6f459ef6@group-F41A9E00A2F3-SegmentedRaftLogWorker: created new log segment /workdir/hadoop-ozone/integration-test/target/test-dir/MiniOzoneClusterImpl-b0268eef-721c-4f7d-a801-8a29ae4b86e9/datanode-5/data/ratis/cc1f94e8-c5be-4080-9539-f41a9e00a2f3/current/log_inprogress_0
2019-10-01 23:43:42,605 [d2ecb2a4-3754-4f5b-b51d-81d499514b0e@group-F41A9E00A2F3-SegmentedRaftLogWorker] INFO  segmented.SegmentedRaftLogWorker (SegmentedRaftLogWorker.java:execute(569)) - d2ecb2a4-3754-4f5b-b51d-81d499514b0e@group-F41A9E00A2F3-SegmentedRaftLogWorker: created new log segment /workdir/hadoop-ozone/integration-test/target/test-dir/MiniOzoneClusterImpl-b0268eef-721c-4f7d-a801-8a29ae4b86e9/datanode-4/data/ratis/cc1f94e8-c5be-4080-9539-f41a9e00a2f3/current/log_inprogress_0
2019-10-01 23:43:42,605 [ce32e816-65e0-4fe3-9b5e-fe012152cf3a@group-F41A9E00A2F3-SegmentedRaftLogWorker] INFO  segmented.SegmentedRaftLogWorker (SegmentedRaftLogWorker.java:execute(569)) - ce32e816-65e0-4fe3-9b5e-fe012152cf3a@group-F41A9E00A2F3-SegmentedRaftLogWorker: created new log segment /workdir/hadoop-ozone/integration-test/target/test-dir/MiniOzoneClusterImpl-b0268eef-721c-4f7d-a801-8a29ae4b86e9/datanode-3/data/ratis/cc1f94e8-c5be-4080-9539-f41a9e00a2f3/current/log_inprogress_0
2019-10-01 23:43:42,724 [grpc-default-executor-2] INFO  client.GrpcClientProtocolClient (GrpcClientProtocolClient.java:onNext(264)) - client-F596460A9160->ebd725b5-8731-4ac1-91b6-1bfd6f459ef6: receive RaftClientReply:client-F596460A9160->ebd725b5-8731-4ac1-91b6-1bfd6f459ef6@group-F41A9E00A2F3, cid=235, SUCCESS, logIndex=1, commits[ebd725b5-8731-4ac1-91b6-1bfd6f459ef6:c1, d2ecb2a4-3754-4f5b-b51d-81d499514b0e:c0, ce32e816-65e0-4fe3-9b5e-fe012152cf3a:c0]
2019-10-01 23:43:42,747 [grpc-default-executor-4] INFO  client.GrpcClientProtocolClient (GrpcClientProtocolClient.java:onNext(264)) - client-F596460A9160->ebd725b5-8731-4ac1-91b6-1bfd6f459ef6: receive RaftClientReply:client-F596460A9160->ebd725b5-8731-4ac1-91b6-1bfd6f459ef6@group-F41A9E00A2F3, cid=236, SUCCESS, logIndex=3, commits[ebd725b5-8731-4ac1-91b6-1bfd6f459ef6:c3, d2ecb2a4-3754-4f5b-b51d-81d499514b0e:c1, ce32e816-65e0-4fe3-9b5e-fe012152cf3a:c1]
2019-10-01 23:43:42,778 [grpc-default-executor-0] INFO  client.GrpcClientProtocolClient (GrpcClientProtocolClient.java:onNext(264)) - client-F596460A9160->ebd725b5-8731-4ac1-91b6-1bfd6f459ef6: receive RaftClientReply:client-F596460A9160->ebd725b5-8731-4ac1-91b6-1bfd6f459ef6@group-F41A9E00A2F3, cid=237, SUCCESS, logIndex=4, commits[ebd725b5-8731-4ac1-91b6-1bfd6f459ef6:c12, d2ecb2a4-3754-4f5b-b51d-81d499514b0e:c7, ce32e816-65e0-4fe3-9b5e-fe012152cf3a:c7]
2019-10-01 23:43:42,783 [grpc-default-executor-0] INFO  client.GrpcClientProtocolClient (GrpcClientProtocolClient.java:onNext(264)) - client-F596460A9160->ebd725b5-8731-4ac1-91b6-1bfd6f459ef6: receive RaftClientReply:client-F596460A9160->ebd725b5-8731-4ac1-91b6-1bfd6f459ef6@group-F41A9E00A2F3, cid=238, SUCCESS, logIndex=5, commits[ebd725b5-8731-4ac1-91b6-1bfd6f459ef6:c12, d2ecb2a4-3754-4f5b-b51d-81d499514b0e:c7, ce32e816-65e0-4fe3-9b5e-fe012152cf3a:c7]
2019-10-01 23:43:42,785 [grpc-default-executor-0] INFO  client.GrpcClientProtocolClient (GrpcClientProtocolClient.java:onNext(264)) - client-F596460A9160->ebd725b5-8731-4ac1-91b6-1bfd6f459ef6: receive RaftClientReply:client-F596460A9160->ebd725b5-8731-4ac1-91b6-1bfd6f459ef6@group-F41A9E00A2F3, cid=239, SUCCESS, logIndex=6, commits[ebd725b5-8731-4ac1-91b6-1bfd6f459ef6:c12, d2ecb2a4-3754-4f5b-b51d-81d499514b0e:c7, ce32e816-65e0-4fe3-9b5e-fe012152cf3a:c7]
2019-10-01 23:43:42,845 [grpc-default-executor-0] INFO  client.GrpcClientProtocolClient (GrpcClientProtocolClient.java:onNext(264)) - client-F596460A9160->ebd725b5-8731-4ac1-91b6-1bfd6f459ef6: receive RaftClientReply:client-F596460A9160->ebd725b5-8731-4ac1-91b6-1bfd6f459ef6@group-F41A9E00A2F3, cid=240, SUCCESS, logIndex=7, commits[ebd725b5-8731-4ac1-91b6-1bfd6f459ef6:c12, d2ecb2a4-3754-4f5b-b51d-81d499514b0e:c7, ce32e816-65e0-4fe3-9b5e-fe012152cf3a:c7]
2019-10-01 23:43:42,869 [grpc-default-executor-3] INFO  client.GrpcClientProtocolClient (GrpcClientProtocolClient.java:onNext(264)) - client-F596460A9160->ebd725b5-8731-4ac1-91b6-1bfd6f459ef6: receive RaftClientReply:client-F596460A9160->ebd725b5-8731-4ac1-91b6-1bfd6f459ef6@group-F41A9E00A2F3, cid=241, SUCCESS, logIndex=13, commits[ebd725b5-8731-4ac1-91b6-1bfd6f459ef6:c13, d2ecb2a4-3754-4f5b-b51d-81d499514b0e:c12, ce32e816-65e0-4fe3-9b5e-fe012152cf3a:c12]
2019-10-01 23:43:42,876 [grpc-default-executor-3] INFO  client.GrpcClientProtocolClient (GrpcClientProtocolClient.java:onNext(264)) - client-F596460A9160->ebd725b5-8731-4ac1-91b6-1bfd6f459ef6: receive RaftClientReply:client-F596460A9160->ebd725b5-8731-4ac1-91b6-1bfd6f459ef6@group-F41A9E00A2F3, cid=242, SUCCESS, logIndex=14, commits[ebd725b5-8731-4ac1-91b6-1bfd6f459ef6:c14, d2ecb2a4-3754-4f5b-b51d-81d499514b0e:c12, ce32e816-65e0-4fe3-9b5e-fe012152cf3a:c12]
2019-10-01 23:43:43,879 [main] WARN  scm.XceiverClientRatis (XceiverClientRatis.java:watchForCommit(285)) - 3 way commit failed on pipeline Pipeline[ Id: cc1f94e8-c5be-4080-9539-f41a9e00a2f3, Nodes: ce32e816-65e0-4fe3-9b5e-fe012152cf3a{ip: 192.168.164.203, host: pr-hdds-2158-lzhrq-821698512, networkLocation: /default-rack, certSerialId: null}d2ecb2a4-3754-4f5b-b51d-81d499514b0e{ip: 192.168.164.203, host: pr-hdds-2158-lzhrq-821698512, networkLocation: /default-rack, certSerialId: null}ebd725b5-8731-4ac1-91b6-1bfd6f459ef6{ip: 192.168.164.203, host: pr-hdds-2158-lzhrq-821698512, networkLocation: /default-rack, certSerialId: null}, Type:RATIS, Factor:THREE, State:OPEN]
java.util.concurrent.TimeoutException
	at java.util.concurrent.CompletableFuture.timedGet(CompletableFuture.java:1771)
	at java.util.concurrent.CompletableFuture.get(CompletableFuture.java:1915)
	at org.apache.hadoop.hdds.scm.XceiverClientRatis.watchForCommit(XceiverClientRatis.java:282)
	at org.apache.hadoop.hdds.scm.storage.CommitWatcher.watchForCommit(CommitWatcher.java:194)
	at org.apache.hadoop.hdds.scm.storage.CommitWatcher.watchOnLastIndex(CommitWatcher.java:157)
	at org.apache.hadoop.hdds.scm.storage.BlockOutputStream.watchForCommit(BlockOutputStream.java:347)
	at org.apache.hadoop.hdds.scm.storage.BlockOutputStream.handleFlush(BlockOutputStream.java:479)
	at org.apache.hadoop.hdds.scm.storage.BlockOutputStream.flush(BlockOutputStream.java:428)
	at org.apache.hadoop.ozone.client.io.BlockOutputStreamEntry.flush(BlockOutputStreamEntry.java:136)
	at org.apache.hadoop.ozone.client.io.KeyOutputStream.handleFlushOrClose(KeyOutputStream.java:443)
	at org.apache.hadoop.ozone.client.io.KeyOutputStream.flush(KeyOutputStream.java:397)
	at org.apache.hadoop.ozone.client.io.OzoneOutputStream.flush(OzoneOutputStream.java:54)
	at org.apache.hadoop.ozone.client.rpc.TestBlockOutputStreamWithFailures.testWatchForCommitWithCloseContainerException(TestBlockOutputStreamWithFailures.java:190)
	at sun.reflect.NativeMethodAccessorImpl.invoke0(Native Method)
	at sun.reflect.NativeMethodAccessorImpl.invoke(NativeMethodAccessorImpl.java:62)
	at sun.reflect.DelegatingMethodAccessorImpl.invoke(DelegatingMethodAccessorImpl.java:43)
	at java.lang.reflect.Method.invoke(Method.java:498)
	at org.junit.runners.model.FrameworkMethod$1.runReflectiveCall(FrameworkMethod.java:47)
	at org.junit.internal.runners.model.ReflectiveCallable.run(ReflectiveCallable.java:12)
	at org.junit.runners.model.FrameworkMethod.invokeExplosively(FrameworkMethod.java:44)
	at org.junit.internal.runners.statements.InvokeMethod.evaluate(InvokeMethod.java:17)
	at org.junit.internal.runners.statements.RunBefores.evaluate(RunBefores.java:26)
	at org.junit.internal.runners.statements.RunAfters.evaluate(RunAfters.java:27)
	at org.junit.runners.ParentRunner.runLeaf(ParentRunner.java:271)
	at org.junit.runners.BlockJUnit4ClassRunner.runChild(BlockJUnit4ClassRunner.java:70)
	at org.junit.runners.BlockJUnit4ClassRunner.runChild(BlockJUnit4ClassRunner.java:50)
	at org.junit.runners.ParentRunner$3.run(ParentRunner.java:238)
	at org.junit.runners.ParentRunner$1.schedule(ParentRunner.java:63)
	at org.junit.runners.ParentRunner.runChildren(ParentRunner.java:236)
	at org.junit.runners.ParentRunner.access$000(ParentRunner.java:53)
	at org.junit.runners.ParentRunner$2.evaluate(ParentRunner.java:229)
	at org.junit.runners.ParentRunner.run(ParentRunner.java:309)
	at org.apache.maven.surefire.junit4.JUnit4Provider.execute(JUnit4Provider.java:365)
	at org.apache.maven.surefire.junit4.JUnit4Provider.executeWithRerun(JUnit4Provider.java:273)
	at org.apache.maven.surefire.junit4.JUnit4Provider.executeTestSet(JUnit4Provider.java:238)
	at org.apache.maven.surefire.junit4.JUnit4Provider.invoke(JUnit4Provider.java:159)
	at org.apache.maven.surefire.booter.ForkedBooter.invokeProviderInSameClassLoader(ForkedBooter.java:384)
	at org.apache.maven.surefire.booter.ForkedBooter.runSuitesInProcess(ForkedBooter.java:345)
	at org.apache.maven.surefire.booter.ForkedBooter.execute(ForkedBooter.java:126)
	at org.apache.maven.surefire.booter.ForkedBooter.main(ForkedBooter.java:418)
2019-10-01 23:43:44,884 [main] WARN  storage.CommitWatcher (CommitWatcher.java:watchForCommit(203)) - watchForCommit failed for index 14
java.util.concurrent.TimeoutException
	at java.util.concurrent.CompletableFuture.timedGet(CompletableFuture.java:1771)
	at java.util.concurrent.CompletableFuture.get(CompletableFuture.java:1915)
	at org.apache.hadoop.hdds.scm.XceiverClientRatis.watchForCommit(XceiverClientRatis.java:291)
	at org.apache.hadoop.hdds.scm.storage.CommitWatcher.watchForCommit(CommitWatcher.java:194)
	at org.apache.hadoop.hdds.scm.storage.CommitWatcher.watchOnLastIndex(CommitWatcher.java:157)
	at org.apache.hadoop.hdds.scm.storage.BlockOutputStream.watchForCommit(BlockOutputStream.java:347)
	at org.apache.hadoop.hdds.scm.storage.BlockOutputStream.handleFlush(BlockOutputStream.java:479)
	at org.apache.hadoop.hdds.scm.storage.BlockOutputStream.flush(BlockOutputStream.java:428)
	at org.apache.hadoop.ozone.client.io.BlockOutputStreamEntry.flush(BlockOutputStreamEntry.java:136)
	at org.apache.hadoop.ozone.client.io.KeyOutputStream.handleFlushOrClose(KeyOutputStream.java:443)
	at org.apache.hadoop.ozone.client.io.KeyOutputStream.flush(KeyOutputStream.java:397)
	at org.apache.hadoop.ozone.client.io.OzoneOutputStream.flush(OzoneOutputStream.java:54)
	at org.apache.hadoop.ozone.client.rpc.TestBlockOutputStreamWithFailures.testWatchForCommitWithCloseContainerException(TestBlockOutputStreamWithFailures.java:190)
	at sun.reflect.NativeMethodAccessorImpl.invoke0(Native Method)
	at sun.reflect.NativeMethodAccessorImpl.invoke(NativeMethodAccessorImpl.java:62)
	at sun.reflect.DelegatingMethodAccessorImpl.invoke(DelegatingMethodAccessorImpl.java:43)
	at java.lang.reflect.Method.invoke(Method.java:498)
	at org.junit.runners.model.FrameworkMethod$1.runReflectiveCall(FrameworkMethod.java:47)
	at org.junit.internal.runners.model.ReflectiveCallable.run(ReflectiveCallable.java:12)
	at org.junit.runners.model.FrameworkMethod.invokeExplosively(FrameworkMethod.java:44)
	at org.junit.internal.runners.statements.InvokeMethod.evaluate(InvokeMethod.java:17)
	at org.junit.internal.runners.statements.RunBefores.evaluate(RunBefores.java:26)
	at org.junit.internal.runners.statements.RunAfters.evaluate(RunAfters.java:27)
	at org.junit.runners.ParentRunner.runLeaf(ParentRunner.java:271)
	at org.junit.runners.BlockJUnit4ClassRunner.runChild(BlockJUnit4ClassRunner.java:70)
	at org.junit.runners.BlockJUnit4ClassRunner.runChild(BlockJUnit4ClassRunner.java:50)
	at org.junit.runners.ParentRunner$3.run(ParentRunner.java:238)
	at org.junit.runners.ParentRunner$1.schedule(ParentRunner.java:63)
	at org.junit.runners.ParentRunner.runChildren(ParentRunner.java:236)
	at org.junit.runners.ParentRunner.access$000(ParentRunner.java:53)
	at org.junit.runners.ParentRunner$2.evaluate(ParentRunner.java:229)
	at org.junit.runners.ParentRunner.run(ParentRunner.java:309)
	at org.apache.maven.surefire.junit4.JUnit4Provider.execute(JUnit4Provider.java:365)
	at org.apache.maven.surefire.junit4.JUnit4Provider.executeWithRerun(JUnit4Provider.java:273)
	at org.apache.maven.surefire.junit4.JUnit4Provider.executeTestSet(JUnit4Provider.java:238)
	at org.apache.maven.surefire.junit4.JUnit4Provider.invoke(JUnit4Provider.java:159)
	at org.apache.maven.surefire.booter.ForkedBooter.invokeProviderInSameClassLoader(ForkedBooter.java:384)
	at org.apache.maven.surefire.booter.ForkedBooter.runSuitesInProcess(ForkedBooter.java:345)
	at org.apache.maven.surefire.booter.ForkedBooter.execute(ForkedBooter.java:126)
	at org.apache.maven.surefire.booter.ForkedBooter.main(ForkedBooter.java:418)
2019-10-01 23:43:44,885 [main] WARN  io.KeyOutputStream (KeyOutputStream.java:handleException(274)) - Encountered exception java.io.IOException: Unexpected Storage Container Exception: java.io.IOException: Unexpected Storage Container Exception: java.util.concurrent.TimeoutException on the pipeline Pipeline[ Id: cc1f94e8-c5be-4080-9539-f41a9e00a2f3, Nodes: ce32e816-65e0-4fe3-9b5e-fe012152cf3a{ip: 192.168.164.203, host: pr-hdds-2158-lzhrq-821698512, networkLocation: /default-rack, certSerialId: null}d2ecb2a4-3754-4f5b-b51d-81d499514b0e{ip: 192.168.164.203, host: pr-hdds-2158-lzhrq-821698512, networkLocation: /default-rack, certSerialId: null}ebd725b5-8731-4ac1-91b6-1bfd6f459ef6{ip: 192.168.164.203, host: pr-hdds-2158-lzhrq-821698512, networkLocation: /default-rack, certSerialId: null}, Type:RATIS, Factor:THREE, State:OPEN]. The last committed block length is 400, uncommitted data length is 50 retry count 0
2019-10-01 23:43:44,910 [grpc-default-executor-3] INFO  client.GrpcClientProtocolClient (GrpcClientProtocolClient.java:onNext(264)) - client-400E8FD1E822->f1155e5b-ece4-4487-83cd-8dea0b525c9a: receive RaftClientReply:client-400E8FD1E822->f1155e5b-ece4-4487-83cd-8dea0b525c9a@group-EE38EADD79F8, cid=245, FAILED org.apache.ratis.protocol.NotLeaderException: Server f1155e5b-ece4-4487-83cd-8dea0b525c9a@group-EE38EADD79F8 is not the leader 90975f2f-9485-48a4-a4f0-d3fba7160047:192.168.164.203:35738, logIndex=0, commits[f1155e5b-ece4-4487-83cd-8dea0b525c9a:c-1, 90975f2f-9485-48a4-a4f0-d3fba7160047:c-1, 0598627c-23ca-4ee8-8b68-6a2bbae8a2e6:c-1]
2019-10-01 23:43:45,028 [grpc-default-executor-3] INFO  client.GrpcClientProtocolClient (GrpcClientProtocolClient.java:onNext(264)) - client-400E8FD1E822->90975f2f-9485-48a4-a4f0-d3fba7160047: receive RaftClientReply:client-400E8FD1E822->90975f2f-9485-48a4-a4f0-d3fba7160047@group-EE38EADD79F8, cid=245, SUCCESS, logIndex=1, commits[90975f2f-9485-48a4-a4f0-d3fba7160047:c1, 0598627c-23ca-4ee8-8b68-6a2bbae8a2e6:c0, f1155e5b-ece4-4487-83cd-8dea0b525c9a:c0]
2019-10-01 23:43:45,069 [grpc-default-executor-2] INFO  client.GrpcClientProtocolClient (GrpcClientProtocolClient.java:onNext(264)) - client-400E8FD1E822->90975f2f-9485-48a4-a4f0-d3fba7160047: receive RaftClientReply:client-400E8FD1E822->90975f2f-9485-48a4-a4f0-d3fba7160047@group-EE38EADD79F8, cid=246, SUCCESS, logIndex=3, commits[90975f2f-9485-48a4-a4f0-d3fba7160047:c4, 0598627c-23ca-4ee8-8b68-6a2bbae8a2e6:c3, f1155e5b-ece4-4487-83cd-8dea0b525c9a:c3]
2019-10-01 23:43:45,072 [main] INFO  ozone.MiniOzoneClusterImpl (MiniOzoneClusterImpl.java:shutdown(312)) - Shutting down the Mini Ozone Cluster
2019-10-01 23:43:45,072 [main] INFO  ozone.MiniOzoneClusterImpl (MiniOzoneClusterImpl.java:stop(327)) - Stopping the Mini Ozone Cluster
2019-10-01 23:43:45,072 [main] INFO  ozone.MiniOzoneClusterImpl (MiniOzoneClusterImpl.java:stop(329)) - Stopping the OzoneManager
2019-10-01 23:43:45,072 [main] INFO  ipc.Server (Server.java:stop(3082)) - Stopping server on 39607
2019-10-01 23:43:45,086 [IPC Server listener on 39607] INFO  ipc.Server (Server.java:run(1185)) - Stopping IPC Server listener on 39607
2019-10-01 23:43:45,087 [IPC Server Responder] INFO  ipc.Server (Server.java:run(1319)) - Stopping IPC Server Responder
2019-10-01 23:43:45,086 [main] INFO  ratis.OzoneManagerDoubleBuffer (OzoneManagerDoubleBuffer.java:stop(248)) - Stopping OMDoubleBuffer flush thread
2019-10-01 23:43:45,090 [OMDoubleBufferFlushThread] INFO  ratis.OzoneManagerDoubleBuffer (OzoneManagerDoubleBuffer.java:flushTransactions(191)) - OMDoubleBuffer flush thread OMDoubleBufferFlushThread is interrupted and will exit. OMDoubleBufferFlushThread
2019-10-01 23:43:45,093 [main] INFO  utils.BackgroundService (BackgroundService.java:shutdown(148)) - Shutting down service KeyDeletingService
2019-10-01 23:43:45,104 [main] INFO  handler.ContextHandler (ContextHandler.java:doStop(910)) - Stopped o.e.j.w.WebAppContext@17b6ad97{/,null,UNAVAILABLE}{/ozoneManager}
2019-10-01 23:43:45,104 [main] INFO  server.AbstractConnector (AbstractConnector.java:doStop(318)) - Stopped ServerConnector@44fb6ebd{HTTP/1.1,[http/1.1]}{0.0.0.0:0}
2019-10-01 23:43:45,105 [main] INFO  handler.ContextHandler (ContextHandler.java:doStop(910)) - Stopped o.e.j.s.ServletContextHandler@2ab9e43e{/static,file:///workdir/hadoop-ozone/integration-test/target/test-classes/webapps/static,UNAVAILABLE}
2019-10-01 23:43:45,105 [main] INFO  handler.ContextHandler (ContextHandler.java:doStop(910)) - Stopped o.e.j.s.ServletContextHandler@3eac2e8a{/logs,file:///workdir/hadoop-ozone/integration-test/target/log,UNAVAILABLE}
2019-10-01 23:43:45,107 [main] INFO  ozone.MiniOzoneClusterImpl (MiniOzoneClusterImpl.java:stop(335)) - Shutting the HddsDatanodes
2019-10-01 23:43:45,394 [grpc-default-executor-2] INFO  client.GrpcClientProtocolClient (GrpcClientProtocolClient.java:onNext(264)) - client-F596460A9160->ebd725b5-8731-4ac1-91b6-1bfd6f459ef6: receive RaftClientReply:client-F596460A9160->ebd725b5-8731-4ac1-91b6-1bfd6f459ef6@group-F41A9E00A2F3, cid=244, SUCCESS, logIndex=0, commits[ebd725b5-8731-4ac1-91b6-1bfd6f459ef6:c16, d2ecb2a4-3754-4f5b-b51d-81d499514b0e:c16, ce32e816-65e0-4fe3-9b5e-fe012152cf3a:c13]
2019-10-01 23:43:45,394 [grpc-default-executor-2] INFO  client.GrpcClientProtocolClient (GrpcClientProtocolClient.java:onNext(264)) - client-F596460A9160->ebd725b5-8731-4ac1-91b6-1bfd6f459ef6: receive RaftClientReply:client-F596460A9160->ebd725b5-8731-4ac1-91b6-1bfd6f459ef6@group-F41A9E00A2F3, cid=243, SUCCESS, logIndex=0, commits[ebd725b5-8731-4ac1-91b6-1bfd6f459ef6:c16, d2ecb2a4-3754-4f5b-b51d-81d499514b0e:c16, ce32e816-65e0-4fe3-9b5e-fe012152cf3a:c16]
2019-10-01 23:43:45,700 [Datanode State Machine Thread - 0] INFO  statemachine.DatanodeStateMachine (DatanodeStateMachine.java:lambda$startDaemon$0(350)) - Ozone container server started.
2019-10-01 23:43:46,020 [Datanode State Machine Thread - 0] INFO  statemachine.DatanodeStateMachine (DatanodeStateMachine.java:lambda$startDaemon$0(350)) - Ozone container server started.
2019-10-01 23:43:49,762 [EventQueue-StaleNodeForStaleNodeHandler] INFO  node.StaleNodeHandler (StaleNodeHandler.java:onMessage(58)) - Datanode d2ecb2a4-3754-4f5b-b51d-81d499514b0e{ip: 192.168.164.203, host: pr-hdds-2158-lzhrq-821698512, networkLocation: /default-rack, certSerialId: null} moved to stale state. Finalizing its pipelines [PipelineID=13de1c2c-fc19-46e0-86e0-15336d57c2f8, PipelineID=cc1f94e8-c5be-4080-9539-f41a9e00a2f3]
2019-10-01 23:43:49,763 [EventQueue-StaleNodeForStaleNodeHandler] INFO  pipeline.SCMPipelineManager (SCMPipelineManager.java:finalizeAndDestroyPipeline(311)) - destroying pipeline:Pipeline[ Id: 13de1c2c-fc19-46e0-86e0-15336d57c2f8, Nodes: d2ecb2a4-3754-4f5b-b51d-81d499514b0e{ip: 192.168.164.203, host: pr-hdds-2158-lzhrq-821698512, networkLocation: /default-rack, certSerialId: null}, Type:RATIS, Factor:ONE, State:OPEN]
2019-10-01 23:43:49,764 [EventQueue-StaleNodeForStaleNodeHandler] INFO  pipeline.PipelineStateManager (PipelineStateManager.java:finalizePipeline(123)) - Pipeline Pipeline[ Id: 13de1c2c-fc19-46e0-86e0-15336d57c2f8, Nodes: d2ecb2a4-3754-4f5b-b51d-81d499514b0e{ip: 192.168.164.203, host: pr-hdds-2158-lzhrq-821698512, networkLocation: /default-rack, certSerialId: null}, Type:RATIS, Factor:ONE, State:CLOSED] moved to CLOSED state
2019-10-01 23:43:49,764 [EventQueue-StaleNodeForStaleNodeHandler] INFO  pipeline.SCMPipelineManager (SCMPipelineManager.java:finalizeAndDestroyPipeline(311)) - destroying pipeline:Pipeline[ Id: cc1f94e8-c5be-4080-9539-f41a9e00a2f3, Nodes: ce32e816-65e0-4fe3-9b5e-fe012152cf3a{ip: 192.168.164.203, host: pr-hdds-2158-lzhrq-821698512, networkLocation: /default-rack, certSerialId: null}d2ecb2a4-3754-4f5b-b51d-81d499514b0e{ip: 192.168.164.203, host: pr-hdds-2158-lzhrq-821698512, networkLocation: /default-rack, certSerialId: null}ebd725b5-8731-4ac1-91b6-1bfd6f459ef6{ip: 192.168.164.203, host: pr-hdds-2158-lzhrq-821698512, networkLocation: /default-rack, certSerialId: null}, Type:RATIS, Factor:THREE, State:OPEN]
2019-10-01 23:43:49,764 [EventQueue-StaleNodeForStaleNodeHandler] INFO  pipeline.PipelineStateManager (PipelineStateManager.java:finalizePipeline(123)) - Pipeline Pipeline[ Id: cc1f94e8-c5be-4080-9539-f41a9e00a2f3, Nodes: ce32e816-65e0-4fe3-9b5e-fe012152cf3a{ip: 192.168.164.203, host: pr-hdds-2158-lzhrq-821698512, networkLocation: /default-rack, certSerialId: null}d2ecb2a4-3754-4f5b-b51d-81d499514b0e{ip: 192.168.164.203, host: pr-hdds-2158-lzhrq-821698512, networkLocation: /default-rack, certSerialId: null}ebd725b5-8731-4ac1-91b6-1bfd6f459ef6{ip: 192.168.164.203, host: pr-hdds-2158-lzhrq-821698512, networkLocation: /default-rack, certSerialId: null}, Type:RATIS, Factor:THREE, State:CLOSED] moved to CLOSED state
2019-10-01 23:43:49,765 [EventQueue-CloseContainerForCloseContainerEventHandler] INFO  container.CloseContainerEventHandler (CloseContainerEventHandler.java:onMessage(61)) - Close container Event triggered for container : #1
2019-10-01 23:43:50,063 [EventQueue-StaleNodeForStaleNodeHandler] INFO  node.StaleNodeHandler (StaleNodeHandler.java:onMessage(58)) - Datanode 90975f2f-9485-48a4-a4f0-d3fba7160047{ip: 192.168.164.203, host: pr-hdds-2158-lzhrq-821698512, networkLocation: /default-rack, certSerialId: null} moved to stale state. Finalizing its pipelines [PipelineID=ed392712-13ea-4750-a416-b8f0ce545345, PipelineID=cad6c25d-20b1-4188-a2c0-ee38eadd79f8]
2019-10-01 23:43:50,066 [EventQueue-StaleNodeForStaleNodeHandler] INFO  pipeline.SCMPipelineManager (SCMPipelineManager.java:finalizeAndDestroyPipeline(311)) - destroying pipeline:Pipeline[ Id: ed392712-13ea-4750-a416-b8f0ce545345, Nodes: 90975f2f-9485-48a4-a4f0-d3fba7160047{ip: 192.168.164.203, host: pr-hdds-2158-lzhrq-821698512, networkLocation: /default-rack, certSerialId: null}, Type:RATIS, Factor:ONE, State:OPEN]
2019-10-01 23:43:50,066 [EventQueue-StaleNodeForStaleNodeHandler] INFO  pipeline.PipelineStateManager (PipelineStateManager.java:finalizePipeline(123)) - Pipeline Pipeline[ Id: ed392712-13ea-4750-a416-b8f0ce545345, Nodes: 90975f2f-9485-48a4-a4f0-d3fba7160047{ip: 192.168.164.203, host: pr-hdds-2158-lzhrq-821698512, networkLocation: /default-rack, certSerialId: null}, Type:RATIS, Factor:ONE, State:CLOSED] moved to CLOSED state
2019-10-01 23:43:50,066 [EventQueue-StaleNodeForStaleNodeHandler] INFO  pipeline.SCMPipelineManager (SCMPipelineManager.java:finalizeAndDestroyPipeline(311)) - destroying pipeline:Pipeline[ Id: cad6c25d-20b1-4188-a2c0-ee38eadd79f8, Nodes: f1155e5b-ece4-4487-83cd-8dea0b525c9a{ip: 192.168.164.203, host: pr-hdds-2158-lzhrq-821698512, networkLocation: /default-rack, certSerialId: null}90975f2f-9485-48a4-a4f0-d3fba7160047{ip: 192.168.164.203, host: pr-hdds-2158-lzhrq-821698512, networkLocation: /default-rack, certSerialId: null}0598627c-23ca-4ee8-8b68-6a2bbae8a2e6{ip: 192.168.164.203, host: pr-hdds-2158-lzhrq-821698512, networkLocation: /default-rack, certSerialId: null}, Type:RATIS, Factor:THREE, State:OPEN]
2019-10-01 23:43:50,066 [EventQueue-StaleNodeForStaleNodeHandler] INFO  pipeline.PipelineStateManager (PipelineStateManager.java:finalizePipeline(123)) - Pipeline Pipeline[ Id: cad6c25d-20b1-4188-a2c0-ee38eadd79f8, Nodes: f1155e5b-ece4-4487-83cd-8dea0b525c9a{ip: 192.168.164.203, host: pr-hdds-2158-lzhrq-821698512, networkLocation: /default-rack, certSerialId: null}90975f2f-9485-48a4-a4f0-d3fba7160047{ip: 192.168.164.203, host: pr-hdds-2158-lzhrq-821698512, networkLocation: /default-rack, certSerialId: null}0598627c-23ca-4ee8-8b68-6a2bbae8a2e6{ip: 192.168.164.203, host: pr-hdds-2158-lzhrq-821698512, networkLocation: /default-rack, certSerialId: null}, Type:RATIS, Factor:THREE, State:CLOSED] moved to CLOSED state
2019-10-01 23:43:50,066 [EventQueue-CloseContainerForCloseContainerEventHandler] INFO  container.CloseContainerEventHandler (CloseContainerEventHandler.java:onMessage(61)) - Close container Event triggered for container : #2
2019-10-01 23:43:50,108 [ForkJoinPool.commonPool-worker-1] INFO  ozoneimpl.OzoneContainer (OzoneContainer.java:stop(231)) - Attempting to stop container services.
2019-10-01 23:43:50,108 [main] INFO  ozoneimpl.OzoneContainer (OzoneContainer.java:stop(231)) - Attempting to stop container services.
2019-10-01 23:43:50,112 [ForkJoinPool.commonPool-worker-1] INFO  impl.RaftServerProxy (RaftServerProxy.java:lambda$close$4(314)) - 90975f2f-9485-48a4-a4f0-d3fba7160047: close
2019-10-01 23:43:50,113 [ForkJoinPool.commonPool-worker-1] INFO  impl.RaftServerImpl (RaftServerImpl.java:lambda$shutdown$3(251)) - 90975f2f-9485-48a4-a4f0-d3fba7160047@group-B8F0CE545345: shutdown
2019-10-01 23:43:50,113 [main] INFO  impl.RaftServerProxy (RaftServerProxy.java:lambda$close$4(314)) - d2ecb2a4-3754-4f5b-b51d-81d499514b0e: close
2019-10-01 23:43:50,113 [ForkJoinPool.commonPool-worker-1] INFO  util.JmxRegister (JmxRegister.java:unregister(73)) - Successfully un-registered JMX Bean with object name Ratis:service=RaftServer,group=group-B8F0CE545345,id=90975f2f-9485-48a4-a4f0-d3fba7160047
2019-10-01 23:43:50,114 [main] INFO  impl.RaftServerImpl (RaftServerImpl.java:lambda$shutdown$3(251)) - d2ecb2a4-3754-4f5b-b51d-81d499514b0e@group-15336D57C2F8: shutdown
2019-10-01 23:43:50,114 [ForkJoinPool.commonPool-worker-1] INFO  impl.RoleInfo (RoleInfo.java:shutdownLeaderState(104)) - 90975f2f-9485-48a4-a4f0-d3fba7160047: shutdown LeaderState
2019-10-01 23:43:50,114 [main] INFO  util.JmxRegister (JmxRegister.java:unregister(73)) - Successfully un-registered JMX Bean with object name Ratis:service=RaftServer,group=group-15336D57C2F8,id=d2ecb2a4-3754-4f5b-b51d-81d499514b0e
2019-10-01 23:43:50,114 [ForkJoinPool.commonPool-worker-1] INFO  impl.PendingRequests (PendingRequests.java:sendNotLeaderResponses(202)) - 90975f2f-9485-48a4-a4f0-d3fba7160047-PendingRequests: sendNotLeaderResponses
2019-10-01 23:43:50,115 [main] INFO  impl.RoleInfo (RoleInfo.java:shutdownLeaderState(104)) - d2ecb2a4-3754-4f5b-b51d-81d499514b0e: shutdown LeaderState
2019-10-01 23:43:50,115 [ForkJoinPool.commonPool-worker-1] INFO  impl.StateMachineUpdater (StateMachineUpdater.java:stopAndJoin(125)) - 90975f2f-9485-48a4-a4f0-d3fba7160047@group-B8F0CE545345-StateMachineUpdater: set stopIndex = 0
2019-10-01 23:43:50,115 [main] INFO  impl.PendingRequests (PendingRequests.java:sendNotLeaderResponses(202)) - d2ecb2a4-3754-4f5b-b51d-81d499514b0e-PendingRequests: sendNotLeaderResponses
2019-10-01 23:43:50,116 [ForkJoinPool.commonPool-worker-1] INFO  impl.RaftServerImpl (ServerState.java:close(385)) - 90975f2f-9485-48a4-a4f0-d3fba7160047@group-B8F0CE545345: closes. applyIndex: 0
2019-10-01 23:43:50,116 [main] INFO  impl.StateMachineUpdater (StateMachineUpdater.java:stopAndJoin(125)) - d2ecb2a4-3754-4f5b-b51d-81d499514b0e@group-15336D57C2F8-StateMachineUpdater: set stopIndex = 0
2019-10-01 23:43:50,116 [90975f2f-9485-48a4-a4f0-d3fba7160047@group-B8F0CE545345-SegmentedRaftLogWorker] INFO  segmented.SegmentedRaftLogWorker (SegmentedRaftLogWorker.java:run(313)) - 90975f2f-9485-48a4-a4f0-d3fba7160047@group-B8F0CE545345-SegmentedRaftLogWorker was interrupted, exiting. There are 0 tasks remaining in the queue.
2019-10-01 23:43:50,117 [main] INFO  impl.RaftServerImpl (ServerState.java:close(385)) - d2ecb2a4-3754-4f5b-b51d-81d499514b0e@group-15336D57C2F8: closes. applyIndex: 0
2019-10-01 23:43:50,119 [ForkJoinPool.commonPool-worker-1] INFO  segmented.SegmentedRaftLogWorker (SegmentedRaftLogWorker.java:close(228)) - 90975f2f-9485-48a4-a4f0-d3fba7160047@group-B8F0CE545345-SegmentedRaftLogWorker close()
2019-10-01 23:43:50,120 [d2ecb2a4-3754-4f5b-b51d-81d499514b0e@group-15336D57C2F8-SegmentedRaftLogWorker] INFO  segmented.SegmentedRaftLogWorker (SegmentedRaftLogWorker.java:run(313)) - d2ecb2a4-3754-4f5b-b51d-81d499514b0e@group-15336D57C2F8-SegmentedRaftLogWorker was interrupted, exiting. There are 0 tasks remaining in the queue.
2019-10-01 23:43:50,123 [ForkJoinPool.commonPool-worker-1] INFO  impl.RaftServerImpl (RaftServerImpl.java:lambda$shutdown$3(251)) - 90975f2f-9485-48a4-a4f0-d3fba7160047@group-EE38EADD79F8: shutdown
2019-10-01 23:43:50,125 [main] INFO  segmented.SegmentedRaftLogWorker (SegmentedRaftLogWorker.java:close(228)) - d2ecb2a4-3754-4f5b-b51d-81d499514b0e@group-15336D57C2F8-SegmentedRaftLogWorker close()
2019-10-01 23:43:50,125 [ForkJoinPool.commonPool-worker-1] INFO  util.JmxRegister (JmxRegister.java:unregister(73)) - Successfully un-registered JMX Bean with object name Ratis:service=RaftServer,group=group-EE38EADD79F8,id=90975f2f-9485-48a4-a4f0-d3fba7160047
2019-10-01 23:43:50,129 [main] INFO  impl.RaftServerImpl (RaftServerImpl.java:lambda$shutdown$3(251)) - d2ecb2a4-3754-4f5b-b51d-81d499514b0e@group-F41A9E00A2F3: shutdown
2019-10-01 23:43:50,129 [ForkJoinPool.commonPool-worker-1] INFO  impl.RoleInfo (RoleInfo.java:shutdownLeaderState(104)) - 90975f2f-9485-48a4-a4f0-d3fba7160047: shutdown LeaderState
2019-10-01 23:43:50,130 [main] INFO  util.JmxRegister (JmxRegister.java:unregister(73)) - Successfully un-registered JMX Bean with object name Ratis:service=RaftServer,group=group-F41A9E00A2F3,id=d2ecb2a4-3754-4f5b-b51d-81d499514b0e
2019-10-01 23:43:50,133 [org.apache.ratis.server.impl.LogAppender$AppenderDaemon$$Lambda$511/518789928@929145d] WARN  server.GrpcLogAppender (GrpcLogAppender.java:mayWait(143)) - 90975f2f-9485-48a4-a4f0-d3fba7160047@group-EE38EADD79F8->0598627c-23ca-4ee8-8b68-6a2bbae8a2e6-GrpcLogAppender: Wait interrupted by java.lang.InterruptedException
2019-10-01 23:43:50,133 [org.apache.ratis.server.impl.LogAppender$AppenderDaemon$$Lambda$511/518789928@5065183c] WARN  server.GrpcLogAppender (GrpcLogAppender.java:mayWait(143)) - 90975f2f-9485-48a4-a4f0-d3fba7160047@group-EE38EADD79F8->f1155e5b-ece4-4487-83cd-8dea0b525c9a-GrpcLogAppender: Wait interrupted by java.lang.InterruptedException
2019-10-01 23:43:50,133 [ForkJoinPool.commonPool-worker-1] INFO  impl.PendingRequests (PendingRequests.java:sendNotLeaderResponses(202)) - 90975f2f-9485-48a4-a4f0-d3fba7160047-PendingRequests: sendNotLeaderResponses
2019-10-01 23:43:50,134 [main] INFO  impl.RoleInfo (RoleInfo.java:shutdownFollowerState(121)) - d2ecb2a4-3754-4f5b-b51d-81d499514b0e: shutdown FollowerState
2019-10-01 23:43:50,134 [grpc-default-executor-3] INFO  server.GrpcServerProtocolService (GrpcServerProtocolService.java:onCompleted(113)) - f1155e5b-ece4-4487-83cd-8dea0b525c9a: Completed APPEND_ENTRIES, lastRequest: 90975f2f-9485-48a4-a4f0-d3fba7160047->f1155e5b-ece4-4487-83cd-8dea0b525c9a#8-t1, previous=(t:1, i:4), leaderCommit=4, initializing? false, entries: <empty>
2019-10-01 23:43:50,141 [90975f2f-9485-48a4-a4f0-d3fba7160047@group-EE38EADD79F8-StateMachineUpdater] INFO  ratis.ContainerStateMachine (ContainerStateMachine.java:takeSnapshot(289)) - group-EE38EADD79F8: Taking a snapshot at:(t:1, i:4) file /workdir/hadoop-ozone/integration-test/target/test-dir/MiniOzoneClusterImpl-b0268eef-721c-4f7d-a801-8a29ae4b86e9/datanode-1/data/ratis/cad6c25d-20b1-4188-a2c0-ee38eadd79f8/sm/snapshot.1_4
2019-10-01 23:43:50,134 [grpc-default-executor-2] INFO  server.GrpcServerProtocolService (GrpcServerProtocolService.java:onCompleted(113)) - 0598627c-23ca-4ee8-8b68-6a2bbae8a2e6: Completed APPEND_ENTRIES, lastRequest: 90975f2f-9485-48a4-a4f0-d3fba7160047->0598627c-23ca-4ee8-8b68-6a2bbae8a2e6#8-t1, previous=(t:1, i:4), leaderCommit=4, initializing? false, entries: <empty>
2019-10-01 23:43:50,141 [d2ecb2a4-3754-4f5b-b51d-81d499514b0e@group-F41A9E00A2F3-StateMachineUpdater] INFO  ratis.ContainerStateMachine (ContainerStateMachine.java:takeSnapshot(289)) - group-F41A9E00A2F3: Taking a snapshot at:(t:1, i:16) file /workdir/hadoop-ozone/integration-test/target/test-dir/MiniOzoneClusterImpl-b0268eef-721c-4f7d-a801-8a29ae4b86e9/datanode-4/data/ratis/cc1f94e8-c5be-4080-9539-f41a9e00a2f3/sm/snapshot.1_16
2019-10-01 23:43:50,140 [Thread-3972] INFO  impl.FollowerState (FollowerState.java:run(115)) - d2ecb2a4-3754-4f5b-b51d-81d499514b0e: FollowerState was interrupted: java.lang.InterruptedException: sleep interrupted
2019-10-01 23:43:50,140 [main] INFO  impl.StateMachineUpdater (StateMachineUpdater.java:stopAndJoin(125)) - d2ecb2a4-3754-4f5b-b51d-81d499514b0e@group-F41A9E00A2F3-StateMachineUpdater: set stopIndex = 16
2019-10-01 23:43:50,140 [ForkJoinPool.commonPool-worker-1] INFO  impl.StateMachineUpdater (StateMachineUpdater.java:stopAndJoin(125)) - 90975f2f-9485-48a4-a4f0-d3fba7160047@group-EE38EADD79F8-StateMachineUpdater: set stopIndex = 4
2019-10-01 23:43:50,146 [grpc-default-executor-2] INFO  server.GrpcLogAppender (GrpcLogAppender.java:onCompleted(293)) - 90975f2f-9485-48a4-a4f0-d3fba7160047@group-EE38EADD79F8->f1155e5b-ece4-4487-83cd-8dea0b525c9a-AppendLogResponseHandler: follower responses appendEntries COMPLETED
2019-10-01 23:43:50,146 [grpc-default-executor-0] INFO  server.GrpcLogAppender (GrpcLogAppender.java:onCompleted(293)) - 90975f2f-9485-48a4-a4f0-d3fba7160047@group-EE38EADD79F8->0598627c-23ca-4ee8-8b68-6a2bbae8a2e6-AppendLogResponseHandler: follower responses appendEntries COMPLETED
2019-10-01 23:43:50,153 [grpc-default-executor-2] INFO  impl.FollowerInfo (FollowerInfo.java:lambda$new$0(51)) - 90975f2f-9485-48a4-a4f0-d3fba7160047@group-EE38EADD79F8->f1155e5b-ece4-4487-83cd-8dea0b525c9a: nextIndex: updateUnconditionally 5 -> 4
2019-10-01 23:43:50,153 [grpc-default-executor-0] INFO  impl.FollowerInfo (FollowerInfo.java:lambda$new$0(51)) - 90975f2f-9485-48a4-a4f0-d3fba7160047@group-EE38EADD79F8->0598627c-23ca-4ee8-8b68-6a2bbae8a2e6: nextIndex: updateUnconditionally 5 -> 4
2019-10-01 23:43:50,159 [d2ecb2a4-3754-4f5b-b51d-81d499514b0e@group-F41A9E00A2F3-StateMachineUpdater] INFO  ratis.ContainerStateMachine (ContainerStateMachine.java:takeSnapshot(300)) - group-F41A9E00A2F3: Finished taking a snapshot at:(t:1, i:16) file:/workdir/hadoop-ozone/integration-test/target/test-dir/MiniOzoneClusterImpl-b0268eef-721c-4f7d-a801-8a29ae4b86e9/datanode-4/data/ratis/cc1f94e8-c5be-4080-9539-f41a9e00a2f3/sm/snapshot.1_16 time:19
2019-10-01 23:43:50,159 [90975f2f-9485-48a4-a4f0-d3fba7160047@group-EE38EADD79F8-StateMachineUpdater] INFO  ratis.ContainerStateMachine (ContainerStateMachine.java:takeSnapshot(300)) - group-EE38EADD79F8: Finished taking a snapshot at:(t:1, i:4) file:/workdir/hadoop-ozone/integration-test/target/test-dir/MiniOzoneClusterImpl-b0268eef-721c-4f7d-a801-8a29ae4b86e9/datanode-1/data/ratis/cad6c25d-20b1-4188-a2c0-ee38eadd79f8/sm/snapshot.1_4 time:19
2019-10-01 23:43:50,160 [d2ecb2a4-3754-4f5b-b51d-81d499514b0e@group-F41A9E00A2F3-StateMachineUpdater] INFO  impl.StateMachineUpdater (StateMachineUpdater.java:takeSnapshot(258)) - d2ecb2a4-3754-4f5b-b51d-81d499514b0e@group-F41A9E00A2F3-StateMachineUpdater: Took a snapshot at index 16
2019-10-01 23:43:50,160 [90975f2f-9485-48a4-a4f0-d3fba7160047@group-EE38EADD79F8-StateMachineUpdater] INFO  impl.StateMachineUpdater (StateMachineUpdater.java:takeSnapshot(258)) - 90975f2f-9485-48a4-a4f0-d3fba7160047@group-EE38EADD79F8-StateMachineUpdater: Took a snapshot at index 4
2019-10-01 23:43:50,160 [d2ecb2a4-3754-4f5b-b51d-81d499514b0e@group-F41A9E00A2F3-StateMachineUpdater] INFO  impl.StateMachineUpdater (StateMachineUpdater.java:lambda$new$0(83)) - d2ecb2a4-3754-4f5b-b51d-81d499514b0e@group-F41A9E00A2F3-StateMachineUpdater: snapshotIndex: updateIncreasingly -1 -> 16
2019-10-01 23:43:50,160 [90975f2f-9485-48a4-a4f0-d3fba7160047@group-EE38EADD79F8-StateMachineUpdater] INFO  impl.StateMachineUpdater (StateMachineUpdater.java:lambda$new$0(83)) - 90975f2f-9485-48a4-a4f0-d3fba7160047@group-EE38EADD79F8-StateMachineUpdater: snapshotIndex: updateIncreasingly -1 -> 4
2019-10-01 23:43:50,160 [main] INFO  impl.RaftServerImpl (ServerState.java:close(385)) - d2ecb2a4-3754-4f5b-b51d-81d499514b0e@group-F41A9E00A2F3: closes. applyIndex: 16
2019-10-01 23:43:50,160 [ForkJoinPool.commonPool-worker-1] INFO  impl.RaftServerImpl (ServerState.java:close(385)) - 90975f2f-9485-48a4-a4f0-d3fba7160047@group-EE38EADD79F8: closes. applyIndex: 4
2019-10-01 23:43:50,161 [d2ecb2a4-3754-4f5b-b51d-81d499514b0e@group-F41A9E00A2F3-SegmentedRaftLogWorker] INFO  segmented.SegmentedRaftLogWorker (SegmentedRaftLogWorker.java:run(313)) - d2ecb2a4-3754-4f5b-b51d-81d499514b0e@group-F41A9E00A2F3-SegmentedRaftLogWorker was interrupted, exiting. There are 0 tasks remaining in the queue.
2019-10-01 23:43:50,161 [90975f2f-9485-48a4-a4f0-d3fba7160047@group-EE38EADD79F8-SegmentedRaftLogWorker] INFO  segmented.SegmentedRaftLogWorker (SegmentedRaftLogWorker.java:run(313)) - 90975f2f-9485-48a4-a4f0-d3fba7160047@group-EE38EADD79F8-SegmentedRaftLogWorker was interrupted, exiting. There are 0 tasks remaining in the queue.
2019-10-01 23:43:50,164 [main] INFO  segmented.SegmentedRaftLogWorker (SegmentedRaftLogWorker.java:close(228)) - d2ecb2a4-3754-4f5b-b51d-81d499514b0e@group-F41A9E00A2F3-SegmentedRaftLogWorker close()
2019-10-01 23:43:50,167 [ForkJoinPool.commonPool-worker-1] INFO  segmented.SegmentedRaftLogWorker (SegmentedRaftLogWorker.java:close(228)) - 90975f2f-9485-48a4-a4f0-d3fba7160047@group-EE38EADD79F8-SegmentedRaftLogWorker close()
2019-10-01 23:43:50,173 [main] INFO  server.GrpcService (GrpcService.java:closeImpl(164)) - d2ecb2a4-3754-4f5b-b51d-81d499514b0e: shutdown server with port 37402 now
2019-10-01 23:43:50,179 [ForkJoinPool.commonPool-worker-1] INFO  server.GrpcService (GrpcService.java:closeImpl(164)) - 90975f2f-9485-48a4-a4f0-d3fba7160047: shutdown server with port 35738 now
2019-10-01 23:43:50,180 [grpc-default-executor-2] WARN  server.GrpcServerProtocolService (LogUtils.java:warn(134)) - d2ecb2a4-3754-4f5b-b51d-81d499514b0e: installSnapshot onError, lastRequest: ebd725b5-8731-4ac1-91b6-1bfd6f459ef6->d2ecb2a4-3754-4f5b-b51d-81d499514b0e#19-t1, previous=(t:1, i:16), leaderCommit=16, initializing? false, entries: <empty>: org.apache.ratis.thirdparty.io.grpc.StatusRuntimeException: CANCELLED: cancelled before receiving half close
2019-10-01 23:43:50,180 [main] INFO  server.GrpcService (GrpcService.java:closeImpl(172)) - d2ecb2a4-3754-4f5b-b51d-81d499514b0e: shutdown server with port 37402 successfully
2019-10-01 23:43:50,180 [grpc-default-executor-3] WARN  server.GrpcLogAppender (LogUtils.java:warn(134)) - ebd725b5-8731-4ac1-91b6-1bfd6f459ef6@group-F41A9E00A2F3->d2ecb2a4-3754-4f5b-b51d-81d499514b0e-AppendLogResponseHandler: Failed appendEntries: org.apache.ratis.thirdparty.io.grpc.StatusRuntimeException: CANCELLED: HTTP/2 error code: CANCEL
Received Rst Stream
2019-10-01 23:43:50,180 [grpc-default-executor-3] INFO  impl.FollowerInfo (FollowerInfo.java:lambda$new$0(51)) - ebd725b5-8731-4ac1-91b6-1bfd6f459ef6@group-F41A9E00A2F3->d2ecb2a4-3754-4f5b-b51d-81d499514b0e: nextIndex: updateUnconditionally 17 -> 16
2019-10-01 23:43:50,180 [ForkJoinPool.commonPool-worker-1] INFO  server.GrpcService (GrpcService.java:closeImpl(172)) - 90975f2f-9485-48a4-a4f0-d3fba7160047: shutdown server with port 35738 successfully
2019-10-01 23:43:50,183 [refreshUsed-/workdir/hadoop-ozone/integration-test/target/test-dir/MiniOzoneClusterImpl-b0268eef-721c-4f7d-a801-8a29ae4b86e9/datanode-4/data/containers] WARN  fs.CachingGetSpaceUsed (CachingGetSpaceUsed.java:run(183)) - Thread Interrupted waiting to refresh disk information: sleep interrupted
2019-10-01 23:43:50,184 [refreshUsed-/workdir/hadoop-ozone/integration-test/target/test-dir/MiniOzoneClusterImpl-b0268eef-721c-4f7d-a801-8a29ae4b86e9/datanode-1/data/containers] WARN  fs.CachingGetSpaceUsed (CachingGetSpaceUsed.java:run(183)) - Thread Interrupted waiting to refresh disk information: sleep interrupted
2019-10-01 23:43:50,204 [main] INFO  utils.BackgroundService (BackgroundService.java:shutdown(148)) - Shutting down service BlockDeletingService
2019-10-01 23:43:50,204 [ForkJoinPool.commonPool-worker-1] INFO  utils.BackgroundService (BackgroundService.java:shutdown(148)) - Shutting down service BlockDeletingService
2019-10-01 23:43:50,213 [main] INFO  statemachine.DatanodeStateMachine (DatanodeStateMachine.java:stopDaemon(395)) - Ozone container server stopped.
2019-10-01 23:43:50,215 [ForkJoinPool.commonPool-worker-1] INFO  statemachine.DatanodeStateMachine (DatanodeStateMachine.java:stopDaemon(395)) - Ozone container server stopped.
2019-10-01 23:43:50,223 [main] INFO  handler.ContextHandler (ContextHandler.java:doStop(910)) - Stopped o.e.j.w.WebAppContext@7db791df{/,null,UNAVAILABLE}{/hddsDatanode}
2019-10-01 23:43:50,223 [ForkJoinPool.commonPool-worker-1] INFO  handler.ContextHandler (ContextHandler.java:doStop(910)) - Stopped o.e.j.w.WebAppContext@76af51d6{/,null,UNAVAILABLE}{/hddsDatanode}
2019-10-01 23:43:50,223 [main] INFO  server.AbstractConnector (AbstractConnector.java:doStop(318)) - Stopped ServerConnector@1bfa5a13{HTTP/1.1,[http/1.1]}{0.0.0.0:0}
2019-10-01 23:43:50,224 [ForkJoinPool.commonPool-worker-1] INFO  server.AbstractConnector (AbstractConnector.java:doStop(318)) - Stopped ServerConnector@39ace1a7{HTTP/1.1,[http/1.1]}{0.0.0.0:0}
2019-10-01 23:43:50,224 [main] INFO  handler.ContextHandler (ContextHandler.java:doStop(910)) - Stopped o.e.j.s.ServletContextHandler@25470477{/static,jar:file:/home/user/.m2/repository/org/apache/hadoop/hadoop-hdds-container-service/0.5.0-SNAPSHOT/hadoop-hdds-container-service-0.5.0-SNAPSHOT.jar!/webapps/static,UNAVAILABLE}
2019-10-01 23:43:50,226 [ForkJoinPool.commonPool-worker-1] INFO  handler.ContextHandler (ContextHandler.java:doStop(910)) - Stopped o.e.j.s.ServletContextHandler@645dc557{/static,jar:file:/home/user/.m2/repository/org/apache/hadoop/hadoop-hdds-container-service/0.5.0-SNAPSHOT/hadoop-hdds-container-service-0.5.0-SNAPSHOT.jar!/webapps/static,UNAVAILABLE}
2019-10-01 23:43:50,227 [main] INFO  handler.ContextHandler (ContextHandler.java:doStop(910)) - Stopped o.e.j.s.ServletContextHandler@4e2cdc51{/logs,file:///workdir/hadoop-ozone/integration-test/target/log,UNAVAILABLE}
2019-10-01 23:43:50,229 [ForkJoinPool.commonPool-worker-1] INFO  handler.ContextHandler (ContextHandler.java:doStop(910)) - Stopped o.e.j.s.ServletContextHandler@3b57f915{/logs,file:///workdir/hadoop-ozone/integration-test/target/log,UNAVAILABLE}
2019-10-01 23:43:50,393 [grpc-default-executor-3] WARN  server.GrpcLogAppender (LogUtils.java:warn(134)) - ebd725b5-8731-4ac1-91b6-1bfd6f459ef6@group-F41A9E00A2F3->d2ecb2a4-3754-4f5b-b51d-81d499514b0e-AppendLogResponseHandler: Failed appendEntries: org.apache.ratis.thirdparty.io.grpc.StatusRuntimeException: UNAVAILABLE: io exception
2019-10-01 23:43:50,393 [grpc-default-executor-3] INFO  impl.FollowerInfo (FollowerInfo.java:lambda$new$0(51)) - ebd725b5-8731-4ac1-91b6-1bfd6f459ef6@group-F41A9E00A2F3->d2ecb2a4-3754-4f5b-b51d-81d499514b0e: nextIndex: updateUnconditionally 16 -> 15
2019-10-01 23:43:50,701 [Datanode State Machine Thread - 0] INFO  statemachine.DatanodeStateMachine (DatanodeStateMachine.java:lambda$startDaemon$0(350)) - Ozone container server started.
2019-10-01 23:43:51,020 [Datanode State Machine Thread - 0] INFO  statemachine.DatanodeStateMachine (DatanodeStateMachine.java:lambda$startDaemon$0(350)) - Ozone container server started.
2019-10-01 23:43:51,719 [grpc-default-executor-0] WARN  server.GrpcLogAppender (LogUtils.java:warn(134)) - ebd725b5-8731-4ac1-91b6-1bfd6f459ef6@group-F41A9E00A2F3->d2ecb2a4-3754-4f5b-b51d-81d499514b0e-AppendLogResponseHandler: Failed appendEntries: org.apache.ratis.thirdparty.io.grpc.StatusRuntimeException: UNAVAILABLE: io exception
2019-10-01 23:43:51,719 [grpc-default-executor-0] INFO  impl.FollowerInfo (FollowerInfo.java:lambda$new$0(51)) - ebd725b5-8731-4ac1-91b6-1bfd6f459ef6@group-F41A9E00A2F3->d2ecb2a4-3754-4f5b-b51d-81d499514b0e: nextIndex: updateUnconditionally 16 -> 15
2019-10-01 23:43:51,731 [grpc-default-executor-3] WARN  server.GrpcLogAppender (LogUtils.java:warn(134)) - ebd725b5-8731-4ac1-91b6-1bfd6f459ef6@group-F41A9E00A2F3->d2ecb2a4-3754-4f5b-b51d-81d499514b0e-AppendLogResponseHandler: Failed appendEntries: org.apache.ratis.thirdparty.io.grpc.StatusRuntimeException: UNAVAILABLE: io exception
2019-10-01 23:43:51,732 [grpc-default-executor-3] INFO  impl.FollowerInfo (FollowerInfo.java:lambda$new$0(51)) - ebd725b5-8731-4ac1-91b6-1bfd6f459ef6@group-F41A9E00A2F3->d2ecb2a4-3754-4f5b-b51d-81d499514b0e: nextIndex: updateUnconditionally 16 -> 15
2019-10-01 23:43:51,743 [RatisApplyTransactionExecutor 1] INFO  interfaces.Container (KeyValueContainer.java:flushAndSyncDB(386)) - Container 1 is synced with bcsId 14.
2019-10-01 23:43:51,744 [RatisApplyTransactionExecutor 1] INFO  interfaces.Container (KeyValueContainer.java:flushAndSyncDB(386)) - Container 1 is synced with bcsId 14.
2019-10-01 23:43:51,745 [grpc-default-executor-0] WARN  server.GrpcLogAppender (LogUtils.java:warn(134)) - ebd725b5-8731-4ac1-91b6-1bfd6f459ef6@group-F41A9E00A2F3->d2ecb2a4-3754-4f5b-b51d-81d499514b0e-AppendLogResponseHandler: Failed appendEntries: org.apache.ratis.thirdparty.io.grpc.StatusRuntimeException: UNAVAILABLE: io exception
2019-10-01 23:43:51,745 [grpc-default-executor-0] INFO  impl.FollowerInfo (FollowerInfo.java:lambda$new$0(51)) - ebd725b5-8731-4ac1-91b6-1bfd6f459ef6@group-F41A9E00A2F3->d2ecb2a4-3754-4f5b-b51d-81d499514b0e: nextIndex: updateUnconditionally 16 -> 15
2019-10-01 23:43:51,757 [RatisApplyTransactionExecutor 1] INFO  interfaces.Container (KeyValueContainer.java:close(335)) - Container 1 is closed with bcsId 14.
2019-10-01 23:43:51,758 [EventQueue-IncrementalContainerReportForIncrementalContainerReportHandler] INFO  container.IncrementalContainerReportHandler (AbstractContainerReportHandler.java:updateContainerState(176)) - Moving container #1 to CLOSED state, datanode ebd725b5-8731-4ac1-91b6-1bfd6f459ef6{ip: 192.168.164.203, host: pr-hdds-2158-lzhrq-821698512, networkLocation: /default-rack, certSerialId: null} reported CLOSED replica.
2019-10-01 23:43:51,759 [RatisApplyTransactionExecutor 1] INFO  interfaces.Container (KeyValueContainer.java:flushAndSyncDB(386)) - Container 1 is synced with bcsId 14.
2019-10-01 23:43:51,759 [RatisApplyTransactionExecutor 1] INFO  interfaces.Container (KeyValueContainer.java:flushAndSyncDB(386)) - Container 1 is synced with bcsId 14.
2019-10-01 23:43:51,772 [RatisApplyTransactionExecutor 1] INFO  interfaces.Container (KeyValueContainer.java:close(335)) - Container 1 is closed with bcsId 14.
2019-10-01 23:43:54,248 [grpc-default-executor-3] WARN  server.GrpcLogAppender (LogUtils.java:warn(134)) - ebd725b5-8731-4ac1-91b6-1bfd6f459ef6@group-F41A9E00A2F3->d2ecb2a4-3754-4f5b-b51d-81d499514b0e-AppendLogResponseHandler: Failed appendEntries: org.apache.ratis.thirdparty.io.grpc.StatusRuntimeException: UNAVAILABLE: io exception
2019-10-01 23:43:54,249 [grpc-default-executor-3] INFO  impl.FollowerInfo (FollowerInfo.java:lambda$new$0(51)) - ebd725b5-8731-4ac1-91b6-1bfd6f459ef6@group-F41A9E00A2F3->d2ecb2a4-3754-4f5b-b51d-81d499514b0e: nextIndex: updateUnconditionally 15 -> 14
2019-10-01 23:43:54,768 [EventQueue-StaleNodeForStaleNodeHandler] INFO  node.StaleNodeHandler (StaleNodeHandler.java:onMessage(58)) - Datanode ce32e816-65e0-4fe3-9b5e-fe012152cf3a{ip: 192.168.164.203, host: pr-hdds-2158-lzhrq-821698512, networkLocation: /default-rack, certSerialId: null} moved to stale state. Finalizing its pipelines [PipelineID=cc1f94e8-c5be-4080-9539-f41a9e00a2f3, PipelineID=6c82b395-e7a9-478e-bbce-a474eeb8ccfd]
2019-10-01 23:43:54,769 [EventQueue-StaleNodeForStaleNodeHandler] INFO  pipeline.SCMPipelineManager (SCMPipelineManager.java:finalizeAndDestroyPipeline(311)) - destroying pipeline:Pipeline[ Id: cc1f94e8-c5be-4080-9539-f41a9e00a2f3, Nodes: ce32e816-65e0-4fe3-9b5e-fe012152cf3a{ip: 192.168.164.203, host: pr-hdds-2158-lzhrq-821698512, networkLocation: /default-rack, certSerialId: null}d2ecb2a4-3754-4f5b-b51d-81d499514b0e{ip: 192.168.164.203, host: pr-hdds-2158-lzhrq-821698512, networkLocation: /default-rack, certSerialId: null}ebd725b5-8731-4ac1-91b6-1bfd6f459ef6{ip: 192.168.164.203, host: pr-hdds-2158-lzhrq-821698512, networkLocation: /default-rack, certSerialId: null}, Type:RATIS, Factor:THREE, State:CLOSED]
2019-10-01 23:43:54,769 [EventQueue-StaleNodeForStaleNodeHandler] INFO  pipeline.SCMPipelineManager (SCMPipelineManager.java:finalizeAndDestroyPipeline(311)) - destroying pipeline:Pipeline[ Id: 6c82b395-e7a9-478e-bbce-a474eeb8ccfd, Nodes: ce32e816-65e0-4fe3-9b5e-fe012152cf3a{ip: 192.168.164.203, host: pr-hdds-2158-lzhrq-821698512, networkLocation: /default-rack, certSerialId: null}, Type:RATIS, Factor:ONE, State:OPEN]
2019-10-01 23:43:54,769 [EventQueue-StaleNodeForStaleNodeHandler] INFO  pipeline.PipelineStateManager (PipelineStateManager.java:finalizePipeline(123)) - Pipeline Pipeline[ Id: 6c82b395-e7a9-478e-bbce-a474eeb8ccfd, Nodes: ce32e816-65e0-4fe3-9b5e-fe012152cf3a{ip: 192.168.164.203, host: pr-hdds-2158-lzhrq-821698512, networkLocation: /default-rack, certSerialId: null}, Type:RATIS, Factor:ONE, State:CLOSED] moved to CLOSED state
2019-10-01 23:43:55,071 [EventQueue-StaleNodeForStaleNodeHandler] INFO  node.StaleNodeHandler (StaleNodeHandler.java:onMessage(58)) - Datanode f1155e5b-ece4-4487-83cd-8dea0b525c9a{ip: 192.168.164.203, host: pr-hdds-2158-lzhrq-821698512, networkLocation: /default-rack, certSerialId: null} moved to stale state. Finalizing its pipelines [PipelineID=26fd2361-d266-4740-b8da-772e0d47c60a, PipelineID=cad6c25d-20b1-4188-a2c0-ee38eadd79f8]
2019-10-01 23:43:55,071 [EventQueue-StaleNodeForStaleNodeHandler] INFO  pipeline.SCMPipelineManager (SCMPipelineManager.java:finalizeAndDestroyPipeline(311)) - destroying pipeline:Pipeline[ Id: 26fd2361-d266-4740-b8da-772e0d47c60a, Nodes: f1155e5b-ece4-4487-83cd-8dea0b525c9a{ip: 192.168.164.203, host: pr-hdds-2158-lzhrq-821698512, networkLocation: /default-rack, certSerialId: null}, Type:RATIS, Factor:ONE, State:OPEN]
2019-10-01 23:43:55,072 [EventQueue-StaleNodeForStaleNodeHandler] INFO  pipeline.PipelineStateManager (PipelineStateManager.java:finalizePipeline(123)) - Pipeline Pipeline[ Id: 26fd2361-d266-4740-b8da-772e0d47c60a, Nodes: f1155e5b-ece4-4487-83cd-8dea0b525c9a{ip: 192.168.164.203, host: pr-hdds-2158-lzhrq-821698512, networkLocation: /default-rack, certSerialId: null}, Type:RATIS, Factor:ONE, State:CLOSED] moved to CLOSED state
2019-10-01 23:43:55,072 [EventQueue-StaleNodeForStaleNodeHandler] INFO  pipeline.SCMPipelineManager (SCMPipelineManager.java:finalizeAndDestroyPipeline(311)) - destroying pipeline:Pipeline[ Id: cad6c25d-20b1-4188-a2c0-ee38eadd79f8, Nodes: f1155e5b-ece4-4487-83cd-8dea0b525c9a{ip: 192.168.164.203, host: pr-hdds-2158-lzhrq-821698512, networkLocation: /default-rack, certSerialId: null}90975f2f-9485-48a4-a4f0-d3fba7160047{ip: 192.168.164.203, host: pr-hdds-2158-lzhrq-821698512, networkLocation: /default-rack, certSerialId: null}0598627c-23ca-4ee8-8b68-6a2bbae8a2e6{ip: 192.168.164.203, host: pr-hdds-2158-lzhrq-821698512, networkLocation: /default-rack, certSerialId: null}, Type:RATIS, Factor:THREE, State:CLOSED]
2019-10-01 23:43:55,232 [ForkJoinPool.commonPool-worker-1] INFO  ozoneimpl.OzoneContainer (OzoneContainer.java:stop(231)) - Attempting to stop container services.
2019-10-01 23:43:55,232 [main] INFO  ozoneimpl.OzoneContainer (OzoneContainer.java:stop(231)) - Attempting to stop container services.
2019-10-01 23:43:55,242 [ForkJoinPool.commonPool-worker-1] INFO  impl.RaftServerProxy (RaftServerProxy.java:lambda$close$4(314)) - f1155e5b-ece4-4487-83cd-8dea0b525c9a: close
2019-10-01 23:43:55,243 [main] INFO  impl.RaftServerProxy (RaftServerProxy.java:lambda$close$4(314)) - ce32e816-65e0-4fe3-9b5e-fe012152cf3a: close
2019-10-01 23:43:55,243 [ForkJoinPool.commonPool-worker-1] INFO  impl.RaftServerImpl (RaftServerImpl.java:lambda$shutdown$3(251)) - f1155e5b-ece4-4487-83cd-8dea0b525c9a@group-772E0D47C60A: shutdown
2019-10-01 23:43:55,243 [main] INFO  impl.RaftServerImpl (RaftServerImpl.java:lambda$shutdown$3(251)) - ce32e816-65e0-4fe3-9b5e-fe012152cf3a@group-F41A9E00A2F3: shutdown
2019-10-01 23:43:55,243 [ForkJoinPool.commonPool-worker-1] INFO  util.JmxRegister (JmxRegister.java:unregister(73)) - Successfully un-registered JMX Bean with object name Ratis:service=RaftServer,group=group-772E0D47C60A,id=f1155e5b-ece4-4487-83cd-8dea0b525c9a
2019-10-01 23:43:55,243 [main] INFO  util.JmxRegister (JmxRegister.java:unregister(73)) - Successfully un-registered JMX Bean with object name Ratis:service=RaftServer,group=group-F41A9E00A2F3,id=ce32e816-65e0-4fe3-9b5e-fe012152cf3a
2019-10-01 23:43:55,244 [ForkJoinPool.commonPool-worker-1] INFO  impl.RoleInfo (RoleInfo.java:shutdownLeaderState(104)) - f1155e5b-ece4-4487-83cd-8dea0b525c9a: shutdown LeaderState
2019-10-01 23:43:55,244 [main] INFO  impl.RoleInfo (RoleInfo.java:shutdownFollowerState(121)) - ce32e816-65e0-4fe3-9b5e-fe012152cf3a: shutdown FollowerState
2019-10-01 23:43:55,244 [ForkJoinPool.commonPool-worker-1] INFO  impl.PendingRequests (PendingRequests.java:sendNotLeaderResponses(202)) - f1155e5b-ece4-4487-83cd-8dea0b525c9a-PendingRequests: sendNotLeaderResponses
2019-10-01 23:43:55,245 [Thread-3971] INFO  impl.FollowerState (FollowerState.java:run(115)) - ce32e816-65e0-4fe3-9b5e-fe012152cf3a: FollowerState was interrupted: java.lang.InterruptedException: sleep interrupted
2019-10-01 23:43:55,245 [main] INFO  impl.StateMachineUpdater (StateMachineUpdater.java:stopAndJoin(125)) - ce32e816-65e0-4fe3-9b5e-fe012152cf3a@group-F41A9E00A2F3-StateMachineUpdater: set stopIndex = 18
2019-10-01 23:43:55,247 [ForkJoinPool.commonPool-worker-1] INFO  impl.StateMachineUpdater (StateMachineUpdater.java:stopAndJoin(125)) - f1155e5b-ece4-4487-83cd-8dea0b525c9a@group-772E0D47C60A-StateMachineUpdater: set stopIndex = 0
2019-10-01 23:43:55,245 [ce32e816-65e0-4fe3-9b5e-fe012152cf3a@group-F41A9E00A2F3-StateMachineUpdater] INFO  ratis.ContainerStateMachine (ContainerStateMachine.java:takeSnapshot(289)) - group-F41A9E00A2F3: Taking a snapshot at:(t:1, i:17) file /workdir/hadoop-ozone/integration-test/target/test-dir/MiniOzoneClusterImpl-b0268eef-721c-4f7d-a801-8a29ae4b86e9/datanode-3/data/ratis/cc1f94e8-c5be-4080-9539-f41a9e00a2f3/sm/snapshot.1_17
2019-10-01 23:43:55,247 [ForkJoinPool.commonPool-worker-1] INFO  impl.RaftServerImpl (ServerState.java:close(385)) - f1155e5b-ece4-4487-83cd-8dea0b525c9a@group-772E0D47C60A: closes. applyIndex: 0
2019-10-01 23:43:55,248 [f1155e5b-ece4-4487-83cd-8dea0b525c9a@group-772E0D47C60A-SegmentedRaftLogWorker] INFO  segmented.SegmentedRaftLogWorker (SegmentedRaftLogWorker.java:run(313)) - f1155e5b-ece4-4487-83cd-8dea0b525c9a@group-772E0D47C60A-SegmentedRaftLogWorker was interrupted, exiting. There are 0 tasks remaining in the queue.
2019-10-01 23:43:55,249 [ForkJoinPool.commonPool-worker-1] INFO  segmented.SegmentedRaftLogWorker (SegmentedRaftLogWorker.java:close(228)) - f1155e5b-ece4-4487-83cd-8dea0b525c9a@group-772E0D47C60A-SegmentedRaftLogWorker close()
2019-10-01 23:43:55,262 [ce32e816-65e0-4fe3-9b5e-fe012152cf3a@group-F41A9E00A2F3-StateMachineUpdater] INFO  ratis.ContainerStateMachine (ContainerStateMachine.java:takeSnapshot(300)) - group-F41A9E00A2F3: Finished taking a snapshot at:(t:1, i:17) file:/workdir/hadoop-ozone/integration-test/target/test-dir/MiniOzoneClusterImpl-b0268eef-721c-4f7d-a801-8a29ae4b86e9/datanode-3/data/ratis/cc1f94e8-c5be-4080-9539-f41a9e00a2f3/sm/snapshot.1_17 time:17
2019-10-01 23:43:55,262 [ForkJoinPool.commonPool-worker-1] INFO  impl.RaftServerImpl (RaftServerImpl.java:lambda$shutdown$3(251)) - f1155e5b-ece4-4487-83cd-8dea0b525c9a@group-EE38EADD79F8: shutdown
2019-10-01 23:43:55,262 [ForkJoinPool.commonPool-worker-1] INFO  util.JmxRegister (JmxRegister.java:unregister(73)) - Successfully un-registered JMX Bean with object name Ratis:service=RaftServer,group=group-EE38EADD79F8,id=f1155e5b-ece4-4487-83cd-8dea0b525c9a
2019-10-01 23:43:55,263 [ce32e816-65e0-4fe3-9b5e-fe012152cf3a@group-F41A9E00A2F3-StateMachineUpdater] INFO  impl.StateMachineUpdater (StateMachineUpdater.java:takeSnapshot(258)) - ce32e816-65e0-4fe3-9b5e-fe012152cf3a@group-F41A9E00A2F3-StateMachineUpdater: Took a snapshot at index 17
2019-10-01 23:43:55,263 [ForkJoinPool.commonPool-worker-1] INFO  impl.RoleInfo (RoleInfo.java:shutdownFollowerState(121)) - f1155e5b-ece4-4487-83cd-8dea0b525c9a: shutdown FollowerState
2019-10-01 23:43:55,263 [ce32e816-65e0-4fe3-9b5e-fe012152cf3a@group-F41A9E00A2F3-StateMachineUpdater] INFO  impl.StateMachineUpdater (StateMachineUpdater.java:lambda$new$0(83)) - ce32e816-65e0-4fe3-9b5e-fe012152cf3a@group-F41A9E00A2F3-StateMachineUpdater: snapshotIndex: updateIncreasingly -1 -> 17
2019-10-01 23:43:55,263 [ForkJoinPool.commonPool-worker-1] INFO  impl.StateMachineUpdater (StateMachineUpdater.java:stopAndJoin(125)) - f1155e5b-ece4-4487-83cd-8dea0b525c9a@group-EE38EADD79F8-StateMachineUpdater: set stopIndex = 4
2019-10-01 23:43:55,263 [Thread-3949] INFO  impl.FollowerState (FollowerState.java:run(115)) - f1155e5b-ece4-4487-83cd-8dea0b525c9a: FollowerState was interrupted: java.lang.InterruptedException: sleep interrupted
2019-10-01 23:43:55,263 [ce32e816-65e0-4fe3-9b5e-fe012152cf3a@group-F41A9E00A2F3-StateMachineUpdater] INFO  ratis.ContainerStateMachine (ContainerStateMachine.java:takeSnapshot(289)) - group-F41A9E00A2F3: Taking a snapshot at:(t:1, i:17) file /workdir/hadoop-ozone/integration-test/target/test-dir/MiniOzoneClusterImpl-b0268eef-721c-4f7d-a801-8a29ae4b86e9/datanode-3/data/ratis/cc1f94e8-c5be-4080-9539-f41a9e00a2f3/sm/snapshot.1_17
2019-10-01 23:43:55,263 [f1155e5b-ece4-4487-83cd-8dea0b525c9a@group-EE38EADD79F8-StateMachineUpdater] INFO  ratis.ContainerStateMachine (ContainerStateMachine.java:takeSnapshot(289)) - group-EE38EADD79F8: Taking a snapshot at:(t:1, i:3) file /workdir/hadoop-ozone/integration-test/target/test-dir/MiniOzoneClusterImpl-b0268eef-721c-4f7d-a801-8a29ae4b86e9/datanode-2/data/ratis/cad6c25d-20b1-4188-a2c0-ee38eadd79f8/sm/snapshot.1_3
2019-10-01 23:43:55,282 [ce32e816-65e0-4fe3-9b5e-fe012152cf3a@group-F41A9E00A2F3-StateMachineUpdater] INFO  ratis.ContainerStateMachine (ContainerStateMachine.java:takeSnapshot(300)) - group-F41A9E00A2F3: Finished taking a snapshot at:(t:1, i:17) file:/workdir/hadoop-ozone/integration-test/target/test-dir/MiniOzoneClusterImpl-b0268eef-721c-4f7d-a801-8a29ae4b86e9/datanode-3/data/ratis/cc1f94e8-c5be-4080-9539-f41a9e00a2f3/sm/snapshot.1_17 time:18
2019-10-01 23:43:55,282 [f1155e5b-ece4-4487-83cd-8dea0b525c9a@group-EE38EADD79F8-StateMachineUpdater] INFO  ratis.ContainerStateMachine (ContainerStateMachine.java:takeSnapshot(300)) - group-EE38EADD79F8: Finished taking a snapshot at:(t:1, i:3) file:/workdir/hadoop-ozone/integration-test/target/test-dir/MiniOzoneClusterImpl-b0268eef-721c-4f7d-a801-8a29ae4b86e9/datanode-2/data/ratis/cad6c25d-20b1-4188-a2c0-ee38eadd79f8/sm/snapshot.1_3 time:18
2019-10-01 23:43:55,282 [ce32e816-65e0-4fe3-9b5e-fe012152cf3a@group-F41A9E00A2F3-StateMachineUpdater] INFO  impl.StateMachineUpdater (StateMachineUpdater.java:takeSnapshot(258)) - ce32e816-65e0-4fe3-9b5e-fe012152cf3a@group-F41A9E00A2F3-StateMachineUpdater: Took a snapshot at index 17
2019-10-01 23:43:55,282 [ce32e816-65e0-4fe3-9b5e-fe012152cf3a@group-F41A9E00A2F3-StateMachineUpdater] INFO  impl.StateMachineUpdater (StateMachineUpdater.java:lambda$new$0(83)) - ce32e816-65e0-4fe3-9b5e-fe012152cf3a@group-F41A9E00A2F3-StateMachineUpdater: snapshotIndex: updateIncreasingly 17 -> 17
2019-10-01 23:43:55,282 [f1155e5b-ece4-4487-83cd-8dea0b525c9a@group-EE38EADD79F8-StateMachineUpdater] INFO  impl.StateMachineUpdater (StateMachineUpdater.java:takeSnapshot(258)) - f1155e5b-ece4-4487-83cd-8dea0b525c9a@group-EE38EADD79F8-StateMachineUpdater: Took a snapshot at index 3
2019-10-01 23:43:55,282 [f1155e5b-ece4-4487-83cd-8dea0b525c9a@group-EE38EADD79F8-StateMachineUpdater] INFO  impl.StateMachineUpdater (StateMachineUpdater.java:lambda$new$0(83)) - f1155e5b-ece4-4487-83cd-8dea0b525c9a@group-EE38EADD79F8-StateMachineUpdater: snapshotIndex: updateIncreasingly -1 -> 3
2019-10-01 23:43:55,282 [main] INFO  impl.RaftServerImpl (ServerState.java:close(385)) - ce32e816-65e0-4fe3-9b5e-fe012152cf3a@group-F41A9E00A2F3: closes. applyIndex: 18
2019-10-01 23:43:55,282 [f1155e5b-ece4-4487-83cd-8dea0b525c9a@group-EE38EADD79F8-StateMachineUpdater] INFO  ratis.ContainerStateMachine (ContainerStateMachine.java:takeSnapshot(289)) - group-EE38EADD79F8: Taking a snapshot at:(t:1, i:3) file /workdir/hadoop-ozone/integration-test/target/test-dir/MiniOzoneClusterImpl-b0268eef-721c-4f7d-a801-8a29ae4b86e9/datanode-2/data/ratis/cad6c25d-20b1-4188-a2c0-ee38eadd79f8/sm/snapshot.1_3
2019-10-01 23:43:55,283 [ce32e816-65e0-4fe3-9b5e-fe012152cf3a@group-F41A9E00A2F3-SegmentedRaftLogWorker] INFO  segmented.SegmentedRaftLogWorker (SegmentedRaftLogWorker.java:run(313)) - ce32e816-65e0-4fe3-9b5e-fe012152cf3a@group-F41A9E00A2F3-SegmentedRaftLogWorker was interrupted, exiting. There are 0 tasks remaining in the queue.
2019-10-01 23:43:55,283 [main] INFO  segmented.SegmentedRaftLogWorker (SegmentedRaftLogWorker.java:close(228)) - ce32e816-65e0-4fe3-9b5e-fe012152cf3a@group-F41A9E00A2F3-SegmentedRaftLogWorker close()
2019-10-01 23:43:55,286 [main] INFO  impl.RaftServerImpl (RaftServerImpl.java:lambda$shutdown$3(251)) - ce32e816-65e0-4fe3-9b5e-fe012152cf3a@group-A474EEB8CCFD: shutdown
2019-10-01 23:43:55,286 [main] INFO  util.JmxRegister (JmxRegister.java:unregister(73)) - Successfully un-registered JMX Bean with object name Ratis:service=RaftServer,group=group-A474EEB8CCFD,id=ce32e816-65e0-4fe3-9b5e-fe012152cf3a
2019-10-01 23:43:55,287 [main] INFO  impl.RoleInfo (RoleInfo.java:shutdownLeaderState(104)) - ce32e816-65e0-4fe3-9b5e-fe012152cf3a: shutdown LeaderState
2019-10-01 23:43:55,287 [main] INFO  impl.PendingRequests (PendingRequests.java:sendNotLeaderResponses(202)) - ce32e816-65e0-4fe3-9b5e-fe012152cf3a-PendingRequests: sendNotLeaderResponses
2019-10-01 23:43:55,287 [main] INFO  impl.StateMachineUpdater (StateMachineUpdater.java:stopAndJoin(125)) - ce32e816-65e0-4fe3-9b5e-fe012152cf3a@group-A474EEB8CCFD-StateMachineUpdater: set stopIndex = 0
2019-10-01 23:43:55,287 [main] INFO  impl.RaftServerImpl (ServerState.java:close(385)) - ce32e816-65e0-4fe3-9b5e-fe012152cf3a@group-A474EEB8CCFD: closes. applyIndex: 0
2019-10-01 23:43:55,288 [ce32e816-65e0-4fe3-9b5e-fe012152cf3a@group-A474EEB8CCFD-SegmentedRaftLogWorker] INFO  segmented.SegmentedRaftLogWorker (SegmentedRaftLogWorker.java:run(313)) - ce32e816-65e0-4fe3-9b5e-fe012152cf3a@group-A474EEB8CCFD-SegmentedRaftLogWorker was interrupted, exiting. There are 0 tasks remaining in the queue.
2019-10-01 23:43:55,288 [main] INFO  segmented.SegmentedRaftLogWorker (SegmentedRaftLogWorker.java:close(228)) - ce32e816-65e0-4fe3-9b5e-fe012152cf3a@group-A474EEB8CCFD-SegmentedRaftLogWorker close()
2019-10-01 23:43:55,291 [main] INFO  server.GrpcService (GrpcService.java:closeImpl(164)) - ce32e816-65e0-4fe3-9b5e-fe012152cf3a: shutdown server with port 43956 now
2019-10-01 23:43:55,293 [grpc-default-executor-2] WARN  server.GrpcServerProtocolService (LogUtils.java:warn(134)) - ce32e816-65e0-4fe3-9b5e-fe012152cf3a: installSnapshot onError, lastRequest: ebd725b5-8731-4ac1-91b6-1bfd6f459ef6->ce32e816-65e0-4fe3-9b5e-fe012152cf3a#23-t1, previous=(t:1, i:18), leaderCommit=18, initializing? false, entries: <empty>: org.apache.ratis.thirdparty.io.grpc.StatusRuntimeException: CANCELLED: cancelled before receiving half close
2019-10-01 23:43:55,293 [grpc-default-executor-3] WARN  server.GrpcLogAppender (LogUtils.java:warn(134)) - ebd725b5-8731-4ac1-91b6-1bfd6f459ef6@group-F41A9E00A2F3->ce32e816-65e0-4fe3-9b5e-fe012152cf3a-AppendLogResponseHandler: Failed appendEntries: org.apache.ratis.thirdparty.io.grpc.StatusRuntimeException: CANCELLED: HTTP/2 error code: CANCEL
Received Rst Stream
2019-10-01 23:43:55,293 [main] INFO  server.GrpcService (GrpcService.java:closeImpl(172)) - ce32e816-65e0-4fe3-9b5e-fe012152cf3a: shutdown server with port 43956 successfully
2019-10-01 23:43:55,294 [grpc-default-executor-3] INFO  impl.FollowerInfo (FollowerInfo.java:lambda$new$0(51)) - ebd725b5-8731-4ac1-91b6-1bfd6f459ef6@group-F41A9E00A2F3->ce32e816-65e0-4fe3-9b5e-fe012152cf3a: nextIndex: updateUnconditionally 19 -> 18
2019-10-01 23:43:55,296 [refreshUsed-/workdir/hadoop-ozone/integration-test/target/test-dir/MiniOzoneClusterImpl-b0268eef-721c-4f7d-a801-8a29ae4b86e9/datanode-3/data/containers] WARN  fs.CachingGetSpaceUsed (CachingGetSpaceUsed.java:run(183)) - Thread Interrupted waiting to refresh disk information: sleep interrupted
2019-10-01 23:43:55,297 [f1155e5b-ece4-4487-83cd-8dea0b525c9a@group-EE38EADD79F8-StateMachineUpdater] INFO  ratis.ContainerStateMachine (ContainerStateMachine.java:takeSnapshot(300)) - group-EE38EADD79F8: Finished taking a snapshot at:(t:1, i:3) file:/workdir/hadoop-ozone/integration-test/target/test-dir/MiniOzoneClusterImpl-b0268eef-721c-4f7d-a801-8a29ae4b86e9/datanode-2/data/ratis/cad6c25d-20b1-4188-a2c0-ee38eadd79f8/sm/snapshot.1_3 time:14
2019-10-01 23:43:55,298 [f1155e5b-ece4-4487-83cd-8dea0b525c9a@group-EE38EADD79F8-StateMachineUpdater] INFO  impl.StateMachineUpdater (StateMachineUpdater.java:takeSnapshot(258)) - f1155e5b-ece4-4487-83cd-8dea0b525c9a@group-EE38EADD79F8-StateMachineUpdater: Took a snapshot at index 3
2019-10-01 23:43:55,298 [f1155e5b-ece4-4487-83cd-8dea0b525c9a@group-EE38EADD79F8-StateMachineUpdater] INFO  impl.StateMachineUpdater (StateMachineUpdater.java:lambda$new$0(83)) - f1155e5b-ece4-4487-83cd-8dea0b525c9a@group-EE38EADD79F8-StateMachineUpdater: snapshotIndex: updateIncreasingly 3 -> 3
2019-10-01 23:43:55,299 [ForkJoinPool.commonPool-worker-1] INFO  impl.RaftServerImpl (ServerState.java:close(385)) - f1155e5b-ece4-4487-83cd-8dea0b525c9a@group-EE38EADD79F8: closes. applyIndex: 4
2019-10-01 23:43:55,299 [f1155e5b-ece4-4487-83cd-8dea0b525c9a@group-EE38EADD79F8-SegmentedRaftLogWorker] INFO  segmented.SegmentedRaftLogWorker (SegmentedRaftLogWorker.java:run(313)) - f1155e5b-ece4-4487-83cd-8dea0b525c9a@group-EE38EADD79F8-SegmentedRaftLogWorker was interrupted, exiting. There are 0 tasks remaining in the queue.
2019-10-01 23:43:55,299 [ForkJoinPool.commonPool-worker-1] INFO  segmented.SegmentedRaftLogWorker (SegmentedRaftLogWorker.java:close(228)) - f1155e5b-ece4-4487-83cd-8dea0b525c9a@group-EE38EADD79F8-SegmentedRaftLogWorker close()
2019-10-01 23:43:55,301 [ForkJoinPool.commonPool-worker-1] INFO  server.GrpcService (GrpcService.java:closeImpl(164)) - f1155e5b-ece4-4487-83cd-8dea0b525c9a: shutdown server with port 44400 now
2019-10-01 23:43:55,302 [ForkJoinPool.commonPool-worker-1] INFO  server.GrpcService (GrpcService.java:closeImpl(172)) - f1155e5b-ece4-4487-83cd-8dea0b525c9a: shutdown server with port 44400 successfully
2019-10-01 23:43:55,303 [refreshUsed-/workdir/hadoop-ozone/integration-test/target/test-dir/MiniOzoneClusterImpl-b0268eef-721c-4f7d-a801-8a29ae4b86e9/datanode-2/data/containers] WARN  fs.CachingGetSpaceUsed (CachingGetSpaceUsed.java:run(183)) - Thread Interrupted waiting to refresh disk information: sleep interrupted
2019-10-01 23:43:55,314 [ForkJoinPool.commonPool-worker-1] INFO  utils.BackgroundService (BackgroundService.java:shutdown(148)) - Shutting down service BlockDeletingService
2019-10-01 23:43:55,319 [ForkJoinPool.commonPool-worker-1] INFO  statemachine.DatanodeStateMachine (DatanodeStateMachine.java:stopDaemon(395)) - Ozone container server stopped.
2019-10-01 23:43:55,323 [ForkJoinPool.commonPool-worker-1] INFO  handler.ContextHandler (ContextHandler.java:doStop(910)) - Stopped o.e.j.w.WebAppContext@4243341e{/,null,UNAVAILABLE}{/hddsDatanode}
2019-10-01 23:43:55,324 [ForkJoinPool.commonPool-worker-1] INFO  server.AbstractConnector (AbstractConnector.java:doStop(318)) - Stopped ServerConnector@d1c5cf2{HTTP/1.1,[http/1.1]}{0.0.0.0:0}
2019-10-01 23:43:55,326 [ForkJoinPool.commonPool-worker-1] INFO  handler.ContextHandler (ContextHandler.java:doStop(910)) - Stopped o.e.j.s.ServletContextHandler@3ed7dd70{/static,jar:file:/home/user/.m2/repository/org/apache/hadoop/hadoop-hdds-container-service/0.5.0-SNAPSHOT/hadoop-hdds-container-service-0.5.0-SNAPSHOT.jar!/webapps/static,UNAVAILABLE}
2019-10-01 23:43:55,327 [ForkJoinPool.commonPool-worker-1] INFO  handler.ContextHandler (ContextHandler.java:doStop(910)) - Stopped o.e.j.s.ServletContextHandler@65d73bd{/logs,file:///workdir/hadoop-ozone/integration-test/target/log,UNAVAILABLE}
2019-10-01 23:43:55,329 [main] INFO  utils.BackgroundService (BackgroundService.java:shutdown(148)) - Shutting down service BlockDeletingService
2019-10-01 23:43:55,333 [main] INFO  statemachine.DatanodeStateMachine (DatanodeStateMachine.java:stopDaemon(395)) - Ozone container server stopped.
2019-10-01 23:43:55,334 [main] INFO  handler.ContextHandler (ContextHandler.java:doStop(910)) - Stopped o.e.j.w.WebAppContext@273dec10{/,null,UNAVAILABLE}{/hddsDatanode}
2019-10-01 23:43:55,335 [main] INFO  server.AbstractConnector (AbstractConnector.java:doStop(318)) - Stopped ServerConnector@6cceb281{HTTP/1.1,[http/1.1]}{0.0.0.0:0}
2019-10-01 23:43:55,335 [main] INFO  handler.ContextHandler (ContextHandler.java:doStop(910)) - Stopped o.e.j.s.ServletContextHandler@3d1c52f5{/static,jar:file:/home/user/.m2/repository/org/apache/hadoop/hadoop-hdds-container-service/0.5.0-SNAPSHOT/hadoop-hdds-container-service-0.5.0-SNAPSHOT.jar!/webapps/static,UNAVAILABLE}
2019-10-01 23:43:55,336 [main] INFO  handler.ContextHandler (ContextHandler.java:doStop(910)) - Stopped o.e.j.s.ServletContextHandler@5eeee124{/logs,file:///workdir/hadoop-ozone/integration-test/target/log,UNAVAILABLE}
2019-10-01 23:43:55,363 [Datanode State Machine Thread - 0] INFO  statemachine.DatanodeStateMachine (DatanodeStateMachine.java:lambda$startDaemon$0(350)) - Ozone container server started.
2019-10-01 23:43:56,035 [Datanode State Machine Thread - 0] INFO  statemachine.DatanodeStateMachine (DatanodeStateMachine.java:lambda$startDaemon$0(350)) - Ozone container server started.
2019-10-01 23:43:56,747 [grpc-default-executor-2] WARN  server.GrpcLogAppender (LogUtils.java:warn(134)) - ebd725b5-8731-4ac1-91b6-1bfd6f459ef6@group-F41A9E00A2F3->d2ecb2a4-3754-4f5b-b51d-81d499514b0e-AppendLogResponseHandler: Failed appendEntries: org.apache.ratis.thirdparty.io.grpc.StatusRuntimeException: UNAVAILABLE: io exception
2019-10-01 23:43:56,747 [grpc-default-executor-2] INFO  impl.FollowerInfo (FollowerInfo.java:lambda$new$0(51)) - ebd725b5-8731-4ac1-91b6-1bfd6f459ef6@group-F41A9E00A2F3->d2ecb2a4-3754-4f5b-b51d-81d499514b0e: nextIndex: updateUnconditionally 14 -> 13
2019-10-01 23:43:56,751 [grpc-default-executor-0] WARN  server.GrpcLogAppender (LogUtils.java:warn(134)) - ebd725b5-8731-4ac1-91b6-1bfd6f459ef6@group-F41A9E00A2F3->ce32e816-65e0-4fe3-9b5e-fe012152cf3a-AppendLogResponseHandler: Failed appendEntries: org.apache.ratis.thirdparty.io.grpc.StatusRuntimeException: UNAVAILABLE: io exception
2019-10-01 23:43:56,751 [grpc-default-executor-0] INFO  impl.FollowerInfo (FollowerInfo.java:lambda$new$0(51)) - ebd725b5-8731-4ac1-91b6-1bfd6f459ef6@group-F41A9E00A2F3->ce32e816-65e0-4fe3-9b5e-fe012152cf3a: nextIndex: updateUnconditionally 18 -> 17
2019-10-01 23:43:57,630 [Thread-3950] INFO  impl.FollowerState (FollowerState.java:run(106)) - 0598627c-23ca-4ee8-8b68-6a2bbae8a2e6:group-EE38EADD79F8 changes to CANDIDATE, lastRpcTime:7580, electionTimeout:5049ms
2019-10-01 23:43:57,630 [Thread-3950] INFO  impl.RoleInfo (RoleInfo.java:shutdownFollowerState(121)) - 0598627c-23ca-4ee8-8b68-6a2bbae8a2e6: shutdown FollowerState
2019-10-01 23:43:57,630 [Thread-3950] INFO  impl.RaftServerImpl (RaftServerImpl.java:setRole(174)) - 0598627c-23ca-4ee8-8b68-6a2bbae8a2e6@group-EE38EADD79F8: changes role from  FOLLOWER to CANDIDATE at term 1 for changeToCandidate
2019-10-01 23:43:57,631 [Thread-3950] INFO  impl.RoleInfo (RoleInfo.java:updateAndGet(143)) - 0598627c-23ca-4ee8-8b68-6a2bbae8a2e6: start LeaderElection
2019-10-01 23:43:57,644 [0598627c-23ca-4ee8-8b68-6a2bbae8a2e6@group-EE38EADD79F8:LeaderElection90] INFO  impl.RaftServerImpl (ServerState.java:setLeader(253)) - 0598627c-23ca-4ee8-8b68-6a2bbae8a2e6@group-EE38EADD79F8: change Leader from 90975f2f-9485-48a4-a4f0-d3fba7160047 to null at term 1 for initElection
2019-10-01 23:43:57,659 [0598627c-23ca-4ee8-8b68-6a2bbae8a2e6@group-EE38EADD79F8:LeaderElection90] INFO  impl.LeaderElection (LeaderElection.java:askForVotes(182)) - 0598627c-23ca-4ee8-8b68-6a2bbae8a2e6@group-EE38EADD79F8:LeaderElection90: begin an election at term 2 for 0: [90975f2f-9485-48a4-a4f0-d3fba7160047:192.168.164.203:35738, 0598627c-23ca-4ee8-8b68-6a2bbae8a2e6:192.168.164.203:45508, f1155e5b-ece4-4487-83cd-8dea0b525c9a:192.168.164.203:44400], old=null
2019-10-01 23:43:57,662 [0598627c-23ca-4ee8-8b68-6a2bbae8a2e6@group-EE38EADD79F8:LeaderElection90] INFO  impl.LeaderElection (LogUtils.java:infoOrTrace(149)) - 0598627c-23ca-4ee8-8b68-6a2bbae8a2e6@group-EE38EADD79F8:LeaderElection90 got exception when requesting votes: {}
java.util.concurrent.ExecutionException: org.apache.ratis.thirdparty.io.grpc.StatusRuntimeException: UNAVAILABLE: io exception
	at java.util.concurrent.FutureTask.report(FutureTask.java:122)
	at java.util.concurrent.FutureTask.get(FutureTask.java:192)
	at org.apache.ratis.server.impl.LeaderElection.waitForResults(LeaderElection.java:263)
	at org.apache.ratis.server.impl.LeaderElection.askForVotes(LeaderElection.java:201)
	at org.apache.ratis.server.impl.LeaderElection.run(LeaderElection.java:133)
	at java.lang.Thread.run(Thread.java:748)
Caused by: org.apache.ratis.thirdparty.io.grpc.StatusRuntimeException: UNAVAILABLE: io exception
	at org.apache.ratis.thirdparty.io.grpc.stub.ClientCalls.toStatusRuntimeException(ClientCalls.java:233)
	at org.apache.ratis.thirdparty.io.grpc.stub.ClientCalls.getUnchecked(ClientCalls.java:214)
	at org.apache.ratis.thirdparty.io.grpc.stub.ClientCalls.blockingUnaryCall(ClientCalls.java:139)
	at org.apache.ratis.proto.grpc.RaftServerProtocolServiceGrpc$RaftServerProtocolServiceBlockingStub.requestVote(RaftServerProtocolServiceGrpc.java:265)
	at org.apache.ratis.grpc.server.GrpcServerProtocolClient.requestVote(GrpcServerProtocolClient.java:90)
	at org.apache.ratis.grpc.server.GrpcService.requestVote(GrpcService.java:204)
	at org.apache.ratis.server.impl.LeaderElection.lambda$submitRequests$1(LeaderElection.java:238)
	at java.util.concurrent.FutureTask.run(FutureTask.java:266)
	at java.util.concurrent.Executors$RunnableAdapter.call(Executors.java:511)
	at java.util.concurrent.FutureTask.run(FutureTask.java:266)
	at java.util.concurrent.ThreadPoolExecutor.runWorker(ThreadPoolExecutor.java:1149)
	at java.util.concurrent.ThreadPoolExecutor$Worker.run(ThreadPoolExecutor.java:624)
	... 1 more
Caused by: org.apache.ratis.thirdparty.io.netty.channel.AbstractChannel$AnnotatedConnectException: Connection refused: /192.168.164.203:35738
	at sun.nio.ch.SocketChannelImpl.checkConnect(Native Method)
	at sun.nio.ch.SocketChannelImpl.finishConnect(SocketChannelImpl.java:717)
	at org.apache.ratis.thirdparty.io.netty.channel.socket.nio.NioSocketChannel.doFinishConnect(NioSocketChannel.java:327)
	at org.apache.ratis.thirdparty.io.netty.channel.nio.AbstractNioChannel$AbstractNioUnsafe.finishConnect(AbstractNioChannel.java:340)
	at org.apache.ratis.thirdparty.io.netty.channel.nio.NioEventLoop.processSelectedKey(NioEventLoop.java:632)
	at org.apache.ratis.thirdparty.io.netty.channel.nio.NioEventLoop.processSelectedKeysOptimized(NioEventLoop.java:579)
	at org.apache.ratis.thirdparty.io.netty.channel.nio.NioEventLoop.processSelectedKeys(NioEventLoop.java:496)
	at org.apache.ratis.thirdparty.io.netty.channel.nio.NioEventLoop.run(NioEventLoop.java:458)
	at org.apache.ratis.thirdparty.io.netty.util.concurrent.SingleThreadEventExecutor$5.run(SingleThreadEventExecutor.java:897)
	at org.apache.ratis.thirdparty.io.netty.util.concurrent.FastThreadLocalRunnable.run(FastThreadLocalRunnable.java:30)
	... 1 more
Caused by: java.net.ConnectException: Connection refused
	... 11 more
2019-10-01 23:43:57,665 [0598627c-23ca-4ee8-8b68-6a2bbae8a2e6@group-EE38EADD79F8:LeaderElection90] INFO  impl.LeaderElection (LogUtils.java:infoOrTrace(149)) - 0598627c-23ca-4ee8-8b68-6a2bbae8a2e6@group-EE38EADD79F8:LeaderElection90 got exception when requesting votes: {}
java.util.concurrent.ExecutionException: org.apache.ratis.thirdparty.io.grpc.StatusRuntimeException: UNAVAILABLE: io exception
	at java.util.concurrent.FutureTask.report(FutureTask.java:122)
	at java.util.concurrent.FutureTask.get(FutureTask.java:192)
	at org.apache.ratis.server.impl.LeaderElection.waitForResults(LeaderElection.java:263)
	at org.apache.ratis.server.impl.LeaderElection.askForVotes(LeaderElection.java:201)
	at org.apache.ratis.server.impl.LeaderElection.run(LeaderElection.java:133)
	at java.lang.Thread.run(Thread.java:748)
Caused by: org.apache.ratis.thirdparty.io.grpc.StatusRuntimeException: UNAVAILABLE: io exception
	at org.apache.ratis.thirdparty.io.grpc.stub.ClientCalls.toStatusRuntimeException(ClientCalls.java:233)
	at org.apache.ratis.thirdparty.io.grpc.stub.ClientCalls.getUnchecked(ClientCalls.java:214)
	at org.apache.ratis.thirdparty.io.grpc.stub.ClientCalls.blockingUnaryCall(ClientCalls.java:139)
	at org.apache.ratis.proto.grpc.RaftServerProtocolServiceGrpc$RaftServerProtocolServiceBlockingStub.requestVote(RaftServerProtocolServiceGrpc.java:265)
	at org.apache.ratis.grpc.server.GrpcServerProtocolClient.requestVote(GrpcServerProtocolClient.java:90)
	at org.apache.ratis.grpc.server.GrpcService.requestVote(GrpcService.java:204)
	at org.apache.ratis.server.impl.LeaderElection.lambda$submitRequests$1(LeaderElection.java:238)
	at java.util.concurrent.FutureTask.run(FutureTask.java:266)
	at java.util.concurrent.Executors$RunnableAdapter.call(Executors.java:511)
	at java.util.concurrent.FutureTask.run(FutureTask.java:266)
	at java.util.concurrent.ThreadPoolExecutor.runWorker(ThreadPoolExecutor.java:1149)
	at java.util.concurrent.ThreadPoolExecutor$Worker.run(ThreadPoolExecutor.java:624)
	... 1 more
Caused by: org.apache.ratis.thirdparty.io.netty.channel.AbstractChannel$AnnotatedConnectException: Connection refused: /192.168.164.203:44400
	at sun.nio.ch.SocketChannelImpl.checkConnect(Native Method)
	at sun.nio.ch.SocketChannelImpl.finishConnect(SocketChannelImpl.java:717)
	at org.apache.ratis.thirdparty.io.netty.channel.socket.nio.NioSocketChannel.doFinishConnect(NioSocketChannel.java:327)
	at org.apache.ratis.thirdparty.io.netty.channel.nio.AbstractNioChannel$AbstractNioUnsafe.finishConnect(AbstractNioChannel.java:340)
	at org.apache.ratis.thirdparty.io.netty.channel.nio.NioEventLoop.processSelectedKey(NioEventLoop.java:632)
	at org.apache.ratis.thirdparty.io.netty.channel.nio.NioEventLoop.processSelectedKeysOptimized(NioEventLoop.java:579)
	at org.apache.ratis.thirdparty.io.netty.channel.nio.NioEventLoop.processSelectedKeys(NioEventLoop.java:496)
	at org.apache.ratis.thirdparty.io.netty.channel.nio.NioEventLoop.run(NioEventLoop.java:458)
	at org.apache.ratis.thirdparty.io.netty.util.concurrent.SingleThreadEventExecutor$5.run(SingleThreadEventExecutor.java:897)
	at org.apache.ratis.thirdparty.io.netty.util.concurrent.FastThreadLocalRunnable.run(FastThreadLocalRunnable.java:30)
	... 1 more
Caused by: java.net.ConnectException: Connection refused
	... 11 more
2019-10-01 23:43:57,667 [0598627c-23ca-4ee8-8b68-6a2bbae8a2e6@group-EE38EADD79F8:LeaderElection90] INFO  impl.LeaderElection (LeaderElection.java:logAndReturn(56)) - 0598627c-23ca-4ee8-8b68-6a2bbae8a2e6@group-EE38EADD79F8:LeaderElection90: Election REJECTED; received 0 response(s) [] and 2 exception(s); 0598627c-23ca-4ee8-8b68-6a2bbae8a2e6@group-EE38EADD79F8:t2, leader=null, voted=0598627c-23ca-4ee8-8b68-6a2bbae8a2e6, raftlog=0598627c-23ca-4ee8-8b68-6a2bbae8a2e6@group-EE38EADD79F8-SegmentedRaftLog:OPENED:c4,f4,i4, conf=0: [90975f2f-9485-48a4-a4f0-d3fba7160047:192.168.164.203:35738, 0598627c-23ca-4ee8-8b68-6a2bbae8a2e6:192.168.164.203:45508, f1155e5b-ece4-4487-83cd-8dea0b525c9a:192.168.164.203:44400], old=null
2019-10-01 23:43:57,667 [0598627c-23ca-4ee8-8b68-6a2bbae8a2e6@group-EE38EADD79F8:LeaderElection90] INFO  impl.LeaderElection (LogUtils.java:infoOrTrace(149)) -   Exception 0: {}
java.util.concurrent.ExecutionException: org.apache.ratis.thirdparty.io.grpc.StatusRuntimeException: UNAVAILABLE: io exception
	at java.util.concurrent.FutureTask.report(FutureTask.java:122)
	at java.util.concurrent.FutureTask.get(FutureTask.java:192)
	at org.apache.ratis.server.impl.LeaderElection.waitForResults(LeaderElection.java:263)
	at org.apache.ratis.server.impl.LeaderElection.askForVotes(LeaderElection.java:201)
	at org.apache.ratis.server.impl.LeaderElection.run(LeaderElection.java:133)
	at java.lang.Thread.run(Thread.java:748)
Caused by: org.apache.ratis.thirdparty.io.grpc.StatusRuntimeException: UNAVAILABLE: io exception
	at org.apache.ratis.thirdparty.io.grpc.stub.ClientCalls.toStatusRuntimeException(ClientCalls.java:233)
	at org.apache.ratis.thirdparty.io.grpc.stub.ClientCalls.getUnchecked(ClientCalls.java:214)
	at org.apache.ratis.thirdparty.io.grpc.stub.ClientCalls.blockingUnaryCall(ClientCalls.java:139)
	at org.apache.ratis.proto.grpc.RaftServerProtocolServiceGrpc$RaftServerProtocolServiceBlockingStub.requestVote(RaftServerProtocolServiceGrpc.java:265)
	at org.apache.ratis.grpc.server.GrpcServerProtocolClient.requestVote(GrpcServerProtocolClient.java:90)
	at org.apache.ratis.grpc.server.GrpcService.requestVote(GrpcService.java:204)
	at org.apache.ratis.server.impl.LeaderElection.lambda$submitRequests$1(LeaderElection.java:238)
	at java.util.concurrent.FutureTask.run(FutureTask.java:266)
	at java.util.concurrent.Executors$RunnableAdapter.call(Executors.java:511)
	at java.util.concurrent.FutureTask.run(FutureTask.java:266)
	at java.util.concurrent.ThreadPoolExecutor.runWorker(ThreadPoolExecutor.java:1149)
	at java.util.concurrent.ThreadPoolExecutor$Worker.run(ThreadPoolExecutor.java:624)
	... 1 more
Caused by: org.apache.ratis.thirdparty.io.netty.channel.AbstractChannel$AnnotatedConnectException: Connection refused: /192.168.164.203:35738
	at sun.nio.ch.SocketChannelImpl.checkConnect(Native Method)
	at sun.nio.ch.SocketChannelImpl.finishConnect(SocketChannelImpl.java:717)
	at org.apache.ratis.thirdparty.io.netty.channel.socket.nio.NioSocketChannel.doFinishConnect(NioSocketChannel.java:327)
	at org.apache.ratis.thirdparty.io.netty.channel.nio.AbstractNioChannel$AbstractNioUnsafe.finishConnect(AbstractNioChannel.java:340)
	at org.apache.ratis.thirdparty.io.netty.channel.nio.NioEventLoop.processSelectedKey(NioEventLoop.java:632)
	at org.apache.ratis.thirdparty.io.netty.channel.nio.NioEventLoop.processSelectedKeysOptimized(NioEventLoop.java:579)
	at org.apache.ratis.thirdparty.io.netty.channel.nio.NioEventLoop.processSelectedKeys(NioEventLoop.java:496)
	at org.apache.ratis.thirdparty.io.netty.channel.nio.NioEventLoop.run(NioEventLoop.java:458)
	at org.apache.ratis.thirdparty.io.netty.util.concurrent.SingleThreadEventExecutor$5.run(SingleThreadEventExecutor.java:897)
	at org.apache.ratis.thirdparty.io.netty.util.concurrent.FastThreadLocalRunnable.run(FastThreadLocalRunnable.java:30)
	... 1 more
Caused by: java.net.ConnectException: Connection refused
	... 11 more
2019-10-01 23:43:57,668 [0598627c-23ca-4ee8-8b68-6a2bbae8a2e6@group-EE38EADD79F8:LeaderElection90] INFO  impl.LeaderElection (LogUtils.java:infoOrTrace(149)) -   Exception 1: {}
java.util.concurrent.ExecutionException: org.apache.ratis.thirdparty.io.grpc.StatusRuntimeException: UNAVAILABLE: io exception
	at java.util.concurrent.FutureTask.report(FutureTask.java:122)
	at java.util.concurrent.FutureTask.get(FutureTask.java:192)
	at org.apache.ratis.server.impl.LeaderElection.waitForResults(LeaderElection.java:263)
	at org.apache.ratis.server.impl.LeaderElection.askForVotes(LeaderElection.java:201)
	at org.apache.ratis.server.impl.LeaderElection.run(LeaderElection.java:133)
	at java.lang.Thread.run(Thread.java:748)
Caused by: org.apache.ratis.thirdparty.io.grpc.StatusRuntimeException: UNAVAILABLE: io exception
	at org.apache.ratis.thirdparty.io.grpc.stub.ClientCalls.toStatusRuntimeException(ClientCalls.java:233)
	at org.apache.ratis.thirdparty.io.grpc.stub.ClientCalls.getUnchecked(ClientCalls.java:214)
	at org.apache.ratis.thirdparty.io.grpc.stub.ClientCalls.blockingUnaryCall(ClientCalls.java:139)
	at org.apache.ratis.proto.grpc.RaftServerProtocolServiceGrpc$RaftServerProtocolServiceBlockingStub.requestVote(RaftServerProtocolServiceGrpc.java:265)
	at org.apache.ratis.grpc.server.GrpcServerProtocolClient.requestVote(GrpcServerProtocolClient.java:90)
	at org.apache.ratis.grpc.server.GrpcService.requestVote(GrpcService.java:204)
	at org.apache.ratis.server.impl.LeaderElection.lambda$submitRequests$1(LeaderElection.java:238)
	at java.util.concurrent.FutureTask.run(FutureTask.java:266)
	at java.util.concurrent.Executors$RunnableAdapter.call(Executors.java:511)
	at java.util.concurrent.FutureTask.run(FutureTask.java:266)
	at java.util.concurrent.ThreadPoolExecutor.runWorker(ThreadPoolExecutor.java:1149)
	at java.util.concurrent.ThreadPoolExecutor$Worker.run(ThreadPoolExecutor.java:624)
	... 1 more
Caused by: org.apache.ratis.thirdparty.io.netty.channel.AbstractChannel$AnnotatedConnectException: Connection refused: /192.168.164.203:44400
	at sun.nio.ch.SocketChannelImpl.checkConnect(Native Method)
	at sun.nio.ch.SocketChannelImpl.finishConnect(SocketChannelImpl.java:717)
	at org.apache.ratis.thirdparty.io.netty.channel.socket.nio.NioSocketChannel.doFinishConnect(NioSocketChannel.java:327)
	at org.apache.ratis.thirdparty.io.netty.channel.nio.AbstractNioChannel$AbstractNioUnsafe.finishConnect(AbstractNioChannel.java:340)
	at org.apache.ratis.thirdparty.io.netty.channel.nio.NioEventLoop.processSelectedKey(NioEventLoop.java:632)
	at org.apache.ratis.thirdparty.io.netty.channel.nio.NioEventLoop.processSelectedKeysOptimized(NioEventLoop.java:579)
	at org.apache.ratis.thirdparty.io.netty.channel.nio.NioEventLoop.processSelectedKeys(NioEventLoop.java:496)
	at org.apache.ratis.thirdparty.io.netty.channel.nio.NioEventLoop.run(NioEventLoop.java:458)
	at org.apache.ratis.thirdparty.io.netty.util.concurrent.SingleThreadEventExecutor$5.run(SingleThreadEventExecutor.java:897)
	at org.apache.ratis.thirdparty.io.netty.util.concurrent.FastThreadLocalRunnable.run(FastThreadLocalRunnable.java:30)
	... 1 more
Caused by: java.net.ConnectException: Connection refused
	... 11 more
2019-10-01 23:43:57,668 [0598627c-23ca-4ee8-8b68-6a2bbae8a2e6@group-EE38EADD79F8:LeaderElection90] INFO  impl.RaftServerImpl (RaftServerImpl.java:setRole(174)) - 0598627c-23ca-4ee8-8b68-6a2bbae8a2e6@group-EE38EADD79F8: changes role from CANDIDATE to FOLLOWER at term 2 for DISCOVERED_A_NEW_TERM
2019-10-01 23:43:57,668 [0598627c-23ca-4ee8-8b68-6a2bbae8a2e6@group-EE38EADD79F8:LeaderElection90] INFO  impl.RoleInfo (RoleInfo.java:shutdownLeaderElection(134)) - 0598627c-23ca-4ee8-8b68-6a2bbae8a2e6: shutdown LeaderElection
2019-10-01 23:43:57,668 [0598627c-23ca-4ee8-8b68-6a2bbae8a2e6@group-EE38EADD79F8:LeaderElection90] INFO  impl.RoleInfo (RoleInfo.java:updateAndGet(143)) - 0598627c-23ca-4ee8-8b68-6a2bbae8a2e6: start FollowerState
2019-10-01 23:43:59,250 [grpc-default-executor-0] WARN  server.GrpcLogAppender (LogUtils.java:warn(134)) - ebd725b5-8731-4ac1-91b6-1bfd6f459ef6@group-F41A9E00A2F3->d2ecb2a4-3754-4f5b-b51d-81d499514b0e-AppendLogResponseHandler: Failed appendEntries: org.apache.ratis.thirdparty.io.grpc.StatusRuntimeException: UNAVAILABLE: io exception
2019-10-01 23:43:59,257 [grpc-default-executor-0] INFO  impl.FollowerInfo (FollowerInfo.java:lambda$new$0(51)) - ebd725b5-8731-4ac1-91b6-1bfd6f459ef6@group-F41A9E00A2F3->d2ecb2a4-3754-4f5b-b51d-81d499514b0e: nextIndex: updateUnconditionally 13 -> 12
2019-10-01 23:43:59,257 [grpc-default-executor-0] WARN  server.GrpcLogAppender (LogUtils.java:warn(134)) - ebd725b5-8731-4ac1-91b6-1bfd6f459ef6@group-F41A9E00A2F3->ce32e816-65e0-4fe3-9b5e-fe012152cf3a-AppendLogResponseHandler: Failed appendEntries: org.apache.ratis.thirdparty.io.grpc.StatusRuntimeException: UNAVAILABLE: io exception
2019-10-01 23:43:59,258 [grpc-default-executor-0] INFO  impl.FollowerInfo (FollowerInfo.java:lambda$new$0(51)) - ebd725b5-8731-4ac1-91b6-1bfd6f459ef6@group-F41A9E00A2F3->ce32e816-65e0-4fe3-9b5e-fe012152cf3a: nextIndex: updateUnconditionally 17 -> 16
2019-10-01 23:43:59,378 [EventQueue-StaleNodeForStaleNodeHandler] INFO  node.StaleNodeHandler (StaleNodeHandler.java:onMessage(58)) - Datanode a87892ab-7770-4e1b-aec3-9524464f627e{ip: 192.168.164.203, host: pr-hdds-2158-lzhrq-821698512, networkLocation: /default-rack, certSerialId: null} moved to stale state. Finalizing its pipelines []
2019-10-01 23:44:00,079 [EventQueue-StaleNodeForStaleNodeHandler] INFO  node.StaleNodeHandler (StaleNodeHandler.java:onMessage(58)) - Datanode 0598627c-23ca-4ee8-8b68-6a2bbae8a2e6{ip: 192.168.164.203, host: pr-hdds-2158-lzhrq-821698512, networkLocation: /default-rack, certSerialId: null} moved to stale state. Finalizing its pipelines [PipelineID=8ecb2699-326c-49a7-af74-8ea38dcff19f, PipelineID=cad6c25d-20b1-4188-a2c0-ee38eadd79f8]
2019-10-01 23:44:00,079 [EventQueue-StaleNodeForStaleNodeHandler] INFO  pipeline.SCMPipelineManager (SCMPipelineManager.java:finalizeAndDestroyPipeline(311)) - destroying pipeline:Pipeline[ Id: 8ecb2699-326c-49a7-af74-8ea38dcff19f, Nodes: 0598627c-23ca-4ee8-8b68-6a2bbae8a2e6{ip: 192.168.164.203, host: pr-hdds-2158-lzhrq-821698512, networkLocation: /default-rack, certSerialId: null}, Type:RATIS, Factor:ONE, State:OPEN]
2019-10-01 23:44:00,080 [EventQueue-StaleNodeForStaleNodeHandler] INFO  pipeline.PipelineStateManager (PipelineStateManager.java:finalizePipeline(123)) - Pipeline Pipeline[ Id: 8ecb2699-326c-49a7-af74-8ea38dcff19f, Nodes: 0598627c-23ca-4ee8-8b68-6a2bbae8a2e6{ip: 192.168.164.203, host: pr-hdds-2158-lzhrq-821698512, networkLocation: /default-rack, certSerialId: null}, Type:RATIS, Factor:ONE, State:CLOSED] moved to CLOSED state
2019-10-01 23:44:00,080 [EventQueue-StaleNodeForStaleNodeHandler] INFO  pipeline.SCMPipelineManager (SCMPipelineManager.java:finalizeAndDestroyPipeline(311)) - destroying pipeline:Pipeline[ Id: cad6c25d-20b1-4188-a2c0-ee38eadd79f8, Nodes: f1155e5b-ece4-4487-83cd-8dea0b525c9a{ip: 192.168.164.203, host: pr-hdds-2158-lzhrq-821698512, networkLocation: /default-rack, certSerialId: null}90975f2f-9485-48a4-a4f0-d3fba7160047{ip: 192.168.164.203, host: pr-hdds-2158-lzhrq-821698512, networkLocation: /default-rack, certSerialId: null}0598627c-23ca-4ee8-8b68-6a2bbae8a2e6{ip: 192.168.164.203, host: pr-hdds-2158-lzhrq-821698512, networkLocation: /default-rack, certSerialId: null}, Type:RATIS, Factor:THREE, State:CLOSED]
2019-10-01 23:44:00,330 [ForkJoinPool.commonPool-worker-1] INFO  ozoneimpl.OzoneContainer (OzoneContainer.java:stop(231)) - Attempting to stop container services.
2019-10-01 23:44:00,330 [ForkJoinPool.commonPool-worker-1] INFO  impl.RaftServerProxy (RaftServerProxy.java:lambda$close$4(314)) - 0598627c-23ca-4ee8-8b68-6a2bbae8a2e6: close
2019-10-01 23:44:00,331 [ForkJoinPool.commonPool-worker-1] INFO  impl.RaftServerImpl (RaftServerImpl.java:lambda$shutdown$3(251)) - 0598627c-23ca-4ee8-8b68-6a2bbae8a2e6@group-8EA38DCFF19F: shutdown
2019-10-01 23:44:00,331 [ForkJoinPool.commonPool-worker-1] INFO  util.JmxRegister (JmxRegister.java:unregister(73)) - Successfully un-registered JMX Bean with object name Ratis:service=RaftServer,group=group-8EA38DCFF19F,id=0598627c-23ca-4ee8-8b68-6a2bbae8a2e6
2019-10-01 23:44:00,331 [ForkJoinPool.commonPool-worker-1] INFO  impl.RoleInfo (RoleInfo.java:shutdownLeaderState(104)) - 0598627c-23ca-4ee8-8b68-6a2bbae8a2e6: shutdown LeaderState
2019-10-01 23:44:00,331 [ForkJoinPool.commonPool-worker-1] INFO  impl.PendingRequests (PendingRequests.java:sendNotLeaderResponses(202)) - 0598627c-23ca-4ee8-8b68-6a2bbae8a2e6-PendingRequests: sendNotLeaderResponses
2019-10-01 23:44:00,332 [ForkJoinPool.commonPool-worker-1] INFO  impl.StateMachineUpdater (StateMachineUpdater.java:stopAndJoin(125)) - 0598627c-23ca-4ee8-8b68-6a2bbae8a2e6@group-8EA38DCFF19F-StateMachineUpdater: set stopIndex = 0
2019-10-01 23:44:00,332 [ForkJoinPool.commonPool-worker-1] INFO  impl.RaftServerImpl (ServerState.java:close(385)) - 0598627c-23ca-4ee8-8b68-6a2bbae8a2e6@group-8EA38DCFF19F: closes. applyIndex: 0
2019-10-01 23:44:00,333 [0598627c-23ca-4ee8-8b68-6a2bbae8a2e6@group-8EA38DCFF19F-SegmentedRaftLogWorker] INFO  segmented.SegmentedRaftLogWorker (SegmentedRaftLogWorker.java:run(313)) - 0598627c-23ca-4ee8-8b68-6a2bbae8a2e6@group-8EA38DCFF19F-SegmentedRaftLogWorker was interrupted, exiting. There are 0 tasks remaining in the queue.
2019-10-01 23:44:00,337 [ForkJoinPool.commonPool-worker-1] INFO  segmented.SegmentedRaftLogWorker (SegmentedRaftLogWorker.java:close(228)) - 0598627c-23ca-4ee8-8b68-6a2bbae8a2e6@group-8EA38DCFF19F-SegmentedRaftLogWorker close()
2019-10-01 23:44:00,337 [main] INFO  ozoneimpl.OzoneContainer (OzoneContainer.java:stop(231)) - Attempting to stop container services.
2019-10-01 23:44:00,338 [ForkJoinPool.commonPool-worker-1] INFO  impl.RaftServerImpl (RaftServerImpl.java:lambda$shutdown$3(251)) - 0598627c-23ca-4ee8-8b68-6a2bbae8a2e6@group-EE38EADD79F8: shutdown
2019-10-01 23:44:00,339 [main] INFO  impl.RaftServerProxy (RaftServerProxy.java:lambda$close$4(314)) - a87892ab-7770-4e1b-aec3-9524464f627e: close
2019-10-01 23:44:00,339 [ForkJoinPool.commonPool-worker-1] INFO  util.JmxRegister (JmxRegister.java:unregister(73)) - Successfully un-registered JMX Bean with object name Ratis:service=RaftServer,group=group-EE38EADD79F8,id=0598627c-23ca-4ee8-8b68-6a2bbae8a2e6
2019-10-01 23:44:00,340 [main] INFO  server.GrpcService (GrpcService.java:closeImpl(164)) - a87892ab-7770-4e1b-aec3-9524464f627e: shutdown server with port 46482 now
2019-10-01 23:44:00,340 [ForkJoinPool.commonPool-worker-1] INFO  impl.RoleInfo (RoleInfo.java:shutdownFollowerState(121)) - 0598627c-23ca-4ee8-8b68-6a2bbae8a2e6: shutdown FollowerState
2019-10-01 23:44:00,341 [ForkJoinPool.commonPool-worker-1] INFO  impl.StateMachineUpdater (StateMachineUpdater.java:stopAndJoin(125)) - 0598627c-23ca-4ee8-8b68-6a2bbae8a2e6@group-EE38EADD79F8-StateMachineUpdater: set stopIndex = 4
2019-10-01 23:44:00,341 [Thread-4072] INFO  impl.FollowerState (FollowerState.java:run(115)) - 0598627c-23ca-4ee8-8b68-6a2bbae8a2e6: FollowerState was interrupted: java.lang.InterruptedException: sleep interrupted
2019-10-01 23:44:00,341 [main] INFO  server.GrpcService (GrpcService.java:closeImpl(172)) - a87892ab-7770-4e1b-aec3-9524464f627e: shutdown server with port 46482 successfully
2019-10-01 23:44:00,343 [0598627c-23ca-4ee8-8b68-6a2bbae8a2e6@group-EE38EADD79F8-StateMachineUpdater] INFO  ratis.ContainerStateMachine (ContainerStateMachine.java:takeSnapshot(289)) - group-EE38EADD79F8: Taking a snapshot at:(t:1, i:3) file /workdir/hadoop-ozone/integration-test/target/test-dir/MiniOzoneClusterImpl-b0268eef-721c-4f7d-a801-8a29ae4b86e9/datanode-0/data/ratis/cad6c25d-20b1-4188-a2c0-ee38eadd79f8/sm/snapshot.1_3
2019-10-01 23:44:00,345 [refreshUsed-/workdir/hadoop-ozone/integration-test/target/test-dir/MiniOzoneClusterImpl-b0268eef-721c-4f7d-a801-8a29ae4b86e9/datanode-6/data/containers] WARN  fs.CachingGetSpaceUsed (CachingGetSpaceUsed.java:run(183)) - Thread Interrupted waiting to refresh disk information: sleep interrupted
2019-10-01 23:44:00,357 [0598627c-23ca-4ee8-8b68-6a2bbae8a2e6@group-EE38EADD79F8-StateMachineUpdater] INFO  ratis.ContainerStateMachine (ContainerStateMachine.java:takeSnapshot(300)) - group-EE38EADD79F8: Finished taking a snapshot at:(t:1, i:3) file:/workdir/hadoop-ozone/integration-test/target/test-dir/MiniOzoneClusterImpl-b0268eef-721c-4f7d-a801-8a29ae4b86e9/datanode-0/data/ratis/cad6c25d-20b1-4188-a2c0-ee38eadd79f8/sm/snapshot.1_3 time:16
2019-10-01 23:44:00,357 [0598627c-23ca-4ee8-8b68-6a2bbae8a2e6@group-EE38EADD79F8-StateMachineUpdater] INFO  impl.StateMachineUpdater (StateMachineUpdater.java:takeSnapshot(258)) - 0598627c-23ca-4ee8-8b68-6a2bbae8a2e6@group-EE38EADD79F8-StateMachineUpdater: Took a snapshot at index 3
2019-10-01 23:44:00,358 [0598627c-23ca-4ee8-8b68-6a2bbae8a2e6@group-EE38EADD79F8-StateMachineUpdater] INFO  impl.StateMachineUpdater (StateMachineUpdater.java:lambda$new$0(83)) - 0598627c-23ca-4ee8-8b68-6a2bbae8a2e6@group-EE38EADD79F8-StateMachineUpdater: snapshotIndex: updateIncreasingly -1 -> 3
2019-10-01 23:44:00,358 [0598627c-23ca-4ee8-8b68-6a2bbae8a2e6@group-EE38EADD79F8-StateMachineUpdater] INFO  ratis.ContainerStateMachine (ContainerStateMachine.java:takeSnapshot(289)) - group-EE38EADD79F8: Taking a snapshot at:(t:1, i:3) file /workdir/hadoop-ozone/integration-test/target/test-dir/MiniOzoneClusterImpl-b0268eef-721c-4f7d-a801-8a29ae4b86e9/datanode-0/data/ratis/cad6c25d-20b1-4188-a2c0-ee38eadd79f8/sm/snapshot.1_3
2019-10-01 23:44:00,361 [main] INFO  utils.BackgroundService (BackgroundService.java:shutdown(148)) - Shutting down service BlockDeletingService
2019-10-01 23:44:00,366 [main] INFO  statemachine.DatanodeStateMachine (DatanodeStateMachine.java:stopDaemon(395)) - Ozone container server stopped.
2019-10-01 23:44:00,367 [main] INFO  handler.ContextHandler (ContextHandler.java:doStop(910)) - Stopped o.e.j.w.WebAppContext@7d64a960{/,null,UNAVAILABLE}{/hddsDatanode}
2019-10-01 23:44:00,368 [main] INFO  server.AbstractConnector (AbstractConnector.java:doStop(318)) - Stopped ServerConnector@166ce247{HTTP/1.1,[http/1.1]}{0.0.0.0:0}
2019-10-01 23:44:00,368 [main] INFO  handler.ContextHandler (ContextHandler.java:doStop(910)) - Stopped o.e.j.s.ServletContextHandler@43c0c13a{/static,jar:file:/home/user/.m2/repository/org/apache/hadoop/hadoop-hdds-container-service/0.5.0-SNAPSHOT/hadoop-hdds-container-service-0.5.0-SNAPSHOT.jar!/webapps/static,UNAVAILABLE}
2019-10-01 23:44:00,369 [main] INFO  handler.ContextHandler (ContextHandler.java:doStop(910)) - Stopped o.e.j.s.ServletContextHandler@9e62fb{/logs,file:///workdir/hadoop-ozone/integration-test/target/log,UNAVAILABLE}
2019-10-01 23:44:00,370 [0598627c-23ca-4ee8-8b68-6a2bbae8a2e6@group-EE38EADD79F8-StateMachineUpdater] INFO  ratis.ContainerStateMachine (ContainerStateMachine.java:takeSnapshot(300)) - group-EE38EADD79F8: Finished taking a snapshot at:(t:1, i:3) file:/workdir/hadoop-ozone/integration-test/target/test-dir/MiniOzoneClusterImpl-b0268eef-721c-4f7d-a801-8a29ae4b86e9/datanode-0/data/ratis/cad6c25d-20b1-4188-a2c0-ee38eadd79f8/sm/snapshot.1_3 time:12
2019-10-01 23:44:00,370 [0598627c-23ca-4ee8-8b68-6a2bbae8a2e6@group-EE38EADD79F8-StateMachineUpdater] INFO  impl.StateMachineUpdater (StateMachineUpdater.java:takeSnapshot(258)) - 0598627c-23ca-4ee8-8b68-6a2bbae8a2e6@group-EE38EADD79F8-StateMachineUpdater: Took a snapshot at index 3
2019-10-01 23:44:00,370 [0598627c-23ca-4ee8-8b68-6a2bbae8a2e6@group-EE38EADD79F8-StateMachineUpdater] INFO  impl.StateMachineUpdater (StateMachineUpdater.java:lambda$new$0(83)) - 0598627c-23ca-4ee8-8b68-6a2bbae8a2e6@group-EE38EADD79F8-StateMachineUpdater: snapshotIndex: updateIncreasingly 3 -> 3
2019-10-01 23:44:00,371 [ForkJoinPool.commonPool-worker-1] INFO  impl.RaftServerImpl (ServerState.java:close(385)) - 0598627c-23ca-4ee8-8b68-6a2bbae8a2e6@group-EE38EADD79F8: closes. applyIndex: 4
2019-10-01 23:44:00,371 [0598627c-23ca-4ee8-8b68-6a2bbae8a2e6@group-EE38EADD79F8-SegmentedRaftLogWorker] INFO  segmented.SegmentedRaftLogWorker (SegmentedRaftLogWorker.java:run(313)) - 0598627c-23ca-4ee8-8b68-6a2bbae8a2e6@group-EE38EADD79F8-SegmentedRaftLogWorker was interrupted, exiting. There are 0 tasks remaining in the queue.
2019-10-01 23:44:00,371 [ForkJoinPool.commonPool-worker-1] INFO  segmented.SegmentedRaftLogWorker (SegmentedRaftLogWorker.java:close(228)) - 0598627c-23ca-4ee8-8b68-6a2bbae8a2e6@group-EE38EADD79F8-SegmentedRaftLogWorker close()
2019-10-01 23:44:00,373 [ForkJoinPool.commonPool-worker-1] INFO  server.GrpcService (GrpcService.java:closeImpl(164)) - 0598627c-23ca-4ee8-8b68-6a2bbae8a2e6: shutdown server with port 45508 now
2019-10-01 23:44:00,373 [ForkJoinPool.commonPool-worker-1] INFO  server.GrpcService (GrpcService.java:closeImpl(172)) - 0598627c-23ca-4ee8-8b68-6a2bbae8a2e6: shutdown server with port 45508 successfully
2019-10-01 23:44:00,375 [refreshUsed-/workdir/hadoop-ozone/integration-test/target/test-dir/MiniOzoneClusterImpl-b0268eef-721c-4f7d-a801-8a29ae4b86e9/datanode-0/data/containers] WARN  fs.CachingGetSpaceUsed (CachingGetSpaceUsed.java:run(183)) - Thread Interrupted waiting to refresh disk information: sleep interrupted
2019-10-01 23:44:00,386 [ForkJoinPool.commonPool-worker-1] INFO  utils.BackgroundService (BackgroundService.java:shutdown(148)) - Shutting down service BlockDeletingService
2019-10-01 23:44:00,389 [ForkJoinPool.commonPool-worker-1] INFO  statemachine.DatanodeStateMachine (DatanodeStateMachine.java:stopDaemon(395)) - Ozone container server stopped.
2019-10-01 23:44:00,393 [ForkJoinPool.commonPool-worker-1] INFO  handler.ContextHandler (ContextHandler.java:doStop(910)) - Stopped o.e.j.w.WebAppContext@203765b2{/,null,UNAVAILABLE}{/hddsDatanode}
2019-10-01 23:44:00,394 [ForkJoinPool.commonPool-worker-1] INFO  server.AbstractConnector (AbstractConnector.java:doStop(318)) - Stopped ServerConnector@7e050be1{HTTP/1.1,[http/1.1]}{0.0.0.0:0}
2019-10-01 23:44:00,395 [ForkJoinPool.commonPool-worker-1] INFO  handler.ContextHandler (ContextHandler.java:doStop(910)) - Stopped o.e.j.s.ServletContextHandler@2a6fb62f{/static,jar:file:/home/user/.m2/repository/org/apache/hadoop/hadoop-hdds-container-service/0.5.0-SNAPSHOT/hadoop-hdds-container-service-0.5.0-SNAPSHOT.jar!/webapps/static,UNAVAILABLE}
2019-10-01 23:44:00,396 [ForkJoinPool.commonPool-worker-1] INFO  handler.ContextHandler (ContextHandler.java:doStop(910)) - Stopped o.e.j.s.ServletContextHandler@5908e6d6{/logs,file:///workdir/hadoop-ozone/integration-test/target/log,UNAVAILABLE}
2019-10-01 23:44:00,759 [Datanode State Machine Thread - 0] INFO  statemachine.DatanodeStateMachine (DatanodeStateMachine.java:lambda$startDaemon$0(350)) - Ozone container server started.
2019-10-01 23:44:01,751 [grpc-default-executor-2] WARN  server.GrpcLogAppender (LogUtils.java:warn(134)) - ebd725b5-8731-4ac1-91b6-1bfd6f459ef6@group-F41A9E00A2F3->d2ecb2a4-3754-4f5b-b51d-81d499514b0e-AppendLogResponseHandler: Failed appendEntries: org.apache.ratis.thirdparty.io.grpc.StatusRuntimeException: UNAVAILABLE: io exception
2019-10-01 23:44:01,751 [grpc-default-executor-2] INFO  impl.FollowerInfo (FollowerInfo.java:lambda$new$0(51)) - ebd725b5-8731-4ac1-91b6-1bfd6f459ef6@group-F41A9E00A2F3->d2ecb2a4-3754-4f5b-b51d-81d499514b0e: nextIndex: updateUnconditionally 12 -> 11
2019-10-01 23:44:01,758 [grpc-default-executor-3] WARN  server.GrpcLogAppender (LogUtils.java:warn(134)) - ebd725b5-8731-4ac1-91b6-1bfd6f459ef6@group-F41A9E00A2F3->ce32e816-65e0-4fe3-9b5e-fe012152cf3a-AppendLogResponseHandler: Failed appendEntries: org.apache.ratis.thirdparty.io.grpc.StatusRuntimeException: UNAVAILABLE: io exception
2019-10-01 23:44:01,758 [grpc-default-executor-3] INFO  impl.FollowerInfo (FollowerInfo.java:lambda$new$0(51)) - ebd725b5-8731-4ac1-91b6-1bfd6f459ef6@group-F41A9E00A2F3->ce32e816-65e0-4fe3-9b5e-fe012152cf3a: nextIndex: updateUnconditionally 16 -> 15
2019-10-01 23:44:04,251 [grpc-default-executor-3] WARN  server.GrpcLogAppender (LogUtils.java:warn(134)) - ebd725b5-8731-4ac1-91b6-1bfd6f459ef6@group-F41A9E00A2F3->d2ecb2a4-3754-4f5b-b51d-81d499514b0e-AppendLogResponseHandler: Failed appendEntries: org.apache.ratis.thirdparty.io.grpc.StatusRuntimeException: UNAVAILABLE: io exception
2019-10-01 23:44:04,251 [grpc-default-executor-3] INFO  impl.FollowerInfo (FollowerInfo.java:lambda$new$0(51)) - ebd725b5-8731-4ac1-91b6-1bfd6f459ef6@group-F41A9E00A2F3->d2ecb2a4-3754-4f5b-b51d-81d499514b0e: nextIndex: updateUnconditionally 11 -> 10
2019-10-01 23:44:04,258 [grpc-default-executor-3] WARN  server.GrpcLogAppender (LogUtils.java:warn(134)) - ebd725b5-8731-4ac1-91b6-1bfd6f459ef6@group-F41A9E00A2F3->ce32e816-65e0-4fe3-9b5e-fe012152cf3a-AppendLogResponseHandler: Failed appendEntries: org.apache.ratis.thirdparty.io.grpc.StatusRuntimeException: UNAVAILABLE: io exception
2019-10-01 23:44:04,259 [grpc-default-executor-3] INFO  impl.FollowerInfo (FollowerInfo.java:lambda$new$0(51)) - ebd725b5-8731-4ac1-91b6-1bfd6f459ef6@group-F41A9E00A2F3->ce32e816-65e0-4fe3-9b5e-fe012152cf3a: nextIndex: updateUnconditionally 15 -> 14
2019-10-01 23:44:04,784 [EventQueue-StaleNodeForStaleNodeHandler] INFO  node.StaleNodeHandler (StaleNodeHandler.java:onMessage(58)) - Datanode ebd725b5-8731-4ac1-91b6-1bfd6f459ef6{ip: 192.168.164.203, host: pr-hdds-2158-lzhrq-821698512, networkLocation: /default-rack, certSerialId: null} moved to stale state. Finalizing its pipelines [PipelineID=cc1f94e8-c5be-4080-9539-f41a9e00a2f3, PipelineID=1e2ef0d1-dc59-4073-ab05-b7ab4c843754]
2019-10-01 23:44:04,784 [EventQueue-StaleNodeForStaleNodeHandler] INFO  pipeline.SCMPipelineManager (SCMPipelineManager.java:finalizeAndDestroyPipeline(311)) - destroying pipeline:Pipeline[ Id: cc1f94e8-c5be-4080-9539-f41a9e00a2f3, Nodes: ce32e816-65e0-4fe3-9b5e-fe012152cf3a{ip: 192.168.164.203, host: pr-hdds-2158-lzhrq-821698512, networkLocation: /default-rack, certSerialId: null}d2ecb2a4-3754-4f5b-b51d-81d499514b0e{ip: 192.168.164.203, host: pr-hdds-2158-lzhrq-821698512, networkLocation: /default-rack, certSerialId: null}ebd725b5-8731-4ac1-91b6-1bfd6f459ef6{ip: 192.168.164.203, host: pr-hdds-2158-lzhrq-821698512, networkLocation: /default-rack, certSerialId: null}, Type:RATIS, Factor:THREE, State:CLOSED]
2019-10-01 23:44:04,784 [EventQueue-StaleNodeForStaleNodeHandler] INFO  pipeline.SCMPipelineManager (SCMPipelineManager.java:finalizeAndDestroyPipeline(311)) - destroying pipeline:Pipeline[ Id: 1e2ef0d1-dc59-4073-ab05-b7ab4c843754, Nodes: ebd725b5-8731-4ac1-91b6-1bfd6f459ef6{ip: 192.168.164.203, host: pr-hdds-2158-lzhrq-821698512, networkLocation: /default-rack, certSerialId: null}, Type:RATIS, Factor:ONE, State:OPEN]
2019-10-01 23:44:04,784 [EventQueue-StaleNodeForStaleNodeHandler] INFO  pipeline.PipelineStateManager (PipelineStateManager.java:finalizePipeline(123)) - Pipeline Pipeline[ Id: 1e2ef0d1-dc59-4073-ab05-b7ab4c843754, Nodes: ebd725b5-8731-4ac1-91b6-1bfd6f459ef6{ip: 192.168.164.203, host: pr-hdds-2158-lzhrq-821698512, networkLocation: /default-rack, certSerialId: null}, Type:RATIS, Factor:ONE, State:CLOSED] moved to CLOSED state
2019-10-01 23:44:05,370 [main] INFO  ozoneimpl.OzoneContainer (OzoneContainer.java:stop(231)) - Attempting to stop container services.
2019-10-01 23:44:05,376 [main] INFO  impl.RaftServerProxy (RaftServerProxy.java:lambda$close$4(314)) - ebd725b5-8731-4ac1-91b6-1bfd6f459ef6: close
2019-10-01 23:44:05,376 [main] INFO  impl.RaftServerImpl (RaftServerImpl.java:lambda$shutdown$3(251)) - ebd725b5-8731-4ac1-91b6-1bfd6f459ef6@group-F41A9E00A2F3: shutdown
2019-10-01 23:44:05,376 [main] INFO  util.JmxRegister (JmxRegister.java:unregister(73)) - Successfully un-registered JMX Bean with object name Ratis:service=RaftServer,group=group-F41A9E00A2F3,id=ebd725b5-8731-4ac1-91b6-1bfd6f459ef6
2019-10-01 23:44:05,377 [main] INFO  impl.RoleInfo (RoleInfo.java:shutdownLeaderState(104)) - ebd725b5-8731-4ac1-91b6-1bfd6f459ef6: shutdown LeaderState
2019-10-01 23:44:05,379 [org.apache.ratis.server.impl.LogAppender$AppenderDaemon$$Lambda$511/518789928@7eaea97d] WARN  server.GrpcLogAppender (GrpcLogAppender.java:mayWait(143)) - ebd725b5-8731-4ac1-91b6-1bfd6f459ef6@group-F41A9E00A2F3->ce32e816-65e0-4fe3-9b5e-fe012152cf3a-GrpcLogAppender: Wait interrupted by java.lang.InterruptedException
2019-10-01 23:44:05,379 [main] INFO  impl.PendingRequests (PendingRequests.java:sendNotLeaderResponses(202)) - ebd725b5-8731-4ac1-91b6-1bfd6f459ef6-PendingRequests: sendNotLeaderResponses
2019-10-01 23:44:05,380 [org.apache.ratis.server.impl.LogAppender$AppenderDaemon$$Lambda$511/518789928@20ccc8f2] WARN  server.GrpcLogAppender (GrpcLogAppender.java:mayWait(143)) - ebd725b5-8731-4ac1-91b6-1bfd6f459ef6@group-F41A9E00A2F3->d2ecb2a4-3754-4f5b-b51d-81d499514b0e-GrpcLogAppender: Wait interrupted by java.lang.InterruptedException
2019-10-01 23:44:05,383 [main] INFO  impl.StateMachineUpdater (StateMachineUpdater.java:stopAndJoin(125)) - ebd725b5-8731-4ac1-91b6-1bfd6f459ef6@group-F41A9E00A2F3-StateMachineUpdater: set stopIndex = 18
2019-10-01 23:44:05,383 [ebd725b5-8731-4ac1-91b6-1bfd6f459ef6@group-F41A9E00A2F3-StateMachineUpdater] INFO  ratis.ContainerStateMachine (ContainerStateMachine.java:takeSnapshot(289)) - group-F41A9E00A2F3: Taking a snapshot at:(t:1, i:18) file /workdir/hadoop-ozone/integration-test/target/test-dir/MiniOzoneClusterImpl-b0268eef-721c-4f7d-a801-8a29ae4b86e9/datanode-5/data/ratis/cc1f94e8-c5be-4080-9539-f41a9e00a2f3/sm/snapshot.1_18
2019-10-01 23:44:05,397 [ebd725b5-8731-4ac1-91b6-1bfd6f459ef6@group-F41A9E00A2F3-StateMachineUpdater] INFO  ratis.ContainerStateMachine (ContainerStateMachine.java:takeSnapshot(300)) - group-F41A9E00A2F3: Finished taking a snapshot at:(t:1, i:18) file:/workdir/hadoop-ozone/integration-test/target/test-dir/MiniOzoneClusterImpl-b0268eef-721c-4f7d-a801-8a29ae4b86e9/datanode-5/data/ratis/cc1f94e8-c5be-4080-9539-f41a9e00a2f3/sm/snapshot.1_18 time:14
2019-10-01 23:44:05,397 [ebd725b5-8731-4ac1-91b6-1bfd6f459ef6@group-F41A9E00A2F3-StateMachineUpdater] INFO  impl.StateMachineUpdater (StateMachineUpdater.java:takeSnapshot(258)) - ebd725b5-8731-4ac1-91b6-1bfd6f459ef6@group-F41A9E00A2F3-StateMachineUpdater: Took a snapshot at index 18
2019-10-01 23:44:05,397 [ebd725b5-8731-4ac1-91b6-1bfd6f459ef6@group-F41A9E00A2F3-StateMachineUpdater] INFO  impl.StateMachineUpdater (StateMachineUpdater.java:lambda$new$0(83)) - ebd725b5-8731-4ac1-91b6-1bfd6f459ef6@group-F41A9E00A2F3-StateMachineUpdater: snapshotIndex: updateIncreasingly -1 -> 18
2019-10-01 23:44:05,397 [main] INFO  impl.RaftServerImpl (ServerState.java:close(385)) - ebd725b5-8731-4ac1-91b6-1bfd6f459ef6@group-F41A9E00A2F3: closes. applyIndex: 18
2019-10-01 23:44:05,398 [ebd725b5-8731-4ac1-91b6-1bfd6f459ef6@group-F41A9E00A2F3-SegmentedRaftLogWorker] INFO  segmented.SegmentedRaftLogWorker (SegmentedRaftLogWorker.java:run(313)) - ebd725b5-8731-4ac1-91b6-1bfd6f459ef6@group-F41A9E00A2F3-SegmentedRaftLogWorker was interrupted, exiting. There are 0 tasks remaining in the queue.
2019-10-01 23:44:05,398 [main] INFO  segmented.SegmentedRaftLogWorker (SegmentedRaftLogWorker.java:close(228)) - ebd725b5-8731-4ac1-91b6-1bfd6f459ef6@group-F41A9E00A2F3-SegmentedRaftLogWorker close()
2019-10-01 23:44:05,399 [main] INFO  impl.RaftServerImpl (RaftServerImpl.java:lambda$shutdown$3(251)) - ebd725b5-8731-4ac1-91b6-1bfd6f459ef6@group-B7AB4C843754: shutdown
2019-10-01 23:44:05,400 [main] INFO  util.JmxRegister (JmxRegister.java:unregister(73)) - Successfully un-registered JMX Bean with object name Ratis:service=RaftServer,group=group-B7AB4C843754,id=ebd725b5-8731-4ac1-91b6-1bfd6f459ef6
2019-10-01 23:44:05,400 [main] INFO  impl.RoleInfo (RoleInfo.java:shutdownLeaderState(104)) - ebd725b5-8731-4ac1-91b6-1bfd6f459ef6: shutdown LeaderState
2019-10-01 23:44:05,401 [main] INFO  impl.PendingRequests (PendingRequests.java:sendNotLeaderResponses(202)) - ebd725b5-8731-4ac1-91b6-1bfd6f459ef6-PendingRequests: sendNotLeaderResponses
2019-10-01 23:44:05,401 [main] INFO  impl.StateMachineUpdater (StateMachineUpdater.java:stopAndJoin(125)) - ebd725b5-8731-4ac1-91b6-1bfd6f459ef6@group-B7AB4C843754-StateMachineUpdater: set stopIndex = 0
2019-10-01 23:44:05,401 [main] INFO  impl.RaftServerImpl (ServerState.java:close(385)) - ebd725b5-8731-4ac1-91b6-1bfd6f459ef6@group-B7AB4C843754: closes. applyIndex: 0
2019-10-01 23:44:05,402 [ebd725b5-8731-4ac1-91b6-1bfd6f459ef6@group-B7AB4C843754-SegmentedRaftLogWorker] INFO  segmented.SegmentedRaftLogWorker (SegmentedRaftLogWorker.java:run(313)) - ebd725b5-8731-4ac1-91b6-1bfd6f459ef6@group-B7AB4C843754-SegmentedRaftLogWorker was interrupted, exiting. There are 0 tasks remaining in the queue.
2019-10-01 23:44:05,402 [main] INFO  segmented.SegmentedRaftLogWorker (SegmentedRaftLogWorker.java:close(228)) - ebd725b5-8731-4ac1-91b6-1bfd6f459ef6@group-B7AB4C843754-SegmentedRaftLogWorker close()
2019-10-01 23:44:05,403 [main] INFO  server.GrpcService (GrpcService.java:closeImpl(164)) - ebd725b5-8731-4ac1-91b6-1bfd6f459ef6: shutdown server with port 34095 now
2019-10-01 23:44:05,404 [grpc-default-executor-0] WARN  client.GrpcClientProtocolService (LogUtils.java:warn(134)) - 2-UnorderedRequestStreamObserver2: onError: org.apache.ratis.thirdparty.io.grpc.StatusRuntimeException: CANCELLED: cancelled before receiving half close
2019-10-01 23:44:05,404 [main] INFO  server.GrpcService (GrpcService.java:closeImpl(172)) - ebd725b5-8731-4ac1-91b6-1bfd6f459ef6: shutdown server with port 34095 successfully
2019-10-01 23:44:05,406 [refreshUsed-/workdir/hadoop-ozone/integration-test/target/test-dir/MiniOzoneClusterImpl-b0268eef-721c-4f7d-a801-8a29ae4b86e9/datanode-5/data/containers] WARN  fs.CachingGetSpaceUsed (CachingGetSpaceUsed.java:run(183)) - Thread Interrupted waiting to refresh disk information: sleep interrupted
2019-10-01 23:44:05,420 [main] INFO  utils.BackgroundService (BackgroundService.java:shutdown(148)) - Shutting down service BlockDeletingService
2019-10-01 23:44:05,423 [main] INFO  statemachine.DatanodeStateMachine (DatanodeStateMachine.java:stopDaemon(395)) - Ozone container server stopped.
2019-10-01 23:44:05,424 [main] INFO  handler.ContextHandler (ContextHandler.java:doStop(910)) - Stopped o.e.j.w.WebAppContext@2b9b17ce{/,null,UNAVAILABLE}{/hddsDatanode}
2019-10-01 23:44:05,425 [main] INFO  server.AbstractConnector (AbstractConnector.java:doStop(318)) - Stopped ServerConnector@1d2def55{HTTP/1.1,[http/1.1]}{0.0.0.0:0}
2019-10-01 23:44:05,426 [main] INFO  handler.ContextHandler (ContextHandler.java:doStop(910)) - Stopped o.e.j.s.ServletContextHandler@6e321d9d{/static,jar:file:/home/user/.m2/repository/org/apache/hadoop/hadoop-hdds-container-service/0.5.0-SNAPSHOT/hadoop-hdds-container-service-0.5.0-SNAPSHOT.jar!/webapps/static,UNAVAILABLE}
2019-10-01 23:44:05,426 [main] INFO  handler.ContextHandler (ContextHandler.java:doStop(910)) - Stopped o.e.j.s.ServletContextHandler@62faf77{/logs,file:///workdir/hadoop-ozone/integration-test/target/log,UNAVAILABLE}
2019-10-01 23:44:05,427 [main] INFO  ozone.MiniOzoneClusterImpl (MiniOzoneClusterImpl.java:stop(344)) - Stopping the StorageContainerManager
2019-10-01 23:44:05,427 [main] INFO  server.StorageContainerManager (StorageContainerManager.java:stop(801)) - Stopping Replication Manager Service.
2019-10-01 23:44:05,427 [main] INFO  container.ReplicationManager (ReplicationManager.java:stop(203)) - Stopping Replication Monitor Thread.
2019-10-01 23:44:05,427 [main] INFO  server.StorageContainerManager (StorageContainerManager.java:stop(808)) - Stopping Lease Manager of the command watchers
2019-10-01 23:44:05,427 [main] INFO  server.StorageContainerManager (StorageContainerManager.java:stop(815)) - Stopping datanode service RPC server
2019-10-01 23:44:05,428 [main] INFO  server.SCMDatanodeProtocolServer (SCMDatanodeProtocolServer.java:stop(367)) - Stopping the RPC server for DataNodes
2019-10-01 23:44:05,428 [main] INFO  ipc.Server (Server.java:stop(3082)) - Stopping server on 43645
2019-10-01 23:44:05,430 [IPC Server listener on 43645] INFO  ipc.Server (Server.java:run(1185)) - Stopping IPC Server listener on 43645
2019-10-01 23:44:05,430 [IPC Server Responder] INFO  ipc.Server (Server.java:run(1319)) - Stopping IPC Server Responder
2019-10-01 23:44:05,484 [SCM Heartbeat Processing Thread - 0] WARN  node.NodeStateManager (NodeStateManager.java:scheduleNextHealthCheck(646)) - Current Thread is interrupted, shutting down HB processing thread for Node Manager.
2019-10-01 23:44:05,485 [main] INFO  server.StorageContainerManager (StorageContainerManager.java:stop(823)) - Stopping block service RPC server
2019-10-01 23:44:05,485 [main] INFO  server.SCMBlockProtocolServer (SCMBlockProtocolServer.java:stop(155)) - Stopping the RPC server for Block Protocol
2019-10-01 23:44:05,485 [main] INFO  ipc.Server (Server.java:stop(3082)) - Stopping server on 46754
2019-10-01 23:44:05,487 [main] INFO  server.StorageContainerManager (StorageContainerManager.java:stop(830)) - Stopping the StorageContainerLocationProtocol RPC server
2019-10-01 23:44:05,488 [IPC Server listener on 46754] INFO  ipc.Server (Server.java:run(1185)) - Stopping IPC Server listener on 46754
2019-10-01 23:44:05,488 [main] INFO  server.SCMClientProtocolServer (SCMClientProtocolServer.java:stop(159)) - Stopping the RPC server for Client Protocol
2019-10-01 23:44:05,488 [main] INFO  ipc.Server (Server.java:stop(3082)) - Stopping server on 44983
2019-10-01 23:44:05,488 [IPC Server Responder] INFO  ipc.Server (Server.java:run(1319)) - Stopping IPC Server Responder
2019-10-01 23:44:05,493 [IPC Server listener on 44983] INFO  ipc.Server (Server.java:run(1185)) - Stopping IPC Server listener on 44983
2019-10-01 23:44:05,493 [main] INFO  server.StorageContainerManager (StorageContainerManager.java:stop(837)) - Stopping Storage Container Manager HTTP server.
2019-10-01 23:44:05,493 [IPC Server Responder] INFO  ipc.Server (Server.java:run(1319)) - Stopping IPC Server Responder
2019-10-01 23:44:05,495 [main] INFO  handler.ContextHandler (ContextHandler.java:doStop(910)) - Stopped o.e.j.w.WebAppContext@71dd4624{/,null,UNAVAILABLE}{/scm}
2019-10-01 23:44:05,495 [main] INFO  server.AbstractConnector (AbstractConnector.java:doStop(318)) - Stopped ServerConnector@2347b7af{HTTP/1.1,[http/1.1]}{0.0.0.0:0}
2019-10-01 23:44:05,495 [main] INFO  handler.ContextHandler (ContextHandler.java:doStop(910)) - Stopped o.e.j.s.ServletContextHandler@2ba024cb{/static,file:///workdir/hadoop-ozone/integration-test/target/test-classes/webapps/static,UNAVAILABLE}
2019-10-01 23:44:05,496 [main] INFO  handler.ContextHandler (ContextHandler.java:doStop(910)) - Stopped o.e.j.s.ServletContextHandler@6ce15112{/logs,file:///workdir/hadoop-ozone/integration-test/target/log,UNAVAILABLE}
2019-10-01 23:44:05,497 [main] INFO  server.StorageContainerManager (StorageContainerManager.java:stop(848)) - Stopping Block Manager Service.
2019-10-01 23:44:05,497 [main] INFO  utils.BackgroundService (BackgroundService.java:shutdown(148)) - Shutting down service SCMBlockDeletingService
2019-10-01 23:44:05,497 [main] INFO  utils.BackgroundService (BackgroundService.java:shutdown(148)) - Shutting down service SCMBlockDeletingService
2019-10-01 23:44:05,498 [main] INFO  server.StorageContainerManager (StorageContainerManager.java:stop(870)) - Stopping SCM Event Queue.
2019-10-01 23:44:05,502 [main] INFO  impl.MetricsSystemImpl (MetricsSystemImpl.java:stop(210)) - Stopping HddsDatanode metrics system...
2019-10-01 23:44:05,526 [main] INFO  impl.MetricsSystemImpl (MetricsSystemImpl.java:stop(216)) - HddsDatanode metrics system stopped.
]]></system-out>
    <system-err><![CDATA[Oct 01, 2019 11:43:50 PM org.apache.ratis.thirdparty.io.grpc.internal.SerializingExecutor run
SEVERE: Exception while executing runnable org.apache.ratis.thirdparty.io.grpc.internal.ServerImpl$JumpToApplicationThreadServerStreamListener$1Closed@72386c7f
org.apache.ratis.thirdparty.io.grpc.StatusRuntimeException: CANCELLED: call already cancelled
	at org.apache.ratis.thirdparty.io.grpc.Status.asRuntimeException(Status.java:517)
	at org.apache.ratis.thirdparty.io.grpc.stub.ServerCalls$ServerCallStreamObserverImpl.onCompleted(ServerCalls.java:356)
	at org.apache.ratis.grpc.server.GrpcServerProtocolService$ServerRequestStreamObserver.onError(GrpcServerProtocolService.java:121)
	at org.apache.ratis.thirdparty.io.grpc.stub.ServerCalls$StreamingServerCallHandler$StreamingServerCallListener.onCancel(ServerCalls.java:269)
	at org.apache.ratis.thirdparty.io.grpc.internal.ServerCallImpl$ServerStreamListenerImpl.closed(ServerCallImpl.java:293)
	at org.apache.ratis.thirdparty.io.grpc.internal.ServerImpl$JumpToApplicationThreadServerStreamListener$1Closed.runInContext(ServerImpl.java:741)
	at org.apache.ratis.thirdparty.io.grpc.internal.ContextRunnable.run(ContextRunnable.java:37)
	at org.apache.ratis.thirdparty.io.grpc.internal.SerializingExecutor.run(SerializingExecutor.java:123)
	at java.util.concurrent.ThreadPoolExecutor.runWorker(ThreadPoolExecutor.java:1149)
	at java.util.concurrent.ThreadPoolExecutor$Worker.run(ThreadPoolExecutor.java:624)
	at java.lang.Thread.run(Thread.java:748)

Oct 01, 2019 11:43:55 PM org.apache.ratis.thirdparty.io.grpc.internal.SerializingExecutor run
SEVERE: Exception while executing runnable org.apache.ratis.thirdparty.io.grpc.internal.ServerImpl$JumpToApplicationThreadServerStreamListener$1Closed@b35721f
org.apache.ratis.thirdparty.io.grpc.StatusRuntimeException: CANCELLED: call already cancelled
	at org.apache.ratis.thirdparty.io.grpc.Status.asRuntimeException(Status.java:517)
	at org.apache.ratis.thirdparty.io.grpc.stub.ServerCalls$ServerCallStreamObserverImpl.onCompleted(ServerCalls.java:356)
	at org.apache.ratis.grpc.server.GrpcServerProtocolService$ServerRequestStreamObserver.onError(GrpcServerProtocolService.java:121)
	at org.apache.ratis.thirdparty.io.grpc.stub.ServerCalls$StreamingServerCallHandler$StreamingServerCallListener.onCancel(ServerCalls.java:269)
	at org.apache.ratis.thirdparty.io.grpc.internal.ServerCallImpl$ServerStreamListenerImpl.closed(ServerCallImpl.java:293)
	at org.apache.ratis.thirdparty.io.grpc.internal.ServerImpl$JumpToApplicationThreadServerStreamListener$1Closed.runInContext(ServerImpl.java:741)
	at org.apache.ratis.thirdparty.io.grpc.internal.ContextRunnable.run(ContextRunnable.java:37)
	at org.apache.ratis.thirdparty.io.grpc.internal.SerializingExecutor.run(SerializingExecutor.java:123)
	at java.util.concurrent.ThreadPoolExecutor.runWorker(ThreadPoolExecutor.java:1149)
	at java.util.concurrent.ThreadPoolExecutor$Worker.run(ThreadPoolExecutor.java:624)
	at java.lang.Thread.run(Thread.java:748)

]]></system-err>
  </testcase>
  <testcase name="testExceptionDuringClose" classname="org.apache.hadoop.ozone.client.rpc.TestBlockOutputStreamWithFailures" time="36.104"/>
</testsuite>