<?xml version="1.0" encoding="UTF-8"?>
<testsuite xmlns:xsi="http://www.w3.org/2001/XMLSchema-instance" xsi:noNamespaceSchemaLocation="https://maven.apache.org/surefire/maven-surefire-plugin/xsd/surefire-test-report.xsd" name="org.apache.hadoop.ozone.client.rpc.TestWatchForCommit" time="220.996" tests="5" errors="1" skipped="0" failures="1">
  <properties>
    <property name="awt.toolkit" value="sun.awt.X11.XToolkit"/>
    <property name="file.encoding.pkg" value="sun.io"/>
    <property name="java.specification.version" value="1.8"/>
    <property name="sun.cpu.isalist" value=""/>
    <property name="sun.jnu.encoding" value="UTF-8"/>
    <property name="java.class.path" value="/workdir/hadoop-ozone/integration-test/target/test-classes:/workdir/hadoop-ozone/integration-test/target/classes:/home/user/.m2/repository/org/apache/hadoop/hadoop-ozone-common/0.5.0-SNAPSHOT/hadoop-ozone-common-0.5.0-SNAPSHOT.jar:/home/user/.m2/repository/org/apache/commons/commons-compress/1.4.1/commons-compress-1.4.1.jar:/home/user/.m2/repository/org/tukaani/xz/1.0/xz-1.0.jar:/home/user/.m2/repository/org/apache/hadoop/hadoop-common/3.2.0/hadoop-common-3.2.0.jar:/home/user/.m2/repository/org/apache/hadoop/hadoop-hdfs/3.2.0/hadoop-hdfs-3.2.0.jar:/home/user/.m2/repository/org/apache/hadoop/hadoop-hdfs-client/3.2.0/hadoop-hdfs-client-3.2.0.jar:/home/user/.m2/repository/com/fasterxml/jackson/core/jackson-annotations/2.9.9/jackson-annotations-2.9.9.jar:/home/user/.m2/repository/org/apache/hadoop/hadoop-hdds-common/0.5.0-SNAPSHOT/hadoop-hdds-common-0.5.0-SNAPSHOT.jar:/home/user/.m2/repository/javax/annotation/javax.annotation-api/1.2/javax.annotation-api-1.2.jar:/home/user/.m2/repository/org/apache/ratis/ratis-server/0.5.0-201fc85-SNAPSHOT/ratis-server-0.5.0-201fc85-SNAPSHOT.jar:/home/user/.m2/repository/org/apache/ratis/ratis-thirdparty-misc/0.2.0/ratis-thirdparty-misc-0.2.0.jar:/home/user/.m2/repository/org/apache/ratis/ratis-proto/0.5.0-201fc85-SNAPSHOT/ratis-proto-0.5.0-201fc85-SNAPSHOT.jar:/home/user/.m2/repository/org/apache/ratis/ratis-common/0.5.0-201fc85-SNAPSHOT/ratis-common-0.5.0-201fc85-SNAPSHOT.jar:/home/user/.m2/repository/org/apache/ratis/ratis-client/0.5.0-201fc85-SNAPSHOT/ratis-client-0.5.0-201fc85-SNAPSHOT.jar:/home/user/.m2/repository/org/apache/ratis/ratis-metrics/0.5.0-201fc85-SNAPSHOT/ratis-metrics-0.5.0-201fc85-SNAPSHOT.jar:/home/user/.m2/repository/com/github/joshelser/dropwizard-metrics-hadoop-metrics2-reporter/0.1.2/dropwizard-metrics-hadoop-metrics2-reporter-0.1.2.jar:/home/user/.m2/repository/io/dropwizard/metrics/metrics-jvm/3.2.5/metrics-jvm-3.2.5.jar:/home/user/.m2/repository/io/dropwizard/metrics/metrics-ganglia/3.2.5/metrics-ganglia-3.2.5.jar:/home/user/.m2/repository/info/ganglia/gmetric4j/gmetric4j/1.0.7/gmetric4j-1.0.7.jar:/home/user/.m2/repository/org/apache/ratis/ratis-netty/0.5.0-201fc85-SNAPSHOT/ratis-netty-0.5.0-201fc85-SNAPSHOT.jar:/home/user/.m2/repository/org/apache/ratis/ratis-grpc/0.5.0-201fc85-SNAPSHOT/ratis-grpc-0.5.0-201fc85-SNAPSHOT.jar:/home/user/.m2/repository/org/rocksdb/rocksdbjni/6.0.1/rocksdbjni-6.0.1.jar:/home/user/.m2/repository/org/apache/logging/log4j/log4j-api/2.11.0/log4j-api-2.11.0.jar:/home/user/.m2/repository/org/apache/logging/log4j/log4j-core/2.11.0/log4j-core-2.11.0.jar:/home/user/.m2/repository/com/lmax/disruptor/3.4.2/disruptor-3.4.2.jar:/home/user/.m2/repository/org/apache/commons/commons-pool2/2.6.0/commons-pool2-2.6.0.jar:/home/user/.m2/repository/org/bouncycastle/bcpkix-jdk15on/1.60/bcpkix-jdk15on-1.60.jar:/home/user/.m2/repository/commons-validator/commons-validator/1.6/commons-validator-1.6.jar:/home/user/.m2/repository/commons-digester/commons-digester/1.8.1/commons-digester-1.8.1.jar:/home/user/.m2/repository/io/jaegertracing/jaeger-client/0.34.0/jaeger-client-0.34.0.jar:/home/user/.m2/repository/io/jaegertracing/jaeger-thrift/0.34.0/jaeger-thrift-0.34.0.jar:/home/user/.m2/repository/org/apache/thrift/libthrift/0.12.0/libthrift-0.12.0.jar:/home/user/.m2/repository/com/squareup/okhttp3/okhttp/3.9.0/okhttp-3.9.0.jar:/home/user/.m2/repository/com/squareup/okio/okio/1.13.0/okio-1.13.0.jar:/home/user/.m2/repository/io/jaegertracing/jaeger-core/0.34.0/jaeger-core-0.34.0.jar:/home/user/.m2/repository/io/jaegertracing/jaeger-tracerresolver/0.34.0/jaeger-tracerresolver-0.34.0.jar:/home/user/.m2/repository/io/opentracing/contrib/opentracing-tracerresolver/0.1.5/opentracing-tracerresolver-0.1.5.jar:/home/user/.m2/repository/io/opentracing/opentracing-util/0.31.0/opentracing-util-0.31.0.jar:/home/user/.m2/repository/io/opentracing/opentracing-api/0.31.0/opentracing-api-0.31.0.jar:/home/user/.m2/repository/io/opentracing/opentracing-noop/0.31.0/opentracing-noop-0.31.0.jar:/home/user/.m2/repository/org/apache/hadoop/hadoop-hdds-server-framework/0.5.0-SNAPSHOT/hadoop-hdds-server-framework-0.5.0-SNAPSHOT.jar:/home/user/.m2/repository/org/apache/hadoop/hadoop-hdds-container-service/0.5.0-SNAPSHOT/hadoop-hdds-container-service-0.5.0-SNAPSHOT.jar:/home/user/.m2/repository/org/apache/hadoop/hadoop-hdds-client/0.5.0-SNAPSHOT/hadoop-hdds-client-0.5.0-SNAPSHOT.jar:/home/user/.m2/repository/org/apache/hadoop/hadoop-hdds-tools/0.5.0-SNAPSHOT/hadoop-hdds-tools-0.5.0-SNAPSHOT.jar:/home/user/.m2/repository/org/apache/hadoop/hadoop-hdds-server-scm/0.5.0-SNAPSHOT/hadoop-hdds-server-scm-0.5.0-SNAPSHOT.jar:/home/user/.m2/repository/org/apache/hadoop/hadoop-hdds-docs/0.5.0-SNAPSHOT/hadoop-hdds-docs-0.5.0-SNAPSHOT.jar:/home/user/.m2/repository/io/dropwizard/metrics/metrics-core/3.2.4/metrics-core-3.2.4.jar:/home/user/.m2/repository/org/hamcrest/hamcrest-all/1.3/hamcrest-all-1.3.jar:/home/user/.m2/repository/org/bouncycastle/bcprov-jdk15on/1.60/bcprov-jdk15on-1.60.jar:/home/user/.m2/repository/info/picocli/picocli/3.9.6/picocli-3.9.6.jar:/home/user/.m2/repository/com/google/protobuf/protobuf-java/2.5.0/protobuf-java-2.5.0.jar:/home/user/.m2/repository/com/google/guava/guava/11.0.2/guava-11.0.2.jar:/home/user/.m2/repository/org/apache/hadoop/hadoop-ozone-ozone-manager/0.5.0-SNAPSHOT/hadoop-ozone-ozone-manager-0.5.0-SNAPSHOT.jar:/home/user/.m2/repository/org/apache/hadoop/hadoop-minikdc/3.2.0/hadoop-minikdc-3.2.0.jar:/home/user/.m2/repository/commons-io/commons-io/2.5/commons-io-2.5.jar:/home/user/.m2/repository/org/apache/kerby/kerb-simplekdc/1.0.1/kerb-simplekdc-1.0.1.jar:/home/user/.m2/repository/org/apache/kerby/kerb-client/1.0.1/kerb-client-1.0.1.jar:/home/user/.m2/repository/org/apache/kerby/kerby-config/1.0.1/kerby-config-1.0.1.jar:/home/user/.m2/repository/org/apache/kerby/kerb-core/1.0.1/kerb-core-1.0.1.jar:/home/user/.m2/repository/org/apache/kerby/kerby-pkix/1.0.1/kerby-pkix-1.0.1.jar:/home/user/.m2/repository/org/apache/kerby/kerby-asn1/1.0.1/kerby-asn1-1.0.1.jar:/home/user/.m2/repository/org/apache/kerby/kerby-util/1.0.1/kerby-util-1.0.1.jar:/home/user/.m2/repository/org/apache/kerby/kerb-common/1.0.1/kerb-common-1.0.1.jar:/home/user/.m2/repository/org/apache/kerby/kerb-crypto/1.0.1/kerb-crypto-1.0.1.jar:/home/user/.m2/repository/org/apache/kerby/kerb-util/1.0.1/kerb-util-1.0.1.jar:/home/user/.m2/repository/org/apache/kerby/token-provider/1.0.1/token-provider-1.0.1.jar:/home/user/.m2/repository/org/apache/kerby/kerb-admin/1.0.1/kerb-admin-1.0.1.jar:/home/user/.m2/repository/org/apache/kerby/kerb-server/1.0.1/kerb-server-1.0.1.jar:/home/user/.m2/repository/org/apache/kerby/kerb-identity/1.0.1/kerb-identity-1.0.1.jar:/home/user/.m2/repository/org/apache/kerby/kerby-xdr/1.0.1/kerby-xdr-1.0.1.jar:/home/user/.m2/repository/org/slf4j/slf4j-log4j12/1.7.25/slf4j-log4j12-1.7.25.jar:/home/user/.m2/repository/org/apache/hadoop/hadoop-ozone-s3gateway/0.5.0-SNAPSHOT/hadoop-ozone-s3gateway-0.5.0-SNAPSHOT.jar:/home/user/.m2/repository/org/jboss/weld/servlet/weld-servlet/2.4.7.Final/weld-servlet-2.4.7.Final.jar:/home/user/.m2/repository/org/glassfish/jersey/containers/jersey-container-servlet-core/2.27/jersey-container-servlet-core-2.27.jar:/home/user/.m2/repository/org/glassfish/hk2/external/javax.inject/2.5.0-b42/javax.inject-2.5.0-b42.jar:/home/user/.m2/repository/org/glassfish/jersey/core/jersey-common/2.27/jersey-common-2.27.jar:/home/user/.m2/repository/org/glassfish/hk2/osgi-resource-locator/1.0.1/osgi-resource-locator-1.0.1.jar:/home/user/.m2/repository/javax/ws/rs/javax.ws.rs-api/2.1/javax.ws.rs-api-2.1.jar:/home/user/.m2/repository/org/glassfish/jersey/ext/cdi/jersey-cdi1x/2.27/jersey-cdi1x-2.27.jar:/home/user/.m2/repository/org/glassfish/jersey/inject/jersey-hk2/2.27/jersey-hk2-2.27.jar:/home/user/.m2/repository/org/glassfish/hk2/hk2-locator/2.5.0-b42/hk2-locator-2.5.0-b42.jar:/home/user/.m2/repository/org/javassist/javassist/3.22.0-CR2/javassist-3.22.0-CR2.jar:/home/user/.m2/repository/org/glassfish/hk2/hk2-api/2.5.0/hk2-api-2.5.0.jar:/home/user/.m2/repository/org/glassfish/hk2/external/jakarta.inject/2.5.0/jakarta.inject-2.5.0.jar:/home/user/.m2/repository/org/glassfish/hk2/hk2-utils/2.5.0/hk2-utils-2.5.0.jar:/home/user/.m2/repository/jakarta/annotation/jakarta.annotation-api/1.3.4/jakarta.annotation-api-1.3.4.jar:/home/user/.m2/repository/org/glassfish/hk2/external/aopalliance-repackaged/2.5.0/aopalliance-repackaged-2.5.0.jar:/home/user/.m2/repository/com/fasterxml/jackson/dataformat/jackson-dataformat-xml/2.9.0/jackson-dataformat-xml-2.9.0.jar:/home/user/.m2/repository/com/fasterxml/jackson/core/jackson-core/2.9.9/jackson-core-2.9.9.jar:/home/user/.m2/repository/com/fasterxml/jackson/module/jackson-module-jaxb-annotations/2.9.9/jackson-module-jaxb-annotations-2.9.9.jar:/home/user/.m2/repository/javax/enterprise/cdi-api/1.2/cdi-api-1.2.jar:/home/user/.m2/repository/javax/el/javax.el-api/3.0.0/javax.el-api-3.0.0.jar:/home/user/.m2/repository/javax/interceptor/javax.interceptor-api/1.2/javax.interceptor-api-1.2.jar:/home/user/.m2/repository/javax/inject/javax.inject/1/javax.inject-1.jar:/home/user/.m2/repository/com/sun/xml/bind/jaxb-impl/2.3.0.1/jaxb-impl-2.3.0.1.jar:/home/user/.m2/repository/com/sun/xml/bind/jaxb-core/2.3.0.1/jaxb-core-2.3.0.1.jar:/home/user/.m2/repository/javax/xml/bind/jaxb-api/2.3.0/jaxb-api-2.3.0.jar:/home/user/.m2/repository/javax/activation/activation/1.1.1/activation-1.1.1.jar:/home/user/.m2/repository/org/apache/hadoop/hadoop-ozone-csi/0.5.0-SNAPSHOT/hadoop-ozone-csi-0.5.0-SNAPSHOT.jar:/home/user/.m2/repository/com/google/protobuf/protobuf-java-util/3.5.1/protobuf-java-util-3.5.1.jar:/home/user/.m2/repository/org/apache/hadoop/hadoop-hdds-config/0.5.0-SNAPSHOT/hadoop-hdds-config-0.5.0-SNAPSHOT.jar:/home/user/.m2/repository/io/grpc/grpc-netty/1.17.1/grpc-netty-1.17.1.jar:/home/user/.m2/repository/io/grpc/grpc-core/1.17.1/grpc-core-1.17.1.jar:/home/user/.m2/repository/io/grpc/grpc-context/1.17.1/grpc-context-1.17.1.jar:/home/user/.m2/repository/com/google/errorprone/error_prone_annotations/2.2.0/error_prone_annotations-2.2.0.jar:/home/user/.m2/repository/org/codehaus/mojo/animal-sniffer-annotations/1.17/animal-sniffer-annotations-1.17.jar:/home/user/.m2/repository/io/opencensus/opencensus-api/0.17.0/opencensus-api-0.17.0.jar:/home/user/.m2/repository/io/opencensus/opencensus-contrib-grpc-metrics/0.17.0/opencensus-contrib-grpc-metrics-0.17.0.jar:/home/user/.m2/repository/io/netty/netty-codec-http2/4.1.30.Final/netty-codec-http2-4.1.30.Final.jar:/home/user/.m2/repository/io/netty/netty-codec-http/4.1.30.Final/netty-codec-http-4.1.30.Final.jar:/home/user/.m2/repository/io/netty/netty-codec/4.1.30.Final/netty-codec-4.1.30.Final.jar:/home/user/.m2/repository/io/netty/netty-handler/4.1.30.Final/netty-handler-4.1.30.Final.jar:/home/user/.m2/repository/io/netty/netty-handler-proxy/4.1.30.Final/netty-handler-proxy-4.1.30.Final.jar:/home/user/.m2/repository/io/netty/netty-codec-socks/4.1.30.Final/netty-codec-socks-4.1.30.Final.jar:/home/user/.m2/repository/io/netty/netty-transport-native-epoll/4.1.30.Final/netty-transport-native-epoll-4.1.30.Final.jar:/home/user/.m2/repository/io/netty/netty-common/4.1.30.Final/netty-common-4.1.30.Final.jar:/home/user/.m2/repository/io/netty/netty-buffer/4.1.30.Final/netty-buffer-4.1.30.Final.jar:/home/user/.m2/repository/io/netty/netty-transport/4.1.30.Final/netty-transport-4.1.30.Final.jar:/home/user/.m2/repository/io/netty/netty-resolver/4.1.30.Final/netty-resolver-4.1.30.Final.jar:/home/user/.m2/repository/io/netty/netty-transport-native-unix-common/4.1.30.Final/netty-transport-native-unix-common-4.1.30.Final.jar:/home/user/.m2/repository/io/grpc/grpc-protobuf/1.17.1/grpc-protobuf-1.17.1.jar:/home/user/.m2/repository/com/google/api/grpc/proto-google-common-protos/1.0.0/proto-google-common-protos-1.0.0.jar:/home/user/.m2/repository/io/grpc/grpc-protobuf-lite/1.17.1/grpc-protobuf-lite-1.17.1.jar:/home/user/.m2/repository/io/grpc/grpc-stub/1.17.1/grpc-stub-1.17.1.jar:/home/user/.m2/repository/org/apache/hadoop/hadoop-ozone-recon/0.5.0-SNAPSHOT/hadoop-ozone-recon-0.5.0-SNAPSHOT.jar:/home/user/.m2/repository/org/apache/hadoop/hadoop-ozone-reconcodegen/0.5.0-SNAPSHOT/hadoop-ozone-reconcodegen-0.5.0-SNAPSHOT.jar:/home/user/.m2/repository/com/google/inject/extensions/guice-multibindings/4.0/guice-multibindings-4.0.jar:/home/user/.m2/repository/com/google/inject/guice/4.0/guice-4.0.jar:/home/user/.m2/repository/aopalliance/aopalliance/1.0/aopalliance-1.0.jar:/home/user/.m2/repository/com/google/inject/extensions/guice-servlet/4.0/guice-servlet-4.0.jar:/home/user/.m2/repository/org/glassfish/jersey/containers/jersey-container-servlet/2.27/jersey-container-servlet-2.27.jar:/home/user/.m2/repository/org/glassfish/hk2/guice-bridge/2.5.0/guice-bridge-2.5.0.jar:/home/user/.m2/repository/org/glassfish/jersey/core/jersey-server/2.27/jersey-server-2.27.jar:/home/user/.m2/repository/org/glassfish/jersey/core/jersey-client/2.27/jersey-client-2.27.jar:/home/user/.m2/repository/org/glassfish/jersey/media/jersey-media-jaxb/2.27/jersey-media-jaxb-2.27.jar:/home/user/.m2/repository/javax/validation/validation-api/1.1.0.Final/validation-api-1.1.0.Final.jar:/home/user/.m2/repository/org/glassfish/jersey/media/jersey-media-json-jackson/2.27/jersey-media-json-jackson-2.27.jar:/home/user/.m2/repository/org/glassfish/jersey/ext/jersey-entity-filtering/2.27/jersey-entity-filtering-2.27.jar:/home/user/.m2/repository/com/google/inject/extensions/guice-assistedinject/4.0/guice-assistedinject-4.0.jar:/home/user/.m2/repository/org/jooq/jooq/3.11.10/jooq-3.11.10.jar:/home/user/.m2/repository/org/jooq/jooq-meta/3.11.10/jooq-meta-3.11.10.jar:/home/user/.m2/repository/org/jooq/jooq-codegen/3.11.10/jooq-codegen-3.11.10.jar:/home/user/.m2/repository/com/jolbox/bonecp/0.8.0.RELEASE/bonecp-0.8.0.RELEASE.jar:/home/user/.m2/repository/org/xerial/sqlite-jdbc/3.25.2/sqlite-jdbc-3.25.2.jar:/home/user/.m2/repository/org/springframework/spring-jdbc/5.1.3.RELEASE/spring-jdbc-5.1.3.RELEASE.jar:/home/user/.m2/repository/org/springframework/spring-beans/5.1.3.RELEASE/spring-beans-5.1.3.RELEASE.jar:/home/user/.m2/repository/org/springframework/spring-core/5.1.3.RELEASE/spring-core-5.1.3.RELEASE.jar:/home/user/.m2/repository/org/springframework/spring-jcl/5.1.3.RELEASE/spring-jcl-5.1.3.RELEASE.jar:/home/user/.m2/repository/org/springframework/spring-tx/5.1.3.RELEASE/spring-tx-5.1.3.RELEASE.jar:/home/user/.m2/repository/org/apache/hadoop/hadoop-ozone-client/0.5.0-SNAPSHOT/hadoop-ozone-client-0.5.0-SNAPSHOT.jar:/home/user/.m2/repository/commons-lang/commons-lang/2.6/commons-lang-2.6.jar:/home/user/.m2/repository/org/apache/hadoop/hadoop-ozone-ozone-manager/0.5.0-SNAPSHOT/hadoop-ozone-ozone-manager-0.5.0-SNAPSHOT-tests.jar:/home/user/.m2/repository/junit/junit/4.11/junit-4.11.jar:/home/user/.m2/repository/org/hamcrest/hamcrest-core/1.3/hamcrest-core-1.3.jar:/home/user/.m2/repository/org/openjdk/jmh/jmh-core/1.19/jmh-core-1.19.jar:/home/user/.m2/repository/net/sf/jopt-simple/jopt-simple/4.6/jopt-simple-4.6.jar:/home/user/.m2/repository/org/apache/commons/commons-math3/3.1.1/commons-math3-3.1.1.jar:/home/user/.m2/repository/org/openjdk/jmh/jmh-generator-annprocess/1.19/jmh-generator-annprocess-1.19.jar:/home/user/.m2/repository/org/mockito/mockito-all/1.8.5/mockito-all-1.8.5.jar:/home/user/.m2/repository/org/apache/hadoop/hadoop-kms/3.2.0/hadoop-kms-3.2.0.jar:/home/user/.m2/repository/org/apache/hadoop/hadoop-auth/3.2.0/hadoop-auth-3.2.0.jar:/home/user/.m2/repository/com/nimbusds/nimbus-jose-jwt/4.41.1/nimbus-jose-jwt-4.41.1.jar:/home/user/.m2/repository/com/github/stephenc/jcip/jcip-annotations/1.0-1/jcip-annotations-1.0-1.jar:/home/user/.m2/repository/net/minidev/json-smart/2.3/json-smart-2.3.jar:/home/user/.m2/repository/net/minidev/accessors-smart/1.2/accessors-smart-1.2.jar:/home/user/.m2/repository/org/ow2/asm/asm/5.0.4/asm-5.0.4.jar:/home/user/.m2/repository/org/apache/curator/curator-framework/2.12.0/curator-framework-2.12.0.jar:/home/user/.m2/repository/com/sun/jersey/jersey-core/1.19/jersey-core-1.19.jar:/home/user/.m2/repository/javax/ws/rs/jsr311-api/1.1.1/jsr311-api-1.1.1.jar:/home/user/.m2/repository/com/sun/jersey/jersey-server/1.19/jersey-server-1.19.jar:/home/user/.m2/repository/javax/servlet/javax.servlet-api/3.1.0/javax.servlet-api-3.1.0.jar:/home/user/.m2/repository/org/eclipse/jetty/jetty-server/9.3.25.v20180904/jetty-server-9.3.25.v20180904.jar:/home/user/.m2/repository/org/eclipse/jetty/jetty-http/9.3.25.v20180904/jetty-http-9.3.25.v20180904.jar:/home/user/.m2/repository/org/eclipse/jetty/jetty-io/9.3.25.v20180904/jetty-io-9.3.25.v20180904.jar:/home/user/.m2/repository/org/eclipse/jetty/jetty-webapp/9.3.25.v20180904/jetty-webapp-9.3.25.v20180904.jar:/home/user/.m2/repository/org/eclipse/jetty/jetty-xml/9.3.25.v20180904/jetty-xml-9.3.25.v20180904.jar:/home/user/.m2/repository/log4j/log4j/1.2.17/log4j-1.2.17.jar:/home/user/.m2/repository/org/slf4j/slf4j-api/1.7.25/slf4j-api-1.7.25.jar:/home/user/.m2/repository/org/slf4j/jul-to-slf4j/1.7.25/jul-to-slf4j-1.7.25.jar:/home/user/.m2/repository/org/eclipse/jetty/jetty-util/9.3.25.v20180904/jetty-util-9.3.25.v20180904.jar:/home/user/.m2/repository/com/fasterxml/jackson/core/jackson-databind/2.9.9/jackson-databind-2.9.9.jar:/home/user/.m2/repository/org/apache/hadoop/hadoop-kms/3.2.0/hadoop-kms-3.2.0-tests.jar:/home/user/.m2/repository/org/apache/hadoop/hadoop-hdds-server-scm/0.5.0-SNAPSHOT/hadoop-hdds-server-scm-0.5.0-SNAPSHOT-tests.jar:/home/user/.m2/repository/org/apache/hadoop/hadoop-hdds-container-service/0.5.0-SNAPSHOT/hadoop-hdds-container-service-0.5.0-SNAPSHOT-tests.jar:/home/user/.m2/repository/org/yaml/snakeyaml/1.16/snakeyaml-1.16.jar:/home/user/.m2/repository/org/apache/hadoop/hadoop-common/3.2.0/hadoop-common-3.2.0-tests.jar:/home/user/.m2/repository/org/apache/hadoop/hadoop-annotations/3.2.0/hadoop-annotations-3.2.0.jar:/usr/lib/jvm/java-1.8-openjdk/jre/../lib/tools.jar:/home/user/.m2/repository/commons-cli/commons-cli/1.2/commons-cli-1.2.jar:/home/user/.m2/repository/org/apache/httpcomponents/httpclient/4.5.2/httpclient-4.5.2.jar:/home/user/.m2/repository/org/apache/httpcomponents/httpcore/4.4.4/httpcore-4.4.4.jar:/home/user/.m2/repository/commons-codec/commons-codec/1.11/commons-codec-1.11.jar:/home/user/.m2/repository/commons-net/commons-net/3.6/commons-net-3.6.jar:/home/user/.m2/repository/commons-collections/commons-collections/3.2.2/commons-collections-3.2.2.jar:/home/user/.m2/repository/org/eclipse/jetty/jetty-servlet/9.3.25.v20180904/jetty-servlet-9.3.25.v20180904.jar:/home/user/.m2/repository/org/eclipse/jetty/jetty-security/9.3.25.v20180904/jetty-security-9.3.25.v20180904.jar:/home/user/.m2/repository/javax/servlet/jsp/jsp-api/2.1/jsp-api-2.1.jar:/home/user/.m2/repository/com/sun/jersey/jersey-servlet/1.19/jersey-servlet-1.19.jar:/home/user/.m2/repository/com/sun/jersey/jersey-json/1.19/jersey-json-1.19.jar:/home/user/.m2/repository/org/codehaus/jettison/jettison/1.1/jettison-1.1.jar:/home/user/.m2/repository/org/codehaus/jackson/jackson-core-asl/1.9.13/jackson-core-asl-1.9.13.jar:/home/user/.m2/repository/org/codehaus/jackson/jackson-mapper-asl/1.9.13/jackson-mapper-asl-1.9.13.jar:/home/user/.m2/repository/org/codehaus/jackson/jackson-jaxrs/1.9.13/jackson-jaxrs-1.9.13.jar:/home/user/.m2/repository/org/codehaus/jackson/jackson-xc/1.9.13/jackson-xc-1.9.13.jar:/home/user/.m2/repository/commons-logging/commons-logging/1.1.3/commons-logging-1.1.3.jar:/home/user/.m2/repository/commons-beanutils/commons-beanutils/1.9.4/commons-beanutils-1.9.4.jar:/home/user/.m2/repository/org/apache/commons/commons-configuration2/2.1.1/commons-configuration2-2.1.1.jar:/home/user/.m2/repository/org/apache/commons/commons-lang3/3.7/commons-lang3-3.7.jar:/home/user/.m2/repository/org/apache/commons/commons-text/1.4/commons-text-1.4.jar:/home/user/.m2/repository/org/apache/avro/avro/1.7.7/avro-1.7.7.jar:/home/user/.m2/repository/com/thoughtworks/paranamer/paranamer/2.3/paranamer-2.3.jar:/home/user/.m2/repository/org/xerial/snappy/snappy-java/1.0.5/snappy-java-1.0.5.jar:/home/user/.m2/repository/com/google/re2j/re2j/1.1/re2j-1.1.jar:/home/user/.m2/repository/com/google/code/gson/gson/2.2.4/gson-2.2.4.jar:/home/user/.m2/repository/com/jcraft/jsch/0.1.54/jsch-0.1.54.jar:/home/user/.m2/repository/org/apache/curator/curator-client/2.12.0/curator-client-2.12.0.jar:/home/user/.m2/repository/org/apache/curator/curator-recipes/2.12.0/curator-recipes-2.12.0.jar:/home/user/.m2/repository/com/google/code/findbugs/jsr305/3.0.0/jsr305-3.0.0.jar:/home/user/.m2/repository/org/apache/htrace/htrace-core4/4.1.0-incubating/htrace-core4-4.1.0-incubating.jar:/home/user/.m2/repository/org/apache/zookeeper/zookeeper/3.4.13/zookeeper-3.4.13.jar:/home/user/.m2/repository/jline/jline/0.9.94/jline-0.9.94.jar:/home/user/.m2/repository/org/apache/yetus/audience-annotations/0.5.0/audience-annotations-0.5.0.jar:/home/user/.m2/repository/org/codehaus/woodstox/stax2-api/3.1.4/stax2-api-3.1.4.jar:/home/user/.m2/repository/com/fasterxml/woodstox/woodstox-core/5.0.3/woodstox-core-5.0.3.jar:/home/user/.m2/repository/dnsjava/dnsjava/2.1.7/dnsjava-2.1.7.jar:/home/user/.m2/repository/org/apache/hadoop/hadoop-hdfs/3.2.0/hadoop-hdfs-3.2.0-tests.jar:/home/user/.m2/repository/org/eclipse/jetty/jetty-util-ajax/9.3.25.v20180904/jetty-util-ajax-9.3.25.v20180904.jar:/home/user/.m2/repository/commons-daemon/commons-daemon/1.0.13/commons-daemon-1.0.13.jar:/home/user/.m2/repository/io/netty/netty/3.10.5.Final/netty-3.10.5.Final.jar:/home/user/.m2/repository/io/netty/netty-all/4.0.52.Final/netty-all-4.0.52.Final.jar:/home/user/.m2/repository/org/fusesource/leveldbjni/leveldbjni-all/1.8/leveldbjni-all-1.8.jar:"/>
    <property name="java.vm.vendor" value="IcedTea"/>
    <property name="sun.arch.data.model" value="64"/>
    <property name="test.build.dir" value="/workdir/hadoop-ozone/integration-test/target/test-dir"/>
    <property name="test.cache.data" value=""/>
    <property name="java.vendor.url" value="https://icedtea.classpath.org"/>
    <property name="user.timezone" value=""/>
    <property name="java.vm.specification.version" value="1.8"/>
    <property name="os.name" value="Linux"/>
    <property name="test.build.data" value="/workdir/hadoop-ozone/integration-test/target/test-dir"/>
    <property name="user.country" value="US"/>
    <property name="sun.java.launcher" value="SUN_STANDARD"/>
    <property name="sun.boot.library.path" value="/usr/lib/jvm/java-1.8-openjdk/jre/lib/amd64"/>
    <property name="sun.java.command" value="/workdir/hadoop-ozone/integration-test/target/surefire/surefirebooter7870611569505395401.jar /workdir/hadoop-ozone/integration-test/target/surefire 2019-10-03T23-12-51_775-jvmRun1 surefire6485500286478828647tmp surefire_759168697775492626797tmp"/>
    <property name="test" value="!TestMiniChaosOzoneCluster"/>
    <property name="surefire.test.class.path" value="/workdir/hadoop-ozone/integration-test/target/test-classes:/workdir/hadoop-ozone/integration-test/target/classes:/home/user/.m2/repository/org/apache/hadoop/hadoop-ozone-common/0.5.0-SNAPSHOT/hadoop-ozone-common-0.5.0-SNAPSHOT.jar:/home/user/.m2/repository/org/apache/commons/commons-compress/1.4.1/commons-compress-1.4.1.jar:/home/user/.m2/repository/org/tukaani/xz/1.0/xz-1.0.jar:/home/user/.m2/repository/org/apache/hadoop/hadoop-common/3.2.0/hadoop-common-3.2.0.jar:/home/user/.m2/repository/org/apache/hadoop/hadoop-hdfs/3.2.0/hadoop-hdfs-3.2.0.jar:/home/user/.m2/repository/org/apache/hadoop/hadoop-hdfs-client/3.2.0/hadoop-hdfs-client-3.2.0.jar:/home/user/.m2/repository/com/fasterxml/jackson/core/jackson-annotations/2.9.9/jackson-annotations-2.9.9.jar:/home/user/.m2/repository/org/apache/hadoop/hadoop-hdds-common/0.5.0-SNAPSHOT/hadoop-hdds-common-0.5.0-SNAPSHOT.jar:/home/user/.m2/repository/javax/annotation/javax.annotation-api/1.2/javax.annotation-api-1.2.jar:/home/user/.m2/repository/org/apache/ratis/ratis-server/0.5.0-201fc85-SNAPSHOT/ratis-server-0.5.0-201fc85-SNAPSHOT.jar:/home/user/.m2/repository/org/apache/ratis/ratis-thirdparty-misc/0.2.0/ratis-thirdparty-misc-0.2.0.jar:/home/user/.m2/repository/org/apache/ratis/ratis-proto/0.5.0-201fc85-SNAPSHOT/ratis-proto-0.5.0-201fc85-SNAPSHOT.jar:/home/user/.m2/repository/org/apache/ratis/ratis-common/0.5.0-201fc85-SNAPSHOT/ratis-common-0.5.0-201fc85-SNAPSHOT.jar:/home/user/.m2/repository/org/apache/ratis/ratis-client/0.5.0-201fc85-SNAPSHOT/ratis-client-0.5.0-201fc85-SNAPSHOT.jar:/home/user/.m2/repository/org/apache/ratis/ratis-metrics/0.5.0-201fc85-SNAPSHOT/ratis-metrics-0.5.0-201fc85-SNAPSHOT.jar:/home/user/.m2/repository/com/github/joshelser/dropwizard-metrics-hadoop-metrics2-reporter/0.1.2/dropwizard-metrics-hadoop-metrics2-reporter-0.1.2.jar:/home/user/.m2/repository/io/dropwizard/metrics/metrics-jvm/3.2.5/metrics-jvm-3.2.5.jar:/home/user/.m2/repository/io/dropwizard/metrics/metrics-ganglia/3.2.5/metrics-ganglia-3.2.5.jar:/home/user/.m2/repository/info/ganglia/gmetric4j/gmetric4j/1.0.7/gmetric4j-1.0.7.jar:/home/user/.m2/repository/org/apache/ratis/ratis-netty/0.5.0-201fc85-SNAPSHOT/ratis-netty-0.5.0-201fc85-SNAPSHOT.jar:/home/user/.m2/repository/org/apache/ratis/ratis-grpc/0.5.0-201fc85-SNAPSHOT/ratis-grpc-0.5.0-201fc85-SNAPSHOT.jar:/home/user/.m2/repository/org/rocksdb/rocksdbjni/6.0.1/rocksdbjni-6.0.1.jar:/home/user/.m2/repository/org/apache/logging/log4j/log4j-api/2.11.0/log4j-api-2.11.0.jar:/home/user/.m2/repository/org/apache/logging/log4j/log4j-core/2.11.0/log4j-core-2.11.0.jar:/home/user/.m2/repository/com/lmax/disruptor/3.4.2/disruptor-3.4.2.jar:/home/user/.m2/repository/org/apache/commons/commons-pool2/2.6.0/commons-pool2-2.6.0.jar:/home/user/.m2/repository/org/bouncycastle/bcpkix-jdk15on/1.60/bcpkix-jdk15on-1.60.jar:/home/user/.m2/repository/commons-validator/commons-validator/1.6/commons-validator-1.6.jar:/home/user/.m2/repository/commons-digester/commons-digester/1.8.1/commons-digester-1.8.1.jar:/home/user/.m2/repository/io/jaegertracing/jaeger-client/0.34.0/jaeger-client-0.34.0.jar:/home/user/.m2/repository/io/jaegertracing/jaeger-thrift/0.34.0/jaeger-thrift-0.34.0.jar:/home/user/.m2/repository/org/apache/thrift/libthrift/0.12.0/libthrift-0.12.0.jar:/home/user/.m2/repository/com/squareup/okhttp3/okhttp/3.9.0/okhttp-3.9.0.jar:/home/user/.m2/repository/com/squareup/okio/okio/1.13.0/okio-1.13.0.jar:/home/user/.m2/repository/io/jaegertracing/jaeger-core/0.34.0/jaeger-core-0.34.0.jar:/home/user/.m2/repository/io/jaegertracing/jaeger-tracerresolver/0.34.0/jaeger-tracerresolver-0.34.0.jar:/home/user/.m2/repository/io/opentracing/contrib/opentracing-tracerresolver/0.1.5/opentracing-tracerresolver-0.1.5.jar:/home/user/.m2/repository/io/opentracing/opentracing-util/0.31.0/opentracing-util-0.31.0.jar:/home/user/.m2/repository/io/opentracing/opentracing-api/0.31.0/opentracing-api-0.31.0.jar:/home/user/.m2/repository/io/opentracing/opentracing-noop/0.31.0/opentracing-noop-0.31.0.jar:/home/user/.m2/repository/org/apache/hadoop/hadoop-hdds-server-framework/0.5.0-SNAPSHOT/hadoop-hdds-server-framework-0.5.0-SNAPSHOT.jar:/home/user/.m2/repository/org/apache/hadoop/hadoop-hdds-container-service/0.5.0-SNAPSHOT/hadoop-hdds-container-service-0.5.0-SNAPSHOT.jar:/home/user/.m2/repository/org/apache/hadoop/hadoop-hdds-client/0.5.0-SNAPSHOT/hadoop-hdds-client-0.5.0-SNAPSHOT.jar:/home/user/.m2/repository/org/apache/hadoop/hadoop-hdds-tools/0.5.0-SNAPSHOT/hadoop-hdds-tools-0.5.0-SNAPSHOT.jar:/home/user/.m2/repository/org/apache/hadoop/hadoop-hdds-server-scm/0.5.0-SNAPSHOT/hadoop-hdds-server-scm-0.5.0-SNAPSHOT.jar:/home/user/.m2/repository/org/apache/hadoop/hadoop-hdds-docs/0.5.0-SNAPSHOT/hadoop-hdds-docs-0.5.0-SNAPSHOT.jar:/home/user/.m2/repository/io/dropwizard/metrics/metrics-core/3.2.4/metrics-core-3.2.4.jar:/home/user/.m2/repository/org/hamcrest/hamcrest-all/1.3/hamcrest-all-1.3.jar:/home/user/.m2/repository/org/bouncycastle/bcprov-jdk15on/1.60/bcprov-jdk15on-1.60.jar:/home/user/.m2/repository/info/picocli/picocli/3.9.6/picocli-3.9.6.jar:/home/user/.m2/repository/com/google/protobuf/protobuf-java/2.5.0/protobuf-java-2.5.0.jar:/home/user/.m2/repository/com/google/guava/guava/11.0.2/guava-11.0.2.jar:/home/user/.m2/repository/org/apache/hadoop/hadoop-ozone-ozone-manager/0.5.0-SNAPSHOT/hadoop-ozone-ozone-manager-0.5.0-SNAPSHOT.jar:/home/user/.m2/repository/org/apache/hadoop/hadoop-minikdc/3.2.0/hadoop-minikdc-3.2.0.jar:/home/user/.m2/repository/commons-io/commons-io/2.5/commons-io-2.5.jar:/home/user/.m2/repository/org/apache/kerby/kerb-simplekdc/1.0.1/kerb-simplekdc-1.0.1.jar:/home/user/.m2/repository/org/apache/kerby/kerb-client/1.0.1/kerb-client-1.0.1.jar:/home/user/.m2/repository/org/apache/kerby/kerby-config/1.0.1/kerby-config-1.0.1.jar:/home/user/.m2/repository/org/apache/kerby/kerb-core/1.0.1/kerb-core-1.0.1.jar:/home/user/.m2/repository/org/apache/kerby/kerby-pkix/1.0.1/kerby-pkix-1.0.1.jar:/home/user/.m2/repository/org/apache/kerby/kerby-asn1/1.0.1/kerby-asn1-1.0.1.jar:/home/user/.m2/repository/org/apache/kerby/kerby-util/1.0.1/kerby-util-1.0.1.jar:/home/user/.m2/repository/org/apache/kerby/kerb-common/1.0.1/kerb-common-1.0.1.jar:/home/user/.m2/repository/org/apache/kerby/kerb-crypto/1.0.1/kerb-crypto-1.0.1.jar:/home/user/.m2/repository/org/apache/kerby/kerb-util/1.0.1/kerb-util-1.0.1.jar:/home/user/.m2/repository/org/apache/kerby/token-provider/1.0.1/token-provider-1.0.1.jar:/home/user/.m2/repository/org/apache/kerby/kerb-admin/1.0.1/kerb-admin-1.0.1.jar:/home/user/.m2/repository/org/apache/kerby/kerb-server/1.0.1/kerb-server-1.0.1.jar:/home/user/.m2/repository/org/apache/kerby/kerb-identity/1.0.1/kerb-identity-1.0.1.jar:/home/user/.m2/repository/org/apache/kerby/kerby-xdr/1.0.1/kerby-xdr-1.0.1.jar:/home/user/.m2/repository/org/slf4j/slf4j-log4j12/1.7.25/slf4j-log4j12-1.7.25.jar:/home/user/.m2/repository/org/apache/hadoop/hadoop-ozone-s3gateway/0.5.0-SNAPSHOT/hadoop-ozone-s3gateway-0.5.0-SNAPSHOT.jar:/home/user/.m2/repository/org/jboss/weld/servlet/weld-servlet/2.4.7.Final/weld-servlet-2.4.7.Final.jar:/home/user/.m2/repository/org/glassfish/jersey/containers/jersey-container-servlet-core/2.27/jersey-container-servlet-core-2.27.jar:/home/user/.m2/repository/org/glassfish/hk2/external/javax.inject/2.5.0-b42/javax.inject-2.5.0-b42.jar:/home/user/.m2/repository/org/glassfish/jersey/core/jersey-common/2.27/jersey-common-2.27.jar:/home/user/.m2/repository/org/glassfish/hk2/osgi-resource-locator/1.0.1/osgi-resource-locator-1.0.1.jar:/home/user/.m2/repository/javax/ws/rs/javax.ws.rs-api/2.1/javax.ws.rs-api-2.1.jar:/home/user/.m2/repository/org/glassfish/jersey/ext/cdi/jersey-cdi1x/2.27/jersey-cdi1x-2.27.jar:/home/user/.m2/repository/org/glassfish/jersey/inject/jersey-hk2/2.27/jersey-hk2-2.27.jar:/home/user/.m2/repository/org/glassfish/hk2/hk2-locator/2.5.0-b42/hk2-locator-2.5.0-b42.jar:/home/user/.m2/repository/org/javassist/javassist/3.22.0-CR2/javassist-3.22.0-CR2.jar:/home/user/.m2/repository/org/glassfish/hk2/hk2-api/2.5.0/hk2-api-2.5.0.jar:/home/user/.m2/repository/org/glassfish/hk2/external/jakarta.inject/2.5.0/jakarta.inject-2.5.0.jar:/home/user/.m2/repository/org/glassfish/hk2/hk2-utils/2.5.0/hk2-utils-2.5.0.jar:/home/user/.m2/repository/jakarta/annotation/jakarta.annotation-api/1.3.4/jakarta.annotation-api-1.3.4.jar:/home/user/.m2/repository/org/glassfish/hk2/external/aopalliance-repackaged/2.5.0/aopalliance-repackaged-2.5.0.jar:/home/user/.m2/repository/com/fasterxml/jackson/dataformat/jackson-dataformat-xml/2.9.0/jackson-dataformat-xml-2.9.0.jar:/home/user/.m2/repository/com/fasterxml/jackson/core/jackson-core/2.9.9/jackson-core-2.9.9.jar:/home/user/.m2/repository/com/fasterxml/jackson/module/jackson-module-jaxb-annotations/2.9.9/jackson-module-jaxb-annotations-2.9.9.jar:/home/user/.m2/repository/javax/enterprise/cdi-api/1.2/cdi-api-1.2.jar:/home/user/.m2/repository/javax/el/javax.el-api/3.0.0/javax.el-api-3.0.0.jar:/home/user/.m2/repository/javax/interceptor/javax.interceptor-api/1.2/javax.interceptor-api-1.2.jar:/home/user/.m2/repository/javax/inject/javax.inject/1/javax.inject-1.jar:/home/user/.m2/repository/com/sun/xml/bind/jaxb-impl/2.3.0.1/jaxb-impl-2.3.0.1.jar:/home/user/.m2/repository/com/sun/xml/bind/jaxb-core/2.3.0.1/jaxb-core-2.3.0.1.jar:/home/user/.m2/repository/javax/xml/bind/jaxb-api/2.3.0/jaxb-api-2.3.0.jar:/home/user/.m2/repository/javax/activation/activation/1.1.1/activation-1.1.1.jar:/home/user/.m2/repository/org/apache/hadoop/hadoop-ozone-csi/0.5.0-SNAPSHOT/hadoop-ozone-csi-0.5.0-SNAPSHOT.jar:/home/user/.m2/repository/com/google/protobuf/protobuf-java-util/3.5.1/protobuf-java-util-3.5.1.jar:/home/user/.m2/repository/org/apache/hadoop/hadoop-hdds-config/0.5.0-SNAPSHOT/hadoop-hdds-config-0.5.0-SNAPSHOT.jar:/home/user/.m2/repository/io/grpc/grpc-netty/1.17.1/grpc-netty-1.17.1.jar:/home/user/.m2/repository/io/grpc/grpc-core/1.17.1/grpc-core-1.17.1.jar:/home/user/.m2/repository/io/grpc/grpc-context/1.17.1/grpc-context-1.17.1.jar:/home/user/.m2/repository/com/google/errorprone/error_prone_annotations/2.2.0/error_prone_annotations-2.2.0.jar:/home/user/.m2/repository/org/codehaus/mojo/animal-sniffer-annotations/1.17/animal-sniffer-annotations-1.17.jar:/home/user/.m2/repository/io/opencensus/opencensus-api/0.17.0/opencensus-api-0.17.0.jar:/home/user/.m2/repository/io/opencensus/opencensus-contrib-grpc-metrics/0.17.0/opencensus-contrib-grpc-metrics-0.17.0.jar:/home/user/.m2/repository/io/netty/netty-codec-http2/4.1.30.Final/netty-codec-http2-4.1.30.Final.jar:/home/user/.m2/repository/io/netty/netty-codec-http/4.1.30.Final/netty-codec-http-4.1.30.Final.jar:/home/user/.m2/repository/io/netty/netty-codec/4.1.30.Final/netty-codec-4.1.30.Final.jar:/home/user/.m2/repository/io/netty/netty-handler/4.1.30.Final/netty-handler-4.1.30.Final.jar:/home/user/.m2/repository/io/netty/netty-handler-proxy/4.1.30.Final/netty-handler-proxy-4.1.30.Final.jar:/home/user/.m2/repository/io/netty/netty-codec-socks/4.1.30.Final/netty-codec-socks-4.1.30.Final.jar:/home/user/.m2/repository/io/netty/netty-transport-native-epoll/4.1.30.Final/netty-transport-native-epoll-4.1.30.Final.jar:/home/user/.m2/repository/io/netty/netty-common/4.1.30.Final/netty-common-4.1.30.Final.jar:/home/user/.m2/repository/io/netty/netty-buffer/4.1.30.Final/netty-buffer-4.1.30.Final.jar:/home/user/.m2/repository/io/netty/netty-transport/4.1.30.Final/netty-transport-4.1.30.Final.jar:/home/user/.m2/repository/io/netty/netty-resolver/4.1.30.Final/netty-resolver-4.1.30.Final.jar:/home/user/.m2/repository/io/netty/netty-transport-native-unix-common/4.1.30.Final/netty-transport-native-unix-common-4.1.30.Final.jar:/home/user/.m2/repository/io/grpc/grpc-protobuf/1.17.1/grpc-protobuf-1.17.1.jar:/home/user/.m2/repository/com/google/api/grpc/proto-google-common-protos/1.0.0/proto-google-common-protos-1.0.0.jar:/home/user/.m2/repository/io/grpc/grpc-protobuf-lite/1.17.1/grpc-protobuf-lite-1.17.1.jar:/home/user/.m2/repository/io/grpc/grpc-stub/1.17.1/grpc-stub-1.17.1.jar:/home/user/.m2/repository/org/apache/hadoop/hadoop-ozone-recon/0.5.0-SNAPSHOT/hadoop-ozone-recon-0.5.0-SNAPSHOT.jar:/home/user/.m2/repository/org/apache/hadoop/hadoop-ozone-reconcodegen/0.5.0-SNAPSHOT/hadoop-ozone-reconcodegen-0.5.0-SNAPSHOT.jar:/home/user/.m2/repository/com/google/inject/extensions/guice-multibindings/4.0/guice-multibindings-4.0.jar:/home/user/.m2/repository/com/google/inject/guice/4.0/guice-4.0.jar:/home/user/.m2/repository/aopalliance/aopalliance/1.0/aopalliance-1.0.jar:/home/user/.m2/repository/com/google/inject/extensions/guice-servlet/4.0/guice-servlet-4.0.jar:/home/user/.m2/repository/org/glassfish/jersey/containers/jersey-container-servlet/2.27/jersey-container-servlet-2.27.jar:/home/user/.m2/repository/org/glassfish/hk2/guice-bridge/2.5.0/guice-bridge-2.5.0.jar:/home/user/.m2/repository/org/glassfish/jersey/core/jersey-server/2.27/jersey-server-2.27.jar:/home/user/.m2/repository/org/glassfish/jersey/core/jersey-client/2.27/jersey-client-2.27.jar:/home/user/.m2/repository/org/glassfish/jersey/media/jersey-media-jaxb/2.27/jersey-media-jaxb-2.27.jar:/home/user/.m2/repository/javax/validation/validation-api/1.1.0.Final/validation-api-1.1.0.Final.jar:/home/user/.m2/repository/org/glassfish/jersey/media/jersey-media-json-jackson/2.27/jersey-media-json-jackson-2.27.jar:/home/user/.m2/repository/org/glassfish/jersey/ext/jersey-entity-filtering/2.27/jersey-entity-filtering-2.27.jar:/home/user/.m2/repository/com/google/inject/extensions/guice-assistedinject/4.0/guice-assistedinject-4.0.jar:/home/user/.m2/repository/org/jooq/jooq/3.11.10/jooq-3.11.10.jar:/home/user/.m2/repository/org/jooq/jooq-meta/3.11.10/jooq-meta-3.11.10.jar:/home/user/.m2/repository/org/jooq/jooq-codegen/3.11.10/jooq-codegen-3.11.10.jar:/home/user/.m2/repository/com/jolbox/bonecp/0.8.0.RELEASE/bonecp-0.8.0.RELEASE.jar:/home/user/.m2/repository/org/xerial/sqlite-jdbc/3.25.2/sqlite-jdbc-3.25.2.jar:/home/user/.m2/repository/org/springframework/spring-jdbc/5.1.3.RELEASE/spring-jdbc-5.1.3.RELEASE.jar:/home/user/.m2/repository/org/springframework/spring-beans/5.1.3.RELEASE/spring-beans-5.1.3.RELEASE.jar:/home/user/.m2/repository/org/springframework/spring-core/5.1.3.RELEASE/spring-core-5.1.3.RELEASE.jar:/home/user/.m2/repository/org/springframework/spring-jcl/5.1.3.RELEASE/spring-jcl-5.1.3.RELEASE.jar:/home/user/.m2/repository/org/springframework/spring-tx/5.1.3.RELEASE/spring-tx-5.1.3.RELEASE.jar:/home/user/.m2/repository/org/apache/hadoop/hadoop-ozone-client/0.5.0-SNAPSHOT/hadoop-ozone-client-0.5.0-SNAPSHOT.jar:/home/user/.m2/repository/commons-lang/commons-lang/2.6/commons-lang-2.6.jar:/home/user/.m2/repository/org/apache/hadoop/hadoop-ozone-ozone-manager/0.5.0-SNAPSHOT/hadoop-ozone-ozone-manager-0.5.0-SNAPSHOT-tests.jar:/home/user/.m2/repository/junit/junit/4.11/junit-4.11.jar:/home/user/.m2/repository/org/hamcrest/hamcrest-core/1.3/hamcrest-core-1.3.jar:/home/user/.m2/repository/org/openjdk/jmh/jmh-core/1.19/jmh-core-1.19.jar:/home/user/.m2/repository/net/sf/jopt-simple/jopt-simple/4.6/jopt-simple-4.6.jar:/home/user/.m2/repository/org/apache/commons/commons-math3/3.1.1/commons-math3-3.1.1.jar:/home/user/.m2/repository/org/openjdk/jmh/jmh-generator-annprocess/1.19/jmh-generator-annprocess-1.19.jar:/home/user/.m2/repository/org/mockito/mockito-all/1.8.5/mockito-all-1.8.5.jar:/home/user/.m2/repository/org/apache/hadoop/hadoop-kms/3.2.0/hadoop-kms-3.2.0.jar:/home/user/.m2/repository/org/apache/hadoop/hadoop-auth/3.2.0/hadoop-auth-3.2.0.jar:/home/user/.m2/repository/com/nimbusds/nimbus-jose-jwt/4.41.1/nimbus-jose-jwt-4.41.1.jar:/home/user/.m2/repository/com/github/stephenc/jcip/jcip-annotations/1.0-1/jcip-annotations-1.0-1.jar:/home/user/.m2/repository/net/minidev/json-smart/2.3/json-smart-2.3.jar:/home/user/.m2/repository/net/minidev/accessors-smart/1.2/accessors-smart-1.2.jar:/home/user/.m2/repository/org/ow2/asm/asm/5.0.4/asm-5.0.4.jar:/home/user/.m2/repository/org/apache/curator/curator-framework/2.12.0/curator-framework-2.12.0.jar:/home/user/.m2/repository/com/sun/jersey/jersey-core/1.19/jersey-core-1.19.jar:/home/user/.m2/repository/javax/ws/rs/jsr311-api/1.1.1/jsr311-api-1.1.1.jar:/home/user/.m2/repository/com/sun/jersey/jersey-server/1.19/jersey-server-1.19.jar:/home/user/.m2/repository/javax/servlet/javax.servlet-api/3.1.0/javax.servlet-api-3.1.0.jar:/home/user/.m2/repository/org/eclipse/jetty/jetty-server/9.3.25.v20180904/jetty-server-9.3.25.v20180904.jar:/home/user/.m2/repository/org/eclipse/jetty/jetty-http/9.3.25.v20180904/jetty-http-9.3.25.v20180904.jar:/home/user/.m2/repository/org/eclipse/jetty/jetty-io/9.3.25.v20180904/jetty-io-9.3.25.v20180904.jar:/home/user/.m2/repository/org/eclipse/jetty/jetty-webapp/9.3.25.v20180904/jetty-webapp-9.3.25.v20180904.jar:/home/user/.m2/repository/org/eclipse/jetty/jetty-xml/9.3.25.v20180904/jetty-xml-9.3.25.v20180904.jar:/home/user/.m2/repository/log4j/log4j/1.2.17/log4j-1.2.17.jar:/home/user/.m2/repository/org/slf4j/slf4j-api/1.7.25/slf4j-api-1.7.25.jar:/home/user/.m2/repository/org/slf4j/jul-to-slf4j/1.7.25/jul-to-slf4j-1.7.25.jar:/home/user/.m2/repository/org/eclipse/jetty/jetty-util/9.3.25.v20180904/jetty-util-9.3.25.v20180904.jar:/home/user/.m2/repository/com/fasterxml/jackson/core/jackson-databind/2.9.9/jackson-databind-2.9.9.jar:/home/user/.m2/repository/org/apache/hadoop/hadoop-kms/3.2.0/hadoop-kms-3.2.0-tests.jar:/home/user/.m2/repository/org/apache/hadoop/hadoop-hdds-server-scm/0.5.0-SNAPSHOT/hadoop-hdds-server-scm-0.5.0-SNAPSHOT-tests.jar:/home/user/.m2/repository/org/apache/hadoop/hadoop-hdds-container-service/0.5.0-SNAPSHOT/hadoop-hdds-container-service-0.5.0-SNAPSHOT-tests.jar:/home/user/.m2/repository/org/yaml/snakeyaml/1.16/snakeyaml-1.16.jar:/home/user/.m2/repository/org/apache/hadoop/hadoop-common/3.2.0/hadoop-common-3.2.0-tests.jar:/home/user/.m2/repository/org/apache/hadoop/hadoop-annotations/3.2.0/hadoop-annotations-3.2.0.jar:/usr/lib/jvm/java-1.8-openjdk/jre/../lib/tools.jar:/home/user/.m2/repository/commons-cli/commons-cli/1.2/commons-cli-1.2.jar:/home/user/.m2/repository/org/apache/httpcomponents/httpclient/4.5.2/httpclient-4.5.2.jar:/home/user/.m2/repository/org/apache/httpcomponents/httpcore/4.4.4/httpcore-4.4.4.jar:/home/user/.m2/repository/commons-codec/commons-codec/1.11/commons-codec-1.11.jar:/home/user/.m2/repository/commons-net/commons-net/3.6/commons-net-3.6.jar:/home/user/.m2/repository/commons-collections/commons-collections/3.2.2/commons-collections-3.2.2.jar:/home/user/.m2/repository/org/eclipse/jetty/jetty-servlet/9.3.25.v20180904/jetty-servlet-9.3.25.v20180904.jar:/home/user/.m2/repository/org/eclipse/jetty/jetty-security/9.3.25.v20180904/jetty-security-9.3.25.v20180904.jar:/home/user/.m2/repository/javax/servlet/jsp/jsp-api/2.1/jsp-api-2.1.jar:/home/user/.m2/repository/com/sun/jersey/jersey-servlet/1.19/jersey-servlet-1.19.jar:/home/user/.m2/repository/com/sun/jersey/jersey-json/1.19/jersey-json-1.19.jar:/home/user/.m2/repository/org/codehaus/jettison/jettison/1.1/jettison-1.1.jar:/home/user/.m2/repository/org/codehaus/jackson/jackson-core-asl/1.9.13/jackson-core-asl-1.9.13.jar:/home/user/.m2/repository/org/codehaus/jackson/jackson-mapper-asl/1.9.13/jackson-mapper-asl-1.9.13.jar:/home/user/.m2/repository/org/codehaus/jackson/jackson-jaxrs/1.9.13/jackson-jaxrs-1.9.13.jar:/home/user/.m2/repository/org/codehaus/jackson/jackson-xc/1.9.13/jackson-xc-1.9.13.jar:/home/user/.m2/repository/commons-logging/commons-logging/1.1.3/commons-logging-1.1.3.jar:/home/user/.m2/repository/commons-beanutils/commons-beanutils/1.9.4/commons-beanutils-1.9.4.jar:/home/user/.m2/repository/org/apache/commons/commons-configuration2/2.1.1/commons-configuration2-2.1.1.jar:/home/user/.m2/repository/org/apache/commons/commons-lang3/3.7/commons-lang3-3.7.jar:/home/user/.m2/repository/org/apache/commons/commons-text/1.4/commons-text-1.4.jar:/home/user/.m2/repository/org/apache/avro/avro/1.7.7/avro-1.7.7.jar:/home/user/.m2/repository/com/thoughtworks/paranamer/paranamer/2.3/paranamer-2.3.jar:/home/user/.m2/repository/org/xerial/snappy/snappy-java/1.0.5/snappy-java-1.0.5.jar:/home/user/.m2/repository/com/google/re2j/re2j/1.1/re2j-1.1.jar:/home/user/.m2/repository/com/google/code/gson/gson/2.2.4/gson-2.2.4.jar:/home/user/.m2/repository/com/jcraft/jsch/0.1.54/jsch-0.1.54.jar:/home/user/.m2/repository/org/apache/curator/curator-client/2.12.0/curator-client-2.12.0.jar:/home/user/.m2/repository/org/apache/curator/curator-recipes/2.12.0/curator-recipes-2.12.0.jar:/home/user/.m2/repository/com/google/code/findbugs/jsr305/3.0.0/jsr305-3.0.0.jar:/home/user/.m2/repository/org/apache/htrace/htrace-core4/4.1.0-incubating/htrace-core4-4.1.0-incubating.jar:/home/user/.m2/repository/org/apache/zookeeper/zookeeper/3.4.13/zookeeper-3.4.13.jar:/home/user/.m2/repository/jline/jline/0.9.94/jline-0.9.94.jar:/home/user/.m2/repository/org/apache/yetus/audience-annotations/0.5.0/audience-annotations-0.5.0.jar:/home/user/.m2/repository/org/codehaus/woodstox/stax2-api/3.1.4/stax2-api-3.1.4.jar:/home/user/.m2/repository/com/fasterxml/woodstox/woodstox-core/5.0.3/woodstox-core-5.0.3.jar:/home/user/.m2/repository/dnsjava/dnsjava/2.1.7/dnsjava-2.1.7.jar:/home/user/.m2/repository/org/apache/hadoop/hadoop-hdfs/3.2.0/hadoop-hdfs-3.2.0-tests.jar:/home/user/.m2/repository/org/eclipse/jetty/jetty-util-ajax/9.3.25.v20180904/jetty-util-ajax-9.3.25.v20180904.jar:/home/user/.m2/repository/commons-daemon/commons-daemon/1.0.13/commons-daemon-1.0.13.jar:/home/user/.m2/repository/io/netty/netty/3.10.5.Final/netty-3.10.5.Final.jar:/home/user/.m2/repository/io/netty/netty-all/4.0.52.Final/netty-all-4.0.52.Final.jar:/home/user/.m2/repository/org/fusesource/leveldbjni/leveldbjni-all/1.8/leveldbjni-all-1.8.jar:"/>
    <property name="sun.cpu.endian" value="little"/>
    <property name="user.home" value="/home/user"/>
    <property name="user.language" value="en"/>
    <property name="java.specification.vendor" value="Oracle Corporation"/>
    <property name="java.home" value="/usr/lib/jvm/java-1.8-openjdk/jre"/>
    <property name="java.security.krb5.conf" value="/workdir/hadoop-ozone/integration-test/target/test-classes/krb5.conf"/>
    <property name="basedir" value="/workdir/hadoop-ozone/integration-test"/>
    <property name="file.separator" value="/"/>
    <property name="line.separator" value="&#10;"/>
    <property name="java.vm.specification.vendor" value="Oracle Corporation"/>
    <property name="java.specification.name" value="Java Platform API Specification"/>
    <property name="java.awt.graphicsenv" value="sun.awt.X11GraphicsEnvironment"/>
    <property name="surefire.real.class.path" value="/workdir/hadoop-ozone/integration-test/target/surefire/surefirebooter7870611569505395401.jar"/>
    <property name="hadoop.log.dir" value="/workdir/hadoop-ozone/integration-test/target/log"/>
    <property name="sun.boot.class.path" value="/usr/lib/jvm/java-1.8-openjdk/jre/lib/resources.jar:/usr/lib/jvm/java-1.8-openjdk/jre/lib/rt.jar:/usr/lib/jvm/java-1.8-openjdk/jre/lib/sunrsasign.jar:/usr/lib/jvm/java-1.8-openjdk/jre/lib/jsse.jar:/usr/lib/jvm/java-1.8-openjdk/jre/lib/jce.jar:/usr/lib/jvm/java-1.8-openjdk/jre/lib/charsets.jar:/usr/lib/jvm/java-1.8-openjdk/jre/lib/jfr.jar:/usr/lib/jvm/java-1.8-openjdk/jre/classes"/>
    <property name="sun.management.compiler" value="HotSpot 64-Bit Tiered Compilers"/>
    <property name="java.runtime.version" value="1.8.0_212-b04"/>
    <property name="java.net.preferIPv4Stack" value="true"/>
    <property name="user.name" value="jenkins1000"/>
    <property name="path.separator" value=":"/>
    <property name="java.security.egd" value="file:///dev/urandom"/>
    <property name="os.version" value="3.10.0-957.12.2.el7.x86_64"/>
    <property name="java.endorsed.dirs" value="/usr/lib/jvm/java-1.8-openjdk/jre/lib/endorsed"/>
    <property name="java.runtime.name" value="OpenJDK Runtime Environment"/>
    <property name="file.encoding" value="UTF-8"/>
    <property name="java.vm.name" value="OpenJDK 64-Bit Server VM"/>
    <property name="test.build.webapps" value=""/>
    <property name="localRepository" value="/home/user/.m2/repository"/>
    <property name="java.vendor.url.bug" value="https://icedtea.classpath.org/bugzilla"/>
    <property name="java.io.tmpdir" value="/tmp"/>
    <property name="require.test.libhadoop" value=""/>
    <property name="java.version" value="1.8.0_212"/>
    <property name="user.dir" value="/workdir/hadoop-ozone/integration-test"/>
    <property name="os.arch" value="amd64"/>
    <property name="java.vm.specification.name" value="Java Virtual Machine Specification"/>
    <property name="test.build.classes" value="/workdir/hadoop-ozone/integration-test/target/test-classes"/>
    <property name="java.awt.printerjob" value="sun.print.PSPrinterJob"/>
    <property name="sun.os.patch.level" value="unknown"/>
    <property name="hadoop.tmp.dir" value="/workdir/hadoop-ozone/integration-test/target/tmp"/>
    <property name="java.library.path" value="/usr/lib/jvm/java-1.8-openjdk/jre/lib/amd64/server:/usr/lib/jvm/java-1.8-openjdk/jre/lib/amd64:/usr/lib/jvm/java-1.8-openjdk/jre/../lib/amd64:/workdir/hadoop-ozone/integration-test/target/native/target/usr/local/lib:/workdir/hadoop-ozone/integration-test/../../hadoop-common-project/hadoop-common/target/native/target/usr/local/lib:/usr/java/packages/lib/amd64:/usr/lib64:/lib64:/lib:/usr/lib"/>
    <property name="java.vm.info" value="mixed mode"/>
    <property name="java.vendor" value="IcedTea"/>
    <property name="java.vm.version" value="25.212-b04"/>
    <property name="java.ext.dirs" value="/usr/lib/jvm/java-1.8-openjdk/jre/lib/ext:/usr/java/packages/lib/ext"/>
    <property name="sun.io.unicode.encoding" value="UnicodeLittle"/>
    <property name="java.class.version" value="52.0"/>
  </properties>
  <testcase name="testWatchForCommitWithKeyWrite" classname="org.apache.hadoop.ozone.client.rpc.TestWatchForCommit" time="60.815"/>
  <testcase name="testWatchForCommitWithSmallerTimeoutValue" classname="org.apache.hadoop.ozone.client.rpc.TestWatchForCommit" time="42.981"/>
  <testcase name="testWatchForCommitForRetryfailure" classname="org.apache.hadoop.ozone.client.rpc.TestWatchForCommit" time="61.193">
    <failure type="java.lang.AssertionError">java.lang.AssertionError
	at org.junit.Assert.fail(Assert.java:86)
	at org.junit.Assert.assertTrue(Assert.java:41)
	at org.junit.Assert.assertTrue(Assert.java:52)
	at org.apache.hadoop.ozone.client.rpc.TestWatchForCommit.testWatchForCommitForRetryfailure(TestWatchForCommit.java:348)
	at sun.reflect.NativeMethodAccessorImpl.invoke0(Native Method)
	at sun.reflect.NativeMethodAccessorImpl.invoke(NativeMethodAccessorImpl.java:62)
	at sun.reflect.DelegatingMethodAccessorImpl.invoke(DelegatingMethodAccessorImpl.java:43)
	at java.lang.reflect.Method.invoke(Method.java:498)
	at org.junit.runners.model.FrameworkMethod$1.runReflectiveCall(FrameworkMethod.java:47)
	at org.junit.internal.runners.model.ReflectiveCallable.run(ReflectiveCallable.java:12)
	at org.junit.runners.model.FrameworkMethod.invokeExplosively(FrameworkMethod.java:44)
	at org.junit.internal.runners.statements.InvokeMethod.evaluate(InvokeMethod.java:17)
	at org.junit.runners.ParentRunner.runLeaf(ParentRunner.java:271)
	at org.junit.runners.BlockJUnit4ClassRunner.runChild(BlockJUnit4ClassRunner.java:70)
	at org.junit.runners.BlockJUnit4ClassRunner.runChild(BlockJUnit4ClassRunner.java:50)
	at org.junit.runners.ParentRunner$3.run(ParentRunner.java:238)
	at org.junit.runners.ParentRunner$1.schedule(ParentRunner.java:63)
	at org.junit.runners.ParentRunner.runChildren(ParentRunner.java:236)
	at org.junit.runners.ParentRunner.access$000(ParentRunner.java:53)
	at org.junit.runners.ParentRunner$2.evaluate(ParentRunner.java:229)
	at org.junit.runners.ParentRunner.run(ParentRunner.java:309)
	at org.apache.maven.surefire.junit4.JUnit4Provider.execute(JUnit4Provider.java:365)
	at org.apache.maven.surefire.junit4.JUnit4Provider.executeWithRerun(JUnit4Provider.java:273)
	at org.apache.maven.surefire.junit4.JUnit4Provider.executeTestSet(JUnit4Provider.java:238)
	at org.apache.maven.surefire.junit4.JUnit4Provider.invoke(JUnit4Provider.java:159)
	at org.apache.maven.surefire.booter.ForkedBooter.invokeProviderInSameClassLoader(ForkedBooter.java:384)
	at org.apache.maven.surefire.booter.ForkedBooter.runSuitesInProcess(ForkedBooter.java:345)
	at org.apache.maven.surefire.booter.ForkedBooter.execute(ForkedBooter.java:126)
	at org.apache.maven.surefire.booter.ForkedBooter.main(ForkedBooter.java:418)
</failure>
    <system-out><![CDATA[2019-10-04 00:23:52,789 [main] WARN  server.ServerUtils (ServerUtils.java:getScmDbDir(145)) - ozone.scm.db.dirs is not configured. We recommend adding this setting. Falling back to ozone.metadata.dirs instead.
2019-10-04 00:23:52,817 [main] WARN  server.ServerUtils (ServerUtils.java:getScmDbDir(145)) - ozone.scm.db.dirs is not configured. We recommend adding this setting. Falling back to ozone.metadata.dirs instead.
2019-10-04 00:23:52,817 [main] WARN  server.ServerUtils (ServerUtils.java:getScmDbDir(145)) - ozone.scm.db.dirs is not configured. We recommend adding this setting. Falling back to ozone.metadata.dirs instead.
2019-10-04 00:23:52,818 [main] INFO  db.DBStoreBuilder (DBStoreBuilder.java:addTable(110)) - using custom profile for table: deletedBlocks
2019-10-04 00:23:52,818 [main] INFO  db.DBStoreBuilder (DBStoreBuilder.java:processTables(161)) - Using default column profile:DBProfile.DISK for Table:deletedBlocks
2019-10-04 00:23:52,819 [main] INFO  db.DBStoreBuilder (DBStoreBuilder.java:addTable(110)) - using custom profile for table: validCerts
2019-10-04 00:23:52,819 [main] INFO  db.DBStoreBuilder (DBStoreBuilder.java:processTables(161)) - Using default column profile:DBProfile.DISK for Table:validCerts
2019-10-04 00:23:52,819 [main] INFO  db.DBStoreBuilder (DBStoreBuilder.java:addTable(110)) - using custom profile for table: revokedCerts
2019-10-04 00:23:52,819 [main] INFO  db.DBStoreBuilder (DBStoreBuilder.java:processTables(161)) - Using default column profile:DBProfile.DISK for Table:revokedCerts
2019-10-04 00:23:52,819 [main] INFO  db.DBStoreBuilder (DBStoreBuilder.java:addTable(110)) - using custom profile for table: default
2019-10-04 00:23:52,820 [main] INFO  db.DBStoreBuilder (DBStoreBuilder.java:processTables(167)) - Using default column profile:DBProfile.DISK for Table:default
2019-10-04 00:23:52,820 [main] INFO  db.DBStoreBuilder (DBStoreBuilder.java:getDbProfile(198)) - Using default options. DBProfile.DISK
2019-10-04 00:23:53,014 [main] INFO  net.NodeSchemaLoader (NodeSchemaLoader.java:loadSchemaFromFile(125)) - Loading file from sun.misc.CompoundEnumeration@86d6bf7
2019-10-04 00:23:53,014 [main] INFO  net.NodeSchemaLoader (NodeSchemaLoader.java:loadSchema(171)) - Loading network topology layer schema file
2019-10-04 00:23:53,021 [main] WARN  server.ServerUtils (ServerUtils.java:sanitizeUserArgs(70)) - ozone.scm.stale.node.interval value = 300000 is larger than max = 100000 based on the key value of ozone.scm.heartbeat.thread.interval, reset to the max value 100000.
2019-10-04 00:23:53,022 [main] WARN  server.ServerUtils (ServerUtils.java:sanitizeUserArgs(70)) - ozone.scm.stale.node.interval value = 300000 is larger than max = 100000 based on the key value of ozone.scm.heartbeat.thread.interval, reset to the max value 100000.
2019-10-04 00:23:53,022 [main] INFO  node.SCMNodeManager (SCMNodeManager.java:<init>(114)) - Entering startup safe mode.
2019-10-04 00:23:53,023 [main] INFO  algorithms.ContainerPlacementPolicyFactory (ContainerPlacementPolicyFactory.java:getPolicy(57)) - Create container placement policy of type org.apache.hadoop.hdds.scm.container.placement.algorithms.SCMContainerPlacementRandom
2019-10-04 00:23:53,024 [main] WARN  server.ServerUtils (ServerUtils.java:getScmDbDir(145)) - ozone.scm.db.dirs is not configured. We recommend adding this setting. Falling back to ozone.metadata.dirs instead.
2019-10-04 00:23:53,075 [main] INFO  pipeline.SCMPipelineManager (SCMPipelineManager.java:initializePipelineState(132)) - No pipeline exists in current db
2019-10-04 00:23:53,075 [main] WARN  server.ServerUtils (ServerUtils.java:getScmDbDir(145)) - ozone.scm.db.dirs is not configured. We recommend adding this setting. Falling back to ozone.metadata.dirs instead.
2019-10-04 00:23:53,117 [main] WARN  events.EventQueue (EventQueue.java:fireEvent(183)) - No event handler registered for event TypedEvent{payloadType=SafeModeStatus, name='SafeModeStatus'}
2019-10-04 00:23:53,119 [main] INFO  ipc.CallQueueManager (CallQueueManager.java:<init>(84)) - Using callQueue: class java.util.concurrent.LinkedBlockingQueue, queueCapacity: 2000, scheduler: class org.apache.hadoop.ipc.DefaultRpcScheduler, ipcBackoff: false.
2019-10-04 00:23:53,120 [Socket Reader #1 for port 35540] INFO  ipc.Server (Server.java:run(1074)) - Starting Socket Reader #1 for port 35540
2019-10-04 00:23:53,122 [main] INFO  ipc.CallQueueManager (CallQueueManager.java:<init>(84)) - Using callQueue: class java.util.concurrent.LinkedBlockingQueue, queueCapacity: 2000, scheduler: class org.apache.hadoop.ipc.DefaultRpcScheduler, ipcBackoff: false.
2019-10-04 00:23:53,123 [Socket Reader #1 for port 37205] INFO  ipc.Server (Server.java:run(1074)) - Starting Socket Reader #1 for port 37205
2019-10-04 00:23:53,125 [main] INFO  ipc.CallQueueManager (CallQueueManager.java:<init>(84)) - Using callQueue: class java.util.concurrent.LinkedBlockingQueue, queueCapacity: 2000, scheduler: class org.apache.hadoop.ipc.DefaultRpcScheduler, ipcBackoff: false.
2019-10-04 00:23:53,126 [Socket Reader #1 for port 39541] INFO  ipc.Server (Server.java:run(1074)) - Starting Socket Reader #1 for port 39541
2019-10-04 00:23:53,129 [main] INFO  hdfs.DFSUtil (DFSUtil.java:httpServerTemplateForNNAndJN(1641)) - Starting Web-server for scm at: http://0.0.0.0:0
2019-10-04 00:23:53,131 [main] INFO  server.AuthenticationFilter (AuthenticationFilter.java:constructSecretProvider(240)) - Unable to initialize FileSignerSecretProvider, falling back to use random secrets.
2019-10-04 00:23:53,132 [main] WARN  http.HttpRequestLog (HttpRequestLog.java:getRequestLog(97)) - Jetty request log can only be enabled using Log4j
2019-10-04 00:23:53,134 [main] INFO  http.HttpServer2 (HttpServer2.java:addGlobalFilter(975)) - Added global filter 'safety' (class=org.apache.hadoop.http.HttpServer2$QuotingInputFilter)
2019-10-04 00:23:53,134 [main] INFO  http.HttpServer2 (HttpServer2.java:addFilter(948)) - Added filter static_user_filter (class=org.apache.hadoop.http.lib.StaticUserWebFilter$StaticUserFilter) to context scm
2019-10-04 00:23:53,134 [main] INFO  http.HttpServer2 (HttpServer2.java:addFilter(958)) - Added filter static_user_filter (class=org.apache.hadoop.http.lib.StaticUserWebFilter$StaticUserFilter) to context logs
2019-10-04 00:23:53,134 [main] INFO  http.HttpServer2 (HttpServer2.java:addFilter(958)) - Added filter static_user_filter (class=org.apache.hadoop.http.lib.StaticUserWebFilter$StaticUserFilter) to context static
2019-10-04 00:23:53,136 [main] INFO  server.StorageContainerManager (StorageContainerManager.java:start(770)) - StorageContainerLocationProtocol RPC server is listening at /0.0.0.0:39541
2019-10-04 00:23:53,139 [main] WARN  impl.MetricsConfig (MetricsConfig.java:loadFirst(134)) - Cannot locate configuration: tried hadoop-metrics2-storagecontainermanager.properties,hadoop-metrics2.properties
2019-10-04 00:23:53,140 [main] INFO  impl.MetricsSystemImpl (MetricsSystemImpl.java:startTimer(374)) - Scheduled Metric snapshot period at 10 second(s).
2019-10-04 00:23:53,140 [main] INFO  impl.MetricsSystemImpl (MetricsSystemImpl.java:start(191)) - StorageContainerManager metrics system started
2019-10-04 00:23:53,175 [main] INFO  lib.Interns (Interns.java:removeEldestEntry(50)) - Metrics intern cache overflow at 2011 for MetricsSystem={MetricsSystem=MetricsInfoImpl{name=MetricsSystem, description=MetricsSystem}, MetricsSystem record=MetricsInfoImpl{name=MetricsSystem, description=MetricsSystem record}}
2019-10-04 00:23:53,200 [main] WARN  impl.MetricsSystemImpl (MetricsSystemImpl.java:register(276)) - Sink prometheus already exists!
2019-10-04 00:23:53,261 [main] INFO  server.SCMClientProtocolServer (SCMClientProtocolServer.java:start(150)) - RPC server for Client  is listening at /0.0.0.0:39541
2019-10-04 00:23:53,262 [IPC Server Responder] INFO  ipc.Server (Server.java:run(1314)) - IPC Server Responder: starting
2019-10-04 00:23:53,262 [IPC Server listener on 39541] INFO  ipc.Server (Server.java:run(1153)) - IPC Server listener on 39541: starting
2019-10-04 00:23:53,266 [main] INFO  server.StorageContainerManager (StorageContainerManager.java:start(780)) - ScmBlockLocationProtocol RPC server is listening at /0.0.0.0:37205
2019-10-04 00:23:53,266 [main] INFO  server.SCMBlockProtocolServer (SCMBlockProtocolServer.java:start(146)) - RPC server for Block Protocol is listening at /0.0.0.0:37205
2019-10-04 00:23:53,266 [IPC Server Responder] INFO  ipc.Server (Server.java:run(1314)) - IPC Server Responder: starting
2019-10-04 00:23:53,267 [IPC Server listener on 37205] INFO  ipc.Server (Server.java:run(1153)) - IPC Server listener on 37205: starting
2019-10-04 00:23:53,271 [main] INFO  server.StorageContainerManager (StorageContainerManager.java:start(784)) - ScmDatanodeProtocl RPC server is listening at /0.0.0.0:35540
2019-10-04 00:23:53,271 [main] INFO  server.SCMDatanodeProtocolServer (SCMDatanodeProtocolServer.java:start(169)) - RPC server for DataNodes is listening at /0.0.0.0:35540
2019-10-04 00:23:53,272 [IPC Server Responder] INFO  ipc.Server (Server.java:run(1314)) - IPC Server Responder: starting
2019-10-04 00:23:53,272 [IPC Server listener on 35540] INFO  ipc.Server (Server.java:run(1153)) - IPC Server listener on 35540: starting
2019-10-04 00:23:53,277 [main] INFO  http.HttpServer2 (HttpServer2.java:bindListener(1191)) - Jetty bound to port 39840
2019-10-04 00:23:53,277 [main] INFO  server.Server (Server.java:doStart(351)) - jetty-9.3.25.v20180904, build timestamp: 2018-09-04T21:11:46Z, git hash: 3ce520221d0240229c862b122d2b06c12a625732
2019-10-04 00:23:53,279 [main] INFO  handler.ContextHandler (ContextHandler.java:doStart(781)) - Started o.e.j.s.ServletContextHandler@60ed12e8{/logs,file:///workdir/hadoop-ozone/integration-test/target/log,AVAILABLE}
2019-10-04 00:23:53,280 [main] INFO  handler.ContextHandler (ContextHandler.java:doStart(781)) - Started o.e.j.s.ServletContextHandler@3290b1a6{/static,file:///workdir/hadoop-ozone/integration-test/target/test-classes/webapps/static,AVAILABLE}
2019-10-04 00:23:53,284 [main] INFO  handler.ContextHandler (ContextHandler.java:doStart(781)) - Started o.e.j.w.WebAppContext@79eeff87{/,file:///workdir/hadoop-ozone/integration-test/target/test-classes/webapps/scm/,AVAILABLE}{/scm}
2019-10-04 00:23:53,284 [main] INFO  server.AbstractConnector (AbstractConnector.java:doStart(278)) - Started ServerConnector@6b4fc2d1{HTTP/1.1,[http/1.1]}{0.0.0.0:39840}
2019-10-04 00:23:53,285 [main] INFO  server.Server (Server.java:doStart(419)) - Started @104776ms
2019-10-04 00:23:53,286 [main] WARN  impl.MetricsSystemImpl (MetricsSystemImpl.java:register(276)) - Sink prometheus already exists!
2019-10-04 00:23:53,287 [main] INFO  server.BaseHttpServer (BaseHttpServer.java:updateConnectorAddress(215)) - HTTP server of SCM is listening at http://0.0.0.0:39840
2019-10-04 00:23:53,287 [main] WARN  server.ServerUtils (ServerUtils.java:getDBPath(222)) - ozone.om.db.dirs is not configured. We recommend adding this setting. Falling back to ozone.metadata.dirs instead.
2019-10-04 00:23:53,287 [org.apache.hadoop.util.JvmPauseMonitor$Monitor@1de4285e] INFO  util.JvmPauseMonitor (JvmPauseMonitor.java:run(188)) - Starting JVM pause monitor
2019-10-04 00:23:53,302 [main] INFO  ha.OMHANodeDetails (OMHANodeDetails.java:loadOMHAConfig(190)) - Configuration either no ozone.om.address set. Falling back to the default OM address /127.0.0.1:0
2019-10-04 00:23:53,302 [main] INFO  ha.OMHANodeDetails (OMHANodeDetails.java:getOMNodeDetails(220)) - OM Service ID is not set. Setting it to the default ID: omServiceIdDefault
2019-10-04 00:23:53,302 [main] WARN  server.ServerUtils (ServerUtils.java:getDBPath(222)) - ozone.om.db.dirs is not configured. We recommend adding this setting. Falling back to ozone.metadata.dirs instead.
2019-10-04 00:23:53,302 [main] WARN  server.ServerUtils (ServerUtils.java:getDBPath(222)) - ozone.om.db.dirs is not configured. We recommend adding this setting. Falling back to ozone.metadata.dirs instead.
2019-10-04 00:23:53,312 [main] WARN  server.ServerUtils (ServerUtils.java:getDBPath(222)) - ozone.om.db.dirs is not configured. We recommend adding this setting. Falling back to ozone.metadata.dirs instead.
2019-10-04 00:23:53,313 [main] INFO  db.DBStoreBuilder (DBStoreBuilder.java:addTable(110)) - using custom profile for table: userTable
2019-10-04 00:23:53,313 [main] INFO  db.DBStoreBuilder (DBStoreBuilder.java:processTables(161)) - Using default column profile:DBProfile.DISK for Table:userTable
2019-10-04 00:23:53,313 [main] INFO  db.DBStoreBuilder (DBStoreBuilder.java:addTable(110)) - using custom profile for table: volumeTable
2019-10-04 00:23:53,313 [main] INFO  db.DBStoreBuilder (DBStoreBuilder.java:processTables(161)) - Using default column profile:DBProfile.DISK for Table:volumeTable
2019-10-04 00:23:53,314 [main] INFO  db.DBStoreBuilder (DBStoreBuilder.java:addTable(110)) - using custom profile for table: bucketTable
2019-10-04 00:23:53,314 [main] INFO  db.DBStoreBuilder (DBStoreBuilder.java:processTables(161)) - Using default column profile:DBProfile.DISK for Table:bucketTable
2019-10-04 00:23:53,314 [main] INFO  db.DBStoreBuilder (DBStoreBuilder.java:addTable(110)) - using custom profile for table: keyTable
2019-10-04 00:23:53,314 [main] INFO  db.DBStoreBuilder (DBStoreBuilder.java:processTables(161)) - Using default column profile:DBProfile.DISK for Table:keyTable
2019-10-04 00:23:53,314 [main] INFO  db.DBStoreBuilder (DBStoreBuilder.java:addTable(110)) - using custom profile for table: deletedTable
2019-10-04 00:23:53,315 [main] INFO  db.DBStoreBuilder (DBStoreBuilder.java:processTables(161)) - Using default column profile:DBProfile.DISK for Table:deletedTable
2019-10-04 00:23:53,315 [main] INFO  db.DBStoreBuilder (DBStoreBuilder.java:addTable(110)) - using custom profile for table: openKeyTable
2019-10-04 00:23:53,315 [main] INFO  db.DBStoreBuilder (DBStoreBuilder.java:processTables(161)) - Using default column profile:DBProfile.DISK for Table:openKeyTable
2019-10-04 00:23:53,315 [main] INFO  db.DBStoreBuilder (DBStoreBuilder.java:addTable(110)) - using custom profile for table: s3Table
2019-10-04 00:23:53,315 [main] INFO  db.DBStoreBuilder (DBStoreBuilder.java:processTables(161)) - Using default column profile:DBProfile.DISK for Table:s3Table
2019-10-04 00:23:53,316 [main] INFO  db.DBStoreBuilder (DBStoreBuilder.java:addTable(110)) - using custom profile for table: multipartInfoTable
2019-10-04 00:23:53,316 [main] INFO  db.DBStoreBuilder (DBStoreBuilder.java:processTables(161)) - Using default column profile:DBProfile.DISK for Table:multipartInfoTable
2019-10-04 00:23:53,316 [main] INFO  db.DBStoreBuilder (DBStoreBuilder.java:addTable(110)) - using custom profile for table: dTokenTable
2019-10-04 00:23:53,316 [main] INFO  db.DBStoreBuilder (DBStoreBuilder.java:processTables(161)) - Using default column profile:DBProfile.DISK for Table:dTokenTable
2019-10-04 00:23:53,316 [main] INFO  db.DBStoreBuilder (DBStoreBuilder.java:addTable(110)) - using custom profile for table: s3SecretTable
2019-10-04 00:23:53,316 [main] INFO  db.DBStoreBuilder (DBStoreBuilder.java:processTables(161)) - Using default column profile:DBProfile.DISK for Table:s3SecretTable
2019-10-04 00:23:53,317 [main] INFO  db.DBStoreBuilder (DBStoreBuilder.java:addTable(110)) - using custom profile for table: prefixTable
2019-10-04 00:23:53,317 [main] INFO  db.DBStoreBuilder (DBStoreBuilder.java:processTables(161)) - Using default column profile:DBProfile.DISK for Table:prefixTable
2019-10-04 00:23:53,317 [main] INFO  db.DBStoreBuilder (DBStoreBuilder.java:addTable(110)) - using custom profile for table: default
2019-10-04 00:23:53,317 [main] INFO  db.DBStoreBuilder (DBStoreBuilder.java:processTables(167)) - Using default column profile:DBProfile.DISK for Table:default
2019-10-04 00:23:53,317 [main] INFO  db.DBStoreBuilder (DBStoreBuilder.java:getDbProfile(198)) - Using default options. DBProfile.DISK
2019-10-04 00:23:53,804 [main] INFO  ipc.CallQueueManager (CallQueueManager.java:<init>(84)) - Using callQueue: class java.util.concurrent.LinkedBlockingQueue, queueCapacity: 2000, scheduler: class org.apache.hadoop.ipc.DefaultRpcScheduler, ipcBackoff: false.
2019-10-04 00:23:53,805 [Socket Reader #1 for port 33111] INFO  ipc.Server (Server.java:run(1074)) - Starting Socket Reader #1 for port 33111
2019-10-04 00:23:53,819 [main] INFO  om.OzoneManager (OzoneManager.java:start(1069)) - OzoneManager RPC server is listening at localhost/127.0.0.1:33111
2019-10-04 00:23:53,820 [main] INFO  impl.MetricsSystemImpl (MetricsSystemImpl.java:init(158)) - OzoneManager metrics system started (again)
2019-10-04 00:23:53,820 [IPC Server listener on 33111] INFO  ipc.Server (Server.java:run(1153)) - IPC Server listener on 33111: starting
2019-10-04 00:23:53,821 [IPC Server Responder] INFO  ipc.Server (Server.java:run(1314)) - IPC Server Responder: starting
2019-10-04 00:23:53,825 [main] INFO  hdfs.DFSUtil (DFSUtil.java:httpServerTemplateForNNAndJN(1641)) - Starting Web-server for ozoneManager at: http://0.0.0.0:0
2019-10-04 00:23:53,827 [main] INFO  server.AuthenticationFilter (AuthenticationFilter.java:constructSecretProvider(240)) - Unable to initialize FileSignerSecretProvider, falling back to use random secrets.
2019-10-04 00:23:53,827 [main] WARN  http.HttpRequestLog (HttpRequestLog.java:getRequestLog(97)) - Jetty request log can only be enabled using Log4j
2019-10-04 00:23:53,829 [main] INFO  http.HttpServer2 (HttpServer2.java:addGlobalFilter(975)) - Added global filter 'safety' (class=org.apache.hadoop.http.HttpServer2$QuotingInputFilter)
2019-10-04 00:23:53,829 [main] INFO  http.HttpServer2 (HttpServer2.java:addFilter(948)) - Added filter static_user_filter (class=org.apache.hadoop.http.lib.StaticUserWebFilter$StaticUserFilter) to context ozoneManager
2019-10-04 00:23:53,829 [main] INFO  http.HttpServer2 (HttpServer2.java:addFilter(958)) - Added filter static_user_filter (class=org.apache.hadoop.http.lib.StaticUserWebFilter$StaticUserFilter) to context logs
2019-10-04 00:23:53,829 [main] INFO  http.HttpServer2 (HttpServer2.java:addFilter(958)) - Added filter static_user_filter (class=org.apache.hadoop.http.lib.StaticUserWebFilter$StaticUserFilter) to context static
2019-10-04 00:23:53,830 [main] INFO  http.HttpServer2 (HttpServer2.java:bindListener(1191)) - Jetty bound to port 37876
2019-10-04 00:23:53,830 [main] INFO  server.Server (Server.java:doStart(351)) - jetty-9.3.25.v20180904, build timestamp: 2018-09-04T21:11:46Z, git hash: 3ce520221d0240229c862b122d2b06c12a625732
2019-10-04 00:23:53,832 [main] INFO  handler.ContextHandler (ContextHandler.java:doStart(781)) - Started o.e.j.s.ServletContextHandler@7f287b98{/logs,file:///workdir/hadoop-ozone/integration-test/target/log,AVAILABLE}
2019-10-04 00:23:53,832 [main] INFO  handler.ContextHandler (ContextHandler.java:doStart(781)) - Started o.e.j.s.ServletContextHandler@32120956{/static,file:///workdir/hadoop-ozone/integration-test/target/test-classes/webapps/static,AVAILABLE}
2019-10-04 00:23:53,836 [main] INFO  handler.ContextHandler (ContextHandler.java:doStart(781)) - Started o.e.j.w.WebAppContext@7ebe2e47{/,file:///workdir/hadoop-ozone/integration-test/target/test-classes/webapps/ozoneManager/,AVAILABLE}{/ozoneManager}
2019-10-04 00:23:53,838 [main] INFO  server.AbstractConnector (AbstractConnector.java:doStart(278)) - Started ServerConnector@609319c3{HTTP/1.1,[http/1.1]}{0.0.0.0:37876}
2019-10-04 00:23:53,838 [main] INFO  server.Server (Server.java:doStart(419)) - Started @105328ms
2019-10-04 00:23:53,838 [main] WARN  impl.MetricsSystemImpl (MetricsSystemImpl.java:register(276)) - Sink prometheus already exists!
2019-10-04 00:23:53,839 [main] INFO  server.BaseHttpServer (BaseHttpServer.java:updateConnectorAddress(215)) - HTTP server of OZONEMANAGER is listening at http://0.0.0.0:37876
2019-10-04 00:23:53,857 [main] INFO  impl.MetricsSystemImpl (MetricsSystemImpl.java:init(158)) - HddsDatanode metrics system started (again)
2019-10-04 00:23:53,860 [main] INFO  ozone.HddsDatanodeService (HddsDatanodeService.java:start(184)) - HddsDatanodeService host:pr-hdds-1986-2jrbz-1673272497 ip:192.168.151.76
2019-10-04 00:23:53,866 [main] INFO  volume.HddsVolume (HddsVolume.java:<init>(176)) - Creating Volume: /workdir/hadoop-ozone/integration-test/target/test-dir/MiniOzoneClusterImpl-3b170045-66f0-4bc5-bb15-72b77228cdcf/datanode-0/data/containers/hdds of  storage type : DISK and capacity : 1482555576320
2019-10-04 00:23:53,866 [main] INFO  volume.VolumeSet (VolumeSet.java:initializeVolumeSet(170)) - Added Volume : /workdir/hadoop-ozone/integration-test/target/test-dir/MiniOzoneClusterImpl-3b170045-66f0-4bc5-bb15-72b77228cdcf/datanode-0/data/containers/hdds to VolumeSet
2019-10-04 00:23:53,867 [main] INFO  volume.ThrottledAsyncChecker (ThrottledAsyncChecker.java:schedule(139)) - Scheduling a check for org.apache.hadoop.ozone.container.common.volume.HddsVolume@733c464f
2019-10-04 00:23:53,868 [main] INFO  volume.HddsVolumeChecker (HddsVolumeChecker.java:checkAllVolumes(202)) - Scheduled health check for volume org.apache.hadoop.ozone.container.common.volume.HddsVolume@733c464f
2019-10-04 00:23:53,884 [main] INFO  impl.RaftServerProxy (ConfUtils.java:logGet(43)) - raft.rpc.type = GRPC (default)
2019-10-04 00:23:53,884 [main] INFO  grpc.GrpcFactory (GrpcFactory.java:checkPooledByteBufAllocatorUseCacheForAllThreads(45)) - PERFORMANCE WARNING: useCacheForAllThreads is true that may cause Netty to create a lot garbage objects and, as a result, trigger GC.
	It is recommended to disable useCacheForAllThreads by setting -Dorg.apache.ratis.thirdparty.io.netty.allocator.useCacheForAllThreads=false in command line.
2019-10-04 00:23:53,884 [main] INFO  grpc.GrpcConfigKeys$Server (ConfUtils.java:logGet(43)) - raft.grpc.server.port = 0 (default)
2019-10-04 00:23:53,885 [main] INFO  server.GrpcService (ConfUtils.java:logGet(43)) - raft.grpc.message.size.max = 33570816 (custom)
2019-10-04 00:23:53,885 [main] INFO  server.RaftServerConfigKeys (ConfUtils.java:logGet(43)) - raft.server.log.appender.buffer.byte-limit = 33554432 (custom)
2019-10-04 00:23:53,885 [main] INFO  server.GrpcService (ConfUtils.java:logGet(43)) - raft.grpc.flow.control.window = 1MB (=1048576) (default)
2019-10-04 00:23:53,885 [main] INFO  server.RaftServerConfigKeys (ConfUtils.java:logGet(43)) - raft.server.rpc.request.timeout = 3000ms (default)
2019-10-04 00:23:53,886 [main] INFO  server.RaftServerConfigKeys (ConfUtils.java:logGet(43)) - raft.server.storage.dir = [/workdir/hadoop-ozone/integration-test/target/test-dir/MiniOzoneClusterImpl-3b170045-66f0-4bc5-bb15-72b77228cdcf/datanode-0/data/ratis] (custom)
2019-10-04 00:23:53,888 [main] INFO  hdfs.DFSUtil (DFSUtil.java:httpServerTemplateForNNAndJN(1641)) - Starting Web-server for hddsDatanode at: http://0.0.0.0:0
2019-10-04 00:23:53,892 [main] INFO  server.AuthenticationFilter (AuthenticationFilter.java:constructSecretProvider(240)) - Unable to initialize FileSignerSecretProvider, falling back to use random secrets.
2019-10-04 00:23:53,893 [main] WARN  http.HttpRequestLog (HttpRequestLog.java:getRequestLog(97)) - Jetty request log can only be enabled using Log4j
2019-10-04 00:23:53,894 [main] INFO  http.HttpServer2 (HttpServer2.java:addGlobalFilter(975)) - Added global filter 'safety' (class=org.apache.hadoop.http.HttpServer2$QuotingInputFilter)
2019-10-04 00:23:53,895 [main] INFO  http.HttpServer2 (HttpServer2.java:addFilter(948)) - Added filter static_user_filter (class=org.apache.hadoop.http.lib.StaticUserWebFilter$StaticUserFilter) to context hddsDatanode
2019-10-04 00:23:53,895 [main] INFO  http.HttpServer2 (HttpServer2.java:addFilter(958)) - Added filter static_user_filter (class=org.apache.hadoop.http.lib.StaticUserWebFilter$StaticUserFilter) to context static
2019-10-04 00:23:53,895 [main] INFO  http.HttpServer2 (HttpServer2.java:addFilter(958)) - Added filter static_user_filter (class=org.apache.hadoop.http.lib.StaticUserWebFilter$StaticUserFilter) to context logs
2019-10-04 00:23:53,896 [main] INFO  http.HttpServer2 (HttpServer2.java:bindListener(1191)) - Jetty bound to port 39640
2019-10-04 00:23:53,896 [main] INFO  server.Server (Server.java:doStart(351)) - jetty-9.3.25.v20180904, build timestamp: 2018-09-04T21:11:46Z, git hash: 3ce520221d0240229c862b122d2b06c12a625732
2019-10-04 00:23:53,898 [main] INFO  handler.ContextHandler (ContextHandler.java:doStart(781)) - Started o.e.j.s.ServletContextHandler@5a515e5d{/logs,file:///workdir/hadoop-ozone/integration-test/target/log,AVAILABLE}
2019-10-04 00:23:53,898 [main] INFO  handler.ContextHandler (ContextHandler.java:doStart(781)) - Started o.e.j.s.ServletContextHandler@32f32623{/static,jar:file:/home/user/.m2/repository/org/apache/hadoop/hadoop-hdds-container-service/0.5.0-SNAPSHOT/hadoop-hdds-container-service-0.5.0-SNAPSHOT.jar!/webapps/static,AVAILABLE}
2019-10-04 00:23:53,927 [main] INFO  handler.ContextHandler (ContextHandler.java:doStart(781)) - Started o.e.j.w.WebAppContext@2a02e34b{/,file:///tmp/jetty-0.0.0.0-39640-hddsDatanode-_-any-4177135642314039474.dir/webapp/,AVAILABLE}{/hddsDatanode}
2019-10-04 00:23:53,927 [main] INFO  server.AbstractConnector (AbstractConnector.java:doStart(278)) - Started ServerConnector@5eabff6b{HTTP/1.1,[http/1.1]}{0.0.0.0:39640}
2019-10-04 00:23:53,931 [main] INFO  server.Server (Server.java:doStart(419)) - Started @105421ms
2019-10-04 00:23:53,931 [main] WARN  impl.MetricsSystemImpl (MetricsSystemImpl.java:register(276)) - Sink prometheus already exists!
2019-10-04 00:23:53,932 [main] INFO  server.BaseHttpServer (BaseHttpServer.java:updateConnectorAddress(215)) - HTTP server of HDDSDATANODE is listening at http://0.0.0.0:39640
2019-10-04 00:23:53,932 [main] INFO  impl.MetricsSystemImpl (MetricsSystemImpl.java:init(158)) - HddsDatanode metrics system started (again)
2019-10-04 00:23:53,935 [org.apache.hadoop.util.JvmPauseMonitor$Monitor@16ae0abd] INFO  util.JvmPauseMonitor (JvmPauseMonitor.java:run(188)) - Starting JVM pause monitor
2019-10-04 00:23:53,936 [main] INFO  ozone.HddsDatanodeService (HddsDatanodeService.java:start(184)) - HddsDatanodeService host:pr-hdds-1986-2jrbz-1673272497 ip:192.168.151.76
2019-10-04 00:23:53,938 [Datanode State Machine Thread - 0] INFO  datanode.InitDatanodeState (InitDatanodeState.java:persistContainerDatanodeDetails(140)) - DatanodeDetails is persisted to /workdir/hadoop-ozone/integration-test/target/test-dir/MiniOzoneClusterImpl-3b170045-66f0-4bc5-bb15-72b77228cdcf/datanode-0/meta/datanode.id
2019-10-04 00:23:53,943 [main] INFO  volume.HddsVolume (HddsVolume.java:<init>(176)) - Creating Volume: /workdir/hadoop-ozone/integration-test/target/test-dir/MiniOzoneClusterImpl-3b170045-66f0-4bc5-bb15-72b77228cdcf/datanode-1/data/containers/hdds of  storage type : DISK and capacity : 1482555576320
2019-10-04 00:23:53,943 [main] INFO  volume.VolumeSet (VolumeSet.java:initializeVolumeSet(170)) - Added Volume : /workdir/hadoop-ozone/integration-test/target/test-dir/MiniOzoneClusterImpl-3b170045-66f0-4bc5-bb15-72b77228cdcf/datanode-1/data/containers/hdds to VolumeSet
2019-10-04 00:23:53,944 [main] INFO  volume.ThrottledAsyncChecker (ThrottledAsyncChecker.java:schedule(139)) - Scheduling a check for org.apache.hadoop.ozone.container.common.volume.HddsVolume@7792d851
2019-10-04 00:23:53,944 [main] INFO  volume.HddsVolumeChecker (HddsVolumeChecker.java:checkAllVolumes(202)) - Scheduled health check for volume org.apache.hadoop.ozone.container.common.volume.HddsVolume@7792d851
2019-10-04 00:23:53,962 [main] INFO  impl.RaftServerProxy (ConfUtils.java:logGet(43)) - raft.rpc.type = GRPC (default)
2019-10-04 00:23:53,963 [main] INFO  grpc.GrpcFactory (GrpcFactory.java:checkPooledByteBufAllocatorUseCacheForAllThreads(45)) - PERFORMANCE WARNING: useCacheForAllThreads is true that may cause Netty to create a lot garbage objects and, as a result, trigger GC.
	It is recommended to disable useCacheForAllThreads by setting -Dorg.apache.ratis.thirdparty.io.netty.allocator.useCacheForAllThreads=false in command line.
2019-10-04 00:23:53,963 [main] INFO  grpc.GrpcConfigKeys$Server (ConfUtils.java:logGet(43)) - raft.grpc.server.port = 0 (default)
2019-10-04 00:23:53,963 [main] INFO  server.GrpcService (ConfUtils.java:logGet(43)) - raft.grpc.message.size.max = 33570816 (custom)
2019-10-04 00:23:53,963 [main] INFO  server.RaftServerConfigKeys (ConfUtils.java:logGet(43)) - raft.server.log.appender.buffer.byte-limit = 33554432 (custom)
2019-10-04 00:23:53,964 [main] INFO  server.GrpcService (ConfUtils.java:logGet(43)) - raft.grpc.flow.control.window = 1MB (=1048576) (default)
2019-10-04 00:23:53,964 [main] INFO  server.RaftServerConfigKeys (ConfUtils.java:logGet(43)) - raft.server.rpc.request.timeout = 3000ms (default)
2019-10-04 00:23:53,964 [main] INFO  server.RaftServerConfigKeys (ConfUtils.java:logGet(43)) - raft.server.storage.dir = [/workdir/hadoop-ozone/integration-test/target/test-dir/MiniOzoneClusterImpl-3b170045-66f0-4bc5-bb15-72b77228cdcf/datanode-1/data/ratis] (custom)
2019-10-04 00:23:53,967 [main] INFO  hdfs.DFSUtil (DFSUtil.java:httpServerTemplateForNNAndJN(1641)) - Starting Web-server for hddsDatanode at: http://0.0.0.0:0
2019-10-04 00:23:53,969 [main] INFO  server.AuthenticationFilter (AuthenticationFilter.java:constructSecretProvider(240)) - Unable to initialize FileSignerSecretProvider, falling back to use random secrets.
2019-10-04 00:23:53,970 [main] WARN  http.HttpRequestLog (HttpRequestLog.java:getRequestLog(97)) - Jetty request log can only be enabled using Log4j
2019-10-04 00:23:53,972 [main] INFO  http.HttpServer2 (HttpServer2.java:addGlobalFilter(975)) - Added global filter 'safety' (class=org.apache.hadoop.http.HttpServer2$QuotingInputFilter)
2019-10-04 00:23:53,972 [main] INFO  http.HttpServer2 (HttpServer2.java:addFilter(948)) - Added filter static_user_filter (class=org.apache.hadoop.http.lib.StaticUserWebFilter$StaticUserFilter) to context hddsDatanode
2019-10-04 00:23:53,973 [main] INFO  http.HttpServer2 (HttpServer2.java:addFilter(958)) - Added filter static_user_filter (class=org.apache.hadoop.http.lib.StaticUserWebFilter$StaticUserFilter) to context static
2019-10-04 00:23:53,973 [main] INFO  http.HttpServer2 (HttpServer2.java:addFilter(958)) - Added filter static_user_filter (class=org.apache.hadoop.http.lib.StaticUserWebFilter$StaticUserFilter) to context logs
2019-10-04 00:23:53,974 [main] INFO  http.HttpServer2 (HttpServer2.java:bindListener(1191)) - Jetty bound to port 37735
2019-10-04 00:23:53,974 [main] INFO  server.Server (Server.java:doStart(351)) - jetty-9.3.25.v20180904, build timestamp: 2018-09-04T21:11:46Z, git hash: 3ce520221d0240229c862b122d2b06c12a625732
2019-10-04 00:23:53,976 [main] INFO  handler.ContextHandler (ContextHandler.java:doStart(781)) - Started o.e.j.s.ServletContextHandler@1da1380b{/logs,file:///workdir/hadoop-ozone/integration-test/target/log,AVAILABLE}
2019-10-04 00:23:53,976 [main] INFO  handler.ContextHandler (ContextHandler.java:doStart(781)) - Started o.e.j.s.ServletContextHandler@3332c7a5{/static,jar:file:/home/user/.m2/repository/org/apache/hadoop/hadoop-hdds-container-service/0.5.0-SNAPSHOT/hadoop-hdds-container-service-0.5.0-SNAPSHOT.jar!/webapps/static,AVAILABLE}
2019-10-04 00:23:54,008 [main] INFO  handler.ContextHandler (ContextHandler.java:doStart(781)) - Started o.e.j.w.WebAppContext@61615b4a{/,file:///tmp/jetty-0.0.0.0-37735-hddsDatanode-_-any-6767912676680621651.dir/webapp/,AVAILABLE}{/hddsDatanode}
2019-10-04 00:23:54,008 [main] INFO  server.AbstractConnector (AbstractConnector.java:doStart(278)) - Started ServerConnector@721d8ab5{HTTP/1.1,[http/1.1]}{0.0.0.0:37735}
2019-10-04 00:23:54,010 [main] INFO  server.Server (Server.java:doStart(419)) - Started @105500ms
2019-10-04 00:23:54,010 [main] WARN  impl.MetricsSystemImpl (MetricsSystemImpl.java:register(276)) - Sink prometheus already exists!
2019-10-04 00:23:54,011 [main] INFO  server.BaseHttpServer (BaseHttpServer.java:updateConnectorAddress(215)) - HTTP server of HDDSDATANODE is listening at http://0.0.0.0:37735
2019-10-04 00:23:54,011 [main] INFO  impl.MetricsSystemImpl (MetricsSystemImpl.java:init(158)) - HddsDatanode metrics system started (again)
2019-10-04 00:23:54,014 [org.apache.hadoop.util.JvmPauseMonitor$Monitor@1c8d2b1] INFO  util.JvmPauseMonitor (JvmPauseMonitor.java:run(188)) - Starting JVM pause monitor
2019-10-04 00:23:54,014 [main] INFO  ozone.HddsDatanodeService (HddsDatanodeService.java:start(184)) - HddsDatanodeService host:pr-hdds-1986-2jrbz-1673272497 ip:192.168.151.76
2019-10-04 00:23:54,017 [Datanode State Machine Thread - 0] INFO  datanode.InitDatanodeState (InitDatanodeState.java:persistContainerDatanodeDetails(140)) - DatanodeDetails is persisted to /workdir/hadoop-ozone/integration-test/target/test-dir/MiniOzoneClusterImpl-3b170045-66f0-4bc5-bb15-72b77228cdcf/datanode-1/meta/datanode.id
2019-10-04 00:23:54,021 [main] INFO  volume.HddsVolume (HddsVolume.java:<init>(176)) - Creating Volume: /workdir/hadoop-ozone/integration-test/target/test-dir/MiniOzoneClusterImpl-3b170045-66f0-4bc5-bb15-72b77228cdcf/datanode-2/data/containers/hdds of  storage type : DISK and capacity : 1482555576320
2019-10-04 00:23:54,021 [main] INFO  volume.VolumeSet (VolumeSet.java:initializeVolumeSet(170)) - Added Volume : /workdir/hadoop-ozone/integration-test/target/test-dir/MiniOzoneClusterImpl-3b170045-66f0-4bc5-bb15-72b77228cdcf/datanode-2/data/containers/hdds to VolumeSet
2019-10-04 00:23:54,021 [main] INFO  volume.ThrottledAsyncChecker (ThrottledAsyncChecker.java:schedule(139)) - Scheduling a check for org.apache.hadoop.ozone.container.common.volume.HddsVolume@3a00b15d
2019-10-04 00:23:54,021 [main] INFO  volume.HddsVolumeChecker (HddsVolumeChecker.java:checkAllVolumes(202)) - Scheduled health check for volume org.apache.hadoop.ozone.container.common.volume.HddsVolume@3a00b15d
2019-10-04 00:23:54,035 [main] INFO  impl.RaftServerProxy (ConfUtils.java:logGet(43)) - raft.rpc.type = GRPC (default)
2019-10-04 00:23:54,035 [main] INFO  grpc.GrpcFactory (GrpcFactory.java:checkPooledByteBufAllocatorUseCacheForAllThreads(45)) - PERFORMANCE WARNING: useCacheForAllThreads is true that may cause Netty to create a lot garbage objects and, as a result, trigger GC.
	It is recommended to disable useCacheForAllThreads by setting -Dorg.apache.ratis.thirdparty.io.netty.allocator.useCacheForAllThreads=false in command line.
2019-10-04 00:23:54,036 [main] INFO  grpc.GrpcConfigKeys$Server (ConfUtils.java:logGet(43)) - raft.grpc.server.port = 0 (default)
2019-10-04 00:23:54,036 [main] INFO  server.GrpcService (ConfUtils.java:logGet(43)) - raft.grpc.message.size.max = 33570816 (custom)
2019-10-04 00:23:54,036 [main] INFO  server.RaftServerConfigKeys (ConfUtils.java:logGet(43)) - raft.server.log.appender.buffer.byte-limit = 33554432 (custom)
2019-10-04 00:23:54,036 [main] INFO  server.GrpcService (ConfUtils.java:logGet(43)) - raft.grpc.flow.control.window = 1MB (=1048576) (default)
2019-10-04 00:23:54,036 [main] INFO  server.RaftServerConfigKeys (ConfUtils.java:logGet(43)) - raft.server.rpc.request.timeout = 3000ms (default)
2019-10-04 00:23:54,037 [main] INFO  server.RaftServerConfigKeys (ConfUtils.java:logGet(43)) - raft.server.storage.dir = [/workdir/hadoop-ozone/integration-test/target/test-dir/MiniOzoneClusterImpl-3b170045-66f0-4bc5-bb15-72b77228cdcf/datanode-2/data/ratis] (custom)
2019-10-04 00:23:54,038 [main] INFO  hdfs.DFSUtil (DFSUtil.java:httpServerTemplateForNNAndJN(1641)) - Starting Web-server for hddsDatanode at: http://0.0.0.0:0
2019-10-04 00:23:54,039 [main] INFO  server.AuthenticationFilter (AuthenticationFilter.java:constructSecretProvider(240)) - Unable to initialize FileSignerSecretProvider, falling back to use random secrets.
2019-10-04 00:23:54,039 [main] WARN  http.HttpRequestLog (HttpRequestLog.java:getRequestLog(97)) - Jetty request log can only be enabled using Log4j
2019-10-04 00:23:54,041 [main] INFO  http.HttpServer2 (HttpServer2.java:addGlobalFilter(975)) - Added global filter 'safety' (class=org.apache.hadoop.http.HttpServer2$QuotingInputFilter)
2019-10-04 00:23:54,041 [main] INFO  http.HttpServer2 (HttpServer2.java:addFilter(948)) - Added filter static_user_filter (class=org.apache.hadoop.http.lib.StaticUserWebFilter$StaticUserFilter) to context hddsDatanode
2019-10-04 00:23:54,041 [main] INFO  http.HttpServer2 (HttpServer2.java:addFilter(958)) - Added filter static_user_filter (class=org.apache.hadoop.http.lib.StaticUserWebFilter$StaticUserFilter) to context static
2019-10-04 00:23:54,041 [main] INFO  http.HttpServer2 (HttpServer2.java:addFilter(958)) - Added filter static_user_filter (class=org.apache.hadoop.http.lib.StaticUserWebFilter$StaticUserFilter) to context logs
2019-10-04 00:23:54,042 [main] INFO  http.HttpServer2 (HttpServer2.java:bindListener(1191)) - Jetty bound to port 45150
2019-10-04 00:23:54,042 [main] INFO  server.Server (Server.java:doStart(351)) - jetty-9.3.25.v20180904, build timestamp: 2018-09-04T21:11:46Z, git hash: 3ce520221d0240229c862b122d2b06c12a625732
2019-10-04 00:23:54,044 [main] INFO  handler.ContextHandler (ContextHandler.java:doStart(781)) - Started o.e.j.s.ServletContextHandler@1903b5d{/logs,file:///workdir/hadoop-ozone/integration-test/target/log,AVAILABLE}
2019-10-04 00:23:54,044 [main] INFO  handler.ContextHandler (ContextHandler.java:doStart(781)) - Started o.e.j.s.ServletContextHandler@5cff6b74{/static,jar:file:/home/user/.m2/repository/org/apache/hadoop/hadoop-hdds-container-service/0.5.0-SNAPSHOT/hadoop-hdds-container-service-0.5.0-SNAPSHOT.jar!/webapps/static,AVAILABLE}
2019-10-04 00:23:54,067 [main] INFO  handler.ContextHandler (ContextHandler.java:doStart(781)) - Started o.e.j.w.WebAppContext@671d03bb{/,file:///tmp/jetty-0.0.0.0-45150-hddsDatanode-_-any-1835351466418402134.dir/webapp/,AVAILABLE}{/hddsDatanode}
2019-10-04 00:23:54,068 [main] INFO  server.AbstractConnector (AbstractConnector.java:doStart(278)) - Started ServerConnector@6babffb5{HTTP/1.1,[http/1.1]}{0.0.0.0:45150}
2019-10-04 00:23:54,069 [main] INFO  server.Server (Server.java:doStart(419)) - Started @105559ms
2019-10-04 00:23:54,069 [main] WARN  impl.MetricsSystemImpl (MetricsSystemImpl.java:register(276)) - Sink prometheus already exists!
2019-10-04 00:23:54,070 [main] INFO  server.BaseHttpServer (BaseHttpServer.java:updateConnectorAddress(215)) - HTTP server of HDDSDATANODE is listening at http://0.0.0.0:45150
2019-10-04 00:23:54,070 [main] INFO  impl.MetricsSystemImpl (MetricsSystemImpl.java:init(158)) - HddsDatanode metrics system started (again)
2019-10-04 00:23:54,073 [main] INFO  ozone.HddsDatanodeService (HddsDatanodeService.java:start(184)) - HddsDatanodeService host:pr-hdds-1986-2jrbz-1673272497 ip:192.168.151.76
2019-10-04 00:23:54,073 [org.apache.hadoop.util.JvmPauseMonitor$Monitor@7600f477] INFO  util.JvmPauseMonitor (JvmPauseMonitor.java:run(188)) - Starting JVM pause monitor
2019-10-04 00:23:54,075 [Datanode State Machine Thread - 0] INFO  datanode.InitDatanodeState (InitDatanodeState.java:persistContainerDatanodeDetails(140)) - DatanodeDetails is persisted to /workdir/hadoop-ozone/integration-test/target/test-dir/MiniOzoneClusterImpl-3b170045-66f0-4bc5-bb15-72b77228cdcf/datanode-2/meta/datanode.id
2019-10-04 00:23:54,079 [main] INFO  volume.HddsVolume (HddsVolume.java:<init>(176)) - Creating Volume: /workdir/hadoop-ozone/integration-test/target/test-dir/MiniOzoneClusterImpl-3b170045-66f0-4bc5-bb15-72b77228cdcf/datanode-3/data/containers/hdds of  storage type : DISK and capacity : 1482555576320
2019-10-04 00:23:54,079 [main] INFO  volume.VolumeSet (VolumeSet.java:initializeVolumeSet(170)) - Added Volume : /workdir/hadoop-ozone/integration-test/target/test-dir/MiniOzoneClusterImpl-3b170045-66f0-4bc5-bb15-72b77228cdcf/datanode-3/data/containers/hdds to VolumeSet
2019-10-04 00:23:54,080 [main] INFO  volume.ThrottledAsyncChecker (ThrottledAsyncChecker.java:schedule(139)) - Scheduling a check for org.apache.hadoop.ozone.container.common.volume.HddsVolume@39dec536
2019-10-04 00:23:54,080 [main] INFO  volume.HddsVolumeChecker (HddsVolumeChecker.java:checkAllVolumes(202)) - Scheduled health check for volume org.apache.hadoop.ozone.container.common.volume.HddsVolume@39dec536
2019-10-04 00:23:54,092 [main] INFO  impl.RaftServerProxy (ConfUtils.java:logGet(43)) - raft.rpc.type = GRPC (default)
2019-10-04 00:23:54,092 [main] INFO  grpc.GrpcFactory (GrpcFactory.java:checkPooledByteBufAllocatorUseCacheForAllThreads(45)) - PERFORMANCE WARNING: useCacheForAllThreads is true that may cause Netty to create a lot garbage objects and, as a result, trigger GC.
	It is recommended to disable useCacheForAllThreads by setting -Dorg.apache.ratis.thirdparty.io.netty.allocator.useCacheForAllThreads=false in command line.
2019-10-04 00:23:54,092 [main] INFO  grpc.GrpcConfigKeys$Server (ConfUtils.java:logGet(43)) - raft.grpc.server.port = 0 (default)
2019-10-04 00:23:54,093 [main] INFO  server.GrpcService (ConfUtils.java:logGet(43)) - raft.grpc.message.size.max = 33570816 (custom)
2019-10-04 00:23:54,093 [main] INFO  server.RaftServerConfigKeys (ConfUtils.java:logGet(43)) - raft.server.log.appender.buffer.byte-limit = 33554432 (custom)
2019-10-04 00:23:54,093 [main] INFO  server.GrpcService (ConfUtils.java:logGet(43)) - raft.grpc.flow.control.window = 1MB (=1048576) (default)
2019-10-04 00:23:54,093 [main] INFO  server.RaftServerConfigKeys (ConfUtils.java:logGet(43)) - raft.server.rpc.request.timeout = 3000ms (default)
2019-10-04 00:23:54,093 [main] INFO  server.RaftServerConfigKeys (ConfUtils.java:logGet(43)) - raft.server.storage.dir = [/workdir/hadoop-ozone/integration-test/target/test-dir/MiniOzoneClusterImpl-3b170045-66f0-4bc5-bb15-72b77228cdcf/datanode-3/data/ratis] (custom)
2019-10-04 00:23:54,094 [main] INFO  hdfs.DFSUtil (DFSUtil.java:httpServerTemplateForNNAndJN(1641)) - Starting Web-server for hddsDatanode at: http://0.0.0.0:0
2019-10-04 00:23:54,096 [main] INFO  server.AuthenticationFilter (AuthenticationFilter.java:constructSecretProvider(240)) - Unable to initialize FileSignerSecretProvider, falling back to use random secrets.
2019-10-04 00:23:54,096 [main] WARN  http.HttpRequestLog (HttpRequestLog.java:getRequestLog(97)) - Jetty request log can only be enabled using Log4j
2019-10-04 00:23:54,097 [main] INFO  http.HttpServer2 (HttpServer2.java:addGlobalFilter(975)) - Added global filter 'safety' (class=org.apache.hadoop.http.HttpServer2$QuotingInputFilter)
2019-10-04 00:23:54,097 [main] INFO  http.HttpServer2 (HttpServer2.java:addFilter(948)) - Added filter static_user_filter (class=org.apache.hadoop.http.lib.StaticUserWebFilter$StaticUserFilter) to context hddsDatanode
2019-10-04 00:23:54,098 [main] INFO  http.HttpServer2 (HttpServer2.java:addFilter(958)) - Added filter static_user_filter (class=org.apache.hadoop.http.lib.StaticUserWebFilter$StaticUserFilter) to context logs
2019-10-04 00:23:54,098 [main] INFO  http.HttpServer2 (HttpServer2.java:addFilter(958)) - Added filter static_user_filter (class=org.apache.hadoop.http.lib.StaticUserWebFilter$StaticUserFilter) to context static
2019-10-04 00:23:54,098 [main] INFO  http.HttpServer2 (HttpServer2.java:bindListener(1191)) - Jetty bound to port 46225
2019-10-04 00:23:54,099 [main] INFO  server.Server (Server.java:doStart(351)) - jetty-9.3.25.v20180904, build timestamp: 2018-09-04T21:11:46Z, git hash: 3ce520221d0240229c862b122d2b06c12a625732
2019-10-04 00:23:54,100 [main] INFO  handler.ContextHandler (ContextHandler.java:doStart(781)) - Started o.e.j.s.ServletContextHandler@61bb1e4d{/logs,file:///workdir/hadoop-ozone/integration-test/target/log,AVAILABLE}
2019-10-04 00:23:54,101 [main] INFO  handler.ContextHandler (ContextHandler.java:doStart(781)) - Started o.e.j.s.ServletContextHandler@46fb0c33{/static,jar:file:/home/user/.m2/repository/org/apache/hadoop/hadoop-hdds-container-service/0.5.0-SNAPSHOT/hadoop-hdds-container-service-0.5.0-SNAPSHOT.jar!/webapps/static,AVAILABLE}
2019-10-04 00:23:54,124 [main] INFO  handler.ContextHandler (ContextHandler.java:doStart(781)) - Started o.e.j.w.WebAppContext@2785db06{/,file:///tmp/jetty-0.0.0.0-46225-hddsDatanode-_-any-1777986731328141830.dir/webapp/,AVAILABLE}{/hddsDatanode}
2019-10-04 00:23:54,124 [main] INFO  server.AbstractConnector (AbstractConnector.java:doStart(278)) - Started ServerConnector@79980d8d{HTTP/1.1,[http/1.1]}{0.0.0.0:46225}
2019-10-04 00:23:54,126 [main] INFO  server.Server (Server.java:doStart(419)) - Started @105616ms
2019-10-04 00:23:54,126 [main] WARN  impl.MetricsSystemImpl (MetricsSystemImpl.java:register(276)) - Sink prometheus already exists!
2019-10-04 00:23:54,127 [main] INFO  server.BaseHttpServer (BaseHttpServer.java:updateConnectorAddress(215)) - HTTP server of HDDSDATANODE is listening at http://0.0.0.0:46225
2019-10-04 00:23:54,127 [main] INFO  impl.MetricsSystemImpl (MetricsSystemImpl.java:init(158)) - HddsDatanode metrics system started (again)
2019-10-04 00:23:54,130 [org.apache.hadoop.util.JvmPauseMonitor$Monitor@16d90364] INFO  util.JvmPauseMonitor (JvmPauseMonitor.java:run(188)) - Starting JVM pause monitor
2019-10-04 00:23:54,131 [main] INFO  ozone.HddsDatanodeService (HddsDatanodeService.java:start(184)) - HddsDatanodeService host:pr-hdds-1986-2jrbz-1673272497 ip:192.168.151.76
2019-10-04 00:23:54,132 [Datanode State Machine Thread - 0] INFO  datanode.InitDatanodeState (InitDatanodeState.java:persistContainerDatanodeDetails(140)) - DatanodeDetails is persisted to /workdir/hadoop-ozone/integration-test/target/test-dir/MiniOzoneClusterImpl-3b170045-66f0-4bc5-bb15-72b77228cdcf/datanode-3/meta/datanode.id
2019-10-04 00:23:54,143 [main] INFO  volume.HddsVolume (HddsVolume.java:<init>(176)) - Creating Volume: /workdir/hadoop-ozone/integration-test/target/test-dir/MiniOzoneClusterImpl-3b170045-66f0-4bc5-bb15-72b77228cdcf/datanode-4/data/containers/hdds of  storage type : DISK and capacity : 1482555576320
2019-10-04 00:23:54,143 [main] INFO  volume.VolumeSet (VolumeSet.java:initializeVolumeSet(170)) - Added Volume : /workdir/hadoop-ozone/integration-test/target/test-dir/MiniOzoneClusterImpl-3b170045-66f0-4bc5-bb15-72b77228cdcf/datanode-4/data/containers/hdds to VolumeSet
2019-10-04 00:23:54,143 [main] INFO  volume.ThrottledAsyncChecker (ThrottledAsyncChecker.java:schedule(139)) - Scheduling a check for org.apache.hadoop.ozone.container.common.volume.HddsVolume@75aea2ba
2019-10-04 00:23:54,144 [main] INFO  volume.HddsVolumeChecker (HddsVolumeChecker.java:checkAllVolumes(202)) - Scheduled health check for volume org.apache.hadoop.ozone.container.common.volume.HddsVolume@75aea2ba
2019-10-04 00:23:54,158 [main] INFO  impl.RaftServerProxy (ConfUtils.java:logGet(43)) - raft.rpc.type = GRPC (default)
2019-10-04 00:23:54,158 [main] INFO  grpc.GrpcFactory (GrpcFactory.java:checkPooledByteBufAllocatorUseCacheForAllThreads(45)) - PERFORMANCE WARNING: useCacheForAllThreads is true that may cause Netty to create a lot garbage objects and, as a result, trigger GC.
	It is recommended to disable useCacheForAllThreads by setting -Dorg.apache.ratis.thirdparty.io.netty.allocator.useCacheForAllThreads=false in command line.
2019-10-04 00:23:54,158 [main] INFO  grpc.GrpcConfigKeys$Server (ConfUtils.java:logGet(43)) - raft.grpc.server.port = 0 (default)
2019-10-04 00:23:54,159 [main] INFO  server.GrpcService (ConfUtils.java:logGet(43)) - raft.grpc.message.size.max = 33570816 (custom)
2019-10-04 00:23:54,159 [main] INFO  server.RaftServerConfigKeys (ConfUtils.java:logGet(43)) - raft.server.log.appender.buffer.byte-limit = 33554432 (custom)
2019-10-04 00:23:54,159 [main] INFO  server.GrpcService (ConfUtils.java:logGet(43)) - raft.grpc.flow.control.window = 1MB (=1048576) (default)
2019-10-04 00:23:54,159 [main] INFO  server.RaftServerConfigKeys (ConfUtils.java:logGet(43)) - raft.server.rpc.request.timeout = 3000ms (default)
2019-10-04 00:23:54,159 [main] INFO  server.RaftServerConfigKeys (ConfUtils.java:logGet(43)) - raft.server.storage.dir = [/workdir/hadoop-ozone/integration-test/target/test-dir/MiniOzoneClusterImpl-3b170045-66f0-4bc5-bb15-72b77228cdcf/datanode-4/data/ratis] (custom)
2019-10-04 00:23:54,161 [main] INFO  hdfs.DFSUtil (DFSUtil.java:httpServerTemplateForNNAndJN(1641)) - Starting Web-server for hddsDatanode at: http://0.0.0.0:0
2019-10-04 00:23:54,163 [main] INFO  server.AuthenticationFilter (AuthenticationFilter.java:constructSecretProvider(240)) - Unable to initialize FileSignerSecretProvider, falling back to use random secrets.
2019-10-04 00:23:54,163 [main] WARN  http.HttpRequestLog (HttpRequestLog.java:getRequestLog(97)) - Jetty request log can only be enabled using Log4j
2019-10-04 00:23:54,165 [main] INFO  http.HttpServer2 (HttpServer2.java:addGlobalFilter(975)) - Added global filter 'safety' (class=org.apache.hadoop.http.HttpServer2$QuotingInputFilter)
2019-10-04 00:23:54,166 [main] INFO  http.HttpServer2 (HttpServer2.java:addFilter(948)) - Added filter static_user_filter (class=org.apache.hadoop.http.lib.StaticUserWebFilter$StaticUserFilter) to context hddsDatanode
2019-10-04 00:23:54,166 [main] INFO  http.HttpServer2 (HttpServer2.java:addFilter(958)) - Added filter static_user_filter (class=org.apache.hadoop.http.lib.StaticUserWebFilter$StaticUserFilter) to context static
2019-10-04 00:23:54,166 [main] INFO  http.HttpServer2 (HttpServer2.java:addFilter(958)) - Added filter static_user_filter (class=org.apache.hadoop.http.lib.StaticUserWebFilter$StaticUserFilter) to context logs
2019-10-04 00:23:54,167 [main] INFO  http.HttpServer2 (HttpServer2.java:bindListener(1191)) - Jetty bound to port 44521
2019-10-04 00:23:54,167 [main] INFO  server.Server (Server.java:doStart(351)) - jetty-9.3.25.v20180904, build timestamp: 2018-09-04T21:11:46Z, git hash: 3ce520221d0240229c862b122d2b06c12a625732
2019-10-04 00:23:54,169 [main] INFO  handler.ContextHandler (ContextHandler.java:doStart(781)) - Started o.e.j.s.ServletContextHandler@15d0d6c9{/logs,file:///workdir/hadoop-ozone/integration-test/target/log,AVAILABLE}
2019-10-04 00:23:54,170 [main] INFO  handler.ContextHandler (ContextHandler.java:doStart(781)) - Started o.e.j.s.ServletContextHandler@7741d346{/static,jar:file:/home/user/.m2/repository/org/apache/hadoop/hadoop-hdds-container-service/0.5.0-SNAPSHOT/hadoop-hdds-container-service-0.5.0-SNAPSHOT.jar!/webapps/static,AVAILABLE}
2019-10-04 00:23:54,208 [main] INFO  handler.ContextHandler (ContextHandler.java:doStart(781)) - Started o.e.j.w.WebAppContext@39941489{/,file:///tmp/jetty-0.0.0.0-44521-hddsDatanode-_-any-4754437430412542013.dir/webapp/,AVAILABLE}{/hddsDatanode}
2019-10-04 00:23:54,209 [main] INFO  server.AbstractConnector (AbstractConnector.java:doStart(278)) - Started ServerConnector@6f5d0190{HTTP/1.1,[http/1.1]}{0.0.0.0:44521}
2019-10-04 00:23:54,210 [main] INFO  server.Server (Server.java:doStart(419)) - Started @105701ms
2019-10-04 00:23:54,211 [main] WARN  impl.MetricsSystemImpl (MetricsSystemImpl.java:register(276)) - Sink prometheus already exists!
2019-10-04 00:23:54,211 [main] INFO  server.BaseHttpServer (BaseHttpServer.java:updateConnectorAddress(215)) - HTTP server of HDDSDATANODE is listening at http://0.0.0.0:44521
2019-10-04 00:23:54,212 [main] INFO  impl.MetricsSystemImpl (MetricsSystemImpl.java:init(158)) - HddsDatanode metrics system started (again)
2019-10-04 00:23:54,216 [org.apache.hadoop.util.JvmPauseMonitor$Monitor@2b766ca5] INFO  util.JvmPauseMonitor (JvmPauseMonitor.java:run(188)) - Starting JVM pause monitor
2019-10-04 00:23:54,217 [main] INFO  ozone.HddsDatanodeService (HddsDatanodeService.java:start(184)) - HddsDatanodeService host:pr-hdds-1986-2jrbz-1673272497 ip:192.168.151.76
2019-10-04 00:23:54,218 [Datanode State Machine Thread - 0] INFO  datanode.InitDatanodeState (InitDatanodeState.java:persistContainerDatanodeDetails(140)) - DatanodeDetails is persisted to /workdir/hadoop-ozone/integration-test/target/test-dir/MiniOzoneClusterImpl-3b170045-66f0-4bc5-bb15-72b77228cdcf/datanode-4/meta/datanode.id
2019-10-04 00:23:54,224 [main] INFO  volume.HddsVolume (HddsVolume.java:<init>(176)) - Creating Volume: /workdir/hadoop-ozone/integration-test/target/test-dir/MiniOzoneClusterImpl-3b170045-66f0-4bc5-bb15-72b77228cdcf/datanode-5/data/containers/hdds of  storage type : DISK and capacity : 1482555576320
2019-10-04 00:23:54,225 [main] INFO  volume.VolumeSet (VolumeSet.java:initializeVolumeSet(170)) - Added Volume : /workdir/hadoop-ozone/integration-test/target/test-dir/MiniOzoneClusterImpl-3b170045-66f0-4bc5-bb15-72b77228cdcf/datanode-5/data/containers/hdds to VolumeSet
2019-10-04 00:23:54,225 [main] INFO  volume.ThrottledAsyncChecker (ThrottledAsyncChecker.java:schedule(139)) - Scheduling a check for org.apache.hadoop.ozone.container.common.volume.HddsVolume@b5c6a30
2019-10-04 00:23:54,227 [main] INFO  volume.HddsVolumeChecker (HddsVolumeChecker.java:checkAllVolumes(202)) - Scheduled health check for volume org.apache.hadoop.ozone.container.common.volume.HddsVolume@b5c6a30
2019-10-04 00:23:54,243 [main] INFO  impl.RaftServerProxy (ConfUtils.java:logGet(43)) - raft.rpc.type = GRPC (default)
2019-10-04 00:23:54,244 [main] INFO  grpc.GrpcFactory (GrpcFactory.java:checkPooledByteBufAllocatorUseCacheForAllThreads(45)) - PERFORMANCE WARNING: useCacheForAllThreads is true that may cause Netty to create a lot garbage objects and, as a result, trigger GC.
	It is recommended to disable useCacheForAllThreads by setting -Dorg.apache.ratis.thirdparty.io.netty.allocator.useCacheForAllThreads=false in command line.
2019-10-04 00:23:54,244 [main] INFO  grpc.GrpcConfigKeys$Server (ConfUtils.java:logGet(43)) - raft.grpc.server.port = 0 (default)
2019-10-04 00:23:54,244 [main] INFO  server.GrpcService (ConfUtils.java:logGet(43)) - raft.grpc.message.size.max = 33570816 (custom)
2019-10-04 00:23:54,245 [main] INFO  server.RaftServerConfigKeys (ConfUtils.java:logGet(43)) - raft.server.log.appender.buffer.byte-limit = 33554432 (custom)
2019-10-04 00:23:54,245 [main] INFO  server.GrpcService (ConfUtils.java:logGet(43)) - raft.grpc.flow.control.window = 1MB (=1048576) (default)
2019-10-04 00:23:54,245 [main] INFO  server.RaftServerConfigKeys (ConfUtils.java:logGet(43)) - raft.server.rpc.request.timeout = 3000ms (default)
2019-10-04 00:23:54,246 [main] INFO  server.RaftServerConfigKeys (ConfUtils.java:logGet(43)) - raft.server.storage.dir = [/workdir/hadoop-ozone/integration-test/target/test-dir/MiniOzoneClusterImpl-3b170045-66f0-4bc5-bb15-72b77228cdcf/datanode-5/data/ratis] (custom)
2019-10-04 00:23:54,247 [main] INFO  hdfs.DFSUtil (DFSUtil.java:httpServerTemplateForNNAndJN(1641)) - Starting Web-server for hddsDatanode at: http://0.0.0.0:0
2019-10-04 00:23:54,249 [main] INFO  server.AuthenticationFilter (AuthenticationFilter.java:constructSecretProvider(240)) - Unable to initialize FileSignerSecretProvider, falling back to use random secrets.
2019-10-04 00:23:54,249 [main] WARN  http.HttpRequestLog (HttpRequestLog.java:getRequestLog(97)) - Jetty request log can only be enabled using Log4j
2019-10-04 00:23:54,251 [main] INFO  http.HttpServer2 (HttpServer2.java:addGlobalFilter(975)) - Added global filter 'safety' (class=org.apache.hadoop.http.HttpServer2$QuotingInputFilter)
2019-10-04 00:23:54,251 [main] INFO  http.HttpServer2 (HttpServer2.java:addFilter(948)) - Added filter static_user_filter (class=org.apache.hadoop.http.lib.StaticUserWebFilter$StaticUserFilter) to context hddsDatanode
2019-10-04 00:23:54,252 [main] INFO  http.HttpServer2 (HttpServer2.java:addFilter(958)) - Added filter static_user_filter (class=org.apache.hadoop.http.lib.StaticUserWebFilter$StaticUserFilter) to context static
2019-10-04 00:23:54,252 [main] INFO  http.HttpServer2 (HttpServer2.java:addFilter(958)) - Added filter static_user_filter (class=org.apache.hadoop.http.lib.StaticUserWebFilter$StaticUserFilter) to context logs
2019-10-04 00:23:54,253 [main] INFO  http.HttpServer2 (HttpServer2.java:bindListener(1191)) - Jetty bound to port 37896
2019-10-04 00:23:54,253 [main] INFO  server.Server (Server.java:doStart(351)) - jetty-9.3.25.v20180904, build timestamp: 2018-09-04T21:11:46Z, git hash: 3ce520221d0240229c862b122d2b06c12a625732
2019-10-04 00:23:54,255 [main] INFO  handler.ContextHandler (ContextHandler.java:doStart(781)) - Started o.e.j.s.ServletContextHandler@32091c14{/logs,file:///workdir/hadoop-ozone/integration-test/target/log,AVAILABLE}
2019-10-04 00:23:54,255 [main] INFO  handler.ContextHandler (ContextHandler.java:doStart(781)) - Started o.e.j.s.ServletContextHandler@286855ea{/static,jar:file:/home/user/.m2/repository/org/apache/hadoop/hadoop-hdds-container-service/0.5.0-SNAPSHOT/hadoop-hdds-container-service-0.5.0-SNAPSHOT.jar!/webapps/static,AVAILABLE}
2019-10-04 00:23:54,291 [main] INFO  handler.ContextHandler (ContextHandler.java:doStart(781)) - Started o.e.j.w.WebAppContext@1eb9a3ef{/,file:///tmp/jetty-0.0.0.0-37896-hddsDatanode-_-any-3502867983368853469.dir/webapp/,AVAILABLE}{/hddsDatanode}
2019-10-04 00:23:54,291 [main] INFO  server.AbstractConnector (AbstractConnector.java:doStart(278)) - Started ServerConnector@5d318e91{HTTP/1.1,[http/1.1]}{0.0.0.0:37896}
2019-10-04 00:23:54,293 [main] INFO  server.Server (Server.java:doStart(419)) - Started @105783ms
2019-10-04 00:23:54,293 [main] WARN  impl.MetricsSystemImpl (MetricsSystemImpl.java:register(276)) - Sink prometheus already exists!
2019-10-04 00:23:54,294 [main] INFO  server.BaseHttpServer (BaseHttpServer.java:updateConnectorAddress(215)) - HTTP server of HDDSDATANODE is listening at http://0.0.0.0:37896
2019-10-04 00:23:54,294 [main] INFO  impl.MetricsSystemImpl (MetricsSystemImpl.java:init(158)) - HddsDatanode metrics system started (again)
2019-10-04 00:23:54,299 [org.apache.hadoop.util.JvmPauseMonitor$Monitor@1ed2e874] INFO  util.JvmPauseMonitor (JvmPauseMonitor.java:run(188)) - Starting JVM pause monitor
2019-10-04 00:23:54,299 [main] INFO  ozone.HddsDatanodeService (HddsDatanodeService.java:start(184)) - HddsDatanodeService host:pr-hdds-1986-2jrbz-1673272497 ip:192.168.151.76
2019-10-04 00:23:54,300 [Datanode State Machine Thread - 0] INFO  datanode.InitDatanodeState (InitDatanodeState.java:persistContainerDatanodeDetails(140)) - DatanodeDetails is persisted to /workdir/hadoop-ozone/integration-test/target/test-dir/MiniOzoneClusterImpl-3b170045-66f0-4bc5-bb15-72b77228cdcf/datanode-5/meta/datanode.id
2019-10-04 00:23:54,306 [main] INFO  volume.HddsVolume (HddsVolume.java:<init>(176)) - Creating Volume: /workdir/hadoop-ozone/integration-test/target/test-dir/MiniOzoneClusterImpl-3b170045-66f0-4bc5-bb15-72b77228cdcf/datanode-6/data/containers/hdds of  storage type : DISK and capacity : 1482555576320
2019-10-04 00:23:54,306 [main] INFO  volume.VolumeSet (VolumeSet.java:initializeVolumeSet(170)) - Added Volume : /workdir/hadoop-ozone/integration-test/target/test-dir/MiniOzoneClusterImpl-3b170045-66f0-4bc5-bb15-72b77228cdcf/datanode-6/data/containers/hdds to VolumeSet
2019-10-04 00:23:54,307 [main] INFO  volume.ThrottledAsyncChecker (ThrottledAsyncChecker.java:schedule(139)) - Scheduling a check for org.apache.hadoop.ozone.container.common.volume.HddsVolume@750ed637
2019-10-04 00:23:54,307 [main] INFO  volume.HddsVolumeChecker (HddsVolumeChecker.java:checkAllVolumes(202)) - Scheduled health check for volume org.apache.hadoop.ozone.container.common.volume.HddsVolume@750ed637
2019-10-04 00:23:54,322 [main] INFO  impl.RaftServerProxy (ConfUtils.java:logGet(43)) - raft.rpc.type = GRPC (default)
2019-10-04 00:23:54,322 [main] INFO  grpc.GrpcFactory (GrpcFactory.java:checkPooledByteBufAllocatorUseCacheForAllThreads(45)) - PERFORMANCE WARNING: useCacheForAllThreads is true that may cause Netty to create a lot garbage objects and, as a result, trigger GC.
	It is recommended to disable useCacheForAllThreads by setting -Dorg.apache.ratis.thirdparty.io.netty.allocator.useCacheForAllThreads=false in command line.
2019-10-04 00:23:54,323 [main] INFO  grpc.GrpcConfigKeys$Server (ConfUtils.java:logGet(43)) - raft.grpc.server.port = 0 (default)
2019-10-04 00:23:54,323 [main] INFO  server.GrpcService (ConfUtils.java:logGet(43)) - raft.grpc.message.size.max = 33570816 (custom)
2019-10-04 00:23:54,323 [main] INFO  server.RaftServerConfigKeys (ConfUtils.java:logGet(43)) - raft.server.log.appender.buffer.byte-limit = 33554432 (custom)
2019-10-04 00:23:54,323 [main] INFO  server.GrpcService (ConfUtils.java:logGet(43)) - raft.grpc.flow.control.window = 1MB (=1048576) (default)
2019-10-04 00:23:54,324 [main] INFO  server.RaftServerConfigKeys (ConfUtils.java:logGet(43)) - raft.server.rpc.request.timeout = 3000ms (default)
2019-10-04 00:23:54,324 [main] INFO  server.RaftServerConfigKeys (ConfUtils.java:logGet(43)) - raft.server.storage.dir = [/workdir/hadoop-ozone/integration-test/target/test-dir/MiniOzoneClusterImpl-3b170045-66f0-4bc5-bb15-72b77228cdcf/datanode-6/data/ratis] (custom)
2019-10-04 00:23:54,325 [main] INFO  hdfs.DFSUtil (DFSUtil.java:httpServerTemplateForNNAndJN(1641)) - Starting Web-server for hddsDatanode at: http://0.0.0.0:0
2019-10-04 00:23:54,327 [main] INFO  server.AuthenticationFilter (AuthenticationFilter.java:constructSecretProvider(240)) - Unable to initialize FileSignerSecretProvider, falling back to use random secrets.
2019-10-04 00:23:54,327 [main] WARN  http.HttpRequestLog (HttpRequestLog.java:getRequestLog(97)) - Jetty request log can only be enabled using Log4j
2019-10-04 00:23:54,329 [main] INFO  http.HttpServer2 (HttpServer2.java:addGlobalFilter(975)) - Added global filter 'safety' (class=org.apache.hadoop.http.HttpServer2$QuotingInputFilter)
2019-10-04 00:23:54,330 [main] INFO  http.HttpServer2 (HttpServer2.java:addFilter(948)) - Added filter static_user_filter (class=org.apache.hadoop.http.lib.StaticUserWebFilter$StaticUserFilter) to context hddsDatanode
2019-10-04 00:23:54,330 [main] INFO  http.HttpServer2 (HttpServer2.java:addFilter(958)) - Added filter static_user_filter (class=org.apache.hadoop.http.lib.StaticUserWebFilter$StaticUserFilter) to context logs
2019-10-04 00:23:54,330 [main] INFO  http.HttpServer2 (HttpServer2.java:addFilter(958)) - Added filter static_user_filter (class=org.apache.hadoop.http.lib.StaticUserWebFilter$StaticUserFilter) to context static
2019-10-04 00:23:54,331 [main] INFO  http.HttpServer2 (HttpServer2.java:bindListener(1191)) - Jetty bound to port 37394
2019-10-04 00:23:54,331 [main] INFO  server.Server (Server.java:doStart(351)) - jetty-9.3.25.v20180904, build timestamp: 2018-09-04T21:11:46Z, git hash: 3ce520221d0240229c862b122d2b06c12a625732
2019-10-04 00:23:54,333 [main] INFO  handler.ContextHandler (ContextHandler.java:doStart(781)) - Started o.e.j.s.ServletContextHandler@7f4596d0{/logs,file:///workdir/hadoop-ozone/integration-test/target/log,AVAILABLE}
2019-10-04 00:23:54,333 [main] INFO  handler.ContextHandler (ContextHandler.java:doStart(781)) - Started o.e.j.s.ServletContextHandler@588545ac{/static,jar:file:/home/user/.m2/repository/org/apache/hadoop/hadoop-hdds-container-service/0.5.0-SNAPSHOT/hadoop-hdds-container-service-0.5.0-SNAPSHOT.jar!/webapps/static,AVAILABLE}
2019-10-04 00:23:54,359 [main] INFO  handler.ContextHandler (ContextHandler.java:doStart(781)) - Started o.e.j.w.WebAppContext@6dce59e{/,file:///tmp/jetty-0.0.0.0-37394-hddsDatanode-_-any-7984192229031557304.dir/webapp/,AVAILABLE}{/hddsDatanode}
2019-10-04 00:23:54,360 [main] INFO  server.AbstractConnector (AbstractConnector.java:doStart(278)) - Started ServerConnector@11381415{HTTP/1.1,[http/1.1]}{0.0.0.0:37394}
2019-10-04 00:23:54,362 [main] INFO  server.Server (Server.java:doStart(419)) - Started @105852ms
2019-10-04 00:23:54,362 [main] WARN  impl.MetricsSystemImpl (MetricsSystemImpl.java:register(276)) - Sink prometheus already exists!
2019-10-04 00:23:54,363 [main] INFO  server.BaseHttpServer (BaseHttpServer.java:updateConnectorAddress(215)) - HTTP server of HDDSDATANODE is listening at http://0.0.0.0:37394
2019-10-04 00:23:54,363 [main] INFO  ozone.MiniOzoneClusterImpl (MiniOzoneClusterImpl.java:lambda$waitForClusterToBeReady$0(147)) - Waiting for cluster to be ready. Got 0 of 7 DN Heartbeats.
2019-10-04 00:23:54,365 [org.apache.hadoop.util.JvmPauseMonitor$Monitor@39fc18da] INFO  util.JvmPauseMonitor (JvmPauseMonitor.java:run(188)) - Starting JVM pause monitor
2019-10-04 00:23:54,367 [Datanode State Machine Thread - 0] INFO  datanode.InitDatanodeState (InitDatanodeState.java:persistContainerDatanodeDetails(140)) - DatanodeDetails is persisted to /workdir/hadoop-ozone/integration-test/target/test-dir/MiniOzoneClusterImpl-3b170045-66f0-4bc5-bb15-72b77228cdcf/datanode-6/meta/datanode.id
2019-10-04 00:23:55,364 [main] INFO  ozone.MiniOzoneClusterImpl (MiniOzoneClusterImpl.java:lambda$waitForClusterToBeReady$0(147)) - Waiting for cluster to be ready. Got 0 of 7 DN Heartbeats.
2019-10-04 00:23:55,961 [Datanode State Machine Thread - 0] INFO  ozoneimpl.OzoneContainer (OzoneContainer.java:start(217)) - Attempting to start container services.
2019-10-04 00:23:55,962 [Datanode State Machine Thread - 0] INFO  ozoneimpl.OzoneContainer (OzoneContainer.java:startContainerScrub(179)) - Background container scanner has been disabled.
2019-10-04 00:23:55,962 [Datanode State Machine Thread - 0] INFO  ratis.XceiverServerRatis (XceiverServerRatis.java:start(417)) - Starting XceiverServerRatis 875507cb-af1c-43f0-a42d-2b33a4ea3e8f at port 0
2019-10-04 00:23:55,969 [Datanode State Machine Thread - 0] INFO  impl.RaftServerProxy (RaftServerProxy.java:lambda$start$3(299)) - 875507cb-af1c-43f0-a42d-2b33a4ea3e8f: start RPC server
2019-10-04 00:23:55,971 [Datanode State Machine Thread - 0] INFO  server.GrpcService (GrpcService.java:startImpl(158)) - 875507cb-af1c-43f0-a42d-2b33a4ea3e8f: GrpcService started, listening on 0.0.0.0/0.0.0.0:34100
2019-10-04 00:23:55,971 [Datanode State Machine Thread - 0] INFO  ratis.XceiverServerRatis (XceiverServerRatis.java:start(427)) - XceiverServerRatis 875507cb-af1c-43f0-a42d-2b33a4ea3e8f is started using port 34100
2019-10-04 00:23:55,971 [Datanode State Machine Thread - 0] INFO  server.XceiverServerGrpc (XceiverServerGrpc.java:start(149)) - XceiverServerGrpc 875507cb-af1c-43f0-a42d-2b33a4ea3e8f is started using port 37014
2019-10-04 00:23:56,033 [Datanode State Machine Thread - 0] INFO  ozoneimpl.OzoneContainer (OzoneContainer.java:start(217)) - Attempting to start container services.
2019-10-04 00:23:56,036 [Datanode State Machine Thread - 0] INFO  ozoneimpl.OzoneContainer (OzoneContainer.java:startContainerScrub(179)) - Background container scanner has been disabled.
2019-10-04 00:23:56,036 [Datanode State Machine Thread - 0] INFO  ratis.XceiverServerRatis (XceiverServerRatis.java:start(417)) - Starting XceiverServerRatis 77785bd1-e3fa-40ee-837b-c5096ff73ca9 at port 0
2019-10-04 00:23:56,045 [Datanode State Machine Thread - 0] INFO  impl.RaftServerProxy (RaftServerProxy.java:lambda$start$3(299)) - 77785bd1-e3fa-40ee-837b-c5096ff73ca9: start RPC server
2019-10-04 00:23:56,049 [Datanode State Machine Thread - 0] INFO  server.GrpcService (GrpcService.java:startImpl(158)) - 77785bd1-e3fa-40ee-837b-c5096ff73ca9: GrpcService started, listening on 0.0.0.0/0.0.0.0:40077
2019-10-04 00:23:56,049 [Datanode State Machine Thread - 0] INFO  ratis.XceiverServerRatis (XceiverServerRatis.java:start(427)) - XceiverServerRatis 77785bd1-e3fa-40ee-837b-c5096ff73ca9 is started using port 40077
2019-10-04 00:23:56,051 [Datanode State Machine Thread - 0] INFO  server.XceiverServerGrpc (XceiverServerGrpc.java:start(149)) - XceiverServerGrpc 77785bd1-e3fa-40ee-837b-c5096ff73ca9 is started using port 43276
2019-10-04 00:23:56,087 [Datanode State Machine Thread - 0] INFO  ozoneimpl.OzoneContainer (OzoneContainer.java:start(217)) - Attempting to start container services.
2019-10-04 00:23:56,087 [Datanode State Machine Thread - 0] INFO  ozoneimpl.OzoneContainer (OzoneContainer.java:startContainerScrub(179)) - Background container scanner has been disabled.
2019-10-04 00:23:56,087 [Datanode State Machine Thread - 0] INFO  ratis.XceiverServerRatis (XceiverServerRatis.java:start(417)) - Starting XceiverServerRatis c5f0827a-37fe-438c-8dc5-5846985bfa4f at port 0
2019-10-04 00:23:56,093 [Datanode State Machine Thread - 0] INFO  impl.RaftServerProxy (RaftServerProxy.java:lambda$start$3(299)) - c5f0827a-37fe-438c-8dc5-5846985bfa4f: start RPC server
2019-10-04 00:23:56,096 [Datanode State Machine Thread - 0] INFO  server.GrpcService (GrpcService.java:startImpl(158)) - c5f0827a-37fe-438c-8dc5-5846985bfa4f: GrpcService started, listening on 0.0.0.0/0.0.0.0:41793
2019-10-04 00:23:56,096 [Datanode State Machine Thread - 0] INFO  ratis.XceiverServerRatis (XceiverServerRatis.java:start(427)) - XceiverServerRatis c5f0827a-37fe-438c-8dc5-5846985bfa4f is started using port 41793
2019-10-04 00:23:56,097 [Datanode State Machine Thread - 0] INFO  server.XceiverServerGrpc (XceiverServerGrpc.java:start(149)) - XceiverServerGrpc c5f0827a-37fe-438c-8dc5-5846985bfa4f is started using port 42806
2019-10-04 00:23:56,145 [Datanode State Machine Thread - 0] INFO  ozoneimpl.OzoneContainer (OzoneContainer.java:start(217)) - Attempting to start container services.
2019-10-04 00:23:56,145 [Datanode State Machine Thread - 0] INFO  ozoneimpl.OzoneContainer (OzoneContainer.java:startContainerScrub(179)) - Background container scanner has been disabled.
2019-10-04 00:23:56,145 [Datanode State Machine Thread - 0] INFO  ratis.XceiverServerRatis (XceiverServerRatis.java:start(417)) - Starting XceiverServerRatis 71330204-bca2-4e99-8f93-d549681827cf at port 0
2019-10-04 00:23:56,153 [Datanode State Machine Thread - 0] INFO  impl.RaftServerProxy (RaftServerProxy.java:lambda$start$3(299)) - 71330204-bca2-4e99-8f93-d549681827cf: start RPC server
2019-10-04 00:23:56,157 [Datanode State Machine Thread - 0] INFO  server.GrpcService (GrpcService.java:startImpl(158)) - 71330204-bca2-4e99-8f93-d549681827cf: GrpcService started, listening on 0.0.0.0/0.0.0.0:43184
2019-10-04 00:23:56,157 [Datanode State Machine Thread - 0] INFO  ratis.XceiverServerRatis (XceiverServerRatis.java:start(427)) - XceiverServerRatis 71330204-bca2-4e99-8f93-d549681827cf is started using port 43184
2019-10-04 00:23:56,157 [Datanode State Machine Thread - 0] INFO  server.XceiverServerGrpc (XceiverServerGrpc.java:start(149)) - XceiverServerGrpc 71330204-bca2-4e99-8f93-d549681827cf is started using port 33281
2019-10-04 00:23:56,231 [Datanode State Machine Thread - 0] INFO  ozoneimpl.OzoneContainer (OzoneContainer.java:start(217)) - Attempting to start container services.
2019-10-04 00:23:56,231 [Datanode State Machine Thread - 0] INFO  ozoneimpl.OzoneContainer (OzoneContainer.java:startContainerScrub(179)) - Background container scanner has been disabled.
2019-10-04 00:23:56,231 [Datanode State Machine Thread - 0] INFO  ratis.XceiverServerRatis (XceiverServerRatis.java:start(417)) - Starting XceiverServerRatis 28c32f69-b092-44d1-8318-359d0ad59249 at port 0
2019-10-04 00:23:56,238 [Datanode State Machine Thread - 0] INFO  impl.RaftServerProxy (RaftServerProxy.java:lambda$start$3(299)) - 28c32f69-b092-44d1-8318-359d0ad59249: start RPC server
2019-10-04 00:23:56,241 [Datanode State Machine Thread - 0] INFO  server.GrpcService (GrpcService.java:startImpl(158)) - 28c32f69-b092-44d1-8318-359d0ad59249: GrpcService started, listening on 0.0.0.0/0.0.0.0:37361
2019-10-04 00:23:56,242 [Datanode State Machine Thread - 0] INFO  ratis.XceiverServerRatis (XceiverServerRatis.java:start(427)) - XceiverServerRatis 28c32f69-b092-44d1-8318-359d0ad59249 is started using port 37361
2019-10-04 00:23:56,242 [Datanode State Machine Thread - 0] INFO  server.XceiverServerGrpc (XceiverServerGrpc.java:start(149)) - XceiverServerGrpc 28c32f69-b092-44d1-8318-359d0ad59249 is started using port 33429
2019-10-04 00:23:56,313 [Datanode State Machine Thread - 0] INFO  ozoneimpl.OzoneContainer (OzoneContainer.java:start(217)) - Attempting to start container services.
2019-10-04 00:23:56,313 [Datanode State Machine Thread - 0] INFO  ozoneimpl.OzoneContainer (OzoneContainer.java:startContainerScrub(179)) - Background container scanner has been disabled.
2019-10-04 00:23:56,313 [Datanode State Machine Thread - 0] INFO  ratis.XceiverServerRatis (XceiverServerRatis.java:start(417)) - Starting XceiverServerRatis 90b0e1f5-b807-4e32-b018-7df713986417 at port 0
2019-10-04 00:23:56,321 [Datanode State Machine Thread - 0] INFO  impl.RaftServerProxy (RaftServerProxy.java:lambda$start$3(299)) - 90b0e1f5-b807-4e32-b018-7df713986417: start RPC server
2019-10-04 00:23:56,324 [Datanode State Machine Thread - 0] INFO  server.GrpcService (GrpcService.java:startImpl(158)) - 90b0e1f5-b807-4e32-b018-7df713986417: GrpcService started, listening on 0.0.0.0/0.0.0.0:42181
2019-10-04 00:23:56,324 [Datanode State Machine Thread - 0] INFO  ratis.XceiverServerRatis (XceiverServerRatis.java:start(427)) - XceiverServerRatis 90b0e1f5-b807-4e32-b018-7df713986417 is started using port 42181
2019-10-04 00:23:56,327 [Datanode State Machine Thread - 0] INFO  server.XceiverServerGrpc (XceiverServerGrpc.java:start(149)) - XceiverServerGrpc 90b0e1f5-b807-4e32-b018-7df713986417 is started using port 44500
2019-10-04 00:23:56,365 [main] INFO  ozone.MiniOzoneClusterImpl (MiniOzoneClusterImpl.java:lambda$waitForClusterToBeReady$0(147)) - Waiting for cluster to be ready. Got 0 of 7 DN Heartbeats.
2019-10-04 00:23:56,378 [Datanode State Machine Thread - 0] INFO  ozoneimpl.OzoneContainer (OzoneContainer.java:start(217)) - Attempting to start container services.
2019-10-04 00:23:56,379 [Datanode State Machine Thread - 0] INFO  ozoneimpl.OzoneContainer (OzoneContainer.java:startContainerScrub(179)) - Background container scanner has been disabled.
2019-10-04 00:23:56,379 [Datanode State Machine Thread - 0] INFO  ratis.XceiverServerRatis (XceiverServerRatis.java:start(417)) - Starting XceiverServerRatis fb0f8254-837a-42b9-b526-30a95c5bbcac at port 0
2019-10-04 00:23:56,387 [Datanode State Machine Thread - 0] INFO  impl.RaftServerProxy (RaftServerProxy.java:lambda$start$3(299)) - fb0f8254-837a-42b9-b526-30a95c5bbcac: start RPC server
2019-10-04 00:23:56,402 [Datanode State Machine Thread - 0] INFO  server.GrpcService (GrpcService.java:startImpl(158)) - fb0f8254-837a-42b9-b526-30a95c5bbcac: GrpcService started, listening on 0.0.0.0/0.0.0.0:42620
2019-10-04 00:23:56,402 [Datanode State Machine Thread - 0] INFO  ratis.XceiverServerRatis (XceiverServerRatis.java:start(427)) - XceiverServerRatis fb0f8254-837a-42b9-b526-30a95c5bbcac is started using port 42620
2019-10-04 00:23:56,402 [Datanode State Machine Thread - 0] INFO  server.XceiverServerGrpc (XceiverServerGrpc.java:start(149)) - XceiverServerGrpc fb0f8254-837a-42b9-b526-30a95c5bbcac is started using port 33936
2019-10-04 00:23:57,366 [main] INFO  ozone.MiniOzoneClusterImpl (MiniOzoneClusterImpl.java:lambda$waitForClusterToBeReady$0(147)) - Waiting for cluster to be ready. Got 0 of 7 DN Heartbeats.
2019-10-04 00:23:57,941 [IPC Server handler 9 on 35540] INFO  net.NetworkTopology (NetworkTopologyImpl.java:add(111)) - Added a new node: /default-rack/875507cb-af1c-43f0-a42d-2b33a4ea3e8f
2019-10-04 00:23:57,943 [IPC Server handler 9 on 35540] INFO  node.SCMNodeManager (SCMNodeManager.java:register(266)) - Registered Data node : 875507cb-af1c-43f0-a42d-2b33a4ea3e8f{ip: 192.168.151.76, host: pr-hdds-1986-2jrbz-1673272497, networkLocation: /default-rack, certSerialId: null}
2019-10-04 00:23:57,944 [EventQueue-NodeRegistrationContainerReportForDataNodeSafeModeRule] INFO  safemode.SCMSafeModeManager (DataNodeSafeModeRule.java:process(71)) - SCM in safe mode. 1 DataNodes registered, 1 required.
2019-10-04 00:23:57,946 [EventQueue-NodeRegistrationContainerReportForDataNodeSafeModeRule] INFO  safemode.SCMSafeModeManager (SCMSafeModeManager.java:validateSafeModeExitRules(177)) - ScmSafeModeManager, all rules are successfully validated
2019-10-04 00:23:57,946 [EventQueue-NodeRegistrationContainerReportForDataNodeSafeModeRule] INFO  safemode.SCMSafeModeManager (SCMSafeModeManager.java:exitSafeMode(193)) - SCM exiting safe mode.
2019-10-04 00:23:57,957 [grpc-default-executor-3] INFO  impl.RaftServerProxy (RaftServerProxy.java:addNew(89)) - 875507cb-af1c-43f0-a42d-2b33a4ea3e8f: addNew group-425469CA4E89:[875507cb-af1c-43f0-a42d-2b33a4ea3e8f:192.168.151.76:34100] returns group-425469CA4E89:java.util.concurrent.CompletableFuture@a4b492[Not completed]
2019-10-04 00:23:57,959 [pool-207-thread-1] INFO  impl.RaftServerImpl (RaftServerImpl.java:<init>(95)) - 875507cb-af1c-43f0-a42d-2b33a4ea3e8f: new RaftServerImpl for group-425469CA4E89:[875507cb-af1c-43f0-a42d-2b33a4ea3e8f:192.168.151.76:34100] with ContainerStateMachine:uninitialized
2019-10-04 00:23:57,959 [pool-207-thread-1] INFO  server.RaftServerConfigKeys (ConfUtils.java:logGet(43)) - raft.server.rpc.timeout.min = 5s (custom)
2019-10-04 00:23:57,959 [pool-207-thread-1] INFO  server.RaftServerConfigKeys (ConfUtils.java:logGet(43)) - raft.server.rpc.timeout.max = 5200ms (custom)
2019-10-04 00:23:57,959 [pool-207-thread-1] INFO  server.RaftServerConfigKeys (ConfUtils.java:logGet(43)) - raft.server.rpcslowness.timeout = 120s (custom)
2019-10-04 00:23:57,959 [pool-207-thread-1] INFO  server.RaftServerConfigKeys (ConfUtils.java:logGet(43)) - raft.server.sleep.deviation.threshold = 300 (default)
2019-10-04 00:23:57,960 [pool-207-thread-1] INFO  server.RaftServerConfigKeys (ConfUtils.java:logGet(43)) - raft.server.log.appender.install.snapshot.enabled = false (custom)
2019-10-04 00:23:57,960 [pool-207-thread-1] INFO  impl.RaftServerImpl (ServerState.java:<init>(103)) - 875507cb-af1c-43f0-a42d-2b33a4ea3e8f@group-425469CA4E89: ConfigurationManager, init=-1: [875507cb-af1c-43f0-a42d-2b33a4ea3e8f:192.168.151.76:34100], old=null, confs=<EMPTY_MAP>
2019-10-04 00:23:57,960 [pool-207-thread-1] INFO  server.RaftServerConfigKeys (ConfUtils.java:logGet(43)) - raft.server.storage.dir = [/workdir/hadoop-ozone/integration-test/target/test-dir/MiniOzoneClusterImpl-3b170045-66f0-4bc5-bb15-72b77228cdcf/datanode-0/data/ratis] (custom)
2019-10-04 00:23:57,960 [pool-207-thread-1] INFO  server.RaftServerConfigKeys (ConfUtils.java:logGet(43)) - raft.server.log.corruption.policy = EXCEPTION (default)
2019-10-04 00:23:57,961 [pool-207-thread-1] INFO  storage.RaftStorageDirectory (RaftStorageDirectory.java:analyzeStorage(246)) - The storage directory /workdir/hadoop-ozone/integration-test/target/test-dir/MiniOzoneClusterImpl-3b170045-66f0-4bc5-bb15-72b77228cdcf/datanode-0/data/ratis/e63e96fa-b770-4d94-aa19-425469ca4e89 does not exist. Creating ...
2019-10-04 00:23:57,974 [pool-207-thread-1] INFO  storage.RaftStorageDirectory (RaftStorageDirectory.java:tryLock(328)) - Lock on /workdir/hadoop-ozone/integration-test/target/test-dir/MiniOzoneClusterImpl-3b170045-66f0-4bc5-bb15-72b77228cdcf/datanode-0/data/ratis/e63e96fa-b770-4d94-aa19-425469ca4e89/in_use.lock acquired by nodename 21867@pr-hdds-1986-2jrbz-1673272497
2019-10-04 00:23:57,999 [pool-207-thread-1] INFO  storage.RaftStorage (RaftStorage.java:format(84)) - Storage directory /workdir/hadoop-ozone/integration-test/target/test-dir/MiniOzoneClusterImpl-3b170045-66f0-4bc5-bb15-72b77228cdcf/datanode-0/data/ratis/e63e96fa-b770-4d94-aa19-425469ca4e89 has been successfully formatted.
2019-10-04 00:23:57,999 [pool-207-thread-1] INFO  ratis.ContainerStateMachine (ContainerStateMachine.java:loadSnapshot(230)) - group-425469CA4E89: The snapshot info is null. Setting the last applied indexto:(t:0, i:~)
2019-10-04 00:23:58,000 [pool-207-thread-1] INFO  server.RaftServerConfigKeys (ConfUtils.java:logGet(43)) - raft.server.notification.no-leader.timeout = 120s (custom)
2019-10-04 00:23:58,000 [pool-207-thread-1] INFO  server.RaftServerConfigKeys (ConfUtils.java:logGet(43)) - raft.server.log.use.memory = false (default)
2019-10-04 00:23:58,000 [pool-207-thread-1] INFO  server.RaftServerConfigKeys (ConfUtils.java:logGet(43)) - raft.server.log.purge.gap = 1000000 (custom)
2019-10-04 00:23:58,000 [pool-207-thread-1] INFO  server.RaftServerConfigKeys (ConfUtils.java:logGet(43)) - raft.server.log.appender.buffer.byte-limit = 33554432 (custom)
2019-10-04 00:23:58,000 [pool-207-thread-1] INFO  server.RaftServerConfigKeys (ConfUtils.java:logGet(43)) - raft.server.log.segment.size.max = 1048576 (custom)
2019-10-04 00:23:58,002 [pool-207-thread-1] INFO  server.RaftServerConfigKeys (ConfUtils.java:logGet(43)) - raft.server.log.segment.cache.num.max = 2 (custom)
2019-10-04 00:23:58,003 [pool-207-thread-1] INFO  segmented.SegmentedRaftLogWorker (SegmentedRaftLogWorker.java:<init>(173)) - new 875507cb-af1c-43f0-a42d-2b33a4ea3e8f@group-425469CA4E89-SegmentedRaftLogWorker for RaftStorage:Storage Directory /workdir/hadoop-ozone/integration-test/target/test-dir/MiniOzoneClusterImpl-3b170045-66f0-4bc5-bb15-72b77228cdcf/datanode-0/data/ratis/e63e96fa-b770-4d94-aa19-425469ca4e89
2019-10-04 00:23:58,003 [pool-207-thread-1] INFO  server.RaftServerConfigKeys (ConfUtils.java:logGet(43)) - raft.server.log.queue.byte-limit = 2147483647 (custom)
2019-10-04 00:23:58,003 [pool-207-thread-1] INFO  server.RaftServerConfigKeys (ConfUtils.java:logGet(43)) - raft.server.log.queue.element-limit = 1024 (custom)
2019-10-04 00:23:58,003 [pool-207-thread-1] INFO  server.RaftServerConfigKeys (ConfUtils.java:logGet(43)) - raft.server.log.segment.size.max = 1048576 (custom)
2019-10-04 00:23:58,003 [pool-207-thread-1] INFO  server.RaftServerConfigKeys (ConfUtils.java:logGet(43)) - raft.server.log.preallocated.size = 16384 (custom)
2019-10-04 00:23:58,003 [pool-207-thread-1] INFO  server.RaftServerConfigKeys (ConfUtils.java:logGet(43)) - raft.server.log.write.buffer.size = 33554432 (custom)
2019-10-04 00:23:58,003 [pool-207-thread-1] INFO  server.RaftServerConfigKeys (ConfUtils.java:logGet(43)) - raft.server.log.force.sync.num = 128 (default)
2019-10-04 00:23:58,003 [pool-207-thread-1] INFO  server.RaftServerConfigKeys (ConfUtils.java:logGet(43)) - raft.server.log.statemachine.data.sync = true (default)
2019-10-04 00:23:58,004 [pool-207-thread-1] INFO  server.RaftServerConfigKeys (ConfUtils.java:logGet(43)) - raft.server.log.statemachine.data.sync.timeout = 10s (default)
2019-10-04 00:23:58,004 [pool-207-thread-1] INFO  server.RaftServerConfigKeys (ConfUtils.java:logGet(43)) - raft.server.log.statemachine.data.sync.timeout.retry = -1 (default)
2019-10-04 00:23:58,004 [pool-207-thread-1] INFO  server.RaftServerConfigKeys (ConfUtils.java:logGet(43)) - raft.server.log.statemachine.data.caching.enabled = true (custom)
2019-10-04 00:23:58,005 [pool-207-thread-1] INFO  segmented.SegmentedRaftLogWorker (SegmentedRaftLogWorker.java:lambda$new$0(128)) - 875507cb-af1c-43f0-a42d-2b33a4ea3e8f@group-425469CA4E89-SegmentedRaftLogWorker: flushIndex: setUnconditionally 0 -> -1
2019-10-04 00:23:58,005 [pool-207-thread-1] INFO  server.RaftServerConfigKeys (ConfUtils.java:logGet(43)) - raft.server.snapshot.auto.trigger.enabled = true (custom)
2019-10-04 00:23:58,005 [pool-207-thread-1] INFO  server.RaftServerConfigKeys (ConfUtils.java:logGet(43)) - raft.server.snapshot.auto.trigger.threshold = 10000 (custom)
2019-10-04 00:23:58,005 [pool-207-thread-1] INFO  server.RaftServerConfigKeys (ConfUtils.java:logGet(43)) - raft.server.snapshot.retention.file.num = 5 (custom)
2019-10-04 00:23:58,005 [pool-207-thread-1] INFO  server.RaftServerConfigKeys (ConfUtils.java:logGet(43)) - raft.server.retrycache.expirytime = 600000ms (custom)
2019-10-04 00:23:58,007 [pool-207-thread-1] INFO  impl.RaftServerImpl (RaftServerImpl.java:start(181)) - 875507cb-af1c-43f0-a42d-2b33a4ea3e8f@group-425469CA4E89: start as a follower, conf=-1: [875507cb-af1c-43f0-a42d-2b33a4ea3e8f:192.168.151.76:34100], old=null
2019-10-04 00:23:58,007 [pool-207-thread-1] INFO  impl.RaftServerImpl (RaftServerImpl.java:setRole(170)) - 875507cb-af1c-43f0-a42d-2b33a4ea3e8f@group-425469CA4E89: changes role from      null to FOLLOWER at term 0 for startAsFollower
2019-10-04 00:23:58,008 [pool-207-thread-1] INFO  impl.RoleInfo (RoleInfo.java:updateAndGet(143)) - 875507cb-af1c-43f0-a42d-2b33a4ea3e8f: start FollowerState
2019-10-04 00:23:58,008 [pool-207-thread-1] INFO  util.JmxRegister (JmxRegister.java:tryRegister(44)) - Successfully registered JMX Bean with object name Ratis:service=RaftServer,group=group-425469CA4E89,id=875507cb-af1c-43f0-a42d-2b33a4ea3e8f
2019-10-04 00:23:58,015 [IPC Server handler 4 on 35540] INFO  net.NetworkTopology (NetworkTopologyImpl.java:add(111)) - Added a new node: /default-rack/77785bd1-e3fa-40ee-837b-c5096ff73ca9
2019-10-04 00:23:58,015 [IPC Server handler 4 on 35540] INFO  node.SCMNodeManager (SCMNodeManager.java:register(266)) - Registered Data node : 77785bd1-e3fa-40ee-837b-c5096ff73ca9{ip: 192.168.151.76, host: pr-hdds-1986-2jrbz-1673272497, networkLocation: /default-rack, certSerialId: null}
2019-10-04 00:23:58,015 [RatisPipelineUtilsThread] INFO  pipeline.PipelineStateManager (PipelineStateManager.java:addPipeline(56)) - Created pipeline Pipeline[ Id: e63e96fa-b770-4d94-aa19-425469ca4e89, Nodes: 875507cb-af1c-43f0-a42d-2b33a4ea3e8f{ip: 192.168.151.76, host: pr-hdds-1986-2jrbz-1673272497, networkLocation: /default-rack, certSerialId: null}, Type:RATIS, Factor:ONE, State:OPEN]
2019-10-04 00:23:58,036 [grpc-default-executor-3] INFO  impl.RaftServerProxy (RaftServerProxy.java:addNew(89)) - 77785bd1-e3fa-40ee-837b-c5096ff73ca9: addNew group-5297E6E0F2C4:[77785bd1-e3fa-40ee-837b-c5096ff73ca9:192.168.151.76:40077] returns group-5297E6E0F2C4:java.util.concurrent.CompletableFuture@3f0b1851[Not completed]
2019-10-04 00:23:58,037 [pool-217-thread-1] INFO  impl.RaftServerImpl (RaftServerImpl.java:<init>(95)) - 77785bd1-e3fa-40ee-837b-c5096ff73ca9: new RaftServerImpl for group-5297E6E0F2C4:[77785bd1-e3fa-40ee-837b-c5096ff73ca9:192.168.151.76:40077] with ContainerStateMachine:uninitialized
2019-10-04 00:23:58,037 [pool-217-thread-1] INFO  server.RaftServerConfigKeys (ConfUtils.java:logGet(43)) - raft.server.rpc.timeout.min = 5s (custom)
2019-10-04 00:23:58,037 [pool-217-thread-1] INFO  server.RaftServerConfigKeys (ConfUtils.java:logGet(43)) - raft.server.rpc.timeout.max = 5200ms (custom)
2019-10-04 00:23:58,038 [pool-217-thread-1] INFO  server.RaftServerConfigKeys (ConfUtils.java:logGet(43)) - raft.server.rpcslowness.timeout = 120s (custom)
2019-10-04 00:23:58,038 [pool-217-thread-1] INFO  server.RaftServerConfigKeys (ConfUtils.java:logGet(43)) - raft.server.sleep.deviation.threshold = 300 (default)
2019-10-04 00:23:58,038 [pool-217-thread-1] INFO  server.RaftServerConfigKeys (ConfUtils.java:logGet(43)) - raft.server.log.appender.install.snapshot.enabled = false (custom)
2019-10-04 00:23:58,038 [pool-217-thread-1] INFO  impl.RaftServerImpl (ServerState.java:<init>(103)) - 77785bd1-e3fa-40ee-837b-c5096ff73ca9@group-5297E6E0F2C4: ConfigurationManager, init=-1: [77785bd1-e3fa-40ee-837b-c5096ff73ca9:192.168.151.76:40077], old=null, confs=<EMPTY_MAP>
2019-10-04 00:23:58,038 [pool-217-thread-1] INFO  server.RaftServerConfigKeys (ConfUtils.java:logGet(43)) - raft.server.storage.dir = [/workdir/hadoop-ozone/integration-test/target/test-dir/MiniOzoneClusterImpl-3b170045-66f0-4bc5-bb15-72b77228cdcf/datanode-1/data/ratis] (custom)
2019-10-04 00:23:58,038 [pool-217-thread-1] INFO  server.RaftServerConfigKeys (ConfUtils.java:logGet(43)) - raft.server.log.corruption.policy = EXCEPTION (default)
2019-10-04 00:23:58,039 [pool-217-thread-1] INFO  storage.RaftStorageDirectory (RaftStorageDirectory.java:analyzeStorage(246)) - The storage directory /workdir/hadoop-ozone/integration-test/target/test-dir/MiniOzoneClusterImpl-3b170045-66f0-4bc5-bb15-72b77228cdcf/datanode-1/data/ratis/f942041f-d7c7-4a80-9c5c-5297e6e0f2c4 does not exist. Creating ...
2019-10-04 00:23:58,051 [pool-217-thread-1] INFO  storage.RaftStorageDirectory (RaftStorageDirectory.java:tryLock(328)) - Lock on /workdir/hadoop-ozone/integration-test/target/test-dir/MiniOzoneClusterImpl-3b170045-66f0-4bc5-bb15-72b77228cdcf/datanode-1/data/ratis/f942041f-d7c7-4a80-9c5c-5297e6e0f2c4/in_use.lock acquired by nodename 21867@pr-hdds-1986-2jrbz-1673272497
2019-10-04 00:23:58,064 [pool-217-thread-1] INFO  storage.RaftStorage (RaftStorage.java:format(84)) - Storage directory /workdir/hadoop-ozone/integration-test/target/test-dir/MiniOzoneClusterImpl-3b170045-66f0-4bc5-bb15-72b77228cdcf/datanode-1/data/ratis/f942041f-d7c7-4a80-9c5c-5297e6e0f2c4 has been successfully formatted.
2019-10-04 00:23:58,065 [pool-217-thread-1] INFO  ratis.ContainerStateMachine (ContainerStateMachine.java:loadSnapshot(230)) - group-5297E6E0F2C4: The snapshot info is null. Setting the last applied indexto:(t:0, i:~)
2019-10-04 00:23:58,065 [pool-217-thread-1] INFO  server.RaftServerConfigKeys (ConfUtils.java:logGet(43)) - raft.server.notification.no-leader.timeout = 120s (custom)
2019-10-04 00:23:58,065 [pool-217-thread-1] INFO  server.RaftServerConfigKeys (ConfUtils.java:logGet(43)) - raft.server.log.use.memory = false (default)
2019-10-04 00:23:58,065 [pool-217-thread-1] INFO  server.RaftServerConfigKeys (ConfUtils.java:logGet(43)) - raft.server.log.purge.gap = 1000000 (custom)
2019-10-04 00:23:58,065 [pool-217-thread-1] INFO  server.RaftServerConfigKeys (ConfUtils.java:logGet(43)) - raft.server.log.appender.buffer.byte-limit = 33554432 (custom)
2019-10-04 00:23:58,065 [pool-217-thread-1] INFO  server.RaftServerConfigKeys (ConfUtils.java:logGet(43)) - raft.server.log.segment.size.max = 1048576 (custom)
2019-10-04 00:23:58,067 [pool-217-thread-1] INFO  server.RaftServerConfigKeys (ConfUtils.java:logGet(43)) - raft.server.log.segment.cache.num.max = 2 (custom)
2019-10-04 00:23:58,067 [pool-217-thread-1] INFO  segmented.SegmentedRaftLogWorker (SegmentedRaftLogWorker.java:<init>(173)) - new 77785bd1-e3fa-40ee-837b-c5096ff73ca9@group-5297E6E0F2C4-SegmentedRaftLogWorker for RaftStorage:Storage Directory /workdir/hadoop-ozone/integration-test/target/test-dir/MiniOzoneClusterImpl-3b170045-66f0-4bc5-bb15-72b77228cdcf/datanode-1/data/ratis/f942041f-d7c7-4a80-9c5c-5297e6e0f2c4
2019-10-04 00:23:58,067 [pool-217-thread-1] INFO  server.RaftServerConfigKeys (ConfUtils.java:logGet(43)) - raft.server.log.queue.byte-limit = 2147483647 (custom)
2019-10-04 00:23:58,068 [pool-217-thread-1] INFO  server.RaftServerConfigKeys (ConfUtils.java:logGet(43)) - raft.server.log.queue.element-limit = 1024 (custom)
2019-10-04 00:23:58,068 [pool-217-thread-1] INFO  server.RaftServerConfigKeys (ConfUtils.java:logGet(43)) - raft.server.log.segment.size.max = 1048576 (custom)
2019-10-04 00:23:58,068 [pool-217-thread-1] INFO  server.RaftServerConfigKeys (ConfUtils.java:logGet(43)) - raft.server.log.preallocated.size = 16384 (custom)
2019-10-04 00:23:58,068 [pool-217-thread-1] INFO  server.RaftServerConfigKeys (ConfUtils.java:logGet(43)) - raft.server.log.write.buffer.size = 33554432 (custom)
2019-10-04 00:23:58,068 [pool-217-thread-1] INFO  server.RaftServerConfigKeys (ConfUtils.java:logGet(43)) - raft.server.log.force.sync.num = 128 (default)
2019-10-04 00:23:58,068 [pool-217-thread-1] INFO  server.RaftServerConfigKeys (ConfUtils.java:logGet(43)) - raft.server.log.statemachine.data.sync = true (default)
2019-10-04 00:23:58,068 [pool-217-thread-1] INFO  server.RaftServerConfigKeys (ConfUtils.java:logGet(43)) - raft.server.log.statemachine.data.sync.timeout = 10s (default)
2019-10-04 00:23:58,069 [pool-217-thread-1] INFO  server.RaftServerConfigKeys (ConfUtils.java:logGet(43)) - raft.server.log.statemachine.data.sync.timeout.retry = -1 (default)
2019-10-04 00:23:58,069 [pool-217-thread-1] INFO  server.RaftServerConfigKeys (ConfUtils.java:logGet(43)) - raft.server.log.statemachine.data.caching.enabled = true (custom)
2019-10-04 00:23:58,069 [pool-217-thread-1] INFO  segmented.SegmentedRaftLogWorker (SegmentedRaftLogWorker.java:lambda$new$0(128)) - 77785bd1-e3fa-40ee-837b-c5096ff73ca9@group-5297E6E0F2C4-SegmentedRaftLogWorker: flushIndex: setUnconditionally 0 -> -1
2019-10-04 00:23:58,069 [pool-217-thread-1] INFO  server.RaftServerConfigKeys (ConfUtils.java:logGet(43)) - raft.server.snapshot.auto.trigger.enabled = true (custom)
2019-10-04 00:23:58,070 [pool-217-thread-1] INFO  server.RaftServerConfigKeys (ConfUtils.java:logGet(43)) - raft.server.snapshot.auto.trigger.threshold = 10000 (custom)
2019-10-04 00:23:58,070 [pool-217-thread-1] INFO  server.RaftServerConfigKeys (ConfUtils.java:logGet(43)) - raft.server.snapshot.retention.file.num = 5 (custom)
2019-10-04 00:23:58,070 [pool-217-thread-1] INFO  server.RaftServerConfigKeys (ConfUtils.java:logGet(43)) - raft.server.retrycache.expirytime = 600000ms (custom)
2019-10-04 00:23:58,072 [pool-217-thread-1] INFO  impl.RaftServerImpl (RaftServerImpl.java:start(181)) - 77785bd1-e3fa-40ee-837b-c5096ff73ca9@group-5297E6E0F2C4: start as a follower, conf=-1: [77785bd1-e3fa-40ee-837b-c5096ff73ca9:192.168.151.76:40077], old=null
2019-10-04 00:23:58,072 [pool-217-thread-1] INFO  impl.RaftServerImpl (RaftServerImpl.java:setRole(170)) - 77785bd1-e3fa-40ee-837b-c5096ff73ca9@group-5297E6E0F2C4: changes role from      null to FOLLOWER at term 0 for startAsFollower
2019-10-04 00:23:58,072 [pool-217-thread-1] INFO  impl.RoleInfo (RoleInfo.java:updateAndGet(143)) - 77785bd1-e3fa-40ee-837b-c5096ff73ca9: start FollowerState
2019-10-04 00:23:58,072 [pool-217-thread-1] INFO  util.JmxRegister (JmxRegister.java:tryRegister(44)) - Successfully registered JMX Bean with object name Ratis:service=RaftServer,group=group-5297E6E0F2C4,id=77785bd1-e3fa-40ee-837b-c5096ff73ca9
2019-10-04 00:23:58,074 [IPC Server handler 3 on 35540] INFO  net.NetworkTopology (NetworkTopologyImpl.java:add(111)) - Added a new node: /default-rack/c5f0827a-37fe-438c-8dc5-5846985bfa4f
2019-10-04 00:23:58,075 [IPC Server handler 3 on 35540] INFO  node.SCMNodeManager (SCMNodeManager.java:register(266)) - Registered Data node : c5f0827a-37fe-438c-8dc5-5846985bfa4f{ip: 192.168.151.76, host: pr-hdds-1986-2jrbz-1673272497, networkLocation: /default-rack, certSerialId: null}
2019-10-04 00:23:58,079 [RatisPipelineUtilsThread] INFO  pipeline.PipelineStateManager (PipelineStateManager.java:addPipeline(56)) - Created pipeline Pipeline[ Id: f942041f-d7c7-4a80-9c5c-5297e6e0f2c4, Nodes: 77785bd1-e3fa-40ee-837b-c5096ff73ca9{ip: 192.168.151.76, host: pr-hdds-1986-2jrbz-1673272497, networkLocation: /default-rack, certSerialId: null}, Type:RATIS, Factor:ONE, State:OPEN]
2019-10-04 00:23:58,088 [grpc-default-executor-3] INFO  impl.RaftServerProxy (RaftServerProxy.java:addNew(89)) - c5f0827a-37fe-438c-8dc5-5846985bfa4f: addNew group-1B4662383BE6:[c5f0827a-37fe-438c-8dc5-5846985bfa4f:192.168.151.76:41793] returns group-1B4662383BE6:java.util.concurrent.CompletableFuture@200db7b5[Not completed]
2019-10-04 00:23:58,090 [pool-227-thread-1] INFO  impl.RaftServerImpl (RaftServerImpl.java:<init>(95)) - c5f0827a-37fe-438c-8dc5-5846985bfa4f: new RaftServerImpl for group-1B4662383BE6:[c5f0827a-37fe-438c-8dc5-5846985bfa4f:192.168.151.76:41793] with ContainerStateMachine:uninitialized
2019-10-04 00:23:58,090 [pool-227-thread-1] INFO  server.RaftServerConfigKeys (ConfUtils.java:logGet(43)) - raft.server.rpc.timeout.min = 5s (custom)
2019-10-04 00:23:58,090 [pool-227-thread-1] INFO  server.RaftServerConfigKeys (ConfUtils.java:logGet(43)) - raft.server.rpc.timeout.max = 5200ms (custom)
2019-10-04 00:23:58,090 [pool-227-thread-1] INFO  server.RaftServerConfigKeys (ConfUtils.java:logGet(43)) - raft.server.rpcslowness.timeout = 120s (custom)
2019-10-04 00:23:58,090 [pool-227-thread-1] INFO  server.RaftServerConfigKeys (ConfUtils.java:logGet(43)) - raft.server.sleep.deviation.threshold = 300 (default)
2019-10-04 00:23:58,090 [pool-227-thread-1] INFO  server.RaftServerConfigKeys (ConfUtils.java:logGet(43)) - raft.server.log.appender.install.snapshot.enabled = false (custom)
2019-10-04 00:23:58,090 [pool-227-thread-1] INFO  impl.RaftServerImpl (ServerState.java:<init>(103)) - c5f0827a-37fe-438c-8dc5-5846985bfa4f@group-1B4662383BE6: ConfigurationManager, init=-1: [c5f0827a-37fe-438c-8dc5-5846985bfa4f:192.168.151.76:41793], old=null, confs=<EMPTY_MAP>
2019-10-04 00:23:58,090 [pool-227-thread-1] INFO  server.RaftServerConfigKeys (ConfUtils.java:logGet(43)) - raft.server.storage.dir = [/workdir/hadoop-ozone/integration-test/target/test-dir/MiniOzoneClusterImpl-3b170045-66f0-4bc5-bb15-72b77228cdcf/datanode-2/data/ratis] (custom)
2019-10-04 00:23:58,091 [pool-227-thread-1] INFO  server.RaftServerConfigKeys (ConfUtils.java:logGet(43)) - raft.server.log.corruption.policy = EXCEPTION (default)
2019-10-04 00:23:58,091 [pool-227-thread-1] INFO  storage.RaftStorageDirectory (RaftStorageDirectory.java:analyzeStorage(246)) - The storage directory /workdir/hadoop-ozone/integration-test/target/test-dir/MiniOzoneClusterImpl-3b170045-66f0-4bc5-bb15-72b77228cdcf/datanode-2/data/ratis/35265042-7d13-4fe3-bedc-1b4662383be6 does not exist. Creating ...
2019-10-04 00:23:58,104 [pool-227-thread-1] INFO  storage.RaftStorageDirectory (RaftStorageDirectory.java:tryLock(328)) - Lock on /workdir/hadoop-ozone/integration-test/target/test-dir/MiniOzoneClusterImpl-3b170045-66f0-4bc5-bb15-72b77228cdcf/datanode-2/data/ratis/35265042-7d13-4fe3-bedc-1b4662383be6/in_use.lock acquired by nodename 21867@pr-hdds-1986-2jrbz-1673272497
2019-10-04 00:23:58,132 [IPC Server handler 6 on 35540] INFO  net.NetworkTopology (NetworkTopologyImpl.java:add(111)) - Added a new node: /default-rack/71330204-bca2-4e99-8f93-d549681827cf
2019-10-04 00:23:58,132 [IPC Server handler 6 on 35540] INFO  node.SCMNodeManager (SCMNodeManager.java:register(266)) - Registered Data node : 71330204-bca2-4e99-8f93-d549681827cf{ip: 192.168.151.76, host: pr-hdds-1986-2jrbz-1673272497, networkLocation: /default-rack, certSerialId: null}
2019-10-04 00:23:58,137 [pool-227-thread-1] INFO  storage.RaftStorage (RaftStorage.java:format(84)) - Storage directory /workdir/hadoop-ozone/integration-test/target/test-dir/MiniOzoneClusterImpl-3b170045-66f0-4bc5-bb15-72b77228cdcf/datanode-2/data/ratis/35265042-7d13-4fe3-bedc-1b4662383be6 has been successfully formatted.
2019-10-04 00:23:58,137 [pool-227-thread-1] INFO  ratis.ContainerStateMachine (ContainerStateMachine.java:loadSnapshot(230)) - group-1B4662383BE6: The snapshot info is null. Setting the last applied indexto:(t:0, i:~)
2019-10-04 00:23:58,138 [pool-227-thread-1] INFO  server.RaftServerConfigKeys (ConfUtils.java:logGet(43)) - raft.server.notification.no-leader.timeout = 120s (custom)
2019-10-04 00:23:58,138 [pool-227-thread-1] INFO  server.RaftServerConfigKeys (ConfUtils.java:logGet(43)) - raft.server.log.use.memory = false (default)
2019-10-04 00:23:58,138 [pool-227-thread-1] INFO  server.RaftServerConfigKeys (ConfUtils.java:logGet(43)) - raft.server.log.purge.gap = 1000000 (custom)
2019-10-04 00:23:58,138 [pool-227-thread-1] INFO  server.RaftServerConfigKeys (ConfUtils.java:logGet(43)) - raft.server.log.appender.buffer.byte-limit = 33554432 (custom)
2019-10-04 00:23:58,138 [pool-227-thread-1] INFO  server.RaftServerConfigKeys (ConfUtils.java:logGet(43)) - raft.server.log.segment.size.max = 1048576 (custom)
2019-10-04 00:23:58,141 [pool-227-thread-1] INFO  server.RaftServerConfigKeys (ConfUtils.java:logGet(43)) - raft.server.log.segment.cache.num.max = 2 (custom)
2019-10-04 00:23:58,141 [pool-227-thread-1] INFO  segmented.SegmentedRaftLogWorker (SegmentedRaftLogWorker.java:<init>(173)) - new c5f0827a-37fe-438c-8dc5-5846985bfa4f@group-1B4662383BE6-SegmentedRaftLogWorker for RaftStorage:Storage Directory /workdir/hadoop-ozone/integration-test/target/test-dir/MiniOzoneClusterImpl-3b170045-66f0-4bc5-bb15-72b77228cdcf/datanode-2/data/ratis/35265042-7d13-4fe3-bedc-1b4662383be6
2019-10-04 00:23:58,141 [pool-227-thread-1] INFO  server.RaftServerConfigKeys (ConfUtils.java:logGet(43)) - raft.server.log.queue.byte-limit = 2147483647 (custom)
2019-10-04 00:23:58,141 [pool-227-thread-1] INFO  server.RaftServerConfigKeys (ConfUtils.java:logGet(43)) - raft.server.log.queue.element-limit = 1024 (custom)
2019-10-04 00:23:58,141 [pool-227-thread-1] INFO  server.RaftServerConfigKeys (ConfUtils.java:logGet(43)) - raft.server.log.segment.size.max = 1048576 (custom)
2019-10-04 00:23:58,142 [pool-227-thread-1] INFO  server.RaftServerConfigKeys (ConfUtils.java:logGet(43)) - raft.server.log.preallocated.size = 16384 (custom)
2019-10-04 00:23:58,142 [pool-227-thread-1] INFO  server.RaftServerConfigKeys (ConfUtils.java:logGet(43)) - raft.server.log.write.buffer.size = 33554432 (custom)
2019-10-04 00:23:58,142 [pool-227-thread-1] INFO  server.RaftServerConfigKeys (ConfUtils.java:logGet(43)) - raft.server.log.force.sync.num = 128 (default)
2019-10-04 00:23:58,142 [pool-227-thread-1] INFO  server.RaftServerConfigKeys (ConfUtils.java:logGet(43)) - raft.server.log.statemachine.data.sync = true (default)
2019-10-04 00:23:58,142 [pool-227-thread-1] INFO  server.RaftServerConfigKeys (ConfUtils.java:logGet(43)) - raft.server.log.statemachine.data.sync.timeout = 10s (default)
2019-10-04 00:23:58,142 [pool-227-thread-1] INFO  server.RaftServerConfigKeys (ConfUtils.java:logGet(43)) - raft.server.log.statemachine.data.sync.timeout.retry = -1 (default)
2019-10-04 00:23:58,143 [pool-227-thread-1] INFO  server.RaftServerConfigKeys (ConfUtils.java:logGet(43)) - raft.server.log.statemachine.data.caching.enabled = true (custom)
2019-10-04 00:23:58,143 [pool-227-thread-1] INFO  segmented.SegmentedRaftLogWorker (SegmentedRaftLogWorker.java:lambda$new$0(128)) - c5f0827a-37fe-438c-8dc5-5846985bfa4f@group-1B4662383BE6-SegmentedRaftLogWorker: flushIndex: setUnconditionally 0 -> -1
2019-10-04 00:23:58,144 [pool-227-thread-1] INFO  server.RaftServerConfigKeys (ConfUtils.java:logGet(43)) - raft.server.snapshot.auto.trigger.enabled = true (custom)
2019-10-04 00:23:58,144 [pool-227-thread-1] INFO  server.RaftServerConfigKeys (ConfUtils.java:logGet(43)) - raft.server.snapshot.auto.trigger.threshold = 10000 (custom)
2019-10-04 00:23:58,144 [pool-227-thread-1] INFO  server.RaftServerConfigKeys (ConfUtils.java:logGet(43)) - raft.server.snapshot.retention.file.num = 5 (custom)
2019-10-04 00:23:58,144 [pool-227-thread-1] INFO  server.RaftServerConfigKeys (ConfUtils.java:logGet(43)) - raft.server.retrycache.expirytime = 600000ms (custom)
2019-10-04 00:23:58,146 [pool-227-thread-1] INFO  impl.RaftServerImpl (RaftServerImpl.java:start(181)) - c5f0827a-37fe-438c-8dc5-5846985bfa4f@group-1B4662383BE6: start as a follower, conf=-1: [c5f0827a-37fe-438c-8dc5-5846985bfa4f:192.168.151.76:41793], old=null
2019-10-04 00:23:58,146 [pool-227-thread-1] INFO  impl.RaftServerImpl (RaftServerImpl.java:setRole(170)) - c5f0827a-37fe-438c-8dc5-5846985bfa4f@group-1B4662383BE6: changes role from      null to FOLLOWER at term 0 for startAsFollower
2019-10-04 00:23:58,147 [pool-227-thread-1] INFO  impl.RoleInfo (RoleInfo.java:updateAndGet(143)) - c5f0827a-37fe-438c-8dc5-5846985bfa4f: start FollowerState
2019-10-04 00:23:58,147 [pool-227-thread-1] INFO  util.JmxRegister (JmxRegister.java:tryRegister(44)) - Successfully registered JMX Bean with object name Ratis:service=RaftServer,group=group-1B4662383BE6,id=c5f0827a-37fe-438c-8dc5-5846985bfa4f
2019-10-04 00:23:58,154 [RatisPipelineUtilsThread] INFO  pipeline.PipelineStateManager (PipelineStateManager.java:addPipeline(56)) - Created pipeline Pipeline[ Id: 35265042-7d13-4fe3-bedc-1b4662383be6, Nodes: c5f0827a-37fe-438c-8dc5-5846985bfa4f{ip: 192.168.151.76, host: pr-hdds-1986-2jrbz-1673272497, networkLocation: /default-rack, certSerialId: null}, Type:RATIS, Factor:ONE, State:OPEN]
2019-10-04 00:23:58,173 [grpc-default-executor-3] INFO  impl.RaftServerProxy (RaftServerProxy.java:addNew(89)) - 71330204-bca2-4e99-8f93-d549681827cf: addNew group-FEA9185C42D5:[71330204-bca2-4e99-8f93-d549681827cf:192.168.151.76:43184] returns group-FEA9185C42D5:java.util.concurrent.CompletableFuture@56497ef2[Not completed]
2019-10-04 00:23:58,175 [pool-237-thread-1] INFO  impl.RaftServerImpl (RaftServerImpl.java:<init>(95)) - 71330204-bca2-4e99-8f93-d549681827cf: new RaftServerImpl for group-FEA9185C42D5:[71330204-bca2-4e99-8f93-d549681827cf:192.168.151.76:43184] with ContainerStateMachine:uninitialized
2019-10-04 00:23:58,175 [pool-237-thread-1] INFO  server.RaftServerConfigKeys (ConfUtils.java:logGet(43)) - raft.server.rpc.timeout.min = 5s (custom)
2019-10-04 00:23:58,175 [pool-237-thread-1] INFO  server.RaftServerConfigKeys (ConfUtils.java:logGet(43)) - raft.server.rpc.timeout.max = 5200ms (custom)
2019-10-04 00:23:58,175 [pool-237-thread-1] INFO  server.RaftServerConfigKeys (ConfUtils.java:logGet(43)) - raft.server.rpcslowness.timeout = 120s (custom)
2019-10-04 00:23:58,175 [pool-237-thread-1] INFO  server.RaftServerConfigKeys (ConfUtils.java:logGet(43)) - raft.server.sleep.deviation.threshold = 300 (default)
2019-10-04 00:23:58,176 [pool-237-thread-1] INFO  server.RaftServerConfigKeys (ConfUtils.java:logGet(43)) - raft.server.log.appender.install.snapshot.enabled = false (custom)
2019-10-04 00:23:58,176 [pool-237-thread-1] INFO  impl.RaftServerImpl (ServerState.java:<init>(103)) - 71330204-bca2-4e99-8f93-d549681827cf@group-FEA9185C42D5: ConfigurationManager, init=-1: [71330204-bca2-4e99-8f93-d549681827cf:192.168.151.76:43184], old=null, confs=<EMPTY_MAP>
2019-10-04 00:23:58,176 [pool-237-thread-1] INFO  server.RaftServerConfigKeys (ConfUtils.java:logGet(43)) - raft.server.storage.dir = [/workdir/hadoop-ozone/integration-test/target/test-dir/MiniOzoneClusterImpl-3b170045-66f0-4bc5-bb15-72b77228cdcf/datanode-3/data/ratis] (custom)
2019-10-04 00:23:58,176 [pool-237-thread-1] INFO  server.RaftServerConfigKeys (ConfUtils.java:logGet(43)) - raft.server.log.corruption.policy = EXCEPTION (default)
2019-10-04 00:23:58,176 [pool-237-thread-1] INFO  storage.RaftStorageDirectory (RaftStorageDirectory.java:analyzeStorage(246)) - The storage directory /workdir/hadoop-ozone/integration-test/target/test-dir/MiniOzoneClusterImpl-3b170045-66f0-4bc5-bb15-72b77228cdcf/datanode-3/data/ratis/b64d644b-cfbe-4482-a380-fea9185c42d5 does not exist. Creating ...
2019-10-04 00:23:58,189 [pool-237-thread-1] INFO  storage.RaftStorageDirectory (RaftStorageDirectory.java:tryLock(328)) - Lock on /workdir/hadoop-ozone/integration-test/target/test-dir/MiniOzoneClusterImpl-3b170045-66f0-4bc5-bb15-72b77228cdcf/datanode-3/data/ratis/b64d644b-cfbe-4482-a380-fea9185c42d5/in_use.lock acquired by nodename 21867@pr-hdds-1986-2jrbz-1673272497
2019-10-04 00:23:58,202 [pool-237-thread-1] INFO  storage.RaftStorage (RaftStorage.java:format(84)) - Storage directory /workdir/hadoop-ozone/integration-test/target/test-dir/MiniOzoneClusterImpl-3b170045-66f0-4bc5-bb15-72b77228cdcf/datanode-3/data/ratis/b64d644b-cfbe-4482-a380-fea9185c42d5 has been successfully formatted.
2019-10-04 00:23:58,203 [pool-237-thread-1] INFO  ratis.ContainerStateMachine (ContainerStateMachine.java:loadSnapshot(230)) - group-FEA9185C42D5: The snapshot info is null. Setting the last applied indexto:(t:0, i:~)
2019-10-04 00:23:58,203 [pool-237-thread-1] INFO  server.RaftServerConfigKeys (ConfUtils.java:logGet(43)) - raft.server.notification.no-leader.timeout = 120s (custom)
2019-10-04 00:23:58,203 [pool-237-thread-1] INFO  server.RaftServerConfigKeys (ConfUtils.java:logGet(43)) - raft.server.log.use.memory = false (default)
2019-10-04 00:23:58,203 [pool-237-thread-1] INFO  server.RaftServerConfigKeys (ConfUtils.java:logGet(43)) - raft.server.log.purge.gap = 1000000 (custom)
2019-10-04 00:23:58,203 [pool-237-thread-1] INFO  server.RaftServerConfigKeys (ConfUtils.java:logGet(43)) - raft.server.log.appender.buffer.byte-limit = 33554432 (custom)
2019-10-04 00:23:58,204 [pool-237-thread-1] INFO  server.RaftServerConfigKeys (ConfUtils.java:logGet(43)) - raft.server.log.segment.size.max = 1048576 (custom)
2019-10-04 00:23:58,205 [pool-237-thread-1] INFO  server.RaftServerConfigKeys (ConfUtils.java:logGet(43)) - raft.server.log.segment.cache.num.max = 2 (custom)
2019-10-04 00:23:58,206 [pool-237-thread-1] INFO  segmented.SegmentedRaftLogWorker (SegmentedRaftLogWorker.java:<init>(173)) - new 71330204-bca2-4e99-8f93-d549681827cf@group-FEA9185C42D5-SegmentedRaftLogWorker for RaftStorage:Storage Directory /workdir/hadoop-ozone/integration-test/target/test-dir/MiniOzoneClusterImpl-3b170045-66f0-4bc5-bb15-72b77228cdcf/datanode-3/data/ratis/b64d644b-cfbe-4482-a380-fea9185c42d5
2019-10-04 00:23:58,206 [pool-237-thread-1] INFO  server.RaftServerConfigKeys (ConfUtils.java:logGet(43)) - raft.server.log.queue.byte-limit = 2147483647 (custom)
2019-10-04 00:23:58,206 [pool-237-thread-1] INFO  server.RaftServerConfigKeys (ConfUtils.java:logGet(43)) - raft.server.log.queue.element-limit = 1024 (custom)
2019-10-04 00:23:58,206 [pool-237-thread-1] INFO  server.RaftServerConfigKeys (ConfUtils.java:logGet(43)) - raft.server.log.segment.size.max = 1048576 (custom)
2019-10-04 00:23:58,206 [pool-237-thread-1] INFO  server.RaftServerConfigKeys (ConfUtils.java:logGet(43)) - raft.server.log.preallocated.size = 16384 (custom)
2019-10-04 00:23:58,206 [pool-237-thread-1] INFO  server.RaftServerConfigKeys (ConfUtils.java:logGet(43)) - raft.server.log.write.buffer.size = 33554432 (custom)
2019-10-04 00:23:58,207 [pool-237-thread-1] INFO  server.RaftServerConfigKeys (ConfUtils.java:logGet(43)) - raft.server.log.force.sync.num = 128 (default)
2019-10-04 00:23:58,207 [pool-237-thread-1] INFO  server.RaftServerConfigKeys (ConfUtils.java:logGet(43)) - raft.server.log.statemachine.data.sync = true (default)
2019-10-04 00:23:58,207 [pool-237-thread-1] INFO  server.RaftServerConfigKeys (ConfUtils.java:logGet(43)) - raft.server.log.statemachine.data.sync.timeout = 10s (default)
2019-10-04 00:23:58,207 [pool-237-thread-1] INFO  server.RaftServerConfigKeys (ConfUtils.java:logGet(43)) - raft.server.log.statemachine.data.sync.timeout.retry = -1 (default)
2019-10-04 00:23:58,208 [pool-237-thread-1] INFO  server.RaftServerConfigKeys (ConfUtils.java:logGet(43)) - raft.server.log.statemachine.data.caching.enabled = true (custom)
2019-10-04 00:23:58,208 [pool-237-thread-1] INFO  segmented.SegmentedRaftLogWorker (SegmentedRaftLogWorker.java:lambda$new$0(128)) - 71330204-bca2-4e99-8f93-d549681827cf@group-FEA9185C42D5-SegmentedRaftLogWorker: flushIndex: setUnconditionally 0 -> -1
2019-10-04 00:23:58,208 [pool-237-thread-1] INFO  server.RaftServerConfigKeys (ConfUtils.java:logGet(43)) - raft.server.snapshot.auto.trigger.enabled = true (custom)
2019-10-04 00:23:58,208 [pool-237-thread-1] INFO  server.RaftServerConfigKeys (ConfUtils.java:logGet(43)) - raft.server.snapshot.auto.trigger.threshold = 10000 (custom)
2019-10-04 00:23:58,209 [pool-237-thread-1] INFO  server.RaftServerConfigKeys (ConfUtils.java:logGet(43)) - raft.server.snapshot.retention.file.num = 5 (custom)
2019-10-04 00:23:58,209 [pool-237-thread-1] INFO  server.RaftServerConfigKeys (ConfUtils.java:logGet(43)) - raft.server.retrycache.expirytime = 600000ms (custom)
2019-10-04 00:23:58,211 [pool-237-thread-1] INFO  impl.RaftServerImpl (RaftServerImpl.java:start(181)) - 71330204-bca2-4e99-8f93-d549681827cf@group-FEA9185C42D5: start as a follower, conf=-1: [71330204-bca2-4e99-8f93-d549681827cf:192.168.151.76:43184], old=null
2019-10-04 00:23:58,211 [pool-237-thread-1] INFO  impl.RaftServerImpl (RaftServerImpl.java:setRole(170)) - 71330204-bca2-4e99-8f93-d549681827cf@group-FEA9185C42D5: changes role from      null to FOLLOWER at term 0 for startAsFollower
2019-10-04 00:23:58,212 [pool-237-thread-1] INFO  impl.RoleInfo (RoleInfo.java:updateAndGet(143)) - 71330204-bca2-4e99-8f93-d549681827cf: start FollowerState
2019-10-04 00:23:58,212 [pool-237-thread-1] INFO  util.JmxRegister (JmxRegister.java:tryRegister(44)) - Successfully registered JMX Bean with object name Ratis:service=RaftServer,group=group-FEA9185C42D5,id=71330204-bca2-4e99-8f93-d549681827cf
2019-10-04 00:23:58,219 [IPC Server handler 18 on 35540] INFO  net.NetworkTopology (NetworkTopologyImpl.java:add(111)) - Added a new node: /default-rack/28c32f69-b092-44d1-8318-359d0ad59249
2019-10-04 00:23:58,219 [RatisPipelineUtilsThread] INFO  pipeline.PipelineStateManager (PipelineStateManager.java:addPipeline(56)) - Created pipeline Pipeline[ Id: b64d644b-cfbe-4482-a380-fea9185c42d5, Nodes: 71330204-bca2-4e99-8f93-d549681827cf{ip: 192.168.151.76, host: pr-hdds-1986-2jrbz-1673272497, networkLocation: /default-rack, certSerialId: null}, Type:RATIS, Factor:ONE, State:OPEN]
2019-10-04 00:23:58,219 [IPC Server handler 18 on 35540] INFO  node.SCMNodeManager (SCMNodeManager.java:register(266)) - Registered Data node : 28c32f69-b092-44d1-8318-359d0ad59249{ip: 192.168.151.76, host: pr-hdds-1986-2jrbz-1673272497, networkLocation: /default-rack, certSerialId: null}
2019-10-04 00:23:58,229 [grpc-default-executor-3] INFO  impl.RaftServerProxy (RaftServerProxy.java:addNew(89)) - 28c32f69-b092-44d1-8318-359d0ad59249: addNew group-955329839E59:[28c32f69-b092-44d1-8318-359d0ad59249:192.168.151.76:37361] returns group-955329839E59:java.util.concurrent.CompletableFuture@1f02cf40[Not completed]
2019-10-04 00:23:58,231 [pool-247-thread-1] INFO  impl.RaftServerImpl (RaftServerImpl.java:<init>(95)) - 28c32f69-b092-44d1-8318-359d0ad59249: new RaftServerImpl for group-955329839E59:[28c32f69-b092-44d1-8318-359d0ad59249:192.168.151.76:37361] with ContainerStateMachine:uninitialized
2019-10-04 00:23:58,231 [pool-247-thread-1] INFO  server.RaftServerConfigKeys (ConfUtils.java:logGet(43)) - raft.server.rpc.timeout.min = 5s (custom)
2019-10-04 00:23:58,231 [pool-247-thread-1] INFO  server.RaftServerConfigKeys (ConfUtils.java:logGet(43)) - raft.server.rpc.timeout.max = 5200ms (custom)
2019-10-04 00:23:58,231 [pool-247-thread-1] INFO  server.RaftServerConfigKeys (ConfUtils.java:logGet(43)) - raft.server.rpcslowness.timeout = 120s (custom)
2019-10-04 00:23:58,231 [pool-247-thread-1] INFO  server.RaftServerConfigKeys (ConfUtils.java:logGet(43)) - raft.server.sleep.deviation.threshold = 300 (default)
2019-10-04 00:23:58,232 [pool-247-thread-1] INFO  server.RaftServerConfigKeys (ConfUtils.java:logGet(43)) - raft.server.log.appender.install.snapshot.enabled = false (custom)
2019-10-04 00:23:58,232 [pool-247-thread-1] INFO  impl.RaftServerImpl (ServerState.java:<init>(103)) - 28c32f69-b092-44d1-8318-359d0ad59249@group-955329839E59: ConfigurationManager, init=-1: [28c32f69-b092-44d1-8318-359d0ad59249:192.168.151.76:37361], old=null, confs=<EMPTY_MAP>
2019-10-04 00:23:58,232 [pool-247-thread-1] INFO  server.RaftServerConfigKeys (ConfUtils.java:logGet(43)) - raft.server.storage.dir = [/workdir/hadoop-ozone/integration-test/target/test-dir/MiniOzoneClusterImpl-3b170045-66f0-4bc5-bb15-72b77228cdcf/datanode-4/data/ratis] (custom)
2019-10-04 00:23:58,232 [pool-247-thread-1] INFO  server.RaftServerConfigKeys (ConfUtils.java:logGet(43)) - raft.server.log.corruption.policy = EXCEPTION (default)
2019-10-04 00:23:58,232 [pool-247-thread-1] INFO  storage.RaftStorageDirectory (RaftStorageDirectory.java:analyzeStorage(246)) - The storage directory /workdir/hadoop-ozone/integration-test/target/test-dir/MiniOzoneClusterImpl-3b170045-66f0-4bc5-bb15-72b77228cdcf/datanode-4/data/ratis/658b43d9-8672-4132-8797-955329839e59 does not exist. Creating ...
2019-10-04 00:23:58,245 [pool-247-thread-1] INFO  storage.RaftStorageDirectory (RaftStorageDirectory.java:tryLock(328)) - Lock on /workdir/hadoop-ozone/integration-test/target/test-dir/MiniOzoneClusterImpl-3b170045-66f0-4bc5-bb15-72b77228cdcf/datanode-4/data/ratis/658b43d9-8672-4132-8797-955329839e59/in_use.lock acquired by nodename 21867@pr-hdds-1986-2jrbz-1673272497
2019-10-04 00:23:58,258 [pool-247-thread-1] INFO  storage.RaftStorage (RaftStorage.java:format(84)) - Storage directory /workdir/hadoop-ozone/integration-test/target/test-dir/MiniOzoneClusterImpl-3b170045-66f0-4bc5-bb15-72b77228cdcf/datanode-4/data/ratis/658b43d9-8672-4132-8797-955329839e59 has been successfully formatted.
2019-10-04 00:23:58,258 [pool-247-thread-1] INFO  ratis.ContainerStateMachine (ContainerStateMachine.java:loadSnapshot(230)) - group-955329839E59: The snapshot info is null. Setting the last applied indexto:(t:0, i:~)
2019-10-04 00:23:58,258 [pool-247-thread-1] INFO  server.RaftServerConfigKeys (ConfUtils.java:logGet(43)) - raft.server.notification.no-leader.timeout = 120s (custom)
2019-10-04 00:23:58,258 [pool-247-thread-1] INFO  server.RaftServerConfigKeys (ConfUtils.java:logGet(43)) - raft.server.log.use.memory = false (default)
2019-10-04 00:23:58,258 [pool-247-thread-1] INFO  server.RaftServerConfigKeys (ConfUtils.java:logGet(43)) - raft.server.log.purge.gap = 1000000 (custom)
2019-10-04 00:23:58,259 [pool-247-thread-1] INFO  server.RaftServerConfigKeys (ConfUtils.java:logGet(43)) - raft.server.log.appender.buffer.byte-limit = 33554432 (custom)
2019-10-04 00:23:58,259 [pool-247-thread-1] INFO  server.RaftServerConfigKeys (ConfUtils.java:logGet(43)) - raft.server.log.segment.size.max = 1048576 (custom)
2019-10-04 00:23:58,260 [pool-247-thread-1] INFO  server.RaftServerConfigKeys (ConfUtils.java:logGet(43)) - raft.server.log.segment.cache.num.max = 2 (custom)
2019-10-04 00:23:58,261 [pool-247-thread-1] INFO  segmented.SegmentedRaftLogWorker (SegmentedRaftLogWorker.java:<init>(173)) - new 28c32f69-b092-44d1-8318-359d0ad59249@group-955329839E59-SegmentedRaftLogWorker for RaftStorage:Storage Directory /workdir/hadoop-ozone/integration-test/target/test-dir/MiniOzoneClusterImpl-3b170045-66f0-4bc5-bb15-72b77228cdcf/datanode-4/data/ratis/658b43d9-8672-4132-8797-955329839e59
2019-10-04 00:23:58,261 [pool-247-thread-1] INFO  server.RaftServerConfigKeys (ConfUtils.java:logGet(43)) - raft.server.log.queue.byte-limit = 2147483647 (custom)
2019-10-04 00:23:58,261 [pool-247-thread-1] INFO  server.RaftServerConfigKeys (ConfUtils.java:logGet(43)) - raft.server.log.queue.element-limit = 1024 (custom)
2019-10-04 00:23:58,261 [pool-247-thread-1] INFO  server.RaftServerConfigKeys (ConfUtils.java:logGet(43)) - raft.server.log.segment.size.max = 1048576 (custom)
2019-10-04 00:23:58,261 [pool-247-thread-1] INFO  server.RaftServerConfigKeys (ConfUtils.java:logGet(43)) - raft.server.log.preallocated.size = 16384 (custom)
2019-10-04 00:23:58,261 [pool-247-thread-1] INFO  server.RaftServerConfigKeys (ConfUtils.java:logGet(43)) - raft.server.log.write.buffer.size = 33554432 (custom)
2019-10-04 00:23:58,261 [pool-247-thread-1] INFO  server.RaftServerConfigKeys (ConfUtils.java:logGet(43)) - raft.server.log.force.sync.num = 128 (default)
2019-10-04 00:23:58,262 [pool-247-thread-1] INFO  server.RaftServerConfigKeys (ConfUtils.java:logGet(43)) - raft.server.log.statemachine.data.sync = true (default)
2019-10-04 00:23:58,262 [pool-247-thread-1] INFO  server.RaftServerConfigKeys (ConfUtils.java:logGet(43)) - raft.server.log.statemachine.data.sync.timeout = 10s (default)
2019-10-04 00:23:58,262 [pool-247-thread-1] INFO  server.RaftServerConfigKeys (ConfUtils.java:logGet(43)) - raft.server.log.statemachine.data.sync.timeout.retry = -1 (default)
2019-10-04 00:23:58,262 [pool-247-thread-1] INFO  server.RaftServerConfigKeys (ConfUtils.java:logGet(43)) - raft.server.log.statemachine.data.caching.enabled = true (custom)
2019-10-04 00:23:58,262 [pool-247-thread-1] INFO  segmented.SegmentedRaftLogWorker (SegmentedRaftLogWorker.java:lambda$new$0(128)) - 28c32f69-b092-44d1-8318-359d0ad59249@group-955329839E59-SegmentedRaftLogWorker: flushIndex: setUnconditionally 0 -> -1
2019-10-04 00:23:58,263 [pool-247-thread-1] INFO  server.RaftServerConfigKeys (ConfUtils.java:logGet(43)) - raft.server.snapshot.auto.trigger.enabled = true (custom)
2019-10-04 00:23:58,263 [pool-247-thread-1] INFO  server.RaftServerConfigKeys (ConfUtils.java:logGet(43)) - raft.server.snapshot.auto.trigger.threshold = 10000 (custom)
2019-10-04 00:23:58,263 [pool-247-thread-1] INFO  server.RaftServerConfigKeys (ConfUtils.java:logGet(43)) - raft.server.snapshot.retention.file.num = 5 (custom)
2019-10-04 00:23:58,263 [pool-247-thread-1] INFO  server.RaftServerConfigKeys (ConfUtils.java:logGet(43)) - raft.server.retrycache.expirytime = 600000ms (custom)
2019-10-04 00:23:58,265 [pool-247-thread-1] INFO  impl.RaftServerImpl (RaftServerImpl.java:start(181)) - 28c32f69-b092-44d1-8318-359d0ad59249@group-955329839E59: start as a follower, conf=-1: [28c32f69-b092-44d1-8318-359d0ad59249:192.168.151.76:37361], old=null
2019-10-04 00:23:58,265 [pool-247-thread-1] INFO  impl.RaftServerImpl (RaftServerImpl.java:setRole(170)) - 28c32f69-b092-44d1-8318-359d0ad59249@group-955329839E59: changes role from      null to FOLLOWER at term 0 for startAsFollower
2019-10-04 00:23:58,265 [pool-247-thread-1] INFO  impl.RoleInfo (RoleInfo.java:updateAndGet(143)) - 28c32f69-b092-44d1-8318-359d0ad59249: start FollowerState
2019-10-04 00:23:58,266 [pool-247-thread-1] INFO  util.JmxRegister (JmxRegister.java:tryRegister(44)) - Successfully registered JMX Bean with object name Ratis:service=RaftServer,group=group-955329839E59,id=28c32f69-b092-44d1-8318-359d0ad59249
2019-10-04 00:23:58,273 [RatisPipelineUtilsThread] INFO  pipeline.PipelineStateManager (PipelineStateManager.java:addPipeline(56)) - Created pipeline Pipeline[ Id: 658b43d9-8672-4132-8797-955329839e59, Nodes: 28c32f69-b092-44d1-8318-359d0ad59249{ip: 192.168.151.76, host: pr-hdds-1986-2jrbz-1673272497, networkLocation: /default-rack, certSerialId: null}, Type:RATIS, Factor:ONE, State:OPEN]
2019-10-04 00:23:58,286 [grpc-default-executor-0] INFO  impl.RaftServerProxy (RaftServerProxy.java:addNew(89)) - 77785bd1-e3fa-40ee-837b-c5096ff73ca9: addNew group-50998A96B5E1:[28c32f69-b092-44d1-8318-359d0ad59249:192.168.151.76:37361, 71330204-bca2-4e99-8f93-d549681827cf:192.168.151.76:43184, 77785bd1-e3fa-40ee-837b-c5096ff73ca9:192.168.151.76:40077] returns group-50998A96B5E1:java.util.concurrent.CompletableFuture@6f68419c[Not completed]
2019-10-04 00:23:58,292 [grpc-default-executor-0] INFO  impl.RaftServerProxy (RaftServerProxy.java:addNew(89)) - 71330204-bca2-4e99-8f93-d549681827cf: addNew group-50998A96B5E1:[28c32f69-b092-44d1-8318-359d0ad59249:192.168.151.76:37361, 71330204-bca2-4e99-8f93-d549681827cf:192.168.151.76:43184, 77785bd1-e3fa-40ee-837b-c5096ff73ca9:192.168.151.76:40077] returns group-50998A96B5E1:java.util.concurrent.CompletableFuture@10b08ef8[Not completed]
2019-10-04 00:23:58,292 [pool-217-thread-1] INFO  impl.RaftServerImpl (RaftServerImpl.java:<init>(95)) - 77785bd1-e3fa-40ee-837b-c5096ff73ca9: new RaftServerImpl for group-50998A96B5E1:[28c32f69-b092-44d1-8318-359d0ad59249:192.168.151.76:37361, 71330204-bca2-4e99-8f93-d549681827cf:192.168.151.76:43184, 77785bd1-e3fa-40ee-837b-c5096ff73ca9:192.168.151.76:40077] with ContainerStateMachine:uninitialized
2019-10-04 00:23:58,292 [grpc-default-executor-2] INFO  impl.RaftServerProxy (RaftServerProxy.java:addNew(89)) - 28c32f69-b092-44d1-8318-359d0ad59249: addNew group-50998A96B5E1:[28c32f69-b092-44d1-8318-359d0ad59249:192.168.151.76:37361, 71330204-bca2-4e99-8f93-d549681827cf:192.168.151.76:43184, 77785bd1-e3fa-40ee-837b-c5096ff73ca9:192.168.151.76:40077] returns group-50998A96B5E1:java.util.concurrent.CompletableFuture@36c62550[Not completed]
2019-10-04 00:23:58,292 [pool-217-thread-1] INFO  server.RaftServerConfigKeys (ConfUtils.java:logGet(43)) - raft.server.rpc.timeout.min = 5s (custom)
2019-10-04 00:23:58,293 [pool-217-thread-1] INFO  server.RaftServerConfigKeys (ConfUtils.java:logGet(43)) - raft.server.rpc.timeout.max = 5200ms (custom)
2019-10-04 00:23:58,293 [pool-217-thread-1] INFO  server.RaftServerConfigKeys (ConfUtils.java:logGet(43)) - raft.server.rpcslowness.timeout = 120s (custom)
2019-10-04 00:23:58,293 [pool-217-thread-1] INFO  server.RaftServerConfigKeys (ConfUtils.java:logGet(43)) - raft.server.sleep.deviation.threshold = 300 (default)
2019-10-04 00:23:58,293 [pool-217-thread-1] INFO  server.RaftServerConfigKeys (ConfUtils.java:logGet(43)) - raft.server.log.appender.install.snapshot.enabled = false (custom)
2019-10-04 00:23:58,293 [pool-247-thread-1] INFO  impl.RaftServerImpl (RaftServerImpl.java:<init>(95)) - 28c32f69-b092-44d1-8318-359d0ad59249: new RaftServerImpl for group-50998A96B5E1:[28c32f69-b092-44d1-8318-359d0ad59249:192.168.151.76:37361, 71330204-bca2-4e99-8f93-d549681827cf:192.168.151.76:43184, 77785bd1-e3fa-40ee-837b-c5096ff73ca9:192.168.151.76:40077] with ContainerStateMachine:uninitialized
2019-10-04 00:23:58,293 [pool-217-thread-1] INFO  impl.RaftServerImpl (ServerState.java:<init>(103)) - 77785bd1-e3fa-40ee-837b-c5096ff73ca9@group-50998A96B5E1: ConfigurationManager, init=-1: [28c32f69-b092-44d1-8318-359d0ad59249:192.168.151.76:37361, 71330204-bca2-4e99-8f93-d549681827cf:192.168.151.76:43184, 77785bd1-e3fa-40ee-837b-c5096ff73ca9:192.168.151.76:40077], old=null, confs=<EMPTY_MAP>
2019-10-04 00:23:58,293 [pool-247-thread-1] INFO  server.RaftServerConfigKeys (ConfUtils.java:logGet(43)) - raft.server.rpc.timeout.min = 5s (custom)
2019-10-04 00:23:58,294 [pool-217-thread-1] INFO  server.RaftServerConfigKeys (ConfUtils.java:logGet(43)) - raft.server.storage.dir = [/workdir/hadoop-ozone/integration-test/target/test-dir/MiniOzoneClusterImpl-3b170045-66f0-4bc5-bb15-72b77228cdcf/datanode-1/data/ratis] (custom)
2019-10-04 00:23:58,294 [pool-247-thread-1] INFO  server.RaftServerConfigKeys (ConfUtils.java:logGet(43)) - raft.server.rpc.timeout.max = 5200ms (custom)
2019-10-04 00:23:58,294 [pool-237-thread-1] INFO  impl.RaftServerImpl (RaftServerImpl.java:<init>(95)) - 71330204-bca2-4e99-8f93-d549681827cf: new RaftServerImpl for group-50998A96B5E1:[28c32f69-b092-44d1-8318-359d0ad59249:192.168.151.76:37361, 71330204-bca2-4e99-8f93-d549681827cf:192.168.151.76:43184, 77785bd1-e3fa-40ee-837b-c5096ff73ca9:192.168.151.76:40077] with ContainerStateMachine:uninitialized
2019-10-04 00:23:58,294 [pool-217-thread-1] INFO  server.RaftServerConfigKeys (ConfUtils.java:logGet(43)) - raft.server.log.corruption.policy = EXCEPTION (default)
2019-10-04 00:23:58,294 [pool-237-thread-1] INFO  server.RaftServerConfigKeys (ConfUtils.java:logGet(43)) - raft.server.rpc.timeout.min = 5s (custom)
2019-10-04 00:23:58,294 [pool-247-thread-1] INFO  server.RaftServerConfigKeys (ConfUtils.java:logGet(43)) - raft.server.rpcslowness.timeout = 120s (custom)
2019-10-04 00:23:58,294 [pool-237-thread-1] INFO  server.RaftServerConfigKeys (ConfUtils.java:logGet(43)) - raft.server.rpc.timeout.max = 5200ms (custom)
2019-10-04 00:23:58,294 [pool-217-thread-1] INFO  storage.RaftStorageDirectory (RaftStorageDirectory.java:analyzeStorage(246)) - The storage directory /workdir/hadoop-ozone/integration-test/target/test-dir/MiniOzoneClusterImpl-3b170045-66f0-4bc5-bb15-72b77228cdcf/datanode-1/data/ratis/af43dfa1-0888-4745-962a-50998a96b5e1 does not exist. Creating ...
2019-10-04 00:23:58,294 [pool-237-thread-1] INFO  server.RaftServerConfigKeys (ConfUtils.java:logGet(43)) - raft.server.rpcslowness.timeout = 120s (custom)
2019-10-04 00:23:58,294 [pool-247-thread-1] INFO  server.RaftServerConfigKeys (ConfUtils.java:logGet(43)) - raft.server.sleep.deviation.threshold = 300 (default)
2019-10-04 00:23:58,295 [pool-237-thread-1] INFO  server.RaftServerConfigKeys (ConfUtils.java:logGet(43)) - raft.server.sleep.deviation.threshold = 300 (default)
2019-10-04 00:23:58,295 [pool-247-thread-1] INFO  server.RaftServerConfigKeys (ConfUtils.java:logGet(43)) - raft.server.log.appender.install.snapshot.enabled = false (custom)
2019-10-04 00:23:58,295 [pool-237-thread-1] INFO  server.RaftServerConfigKeys (ConfUtils.java:logGet(43)) - raft.server.log.appender.install.snapshot.enabled = false (custom)
2019-10-04 00:23:58,295 [pool-247-thread-1] INFO  impl.RaftServerImpl (ServerState.java:<init>(103)) - 28c32f69-b092-44d1-8318-359d0ad59249@group-50998A96B5E1: ConfigurationManager, init=-1: [28c32f69-b092-44d1-8318-359d0ad59249:192.168.151.76:37361, 71330204-bca2-4e99-8f93-d549681827cf:192.168.151.76:43184, 77785bd1-e3fa-40ee-837b-c5096ff73ca9:192.168.151.76:40077], old=null, confs=<EMPTY_MAP>
2019-10-04 00:23:58,295 [pool-237-thread-1] INFO  impl.RaftServerImpl (ServerState.java:<init>(103)) - 71330204-bca2-4e99-8f93-d549681827cf@group-50998A96B5E1: ConfigurationManager, init=-1: [28c32f69-b092-44d1-8318-359d0ad59249:192.168.151.76:37361, 71330204-bca2-4e99-8f93-d549681827cf:192.168.151.76:43184, 77785bd1-e3fa-40ee-837b-c5096ff73ca9:192.168.151.76:40077], old=null, confs=<EMPTY_MAP>
2019-10-04 00:23:58,295 [pool-247-thread-1] INFO  server.RaftServerConfigKeys (ConfUtils.java:logGet(43)) - raft.server.storage.dir = [/workdir/hadoop-ozone/integration-test/target/test-dir/MiniOzoneClusterImpl-3b170045-66f0-4bc5-bb15-72b77228cdcf/datanode-4/data/ratis] (custom)
2019-10-04 00:23:58,295 [pool-237-thread-1] INFO  server.RaftServerConfigKeys (ConfUtils.java:logGet(43)) - raft.server.storage.dir = [/workdir/hadoop-ozone/integration-test/target/test-dir/MiniOzoneClusterImpl-3b170045-66f0-4bc5-bb15-72b77228cdcf/datanode-3/data/ratis] (custom)
2019-10-04 00:23:58,296 [pool-247-thread-1] INFO  server.RaftServerConfigKeys (ConfUtils.java:logGet(43)) - raft.server.log.corruption.policy = EXCEPTION (default)
2019-10-04 00:23:58,296 [pool-237-thread-1] INFO  server.RaftServerConfigKeys (ConfUtils.java:logGet(43)) - raft.server.log.corruption.policy = EXCEPTION (default)
2019-10-04 00:23:58,296 [pool-247-thread-1] INFO  storage.RaftStorageDirectory (RaftStorageDirectory.java:analyzeStorage(246)) - The storage directory /workdir/hadoop-ozone/integration-test/target/test-dir/MiniOzoneClusterImpl-3b170045-66f0-4bc5-bb15-72b77228cdcf/datanode-4/data/ratis/af43dfa1-0888-4745-962a-50998a96b5e1 does not exist. Creating ...
2019-10-04 00:23:58,296 [pool-237-thread-1] INFO  storage.RaftStorageDirectory (RaftStorageDirectory.java:analyzeStorage(246)) - The storage directory /workdir/hadoop-ozone/integration-test/target/test-dir/MiniOzoneClusterImpl-3b170045-66f0-4bc5-bb15-72b77228cdcf/datanode-3/data/ratis/af43dfa1-0888-4745-962a-50998a96b5e1 does not exist. Creating ...
2019-10-04 00:23:58,300 [IPC Server handler 0 on 35540] INFO  net.NetworkTopology (NetworkTopologyImpl.java:add(111)) - Added a new node: /default-rack/90b0e1f5-b807-4e32-b018-7df713986417
2019-10-04 00:23:58,300 [IPC Server handler 0 on 35540] INFO  node.SCMNodeManager (SCMNodeManager.java:register(266)) - Registered Data node : 90b0e1f5-b807-4e32-b018-7df713986417{ip: 192.168.151.76, host: pr-hdds-1986-2jrbz-1673272497, networkLocation: /default-rack, certSerialId: null}
2019-10-04 00:23:58,308 [pool-247-thread-1] INFO  storage.RaftStorageDirectory (RaftStorageDirectory.java:tryLock(328)) - Lock on /workdir/hadoop-ozone/integration-test/target/test-dir/MiniOzoneClusterImpl-3b170045-66f0-4bc5-bb15-72b77228cdcf/datanode-4/data/ratis/af43dfa1-0888-4745-962a-50998a96b5e1/in_use.lock acquired by nodename 21867@pr-hdds-1986-2jrbz-1673272497
2019-10-04 00:23:58,308 [pool-217-thread-1] INFO  storage.RaftStorageDirectory (RaftStorageDirectory.java:tryLock(328)) - Lock on /workdir/hadoop-ozone/integration-test/target/test-dir/MiniOzoneClusterImpl-3b170045-66f0-4bc5-bb15-72b77228cdcf/datanode-1/data/ratis/af43dfa1-0888-4745-962a-50998a96b5e1/in_use.lock acquired by nodename 21867@pr-hdds-1986-2jrbz-1673272497
2019-10-04 00:23:58,308 [pool-237-thread-1] INFO  storage.RaftStorageDirectory (RaftStorageDirectory.java:tryLock(328)) - Lock on /workdir/hadoop-ozone/integration-test/target/test-dir/MiniOzoneClusterImpl-3b170045-66f0-4bc5-bb15-72b77228cdcf/datanode-3/data/ratis/af43dfa1-0888-4745-962a-50998a96b5e1/in_use.lock acquired by nodename 21867@pr-hdds-1986-2jrbz-1673272497
2019-10-04 00:23:58,334 [pool-247-thread-1] INFO  storage.RaftStorage (RaftStorage.java:format(84)) - Storage directory /workdir/hadoop-ozone/integration-test/target/test-dir/MiniOzoneClusterImpl-3b170045-66f0-4bc5-bb15-72b77228cdcf/datanode-4/data/ratis/af43dfa1-0888-4745-962a-50998a96b5e1 has been successfully formatted.
2019-10-04 00:23:58,334 [pool-217-thread-1] INFO  storage.RaftStorage (RaftStorage.java:format(84)) - Storage directory /workdir/hadoop-ozone/integration-test/target/test-dir/MiniOzoneClusterImpl-3b170045-66f0-4bc5-bb15-72b77228cdcf/datanode-1/data/ratis/af43dfa1-0888-4745-962a-50998a96b5e1 has been successfully formatted.
2019-10-04 00:23:58,334 [pool-237-thread-1] INFO  storage.RaftStorage (RaftStorage.java:format(84)) - Storage directory /workdir/hadoop-ozone/integration-test/target/test-dir/MiniOzoneClusterImpl-3b170045-66f0-4bc5-bb15-72b77228cdcf/datanode-3/data/ratis/af43dfa1-0888-4745-962a-50998a96b5e1 has been successfully formatted.
2019-10-04 00:23:58,334 [pool-217-thread-1] INFO  ratis.ContainerStateMachine (ContainerStateMachine.java:loadSnapshot(230)) - group-50998A96B5E1: The snapshot info is null. Setting the last applied indexto:(t:0, i:~)
2019-10-04 00:23:58,334 [pool-247-thread-1] INFO  ratis.ContainerStateMachine (ContainerStateMachine.java:loadSnapshot(230)) - group-50998A96B5E1: The snapshot info is null. Setting the last applied indexto:(t:0, i:~)
2019-10-04 00:23:58,334 [pool-217-thread-1] INFO  server.RaftServerConfigKeys (ConfUtils.java:logGet(43)) - raft.server.notification.no-leader.timeout = 120s (custom)
2019-10-04 00:23:58,334 [pool-237-thread-1] INFO  ratis.ContainerStateMachine (ContainerStateMachine.java:loadSnapshot(230)) - group-50998A96B5E1: The snapshot info is null. Setting the last applied indexto:(t:0, i:~)
2019-10-04 00:23:58,335 [pool-217-thread-1] INFO  server.RaftServerConfigKeys (ConfUtils.java:logGet(43)) - raft.server.log.use.memory = false (default)
2019-10-04 00:23:58,335 [pool-247-thread-1] INFO  server.RaftServerConfigKeys (ConfUtils.java:logGet(43)) - raft.server.notification.no-leader.timeout = 120s (custom)
2019-10-04 00:23:58,335 [pool-217-thread-1] INFO  server.RaftServerConfigKeys (ConfUtils.java:logGet(43)) - raft.server.log.purge.gap = 1000000 (custom)
2019-10-04 00:23:58,335 [pool-237-thread-1] INFO  server.RaftServerConfigKeys (ConfUtils.java:logGet(43)) - raft.server.notification.no-leader.timeout = 120s (custom)
2019-10-04 00:23:58,335 [pool-217-thread-1] INFO  server.RaftServerConfigKeys (ConfUtils.java:logGet(43)) - raft.server.log.appender.buffer.byte-limit = 33554432 (custom)
2019-10-04 00:23:58,335 [pool-247-thread-1] INFO  server.RaftServerConfigKeys (ConfUtils.java:logGet(43)) - raft.server.log.use.memory = false (default)
2019-10-04 00:23:58,336 [pool-217-thread-1] INFO  server.RaftServerConfigKeys (ConfUtils.java:logGet(43)) - raft.server.log.segment.size.max = 1048576 (custom)
2019-10-04 00:23:58,335 [pool-237-thread-1] INFO  server.RaftServerConfigKeys (ConfUtils.java:logGet(43)) - raft.server.log.use.memory = false (default)
2019-10-04 00:23:58,336 [pool-217-thread-1] INFO  server.RaftServerConfigKeys (ConfUtils.java:logGet(43)) - raft.server.log.segment.cache.num.max = 2 (custom)
2019-10-04 00:23:58,336 [pool-247-thread-1] INFO  server.RaftServerConfigKeys (ConfUtils.java:logGet(43)) - raft.server.log.purge.gap = 1000000 (custom)
2019-10-04 00:23:58,336 [pool-217-thread-1] INFO  segmented.SegmentedRaftLogWorker (SegmentedRaftLogWorker.java:<init>(173)) - new 77785bd1-e3fa-40ee-837b-c5096ff73ca9@group-50998A96B5E1-SegmentedRaftLogWorker for RaftStorage:Storage Directory /workdir/hadoop-ozone/integration-test/target/test-dir/MiniOzoneClusterImpl-3b170045-66f0-4bc5-bb15-72b77228cdcf/datanode-1/data/ratis/af43dfa1-0888-4745-962a-50998a96b5e1
2019-10-04 00:23:58,336 [pool-237-thread-1] INFO  server.RaftServerConfigKeys (ConfUtils.java:logGet(43)) - raft.server.log.purge.gap = 1000000 (custom)
2019-10-04 00:23:58,336 [pool-217-thread-1] INFO  server.RaftServerConfigKeys (ConfUtils.java:logGet(43)) - raft.server.log.queue.byte-limit = 2147483647 (custom)
2019-10-04 00:23:58,336 [pool-247-thread-1] INFO  server.RaftServerConfigKeys (ConfUtils.java:logGet(43)) - raft.server.log.appender.buffer.byte-limit = 33554432 (custom)
2019-10-04 00:23:58,337 [pool-217-thread-1] INFO  server.RaftServerConfigKeys (ConfUtils.java:logGet(43)) - raft.server.log.queue.element-limit = 1024 (custom)
2019-10-04 00:23:58,337 [pool-237-thread-1] INFO  server.RaftServerConfigKeys (ConfUtils.java:logGet(43)) - raft.server.log.appender.buffer.byte-limit = 33554432 (custom)
2019-10-04 00:23:58,337 [pool-217-thread-1] INFO  server.RaftServerConfigKeys (ConfUtils.java:logGet(43)) - raft.server.log.segment.size.max = 1048576 (custom)
2019-10-04 00:23:58,337 [pool-247-thread-1] INFO  server.RaftServerConfigKeys (ConfUtils.java:logGet(43)) - raft.server.log.segment.size.max = 1048576 (custom)
2019-10-04 00:23:58,337 [pool-217-thread-1] INFO  server.RaftServerConfigKeys (ConfUtils.java:logGet(43)) - raft.server.log.preallocated.size = 16384 (custom)
2019-10-04 00:23:58,338 [pool-217-thread-1] INFO  server.RaftServerConfigKeys (ConfUtils.java:logGet(43)) - raft.server.log.write.buffer.size = 33554432 (custom)
2019-10-04 00:23:58,337 [pool-237-thread-1] INFO  server.RaftServerConfigKeys (ConfUtils.java:logGet(43)) - raft.server.log.segment.size.max = 1048576 (custom)
2019-10-04 00:23:58,338 [pool-217-thread-1] INFO  server.RaftServerConfigKeys (ConfUtils.java:logGet(43)) - raft.server.log.force.sync.num = 128 (default)
2019-10-04 00:23:58,338 [pool-247-thread-1] INFO  server.RaftServerConfigKeys (ConfUtils.java:logGet(43)) - raft.server.log.segment.cache.num.max = 2 (custom)
2019-10-04 00:23:58,338 [pool-217-thread-1] INFO  server.RaftServerConfigKeys (ConfUtils.java:logGet(43)) - raft.server.log.statemachine.data.sync = true (default)
2019-10-04 00:23:58,338 [pool-237-thread-1] INFO  server.RaftServerConfigKeys (ConfUtils.java:logGet(43)) - raft.server.log.segment.cache.num.max = 2 (custom)
2019-10-04 00:23:58,338 [pool-217-thread-1] INFO  server.RaftServerConfigKeys (ConfUtils.java:logGet(43)) - raft.server.log.statemachine.data.sync.timeout = 10s (default)
2019-10-04 00:23:58,338 [pool-247-thread-1] INFO  segmented.SegmentedRaftLogWorker (SegmentedRaftLogWorker.java:<init>(173)) - new 28c32f69-b092-44d1-8318-359d0ad59249@group-50998A96B5E1-SegmentedRaftLogWorker for RaftStorage:Storage Directory /workdir/hadoop-ozone/integration-test/target/test-dir/MiniOzoneClusterImpl-3b170045-66f0-4bc5-bb15-72b77228cdcf/datanode-4/data/ratis/af43dfa1-0888-4745-962a-50998a96b5e1
2019-10-04 00:23:58,339 [pool-217-thread-1] INFO  server.RaftServerConfigKeys (ConfUtils.java:logGet(43)) - raft.server.log.statemachine.data.sync.timeout.retry = -1 (default)
2019-10-04 00:23:58,339 [pool-237-thread-1] INFO  segmented.SegmentedRaftLogWorker (SegmentedRaftLogWorker.java:<init>(173)) - new 71330204-bca2-4e99-8f93-d549681827cf@group-50998A96B5E1-SegmentedRaftLogWorker for RaftStorage:Storage Directory /workdir/hadoop-ozone/integration-test/target/test-dir/MiniOzoneClusterImpl-3b170045-66f0-4bc5-bb15-72b77228cdcf/datanode-3/data/ratis/af43dfa1-0888-4745-962a-50998a96b5e1
2019-10-04 00:23:58,339 [pool-217-thread-1] INFO  server.RaftServerConfigKeys (ConfUtils.java:logGet(43)) - raft.server.log.statemachine.data.caching.enabled = true (custom)
2019-10-04 00:23:58,339 [pool-247-thread-1] INFO  server.RaftServerConfigKeys (ConfUtils.java:logGet(43)) - raft.server.log.queue.byte-limit = 2147483647 (custom)
2019-10-04 00:23:58,339 [pool-237-thread-1] INFO  server.RaftServerConfigKeys (ConfUtils.java:logGet(43)) - raft.server.log.queue.byte-limit = 2147483647 (custom)
2019-10-04 00:23:58,340 [pool-217-thread-1] INFO  segmented.SegmentedRaftLogWorker (SegmentedRaftLogWorker.java:lambda$new$0(128)) - 77785bd1-e3fa-40ee-837b-c5096ff73ca9@group-50998A96B5E1-SegmentedRaftLogWorker: flushIndex: setUnconditionally 0 -> -1
2019-10-04 00:23:58,340 [pool-247-thread-1] INFO  server.RaftServerConfigKeys (ConfUtils.java:logGet(43)) - raft.server.log.queue.element-limit = 1024 (custom)
2019-10-04 00:23:58,340 [pool-237-thread-1] INFO  server.RaftServerConfigKeys (ConfUtils.java:logGet(43)) - raft.server.log.queue.element-limit = 1024 (custom)
2019-10-04 00:23:58,340 [pool-217-thread-1] INFO  server.RaftServerConfigKeys (ConfUtils.java:logGet(43)) - raft.server.snapshot.auto.trigger.enabled = true (custom)
2019-10-04 00:23:58,340 [pool-247-thread-1] INFO  server.RaftServerConfigKeys (ConfUtils.java:logGet(43)) - raft.server.log.segment.size.max = 1048576 (custom)
2019-10-04 00:23:58,340 [pool-217-thread-1] INFO  server.RaftServerConfigKeys (ConfUtils.java:logGet(43)) - raft.server.snapshot.auto.trigger.threshold = 10000 (custom)
2019-10-04 00:23:58,340 [pool-237-thread-1] INFO  server.RaftServerConfigKeys (ConfUtils.java:logGet(43)) - raft.server.log.segment.size.max = 1048576 (custom)
2019-10-04 00:23:58,341 [pool-217-thread-1] INFO  server.RaftServerConfigKeys (ConfUtils.java:logGet(43)) - raft.server.snapshot.retention.file.num = 5 (custom)
2019-10-04 00:23:58,341 [pool-247-thread-1] INFO  server.RaftServerConfigKeys (ConfUtils.java:logGet(43)) - raft.server.log.preallocated.size = 16384 (custom)
2019-10-04 00:23:58,341 [pool-217-thread-1] INFO  server.RaftServerConfigKeys (ConfUtils.java:logGet(43)) - raft.server.retrycache.expirytime = 600000ms (custom)
2019-10-04 00:23:58,341 [pool-237-thread-1] INFO  server.RaftServerConfigKeys (ConfUtils.java:logGet(43)) - raft.server.log.preallocated.size = 16384 (custom)
2019-10-04 00:23:58,341 [pool-247-thread-1] INFO  server.RaftServerConfigKeys (ConfUtils.java:logGet(43)) - raft.server.log.write.buffer.size = 33554432 (custom)
2019-10-04 00:23:58,342 [pool-237-thread-1] INFO  server.RaftServerConfigKeys (ConfUtils.java:logGet(43)) - raft.server.log.write.buffer.size = 33554432 (custom)
2019-10-04 00:23:58,342 [pool-247-thread-1] INFO  server.RaftServerConfigKeys (ConfUtils.java:logGet(43)) - raft.server.log.force.sync.num = 128 (default)
2019-10-04 00:23:58,342 [pool-237-thread-1] INFO  server.RaftServerConfigKeys (ConfUtils.java:logGet(43)) - raft.server.log.force.sync.num = 128 (default)
2019-10-04 00:23:58,342 [pool-247-thread-1] INFO  server.RaftServerConfigKeys (ConfUtils.java:logGet(43)) - raft.server.log.statemachine.data.sync = true (default)
2019-10-04 00:23:58,342 [pool-237-thread-1] INFO  server.RaftServerConfigKeys (ConfUtils.java:logGet(43)) - raft.server.log.statemachine.data.sync = true (default)
2019-10-04 00:23:58,342 [pool-247-thread-1] INFO  server.RaftServerConfigKeys (ConfUtils.java:logGet(43)) - raft.server.log.statemachine.data.sync.timeout = 10s (default)
2019-10-04 00:23:58,342 [pool-237-thread-1] INFO  server.RaftServerConfigKeys (ConfUtils.java:logGet(43)) - raft.server.log.statemachine.data.sync.timeout = 10s (default)
2019-10-04 00:23:58,342 [pool-247-thread-1] INFO  server.RaftServerConfigKeys (ConfUtils.java:logGet(43)) - raft.server.log.statemachine.data.sync.timeout.retry = -1 (default)
2019-10-04 00:23:58,343 [pool-237-thread-1] INFO  server.RaftServerConfigKeys (ConfUtils.java:logGet(43)) - raft.server.log.statemachine.data.sync.timeout.retry = -1 (default)
2019-10-04 00:23:58,343 [pool-247-thread-1] INFO  server.RaftServerConfigKeys (ConfUtils.java:logGet(43)) - raft.server.log.statemachine.data.caching.enabled = true (custom)
2019-10-04 00:23:58,343 [pool-237-thread-1] INFO  server.RaftServerConfigKeys (ConfUtils.java:logGet(43)) - raft.server.log.statemachine.data.caching.enabled = true (custom)
2019-10-04 00:23:58,343 [pool-247-thread-1] INFO  segmented.SegmentedRaftLogWorker (SegmentedRaftLogWorker.java:lambda$new$0(128)) - 28c32f69-b092-44d1-8318-359d0ad59249@group-50998A96B5E1-SegmentedRaftLogWorker: flushIndex: setUnconditionally 0 -> -1
2019-10-04 00:23:58,343 [pool-217-thread-1] INFO  impl.RaftServerImpl (RaftServerImpl.java:start(181)) - 77785bd1-e3fa-40ee-837b-c5096ff73ca9@group-50998A96B5E1: start as a follower, conf=-1: [28c32f69-b092-44d1-8318-359d0ad59249:192.168.151.76:37361, 71330204-bca2-4e99-8f93-d549681827cf:192.168.151.76:43184, 77785bd1-e3fa-40ee-837b-c5096ff73ca9:192.168.151.76:40077], old=null
2019-10-04 00:23:58,343 [pool-237-thread-1] INFO  segmented.SegmentedRaftLogWorker (SegmentedRaftLogWorker.java:lambda$new$0(128)) - 71330204-bca2-4e99-8f93-d549681827cf@group-50998A96B5E1-SegmentedRaftLogWorker: flushIndex: setUnconditionally 0 -> -1
2019-10-04 00:23:58,344 [pool-247-thread-1] INFO  server.RaftServerConfigKeys (ConfUtils.java:logGet(43)) - raft.server.snapshot.auto.trigger.enabled = true (custom)
2019-10-04 00:23:58,344 [pool-217-thread-1] INFO  impl.RaftServerImpl (RaftServerImpl.java:setRole(170)) - 77785bd1-e3fa-40ee-837b-c5096ff73ca9@group-50998A96B5E1: changes role from      null to FOLLOWER at term 0 for startAsFollower
2019-10-04 00:23:58,344 [pool-237-thread-1] INFO  server.RaftServerConfigKeys (ConfUtils.java:logGet(43)) - raft.server.snapshot.auto.trigger.enabled = true (custom)
2019-10-04 00:23:58,344 [pool-247-thread-1] INFO  server.RaftServerConfigKeys (ConfUtils.java:logGet(43)) - raft.server.snapshot.auto.trigger.threshold = 10000 (custom)
2019-10-04 00:23:58,344 [pool-237-thread-1] INFO  server.RaftServerConfigKeys (ConfUtils.java:logGet(43)) - raft.server.snapshot.auto.trigger.threshold = 10000 (custom)
2019-10-04 00:23:58,344 [pool-217-thread-1] INFO  impl.RoleInfo (RoleInfo.java:updateAndGet(143)) - 77785bd1-e3fa-40ee-837b-c5096ff73ca9: start FollowerState
2019-10-04 00:23:58,344 [pool-237-thread-1] INFO  server.RaftServerConfigKeys (ConfUtils.java:logGet(43)) - raft.server.snapshot.retention.file.num = 5 (custom)
2019-10-04 00:23:58,344 [pool-247-thread-1] INFO  server.RaftServerConfigKeys (ConfUtils.java:logGet(43)) - raft.server.snapshot.retention.file.num = 5 (custom)
2019-10-04 00:23:58,345 [pool-237-thread-1] INFO  server.RaftServerConfigKeys (ConfUtils.java:logGet(43)) - raft.server.retrycache.expirytime = 600000ms (custom)
2019-10-04 00:23:58,345 [pool-247-thread-1] INFO  server.RaftServerConfigKeys (ConfUtils.java:logGet(43)) - raft.server.retrycache.expirytime = 600000ms (custom)
2019-10-04 00:23:58,345 [pool-217-thread-1] INFO  util.JmxRegister (JmxRegister.java:tryRegister(44)) - Successfully registered JMX Bean with object name Ratis:service=RaftServer,group=group-50998A96B5E1,id=77785bd1-e3fa-40ee-837b-c5096ff73ca9
2019-10-04 00:23:58,349 [pool-237-thread-1] INFO  impl.RaftServerImpl (RaftServerImpl.java:start(181)) - 71330204-bca2-4e99-8f93-d549681827cf@group-50998A96B5E1: start as a follower, conf=-1: [28c32f69-b092-44d1-8318-359d0ad59249:192.168.151.76:37361, 71330204-bca2-4e99-8f93-d549681827cf:192.168.151.76:43184, 77785bd1-e3fa-40ee-837b-c5096ff73ca9:192.168.151.76:40077], old=null
2019-10-04 00:23:58,349 [pool-237-thread-1] INFO  impl.RaftServerImpl (RaftServerImpl.java:setRole(170)) - 71330204-bca2-4e99-8f93-d549681827cf@group-50998A96B5E1: changes role from      null to FOLLOWER at term 0 for startAsFollower
2019-10-04 00:23:58,349 [pool-237-thread-1] INFO  impl.RoleInfo (RoleInfo.java:updateAndGet(143)) - 71330204-bca2-4e99-8f93-d549681827cf: start FollowerState
2019-10-04 00:23:58,349 [pool-247-thread-1] INFO  impl.RaftServerImpl (RaftServerImpl.java:start(181)) - 28c32f69-b092-44d1-8318-359d0ad59249@group-50998A96B5E1: start as a follower, conf=-1: [28c32f69-b092-44d1-8318-359d0ad59249:192.168.151.76:37361, 71330204-bca2-4e99-8f93-d549681827cf:192.168.151.76:43184, 77785bd1-e3fa-40ee-837b-c5096ff73ca9:192.168.151.76:40077], old=null
2019-10-04 00:23:58,349 [pool-247-thread-1] INFO  impl.RaftServerImpl (RaftServerImpl.java:setRole(170)) - 28c32f69-b092-44d1-8318-359d0ad59249@group-50998A96B5E1: changes role from      null to FOLLOWER at term 0 for startAsFollower
2019-10-04 00:23:58,350 [pool-247-thread-1] INFO  impl.RoleInfo (RoleInfo.java:updateAndGet(143)) - 28c32f69-b092-44d1-8318-359d0ad59249: start FollowerState
2019-10-04 00:23:58,350 [pool-237-thread-1] INFO  util.JmxRegister (JmxRegister.java:tryRegister(44)) - Successfully registered JMX Bean with object name Ratis:service=RaftServer,group=group-50998A96B5E1,id=71330204-bca2-4e99-8f93-d549681827cf
2019-10-04 00:23:58,350 [pool-247-thread-1] INFO  util.JmxRegister (JmxRegister.java:tryRegister(44)) - Successfully registered JMX Bean with object name Ratis:service=RaftServer,group=group-50998A96B5E1,id=28c32f69-b092-44d1-8318-359d0ad59249
2019-10-04 00:23:58,365 [RatisPipelineUtilsThread] INFO  pipeline.PipelineStateManager (PipelineStateManager.java:addPipeline(56)) - Created pipeline Pipeline[ Id: af43dfa1-0888-4745-962a-50998a96b5e1, Nodes: 28c32f69-b092-44d1-8318-359d0ad59249{ip: 192.168.151.76, host: pr-hdds-1986-2jrbz-1673272497, networkLocation: /default-rack, certSerialId: null}77785bd1-e3fa-40ee-837b-c5096ff73ca9{ip: 192.168.151.76, host: pr-hdds-1986-2jrbz-1673272497, networkLocation: /default-rack, certSerialId: null}71330204-bca2-4e99-8f93-d549681827cf{ip: 192.168.151.76, host: pr-hdds-1986-2jrbz-1673272497, networkLocation: /default-rack, certSerialId: null}, Type:RATIS, Factor:THREE, State:OPEN]
2019-10-04 00:23:58,368 [main] INFO  ozone.MiniOzoneClusterImpl (MiniOzoneClusterImpl.java:lambda$waitForClusterToBeReady$0(147)) - Waiting for cluster to be ready. Got 6 of 7 DN Heartbeats.
2019-10-04 00:23:58,369 [IPC Server handler 2 on 35540] INFO  net.NetworkTopology (NetworkTopologyImpl.java:add(111)) - Added a new node: /default-rack/fb0f8254-837a-42b9-b526-30a95c5bbcac
2019-10-04 00:23:58,369 [IPC Server handler 2 on 35540] INFO  node.SCMNodeManager (SCMNodeManager.java:register(266)) - Registered Data node : fb0f8254-837a-42b9-b526-30a95c5bbcac{ip: 192.168.151.76, host: pr-hdds-1986-2jrbz-1673272497, networkLocation: /default-rack, certSerialId: null}
2019-10-04 00:23:58,399 [grpc-default-executor-0] INFO  impl.RaftServerProxy (RaftServerProxy.java:addNew(89)) - 90b0e1f5-b807-4e32-b018-7df713986417: addNew group-BD83C4C6BC04:[875507cb-af1c-43f0-a42d-2b33a4ea3e8f:192.168.151.76:34100, 90b0e1f5-b807-4e32-b018-7df713986417:192.168.151.76:42181, c5f0827a-37fe-438c-8dc5-5846985bfa4f:192.168.151.76:41793] returns group-BD83C4C6BC04:java.util.concurrent.CompletableFuture@4b61540f[Not completed]
2019-10-04 00:23:58,399 [grpc-default-executor-3] INFO  impl.RaftServerProxy (RaftServerProxy.java:addNew(89)) - c5f0827a-37fe-438c-8dc5-5846985bfa4f: addNew group-BD83C4C6BC04:[875507cb-af1c-43f0-a42d-2b33a4ea3e8f:192.168.151.76:34100, 90b0e1f5-b807-4e32-b018-7df713986417:192.168.151.76:42181, c5f0827a-37fe-438c-8dc5-5846985bfa4f:192.168.151.76:41793] returns group-BD83C4C6BC04:java.util.concurrent.CompletableFuture@1b1a807e[Not completed]
2019-10-04 00:23:58,399 [grpc-default-executor-2] INFO  impl.RaftServerProxy (RaftServerProxy.java:addNew(89)) - 875507cb-af1c-43f0-a42d-2b33a4ea3e8f: addNew group-BD83C4C6BC04:[875507cb-af1c-43f0-a42d-2b33a4ea3e8f:192.168.151.76:34100, 90b0e1f5-b807-4e32-b018-7df713986417:192.168.151.76:42181, c5f0827a-37fe-438c-8dc5-5846985bfa4f:192.168.151.76:41793] returns group-BD83C4C6BC04:java.util.concurrent.CompletableFuture@6800bc2f[Not completed]
2019-10-04 00:23:58,401 [pool-227-thread-1] INFO  impl.RaftServerImpl (RaftServerImpl.java:<init>(95)) - c5f0827a-37fe-438c-8dc5-5846985bfa4f: new RaftServerImpl for group-BD83C4C6BC04:[875507cb-af1c-43f0-a42d-2b33a4ea3e8f:192.168.151.76:34100, 90b0e1f5-b807-4e32-b018-7df713986417:192.168.151.76:42181, c5f0827a-37fe-438c-8dc5-5846985bfa4f:192.168.151.76:41793] with ContainerStateMachine:uninitialized
2019-10-04 00:23:58,401 [pool-227-thread-1] INFO  server.RaftServerConfigKeys (ConfUtils.java:logGet(43)) - raft.server.rpc.timeout.min = 5s (custom)
2019-10-04 00:23:58,401 [pool-227-thread-1] INFO  server.RaftServerConfigKeys (ConfUtils.java:logGet(43)) - raft.server.rpc.timeout.max = 5200ms (custom)
2019-10-04 00:23:58,402 [pool-227-thread-1] INFO  server.RaftServerConfigKeys (ConfUtils.java:logGet(43)) - raft.server.rpcslowness.timeout = 120s (custom)
2019-10-04 00:23:58,402 [pool-227-thread-1] INFO  server.RaftServerConfigKeys (ConfUtils.java:logGet(43)) - raft.server.sleep.deviation.threshold = 300 (default)
2019-10-04 00:23:58,402 [pool-227-thread-1] INFO  server.RaftServerConfigKeys (ConfUtils.java:logGet(43)) - raft.server.log.appender.install.snapshot.enabled = false (custom)
2019-10-04 00:23:58,402 [pool-227-thread-1] INFO  impl.RaftServerImpl (ServerState.java:<init>(103)) - c5f0827a-37fe-438c-8dc5-5846985bfa4f@group-BD83C4C6BC04: ConfigurationManager, init=-1: [875507cb-af1c-43f0-a42d-2b33a4ea3e8f:192.168.151.76:34100, 90b0e1f5-b807-4e32-b018-7df713986417:192.168.151.76:42181, c5f0827a-37fe-438c-8dc5-5846985bfa4f:192.168.151.76:41793], old=null, confs=<EMPTY_MAP>
2019-10-04 00:23:58,402 [pool-257-thread-1] INFO  impl.RaftServerImpl (RaftServerImpl.java:<init>(95)) - 90b0e1f5-b807-4e32-b018-7df713986417: new RaftServerImpl for group-BD83C4C6BC04:[875507cb-af1c-43f0-a42d-2b33a4ea3e8f:192.168.151.76:34100, 90b0e1f5-b807-4e32-b018-7df713986417:192.168.151.76:42181, c5f0827a-37fe-438c-8dc5-5846985bfa4f:192.168.151.76:41793] with ContainerStateMachine:uninitialized
2019-10-04 00:23:58,402 [pool-227-thread-1] INFO  server.RaftServerConfigKeys (ConfUtils.java:logGet(43)) - raft.server.storage.dir = [/workdir/hadoop-ozone/integration-test/target/test-dir/MiniOzoneClusterImpl-3b170045-66f0-4bc5-bb15-72b77228cdcf/datanode-2/data/ratis] (custom)
2019-10-04 00:23:58,402 [pool-257-thread-1] INFO  server.RaftServerConfigKeys (ConfUtils.java:logGet(43)) - raft.server.rpc.timeout.min = 5s (custom)
2019-10-04 00:23:58,403 [pool-257-thread-1] INFO  server.RaftServerConfigKeys (ConfUtils.java:logGet(43)) - raft.server.rpc.timeout.max = 5200ms (custom)
2019-10-04 00:23:58,403 [pool-227-thread-1] INFO  server.RaftServerConfigKeys (ConfUtils.java:logGet(43)) - raft.server.log.corruption.policy = EXCEPTION (default)
2019-10-04 00:23:58,403 [pool-257-thread-1] INFO  server.RaftServerConfigKeys (ConfUtils.java:logGet(43)) - raft.server.rpcslowness.timeout = 120s (custom)
2019-10-04 00:23:58,403 [pool-227-thread-1] INFO  storage.RaftStorageDirectory (RaftStorageDirectory.java:analyzeStorage(246)) - The storage directory /workdir/hadoop-ozone/integration-test/target/test-dir/MiniOzoneClusterImpl-3b170045-66f0-4bc5-bb15-72b77228cdcf/datanode-2/data/ratis/3950c281-6296-43f3-a98b-bd83c4c6bc04 does not exist. Creating ...
2019-10-04 00:23:58,403 [pool-207-thread-1] INFO  impl.RaftServerImpl (RaftServerImpl.java:<init>(95)) - 875507cb-af1c-43f0-a42d-2b33a4ea3e8f: new RaftServerImpl for group-BD83C4C6BC04:[875507cb-af1c-43f0-a42d-2b33a4ea3e8f:192.168.151.76:34100, 90b0e1f5-b807-4e32-b018-7df713986417:192.168.151.76:42181, c5f0827a-37fe-438c-8dc5-5846985bfa4f:192.168.151.76:41793] with ContainerStateMachine:uninitialized
2019-10-04 00:23:58,403 [pool-257-thread-1] INFO  server.RaftServerConfigKeys (ConfUtils.java:logGet(43)) - raft.server.sleep.deviation.threshold = 300 (default)
2019-10-04 00:23:58,403 [pool-207-thread-1] INFO  server.RaftServerConfigKeys (ConfUtils.java:logGet(43)) - raft.server.rpc.timeout.min = 5s (custom)
2019-10-04 00:23:58,403 [pool-257-thread-1] INFO  server.RaftServerConfigKeys (ConfUtils.java:logGet(43)) - raft.server.log.appender.install.snapshot.enabled = false (custom)
2019-10-04 00:23:58,404 [pool-207-thread-1] INFO  server.RaftServerConfigKeys (ConfUtils.java:logGet(43)) - raft.server.rpc.timeout.max = 5200ms (custom)
2019-10-04 00:23:58,404 [pool-257-thread-1] INFO  impl.RaftServerImpl (ServerState.java:<init>(103)) - 90b0e1f5-b807-4e32-b018-7df713986417@group-BD83C4C6BC04: ConfigurationManager, init=-1: [875507cb-af1c-43f0-a42d-2b33a4ea3e8f:192.168.151.76:34100, 90b0e1f5-b807-4e32-b018-7df713986417:192.168.151.76:42181, c5f0827a-37fe-438c-8dc5-5846985bfa4f:192.168.151.76:41793], old=null, confs=<EMPTY_MAP>
2019-10-04 00:23:58,404 [pool-207-thread-1] INFO  server.RaftServerConfigKeys (ConfUtils.java:logGet(43)) - raft.server.rpcslowness.timeout = 120s (custom)
2019-10-04 00:23:58,404 [pool-257-thread-1] INFO  server.RaftServerConfigKeys (ConfUtils.java:logGet(43)) - raft.server.storage.dir = [/workdir/hadoop-ozone/integration-test/target/test-dir/MiniOzoneClusterImpl-3b170045-66f0-4bc5-bb15-72b77228cdcf/datanode-5/data/ratis] (custom)
2019-10-04 00:23:58,404 [pool-207-thread-1] INFO  server.RaftServerConfigKeys (ConfUtils.java:logGet(43)) - raft.server.sleep.deviation.threshold = 300 (default)
2019-10-04 00:23:58,405 [pool-257-thread-1] INFO  server.RaftServerConfigKeys (ConfUtils.java:logGet(43)) - raft.server.log.corruption.policy = EXCEPTION (default)
2019-10-04 00:23:58,405 [pool-207-thread-1] INFO  server.RaftServerConfigKeys (ConfUtils.java:logGet(43)) - raft.server.log.appender.install.snapshot.enabled = false (custom)
2019-10-04 00:23:58,405 [pool-257-thread-1] INFO  storage.RaftStorageDirectory (RaftStorageDirectory.java:analyzeStorage(246)) - The storage directory /workdir/hadoop-ozone/integration-test/target/test-dir/MiniOzoneClusterImpl-3b170045-66f0-4bc5-bb15-72b77228cdcf/datanode-5/data/ratis/3950c281-6296-43f3-a98b-bd83c4c6bc04 does not exist. Creating ...
2019-10-04 00:23:58,405 [pool-207-thread-1] INFO  impl.RaftServerImpl (ServerState.java:<init>(103)) - 875507cb-af1c-43f0-a42d-2b33a4ea3e8f@group-BD83C4C6BC04: ConfigurationManager, init=-1: [875507cb-af1c-43f0-a42d-2b33a4ea3e8f:192.168.151.76:34100, 90b0e1f5-b807-4e32-b018-7df713986417:192.168.151.76:42181, c5f0827a-37fe-438c-8dc5-5846985bfa4f:192.168.151.76:41793], old=null, confs=<EMPTY_MAP>
2019-10-04 00:23:58,405 [pool-207-thread-1] INFO  server.RaftServerConfigKeys (ConfUtils.java:logGet(43)) - raft.server.storage.dir = [/workdir/hadoop-ozone/integration-test/target/test-dir/MiniOzoneClusterImpl-3b170045-66f0-4bc5-bb15-72b77228cdcf/datanode-0/data/ratis] (custom)
2019-10-04 00:23:58,406 [pool-207-thread-1] INFO  server.RaftServerConfigKeys (ConfUtils.java:logGet(43)) - raft.server.log.corruption.policy = EXCEPTION (default)
2019-10-04 00:23:58,406 [pool-207-thread-1] INFO  storage.RaftStorageDirectory (RaftStorageDirectory.java:analyzeStorage(246)) - The storage directory /workdir/hadoop-ozone/integration-test/target/test-dir/MiniOzoneClusterImpl-3b170045-66f0-4bc5-bb15-72b77228cdcf/datanode-0/data/ratis/3950c281-6296-43f3-a98b-bd83c4c6bc04 does not exist. Creating ...
2019-10-04 00:23:58,417 [pool-227-thread-1] INFO  storage.RaftStorageDirectory (RaftStorageDirectory.java:tryLock(328)) - Lock on /workdir/hadoop-ozone/integration-test/target/test-dir/MiniOzoneClusterImpl-3b170045-66f0-4bc5-bb15-72b77228cdcf/datanode-2/data/ratis/3950c281-6296-43f3-a98b-bd83c4c6bc04/in_use.lock acquired by nodename 21867@pr-hdds-1986-2jrbz-1673272497
2019-10-04 00:23:58,417 [pool-257-thread-1] INFO  storage.RaftStorageDirectory (RaftStorageDirectory.java:tryLock(328)) - Lock on /workdir/hadoop-ozone/integration-test/target/test-dir/MiniOzoneClusterImpl-3b170045-66f0-4bc5-bb15-72b77228cdcf/datanode-5/data/ratis/3950c281-6296-43f3-a98b-bd83c4c6bc04/in_use.lock acquired by nodename 21867@pr-hdds-1986-2jrbz-1673272497
2019-10-04 00:23:58,417 [pool-207-thread-1] INFO  storage.RaftStorageDirectory (RaftStorageDirectory.java:tryLock(328)) - Lock on /workdir/hadoop-ozone/integration-test/target/test-dir/MiniOzoneClusterImpl-3b170045-66f0-4bc5-bb15-72b77228cdcf/datanode-0/data/ratis/3950c281-6296-43f3-a98b-bd83c4c6bc04/in_use.lock acquired by nodename 21867@pr-hdds-1986-2jrbz-1673272497
2019-10-04 00:23:58,431 [pool-207-thread-1] INFO  storage.RaftStorage (RaftStorage.java:format(84)) - Storage directory /workdir/hadoop-ozone/integration-test/target/test-dir/MiniOzoneClusterImpl-3b170045-66f0-4bc5-bb15-72b77228cdcf/datanode-0/data/ratis/3950c281-6296-43f3-a98b-bd83c4c6bc04 has been successfully formatted.
2019-10-04 00:23:58,431 [pool-227-thread-1] INFO  storage.RaftStorage (RaftStorage.java:format(84)) - Storage directory /workdir/hadoop-ozone/integration-test/target/test-dir/MiniOzoneClusterImpl-3b170045-66f0-4bc5-bb15-72b77228cdcf/datanode-2/data/ratis/3950c281-6296-43f3-a98b-bd83c4c6bc04 has been successfully formatted.
2019-10-04 00:23:58,431 [pool-257-thread-1] INFO  storage.RaftStorage (RaftStorage.java:format(84)) - Storage directory /workdir/hadoop-ozone/integration-test/target/test-dir/MiniOzoneClusterImpl-3b170045-66f0-4bc5-bb15-72b77228cdcf/datanode-5/data/ratis/3950c281-6296-43f3-a98b-bd83c4c6bc04 has been successfully formatted.
2019-10-04 00:23:58,431 [pool-227-thread-1] INFO  ratis.ContainerStateMachine (ContainerStateMachine.java:loadSnapshot(230)) - group-BD83C4C6BC04: The snapshot info is null. Setting the last applied indexto:(t:0, i:~)
2019-10-04 00:23:58,431 [pool-207-thread-1] INFO  ratis.ContainerStateMachine (ContainerStateMachine.java:loadSnapshot(230)) - group-BD83C4C6BC04: The snapshot info is null. Setting the last applied indexto:(t:0, i:~)
2019-10-04 00:23:58,431 [pool-227-thread-1] INFO  server.RaftServerConfigKeys (ConfUtils.java:logGet(43)) - raft.server.notification.no-leader.timeout = 120s (custom)
2019-10-04 00:23:58,431 [pool-257-thread-1] INFO  ratis.ContainerStateMachine (ContainerStateMachine.java:loadSnapshot(230)) - group-BD83C4C6BC04: The snapshot info is null. Setting the last applied indexto:(t:0, i:~)
2019-10-04 00:23:58,432 [pool-227-thread-1] INFO  server.RaftServerConfigKeys (ConfUtils.java:logGet(43)) - raft.server.log.use.memory = false (default)
2019-10-04 00:23:58,432 [pool-207-thread-1] INFO  server.RaftServerConfigKeys (ConfUtils.java:logGet(43)) - raft.server.notification.no-leader.timeout = 120s (custom)
2019-10-04 00:23:58,432 [pool-227-thread-1] INFO  server.RaftServerConfigKeys (ConfUtils.java:logGet(43)) - raft.server.log.purge.gap = 1000000 (custom)
2019-10-04 00:23:58,432 [pool-257-thread-1] INFO  server.RaftServerConfigKeys (ConfUtils.java:logGet(43)) - raft.server.notification.no-leader.timeout = 120s (custom)
2019-10-04 00:23:58,432 [pool-227-thread-1] INFO  server.RaftServerConfigKeys (ConfUtils.java:logGet(43)) - raft.server.log.appender.buffer.byte-limit = 33554432 (custom)
2019-10-04 00:23:58,432 [pool-207-thread-1] INFO  server.RaftServerConfigKeys (ConfUtils.java:logGet(43)) - raft.server.log.use.memory = false (default)
2019-10-04 00:23:58,433 [pool-227-thread-1] INFO  server.RaftServerConfigKeys (ConfUtils.java:logGet(43)) - raft.server.log.segment.size.max = 1048576 (custom)
2019-10-04 00:23:58,432 [pool-257-thread-1] INFO  server.RaftServerConfigKeys (ConfUtils.java:logGet(43)) - raft.server.log.use.memory = false (default)
2019-10-04 00:23:58,433 [pool-227-thread-1] INFO  server.RaftServerConfigKeys (ConfUtils.java:logGet(43)) - raft.server.log.segment.cache.num.max = 2 (custom)
2019-10-04 00:23:58,433 [pool-207-thread-1] INFO  server.RaftServerConfigKeys (ConfUtils.java:logGet(43)) - raft.server.log.purge.gap = 1000000 (custom)
2019-10-04 00:23:58,433 [pool-227-thread-1] INFO  segmented.SegmentedRaftLogWorker (SegmentedRaftLogWorker.java:<init>(173)) - new c5f0827a-37fe-438c-8dc5-5846985bfa4f@group-BD83C4C6BC04-SegmentedRaftLogWorker for RaftStorage:Storage Directory /workdir/hadoop-ozone/integration-test/target/test-dir/MiniOzoneClusterImpl-3b170045-66f0-4bc5-bb15-72b77228cdcf/datanode-2/data/ratis/3950c281-6296-43f3-a98b-bd83c4c6bc04
2019-10-04 00:23:58,433 [pool-257-thread-1] INFO  server.RaftServerConfigKeys (ConfUtils.java:logGet(43)) - raft.server.log.purge.gap = 1000000 (custom)
2019-10-04 00:23:58,433 [pool-227-thread-1] INFO  server.RaftServerConfigKeys (ConfUtils.java:logGet(43)) - raft.server.log.queue.byte-limit = 2147483647 (custom)
2019-10-04 00:23:58,433 [pool-207-thread-1] INFO  server.RaftServerConfigKeys (ConfUtils.java:logGet(43)) - raft.server.log.appender.buffer.byte-limit = 33554432 (custom)
2019-10-04 00:23:58,434 [pool-227-thread-1] INFO  server.RaftServerConfigKeys (ConfUtils.java:logGet(43)) - raft.server.log.queue.element-limit = 1024 (custom)
2019-10-04 00:23:58,433 [pool-257-thread-1] INFO  server.RaftServerConfigKeys (ConfUtils.java:logGet(43)) - raft.server.log.appender.buffer.byte-limit = 33554432 (custom)
2019-10-04 00:23:58,434 [pool-227-thread-1] INFO  server.RaftServerConfigKeys (ConfUtils.java:logGet(43)) - raft.server.log.segment.size.max = 1048576 (custom)
2019-10-04 00:23:58,434 [pool-207-thread-1] INFO  server.RaftServerConfigKeys (ConfUtils.java:logGet(43)) - raft.server.log.segment.size.max = 1048576 (custom)
2019-10-04 00:23:58,434 [pool-227-thread-1] INFO  server.RaftServerConfigKeys (ConfUtils.java:logGet(43)) - raft.server.log.preallocated.size = 16384 (custom)
2019-10-04 00:23:58,434 [pool-257-thread-1] INFO  server.RaftServerConfigKeys (ConfUtils.java:logGet(43)) - raft.server.log.segment.size.max = 1048576 (custom)
2019-10-04 00:23:58,434 [pool-227-thread-1] INFO  server.RaftServerConfigKeys (ConfUtils.java:logGet(43)) - raft.server.log.write.buffer.size = 33554432 (custom)
2019-10-04 00:23:58,434 [pool-207-thread-1] INFO  server.RaftServerConfigKeys (ConfUtils.java:logGet(43)) - raft.server.log.segment.cache.num.max = 2 (custom)
2019-10-04 00:23:58,435 [pool-227-thread-1] INFO  server.RaftServerConfigKeys (ConfUtils.java:logGet(43)) - raft.server.log.force.sync.num = 128 (default)
2019-10-04 00:23:58,435 [pool-207-thread-1] INFO  segmented.SegmentedRaftLogWorker (SegmentedRaftLogWorker.java:<init>(173)) - new 875507cb-af1c-43f0-a42d-2b33a4ea3e8f@group-BD83C4C6BC04-SegmentedRaftLogWorker for RaftStorage:Storage Directory /workdir/hadoop-ozone/integration-test/target/test-dir/MiniOzoneClusterImpl-3b170045-66f0-4bc5-bb15-72b77228cdcf/datanode-0/data/ratis/3950c281-6296-43f3-a98b-bd83c4c6bc04
2019-10-04 00:23:58,435 [pool-227-thread-1] INFO  server.RaftServerConfigKeys (ConfUtils.java:logGet(43)) - raft.server.log.statemachine.data.sync = true (default)
2019-10-04 00:23:58,435 [pool-207-thread-1] INFO  server.RaftServerConfigKeys (ConfUtils.java:logGet(43)) - raft.server.log.queue.byte-limit = 2147483647 (custom)
2019-10-04 00:23:58,435 [pool-207-thread-1] INFO  server.RaftServerConfigKeys (ConfUtils.java:logGet(43)) - raft.server.log.queue.element-limit = 1024 (custom)
2019-10-04 00:23:58,435 [pool-227-thread-1] INFO  server.RaftServerConfigKeys (ConfUtils.java:logGet(43)) - raft.server.log.statemachine.data.sync.timeout = 10s (default)
2019-10-04 00:23:58,435 [pool-207-thread-1] INFO  server.RaftServerConfigKeys (ConfUtils.java:logGet(43)) - raft.server.log.segment.size.max = 1048576 (custom)
2019-10-04 00:23:58,435 [pool-227-thread-1] INFO  server.RaftServerConfigKeys (ConfUtils.java:logGet(43)) - raft.server.log.statemachine.data.sync.timeout.retry = -1 (default)
2019-10-04 00:23:58,436 [pool-207-thread-1] INFO  server.RaftServerConfigKeys (ConfUtils.java:logGet(43)) - raft.server.log.preallocated.size = 16384 (custom)
2019-10-04 00:23:58,436 [pool-227-thread-1] INFO  server.RaftServerConfigKeys (ConfUtils.java:logGet(43)) - raft.server.log.statemachine.data.caching.enabled = true (custom)
2019-10-04 00:23:58,436 [pool-207-thread-1] INFO  server.RaftServerConfigKeys (ConfUtils.java:logGet(43)) - raft.server.log.write.buffer.size = 33554432 (custom)
2019-10-04 00:23:58,436 [pool-207-thread-1] INFO  server.RaftServerConfigKeys (ConfUtils.java:logGet(43)) - raft.server.log.force.sync.num = 128 (default)
2019-10-04 00:23:58,436 [pool-227-thread-1] INFO  segmented.SegmentedRaftLogWorker (SegmentedRaftLogWorker.java:lambda$new$0(128)) - c5f0827a-37fe-438c-8dc5-5846985bfa4f@group-BD83C4C6BC04-SegmentedRaftLogWorker: flushIndex: setUnconditionally 0 -> -1
2019-10-04 00:23:58,436 [pool-207-thread-1] INFO  server.RaftServerConfigKeys (ConfUtils.java:logGet(43)) - raft.server.log.statemachine.data.sync = true (default)
2019-10-04 00:23:58,436 [pool-207-thread-1] INFO  server.RaftServerConfigKeys (ConfUtils.java:logGet(43)) - raft.server.log.statemachine.data.sync.timeout = 10s (default)
2019-10-04 00:23:58,436 [pool-227-thread-1] INFO  server.RaftServerConfigKeys (ConfUtils.java:logGet(43)) - raft.server.snapshot.auto.trigger.enabled = true (custom)
2019-10-04 00:23:58,437 [pool-207-thread-1] INFO  server.RaftServerConfigKeys (ConfUtils.java:logGet(43)) - raft.server.log.statemachine.data.sync.timeout.retry = -1 (default)
2019-10-04 00:23:58,437 [pool-227-thread-1] INFO  server.RaftServerConfigKeys (ConfUtils.java:logGet(43)) - raft.server.snapshot.auto.trigger.threshold = 10000 (custom)
2019-10-04 00:23:58,437 [pool-207-thread-1] INFO  server.RaftServerConfigKeys (ConfUtils.java:logGet(43)) - raft.server.log.statemachine.data.caching.enabled = true (custom)
2019-10-04 00:23:58,437 [pool-257-thread-1] INFO  server.RaftServerConfigKeys (ConfUtils.java:logGet(43)) - raft.server.log.segment.cache.num.max = 2 (custom)
2019-10-04 00:23:58,437 [pool-207-thread-1] INFO  segmented.SegmentedRaftLogWorker (SegmentedRaftLogWorker.java:lambda$new$0(128)) - 875507cb-af1c-43f0-a42d-2b33a4ea3e8f@group-BD83C4C6BC04-SegmentedRaftLogWorker: flushIndex: setUnconditionally 0 -> -1
2019-10-04 00:23:58,437 [pool-227-thread-1] INFO  server.RaftServerConfigKeys (ConfUtils.java:logGet(43)) - raft.server.snapshot.retention.file.num = 5 (custom)
2019-10-04 00:23:58,437 [pool-257-thread-1] INFO  segmented.SegmentedRaftLogWorker (SegmentedRaftLogWorker.java:<init>(173)) - new 90b0e1f5-b807-4e32-b018-7df713986417@group-BD83C4C6BC04-SegmentedRaftLogWorker for RaftStorage:Storage Directory /workdir/hadoop-ozone/integration-test/target/test-dir/MiniOzoneClusterImpl-3b170045-66f0-4bc5-bb15-72b77228cdcf/datanode-5/data/ratis/3950c281-6296-43f3-a98b-bd83c4c6bc04
2019-10-04 00:23:58,437 [pool-227-thread-1] INFO  server.RaftServerConfigKeys (ConfUtils.java:logGet(43)) - raft.server.retrycache.expirytime = 600000ms (custom)
2019-10-04 00:23:58,437 [pool-207-thread-1] INFO  server.RaftServerConfigKeys (ConfUtils.java:logGet(43)) - raft.server.snapshot.auto.trigger.enabled = true (custom)
2019-10-04 00:23:58,438 [pool-257-thread-1] INFO  server.RaftServerConfigKeys (ConfUtils.java:logGet(43)) - raft.server.log.queue.byte-limit = 2147483647 (custom)
2019-10-04 00:23:58,438 [pool-207-thread-1] INFO  server.RaftServerConfigKeys (ConfUtils.java:logGet(43)) - raft.server.snapshot.auto.trigger.threshold = 10000 (custom)
2019-10-04 00:23:58,438 [pool-257-thread-1] INFO  server.RaftServerConfigKeys (ConfUtils.java:logGet(43)) - raft.server.log.queue.element-limit = 1024 (custom)
2019-10-04 00:23:58,438 [pool-207-thread-1] INFO  server.RaftServerConfigKeys (ConfUtils.java:logGet(43)) - raft.server.snapshot.retention.file.num = 5 (custom)
2019-10-04 00:23:58,438 [pool-257-thread-1] INFO  server.RaftServerConfigKeys (ConfUtils.java:logGet(43)) - raft.server.log.segment.size.max = 1048576 (custom)
2019-10-04 00:23:58,438 [pool-207-thread-1] INFO  server.RaftServerConfigKeys (ConfUtils.java:logGet(43)) - raft.server.retrycache.expirytime = 600000ms (custom)
2019-10-04 00:23:58,438 [pool-257-thread-1] INFO  server.RaftServerConfigKeys (ConfUtils.java:logGet(43)) - raft.server.log.preallocated.size = 16384 (custom)
2019-10-04 00:23:58,439 [pool-257-thread-1] INFO  server.RaftServerConfigKeys (ConfUtils.java:logGet(43)) - raft.server.log.write.buffer.size = 33554432 (custom)
2019-10-04 00:23:58,439 [pool-257-thread-1] INFO  server.RaftServerConfigKeys (ConfUtils.java:logGet(43)) - raft.server.log.force.sync.num = 128 (default)
2019-10-04 00:23:58,439 [pool-257-thread-1] INFO  server.RaftServerConfigKeys (ConfUtils.java:logGet(43)) - raft.server.log.statemachine.data.sync = true (default)
2019-10-04 00:23:58,439 [pool-257-thread-1] INFO  server.RaftServerConfigKeys (ConfUtils.java:logGet(43)) - raft.server.log.statemachine.data.sync.timeout = 10s (default)
2019-10-04 00:23:58,439 [pool-257-thread-1] INFO  server.RaftServerConfigKeys (ConfUtils.java:logGet(43)) - raft.server.log.statemachine.data.sync.timeout.retry = -1 (default)
2019-10-04 00:23:58,440 [pool-227-thread-1] INFO  impl.RaftServerImpl (RaftServerImpl.java:start(181)) - c5f0827a-37fe-438c-8dc5-5846985bfa4f@group-BD83C4C6BC04: start as a follower, conf=-1: [875507cb-af1c-43f0-a42d-2b33a4ea3e8f:192.168.151.76:34100, 90b0e1f5-b807-4e32-b018-7df713986417:192.168.151.76:42181, c5f0827a-37fe-438c-8dc5-5846985bfa4f:192.168.151.76:41793], old=null
2019-10-04 00:23:58,440 [pool-257-thread-1] INFO  server.RaftServerConfigKeys (ConfUtils.java:logGet(43)) - raft.server.log.statemachine.data.caching.enabled = true (custom)
2019-10-04 00:23:58,440 [pool-227-thread-1] INFO  impl.RaftServerImpl (RaftServerImpl.java:setRole(170)) - c5f0827a-37fe-438c-8dc5-5846985bfa4f@group-BD83C4C6BC04: changes role from      null to FOLLOWER at term 0 for startAsFollower
2019-10-04 00:23:58,441 [pool-207-thread-1] INFO  impl.RaftServerImpl (RaftServerImpl.java:start(181)) - 875507cb-af1c-43f0-a42d-2b33a4ea3e8f@group-BD83C4C6BC04: start as a follower, conf=-1: [875507cb-af1c-43f0-a42d-2b33a4ea3e8f:192.168.151.76:34100, 90b0e1f5-b807-4e32-b018-7df713986417:192.168.151.76:42181, c5f0827a-37fe-438c-8dc5-5846985bfa4f:192.168.151.76:41793], old=null
2019-10-04 00:23:58,441 [pool-257-thread-1] INFO  segmented.SegmentedRaftLogWorker (SegmentedRaftLogWorker.java:lambda$new$0(128)) - 90b0e1f5-b807-4e32-b018-7df713986417@group-BD83C4C6BC04-SegmentedRaftLogWorker: flushIndex: setUnconditionally 0 -> -1
2019-10-04 00:23:58,441 [pool-227-thread-1] INFO  impl.RoleInfo (RoleInfo.java:updateAndGet(143)) - c5f0827a-37fe-438c-8dc5-5846985bfa4f: start FollowerState
2019-10-04 00:23:58,441 [pool-207-thread-1] INFO  impl.RaftServerImpl (RaftServerImpl.java:setRole(170)) - 875507cb-af1c-43f0-a42d-2b33a4ea3e8f@group-BD83C4C6BC04: changes role from      null to FOLLOWER at term 0 for startAsFollower
2019-10-04 00:23:58,441 [pool-257-thread-1] INFO  server.RaftServerConfigKeys (ConfUtils.java:logGet(43)) - raft.server.snapshot.auto.trigger.enabled = true (custom)
2019-10-04 00:23:58,441 [pool-207-thread-1] INFO  impl.RoleInfo (RoleInfo.java:updateAndGet(143)) - 875507cb-af1c-43f0-a42d-2b33a4ea3e8f: start FollowerState
2019-10-04 00:23:58,441 [pool-227-thread-1] INFO  util.JmxRegister (JmxRegister.java:tryRegister(44)) - Successfully registered JMX Bean with object name Ratis:service=RaftServer,group=group-BD83C4C6BC04,id=c5f0827a-37fe-438c-8dc5-5846985bfa4f
2019-10-04 00:23:58,441 [pool-257-thread-1] INFO  server.RaftServerConfigKeys (ConfUtils.java:logGet(43)) - raft.server.snapshot.auto.trigger.threshold = 10000 (custom)
2019-10-04 00:23:58,442 [pool-207-thread-1] INFO  util.JmxRegister (JmxRegister.java:tryRegister(44)) - Successfully registered JMX Bean with object name Ratis:service=RaftServer,group=group-BD83C4C6BC04,id=875507cb-af1c-43f0-a42d-2b33a4ea3e8f
2019-10-04 00:23:58,442 [pool-257-thread-1] INFO  server.RaftServerConfigKeys (ConfUtils.java:logGet(43)) - raft.server.snapshot.retention.file.num = 5 (custom)
2019-10-04 00:23:58,442 [pool-257-thread-1] INFO  server.RaftServerConfigKeys (ConfUtils.java:logGet(43)) - raft.server.retrycache.expirytime = 600000ms (custom)
2019-10-04 00:23:58,446 [pool-257-thread-1] INFO  impl.RaftServerImpl (RaftServerImpl.java:start(181)) - 90b0e1f5-b807-4e32-b018-7df713986417@group-BD83C4C6BC04: start as a follower, conf=-1: [875507cb-af1c-43f0-a42d-2b33a4ea3e8f:192.168.151.76:34100, 90b0e1f5-b807-4e32-b018-7df713986417:192.168.151.76:42181, c5f0827a-37fe-438c-8dc5-5846985bfa4f:192.168.151.76:41793], old=null
2019-10-04 00:23:58,446 [pool-257-thread-1] INFO  impl.RaftServerImpl (RaftServerImpl.java:setRole(170)) - 90b0e1f5-b807-4e32-b018-7df713986417@group-BD83C4C6BC04: changes role from      null to FOLLOWER at term 0 for startAsFollower
2019-10-04 00:23:58,447 [pool-257-thread-1] INFO  impl.RoleInfo (RoleInfo.java:updateAndGet(143)) - 90b0e1f5-b807-4e32-b018-7df713986417: start FollowerState
2019-10-04 00:23:58,447 [pool-257-thread-1] INFO  util.JmxRegister (JmxRegister.java:tryRegister(44)) - Successfully registered JMX Bean with object name Ratis:service=RaftServer,group=group-BD83C4C6BC04,id=90b0e1f5-b807-4e32-b018-7df713986417
2019-10-04 00:23:58,458 [RatisPipelineUtilsThread] INFO  pipeline.PipelineStateManager (PipelineStateManager.java:addPipeline(56)) - Created pipeline Pipeline[ Id: 3950c281-6296-43f3-a98b-bd83c4c6bc04, Nodes: 90b0e1f5-b807-4e32-b018-7df713986417{ip: 192.168.151.76, host: pr-hdds-1986-2jrbz-1673272497, networkLocation: /default-rack, certSerialId: null}875507cb-af1c-43f0-a42d-2b33a4ea3e8f{ip: 192.168.151.76, host: pr-hdds-1986-2jrbz-1673272497, networkLocation: /default-rack, certSerialId: null}c5f0827a-37fe-438c-8dc5-5846985bfa4f{ip: 192.168.151.76, host: pr-hdds-1986-2jrbz-1673272497, networkLocation: /default-rack, certSerialId: null}, Type:RATIS, Factor:THREE, State:OPEN]
2019-10-04 00:23:58,468 [grpc-default-executor-2] INFO  impl.RaftServerProxy (RaftServerProxy.java:addNew(89)) - 90b0e1f5-b807-4e32-b018-7df713986417: addNew group-839641E3887F:[90b0e1f5-b807-4e32-b018-7df713986417:192.168.151.76:42181] returns group-839641E3887F:java.util.concurrent.CompletableFuture@1643527f[Not completed]
2019-10-04 00:23:58,470 [pool-257-thread-1] INFO  impl.RaftServerImpl (RaftServerImpl.java:<init>(95)) - 90b0e1f5-b807-4e32-b018-7df713986417: new RaftServerImpl for group-839641E3887F:[90b0e1f5-b807-4e32-b018-7df713986417:192.168.151.76:42181] with ContainerStateMachine:uninitialized
2019-10-04 00:23:58,470 [pool-257-thread-1] INFO  server.RaftServerConfigKeys (ConfUtils.java:logGet(43)) - raft.server.rpc.timeout.min = 5s (custom)
2019-10-04 00:23:58,470 [pool-257-thread-1] INFO  server.RaftServerConfigKeys (ConfUtils.java:logGet(43)) - raft.server.rpc.timeout.max = 5200ms (custom)
2019-10-04 00:23:58,471 [pool-257-thread-1] INFO  server.RaftServerConfigKeys (ConfUtils.java:logGet(43)) - raft.server.rpcslowness.timeout = 120s (custom)
2019-10-04 00:23:58,471 [pool-257-thread-1] INFO  server.RaftServerConfigKeys (ConfUtils.java:logGet(43)) - raft.server.sleep.deviation.threshold = 300 (default)
2019-10-04 00:23:58,471 [pool-257-thread-1] INFO  server.RaftServerConfigKeys (ConfUtils.java:logGet(43)) - raft.server.log.appender.install.snapshot.enabled = false (custom)
2019-10-04 00:23:58,471 [pool-257-thread-1] INFO  impl.RaftServerImpl (ServerState.java:<init>(103)) - 90b0e1f5-b807-4e32-b018-7df713986417@group-839641E3887F: ConfigurationManager, init=-1: [90b0e1f5-b807-4e32-b018-7df713986417:192.168.151.76:42181], old=null, confs=<EMPTY_MAP>
2019-10-04 00:23:58,471 [pool-257-thread-1] INFO  server.RaftServerConfigKeys (ConfUtils.java:logGet(43)) - raft.server.storage.dir = [/workdir/hadoop-ozone/integration-test/target/test-dir/MiniOzoneClusterImpl-3b170045-66f0-4bc5-bb15-72b77228cdcf/datanode-5/data/ratis] (custom)
2019-10-04 00:23:58,471 [pool-257-thread-1] INFO  server.RaftServerConfigKeys (ConfUtils.java:logGet(43)) - raft.server.log.corruption.policy = EXCEPTION (default)
2019-10-04 00:23:58,472 [pool-257-thread-1] INFO  storage.RaftStorageDirectory (RaftStorageDirectory.java:analyzeStorage(246)) - The storage directory /workdir/hadoop-ozone/integration-test/target/test-dir/MiniOzoneClusterImpl-3b170045-66f0-4bc5-bb15-72b77228cdcf/datanode-5/data/ratis/9f7503a0-0858-4e9c-81c9-839641e3887f does not exist. Creating ...
2019-10-04 00:23:58,484 [pool-257-thread-1] INFO  storage.RaftStorageDirectory (RaftStorageDirectory.java:tryLock(328)) - Lock on /workdir/hadoop-ozone/integration-test/target/test-dir/MiniOzoneClusterImpl-3b170045-66f0-4bc5-bb15-72b77228cdcf/datanode-5/data/ratis/9f7503a0-0858-4e9c-81c9-839641e3887f/in_use.lock acquired by nodename 21867@pr-hdds-1986-2jrbz-1673272497
2019-10-04 00:23:58,511 [pool-257-thread-1] INFO  storage.RaftStorage (RaftStorage.java:format(84)) - Storage directory /workdir/hadoop-ozone/integration-test/target/test-dir/MiniOzoneClusterImpl-3b170045-66f0-4bc5-bb15-72b77228cdcf/datanode-5/data/ratis/9f7503a0-0858-4e9c-81c9-839641e3887f has been successfully formatted.
2019-10-04 00:23:58,511 [pool-257-thread-1] INFO  ratis.ContainerStateMachine (ContainerStateMachine.java:loadSnapshot(230)) - group-839641E3887F: The snapshot info is null. Setting the last applied indexto:(t:0, i:~)
2019-10-04 00:23:58,511 [pool-257-thread-1] INFO  server.RaftServerConfigKeys (ConfUtils.java:logGet(43)) - raft.server.notification.no-leader.timeout = 120s (custom)
2019-10-04 00:23:58,511 [pool-257-thread-1] INFO  server.RaftServerConfigKeys (ConfUtils.java:logGet(43)) - raft.server.log.use.memory = false (default)
2019-10-04 00:23:58,511 [pool-257-thread-1] INFO  server.RaftServerConfigKeys (ConfUtils.java:logGet(43)) - raft.server.log.purge.gap = 1000000 (custom)
2019-10-04 00:23:58,512 [pool-257-thread-1] INFO  server.RaftServerConfigKeys (ConfUtils.java:logGet(43)) - raft.server.log.appender.buffer.byte-limit = 33554432 (custom)
2019-10-04 00:23:58,512 [pool-257-thread-1] INFO  server.RaftServerConfigKeys (ConfUtils.java:logGet(43)) - raft.server.log.segment.size.max = 1048576 (custom)
2019-10-04 00:23:58,512 [pool-257-thread-1] INFO  server.RaftServerConfigKeys (ConfUtils.java:logGet(43)) - raft.server.log.segment.cache.num.max = 2 (custom)
2019-10-04 00:23:58,512 [pool-257-thread-1] INFO  segmented.SegmentedRaftLogWorker (SegmentedRaftLogWorker.java:<init>(173)) - new 90b0e1f5-b807-4e32-b018-7df713986417@group-839641E3887F-SegmentedRaftLogWorker for RaftStorage:Storage Directory /workdir/hadoop-ozone/integration-test/target/test-dir/MiniOzoneClusterImpl-3b170045-66f0-4bc5-bb15-72b77228cdcf/datanode-5/data/ratis/9f7503a0-0858-4e9c-81c9-839641e3887f
2019-10-04 00:23:58,512 [pool-257-thread-1] INFO  server.RaftServerConfigKeys (ConfUtils.java:logGet(43)) - raft.server.log.queue.byte-limit = 2147483647 (custom)
2019-10-04 00:23:58,512 [pool-257-thread-1] INFO  server.RaftServerConfigKeys (ConfUtils.java:logGet(43)) - raft.server.log.queue.element-limit = 1024 (custom)
2019-10-04 00:23:58,512 [pool-257-thread-1] INFO  server.RaftServerConfigKeys (ConfUtils.java:logGet(43)) - raft.server.log.segment.size.max = 1048576 (custom)
2019-10-04 00:23:58,512 [pool-257-thread-1] INFO  server.RaftServerConfigKeys (ConfUtils.java:logGet(43)) - raft.server.log.preallocated.size = 16384 (custom)
2019-10-04 00:23:58,513 [pool-257-thread-1] INFO  server.RaftServerConfigKeys (ConfUtils.java:logGet(43)) - raft.server.log.write.buffer.size = 33554432 (custom)
2019-10-04 00:23:58,513 [pool-257-thread-1] INFO  server.RaftServerConfigKeys (ConfUtils.java:logGet(43)) - raft.server.log.force.sync.num = 128 (default)
2019-10-04 00:23:58,513 [pool-257-thread-1] INFO  server.RaftServerConfigKeys (ConfUtils.java:logGet(43)) - raft.server.log.statemachine.data.sync = true (default)
2019-10-04 00:23:58,513 [pool-257-thread-1] INFO  server.RaftServerConfigKeys (ConfUtils.java:logGet(43)) - raft.server.log.statemachine.data.sync.timeout = 10s (default)
2019-10-04 00:23:58,513 [pool-257-thread-1] INFO  server.RaftServerConfigKeys (ConfUtils.java:logGet(43)) - raft.server.log.statemachine.data.sync.timeout.retry = -1 (default)
2019-10-04 00:23:58,513 [pool-257-thread-1] INFO  server.RaftServerConfigKeys (ConfUtils.java:logGet(43)) - raft.server.log.statemachine.data.caching.enabled = true (custom)
2019-10-04 00:23:58,513 [pool-257-thread-1] INFO  segmented.SegmentedRaftLogWorker (SegmentedRaftLogWorker.java:lambda$new$0(128)) - 90b0e1f5-b807-4e32-b018-7df713986417@group-839641E3887F-SegmentedRaftLogWorker: flushIndex: setUnconditionally 0 -> -1
2019-10-04 00:23:58,514 [pool-257-thread-1] INFO  server.RaftServerConfigKeys (ConfUtils.java:logGet(43)) - raft.server.snapshot.auto.trigger.enabled = true (custom)
2019-10-04 00:23:58,514 [pool-257-thread-1] INFO  server.RaftServerConfigKeys (ConfUtils.java:logGet(43)) - raft.server.snapshot.auto.trigger.threshold = 10000 (custom)
2019-10-04 00:23:58,514 [pool-257-thread-1] INFO  server.RaftServerConfigKeys (ConfUtils.java:logGet(43)) - raft.server.snapshot.retention.file.num = 5 (custom)
2019-10-04 00:23:58,514 [pool-257-thread-1] INFO  server.RaftServerConfigKeys (ConfUtils.java:logGet(43)) - raft.server.retrycache.expirytime = 600000ms (custom)
2019-10-04 00:23:58,516 [pool-257-thread-1] INFO  impl.RaftServerImpl (RaftServerImpl.java:start(181)) - 90b0e1f5-b807-4e32-b018-7df713986417@group-839641E3887F: start as a follower, conf=-1: [90b0e1f5-b807-4e32-b018-7df713986417:192.168.151.76:42181], old=null
2019-10-04 00:23:58,516 [pool-257-thread-1] INFO  impl.RaftServerImpl (RaftServerImpl.java:setRole(170)) - 90b0e1f5-b807-4e32-b018-7df713986417@group-839641E3887F: changes role from      null to FOLLOWER at term 0 for startAsFollower
2019-10-04 00:23:58,516 [pool-257-thread-1] INFO  impl.RoleInfo (RoleInfo.java:updateAndGet(143)) - 90b0e1f5-b807-4e32-b018-7df713986417: start FollowerState
2019-10-04 00:23:58,517 [pool-257-thread-1] INFO  util.JmxRegister (JmxRegister.java:tryRegister(44)) - Successfully registered JMX Bean with object name Ratis:service=RaftServer,group=group-839641E3887F,id=90b0e1f5-b807-4e32-b018-7df713986417
2019-10-04 00:23:58,524 [RatisPipelineUtilsThread] INFO  pipeline.PipelineStateManager (PipelineStateManager.java:addPipeline(56)) - Created pipeline Pipeline[ Id: 9f7503a0-0858-4e9c-81c9-839641e3887f, Nodes: 90b0e1f5-b807-4e32-b018-7df713986417{ip: 192.168.151.76, host: pr-hdds-1986-2jrbz-1673272497, networkLocation: /default-rack, certSerialId: null}, Type:RATIS, Factor:ONE, State:OPEN]
2019-10-04 00:23:58,531 [grpc-default-executor-2] INFO  impl.RaftServerProxy (RaftServerProxy.java:addNew(89)) - fb0f8254-837a-42b9-b526-30a95c5bbcac: addNew group-4648DCA30BD0:[fb0f8254-837a-42b9-b526-30a95c5bbcac:192.168.151.76:42620] returns group-4648DCA30BD0:java.util.concurrent.CompletableFuture@5a5bf5c8[Not completed]
2019-10-04 00:23:58,533 [pool-267-thread-1] INFO  impl.RaftServerImpl (RaftServerImpl.java:<init>(95)) - fb0f8254-837a-42b9-b526-30a95c5bbcac: new RaftServerImpl for group-4648DCA30BD0:[fb0f8254-837a-42b9-b526-30a95c5bbcac:192.168.151.76:42620] with ContainerStateMachine:uninitialized
2019-10-04 00:23:58,533 [pool-267-thread-1] INFO  server.RaftServerConfigKeys (ConfUtils.java:logGet(43)) - raft.server.rpc.timeout.min = 5s (custom)
2019-10-04 00:23:58,533 [pool-267-thread-1] INFO  server.RaftServerConfigKeys (ConfUtils.java:logGet(43)) - raft.server.rpc.timeout.max = 5200ms (custom)
2019-10-04 00:23:58,533 [pool-267-thread-1] INFO  server.RaftServerConfigKeys (ConfUtils.java:logGet(43)) - raft.server.rpcslowness.timeout = 120s (custom)
2019-10-04 00:23:58,533 [pool-267-thread-1] INFO  server.RaftServerConfigKeys (ConfUtils.java:logGet(43)) - raft.server.sleep.deviation.threshold = 300 (default)
2019-10-04 00:23:58,534 [pool-267-thread-1] INFO  server.RaftServerConfigKeys (ConfUtils.java:logGet(43)) - raft.server.log.appender.install.snapshot.enabled = false (custom)
2019-10-04 00:23:58,534 [pool-267-thread-1] INFO  impl.RaftServerImpl (ServerState.java:<init>(103)) - fb0f8254-837a-42b9-b526-30a95c5bbcac@group-4648DCA30BD0: ConfigurationManager, init=-1: [fb0f8254-837a-42b9-b526-30a95c5bbcac:192.168.151.76:42620], old=null, confs=<EMPTY_MAP>
2019-10-04 00:23:58,534 [pool-267-thread-1] INFO  server.RaftServerConfigKeys (ConfUtils.java:logGet(43)) - raft.server.storage.dir = [/workdir/hadoop-ozone/integration-test/target/test-dir/MiniOzoneClusterImpl-3b170045-66f0-4bc5-bb15-72b77228cdcf/datanode-6/data/ratis] (custom)
2019-10-04 00:23:58,534 [pool-267-thread-1] INFO  server.RaftServerConfigKeys (ConfUtils.java:logGet(43)) - raft.server.log.corruption.policy = EXCEPTION (default)
2019-10-04 00:23:58,535 [pool-267-thread-1] INFO  storage.RaftStorageDirectory (RaftStorageDirectory.java:analyzeStorage(246)) - The storage directory /workdir/hadoop-ozone/integration-test/target/test-dir/MiniOzoneClusterImpl-3b170045-66f0-4bc5-bb15-72b77228cdcf/datanode-6/data/ratis/0d526447-ffbe-4830-ad27-4648dca30bd0 does not exist. Creating ...
2019-10-04 00:23:58,547 [pool-267-thread-1] INFO  storage.RaftStorageDirectory (RaftStorageDirectory.java:tryLock(328)) - Lock on /workdir/hadoop-ozone/integration-test/target/test-dir/MiniOzoneClusterImpl-3b170045-66f0-4bc5-bb15-72b77228cdcf/datanode-6/data/ratis/0d526447-ffbe-4830-ad27-4648dca30bd0/in_use.lock acquired by nodename 21867@pr-hdds-1986-2jrbz-1673272497
2019-10-04 00:23:58,560 [pool-267-thread-1] INFO  storage.RaftStorage (RaftStorage.java:format(84)) - Storage directory /workdir/hadoop-ozone/integration-test/target/test-dir/MiniOzoneClusterImpl-3b170045-66f0-4bc5-bb15-72b77228cdcf/datanode-6/data/ratis/0d526447-ffbe-4830-ad27-4648dca30bd0 has been successfully formatted.
2019-10-04 00:23:58,561 [pool-267-thread-1] INFO  ratis.ContainerStateMachine (ContainerStateMachine.java:loadSnapshot(230)) - group-4648DCA30BD0: The snapshot info is null. Setting the last applied indexto:(t:0, i:~)
2019-10-04 00:23:58,561 [pool-267-thread-1] INFO  server.RaftServerConfigKeys (ConfUtils.java:logGet(43)) - raft.server.notification.no-leader.timeout = 120s (custom)
2019-10-04 00:23:58,561 [pool-267-thread-1] INFO  server.RaftServerConfigKeys (ConfUtils.java:logGet(43)) - raft.server.log.use.memory = false (default)
2019-10-04 00:23:58,562 [pool-267-thread-1] INFO  server.RaftServerConfigKeys (ConfUtils.java:logGet(43)) - raft.server.log.purge.gap = 1000000 (custom)
2019-10-04 00:23:58,562 [pool-267-thread-1] INFO  server.RaftServerConfigKeys (ConfUtils.java:logGet(43)) - raft.server.log.appender.buffer.byte-limit = 33554432 (custom)
2019-10-04 00:23:58,562 [pool-267-thread-1] INFO  server.RaftServerConfigKeys (ConfUtils.java:logGet(43)) - raft.server.log.segment.size.max = 1048576 (custom)
2019-10-04 00:23:58,565 [pool-267-thread-1] INFO  server.RaftServerConfigKeys (ConfUtils.java:logGet(43)) - raft.server.log.segment.cache.num.max = 2 (custom)
2019-10-04 00:23:58,565 [pool-267-thread-1] INFO  segmented.SegmentedRaftLogWorker (SegmentedRaftLogWorker.java:<init>(173)) - new fb0f8254-837a-42b9-b526-30a95c5bbcac@group-4648DCA30BD0-SegmentedRaftLogWorker for RaftStorage:Storage Directory /workdir/hadoop-ozone/integration-test/target/test-dir/MiniOzoneClusterImpl-3b170045-66f0-4bc5-bb15-72b77228cdcf/datanode-6/data/ratis/0d526447-ffbe-4830-ad27-4648dca30bd0
2019-10-04 00:23:58,565 [pool-267-thread-1] INFO  server.RaftServerConfigKeys (ConfUtils.java:logGet(43)) - raft.server.log.queue.byte-limit = 2147483647 (custom)
2019-10-04 00:23:58,565 [pool-267-thread-1] INFO  server.RaftServerConfigKeys (ConfUtils.java:logGet(43)) - raft.server.log.queue.element-limit = 1024 (custom)
2019-10-04 00:23:58,565 [pool-267-thread-1] INFO  server.RaftServerConfigKeys (ConfUtils.java:logGet(43)) - raft.server.log.segment.size.max = 1048576 (custom)
2019-10-04 00:23:58,566 [pool-267-thread-1] INFO  server.RaftServerConfigKeys (ConfUtils.java:logGet(43)) - raft.server.log.preallocated.size = 16384 (custom)
2019-10-04 00:23:58,566 [pool-267-thread-1] INFO  server.RaftServerConfigKeys (ConfUtils.java:logGet(43)) - raft.server.log.write.buffer.size = 33554432 (custom)
2019-10-04 00:23:58,566 [pool-267-thread-1] INFO  server.RaftServerConfigKeys (ConfUtils.java:logGet(43)) - raft.server.log.force.sync.num = 128 (default)
2019-10-04 00:23:58,566 [pool-267-thread-1] INFO  server.RaftServerConfigKeys (ConfUtils.java:logGet(43)) - raft.server.log.statemachine.data.sync = true (default)
2019-10-04 00:23:58,566 [pool-267-thread-1] INFO  server.RaftServerConfigKeys (ConfUtils.java:logGet(43)) - raft.server.log.statemachine.data.sync.timeout = 10s (default)
2019-10-04 00:23:58,567 [pool-267-thread-1] INFO  server.RaftServerConfigKeys (ConfUtils.java:logGet(43)) - raft.server.log.statemachine.data.sync.timeout.retry = -1 (default)
2019-10-04 00:23:58,567 [pool-267-thread-1] INFO  server.RaftServerConfigKeys (ConfUtils.java:logGet(43)) - raft.server.log.statemachine.data.caching.enabled = true (custom)
2019-10-04 00:23:58,568 [pool-267-thread-1] INFO  segmented.SegmentedRaftLogWorker (SegmentedRaftLogWorker.java:lambda$new$0(128)) - fb0f8254-837a-42b9-b526-30a95c5bbcac@group-4648DCA30BD0-SegmentedRaftLogWorker: flushIndex: setUnconditionally 0 -> -1
2019-10-04 00:23:58,568 [pool-267-thread-1] INFO  server.RaftServerConfigKeys (ConfUtils.java:logGet(43)) - raft.server.snapshot.auto.trigger.enabled = true (custom)
2019-10-04 00:23:58,568 [pool-267-thread-1] INFO  server.RaftServerConfigKeys (ConfUtils.java:logGet(43)) - raft.server.snapshot.auto.trigger.threshold = 10000 (custom)
2019-10-04 00:23:58,568 [pool-267-thread-1] INFO  server.RaftServerConfigKeys (ConfUtils.java:logGet(43)) - raft.server.snapshot.retention.file.num = 5 (custom)
2019-10-04 00:23:58,569 [pool-267-thread-1] INFO  server.RaftServerConfigKeys (ConfUtils.java:logGet(43)) - raft.server.retrycache.expirytime = 600000ms (custom)
2019-10-04 00:23:58,571 [pool-267-thread-1] INFO  impl.RaftServerImpl (RaftServerImpl.java:start(181)) - fb0f8254-837a-42b9-b526-30a95c5bbcac@group-4648DCA30BD0: start as a follower, conf=-1: [fb0f8254-837a-42b9-b526-30a95c5bbcac:192.168.151.76:42620], old=null
2019-10-04 00:23:58,571 [pool-267-thread-1] INFO  impl.RaftServerImpl (RaftServerImpl.java:setRole(170)) - fb0f8254-837a-42b9-b526-30a95c5bbcac@group-4648DCA30BD0: changes role from      null to FOLLOWER at term 0 for startAsFollower
2019-10-04 00:23:58,572 [pool-267-thread-1] INFO  impl.RoleInfo (RoleInfo.java:updateAndGet(143)) - fb0f8254-837a-42b9-b526-30a95c5bbcac: start FollowerState
2019-10-04 00:23:58,572 [pool-267-thread-1] INFO  util.JmxRegister (JmxRegister.java:tryRegister(44)) - Successfully registered JMX Bean with object name Ratis:service=RaftServer,group=group-4648DCA30BD0,id=fb0f8254-837a-42b9-b526-30a95c5bbcac
2019-10-04 00:23:58,579 [RatisPipelineUtilsThread] INFO  pipeline.PipelineStateManager (PipelineStateManager.java:addPipeline(56)) - Created pipeline Pipeline[ Id: 0d526447-ffbe-4830-ad27-4648dca30bd0, Nodes: fb0f8254-837a-42b9-b526-30a95c5bbcac{ip: 192.168.151.76, host: pr-hdds-1986-2jrbz-1673272497, networkLocation: /default-rack, certSerialId: null}, Type:RATIS, Factor:ONE, State:OPEN]
2019-10-04 00:23:59,369 [main] INFO  ozone.MiniOzoneClusterImpl (MiniOzoneClusterImpl.java:lambda$waitForClusterToBeReady$0(147)) - Cluster is ready. Got 7 of 7 DN Heartbeats.
2019-10-04 00:23:59,419 [main] INFO  rpc.RpcClient (RpcClient.java:createVolume(277)) - Creating Volume: watchforcommithandlingtest, with jenkins1000 as owner.
2019-10-04 00:23:59,423 [IPC Server handler 1 on 33111] INFO  volume.OMVolumeCreateRequest (OMVolumeCreateRequest.java:validateAndUpdateCache(193)) - created volume:watchforcommithandlingtest for user:jenkins1000
2019-10-04 00:23:59,439 [main] INFO  rpc.RpcClient (RpcClient.java:createBucket(416)) - Creating Bucket: watchforcommithandlingtest/watchforcommithandlingtest, with Versioning false and Storage Type set to DISK and Encryption set to false 
2019-10-04 00:23:59,443 [main] INFO  ozone.MiniOzoneClusterImpl (MiniOzoneClusterImpl.java:getStorageContainerLocationClient(234)) - Creating StorageContainerLocationProtocol RPC client with address /0.0.0.0:39541
2019-10-04 00:24:00,947 [Thread-1427] INFO  container.ReplicationManager (ReplicationManager.java:start(162)) - Starting Replication Monitor Thread.
2019-10-04 00:24:00,952 [ReplicationMonitor] INFO  container.ReplicationManager (ReplicationManager.java:run(225)) - Replication Monitor Thread took 0 milliseconds for processing 1 containers.
2019-10-04 00:24:03,029 [Thread-1429] INFO  impl.FollowerState (FollowerState.java:run(108)) - 875507cb-af1c-43f0-a42d-2b33a4ea3e8f@group-425469CA4E89-FollowerState: change to CANDIDATE, lastRpcTime:5021ms, electionTimeout:5021ms
2019-10-04 00:24:03,029 [Thread-1429] INFO  impl.RoleInfo (RoleInfo.java:shutdownFollowerState(121)) - 875507cb-af1c-43f0-a42d-2b33a4ea3e8f: shutdown FollowerState
2019-10-04 00:24:03,030 [Thread-1429] INFO  impl.RaftServerImpl (RaftServerImpl.java:setRole(170)) - 875507cb-af1c-43f0-a42d-2b33a4ea3e8f@group-425469CA4E89: changes role from  FOLLOWER to CANDIDATE at term 0 for changeToCandidate
2019-10-04 00:24:03,030 [Thread-1429] INFO  impl.RoleInfo (RoleInfo.java:updateAndGet(143)) - 875507cb-af1c-43f0-a42d-2b33a4ea3e8f: start LeaderElection
2019-10-04 00:24:03,050 [875507cb-af1c-43f0-a42d-2b33a4ea3e8f@group-425469CA4E89-LeaderElection56] INFO  impl.LeaderElection (LeaderElection.java:askForVotes(178)) - 875507cb-af1c-43f0-a42d-2b33a4ea3e8f@group-425469CA4E89-LeaderElection56: begin an election at term 1 for -1: [875507cb-af1c-43f0-a42d-2b33a4ea3e8f:192.168.151.76:34100], old=null
2019-10-04 00:24:03,051 [875507cb-af1c-43f0-a42d-2b33a4ea3e8f@group-425469CA4E89-LeaderElection56] INFO  impl.RoleInfo (RoleInfo.java:shutdownLeaderElection(134)) - 875507cb-af1c-43f0-a42d-2b33a4ea3e8f: shutdown LeaderElection
2019-10-04 00:24:03,051 [875507cb-af1c-43f0-a42d-2b33a4ea3e8f@group-425469CA4E89-LeaderElection56] INFO  impl.RaftServerImpl (RaftServerImpl.java:setRole(170)) - 875507cb-af1c-43f0-a42d-2b33a4ea3e8f@group-425469CA4E89: changes role from CANDIDATE to LEADER at term 1 for changeToLeader
2019-10-04 00:24:03,051 [875507cb-af1c-43f0-a42d-2b33a4ea3e8f@group-425469CA4E89-LeaderElection56] INFO  impl.RaftServerImpl (ServerState.java:setLeader(255)) - 875507cb-af1c-43f0-a42d-2b33a4ea3e8f@group-425469CA4E89: change Leader from null to 875507cb-af1c-43f0-a42d-2b33a4ea3e8f at term 1 for becomeLeader, leader elected after 5051ms
2019-10-04 00:24:03,051 [875507cb-af1c-43f0-a42d-2b33a4ea3e8f@group-425469CA4E89-LeaderElection56] INFO  server.RaftServerConfigKeys (ConfUtils.java:logGet(43)) - raft.server.staging.catchup.gap = 1000 (default)
2019-10-04 00:24:03,051 [875507cb-af1c-43f0-a42d-2b33a4ea3e8f@group-425469CA4E89-LeaderElection56] INFO  server.RaftServerConfigKeys (ConfUtils.java:logGet(43)) - raft.server.rpc.sleep.time = 25ms (default)
2019-10-04 00:24:03,052 [875507cb-af1c-43f0-a42d-2b33a4ea3e8f@group-425469CA4E89-LeaderElection56] INFO  server.RaftServerConfigKeys (ConfUtils.java:logGet(43)) - raft.server.write.element-limit = 4096 (default)
2019-10-04 00:24:03,052 [875507cb-af1c-43f0-a42d-2b33a4ea3e8f@group-425469CA4E89-LeaderElection56] INFO  server.RaftServerConfigKeys (ConfUtils.java:logGet(43)) - raft.server.watch.timeout = 10s (default)
2019-10-04 00:24:03,052 [875507cb-af1c-43f0-a42d-2b33a4ea3e8f@group-425469CA4E89-LeaderElection56] INFO  server.RaftServerConfigKeys (ConfUtils.java:logGet(43)) - raft.server.watch.timeout.denomination = 1s (default)
2019-10-04 00:24:03,052 [875507cb-af1c-43f0-a42d-2b33a4ea3e8f@group-425469CA4E89-LeaderElection56] INFO  server.RaftServerConfigKeys (ConfUtils.java:logGet(43)) - raft.server.watch.element-limit = 65536 (default)
2019-10-04 00:24:03,055 [875507cb-af1c-43f0-a42d-2b33a4ea3e8f@group-425469CA4E89-LeaderElection56] INFO  impl.RoleInfo (RoleInfo.java:updateAndGet(143)) - 875507cb-af1c-43f0-a42d-2b33a4ea3e8f: start LeaderState
2019-10-04 00:24:03,056 [875507cb-af1c-43f0-a42d-2b33a4ea3e8f@group-425469CA4E89-LeaderElection56] INFO  segmented.SegmentedRaftLogWorker (SegmentedRaftLogWorker.java:startLogSegment(385)) - 875507cb-af1c-43f0-a42d-2b33a4ea3e8f@group-425469CA4E89-SegmentedRaftLogWorker: Starting segment from index:0
2019-10-04 00:24:03,057 [875507cb-af1c-43f0-a42d-2b33a4ea3e8f@group-425469CA4E89-LeaderElection56] INFO  impl.RaftServerImpl (ServerState.java:setRaftConf(356)) - 875507cb-af1c-43f0-a42d-2b33a4ea3e8f@group-425469CA4E89: set configuration 0: [875507cb-af1c-43f0-a42d-2b33a4ea3e8f:192.168.151.76:34100], old=null at 0
2019-10-04 00:24:03,072 [Thread-1432] INFO  impl.FollowerState (FollowerState.java:run(108)) - 77785bd1-e3fa-40ee-837b-c5096ff73ca9@group-5297E6E0F2C4-FollowerState: change to CANDIDATE, lastRpcTime:5000ms, electionTimeout:5000ms
2019-10-04 00:24:03,073 [Thread-1432] INFO  impl.RoleInfo (RoleInfo.java:shutdownFollowerState(121)) - 77785bd1-e3fa-40ee-837b-c5096ff73ca9: shutdown FollowerState
2019-10-04 00:24:03,073 [Thread-1432] INFO  impl.RaftServerImpl (RaftServerImpl.java:setRole(170)) - 77785bd1-e3fa-40ee-837b-c5096ff73ca9@group-5297E6E0F2C4: changes role from  FOLLOWER to CANDIDATE at term 0 for changeToCandidate
2019-10-04 00:24:03,073 [Thread-1432] INFO  impl.RoleInfo (RoleInfo.java:updateAndGet(143)) - 77785bd1-e3fa-40ee-837b-c5096ff73ca9: start LeaderElection
2019-10-04 00:24:03,107 [875507cb-af1c-43f0-a42d-2b33a4ea3e8f@group-425469CA4E89-SegmentedRaftLogWorker] INFO  segmented.SegmentedRaftLogWorker (SegmentedRaftLogWorker.java:execute(574)) - 875507cb-af1c-43f0-a42d-2b33a4ea3e8f@group-425469CA4E89-SegmentedRaftLogWorker: created new log segment /workdir/hadoop-ozone/integration-test/target/test-dir/MiniOzoneClusterImpl-3b170045-66f0-4bc5-bb15-72b77228cdcf/datanode-0/data/ratis/e63e96fa-b770-4d94-aa19-425469ca4e89/current/log_inprogress_0
2019-10-04 00:24:03,107 [77785bd1-e3fa-40ee-837b-c5096ff73ca9@group-5297E6E0F2C4-LeaderElection57] INFO  impl.LeaderElection (LeaderElection.java:askForVotes(178)) - 77785bd1-e3fa-40ee-837b-c5096ff73ca9@group-5297E6E0F2C4-LeaderElection57: begin an election at term 1 for -1: [77785bd1-e3fa-40ee-837b-c5096ff73ca9:192.168.151.76:40077], old=null
2019-10-04 00:24:03,108 [77785bd1-e3fa-40ee-837b-c5096ff73ca9@group-5297E6E0F2C4-LeaderElection57] INFO  impl.RoleInfo (RoleInfo.java:shutdownLeaderElection(134)) - 77785bd1-e3fa-40ee-837b-c5096ff73ca9: shutdown LeaderElection
2019-10-04 00:24:03,108 [77785bd1-e3fa-40ee-837b-c5096ff73ca9@group-5297E6E0F2C4-LeaderElection57] INFO  impl.RaftServerImpl (RaftServerImpl.java:setRole(170)) - 77785bd1-e3fa-40ee-837b-c5096ff73ca9@group-5297E6E0F2C4: changes role from CANDIDATE to LEADER at term 1 for changeToLeader
2019-10-04 00:24:03,108 [77785bd1-e3fa-40ee-837b-c5096ff73ca9@group-5297E6E0F2C4-LeaderElection57] INFO  impl.RaftServerImpl (ServerState.java:setLeader(255)) - 77785bd1-e3fa-40ee-837b-c5096ff73ca9@group-5297E6E0F2C4: change Leader from null to 77785bd1-e3fa-40ee-837b-c5096ff73ca9 at term 1 for becomeLeader, leader elected after 5043ms
2019-10-04 00:24:03,108 [77785bd1-e3fa-40ee-837b-c5096ff73ca9@group-5297E6E0F2C4-LeaderElection57] INFO  server.RaftServerConfigKeys (ConfUtils.java:logGet(43)) - raft.server.staging.catchup.gap = 1000 (default)
2019-10-04 00:24:03,108 [77785bd1-e3fa-40ee-837b-c5096ff73ca9@group-5297E6E0F2C4-LeaderElection57] INFO  server.RaftServerConfigKeys (ConfUtils.java:logGet(43)) - raft.server.rpc.sleep.time = 25ms (default)
2019-10-04 00:24:03,109 [77785bd1-e3fa-40ee-837b-c5096ff73ca9@group-5297E6E0F2C4-LeaderElection57] INFO  server.RaftServerConfigKeys (ConfUtils.java:logGet(43)) - raft.server.write.element-limit = 4096 (default)
2019-10-04 00:24:03,109 [77785bd1-e3fa-40ee-837b-c5096ff73ca9@group-5297E6E0F2C4-LeaderElection57] INFO  server.RaftServerConfigKeys (ConfUtils.java:logGet(43)) - raft.server.watch.timeout = 10s (default)
2019-10-04 00:24:03,109 [77785bd1-e3fa-40ee-837b-c5096ff73ca9@group-5297E6E0F2C4-LeaderElection57] INFO  server.RaftServerConfigKeys (ConfUtils.java:logGet(43)) - raft.server.watch.timeout.denomination = 1s (default)
2019-10-04 00:24:03,109 [77785bd1-e3fa-40ee-837b-c5096ff73ca9@group-5297E6E0F2C4-LeaderElection57] INFO  server.RaftServerConfigKeys (ConfUtils.java:logGet(43)) - raft.server.watch.element-limit = 65536 (default)
2019-10-04 00:24:03,112 [77785bd1-e3fa-40ee-837b-c5096ff73ca9@group-5297E6E0F2C4-LeaderElection57] INFO  impl.RoleInfo (RoleInfo.java:updateAndGet(143)) - 77785bd1-e3fa-40ee-837b-c5096ff73ca9: start LeaderState
2019-10-04 00:24:03,112 [77785bd1-e3fa-40ee-837b-c5096ff73ca9@group-5297E6E0F2C4-LeaderElection57] INFO  segmented.SegmentedRaftLogWorker (SegmentedRaftLogWorker.java:startLogSegment(385)) - 77785bd1-e3fa-40ee-837b-c5096ff73ca9@group-5297E6E0F2C4-SegmentedRaftLogWorker: Starting segment from index:0
2019-10-04 00:24:03,113 [77785bd1-e3fa-40ee-837b-c5096ff73ca9@group-5297E6E0F2C4-LeaderElection57] INFO  impl.RaftServerImpl (ServerState.java:setRaftConf(356)) - 77785bd1-e3fa-40ee-837b-c5096ff73ca9@group-5297E6E0F2C4: set configuration 0: [77785bd1-e3fa-40ee-837b-c5096ff73ca9:192.168.151.76:40077], old=null at 0
2019-10-04 00:24:03,150 [Thread-1435] INFO  impl.FollowerState (FollowerState.java:run(108)) - c5f0827a-37fe-438c-8dc5-5846985bfa4f@group-1B4662383BE6-FollowerState: change to CANDIDATE, lastRpcTime:5003ms, electionTimeout:5003ms
2019-10-04 00:24:03,150 [Thread-1435] INFO  impl.RoleInfo (RoleInfo.java:shutdownFollowerState(121)) - c5f0827a-37fe-438c-8dc5-5846985bfa4f: shutdown FollowerState
2019-10-04 00:24:03,150 [Thread-1435] INFO  impl.RaftServerImpl (RaftServerImpl.java:setRole(170)) - c5f0827a-37fe-438c-8dc5-5846985bfa4f@group-1B4662383BE6: changes role from  FOLLOWER to CANDIDATE at term 0 for changeToCandidate
2019-10-04 00:24:03,151 [Thread-1435] INFO  impl.RoleInfo (RoleInfo.java:updateAndGet(143)) - c5f0827a-37fe-438c-8dc5-5846985bfa4f: start LeaderElection
2019-10-04 00:24:03,159 [77785bd1-e3fa-40ee-837b-c5096ff73ca9@group-5297E6E0F2C4-SegmentedRaftLogWorker] INFO  segmented.SegmentedRaftLogWorker (SegmentedRaftLogWorker.java:execute(574)) - 77785bd1-e3fa-40ee-837b-c5096ff73ca9@group-5297E6E0F2C4-SegmentedRaftLogWorker: created new log segment /workdir/hadoop-ozone/integration-test/target/test-dir/MiniOzoneClusterImpl-3b170045-66f0-4bc5-bb15-72b77228cdcf/datanode-1/data/ratis/f942041f-d7c7-4a80-9c5c-5297e6e0f2c4/current/log_inprogress_0
2019-10-04 00:24:03,162 [c5f0827a-37fe-438c-8dc5-5846985bfa4f@group-1B4662383BE6-LeaderElection58] INFO  impl.LeaderElection (LeaderElection.java:askForVotes(178)) - c5f0827a-37fe-438c-8dc5-5846985bfa4f@group-1B4662383BE6-LeaderElection58: begin an election at term 1 for -1: [c5f0827a-37fe-438c-8dc5-5846985bfa4f:192.168.151.76:41793], old=null
2019-10-04 00:24:03,162 [c5f0827a-37fe-438c-8dc5-5846985bfa4f@group-1B4662383BE6-LeaderElection58] INFO  impl.RoleInfo (RoleInfo.java:shutdownLeaderElection(134)) - c5f0827a-37fe-438c-8dc5-5846985bfa4f: shutdown LeaderElection
2019-10-04 00:24:03,162 [c5f0827a-37fe-438c-8dc5-5846985bfa4f@group-1B4662383BE6-LeaderElection58] INFO  impl.RaftServerImpl (RaftServerImpl.java:setRole(170)) - c5f0827a-37fe-438c-8dc5-5846985bfa4f@group-1B4662383BE6: changes role from CANDIDATE to LEADER at term 1 for changeToLeader
2019-10-04 00:24:03,162 [c5f0827a-37fe-438c-8dc5-5846985bfa4f@group-1B4662383BE6-LeaderElection58] INFO  impl.RaftServerImpl (ServerState.java:setLeader(255)) - c5f0827a-37fe-438c-8dc5-5846985bfa4f@group-1B4662383BE6: change Leader from null to c5f0827a-37fe-438c-8dc5-5846985bfa4f at term 1 for becomeLeader, leader elected after 5024ms
2019-10-04 00:24:03,163 [c5f0827a-37fe-438c-8dc5-5846985bfa4f@group-1B4662383BE6-LeaderElection58] INFO  server.RaftServerConfigKeys (ConfUtils.java:logGet(43)) - raft.server.staging.catchup.gap = 1000 (default)
2019-10-04 00:24:03,163 [c5f0827a-37fe-438c-8dc5-5846985bfa4f@group-1B4662383BE6-LeaderElection58] INFO  server.RaftServerConfigKeys (ConfUtils.java:logGet(43)) - raft.server.rpc.sleep.time = 25ms (default)
2019-10-04 00:24:03,163 [c5f0827a-37fe-438c-8dc5-5846985bfa4f@group-1B4662383BE6-LeaderElection58] INFO  server.RaftServerConfigKeys (ConfUtils.java:logGet(43)) - raft.server.write.element-limit = 4096 (default)
2019-10-04 00:24:03,163 [c5f0827a-37fe-438c-8dc5-5846985bfa4f@group-1B4662383BE6-LeaderElection58] INFO  server.RaftServerConfigKeys (ConfUtils.java:logGet(43)) - raft.server.watch.timeout = 10s (default)
2019-10-04 00:24:03,163 [c5f0827a-37fe-438c-8dc5-5846985bfa4f@group-1B4662383BE6-LeaderElection58] INFO  server.RaftServerConfigKeys (ConfUtils.java:logGet(43)) - raft.server.watch.timeout.denomination = 1s (default)
2019-10-04 00:24:03,163 [c5f0827a-37fe-438c-8dc5-5846985bfa4f@group-1B4662383BE6-LeaderElection58] INFO  server.RaftServerConfigKeys (ConfUtils.java:logGet(43)) - raft.server.watch.element-limit = 65536 (default)
2019-10-04 00:24:03,166 [c5f0827a-37fe-438c-8dc5-5846985bfa4f@group-1B4662383BE6-LeaderElection58] INFO  impl.RoleInfo (RoleInfo.java:updateAndGet(143)) - c5f0827a-37fe-438c-8dc5-5846985bfa4f: start LeaderState
2019-10-04 00:24:03,166 [c5f0827a-37fe-438c-8dc5-5846985bfa4f@group-1B4662383BE6-LeaderElection58] INFO  segmented.SegmentedRaftLogWorker (SegmentedRaftLogWorker.java:startLogSegment(385)) - c5f0827a-37fe-438c-8dc5-5846985bfa4f@group-1B4662383BE6-SegmentedRaftLogWorker: Starting segment from index:0
2019-10-04 00:24:03,166 [c5f0827a-37fe-438c-8dc5-5846985bfa4f@group-1B4662383BE6-LeaderElection58] INFO  impl.RaftServerImpl (ServerState.java:setRaftConf(356)) - c5f0827a-37fe-438c-8dc5-5846985bfa4f@group-1B4662383BE6: set configuration 0: [c5f0827a-37fe-438c-8dc5-5846985bfa4f:192.168.151.76:41793], old=null at 0
2019-10-04 00:24:03,213 [c5f0827a-37fe-438c-8dc5-5846985bfa4f@group-1B4662383BE6-SegmentedRaftLogWorker] INFO  segmented.SegmentedRaftLogWorker (SegmentedRaftLogWorker.java:execute(574)) - c5f0827a-37fe-438c-8dc5-5846985bfa4f@group-1B4662383BE6-SegmentedRaftLogWorker: created new log segment /workdir/hadoop-ozone/integration-test/target/test-dir/MiniOzoneClusterImpl-3b170045-66f0-4bc5-bb15-72b77228cdcf/datanode-2/data/ratis/35265042-7d13-4fe3-bedc-1b4662383be6/current/log_inprogress_0
2019-10-04 00:24:03,272 [Thread-1438] INFO  impl.FollowerState (FollowerState.java:run(108)) - 71330204-bca2-4e99-8f93-d549681827cf@group-FEA9185C42D5-FollowerState: change to CANDIDATE, lastRpcTime:5060ms, electionTimeout:5060ms
2019-10-04 00:24:03,272 [Thread-1438] INFO  impl.RoleInfo (RoleInfo.java:shutdownFollowerState(121)) - 71330204-bca2-4e99-8f93-d549681827cf: shutdown FollowerState
2019-10-04 00:24:03,273 [Thread-1438] INFO  impl.RaftServerImpl (RaftServerImpl.java:setRole(170)) - 71330204-bca2-4e99-8f93-d549681827cf@group-FEA9185C42D5: changes role from  FOLLOWER to CANDIDATE at term 0 for changeToCandidate
2019-10-04 00:24:03,273 [Thread-1438] INFO  impl.RoleInfo (RoleInfo.java:updateAndGet(143)) - 71330204-bca2-4e99-8f93-d549681827cf: start LeaderElection
2019-10-04 00:24:03,293 [71330204-bca2-4e99-8f93-d549681827cf@group-FEA9185C42D5-LeaderElection59] INFO  impl.LeaderElection (LeaderElection.java:askForVotes(178)) - 71330204-bca2-4e99-8f93-d549681827cf@group-FEA9185C42D5-LeaderElection59: begin an election at term 1 for -1: [71330204-bca2-4e99-8f93-d549681827cf:192.168.151.76:43184], old=null
2019-10-04 00:24:03,293 [71330204-bca2-4e99-8f93-d549681827cf@group-FEA9185C42D5-LeaderElection59] INFO  impl.RoleInfo (RoleInfo.java:shutdownLeaderElection(134)) - 71330204-bca2-4e99-8f93-d549681827cf: shutdown LeaderElection
2019-10-04 00:24:03,293 [71330204-bca2-4e99-8f93-d549681827cf@group-FEA9185C42D5-LeaderElection59] INFO  impl.RaftServerImpl (RaftServerImpl.java:setRole(170)) - 71330204-bca2-4e99-8f93-d549681827cf@group-FEA9185C42D5: changes role from CANDIDATE to LEADER at term 1 for changeToLeader
2019-10-04 00:24:03,293 [71330204-bca2-4e99-8f93-d549681827cf@group-FEA9185C42D5-LeaderElection59] INFO  impl.RaftServerImpl (ServerState.java:setLeader(255)) - 71330204-bca2-4e99-8f93-d549681827cf@group-FEA9185C42D5: change Leader from null to 71330204-bca2-4e99-8f93-d549681827cf at term 1 for becomeLeader, leader elected after 5090ms
2019-10-04 00:24:03,293 [71330204-bca2-4e99-8f93-d549681827cf@group-FEA9185C42D5-LeaderElection59] INFO  server.RaftServerConfigKeys (ConfUtils.java:logGet(43)) - raft.server.staging.catchup.gap = 1000 (default)
2019-10-04 00:24:03,294 [71330204-bca2-4e99-8f93-d549681827cf@group-FEA9185C42D5-LeaderElection59] INFO  server.RaftServerConfigKeys (ConfUtils.java:logGet(43)) - raft.server.rpc.sleep.time = 25ms (default)
2019-10-04 00:24:03,294 [71330204-bca2-4e99-8f93-d549681827cf@group-FEA9185C42D5-LeaderElection59] INFO  server.RaftServerConfigKeys (ConfUtils.java:logGet(43)) - raft.server.write.element-limit = 4096 (default)
2019-10-04 00:24:03,294 [71330204-bca2-4e99-8f93-d549681827cf@group-FEA9185C42D5-LeaderElection59] INFO  server.RaftServerConfigKeys (ConfUtils.java:logGet(43)) - raft.server.watch.timeout = 10s (default)
2019-10-04 00:24:03,294 [71330204-bca2-4e99-8f93-d549681827cf@group-FEA9185C42D5-LeaderElection59] INFO  server.RaftServerConfigKeys (ConfUtils.java:logGet(43)) - raft.server.watch.timeout.denomination = 1s (default)
2019-10-04 00:24:03,294 [71330204-bca2-4e99-8f93-d549681827cf@group-FEA9185C42D5-LeaderElection59] INFO  server.RaftServerConfigKeys (ConfUtils.java:logGet(43)) - raft.server.watch.element-limit = 65536 (default)
2019-10-04 00:24:03,297 [71330204-bca2-4e99-8f93-d549681827cf@group-FEA9185C42D5-LeaderElection59] INFO  impl.RoleInfo (RoleInfo.java:updateAndGet(143)) - 71330204-bca2-4e99-8f93-d549681827cf: start LeaderState
2019-10-04 00:24:03,297 [71330204-bca2-4e99-8f93-d549681827cf@group-FEA9185C42D5-LeaderElection59] INFO  segmented.SegmentedRaftLogWorker (SegmentedRaftLogWorker.java:startLogSegment(385)) - 71330204-bca2-4e99-8f93-d549681827cf@group-FEA9185C42D5-SegmentedRaftLogWorker: Starting segment from index:0
2019-10-04 00:24:03,298 [71330204-bca2-4e99-8f93-d549681827cf@group-FEA9185C42D5-LeaderElection59] INFO  impl.RaftServerImpl (ServerState.java:setRaftConf(356)) - 71330204-bca2-4e99-8f93-d549681827cf@group-FEA9185C42D5: set configuration 0: [71330204-bca2-4e99-8f93-d549681827cf:192.168.151.76:43184], old=null at 0
2019-10-04 00:24:03,345 [71330204-bca2-4e99-8f93-d549681827cf@group-FEA9185C42D5-SegmentedRaftLogWorker] INFO  segmented.SegmentedRaftLogWorker (SegmentedRaftLogWorker.java:execute(574)) - 71330204-bca2-4e99-8f93-d549681827cf@group-FEA9185C42D5-SegmentedRaftLogWorker: created new log segment /workdir/hadoop-ozone/integration-test/target/test-dir/MiniOzoneClusterImpl-3b170045-66f0-4bc5-bb15-72b77228cdcf/datanode-3/data/ratis/b64d644b-cfbe-4482-a380-fea9185c42d5/current/log_inprogress_0
2019-10-04 00:24:03,400 [Thread-1447] INFO  impl.FollowerState (FollowerState.java:run(108)) - 71330204-bca2-4e99-8f93-d549681827cf@group-50998A96B5E1-FollowerState: change to CANDIDATE, lastRpcTime:5050ms, electionTimeout:5050ms
2019-10-04 00:24:03,400 [Thread-1447] INFO  impl.RoleInfo (RoleInfo.java:shutdownFollowerState(121)) - 71330204-bca2-4e99-8f93-d549681827cf: shutdown FollowerState
2019-10-04 00:24:03,400 [Thread-1447] INFO  impl.RaftServerImpl (RaftServerImpl.java:setRole(170)) - 71330204-bca2-4e99-8f93-d549681827cf@group-50998A96B5E1: changes role from  FOLLOWER to CANDIDATE at term 0 for changeToCandidate
2019-10-04 00:24:03,401 [Thread-1447] INFO  impl.RoleInfo (RoleInfo.java:updateAndGet(143)) - 71330204-bca2-4e99-8f93-d549681827cf: start LeaderElection
2019-10-04 00:24:03,417 [71330204-bca2-4e99-8f93-d549681827cf@group-50998A96B5E1-LeaderElection60] INFO  impl.LeaderElection (LeaderElection.java:askForVotes(178)) - 71330204-bca2-4e99-8f93-d549681827cf@group-50998A96B5E1-LeaderElection60: begin an election at term 1 for -1: [28c32f69-b092-44d1-8318-359d0ad59249:192.168.151.76:37361, 71330204-bca2-4e99-8f93-d549681827cf:192.168.151.76:43184, 77785bd1-e3fa-40ee-837b-c5096ff73ca9:192.168.151.76:40077], old=null
2019-10-04 00:24:03,428 [grpc-default-executor-3] INFO  impl.RaftServerImpl (RaftServerImpl.java:setRole(170)) - 28c32f69-b092-44d1-8318-359d0ad59249@group-50998A96B5E1: changes role from  FOLLOWER to FOLLOWER at term 1 for recognizeCandidate:71330204-bca2-4e99-8f93-d549681827cf
2019-10-04 00:24:03,428 [grpc-default-executor-2] INFO  impl.RaftServerImpl (RaftServerImpl.java:setRole(170)) - 77785bd1-e3fa-40ee-837b-c5096ff73ca9@group-50998A96B5E1: changes role from  FOLLOWER to FOLLOWER at term 1 for recognizeCandidate:71330204-bca2-4e99-8f93-d549681827cf
2019-10-04 00:24:03,428 [grpc-default-executor-3] INFO  impl.RoleInfo (RoleInfo.java:shutdownFollowerState(121)) - 28c32f69-b092-44d1-8318-359d0ad59249: shutdown FollowerState
2019-10-04 00:24:03,428 [grpc-default-executor-2] INFO  impl.RoleInfo (RoleInfo.java:shutdownFollowerState(121)) - 77785bd1-e3fa-40ee-837b-c5096ff73ca9: shutdown FollowerState
2019-10-04 00:24:03,429 [grpc-default-executor-3] INFO  impl.RoleInfo (RoleInfo.java:updateAndGet(143)) - 28c32f69-b092-44d1-8318-359d0ad59249: start FollowerState
2019-10-04 00:24:03,429 [Thread-1444] INFO  impl.FollowerState (FollowerState.java:run(117)) - 77785bd1-e3fa-40ee-837b-c5096ff73ca9@group-50998A96B5E1-FollowerState was interrupted: java.lang.InterruptedException: sleep interrupted
2019-10-04 00:24:03,429 [grpc-default-executor-2] INFO  impl.RoleInfo (RoleInfo.java:updateAndGet(143)) - 77785bd1-e3fa-40ee-837b-c5096ff73ca9: start FollowerState
2019-10-04 00:24:03,429 [Thread-1449] INFO  impl.FollowerState (FollowerState.java:run(117)) - 28c32f69-b092-44d1-8318-359d0ad59249@group-50998A96B5E1-FollowerState was interrupted: java.lang.InterruptedException: sleep interrupted
2019-10-04 00:24:03,442 [Thread-1441] INFO  impl.FollowerState (FollowerState.java:run(108)) - 28c32f69-b092-44d1-8318-359d0ad59249@group-955329839E59-FollowerState: change to CANDIDATE, lastRpcTime:5176ms, electionTimeout:5176ms
2019-10-04 00:24:03,442 [Thread-1441] INFO  impl.RoleInfo (RoleInfo.java:shutdownFollowerState(121)) - 28c32f69-b092-44d1-8318-359d0ad59249: shutdown FollowerState
2019-10-04 00:24:03,442 [Thread-1441] INFO  impl.RaftServerImpl (RaftServerImpl.java:setRole(170)) - 28c32f69-b092-44d1-8318-359d0ad59249@group-955329839E59: changes role from  FOLLOWER to CANDIDATE at term 0 for changeToCandidate
2019-10-04 00:24:03,442 [Thread-1441] INFO  impl.RoleInfo (RoleInfo.java:updateAndGet(143)) - 28c32f69-b092-44d1-8318-359d0ad59249: start LeaderElection
2019-10-04 00:24:03,453 [Thread-1459] INFO  impl.FollowerState (FollowerState.java:run(108)) - 90b0e1f5-b807-4e32-b018-7df713986417@group-BD83C4C6BC04-FollowerState: change to CANDIDATE, lastRpcTime:5006ms, electionTimeout:5002ms
2019-10-04 00:24:03,453 [Thread-1459] INFO  impl.RoleInfo (RoleInfo.java:shutdownFollowerState(121)) - 90b0e1f5-b807-4e32-b018-7df713986417: shutdown FollowerState
2019-10-04 00:24:03,453 [Thread-1459] INFO  impl.RaftServerImpl (RaftServerImpl.java:setRole(170)) - 90b0e1f5-b807-4e32-b018-7df713986417@group-BD83C4C6BC04: changes role from  FOLLOWER to CANDIDATE at term 0 for changeToCandidate
2019-10-04 00:24:03,453 [Thread-1459] INFO  impl.RoleInfo (RoleInfo.java:updateAndGet(143)) - 90b0e1f5-b807-4e32-b018-7df713986417: start LeaderElection
2019-10-04 00:24:03,468 [28c32f69-b092-44d1-8318-359d0ad59249@group-955329839E59-LeaderElection61] INFO  impl.LeaderElection (LeaderElection.java:askForVotes(178)) - 28c32f69-b092-44d1-8318-359d0ad59249@group-955329839E59-LeaderElection61: begin an election at term 1 for -1: [28c32f69-b092-44d1-8318-359d0ad59249:192.168.151.76:37361], old=null
2019-10-04 00:24:03,469 [28c32f69-b092-44d1-8318-359d0ad59249@group-955329839E59-LeaderElection61] INFO  impl.RoleInfo (RoleInfo.java:shutdownLeaderElection(134)) - 28c32f69-b092-44d1-8318-359d0ad59249: shutdown LeaderElection
2019-10-04 00:24:03,469 [71330204-bca2-4e99-8f93-d549681827cf@group-50998A96B5E1-LeaderElection60] INFO  impl.LeaderElection (LeaderElection.java:logAndReturn(56)) - 71330204-bca2-4e99-8f93-d549681827cf@group-50998A96B5E1-LeaderElection60: Election PASSED; received 1 response(s) [71330204-bca2-4e99-8f93-d549681827cf<-77785bd1-e3fa-40ee-837b-c5096ff73ca9#0:OK-t1] and 0 exception(s); 71330204-bca2-4e99-8f93-d549681827cf@group-50998A96B5E1:t1, leader=null, voted=71330204-bca2-4e99-8f93-d549681827cf, raftlog=71330204-bca2-4e99-8f93-d549681827cf@group-50998A96B5E1-SegmentedRaftLog:OPENED:c-1,f-1,i0, conf=-1: [28c32f69-b092-44d1-8318-359d0ad59249:192.168.151.76:37361, 71330204-bca2-4e99-8f93-d549681827cf:192.168.151.76:43184, 77785bd1-e3fa-40ee-837b-c5096ff73ca9:192.168.151.76:40077], old=null
2019-10-04 00:24:03,469 [28c32f69-b092-44d1-8318-359d0ad59249@group-955329839E59-LeaderElection61] INFO  impl.RaftServerImpl (RaftServerImpl.java:setRole(170)) - 28c32f69-b092-44d1-8318-359d0ad59249@group-955329839E59: changes role from CANDIDATE to LEADER at term 1 for changeToLeader
2019-10-04 00:24:03,469 [71330204-bca2-4e99-8f93-d549681827cf@group-50998A96B5E1-LeaderElection60] INFO  impl.RoleInfo (RoleInfo.java:shutdownLeaderElection(134)) - 71330204-bca2-4e99-8f93-d549681827cf: shutdown LeaderElection
2019-10-04 00:24:03,469 [28c32f69-b092-44d1-8318-359d0ad59249@group-955329839E59-LeaderElection61] INFO  impl.RaftServerImpl (ServerState.java:setLeader(255)) - 28c32f69-b092-44d1-8318-359d0ad59249@group-955329839E59: change Leader from null to 28c32f69-b092-44d1-8318-359d0ad59249 at term 1 for becomeLeader, leader elected after 5210ms
2019-10-04 00:24:03,469 [71330204-bca2-4e99-8f93-d549681827cf@group-50998A96B5E1-LeaderElection60] INFO  impl.RaftServerImpl (RaftServerImpl.java:setRole(170)) - 71330204-bca2-4e99-8f93-d549681827cf@group-50998A96B5E1: changes role from CANDIDATE to LEADER at term 1 for changeToLeader
2019-10-04 00:24:03,469 [28c32f69-b092-44d1-8318-359d0ad59249@group-955329839E59-LeaderElection61] INFO  server.RaftServerConfigKeys (ConfUtils.java:logGet(43)) - raft.server.staging.catchup.gap = 1000 (default)
2019-10-04 00:24:03,470 [71330204-bca2-4e99-8f93-d549681827cf@group-50998A96B5E1-LeaderElection60] INFO  impl.RaftServerImpl (ServerState.java:setLeader(255)) - 71330204-bca2-4e99-8f93-d549681827cf@group-50998A96B5E1: change Leader from null to 71330204-bca2-4e99-8f93-d549681827cf at term 1 for becomeLeader, leader elected after 5134ms
2019-10-04 00:24:03,470 [28c32f69-b092-44d1-8318-359d0ad59249@group-955329839E59-LeaderElection61] INFO  server.RaftServerConfigKeys (ConfUtils.java:logGet(43)) - raft.server.rpc.sleep.time = 25ms (default)
2019-10-04 00:24:03,470 [71330204-bca2-4e99-8f93-d549681827cf@group-50998A96B5E1-LeaderElection60] INFO  server.RaftServerConfigKeys (ConfUtils.java:logGet(43)) - raft.server.staging.catchup.gap = 1000 (default)
2019-10-04 00:24:03,470 [28c32f69-b092-44d1-8318-359d0ad59249@group-955329839E59-LeaderElection61] INFO  server.RaftServerConfigKeys (ConfUtils.java:logGet(43)) - raft.server.write.element-limit = 4096 (default)
2019-10-04 00:24:03,470 [71330204-bca2-4e99-8f93-d549681827cf@group-50998A96B5E1-LeaderElection60] INFO  server.RaftServerConfigKeys (ConfUtils.java:logGet(43)) - raft.server.rpc.sleep.time = 25ms (default)
2019-10-04 00:24:03,470 [28c32f69-b092-44d1-8318-359d0ad59249@group-955329839E59-LeaderElection61] INFO  server.RaftServerConfigKeys (ConfUtils.java:logGet(43)) - raft.server.watch.timeout = 10s (default)
2019-10-04 00:24:03,471 [71330204-bca2-4e99-8f93-d549681827cf@group-50998A96B5E1-LeaderElection60] INFO  server.RaftServerConfigKeys (ConfUtils.java:logGet(43)) - raft.server.write.element-limit = 4096 (default)
2019-10-04 00:24:03,471 [28c32f69-b092-44d1-8318-359d0ad59249@group-955329839E59-LeaderElection61] INFO  server.RaftServerConfigKeys (ConfUtils.java:logGet(43)) - raft.server.watch.timeout.denomination = 1s (default)
2019-10-04 00:24:03,471 [71330204-bca2-4e99-8f93-d549681827cf@group-50998A96B5E1-LeaderElection60] INFO  server.RaftServerConfigKeys (ConfUtils.java:logGet(43)) - raft.server.watch.timeout = 10s (default)
2019-10-04 00:24:03,471 [28c32f69-b092-44d1-8318-359d0ad59249@group-955329839E59-LeaderElection61] INFO  server.RaftServerConfigKeys (ConfUtils.java:logGet(43)) - raft.server.watch.element-limit = 65536 (default)
2019-10-04 00:24:03,471 [71330204-bca2-4e99-8f93-d549681827cf@group-50998A96B5E1-LeaderElection60] INFO  server.RaftServerConfigKeys (ConfUtils.java:logGet(43)) - raft.server.watch.timeout.denomination = 1s (default)
2019-10-04 00:24:03,471 [71330204-bca2-4e99-8f93-d549681827cf@group-50998A96B5E1-LeaderElection60] INFO  server.RaftServerConfigKeys (ConfUtils.java:logGet(43)) - raft.server.watch.element-limit = 65536 (default)
2019-10-04 00:24:03,475 [28c32f69-b092-44d1-8318-359d0ad59249@group-955329839E59-LeaderElection61] INFO  impl.RoleInfo (RoleInfo.java:updateAndGet(143)) - 28c32f69-b092-44d1-8318-359d0ad59249: start LeaderState
2019-10-04 00:24:03,475 [71330204-bca2-4e99-8f93-d549681827cf@group-50998A96B5E1-LeaderElection60] INFO  server.RaftServerConfigKeys (ConfUtils.java:logGet(43)) - raft.server.log.appender.snapshot.chunk.size.max = 16MB (=16777216) (default)
2019-10-04 00:24:03,476 [28c32f69-b092-44d1-8318-359d0ad59249@group-955329839E59-LeaderElection61] INFO  segmented.SegmentedRaftLogWorker (SegmentedRaftLogWorker.java:startLogSegment(385)) - 28c32f69-b092-44d1-8318-359d0ad59249@group-955329839E59-SegmentedRaftLogWorker: Starting segment from index:0
2019-10-04 00:24:03,476 [71330204-bca2-4e99-8f93-d549681827cf@group-50998A96B5E1-LeaderElection60] INFO  server.RaftServerConfigKeys (ConfUtils.java:logGet(43)) - raft.server.log.appender.buffer.byte-limit = 33554432 (custom)
2019-10-04 00:24:03,476 [71330204-bca2-4e99-8f93-d549681827cf@group-50998A96B5E1-LeaderElection60] INFO  server.RaftServerConfigKeys (ConfUtils.java:logGet(43)) - raft.server.log.appender.buffer.element-limit = 1 (custom)
2019-10-04 00:24:03,476 [28c32f69-b092-44d1-8318-359d0ad59249@group-955329839E59-LeaderElection61] INFO  impl.RaftServerImpl (ServerState.java:setRaftConf(356)) - 28c32f69-b092-44d1-8318-359d0ad59249@group-955329839E59: set configuration 0: [28c32f69-b092-44d1-8318-359d0ad59249:192.168.151.76:37361], old=null at 0
2019-10-04 00:24:03,477 [71330204-bca2-4e99-8f93-d549681827cf@group-50998A96B5E1-LeaderElection60] INFO  grpc.GrpcConfigKeys$Server (ConfUtils.java:logGet(43)) - raft.grpc.server.leader.outstanding.appends.max = 128 (default)
2019-10-04 00:24:03,477 [71330204-bca2-4e99-8f93-d549681827cf@group-50998A96B5E1-LeaderElection60] INFO  server.RaftServerConfigKeys (ConfUtils.java:logGet(43)) - raft.server.rpc.request.timeout = 3000ms (default)
2019-10-04 00:24:03,477 [71330204-bca2-4e99-8f93-d549681827cf@group-50998A96B5E1-LeaderElection60] INFO  server.RaftServerConfigKeys (ConfUtils.java:logGet(43)) - raft.server.log.appender.install.snapshot.enabled = false (custom)
2019-10-04 00:24:03,477 [71330204-bca2-4e99-8f93-d549681827cf@group-50998A96B5E1-LeaderElection60] INFO  server.RaftServerConfigKeys (ConfUtils.java:logGet(43)) - raft.server.log.appender.snapshot.chunk.size.max = 16MB (=16777216) (default)
2019-10-04 00:24:03,478 [71330204-bca2-4e99-8f93-d549681827cf@group-50998A96B5E1-LeaderElection60] INFO  server.RaftServerConfigKeys (ConfUtils.java:logGet(43)) - raft.server.log.appender.buffer.byte-limit = 33554432 (custom)
2019-10-04 00:24:03,478 [71330204-bca2-4e99-8f93-d549681827cf@group-50998A96B5E1-LeaderElection60] INFO  server.RaftServerConfigKeys (ConfUtils.java:logGet(43)) - raft.server.log.appender.buffer.element-limit = 1 (custom)
2019-10-04 00:24:03,478 [71330204-bca2-4e99-8f93-d549681827cf@group-50998A96B5E1-LeaderElection60] INFO  grpc.GrpcConfigKeys$Server (ConfUtils.java:logGet(43)) - raft.grpc.server.leader.outstanding.appends.max = 128 (default)
2019-10-04 00:24:03,478 [71330204-bca2-4e99-8f93-d549681827cf@group-50998A96B5E1-LeaderElection60] INFO  server.RaftServerConfigKeys (ConfUtils.java:logGet(43)) - raft.server.rpc.request.timeout = 3000ms (default)
2019-10-04 00:24:03,478 [71330204-bca2-4e99-8f93-d549681827cf@group-50998A96B5E1-LeaderElection60] INFO  server.RaftServerConfigKeys (ConfUtils.java:logGet(43)) - raft.server.log.appender.install.snapshot.enabled = false (custom)
2019-10-04 00:24:03,479 [71330204-bca2-4e99-8f93-d549681827cf@group-50998A96B5E1-LeaderElection60] INFO  impl.RoleInfo (RoleInfo.java:updateAndGet(143)) - 71330204-bca2-4e99-8f93-d549681827cf: start LeaderState
2019-10-04 00:24:03,479 [71330204-bca2-4e99-8f93-d549681827cf@group-50998A96B5E1-LeaderElection60] INFO  segmented.SegmentedRaftLogWorker (SegmentedRaftLogWorker.java:startLogSegment(385)) - 71330204-bca2-4e99-8f93-d549681827cf@group-50998A96B5E1-SegmentedRaftLogWorker: Starting segment from index:0
2019-10-04 00:24:03,480 [71330204-bca2-4e99-8f93-d549681827cf@group-50998A96B5E1-LeaderElection60] INFO  impl.RaftServerImpl (ServerState.java:setRaftConf(356)) - 71330204-bca2-4e99-8f93-d549681827cf@group-50998A96B5E1: set configuration 0: [28c32f69-b092-44d1-8318-359d0ad59249:192.168.151.76:37361, 71330204-bca2-4e99-8f93-d549681827cf:192.168.151.76:43184, 77785bd1-e3fa-40ee-837b-c5096ff73ca9:192.168.151.76:40077], old=null at 0
2019-10-04 00:24:03,511 [Thread-1454] INFO  impl.FollowerState (FollowerState.java:run(108)) - c5f0827a-37fe-438c-8dc5-5846985bfa4f@group-BD83C4C6BC04-FollowerState: change to CANDIDATE, lastRpcTime:5069ms, electionTimeout:5039ms
2019-10-04 00:24:03,511 [90b0e1f5-b807-4e32-b018-7df713986417@group-BD83C4C6BC04-LeaderElection62] INFO  impl.LeaderElection (LeaderElection.java:askForVotes(178)) - 90b0e1f5-b807-4e32-b018-7df713986417@group-BD83C4C6BC04-LeaderElection62: begin an election at term 1 for -1: [875507cb-af1c-43f0-a42d-2b33a4ea3e8f:192.168.151.76:34100, 90b0e1f5-b807-4e32-b018-7df713986417:192.168.151.76:42181, c5f0827a-37fe-438c-8dc5-5846985bfa4f:192.168.151.76:41793], old=null
2019-10-04 00:24:03,511 [Thread-1454] INFO  impl.RoleInfo (RoleInfo.java:shutdownFollowerState(121)) - c5f0827a-37fe-438c-8dc5-5846985bfa4f: shutdown FollowerState
2019-10-04 00:24:03,511 [Thread-1454] INFO  impl.RaftServerImpl (RaftServerImpl.java:setRole(170)) - c5f0827a-37fe-438c-8dc5-5846985bfa4f@group-BD83C4C6BC04: changes role from  FOLLOWER to CANDIDATE at term 0 for changeToCandidate
2019-10-04 00:24:03,511 [Thread-1454] INFO  impl.RoleInfo (RoleInfo.java:updateAndGet(143)) - c5f0827a-37fe-438c-8dc5-5846985bfa4f: start LeaderElection
2019-10-04 00:24:03,521 [grpc-default-executor-0] INFO  impl.RaftServerImpl (ServerState.java:setLeader(255)) - 28c32f69-b092-44d1-8318-359d0ad59249@group-50998A96B5E1: change Leader from null to 71330204-bca2-4e99-8f93-d549681827cf at term 1 for appendEntries, leader elected after 5186ms
2019-10-04 00:24:03,524 [71330204-bca2-4e99-8f93-d549681827cf@group-50998A96B5E1-SegmentedRaftLogWorker] INFO  segmented.SegmentedRaftLogWorker (SegmentedRaftLogWorker.java:execute(574)) - 71330204-bca2-4e99-8f93-d549681827cf@group-50998A96B5E1-SegmentedRaftLogWorker: created new log segment /workdir/hadoop-ozone/integration-test/target/test-dir/MiniOzoneClusterImpl-3b170045-66f0-4bc5-bb15-72b77228cdcf/datanode-3/data/ratis/af43dfa1-0888-4745-962a-50998a96b5e1/current/log_inprogress_0
2019-10-04 00:24:03,524 [grpc-default-executor-0] INFO  impl.RaftServerImpl (ServerState.java:setLeader(255)) - 77785bd1-e3fa-40ee-837b-c5096ff73ca9@group-50998A96B5E1: change Leader from null to 71330204-bca2-4e99-8f93-d549681827cf at term 1 for appendEntries, leader elected after 5189ms
2019-10-04 00:24:03,525 [c5f0827a-37fe-438c-8dc5-5846985bfa4f@group-BD83C4C6BC04-LeaderElection63] INFO  impl.LeaderElection (LeaderElection.java:askForVotes(178)) - c5f0827a-37fe-438c-8dc5-5846985bfa4f@group-BD83C4C6BC04-LeaderElection63: begin an election at term 1 for -1: [875507cb-af1c-43f0-a42d-2b33a4ea3e8f:192.168.151.76:34100, 90b0e1f5-b807-4e32-b018-7df713986417:192.168.151.76:42181, c5f0827a-37fe-438c-8dc5-5846985bfa4f:192.168.151.76:41793], old=null
2019-10-04 00:24:03,524 [28c32f69-b092-44d1-8318-359d0ad59249@group-955329839E59-SegmentedRaftLogWorker] INFO  segmented.SegmentedRaftLogWorker (SegmentedRaftLogWorker.java:execute(574)) - 28c32f69-b092-44d1-8318-359d0ad59249@group-955329839E59-SegmentedRaftLogWorker: created new log segment /workdir/hadoop-ozone/integration-test/target/test-dir/MiniOzoneClusterImpl-3b170045-66f0-4bc5-bb15-72b77228cdcf/datanode-4/data/ratis/658b43d9-8672-4132-8797-955329839e59/current/log_inprogress_0
2019-10-04 00:24:03,534 [grpc-default-executor-1] INFO  impl.RaftServerImpl (RaftServerImpl.java:setRole(170)) - 875507cb-af1c-43f0-a42d-2b33a4ea3e8f@group-BD83C4C6BC04: changes role from  FOLLOWER to FOLLOWER at term 1 for recognizeCandidate:90b0e1f5-b807-4e32-b018-7df713986417
2019-10-04 00:24:03,534 [grpc-default-executor-1] INFO  impl.RoleInfo (RoleInfo.java:shutdownFollowerState(121)) - 875507cb-af1c-43f0-a42d-2b33a4ea3e8f: shutdown FollowerState
2019-10-04 00:24:03,534 [grpc-default-executor-0] INFO  impl.RaftServerImpl (ServerState.java:setRaftConf(356)) - 28c32f69-b092-44d1-8318-359d0ad59249@group-50998A96B5E1: set configuration 0: [28c32f69-b092-44d1-8318-359d0ad59249:192.168.151.76:37361, 71330204-bca2-4e99-8f93-d549681827cf:192.168.151.76:43184, 77785bd1-e3fa-40ee-837b-c5096ff73ca9:192.168.151.76:40077], old=null at 0
2019-10-04 00:24:03,534 [Thread-1455] INFO  impl.FollowerState (FollowerState.java:run(117)) - 875507cb-af1c-43f0-a42d-2b33a4ea3e8f@group-BD83C4C6BC04-FollowerState was interrupted: java.lang.InterruptedException: sleep interrupted
2019-10-04 00:24:03,534 [grpc-default-executor-1] INFO  impl.RoleInfo (RoleInfo.java:updateAndGet(143)) - 875507cb-af1c-43f0-a42d-2b33a4ea3e8f: start FollowerState
2019-10-04 00:24:03,534 [grpc-default-executor-0] INFO  segmented.SegmentedRaftLogWorker (SegmentedRaftLogWorker.java:startLogSegment(385)) - 28c32f69-b092-44d1-8318-359d0ad59249@group-50998A96B5E1-SegmentedRaftLogWorker: Starting segment from index:0
2019-10-04 00:24:03,537 [grpc-default-executor-3] INFO  impl.RaftServerImpl (ServerState.java:setRaftConf(356)) - 77785bd1-e3fa-40ee-837b-c5096ff73ca9@group-50998A96B5E1: set configuration 0: [28c32f69-b092-44d1-8318-359d0ad59249:192.168.151.76:37361, 71330204-bca2-4e99-8f93-d549681827cf:192.168.151.76:43184, 77785bd1-e3fa-40ee-837b-c5096ff73ca9:192.168.151.76:40077], old=null at 0
2019-10-04 00:24:03,538 [grpc-default-executor-3] INFO  segmented.SegmentedRaftLogWorker (SegmentedRaftLogWorker.java:startLogSegment(385)) - 77785bd1-e3fa-40ee-837b-c5096ff73ca9@group-50998A96B5E1-SegmentedRaftLogWorker: Starting segment from index:0
2019-10-04 00:24:03,577 [Thread-1462] INFO  impl.FollowerState (FollowerState.java:run(108)) - 90b0e1f5-b807-4e32-b018-7df713986417@group-839641E3887F-FollowerState: change to CANDIDATE, lastRpcTime:5060ms, electionTimeout:5034ms
2019-10-04 00:24:03,577 [Thread-1462] INFO  impl.RoleInfo (RoleInfo.java:shutdownFollowerState(121)) - 90b0e1f5-b807-4e32-b018-7df713986417: shutdown FollowerState
2019-10-04 00:24:03,580 [Thread-1462] INFO  impl.RaftServerImpl (RaftServerImpl.java:setRole(170)) - 90b0e1f5-b807-4e32-b018-7df713986417@group-839641E3887F: changes role from  FOLLOWER to CANDIDATE at term 0 for changeToCandidate
2019-10-04 00:24:03,580 [Thread-1462] INFO  impl.RoleInfo (RoleInfo.java:updateAndGet(143)) - 90b0e1f5-b807-4e32-b018-7df713986417: start LeaderElection
2019-10-04 00:24:03,591 [28c32f69-b092-44d1-8318-359d0ad59249@group-50998A96B5E1-SegmentedRaftLogWorker] INFO  segmented.SegmentedRaftLogWorker (SegmentedRaftLogWorker.java:execute(574)) - 28c32f69-b092-44d1-8318-359d0ad59249@group-50998A96B5E1-SegmentedRaftLogWorker: created new log segment /workdir/hadoop-ozone/integration-test/target/test-dir/MiniOzoneClusterImpl-3b170045-66f0-4bc5-bb15-72b77228cdcf/datanode-4/data/ratis/af43dfa1-0888-4745-962a-50998a96b5e1/current/log_inprogress_0
2019-10-04 00:24:03,591 [77785bd1-e3fa-40ee-837b-c5096ff73ca9@group-50998A96B5E1-SegmentedRaftLogWorker] INFO  segmented.SegmentedRaftLogWorker (SegmentedRaftLogWorker.java:execute(574)) - 77785bd1-e3fa-40ee-837b-c5096ff73ca9@group-50998A96B5E1-SegmentedRaftLogWorker: created new log segment /workdir/hadoop-ozone/integration-test/target/test-dir/MiniOzoneClusterImpl-3b170045-66f0-4bc5-bb15-72b77228cdcf/datanode-1/data/ratis/af43dfa1-0888-4745-962a-50998a96b5e1/current/log_inprogress_0
2019-10-04 00:24:03,593 [90b0e1f5-b807-4e32-b018-7df713986417@group-BD83C4C6BC04-LeaderElection62] INFO  impl.LeaderElection (LeaderElection.java:logAndReturn(56)) - 90b0e1f5-b807-4e32-b018-7df713986417@group-BD83C4C6BC04-LeaderElection62: Election PASSED; received 2 response(s) [90b0e1f5-b807-4e32-b018-7df713986417<-875507cb-af1c-43f0-a42d-2b33a4ea3e8f#0:OK-t1, 90b0e1f5-b807-4e32-b018-7df713986417<-c5f0827a-37fe-438c-8dc5-5846985bfa4f#0:FAIL-t1] and 0 exception(s); 90b0e1f5-b807-4e32-b018-7df713986417@group-BD83C4C6BC04:t1, leader=null, voted=90b0e1f5-b807-4e32-b018-7df713986417, raftlog=90b0e1f5-b807-4e32-b018-7df713986417@group-BD83C4C6BC04-SegmentedRaftLog:OPENED:c-1,f-1,i0, conf=-1: [875507cb-af1c-43f0-a42d-2b33a4ea3e8f:192.168.151.76:34100, 90b0e1f5-b807-4e32-b018-7df713986417:192.168.151.76:42181, c5f0827a-37fe-438c-8dc5-5846985bfa4f:192.168.151.76:41793], old=null
2019-10-04 00:24:03,593 [c5f0827a-37fe-438c-8dc5-5846985bfa4f@group-BD83C4C6BC04-LeaderElection63] INFO  impl.LeaderElection (LeaderElection.java:logAndReturn(56)) - c5f0827a-37fe-438c-8dc5-5846985bfa4f@group-BD83C4C6BC04-LeaderElection63: Election REJECTED; received 2 response(s) [c5f0827a-37fe-438c-8dc5-5846985bfa4f<-875507cb-af1c-43f0-a42d-2b33a4ea3e8f#0:FAIL-t1, c5f0827a-37fe-438c-8dc5-5846985bfa4f<-90b0e1f5-b807-4e32-b018-7df713986417#0:FAIL-t1] and 0 exception(s); c5f0827a-37fe-438c-8dc5-5846985bfa4f@group-BD83C4C6BC04:t1, leader=null, voted=c5f0827a-37fe-438c-8dc5-5846985bfa4f, raftlog=c5f0827a-37fe-438c-8dc5-5846985bfa4f@group-BD83C4C6BC04-SegmentedRaftLog:OPENED:c-1,f-1,i0, conf=-1: [875507cb-af1c-43f0-a42d-2b33a4ea3e8f:192.168.151.76:34100, 90b0e1f5-b807-4e32-b018-7df713986417:192.168.151.76:42181, c5f0827a-37fe-438c-8dc5-5846985bfa4f:192.168.151.76:41793], old=null
2019-10-04 00:24:03,593 [90b0e1f5-b807-4e32-b018-7df713986417@group-BD83C4C6BC04-LeaderElection62] INFO  impl.RoleInfo (RoleInfo.java:shutdownLeaderElection(134)) - 90b0e1f5-b807-4e32-b018-7df713986417: shutdown LeaderElection
2019-10-04 00:24:03,594 [c5f0827a-37fe-438c-8dc5-5846985bfa4f@group-BD83C4C6BC04-LeaderElection63] INFO  impl.RaftServerImpl (RaftServerImpl.java:setRole(170)) - c5f0827a-37fe-438c-8dc5-5846985bfa4f@group-BD83C4C6BC04: changes role from CANDIDATE to FOLLOWER at term 1 for DISCOVERED_A_NEW_TERM
2019-10-04 00:24:03,594 [90b0e1f5-b807-4e32-b018-7df713986417@group-BD83C4C6BC04-LeaderElection62] INFO  impl.RaftServerImpl (RaftServerImpl.java:setRole(170)) - 90b0e1f5-b807-4e32-b018-7df713986417@group-BD83C4C6BC04: changes role from CANDIDATE to LEADER at term 1 for changeToLeader
2019-10-04 00:24:03,594 [c5f0827a-37fe-438c-8dc5-5846985bfa4f@group-BD83C4C6BC04-LeaderElection63] INFO  impl.RoleInfo (RoleInfo.java:shutdownLeaderElection(134)) - c5f0827a-37fe-438c-8dc5-5846985bfa4f: shutdown LeaderElection
2019-10-04 00:24:03,594 [90b0e1f5-b807-4e32-b018-7df713986417@group-BD83C4C6BC04-LeaderElection62] INFO  impl.RaftServerImpl (ServerState.java:setLeader(255)) - 90b0e1f5-b807-4e32-b018-7df713986417@group-BD83C4C6BC04: change Leader from null to 90b0e1f5-b807-4e32-b018-7df713986417 at term 1 for becomeLeader, leader elected after 5162ms
2019-10-04 00:24:03,594 [c5f0827a-37fe-438c-8dc5-5846985bfa4f@group-BD83C4C6BC04-LeaderElection63] INFO  impl.RoleInfo (RoleInfo.java:updateAndGet(143)) - c5f0827a-37fe-438c-8dc5-5846985bfa4f: start FollowerState
2019-10-04 00:24:03,594 [90b0e1f5-b807-4e32-b018-7df713986417@group-BD83C4C6BC04-LeaderElection62] INFO  server.RaftServerConfigKeys (ConfUtils.java:logGet(43)) - raft.server.staging.catchup.gap = 1000 (default)
2019-10-04 00:24:03,595 [90b0e1f5-b807-4e32-b018-7df713986417@group-BD83C4C6BC04-LeaderElection62] INFO  server.RaftServerConfigKeys (ConfUtils.java:logGet(43)) - raft.server.rpc.sleep.time = 25ms (default)
2019-10-04 00:24:03,595 [90b0e1f5-b807-4e32-b018-7df713986417@group-BD83C4C6BC04-LeaderElection62] INFO  server.RaftServerConfigKeys (ConfUtils.java:logGet(43)) - raft.server.write.element-limit = 4096 (default)
2019-10-04 00:24:03,595 [90b0e1f5-b807-4e32-b018-7df713986417@group-BD83C4C6BC04-LeaderElection62] INFO  server.RaftServerConfigKeys (ConfUtils.java:logGet(43)) - raft.server.watch.timeout = 10s (default)
2019-10-04 00:24:03,595 [90b0e1f5-b807-4e32-b018-7df713986417@group-BD83C4C6BC04-LeaderElection62] INFO  server.RaftServerConfigKeys (ConfUtils.java:logGet(43)) - raft.server.watch.timeout.denomination = 1s (default)
2019-10-04 00:24:03,595 [90b0e1f5-b807-4e32-b018-7df713986417@group-BD83C4C6BC04-LeaderElection62] INFO  server.RaftServerConfigKeys (ConfUtils.java:logGet(43)) - raft.server.watch.element-limit = 65536 (default)
2019-10-04 00:24:03,606 [90b0e1f5-b807-4e32-b018-7df713986417@group-BD83C4C6BC04-LeaderElection62] INFO  server.RaftServerConfigKeys (ConfUtils.java:logGet(43)) - raft.server.log.appender.snapshot.chunk.size.max = 16MB (=16777216) (default)
2019-10-04 00:24:03,607 [90b0e1f5-b807-4e32-b018-7df713986417@group-BD83C4C6BC04-LeaderElection62] INFO  server.RaftServerConfigKeys (ConfUtils.java:logGet(43)) - raft.server.log.appender.buffer.byte-limit = 33554432 (custom)
2019-10-04 00:24:03,609 [90b0e1f5-b807-4e32-b018-7df713986417@group-BD83C4C6BC04-LeaderElection62] INFO  server.RaftServerConfigKeys (ConfUtils.java:logGet(43)) - raft.server.log.appender.buffer.element-limit = 1 (custom)
2019-10-04 00:24:03,612 [90b0e1f5-b807-4e32-b018-7df713986417@group-BD83C4C6BC04-LeaderElection62] INFO  grpc.GrpcConfigKeys$Server (ConfUtils.java:logGet(43)) - raft.grpc.server.leader.outstanding.appends.max = 128 (default)
2019-10-04 00:24:03,612 [90b0e1f5-b807-4e32-b018-7df713986417@group-BD83C4C6BC04-LeaderElection62] INFO  server.RaftServerConfigKeys (ConfUtils.java:logGet(43)) - raft.server.rpc.request.timeout = 3000ms (default)
2019-10-04 00:24:03,620 [90b0e1f5-b807-4e32-b018-7df713986417@group-BD83C4C6BC04-LeaderElection62] INFO  server.RaftServerConfigKeys (ConfUtils.java:logGet(43)) - raft.server.log.appender.install.snapshot.enabled = false (custom)
2019-10-04 00:24:03,622 [90b0e1f5-b807-4e32-b018-7df713986417@group-839641E3887F-LeaderElection64] INFO  impl.LeaderElection (LeaderElection.java:askForVotes(178)) - 90b0e1f5-b807-4e32-b018-7df713986417@group-839641E3887F-LeaderElection64: begin an election at term 1 for -1: [90b0e1f5-b807-4e32-b018-7df713986417:192.168.151.76:42181], old=null
2019-10-04 00:24:03,622 [90b0e1f5-b807-4e32-b018-7df713986417@group-BD83C4C6BC04-LeaderElection62] INFO  server.RaftServerConfigKeys (ConfUtils.java:logGet(43)) - raft.server.log.appender.snapshot.chunk.size.max = 16MB (=16777216) (default)
2019-10-04 00:24:03,622 [90b0e1f5-b807-4e32-b018-7df713986417@group-839641E3887F-LeaderElection64] INFO  impl.RoleInfo (RoleInfo.java:shutdownLeaderElection(134)) - 90b0e1f5-b807-4e32-b018-7df713986417: shutdown LeaderElection
2019-10-04 00:24:03,622 [90b0e1f5-b807-4e32-b018-7df713986417@group-BD83C4C6BC04-LeaderElection62] INFO  server.RaftServerConfigKeys (ConfUtils.java:logGet(43)) - raft.server.log.appender.buffer.byte-limit = 33554432 (custom)
2019-10-04 00:24:03,623 [90b0e1f5-b807-4e32-b018-7df713986417@group-839641E3887F-LeaderElection64] INFO  impl.RaftServerImpl (RaftServerImpl.java:setRole(170)) - 90b0e1f5-b807-4e32-b018-7df713986417@group-839641E3887F: changes role from CANDIDATE to LEADER at term 1 for changeToLeader
2019-10-04 00:24:03,623 [90b0e1f5-b807-4e32-b018-7df713986417@group-BD83C4C6BC04-LeaderElection62] INFO  server.RaftServerConfigKeys (ConfUtils.java:logGet(43)) - raft.server.log.appender.buffer.element-limit = 1 (custom)
2019-10-04 00:24:03,623 [90b0e1f5-b807-4e32-b018-7df713986417@group-839641E3887F-LeaderElection64] INFO  impl.RaftServerImpl (ServerState.java:setLeader(255)) - 90b0e1f5-b807-4e32-b018-7df713986417@group-839641E3887F: change Leader from null to 90b0e1f5-b807-4e32-b018-7df713986417 at term 1 for becomeLeader, leader elected after 5111ms
2019-10-04 00:24:03,623 [90b0e1f5-b807-4e32-b018-7df713986417@group-BD83C4C6BC04-LeaderElection62] INFO  grpc.GrpcConfigKeys$Server (ConfUtils.java:logGet(43)) - raft.grpc.server.leader.outstanding.appends.max = 128 (default)
2019-10-04 00:24:03,623 [90b0e1f5-b807-4e32-b018-7df713986417@group-839641E3887F-LeaderElection64] INFO  server.RaftServerConfigKeys (ConfUtils.java:logGet(43)) - raft.server.staging.catchup.gap = 1000 (default)
2019-10-04 00:24:03,623 [90b0e1f5-b807-4e32-b018-7df713986417@group-BD83C4C6BC04-LeaderElection62] INFO  server.RaftServerConfigKeys (ConfUtils.java:logGet(43)) - raft.server.rpc.request.timeout = 3000ms (default)
2019-10-04 00:24:03,624 [90b0e1f5-b807-4e32-b018-7df713986417@group-839641E3887F-LeaderElection64] INFO  server.RaftServerConfigKeys (ConfUtils.java:logGet(43)) - raft.server.rpc.sleep.time = 25ms (default)
2019-10-04 00:24:03,624 [90b0e1f5-b807-4e32-b018-7df713986417@group-BD83C4C6BC04-LeaderElection62] INFO  server.RaftServerConfigKeys (ConfUtils.java:logGet(43)) - raft.server.log.appender.install.snapshot.enabled = false (custom)
2019-10-04 00:24:03,624 [90b0e1f5-b807-4e32-b018-7df713986417@group-839641E3887F-LeaderElection64] INFO  server.RaftServerConfigKeys (ConfUtils.java:logGet(43)) - raft.server.write.element-limit = 4096 (default)
2019-10-04 00:24:03,624 [90b0e1f5-b807-4e32-b018-7df713986417@group-839641E3887F-LeaderElection64] INFO  server.RaftServerConfigKeys (ConfUtils.java:logGet(43)) - raft.server.watch.timeout = 10s (default)
2019-10-04 00:24:03,624 [90b0e1f5-b807-4e32-b018-7df713986417@group-BD83C4C6BC04-LeaderElection62] INFO  impl.RoleInfo (RoleInfo.java:updateAndGet(143)) - 90b0e1f5-b807-4e32-b018-7df713986417: start LeaderState
2019-10-04 00:24:03,624 [90b0e1f5-b807-4e32-b018-7df713986417@group-839641E3887F-LeaderElection64] INFO  server.RaftServerConfigKeys (ConfUtils.java:logGet(43)) - raft.server.watch.timeout.denomination = 1s (default)
2019-10-04 00:24:03,624 [90b0e1f5-b807-4e32-b018-7df713986417@group-839641E3887F-LeaderElection64] INFO  server.RaftServerConfigKeys (ConfUtils.java:logGet(43)) - raft.server.watch.element-limit = 65536 (default)
2019-10-04 00:24:03,625 [90b0e1f5-b807-4e32-b018-7df713986417@group-BD83C4C6BC04-LeaderElection62] INFO  segmented.SegmentedRaftLogWorker (SegmentedRaftLogWorker.java:startLogSegment(385)) - 90b0e1f5-b807-4e32-b018-7df713986417@group-BD83C4C6BC04-SegmentedRaftLogWorker: Starting segment from index:0
2019-10-04 00:24:03,626 [90b0e1f5-b807-4e32-b018-7df713986417@group-BD83C4C6BC04-LeaderElection62] INFO  impl.RaftServerImpl (ServerState.java:setRaftConf(356)) - 90b0e1f5-b807-4e32-b018-7df713986417@group-BD83C4C6BC04: set configuration 0: [875507cb-af1c-43f0-a42d-2b33a4ea3e8f:192.168.151.76:34100, 90b0e1f5-b807-4e32-b018-7df713986417:192.168.151.76:42181, c5f0827a-37fe-438c-8dc5-5846985bfa4f:192.168.151.76:41793], old=null at 0
2019-10-04 00:24:03,626 [90b0e1f5-b807-4e32-b018-7df713986417@group-839641E3887F-LeaderElection64] INFO  impl.RoleInfo (RoleInfo.java:updateAndGet(143)) - 90b0e1f5-b807-4e32-b018-7df713986417: start LeaderState
2019-10-04 00:24:03,627 [90b0e1f5-b807-4e32-b018-7df713986417@group-839641E3887F-LeaderElection64] INFO  segmented.SegmentedRaftLogWorker (SegmentedRaftLogWorker.java:startLogSegment(385)) - 90b0e1f5-b807-4e32-b018-7df713986417@group-839641E3887F-SegmentedRaftLogWorker: Starting segment from index:0
2019-10-04 00:24:03,627 [90b0e1f5-b807-4e32-b018-7df713986417@group-839641E3887F-LeaderElection64] INFO  impl.RaftServerImpl (ServerState.java:setRaftConf(356)) - 90b0e1f5-b807-4e32-b018-7df713986417@group-839641E3887F: set configuration 0: [90b0e1f5-b807-4e32-b018-7df713986417:192.168.151.76:42181], old=null at 0
2019-10-04 00:24:03,627 [grpc-default-executor-0] INFO  impl.RaftServerImpl (ServerState.java:setLeader(255)) - 875507cb-af1c-43f0-a42d-2b33a4ea3e8f@group-BD83C4C6BC04: change Leader from null to 90b0e1f5-b807-4e32-b018-7df713986417 at term 1 for appendEntries, leader elected after 5195ms
2019-10-04 00:24:03,627 [grpc-default-executor-1] INFO  impl.RaftServerImpl (ServerState.java:setLeader(255)) - c5f0827a-37fe-438c-8dc5-5846985bfa4f@group-BD83C4C6BC04: change Leader from null to 90b0e1f5-b807-4e32-b018-7df713986417 at term 1 for appendEntries, leader elected after 5195ms
2019-10-04 00:24:03,629 [grpc-default-executor-1] INFO  impl.RaftServerImpl (ServerState.java:setRaftConf(356)) - c5f0827a-37fe-438c-8dc5-5846985bfa4f@group-BD83C4C6BC04: set configuration 0: [875507cb-af1c-43f0-a42d-2b33a4ea3e8f:192.168.151.76:34100, 90b0e1f5-b807-4e32-b018-7df713986417:192.168.151.76:42181, c5f0827a-37fe-438c-8dc5-5846985bfa4f:192.168.151.76:41793], old=null at 0
2019-10-04 00:24:03,629 [grpc-default-executor-0] INFO  impl.RaftServerImpl (ServerState.java:setRaftConf(356)) - 875507cb-af1c-43f0-a42d-2b33a4ea3e8f@group-BD83C4C6BC04: set configuration 0: [875507cb-af1c-43f0-a42d-2b33a4ea3e8f:192.168.151.76:34100, 90b0e1f5-b807-4e32-b018-7df713986417:192.168.151.76:42181, c5f0827a-37fe-438c-8dc5-5846985bfa4f:192.168.151.76:41793], old=null at 0
2019-10-04 00:24:03,630 [grpc-default-executor-1] INFO  segmented.SegmentedRaftLogWorker (SegmentedRaftLogWorker.java:startLogSegment(385)) - c5f0827a-37fe-438c-8dc5-5846985bfa4f@group-BD83C4C6BC04-SegmentedRaftLogWorker: Starting segment from index:0
2019-10-04 00:24:03,630 [grpc-default-executor-0] INFO  segmented.SegmentedRaftLogWorker (SegmentedRaftLogWorker.java:startLogSegment(385)) - 875507cb-af1c-43f0-a42d-2b33a4ea3e8f@group-BD83C4C6BC04-SegmentedRaftLogWorker: Starting segment from index:0
2019-10-04 00:24:03,672 [90b0e1f5-b807-4e32-b018-7df713986417@group-BD83C4C6BC04-SegmentedRaftLogWorker] INFO  segmented.SegmentedRaftLogWorker (SegmentedRaftLogWorker.java:execute(574)) - 90b0e1f5-b807-4e32-b018-7df713986417@group-BD83C4C6BC04-SegmentedRaftLogWorker: created new log segment /workdir/hadoop-ozone/integration-test/target/test-dir/MiniOzoneClusterImpl-3b170045-66f0-4bc5-bb15-72b77228cdcf/datanode-5/data/ratis/3950c281-6296-43f3-a98b-bd83c4c6bc04/current/log_inprogress_0
2019-10-04 00:24:03,687 [c5f0827a-37fe-438c-8dc5-5846985bfa4f@group-BD83C4C6BC04-SegmentedRaftLogWorker] INFO  segmented.SegmentedRaftLogWorker (SegmentedRaftLogWorker.java:execute(574)) - c5f0827a-37fe-438c-8dc5-5846985bfa4f@group-BD83C4C6BC04-SegmentedRaftLogWorker: created new log segment /workdir/hadoop-ozone/integration-test/target/test-dir/MiniOzoneClusterImpl-3b170045-66f0-4bc5-bb15-72b77228cdcf/datanode-2/data/ratis/3950c281-6296-43f3-a98b-bd83c4c6bc04/current/log_inprogress_0
2019-10-04 00:24:03,687 [875507cb-af1c-43f0-a42d-2b33a4ea3e8f@group-BD83C4C6BC04-SegmentedRaftLogWorker] INFO  segmented.SegmentedRaftLogWorker (SegmentedRaftLogWorker.java:execute(574)) - 875507cb-af1c-43f0-a42d-2b33a4ea3e8f@group-BD83C4C6BC04-SegmentedRaftLogWorker: created new log segment /workdir/hadoop-ozone/integration-test/target/test-dir/MiniOzoneClusterImpl-3b170045-66f0-4bc5-bb15-72b77228cdcf/datanode-0/data/ratis/3950c281-6296-43f3-a98b-bd83c4c6bc04/current/log_inprogress_0
2019-10-04 00:24:03,687 [90b0e1f5-b807-4e32-b018-7df713986417@group-839641E3887F-SegmentedRaftLogWorker] INFO  segmented.SegmentedRaftLogWorker (SegmentedRaftLogWorker.java:execute(574)) - 90b0e1f5-b807-4e32-b018-7df713986417@group-839641E3887F-SegmentedRaftLogWorker: created new log segment /workdir/hadoop-ozone/integration-test/target/test-dir/MiniOzoneClusterImpl-3b170045-66f0-4bc5-bb15-72b77228cdcf/datanode-5/data/ratis/9f7503a0-0858-4e9c-81c9-839641e3887f/current/log_inprogress_0
2019-10-04 00:24:03,753 [Thread-1465] INFO  impl.FollowerState (FollowerState.java:run(108)) - fb0f8254-837a-42b9-b526-30a95c5bbcac@group-4648DCA30BD0-FollowerState: change to CANDIDATE, lastRpcTime:5181ms, electionTimeout:5181ms
2019-10-04 00:24:03,753 [Thread-1465] INFO  impl.RoleInfo (RoleInfo.java:shutdownFollowerState(121)) - fb0f8254-837a-42b9-b526-30a95c5bbcac: shutdown FollowerState
2019-10-04 00:24:03,754 [Thread-1465] INFO  impl.RaftServerImpl (RaftServerImpl.java:setRole(170)) - fb0f8254-837a-42b9-b526-30a95c5bbcac@group-4648DCA30BD0: changes role from  FOLLOWER to CANDIDATE at term 0 for changeToCandidate
2019-10-04 00:24:03,754 [Thread-1465] INFO  impl.RoleInfo (RoleInfo.java:updateAndGet(143)) - fb0f8254-837a-42b9-b526-30a95c5bbcac: start LeaderElection
2019-10-04 00:24:03,770 [Datanode State Machine Thread - 0] INFO  statemachine.DatanodeStateMachine (DatanodeStateMachine.java:lambda$startDaemon$0(350)) - Ozone container server started.
2019-10-04 00:24:03,770 [fb0f8254-837a-42b9-b526-30a95c5bbcac@group-4648DCA30BD0-LeaderElection65] INFO  impl.LeaderElection (LeaderElection.java:askForVotes(178)) - fb0f8254-837a-42b9-b526-30a95c5bbcac@group-4648DCA30BD0-LeaderElection65: begin an election at term 1 for -1: [fb0f8254-837a-42b9-b526-30a95c5bbcac:192.168.151.76:42620], old=null
2019-10-04 00:24:03,773 [fb0f8254-837a-42b9-b526-30a95c5bbcac@group-4648DCA30BD0-LeaderElection65] INFO  impl.RoleInfo (RoleInfo.java:shutdownLeaderElection(134)) - fb0f8254-837a-42b9-b526-30a95c5bbcac: shutdown LeaderElection
2019-10-04 00:24:03,773 [fb0f8254-837a-42b9-b526-30a95c5bbcac@group-4648DCA30BD0-LeaderElection65] INFO  impl.RaftServerImpl (RaftServerImpl.java:setRole(170)) - fb0f8254-837a-42b9-b526-30a95c5bbcac@group-4648DCA30BD0: changes role from CANDIDATE to LEADER at term 1 for changeToLeader
2019-10-04 00:24:03,773 [fb0f8254-837a-42b9-b526-30a95c5bbcac@group-4648DCA30BD0-LeaderElection65] INFO  impl.RaftServerImpl (ServerState.java:setLeader(255)) - fb0f8254-837a-42b9-b526-30a95c5bbcac@group-4648DCA30BD0: change Leader from null to fb0f8254-837a-42b9-b526-30a95c5bbcac at term 1 for becomeLeader, leader elected after 5212ms
2019-10-04 00:24:03,773 [fb0f8254-837a-42b9-b526-30a95c5bbcac@group-4648DCA30BD0-LeaderElection65] INFO  server.RaftServerConfigKeys (ConfUtils.java:logGet(43)) - raft.server.staging.catchup.gap = 1000 (default)
2019-10-04 00:24:03,774 [fb0f8254-837a-42b9-b526-30a95c5bbcac@group-4648DCA30BD0-LeaderElection65] INFO  server.RaftServerConfigKeys (ConfUtils.java:logGet(43)) - raft.server.rpc.sleep.time = 25ms (default)
2019-10-04 00:24:03,774 [fb0f8254-837a-42b9-b526-30a95c5bbcac@group-4648DCA30BD0-LeaderElection65] INFO  server.RaftServerConfigKeys (ConfUtils.java:logGet(43)) - raft.server.write.element-limit = 4096 (default)
2019-10-04 00:24:03,774 [fb0f8254-837a-42b9-b526-30a95c5bbcac@group-4648DCA30BD0-LeaderElection65] INFO  server.RaftServerConfigKeys (ConfUtils.java:logGet(43)) - raft.server.watch.timeout = 10s (default)
2019-10-04 00:24:03,774 [fb0f8254-837a-42b9-b526-30a95c5bbcac@group-4648DCA30BD0-LeaderElection65] INFO  server.RaftServerConfigKeys (ConfUtils.java:logGet(43)) - raft.server.watch.timeout.denomination = 1s (default)
2019-10-04 00:24:03,774 [fb0f8254-837a-42b9-b526-30a95c5bbcac@group-4648DCA30BD0-LeaderElection65] INFO  server.RaftServerConfigKeys (ConfUtils.java:logGet(43)) - raft.server.watch.element-limit = 65536 (default)
2019-10-04 00:24:03,776 [fb0f8254-837a-42b9-b526-30a95c5bbcac@group-4648DCA30BD0-LeaderElection65] INFO  impl.RoleInfo (RoleInfo.java:updateAndGet(143)) - fb0f8254-837a-42b9-b526-30a95c5bbcac: start LeaderState
2019-10-04 00:24:03,777 [fb0f8254-837a-42b9-b526-30a95c5bbcac@group-4648DCA30BD0-LeaderElection65] INFO  segmented.SegmentedRaftLogWorker (SegmentedRaftLogWorker.java:startLogSegment(385)) - fb0f8254-837a-42b9-b526-30a95c5bbcac@group-4648DCA30BD0-SegmentedRaftLogWorker: Starting segment from index:0
2019-10-04 00:24:03,777 [fb0f8254-837a-42b9-b526-30a95c5bbcac@group-4648DCA30BD0-LeaderElection65] INFO  impl.RaftServerImpl (ServerState.java:setRaftConf(356)) - fb0f8254-837a-42b9-b526-30a95c5bbcac@group-4648DCA30BD0: set configuration 0: [fb0f8254-837a-42b9-b526-30a95c5bbcac:192.168.151.76:42620], old=null at 0
2019-10-04 00:24:03,815 [fb0f8254-837a-42b9-b526-30a95c5bbcac@group-4648DCA30BD0-SegmentedRaftLogWorker] INFO  segmented.SegmentedRaftLogWorker (SegmentedRaftLogWorker.java:execute(574)) - fb0f8254-837a-42b9-b526-30a95c5bbcac@group-4648DCA30BD0-SegmentedRaftLogWorker: created new log segment /workdir/hadoop-ozone/integration-test/target/test-dir/MiniOzoneClusterImpl-3b170045-66f0-4bc5-bb15-72b77228cdcf/datanode-6/data/ratis/0d526447-ffbe-4830-ad27-4648dca30bd0/current/log_inprogress_0
2019-10-04 00:24:08,752 [main] INFO  ozoneimpl.OzoneContainer (OzoneContainer.java:stop(231)) - Attempting to stop container services.
2019-10-04 00:24:08,754 [main] INFO  impl.RaftServerProxy (RaftServerProxy.java:lambda$close$4(314)) - 28c32f69-b092-44d1-8318-359d0ad59249: close
2019-10-04 00:24:08,754 [main] INFO  impl.RaftServerImpl (RaftServerImpl.java:lambda$shutdown$3(247)) - 28c32f69-b092-44d1-8318-359d0ad59249@group-50998A96B5E1: shutdown
2019-10-04 00:24:08,755 [main] INFO  util.JmxRegister (JmxRegister.java:unregister(73)) - Successfully un-registered JMX Bean with object name Ratis:service=RaftServer,group=group-50998A96B5E1,id=28c32f69-b092-44d1-8318-359d0ad59249
2019-10-04 00:24:08,755 [main] INFO  impl.RoleInfo (RoleInfo.java:shutdownFollowerState(121)) - 28c32f69-b092-44d1-8318-359d0ad59249: shutdown FollowerState
2019-10-04 00:24:08,756 [main] INFO  impl.StateMachineUpdater (StateMachineUpdater.java:stopAndJoin(136)) - 28c32f69-b092-44d1-8318-359d0ad59249@group-50998A96B5E1-StateMachineUpdater: set stopIndex = 2
2019-10-04 00:24:08,756 [28c32f69-b092-44d1-8318-359d0ad59249@group-50998A96B5E1-StateMachineUpdater] INFO  ratis.ContainerStateMachine (ContainerStateMachine.java:takeSnapshot(293)) - group-50998A96B5E1: Taking a snapshot at:(t:1, i:1) file /workdir/hadoop-ozone/integration-test/target/test-dir/MiniOzoneClusterImpl-3b170045-66f0-4bc5-bb15-72b77228cdcf/datanode-4/data/ratis/af43dfa1-0888-4745-962a-50998a96b5e1/sm/snapshot.1_1
2019-10-04 00:24:08,756 [Thread-1499] INFO  impl.FollowerState (FollowerState.java:run(117)) - 28c32f69-b092-44d1-8318-359d0ad59249@group-50998A96B5E1-FollowerState was interrupted: java.lang.InterruptedException: sleep interrupted
2019-10-04 00:24:08,773 [28c32f69-b092-44d1-8318-359d0ad59249@group-50998A96B5E1-StateMachineUpdater] INFO  ratis.ContainerStateMachine (ContainerStateMachine.java:takeSnapshot(304)) - group-50998A96B5E1: Finished taking a snapshot at:(t:1, i:1) file:/workdir/hadoop-ozone/integration-test/target/test-dir/MiniOzoneClusterImpl-3b170045-66f0-4bc5-bb15-72b77228cdcf/datanode-4/data/ratis/af43dfa1-0888-4745-962a-50998a96b5e1/sm/snapshot.1_1 time:16
2019-10-04 00:24:08,773 [28c32f69-b092-44d1-8318-359d0ad59249@group-50998A96B5E1-StateMachineUpdater] INFO  impl.StateMachineUpdater (StateMachineUpdater.java:takeSnapshot(269)) - 28c32f69-b092-44d1-8318-359d0ad59249@group-50998A96B5E1-StateMachineUpdater: Took a snapshot at index 1
2019-10-04 00:24:08,773 [28c32f69-b092-44d1-8318-359d0ad59249@group-50998A96B5E1-StateMachineUpdater] INFO  impl.StateMachineUpdater (StateMachineUpdater.java:lambda$new$0(84)) - 28c32f69-b092-44d1-8318-359d0ad59249@group-50998A96B5E1-StateMachineUpdater: snapshotIndex: updateIncreasingly -1 -> 1
2019-10-04 00:24:08,774 [28c32f69-b092-44d1-8318-359d0ad59249@group-50998A96B5E1-StateMachineUpdater] INFO  ratis.ContainerStateMachine (ContainerStateMachine.java:takeSnapshot(293)) - group-50998A96B5E1: Taking a snapshot at:(t:1, i:1) file /workdir/hadoop-ozone/integration-test/target/test-dir/MiniOzoneClusterImpl-3b170045-66f0-4bc5-bb15-72b77228cdcf/datanode-4/data/ratis/af43dfa1-0888-4745-962a-50998a96b5e1/sm/snapshot.1_1
2019-10-04 00:24:08,786 [28c32f69-b092-44d1-8318-359d0ad59249@group-50998A96B5E1-StateMachineUpdater] INFO  ratis.ContainerStateMachine (ContainerStateMachine.java:takeSnapshot(304)) - group-50998A96B5E1: Finished taking a snapshot at:(t:1, i:1) file:/workdir/hadoop-ozone/integration-test/target/test-dir/MiniOzoneClusterImpl-3b170045-66f0-4bc5-bb15-72b77228cdcf/datanode-4/data/ratis/af43dfa1-0888-4745-962a-50998a96b5e1/sm/snapshot.1_1 time:12
2019-10-04 00:24:08,786 [28c32f69-b092-44d1-8318-359d0ad59249@group-50998A96B5E1-StateMachineUpdater] INFO  impl.StateMachineUpdater (StateMachineUpdater.java:takeSnapshot(269)) - 28c32f69-b092-44d1-8318-359d0ad59249@group-50998A96B5E1-StateMachineUpdater: Took a snapshot at index 1
2019-10-04 00:24:08,787 [28c32f69-b092-44d1-8318-359d0ad59249@group-50998A96B5E1-StateMachineUpdater] INFO  impl.StateMachineUpdater (StateMachineUpdater.java:lambda$new$0(84)) - 28c32f69-b092-44d1-8318-359d0ad59249@group-50998A96B5E1-StateMachineUpdater: snapshotIndex: updateIncreasingly 1 -> 1
2019-10-04 00:24:08,787 [main] INFO  impl.RaftServerImpl (ServerState.java:close(387)) - 28c32f69-b092-44d1-8318-359d0ad59249@group-50998A96B5E1: closes. applyIndex: 2
2019-10-04 00:24:08,788 [28c32f69-b092-44d1-8318-359d0ad59249@group-50998A96B5E1-SegmentedRaftLogWorker] INFO  segmented.SegmentedRaftLogWorker (SegmentedRaftLogWorker.java:run(316)) - 28c32f69-b092-44d1-8318-359d0ad59249@group-50998A96B5E1-SegmentedRaftLogWorker was interrupted, exiting. There are 0 tasks remaining in the queue.
2019-10-04 00:24:08,791 [main] INFO  segmented.SegmentedRaftLogWorker (SegmentedRaftLogWorker.java:close(224)) - 28c32f69-b092-44d1-8318-359d0ad59249@group-50998A96B5E1-SegmentedRaftLogWorker close()
2019-10-04 00:24:08,795 [main] INFO  impl.RaftServerImpl (RaftServerImpl.java:lambda$shutdown$3(247)) - 28c32f69-b092-44d1-8318-359d0ad59249@group-955329839E59: shutdown
2019-10-04 00:24:08,796 [main] INFO  util.JmxRegister (JmxRegister.java:unregister(73)) - Successfully un-registered JMX Bean with object name Ratis:service=RaftServer,group=group-955329839E59,id=28c32f69-b092-44d1-8318-359d0ad59249
2019-10-04 00:24:08,796 [main] INFO  impl.RoleInfo (RoleInfo.java:shutdownLeaderState(104)) - 28c32f69-b092-44d1-8318-359d0ad59249: shutdown LeaderState
2019-10-04 00:24:08,797 [main] INFO  impl.PendingRequests (PendingRequests.java:sendNotLeaderResponses(202)) - 28c32f69-b092-44d1-8318-359d0ad59249@group-955329839E59-PendingRequests: sendNotLeaderResponses
2019-10-04 00:24:08,797 [main] INFO  impl.StateMachineUpdater (StateMachineUpdater.java:stopAndJoin(136)) - 28c32f69-b092-44d1-8318-359d0ad59249@group-955329839E59-StateMachineUpdater: set stopIndex = 0
2019-10-04 00:24:08,798 [main] INFO  impl.RaftServerImpl (ServerState.java:close(387)) - 28c32f69-b092-44d1-8318-359d0ad59249@group-955329839E59: closes. applyIndex: 0
2019-10-04 00:24:08,799 [28c32f69-b092-44d1-8318-359d0ad59249@group-955329839E59-SegmentedRaftLogWorker] INFO  segmented.SegmentedRaftLogWorker (SegmentedRaftLogWorker.java:run(316)) - 28c32f69-b092-44d1-8318-359d0ad59249@group-955329839E59-SegmentedRaftLogWorker was interrupted, exiting. There are 0 tasks remaining in the queue.
2019-10-04 00:24:08,801 [main] INFO  segmented.SegmentedRaftLogWorker (SegmentedRaftLogWorker.java:close(224)) - 28c32f69-b092-44d1-8318-359d0ad59249@group-955329839E59-SegmentedRaftLogWorker close()
2019-10-04 00:24:08,805 [main] INFO  server.GrpcService (GrpcService.java:closeImpl(164)) - 28c32f69-b092-44d1-8318-359d0ad59249: shutdown server with port 37361 now
2019-10-04 00:24:08,809 [grpc-default-executor-0] WARN  server.GrpcServerProtocolService (LogUtils.java:warn(134)) - 28c32f69-b092-44d1-8318-359d0ad59249: installSnapshot onError, lastRequest: 71330204-bca2-4e99-8f93-d549681827cf->28c32f69-b092-44d1-8318-359d0ad59249#5-t1, previous=(t:1, i:2), leaderCommit=2, initializing? false, entries: <empty>: org.apache.ratis.thirdparty.io.grpc.StatusRuntimeException: CANCELLED: cancelled before receiving half close
2019-10-04 00:24:08,809 [grpc-default-executor-2] WARN  server.GrpcLogAppender (LogUtils.java:warn(134)) - 71330204-bca2-4e99-8f93-d549681827cf@group-50998A96B5E1->28c32f69-b092-44d1-8318-359d0ad59249-AppendLogResponseHandler: Failed appendEntries: org.apache.ratis.thirdparty.io.grpc.StatusRuntimeException: CANCELLED: HTTP/2 error code: CANCEL
Received Rst Stream
2019-10-04 00:24:08,809 [main] INFO  server.GrpcService (GrpcService.java:closeImpl(172)) - 28c32f69-b092-44d1-8318-359d0ad59249: shutdown server with port 37361 successfully
2019-10-04 00:24:08,809 [grpc-default-executor-2] INFO  impl.FollowerInfo (FollowerInfo.java:lambda$new$0(51)) - 71330204-bca2-4e99-8f93-d549681827cf@group-50998A96B5E1->28c32f69-b092-44d1-8318-359d0ad59249: nextIndex: updateUnconditionally 3 -> 2
2019-10-04 00:24:08,815 [refreshUsed-/workdir/hadoop-ozone/integration-test/target/test-dir/MiniOzoneClusterImpl-3b170045-66f0-4bc5-bb15-72b77228cdcf/datanode-4/data/containers] WARN  fs.CachingGetSpaceUsed (CachingGetSpaceUsed.java:run(183)) - Thread Interrupted waiting to refresh disk information: sleep interrupted
2019-10-04 00:24:08,833 [main] INFO  utils.BackgroundService (BackgroundService.java:shutdown(148)) - Shutting down service BlockDeletingService
2019-10-04 00:24:08,839 [main] INFO  statemachine.DatanodeStateMachine (DatanodeStateMachine.java:stopDaemon(395)) - Ozone container server stopped.
2019-10-04 00:24:08,840 [main] INFO  handler.ContextHandler (ContextHandler.java:doStop(910)) - Stopped o.e.j.w.WebAppContext@39941489{/,null,UNAVAILABLE}{/hddsDatanode}
2019-10-04 00:24:08,841 [main] INFO  server.AbstractConnector (AbstractConnector.java:doStop(318)) - Stopped ServerConnector@6f5d0190{HTTP/1.1,[http/1.1]}{0.0.0.0:0}
2019-10-04 00:24:08,841 [main] INFO  handler.ContextHandler (ContextHandler.java:doStop(910)) - Stopped o.e.j.s.ServletContextHandler@7741d346{/static,jar:file:/home/user/.m2/repository/org/apache/hadoop/hadoop-hdds-container-service/0.5.0-SNAPSHOT/hadoop-hdds-container-service-0.5.0-SNAPSHOT.jar!/webapps/static,UNAVAILABLE}
2019-10-04 00:24:08,842 [main] INFO  handler.ContextHandler (ContextHandler.java:doStop(910)) - Stopped o.e.j.s.ServletContextHandler@15d0d6c9{/logs,file:///workdir/hadoop-ozone/integration-test/target/log,UNAVAILABLE}
2019-10-04 00:24:09,770 [Datanode State Machine Thread - 0] INFO  statemachine.DatanodeStateMachine (DatanodeStateMachine.java:lambda$startDaemon$0(350)) - Ozone container server started.
2019-10-04 00:24:11,170 [grpc-default-executor-1] WARN  server.GrpcLogAppender (LogUtils.java:warn(134)) - 71330204-bca2-4e99-8f93-d549681827cf@group-50998A96B5E1->28c32f69-b092-44d1-8318-359d0ad59249-AppendLogResponseHandler: Failed appendEntries: org.apache.ratis.thirdparty.io.grpc.StatusRuntimeException: UNAVAILABLE: io exception
2019-10-04 00:24:11,171 [grpc-default-executor-1] INFO  impl.FollowerInfo (FollowerInfo.java:lambda$new$0(51)) - 71330204-bca2-4e99-8f93-d549681827cf@group-50998A96B5E1->28c32f69-b092-44d1-8318-359d0ad59249: nextIndex: updateUnconditionally 2 -> 1
2019-10-04 00:24:13,674 [grpc-default-executor-2] WARN  server.GrpcLogAppender (LogUtils.java:warn(134)) - 71330204-bca2-4e99-8f93-d549681827cf@group-50998A96B5E1->28c32f69-b092-44d1-8318-359d0ad59249-AppendLogResponseHandler: Failed appendEntries: org.apache.ratis.thirdparty.io.grpc.StatusRuntimeException: UNAVAILABLE: io exception
2019-10-04 00:24:13,675 [grpc-default-executor-2] INFO  impl.FollowerInfo (FollowerInfo.java:lambda$new$0(51)) - 71330204-bca2-4e99-8f93-d549681827cf@group-50998A96B5E1->28c32f69-b092-44d1-8318-359d0ad59249: nextIndex: updateUnconditionally 1 -> 0
2019-10-04 00:24:13,845 [main] INFO  ozoneimpl.OzoneContainer (OzoneContainer.java:stop(231)) - Attempting to stop container services.
2019-10-04 00:24:13,846 [main] INFO  impl.RaftServerProxy (RaftServerProxy.java:lambda$close$4(314)) - 77785bd1-e3fa-40ee-837b-c5096ff73ca9: close
2019-10-04 00:24:13,846 [main] INFO  impl.RaftServerImpl (RaftServerImpl.java:lambda$shutdown$3(247)) - 77785bd1-e3fa-40ee-837b-c5096ff73ca9@group-5297E6E0F2C4: shutdown
2019-10-04 00:24:13,847 [ForkJoinPool.commonPool-worker-0] INFO  impl.RaftServerImpl (RaftServerImpl.java:lambda$shutdown$3(247)) - 77785bd1-e3fa-40ee-837b-c5096ff73ca9@group-50998A96B5E1: shutdown
2019-10-04 00:24:13,847 [main] INFO  util.JmxRegister (JmxRegister.java:unregister(73)) - Successfully un-registered JMX Bean with object name Ratis:service=RaftServer,group=group-5297E6E0F2C4,id=77785bd1-e3fa-40ee-837b-c5096ff73ca9
2019-10-04 00:24:13,847 [ForkJoinPool.commonPool-worker-0] INFO  util.JmxRegister (JmxRegister.java:unregister(73)) - Successfully un-registered JMX Bean with object name Ratis:service=RaftServer,group=group-50998A96B5E1,id=77785bd1-e3fa-40ee-837b-c5096ff73ca9
2019-10-04 00:24:13,847 [main] INFO  impl.RoleInfo (RoleInfo.java:shutdownLeaderState(104)) - 77785bd1-e3fa-40ee-837b-c5096ff73ca9: shutdown LeaderState
2019-10-04 00:24:13,848 [ForkJoinPool.commonPool-worker-0] INFO  impl.RoleInfo (RoleInfo.java:shutdownFollowerState(121)) - 77785bd1-e3fa-40ee-837b-c5096ff73ca9: shutdown FollowerState
2019-10-04 00:24:13,848 [ForkJoinPool.commonPool-worker-0] INFO  impl.StateMachineUpdater (StateMachineUpdater.java:stopAndJoin(136)) - 77785bd1-e3fa-40ee-837b-c5096ff73ca9@group-50998A96B5E1-StateMachineUpdater: set stopIndex = 2
2019-10-04 00:24:13,848 [Thread-1500] INFO  impl.FollowerState (FollowerState.java:run(117)) - 77785bd1-e3fa-40ee-837b-c5096ff73ca9@group-50998A96B5E1-FollowerState was interrupted: java.lang.InterruptedException: sleep interrupted
2019-10-04 00:24:13,848 [main] INFO  impl.PendingRequests (PendingRequests.java:sendNotLeaderResponses(202)) - 77785bd1-e3fa-40ee-837b-c5096ff73ca9@group-5297E6E0F2C4-PendingRequests: sendNotLeaderResponses
2019-10-04 00:24:13,848 [77785bd1-e3fa-40ee-837b-c5096ff73ca9@group-50998A96B5E1-StateMachineUpdater] INFO  ratis.ContainerStateMachine (ContainerStateMachine.java:takeSnapshot(293)) - group-50998A96B5E1: Taking a snapshot at:(t:1, i:1) file /workdir/hadoop-ozone/integration-test/target/test-dir/MiniOzoneClusterImpl-3b170045-66f0-4bc5-bb15-72b77228cdcf/datanode-1/data/ratis/af43dfa1-0888-4745-962a-50998a96b5e1/sm/snapshot.1_1
2019-10-04 00:24:13,854 [main] INFO  impl.StateMachineUpdater (StateMachineUpdater.java:stopAndJoin(136)) - 77785bd1-e3fa-40ee-837b-c5096ff73ca9@group-5297E6E0F2C4-StateMachineUpdater: set stopIndex = 0
2019-10-04 00:24:13,854 [main] INFO  impl.RaftServerImpl (ServerState.java:close(387)) - 77785bd1-e3fa-40ee-837b-c5096ff73ca9@group-5297E6E0F2C4: closes. applyIndex: 0
2019-10-04 00:24:13,855 [77785bd1-e3fa-40ee-837b-c5096ff73ca9@group-5297E6E0F2C4-SegmentedRaftLogWorker] INFO  segmented.SegmentedRaftLogWorker (SegmentedRaftLogWorker.java:run(316)) - 77785bd1-e3fa-40ee-837b-c5096ff73ca9@group-5297E6E0F2C4-SegmentedRaftLogWorker was interrupted, exiting. There are 0 tasks remaining in the queue.
2019-10-04 00:24:13,866 [main] INFO  segmented.SegmentedRaftLogWorker (SegmentedRaftLogWorker.java:close(224)) - 77785bd1-e3fa-40ee-837b-c5096ff73ca9@group-5297E6E0F2C4-SegmentedRaftLogWorker close()
2019-10-04 00:24:13,870 [77785bd1-e3fa-40ee-837b-c5096ff73ca9@group-50998A96B5E1-StateMachineUpdater] INFO  ratis.ContainerStateMachine (ContainerStateMachine.java:takeSnapshot(304)) - group-50998A96B5E1: Finished taking a snapshot at:(t:1, i:1) file:/workdir/hadoop-ozone/integration-test/target/test-dir/MiniOzoneClusterImpl-3b170045-66f0-4bc5-bb15-72b77228cdcf/datanode-1/data/ratis/af43dfa1-0888-4745-962a-50998a96b5e1/sm/snapshot.1_1 time:21
2019-10-04 00:24:13,870 [77785bd1-e3fa-40ee-837b-c5096ff73ca9@group-50998A96B5E1-StateMachineUpdater] INFO  impl.StateMachineUpdater (StateMachineUpdater.java:takeSnapshot(269)) - 77785bd1-e3fa-40ee-837b-c5096ff73ca9@group-50998A96B5E1-StateMachineUpdater: Took a snapshot at index 1
2019-10-04 00:24:13,870 [77785bd1-e3fa-40ee-837b-c5096ff73ca9@group-50998A96B5E1-StateMachineUpdater] INFO  impl.StateMachineUpdater (StateMachineUpdater.java:lambda$new$0(84)) - 77785bd1-e3fa-40ee-837b-c5096ff73ca9@group-50998A96B5E1-StateMachineUpdater: snapshotIndex: updateIncreasingly -1 -> 1
2019-10-04 00:24:13,871 [77785bd1-e3fa-40ee-837b-c5096ff73ca9@group-50998A96B5E1-StateMachineUpdater] INFO  ratis.ContainerStateMachine (ContainerStateMachine.java:takeSnapshot(293)) - group-50998A96B5E1: Taking a snapshot at:(t:1, i:1) file /workdir/hadoop-ozone/integration-test/target/test-dir/MiniOzoneClusterImpl-3b170045-66f0-4bc5-bb15-72b77228cdcf/datanode-1/data/ratis/af43dfa1-0888-4745-962a-50998a96b5e1/sm/snapshot.1_1
2019-10-04 00:24:13,883 [77785bd1-e3fa-40ee-837b-c5096ff73ca9@group-50998A96B5E1-StateMachineUpdater] INFO  ratis.ContainerStateMachine (ContainerStateMachine.java:takeSnapshot(304)) - group-50998A96B5E1: Finished taking a snapshot at:(t:1, i:1) file:/workdir/hadoop-ozone/integration-test/target/test-dir/MiniOzoneClusterImpl-3b170045-66f0-4bc5-bb15-72b77228cdcf/datanode-1/data/ratis/af43dfa1-0888-4745-962a-50998a96b5e1/sm/snapshot.1_1 time:13
2019-10-04 00:24:13,884 [77785bd1-e3fa-40ee-837b-c5096ff73ca9@group-50998A96B5E1-StateMachineUpdater] INFO  impl.StateMachineUpdater (StateMachineUpdater.java:takeSnapshot(269)) - 77785bd1-e3fa-40ee-837b-c5096ff73ca9@group-50998A96B5E1-StateMachineUpdater: Took a snapshot at index 1
2019-10-04 00:24:13,884 [77785bd1-e3fa-40ee-837b-c5096ff73ca9@group-50998A96B5E1-StateMachineUpdater] INFO  impl.StateMachineUpdater (StateMachineUpdater.java:lambda$new$0(84)) - 77785bd1-e3fa-40ee-837b-c5096ff73ca9@group-50998A96B5E1-StateMachineUpdater: snapshotIndex: updateIncreasingly 1 -> 1
2019-10-04 00:24:13,884 [ForkJoinPool.commonPool-worker-0] INFO  impl.RaftServerImpl (ServerState.java:close(387)) - 77785bd1-e3fa-40ee-837b-c5096ff73ca9@group-50998A96B5E1: closes. applyIndex: 2
2019-10-04 00:24:13,885 [77785bd1-e3fa-40ee-837b-c5096ff73ca9@group-50998A96B5E1-SegmentedRaftLogWorker] INFO  segmented.SegmentedRaftLogWorker (SegmentedRaftLogWorker.java:run(316)) - 77785bd1-e3fa-40ee-837b-c5096ff73ca9@group-50998A96B5E1-SegmentedRaftLogWorker was interrupted, exiting. There are 0 tasks remaining in the queue.
2019-10-04 00:24:13,887 [ForkJoinPool.commonPool-worker-0] INFO  segmented.SegmentedRaftLogWorker (SegmentedRaftLogWorker.java:close(224)) - 77785bd1-e3fa-40ee-837b-c5096ff73ca9@group-50998A96B5E1-SegmentedRaftLogWorker close()
2019-10-04 00:24:13,891 [main] INFO  server.GrpcService (GrpcService.java:closeImpl(164)) - 77785bd1-e3fa-40ee-837b-c5096ff73ca9: shutdown server with port 40077 now
2019-10-04 00:24:13,892 [grpc-default-executor-1] WARN  server.GrpcServerProtocolService (LogUtils.java:warn(134)) - 77785bd1-e3fa-40ee-837b-c5096ff73ca9: installSnapshot onError, lastRequest: 71330204-bca2-4e99-8f93-d549681827cf->77785bd1-e3fa-40ee-837b-c5096ff73ca9#7-t1, previous=(t:1, i:2), leaderCommit=2, initializing? false, entries: <empty>: org.apache.ratis.thirdparty.io.grpc.StatusRuntimeException: CANCELLED: cancelled before receiving half close
2019-10-04 00:24:13,892 [main] INFO  server.GrpcService (GrpcService.java:closeImpl(172)) - 77785bd1-e3fa-40ee-837b-c5096ff73ca9: shutdown server with port 40077 successfully
2019-10-04 00:24:13,894 [grpc-default-executor-0] WARN  server.GrpcLogAppender (LogUtils.java:warn(134)) - 71330204-bca2-4e99-8f93-d549681827cf@group-50998A96B5E1->77785bd1-e3fa-40ee-837b-c5096ff73ca9-AppendLogResponseHandler: Failed appendEntries: org.apache.ratis.thirdparty.io.grpc.StatusRuntimeException: CANCELLED: HTTP/2 error code: CANCEL
Received Rst Stream
2019-10-04 00:24:13,895 [grpc-default-executor-0] INFO  impl.FollowerInfo (FollowerInfo.java:lambda$new$0(51)) - 71330204-bca2-4e99-8f93-d549681827cf@group-50998A96B5E1->77785bd1-e3fa-40ee-837b-c5096ff73ca9: nextIndex: updateUnconditionally 3 -> 2
2019-10-04 00:24:13,896 [refreshUsed-/workdir/hadoop-ozone/integration-test/target/test-dir/MiniOzoneClusterImpl-3b170045-66f0-4bc5-bb15-72b77228cdcf/datanode-1/data/containers] WARN  fs.CachingGetSpaceUsed (CachingGetSpaceUsed.java:run(183)) - Thread Interrupted waiting to refresh disk information: sleep interrupted
2019-10-04 00:24:13,914 [main] INFO  utils.BackgroundService (BackgroundService.java:shutdown(148)) - Shutting down service BlockDeletingService
2019-10-04 00:24:13,919 [main] INFO  statemachine.DatanodeStateMachine (DatanodeStateMachine.java:stopDaemon(395)) - Ozone container server stopped.
2019-10-04 00:24:13,920 [main] INFO  handler.ContextHandler (ContextHandler.java:doStop(910)) - Stopped o.e.j.w.WebAppContext@61615b4a{/,null,UNAVAILABLE}{/hddsDatanode}
2019-10-04 00:24:13,921 [main] INFO  server.AbstractConnector (AbstractConnector.java:doStop(318)) - Stopped ServerConnector@721d8ab5{HTTP/1.1,[http/1.1]}{0.0.0.0:0}
2019-10-04 00:24:13,922 [main] INFO  handler.ContextHandler (ContextHandler.java:doStop(910)) - Stopped o.e.j.s.ServletContextHandler@3332c7a5{/static,jar:file:/home/user/.m2/repository/org/apache/hadoop/hadoop-hdds-container-service/0.5.0-SNAPSHOT/hadoop-hdds-container-service-0.5.0-SNAPSHOT.jar!/webapps/static,UNAVAILABLE}
2019-10-04 00:24:13,922 [main] INFO  handler.ContextHandler (ContextHandler.java:doStop(910)) - Stopped o.e.j.s.ServletContextHandler@1da1380b{/logs,file:///workdir/hadoop-ozone/integration-test/target/log,UNAVAILABLE}
2019-10-04 00:24:16,173 [grpc-default-executor-3] WARN  server.GrpcLogAppender (LogUtils.java:warn(134)) - 71330204-bca2-4e99-8f93-d549681827cf@group-50998A96B5E1->28c32f69-b092-44d1-8318-359d0ad59249-AppendLogResponseHandler: Failed appendEntries: org.apache.ratis.thirdparty.io.grpc.StatusRuntimeException: UNAVAILABLE: io exception
2019-10-04 00:24:16,174 [grpc-default-executor-2] WARN  server.GrpcLogAppender (LogUtils.java:warn(134)) - 71330204-bca2-4e99-8f93-d549681827cf@group-50998A96B5E1->77785bd1-e3fa-40ee-837b-c5096ff73ca9-AppendLogResponseHandler: Failed appendEntries: org.apache.ratis.thirdparty.io.grpc.StatusRuntimeException: UNAVAILABLE: io exception
2019-10-04 00:24:16,174 [grpc-default-executor-3] INFO  impl.FollowerInfo (FollowerInfo.java:lambda$new$0(51)) - 71330204-bca2-4e99-8f93-d549681827cf@group-50998A96B5E1->28c32f69-b092-44d1-8318-359d0ad59249: nextIndex: updateUnconditionally 0 -> 0
2019-10-04 00:24:16,174 [grpc-default-executor-2] INFO  impl.FollowerInfo (FollowerInfo.java:lambda$new$0(51)) - 71330204-bca2-4e99-8f93-d549681827cf@group-50998A96B5E1->77785bd1-e3fa-40ee-837b-c5096ff73ca9: nextIndex: updateUnconditionally 2 -> 1
2019-10-04 00:24:18,677 [grpc-default-executor-3] WARN  server.GrpcLogAppender (LogUtils.java:warn(134)) - 71330204-bca2-4e99-8f93-d549681827cf@group-50998A96B5E1->77785bd1-e3fa-40ee-837b-c5096ff73ca9-AppendLogResponseHandler: Failed appendEntries: org.apache.ratis.thirdparty.io.grpc.StatusRuntimeException: UNAVAILABLE: io exception
2019-10-04 00:24:18,678 [grpc-default-executor-2] WARN  server.GrpcLogAppender (LogUtils.java:warn(134)) - 71330204-bca2-4e99-8f93-d549681827cf@group-50998A96B5E1->28c32f69-b092-44d1-8318-359d0ad59249-AppendLogResponseHandler: Failed appendEntries: org.apache.ratis.thirdparty.io.grpc.StatusRuntimeException: UNAVAILABLE: io exception
2019-10-04 00:24:18,678 [grpc-default-executor-3] INFO  impl.FollowerInfo (FollowerInfo.java:lambda$new$0(51)) - 71330204-bca2-4e99-8f93-d549681827cf@group-50998A96B5E1->77785bd1-e3fa-40ee-837b-c5096ff73ca9: nextIndex: updateUnconditionally 1 -> 0
2019-10-04 00:24:18,678 [grpc-default-executor-2] INFO  impl.FollowerInfo (FollowerInfo.java:lambda$new$0(51)) - 71330204-bca2-4e99-8f93-d549681827cf@group-50998A96B5E1->28c32f69-b092-44d1-8318-359d0ad59249: nextIndex: updateUnconditionally 0 -> 0
2019-10-04 00:24:21,181 [grpc-default-executor-2] WARN  server.GrpcLogAppender (LogUtils.java:warn(134)) - 71330204-bca2-4e99-8f93-d549681827cf@group-50998A96B5E1->28c32f69-b092-44d1-8318-359d0ad59249-AppendLogResponseHandler: Failed appendEntries: org.apache.ratis.thirdparty.io.grpc.StatusRuntimeException: UNAVAILABLE: io exception
2019-10-04 00:24:21,182 [grpc-default-executor-4] WARN  server.GrpcLogAppender (LogUtils.java:warn(134)) - 71330204-bca2-4e99-8f93-d549681827cf@group-50998A96B5E1->77785bd1-e3fa-40ee-837b-c5096ff73ca9-AppendLogResponseHandler: Failed appendEntries: org.apache.ratis.thirdparty.io.grpc.StatusRuntimeException: UNAVAILABLE: io exception
2019-10-04 00:24:21,184 [grpc-default-executor-4] INFO  impl.FollowerInfo (FollowerInfo.java:lambda$new$0(51)) - 71330204-bca2-4e99-8f93-d549681827cf@group-50998A96B5E1->77785bd1-e3fa-40ee-837b-c5096ff73ca9: nextIndex: updateUnconditionally 0 -> 0
2019-10-04 00:24:21,184 [grpc-default-executor-2] INFO  impl.FollowerInfo (FollowerInfo.java:lambda$new$0(51)) - 71330204-bca2-4e99-8f93-d549681827cf@group-50998A96B5E1->28c32f69-b092-44d1-8318-359d0ad59249: nextIndex: updateUnconditionally 0 -> 0
2019-10-04 00:24:23,682 [grpc-default-executor-1] WARN  server.GrpcLogAppender (LogUtils.java:warn(134)) - 71330204-bca2-4e99-8f93-d549681827cf@group-50998A96B5E1->28c32f69-b092-44d1-8318-359d0ad59249-AppendLogResponseHandler: Failed appendEntries: org.apache.ratis.thirdparty.io.grpc.StatusRuntimeException: UNAVAILABLE: io exception
2019-10-04 00:24:23,682 [grpc-default-executor-2] WARN  server.GrpcLogAppender (LogUtils.java:warn(134)) - 71330204-bca2-4e99-8f93-d549681827cf@group-50998A96B5E1->77785bd1-e3fa-40ee-837b-c5096ff73ca9-AppendLogResponseHandler: Failed appendEntries: org.apache.ratis.thirdparty.io.grpc.StatusRuntimeException: UNAVAILABLE: io exception
2019-10-04 00:24:23,683 [grpc-default-executor-1] INFO  impl.FollowerInfo (FollowerInfo.java:lambda$new$0(51)) - 71330204-bca2-4e99-8f93-d549681827cf@group-50998A96B5E1->28c32f69-b092-44d1-8318-359d0ad59249: nextIndex: updateUnconditionally 0 -> 0
2019-10-04 00:24:23,683 [grpc-default-executor-2] INFO  impl.FollowerInfo (FollowerInfo.java:lambda$new$0(51)) - 71330204-bca2-4e99-8f93-d549681827cf@group-50998A96B5E1->77785bd1-e3fa-40ee-837b-c5096ff73ca9: nextIndex: updateUnconditionally 0 -> 0
2019-10-04 00:24:24,056 [Thread-1572] INFO  client.GrpcClientProtocolService (GrpcClientProtocolService.java:lambda$processClientRequest$0(278)) - Failed RaftClientRequest:client-AF6F1CAEFBE4->71330204-bca2-4e99-8f93-d549681827cf@group-50998A96B5E1, cid=67, seq=0, Watch-ALL_COMMITTED(95), Message:<EMPTY>, reply=RaftClientReply:client-AF6F1CAEFBE4->71330204-bca2-4e99-8f93-d549681827cf@group-50998A96B5E1, cid=67, FAILED org.apache.ratis.protocol.NotReplicatedException: Request with call Id 67 and log index 95 is not yet replicated to ALL_COMMITTED, logIndex=95, commits[71330204-bca2-4e99-8f93-d549681827cf:c2, 28c32f69-b092-44d1-8318-359d0ad59249:c2, 77785bd1-e3fa-40ee-837b-c5096ff73ca9:c2]
2019-10-04 00:24:26,183 [grpc-default-executor-3] WARN  server.GrpcLogAppender (LogUtils.java:warn(134)) - 71330204-bca2-4e99-8f93-d549681827cf@group-50998A96B5E1->77785bd1-e3fa-40ee-837b-c5096ff73ca9-AppendLogResponseHandler: Failed appendEntries: org.apache.ratis.thirdparty.io.grpc.StatusRuntimeException: UNAVAILABLE: io exception
2019-10-04 00:24:26,183 [grpc-default-executor-3] INFO  impl.FollowerInfo (FollowerInfo.java:lambda$new$0(51)) - 71330204-bca2-4e99-8f93-d549681827cf@group-50998A96B5E1->77785bd1-e3fa-40ee-837b-c5096ff73ca9: nextIndex: updateUnconditionally 0 -> 0
2019-10-04 00:24:26,183 [grpc-default-executor-5] WARN  server.GrpcLogAppender (LogUtils.java:warn(134)) - 71330204-bca2-4e99-8f93-d549681827cf@group-50998A96B5E1->28c32f69-b092-44d1-8318-359d0ad59249-AppendLogResponseHandler: Failed appendEntries: org.apache.ratis.thirdparty.io.grpc.StatusRuntimeException: UNAVAILABLE: io exception
2019-10-04 00:24:26,184 [grpc-default-executor-5] INFO  impl.FollowerInfo (FollowerInfo.java:lambda$new$0(51)) - 71330204-bca2-4e99-8f93-d549681827cf@group-50998A96B5E1->28c32f69-b092-44d1-8318-359d0ad59249: nextIndex: updateUnconditionally 0 -> 0
2019-10-04 00:24:28,690 [grpc-default-executor-3] WARN  server.GrpcLogAppender (LogUtils.java:warn(134)) - 71330204-bca2-4e99-8f93-d549681827cf@group-50998A96B5E1->77785bd1-e3fa-40ee-837b-c5096ff73ca9-AppendLogResponseHandler: Failed appendEntries: org.apache.ratis.thirdparty.io.grpc.StatusRuntimeException: UNAVAILABLE: io exception
2019-10-04 00:24:28,690 [grpc-default-executor-5] WARN  server.GrpcLogAppender (LogUtils.java:warn(134)) - 71330204-bca2-4e99-8f93-d549681827cf@group-50998A96B5E1->28c32f69-b092-44d1-8318-359d0ad59249-AppendLogResponseHandler: Failed appendEntries: org.apache.ratis.thirdparty.io.grpc.StatusRuntimeException: UNAVAILABLE: io exception
2019-10-04 00:24:28,692 [grpc-default-executor-3] INFO  impl.FollowerInfo (FollowerInfo.java:lambda$new$0(51)) - 71330204-bca2-4e99-8f93-d549681827cf@group-50998A96B5E1->77785bd1-e3fa-40ee-837b-c5096ff73ca9: nextIndex: updateUnconditionally 0 -> 0
2019-10-04 00:24:28,692 [grpc-default-executor-5] INFO  impl.FollowerInfo (FollowerInfo.java:lambda$new$0(51)) - 71330204-bca2-4e99-8f93-d549681827cf@group-50998A96B5E1->28c32f69-b092-44d1-8318-359d0ad59249: nextIndex: updateUnconditionally 0 -> 0
2019-10-04 00:24:31,193 [grpc-default-executor-3] WARN  server.GrpcLogAppender (LogUtils.java:warn(134)) - 71330204-bca2-4e99-8f93-d549681827cf@group-50998A96B5E1->28c32f69-b092-44d1-8318-359d0ad59249-AppendLogResponseHandler: Failed appendEntries: org.apache.ratis.thirdparty.io.grpc.StatusRuntimeException: UNAVAILABLE: io exception
2019-10-04 00:24:31,193 [grpc-default-executor-2] WARN  server.GrpcLogAppender (LogUtils.java:warn(134)) - 71330204-bca2-4e99-8f93-d549681827cf@group-50998A96B5E1->77785bd1-e3fa-40ee-837b-c5096ff73ca9-AppendLogResponseHandler: Failed appendEntries: org.apache.ratis.thirdparty.io.grpc.StatusRuntimeException: UNAVAILABLE: io exception
2019-10-04 00:24:31,194 [grpc-default-executor-3] INFO  impl.FollowerInfo (FollowerInfo.java:lambda$new$0(51)) - 71330204-bca2-4e99-8f93-d549681827cf@group-50998A96B5E1->28c32f69-b092-44d1-8318-359d0ad59249: nextIndex: updateUnconditionally 0 -> 0
2019-10-04 00:24:31,195 [grpc-default-executor-2] INFO  impl.FollowerInfo (FollowerInfo.java:lambda$new$0(51)) - 71330204-bca2-4e99-8f93-d549681827cf@group-50998A96B5E1->77785bd1-e3fa-40ee-837b-c5096ff73ca9: nextIndex: updateUnconditionally 0 -> 0
2019-10-04 00:24:33,696 [grpc-default-executor-2] WARN  server.GrpcLogAppender (LogUtils.java:warn(134)) - 71330204-bca2-4e99-8f93-d549681827cf@group-50998A96B5E1->28c32f69-b092-44d1-8318-359d0ad59249-AppendLogResponseHandler: Failed appendEntries: org.apache.ratis.thirdparty.io.grpc.StatusRuntimeException: UNAVAILABLE: io exception
2019-10-04 00:24:33,696 [grpc-default-executor-5] WARN  server.GrpcLogAppender (LogUtils.java:warn(134)) - 71330204-bca2-4e99-8f93-d549681827cf@group-50998A96B5E1->77785bd1-e3fa-40ee-837b-c5096ff73ca9-AppendLogResponseHandler: Failed appendEntries: org.apache.ratis.thirdparty.io.grpc.StatusRuntimeException: UNAVAILABLE: io exception
2019-10-04 00:24:33,697 [grpc-default-executor-5] INFO  impl.FollowerInfo (FollowerInfo.java:lambda$new$0(51)) - 71330204-bca2-4e99-8f93-d549681827cf@group-50998A96B5E1->77785bd1-e3fa-40ee-837b-c5096ff73ca9: nextIndex: updateUnconditionally 0 -> 0
2019-10-04 00:24:33,697 [grpc-default-executor-2] INFO  impl.FollowerInfo (FollowerInfo.java:lambda$new$0(51)) - 71330204-bca2-4e99-8f93-d549681827cf@group-50998A96B5E1->28c32f69-b092-44d1-8318-359d0ad59249: nextIndex: updateUnconditionally 0 -> 0
2019-10-04 00:24:33,926 [main] WARN  scm.XceiverClientRatis (XceiverClientRatis.java:watchForCommit(292)) - 3 way commit failed on pipeline Pipeline[ Id: af43dfa1-0888-4745-962a-50998a96b5e1, Nodes: 28c32f69-b092-44d1-8318-359d0ad59249{ip: 192.168.151.76, host: pr-hdds-1986-2jrbz-1673272497, networkLocation: /default-rack, certSerialId: null}77785bd1-e3fa-40ee-837b-c5096ff73ca9{ip: 192.168.151.76, host: pr-hdds-1986-2jrbz-1673272497, networkLocation: /default-rack, certSerialId: null}71330204-bca2-4e99-8f93-d549681827cf{ip: 192.168.151.76, host: pr-hdds-1986-2jrbz-1673272497, networkLocation: /default-rack, certSerialId: null}, Type:RATIS, Factor:THREE, State:OPEN]
java.util.concurrent.TimeoutException
	at java.util.concurrent.CompletableFuture.timedGet(CompletableFuture.java:1771)
	at java.util.concurrent.CompletableFuture.get(CompletableFuture.java:1915)
	at org.apache.hadoop.hdds.scm.XceiverClientRatis.watchForCommit(XceiverClientRatis.java:289)
	at org.apache.hadoop.ozone.client.rpc.TestWatchForCommit.testWatchForCommitForRetryfailure(TestWatchForCommit.java:345)
	at sun.reflect.NativeMethodAccessorImpl.invoke0(Native Method)
	at sun.reflect.NativeMethodAccessorImpl.invoke(NativeMethodAccessorImpl.java:62)
	at sun.reflect.DelegatingMethodAccessorImpl.invoke(DelegatingMethodAccessorImpl.java:43)
	at java.lang.reflect.Method.invoke(Method.java:498)
	at org.junit.runners.model.FrameworkMethod$1.runReflectiveCall(FrameworkMethod.java:47)
	at org.junit.internal.runners.model.ReflectiveCallable.run(ReflectiveCallable.java:12)
	at org.junit.runners.model.FrameworkMethod.invokeExplosively(FrameworkMethod.java:44)
	at org.junit.internal.runners.statements.InvokeMethod.evaluate(InvokeMethod.java:17)
	at org.junit.runners.ParentRunner.runLeaf(ParentRunner.java:271)
	at org.junit.runners.BlockJUnit4ClassRunner.runChild(BlockJUnit4ClassRunner.java:70)
	at org.junit.runners.BlockJUnit4ClassRunner.runChild(BlockJUnit4ClassRunner.java:50)
	at org.junit.runners.ParentRunner$3.run(ParentRunner.java:238)
	at org.junit.runners.ParentRunner$1.schedule(ParentRunner.java:63)
	at org.junit.runners.ParentRunner.runChildren(ParentRunner.java:236)
	at org.junit.runners.ParentRunner.access$000(ParentRunner.java:53)
	at org.junit.runners.ParentRunner$2.evaluate(ParentRunner.java:229)
	at org.junit.runners.ParentRunner.run(ParentRunner.java:309)
	at org.apache.maven.surefire.junit4.JUnit4Provider.execute(JUnit4Provider.java:365)
	at org.apache.maven.surefire.junit4.JUnit4Provider.executeWithRerun(JUnit4Provider.java:273)
	at org.apache.maven.surefire.junit4.JUnit4Provider.executeTestSet(JUnit4Provider.java:238)
	at org.apache.maven.surefire.junit4.JUnit4Provider.invoke(JUnit4Provider.java:159)
	at org.apache.maven.surefire.booter.ForkedBooter.invokeProviderInSameClassLoader(ForkedBooter.java:384)
	at org.apache.maven.surefire.booter.ForkedBooter.runSuitesInProcess(ForkedBooter.java:345)
	at org.apache.maven.surefire.booter.ForkedBooter.execute(ForkedBooter.java:126)
	at org.apache.maven.surefire.booter.ForkedBooter.main(ForkedBooter.java:418)
2019-10-04 00:24:34,058 [Thread-1588] INFO  client.GrpcClientProtocolService (GrpcClientProtocolService.java:lambda$processClientRequest$0(278)) - Failed RaftClientRequest:client-AF6F1CAEFBE4->71330204-bca2-4e99-8f93-d549681827cf@group-50998A96B5E1, cid=67, seq=0, Watch-ALL_COMMITTED(95), Message:<EMPTY>, reply=RaftClientReply:client-AF6F1CAEFBE4->71330204-bca2-4e99-8f93-d549681827cf@group-50998A96B5E1, cid=67, FAILED org.apache.ratis.protocol.NotReplicatedException: Request with call Id 67 and log index 95 is not yet replicated to ALL_COMMITTED, logIndex=95, commits[71330204-bca2-4e99-8f93-d549681827cf:c2, 28c32f69-b092-44d1-8318-359d0ad59249:c2, 77785bd1-e3fa-40ee-837b-c5096ff73ca9:c2]
2019-10-04 00:24:36,199 [grpc-default-executor-1] WARN  server.GrpcLogAppender (LogUtils.java:warn(134)) - 71330204-bca2-4e99-8f93-d549681827cf@group-50998A96B5E1->28c32f69-b092-44d1-8318-359d0ad59249-AppendLogResponseHandler: Failed appendEntries: org.apache.ratis.thirdparty.io.grpc.StatusRuntimeException: UNAVAILABLE: io exception
2019-10-04 00:24:36,199 [grpc-default-executor-5] WARN  server.GrpcLogAppender (LogUtils.java:warn(134)) - 71330204-bca2-4e99-8f93-d549681827cf@group-50998A96B5E1->77785bd1-e3fa-40ee-837b-c5096ff73ca9-AppendLogResponseHandler: Failed appendEntries: org.apache.ratis.thirdparty.io.grpc.StatusRuntimeException: UNAVAILABLE: io exception
2019-10-04 00:24:36,200 [grpc-default-executor-1] INFO  impl.FollowerInfo (FollowerInfo.java:lambda$new$0(51)) - 71330204-bca2-4e99-8f93-d549681827cf@group-50998A96B5E1->28c32f69-b092-44d1-8318-359d0ad59249: nextIndex: updateUnconditionally 0 -> 0
2019-10-04 00:24:36,200 [grpc-default-executor-5] INFO  impl.FollowerInfo (FollowerInfo.java:lambda$new$0(51)) - 71330204-bca2-4e99-8f93-d549681827cf@group-50998A96B5E1->77785bd1-e3fa-40ee-837b-c5096ff73ca9: nextIndex: updateUnconditionally 0 -> 0
2019-10-04 00:24:38,701 [grpc-default-executor-5] WARN  server.GrpcLogAppender (LogUtils.java:warn(134)) - 71330204-bca2-4e99-8f93-d549681827cf@group-50998A96B5E1->28c32f69-b092-44d1-8318-359d0ad59249-AppendLogResponseHandler: Failed appendEntries: org.apache.ratis.thirdparty.io.grpc.StatusRuntimeException: UNAVAILABLE: io exception
2019-10-04 00:24:38,701 [grpc-default-executor-1] WARN  server.GrpcLogAppender (LogUtils.java:warn(134)) - 71330204-bca2-4e99-8f93-d549681827cf@group-50998A96B5E1->77785bd1-e3fa-40ee-837b-c5096ff73ca9-AppendLogResponseHandler: Failed appendEntries: org.apache.ratis.thirdparty.io.grpc.StatusRuntimeException: UNAVAILABLE: io exception
2019-10-04 00:24:38,702 [grpc-default-executor-5] INFO  impl.FollowerInfo (FollowerInfo.java:lambda$new$0(51)) - 71330204-bca2-4e99-8f93-d549681827cf@group-50998A96B5E1->28c32f69-b092-44d1-8318-359d0ad59249: nextIndex: updateUnconditionally 0 -> 0
2019-10-04 00:24:38,702 [grpc-default-executor-1] INFO  impl.FollowerInfo (FollowerInfo.java:lambda$new$0(51)) - 71330204-bca2-4e99-8f93-d549681827cf@group-50998A96B5E1->77785bd1-e3fa-40ee-837b-c5096ff73ca9: nextIndex: updateUnconditionally 0 -> 0
2019-10-04 00:24:41,204 [grpc-default-executor-1] WARN  server.GrpcLogAppender (LogUtils.java:warn(134)) - 71330204-bca2-4e99-8f93-d549681827cf@group-50998A96B5E1->28c32f69-b092-44d1-8318-359d0ad59249-AppendLogResponseHandler: Failed appendEntries: org.apache.ratis.thirdparty.io.grpc.StatusRuntimeException: UNAVAILABLE: io exception
2019-10-04 00:24:41,204 [grpc-default-executor-2] WARN  server.GrpcLogAppender (LogUtils.java:warn(134)) - 71330204-bca2-4e99-8f93-d549681827cf@group-50998A96B5E1->77785bd1-e3fa-40ee-837b-c5096ff73ca9-AppendLogResponseHandler: Failed appendEntries: org.apache.ratis.thirdparty.io.grpc.StatusRuntimeException: UNAVAILABLE: io exception
2019-10-04 00:24:41,205 [grpc-default-executor-1] INFO  impl.FollowerInfo (FollowerInfo.java:lambda$new$0(51)) - 71330204-bca2-4e99-8f93-d549681827cf@group-50998A96B5E1->28c32f69-b092-44d1-8318-359d0ad59249: nextIndex: updateUnconditionally 0 -> 0
2019-10-04 00:24:41,205 [grpc-default-executor-2] INFO  impl.FollowerInfo (FollowerInfo.java:lambda$new$0(51)) - 71330204-bca2-4e99-8f93-d549681827cf@group-50998A96B5E1->77785bd1-e3fa-40ee-837b-c5096ff73ca9: nextIndex: updateUnconditionally 0 -> 0
2019-10-04 00:24:43,705 [grpc-default-executor-1] WARN  server.GrpcLogAppender (LogUtils.java:warn(134)) - 71330204-bca2-4e99-8f93-d549681827cf@group-50998A96B5E1->28c32f69-b092-44d1-8318-359d0ad59249-AppendLogResponseHandler: Failed appendEntries: org.apache.ratis.thirdparty.io.grpc.StatusRuntimeException: UNAVAILABLE: io exception
2019-10-04 00:24:43,706 [grpc-default-executor-3] WARN  server.GrpcLogAppender (LogUtils.java:warn(134)) - 71330204-bca2-4e99-8f93-d549681827cf@group-50998A96B5E1->77785bd1-e3fa-40ee-837b-c5096ff73ca9-AppendLogResponseHandler: Failed appendEntries: org.apache.ratis.thirdparty.io.grpc.StatusRuntimeException: UNAVAILABLE: io exception
2019-10-04 00:24:43,707 [grpc-default-executor-3] INFO  impl.FollowerInfo (FollowerInfo.java:lambda$new$0(51)) - 71330204-bca2-4e99-8f93-d549681827cf@group-50998A96B5E1->77785bd1-e3fa-40ee-837b-c5096ff73ca9: nextIndex: updateUnconditionally 0 -> 0
2019-10-04 00:24:43,707 [grpc-default-executor-1] INFO  impl.FollowerInfo (FollowerInfo.java:lambda$new$0(51)) - 71330204-bca2-4e99-8f93-d549681827cf@group-50998A96B5E1->28c32f69-b092-44d1-8318-359d0ad59249: nextIndex: updateUnconditionally 0 -> 0
2019-10-04 00:24:45,056 [Thread-1606] INFO  client.GrpcClientProtocolService (GrpcClientProtocolService.java:lambda$processClientRequest$0(278)) - Failed RaftClientRequest:client-AF6F1CAEFBE4->71330204-bca2-4e99-8f93-d549681827cf@group-50998A96B5E1, cid=67, seq=0, Watch-ALL_COMMITTED(95), Message:<EMPTY>, reply=RaftClientReply:client-AF6F1CAEFBE4->71330204-bca2-4e99-8f93-d549681827cf@group-50998A96B5E1, cid=67, FAILED org.apache.ratis.protocol.NotReplicatedException: Request with call Id 67 and log index 95 is not yet replicated to ALL_COMMITTED, logIndex=95, commits[71330204-bca2-4e99-8f93-d549681827cf:c2, 28c32f69-b092-44d1-8318-359d0ad59249:c2, 77785bd1-e3fa-40ee-837b-c5096ff73ca9:c2]
2019-10-04 00:24:46,057 [Thread-1607] INFO  client.GrpcClientProtocolService (GrpcClientProtocolService.java:lambda$processClientRequest$0(278)) - Failed RaftClientRequest:client-AF6F1CAEFBE4->71330204-bca2-4e99-8f93-d549681827cf@group-50998A96B5E1, cid=68, seq=0, Watch-MAJORITY_COMMITTED(95), Message:<EMPTY>, reply=RaftClientReply:client-AF6F1CAEFBE4->71330204-bca2-4e99-8f93-d549681827cf@group-50998A96B5E1, cid=68, FAILED org.apache.ratis.protocol.NotReplicatedException: Request with call Id 68 and log index 95 is not yet replicated to MAJORITY_COMMITTED, logIndex=95, commits[71330204-bca2-4e99-8f93-d549681827cf:c2, 28c32f69-b092-44d1-8318-359d0ad59249:c2, 77785bd1-e3fa-40ee-837b-c5096ff73ca9:c2]
2019-10-04 00:24:46,208 [grpc-default-executor-5] WARN  server.GrpcLogAppender (LogUtils.java:warn(134)) - 71330204-bca2-4e99-8f93-d549681827cf@group-50998A96B5E1->77785bd1-e3fa-40ee-837b-c5096ff73ca9-AppendLogResponseHandler: Failed appendEntries: org.apache.ratis.thirdparty.io.grpc.StatusRuntimeException: UNAVAILABLE: io exception
2019-10-04 00:24:46,208 [grpc-default-executor-1] WARN  server.GrpcLogAppender (LogUtils.java:warn(134)) - 71330204-bca2-4e99-8f93-d549681827cf@group-50998A96B5E1->28c32f69-b092-44d1-8318-359d0ad59249-AppendLogResponseHandler: Failed appendEntries: org.apache.ratis.thirdparty.io.grpc.StatusRuntimeException: UNAVAILABLE: io exception
2019-10-04 00:24:46,208 [grpc-default-executor-5] INFO  impl.FollowerInfo (FollowerInfo.java:lambda$new$0(51)) - 71330204-bca2-4e99-8f93-d549681827cf@group-50998A96B5E1->77785bd1-e3fa-40ee-837b-c5096ff73ca9: nextIndex: updateUnconditionally 0 -> 0
2019-10-04 00:24:46,208 [grpc-default-executor-1] INFO  impl.FollowerInfo (FollowerInfo.java:lambda$new$0(51)) - 71330204-bca2-4e99-8f93-d549681827cf@group-50998A96B5E1->28c32f69-b092-44d1-8318-359d0ad59249: nextIndex: updateUnconditionally 0 -> 0
2019-10-04 00:24:48,710 [grpc-default-executor-4] WARN  server.GrpcLogAppender (LogUtils.java:warn(134)) - 71330204-bca2-4e99-8f93-d549681827cf@group-50998A96B5E1->28c32f69-b092-44d1-8318-359d0ad59249-AppendLogResponseHandler: Failed appendEntries: org.apache.ratis.thirdparty.io.grpc.StatusRuntimeException: UNAVAILABLE: io exception
2019-10-04 00:24:48,710 [grpc-default-executor-0] WARN  server.GrpcLogAppender (LogUtils.java:warn(134)) - 71330204-bca2-4e99-8f93-d549681827cf@group-50998A96B5E1->77785bd1-e3fa-40ee-837b-c5096ff73ca9-AppendLogResponseHandler: Failed appendEntries: org.apache.ratis.thirdparty.io.grpc.StatusRuntimeException: UNAVAILABLE: io exception
2019-10-04 00:24:48,710 [grpc-default-executor-4] INFO  impl.FollowerInfo (FollowerInfo.java:lambda$new$0(51)) - 71330204-bca2-4e99-8f93-d549681827cf@group-50998A96B5E1->28c32f69-b092-44d1-8318-359d0ad59249: nextIndex: updateUnconditionally 0 -> 0
2019-10-04 00:24:48,711 [grpc-default-executor-0] INFO  impl.FollowerInfo (FollowerInfo.java:lambda$new$0(51)) - 71330204-bca2-4e99-8f93-d549681827cf@group-50998A96B5E1->77785bd1-e3fa-40ee-837b-c5096ff73ca9: nextIndex: updateUnconditionally 0 -> 0
2019-10-04 00:24:51,213 [grpc-default-executor-0] WARN  server.GrpcLogAppender (LogUtils.java:warn(134)) - 71330204-bca2-4e99-8f93-d549681827cf@group-50998A96B5E1->28c32f69-b092-44d1-8318-359d0ad59249-AppendLogResponseHandler: Failed appendEntries: org.apache.ratis.thirdparty.io.grpc.StatusRuntimeException: UNAVAILABLE: io exception
2019-10-04 00:24:51,213 [grpc-default-executor-5] WARN  server.GrpcLogAppender (LogUtils.java:warn(134)) - 71330204-bca2-4e99-8f93-d549681827cf@group-50998A96B5E1->77785bd1-e3fa-40ee-837b-c5096ff73ca9-AppendLogResponseHandler: Failed appendEntries: org.apache.ratis.thirdparty.io.grpc.StatusRuntimeException: UNAVAILABLE: io exception
2019-10-04 00:24:51,215 [grpc-default-executor-0] INFO  impl.FollowerInfo (FollowerInfo.java:lambda$new$0(51)) - 71330204-bca2-4e99-8f93-d549681827cf@group-50998A96B5E1->28c32f69-b092-44d1-8318-359d0ad59249: nextIndex: updateUnconditionally 0 -> 0
2019-10-04 00:24:51,215 [grpc-default-executor-5] INFO  impl.FollowerInfo (FollowerInfo.java:lambda$new$0(51)) - 71330204-bca2-4e99-8f93-d549681827cf@group-50998A96B5E1->77785bd1-e3fa-40ee-837b-c5096ff73ca9: nextIndex: updateUnconditionally 0 -> 0
2019-10-04 00:24:53,717 [grpc-default-executor-0] WARN  server.GrpcLogAppender (LogUtils.java:warn(134)) - 71330204-bca2-4e99-8f93-d549681827cf@group-50998A96B5E1->77785bd1-e3fa-40ee-837b-c5096ff73ca9-AppendLogResponseHandler: Failed appendEntries: org.apache.ratis.thirdparty.io.grpc.StatusRuntimeException: UNAVAILABLE: io exception
2019-10-04 00:24:53,717 [grpc-default-executor-5] WARN  server.GrpcLogAppender (LogUtils.java:warn(134)) - 71330204-bca2-4e99-8f93-d549681827cf@group-50998A96B5E1->28c32f69-b092-44d1-8318-359d0ad59249-AppendLogResponseHandler: Failed appendEntries: org.apache.ratis.thirdparty.io.grpc.StatusRuntimeException: UNAVAILABLE: io exception
2019-10-04 00:24:53,720 [grpc-default-executor-0] INFO  impl.FollowerInfo (FollowerInfo.java:lambda$new$0(51)) - 71330204-bca2-4e99-8f93-d549681827cf@group-50998A96B5E1->77785bd1-e3fa-40ee-837b-c5096ff73ca9: nextIndex: updateUnconditionally 0 -> 0
2019-10-04 00:24:53,720 [grpc-default-executor-5] INFO  impl.FollowerInfo (FollowerInfo.java:lambda$new$0(51)) - 71330204-bca2-4e99-8f93-d549681827cf@group-50998A96B5E1->28c32f69-b092-44d1-8318-359d0ad59249: nextIndex: updateUnconditionally 0 -> 0
]]></system-out>
    <system-err><![CDATA[Oct 04, 2019 12:24:08 AM org.apache.ratis.thirdparty.io.grpc.internal.SerializingExecutor run
SEVERE: Exception while executing runnable org.apache.ratis.thirdparty.io.grpc.internal.ServerImpl$JumpToApplicationThreadServerStreamListener$1Closed@77507d7
org.apache.ratis.thirdparty.io.grpc.StatusRuntimeException: CANCELLED: call already cancelled
	at org.apache.ratis.thirdparty.io.grpc.Status.asRuntimeException(Status.java:517)
	at org.apache.ratis.thirdparty.io.grpc.stub.ServerCalls$ServerCallStreamObserverImpl.onCompleted(ServerCalls.java:356)
	at org.apache.ratis.grpc.server.GrpcServerProtocolService$ServerRequestStreamObserver.onError(GrpcServerProtocolService.java:121)
	at org.apache.ratis.thirdparty.io.grpc.stub.ServerCalls$StreamingServerCallHandler$StreamingServerCallListener.onCancel(ServerCalls.java:269)
	at org.apache.ratis.thirdparty.io.grpc.internal.ServerCallImpl$ServerStreamListenerImpl.closed(ServerCallImpl.java:293)
	at org.apache.ratis.thirdparty.io.grpc.internal.ServerImpl$JumpToApplicationThreadServerStreamListener$1Closed.runInContext(ServerImpl.java:741)
	at org.apache.ratis.thirdparty.io.grpc.internal.ContextRunnable.run(ContextRunnable.java:37)
	at org.apache.ratis.thirdparty.io.grpc.internal.SerializingExecutor.run(SerializingExecutor.java:123)
	at java.util.concurrent.ThreadPoolExecutor.runWorker(ThreadPoolExecutor.java:1149)
	at java.util.concurrent.ThreadPoolExecutor$Worker.run(ThreadPoolExecutor.java:624)
	at java.lang.Thread.run(Thread.java:748)

Oct 04, 2019 12:24:13 AM org.apache.ratis.thirdparty.io.grpc.internal.SerializingExecutor run
SEVERE: Exception while executing runnable org.apache.ratis.thirdparty.io.grpc.internal.ServerImpl$JumpToApplicationThreadServerStreamListener$1Closed@74103399
org.apache.ratis.thirdparty.io.grpc.StatusRuntimeException: CANCELLED: call already cancelled
	at org.apache.ratis.thirdparty.io.grpc.Status.asRuntimeException(Status.java:517)
	at org.apache.ratis.thirdparty.io.grpc.stub.ServerCalls$ServerCallStreamObserverImpl.onCompleted(ServerCalls.java:356)
	at org.apache.ratis.grpc.server.GrpcServerProtocolService$ServerRequestStreamObserver.onError(GrpcServerProtocolService.java:121)
	at org.apache.ratis.thirdparty.io.grpc.stub.ServerCalls$StreamingServerCallHandler$StreamingServerCallListener.onCancel(ServerCalls.java:269)
	at org.apache.ratis.thirdparty.io.grpc.internal.ServerCallImpl$ServerStreamListenerImpl.closed(ServerCallImpl.java:293)
	at org.apache.ratis.thirdparty.io.grpc.internal.ServerImpl$JumpToApplicationThreadServerStreamListener$1Closed.runInContext(ServerImpl.java:741)
	at org.apache.ratis.thirdparty.io.grpc.internal.ContextRunnable.run(ContextRunnable.java:37)
	at org.apache.ratis.thirdparty.io.grpc.internal.SerializingExecutor.run(SerializingExecutor.java:123)
	at java.util.concurrent.ThreadPoolExecutor.runWorker(ThreadPoolExecutor.java:1149)
	at java.util.concurrent.ThreadPoolExecutor$Worker.run(ThreadPoolExecutor.java:624)
	at java.lang.Thread.run(Thread.java:748)

]]></system-err>
  </testcase>
  <testcase name="testWatchForCommitForGroupMismatchException" classname="org.apache.hadoop.ozone.client.rpc.TestWatchForCommit" time="33.026"/>
  <testcase name="test2WayCommitForTimeoutException" classname="org.apache.hadoop.ozone.client.rpc.TestWatchForCommit" time="22.914">
    <error type="java.util.concurrent.TimeoutException">java.util.concurrent.TimeoutException
	at java.util.concurrent.CompletableFuture.timedGet(CompletableFuture.java:1771)
	at java.util.concurrent.CompletableFuture.get(CompletableFuture.java:1915)
	at org.apache.hadoop.hdds.scm.XceiverClientRatis.watchForCommit(XceiverClientRatis.java:298)
	at org.apache.hadoop.ozone.client.rpc.TestWatchForCommit.test2WayCommitForTimeoutException(TestWatchForCommit.java:391)
	at sun.reflect.NativeMethodAccessorImpl.invoke0(Native Method)
	at sun.reflect.NativeMethodAccessorImpl.invoke(NativeMethodAccessorImpl.java:62)
	at sun.reflect.DelegatingMethodAccessorImpl.invoke(DelegatingMethodAccessorImpl.java:43)
	at java.lang.reflect.Method.invoke(Method.java:498)
	at org.junit.runners.model.FrameworkMethod$1.runReflectiveCall(FrameworkMethod.java:47)
	at org.junit.internal.runners.model.ReflectiveCallable.run(ReflectiveCallable.java:12)
	at org.junit.runners.model.FrameworkMethod.invokeExplosively(FrameworkMethod.java:44)
	at org.junit.internal.runners.statements.InvokeMethod.evaluate(InvokeMethod.java:17)
	at org.junit.runners.ParentRunner.runLeaf(ParentRunner.java:271)
	at org.junit.runners.BlockJUnit4ClassRunner.runChild(BlockJUnit4ClassRunner.java:70)
	at org.junit.runners.BlockJUnit4ClassRunner.runChild(BlockJUnit4ClassRunner.java:50)
	at org.junit.runners.ParentRunner$3.run(ParentRunner.java:238)
	at org.junit.runners.ParentRunner$1.schedule(ParentRunner.java:63)
	at org.junit.runners.ParentRunner.runChildren(ParentRunner.java:236)
	at org.junit.runners.ParentRunner.access$000(ParentRunner.java:53)
	at org.junit.runners.ParentRunner$2.evaluate(ParentRunner.java:229)
	at org.junit.runners.ParentRunner.run(ParentRunner.java:309)
	at org.apache.maven.surefire.junit4.JUnit4Provider.execute(JUnit4Provider.java:365)
	at org.apache.maven.surefire.junit4.JUnit4Provider.executeWithRerun(JUnit4Provider.java:273)
	at org.apache.maven.surefire.junit4.JUnit4Provider.executeTestSet(JUnit4Provider.java:238)
	at org.apache.maven.surefire.junit4.JUnit4Provider.invoke(JUnit4Provider.java:159)
	at org.apache.maven.surefire.booter.ForkedBooter.invokeProviderInSameClassLoader(ForkedBooter.java:384)
	at org.apache.maven.surefire.booter.ForkedBooter.runSuitesInProcess(ForkedBooter.java:345)
	at org.apache.maven.surefire.booter.ForkedBooter.execute(ForkedBooter.java:126)
	at org.apache.maven.surefire.booter.ForkedBooter.main(ForkedBooter.java:418)
</error>
    <system-out><![CDATA[2019-10-04 00:25:27,006 [main] WARN  server.ServerUtils (ServerUtils.java:getScmDbDir(145)) - ozone.scm.db.dirs is not configured. We recommend adding this setting. Falling back to ozone.metadata.dirs instead.
2019-10-04 00:25:27,022 [main] WARN  server.ServerUtils (ServerUtils.java:getScmDbDir(145)) - ozone.scm.db.dirs is not configured. We recommend adding this setting. Falling back to ozone.metadata.dirs instead.
2019-10-04 00:25:27,022 [main] WARN  server.ServerUtils (ServerUtils.java:getScmDbDir(145)) - ozone.scm.db.dirs is not configured. We recommend adding this setting. Falling back to ozone.metadata.dirs instead.
2019-10-04 00:25:27,022 [main] INFO  db.DBStoreBuilder (DBStoreBuilder.java:addTable(110)) - using custom profile for table: deletedBlocks
2019-10-04 00:25:27,023 [main] INFO  db.DBStoreBuilder (DBStoreBuilder.java:processTables(161)) - Using default column profile:DBProfile.DISK for Table:deletedBlocks
2019-10-04 00:25:27,023 [main] INFO  db.DBStoreBuilder (DBStoreBuilder.java:addTable(110)) - using custom profile for table: validCerts
2019-10-04 00:25:27,023 [main] INFO  db.DBStoreBuilder (DBStoreBuilder.java:processTables(161)) - Using default column profile:DBProfile.DISK for Table:validCerts
2019-10-04 00:25:27,023 [main] INFO  db.DBStoreBuilder (DBStoreBuilder.java:addTable(110)) - using custom profile for table: revokedCerts
2019-10-04 00:25:27,023 [main] INFO  db.DBStoreBuilder (DBStoreBuilder.java:processTables(161)) - Using default column profile:DBProfile.DISK for Table:revokedCerts
2019-10-04 00:25:27,023 [main] INFO  db.DBStoreBuilder (DBStoreBuilder.java:addTable(110)) - using custom profile for table: default
2019-10-04 00:25:27,024 [main] INFO  db.DBStoreBuilder (DBStoreBuilder.java:processTables(167)) - Using default column profile:DBProfile.DISK for Table:default
2019-10-04 00:25:27,024 [main] INFO  db.DBStoreBuilder (DBStoreBuilder.java:getDbProfile(198)) - Using default options. DBProfile.DISK
2019-10-04 00:25:27,181 [main] INFO  net.NodeSchemaLoader (NodeSchemaLoader.java:loadSchemaFromFile(125)) - Loading file from sun.misc.CompoundEnumeration@58687fb7
2019-10-04 00:25:27,181 [main] INFO  net.NodeSchemaLoader (NodeSchemaLoader.java:loadSchema(171)) - Loading network topology layer schema file
2019-10-04 00:25:27,185 [main] WARN  server.ServerUtils (ServerUtils.java:sanitizeUserArgs(70)) - ozone.scm.stale.node.interval value = 300000 is larger than max = 100000 based on the key value of ozone.scm.heartbeat.thread.interval, reset to the max value 100000.
2019-10-04 00:25:27,185 [main] WARN  server.ServerUtils (ServerUtils.java:sanitizeUserArgs(70)) - ozone.scm.stale.node.interval value = 300000 is larger than max = 100000 based on the key value of ozone.scm.heartbeat.thread.interval, reset to the max value 100000.
2019-10-04 00:25:27,185 [main] INFO  node.SCMNodeManager (SCMNodeManager.java:<init>(114)) - Entering startup safe mode.
2019-10-04 00:25:27,186 [main] INFO  algorithms.ContainerPlacementPolicyFactory (ContainerPlacementPolicyFactory.java:getPolicy(57)) - Create container placement policy of type org.apache.hadoop.hdds.scm.container.placement.algorithms.SCMContainerPlacementRandom
2019-10-04 00:25:27,186 [main] WARN  server.ServerUtils (ServerUtils.java:getScmDbDir(145)) - ozone.scm.db.dirs is not configured. We recommend adding this setting. Falling back to ozone.metadata.dirs instead.
2019-10-04 00:25:27,216 [main] INFO  pipeline.SCMPipelineManager (SCMPipelineManager.java:initializePipelineState(132)) - No pipeline exists in current db
2019-10-04 00:25:27,216 [main] WARN  server.ServerUtils (ServerUtils.java:getScmDbDir(145)) - ozone.scm.db.dirs is not configured. We recommend adding this setting. Falling back to ozone.metadata.dirs instead.
2019-10-04 00:25:27,247 [main] WARN  events.EventQueue (EventQueue.java:fireEvent(183)) - No event handler registered for event TypedEvent{payloadType=SafeModeStatus, name='SafeModeStatus'}
2019-10-04 00:25:27,248 [main] INFO  ipc.CallQueueManager (CallQueueManager.java:<init>(84)) - Using callQueue: class java.util.concurrent.LinkedBlockingQueue, queueCapacity: 2000, scheduler: class org.apache.hadoop.ipc.DefaultRpcScheduler, ipcBackoff: false.
2019-10-04 00:25:27,249 [Socket Reader #1 for port 38565] INFO  ipc.Server (Server.java:run(1074)) - Starting Socket Reader #1 for port 38565
2019-10-04 00:25:27,253 [main] INFO  ipc.CallQueueManager (CallQueueManager.java:<init>(84)) - Using callQueue: class java.util.concurrent.LinkedBlockingQueue, queueCapacity: 2000, scheduler: class org.apache.hadoop.ipc.DefaultRpcScheduler, ipcBackoff: false.
2019-10-04 00:25:27,254 [Socket Reader #1 for port 44990] INFO  ipc.Server (Server.java:run(1074)) - Starting Socket Reader #1 for port 44990
2019-10-04 00:25:27,257 [main] INFO  ipc.CallQueueManager (CallQueueManager.java:<init>(84)) - Using callQueue: class java.util.concurrent.LinkedBlockingQueue, queueCapacity: 2000, scheduler: class org.apache.hadoop.ipc.DefaultRpcScheduler, ipcBackoff: false.
2019-10-04 00:25:27,258 [Socket Reader #1 for port 42485] INFO  ipc.Server (Server.java:run(1074)) - Starting Socket Reader #1 for port 42485
2019-10-04 00:25:27,262 [main] INFO  hdfs.DFSUtil (DFSUtil.java:httpServerTemplateForNNAndJN(1641)) - Starting Web-server for scm at: http://0.0.0.0:0
2019-10-04 00:25:27,264 [main] INFO  server.AuthenticationFilter (AuthenticationFilter.java:constructSecretProvider(240)) - Unable to initialize FileSignerSecretProvider, falling back to use random secrets.
2019-10-04 00:25:27,264 [main] WARN  http.HttpRequestLog (HttpRequestLog.java:getRequestLog(97)) - Jetty request log can only be enabled using Log4j
2019-10-04 00:25:27,266 [main] INFO  http.HttpServer2 (HttpServer2.java:addGlobalFilter(975)) - Added global filter 'safety' (class=org.apache.hadoop.http.HttpServer2$QuotingInputFilter)
2019-10-04 00:25:27,267 [main] INFO  http.HttpServer2 (HttpServer2.java:addFilter(948)) - Added filter static_user_filter (class=org.apache.hadoop.http.lib.StaticUserWebFilter$StaticUserFilter) to context scm
2019-10-04 00:25:27,267 [main] INFO  http.HttpServer2 (HttpServer2.java:addFilter(958)) - Added filter static_user_filter (class=org.apache.hadoop.http.lib.StaticUserWebFilter$StaticUserFilter) to context static
2019-10-04 00:25:27,267 [main] INFO  http.HttpServer2 (HttpServer2.java:addFilter(958)) - Added filter static_user_filter (class=org.apache.hadoop.http.lib.StaticUserWebFilter$StaticUserFilter) to context logs
2019-10-04 00:25:27,269 [main] INFO  server.StorageContainerManager (StorageContainerManager.java:start(770)) - StorageContainerLocationProtocol RPC server is listening at /0.0.0.0:42485
2019-10-04 00:25:27,271 [main] WARN  impl.MetricsConfig (MetricsConfig.java:loadFirst(134)) - Cannot locate configuration: tried hadoop-metrics2-storagecontainermanager.properties,hadoop-metrics2.properties
2019-10-04 00:25:27,272 [main] INFO  impl.MetricsSystemImpl (MetricsSystemImpl.java:startTimer(374)) - Scheduled Metric snapshot period at 10 second(s).
2019-10-04 00:25:27,272 [main] INFO  impl.MetricsSystemImpl (MetricsSystemImpl.java:start(191)) - StorageContainerManager metrics system started
2019-10-04 00:25:27,585 [main] WARN  impl.MetricsSystemImpl (MetricsSystemImpl.java:register(276)) - Sink prometheus already exists!
2019-10-04 00:25:27,872 [main] INFO  server.SCMClientProtocolServer (SCMClientProtocolServer.java:start(150)) - RPC server for Client  is listening at /0.0.0.0:42485
2019-10-04 00:25:27,872 [IPC Server Responder] INFO  ipc.Server (Server.java:run(1314)) - IPC Server Responder: starting
2019-10-04 00:25:27,872 [IPC Server listener on 42485] INFO  ipc.Server (Server.java:run(1153)) - IPC Server listener on 42485: starting
2019-10-04 00:25:27,879 [main] INFO  server.StorageContainerManager (StorageContainerManager.java:start(780)) - ScmBlockLocationProtocol RPC server is listening at /0.0.0.0:44990
2019-10-04 00:25:27,885 [main] INFO  server.SCMBlockProtocolServer (SCMBlockProtocolServer.java:start(146)) - RPC server for Block Protocol is listening at /0.0.0.0:44990
2019-10-04 00:25:27,886 [IPC Server Responder] INFO  ipc.Server (Server.java:run(1314)) - IPC Server Responder: starting
2019-10-04 00:25:27,886 [IPC Server listener on 44990] INFO  ipc.Server (Server.java:run(1153)) - IPC Server listener on 44990: starting
2019-10-04 00:25:27,891 [main] INFO  server.StorageContainerManager (StorageContainerManager.java:start(784)) - ScmDatanodeProtocl RPC server is listening at /0.0.0.0:38565
2019-10-04 00:25:27,891 [main] INFO  server.SCMDatanodeProtocolServer (SCMDatanodeProtocolServer.java:start(169)) - RPC server for DataNodes is listening at /0.0.0.0:38565
2019-10-04 00:25:27,892 [IPC Server Responder] INFO  ipc.Server (Server.java:run(1314)) - IPC Server Responder: starting
2019-10-04 00:25:27,892 [IPC Server listener on 38565] INFO  ipc.Server (Server.java:run(1153)) - IPC Server listener on 38565: starting
2019-10-04 00:25:27,895 [main] INFO  http.HttpServer2 (HttpServer2.java:bindListener(1191)) - Jetty bound to port 38111
2019-10-04 00:25:27,895 [main] INFO  server.Server (Server.java:doStart(351)) - jetty-9.3.25.v20180904, build timestamp: 2018-09-04T21:11:46Z, git hash: 3ce520221d0240229c862b122d2b06c12a625732
2019-10-04 00:25:27,898 [main] INFO  handler.ContextHandler (ContextHandler.java:doStart(781)) - Started o.e.j.s.ServletContextHandler@39e53bef{/logs,file:///workdir/hadoop-ozone/integration-test/target/log,AVAILABLE}
2019-10-04 00:25:27,898 [main] INFO  handler.ContextHandler (ContextHandler.java:doStart(781)) - Started o.e.j.s.ServletContextHandler@4ed18798{/static,file:///workdir/hadoop-ozone/integration-test/target/test-classes/webapps/static,AVAILABLE}
2019-10-04 00:25:27,903 [main] INFO  handler.ContextHandler (ContextHandler.java:doStart(781)) - Started o.e.j.w.WebAppContext@45801322{/,file:///workdir/hadoop-ozone/integration-test/target/test-classes/webapps/scm/,AVAILABLE}{/scm}
2019-10-04 00:25:27,904 [main] INFO  server.AbstractConnector (AbstractConnector.java:doStart(278)) - Started ServerConnector@756b2d90{HTTP/1.1,[http/1.1]}{0.0.0.0:38111}
2019-10-04 00:25:27,905 [main] INFO  server.Server (Server.java:doStart(419)) - Started @199396ms
2019-10-04 00:25:27,906 [main] WARN  impl.MetricsSystemImpl (MetricsSystemImpl.java:register(276)) - Sink prometheus already exists!
2019-10-04 00:25:27,907 [main] INFO  server.BaseHttpServer (BaseHttpServer.java:updateConnectorAddress(215)) - HTTP server of SCM is listening at http://0.0.0.0:38111
2019-10-04 00:25:27,909 [main] WARN  server.ServerUtils (ServerUtils.java:getDBPath(222)) - ozone.om.db.dirs is not configured. We recommend adding this setting. Falling back to ozone.metadata.dirs instead.
2019-10-04 00:25:27,909 [org.apache.hadoop.util.JvmPauseMonitor$Monitor@6cc64028] INFO  util.JvmPauseMonitor (JvmPauseMonitor.java:run(188)) - Starting JVM pause monitor
2019-10-04 00:25:27,922 [main] INFO  ha.OMHANodeDetails (OMHANodeDetails.java:loadOMHAConfig(190)) - Configuration either no ozone.om.address set. Falling back to the default OM address /127.0.0.1:0
2019-10-04 00:25:27,923 [main] INFO  ha.OMHANodeDetails (OMHANodeDetails.java:getOMNodeDetails(220)) - OM Service ID is not set. Setting it to the default ID: omServiceIdDefault
2019-10-04 00:25:27,923 [main] WARN  server.ServerUtils (ServerUtils.java:getDBPath(222)) - ozone.om.db.dirs is not configured. We recommend adding this setting. Falling back to ozone.metadata.dirs instead.
2019-10-04 00:25:27,924 [main] WARN  server.ServerUtils (ServerUtils.java:getDBPath(222)) - ozone.om.db.dirs is not configured. We recommend adding this setting. Falling back to ozone.metadata.dirs instead.
2019-10-04 00:25:27,940 [main] WARN  server.ServerUtils (ServerUtils.java:getDBPath(222)) - ozone.om.db.dirs is not configured. We recommend adding this setting. Falling back to ozone.metadata.dirs instead.
2019-10-04 00:25:27,941 [main] INFO  db.DBStoreBuilder (DBStoreBuilder.java:addTable(110)) - using custom profile for table: userTable
2019-10-04 00:25:27,941 [main] INFO  db.DBStoreBuilder (DBStoreBuilder.java:processTables(161)) - Using default column profile:DBProfile.DISK for Table:userTable
2019-10-04 00:25:27,941 [main] INFO  db.DBStoreBuilder (DBStoreBuilder.java:addTable(110)) - using custom profile for table: volumeTable
2019-10-04 00:25:27,941 [main] INFO  db.DBStoreBuilder (DBStoreBuilder.java:processTables(161)) - Using default column profile:DBProfile.DISK for Table:volumeTable
2019-10-04 00:25:27,941 [main] INFO  db.DBStoreBuilder (DBStoreBuilder.java:addTable(110)) - using custom profile for table: bucketTable
2019-10-04 00:25:27,942 [main] INFO  db.DBStoreBuilder (DBStoreBuilder.java:processTables(161)) - Using default column profile:DBProfile.DISK for Table:bucketTable
2019-10-04 00:25:27,942 [main] INFO  db.DBStoreBuilder (DBStoreBuilder.java:addTable(110)) - using custom profile for table: keyTable
2019-10-04 00:25:27,942 [main] INFO  db.DBStoreBuilder (DBStoreBuilder.java:processTables(161)) - Using default column profile:DBProfile.DISK for Table:keyTable
2019-10-04 00:25:27,942 [main] INFO  db.DBStoreBuilder (DBStoreBuilder.java:addTable(110)) - using custom profile for table: deletedTable
2019-10-04 00:25:27,942 [main] INFO  db.DBStoreBuilder (DBStoreBuilder.java:processTables(161)) - Using default column profile:DBProfile.DISK for Table:deletedTable
2019-10-04 00:25:27,942 [main] INFO  db.DBStoreBuilder (DBStoreBuilder.java:addTable(110)) - using custom profile for table: openKeyTable
2019-10-04 00:25:27,942 [main] INFO  db.DBStoreBuilder (DBStoreBuilder.java:processTables(161)) - Using default column profile:DBProfile.DISK for Table:openKeyTable
2019-10-04 00:25:27,943 [main] INFO  db.DBStoreBuilder (DBStoreBuilder.java:addTable(110)) - using custom profile for table: s3Table
2019-10-04 00:25:27,943 [main] INFO  db.DBStoreBuilder (DBStoreBuilder.java:processTables(161)) - Using default column profile:DBProfile.DISK for Table:s3Table
2019-10-04 00:25:27,943 [main] INFO  db.DBStoreBuilder (DBStoreBuilder.java:addTable(110)) - using custom profile for table: multipartInfoTable
2019-10-04 00:25:27,943 [main] INFO  db.DBStoreBuilder (DBStoreBuilder.java:processTables(161)) - Using default column profile:DBProfile.DISK for Table:multipartInfoTable
2019-10-04 00:25:27,943 [main] INFO  db.DBStoreBuilder (DBStoreBuilder.java:addTable(110)) - using custom profile for table: dTokenTable
2019-10-04 00:25:27,943 [main] INFO  db.DBStoreBuilder (DBStoreBuilder.java:processTables(161)) - Using default column profile:DBProfile.DISK for Table:dTokenTable
2019-10-04 00:25:27,943 [main] INFO  db.DBStoreBuilder (DBStoreBuilder.java:addTable(110)) - using custom profile for table: s3SecretTable
2019-10-04 00:25:27,944 [main] INFO  db.DBStoreBuilder (DBStoreBuilder.java:processTables(161)) - Using default column profile:DBProfile.DISK for Table:s3SecretTable
2019-10-04 00:25:27,944 [main] INFO  db.DBStoreBuilder (DBStoreBuilder.java:addTable(110)) - using custom profile for table: prefixTable
2019-10-04 00:25:27,944 [main] INFO  db.DBStoreBuilder (DBStoreBuilder.java:processTables(161)) - Using default column profile:DBProfile.DISK for Table:prefixTable
2019-10-04 00:25:27,944 [main] INFO  db.DBStoreBuilder (DBStoreBuilder.java:addTable(110)) - using custom profile for table: default
2019-10-04 00:25:27,944 [main] INFO  db.DBStoreBuilder (DBStoreBuilder.java:processTables(167)) - Using default column profile:DBProfile.DISK for Table:default
2019-10-04 00:25:27,944 [main] INFO  db.DBStoreBuilder (DBStoreBuilder.java:getDbProfile(198)) - Using default options. DBProfile.DISK
2019-10-04 00:25:28,449 [main] INFO  ipc.CallQueueManager (CallQueueManager.java:<init>(84)) - Using callQueue: class java.util.concurrent.LinkedBlockingQueue, queueCapacity: 2000, scheduler: class org.apache.hadoop.ipc.DefaultRpcScheduler, ipcBackoff: false.
2019-10-04 00:25:28,450 [Socket Reader #1 for port 36754] INFO  ipc.Server (Server.java:run(1074)) - Starting Socket Reader #1 for port 36754
2019-10-04 00:25:28,465 [main] INFO  om.OzoneManager (OzoneManager.java:start(1069)) - OzoneManager RPC server is listening at localhost/127.0.0.1:36754
2019-10-04 00:25:28,466 [main] INFO  impl.MetricsSystemImpl (MetricsSystemImpl.java:init(158)) - OzoneManager metrics system started (again)
2019-10-04 00:25:28,466 [IPC Server Responder] INFO  ipc.Server (Server.java:run(1314)) - IPC Server Responder: starting
2019-10-04 00:25:28,467 [IPC Server listener on 36754] INFO  ipc.Server (Server.java:run(1153)) - IPC Server listener on 36754: starting
2019-10-04 00:25:28,475 [main] INFO  hdfs.DFSUtil (DFSUtil.java:httpServerTemplateForNNAndJN(1641)) - Starting Web-server for ozoneManager at: http://0.0.0.0:0
2019-10-04 00:25:28,477 [main] INFO  server.AuthenticationFilter (AuthenticationFilter.java:constructSecretProvider(240)) - Unable to initialize FileSignerSecretProvider, falling back to use random secrets.
2019-10-04 00:25:28,478 [main] WARN  http.HttpRequestLog (HttpRequestLog.java:getRequestLog(97)) - Jetty request log can only be enabled using Log4j
2019-10-04 00:25:28,480 [main] INFO  http.HttpServer2 (HttpServer2.java:addGlobalFilter(975)) - Added global filter 'safety' (class=org.apache.hadoop.http.HttpServer2$QuotingInputFilter)
2019-10-04 00:25:28,481 [main] INFO  http.HttpServer2 (HttpServer2.java:addFilter(948)) - Added filter static_user_filter (class=org.apache.hadoop.http.lib.StaticUserWebFilter$StaticUserFilter) to context ozoneManager
2019-10-04 00:25:28,481 [main] INFO  http.HttpServer2 (HttpServer2.java:addFilter(958)) - Added filter static_user_filter (class=org.apache.hadoop.http.lib.StaticUserWebFilter$StaticUserFilter) to context static
2019-10-04 00:25:28,482 [main] INFO  http.HttpServer2 (HttpServer2.java:addFilter(958)) - Added filter static_user_filter (class=org.apache.hadoop.http.lib.StaticUserWebFilter$StaticUserFilter) to context logs
2019-10-04 00:25:28,483 [main] INFO  http.HttpServer2 (HttpServer2.java:bindListener(1191)) - Jetty bound to port 37349
2019-10-04 00:25:28,483 [main] INFO  server.Server (Server.java:doStart(351)) - jetty-9.3.25.v20180904, build timestamp: 2018-09-04T21:11:46Z, git hash: 3ce520221d0240229c862b122d2b06c12a625732
2019-10-04 00:25:28,485 [main] INFO  handler.ContextHandler (ContextHandler.java:doStart(781)) - Started o.e.j.s.ServletContextHandler@4aed311e{/logs,file:///workdir/hadoop-ozone/integration-test/target/log,AVAILABLE}
2019-10-04 00:25:28,486 [main] INFO  handler.ContextHandler (ContextHandler.java:doStart(781)) - Started o.e.j.s.ServletContextHandler@7ddcb0dc{/static,file:///workdir/hadoop-ozone/integration-test/target/test-classes/webapps/static,AVAILABLE}
2019-10-04 00:25:28,491 [main] INFO  handler.ContextHandler (ContextHandler.java:doStart(781)) - Started o.e.j.w.WebAppContext@6806468e{/,file:///workdir/hadoop-ozone/integration-test/target/test-classes/webapps/ozoneManager/,AVAILABLE}{/ozoneManager}
2019-10-04 00:25:28,491 [main] INFO  server.AbstractConnector (AbstractConnector.java:doStart(278)) - Started ServerConnector@3c7b137a{HTTP/1.1,[http/1.1]}{0.0.0.0:37349}
2019-10-04 00:25:28,494 [main] INFO  server.Server (Server.java:doStart(419)) - Started @199985ms
2019-10-04 00:25:28,494 [main] WARN  impl.MetricsSystemImpl (MetricsSystemImpl.java:register(276)) - Sink prometheus already exists!
2019-10-04 00:25:28,497 [main] INFO  server.BaseHttpServer (BaseHttpServer.java:updateConnectorAddress(215)) - HTTP server of OZONEMANAGER is listening at http://0.0.0.0:37349
2019-10-04 00:25:28,516 [main] INFO  impl.MetricsSystemImpl (MetricsSystemImpl.java:init(158)) - HddsDatanode metrics system started (again)
2019-10-04 00:25:28,539 [main] INFO  ozone.HddsDatanodeService (HddsDatanodeService.java:start(184)) - HddsDatanodeService host:pr-hdds-1986-2jrbz-1673272497 ip:192.168.151.76
2019-10-04 00:25:28,550 [main] INFO  volume.HddsVolume (HddsVolume.java:<init>(176)) - Creating Volume: /workdir/hadoop-ozone/integration-test/target/test-dir/MiniOzoneClusterImpl-f265c1b8-30a7-4229-a4f9-ba2aa99dfb7c/datanode-0/data/containers/hdds of  storage type : DISK and capacity : 1482555576320
2019-10-04 00:25:28,551 [main] INFO  volume.VolumeSet (VolumeSet.java:initializeVolumeSet(170)) - Added Volume : /workdir/hadoop-ozone/integration-test/target/test-dir/MiniOzoneClusterImpl-f265c1b8-30a7-4229-a4f9-ba2aa99dfb7c/datanode-0/data/containers/hdds to VolumeSet
2019-10-04 00:25:28,551 [main] INFO  volume.ThrottledAsyncChecker (ThrottledAsyncChecker.java:schedule(139)) - Scheduling a check for org.apache.hadoop.ozone.container.common.volume.HddsVolume@5a4d4f9c
2019-10-04 00:25:28,552 [main] INFO  volume.HddsVolumeChecker (HddsVolumeChecker.java:checkAllVolumes(202)) - Scheduled health check for volume org.apache.hadoop.ozone.container.common.volume.HddsVolume@5a4d4f9c
2019-10-04 00:25:28,569 [main] INFO  impl.RaftServerProxy (ConfUtils.java:logGet(43)) - raft.rpc.type = GRPC (default)
2019-10-04 00:25:28,570 [main] INFO  grpc.GrpcFactory (GrpcFactory.java:checkPooledByteBufAllocatorUseCacheForAllThreads(45)) - PERFORMANCE WARNING: useCacheForAllThreads is true that may cause Netty to create a lot garbage objects and, as a result, trigger GC.
	It is recommended to disable useCacheForAllThreads by setting -Dorg.apache.ratis.thirdparty.io.netty.allocator.useCacheForAllThreads=false in command line.
2019-10-04 00:25:28,570 [main] INFO  grpc.GrpcConfigKeys$Server (ConfUtils.java:logGet(43)) - raft.grpc.server.port = 0 (default)
2019-10-04 00:25:28,570 [main] INFO  server.GrpcService (ConfUtils.java:logGet(43)) - raft.grpc.message.size.max = 33570816 (custom)
2019-10-04 00:25:28,570 [main] INFO  server.RaftServerConfigKeys (ConfUtils.java:logGet(43)) - raft.server.log.appender.buffer.byte-limit = 33554432 (custom)
2019-10-04 00:25:28,570 [main] INFO  server.GrpcService (ConfUtils.java:logGet(43)) - raft.grpc.flow.control.window = 1MB (=1048576) (default)
2019-10-04 00:25:28,571 [main] INFO  server.RaftServerConfigKeys (ConfUtils.java:logGet(43)) - raft.server.rpc.request.timeout = 3000ms (default)
2019-10-04 00:25:28,571 [main] INFO  server.RaftServerConfigKeys (ConfUtils.java:logGet(43)) - raft.server.storage.dir = [/workdir/hadoop-ozone/integration-test/target/test-dir/MiniOzoneClusterImpl-f265c1b8-30a7-4229-a4f9-ba2aa99dfb7c/datanode-0/data/ratis] (custom)
2019-10-04 00:25:28,573 [main] INFO  hdfs.DFSUtil (DFSUtil.java:httpServerTemplateForNNAndJN(1641)) - Starting Web-server for hddsDatanode at: http://0.0.0.0:0
2019-10-04 00:25:28,574 [main] INFO  server.AuthenticationFilter (AuthenticationFilter.java:constructSecretProvider(240)) - Unable to initialize FileSignerSecretProvider, falling back to use random secrets.
2019-10-04 00:25:28,574 [main] WARN  http.HttpRequestLog (HttpRequestLog.java:getRequestLog(97)) - Jetty request log can only be enabled using Log4j
2019-10-04 00:25:28,576 [main] INFO  http.HttpServer2 (HttpServer2.java:addGlobalFilter(975)) - Added global filter 'safety' (class=org.apache.hadoop.http.HttpServer2$QuotingInputFilter)
2019-10-04 00:25:28,576 [main] INFO  http.HttpServer2 (HttpServer2.java:addFilter(948)) - Added filter static_user_filter (class=org.apache.hadoop.http.lib.StaticUserWebFilter$StaticUserFilter) to context hddsDatanode
2019-10-04 00:25:28,576 [main] INFO  http.HttpServer2 (HttpServer2.java:addFilter(958)) - Added filter static_user_filter (class=org.apache.hadoop.http.lib.StaticUserWebFilter$StaticUserFilter) to context logs
2019-10-04 00:25:28,577 [main] INFO  http.HttpServer2 (HttpServer2.java:addFilter(958)) - Added filter static_user_filter (class=org.apache.hadoop.http.lib.StaticUserWebFilter$StaticUserFilter) to context static
2019-10-04 00:25:28,577 [main] INFO  http.HttpServer2 (HttpServer2.java:bindListener(1191)) - Jetty bound to port 38273
2019-10-04 00:25:28,578 [main] INFO  server.Server (Server.java:doStart(351)) - jetty-9.3.25.v20180904, build timestamp: 2018-09-04T21:11:46Z, git hash: 3ce520221d0240229c862b122d2b06c12a625732
2019-10-04 00:25:28,579 [main] INFO  handler.ContextHandler (ContextHandler.java:doStart(781)) - Started o.e.j.s.ServletContextHandler@1ee5632d{/logs,file:///workdir/hadoop-ozone/integration-test/target/log,AVAILABLE}
2019-10-04 00:25:28,580 [main] INFO  handler.ContextHandler (ContextHandler.java:doStart(781)) - Started o.e.j.s.ServletContextHandler@563ccd31{/static,jar:file:/home/user/.m2/repository/org/apache/hadoop/hadoop-hdds-container-service/0.5.0-SNAPSHOT/hadoop-hdds-container-service-0.5.0-SNAPSHOT.jar!/webapps/static,AVAILABLE}
2019-10-04 00:25:28,609 [main] INFO  handler.ContextHandler (ContextHandler.java:doStart(781)) - Started o.e.j.w.WebAppContext@257f30f7{/,file:///tmp/jetty-0.0.0.0-38273-hddsDatanode-_-any-255614684888652323.dir/webapp/,AVAILABLE}{/hddsDatanode}
2019-10-04 00:25:28,609 [main] INFO  server.AbstractConnector (AbstractConnector.java:doStart(278)) - Started ServerConnector@3fde2209{HTTP/1.1,[http/1.1]}{0.0.0.0:38273}
2019-10-04 00:25:28,614 [main] INFO  server.Server (Server.java:doStart(419)) - Started @200104ms
2019-10-04 00:25:28,614 [main] WARN  impl.MetricsSystemImpl (MetricsSystemImpl.java:register(276)) - Sink prometheus already exists!
2019-10-04 00:25:28,615 [main] INFO  server.BaseHttpServer (BaseHttpServer.java:updateConnectorAddress(215)) - HTTP server of HDDSDATANODE is listening at http://0.0.0.0:38273
2019-10-04 00:25:28,615 [main] INFO  impl.MetricsSystemImpl (MetricsSystemImpl.java:init(158)) - HddsDatanode metrics system started (again)
2019-10-04 00:25:28,632 [org.apache.hadoop.util.JvmPauseMonitor$Monitor@45d5a301] INFO  util.JvmPauseMonitor (JvmPauseMonitor.java:run(188)) - Starting JVM pause monitor
2019-10-04 00:25:28,634 [main] INFO  ozone.HddsDatanodeService (HddsDatanodeService.java:start(184)) - HddsDatanodeService host:pr-hdds-1986-2jrbz-1673272497 ip:192.168.151.76
2019-10-04 00:25:28,634 [Datanode State Machine Thread - 0] INFO  datanode.InitDatanodeState (InitDatanodeState.java:persistContainerDatanodeDetails(140)) - DatanodeDetails is persisted to /workdir/hadoop-ozone/integration-test/target/test-dir/MiniOzoneClusterImpl-f265c1b8-30a7-4229-a4f9-ba2aa99dfb7c/datanode-0/meta/datanode.id
2019-10-04 00:25:28,645 [main] INFO  volume.HddsVolume (HddsVolume.java:<init>(176)) - Creating Volume: /workdir/hadoop-ozone/integration-test/target/test-dir/MiniOzoneClusterImpl-f265c1b8-30a7-4229-a4f9-ba2aa99dfb7c/datanode-1/data/containers/hdds of  storage type : DISK and capacity : 1482555576320
2019-10-04 00:25:28,645 [main] INFO  volume.VolumeSet (VolumeSet.java:initializeVolumeSet(170)) - Added Volume : /workdir/hadoop-ozone/integration-test/target/test-dir/MiniOzoneClusterImpl-f265c1b8-30a7-4229-a4f9-ba2aa99dfb7c/datanode-1/data/containers/hdds to VolumeSet
2019-10-04 00:25:28,646 [main] INFO  volume.ThrottledAsyncChecker (ThrottledAsyncChecker.java:schedule(139)) - Scheduling a check for org.apache.hadoop.ozone.container.common.volume.HddsVolume@4ef18604
2019-10-04 00:25:28,646 [main] INFO  volume.HddsVolumeChecker (HddsVolumeChecker.java:checkAllVolumes(202)) - Scheduled health check for volume org.apache.hadoop.ozone.container.common.volume.HddsVolume@4ef18604
2019-10-04 00:25:28,664 [main] INFO  impl.RaftServerProxy (ConfUtils.java:logGet(43)) - raft.rpc.type = GRPC (default)
2019-10-04 00:25:28,664 [main] INFO  grpc.GrpcFactory (GrpcFactory.java:checkPooledByteBufAllocatorUseCacheForAllThreads(45)) - PERFORMANCE WARNING: useCacheForAllThreads is true that may cause Netty to create a lot garbage objects and, as a result, trigger GC.
	It is recommended to disable useCacheForAllThreads by setting -Dorg.apache.ratis.thirdparty.io.netty.allocator.useCacheForAllThreads=false in command line.
2019-10-04 00:25:28,665 [main] INFO  grpc.GrpcConfigKeys$Server (ConfUtils.java:logGet(43)) - raft.grpc.server.port = 0 (default)
2019-10-04 00:25:28,665 [main] INFO  server.GrpcService (ConfUtils.java:logGet(43)) - raft.grpc.message.size.max = 33570816 (custom)
2019-10-04 00:25:28,665 [main] INFO  server.RaftServerConfigKeys (ConfUtils.java:logGet(43)) - raft.server.log.appender.buffer.byte-limit = 33554432 (custom)
2019-10-04 00:25:28,665 [main] INFO  server.GrpcService (ConfUtils.java:logGet(43)) - raft.grpc.flow.control.window = 1MB (=1048576) (default)
2019-10-04 00:25:28,665 [main] INFO  server.RaftServerConfigKeys (ConfUtils.java:logGet(43)) - raft.server.rpc.request.timeout = 3000ms (default)
2019-10-04 00:25:28,666 [main] INFO  server.RaftServerConfigKeys (ConfUtils.java:logGet(43)) - raft.server.storage.dir = [/workdir/hadoop-ozone/integration-test/target/test-dir/MiniOzoneClusterImpl-f265c1b8-30a7-4229-a4f9-ba2aa99dfb7c/datanode-1/data/ratis] (custom)
2019-10-04 00:25:28,667 [main] INFO  hdfs.DFSUtil (DFSUtil.java:httpServerTemplateForNNAndJN(1641)) - Starting Web-server for hddsDatanode at: http://0.0.0.0:0
2019-10-04 00:25:28,668 [main] INFO  server.AuthenticationFilter (AuthenticationFilter.java:constructSecretProvider(240)) - Unable to initialize FileSignerSecretProvider, falling back to use random secrets.
2019-10-04 00:25:28,669 [main] WARN  http.HttpRequestLog (HttpRequestLog.java:getRequestLog(97)) - Jetty request log can only be enabled using Log4j
2019-10-04 00:25:28,670 [main] INFO  http.HttpServer2 (HttpServer2.java:addGlobalFilter(975)) - Added global filter 'safety' (class=org.apache.hadoop.http.HttpServer2$QuotingInputFilter)
2019-10-04 00:25:28,671 [main] INFO  http.HttpServer2 (HttpServer2.java:addFilter(948)) - Added filter static_user_filter (class=org.apache.hadoop.http.lib.StaticUserWebFilter$StaticUserFilter) to context hddsDatanode
2019-10-04 00:25:28,671 [main] INFO  http.HttpServer2 (HttpServer2.java:addFilter(958)) - Added filter static_user_filter (class=org.apache.hadoop.http.lib.StaticUserWebFilter$StaticUserFilter) to context static
2019-10-04 00:25:28,671 [main] INFO  http.HttpServer2 (HttpServer2.java:addFilter(958)) - Added filter static_user_filter (class=org.apache.hadoop.http.lib.StaticUserWebFilter$StaticUserFilter) to context logs
2019-10-04 00:25:28,672 [main] INFO  http.HttpServer2 (HttpServer2.java:bindListener(1191)) - Jetty bound to port 37315
2019-10-04 00:25:28,672 [main] INFO  server.Server (Server.java:doStart(351)) - jetty-9.3.25.v20180904, build timestamp: 2018-09-04T21:11:46Z, git hash: 3ce520221d0240229c862b122d2b06c12a625732
2019-10-04 00:25:28,673 [main] INFO  handler.ContextHandler (ContextHandler.java:doStart(781)) - Started o.e.j.s.ServletContextHandler@6544899b{/logs,file:///workdir/hadoop-ozone/integration-test/target/log,AVAILABLE}
2019-10-04 00:25:28,674 [main] INFO  handler.ContextHandler (ContextHandler.java:doStart(781)) - Started o.e.j.s.ServletContextHandler@1bd8afc8{/static,jar:file:/home/user/.m2/repository/org/apache/hadoop/hadoop-hdds-container-service/0.5.0-SNAPSHOT/hadoop-hdds-container-service-0.5.0-SNAPSHOT.jar!/webapps/static,AVAILABLE}
2019-10-04 00:25:28,702 [main] INFO  handler.ContextHandler (ContextHandler.java:doStart(781)) - Started o.e.j.w.WebAppContext@256bb5be{/,file:///tmp/jetty-0.0.0.0-37315-hddsDatanode-_-any-8776567495863466118.dir/webapp/,AVAILABLE}{/hddsDatanode}
2019-10-04 00:25:28,703 [main] INFO  server.AbstractConnector (AbstractConnector.java:doStart(278)) - Started ServerConnector@5fef0c19{HTTP/1.1,[http/1.1]}{0.0.0.0:37315}
2019-10-04 00:25:28,707 [main] INFO  server.Server (Server.java:doStart(419)) - Started @200197ms
2019-10-04 00:25:28,707 [main] WARN  impl.MetricsSystemImpl (MetricsSystemImpl.java:register(276)) - Sink prometheus already exists!
2019-10-04 00:25:28,708 [main] INFO  server.BaseHttpServer (BaseHttpServer.java:updateConnectorAddress(215)) - HTTP server of HDDSDATANODE is listening at http://0.0.0.0:37315
2019-10-04 00:25:28,708 [main] INFO  impl.MetricsSystemImpl (MetricsSystemImpl.java:init(158)) - HddsDatanode metrics system started (again)
2019-10-04 00:25:28,725 [org.apache.hadoop.util.JvmPauseMonitor$Monitor@4fcd9] INFO  util.JvmPauseMonitor (JvmPauseMonitor.java:run(188)) - Starting JVM pause monitor
2019-10-04 00:25:28,727 [Datanode State Machine Thread - 0] INFO  datanode.InitDatanodeState (InitDatanodeState.java:persistContainerDatanodeDetails(140)) - DatanodeDetails is persisted to /workdir/hadoop-ozone/integration-test/target/test-dir/MiniOzoneClusterImpl-f265c1b8-30a7-4229-a4f9-ba2aa99dfb7c/datanode-1/meta/datanode.id
2019-10-04 00:25:28,727 [main] INFO  ozone.HddsDatanodeService (HddsDatanodeService.java:start(184)) - HddsDatanodeService host:pr-hdds-1986-2jrbz-1673272497 ip:192.168.151.76
2019-10-04 00:25:28,730 [grpc-default-executor-5] WARN  server.GrpcLogAppender (LogUtils.java:warn(134)) - 71330204-bca2-4e99-8f93-d549681827cf@group-50998A96B5E1->28c32f69-b092-44d1-8318-359d0ad59249-AppendLogResponseHandler: Failed appendEntries: org.apache.ratis.thirdparty.io.grpc.StatusRuntimeException: UNAVAILABLE: io exception
2019-10-04 00:25:28,730 [grpc-default-executor-0] WARN  server.GrpcLogAppender (LogUtils.java:warn(134)) - 71330204-bca2-4e99-8f93-d549681827cf@group-50998A96B5E1->77785bd1-e3fa-40ee-837b-c5096ff73ca9-AppendLogResponseHandler: Failed appendEntries: org.apache.ratis.thirdparty.io.grpc.StatusRuntimeException: UNAVAILABLE: io exception
2019-10-04 00:25:28,731 [grpc-default-executor-5] INFO  impl.FollowerInfo (FollowerInfo.java:lambda$new$0(51)) - 71330204-bca2-4e99-8f93-d549681827cf@group-50998A96B5E1->28c32f69-b092-44d1-8318-359d0ad59249: nextIndex: updateUnconditionally 0 -> 0
2019-10-04 00:25:28,731 [grpc-default-executor-0] INFO  impl.FollowerInfo (FollowerInfo.java:lambda$new$0(51)) - 71330204-bca2-4e99-8f93-d549681827cf@group-50998A96B5E1->77785bd1-e3fa-40ee-837b-c5096ff73ca9: nextIndex: updateUnconditionally 0 -> 0
2019-10-04 00:25:28,737 [main] INFO  volume.HddsVolume (HddsVolume.java:<init>(176)) - Creating Volume: /workdir/hadoop-ozone/integration-test/target/test-dir/MiniOzoneClusterImpl-f265c1b8-30a7-4229-a4f9-ba2aa99dfb7c/datanode-2/data/containers/hdds of  storage type : DISK and capacity : 1482555576320
2019-10-04 00:25:28,738 [main] INFO  volume.VolumeSet (VolumeSet.java:initializeVolumeSet(170)) - Added Volume : /workdir/hadoop-ozone/integration-test/target/test-dir/MiniOzoneClusterImpl-f265c1b8-30a7-4229-a4f9-ba2aa99dfb7c/datanode-2/data/containers/hdds to VolumeSet
2019-10-04 00:25:28,738 [main] INFO  volume.ThrottledAsyncChecker (ThrottledAsyncChecker.java:schedule(139)) - Scheduling a check for org.apache.hadoop.ozone.container.common.volume.HddsVolume@50598a1a
2019-10-04 00:25:28,738 [main] INFO  volume.HddsVolumeChecker (HddsVolumeChecker.java:checkAllVolumes(202)) - Scheduled health check for volume org.apache.hadoop.ozone.container.common.volume.HddsVolume@50598a1a
2019-10-04 00:25:28,752 [main] INFO  impl.RaftServerProxy (ConfUtils.java:logGet(43)) - raft.rpc.type = GRPC (default)
2019-10-04 00:25:28,752 [main] INFO  grpc.GrpcFactory (GrpcFactory.java:checkPooledByteBufAllocatorUseCacheForAllThreads(45)) - PERFORMANCE WARNING: useCacheForAllThreads is true that may cause Netty to create a lot garbage objects and, as a result, trigger GC.
	It is recommended to disable useCacheForAllThreads by setting -Dorg.apache.ratis.thirdparty.io.netty.allocator.useCacheForAllThreads=false in command line.
2019-10-04 00:25:28,753 [main] INFO  grpc.GrpcConfigKeys$Server (ConfUtils.java:logGet(43)) - raft.grpc.server.port = 0 (default)
2019-10-04 00:25:28,753 [main] INFO  server.GrpcService (ConfUtils.java:logGet(43)) - raft.grpc.message.size.max = 33570816 (custom)
2019-10-04 00:25:28,753 [main] INFO  server.RaftServerConfigKeys (ConfUtils.java:logGet(43)) - raft.server.log.appender.buffer.byte-limit = 33554432 (custom)
2019-10-04 00:25:28,753 [main] INFO  server.GrpcService (ConfUtils.java:logGet(43)) - raft.grpc.flow.control.window = 1MB (=1048576) (default)
2019-10-04 00:25:28,753 [main] INFO  server.RaftServerConfigKeys (ConfUtils.java:logGet(43)) - raft.server.rpc.request.timeout = 3000ms (default)
2019-10-04 00:25:28,754 [main] INFO  server.RaftServerConfigKeys (ConfUtils.java:logGet(43)) - raft.server.storage.dir = [/workdir/hadoop-ozone/integration-test/target/test-dir/MiniOzoneClusterImpl-f265c1b8-30a7-4229-a4f9-ba2aa99dfb7c/datanode-2/data/ratis] (custom)
2019-10-04 00:25:28,755 [main] INFO  hdfs.DFSUtil (DFSUtil.java:httpServerTemplateForNNAndJN(1641)) - Starting Web-server for hddsDatanode at: http://0.0.0.0:0
2019-10-04 00:25:28,756 [main] INFO  server.AuthenticationFilter (AuthenticationFilter.java:constructSecretProvider(240)) - Unable to initialize FileSignerSecretProvider, falling back to use random secrets.
2019-10-04 00:25:28,756 [main] WARN  http.HttpRequestLog (HttpRequestLog.java:getRequestLog(97)) - Jetty request log can only be enabled using Log4j
2019-10-04 00:25:28,758 [main] INFO  http.HttpServer2 (HttpServer2.java:addGlobalFilter(975)) - Added global filter 'safety' (class=org.apache.hadoop.http.HttpServer2$QuotingInputFilter)
2019-10-04 00:25:28,758 [main] INFO  http.HttpServer2 (HttpServer2.java:addFilter(948)) - Added filter static_user_filter (class=org.apache.hadoop.http.lib.StaticUserWebFilter$StaticUserFilter) to context hddsDatanode
2019-10-04 00:25:28,758 [main] INFO  http.HttpServer2 (HttpServer2.java:addFilter(958)) - Added filter static_user_filter (class=org.apache.hadoop.http.lib.StaticUserWebFilter$StaticUserFilter) to context logs
2019-10-04 00:25:28,758 [main] INFO  http.HttpServer2 (HttpServer2.java:addFilter(958)) - Added filter static_user_filter (class=org.apache.hadoop.http.lib.StaticUserWebFilter$StaticUserFilter) to context static
2019-10-04 00:25:28,759 [main] INFO  http.HttpServer2 (HttpServer2.java:bindListener(1191)) - Jetty bound to port 35060
2019-10-04 00:25:28,759 [main] INFO  server.Server (Server.java:doStart(351)) - jetty-9.3.25.v20180904, build timestamp: 2018-09-04T21:11:46Z, git hash: 3ce520221d0240229c862b122d2b06c12a625732
2019-10-04 00:25:28,761 [main] INFO  handler.ContextHandler (ContextHandler.java:doStart(781)) - Started o.e.j.s.ServletContextHandler@8b13d91{/logs,file:///workdir/hadoop-ozone/integration-test/target/log,AVAILABLE}
2019-10-04 00:25:28,761 [main] INFO  handler.ContextHandler (ContextHandler.java:doStart(781)) - Started o.e.j.s.ServletContextHandler@2589d787{/static,jar:file:/home/user/.m2/repository/org/apache/hadoop/hadoop-hdds-container-service/0.5.0-SNAPSHOT/hadoop-hdds-container-service-0.5.0-SNAPSHOT.jar!/webapps/static,AVAILABLE}
2019-10-04 00:25:28,790 [main] INFO  handler.ContextHandler (ContextHandler.java:doStart(781)) - Started o.e.j.w.WebAppContext@6cbb7a7d{/,file:///tmp/jetty-0.0.0.0-35060-hddsDatanode-_-any-5533468321435400872.dir/webapp/,AVAILABLE}{/hddsDatanode}
2019-10-04 00:25:28,790 [main] INFO  server.AbstractConnector (AbstractConnector.java:doStart(278)) - Started ServerConnector@cdb3c85{HTTP/1.1,[http/1.1]}{0.0.0.0:35060}
2019-10-04 00:25:28,794 [main] INFO  server.Server (Server.java:doStart(419)) - Started @200285ms
2019-10-04 00:25:28,794 [main] WARN  impl.MetricsSystemImpl (MetricsSystemImpl.java:register(276)) - Sink prometheus already exists!
2019-10-04 00:25:28,795 [main] INFO  server.BaseHttpServer (BaseHttpServer.java:updateConnectorAddress(215)) - HTTP server of HDDSDATANODE is listening at http://0.0.0.0:35060
2019-10-04 00:25:28,795 [main] INFO  impl.MetricsSystemImpl (MetricsSystemImpl.java:init(158)) - HddsDatanode metrics system started (again)
2019-10-04 00:25:28,814 [org.apache.hadoop.util.JvmPauseMonitor$Monitor@7cb4796c] INFO  util.JvmPauseMonitor (JvmPauseMonitor.java:run(188)) - Starting JVM pause monitor
2019-10-04 00:25:28,815 [Datanode State Machine Thread - 0] INFO  datanode.InitDatanodeState (InitDatanodeState.java:persistContainerDatanodeDetails(140)) - DatanodeDetails is persisted to /workdir/hadoop-ozone/integration-test/target/test-dir/MiniOzoneClusterImpl-f265c1b8-30a7-4229-a4f9-ba2aa99dfb7c/datanode-2/meta/datanode.id
2019-10-04 00:25:28,815 [main] INFO  ozone.HddsDatanodeService (HddsDatanodeService.java:start(184)) - HddsDatanodeService host:pr-hdds-1986-2jrbz-1673272497 ip:192.168.151.76
2019-10-04 00:25:28,825 [main] INFO  volume.HddsVolume (HddsVolume.java:<init>(176)) - Creating Volume: /workdir/hadoop-ozone/integration-test/target/test-dir/MiniOzoneClusterImpl-f265c1b8-30a7-4229-a4f9-ba2aa99dfb7c/datanode-3/data/containers/hdds of  storage type : DISK and capacity : 1482555576320
2019-10-04 00:25:28,826 [main] INFO  volume.VolumeSet (VolumeSet.java:initializeVolumeSet(170)) - Added Volume : /workdir/hadoop-ozone/integration-test/target/test-dir/MiniOzoneClusterImpl-f265c1b8-30a7-4229-a4f9-ba2aa99dfb7c/datanode-3/data/containers/hdds to VolumeSet
2019-10-04 00:25:28,826 [main] INFO  volume.ThrottledAsyncChecker (ThrottledAsyncChecker.java:schedule(139)) - Scheduling a check for org.apache.hadoop.ozone.container.common.volume.HddsVolume@34279b8a
2019-10-04 00:25:28,826 [main] INFO  volume.HddsVolumeChecker (HddsVolumeChecker.java:checkAllVolumes(202)) - Scheduled health check for volume org.apache.hadoop.ozone.container.common.volume.HddsVolume@34279b8a
2019-10-04 00:25:28,840 [main] INFO  impl.RaftServerProxy (ConfUtils.java:logGet(43)) - raft.rpc.type = GRPC (default)
2019-10-04 00:25:28,840 [main] INFO  grpc.GrpcFactory (GrpcFactory.java:checkPooledByteBufAllocatorUseCacheForAllThreads(45)) - PERFORMANCE WARNING: useCacheForAllThreads is true that may cause Netty to create a lot garbage objects and, as a result, trigger GC.
	It is recommended to disable useCacheForAllThreads by setting -Dorg.apache.ratis.thirdparty.io.netty.allocator.useCacheForAllThreads=false in command line.
2019-10-04 00:25:28,841 [main] INFO  grpc.GrpcConfigKeys$Server (ConfUtils.java:logGet(43)) - raft.grpc.server.port = 0 (default)
2019-10-04 00:25:28,841 [main] INFO  server.GrpcService (ConfUtils.java:logGet(43)) - raft.grpc.message.size.max = 33570816 (custom)
2019-10-04 00:25:28,841 [main] INFO  server.RaftServerConfigKeys (ConfUtils.java:logGet(43)) - raft.server.log.appender.buffer.byte-limit = 33554432 (custom)
2019-10-04 00:25:28,841 [main] INFO  server.GrpcService (ConfUtils.java:logGet(43)) - raft.grpc.flow.control.window = 1MB (=1048576) (default)
2019-10-04 00:25:28,841 [main] INFO  server.RaftServerConfigKeys (ConfUtils.java:logGet(43)) - raft.server.rpc.request.timeout = 3000ms (default)
2019-10-04 00:25:28,842 [main] INFO  server.RaftServerConfigKeys (ConfUtils.java:logGet(43)) - raft.server.storage.dir = [/workdir/hadoop-ozone/integration-test/target/test-dir/MiniOzoneClusterImpl-f265c1b8-30a7-4229-a4f9-ba2aa99dfb7c/datanode-3/data/ratis] (custom)
2019-10-04 00:25:28,843 [main] INFO  hdfs.DFSUtil (DFSUtil.java:httpServerTemplateForNNAndJN(1641)) - Starting Web-server for hddsDatanode at: http://0.0.0.0:0
2019-10-04 00:25:28,844 [main] INFO  server.AuthenticationFilter (AuthenticationFilter.java:constructSecretProvider(240)) - Unable to initialize FileSignerSecretProvider, falling back to use random secrets.
2019-10-04 00:25:28,845 [main] WARN  http.HttpRequestLog (HttpRequestLog.java:getRequestLog(97)) - Jetty request log can only be enabled using Log4j
2019-10-04 00:25:28,846 [main] INFO  http.HttpServer2 (HttpServer2.java:addGlobalFilter(975)) - Added global filter 'safety' (class=org.apache.hadoop.http.HttpServer2$QuotingInputFilter)
2019-10-04 00:25:28,846 [main] INFO  http.HttpServer2 (HttpServer2.java:addFilter(948)) - Added filter static_user_filter (class=org.apache.hadoop.http.lib.StaticUserWebFilter$StaticUserFilter) to context hddsDatanode
2019-10-04 00:25:28,847 [main] INFO  http.HttpServer2 (HttpServer2.java:addFilter(958)) - Added filter static_user_filter (class=org.apache.hadoop.http.lib.StaticUserWebFilter$StaticUserFilter) to context static
2019-10-04 00:25:28,847 [main] INFO  http.HttpServer2 (HttpServer2.java:addFilter(958)) - Added filter static_user_filter (class=org.apache.hadoop.http.lib.StaticUserWebFilter$StaticUserFilter) to context logs
2019-10-04 00:25:28,847 [main] INFO  http.HttpServer2 (HttpServer2.java:bindListener(1191)) - Jetty bound to port 45767
2019-10-04 00:25:28,848 [main] INFO  server.Server (Server.java:doStart(351)) - jetty-9.3.25.v20180904, build timestamp: 2018-09-04T21:11:46Z, git hash: 3ce520221d0240229c862b122d2b06c12a625732
2019-10-04 00:25:28,849 [main] INFO  handler.ContextHandler (ContextHandler.java:doStart(781)) - Started o.e.j.s.ServletContextHandler@69a40b3c{/logs,file:///workdir/hadoop-ozone/integration-test/target/log,AVAILABLE}
2019-10-04 00:25:28,850 [main] INFO  handler.ContextHandler (ContextHandler.java:doStart(781)) - Started o.e.j.s.ServletContextHandler@6629643d{/static,jar:file:/home/user/.m2/repository/org/apache/hadoop/hadoop-hdds-container-service/0.5.0-SNAPSHOT/hadoop-hdds-container-service-0.5.0-SNAPSHOT.jar!/webapps/static,AVAILABLE}
2019-10-04 00:25:28,878 [main] INFO  handler.ContextHandler (ContextHandler.java:doStart(781)) - Started o.e.j.w.WebAppContext@2725ca05{/,file:///tmp/jetty-0.0.0.0-45767-hddsDatanode-_-any-1987911083231913056.dir/webapp/,AVAILABLE}{/hddsDatanode}
2019-10-04 00:25:28,878 [main] INFO  server.AbstractConnector (AbstractConnector.java:doStart(278)) - Started ServerConnector@7b9088f2{HTTP/1.1,[http/1.1]}{0.0.0.0:45767}
2019-10-04 00:25:28,883 [main] INFO  server.Server (Server.java:doStart(419)) - Started @200373ms
2019-10-04 00:25:28,883 [main] WARN  impl.MetricsSystemImpl (MetricsSystemImpl.java:register(276)) - Sink prometheus already exists!
2019-10-04 00:25:28,884 [main] INFO  server.BaseHttpServer (BaseHttpServer.java:updateConnectorAddress(215)) - HTTP server of HDDSDATANODE is listening at http://0.0.0.0:45767
2019-10-04 00:25:28,884 [main] INFO  impl.MetricsSystemImpl (MetricsSystemImpl.java:init(158)) - HddsDatanode metrics system started (again)
2019-10-04 00:25:28,906 [org.apache.hadoop.util.JvmPauseMonitor$Monitor@1b4d68e8] INFO  util.JvmPauseMonitor (JvmPauseMonitor.java:run(188)) - Starting JVM pause monitor
2019-10-04 00:25:28,907 [Datanode State Machine Thread - 0] INFO  datanode.InitDatanodeState (InitDatanodeState.java:persistContainerDatanodeDetails(140)) - DatanodeDetails is persisted to /workdir/hadoop-ozone/integration-test/target/test-dir/MiniOzoneClusterImpl-f265c1b8-30a7-4229-a4f9-ba2aa99dfb7c/datanode-3/meta/datanode.id
2019-10-04 00:25:28,908 [main] INFO  ozone.HddsDatanodeService (HddsDatanodeService.java:start(184)) - HddsDatanodeService host:pr-hdds-1986-2jrbz-1673272497 ip:192.168.151.76
2019-10-04 00:25:28,917 [main] INFO  volume.HddsVolume (HddsVolume.java:<init>(176)) - Creating Volume: /workdir/hadoop-ozone/integration-test/target/test-dir/MiniOzoneClusterImpl-f265c1b8-30a7-4229-a4f9-ba2aa99dfb7c/datanode-4/data/containers/hdds of  storage type : DISK and capacity : 1482555576320
2019-10-04 00:25:28,918 [main] INFO  volume.VolumeSet (VolumeSet.java:initializeVolumeSet(170)) - Added Volume : /workdir/hadoop-ozone/integration-test/target/test-dir/MiniOzoneClusterImpl-f265c1b8-30a7-4229-a4f9-ba2aa99dfb7c/datanode-4/data/containers/hdds to VolumeSet
2019-10-04 00:25:28,918 [main] INFO  volume.ThrottledAsyncChecker (ThrottledAsyncChecker.java:schedule(139)) - Scheduling a check for org.apache.hadoop.ozone.container.common.volume.HddsVolume@6ac45c0c
2019-10-04 00:25:28,918 [main] INFO  volume.HddsVolumeChecker (HddsVolumeChecker.java:checkAllVolumes(202)) - Scheduled health check for volume org.apache.hadoop.ozone.container.common.volume.HddsVolume@6ac45c0c
2019-10-04 00:25:28,935 [main] INFO  impl.RaftServerProxy (ConfUtils.java:logGet(43)) - raft.rpc.type = GRPC (default)
2019-10-04 00:25:28,935 [main] INFO  grpc.GrpcFactory (GrpcFactory.java:checkPooledByteBufAllocatorUseCacheForAllThreads(45)) - PERFORMANCE WARNING: useCacheForAllThreads is true that may cause Netty to create a lot garbage objects and, as a result, trigger GC.
	It is recommended to disable useCacheForAllThreads by setting -Dorg.apache.ratis.thirdparty.io.netty.allocator.useCacheForAllThreads=false in command line.
2019-10-04 00:25:28,935 [main] INFO  grpc.GrpcConfigKeys$Server (ConfUtils.java:logGet(43)) - raft.grpc.server.port = 0 (default)
2019-10-04 00:25:28,936 [main] INFO  server.GrpcService (ConfUtils.java:logGet(43)) - raft.grpc.message.size.max = 33570816 (custom)
2019-10-04 00:25:28,936 [main] INFO  server.RaftServerConfigKeys (ConfUtils.java:logGet(43)) - raft.server.log.appender.buffer.byte-limit = 33554432 (custom)
2019-10-04 00:25:28,936 [main] INFO  server.GrpcService (ConfUtils.java:logGet(43)) - raft.grpc.flow.control.window = 1MB (=1048576) (default)
2019-10-04 00:25:28,936 [main] INFO  server.RaftServerConfigKeys (ConfUtils.java:logGet(43)) - raft.server.rpc.request.timeout = 3000ms (default)
2019-10-04 00:25:28,937 [main] INFO  server.RaftServerConfigKeys (ConfUtils.java:logGet(43)) - raft.server.storage.dir = [/workdir/hadoop-ozone/integration-test/target/test-dir/MiniOzoneClusterImpl-f265c1b8-30a7-4229-a4f9-ba2aa99dfb7c/datanode-4/data/ratis] (custom)
2019-10-04 00:25:28,938 [main] INFO  hdfs.DFSUtil (DFSUtil.java:httpServerTemplateForNNAndJN(1641)) - Starting Web-server for hddsDatanode at: http://0.0.0.0:0
2019-10-04 00:25:28,939 [main] INFO  server.AuthenticationFilter (AuthenticationFilter.java:constructSecretProvider(240)) - Unable to initialize FileSignerSecretProvider, falling back to use random secrets.
2019-10-04 00:25:28,939 [main] WARN  http.HttpRequestLog (HttpRequestLog.java:getRequestLog(97)) - Jetty request log can only be enabled using Log4j
2019-10-04 00:25:28,940 [main] INFO  http.HttpServer2 (HttpServer2.java:addGlobalFilter(975)) - Added global filter 'safety' (class=org.apache.hadoop.http.HttpServer2$QuotingInputFilter)
2019-10-04 00:25:28,941 [main] INFO  http.HttpServer2 (HttpServer2.java:addFilter(948)) - Added filter static_user_filter (class=org.apache.hadoop.http.lib.StaticUserWebFilter$StaticUserFilter) to context hddsDatanode
2019-10-04 00:25:28,941 [main] INFO  http.HttpServer2 (HttpServer2.java:addFilter(958)) - Added filter static_user_filter (class=org.apache.hadoop.http.lib.StaticUserWebFilter$StaticUserFilter) to context logs
2019-10-04 00:25:28,941 [main] INFO  http.HttpServer2 (HttpServer2.java:addFilter(958)) - Added filter static_user_filter (class=org.apache.hadoop.http.lib.StaticUserWebFilter$StaticUserFilter) to context static
2019-10-04 00:25:28,942 [main] INFO  http.HttpServer2 (HttpServer2.java:bindListener(1191)) - Jetty bound to port 36259
2019-10-04 00:25:28,942 [main] INFO  server.Server (Server.java:doStart(351)) - jetty-9.3.25.v20180904, build timestamp: 2018-09-04T21:11:46Z, git hash: 3ce520221d0240229c862b122d2b06c12a625732
2019-10-04 00:25:28,944 [main] INFO  handler.ContextHandler (ContextHandler.java:doStart(781)) - Started o.e.j.s.ServletContextHandler@7d59e968{/logs,file:///workdir/hadoop-ozone/integration-test/target/log,AVAILABLE}
2019-10-04 00:25:28,944 [main] INFO  handler.ContextHandler (ContextHandler.java:doStart(781)) - Started o.e.j.s.ServletContextHandler@581c9bb7{/static,jar:file:/home/user/.m2/repository/org/apache/hadoop/hadoop-hdds-container-service/0.5.0-SNAPSHOT/hadoop-hdds-container-service-0.5.0-SNAPSHOT.jar!/webapps/static,AVAILABLE}
2019-10-04 00:25:28,972 [main] INFO  handler.ContextHandler (ContextHandler.java:doStart(781)) - Started o.e.j.w.WebAppContext@28b8f98a{/,file:///tmp/jetty-0.0.0.0-36259-hddsDatanode-_-any-8077446016426861050.dir/webapp/,AVAILABLE}{/hddsDatanode}
2019-10-04 00:25:28,972 [main] INFO  server.AbstractConnector (AbstractConnector.java:doStart(278)) - Started ServerConnector@3b4ef59f{HTTP/1.1,[http/1.1]}{0.0.0.0:36259}
2019-10-04 00:25:28,976 [main] INFO  server.Server (Server.java:doStart(419)) - Started @200467ms
2019-10-04 00:25:28,976 [main] WARN  impl.MetricsSystemImpl (MetricsSystemImpl.java:register(276)) - Sink prometheus already exists!
2019-10-04 00:25:28,977 [main] INFO  server.BaseHttpServer (BaseHttpServer.java:updateConnectorAddress(215)) - HTTP server of HDDSDATANODE is listening at http://0.0.0.0:36259
2019-10-04 00:25:28,977 [main] INFO  impl.MetricsSystemImpl (MetricsSystemImpl.java:init(158)) - HddsDatanode metrics system started (again)
2019-10-04 00:25:29,000 [org.apache.hadoop.util.JvmPauseMonitor$Monitor@a093266] INFO  util.JvmPauseMonitor (JvmPauseMonitor.java:run(188)) - Starting JVM pause monitor
2019-10-04 00:25:29,001 [Datanode State Machine Thread - 0] INFO  datanode.InitDatanodeState (InitDatanodeState.java:persistContainerDatanodeDetails(140)) - DatanodeDetails is persisted to /workdir/hadoop-ozone/integration-test/target/test-dir/MiniOzoneClusterImpl-f265c1b8-30a7-4229-a4f9-ba2aa99dfb7c/datanode-4/meta/datanode.id
2019-10-04 00:25:29,003 [main] INFO  ozone.HddsDatanodeService (HddsDatanodeService.java:start(184)) - HddsDatanodeService host:pr-hdds-1986-2jrbz-1673272497 ip:192.168.151.76
2019-10-04 00:25:29,014 [main] INFO  volume.HddsVolume (HddsVolume.java:<init>(176)) - Creating Volume: /workdir/hadoop-ozone/integration-test/target/test-dir/MiniOzoneClusterImpl-f265c1b8-30a7-4229-a4f9-ba2aa99dfb7c/datanode-5/data/containers/hdds of  storage type : DISK and capacity : 1482555576320
2019-10-04 00:25:29,014 [main] INFO  volume.VolumeSet (VolumeSet.java:initializeVolumeSet(170)) - Added Volume : /workdir/hadoop-ozone/integration-test/target/test-dir/MiniOzoneClusterImpl-f265c1b8-30a7-4229-a4f9-ba2aa99dfb7c/datanode-5/data/containers/hdds to VolumeSet
2019-10-04 00:25:29,014 [main] INFO  volume.ThrottledAsyncChecker (ThrottledAsyncChecker.java:schedule(139)) - Scheduling a check for org.apache.hadoop.ozone.container.common.volume.HddsVolume@5eb87338
2019-10-04 00:25:29,015 [main] INFO  volume.HddsVolumeChecker (HddsVolumeChecker.java:checkAllVolumes(202)) - Scheduled health check for volume org.apache.hadoop.ozone.container.common.volume.HddsVolume@5eb87338
2019-10-04 00:25:29,035 [main] INFO  impl.RaftServerProxy (ConfUtils.java:logGet(43)) - raft.rpc.type = GRPC (default)
2019-10-04 00:25:29,036 [main] INFO  grpc.GrpcFactory (GrpcFactory.java:checkPooledByteBufAllocatorUseCacheForAllThreads(45)) - PERFORMANCE WARNING: useCacheForAllThreads is true that may cause Netty to create a lot garbage objects and, as a result, trigger GC.
	It is recommended to disable useCacheForAllThreads by setting -Dorg.apache.ratis.thirdparty.io.netty.allocator.useCacheForAllThreads=false in command line.
2019-10-04 00:25:29,036 [main] INFO  grpc.GrpcConfigKeys$Server (ConfUtils.java:logGet(43)) - raft.grpc.server.port = 0 (default)
2019-10-04 00:25:29,036 [main] INFO  server.GrpcService (ConfUtils.java:logGet(43)) - raft.grpc.message.size.max = 33570816 (custom)
2019-10-04 00:25:29,037 [main] INFO  server.RaftServerConfigKeys (ConfUtils.java:logGet(43)) - raft.server.log.appender.buffer.byte-limit = 33554432 (custom)
2019-10-04 00:25:29,037 [main] INFO  server.GrpcService (ConfUtils.java:logGet(43)) - raft.grpc.flow.control.window = 1MB (=1048576) (default)
2019-10-04 00:25:29,037 [main] INFO  server.RaftServerConfigKeys (ConfUtils.java:logGet(43)) - raft.server.rpc.request.timeout = 3000ms (default)
2019-10-04 00:25:29,038 [main] INFO  server.RaftServerConfigKeys (ConfUtils.java:logGet(43)) - raft.server.storage.dir = [/workdir/hadoop-ozone/integration-test/target/test-dir/MiniOzoneClusterImpl-f265c1b8-30a7-4229-a4f9-ba2aa99dfb7c/datanode-5/data/ratis] (custom)
2019-10-04 00:25:29,039 [main] INFO  hdfs.DFSUtil (DFSUtil.java:httpServerTemplateForNNAndJN(1641)) - Starting Web-server for hddsDatanode at: http://0.0.0.0:0
2019-10-04 00:25:29,041 [main] INFO  server.AuthenticationFilter (AuthenticationFilter.java:constructSecretProvider(240)) - Unable to initialize FileSignerSecretProvider, falling back to use random secrets.
2019-10-04 00:25:29,041 [main] WARN  http.HttpRequestLog (HttpRequestLog.java:getRequestLog(97)) - Jetty request log can only be enabled using Log4j
2019-10-04 00:25:29,043 [main] INFO  http.HttpServer2 (HttpServer2.java:addGlobalFilter(975)) - Added global filter 'safety' (class=org.apache.hadoop.http.HttpServer2$QuotingInputFilter)
2019-10-04 00:25:29,044 [main] INFO  http.HttpServer2 (HttpServer2.java:addFilter(948)) - Added filter static_user_filter (class=org.apache.hadoop.http.lib.StaticUserWebFilter$StaticUserFilter) to context hddsDatanode
2019-10-04 00:25:29,044 [main] INFO  http.HttpServer2 (HttpServer2.java:addFilter(958)) - Added filter static_user_filter (class=org.apache.hadoop.http.lib.StaticUserWebFilter$StaticUserFilter) to context static
2019-10-04 00:25:29,044 [main] INFO  http.HttpServer2 (HttpServer2.java:addFilter(958)) - Added filter static_user_filter (class=org.apache.hadoop.http.lib.StaticUserWebFilter$StaticUserFilter) to context logs
2019-10-04 00:25:29,045 [main] INFO  http.HttpServer2 (HttpServer2.java:bindListener(1191)) - Jetty bound to port 33707
2019-10-04 00:25:29,045 [main] INFO  server.Server (Server.java:doStart(351)) - jetty-9.3.25.v20180904, build timestamp: 2018-09-04T21:11:46Z, git hash: 3ce520221d0240229c862b122d2b06c12a625732
2019-10-04 00:25:29,047 [main] INFO  handler.ContextHandler (ContextHandler.java:doStart(781)) - Started o.e.j.s.ServletContextHandler@5b8853{/logs,file:///workdir/hadoop-ozone/integration-test/target/log,AVAILABLE}
2019-10-04 00:25:29,048 [main] INFO  handler.ContextHandler (ContextHandler.java:doStart(781)) - Started o.e.j.s.ServletContextHandler@5d1bdd4a{/static,jar:file:/home/user/.m2/repository/org/apache/hadoop/hadoop-hdds-container-service/0.5.0-SNAPSHOT/hadoop-hdds-container-service-0.5.0-SNAPSHOT.jar!/webapps/static,AVAILABLE}
2019-10-04 00:25:29,082 [main] INFO  handler.ContextHandler (ContextHandler.java:doStart(781)) - Started o.e.j.w.WebAppContext@7a606260{/,file:///tmp/jetty-0.0.0.0-33707-hddsDatanode-_-any-512684156972494279.dir/webapp/,AVAILABLE}{/hddsDatanode}
2019-10-04 00:25:29,083 [main] INFO  server.AbstractConnector (AbstractConnector.java:doStart(278)) - Started ServerConnector@5dbab232{HTTP/1.1,[http/1.1]}{0.0.0.0:33707}
2019-10-04 00:25:29,089 [main] INFO  server.Server (Server.java:doStart(419)) - Started @200579ms
2019-10-04 00:25:29,089 [main] WARN  impl.MetricsSystemImpl (MetricsSystemImpl.java:register(276)) - Sink prometheus already exists!
2019-10-04 00:25:29,090 [main] INFO  server.BaseHttpServer (BaseHttpServer.java:updateConnectorAddress(215)) - HTTP server of HDDSDATANODE is listening at http://0.0.0.0:33707
2019-10-04 00:25:29,090 [main] INFO  impl.MetricsSystemImpl (MetricsSystemImpl.java:init(158)) - HddsDatanode metrics system started (again)
2019-10-04 00:25:29,112 [org.apache.hadoop.util.JvmPauseMonitor$Monitor@4a433a76] INFO  util.JvmPauseMonitor (JvmPauseMonitor.java:run(188)) - Starting JVM pause monitor
2019-10-04 00:25:29,117 [Datanode State Machine Thread - 0] INFO  datanode.InitDatanodeState (InitDatanodeState.java:persistContainerDatanodeDetails(140)) - DatanodeDetails is persisted to /workdir/hadoop-ozone/integration-test/target/test-dir/MiniOzoneClusterImpl-f265c1b8-30a7-4229-a4f9-ba2aa99dfb7c/datanode-5/meta/datanode.id
2019-10-04 00:25:29,117 [main] INFO  ozone.HddsDatanodeService (HddsDatanodeService.java:start(184)) - HddsDatanodeService host:pr-hdds-1986-2jrbz-1673272497 ip:192.168.151.76
2019-10-04 00:25:29,127 [main] INFO  volume.HddsVolume (HddsVolume.java:<init>(176)) - Creating Volume: /workdir/hadoop-ozone/integration-test/target/test-dir/MiniOzoneClusterImpl-f265c1b8-30a7-4229-a4f9-ba2aa99dfb7c/datanode-6/data/containers/hdds of  storage type : DISK and capacity : 1482555576320
2019-10-04 00:25:29,128 [main] INFO  volume.VolumeSet (VolumeSet.java:initializeVolumeSet(170)) - Added Volume : /workdir/hadoop-ozone/integration-test/target/test-dir/MiniOzoneClusterImpl-f265c1b8-30a7-4229-a4f9-ba2aa99dfb7c/datanode-6/data/containers/hdds to VolumeSet
2019-10-04 00:25:29,128 [main] INFO  volume.ThrottledAsyncChecker (ThrottledAsyncChecker.java:schedule(139)) - Scheduling a check for org.apache.hadoop.ozone.container.common.volume.HddsVolume@511da44f
2019-10-04 00:25:29,128 [main] INFO  volume.HddsVolumeChecker (HddsVolumeChecker.java:checkAllVolumes(202)) - Scheduled health check for volume org.apache.hadoop.ozone.container.common.volume.HddsVolume@511da44f
2019-10-04 00:25:29,144 [main] INFO  impl.RaftServerProxy (ConfUtils.java:logGet(43)) - raft.rpc.type = GRPC (default)
2019-10-04 00:25:29,145 [main] INFO  grpc.GrpcFactory (GrpcFactory.java:checkPooledByteBufAllocatorUseCacheForAllThreads(45)) - PERFORMANCE WARNING: useCacheForAllThreads is true that may cause Netty to create a lot garbage objects and, as a result, trigger GC.
	It is recommended to disable useCacheForAllThreads by setting -Dorg.apache.ratis.thirdparty.io.netty.allocator.useCacheForAllThreads=false in command line.
2019-10-04 00:25:29,145 [main] INFO  grpc.GrpcConfigKeys$Server (ConfUtils.java:logGet(43)) - raft.grpc.server.port = 0 (default)
2019-10-04 00:25:29,145 [main] INFO  server.GrpcService (ConfUtils.java:logGet(43)) - raft.grpc.message.size.max = 33570816 (custom)
2019-10-04 00:25:29,145 [main] INFO  server.RaftServerConfigKeys (ConfUtils.java:logGet(43)) - raft.server.log.appender.buffer.byte-limit = 33554432 (custom)
2019-10-04 00:25:29,145 [main] INFO  server.GrpcService (ConfUtils.java:logGet(43)) - raft.grpc.flow.control.window = 1MB (=1048576) (default)
2019-10-04 00:25:29,146 [main] INFO  server.RaftServerConfigKeys (ConfUtils.java:logGet(43)) - raft.server.rpc.request.timeout = 3000ms (default)
2019-10-04 00:25:29,146 [main] INFO  server.RaftServerConfigKeys (ConfUtils.java:logGet(43)) - raft.server.storage.dir = [/workdir/hadoop-ozone/integration-test/target/test-dir/MiniOzoneClusterImpl-f265c1b8-30a7-4229-a4f9-ba2aa99dfb7c/datanode-6/data/ratis] (custom)
2019-10-04 00:25:29,147 [main] INFO  hdfs.DFSUtil (DFSUtil.java:httpServerTemplateForNNAndJN(1641)) - Starting Web-server for hddsDatanode at: http://0.0.0.0:0
2019-10-04 00:25:29,149 [main] INFO  server.AuthenticationFilter (AuthenticationFilter.java:constructSecretProvider(240)) - Unable to initialize FileSignerSecretProvider, falling back to use random secrets.
2019-10-04 00:25:29,149 [main] WARN  http.HttpRequestLog (HttpRequestLog.java:getRequestLog(97)) - Jetty request log can only be enabled using Log4j
2019-10-04 00:25:29,150 [main] INFO  http.HttpServer2 (HttpServer2.java:addGlobalFilter(975)) - Added global filter 'safety' (class=org.apache.hadoop.http.HttpServer2$QuotingInputFilter)
2019-10-04 00:25:29,151 [main] INFO  http.HttpServer2 (HttpServer2.java:addFilter(948)) - Added filter static_user_filter (class=org.apache.hadoop.http.lib.StaticUserWebFilter$StaticUserFilter) to context hddsDatanode
2019-10-04 00:25:29,151 [main] INFO  http.HttpServer2 (HttpServer2.java:addFilter(958)) - Added filter static_user_filter (class=org.apache.hadoop.http.lib.StaticUserWebFilter$StaticUserFilter) to context logs
2019-10-04 00:25:29,151 [main] INFO  http.HttpServer2 (HttpServer2.java:addFilter(958)) - Added filter static_user_filter (class=org.apache.hadoop.http.lib.StaticUserWebFilter$StaticUserFilter) to context static
2019-10-04 00:25:29,152 [main] INFO  http.HttpServer2 (HttpServer2.java:bindListener(1191)) - Jetty bound to port 41674
2019-10-04 00:25:29,152 [main] INFO  server.Server (Server.java:doStart(351)) - jetty-9.3.25.v20180904, build timestamp: 2018-09-04T21:11:46Z, git hash: 3ce520221d0240229c862b122d2b06c12a625732
2019-10-04 00:25:29,154 [main] INFO  handler.ContextHandler (ContextHandler.java:doStart(781)) - Started o.e.j.s.ServletContextHandler@36478bce{/logs,file:///workdir/hadoop-ozone/integration-test/target/log,AVAILABLE}
2019-10-04 00:25:29,154 [main] INFO  handler.ContextHandler (ContextHandler.java:doStart(781)) - Started o.e.j.s.ServletContextHandler@75793f17{/static,jar:file:/home/user/.m2/repository/org/apache/hadoop/hadoop-hdds-container-service/0.5.0-SNAPSHOT/hadoop-hdds-container-service-0.5.0-SNAPSHOT.jar!/webapps/static,AVAILABLE}
2019-10-04 00:25:29,192 [main] INFO  handler.ContextHandler (ContextHandler.java:doStart(781)) - Started o.e.j.w.WebAppContext@430df350{/,file:///tmp/jetty-0.0.0.0-41674-hddsDatanode-_-any-8952796888687984631.dir/webapp/,AVAILABLE}{/hddsDatanode}
2019-10-04 00:25:29,193 [main] INFO  server.AbstractConnector (AbstractConnector.java:doStart(278)) - Started ServerConnector@1373e3ee{HTTP/1.1,[http/1.1]}{0.0.0.0:41674}
2019-10-04 00:25:29,197 [main] INFO  server.Server (Server.java:doStart(419)) - Started @200687ms
2019-10-04 00:25:29,197 [main] WARN  impl.MetricsSystemImpl (MetricsSystemImpl.java:register(276)) - Sink prometheus already exists!
2019-10-04 00:25:29,198 [main] INFO  server.BaseHttpServer (BaseHttpServer.java:updateConnectorAddress(215)) - HTTP server of HDDSDATANODE is listening at http://0.0.0.0:41674
2019-10-04 00:25:29,198 [main] INFO  ozone.MiniOzoneClusterImpl (MiniOzoneClusterImpl.java:lambda$waitForClusterToBeReady$0(147)) - Waiting for cluster to be ready. Got 0 of 7 DN Heartbeats.
2019-10-04 00:25:29,199 [org.apache.hadoop.util.JvmPauseMonitor$Monitor@4b1e5c33] INFO  util.JvmPauseMonitor (JvmPauseMonitor.java:run(188)) - Starting JVM pause monitor
2019-10-04 00:25:29,200 [Datanode State Machine Thread - 0] INFO  datanode.InitDatanodeState (InitDatanodeState.java:persistContainerDatanodeDetails(140)) - DatanodeDetails is persisted to /workdir/hadoop-ozone/integration-test/target/test-dir/MiniOzoneClusterImpl-f265c1b8-30a7-4229-a4f9-ba2aa99dfb7c/datanode-6/meta/datanode.id
2019-10-04 00:25:30,199 [main] INFO  ozone.MiniOzoneClusterImpl (MiniOzoneClusterImpl.java:lambda$waitForClusterToBeReady$0(147)) - Waiting for cluster to be ready. Got 0 of 7 DN Heartbeats.
2019-10-04 00:25:30,677 [Datanode State Machine Thread - 0] INFO  ozoneimpl.OzoneContainer (OzoneContainer.java:start(217)) - Attempting to start container services.
2019-10-04 00:25:30,677 [Datanode State Machine Thread - 0] INFO  ozoneimpl.OzoneContainer (OzoneContainer.java:startContainerScrub(179)) - Background container scanner has been disabled.
2019-10-04 00:25:30,678 [Datanode State Machine Thread - 0] INFO  ratis.XceiverServerRatis (XceiverServerRatis.java:start(417)) - Starting XceiverServerRatis 6b3dee82-9f2e-414f-9a2b-fe03fbe9530d at port 0
2019-10-04 00:25:30,684 [Datanode State Machine Thread - 0] INFO  impl.RaftServerProxy (RaftServerProxy.java:lambda$start$3(299)) - 6b3dee82-9f2e-414f-9a2b-fe03fbe9530d: start RPC server
2019-10-04 00:25:30,686 [Datanode State Machine Thread - 0] INFO  server.GrpcService (GrpcService.java:startImpl(158)) - 6b3dee82-9f2e-414f-9a2b-fe03fbe9530d: GrpcService started, listening on 0.0.0.0/0.0.0.0:41174
2019-10-04 00:25:30,686 [Datanode State Machine Thread - 0] INFO  ratis.XceiverServerRatis (XceiverServerRatis.java:start(427)) - XceiverServerRatis 6b3dee82-9f2e-414f-9a2b-fe03fbe9530d is started using port 41174
2019-10-04 00:25:30,687 [Datanode State Machine Thread - 0] INFO  server.XceiverServerGrpc (XceiverServerGrpc.java:start(149)) - XceiverServerGrpc 6b3dee82-9f2e-414f-9a2b-fe03fbe9530d is started using port 43840
2019-10-04 00:25:30,753 [Datanode State Machine Thread - 0] INFO  ozoneimpl.OzoneContainer (OzoneContainer.java:start(217)) - Attempting to start container services.
2019-10-04 00:25:30,753 [Datanode State Machine Thread - 0] INFO  ozoneimpl.OzoneContainer (OzoneContainer.java:startContainerScrub(179)) - Background container scanner has been disabled.
2019-10-04 00:25:30,753 [Datanode State Machine Thread - 0] INFO  ratis.XceiverServerRatis (XceiverServerRatis.java:start(417)) - Starting XceiverServerRatis f77ed7b2-82d7-4399-bb3d-1321f2261220 at port 0
2019-10-04 00:25:30,760 [Datanode State Machine Thread - 0] INFO  impl.RaftServerProxy (RaftServerProxy.java:lambda$start$3(299)) - f77ed7b2-82d7-4399-bb3d-1321f2261220: start RPC server
2019-10-04 00:25:30,760 [Datanode State Machine Thread - 0] INFO  server.GrpcService (GrpcService.java:startImpl(158)) - f77ed7b2-82d7-4399-bb3d-1321f2261220: GrpcService started, listening on 0.0.0.0/0.0.0.0:45993
2019-10-04 00:25:30,760 [Datanode State Machine Thread - 0] INFO  ratis.XceiverServerRatis (XceiverServerRatis.java:start(427)) - XceiverServerRatis f77ed7b2-82d7-4399-bb3d-1321f2261220 is started using port 45993
2019-10-04 00:25:30,761 [Datanode State Machine Thread - 0] INFO  server.XceiverServerGrpc (XceiverServerGrpc.java:start(149)) - XceiverServerGrpc f77ed7b2-82d7-4399-bb3d-1321f2261220 is started using port 35433
2019-10-04 00:25:30,827 [Datanode State Machine Thread - 0] INFO  ozoneimpl.OzoneContainer (OzoneContainer.java:start(217)) - Attempting to start container services.
2019-10-04 00:25:30,827 [Datanode State Machine Thread - 0] INFO  ozoneimpl.OzoneContainer (OzoneContainer.java:startContainerScrub(179)) - Background container scanner has been disabled.
2019-10-04 00:25:30,827 [Datanode State Machine Thread - 0] INFO  ratis.XceiverServerRatis (XceiverServerRatis.java:start(417)) - Starting XceiverServerRatis 2c692606-4e48-4178-b7d0-0515837b2c0a at port 0
2019-10-04 00:25:30,833 [Datanode State Machine Thread - 0] INFO  impl.RaftServerProxy (RaftServerProxy.java:lambda$start$3(299)) - 2c692606-4e48-4178-b7d0-0515837b2c0a: start RPC server
2019-10-04 00:25:30,833 [Datanode State Machine Thread - 0] INFO  server.GrpcService (GrpcService.java:startImpl(158)) - 2c692606-4e48-4178-b7d0-0515837b2c0a: GrpcService started, listening on 0.0.0.0/0.0.0.0:38377
2019-10-04 00:25:30,833 [Datanode State Machine Thread - 0] INFO  ratis.XceiverServerRatis (XceiverServerRatis.java:start(427)) - XceiverServerRatis 2c692606-4e48-4178-b7d0-0515837b2c0a is started using port 38377
2019-10-04 00:25:30,834 [Datanode State Machine Thread - 0] INFO  server.XceiverServerGrpc (XceiverServerGrpc.java:start(149)) - XceiverServerGrpc 2c692606-4e48-4178-b7d0-0515837b2c0a is started using port 34974
2019-10-04 00:25:30,920 [Datanode State Machine Thread - 0] INFO  ozoneimpl.OzoneContainer (OzoneContainer.java:start(217)) - Attempting to start container services.
2019-10-04 00:25:30,920 [Datanode State Machine Thread - 0] INFO  ozoneimpl.OzoneContainer (OzoneContainer.java:startContainerScrub(179)) - Background container scanner has been disabled.
2019-10-04 00:25:30,920 [Datanode State Machine Thread - 0] INFO  ratis.XceiverServerRatis (XceiverServerRatis.java:start(417)) - Starting XceiverServerRatis 974c641e-ebb6-4bfa-8045-c1a31d66bb9a at port 0
2019-10-04 00:25:30,926 [Datanode State Machine Thread - 0] INFO  impl.RaftServerProxy (RaftServerProxy.java:lambda$start$3(299)) - 974c641e-ebb6-4bfa-8045-c1a31d66bb9a: start RPC server
2019-10-04 00:25:30,926 [Datanode State Machine Thread - 0] INFO  server.GrpcService (GrpcService.java:startImpl(158)) - 974c641e-ebb6-4bfa-8045-c1a31d66bb9a: GrpcService started, listening on 0.0.0.0/0.0.0.0:36026
2019-10-04 00:25:30,926 [Datanode State Machine Thread - 0] INFO  ratis.XceiverServerRatis (XceiverServerRatis.java:start(427)) - XceiverServerRatis 974c641e-ebb6-4bfa-8045-c1a31d66bb9a is started using port 36026
2019-10-04 00:25:30,927 [Datanode State Machine Thread - 0] INFO  server.XceiverServerGrpc (XceiverServerGrpc.java:start(149)) - XceiverServerGrpc 974c641e-ebb6-4bfa-8045-c1a31d66bb9a is started using port 40865
2019-10-04 00:25:31,015 [Datanode State Machine Thread - 0] INFO  ozoneimpl.OzoneContainer (OzoneContainer.java:start(217)) - Attempting to start container services.
2019-10-04 00:25:31,015 [Datanode State Machine Thread - 0] INFO  ozoneimpl.OzoneContainer (OzoneContainer.java:startContainerScrub(179)) - Background container scanner has been disabled.
2019-10-04 00:25:31,015 [Datanode State Machine Thread - 0] INFO  ratis.XceiverServerRatis (XceiverServerRatis.java:start(417)) - Starting XceiverServerRatis 809451ea-170b-4469-a66e-dc74556bdb8b at port 0
2019-10-04 00:25:31,020 [Datanode State Machine Thread - 0] INFO  impl.RaftServerProxy (RaftServerProxy.java:lambda$start$3(299)) - 809451ea-170b-4469-a66e-dc74556bdb8b: start RPC server
2019-10-04 00:25:31,021 [Datanode State Machine Thread - 0] INFO  server.GrpcService (GrpcService.java:startImpl(158)) - 809451ea-170b-4469-a66e-dc74556bdb8b: GrpcService started, listening on 0.0.0.0/0.0.0.0:45007
2019-10-04 00:25:31,021 [Datanode State Machine Thread - 0] INFO  ratis.XceiverServerRatis (XceiverServerRatis.java:start(427)) - XceiverServerRatis 809451ea-170b-4469-a66e-dc74556bdb8b is started using port 45007
2019-10-04 00:25:31,021 [Datanode State Machine Thread - 0] INFO  server.XceiverServerGrpc (XceiverServerGrpc.java:start(149)) - XceiverServerGrpc 809451ea-170b-4469-a66e-dc74556bdb8b is started using port 32996
2019-10-04 00:25:31,126 [Datanode State Machine Thread - 0] INFO  ozoneimpl.OzoneContainer (OzoneContainer.java:start(217)) - Attempting to start container services.
2019-10-04 00:25:31,126 [Datanode State Machine Thread - 0] INFO  ozoneimpl.OzoneContainer (OzoneContainer.java:startContainerScrub(179)) - Background container scanner has been disabled.
2019-10-04 00:25:31,126 [Datanode State Machine Thread - 0] INFO  ratis.XceiverServerRatis (XceiverServerRatis.java:start(417)) - Starting XceiverServerRatis 967de6a1-b96c-4fb6-af99-a28c78defd4d at port 0
2019-10-04 00:25:31,134 [Datanode State Machine Thread - 0] INFO  impl.RaftServerProxy (RaftServerProxy.java:lambda$start$3(299)) - 967de6a1-b96c-4fb6-af99-a28c78defd4d: start RPC server
2019-10-04 00:25:31,135 [Datanode State Machine Thread - 0] INFO  server.GrpcService (GrpcService.java:startImpl(158)) - 967de6a1-b96c-4fb6-af99-a28c78defd4d: GrpcService started, listening on 0.0.0.0/0.0.0.0:42971
2019-10-04 00:25:31,135 [Datanode State Machine Thread - 0] INFO  ratis.XceiverServerRatis (XceiverServerRatis.java:start(427)) - XceiverServerRatis 967de6a1-b96c-4fb6-af99-a28c78defd4d is started using port 42971
2019-10-04 00:25:31,135 [Datanode State Machine Thread - 0] INFO  server.XceiverServerGrpc (XceiverServerGrpc.java:start(149)) - XceiverServerGrpc 967de6a1-b96c-4fb6-af99-a28c78defd4d is started using port 33287
2019-10-04 00:25:31,200 [main] INFO  ozone.MiniOzoneClusterImpl (MiniOzoneClusterImpl.java:lambda$waitForClusterToBeReady$0(147)) - Waiting for cluster to be ready. Got 0 of 7 DN Heartbeats.
2019-10-04 00:25:31,213 [Datanode State Machine Thread - 0] INFO  ozoneimpl.OzoneContainer (OzoneContainer.java:start(217)) - Attempting to start container services.
2019-10-04 00:25:31,214 [Datanode State Machine Thread - 0] INFO  ozoneimpl.OzoneContainer (OzoneContainer.java:startContainerScrub(179)) - Background container scanner has been disabled.
2019-10-04 00:25:31,214 [Datanode State Machine Thread - 0] INFO  ratis.XceiverServerRatis (XceiverServerRatis.java:start(417)) - Starting XceiverServerRatis c213c600-6b6b-49c2-9d3c-16a9d236cf77 at port 0
2019-10-04 00:25:31,220 [Datanode State Machine Thread - 0] INFO  impl.RaftServerProxy (RaftServerProxy.java:lambda$start$3(299)) - c213c600-6b6b-49c2-9d3c-16a9d236cf77: start RPC server
2019-10-04 00:25:31,224 [Datanode State Machine Thread - 0] INFO  server.GrpcService (GrpcService.java:startImpl(158)) - c213c600-6b6b-49c2-9d3c-16a9d236cf77: GrpcService started, listening on 0.0.0.0/0.0.0.0:37228
2019-10-04 00:25:31,224 [Datanode State Machine Thread - 0] INFO  ratis.XceiverServerRatis (XceiverServerRatis.java:start(427)) - XceiverServerRatis c213c600-6b6b-49c2-9d3c-16a9d236cf77 is started using port 37228
2019-10-04 00:25:31,225 [Datanode State Machine Thread - 0] INFO  server.XceiverServerGrpc (XceiverServerGrpc.java:start(149)) - XceiverServerGrpc c213c600-6b6b-49c2-9d3c-16a9d236cf77 is started using port 35102
2019-10-04 00:25:31,232 [grpc-default-executor-0] WARN  server.GrpcLogAppender (LogUtils.java:warn(134)) - 71330204-bca2-4e99-8f93-d549681827cf@group-50998A96B5E1->77785bd1-e3fa-40ee-837b-c5096ff73ca9-AppendLogResponseHandler: Failed appendEntries: org.apache.ratis.thirdparty.io.grpc.StatusRuntimeException: UNAVAILABLE: io exception
2019-10-04 00:25:31,232 [grpc-default-executor-4] WARN  server.GrpcLogAppender (LogUtils.java:warn(134)) - 71330204-bca2-4e99-8f93-d549681827cf@group-50998A96B5E1->28c32f69-b092-44d1-8318-359d0ad59249-AppendLogResponseHandler: Failed appendEntries: org.apache.ratis.thirdparty.io.grpc.StatusRuntimeException: UNAVAILABLE: io exception
2019-10-04 00:25:31,233 [grpc-default-executor-0] INFO  impl.FollowerInfo (FollowerInfo.java:lambda$new$0(51)) - 71330204-bca2-4e99-8f93-d549681827cf@group-50998A96B5E1->77785bd1-e3fa-40ee-837b-c5096ff73ca9: nextIndex: updateUnconditionally 0 -> 0
2019-10-04 00:25:31,233 [grpc-default-executor-4] INFO  impl.FollowerInfo (FollowerInfo.java:lambda$new$0(51)) - 71330204-bca2-4e99-8f93-d549681827cf@group-50998A96B5E1->28c32f69-b092-44d1-8318-359d0ad59249: nextIndex: updateUnconditionally 0 -> 0
2019-10-04 00:25:32,200 [main] INFO  ozone.MiniOzoneClusterImpl (MiniOzoneClusterImpl.java:lambda$waitForClusterToBeReady$0(147)) - Waiting for cluster to be ready. Got 0 of 7 DN Heartbeats.
2019-10-04 00:25:32,639 [IPC Server handler 4 on 38565] INFO  net.NetworkTopology (NetworkTopologyImpl.java:add(111)) - Added a new node: /default-rack/6b3dee82-9f2e-414f-9a2b-fe03fbe9530d
2019-10-04 00:25:32,644 [IPC Server handler 4 on 38565] INFO  node.SCMNodeManager (SCMNodeManager.java:register(266)) - Registered Data node : 6b3dee82-9f2e-414f-9a2b-fe03fbe9530d{ip: 192.168.151.76, host: pr-hdds-1986-2jrbz-1673272497, networkLocation: /default-rack, certSerialId: null}
2019-10-04 00:25:32,644 [EventQueue-NodeRegistrationContainerReportForDataNodeSafeModeRule] INFO  safemode.SCMSafeModeManager (DataNodeSafeModeRule.java:process(71)) - SCM in safe mode. 1 DataNodes registered, 1 required.
2019-10-04 00:25:32,648 [EventQueue-NodeRegistrationContainerReportForDataNodeSafeModeRule] INFO  safemode.SCMSafeModeManager (SCMSafeModeManager.java:validateSafeModeExitRules(177)) - ScmSafeModeManager, all rules are successfully validated
2019-10-04 00:25:32,649 [EventQueue-NodeRegistrationContainerReportForDataNodeSafeModeRule] INFO  safemode.SCMSafeModeManager (SCMSafeModeManager.java:exitSafeMode(193)) - SCM exiting safe mode.
2019-10-04 00:25:32,661 [grpc-default-executor-0] INFO  impl.RaftServerProxy (RaftServerProxy.java:addNew(89)) - 6b3dee82-9f2e-414f-9a2b-fe03fbe9530d: addNew group-6B2B8B9BC3C7:[6b3dee82-9f2e-414f-9a2b-fe03fbe9530d:192.168.151.76:41174] returns group-6B2B8B9BC3C7:java.util.concurrent.CompletableFuture@ac42c4e[Not completed]
2019-10-04 00:25:32,663 [pool-383-thread-1] INFO  impl.RaftServerImpl (RaftServerImpl.java:<init>(95)) - 6b3dee82-9f2e-414f-9a2b-fe03fbe9530d: new RaftServerImpl for group-6B2B8B9BC3C7:[6b3dee82-9f2e-414f-9a2b-fe03fbe9530d:192.168.151.76:41174] with ContainerStateMachine:uninitialized
2019-10-04 00:25:32,663 [pool-383-thread-1] INFO  server.RaftServerConfigKeys (ConfUtils.java:logGet(43)) - raft.server.rpc.timeout.min = 5s (custom)
2019-10-04 00:25:32,664 [pool-383-thread-1] INFO  server.RaftServerConfigKeys (ConfUtils.java:logGet(43)) - raft.server.rpc.timeout.max = 5200ms (custom)
2019-10-04 00:25:32,664 [pool-383-thread-1] INFO  server.RaftServerConfigKeys (ConfUtils.java:logGet(43)) - raft.server.rpcslowness.timeout = 120s (custom)
2019-10-04 00:25:32,664 [pool-383-thread-1] INFO  server.RaftServerConfigKeys (ConfUtils.java:logGet(43)) - raft.server.sleep.deviation.threshold = 300 (default)
2019-10-04 00:25:32,664 [pool-383-thread-1] INFO  server.RaftServerConfigKeys (ConfUtils.java:logGet(43)) - raft.server.log.appender.install.snapshot.enabled = false (custom)
2019-10-04 00:25:32,664 [pool-383-thread-1] INFO  impl.RaftServerImpl (ServerState.java:<init>(103)) - 6b3dee82-9f2e-414f-9a2b-fe03fbe9530d@group-6B2B8B9BC3C7: ConfigurationManager, init=-1: [6b3dee82-9f2e-414f-9a2b-fe03fbe9530d:192.168.151.76:41174], old=null, confs=<EMPTY_MAP>
2019-10-04 00:25:32,665 [pool-383-thread-1] INFO  server.RaftServerConfigKeys (ConfUtils.java:logGet(43)) - raft.server.storage.dir = [/workdir/hadoop-ozone/integration-test/target/test-dir/MiniOzoneClusterImpl-f265c1b8-30a7-4229-a4f9-ba2aa99dfb7c/datanode-0/data/ratis] (custom)
2019-10-04 00:25:32,665 [pool-383-thread-1] INFO  server.RaftServerConfigKeys (ConfUtils.java:logGet(43)) - raft.server.log.corruption.policy = EXCEPTION (default)
2019-10-04 00:25:32,665 [pool-383-thread-1] INFO  storage.RaftStorageDirectory (RaftStorageDirectory.java:analyzeStorage(246)) - The storage directory /workdir/hadoop-ozone/integration-test/target/test-dir/MiniOzoneClusterImpl-f265c1b8-30a7-4229-a4f9-ba2aa99dfb7c/datanode-0/data/ratis/97184fdd-0dc1-488a-8fd1-6b2b8b9bc3c7 does not exist. Creating ...
2019-10-04 00:25:32,690 [pool-383-thread-1] INFO  storage.RaftStorageDirectory (RaftStorageDirectory.java:tryLock(328)) - Lock on /workdir/hadoop-ozone/integration-test/target/test-dir/MiniOzoneClusterImpl-f265c1b8-30a7-4229-a4f9-ba2aa99dfb7c/datanode-0/data/ratis/97184fdd-0dc1-488a-8fd1-6b2b8b9bc3c7/in_use.lock acquired by nodename 21867@pr-hdds-1986-2jrbz-1673272497
2019-10-04 00:25:32,704 [pool-383-thread-1] INFO  storage.RaftStorage (RaftStorage.java:format(84)) - Storage directory /workdir/hadoop-ozone/integration-test/target/test-dir/MiniOzoneClusterImpl-f265c1b8-30a7-4229-a4f9-ba2aa99dfb7c/datanode-0/data/ratis/97184fdd-0dc1-488a-8fd1-6b2b8b9bc3c7 has been successfully formatted.
2019-10-04 00:25:32,705 [pool-383-thread-1] INFO  ratis.ContainerStateMachine (ContainerStateMachine.java:loadSnapshot(230)) - group-6B2B8B9BC3C7: The snapshot info is null. Setting the last applied indexto:(t:0, i:~)
2019-10-04 00:25:32,705 [pool-383-thread-1] INFO  server.RaftServerConfigKeys (ConfUtils.java:logGet(43)) - raft.server.notification.no-leader.timeout = 120s (custom)
2019-10-04 00:25:32,705 [pool-383-thread-1] INFO  server.RaftServerConfigKeys (ConfUtils.java:logGet(43)) - raft.server.log.use.memory = false (default)
2019-10-04 00:25:32,705 [pool-383-thread-1] INFO  server.RaftServerConfigKeys (ConfUtils.java:logGet(43)) - raft.server.log.purge.gap = 1000000 (custom)
2019-10-04 00:25:32,705 [pool-383-thread-1] INFO  server.RaftServerConfigKeys (ConfUtils.java:logGet(43)) - raft.server.log.appender.buffer.byte-limit = 33554432 (custom)
2019-10-04 00:25:32,706 [pool-383-thread-1] INFO  server.RaftServerConfigKeys (ConfUtils.java:logGet(43)) - raft.server.log.segment.size.max = 1048576 (custom)
2019-10-04 00:25:32,708 [pool-383-thread-1] INFO  server.RaftServerConfigKeys (ConfUtils.java:logGet(43)) - raft.server.log.segment.cache.num.max = 2 (custom)
2019-10-04 00:25:32,709 [pool-383-thread-1] INFO  segmented.SegmentedRaftLogWorker (SegmentedRaftLogWorker.java:<init>(173)) - new 6b3dee82-9f2e-414f-9a2b-fe03fbe9530d@group-6B2B8B9BC3C7-SegmentedRaftLogWorker for RaftStorage:Storage Directory /workdir/hadoop-ozone/integration-test/target/test-dir/MiniOzoneClusterImpl-f265c1b8-30a7-4229-a4f9-ba2aa99dfb7c/datanode-0/data/ratis/97184fdd-0dc1-488a-8fd1-6b2b8b9bc3c7
2019-10-04 00:25:32,709 [pool-383-thread-1] INFO  server.RaftServerConfigKeys (ConfUtils.java:logGet(43)) - raft.server.log.queue.byte-limit = 2147483647 (custom)
2019-10-04 00:25:32,709 [pool-383-thread-1] INFO  server.RaftServerConfigKeys (ConfUtils.java:logGet(43)) - raft.server.log.queue.element-limit = 1024 (custom)
2019-10-04 00:25:32,709 [pool-383-thread-1] INFO  server.RaftServerConfigKeys (ConfUtils.java:logGet(43)) - raft.server.log.segment.size.max = 1048576 (custom)
2019-10-04 00:25:32,709 [pool-383-thread-1] INFO  server.RaftServerConfigKeys (ConfUtils.java:logGet(43)) - raft.server.log.preallocated.size = 16384 (custom)
2019-10-04 00:25:32,709 [pool-383-thread-1] INFO  server.RaftServerConfigKeys (ConfUtils.java:logGet(43)) - raft.server.log.write.buffer.size = 33554432 (custom)
2019-10-04 00:25:32,710 [pool-383-thread-1] INFO  server.RaftServerConfigKeys (ConfUtils.java:logGet(43)) - raft.server.log.force.sync.num = 128 (default)
2019-10-04 00:25:32,710 [pool-383-thread-1] INFO  server.RaftServerConfigKeys (ConfUtils.java:logGet(43)) - raft.server.log.statemachine.data.sync = true (default)
2019-10-04 00:25:32,710 [pool-383-thread-1] INFO  server.RaftServerConfigKeys (ConfUtils.java:logGet(43)) - raft.server.log.statemachine.data.sync.timeout = 10s (default)
2019-10-04 00:25:32,710 [pool-383-thread-1] INFO  server.RaftServerConfigKeys (ConfUtils.java:logGet(43)) - raft.server.log.statemachine.data.sync.timeout.retry = -1 (default)
2019-10-04 00:25:32,711 [pool-383-thread-1] INFO  server.RaftServerConfigKeys (ConfUtils.java:logGet(43)) - raft.server.log.statemachine.data.caching.enabled = true (custom)
2019-10-04 00:25:32,711 [pool-383-thread-1] INFO  segmented.SegmentedRaftLogWorker (SegmentedRaftLogWorker.java:lambda$new$0(128)) - 6b3dee82-9f2e-414f-9a2b-fe03fbe9530d@group-6B2B8B9BC3C7-SegmentedRaftLogWorker: flushIndex: setUnconditionally 0 -> -1
2019-10-04 00:25:32,712 [pool-383-thread-1] INFO  server.RaftServerConfigKeys (ConfUtils.java:logGet(43)) - raft.server.snapshot.auto.trigger.enabled = true (custom)
2019-10-04 00:25:32,712 [pool-383-thread-1] INFO  server.RaftServerConfigKeys (ConfUtils.java:logGet(43)) - raft.server.snapshot.auto.trigger.threshold = 10000 (custom)
2019-10-04 00:25:32,712 [pool-383-thread-1] INFO  server.RaftServerConfigKeys (ConfUtils.java:logGet(43)) - raft.server.snapshot.retention.file.num = 5 (custom)
2019-10-04 00:25:32,712 [pool-383-thread-1] INFO  server.RaftServerConfigKeys (ConfUtils.java:logGet(43)) - raft.server.retrycache.expirytime = 600000ms (custom)
2019-10-04 00:25:32,714 [pool-383-thread-1] INFO  impl.RaftServerImpl (RaftServerImpl.java:start(181)) - 6b3dee82-9f2e-414f-9a2b-fe03fbe9530d@group-6B2B8B9BC3C7: start as a follower, conf=-1: [6b3dee82-9f2e-414f-9a2b-fe03fbe9530d:192.168.151.76:41174], old=null
2019-10-04 00:25:32,715 [pool-383-thread-1] INFO  impl.RaftServerImpl (RaftServerImpl.java:setRole(170)) - 6b3dee82-9f2e-414f-9a2b-fe03fbe9530d@group-6B2B8B9BC3C7: changes role from      null to FOLLOWER at term 0 for startAsFollower
2019-10-04 00:25:32,715 [pool-383-thread-1] INFO  impl.RoleInfo (RoleInfo.java:updateAndGet(143)) - 6b3dee82-9f2e-414f-9a2b-fe03fbe9530d: start FollowerState
2019-10-04 00:25:32,715 [pool-383-thread-1] INFO  util.JmxRegister (JmxRegister.java:tryRegister(44)) - Successfully registered JMX Bean with object name Ratis:service=RaftServer,group=group-6B2B8B9BC3C7,id=6b3dee82-9f2e-414f-9a2b-fe03fbe9530d
2019-10-04 00:25:32,721 [RatisPipelineUtilsThread] INFO  pipeline.PipelineStateManager (PipelineStateManager.java:addPipeline(56)) - Created pipeline Pipeline[ Id: 97184fdd-0dc1-488a-8fd1-6b2b8b9bc3c7, Nodes: 6b3dee82-9f2e-414f-9a2b-fe03fbe9530d{ip: 192.168.151.76, host: pr-hdds-1986-2jrbz-1673272497, networkLocation: /default-rack, certSerialId: null}, Type:RATIS, Factor:ONE, State:OPEN]
2019-10-04 00:25:32,727 [IPC Server handler 5 on 38565] INFO  net.NetworkTopology (NetworkTopologyImpl.java:add(111)) - Added a new node: /default-rack/f77ed7b2-82d7-4399-bb3d-1321f2261220
2019-10-04 00:25:32,727 [IPC Server handler 5 on 38565] INFO  node.SCMNodeManager (SCMNodeManager.java:register(266)) - Registered Data node : f77ed7b2-82d7-4399-bb3d-1321f2261220{ip: 192.168.151.76, host: pr-hdds-1986-2jrbz-1673272497, networkLocation: /default-rack, certSerialId: null}
2019-10-04 00:25:32,736 [grpc-default-executor-0] INFO  impl.RaftServerProxy (RaftServerProxy.java:addNew(89)) - f77ed7b2-82d7-4399-bb3d-1321f2261220: addNew group-A33C1580AF6E:[f77ed7b2-82d7-4399-bb3d-1321f2261220:192.168.151.76:45993] returns group-A33C1580AF6E:java.util.concurrent.CompletableFuture@c8a2040[Not completed]
2019-10-04 00:25:32,737 [pool-393-thread-1] INFO  impl.RaftServerImpl (RaftServerImpl.java:<init>(95)) - f77ed7b2-82d7-4399-bb3d-1321f2261220: new RaftServerImpl for group-A33C1580AF6E:[f77ed7b2-82d7-4399-bb3d-1321f2261220:192.168.151.76:45993] with ContainerStateMachine:uninitialized
2019-10-04 00:25:32,737 [pool-393-thread-1] INFO  server.RaftServerConfigKeys (ConfUtils.java:logGet(43)) - raft.server.rpc.timeout.min = 5s (custom)
2019-10-04 00:25:32,737 [pool-393-thread-1] INFO  server.RaftServerConfigKeys (ConfUtils.java:logGet(43)) - raft.server.rpc.timeout.max = 5200ms (custom)
2019-10-04 00:25:32,738 [pool-393-thread-1] INFO  server.RaftServerConfigKeys (ConfUtils.java:logGet(43)) - raft.server.rpcslowness.timeout = 120s (custom)
2019-10-04 00:25:32,738 [pool-393-thread-1] INFO  server.RaftServerConfigKeys (ConfUtils.java:logGet(43)) - raft.server.sleep.deviation.threshold = 300 (default)
2019-10-04 00:25:32,738 [pool-393-thread-1] INFO  server.RaftServerConfigKeys (ConfUtils.java:logGet(43)) - raft.server.log.appender.install.snapshot.enabled = false (custom)
2019-10-04 00:25:32,738 [pool-393-thread-1] INFO  impl.RaftServerImpl (ServerState.java:<init>(103)) - f77ed7b2-82d7-4399-bb3d-1321f2261220@group-A33C1580AF6E: ConfigurationManager, init=-1: [f77ed7b2-82d7-4399-bb3d-1321f2261220:192.168.151.76:45993], old=null, confs=<EMPTY_MAP>
2019-10-04 00:25:32,738 [pool-393-thread-1] INFO  server.RaftServerConfigKeys (ConfUtils.java:logGet(43)) - raft.server.storage.dir = [/workdir/hadoop-ozone/integration-test/target/test-dir/MiniOzoneClusterImpl-f265c1b8-30a7-4229-a4f9-ba2aa99dfb7c/datanode-1/data/ratis] (custom)
2019-10-04 00:25:32,738 [pool-393-thread-1] INFO  server.RaftServerConfigKeys (ConfUtils.java:logGet(43)) - raft.server.log.corruption.policy = EXCEPTION (default)
2019-10-04 00:25:32,738 [pool-393-thread-1] INFO  storage.RaftStorageDirectory (RaftStorageDirectory.java:analyzeStorage(246)) - The storage directory /workdir/hadoop-ozone/integration-test/target/test-dir/MiniOzoneClusterImpl-f265c1b8-30a7-4229-a4f9-ba2aa99dfb7c/datanode-1/data/ratis/8a69d534-23fd-408d-8fdd-a33c1580af6e does not exist. Creating ...
2019-10-04 00:25:32,753 [pool-393-thread-1] INFO  storage.RaftStorageDirectory (RaftStorageDirectory.java:tryLock(328)) - Lock on /workdir/hadoop-ozone/integration-test/target/test-dir/MiniOzoneClusterImpl-f265c1b8-30a7-4229-a4f9-ba2aa99dfb7c/datanode-1/data/ratis/8a69d534-23fd-408d-8fdd-a33c1580af6e/in_use.lock acquired by nodename 21867@pr-hdds-1986-2jrbz-1673272497
2019-10-04 00:25:32,765 [pool-393-thread-1] INFO  storage.RaftStorage (RaftStorage.java:format(84)) - Storage directory /workdir/hadoop-ozone/integration-test/target/test-dir/MiniOzoneClusterImpl-f265c1b8-30a7-4229-a4f9-ba2aa99dfb7c/datanode-1/data/ratis/8a69d534-23fd-408d-8fdd-a33c1580af6e has been successfully formatted.
2019-10-04 00:25:32,765 [pool-393-thread-1] INFO  ratis.ContainerStateMachine (ContainerStateMachine.java:loadSnapshot(230)) - group-A33C1580AF6E: The snapshot info is null. Setting the last applied indexto:(t:0, i:~)
2019-10-04 00:25:32,766 [pool-393-thread-1] INFO  server.RaftServerConfigKeys (ConfUtils.java:logGet(43)) - raft.server.notification.no-leader.timeout = 120s (custom)
2019-10-04 00:25:32,766 [pool-393-thread-1] INFO  server.RaftServerConfigKeys (ConfUtils.java:logGet(43)) - raft.server.log.use.memory = false (default)
2019-10-04 00:25:32,766 [pool-393-thread-1] INFO  server.RaftServerConfigKeys (ConfUtils.java:logGet(43)) - raft.server.log.purge.gap = 1000000 (custom)
2019-10-04 00:25:32,766 [pool-393-thread-1] INFO  server.RaftServerConfigKeys (ConfUtils.java:logGet(43)) - raft.server.log.appender.buffer.byte-limit = 33554432 (custom)
2019-10-04 00:25:32,766 [pool-393-thread-1] INFO  server.RaftServerConfigKeys (ConfUtils.java:logGet(43)) - raft.server.log.segment.size.max = 1048576 (custom)
2019-10-04 00:25:32,767 [pool-393-thread-1] INFO  server.RaftServerConfigKeys (ConfUtils.java:logGet(43)) - raft.server.log.segment.cache.num.max = 2 (custom)
2019-10-04 00:25:32,767 [pool-393-thread-1] INFO  segmented.SegmentedRaftLogWorker (SegmentedRaftLogWorker.java:<init>(173)) - new f77ed7b2-82d7-4399-bb3d-1321f2261220@group-A33C1580AF6E-SegmentedRaftLogWorker for RaftStorage:Storage Directory /workdir/hadoop-ozone/integration-test/target/test-dir/MiniOzoneClusterImpl-f265c1b8-30a7-4229-a4f9-ba2aa99dfb7c/datanode-1/data/ratis/8a69d534-23fd-408d-8fdd-a33c1580af6e
2019-10-04 00:25:32,767 [pool-393-thread-1] INFO  server.RaftServerConfigKeys (ConfUtils.java:logGet(43)) - raft.server.log.queue.byte-limit = 2147483647 (custom)
2019-10-04 00:25:32,767 [pool-393-thread-1] INFO  server.RaftServerConfigKeys (ConfUtils.java:logGet(43)) - raft.server.log.queue.element-limit = 1024 (custom)
2019-10-04 00:25:32,767 [pool-393-thread-1] INFO  server.RaftServerConfigKeys (ConfUtils.java:logGet(43)) - raft.server.log.segment.size.max = 1048576 (custom)
2019-10-04 00:25:32,767 [pool-393-thread-1] INFO  server.RaftServerConfigKeys (ConfUtils.java:logGet(43)) - raft.server.log.preallocated.size = 16384 (custom)
2019-10-04 00:25:32,768 [pool-393-thread-1] INFO  server.RaftServerConfigKeys (ConfUtils.java:logGet(43)) - raft.server.log.write.buffer.size = 33554432 (custom)
2019-10-04 00:25:32,768 [pool-393-thread-1] INFO  server.RaftServerConfigKeys (ConfUtils.java:logGet(43)) - raft.server.log.force.sync.num = 128 (default)
2019-10-04 00:25:32,768 [pool-393-thread-1] INFO  server.RaftServerConfigKeys (ConfUtils.java:logGet(43)) - raft.server.log.statemachine.data.sync = true (default)
2019-10-04 00:25:32,768 [pool-393-thread-1] INFO  server.RaftServerConfigKeys (ConfUtils.java:logGet(43)) - raft.server.log.statemachine.data.sync.timeout = 10s (default)
2019-10-04 00:25:32,768 [pool-393-thread-1] INFO  server.RaftServerConfigKeys (ConfUtils.java:logGet(43)) - raft.server.log.statemachine.data.sync.timeout.retry = -1 (default)
2019-10-04 00:25:32,768 [pool-393-thread-1] INFO  server.RaftServerConfigKeys (ConfUtils.java:logGet(43)) - raft.server.log.statemachine.data.caching.enabled = true (custom)
2019-10-04 00:25:32,768 [pool-393-thread-1] INFO  segmented.SegmentedRaftLogWorker (SegmentedRaftLogWorker.java:lambda$new$0(128)) - f77ed7b2-82d7-4399-bb3d-1321f2261220@group-A33C1580AF6E-SegmentedRaftLogWorker: flushIndex: setUnconditionally 0 -> -1
2019-10-04 00:25:32,769 [pool-393-thread-1] INFO  server.RaftServerConfigKeys (ConfUtils.java:logGet(43)) - raft.server.snapshot.auto.trigger.enabled = true (custom)
2019-10-04 00:25:32,769 [pool-393-thread-1] INFO  server.RaftServerConfigKeys (ConfUtils.java:logGet(43)) - raft.server.snapshot.auto.trigger.threshold = 10000 (custom)
2019-10-04 00:25:32,769 [pool-393-thread-1] INFO  server.RaftServerConfigKeys (ConfUtils.java:logGet(43)) - raft.server.snapshot.retention.file.num = 5 (custom)
2019-10-04 00:25:32,769 [pool-393-thread-1] INFO  server.RaftServerConfigKeys (ConfUtils.java:logGet(43)) - raft.server.retrycache.expirytime = 600000ms (custom)
2019-10-04 00:25:32,770 [pool-393-thread-1] INFO  impl.RaftServerImpl (RaftServerImpl.java:start(181)) - f77ed7b2-82d7-4399-bb3d-1321f2261220@group-A33C1580AF6E: start as a follower, conf=-1: [f77ed7b2-82d7-4399-bb3d-1321f2261220:192.168.151.76:45993], old=null
2019-10-04 00:25:32,770 [pool-393-thread-1] INFO  impl.RaftServerImpl (RaftServerImpl.java:setRole(170)) - f77ed7b2-82d7-4399-bb3d-1321f2261220@group-A33C1580AF6E: changes role from      null to FOLLOWER at term 0 for startAsFollower
2019-10-04 00:25:32,770 [pool-393-thread-1] INFO  impl.RoleInfo (RoleInfo.java:updateAndGet(143)) - f77ed7b2-82d7-4399-bb3d-1321f2261220: start FollowerState
2019-10-04 00:25:32,770 [pool-393-thread-1] INFO  util.JmxRegister (JmxRegister.java:tryRegister(44)) - Successfully registered JMX Bean with object name Ratis:service=RaftServer,group=group-A33C1580AF6E,id=f77ed7b2-82d7-4399-bb3d-1321f2261220
2019-10-04 00:25:32,774 [RatisPipelineUtilsThread] INFO  pipeline.PipelineStateManager (PipelineStateManager.java:addPipeline(56)) - Created pipeline Pipeline[ Id: 8a69d534-23fd-408d-8fdd-a33c1580af6e, Nodes: f77ed7b2-82d7-4399-bb3d-1321f2261220{ip: 192.168.151.76, host: pr-hdds-1986-2jrbz-1673272497, networkLocation: /default-rack, certSerialId: null}, Type:RATIS, Factor:ONE, State:OPEN]
2019-10-04 00:25:32,814 [IPC Server handler 6 on 38565] INFO  net.NetworkTopology (NetworkTopologyImpl.java:add(111)) - Added a new node: /default-rack/2c692606-4e48-4178-b7d0-0515837b2c0a
2019-10-04 00:25:32,814 [IPC Server handler 6 on 38565] INFO  node.SCMNodeManager (SCMNodeManager.java:register(266)) - Registered Data node : 2c692606-4e48-4178-b7d0-0515837b2c0a{ip: 192.168.151.76, host: pr-hdds-1986-2jrbz-1673272497, networkLocation: /default-rack, certSerialId: null}
2019-10-04 00:25:32,828 [grpc-default-executor-0] INFO  impl.RaftServerProxy (RaftServerProxy.java:addNew(89)) - 2c692606-4e48-4178-b7d0-0515837b2c0a: addNew group-19C2CF80E3EA:[2c692606-4e48-4178-b7d0-0515837b2c0a:192.168.151.76:38377] returns group-19C2CF80E3EA:java.util.concurrent.CompletableFuture@41ec33a3[Not completed]
2019-10-04 00:25:32,830 [pool-403-thread-1] INFO  impl.RaftServerImpl (RaftServerImpl.java:<init>(95)) - 2c692606-4e48-4178-b7d0-0515837b2c0a: new RaftServerImpl for group-19C2CF80E3EA:[2c692606-4e48-4178-b7d0-0515837b2c0a:192.168.151.76:38377] with ContainerStateMachine:uninitialized
2019-10-04 00:25:32,830 [pool-403-thread-1] INFO  server.RaftServerConfigKeys (ConfUtils.java:logGet(43)) - raft.server.rpc.timeout.min = 5s (custom)
2019-10-04 00:25:32,831 [pool-403-thread-1] INFO  server.RaftServerConfigKeys (ConfUtils.java:logGet(43)) - raft.server.rpc.timeout.max = 5200ms (custom)
2019-10-04 00:25:32,831 [pool-403-thread-1] INFO  server.RaftServerConfigKeys (ConfUtils.java:logGet(43)) - raft.server.rpcslowness.timeout = 120s (custom)
2019-10-04 00:25:32,831 [pool-403-thread-1] INFO  server.RaftServerConfigKeys (ConfUtils.java:logGet(43)) - raft.server.sleep.deviation.threshold = 300 (default)
2019-10-04 00:25:32,831 [pool-403-thread-1] INFO  server.RaftServerConfigKeys (ConfUtils.java:logGet(43)) - raft.server.log.appender.install.snapshot.enabled = false (custom)
2019-10-04 00:25:32,831 [pool-403-thread-1] INFO  impl.RaftServerImpl (ServerState.java:<init>(103)) - 2c692606-4e48-4178-b7d0-0515837b2c0a@group-19C2CF80E3EA: ConfigurationManager, init=-1: [2c692606-4e48-4178-b7d0-0515837b2c0a:192.168.151.76:38377], old=null, confs=<EMPTY_MAP>
2019-10-04 00:25:32,832 [pool-403-thread-1] INFO  server.RaftServerConfigKeys (ConfUtils.java:logGet(43)) - raft.server.storage.dir = [/workdir/hadoop-ozone/integration-test/target/test-dir/MiniOzoneClusterImpl-f265c1b8-30a7-4229-a4f9-ba2aa99dfb7c/datanode-2/data/ratis] (custom)
2019-10-04 00:25:32,832 [pool-403-thread-1] INFO  server.RaftServerConfigKeys (ConfUtils.java:logGet(43)) - raft.server.log.corruption.policy = EXCEPTION (default)
2019-10-04 00:25:32,832 [pool-403-thread-1] INFO  storage.RaftStorageDirectory (RaftStorageDirectory.java:analyzeStorage(246)) - The storage directory /workdir/hadoop-ozone/integration-test/target/test-dir/MiniOzoneClusterImpl-f265c1b8-30a7-4229-a4f9-ba2aa99dfb7c/datanode-2/data/ratis/2eb173dd-eb90-48f1-bafc-19c2cf80e3ea does not exist. Creating ...
2019-10-04 00:25:32,845 [pool-403-thread-1] INFO  storage.RaftStorageDirectory (RaftStorageDirectory.java:tryLock(328)) - Lock on /workdir/hadoop-ozone/integration-test/target/test-dir/MiniOzoneClusterImpl-f265c1b8-30a7-4229-a4f9-ba2aa99dfb7c/datanode-2/data/ratis/2eb173dd-eb90-48f1-bafc-19c2cf80e3ea/in_use.lock acquired by nodename 21867@pr-hdds-1986-2jrbz-1673272497
2019-10-04 00:25:32,858 [pool-403-thread-1] INFO  storage.RaftStorage (RaftStorage.java:format(84)) - Storage directory /workdir/hadoop-ozone/integration-test/target/test-dir/MiniOzoneClusterImpl-f265c1b8-30a7-4229-a4f9-ba2aa99dfb7c/datanode-2/data/ratis/2eb173dd-eb90-48f1-bafc-19c2cf80e3ea has been successfully formatted.
2019-10-04 00:25:32,858 [pool-403-thread-1] INFO  ratis.ContainerStateMachine (ContainerStateMachine.java:loadSnapshot(230)) - group-19C2CF80E3EA: The snapshot info is null. Setting the last applied indexto:(t:0, i:~)
2019-10-04 00:25:32,858 [pool-403-thread-1] INFO  server.RaftServerConfigKeys (ConfUtils.java:logGet(43)) - raft.server.notification.no-leader.timeout = 120s (custom)
2019-10-04 00:25:32,858 [pool-403-thread-1] INFO  server.RaftServerConfigKeys (ConfUtils.java:logGet(43)) - raft.server.log.use.memory = false (default)
2019-10-04 00:25:32,858 [pool-403-thread-1] INFO  server.RaftServerConfigKeys (ConfUtils.java:logGet(43)) - raft.server.log.purge.gap = 1000000 (custom)
2019-10-04 00:25:32,859 [pool-403-thread-1] INFO  server.RaftServerConfigKeys (ConfUtils.java:logGet(43)) - raft.server.log.appender.buffer.byte-limit = 33554432 (custom)
2019-10-04 00:25:32,859 [pool-403-thread-1] INFO  server.RaftServerConfigKeys (ConfUtils.java:logGet(43)) - raft.server.log.segment.size.max = 1048576 (custom)
2019-10-04 00:25:32,861 [pool-403-thread-1] INFO  server.RaftServerConfigKeys (ConfUtils.java:logGet(43)) - raft.server.log.segment.cache.num.max = 2 (custom)
2019-10-04 00:25:32,861 [pool-403-thread-1] INFO  segmented.SegmentedRaftLogWorker (SegmentedRaftLogWorker.java:<init>(173)) - new 2c692606-4e48-4178-b7d0-0515837b2c0a@group-19C2CF80E3EA-SegmentedRaftLogWorker for RaftStorage:Storage Directory /workdir/hadoop-ozone/integration-test/target/test-dir/MiniOzoneClusterImpl-f265c1b8-30a7-4229-a4f9-ba2aa99dfb7c/datanode-2/data/ratis/2eb173dd-eb90-48f1-bafc-19c2cf80e3ea
2019-10-04 00:25:32,861 [pool-403-thread-1] INFO  server.RaftServerConfigKeys (ConfUtils.java:logGet(43)) - raft.server.log.queue.byte-limit = 2147483647 (custom)
2019-10-04 00:25:32,861 [pool-403-thread-1] INFO  server.RaftServerConfigKeys (ConfUtils.java:logGet(43)) - raft.server.log.queue.element-limit = 1024 (custom)
2019-10-04 00:25:32,862 [pool-403-thread-1] INFO  server.RaftServerConfigKeys (ConfUtils.java:logGet(43)) - raft.server.log.segment.size.max = 1048576 (custom)
2019-10-04 00:25:32,862 [pool-403-thread-1] INFO  server.RaftServerConfigKeys (ConfUtils.java:logGet(43)) - raft.server.log.preallocated.size = 16384 (custom)
2019-10-04 00:25:32,862 [pool-403-thread-1] INFO  server.RaftServerConfigKeys (ConfUtils.java:logGet(43)) - raft.server.log.write.buffer.size = 33554432 (custom)
2019-10-04 00:25:32,862 [pool-403-thread-1] INFO  server.RaftServerConfigKeys (ConfUtils.java:logGet(43)) - raft.server.log.force.sync.num = 128 (default)
2019-10-04 00:25:32,862 [pool-403-thread-1] INFO  server.RaftServerConfigKeys (ConfUtils.java:logGet(43)) - raft.server.log.statemachine.data.sync = true (default)
2019-10-04 00:25:32,862 [pool-403-thread-1] INFO  server.RaftServerConfigKeys (ConfUtils.java:logGet(43)) - raft.server.log.statemachine.data.sync.timeout = 10s (default)
2019-10-04 00:25:32,862 [pool-403-thread-1] INFO  server.RaftServerConfigKeys (ConfUtils.java:logGet(43)) - raft.server.log.statemachine.data.sync.timeout.retry = -1 (default)
2019-10-04 00:25:32,863 [pool-403-thread-1] INFO  server.RaftServerConfigKeys (ConfUtils.java:logGet(43)) - raft.server.log.statemachine.data.caching.enabled = true (custom)
2019-10-04 00:25:32,863 [pool-403-thread-1] INFO  segmented.SegmentedRaftLogWorker (SegmentedRaftLogWorker.java:lambda$new$0(128)) - 2c692606-4e48-4178-b7d0-0515837b2c0a@group-19C2CF80E3EA-SegmentedRaftLogWorker: flushIndex: setUnconditionally 0 -> -1
2019-10-04 00:25:32,864 [pool-403-thread-1] INFO  server.RaftServerConfigKeys (ConfUtils.java:logGet(43)) - raft.server.snapshot.auto.trigger.enabled = true (custom)
2019-10-04 00:25:32,864 [pool-403-thread-1] INFO  server.RaftServerConfigKeys (ConfUtils.java:logGet(43)) - raft.server.snapshot.auto.trigger.threshold = 10000 (custom)
2019-10-04 00:25:32,864 [pool-403-thread-1] INFO  server.RaftServerConfigKeys (ConfUtils.java:logGet(43)) - raft.server.snapshot.retention.file.num = 5 (custom)
2019-10-04 00:25:32,864 [pool-403-thread-1] INFO  server.RaftServerConfigKeys (ConfUtils.java:logGet(43)) - raft.server.retrycache.expirytime = 600000ms (custom)
2019-10-04 00:25:32,866 [pool-403-thread-1] INFO  impl.RaftServerImpl (RaftServerImpl.java:start(181)) - 2c692606-4e48-4178-b7d0-0515837b2c0a@group-19C2CF80E3EA: start as a follower, conf=-1: [2c692606-4e48-4178-b7d0-0515837b2c0a:192.168.151.76:38377], old=null
2019-10-04 00:25:32,867 [pool-403-thread-1] INFO  impl.RaftServerImpl (RaftServerImpl.java:setRole(170)) - 2c692606-4e48-4178-b7d0-0515837b2c0a@group-19C2CF80E3EA: changes role from      null to FOLLOWER at term 0 for startAsFollower
2019-10-04 00:25:32,867 [pool-403-thread-1] INFO  impl.RoleInfo (RoleInfo.java:updateAndGet(143)) - 2c692606-4e48-4178-b7d0-0515837b2c0a: start FollowerState
2019-10-04 00:25:32,867 [pool-403-thread-1] INFO  util.JmxRegister (JmxRegister.java:tryRegister(44)) - Successfully registered JMX Bean with object name Ratis:service=RaftServer,group=group-19C2CF80E3EA,id=2c692606-4e48-4178-b7d0-0515837b2c0a
2019-10-04 00:25:32,872 [RatisPipelineUtilsThread] INFO  pipeline.PipelineStateManager (PipelineStateManager.java:addPipeline(56)) - Created pipeline Pipeline[ Id: 2eb173dd-eb90-48f1-bafc-19c2cf80e3ea, Nodes: 2c692606-4e48-4178-b7d0-0515837b2c0a{ip: 192.168.151.76, host: pr-hdds-1986-2jrbz-1673272497, networkLocation: /default-rack, certSerialId: null}, Type:RATIS, Factor:ONE, State:OPEN]
2019-10-04 00:25:32,894 [grpc-default-executor-4] INFO  impl.RaftServerProxy (RaftServerProxy.java:addNew(89)) - f77ed7b2-82d7-4399-bb3d-1321f2261220: addNew group-1B2579702351:[6b3dee82-9f2e-414f-9a2b-fe03fbe9530d:192.168.151.76:41174, 2c692606-4e48-4178-b7d0-0515837b2c0a:192.168.151.76:38377, f77ed7b2-82d7-4399-bb3d-1321f2261220:192.168.151.76:45993] returns group-1B2579702351:java.util.concurrent.CompletableFuture@49d1ec45[Not completed]
2019-10-04 00:25:32,895 [grpc-default-executor-4] INFO  impl.RaftServerProxy (RaftServerProxy.java:addNew(89)) - 6b3dee82-9f2e-414f-9a2b-fe03fbe9530d: addNew group-1B2579702351:[6b3dee82-9f2e-414f-9a2b-fe03fbe9530d:192.168.151.76:41174, 2c692606-4e48-4178-b7d0-0515837b2c0a:192.168.151.76:38377, f77ed7b2-82d7-4399-bb3d-1321f2261220:192.168.151.76:45993] returns group-1B2579702351:java.util.concurrent.CompletableFuture@57d7f2e8[Not completed]
2019-10-04 00:25:32,895 [grpc-default-executor-4] INFO  impl.RaftServerProxy (RaftServerProxy.java:addNew(89)) - 2c692606-4e48-4178-b7d0-0515837b2c0a: addNew group-1B2579702351:[6b3dee82-9f2e-414f-9a2b-fe03fbe9530d:192.168.151.76:41174, 2c692606-4e48-4178-b7d0-0515837b2c0a:192.168.151.76:38377, f77ed7b2-82d7-4399-bb3d-1321f2261220:192.168.151.76:45993] returns group-1B2579702351:java.util.concurrent.CompletableFuture@7b1ebe1b[Not completed]
2019-10-04 00:25:32,895 [pool-393-thread-1] INFO  impl.RaftServerImpl (RaftServerImpl.java:<init>(95)) - f77ed7b2-82d7-4399-bb3d-1321f2261220: new RaftServerImpl for group-1B2579702351:[6b3dee82-9f2e-414f-9a2b-fe03fbe9530d:192.168.151.76:41174, 2c692606-4e48-4178-b7d0-0515837b2c0a:192.168.151.76:38377, f77ed7b2-82d7-4399-bb3d-1321f2261220:192.168.151.76:45993] with ContainerStateMachine:uninitialized
2019-10-04 00:25:32,896 [pool-393-thread-1] INFO  server.RaftServerConfigKeys (ConfUtils.java:logGet(43)) - raft.server.rpc.timeout.min = 5s (custom)
2019-10-04 00:25:32,896 [pool-393-thread-1] INFO  server.RaftServerConfigKeys (ConfUtils.java:logGet(43)) - raft.server.rpc.timeout.max = 5200ms (custom)
2019-10-04 00:25:32,896 [pool-383-thread-1] INFO  impl.RaftServerImpl (RaftServerImpl.java:<init>(95)) - 6b3dee82-9f2e-414f-9a2b-fe03fbe9530d: new RaftServerImpl for group-1B2579702351:[6b3dee82-9f2e-414f-9a2b-fe03fbe9530d:192.168.151.76:41174, 2c692606-4e48-4178-b7d0-0515837b2c0a:192.168.151.76:38377, f77ed7b2-82d7-4399-bb3d-1321f2261220:192.168.151.76:45993] with ContainerStateMachine:uninitialized
2019-10-04 00:25:32,896 [pool-393-thread-1] INFO  server.RaftServerConfigKeys (ConfUtils.java:logGet(43)) - raft.server.rpcslowness.timeout = 120s (custom)
2019-10-04 00:25:32,896 [pool-383-thread-1] INFO  server.RaftServerConfigKeys (ConfUtils.java:logGet(43)) - raft.server.rpc.timeout.min = 5s (custom)
2019-10-04 00:25:32,896 [pool-393-thread-1] INFO  server.RaftServerConfigKeys (ConfUtils.java:logGet(43)) - raft.server.sleep.deviation.threshold = 300 (default)
2019-10-04 00:25:32,896 [pool-383-thread-1] INFO  server.RaftServerConfigKeys (ConfUtils.java:logGet(43)) - raft.server.rpc.timeout.max = 5200ms (custom)
2019-10-04 00:25:32,896 [pool-393-thread-1] INFO  server.RaftServerConfigKeys (ConfUtils.java:logGet(43)) - raft.server.log.appender.install.snapshot.enabled = false (custom)
2019-10-04 00:25:32,896 [pool-383-thread-1] INFO  server.RaftServerConfigKeys (ConfUtils.java:logGet(43)) - raft.server.rpcslowness.timeout = 120s (custom)
2019-10-04 00:25:32,897 [pool-393-thread-1] INFO  impl.RaftServerImpl (ServerState.java:<init>(103)) - f77ed7b2-82d7-4399-bb3d-1321f2261220@group-1B2579702351: ConfigurationManager, init=-1: [6b3dee82-9f2e-414f-9a2b-fe03fbe9530d:192.168.151.76:41174, 2c692606-4e48-4178-b7d0-0515837b2c0a:192.168.151.76:38377, f77ed7b2-82d7-4399-bb3d-1321f2261220:192.168.151.76:45993], old=null, confs=<EMPTY_MAP>
2019-10-04 00:25:32,897 [pool-383-thread-1] INFO  server.RaftServerConfigKeys (ConfUtils.java:logGet(43)) - raft.server.sleep.deviation.threshold = 300 (default)
2019-10-04 00:25:32,897 [pool-383-thread-1] INFO  server.RaftServerConfigKeys (ConfUtils.java:logGet(43)) - raft.server.log.appender.install.snapshot.enabled = false (custom)
2019-10-04 00:25:32,897 [pool-393-thread-1] INFO  server.RaftServerConfigKeys (ConfUtils.java:logGet(43)) - raft.server.storage.dir = [/workdir/hadoop-ozone/integration-test/target/test-dir/MiniOzoneClusterImpl-f265c1b8-30a7-4229-a4f9-ba2aa99dfb7c/datanode-1/data/ratis] (custom)
2019-10-04 00:25:32,897 [pool-383-thread-1] INFO  impl.RaftServerImpl (ServerState.java:<init>(103)) - 6b3dee82-9f2e-414f-9a2b-fe03fbe9530d@group-1B2579702351: ConfigurationManager, init=-1: [6b3dee82-9f2e-414f-9a2b-fe03fbe9530d:192.168.151.76:41174, 2c692606-4e48-4178-b7d0-0515837b2c0a:192.168.151.76:38377, f77ed7b2-82d7-4399-bb3d-1321f2261220:192.168.151.76:45993], old=null, confs=<EMPTY_MAP>
2019-10-04 00:25:32,897 [pool-403-thread-1] INFO  impl.RaftServerImpl (RaftServerImpl.java:<init>(95)) - 2c692606-4e48-4178-b7d0-0515837b2c0a: new RaftServerImpl for group-1B2579702351:[6b3dee82-9f2e-414f-9a2b-fe03fbe9530d:192.168.151.76:41174, 2c692606-4e48-4178-b7d0-0515837b2c0a:192.168.151.76:38377, f77ed7b2-82d7-4399-bb3d-1321f2261220:192.168.151.76:45993] with ContainerStateMachine:uninitialized
2019-10-04 00:25:32,897 [pool-393-thread-1] INFO  server.RaftServerConfigKeys (ConfUtils.java:logGet(43)) - raft.server.log.corruption.policy = EXCEPTION (default)
2019-10-04 00:25:32,897 [pool-383-thread-1] INFO  server.RaftServerConfigKeys (ConfUtils.java:logGet(43)) - raft.server.storage.dir = [/workdir/hadoop-ozone/integration-test/target/test-dir/MiniOzoneClusterImpl-f265c1b8-30a7-4229-a4f9-ba2aa99dfb7c/datanode-0/data/ratis] (custom)
2019-10-04 00:25:32,897 [pool-403-thread-1] INFO  server.RaftServerConfigKeys (ConfUtils.java:logGet(43)) - raft.server.rpc.timeout.min = 5s (custom)
2019-10-04 00:25:32,898 [pool-383-thread-1] INFO  server.RaftServerConfigKeys (ConfUtils.java:logGet(43)) - raft.server.log.corruption.policy = EXCEPTION (default)
2019-10-04 00:25:32,897 [pool-393-thread-1] INFO  storage.RaftStorageDirectory (RaftStorageDirectory.java:analyzeStorage(246)) - The storage directory /workdir/hadoop-ozone/integration-test/target/test-dir/MiniOzoneClusterImpl-f265c1b8-30a7-4229-a4f9-ba2aa99dfb7c/datanode-1/data/ratis/d2d403a9-dca2-4a78-82a9-1b2579702351 does not exist. Creating ...
2019-10-04 00:25:32,898 [pool-383-thread-1] INFO  storage.RaftStorageDirectory (RaftStorageDirectory.java:analyzeStorage(246)) - The storage directory /workdir/hadoop-ozone/integration-test/target/test-dir/MiniOzoneClusterImpl-f265c1b8-30a7-4229-a4f9-ba2aa99dfb7c/datanode-0/data/ratis/d2d403a9-dca2-4a78-82a9-1b2579702351 does not exist. Creating ...
2019-10-04 00:25:32,898 [pool-403-thread-1] INFO  server.RaftServerConfigKeys (ConfUtils.java:logGet(43)) - raft.server.rpc.timeout.max = 5200ms (custom)
2019-10-04 00:25:32,898 [pool-403-thread-1] INFO  server.RaftServerConfigKeys (ConfUtils.java:logGet(43)) - raft.server.rpcslowness.timeout = 120s (custom)
2019-10-04 00:25:32,898 [pool-403-thread-1] INFO  server.RaftServerConfigKeys (ConfUtils.java:logGet(43)) - raft.server.sleep.deviation.threshold = 300 (default)
2019-10-04 00:25:32,898 [pool-403-thread-1] INFO  server.RaftServerConfigKeys (ConfUtils.java:logGet(43)) - raft.server.log.appender.install.snapshot.enabled = false (custom)
2019-10-04 00:25:32,898 [pool-403-thread-1] INFO  impl.RaftServerImpl (ServerState.java:<init>(103)) - 2c692606-4e48-4178-b7d0-0515837b2c0a@group-1B2579702351: ConfigurationManager, init=-1: [6b3dee82-9f2e-414f-9a2b-fe03fbe9530d:192.168.151.76:41174, 2c692606-4e48-4178-b7d0-0515837b2c0a:192.168.151.76:38377, f77ed7b2-82d7-4399-bb3d-1321f2261220:192.168.151.76:45993], old=null, confs=<EMPTY_MAP>
2019-10-04 00:25:32,899 [pool-403-thread-1] INFO  server.RaftServerConfigKeys (ConfUtils.java:logGet(43)) - raft.server.storage.dir = [/workdir/hadoop-ozone/integration-test/target/test-dir/MiniOzoneClusterImpl-f265c1b8-30a7-4229-a4f9-ba2aa99dfb7c/datanode-2/data/ratis] (custom)
2019-10-04 00:25:32,899 [pool-403-thread-1] INFO  server.RaftServerConfigKeys (ConfUtils.java:logGet(43)) - raft.server.log.corruption.policy = EXCEPTION (default)
2019-10-04 00:25:32,899 [pool-403-thread-1] INFO  storage.RaftStorageDirectory (RaftStorageDirectory.java:analyzeStorage(246)) - The storage directory /workdir/hadoop-ozone/integration-test/target/test-dir/MiniOzoneClusterImpl-f265c1b8-30a7-4229-a4f9-ba2aa99dfb7c/datanode-2/data/ratis/d2d403a9-dca2-4a78-82a9-1b2579702351 does not exist. Creating ...
2019-10-04 00:25:32,907 [IPC Server handler 0 on 38565] INFO  net.NetworkTopology (NetworkTopologyImpl.java:add(111)) - Added a new node: /default-rack/974c641e-ebb6-4bfa-8045-c1a31d66bb9a
2019-10-04 00:25:32,907 [IPC Server handler 0 on 38565] INFO  node.SCMNodeManager (SCMNodeManager.java:register(266)) - Registered Data node : 974c641e-ebb6-4bfa-8045-c1a31d66bb9a{ip: 192.168.151.76, host: pr-hdds-1986-2jrbz-1673272497, networkLocation: /default-rack, certSerialId: null}
2019-10-04 00:25:32,922 [pool-393-thread-1] INFO  storage.RaftStorageDirectory (RaftStorageDirectory.java:tryLock(328)) - Lock on /workdir/hadoop-ozone/integration-test/target/test-dir/MiniOzoneClusterImpl-f265c1b8-30a7-4229-a4f9-ba2aa99dfb7c/datanode-1/data/ratis/d2d403a9-dca2-4a78-82a9-1b2579702351/in_use.lock acquired by nodename 21867@pr-hdds-1986-2jrbz-1673272497
2019-10-04 00:25:32,922 [pool-383-thread-1] INFO  storage.RaftStorageDirectory (RaftStorageDirectory.java:tryLock(328)) - Lock on /workdir/hadoop-ozone/integration-test/target/test-dir/MiniOzoneClusterImpl-f265c1b8-30a7-4229-a4f9-ba2aa99dfb7c/datanode-0/data/ratis/d2d403a9-dca2-4a78-82a9-1b2579702351/in_use.lock acquired by nodename 21867@pr-hdds-1986-2jrbz-1673272497
2019-10-04 00:25:32,922 [pool-403-thread-1] INFO  storage.RaftStorageDirectory (RaftStorageDirectory.java:tryLock(328)) - Lock on /workdir/hadoop-ozone/integration-test/target/test-dir/MiniOzoneClusterImpl-f265c1b8-30a7-4229-a4f9-ba2aa99dfb7c/datanode-2/data/ratis/d2d403a9-dca2-4a78-82a9-1b2579702351/in_use.lock acquired by nodename 21867@pr-hdds-1986-2jrbz-1673272497
2019-10-04 00:25:32,938 [pool-403-thread-1] INFO  storage.RaftStorage (RaftStorage.java:format(84)) - Storage directory /workdir/hadoop-ozone/integration-test/target/test-dir/MiniOzoneClusterImpl-f265c1b8-30a7-4229-a4f9-ba2aa99dfb7c/datanode-2/data/ratis/d2d403a9-dca2-4a78-82a9-1b2579702351 has been successfully formatted.
2019-10-04 00:25:32,938 [pool-393-thread-1] INFO  storage.RaftStorage (RaftStorage.java:format(84)) - Storage directory /workdir/hadoop-ozone/integration-test/target/test-dir/MiniOzoneClusterImpl-f265c1b8-30a7-4229-a4f9-ba2aa99dfb7c/datanode-1/data/ratis/d2d403a9-dca2-4a78-82a9-1b2579702351 has been successfully formatted.
2019-10-04 00:25:32,938 [pool-383-thread-1] INFO  storage.RaftStorage (RaftStorage.java:format(84)) - Storage directory /workdir/hadoop-ozone/integration-test/target/test-dir/MiniOzoneClusterImpl-f265c1b8-30a7-4229-a4f9-ba2aa99dfb7c/datanode-0/data/ratis/d2d403a9-dca2-4a78-82a9-1b2579702351 has been successfully formatted.
2019-10-04 00:25:32,939 [pool-393-thread-1] INFO  ratis.ContainerStateMachine (ContainerStateMachine.java:loadSnapshot(230)) - group-1B2579702351: The snapshot info is null. Setting the last applied indexto:(t:0, i:~)
2019-10-04 00:25:32,938 [pool-403-thread-1] INFO  ratis.ContainerStateMachine (ContainerStateMachine.java:loadSnapshot(230)) - group-1B2579702351: The snapshot info is null. Setting the last applied indexto:(t:0, i:~)
2019-10-04 00:25:32,939 [pool-393-thread-1] INFO  server.RaftServerConfigKeys (ConfUtils.java:logGet(43)) - raft.server.notification.no-leader.timeout = 120s (custom)
2019-10-04 00:25:32,939 [pool-383-thread-1] INFO  ratis.ContainerStateMachine (ContainerStateMachine.java:loadSnapshot(230)) - group-1B2579702351: The snapshot info is null. Setting the last applied indexto:(t:0, i:~)
2019-10-04 00:25:32,939 [pool-393-thread-1] INFO  server.RaftServerConfigKeys (ConfUtils.java:logGet(43)) - raft.server.log.use.memory = false (default)
2019-10-04 00:25:32,939 [pool-403-thread-1] INFO  server.RaftServerConfigKeys (ConfUtils.java:logGet(43)) - raft.server.notification.no-leader.timeout = 120s (custom)
2019-10-04 00:25:32,939 [pool-393-thread-1] INFO  server.RaftServerConfigKeys (ConfUtils.java:logGet(43)) - raft.server.log.purge.gap = 1000000 (custom)
2019-10-04 00:25:32,939 [pool-383-thread-1] INFO  server.RaftServerConfigKeys (ConfUtils.java:logGet(43)) - raft.server.notification.no-leader.timeout = 120s (custom)
2019-10-04 00:25:32,940 [pool-393-thread-1] INFO  server.RaftServerConfigKeys (ConfUtils.java:logGet(43)) - raft.server.log.appender.buffer.byte-limit = 33554432 (custom)
2019-10-04 00:25:32,939 [pool-403-thread-1] INFO  server.RaftServerConfigKeys (ConfUtils.java:logGet(43)) - raft.server.log.use.memory = false (default)
2019-10-04 00:25:32,940 [pool-393-thread-1] INFO  server.RaftServerConfigKeys (ConfUtils.java:logGet(43)) - raft.server.log.segment.size.max = 1048576 (custom)
2019-10-04 00:25:32,940 [pool-383-thread-1] INFO  server.RaftServerConfigKeys (ConfUtils.java:logGet(43)) - raft.server.log.use.memory = false (default)
2019-10-04 00:25:32,940 [pool-393-thread-1] INFO  server.RaftServerConfigKeys (ConfUtils.java:logGet(43)) - raft.server.log.segment.cache.num.max = 2 (custom)
2019-10-04 00:25:32,940 [pool-393-thread-1] INFO  segmented.SegmentedRaftLogWorker (SegmentedRaftLogWorker.java:<init>(173)) - new f77ed7b2-82d7-4399-bb3d-1321f2261220@group-1B2579702351-SegmentedRaftLogWorker for RaftStorage:Storage Directory /workdir/hadoop-ozone/integration-test/target/test-dir/MiniOzoneClusterImpl-f265c1b8-30a7-4229-a4f9-ba2aa99dfb7c/datanode-1/data/ratis/d2d403a9-dca2-4a78-82a9-1b2579702351
2019-10-04 00:25:32,940 [pool-403-thread-1] INFO  server.RaftServerConfigKeys (ConfUtils.java:logGet(43)) - raft.server.log.purge.gap = 1000000 (custom)
2019-10-04 00:25:32,941 [pool-393-thread-1] INFO  server.RaftServerConfigKeys (ConfUtils.java:logGet(43)) - raft.server.log.queue.byte-limit = 2147483647 (custom)
2019-10-04 00:25:32,940 [pool-383-thread-1] INFO  server.RaftServerConfigKeys (ConfUtils.java:logGet(43)) - raft.server.log.purge.gap = 1000000 (custom)
2019-10-04 00:25:32,941 [pool-393-thread-1] INFO  server.RaftServerConfigKeys (ConfUtils.java:logGet(43)) - raft.server.log.queue.element-limit = 1024 (custom)
2019-10-04 00:25:32,941 [pool-403-thread-1] INFO  server.RaftServerConfigKeys (ConfUtils.java:logGet(43)) - raft.server.log.appender.buffer.byte-limit = 33554432 (custom)
2019-10-04 00:25:32,941 [pool-393-thread-1] INFO  server.RaftServerConfigKeys (ConfUtils.java:logGet(43)) - raft.server.log.segment.size.max = 1048576 (custom)
2019-10-04 00:25:32,941 [pool-383-thread-1] INFO  server.RaftServerConfigKeys (ConfUtils.java:logGet(43)) - raft.server.log.appender.buffer.byte-limit = 33554432 (custom)
2019-10-04 00:25:32,941 [pool-393-thread-1] INFO  server.RaftServerConfigKeys (ConfUtils.java:logGet(43)) - raft.server.log.preallocated.size = 16384 (custom)
2019-10-04 00:25:32,941 [pool-403-thread-1] INFO  server.RaftServerConfigKeys (ConfUtils.java:logGet(43)) - raft.server.log.segment.size.max = 1048576 (custom)
2019-10-04 00:25:32,942 [pool-393-thread-1] INFO  server.RaftServerConfigKeys (ConfUtils.java:logGet(43)) - raft.server.log.write.buffer.size = 33554432 (custom)
2019-10-04 00:25:32,942 [pool-383-thread-1] INFO  server.RaftServerConfigKeys (ConfUtils.java:logGet(43)) - raft.server.log.segment.size.max = 1048576 (custom)
2019-10-04 00:25:32,942 [pool-393-thread-1] INFO  server.RaftServerConfigKeys (ConfUtils.java:logGet(43)) - raft.server.log.force.sync.num = 128 (default)
2019-10-04 00:25:32,942 [pool-403-thread-1] INFO  server.RaftServerConfigKeys (ConfUtils.java:logGet(43)) - raft.server.log.segment.cache.num.max = 2 (custom)
2019-10-04 00:25:32,942 [pool-393-thread-1] INFO  server.RaftServerConfigKeys (ConfUtils.java:logGet(43)) - raft.server.log.statemachine.data.sync = true (default)
2019-10-04 00:25:32,942 [pool-383-thread-1] INFO  server.RaftServerConfigKeys (ConfUtils.java:logGet(43)) - raft.server.log.segment.cache.num.max = 2 (custom)
2019-10-04 00:25:32,943 [pool-393-thread-1] INFO  server.RaftServerConfigKeys (ConfUtils.java:logGet(43)) - raft.server.log.statemachine.data.sync.timeout = 10s (default)
2019-10-04 00:25:32,942 [pool-403-thread-1] INFO  segmented.SegmentedRaftLogWorker (SegmentedRaftLogWorker.java:<init>(173)) - new 2c692606-4e48-4178-b7d0-0515837b2c0a@group-1B2579702351-SegmentedRaftLogWorker for RaftStorage:Storage Directory /workdir/hadoop-ozone/integration-test/target/test-dir/MiniOzoneClusterImpl-f265c1b8-30a7-4229-a4f9-ba2aa99dfb7c/datanode-2/data/ratis/d2d403a9-dca2-4a78-82a9-1b2579702351
2019-10-04 00:25:32,943 [pool-393-thread-1] INFO  server.RaftServerConfigKeys (ConfUtils.java:logGet(43)) - raft.server.log.statemachine.data.sync.timeout.retry = -1 (default)
2019-10-04 00:25:32,943 [pool-383-thread-1] INFO  segmented.SegmentedRaftLogWorker (SegmentedRaftLogWorker.java:<init>(173)) - new 6b3dee82-9f2e-414f-9a2b-fe03fbe9530d@group-1B2579702351-SegmentedRaftLogWorker for RaftStorage:Storage Directory /workdir/hadoop-ozone/integration-test/target/test-dir/MiniOzoneClusterImpl-f265c1b8-30a7-4229-a4f9-ba2aa99dfb7c/datanode-0/data/ratis/d2d403a9-dca2-4a78-82a9-1b2579702351
2019-10-04 00:25:32,943 [pool-393-thread-1] INFO  server.RaftServerConfigKeys (ConfUtils.java:logGet(43)) - raft.server.log.statemachine.data.caching.enabled = true (custom)
2019-10-04 00:25:32,943 [pool-403-thread-1] INFO  server.RaftServerConfigKeys (ConfUtils.java:logGet(43)) - raft.server.log.queue.byte-limit = 2147483647 (custom)
2019-10-04 00:25:32,944 [pool-393-thread-1] INFO  segmented.SegmentedRaftLogWorker (SegmentedRaftLogWorker.java:lambda$new$0(128)) - f77ed7b2-82d7-4399-bb3d-1321f2261220@group-1B2579702351-SegmentedRaftLogWorker: flushIndex: setUnconditionally 0 -> -1
2019-10-04 00:25:32,943 [pool-383-thread-1] INFO  server.RaftServerConfigKeys (ConfUtils.java:logGet(43)) - raft.server.log.queue.byte-limit = 2147483647 (custom)
2019-10-04 00:25:32,944 [pool-403-thread-1] INFO  server.RaftServerConfigKeys (ConfUtils.java:logGet(43)) - raft.server.log.queue.element-limit = 1024 (custom)
2019-10-04 00:25:32,944 [pool-393-thread-1] INFO  server.RaftServerConfigKeys (ConfUtils.java:logGet(43)) - raft.server.snapshot.auto.trigger.enabled = true (custom)
2019-10-04 00:25:32,944 [pool-383-thread-1] INFO  server.RaftServerConfigKeys (ConfUtils.java:logGet(43)) - raft.server.log.queue.element-limit = 1024 (custom)
2019-10-04 00:25:32,944 [pool-393-thread-1] INFO  server.RaftServerConfigKeys (ConfUtils.java:logGet(43)) - raft.server.snapshot.auto.trigger.threshold = 10000 (custom)
2019-10-04 00:25:32,944 [pool-403-thread-1] INFO  server.RaftServerConfigKeys (ConfUtils.java:logGet(43)) - raft.server.log.segment.size.max = 1048576 (custom)
2019-10-04 00:25:32,944 [pool-393-thread-1] INFO  server.RaftServerConfigKeys (ConfUtils.java:logGet(43)) - raft.server.snapshot.retention.file.num = 5 (custom)
2019-10-04 00:25:32,944 [pool-383-thread-1] INFO  server.RaftServerConfigKeys (ConfUtils.java:logGet(43)) - raft.server.log.segment.size.max = 1048576 (custom)
2019-10-04 00:25:32,945 [pool-393-thread-1] INFO  server.RaftServerConfigKeys (ConfUtils.java:logGet(43)) - raft.server.retrycache.expirytime = 600000ms (custom)
2019-10-04 00:25:32,945 [pool-403-thread-1] INFO  server.RaftServerConfigKeys (ConfUtils.java:logGet(43)) - raft.server.log.preallocated.size = 16384 (custom)
2019-10-04 00:25:32,945 [pool-383-thread-1] INFO  server.RaftServerConfigKeys (ConfUtils.java:logGet(43)) - raft.server.log.preallocated.size = 16384 (custom)
2019-10-04 00:25:32,945 [pool-403-thread-1] INFO  server.RaftServerConfigKeys (ConfUtils.java:logGet(43)) - raft.server.log.write.buffer.size = 33554432 (custom)
2019-10-04 00:25:32,945 [pool-383-thread-1] INFO  server.RaftServerConfigKeys (ConfUtils.java:logGet(43)) - raft.server.log.write.buffer.size = 33554432 (custom)
2019-10-04 00:25:32,945 [pool-403-thread-1] INFO  server.RaftServerConfigKeys (ConfUtils.java:logGet(43)) - raft.server.log.force.sync.num = 128 (default)
2019-10-04 00:25:32,945 [pool-383-thread-1] INFO  server.RaftServerConfigKeys (ConfUtils.java:logGet(43)) - raft.server.log.force.sync.num = 128 (default)
2019-10-04 00:25:32,946 [pool-403-thread-1] INFO  server.RaftServerConfigKeys (ConfUtils.java:logGet(43)) - raft.server.log.statemachine.data.sync = true (default)
2019-10-04 00:25:32,946 [pool-383-thread-1] INFO  server.RaftServerConfigKeys (ConfUtils.java:logGet(43)) - raft.server.log.statemachine.data.sync = true (default)
2019-10-04 00:25:32,946 [pool-403-thread-1] INFO  server.RaftServerConfigKeys (ConfUtils.java:logGet(43)) - raft.server.log.statemachine.data.sync.timeout = 10s (default)
2019-10-04 00:25:32,946 [pool-383-thread-1] INFO  server.RaftServerConfigKeys (ConfUtils.java:logGet(43)) - raft.server.log.statemachine.data.sync.timeout = 10s (default)
2019-10-04 00:25:32,946 [pool-403-thread-1] INFO  server.RaftServerConfigKeys (ConfUtils.java:logGet(43)) - raft.server.log.statemachine.data.sync.timeout.retry = -1 (default)
2019-10-04 00:25:32,946 [pool-393-thread-1] INFO  impl.RaftServerImpl (RaftServerImpl.java:start(181)) - f77ed7b2-82d7-4399-bb3d-1321f2261220@group-1B2579702351: start as a follower, conf=-1: [6b3dee82-9f2e-414f-9a2b-fe03fbe9530d:192.168.151.76:41174, 2c692606-4e48-4178-b7d0-0515837b2c0a:192.168.151.76:38377, f77ed7b2-82d7-4399-bb3d-1321f2261220:192.168.151.76:45993], old=null
2019-10-04 00:25:32,946 [pool-383-thread-1] INFO  server.RaftServerConfigKeys (ConfUtils.java:logGet(43)) - raft.server.log.statemachine.data.sync.timeout.retry = -1 (default)
2019-10-04 00:25:32,947 [pool-393-thread-1] INFO  impl.RaftServerImpl (RaftServerImpl.java:setRole(170)) - f77ed7b2-82d7-4399-bb3d-1321f2261220@group-1B2579702351: changes role from      null to FOLLOWER at term 0 for startAsFollower
2019-10-04 00:25:32,946 [pool-403-thread-1] INFO  server.RaftServerConfigKeys (ConfUtils.java:logGet(43)) - raft.server.log.statemachine.data.caching.enabled = true (custom)
2019-10-04 00:25:32,947 [pool-393-thread-1] INFO  impl.RoleInfo (RoleInfo.java:updateAndGet(143)) - f77ed7b2-82d7-4399-bb3d-1321f2261220: start FollowerState
2019-10-04 00:25:32,947 [pool-383-thread-1] INFO  server.RaftServerConfigKeys (ConfUtils.java:logGet(43)) - raft.server.log.statemachine.data.caching.enabled = true (custom)
2019-10-04 00:25:32,947 [pool-403-thread-1] INFO  segmented.SegmentedRaftLogWorker (SegmentedRaftLogWorker.java:lambda$new$0(128)) - 2c692606-4e48-4178-b7d0-0515837b2c0a@group-1B2579702351-SegmentedRaftLogWorker: flushIndex: setUnconditionally 0 -> -1
2019-10-04 00:25:32,947 [pool-383-thread-1] INFO  segmented.SegmentedRaftLogWorker (SegmentedRaftLogWorker.java:lambda$new$0(128)) - 6b3dee82-9f2e-414f-9a2b-fe03fbe9530d@group-1B2579702351-SegmentedRaftLogWorker: flushIndex: setUnconditionally 0 -> -1
2019-10-04 00:25:32,947 [pool-393-thread-1] INFO  util.JmxRegister (JmxRegister.java:tryRegister(44)) - Successfully registered JMX Bean with object name Ratis:service=RaftServer,group=group-1B2579702351,id=f77ed7b2-82d7-4399-bb3d-1321f2261220
2019-10-04 00:25:32,948 [pool-403-thread-1] INFO  server.RaftServerConfigKeys (ConfUtils.java:logGet(43)) - raft.server.snapshot.auto.trigger.enabled = true (custom)
2019-10-04 00:25:32,948 [pool-383-thread-1] INFO  server.RaftServerConfigKeys (ConfUtils.java:logGet(43)) - raft.server.snapshot.auto.trigger.enabled = true (custom)
2019-10-04 00:25:32,948 [pool-403-thread-1] INFO  server.RaftServerConfigKeys (ConfUtils.java:logGet(43)) - raft.server.snapshot.auto.trigger.threshold = 10000 (custom)
2019-10-04 00:25:32,948 [pool-383-thread-1] INFO  server.RaftServerConfigKeys (ConfUtils.java:logGet(43)) - raft.server.snapshot.auto.trigger.threshold = 10000 (custom)
2019-10-04 00:25:32,948 [pool-403-thread-1] INFO  server.RaftServerConfigKeys (ConfUtils.java:logGet(43)) - raft.server.snapshot.retention.file.num = 5 (custom)
2019-10-04 00:25:32,948 [pool-383-thread-1] INFO  server.RaftServerConfigKeys (ConfUtils.java:logGet(43)) - raft.server.snapshot.retention.file.num = 5 (custom)
2019-10-04 00:25:32,948 [pool-403-thread-1] INFO  server.RaftServerConfigKeys (ConfUtils.java:logGet(43)) - raft.server.retrycache.expirytime = 600000ms (custom)
2019-10-04 00:25:32,949 [pool-383-thread-1] INFO  server.RaftServerConfigKeys (ConfUtils.java:logGet(43)) - raft.server.retrycache.expirytime = 600000ms (custom)
2019-10-04 00:25:32,952 [pool-403-thread-1] INFO  impl.RaftServerImpl (RaftServerImpl.java:start(181)) - 2c692606-4e48-4178-b7d0-0515837b2c0a@group-1B2579702351: start as a follower, conf=-1: [6b3dee82-9f2e-414f-9a2b-fe03fbe9530d:192.168.151.76:41174, 2c692606-4e48-4178-b7d0-0515837b2c0a:192.168.151.76:38377, f77ed7b2-82d7-4399-bb3d-1321f2261220:192.168.151.76:45993], old=null
2019-10-04 00:25:32,952 [pool-383-thread-1] INFO  impl.RaftServerImpl (RaftServerImpl.java:start(181)) - 6b3dee82-9f2e-414f-9a2b-fe03fbe9530d@group-1B2579702351: start as a follower, conf=-1: [6b3dee82-9f2e-414f-9a2b-fe03fbe9530d:192.168.151.76:41174, 2c692606-4e48-4178-b7d0-0515837b2c0a:192.168.151.76:38377, f77ed7b2-82d7-4399-bb3d-1321f2261220:192.168.151.76:45993], old=null
2019-10-04 00:25:32,952 [pool-403-thread-1] INFO  impl.RaftServerImpl (RaftServerImpl.java:setRole(170)) - 2c692606-4e48-4178-b7d0-0515837b2c0a@group-1B2579702351: changes role from      null to FOLLOWER at term 0 for startAsFollower
2019-10-04 00:25:32,952 [pool-383-thread-1] INFO  impl.RaftServerImpl (RaftServerImpl.java:setRole(170)) - 6b3dee82-9f2e-414f-9a2b-fe03fbe9530d@group-1B2579702351: changes role from      null to FOLLOWER at term 0 for startAsFollower
2019-10-04 00:25:32,952 [pool-383-thread-1] INFO  impl.RoleInfo (RoleInfo.java:updateAndGet(143)) - 6b3dee82-9f2e-414f-9a2b-fe03fbe9530d: start FollowerState
2019-10-04 00:25:32,952 [pool-403-thread-1] INFO  impl.RoleInfo (RoleInfo.java:updateAndGet(143)) - 2c692606-4e48-4178-b7d0-0515837b2c0a: start FollowerState
2019-10-04 00:25:32,952 [pool-383-thread-1] INFO  util.JmxRegister (JmxRegister.java:tryRegister(44)) - Successfully registered JMX Bean with object name Ratis:service=RaftServer,group=group-1B2579702351,id=6b3dee82-9f2e-414f-9a2b-fe03fbe9530d
2019-10-04 00:25:32,953 [pool-403-thread-1] INFO  util.JmxRegister (JmxRegister.java:tryRegister(44)) - Successfully registered JMX Bean with object name Ratis:service=RaftServer,group=group-1B2579702351,id=2c692606-4e48-4178-b7d0-0515837b2c0a
2019-10-04 00:25:32,958 [RatisPipelineUtilsThread] INFO  pipeline.PipelineStateManager (PipelineStateManager.java:addPipeline(56)) - Created pipeline Pipeline[ Id: d2d403a9-dca2-4a78-82a9-1b2579702351, Nodes: 6b3dee82-9f2e-414f-9a2b-fe03fbe9530d{ip: 192.168.151.76, host: pr-hdds-1986-2jrbz-1673272497, networkLocation: /default-rack, certSerialId: null}f77ed7b2-82d7-4399-bb3d-1321f2261220{ip: 192.168.151.76, host: pr-hdds-1986-2jrbz-1673272497, networkLocation: /default-rack, certSerialId: null}2c692606-4e48-4178-b7d0-0515837b2c0a{ip: 192.168.151.76, host: pr-hdds-1986-2jrbz-1673272497, networkLocation: /default-rack, certSerialId: null}, Type:RATIS, Factor:THREE, State:OPEN]
2019-10-04 00:25:33,001 [IPC Server handler 2 on 38565] INFO  net.NetworkTopology (NetworkTopologyImpl.java:add(111)) - Added a new node: /default-rack/809451ea-170b-4469-a66e-dc74556bdb8b
2019-10-04 00:25:33,002 [IPC Server handler 2 on 38565] INFO  node.SCMNodeManager (SCMNodeManager.java:register(266)) - Registered Data node : 809451ea-170b-4469-a66e-dc74556bdb8b{ip: 192.168.151.76, host: pr-hdds-1986-2jrbz-1673272497, networkLocation: /default-rack, certSerialId: null}
2019-10-04 00:25:33,012 [grpc-default-executor-4] INFO  impl.RaftServerProxy (RaftServerProxy.java:addNew(89)) - 974c641e-ebb6-4bfa-8045-c1a31d66bb9a: addNew group-9D91450011F7:[974c641e-ebb6-4bfa-8045-c1a31d66bb9a:192.168.151.76:36026] returns group-9D91450011F7:java.util.concurrent.CompletableFuture@6014238e[Not completed]
2019-10-04 00:25:33,013 [pool-413-thread-1] INFO  impl.RaftServerImpl (RaftServerImpl.java:<init>(95)) - 974c641e-ebb6-4bfa-8045-c1a31d66bb9a: new RaftServerImpl for group-9D91450011F7:[974c641e-ebb6-4bfa-8045-c1a31d66bb9a:192.168.151.76:36026] with ContainerStateMachine:uninitialized
2019-10-04 00:25:33,013 [pool-413-thread-1] INFO  server.RaftServerConfigKeys (ConfUtils.java:logGet(43)) - raft.server.rpc.timeout.min = 5s (custom)
2019-10-04 00:25:33,013 [pool-413-thread-1] INFO  server.RaftServerConfigKeys (ConfUtils.java:logGet(43)) - raft.server.rpc.timeout.max = 5200ms (custom)
2019-10-04 00:25:33,013 [pool-413-thread-1] INFO  server.RaftServerConfigKeys (ConfUtils.java:logGet(43)) - raft.server.rpcslowness.timeout = 120s (custom)
2019-10-04 00:25:33,013 [pool-413-thread-1] INFO  server.RaftServerConfigKeys (ConfUtils.java:logGet(43)) - raft.server.sleep.deviation.threshold = 300 (default)
2019-10-04 00:25:33,013 [pool-413-thread-1] INFO  server.RaftServerConfigKeys (ConfUtils.java:logGet(43)) - raft.server.log.appender.install.snapshot.enabled = false (custom)
2019-10-04 00:25:33,013 [pool-413-thread-1] INFO  impl.RaftServerImpl (ServerState.java:<init>(103)) - 974c641e-ebb6-4bfa-8045-c1a31d66bb9a@group-9D91450011F7: ConfigurationManager, init=-1: [974c641e-ebb6-4bfa-8045-c1a31d66bb9a:192.168.151.76:36026], old=null, confs=<EMPTY_MAP>
2019-10-04 00:25:33,013 [pool-413-thread-1] INFO  server.RaftServerConfigKeys (ConfUtils.java:logGet(43)) - raft.server.storage.dir = [/workdir/hadoop-ozone/integration-test/target/test-dir/MiniOzoneClusterImpl-f265c1b8-30a7-4229-a4f9-ba2aa99dfb7c/datanode-3/data/ratis] (custom)
2019-10-04 00:25:33,014 [pool-413-thread-1] INFO  server.RaftServerConfigKeys (ConfUtils.java:logGet(43)) - raft.server.log.corruption.policy = EXCEPTION (default)
2019-10-04 00:25:33,014 [pool-413-thread-1] INFO  storage.RaftStorageDirectory (RaftStorageDirectory.java:analyzeStorage(246)) - The storage directory /workdir/hadoop-ozone/integration-test/target/test-dir/MiniOzoneClusterImpl-f265c1b8-30a7-4229-a4f9-ba2aa99dfb7c/datanode-3/data/ratis/a9da821b-2a08-4b33-ac84-9d91450011f7 does not exist. Creating ...
2019-10-04 00:25:33,027 [pool-413-thread-1] INFO  storage.RaftStorageDirectory (RaftStorageDirectory.java:tryLock(328)) - Lock on /workdir/hadoop-ozone/integration-test/target/test-dir/MiniOzoneClusterImpl-f265c1b8-30a7-4229-a4f9-ba2aa99dfb7c/datanode-3/data/ratis/a9da821b-2a08-4b33-ac84-9d91450011f7/in_use.lock acquired by nodename 21867@pr-hdds-1986-2jrbz-1673272497
2019-10-04 00:25:33,039 [pool-413-thread-1] INFO  storage.RaftStorage (RaftStorage.java:format(84)) - Storage directory /workdir/hadoop-ozone/integration-test/target/test-dir/MiniOzoneClusterImpl-f265c1b8-30a7-4229-a4f9-ba2aa99dfb7c/datanode-3/data/ratis/a9da821b-2a08-4b33-ac84-9d91450011f7 has been successfully formatted.
2019-10-04 00:25:33,040 [pool-413-thread-1] INFO  ratis.ContainerStateMachine (ContainerStateMachine.java:loadSnapshot(230)) - group-9D91450011F7: The snapshot info is null. Setting the last applied indexto:(t:0, i:~)
2019-10-04 00:25:33,040 [pool-413-thread-1] INFO  server.RaftServerConfigKeys (ConfUtils.java:logGet(43)) - raft.server.notification.no-leader.timeout = 120s (custom)
2019-10-04 00:25:33,040 [pool-413-thread-1] INFO  server.RaftServerConfigKeys (ConfUtils.java:logGet(43)) - raft.server.log.use.memory = false (default)
2019-10-04 00:25:33,040 [pool-413-thread-1] INFO  server.RaftServerConfigKeys (ConfUtils.java:logGet(43)) - raft.server.log.purge.gap = 1000000 (custom)
2019-10-04 00:25:33,040 [pool-413-thread-1] INFO  server.RaftServerConfigKeys (ConfUtils.java:logGet(43)) - raft.server.log.appender.buffer.byte-limit = 33554432 (custom)
2019-10-04 00:25:33,040 [pool-413-thread-1] INFO  server.RaftServerConfigKeys (ConfUtils.java:logGet(43)) - raft.server.log.segment.size.max = 1048576 (custom)
2019-10-04 00:25:33,041 [pool-413-thread-1] INFO  server.RaftServerConfigKeys (ConfUtils.java:logGet(43)) - raft.server.log.segment.cache.num.max = 2 (custom)
2019-10-04 00:25:33,041 [pool-413-thread-1] INFO  segmented.SegmentedRaftLogWorker (SegmentedRaftLogWorker.java:<init>(173)) - new 974c641e-ebb6-4bfa-8045-c1a31d66bb9a@group-9D91450011F7-SegmentedRaftLogWorker for RaftStorage:Storage Directory /workdir/hadoop-ozone/integration-test/target/test-dir/MiniOzoneClusterImpl-f265c1b8-30a7-4229-a4f9-ba2aa99dfb7c/datanode-3/data/ratis/a9da821b-2a08-4b33-ac84-9d91450011f7
2019-10-04 00:25:33,042 [pool-413-thread-1] INFO  server.RaftServerConfigKeys (ConfUtils.java:logGet(43)) - raft.server.log.queue.byte-limit = 2147483647 (custom)
2019-10-04 00:25:33,042 [pool-413-thread-1] INFO  server.RaftServerConfigKeys (ConfUtils.java:logGet(43)) - raft.server.log.queue.element-limit = 1024 (custom)
2019-10-04 00:25:33,042 [pool-413-thread-1] INFO  server.RaftServerConfigKeys (ConfUtils.java:logGet(43)) - raft.server.log.segment.size.max = 1048576 (custom)
2019-10-04 00:25:33,042 [pool-413-thread-1] INFO  server.RaftServerConfigKeys (ConfUtils.java:logGet(43)) - raft.server.log.preallocated.size = 16384 (custom)
2019-10-04 00:25:33,042 [pool-413-thread-1] INFO  server.RaftServerConfigKeys (ConfUtils.java:logGet(43)) - raft.server.log.write.buffer.size = 33554432 (custom)
2019-10-04 00:25:33,042 [pool-413-thread-1] INFO  server.RaftServerConfigKeys (ConfUtils.java:logGet(43)) - raft.server.log.force.sync.num = 128 (default)
2019-10-04 00:25:33,042 [pool-413-thread-1] INFO  server.RaftServerConfigKeys (ConfUtils.java:logGet(43)) - raft.server.log.statemachine.data.sync = true (default)
2019-10-04 00:25:33,042 [pool-413-thread-1] INFO  server.RaftServerConfigKeys (ConfUtils.java:logGet(43)) - raft.server.log.statemachine.data.sync.timeout = 10s (default)
2019-10-04 00:25:33,042 [pool-413-thread-1] INFO  server.RaftServerConfigKeys (ConfUtils.java:logGet(43)) - raft.server.log.statemachine.data.sync.timeout.retry = -1 (default)
2019-10-04 00:25:33,043 [pool-413-thread-1] INFO  server.RaftServerConfigKeys (ConfUtils.java:logGet(43)) - raft.server.log.statemachine.data.caching.enabled = true (custom)
2019-10-04 00:25:33,043 [pool-413-thread-1] INFO  segmented.SegmentedRaftLogWorker (SegmentedRaftLogWorker.java:lambda$new$0(128)) - 974c641e-ebb6-4bfa-8045-c1a31d66bb9a@group-9D91450011F7-SegmentedRaftLogWorker: flushIndex: setUnconditionally 0 -> -1
2019-10-04 00:25:33,043 [pool-413-thread-1] INFO  server.RaftServerConfigKeys (ConfUtils.java:logGet(43)) - raft.server.snapshot.auto.trigger.enabled = true (custom)
2019-10-04 00:25:33,043 [pool-413-thread-1] INFO  server.RaftServerConfigKeys (ConfUtils.java:logGet(43)) - raft.server.snapshot.auto.trigger.threshold = 10000 (custom)
2019-10-04 00:25:33,043 [pool-413-thread-1] INFO  server.RaftServerConfigKeys (ConfUtils.java:logGet(43)) - raft.server.snapshot.retention.file.num = 5 (custom)
2019-10-04 00:25:33,043 [pool-413-thread-1] INFO  server.RaftServerConfigKeys (ConfUtils.java:logGet(43)) - raft.server.retrycache.expirytime = 600000ms (custom)
2019-10-04 00:25:33,044 [pool-413-thread-1] INFO  impl.RaftServerImpl (RaftServerImpl.java:start(181)) - 974c641e-ebb6-4bfa-8045-c1a31d66bb9a@group-9D91450011F7: start as a follower, conf=-1: [974c641e-ebb6-4bfa-8045-c1a31d66bb9a:192.168.151.76:36026], old=null
2019-10-04 00:25:33,044 [pool-413-thread-1] INFO  impl.RaftServerImpl (RaftServerImpl.java:setRole(170)) - 974c641e-ebb6-4bfa-8045-c1a31d66bb9a@group-9D91450011F7: changes role from      null to FOLLOWER at term 0 for startAsFollower
2019-10-04 00:25:33,044 [pool-413-thread-1] INFO  impl.RoleInfo (RoleInfo.java:updateAndGet(143)) - 974c641e-ebb6-4bfa-8045-c1a31d66bb9a: start FollowerState
2019-10-04 00:25:33,045 [pool-413-thread-1] INFO  util.JmxRegister (JmxRegister.java:tryRegister(44)) - Successfully registered JMX Bean with object name Ratis:service=RaftServer,group=group-9D91450011F7,id=974c641e-ebb6-4bfa-8045-c1a31d66bb9a
2019-10-04 00:25:33,048 [RatisPipelineUtilsThread] INFO  pipeline.PipelineStateManager (PipelineStateManager.java:addPipeline(56)) - Created pipeline Pipeline[ Id: a9da821b-2a08-4b33-ac84-9d91450011f7, Nodes: 974c641e-ebb6-4bfa-8045-c1a31d66bb9a{ip: 192.168.151.76, host: pr-hdds-1986-2jrbz-1673272497, networkLocation: /default-rack, certSerialId: null}, Type:RATIS, Factor:ONE, State:OPEN]
2019-10-04 00:25:33,058 [grpc-default-executor-4] INFO  impl.RaftServerProxy (RaftServerProxy.java:addNew(89)) - 809451ea-170b-4469-a66e-dc74556bdb8b: addNew group-8941EDBDFE22:[809451ea-170b-4469-a66e-dc74556bdb8b:192.168.151.76:45007] returns group-8941EDBDFE22:java.util.concurrent.CompletableFuture@31e1e60[Not completed]
2019-10-04 00:25:33,059 [pool-423-thread-1] INFO  impl.RaftServerImpl (RaftServerImpl.java:<init>(95)) - 809451ea-170b-4469-a66e-dc74556bdb8b: new RaftServerImpl for group-8941EDBDFE22:[809451ea-170b-4469-a66e-dc74556bdb8b:192.168.151.76:45007] with ContainerStateMachine:uninitialized
2019-10-04 00:25:33,059 [pool-423-thread-1] INFO  server.RaftServerConfigKeys (ConfUtils.java:logGet(43)) - raft.server.rpc.timeout.min = 5s (custom)
2019-10-04 00:25:33,059 [pool-423-thread-1] INFO  server.RaftServerConfigKeys (ConfUtils.java:logGet(43)) - raft.server.rpc.timeout.max = 5200ms (custom)
2019-10-04 00:25:33,060 [pool-423-thread-1] INFO  server.RaftServerConfigKeys (ConfUtils.java:logGet(43)) - raft.server.rpcslowness.timeout = 120s (custom)
2019-10-04 00:25:33,060 [pool-423-thread-1] INFO  server.RaftServerConfigKeys (ConfUtils.java:logGet(43)) - raft.server.sleep.deviation.threshold = 300 (default)
2019-10-04 00:25:33,060 [pool-423-thread-1] INFO  server.RaftServerConfigKeys (ConfUtils.java:logGet(43)) - raft.server.log.appender.install.snapshot.enabled = false (custom)
2019-10-04 00:25:33,060 [pool-423-thread-1] INFO  impl.RaftServerImpl (ServerState.java:<init>(103)) - 809451ea-170b-4469-a66e-dc74556bdb8b@group-8941EDBDFE22: ConfigurationManager, init=-1: [809451ea-170b-4469-a66e-dc74556bdb8b:192.168.151.76:45007], old=null, confs=<EMPTY_MAP>
2019-10-04 00:25:33,060 [pool-423-thread-1] INFO  server.RaftServerConfigKeys (ConfUtils.java:logGet(43)) - raft.server.storage.dir = [/workdir/hadoop-ozone/integration-test/target/test-dir/MiniOzoneClusterImpl-f265c1b8-30a7-4229-a4f9-ba2aa99dfb7c/datanode-4/data/ratis] (custom)
2019-10-04 00:25:33,061 [pool-423-thread-1] INFO  server.RaftServerConfigKeys (ConfUtils.java:logGet(43)) - raft.server.log.corruption.policy = EXCEPTION (default)
2019-10-04 00:25:33,061 [pool-423-thread-1] INFO  storage.RaftStorageDirectory (RaftStorageDirectory.java:analyzeStorage(246)) - The storage directory /workdir/hadoop-ozone/integration-test/target/test-dir/MiniOzoneClusterImpl-f265c1b8-30a7-4229-a4f9-ba2aa99dfb7c/datanode-4/data/ratis/e00d7f84-a9a2-4094-8cee-8941edbdfe22 does not exist. Creating ...
2019-10-04 00:25:33,073 [pool-423-thread-1] INFO  storage.RaftStorageDirectory (RaftStorageDirectory.java:tryLock(328)) - Lock on /workdir/hadoop-ozone/integration-test/target/test-dir/MiniOzoneClusterImpl-f265c1b8-30a7-4229-a4f9-ba2aa99dfb7c/datanode-4/data/ratis/e00d7f84-a9a2-4094-8cee-8941edbdfe22/in_use.lock acquired by nodename 21867@pr-hdds-1986-2jrbz-1673272497
2019-10-04 00:25:33,086 [pool-423-thread-1] INFO  storage.RaftStorage (RaftStorage.java:format(84)) - Storage directory /workdir/hadoop-ozone/integration-test/target/test-dir/MiniOzoneClusterImpl-f265c1b8-30a7-4229-a4f9-ba2aa99dfb7c/datanode-4/data/ratis/e00d7f84-a9a2-4094-8cee-8941edbdfe22 has been successfully formatted.
2019-10-04 00:25:33,086 [pool-423-thread-1] INFO  ratis.ContainerStateMachine (ContainerStateMachine.java:loadSnapshot(230)) - group-8941EDBDFE22: The snapshot info is null. Setting the last applied indexto:(t:0, i:~)
2019-10-04 00:25:33,086 [pool-423-thread-1] INFO  server.RaftServerConfigKeys (ConfUtils.java:logGet(43)) - raft.server.notification.no-leader.timeout = 120s (custom)
2019-10-04 00:25:33,087 [pool-423-thread-1] INFO  server.RaftServerConfigKeys (ConfUtils.java:logGet(43)) - raft.server.log.use.memory = false (default)
2019-10-04 00:25:33,087 [pool-423-thread-1] INFO  server.RaftServerConfigKeys (ConfUtils.java:logGet(43)) - raft.server.log.purge.gap = 1000000 (custom)
2019-10-04 00:25:33,087 [pool-423-thread-1] INFO  server.RaftServerConfigKeys (ConfUtils.java:logGet(43)) - raft.server.log.appender.buffer.byte-limit = 33554432 (custom)
2019-10-04 00:25:33,087 [pool-423-thread-1] INFO  server.RaftServerConfigKeys (ConfUtils.java:logGet(43)) - raft.server.log.segment.size.max = 1048576 (custom)
2019-10-04 00:25:33,089 [pool-423-thread-1] INFO  server.RaftServerConfigKeys (ConfUtils.java:logGet(43)) - raft.server.log.segment.cache.num.max = 2 (custom)
2019-10-04 00:25:33,089 [pool-423-thread-1] INFO  segmented.SegmentedRaftLogWorker (SegmentedRaftLogWorker.java:<init>(173)) - new 809451ea-170b-4469-a66e-dc74556bdb8b@group-8941EDBDFE22-SegmentedRaftLogWorker for RaftStorage:Storage Directory /workdir/hadoop-ozone/integration-test/target/test-dir/MiniOzoneClusterImpl-f265c1b8-30a7-4229-a4f9-ba2aa99dfb7c/datanode-4/data/ratis/e00d7f84-a9a2-4094-8cee-8941edbdfe22
2019-10-04 00:25:33,089 [pool-423-thread-1] INFO  server.RaftServerConfigKeys (ConfUtils.java:logGet(43)) - raft.server.log.queue.byte-limit = 2147483647 (custom)
2019-10-04 00:25:33,089 [pool-423-thread-1] INFO  server.RaftServerConfigKeys (ConfUtils.java:logGet(43)) - raft.server.log.queue.element-limit = 1024 (custom)
2019-10-04 00:25:33,090 [pool-423-thread-1] INFO  server.RaftServerConfigKeys (ConfUtils.java:logGet(43)) - raft.server.log.segment.size.max = 1048576 (custom)
2019-10-04 00:25:33,090 [pool-423-thread-1] INFO  server.RaftServerConfigKeys (ConfUtils.java:logGet(43)) - raft.server.log.preallocated.size = 16384 (custom)
2019-10-04 00:25:33,090 [pool-423-thread-1] INFO  server.RaftServerConfigKeys (ConfUtils.java:logGet(43)) - raft.server.log.write.buffer.size = 33554432 (custom)
2019-10-04 00:25:33,090 [pool-423-thread-1] INFO  server.RaftServerConfigKeys (ConfUtils.java:logGet(43)) - raft.server.log.force.sync.num = 128 (default)
2019-10-04 00:25:33,090 [pool-423-thread-1] INFO  server.RaftServerConfigKeys (ConfUtils.java:logGet(43)) - raft.server.log.statemachine.data.sync = true (default)
2019-10-04 00:25:33,090 [pool-423-thread-1] INFO  server.RaftServerConfigKeys (ConfUtils.java:logGet(43)) - raft.server.log.statemachine.data.sync.timeout = 10s (default)
2019-10-04 00:25:33,090 [pool-423-thread-1] INFO  server.RaftServerConfigKeys (ConfUtils.java:logGet(43)) - raft.server.log.statemachine.data.sync.timeout.retry = -1 (default)
2019-10-04 00:25:33,091 [pool-423-thread-1] INFO  server.RaftServerConfigKeys (ConfUtils.java:logGet(43)) - raft.server.log.statemachine.data.caching.enabled = true (custom)
2019-10-04 00:25:33,091 [pool-423-thread-1] INFO  segmented.SegmentedRaftLogWorker (SegmentedRaftLogWorker.java:lambda$new$0(128)) - 809451ea-170b-4469-a66e-dc74556bdb8b@group-8941EDBDFE22-SegmentedRaftLogWorker: flushIndex: setUnconditionally 0 -> -1
2019-10-04 00:25:33,092 [pool-423-thread-1] INFO  server.RaftServerConfigKeys (ConfUtils.java:logGet(43)) - raft.server.snapshot.auto.trigger.enabled = true (custom)
2019-10-04 00:25:33,092 [pool-423-thread-1] INFO  server.RaftServerConfigKeys (ConfUtils.java:logGet(43)) - raft.server.snapshot.auto.trigger.threshold = 10000 (custom)
2019-10-04 00:25:33,092 [pool-423-thread-1] INFO  server.RaftServerConfigKeys (ConfUtils.java:logGet(43)) - raft.server.snapshot.retention.file.num = 5 (custom)
2019-10-04 00:25:33,092 [pool-423-thread-1] INFO  server.RaftServerConfigKeys (ConfUtils.java:logGet(43)) - raft.server.retrycache.expirytime = 600000ms (custom)
2019-10-04 00:25:33,094 [pool-423-thread-1] INFO  impl.RaftServerImpl (RaftServerImpl.java:start(181)) - 809451ea-170b-4469-a66e-dc74556bdb8b@group-8941EDBDFE22: start as a follower, conf=-1: [809451ea-170b-4469-a66e-dc74556bdb8b:192.168.151.76:45007], old=null
2019-10-04 00:25:33,094 [pool-423-thread-1] INFO  impl.RaftServerImpl (RaftServerImpl.java:setRole(170)) - 809451ea-170b-4469-a66e-dc74556bdb8b@group-8941EDBDFE22: changes role from      null to FOLLOWER at term 0 for startAsFollower
2019-10-04 00:25:33,094 [pool-423-thread-1] INFO  impl.RoleInfo (RoleInfo.java:updateAndGet(143)) - 809451ea-170b-4469-a66e-dc74556bdb8b: start FollowerState
2019-10-04 00:25:33,095 [pool-423-thread-1] INFO  util.JmxRegister (JmxRegister.java:tryRegister(44)) - Successfully registered JMX Bean with object name Ratis:service=RaftServer,group=group-8941EDBDFE22,id=809451ea-170b-4469-a66e-dc74556bdb8b
2019-10-04 00:25:33,098 [RatisPipelineUtilsThread] INFO  pipeline.PipelineStateManager (PipelineStateManager.java:addPipeline(56)) - Created pipeline Pipeline[ Id: e00d7f84-a9a2-4094-8cee-8941edbdfe22, Nodes: 809451ea-170b-4469-a66e-dc74556bdb8b{ip: 192.168.151.76, host: pr-hdds-1986-2jrbz-1673272497, networkLocation: /default-rack, certSerialId: null}, Type:RATIS, Factor:ONE, State:OPEN]
2019-10-04 00:25:33,114 [IPC Server handler 3 on 38565] INFO  net.NetworkTopology (NetworkTopologyImpl.java:add(111)) - Added a new node: /default-rack/967de6a1-b96c-4fb6-af99-a28c78defd4d
2019-10-04 00:25:33,114 [IPC Server handler 3 on 38565] INFO  node.SCMNodeManager (SCMNodeManager.java:register(266)) - Registered Data node : 967de6a1-b96c-4fb6-af99-a28c78defd4d{ip: 192.168.151.76, host: pr-hdds-1986-2jrbz-1673272497, networkLocation: /default-rack, certSerialId: null}
2019-10-04 00:25:33,122 [grpc-default-executor-4] INFO  impl.RaftServerProxy (RaftServerProxy.java:addNew(89)) - 967de6a1-b96c-4fb6-af99-a28c78defd4d: addNew group-622EDA84D3B0:[967de6a1-b96c-4fb6-af99-a28c78defd4d:192.168.151.76:42971] returns group-622EDA84D3B0:java.util.concurrent.CompletableFuture@33ad9943[Not completed]
2019-10-04 00:25:33,124 [pool-433-thread-1] INFO  impl.RaftServerImpl (RaftServerImpl.java:<init>(95)) - 967de6a1-b96c-4fb6-af99-a28c78defd4d: new RaftServerImpl for group-622EDA84D3B0:[967de6a1-b96c-4fb6-af99-a28c78defd4d:192.168.151.76:42971] with ContainerStateMachine:uninitialized
2019-10-04 00:25:33,124 [pool-433-thread-1] INFO  server.RaftServerConfigKeys (ConfUtils.java:logGet(43)) - raft.server.rpc.timeout.min = 5s (custom)
2019-10-04 00:25:33,124 [pool-433-thread-1] INFO  server.RaftServerConfigKeys (ConfUtils.java:logGet(43)) - raft.server.rpc.timeout.max = 5200ms (custom)
2019-10-04 00:25:33,124 [pool-433-thread-1] INFO  server.RaftServerConfigKeys (ConfUtils.java:logGet(43)) - raft.server.rpcslowness.timeout = 120s (custom)
2019-10-04 00:25:33,124 [pool-433-thread-1] INFO  server.RaftServerConfigKeys (ConfUtils.java:logGet(43)) - raft.server.sleep.deviation.threshold = 300 (default)
2019-10-04 00:25:33,124 [pool-433-thread-1] INFO  server.RaftServerConfigKeys (ConfUtils.java:logGet(43)) - raft.server.log.appender.install.snapshot.enabled = false (custom)
2019-10-04 00:25:33,124 [pool-433-thread-1] INFO  impl.RaftServerImpl (ServerState.java:<init>(103)) - 967de6a1-b96c-4fb6-af99-a28c78defd4d@group-622EDA84D3B0: ConfigurationManager, init=-1: [967de6a1-b96c-4fb6-af99-a28c78defd4d:192.168.151.76:42971], old=null, confs=<EMPTY_MAP>
2019-10-04 00:25:33,125 [pool-433-thread-1] INFO  server.RaftServerConfigKeys (ConfUtils.java:logGet(43)) - raft.server.storage.dir = [/workdir/hadoop-ozone/integration-test/target/test-dir/MiniOzoneClusterImpl-f265c1b8-30a7-4229-a4f9-ba2aa99dfb7c/datanode-5/data/ratis] (custom)
2019-10-04 00:25:33,125 [pool-433-thread-1] INFO  server.RaftServerConfigKeys (ConfUtils.java:logGet(43)) - raft.server.log.corruption.policy = EXCEPTION (default)
2019-10-04 00:25:33,125 [pool-433-thread-1] INFO  storage.RaftStorageDirectory (RaftStorageDirectory.java:analyzeStorage(246)) - The storage directory /workdir/hadoop-ozone/integration-test/target/test-dir/MiniOzoneClusterImpl-f265c1b8-30a7-4229-a4f9-ba2aa99dfb7c/datanode-5/data/ratis/33a83bbf-5f99-4882-b3f3-622eda84d3b0 does not exist. Creating ...
2019-10-04 00:25:33,137 [pool-433-thread-1] INFO  storage.RaftStorageDirectory (RaftStorageDirectory.java:tryLock(328)) - Lock on /workdir/hadoop-ozone/integration-test/target/test-dir/MiniOzoneClusterImpl-f265c1b8-30a7-4229-a4f9-ba2aa99dfb7c/datanode-5/data/ratis/33a83bbf-5f99-4882-b3f3-622eda84d3b0/in_use.lock acquired by nodename 21867@pr-hdds-1986-2jrbz-1673272497
2019-10-04 00:25:33,150 [pool-433-thread-1] INFO  storage.RaftStorage (RaftStorage.java:format(84)) - Storage directory /workdir/hadoop-ozone/integration-test/target/test-dir/MiniOzoneClusterImpl-f265c1b8-30a7-4229-a4f9-ba2aa99dfb7c/datanode-5/data/ratis/33a83bbf-5f99-4882-b3f3-622eda84d3b0 has been successfully formatted.
2019-10-04 00:25:33,151 [pool-433-thread-1] INFO  ratis.ContainerStateMachine (ContainerStateMachine.java:loadSnapshot(230)) - group-622EDA84D3B0: The snapshot info is null. Setting the last applied indexto:(t:0, i:~)
2019-10-04 00:25:33,151 [pool-433-thread-1] INFO  server.RaftServerConfigKeys (ConfUtils.java:logGet(43)) - raft.server.notification.no-leader.timeout = 120s (custom)
2019-10-04 00:25:33,151 [pool-433-thread-1] INFO  server.RaftServerConfigKeys (ConfUtils.java:logGet(43)) - raft.server.log.use.memory = false (default)
2019-10-04 00:25:33,151 [pool-433-thread-1] INFO  server.RaftServerConfigKeys (ConfUtils.java:logGet(43)) - raft.server.log.purge.gap = 1000000 (custom)
2019-10-04 00:25:33,151 [pool-433-thread-1] INFO  server.RaftServerConfigKeys (ConfUtils.java:logGet(43)) - raft.server.log.appender.buffer.byte-limit = 33554432 (custom)
2019-10-04 00:25:33,151 [pool-433-thread-1] INFO  server.RaftServerConfigKeys (ConfUtils.java:logGet(43)) - raft.server.log.segment.size.max = 1048576 (custom)
2019-10-04 00:25:33,153 [pool-433-thread-1] INFO  server.RaftServerConfigKeys (ConfUtils.java:logGet(43)) - raft.server.log.segment.cache.num.max = 2 (custom)
2019-10-04 00:25:33,153 [pool-433-thread-1] INFO  segmented.SegmentedRaftLogWorker (SegmentedRaftLogWorker.java:<init>(173)) - new 967de6a1-b96c-4fb6-af99-a28c78defd4d@group-622EDA84D3B0-SegmentedRaftLogWorker for RaftStorage:Storage Directory /workdir/hadoop-ozone/integration-test/target/test-dir/MiniOzoneClusterImpl-f265c1b8-30a7-4229-a4f9-ba2aa99dfb7c/datanode-5/data/ratis/33a83bbf-5f99-4882-b3f3-622eda84d3b0
2019-10-04 00:25:33,153 [pool-433-thread-1] INFO  server.RaftServerConfigKeys (ConfUtils.java:logGet(43)) - raft.server.log.queue.byte-limit = 2147483647 (custom)
2019-10-04 00:25:33,153 [pool-433-thread-1] INFO  server.RaftServerConfigKeys (ConfUtils.java:logGet(43)) - raft.server.log.queue.element-limit = 1024 (custom)
2019-10-04 00:25:33,153 [pool-433-thread-1] INFO  server.RaftServerConfigKeys (ConfUtils.java:logGet(43)) - raft.server.log.segment.size.max = 1048576 (custom)
2019-10-04 00:25:33,153 [pool-433-thread-1] INFO  server.RaftServerConfigKeys (ConfUtils.java:logGet(43)) - raft.server.log.preallocated.size = 16384 (custom)
2019-10-04 00:25:33,154 [pool-433-thread-1] INFO  server.RaftServerConfigKeys (ConfUtils.java:logGet(43)) - raft.server.log.write.buffer.size = 33554432 (custom)
2019-10-04 00:25:33,154 [pool-433-thread-1] INFO  server.RaftServerConfigKeys (ConfUtils.java:logGet(43)) - raft.server.log.force.sync.num = 128 (default)
2019-10-04 00:25:33,154 [pool-433-thread-1] INFO  server.RaftServerConfigKeys (ConfUtils.java:logGet(43)) - raft.server.log.statemachine.data.sync = true (default)
2019-10-04 00:25:33,154 [pool-433-thread-1] INFO  server.RaftServerConfigKeys (ConfUtils.java:logGet(43)) - raft.server.log.statemachine.data.sync.timeout = 10s (default)
2019-10-04 00:25:33,154 [pool-433-thread-1] INFO  server.RaftServerConfigKeys (ConfUtils.java:logGet(43)) - raft.server.log.statemachine.data.sync.timeout.retry = -1 (default)
2019-10-04 00:25:33,154 [pool-433-thread-1] INFO  server.RaftServerConfigKeys (ConfUtils.java:logGet(43)) - raft.server.log.statemachine.data.caching.enabled = true (custom)
2019-10-04 00:25:33,155 [pool-433-thread-1] INFO  segmented.SegmentedRaftLogWorker (SegmentedRaftLogWorker.java:lambda$new$0(128)) - 967de6a1-b96c-4fb6-af99-a28c78defd4d@group-622EDA84D3B0-SegmentedRaftLogWorker: flushIndex: setUnconditionally 0 -> -1
2019-10-04 00:25:33,155 [pool-433-thread-1] INFO  server.RaftServerConfigKeys (ConfUtils.java:logGet(43)) - raft.server.snapshot.auto.trigger.enabled = true (custom)
2019-10-04 00:25:33,155 [pool-433-thread-1] INFO  server.RaftServerConfigKeys (ConfUtils.java:logGet(43)) - raft.server.snapshot.auto.trigger.threshold = 10000 (custom)
2019-10-04 00:25:33,156 [pool-433-thread-1] INFO  server.RaftServerConfigKeys (ConfUtils.java:logGet(43)) - raft.server.snapshot.retention.file.num = 5 (custom)
2019-10-04 00:25:33,156 [pool-433-thread-1] INFO  server.RaftServerConfigKeys (ConfUtils.java:logGet(43)) - raft.server.retrycache.expirytime = 600000ms (custom)
2019-10-04 00:25:33,157 [pool-433-thread-1] INFO  impl.RaftServerImpl (RaftServerImpl.java:start(181)) - 967de6a1-b96c-4fb6-af99-a28c78defd4d@group-622EDA84D3B0: start as a follower, conf=-1: [967de6a1-b96c-4fb6-af99-a28c78defd4d:192.168.151.76:42971], old=null
2019-10-04 00:25:33,157 [pool-433-thread-1] INFO  impl.RaftServerImpl (RaftServerImpl.java:setRole(170)) - 967de6a1-b96c-4fb6-af99-a28c78defd4d@group-622EDA84D3B0: changes role from      null to FOLLOWER at term 0 for startAsFollower
2019-10-04 00:25:33,157 [pool-433-thread-1] INFO  impl.RoleInfo (RoleInfo.java:updateAndGet(143)) - 967de6a1-b96c-4fb6-af99-a28c78defd4d: start FollowerState
2019-10-04 00:25:33,158 [pool-433-thread-1] INFO  util.JmxRegister (JmxRegister.java:tryRegister(44)) - Successfully registered JMX Bean with object name Ratis:service=RaftServer,group=group-622EDA84D3B0,id=967de6a1-b96c-4fb6-af99-a28c78defd4d
2019-10-04 00:25:33,162 [RatisPipelineUtilsThread] INFO  pipeline.PipelineStateManager (PipelineStateManager.java:addPipeline(56)) - Created pipeline Pipeline[ Id: 33a83bbf-5f99-4882-b3f3-622eda84d3b0, Nodes: 967de6a1-b96c-4fb6-af99-a28c78defd4d{ip: 192.168.151.76, host: pr-hdds-1986-2jrbz-1673272497, networkLocation: /default-rack, certSerialId: null}, Type:RATIS, Factor:ONE, State:OPEN]
2019-10-04 00:25:33,191 [grpc-default-executor-2] INFO  impl.RaftServerProxy (RaftServerProxy.java:addNew(89)) - 974c641e-ebb6-4bfa-8045-c1a31d66bb9a: addNew group-209899C1244D:[967de6a1-b96c-4fb6-af99-a28c78defd4d:192.168.151.76:42971, 974c641e-ebb6-4bfa-8045-c1a31d66bb9a:192.168.151.76:36026, 809451ea-170b-4469-a66e-dc74556bdb8b:192.168.151.76:45007] returns group-209899C1244D:java.util.concurrent.CompletableFuture@1693e684[Not completed]
2019-10-04 00:25:33,191 [grpc-default-executor-4] INFO  impl.RaftServerProxy (RaftServerProxy.java:addNew(89)) - 809451ea-170b-4469-a66e-dc74556bdb8b: addNew group-209899C1244D:[967de6a1-b96c-4fb6-af99-a28c78defd4d:192.168.151.76:42971, 974c641e-ebb6-4bfa-8045-c1a31d66bb9a:192.168.151.76:36026, 809451ea-170b-4469-a66e-dc74556bdb8b:192.168.151.76:45007] returns group-209899C1244D:java.util.concurrent.CompletableFuture@38b2b835[Not completed]
2019-10-04 00:25:33,191 [grpc-default-executor-0] INFO  impl.RaftServerProxy (RaftServerProxy.java:addNew(89)) - 967de6a1-b96c-4fb6-af99-a28c78defd4d: addNew group-209899C1244D:[967de6a1-b96c-4fb6-af99-a28c78defd4d:192.168.151.76:42971, 974c641e-ebb6-4bfa-8045-c1a31d66bb9a:192.168.151.76:36026, 809451ea-170b-4469-a66e-dc74556bdb8b:192.168.151.76:45007] returns group-209899C1244D:java.util.concurrent.CompletableFuture@48382549[Not completed]
2019-10-04 00:25:33,192 [pool-413-thread-1] INFO  impl.RaftServerImpl (RaftServerImpl.java:<init>(95)) - 974c641e-ebb6-4bfa-8045-c1a31d66bb9a: new RaftServerImpl for group-209899C1244D:[967de6a1-b96c-4fb6-af99-a28c78defd4d:192.168.151.76:42971, 974c641e-ebb6-4bfa-8045-c1a31d66bb9a:192.168.151.76:36026, 809451ea-170b-4469-a66e-dc74556bdb8b:192.168.151.76:45007] with ContainerStateMachine:uninitialized
2019-10-04 00:25:33,192 [pool-413-thread-1] INFO  server.RaftServerConfigKeys (ConfUtils.java:logGet(43)) - raft.server.rpc.timeout.min = 5s (custom)
2019-10-04 00:25:33,192 [pool-413-thread-1] INFO  server.RaftServerConfigKeys (ConfUtils.java:logGet(43)) - raft.server.rpc.timeout.max = 5200ms (custom)
2019-10-04 00:25:33,192 [pool-413-thread-1] INFO  server.RaftServerConfigKeys (ConfUtils.java:logGet(43)) - raft.server.rpcslowness.timeout = 120s (custom)
2019-10-04 00:25:33,192 [pool-413-thread-1] INFO  server.RaftServerConfigKeys (ConfUtils.java:logGet(43)) - raft.server.sleep.deviation.threshold = 300 (default)
2019-10-04 00:25:33,192 [pool-413-thread-1] INFO  server.RaftServerConfigKeys (ConfUtils.java:logGet(43)) - raft.server.log.appender.install.snapshot.enabled = false (custom)
2019-10-04 00:25:33,192 [pool-413-thread-1] INFO  impl.RaftServerImpl (ServerState.java:<init>(103)) - 974c641e-ebb6-4bfa-8045-c1a31d66bb9a@group-209899C1244D: ConfigurationManager, init=-1: [967de6a1-b96c-4fb6-af99-a28c78defd4d:192.168.151.76:42971, 974c641e-ebb6-4bfa-8045-c1a31d66bb9a:192.168.151.76:36026, 809451ea-170b-4469-a66e-dc74556bdb8b:192.168.151.76:45007], old=null, confs=<EMPTY_MAP>
2019-10-04 00:25:33,193 [pool-413-thread-1] INFO  server.RaftServerConfigKeys (ConfUtils.java:logGet(43)) - raft.server.storage.dir = [/workdir/hadoop-ozone/integration-test/target/test-dir/MiniOzoneClusterImpl-f265c1b8-30a7-4229-a4f9-ba2aa99dfb7c/datanode-3/data/ratis] (custom)
2019-10-04 00:25:33,193 [pool-413-thread-1] INFO  server.RaftServerConfigKeys (ConfUtils.java:logGet(43)) - raft.server.log.corruption.policy = EXCEPTION (default)
2019-10-04 00:25:33,193 [pool-433-thread-1] INFO  impl.RaftServerImpl (RaftServerImpl.java:<init>(95)) - 967de6a1-b96c-4fb6-af99-a28c78defd4d: new RaftServerImpl for group-209899C1244D:[967de6a1-b96c-4fb6-af99-a28c78defd4d:192.168.151.76:42971, 974c641e-ebb6-4bfa-8045-c1a31d66bb9a:192.168.151.76:36026, 809451ea-170b-4469-a66e-dc74556bdb8b:192.168.151.76:45007] with ContainerStateMachine:uninitialized
2019-10-04 00:25:33,193 [pool-413-thread-1] INFO  storage.RaftStorageDirectory (RaftStorageDirectory.java:analyzeStorage(246)) - The storage directory /workdir/hadoop-ozone/integration-test/target/test-dir/MiniOzoneClusterImpl-f265c1b8-30a7-4229-a4f9-ba2aa99dfb7c/datanode-3/data/ratis/a81789e4-b3ef-4c31-9660-209899c1244d does not exist. Creating ...
2019-10-04 00:25:33,193 [pool-433-thread-1] INFO  server.RaftServerConfigKeys (ConfUtils.java:logGet(43)) - raft.server.rpc.timeout.min = 5s (custom)
2019-10-04 00:25:33,193 [pool-433-thread-1] INFO  server.RaftServerConfigKeys (ConfUtils.java:logGet(43)) - raft.server.rpc.timeout.max = 5200ms (custom)
2019-10-04 00:25:33,194 [pool-433-thread-1] INFO  server.RaftServerConfigKeys (ConfUtils.java:logGet(43)) - raft.server.rpcslowness.timeout = 120s (custom)
2019-10-04 00:25:33,194 [pool-433-thread-1] INFO  server.RaftServerConfigKeys (ConfUtils.java:logGet(43)) - raft.server.sleep.deviation.threshold = 300 (default)
2019-10-04 00:25:33,194 [pool-433-thread-1] INFO  server.RaftServerConfigKeys (ConfUtils.java:logGet(43)) - raft.server.log.appender.install.snapshot.enabled = false (custom)
2019-10-04 00:25:33,194 [pool-423-thread-1] INFO  impl.RaftServerImpl (RaftServerImpl.java:<init>(95)) - 809451ea-170b-4469-a66e-dc74556bdb8b: new RaftServerImpl for group-209899C1244D:[967de6a1-b96c-4fb6-af99-a28c78defd4d:192.168.151.76:42971, 974c641e-ebb6-4bfa-8045-c1a31d66bb9a:192.168.151.76:36026, 809451ea-170b-4469-a66e-dc74556bdb8b:192.168.151.76:45007] with ContainerStateMachine:uninitialized
2019-10-04 00:25:33,194 [pool-433-thread-1] INFO  impl.RaftServerImpl (ServerState.java:<init>(103)) - 967de6a1-b96c-4fb6-af99-a28c78defd4d@group-209899C1244D: ConfigurationManager, init=-1: [967de6a1-b96c-4fb6-af99-a28c78defd4d:192.168.151.76:42971, 974c641e-ebb6-4bfa-8045-c1a31d66bb9a:192.168.151.76:36026, 809451ea-170b-4469-a66e-dc74556bdb8b:192.168.151.76:45007], old=null, confs=<EMPTY_MAP>
2019-10-04 00:25:33,194 [pool-423-thread-1] INFO  server.RaftServerConfigKeys (ConfUtils.java:logGet(43)) - raft.server.rpc.timeout.min = 5s (custom)
2019-10-04 00:25:33,194 [pool-433-thread-1] INFO  server.RaftServerConfigKeys (ConfUtils.java:logGet(43)) - raft.server.storage.dir = [/workdir/hadoop-ozone/integration-test/target/test-dir/MiniOzoneClusterImpl-f265c1b8-30a7-4229-a4f9-ba2aa99dfb7c/datanode-5/data/ratis] (custom)
2019-10-04 00:25:33,194 [pool-423-thread-1] INFO  server.RaftServerConfigKeys (ConfUtils.java:logGet(43)) - raft.server.rpc.timeout.max = 5200ms (custom)
2019-10-04 00:25:33,194 [pool-423-thread-1] INFO  server.RaftServerConfigKeys (ConfUtils.java:logGet(43)) - raft.server.rpcslowness.timeout = 120s (custom)
2019-10-04 00:25:33,194 [pool-433-thread-1] INFO  server.RaftServerConfigKeys (ConfUtils.java:logGet(43)) - raft.server.log.corruption.policy = EXCEPTION (default)
2019-10-04 00:25:33,195 [pool-423-thread-1] INFO  server.RaftServerConfigKeys (ConfUtils.java:logGet(43)) - raft.server.sleep.deviation.threshold = 300 (default)
2019-10-04 00:25:33,195 [pool-433-thread-1] INFO  storage.RaftStorageDirectory (RaftStorageDirectory.java:analyzeStorage(246)) - The storage directory /workdir/hadoop-ozone/integration-test/target/test-dir/MiniOzoneClusterImpl-f265c1b8-30a7-4229-a4f9-ba2aa99dfb7c/datanode-5/data/ratis/a81789e4-b3ef-4c31-9660-209899c1244d does not exist. Creating ...
2019-10-04 00:25:33,195 [pool-423-thread-1] INFO  server.RaftServerConfigKeys (ConfUtils.java:logGet(43)) - raft.server.log.appender.install.snapshot.enabled = false (custom)
2019-10-04 00:25:33,195 [pool-423-thread-1] INFO  impl.RaftServerImpl (ServerState.java:<init>(103)) - 809451ea-170b-4469-a66e-dc74556bdb8b@group-209899C1244D: ConfigurationManager, init=-1: [967de6a1-b96c-4fb6-af99-a28c78defd4d:192.168.151.76:42971, 974c641e-ebb6-4bfa-8045-c1a31d66bb9a:192.168.151.76:36026, 809451ea-170b-4469-a66e-dc74556bdb8b:192.168.151.76:45007], old=null, confs=<EMPTY_MAP>
2019-10-04 00:25:33,195 [pool-423-thread-1] INFO  server.RaftServerConfigKeys (ConfUtils.java:logGet(43)) - raft.server.storage.dir = [/workdir/hadoop-ozone/integration-test/target/test-dir/MiniOzoneClusterImpl-f265c1b8-30a7-4229-a4f9-ba2aa99dfb7c/datanode-4/data/ratis] (custom)
2019-10-04 00:25:33,195 [pool-423-thread-1] INFO  server.RaftServerConfigKeys (ConfUtils.java:logGet(43)) - raft.server.log.corruption.policy = EXCEPTION (default)
2019-10-04 00:25:33,195 [pool-423-thread-1] INFO  storage.RaftStorageDirectory (RaftStorageDirectory.java:analyzeStorage(246)) - The storage directory /workdir/hadoop-ozone/integration-test/target/test-dir/MiniOzoneClusterImpl-f265c1b8-30a7-4229-a4f9-ba2aa99dfb7c/datanode-4/data/ratis/a81789e4-b3ef-4c31-9660-209899c1244d does not exist. Creating ...
2019-10-04 00:25:33,200 [IPC Server handler 4 on 38565] INFO  net.NetworkTopology (NetworkTopologyImpl.java:add(111)) - Added a new node: /default-rack/c213c600-6b6b-49c2-9d3c-16a9d236cf77
2019-10-04 00:25:33,201 [main] INFO  ozone.MiniOzoneClusterImpl (MiniOzoneClusterImpl.java:lambda$waitForClusterToBeReady$0(147)) - Cluster is ready. Got 7 of 7 DN Heartbeats.
2019-10-04 00:25:33,201 [IPC Server handler 4 on 38565] INFO  node.SCMNodeManager (SCMNodeManager.java:register(266)) - Registered Data node : c213c600-6b6b-49c2-9d3c-16a9d236cf77{ip: 192.168.151.76, host: pr-hdds-1986-2jrbz-1673272497, networkLocation: /default-rack, certSerialId: null}
2019-10-04 00:25:33,219 [pool-413-thread-1] INFO  storage.RaftStorageDirectory (RaftStorageDirectory.java:tryLock(328)) - Lock on /workdir/hadoop-ozone/integration-test/target/test-dir/MiniOzoneClusterImpl-f265c1b8-30a7-4229-a4f9-ba2aa99dfb7c/datanode-3/data/ratis/a81789e4-b3ef-4c31-9660-209899c1244d/in_use.lock acquired by nodename 21867@pr-hdds-1986-2jrbz-1673272497
2019-10-04 00:25:33,221 [pool-433-thread-1] INFO  storage.RaftStorageDirectory (RaftStorageDirectory.java:tryLock(328)) - Lock on /workdir/hadoop-ozone/integration-test/target/test-dir/MiniOzoneClusterImpl-f265c1b8-30a7-4229-a4f9-ba2aa99dfb7c/datanode-5/data/ratis/a81789e4-b3ef-4c31-9660-209899c1244d/in_use.lock acquired by nodename 21867@pr-hdds-1986-2jrbz-1673272497
2019-10-04 00:25:33,224 [pool-423-thread-1] INFO  storage.RaftStorageDirectory (RaftStorageDirectory.java:tryLock(328)) - Lock on /workdir/hadoop-ozone/integration-test/target/test-dir/MiniOzoneClusterImpl-f265c1b8-30a7-4229-a4f9-ba2aa99dfb7c/datanode-4/data/ratis/a81789e4-b3ef-4c31-9660-209899c1244d/in_use.lock acquired by nodename 21867@pr-hdds-1986-2jrbz-1673272497
2019-10-04 00:25:33,247 [pool-413-thread-1] INFO  storage.RaftStorage (RaftStorage.java:format(84)) - Storage directory /workdir/hadoop-ozone/integration-test/target/test-dir/MiniOzoneClusterImpl-f265c1b8-30a7-4229-a4f9-ba2aa99dfb7c/datanode-3/data/ratis/a81789e4-b3ef-4c31-9660-209899c1244d has been successfully formatted.
2019-10-04 00:25:33,248 [pool-423-thread-1] INFO  storage.RaftStorage (RaftStorage.java:format(84)) - Storage directory /workdir/hadoop-ozone/integration-test/target/test-dir/MiniOzoneClusterImpl-f265c1b8-30a7-4229-a4f9-ba2aa99dfb7c/datanode-4/data/ratis/a81789e4-b3ef-4c31-9660-209899c1244d has been successfully formatted.
2019-10-04 00:25:33,248 [pool-433-thread-1] INFO  storage.RaftStorage (RaftStorage.java:format(84)) - Storage directory /workdir/hadoop-ozone/integration-test/target/test-dir/MiniOzoneClusterImpl-f265c1b8-30a7-4229-a4f9-ba2aa99dfb7c/datanode-5/data/ratis/a81789e4-b3ef-4c31-9660-209899c1244d has been successfully formatted.
2019-10-04 00:25:33,248 [pool-423-thread-1] INFO  ratis.ContainerStateMachine (ContainerStateMachine.java:loadSnapshot(230)) - group-209899C1244D: The snapshot info is null. Setting the last applied indexto:(t:0, i:~)
2019-10-04 00:25:33,248 [pool-433-thread-1] INFO  ratis.ContainerStateMachine (ContainerStateMachine.java:loadSnapshot(230)) - group-209899C1244D: The snapshot info is null. Setting the last applied indexto:(t:0, i:~)
2019-10-04 00:25:33,248 [pool-413-thread-1] INFO  ratis.ContainerStateMachine (ContainerStateMachine.java:loadSnapshot(230)) - group-209899C1244D: The snapshot info is null. Setting the last applied indexto:(t:0, i:~)
2019-10-04 00:25:33,248 [pool-433-thread-1] INFO  server.RaftServerConfigKeys (ConfUtils.java:logGet(43)) - raft.server.notification.no-leader.timeout = 120s (custom)
2019-10-04 00:25:33,248 [pool-423-thread-1] INFO  server.RaftServerConfigKeys (ConfUtils.java:logGet(43)) - raft.server.notification.no-leader.timeout = 120s (custom)
2019-10-04 00:25:33,249 [pool-433-thread-1] INFO  server.RaftServerConfigKeys (ConfUtils.java:logGet(43)) - raft.server.log.use.memory = false (default)
2019-10-04 00:25:33,248 [pool-413-thread-1] INFO  server.RaftServerConfigKeys (ConfUtils.java:logGet(43)) - raft.server.notification.no-leader.timeout = 120s (custom)
2019-10-04 00:25:33,249 [pool-433-thread-1] INFO  server.RaftServerConfigKeys (ConfUtils.java:logGet(43)) - raft.server.log.purge.gap = 1000000 (custom)
2019-10-04 00:25:33,249 [main] INFO  rpc.RpcClient (RpcClient.java:createVolume(277)) - Creating Volume: watchforcommithandlingtest, with jenkins1000 as owner.
2019-10-04 00:25:33,249 [pool-423-thread-1] INFO  server.RaftServerConfigKeys (ConfUtils.java:logGet(43)) - raft.server.log.use.memory = false (default)
2019-10-04 00:25:33,249 [pool-433-thread-1] INFO  server.RaftServerConfigKeys (ConfUtils.java:logGet(43)) - raft.server.log.appender.buffer.byte-limit = 33554432 (custom)
2019-10-04 00:25:33,249 [pool-413-thread-1] INFO  server.RaftServerConfigKeys (ConfUtils.java:logGet(43)) - raft.server.log.use.memory = false (default)
2019-10-04 00:25:33,250 [pool-433-thread-1] INFO  server.RaftServerConfigKeys (ConfUtils.java:logGet(43)) - raft.server.log.segment.size.max = 1048576 (custom)
2019-10-04 00:25:33,250 [pool-423-thread-1] INFO  server.RaftServerConfigKeys (ConfUtils.java:logGet(43)) - raft.server.log.purge.gap = 1000000 (custom)
2019-10-04 00:25:33,250 [pool-433-thread-1] INFO  server.RaftServerConfigKeys (ConfUtils.java:logGet(43)) - raft.server.log.segment.cache.num.max = 2 (custom)
2019-10-04 00:25:33,250 [pool-413-thread-1] INFO  server.RaftServerConfigKeys (ConfUtils.java:logGet(43)) - raft.server.log.purge.gap = 1000000 (custom)
2019-10-04 00:25:33,251 [pool-433-thread-1] INFO  segmented.SegmentedRaftLogWorker (SegmentedRaftLogWorker.java:<init>(173)) - new 967de6a1-b96c-4fb6-af99-a28c78defd4d@group-209899C1244D-SegmentedRaftLogWorker for RaftStorage:Storage Directory /workdir/hadoop-ozone/integration-test/target/test-dir/MiniOzoneClusterImpl-f265c1b8-30a7-4229-a4f9-ba2aa99dfb7c/datanode-5/data/ratis/a81789e4-b3ef-4c31-9660-209899c1244d
2019-10-04 00:25:33,250 [pool-423-thread-1] INFO  server.RaftServerConfigKeys (ConfUtils.java:logGet(43)) - raft.server.log.appender.buffer.byte-limit = 33554432 (custom)
2019-10-04 00:25:33,251 [pool-433-thread-1] INFO  server.RaftServerConfigKeys (ConfUtils.java:logGet(43)) - raft.server.log.queue.byte-limit = 2147483647 (custom)
2019-10-04 00:25:33,251 [pool-413-thread-1] INFO  server.RaftServerConfigKeys (ConfUtils.java:logGet(43)) - raft.server.log.appender.buffer.byte-limit = 33554432 (custom)
2019-10-04 00:25:33,251 [pool-433-thread-1] INFO  server.RaftServerConfigKeys (ConfUtils.java:logGet(43)) - raft.server.log.queue.element-limit = 1024 (custom)
2019-10-04 00:25:33,251 [pool-423-thread-1] INFO  server.RaftServerConfigKeys (ConfUtils.java:logGet(43)) - raft.server.log.segment.size.max = 1048576 (custom)
2019-10-04 00:25:33,252 [pool-433-thread-1] INFO  server.RaftServerConfigKeys (ConfUtils.java:logGet(43)) - raft.server.log.segment.size.max = 1048576 (custom)
2019-10-04 00:25:33,251 [pool-413-thread-1] INFO  server.RaftServerConfigKeys (ConfUtils.java:logGet(43)) - raft.server.log.segment.size.max = 1048576 (custom)
2019-10-04 00:25:33,252 [IPC Server handler 1 on 36754] INFO  volume.OMVolumeCreateRequest (OMVolumeCreateRequest.java:validateAndUpdateCache(193)) - created volume:watchforcommithandlingtest for user:jenkins1000
2019-10-04 00:25:33,252 [pool-433-thread-1] INFO  server.RaftServerConfigKeys (ConfUtils.java:logGet(43)) - raft.server.log.preallocated.size = 16384 (custom)
2019-10-04 00:25:33,252 [pool-423-thread-1] INFO  server.RaftServerConfigKeys (ConfUtils.java:logGet(43)) - raft.server.log.segment.cache.num.max = 2 (custom)
2019-10-04 00:25:33,252 [pool-433-thread-1] INFO  server.RaftServerConfigKeys (ConfUtils.java:logGet(43)) - raft.server.log.write.buffer.size = 33554432 (custom)
2019-10-04 00:25:33,252 [pool-413-thread-1] INFO  server.RaftServerConfigKeys (ConfUtils.java:logGet(43)) - raft.server.log.segment.cache.num.max = 2 (custom)
2019-10-04 00:25:33,253 [pool-433-thread-1] INFO  server.RaftServerConfigKeys (ConfUtils.java:logGet(43)) - raft.server.log.force.sync.num = 128 (default)
2019-10-04 00:25:33,253 [pool-433-thread-1] INFO  server.RaftServerConfigKeys (ConfUtils.java:logGet(43)) - raft.server.log.statemachine.data.sync = true (default)
2019-10-04 00:25:33,253 [pool-423-thread-1] INFO  segmented.SegmentedRaftLogWorker (SegmentedRaftLogWorker.java:<init>(173)) - new 809451ea-170b-4469-a66e-dc74556bdb8b@group-209899C1244D-SegmentedRaftLogWorker for RaftStorage:Storage Directory /workdir/hadoop-ozone/integration-test/target/test-dir/MiniOzoneClusterImpl-f265c1b8-30a7-4229-a4f9-ba2aa99dfb7c/datanode-4/data/ratis/a81789e4-b3ef-4c31-9660-209899c1244d
2019-10-04 00:25:33,253 [pool-433-thread-1] INFO  server.RaftServerConfigKeys (ConfUtils.java:logGet(43)) - raft.server.log.statemachine.data.sync.timeout = 10s (default)
2019-10-04 00:25:33,254 [pool-433-thread-1] INFO  server.RaftServerConfigKeys (ConfUtils.java:logGet(43)) - raft.server.log.statemachine.data.sync.timeout.retry = -1 (default)
2019-10-04 00:25:33,253 [pool-413-thread-1] INFO  segmented.SegmentedRaftLogWorker (SegmentedRaftLogWorker.java:<init>(173)) - new 974c641e-ebb6-4bfa-8045-c1a31d66bb9a@group-209899C1244D-SegmentedRaftLogWorker for RaftStorage:Storage Directory /workdir/hadoop-ozone/integration-test/target/test-dir/MiniOzoneClusterImpl-f265c1b8-30a7-4229-a4f9-ba2aa99dfb7c/datanode-3/data/ratis/a81789e4-b3ef-4c31-9660-209899c1244d
2019-10-04 00:25:33,254 [pool-433-thread-1] INFO  server.RaftServerConfigKeys (ConfUtils.java:logGet(43)) - raft.server.log.statemachine.data.caching.enabled = true (custom)
2019-10-04 00:25:33,254 [pool-423-thread-1] INFO  server.RaftServerConfigKeys (ConfUtils.java:logGet(43)) - raft.server.log.queue.byte-limit = 2147483647 (custom)
2019-10-04 00:25:33,254 [pool-413-thread-1] INFO  server.RaftServerConfigKeys (ConfUtils.java:logGet(43)) - raft.server.log.queue.byte-limit = 2147483647 (custom)
2019-10-04 00:25:33,254 [pool-433-thread-1] INFO  segmented.SegmentedRaftLogWorker (SegmentedRaftLogWorker.java:lambda$new$0(128)) - 967de6a1-b96c-4fb6-af99-a28c78defd4d@group-209899C1244D-SegmentedRaftLogWorker: flushIndex: setUnconditionally 0 -> -1
2019-10-04 00:25:33,254 [pool-423-thread-1] INFO  server.RaftServerConfigKeys (ConfUtils.java:logGet(43)) - raft.server.log.queue.element-limit = 1024 (custom)
2019-10-04 00:25:33,257 [pool-433-thread-1] INFO  server.RaftServerConfigKeys (ConfUtils.java:logGet(43)) - raft.server.snapshot.auto.trigger.enabled = true (custom)
2019-10-04 00:25:33,254 [pool-413-thread-1] INFO  server.RaftServerConfigKeys (ConfUtils.java:logGet(43)) - raft.server.log.queue.element-limit = 1024 (custom)
2019-10-04 00:25:33,258 [pool-433-thread-1] INFO  server.RaftServerConfigKeys (ConfUtils.java:logGet(43)) - raft.server.snapshot.auto.trigger.threshold = 10000 (custom)
2019-10-04 00:25:33,258 [pool-433-thread-1] INFO  server.RaftServerConfigKeys (ConfUtils.java:logGet(43)) - raft.server.snapshot.retention.file.num = 5 (custom)
2019-10-04 00:25:33,257 [pool-423-thread-1] INFO  server.RaftServerConfigKeys (ConfUtils.java:logGet(43)) - raft.server.log.segment.size.max = 1048576 (custom)
2019-10-04 00:25:33,258 [pool-413-thread-1] INFO  server.RaftServerConfigKeys (ConfUtils.java:logGet(43)) - raft.server.log.segment.size.max = 1048576 (custom)
2019-10-04 00:25:33,268 [pool-413-thread-1] INFO  server.RaftServerConfigKeys (ConfUtils.java:logGet(43)) - raft.server.log.preallocated.size = 16384 (custom)
2019-10-04 00:25:33,265 [pool-433-thread-1] INFO  server.RaftServerConfigKeys (ConfUtils.java:logGet(43)) - raft.server.retrycache.expirytime = 600000ms (custom)
2019-10-04 00:25:33,268 [pool-423-thread-1] INFO  server.RaftServerConfigKeys (ConfUtils.java:logGet(43)) - raft.server.log.preallocated.size = 16384 (custom)
2019-10-04 00:25:33,268 [pool-413-thread-1] INFO  server.RaftServerConfigKeys (ConfUtils.java:logGet(43)) - raft.server.log.write.buffer.size = 33554432 (custom)
2019-10-04 00:25:33,268 [main] INFO  rpc.RpcClient (RpcClient.java:createBucket(416)) - Creating Bucket: watchforcommithandlingtest/watchforcommithandlingtest, with Versioning false and Storage Type set to DISK and Encryption set to false 
2019-10-04 00:25:33,268 [pool-423-thread-1] INFO  server.RaftServerConfigKeys (ConfUtils.java:logGet(43)) - raft.server.log.write.buffer.size = 33554432 (custom)
2019-10-04 00:25:33,268 [pool-413-thread-1] INFO  server.RaftServerConfigKeys (ConfUtils.java:logGet(43)) - raft.server.log.force.sync.num = 128 (default)
2019-10-04 00:25:33,269 [pool-423-thread-1] INFO  server.RaftServerConfigKeys (ConfUtils.java:logGet(43)) - raft.server.log.force.sync.num = 128 (default)
2019-10-04 00:25:33,269 [pool-413-thread-1] INFO  server.RaftServerConfigKeys (ConfUtils.java:logGet(43)) - raft.server.log.statemachine.data.sync = true (default)
2019-10-04 00:25:33,269 [pool-423-thread-1] INFO  server.RaftServerConfigKeys (ConfUtils.java:logGet(43)) - raft.server.log.statemachine.data.sync = true (default)
2019-10-04 00:25:33,269 [pool-413-thread-1] INFO  server.RaftServerConfigKeys (ConfUtils.java:logGet(43)) - raft.server.log.statemachine.data.sync.timeout = 10s (default)
2019-10-04 00:25:33,269 [pool-423-thread-1] INFO  server.RaftServerConfigKeys (ConfUtils.java:logGet(43)) - raft.server.log.statemachine.data.sync.timeout = 10s (default)
2019-10-04 00:25:33,269 [pool-413-thread-1] INFO  server.RaftServerConfigKeys (ConfUtils.java:logGet(43)) - raft.server.log.statemachine.data.sync.timeout.retry = -1 (default)
2019-10-04 00:25:33,269 [pool-423-thread-1] INFO  server.RaftServerConfigKeys (ConfUtils.java:logGet(43)) - raft.server.log.statemachine.data.sync.timeout.retry = -1 (default)
2019-10-04 00:25:33,270 [pool-413-thread-1] INFO  server.RaftServerConfigKeys (ConfUtils.java:logGet(43)) - raft.server.log.statemachine.data.caching.enabled = true (custom)
2019-10-04 00:25:33,272 [pool-423-thread-1] INFO  server.RaftServerConfigKeys (ConfUtils.java:logGet(43)) - raft.server.log.statemachine.data.caching.enabled = true (custom)
2019-10-04 00:25:33,272 [pool-413-thread-1] INFO  segmented.SegmentedRaftLogWorker (SegmentedRaftLogWorker.java:lambda$new$0(128)) - 974c641e-ebb6-4bfa-8045-c1a31d66bb9a@group-209899C1244D-SegmentedRaftLogWorker: flushIndex: setUnconditionally 0 -> -1
2019-10-04 00:25:33,273 [pool-423-thread-1] INFO  segmented.SegmentedRaftLogWorker (SegmentedRaftLogWorker.java:lambda$new$0(128)) - 809451ea-170b-4469-a66e-dc74556bdb8b@group-209899C1244D-SegmentedRaftLogWorker: flushIndex: setUnconditionally 0 -> -1
2019-10-04 00:25:33,273 [pool-413-thread-1] INFO  server.RaftServerConfigKeys (ConfUtils.java:logGet(43)) - raft.server.snapshot.auto.trigger.enabled = true (custom)
2019-10-04 00:25:33,273 [main] INFO  ozone.MiniOzoneClusterImpl (MiniOzoneClusterImpl.java:getStorageContainerLocationClient(234)) - Creating StorageContainerLocationProtocol RPC client with address /0.0.0.0:42485
2019-10-04 00:25:33,273 [pool-433-thread-1] INFO  impl.RaftServerImpl (RaftServerImpl.java:start(181)) - 967de6a1-b96c-4fb6-af99-a28c78defd4d@group-209899C1244D: start as a follower, conf=-1: [967de6a1-b96c-4fb6-af99-a28c78defd4d:192.168.151.76:42971, 974c641e-ebb6-4bfa-8045-c1a31d66bb9a:192.168.151.76:36026, 809451ea-170b-4469-a66e-dc74556bdb8b:192.168.151.76:45007], old=null
2019-10-04 00:25:33,273 [pool-433-thread-1] INFO  impl.RaftServerImpl (RaftServerImpl.java:setRole(170)) - 967de6a1-b96c-4fb6-af99-a28c78defd4d@group-209899C1244D: changes role from      null to FOLLOWER at term 0 for startAsFollower
2019-10-04 00:25:33,273 [pool-423-thread-1] INFO  server.RaftServerConfigKeys (ConfUtils.java:logGet(43)) - raft.server.snapshot.auto.trigger.enabled = true (custom)
2019-10-04 00:25:33,273 [pool-413-thread-1] INFO  server.RaftServerConfigKeys (ConfUtils.java:logGet(43)) - raft.server.snapshot.auto.trigger.threshold = 10000 (custom)
2019-10-04 00:25:33,273 [pool-423-thread-1] INFO  server.RaftServerConfigKeys (ConfUtils.java:logGet(43)) - raft.server.snapshot.auto.trigger.threshold = 10000 (custom)
2019-10-04 00:25:33,274 [pool-423-thread-1] INFO  server.RaftServerConfigKeys (ConfUtils.java:logGet(43)) - raft.server.snapshot.retention.file.num = 5 (custom)
2019-10-04 00:25:33,273 [pool-433-thread-1] INFO  impl.RoleInfo (RoleInfo.java:updateAndGet(143)) - 967de6a1-b96c-4fb6-af99-a28c78defd4d: start FollowerState
2019-10-04 00:25:33,274 [pool-423-thread-1] INFO  server.RaftServerConfigKeys (ConfUtils.java:logGet(43)) - raft.server.retrycache.expirytime = 600000ms (custom)
2019-10-04 00:25:33,274 [pool-413-thread-1] INFO  server.RaftServerConfigKeys (ConfUtils.java:logGet(43)) - raft.server.snapshot.retention.file.num = 5 (custom)
2019-10-04 00:25:33,274 [pool-413-thread-1] INFO  server.RaftServerConfigKeys (ConfUtils.java:logGet(43)) - raft.server.retrycache.expirytime = 600000ms (custom)
2019-10-04 00:25:33,274 [pool-433-thread-1] INFO  util.JmxRegister (JmxRegister.java:tryRegister(44)) - Successfully registered JMX Bean with object name Ratis:service=RaftServer,group=group-209899C1244D,id=967de6a1-b96c-4fb6-af99-a28c78defd4d
2019-10-04 00:25:33,277 [pool-423-thread-1] INFO  impl.RaftServerImpl (RaftServerImpl.java:start(181)) - 809451ea-170b-4469-a66e-dc74556bdb8b@group-209899C1244D: start as a follower, conf=-1: [967de6a1-b96c-4fb6-af99-a28c78defd4d:192.168.151.76:42971, 974c641e-ebb6-4bfa-8045-c1a31d66bb9a:192.168.151.76:36026, 809451ea-170b-4469-a66e-dc74556bdb8b:192.168.151.76:45007], old=null
2019-10-04 00:25:33,277 [pool-423-thread-1] INFO  impl.RaftServerImpl (RaftServerImpl.java:setRole(170)) - 809451ea-170b-4469-a66e-dc74556bdb8b@group-209899C1244D: changes role from      null to FOLLOWER at term 0 for startAsFollower
2019-10-04 00:25:33,277 [pool-423-thread-1] INFO  impl.RoleInfo (RoleInfo.java:updateAndGet(143)) - 809451ea-170b-4469-a66e-dc74556bdb8b: start FollowerState
2019-10-04 00:25:33,277 [pool-423-thread-1] INFO  util.JmxRegister (JmxRegister.java:tryRegister(44)) - Successfully registered JMX Bean with object name Ratis:service=RaftServer,group=group-209899C1244D,id=809451ea-170b-4469-a66e-dc74556bdb8b
2019-10-04 00:25:33,277 [pool-413-thread-1] INFO  impl.RaftServerImpl (RaftServerImpl.java:start(181)) - 974c641e-ebb6-4bfa-8045-c1a31d66bb9a@group-209899C1244D: start as a follower, conf=-1: [967de6a1-b96c-4fb6-af99-a28c78defd4d:192.168.151.76:42971, 974c641e-ebb6-4bfa-8045-c1a31d66bb9a:192.168.151.76:36026, 809451ea-170b-4469-a66e-dc74556bdb8b:192.168.151.76:45007], old=null
2019-10-04 00:25:33,277 [pool-413-thread-1] INFO  impl.RaftServerImpl (RaftServerImpl.java:setRole(170)) - 974c641e-ebb6-4bfa-8045-c1a31d66bb9a@group-209899C1244D: changes role from      null to FOLLOWER at term 0 for startAsFollower
2019-10-04 00:25:33,278 [pool-413-thread-1] INFO  impl.RoleInfo (RoleInfo.java:updateAndGet(143)) - 974c641e-ebb6-4bfa-8045-c1a31d66bb9a: start FollowerState
2019-10-04 00:25:33,278 [pool-413-thread-1] INFO  util.JmxRegister (JmxRegister.java:tryRegister(44)) - Successfully registered JMX Bean with object name Ratis:service=RaftServer,group=group-209899C1244D,id=974c641e-ebb6-4bfa-8045-c1a31d66bb9a
2019-10-04 00:25:33,282 [RatisPipelineUtilsThread] INFO  pipeline.PipelineStateManager (PipelineStateManager.java:addPipeline(56)) - Created pipeline Pipeline[ Id: a81789e4-b3ef-4c31-9660-209899c1244d, Nodes: 967de6a1-b96c-4fb6-af99-a28c78defd4d{ip: 192.168.151.76, host: pr-hdds-1986-2jrbz-1673272497, networkLocation: /default-rack, certSerialId: null}974c641e-ebb6-4bfa-8045-c1a31d66bb9a{ip: 192.168.151.76, host: pr-hdds-1986-2jrbz-1673272497, networkLocation: /default-rack, certSerialId: null}809451ea-170b-4469-a66e-dc74556bdb8b{ip: 192.168.151.76, host: pr-hdds-1986-2jrbz-1673272497, networkLocation: /default-rack, certSerialId: null}, Type:RATIS, Factor:THREE, State:OPEN]
2019-10-04 00:25:33,732 [grpc-default-executor-1] WARN  server.GrpcLogAppender (LogUtils.java:warn(134)) - 71330204-bca2-4e99-8f93-d549681827cf@group-50998A96B5E1->28c32f69-b092-44d1-8318-359d0ad59249-AppendLogResponseHandler: Failed appendEntries: org.apache.ratis.thirdparty.io.grpc.StatusRuntimeException: UNAVAILABLE: io exception
2019-10-04 00:25:33,732 [grpc-default-executor-3] WARN  server.GrpcLogAppender (LogUtils.java:warn(134)) - 71330204-bca2-4e99-8f93-d549681827cf@group-50998A96B5E1->77785bd1-e3fa-40ee-837b-c5096ff73ca9-AppendLogResponseHandler: Failed appendEntries: org.apache.ratis.thirdparty.io.grpc.StatusRuntimeException: UNAVAILABLE: io exception
2019-10-04 00:25:33,733 [grpc-default-executor-1] INFO  impl.FollowerInfo (FollowerInfo.java:lambda$new$0(51)) - 71330204-bca2-4e99-8f93-d549681827cf@group-50998A96B5E1->28c32f69-b092-44d1-8318-359d0ad59249: nextIndex: updateUnconditionally 0 -> 0
2019-10-04 00:25:33,733 [grpc-default-executor-3] INFO  impl.FollowerInfo (FollowerInfo.java:lambda$new$0(51)) - 71330204-bca2-4e99-8f93-d549681827cf@group-50998A96B5E1->77785bd1-e3fa-40ee-837b-c5096ff73ca9: nextIndex: updateUnconditionally 0 -> 0
2019-10-04 00:25:35,650 [Thread-2298] INFO  container.ReplicationManager (ReplicationManager.java:start(162)) - Starting Replication Monitor Thread.
2019-10-04 00:25:35,656 [ReplicationMonitor] INFO  container.ReplicationManager (ReplicationManager.java:run(225)) - Replication Monitor Thread took 1 milliseconds for processing 1 containers.
2019-10-04 00:25:36,056 [Thread-2353] INFO  client.GrpcClientProtocolService (GrpcClientProtocolService.java:lambda$processClientRequest$0(278)) - Failed RaftClientRequest:client-AF6F1CAEFBE4->71330204-bca2-4e99-8f93-d549681827cf@group-50998A96B5E1, cid=68, seq=0, Watch-MAJORITY_COMMITTED(95), Message:<EMPTY>, reply=RaftClientReply:client-AF6F1CAEFBE4->71330204-bca2-4e99-8f93-d549681827cf@group-50998A96B5E1, cid=68, FAILED org.apache.ratis.protocol.NotReplicatedException: Request with call Id 68 and log index 95 is not yet replicated to MAJORITY_COMMITTED, logIndex=95, commits[71330204-bca2-4e99-8f93-d549681827cf:c2, 28c32f69-b092-44d1-8318-359d0ad59249:c2, 77785bd1-e3fa-40ee-837b-c5096ff73ca9:c2]
2019-10-04 00:25:36,056 [Thread-2354] INFO  client.GrpcClientProtocolService (GrpcClientProtocolService.java:lambda$processClientRequest$0(278)) - Failed RaftClientRequest:client-AF6F1CAEFBE4->71330204-bca2-4e99-8f93-d549681827cf@group-50998A96B5E1, cid=67, seq=0, Watch-ALL_COMMITTED(95), Message:<EMPTY>, reply=RaftClientReply:client-AF6F1CAEFBE4->71330204-bca2-4e99-8f93-d549681827cf@group-50998A96B5E1, cid=67, FAILED org.apache.ratis.protocol.NotReplicatedException: Request with call Id 67 and log index 95 is not yet replicated to ALL_COMMITTED, logIndex=95, commits[71330204-bca2-4e99-8f93-d549681827cf:c2, 28c32f69-b092-44d1-8318-359d0ad59249:c2, 77785bd1-e3fa-40ee-837b-c5096ff73ca9:c2]
2019-10-04 00:25:36,233 [grpc-default-executor-5] WARN  server.GrpcLogAppender (LogUtils.java:warn(134)) - 71330204-bca2-4e99-8f93-d549681827cf@group-50998A96B5E1->77785bd1-e3fa-40ee-837b-c5096ff73ca9-AppendLogResponseHandler: Failed appendEntries: org.apache.ratis.thirdparty.io.grpc.StatusRuntimeException: UNAVAILABLE: io exception
2019-10-04 00:25:36,233 [grpc-default-executor-0] WARN  server.GrpcLogAppender (LogUtils.java:warn(134)) - 71330204-bca2-4e99-8f93-d549681827cf@group-50998A96B5E1->28c32f69-b092-44d1-8318-359d0ad59249-AppendLogResponseHandler: Failed appendEntries: org.apache.ratis.thirdparty.io.grpc.StatusRuntimeException: UNAVAILABLE: io exception
2019-10-04 00:25:36,233 [grpc-default-executor-5] INFO  impl.FollowerInfo (FollowerInfo.java:lambda$new$0(51)) - 71330204-bca2-4e99-8f93-d549681827cf@group-50998A96B5E1->77785bd1-e3fa-40ee-837b-c5096ff73ca9: nextIndex: updateUnconditionally 0 -> 0
2019-10-04 00:25:36,234 [grpc-default-executor-0] INFO  impl.FollowerInfo (FollowerInfo.java:lambda$new$0(51)) - 71330204-bca2-4e99-8f93-d549681827cf@group-50998A96B5E1->28c32f69-b092-44d1-8318-359d0ad59249: nextIndex: updateUnconditionally 0 -> 0
2019-10-04 00:25:37,785 [Thread-2303] INFO  impl.FollowerState (FollowerState.java:run(108)) - f77ed7b2-82d7-4399-bb3d-1321f2261220@group-A33C1580AF6E-FollowerState: change to CANDIDATE, lastRpcTime:5014ms, electionTimeout:5014ms
2019-10-04 00:25:37,785 [Thread-2303] INFO  impl.RoleInfo (RoleInfo.java:shutdownFollowerState(121)) - f77ed7b2-82d7-4399-bb3d-1321f2261220: shutdown FollowerState
2019-10-04 00:25:37,785 [Thread-2303] INFO  impl.RaftServerImpl (RaftServerImpl.java:setRole(170)) - f77ed7b2-82d7-4399-bb3d-1321f2261220@group-A33C1580AF6E: changes role from  FOLLOWER to CANDIDATE at term 0 for changeToCandidate
2019-10-04 00:25:37,785 [Thread-2303] INFO  impl.RoleInfo (RoleInfo.java:updateAndGet(143)) - f77ed7b2-82d7-4399-bb3d-1321f2261220: start LeaderElection
2019-10-04 00:25:37,812 [f77ed7b2-82d7-4399-bb3d-1321f2261220@group-A33C1580AF6E-LeaderElection80] INFO  impl.LeaderElection (LeaderElection.java:askForVotes(178)) - f77ed7b2-82d7-4399-bb3d-1321f2261220@group-A33C1580AF6E-LeaderElection80: begin an election at term 1 for -1: [f77ed7b2-82d7-4399-bb3d-1321f2261220:192.168.151.76:45993], old=null
2019-10-04 00:25:37,812 [f77ed7b2-82d7-4399-bb3d-1321f2261220@group-A33C1580AF6E-LeaderElection80] INFO  impl.RoleInfo (RoleInfo.java:shutdownLeaderElection(134)) - f77ed7b2-82d7-4399-bb3d-1321f2261220: shutdown LeaderElection
2019-10-04 00:25:37,812 [f77ed7b2-82d7-4399-bb3d-1321f2261220@group-A33C1580AF6E-LeaderElection80] INFO  impl.RaftServerImpl (RaftServerImpl.java:setRole(170)) - f77ed7b2-82d7-4399-bb3d-1321f2261220@group-A33C1580AF6E: changes role from CANDIDATE to LEADER at term 1 for changeToLeader
2019-10-04 00:25:37,812 [f77ed7b2-82d7-4399-bb3d-1321f2261220@group-A33C1580AF6E-LeaderElection80] INFO  impl.RaftServerImpl (ServerState.java:setLeader(255)) - f77ed7b2-82d7-4399-bb3d-1321f2261220@group-A33C1580AF6E: change Leader from null to f77ed7b2-82d7-4399-bb3d-1321f2261220 at term 1 for becomeLeader, leader elected after 5046ms
2019-10-04 00:25:37,812 [f77ed7b2-82d7-4399-bb3d-1321f2261220@group-A33C1580AF6E-LeaderElection80] INFO  server.RaftServerConfigKeys (ConfUtils.java:logGet(43)) - raft.server.staging.catchup.gap = 1000 (default)
2019-10-04 00:25:37,813 [f77ed7b2-82d7-4399-bb3d-1321f2261220@group-A33C1580AF6E-LeaderElection80] INFO  server.RaftServerConfigKeys (ConfUtils.java:logGet(43)) - raft.server.rpc.sleep.time = 25ms (default)
2019-10-04 00:25:37,813 [f77ed7b2-82d7-4399-bb3d-1321f2261220@group-A33C1580AF6E-LeaderElection80] INFO  server.RaftServerConfigKeys (ConfUtils.java:logGet(43)) - raft.server.write.element-limit = 4096 (default)
2019-10-04 00:25:37,813 [f77ed7b2-82d7-4399-bb3d-1321f2261220@group-A33C1580AF6E-LeaderElection80] INFO  server.RaftServerConfigKeys (ConfUtils.java:logGet(43)) - raft.server.watch.timeout = 10s (default)
2019-10-04 00:25:37,813 [f77ed7b2-82d7-4399-bb3d-1321f2261220@group-A33C1580AF6E-LeaderElection80] INFO  server.RaftServerConfigKeys (ConfUtils.java:logGet(43)) - raft.server.watch.timeout.denomination = 1s (default)
2019-10-04 00:25:37,813 [f77ed7b2-82d7-4399-bb3d-1321f2261220@group-A33C1580AF6E-LeaderElection80] INFO  server.RaftServerConfigKeys (ConfUtils.java:logGet(43)) - raft.server.watch.element-limit = 65536 (default)
2019-10-04 00:25:37,815 [f77ed7b2-82d7-4399-bb3d-1321f2261220@group-A33C1580AF6E-LeaderElection80] INFO  impl.RoleInfo (RoleInfo.java:updateAndGet(143)) - f77ed7b2-82d7-4399-bb3d-1321f2261220: start LeaderState
2019-10-04 00:25:37,816 [f77ed7b2-82d7-4399-bb3d-1321f2261220@group-A33C1580AF6E-LeaderElection80] INFO  segmented.SegmentedRaftLogWorker (SegmentedRaftLogWorker.java:startLogSegment(385)) - f77ed7b2-82d7-4399-bb3d-1321f2261220@group-A33C1580AF6E-SegmentedRaftLogWorker: Starting segment from index:0
2019-10-04 00:25:37,816 [f77ed7b2-82d7-4399-bb3d-1321f2261220@group-A33C1580AF6E-LeaderElection80] INFO  impl.RaftServerImpl (ServerState.java:setRaftConf(356)) - f77ed7b2-82d7-4399-bb3d-1321f2261220@group-A33C1580AF6E: set configuration 0: [f77ed7b2-82d7-4399-bb3d-1321f2261220:192.168.151.76:45993], old=null at 0
2019-10-04 00:25:37,864 [f77ed7b2-82d7-4399-bb3d-1321f2261220@group-A33C1580AF6E-SegmentedRaftLogWorker] INFO  segmented.SegmentedRaftLogWorker (SegmentedRaftLogWorker.java:execute(574)) - f77ed7b2-82d7-4399-bb3d-1321f2261220@group-A33C1580AF6E-SegmentedRaftLogWorker: created new log segment /workdir/hadoop-ozone/integration-test/target/test-dir/MiniOzoneClusterImpl-f265c1b8-30a7-4229-a4f9-ba2aa99dfb7c/datanode-1/data/ratis/8a69d534-23fd-408d-8fdd-a33c1580af6e/current/log_inprogress_0
2019-10-04 00:25:37,893 [Thread-2300] INFO  impl.FollowerState (FollowerState.java:run(108)) - 6b3dee82-9f2e-414f-9a2b-fe03fbe9530d@group-6B2B8B9BC3C7-FollowerState: change to CANDIDATE, lastRpcTime:5178ms, electionTimeout:5178ms
2019-10-04 00:25:37,894 [Thread-2300] INFO  impl.RoleInfo (RoleInfo.java:shutdownFollowerState(121)) - 6b3dee82-9f2e-414f-9a2b-fe03fbe9530d: shutdown FollowerState
2019-10-04 00:25:37,894 [Thread-2300] INFO  impl.RaftServerImpl (RaftServerImpl.java:setRole(170)) - 6b3dee82-9f2e-414f-9a2b-fe03fbe9530d@group-6B2B8B9BC3C7: changes role from  FOLLOWER to CANDIDATE at term 0 for changeToCandidate
2019-10-04 00:25:37,894 [Thread-2300] INFO  impl.RoleInfo (RoleInfo.java:updateAndGet(143)) - 6b3dee82-9f2e-414f-9a2b-fe03fbe9530d: start LeaderElection
2019-10-04 00:25:37,916 [6b3dee82-9f2e-414f-9a2b-fe03fbe9530d@group-6B2B8B9BC3C7-LeaderElection81] INFO  impl.LeaderElection (LeaderElection.java:askForVotes(178)) - 6b3dee82-9f2e-414f-9a2b-fe03fbe9530d@group-6B2B8B9BC3C7-LeaderElection81: begin an election at term 1 for -1: [6b3dee82-9f2e-414f-9a2b-fe03fbe9530d:192.168.151.76:41174], old=null
2019-10-04 00:25:37,916 [6b3dee82-9f2e-414f-9a2b-fe03fbe9530d@group-6B2B8B9BC3C7-LeaderElection81] INFO  impl.RoleInfo (RoleInfo.java:shutdownLeaderElection(134)) - 6b3dee82-9f2e-414f-9a2b-fe03fbe9530d: shutdown LeaderElection
2019-10-04 00:25:37,916 [6b3dee82-9f2e-414f-9a2b-fe03fbe9530d@group-6B2B8B9BC3C7-LeaderElection81] INFO  impl.RaftServerImpl (RaftServerImpl.java:setRole(170)) - 6b3dee82-9f2e-414f-9a2b-fe03fbe9530d@group-6B2B8B9BC3C7: changes role from CANDIDATE to LEADER at term 1 for changeToLeader
2019-10-04 00:25:37,916 [6b3dee82-9f2e-414f-9a2b-fe03fbe9530d@group-6B2B8B9BC3C7-LeaderElection81] INFO  impl.RaftServerImpl (ServerState.java:setLeader(255)) - 6b3dee82-9f2e-414f-9a2b-fe03fbe9530d@group-6B2B8B9BC3C7: change Leader from null to 6b3dee82-9f2e-414f-9a2b-fe03fbe9530d at term 1 for becomeLeader, leader elected after 5211ms
2019-10-04 00:25:37,916 [6b3dee82-9f2e-414f-9a2b-fe03fbe9530d@group-6B2B8B9BC3C7-LeaderElection81] INFO  server.RaftServerConfigKeys (ConfUtils.java:logGet(43)) - raft.server.staging.catchup.gap = 1000 (default)
2019-10-04 00:25:37,916 [6b3dee82-9f2e-414f-9a2b-fe03fbe9530d@group-6B2B8B9BC3C7-LeaderElection81] INFO  server.RaftServerConfigKeys (ConfUtils.java:logGet(43)) - raft.server.rpc.sleep.time = 25ms (default)
2019-10-04 00:25:37,916 [6b3dee82-9f2e-414f-9a2b-fe03fbe9530d@group-6B2B8B9BC3C7-LeaderElection81] INFO  server.RaftServerConfigKeys (ConfUtils.java:logGet(43)) - raft.server.write.element-limit = 4096 (default)
2019-10-04 00:25:37,916 [6b3dee82-9f2e-414f-9a2b-fe03fbe9530d@group-6B2B8B9BC3C7-LeaderElection81] INFO  server.RaftServerConfigKeys (ConfUtils.java:logGet(43)) - raft.server.watch.timeout = 10s (default)
2019-10-04 00:25:37,916 [6b3dee82-9f2e-414f-9a2b-fe03fbe9530d@group-6B2B8B9BC3C7-LeaderElection81] INFO  server.RaftServerConfigKeys (ConfUtils.java:logGet(43)) - raft.server.watch.timeout.denomination = 1s (default)
2019-10-04 00:25:37,917 [6b3dee82-9f2e-414f-9a2b-fe03fbe9530d@group-6B2B8B9BC3C7-LeaderElection81] INFO  server.RaftServerConfigKeys (ConfUtils.java:logGet(43)) - raft.server.watch.element-limit = 65536 (default)
2019-10-04 00:25:37,918 [6b3dee82-9f2e-414f-9a2b-fe03fbe9530d@group-6B2B8B9BC3C7-LeaderElection81] INFO  impl.RoleInfo (RoleInfo.java:updateAndGet(143)) - 6b3dee82-9f2e-414f-9a2b-fe03fbe9530d: start LeaderState
2019-10-04 00:25:37,918 [6b3dee82-9f2e-414f-9a2b-fe03fbe9530d@group-6B2B8B9BC3C7-LeaderElection81] INFO  segmented.SegmentedRaftLogWorker (SegmentedRaftLogWorker.java:startLogSegment(385)) - 6b3dee82-9f2e-414f-9a2b-fe03fbe9530d@group-6B2B8B9BC3C7-SegmentedRaftLogWorker: Starting segment from index:0
2019-10-04 00:25:37,919 [6b3dee82-9f2e-414f-9a2b-fe03fbe9530d@group-6B2B8B9BC3C7-LeaderElection81] INFO  impl.RaftServerImpl (ServerState.java:setRaftConf(356)) - 6b3dee82-9f2e-414f-9a2b-fe03fbe9530d@group-6B2B8B9BC3C7: set configuration 0: [6b3dee82-9f2e-414f-9a2b-fe03fbe9530d:192.168.151.76:41174], old=null at 0
2019-10-04 00:25:37,945 [Thread-2306] INFO  impl.FollowerState (FollowerState.java:run(108)) - 2c692606-4e48-4178-b7d0-0515837b2c0a@group-19C2CF80E3EA-FollowerState: change to CANDIDATE, lastRpcTime:5078ms, electionTimeout:5078ms
2019-10-04 00:25:37,945 [Thread-2306] INFO  impl.RoleInfo (RoleInfo.java:shutdownFollowerState(121)) - 2c692606-4e48-4178-b7d0-0515837b2c0a: shutdown FollowerState
2019-10-04 00:25:37,946 [Thread-2306] INFO  impl.RaftServerImpl (RaftServerImpl.java:setRole(170)) - 2c692606-4e48-4178-b7d0-0515837b2c0a@group-19C2CF80E3EA: changes role from  FOLLOWER to CANDIDATE at term 0 for changeToCandidate
2019-10-04 00:25:37,946 [Thread-2306] INFO  impl.RoleInfo (RoleInfo.java:updateAndGet(143)) - 2c692606-4e48-4178-b7d0-0515837b2c0a: start LeaderElection
2019-10-04 00:25:37,956 [6b3dee82-9f2e-414f-9a2b-fe03fbe9530d@group-6B2B8B9BC3C7-SegmentedRaftLogWorker] INFO  segmented.SegmentedRaftLogWorker (SegmentedRaftLogWorker.java:execute(574)) - 6b3dee82-9f2e-414f-9a2b-fe03fbe9530d@group-6B2B8B9BC3C7-SegmentedRaftLogWorker: created new log segment /workdir/hadoop-ozone/integration-test/target/test-dir/MiniOzoneClusterImpl-f265c1b8-30a7-4229-a4f9-ba2aa99dfb7c/datanode-0/data/ratis/97184fdd-0dc1-488a-8fd1-6b2b8b9bc3c7/current/log_inprogress_0
2019-10-04 00:25:37,959 [Thread-2313] INFO  impl.FollowerState (FollowerState.java:run(108)) - 2c692606-4e48-4178-b7d0-0515837b2c0a@group-1B2579702351-FollowerState: change to CANDIDATE, lastRpcTime:5006ms, electionTimeout:5006ms
2019-10-04 00:25:37,959 [Thread-2313] INFO  impl.RoleInfo (RoleInfo.java:shutdownFollowerState(121)) - 2c692606-4e48-4178-b7d0-0515837b2c0a: shutdown FollowerState
2019-10-04 00:25:37,959 [Thread-2313] INFO  impl.RaftServerImpl (RaftServerImpl.java:setRole(170)) - 2c692606-4e48-4178-b7d0-0515837b2c0a@group-1B2579702351: changes role from  FOLLOWER to CANDIDATE at term 0 for changeToCandidate
2019-10-04 00:25:37,959 [Thread-2313] INFO  impl.RoleInfo (RoleInfo.java:updateAndGet(143)) - 2c692606-4e48-4178-b7d0-0515837b2c0a: start LeaderElection
2019-10-04 00:25:37,983 [2c692606-4e48-4178-b7d0-0515837b2c0a@group-19C2CF80E3EA-LeaderElection82] INFO  impl.LeaderElection (LeaderElection.java:askForVotes(178)) - 2c692606-4e48-4178-b7d0-0515837b2c0a@group-19C2CF80E3EA-LeaderElection82: begin an election at term 1 for -1: [2c692606-4e48-4178-b7d0-0515837b2c0a:192.168.151.76:38377], old=null
2019-10-04 00:25:37,983 [2c692606-4e48-4178-b7d0-0515837b2c0a@group-1B2579702351-LeaderElection83] INFO  impl.LeaderElection (LeaderElection.java:askForVotes(178)) - 2c692606-4e48-4178-b7d0-0515837b2c0a@group-1B2579702351-LeaderElection83: begin an election at term 1 for -1: [6b3dee82-9f2e-414f-9a2b-fe03fbe9530d:192.168.151.76:41174, 2c692606-4e48-4178-b7d0-0515837b2c0a:192.168.151.76:38377, f77ed7b2-82d7-4399-bb3d-1321f2261220:192.168.151.76:45993], old=null
2019-10-04 00:25:37,984 [2c692606-4e48-4178-b7d0-0515837b2c0a@group-19C2CF80E3EA-LeaderElection82] INFO  impl.RoleInfo (RoleInfo.java:shutdownLeaderElection(134)) - 2c692606-4e48-4178-b7d0-0515837b2c0a: shutdown LeaderElection
2019-10-04 00:25:37,984 [2c692606-4e48-4178-b7d0-0515837b2c0a@group-19C2CF80E3EA-LeaderElection82] INFO  impl.RaftServerImpl (RaftServerImpl.java:setRole(170)) - 2c692606-4e48-4178-b7d0-0515837b2c0a@group-19C2CF80E3EA: changes role from CANDIDATE to LEADER at term 1 for changeToLeader
2019-10-04 00:25:37,984 [2c692606-4e48-4178-b7d0-0515837b2c0a@group-19C2CF80E3EA-LeaderElection82] INFO  impl.RaftServerImpl (ServerState.java:setLeader(255)) - 2c692606-4e48-4178-b7d0-0515837b2c0a@group-19C2CF80E3EA: change Leader from null to 2c692606-4e48-4178-b7d0-0515837b2c0a at term 1 for becomeLeader, leader elected after 5125ms
2019-10-04 00:25:37,984 [2c692606-4e48-4178-b7d0-0515837b2c0a@group-19C2CF80E3EA-LeaderElection82] INFO  server.RaftServerConfigKeys (ConfUtils.java:logGet(43)) - raft.server.staging.catchup.gap = 1000 (default)
2019-10-04 00:25:37,984 [2c692606-4e48-4178-b7d0-0515837b2c0a@group-19C2CF80E3EA-LeaderElection82] INFO  server.RaftServerConfigKeys (ConfUtils.java:logGet(43)) - raft.server.rpc.sleep.time = 25ms (default)
2019-10-04 00:25:37,985 [2c692606-4e48-4178-b7d0-0515837b2c0a@group-19C2CF80E3EA-LeaderElection82] INFO  server.RaftServerConfigKeys (ConfUtils.java:logGet(43)) - raft.server.write.element-limit = 4096 (default)
2019-10-04 00:25:37,985 [2c692606-4e48-4178-b7d0-0515837b2c0a@group-19C2CF80E3EA-LeaderElection82] INFO  server.RaftServerConfigKeys (ConfUtils.java:logGet(43)) - raft.server.watch.timeout = 10s (default)
2019-10-04 00:25:37,985 [2c692606-4e48-4178-b7d0-0515837b2c0a@group-19C2CF80E3EA-LeaderElection82] INFO  server.RaftServerConfigKeys (ConfUtils.java:logGet(43)) - raft.server.watch.timeout.denomination = 1s (default)
2019-10-04 00:25:37,985 [2c692606-4e48-4178-b7d0-0515837b2c0a@group-19C2CF80E3EA-LeaderElection82] INFO  server.RaftServerConfigKeys (ConfUtils.java:logGet(43)) - raft.server.watch.element-limit = 65536 (default)
2019-10-04 00:25:37,985 [Thread-2309] INFO  impl.FollowerState (FollowerState.java:run(108)) - f77ed7b2-82d7-4399-bb3d-1321f2261220@group-1B2579702351-FollowerState: change to CANDIDATE, lastRpcTime:5038ms, electionTimeout:5038ms
2019-10-04 00:25:37,986 [Thread-2309] INFO  impl.RoleInfo (RoleInfo.java:shutdownFollowerState(121)) - f77ed7b2-82d7-4399-bb3d-1321f2261220: shutdown FollowerState
2019-10-04 00:25:37,986 [Thread-2309] INFO  impl.RaftServerImpl (RaftServerImpl.java:setRole(170)) - f77ed7b2-82d7-4399-bb3d-1321f2261220@group-1B2579702351: changes role from  FOLLOWER to CANDIDATE at term 0 for changeToCandidate
2019-10-04 00:25:37,986 [Thread-2309] INFO  impl.RoleInfo (RoleInfo.java:updateAndGet(143)) - f77ed7b2-82d7-4399-bb3d-1321f2261220: start LeaderElection
2019-10-04 00:25:37,992 [2c692606-4e48-4178-b7d0-0515837b2c0a@group-19C2CF80E3EA-LeaderElection82] INFO  impl.RoleInfo (RoleInfo.java:updateAndGet(143)) - 2c692606-4e48-4178-b7d0-0515837b2c0a: start LeaderState
2019-10-04 00:25:37,992 [2c692606-4e48-4178-b7d0-0515837b2c0a@group-19C2CF80E3EA-LeaderElection82] INFO  segmented.SegmentedRaftLogWorker (SegmentedRaftLogWorker.java:startLogSegment(385)) - 2c692606-4e48-4178-b7d0-0515837b2c0a@group-19C2CF80E3EA-SegmentedRaftLogWorker: Starting segment from index:0
2019-10-04 00:25:37,993 [2c692606-4e48-4178-b7d0-0515837b2c0a@group-19C2CF80E3EA-LeaderElection82] INFO  impl.RaftServerImpl (ServerState.java:setRaftConf(356)) - 2c692606-4e48-4178-b7d0-0515837b2c0a@group-19C2CF80E3EA: set configuration 0: [2c692606-4e48-4178-b7d0-0515837b2c0a:192.168.151.76:38377], old=null at 0
2019-10-04 00:25:37,993 [grpc-default-executor-0] INFO  impl.RaftServerImpl (RaftServerImpl.java:setRole(170)) - 6b3dee82-9f2e-414f-9a2b-fe03fbe9530d@group-1B2579702351: changes role from  FOLLOWER to FOLLOWER at term 1 for recognizeCandidate:2c692606-4e48-4178-b7d0-0515837b2c0a
2019-10-04 00:25:37,994 [grpc-default-executor-0] INFO  impl.RoleInfo (RoleInfo.java:shutdownFollowerState(121)) - 6b3dee82-9f2e-414f-9a2b-fe03fbe9530d: shutdown FollowerState
2019-10-04 00:25:37,994 [grpc-default-executor-0] INFO  impl.RoleInfo (RoleInfo.java:updateAndGet(143)) - 6b3dee82-9f2e-414f-9a2b-fe03fbe9530d: start FollowerState
2019-10-04 00:25:37,994 [Thread-2314] INFO  impl.FollowerState (FollowerState.java:run(117)) - 6b3dee82-9f2e-414f-9a2b-fe03fbe9530d@group-1B2579702351-FollowerState was interrupted: java.lang.InterruptedException: sleep interrupted
2019-10-04 00:25:38,021 [f77ed7b2-82d7-4399-bb3d-1321f2261220@group-1B2579702351-LeaderElection84] INFO  impl.LeaderElection (LeaderElection.java:askForVotes(178)) - f77ed7b2-82d7-4399-bb3d-1321f2261220@group-1B2579702351-LeaderElection84: begin an election at term 1 for -1: [6b3dee82-9f2e-414f-9a2b-fe03fbe9530d:192.168.151.76:41174, 2c692606-4e48-4178-b7d0-0515837b2c0a:192.168.151.76:38377, f77ed7b2-82d7-4399-bb3d-1321f2261220:192.168.151.76:45993], old=null
2019-10-04 00:25:38,044 [2c692606-4e48-4178-b7d0-0515837b2c0a@group-19C2CF80E3EA-SegmentedRaftLogWorker] INFO  segmented.SegmentedRaftLogWorker (SegmentedRaftLogWorker.java:execute(574)) - 2c692606-4e48-4178-b7d0-0515837b2c0a@group-19C2CF80E3EA-SegmentedRaftLogWorker: created new log segment /workdir/hadoop-ozone/integration-test/target/test-dir/MiniOzoneClusterImpl-f265c1b8-30a7-4229-a4f9-ba2aa99dfb7c/datanode-2/data/ratis/2eb173dd-eb90-48f1-bafc-19c2cf80e3ea/current/log_inprogress_0
2019-10-04 00:25:38,046 [2c692606-4e48-4178-b7d0-0515837b2c0a@group-1B2579702351-LeaderElection83] INFO  impl.LeaderElection (LeaderElection.java:logAndReturn(56)) - 2c692606-4e48-4178-b7d0-0515837b2c0a@group-1B2579702351-LeaderElection83: Election PASSED; received 2 response(s) [2c692606-4e48-4178-b7d0-0515837b2c0a<-6b3dee82-9f2e-414f-9a2b-fe03fbe9530d#0:OK-t1, 2c692606-4e48-4178-b7d0-0515837b2c0a<-f77ed7b2-82d7-4399-bb3d-1321f2261220#0:FAIL-t1] and 0 exception(s); 2c692606-4e48-4178-b7d0-0515837b2c0a@group-1B2579702351:t1, leader=null, voted=2c692606-4e48-4178-b7d0-0515837b2c0a, raftlog=2c692606-4e48-4178-b7d0-0515837b2c0a@group-1B2579702351-SegmentedRaftLog:OPENED:c-1,f-1,i0, conf=-1: [6b3dee82-9f2e-414f-9a2b-fe03fbe9530d:192.168.151.76:41174, 2c692606-4e48-4178-b7d0-0515837b2c0a:192.168.151.76:38377, f77ed7b2-82d7-4399-bb3d-1321f2261220:192.168.151.76:45993], old=null
2019-10-04 00:25:38,046 [2c692606-4e48-4178-b7d0-0515837b2c0a@group-1B2579702351-LeaderElection83] INFO  impl.RoleInfo (RoleInfo.java:shutdownLeaderElection(134)) - 2c692606-4e48-4178-b7d0-0515837b2c0a: shutdown LeaderElection
2019-10-04 00:25:38,046 [2c692606-4e48-4178-b7d0-0515837b2c0a@group-1B2579702351-LeaderElection83] INFO  impl.RaftServerImpl (RaftServerImpl.java:setRole(170)) - 2c692606-4e48-4178-b7d0-0515837b2c0a@group-1B2579702351: changes role from CANDIDATE to LEADER at term 1 for changeToLeader
2019-10-04 00:25:38,046 [f77ed7b2-82d7-4399-bb3d-1321f2261220@group-1B2579702351-LeaderElection84] INFO  impl.LeaderElection (LeaderElection.java:logAndReturn(56)) - f77ed7b2-82d7-4399-bb3d-1321f2261220@group-1B2579702351-LeaderElection84: Election REJECTED; received 2 response(s) [f77ed7b2-82d7-4399-bb3d-1321f2261220<-6b3dee82-9f2e-414f-9a2b-fe03fbe9530d#0:FAIL-t1, f77ed7b2-82d7-4399-bb3d-1321f2261220<-2c692606-4e48-4178-b7d0-0515837b2c0a#0:FAIL-t1] and 0 exception(s); f77ed7b2-82d7-4399-bb3d-1321f2261220@group-1B2579702351:t1, leader=null, voted=f77ed7b2-82d7-4399-bb3d-1321f2261220, raftlog=f77ed7b2-82d7-4399-bb3d-1321f2261220@group-1B2579702351-SegmentedRaftLog:OPENED:c-1,f-1,i0, conf=-1: [6b3dee82-9f2e-414f-9a2b-fe03fbe9530d:192.168.151.76:41174, 2c692606-4e48-4178-b7d0-0515837b2c0a:192.168.151.76:38377, f77ed7b2-82d7-4399-bb3d-1321f2261220:192.168.151.76:45993], old=null
2019-10-04 00:25:38,046 [2c692606-4e48-4178-b7d0-0515837b2c0a@group-1B2579702351-LeaderElection83] INFO  impl.RaftServerImpl (ServerState.java:setLeader(255)) - 2c692606-4e48-4178-b7d0-0515837b2c0a@group-1B2579702351: change Leader from null to 2c692606-4e48-4178-b7d0-0515837b2c0a at term 1 for becomeLeader, leader elected after 5107ms
2019-10-04 00:25:38,046 [f77ed7b2-82d7-4399-bb3d-1321f2261220@group-1B2579702351-LeaderElection84] INFO  impl.RaftServerImpl (RaftServerImpl.java:setRole(170)) - f77ed7b2-82d7-4399-bb3d-1321f2261220@group-1B2579702351: changes role from CANDIDATE to FOLLOWER at term 1 for DISCOVERED_A_NEW_TERM
2019-10-04 00:25:38,046 [2c692606-4e48-4178-b7d0-0515837b2c0a@group-1B2579702351-LeaderElection83] INFO  server.RaftServerConfigKeys (ConfUtils.java:logGet(43)) - raft.server.staging.catchup.gap = 1000 (default)
2019-10-04 00:25:38,046 [f77ed7b2-82d7-4399-bb3d-1321f2261220@group-1B2579702351-LeaderElection84] INFO  impl.RoleInfo (RoleInfo.java:shutdownLeaderElection(134)) - f77ed7b2-82d7-4399-bb3d-1321f2261220: shutdown LeaderElection
2019-10-04 00:25:38,046 [2c692606-4e48-4178-b7d0-0515837b2c0a@group-1B2579702351-LeaderElection83] INFO  server.RaftServerConfigKeys (ConfUtils.java:logGet(43)) - raft.server.rpc.sleep.time = 25ms (default)
2019-10-04 00:25:38,047 [f77ed7b2-82d7-4399-bb3d-1321f2261220@group-1B2579702351-LeaderElection84] INFO  impl.RoleInfo (RoleInfo.java:updateAndGet(143)) - f77ed7b2-82d7-4399-bb3d-1321f2261220: start FollowerState
2019-10-04 00:25:38,047 [2c692606-4e48-4178-b7d0-0515837b2c0a@group-1B2579702351-LeaderElection83] INFO  server.RaftServerConfigKeys (ConfUtils.java:logGet(43)) - raft.server.write.element-limit = 4096 (default)
2019-10-04 00:25:38,047 [2c692606-4e48-4178-b7d0-0515837b2c0a@group-1B2579702351-LeaderElection83] INFO  server.RaftServerConfigKeys (ConfUtils.java:logGet(43)) - raft.server.watch.timeout = 10s (default)
2019-10-04 00:25:38,047 [2c692606-4e48-4178-b7d0-0515837b2c0a@group-1B2579702351-LeaderElection83] INFO  server.RaftServerConfigKeys (ConfUtils.java:logGet(43)) - raft.server.watch.timeout.denomination = 1s (default)
2019-10-04 00:25:38,047 [2c692606-4e48-4178-b7d0-0515837b2c0a@group-1B2579702351-LeaderElection83] INFO  server.RaftServerConfigKeys (ConfUtils.java:logGet(43)) - raft.server.watch.element-limit = 65536 (default)
2019-10-04 00:25:38,048 [2c692606-4e48-4178-b7d0-0515837b2c0a@group-1B2579702351-LeaderElection83] INFO  server.RaftServerConfigKeys (ConfUtils.java:logGet(43)) - raft.server.log.appender.snapshot.chunk.size.max = 16MB (=16777216) (default)
2019-10-04 00:25:38,049 [2c692606-4e48-4178-b7d0-0515837b2c0a@group-1B2579702351-LeaderElection83] INFO  server.RaftServerConfigKeys (ConfUtils.java:logGet(43)) - raft.server.log.appender.buffer.byte-limit = 33554432 (custom)
2019-10-04 00:25:38,049 [2c692606-4e48-4178-b7d0-0515837b2c0a@group-1B2579702351-LeaderElection83] INFO  server.RaftServerConfigKeys (ConfUtils.java:logGet(43)) - raft.server.log.appender.buffer.element-limit = 1 (custom)
2019-10-04 00:25:38,049 [2c692606-4e48-4178-b7d0-0515837b2c0a@group-1B2579702351-LeaderElection83] INFO  grpc.GrpcConfigKeys$Server (ConfUtils.java:logGet(43)) - raft.grpc.server.leader.outstanding.appends.max = 128 (default)
2019-10-04 00:25:38,049 [2c692606-4e48-4178-b7d0-0515837b2c0a@group-1B2579702351-LeaderElection83] INFO  server.RaftServerConfigKeys (ConfUtils.java:logGet(43)) - raft.server.rpc.request.timeout = 3000ms (default)
2019-10-04 00:25:38,049 [2c692606-4e48-4178-b7d0-0515837b2c0a@group-1B2579702351-LeaderElection83] INFO  server.RaftServerConfigKeys (ConfUtils.java:logGet(43)) - raft.server.log.appender.install.snapshot.enabled = false (custom)
2019-10-04 00:25:38,049 [2c692606-4e48-4178-b7d0-0515837b2c0a@group-1B2579702351-LeaderElection83] INFO  server.RaftServerConfigKeys (ConfUtils.java:logGet(43)) - raft.server.log.appender.snapshot.chunk.size.max = 16MB (=16777216) (default)
2019-10-04 00:25:38,049 [2c692606-4e48-4178-b7d0-0515837b2c0a@group-1B2579702351-LeaderElection83] INFO  server.RaftServerConfigKeys (ConfUtils.java:logGet(43)) - raft.server.log.appender.buffer.byte-limit = 33554432 (custom)
2019-10-04 00:25:38,050 [2c692606-4e48-4178-b7d0-0515837b2c0a@group-1B2579702351-LeaderElection83] INFO  server.RaftServerConfigKeys (ConfUtils.java:logGet(43)) - raft.server.log.appender.buffer.element-limit = 1 (custom)
2019-10-04 00:25:38,050 [2c692606-4e48-4178-b7d0-0515837b2c0a@group-1B2579702351-LeaderElection83] INFO  grpc.GrpcConfigKeys$Server (ConfUtils.java:logGet(43)) - raft.grpc.server.leader.outstanding.appends.max = 128 (default)
2019-10-04 00:25:38,050 [2c692606-4e48-4178-b7d0-0515837b2c0a@group-1B2579702351-LeaderElection83] INFO  server.RaftServerConfigKeys (ConfUtils.java:logGet(43)) - raft.server.rpc.request.timeout = 3000ms (default)
2019-10-04 00:25:38,050 [2c692606-4e48-4178-b7d0-0515837b2c0a@group-1B2579702351-LeaderElection83] INFO  server.RaftServerConfigKeys (ConfUtils.java:logGet(43)) - raft.server.log.appender.install.snapshot.enabled = false (custom)
2019-10-04 00:25:38,050 [2c692606-4e48-4178-b7d0-0515837b2c0a@group-1B2579702351-LeaderElection83] INFO  impl.RoleInfo (RoleInfo.java:updateAndGet(143)) - 2c692606-4e48-4178-b7d0-0515837b2c0a: start LeaderState
2019-10-04 00:25:38,050 [2c692606-4e48-4178-b7d0-0515837b2c0a@group-1B2579702351-LeaderElection83] INFO  segmented.SegmentedRaftLogWorker (SegmentedRaftLogWorker.java:startLogSegment(385)) - 2c692606-4e48-4178-b7d0-0515837b2c0a@group-1B2579702351-SegmentedRaftLogWorker: Starting segment from index:0
2019-10-04 00:25:38,051 [2c692606-4e48-4178-b7d0-0515837b2c0a@group-1B2579702351-LeaderElection83] INFO  impl.RaftServerImpl (ServerState.java:setRaftConf(356)) - 2c692606-4e48-4178-b7d0-0515837b2c0a@group-1B2579702351: set configuration 0: [6b3dee82-9f2e-414f-9a2b-fe03fbe9530d:192.168.151.76:41174, 2c692606-4e48-4178-b7d0-0515837b2c0a:192.168.151.76:38377, f77ed7b2-82d7-4399-bb3d-1321f2261220:192.168.151.76:45993], old=null at 0
2019-10-04 00:25:38,052 [grpc-default-executor-3] INFO  impl.RaftServerImpl (ServerState.java:setLeader(255)) - f77ed7b2-82d7-4399-bb3d-1321f2261220@group-1B2579702351: change Leader from null to 2c692606-4e48-4178-b7d0-0515837b2c0a at term 1 for appendEntries, leader elected after 5113ms
2019-10-04 00:25:38,101 [Thread-2321] INFO  impl.FollowerState (FollowerState.java:run(108)) - 809451ea-170b-4469-a66e-dc74556bdb8b@group-8941EDBDFE22-FollowerState: change to CANDIDATE, lastRpcTime:5006ms, electionTimeout:5005ms
2019-10-04 00:25:38,101 [Thread-2321] INFO  impl.RoleInfo (RoleInfo.java:shutdownFollowerState(121)) - 809451ea-170b-4469-a66e-dc74556bdb8b: shutdown FollowerState
2019-10-04 00:25:38,101 [Thread-2321] INFO  impl.RaftServerImpl (RaftServerImpl.java:setRole(170)) - 809451ea-170b-4469-a66e-dc74556bdb8b@group-8941EDBDFE22: changes role from  FOLLOWER to CANDIDATE at term 0 for changeToCandidate
2019-10-04 00:25:38,101 [Thread-2321] INFO  impl.RoleInfo (RoleInfo.java:updateAndGet(143)) - 809451ea-170b-4469-a66e-dc74556bdb8b: start LeaderElection
2019-10-04 00:25:38,101 [grpc-default-executor-0] INFO  impl.RaftServerImpl (ServerState.java:setLeader(255)) - 6b3dee82-9f2e-414f-9a2b-fe03fbe9530d@group-1B2579702351: change Leader from null to 2c692606-4e48-4178-b7d0-0515837b2c0a at term 1 for appendEntries, leader elected after 5113ms
2019-10-04 00:25:38,114 [grpc-default-executor-3] INFO  impl.RaftServerImpl (ServerState.java:setRaftConf(356)) - f77ed7b2-82d7-4399-bb3d-1321f2261220@group-1B2579702351: set configuration 0: [6b3dee82-9f2e-414f-9a2b-fe03fbe9530d:192.168.151.76:41174, 2c692606-4e48-4178-b7d0-0515837b2c0a:192.168.151.76:38377, f77ed7b2-82d7-4399-bb3d-1321f2261220:192.168.151.76:45993], old=null at 0
2019-10-04 00:25:38,114 [grpc-default-executor-3] INFO  segmented.SegmentedRaftLogWorker (SegmentedRaftLogWorker.java:startLogSegment(385)) - f77ed7b2-82d7-4399-bb3d-1321f2261220@group-1B2579702351-SegmentedRaftLogWorker: Starting segment from index:0
2019-10-04 00:25:38,114 [grpc-default-executor-0] INFO  impl.RaftServerImpl (ServerState.java:setRaftConf(356)) - 6b3dee82-9f2e-414f-9a2b-fe03fbe9530d@group-1B2579702351: set configuration 0: [6b3dee82-9f2e-414f-9a2b-fe03fbe9530d:192.168.151.76:41174, 2c692606-4e48-4178-b7d0-0515837b2c0a:192.168.151.76:38377, f77ed7b2-82d7-4399-bb3d-1321f2261220:192.168.151.76:45993], old=null at 0
2019-10-04 00:25:38,115 [grpc-default-executor-0] INFO  segmented.SegmentedRaftLogWorker (SegmentedRaftLogWorker.java:startLogSegment(385)) - 6b3dee82-9f2e-414f-9a2b-fe03fbe9530d@group-1B2579702351-SegmentedRaftLogWorker: Starting segment from index:0
2019-10-04 00:25:38,115 [2c692606-4e48-4178-b7d0-0515837b2c0a@group-1B2579702351-SegmentedRaftLogWorker] INFO  segmented.SegmentedRaftLogWorker (SegmentedRaftLogWorker.java:execute(574)) - 2c692606-4e48-4178-b7d0-0515837b2c0a@group-1B2579702351-SegmentedRaftLogWorker: created new log segment /workdir/hadoop-ozone/integration-test/target/test-dir/MiniOzoneClusterImpl-f265c1b8-30a7-4229-a4f9-ba2aa99dfb7c/datanode-2/data/ratis/d2d403a9-dca2-4a78-82a9-1b2579702351/current/log_inprogress_0
2019-10-04 00:25:38,120 [809451ea-170b-4469-a66e-dc74556bdb8b@group-8941EDBDFE22-LeaderElection85] INFO  impl.LeaderElection (LeaderElection.java:askForVotes(178)) - 809451ea-170b-4469-a66e-dc74556bdb8b@group-8941EDBDFE22-LeaderElection85: begin an election at term 1 for -1: [809451ea-170b-4469-a66e-dc74556bdb8b:192.168.151.76:45007], old=null
2019-10-04 00:25:38,121 [809451ea-170b-4469-a66e-dc74556bdb8b@group-8941EDBDFE22-LeaderElection85] INFO  impl.RoleInfo (RoleInfo.java:shutdownLeaderElection(134)) - 809451ea-170b-4469-a66e-dc74556bdb8b: shutdown LeaderElection
2019-10-04 00:25:38,121 [809451ea-170b-4469-a66e-dc74556bdb8b@group-8941EDBDFE22-LeaderElection85] INFO  impl.RaftServerImpl (RaftServerImpl.java:setRole(170)) - 809451ea-170b-4469-a66e-dc74556bdb8b@group-8941EDBDFE22: changes role from CANDIDATE to LEADER at term 1 for changeToLeader
2019-10-04 00:25:38,121 [809451ea-170b-4469-a66e-dc74556bdb8b@group-8941EDBDFE22-LeaderElection85] INFO  impl.RaftServerImpl (ServerState.java:setLeader(255)) - 809451ea-170b-4469-a66e-dc74556bdb8b@group-8941EDBDFE22: change Leader from null to 809451ea-170b-4469-a66e-dc74556bdb8b at term 1 for becomeLeader, leader elected after 5034ms
2019-10-04 00:25:38,121 [809451ea-170b-4469-a66e-dc74556bdb8b@group-8941EDBDFE22-LeaderElection85] INFO  server.RaftServerConfigKeys (ConfUtils.java:logGet(43)) - raft.server.staging.catchup.gap = 1000 (default)
2019-10-04 00:25:38,122 [809451ea-170b-4469-a66e-dc74556bdb8b@group-8941EDBDFE22-LeaderElection85] INFO  server.RaftServerConfigKeys (ConfUtils.java:logGet(43)) - raft.server.rpc.sleep.time = 25ms (default)
2019-10-04 00:25:38,122 [809451ea-170b-4469-a66e-dc74556bdb8b@group-8941EDBDFE22-LeaderElection85] INFO  server.RaftServerConfigKeys (ConfUtils.java:logGet(43)) - raft.server.write.element-limit = 4096 (default)
2019-10-04 00:25:38,122 [809451ea-170b-4469-a66e-dc74556bdb8b@group-8941EDBDFE22-LeaderElection85] INFO  server.RaftServerConfigKeys (ConfUtils.java:logGet(43)) - raft.server.watch.timeout = 10s (default)
2019-10-04 00:25:38,122 [809451ea-170b-4469-a66e-dc74556bdb8b@group-8941EDBDFE22-LeaderElection85] INFO  server.RaftServerConfigKeys (ConfUtils.java:logGet(43)) - raft.server.watch.timeout.denomination = 1s (default)
2019-10-04 00:25:38,122 [809451ea-170b-4469-a66e-dc74556bdb8b@group-8941EDBDFE22-LeaderElection85] INFO  server.RaftServerConfigKeys (ConfUtils.java:logGet(43)) - raft.server.watch.element-limit = 65536 (default)
2019-10-04 00:25:38,125 [809451ea-170b-4469-a66e-dc74556bdb8b@group-8941EDBDFE22-LeaderElection85] INFO  impl.RoleInfo (RoleInfo.java:updateAndGet(143)) - 809451ea-170b-4469-a66e-dc74556bdb8b: start LeaderState
2019-10-04 00:25:38,126 [809451ea-170b-4469-a66e-dc74556bdb8b@group-8941EDBDFE22-LeaderElection85] INFO  segmented.SegmentedRaftLogWorker (SegmentedRaftLogWorker.java:startLogSegment(385)) - 809451ea-170b-4469-a66e-dc74556bdb8b@group-8941EDBDFE22-SegmentedRaftLogWorker: Starting segment from index:0
2019-10-04 00:25:38,126 [809451ea-170b-4469-a66e-dc74556bdb8b@group-8941EDBDFE22-LeaderElection85] INFO  impl.RaftServerImpl (ServerState.java:setRaftConf(356)) - 809451ea-170b-4469-a66e-dc74556bdb8b@group-8941EDBDFE22: set configuration 0: [809451ea-170b-4469-a66e-dc74556bdb8b:192.168.151.76:45007], old=null at 0
2019-10-04 00:25:38,155 [6b3dee82-9f2e-414f-9a2b-fe03fbe9530d@group-1B2579702351-SegmentedRaftLogWorker] INFO  segmented.SegmentedRaftLogWorker (SegmentedRaftLogWorker.java:execute(574)) - 6b3dee82-9f2e-414f-9a2b-fe03fbe9530d@group-1B2579702351-SegmentedRaftLogWorker: created new log segment /workdir/hadoop-ozone/integration-test/target/test-dir/MiniOzoneClusterImpl-f265c1b8-30a7-4229-a4f9-ba2aa99dfb7c/datanode-0/data/ratis/d2d403a9-dca2-4a78-82a9-1b2579702351/current/log_inprogress_0
2019-10-04 00:25:38,155 [809451ea-170b-4469-a66e-dc74556bdb8b@group-8941EDBDFE22-SegmentedRaftLogWorker] INFO  segmented.SegmentedRaftLogWorker (SegmentedRaftLogWorker.java:execute(574)) - 809451ea-170b-4469-a66e-dc74556bdb8b@group-8941EDBDFE22-SegmentedRaftLogWorker: created new log segment /workdir/hadoop-ozone/integration-test/target/test-dir/MiniOzoneClusterImpl-f265c1b8-30a7-4229-a4f9-ba2aa99dfb7c/datanode-4/data/ratis/e00d7f84-a9a2-4094-8cee-8941edbdfe22/current/log_inprogress_0
2019-10-04 00:25:38,155 [f77ed7b2-82d7-4399-bb3d-1321f2261220@group-1B2579702351-SegmentedRaftLogWorker] INFO  segmented.SegmentedRaftLogWorker (SegmentedRaftLogWorker.java:execute(574)) - f77ed7b2-82d7-4399-bb3d-1321f2261220@group-1B2579702351-SegmentedRaftLogWorker: created new log segment /workdir/hadoop-ozone/integration-test/target/test-dir/MiniOzoneClusterImpl-f265c1b8-30a7-4229-a4f9-ba2aa99dfb7c/datanode-1/data/ratis/d2d403a9-dca2-4a78-82a9-1b2579702351/current/log_inprogress_0
2019-10-04 00:25:38,169 [Thread-2318] INFO  impl.FollowerState (FollowerState.java:run(108)) - 974c641e-ebb6-4bfa-8045-c1a31d66bb9a@group-9D91450011F7-FollowerState: change to CANDIDATE, lastRpcTime:5124ms, electionTimeout:5124ms
2019-10-04 00:25:38,169 [Thread-2318] INFO  impl.RoleInfo (RoleInfo.java:shutdownFollowerState(121)) - 974c641e-ebb6-4bfa-8045-c1a31d66bb9a: shutdown FollowerState
2019-10-04 00:25:38,169 [Thread-2318] INFO  impl.RaftServerImpl (RaftServerImpl.java:setRole(170)) - 974c641e-ebb6-4bfa-8045-c1a31d66bb9a@group-9D91450011F7: changes role from  FOLLOWER to CANDIDATE at term 0 for changeToCandidate
2019-10-04 00:25:38,169 [Thread-2318] INFO  impl.RoleInfo (RoleInfo.java:updateAndGet(143)) - 974c641e-ebb6-4bfa-8045-c1a31d66bb9a: start LeaderElection
2019-10-04 00:25:38,208 [974c641e-ebb6-4bfa-8045-c1a31d66bb9a@group-9D91450011F7-LeaderElection86] INFO  impl.LeaderElection (LeaderElection.java:askForVotes(178)) - 974c641e-ebb6-4bfa-8045-c1a31d66bb9a@group-9D91450011F7-LeaderElection86: begin an election at term 1 for -1: [974c641e-ebb6-4bfa-8045-c1a31d66bb9a:192.168.151.76:36026], old=null
2019-10-04 00:25:38,208 [974c641e-ebb6-4bfa-8045-c1a31d66bb9a@group-9D91450011F7-LeaderElection86] INFO  impl.RoleInfo (RoleInfo.java:shutdownLeaderElection(134)) - 974c641e-ebb6-4bfa-8045-c1a31d66bb9a: shutdown LeaderElection
2019-10-04 00:25:38,209 [974c641e-ebb6-4bfa-8045-c1a31d66bb9a@group-9D91450011F7-LeaderElection86] INFO  impl.RaftServerImpl (RaftServerImpl.java:setRole(170)) - 974c641e-ebb6-4bfa-8045-c1a31d66bb9a@group-9D91450011F7: changes role from CANDIDATE to LEADER at term 1 for changeToLeader
2019-10-04 00:25:38,209 [974c641e-ebb6-4bfa-8045-c1a31d66bb9a@group-9D91450011F7-LeaderElection86] INFO  impl.RaftServerImpl (ServerState.java:setLeader(255)) - 974c641e-ebb6-4bfa-8045-c1a31d66bb9a@group-9D91450011F7: change Leader from null to 974c641e-ebb6-4bfa-8045-c1a31d66bb9a at term 1 for becomeLeader, leader elected after 5168ms
2019-10-04 00:25:38,209 [974c641e-ebb6-4bfa-8045-c1a31d66bb9a@group-9D91450011F7-LeaderElection86] INFO  server.RaftServerConfigKeys (ConfUtils.java:logGet(43)) - raft.server.staging.catchup.gap = 1000 (default)
2019-10-04 00:25:38,209 [974c641e-ebb6-4bfa-8045-c1a31d66bb9a@group-9D91450011F7-LeaderElection86] INFO  server.RaftServerConfigKeys (ConfUtils.java:logGet(43)) - raft.server.rpc.sleep.time = 25ms (default)
2019-10-04 00:25:38,209 [974c641e-ebb6-4bfa-8045-c1a31d66bb9a@group-9D91450011F7-LeaderElection86] INFO  server.RaftServerConfigKeys (ConfUtils.java:logGet(43)) - raft.server.write.element-limit = 4096 (default)
2019-10-04 00:25:38,209 [974c641e-ebb6-4bfa-8045-c1a31d66bb9a@group-9D91450011F7-LeaderElection86] INFO  server.RaftServerConfigKeys (ConfUtils.java:logGet(43)) - raft.server.watch.timeout = 10s (default)
2019-10-04 00:25:38,209 [974c641e-ebb6-4bfa-8045-c1a31d66bb9a@group-9D91450011F7-LeaderElection86] INFO  server.RaftServerConfigKeys (ConfUtils.java:logGet(43)) - raft.server.watch.timeout.denomination = 1s (default)
2019-10-04 00:25:38,210 [974c641e-ebb6-4bfa-8045-c1a31d66bb9a@group-9D91450011F7-LeaderElection86] INFO  server.RaftServerConfigKeys (ConfUtils.java:logGet(43)) - raft.server.watch.element-limit = 65536 (default)
2019-10-04 00:25:38,211 [974c641e-ebb6-4bfa-8045-c1a31d66bb9a@group-9D91450011F7-LeaderElection86] INFO  impl.RoleInfo (RoleInfo.java:updateAndGet(143)) - 974c641e-ebb6-4bfa-8045-c1a31d66bb9a: start LeaderState
2019-10-04 00:25:38,212 [974c641e-ebb6-4bfa-8045-c1a31d66bb9a@group-9D91450011F7-LeaderElection86] INFO  segmented.SegmentedRaftLogWorker (SegmentedRaftLogWorker.java:startLogSegment(385)) - 974c641e-ebb6-4bfa-8045-c1a31d66bb9a@group-9D91450011F7-SegmentedRaftLogWorker: Starting segment from index:0
2019-10-04 00:25:38,212 [974c641e-ebb6-4bfa-8045-c1a31d66bb9a@group-9D91450011F7-LeaderElection86] INFO  impl.RaftServerImpl (ServerState.java:setRaftConf(356)) - 974c641e-ebb6-4bfa-8045-c1a31d66bb9a@group-9D91450011F7: set configuration 0: [974c641e-ebb6-4bfa-8045-c1a31d66bb9a:192.168.151.76:36026], old=null at 0
2019-10-04 00:25:38,244 [Thread-2324] INFO  impl.FollowerState (FollowerState.java:run(108)) - 967de6a1-b96c-4fb6-af99-a28c78defd4d@group-622EDA84D3B0-FollowerState: change to CANDIDATE, lastRpcTime:5086ms, electionTimeout:5086ms
2019-10-04 00:25:38,244 [Thread-2324] INFO  impl.RoleInfo (RoleInfo.java:shutdownFollowerState(121)) - 967de6a1-b96c-4fb6-af99-a28c78defd4d: shutdown FollowerState
2019-10-04 00:25:38,244 [Thread-2324] INFO  impl.RaftServerImpl (RaftServerImpl.java:setRole(170)) - 967de6a1-b96c-4fb6-af99-a28c78defd4d@group-622EDA84D3B0: changes role from  FOLLOWER to CANDIDATE at term 0 for changeToCandidate
2019-10-04 00:25:38,244 [Thread-2324] INFO  impl.RoleInfo (RoleInfo.java:updateAndGet(143)) - 967de6a1-b96c-4fb6-af99-a28c78defd4d: start LeaderElection
2019-10-04 00:25:38,255 [974c641e-ebb6-4bfa-8045-c1a31d66bb9a@group-9D91450011F7-SegmentedRaftLogWorker] INFO  segmented.SegmentedRaftLogWorker (SegmentedRaftLogWorker.java:execute(574)) - 974c641e-ebb6-4bfa-8045-c1a31d66bb9a@group-9D91450011F7-SegmentedRaftLogWorker: created new log segment /workdir/hadoop-ozone/integration-test/target/test-dir/MiniOzoneClusterImpl-f265c1b8-30a7-4229-a4f9-ba2aa99dfb7c/datanode-3/data/ratis/a9da821b-2a08-4b33-ac84-9d91450011f7/current/log_inprogress_0
2019-10-04 00:25:38,257 [967de6a1-b96c-4fb6-af99-a28c78defd4d@group-622EDA84D3B0-LeaderElection87] INFO  impl.LeaderElection (LeaderElection.java:askForVotes(178)) - 967de6a1-b96c-4fb6-af99-a28c78defd4d@group-622EDA84D3B0-LeaderElection87: begin an election at term 1 for -1: [967de6a1-b96c-4fb6-af99-a28c78defd4d:192.168.151.76:42971], old=null
2019-10-04 00:25:38,257 [967de6a1-b96c-4fb6-af99-a28c78defd4d@group-622EDA84D3B0-LeaderElection87] INFO  impl.RoleInfo (RoleInfo.java:shutdownLeaderElection(134)) - 967de6a1-b96c-4fb6-af99-a28c78defd4d: shutdown LeaderElection
2019-10-04 00:25:38,257 [967de6a1-b96c-4fb6-af99-a28c78defd4d@group-622EDA84D3B0-LeaderElection87] INFO  impl.RaftServerImpl (RaftServerImpl.java:setRole(170)) - 967de6a1-b96c-4fb6-af99-a28c78defd4d@group-622EDA84D3B0: changes role from CANDIDATE to LEADER at term 1 for changeToLeader
2019-10-04 00:25:38,257 [967de6a1-b96c-4fb6-af99-a28c78defd4d@group-622EDA84D3B0-LeaderElection87] INFO  impl.RaftServerImpl (ServerState.java:setLeader(255)) - 967de6a1-b96c-4fb6-af99-a28c78defd4d@group-622EDA84D3B0: change Leader from null to 967de6a1-b96c-4fb6-af99-a28c78defd4d at term 1 for becomeLeader, leader elected after 5106ms
2019-10-04 00:25:38,257 [967de6a1-b96c-4fb6-af99-a28c78defd4d@group-622EDA84D3B0-LeaderElection87] INFO  server.RaftServerConfigKeys (ConfUtils.java:logGet(43)) - raft.server.staging.catchup.gap = 1000 (default)
2019-10-04 00:25:38,258 [967de6a1-b96c-4fb6-af99-a28c78defd4d@group-622EDA84D3B0-LeaderElection87] INFO  server.RaftServerConfigKeys (ConfUtils.java:logGet(43)) - raft.server.rpc.sleep.time = 25ms (default)
2019-10-04 00:25:38,258 [967de6a1-b96c-4fb6-af99-a28c78defd4d@group-622EDA84D3B0-LeaderElection87] INFO  server.RaftServerConfigKeys (ConfUtils.java:logGet(43)) - raft.server.write.element-limit = 4096 (default)
2019-10-04 00:25:38,258 [967de6a1-b96c-4fb6-af99-a28c78defd4d@group-622EDA84D3B0-LeaderElection87] INFO  server.RaftServerConfigKeys (ConfUtils.java:logGet(43)) - raft.server.watch.timeout = 10s (default)
2019-10-04 00:25:38,258 [967de6a1-b96c-4fb6-af99-a28c78defd4d@group-622EDA84D3B0-LeaderElection87] INFO  server.RaftServerConfigKeys (ConfUtils.java:logGet(43)) - raft.server.watch.timeout.denomination = 1s (default)
2019-10-04 00:25:38,258 [967de6a1-b96c-4fb6-af99-a28c78defd4d@group-622EDA84D3B0-LeaderElection87] INFO  server.RaftServerConfigKeys (ConfUtils.java:logGet(43)) - raft.server.watch.element-limit = 65536 (default)
2019-10-04 00:25:38,260 [967de6a1-b96c-4fb6-af99-a28c78defd4d@group-622EDA84D3B0-LeaderElection87] INFO  impl.RoleInfo (RoleInfo.java:updateAndGet(143)) - 967de6a1-b96c-4fb6-af99-a28c78defd4d: start LeaderState
2019-10-04 00:25:38,260 [967de6a1-b96c-4fb6-af99-a28c78defd4d@group-622EDA84D3B0-LeaderElection87] INFO  segmented.SegmentedRaftLogWorker (SegmentedRaftLogWorker.java:startLogSegment(385)) - 967de6a1-b96c-4fb6-af99-a28c78defd4d@group-622EDA84D3B0-SegmentedRaftLogWorker: Starting segment from index:0
2019-10-04 00:25:38,261 [967de6a1-b96c-4fb6-af99-a28c78defd4d@group-622EDA84D3B0-LeaderElection87] INFO  impl.RaftServerImpl (ServerState.java:setRaftConf(356)) - 967de6a1-b96c-4fb6-af99-a28c78defd4d@group-622EDA84D3B0: set configuration 0: [967de6a1-b96c-4fb6-af99-a28c78defd4d:192.168.151.76:42971], old=null at 0
2019-10-04 00:25:38,298 [967de6a1-b96c-4fb6-af99-a28c78defd4d@group-622EDA84D3B0-SegmentedRaftLogWorker] INFO  segmented.SegmentedRaftLogWorker (SegmentedRaftLogWorker.java:execute(574)) - 967de6a1-b96c-4fb6-af99-a28c78defd4d@group-622EDA84D3B0-SegmentedRaftLogWorker: created new log segment /workdir/hadoop-ozone/integration-test/target/test-dir/MiniOzoneClusterImpl-f265c1b8-30a7-4229-a4f9-ba2aa99dfb7c/datanode-5/data/ratis/33a83bbf-5f99-4882-b3f3-622eda84d3b0/current/log_inprogress_0
2019-10-04 00:25:38,444 [Thread-2333] INFO  impl.FollowerState (FollowerState.java:run(108)) - 974c641e-ebb6-4bfa-8045-c1a31d66bb9a@group-209899C1244D-FollowerState: change to CANDIDATE, lastRpcTime:5166ms, electionTimeout:5166ms
2019-10-04 00:25:38,444 [Thread-2333] INFO  impl.RoleInfo (RoleInfo.java:shutdownFollowerState(121)) - 974c641e-ebb6-4bfa-8045-c1a31d66bb9a: shutdown FollowerState
2019-10-04 00:25:38,445 [Thread-2333] INFO  impl.RaftServerImpl (RaftServerImpl.java:setRole(170)) - 974c641e-ebb6-4bfa-8045-c1a31d66bb9a@group-209899C1244D: changes role from  FOLLOWER to CANDIDATE at term 0 for changeToCandidate
2019-10-04 00:25:38,445 [Thread-2333] INFO  impl.RoleInfo (RoleInfo.java:updateAndGet(143)) - 974c641e-ebb6-4bfa-8045-c1a31d66bb9a: start LeaderElection
2019-10-04 00:25:38,451 [Thread-2329] INFO  impl.FollowerState (FollowerState.java:run(108)) - 967de6a1-b96c-4fb6-af99-a28c78defd4d@group-209899C1244D-FollowerState: change to CANDIDATE, lastRpcTime:5177ms, electionTimeout:5174ms
2019-10-04 00:25:38,451 [Thread-2329] INFO  impl.RoleInfo (RoleInfo.java:shutdownFollowerState(121)) - 967de6a1-b96c-4fb6-af99-a28c78defd4d: shutdown FollowerState
2019-10-04 00:25:38,460 [Thread-2329] INFO  impl.RaftServerImpl (RaftServerImpl.java:setRole(170)) - 967de6a1-b96c-4fb6-af99-a28c78defd4d@group-209899C1244D: changes role from  FOLLOWER to CANDIDATE at term 0 for changeToCandidate
2019-10-04 00:25:38,460 [Thread-2329] INFO  impl.RoleInfo (RoleInfo.java:updateAndGet(143)) - 967de6a1-b96c-4fb6-af99-a28c78defd4d: start LeaderElection
2019-10-04 00:25:38,473 [974c641e-ebb6-4bfa-8045-c1a31d66bb9a@group-209899C1244D-LeaderElection88] INFO  impl.LeaderElection (LeaderElection.java:askForVotes(178)) - 974c641e-ebb6-4bfa-8045-c1a31d66bb9a@group-209899C1244D-LeaderElection88: begin an election at term 1 for -1: [967de6a1-b96c-4fb6-af99-a28c78defd4d:192.168.151.76:42971, 974c641e-ebb6-4bfa-8045-c1a31d66bb9a:192.168.151.76:36026, 809451ea-170b-4469-a66e-dc74556bdb8b:192.168.151.76:45007], old=null
2019-10-04 00:25:38,479 [Thread-2332] INFO  impl.FollowerState (FollowerState.java:run(108)) - 809451ea-170b-4469-a66e-dc74556bdb8b@group-209899C1244D-FollowerState: change to CANDIDATE, lastRpcTime:5201ms, electionTimeout:5199ms
2019-10-04 00:25:38,479 [Thread-2332] INFO  impl.RoleInfo (RoleInfo.java:shutdownFollowerState(121)) - 809451ea-170b-4469-a66e-dc74556bdb8b: shutdown FollowerState
2019-10-04 00:25:38,479 [Thread-2332] INFO  impl.RaftServerImpl (RaftServerImpl.java:setRole(170)) - 809451ea-170b-4469-a66e-dc74556bdb8b@group-209899C1244D: changes role from  FOLLOWER to CANDIDATE at term 0 for changeToCandidate
2019-10-04 00:25:38,479 [Thread-2332] INFO  impl.RoleInfo (RoleInfo.java:updateAndGet(143)) - 809451ea-170b-4469-a66e-dc74556bdb8b: start LeaderElection
2019-10-04 00:25:38,489 [967de6a1-b96c-4fb6-af99-a28c78defd4d@group-209899C1244D-LeaderElection89] INFO  impl.LeaderElection (LeaderElection.java:askForVotes(178)) - 967de6a1-b96c-4fb6-af99-a28c78defd4d@group-209899C1244D-LeaderElection89: begin an election at term 1 for -1: [967de6a1-b96c-4fb6-af99-a28c78defd4d:192.168.151.76:42971, 974c641e-ebb6-4bfa-8045-c1a31d66bb9a:192.168.151.76:36026, 809451ea-170b-4469-a66e-dc74556bdb8b:192.168.151.76:45007], old=null
2019-10-04 00:25:38,507 [809451ea-170b-4469-a66e-dc74556bdb8b@group-209899C1244D-LeaderElection90] INFO  impl.LeaderElection (LeaderElection.java:askForVotes(178)) - 809451ea-170b-4469-a66e-dc74556bdb8b@group-209899C1244D-LeaderElection90: begin an election at term 1 for -1: [967de6a1-b96c-4fb6-af99-a28c78defd4d:192.168.151.76:42971, 974c641e-ebb6-4bfa-8045-c1a31d66bb9a:192.168.151.76:36026, 809451ea-170b-4469-a66e-dc74556bdb8b:192.168.151.76:45007], old=null
2019-10-04 00:25:38,507 [967de6a1-b96c-4fb6-af99-a28c78defd4d@group-209899C1244D-LeaderElection89] INFO  impl.LeaderElection (LeaderElection.java:logAndReturn(56)) - 967de6a1-b96c-4fb6-af99-a28c78defd4d@group-209899C1244D-LeaderElection89: Election REJECTED; received 2 response(s) [967de6a1-b96c-4fb6-af99-a28c78defd4d<-974c641e-ebb6-4bfa-8045-c1a31d66bb9a#0:FAIL-t1, 967de6a1-b96c-4fb6-af99-a28c78defd4d<-809451ea-170b-4469-a66e-dc74556bdb8b#0:FAIL-t1] and 0 exception(s); 967de6a1-b96c-4fb6-af99-a28c78defd4d@group-209899C1244D:t1, leader=null, voted=967de6a1-b96c-4fb6-af99-a28c78defd4d, raftlog=967de6a1-b96c-4fb6-af99-a28c78defd4d@group-209899C1244D-SegmentedRaftLog:OPENED:c-1,f-1,i0, conf=-1: [967de6a1-b96c-4fb6-af99-a28c78defd4d:192.168.151.76:42971, 974c641e-ebb6-4bfa-8045-c1a31d66bb9a:192.168.151.76:36026, 809451ea-170b-4469-a66e-dc74556bdb8b:192.168.151.76:45007], old=null
2019-10-04 00:25:38,508 [967de6a1-b96c-4fb6-af99-a28c78defd4d@group-209899C1244D-LeaderElection89] INFO  impl.RaftServerImpl (RaftServerImpl.java:setRole(170)) - 967de6a1-b96c-4fb6-af99-a28c78defd4d@group-209899C1244D: changes role from CANDIDATE to FOLLOWER at term 1 for DISCOVERED_A_NEW_TERM
2019-10-04 00:25:38,508 [974c641e-ebb6-4bfa-8045-c1a31d66bb9a@group-209899C1244D-LeaderElection88] INFO  impl.LeaderElection (LeaderElection.java:logAndReturn(56)) - 974c641e-ebb6-4bfa-8045-c1a31d66bb9a@group-209899C1244D-LeaderElection88: Election REJECTED; received 2 response(s) [974c641e-ebb6-4bfa-8045-c1a31d66bb9a<-967de6a1-b96c-4fb6-af99-a28c78defd4d#0:FAIL-t1, 974c641e-ebb6-4bfa-8045-c1a31d66bb9a<-809451ea-170b-4469-a66e-dc74556bdb8b#0:FAIL-t1] and 0 exception(s); 974c641e-ebb6-4bfa-8045-c1a31d66bb9a@group-209899C1244D:t1, leader=null, voted=974c641e-ebb6-4bfa-8045-c1a31d66bb9a, raftlog=974c641e-ebb6-4bfa-8045-c1a31d66bb9a@group-209899C1244D-SegmentedRaftLog:OPENED:c-1,f-1,i0, conf=-1: [967de6a1-b96c-4fb6-af99-a28c78defd4d:192.168.151.76:42971, 974c641e-ebb6-4bfa-8045-c1a31d66bb9a:192.168.151.76:36026, 809451ea-170b-4469-a66e-dc74556bdb8b:192.168.151.76:45007], old=null
2019-10-04 00:25:38,508 [967de6a1-b96c-4fb6-af99-a28c78defd4d@group-209899C1244D-LeaderElection89] INFO  impl.RoleInfo (RoleInfo.java:shutdownLeaderElection(134)) - 967de6a1-b96c-4fb6-af99-a28c78defd4d: shutdown LeaderElection
2019-10-04 00:25:38,508 [974c641e-ebb6-4bfa-8045-c1a31d66bb9a@group-209899C1244D-LeaderElection88] INFO  impl.RaftServerImpl (RaftServerImpl.java:setRole(170)) - 974c641e-ebb6-4bfa-8045-c1a31d66bb9a@group-209899C1244D: changes role from CANDIDATE to FOLLOWER at term 1 for DISCOVERED_A_NEW_TERM
2019-10-04 00:25:38,508 [967de6a1-b96c-4fb6-af99-a28c78defd4d@group-209899C1244D-LeaderElection89] INFO  impl.RoleInfo (RoleInfo.java:updateAndGet(143)) - 967de6a1-b96c-4fb6-af99-a28c78defd4d: start FollowerState
2019-10-04 00:25:38,508 [974c641e-ebb6-4bfa-8045-c1a31d66bb9a@group-209899C1244D-LeaderElection88] INFO  impl.RoleInfo (RoleInfo.java:shutdownLeaderElection(134)) - 974c641e-ebb6-4bfa-8045-c1a31d66bb9a: shutdown LeaderElection
2019-10-04 00:25:38,508 [974c641e-ebb6-4bfa-8045-c1a31d66bb9a@group-209899C1244D-LeaderElection88] INFO  impl.RoleInfo (RoleInfo.java:updateAndGet(143)) - 974c641e-ebb6-4bfa-8045-c1a31d66bb9a: start FollowerState
2019-10-04 00:25:38,511 [809451ea-170b-4469-a66e-dc74556bdb8b@group-209899C1244D-LeaderElection90] INFO  impl.LeaderElection (LeaderElection.java:logAndReturn(56)) - 809451ea-170b-4469-a66e-dc74556bdb8b@group-209899C1244D-LeaderElection90: Election REJECTED; received 2 response(s) [809451ea-170b-4469-a66e-dc74556bdb8b<-967de6a1-b96c-4fb6-af99-a28c78defd4d#0:FAIL-t1, 809451ea-170b-4469-a66e-dc74556bdb8b<-974c641e-ebb6-4bfa-8045-c1a31d66bb9a#0:FAIL-t1] and 0 exception(s); 809451ea-170b-4469-a66e-dc74556bdb8b@group-209899C1244D:t1, leader=null, voted=809451ea-170b-4469-a66e-dc74556bdb8b, raftlog=809451ea-170b-4469-a66e-dc74556bdb8b@group-209899C1244D-SegmentedRaftLog:OPENED:c-1,f-1,i0, conf=-1: [967de6a1-b96c-4fb6-af99-a28c78defd4d:192.168.151.76:42971, 974c641e-ebb6-4bfa-8045-c1a31d66bb9a:192.168.151.76:36026, 809451ea-170b-4469-a66e-dc74556bdb8b:192.168.151.76:45007], old=null
2019-10-04 00:25:38,511 [809451ea-170b-4469-a66e-dc74556bdb8b@group-209899C1244D-LeaderElection90] INFO  impl.RaftServerImpl (RaftServerImpl.java:setRole(170)) - 809451ea-170b-4469-a66e-dc74556bdb8b@group-209899C1244D: changes role from CANDIDATE to FOLLOWER at term 1 for DISCOVERED_A_NEW_TERM
2019-10-04 00:25:38,511 [809451ea-170b-4469-a66e-dc74556bdb8b@group-209899C1244D-LeaderElection90] INFO  impl.RoleInfo (RoleInfo.java:shutdownLeaderElection(134)) - 809451ea-170b-4469-a66e-dc74556bdb8b: shutdown LeaderElection
2019-10-04 00:25:38,511 [809451ea-170b-4469-a66e-dc74556bdb8b@group-209899C1244D-LeaderElection90] INFO  impl.RoleInfo (RoleInfo.java:updateAndGet(143)) - 809451ea-170b-4469-a66e-dc74556bdb8b: start FollowerState
2019-10-04 00:25:38,591 [Datanode State Machine Thread - 0] INFO  statemachine.DatanodeStateMachine (DatanodeStateMachine.java:lambda$startDaemon$0(350)) - Ozone container server started.
2019-10-04 00:25:38,733 [grpc-default-executor-0] WARN  server.GrpcLogAppender (LogUtils.java:warn(134)) - 71330204-bca2-4e99-8f93-d549681827cf@group-50998A96B5E1->77785bd1-e3fa-40ee-837b-c5096ff73ca9-AppendLogResponseHandler: Failed appendEntries: org.apache.ratis.thirdparty.io.grpc.StatusRuntimeException: UNAVAILABLE: io exception
2019-10-04 00:25:38,734 [grpc-default-executor-5] WARN  server.GrpcLogAppender (LogUtils.java:warn(134)) - 71330204-bca2-4e99-8f93-d549681827cf@group-50998A96B5E1->28c32f69-b092-44d1-8318-359d0ad59249-AppendLogResponseHandler: Failed appendEntries: org.apache.ratis.thirdparty.io.grpc.StatusRuntimeException: UNAVAILABLE: io exception
2019-10-04 00:25:38,734 [grpc-default-executor-0] INFO  impl.FollowerInfo (FollowerInfo.java:lambda$new$0(51)) - 71330204-bca2-4e99-8f93-d549681827cf@group-50998A96B5E1->77785bd1-e3fa-40ee-837b-c5096ff73ca9: nextIndex: updateUnconditionally 0 -> 0
2019-10-04 00:25:38,734 [grpc-default-executor-5] INFO  impl.FollowerInfo (FollowerInfo.java:lambda$new$0(51)) - 71330204-bca2-4e99-8f93-d549681827cf@group-50998A96B5E1->28c32f69-b092-44d1-8318-359d0ad59249: nextIndex: updateUnconditionally 0 -> 0
2019-10-04 00:25:41,235 [grpc-default-executor-4] WARN  server.GrpcLogAppender (LogUtils.java:warn(134)) - 71330204-bca2-4e99-8f93-d549681827cf@group-50998A96B5E1->77785bd1-e3fa-40ee-837b-c5096ff73ca9-AppendLogResponseHandler: Failed appendEntries: org.apache.ratis.thirdparty.io.grpc.StatusRuntimeException: UNAVAILABLE: io exception
2019-10-04 00:25:41,235 [grpc-default-executor-2] WARN  server.GrpcLogAppender (LogUtils.java:warn(134)) - 71330204-bca2-4e99-8f93-d549681827cf@group-50998A96B5E1->28c32f69-b092-44d1-8318-359d0ad59249-AppendLogResponseHandler: Failed appendEntries: org.apache.ratis.thirdparty.io.grpc.StatusRuntimeException: UNAVAILABLE: io exception
2019-10-04 00:25:41,236 [grpc-default-executor-4] INFO  impl.FollowerInfo (FollowerInfo.java:lambda$new$0(51)) - 71330204-bca2-4e99-8f93-d549681827cf@group-50998A96B5E1->77785bd1-e3fa-40ee-837b-c5096ff73ca9: nextIndex: updateUnconditionally 0 -> 0
2019-10-04 00:25:41,236 [grpc-default-executor-2] INFO  impl.FollowerInfo (FollowerInfo.java:lambda$new$0(51)) - 71330204-bca2-4e99-8f93-d549681827cf@group-50998A96B5E1->28c32f69-b092-44d1-8318-359d0ad59249: nextIndex: updateUnconditionally 0 -> 0
2019-10-04 00:25:43,282 [EventQueue-StaleNodeForStaleNodeHandler] INFO  node.StaleNodeHandler (StaleNodeHandler.java:onMessage(58)) - Datanode 28c32f69-b092-44d1-8318-359d0ad59249{ip: 192.168.151.76, host: pr-hdds-1986-2jrbz-1673272497, networkLocation: /default-rack, certSerialId: null} moved to stale state. Finalizing its pipelines [PipelineID=af43dfa1-0888-4745-962a-50998a96b5e1, PipelineID=658b43d9-8672-4132-8797-955329839e59]
2019-10-04 00:25:43,283 [EventQueue-StaleNodeForStaleNodeHandler] INFO  pipeline.SCMPipelineManager (SCMPipelineManager.java:finalizeAndDestroyPipeline(315)) - destroying pipeline:Pipeline[ Id: af43dfa1-0888-4745-962a-50998a96b5e1, Nodes: 28c32f69-b092-44d1-8318-359d0ad59249{ip: 192.168.151.76, host: pr-hdds-1986-2jrbz-1673272497, networkLocation: /default-rack, certSerialId: null}77785bd1-e3fa-40ee-837b-c5096ff73ca9{ip: 192.168.151.76, host: pr-hdds-1986-2jrbz-1673272497, networkLocation: /default-rack, certSerialId: null}71330204-bca2-4e99-8f93-d549681827cf{ip: 192.168.151.76, host: pr-hdds-1986-2jrbz-1673272497, networkLocation: /default-rack, certSerialId: null}, Type:RATIS, Factor:THREE, State:OPEN]
2019-10-04 00:25:43,283 [EventQueue-StaleNodeForStaleNodeHandler] INFO  pipeline.PipelineStateManager (PipelineStateManager.java:finalizePipeline(123)) - Pipeline Pipeline[ Id: af43dfa1-0888-4745-962a-50998a96b5e1, Nodes: 28c32f69-b092-44d1-8318-359d0ad59249{ip: 192.168.151.76, host: pr-hdds-1986-2jrbz-1673272497, networkLocation: /default-rack, certSerialId: null}77785bd1-e3fa-40ee-837b-c5096ff73ca9{ip: 192.168.151.76, host: pr-hdds-1986-2jrbz-1673272497, networkLocation: /default-rack, certSerialId: null}71330204-bca2-4e99-8f93-d549681827cf{ip: 192.168.151.76, host: pr-hdds-1986-2jrbz-1673272497, networkLocation: /default-rack, certSerialId: null}, Type:RATIS, Factor:THREE, State:CLOSED] moved to CLOSED state
2019-10-04 00:25:43,283 [EventQueue-CloseContainerForCloseContainerEventHandler] INFO  container.CloseContainerEventHandler (CloseContainerEventHandler.java:onMessage(61)) - Close container Event triggered for container : #1
2019-10-04 00:25:43,283 [EventQueue-StaleNodeForStaleNodeHandler] INFO  pipeline.SCMPipelineManager (SCMPipelineManager.java:finalizeAndDestroyPipeline(315)) - destroying pipeline:Pipeline[ Id: 658b43d9-8672-4132-8797-955329839e59, Nodes: 28c32f69-b092-44d1-8318-359d0ad59249{ip: 192.168.151.76, host: pr-hdds-1986-2jrbz-1673272497, networkLocation: /default-rack, certSerialId: null}, Type:RATIS, Factor:ONE, State:OPEN]
2019-10-04 00:25:43,284 [EventQueue-StaleNodeForStaleNodeHandler] INFO  pipeline.PipelineStateManager (PipelineStateManager.java:finalizePipeline(123)) - Pipeline Pipeline[ Id: 658b43d9-8672-4132-8797-955329839e59, Nodes: 28c32f69-b092-44d1-8318-359d0ad59249{ip: 192.168.151.76, host: pr-hdds-1986-2jrbz-1673272497, networkLocation: /default-rack, certSerialId: null}, Type:RATIS, Factor:ONE, State:CLOSED] moved to CLOSED state
2019-10-04 00:25:43,553 [Thread-2408] INFO  impl.FollowerState (FollowerState.java:run(108)) - 967de6a1-b96c-4fb6-af99-a28c78defd4d@group-209899C1244D-FollowerState: change to CANDIDATE, lastRpcTime:5044ms, electionTimeout:5044ms
2019-10-04 00:25:43,553 [Thread-2408] INFO  impl.RoleInfo (RoleInfo.java:shutdownFollowerState(121)) - 967de6a1-b96c-4fb6-af99-a28c78defd4d: shutdown FollowerState
2019-10-04 00:25:43,553 [Thread-2408] INFO  impl.RaftServerImpl (RaftServerImpl.java:setRole(170)) - 967de6a1-b96c-4fb6-af99-a28c78defd4d@group-209899C1244D: changes role from  FOLLOWER to CANDIDATE at term 1 for changeToCandidate
2019-10-04 00:25:43,553 [Thread-2408] INFO  impl.RoleInfo (RoleInfo.java:updateAndGet(143)) - 967de6a1-b96c-4fb6-af99-a28c78defd4d: start LeaderElection
2019-10-04 00:25:43,573 [967de6a1-b96c-4fb6-af99-a28c78defd4d@group-209899C1244D-LeaderElection91] INFO  impl.LeaderElection (LeaderElection.java:askForVotes(178)) - 967de6a1-b96c-4fb6-af99-a28c78defd4d@group-209899C1244D-LeaderElection91: begin an election at term 2 for -1: [967de6a1-b96c-4fb6-af99-a28c78defd4d:192.168.151.76:42971, 974c641e-ebb6-4bfa-8045-c1a31d66bb9a:192.168.151.76:36026, 809451ea-170b-4469-a66e-dc74556bdb8b:192.168.151.76:45007], old=null
2019-10-04 00:25:43,574 [main] INFO  ozoneimpl.OzoneContainer (OzoneContainer.java:stop(231)) - Attempting to stop container services.
2019-10-04 00:25:43,574 [main] INFO  impl.RaftServerProxy (RaftServerProxy.java:lambda$close$4(314)) - 6b3dee82-9f2e-414f-9a2b-fe03fbe9530d: close
2019-10-04 00:25:43,575 [main] INFO  impl.RaftServerImpl (RaftServerImpl.java:lambda$shutdown$3(247)) - 6b3dee82-9f2e-414f-9a2b-fe03fbe9530d@group-6B2B8B9BC3C7: shutdown
2019-10-04 00:25:43,575 [grpc-default-executor-4] INFO  impl.RaftServerImpl (RaftServerImpl.java:setRole(170)) - 809451ea-170b-4469-a66e-dc74556bdb8b@group-209899C1244D: changes role from  FOLLOWER to FOLLOWER at term 2 for recognizeCandidate:967de6a1-b96c-4fb6-af99-a28c78defd4d
2019-10-04 00:25:43,576 [grpc-default-executor-2] INFO  impl.RaftServerImpl (RaftServerImpl.java:setRole(170)) - 974c641e-ebb6-4bfa-8045-c1a31d66bb9a@group-209899C1244D: changes role from  FOLLOWER to FOLLOWER at term 2 for recognizeCandidate:967de6a1-b96c-4fb6-af99-a28c78defd4d
2019-10-04 00:25:43,576 [main] INFO  util.JmxRegister (JmxRegister.java:unregister(73)) - Successfully un-registered JMX Bean with object name Ratis:service=RaftServer,group=group-6B2B8B9BC3C7,id=6b3dee82-9f2e-414f-9a2b-fe03fbe9530d
2019-10-04 00:25:43,576 [grpc-default-executor-2] INFO  impl.RoleInfo (RoleInfo.java:shutdownFollowerState(121)) - 974c641e-ebb6-4bfa-8045-c1a31d66bb9a: shutdown FollowerState
2019-10-04 00:25:43,576 [grpc-default-executor-4] INFO  impl.RoleInfo (RoleInfo.java:shutdownFollowerState(121)) - 809451ea-170b-4469-a66e-dc74556bdb8b: shutdown FollowerState
2019-10-04 00:25:43,577 [grpc-default-executor-2] INFO  impl.RoleInfo (RoleInfo.java:updateAndGet(143)) - 974c641e-ebb6-4bfa-8045-c1a31d66bb9a: start FollowerState
2019-10-04 00:25:43,576 [main] INFO  impl.RoleInfo (RoleInfo.java:shutdownLeaderState(104)) - 6b3dee82-9f2e-414f-9a2b-fe03fbe9530d: shutdown LeaderState
2019-10-04 00:25:43,577 [Thread-2410] INFO  impl.FollowerState (FollowerState.java:run(117)) - 809451ea-170b-4469-a66e-dc74556bdb8b@group-209899C1244D-FollowerState was interrupted: java.lang.InterruptedException: sleep interrupted
2019-10-04 00:25:43,577 [grpc-default-executor-4] INFO  impl.RoleInfo (RoleInfo.java:updateAndGet(143)) - 809451ea-170b-4469-a66e-dc74556bdb8b: start FollowerState
2019-10-04 00:25:43,577 [Thread-2409] INFO  impl.FollowerState (FollowerState.java:run(117)) - 974c641e-ebb6-4bfa-8045-c1a31d66bb9a@group-209899C1244D-FollowerState was interrupted: java.lang.InterruptedException: sleep interrupted
2019-10-04 00:25:43,577 [main] INFO  impl.PendingRequests (PendingRequests.java:sendNotLeaderResponses(202)) - 6b3dee82-9f2e-414f-9a2b-fe03fbe9530d@group-6B2B8B9BC3C7-PendingRequests: sendNotLeaderResponses
2019-10-04 00:25:43,584 [main] INFO  impl.StateMachineUpdater (StateMachineUpdater.java:stopAndJoin(136)) - 6b3dee82-9f2e-414f-9a2b-fe03fbe9530d@group-6B2B8B9BC3C7-StateMachineUpdater: set stopIndex = 0
2019-10-04 00:25:43,584 [main] INFO  impl.RaftServerImpl (ServerState.java:close(387)) - 6b3dee82-9f2e-414f-9a2b-fe03fbe9530d@group-6B2B8B9BC3C7: closes. applyIndex: 0
2019-10-04 00:25:43,585 [6b3dee82-9f2e-414f-9a2b-fe03fbe9530d@group-6B2B8B9BC3C7-SegmentedRaftLogWorker] INFO  segmented.SegmentedRaftLogWorker (SegmentedRaftLogWorker.java:run(316)) - 6b3dee82-9f2e-414f-9a2b-fe03fbe9530d@group-6B2B8B9BC3C7-SegmentedRaftLogWorker was interrupted, exiting. There are 0 tasks remaining in the queue.
2019-10-04 00:25:43,587 [main] INFO  segmented.SegmentedRaftLogWorker (SegmentedRaftLogWorker.java:close(224)) - 6b3dee82-9f2e-414f-9a2b-fe03fbe9530d@group-6B2B8B9BC3C7-SegmentedRaftLogWorker close()
2019-10-04 00:25:43,592 [main] INFO  impl.RaftServerImpl (RaftServerImpl.java:lambda$shutdown$3(247)) - 6b3dee82-9f2e-414f-9a2b-fe03fbe9530d@group-1B2579702351: shutdown
2019-10-04 00:25:43,592 [main] INFO  util.JmxRegister (JmxRegister.java:unregister(73)) - Successfully un-registered JMX Bean with object name Ratis:service=RaftServer,group=group-1B2579702351,id=6b3dee82-9f2e-414f-9a2b-fe03fbe9530d
2019-10-04 00:25:43,593 [main] INFO  impl.RoleInfo (RoleInfo.java:shutdownFollowerState(121)) - 6b3dee82-9f2e-414f-9a2b-fe03fbe9530d: shutdown FollowerState
2019-10-04 00:25:43,593 [main] INFO  impl.StateMachineUpdater (StateMachineUpdater.java:stopAndJoin(136)) - 6b3dee82-9f2e-414f-9a2b-fe03fbe9530d@group-1B2579702351-StateMachineUpdater: set stopIndex = 2
2019-10-04 00:25:43,593 [6b3dee82-9f2e-414f-9a2b-fe03fbe9530d@group-1B2579702351-StateMachineUpdater] INFO  ratis.ContainerStateMachine (ContainerStateMachine.java:takeSnapshot(293)) - group-1B2579702351: Taking a snapshot at:(t:1, i:1) file /workdir/hadoop-ozone/integration-test/target/test-dir/MiniOzoneClusterImpl-f265c1b8-30a7-4229-a4f9-ba2aa99dfb7c/datanode-0/data/ratis/d2d403a9-dca2-4a78-82a9-1b2579702351/sm/snapshot.1_1
2019-10-04 00:25:43,593 [Thread-2372] INFO  impl.FollowerState (FollowerState.java:run(117)) - 6b3dee82-9f2e-414f-9a2b-fe03fbe9530d@group-1B2579702351-FollowerState was interrupted: java.lang.InterruptedException: sleep interrupted
2019-10-04 00:25:43,609 [967de6a1-b96c-4fb6-af99-a28c78defd4d@group-209899C1244D-LeaderElection91] INFO  impl.LeaderElection (LeaderElection.java:logAndReturn(56)) - 967de6a1-b96c-4fb6-af99-a28c78defd4d@group-209899C1244D-LeaderElection91: Election PASSED; received 1 response(s) [967de6a1-b96c-4fb6-af99-a28c78defd4d<-809451ea-170b-4469-a66e-dc74556bdb8b#0:OK-t2] and 0 exception(s); 967de6a1-b96c-4fb6-af99-a28c78defd4d@group-209899C1244D:t2, leader=null, voted=967de6a1-b96c-4fb6-af99-a28c78defd4d, raftlog=967de6a1-b96c-4fb6-af99-a28c78defd4d@group-209899C1244D-SegmentedRaftLog:OPENED:c-1,f-1,i0, conf=-1: [967de6a1-b96c-4fb6-af99-a28c78defd4d:192.168.151.76:42971, 974c641e-ebb6-4bfa-8045-c1a31d66bb9a:192.168.151.76:36026, 809451ea-170b-4469-a66e-dc74556bdb8b:192.168.151.76:45007], old=null
2019-10-04 00:25:43,609 [967de6a1-b96c-4fb6-af99-a28c78defd4d@group-209899C1244D-LeaderElection91] INFO  impl.RoleInfo (RoleInfo.java:shutdownLeaderElection(134)) - 967de6a1-b96c-4fb6-af99-a28c78defd4d: shutdown LeaderElection
2019-10-04 00:25:43,609 [967de6a1-b96c-4fb6-af99-a28c78defd4d@group-209899C1244D-LeaderElection91] INFO  impl.RaftServerImpl (RaftServerImpl.java:setRole(170)) - 967de6a1-b96c-4fb6-af99-a28c78defd4d@group-209899C1244D: changes role from CANDIDATE to LEADER at term 2 for changeToLeader
2019-10-04 00:25:43,610 [967de6a1-b96c-4fb6-af99-a28c78defd4d@group-209899C1244D-LeaderElection91] INFO  impl.RaftServerImpl (ServerState.java:setLeader(255)) - 967de6a1-b96c-4fb6-af99-a28c78defd4d@group-209899C1244D: change Leader from null to 967de6a1-b96c-4fb6-af99-a28c78defd4d at term 2 for becomeLeader, leader elected after 10361ms
2019-10-04 00:25:43,610 [967de6a1-b96c-4fb6-af99-a28c78defd4d@group-209899C1244D-LeaderElection91] INFO  server.RaftServerConfigKeys (ConfUtils.java:logGet(43)) - raft.server.staging.catchup.gap = 1000 (default)
2019-10-04 00:25:43,610 [6b3dee82-9f2e-414f-9a2b-fe03fbe9530d@group-1B2579702351-StateMachineUpdater] INFO  ratis.ContainerStateMachine (ContainerStateMachine.java:takeSnapshot(304)) - group-1B2579702351: Finished taking a snapshot at:(t:1, i:1) file:/workdir/hadoop-ozone/integration-test/target/test-dir/MiniOzoneClusterImpl-f265c1b8-30a7-4229-a4f9-ba2aa99dfb7c/datanode-0/data/ratis/d2d403a9-dca2-4a78-82a9-1b2579702351/sm/snapshot.1_1 time:17
2019-10-04 00:25:43,610 [967de6a1-b96c-4fb6-af99-a28c78defd4d@group-209899C1244D-LeaderElection91] INFO  server.RaftServerConfigKeys (ConfUtils.java:logGet(43)) - raft.server.rpc.sleep.time = 25ms (default)
2019-10-04 00:25:43,610 [6b3dee82-9f2e-414f-9a2b-fe03fbe9530d@group-1B2579702351-StateMachineUpdater] INFO  impl.StateMachineUpdater (StateMachineUpdater.java:takeSnapshot(269)) - 6b3dee82-9f2e-414f-9a2b-fe03fbe9530d@group-1B2579702351-StateMachineUpdater: Took a snapshot at index 1
2019-10-04 00:25:43,610 [967de6a1-b96c-4fb6-af99-a28c78defd4d@group-209899C1244D-LeaderElection91] INFO  server.RaftServerConfigKeys (ConfUtils.java:logGet(43)) - raft.server.write.element-limit = 4096 (default)
2019-10-04 00:25:43,610 [6b3dee82-9f2e-414f-9a2b-fe03fbe9530d@group-1B2579702351-StateMachineUpdater] INFO  impl.StateMachineUpdater (StateMachineUpdater.java:lambda$new$0(84)) - 6b3dee82-9f2e-414f-9a2b-fe03fbe9530d@group-1B2579702351-StateMachineUpdater: snapshotIndex: updateIncreasingly -1 -> 1
2019-10-04 00:25:43,611 [967de6a1-b96c-4fb6-af99-a28c78defd4d@group-209899C1244D-LeaderElection91] INFO  server.RaftServerConfigKeys (ConfUtils.java:logGet(43)) - raft.server.watch.timeout = 10s (default)
2019-10-04 00:25:43,611 [967de6a1-b96c-4fb6-af99-a28c78defd4d@group-209899C1244D-LeaderElection91] INFO  server.RaftServerConfigKeys (ConfUtils.java:logGet(43)) - raft.server.watch.timeout.denomination = 1s (default)
2019-10-04 00:25:43,611 [6b3dee82-9f2e-414f-9a2b-fe03fbe9530d@group-1B2579702351-StateMachineUpdater] INFO  ratis.ContainerStateMachine (ContainerStateMachine.java:takeSnapshot(293)) - group-1B2579702351: Taking a snapshot at:(t:1, i:1) file /workdir/hadoop-ozone/integration-test/target/test-dir/MiniOzoneClusterImpl-f265c1b8-30a7-4229-a4f9-ba2aa99dfb7c/datanode-0/data/ratis/d2d403a9-dca2-4a78-82a9-1b2579702351/sm/snapshot.1_1
2019-10-04 00:25:43,611 [967de6a1-b96c-4fb6-af99-a28c78defd4d@group-209899C1244D-LeaderElection91] INFO  server.RaftServerConfigKeys (ConfUtils.java:logGet(43)) - raft.server.watch.element-limit = 65536 (default)
2019-10-04 00:25:43,613 [967de6a1-b96c-4fb6-af99-a28c78defd4d@group-209899C1244D-LeaderElection91] INFO  server.RaftServerConfigKeys (ConfUtils.java:logGet(43)) - raft.server.log.appender.snapshot.chunk.size.max = 16MB (=16777216) (default)
2019-10-04 00:25:43,614 [967de6a1-b96c-4fb6-af99-a28c78defd4d@group-209899C1244D-LeaderElection91] INFO  server.RaftServerConfigKeys (ConfUtils.java:logGet(43)) - raft.server.log.appender.buffer.byte-limit = 33554432 (custom)
2019-10-04 00:25:43,614 [967de6a1-b96c-4fb6-af99-a28c78defd4d@group-209899C1244D-LeaderElection91] INFO  server.RaftServerConfigKeys (ConfUtils.java:logGet(43)) - raft.server.log.appender.buffer.element-limit = 1 (custom)
2019-10-04 00:25:43,614 [967de6a1-b96c-4fb6-af99-a28c78defd4d@group-209899C1244D-LeaderElection91] INFO  grpc.GrpcConfigKeys$Server (ConfUtils.java:logGet(43)) - raft.grpc.server.leader.outstanding.appends.max = 128 (default)
2019-10-04 00:25:43,614 [967de6a1-b96c-4fb6-af99-a28c78defd4d@group-209899C1244D-LeaderElection91] INFO  server.RaftServerConfigKeys (ConfUtils.java:logGet(43)) - raft.server.rpc.request.timeout = 3000ms (default)
2019-10-04 00:25:43,614 [967de6a1-b96c-4fb6-af99-a28c78defd4d@group-209899C1244D-LeaderElection91] INFO  server.RaftServerConfigKeys (ConfUtils.java:logGet(43)) - raft.server.log.appender.install.snapshot.enabled = false (custom)
2019-10-04 00:25:43,615 [967de6a1-b96c-4fb6-af99-a28c78defd4d@group-209899C1244D-LeaderElection91] INFO  server.RaftServerConfigKeys (ConfUtils.java:logGet(43)) - raft.server.log.appender.snapshot.chunk.size.max = 16MB (=16777216) (default)
2019-10-04 00:25:43,615 [967de6a1-b96c-4fb6-af99-a28c78defd4d@group-209899C1244D-LeaderElection91] INFO  server.RaftServerConfigKeys (ConfUtils.java:logGet(43)) - raft.server.log.appender.buffer.byte-limit = 33554432 (custom)
2019-10-04 00:25:43,615 [967de6a1-b96c-4fb6-af99-a28c78defd4d@group-209899C1244D-LeaderElection91] INFO  server.RaftServerConfigKeys (ConfUtils.java:logGet(43)) - raft.server.log.appender.buffer.element-limit = 1 (custom)
2019-10-04 00:25:43,615 [967de6a1-b96c-4fb6-af99-a28c78defd4d@group-209899C1244D-LeaderElection91] INFO  grpc.GrpcConfigKeys$Server (ConfUtils.java:logGet(43)) - raft.grpc.server.leader.outstanding.appends.max = 128 (default)
2019-10-04 00:25:43,615 [967de6a1-b96c-4fb6-af99-a28c78defd4d@group-209899C1244D-LeaderElection91] INFO  server.RaftServerConfigKeys (ConfUtils.java:logGet(43)) - raft.server.rpc.request.timeout = 3000ms (default)
2019-10-04 00:25:43,616 [967de6a1-b96c-4fb6-af99-a28c78defd4d@group-209899C1244D-LeaderElection91] INFO  server.RaftServerConfigKeys (ConfUtils.java:logGet(43)) - raft.server.log.appender.install.snapshot.enabled = false (custom)
2019-10-04 00:25:43,616 [967de6a1-b96c-4fb6-af99-a28c78defd4d@group-209899C1244D-LeaderElection91] INFO  impl.RoleInfo (RoleInfo.java:updateAndGet(143)) - 967de6a1-b96c-4fb6-af99-a28c78defd4d: start LeaderState
2019-10-04 00:25:43,616 [967de6a1-b96c-4fb6-af99-a28c78defd4d@group-209899C1244D-LeaderElection91] INFO  segmented.SegmentedRaftLogWorker (SegmentedRaftLogWorker.java:startLogSegment(385)) - 967de6a1-b96c-4fb6-af99-a28c78defd4d@group-209899C1244D-SegmentedRaftLogWorker: Starting segment from index:0
2019-10-04 00:25:43,617 [967de6a1-b96c-4fb6-af99-a28c78defd4d@group-209899C1244D-LeaderElection91] INFO  impl.RaftServerImpl (ServerState.java:setRaftConf(356)) - 967de6a1-b96c-4fb6-af99-a28c78defd4d@group-209899C1244D: set configuration 0: [967de6a1-b96c-4fb6-af99-a28c78defd4d:192.168.151.76:42971, 974c641e-ebb6-4bfa-8045-c1a31d66bb9a:192.168.151.76:36026, 809451ea-170b-4469-a66e-dc74556bdb8b:192.168.151.76:45007], old=null at 0
2019-10-04 00:25:43,618 [grpc-default-executor-2] INFO  impl.RaftServerImpl (ServerState.java:setLeader(255)) - 974c641e-ebb6-4bfa-8045-c1a31d66bb9a@group-209899C1244D: change Leader from null to 967de6a1-b96c-4fb6-af99-a28c78defd4d at term 2 for appendEntries, leader elected after 10369ms
2019-10-04 00:25:43,618 [grpc-default-executor-4] INFO  impl.RaftServerImpl (ServerState.java:setLeader(255)) - 809451ea-170b-4469-a66e-dc74556bdb8b@group-209899C1244D: change Leader from null to 967de6a1-b96c-4fb6-af99-a28c78defd4d at term 2 for appendEntries, leader elected after 10370ms
2019-10-04 00:25:43,621 [grpc-default-executor-2] INFO  impl.RaftServerImpl (ServerState.java:setRaftConf(356)) - 974c641e-ebb6-4bfa-8045-c1a31d66bb9a@group-209899C1244D: set configuration 0: [967de6a1-b96c-4fb6-af99-a28c78defd4d:192.168.151.76:42971, 974c641e-ebb6-4bfa-8045-c1a31d66bb9a:192.168.151.76:36026, 809451ea-170b-4469-a66e-dc74556bdb8b:192.168.151.76:45007], old=null at 0
2019-10-04 00:25:43,621 [grpc-default-executor-4] INFO  impl.RaftServerImpl (ServerState.java:setRaftConf(356)) - 809451ea-170b-4469-a66e-dc74556bdb8b@group-209899C1244D: set configuration 0: [967de6a1-b96c-4fb6-af99-a28c78defd4d:192.168.151.76:42971, 974c641e-ebb6-4bfa-8045-c1a31d66bb9a:192.168.151.76:36026, 809451ea-170b-4469-a66e-dc74556bdb8b:192.168.151.76:45007], old=null at 0
2019-10-04 00:25:43,621 [grpc-default-executor-2] INFO  segmented.SegmentedRaftLogWorker (SegmentedRaftLogWorker.java:startLogSegment(385)) - 974c641e-ebb6-4bfa-8045-c1a31d66bb9a@group-209899C1244D-SegmentedRaftLogWorker: Starting segment from index:0
2019-10-04 00:25:43,621 [grpc-default-executor-4] INFO  segmented.SegmentedRaftLogWorker (SegmentedRaftLogWorker.java:startLogSegment(385)) - 809451ea-170b-4469-a66e-dc74556bdb8b@group-209899C1244D-SegmentedRaftLogWorker: Starting segment from index:0
2019-10-04 00:25:43,639 [6b3dee82-9f2e-414f-9a2b-fe03fbe9530d@group-1B2579702351-StateMachineUpdater] INFO  ratis.ContainerStateMachine (ContainerStateMachine.java:takeSnapshot(304)) - group-1B2579702351: Finished taking a snapshot at:(t:1, i:1) file:/workdir/hadoop-ozone/integration-test/target/test-dir/MiniOzoneClusterImpl-f265c1b8-30a7-4229-a4f9-ba2aa99dfb7c/datanode-0/data/ratis/d2d403a9-dca2-4a78-82a9-1b2579702351/sm/snapshot.1_1 time:28
2019-10-04 00:25:43,639 [6b3dee82-9f2e-414f-9a2b-fe03fbe9530d@group-1B2579702351-StateMachineUpdater] INFO  impl.StateMachineUpdater (StateMachineUpdater.java:takeSnapshot(269)) - 6b3dee82-9f2e-414f-9a2b-fe03fbe9530d@group-1B2579702351-StateMachineUpdater: Took a snapshot at index 1
2019-10-04 00:25:43,639 [6b3dee82-9f2e-414f-9a2b-fe03fbe9530d@group-1B2579702351-StateMachineUpdater] INFO  impl.StateMachineUpdater (StateMachineUpdater.java:lambda$new$0(84)) - 6b3dee82-9f2e-414f-9a2b-fe03fbe9530d@group-1B2579702351-StateMachineUpdater: snapshotIndex: updateIncreasingly 1 -> 1
2019-10-04 00:25:43,640 [main] INFO  impl.RaftServerImpl (ServerState.java:close(387)) - 6b3dee82-9f2e-414f-9a2b-fe03fbe9530d@group-1B2579702351: closes. applyIndex: 2
2019-10-04 00:25:43,640 [6b3dee82-9f2e-414f-9a2b-fe03fbe9530d@group-1B2579702351-SegmentedRaftLogWorker] INFO  segmented.SegmentedRaftLogWorker (SegmentedRaftLogWorker.java:run(316)) - 6b3dee82-9f2e-414f-9a2b-fe03fbe9530d@group-1B2579702351-SegmentedRaftLogWorker was interrupted, exiting. There are 0 tasks remaining in the queue.
2019-10-04 00:25:43,657 [main] INFO  segmented.SegmentedRaftLogWorker (SegmentedRaftLogWorker.java:close(224)) - 6b3dee82-9f2e-414f-9a2b-fe03fbe9530d@group-1B2579702351-SegmentedRaftLogWorker close()
2019-10-04 00:25:43,664 [main] INFO  server.GrpcService (GrpcService.java:closeImpl(164)) - 6b3dee82-9f2e-414f-9a2b-fe03fbe9530d: shutdown server with port 41174 now
2019-10-04 00:25:43,665 [grpc-default-executor-2] WARN  server.GrpcServerProtocolService (LogUtils.java:warn(134)) - 6b3dee82-9f2e-414f-9a2b-fe03fbe9530d: installSnapshot onError, lastRequest: 2c692606-4e48-4178-b7d0-0515837b2c0a->6b3dee82-9f2e-414f-9a2b-fe03fbe9530d#5-t1, previous=(t:1, i:2), leaderCommit=2, initializing? false, entries: <empty>: org.apache.ratis.thirdparty.io.grpc.StatusRuntimeException: CANCELLED: cancelled before receiving half close
2019-10-04 00:25:43,665 [main] INFO  server.GrpcService (GrpcService.java:closeImpl(172)) - 6b3dee82-9f2e-414f-9a2b-fe03fbe9530d: shutdown server with port 41174 successfully
2019-10-04 00:25:43,665 [grpc-default-executor-3] WARN  server.GrpcLogAppender (LogUtils.java:warn(134)) - 2c692606-4e48-4178-b7d0-0515837b2c0a@group-1B2579702351->6b3dee82-9f2e-414f-9a2b-fe03fbe9530d-AppendLogResponseHandler: Failed appendEntries: org.apache.ratis.thirdparty.io.grpc.StatusRuntimeException: CANCELLED: HTTP/2 error code: CANCEL
Received Rst Stream
2019-10-04 00:25:43,665 [grpc-default-executor-3] INFO  impl.FollowerInfo (FollowerInfo.java:lambda$new$0(51)) - 2c692606-4e48-4178-b7d0-0515837b2c0a@group-1B2579702351->6b3dee82-9f2e-414f-9a2b-fe03fbe9530d: nextIndex: updateUnconditionally 3 -> 2
2019-10-04 00:25:43,671 [809451ea-170b-4469-a66e-dc74556bdb8b@group-209899C1244D-SegmentedRaftLogWorker] INFO  segmented.SegmentedRaftLogWorker (SegmentedRaftLogWorker.java:execute(574)) - 809451ea-170b-4469-a66e-dc74556bdb8b@group-209899C1244D-SegmentedRaftLogWorker: created new log segment /workdir/hadoop-ozone/integration-test/target/test-dir/MiniOzoneClusterImpl-f265c1b8-30a7-4229-a4f9-ba2aa99dfb7c/datanode-4/data/ratis/a81789e4-b3ef-4c31-9660-209899c1244d/current/log_inprogress_0
2019-10-04 00:25:43,671 [refreshUsed-/workdir/hadoop-ozone/integration-test/target/test-dir/MiniOzoneClusterImpl-f265c1b8-30a7-4229-a4f9-ba2aa99dfb7c/datanode-0/data/containers] WARN  fs.CachingGetSpaceUsed (CachingGetSpaceUsed.java:run(183)) - Thread Interrupted waiting to refresh disk information: sleep interrupted
2019-10-04 00:25:43,671 [967de6a1-b96c-4fb6-af99-a28c78defd4d@group-209899C1244D-SegmentedRaftLogWorker] INFO  segmented.SegmentedRaftLogWorker (SegmentedRaftLogWorker.java:execute(574)) - 967de6a1-b96c-4fb6-af99-a28c78defd4d@group-209899C1244D-SegmentedRaftLogWorker: created new log segment /workdir/hadoop-ozone/integration-test/target/test-dir/MiniOzoneClusterImpl-f265c1b8-30a7-4229-a4f9-ba2aa99dfb7c/datanode-5/data/ratis/a81789e4-b3ef-4c31-9660-209899c1244d/current/log_inprogress_0
2019-10-04 00:25:43,671 [974c641e-ebb6-4bfa-8045-c1a31d66bb9a@group-209899C1244D-SegmentedRaftLogWorker] INFO  segmented.SegmentedRaftLogWorker (SegmentedRaftLogWorker.java:execute(574)) - 974c641e-ebb6-4bfa-8045-c1a31d66bb9a@group-209899C1244D-SegmentedRaftLogWorker: created new log segment /workdir/hadoop-ozone/integration-test/target/test-dir/MiniOzoneClusterImpl-f265c1b8-30a7-4229-a4f9-ba2aa99dfb7c/datanode-3/data/ratis/a81789e4-b3ef-4c31-9660-209899c1244d/current/log_inprogress_0
2019-10-04 00:25:43,682 [main] INFO  utils.BackgroundService (BackgroundService.java:shutdown(148)) - Shutting down service BlockDeletingService
2019-10-04 00:25:43,691 [main] INFO  statemachine.DatanodeStateMachine (DatanodeStateMachine.java:stopDaemon(395)) - Ozone container server stopped.
2019-10-04 00:25:43,692 [main] INFO  handler.ContextHandler (ContextHandler.java:doStop(910)) - Stopped o.e.j.w.WebAppContext@257f30f7{/,null,UNAVAILABLE}{/hddsDatanode}
2019-10-04 00:25:43,693 [main] INFO  server.AbstractConnector (AbstractConnector.java:doStop(318)) - Stopped ServerConnector@3fde2209{HTTP/1.1,[http/1.1]}{0.0.0.0:0}
2019-10-04 00:25:43,693 [main] INFO  handler.ContextHandler (ContextHandler.java:doStop(910)) - Stopped o.e.j.s.ServletContextHandler@563ccd31{/static,jar:file:/home/user/.m2/repository/org/apache/hadoop/hadoop-hdds-container-service/0.5.0-SNAPSHOT/hadoop-hdds-container-service-0.5.0-SNAPSHOT.jar!/webapps/static,UNAVAILABLE}
2019-10-04 00:25:43,693 [main] INFO  handler.ContextHandler (ContextHandler.java:doStop(910)) - Stopped o.e.j.s.ServletContextHandler@1ee5632d{/logs,file:///workdir/hadoop-ozone/integration-test/target/log,UNAVAILABLE}
2019-10-04 00:25:43,705 [grpc-default-executor-4] WARN  server.GrpcLogAppender (LogUtils.java:warn(134)) - 2c692606-4e48-4178-b7d0-0515837b2c0a@group-1B2579702351->6b3dee82-9f2e-414f-9a2b-fe03fbe9530d-AppendLogResponseHandler: Failed appendEntries: org.apache.ratis.thirdparty.io.grpc.StatusRuntimeException: UNAVAILABLE: io exception
2019-10-04 00:25:43,705 [grpc-default-executor-4] INFO  impl.FollowerInfo (FollowerInfo.java:lambda$new$0(51)) - 2c692606-4e48-4178-b7d0-0515837b2c0a@group-1B2579702351->6b3dee82-9f2e-414f-9a2b-fe03fbe9530d: nextIndex: updateUnconditionally 3 -> 2
2019-10-04 00:25:43,718 [grpc-default-executor-3] WARN  server.GrpcLogAppender (LogUtils.java:warn(134)) - 2c692606-4e48-4178-b7d0-0515837b2c0a@group-1B2579702351->6b3dee82-9f2e-414f-9a2b-fe03fbe9530d-AppendLogResponseHandler: Failed appendEntries: org.apache.ratis.thirdparty.io.grpc.StatusRuntimeException: UNAVAILABLE: io exception
2019-10-04 00:25:43,718 [grpc-default-executor-3] INFO  impl.FollowerInfo (FollowerInfo.java:lambda$new$0(51)) - 2c692606-4e48-4178-b7d0-0515837b2c0a@group-1B2579702351->6b3dee82-9f2e-414f-9a2b-fe03fbe9530d: nextIndex: updateUnconditionally 3 -> 2
2019-10-04 00:25:43,734 [EventQueue-IncrementalContainerReportForIncrementalContainerReportHandler] WARN  container.IncrementalContainerReportHandler (AbstractContainerReportHandler.java:updateContainerState(143)) - Container #1 is in OPEN state, but the datanode 2c692606-4e48-4178-b7d0-0515837b2c0a{ip: 192.168.151.76, host: pr-hdds-1986-2jrbz-1673272497, networkLocation: /default-rack, certSerialId: null} reports an CLOSING replica.
2019-10-04 00:25:43,735 [grpc-default-executor-3] WARN  server.GrpcLogAppender (LogUtils.java:warn(134)) - 71330204-bca2-4e99-8f93-d549681827cf@group-50998A96B5E1->77785bd1-e3fa-40ee-837b-c5096ff73ca9-AppendLogResponseHandler: Failed appendEntries: org.apache.ratis.thirdparty.io.grpc.StatusRuntimeException: UNAVAILABLE: io exception
2019-10-04 00:25:43,734 [grpc-default-executor-2] WARN  server.GrpcLogAppender (LogUtils.java:warn(134)) - 2c692606-4e48-4178-b7d0-0515837b2c0a@group-1B2579702351->6b3dee82-9f2e-414f-9a2b-fe03fbe9530d-AppendLogResponseHandler: Failed appendEntries: org.apache.ratis.thirdparty.io.grpc.StatusRuntimeException: UNAVAILABLE: io exception
2019-10-04 00:25:43,735 [grpc-default-executor-3] INFO  impl.FollowerInfo (FollowerInfo.java:lambda$new$0(51)) - 71330204-bca2-4e99-8f93-d549681827cf@group-50998A96B5E1->77785bd1-e3fa-40ee-837b-c5096ff73ca9: nextIndex: updateUnconditionally 0 -> 0
2019-10-04 00:25:43,735 [grpc-default-executor-5] WARN  server.GrpcLogAppender (LogUtils.java:warn(134)) - 71330204-bca2-4e99-8f93-d549681827cf@group-50998A96B5E1->28c32f69-b092-44d1-8318-359d0ad59249-AppendLogResponseHandler: Failed appendEntries: org.apache.ratis.thirdparty.io.grpc.StatusRuntimeException: UNAVAILABLE: io exception
2019-10-04 00:25:43,735 [grpc-default-executor-2] INFO  impl.FollowerInfo (FollowerInfo.java:lambda$new$0(51)) - 2c692606-4e48-4178-b7d0-0515837b2c0a@group-1B2579702351->6b3dee82-9f2e-414f-9a2b-fe03fbe9530d: nextIndex: updateUnconditionally 3 -> 2
2019-10-04 00:25:43,736 [grpc-default-executor-5] INFO  impl.FollowerInfo (FollowerInfo.java:lambda$new$0(51)) - 71330204-bca2-4e99-8f93-d549681827cf@group-50998A96B5E1->28c32f69-b092-44d1-8318-359d0ad59249: nextIndex: updateUnconditionally 0 -> 0
2019-10-04 00:25:43,748 [EventQueue-IncrementalContainerReportForIncrementalContainerReportHandler] WARN  container.IncrementalContainerReportHandler (AbstractContainerReportHandler.java:updateContainerState(143)) - Container #1 is in OPEN state, but the datanode f77ed7b2-82d7-4399-bb3d-1321f2261220{ip: 192.168.151.76, host: pr-hdds-1986-2jrbz-1673272497, networkLocation: /default-rack, certSerialId: null} reports an CLOSING replica.
2019-10-04 00:25:43,777 [RatisApplyTransactionExecutor 1] INFO  interfaces.Container (KeyValueContainer.java:flushAndSyncDB(386)) - Container 1 is synced with bcsId 0.
2019-10-04 00:25:43,809 [RatisApplyTransactionExecutor 1] INFO  interfaces.Container (KeyValueContainer.java:flushAndSyncDB(386)) - Container 1 is synced with bcsId 0.
2019-10-04 00:25:43,822 [RatisApplyTransactionExecutor 1] INFO  interfaces.Container (KeyValueContainer.java:flushAndSyncDB(386)) - Container 1 is synced with bcsId 0.
2019-10-04 00:25:43,822 [RatisApplyTransactionExecutor 1] INFO  interfaces.Container (KeyValueContainer.java:flushAndSyncDB(386)) - Container 1 is synced with bcsId 0.
2019-10-04 00:25:43,835 [RatisApplyTransactionExecutor 1] INFO  interfaces.Container (KeyValueContainer.java:close(335)) - Container 1 is closed with bcsId 0.
2019-10-04 00:25:43,850 [RatisApplyTransactionExecutor 1] INFO  interfaces.Container (KeyValueContainer.java:close(335)) - Container 1 is closed with bcsId 0.
2019-10-04 00:25:43,855 [EventQueue-IncrementalContainerReportForIncrementalContainerReportHandler] WARN  container.IncrementalContainerReportHandler (AbstractContainerReportHandler.java:updateContainerState(143)) - Container #1 is in OPEN state, but the datanode 2c692606-4e48-4178-b7d0-0515837b2c0a{ip: 192.168.151.76, host: pr-hdds-1986-2jrbz-1673272497, networkLocation: /default-rack, certSerialId: null} reports an CLOSED replica.
2019-10-04 00:25:43,882 [EventQueue-IncrementalContainerReportForIncrementalContainerReportHandler] WARN  container.IncrementalContainerReportHandler (AbstractContainerReportHandler.java:updateContainerState(143)) - Container #1 is in OPEN state, but the datanode f77ed7b2-82d7-4399-bb3d-1321f2261220{ip: 192.168.151.76, host: pr-hdds-1986-2jrbz-1673272497, networkLocation: /default-rack, certSerialId: null} reports an CLOSED replica.
2019-10-04 00:25:45,807 [grpc-default-executor-1] WARN  server.GrpcLogAppender (LogUtils.java:warn(134)) - 71330204-bca2-4e99-8f93-d549681827cf@group-50998A96B5E1->28c32f69-b092-44d1-8318-359d0ad59249-AppendLogResponseHandler: Failed appendEntries: org.apache.ratis.thirdparty.io.grpc.StatusRuntimeException: UNAVAILABLE: io exception
2019-10-04 00:25:45,807 [grpc-default-executor-0] WARN  server.GrpcLogAppender (LogUtils.java:warn(134)) - 71330204-bca2-4e99-8f93-d549681827cf@group-50998A96B5E1->77785bd1-e3fa-40ee-837b-c5096ff73ca9-AppendLogResponseHandler: Failed appendEntries: org.apache.ratis.thirdparty.io.grpc.StatusRuntimeException: UNAVAILABLE: io exception
2019-10-04 00:25:45,807 [grpc-default-executor-1] INFO  impl.FollowerInfo (FollowerInfo.java:lambda$new$0(51)) - 71330204-bca2-4e99-8f93-d549681827cf@group-50998A96B5E1->28c32f69-b092-44d1-8318-359d0ad59249: nextIndex: updateUnconditionally 1 -> 0
2019-10-04 00:25:45,807 [grpc-default-executor-0] INFO  impl.FollowerInfo (FollowerInfo.java:lambda$new$0(51)) - 71330204-bca2-4e99-8f93-d549681827cf@group-50998A96B5E1->77785bd1-e3fa-40ee-837b-c5096ff73ca9: nextIndex: updateUnconditionally 1 -> 0
2019-10-04 00:25:46,235 [grpc-default-executor-2] WARN  server.GrpcLogAppender (LogUtils.java:warn(134)) - 2c692606-4e48-4178-b7d0-0515837b2c0a@group-1B2579702351->6b3dee82-9f2e-414f-9a2b-fe03fbe9530d-AppendLogResponseHandler: Failed appendEntries: org.apache.ratis.thirdparty.io.grpc.StatusRuntimeException: UNAVAILABLE: io exception
2019-10-04 00:25:46,235 [grpc-default-executor-2] INFO  impl.FollowerInfo (FollowerInfo.java:lambda$new$0(51)) - 2c692606-4e48-4178-b7d0-0515837b2c0a@group-1B2579702351->6b3dee82-9f2e-414f-9a2b-fe03fbe9530d: nextIndex: updateUnconditionally 2 -> 1
2019-10-04 00:25:46,883 [main] WARN  scm.XceiverClientRatis (XceiverClientRatis.java:watchForCommit(292)) - 3 way commit failed on pipeline Pipeline[ Id: d2d403a9-dca2-4a78-82a9-1b2579702351, Nodes: 6b3dee82-9f2e-414f-9a2b-fe03fbe9530d{ip: 192.168.151.76, host: pr-hdds-1986-2jrbz-1673272497, networkLocation: /default-rack, certSerialId: null}f77ed7b2-82d7-4399-bb3d-1321f2261220{ip: 192.168.151.76, host: pr-hdds-1986-2jrbz-1673272497, networkLocation: /default-rack, certSerialId: null}2c692606-4e48-4178-b7d0-0515837b2c0a{ip: 192.168.151.76, host: pr-hdds-1986-2jrbz-1673272497, networkLocation: /default-rack, certSerialId: null}, Type:RATIS, Factor:THREE, State:OPEN]
java.util.concurrent.TimeoutException
	at java.util.concurrent.CompletableFuture.timedGet(CompletableFuture.java:1771)
	at java.util.concurrent.CompletableFuture.get(CompletableFuture.java:1915)
	at org.apache.hadoop.hdds.scm.XceiverClientRatis.watchForCommit(XceiverClientRatis.java:289)
	at org.apache.hadoop.ozone.client.rpc.TestWatchForCommit.test2WayCommitForTimeoutException(TestWatchForCommit.java:391)
	at sun.reflect.NativeMethodAccessorImpl.invoke0(Native Method)
	at sun.reflect.NativeMethodAccessorImpl.invoke(NativeMethodAccessorImpl.java:62)
	at sun.reflect.DelegatingMethodAccessorImpl.invoke(DelegatingMethodAccessorImpl.java:43)
	at java.lang.reflect.Method.invoke(Method.java:498)
	at org.junit.runners.model.FrameworkMethod$1.runReflectiveCall(FrameworkMethod.java:47)
	at org.junit.internal.runners.model.ReflectiveCallable.run(ReflectiveCallable.java:12)
	at org.junit.runners.model.FrameworkMethod.invokeExplosively(FrameworkMethod.java:44)
	at org.junit.internal.runners.statements.InvokeMethod.evaluate(InvokeMethod.java:17)
	at org.junit.runners.ParentRunner.runLeaf(ParentRunner.java:271)
	at org.junit.runners.BlockJUnit4ClassRunner.runChild(BlockJUnit4ClassRunner.java:70)
	at org.junit.runners.BlockJUnit4ClassRunner.runChild(BlockJUnit4ClassRunner.java:50)
	at org.junit.runners.ParentRunner$3.run(ParentRunner.java:238)
	at org.junit.runners.ParentRunner$1.schedule(ParentRunner.java:63)
	at org.junit.runners.ParentRunner.runChildren(ParentRunner.java:236)
	at org.junit.runners.ParentRunner.access$000(ParentRunner.java:53)
	at org.junit.runners.ParentRunner$2.evaluate(ParentRunner.java:229)
	at org.junit.runners.ParentRunner.run(ParentRunner.java:309)
	at org.apache.maven.surefire.junit4.JUnit4Provider.execute(JUnit4Provider.java:365)
	at org.apache.maven.surefire.junit4.JUnit4Provider.executeWithRerun(JUnit4Provider.java:273)
	at org.apache.maven.surefire.junit4.JUnit4Provider.executeTestSet(JUnit4Provider.java:238)
	at org.apache.maven.surefire.junit4.JUnit4Provider.invoke(JUnit4Provider.java:159)
	at org.apache.maven.surefire.booter.ForkedBooter.invokeProviderInSameClassLoader(ForkedBooter.java:384)
	at org.apache.maven.surefire.booter.ForkedBooter.runSuitesInProcess(ForkedBooter.java:345)
	at org.apache.maven.surefire.booter.ForkedBooter.execute(ForkedBooter.java:126)
	at org.apache.maven.surefire.booter.ForkedBooter.main(ForkedBooter.java:418)
2019-10-04 00:25:46,909 [Thread-2458] INFO  client.GrpcClientProtocolService (GrpcClientProtocolService.java:lambda$processClientRequest$0(278)) - Failed RaftClientRequest:client-AD1962D2FB49->f77ed7b2-82d7-4399-bb3d-1321f2261220@group-1B2579702351, cid=105, seq=0, Watch-MAJORITY_COMMITTED(3), Message:<EMPTY>, reply=RaftClientReply:client-AD1962D2FB49->f77ed7b2-82d7-4399-bb3d-1321f2261220@group-1B2579702351, cid=105, FAILED org.apache.ratis.protocol.NotLeaderException: Server f77ed7b2-82d7-4399-bb3d-1321f2261220@group-1B2579702351 is not the leader 2c692606-4e48-4178-b7d0-0515837b2c0a:192.168.151.76:38377, logIndex=0, commits[f77ed7b2-82d7-4399-bb3d-1321f2261220:c4, 6b3dee82-9f2e-414f-9a2b-fe03fbe9530d:c2, 2c692606-4e48-4178-b7d0-0515837b2c0a:c4]
2019-10-04 00:25:47,057 [Thread-2460] INFO  client.GrpcClientProtocolService (GrpcClientProtocolService.java:lambda$processClientRequest$0(278)) - Failed RaftClientRequest:client-AF6F1CAEFBE4->71330204-bca2-4e99-8f93-d549681827cf@group-50998A96B5E1, cid=68, seq=0, Watch-MAJORITY_COMMITTED(95), Message:<EMPTY>, reply=RaftClientReply:client-AF6F1CAEFBE4->71330204-bca2-4e99-8f93-d549681827cf@group-50998A96B5E1, cid=68, FAILED org.apache.ratis.protocol.NotReplicatedException: Request with call Id 68 and log index 95 is not yet replicated to MAJORITY_COMMITTED, logIndex=95, commits[71330204-bca2-4e99-8f93-d549681827cf:c2, 28c32f69-b092-44d1-8318-359d0ad59249:c2, 77785bd1-e3fa-40ee-837b-c5096ff73ca9:c2]
2019-10-04 00:25:47,057 [Thread-2461] INFO  client.GrpcClientProtocolService (GrpcClientProtocolService.java:lambda$processClientRequest$0(278)) - Failed RaftClientRequest:client-AF6F1CAEFBE4->71330204-bca2-4e99-8f93-d549681827cf@group-50998A96B5E1, cid=67, seq=0, Watch-ALL_COMMITTED(95), Message:<EMPTY>, reply=RaftClientReply:client-AF6F1CAEFBE4->71330204-bca2-4e99-8f93-d549681827cf@group-50998A96B5E1, cid=67, FAILED org.apache.ratis.protocol.NotReplicatedException: Request with call Id 67 and log index 95 is not yet replicated to ALL_COMMITTED, logIndex=95, commits[71330204-bca2-4e99-8f93-d549681827cf:c2, 28c32f69-b092-44d1-8318-359d0ad59249:c2, 77785bd1-e3fa-40ee-837b-c5096ff73ca9:c2]
2019-10-04 00:25:48,309 [grpc-default-executor-0] WARN  server.GrpcLogAppender (LogUtils.java:warn(134)) - 71330204-bca2-4e99-8f93-d549681827cf@group-50998A96B5E1->77785bd1-e3fa-40ee-837b-c5096ff73ca9-AppendLogResponseHandler: Failed appendEntries: org.apache.ratis.thirdparty.io.grpc.StatusRuntimeException: UNAVAILABLE: io exception
2019-10-04 00:25:48,309 [grpc-default-executor-4] WARN  server.GrpcLogAppender (LogUtils.java:warn(134)) - 71330204-bca2-4e99-8f93-d549681827cf@group-50998A96B5E1->28c32f69-b092-44d1-8318-359d0ad59249-AppendLogResponseHandler: Failed appendEntries: org.apache.ratis.thirdparty.io.grpc.StatusRuntimeException: UNAVAILABLE: io exception
2019-10-04 00:25:48,310 [grpc-default-executor-0] INFO  impl.FollowerInfo (FollowerInfo.java:lambda$new$0(51)) - 71330204-bca2-4e99-8f93-d549681827cf@group-50998A96B5E1->77785bd1-e3fa-40ee-837b-c5096ff73ca9: nextIndex: updateUnconditionally 0 -> 0
2019-10-04 00:25:48,310 [grpc-default-executor-4] INFO  impl.FollowerInfo (FollowerInfo.java:lambda$new$0(51)) - 71330204-bca2-4e99-8f93-d549681827cf@group-50998A96B5E1->28c32f69-b092-44d1-8318-359d0ad59249: nextIndex: updateUnconditionally 0 -> 0
2019-10-04 00:25:48,736 [grpc-default-executor-3] WARN  server.GrpcLogAppender (LogUtils.java:warn(134)) - 2c692606-4e48-4178-b7d0-0515837b2c0a@group-1B2579702351->6b3dee82-9f2e-414f-9a2b-fe03fbe9530d-AppendLogResponseHandler: Failed appendEntries: org.apache.ratis.thirdparty.io.grpc.StatusRuntimeException: UNAVAILABLE: io exception
2019-10-04 00:25:48,737 [grpc-default-executor-3] INFO  impl.FollowerInfo (FollowerInfo.java:lambda$new$0(51)) - 2c692606-4e48-4178-b7d0-0515837b2c0a@group-1B2579702351->6b3dee82-9f2e-414f-9a2b-fe03fbe9530d: nextIndex: updateUnconditionally 1 -> 0
2019-10-04 00:25:48,796 [EventQueue-StaleNodeForStaleNodeHandler] INFO  node.StaleNodeHandler (StaleNodeHandler.java:onMessage(58)) - Datanode 77785bd1-e3fa-40ee-837b-c5096ff73ca9{ip: 192.168.151.76, host: pr-hdds-1986-2jrbz-1673272497, networkLocation: /default-rack, certSerialId: null} moved to stale state. Finalizing its pipelines [PipelineID=f942041f-d7c7-4a80-9c5c-5297e6e0f2c4, PipelineID=af43dfa1-0888-4745-962a-50998a96b5e1]
2019-10-04 00:25:48,797 [EventQueue-StaleNodeForStaleNodeHandler] INFO  pipeline.SCMPipelineManager (SCMPipelineManager.java:finalizeAndDestroyPipeline(315)) - destroying pipeline:Pipeline[ Id: f942041f-d7c7-4a80-9c5c-5297e6e0f2c4, Nodes: 77785bd1-e3fa-40ee-837b-c5096ff73ca9{ip: 192.168.151.76, host: pr-hdds-1986-2jrbz-1673272497, networkLocation: /default-rack, certSerialId: null}, Type:RATIS, Factor:ONE, State:OPEN]
2019-10-04 00:25:48,797 [EventQueue-StaleNodeForStaleNodeHandler] INFO  pipeline.PipelineStateManager (PipelineStateManager.java:finalizePipeline(123)) - Pipeline Pipeline[ Id: f942041f-d7c7-4a80-9c5c-5297e6e0f2c4, Nodes: 77785bd1-e3fa-40ee-837b-c5096ff73ca9{ip: 192.168.151.76, host: pr-hdds-1986-2jrbz-1673272497, networkLocation: /default-rack, certSerialId: null}, Type:RATIS, Factor:ONE, State:CLOSED] moved to CLOSED state
2019-10-04 00:25:48,798 [EventQueue-StaleNodeForStaleNodeHandler] INFO  pipeline.SCMPipelineManager (SCMPipelineManager.java:finalizeAndDestroyPipeline(315)) - destroying pipeline:Pipeline[ Id: af43dfa1-0888-4745-962a-50998a96b5e1, Nodes: 28c32f69-b092-44d1-8318-359d0ad59249{ip: 192.168.151.76, host: pr-hdds-1986-2jrbz-1673272497, networkLocation: /default-rack, certSerialId: null}77785bd1-e3fa-40ee-837b-c5096ff73ca9{ip: 192.168.151.76, host: pr-hdds-1986-2jrbz-1673272497, networkLocation: /default-rack, certSerialId: null}71330204-bca2-4e99-8f93-d549681827cf{ip: 192.168.151.76, host: pr-hdds-1986-2jrbz-1673272497, networkLocation: /default-rack, certSerialId: null}, Type:RATIS, Factor:THREE, State:CLOSED]
]]></system-out>
    <system-err><![CDATA[Oct 04, 2019 12:25:43 AM org.apache.ratis.thirdparty.io.grpc.internal.SerializingExecutor run
SEVERE: Exception while executing runnable org.apache.ratis.thirdparty.io.grpc.internal.ServerImpl$JumpToApplicationThreadServerStreamListener$1Closed@5a4dba97
org.apache.ratis.thirdparty.io.grpc.StatusRuntimeException: CANCELLED: call already cancelled
	at org.apache.ratis.thirdparty.io.grpc.Status.asRuntimeException(Status.java:517)
	at org.apache.ratis.thirdparty.io.grpc.stub.ServerCalls$ServerCallStreamObserverImpl.onCompleted(ServerCalls.java:356)
	at org.apache.ratis.grpc.server.GrpcServerProtocolService$ServerRequestStreamObserver.onError(GrpcServerProtocolService.java:121)
	at org.apache.ratis.thirdparty.io.grpc.stub.ServerCalls$StreamingServerCallHandler$StreamingServerCallListener.onCancel(ServerCalls.java:269)
	at org.apache.ratis.thirdparty.io.grpc.internal.ServerCallImpl$ServerStreamListenerImpl.closed(ServerCallImpl.java:293)
	at org.apache.ratis.thirdparty.io.grpc.internal.ServerImpl$JumpToApplicationThreadServerStreamListener$1Closed.runInContext(ServerImpl.java:741)
	at org.apache.ratis.thirdparty.io.grpc.internal.ContextRunnable.run(ContextRunnable.java:37)
	at org.apache.ratis.thirdparty.io.grpc.internal.SerializingExecutor.run(SerializingExecutor.java:123)
	at java.util.concurrent.ThreadPoolExecutor.runWorker(ThreadPoolExecutor.java:1149)
	at java.util.concurrent.ThreadPoolExecutor$Worker.run(ThreadPoolExecutor.java:624)
	at java.lang.Thread.run(Thread.java:748)

]]></system-err>
  </testcase>
</testsuite>