<?xml version="1.0" encoding="UTF-8"?>
<testsuite xmlns:xsi="http://www.w3.org/2001/XMLSchema-instance" xsi:noNamespaceSchemaLocation="https://maven.apache.org/surefire/maven-surefire-plugin/xsd/surefire-test-report.xsd" name="org.apache.hadoop.ozone.client.rpc.TestWatchForCommit" time="245.997" tests="5" errors="1" skipped="0" failures="0">
  <properties>
    <property name="awt.toolkit" value="sun.awt.X11.XToolkit"/>
    <property name="file.encoding.pkg" value="sun.io"/>
    <property name="java.specification.version" value="1.8"/>
    <property name="sun.cpu.isalist" value=""/>
    <property name="sun.jnu.encoding" value="UTF-8"/>
    <property name="java.class.path" value="/workdir/hadoop-ozone/integration-test/target/test-classes:/workdir/hadoop-ozone/integration-test/target/classes:/home/user/.m2/repository/org/apache/hadoop/hadoop-ozone-common/0.5.0-SNAPSHOT/hadoop-ozone-common-0.5.0-SNAPSHOT.jar:/home/user/.m2/repository/org/apache/commons/commons-compress/1.4.1/commons-compress-1.4.1.jar:/home/user/.m2/repository/org/tukaani/xz/1.0/xz-1.0.jar:/home/user/.m2/repository/org/apache/hadoop/hadoop-common/3.2.0/hadoop-common-3.2.0.jar:/home/user/.m2/repository/org/apache/hadoop/hadoop-hdfs/3.2.0/hadoop-hdfs-3.2.0.jar:/home/user/.m2/repository/org/apache/hadoop/hadoop-hdfs-client/3.2.0/hadoop-hdfs-client-3.2.0.jar:/home/user/.m2/repository/com/fasterxml/jackson/core/jackson-annotations/2.9.9/jackson-annotations-2.9.9.jar:/home/user/.m2/repository/org/apache/hadoop/hadoop-hdds-common/0.5.0-SNAPSHOT/hadoop-hdds-common-0.5.0-SNAPSHOT.jar:/home/user/.m2/repository/javax/annotation/javax.annotation-api/1.2/javax.annotation-api-1.2.jar:/home/user/.m2/repository/org/apache/ratis/ratis-server/0.4.0/ratis-server-0.4.0.jar:/home/user/.m2/repository/org/apache/ratis/ratis-thirdparty-misc/0.2.0/ratis-thirdparty-misc-0.2.0.jar:/home/user/.m2/repository/org/apache/ratis/ratis-proto/0.4.0/ratis-proto-0.4.0.jar:/home/user/.m2/repository/org/apache/ratis/ratis-common/0.4.0/ratis-common-0.4.0.jar:/home/user/.m2/repository/org/apache/ratis/ratis-client/0.4.0/ratis-client-0.4.0.jar:/home/user/.m2/repository/org/apache/ratis/ratis-metrics/0.4.0/ratis-metrics-0.4.0.jar:/home/user/.m2/repository/com/github/joshelser/dropwizard-metrics-hadoop-metrics2-reporter/0.1.2/dropwizard-metrics-hadoop-metrics2-reporter-0.1.2.jar:/home/user/.m2/repository/io/dropwizard/metrics/metrics-jvm/3.2.5/metrics-jvm-3.2.5.jar:/home/user/.m2/repository/io/dropwizard/metrics/metrics-ganglia/3.2.5/metrics-ganglia-3.2.5.jar:/home/user/.m2/repository/info/ganglia/gmetric4j/gmetric4j/1.0.7/gmetric4j-1.0.7.jar:/home/user/.m2/repository/org/apache/ratis/ratis-netty/0.4.0/ratis-netty-0.4.0.jar:/home/user/.m2/repository/org/apache/ratis/ratis-grpc/0.4.0/ratis-grpc-0.4.0.jar:/home/user/.m2/repository/org/rocksdb/rocksdbjni/6.0.1/rocksdbjni-6.0.1.jar:/home/user/.m2/repository/org/apache/logging/log4j/log4j-api/2.11.0/log4j-api-2.11.0.jar:/home/user/.m2/repository/org/apache/logging/log4j/log4j-core/2.11.0/log4j-core-2.11.0.jar:/home/user/.m2/repository/com/lmax/disruptor/3.4.2/disruptor-3.4.2.jar:/home/user/.m2/repository/org/apache/commons/commons-pool2/2.6.0/commons-pool2-2.6.0.jar:/home/user/.m2/repository/org/bouncycastle/bcpkix-jdk15on/1.60/bcpkix-jdk15on-1.60.jar:/home/user/.m2/repository/commons-validator/commons-validator/1.6/commons-validator-1.6.jar:/home/user/.m2/repository/commons-digester/commons-digester/1.8.1/commons-digester-1.8.1.jar:/home/user/.m2/repository/io/jaegertracing/jaeger-client/0.34.0/jaeger-client-0.34.0.jar:/home/user/.m2/repository/io/jaegertracing/jaeger-thrift/0.34.0/jaeger-thrift-0.34.0.jar:/home/user/.m2/repository/org/apache/thrift/libthrift/0.12.0/libthrift-0.12.0.jar:/home/user/.m2/repository/com/squareup/okhttp3/okhttp/3.9.0/okhttp-3.9.0.jar:/home/user/.m2/repository/com/squareup/okio/okio/1.13.0/okio-1.13.0.jar:/home/user/.m2/repository/io/jaegertracing/jaeger-core/0.34.0/jaeger-core-0.34.0.jar:/home/user/.m2/repository/io/jaegertracing/jaeger-tracerresolver/0.34.0/jaeger-tracerresolver-0.34.0.jar:/home/user/.m2/repository/io/opentracing/contrib/opentracing-tracerresolver/0.1.5/opentracing-tracerresolver-0.1.5.jar:/home/user/.m2/repository/io/opentracing/opentracing-util/0.31.0/opentracing-util-0.31.0.jar:/home/user/.m2/repository/io/opentracing/opentracing-api/0.31.0/opentracing-api-0.31.0.jar:/home/user/.m2/repository/io/opentracing/opentracing-noop/0.31.0/opentracing-noop-0.31.0.jar:/home/user/.m2/repository/org/apache/hadoop/hadoop-hdds-server-framework/0.5.0-SNAPSHOT/hadoop-hdds-server-framework-0.5.0-SNAPSHOT.jar:/home/user/.m2/repository/org/apache/hadoop/hadoop-hdds-container-service/0.5.0-SNAPSHOT/hadoop-hdds-container-service-0.5.0-SNAPSHOT.jar:/home/user/.m2/repository/org/apache/hadoop/hadoop-hdds-client/0.5.0-SNAPSHOT/hadoop-hdds-client-0.5.0-SNAPSHOT.jar:/home/user/.m2/repository/org/apache/hadoop/hadoop-hdds-tools/0.5.0-SNAPSHOT/hadoop-hdds-tools-0.5.0-SNAPSHOT.jar:/home/user/.m2/repository/org/apache/hadoop/hadoop-hdds-server-scm/0.5.0-SNAPSHOT/hadoop-hdds-server-scm-0.5.0-SNAPSHOT.jar:/home/user/.m2/repository/org/apache/hadoop/hadoop-hdds-docs/0.5.0-SNAPSHOT/hadoop-hdds-docs-0.5.0-SNAPSHOT.jar:/home/user/.m2/repository/io/dropwizard/metrics/metrics-core/3.2.4/metrics-core-3.2.4.jar:/home/user/.m2/repository/org/hamcrest/hamcrest-all/1.3/hamcrest-all-1.3.jar:/home/user/.m2/repository/org/bouncycastle/bcprov-jdk15on/1.60/bcprov-jdk15on-1.60.jar:/home/user/.m2/repository/info/picocli/picocli/3.9.6/picocli-3.9.6.jar:/home/user/.m2/repository/com/google/protobuf/protobuf-java/2.5.0/protobuf-java-2.5.0.jar:/home/user/.m2/repository/com/google/guava/guava/11.0.2/guava-11.0.2.jar:/home/user/.m2/repository/org/apache/hadoop/hadoop-ozone-ozone-manager/0.5.0-SNAPSHOT/hadoop-ozone-ozone-manager-0.5.0-SNAPSHOT.jar:/home/user/.m2/repository/org/apache/hadoop/hadoop-minikdc/3.2.0/hadoop-minikdc-3.2.0.jar:/home/user/.m2/repository/commons-io/commons-io/2.5/commons-io-2.5.jar:/home/user/.m2/repository/org/apache/kerby/kerb-simplekdc/1.0.1/kerb-simplekdc-1.0.1.jar:/home/user/.m2/repository/org/apache/kerby/kerb-client/1.0.1/kerb-client-1.0.1.jar:/home/user/.m2/repository/org/apache/kerby/kerby-config/1.0.1/kerby-config-1.0.1.jar:/home/user/.m2/repository/org/apache/kerby/kerb-core/1.0.1/kerb-core-1.0.1.jar:/home/user/.m2/repository/org/apache/kerby/kerby-pkix/1.0.1/kerby-pkix-1.0.1.jar:/home/user/.m2/repository/org/apache/kerby/kerby-asn1/1.0.1/kerby-asn1-1.0.1.jar:/home/user/.m2/repository/org/apache/kerby/kerby-util/1.0.1/kerby-util-1.0.1.jar:/home/user/.m2/repository/org/apache/kerby/kerb-common/1.0.1/kerb-common-1.0.1.jar:/home/user/.m2/repository/org/apache/kerby/kerb-crypto/1.0.1/kerb-crypto-1.0.1.jar:/home/user/.m2/repository/org/apache/kerby/kerb-util/1.0.1/kerb-util-1.0.1.jar:/home/user/.m2/repository/org/apache/kerby/token-provider/1.0.1/token-provider-1.0.1.jar:/home/user/.m2/repository/org/apache/kerby/kerb-admin/1.0.1/kerb-admin-1.0.1.jar:/home/user/.m2/repository/org/apache/kerby/kerb-server/1.0.1/kerb-server-1.0.1.jar:/home/user/.m2/repository/org/apache/kerby/kerb-identity/1.0.1/kerb-identity-1.0.1.jar:/home/user/.m2/repository/org/apache/kerby/kerby-xdr/1.0.1/kerby-xdr-1.0.1.jar:/home/user/.m2/repository/org/slf4j/slf4j-log4j12/1.7.25/slf4j-log4j12-1.7.25.jar:/home/user/.m2/repository/org/apache/hadoop/hadoop-ozone-s3gateway/0.5.0-SNAPSHOT/hadoop-ozone-s3gateway-0.5.0-SNAPSHOT.jar:/home/user/.m2/repository/org/jboss/weld/servlet/weld-servlet/2.4.7.Final/weld-servlet-2.4.7.Final.jar:/home/user/.m2/repository/org/glassfish/jersey/containers/jersey-container-servlet-core/2.27/jersey-container-servlet-core-2.27.jar:/home/user/.m2/repository/org/glassfish/hk2/external/javax.inject/2.5.0-b42/javax.inject-2.5.0-b42.jar:/home/user/.m2/repository/org/glassfish/jersey/core/jersey-common/2.27/jersey-common-2.27.jar:/home/user/.m2/repository/org/glassfish/hk2/osgi-resource-locator/1.0.1/osgi-resource-locator-1.0.1.jar:/home/user/.m2/repository/javax/ws/rs/javax.ws.rs-api/2.1/javax.ws.rs-api-2.1.jar:/home/user/.m2/repository/org/glassfish/jersey/ext/cdi/jersey-cdi1x/2.27/jersey-cdi1x-2.27.jar:/home/user/.m2/repository/org/glassfish/jersey/inject/jersey-hk2/2.27/jersey-hk2-2.27.jar:/home/user/.m2/repository/org/glassfish/hk2/hk2-locator/2.5.0-b42/hk2-locator-2.5.0-b42.jar:/home/user/.m2/repository/org/javassist/javassist/3.22.0-CR2/javassist-3.22.0-CR2.jar:/home/user/.m2/repository/org/glassfish/hk2/hk2-api/2.5.0/hk2-api-2.5.0.jar:/home/user/.m2/repository/org/glassfish/hk2/external/jakarta.inject/2.5.0/jakarta.inject-2.5.0.jar:/home/user/.m2/repository/org/glassfish/hk2/hk2-utils/2.5.0/hk2-utils-2.5.0.jar:/home/user/.m2/repository/jakarta/annotation/jakarta.annotation-api/1.3.4/jakarta.annotation-api-1.3.4.jar:/home/user/.m2/repository/org/glassfish/hk2/external/aopalliance-repackaged/2.5.0/aopalliance-repackaged-2.5.0.jar:/home/user/.m2/repository/com/fasterxml/jackson/dataformat/jackson-dataformat-xml/2.9.0/jackson-dataformat-xml-2.9.0.jar:/home/user/.m2/repository/com/fasterxml/jackson/core/jackson-core/2.9.9/jackson-core-2.9.9.jar:/home/user/.m2/repository/com/fasterxml/jackson/module/jackson-module-jaxb-annotations/2.9.9/jackson-module-jaxb-annotations-2.9.9.jar:/home/user/.m2/repository/javax/enterprise/cdi-api/1.2/cdi-api-1.2.jar:/home/user/.m2/repository/javax/el/javax.el-api/3.0.0/javax.el-api-3.0.0.jar:/home/user/.m2/repository/javax/interceptor/javax.interceptor-api/1.2/javax.interceptor-api-1.2.jar:/home/user/.m2/repository/javax/inject/javax.inject/1/javax.inject-1.jar:/home/user/.m2/repository/com/sun/xml/bind/jaxb-impl/2.3.0.1/jaxb-impl-2.3.0.1.jar:/home/user/.m2/repository/com/sun/xml/bind/jaxb-core/2.3.0.1/jaxb-core-2.3.0.1.jar:/home/user/.m2/repository/javax/xml/bind/jaxb-api/2.3.0/jaxb-api-2.3.0.jar:/home/user/.m2/repository/javax/activation/activation/1.1.1/activation-1.1.1.jar:/home/user/.m2/repository/org/apache/hadoop/hadoop-ozone-csi/0.5.0-SNAPSHOT/hadoop-ozone-csi-0.5.0-SNAPSHOT.jar:/home/user/.m2/repository/com/google/protobuf/protobuf-java-util/3.5.1/protobuf-java-util-3.5.1.jar:/home/user/.m2/repository/org/apache/hadoop/hadoop-hdds-config/0.5.0-SNAPSHOT/hadoop-hdds-config-0.5.0-SNAPSHOT.jar:/home/user/.m2/repository/io/grpc/grpc-netty/1.17.1/grpc-netty-1.17.1.jar:/home/user/.m2/repository/io/grpc/grpc-core/1.17.1/grpc-core-1.17.1.jar:/home/user/.m2/repository/io/grpc/grpc-context/1.17.1/grpc-context-1.17.1.jar:/home/user/.m2/repository/com/google/errorprone/error_prone_annotations/2.2.0/error_prone_annotations-2.2.0.jar:/home/user/.m2/repository/org/codehaus/mojo/animal-sniffer-annotations/1.17/animal-sniffer-annotations-1.17.jar:/home/user/.m2/repository/io/opencensus/opencensus-api/0.17.0/opencensus-api-0.17.0.jar:/home/user/.m2/repository/io/opencensus/opencensus-contrib-grpc-metrics/0.17.0/opencensus-contrib-grpc-metrics-0.17.0.jar:/home/user/.m2/repository/io/netty/netty-codec-http2/4.1.30.Final/netty-codec-http2-4.1.30.Final.jar:/home/user/.m2/repository/io/netty/netty-codec-http/4.1.30.Final/netty-codec-http-4.1.30.Final.jar:/home/user/.m2/repository/io/netty/netty-codec/4.1.30.Final/netty-codec-4.1.30.Final.jar:/home/user/.m2/repository/io/netty/netty-handler/4.1.30.Final/netty-handler-4.1.30.Final.jar:/home/user/.m2/repository/io/netty/netty-handler-proxy/4.1.30.Final/netty-handler-proxy-4.1.30.Final.jar:/home/user/.m2/repository/io/netty/netty-codec-socks/4.1.30.Final/netty-codec-socks-4.1.30.Final.jar:/home/user/.m2/repository/io/netty/netty-transport-native-epoll/4.1.30.Final/netty-transport-native-epoll-4.1.30.Final.jar:/home/user/.m2/repository/io/netty/netty-common/4.1.30.Final/netty-common-4.1.30.Final.jar:/home/user/.m2/repository/io/netty/netty-buffer/4.1.30.Final/netty-buffer-4.1.30.Final.jar:/home/user/.m2/repository/io/netty/netty-transport/4.1.30.Final/netty-transport-4.1.30.Final.jar:/home/user/.m2/repository/io/netty/netty-resolver/4.1.30.Final/netty-resolver-4.1.30.Final.jar:/home/user/.m2/repository/io/netty/netty-transport-native-unix-common/4.1.30.Final/netty-transport-native-unix-common-4.1.30.Final.jar:/home/user/.m2/repository/io/grpc/grpc-protobuf/1.17.1/grpc-protobuf-1.17.1.jar:/home/user/.m2/repository/com/google/api/grpc/proto-google-common-protos/1.0.0/proto-google-common-protos-1.0.0.jar:/home/user/.m2/repository/io/grpc/grpc-protobuf-lite/1.17.1/grpc-protobuf-lite-1.17.1.jar:/home/user/.m2/repository/io/grpc/grpc-stub/1.17.1/grpc-stub-1.17.1.jar:/home/user/.m2/repository/org/apache/hadoop/hadoop-ozone-recon/0.5.0-SNAPSHOT/hadoop-ozone-recon-0.5.0-SNAPSHOT.jar:/home/user/.m2/repository/org/apache/hadoop/hadoop-ozone-reconcodegen/0.5.0-SNAPSHOT/hadoop-ozone-reconcodegen-0.5.0-SNAPSHOT.jar:/home/user/.m2/repository/com/google/inject/extensions/guice-multibindings/4.0/guice-multibindings-4.0.jar:/home/user/.m2/repository/com/google/inject/guice/4.0/guice-4.0.jar:/home/user/.m2/repository/aopalliance/aopalliance/1.0/aopalliance-1.0.jar:/home/user/.m2/repository/com/google/inject/extensions/guice-servlet/4.0/guice-servlet-4.0.jar:/home/user/.m2/repository/org/glassfish/jersey/containers/jersey-container-servlet/2.27/jersey-container-servlet-2.27.jar:/home/user/.m2/repository/org/glassfish/hk2/guice-bridge/2.5.0/guice-bridge-2.5.0.jar:/home/user/.m2/repository/org/glassfish/jersey/core/jersey-server/2.27/jersey-server-2.27.jar:/home/user/.m2/repository/org/glassfish/jersey/core/jersey-client/2.27/jersey-client-2.27.jar:/home/user/.m2/repository/org/glassfish/jersey/media/jersey-media-jaxb/2.27/jersey-media-jaxb-2.27.jar:/home/user/.m2/repository/javax/validation/validation-api/1.1.0.Final/validation-api-1.1.0.Final.jar:/home/user/.m2/repository/org/glassfish/jersey/media/jersey-media-json-jackson/2.27/jersey-media-json-jackson-2.27.jar:/home/user/.m2/repository/org/glassfish/jersey/ext/jersey-entity-filtering/2.27/jersey-entity-filtering-2.27.jar:/home/user/.m2/repository/com/google/inject/extensions/guice-assistedinject/4.0/guice-assistedinject-4.0.jar:/home/user/.m2/repository/org/jooq/jooq/3.11.10/jooq-3.11.10.jar:/home/user/.m2/repository/org/jooq/jooq-meta/3.11.10/jooq-meta-3.11.10.jar:/home/user/.m2/repository/org/jooq/jooq-codegen/3.11.10/jooq-codegen-3.11.10.jar:/home/user/.m2/repository/com/jolbox/bonecp/0.8.0.RELEASE/bonecp-0.8.0.RELEASE.jar:/home/user/.m2/repository/org/xerial/sqlite-jdbc/3.25.2/sqlite-jdbc-3.25.2.jar:/home/user/.m2/repository/org/springframework/spring-jdbc/5.1.3.RELEASE/spring-jdbc-5.1.3.RELEASE.jar:/home/user/.m2/repository/org/springframework/spring-beans/5.1.3.RELEASE/spring-beans-5.1.3.RELEASE.jar:/home/user/.m2/repository/org/springframework/spring-core/5.1.3.RELEASE/spring-core-5.1.3.RELEASE.jar:/home/user/.m2/repository/org/springframework/spring-jcl/5.1.3.RELEASE/spring-jcl-5.1.3.RELEASE.jar:/home/user/.m2/repository/org/springframework/spring-tx/5.1.3.RELEASE/spring-tx-5.1.3.RELEASE.jar:/home/user/.m2/repository/org/apache/hadoop/hadoop-ozone-client/0.5.0-SNAPSHOT/hadoop-ozone-client-0.5.0-SNAPSHOT.jar:/home/user/.m2/repository/commons-lang/commons-lang/2.6/commons-lang-2.6.jar:/home/user/.m2/repository/org/apache/hadoop/hadoop-ozone-ozone-manager/0.5.0-SNAPSHOT/hadoop-ozone-ozone-manager-0.5.0-SNAPSHOT-tests.jar:/home/user/.m2/repository/junit/junit/4.11/junit-4.11.jar:/home/user/.m2/repository/org/hamcrest/hamcrest-core/1.3/hamcrest-core-1.3.jar:/home/user/.m2/repository/org/openjdk/jmh/jmh-core/1.19/jmh-core-1.19.jar:/home/user/.m2/repository/net/sf/jopt-simple/jopt-simple/4.6/jopt-simple-4.6.jar:/home/user/.m2/repository/org/apache/commons/commons-math3/3.1.1/commons-math3-3.1.1.jar:/home/user/.m2/repository/org/openjdk/jmh/jmh-generator-annprocess/1.19/jmh-generator-annprocess-1.19.jar:/home/user/.m2/repository/org/mockito/mockito-all/1.8.5/mockito-all-1.8.5.jar:/home/user/.m2/repository/org/apache/hadoop/hadoop-kms/3.2.0/hadoop-kms-3.2.0.jar:/home/user/.m2/repository/org/apache/hadoop/hadoop-auth/3.2.0/hadoop-auth-3.2.0.jar:/home/user/.m2/repository/com/nimbusds/nimbus-jose-jwt/4.41.1/nimbus-jose-jwt-4.41.1.jar:/home/user/.m2/repository/com/github/stephenc/jcip/jcip-annotations/1.0-1/jcip-annotations-1.0-1.jar:/home/user/.m2/repository/net/minidev/json-smart/2.3/json-smart-2.3.jar:/home/user/.m2/repository/net/minidev/accessors-smart/1.2/accessors-smart-1.2.jar:/home/user/.m2/repository/org/ow2/asm/asm/5.0.4/asm-5.0.4.jar:/home/user/.m2/repository/org/apache/curator/curator-framework/2.12.0/curator-framework-2.12.0.jar:/home/user/.m2/repository/com/sun/jersey/jersey-core/1.19/jersey-core-1.19.jar:/home/user/.m2/repository/javax/ws/rs/jsr311-api/1.1.1/jsr311-api-1.1.1.jar:/home/user/.m2/repository/com/sun/jersey/jersey-server/1.19/jersey-server-1.19.jar:/home/user/.m2/repository/javax/servlet/javax.servlet-api/3.1.0/javax.servlet-api-3.1.0.jar:/home/user/.m2/repository/org/eclipse/jetty/jetty-server/9.3.25.v20180904/jetty-server-9.3.25.v20180904.jar:/home/user/.m2/repository/org/eclipse/jetty/jetty-http/9.3.25.v20180904/jetty-http-9.3.25.v20180904.jar:/home/user/.m2/repository/org/eclipse/jetty/jetty-io/9.3.25.v20180904/jetty-io-9.3.25.v20180904.jar:/home/user/.m2/repository/org/eclipse/jetty/jetty-webapp/9.3.25.v20180904/jetty-webapp-9.3.25.v20180904.jar:/home/user/.m2/repository/org/eclipse/jetty/jetty-xml/9.3.25.v20180904/jetty-xml-9.3.25.v20180904.jar:/home/user/.m2/repository/log4j/log4j/1.2.17/log4j-1.2.17.jar:/home/user/.m2/repository/org/slf4j/slf4j-api/1.7.25/slf4j-api-1.7.25.jar:/home/user/.m2/repository/org/slf4j/jul-to-slf4j/1.7.25/jul-to-slf4j-1.7.25.jar:/home/user/.m2/repository/org/eclipse/jetty/jetty-util/9.3.25.v20180904/jetty-util-9.3.25.v20180904.jar:/home/user/.m2/repository/com/fasterxml/jackson/core/jackson-databind/2.9.9/jackson-databind-2.9.9.jar:/home/user/.m2/repository/org/apache/hadoop/hadoop-kms/3.2.0/hadoop-kms-3.2.0-tests.jar:/home/user/.m2/repository/org/apache/hadoop/hadoop-hdds-server-scm/0.5.0-SNAPSHOT/hadoop-hdds-server-scm-0.5.0-SNAPSHOT-tests.jar:/home/user/.m2/repository/org/apache/hadoop/hadoop-hdds-container-service/0.5.0-SNAPSHOT/hadoop-hdds-container-service-0.5.0-SNAPSHOT-tests.jar:/home/user/.m2/repository/org/yaml/snakeyaml/1.16/snakeyaml-1.16.jar:/home/user/.m2/repository/org/apache/hadoop/hadoop-common/3.2.0/hadoop-common-3.2.0-tests.jar:/home/user/.m2/repository/org/apache/hadoop/hadoop-annotations/3.2.0/hadoop-annotations-3.2.0.jar:/usr/lib/jvm/java-1.8-openjdk/jre/../lib/tools.jar:/home/user/.m2/repository/commons-cli/commons-cli/1.2/commons-cli-1.2.jar:/home/user/.m2/repository/org/apache/httpcomponents/httpclient/4.5.2/httpclient-4.5.2.jar:/home/user/.m2/repository/org/apache/httpcomponents/httpcore/4.4.4/httpcore-4.4.4.jar:/home/user/.m2/repository/commons-codec/commons-codec/1.11/commons-codec-1.11.jar:/home/user/.m2/repository/commons-net/commons-net/3.6/commons-net-3.6.jar:/home/user/.m2/repository/commons-collections/commons-collections/3.2.2/commons-collections-3.2.2.jar:/home/user/.m2/repository/org/eclipse/jetty/jetty-servlet/9.3.25.v20180904/jetty-servlet-9.3.25.v20180904.jar:/home/user/.m2/repository/org/eclipse/jetty/jetty-security/9.3.25.v20180904/jetty-security-9.3.25.v20180904.jar:/home/user/.m2/repository/javax/servlet/jsp/jsp-api/2.1/jsp-api-2.1.jar:/home/user/.m2/repository/com/sun/jersey/jersey-servlet/1.19/jersey-servlet-1.19.jar:/home/user/.m2/repository/com/sun/jersey/jersey-json/1.19/jersey-json-1.19.jar:/home/user/.m2/repository/org/codehaus/jettison/jettison/1.1/jettison-1.1.jar:/home/user/.m2/repository/org/codehaus/jackson/jackson-core-asl/1.9.13/jackson-core-asl-1.9.13.jar:/home/user/.m2/repository/org/codehaus/jackson/jackson-mapper-asl/1.9.13/jackson-mapper-asl-1.9.13.jar:/home/user/.m2/repository/org/codehaus/jackson/jackson-jaxrs/1.9.13/jackson-jaxrs-1.9.13.jar:/home/user/.m2/repository/org/codehaus/jackson/jackson-xc/1.9.13/jackson-xc-1.9.13.jar:/home/user/.m2/repository/commons-logging/commons-logging/1.1.3/commons-logging-1.1.3.jar:/home/user/.m2/repository/commons-beanutils/commons-beanutils/1.9.4/commons-beanutils-1.9.4.jar:/home/user/.m2/repository/org/apache/commons/commons-configuration2/2.1.1/commons-configuration2-2.1.1.jar:/home/user/.m2/repository/org/apache/commons/commons-lang3/3.7/commons-lang3-3.7.jar:/home/user/.m2/repository/org/apache/commons/commons-text/1.4/commons-text-1.4.jar:/home/user/.m2/repository/org/apache/avro/avro/1.7.7/avro-1.7.7.jar:/home/user/.m2/repository/com/thoughtworks/paranamer/paranamer/2.3/paranamer-2.3.jar:/home/user/.m2/repository/org/xerial/snappy/snappy-java/1.0.5/snappy-java-1.0.5.jar:/home/user/.m2/repository/com/google/re2j/re2j/1.1/re2j-1.1.jar:/home/user/.m2/repository/com/google/code/gson/gson/2.2.4/gson-2.2.4.jar:/home/user/.m2/repository/com/jcraft/jsch/0.1.54/jsch-0.1.54.jar:/home/user/.m2/repository/org/apache/curator/curator-client/2.12.0/curator-client-2.12.0.jar:/home/user/.m2/repository/org/apache/curator/curator-recipes/2.12.0/curator-recipes-2.12.0.jar:/home/user/.m2/repository/com/google/code/findbugs/jsr305/3.0.0/jsr305-3.0.0.jar:/home/user/.m2/repository/org/apache/htrace/htrace-core4/4.1.0-incubating/htrace-core4-4.1.0-incubating.jar:/home/user/.m2/repository/org/apache/zookeeper/zookeeper/3.4.13/zookeeper-3.4.13.jar:/home/user/.m2/repository/jline/jline/0.9.94/jline-0.9.94.jar:/home/user/.m2/repository/org/apache/yetus/audience-annotations/0.5.0/audience-annotations-0.5.0.jar:/home/user/.m2/repository/org/codehaus/woodstox/stax2-api/3.1.4/stax2-api-3.1.4.jar:/home/user/.m2/repository/com/fasterxml/woodstox/woodstox-core/5.0.3/woodstox-core-5.0.3.jar:/home/user/.m2/repository/dnsjava/dnsjava/2.1.7/dnsjava-2.1.7.jar:/home/user/.m2/repository/org/apache/hadoop/hadoop-hdfs/3.2.0/hadoop-hdfs-3.2.0-tests.jar:/home/user/.m2/repository/org/eclipse/jetty/jetty-util-ajax/9.3.25.v20180904/jetty-util-ajax-9.3.25.v20180904.jar:/home/user/.m2/repository/commons-daemon/commons-daemon/1.0.13/commons-daemon-1.0.13.jar:/home/user/.m2/repository/io/netty/netty/3.10.5.Final/netty-3.10.5.Final.jar:/home/user/.m2/repository/io/netty/netty-all/4.0.52.Final/netty-all-4.0.52.Final.jar:/home/user/.m2/repository/org/fusesource/leveldbjni/leveldbjni-all/1.8/leveldbjni-all-1.8.jar:"/>
    <property name="java.vm.vendor" value="IcedTea"/>
    <property name="sun.arch.data.model" value="64"/>
    <property name="test.build.dir" value="/workdir/hadoop-ozone/integration-test/target/test-dir"/>
    <property name="test.cache.data" value=""/>
    <property name="java.vendor.url" value="https://icedtea.classpath.org"/>
    <property name="user.timezone" value=""/>
    <property name="java.vm.specification.version" value="1.8"/>
    <property name="os.name" value="Linux"/>
    <property name="test.build.data" value="/workdir/hadoop-ozone/integration-test/target/test-dir"/>
    <property name="user.country" value="US"/>
    <property name="sun.java.launcher" value="SUN_STANDARD"/>
    <property name="sun.boot.library.path" value="/usr/lib/jvm/java-1.8-openjdk/jre/lib/amd64"/>
    <property name="sun.java.command" value="/workdir/hadoop-ozone/integration-test/target/surefire/surefirebooter8279450660824517014.jar /workdir/hadoop-ozone/integration-test/target/surefire 2019-09-27T10-40-25_532-jvmRun1 surefire645377980549226867tmp surefire_615433999556708919659tmp"/>
    <property name="test" value="!TestMiniChaosOzoneCluster"/>
    <property name="surefire.test.class.path" value="/workdir/hadoop-ozone/integration-test/target/test-classes:/workdir/hadoop-ozone/integration-test/target/classes:/home/user/.m2/repository/org/apache/hadoop/hadoop-ozone-common/0.5.0-SNAPSHOT/hadoop-ozone-common-0.5.0-SNAPSHOT.jar:/home/user/.m2/repository/org/apache/commons/commons-compress/1.4.1/commons-compress-1.4.1.jar:/home/user/.m2/repository/org/tukaani/xz/1.0/xz-1.0.jar:/home/user/.m2/repository/org/apache/hadoop/hadoop-common/3.2.0/hadoop-common-3.2.0.jar:/home/user/.m2/repository/org/apache/hadoop/hadoop-hdfs/3.2.0/hadoop-hdfs-3.2.0.jar:/home/user/.m2/repository/org/apache/hadoop/hadoop-hdfs-client/3.2.0/hadoop-hdfs-client-3.2.0.jar:/home/user/.m2/repository/com/fasterxml/jackson/core/jackson-annotations/2.9.9/jackson-annotations-2.9.9.jar:/home/user/.m2/repository/org/apache/hadoop/hadoop-hdds-common/0.5.0-SNAPSHOT/hadoop-hdds-common-0.5.0-SNAPSHOT.jar:/home/user/.m2/repository/javax/annotation/javax.annotation-api/1.2/javax.annotation-api-1.2.jar:/home/user/.m2/repository/org/apache/ratis/ratis-server/0.4.0/ratis-server-0.4.0.jar:/home/user/.m2/repository/org/apache/ratis/ratis-thirdparty-misc/0.2.0/ratis-thirdparty-misc-0.2.0.jar:/home/user/.m2/repository/org/apache/ratis/ratis-proto/0.4.0/ratis-proto-0.4.0.jar:/home/user/.m2/repository/org/apache/ratis/ratis-common/0.4.0/ratis-common-0.4.0.jar:/home/user/.m2/repository/org/apache/ratis/ratis-client/0.4.0/ratis-client-0.4.0.jar:/home/user/.m2/repository/org/apache/ratis/ratis-metrics/0.4.0/ratis-metrics-0.4.0.jar:/home/user/.m2/repository/com/github/joshelser/dropwizard-metrics-hadoop-metrics2-reporter/0.1.2/dropwizard-metrics-hadoop-metrics2-reporter-0.1.2.jar:/home/user/.m2/repository/io/dropwizard/metrics/metrics-jvm/3.2.5/metrics-jvm-3.2.5.jar:/home/user/.m2/repository/io/dropwizard/metrics/metrics-ganglia/3.2.5/metrics-ganglia-3.2.5.jar:/home/user/.m2/repository/info/ganglia/gmetric4j/gmetric4j/1.0.7/gmetric4j-1.0.7.jar:/home/user/.m2/repository/org/apache/ratis/ratis-netty/0.4.0/ratis-netty-0.4.0.jar:/home/user/.m2/repository/org/apache/ratis/ratis-grpc/0.4.0/ratis-grpc-0.4.0.jar:/home/user/.m2/repository/org/rocksdb/rocksdbjni/6.0.1/rocksdbjni-6.0.1.jar:/home/user/.m2/repository/org/apache/logging/log4j/log4j-api/2.11.0/log4j-api-2.11.0.jar:/home/user/.m2/repository/org/apache/logging/log4j/log4j-core/2.11.0/log4j-core-2.11.0.jar:/home/user/.m2/repository/com/lmax/disruptor/3.4.2/disruptor-3.4.2.jar:/home/user/.m2/repository/org/apache/commons/commons-pool2/2.6.0/commons-pool2-2.6.0.jar:/home/user/.m2/repository/org/bouncycastle/bcpkix-jdk15on/1.60/bcpkix-jdk15on-1.60.jar:/home/user/.m2/repository/commons-validator/commons-validator/1.6/commons-validator-1.6.jar:/home/user/.m2/repository/commons-digester/commons-digester/1.8.1/commons-digester-1.8.1.jar:/home/user/.m2/repository/io/jaegertracing/jaeger-client/0.34.0/jaeger-client-0.34.0.jar:/home/user/.m2/repository/io/jaegertracing/jaeger-thrift/0.34.0/jaeger-thrift-0.34.0.jar:/home/user/.m2/repository/org/apache/thrift/libthrift/0.12.0/libthrift-0.12.0.jar:/home/user/.m2/repository/com/squareup/okhttp3/okhttp/3.9.0/okhttp-3.9.0.jar:/home/user/.m2/repository/com/squareup/okio/okio/1.13.0/okio-1.13.0.jar:/home/user/.m2/repository/io/jaegertracing/jaeger-core/0.34.0/jaeger-core-0.34.0.jar:/home/user/.m2/repository/io/jaegertracing/jaeger-tracerresolver/0.34.0/jaeger-tracerresolver-0.34.0.jar:/home/user/.m2/repository/io/opentracing/contrib/opentracing-tracerresolver/0.1.5/opentracing-tracerresolver-0.1.5.jar:/home/user/.m2/repository/io/opentracing/opentracing-util/0.31.0/opentracing-util-0.31.0.jar:/home/user/.m2/repository/io/opentracing/opentracing-api/0.31.0/opentracing-api-0.31.0.jar:/home/user/.m2/repository/io/opentracing/opentracing-noop/0.31.0/opentracing-noop-0.31.0.jar:/home/user/.m2/repository/org/apache/hadoop/hadoop-hdds-server-framework/0.5.0-SNAPSHOT/hadoop-hdds-server-framework-0.5.0-SNAPSHOT.jar:/home/user/.m2/repository/org/apache/hadoop/hadoop-hdds-container-service/0.5.0-SNAPSHOT/hadoop-hdds-container-service-0.5.0-SNAPSHOT.jar:/home/user/.m2/repository/org/apache/hadoop/hadoop-hdds-client/0.5.0-SNAPSHOT/hadoop-hdds-client-0.5.0-SNAPSHOT.jar:/home/user/.m2/repository/org/apache/hadoop/hadoop-hdds-tools/0.5.0-SNAPSHOT/hadoop-hdds-tools-0.5.0-SNAPSHOT.jar:/home/user/.m2/repository/org/apache/hadoop/hadoop-hdds-server-scm/0.5.0-SNAPSHOT/hadoop-hdds-server-scm-0.5.0-SNAPSHOT.jar:/home/user/.m2/repository/org/apache/hadoop/hadoop-hdds-docs/0.5.0-SNAPSHOT/hadoop-hdds-docs-0.5.0-SNAPSHOT.jar:/home/user/.m2/repository/io/dropwizard/metrics/metrics-core/3.2.4/metrics-core-3.2.4.jar:/home/user/.m2/repository/org/hamcrest/hamcrest-all/1.3/hamcrest-all-1.3.jar:/home/user/.m2/repository/org/bouncycastle/bcprov-jdk15on/1.60/bcprov-jdk15on-1.60.jar:/home/user/.m2/repository/info/picocli/picocli/3.9.6/picocli-3.9.6.jar:/home/user/.m2/repository/com/google/protobuf/protobuf-java/2.5.0/protobuf-java-2.5.0.jar:/home/user/.m2/repository/com/google/guava/guava/11.0.2/guava-11.0.2.jar:/home/user/.m2/repository/org/apache/hadoop/hadoop-ozone-ozone-manager/0.5.0-SNAPSHOT/hadoop-ozone-ozone-manager-0.5.0-SNAPSHOT.jar:/home/user/.m2/repository/org/apache/hadoop/hadoop-minikdc/3.2.0/hadoop-minikdc-3.2.0.jar:/home/user/.m2/repository/commons-io/commons-io/2.5/commons-io-2.5.jar:/home/user/.m2/repository/org/apache/kerby/kerb-simplekdc/1.0.1/kerb-simplekdc-1.0.1.jar:/home/user/.m2/repository/org/apache/kerby/kerb-client/1.0.1/kerb-client-1.0.1.jar:/home/user/.m2/repository/org/apache/kerby/kerby-config/1.0.1/kerby-config-1.0.1.jar:/home/user/.m2/repository/org/apache/kerby/kerb-core/1.0.1/kerb-core-1.0.1.jar:/home/user/.m2/repository/org/apache/kerby/kerby-pkix/1.0.1/kerby-pkix-1.0.1.jar:/home/user/.m2/repository/org/apache/kerby/kerby-asn1/1.0.1/kerby-asn1-1.0.1.jar:/home/user/.m2/repository/org/apache/kerby/kerby-util/1.0.1/kerby-util-1.0.1.jar:/home/user/.m2/repository/org/apache/kerby/kerb-common/1.0.1/kerb-common-1.0.1.jar:/home/user/.m2/repository/org/apache/kerby/kerb-crypto/1.0.1/kerb-crypto-1.0.1.jar:/home/user/.m2/repository/org/apache/kerby/kerb-util/1.0.1/kerb-util-1.0.1.jar:/home/user/.m2/repository/org/apache/kerby/token-provider/1.0.1/token-provider-1.0.1.jar:/home/user/.m2/repository/org/apache/kerby/kerb-admin/1.0.1/kerb-admin-1.0.1.jar:/home/user/.m2/repository/org/apache/kerby/kerb-server/1.0.1/kerb-server-1.0.1.jar:/home/user/.m2/repository/org/apache/kerby/kerb-identity/1.0.1/kerb-identity-1.0.1.jar:/home/user/.m2/repository/org/apache/kerby/kerby-xdr/1.0.1/kerby-xdr-1.0.1.jar:/home/user/.m2/repository/org/slf4j/slf4j-log4j12/1.7.25/slf4j-log4j12-1.7.25.jar:/home/user/.m2/repository/org/apache/hadoop/hadoop-ozone-s3gateway/0.5.0-SNAPSHOT/hadoop-ozone-s3gateway-0.5.0-SNAPSHOT.jar:/home/user/.m2/repository/org/jboss/weld/servlet/weld-servlet/2.4.7.Final/weld-servlet-2.4.7.Final.jar:/home/user/.m2/repository/org/glassfish/jersey/containers/jersey-container-servlet-core/2.27/jersey-container-servlet-core-2.27.jar:/home/user/.m2/repository/org/glassfish/hk2/external/javax.inject/2.5.0-b42/javax.inject-2.5.0-b42.jar:/home/user/.m2/repository/org/glassfish/jersey/core/jersey-common/2.27/jersey-common-2.27.jar:/home/user/.m2/repository/org/glassfish/hk2/osgi-resource-locator/1.0.1/osgi-resource-locator-1.0.1.jar:/home/user/.m2/repository/javax/ws/rs/javax.ws.rs-api/2.1/javax.ws.rs-api-2.1.jar:/home/user/.m2/repository/org/glassfish/jersey/ext/cdi/jersey-cdi1x/2.27/jersey-cdi1x-2.27.jar:/home/user/.m2/repository/org/glassfish/jersey/inject/jersey-hk2/2.27/jersey-hk2-2.27.jar:/home/user/.m2/repository/org/glassfish/hk2/hk2-locator/2.5.0-b42/hk2-locator-2.5.0-b42.jar:/home/user/.m2/repository/org/javassist/javassist/3.22.0-CR2/javassist-3.22.0-CR2.jar:/home/user/.m2/repository/org/glassfish/hk2/hk2-api/2.5.0/hk2-api-2.5.0.jar:/home/user/.m2/repository/org/glassfish/hk2/external/jakarta.inject/2.5.0/jakarta.inject-2.5.0.jar:/home/user/.m2/repository/org/glassfish/hk2/hk2-utils/2.5.0/hk2-utils-2.5.0.jar:/home/user/.m2/repository/jakarta/annotation/jakarta.annotation-api/1.3.4/jakarta.annotation-api-1.3.4.jar:/home/user/.m2/repository/org/glassfish/hk2/external/aopalliance-repackaged/2.5.0/aopalliance-repackaged-2.5.0.jar:/home/user/.m2/repository/com/fasterxml/jackson/dataformat/jackson-dataformat-xml/2.9.0/jackson-dataformat-xml-2.9.0.jar:/home/user/.m2/repository/com/fasterxml/jackson/core/jackson-core/2.9.9/jackson-core-2.9.9.jar:/home/user/.m2/repository/com/fasterxml/jackson/module/jackson-module-jaxb-annotations/2.9.9/jackson-module-jaxb-annotations-2.9.9.jar:/home/user/.m2/repository/javax/enterprise/cdi-api/1.2/cdi-api-1.2.jar:/home/user/.m2/repository/javax/el/javax.el-api/3.0.0/javax.el-api-3.0.0.jar:/home/user/.m2/repository/javax/interceptor/javax.interceptor-api/1.2/javax.interceptor-api-1.2.jar:/home/user/.m2/repository/javax/inject/javax.inject/1/javax.inject-1.jar:/home/user/.m2/repository/com/sun/xml/bind/jaxb-impl/2.3.0.1/jaxb-impl-2.3.0.1.jar:/home/user/.m2/repository/com/sun/xml/bind/jaxb-core/2.3.0.1/jaxb-core-2.3.0.1.jar:/home/user/.m2/repository/javax/xml/bind/jaxb-api/2.3.0/jaxb-api-2.3.0.jar:/home/user/.m2/repository/javax/activation/activation/1.1.1/activation-1.1.1.jar:/home/user/.m2/repository/org/apache/hadoop/hadoop-ozone-csi/0.5.0-SNAPSHOT/hadoop-ozone-csi-0.5.0-SNAPSHOT.jar:/home/user/.m2/repository/com/google/protobuf/protobuf-java-util/3.5.1/protobuf-java-util-3.5.1.jar:/home/user/.m2/repository/org/apache/hadoop/hadoop-hdds-config/0.5.0-SNAPSHOT/hadoop-hdds-config-0.5.0-SNAPSHOT.jar:/home/user/.m2/repository/io/grpc/grpc-netty/1.17.1/grpc-netty-1.17.1.jar:/home/user/.m2/repository/io/grpc/grpc-core/1.17.1/grpc-core-1.17.1.jar:/home/user/.m2/repository/io/grpc/grpc-context/1.17.1/grpc-context-1.17.1.jar:/home/user/.m2/repository/com/google/errorprone/error_prone_annotations/2.2.0/error_prone_annotations-2.2.0.jar:/home/user/.m2/repository/org/codehaus/mojo/animal-sniffer-annotations/1.17/animal-sniffer-annotations-1.17.jar:/home/user/.m2/repository/io/opencensus/opencensus-api/0.17.0/opencensus-api-0.17.0.jar:/home/user/.m2/repository/io/opencensus/opencensus-contrib-grpc-metrics/0.17.0/opencensus-contrib-grpc-metrics-0.17.0.jar:/home/user/.m2/repository/io/netty/netty-codec-http2/4.1.30.Final/netty-codec-http2-4.1.30.Final.jar:/home/user/.m2/repository/io/netty/netty-codec-http/4.1.30.Final/netty-codec-http-4.1.30.Final.jar:/home/user/.m2/repository/io/netty/netty-codec/4.1.30.Final/netty-codec-4.1.30.Final.jar:/home/user/.m2/repository/io/netty/netty-handler/4.1.30.Final/netty-handler-4.1.30.Final.jar:/home/user/.m2/repository/io/netty/netty-handler-proxy/4.1.30.Final/netty-handler-proxy-4.1.30.Final.jar:/home/user/.m2/repository/io/netty/netty-codec-socks/4.1.30.Final/netty-codec-socks-4.1.30.Final.jar:/home/user/.m2/repository/io/netty/netty-transport-native-epoll/4.1.30.Final/netty-transport-native-epoll-4.1.30.Final.jar:/home/user/.m2/repository/io/netty/netty-common/4.1.30.Final/netty-common-4.1.30.Final.jar:/home/user/.m2/repository/io/netty/netty-buffer/4.1.30.Final/netty-buffer-4.1.30.Final.jar:/home/user/.m2/repository/io/netty/netty-transport/4.1.30.Final/netty-transport-4.1.30.Final.jar:/home/user/.m2/repository/io/netty/netty-resolver/4.1.30.Final/netty-resolver-4.1.30.Final.jar:/home/user/.m2/repository/io/netty/netty-transport-native-unix-common/4.1.30.Final/netty-transport-native-unix-common-4.1.30.Final.jar:/home/user/.m2/repository/io/grpc/grpc-protobuf/1.17.1/grpc-protobuf-1.17.1.jar:/home/user/.m2/repository/com/google/api/grpc/proto-google-common-protos/1.0.0/proto-google-common-protos-1.0.0.jar:/home/user/.m2/repository/io/grpc/grpc-protobuf-lite/1.17.1/grpc-protobuf-lite-1.17.1.jar:/home/user/.m2/repository/io/grpc/grpc-stub/1.17.1/grpc-stub-1.17.1.jar:/home/user/.m2/repository/org/apache/hadoop/hadoop-ozone-recon/0.5.0-SNAPSHOT/hadoop-ozone-recon-0.5.0-SNAPSHOT.jar:/home/user/.m2/repository/org/apache/hadoop/hadoop-ozone-reconcodegen/0.5.0-SNAPSHOT/hadoop-ozone-reconcodegen-0.5.0-SNAPSHOT.jar:/home/user/.m2/repository/com/google/inject/extensions/guice-multibindings/4.0/guice-multibindings-4.0.jar:/home/user/.m2/repository/com/google/inject/guice/4.0/guice-4.0.jar:/home/user/.m2/repository/aopalliance/aopalliance/1.0/aopalliance-1.0.jar:/home/user/.m2/repository/com/google/inject/extensions/guice-servlet/4.0/guice-servlet-4.0.jar:/home/user/.m2/repository/org/glassfish/jersey/containers/jersey-container-servlet/2.27/jersey-container-servlet-2.27.jar:/home/user/.m2/repository/org/glassfish/hk2/guice-bridge/2.5.0/guice-bridge-2.5.0.jar:/home/user/.m2/repository/org/glassfish/jersey/core/jersey-server/2.27/jersey-server-2.27.jar:/home/user/.m2/repository/org/glassfish/jersey/core/jersey-client/2.27/jersey-client-2.27.jar:/home/user/.m2/repository/org/glassfish/jersey/media/jersey-media-jaxb/2.27/jersey-media-jaxb-2.27.jar:/home/user/.m2/repository/javax/validation/validation-api/1.1.0.Final/validation-api-1.1.0.Final.jar:/home/user/.m2/repository/org/glassfish/jersey/media/jersey-media-json-jackson/2.27/jersey-media-json-jackson-2.27.jar:/home/user/.m2/repository/org/glassfish/jersey/ext/jersey-entity-filtering/2.27/jersey-entity-filtering-2.27.jar:/home/user/.m2/repository/com/google/inject/extensions/guice-assistedinject/4.0/guice-assistedinject-4.0.jar:/home/user/.m2/repository/org/jooq/jooq/3.11.10/jooq-3.11.10.jar:/home/user/.m2/repository/org/jooq/jooq-meta/3.11.10/jooq-meta-3.11.10.jar:/home/user/.m2/repository/org/jooq/jooq-codegen/3.11.10/jooq-codegen-3.11.10.jar:/home/user/.m2/repository/com/jolbox/bonecp/0.8.0.RELEASE/bonecp-0.8.0.RELEASE.jar:/home/user/.m2/repository/org/xerial/sqlite-jdbc/3.25.2/sqlite-jdbc-3.25.2.jar:/home/user/.m2/repository/org/springframework/spring-jdbc/5.1.3.RELEASE/spring-jdbc-5.1.3.RELEASE.jar:/home/user/.m2/repository/org/springframework/spring-beans/5.1.3.RELEASE/spring-beans-5.1.3.RELEASE.jar:/home/user/.m2/repository/org/springframework/spring-core/5.1.3.RELEASE/spring-core-5.1.3.RELEASE.jar:/home/user/.m2/repository/org/springframework/spring-jcl/5.1.3.RELEASE/spring-jcl-5.1.3.RELEASE.jar:/home/user/.m2/repository/org/springframework/spring-tx/5.1.3.RELEASE/spring-tx-5.1.3.RELEASE.jar:/home/user/.m2/repository/org/apache/hadoop/hadoop-ozone-client/0.5.0-SNAPSHOT/hadoop-ozone-client-0.5.0-SNAPSHOT.jar:/home/user/.m2/repository/commons-lang/commons-lang/2.6/commons-lang-2.6.jar:/home/user/.m2/repository/org/apache/hadoop/hadoop-ozone-ozone-manager/0.5.0-SNAPSHOT/hadoop-ozone-ozone-manager-0.5.0-SNAPSHOT-tests.jar:/home/user/.m2/repository/junit/junit/4.11/junit-4.11.jar:/home/user/.m2/repository/org/hamcrest/hamcrest-core/1.3/hamcrest-core-1.3.jar:/home/user/.m2/repository/org/openjdk/jmh/jmh-core/1.19/jmh-core-1.19.jar:/home/user/.m2/repository/net/sf/jopt-simple/jopt-simple/4.6/jopt-simple-4.6.jar:/home/user/.m2/repository/org/apache/commons/commons-math3/3.1.1/commons-math3-3.1.1.jar:/home/user/.m2/repository/org/openjdk/jmh/jmh-generator-annprocess/1.19/jmh-generator-annprocess-1.19.jar:/home/user/.m2/repository/org/mockito/mockito-all/1.8.5/mockito-all-1.8.5.jar:/home/user/.m2/repository/org/apache/hadoop/hadoop-kms/3.2.0/hadoop-kms-3.2.0.jar:/home/user/.m2/repository/org/apache/hadoop/hadoop-auth/3.2.0/hadoop-auth-3.2.0.jar:/home/user/.m2/repository/com/nimbusds/nimbus-jose-jwt/4.41.1/nimbus-jose-jwt-4.41.1.jar:/home/user/.m2/repository/com/github/stephenc/jcip/jcip-annotations/1.0-1/jcip-annotations-1.0-1.jar:/home/user/.m2/repository/net/minidev/json-smart/2.3/json-smart-2.3.jar:/home/user/.m2/repository/net/minidev/accessors-smart/1.2/accessors-smart-1.2.jar:/home/user/.m2/repository/org/ow2/asm/asm/5.0.4/asm-5.0.4.jar:/home/user/.m2/repository/org/apache/curator/curator-framework/2.12.0/curator-framework-2.12.0.jar:/home/user/.m2/repository/com/sun/jersey/jersey-core/1.19/jersey-core-1.19.jar:/home/user/.m2/repository/javax/ws/rs/jsr311-api/1.1.1/jsr311-api-1.1.1.jar:/home/user/.m2/repository/com/sun/jersey/jersey-server/1.19/jersey-server-1.19.jar:/home/user/.m2/repository/javax/servlet/javax.servlet-api/3.1.0/javax.servlet-api-3.1.0.jar:/home/user/.m2/repository/org/eclipse/jetty/jetty-server/9.3.25.v20180904/jetty-server-9.3.25.v20180904.jar:/home/user/.m2/repository/org/eclipse/jetty/jetty-http/9.3.25.v20180904/jetty-http-9.3.25.v20180904.jar:/home/user/.m2/repository/org/eclipse/jetty/jetty-io/9.3.25.v20180904/jetty-io-9.3.25.v20180904.jar:/home/user/.m2/repository/org/eclipse/jetty/jetty-webapp/9.3.25.v20180904/jetty-webapp-9.3.25.v20180904.jar:/home/user/.m2/repository/org/eclipse/jetty/jetty-xml/9.3.25.v20180904/jetty-xml-9.3.25.v20180904.jar:/home/user/.m2/repository/log4j/log4j/1.2.17/log4j-1.2.17.jar:/home/user/.m2/repository/org/slf4j/slf4j-api/1.7.25/slf4j-api-1.7.25.jar:/home/user/.m2/repository/org/slf4j/jul-to-slf4j/1.7.25/jul-to-slf4j-1.7.25.jar:/home/user/.m2/repository/org/eclipse/jetty/jetty-util/9.3.25.v20180904/jetty-util-9.3.25.v20180904.jar:/home/user/.m2/repository/com/fasterxml/jackson/core/jackson-databind/2.9.9/jackson-databind-2.9.9.jar:/home/user/.m2/repository/org/apache/hadoop/hadoop-kms/3.2.0/hadoop-kms-3.2.0-tests.jar:/home/user/.m2/repository/org/apache/hadoop/hadoop-hdds-server-scm/0.5.0-SNAPSHOT/hadoop-hdds-server-scm-0.5.0-SNAPSHOT-tests.jar:/home/user/.m2/repository/org/apache/hadoop/hadoop-hdds-container-service/0.5.0-SNAPSHOT/hadoop-hdds-container-service-0.5.0-SNAPSHOT-tests.jar:/home/user/.m2/repository/org/yaml/snakeyaml/1.16/snakeyaml-1.16.jar:/home/user/.m2/repository/org/apache/hadoop/hadoop-common/3.2.0/hadoop-common-3.2.0-tests.jar:/home/user/.m2/repository/org/apache/hadoop/hadoop-annotations/3.2.0/hadoop-annotations-3.2.0.jar:/usr/lib/jvm/java-1.8-openjdk/jre/../lib/tools.jar:/home/user/.m2/repository/commons-cli/commons-cli/1.2/commons-cli-1.2.jar:/home/user/.m2/repository/org/apache/httpcomponents/httpclient/4.5.2/httpclient-4.5.2.jar:/home/user/.m2/repository/org/apache/httpcomponents/httpcore/4.4.4/httpcore-4.4.4.jar:/home/user/.m2/repository/commons-codec/commons-codec/1.11/commons-codec-1.11.jar:/home/user/.m2/repository/commons-net/commons-net/3.6/commons-net-3.6.jar:/home/user/.m2/repository/commons-collections/commons-collections/3.2.2/commons-collections-3.2.2.jar:/home/user/.m2/repository/org/eclipse/jetty/jetty-servlet/9.3.25.v20180904/jetty-servlet-9.3.25.v20180904.jar:/home/user/.m2/repository/org/eclipse/jetty/jetty-security/9.3.25.v20180904/jetty-security-9.3.25.v20180904.jar:/home/user/.m2/repository/javax/servlet/jsp/jsp-api/2.1/jsp-api-2.1.jar:/home/user/.m2/repository/com/sun/jersey/jersey-servlet/1.19/jersey-servlet-1.19.jar:/home/user/.m2/repository/com/sun/jersey/jersey-json/1.19/jersey-json-1.19.jar:/home/user/.m2/repository/org/codehaus/jettison/jettison/1.1/jettison-1.1.jar:/home/user/.m2/repository/org/codehaus/jackson/jackson-core-asl/1.9.13/jackson-core-asl-1.9.13.jar:/home/user/.m2/repository/org/codehaus/jackson/jackson-mapper-asl/1.9.13/jackson-mapper-asl-1.9.13.jar:/home/user/.m2/repository/org/codehaus/jackson/jackson-jaxrs/1.9.13/jackson-jaxrs-1.9.13.jar:/home/user/.m2/repository/org/codehaus/jackson/jackson-xc/1.9.13/jackson-xc-1.9.13.jar:/home/user/.m2/repository/commons-logging/commons-logging/1.1.3/commons-logging-1.1.3.jar:/home/user/.m2/repository/commons-beanutils/commons-beanutils/1.9.4/commons-beanutils-1.9.4.jar:/home/user/.m2/repository/org/apache/commons/commons-configuration2/2.1.1/commons-configuration2-2.1.1.jar:/home/user/.m2/repository/org/apache/commons/commons-lang3/3.7/commons-lang3-3.7.jar:/home/user/.m2/repository/org/apache/commons/commons-text/1.4/commons-text-1.4.jar:/home/user/.m2/repository/org/apache/avro/avro/1.7.7/avro-1.7.7.jar:/home/user/.m2/repository/com/thoughtworks/paranamer/paranamer/2.3/paranamer-2.3.jar:/home/user/.m2/repository/org/xerial/snappy/snappy-java/1.0.5/snappy-java-1.0.5.jar:/home/user/.m2/repository/com/google/re2j/re2j/1.1/re2j-1.1.jar:/home/user/.m2/repository/com/google/code/gson/gson/2.2.4/gson-2.2.4.jar:/home/user/.m2/repository/com/jcraft/jsch/0.1.54/jsch-0.1.54.jar:/home/user/.m2/repository/org/apache/curator/curator-client/2.12.0/curator-client-2.12.0.jar:/home/user/.m2/repository/org/apache/curator/curator-recipes/2.12.0/curator-recipes-2.12.0.jar:/home/user/.m2/repository/com/google/code/findbugs/jsr305/3.0.0/jsr305-3.0.0.jar:/home/user/.m2/repository/org/apache/htrace/htrace-core4/4.1.0-incubating/htrace-core4-4.1.0-incubating.jar:/home/user/.m2/repository/org/apache/zookeeper/zookeeper/3.4.13/zookeeper-3.4.13.jar:/home/user/.m2/repository/jline/jline/0.9.94/jline-0.9.94.jar:/home/user/.m2/repository/org/apache/yetus/audience-annotations/0.5.0/audience-annotations-0.5.0.jar:/home/user/.m2/repository/org/codehaus/woodstox/stax2-api/3.1.4/stax2-api-3.1.4.jar:/home/user/.m2/repository/com/fasterxml/woodstox/woodstox-core/5.0.3/woodstox-core-5.0.3.jar:/home/user/.m2/repository/dnsjava/dnsjava/2.1.7/dnsjava-2.1.7.jar:/home/user/.m2/repository/org/apache/hadoop/hadoop-hdfs/3.2.0/hadoop-hdfs-3.2.0-tests.jar:/home/user/.m2/repository/org/eclipse/jetty/jetty-util-ajax/9.3.25.v20180904/jetty-util-ajax-9.3.25.v20180904.jar:/home/user/.m2/repository/commons-daemon/commons-daemon/1.0.13/commons-daemon-1.0.13.jar:/home/user/.m2/repository/io/netty/netty/3.10.5.Final/netty-3.10.5.Final.jar:/home/user/.m2/repository/io/netty/netty-all/4.0.52.Final/netty-all-4.0.52.Final.jar:/home/user/.m2/repository/org/fusesource/leveldbjni/leveldbjni-all/1.8/leveldbjni-all-1.8.jar:"/>
    <property name="sun.cpu.endian" value="little"/>
    <property name="user.home" value="/home/user"/>
    <property name="user.language" value="en"/>
    <property name="java.specification.vendor" value="Oracle Corporation"/>
    <property name="java.home" value="/usr/lib/jvm/java-1.8-openjdk/jre"/>
    <property name="java.security.krb5.conf" value="/workdir/hadoop-ozone/integration-test/target/test-classes/krb5.conf"/>
    <property name="basedir" value="/workdir/hadoop-ozone/integration-test"/>
    <property name="file.separator" value="/"/>
    <property name="line.separator" value="&#10;"/>
    <property name="java.vm.specification.vendor" value="Oracle Corporation"/>
    <property name="java.specification.name" value="Java Platform API Specification"/>
    <property name="java.awt.graphicsenv" value="sun.awt.X11GraphicsEnvironment"/>
    <property name="surefire.real.class.path" value="/workdir/hadoop-ozone/integration-test/target/surefire/surefirebooter8279450660824517014.jar"/>
    <property name="hadoop.log.dir" value="/workdir/hadoop-ozone/integration-test/target/log"/>
    <property name="sun.boot.class.path" value="/usr/lib/jvm/java-1.8-openjdk/jre/lib/resources.jar:/usr/lib/jvm/java-1.8-openjdk/jre/lib/rt.jar:/usr/lib/jvm/java-1.8-openjdk/jre/lib/sunrsasign.jar:/usr/lib/jvm/java-1.8-openjdk/jre/lib/jsse.jar:/usr/lib/jvm/java-1.8-openjdk/jre/lib/jce.jar:/usr/lib/jvm/java-1.8-openjdk/jre/lib/charsets.jar:/usr/lib/jvm/java-1.8-openjdk/jre/lib/jfr.jar:/usr/lib/jvm/java-1.8-openjdk/jre/classes"/>
    <property name="sun.management.compiler" value="HotSpot 64-Bit Tiered Compilers"/>
    <property name="java.runtime.version" value="1.8.0_212-b04"/>
    <property name="java.net.preferIPv4Stack" value="true"/>
    <property name="user.name" value="jenkins1000"/>
    <property name="path.separator" value=":"/>
    <property name="java.security.egd" value="file:///dev/urandom"/>
    <property name="os.version" value="3.10.0-957.12.2.el7.x86_64"/>
    <property name="java.endorsed.dirs" value="/usr/lib/jvm/java-1.8-openjdk/jre/lib/endorsed"/>
    <property name="java.runtime.name" value="OpenJDK Runtime Environment"/>
    <property name="file.encoding" value="UTF-8"/>
    <property name="java.vm.name" value="OpenJDK 64-Bit Server VM"/>
    <property name="test.build.webapps" value=""/>
    <property name="localRepository" value="/home/user/.m2/repository"/>
    <property name="java.vendor.url.bug" value="https://icedtea.classpath.org/bugzilla"/>
    <property name="java.io.tmpdir" value="/tmp"/>
    <property name="require.test.libhadoop" value=""/>
    <property name="java.version" value="1.8.0_212"/>
    <property name="user.dir" value="/workdir/hadoop-ozone/integration-test"/>
    <property name="os.arch" value="amd64"/>
    <property name="java.vm.specification.name" value="Java Virtual Machine Specification"/>
    <property name="test.build.classes" value="/workdir/hadoop-ozone/integration-test/target/test-classes"/>
    <property name="java.awt.printerjob" value="sun.print.PSPrinterJob"/>
    <property name="sun.os.patch.level" value="unknown"/>
    <property name="hadoop.tmp.dir" value="/workdir/hadoop-ozone/integration-test/target/tmp"/>
    <property name="java.library.path" value="/usr/lib/jvm/java-1.8-openjdk/jre/lib/amd64/server:/usr/lib/jvm/java-1.8-openjdk/jre/lib/amd64:/usr/lib/jvm/java-1.8-openjdk/jre/../lib/amd64:/workdir/hadoop-ozone/integration-test/target/native/target/usr/local/lib:/workdir/hadoop-ozone/integration-test/../../hadoop-common-project/hadoop-common/target/native/target/usr/local/lib:/usr/java/packages/lib/amd64:/usr/lib64:/lib64:/lib:/usr/lib"/>
    <property name="java.vm.info" value="mixed mode"/>
    <property name="java.vendor" value="IcedTea"/>
    <property name="java.vm.version" value="25.212-b04"/>
    <property name="java.ext.dirs" value="/usr/lib/jvm/java-1.8-openjdk/jre/lib/ext:/usr/java/packages/lib/ext"/>
    <property name="sun.io.unicode.encoding" value="UnicodeLittle"/>
    <property name="java.class.version" value="52.0"/>
  </properties>
  <testcase name="testWatchForCommitWithKeyWrite" classname="org.apache.hadoop.ozone.client.rpc.TestWatchForCommit" time="74.976"/>
  <testcase name="testWatchForCommitWithSmallerTimeoutValue" classname="org.apache.hadoop.ozone.client.rpc.TestWatchForCommit" time="25.982">
    <error message="org.apache.ratis.protocol.RaftRetryFailureException: Failed RaftClientRequest:client-87DF15496855-&gt;4de51c34-1414-4a57-9393-191db81f912b@group-AE34B9F6167B, cid=50, seq=1*, RW, org.apache.hadoop.hdds.scm.XceiverClientRatis$$Lambda$455/1172943149@f9721ce for 20 attempts with RetryLimited(maxAttempts=20, sleepTime=1000ms)" type="java.util.concurrent.ExecutionException">java.util.concurrent.ExecutionException: org.apache.ratis.protocol.RaftRetryFailureException: Failed RaftClientRequest:client-87DF15496855->4de51c34-1414-4a57-9393-191db81f912b@group-AE34B9F6167B, cid=50, seq=1*, RW, org.apache.hadoop.hdds.scm.XceiverClientRatis$$Lambda$455/1172943149@f9721ce for 20 attempts with RetryLimited(maxAttempts=20, sleepTime=1000ms)
	at java.util.concurrent.CompletableFuture.reportGet(CompletableFuture.java:357)
	at java.util.concurrent.CompletableFuture.get(CompletableFuture.java:1895)
	at org.apache.hadoop.ozone.client.rpc.TestWatchForCommit.testWatchForCommitWithSmallerTimeoutValue(TestWatchForCommit.java:293)
	at sun.reflect.NativeMethodAccessorImpl.invoke0(Native Method)
	at sun.reflect.NativeMethodAccessorImpl.invoke(NativeMethodAccessorImpl.java:62)
	at sun.reflect.DelegatingMethodAccessorImpl.invoke(DelegatingMethodAccessorImpl.java:43)
	at java.lang.reflect.Method.invoke(Method.java:498)
	at org.junit.runners.model.FrameworkMethod$1.runReflectiveCall(FrameworkMethod.java:47)
	at org.junit.internal.runners.model.ReflectiveCallable.run(ReflectiveCallable.java:12)
	at org.junit.runners.model.FrameworkMethod.invokeExplosively(FrameworkMethod.java:44)
	at org.junit.internal.runners.statements.InvokeMethod.evaluate(InvokeMethod.java:17)
	at org.junit.runners.ParentRunner.runLeaf(ParentRunner.java:271)
	at org.junit.runners.BlockJUnit4ClassRunner.runChild(BlockJUnit4ClassRunner.java:70)
	at org.junit.runners.BlockJUnit4ClassRunner.runChild(BlockJUnit4ClassRunner.java:50)
	at org.junit.runners.ParentRunner$3.run(ParentRunner.java:238)
	at org.junit.runners.ParentRunner$1.schedule(ParentRunner.java:63)
	at org.junit.runners.ParentRunner.runChildren(ParentRunner.java:236)
	at org.junit.runners.ParentRunner.access$000(ParentRunner.java:53)
	at org.junit.runners.ParentRunner$2.evaluate(ParentRunner.java:229)
	at org.junit.runners.ParentRunner.run(ParentRunner.java:309)
	at org.apache.maven.surefire.junit4.JUnit4Provider.execute(JUnit4Provider.java:365)
	at org.apache.maven.surefire.junit4.JUnit4Provider.executeWithRerun(JUnit4Provider.java:273)
	at org.apache.maven.surefire.junit4.JUnit4Provider.executeTestSet(JUnit4Provider.java:238)
	at org.apache.maven.surefire.junit4.JUnit4Provider.invoke(JUnit4Provider.java:159)
	at org.apache.maven.surefire.booter.ForkedBooter.invokeProviderInSameClassLoader(ForkedBooter.java:384)
	at org.apache.maven.surefire.booter.ForkedBooter.runSuitesInProcess(ForkedBooter.java:345)
	at org.apache.maven.surefire.booter.ForkedBooter.execute(ForkedBooter.java:126)
	at org.apache.maven.surefire.booter.ForkedBooter.main(ForkedBooter.java:418)
Caused by: org.apache.ratis.protocol.RaftRetryFailureException: Failed RaftClientRequest:client-87DF15496855->4de51c34-1414-4a57-9393-191db81f912b@group-AE34B9F6167B, cid=50, seq=1*, RW, org.apache.hadoop.hdds.scm.XceiverClientRatis$$Lambda$455/1172943149@f9721ce for 20 attempts with RetryLimited(maxAttempts=20, sleepTime=1000ms)
	at org.apache.ratis.client.impl.RaftClientImpl.noMoreRetries(RaftClientImpl.java:271)
	at org.apache.ratis.client.impl.OrderedAsync.handleAsyncRetryFailure(OrderedAsync.java:138)
	at org.apache.ratis.client.impl.OrderedAsync.lambda$sendRequest$10(OrderedAsync.java:230)
	at java.util.concurrent.CompletableFuture.uniExceptionally(CompletableFuture.java:870)
	at java.util.concurrent.CompletableFuture$UniExceptionally.tryFire(CompletableFuture.java:852)
	at java.util.concurrent.CompletableFuture.postComplete(CompletableFuture.java:474)
	at java.util.concurrent.CompletableFuture.completeExceptionally(CompletableFuture.java:1977)
	at org.apache.ratis.grpc.client.GrpcClientProtocolClient$AsyncStreamObservers.completeReplyExceptionally(GrpcClientProtocolClient.java:339)
	at org.apache.ratis.grpc.client.GrpcClientProtocolClient$AsyncStreamObservers.access$000(GrpcClientProtocolClient.java:255)
	at org.apache.ratis.grpc.client.GrpcClientProtocolClient$AsyncStreamObservers$1.onNext(GrpcClientProtocolClient.java:267)
	at org.apache.ratis.grpc.client.GrpcClientProtocolClient$AsyncStreamObservers$1.onNext(GrpcClientProtocolClient.java:258)
	at org.apache.ratis.thirdparty.io.grpc.stub.ClientCalls$StreamObserverToCallListenerAdapter.onMessage(ClientCalls.java:421)
	at org.apache.ratis.thirdparty.io.grpc.ForwardingClientCallListener.onMessage(ForwardingClientCallListener.java:33)
	at org.apache.ratis.thirdparty.io.grpc.ForwardingClientCallListener.onMessage(ForwardingClientCallListener.java:33)
	at org.apache.ratis.thirdparty.io.grpc.internal.ClientCallImpl$ClientStreamListenerImpl$1MessagesAvailable.runInContext(ClientCallImpl.java:519)
	at org.apache.ratis.thirdparty.io.grpc.internal.ContextRunnable.run(ContextRunnable.java:37)
	at org.apache.ratis.thirdparty.io.grpc.internal.SerializingExecutor.run(SerializingExecutor.java:123)
	at java.util.concurrent.ThreadPoolExecutor.runWorker(ThreadPoolExecutor.java:1149)
	at java.util.concurrent.ThreadPoolExecutor$Worker.run(ThreadPoolExecutor.java:624)
	at java.lang.Thread.run(Thread.java:748)
Caused by: org.apache.ratis.protocol.NotLeaderException: Server 4de51c34-1414-4a57-9393-191db81f912b@group-AE34B9F6167B is not the leader
	at org.apache.ratis.client.impl.ClientProtoUtils.toRaftClientReply(ClientProtoUtils.java:243)
	at org.apache.ratis.grpc.client.GrpcClientProtocolClient$AsyncStreamObservers$1.onNext(GrpcClientProtocolClient.java:263)
	... 10 more
</error>
    <system-out><![CDATA[2019-09-27 11:50:52,844 [main] WARN  server.ServerUtils (ServerUtils.java:getScmDbDir(145)) - ozone.scm.db.dirs is not configured. We recommend adding this setting. Falling back to ozone.metadata.dirs instead.
2019-09-27 11:50:52,877 [main] WARN  server.ServerUtils (ServerUtils.java:getScmDbDir(145)) - ozone.scm.db.dirs is not configured. We recommend adding this setting. Falling back to ozone.metadata.dirs instead.
2019-09-27 11:50:52,877 [main] WARN  server.ServerUtils (ServerUtils.java:getScmDbDir(145)) - ozone.scm.db.dirs is not configured. We recommend adding this setting. Falling back to ozone.metadata.dirs instead.
2019-09-27 11:50:52,878 [main] INFO  db.DBStoreBuilder (DBStoreBuilder.java:addTable(110)) - using custom profile for table: deletedBlocks
2019-09-27 11:50:52,878 [main] INFO  db.DBStoreBuilder (DBStoreBuilder.java:processTables(161)) - Using default column profile:DBProfile.DISK for Table:deletedBlocks
2019-09-27 11:50:52,878 [main] INFO  db.DBStoreBuilder (DBStoreBuilder.java:addTable(110)) - using custom profile for table: validCerts
2019-09-27 11:50:52,878 [main] INFO  db.DBStoreBuilder (DBStoreBuilder.java:processTables(161)) - Using default column profile:DBProfile.DISK for Table:validCerts
2019-09-27 11:50:52,878 [main] INFO  db.DBStoreBuilder (DBStoreBuilder.java:addTable(110)) - using custom profile for table: revokedCerts
2019-09-27 11:50:52,879 [main] INFO  db.DBStoreBuilder (DBStoreBuilder.java:processTables(161)) - Using default column profile:DBProfile.DISK for Table:revokedCerts
2019-09-27 11:50:52,879 [main] INFO  db.DBStoreBuilder (DBStoreBuilder.java:addTable(110)) - using custom profile for table: default
2019-09-27 11:50:52,879 [main] INFO  db.DBStoreBuilder (DBStoreBuilder.java:processTables(167)) - Using default column profile:DBProfile.DISK for Table:default
2019-09-27 11:50:52,879 [main] INFO  db.DBStoreBuilder (DBStoreBuilder.java:getDbProfile(198)) - Using default options. DBProfile.DISK
2019-09-27 11:50:53,237 [main] INFO  net.NodeSchemaLoader (NodeSchemaLoader.java:loadSchemaFromFile(125)) - Loading file from sun.misc.CompoundEnumeration@756aadfc
2019-09-27 11:50:53,237 [main] INFO  net.NodeSchemaLoader (NodeSchemaLoader.java:loadSchema(171)) - Loading network topology layer schema file
2019-09-27 11:50:53,242 [main] WARN  server.ServerUtils (ServerUtils.java:sanitizeUserArgs(70)) - ozone.scm.stale.node.interval value = 300000 is larger than max = 100000 based on the key value of ozone.scm.heartbeat.thread.interval, reset to the max value 100000.
2019-09-27 11:50:53,242 [main] WARN  server.ServerUtils (ServerUtils.java:sanitizeUserArgs(70)) - ozone.scm.stale.node.interval value = 300000 is larger than max = 100000 based on the key value of ozone.scm.heartbeat.thread.interval, reset to the max value 100000.
2019-09-27 11:50:53,242 [main] INFO  node.SCMNodeManager (SCMNodeManager.java:<init>(114)) - Entering startup safe mode.
2019-09-27 11:50:53,243 [main] INFO  algorithms.ContainerPlacementPolicyFactory (ContainerPlacementPolicyFactory.java:getPolicy(57)) - Create container placement policy of type org.apache.hadoop.hdds.scm.container.placement.algorithms.SCMContainerPlacementRandom
2019-09-27 11:50:53,244 [main] WARN  server.ServerUtils (ServerUtils.java:getScmDbDir(145)) - ozone.scm.db.dirs is not configured. We recommend adding this setting. Falling back to ozone.metadata.dirs instead.
2019-09-27 11:50:53,306 [main] INFO  pipeline.SCMPipelineManager (SCMPipelineManager.java:initializePipelineState(132)) - No pipeline exists in current db
2019-09-27 11:50:53,307 [main] WARN  server.ServerUtils (ServerUtils.java:getScmDbDir(145)) - ozone.scm.db.dirs is not configured. We recommend adding this setting. Falling back to ozone.metadata.dirs instead.
2019-09-27 11:50:53,413 [main] WARN  events.EventQueue (EventQueue.java:fireEvent(183)) - No event handler registered for event TypedEvent{payloadType=SafeModeStatus, name='SafeModeStatus'}
2019-09-27 11:50:53,414 [main] INFO  ipc.CallQueueManager (CallQueueManager.java:<init>(84)) - Using callQueue: class java.util.concurrent.LinkedBlockingQueue, queueCapacity: 2000, scheduler: class org.apache.hadoop.ipc.DefaultRpcScheduler, ipcBackoff: false.
2019-09-27 11:50:53,415 [Socket Reader #1 for port 38072] INFO  ipc.Server (Server.java:run(1074)) - Starting Socket Reader #1 for port 38072
2019-09-27 11:50:53,417 [main] INFO  ipc.CallQueueManager (CallQueueManager.java:<init>(84)) - Using callQueue: class java.util.concurrent.LinkedBlockingQueue, queueCapacity: 2000, scheduler: class org.apache.hadoop.ipc.DefaultRpcScheduler, ipcBackoff: false.
2019-09-27 11:50:53,418 [Socket Reader #1 for port 46794] INFO  ipc.Server (Server.java:run(1074)) - Starting Socket Reader #1 for port 46794
2019-09-27 11:50:53,420 [main] INFO  ipc.CallQueueManager (CallQueueManager.java:<init>(84)) - Using callQueue: class java.util.concurrent.LinkedBlockingQueue, queueCapacity: 2000, scheduler: class org.apache.hadoop.ipc.DefaultRpcScheduler, ipcBackoff: false.
2019-09-27 11:50:53,421 [Socket Reader #1 for port 34944] INFO  ipc.Server (Server.java:run(1074)) - Starting Socket Reader #1 for port 34944
2019-09-27 11:50:53,423 [main] INFO  hdfs.DFSUtil (DFSUtil.java:httpServerTemplateForNNAndJN(1641)) - Starting Web-server for scm at: http://0.0.0.0:0
2019-09-27 11:50:53,424 [main] INFO  server.AuthenticationFilter (AuthenticationFilter.java:constructSecretProvider(240)) - Unable to initialize FileSignerSecretProvider, falling back to use random secrets.
2019-09-27 11:50:53,425 [main] WARN  http.HttpRequestLog (HttpRequestLog.java:getRequestLog(97)) - Jetty request log can only be enabled using Log4j
2019-09-27 11:50:53,427 [main] INFO  http.HttpServer2 (HttpServer2.java:addGlobalFilter(975)) - Added global filter 'safety' (class=org.apache.hadoop.http.HttpServer2$QuotingInputFilter)
2019-09-27 11:50:53,428 [main] INFO  http.HttpServer2 (HttpServer2.java:addFilter(948)) - Added filter static_user_filter (class=org.apache.hadoop.http.lib.StaticUserWebFilter$StaticUserFilter) to context scm
2019-09-27 11:50:53,428 [main] INFO  http.HttpServer2 (HttpServer2.java:addFilter(958)) - Added filter static_user_filter (class=org.apache.hadoop.http.lib.StaticUserWebFilter$StaticUserFilter) to context static
2019-09-27 11:50:53,428 [main] INFO  http.HttpServer2 (HttpServer2.java:addFilter(958)) - Added filter static_user_filter (class=org.apache.hadoop.http.lib.StaticUserWebFilter$StaticUserFilter) to context logs
2019-09-27 11:50:53,431 [main] INFO  server.StorageContainerManager (StorageContainerManager.java:start(770)) - StorageContainerLocationProtocol RPC server is listening at /0.0.0.0:34944
2019-09-27 11:50:53,433 [main] WARN  impl.MetricsConfig (MetricsConfig.java:loadFirst(134)) - Cannot locate configuration: tried hadoop-metrics2-storagecontainermanager.properties,hadoop-metrics2.properties
2019-09-27 11:50:53,434 [main] INFO  impl.MetricsSystemImpl (MetricsSystemImpl.java:startTimer(374)) - Scheduled Metric snapshot period at 10 second(s).
2019-09-27 11:50:53,434 [main] INFO  impl.MetricsSystemImpl (MetricsSystemImpl.java:start(191)) - StorageContainerManager metrics system started
2019-09-27 11:50:53,469 [main] WARN  impl.MetricsSystemImpl (MetricsSystemImpl.java:register(276)) - Sink prometheus already exists!
2019-09-27 11:50:53,473 [main] INFO  server.SCMClientProtocolServer (SCMClientProtocolServer.java:start(150)) - RPC server for Client  is listening at /0.0.0.0:34944
2019-09-27 11:50:53,474 [IPC Server Responder] INFO  ipc.Server (Server.java:run(1314)) - IPC Server Responder: starting
2019-09-27 11:50:53,474 [IPC Server listener on 34944] INFO  ipc.Server (Server.java:run(1153)) - IPC Server listener on 34944: starting
2019-09-27 11:50:53,477 [main] INFO  server.StorageContainerManager (StorageContainerManager.java:start(780)) - ScmBlockLocationProtocol RPC server is listening at /0.0.0.0:46794
2019-09-27 11:50:53,477 [main] INFO  server.SCMBlockProtocolServer (SCMBlockProtocolServer.java:start(146)) - RPC server for Block Protocol is listening at /0.0.0.0:46794
2019-09-27 11:50:53,478 [IPC Server Responder] INFO  ipc.Server (Server.java:run(1314)) - IPC Server Responder: starting
2019-09-27 11:50:53,478 [IPC Server listener on 46794] INFO  ipc.Server (Server.java:run(1153)) - IPC Server listener on 46794: starting
2019-09-27 11:50:53,481 [main] INFO  server.StorageContainerManager (StorageContainerManager.java:start(784)) - ScmDatanodeProtocl RPC server is listening at /0.0.0.0:38072
2019-09-27 11:50:53,481 [main] INFO  server.SCMDatanodeProtocolServer (SCMDatanodeProtocolServer.java:start(191)) - RPC server for DataNodes is listening at /0.0.0.0:38072
2019-09-27 11:50:53,481 [IPC Server Responder] INFO  ipc.Server (Server.java:run(1314)) - IPC Server Responder: starting
2019-09-27 11:50:53,482 [IPC Server listener on 38072] INFO  ipc.Server (Server.java:run(1153)) - IPC Server listener on 38072: starting
2019-09-27 11:50:53,485 [main] INFO  http.HttpServer2 (HttpServer2.java:bindListener(1191)) - Jetty bound to port 42035
2019-09-27 11:50:53,485 [main] INFO  server.Server (Server.java:doStart(351)) - jetty-9.3.25.v20180904, build timestamp: 2018-09-04T21:11:46Z, git hash: 3ce520221d0240229c862b122d2b06c12a625732
2019-09-27 11:50:53,486 [main] INFO  handler.ContextHandler (ContextHandler.java:doStart(781)) - Started o.e.j.s.ServletContextHandler@5c7dfc05{/logs,file:///workdir/hadoop-ozone/integration-test/target/log,AVAILABLE}
2019-09-27 11:50:53,487 [main] INFO  handler.ContextHandler (ContextHandler.java:doStart(781)) - Started o.e.j.s.ServletContextHandler@3d0cac1f{/static,file:///workdir/hadoop-ozone/integration-test/target/test-classes/webapps/static,AVAILABLE}
2019-09-27 11:50:53,491 [main] INFO  handler.ContextHandler (ContextHandler.java:doStart(781)) - Started o.e.j.w.WebAppContext@3625a016{/,file:///workdir/hadoop-ozone/integration-test/target/test-classes/webapps/scm/,AVAILABLE}{/scm}
2019-09-27 11:50:53,492 [main] INFO  server.AbstractConnector (AbstractConnector.java:doStart(278)) - Started ServerConnector@267cde2e{HTTP/1.1,[http/1.1]}{0.0.0.0:42035}
2019-09-27 11:50:53,492 [main] INFO  server.Server (Server.java:doStart(419)) - Started @76061ms
2019-09-27 11:50:53,492 [main] WARN  impl.MetricsSystemImpl (MetricsSystemImpl.java:register(276)) - Sink prometheus already exists!
2019-09-27 11:50:53,493 [main] INFO  server.BaseHttpServer (BaseHttpServer.java:updateConnectorAddress(215)) - HTTP server of SCM is listening at http://0.0.0.0:42035
2019-09-27 11:50:53,493 [main] WARN  server.ServerUtils (ServerUtils.java:getDBPath(222)) - ozone.om.db.dirs is not configured. We recommend adding this setting. Falling back to ozone.metadata.dirs instead.
2019-09-27 11:50:53,494 [org.apache.hadoop.util.JvmPauseMonitor$Monitor@56dd6efa] INFO  util.JvmPauseMonitor (JvmPauseMonitor.java:run(188)) - Starting JVM pause monitor
2019-09-27 11:50:53,517 [main] WARN  server.ServerUtils (ServerUtils.java:getDBPath(222)) - ozone.om.db.dirs is not configured. We recommend adding this setting. Falling back to ozone.metadata.dirs instead.
2019-09-27 11:50:53,517 [main] WARN  server.ServerUtils (ServerUtils.java:getDBPath(222)) - ozone.om.db.dirs is not configured. We recommend adding this setting. Falling back to ozone.metadata.dirs instead.
2019-09-27 11:50:53,518 [main] INFO  om.OzoneManager (OzoneManager.java:setOMNodeDetails(652)) - OM Service ID is not set. Setting it to the default ID: omServiceIdDefault
2019-09-27 11:50:53,518 [main] INFO  om.OzoneManager (OzoneManager.java:setOMNodeDetails(658)) - OM Node ID is not set. Setting it to the OmStorage's OmID: 8f5b2fe3-ae7d-457d-b5e1-5d2b30995391
2019-09-27 11:50:53,518 [main] INFO  om.OzoneManager (OzoneManager.java:loadOMHAConfigs(609)) - Found matching OM address with OMServiceId: null, OMNodeId: null, RPC Address: localhost:0 and Ratis port: 9872
2019-09-27 11:50:53,525 [main] WARN  server.ServerUtils (ServerUtils.java:getDBPath(222)) - ozone.om.db.dirs is not configured. We recommend adding this setting. Falling back to ozone.metadata.dirs instead.
2019-09-27 11:50:53,525 [main] INFO  db.DBStoreBuilder (DBStoreBuilder.java:addTable(110)) - using custom profile for table: userTable
2019-09-27 11:50:53,525 [main] INFO  db.DBStoreBuilder (DBStoreBuilder.java:processTables(161)) - Using default column profile:DBProfile.DISK for Table:userTable
2019-09-27 11:50:53,526 [main] INFO  db.DBStoreBuilder (DBStoreBuilder.java:addTable(110)) - using custom profile for table: volumeTable
2019-09-27 11:50:53,526 [main] INFO  db.DBStoreBuilder (DBStoreBuilder.java:processTables(161)) - Using default column profile:DBProfile.DISK for Table:volumeTable
2019-09-27 11:50:53,526 [main] INFO  db.DBStoreBuilder (DBStoreBuilder.java:addTable(110)) - using custom profile for table: bucketTable
2019-09-27 11:50:53,526 [main] INFO  db.DBStoreBuilder (DBStoreBuilder.java:processTables(161)) - Using default column profile:DBProfile.DISK for Table:bucketTable
2019-09-27 11:50:53,527 [main] INFO  db.DBStoreBuilder (DBStoreBuilder.java:addTable(110)) - using custom profile for table: keyTable
2019-09-27 11:50:53,527 [main] INFO  db.DBStoreBuilder (DBStoreBuilder.java:processTables(161)) - Using default column profile:DBProfile.DISK for Table:keyTable
2019-09-27 11:50:53,527 [main] INFO  db.DBStoreBuilder (DBStoreBuilder.java:addTable(110)) - using custom profile for table: deletedTable
2019-09-27 11:50:53,527 [main] INFO  db.DBStoreBuilder (DBStoreBuilder.java:processTables(161)) - Using default column profile:DBProfile.DISK for Table:deletedTable
2019-09-27 11:50:53,528 [main] INFO  db.DBStoreBuilder (DBStoreBuilder.java:addTable(110)) - using custom profile for table: openKeyTable
2019-09-27 11:50:53,528 [main] INFO  db.DBStoreBuilder (DBStoreBuilder.java:processTables(161)) - Using default column profile:DBProfile.DISK for Table:openKeyTable
2019-09-27 11:50:53,528 [main] INFO  db.DBStoreBuilder (DBStoreBuilder.java:addTable(110)) - using custom profile for table: s3Table
2019-09-27 11:50:53,528 [main] INFO  db.DBStoreBuilder (DBStoreBuilder.java:processTables(161)) - Using default column profile:DBProfile.DISK for Table:s3Table
2019-09-27 11:50:53,529 [main] INFO  db.DBStoreBuilder (DBStoreBuilder.java:addTable(110)) - using custom profile for table: multipartInfoTable
2019-09-27 11:50:53,529 [main] INFO  db.DBStoreBuilder (DBStoreBuilder.java:processTables(161)) - Using default column profile:DBProfile.DISK for Table:multipartInfoTable
2019-09-27 11:50:53,529 [main] INFO  db.DBStoreBuilder (DBStoreBuilder.java:addTable(110)) - using custom profile for table: dTokenTable
2019-09-27 11:50:53,529 [main] INFO  db.DBStoreBuilder (DBStoreBuilder.java:processTables(161)) - Using default column profile:DBProfile.DISK for Table:dTokenTable
2019-09-27 11:50:53,530 [main] INFO  db.DBStoreBuilder (DBStoreBuilder.java:addTable(110)) - using custom profile for table: s3SecretTable
2019-09-27 11:50:53,530 [main] INFO  db.DBStoreBuilder (DBStoreBuilder.java:processTables(161)) - Using default column profile:DBProfile.DISK for Table:s3SecretTable
2019-09-27 11:50:53,530 [main] INFO  db.DBStoreBuilder (DBStoreBuilder.java:addTable(110)) - using custom profile for table: prefixTable
2019-09-27 11:50:53,531 [main] INFO  db.DBStoreBuilder (DBStoreBuilder.java:processTables(161)) - Using default column profile:DBProfile.DISK for Table:prefixTable
2019-09-27 11:50:53,531 [main] INFO  db.DBStoreBuilder (DBStoreBuilder.java:addTable(110)) - using custom profile for table: default
2019-09-27 11:50:53,531 [main] INFO  db.DBStoreBuilder (DBStoreBuilder.java:processTables(167)) - Using default column profile:DBProfile.DISK for Table:default
2019-09-27 11:50:53,531 [main] INFO  db.DBStoreBuilder (DBStoreBuilder.java:getDbProfile(198)) - Using default options. DBProfile.DISK
2019-09-27 11:50:54,470 [main] INFO  ipc.CallQueueManager (CallQueueManager.java:<init>(84)) - Using callQueue: class java.util.concurrent.LinkedBlockingQueue, queueCapacity: 2000, scheduler: class org.apache.hadoop.ipc.DefaultRpcScheduler, ipcBackoff: false.
2019-09-27 11:50:54,471 [Socket Reader #1 for port 44344] INFO  ipc.Server (Server.java:run(1074)) - Starting Socket Reader #1 for port 44344
2019-09-27 11:50:54,492 [main] INFO  om.OzoneManager (OzoneManager.java:start(1243)) - OzoneManager RPC server is listening at localhost/127.0.0.1:44344
2019-09-27 11:50:54,492 [main] INFO  impl.MetricsSystemImpl (MetricsSystemImpl.java:init(158)) - OzoneManager metrics system started (again)
2019-09-27 11:50:54,493 [IPC Server Responder] INFO  ipc.Server (Server.java:run(1314)) - IPC Server Responder: starting
2019-09-27 11:50:54,494 [IPC Server listener on 44344] INFO  ipc.Server (Server.java:run(1153)) - IPC Server listener on 44344: starting
2019-09-27 11:50:54,499 [main] INFO  hdfs.DFSUtil (DFSUtil.java:httpServerTemplateForNNAndJN(1641)) - Starting Web-server for ozoneManager at: http://0.0.0.0:0
2019-09-27 11:50:54,501 [main] INFO  server.AuthenticationFilter (AuthenticationFilter.java:constructSecretProvider(240)) - Unable to initialize FileSignerSecretProvider, falling back to use random secrets.
2019-09-27 11:50:54,502 [main] WARN  http.HttpRequestLog (HttpRequestLog.java:getRequestLog(97)) - Jetty request log can only be enabled using Log4j
2019-09-27 11:50:54,505 [main] INFO  http.HttpServer2 (HttpServer2.java:addGlobalFilter(975)) - Added global filter 'safety' (class=org.apache.hadoop.http.HttpServer2$QuotingInputFilter)
2019-09-27 11:50:54,506 [main] INFO  http.HttpServer2 (HttpServer2.java:addFilter(948)) - Added filter static_user_filter (class=org.apache.hadoop.http.lib.StaticUserWebFilter$StaticUserFilter) to context ozoneManager
2019-09-27 11:50:54,506 [main] INFO  http.HttpServer2 (HttpServer2.java:addFilter(958)) - Added filter static_user_filter (class=org.apache.hadoop.http.lib.StaticUserWebFilter$StaticUserFilter) to context logs
2019-09-27 11:50:54,507 [main] INFO  http.HttpServer2 (HttpServer2.java:addFilter(958)) - Added filter static_user_filter (class=org.apache.hadoop.http.lib.StaticUserWebFilter$StaticUserFilter) to context static
2019-09-27 11:50:54,508 [main] INFO  http.HttpServer2 (HttpServer2.java:bindListener(1191)) - Jetty bound to port 46290
2019-09-27 11:50:54,508 [main] INFO  server.Server (Server.java:doStart(351)) - jetty-9.3.25.v20180904, build timestamp: 2018-09-04T21:11:46Z, git hash: 3ce520221d0240229c862b122d2b06c12a625732
2019-09-27 11:50:54,510 [main] INFO  handler.ContextHandler (ContextHandler.java:doStart(781)) - Started o.e.j.s.ServletContextHandler@273a5a8a{/logs,file:///workdir/hadoop-ozone/integration-test/target/log,AVAILABLE}
2019-09-27 11:50:54,511 [main] INFO  handler.ContextHandler (ContextHandler.java:doStart(781)) - Started o.e.j.s.ServletContextHandler@5b5dce5c{/static,file:///workdir/hadoop-ozone/integration-test/target/test-classes/webapps/static,AVAILABLE}
2019-09-27 11:50:54,516 [main] INFO  handler.ContextHandler (ContextHandler.java:doStart(781)) - Started o.e.j.w.WebAppContext@5584d9c6{/,file:///workdir/hadoop-ozone/integration-test/target/test-classes/webapps/ozoneManager/,AVAILABLE}{/ozoneManager}
2019-09-27 11:50:54,516 [main] INFO  server.AbstractConnector (AbstractConnector.java:doStart(278)) - Started ServerConnector@3c9c6245{HTTP/1.1,[http/1.1]}{0.0.0.0:46290}
2019-09-27 11:50:54,517 [main] INFO  server.Server (Server.java:doStart(419)) - Started @77086ms
2019-09-27 11:50:54,517 [main] WARN  impl.MetricsSystemImpl (MetricsSystemImpl.java:register(276)) - Sink prometheus already exists!
2019-09-27 11:50:54,518 [main] INFO  server.BaseHttpServer (BaseHttpServer.java:updateConnectorAddress(215)) - HTTP server of OZONEMANAGER is listening at http://0.0.0.0:46290
2019-09-27 11:50:54,537 [main] INFO  impl.MetricsSystemImpl (MetricsSystemImpl.java:init(158)) - HddsDatanode metrics system started (again)
2019-09-27 11:50:54,540 [main] INFO  ozone.HddsDatanodeService (HddsDatanodeService.java:start(184)) - HddsDatanodeService host:pr-hdds-2166-8ptj5-2756111467 ip:192.168.30.19
2019-09-27 11:50:54,545 [main] INFO  volume.HddsVolume (HddsVolume.java:<init>(176)) - Creating Volume: /workdir/hadoop-ozone/integration-test/target/test-dir/MiniOzoneClusterImpl-3ca6fd23-a5ee-487c-a238-8e42847d24a4/datanode-0/data/containers/hdds of  storage type : DISK and capacity : 1482555576320
2019-09-27 11:50:54,545 [main] INFO  volume.VolumeSet (VolumeSet.java:initializeVolumeSet(170)) - Added Volume : /workdir/hadoop-ozone/integration-test/target/test-dir/MiniOzoneClusterImpl-3ca6fd23-a5ee-487c-a238-8e42847d24a4/datanode-0/data/containers/hdds to VolumeSet
2019-09-27 11:50:54,545 [main] INFO  volume.ThrottledAsyncChecker (ThrottledAsyncChecker.java:schedule(139)) - Scheduling a check for org.apache.hadoop.ozone.container.common.volume.HddsVolume@3b4a1a75
2019-09-27 11:50:54,546 [main] INFO  volume.HddsVolumeChecker (HddsVolumeChecker.java:checkAllVolumes(202)) - Scheduled health check for volume org.apache.hadoop.ozone.container.common.volume.HddsVolume@3b4a1a75
2019-09-27 11:50:54,562 [main] INFO  impl.RaftServerProxy (ConfUtils.java:logGet(43)) - raft.rpc.type = GRPC (default)
2019-09-27 11:50:54,562 [main] INFO  grpc.GrpcFactory (GrpcFactory.java:checkPooledByteBufAllocatorUseCacheForAllThreads(45)) - PERFORMANCE WARNING: useCacheForAllThreads is true that may cause Netty to create a lot garbage objects and, as a result, trigger GC.
	It is recommended to disable useCacheForAllThreads by setting -Dorg.apache.ratis.thirdparty.io.netty.allocator.useCacheForAllThreads=false in command line.
2019-09-27 11:50:54,562 [main] INFO  grpc.GrpcConfigKeys$Server (ConfUtils.java:logGet(43)) - raft.grpc.server.port = 0 (default)
2019-09-27 11:50:54,563 [main] INFO  server.GrpcService (ConfUtils.java:logGet(43)) - raft.grpc.message.size.max = 33570816 (custom)
2019-09-27 11:50:54,563 [main] INFO  server.RaftServerConfigKeys (ConfUtils.java:logGet(43)) - raft.server.log.appender.buffer.byte-limit = 33554432 (custom)
2019-09-27 11:50:54,563 [main] INFO  server.GrpcService (ConfUtils.java:logGet(43)) - raft.grpc.flow.control.window = 1MB (=1048576) (default)
2019-09-27 11:50:54,563 [main] INFO  server.RaftServerConfigKeys (ConfUtils.java:logGet(43)) - raft.server.rpc.request.timeout = 3000ms (default)
2019-09-27 11:50:54,564 [main] INFO  server.RaftServerConfigKeys (ConfUtils.java:logGet(43)) - raft.server.storage.dir = [/workdir/hadoop-ozone/integration-test/target/test-dir/MiniOzoneClusterImpl-3ca6fd23-a5ee-487c-a238-8e42847d24a4/datanode-0/data/ratis] (custom)
2019-09-27 11:50:54,565 [main] INFO  hdfs.DFSUtil (DFSUtil.java:httpServerTemplateForNNAndJN(1641)) - Starting Web-server for hddsDatanode at: http://0.0.0.0:0
2019-09-27 11:50:54,567 [main] INFO  server.AuthenticationFilter (AuthenticationFilter.java:constructSecretProvider(240)) - Unable to initialize FileSignerSecretProvider, falling back to use random secrets.
2019-09-27 11:50:54,567 [main] WARN  http.HttpRequestLog (HttpRequestLog.java:getRequestLog(97)) - Jetty request log can only be enabled using Log4j
2019-09-27 11:50:54,569 [main] INFO  http.HttpServer2 (HttpServer2.java:addGlobalFilter(975)) - Added global filter 'safety' (class=org.apache.hadoop.http.HttpServer2$QuotingInputFilter)
2019-09-27 11:50:54,569 [main] INFO  http.HttpServer2 (HttpServer2.java:addFilter(948)) - Added filter static_user_filter (class=org.apache.hadoop.http.lib.StaticUserWebFilter$StaticUserFilter) to context hddsDatanode
2019-09-27 11:50:54,569 [main] INFO  http.HttpServer2 (HttpServer2.java:addFilter(958)) - Added filter static_user_filter (class=org.apache.hadoop.http.lib.StaticUserWebFilter$StaticUserFilter) to context logs
2019-09-27 11:50:54,569 [main] INFO  http.HttpServer2 (HttpServer2.java:addFilter(958)) - Added filter static_user_filter (class=org.apache.hadoop.http.lib.StaticUserWebFilter$StaticUserFilter) to context static
2019-09-27 11:50:54,570 [main] INFO  http.HttpServer2 (HttpServer2.java:bindListener(1191)) - Jetty bound to port 33138
2019-09-27 11:50:54,570 [main] INFO  server.Server (Server.java:doStart(351)) - jetty-9.3.25.v20180904, build timestamp: 2018-09-04T21:11:46Z, git hash: 3ce520221d0240229c862b122d2b06c12a625732
2019-09-27 11:50:54,572 [main] INFO  handler.ContextHandler (ContextHandler.java:doStart(781)) - Started o.e.j.s.ServletContextHandler@58b5a2f3{/logs,file:///workdir/hadoop-ozone/integration-test/target/log,AVAILABLE}
2019-09-27 11:50:54,572 [main] INFO  handler.ContextHandler (ContextHandler.java:doStart(781)) - Started o.e.j.s.ServletContextHandler@52b46d52{/static,jar:file:/home/user/.m2/repository/org/apache/hadoop/hadoop-hdds-container-service/0.5.0-SNAPSHOT/hadoop-hdds-container-service-0.5.0-SNAPSHOT.jar!/webapps/static,AVAILABLE}
2019-09-27 11:50:54,602 [main] INFO  handler.ContextHandler (ContextHandler.java:doStart(781)) - Started o.e.j.w.WebAppContext@d902300{/,file:///tmp/jetty-0.0.0.0-33138-hddsDatanode-_-any-1890500420735908023.dir/webapp/,AVAILABLE}{/hddsDatanode}
2019-09-27 11:50:54,602 [main] INFO  server.AbstractConnector (AbstractConnector.java:doStart(278)) - Started ServerConnector@2db33feb{HTTP/1.1,[http/1.1]}{0.0.0.0:33138}
2019-09-27 11:50:54,604 [main] INFO  server.Server (Server.java:doStart(419)) - Started @77173ms
2019-09-27 11:50:54,604 [main] WARN  impl.MetricsSystemImpl (MetricsSystemImpl.java:register(276)) - Sink prometheus already exists!
2019-09-27 11:50:54,605 [main] INFO  server.BaseHttpServer (BaseHttpServer.java:updateConnectorAddress(215)) - HTTP server of HDDSDATANODE is listening at http://0.0.0.0:33138
2019-09-27 11:50:54,605 [main] INFO  impl.MetricsSystemImpl (MetricsSystemImpl.java:init(158)) - HddsDatanode metrics system started (again)
2019-09-27 11:50:54,610 [org.apache.hadoop.util.JvmPauseMonitor$Monitor@171f107e] INFO  util.JvmPauseMonitor (JvmPauseMonitor.java:run(188)) - Starting JVM pause monitor
2019-09-27 11:50:54,610 [main] INFO  ozone.HddsDatanodeService (HddsDatanodeService.java:start(184)) - HddsDatanodeService host:pr-hdds-2166-8ptj5-2756111467 ip:192.168.30.19
2019-09-27 11:50:54,612 [Datanode State Machine Thread - 0] INFO  datanode.InitDatanodeState (InitDatanodeState.java:persistContainerDatanodeDetails(140)) - DatanodeDetails is persisted to /workdir/hadoop-ozone/integration-test/target/test-dir/MiniOzoneClusterImpl-3ca6fd23-a5ee-487c-a238-8e42847d24a4/datanode-0/meta/datanode.id
2019-09-27 11:50:54,615 [main] INFO  volume.HddsVolume (HddsVolume.java:<init>(176)) - Creating Volume: /workdir/hadoop-ozone/integration-test/target/test-dir/MiniOzoneClusterImpl-3ca6fd23-a5ee-487c-a238-8e42847d24a4/datanode-1/data/containers/hdds of  storage type : DISK and capacity : 1482555576320
2019-09-27 11:50:54,615 [main] INFO  volume.VolumeSet (VolumeSet.java:initializeVolumeSet(170)) - Added Volume : /workdir/hadoop-ozone/integration-test/target/test-dir/MiniOzoneClusterImpl-3ca6fd23-a5ee-487c-a238-8e42847d24a4/datanode-1/data/containers/hdds to VolumeSet
2019-09-27 11:50:54,615 [main] INFO  volume.ThrottledAsyncChecker (ThrottledAsyncChecker.java:schedule(139)) - Scheduling a check for org.apache.hadoop.ozone.container.common.volume.HddsVolume@64c781a9
2019-09-27 11:50:54,616 [main] INFO  volume.HddsVolumeChecker (HddsVolumeChecker.java:checkAllVolumes(202)) - Scheduled health check for volume org.apache.hadoop.ozone.container.common.volume.HddsVolume@64c781a9
2019-09-27 11:50:54,627 [main] INFO  impl.RaftServerProxy (ConfUtils.java:logGet(43)) - raft.rpc.type = GRPC (default)
2019-09-27 11:50:54,627 [main] INFO  grpc.GrpcFactory (GrpcFactory.java:checkPooledByteBufAllocatorUseCacheForAllThreads(45)) - PERFORMANCE WARNING: useCacheForAllThreads is true that may cause Netty to create a lot garbage objects and, as a result, trigger GC.
	It is recommended to disable useCacheForAllThreads by setting -Dorg.apache.ratis.thirdparty.io.netty.allocator.useCacheForAllThreads=false in command line.
2019-09-27 11:50:54,627 [main] INFO  grpc.GrpcConfigKeys$Server (ConfUtils.java:logGet(43)) - raft.grpc.server.port = 0 (default)
2019-09-27 11:50:54,627 [main] INFO  server.GrpcService (ConfUtils.java:logGet(43)) - raft.grpc.message.size.max = 33570816 (custom)
2019-09-27 11:50:54,628 [main] INFO  server.RaftServerConfigKeys (ConfUtils.java:logGet(43)) - raft.server.log.appender.buffer.byte-limit = 33554432 (custom)
2019-09-27 11:50:54,628 [main] INFO  server.GrpcService (ConfUtils.java:logGet(43)) - raft.grpc.flow.control.window = 1MB (=1048576) (default)
2019-09-27 11:50:54,628 [main] INFO  server.RaftServerConfigKeys (ConfUtils.java:logGet(43)) - raft.server.rpc.request.timeout = 3000ms (default)
2019-09-27 11:50:54,628 [main] INFO  server.RaftServerConfigKeys (ConfUtils.java:logGet(43)) - raft.server.storage.dir = [/workdir/hadoop-ozone/integration-test/target/test-dir/MiniOzoneClusterImpl-3ca6fd23-a5ee-487c-a238-8e42847d24a4/datanode-1/data/ratis] (custom)
2019-09-27 11:50:54,630 [main] INFO  hdfs.DFSUtil (DFSUtil.java:httpServerTemplateForNNAndJN(1641)) - Starting Web-server for hddsDatanode at: http://0.0.0.0:0
2019-09-27 11:50:54,631 [main] INFO  server.AuthenticationFilter (AuthenticationFilter.java:constructSecretProvider(240)) - Unable to initialize FileSignerSecretProvider, falling back to use random secrets.
2019-09-27 11:50:54,632 [main] WARN  http.HttpRequestLog (HttpRequestLog.java:getRequestLog(97)) - Jetty request log can only be enabled using Log4j
2019-09-27 11:50:54,633 [main] INFO  http.HttpServer2 (HttpServer2.java:addGlobalFilter(975)) - Added global filter 'safety' (class=org.apache.hadoop.http.HttpServer2$QuotingInputFilter)
2019-09-27 11:50:54,634 [main] INFO  http.HttpServer2 (HttpServer2.java:addFilter(948)) - Added filter static_user_filter (class=org.apache.hadoop.http.lib.StaticUserWebFilter$StaticUserFilter) to context hddsDatanode
2019-09-27 11:50:54,634 [main] INFO  http.HttpServer2 (HttpServer2.java:addFilter(958)) - Added filter static_user_filter (class=org.apache.hadoop.http.lib.StaticUserWebFilter$StaticUserFilter) to context logs
2019-09-27 11:50:54,634 [main] INFO  http.HttpServer2 (HttpServer2.java:addFilter(958)) - Added filter static_user_filter (class=org.apache.hadoop.http.lib.StaticUserWebFilter$StaticUserFilter) to context static
2019-09-27 11:50:54,635 [main] INFO  http.HttpServer2 (HttpServer2.java:bindListener(1191)) - Jetty bound to port 34698
2019-09-27 11:50:54,635 [main] INFO  server.Server (Server.java:doStart(351)) - jetty-9.3.25.v20180904, build timestamp: 2018-09-04T21:11:46Z, git hash: 3ce520221d0240229c862b122d2b06c12a625732
2019-09-27 11:50:54,636 [main] INFO  handler.ContextHandler (ContextHandler.java:doStart(781)) - Started o.e.j.s.ServletContextHandler@430b2699{/logs,file:///workdir/hadoop-ozone/integration-test/target/log,AVAILABLE}
2019-09-27 11:50:54,637 [main] INFO  handler.ContextHandler (ContextHandler.java:doStart(781)) - Started o.e.j.s.ServletContextHandler@6413d7e7{/static,jar:file:/home/user/.m2/repository/org/apache/hadoop/hadoop-hdds-container-service/0.5.0-SNAPSHOT/hadoop-hdds-container-service-0.5.0-SNAPSHOT.jar!/webapps/static,AVAILABLE}
2019-09-27 11:50:54,668 [main] INFO  handler.ContextHandler (ContextHandler.java:doStart(781)) - Started o.e.j.w.WebAppContext@28a9494b{/,file:///tmp/jetty-0.0.0.0-34698-hddsDatanode-_-any-25547854011875305.dir/webapp/,AVAILABLE}{/hddsDatanode}
2019-09-27 11:50:54,669 [main] INFO  server.AbstractConnector (AbstractConnector.java:doStart(278)) - Started ServerConnector@a09303{HTTP/1.1,[http/1.1]}{0.0.0.0:34698}
2019-09-27 11:50:54,669 [main] INFO  server.Server (Server.java:doStart(419)) - Started @77238ms
2019-09-27 11:50:54,669 [main] WARN  impl.MetricsSystemImpl (MetricsSystemImpl.java:register(276)) - Sink prometheus already exists!
2019-09-27 11:50:54,670 [main] INFO  server.BaseHttpServer (BaseHttpServer.java:updateConnectorAddress(215)) - HTTP server of HDDSDATANODE is listening at http://0.0.0.0:34698
2019-09-27 11:50:54,670 [main] INFO  impl.MetricsSystemImpl (MetricsSystemImpl.java:init(158)) - HddsDatanode metrics system started (again)
2019-09-27 11:50:54,673 [org.apache.hadoop.util.JvmPauseMonitor$Monitor@7aba2e50] INFO  util.JvmPauseMonitor (JvmPauseMonitor.java:run(188)) - Starting JVM pause monitor
2019-09-27 11:50:54,674 [main] INFO  ozone.HddsDatanodeService (HddsDatanodeService.java:start(184)) - HddsDatanodeService host:pr-hdds-2166-8ptj5-2756111467 ip:192.168.30.19
2019-09-27 11:50:54,674 [Datanode State Machine Thread - 0] INFO  datanode.InitDatanodeState (InitDatanodeState.java:persistContainerDatanodeDetails(140)) - DatanodeDetails is persisted to /workdir/hadoop-ozone/integration-test/target/test-dir/MiniOzoneClusterImpl-3ca6fd23-a5ee-487c-a238-8e42847d24a4/datanode-1/meta/datanode.id
2019-09-27 11:50:54,678 [main] INFO  volume.HddsVolume (HddsVolume.java:<init>(176)) - Creating Volume: /workdir/hadoop-ozone/integration-test/target/test-dir/MiniOzoneClusterImpl-3ca6fd23-a5ee-487c-a238-8e42847d24a4/datanode-2/data/containers/hdds of  storage type : DISK and capacity : 1482555576320
2019-09-27 11:50:54,678 [main] INFO  volume.VolumeSet (VolumeSet.java:initializeVolumeSet(170)) - Added Volume : /workdir/hadoop-ozone/integration-test/target/test-dir/MiniOzoneClusterImpl-3ca6fd23-a5ee-487c-a238-8e42847d24a4/datanode-2/data/containers/hdds to VolumeSet
2019-09-27 11:50:54,679 [main] INFO  volume.ThrottledAsyncChecker (ThrottledAsyncChecker.java:schedule(139)) - Scheduling a check for org.apache.hadoop.ozone.container.common.volume.HddsVolume@696db620
2019-09-27 11:50:54,679 [main] INFO  volume.HddsVolumeChecker (HddsVolumeChecker.java:checkAllVolumes(202)) - Scheduled health check for volume org.apache.hadoop.ozone.container.common.volume.HddsVolume@696db620
2019-09-27 11:50:54,690 [main] INFO  impl.RaftServerProxy (ConfUtils.java:logGet(43)) - raft.rpc.type = GRPC (default)
2019-09-27 11:50:54,690 [main] INFO  grpc.GrpcFactory (GrpcFactory.java:checkPooledByteBufAllocatorUseCacheForAllThreads(45)) - PERFORMANCE WARNING: useCacheForAllThreads is true that may cause Netty to create a lot garbage objects and, as a result, trigger GC.
	It is recommended to disable useCacheForAllThreads by setting -Dorg.apache.ratis.thirdparty.io.netty.allocator.useCacheForAllThreads=false in command line.
2019-09-27 11:50:54,691 [main] INFO  grpc.GrpcConfigKeys$Server (ConfUtils.java:logGet(43)) - raft.grpc.server.port = 0 (default)
2019-09-27 11:50:54,691 [main] INFO  server.GrpcService (ConfUtils.java:logGet(43)) - raft.grpc.message.size.max = 33570816 (custom)
2019-09-27 11:50:54,691 [main] INFO  server.RaftServerConfigKeys (ConfUtils.java:logGet(43)) - raft.server.log.appender.buffer.byte-limit = 33554432 (custom)
2019-09-27 11:50:54,691 [main] INFO  server.GrpcService (ConfUtils.java:logGet(43)) - raft.grpc.flow.control.window = 1MB (=1048576) (default)
2019-09-27 11:50:54,691 [main] INFO  server.RaftServerConfigKeys (ConfUtils.java:logGet(43)) - raft.server.rpc.request.timeout = 3000ms (default)
2019-09-27 11:50:54,692 [main] INFO  server.RaftServerConfigKeys (ConfUtils.java:logGet(43)) - raft.server.storage.dir = [/workdir/hadoop-ozone/integration-test/target/test-dir/MiniOzoneClusterImpl-3ca6fd23-a5ee-487c-a238-8e42847d24a4/datanode-2/data/ratis] (custom)
2019-09-27 11:50:54,693 [main] INFO  hdfs.DFSUtil (DFSUtil.java:httpServerTemplateForNNAndJN(1641)) - Starting Web-server for hddsDatanode at: http://0.0.0.0:0
2019-09-27 11:50:54,694 [main] INFO  server.AuthenticationFilter (AuthenticationFilter.java:constructSecretProvider(240)) - Unable to initialize FileSignerSecretProvider, falling back to use random secrets.
2019-09-27 11:50:54,694 [main] WARN  http.HttpRequestLog (HttpRequestLog.java:getRequestLog(97)) - Jetty request log can only be enabled using Log4j
2019-09-27 11:50:54,695 [main] INFO  http.HttpServer2 (HttpServer2.java:addGlobalFilter(975)) - Added global filter 'safety' (class=org.apache.hadoop.http.HttpServer2$QuotingInputFilter)
2019-09-27 11:50:54,697 [main] INFO  http.HttpServer2 (HttpServer2.java:addFilter(948)) - Added filter static_user_filter (class=org.apache.hadoop.http.lib.StaticUserWebFilter$StaticUserFilter) to context hddsDatanode
2019-09-27 11:50:54,697 [main] INFO  http.HttpServer2 (HttpServer2.java:addFilter(958)) - Added filter static_user_filter (class=org.apache.hadoop.http.lib.StaticUserWebFilter$StaticUserFilter) to context logs
2019-09-27 11:50:54,697 [main] INFO  http.HttpServer2 (HttpServer2.java:addFilter(958)) - Added filter static_user_filter (class=org.apache.hadoop.http.lib.StaticUserWebFilter$StaticUserFilter) to context static
2019-09-27 11:50:54,698 [main] INFO  http.HttpServer2 (HttpServer2.java:bindListener(1191)) - Jetty bound to port 36184
2019-09-27 11:50:54,698 [main] INFO  server.Server (Server.java:doStart(351)) - jetty-9.3.25.v20180904, build timestamp: 2018-09-04T21:11:46Z, git hash: 3ce520221d0240229c862b122d2b06c12a625732
2019-09-27 11:50:54,700 [main] INFO  handler.ContextHandler (ContextHandler.java:doStart(781)) - Started o.e.j.s.ServletContextHandler@d48e998{/logs,file:///workdir/hadoop-ozone/integration-test/target/log,AVAILABLE}
2019-09-27 11:50:54,700 [main] INFO  handler.ContextHandler (ContextHandler.java:doStart(781)) - Started o.e.j.s.ServletContextHandler@158ae284{/static,jar:file:/home/user/.m2/repository/org/apache/hadoop/hadoop-hdds-container-service/0.5.0-SNAPSHOT/hadoop-hdds-container-service-0.5.0-SNAPSHOT.jar!/webapps/static,AVAILABLE}
2019-09-27 11:50:54,729 [main] INFO  handler.ContextHandler (ContextHandler.java:doStart(781)) - Started o.e.j.w.WebAppContext@60e3c26e{/,file:///tmp/jetty-0.0.0.0-36184-hddsDatanode-_-any-1559292515200988446.dir/webapp/,AVAILABLE}{/hddsDatanode}
2019-09-27 11:50:54,730 [main] INFO  server.AbstractConnector (AbstractConnector.java:doStart(278)) - Started ServerConnector@80b122b{HTTP/1.1,[http/1.1]}{0.0.0.0:36184}
2019-09-27 11:50:54,731 [main] INFO  server.Server (Server.java:doStart(419)) - Started @77300ms
2019-09-27 11:50:54,731 [main] WARN  impl.MetricsSystemImpl (MetricsSystemImpl.java:register(276)) - Sink prometheus already exists!
2019-09-27 11:50:54,731 [main] INFO  server.BaseHttpServer (BaseHttpServer.java:updateConnectorAddress(215)) - HTTP server of HDDSDATANODE is listening at http://0.0.0.0:36184
2019-09-27 11:50:54,732 [main] INFO  impl.MetricsSystemImpl (MetricsSystemImpl.java:init(158)) - HddsDatanode metrics system started (again)
2019-09-27 11:50:54,734 [org.apache.hadoop.util.JvmPauseMonitor$Monitor@721b128c] INFO  util.JvmPauseMonitor (JvmPauseMonitor.java:run(188)) - Starting JVM pause monitor
2019-09-27 11:50:54,735 [main] INFO  ozone.HddsDatanodeService (HddsDatanodeService.java:start(184)) - HddsDatanodeService host:pr-hdds-2166-8ptj5-2756111467 ip:192.168.30.19
2019-09-27 11:50:54,736 [Datanode State Machine Thread - 0] INFO  datanode.InitDatanodeState (InitDatanodeState.java:persistContainerDatanodeDetails(140)) - DatanodeDetails is persisted to /workdir/hadoop-ozone/integration-test/target/test-dir/MiniOzoneClusterImpl-3ca6fd23-a5ee-487c-a238-8e42847d24a4/datanode-2/meta/datanode.id
2019-09-27 11:50:54,740 [main] INFO  volume.HddsVolume (HddsVolume.java:<init>(176)) - Creating Volume: /workdir/hadoop-ozone/integration-test/target/test-dir/MiniOzoneClusterImpl-3ca6fd23-a5ee-487c-a238-8e42847d24a4/datanode-3/data/containers/hdds of  storage type : DISK and capacity : 1482555576320
2019-09-27 11:50:54,740 [main] INFO  volume.VolumeSet (VolumeSet.java:initializeVolumeSet(170)) - Added Volume : /workdir/hadoop-ozone/integration-test/target/test-dir/MiniOzoneClusterImpl-3ca6fd23-a5ee-487c-a238-8e42847d24a4/datanode-3/data/containers/hdds to VolumeSet
2019-09-27 11:50:54,740 [main] INFO  volume.ThrottledAsyncChecker (ThrottledAsyncChecker.java:schedule(139)) - Scheduling a check for org.apache.hadoop.ozone.container.common.volume.HddsVolume@6a1d526c
2019-09-27 11:50:54,741 [main] INFO  volume.HddsVolumeChecker (HddsVolumeChecker.java:checkAllVolumes(202)) - Scheduled health check for volume org.apache.hadoop.ozone.container.common.volume.HddsVolume@6a1d526c
2019-09-27 11:50:54,757 [main] INFO  impl.RaftServerProxy (ConfUtils.java:logGet(43)) - raft.rpc.type = GRPC (default)
2019-09-27 11:50:54,757 [main] INFO  grpc.GrpcFactory (GrpcFactory.java:checkPooledByteBufAllocatorUseCacheForAllThreads(45)) - PERFORMANCE WARNING: useCacheForAllThreads is true that may cause Netty to create a lot garbage objects and, as a result, trigger GC.
	It is recommended to disable useCacheForAllThreads by setting -Dorg.apache.ratis.thirdparty.io.netty.allocator.useCacheForAllThreads=false in command line.
2019-09-27 11:50:54,758 [main] INFO  grpc.GrpcConfigKeys$Server (ConfUtils.java:logGet(43)) - raft.grpc.server.port = 0 (default)
2019-09-27 11:50:54,758 [main] INFO  server.GrpcService (ConfUtils.java:logGet(43)) - raft.grpc.message.size.max = 33570816 (custom)
2019-09-27 11:50:54,758 [main] INFO  server.RaftServerConfigKeys (ConfUtils.java:logGet(43)) - raft.server.log.appender.buffer.byte-limit = 33554432 (custom)
2019-09-27 11:50:54,758 [main] INFO  server.GrpcService (ConfUtils.java:logGet(43)) - raft.grpc.flow.control.window = 1MB (=1048576) (default)
2019-09-27 11:50:54,759 [main] INFO  server.RaftServerConfigKeys (ConfUtils.java:logGet(43)) - raft.server.rpc.request.timeout = 3000ms (default)
2019-09-27 11:50:54,759 [main] INFO  server.RaftServerConfigKeys (ConfUtils.java:logGet(43)) - raft.server.storage.dir = [/workdir/hadoop-ozone/integration-test/target/test-dir/MiniOzoneClusterImpl-3ca6fd23-a5ee-487c-a238-8e42847d24a4/datanode-3/data/ratis] (custom)
2019-09-27 11:50:54,761 [main] INFO  hdfs.DFSUtil (DFSUtil.java:httpServerTemplateForNNAndJN(1641)) - Starting Web-server for hddsDatanode at: http://0.0.0.0:0
2019-09-27 11:50:54,762 [main] INFO  server.AuthenticationFilter (AuthenticationFilter.java:constructSecretProvider(240)) - Unable to initialize FileSignerSecretProvider, falling back to use random secrets.
2019-09-27 11:50:54,763 [main] WARN  http.HttpRequestLog (HttpRequestLog.java:getRequestLog(97)) - Jetty request log can only be enabled using Log4j
2019-09-27 11:50:54,764 [main] INFO  http.HttpServer2 (HttpServer2.java:addGlobalFilter(975)) - Added global filter 'safety' (class=org.apache.hadoop.http.HttpServer2$QuotingInputFilter)
2019-09-27 11:50:54,765 [main] INFO  http.HttpServer2 (HttpServer2.java:addFilter(948)) - Added filter static_user_filter (class=org.apache.hadoop.http.lib.StaticUserWebFilter$StaticUserFilter) to context hddsDatanode
2019-09-27 11:50:54,765 [main] INFO  http.HttpServer2 (HttpServer2.java:addFilter(958)) - Added filter static_user_filter (class=org.apache.hadoop.http.lib.StaticUserWebFilter$StaticUserFilter) to context static
2019-09-27 11:50:54,765 [main] INFO  http.HttpServer2 (HttpServer2.java:addFilter(958)) - Added filter static_user_filter (class=org.apache.hadoop.http.lib.StaticUserWebFilter$StaticUserFilter) to context logs
2019-09-27 11:50:54,766 [main] INFO  http.HttpServer2 (HttpServer2.java:bindListener(1191)) - Jetty bound to port 46250
2019-09-27 11:50:54,767 [main] INFO  server.Server (Server.java:doStart(351)) - jetty-9.3.25.v20180904, build timestamp: 2018-09-04T21:11:46Z, git hash: 3ce520221d0240229c862b122d2b06c12a625732
2019-09-27 11:50:54,768 [main] INFO  handler.ContextHandler (ContextHandler.java:doStart(781)) - Started o.e.j.s.ServletContextHandler@5b47731f{/logs,file:///workdir/hadoop-ozone/integration-test/target/log,AVAILABLE}
2019-09-27 11:50:54,769 [main] INFO  handler.ContextHandler (ContextHandler.java:doStart(781)) - Started o.e.j.s.ServletContextHandler@40c2ce52{/static,jar:file:/home/user/.m2/repository/org/apache/hadoop/hadoop-hdds-container-service/0.5.0-SNAPSHOT/hadoop-hdds-container-service-0.5.0-SNAPSHOT.jar!/webapps/static,AVAILABLE}
2019-09-27 11:50:54,801 [main] INFO  handler.ContextHandler (ContextHandler.java:doStart(781)) - Started o.e.j.w.WebAppContext@3ddb774f{/,file:///tmp/jetty-0.0.0.0-46250-hddsDatanode-_-any-2162313062919397934.dir/webapp/,AVAILABLE}{/hddsDatanode}
2019-09-27 11:50:54,801 [main] INFO  server.AbstractConnector (AbstractConnector.java:doStart(278)) - Started ServerConnector@2582b0ef{HTTP/1.1,[http/1.1]}{0.0.0.0:46250}
2019-09-27 11:50:54,803 [main] INFO  server.Server (Server.java:doStart(419)) - Started @77372ms
2019-09-27 11:50:54,803 [main] WARN  impl.MetricsSystemImpl (MetricsSystemImpl.java:register(276)) - Sink prometheus already exists!
2019-09-27 11:50:54,804 [main] INFO  server.BaseHttpServer (BaseHttpServer.java:updateConnectorAddress(215)) - HTTP server of HDDSDATANODE is listening at http://0.0.0.0:46250
2019-09-27 11:50:54,804 [main] INFO  impl.MetricsSystemImpl (MetricsSystemImpl.java:init(158)) - HddsDatanode metrics system started (again)
2019-09-27 11:50:54,808 [main] INFO  ozone.HddsDatanodeService (HddsDatanodeService.java:start(184)) - HddsDatanodeService host:pr-hdds-2166-8ptj5-2756111467 ip:192.168.30.19
2019-09-27 11:50:54,808 [org.apache.hadoop.util.JvmPauseMonitor$Monitor@11b4242f] INFO  util.JvmPauseMonitor (JvmPauseMonitor.java:run(188)) - Starting JVM pause monitor
2019-09-27 11:50:54,810 [Datanode State Machine Thread - 0] INFO  datanode.InitDatanodeState (InitDatanodeState.java:persistContainerDatanodeDetails(140)) - DatanodeDetails is persisted to /workdir/hadoop-ozone/integration-test/target/test-dir/MiniOzoneClusterImpl-3ca6fd23-a5ee-487c-a238-8e42847d24a4/datanode-3/meta/datanode.id
2019-09-27 11:50:54,812 [main] INFO  volume.HddsVolume (HddsVolume.java:<init>(176)) - Creating Volume: /workdir/hadoop-ozone/integration-test/target/test-dir/MiniOzoneClusterImpl-3ca6fd23-a5ee-487c-a238-8e42847d24a4/datanode-4/data/containers/hdds of  storage type : DISK and capacity : 1482555576320
2019-09-27 11:50:54,813 [main] INFO  volume.VolumeSet (VolumeSet.java:initializeVolumeSet(170)) - Added Volume : /workdir/hadoop-ozone/integration-test/target/test-dir/MiniOzoneClusterImpl-3ca6fd23-a5ee-487c-a238-8e42847d24a4/datanode-4/data/containers/hdds to VolumeSet
2019-09-27 11:50:54,813 [main] INFO  volume.ThrottledAsyncChecker (ThrottledAsyncChecker.java:schedule(139)) - Scheduling a check for org.apache.hadoop.ozone.container.common.volume.HddsVolume@6b6eae52
2019-09-27 11:50:54,813 [main] INFO  volume.HddsVolumeChecker (HddsVolumeChecker.java:checkAllVolumes(202)) - Scheduled health check for volume org.apache.hadoop.ozone.container.common.volume.HddsVolume@6b6eae52
2019-09-27 11:50:54,827 [main] INFO  impl.RaftServerProxy (ConfUtils.java:logGet(43)) - raft.rpc.type = GRPC (default)
2019-09-27 11:50:54,827 [main] INFO  grpc.GrpcFactory (GrpcFactory.java:checkPooledByteBufAllocatorUseCacheForAllThreads(45)) - PERFORMANCE WARNING: useCacheForAllThreads is true that may cause Netty to create a lot garbage objects and, as a result, trigger GC.
	It is recommended to disable useCacheForAllThreads by setting -Dorg.apache.ratis.thirdparty.io.netty.allocator.useCacheForAllThreads=false in command line.
2019-09-27 11:50:54,827 [main] INFO  grpc.GrpcConfigKeys$Server (ConfUtils.java:logGet(43)) - raft.grpc.server.port = 0 (default)
2019-09-27 11:50:54,828 [main] INFO  server.GrpcService (ConfUtils.java:logGet(43)) - raft.grpc.message.size.max = 33570816 (custom)
2019-09-27 11:50:54,828 [main] INFO  server.RaftServerConfigKeys (ConfUtils.java:logGet(43)) - raft.server.log.appender.buffer.byte-limit = 33554432 (custom)
2019-09-27 11:50:54,828 [main] INFO  server.GrpcService (ConfUtils.java:logGet(43)) - raft.grpc.flow.control.window = 1MB (=1048576) (default)
2019-09-27 11:50:54,828 [main] INFO  server.RaftServerConfigKeys (ConfUtils.java:logGet(43)) - raft.server.rpc.request.timeout = 3000ms (default)
2019-09-27 11:50:54,828 [main] INFO  server.RaftServerConfigKeys (ConfUtils.java:logGet(43)) - raft.server.storage.dir = [/workdir/hadoop-ozone/integration-test/target/test-dir/MiniOzoneClusterImpl-3ca6fd23-a5ee-487c-a238-8e42847d24a4/datanode-4/data/ratis] (custom)
2019-09-27 11:50:54,830 [main] INFO  hdfs.DFSUtil (DFSUtil.java:httpServerTemplateForNNAndJN(1641)) - Starting Web-server for hddsDatanode at: http://0.0.0.0:0
2019-09-27 11:50:54,832 [main] INFO  server.AuthenticationFilter (AuthenticationFilter.java:constructSecretProvider(240)) - Unable to initialize FileSignerSecretProvider, falling back to use random secrets.
2019-09-27 11:50:54,832 [main] WARN  http.HttpRequestLog (HttpRequestLog.java:getRequestLog(97)) - Jetty request log can only be enabled using Log4j
2019-09-27 11:50:54,834 [main] INFO  http.HttpServer2 (HttpServer2.java:addGlobalFilter(975)) - Added global filter 'safety' (class=org.apache.hadoop.http.HttpServer2$QuotingInputFilter)
2019-09-27 11:50:54,834 [main] INFO  http.HttpServer2 (HttpServer2.java:addFilter(948)) - Added filter static_user_filter (class=org.apache.hadoop.http.lib.StaticUserWebFilter$StaticUserFilter) to context hddsDatanode
2019-09-27 11:50:54,835 [main] INFO  http.HttpServer2 (HttpServer2.java:addFilter(958)) - Added filter static_user_filter (class=org.apache.hadoop.http.lib.StaticUserWebFilter$StaticUserFilter) to context logs
2019-09-27 11:50:54,835 [main] INFO  http.HttpServer2 (HttpServer2.java:addFilter(958)) - Added filter static_user_filter (class=org.apache.hadoop.http.lib.StaticUserWebFilter$StaticUserFilter) to context static
2019-09-27 11:50:54,836 [main] INFO  http.HttpServer2 (HttpServer2.java:bindListener(1191)) - Jetty bound to port 45368
2019-09-27 11:50:54,836 [main] INFO  server.Server (Server.java:doStart(351)) - jetty-9.3.25.v20180904, build timestamp: 2018-09-04T21:11:46Z, git hash: 3ce520221d0240229c862b122d2b06c12a625732
2019-09-27 11:50:54,838 [main] INFO  handler.ContextHandler (ContextHandler.java:doStart(781)) - Started o.e.j.s.ServletContextHandler@b61edb9{/logs,file:///workdir/hadoop-ozone/integration-test/target/log,AVAILABLE}
2019-09-27 11:50:54,838 [main] INFO  handler.ContextHandler (ContextHandler.java:doStart(781)) - Started o.e.j.s.ServletContextHandler@32bb0072{/static,jar:file:/home/user/.m2/repository/org/apache/hadoop/hadoop-hdds-container-service/0.5.0-SNAPSHOT/hadoop-hdds-container-service-0.5.0-SNAPSHOT.jar!/webapps/static,AVAILABLE}
2019-09-27 11:50:54,871 [main] INFO  handler.ContextHandler (ContextHandler.java:doStart(781)) - Started o.e.j.w.WebAppContext@35b17c06{/,file:///tmp/jetty-0.0.0.0-45368-hddsDatanode-_-any-3006104137994507206.dir/webapp/,AVAILABLE}{/hddsDatanode}
2019-09-27 11:50:54,872 [main] INFO  server.AbstractConnector (AbstractConnector.java:doStart(278)) - Started ServerConnector@45545e7a{HTTP/1.1,[http/1.1]}{0.0.0.0:45368}
2019-09-27 11:50:54,872 [main] INFO  server.Server (Server.java:doStart(419)) - Started @77442ms
2019-09-27 11:50:54,873 [main] WARN  impl.MetricsSystemImpl (MetricsSystemImpl.java:register(276)) - Sink prometheus already exists!
2019-09-27 11:50:54,873 [main] INFO  server.BaseHttpServer (BaseHttpServer.java:updateConnectorAddress(215)) - HTTP server of HDDSDATANODE is listening at http://0.0.0.0:45368
2019-09-27 11:50:54,874 [main] INFO  impl.MetricsSystemImpl (MetricsSystemImpl.java:init(158)) - HddsDatanode metrics system started (again)
2019-09-27 11:50:54,876 [org.apache.hadoop.util.JvmPauseMonitor$Monitor@20e0e0b4] INFO  util.JvmPauseMonitor (JvmPauseMonitor.java:run(188)) - Starting JVM pause monitor
2019-09-27 11:50:54,877 [Datanode State Machine Thread - 0] INFO  datanode.InitDatanodeState (InitDatanodeState.java:persistContainerDatanodeDetails(140)) - DatanodeDetails is persisted to /workdir/hadoop-ozone/integration-test/target/test-dir/MiniOzoneClusterImpl-3ca6fd23-a5ee-487c-a238-8e42847d24a4/datanode-4/meta/datanode.id
2019-09-27 11:50:54,879 [main] INFO  ozone.HddsDatanodeService (HddsDatanodeService.java:start(184)) - HddsDatanodeService host:pr-hdds-2166-8ptj5-2756111467 ip:192.168.30.19
2019-09-27 11:50:54,884 [main] INFO  volume.HddsVolume (HddsVolume.java:<init>(176)) - Creating Volume: /workdir/hadoop-ozone/integration-test/target/test-dir/MiniOzoneClusterImpl-3ca6fd23-a5ee-487c-a238-8e42847d24a4/datanode-5/data/containers/hdds of  storage type : DISK and capacity : 1482555576320
2019-09-27 11:50:54,884 [main] INFO  volume.VolumeSet (VolumeSet.java:initializeVolumeSet(170)) - Added Volume : /workdir/hadoop-ozone/integration-test/target/test-dir/MiniOzoneClusterImpl-3ca6fd23-a5ee-487c-a238-8e42847d24a4/datanode-5/data/containers/hdds to VolumeSet
2019-09-27 11:50:54,885 [main] INFO  volume.ThrottledAsyncChecker (ThrottledAsyncChecker.java:schedule(139)) - Scheduling a check for org.apache.hadoop.ozone.container.common.volume.HddsVolume@37348491
2019-09-27 11:50:54,885 [main] INFO  volume.HddsVolumeChecker (HddsVolumeChecker.java:checkAllVolumes(202)) - Scheduled health check for volume org.apache.hadoop.ozone.container.common.volume.HddsVolume@37348491
2019-09-27 11:50:54,897 [main] INFO  impl.RaftServerProxy (ConfUtils.java:logGet(43)) - raft.rpc.type = GRPC (default)
2019-09-27 11:50:54,897 [main] INFO  grpc.GrpcFactory (GrpcFactory.java:checkPooledByteBufAllocatorUseCacheForAllThreads(45)) - PERFORMANCE WARNING: useCacheForAllThreads is true that may cause Netty to create a lot garbage objects and, as a result, trigger GC.
	It is recommended to disable useCacheForAllThreads by setting -Dorg.apache.ratis.thirdparty.io.netty.allocator.useCacheForAllThreads=false in command line.
2019-09-27 11:50:54,898 [main] INFO  grpc.GrpcConfigKeys$Server (ConfUtils.java:logGet(43)) - raft.grpc.server.port = 0 (default)
2019-09-27 11:50:54,898 [main] INFO  server.GrpcService (ConfUtils.java:logGet(43)) - raft.grpc.message.size.max = 33570816 (custom)
2019-09-27 11:50:54,898 [main] INFO  server.RaftServerConfigKeys (ConfUtils.java:logGet(43)) - raft.server.log.appender.buffer.byte-limit = 33554432 (custom)
2019-09-27 11:50:54,898 [main] INFO  server.GrpcService (ConfUtils.java:logGet(43)) - raft.grpc.flow.control.window = 1MB (=1048576) (default)
2019-09-27 11:50:54,898 [main] INFO  server.RaftServerConfigKeys (ConfUtils.java:logGet(43)) - raft.server.rpc.request.timeout = 3000ms (default)
2019-09-27 11:50:54,899 [main] INFO  server.RaftServerConfigKeys (ConfUtils.java:logGet(43)) - raft.server.storage.dir = [/workdir/hadoop-ozone/integration-test/target/test-dir/MiniOzoneClusterImpl-3ca6fd23-a5ee-487c-a238-8e42847d24a4/datanode-5/data/ratis] (custom)
2019-09-27 11:50:54,900 [main] INFO  hdfs.DFSUtil (DFSUtil.java:httpServerTemplateForNNAndJN(1641)) - Starting Web-server for hddsDatanode at: http://0.0.0.0:0
2019-09-27 11:50:54,901 [main] INFO  server.AuthenticationFilter (AuthenticationFilter.java:constructSecretProvider(240)) - Unable to initialize FileSignerSecretProvider, falling back to use random secrets.
2019-09-27 11:50:54,901 [main] WARN  http.HttpRequestLog (HttpRequestLog.java:getRequestLog(97)) - Jetty request log can only be enabled using Log4j
2019-09-27 11:50:54,902 [main] INFO  http.HttpServer2 (HttpServer2.java:addGlobalFilter(975)) - Added global filter 'safety' (class=org.apache.hadoop.http.HttpServer2$QuotingInputFilter)
2019-09-27 11:50:54,902 [main] INFO  http.HttpServer2 (HttpServer2.java:addFilter(948)) - Added filter static_user_filter (class=org.apache.hadoop.http.lib.StaticUserWebFilter$StaticUserFilter) to context hddsDatanode
2019-09-27 11:50:54,903 [main] INFO  http.HttpServer2 (HttpServer2.java:addFilter(958)) - Added filter static_user_filter (class=org.apache.hadoop.http.lib.StaticUserWebFilter$StaticUserFilter) to context static
2019-09-27 11:50:54,903 [main] INFO  http.HttpServer2 (HttpServer2.java:addFilter(958)) - Added filter static_user_filter (class=org.apache.hadoop.http.lib.StaticUserWebFilter$StaticUserFilter) to context logs
2019-09-27 11:50:54,903 [main] INFO  http.HttpServer2 (HttpServer2.java:bindListener(1191)) - Jetty bound to port 35833
2019-09-27 11:50:54,903 [main] INFO  server.Server (Server.java:doStart(351)) - jetty-9.3.25.v20180904, build timestamp: 2018-09-04T21:11:46Z, git hash: 3ce520221d0240229c862b122d2b06c12a625732
2019-09-27 11:50:54,905 [main] INFO  handler.ContextHandler (ContextHandler.java:doStart(781)) - Started o.e.j.s.ServletContextHandler@3520963d{/logs,file:///workdir/hadoop-ozone/integration-test/target/log,AVAILABLE}
2019-09-27 11:50:54,905 [main] INFO  handler.ContextHandler (ContextHandler.java:doStart(781)) - Started o.e.j.s.ServletContextHandler@1cd43562{/static,jar:file:/home/user/.m2/repository/org/apache/hadoop/hadoop-hdds-container-service/0.5.0-SNAPSHOT/hadoop-hdds-container-service-0.5.0-SNAPSHOT.jar!/webapps/static,AVAILABLE}
2019-09-27 11:50:54,931 [main] INFO  handler.ContextHandler (ContextHandler.java:doStart(781)) - Started o.e.j.w.WebAppContext@294aba23{/,file:///tmp/jetty-0.0.0.0-35833-hddsDatanode-_-any-3978574296832405859.dir/webapp/,AVAILABLE}{/hddsDatanode}
2019-09-27 11:50:54,933 [main] INFO  server.AbstractConnector (AbstractConnector.java:doStart(278)) - Started ServerConnector@69909c14{HTTP/1.1,[http/1.1]}{0.0.0.0:35833}
2019-09-27 11:50:54,934 [main] INFO  server.Server (Server.java:doStart(419)) - Started @77503ms
2019-09-27 11:50:54,934 [main] WARN  impl.MetricsSystemImpl (MetricsSystemImpl.java:register(276)) - Sink prometheus already exists!
2019-09-27 11:50:54,935 [main] INFO  server.BaseHttpServer (BaseHttpServer.java:updateConnectorAddress(215)) - HTTP server of HDDSDATANODE is listening at http://0.0.0.0:35833
2019-09-27 11:50:54,935 [main] INFO  impl.MetricsSystemImpl (MetricsSystemImpl.java:init(158)) - HddsDatanode metrics system started (again)
2019-09-27 11:50:54,939 [org.apache.hadoop.util.JvmPauseMonitor$Monitor@5fec197c] INFO  util.JvmPauseMonitor (JvmPauseMonitor.java:run(188)) - Starting JVM pause monitor
2019-09-27 11:50:54,940 [main] INFO  ozone.HddsDatanodeService (HddsDatanodeService.java:start(184)) - HddsDatanodeService host:pr-hdds-2166-8ptj5-2756111467 ip:192.168.30.19
2019-09-27 11:50:54,940 [Datanode State Machine Thread - 0] INFO  datanode.InitDatanodeState (InitDatanodeState.java:persistContainerDatanodeDetails(140)) - DatanodeDetails is persisted to /workdir/hadoop-ozone/integration-test/target/test-dir/MiniOzoneClusterImpl-3ca6fd23-a5ee-487c-a238-8e42847d24a4/datanode-5/meta/datanode.id
2019-09-27 11:50:54,945 [main] INFO  volume.HddsVolume (HddsVolume.java:<init>(176)) - Creating Volume: /workdir/hadoop-ozone/integration-test/target/test-dir/MiniOzoneClusterImpl-3ca6fd23-a5ee-487c-a238-8e42847d24a4/datanode-6/data/containers/hdds of  storage type : DISK and capacity : 1482555576320
2019-09-27 11:50:54,945 [main] INFO  volume.VolumeSet (VolumeSet.java:initializeVolumeSet(170)) - Added Volume : /workdir/hadoop-ozone/integration-test/target/test-dir/MiniOzoneClusterImpl-3ca6fd23-a5ee-487c-a238-8e42847d24a4/datanode-6/data/containers/hdds to VolumeSet
2019-09-27 11:50:54,945 [main] INFO  volume.ThrottledAsyncChecker (ThrottledAsyncChecker.java:schedule(139)) - Scheduling a check for org.apache.hadoop.ozone.container.common.volume.HddsVolume@3135bf25
2019-09-27 11:50:54,946 [main] INFO  volume.HddsVolumeChecker (HddsVolumeChecker.java:checkAllVolumes(202)) - Scheduled health check for volume org.apache.hadoop.ozone.container.common.volume.HddsVolume@3135bf25
2019-09-27 11:50:54,959 [main] INFO  impl.RaftServerProxy (ConfUtils.java:logGet(43)) - raft.rpc.type = GRPC (default)
2019-09-27 11:50:54,959 [main] INFO  grpc.GrpcFactory (GrpcFactory.java:checkPooledByteBufAllocatorUseCacheForAllThreads(45)) - PERFORMANCE WARNING: useCacheForAllThreads is true that may cause Netty to create a lot garbage objects and, as a result, trigger GC.
	It is recommended to disable useCacheForAllThreads by setting -Dorg.apache.ratis.thirdparty.io.netty.allocator.useCacheForAllThreads=false in command line.
2019-09-27 11:50:54,960 [main] INFO  grpc.GrpcConfigKeys$Server (ConfUtils.java:logGet(43)) - raft.grpc.server.port = 0 (default)
2019-09-27 11:50:54,960 [main] INFO  server.GrpcService (ConfUtils.java:logGet(43)) - raft.grpc.message.size.max = 33570816 (custom)
2019-09-27 11:50:54,960 [main] INFO  server.RaftServerConfigKeys (ConfUtils.java:logGet(43)) - raft.server.log.appender.buffer.byte-limit = 33554432 (custom)
2019-09-27 11:50:54,961 [main] INFO  server.GrpcService (ConfUtils.java:logGet(43)) - raft.grpc.flow.control.window = 1MB (=1048576) (default)
2019-09-27 11:50:54,961 [main] INFO  server.RaftServerConfigKeys (ConfUtils.java:logGet(43)) - raft.server.rpc.request.timeout = 3000ms (default)
2019-09-27 11:50:54,962 [main] INFO  server.RaftServerConfigKeys (ConfUtils.java:logGet(43)) - raft.server.storage.dir = [/workdir/hadoop-ozone/integration-test/target/test-dir/MiniOzoneClusterImpl-3ca6fd23-a5ee-487c-a238-8e42847d24a4/datanode-6/data/ratis] (custom)
2019-09-27 11:50:54,963 [main] INFO  hdfs.DFSUtil (DFSUtil.java:httpServerTemplateForNNAndJN(1641)) - Starting Web-server for hddsDatanode at: http://0.0.0.0:0
2019-09-27 11:50:54,964 [main] INFO  server.AuthenticationFilter (AuthenticationFilter.java:constructSecretProvider(240)) - Unable to initialize FileSignerSecretProvider, falling back to use random secrets.
2019-09-27 11:50:54,965 [main] WARN  http.HttpRequestLog (HttpRequestLog.java:getRequestLog(97)) - Jetty request log can only be enabled using Log4j
2019-09-27 11:50:54,966 [main] INFO  http.HttpServer2 (HttpServer2.java:addGlobalFilter(975)) - Added global filter 'safety' (class=org.apache.hadoop.http.HttpServer2$QuotingInputFilter)
2019-09-27 11:50:54,967 [main] INFO  http.HttpServer2 (HttpServer2.java:addFilter(948)) - Added filter static_user_filter (class=org.apache.hadoop.http.lib.StaticUserWebFilter$StaticUserFilter) to context hddsDatanode
2019-09-27 11:50:54,967 [main] INFO  http.HttpServer2 (HttpServer2.java:addFilter(958)) - Added filter static_user_filter (class=org.apache.hadoop.http.lib.StaticUserWebFilter$StaticUserFilter) to context static
2019-09-27 11:50:54,967 [main] INFO  http.HttpServer2 (HttpServer2.java:addFilter(958)) - Added filter static_user_filter (class=org.apache.hadoop.http.lib.StaticUserWebFilter$StaticUserFilter) to context logs
2019-09-27 11:50:54,968 [main] INFO  http.HttpServer2 (HttpServer2.java:bindListener(1191)) - Jetty bound to port 36896
2019-09-27 11:50:54,968 [main] INFO  server.Server (Server.java:doStart(351)) - jetty-9.3.25.v20180904, build timestamp: 2018-09-04T21:11:46Z, git hash: 3ce520221d0240229c862b122d2b06c12a625732
2019-09-27 11:50:54,970 [main] INFO  handler.ContextHandler (ContextHandler.java:doStart(781)) - Started o.e.j.s.ServletContextHandler@6e31d989{/logs,file:///workdir/hadoop-ozone/integration-test/target/log,AVAILABLE}
2019-09-27 11:50:54,970 [main] INFO  handler.ContextHandler (ContextHandler.java:doStart(781)) - Started o.e.j.s.ServletContextHandler@2ed71727{/static,jar:file:/home/user/.m2/repository/org/apache/hadoop/hadoop-hdds-container-service/0.5.0-SNAPSHOT/hadoop-hdds-container-service-0.5.0-SNAPSHOT.jar!/webapps/static,AVAILABLE}
2019-09-27 11:50:54,999 [main] INFO  handler.ContextHandler (ContextHandler.java:doStart(781)) - Started o.e.j.w.WebAppContext@39c85c1a{/,file:///tmp/jetty-0.0.0.0-36896-hddsDatanode-_-any-8043099138239937633.dir/webapp/,AVAILABLE}{/hddsDatanode}
2019-09-27 11:50:54,999 [main] INFO  server.AbstractConnector (AbstractConnector.java:doStart(278)) - Started ServerConnector@2b148329{HTTP/1.1,[http/1.1]}{0.0.0.0:36896}
2019-09-27 11:50:55,001 [main] INFO  server.Server (Server.java:doStart(419)) - Started @77570ms
2019-09-27 11:50:55,001 [main] WARN  impl.MetricsSystemImpl (MetricsSystemImpl.java:register(276)) - Sink prometheus already exists!
2019-09-27 11:50:55,001 [main] INFO  server.BaseHttpServer (BaseHttpServer.java:updateConnectorAddress(215)) - HTTP server of HDDSDATANODE is listening at http://0.0.0.0:36896
2019-09-27 11:50:55,002 [main] INFO  ozone.MiniOzoneClusterImpl (MiniOzoneClusterImpl.java:lambda$waitForClusterToBeReady$0(147)) - Waiting for cluster to be ready. Got 0 of 7 DN Heartbeats.
2019-09-27 11:50:55,004 [org.apache.hadoop.util.JvmPauseMonitor$Monitor@2783a6a9] INFO  util.JvmPauseMonitor (JvmPauseMonitor.java:run(188)) - Starting JVM pause monitor
2019-09-27 11:50:55,007 [Datanode State Machine Thread - 0] INFO  datanode.InitDatanodeState (InitDatanodeState.java:persistContainerDatanodeDetails(140)) - DatanodeDetails is persisted to /workdir/hadoop-ozone/integration-test/target/test-dir/MiniOzoneClusterImpl-3ca6fd23-a5ee-487c-a238-8e42847d24a4/datanode-6/meta/datanode.id
2019-09-27 11:50:56,002 [main] INFO  ozone.MiniOzoneClusterImpl (MiniOzoneClusterImpl.java:lambda$waitForClusterToBeReady$0(147)) - Waiting for cluster to be ready. Got 0 of 7 DN Heartbeats.
2019-09-27 11:50:56,661 [Datanode State Machine Thread - 0] INFO  ozoneimpl.OzoneContainer (OzoneContainer.java:start(217)) - Attempting to start container services.
2019-09-27 11:50:56,663 [Datanode State Machine Thread - 0] INFO  ozoneimpl.OzoneContainer (OzoneContainer.java:startContainerScrub(179)) - Background container scanner has been disabled.
2019-09-27 11:50:56,664 [Datanode State Machine Thread - 0] INFO  ratis.XceiverServerRatis (XceiverServerRatis.java:start(411)) - Starting XceiverServerRatis a9b76f13-9965-44c1-ab60-72935f90d179 at port 0
2019-09-27 11:50:56,670 [Datanode State Machine Thread - 0] INFO  impl.RaftServerProxy (RaftServerProxy.java:lambda$start$3(299)) - a9b76f13-9965-44c1-ab60-72935f90d179: start RPC server
2019-09-27 11:50:56,673 [Datanode State Machine Thread - 0] INFO  server.GrpcService (GrpcService.java:startImpl(158)) - a9b76f13-9965-44c1-ab60-72935f90d179: GrpcService started, listening on 0.0.0.0/0.0.0.0:35755
2019-09-27 11:50:56,673 [Datanode State Machine Thread - 0] INFO  ratis.XceiverServerRatis (XceiverServerRatis.java:start(421)) - XceiverServerRatis a9b76f13-9965-44c1-ab60-72935f90d179 is started using port 35755
2019-09-27 11:50:56,673 [Datanode State Machine Thread - 0] INFO  server.XceiverServerGrpc (XceiverServerGrpc.java:start(149)) - XceiverServerGrpc a9b76f13-9965-44c1-ab60-72935f90d179 is started using port 38404
2019-09-27 11:50:56,700 [Datanode State Machine Thread - 0] INFO  ozoneimpl.OzoneContainer (OzoneContainer.java:start(217)) - Attempting to start container services.
2019-09-27 11:50:56,704 [Datanode State Machine Thread - 0] INFO  ozoneimpl.OzoneContainer (OzoneContainer.java:startContainerScrub(179)) - Background container scanner has been disabled.
2019-09-27 11:50:56,704 [Datanode State Machine Thread - 0] INFO  ratis.XceiverServerRatis (XceiverServerRatis.java:start(411)) - Starting XceiverServerRatis 4de51c34-1414-4a57-9393-191db81f912b at port 0
2019-09-27 11:50:56,709 [Datanode State Machine Thread - 0] INFO  impl.RaftServerProxy (RaftServerProxy.java:lambda$start$3(299)) - 4de51c34-1414-4a57-9393-191db81f912b: start RPC server
2019-09-27 11:50:56,710 [Datanode State Machine Thread - 0] INFO  server.GrpcService (GrpcService.java:startImpl(158)) - 4de51c34-1414-4a57-9393-191db81f912b: GrpcService started, listening on 0.0.0.0/0.0.0.0:34175
2019-09-27 11:50:56,710 [Datanode State Machine Thread - 0] INFO  ratis.XceiverServerRatis (XceiverServerRatis.java:start(421)) - XceiverServerRatis 4de51c34-1414-4a57-9393-191db81f912b is started using port 34175
2019-09-27 11:50:56,712 [Datanode State Machine Thread - 0] INFO  server.XceiverServerGrpc (XceiverServerGrpc.java:start(149)) - XceiverServerGrpc 4de51c34-1414-4a57-9393-191db81f912b is started using port 44241
2019-09-27 11:50:56,749 [Datanode State Machine Thread - 0] INFO  ozoneimpl.OzoneContainer (OzoneContainer.java:start(217)) - Attempting to start container services.
2019-09-27 11:50:56,749 [Datanode State Machine Thread - 0] INFO  ozoneimpl.OzoneContainer (OzoneContainer.java:startContainerScrub(179)) - Background container scanner has been disabled.
2019-09-27 11:50:56,749 [Datanode State Machine Thread - 0] INFO  ratis.XceiverServerRatis (XceiverServerRatis.java:start(411)) - Starting XceiverServerRatis 6760aa84-32eb-4d58-b79e-6880432c1967 at port 0
2019-09-27 11:50:56,753 [Datanode State Machine Thread - 0] INFO  impl.RaftServerProxy (RaftServerProxy.java:lambda$start$3(299)) - 6760aa84-32eb-4d58-b79e-6880432c1967: start RPC server
2019-09-27 11:50:56,760 [Datanode State Machine Thread - 0] INFO  server.GrpcService (GrpcService.java:startImpl(158)) - 6760aa84-32eb-4d58-b79e-6880432c1967: GrpcService started, listening on 0.0.0.0/0.0.0.0:36901
2019-09-27 11:50:56,760 [Datanode State Machine Thread - 0] INFO  ratis.XceiverServerRatis (XceiverServerRatis.java:start(421)) - XceiverServerRatis 6760aa84-32eb-4d58-b79e-6880432c1967 is started using port 36901
2019-09-27 11:50:56,765 [Datanode State Machine Thread - 0] INFO  server.XceiverServerGrpc (XceiverServerGrpc.java:start(149)) - XceiverServerGrpc 6760aa84-32eb-4d58-b79e-6880432c1967 is started using port 33125
2019-09-27 11:50:56,833 [Datanode State Machine Thread - 0] INFO  ozoneimpl.OzoneContainer (OzoneContainer.java:start(217)) - Attempting to start container services.
2019-09-27 11:50:56,833 [Datanode State Machine Thread - 0] INFO  ozoneimpl.OzoneContainer (OzoneContainer.java:startContainerScrub(179)) - Background container scanner has been disabled.
2019-09-27 11:50:56,833 [Datanode State Machine Thread - 0] INFO  ratis.XceiverServerRatis (XceiverServerRatis.java:start(411)) - Starting XceiverServerRatis 224b933d-f7fb-4ff7-a482-9c13e4b41436 at port 0
2019-09-27 11:50:56,840 [Datanode State Machine Thread - 0] INFO  impl.RaftServerProxy (RaftServerProxy.java:lambda$start$3(299)) - 224b933d-f7fb-4ff7-a482-9c13e4b41436: start RPC server
2019-09-27 11:50:56,841 [Datanode State Machine Thread - 0] INFO  server.GrpcService (GrpcService.java:startImpl(158)) - 224b933d-f7fb-4ff7-a482-9c13e4b41436: GrpcService started, listening on 0.0.0.0/0.0.0.0:36788
2019-09-27 11:50:56,841 [Datanode State Machine Thread - 0] INFO  ratis.XceiverServerRatis (XceiverServerRatis.java:start(421)) - XceiverServerRatis 224b933d-f7fb-4ff7-a482-9c13e4b41436 is started using port 36788
2019-09-27 11:50:56,841 [Datanode State Machine Thread - 0] INFO  server.XceiverServerGrpc (XceiverServerGrpc.java:start(149)) - XceiverServerGrpc 224b933d-f7fb-4ff7-a482-9c13e4b41436 is started using port 37998
2019-09-27 11:50:56,901 [Datanode State Machine Thread - 0] INFO  ozoneimpl.OzoneContainer (OzoneContainer.java:start(217)) - Attempting to start container services.
2019-09-27 11:50:56,901 [Datanode State Machine Thread - 0] INFO  ozoneimpl.OzoneContainer (OzoneContainer.java:startContainerScrub(179)) - Background container scanner has been disabled.
2019-09-27 11:50:56,902 [Datanode State Machine Thread - 0] INFO  ratis.XceiverServerRatis (XceiverServerRatis.java:start(411)) - Starting XceiverServerRatis 444703ef-a2ff-448b-8d4d-c6e7c56dacd7 at port 0
2019-09-27 11:50:56,907 [Datanode State Machine Thread - 0] INFO  impl.RaftServerProxy (RaftServerProxy.java:lambda$start$3(299)) - 444703ef-a2ff-448b-8d4d-c6e7c56dacd7: start RPC server
2019-09-27 11:50:56,910 [Datanode State Machine Thread - 0] INFO  server.GrpcService (GrpcService.java:startImpl(158)) - 444703ef-a2ff-448b-8d4d-c6e7c56dacd7: GrpcService started, listening on 0.0.0.0/0.0.0.0:35626
2019-09-27 11:50:56,910 [Datanode State Machine Thread - 0] INFO  ratis.XceiverServerRatis (XceiverServerRatis.java:start(421)) - XceiverServerRatis 444703ef-a2ff-448b-8d4d-c6e7c56dacd7 is started using port 35626
2019-09-27 11:50:56,911 [Datanode State Machine Thread - 0] INFO  server.XceiverServerGrpc (XceiverServerGrpc.java:start(149)) - XceiverServerGrpc 444703ef-a2ff-448b-8d4d-c6e7c56dacd7 is started using port 40089
2019-09-27 11:50:56,964 [Datanode State Machine Thread - 0] INFO  ozoneimpl.OzoneContainer (OzoneContainer.java:start(217)) - Attempting to start container services.
2019-09-27 11:50:56,964 [Datanode State Machine Thread - 0] INFO  ozoneimpl.OzoneContainer (OzoneContainer.java:startContainerScrub(179)) - Background container scanner has been disabled.
2019-09-27 11:50:56,964 [Datanode State Machine Thread - 0] INFO  ratis.XceiverServerRatis (XceiverServerRatis.java:start(411)) - Starting XceiverServerRatis 375ac5ba-0c4a-468a-bc80-8405446a2fc5 at port 0
2019-09-27 11:50:56,970 [Datanode State Machine Thread - 0] INFO  impl.RaftServerProxy (RaftServerProxy.java:lambda$start$3(299)) - 375ac5ba-0c4a-468a-bc80-8405446a2fc5: start RPC server
2019-09-27 11:50:56,973 [Datanode State Machine Thread - 0] INFO  server.GrpcService (GrpcService.java:startImpl(158)) - 375ac5ba-0c4a-468a-bc80-8405446a2fc5: GrpcService started, listening on 0.0.0.0/0.0.0.0:37266
2019-09-27 11:50:56,973 [Datanode State Machine Thread - 0] INFO  ratis.XceiverServerRatis (XceiverServerRatis.java:start(421)) - XceiverServerRatis 375ac5ba-0c4a-468a-bc80-8405446a2fc5 is started using port 37266
2019-09-27 11:50:56,973 [Datanode State Machine Thread - 0] INFO  server.XceiverServerGrpc (XceiverServerGrpc.java:start(149)) - XceiverServerGrpc 375ac5ba-0c4a-468a-bc80-8405446a2fc5 is started using port 33422
2019-09-27 11:50:57,009 [main] INFO  ozone.MiniOzoneClusterImpl (MiniOzoneClusterImpl.java:lambda$waitForClusterToBeReady$0(147)) - Waiting for cluster to be ready. Got 0 of 7 DN Heartbeats.
2019-09-27 11:50:57,029 [Datanode State Machine Thread - 0] INFO  ozoneimpl.OzoneContainer (OzoneContainer.java:start(217)) - Attempting to start container services.
2019-09-27 11:50:57,029 [Datanode State Machine Thread - 0] INFO  ozoneimpl.OzoneContainer (OzoneContainer.java:startContainerScrub(179)) - Background container scanner has been disabled.
2019-09-27 11:50:57,029 [Datanode State Machine Thread - 0] INFO  ratis.XceiverServerRatis (XceiverServerRatis.java:start(411)) - Starting XceiverServerRatis 18dc4bc1-099b-4097-b7c5-321a5172589a at port 0
2019-09-27 11:50:57,036 [Datanode State Machine Thread - 0] INFO  impl.RaftServerProxy (RaftServerProxy.java:lambda$start$3(299)) - 18dc4bc1-099b-4097-b7c5-321a5172589a: start RPC server
2019-09-27 11:50:57,037 [Datanode State Machine Thread - 0] INFO  server.GrpcService (GrpcService.java:startImpl(158)) - 18dc4bc1-099b-4097-b7c5-321a5172589a: GrpcService started, listening on 0.0.0.0/0.0.0.0:45077
2019-09-27 11:50:57,037 [Datanode State Machine Thread - 0] INFO  ratis.XceiverServerRatis (XceiverServerRatis.java:start(421)) - XceiverServerRatis 18dc4bc1-099b-4097-b7c5-321a5172589a is started using port 45077
2019-09-27 11:50:57,040 [Datanode State Machine Thread - 0] INFO  server.XceiverServerGrpc (XceiverServerGrpc.java:start(149)) - XceiverServerGrpc 18dc4bc1-099b-4097-b7c5-321a5172589a is started using port 44402
2019-09-27 11:50:58,009 [main] INFO  ozone.MiniOzoneClusterImpl (MiniOzoneClusterImpl.java:lambda$waitForClusterToBeReady$0(147)) - Waiting for cluster to be ready. Got 0 of 7 DN Heartbeats.
2019-09-27 11:50:58,614 [IPC Server handler 2 on 38072] INFO  net.NetworkTopology (NetworkTopologyImpl.java:add(111)) - Added a new node: /default-rack/a9b76f13-9965-44c1-ab60-72935f90d179
2019-09-27 11:50:58,615 [IPC Server handler 2 on 38072] INFO  node.SCMNodeManager (SCMNodeManager.java:register(266)) - Registered Data node : a9b76f13-9965-44c1-ab60-72935f90d179{ip: 192.168.30.19, host: pr-hdds-2166-8ptj5-2756111467, networkLocation: /default-rack, certSerialId: null}
2019-09-27 11:50:58,618 [EventQueue-NodeRegistrationContainerReportForDataNodeSafeModeRule] INFO  safemode.SCMSafeModeManager (DataNodeSafeModeRule.java:process(71)) - SCM in safe mode. 1 DataNodes registered, 1 required.
2019-09-27 11:50:58,620 [EventQueue-NodeRegistrationContainerReportForDataNodeSafeModeRule] INFO  safemode.SCMSafeModeManager (SCMSafeModeManager.java:validateSafeModeExitRules(177)) - ScmSafeModeManager, all rules are successfully validated
2019-09-27 11:50:58,620 [EventQueue-NodeRegistrationContainerReportForDataNodeSafeModeRule] INFO  safemode.SCMSafeModeManager (SCMSafeModeManager.java:exitSafeMode(193)) - SCM exiting safe mode.
2019-09-27 11:50:58,636 [grpc-default-executor-3] INFO  impl.RaftServerProxy (RaftServerProxy.java:addNew(89)) - a9b76f13-9965-44c1-ab60-72935f90d179: addNew group-DB1F25166CE5:[a9b76f13-9965-44c1-ab60-72935f90d179:192.168.30.19:35755] returns group-DB1F25166CE5:java.util.concurrent.CompletableFuture@250258ba[Not completed]
2019-09-27 11:50:58,638 [pool-119-thread-1] INFO  impl.RaftServerImpl (RaftServerImpl.java:<init>(95)) - a9b76f13-9965-44c1-ab60-72935f90d179: new RaftServerImpl for group-DB1F25166CE5:[a9b76f13-9965-44c1-ab60-72935f90d179:192.168.30.19:35755] with ContainerStateMachine:uninitialized
2019-09-27 11:50:58,638 [pool-119-thread-1] INFO  server.RaftServerConfigKeys (ConfUtils.java:logGet(43)) - raft.server.rpc.timeout.min = 5s (custom)
2019-09-27 11:50:58,638 [pool-119-thread-1] INFO  server.RaftServerConfigKeys (ConfUtils.java:logGet(43)) - raft.server.rpc.timeout.max = 5200ms (custom)
2019-09-27 11:50:58,638 [pool-119-thread-1] INFO  server.RaftServerConfigKeys (ConfUtils.java:logGet(43)) - raft.server.rpcslowness.timeout = 120s (custom)
2019-09-27 11:50:58,638 [pool-119-thread-1] INFO  server.RaftServerConfigKeys (ConfUtils.java:logGet(43)) - raft.server.sleep.deviation.threshold = 300 (default)
2019-09-27 11:50:58,638 [pool-119-thread-1] INFO  server.RaftServerConfigKeys (ConfUtils.java:logGet(43)) - raft.server.log.appender.install.snapshot.enabled = false (custom)
2019-09-27 11:50:58,638 [pool-119-thread-1] INFO  impl.RaftServerImpl (ServerState.java:<init>(103)) - a9b76f13-9965-44c1-ab60-72935f90d179@group-DB1F25166CE5: ConfigurationManager, init=-1: [a9b76f13-9965-44c1-ab60-72935f90d179:192.168.30.19:35755], old=null, confs=<EMPTY_MAP>
2019-09-27 11:50:58,639 [pool-119-thread-1] INFO  server.RaftServerConfigKeys (ConfUtils.java:logGet(43)) - raft.server.storage.dir = [/workdir/hadoop-ozone/integration-test/target/test-dir/MiniOzoneClusterImpl-3ca6fd23-a5ee-487c-a238-8e42847d24a4/datanode-0/data/ratis] (custom)
2019-09-27 11:50:58,639 [pool-119-thread-1] INFO  storage.RaftStorageDirectory (RaftStorageDirectory.java:analyzeStorage(246)) - The storage directory /workdir/hadoop-ozone/integration-test/target/test-dir/MiniOzoneClusterImpl-3ca6fd23-a5ee-487c-a238-8e42847d24a4/datanode-0/data/ratis/ab56201a-8248-4b30-9fab-db1f25166ce5 does not exist. Creating ...
2019-09-27 11:50:58,662 [pool-119-thread-1] INFO  storage.RaftStorageDirectory (RaftStorageDirectory.java:tryLock(328)) - Lock on /workdir/hadoop-ozone/integration-test/target/test-dir/MiniOzoneClusterImpl-3ca6fd23-a5ee-487c-a238-8e42847d24a4/datanode-0/data/ratis/ab56201a-8248-4b30-9fab-db1f25166ce5/in_use.lock acquired by nodename 11622@pr-hdds-2166-8ptj5-2756111467
2019-09-27 11:50:58,675 [IPC Server handler 0 on 38072] INFO  net.NetworkTopology (NetworkTopologyImpl.java:add(111)) - Added a new node: /default-rack/4de51c34-1414-4a57-9393-191db81f912b
2019-09-27 11:50:58,676 [IPC Server handler 0 on 38072] INFO  node.SCMNodeManager (SCMNodeManager.java:register(266)) - Registered Data node : 4de51c34-1414-4a57-9393-191db81f912b{ip: 192.168.30.19, host: pr-hdds-2166-8ptj5-2756111467, networkLocation: /default-rack, certSerialId: null}
2019-09-27 11:50:58,684 [pool-119-thread-1] INFO  storage.RaftStorage (RaftStorage.java:format(72)) - Storage directory /workdir/hadoop-ozone/integration-test/target/test-dir/MiniOzoneClusterImpl-3ca6fd23-a5ee-487c-a238-8e42847d24a4/datanode-0/data/ratis/ab56201a-8248-4b30-9fab-db1f25166ce5 has been successfully formatted.
2019-09-27 11:50:58,685 [pool-119-thread-1] INFO  ratis.ContainerStateMachine (ContainerStateMachine.java:loadSnapshot(230)) - group-DB1F25166CE5: The snapshot info is null. Setting the last applied indexto:(t:0, i:~)
2019-09-27 11:50:58,685 [pool-119-thread-1] INFO  server.RaftServerConfigKeys (ConfUtils.java:logGet(43)) - raft.server.notification.no-leader.timeout = 120s (custom)
2019-09-27 11:50:58,685 [pool-119-thread-1] INFO  server.RaftServerConfigKeys (ConfUtils.java:logGet(43)) - raft.server.log.use.memory = false (default)
2019-09-27 11:50:58,685 [pool-119-thread-1] INFO  server.RaftServerConfigKeys (ConfUtils.java:logGet(43)) - raft.server.log.purge.gap = 1000000 (custom)
2019-09-27 11:50:58,685 [pool-119-thread-1] INFO  server.RaftServerConfigKeys (ConfUtils.java:logGet(43)) - raft.server.log.appender.buffer.byte-limit = 33554432 (custom)
2019-09-27 11:50:58,685 [pool-119-thread-1] INFO  server.RaftServerConfigKeys (ConfUtils.java:logGet(43)) - raft.server.log.segment.size.max = 1048576 (custom)
2019-09-27 11:50:58,686 [pool-119-thread-1] INFO  server.RaftServerConfigKeys (ConfUtils.java:logGet(43)) - raft.server.log.segment.cache.num.max = 2 (custom)
2019-09-27 11:50:58,686 [pool-119-thread-1] INFO  segmented.SegmentedRaftLogWorker (SegmentedRaftLogWorker.java:<init>(172)) - new a9b76f13-9965-44c1-ab60-72935f90d179@group-DB1F25166CE5-SegmentedRaftLogWorker for RaftStorage:Storage Directory /workdir/hadoop-ozone/integration-test/target/test-dir/MiniOzoneClusterImpl-3ca6fd23-a5ee-487c-a238-8e42847d24a4/datanode-0/data/ratis/ab56201a-8248-4b30-9fab-db1f25166ce5
2019-09-27 11:50:58,688 [pool-119-thread-1] INFO  server.RaftServerConfigKeys (ConfUtils.java:logGet(43)) - raft.server.log.queue.byte-limit = 2147483647 (custom)
2019-09-27 11:50:58,688 [pool-119-thread-1] INFO  server.RaftServerConfigKeys (ConfUtils.java:logGet(43)) - raft.server.log.queue.element-limit = 1024 (custom)
2019-09-27 11:50:58,689 [pool-119-thread-1] INFO  server.RaftServerConfigKeys (ConfUtils.java:logGet(43)) - raft.server.log.segment.size.max = 1048576 (custom)
2019-09-27 11:50:58,689 [pool-119-thread-1] INFO  server.RaftServerConfigKeys (ConfUtils.java:logGet(43)) - raft.server.log.preallocated.size = 16384 (custom)
2019-09-27 11:50:58,689 [pool-119-thread-1] INFO  server.RaftServerConfigKeys (ConfUtils.java:logGet(43)) - raft.server.log.write.buffer.size = 33554432 (custom)
2019-09-27 11:50:58,689 [pool-119-thread-1] INFO  server.RaftServerConfigKeys (ConfUtils.java:logGet(43)) - raft.server.log.force.sync.num = 128 (default)
2019-09-27 11:50:58,689 [pool-119-thread-1] INFO  server.RaftServerConfigKeys (ConfUtils.java:logGet(43)) - raft.server.log.statemachine.data.sync = true (default)
2019-09-27 11:50:58,689 [pool-119-thread-1] INFO  server.RaftServerConfigKeys (ConfUtils.java:logGet(43)) - raft.server.log.statemachine.data.sync.timeout = 10s (default)
2019-09-27 11:50:58,690 [pool-119-thread-1] INFO  server.RaftServerConfigKeys (ConfUtils.java:logGet(43)) - raft.server.log.statemachine.data.sync.timeout.retry = -1 (default)
2019-09-27 11:50:58,690 [pool-119-thread-1] INFO  server.RaftServerConfigKeys (ConfUtils.java:logGet(43)) - raft.server.log.statemachine.data.caching.enabled = true (custom)
2019-09-27 11:50:58,690 [pool-119-thread-1] INFO  segmented.SegmentedRaftLogWorker (SegmentedRaftLogWorker.java:lambda$new$0(132)) - a9b76f13-9965-44c1-ab60-72935f90d179@group-DB1F25166CE5-SegmentedRaftLogWorker: flushIndex: setUnconditionally 0 -> -1
2019-09-27 11:50:58,691 [pool-119-thread-1] INFO  server.RaftServerConfigKeys (ConfUtils.java:logGet(43)) - raft.server.snapshot.auto.trigger.enabled = true (custom)
2019-09-27 11:50:58,691 [pool-119-thread-1] INFO  server.RaftServerConfigKeys (ConfUtils.java:logGet(43)) - raft.server.snapshot.auto.trigger.threshold = 10000 (custom)
2019-09-27 11:50:58,691 [pool-119-thread-1] INFO  server.RaftServerConfigKeys (ConfUtils.java:logGet(43)) - raft.server.snapshot.retention.num.files = 5 (custom)
2019-09-27 11:50:58,691 [pool-119-thread-1] INFO  server.RaftServerConfigKeys (ConfUtils.java:logGet(43)) - raft.server.retrycache.expirytime = 600000ms (custom)
2019-09-27 11:50:58,694 [pool-119-thread-1] INFO  impl.RaftServerImpl (RaftServerImpl.java:start(185)) - a9b76f13-9965-44c1-ab60-72935f90d179@group-DB1F25166CE5: start as a follower, conf=-1: [a9b76f13-9965-44c1-ab60-72935f90d179:192.168.30.19:35755], old=null
2019-09-27 11:50:58,694 [pool-119-thread-1] INFO  impl.RaftServerImpl (RaftServerImpl.java:setRole(174)) - a9b76f13-9965-44c1-ab60-72935f90d179@group-DB1F25166CE5: changes role from      null to FOLLOWER at term 0 for startAsFollower
2019-09-27 11:50:58,694 [pool-119-thread-1] INFO  impl.RoleInfo (RoleInfo.java:updateAndGet(143)) - a9b76f13-9965-44c1-ab60-72935f90d179: start FollowerState
2019-09-27 11:50:58,695 [pool-119-thread-1] INFO  util.JmxRegister (JmxRegister.java:tryRegister(44)) - Successfully registered JMX Bean with object name Ratis:service=RaftServer,group=group-DB1F25166CE5,id=a9b76f13-9965-44c1-ab60-72935f90d179
2019-09-27 11:50:58,716 [RatisPipelineUtilsThread] INFO  pipeline.PipelineStateManager (PipelineStateManager.java:addPipeline(56)) - Created pipeline Pipeline[ Id: ab56201a-8248-4b30-9fab-db1f25166ce5, Nodes: a9b76f13-9965-44c1-ab60-72935f90d179{ip: 192.168.30.19, host: pr-hdds-2166-8ptj5-2756111467, networkLocation: /default-rack, certSerialId: null}, Type:RATIS, Factor:ONE, State:OPEN]
2019-09-27 11:50:58,725 [grpc-default-executor-3] INFO  impl.RaftServerProxy (RaftServerProxy.java:addNew(89)) - 4de51c34-1414-4a57-9393-191db81f912b: addNew group-EA4E171CA579:[4de51c34-1414-4a57-9393-191db81f912b:192.168.30.19:34175] returns group-EA4E171CA579:java.util.concurrent.CompletableFuture@4494f3e1[Not completed]
2019-09-27 11:50:58,728 [pool-129-thread-1] INFO  impl.RaftServerImpl (RaftServerImpl.java:<init>(95)) - 4de51c34-1414-4a57-9393-191db81f912b: new RaftServerImpl for group-EA4E171CA579:[4de51c34-1414-4a57-9393-191db81f912b:192.168.30.19:34175] with ContainerStateMachine:uninitialized
2019-09-27 11:50:58,728 [pool-129-thread-1] INFO  server.RaftServerConfigKeys (ConfUtils.java:logGet(43)) - raft.server.rpc.timeout.min = 5s (custom)
2019-09-27 11:50:58,728 [pool-129-thread-1] INFO  server.RaftServerConfigKeys (ConfUtils.java:logGet(43)) - raft.server.rpc.timeout.max = 5200ms (custom)
2019-09-27 11:50:58,728 [pool-129-thread-1] INFO  server.RaftServerConfigKeys (ConfUtils.java:logGet(43)) - raft.server.rpcslowness.timeout = 120s (custom)
2019-09-27 11:50:58,728 [pool-129-thread-1] INFO  server.RaftServerConfigKeys (ConfUtils.java:logGet(43)) - raft.server.sleep.deviation.threshold = 300 (default)
2019-09-27 11:50:58,728 [pool-129-thread-1] INFO  server.RaftServerConfigKeys (ConfUtils.java:logGet(43)) - raft.server.log.appender.install.snapshot.enabled = false (custom)
2019-09-27 11:50:58,729 [pool-129-thread-1] INFO  impl.RaftServerImpl (ServerState.java:<init>(103)) - 4de51c34-1414-4a57-9393-191db81f912b@group-EA4E171CA579: ConfigurationManager, init=-1: [4de51c34-1414-4a57-9393-191db81f912b:192.168.30.19:34175], old=null, confs=<EMPTY_MAP>
2019-09-27 11:50:58,729 [pool-129-thread-1] INFO  server.RaftServerConfigKeys (ConfUtils.java:logGet(43)) - raft.server.storage.dir = [/workdir/hadoop-ozone/integration-test/target/test-dir/MiniOzoneClusterImpl-3ca6fd23-a5ee-487c-a238-8e42847d24a4/datanode-1/data/ratis] (custom)
2019-09-27 11:50:58,729 [pool-129-thread-1] INFO  storage.RaftStorageDirectory (RaftStorageDirectory.java:analyzeStorage(246)) - The storage directory /workdir/hadoop-ozone/integration-test/target/test-dir/MiniOzoneClusterImpl-3ca6fd23-a5ee-487c-a238-8e42847d24a4/datanode-1/data/ratis/341e586f-42c0-4c64-b774-ea4e171ca579 does not exist. Creating ...
2019-09-27 11:50:58,736 [IPC Server handler 3 on 38072] INFO  net.NetworkTopology (NetworkTopologyImpl.java:add(111)) - Added a new node: /default-rack/6760aa84-32eb-4d58-b79e-6880432c1967
2019-09-27 11:50:58,736 [IPC Server handler 3 on 38072] INFO  node.SCMNodeManager (SCMNodeManager.java:register(266)) - Registered Data node : 6760aa84-32eb-4d58-b79e-6880432c1967{ip: 192.168.30.19, host: pr-hdds-2166-8ptj5-2756111467, networkLocation: /default-rack, certSerialId: null}
2019-09-27 11:50:58,753 [pool-129-thread-1] INFO  storage.RaftStorageDirectory (RaftStorageDirectory.java:tryLock(328)) - Lock on /workdir/hadoop-ozone/integration-test/target/test-dir/MiniOzoneClusterImpl-3ca6fd23-a5ee-487c-a238-8e42847d24a4/datanode-1/data/ratis/341e586f-42c0-4c64-b774-ea4e171ca579/in_use.lock acquired by nodename 11622@pr-hdds-2166-8ptj5-2756111467
2019-09-27 11:50:58,776 [pool-129-thread-1] INFO  storage.RaftStorage (RaftStorage.java:format(72)) - Storage directory /workdir/hadoop-ozone/integration-test/target/test-dir/MiniOzoneClusterImpl-3ca6fd23-a5ee-487c-a238-8e42847d24a4/datanode-1/data/ratis/341e586f-42c0-4c64-b774-ea4e171ca579 has been successfully formatted.
2019-09-27 11:50:58,776 [pool-129-thread-1] INFO  ratis.ContainerStateMachine (ContainerStateMachine.java:loadSnapshot(230)) - group-EA4E171CA579: The snapshot info is null. Setting the last applied indexto:(t:0, i:~)
2019-09-27 11:50:58,776 [pool-129-thread-1] INFO  server.RaftServerConfigKeys (ConfUtils.java:logGet(43)) - raft.server.notification.no-leader.timeout = 120s (custom)
2019-09-27 11:50:58,777 [pool-129-thread-1] INFO  server.RaftServerConfigKeys (ConfUtils.java:logGet(43)) - raft.server.log.use.memory = false (default)
2019-09-27 11:50:58,777 [pool-129-thread-1] INFO  server.RaftServerConfigKeys (ConfUtils.java:logGet(43)) - raft.server.log.purge.gap = 1000000 (custom)
2019-09-27 11:50:58,777 [pool-129-thread-1] INFO  server.RaftServerConfigKeys (ConfUtils.java:logGet(43)) - raft.server.log.appender.buffer.byte-limit = 33554432 (custom)
2019-09-27 11:50:58,777 [pool-129-thread-1] INFO  server.RaftServerConfigKeys (ConfUtils.java:logGet(43)) - raft.server.log.segment.size.max = 1048576 (custom)
2019-09-27 11:50:58,777 [pool-129-thread-1] INFO  server.RaftServerConfigKeys (ConfUtils.java:logGet(43)) - raft.server.log.segment.cache.num.max = 2 (custom)
2019-09-27 11:50:58,777 [pool-129-thread-1] INFO  segmented.SegmentedRaftLogWorker (SegmentedRaftLogWorker.java:<init>(172)) - new 4de51c34-1414-4a57-9393-191db81f912b@group-EA4E171CA579-SegmentedRaftLogWorker for RaftStorage:Storage Directory /workdir/hadoop-ozone/integration-test/target/test-dir/MiniOzoneClusterImpl-3ca6fd23-a5ee-487c-a238-8e42847d24a4/datanode-1/data/ratis/341e586f-42c0-4c64-b774-ea4e171ca579
2019-09-27 11:50:58,780 [pool-129-thread-1] INFO  server.RaftServerConfigKeys (ConfUtils.java:logGet(43)) - raft.server.log.queue.byte-limit = 2147483647 (custom)
2019-09-27 11:50:58,780 [pool-129-thread-1] INFO  server.RaftServerConfigKeys (ConfUtils.java:logGet(43)) - raft.server.log.queue.element-limit = 1024 (custom)
2019-09-27 11:50:58,780 [pool-129-thread-1] INFO  server.RaftServerConfigKeys (ConfUtils.java:logGet(43)) - raft.server.log.segment.size.max = 1048576 (custom)
2019-09-27 11:50:58,780 [pool-129-thread-1] INFO  server.RaftServerConfigKeys (ConfUtils.java:logGet(43)) - raft.server.log.preallocated.size = 16384 (custom)
2019-09-27 11:50:58,780 [pool-129-thread-1] INFO  server.RaftServerConfigKeys (ConfUtils.java:logGet(43)) - raft.server.log.write.buffer.size = 33554432 (custom)
2019-09-27 11:50:58,780 [pool-129-thread-1] INFO  server.RaftServerConfigKeys (ConfUtils.java:logGet(43)) - raft.server.log.force.sync.num = 128 (default)
2019-09-27 11:50:58,780 [pool-129-thread-1] INFO  server.RaftServerConfigKeys (ConfUtils.java:logGet(43)) - raft.server.log.statemachine.data.sync = true (default)
2019-09-27 11:50:58,781 [pool-129-thread-1] INFO  server.RaftServerConfigKeys (ConfUtils.java:logGet(43)) - raft.server.log.statemachine.data.sync.timeout = 10s (default)
2019-09-27 11:50:58,781 [pool-129-thread-1] INFO  server.RaftServerConfigKeys (ConfUtils.java:logGet(43)) - raft.server.log.statemachine.data.sync.timeout.retry = -1 (default)
2019-09-27 11:50:58,781 [pool-129-thread-1] INFO  server.RaftServerConfigKeys (ConfUtils.java:logGet(43)) - raft.server.log.statemachine.data.caching.enabled = true (custom)
2019-09-27 11:50:58,781 [pool-129-thread-1] INFO  segmented.SegmentedRaftLogWorker (SegmentedRaftLogWorker.java:lambda$new$0(132)) - 4de51c34-1414-4a57-9393-191db81f912b@group-EA4E171CA579-SegmentedRaftLogWorker: flushIndex: setUnconditionally 0 -> -1
2019-09-27 11:50:58,782 [pool-129-thread-1] INFO  server.RaftServerConfigKeys (ConfUtils.java:logGet(43)) - raft.server.snapshot.auto.trigger.enabled = true (custom)
2019-09-27 11:50:58,782 [pool-129-thread-1] INFO  server.RaftServerConfigKeys (ConfUtils.java:logGet(43)) - raft.server.snapshot.auto.trigger.threshold = 10000 (custom)
2019-09-27 11:50:58,782 [pool-129-thread-1] INFO  server.RaftServerConfigKeys (ConfUtils.java:logGet(43)) - raft.server.snapshot.retention.num.files = 5 (custom)
2019-09-27 11:50:58,782 [pool-129-thread-1] INFO  server.RaftServerConfigKeys (ConfUtils.java:logGet(43)) - raft.server.retrycache.expirytime = 600000ms (custom)
2019-09-27 11:50:58,784 [pool-129-thread-1] INFO  impl.RaftServerImpl (RaftServerImpl.java:start(185)) - 4de51c34-1414-4a57-9393-191db81f912b@group-EA4E171CA579: start as a follower, conf=-1: [4de51c34-1414-4a57-9393-191db81f912b:192.168.30.19:34175], old=null
2019-09-27 11:50:58,784 [pool-129-thread-1] INFO  impl.RaftServerImpl (RaftServerImpl.java:setRole(174)) - 4de51c34-1414-4a57-9393-191db81f912b@group-EA4E171CA579: changes role from      null to FOLLOWER at term 0 for startAsFollower
2019-09-27 11:50:58,784 [pool-129-thread-1] INFO  impl.RoleInfo (RoleInfo.java:updateAndGet(143)) - 4de51c34-1414-4a57-9393-191db81f912b: start FollowerState
2019-09-27 11:50:58,785 [pool-129-thread-1] INFO  util.JmxRegister (JmxRegister.java:tryRegister(44)) - Successfully registered JMX Bean with object name Ratis:service=RaftServer,group=group-EA4E171CA579,id=4de51c34-1414-4a57-9393-191db81f912b
2019-09-27 11:50:58,790 [RatisPipelineUtilsThread] INFO  pipeline.PipelineStateManager (PipelineStateManager.java:addPipeline(56)) - Created pipeline Pipeline[ Id: 341e586f-42c0-4c64-b774-ea4e171ca579, Nodes: 4de51c34-1414-4a57-9393-191db81f912b{ip: 192.168.30.19, host: pr-hdds-2166-8ptj5-2756111467, networkLocation: /default-rack, certSerialId: null}, Type:RATIS, Factor:ONE, State:OPEN]
2019-09-27 11:50:58,801 [grpc-default-executor-3] INFO  impl.RaftServerProxy (RaftServerProxy.java:addNew(89)) - 6760aa84-32eb-4d58-b79e-6880432c1967: addNew group-D773FF21F2DE:[6760aa84-32eb-4d58-b79e-6880432c1967:192.168.30.19:36901] returns group-D773FF21F2DE:java.util.concurrent.CompletableFuture@35aa2f43[Not completed]
2019-09-27 11:50:58,804 [pool-139-thread-1] INFO  impl.RaftServerImpl (RaftServerImpl.java:<init>(95)) - 6760aa84-32eb-4d58-b79e-6880432c1967: new RaftServerImpl for group-D773FF21F2DE:[6760aa84-32eb-4d58-b79e-6880432c1967:192.168.30.19:36901] with ContainerStateMachine:uninitialized
2019-09-27 11:50:58,804 [pool-139-thread-1] INFO  server.RaftServerConfigKeys (ConfUtils.java:logGet(43)) - raft.server.rpc.timeout.min = 5s (custom)
2019-09-27 11:50:58,804 [pool-139-thread-1] INFO  server.RaftServerConfigKeys (ConfUtils.java:logGet(43)) - raft.server.rpc.timeout.max = 5200ms (custom)
2019-09-27 11:50:58,804 [pool-139-thread-1] INFO  server.RaftServerConfigKeys (ConfUtils.java:logGet(43)) - raft.server.rpcslowness.timeout = 120s (custom)
2019-09-27 11:50:58,804 [pool-139-thread-1] INFO  server.RaftServerConfigKeys (ConfUtils.java:logGet(43)) - raft.server.sleep.deviation.threshold = 300 (default)
2019-09-27 11:50:58,804 [pool-139-thread-1] INFO  server.RaftServerConfigKeys (ConfUtils.java:logGet(43)) - raft.server.log.appender.install.snapshot.enabled = false (custom)
2019-09-27 11:50:58,804 [pool-139-thread-1] INFO  impl.RaftServerImpl (ServerState.java:<init>(103)) - 6760aa84-32eb-4d58-b79e-6880432c1967@group-D773FF21F2DE: ConfigurationManager, init=-1: [6760aa84-32eb-4d58-b79e-6880432c1967:192.168.30.19:36901], old=null, confs=<EMPTY_MAP>
2019-09-27 11:50:58,805 [pool-139-thread-1] INFO  server.RaftServerConfigKeys (ConfUtils.java:logGet(43)) - raft.server.storage.dir = [/workdir/hadoop-ozone/integration-test/target/test-dir/MiniOzoneClusterImpl-3ca6fd23-a5ee-487c-a238-8e42847d24a4/datanode-2/data/ratis] (custom)
2019-09-27 11:50:58,805 [pool-139-thread-1] INFO  storage.RaftStorageDirectory (RaftStorageDirectory.java:analyzeStorage(246)) - The storage directory /workdir/hadoop-ozone/integration-test/target/test-dir/MiniOzoneClusterImpl-3ca6fd23-a5ee-487c-a238-8e42847d24a4/datanode-2/data/ratis/92059cea-af2f-4c93-861a-d773ff21f2de does not exist. Creating ...
2019-09-27 11:50:58,811 [IPC Server handler 1 on 38072] INFO  net.NetworkTopology (NetworkTopologyImpl.java:add(111)) - Added a new node: /default-rack/224b933d-f7fb-4ff7-a482-9c13e4b41436
2019-09-27 11:50:58,811 [IPC Server handler 1 on 38072] INFO  node.SCMNodeManager (SCMNodeManager.java:register(266)) - Registered Data node : 224b933d-f7fb-4ff7-a482-9c13e4b41436{ip: 192.168.30.19, host: pr-hdds-2166-8ptj5-2756111467, networkLocation: /default-rack, certSerialId: null}
2019-09-27 11:50:58,828 [pool-139-thread-1] INFO  storage.RaftStorageDirectory (RaftStorageDirectory.java:tryLock(328)) - Lock on /workdir/hadoop-ozone/integration-test/target/test-dir/MiniOzoneClusterImpl-3ca6fd23-a5ee-487c-a238-8e42847d24a4/datanode-2/data/ratis/92059cea-af2f-4c93-861a-d773ff21f2de/in_use.lock acquired by nodename 11622@pr-hdds-2166-8ptj5-2756111467
2019-09-27 11:50:58,850 [pool-139-thread-1] INFO  storage.RaftStorage (RaftStorage.java:format(72)) - Storage directory /workdir/hadoop-ozone/integration-test/target/test-dir/MiniOzoneClusterImpl-3ca6fd23-a5ee-487c-a238-8e42847d24a4/datanode-2/data/ratis/92059cea-af2f-4c93-861a-d773ff21f2de has been successfully formatted.
2019-09-27 11:50:58,851 [pool-139-thread-1] INFO  ratis.ContainerStateMachine (ContainerStateMachine.java:loadSnapshot(230)) - group-D773FF21F2DE: The snapshot info is null. Setting the last applied indexto:(t:0, i:~)
2019-09-27 11:50:58,851 [pool-139-thread-1] INFO  server.RaftServerConfigKeys (ConfUtils.java:logGet(43)) - raft.server.notification.no-leader.timeout = 120s (custom)
2019-09-27 11:50:58,851 [pool-139-thread-1] INFO  server.RaftServerConfigKeys (ConfUtils.java:logGet(43)) - raft.server.log.use.memory = false (default)
2019-09-27 11:50:58,851 [pool-139-thread-1] INFO  server.RaftServerConfigKeys (ConfUtils.java:logGet(43)) - raft.server.log.purge.gap = 1000000 (custom)
2019-09-27 11:50:58,851 [pool-139-thread-1] INFO  server.RaftServerConfigKeys (ConfUtils.java:logGet(43)) - raft.server.log.appender.buffer.byte-limit = 33554432 (custom)
2019-09-27 11:50:58,851 [pool-139-thread-1] INFO  server.RaftServerConfigKeys (ConfUtils.java:logGet(43)) - raft.server.log.segment.size.max = 1048576 (custom)
2019-09-27 11:50:58,851 [pool-139-thread-1] INFO  server.RaftServerConfigKeys (ConfUtils.java:logGet(43)) - raft.server.log.segment.cache.num.max = 2 (custom)
2019-09-27 11:50:58,851 [pool-139-thread-1] INFO  segmented.SegmentedRaftLogWorker (SegmentedRaftLogWorker.java:<init>(172)) - new 6760aa84-32eb-4d58-b79e-6880432c1967@group-D773FF21F2DE-SegmentedRaftLogWorker for RaftStorage:Storage Directory /workdir/hadoop-ozone/integration-test/target/test-dir/MiniOzoneClusterImpl-3ca6fd23-a5ee-487c-a238-8e42847d24a4/datanode-2/data/ratis/92059cea-af2f-4c93-861a-d773ff21f2de
2019-09-27 11:50:58,853 [pool-139-thread-1] INFO  server.RaftServerConfigKeys (ConfUtils.java:logGet(43)) - raft.server.log.queue.byte-limit = 2147483647 (custom)
2019-09-27 11:50:58,853 [pool-139-thread-1] INFO  server.RaftServerConfigKeys (ConfUtils.java:logGet(43)) - raft.server.log.queue.element-limit = 1024 (custom)
2019-09-27 11:50:58,853 [pool-139-thread-1] INFO  server.RaftServerConfigKeys (ConfUtils.java:logGet(43)) - raft.server.log.segment.size.max = 1048576 (custom)
2019-09-27 11:50:58,853 [pool-139-thread-1] INFO  server.RaftServerConfigKeys (ConfUtils.java:logGet(43)) - raft.server.log.preallocated.size = 16384 (custom)
2019-09-27 11:50:58,853 [pool-139-thread-1] INFO  server.RaftServerConfigKeys (ConfUtils.java:logGet(43)) - raft.server.log.write.buffer.size = 33554432 (custom)
2019-09-27 11:50:58,853 [pool-139-thread-1] INFO  server.RaftServerConfigKeys (ConfUtils.java:logGet(43)) - raft.server.log.force.sync.num = 128 (default)
2019-09-27 11:50:58,854 [pool-139-thread-1] INFO  server.RaftServerConfigKeys (ConfUtils.java:logGet(43)) - raft.server.log.statemachine.data.sync = true (default)
2019-09-27 11:50:58,854 [pool-139-thread-1] INFO  server.RaftServerConfigKeys (ConfUtils.java:logGet(43)) - raft.server.log.statemachine.data.sync.timeout = 10s (default)
2019-09-27 11:50:58,854 [pool-139-thread-1] INFO  server.RaftServerConfigKeys (ConfUtils.java:logGet(43)) - raft.server.log.statemachine.data.sync.timeout.retry = -1 (default)
2019-09-27 11:50:58,854 [pool-139-thread-1] INFO  server.RaftServerConfigKeys (ConfUtils.java:logGet(43)) - raft.server.log.statemachine.data.caching.enabled = true (custom)
2019-09-27 11:50:58,854 [pool-139-thread-1] INFO  segmented.SegmentedRaftLogWorker (SegmentedRaftLogWorker.java:lambda$new$0(132)) - 6760aa84-32eb-4d58-b79e-6880432c1967@group-D773FF21F2DE-SegmentedRaftLogWorker: flushIndex: setUnconditionally 0 -> -1
2019-09-27 11:50:58,854 [pool-139-thread-1] INFO  server.RaftServerConfigKeys (ConfUtils.java:logGet(43)) - raft.server.snapshot.auto.trigger.enabled = true (custom)
2019-09-27 11:50:58,854 [pool-139-thread-1] INFO  server.RaftServerConfigKeys (ConfUtils.java:logGet(43)) - raft.server.snapshot.auto.trigger.threshold = 10000 (custom)
2019-09-27 11:50:58,855 [pool-139-thread-1] INFO  server.RaftServerConfigKeys (ConfUtils.java:logGet(43)) - raft.server.snapshot.retention.num.files = 5 (custom)
2019-09-27 11:50:58,855 [pool-139-thread-1] INFO  server.RaftServerConfigKeys (ConfUtils.java:logGet(43)) - raft.server.retrycache.expirytime = 600000ms (custom)
2019-09-27 11:50:58,856 [pool-139-thread-1] INFO  impl.RaftServerImpl (RaftServerImpl.java:start(185)) - 6760aa84-32eb-4d58-b79e-6880432c1967@group-D773FF21F2DE: start as a follower, conf=-1: [6760aa84-32eb-4d58-b79e-6880432c1967:192.168.30.19:36901], old=null
2019-09-27 11:50:58,856 [pool-139-thread-1] INFO  impl.RaftServerImpl (RaftServerImpl.java:setRole(174)) - 6760aa84-32eb-4d58-b79e-6880432c1967@group-D773FF21F2DE: changes role from      null to FOLLOWER at term 0 for startAsFollower
2019-09-27 11:50:58,857 [pool-139-thread-1] INFO  impl.RoleInfo (RoleInfo.java:updateAndGet(143)) - 6760aa84-32eb-4d58-b79e-6880432c1967: start FollowerState
2019-09-27 11:50:58,857 [pool-139-thread-1] INFO  util.JmxRegister (JmxRegister.java:tryRegister(44)) - Successfully registered JMX Bean with object name Ratis:service=RaftServer,group=group-D773FF21F2DE,id=6760aa84-32eb-4d58-b79e-6880432c1967
2019-09-27 11:50:58,862 [RatisPipelineUtilsThread] INFO  pipeline.PipelineStateManager (PipelineStateManager.java:addPipeline(56)) - Created pipeline Pipeline[ Id: 92059cea-af2f-4c93-861a-d773ff21f2de, Nodes: 6760aa84-32eb-4d58-b79e-6880432c1967{ip: 192.168.30.19, host: pr-hdds-2166-8ptj5-2756111467, networkLocation: /default-rack, certSerialId: null}, Type:RATIS, Factor:ONE, State:OPEN]
2019-09-27 11:50:58,874 [grpc-default-executor-3] INFO  impl.RaftServerProxy (RaftServerProxy.java:addNew(89)) - 224b933d-f7fb-4ff7-a482-9c13e4b41436: addNew group-45D63B687AE9:[224b933d-f7fb-4ff7-a482-9c13e4b41436:192.168.30.19:36788] returns group-45D63B687AE9:java.util.concurrent.CompletableFuture@7cfcccaf[Not completed]
2019-09-27 11:50:58,879 [pool-149-thread-1] INFO  impl.RaftServerImpl (RaftServerImpl.java:<init>(95)) - 224b933d-f7fb-4ff7-a482-9c13e4b41436: new RaftServerImpl for group-45D63B687AE9:[224b933d-f7fb-4ff7-a482-9c13e4b41436:192.168.30.19:36788] with ContainerStateMachine:uninitialized
2019-09-27 11:50:58,879 [pool-149-thread-1] INFO  server.RaftServerConfigKeys (ConfUtils.java:logGet(43)) - raft.server.rpc.timeout.min = 5s (custom)
2019-09-27 11:50:58,880 [pool-149-thread-1] INFO  server.RaftServerConfigKeys (ConfUtils.java:logGet(43)) - raft.server.rpc.timeout.max = 5200ms (custom)
2019-09-27 11:50:58,880 [pool-149-thread-1] INFO  server.RaftServerConfigKeys (ConfUtils.java:logGet(43)) - raft.server.rpcslowness.timeout = 120s (custom)
2019-09-27 11:50:58,880 [pool-149-thread-1] INFO  server.RaftServerConfigKeys (ConfUtils.java:logGet(43)) - raft.server.sleep.deviation.threshold = 300 (default)
2019-09-27 11:50:58,880 [IPC Server handler 5 on 38072] INFO  net.NetworkTopology (NetworkTopologyImpl.java:add(111)) - Added a new node: /default-rack/444703ef-a2ff-448b-8d4d-c6e7c56dacd7
2019-09-27 11:50:58,880 [pool-149-thread-1] INFO  server.RaftServerConfigKeys (ConfUtils.java:logGet(43)) - raft.server.log.appender.install.snapshot.enabled = false (custom)
2019-09-27 11:50:58,880 [IPC Server handler 5 on 38072] INFO  node.SCMNodeManager (SCMNodeManager.java:register(266)) - Registered Data node : 444703ef-a2ff-448b-8d4d-c6e7c56dacd7{ip: 192.168.30.19, host: pr-hdds-2166-8ptj5-2756111467, networkLocation: /default-rack, certSerialId: null}
2019-09-27 11:50:58,880 [pool-149-thread-1] INFO  impl.RaftServerImpl (ServerState.java:<init>(103)) - 224b933d-f7fb-4ff7-a482-9c13e4b41436@group-45D63B687AE9: ConfigurationManager, init=-1: [224b933d-f7fb-4ff7-a482-9c13e4b41436:192.168.30.19:36788], old=null, confs=<EMPTY_MAP>
2019-09-27 11:50:58,881 [pool-149-thread-1] INFO  server.RaftServerConfigKeys (ConfUtils.java:logGet(43)) - raft.server.storage.dir = [/workdir/hadoop-ozone/integration-test/target/test-dir/MiniOzoneClusterImpl-3ca6fd23-a5ee-487c-a238-8e42847d24a4/datanode-3/data/ratis] (custom)
2019-09-27 11:50:58,881 [pool-149-thread-1] INFO  storage.RaftStorageDirectory (RaftStorageDirectory.java:analyzeStorage(246)) - The storage directory /workdir/hadoop-ozone/integration-test/target/test-dir/MiniOzoneClusterImpl-3ca6fd23-a5ee-487c-a238-8e42847d24a4/datanode-3/data/ratis/09080fcf-8b5c-44a7-8e54-45d63b687ae9 does not exist. Creating ...
2019-09-27 11:50:58,904 [pool-149-thread-1] INFO  storage.RaftStorageDirectory (RaftStorageDirectory.java:tryLock(328)) - Lock on /workdir/hadoop-ozone/integration-test/target/test-dir/MiniOzoneClusterImpl-3ca6fd23-a5ee-487c-a238-8e42847d24a4/datanode-3/data/ratis/09080fcf-8b5c-44a7-8e54-45d63b687ae9/in_use.lock acquired by nodename 11622@pr-hdds-2166-8ptj5-2756111467
2019-09-27 11:50:58,940 [IPC Server handler 6 on 38072] INFO  net.NetworkTopology (NetworkTopologyImpl.java:add(111)) - Added a new node: /default-rack/375ac5ba-0c4a-468a-bc80-8405446a2fc5
2019-09-27 11:50:58,941 [IPC Server handler 6 on 38072] INFO  node.SCMNodeManager (SCMNodeManager.java:register(266)) - Registered Data node : 375ac5ba-0c4a-468a-bc80-8405446a2fc5{ip: 192.168.30.19, host: pr-hdds-2166-8ptj5-2756111467, networkLocation: /default-rack, certSerialId: null}
2019-09-27 11:50:58,947 [pool-149-thread-1] INFO  storage.RaftStorage (RaftStorage.java:format(72)) - Storage directory /workdir/hadoop-ozone/integration-test/target/test-dir/MiniOzoneClusterImpl-3ca6fd23-a5ee-487c-a238-8e42847d24a4/datanode-3/data/ratis/09080fcf-8b5c-44a7-8e54-45d63b687ae9 has been successfully formatted.
2019-09-27 11:50:58,948 [pool-149-thread-1] INFO  ratis.ContainerStateMachine (ContainerStateMachine.java:loadSnapshot(230)) - group-45D63B687AE9: The snapshot info is null. Setting the last applied indexto:(t:0, i:~)
2019-09-27 11:50:58,948 [pool-149-thread-1] INFO  server.RaftServerConfigKeys (ConfUtils.java:logGet(43)) - raft.server.notification.no-leader.timeout = 120s (custom)
2019-09-27 11:50:58,948 [pool-149-thread-1] INFO  server.RaftServerConfigKeys (ConfUtils.java:logGet(43)) - raft.server.log.use.memory = false (default)
2019-09-27 11:50:58,948 [pool-149-thread-1] INFO  server.RaftServerConfigKeys (ConfUtils.java:logGet(43)) - raft.server.log.purge.gap = 1000000 (custom)
2019-09-27 11:50:58,948 [pool-149-thread-1] INFO  server.RaftServerConfigKeys (ConfUtils.java:logGet(43)) - raft.server.log.appender.buffer.byte-limit = 33554432 (custom)
2019-09-27 11:50:58,948 [pool-149-thread-1] INFO  server.RaftServerConfigKeys (ConfUtils.java:logGet(43)) - raft.server.log.segment.size.max = 1048576 (custom)
2019-09-27 11:50:58,949 [pool-149-thread-1] INFO  server.RaftServerConfigKeys (ConfUtils.java:logGet(43)) - raft.server.log.segment.cache.num.max = 2 (custom)
2019-09-27 11:50:58,949 [pool-149-thread-1] INFO  segmented.SegmentedRaftLogWorker (SegmentedRaftLogWorker.java:<init>(172)) - new 224b933d-f7fb-4ff7-a482-9c13e4b41436@group-45D63B687AE9-SegmentedRaftLogWorker for RaftStorage:Storage Directory /workdir/hadoop-ozone/integration-test/target/test-dir/MiniOzoneClusterImpl-3ca6fd23-a5ee-487c-a238-8e42847d24a4/datanode-3/data/ratis/09080fcf-8b5c-44a7-8e54-45d63b687ae9
2019-09-27 11:50:58,952 [pool-149-thread-1] INFO  server.RaftServerConfigKeys (ConfUtils.java:logGet(43)) - raft.server.log.queue.byte-limit = 2147483647 (custom)
2019-09-27 11:50:58,952 [pool-149-thread-1] INFO  server.RaftServerConfigKeys (ConfUtils.java:logGet(43)) - raft.server.log.queue.element-limit = 1024 (custom)
2019-09-27 11:50:58,952 [pool-149-thread-1] INFO  server.RaftServerConfigKeys (ConfUtils.java:logGet(43)) - raft.server.log.segment.size.max = 1048576 (custom)
2019-09-27 11:50:58,952 [pool-149-thread-1] INFO  server.RaftServerConfigKeys (ConfUtils.java:logGet(43)) - raft.server.log.preallocated.size = 16384 (custom)
2019-09-27 11:50:58,952 [pool-149-thread-1] INFO  server.RaftServerConfigKeys (ConfUtils.java:logGet(43)) - raft.server.log.write.buffer.size = 33554432 (custom)
2019-09-27 11:50:58,953 [pool-149-thread-1] INFO  server.RaftServerConfigKeys (ConfUtils.java:logGet(43)) - raft.server.log.force.sync.num = 128 (default)
2019-09-27 11:50:58,953 [pool-149-thread-1] INFO  server.RaftServerConfigKeys (ConfUtils.java:logGet(43)) - raft.server.log.statemachine.data.sync = true (default)
2019-09-27 11:50:58,953 [pool-149-thread-1] INFO  server.RaftServerConfigKeys (ConfUtils.java:logGet(43)) - raft.server.log.statemachine.data.sync.timeout = 10s (default)
2019-09-27 11:50:58,953 [pool-149-thread-1] INFO  server.RaftServerConfigKeys (ConfUtils.java:logGet(43)) - raft.server.log.statemachine.data.sync.timeout.retry = -1 (default)
2019-09-27 11:50:58,953 [pool-149-thread-1] INFO  server.RaftServerConfigKeys (ConfUtils.java:logGet(43)) - raft.server.log.statemachine.data.caching.enabled = true (custom)
2019-09-27 11:50:58,954 [pool-149-thread-1] INFO  segmented.SegmentedRaftLogWorker (SegmentedRaftLogWorker.java:lambda$new$0(132)) - 224b933d-f7fb-4ff7-a482-9c13e4b41436@group-45D63B687AE9-SegmentedRaftLogWorker: flushIndex: setUnconditionally 0 -> -1
2019-09-27 11:50:58,954 [pool-149-thread-1] INFO  server.RaftServerConfigKeys (ConfUtils.java:logGet(43)) - raft.server.snapshot.auto.trigger.enabled = true (custom)
2019-09-27 11:50:58,954 [pool-149-thread-1] INFO  server.RaftServerConfigKeys (ConfUtils.java:logGet(43)) - raft.server.snapshot.auto.trigger.threshold = 10000 (custom)
2019-09-27 11:50:58,954 [pool-149-thread-1] INFO  server.RaftServerConfigKeys (ConfUtils.java:logGet(43)) - raft.server.snapshot.retention.num.files = 5 (custom)
2019-09-27 11:50:58,954 [pool-149-thread-1] INFO  server.RaftServerConfigKeys (ConfUtils.java:logGet(43)) - raft.server.retrycache.expirytime = 600000ms (custom)
2019-09-27 11:50:58,957 [pool-149-thread-1] INFO  impl.RaftServerImpl (RaftServerImpl.java:start(185)) - 224b933d-f7fb-4ff7-a482-9c13e4b41436@group-45D63B687AE9: start as a follower, conf=-1: [224b933d-f7fb-4ff7-a482-9c13e4b41436:192.168.30.19:36788], old=null
2019-09-27 11:50:58,957 [pool-149-thread-1] INFO  impl.RaftServerImpl (RaftServerImpl.java:setRole(174)) - 224b933d-f7fb-4ff7-a482-9c13e4b41436@group-45D63B687AE9: changes role from      null to FOLLOWER at term 0 for startAsFollower
2019-09-27 11:50:58,957 [pool-149-thread-1] INFO  impl.RoleInfo (RoleInfo.java:updateAndGet(143)) - 224b933d-f7fb-4ff7-a482-9c13e4b41436: start FollowerState
2019-09-27 11:50:58,958 [pool-149-thread-1] INFO  util.JmxRegister (JmxRegister.java:tryRegister(44)) - Successfully registered JMX Bean with object name Ratis:service=RaftServer,group=group-45D63B687AE9,id=224b933d-f7fb-4ff7-a482-9c13e4b41436
2019-09-27 11:50:58,963 [RatisPipelineUtilsThread] INFO  pipeline.PipelineStateManager (PipelineStateManager.java:addPipeline(56)) - Created pipeline Pipeline[ Id: 09080fcf-8b5c-44a7-8e54-45d63b687ae9, Nodes: 224b933d-f7fb-4ff7-a482-9c13e4b41436{ip: 192.168.30.19, host: pr-hdds-2166-8ptj5-2756111467, networkLocation: /default-rack, certSerialId: null}, Type:RATIS, Factor:ONE, State:OPEN]
2019-09-27 11:50:58,970 [grpc-default-executor-3] INFO  impl.RaftServerProxy (RaftServerProxy.java:addNew(89)) - 375ac5ba-0c4a-468a-bc80-8405446a2fc5: addNew group-902592A55F63:[375ac5ba-0c4a-468a-bc80-8405446a2fc5:192.168.30.19:37266] returns group-902592A55F63:java.util.concurrent.CompletableFuture@4d0c65b0[Not completed]
2019-09-27 11:50:58,973 [pool-169-thread-1] INFO  impl.RaftServerImpl (RaftServerImpl.java:<init>(95)) - 375ac5ba-0c4a-468a-bc80-8405446a2fc5: new RaftServerImpl for group-902592A55F63:[375ac5ba-0c4a-468a-bc80-8405446a2fc5:192.168.30.19:37266] with ContainerStateMachine:uninitialized
2019-09-27 11:50:58,974 [pool-169-thread-1] INFO  server.RaftServerConfigKeys (ConfUtils.java:logGet(43)) - raft.server.rpc.timeout.min = 5s (custom)
2019-09-27 11:50:58,974 [pool-169-thread-1] INFO  server.RaftServerConfigKeys (ConfUtils.java:logGet(43)) - raft.server.rpc.timeout.max = 5200ms (custom)
2019-09-27 11:50:58,974 [pool-169-thread-1] INFO  server.RaftServerConfigKeys (ConfUtils.java:logGet(43)) - raft.server.rpcslowness.timeout = 120s (custom)
2019-09-27 11:50:58,974 [pool-169-thread-1] INFO  server.RaftServerConfigKeys (ConfUtils.java:logGet(43)) - raft.server.sleep.deviation.threshold = 300 (default)
2019-09-27 11:50:58,974 [pool-169-thread-1] INFO  server.RaftServerConfigKeys (ConfUtils.java:logGet(43)) - raft.server.log.appender.install.snapshot.enabled = false (custom)
2019-09-27 11:50:58,974 [pool-169-thread-1] INFO  impl.RaftServerImpl (ServerState.java:<init>(103)) - 375ac5ba-0c4a-468a-bc80-8405446a2fc5@group-902592A55F63: ConfigurationManager, init=-1: [375ac5ba-0c4a-468a-bc80-8405446a2fc5:192.168.30.19:37266], old=null, confs=<EMPTY_MAP>
2019-09-27 11:50:58,974 [pool-169-thread-1] INFO  server.RaftServerConfigKeys (ConfUtils.java:logGet(43)) - raft.server.storage.dir = [/workdir/hadoop-ozone/integration-test/target/test-dir/MiniOzoneClusterImpl-3ca6fd23-a5ee-487c-a238-8e42847d24a4/datanode-5/data/ratis] (custom)
2019-09-27 11:50:58,975 [pool-169-thread-1] INFO  storage.RaftStorageDirectory (RaftStorageDirectory.java:analyzeStorage(246)) - The storage directory /workdir/hadoop-ozone/integration-test/target/test-dir/MiniOzoneClusterImpl-3ca6fd23-a5ee-487c-a238-8e42847d24a4/datanode-5/data/ratis/dae3a134-2d76-4b8d-85b4-902592a55f63 does not exist. Creating ...
2019-09-27 11:50:58,998 [pool-169-thread-1] INFO  storage.RaftStorageDirectory (RaftStorageDirectory.java:tryLock(328)) - Lock on /workdir/hadoop-ozone/integration-test/target/test-dir/MiniOzoneClusterImpl-3ca6fd23-a5ee-487c-a238-8e42847d24a4/datanode-5/data/ratis/dae3a134-2d76-4b8d-85b4-902592a55f63/in_use.lock acquired by nodename 11622@pr-hdds-2166-8ptj5-2756111467
2019-09-27 11:50:59,006 [IPC Server handler 8 on 38072] INFO  net.NetworkTopology (NetworkTopologyImpl.java:add(111)) - Added a new node: /default-rack/18dc4bc1-099b-4097-b7c5-321a5172589a
2019-09-27 11:50:59,006 [IPC Server handler 8 on 38072] INFO  node.SCMNodeManager (SCMNodeManager.java:register(266)) - Registered Data node : 18dc4bc1-099b-4097-b7c5-321a5172589a{ip: 192.168.30.19, host: pr-hdds-2166-8ptj5-2756111467, networkLocation: /default-rack, certSerialId: null}
2019-09-27 11:50:59,009 [main] INFO  ozone.MiniOzoneClusterImpl (MiniOzoneClusterImpl.java:lambda$waitForClusterToBeReady$0(147)) - Cluster is ready. Got 7 of 7 DN Heartbeats.
2019-09-27 11:50:59,032 [pool-169-thread-1] INFO  storage.RaftStorage (RaftStorage.java:format(72)) - Storage directory /workdir/hadoop-ozone/integration-test/target/test-dir/MiniOzoneClusterImpl-3ca6fd23-a5ee-487c-a238-8e42847d24a4/datanode-5/data/ratis/dae3a134-2d76-4b8d-85b4-902592a55f63 has been successfully formatted.
2019-09-27 11:50:59,032 [pool-169-thread-1] INFO  ratis.ContainerStateMachine (ContainerStateMachine.java:loadSnapshot(230)) - group-902592A55F63: The snapshot info is null. Setting the last applied indexto:(t:0, i:~)
2019-09-27 11:50:59,032 [pool-169-thread-1] INFO  server.RaftServerConfigKeys (ConfUtils.java:logGet(43)) - raft.server.notification.no-leader.timeout = 120s (custom)
2019-09-27 11:50:59,032 [pool-169-thread-1] INFO  server.RaftServerConfigKeys (ConfUtils.java:logGet(43)) - raft.server.log.use.memory = false (default)
2019-09-27 11:50:59,036 [pool-169-thread-1] INFO  server.RaftServerConfigKeys (ConfUtils.java:logGet(43)) - raft.server.log.purge.gap = 1000000 (custom)
2019-09-27 11:50:59,036 [pool-169-thread-1] INFO  server.RaftServerConfigKeys (ConfUtils.java:logGet(43)) - raft.server.log.appender.buffer.byte-limit = 33554432 (custom)
2019-09-27 11:50:59,036 [pool-169-thread-1] INFO  server.RaftServerConfigKeys (ConfUtils.java:logGet(43)) - raft.server.log.segment.size.max = 1048576 (custom)
2019-09-27 11:50:59,036 [pool-169-thread-1] INFO  server.RaftServerConfigKeys (ConfUtils.java:logGet(43)) - raft.server.log.segment.cache.num.max = 2 (custom)
2019-09-27 11:50:59,037 [pool-169-thread-1] INFO  segmented.SegmentedRaftLogWorker (SegmentedRaftLogWorker.java:<init>(172)) - new 375ac5ba-0c4a-468a-bc80-8405446a2fc5@group-902592A55F63-SegmentedRaftLogWorker for RaftStorage:Storage Directory /workdir/hadoop-ozone/integration-test/target/test-dir/MiniOzoneClusterImpl-3ca6fd23-a5ee-487c-a238-8e42847d24a4/datanode-5/data/ratis/dae3a134-2d76-4b8d-85b4-902592a55f63
2019-09-27 11:50:59,038 [pool-169-thread-1] INFO  server.RaftServerConfigKeys (ConfUtils.java:logGet(43)) - raft.server.log.queue.byte-limit = 2147483647 (custom)
2019-09-27 11:50:59,038 [pool-169-thread-1] INFO  server.RaftServerConfigKeys (ConfUtils.java:logGet(43)) - raft.server.log.queue.element-limit = 1024 (custom)
2019-09-27 11:50:59,038 [pool-169-thread-1] INFO  server.RaftServerConfigKeys (ConfUtils.java:logGet(43)) - raft.server.log.segment.size.max = 1048576 (custom)
2019-09-27 11:50:59,040 [pool-169-thread-1] INFO  server.RaftServerConfigKeys (ConfUtils.java:logGet(43)) - raft.server.log.preallocated.size = 16384 (custom)
2019-09-27 11:50:59,040 [pool-169-thread-1] INFO  server.RaftServerConfigKeys (ConfUtils.java:logGet(43)) - raft.server.log.write.buffer.size = 33554432 (custom)
2019-09-27 11:50:59,041 [pool-169-thread-1] INFO  server.RaftServerConfigKeys (ConfUtils.java:logGet(43)) - raft.server.log.force.sync.num = 128 (default)
2019-09-27 11:50:59,041 [pool-169-thread-1] INFO  server.RaftServerConfigKeys (ConfUtils.java:logGet(43)) - raft.server.log.statemachine.data.sync = true (default)
2019-09-27 11:50:59,041 [pool-169-thread-1] INFO  server.RaftServerConfigKeys (ConfUtils.java:logGet(43)) - raft.server.log.statemachine.data.sync.timeout = 10s (default)
2019-09-27 11:50:59,041 [pool-169-thread-1] INFO  server.RaftServerConfigKeys (ConfUtils.java:logGet(43)) - raft.server.log.statemachine.data.sync.timeout.retry = -1 (default)
2019-09-27 11:50:59,045 [pool-169-thread-1] INFO  server.RaftServerConfigKeys (ConfUtils.java:logGet(43)) - raft.server.log.statemachine.data.caching.enabled = true (custom)
2019-09-27 11:50:59,045 [pool-169-thread-1] INFO  segmented.SegmentedRaftLogWorker (SegmentedRaftLogWorker.java:lambda$new$0(132)) - 375ac5ba-0c4a-468a-bc80-8405446a2fc5@group-902592A55F63-SegmentedRaftLogWorker: flushIndex: setUnconditionally 0 -> -1
2019-09-27 11:50:59,045 [pool-169-thread-1] INFO  server.RaftServerConfigKeys (ConfUtils.java:logGet(43)) - raft.server.snapshot.auto.trigger.enabled = true (custom)
2019-09-27 11:50:59,045 [pool-169-thread-1] INFO  server.RaftServerConfigKeys (ConfUtils.java:logGet(43)) - raft.server.snapshot.auto.trigger.threshold = 10000 (custom)
2019-09-27 11:50:59,045 [pool-169-thread-1] INFO  server.RaftServerConfigKeys (ConfUtils.java:logGet(43)) - raft.server.snapshot.retention.num.files = 5 (custom)
2019-09-27 11:50:59,045 [pool-169-thread-1] INFO  server.RaftServerConfigKeys (ConfUtils.java:logGet(43)) - raft.server.retrycache.expirytime = 600000ms (custom)
2019-09-27 11:50:59,046 [main] INFO  rpc.RpcClient (RpcClient.java:createVolume(276)) - Creating Volume: watchforcommithandlingtest, with jenkins1000 as owner.
2019-09-27 11:50:59,047 [pool-169-thread-1] INFO  impl.RaftServerImpl (RaftServerImpl.java:start(185)) - 375ac5ba-0c4a-468a-bc80-8405446a2fc5@group-902592A55F63: start as a follower, conf=-1: [375ac5ba-0c4a-468a-bc80-8405446a2fc5:192.168.30.19:37266], old=null
2019-09-27 11:50:59,047 [pool-169-thread-1] INFO  impl.RaftServerImpl (RaftServerImpl.java:setRole(174)) - 375ac5ba-0c4a-468a-bc80-8405446a2fc5@group-902592A55F63: changes role from      null to FOLLOWER at term 0 for startAsFollower
2019-09-27 11:50:59,047 [pool-169-thread-1] INFO  impl.RoleInfo (RoleInfo.java:updateAndGet(143)) - 375ac5ba-0c4a-468a-bc80-8405446a2fc5: start FollowerState
2019-09-27 11:50:59,048 [pool-169-thread-1] INFO  util.JmxRegister (JmxRegister.java:tryRegister(44)) - Successfully registered JMX Bean with object name Ratis:service=RaftServer,group=group-902592A55F63,id=375ac5ba-0c4a-468a-bc80-8405446a2fc5
2019-09-27 11:50:59,051 [IPC Server handler 4 on 44344] INFO  volume.OMVolumeCreateRequest (OMVolumeCreateRequest.java:validateAndUpdateCache(194)) - created volume:watchforcommithandlingtest for user:jenkins1000
2019-09-27 11:50:59,052 [RatisPipelineUtilsThread] INFO  pipeline.PipelineStateManager (PipelineStateManager.java:addPipeline(56)) - Created pipeline Pipeline[ Id: dae3a134-2d76-4b8d-85b4-902592a55f63, Nodes: 375ac5ba-0c4a-468a-bc80-8405446a2fc5{ip: 192.168.30.19, host: pr-hdds-2166-8ptj5-2756111467, networkLocation: /default-rack, certSerialId: null}, Type:RATIS, Factor:ONE, State:OPEN]
2019-09-27 11:50:59,061 [main] INFO  rpc.RpcClient (RpcClient.java:createBucket(415)) - Creating Bucket: watchforcommithandlingtest/watchforcommithandlingtest, with Versioning false and Storage Type set to DISK and Encryption set to false 
2019-09-27 11:50:59,070 [grpc-default-executor-3] INFO  impl.RaftServerProxy (RaftServerProxy.java:addNew(89)) - 18dc4bc1-099b-4097-b7c5-321a5172589a: addNew group-64EA9B469160:[18dc4bc1-099b-4097-b7c5-321a5172589a:192.168.30.19:45077] returns group-64EA9B469160:java.util.concurrent.CompletableFuture@7ad56a37[Not completed]
2019-09-27 11:50:59,071 [main] INFO  ozone.MiniOzoneClusterImpl (MiniOzoneClusterImpl.java:getStorageContainerLocationClient(234)) - Creating StorageContainerLocationProtocol RPC client with address /0.0.0.0:34944
2019-09-27 11:50:59,075 [pool-179-thread-1] INFO  impl.RaftServerImpl (RaftServerImpl.java:<init>(95)) - 18dc4bc1-099b-4097-b7c5-321a5172589a: new RaftServerImpl for group-64EA9B469160:[18dc4bc1-099b-4097-b7c5-321a5172589a:192.168.30.19:45077] with ContainerStateMachine:uninitialized
2019-09-27 11:50:59,075 [pool-179-thread-1] INFO  server.RaftServerConfigKeys (ConfUtils.java:logGet(43)) - raft.server.rpc.timeout.min = 5s (custom)
2019-09-27 11:50:59,075 [pool-179-thread-1] INFO  server.RaftServerConfigKeys (ConfUtils.java:logGet(43)) - raft.server.rpc.timeout.max = 5200ms (custom)
2019-09-27 11:50:59,075 [pool-179-thread-1] INFO  server.RaftServerConfigKeys (ConfUtils.java:logGet(43)) - raft.server.rpcslowness.timeout = 120s (custom)
2019-09-27 11:50:59,075 [pool-179-thread-1] INFO  server.RaftServerConfigKeys (ConfUtils.java:logGet(43)) - raft.server.sleep.deviation.threshold = 300 (default)
2019-09-27 11:50:59,075 [pool-179-thread-1] INFO  server.RaftServerConfigKeys (ConfUtils.java:logGet(43)) - raft.server.log.appender.install.snapshot.enabled = false (custom)
2019-09-27 11:50:59,075 [pool-179-thread-1] INFO  impl.RaftServerImpl (ServerState.java:<init>(103)) - 18dc4bc1-099b-4097-b7c5-321a5172589a@group-64EA9B469160: ConfigurationManager, init=-1: [18dc4bc1-099b-4097-b7c5-321a5172589a:192.168.30.19:45077], old=null, confs=<EMPTY_MAP>
2019-09-27 11:50:59,075 [pool-179-thread-1] INFO  server.RaftServerConfigKeys (ConfUtils.java:logGet(43)) - raft.server.storage.dir = [/workdir/hadoop-ozone/integration-test/target/test-dir/MiniOzoneClusterImpl-3ca6fd23-a5ee-487c-a238-8e42847d24a4/datanode-6/data/ratis] (custom)
2019-09-27 11:50:59,076 [pool-179-thread-1] INFO  storage.RaftStorageDirectory (RaftStorageDirectory.java:analyzeStorage(246)) - The storage directory /workdir/hadoop-ozone/integration-test/target/test-dir/MiniOzoneClusterImpl-3ca6fd23-a5ee-487c-a238-8e42847d24a4/datanode-6/data/ratis/3f8bbd1f-0257-40fa-85c5-64ea9b469160 does not exist. Creating ...
2019-09-27 11:50:59,099 [pool-179-thread-1] INFO  storage.RaftStorageDirectory (RaftStorageDirectory.java:tryLock(328)) - Lock on /workdir/hadoop-ozone/integration-test/target/test-dir/MiniOzoneClusterImpl-3ca6fd23-a5ee-487c-a238-8e42847d24a4/datanode-6/data/ratis/3f8bbd1f-0257-40fa-85c5-64ea9b469160/in_use.lock acquired by nodename 11622@pr-hdds-2166-8ptj5-2756111467
2019-09-27 11:50:59,116 [pool-179-thread-1] INFO  storage.RaftStorage (RaftStorage.java:format(72)) - Storage directory /workdir/hadoop-ozone/integration-test/target/test-dir/MiniOzoneClusterImpl-3ca6fd23-a5ee-487c-a238-8e42847d24a4/datanode-6/data/ratis/3f8bbd1f-0257-40fa-85c5-64ea9b469160 has been successfully formatted.
2019-09-27 11:50:59,116 [pool-179-thread-1] INFO  ratis.ContainerStateMachine (ContainerStateMachine.java:loadSnapshot(230)) - group-64EA9B469160: The snapshot info is null. Setting the last applied indexto:(t:0, i:~)
2019-09-27 11:50:59,116 [pool-179-thread-1] INFO  server.RaftServerConfigKeys (ConfUtils.java:logGet(43)) - raft.server.notification.no-leader.timeout = 120s (custom)
2019-09-27 11:50:59,116 [pool-179-thread-1] INFO  server.RaftServerConfigKeys (ConfUtils.java:logGet(43)) - raft.server.log.use.memory = false (default)
2019-09-27 11:50:59,116 [pool-179-thread-1] INFO  server.RaftServerConfigKeys (ConfUtils.java:logGet(43)) - raft.server.log.purge.gap = 1000000 (custom)
2019-09-27 11:50:59,116 [pool-179-thread-1] INFO  server.RaftServerConfigKeys (ConfUtils.java:logGet(43)) - raft.server.log.appender.buffer.byte-limit = 33554432 (custom)
2019-09-27 11:50:59,116 [pool-179-thread-1] INFO  server.RaftServerConfigKeys (ConfUtils.java:logGet(43)) - raft.server.log.segment.size.max = 1048576 (custom)
2019-09-27 11:50:59,117 [pool-179-thread-1] INFO  server.RaftServerConfigKeys (ConfUtils.java:logGet(43)) - raft.server.log.segment.cache.num.max = 2 (custom)
2019-09-27 11:50:59,117 [pool-179-thread-1] INFO  segmented.SegmentedRaftLogWorker (SegmentedRaftLogWorker.java:<init>(172)) - new 18dc4bc1-099b-4097-b7c5-321a5172589a@group-64EA9B469160-SegmentedRaftLogWorker for RaftStorage:Storage Directory /workdir/hadoop-ozone/integration-test/target/test-dir/MiniOzoneClusterImpl-3ca6fd23-a5ee-487c-a238-8e42847d24a4/datanode-6/data/ratis/3f8bbd1f-0257-40fa-85c5-64ea9b469160
2019-09-27 11:50:59,118 [pool-179-thread-1] INFO  server.RaftServerConfigKeys (ConfUtils.java:logGet(43)) - raft.server.log.queue.byte-limit = 2147483647 (custom)
2019-09-27 11:50:59,118 [pool-179-thread-1] INFO  server.RaftServerConfigKeys (ConfUtils.java:logGet(43)) - raft.server.log.queue.element-limit = 1024 (custom)
2019-09-27 11:50:59,118 [pool-179-thread-1] INFO  server.RaftServerConfigKeys (ConfUtils.java:logGet(43)) - raft.server.log.segment.size.max = 1048576 (custom)
2019-09-27 11:50:59,119 [pool-179-thread-1] INFO  server.RaftServerConfigKeys (ConfUtils.java:logGet(43)) - raft.server.log.preallocated.size = 16384 (custom)
2019-09-27 11:50:59,119 [pool-179-thread-1] INFO  server.RaftServerConfigKeys (ConfUtils.java:logGet(43)) - raft.server.log.write.buffer.size = 33554432 (custom)
2019-09-27 11:50:59,119 [pool-179-thread-1] INFO  server.RaftServerConfigKeys (ConfUtils.java:logGet(43)) - raft.server.log.force.sync.num = 128 (default)
2019-09-27 11:50:59,119 [pool-179-thread-1] INFO  server.RaftServerConfigKeys (ConfUtils.java:logGet(43)) - raft.server.log.statemachine.data.sync = true (default)
2019-09-27 11:50:59,119 [pool-179-thread-1] INFO  server.RaftServerConfigKeys (ConfUtils.java:logGet(43)) - raft.server.log.statemachine.data.sync.timeout = 10s (default)
2019-09-27 11:50:59,119 [pool-179-thread-1] INFO  server.RaftServerConfigKeys (ConfUtils.java:logGet(43)) - raft.server.log.statemachine.data.sync.timeout.retry = -1 (default)
2019-09-27 11:50:59,119 [pool-179-thread-1] INFO  server.RaftServerConfigKeys (ConfUtils.java:logGet(43)) - raft.server.log.statemachine.data.caching.enabled = true (custom)
2019-09-27 11:50:59,119 [pool-179-thread-1] INFO  segmented.SegmentedRaftLogWorker (SegmentedRaftLogWorker.java:lambda$new$0(132)) - 18dc4bc1-099b-4097-b7c5-321a5172589a@group-64EA9B469160-SegmentedRaftLogWorker: flushIndex: setUnconditionally 0 -> -1
2019-09-27 11:50:59,120 [pool-179-thread-1] INFO  server.RaftServerConfigKeys (ConfUtils.java:logGet(43)) - raft.server.snapshot.auto.trigger.enabled = true (custom)
2019-09-27 11:50:59,120 [pool-179-thread-1] INFO  server.RaftServerConfigKeys (ConfUtils.java:logGet(43)) - raft.server.snapshot.auto.trigger.threshold = 10000 (custom)
2019-09-27 11:50:59,120 [pool-179-thread-1] INFO  server.RaftServerConfigKeys (ConfUtils.java:logGet(43)) - raft.server.snapshot.retention.num.files = 5 (custom)
2019-09-27 11:50:59,120 [pool-179-thread-1] INFO  server.RaftServerConfigKeys (ConfUtils.java:logGet(43)) - raft.server.retrycache.expirytime = 600000ms (custom)
2019-09-27 11:50:59,121 [pool-179-thread-1] INFO  impl.RaftServerImpl (RaftServerImpl.java:start(185)) - 18dc4bc1-099b-4097-b7c5-321a5172589a@group-64EA9B469160: start as a follower, conf=-1: [18dc4bc1-099b-4097-b7c5-321a5172589a:192.168.30.19:45077], old=null
2019-09-27 11:50:59,121 [pool-179-thread-1] INFO  impl.RaftServerImpl (RaftServerImpl.java:setRole(174)) - 18dc4bc1-099b-4097-b7c5-321a5172589a@group-64EA9B469160: changes role from      null to FOLLOWER at term 0 for startAsFollower
2019-09-27 11:50:59,122 [pool-179-thread-1] INFO  impl.RoleInfo (RoleInfo.java:updateAndGet(143)) - 18dc4bc1-099b-4097-b7c5-321a5172589a: start FollowerState
2019-09-27 11:50:59,122 [pool-179-thread-1] INFO  util.JmxRegister (JmxRegister.java:tryRegister(44)) - Successfully registered JMX Bean with object name Ratis:service=RaftServer,group=group-64EA9B469160,id=18dc4bc1-099b-4097-b7c5-321a5172589a
2019-09-27 11:50:59,127 [RatisPipelineUtilsThread] INFO  pipeline.PipelineStateManager (PipelineStateManager.java:addPipeline(56)) - Created pipeline Pipeline[ Id: 3f8bbd1f-0257-40fa-85c5-64ea9b469160, Nodes: 18dc4bc1-099b-4097-b7c5-321a5172589a{ip: 192.168.30.19, host: pr-hdds-2166-8ptj5-2756111467, networkLocation: /default-rack, certSerialId: null}, Type:RATIS, Factor:ONE, State:OPEN]
2019-09-27 11:50:59,137 [grpc-default-executor-3] INFO  impl.RaftServerProxy (RaftServerProxy.java:addNew(89)) - 444703ef-a2ff-448b-8d4d-c6e7c56dacd7: addNew group-1E9DA4E007D9:[444703ef-a2ff-448b-8d4d-c6e7c56dacd7:192.168.30.19:35626] returns group-1E9DA4E007D9:java.util.concurrent.CompletableFuture@120aced0[Not completed]
2019-09-27 11:50:59,142 [pool-159-thread-1] INFO  impl.RaftServerImpl (RaftServerImpl.java:<init>(95)) - 444703ef-a2ff-448b-8d4d-c6e7c56dacd7: new RaftServerImpl for group-1E9DA4E007D9:[444703ef-a2ff-448b-8d4d-c6e7c56dacd7:192.168.30.19:35626] with ContainerStateMachine:uninitialized
2019-09-27 11:50:59,143 [pool-159-thread-1] INFO  server.RaftServerConfigKeys (ConfUtils.java:logGet(43)) - raft.server.rpc.timeout.min = 5s (custom)
2019-09-27 11:50:59,143 [pool-159-thread-1] INFO  server.RaftServerConfigKeys (ConfUtils.java:logGet(43)) - raft.server.rpc.timeout.max = 5200ms (custom)
2019-09-27 11:50:59,143 [pool-159-thread-1] INFO  server.RaftServerConfigKeys (ConfUtils.java:logGet(43)) - raft.server.rpcslowness.timeout = 120s (custom)
2019-09-27 11:50:59,143 [pool-159-thread-1] INFO  server.RaftServerConfigKeys (ConfUtils.java:logGet(43)) - raft.server.sleep.deviation.threshold = 300 (default)
2019-09-27 11:50:59,143 [pool-159-thread-1] INFO  server.RaftServerConfigKeys (ConfUtils.java:logGet(43)) - raft.server.log.appender.install.snapshot.enabled = false (custom)
2019-09-27 11:50:59,143 [pool-159-thread-1] INFO  impl.RaftServerImpl (ServerState.java:<init>(103)) - 444703ef-a2ff-448b-8d4d-c6e7c56dacd7@group-1E9DA4E007D9: ConfigurationManager, init=-1: [444703ef-a2ff-448b-8d4d-c6e7c56dacd7:192.168.30.19:35626], old=null, confs=<EMPTY_MAP>
2019-09-27 11:50:59,143 [pool-159-thread-1] INFO  server.RaftServerConfigKeys (ConfUtils.java:logGet(43)) - raft.server.storage.dir = [/workdir/hadoop-ozone/integration-test/target/test-dir/MiniOzoneClusterImpl-3ca6fd23-a5ee-487c-a238-8e42847d24a4/datanode-4/data/ratis] (custom)
2019-09-27 11:50:59,144 [pool-159-thread-1] INFO  storage.RaftStorageDirectory (RaftStorageDirectory.java:analyzeStorage(246)) - The storage directory /workdir/hadoop-ozone/integration-test/target/test-dir/MiniOzoneClusterImpl-3ca6fd23-a5ee-487c-a238-8e42847d24a4/datanode-4/data/ratis/f348a87c-4666-4c61-9c84-1e9da4e007d9 does not exist. Creating ...
2019-09-27 11:50:59,166 [pool-159-thread-1] INFO  storage.RaftStorageDirectory (RaftStorageDirectory.java:tryLock(328)) - Lock on /workdir/hadoop-ozone/integration-test/target/test-dir/MiniOzoneClusterImpl-3ca6fd23-a5ee-487c-a238-8e42847d24a4/datanode-4/data/ratis/f348a87c-4666-4c61-9c84-1e9da4e007d9/in_use.lock acquired by nodename 11622@pr-hdds-2166-8ptj5-2756111467
2019-09-27 11:50:59,191 [pool-159-thread-1] INFO  storage.RaftStorage (RaftStorage.java:format(72)) - Storage directory /workdir/hadoop-ozone/integration-test/target/test-dir/MiniOzoneClusterImpl-3ca6fd23-a5ee-487c-a238-8e42847d24a4/datanode-4/data/ratis/f348a87c-4666-4c61-9c84-1e9da4e007d9 has been successfully formatted.
2019-09-27 11:50:59,192 [pool-159-thread-1] INFO  ratis.ContainerStateMachine (ContainerStateMachine.java:loadSnapshot(230)) - group-1E9DA4E007D9: The snapshot info is null. Setting the last applied indexto:(t:0, i:~)
2019-09-27 11:50:59,192 [pool-159-thread-1] INFO  server.RaftServerConfigKeys (ConfUtils.java:logGet(43)) - raft.server.notification.no-leader.timeout = 120s (custom)
2019-09-27 11:50:59,192 [pool-159-thread-1] INFO  server.RaftServerConfigKeys (ConfUtils.java:logGet(43)) - raft.server.log.use.memory = false (default)
2019-09-27 11:50:59,192 [pool-159-thread-1] INFO  server.RaftServerConfigKeys (ConfUtils.java:logGet(43)) - raft.server.log.purge.gap = 1000000 (custom)
2019-09-27 11:50:59,194 [pool-159-thread-1] INFO  server.RaftServerConfigKeys (ConfUtils.java:logGet(43)) - raft.server.log.appender.buffer.byte-limit = 33554432 (custom)
2019-09-27 11:50:59,194 [pool-159-thread-1] INFO  server.RaftServerConfigKeys (ConfUtils.java:logGet(43)) - raft.server.log.segment.size.max = 1048576 (custom)
2019-09-27 11:50:59,194 [pool-159-thread-1] INFO  server.RaftServerConfigKeys (ConfUtils.java:logGet(43)) - raft.server.log.segment.cache.num.max = 2 (custom)
2019-09-27 11:50:59,194 [pool-159-thread-1] INFO  segmented.SegmentedRaftLogWorker (SegmentedRaftLogWorker.java:<init>(172)) - new 444703ef-a2ff-448b-8d4d-c6e7c56dacd7@group-1E9DA4E007D9-SegmentedRaftLogWorker for RaftStorage:Storage Directory /workdir/hadoop-ozone/integration-test/target/test-dir/MiniOzoneClusterImpl-3ca6fd23-a5ee-487c-a238-8e42847d24a4/datanode-4/data/ratis/f348a87c-4666-4c61-9c84-1e9da4e007d9
2019-09-27 11:50:59,196 [pool-159-thread-1] INFO  server.RaftServerConfigKeys (ConfUtils.java:logGet(43)) - raft.server.log.queue.byte-limit = 2147483647 (custom)
2019-09-27 11:50:59,196 [pool-159-thread-1] INFO  server.RaftServerConfigKeys (ConfUtils.java:logGet(43)) - raft.server.log.queue.element-limit = 1024 (custom)
2019-09-27 11:50:59,196 [pool-159-thread-1] INFO  server.RaftServerConfigKeys (ConfUtils.java:logGet(43)) - raft.server.log.segment.size.max = 1048576 (custom)
2019-09-27 11:50:59,196 [pool-159-thread-1] INFO  server.RaftServerConfigKeys (ConfUtils.java:logGet(43)) - raft.server.log.preallocated.size = 16384 (custom)
2019-09-27 11:50:59,196 [pool-159-thread-1] INFO  server.RaftServerConfigKeys (ConfUtils.java:logGet(43)) - raft.server.log.write.buffer.size = 33554432 (custom)
2019-09-27 11:50:59,196 [pool-159-thread-1] INFO  server.RaftServerConfigKeys (ConfUtils.java:logGet(43)) - raft.server.log.force.sync.num = 128 (default)
2019-09-27 11:50:59,196 [pool-159-thread-1] INFO  server.RaftServerConfigKeys (ConfUtils.java:logGet(43)) - raft.server.log.statemachine.data.sync = true (default)
2019-09-27 11:50:59,196 [pool-159-thread-1] INFO  server.RaftServerConfigKeys (ConfUtils.java:logGet(43)) - raft.server.log.statemachine.data.sync.timeout = 10s (default)
2019-09-27 11:50:59,196 [pool-159-thread-1] INFO  server.RaftServerConfigKeys (ConfUtils.java:logGet(43)) - raft.server.log.statemachine.data.sync.timeout.retry = -1 (default)
2019-09-27 11:50:59,197 [pool-159-thread-1] INFO  server.RaftServerConfigKeys (ConfUtils.java:logGet(43)) - raft.server.log.statemachine.data.caching.enabled = true (custom)
2019-09-27 11:50:59,197 [pool-159-thread-1] INFO  segmented.SegmentedRaftLogWorker (SegmentedRaftLogWorker.java:lambda$new$0(132)) - 444703ef-a2ff-448b-8d4d-c6e7c56dacd7@group-1E9DA4E007D9-SegmentedRaftLogWorker: flushIndex: setUnconditionally 0 -> -1
2019-09-27 11:50:59,197 [pool-159-thread-1] INFO  server.RaftServerConfigKeys (ConfUtils.java:logGet(43)) - raft.server.snapshot.auto.trigger.enabled = true (custom)
2019-09-27 11:50:59,197 [pool-159-thread-1] INFO  server.RaftServerConfigKeys (ConfUtils.java:logGet(43)) - raft.server.snapshot.auto.trigger.threshold = 10000 (custom)
2019-09-27 11:50:59,197 [pool-159-thread-1] INFO  server.RaftServerConfigKeys (ConfUtils.java:logGet(43)) - raft.server.snapshot.retention.num.files = 5 (custom)
2019-09-27 11:50:59,197 [pool-159-thread-1] INFO  server.RaftServerConfigKeys (ConfUtils.java:logGet(43)) - raft.server.retrycache.expirytime = 600000ms (custom)
2019-09-27 11:50:59,199 [pool-159-thread-1] INFO  impl.RaftServerImpl (RaftServerImpl.java:start(185)) - 444703ef-a2ff-448b-8d4d-c6e7c56dacd7@group-1E9DA4E007D9: start as a follower, conf=-1: [444703ef-a2ff-448b-8d4d-c6e7c56dacd7:192.168.30.19:35626], old=null
2019-09-27 11:50:59,200 [pool-159-thread-1] INFO  impl.RaftServerImpl (RaftServerImpl.java:setRole(174)) - 444703ef-a2ff-448b-8d4d-c6e7c56dacd7@group-1E9DA4E007D9: changes role from      null to FOLLOWER at term 0 for startAsFollower
2019-09-27 11:50:59,200 [pool-159-thread-1] INFO  impl.RoleInfo (RoleInfo.java:updateAndGet(143)) - 444703ef-a2ff-448b-8d4d-c6e7c56dacd7: start FollowerState
2019-09-27 11:50:59,210 [pool-159-thread-1] INFO  util.JmxRegister (JmxRegister.java:tryRegister(44)) - Successfully registered JMX Bean with object name Ratis:service=RaftServer,group=group-1E9DA4E007D9,id=444703ef-a2ff-448b-8d4d-c6e7c56dacd7
2019-09-27 11:50:59,264 [RatisPipelineUtilsThread] INFO  pipeline.PipelineStateManager (PipelineStateManager.java:addPipeline(56)) - Created pipeline Pipeline[ Id: f348a87c-4666-4c61-9c84-1e9da4e007d9, Nodes: 444703ef-a2ff-448b-8d4d-c6e7c56dacd7{ip: 192.168.30.19, host: pr-hdds-2166-8ptj5-2756111467, networkLocation: /default-rack, certSerialId: null}, Type:RATIS, Factor:ONE, State:OPEN]
2019-09-27 11:50:59,294 [grpc-default-executor-3] INFO  impl.RaftServerProxy (RaftServerProxy.java:addNew(89)) - 6760aa84-32eb-4d58-b79e-6880432c1967: addNew group-AE34B9F6167B:[18dc4bc1-099b-4097-b7c5-321a5172589a:192.168.30.19:45077, 6760aa84-32eb-4d58-b79e-6880432c1967:192.168.30.19:36901, 4de51c34-1414-4a57-9393-191db81f912b:192.168.30.19:34175] returns group-AE34B9F6167B:java.util.concurrent.CompletableFuture@420d3046[Not completed]
2019-09-27 11:50:59,294 [grpc-default-executor-5] INFO  impl.RaftServerProxy (RaftServerProxy.java:addNew(89)) - 4de51c34-1414-4a57-9393-191db81f912b: addNew group-AE34B9F6167B:[18dc4bc1-099b-4097-b7c5-321a5172589a:192.168.30.19:45077, 6760aa84-32eb-4d58-b79e-6880432c1967:192.168.30.19:36901, 4de51c34-1414-4a57-9393-191db81f912b:192.168.30.19:34175] returns group-AE34B9F6167B:java.util.concurrent.CompletableFuture@6832e1b2[Not completed]
2019-09-27 11:50:59,294 [grpc-default-executor-2] INFO  impl.RaftServerProxy (RaftServerProxy.java:addNew(89)) - 18dc4bc1-099b-4097-b7c5-321a5172589a: addNew group-AE34B9F6167B:[18dc4bc1-099b-4097-b7c5-321a5172589a:192.168.30.19:45077, 6760aa84-32eb-4d58-b79e-6880432c1967:192.168.30.19:36901, 4de51c34-1414-4a57-9393-191db81f912b:192.168.30.19:34175] returns group-AE34B9F6167B:java.util.concurrent.CompletableFuture@34707f0[Not completed]
2019-09-27 11:50:59,295 [pool-179-thread-1] INFO  impl.RaftServerImpl (RaftServerImpl.java:<init>(95)) - 18dc4bc1-099b-4097-b7c5-321a5172589a: new RaftServerImpl for group-AE34B9F6167B:[18dc4bc1-099b-4097-b7c5-321a5172589a:192.168.30.19:45077, 6760aa84-32eb-4d58-b79e-6880432c1967:192.168.30.19:36901, 4de51c34-1414-4a57-9393-191db81f912b:192.168.30.19:34175] with ContainerStateMachine:uninitialized
2019-09-27 11:50:59,295 [pool-179-thread-1] INFO  server.RaftServerConfigKeys (ConfUtils.java:logGet(43)) - raft.server.rpc.timeout.min = 5s (custom)
2019-09-27 11:50:59,296 [pool-179-thread-1] INFO  server.RaftServerConfigKeys (ConfUtils.java:logGet(43)) - raft.server.rpc.timeout.max = 5200ms (custom)
2019-09-27 11:50:59,296 [pool-179-thread-1] INFO  server.RaftServerConfigKeys (ConfUtils.java:logGet(43)) - raft.server.rpcslowness.timeout = 120s (custom)
2019-09-27 11:50:59,296 [pool-179-thread-1] INFO  server.RaftServerConfigKeys (ConfUtils.java:logGet(43)) - raft.server.sleep.deviation.threshold = 300 (default)
2019-09-27 11:50:59,296 [pool-179-thread-1] INFO  server.RaftServerConfigKeys (ConfUtils.java:logGet(43)) - raft.server.log.appender.install.snapshot.enabled = false (custom)
2019-09-27 11:50:59,296 [pool-179-thread-1] INFO  impl.RaftServerImpl (ServerState.java:<init>(103)) - 18dc4bc1-099b-4097-b7c5-321a5172589a@group-AE34B9F6167B: ConfigurationManager, init=-1: [18dc4bc1-099b-4097-b7c5-321a5172589a:192.168.30.19:45077, 6760aa84-32eb-4d58-b79e-6880432c1967:192.168.30.19:36901, 4de51c34-1414-4a57-9393-191db81f912b:192.168.30.19:34175], old=null, confs=<EMPTY_MAP>
2019-09-27 11:50:59,296 [pool-179-thread-1] INFO  server.RaftServerConfigKeys (ConfUtils.java:logGet(43)) - raft.server.storage.dir = [/workdir/hadoop-ozone/integration-test/target/test-dir/MiniOzoneClusterImpl-3ca6fd23-a5ee-487c-a238-8e42847d24a4/datanode-6/data/ratis] (custom)
2019-09-27 11:50:59,296 [pool-179-thread-1] INFO  storage.RaftStorageDirectory (RaftStorageDirectory.java:analyzeStorage(246)) - The storage directory /workdir/hadoop-ozone/integration-test/target/test-dir/MiniOzoneClusterImpl-3ca6fd23-a5ee-487c-a238-8e42847d24a4/datanode-6/data/ratis/3c4e8acd-fcb2-446d-82f9-ae34b9f6167b does not exist. Creating ...
2019-09-27 11:50:59,297 [pool-139-thread-1] INFO  impl.RaftServerImpl (RaftServerImpl.java:<init>(95)) - 6760aa84-32eb-4d58-b79e-6880432c1967: new RaftServerImpl for group-AE34B9F6167B:[18dc4bc1-099b-4097-b7c5-321a5172589a:192.168.30.19:45077, 6760aa84-32eb-4d58-b79e-6880432c1967:192.168.30.19:36901, 4de51c34-1414-4a57-9393-191db81f912b:192.168.30.19:34175] with ContainerStateMachine:uninitialized
2019-09-27 11:50:59,297 [pool-139-thread-1] INFO  server.RaftServerConfigKeys (ConfUtils.java:logGet(43)) - raft.server.rpc.timeout.min = 5s (custom)
2019-09-27 11:50:59,297 [pool-129-thread-1] INFO  impl.RaftServerImpl (RaftServerImpl.java:<init>(95)) - 4de51c34-1414-4a57-9393-191db81f912b: new RaftServerImpl for group-AE34B9F6167B:[18dc4bc1-099b-4097-b7c5-321a5172589a:192.168.30.19:45077, 6760aa84-32eb-4d58-b79e-6880432c1967:192.168.30.19:36901, 4de51c34-1414-4a57-9393-191db81f912b:192.168.30.19:34175] with ContainerStateMachine:uninitialized
2019-09-27 11:50:59,297 [pool-139-thread-1] INFO  server.RaftServerConfigKeys (ConfUtils.java:logGet(43)) - raft.server.rpc.timeout.max = 5200ms (custom)
2019-09-27 11:50:59,297 [pool-129-thread-1] INFO  server.RaftServerConfigKeys (ConfUtils.java:logGet(43)) - raft.server.rpc.timeout.min = 5s (custom)
2019-09-27 11:50:59,297 [pool-139-thread-1] INFO  server.RaftServerConfigKeys (ConfUtils.java:logGet(43)) - raft.server.rpcslowness.timeout = 120s (custom)
2019-09-27 11:50:59,297 [pool-129-thread-1] INFO  server.RaftServerConfigKeys (ConfUtils.java:logGet(43)) - raft.server.rpc.timeout.max = 5200ms (custom)
2019-09-27 11:50:59,298 [pool-139-thread-1] INFO  server.RaftServerConfigKeys (ConfUtils.java:logGet(43)) - raft.server.sleep.deviation.threshold = 300 (default)
2019-09-27 11:50:59,298 [pool-129-thread-1] INFO  server.RaftServerConfigKeys (ConfUtils.java:logGet(43)) - raft.server.rpcslowness.timeout = 120s (custom)
2019-09-27 11:50:59,298 [pool-139-thread-1] INFO  server.RaftServerConfigKeys (ConfUtils.java:logGet(43)) - raft.server.log.appender.install.snapshot.enabled = false (custom)
2019-09-27 11:50:59,298 [pool-129-thread-1] INFO  server.RaftServerConfigKeys (ConfUtils.java:logGet(43)) - raft.server.sleep.deviation.threshold = 300 (default)
2019-09-27 11:50:59,298 [pool-139-thread-1] INFO  impl.RaftServerImpl (ServerState.java:<init>(103)) - 6760aa84-32eb-4d58-b79e-6880432c1967@group-AE34B9F6167B: ConfigurationManager, init=-1: [18dc4bc1-099b-4097-b7c5-321a5172589a:192.168.30.19:45077, 6760aa84-32eb-4d58-b79e-6880432c1967:192.168.30.19:36901, 4de51c34-1414-4a57-9393-191db81f912b:192.168.30.19:34175], old=null, confs=<EMPTY_MAP>
2019-09-27 11:50:59,298 [pool-129-thread-1] INFO  server.RaftServerConfigKeys (ConfUtils.java:logGet(43)) - raft.server.log.appender.install.snapshot.enabled = false (custom)
2019-09-27 11:50:59,298 [pool-139-thread-1] INFO  server.RaftServerConfigKeys (ConfUtils.java:logGet(43)) - raft.server.storage.dir = [/workdir/hadoop-ozone/integration-test/target/test-dir/MiniOzoneClusterImpl-3ca6fd23-a5ee-487c-a238-8e42847d24a4/datanode-2/data/ratis] (custom)
2019-09-27 11:50:59,299 [pool-129-thread-1] INFO  impl.RaftServerImpl (ServerState.java:<init>(103)) - 4de51c34-1414-4a57-9393-191db81f912b@group-AE34B9F6167B: ConfigurationManager, init=-1: [18dc4bc1-099b-4097-b7c5-321a5172589a:192.168.30.19:45077, 6760aa84-32eb-4d58-b79e-6880432c1967:192.168.30.19:36901, 4de51c34-1414-4a57-9393-191db81f912b:192.168.30.19:34175], old=null, confs=<EMPTY_MAP>
2019-09-27 11:50:59,299 [pool-129-thread-1] INFO  server.RaftServerConfigKeys (ConfUtils.java:logGet(43)) - raft.server.storage.dir = [/workdir/hadoop-ozone/integration-test/target/test-dir/MiniOzoneClusterImpl-3ca6fd23-a5ee-487c-a238-8e42847d24a4/datanode-1/data/ratis] (custom)
2019-09-27 11:50:59,299 [pool-139-thread-1] INFO  storage.RaftStorageDirectory (RaftStorageDirectory.java:analyzeStorage(246)) - The storage directory /workdir/hadoop-ozone/integration-test/target/test-dir/MiniOzoneClusterImpl-3ca6fd23-a5ee-487c-a238-8e42847d24a4/datanode-2/data/ratis/3c4e8acd-fcb2-446d-82f9-ae34b9f6167b does not exist. Creating ...
2019-09-27 11:50:59,299 [pool-129-thread-1] INFO  storage.RaftStorageDirectory (RaftStorageDirectory.java:analyzeStorage(246)) - The storage directory /workdir/hadoop-ozone/integration-test/target/test-dir/MiniOzoneClusterImpl-3ca6fd23-a5ee-487c-a238-8e42847d24a4/datanode-1/data/ratis/3c4e8acd-fcb2-446d-82f9-ae34b9f6167b does not exist. Creating ...
2019-09-27 11:50:59,323 [pool-179-thread-1] INFO  storage.RaftStorageDirectory (RaftStorageDirectory.java:tryLock(328)) - Lock on /workdir/hadoop-ozone/integration-test/target/test-dir/MiniOzoneClusterImpl-3ca6fd23-a5ee-487c-a238-8e42847d24a4/datanode-6/data/ratis/3c4e8acd-fcb2-446d-82f9-ae34b9f6167b/in_use.lock acquired by nodename 11622@pr-hdds-2166-8ptj5-2756111467
2019-09-27 11:50:59,323 [pool-139-thread-1] INFO  storage.RaftStorageDirectory (RaftStorageDirectory.java:tryLock(328)) - Lock on /workdir/hadoop-ozone/integration-test/target/test-dir/MiniOzoneClusterImpl-3ca6fd23-a5ee-487c-a238-8e42847d24a4/datanode-2/data/ratis/3c4e8acd-fcb2-446d-82f9-ae34b9f6167b/in_use.lock acquired by nodename 11622@pr-hdds-2166-8ptj5-2756111467
2019-09-27 11:50:59,323 [pool-129-thread-1] INFO  storage.RaftStorageDirectory (RaftStorageDirectory.java:tryLock(328)) - Lock on /workdir/hadoop-ozone/integration-test/target/test-dir/MiniOzoneClusterImpl-3ca6fd23-a5ee-487c-a238-8e42847d24a4/datanode-1/data/ratis/3c4e8acd-fcb2-446d-82f9-ae34b9f6167b/in_use.lock acquired by nodename 11622@pr-hdds-2166-8ptj5-2756111467
2019-09-27 11:50:59,338 [pool-129-thread-1] INFO  storage.RaftStorage (RaftStorage.java:format(72)) - Storage directory /workdir/hadoop-ozone/integration-test/target/test-dir/MiniOzoneClusterImpl-3ca6fd23-a5ee-487c-a238-8e42847d24a4/datanode-1/data/ratis/3c4e8acd-fcb2-446d-82f9-ae34b9f6167b has been successfully formatted.
2019-09-27 11:50:59,338 [pool-179-thread-1] INFO  storage.RaftStorage (RaftStorage.java:format(72)) - Storage directory /workdir/hadoop-ozone/integration-test/target/test-dir/MiniOzoneClusterImpl-3ca6fd23-a5ee-487c-a238-8e42847d24a4/datanode-6/data/ratis/3c4e8acd-fcb2-446d-82f9-ae34b9f6167b has been successfully formatted.
2019-09-27 11:50:59,338 [pool-129-thread-1] INFO  ratis.ContainerStateMachine (ContainerStateMachine.java:loadSnapshot(230)) - group-AE34B9F6167B: The snapshot info is null. Setting the last applied indexto:(t:0, i:~)
2019-09-27 11:50:59,338 [pool-139-thread-1] INFO  storage.RaftStorage (RaftStorage.java:format(72)) - Storage directory /workdir/hadoop-ozone/integration-test/target/test-dir/MiniOzoneClusterImpl-3ca6fd23-a5ee-487c-a238-8e42847d24a4/datanode-2/data/ratis/3c4e8acd-fcb2-446d-82f9-ae34b9f6167b has been successfully formatted.
2019-09-27 11:50:59,339 [pool-129-thread-1] INFO  server.RaftServerConfigKeys (ConfUtils.java:logGet(43)) - raft.server.notification.no-leader.timeout = 120s (custom)
2019-09-27 11:50:59,339 [pool-179-thread-1] INFO  ratis.ContainerStateMachine (ContainerStateMachine.java:loadSnapshot(230)) - group-AE34B9F6167B: The snapshot info is null. Setting the last applied indexto:(t:0, i:~)
2019-09-27 11:50:59,339 [pool-139-thread-1] INFO  ratis.ContainerStateMachine (ContainerStateMachine.java:loadSnapshot(230)) - group-AE34B9F6167B: The snapshot info is null. Setting the last applied indexto:(t:0, i:~)
2019-09-27 11:50:59,339 [pool-129-thread-1] INFO  server.RaftServerConfigKeys (ConfUtils.java:logGet(43)) - raft.server.log.use.memory = false (default)
2019-09-27 11:50:59,339 [pool-139-thread-1] INFO  server.RaftServerConfigKeys (ConfUtils.java:logGet(43)) - raft.server.notification.no-leader.timeout = 120s (custom)
2019-09-27 11:50:59,339 [pool-179-thread-1] INFO  server.RaftServerConfigKeys (ConfUtils.java:logGet(43)) - raft.server.notification.no-leader.timeout = 120s (custom)
2019-09-27 11:50:59,339 [pool-139-thread-1] INFO  server.RaftServerConfigKeys (ConfUtils.java:logGet(43)) - raft.server.log.use.memory = false (default)
2019-09-27 11:50:59,339 [pool-129-thread-1] INFO  server.RaftServerConfigKeys (ConfUtils.java:logGet(43)) - raft.server.log.purge.gap = 1000000 (custom)
2019-09-27 11:50:59,339 [pool-139-thread-1] INFO  server.RaftServerConfigKeys (ConfUtils.java:logGet(43)) - raft.server.log.purge.gap = 1000000 (custom)
2019-09-27 11:50:59,339 [pool-179-thread-1] INFO  server.RaftServerConfigKeys (ConfUtils.java:logGet(43)) - raft.server.log.use.memory = false (default)
2019-09-27 11:50:59,340 [pool-139-thread-1] INFO  server.RaftServerConfigKeys (ConfUtils.java:logGet(43)) - raft.server.log.appender.buffer.byte-limit = 33554432 (custom)
2019-09-27 11:50:59,340 [pool-129-thread-1] INFO  server.RaftServerConfigKeys (ConfUtils.java:logGet(43)) - raft.server.log.appender.buffer.byte-limit = 33554432 (custom)
2019-09-27 11:50:59,340 [pool-139-thread-1] INFO  server.RaftServerConfigKeys (ConfUtils.java:logGet(43)) - raft.server.log.segment.size.max = 1048576 (custom)
2019-09-27 11:50:59,340 [pool-179-thread-1] INFO  server.RaftServerConfigKeys (ConfUtils.java:logGet(43)) - raft.server.log.purge.gap = 1000000 (custom)
2019-09-27 11:50:59,340 [pool-139-thread-1] INFO  server.RaftServerConfigKeys (ConfUtils.java:logGet(43)) - raft.server.log.segment.cache.num.max = 2 (custom)
2019-09-27 11:50:59,340 [pool-129-thread-1] INFO  server.RaftServerConfigKeys (ConfUtils.java:logGet(43)) - raft.server.log.segment.size.max = 1048576 (custom)
2019-09-27 11:50:59,340 [pool-139-thread-1] INFO  segmented.SegmentedRaftLogWorker (SegmentedRaftLogWorker.java:<init>(172)) - new 6760aa84-32eb-4d58-b79e-6880432c1967@group-AE34B9F6167B-SegmentedRaftLogWorker for RaftStorage:Storage Directory /workdir/hadoop-ozone/integration-test/target/test-dir/MiniOzoneClusterImpl-3ca6fd23-a5ee-487c-a238-8e42847d24a4/datanode-2/data/ratis/3c4e8acd-fcb2-446d-82f9-ae34b9f6167b
2019-09-27 11:50:59,340 [pool-179-thread-1] INFO  server.RaftServerConfigKeys (ConfUtils.java:logGet(43)) - raft.server.log.appender.buffer.byte-limit = 33554432 (custom)
2019-09-27 11:50:59,341 [pool-139-thread-1] INFO  server.RaftServerConfigKeys (ConfUtils.java:logGet(43)) - raft.server.log.queue.byte-limit = 2147483647 (custom)
2019-09-27 11:50:59,340 [pool-129-thread-1] INFO  server.RaftServerConfigKeys (ConfUtils.java:logGet(43)) - raft.server.log.segment.cache.num.max = 2 (custom)
2019-09-27 11:50:59,341 [pool-139-thread-1] INFO  server.RaftServerConfigKeys (ConfUtils.java:logGet(43)) - raft.server.log.queue.element-limit = 1024 (custom)
2019-09-27 11:50:59,341 [pool-179-thread-1] INFO  server.RaftServerConfigKeys (ConfUtils.java:logGet(43)) - raft.server.log.segment.size.max = 1048576 (custom)
2019-09-27 11:50:59,341 [pool-139-thread-1] INFO  server.RaftServerConfigKeys (ConfUtils.java:logGet(43)) - raft.server.log.segment.size.max = 1048576 (custom)
2019-09-27 11:50:59,341 [pool-129-thread-1] INFO  segmented.SegmentedRaftLogWorker (SegmentedRaftLogWorker.java:<init>(172)) - new 4de51c34-1414-4a57-9393-191db81f912b@group-AE34B9F6167B-SegmentedRaftLogWorker for RaftStorage:Storage Directory /workdir/hadoop-ozone/integration-test/target/test-dir/MiniOzoneClusterImpl-3ca6fd23-a5ee-487c-a238-8e42847d24a4/datanode-1/data/ratis/3c4e8acd-fcb2-446d-82f9-ae34b9f6167b
2019-09-27 11:50:59,341 [pool-179-thread-1] INFO  server.RaftServerConfigKeys (ConfUtils.java:logGet(43)) - raft.server.log.segment.cache.num.max = 2 (custom)
2019-09-27 11:50:59,341 [pool-129-thread-1] INFO  server.RaftServerConfigKeys (ConfUtils.java:logGet(43)) - raft.server.log.queue.byte-limit = 2147483647 (custom)
2019-09-27 11:50:59,341 [pool-139-thread-1] INFO  server.RaftServerConfigKeys (ConfUtils.java:logGet(43)) - raft.server.log.preallocated.size = 16384 (custom)
2019-09-27 11:50:59,342 [pool-129-thread-1] INFO  server.RaftServerConfigKeys (ConfUtils.java:logGet(43)) - raft.server.log.queue.element-limit = 1024 (custom)
2019-09-27 11:50:59,341 [pool-179-thread-1] INFO  segmented.SegmentedRaftLogWorker (SegmentedRaftLogWorker.java:<init>(172)) - new 18dc4bc1-099b-4097-b7c5-321a5172589a@group-AE34B9F6167B-SegmentedRaftLogWorker for RaftStorage:Storage Directory /workdir/hadoop-ozone/integration-test/target/test-dir/MiniOzoneClusterImpl-3ca6fd23-a5ee-487c-a238-8e42847d24a4/datanode-6/data/ratis/3c4e8acd-fcb2-446d-82f9-ae34b9f6167b
2019-09-27 11:50:59,342 [pool-129-thread-1] INFO  server.RaftServerConfigKeys (ConfUtils.java:logGet(43)) - raft.server.log.segment.size.max = 1048576 (custom)
2019-09-27 11:50:59,342 [pool-139-thread-1] INFO  server.RaftServerConfigKeys (ConfUtils.java:logGet(43)) - raft.server.log.write.buffer.size = 33554432 (custom)
2019-09-27 11:50:59,342 [pool-129-thread-1] INFO  server.RaftServerConfigKeys (ConfUtils.java:logGet(43)) - raft.server.log.preallocated.size = 16384 (custom)
2019-09-27 11:50:59,342 [pool-179-thread-1] INFO  server.RaftServerConfigKeys (ConfUtils.java:logGet(43)) - raft.server.log.queue.byte-limit = 2147483647 (custom)
2019-09-27 11:50:59,342 [pool-129-thread-1] INFO  server.RaftServerConfigKeys (ConfUtils.java:logGet(43)) - raft.server.log.write.buffer.size = 33554432 (custom)
2019-09-27 11:50:59,342 [pool-139-thread-1] INFO  server.RaftServerConfigKeys (ConfUtils.java:logGet(43)) - raft.server.log.force.sync.num = 128 (default)
2019-09-27 11:50:59,342 [pool-129-thread-1] INFO  server.RaftServerConfigKeys (ConfUtils.java:logGet(43)) - raft.server.log.force.sync.num = 128 (default)
2019-09-27 11:50:59,342 [pool-179-thread-1] INFO  server.RaftServerConfigKeys (ConfUtils.java:logGet(43)) - raft.server.log.queue.element-limit = 1024 (custom)
2019-09-27 11:50:59,343 [pool-129-thread-1] INFO  server.RaftServerConfigKeys (ConfUtils.java:logGet(43)) - raft.server.log.statemachine.data.sync = true (default)
2019-09-27 11:50:59,342 [pool-139-thread-1] INFO  server.RaftServerConfigKeys (ConfUtils.java:logGet(43)) - raft.server.log.statemachine.data.sync = true (default)
2019-09-27 11:50:59,343 [pool-129-thread-1] INFO  server.RaftServerConfigKeys (ConfUtils.java:logGet(43)) - raft.server.log.statemachine.data.sync.timeout = 10s (default)
2019-09-27 11:50:59,343 [pool-179-thread-1] INFO  server.RaftServerConfigKeys (ConfUtils.java:logGet(43)) - raft.server.log.segment.size.max = 1048576 (custom)
2019-09-27 11:50:59,343 [pool-129-thread-1] INFO  server.RaftServerConfigKeys (ConfUtils.java:logGet(43)) - raft.server.log.statemachine.data.sync.timeout.retry = -1 (default)
2019-09-27 11:50:59,343 [pool-139-thread-1] INFO  server.RaftServerConfigKeys (ConfUtils.java:logGet(43)) - raft.server.log.statemachine.data.sync.timeout = 10s (default)
2019-09-27 11:50:59,343 [pool-129-thread-1] INFO  server.RaftServerConfigKeys (ConfUtils.java:logGet(43)) - raft.server.log.statemachine.data.caching.enabled = true (custom)
2019-09-27 11:50:59,343 [pool-179-thread-1] INFO  server.RaftServerConfigKeys (ConfUtils.java:logGet(43)) - raft.server.log.preallocated.size = 16384 (custom)
2019-09-27 11:50:59,343 [pool-139-thread-1] INFO  server.RaftServerConfigKeys (ConfUtils.java:logGet(43)) - raft.server.log.statemachine.data.sync.timeout.retry = -1 (default)
2019-09-27 11:50:59,344 [pool-179-thread-1] INFO  server.RaftServerConfigKeys (ConfUtils.java:logGet(43)) - raft.server.log.write.buffer.size = 33554432 (custom)
2019-09-27 11:50:59,344 [pool-129-thread-1] INFO  segmented.SegmentedRaftLogWorker (SegmentedRaftLogWorker.java:lambda$new$0(132)) - 4de51c34-1414-4a57-9393-191db81f912b@group-AE34B9F6167B-SegmentedRaftLogWorker: flushIndex: setUnconditionally 0 -> -1
2019-09-27 11:50:59,344 [pool-179-thread-1] INFO  server.RaftServerConfigKeys (ConfUtils.java:logGet(43)) - raft.server.log.force.sync.num = 128 (default)
2019-09-27 11:50:59,344 [pool-139-thread-1] INFO  server.RaftServerConfigKeys (ConfUtils.java:logGet(43)) - raft.server.log.statemachine.data.caching.enabled = true (custom)
2019-09-27 11:50:59,344 [pool-129-thread-1] INFO  server.RaftServerConfigKeys (ConfUtils.java:logGet(43)) - raft.server.snapshot.auto.trigger.enabled = true (custom)
2019-09-27 11:50:59,344 [pool-179-thread-1] INFO  server.RaftServerConfigKeys (ConfUtils.java:logGet(43)) - raft.server.log.statemachine.data.sync = true (default)
2019-09-27 11:50:59,344 [pool-139-thread-1] INFO  segmented.SegmentedRaftLogWorker (SegmentedRaftLogWorker.java:lambda$new$0(132)) - 6760aa84-32eb-4d58-b79e-6880432c1967@group-AE34B9F6167B-SegmentedRaftLogWorker: flushIndex: setUnconditionally 0 -> -1
2019-09-27 11:50:59,344 [pool-129-thread-1] INFO  server.RaftServerConfigKeys (ConfUtils.java:logGet(43)) - raft.server.snapshot.auto.trigger.threshold = 10000 (custom)
2019-09-27 11:50:59,344 [pool-179-thread-1] INFO  server.RaftServerConfigKeys (ConfUtils.java:logGet(43)) - raft.server.log.statemachine.data.sync.timeout = 10s (default)
2019-09-27 11:50:59,345 [pool-139-thread-1] INFO  server.RaftServerConfigKeys (ConfUtils.java:logGet(43)) - raft.server.snapshot.auto.trigger.enabled = true (custom)
2019-09-27 11:50:59,345 [pool-129-thread-1] INFO  server.RaftServerConfigKeys (ConfUtils.java:logGet(43)) - raft.server.snapshot.retention.num.files = 5 (custom)
2019-09-27 11:50:59,345 [pool-139-thread-1] INFO  server.RaftServerConfigKeys (ConfUtils.java:logGet(43)) - raft.server.snapshot.auto.trigger.threshold = 10000 (custom)
2019-09-27 11:50:59,345 [pool-179-thread-1] INFO  server.RaftServerConfigKeys (ConfUtils.java:logGet(43)) - raft.server.log.statemachine.data.sync.timeout.retry = -1 (default)
2019-09-27 11:50:59,345 [pool-139-thread-1] INFO  server.RaftServerConfigKeys (ConfUtils.java:logGet(43)) - raft.server.snapshot.retention.num.files = 5 (custom)
2019-09-27 11:50:59,345 [pool-129-thread-1] INFO  server.RaftServerConfigKeys (ConfUtils.java:logGet(43)) - raft.server.retrycache.expirytime = 600000ms (custom)
2019-09-27 11:50:59,345 [pool-139-thread-1] INFO  server.RaftServerConfigKeys (ConfUtils.java:logGet(43)) - raft.server.retrycache.expirytime = 600000ms (custom)
2019-09-27 11:50:59,345 [pool-179-thread-1] INFO  server.RaftServerConfigKeys (ConfUtils.java:logGet(43)) - raft.server.log.statemachine.data.caching.enabled = true (custom)
2019-09-27 11:50:59,346 [pool-179-thread-1] INFO  segmented.SegmentedRaftLogWorker (SegmentedRaftLogWorker.java:lambda$new$0(132)) - 18dc4bc1-099b-4097-b7c5-321a5172589a@group-AE34B9F6167B-SegmentedRaftLogWorker: flushIndex: setUnconditionally 0 -> -1
2019-09-27 11:50:59,346 [pool-179-thread-1] INFO  server.RaftServerConfigKeys (ConfUtils.java:logGet(43)) - raft.server.snapshot.auto.trigger.enabled = true (custom)
2019-09-27 11:50:59,346 [pool-179-thread-1] INFO  server.RaftServerConfigKeys (ConfUtils.java:logGet(43)) - raft.server.snapshot.auto.trigger.threshold = 10000 (custom)
2019-09-27 11:50:59,346 [pool-179-thread-1] INFO  server.RaftServerConfigKeys (ConfUtils.java:logGet(43)) - raft.server.snapshot.retention.num.files = 5 (custom)
2019-09-27 11:50:59,346 [pool-179-thread-1] INFO  server.RaftServerConfigKeys (ConfUtils.java:logGet(43)) - raft.server.retrycache.expirytime = 600000ms (custom)
2019-09-27 11:50:59,348 [pool-129-thread-1] INFO  impl.RaftServerImpl (RaftServerImpl.java:start(185)) - 4de51c34-1414-4a57-9393-191db81f912b@group-AE34B9F6167B: start as a follower, conf=-1: [18dc4bc1-099b-4097-b7c5-321a5172589a:192.168.30.19:45077, 6760aa84-32eb-4d58-b79e-6880432c1967:192.168.30.19:36901, 4de51c34-1414-4a57-9393-191db81f912b:192.168.30.19:34175], old=null
2019-09-27 11:50:59,348 [pool-129-thread-1] INFO  impl.RaftServerImpl (RaftServerImpl.java:setRole(174)) - 4de51c34-1414-4a57-9393-191db81f912b@group-AE34B9F6167B: changes role from      null to FOLLOWER at term 0 for startAsFollower
2019-09-27 11:50:59,348 [pool-129-thread-1] INFO  impl.RoleInfo (RoleInfo.java:updateAndGet(143)) - 4de51c34-1414-4a57-9393-191db81f912b: start FollowerState
2019-09-27 11:50:59,349 [pool-129-thread-1] INFO  util.JmxRegister (JmxRegister.java:tryRegister(44)) - Successfully registered JMX Bean with object name Ratis:service=RaftServer,group=group-AE34B9F6167B,id=4de51c34-1414-4a57-9393-191db81f912b
2019-09-27 11:50:59,349 [pool-139-thread-1] INFO  impl.RaftServerImpl (RaftServerImpl.java:start(185)) - 6760aa84-32eb-4d58-b79e-6880432c1967@group-AE34B9F6167B: start as a follower, conf=-1: [18dc4bc1-099b-4097-b7c5-321a5172589a:192.168.30.19:45077, 6760aa84-32eb-4d58-b79e-6880432c1967:192.168.30.19:36901, 4de51c34-1414-4a57-9393-191db81f912b:192.168.30.19:34175], old=null
2019-09-27 11:50:59,349 [pool-139-thread-1] INFO  impl.RaftServerImpl (RaftServerImpl.java:setRole(174)) - 6760aa84-32eb-4d58-b79e-6880432c1967@group-AE34B9F6167B: changes role from      null to FOLLOWER at term 0 for startAsFollower
2019-09-27 11:50:59,349 [pool-139-thread-1] INFO  impl.RoleInfo (RoleInfo.java:updateAndGet(143)) - 6760aa84-32eb-4d58-b79e-6880432c1967: start FollowerState
2019-09-27 11:50:59,349 [pool-139-thread-1] INFO  util.JmxRegister (JmxRegister.java:tryRegister(44)) - Successfully registered JMX Bean with object name Ratis:service=RaftServer,group=group-AE34B9F6167B,id=6760aa84-32eb-4d58-b79e-6880432c1967
2019-09-27 11:50:59,349 [pool-179-thread-1] INFO  impl.RaftServerImpl (RaftServerImpl.java:start(185)) - 18dc4bc1-099b-4097-b7c5-321a5172589a@group-AE34B9F6167B: start as a follower, conf=-1: [18dc4bc1-099b-4097-b7c5-321a5172589a:192.168.30.19:45077, 6760aa84-32eb-4d58-b79e-6880432c1967:192.168.30.19:36901, 4de51c34-1414-4a57-9393-191db81f912b:192.168.30.19:34175], old=null
2019-09-27 11:50:59,349 [pool-179-thread-1] INFO  impl.RaftServerImpl (RaftServerImpl.java:setRole(174)) - 18dc4bc1-099b-4097-b7c5-321a5172589a@group-AE34B9F6167B: changes role from      null to FOLLOWER at term 0 for startAsFollower
2019-09-27 11:50:59,350 [pool-179-thread-1] INFO  impl.RoleInfo (RoleInfo.java:updateAndGet(143)) - 18dc4bc1-099b-4097-b7c5-321a5172589a: start FollowerState
2019-09-27 11:50:59,354 [pool-179-thread-1] INFO  util.JmxRegister (JmxRegister.java:tryRegister(44)) - Successfully registered JMX Bean with object name Ratis:service=RaftServer,group=group-AE34B9F6167B,id=18dc4bc1-099b-4097-b7c5-321a5172589a
2019-09-27 11:50:59,362 [RatisPipelineUtilsThread] INFO  pipeline.PipelineStateManager (PipelineStateManager.java:addPipeline(56)) - Created pipeline Pipeline[ Id: 3c4e8acd-fcb2-446d-82f9-ae34b9f6167b, Nodes: 6760aa84-32eb-4d58-b79e-6880432c1967{ip: 192.168.30.19, host: pr-hdds-2166-8ptj5-2756111467, networkLocation: /default-rack, certSerialId: null}18dc4bc1-099b-4097-b7c5-321a5172589a{ip: 192.168.30.19, host: pr-hdds-2166-8ptj5-2756111467, networkLocation: /default-rack, certSerialId: null}4de51c34-1414-4a57-9393-191db81f912b{ip: 192.168.30.19, host: pr-hdds-2166-8ptj5-2756111467, networkLocation: /default-rack, certSerialId: null}, Type:RATIS, Factor:THREE, State:OPEN]
2019-09-27 11:50:59,378 [grpc-default-executor-5] INFO  impl.RaftServerProxy (RaftServerProxy.java:addNew(89)) - 224b933d-f7fb-4ff7-a482-9c13e4b41436: addNew group-8C668F97AA0C:[224b933d-f7fb-4ff7-a482-9c13e4b41436:192.168.30.19:36788, a9b76f13-9965-44c1-ab60-72935f90d179:192.168.30.19:35755, 375ac5ba-0c4a-468a-bc80-8405446a2fc5:192.168.30.19:37266] returns group-8C668F97AA0C:java.util.concurrent.CompletableFuture@48ff69ec[Not completed]
2019-09-27 11:50:59,378 [grpc-default-executor-3] INFO  impl.RaftServerProxy (RaftServerProxy.java:addNew(89)) - 375ac5ba-0c4a-468a-bc80-8405446a2fc5: addNew group-8C668F97AA0C:[224b933d-f7fb-4ff7-a482-9c13e4b41436:192.168.30.19:36788, a9b76f13-9965-44c1-ab60-72935f90d179:192.168.30.19:35755, 375ac5ba-0c4a-468a-bc80-8405446a2fc5:192.168.30.19:37266] returns group-8C668F97AA0C:java.util.concurrent.CompletableFuture@7e507d91[Not completed]
2019-09-27 11:50:59,381 [grpc-default-executor-2] INFO  impl.RaftServerProxy (RaftServerProxy.java:addNew(89)) - a9b76f13-9965-44c1-ab60-72935f90d179: addNew group-8C668F97AA0C:[224b933d-f7fb-4ff7-a482-9c13e4b41436:192.168.30.19:36788, a9b76f13-9965-44c1-ab60-72935f90d179:192.168.30.19:35755, 375ac5ba-0c4a-468a-bc80-8405446a2fc5:192.168.30.19:37266] returns group-8C668F97AA0C:java.util.concurrent.CompletableFuture@2dc105d4[Not completed]
2019-09-27 11:50:59,382 [pool-149-thread-1] INFO  impl.RaftServerImpl (RaftServerImpl.java:<init>(95)) - 224b933d-f7fb-4ff7-a482-9c13e4b41436: new RaftServerImpl for group-8C668F97AA0C:[224b933d-f7fb-4ff7-a482-9c13e4b41436:192.168.30.19:36788, a9b76f13-9965-44c1-ab60-72935f90d179:192.168.30.19:35755, 375ac5ba-0c4a-468a-bc80-8405446a2fc5:192.168.30.19:37266] with ContainerStateMachine:uninitialized
2019-09-27 11:50:59,382 [pool-149-thread-1] INFO  server.RaftServerConfigKeys (ConfUtils.java:logGet(43)) - raft.server.rpc.timeout.min = 5s (custom)
2019-09-27 11:50:59,382 [pool-149-thread-1] INFO  server.RaftServerConfigKeys (ConfUtils.java:logGet(43)) - raft.server.rpc.timeout.max = 5200ms (custom)
2019-09-27 11:50:59,382 [pool-149-thread-1] INFO  server.RaftServerConfigKeys (ConfUtils.java:logGet(43)) - raft.server.rpcslowness.timeout = 120s (custom)
2019-09-27 11:50:59,382 [pool-149-thread-1] INFO  server.RaftServerConfigKeys (ConfUtils.java:logGet(43)) - raft.server.sleep.deviation.threshold = 300 (default)
2019-09-27 11:50:59,382 [pool-149-thread-1] INFO  server.RaftServerConfigKeys (ConfUtils.java:logGet(43)) - raft.server.log.appender.install.snapshot.enabled = false (custom)
2019-09-27 11:50:59,382 [pool-119-thread-1] INFO  impl.RaftServerImpl (RaftServerImpl.java:<init>(95)) - a9b76f13-9965-44c1-ab60-72935f90d179: new RaftServerImpl for group-8C668F97AA0C:[224b933d-f7fb-4ff7-a482-9c13e4b41436:192.168.30.19:36788, a9b76f13-9965-44c1-ab60-72935f90d179:192.168.30.19:35755, 375ac5ba-0c4a-468a-bc80-8405446a2fc5:192.168.30.19:37266] with ContainerStateMachine:uninitialized
2019-09-27 11:50:59,382 [pool-149-thread-1] INFO  impl.RaftServerImpl (ServerState.java:<init>(103)) - 224b933d-f7fb-4ff7-a482-9c13e4b41436@group-8C668F97AA0C: ConfigurationManager, init=-1: [224b933d-f7fb-4ff7-a482-9c13e4b41436:192.168.30.19:36788, a9b76f13-9965-44c1-ab60-72935f90d179:192.168.30.19:35755, 375ac5ba-0c4a-468a-bc80-8405446a2fc5:192.168.30.19:37266], old=null, confs=<EMPTY_MAP>
2019-09-27 11:50:59,382 [pool-119-thread-1] INFO  server.RaftServerConfigKeys (ConfUtils.java:logGet(43)) - raft.server.rpc.timeout.min = 5s (custom)
2019-09-27 11:50:59,382 [pool-169-thread-1] INFO  impl.RaftServerImpl (RaftServerImpl.java:<init>(95)) - 375ac5ba-0c4a-468a-bc80-8405446a2fc5: new RaftServerImpl for group-8C668F97AA0C:[224b933d-f7fb-4ff7-a482-9c13e4b41436:192.168.30.19:36788, a9b76f13-9965-44c1-ab60-72935f90d179:192.168.30.19:35755, 375ac5ba-0c4a-468a-bc80-8405446a2fc5:192.168.30.19:37266] with ContainerStateMachine:uninitialized
2019-09-27 11:50:59,382 [pool-149-thread-1] INFO  server.RaftServerConfigKeys (ConfUtils.java:logGet(43)) - raft.server.storage.dir = [/workdir/hadoop-ozone/integration-test/target/test-dir/MiniOzoneClusterImpl-3ca6fd23-a5ee-487c-a238-8e42847d24a4/datanode-3/data/ratis] (custom)
2019-09-27 11:50:59,383 [pool-169-thread-1] INFO  server.RaftServerConfigKeys (ConfUtils.java:logGet(43)) - raft.server.rpc.timeout.min = 5s (custom)
2019-09-27 11:50:59,382 [pool-119-thread-1] INFO  server.RaftServerConfigKeys (ConfUtils.java:logGet(43)) - raft.server.rpc.timeout.max = 5200ms (custom)
2019-09-27 11:50:59,383 [pool-169-thread-1] INFO  server.RaftServerConfigKeys (ConfUtils.java:logGet(43)) - raft.server.rpc.timeout.max = 5200ms (custom)
2019-09-27 11:50:59,383 [pool-149-thread-1] INFO  storage.RaftStorageDirectory (RaftStorageDirectory.java:analyzeStorage(246)) - The storage directory /workdir/hadoop-ozone/integration-test/target/test-dir/MiniOzoneClusterImpl-3ca6fd23-a5ee-487c-a238-8e42847d24a4/datanode-3/data/ratis/0a80c4f6-dd89-43d1-bdc6-8c668f97aa0c does not exist. Creating ...
2019-09-27 11:50:59,383 [pool-119-thread-1] INFO  server.RaftServerConfigKeys (ConfUtils.java:logGet(43)) - raft.server.rpcslowness.timeout = 120s (custom)
2019-09-27 11:50:59,383 [pool-169-thread-1] INFO  server.RaftServerConfigKeys (ConfUtils.java:logGet(43)) - raft.server.rpcslowness.timeout = 120s (custom)
2019-09-27 11:50:59,383 [pool-119-thread-1] INFO  server.RaftServerConfigKeys (ConfUtils.java:logGet(43)) - raft.server.sleep.deviation.threshold = 300 (default)
2019-09-27 11:50:59,383 [pool-169-thread-1] INFO  server.RaftServerConfigKeys (ConfUtils.java:logGet(43)) - raft.server.sleep.deviation.threshold = 300 (default)
2019-09-27 11:50:59,383 [pool-119-thread-1] INFO  server.RaftServerConfigKeys (ConfUtils.java:logGet(43)) - raft.server.log.appender.install.snapshot.enabled = false (custom)
2019-09-27 11:50:59,383 [pool-169-thread-1] INFO  server.RaftServerConfigKeys (ConfUtils.java:logGet(43)) - raft.server.log.appender.install.snapshot.enabled = false (custom)
2019-09-27 11:50:59,383 [pool-119-thread-1] INFO  impl.RaftServerImpl (ServerState.java:<init>(103)) - a9b76f13-9965-44c1-ab60-72935f90d179@group-8C668F97AA0C: ConfigurationManager, init=-1: [224b933d-f7fb-4ff7-a482-9c13e4b41436:192.168.30.19:36788, a9b76f13-9965-44c1-ab60-72935f90d179:192.168.30.19:35755, 375ac5ba-0c4a-468a-bc80-8405446a2fc5:192.168.30.19:37266], old=null, confs=<EMPTY_MAP>
2019-09-27 11:50:59,383 [pool-169-thread-1] INFO  impl.RaftServerImpl (ServerState.java:<init>(103)) - 375ac5ba-0c4a-468a-bc80-8405446a2fc5@group-8C668F97AA0C: ConfigurationManager, init=-1: [224b933d-f7fb-4ff7-a482-9c13e4b41436:192.168.30.19:36788, a9b76f13-9965-44c1-ab60-72935f90d179:192.168.30.19:35755, 375ac5ba-0c4a-468a-bc80-8405446a2fc5:192.168.30.19:37266], old=null, confs=<EMPTY_MAP>
2019-09-27 11:50:59,384 [pool-119-thread-1] INFO  server.RaftServerConfigKeys (ConfUtils.java:logGet(43)) - raft.server.storage.dir = [/workdir/hadoop-ozone/integration-test/target/test-dir/MiniOzoneClusterImpl-3ca6fd23-a5ee-487c-a238-8e42847d24a4/datanode-0/data/ratis] (custom)
2019-09-27 11:50:59,384 [pool-169-thread-1] INFO  server.RaftServerConfigKeys (ConfUtils.java:logGet(43)) - raft.server.storage.dir = [/workdir/hadoop-ozone/integration-test/target/test-dir/MiniOzoneClusterImpl-3ca6fd23-a5ee-487c-a238-8e42847d24a4/datanode-5/data/ratis] (custom)
2019-09-27 11:50:59,384 [pool-169-thread-1] INFO  storage.RaftStorageDirectory (RaftStorageDirectory.java:analyzeStorage(246)) - The storage directory /workdir/hadoop-ozone/integration-test/target/test-dir/MiniOzoneClusterImpl-3ca6fd23-a5ee-487c-a238-8e42847d24a4/datanode-5/data/ratis/0a80c4f6-dd89-43d1-bdc6-8c668f97aa0c does not exist. Creating ...
2019-09-27 11:50:59,384 [pool-119-thread-1] INFO  storage.RaftStorageDirectory (RaftStorageDirectory.java:analyzeStorage(246)) - The storage directory /workdir/hadoop-ozone/integration-test/target/test-dir/MiniOzoneClusterImpl-3ca6fd23-a5ee-487c-a238-8e42847d24a4/datanode-0/data/ratis/0a80c4f6-dd89-43d1-bdc6-8c668f97aa0c does not exist. Creating ...
2019-09-27 11:50:59,407 [pool-169-thread-1] INFO  storage.RaftStorageDirectory (RaftStorageDirectory.java:tryLock(328)) - Lock on /workdir/hadoop-ozone/integration-test/target/test-dir/MiniOzoneClusterImpl-3ca6fd23-a5ee-487c-a238-8e42847d24a4/datanode-5/data/ratis/0a80c4f6-dd89-43d1-bdc6-8c668f97aa0c/in_use.lock acquired by nodename 11622@pr-hdds-2166-8ptj5-2756111467
2019-09-27 11:50:59,407 [pool-119-thread-1] INFO  storage.RaftStorageDirectory (RaftStorageDirectory.java:tryLock(328)) - Lock on /workdir/hadoop-ozone/integration-test/target/test-dir/MiniOzoneClusterImpl-3ca6fd23-a5ee-487c-a238-8e42847d24a4/datanode-0/data/ratis/0a80c4f6-dd89-43d1-bdc6-8c668f97aa0c/in_use.lock acquired by nodename 11622@pr-hdds-2166-8ptj5-2756111467
2019-09-27 11:50:59,407 [pool-149-thread-1] INFO  storage.RaftStorageDirectory (RaftStorageDirectory.java:tryLock(328)) - Lock on /workdir/hadoop-ozone/integration-test/target/test-dir/MiniOzoneClusterImpl-3ca6fd23-a5ee-487c-a238-8e42847d24a4/datanode-3/data/ratis/0a80c4f6-dd89-43d1-bdc6-8c668f97aa0c/in_use.lock acquired by nodename 11622@pr-hdds-2166-8ptj5-2756111467
2019-09-27 11:50:59,424 [pool-149-thread-1] INFO  storage.RaftStorage (RaftStorage.java:format(72)) - Storage directory /workdir/hadoop-ozone/integration-test/target/test-dir/MiniOzoneClusterImpl-3ca6fd23-a5ee-487c-a238-8e42847d24a4/datanode-3/data/ratis/0a80c4f6-dd89-43d1-bdc6-8c668f97aa0c has been successfully formatted.
2019-09-27 11:50:59,424 [pool-169-thread-1] INFO  storage.RaftStorage (RaftStorage.java:format(72)) - Storage directory /workdir/hadoop-ozone/integration-test/target/test-dir/MiniOzoneClusterImpl-3ca6fd23-a5ee-487c-a238-8e42847d24a4/datanode-5/data/ratis/0a80c4f6-dd89-43d1-bdc6-8c668f97aa0c has been successfully formatted.
2019-09-27 11:50:59,424 [pool-119-thread-1] INFO  storage.RaftStorage (RaftStorage.java:format(72)) - Storage directory /workdir/hadoop-ozone/integration-test/target/test-dir/MiniOzoneClusterImpl-3ca6fd23-a5ee-487c-a238-8e42847d24a4/datanode-0/data/ratis/0a80c4f6-dd89-43d1-bdc6-8c668f97aa0c has been successfully formatted.
2019-09-27 11:50:59,424 [pool-149-thread-1] INFO  ratis.ContainerStateMachine (ContainerStateMachine.java:loadSnapshot(230)) - group-8C668F97AA0C: The snapshot info is null. Setting the last applied indexto:(t:0, i:~)
2019-09-27 11:50:59,424 [pool-119-thread-1] INFO  ratis.ContainerStateMachine (ContainerStateMachine.java:loadSnapshot(230)) - group-8C668F97AA0C: The snapshot info is null. Setting the last applied indexto:(t:0, i:~)
2019-09-27 11:50:59,424 [pool-169-thread-1] INFO  ratis.ContainerStateMachine (ContainerStateMachine.java:loadSnapshot(230)) - group-8C668F97AA0C: The snapshot info is null. Setting the last applied indexto:(t:0, i:~)
2019-09-27 11:50:59,424 [pool-119-thread-1] INFO  server.RaftServerConfigKeys (ConfUtils.java:logGet(43)) - raft.server.notification.no-leader.timeout = 120s (custom)
2019-09-27 11:50:59,424 [pool-149-thread-1] INFO  server.RaftServerConfigKeys (ConfUtils.java:logGet(43)) - raft.server.notification.no-leader.timeout = 120s (custom)
2019-09-27 11:50:59,424 [pool-119-thread-1] INFO  server.RaftServerConfigKeys (ConfUtils.java:logGet(43)) - raft.server.log.use.memory = false (default)
2019-09-27 11:50:59,424 [pool-169-thread-1] INFO  server.RaftServerConfigKeys (ConfUtils.java:logGet(43)) - raft.server.notification.no-leader.timeout = 120s (custom)
2019-09-27 11:50:59,425 [pool-119-thread-1] INFO  server.RaftServerConfigKeys (ConfUtils.java:logGet(43)) - raft.server.log.purge.gap = 1000000 (custom)
2019-09-27 11:50:59,425 [pool-149-thread-1] INFO  server.RaftServerConfigKeys (ConfUtils.java:logGet(43)) - raft.server.log.use.memory = false (default)
2019-09-27 11:50:59,425 [pool-119-thread-1] INFO  server.RaftServerConfigKeys (ConfUtils.java:logGet(43)) - raft.server.log.appender.buffer.byte-limit = 33554432 (custom)
2019-09-27 11:50:59,425 [pool-169-thread-1] INFO  server.RaftServerConfigKeys (ConfUtils.java:logGet(43)) - raft.server.log.use.memory = false (default)
2019-09-27 11:50:59,425 [pool-119-thread-1] INFO  server.RaftServerConfigKeys (ConfUtils.java:logGet(43)) - raft.server.log.segment.size.max = 1048576 (custom)
2019-09-27 11:50:59,425 [pool-149-thread-1] INFO  server.RaftServerConfigKeys (ConfUtils.java:logGet(43)) - raft.server.log.purge.gap = 1000000 (custom)
2019-09-27 11:50:59,425 [pool-119-thread-1] INFO  server.RaftServerConfigKeys (ConfUtils.java:logGet(43)) - raft.server.log.segment.cache.num.max = 2 (custom)
2019-09-27 11:50:59,425 [pool-169-thread-1] INFO  server.RaftServerConfigKeys (ConfUtils.java:logGet(43)) - raft.server.log.purge.gap = 1000000 (custom)
2019-09-27 11:50:59,426 [pool-119-thread-1] INFO  segmented.SegmentedRaftLogWorker (SegmentedRaftLogWorker.java:<init>(172)) - new a9b76f13-9965-44c1-ab60-72935f90d179@group-8C668F97AA0C-SegmentedRaftLogWorker for RaftStorage:Storage Directory /workdir/hadoop-ozone/integration-test/target/test-dir/MiniOzoneClusterImpl-3ca6fd23-a5ee-487c-a238-8e42847d24a4/datanode-0/data/ratis/0a80c4f6-dd89-43d1-bdc6-8c668f97aa0c
2019-09-27 11:50:59,426 [pool-149-thread-1] INFO  server.RaftServerConfigKeys (ConfUtils.java:logGet(43)) - raft.server.log.appender.buffer.byte-limit = 33554432 (custom)
2019-09-27 11:50:59,426 [pool-119-thread-1] INFO  server.RaftServerConfigKeys (ConfUtils.java:logGet(43)) - raft.server.log.queue.byte-limit = 2147483647 (custom)
2019-09-27 11:50:59,426 [pool-169-thread-1] INFO  server.RaftServerConfigKeys (ConfUtils.java:logGet(43)) - raft.server.log.appender.buffer.byte-limit = 33554432 (custom)
2019-09-27 11:50:59,426 [pool-119-thread-1] INFO  server.RaftServerConfigKeys (ConfUtils.java:logGet(43)) - raft.server.log.queue.element-limit = 1024 (custom)
2019-09-27 11:50:59,426 [pool-149-thread-1] INFO  server.RaftServerConfigKeys (ConfUtils.java:logGet(43)) - raft.server.log.segment.size.max = 1048576 (custom)
2019-09-27 11:50:59,427 [pool-119-thread-1] INFO  server.RaftServerConfigKeys (ConfUtils.java:logGet(43)) - raft.server.log.segment.size.max = 1048576 (custom)
2019-09-27 11:50:59,426 [pool-169-thread-1] INFO  server.RaftServerConfigKeys (ConfUtils.java:logGet(43)) - raft.server.log.segment.size.max = 1048576 (custom)
2019-09-27 11:50:59,427 [pool-119-thread-1] INFO  server.RaftServerConfigKeys (ConfUtils.java:logGet(43)) - raft.server.log.preallocated.size = 16384 (custom)
2019-09-27 11:50:59,427 [pool-149-thread-1] INFO  server.RaftServerConfigKeys (ConfUtils.java:logGet(43)) - raft.server.log.segment.cache.num.max = 2 (custom)
2019-09-27 11:50:59,427 [pool-119-thread-1] INFO  server.RaftServerConfigKeys (ConfUtils.java:logGet(43)) - raft.server.log.write.buffer.size = 33554432 (custom)
2019-09-27 11:50:59,427 [pool-169-thread-1] INFO  server.RaftServerConfigKeys (ConfUtils.java:logGet(43)) - raft.server.log.segment.cache.num.max = 2 (custom)
2019-09-27 11:50:59,427 [pool-119-thread-1] INFO  server.RaftServerConfigKeys (ConfUtils.java:logGet(43)) - raft.server.log.force.sync.num = 128 (default)
2019-09-27 11:50:59,427 [pool-149-thread-1] INFO  segmented.SegmentedRaftLogWorker (SegmentedRaftLogWorker.java:<init>(172)) - new 224b933d-f7fb-4ff7-a482-9c13e4b41436@group-8C668F97AA0C-SegmentedRaftLogWorker for RaftStorage:Storage Directory /workdir/hadoop-ozone/integration-test/target/test-dir/MiniOzoneClusterImpl-3ca6fd23-a5ee-487c-a238-8e42847d24a4/datanode-3/data/ratis/0a80c4f6-dd89-43d1-bdc6-8c668f97aa0c
2019-09-27 11:50:59,428 [pool-119-thread-1] INFO  server.RaftServerConfigKeys (ConfUtils.java:logGet(43)) - raft.server.log.statemachine.data.sync = true (default)
2019-09-27 11:50:59,427 [pool-169-thread-1] INFO  segmented.SegmentedRaftLogWorker (SegmentedRaftLogWorker.java:<init>(172)) - new 375ac5ba-0c4a-468a-bc80-8405446a2fc5@group-8C668F97AA0C-SegmentedRaftLogWorker for RaftStorage:Storage Directory /workdir/hadoop-ozone/integration-test/target/test-dir/MiniOzoneClusterImpl-3ca6fd23-a5ee-487c-a238-8e42847d24a4/datanode-5/data/ratis/0a80c4f6-dd89-43d1-bdc6-8c668f97aa0c
2019-09-27 11:50:59,428 [pool-119-thread-1] INFO  server.RaftServerConfigKeys (ConfUtils.java:logGet(43)) - raft.server.log.statemachine.data.sync.timeout = 10s (default)
2019-09-27 11:50:59,428 [pool-149-thread-1] INFO  server.RaftServerConfigKeys (ConfUtils.java:logGet(43)) - raft.server.log.queue.byte-limit = 2147483647 (custom)
2019-09-27 11:50:59,428 [pool-119-thread-1] INFO  server.RaftServerConfigKeys (ConfUtils.java:logGet(43)) - raft.server.log.statemachine.data.sync.timeout.retry = -1 (default)
2019-09-27 11:50:59,428 [pool-169-thread-1] INFO  server.RaftServerConfigKeys (ConfUtils.java:logGet(43)) - raft.server.log.queue.byte-limit = 2147483647 (custom)
2019-09-27 11:50:59,428 [pool-119-thread-1] INFO  server.RaftServerConfigKeys (ConfUtils.java:logGet(43)) - raft.server.log.statemachine.data.caching.enabled = true (custom)
2019-09-27 11:50:59,428 [pool-149-thread-1] INFO  server.RaftServerConfigKeys (ConfUtils.java:logGet(43)) - raft.server.log.queue.element-limit = 1024 (custom)
2019-09-27 11:50:59,428 [pool-169-thread-1] INFO  server.RaftServerConfigKeys (ConfUtils.java:logGet(43)) - raft.server.log.queue.element-limit = 1024 (custom)
2019-09-27 11:50:59,429 [pool-119-thread-1] INFO  segmented.SegmentedRaftLogWorker (SegmentedRaftLogWorker.java:lambda$new$0(132)) - a9b76f13-9965-44c1-ab60-72935f90d179@group-8C668F97AA0C-SegmentedRaftLogWorker: flushIndex: setUnconditionally 0 -> -1
2019-09-27 11:50:59,429 [pool-149-thread-1] INFO  server.RaftServerConfigKeys (ConfUtils.java:logGet(43)) - raft.server.log.segment.size.max = 1048576 (custom)
2019-09-27 11:50:59,429 [pool-169-thread-1] INFO  server.RaftServerConfigKeys (ConfUtils.java:logGet(43)) - raft.server.log.segment.size.max = 1048576 (custom)
2019-09-27 11:50:59,429 [pool-119-thread-1] INFO  server.RaftServerConfigKeys (ConfUtils.java:logGet(43)) - raft.server.snapshot.auto.trigger.enabled = true (custom)
2019-09-27 11:50:59,429 [pool-149-thread-1] INFO  server.RaftServerConfigKeys (ConfUtils.java:logGet(43)) - raft.server.log.preallocated.size = 16384 (custom)
2019-09-27 11:50:59,429 [pool-119-thread-1] INFO  server.RaftServerConfigKeys (ConfUtils.java:logGet(43)) - raft.server.snapshot.auto.trigger.threshold = 10000 (custom)
2019-09-27 11:50:59,429 [pool-169-thread-1] INFO  server.RaftServerConfigKeys (ConfUtils.java:logGet(43)) - raft.server.log.preallocated.size = 16384 (custom)
2019-09-27 11:50:59,430 [pool-119-thread-1] INFO  server.RaftServerConfigKeys (ConfUtils.java:logGet(43)) - raft.server.snapshot.retention.num.files = 5 (custom)
2019-09-27 11:50:59,429 [pool-149-thread-1] INFO  server.RaftServerConfigKeys (ConfUtils.java:logGet(43)) - raft.server.log.write.buffer.size = 33554432 (custom)
2019-09-27 11:50:59,430 [pool-119-thread-1] INFO  server.RaftServerConfigKeys (ConfUtils.java:logGet(43)) - raft.server.retrycache.expirytime = 600000ms (custom)
2019-09-27 11:50:59,430 [pool-169-thread-1] INFO  server.RaftServerConfigKeys (ConfUtils.java:logGet(43)) - raft.server.log.write.buffer.size = 33554432 (custom)
2019-09-27 11:50:59,430 [pool-149-thread-1] INFO  server.RaftServerConfigKeys (ConfUtils.java:logGet(43)) - raft.server.log.force.sync.num = 128 (default)
2019-09-27 11:50:59,430 [pool-169-thread-1] INFO  server.RaftServerConfigKeys (ConfUtils.java:logGet(43)) - raft.server.log.force.sync.num = 128 (default)
2019-09-27 11:50:59,430 [pool-149-thread-1] INFO  server.RaftServerConfigKeys (ConfUtils.java:logGet(43)) - raft.server.log.statemachine.data.sync = true (default)
2019-09-27 11:50:59,430 [pool-169-thread-1] INFO  server.RaftServerConfigKeys (ConfUtils.java:logGet(43)) - raft.server.log.statemachine.data.sync = true (default)
2019-09-27 11:50:59,430 [pool-149-thread-1] INFO  server.RaftServerConfigKeys (ConfUtils.java:logGet(43)) - raft.server.log.statemachine.data.sync.timeout = 10s (default)
2019-09-27 11:50:59,431 [pool-169-thread-1] INFO  server.RaftServerConfigKeys (ConfUtils.java:logGet(43)) - raft.server.log.statemachine.data.sync.timeout = 10s (default)
2019-09-27 11:50:59,431 [pool-149-thread-1] INFO  server.RaftServerConfigKeys (ConfUtils.java:logGet(43)) - raft.server.log.statemachine.data.sync.timeout.retry = -1 (default)
2019-09-27 11:50:59,431 [pool-169-thread-1] INFO  server.RaftServerConfigKeys (ConfUtils.java:logGet(43)) - raft.server.log.statemachine.data.sync.timeout.retry = -1 (default)
2019-09-27 11:50:59,431 [pool-149-thread-1] INFO  server.RaftServerConfigKeys (ConfUtils.java:logGet(43)) - raft.server.log.statemachine.data.caching.enabled = true (custom)
2019-09-27 11:50:59,431 [pool-169-thread-1] INFO  server.RaftServerConfigKeys (ConfUtils.java:logGet(43)) - raft.server.log.statemachine.data.caching.enabled = true (custom)
2019-09-27 11:50:59,431 [pool-149-thread-1] INFO  segmented.SegmentedRaftLogWorker (SegmentedRaftLogWorker.java:lambda$new$0(132)) - 224b933d-f7fb-4ff7-a482-9c13e4b41436@group-8C668F97AA0C-SegmentedRaftLogWorker: flushIndex: setUnconditionally 0 -> -1
2019-09-27 11:50:59,431 [pool-169-thread-1] INFO  segmented.SegmentedRaftLogWorker (SegmentedRaftLogWorker.java:lambda$new$0(132)) - 375ac5ba-0c4a-468a-bc80-8405446a2fc5@group-8C668F97AA0C-SegmentedRaftLogWorker: flushIndex: setUnconditionally 0 -> -1
2019-09-27 11:50:59,432 [pool-149-thread-1] INFO  server.RaftServerConfigKeys (ConfUtils.java:logGet(43)) - raft.server.snapshot.auto.trigger.enabled = true (custom)
2019-09-27 11:50:59,432 [pool-149-thread-1] INFO  server.RaftServerConfigKeys (ConfUtils.java:logGet(43)) - raft.server.snapshot.auto.trigger.threshold = 10000 (custom)
2019-09-27 11:50:59,432 [pool-169-thread-1] INFO  server.RaftServerConfigKeys (ConfUtils.java:logGet(43)) - raft.server.snapshot.auto.trigger.enabled = true (custom)
2019-09-27 11:50:59,432 [pool-119-thread-1] INFO  impl.RaftServerImpl (RaftServerImpl.java:start(185)) - a9b76f13-9965-44c1-ab60-72935f90d179@group-8C668F97AA0C: start as a follower, conf=-1: [224b933d-f7fb-4ff7-a482-9c13e4b41436:192.168.30.19:36788, a9b76f13-9965-44c1-ab60-72935f90d179:192.168.30.19:35755, 375ac5ba-0c4a-468a-bc80-8405446a2fc5:192.168.30.19:37266], old=null
2019-09-27 11:50:59,432 [pool-149-thread-1] INFO  server.RaftServerConfigKeys (ConfUtils.java:logGet(43)) - raft.server.snapshot.retention.num.files = 5 (custom)
2019-09-27 11:50:59,432 [pool-119-thread-1] INFO  impl.RaftServerImpl (RaftServerImpl.java:setRole(174)) - a9b76f13-9965-44c1-ab60-72935f90d179@group-8C668F97AA0C: changes role from      null to FOLLOWER at term 0 for startAsFollower
2019-09-27 11:50:59,432 [pool-169-thread-1] INFO  server.RaftServerConfigKeys (ConfUtils.java:logGet(43)) - raft.server.snapshot.auto.trigger.threshold = 10000 (custom)
2019-09-27 11:50:59,432 [pool-119-thread-1] INFO  impl.RoleInfo (RoleInfo.java:updateAndGet(143)) - a9b76f13-9965-44c1-ab60-72935f90d179: start FollowerState
2019-09-27 11:50:59,432 [pool-149-thread-1] INFO  server.RaftServerConfigKeys (ConfUtils.java:logGet(43)) - raft.server.retrycache.expirytime = 600000ms (custom)
2019-09-27 11:50:59,432 [pool-169-thread-1] INFO  server.RaftServerConfigKeys (ConfUtils.java:logGet(43)) - raft.server.snapshot.retention.num.files = 5 (custom)
2019-09-27 11:50:59,433 [pool-119-thread-1] INFO  util.JmxRegister (JmxRegister.java:tryRegister(44)) - Successfully registered JMX Bean with object name Ratis:service=RaftServer,group=group-8C668F97AA0C,id=a9b76f13-9965-44c1-ab60-72935f90d179
2019-09-27 11:50:59,433 [pool-169-thread-1] INFO  server.RaftServerConfigKeys (ConfUtils.java:logGet(43)) - raft.server.retrycache.expirytime = 600000ms (custom)
2019-09-27 11:50:59,437 [pool-149-thread-1] INFO  impl.RaftServerImpl (RaftServerImpl.java:start(185)) - 224b933d-f7fb-4ff7-a482-9c13e4b41436@group-8C668F97AA0C: start as a follower, conf=-1: [224b933d-f7fb-4ff7-a482-9c13e4b41436:192.168.30.19:36788, a9b76f13-9965-44c1-ab60-72935f90d179:192.168.30.19:35755, 375ac5ba-0c4a-468a-bc80-8405446a2fc5:192.168.30.19:37266], old=null
2019-09-27 11:50:59,438 [pool-149-thread-1] INFO  impl.RaftServerImpl (RaftServerImpl.java:setRole(174)) - 224b933d-f7fb-4ff7-a482-9c13e4b41436@group-8C668F97AA0C: changes role from      null to FOLLOWER at term 0 for startAsFollower
2019-09-27 11:50:59,438 [pool-149-thread-1] INFO  impl.RoleInfo (RoleInfo.java:updateAndGet(143)) - 224b933d-f7fb-4ff7-a482-9c13e4b41436: start FollowerState
2019-09-27 11:50:59,438 [pool-169-thread-1] INFO  impl.RaftServerImpl (RaftServerImpl.java:start(185)) - 375ac5ba-0c4a-468a-bc80-8405446a2fc5@group-8C668F97AA0C: start as a follower, conf=-1: [224b933d-f7fb-4ff7-a482-9c13e4b41436:192.168.30.19:36788, a9b76f13-9965-44c1-ab60-72935f90d179:192.168.30.19:35755, 375ac5ba-0c4a-468a-bc80-8405446a2fc5:192.168.30.19:37266], old=null
2019-09-27 11:50:59,438 [pool-169-thread-1] INFO  impl.RaftServerImpl (RaftServerImpl.java:setRole(174)) - 375ac5ba-0c4a-468a-bc80-8405446a2fc5@group-8C668F97AA0C: changes role from      null to FOLLOWER at term 0 for startAsFollower
2019-09-27 11:50:59,438 [pool-169-thread-1] INFO  impl.RoleInfo (RoleInfo.java:updateAndGet(143)) - 375ac5ba-0c4a-468a-bc80-8405446a2fc5: start FollowerState
2019-09-27 11:50:59,438 [pool-149-thread-1] INFO  util.JmxRegister (JmxRegister.java:tryRegister(44)) - Successfully registered JMX Bean with object name Ratis:service=RaftServer,group=group-8C668F97AA0C,id=224b933d-f7fb-4ff7-a482-9c13e4b41436
2019-09-27 11:50:59,438 [pool-169-thread-1] INFO  util.JmxRegister (JmxRegister.java:tryRegister(44)) - Successfully registered JMX Bean with object name Ratis:service=RaftServer,group=group-8C668F97AA0C,id=375ac5ba-0c4a-468a-bc80-8405446a2fc5
2019-09-27 11:50:59,444 [RatisPipelineUtilsThread] INFO  pipeline.PipelineStateManager (PipelineStateManager.java:addPipeline(56)) - Created pipeline Pipeline[ Id: 0a80c4f6-dd89-43d1-bdc6-8c668f97aa0c, Nodes: 224b933d-f7fb-4ff7-a482-9c13e4b41436{ip: 192.168.30.19, host: pr-hdds-2166-8ptj5-2756111467, networkLocation: /default-rack, certSerialId: null}a9b76f13-9965-44c1-ab60-72935f90d179{ip: 192.168.30.19, host: pr-hdds-2166-8ptj5-2756111467, networkLocation: /default-rack, certSerialId: null}375ac5ba-0c4a-468a-bc80-8405446a2fc5{ip: 192.168.30.19, host: pr-hdds-2166-8ptj5-2756111467, networkLocation: /default-rack, certSerialId: null}, Type:RATIS, Factor:THREE, State:OPEN]
2019-09-27 11:51:01,624 [Thread-958] INFO  container.ReplicationManager (ReplicationManager.java:start(162)) - Starting Replication Monitor Thread.
2019-09-27 11:51:01,627 [ReplicationMonitor] INFO  container.ReplicationManager (ReplicationManager.java:run(225)) - Replication Monitor Thread took 0 milliseconds for processing 1 containers.
2019-09-27 11:51:03,767 [Thread-960] INFO  impl.FollowerState (FollowerState.java:run(106)) - a9b76f13-9965-44c1-ab60-72935f90d179:group-DB1F25166CE5 changes to CANDIDATE, lastRpcTime:5072, electionTimeout:5072ms
2019-09-27 11:51:03,767 [Thread-960] INFO  impl.RoleInfo (RoleInfo.java:shutdownFollowerState(121)) - a9b76f13-9965-44c1-ab60-72935f90d179: shutdown FollowerState
2019-09-27 11:51:03,767 [Thread-960] INFO  impl.RaftServerImpl (RaftServerImpl.java:setRole(174)) - a9b76f13-9965-44c1-ab60-72935f90d179@group-DB1F25166CE5: changes role from  FOLLOWER to CANDIDATE at term 0 for changeToCandidate
2019-09-27 11:51:03,768 [Thread-960] INFO  impl.RoleInfo (RoleInfo.java:updateAndGet(143)) - a9b76f13-9965-44c1-ab60-72935f90d179: start LeaderElection
2019-09-27 11:51:03,852 [Thread-963] INFO  impl.FollowerState (FollowerState.java:run(106)) - 4de51c34-1414-4a57-9393-191db81f912b:group-EA4E171CA579 changes to CANDIDATE, lastRpcTime:5067, electionTimeout:5067ms
2019-09-27 11:51:03,852 [Thread-963] INFO  impl.RoleInfo (RoleInfo.java:shutdownFollowerState(121)) - 4de51c34-1414-4a57-9393-191db81f912b: shutdown FollowerState
2019-09-27 11:51:03,852 [Thread-963] INFO  impl.RaftServerImpl (RaftServerImpl.java:setRole(174)) - 4de51c34-1414-4a57-9393-191db81f912b@group-EA4E171CA579: changes role from  FOLLOWER to CANDIDATE at term 0 for changeToCandidate
2019-09-27 11:51:03,852 [Thread-963] INFO  impl.RoleInfo (RoleInfo.java:updateAndGet(143)) - 4de51c34-1414-4a57-9393-191db81f912b: start LeaderElection
2019-09-27 11:51:03,921 [Thread-966] INFO  impl.FollowerState (FollowerState.java:run(106)) - 6760aa84-32eb-4d58-b79e-6880432c1967:group-D773FF21F2DE changes to CANDIDATE, lastRpcTime:5064, electionTimeout:5064ms
2019-09-27 11:51:03,921 [Thread-966] INFO  impl.RoleInfo (RoleInfo.java:shutdownFollowerState(121)) - 6760aa84-32eb-4d58-b79e-6880432c1967: shutdown FollowerState
2019-09-27 11:51:03,921 [Thread-966] INFO  impl.RaftServerImpl (RaftServerImpl.java:setRole(174)) - 6760aa84-32eb-4d58-b79e-6880432c1967@group-D773FF21F2DE: changes role from  FOLLOWER to CANDIDATE at term 0 for changeToCandidate
2019-09-27 11:51:03,922 [Thread-966] INFO  impl.RoleInfo (RoleInfo.java:updateAndGet(143)) - 6760aa84-32eb-4d58-b79e-6880432c1967: start LeaderElection
2019-09-27 11:51:04,080 [a9b76f13-9965-44c1-ab60-72935f90d179@group-DB1F25166CE5:LeaderElection17] INFO  impl.LeaderElection (LeaderElection.java:askForVotes(182)) - a9b76f13-9965-44c1-ab60-72935f90d179@group-DB1F25166CE5:LeaderElection17: begin an election at term 1 for -1: [a9b76f13-9965-44c1-ab60-72935f90d179:192.168.30.19:35755], old=null
2019-09-27 11:51:04,080 [a9b76f13-9965-44c1-ab60-72935f90d179@group-DB1F25166CE5:LeaderElection17] INFO  impl.RoleInfo (RoleInfo.java:shutdownLeaderElection(134)) - a9b76f13-9965-44c1-ab60-72935f90d179: shutdown LeaderElection
2019-09-27 11:51:04,080 [a9b76f13-9965-44c1-ab60-72935f90d179@group-DB1F25166CE5:LeaderElection17] INFO  impl.RaftServerImpl (RaftServerImpl.java:setRole(174)) - a9b76f13-9965-44c1-ab60-72935f90d179@group-DB1F25166CE5: changes role from CANDIDATE to LEADER at term 1 for changeToLeader
2019-09-27 11:51:04,080 [a9b76f13-9965-44c1-ab60-72935f90d179@group-DB1F25166CE5:LeaderElection17] INFO  impl.RaftServerImpl (ServerState.java:setLeader(253)) - a9b76f13-9965-44c1-ab60-72935f90d179@group-DB1F25166CE5: change Leader from null to a9b76f13-9965-44c1-ab60-72935f90d179 at term 1 for becomeLeader, leader elected after 5395ms
2019-09-27 11:51:04,083 [a9b76f13-9965-44c1-ab60-72935f90d179@group-DB1F25166CE5:LeaderElection17] INFO  server.RaftServerConfigKeys (ConfUtils.java:logGet(43)) - raft.server.staging.catchup.gap = 1000 (default)
2019-09-27 11:51:04,084 [a9b76f13-9965-44c1-ab60-72935f90d179@group-DB1F25166CE5:LeaderElection17] INFO  server.RaftServerConfigKeys (ConfUtils.java:logGet(43)) - raft.server.rpc.sleep.time = 25ms (default)
2019-09-27 11:51:04,084 [a9b76f13-9965-44c1-ab60-72935f90d179@group-DB1F25166CE5:LeaderElection17] INFO  server.RaftServerConfigKeys (ConfUtils.java:logGet(43)) - raft.server.write.element-limit = 4096 (default)
2019-09-27 11:51:04,084 [a9b76f13-9965-44c1-ab60-72935f90d179@group-DB1F25166CE5:LeaderElection17] INFO  server.RaftServerConfigKeys (ConfUtils.java:logGet(43)) - raft.server.watch.timeout = 10s (default)
2019-09-27 11:51:04,084 [a9b76f13-9965-44c1-ab60-72935f90d179@group-DB1F25166CE5:LeaderElection17] INFO  server.RaftServerConfigKeys (ConfUtils.java:logGet(43)) - raft.server.watch.timeout.denomination = 1s (default)
2019-09-27 11:51:04,085 [a9b76f13-9965-44c1-ab60-72935f90d179@group-DB1F25166CE5:LeaderElection17] INFO  server.RaftServerConfigKeys (ConfUtils.java:logGet(43)) - raft.server.watch.element-limit = 65536 (default)
2019-09-27 11:51:04,088 [a9b76f13-9965-44c1-ab60-72935f90d179@group-DB1F25166CE5:LeaderElection17] INFO  impl.RoleInfo (RoleInfo.java:updateAndGet(143)) - a9b76f13-9965-44c1-ab60-72935f90d179: start LeaderState
2019-09-27 11:51:04,088 [6760aa84-32eb-4d58-b79e-6880432c1967@group-D773FF21F2DE:LeaderElection19] INFO  impl.LeaderElection (LeaderElection.java:askForVotes(182)) - 6760aa84-32eb-4d58-b79e-6880432c1967@group-D773FF21F2DE:LeaderElection19: begin an election at term 1 for -1: [6760aa84-32eb-4d58-b79e-6880432c1967:192.168.30.19:36901], old=null
2019-09-27 11:51:04,088 [4de51c34-1414-4a57-9393-191db81f912b@group-EA4E171CA579:LeaderElection18] INFO  impl.LeaderElection (LeaderElection.java:askForVotes(182)) - 4de51c34-1414-4a57-9393-191db81f912b@group-EA4E171CA579:LeaderElection18: begin an election at term 1 for -1: [4de51c34-1414-4a57-9393-191db81f912b:192.168.30.19:34175], old=null
2019-09-27 11:51:04,088 [6760aa84-32eb-4d58-b79e-6880432c1967@group-D773FF21F2DE:LeaderElection19] INFO  impl.RoleInfo (RoleInfo.java:shutdownLeaderElection(134)) - 6760aa84-32eb-4d58-b79e-6880432c1967: shutdown LeaderElection
2019-09-27 11:51:04,088 [4de51c34-1414-4a57-9393-191db81f912b@group-EA4E171CA579:LeaderElection18] INFO  impl.RoleInfo (RoleInfo.java:shutdownLeaderElection(134)) - 4de51c34-1414-4a57-9393-191db81f912b: shutdown LeaderElection
2019-09-27 11:51:04,089 [a9b76f13-9965-44c1-ab60-72935f90d179@group-DB1F25166CE5:LeaderElection17] INFO  segmented.SegmentedRaftLogWorker (SegmentedRaftLogWorker.java:startLogSegment(380)) - a9b76f13-9965-44c1-ab60-72935f90d179@group-DB1F25166CE5-SegmentedRaftLogWorker: Starting segment from index:0
2019-09-27 11:51:04,089 [6760aa84-32eb-4d58-b79e-6880432c1967@group-D773FF21F2DE:LeaderElection19] INFO  impl.RaftServerImpl (RaftServerImpl.java:setRole(174)) - 6760aa84-32eb-4d58-b79e-6880432c1967@group-D773FF21F2DE: changes role from CANDIDATE to LEADER at term 1 for changeToLeader
2019-09-27 11:51:04,089 [4de51c34-1414-4a57-9393-191db81f912b@group-EA4E171CA579:LeaderElection18] INFO  impl.RaftServerImpl (RaftServerImpl.java:setRole(174)) - 4de51c34-1414-4a57-9393-191db81f912b@group-EA4E171CA579: changes role from CANDIDATE to LEADER at term 1 for changeToLeader
2019-09-27 11:51:04,089 [6760aa84-32eb-4d58-b79e-6880432c1967@group-D773FF21F2DE:LeaderElection19] INFO  impl.RaftServerImpl (ServerState.java:setLeader(253)) - 6760aa84-32eb-4d58-b79e-6880432c1967@group-D773FF21F2DE: change Leader from null to 6760aa84-32eb-4d58-b79e-6880432c1967 at term 1 for becomeLeader, leader elected after 5238ms
2019-09-27 11:51:04,089 [4de51c34-1414-4a57-9393-191db81f912b@group-EA4E171CA579:LeaderElection18] INFO  impl.RaftServerImpl (ServerState.java:setLeader(253)) - 4de51c34-1414-4a57-9393-191db81f912b@group-EA4E171CA579: change Leader from null to 4de51c34-1414-4a57-9393-191db81f912b at term 1 for becomeLeader, leader elected after 5312ms
2019-09-27 11:51:04,113 [a9b76f13-9965-44c1-ab60-72935f90d179@group-DB1F25166CE5:LeaderElection17] INFO  impl.RaftServerImpl (ServerState.java:setRaftConf(354)) - a9b76f13-9965-44c1-ab60-72935f90d179@group-DB1F25166CE5: set configuration 0: [a9b76f13-9965-44c1-ab60-72935f90d179:192.168.30.19:35755], old=null at 0
2019-09-27 11:51:04,113 [Thread-969] INFO  impl.FollowerState (FollowerState.java:run(106)) - 224b933d-f7fb-4ff7-a482-9c13e4b41436:group-45D63B687AE9 changes to CANDIDATE, lastRpcTime:5155, electionTimeout:5133ms
2019-09-27 11:51:04,113 [6760aa84-32eb-4d58-b79e-6880432c1967@group-D773FF21F2DE:LeaderElection19] INFO  server.RaftServerConfigKeys (ConfUtils.java:logGet(43)) - raft.server.staging.catchup.gap = 1000 (default)
2019-09-27 11:51:04,117 [Thread-969] INFO  impl.RoleInfo (RoleInfo.java:shutdownFollowerState(121)) - 224b933d-f7fb-4ff7-a482-9c13e4b41436: shutdown FollowerState
2019-09-27 11:51:04,115 [4de51c34-1414-4a57-9393-191db81f912b@group-EA4E171CA579:LeaderElection18] INFO  server.RaftServerConfigKeys (ConfUtils.java:logGet(43)) - raft.server.staging.catchup.gap = 1000 (default)
2019-09-27 11:51:04,117 [Thread-969] INFO  impl.RaftServerImpl (RaftServerImpl.java:setRole(174)) - 224b933d-f7fb-4ff7-a482-9c13e4b41436@group-45D63B687AE9: changes role from  FOLLOWER to CANDIDATE at term 0 for changeToCandidate
2019-09-27 11:51:04,117 [6760aa84-32eb-4d58-b79e-6880432c1967@group-D773FF21F2DE:LeaderElection19] INFO  server.RaftServerConfigKeys (ConfUtils.java:logGet(43)) - raft.server.rpc.sleep.time = 25ms (default)
2019-09-27 11:51:04,117 [Thread-969] INFO  impl.RoleInfo (RoleInfo.java:updateAndGet(143)) - 224b933d-f7fb-4ff7-a482-9c13e4b41436: start LeaderElection
2019-09-27 11:51:04,117 [4de51c34-1414-4a57-9393-191db81f912b@group-EA4E171CA579:LeaderElection18] INFO  server.RaftServerConfigKeys (ConfUtils.java:logGet(43)) - raft.server.rpc.sleep.time = 25ms (default)
2019-09-27 11:51:04,118 [6760aa84-32eb-4d58-b79e-6880432c1967@group-D773FF21F2DE:LeaderElection19] INFO  server.RaftServerConfigKeys (ConfUtils.java:logGet(43)) - raft.server.write.element-limit = 4096 (default)
2019-09-27 11:51:04,119 [4de51c34-1414-4a57-9393-191db81f912b@group-EA4E171CA579:LeaderElection18] INFO  server.RaftServerConfigKeys (ConfUtils.java:logGet(43)) - raft.server.write.element-limit = 4096 (default)
2019-09-27 11:51:04,131 [6760aa84-32eb-4d58-b79e-6880432c1967@group-D773FF21F2DE:LeaderElection19] INFO  server.RaftServerConfigKeys (ConfUtils.java:logGet(43)) - raft.server.watch.timeout = 10s (default)
2019-09-27 11:51:04,131 [a9b76f13-9965-44c1-ab60-72935f90d179@group-DB1F25166CE5-SegmentedRaftLogWorker] INFO  segmented.SegmentedRaftLogWorker (SegmentedRaftLogWorker.java:execute(569)) - a9b76f13-9965-44c1-ab60-72935f90d179@group-DB1F25166CE5-SegmentedRaftLogWorker: created new log segment /workdir/hadoop-ozone/integration-test/target/test-dir/MiniOzoneClusterImpl-3ca6fd23-a5ee-487c-a238-8e42847d24a4/datanode-0/data/ratis/ab56201a-8248-4b30-9fab-db1f25166ce5/current/log_inprogress_0
2019-09-27 11:51:04,132 [6760aa84-32eb-4d58-b79e-6880432c1967@group-D773FF21F2DE:LeaderElection19] INFO  server.RaftServerConfigKeys (ConfUtils.java:logGet(43)) - raft.server.watch.timeout.denomination = 1s (default)
2019-09-27 11:51:04,131 [Thread-974] INFO  impl.FollowerState (FollowerState.java:run(106)) - 375ac5ba-0c4a-468a-bc80-8405446a2fc5:group-902592A55F63 changes to CANDIDATE, lastRpcTime:5083, electionTimeout:5079ms
2019-09-27 11:51:04,131 [4de51c34-1414-4a57-9393-191db81f912b@group-EA4E171CA579:LeaderElection18] INFO  server.RaftServerConfigKeys (ConfUtils.java:logGet(43)) - raft.server.watch.timeout = 10s (default)
2019-09-27 11:51:04,132 [Thread-974] INFO  impl.RoleInfo (RoleInfo.java:shutdownFollowerState(121)) - 375ac5ba-0c4a-468a-bc80-8405446a2fc5: shutdown FollowerState
2019-09-27 11:51:04,132 [6760aa84-32eb-4d58-b79e-6880432c1967@group-D773FF21F2DE:LeaderElection19] INFO  server.RaftServerConfigKeys (ConfUtils.java:logGet(43)) - raft.server.watch.element-limit = 65536 (default)
2019-09-27 11:51:04,132 [Thread-974] INFO  impl.RaftServerImpl (RaftServerImpl.java:setRole(174)) - 375ac5ba-0c4a-468a-bc80-8405446a2fc5@group-902592A55F63: changes role from  FOLLOWER to CANDIDATE at term 0 for changeToCandidate
2019-09-27 11:51:04,132 [4de51c34-1414-4a57-9393-191db81f912b@group-EA4E171CA579:LeaderElection18] INFO  server.RaftServerConfigKeys (ConfUtils.java:logGet(43)) - raft.server.watch.timeout.denomination = 1s (default)
2019-09-27 11:51:04,133 [Thread-974] INFO  impl.RoleInfo (RoleInfo.java:updateAndGet(143)) - 375ac5ba-0c4a-468a-bc80-8405446a2fc5: start LeaderElection
2019-09-27 11:51:04,133 [4de51c34-1414-4a57-9393-191db81f912b@group-EA4E171CA579:LeaderElection18] INFO  server.RaftServerConfigKeys (ConfUtils.java:logGet(43)) - raft.server.watch.element-limit = 65536 (default)
2019-09-27 11:51:04,141 [6760aa84-32eb-4d58-b79e-6880432c1967@group-D773FF21F2DE:LeaderElection19] INFO  impl.RoleInfo (RoleInfo.java:updateAndGet(143)) - 6760aa84-32eb-4d58-b79e-6880432c1967: start LeaderState
2019-09-27 11:51:04,141 [4de51c34-1414-4a57-9393-191db81f912b@group-EA4E171CA579:LeaderElection18] INFO  impl.RoleInfo (RoleInfo.java:updateAndGet(143)) - 4de51c34-1414-4a57-9393-191db81f912b: start LeaderState
2019-09-27 11:51:04,141 [6760aa84-32eb-4d58-b79e-6880432c1967@group-D773FF21F2DE:LeaderElection19] INFO  segmented.SegmentedRaftLogWorker (SegmentedRaftLogWorker.java:startLogSegment(380)) - 6760aa84-32eb-4d58-b79e-6880432c1967@group-D773FF21F2DE-SegmentedRaftLogWorker: Starting segment from index:0
2019-09-27 11:51:04,141 [4de51c34-1414-4a57-9393-191db81f912b@group-EA4E171CA579:LeaderElection18] INFO  segmented.SegmentedRaftLogWorker (SegmentedRaftLogWorker.java:startLogSegment(380)) - 4de51c34-1414-4a57-9393-191db81f912b@group-EA4E171CA579-SegmentedRaftLogWorker: Starting segment from index:0
2019-09-27 11:51:04,142 [6760aa84-32eb-4d58-b79e-6880432c1967@group-D773FF21F2DE:LeaderElection19] INFO  impl.RaftServerImpl (ServerState.java:setRaftConf(354)) - 6760aa84-32eb-4d58-b79e-6880432c1967@group-D773FF21F2DE: set configuration 0: [6760aa84-32eb-4d58-b79e-6880432c1967:192.168.30.19:36901], old=null at 0
2019-09-27 11:51:04,142 [4de51c34-1414-4a57-9393-191db81f912b@group-EA4E171CA579:LeaderElection18] INFO  impl.RaftServerImpl (ServerState.java:setRaftConf(354)) - 4de51c34-1414-4a57-9393-191db81f912b@group-EA4E171CA579: set configuration 0: [4de51c34-1414-4a57-9393-191db81f912b:192.168.30.19:34175], old=null at 0
2019-09-27 11:51:04,173 [224b933d-f7fb-4ff7-a482-9c13e4b41436@group-45D63B687AE9:LeaderElection20] INFO  impl.LeaderElection (LeaderElection.java:askForVotes(182)) - 224b933d-f7fb-4ff7-a482-9c13e4b41436@group-45D63B687AE9:LeaderElection20: begin an election at term 1 for -1: [224b933d-f7fb-4ff7-a482-9c13e4b41436:192.168.30.19:36788], old=null
2019-09-27 11:51:04,173 [375ac5ba-0c4a-468a-bc80-8405446a2fc5@group-902592A55F63:LeaderElection21] INFO  impl.LeaderElection (LeaderElection.java:askForVotes(182)) - 375ac5ba-0c4a-468a-bc80-8405446a2fc5@group-902592A55F63:LeaderElection21: begin an election at term 1 for -1: [375ac5ba-0c4a-468a-bc80-8405446a2fc5:192.168.30.19:37266], old=null
2019-09-27 11:51:04,173 [Thread-977] INFO  impl.FollowerState (FollowerState.java:run(106)) - 18dc4bc1-099b-4097-b7c5-321a5172589a:group-64EA9B469160 changes to CANDIDATE, lastRpcTime:5051, electionTimeout:5029ms
2019-09-27 11:51:04,179 [375ac5ba-0c4a-468a-bc80-8405446a2fc5@group-902592A55F63:LeaderElection21] INFO  impl.RoleInfo (RoleInfo.java:shutdownLeaderElection(134)) - 375ac5ba-0c4a-468a-bc80-8405446a2fc5: shutdown LeaderElection
2019-09-27 11:51:04,179 [224b933d-f7fb-4ff7-a482-9c13e4b41436@group-45D63B687AE9:LeaderElection20] INFO  impl.RoleInfo (RoleInfo.java:shutdownLeaderElection(134)) - 224b933d-f7fb-4ff7-a482-9c13e4b41436: shutdown LeaderElection
2019-09-27 11:51:04,180 [375ac5ba-0c4a-468a-bc80-8405446a2fc5@group-902592A55F63:LeaderElection21] INFO  impl.RaftServerImpl (RaftServerImpl.java:setRole(174)) - 375ac5ba-0c4a-468a-bc80-8405446a2fc5@group-902592A55F63: changes role from CANDIDATE to LEADER at term 1 for changeToLeader
2019-09-27 11:51:04,180 [Thread-977] INFO  impl.RoleInfo (RoleInfo.java:shutdownFollowerState(121)) - 18dc4bc1-099b-4097-b7c5-321a5172589a: shutdown FollowerState
2019-09-27 11:51:04,180 [375ac5ba-0c4a-468a-bc80-8405446a2fc5@group-902592A55F63:LeaderElection21] INFO  impl.RaftServerImpl (ServerState.java:setLeader(253)) - 375ac5ba-0c4a-468a-bc80-8405446a2fc5@group-902592A55F63: change Leader from null to 375ac5ba-0c4a-468a-bc80-8405446a2fc5 at term 1 for becomeLeader, leader elected after 5147ms
2019-09-27 11:51:04,180 [224b933d-f7fb-4ff7-a482-9c13e4b41436@group-45D63B687AE9:LeaderElection20] INFO  impl.RaftServerImpl (RaftServerImpl.java:setRole(174)) - 224b933d-f7fb-4ff7-a482-9c13e4b41436@group-45D63B687AE9: changes role from CANDIDATE to LEADER at term 1 for changeToLeader
2019-09-27 11:51:04,181 [375ac5ba-0c4a-468a-bc80-8405446a2fc5@group-902592A55F63:LeaderElection21] INFO  server.RaftServerConfigKeys (ConfUtils.java:logGet(43)) - raft.server.staging.catchup.gap = 1000 (default)
2019-09-27 11:51:04,180 [Thread-977] INFO  impl.RaftServerImpl (RaftServerImpl.java:setRole(174)) - 18dc4bc1-099b-4097-b7c5-321a5172589a@group-64EA9B469160: changes role from  FOLLOWER to CANDIDATE at term 0 for changeToCandidate
2019-09-27 11:51:04,182 [375ac5ba-0c4a-468a-bc80-8405446a2fc5@group-902592A55F63:LeaderElection21] INFO  server.RaftServerConfigKeys (ConfUtils.java:logGet(43)) - raft.server.rpc.sleep.time = 25ms (default)
2019-09-27 11:51:04,182 [224b933d-f7fb-4ff7-a482-9c13e4b41436@group-45D63B687AE9:LeaderElection20] INFO  impl.RaftServerImpl (ServerState.java:setLeader(253)) - 224b933d-f7fb-4ff7-a482-9c13e4b41436@group-45D63B687AE9: change Leader from null to 224b933d-f7fb-4ff7-a482-9c13e4b41436 at term 1 for becomeLeader, leader elected after 5233ms
2019-09-27 11:51:04,182 [375ac5ba-0c4a-468a-bc80-8405446a2fc5@group-902592A55F63:LeaderElection21] INFO  server.RaftServerConfigKeys (ConfUtils.java:logGet(43)) - raft.server.write.element-limit = 4096 (default)
2019-09-27 11:51:04,182 [Thread-977] INFO  impl.RoleInfo (RoleInfo.java:updateAndGet(143)) - 18dc4bc1-099b-4097-b7c5-321a5172589a: start LeaderElection
2019-09-27 11:51:04,184 [375ac5ba-0c4a-468a-bc80-8405446a2fc5@group-902592A55F63:LeaderElection21] INFO  server.RaftServerConfigKeys (ConfUtils.java:logGet(43)) - raft.server.watch.timeout = 10s (default)
2019-09-27 11:51:04,183 [224b933d-f7fb-4ff7-a482-9c13e4b41436@group-45D63B687AE9:LeaderElection20] INFO  server.RaftServerConfigKeys (ConfUtils.java:logGet(43)) - raft.server.staging.catchup.gap = 1000 (default)
2019-09-27 11:51:04,184 [375ac5ba-0c4a-468a-bc80-8405446a2fc5@group-902592A55F63:LeaderElection21] INFO  server.RaftServerConfigKeys (ConfUtils.java:logGet(43)) - raft.server.watch.timeout.denomination = 1s (default)
2019-09-27 11:51:04,185 [224b933d-f7fb-4ff7-a482-9c13e4b41436@group-45D63B687AE9:LeaderElection20] INFO  server.RaftServerConfigKeys (ConfUtils.java:logGet(43)) - raft.server.rpc.sleep.time = 25ms (default)
2019-09-27 11:51:04,187 [375ac5ba-0c4a-468a-bc80-8405446a2fc5@group-902592A55F63:LeaderElection21] INFO  server.RaftServerConfigKeys (ConfUtils.java:logGet(43)) - raft.server.watch.element-limit = 65536 (default)
2019-09-27 11:51:04,187 [224b933d-f7fb-4ff7-a482-9c13e4b41436@group-45D63B687AE9:LeaderElection20] INFO  server.RaftServerConfigKeys (ConfUtils.java:logGet(43)) - raft.server.write.element-limit = 4096 (default)
2019-09-27 11:51:04,188 [224b933d-f7fb-4ff7-a482-9c13e4b41436@group-45D63B687AE9:LeaderElection20] INFO  server.RaftServerConfigKeys (ConfUtils.java:logGet(43)) - raft.server.watch.timeout = 10s (default)
2019-09-27 11:51:04,188 [224b933d-f7fb-4ff7-a482-9c13e4b41436@group-45D63B687AE9:LeaderElection20] INFO  server.RaftServerConfigKeys (ConfUtils.java:logGet(43)) - raft.server.watch.timeout.denomination = 1s (default)
2019-09-27 11:51:04,188 [224b933d-f7fb-4ff7-a482-9c13e4b41436@group-45D63B687AE9:LeaderElection20] INFO  server.RaftServerConfigKeys (ConfUtils.java:logGet(43)) - raft.server.watch.element-limit = 65536 (default)
2019-09-27 11:51:04,191 [375ac5ba-0c4a-468a-bc80-8405446a2fc5@group-902592A55F63:LeaderElection21] INFO  impl.RoleInfo (RoleInfo.java:updateAndGet(143)) - 375ac5ba-0c4a-468a-bc80-8405446a2fc5: start LeaderState
2019-09-27 11:51:04,192 [224b933d-f7fb-4ff7-a482-9c13e4b41436@group-45D63B687AE9:LeaderElection20] INFO  impl.RoleInfo (RoleInfo.java:updateAndGet(143)) - 224b933d-f7fb-4ff7-a482-9c13e4b41436: start LeaderState
2019-09-27 11:51:04,192 [375ac5ba-0c4a-468a-bc80-8405446a2fc5@group-902592A55F63:LeaderElection21] INFO  segmented.SegmentedRaftLogWorker (SegmentedRaftLogWorker.java:startLogSegment(380)) - 375ac5ba-0c4a-468a-bc80-8405446a2fc5@group-902592A55F63-SegmentedRaftLogWorker: Starting segment from index:0
2019-09-27 11:51:04,192 [224b933d-f7fb-4ff7-a482-9c13e4b41436@group-45D63B687AE9:LeaderElection20] INFO  segmented.SegmentedRaftLogWorker (SegmentedRaftLogWorker.java:startLogSegment(380)) - 224b933d-f7fb-4ff7-a482-9c13e4b41436@group-45D63B687AE9-SegmentedRaftLogWorker: Starting segment from index:0
2019-09-27 11:51:04,192 [375ac5ba-0c4a-468a-bc80-8405446a2fc5@group-902592A55F63:LeaderElection21] INFO  impl.RaftServerImpl (ServerState.java:setRaftConf(354)) - 375ac5ba-0c4a-468a-bc80-8405446a2fc5@group-902592A55F63: set configuration 0: [375ac5ba-0c4a-468a-bc80-8405446a2fc5:192.168.30.19:37266], old=null at 0
2019-09-27 11:51:04,192 [224b933d-f7fb-4ff7-a482-9c13e4b41436@group-45D63B687AE9:LeaderElection20] INFO  impl.RaftServerImpl (ServerState.java:setRaftConf(354)) - 224b933d-f7fb-4ff7-a482-9c13e4b41436@group-45D63B687AE9: set configuration 0: [224b933d-f7fb-4ff7-a482-9c13e4b41436:192.168.30.19:36788], old=null at 0
2019-09-27 11:51:04,219 [6760aa84-32eb-4d58-b79e-6880432c1967@group-D773FF21F2DE-SegmentedRaftLogWorker] INFO  segmented.SegmentedRaftLogWorker (SegmentedRaftLogWorker.java:execute(569)) - 6760aa84-32eb-4d58-b79e-6880432c1967@group-D773FF21F2DE-SegmentedRaftLogWorker: created new log segment /workdir/hadoop-ozone/integration-test/target/test-dir/MiniOzoneClusterImpl-3ca6fd23-a5ee-487c-a238-8e42847d24a4/datanode-2/data/ratis/92059cea-af2f-4c93-861a-d773ff21f2de/current/log_inprogress_0
2019-09-27 11:51:04,219 [4de51c34-1414-4a57-9393-191db81f912b@group-EA4E171CA579-SegmentedRaftLogWorker] INFO  segmented.SegmentedRaftLogWorker (SegmentedRaftLogWorker.java:execute(569)) - 4de51c34-1414-4a57-9393-191db81f912b@group-EA4E171CA579-SegmentedRaftLogWorker: created new log segment /workdir/hadoop-ozone/integration-test/target/test-dir/MiniOzoneClusterImpl-3ca6fd23-a5ee-487c-a238-8e42847d24a4/datanode-1/data/ratis/341e586f-42c0-4c64-b774-ea4e171ca579/current/log_inprogress_0
2019-09-27 11:51:04,243 [18dc4bc1-099b-4097-b7c5-321a5172589a@group-64EA9B469160:LeaderElection22] INFO  impl.LeaderElection (LeaderElection.java:askForVotes(182)) - 18dc4bc1-099b-4097-b7c5-321a5172589a@group-64EA9B469160:LeaderElection22: begin an election at term 1 for -1: [18dc4bc1-099b-4097-b7c5-321a5172589a:192.168.30.19:45077], old=null
2019-09-27 11:51:04,243 [18dc4bc1-099b-4097-b7c5-321a5172589a@group-64EA9B469160:LeaderElection22] INFO  impl.RoleInfo (RoleInfo.java:shutdownLeaderElection(134)) - 18dc4bc1-099b-4097-b7c5-321a5172589a: shutdown LeaderElection
2019-09-27 11:51:04,243 [18dc4bc1-099b-4097-b7c5-321a5172589a@group-64EA9B469160:LeaderElection22] INFO  impl.RaftServerImpl (RaftServerImpl.java:setRole(174)) - 18dc4bc1-099b-4097-b7c5-321a5172589a@group-64EA9B469160: changes role from CANDIDATE to LEADER at term 1 for changeToLeader
2019-09-27 11:51:04,244 [18dc4bc1-099b-4097-b7c5-321a5172589a@group-64EA9B469160:LeaderElection22] INFO  impl.RaftServerImpl (ServerState.java:setLeader(253)) - 18dc4bc1-099b-4097-b7c5-321a5172589a@group-64EA9B469160: change Leader from null to 18dc4bc1-099b-4097-b7c5-321a5172589a at term 1 for becomeLeader, leader elected after 5127ms
2019-09-27 11:51:04,250 [18dc4bc1-099b-4097-b7c5-321a5172589a@group-64EA9B469160:LeaderElection22] INFO  server.RaftServerConfigKeys (ConfUtils.java:logGet(43)) - raft.server.staging.catchup.gap = 1000 (default)
2019-09-27 11:51:04,250 [18dc4bc1-099b-4097-b7c5-321a5172589a@group-64EA9B469160:LeaderElection22] INFO  server.RaftServerConfigKeys (ConfUtils.java:logGet(43)) - raft.server.rpc.sleep.time = 25ms (default)
2019-09-27 11:51:04,250 [18dc4bc1-099b-4097-b7c5-321a5172589a@group-64EA9B469160:LeaderElection22] INFO  server.RaftServerConfigKeys (ConfUtils.java:logGet(43)) - raft.server.write.element-limit = 4096 (default)
2019-09-27 11:51:04,251 [18dc4bc1-099b-4097-b7c5-321a5172589a@group-64EA9B469160:LeaderElection22] INFO  server.RaftServerConfigKeys (ConfUtils.java:logGet(43)) - raft.server.watch.timeout = 10s (default)
2019-09-27 11:51:04,251 [18dc4bc1-099b-4097-b7c5-321a5172589a@group-64EA9B469160:LeaderElection22] INFO  server.RaftServerConfigKeys (ConfUtils.java:logGet(43)) - raft.server.watch.timeout.denomination = 1s (default)
2019-09-27 11:51:04,251 [18dc4bc1-099b-4097-b7c5-321a5172589a@group-64EA9B469160:LeaderElection22] INFO  server.RaftServerConfigKeys (ConfUtils.java:logGet(43)) - raft.server.watch.element-limit = 65536 (default)
2019-09-27 11:51:04,253 [18dc4bc1-099b-4097-b7c5-321a5172589a@group-64EA9B469160:LeaderElection22] INFO  impl.RoleInfo (RoleInfo.java:updateAndGet(143)) - 18dc4bc1-099b-4097-b7c5-321a5172589a: start LeaderState
2019-09-27 11:51:04,253 [18dc4bc1-099b-4097-b7c5-321a5172589a@group-64EA9B469160:LeaderElection22] INFO  segmented.SegmentedRaftLogWorker (SegmentedRaftLogWorker.java:startLogSegment(380)) - 18dc4bc1-099b-4097-b7c5-321a5172589a@group-64EA9B469160-SegmentedRaftLogWorker: Starting segment from index:0
2019-09-27 11:51:04,253 [18dc4bc1-099b-4097-b7c5-321a5172589a@group-64EA9B469160:LeaderElection22] INFO  impl.RaftServerImpl (ServerState.java:setRaftConf(354)) - 18dc4bc1-099b-4097-b7c5-321a5172589a@group-64EA9B469160: set configuration 0: [18dc4bc1-099b-4097-b7c5-321a5172589a:192.168.30.19:45077], old=null at 0
2019-09-27 11:51:04,279 [375ac5ba-0c4a-468a-bc80-8405446a2fc5@group-902592A55F63-SegmentedRaftLogWorker] INFO  segmented.SegmentedRaftLogWorker (SegmentedRaftLogWorker.java:execute(569)) - 375ac5ba-0c4a-468a-bc80-8405446a2fc5@group-902592A55F63-SegmentedRaftLogWorker: created new log segment /workdir/hadoop-ozone/integration-test/target/test-dir/MiniOzoneClusterImpl-3ca6fd23-a5ee-487c-a238-8e42847d24a4/datanode-5/data/ratis/dae3a134-2d76-4b8d-85b4-902592a55f63/current/log_inprogress_0
2019-09-27 11:51:04,279 [224b933d-f7fb-4ff7-a482-9c13e4b41436@group-45D63B687AE9-SegmentedRaftLogWorker] INFO  segmented.SegmentedRaftLogWorker (SegmentedRaftLogWorker.java:execute(569)) - 224b933d-f7fb-4ff7-a482-9c13e4b41436@group-45D63B687AE9-SegmentedRaftLogWorker: created new log segment /workdir/hadoop-ozone/integration-test/target/test-dir/MiniOzoneClusterImpl-3ca6fd23-a5ee-487c-a238-8e42847d24a4/datanode-3/data/ratis/09080fcf-8b5c-44a7-8e54-45d63b687ae9/current/log_inprogress_0
2019-09-27 11:51:04,301 [18dc4bc1-099b-4097-b7c5-321a5172589a@group-64EA9B469160-SegmentedRaftLogWorker] INFO  segmented.SegmentedRaftLogWorker (SegmentedRaftLogWorker.java:execute(569)) - 18dc4bc1-099b-4097-b7c5-321a5172589a@group-64EA9B469160-SegmentedRaftLogWorker: created new log segment /workdir/hadoop-ozone/integration-test/target/test-dir/MiniOzoneClusterImpl-3ca6fd23-a5ee-487c-a238-8e42847d24a4/datanode-6/data/ratis/3f8bbd1f-0257-40fa-85c5-64ea9b469160/current/log_inprogress_0
2019-09-27 11:51:04,332 [Thread-980] INFO  impl.FollowerState (FollowerState.java:run(106)) - 444703ef-a2ff-448b-8d4d-c6e7c56dacd7:group-1E9DA4E007D9 changes to CANDIDATE, lastRpcTime:5132, electionTimeout:5132ms
2019-09-27 11:51:04,333 [Thread-980] INFO  impl.RoleInfo (RoleInfo.java:shutdownFollowerState(121)) - 444703ef-a2ff-448b-8d4d-c6e7c56dacd7: shutdown FollowerState
2019-09-27 11:51:04,333 [Thread-980] INFO  impl.RaftServerImpl (RaftServerImpl.java:setRole(174)) - 444703ef-a2ff-448b-8d4d-c6e7c56dacd7@group-1E9DA4E007D9: changes role from  FOLLOWER to CANDIDATE at term 0 for changeToCandidate
2019-09-27 11:51:04,333 [Thread-980] INFO  impl.RoleInfo (RoleInfo.java:updateAndGet(143)) - 444703ef-a2ff-448b-8d4d-c6e7c56dacd7: start LeaderElection
2019-09-27 11:51:04,468 [Thread-996] INFO  impl.FollowerState (FollowerState.java:run(106)) - 224b933d-f7fb-4ff7-a482-9c13e4b41436:group-8C668F97AA0C changes to CANDIDATE, lastRpcTime:5030, electionTimeout:5030ms
2019-09-27 11:51:04,469 [Thread-996] INFO  impl.RoleInfo (RoleInfo.java:shutdownFollowerState(121)) - 224b933d-f7fb-4ff7-a482-9c13e4b41436: shutdown FollowerState
2019-09-27 11:51:04,469 [Thread-996] INFO  impl.RaftServerImpl (RaftServerImpl.java:setRole(174)) - 224b933d-f7fb-4ff7-a482-9c13e4b41436@group-8C668F97AA0C: changes role from  FOLLOWER to CANDIDATE at term 0 for changeToCandidate
2019-09-27 11:51:04,469 [Thread-996] INFO  impl.RoleInfo (RoleInfo.java:updateAndGet(143)) - 224b933d-f7fb-4ff7-a482-9c13e4b41436: start LeaderElection
2019-09-27 11:51:04,471 [Thread-987] INFO  impl.FollowerState (FollowerState.java:run(106)) - 6760aa84-32eb-4d58-b79e-6880432c1967:group-AE34B9F6167B changes to CANDIDATE, lastRpcTime:5122, electionTimeout:5121ms
2019-09-27 11:51:04,473 [Thread-987] INFO  impl.RoleInfo (RoleInfo.java:shutdownFollowerState(121)) - 6760aa84-32eb-4d58-b79e-6880432c1967: shutdown FollowerState
2019-09-27 11:51:04,473 [Thread-987] INFO  impl.RaftServerImpl (RaftServerImpl.java:setRole(174)) - 6760aa84-32eb-4d58-b79e-6880432c1967@group-AE34B9F6167B: changes role from  FOLLOWER to CANDIDATE at term 0 for changeToCandidate
2019-09-27 11:51:04,474 [Thread-987] INFO  impl.RoleInfo (RoleInfo.java:updateAndGet(143)) - 6760aa84-32eb-4d58-b79e-6880432c1967: start LeaderElection
2019-09-27 11:51:04,477 [Thread-989] INFO  impl.FollowerState (FollowerState.java:run(106)) - 18dc4bc1-099b-4097-b7c5-321a5172589a:group-AE34B9F6167B changes to CANDIDATE, lastRpcTime:5126, electionTimeout:5121ms
2019-09-27 11:51:04,477 [Thread-989] INFO  impl.RoleInfo (RoleInfo.java:shutdownFollowerState(121)) - 18dc4bc1-099b-4097-b7c5-321a5172589a: shutdown FollowerState
2019-09-27 11:51:04,477 [Thread-989] INFO  impl.RaftServerImpl (RaftServerImpl.java:setRole(174)) - 18dc4bc1-099b-4097-b7c5-321a5172589a@group-AE34B9F6167B: changes role from  FOLLOWER to CANDIDATE at term 0 for changeToCandidate
2019-09-27 11:51:04,477 [Thread-989] INFO  impl.RoleInfo (RoleInfo.java:updateAndGet(143)) - 18dc4bc1-099b-4097-b7c5-321a5172589a: start LeaderElection
2019-09-27 11:51:04,507 [Thread-985] INFO  impl.FollowerState (FollowerState.java:run(106)) - 4de51c34-1414-4a57-9393-191db81f912b:group-AE34B9F6167B changes to CANDIDATE, lastRpcTime:5158, electionTimeout:5158ms
2019-09-27 11:51:04,507 [Thread-985] INFO  impl.RoleInfo (RoleInfo.java:shutdownFollowerState(121)) - 4de51c34-1414-4a57-9393-191db81f912b: shutdown FollowerState
2019-09-27 11:51:04,507 [Thread-985] INFO  impl.RaftServerImpl (RaftServerImpl.java:setRole(174)) - 4de51c34-1414-4a57-9393-191db81f912b@group-AE34B9F6167B: changes role from  FOLLOWER to CANDIDATE at term 0 for changeToCandidate
2019-09-27 11:51:04,507 [Thread-985] INFO  impl.RoleInfo (RoleInfo.java:updateAndGet(143)) - 4de51c34-1414-4a57-9393-191db81f912b: start LeaderElection
2019-09-27 11:51:04,509 [Thread-993] INFO  impl.FollowerState (FollowerState.java:run(106)) - a9b76f13-9965-44c1-ab60-72935f90d179:group-8C668F97AA0C changes to CANDIDATE, lastRpcTime:5076, electionTimeout:5076ms
2019-09-27 11:51:04,511 [Thread-993] INFO  impl.RoleInfo (RoleInfo.java:shutdownFollowerState(121)) - a9b76f13-9965-44c1-ab60-72935f90d179: shutdown FollowerState
2019-09-27 11:51:04,511 [Thread-993] INFO  impl.RaftServerImpl (RaftServerImpl.java:setRole(174)) - a9b76f13-9965-44c1-ab60-72935f90d179@group-8C668F97AA0C: changes role from  FOLLOWER to CANDIDATE at term 0 for changeToCandidate
2019-09-27 11:51:04,511 [Thread-993] INFO  impl.RoleInfo (RoleInfo.java:updateAndGet(143)) - a9b76f13-9965-44c1-ab60-72935f90d179: start LeaderElection
2019-09-27 11:51:04,604 [Thread-997] INFO  impl.FollowerState (FollowerState.java:run(106)) - 375ac5ba-0c4a-468a-bc80-8405446a2fc5:group-8C668F97AA0C changes to CANDIDATE, lastRpcTime:5166, electionTimeout:5166ms
2019-09-27 11:51:04,605 [Thread-997] INFO  impl.RoleInfo (RoleInfo.java:shutdownFollowerState(121)) - 375ac5ba-0c4a-468a-bc80-8405446a2fc5: shutdown FollowerState
2019-09-27 11:51:04,605 [Thread-997] INFO  impl.RaftServerImpl (RaftServerImpl.java:setRole(174)) - 375ac5ba-0c4a-468a-bc80-8405446a2fc5@group-8C668F97AA0C: changes role from  FOLLOWER to CANDIDATE at term 0 for changeToCandidate
2019-09-27 11:51:04,605 [Thread-997] INFO  impl.RoleInfo (RoleInfo.java:updateAndGet(143)) - 375ac5ba-0c4a-468a-bc80-8405446a2fc5: start LeaderElection
2019-09-27 11:51:04,755 [a9b76f13-9965-44c1-ab60-72935f90d179@group-8C668F97AA0C:LeaderElection28] INFO  impl.LeaderElection (LeaderElection.java:askForVotes(182)) - a9b76f13-9965-44c1-ab60-72935f90d179@group-8C668F97AA0C:LeaderElection28: begin an election at term 1 for -1: [224b933d-f7fb-4ff7-a482-9c13e4b41436:192.168.30.19:36788, a9b76f13-9965-44c1-ab60-72935f90d179:192.168.30.19:35755, 375ac5ba-0c4a-468a-bc80-8405446a2fc5:192.168.30.19:37266], old=null
2019-09-27 11:51:04,755 [224b933d-f7fb-4ff7-a482-9c13e4b41436@group-8C668F97AA0C:LeaderElection24] INFO  impl.LeaderElection (LeaderElection.java:askForVotes(182)) - 224b933d-f7fb-4ff7-a482-9c13e4b41436@group-8C668F97AA0C:LeaderElection24: begin an election at term 1 for -1: [224b933d-f7fb-4ff7-a482-9c13e4b41436:192.168.30.19:36788, a9b76f13-9965-44c1-ab60-72935f90d179:192.168.30.19:35755, 375ac5ba-0c4a-468a-bc80-8405446a2fc5:192.168.30.19:37266], old=null
2019-09-27 11:51:04,755 [18dc4bc1-099b-4097-b7c5-321a5172589a@group-AE34B9F6167B:LeaderElection26] INFO  impl.LeaderElection (LeaderElection.java:askForVotes(182)) - 18dc4bc1-099b-4097-b7c5-321a5172589a@group-AE34B9F6167B:LeaderElection26: begin an election at term 1 for -1: [18dc4bc1-099b-4097-b7c5-321a5172589a:192.168.30.19:45077, 6760aa84-32eb-4d58-b79e-6880432c1967:192.168.30.19:36901, 4de51c34-1414-4a57-9393-191db81f912b:192.168.30.19:34175], old=null
2019-09-27 11:51:04,755 [375ac5ba-0c4a-468a-bc80-8405446a2fc5@group-8C668F97AA0C:LeaderElection29] INFO  impl.LeaderElection (LeaderElection.java:askForVotes(182)) - 375ac5ba-0c4a-468a-bc80-8405446a2fc5@group-8C668F97AA0C:LeaderElection29: begin an election at term 1 for -1: [224b933d-f7fb-4ff7-a482-9c13e4b41436:192.168.30.19:36788, a9b76f13-9965-44c1-ab60-72935f90d179:192.168.30.19:35755, 375ac5ba-0c4a-468a-bc80-8405446a2fc5:192.168.30.19:37266], old=null
2019-09-27 11:51:04,755 [4de51c34-1414-4a57-9393-191db81f912b@group-AE34B9F6167B:LeaderElection27] INFO  impl.LeaderElection (LeaderElection.java:askForVotes(182)) - 4de51c34-1414-4a57-9393-191db81f912b@group-AE34B9F6167B:LeaderElection27: begin an election at term 1 for -1: [18dc4bc1-099b-4097-b7c5-321a5172589a:192.168.30.19:45077, 6760aa84-32eb-4d58-b79e-6880432c1967:192.168.30.19:36901, 4de51c34-1414-4a57-9393-191db81f912b:192.168.30.19:34175], old=null
2019-09-27 11:51:04,755 [444703ef-a2ff-448b-8d4d-c6e7c56dacd7@group-1E9DA4E007D9:LeaderElection23] INFO  impl.LeaderElection (LeaderElection.java:askForVotes(182)) - 444703ef-a2ff-448b-8d4d-c6e7c56dacd7@group-1E9DA4E007D9:LeaderElection23: begin an election at term 1 for -1: [444703ef-a2ff-448b-8d4d-c6e7c56dacd7:192.168.30.19:35626], old=null
2019-09-27 11:51:04,755 [6760aa84-32eb-4d58-b79e-6880432c1967@group-AE34B9F6167B:LeaderElection25] INFO  impl.LeaderElection (LeaderElection.java:askForVotes(182)) - 6760aa84-32eb-4d58-b79e-6880432c1967@group-AE34B9F6167B:LeaderElection25: begin an election at term 1 for -1: [18dc4bc1-099b-4097-b7c5-321a5172589a:192.168.30.19:45077, 6760aa84-32eb-4d58-b79e-6880432c1967:192.168.30.19:36901, 4de51c34-1414-4a57-9393-191db81f912b:192.168.30.19:34175], old=null
2019-09-27 11:51:04,757 [444703ef-a2ff-448b-8d4d-c6e7c56dacd7@group-1E9DA4E007D9:LeaderElection23] INFO  impl.RoleInfo (RoleInfo.java:shutdownLeaderElection(134)) - 444703ef-a2ff-448b-8d4d-c6e7c56dacd7: shutdown LeaderElection
2019-09-27 11:51:04,757 [444703ef-a2ff-448b-8d4d-c6e7c56dacd7@group-1E9DA4E007D9:LeaderElection23] INFO  impl.RaftServerImpl (RaftServerImpl.java:setRole(174)) - 444703ef-a2ff-448b-8d4d-c6e7c56dacd7@group-1E9DA4E007D9: changes role from CANDIDATE to LEADER at term 1 for changeToLeader
2019-09-27 11:51:04,757 [444703ef-a2ff-448b-8d4d-c6e7c56dacd7@group-1E9DA4E007D9:LeaderElection23] INFO  impl.RaftServerImpl (ServerState.java:setLeader(253)) - 444703ef-a2ff-448b-8d4d-c6e7c56dacd7@group-1E9DA4E007D9: change Leader from null to 444703ef-a2ff-448b-8d4d-c6e7c56dacd7 at term 1 for becomeLeader, leader elected after 5565ms
2019-09-27 11:51:04,757 [444703ef-a2ff-448b-8d4d-c6e7c56dacd7@group-1E9DA4E007D9:LeaderElection23] INFO  server.RaftServerConfigKeys (ConfUtils.java:logGet(43)) - raft.server.staging.catchup.gap = 1000 (default)
2019-09-27 11:51:04,758 [444703ef-a2ff-448b-8d4d-c6e7c56dacd7@group-1E9DA4E007D9:LeaderElection23] INFO  server.RaftServerConfigKeys (ConfUtils.java:logGet(43)) - raft.server.rpc.sleep.time = 25ms (default)
2019-09-27 11:51:04,758 [444703ef-a2ff-448b-8d4d-c6e7c56dacd7@group-1E9DA4E007D9:LeaderElection23] INFO  server.RaftServerConfigKeys (ConfUtils.java:logGet(43)) - raft.server.write.element-limit = 4096 (default)
2019-09-27 11:51:04,759 [444703ef-a2ff-448b-8d4d-c6e7c56dacd7@group-1E9DA4E007D9:LeaderElection23] INFO  server.RaftServerConfigKeys (ConfUtils.java:logGet(43)) - raft.server.watch.timeout = 10s (default)
2019-09-27 11:51:04,759 [444703ef-a2ff-448b-8d4d-c6e7c56dacd7@group-1E9DA4E007D9:LeaderElection23] INFO  server.RaftServerConfigKeys (ConfUtils.java:logGet(43)) - raft.server.watch.timeout.denomination = 1s (default)
2019-09-27 11:51:04,759 [444703ef-a2ff-448b-8d4d-c6e7c56dacd7@group-1E9DA4E007D9:LeaderElection23] INFO  server.RaftServerConfigKeys (ConfUtils.java:logGet(43)) - raft.server.watch.element-limit = 65536 (default)
2019-09-27 11:51:04,766 [444703ef-a2ff-448b-8d4d-c6e7c56dacd7@group-1E9DA4E007D9:LeaderElection23] INFO  impl.RoleInfo (RoleInfo.java:updateAndGet(143)) - 444703ef-a2ff-448b-8d4d-c6e7c56dacd7: start LeaderState
2019-09-27 11:51:04,766 [444703ef-a2ff-448b-8d4d-c6e7c56dacd7@group-1E9DA4E007D9:LeaderElection23] INFO  segmented.SegmentedRaftLogWorker (SegmentedRaftLogWorker.java:startLogSegment(380)) - 444703ef-a2ff-448b-8d4d-c6e7c56dacd7@group-1E9DA4E007D9-SegmentedRaftLogWorker: Starting segment from index:0
2019-09-27 11:51:04,773 [444703ef-a2ff-448b-8d4d-c6e7c56dacd7@group-1E9DA4E007D9:LeaderElection23] INFO  impl.RaftServerImpl (ServerState.java:setRaftConf(354)) - 444703ef-a2ff-448b-8d4d-c6e7c56dacd7@group-1E9DA4E007D9: set configuration 0: [444703ef-a2ff-448b-8d4d-c6e7c56dacd7:192.168.30.19:35626], old=null at 0
2019-09-27 11:51:04,822 [224b933d-f7fb-4ff7-a482-9c13e4b41436@group-8C668F97AA0C:LeaderElection24] INFO  impl.LeaderElection (LeaderElection.java:logAndReturn(56)) - 224b933d-f7fb-4ff7-a482-9c13e4b41436@group-8C668F97AA0C:LeaderElection24: Election REJECTED; received 2 response(s) [224b933d-f7fb-4ff7-a482-9c13e4b41436<-a9b76f13-9965-44c1-ab60-72935f90d179#0:FAIL-t1, 224b933d-f7fb-4ff7-a482-9c13e4b41436<-375ac5ba-0c4a-468a-bc80-8405446a2fc5#0:FAIL-t1] and 0 exception(s); 224b933d-f7fb-4ff7-a482-9c13e4b41436@group-8C668F97AA0C:t1, leader=null, voted=224b933d-f7fb-4ff7-a482-9c13e4b41436, raftlog=224b933d-f7fb-4ff7-a482-9c13e4b41436@group-8C668F97AA0C-SegmentedRaftLog:OPENED:c-1,f-1,i0, conf=-1: [224b933d-f7fb-4ff7-a482-9c13e4b41436:192.168.30.19:36788, a9b76f13-9965-44c1-ab60-72935f90d179:192.168.30.19:35755, 375ac5ba-0c4a-468a-bc80-8405446a2fc5:192.168.30.19:37266], old=null
2019-09-27 11:51:04,829 [444703ef-a2ff-448b-8d4d-c6e7c56dacd7@group-1E9DA4E007D9-SegmentedRaftLogWorker] INFO  segmented.SegmentedRaftLogWorker (SegmentedRaftLogWorker.java:execute(569)) - 444703ef-a2ff-448b-8d4d-c6e7c56dacd7@group-1E9DA4E007D9-SegmentedRaftLogWorker: created new log segment /workdir/hadoop-ozone/integration-test/target/test-dir/MiniOzoneClusterImpl-3ca6fd23-a5ee-487c-a238-8e42847d24a4/datanode-4/data/ratis/f348a87c-4666-4c61-9c84-1e9da4e007d9/current/log_inprogress_0
2019-09-27 11:51:04,829 [224b933d-f7fb-4ff7-a482-9c13e4b41436@group-8C668F97AA0C:LeaderElection24] INFO  impl.RaftServerImpl (RaftServerImpl.java:setRole(174)) - 224b933d-f7fb-4ff7-a482-9c13e4b41436@group-8C668F97AA0C: changes role from CANDIDATE to FOLLOWER at term 1 for DISCOVERED_A_NEW_TERM
2019-09-27 11:51:04,832 [6760aa84-32eb-4d58-b79e-6880432c1967@group-AE34B9F6167B:LeaderElection25] INFO  impl.LeaderElection (LeaderElection.java:logAndReturn(56)) - 6760aa84-32eb-4d58-b79e-6880432c1967@group-AE34B9F6167B:LeaderElection25: Election REJECTED; received 2 response(s) [6760aa84-32eb-4d58-b79e-6880432c1967<-18dc4bc1-099b-4097-b7c5-321a5172589a#0:FAIL-t1, 6760aa84-32eb-4d58-b79e-6880432c1967<-4de51c34-1414-4a57-9393-191db81f912b#0:FAIL-t1] and 0 exception(s); 6760aa84-32eb-4d58-b79e-6880432c1967@group-AE34B9F6167B:t1, leader=null, voted=6760aa84-32eb-4d58-b79e-6880432c1967, raftlog=6760aa84-32eb-4d58-b79e-6880432c1967@group-AE34B9F6167B-SegmentedRaftLog:OPENED:c-1,f-1,i0, conf=-1: [18dc4bc1-099b-4097-b7c5-321a5172589a:192.168.30.19:45077, 6760aa84-32eb-4d58-b79e-6880432c1967:192.168.30.19:36901, 4de51c34-1414-4a57-9393-191db81f912b:192.168.30.19:34175], old=null
2019-09-27 11:51:04,832 [224b933d-f7fb-4ff7-a482-9c13e4b41436@group-8C668F97AA0C:LeaderElection24] INFO  impl.RoleInfo (RoleInfo.java:shutdownLeaderElection(134)) - 224b933d-f7fb-4ff7-a482-9c13e4b41436: shutdown LeaderElection
2019-09-27 11:51:04,832 [6760aa84-32eb-4d58-b79e-6880432c1967@group-AE34B9F6167B:LeaderElection25] INFO  impl.RaftServerImpl (RaftServerImpl.java:setRole(174)) - 6760aa84-32eb-4d58-b79e-6880432c1967@group-AE34B9F6167B: changes role from CANDIDATE to FOLLOWER at term 1 for DISCOVERED_A_NEW_TERM
2019-09-27 11:51:04,836 [6760aa84-32eb-4d58-b79e-6880432c1967@group-AE34B9F6167B:LeaderElection25] INFO  impl.RoleInfo (RoleInfo.java:shutdownLeaderElection(134)) - 6760aa84-32eb-4d58-b79e-6880432c1967: shutdown LeaderElection
2019-09-27 11:51:04,836 [224b933d-f7fb-4ff7-a482-9c13e4b41436@group-8C668F97AA0C:LeaderElection24] INFO  impl.RoleInfo (RoleInfo.java:updateAndGet(143)) - 224b933d-f7fb-4ff7-a482-9c13e4b41436: start FollowerState
2019-09-27 11:51:04,838 [6760aa84-32eb-4d58-b79e-6880432c1967@group-AE34B9F6167B:LeaderElection25] INFO  impl.RoleInfo (RoleInfo.java:updateAndGet(143)) - 6760aa84-32eb-4d58-b79e-6880432c1967: start FollowerState
2019-09-27 11:51:04,860 [a9b76f13-9965-44c1-ab60-72935f90d179@group-8C668F97AA0C:LeaderElection28] INFO  impl.LeaderElection (LeaderElection.java:logAndReturn(56)) - a9b76f13-9965-44c1-ab60-72935f90d179@group-8C668F97AA0C:LeaderElection28: Election REJECTED; received 2 response(s) [a9b76f13-9965-44c1-ab60-72935f90d179<-224b933d-f7fb-4ff7-a482-9c13e4b41436#0:FAIL-t1, a9b76f13-9965-44c1-ab60-72935f90d179<-375ac5ba-0c4a-468a-bc80-8405446a2fc5#0:FAIL-t1] and 0 exception(s); a9b76f13-9965-44c1-ab60-72935f90d179@group-8C668F97AA0C:t1, leader=null, voted=a9b76f13-9965-44c1-ab60-72935f90d179, raftlog=a9b76f13-9965-44c1-ab60-72935f90d179@group-8C668F97AA0C-SegmentedRaftLog:OPENED:c-1,f-1,i0, conf=-1: [224b933d-f7fb-4ff7-a482-9c13e4b41436:192.168.30.19:36788, a9b76f13-9965-44c1-ab60-72935f90d179:192.168.30.19:35755, 375ac5ba-0c4a-468a-bc80-8405446a2fc5:192.168.30.19:37266], old=null
2019-09-27 11:51:04,861 [a9b76f13-9965-44c1-ab60-72935f90d179@group-8C668F97AA0C:LeaderElection28] INFO  impl.RaftServerImpl (RaftServerImpl.java:setRole(174)) - a9b76f13-9965-44c1-ab60-72935f90d179@group-8C668F97AA0C: changes role from CANDIDATE to FOLLOWER at term 1 for DISCOVERED_A_NEW_TERM
2019-09-27 11:51:04,864 [a9b76f13-9965-44c1-ab60-72935f90d179@group-8C668F97AA0C:LeaderElection28] INFO  impl.RoleInfo (RoleInfo.java:shutdownLeaderElection(134)) - a9b76f13-9965-44c1-ab60-72935f90d179: shutdown LeaderElection
2019-09-27 11:51:04,864 [a9b76f13-9965-44c1-ab60-72935f90d179@group-8C668F97AA0C:LeaderElection28] INFO  impl.RoleInfo (RoleInfo.java:updateAndGet(143)) - a9b76f13-9965-44c1-ab60-72935f90d179: start FollowerState
2019-09-27 11:51:04,868 [4de51c34-1414-4a57-9393-191db81f912b@group-AE34B9F6167B:LeaderElection27] INFO  impl.LeaderElection (LeaderElection.java:logAndReturn(56)) - 4de51c34-1414-4a57-9393-191db81f912b@group-AE34B9F6167B:LeaderElection27: Election REJECTED; received 2 response(s) [4de51c34-1414-4a57-9393-191db81f912b<-18dc4bc1-099b-4097-b7c5-321a5172589a#0:FAIL-t1, 4de51c34-1414-4a57-9393-191db81f912b<-6760aa84-32eb-4d58-b79e-6880432c1967#0:FAIL-t1] and 0 exception(s); 4de51c34-1414-4a57-9393-191db81f912b@group-AE34B9F6167B:t1, leader=null, voted=4de51c34-1414-4a57-9393-191db81f912b, raftlog=4de51c34-1414-4a57-9393-191db81f912b@group-AE34B9F6167B-SegmentedRaftLog:OPENED:c-1,f-1,i0, conf=-1: [18dc4bc1-099b-4097-b7c5-321a5172589a:192.168.30.19:45077, 6760aa84-32eb-4d58-b79e-6880432c1967:192.168.30.19:36901, 4de51c34-1414-4a57-9393-191db81f912b:192.168.30.19:34175], old=null
2019-09-27 11:51:04,875 [375ac5ba-0c4a-468a-bc80-8405446a2fc5@group-8C668F97AA0C:LeaderElection29] INFO  impl.LeaderElection (LeaderElection.java:logAndReturn(56)) - 375ac5ba-0c4a-468a-bc80-8405446a2fc5@group-8C668F97AA0C:LeaderElection29: Election REJECTED; received 2 response(s) [375ac5ba-0c4a-468a-bc80-8405446a2fc5<-224b933d-f7fb-4ff7-a482-9c13e4b41436#0:FAIL-t1, 375ac5ba-0c4a-468a-bc80-8405446a2fc5<-a9b76f13-9965-44c1-ab60-72935f90d179#0:FAIL-t1] and 0 exception(s); 375ac5ba-0c4a-468a-bc80-8405446a2fc5@group-8C668F97AA0C:t1, leader=null, voted=375ac5ba-0c4a-468a-bc80-8405446a2fc5, raftlog=375ac5ba-0c4a-468a-bc80-8405446a2fc5@group-8C668F97AA0C-SegmentedRaftLog:OPENED:c-1,f-1,i0, conf=-1: [224b933d-f7fb-4ff7-a482-9c13e4b41436:192.168.30.19:36788, a9b76f13-9965-44c1-ab60-72935f90d179:192.168.30.19:35755, 375ac5ba-0c4a-468a-bc80-8405446a2fc5:192.168.30.19:37266], old=null
2019-09-27 11:51:04,878 [4de51c34-1414-4a57-9393-191db81f912b@group-AE34B9F6167B:LeaderElection27] INFO  impl.RaftServerImpl (RaftServerImpl.java:setRole(174)) - 4de51c34-1414-4a57-9393-191db81f912b@group-AE34B9F6167B: changes role from CANDIDATE to FOLLOWER at term 1 for DISCOVERED_A_NEW_TERM
2019-09-27 11:51:04,881 [4de51c34-1414-4a57-9393-191db81f912b@group-AE34B9F6167B:LeaderElection27] INFO  impl.RoleInfo (RoleInfo.java:shutdownLeaderElection(134)) - 4de51c34-1414-4a57-9393-191db81f912b: shutdown LeaderElection
2019-09-27 11:51:04,881 [4de51c34-1414-4a57-9393-191db81f912b@group-AE34B9F6167B:LeaderElection27] INFO  impl.RoleInfo (RoleInfo.java:updateAndGet(143)) - 4de51c34-1414-4a57-9393-191db81f912b: start FollowerState
2019-09-27 11:51:04,882 [18dc4bc1-099b-4097-b7c5-321a5172589a@group-AE34B9F6167B:LeaderElection26] INFO  impl.LeaderElection (LeaderElection.java:logAndReturn(56)) - 18dc4bc1-099b-4097-b7c5-321a5172589a@group-AE34B9F6167B:LeaderElection26: Election REJECTED; received 2 response(s) [18dc4bc1-099b-4097-b7c5-321a5172589a<-6760aa84-32eb-4d58-b79e-6880432c1967#0:FAIL-t1, 18dc4bc1-099b-4097-b7c5-321a5172589a<-4de51c34-1414-4a57-9393-191db81f912b#0:FAIL-t1] and 0 exception(s); 18dc4bc1-099b-4097-b7c5-321a5172589a@group-AE34B9F6167B:t1, leader=null, voted=18dc4bc1-099b-4097-b7c5-321a5172589a, raftlog=18dc4bc1-099b-4097-b7c5-321a5172589a@group-AE34B9F6167B-SegmentedRaftLog:OPENED:c-1,f-1,i0, conf=-1: [18dc4bc1-099b-4097-b7c5-321a5172589a:192.168.30.19:45077, 6760aa84-32eb-4d58-b79e-6880432c1967:192.168.30.19:36901, 4de51c34-1414-4a57-9393-191db81f912b:192.168.30.19:34175], old=null
2019-09-27 11:51:04,883 [375ac5ba-0c4a-468a-bc80-8405446a2fc5@group-8C668F97AA0C:LeaderElection29] INFO  impl.RaftServerImpl (RaftServerImpl.java:setRole(174)) - 375ac5ba-0c4a-468a-bc80-8405446a2fc5@group-8C668F97AA0C: changes role from CANDIDATE to FOLLOWER at term 1 for DISCOVERED_A_NEW_TERM
2019-09-27 11:51:04,885 [18dc4bc1-099b-4097-b7c5-321a5172589a@group-AE34B9F6167B:LeaderElection26] INFO  impl.RaftServerImpl (RaftServerImpl.java:setRole(174)) - 18dc4bc1-099b-4097-b7c5-321a5172589a@group-AE34B9F6167B: changes role from CANDIDATE to FOLLOWER at term 1 for DISCOVERED_A_NEW_TERM
2019-09-27 11:51:04,888 [18dc4bc1-099b-4097-b7c5-321a5172589a@group-AE34B9F6167B:LeaderElection26] INFO  impl.RoleInfo (RoleInfo.java:shutdownLeaderElection(134)) - 18dc4bc1-099b-4097-b7c5-321a5172589a: shutdown LeaderElection
2019-09-27 11:51:04,888 [18dc4bc1-099b-4097-b7c5-321a5172589a@group-AE34B9F6167B:LeaderElection26] INFO  impl.RoleInfo (RoleInfo.java:updateAndGet(143)) - 18dc4bc1-099b-4097-b7c5-321a5172589a: start FollowerState
2019-09-27 11:51:04,897 [375ac5ba-0c4a-468a-bc80-8405446a2fc5@group-8C668F97AA0C:LeaderElection29] INFO  impl.RoleInfo (RoleInfo.java:shutdownLeaderElection(134)) - 375ac5ba-0c4a-468a-bc80-8405446a2fc5: shutdown LeaderElection
2019-09-27 11:51:04,897 [375ac5ba-0c4a-468a-bc80-8405446a2fc5@group-8C668F97AA0C:LeaderElection29] INFO  impl.RoleInfo (RoleInfo.java:updateAndGet(143)) - 375ac5ba-0c4a-468a-bc80-8405446a2fc5: start FollowerState
2019-09-27 11:51:09,971 [Thread-1047] INFO  impl.FollowerState (FollowerState.java:run(106)) - 6760aa84-32eb-4d58-b79e-6880432c1967:group-AE34B9F6167B changes to CANDIDATE, lastRpcTime:5132, electionTimeout:5128ms
2019-09-27 11:51:09,971 [Thread-1047] INFO  impl.RoleInfo (RoleInfo.java:shutdownFollowerState(121)) - 6760aa84-32eb-4d58-b79e-6880432c1967: shutdown FollowerState
2019-09-27 11:51:09,971 [Thread-1047] INFO  impl.RaftServerImpl (RaftServerImpl.java:setRole(174)) - 6760aa84-32eb-4d58-b79e-6880432c1967@group-AE34B9F6167B: changes role from  FOLLOWER to CANDIDATE at term 1 for changeToCandidate
2019-09-27 11:51:09,971 [Thread-1047] INFO  impl.RoleInfo (RoleInfo.java:updateAndGet(143)) - 6760aa84-32eb-4d58-b79e-6880432c1967: start LeaderElection
2019-09-27 11:51:09,998 [Thread-1051] INFO  impl.FollowerState (FollowerState.java:run(106)) - 375ac5ba-0c4a-468a-bc80-8405446a2fc5:group-8C668F97AA0C changes to CANDIDATE, lastRpcTime:5101, electionTimeout:5101ms
2019-09-27 11:51:09,999 [Thread-1051] INFO  impl.RoleInfo (RoleInfo.java:shutdownFollowerState(121)) - 375ac5ba-0c4a-468a-bc80-8405446a2fc5: shutdown FollowerState
2019-09-27 11:51:09,999 [Thread-1051] INFO  impl.RaftServerImpl (RaftServerImpl.java:setRole(174)) - 375ac5ba-0c4a-468a-bc80-8405446a2fc5@group-8C668F97AA0C: changes role from  FOLLOWER to CANDIDATE at term 1 for changeToCandidate
2019-09-27 11:51:09,999 [Thread-1051] INFO  impl.RoleInfo (RoleInfo.java:updateAndGet(143)) - 375ac5ba-0c4a-468a-bc80-8405446a2fc5: start LeaderElection
2019-09-27 11:51:10,008 [6760aa84-32eb-4d58-b79e-6880432c1967@group-AE34B9F6167B:LeaderElection30] INFO  impl.LeaderElection (LeaderElection.java:askForVotes(182)) - 6760aa84-32eb-4d58-b79e-6880432c1967@group-AE34B9F6167B:LeaderElection30: begin an election at term 2 for -1: [18dc4bc1-099b-4097-b7c5-321a5172589a:192.168.30.19:45077, 6760aa84-32eb-4d58-b79e-6880432c1967:192.168.30.19:36901, 4de51c34-1414-4a57-9393-191db81f912b:192.168.30.19:34175], old=null
2019-09-27 11:51:10,012 [Thread-1049] INFO  impl.FollowerState (FollowerState.java:run(106)) - 4de51c34-1414-4a57-9393-191db81f912b:group-AE34B9F6167B changes to CANDIDATE, lastRpcTime:5130, electionTimeout:5128ms
2019-09-27 11:51:10,012 [Thread-1049] INFO  impl.RoleInfo (RoleInfo.java:shutdownFollowerState(121)) - 4de51c34-1414-4a57-9393-191db81f912b: shutdown FollowerState
2019-09-27 11:51:10,014 [Thread-1049] INFO  impl.RaftServerImpl (RaftServerImpl.java:setRole(174)) - 4de51c34-1414-4a57-9393-191db81f912b@group-AE34B9F6167B: changes role from  FOLLOWER to CANDIDATE at term 1 for changeToCandidate
2019-09-27 11:51:10,014 [grpc-default-executor-6] INFO  impl.RaftServerImpl (RaftServerImpl.java:setRole(174)) - 18dc4bc1-099b-4097-b7c5-321a5172589a@group-AE34B9F6167B: changes role from  FOLLOWER to FOLLOWER at term 2 for recognizeCandidate:6760aa84-32eb-4d58-b79e-6880432c1967
2019-09-27 11:51:10,014 [Thread-1049] INFO  impl.RoleInfo (RoleInfo.java:updateAndGet(143)) - 4de51c34-1414-4a57-9393-191db81f912b: start LeaderElection
2019-09-27 11:51:10,014 [grpc-default-executor-6] INFO  impl.RoleInfo (RoleInfo.java:shutdownFollowerState(121)) - 18dc4bc1-099b-4097-b7c5-321a5172589a: shutdown FollowerState
2019-09-27 11:51:10,015 [grpc-default-executor-6] INFO  impl.RoleInfo (RoleInfo.java:updateAndGet(143)) - 18dc4bc1-099b-4097-b7c5-321a5172589a: start FollowerState
2019-09-27 11:51:10,016 [Thread-1050] INFO  impl.FollowerState (FollowerState.java:run(115)) - 18dc4bc1-099b-4097-b7c5-321a5172589a: FollowerState was interrupted: java.lang.InterruptedException: sleep interrupted
2019-09-27 11:51:10,016 [grpc-default-executor-5] INFO  impl.RaftServerImpl (RaftServerImpl.java:setRole(174)) - 4de51c34-1414-4a57-9393-191db81f912b@group-AE34B9F6167B: changes role from CANDIDATE to FOLLOWER at term 2 for recognizeCandidate:6760aa84-32eb-4d58-b79e-6880432c1967
2019-09-27 11:51:10,017 [grpc-default-executor-5] INFO  impl.RoleInfo (RoleInfo.java:shutdownLeaderElection(134)) - 4de51c34-1414-4a57-9393-191db81f912b: shutdown LeaderElection
2019-09-27 11:51:10,017 [grpc-default-executor-5] INFO  impl.RoleInfo (RoleInfo.java:updateAndGet(143)) - 4de51c34-1414-4a57-9393-191db81f912b: start FollowerState
2019-09-27 11:51:10,029 [375ac5ba-0c4a-468a-bc80-8405446a2fc5@group-8C668F97AA0C:LeaderElection31] INFO  impl.LeaderElection (LeaderElection.java:askForVotes(182)) - 375ac5ba-0c4a-468a-bc80-8405446a2fc5@group-8C668F97AA0C:LeaderElection31: begin an election at term 2 for -1: [224b933d-f7fb-4ff7-a482-9c13e4b41436:192.168.30.19:36788, a9b76f13-9965-44c1-ab60-72935f90d179:192.168.30.19:35755, 375ac5ba-0c4a-468a-bc80-8405446a2fc5:192.168.30.19:37266], old=null
2019-09-27 11:51:10,030 [6760aa84-32eb-4d58-b79e-6880432c1967@group-AE34B9F6167B:LeaderElection30] INFO  impl.LeaderElection (LeaderElection.java:logAndReturn(56)) - 6760aa84-32eb-4d58-b79e-6880432c1967@group-AE34B9F6167B:LeaderElection30: Election PASSED; received 1 response(s) [6760aa84-32eb-4d58-b79e-6880432c1967<-18dc4bc1-099b-4097-b7c5-321a5172589a#0:OK-t2] and 0 exception(s); 6760aa84-32eb-4d58-b79e-6880432c1967@group-AE34B9F6167B:t2, leader=null, voted=6760aa84-32eb-4d58-b79e-6880432c1967, raftlog=6760aa84-32eb-4d58-b79e-6880432c1967@group-AE34B9F6167B-SegmentedRaftLog:OPENED:c-1,f-1,i0, conf=-1: [18dc4bc1-099b-4097-b7c5-321a5172589a:192.168.30.19:45077, 6760aa84-32eb-4d58-b79e-6880432c1967:192.168.30.19:36901, 4de51c34-1414-4a57-9393-191db81f912b:192.168.30.19:34175], old=null
2019-09-27 11:51:10,030 [6760aa84-32eb-4d58-b79e-6880432c1967@group-AE34B9F6167B:LeaderElection30] INFO  impl.RoleInfo (RoleInfo.java:shutdownLeaderElection(134)) - 6760aa84-32eb-4d58-b79e-6880432c1967: shutdown LeaderElection
2019-09-27 11:51:10,030 [6760aa84-32eb-4d58-b79e-6880432c1967@group-AE34B9F6167B:LeaderElection30] INFO  impl.RaftServerImpl (RaftServerImpl.java:setRole(174)) - 6760aa84-32eb-4d58-b79e-6880432c1967@group-AE34B9F6167B: changes role from CANDIDATE to LEADER at term 2 for changeToLeader
2019-09-27 11:51:10,031 [6760aa84-32eb-4d58-b79e-6880432c1967@group-AE34B9F6167B:LeaderElection30] INFO  impl.RaftServerImpl (ServerState.java:setLeader(253)) - 6760aa84-32eb-4d58-b79e-6880432c1967@group-AE34B9F6167B: change Leader from null to 6760aa84-32eb-4d58-b79e-6880432c1967 at term 2 for becomeLeader, leader elected after 10691ms
2019-09-27 11:51:10,031 [6760aa84-32eb-4d58-b79e-6880432c1967@group-AE34B9F6167B:LeaderElection30] INFO  server.RaftServerConfigKeys (ConfUtils.java:logGet(43)) - raft.server.staging.catchup.gap = 1000 (default)
2019-09-27 11:51:10,031 [6760aa84-32eb-4d58-b79e-6880432c1967@group-AE34B9F6167B:LeaderElection30] INFO  server.RaftServerConfigKeys (ConfUtils.java:logGet(43)) - raft.server.rpc.sleep.time = 25ms (default)
2019-09-27 11:51:10,031 [6760aa84-32eb-4d58-b79e-6880432c1967@group-AE34B9F6167B:LeaderElection30] INFO  server.RaftServerConfigKeys (ConfUtils.java:logGet(43)) - raft.server.write.element-limit = 4096 (default)
2019-09-27 11:51:10,031 [Thread-1048] INFO  impl.FollowerState (FollowerState.java:run(106)) - a9b76f13-9965-44c1-ab60-72935f90d179:group-8C668F97AA0C changes to CANDIDATE, lastRpcTime:5166, electionTimeout:5163ms
2019-09-27 11:51:10,032 [6760aa84-32eb-4d58-b79e-6880432c1967@group-AE34B9F6167B:LeaderElection30] INFO  server.RaftServerConfigKeys (ConfUtils.java:logGet(43)) - raft.server.watch.timeout = 10s (default)
2019-09-27 11:51:10,033 [Thread-1048] INFO  impl.RoleInfo (RoleInfo.java:shutdownFollowerState(121)) - a9b76f13-9965-44c1-ab60-72935f90d179: shutdown FollowerState
2019-09-27 11:51:10,033 [6760aa84-32eb-4d58-b79e-6880432c1967@group-AE34B9F6167B:LeaderElection30] INFO  server.RaftServerConfigKeys (ConfUtils.java:logGet(43)) - raft.server.watch.timeout.denomination = 1s (default)
2019-09-27 11:51:10,033 [Thread-1048] INFO  impl.RaftServerImpl (RaftServerImpl.java:setRole(174)) - a9b76f13-9965-44c1-ab60-72935f90d179@group-8C668F97AA0C: changes role from  FOLLOWER to CANDIDATE at term 1 for changeToCandidate
2019-09-27 11:51:10,033 [6760aa84-32eb-4d58-b79e-6880432c1967@group-AE34B9F6167B:LeaderElection30] INFO  server.RaftServerConfigKeys (ConfUtils.java:logGet(43)) - raft.server.watch.element-limit = 65536 (default)
2019-09-27 11:51:10,033 [Thread-1048] INFO  impl.RoleInfo (RoleInfo.java:updateAndGet(143)) - a9b76f13-9965-44c1-ab60-72935f90d179: start LeaderElection
2019-09-27 11:51:10,042 [Thread-1046] INFO  impl.FollowerState (FollowerState.java:run(106)) - 224b933d-f7fb-4ff7-a482-9c13e4b41436:group-8C668F97AA0C changes to CANDIDATE, lastRpcTime:5205, electionTimeout:5197ms
2019-09-27 11:51:10,050 [Thread-1046] INFO  impl.RoleInfo (RoleInfo.java:shutdownFollowerState(121)) - 224b933d-f7fb-4ff7-a482-9c13e4b41436: shutdown FollowerState
2019-09-27 11:51:10,050 [grpc-default-executor-6] INFO  impl.RaftServerImpl (RaftServerImpl.java:setRole(174)) - a9b76f13-9965-44c1-ab60-72935f90d179@group-8C668F97AA0C: changes role from CANDIDATE to FOLLOWER at term 2 for recognizeCandidate:375ac5ba-0c4a-468a-bc80-8405446a2fc5
2019-09-27 11:51:10,050 [Thread-1046] INFO  impl.RaftServerImpl (RaftServerImpl.java:setRole(174)) - 224b933d-f7fb-4ff7-a482-9c13e4b41436@group-8C668F97AA0C: changes role from  FOLLOWER to CANDIDATE at term 1 for changeToCandidate
2019-09-27 11:51:10,050 [grpc-default-executor-6] INFO  impl.RoleInfo (RoleInfo.java:shutdownLeaderElection(134)) - a9b76f13-9965-44c1-ab60-72935f90d179: shutdown LeaderElection
2019-09-27 11:51:10,050 [Thread-1046] INFO  impl.RoleInfo (RoleInfo.java:updateAndGet(143)) - 224b933d-f7fb-4ff7-a482-9c13e4b41436: start LeaderElection
2019-09-27 11:51:10,050 [grpc-default-executor-6] INFO  impl.RoleInfo (RoleInfo.java:updateAndGet(143)) - a9b76f13-9965-44c1-ab60-72935f90d179: start FollowerState
2019-09-27 11:51:10,051 [grpc-default-executor-2] INFO  impl.RaftServerImpl (RaftServerImpl.java:setRole(174)) - 224b933d-f7fb-4ff7-a482-9c13e4b41436@group-8C668F97AA0C: changes role from CANDIDATE to FOLLOWER at term 2 for recognizeCandidate:375ac5ba-0c4a-468a-bc80-8405446a2fc5
2019-09-27 11:51:10,051 [grpc-default-executor-2] INFO  impl.RoleInfo (RoleInfo.java:shutdownLeaderElection(134)) - 224b933d-f7fb-4ff7-a482-9c13e4b41436: shutdown LeaderElection
2019-09-27 11:51:10,051 [grpc-default-executor-2] INFO  impl.RoleInfo (RoleInfo.java:updateAndGet(143)) - 224b933d-f7fb-4ff7-a482-9c13e4b41436: start FollowerState
2019-09-27 11:51:10,052 [6760aa84-32eb-4d58-b79e-6880432c1967@group-AE34B9F6167B:LeaderElection30] INFO  server.RaftServerConfigKeys (ConfUtils.java:logGet(43)) - raft.server.log.appender.snapshot.chunk.size.max = 16MB (=16777216) (default)
2019-09-27 11:51:10,052 [6760aa84-32eb-4d58-b79e-6880432c1967@group-AE34B9F6167B:LeaderElection30] INFO  server.RaftServerConfigKeys (ConfUtils.java:logGet(43)) - raft.server.log.appender.buffer.byte-limit = 33554432 (custom)
2019-09-27 11:51:10,052 [6760aa84-32eb-4d58-b79e-6880432c1967@group-AE34B9F6167B:LeaderElection30] INFO  server.RaftServerConfigKeys (ConfUtils.java:logGet(43)) - raft.server.log.appender.buffer.element-limit = 1 (custom)
2019-09-27 11:51:10,052 [6760aa84-32eb-4d58-b79e-6880432c1967@group-AE34B9F6167B:LeaderElection30] INFO  grpc.GrpcConfigKeys$Server (ConfUtils.java:logGet(43)) - raft.grpc.server.leader.outstanding.appends.max = 128 (default)
2019-09-27 11:51:10,052 [6760aa84-32eb-4d58-b79e-6880432c1967@group-AE34B9F6167B:LeaderElection30] INFO  server.RaftServerConfigKeys (ConfUtils.java:logGet(43)) - raft.server.rpc.request.timeout = 3000ms (default)
2019-09-27 11:51:10,052 [6760aa84-32eb-4d58-b79e-6880432c1967@group-AE34B9F6167B:LeaderElection30] INFO  server.RaftServerConfigKeys (ConfUtils.java:logGet(43)) - raft.server.log.appender.install.snapshot.enabled = false (custom)
2019-09-27 11:51:10,053 [6760aa84-32eb-4d58-b79e-6880432c1967@group-AE34B9F6167B:LeaderElection30] INFO  server.RaftServerConfigKeys (ConfUtils.java:logGet(43)) - raft.server.log.appender.snapshot.chunk.size.max = 16MB (=16777216) (default)
2019-09-27 11:51:10,053 [6760aa84-32eb-4d58-b79e-6880432c1967@group-AE34B9F6167B:LeaderElection30] INFO  server.RaftServerConfigKeys (ConfUtils.java:logGet(43)) - raft.server.log.appender.buffer.byte-limit = 33554432 (custom)
2019-09-27 11:51:10,053 [6760aa84-32eb-4d58-b79e-6880432c1967@group-AE34B9F6167B:LeaderElection30] INFO  server.RaftServerConfigKeys (ConfUtils.java:logGet(43)) - raft.server.log.appender.buffer.element-limit = 1 (custom)
2019-09-27 11:51:10,053 [6760aa84-32eb-4d58-b79e-6880432c1967@group-AE34B9F6167B:LeaderElection30] INFO  grpc.GrpcConfigKeys$Server (ConfUtils.java:logGet(43)) - raft.grpc.server.leader.outstanding.appends.max = 128 (default)
2019-09-27 11:51:10,053 [6760aa84-32eb-4d58-b79e-6880432c1967@group-AE34B9F6167B:LeaderElection30] INFO  server.RaftServerConfigKeys (ConfUtils.java:logGet(43)) - raft.server.rpc.request.timeout = 3000ms (default)
2019-09-27 11:51:10,053 [6760aa84-32eb-4d58-b79e-6880432c1967@group-AE34B9F6167B:LeaderElection30] INFO  server.RaftServerConfigKeys (ConfUtils.java:logGet(43)) - raft.server.log.appender.install.snapshot.enabled = false (custom)
2019-09-27 11:51:10,053 [6760aa84-32eb-4d58-b79e-6880432c1967@group-AE34B9F6167B:LeaderElection30] INFO  impl.RoleInfo (RoleInfo.java:updateAndGet(143)) - 6760aa84-32eb-4d58-b79e-6880432c1967: start LeaderState
2019-09-27 11:51:10,054 [6760aa84-32eb-4d58-b79e-6880432c1967@group-AE34B9F6167B:LeaderElection30] INFO  segmented.SegmentedRaftLogWorker (SegmentedRaftLogWorker.java:startLogSegment(380)) - 6760aa84-32eb-4d58-b79e-6880432c1967@group-AE34B9F6167B-SegmentedRaftLogWorker: Starting segment from index:0
2019-09-27 11:51:10,054 [6760aa84-32eb-4d58-b79e-6880432c1967@group-AE34B9F6167B:LeaderElection30] INFO  impl.RaftServerImpl (ServerState.java:setRaftConf(354)) - 6760aa84-32eb-4d58-b79e-6880432c1967@group-AE34B9F6167B: set configuration 0: [18dc4bc1-099b-4097-b7c5-321a5172589a:192.168.30.19:45077, 6760aa84-32eb-4d58-b79e-6880432c1967:192.168.30.19:36901, 4de51c34-1414-4a57-9393-191db81f912b:192.168.30.19:34175], old=null at 0
2019-09-27 11:51:10,080 [4de51c34-1414-4a57-9393-191db81f912b@group-AE34B9F6167B:LeaderElection32] INFO  impl.LeaderElection (LeaderElection.java:askForVotes(182)) - 4de51c34-1414-4a57-9393-191db81f912b@group-AE34B9F6167B:LeaderElection32: begin an election at term 3 for -1: [18dc4bc1-099b-4097-b7c5-321a5172589a:192.168.30.19:45077, 6760aa84-32eb-4d58-b79e-6880432c1967:192.168.30.19:36901, 4de51c34-1414-4a57-9393-191db81f912b:192.168.30.19:34175], old=null
2019-09-27 11:51:10,081 [4de51c34-1414-4a57-9393-191db81f912b@group-AE34B9F6167B:LeaderElection32] INFO  impl.LeaderElection (LeaderElection.java:logAndReturn(56)) - 4de51c34-1414-4a57-9393-191db81f912b@group-AE34B9F6167B:LeaderElection32: Election REJECTED; received 0 response(s) [] and 0 exception(s); 4de51c34-1414-4a57-9393-191db81f912b@group-AE34B9F6167B:t3, leader=null, voted=4de51c34-1414-4a57-9393-191db81f912b, raftlog=4de51c34-1414-4a57-9393-191db81f912b@group-AE34B9F6167B-SegmentedRaftLog:OPENED:c-1,f-1,i0, conf=-1: [18dc4bc1-099b-4097-b7c5-321a5172589a:192.168.30.19:45077, 6760aa84-32eb-4d58-b79e-6880432c1967:192.168.30.19:36901, 4de51c34-1414-4a57-9393-191db81f912b:192.168.30.19:34175], old=null
2019-09-27 11:51:10,081 [375ac5ba-0c4a-468a-bc80-8405446a2fc5@group-8C668F97AA0C:LeaderElection31] INFO  impl.LeaderElection (LeaderElection.java:logAndReturn(56)) - 375ac5ba-0c4a-468a-bc80-8405446a2fc5@group-8C668F97AA0C:LeaderElection31: Election REJECTED; received 2 response(s) [375ac5ba-0c4a-468a-bc80-8405446a2fc5<-224b933d-f7fb-4ff7-a482-9c13e4b41436#0:FAIL-t2, 375ac5ba-0c4a-468a-bc80-8405446a2fc5<-a9b76f13-9965-44c1-ab60-72935f90d179#0:FAIL-t2] and 0 exception(s); 375ac5ba-0c4a-468a-bc80-8405446a2fc5@group-8C668F97AA0C:t2, leader=null, voted=375ac5ba-0c4a-468a-bc80-8405446a2fc5, raftlog=375ac5ba-0c4a-468a-bc80-8405446a2fc5@group-8C668F97AA0C-SegmentedRaftLog:OPENED:c-1,f-1,i0, conf=-1: [224b933d-f7fb-4ff7-a482-9c13e4b41436:192.168.30.19:36788, a9b76f13-9965-44c1-ab60-72935f90d179:192.168.30.19:35755, 375ac5ba-0c4a-468a-bc80-8405446a2fc5:192.168.30.19:37266], old=null
2019-09-27 11:51:10,081 [grpc-default-executor-6] INFO  impl.RaftServerImpl (ServerState.java:setLeader(253)) - 18dc4bc1-099b-4097-b7c5-321a5172589a@group-AE34B9F6167B: change Leader from null to 6760aa84-32eb-4d58-b79e-6880432c1967 at term 2 for appendEntries, leader elected after 10742ms
2019-09-27 11:51:10,084 [375ac5ba-0c4a-468a-bc80-8405446a2fc5@group-8C668F97AA0C:LeaderElection31] INFO  impl.RaftServerImpl (RaftServerImpl.java:setRole(174)) - 375ac5ba-0c4a-468a-bc80-8405446a2fc5@group-8C668F97AA0C: changes role from CANDIDATE to FOLLOWER at term 2 for DISCOVERED_A_NEW_TERM
2019-09-27 11:51:10,084 [grpc-default-executor-5] INFO  impl.RaftServerImpl (ServerState.java:setLeader(253)) - 18dc4bc1-099b-4097-b7c5-321a5172589a@group-AE34B9F6167B: change Leader from 6760aa84-32eb-4d58-b79e-6880432c1967 to null at term 3 for updateCurrentTerm
2019-09-27 11:51:10,087 [375ac5ba-0c4a-468a-bc80-8405446a2fc5@group-8C668F97AA0C:LeaderElection31] INFO  impl.RoleInfo (RoleInfo.java:shutdownLeaderElection(134)) - 375ac5ba-0c4a-468a-bc80-8405446a2fc5: shutdown LeaderElection
2019-09-27 11:51:10,087 [grpc-default-executor-5] INFO  impl.RaftServerImpl (RaftServerImpl.java:setRole(174)) - 18dc4bc1-099b-4097-b7c5-321a5172589a@group-AE34B9F6167B: changes role from  FOLLOWER to FOLLOWER at term 3 for recognizeCandidate:4de51c34-1414-4a57-9393-191db81f912b
2019-09-27 11:51:10,087 [375ac5ba-0c4a-468a-bc80-8405446a2fc5@group-8C668F97AA0C:LeaderElection31] INFO  impl.RoleInfo (RoleInfo.java:updateAndGet(143)) - 375ac5ba-0c4a-468a-bc80-8405446a2fc5: start FollowerState
2019-09-27 11:51:10,087 [grpc-default-executor-5] INFO  impl.RoleInfo (RoleInfo.java:shutdownFollowerState(121)) - 18dc4bc1-099b-4097-b7c5-321a5172589a: shutdown FollowerState
2019-09-27 11:51:10,087 [grpc-default-executor-5] INFO  impl.RoleInfo (RoleInfo.java:updateAndGet(143)) - 18dc4bc1-099b-4097-b7c5-321a5172589a: start FollowerState
2019-09-27 11:51:10,088 [Thread-1071] INFO  impl.RaftServerImpl (ServerState.java:setLeader(253)) - 6760aa84-32eb-4d58-b79e-6880432c1967@group-AE34B9F6167B: change Leader from 6760aa84-32eb-4d58-b79e-6880432c1967 to null at term 3 for updateCurrentTerm
2019-09-27 11:51:10,087 [Thread-1067] INFO  impl.FollowerState (FollowerState.java:run(115)) - 18dc4bc1-099b-4097-b7c5-321a5172589a: FollowerState was interrupted: java.lang.InterruptedException: sleep interrupted
2019-09-27 11:51:10,088 [Thread-1071] INFO  impl.RaftServerImpl (RaftServerImpl.java:setRole(174)) - 6760aa84-32eb-4d58-b79e-6880432c1967@group-AE34B9F6167B: changes role from    LEADER to FOLLOWER at term 3 for stepDown
2019-09-27 11:51:10,088 [Thread-1071] INFO  impl.RoleInfo (RoleInfo.java:shutdownLeaderState(104)) - 6760aa84-32eb-4d58-b79e-6880432c1967: shutdown LeaderState
2019-09-27 11:51:10,093 [org.apache.ratis.server.impl.LogAppender$AppenderDaemon$$Lambda$536/2015215651@7ba55155] WARN  server.GrpcLogAppender (GrpcLogAppender.java:mayWait(143)) - 6760aa84-32eb-4d58-b79e-6880432c1967@group-AE34B9F6167B->4de51c34-1414-4a57-9393-191db81f912b-GrpcLogAppender: Wait interrupted by java.lang.InterruptedException
2019-09-27 11:51:10,093 [Thread-1071] INFO  impl.PendingRequests (PendingRequests.java:sendNotLeaderResponses(202)) - 6760aa84-32eb-4d58-b79e-6880432c1967-PendingRequests: sendNotLeaderResponses
2019-09-27 11:51:10,093 [org.apache.ratis.server.impl.LogAppender$AppenderDaemon$$Lambda$536/2015215651@2e2c693d] WARN  server.GrpcLogAppender (GrpcLogAppender.java:mayWait(143)) - 6760aa84-32eb-4d58-b79e-6880432c1967@group-AE34B9F6167B->18dc4bc1-099b-4097-b7c5-321a5172589a-GrpcLogAppender: Wait interrupted by java.lang.InterruptedException
2019-09-27 11:51:10,093 [Thread-1071] INFO  impl.RoleInfo (RoleInfo.java:updateAndGet(143)) - 6760aa84-32eb-4d58-b79e-6880432c1967: start FollowerState
2019-09-27 11:51:10,093 [grpc-default-executor-6] INFO  server.GrpcServerProtocolService (GrpcServerProtocolService.java:onCompleted(113)) - 18dc4bc1-099b-4097-b7c5-321a5172589a: Completed APPEND_ENTRIES, lastRequest: 6760aa84-32eb-4d58-b79e-6880432c1967->18dc4bc1-099b-4097-b7c5-321a5172589a#0-t2, previous=(t:0, i:0), leaderCommit=-1, initializing? false, entries: <empty>
2019-09-27 11:51:10,093 [grpc-default-executor-2] INFO  server.GrpcServerProtocolService (GrpcServerProtocolService.java:onCompleted(113)) - 4de51c34-1414-4a57-9393-191db81f912b: Completed APPEND_ENTRIES, lastRequest: 6760aa84-32eb-4d58-b79e-6880432c1967->4de51c34-1414-4a57-9393-191db81f912b#0-t2, previous=(t:0, i:0), leaderCommit=-1, initializing? false, entries: <empty>
2019-09-27 11:51:10,094 [grpc-default-executor-2] INFO  server.GrpcLogAppender (GrpcLogAppender.java:onCompleted(293)) - 6760aa84-32eb-4d58-b79e-6880432c1967@group-AE34B9F6167B->18dc4bc1-099b-4097-b7c5-321a5172589a-AppendLogResponseHandler: follower responses appendEntries COMPLETED
2019-09-27 11:51:10,094 [grpc-default-executor-6] INFO  server.GrpcLogAppender (GrpcLogAppender.java:onCompleted(293)) - 6760aa84-32eb-4d58-b79e-6880432c1967@group-AE34B9F6167B->4de51c34-1414-4a57-9393-191db81f912b-AppendLogResponseHandler: follower responses appendEntries COMPLETED
2019-09-27 11:51:10,094 [grpc-default-executor-2] INFO  impl.FollowerInfo (FollowerInfo.java:lambda$new$0(51)) - 6760aa84-32eb-4d58-b79e-6880432c1967@group-AE34B9F6167B->18dc4bc1-099b-4097-b7c5-321a5172589a: nextIndex: updateUnconditionally 0 -> 0
2019-09-27 11:51:10,094 [grpc-default-executor-6] INFO  impl.FollowerInfo (FollowerInfo.java:lambda$new$0(51)) - 6760aa84-32eb-4d58-b79e-6880432c1967@group-AE34B9F6167B->4de51c34-1414-4a57-9393-191db81f912b: nextIndex: updateUnconditionally 0 -> 0
2019-09-27 11:51:10,103 [6760aa84-32eb-4d58-b79e-6880432c1967@group-AE34B9F6167B-SegmentedRaftLogWorker] INFO  segmented.SegmentedRaftLogWorker (SegmentedRaftLogWorker.java:execute(569)) - 6760aa84-32eb-4d58-b79e-6880432c1967@group-AE34B9F6167B-SegmentedRaftLogWorker: created new log segment /workdir/hadoop-ozone/integration-test/target/test-dir/MiniOzoneClusterImpl-3ca6fd23-a5ee-487c-a238-8e42847d24a4/datanode-2/data/ratis/3c4e8acd-fcb2-446d-82f9-ae34b9f6167b/current/log_inprogress_0
2019-09-27 11:51:10,103 [224b933d-f7fb-4ff7-a482-9c13e4b41436@group-8C668F97AA0C:LeaderElection34] INFO  impl.LeaderElection (LeaderElection.java:askForVotes(182)) - 224b933d-f7fb-4ff7-a482-9c13e4b41436@group-8C668F97AA0C:LeaderElection34: begin an election at term 3 for -1: [224b933d-f7fb-4ff7-a482-9c13e4b41436:192.168.30.19:36788, a9b76f13-9965-44c1-ab60-72935f90d179:192.168.30.19:35755, 375ac5ba-0c4a-468a-bc80-8405446a2fc5:192.168.30.19:37266], old=null
2019-09-27 11:51:10,103 [a9b76f13-9965-44c1-ab60-72935f90d179@group-8C668F97AA0C:LeaderElection33] INFO  impl.LeaderElection (LeaderElection.java:askForVotes(182)) - a9b76f13-9965-44c1-ab60-72935f90d179@group-8C668F97AA0C:LeaderElection33: begin an election at term 3 for -1: [224b933d-f7fb-4ff7-a482-9c13e4b41436:192.168.30.19:36788, a9b76f13-9965-44c1-ab60-72935f90d179:192.168.30.19:35755, 375ac5ba-0c4a-468a-bc80-8405446a2fc5:192.168.30.19:37266], old=null
2019-09-27 11:51:10,104 [224b933d-f7fb-4ff7-a482-9c13e4b41436@group-8C668F97AA0C:LeaderElection34] INFO  impl.LeaderElection (LeaderElection.java:logAndReturn(56)) - 224b933d-f7fb-4ff7-a482-9c13e4b41436@group-8C668F97AA0C:LeaderElection34: Election REJECTED; received 0 response(s) [] and 0 exception(s); 224b933d-f7fb-4ff7-a482-9c13e4b41436@group-8C668F97AA0C:t3, leader=null, voted=224b933d-f7fb-4ff7-a482-9c13e4b41436, raftlog=224b933d-f7fb-4ff7-a482-9c13e4b41436@group-8C668F97AA0C-SegmentedRaftLog:OPENED:c-1,f-1,i0, conf=-1: [224b933d-f7fb-4ff7-a482-9c13e4b41436:192.168.30.19:36788, a9b76f13-9965-44c1-ab60-72935f90d179:192.168.30.19:35755, 375ac5ba-0c4a-468a-bc80-8405446a2fc5:192.168.30.19:37266], old=null
2019-09-27 11:51:10,104 [a9b76f13-9965-44c1-ab60-72935f90d179@group-8C668F97AA0C:LeaderElection33] INFO  impl.LeaderElection (LeaderElection.java:logAndReturn(56)) - a9b76f13-9965-44c1-ab60-72935f90d179@group-8C668F97AA0C:LeaderElection33: Election REJECTED; received 0 response(s) [] and 0 exception(s); a9b76f13-9965-44c1-ab60-72935f90d179@group-8C668F97AA0C:t3, leader=null, voted=a9b76f13-9965-44c1-ab60-72935f90d179, raftlog=a9b76f13-9965-44c1-ab60-72935f90d179@group-8C668F97AA0C-SegmentedRaftLog:OPENED:c-1,f-1,i0, conf=-1: [224b933d-f7fb-4ff7-a482-9c13e4b41436:192.168.30.19:36788, a9b76f13-9965-44c1-ab60-72935f90d179:192.168.30.19:35755, 375ac5ba-0c4a-468a-bc80-8405446a2fc5:192.168.30.19:37266], old=null
2019-09-27 11:51:10,106 [grpc-default-executor-2] INFO  impl.RaftServerImpl (RaftServerImpl.java:setRole(174)) - 375ac5ba-0c4a-468a-bc80-8405446a2fc5@group-8C668F97AA0C: changes role from  FOLLOWER to FOLLOWER at term 3 for recognizeCandidate:a9b76f13-9965-44c1-ab60-72935f90d179
2019-09-27 11:51:10,109 [grpc-default-executor-2] INFO  impl.RoleInfo (RoleInfo.java:shutdownFollowerState(121)) - 375ac5ba-0c4a-468a-bc80-8405446a2fc5: shutdown FollowerState
2019-09-27 11:51:10,109 [grpc-default-executor-2] INFO  impl.RoleInfo (RoleInfo.java:updateAndGet(143)) - 375ac5ba-0c4a-468a-bc80-8405446a2fc5: start FollowerState
2019-09-27 11:51:10,109 [Thread-1083] INFO  impl.FollowerState (FollowerState.java:run(115)) - 375ac5ba-0c4a-468a-bc80-8405446a2fc5: FollowerState was interrupted: java.lang.InterruptedException: sleep interrupted
2019-09-27 11:51:10,124 [grpc-default-executor-0] INFO  impl.RaftServerImpl (RaftServerImpl.java:setRole(174)) - 6760aa84-32eb-4d58-b79e-6880432c1967@group-AE34B9F6167B: changes role from  FOLLOWER to FOLLOWER at term 3 for recognizeCandidate:4de51c34-1414-4a57-9393-191db81f912b
2019-09-27 11:51:10,124 [grpc-default-executor-0] INFO  impl.RoleInfo (RoleInfo.java:shutdownFollowerState(121)) - 6760aa84-32eb-4d58-b79e-6880432c1967: shutdown FollowerState
2019-09-27 11:51:10,124 [grpc-default-executor-0] INFO  impl.RoleInfo (RoleInfo.java:updateAndGet(143)) - 6760aa84-32eb-4d58-b79e-6880432c1967: start FollowerState
2019-09-27 11:51:10,124 [Thread-1085] INFO  impl.FollowerState (FollowerState.java:run(115)) - 6760aa84-32eb-4d58-b79e-6880432c1967: FollowerState was interrupted: java.lang.InterruptedException: sleep interrupted
2019-09-27 11:51:15,059 [Thread-1075] INFO  impl.FollowerState (FollowerState.java:run(106)) - 224b933d-f7fb-4ff7-a482-9c13e4b41436:group-8C668F97AA0C changes to CANDIDATE, lastRpcTime:5007, electionTimeout:5007ms
2019-09-27 11:51:15,059 [Thread-1075] INFO  impl.RoleInfo (RoleInfo.java:shutdownFollowerState(121)) - 224b933d-f7fb-4ff7-a482-9c13e4b41436: shutdown FollowerState
2019-09-27 11:51:15,059 [Thread-1075] INFO  impl.RaftServerImpl (RaftServerImpl.java:setRole(174)) - 224b933d-f7fb-4ff7-a482-9c13e4b41436@group-8C668F97AA0C: changes role from  FOLLOWER to CANDIDATE at term 3 for changeToCandidate
2019-09-27 11:51:15,060 [Thread-1075] INFO  impl.RoleInfo (RoleInfo.java:updateAndGet(143)) - 224b933d-f7fb-4ff7-a482-9c13e4b41436: start LeaderElection
2019-09-27 11:51:15,084 [224b933d-f7fb-4ff7-a482-9c13e4b41436@group-8C668F97AA0C:LeaderElection35] INFO  impl.LeaderElection (LeaderElection.java:askForVotes(182)) - 224b933d-f7fb-4ff7-a482-9c13e4b41436@group-8C668F97AA0C:LeaderElection35: begin an election at term 4 for -1: [224b933d-f7fb-4ff7-a482-9c13e4b41436:192.168.30.19:36788, a9b76f13-9965-44c1-ab60-72935f90d179:192.168.30.19:35755, 375ac5ba-0c4a-468a-bc80-8405446a2fc5:192.168.30.19:37266], old=null
2019-09-27 11:51:15,088 [grpc-default-executor-2] INFO  impl.RaftServerImpl (RaftServerImpl.java:setRole(174)) - a9b76f13-9965-44c1-ab60-72935f90d179@group-8C668F97AA0C: changes role from  FOLLOWER to FOLLOWER at term 4 for recognizeCandidate:224b933d-f7fb-4ff7-a482-9c13e4b41436
2019-09-27 11:51:15,088 [grpc-default-executor-1] INFO  impl.RaftServerImpl (RaftServerImpl.java:setRole(174)) - 375ac5ba-0c4a-468a-bc80-8405446a2fc5@group-8C668F97AA0C: changes role from  FOLLOWER to FOLLOWER at term 4 for recognizeCandidate:224b933d-f7fb-4ff7-a482-9c13e4b41436
2019-09-27 11:51:15,089 [grpc-default-executor-1] INFO  impl.RoleInfo (RoleInfo.java:shutdownFollowerState(121)) - 375ac5ba-0c4a-468a-bc80-8405446a2fc5: shutdown FollowerState
2019-09-27 11:51:15,088 [grpc-default-executor-2] INFO  impl.RoleInfo (RoleInfo.java:shutdownFollowerState(121)) - a9b76f13-9965-44c1-ab60-72935f90d179: shutdown FollowerState
2019-09-27 11:51:15,089 [grpc-default-executor-1] INFO  impl.RoleInfo (RoleInfo.java:updateAndGet(143)) - 375ac5ba-0c4a-468a-bc80-8405446a2fc5: start FollowerState
2019-09-27 11:51:15,089 [Thread-1090] INFO  impl.FollowerState (FollowerState.java:run(115)) - 375ac5ba-0c4a-468a-bc80-8405446a2fc5: FollowerState was interrupted: java.lang.InterruptedException: sleep interrupted
2019-09-27 11:51:15,089 [grpc-default-executor-2] INFO  impl.RoleInfo (RoleInfo.java:updateAndGet(143)) - a9b76f13-9965-44c1-ab60-72935f90d179: start FollowerState
2019-09-27 11:51:15,089 [Thread-1074] INFO  impl.FollowerState (FollowerState.java:run(115)) - a9b76f13-9965-44c1-ab60-72935f90d179: FollowerState was interrupted: java.lang.InterruptedException: sleep interrupted
2019-09-27 11:51:15,091 [Thread-1084] INFO  impl.FollowerState (FollowerState.java:run(106)) - 18dc4bc1-099b-4097-b7c5-321a5172589a:group-AE34B9F6167B changes to CANDIDATE, lastRpcTime:5003, electionTimeout:5003ms
2019-09-27 11:51:15,091 [Thread-1084] INFO  impl.RoleInfo (RoleInfo.java:shutdownFollowerState(121)) - 18dc4bc1-099b-4097-b7c5-321a5172589a: shutdown FollowerState
2019-09-27 11:51:15,091 [Thread-1084] INFO  impl.RaftServerImpl (RaftServerImpl.java:setRole(174)) - 18dc4bc1-099b-4097-b7c5-321a5172589a@group-AE34B9F6167B: changes role from  FOLLOWER to CANDIDATE at term 3 for changeToCandidate
2019-09-27 11:51:15,092 [Thread-1084] INFO  impl.RoleInfo (RoleInfo.java:updateAndGet(143)) - 18dc4bc1-099b-4097-b7c5-321a5172589a: start LeaderElection
2019-09-27 11:51:15,094 [Thread-1068] INFO  impl.FollowerState (FollowerState.java:run(106)) - 4de51c34-1414-4a57-9393-191db81f912b:group-AE34B9F6167B changes to CANDIDATE, lastRpcTime:5076, electionTimeout:5076ms
2019-09-27 11:51:15,094 [Thread-1068] INFO  impl.RoleInfo (RoleInfo.java:shutdownFollowerState(121)) - 4de51c34-1414-4a57-9393-191db81f912b: shutdown FollowerState
2019-09-27 11:51:15,094 [Thread-1068] INFO  impl.RaftServerImpl (RaftServerImpl.java:setRole(174)) - 4de51c34-1414-4a57-9393-191db81f912b@group-AE34B9F6167B: changes role from  FOLLOWER to CANDIDATE at term 3 for changeToCandidate
2019-09-27 11:51:15,094 [Thread-1068] INFO  impl.RoleInfo (RoleInfo.java:updateAndGet(143)) - 4de51c34-1414-4a57-9393-191db81f912b: start LeaderElection
2019-09-27 11:51:15,107 [18dc4bc1-099b-4097-b7c5-321a5172589a@group-AE34B9F6167B:LeaderElection36] INFO  impl.LeaderElection (LeaderElection.java:askForVotes(182)) - 18dc4bc1-099b-4097-b7c5-321a5172589a@group-AE34B9F6167B:LeaderElection36: begin an election at term 4 for -1: [18dc4bc1-099b-4097-b7c5-321a5172589a:192.168.30.19:45077, 6760aa84-32eb-4d58-b79e-6880432c1967:192.168.30.19:36901, 4de51c34-1414-4a57-9393-191db81f912b:192.168.30.19:34175], old=null
2019-09-27 11:51:15,107 [4de51c34-1414-4a57-9393-191db81f912b@group-AE34B9F6167B:LeaderElection37] INFO  impl.LeaderElection (LeaderElection.java:askForVotes(182)) - 4de51c34-1414-4a57-9393-191db81f912b@group-AE34B9F6167B:LeaderElection37: begin an election at term 4 for -1: [18dc4bc1-099b-4097-b7c5-321a5172589a:192.168.30.19:45077, 6760aa84-32eb-4d58-b79e-6880432c1967:192.168.30.19:36901, 4de51c34-1414-4a57-9393-191db81f912b:192.168.30.19:34175], old=null
2019-09-27 11:51:15,108 [224b933d-f7fb-4ff7-a482-9c13e4b41436@group-8C668F97AA0C:LeaderElection35] INFO  impl.LeaderElection (LeaderElection.java:logAndReturn(56)) - 224b933d-f7fb-4ff7-a482-9c13e4b41436@group-8C668F97AA0C:LeaderElection35: Election PASSED; received 1 response(s) [224b933d-f7fb-4ff7-a482-9c13e4b41436<-a9b76f13-9965-44c1-ab60-72935f90d179#0:OK-t4] and 0 exception(s); 224b933d-f7fb-4ff7-a482-9c13e4b41436@group-8C668F97AA0C:t4, leader=null, voted=224b933d-f7fb-4ff7-a482-9c13e4b41436, raftlog=224b933d-f7fb-4ff7-a482-9c13e4b41436@group-8C668F97AA0C-SegmentedRaftLog:OPENED:c-1,f-1,i0, conf=-1: [224b933d-f7fb-4ff7-a482-9c13e4b41436:192.168.30.19:36788, a9b76f13-9965-44c1-ab60-72935f90d179:192.168.30.19:35755, 375ac5ba-0c4a-468a-bc80-8405446a2fc5:192.168.30.19:37266], old=null
2019-09-27 11:51:15,109 [224b933d-f7fb-4ff7-a482-9c13e4b41436@group-8C668F97AA0C:LeaderElection35] INFO  impl.RoleInfo (RoleInfo.java:shutdownLeaderElection(134)) - 224b933d-f7fb-4ff7-a482-9c13e4b41436: shutdown LeaderElection
2019-09-27 11:51:15,109 [224b933d-f7fb-4ff7-a482-9c13e4b41436@group-8C668F97AA0C:LeaderElection35] INFO  impl.RaftServerImpl (RaftServerImpl.java:setRole(174)) - 224b933d-f7fb-4ff7-a482-9c13e4b41436@group-8C668F97AA0C: changes role from CANDIDATE to LEADER at term 4 for changeToLeader
2019-09-27 11:51:15,109 [224b933d-f7fb-4ff7-a482-9c13e4b41436@group-8C668F97AA0C:LeaderElection35] INFO  impl.RaftServerImpl (ServerState.java:setLeader(253)) - 224b933d-f7fb-4ff7-a482-9c13e4b41436@group-8C668F97AA0C: change Leader from null to 224b933d-f7fb-4ff7-a482-9c13e4b41436 at term 4 for becomeLeader, leader elected after 15684ms
2019-09-27 11:51:15,109 [224b933d-f7fb-4ff7-a482-9c13e4b41436@group-8C668F97AA0C:LeaderElection35] INFO  server.RaftServerConfigKeys (ConfUtils.java:logGet(43)) - raft.server.staging.catchup.gap = 1000 (default)
2019-09-27 11:51:15,110 [224b933d-f7fb-4ff7-a482-9c13e4b41436@group-8C668F97AA0C:LeaderElection35] INFO  server.RaftServerConfigKeys (ConfUtils.java:logGet(43)) - raft.server.rpc.sleep.time = 25ms (default)
2019-09-27 11:51:15,110 [224b933d-f7fb-4ff7-a482-9c13e4b41436@group-8C668F97AA0C:LeaderElection35] INFO  server.RaftServerConfigKeys (ConfUtils.java:logGet(43)) - raft.server.write.element-limit = 4096 (default)
2019-09-27 11:51:15,110 [grpc-default-executor-1] INFO  impl.RaftServerImpl (RaftServerImpl.java:setRole(174)) - 6760aa84-32eb-4d58-b79e-6880432c1967@group-AE34B9F6167B: changes role from  FOLLOWER to FOLLOWER at term 4 for recognizeCandidate:4de51c34-1414-4a57-9393-191db81f912b
2019-09-27 11:51:15,113 [224b933d-f7fb-4ff7-a482-9c13e4b41436@group-8C668F97AA0C:LeaderElection35] INFO  server.RaftServerConfigKeys (ConfUtils.java:logGet(43)) - raft.server.watch.timeout = 10s (default)
2019-09-27 11:51:15,113 [grpc-default-executor-1] INFO  impl.RoleInfo (RoleInfo.java:shutdownFollowerState(121)) - 6760aa84-32eb-4d58-b79e-6880432c1967: shutdown FollowerState
2019-09-27 11:51:15,113 [224b933d-f7fb-4ff7-a482-9c13e4b41436@group-8C668F97AA0C:LeaderElection35] INFO  server.RaftServerConfigKeys (ConfUtils.java:logGet(43)) - raft.server.watch.timeout.denomination = 1s (default)
2019-09-27 11:51:15,113 [grpc-default-executor-1] INFO  impl.RoleInfo (RoleInfo.java:updateAndGet(143)) - 6760aa84-32eb-4d58-b79e-6880432c1967: start FollowerState
2019-09-27 11:51:15,113 [224b933d-f7fb-4ff7-a482-9c13e4b41436@group-8C668F97AA0C:LeaderElection35] INFO  server.RaftServerConfigKeys (ConfUtils.java:logGet(43)) - raft.server.watch.element-limit = 65536 (default)
2019-09-27 11:51:15,113 [Thread-1091] INFO  impl.FollowerState (FollowerState.java:run(115)) - 6760aa84-32eb-4d58-b79e-6880432c1967: FollowerState was interrupted: java.lang.InterruptedException: sleep interrupted
2019-09-27 11:51:15,116 [224b933d-f7fb-4ff7-a482-9c13e4b41436@group-8C668F97AA0C:LeaderElection35] INFO  server.RaftServerConfigKeys (ConfUtils.java:logGet(43)) - raft.server.log.appender.snapshot.chunk.size.max = 16MB (=16777216) (default)
2019-09-27 11:51:15,117 [224b933d-f7fb-4ff7-a482-9c13e4b41436@group-8C668F97AA0C:LeaderElection35] INFO  server.RaftServerConfigKeys (ConfUtils.java:logGet(43)) - raft.server.log.appender.buffer.byte-limit = 33554432 (custom)
2019-09-27 11:51:15,117 [224b933d-f7fb-4ff7-a482-9c13e4b41436@group-8C668F97AA0C:LeaderElection35] INFO  server.RaftServerConfigKeys (ConfUtils.java:logGet(43)) - raft.server.log.appender.buffer.element-limit = 1 (custom)
2019-09-27 11:51:15,117 [224b933d-f7fb-4ff7-a482-9c13e4b41436@group-8C668F97AA0C:LeaderElection35] INFO  grpc.GrpcConfigKeys$Server (ConfUtils.java:logGet(43)) - raft.grpc.server.leader.outstanding.appends.max = 128 (default)
2019-09-27 11:51:15,117 [224b933d-f7fb-4ff7-a482-9c13e4b41436@group-8C668F97AA0C:LeaderElection35] INFO  server.RaftServerConfigKeys (ConfUtils.java:logGet(43)) - raft.server.rpc.request.timeout = 3000ms (default)
2019-09-27 11:51:15,117 [224b933d-f7fb-4ff7-a482-9c13e4b41436@group-8C668F97AA0C:LeaderElection35] INFO  server.RaftServerConfigKeys (ConfUtils.java:logGet(43)) - raft.server.log.appender.install.snapshot.enabled = false (custom)
2019-09-27 11:51:15,117 [224b933d-f7fb-4ff7-a482-9c13e4b41436@group-8C668F97AA0C:LeaderElection35] INFO  server.RaftServerConfigKeys (ConfUtils.java:logGet(43)) - raft.server.log.appender.snapshot.chunk.size.max = 16MB (=16777216) (default)
2019-09-27 11:51:15,117 [224b933d-f7fb-4ff7-a482-9c13e4b41436@group-8C668F97AA0C:LeaderElection35] INFO  server.RaftServerConfigKeys (ConfUtils.java:logGet(43)) - raft.server.log.appender.buffer.byte-limit = 33554432 (custom)
2019-09-27 11:51:15,118 [224b933d-f7fb-4ff7-a482-9c13e4b41436@group-8C668F97AA0C:LeaderElection35] INFO  server.RaftServerConfigKeys (ConfUtils.java:logGet(43)) - raft.server.log.appender.buffer.element-limit = 1 (custom)
2019-09-27 11:51:15,118 [224b933d-f7fb-4ff7-a482-9c13e4b41436@group-8C668F97AA0C:LeaderElection35] INFO  grpc.GrpcConfigKeys$Server (ConfUtils.java:logGet(43)) - raft.grpc.server.leader.outstanding.appends.max = 128 (default)
2019-09-27 11:51:15,118 [224b933d-f7fb-4ff7-a482-9c13e4b41436@group-8C668F97AA0C:LeaderElection35] INFO  server.RaftServerConfigKeys (ConfUtils.java:logGet(43)) - raft.server.rpc.request.timeout = 3000ms (default)
2019-09-27 11:51:15,118 [224b933d-f7fb-4ff7-a482-9c13e4b41436@group-8C668F97AA0C:LeaderElection35] INFO  server.RaftServerConfigKeys (ConfUtils.java:logGet(43)) - raft.server.log.appender.install.snapshot.enabled = false (custom)
2019-09-27 11:51:15,118 [224b933d-f7fb-4ff7-a482-9c13e4b41436@group-8C668F97AA0C:LeaderElection35] INFO  impl.RoleInfo (RoleInfo.java:updateAndGet(143)) - 224b933d-f7fb-4ff7-a482-9c13e4b41436: start LeaderState
2019-09-27 11:51:15,119 [224b933d-f7fb-4ff7-a482-9c13e4b41436@group-8C668F97AA0C:LeaderElection35] INFO  segmented.SegmentedRaftLogWorker (SegmentedRaftLogWorker.java:startLogSegment(380)) - 224b933d-f7fb-4ff7-a482-9c13e4b41436@group-8C668F97AA0C-SegmentedRaftLogWorker: Starting segment from index:0
2019-09-27 11:51:15,120 [224b933d-f7fb-4ff7-a482-9c13e4b41436@group-8C668F97AA0C:LeaderElection35] INFO  impl.RaftServerImpl (ServerState.java:setRaftConf(354)) - 224b933d-f7fb-4ff7-a482-9c13e4b41436@group-8C668F97AA0C: set configuration 0: [224b933d-f7fb-4ff7-a482-9c13e4b41436:192.168.30.19:36788, a9b76f13-9965-44c1-ab60-72935f90d179:192.168.30.19:35755, 375ac5ba-0c4a-468a-bc80-8405446a2fc5:192.168.30.19:37266], old=null at 0
2019-09-27 11:51:15,147 [grpc-default-executor-0] INFO  impl.RaftServerImpl (RaftServerImpl.java:setRole(174)) - 6760aa84-32eb-4d58-b79e-6880432c1967@group-AE34B9F6167B: changes role from  FOLLOWER to FOLLOWER at term 4 for recognizeCandidate:18dc4bc1-099b-4097-b7c5-321a5172589a
2019-09-27 11:51:15,148 [grpc-default-executor-0] INFO  impl.RoleInfo (RoleInfo.java:shutdownFollowerState(121)) - 6760aa84-32eb-4d58-b79e-6880432c1967: shutdown FollowerState
2019-09-27 11:51:15,148 [Thread-1114] INFO  impl.FollowerState (FollowerState.java:run(115)) - 6760aa84-32eb-4d58-b79e-6880432c1967: FollowerState was interrupted: java.lang.InterruptedException: sleep interrupted
2019-09-27 11:51:15,148 [grpc-default-executor-0] INFO  impl.RoleInfo (RoleInfo.java:updateAndGet(143)) - 6760aa84-32eb-4d58-b79e-6880432c1967: start FollowerState
2019-09-27 11:51:15,148 [grpc-default-executor-2] INFO  impl.RaftServerImpl (ServerState.java:setLeader(253)) - 375ac5ba-0c4a-468a-bc80-8405446a2fc5@group-8C668F97AA0C: change Leader from null to 224b933d-f7fb-4ff7-a482-9c13e4b41436 at term 4 for appendEntries, leader elected after 15724ms
2019-09-27 11:51:15,148 [4de51c34-1414-4a57-9393-191db81f912b@group-AE34B9F6167B:LeaderElection37] INFO  impl.LeaderElection (LeaderElection.java:logAndReturn(56)) - 4de51c34-1414-4a57-9393-191db81f912b@group-AE34B9F6167B:LeaderElection37: Election REJECTED; received 2 response(s) [4de51c34-1414-4a57-9393-191db81f912b<-18dc4bc1-099b-4097-b7c5-321a5172589a#0:FAIL-t4, 4de51c34-1414-4a57-9393-191db81f912b<-6760aa84-32eb-4d58-b79e-6880432c1967#0:FAIL-t4] and 0 exception(s); 4de51c34-1414-4a57-9393-191db81f912b@group-AE34B9F6167B:t4, leader=null, voted=4de51c34-1414-4a57-9393-191db81f912b, raftlog=4de51c34-1414-4a57-9393-191db81f912b@group-AE34B9F6167B-SegmentedRaftLog:OPENED:c-1,f-1,i0, conf=-1: [18dc4bc1-099b-4097-b7c5-321a5172589a:192.168.30.19:45077, 6760aa84-32eb-4d58-b79e-6880432c1967:192.168.30.19:36901, 4de51c34-1414-4a57-9393-191db81f912b:192.168.30.19:34175], old=null
2019-09-27 11:51:15,148 [grpc-default-executor-1] INFO  impl.RaftServerImpl (ServerState.java:setLeader(253)) - a9b76f13-9965-44c1-ab60-72935f90d179@group-8C668F97AA0C: change Leader from null to 224b933d-f7fb-4ff7-a482-9c13e4b41436 at term 4 for appendEntries, leader elected after 15724ms
2019-09-27 11:51:15,149 [4de51c34-1414-4a57-9393-191db81f912b@group-AE34B9F6167B:LeaderElection37] INFO  impl.RaftServerImpl (RaftServerImpl.java:setRole(174)) - 4de51c34-1414-4a57-9393-191db81f912b@group-AE34B9F6167B: changes role from CANDIDATE to FOLLOWER at term 4 for DISCOVERED_A_NEW_TERM
2019-09-27 11:51:15,151 [18dc4bc1-099b-4097-b7c5-321a5172589a@group-AE34B9F6167B:LeaderElection36] INFO  impl.LeaderElection (LeaderElection.java:logAndReturn(56)) - 18dc4bc1-099b-4097-b7c5-321a5172589a@group-AE34B9F6167B:LeaderElection36: Election REJECTED; received 2 response(s) [18dc4bc1-099b-4097-b7c5-321a5172589a<-6760aa84-32eb-4d58-b79e-6880432c1967#0:FAIL-t4, 18dc4bc1-099b-4097-b7c5-321a5172589a<-4de51c34-1414-4a57-9393-191db81f912b#0:FAIL-t4] and 0 exception(s); 18dc4bc1-099b-4097-b7c5-321a5172589a@group-AE34B9F6167B:t4, leader=null, voted=18dc4bc1-099b-4097-b7c5-321a5172589a, raftlog=18dc4bc1-099b-4097-b7c5-321a5172589a@group-AE34B9F6167B-SegmentedRaftLog:OPENED:c-1,f-1,i0, conf=-1: [18dc4bc1-099b-4097-b7c5-321a5172589a:192.168.30.19:45077, 6760aa84-32eb-4d58-b79e-6880432c1967:192.168.30.19:36901, 4de51c34-1414-4a57-9393-191db81f912b:192.168.30.19:34175], old=null
2019-09-27 11:51:15,151 [4de51c34-1414-4a57-9393-191db81f912b@group-AE34B9F6167B:LeaderElection37] INFO  impl.RoleInfo (RoleInfo.java:shutdownLeaderElection(134)) - 4de51c34-1414-4a57-9393-191db81f912b: shutdown LeaderElection
2019-09-27 11:51:15,152 [18dc4bc1-099b-4097-b7c5-321a5172589a@group-AE34B9F6167B:LeaderElection36] INFO  impl.RaftServerImpl (RaftServerImpl.java:setRole(174)) - 18dc4bc1-099b-4097-b7c5-321a5172589a@group-AE34B9F6167B: changes role from CANDIDATE to FOLLOWER at term 4 for DISCOVERED_A_NEW_TERM
2019-09-27 11:51:15,153 [18dc4bc1-099b-4097-b7c5-321a5172589a@group-AE34B9F6167B:LeaderElection36] INFO  impl.RoleInfo (RoleInfo.java:shutdownLeaderElection(134)) - 18dc4bc1-099b-4097-b7c5-321a5172589a: shutdown LeaderElection
2019-09-27 11:51:15,154 [4de51c34-1414-4a57-9393-191db81f912b@group-AE34B9F6167B:LeaderElection37] INFO  impl.RoleInfo (RoleInfo.java:updateAndGet(143)) - 4de51c34-1414-4a57-9393-191db81f912b: start FollowerState
2019-09-27 11:51:15,154 [18dc4bc1-099b-4097-b7c5-321a5172589a@group-AE34B9F6167B:LeaderElection36] INFO  impl.RoleInfo (RoleInfo.java:updateAndGet(143)) - 18dc4bc1-099b-4097-b7c5-321a5172589a: start FollowerState
2019-09-27 11:51:15,155 [grpc-default-executor-1] INFO  impl.RaftServerImpl (ServerState.java:setRaftConf(354)) - 375ac5ba-0c4a-468a-bc80-8405446a2fc5@group-8C668F97AA0C: set configuration 0: [224b933d-f7fb-4ff7-a482-9c13e4b41436:192.168.30.19:36788, a9b76f13-9965-44c1-ab60-72935f90d179:192.168.30.19:35755, 375ac5ba-0c4a-468a-bc80-8405446a2fc5:192.168.30.19:37266], old=null at 0
2019-09-27 11:51:15,155 [grpc-default-executor-2] INFO  impl.RaftServerImpl (ServerState.java:setRaftConf(354)) - a9b76f13-9965-44c1-ab60-72935f90d179@group-8C668F97AA0C: set configuration 0: [224b933d-f7fb-4ff7-a482-9c13e4b41436:192.168.30.19:36788, a9b76f13-9965-44c1-ab60-72935f90d179:192.168.30.19:35755, 375ac5ba-0c4a-468a-bc80-8405446a2fc5:192.168.30.19:37266], old=null at 0
2019-09-27 11:51:15,155 [grpc-default-executor-1] INFO  segmented.SegmentedRaftLogWorker (SegmentedRaftLogWorker.java:startLogSegment(380)) - 375ac5ba-0c4a-468a-bc80-8405446a2fc5@group-8C668F97AA0C-SegmentedRaftLogWorker: Starting segment from index:0
2019-09-27 11:51:15,155 [grpc-default-executor-2] INFO  segmented.SegmentedRaftLogWorker (SegmentedRaftLogWorker.java:startLogSegment(380)) - a9b76f13-9965-44c1-ab60-72935f90d179@group-8C668F97AA0C-SegmentedRaftLogWorker: Starting segment from index:0
2019-09-27 11:51:15,170 [224b933d-f7fb-4ff7-a482-9c13e4b41436@group-8C668F97AA0C-SegmentedRaftLogWorker] INFO  segmented.SegmentedRaftLogWorker (SegmentedRaftLogWorker.java:execute(569)) - 224b933d-f7fb-4ff7-a482-9c13e4b41436@group-8C668F97AA0C-SegmentedRaftLogWorker: created new log segment /workdir/hadoop-ozone/integration-test/target/test-dir/MiniOzoneClusterImpl-3ca6fd23-a5ee-487c-a238-8e42847d24a4/datanode-3/data/ratis/0a80c4f6-dd89-43d1-bdc6-8c668f97aa0c/current/log_inprogress_0
2019-09-27 11:51:15,205 [a9b76f13-9965-44c1-ab60-72935f90d179@group-8C668F97AA0C-SegmentedRaftLogWorker] INFO  segmented.SegmentedRaftLogWorker (SegmentedRaftLogWorker.java:execute(569)) - a9b76f13-9965-44c1-ab60-72935f90d179@group-8C668F97AA0C-SegmentedRaftLogWorker: created new log segment /workdir/hadoop-ozone/integration-test/target/test-dir/MiniOzoneClusterImpl-3ca6fd23-a5ee-487c-a238-8e42847d24a4/datanode-0/data/ratis/0a80c4f6-dd89-43d1-bdc6-8c668f97aa0c/current/log_inprogress_0
2019-09-27 11:51:15,205 [375ac5ba-0c4a-468a-bc80-8405446a2fc5@group-8C668F97AA0C-SegmentedRaftLogWorker] INFO  segmented.SegmentedRaftLogWorker (SegmentedRaftLogWorker.java:execute(569)) - 375ac5ba-0c4a-468a-bc80-8405446a2fc5@group-8C668F97AA0C-SegmentedRaftLogWorker: created new log segment /workdir/hadoop-ozone/integration-test/target/test-dir/MiniOzoneClusterImpl-3ca6fd23-a5ee-487c-a238-8e42847d24a4/datanode-5/data/ratis/0a80c4f6-dd89-43d1-bdc6-8c668f97aa0c/current/log_inprogress_0
]]></system-out>
  </testcase>
  <testcase name="testWatchForCommitForRetryfailure" classname="org.apache.hadoop.ozone.client.rpc.TestWatchForCommit" time="74.295"/>
  <testcase name="testWatchForCommitForGroupMismatchException" classname="org.apache.hadoop.ozone.client.rpc.TestWatchForCommit" time="34.218"/>
  <testcase name="test2WayCommitForTimeoutException" classname="org.apache.hadoop.ozone.client.rpc.TestWatchForCommit" time="36.465"/>
</testsuite>