<?xml version="1.0" encoding="UTF-8"?>
<testsuite xmlns:xsi="http://www.w3.org/2001/XMLSchema-instance" xsi:noNamespaceSchemaLocation="https://maven.apache.org/surefire/maven-surefire-plugin/xsd/surefire-test-report.xsd" name="org.apache.hadoop.ozone.client.rpc.TestOzoneClientRetriesOnException" time="168.471" tests="2" errors="1" skipped="0" failures="0">
  <properties>
    <property name="awt.toolkit" value="sun.awt.X11.XToolkit"/>
    <property name="file.encoding.pkg" value="sun.io"/>
    <property name="java.specification.version" value="1.8"/>
    <property name="sun.cpu.isalist" value=""/>
    <property name="sun.jnu.encoding" value="UTF-8"/>
    <property name="java.class.path" value="/workdir/hadoop-ozone/integration-test/target/test-classes:/workdir/hadoop-ozone/integration-test/target/classes:/home/user/.m2/repository/org/apache/hadoop/hadoop-ozone-common/0.5.0-SNAPSHOT/hadoop-ozone-common-0.5.0-SNAPSHOT.jar:/home/user/.m2/repository/org/apache/commons/commons-compress/1.4.1/commons-compress-1.4.1.jar:/home/user/.m2/repository/org/tukaani/xz/1.0/xz-1.0.jar:/home/user/.m2/repository/org/apache/hadoop/hadoop-common/3.2.0/hadoop-common-3.2.0.jar:/home/user/.m2/repository/org/apache/hadoop/hadoop-hdfs/3.2.0/hadoop-hdfs-3.2.0.jar:/home/user/.m2/repository/org/apache/hadoop/hadoop-hdfs-client/3.2.0/hadoop-hdfs-client-3.2.0.jar:/home/user/.m2/repository/com/fasterxml/jackson/core/jackson-annotations/2.9.9/jackson-annotations-2.9.9.jar:/home/user/.m2/repository/org/apache/hadoop/hadoop-hdds-common/0.5.0-SNAPSHOT/hadoop-hdds-common-0.5.0-SNAPSHOT.jar:/home/user/.m2/repository/javax/annotation/javax.annotation-api/1.2/javax.annotation-api-1.2.jar:/home/user/.m2/repository/org/apache/ratis/ratis-server/0.4.0/ratis-server-0.4.0.jar:/home/user/.m2/repository/org/apache/ratis/ratis-thirdparty-misc/0.2.0/ratis-thirdparty-misc-0.2.0.jar:/home/user/.m2/repository/org/apache/ratis/ratis-proto/0.4.0/ratis-proto-0.4.0.jar:/home/user/.m2/repository/org/apache/ratis/ratis-common/0.4.0/ratis-common-0.4.0.jar:/home/user/.m2/repository/org/apache/ratis/ratis-client/0.4.0/ratis-client-0.4.0.jar:/home/user/.m2/repository/org/apache/ratis/ratis-metrics/0.4.0/ratis-metrics-0.4.0.jar:/home/user/.m2/repository/com/github/joshelser/dropwizard-metrics-hadoop-metrics2-reporter/0.1.2/dropwizard-metrics-hadoop-metrics2-reporter-0.1.2.jar:/home/user/.m2/repository/io/dropwizard/metrics/metrics-jvm/3.2.5/metrics-jvm-3.2.5.jar:/home/user/.m2/repository/io/dropwizard/metrics/metrics-ganglia/3.2.5/metrics-ganglia-3.2.5.jar:/home/user/.m2/repository/info/ganglia/gmetric4j/gmetric4j/1.0.7/gmetric4j-1.0.7.jar:/home/user/.m2/repository/org/apache/ratis/ratis-netty/0.4.0/ratis-netty-0.4.0.jar:/home/user/.m2/repository/org/apache/ratis/ratis-grpc/0.4.0/ratis-grpc-0.4.0.jar:/home/user/.m2/repository/org/rocksdb/rocksdbjni/6.0.1/rocksdbjni-6.0.1.jar:/home/user/.m2/repository/org/apache/logging/log4j/log4j-api/2.11.0/log4j-api-2.11.0.jar:/home/user/.m2/repository/org/apache/logging/log4j/log4j-core/2.11.0/log4j-core-2.11.0.jar:/home/user/.m2/repository/com/lmax/disruptor/3.4.2/disruptor-3.4.2.jar:/home/user/.m2/repository/org/apache/commons/commons-pool2/2.6.0/commons-pool2-2.6.0.jar:/home/user/.m2/repository/org/bouncycastle/bcpkix-jdk15on/1.60/bcpkix-jdk15on-1.60.jar:/home/user/.m2/repository/commons-validator/commons-validator/1.6/commons-validator-1.6.jar:/home/user/.m2/repository/commons-digester/commons-digester/1.8.1/commons-digester-1.8.1.jar:/home/user/.m2/repository/io/jaegertracing/jaeger-client/0.34.0/jaeger-client-0.34.0.jar:/home/user/.m2/repository/io/jaegertracing/jaeger-thrift/0.34.0/jaeger-thrift-0.34.0.jar:/home/user/.m2/repository/org/apache/thrift/libthrift/0.12.0/libthrift-0.12.0.jar:/home/user/.m2/repository/com/squareup/okhttp3/okhttp/3.9.0/okhttp-3.9.0.jar:/home/user/.m2/repository/com/squareup/okio/okio/1.13.0/okio-1.13.0.jar:/home/user/.m2/repository/io/jaegertracing/jaeger-core/0.34.0/jaeger-core-0.34.0.jar:/home/user/.m2/repository/io/jaegertracing/jaeger-tracerresolver/0.34.0/jaeger-tracerresolver-0.34.0.jar:/home/user/.m2/repository/io/opentracing/contrib/opentracing-tracerresolver/0.1.5/opentracing-tracerresolver-0.1.5.jar:/home/user/.m2/repository/io/opentracing/opentracing-util/0.31.0/opentracing-util-0.31.0.jar:/home/user/.m2/repository/io/opentracing/opentracing-api/0.31.0/opentracing-api-0.31.0.jar:/home/user/.m2/repository/io/opentracing/opentracing-noop/0.31.0/opentracing-noop-0.31.0.jar:/home/user/.m2/repository/org/apache/hadoop/hadoop-hdds-server-framework/0.5.0-SNAPSHOT/hadoop-hdds-server-framework-0.5.0-SNAPSHOT.jar:/home/user/.m2/repository/org/apache/hadoop/hadoop-hdds-container-service/0.5.0-SNAPSHOT/hadoop-hdds-container-service-0.5.0-SNAPSHOT.jar:/home/user/.m2/repository/org/apache/hadoop/hadoop-hdds-client/0.5.0-SNAPSHOT/hadoop-hdds-client-0.5.0-SNAPSHOT.jar:/home/user/.m2/repository/org/apache/hadoop/hadoop-hdds-tools/0.5.0-SNAPSHOT/hadoop-hdds-tools-0.5.0-SNAPSHOT.jar:/home/user/.m2/repository/org/apache/hadoop/hadoop-hdds-server-scm/0.5.0-SNAPSHOT/hadoop-hdds-server-scm-0.5.0-SNAPSHOT.jar:/home/user/.m2/repository/org/apache/hadoop/hadoop-hdds-docs/0.5.0-SNAPSHOT/hadoop-hdds-docs-0.5.0-SNAPSHOT.jar:/home/user/.m2/repository/io/dropwizard/metrics/metrics-core/3.2.4/metrics-core-3.2.4.jar:/home/user/.m2/repository/org/hamcrest/hamcrest-all/1.3/hamcrest-all-1.3.jar:/home/user/.m2/repository/org/bouncycastle/bcprov-jdk15on/1.60/bcprov-jdk15on-1.60.jar:/home/user/.m2/repository/info/picocli/picocli/3.9.6/picocli-3.9.6.jar:/home/user/.m2/repository/com/google/protobuf/protobuf-java/2.5.0/protobuf-java-2.5.0.jar:/home/user/.m2/repository/com/google/guava/guava/11.0.2/guava-11.0.2.jar:/home/user/.m2/repository/org/apache/hadoop/hadoop-ozone-ozone-manager/0.5.0-SNAPSHOT/hadoop-ozone-ozone-manager-0.5.0-SNAPSHOT.jar:/home/user/.m2/repository/org/apache/hadoop/hadoop-minikdc/3.2.0/hadoop-minikdc-3.2.0.jar:/home/user/.m2/repository/commons-io/commons-io/2.5/commons-io-2.5.jar:/home/user/.m2/repository/org/apache/kerby/kerb-simplekdc/1.0.1/kerb-simplekdc-1.0.1.jar:/home/user/.m2/repository/org/apache/kerby/kerb-client/1.0.1/kerb-client-1.0.1.jar:/home/user/.m2/repository/org/apache/kerby/kerby-config/1.0.1/kerby-config-1.0.1.jar:/home/user/.m2/repository/org/apache/kerby/kerb-core/1.0.1/kerb-core-1.0.1.jar:/home/user/.m2/repository/org/apache/kerby/kerby-pkix/1.0.1/kerby-pkix-1.0.1.jar:/home/user/.m2/repository/org/apache/kerby/kerby-asn1/1.0.1/kerby-asn1-1.0.1.jar:/home/user/.m2/repository/org/apache/kerby/kerby-util/1.0.1/kerby-util-1.0.1.jar:/home/user/.m2/repository/org/apache/kerby/kerb-common/1.0.1/kerb-common-1.0.1.jar:/home/user/.m2/repository/org/apache/kerby/kerb-crypto/1.0.1/kerb-crypto-1.0.1.jar:/home/user/.m2/repository/org/apache/kerby/kerb-util/1.0.1/kerb-util-1.0.1.jar:/home/user/.m2/repository/org/apache/kerby/token-provider/1.0.1/token-provider-1.0.1.jar:/home/user/.m2/repository/org/apache/kerby/kerb-admin/1.0.1/kerb-admin-1.0.1.jar:/home/user/.m2/repository/org/apache/kerby/kerb-server/1.0.1/kerb-server-1.0.1.jar:/home/user/.m2/repository/org/apache/kerby/kerb-identity/1.0.1/kerb-identity-1.0.1.jar:/home/user/.m2/repository/org/apache/kerby/kerby-xdr/1.0.1/kerby-xdr-1.0.1.jar:/home/user/.m2/repository/org/slf4j/slf4j-log4j12/1.7.25/slf4j-log4j12-1.7.25.jar:/home/user/.m2/repository/org/apache/hadoop/hadoop-ozone-s3gateway/0.5.0-SNAPSHOT/hadoop-ozone-s3gateway-0.5.0-SNAPSHOT.jar:/home/user/.m2/repository/org/jboss/weld/servlet/weld-servlet/2.4.7.Final/weld-servlet-2.4.7.Final.jar:/home/user/.m2/repository/org/glassfish/jersey/containers/jersey-container-servlet-core/2.27/jersey-container-servlet-core-2.27.jar:/home/user/.m2/repository/org/glassfish/hk2/external/javax.inject/2.5.0-b42/javax.inject-2.5.0-b42.jar:/home/user/.m2/repository/org/glassfish/jersey/core/jersey-common/2.27/jersey-common-2.27.jar:/home/user/.m2/repository/org/glassfish/hk2/osgi-resource-locator/1.0.1/osgi-resource-locator-1.0.1.jar:/home/user/.m2/repository/javax/ws/rs/javax.ws.rs-api/2.1/javax.ws.rs-api-2.1.jar:/home/user/.m2/repository/org/glassfish/jersey/ext/cdi/jersey-cdi1x/2.27/jersey-cdi1x-2.27.jar:/home/user/.m2/repository/org/glassfish/jersey/inject/jersey-hk2/2.27/jersey-hk2-2.27.jar:/home/user/.m2/repository/org/glassfish/hk2/hk2-locator/2.5.0-b42/hk2-locator-2.5.0-b42.jar:/home/user/.m2/repository/org/javassist/javassist/3.22.0-CR2/javassist-3.22.0-CR2.jar:/home/user/.m2/repository/org/glassfish/hk2/hk2-api/2.5.0/hk2-api-2.5.0.jar:/home/user/.m2/repository/org/glassfish/hk2/external/jakarta.inject/2.5.0/jakarta.inject-2.5.0.jar:/home/user/.m2/repository/org/glassfish/hk2/hk2-utils/2.5.0/hk2-utils-2.5.0.jar:/home/user/.m2/repository/jakarta/annotation/jakarta.annotation-api/1.3.4/jakarta.annotation-api-1.3.4.jar:/home/user/.m2/repository/org/glassfish/hk2/external/aopalliance-repackaged/2.5.0/aopalliance-repackaged-2.5.0.jar:/home/user/.m2/repository/com/fasterxml/jackson/dataformat/jackson-dataformat-xml/2.9.0/jackson-dataformat-xml-2.9.0.jar:/home/user/.m2/repository/com/fasterxml/jackson/core/jackson-core/2.9.9/jackson-core-2.9.9.jar:/home/user/.m2/repository/com/fasterxml/jackson/module/jackson-module-jaxb-annotations/2.9.9/jackson-module-jaxb-annotations-2.9.9.jar:/home/user/.m2/repository/javax/enterprise/cdi-api/1.2/cdi-api-1.2.jar:/home/user/.m2/repository/javax/el/javax.el-api/3.0.0/javax.el-api-3.0.0.jar:/home/user/.m2/repository/javax/interceptor/javax.interceptor-api/1.2/javax.interceptor-api-1.2.jar:/home/user/.m2/repository/javax/inject/javax.inject/1/javax.inject-1.jar:/home/user/.m2/repository/com/sun/xml/bind/jaxb-impl/2.3.0.1/jaxb-impl-2.3.0.1.jar:/home/user/.m2/repository/com/sun/xml/bind/jaxb-core/2.3.0.1/jaxb-core-2.3.0.1.jar:/home/user/.m2/repository/javax/xml/bind/jaxb-api/2.3.0/jaxb-api-2.3.0.jar:/home/user/.m2/repository/javax/activation/activation/1.1.1/activation-1.1.1.jar:/home/user/.m2/repository/org/apache/hadoop/hadoop-ozone-csi/0.5.0-SNAPSHOT/hadoop-ozone-csi-0.5.0-SNAPSHOT.jar:/home/user/.m2/repository/com/google/protobuf/protobuf-java-util/3.5.1/protobuf-java-util-3.5.1.jar:/home/user/.m2/repository/org/apache/hadoop/hadoop-hdds-config/0.5.0-SNAPSHOT/hadoop-hdds-config-0.5.0-SNAPSHOT.jar:/home/user/.m2/repository/io/grpc/grpc-netty/1.17.1/grpc-netty-1.17.1.jar:/home/user/.m2/repository/io/grpc/grpc-core/1.17.1/grpc-core-1.17.1.jar:/home/user/.m2/repository/io/grpc/grpc-context/1.17.1/grpc-context-1.17.1.jar:/home/user/.m2/repository/com/google/errorprone/error_prone_annotations/2.2.0/error_prone_annotations-2.2.0.jar:/home/user/.m2/repository/org/codehaus/mojo/animal-sniffer-annotations/1.17/animal-sniffer-annotations-1.17.jar:/home/user/.m2/repository/io/opencensus/opencensus-api/0.17.0/opencensus-api-0.17.0.jar:/home/user/.m2/repository/io/opencensus/opencensus-contrib-grpc-metrics/0.17.0/opencensus-contrib-grpc-metrics-0.17.0.jar:/home/user/.m2/repository/io/netty/netty-codec-http2/4.1.30.Final/netty-codec-http2-4.1.30.Final.jar:/home/user/.m2/repository/io/netty/netty-codec-http/4.1.30.Final/netty-codec-http-4.1.30.Final.jar:/home/user/.m2/repository/io/netty/netty-codec/4.1.30.Final/netty-codec-4.1.30.Final.jar:/home/user/.m2/repository/io/netty/netty-handler/4.1.30.Final/netty-handler-4.1.30.Final.jar:/home/user/.m2/repository/io/netty/netty-handler-proxy/4.1.30.Final/netty-handler-proxy-4.1.30.Final.jar:/home/user/.m2/repository/io/netty/netty-codec-socks/4.1.30.Final/netty-codec-socks-4.1.30.Final.jar:/home/user/.m2/repository/io/netty/netty-transport-native-epoll/4.1.30.Final/netty-transport-native-epoll-4.1.30.Final.jar:/home/user/.m2/repository/io/netty/netty-common/4.1.30.Final/netty-common-4.1.30.Final.jar:/home/user/.m2/repository/io/netty/netty-buffer/4.1.30.Final/netty-buffer-4.1.30.Final.jar:/home/user/.m2/repository/io/netty/netty-transport/4.1.30.Final/netty-transport-4.1.30.Final.jar:/home/user/.m2/repository/io/netty/netty-resolver/4.1.30.Final/netty-resolver-4.1.30.Final.jar:/home/user/.m2/repository/io/netty/netty-transport-native-unix-common/4.1.30.Final/netty-transport-native-unix-common-4.1.30.Final.jar:/home/user/.m2/repository/io/grpc/grpc-protobuf/1.17.1/grpc-protobuf-1.17.1.jar:/home/user/.m2/repository/com/google/api/grpc/proto-google-common-protos/1.0.0/proto-google-common-protos-1.0.0.jar:/home/user/.m2/repository/io/grpc/grpc-protobuf-lite/1.17.1/grpc-protobuf-lite-1.17.1.jar:/home/user/.m2/repository/io/grpc/grpc-stub/1.17.1/grpc-stub-1.17.1.jar:/home/user/.m2/repository/org/apache/hadoop/hadoop-ozone-recon/0.5.0-SNAPSHOT/hadoop-ozone-recon-0.5.0-SNAPSHOT.jar:/home/user/.m2/repository/org/apache/hadoop/hadoop-ozone-reconcodegen/0.5.0-SNAPSHOT/hadoop-ozone-reconcodegen-0.5.0-SNAPSHOT.jar:/home/user/.m2/repository/com/google/inject/extensions/guice-multibindings/4.0/guice-multibindings-4.0.jar:/home/user/.m2/repository/com/google/inject/guice/4.0/guice-4.0.jar:/home/user/.m2/repository/aopalliance/aopalliance/1.0/aopalliance-1.0.jar:/home/user/.m2/repository/com/google/inject/extensions/guice-servlet/4.0/guice-servlet-4.0.jar:/home/user/.m2/repository/org/glassfish/jersey/containers/jersey-container-servlet/2.27/jersey-container-servlet-2.27.jar:/home/user/.m2/repository/org/glassfish/hk2/guice-bridge/2.5.0/guice-bridge-2.5.0.jar:/home/user/.m2/repository/org/glassfish/jersey/core/jersey-server/2.27/jersey-server-2.27.jar:/home/user/.m2/repository/org/glassfish/jersey/core/jersey-client/2.27/jersey-client-2.27.jar:/home/user/.m2/repository/org/glassfish/jersey/media/jersey-media-jaxb/2.27/jersey-media-jaxb-2.27.jar:/home/user/.m2/repository/javax/validation/validation-api/1.1.0.Final/validation-api-1.1.0.Final.jar:/home/user/.m2/repository/org/glassfish/jersey/media/jersey-media-json-jackson/2.27/jersey-media-json-jackson-2.27.jar:/home/user/.m2/repository/org/glassfish/jersey/ext/jersey-entity-filtering/2.27/jersey-entity-filtering-2.27.jar:/home/user/.m2/repository/com/google/inject/extensions/guice-assistedinject/4.0/guice-assistedinject-4.0.jar:/home/user/.m2/repository/org/jooq/jooq/3.11.10/jooq-3.11.10.jar:/home/user/.m2/repository/org/jooq/jooq-meta/3.11.10/jooq-meta-3.11.10.jar:/home/user/.m2/repository/org/jooq/jooq-codegen/3.11.10/jooq-codegen-3.11.10.jar:/home/user/.m2/repository/com/jolbox/bonecp/0.8.0.RELEASE/bonecp-0.8.0.RELEASE.jar:/home/user/.m2/repository/org/xerial/sqlite-jdbc/3.25.2/sqlite-jdbc-3.25.2.jar:/home/user/.m2/repository/org/springframework/spring-jdbc/5.1.3.RELEASE/spring-jdbc-5.1.3.RELEASE.jar:/home/user/.m2/repository/org/springframework/spring-beans/5.1.3.RELEASE/spring-beans-5.1.3.RELEASE.jar:/home/user/.m2/repository/org/springframework/spring-core/5.1.3.RELEASE/spring-core-5.1.3.RELEASE.jar:/home/user/.m2/repository/org/springframework/spring-jcl/5.1.3.RELEASE/spring-jcl-5.1.3.RELEASE.jar:/home/user/.m2/repository/org/springframework/spring-tx/5.1.3.RELEASE/spring-tx-5.1.3.RELEASE.jar:/home/user/.m2/repository/org/apache/hadoop/hadoop-ozone-client/0.5.0-SNAPSHOT/hadoop-ozone-client-0.5.0-SNAPSHOT.jar:/home/user/.m2/repository/commons-lang/commons-lang/2.6/commons-lang-2.6.jar:/home/user/.m2/repository/org/apache/hadoop/hadoop-ozone-ozone-manager/0.5.0-SNAPSHOT/hadoop-ozone-ozone-manager-0.5.0-SNAPSHOT-tests.jar:/home/user/.m2/repository/junit/junit/4.11/junit-4.11.jar:/home/user/.m2/repository/org/hamcrest/hamcrest-core/1.3/hamcrest-core-1.3.jar:/home/user/.m2/repository/org/openjdk/jmh/jmh-core/1.19/jmh-core-1.19.jar:/home/user/.m2/repository/net/sf/jopt-simple/jopt-simple/4.6/jopt-simple-4.6.jar:/home/user/.m2/repository/org/apache/commons/commons-math3/3.1.1/commons-math3-3.1.1.jar:/home/user/.m2/repository/org/openjdk/jmh/jmh-generator-annprocess/1.19/jmh-generator-annprocess-1.19.jar:/home/user/.m2/repository/org/mockito/mockito-all/1.8.5/mockito-all-1.8.5.jar:/home/user/.m2/repository/org/apache/hadoop/hadoop-kms/3.2.0/hadoop-kms-3.2.0.jar:/home/user/.m2/repository/org/apache/hadoop/hadoop-auth/3.2.0/hadoop-auth-3.2.0.jar:/home/user/.m2/repository/com/nimbusds/nimbus-jose-jwt/4.41.1/nimbus-jose-jwt-4.41.1.jar:/home/user/.m2/repository/com/github/stephenc/jcip/jcip-annotations/1.0-1/jcip-annotations-1.0-1.jar:/home/user/.m2/repository/net/minidev/json-smart/2.3/json-smart-2.3.jar:/home/user/.m2/repository/net/minidev/accessors-smart/1.2/accessors-smart-1.2.jar:/home/user/.m2/repository/org/ow2/asm/asm/5.0.4/asm-5.0.4.jar:/home/user/.m2/repository/org/apache/curator/curator-framework/2.12.0/curator-framework-2.12.0.jar:/home/user/.m2/repository/com/sun/jersey/jersey-core/1.19/jersey-core-1.19.jar:/home/user/.m2/repository/javax/ws/rs/jsr311-api/1.1.1/jsr311-api-1.1.1.jar:/home/user/.m2/repository/com/sun/jersey/jersey-server/1.19/jersey-server-1.19.jar:/home/user/.m2/repository/javax/servlet/javax.servlet-api/3.1.0/javax.servlet-api-3.1.0.jar:/home/user/.m2/repository/org/eclipse/jetty/jetty-server/9.3.25.v20180904/jetty-server-9.3.25.v20180904.jar:/home/user/.m2/repository/org/eclipse/jetty/jetty-http/9.3.25.v20180904/jetty-http-9.3.25.v20180904.jar:/home/user/.m2/repository/org/eclipse/jetty/jetty-io/9.3.25.v20180904/jetty-io-9.3.25.v20180904.jar:/home/user/.m2/repository/org/eclipse/jetty/jetty-webapp/9.3.25.v20180904/jetty-webapp-9.3.25.v20180904.jar:/home/user/.m2/repository/org/eclipse/jetty/jetty-xml/9.3.25.v20180904/jetty-xml-9.3.25.v20180904.jar:/home/user/.m2/repository/log4j/log4j/1.2.17/log4j-1.2.17.jar:/home/user/.m2/repository/org/slf4j/slf4j-api/1.7.25/slf4j-api-1.7.25.jar:/home/user/.m2/repository/org/slf4j/jul-to-slf4j/1.7.25/jul-to-slf4j-1.7.25.jar:/home/user/.m2/repository/org/eclipse/jetty/jetty-util/9.3.25.v20180904/jetty-util-9.3.25.v20180904.jar:/home/user/.m2/repository/com/fasterxml/jackson/core/jackson-databind/2.9.9/jackson-databind-2.9.9.jar:/home/user/.m2/repository/org/apache/hadoop/hadoop-kms/3.2.0/hadoop-kms-3.2.0-tests.jar:/home/user/.m2/repository/org/apache/hadoop/hadoop-hdds-server-scm/0.5.0-SNAPSHOT/hadoop-hdds-server-scm-0.5.0-SNAPSHOT-tests.jar:/home/user/.m2/repository/org/apache/hadoop/hadoop-hdds-container-service/0.5.0-SNAPSHOT/hadoop-hdds-container-service-0.5.0-SNAPSHOT-tests.jar:/home/user/.m2/repository/org/yaml/snakeyaml/1.16/snakeyaml-1.16.jar:/home/user/.m2/repository/org/apache/hadoop/hadoop-common/3.2.0/hadoop-common-3.2.0-tests.jar:/home/user/.m2/repository/org/apache/hadoop/hadoop-annotations/3.2.0/hadoop-annotations-3.2.0.jar:/usr/lib/jvm/java-1.8-openjdk/jre/../lib/tools.jar:/home/user/.m2/repository/commons-cli/commons-cli/1.2/commons-cli-1.2.jar:/home/user/.m2/repository/org/apache/httpcomponents/httpclient/4.5.2/httpclient-4.5.2.jar:/home/user/.m2/repository/org/apache/httpcomponents/httpcore/4.4.4/httpcore-4.4.4.jar:/home/user/.m2/repository/commons-codec/commons-codec/1.11/commons-codec-1.11.jar:/home/user/.m2/repository/commons-net/commons-net/3.6/commons-net-3.6.jar:/home/user/.m2/repository/commons-collections/commons-collections/3.2.2/commons-collections-3.2.2.jar:/home/user/.m2/repository/org/eclipse/jetty/jetty-servlet/9.3.25.v20180904/jetty-servlet-9.3.25.v20180904.jar:/home/user/.m2/repository/org/eclipse/jetty/jetty-security/9.3.25.v20180904/jetty-security-9.3.25.v20180904.jar:/home/user/.m2/repository/javax/servlet/jsp/jsp-api/2.1/jsp-api-2.1.jar:/home/user/.m2/repository/com/sun/jersey/jersey-servlet/1.19/jersey-servlet-1.19.jar:/home/user/.m2/repository/com/sun/jersey/jersey-json/1.19/jersey-json-1.19.jar:/home/user/.m2/repository/org/codehaus/jettison/jettison/1.1/jettison-1.1.jar:/home/user/.m2/repository/org/codehaus/jackson/jackson-core-asl/1.9.13/jackson-core-asl-1.9.13.jar:/home/user/.m2/repository/org/codehaus/jackson/jackson-mapper-asl/1.9.13/jackson-mapper-asl-1.9.13.jar:/home/user/.m2/repository/org/codehaus/jackson/jackson-jaxrs/1.9.13/jackson-jaxrs-1.9.13.jar:/home/user/.m2/repository/org/codehaus/jackson/jackson-xc/1.9.13/jackson-xc-1.9.13.jar:/home/user/.m2/repository/commons-logging/commons-logging/1.1.3/commons-logging-1.1.3.jar:/home/user/.m2/repository/commons-beanutils/commons-beanutils/1.9.4/commons-beanutils-1.9.4.jar:/home/user/.m2/repository/org/apache/commons/commons-configuration2/2.1.1/commons-configuration2-2.1.1.jar:/home/user/.m2/repository/org/apache/commons/commons-lang3/3.7/commons-lang3-3.7.jar:/home/user/.m2/repository/org/apache/commons/commons-text/1.4/commons-text-1.4.jar:/home/user/.m2/repository/org/apache/avro/avro/1.7.7/avro-1.7.7.jar:/home/user/.m2/repository/com/thoughtworks/paranamer/paranamer/2.3/paranamer-2.3.jar:/home/user/.m2/repository/org/xerial/snappy/snappy-java/1.0.5/snappy-java-1.0.5.jar:/home/user/.m2/repository/com/google/re2j/re2j/1.1/re2j-1.1.jar:/home/user/.m2/repository/com/google/code/gson/gson/2.2.4/gson-2.2.4.jar:/home/user/.m2/repository/com/jcraft/jsch/0.1.54/jsch-0.1.54.jar:/home/user/.m2/repository/org/apache/curator/curator-client/2.12.0/curator-client-2.12.0.jar:/home/user/.m2/repository/org/apache/curator/curator-recipes/2.12.0/curator-recipes-2.12.0.jar:/home/user/.m2/repository/com/google/code/findbugs/jsr305/3.0.0/jsr305-3.0.0.jar:/home/user/.m2/repository/org/apache/htrace/htrace-core4/4.1.0-incubating/htrace-core4-4.1.0-incubating.jar:/home/user/.m2/repository/org/apache/zookeeper/zookeeper/3.4.13/zookeeper-3.4.13.jar:/home/user/.m2/repository/jline/jline/0.9.94/jline-0.9.94.jar:/home/user/.m2/repository/org/apache/yetus/audience-annotations/0.5.0/audience-annotations-0.5.0.jar:/home/user/.m2/repository/org/codehaus/woodstox/stax2-api/3.1.4/stax2-api-3.1.4.jar:/home/user/.m2/repository/com/fasterxml/woodstox/woodstox-core/5.0.3/woodstox-core-5.0.3.jar:/home/user/.m2/repository/dnsjava/dnsjava/2.1.7/dnsjava-2.1.7.jar:/home/user/.m2/repository/org/apache/hadoop/hadoop-hdfs/3.2.0/hadoop-hdfs-3.2.0-tests.jar:/home/user/.m2/repository/org/eclipse/jetty/jetty-util-ajax/9.3.25.v20180904/jetty-util-ajax-9.3.25.v20180904.jar:/home/user/.m2/repository/commons-daemon/commons-daemon/1.0.13/commons-daemon-1.0.13.jar:/home/user/.m2/repository/io/netty/netty/3.10.5.Final/netty-3.10.5.Final.jar:/home/user/.m2/repository/io/netty/netty-all/4.0.52.Final/netty-all-4.0.52.Final.jar:/home/user/.m2/repository/org/fusesource/leveldbjni/leveldbjni-all/1.8/leveldbjni-all-1.8.jar:"/>
    <property name="java.vm.vendor" value="IcedTea"/>
    <property name="sun.arch.data.model" value="64"/>
    <property name="test.build.dir" value="/workdir/hadoop-ozone/integration-test/target/test-dir"/>
    <property name="test.cache.data" value=""/>
    <property name="java.vendor.url" value="https://icedtea.classpath.org"/>
    <property name="user.timezone" value=""/>
    <property name="java.vm.specification.version" value="1.8"/>
    <property name="os.name" value="Linux"/>
    <property name="test.build.data" value="/workdir/hadoop-ozone/integration-test/target/test-dir"/>
    <property name="user.country" value="US"/>
    <property name="sun.java.launcher" value="SUN_STANDARD"/>
    <property name="sun.boot.library.path" value="/usr/lib/jvm/java-1.8-openjdk/jre/lib/amd64"/>
    <property name="sun.java.command" value="/workdir/hadoop-ozone/integration-test/target/surefire/surefirebooter8137469163932773655.jar /workdir/hadoop-ozone/integration-test/target/surefire 2019-09-27T10-40-25_532-jvmRun1 surefire4416919463671197834tmp surefire_431346491288441665184tmp"/>
    <property name="test" value="!TestMiniChaosOzoneCluster"/>
    <property name="surefire.test.class.path" value="/workdir/hadoop-ozone/integration-test/target/test-classes:/workdir/hadoop-ozone/integration-test/target/classes:/home/user/.m2/repository/org/apache/hadoop/hadoop-ozone-common/0.5.0-SNAPSHOT/hadoop-ozone-common-0.5.0-SNAPSHOT.jar:/home/user/.m2/repository/org/apache/commons/commons-compress/1.4.1/commons-compress-1.4.1.jar:/home/user/.m2/repository/org/tukaani/xz/1.0/xz-1.0.jar:/home/user/.m2/repository/org/apache/hadoop/hadoop-common/3.2.0/hadoop-common-3.2.0.jar:/home/user/.m2/repository/org/apache/hadoop/hadoop-hdfs/3.2.0/hadoop-hdfs-3.2.0.jar:/home/user/.m2/repository/org/apache/hadoop/hadoop-hdfs-client/3.2.0/hadoop-hdfs-client-3.2.0.jar:/home/user/.m2/repository/com/fasterxml/jackson/core/jackson-annotations/2.9.9/jackson-annotations-2.9.9.jar:/home/user/.m2/repository/org/apache/hadoop/hadoop-hdds-common/0.5.0-SNAPSHOT/hadoop-hdds-common-0.5.0-SNAPSHOT.jar:/home/user/.m2/repository/javax/annotation/javax.annotation-api/1.2/javax.annotation-api-1.2.jar:/home/user/.m2/repository/org/apache/ratis/ratis-server/0.4.0/ratis-server-0.4.0.jar:/home/user/.m2/repository/org/apache/ratis/ratis-thirdparty-misc/0.2.0/ratis-thirdparty-misc-0.2.0.jar:/home/user/.m2/repository/org/apache/ratis/ratis-proto/0.4.0/ratis-proto-0.4.0.jar:/home/user/.m2/repository/org/apache/ratis/ratis-common/0.4.0/ratis-common-0.4.0.jar:/home/user/.m2/repository/org/apache/ratis/ratis-client/0.4.0/ratis-client-0.4.0.jar:/home/user/.m2/repository/org/apache/ratis/ratis-metrics/0.4.0/ratis-metrics-0.4.0.jar:/home/user/.m2/repository/com/github/joshelser/dropwizard-metrics-hadoop-metrics2-reporter/0.1.2/dropwizard-metrics-hadoop-metrics2-reporter-0.1.2.jar:/home/user/.m2/repository/io/dropwizard/metrics/metrics-jvm/3.2.5/metrics-jvm-3.2.5.jar:/home/user/.m2/repository/io/dropwizard/metrics/metrics-ganglia/3.2.5/metrics-ganglia-3.2.5.jar:/home/user/.m2/repository/info/ganglia/gmetric4j/gmetric4j/1.0.7/gmetric4j-1.0.7.jar:/home/user/.m2/repository/org/apache/ratis/ratis-netty/0.4.0/ratis-netty-0.4.0.jar:/home/user/.m2/repository/org/apache/ratis/ratis-grpc/0.4.0/ratis-grpc-0.4.0.jar:/home/user/.m2/repository/org/rocksdb/rocksdbjni/6.0.1/rocksdbjni-6.0.1.jar:/home/user/.m2/repository/org/apache/logging/log4j/log4j-api/2.11.0/log4j-api-2.11.0.jar:/home/user/.m2/repository/org/apache/logging/log4j/log4j-core/2.11.0/log4j-core-2.11.0.jar:/home/user/.m2/repository/com/lmax/disruptor/3.4.2/disruptor-3.4.2.jar:/home/user/.m2/repository/org/apache/commons/commons-pool2/2.6.0/commons-pool2-2.6.0.jar:/home/user/.m2/repository/org/bouncycastle/bcpkix-jdk15on/1.60/bcpkix-jdk15on-1.60.jar:/home/user/.m2/repository/commons-validator/commons-validator/1.6/commons-validator-1.6.jar:/home/user/.m2/repository/commons-digester/commons-digester/1.8.1/commons-digester-1.8.1.jar:/home/user/.m2/repository/io/jaegertracing/jaeger-client/0.34.0/jaeger-client-0.34.0.jar:/home/user/.m2/repository/io/jaegertracing/jaeger-thrift/0.34.0/jaeger-thrift-0.34.0.jar:/home/user/.m2/repository/org/apache/thrift/libthrift/0.12.0/libthrift-0.12.0.jar:/home/user/.m2/repository/com/squareup/okhttp3/okhttp/3.9.0/okhttp-3.9.0.jar:/home/user/.m2/repository/com/squareup/okio/okio/1.13.0/okio-1.13.0.jar:/home/user/.m2/repository/io/jaegertracing/jaeger-core/0.34.0/jaeger-core-0.34.0.jar:/home/user/.m2/repository/io/jaegertracing/jaeger-tracerresolver/0.34.0/jaeger-tracerresolver-0.34.0.jar:/home/user/.m2/repository/io/opentracing/contrib/opentracing-tracerresolver/0.1.5/opentracing-tracerresolver-0.1.5.jar:/home/user/.m2/repository/io/opentracing/opentracing-util/0.31.0/opentracing-util-0.31.0.jar:/home/user/.m2/repository/io/opentracing/opentracing-api/0.31.0/opentracing-api-0.31.0.jar:/home/user/.m2/repository/io/opentracing/opentracing-noop/0.31.0/opentracing-noop-0.31.0.jar:/home/user/.m2/repository/org/apache/hadoop/hadoop-hdds-server-framework/0.5.0-SNAPSHOT/hadoop-hdds-server-framework-0.5.0-SNAPSHOT.jar:/home/user/.m2/repository/org/apache/hadoop/hadoop-hdds-container-service/0.5.0-SNAPSHOT/hadoop-hdds-container-service-0.5.0-SNAPSHOT.jar:/home/user/.m2/repository/org/apache/hadoop/hadoop-hdds-client/0.5.0-SNAPSHOT/hadoop-hdds-client-0.5.0-SNAPSHOT.jar:/home/user/.m2/repository/org/apache/hadoop/hadoop-hdds-tools/0.5.0-SNAPSHOT/hadoop-hdds-tools-0.5.0-SNAPSHOT.jar:/home/user/.m2/repository/org/apache/hadoop/hadoop-hdds-server-scm/0.5.0-SNAPSHOT/hadoop-hdds-server-scm-0.5.0-SNAPSHOT.jar:/home/user/.m2/repository/org/apache/hadoop/hadoop-hdds-docs/0.5.0-SNAPSHOT/hadoop-hdds-docs-0.5.0-SNAPSHOT.jar:/home/user/.m2/repository/io/dropwizard/metrics/metrics-core/3.2.4/metrics-core-3.2.4.jar:/home/user/.m2/repository/org/hamcrest/hamcrest-all/1.3/hamcrest-all-1.3.jar:/home/user/.m2/repository/org/bouncycastle/bcprov-jdk15on/1.60/bcprov-jdk15on-1.60.jar:/home/user/.m2/repository/info/picocli/picocli/3.9.6/picocli-3.9.6.jar:/home/user/.m2/repository/com/google/protobuf/protobuf-java/2.5.0/protobuf-java-2.5.0.jar:/home/user/.m2/repository/com/google/guava/guava/11.0.2/guava-11.0.2.jar:/home/user/.m2/repository/org/apache/hadoop/hadoop-ozone-ozone-manager/0.5.0-SNAPSHOT/hadoop-ozone-ozone-manager-0.5.0-SNAPSHOT.jar:/home/user/.m2/repository/org/apache/hadoop/hadoop-minikdc/3.2.0/hadoop-minikdc-3.2.0.jar:/home/user/.m2/repository/commons-io/commons-io/2.5/commons-io-2.5.jar:/home/user/.m2/repository/org/apache/kerby/kerb-simplekdc/1.0.1/kerb-simplekdc-1.0.1.jar:/home/user/.m2/repository/org/apache/kerby/kerb-client/1.0.1/kerb-client-1.0.1.jar:/home/user/.m2/repository/org/apache/kerby/kerby-config/1.0.1/kerby-config-1.0.1.jar:/home/user/.m2/repository/org/apache/kerby/kerb-core/1.0.1/kerb-core-1.0.1.jar:/home/user/.m2/repository/org/apache/kerby/kerby-pkix/1.0.1/kerby-pkix-1.0.1.jar:/home/user/.m2/repository/org/apache/kerby/kerby-asn1/1.0.1/kerby-asn1-1.0.1.jar:/home/user/.m2/repository/org/apache/kerby/kerby-util/1.0.1/kerby-util-1.0.1.jar:/home/user/.m2/repository/org/apache/kerby/kerb-common/1.0.1/kerb-common-1.0.1.jar:/home/user/.m2/repository/org/apache/kerby/kerb-crypto/1.0.1/kerb-crypto-1.0.1.jar:/home/user/.m2/repository/org/apache/kerby/kerb-util/1.0.1/kerb-util-1.0.1.jar:/home/user/.m2/repository/org/apache/kerby/token-provider/1.0.1/token-provider-1.0.1.jar:/home/user/.m2/repository/org/apache/kerby/kerb-admin/1.0.1/kerb-admin-1.0.1.jar:/home/user/.m2/repository/org/apache/kerby/kerb-server/1.0.1/kerb-server-1.0.1.jar:/home/user/.m2/repository/org/apache/kerby/kerb-identity/1.0.1/kerb-identity-1.0.1.jar:/home/user/.m2/repository/org/apache/kerby/kerby-xdr/1.0.1/kerby-xdr-1.0.1.jar:/home/user/.m2/repository/org/slf4j/slf4j-log4j12/1.7.25/slf4j-log4j12-1.7.25.jar:/home/user/.m2/repository/org/apache/hadoop/hadoop-ozone-s3gateway/0.5.0-SNAPSHOT/hadoop-ozone-s3gateway-0.5.0-SNAPSHOT.jar:/home/user/.m2/repository/org/jboss/weld/servlet/weld-servlet/2.4.7.Final/weld-servlet-2.4.7.Final.jar:/home/user/.m2/repository/org/glassfish/jersey/containers/jersey-container-servlet-core/2.27/jersey-container-servlet-core-2.27.jar:/home/user/.m2/repository/org/glassfish/hk2/external/javax.inject/2.5.0-b42/javax.inject-2.5.0-b42.jar:/home/user/.m2/repository/org/glassfish/jersey/core/jersey-common/2.27/jersey-common-2.27.jar:/home/user/.m2/repository/org/glassfish/hk2/osgi-resource-locator/1.0.1/osgi-resource-locator-1.0.1.jar:/home/user/.m2/repository/javax/ws/rs/javax.ws.rs-api/2.1/javax.ws.rs-api-2.1.jar:/home/user/.m2/repository/org/glassfish/jersey/ext/cdi/jersey-cdi1x/2.27/jersey-cdi1x-2.27.jar:/home/user/.m2/repository/org/glassfish/jersey/inject/jersey-hk2/2.27/jersey-hk2-2.27.jar:/home/user/.m2/repository/org/glassfish/hk2/hk2-locator/2.5.0-b42/hk2-locator-2.5.0-b42.jar:/home/user/.m2/repository/org/javassist/javassist/3.22.0-CR2/javassist-3.22.0-CR2.jar:/home/user/.m2/repository/org/glassfish/hk2/hk2-api/2.5.0/hk2-api-2.5.0.jar:/home/user/.m2/repository/org/glassfish/hk2/external/jakarta.inject/2.5.0/jakarta.inject-2.5.0.jar:/home/user/.m2/repository/org/glassfish/hk2/hk2-utils/2.5.0/hk2-utils-2.5.0.jar:/home/user/.m2/repository/jakarta/annotation/jakarta.annotation-api/1.3.4/jakarta.annotation-api-1.3.4.jar:/home/user/.m2/repository/org/glassfish/hk2/external/aopalliance-repackaged/2.5.0/aopalliance-repackaged-2.5.0.jar:/home/user/.m2/repository/com/fasterxml/jackson/dataformat/jackson-dataformat-xml/2.9.0/jackson-dataformat-xml-2.9.0.jar:/home/user/.m2/repository/com/fasterxml/jackson/core/jackson-core/2.9.9/jackson-core-2.9.9.jar:/home/user/.m2/repository/com/fasterxml/jackson/module/jackson-module-jaxb-annotations/2.9.9/jackson-module-jaxb-annotations-2.9.9.jar:/home/user/.m2/repository/javax/enterprise/cdi-api/1.2/cdi-api-1.2.jar:/home/user/.m2/repository/javax/el/javax.el-api/3.0.0/javax.el-api-3.0.0.jar:/home/user/.m2/repository/javax/interceptor/javax.interceptor-api/1.2/javax.interceptor-api-1.2.jar:/home/user/.m2/repository/javax/inject/javax.inject/1/javax.inject-1.jar:/home/user/.m2/repository/com/sun/xml/bind/jaxb-impl/2.3.0.1/jaxb-impl-2.3.0.1.jar:/home/user/.m2/repository/com/sun/xml/bind/jaxb-core/2.3.0.1/jaxb-core-2.3.0.1.jar:/home/user/.m2/repository/javax/xml/bind/jaxb-api/2.3.0/jaxb-api-2.3.0.jar:/home/user/.m2/repository/javax/activation/activation/1.1.1/activation-1.1.1.jar:/home/user/.m2/repository/org/apache/hadoop/hadoop-ozone-csi/0.5.0-SNAPSHOT/hadoop-ozone-csi-0.5.0-SNAPSHOT.jar:/home/user/.m2/repository/com/google/protobuf/protobuf-java-util/3.5.1/protobuf-java-util-3.5.1.jar:/home/user/.m2/repository/org/apache/hadoop/hadoop-hdds-config/0.5.0-SNAPSHOT/hadoop-hdds-config-0.5.0-SNAPSHOT.jar:/home/user/.m2/repository/io/grpc/grpc-netty/1.17.1/grpc-netty-1.17.1.jar:/home/user/.m2/repository/io/grpc/grpc-core/1.17.1/grpc-core-1.17.1.jar:/home/user/.m2/repository/io/grpc/grpc-context/1.17.1/grpc-context-1.17.1.jar:/home/user/.m2/repository/com/google/errorprone/error_prone_annotations/2.2.0/error_prone_annotations-2.2.0.jar:/home/user/.m2/repository/org/codehaus/mojo/animal-sniffer-annotations/1.17/animal-sniffer-annotations-1.17.jar:/home/user/.m2/repository/io/opencensus/opencensus-api/0.17.0/opencensus-api-0.17.0.jar:/home/user/.m2/repository/io/opencensus/opencensus-contrib-grpc-metrics/0.17.0/opencensus-contrib-grpc-metrics-0.17.0.jar:/home/user/.m2/repository/io/netty/netty-codec-http2/4.1.30.Final/netty-codec-http2-4.1.30.Final.jar:/home/user/.m2/repository/io/netty/netty-codec-http/4.1.30.Final/netty-codec-http-4.1.30.Final.jar:/home/user/.m2/repository/io/netty/netty-codec/4.1.30.Final/netty-codec-4.1.30.Final.jar:/home/user/.m2/repository/io/netty/netty-handler/4.1.30.Final/netty-handler-4.1.30.Final.jar:/home/user/.m2/repository/io/netty/netty-handler-proxy/4.1.30.Final/netty-handler-proxy-4.1.30.Final.jar:/home/user/.m2/repository/io/netty/netty-codec-socks/4.1.30.Final/netty-codec-socks-4.1.30.Final.jar:/home/user/.m2/repository/io/netty/netty-transport-native-epoll/4.1.30.Final/netty-transport-native-epoll-4.1.30.Final.jar:/home/user/.m2/repository/io/netty/netty-common/4.1.30.Final/netty-common-4.1.30.Final.jar:/home/user/.m2/repository/io/netty/netty-buffer/4.1.30.Final/netty-buffer-4.1.30.Final.jar:/home/user/.m2/repository/io/netty/netty-transport/4.1.30.Final/netty-transport-4.1.30.Final.jar:/home/user/.m2/repository/io/netty/netty-resolver/4.1.30.Final/netty-resolver-4.1.30.Final.jar:/home/user/.m2/repository/io/netty/netty-transport-native-unix-common/4.1.30.Final/netty-transport-native-unix-common-4.1.30.Final.jar:/home/user/.m2/repository/io/grpc/grpc-protobuf/1.17.1/grpc-protobuf-1.17.1.jar:/home/user/.m2/repository/com/google/api/grpc/proto-google-common-protos/1.0.0/proto-google-common-protos-1.0.0.jar:/home/user/.m2/repository/io/grpc/grpc-protobuf-lite/1.17.1/grpc-protobuf-lite-1.17.1.jar:/home/user/.m2/repository/io/grpc/grpc-stub/1.17.1/grpc-stub-1.17.1.jar:/home/user/.m2/repository/org/apache/hadoop/hadoop-ozone-recon/0.5.0-SNAPSHOT/hadoop-ozone-recon-0.5.0-SNAPSHOT.jar:/home/user/.m2/repository/org/apache/hadoop/hadoop-ozone-reconcodegen/0.5.0-SNAPSHOT/hadoop-ozone-reconcodegen-0.5.0-SNAPSHOT.jar:/home/user/.m2/repository/com/google/inject/extensions/guice-multibindings/4.0/guice-multibindings-4.0.jar:/home/user/.m2/repository/com/google/inject/guice/4.0/guice-4.0.jar:/home/user/.m2/repository/aopalliance/aopalliance/1.0/aopalliance-1.0.jar:/home/user/.m2/repository/com/google/inject/extensions/guice-servlet/4.0/guice-servlet-4.0.jar:/home/user/.m2/repository/org/glassfish/jersey/containers/jersey-container-servlet/2.27/jersey-container-servlet-2.27.jar:/home/user/.m2/repository/org/glassfish/hk2/guice-bridge/2.5.0/guice-bridge-2.5.0.jar:/home/user/.m2/repository/org/glassfish/jersey/core/jersey-server/2.27/jersey-server-2.27.jar:/home/user/.m2/repository/org/glassfish/jersey/core/jersey-client/2.27/jersey-client-2.27.jar:/home/user/.m2/repository/org/glassfish/jersey/media/jersey-media-jaxb/2.27/jersey-media-jaxb-2.27.jar:/home/user/.m2/repository/javax/validation/validation-api/1.1.0.Final/validation-api-1.1.0.Final.jar:/home/user/.m2/repository/org/glassfish/jersey/media/jersey-media-json-jackson/2.27/jersey-media-json-jackson-2.27.jar:/home/user/.m2/repository/org/glassfish/jersey/ext/jersey-entity-filtering/2.27/jersey-entity-filtering-2.27.jar:/home/user/.m2/repository/com/google/inject/extensions/guice-assistedinject/4.0/guice-assistedinject-4.0.jar:/home/user/.m2/repository/org/jooq/jooq/3.11.10/jooq-3.11.10.jar:/home/user/.m2/repository/org/jooq/jooq-meta/3.11.10/jooq-meta-3.11.10.jar:/home/user/.m2/repository/org/jooq/jooq-codegen/3.11.10/jooq-codegen-3.11.10.jar:/home/user/.m2/repository/com/jolbox/bonecp/0.8.0.RELEASE/bonecp-0.8.0.RELEASE.jar:/home/user/.m2/repository/org/xerial/sqlite-jdbc/3.25.2/sqlite-jdbc-3.25.2.jar:/home/user/.m2/repository/org/springframework/spring-jdbc/5.1.3.RELEASE/spring-jdbc-5.1.3.RELEASE.jar:/home/user/.m2/repository/org/springframework/spring-beans/5.1.3.RELEASE/spring-beans-5.1.3.RELEASE.jar:/home/user/.m2/repository/org/springframework/spring-core/5.1.3.RELEASE/spring-core-5.1.3.RELEASE.jar:/home/user/.m2/repository/org/springframework/spring-jcl/5.1.3.RELEASE/spring-jcl-5.1.3.RELEASE.jar:/home/user/.m2/repository/org/springframework/spring-tx/5.1.3.RELEASE/spring-tx-5.1.3.RELEASE.jar:/home/user/.m2/repository/org/apache/hadoop/hadoop-ozone-client/0.5.0-SNAPSHOT/hadoop-ozone-client-0.5.0-SNAPSHOT.jar:/home/user/.m2/repository/commons-lang/commons-lang/2.6/commons-lang-2.6.jar:/home/user/.m2/repository/org/apache/hadoop/hadoop-ozone-ozone-manager/0.5.0-SNAPSHOT/hadoop-ozone-ozone-manager-0.5.0-SNAPSHOT-tests.jar:/home/user/.m2/repository/junit/junit/4.11/junit-4.11.jar:/home/user/.m2/repository/org/hamcrest/hamcrest-core/1.3/hamcrest-core-1.3.jar:/home/user/.m2/repository/org/openjdk/jmh/jmh-core/1.19/jmh-core-1.19.jar:/home/user/.m2/repository/net/sf/jopt-simple/jopt-simple/4.6/jopt-simple-4.6.jar:/home/user/.m2/repository/org/apache/commons/commons-math3/3.1.1/commons-math3-3.1.1.jar:/home/user/.m2/repository/org/openjdk/jmh/jmh-generator-annprocess/1.19/jmh-generator-annprocess-1.19.jar:/home/user/.m2/repository/org/mockito/mockito-all/1.8.5/mockito-all-1.8.5.jar:/home/user/.m2/repository/org/apache/hadoop/hadoop-kms/3.2.0/hadoop-kms-3.2.0.jar:/home/user/.m2/repository/org/apache/hadoop/hadoop-auth/3.2.0/hadoop-auth-3.2.0.jar:/home/user/.m2/repository/com/nimbusds/nimbus-jose-jwt/4.41.1/nimbus-jose-jwt-4.41.1.jar:/home/user/.m2/repository/com/github/stephenc/jcip/jcip-annotations/1.0-1/jcip-annotations-1.0-1.jar:/home/user/.m2/repository/net/minidev/json-smart/2.3/json-smart-2.3.jar:/home/user/.m2/repository/net/minidev/accessors-smart/1.2/accessors-smart-1.2.jar:/home/user/.m2/repository/org/ow2/asm/asm/5.0.4/asm-5.0.4.jar:/home/user/.m2/repository/org/apache/curator/curator-framework/2.12.0/curator-framework-2.12.0.jar:/home/user/.m2/repository/com/sun/jersey/jersey-core/1.19/jersey-core-1.19.jar:/home/user/.m2/repository/javax/ws/rs/jsr311-api/1.1.1/jsr311-api-1.1.1.jar:/home/user/.m2/repository/com/sun/jersey/jersey-server/1.19/jersey-server-1.19.jar:/home/user/.m2/repository/javax/servlet/javax.servlet-api/3.1.0/javax.servlet-api-3.1.0.jar:/home/user/.m2/repository/org/eclipse/jetty/jetty-server/9.3.25.v20180904/jetty-server-9.3.25.v20180904.jar:/home/user/.m2/repository/org/eclipse/jetty/jetty-http/9.3.25.v20180904/jetty-http-9.3.25.v20180904.jar:/home/user/.m2/repository/org/eclipse/jetty/jetty-io/9.3.25.v20180904/jetty-io-9.3.25.v20180904.jar:/home/user/.m2/repository/org/eclipse/jetty/jetty-webapp/9.3.25.v20180904/jetty-webapp-9.3.25.v20180904.jar:/home/user/.m2/repository/org/eclipse/jetty/jetty-xml/9.3.25.v20180904/jetty-xml-9.3.25.v20180904.jar:/home/user/.m2/repository/log4j/log4j/1.2.17/log4j-1.2.17.jar:/home/user/.m2/repository/org/slf4j/slf4j-api/1.7.25/slf4j-api-1.7.25.jar:/home/user/.m2/repository/org/slf4j/jul-to-slf4j/1.7.25/jul-to-slf4j-1.7.25.jar:/home/user/.m2/repository/org/eclipse/jetty/jetty-util/9.3.25.v20180904/jetty-util-9.3.25.v20180904.jar:/home/user/.m2/repository/com/fasterxml/jackson/core/jackson-databind/2.9.9/jackson-databind-2.9.9.jar:/home/user/.m2/repository/org/apache/hadoop/hadoop-kms/3.2.0/hadoop-kms-3.2.0-tests.jar:/home/user/.m2/repository/org/apache/hadoop/hadoop-hdds-server-scm/0.5.0-SNAPSHOT/hadoop-hdds-server-scm-0.5.0-SNAPSHOT-tests.jar:/home/user/.m2/repository/org/apache/hadoop/hadoop-hdds-container-service/0.5.0-SNAPSHOT/hadoop-hdds-container-service-0.5.0-SNAPSHOT-tests.jar:/home/user/.m2/repository/org/yaml/snakeyaml/1.16/snakeyaml-1.16.jar:/home/user/.m2/repository/org/apache/hadoop/hadoop-common/3.2.0/hadoop-common-3.2.0-tests.jar:/home/user/.m2/repository/org/apache/hadoop/hadoop-annotations/3.2.0/hadoop-annotations-3.2.0.jar:/usr/lib/jvm/java-1.8-openjdk/jre/../lib/tools.jar:/home/user/.m2/repository/commons-cli/commons-cli/1.2/commons-cli-1.2.jar:/home/user/.m2/repository/org/apache/httpcomponents/httpclient/4.5.2/httpclient-4.5.2.jar:/home/user/.m2/repository/org/apache/httpcomponents/httpcore/4.4.4/httpcore-4.4.4.jar:/home/user/.m2/repository/commons-codec/commons-codec/1.11/commons-codec-1.11.jar:/home/user/.m2/repository/commons-net/commons-net/3.6/commons-net-3.6.jar:/home/user/.m2/repository/commons-collections/commons-collections/3.2.2/commons-collections-3.2.2.jar:/home/user/.m2/repository/org/eclipse/jetty/jetty-servlet/9.3.25.v20180904/jetty-servlet-9.3.25.v20180904.jar:/home/user/.m2/repository/org/eclipse/jetty/jetty-security/9.3.25.v20180904/jetty-security-9.3.25.v20180904.jar:/home/user/.m2/repository/javax/servlet/jsp/jsp-api/2.1/jsp-api-2.1.jar:/home/user/.m2/repository/com/sun/jersey/jersey-servlet/1.19/jersey-servlet-1.19.jar:/home/user/.m2/repository/com/sun/jersey/jersey-json/1.19/jersey-json-1.19.jar:/home/user/.m2/repository/org/codehaus/jettison/jettison/1.1/jettison-1.1.jar:/home/user/.m2/repository/org/codehaus/jackson/jackson-core-asl/1.9.13/jackson-core-asl-1.9.13.jar:/home/user/.m2/repository/org/codehaus/jackson/jackson-mapper-asl/1.9.13/jackson-mapper-asl-1.9.13.jar:/home/user/.m2/repository/org/codehaus/jackson/jackson-jaxrs/1.9.13/jackson-jaxrs-1.9.13.jar:/home/user/.m2/repository/org/codehaus/jackson/jackson-xc/1.9.13/jackson-xc-1.9.13.jar:/home/user/.m2/repository/commons-logging/commons-logging/1.1.3/commons-logging-1.1.3.jar:/home/user/.m2/repository/commons-beanutils/commons-beanutils/1.9.4/commons-beanutils-1.9.4.jar:/home/user/.m2/repository/org/apache/commons/commons-configuration2/2.1.1/commons-configuration2-2.1.1.jar:/home/user/.m2/repository/org/apache/commons/commons-lang3/3.7/commons-lang3-3.7.jar:/home/user/.m2/repository/org/apache/commons/commons-text/1.4/commons-text-1.4.jar:/home/user/.m2/repository/org/apache/avro/avro/1.7.7/avro-1.7.7.jar:/home/user/.m2/repository/com/thoughtworks/paranamer/paranamer/2.3/paranamer-2.3.jar:/home/user/.m2/repository/org/xerial/snappy/snappy-java/1.0.5/snappy-java-1.0.5.jar:/home/user/.m2/repository/com/google/re2j/re2j/1.1/re2j-1.1.jar:/home/user/.m2/repository/com/google/code/gson/gson/2.2.4/gson-2.2.4.jar:/home/user/.m2/repository/com/jcraft/jsch/0.1.54/jsch-0.1.54.jar:/home/user/.m2/repository/org/apache/curator/curator-client/2.12.0/curator-client-2.12.0.jar:/home/user/.m2/repository/org/apache/curator/curator-recipes/2.12.0/curator-recipes-2.12.0.jar:/home/user/.m2/repository/com/google/code/findbugs/jsr305/3.0.0/jsr305-3.0.0.jar:/home/user/.m2/repository/org/apache/htrace/htrace-core4/4.1.0-incubating/htrace-core4-4.1.0-incubating.jar:/home/user/.m2/repository/org/apache/zookeeper/zookeeper/3.4.13/zookeeper-3.4.13.jar:/home/user/.m2/repository/jline/jline/0.9.94/jline-0.9.94.jar:/home/user/.m2/repository/org/apache/yetus/audience-annotations/0.5.0/audience-annotations-0.5.0.jar:/home/user/.m2/repository/org/codehaus/woodstox/stax2-api/3.1.4/stax2-api-3.1.4.jar:/home/user/.m2/repository/com/fasterxml/woodstox/woodstox-core/5.0.3/woodstox-core-5.0.3.jar:/home/user/.m2/repository/dnsjava/dnsjava/2.1.7/dnsjava-2.1.7.jar:/home/user/.m2/repository/org/apache/hadoop/hadoop-hdfs/3.2.0/hadoop-hdfs-3.2.0-tests.jar:/home/user/.m2/repository/org/eclipse/jetty/jetty-util-ajax/9.3.25.v20180904/jetty-util-ajax-9.3.25.v20180904.jar:/home/user/.m2/repository/commons-daemon/commons-daemon/1.0.13/commons-daemon-1.0.13.jar:/home/user/.m2/repository/io/netty/netty/3.10.5.Final/netty-3.10.5.Final.jar:/home/user/.m2/repository/io/netty/netty-all/4.0.52.Final/netty-all-4.0.52.Final.jar:/home/user/.m2/repository/org/fusesource/leveldbjni/leveldbjni-all/1.8/leveldbjni-all-1.8.jar:"/>
    <property name="sun.cpu.endian" value="little"/>
    <property name="user.home" value="/home/user"/>
    <property name="user.language" value="en"/>
    <property name="java.specification.vendor" value="Oracle Corporation"/>
    <property name="java.home" value="/usr/lib/jvm/java-1.8-openjdk/jre"/>
    <property name="java.security.krb5.conf" value="/workdir/hadoop-ozone/integration-test/target/test-classes/krb5.conf"/>
    <property name="basedir" value="/workdir/hadoop-ozone/integration-test"/>
    <property name="file.separator" value="/"/>
    <property name="line.separator" value="&#10;"/>
    <property name="java.vm.specification.vendor" value="Oracle Corporation"/>
    <property name="java.specification.name" value="Java Platform API Specification"/>
    <property name="java.awt.graphicsenv" value="sun.awt.X11GraphicsEnvironment"/>
    <property name="surefire.real.class.path" value="/workdir/hadoop-ozone/integration-test/target/surefire/surefirebooter8137469163932773655.jar"/>
    <property name="hadoop.log.dir" value="/workdir/hadoop-ozone/integration-test/target/log"/>
    <property name="sun.boot.class.path" value="/usr/lib/jvm/java-1.8-openjdk/jre/lib/resources.jar:/usr/lib/jvm/java-1.8-openjdk/jre/lib/rt.jar:/usr/lib/jvm/java-1.8-openjdk/jre/lib/sunrsasign.jar:/usr/lib/jvm/java-1.8-openjdk/jre/lib/jsse.jar:/usr/lib/jvm/java-1.8-openjdk/jre/lib/jce.jar:/usr/lib/jvm/java-1.8-openjdk/jre/lib/charsets.jar:/usr/lib/jvm/java-1.8-openjdk/jre/lib/jfr.jar:/usr/lib/jvm/java-1.8-openjdk/jre/classes"/>
    <property name="sun.management.compiler" value="HotSpot 64-Bit Tiered Compilers"/>
    <property name="java.runtime.version" value="1.8.0_212-b04"/>
    <property name="java.net.preferIPv4Stack" value="true"/>
    <property name="user.name" value="jenkins1000"/>
    <property name="path.separator" value=":"/>
    <property name="java.security.egd" value="file:///dev/urandom"/>
    <property name="os.version" value="3.10.0-957.12.2.el7.x86_64"/>
    <property name="java.endorsed.dirs" value="/usr/lib/jvm/java-1.8-openjdk/jre/lib/endorsed"/>
    <property name="java.runtime.name" value="OpenJDK Runtime Environment"/>
    <property name="file.encoding" value="UTF-8"/>
    <property name="java.vm.name" value="OpenJDK 64-Bit Server VM"/>
    <property name="test.build.webapps" value=""/>
    <property name="localRepository" value="/home/user/.m2/repository"/>
    <property name="java.vendor.url.bug" value="https://icedtea.classpath.org/bugzilla"/>
    <property name="java.io.tmpdir" value="/tmp"/>
    <property name="require.test.libhadoop" value=""/>
    <property name="java.version" value="1.8.0_212"/>
    <property name="user.dir" value="/workdir/hadoop-ozone/integration-test"/>
    <property name="os.arch" value="amd64"/>
    <property name="java.vm.specification.name" value="Java Virtual Machine Specification"/>
    <property name="test.build.classes" value="/workdir/hadoop-ozone/integration-test/target/test-classes"/>
    <property name="java.awt.printerjob" value="sun.print.PSPrinterJob"/>
    <property name="sun.os.patch.level" value="unknown"/>
    <property name="hadoop.tmp.dir" value="/workdir/hadoop-ozone/integration-test/target/tmp"/>
    <property name="java.library.path" value="/usr/lib/jvm/java-1.8-openjdk/jre/lib/amd64/server:/usr/lib/jvm/java-1.8-openjdk/jre/lib/amd64:/usr/lib/jvm/java-1.8-openjdk/jre/../lib/amd64:/workdir/hadoop-ozone/integration-test/target/native/target/usr/local/lib:/workdir/hadoop-ozone/integration-test/../../hadoop-common-project/hadoop-common/target/native/target/usr/local/lib:/usr/java/packages/lib/amd64:/usr/lib64:/lib64:/lib:/usr/lib"/>
    <property name="java.vm.info" value="mixed mode"/>
    <property name="java.vendor" value="IcedTea"/>
    <property name="java.vm.version" value="25.212-b04"/>
    <property name="java.ext.dirs" value="/usr/lib/jvm/java-1.8-openjdk/jre/lib/ext:/usr/java/packages/lib/ext"/>
    <property name="sun.io.unicode.encoding" value="UnicodeLittle"/>
    <property name="java.class.version" value="52.0"/>
  </properties>
  <testcase name="testGroupMismatchExceptionHandling" classname="org.apache.hadoop.ozone.client.rpc.TestOzoneClientRetriesOnException" time="43.263"/>
  <testcase name="testMaxRetriesByOzoneClient" classname="org.apache.hadoop.ozone.client.rpc.TestOzoneClientRetriesOnException" time="124.978">
    <error message="Failed to command cmdType: CreateContainer&#10;containerID: 1&#10;datanodeUuid: &quot;63945773-f795-4888-b22e-7c9ec0fbc5da&quot;&#10;createContainer {&#10;}&#10;" type="java.io.IOException">java.io.IOException: 
Failed to command cmdType: CreateContainer
containerID: 1
datanodeUuid: "63945773-f795-4888-b22e-7c9ec0fbc5da"
createContainer {
}

	at org.apache.hadoop.hdds.scm.XceiverClientSpi.sendCommand(XceiverClientSpi.java:113)
	at org.apache.hadoop.ozone.client.rpc.TestOzoneClientRetriesOnException.testMaxRetriesByOzoneClient(TestOzoneClientRetriesOnException.java:190)
	at sun.reflect.NativeMethodAccessorImpl.invoke0(Native Method)
	at sun.reflect.NativeMethodAccessorImpl.invoke(NativeMethodAccessorImpl.java:62)
	at sun.reflect.DelegatingMethodAccessorImpl.invoke(DelegatingMethodAccessorImpl.java:43)
	at java.lang.reflect.Method.invoke(Method.java:498)
	at org.junit.runners.model.FrameworkMethod$1.runReflectiveCall(FrameworkMethod.java:47)
	at org.junit.internal.runners.model.ReflectiveCallable.run(ReflectiveCallable.java:12)
	at org.junit.runners.model.FrameworkMethod.invokeExplosively(FrameworkMethod.java:44)
	at org.junit.internal.runners.statements.InvokeMethod.evaluate(InvokeMethod.java:17)
	at org.junit.internal.runners.statements.RunBefores.evaluate(RunBefores.java:26)
	at org.junit.internal.runners.statements.RunAfters.evaluate(RunAfters.java:27)
	at org.junit.runners.ParentRunner.runLeaf(ParentRunner.java:271)
	at org.junit.runners.BlockJUnit4ClassRunner.runChild(BlockJUnit4ClassRunner.java:70)
	at org.junit.runners.BlockJUnit4ClassRunner.runChild(BlockJUnit4ClassRunner.java:50)
	at org.junit.runners.ParentRunner$3.run(ParentRunner.java:238)
	at org.junit.runners.ParentRunner$1.schedule(ParentRunner.java:63)
	at org.junit.runners.ParentRunner.runChildren(ParentRunner.java:236)
	at org.junit.runners.ParentRunner.access$000(ParentRunner.java:53)
	at org.junit.runners.ParentRunner$2.evaluate(ParentRunner.java:229)
	at org.junit.runners.ParentRunner.run(ParentRunner.java:309)
	at org.apache.maven.surefire.junit4.JUnit4Provider.execute(JUnit4Provider.java:365)
	at org.apache.maven.surefire.junit4.JUnit4Provider.executeWithRerun(JUnit4Provider.java:273)
	at org.apache.maven.surefire.junit4.JUnit4Provider.executeTestSet(JUnit4Provider.java:238)
	at org.apache.maven.surefire.junit4.JUnit4Provider.invoke(JUnit4Provider.java:159)
	at org.apache.maven.surefire.booter.ForkedBooter.invokeProviderInSameClassLoader(ForkedBooter.java:384)
	at org.apache.maven.surefire.booter.ForkedBooter.runSuitesInProcess(ForkedBooter.java:345)
	at org.apache.maven.surefire.booter.ForkedBooter.execute(ForkedBooter.java:126)
	at org.apache.maven.surefire.booter.ForkedBooter.main(ForkedBooter.java:418)
Caused by: java.util.concurrent.ExecutionException: org.apache.ratis.protocol.RaftRetryFailureException: Failed RaftClientRequest:client-FA19521EA344->63945773-f795-4888-b22e-7c9ec0fbc5da@group-492F3DA3AAE8, cid=42, seq=4*, RW, org.apache.hadoop.hdds.scm.XceiverClientRatis$$Lambda$341/286606142@78f5c8d3 for 180 attempts with RetryLimited(maxAttempts=180, sleepTime=1000ms)
	at java.util.concurrent.CompletableFuture.reportGet(CompletableFuture.java:357)
	at java.util.concurrent.CompletableFuture.get(CompletableFuture.java:1895)
	at org.apache.hadoop.hdds.scm.XceiverClientSpi.sendCommand(XceiverClientSpi.java:110)
	... 28 more
Caused by: org.apache.ratis.protocol.RaftRetryFailureException: Failed RaftClientRequest:client-FA19521EA344->63945773-f795-4888-b22e-7c9ec0fbc5da@group-492F3DA3AAE8, cid=42, seq=4*, RW, org.apache.hadoop.hdds.scm.XceiverClientRatis$$Lambda$341/286606142@78f5c8d3 for 180 attempts with RetryLimited(maxAttempts=180, sleepTime=1000ms)
	at org.apache.ratis.client.impl.RaftClientImpl.noMoreRetries(RaftClientImpl.java:271)
	at org.apache.ratis.client.impl.OrderedAsync.handleAsyncRetryFailure(OrderedAsync.java:138)
	at org.apache.ratis.client.impl.OrderedAsync.lambda$sendRequest$10(OrderedAsync.java:230)
	at java.util.concurrent.CompletableFuture.uniExceptionally(CompletableFuture.java:870)
	at java.util.concurrent.CompletableFuture$UniExceptionally.tryFire(CompletableFuture.java:852)
	at java.util.concurrent.CompletableFuture.postComplete(CompletableFuture.java:474)
	at java.util.concurrent.CompletableFuture.completeExceptionally(CompletableFuture.java:1977)
	at org.apache.ratis.grpc.client.GrpcClientProtocolClient$AsyncStreamObservers.completeReplyExceptionally(GrpcClientProtocolClient.java:339)
	at org.apache.ratis.grpc.client.GrpcClientProtocolClient$AsyncStreamObservers.access$000(GrpcClientProtocolClient.java:255)
	at org.apache.ratis.grpc.client.GrpcClientProtocolClient$AsyncStreamObservers$1.onNext(GrpcClientProtocolClient.java:267)
	at org.apache.ratis.grpc.client.GrpcClientProtocolClient$AsyncStreamObservers$1.onNext(GrpcClientProtocolClient.java:258)
	at org.apache.ratis.thirdparty.io.grpc.stub.ClientCalls$StreamObserverToCallListenerAdapter.onMessage(ClientCalls.java:421)
	at org.apache.ratis.thirdparty.io.grpc.ForwardingClientCallListener.onMessage(ForwardingClientCallListener.java:33)
	at org.apache.ratis.thirdparty.io.grpc.ForwardingClientCallListener.onMessage(ForwardingClientCallListener.java:33)
	at org.apache.ratis.thirdparty.io.grpc.internal.ClientCallImpl$ClientStreamListenerImpl$1MessagesAvailable.runInContext(ClientCallImpl.java:519)
	at org.apache.ratis.thirdparty.io.grpc.internal.ContextRunnable.run(ContextRunnable.java:37)
	at org.apache.ratis.thirdparty.io.grpc.internal.SerializingExecutor.run(SerializingExecutor.java:123)
	at java.util.concurrent.ThreadPoolExecutor.runWorker(ThreadPoolExecutor.java:1149)
	at java.util.concurrent.ThreadPoolExecutor$Worker.run(ThreadPoolExecutor.java:624)
	at java.lang.Thread.run(Thread.java:748)
Caused by: org.apache.ratis.protocol.NotLeaderException: Server 63945773-f795-4888-b22e-7c9ec0fbc5da@group-492F3DA3AAE8 is not the leader 2c1dfcd2-f5f6-4d27-8cde-b5b1d4e3262e:192.168.30.19:36329
	at org.apache.ratis.client.impl.ClientProtoUtils.toRaftClientReply(ClientProtoUtils.java:243)
	at org.apache.ratis.grpc.client.GrpcClientProtocolClient$AsyncStreamObservers$1.onNext(GrpcClientProtocolClient.java:263)
	... 10 more
</error>
    <system-out><![CDATA[2019-09-27 11:15:10,071 [main] WARN  server.ServerUtils (ServerUtils.java:getScmDbDir(145)) - ozone.scm.db.dirs is not configured. We recommend adding this setting. Falling back to ozone.metadata.dirs instead.
2019-09-27 11:15:10,096 [main] WARN  server.ServerUtils (ServerUtils.java:getScmDbDir(145)) - ozone.scm.db.dirs is not configured. We recommend adding this setting. Falling back to ozone.metadata.dirs instead.
2019-09-27 11:15:10,097 [main] WARN  server.ServerUtils (ServerUtils.java:getScmDbDir(145)) - ozone.scm.db.dirs is not configured. We recommend adding this setting. Falling back to ozone.metadata.dirs instead.
2019-09-27 11:15:10,097 [main] INFO  db.DBStoreBuilder (DBStoreBuilder.java:addTable(110)) - using custom profile for table: deletedBlocks
2019-09-27 11:15:10,098 [main] INFO  db.DBStoreBuilder (DBStoreBuilder.java:processTables(161)) - Using default column profile:DBProfile.DISK for Table:deletedBlocks
2019-09-27 11:15:10,098 [main] INFO  db.DBStoreBuilder (DBStoreBuilder.java:addTable(110)) - using custom profile for table: validCerts
2019-09-27 11:15:10,098 [main] INFO  db.DBStoreBuilder (DBStoreBuilder.java:processTables(161)) - Using default column profile:DBProfile.DISK for Table:validCerts
2019-09-27 11:15:10,098 [main] INFO  db.DBStoreBuilder (DBStoreBuilder.java:addTable(110)) - using custom profile for table: revokedCerts
2019-09-27 11:15:10,098 [main] INFO  db.DBStoreBuilder (DBStoreBuilder.java:processTables(161)) - Using default column profile:DBProfile.DISK for Table:revokedCerts
2019-09-27 11:15:10,099 [main] INFO  db.DBStoreBuilder (DBStoreBuilder.java:addTable(110)) - using custom profile for table: default
2019-09-27 11:15:10,099 [main] INFO  db.DBStoreBuilder (DBStoreBuilder.java:processTables(167)) - Using default column profile:DBProfile.DISK for Table:default
2019-09-27 11:15:10,099 [main] INFO  db.DBStoreBuilder (DBStoreBuilder.java:getDbProfile(198)) - Using default options. DBProfile.DISK
2019-09-27 11:15:10,426 [main] INFO  net.NodeSchemaLoader (NodeSchemaLoader.java:loadSchemaFromFile(125)) - Loading file from sun.misc.CompoundEnumeration@b5de58f
2019-09-27 11:15:10,426 [main] INFO  net.NodeSchemaLoader (NodeSchemaLoader.java:loadSchema(171)) - Loading network topology layer schema file
2019-09-27 11:15:10,432 [main] WARN  server.ServerUtils (ServerUtils.java:sanitizeUserArgs(70)) - ozone.scm.stale.node.interval value = 300000 is larger than max = 100000 based on the key value of ozone.scm.heartbeat.thread.interval, reset to the max value 100000.
2019-09-27 11:15:10,432 [main] WARN  server.ServerUtils (ServerUtils.java:sanitizeUserArgs(70)) - ozone.scm.stale.node.interval value = 300000 is larger than max = 100000 based on the key value of ozone.scm.heartbeat.thread.interval, reset to the max value 100000.
2019-09-27 11:15:10,433 [main] INFO  node.SCMNodeManager (SCMNodeManager.java:<init>(114)) - Entering startup safe mode.
2019-09-27 11:15:10,434 [main] INFO  algorithms.ContainerPlacementPolicyFactory (ContainerPlacementPolicyFactory.java:getPolicy(57)) - Create container placement policy of type org.apache.hadoop.hdds.scm.container.placement.algorithms.SCMContainerPlacementRandom
2019-09-27 11:15:10,434 [main] WARN  server.ServerUtils (ServerUtils.java:getScmDbDir(145)) - ozone.scm.db.dirs is not configured. We recommend adding this setting. Falling back to ozone.metadata.dirs instead.
2019-09-27 11:15:10,534 [main] INFO  pipeline.SCMPipelineManager (SCMPipelineManager.java:initializePipelineState(132)) - No pipeline exists in current db
2019-09-27 11:15:10,534 [main] WARN  server.ServerUtils (ServerUtils.java:getScmDbDir(145)) - ozone.scm.db.dirs is not configured. We recommend adding this setting. Falling back to ozone.metadata.dirs instead.
2019-09-27 11:15:10,645 [main] WARN  events.EventQueue (EventQueue.java:fireEvent(183)) - No event handler registered for event TypedEvent{payloadType=SafeModeStatus, name='SafeModeStatus'}
2019-09-27 11:15:10,646 [main] INFO  ipc.CallQueueManager (CallQueueManager.java:<init>(84)) - Using callQueue: class java.util.concurrent.LinkedBlockingQueue, queueCapacity: 2000, scheduler: class org.apache.hadoop.ipc.DefaultRpcScheduler, ipcBackoff: false.
2019-09-27 11:15:10,647 [Socket Reader #1 for port 35324] INFO  ipc.Server (Server.java:run(1074)) - Starting Socket Reader #1 for port 35324
2019-09-27 11:15:10,648 [main] INFO  ipc.CallQueueManager (CallQueueManager.java:<init>(84)) - Using callQueue: class java.util.concurrent.LinkedBlockingQueue, queueCapacity: 2000, scheduler: class org.apache.hadoop.ipc.DefaultRpcScheduler, ipcBackoff: false.
2019-09-27 11:15:10,649 [Socket Reader #1 for port 40533] INFO  ipc.Server (Server.java:run(1074)) - Starting Socket Reader #1 for port 40533
2019-09-27 11:15:10,650 [main] INFO  ipc.CallQueueManager (CallQueueManager.java:<init>(84)) - Using callQueue: class java.util.concurrent.LinkedBlockingQueue, queueCapacity: 2000, scheduler: class org.apache.hadoop.ipc.DefaultRpcScheduler, ipcBackoff: false.
2019-09-27 11:15:10,651 [Socket Reader #1 for port 36561] INFO  ipc.Server (Server.java:run(1074)) - Starting Socket Reader #1 for port 36561
2019-09-27 11:15:10,653 [main] INFO  hdfs.DFSUtil (DFSUtil.java:httpServerTemplateForNNAndJN(1641)) - Starting Web-server for scm at: http://0.0.0.0:0
2019-09-27 11:15:10,656 [main] INFO  server.AuthenticationFilter (AuthenticationFilter.java:constructSecretProvider(240)) - Unable to initialize FileSignerSecretProvider, falling back to use random secrets.
2019-09-27 11:15:10,656 [main] WARN  http.HttpRequestLog (HttpRequestLog.java:getRequestLog(97)) - Jetty request log can only be enabled using Log4j
2019-09-27 11:15:10,658 [main] INFO  http.HttpServer2 (HttpServer2.java:addGlobalFilter(975)) - Added global filter 'safety' (class=org.apache.hadoop.http.HttpServer2$QuotingInputFilter)
2019-09-27 11:15:10,659 [main] INFO  http.HttpServer2 (HttpServer2.java:addFilter(948)) - Added filter static_user_filter (class=org.apache.hadoop.http.lib.StaticUserWebFilter$StaticUserFilter) to context scm
2019-09-27 11:15:10,659 [main] INFO  http.HttpServer2 (HttpServer2.java:addFilter(958)) - Added filter static_user_filter (class=org.apache.hadoop.http.lib.StaticUserWebFilter$StaticUserFilter) to context logs
2019-09-27 11:15:10,660 [main] INFO  http.HttpServer2 (HttpServer2.java:addFilter(958)) - Added filter static_user_filter (class=org.apache.hadoop.http.lib.StaticUserWebFilter$StaticUserFilter) to context static
2019-09-27 11:15:10,662 [main] INFO  server.StorageContainerManager (StorageContainerManager.java:start(770)) - StorageContainerLocationProtocol RPC server is listening at /0.0.0.0:36561
2019-09-27 11:15:10,665 [main] WARN  impl.MetricsConfig (MetricsConfig.java:loadFirst(134)) - Cannot locate configuration: tried hadoop-metrics2-storagecontainermanager.properties,hadoop-metrics2.properties
2019-09-27 11:15:10,666 [main] INFO  impl.MetricsSystemImpl (MetricsSystemImpl.java:startTimer(374)) - Scheduled Metric snapshot period at 10 second(s).
2019-09-27 11:15:10,666 [main] INFO  impl.MetricsSystemImpl (MetricsSystemImpl.java:start(191)) - StorageContainerManager metrics system started
2019-09-27 11:15:10,706 [main] WARN  impl.MetricsSystemImpl (MetricsSystemImpl.java:register(276)) - Sink prometheus already exists!
2019-09-27 11:15:10,709 [main] INFO  server.SCMClientProtocolServer (SCMClientProtocolServer.java:start(150)) - RPC server for Client  is listening at /0.0.0.0:36561
2019-09-27 11:15:10,710 [IPC Server Responder] INFO  ipc.Server (Server.java:run(1314)) - IPC Server Responder: starting
2019-09-27 11:15:10,710 [IPC Server listener on 36561] INFO  ipc.Server (Server.java:run(1153)) - IPC Server listener on 36561: starting
2019-09-27 11:15:10,713 [main] INFO  server.StorageContainerManager (StorageContainerManager.java:start(780)) - ScmBlockLocationProtocol RPC server is listening at /0.0.0.0:40533
2019-09-27 11:15:10,713 [main] INFO  server.SCMBlockProtocolServer (SCMBlockProtocolServer.java:start(146)) - RPC server for Block Protocol is listening at /0.0.0.0:40533
2019-09-27 11:15:10,714 [IPC Server Responder] INFO  ipc.Server (Server.java:run(1314)) - IPC Server Responder: starting
2019-09-27 11:15:10,714 [IPC Server listener on 40533] INFO  ipc.Server (Server.java:run(1153)) - IPC Server listener on 40533: starting
2019-09-27 11:15:10,717 [main] INFO  server.StorageContainerManager (StorageContainerManager.java:start(784)) - ScmDatanodeProtocl RPC server is listening at /0.0.0.0:35324
2019-09-27 11:15:10,717 [main] INFO  server.SCMDatanodeProtocolServer (SCMDatanodeProtocolServer.java:start(191)) - RPC server for DataNodes is listening at /0.0.0.0:35324
2019-09-27 11:15:10,717 [IPC Server Responder] INFO  ipc.Server (Server.java:run(1314)) - IPC Server Responder: starting
2019-09-27 11:15:10,717 [IPC Server listener on 35324] INFO  ipc.Server (Server.java:run(1153)) - IPC Server listener on 35324: starting
2019-09-27 11:15:10,720 [main] INFO  http.HttpServer2 (HttpServer2.java:bindListener(1191)) - Jetty bound to port 40637
2019-09-27 11:15:10,720 [main] INFO  server.Server (Server.java:doStart(351)) - jetty-9.3.25.v20180904, build timestamp: 2018-09-04T21:11:46Z, git hash: 3ce520221d0240229c862b122d2b06c12a625732
2019-09-27 11:15:10,722 [main] INFO  handler.ContextHandler (ContextHandler.java:doStart(781)) - Started o.e.j.s.ServletContextHandler@4a3bd45b{/logs,file:///workdir/hadoop-ozone/integration-test/target/log,AVAILABLE}
2019-09-27 11:15:10,722 [main] INFO  handler.ContextHandler (ContextHandler.java:doStart(781)) - Started o.e.j.s.ServletContextHandler@4f2d995e{/static,file:///workdir/hadoop-ozone/integration-test/target/test-classes/webapps/static,AVAILABLE}
2019-09-27 11:15:10,727 [main] INFO  handler.ContextHandler (ContextHandler.java:doStart(781)) - Started o.e.j.w.WebAppContext@239f017e{/,file:///workdir/hadoop-ozone/integration-test/target/test-classes/webapps/scm/,AVAILABLE}{/scm}
2019-09-27 11:15:10,727 [main] INFO  server.AbstractConnector (AbstractConnector.java:doStart(278)) - Started ServerConnector@38cedb7d{HTTP/1.1,[http/1.1]}{0.0.0.0:40637}
2019-09-27 11:15:10,728 [main] INFO  server.Server (Server.java:doStart(419)) - Started @44509ms
2019-09-27 11:15:10,728 [main] WARN  impl.MetricsSystemImpl (MetricsSystemImpl.java:register(276)) - Sink prometheus already exists!
2019-09-27 11:15:10,729 [main] INFO  server.BaseHttpServer (BaseHttpServer.java:updateConnectorAddress(215)) - HTTP server of SCM is listening at http://0.0.0.0:40637
2019-09-27 11:15:10,729 [main] WARN  server.ServerUtils (ServerUtils.java:getDBPath(222)) - ozone.om.db.dirs is not configured. We recommend adding this setting. Falling back to ozone.metadata.dirs instead.
2019-09-27 11:15:10,730 [org.apache.hadoop.util.JvmPauseMonitor$Monitor@2acdcce8] INFO  util.JvmPauseMonitor (JvmPauseMonitor.java:run(188)) - Starting JVM pause monitor
2019-09-27 11:15:10,759 [main] WARN  server.ServerUtils (ServerUtils.java:getDBPath(222)) - ozone.om.db.dirs is not configured. We recommend adding this setting. Falling back to ozone.metadata.dirs instead.
2019-09-27 11:15:10,760 [main] WARN  server.ServerUtils (ServerUtils.java:getDBPath(222)) - ozone.om.db.dirs is not configured. We recommend adding this setting. Falling back to ozone.metadata.dirs instead.
2019-09-27 11:15:10,760 [main] INFO  om.OzoneManager (OzoneManager.java:setOMNodeDetails(652)) - OM Service ID is not set. Setting it to the default ID: omServiceIdDefault
2019-09-27 11:15:10,760 [main] INFO  om.OzoneManager (OzoneManager.java:setOMNodeDetails(658)) - OM Node ID is not set. Setting it to the OmStorage's OmID: 0fc099ed-96b1-44ec-b304-2fdf48f4c609
2019-09-27 11:15:10,760 [main] INFO  om.OzoneManager (OzoneManager.java:loadOMHAConfigs(609)) - Found matching OM address with OMServiceId: null, OMNodeId: null, RPC Address: localhost:0 and Ratis port: 9872
2019-09-27 11:15:10,766 [main] WARN  server.ServerUtils (ServerUtils.java:getDBPath(222)) - ozone.om.db.dirs is not configured. We recommend adding this setting. Falling back to ozone.metadata.dirs instead.
2019-09-27 11:15:10,766 [main] INFO  db.DBStoreBuilder (DBStoreBuilder.java:addTable(110)) - using custom profile for table: userTable
2019-09-27 11:15:10,767 [main] INFO  db.DBStoreBuilder (DBStoreBuilder.java:processTables(161)) - Using default column profile:DBProfile.DISK for Table:userTable
2019-09-27 11:15:10,767 [main] INFO  db.DBStoreBuilder (DBStoreBuilder.java:addTable(110)) - using custom profile for table: volumeTable
2019-09-27 11:15:10,767 [main] INFO  db.DBStoreBuilder (DBStoreBuilder.java:processTables(161)) - Using default column profile:DBProfile.DISK for Table:volumeTable
2019-09-27 11:15:10,767 [main] INFO  db.DBStoreBuilder (DBStoreBuilder.java:addTable(110)) - using custom profile for table: bucketTable
2019-09-27 11:15:10,767 [main] INFO  db.DBStoreBuilder (DBStoreBuilder.java:processTables(161)) - Using default column profile:DBProfile.DISK for Table:bucketTable
2019-09-27 11:15:10,767 [main] INFO  db.DBStoreBuilder (DBStoreBuilder.java:addTable(110)) - using custom profile for table: keyTable
2019-09-27 11:15:10,767 [main] INFO  db.DBStoreBuilder (DBStoreBuilder.java:processTables(161)) - Using default column profile:DBProfile.DISK for Table:keyTable
2019-09-27 11:15:10,768 [main] INFO  db.DBStoreBuilder (DBStoreBuilder.java:addTable(110)) - using custom profile for table: deletedTable
2019-09-27 11:15:10,768 [main] INFO  db.DBStoreBuilder (DBStoreBuilder.java:processTables(161)) - Using default column profile:DBProfile.DISK for Table:deletedTable
2019-09-27 11:15:10,768 [main] INFO  db.DBStoreBuilder (DBStoreBuilder.java:addTable(110)) - using custom profile for table: openKeyTable
2019-09-27 11:15:10,768 [main] INFO  db.DBStoreBuilder (DBStoreBuilder.java:processTables(161)) - Using default column profile:DBProfile.DISK for Table:openKeyTable
2019-09-27 11:15:10,768 [main] INFO  db.DBStoreBuilder (DBStoreBuilder.java:addTable(110)) - using custom profile for table: s3Table
2019-09-27 11:15:10,768 [main] INFO  db.DBStoreBuilder (DBStoreBuilder.java:processTables(161)) - Using default column profile:DBProfile.DISK for Table:s3Table
2019-09-27 11:15:10,769 [main] INFO  db.DBStoreBuilder (DBStoreBuilder.java:addTable(110)) - using custom profile for table: multipartInfoTable
2019-09-27 11:15:10,769 [main] INFO  db.DBStoreBuilder (DBStoreBuilder.java:processTables(161)) - Using default column profile:DBProfile.DISK for Table:multipartInfoTable
2019-09-27 11:15:10,769 [main] INFO  db.DBStoreBuilder (DBStoreBuilder.java:addTable(110)) - using custom profile for table: dTokenTable
2019-09-27 11:15:10,769 [main] INFO  db.DBStoreBuilder (DBStoreBuilder.java:processTables(161)) - Using default column profile:DBProfile.DISK for Table:dTokenTable
2019-09-27 11:15:10,769 [main] INFO  db.DBStoreBuilder (DBStoreBuilder.java:addTable(110)) - using custom profile for table: s3SecretTable
2019-09-27 11:15:10,769 [main] INFO  db.DBStoreBuilder (DBStoreBuilder.java:processTables(161)) - Using default column profile:DBProfile.DISK for Table:s3SecretTable
2019-09-27 11:15:10,770 [main] INFO  db.DBStoreBuilder (DBStoreBuilder.java:addTable(110)) - using custom profile for table: prefixTable
2019-09-27 11:15:10,770 [main] INFO  db.DBStoreBuilder (DBStoreBuilder.java:processTables(161)) - Using default column profile:DBProfile.DISK for Table:prefixTable
2019-09-27 11:15:10,770 [main] INFO  db.DBStoreBuilder (DBStoreBuilder.java:addTable(110)) - using custom profile for table: default
2019-09-27 11:15:10,770 [main] INFO  db.DBStoreBuilder (DBStoreBuilder.java:processTables(167)) - Using default column profile:DBProfile.DISK for Table:default
2019-09-27 11:15:10,770 [main] INFO  db.DBStoreBuilder (DBStoreBuilder.java:getDbProfile(198)) - Using default options. DBProfile.DISK
2019-09-27 11:15:11,655 [main] INFO  ipc.CallQueueManager (CallQueueManager.java:<init>(84)) - Using callQueue: class java.util.concurrent.LinkedBlockingQueue, queueCapacity: 2000, scheduler: class org.apache.hadoop.ipc.DefaultRpcScheduler, ipcBackoff: false.
2019-09-27 11:15:11,657 [Socket Reader #1 for port 42254] INFO  ipc.Server (Server.java:run(1074)) - Starting Socket Reader #1 for port 42254
2019-09-27 11:15:11,674 [main] INFO  om.OzoneManager (OzoneManager.java:start(1243)) - OzoneManager RPC server is listening at localhost/127.0.0.1:42254
2019-09-27 11:15:11,674 [main] INFO  impl.MetricsSystemImpl (MetricsSystemImpl.java:init(158)) - OzoneManager metrics system started (again)
2019-09-27 11:15:11,675 [IPC Server Responder] INFO  ipc.Server (Server.java:run(1314)) - IPC Server Responder: starting
2019-09-27 11:15:11,675 [IPC Server listener on 42254] INFO  ipc.Server (Server.java:run(1153)) - IPC Server listener on 42254: starting
2019-09-27 11:15:11,681 [main] INFO  hdfs.DFSUtil (DFSUtil.java:httpServerTemplateForNNAndJN(1641)) - Starting Web-server for ozoneManager at: http://0.0.0.0:0
2019-09-27 11:15:11,682 [main] INFO  server.AuthenticationFilter (AuthenticationFilter.java:constructSecretProvider(240)) - Unable to initialize FileSignerSecretProvider, falling back to use random secrets.
2019-09-27 11:15:11,683 [main] WARN  http.HttpRequestLog (HttpRequestLog.java:getRequestLog(97)) - Jetty request log can only be enabled using Log4j
2019-09-27 11:15:11,685 [main] INFO  http.HttpServer2 (HttpServer2.java:addGlobalFilter(975)) - Added global filter 'safety' (class=org.apache.hadoop.http.HttpServer2$QuotingInputFilter)
2019-09-27 11:15:11,686 [main] INFO  http.HttpServer2 (HttpServer2.java:addFilter(948)) - Added filter static_user_filter (class=org.apache.hadoop.http.lib.StaticUserWebFilter$StaticUserFilter) to context ozoneManager
2019-09-27 11:15:11,686 [main] INFO  http.HttpServer2 (HttpServer2.java:addFilter(958)) - Added filter static_user_filter (class=org.apache.hadoop.http.lib.StaticUserWebFilter$StaticUserFilter) to context static
2019-09-27 11:15:11,686 [main] INFO  http.HttpServer2 (HttpServer2.java:addFilter(958)) - Added filter static_user_filter (class=org.apache.hadoop.http.lib.StaticUserWebFilter$StaticUserFilter) to context logs
2019-09-27 11:15:11,687 [main] INFO  http.HttpServer2 (HttpServer2.java:bindListener(1191)) - Jetty bound to port 44337
2019-09-27 11:15:11,687 [main] INFO  server.Server (Server.java:doStart(351)) - jetty-9.3.25.v20180904, build timestamp: 2018-09-04T21:11:46Z, git hash: 3ce520221d0240229c862b122d2b06c12a625732
2019-09-27 11:15:11,689 [main] INFO  handler.ContextHandler (ContextHandler.java:doStart(781)) - Started o.e.j.s.ServletContextHandler@7cac93fe{/logs,file:///workdir/hadoop-ozone/integration-test/target/log,AVAILABLE}
2019-09-27 11:15:11,690 [main] INFO  handler.ContextHandler (ContextHandler.java:doStart(781)) - Started o.e.j.s.ServletContextHandler@64deb58f{/static,file:///workdir/hadoop-ozone/integration-test/target/test-classes/webapps/static,AVAILABLE}
2019-09-27 11:15:11,695 [main] INFO  handler.ContextHandler (ContextHandler.java:doStart(781)) - Started o.e.j.w.WebAppContext@45adc393{/,file:///workdir/hadoop-ozone/integration-test/target/test-classes/webapps/ozoneManager/,AVAILABLE}{/ozoneManager}
2019-09-27 11:15:11,696 [main] INFO  server.AbstractConnector (AbstractConnector.java:doStart(278)) - Started ServerConnector@65fe2691{HTTP/1.1,[http/1.1]}{0.0.0.0:44337}
2019-09-27 11:15:11,696 [main] INFO  server.Server (Server.java:doStart(419)) - Started @45477ms
2019-09-27 11:15:11,697 [main] WARN  impl.MetricsSystemImpl (MetricsSystemImpl.java:register(276)) - Sink prometheus already exists!
2019-09-27 11:15:11,698 [main] INFO  server.BaseHttpServer (BaseHttpServer.java:updateConnectorAddress(215)) - HTTP server of OZONEMANAGER is listening at http://0.0.0.0:44337
2019-09-27 11:15:11,718 [main] INFO  impl.MetricsSystemImpl (MetricsSystemImpl.java:init(158)) - HddsDatanode metrics system started (again)
2019-09-27 11:15:11,720 [main] INFO  ozone.HddsDatanodeService (HddsDatanodeService.java:start(184)) - HddsDatanodeService host:pr-hdds-2166-8ptj5-2756111467 ip:192.168.30.19
2019-09-27 11:15:11,726 [main] INFO  volume.HddsVolume (HddsVolume.java:<init>(176)) - Creating Volume: /workdir/hadoop-ozone/integration-test/target/test-dir/MiniOzoneClusterImpl-42dc4d63-2424-41fa-b594-829d6399a12e/datanode-0/data/containers/hdds of  storage type : DISK and capacity : 1482555576320
2019-09-27 11:15:11,727 [main] INFO  volume.VolumeSet (VolumeSet.java:initializeVolumeSet(170)) - Added Volume : /workdir/hadoop-ozone/integration-test/target/test-dir/MiniOzoneClusterImpl-42dc4d63-2424-41fa-b594-829d6399a12e/datanode-0/data/containers/hdds to VolumeSet
2019-09-27 11:15:11,727 [main] INFO  volume.ThrottledAsyncChecker (ThrottledAsyncChecker.java:schedule(139)) - Scheduling a check for org.apache.hadoop.ozone.container.common.volume.HddsVolume@35c4e864
2019-09-27 11:15:11,727 [main] INFO  volume.HddsVolumeChecker (HddsVolumeChecker.java:checkAllVolumes(202)) - Scheduled health check for volume org.apache.hadoop.ozone.container.common.volume.HddsVolume@35c4e864
2019-09-27 11:15:11,742 [main] INFO  impl.RaftServerProxy (ConfUtils.java:logGet(43)) - raft.rpc.type = GRPC (default)
2019-09-27 11:15:11,743 [main] INFO  grpc.GrpcFactory (GrpcFactory.java:checkPooledByteBufAllocatorUseCacheForAllThreads(45)) - PERFORMANCE WARNING: useCacheForAllThreads is true that may cause Netty to create a lot garbage objects and, as a result, trigger GC.
	It is recommended to disable useCacheForAllThreads by setting -Dorg.apache.ratis.thirdparty.io.netty.allocator.useCacheForAllThreads=false in command line.
2019-09-27 11:15:11,743 [main] INFO  grpc.GrpcConfigKeys$Server (ConfUtils.java:logGet(43)) - raft.grpc.server.port = 0 (default)
2019-09-27 11:15:11,743 [main] INFO  server.GrpcService (ConfUtils.java:logGet(43)) - raft.grpc.message.size.max = 33570816 (custom)
2019-09-27 11:15:11,744 [main] INFO  server.RaftServerConfigKeys (ConfUtils.java:logGet(43)) - raft.server.log.appender.buffer.byte-limit = 33554432 (custom)
2019-09-27 11:15:11,744 [main] INFO  server.GrpcService (ConfUtils.java:logGet(43)) - raft.grpc.flow.control.window = 1MB (=1048576) (default)
2019-09-27 11:15:11,744 [main] INFO  server.RaftServerConfigKeys (ConfUtils.java:logGet(43)) - raft.server.rpc.request.timeout = 3000ms (default)
2019-09-27 11:15:11,745 [main] INFO  server.RaftServerConfigKeys (ConfUtils.java:logGet(43)) - raft.server.storage.dir = [/workdir/hadoop-ozone/integration-test/target/test-dir/MiniOzoneClusterImpl-42dc4d63-2424-41fa-b594-829d6399a12e/datanode-0/data/ratis] (custom)
2019-09-27 11:15:11,746 [main] INFO  hdfs.DFSUtil (DFSUtil.java:httpServerTemplateForNNAndJN(1641)) - Starting Web-server for hddsDatanode at: http://0.0.0.0:0
2019-09-27 11:15:11,748 [main] INFO  server.AuthenticationFilter (AuthenticationFilter.java:constructSecretProvider(240)) - Unable to initialize FileSignerSecretProvider, falling back to use random secrets.
2019-09-27 11:15:11,748 [main] WARN  http.HttpRequestLog (HttpRequestLog.java:getRequestLog(97)) - Jetty request log can only be enabled using Log4j
2019-09-27 11:15:11,750 [main] INFO  http.HttpServer2 (HttpServer2.java:addGlobalFilter(975)) - Added global filter 'safety' (class=org.apache.hadoop.http.HttpServer2$QuotingInputFilter)
2019-09-27 11:15:11,750 [main] INFO  http.HttpServer2 (HttpServer2.java:addFilter(948)) - Added filter static_user_filter (class=org.apache.hadoop.http.lib.StaticUserWebFilter$StaticUserFilter) to context hddsDatanode
2019-09-27 11:15:11,750 [main] INFO  http.HttpServer2 (HttpServer2.java:addFilter(958)) - Added filter static_user_filter (class=org.apache.hadoop.http.lib.StaticUserWebFilter$StaticUserFilter) to context static
2019-09-27 11:15:11,750 [main] INFO  http.HttpServer2 (HttpServer2.java:addFilter(958)) - Added filter static_user_filter (class=org.apache.hadoop.http.lib.StaticUserWebFilter$StaticUserFilter) to context logs
2019-09-27 11:15:11,751 [main] INFO  http.HttpServer2 (HttpServer2.java:bindListener(1191)) - Jetty bound to port 42774
2019-09-27 11:15:11,751 [main] INFO  server.Server (Server.java:doStart(351)) - jetty-9.3.25.v20180904, build timestamp: 2018-09-04T21:11:46Z, git hash: 3ce520221d0240229c862b122d2b06c12a625732
2019-09-27 11:15:11,753 [main] INFO  handler.ContextHandler (ContextHandler.java:doStart(781)) - Started o.e.j.s.ServletContextHandler@4130955c{/logs,file:///workdir/hadoop-ozone/integration-test/target/log,AVAILABLE}
2019-09-27 11:15:11,754 [main] INFO  handler.ContextHandler (ContextHandler.java:doStart(781)) - Started o.e.j.s.ServletContextHandler@71adfedd{/static,jar:file:/home/user/.m2/repository/org/apache/hadoop/hadoop-hdds-container-service/0.5.0-SNAPSHOT/hadoop-hdds-container-service-0.5.0-SNAPSHOT.jar!/webapps/static,AVAILABLE}
2019-09-27 11:15:11,787 [main] INFO  handler.ContextHandler (ContextHandler.java:doStart(781)) - Started o.e.j.w.WebAppContext@6807a356{/,file:///tmp/jetty-0.0.0.0-42774-hddsDatanode-_-any-4564968295653240825.dir/webapp/,AVAILABLE}{/hddsDatanode}
2019-09-27 11:15:11,787 [main] INFO  server.AbstractConnector (AbstractConnector.java:doStart(278)) - Started ServerConnector@7ddd84b5{HTTP/1.1,[http/1.1]}{0.0.0.0:42774}
2019-09-27 11:15:11,789 [main] INFO  server.Server (Server.java:doStart(419)) - Started @45569ms
2019-09-27 11:15:11,789 [main] WARN  impl.MetricsSystemImpl (MetricsSystemImpl.java:register(276)) - Sink prometheus already exists!
2019-09-27 11:15:11,794 [main] INFO  server.BaseHttpServer (BaseHttpServer.java:updateConnectorAddress(215)) - HTTP server of HDDSDATANODE is listening at http://0.0.0.0:42774
2019-09-27 11:15:11,794 [main] INFO  impl.MetricsSystemImpl (MetricsSystemImpl.java:init(158)) - HddsDatanode metrics system started (again)
2019-09-27 11:15:11,798 [org.apache.hadoop.util.JvmPauseMonitor$Monitor@1b32c93d] INFO  util.JvmPauseMonitor (JvmPauseMonitor.java:run(188)) - Starting JVM pause monitor
2019-09-27 11:15:11,799 [main] INFO  ozone.HddsDatanodeService (HddsDatanodeService.java:start(184)) - HddsDatanodeService host:pr-hdds-2166-8ptj5-2756111467 ip:192.168.30.19
2019-09-27 11:15:11,800 [Datanode State Machine Thread - 0] INFO  datanode.InitDatanodeState (InitDatanodeState.java:persistContainerDatanodeDetails(140)) - DatanodeDetails is persisted to /workdir/hadoop-ozone/integration-test/target/test-dir/MiniOzoneClusterImpl-42dc4d63-2424-41fa-b594-829d6399a12e/datanode-0/meta/datanode.id
2019-09-27 11:15:11,805 [main] INFO  volume.HddsVolume (HddsVolume.java:<init>(176)) - Creating Volume: /workdir/hadoop-ozone/integration-test/target/test-dir/MiniOzoneClusterImpl-42dc4d63-2424-41fa-b594-829d6399a12e/datanode-1/data/containers/hdds of  storage type : DISK and capacity : 1482555576320
2019-09-27 11:15:11,805 [main] INFO  volume.VolumeSet (VolumeSet.java:initializeVolumeSet(170)) - Added Volume : /workdir/hadoop-ozone/integration-test/target/test-dir/MiniOzoneClusterImpl-42dc4d63-2424-41fa-b594-829d6399a12e/datanode-1/data/containers/hdds to VolumeSet
2019-09-27 11:15:11,805 [main] INFO  volume.ThrottledAsyncChecker (ThrottledAsyncChecker.java:schedule(139)) - Scheduling a check for org.apache.hadoop.ozone.container.common.volume.HddsVolume@11d045b4
2019-09-27 11:15:11,806 [main] INFO  volume.HddsVolumeChecker (HddsVolumeChecker.java:checkAllVolumes(202)) - Scheduled health check for volume org.apache.hadoop.ozone.container.common.volume.HddsVolume@11d045b4
2019-09-27 11:15:11,820 [main] INFO  impl.RaftServerProxy (ConfUtils.java:logGet(43)) - raft.rpc.type = GRPC (default)
2019-09-27 11:15:11,820 [main] INFO  grpc.GrpcFactory (GrpcFactory.java:checkPooledByteBufAllocatorUseCacheForAllThreads(45)) - PERFORMANCE WARNING: useCacheForAllThreads is true that may cause Netty to create a lot garbage objects and, as a result, trigger GC.
	It is recommended to disable useCacheForAllThreads by setting -Dorg.apache.ratis.thirdparty.io.netty.allocator.useCacheForAllThreads=false in command line.
2019-09-27 11:15:11,820 [main] INFO  grpc.GrpcConfigKeys$Server (ConfUtils.java:logGet(43)) - raft.grpc.server.port = 0 (default)
2019-09-27 11:15:11,820 [main] INFO  server.GrpcService (ConfUtils.java:logGet(43)) - raft.grpc.message.size.max = 33570816 (custom)
2019-09-27 11:15:11,821 [main] INFO  server.RaftServerConfigKeys (ConfUtils.java:logGet(43)) - raft.server.log.appender.buffer.byte-limit = 33554432 (custom)
2019-09-27 11:15:11,821 [main] INFO  server.GrpcService (ConfUtils.java:logGet(43)) - raft.grpc.flow.control.window = 1MB (=1048576) (default)
2019-09-27 11:15:11,821 [main] INFO  server.RaftServerConfigKeys (ConfUtils.java:logGet(43)) - raft.server.rpc.request.timeout = 3000ms (default)
2019-09-27 11:15:11,822 [main] INFO  server.RaftServerConfigKeys (ConfUtils.java:logGet(43)) - raft.server.storage.dir = [/workdir/hadoop-ozone/integration-test/target/test-dir/MiniOzoneClusterImpl-42dc4d63-2424-41fa-b594-829d6399a12e/datanode-1/data/ratis] (custom)
2019-09-27 11:15:11,823 [main] INFO  hdfs.DFSUtil (DFSUtil.java:httpServerTemplateForNNAndJN(1641)) - Starting Web-server for hddsDatanode at: http://0.0.0.0:0
2019-09-27 11:15:11,824 [main] INFO  server.AuthenticationFilter (AuthenticationFilter.java:constructSecretProvider(240)) - Unable to initialize FileSignerSecretProvider, falling back to use random secrets.
2019-09-27 11:15:11,825 [main] WARN  http.HttpRequestLog (HttpRequestLog.java:getRequestLog(97)) - Jetty request log can only be enabled using Log4j
2019-09-27 11:15:11,827 [main] INFO  http.HttpServer2 (HttpServer2.java:addGlobalFilter(975)) - Added global filter 'safety' (class=org.apache.hadoop.http.HttpServer2$QuotingInputFilter)
2019-09-27 11:15:11,828 [main] INFO  http.HttpServer2 (HttpServer2.java:addFilter(948)) - Added filter static_user_filter (class=org.apache.hadoop.http.lib.StaticUserWebFilter$StaticUserFilter) to context hddsDatanode
2019-09-27 11:15:11,828 [main] INFO  http.HttpServer2 (HttpServer2.java:addFilter(958)) - Added filter static_user_filter (class=org.apache.hadoop.http.lib.StaticUserWebFilter$StaticUserFilter) to context static
2019-09-27 11:15:11,828 [main] INFO  http.HttpServer2 (HttpServer2.java:addFilter(958)) - Added filter static_user_filter (class=org.apache.hadoop.http.lib.StaticUserWebFilter$StaticUserFilter) to context logs
2019-09-27 11:15:11,829 [main] INFO  http.HttpServer2 (HttpServer2.java:bindListener(1191)) - Jetty bound to port 44063
2019-09-27 11:15:11,829 [main] INFO  server.Server (Server.java:doStart(351)) - jetty-9.3.25.v20180904, build timestamp: 2018-09-04T21:11:46Z, git hash: 3ce520221d0240229c862b122d2b06c12a625732
2019-09-27 11:15:11,831 [main] INFO  handler.ContextHandler (ContextHandler.java:doStart(781)) - Started o.e.j.s.ServletContextHandler@46911148{/logs,file:///workdir/hadoop-ozone/integration-test/target/log,AVAILABLE}
2019-09-27 11:15:11,832 [main] INFO  handler.ContextHandler (ContextHandler.java:doStart(781)) - Started o.e.j.s.ServletContextHandler@7e351d7{/static,jar:file:/home/user/.m2/repository/org/apache/hadoop/hadoop-hdds-container-service/0.5.0-SNAPSHOT/hadoop-hdds-container-service-0.5.0-SNAPSHOT.jar!/webapps/static,AVAILABLE}
2019-09-27 11:15:11,872 [main] INFO  handler.ContextHandler (ContextHandler.java:doStart(781)) - Started o.e.j.w.WebAppContext@3ff54f3d{/,file:///tmp/jetty-0.0.0.0-44063-hddsDatanode-_-any-8460990635288072159.dir/webapp/,AVAILABLE}{/hddsDatanode}
2019-09-27 11:15:11,872 [main] INFO  server.AbstractConnector (AbstractConnector.java:doStart(278)) - Started ServerConnector@14c93774{HTTP/1.1,[http/1.1]}{0.0.0.0:44063}
2019-09-27 11:15:11,873 [main] INFO  server.Server (Server.java:doStart(419)) - Started @45654ms
2019-09-27 11:15:11,874 [main] WARN  impl.MetricsSystemImpl (MetricsSystemImpl.java:register(276)) - Sink prometheus already exists!
2019-09-27 11:15:11,874 [main] INFO  server.BaseHttpServer (BaseHttpServer.java:updateConnectorAddress(215)) - HTTP server of HDDSDATANODE is listening at http://0.0.0.0:44063
2019-09-27 11:15:11,874 [main] INFO  impl.MetricsSystemImpl (MetricsSystemImpl.java:init(158)) - HddsDatanode metrics system started (again)
2019-09-27 11:15:11,879 [org.apache.hadoop.util.JvmPauseMonitor$Monitor@9fe3b5f] INFO  util.JvmPauseMonitor (JvmPauseMonitor.java:run(188)) - Starting JVM pause monitor
2019-09-27 11:15:11,879 [main] INFO  ozone.HddsDatanodeService (HddsDatanodeService.java:start(184)) - HddsDatanodeService host:pr-hdds-2166-8ptj5-2756111467 ip:192.168.30.19
2019-09-27 11:15:11,881 [Datanode State Machine Thread - 0] INFO  datanode.InitDatanodeState (InitDatanodeState.java:persistContainerDatanodeDetails(140)) - DatanodeDetails is persisted to /workdir/hadoop-ozone/integration-test/target/test-dir/MiniOzoneClusterImpl-42dc4d63-2424-41fa-b594-829d6399a12e/datanode-1/meta/datanode.id
2019-09-27 11:15:11,886 [main] INFO  volume.HddsVolume (HddsVolume.java:<init>(176)) - Creating Volume: /workdir/hadoop-ozone/integration-test/target/test-dir/MiniOzoneClusterImpl-42dc4d63-2424-41fa-b594-829d6399a12e/datanode-2/data/containers/hdds of  storage type : DISK and capacity : 1482555576320
2019-09-27 11:15:11,887 [main] INFO  volume.VolumeSet (VolumeSet.java:initializeVolumeSet(170)) - Added Volume : /workdir/hadoop-ozone/integration-test/target/test-dir/MiniOzoneClusterImpl-42dc4d63-2424-41fa-b594-829d6399a12e/datanode-2/data/containers/hdds to VolumeSet
2019-09-27 11:15:11,887 [main] INFO  volume.ThrottledAsyncChecker (ThrottledAsyncChecker.java:schedule(139)) - Scheduling a check for org.apache.hadoop.ozone.container.common.volume.HddsVolume@250a9031
2019-09-27 11:15:11,888 [main] INFO  volume.HddsVolumeChecker (HddsVolumeChecker.java:checkAllVolumes(202)) - Scheduled health check for volume org.apache.hadoop.ozone.container.common.volume.HddsVolume@250a9031
2019-09-27 11:15:11,909 [main] INFO  impl.RaftServerProxy (ConfUtils.java:logGet(43)) - raft.rpc.type = GRPC (default)
2019-09-27 11:15:11,909 [main] INFO  grpc.GrpcFactory (GrpcFactory.java:checkPooledByteBufAllocatorUseCacheForAllThreads(45)) - PERFORMANCE WARNING: useCacheForAllThreads is true that may cause Netty to create a lot garbage objects and, as a result, trigger GC.
	It is recommended to disable useCacheForAllThreads by setting -Dorg.apache.ratis.thirdparty.io.netty.allocator.useCacheForAllThreads=false in command line.
2019-09-27 11:15:11,910 [main] INFO  grpc.GrpcConfigKeys$Server (ConfUtils.java:logGet(43)) - raft.grpc.server.port = 0 (default)
2019-09-27 11:15:11,910 [main] INFO  server.GrpcService (ConfUtils.java:logGet(43)) - raft.grpc.message.size.max = 33570816 (custom)
2019-09-27 11:15:11,910 [main] INFO  server.RaftServerConfigKeys (ConfUtils.java:logGet(43)) - raft.server.log.appender.buffer.byte-limit = 33554432 (custom)
2019-09-27 11:15:11,910 [main] INFO  server.GrpcService (ConfUtils.java:logGet(43)) - raft.grpc.flow.control.window = 1MB (=1048576) (default)
2019-09-27 11:15:11,911 [main] INFO  server.RaftServerConfigKeys (ConfUtils.java:logGet(43)) - raft.server.rpc.request.timeout = 3000ms (default)
2019-09-27 11:15:11,911 [main] INFO  server.RaftServerConfigKeys (ConfUtils.java:logGet(43)) - raft.server.storage.dir = [/workdir/hadoop-ozone/integration-test/target/test-dir/MiniOzoneClusterImpl-42dc4d63-2424-41fa-b594-829d6399a12e/datanode-2/data/ratis] (custom)
2019-09-27 11:15:11,913 [main] INFO  hdfs.DFSUtil (DFSUtil.java:httpServerTemplateForNNAndJN(1641)) - Starting Web-server for hddsDatanode at: http://0.0.0.0:0
2019-09-27 11:15:11,915 [main] INFO  server.AuthenticationFilter (AuthenticationFilter.java:constructSecretProvider(240)) - Unable to initialize FileSignerSecretProvider, falling back to use random secrets.
2019-09-27 11:15:11,915 [main] WARN  http.HttpRequestLog (HttpRequestLog.java:getRequestLog(97)) - Jetty request log can only be enabled using Log4j
2019-09-27 11:15:11,918 [main] INFO  http.HttpServer2 (HttpServer2.java:addGlobalFilter(975)) - Added global filter 'safety' (class=org.apache.hadoop.http.HttpServer2$QuotingInputFilter)
2019-09-27 11:15:11,920 [main] INFO  http.HttpServer2 (HttpServer2.java:addFilter(948)) - Added filter static_user_filter (class=org.apache.hadoop.http.lib.StaticUserWebFilter$StaticUserFilter) to context hddsDatanode
2019-09-27 11:15:11,920 [main] INFO  http.HttpServer2 (HttpServer2.java:addFilter(958)) - Added filter static_user_filter (class=org.apache.hadoop.http.lib.StaticUserWebFilter$StaticUserFilter) to context logs
2019-09-27 11:15:11,920 [main] INFO  http.HttpServer2 (HttpServer2.java:addFilter(958)) - Added filter static_user_filter (class=org.apache.hadoop.http.lib.StaticUserWebFilter$StaticUserFilter) to context static
2019-09-27 11:15:11,921 [main] INFO  http.HttpServer2 (HttpServer2.java:bindListener(1191)) - Jetty bound to port 35296
2019-09-27 11:15:11,921 [main] INFO  server.Server (Server.java:doStart(351)) - jetty-9.3.25.v20180904, build timestamp: 2018-09-04T21:11:46Z, git hash: 3ce520221d0240229c862b122d2b06c12a625732
2019-09-27 11:15:11,924 [main] INFO  handler.ContextHandler (ContextHandler.java:doStart(781)) - Started o.e.j.s.ServletContextHandler@45ab3bdd{/logs,file:///workdir/hadoop-ozone/integration-test/target/log,AVAILABLE}
2019-09-27 11:15:11,925 [main] INFO  handler.ContextHandler (ContextHandler.java:doStart(781)) - Started o.e.j.s.ServletContextHandler@1642eeae{/static,jar:file:/home/user/.m2/repository/org/apache/hadoop/hadoop-hdds-container-service/0.5.0-SNAPSHOT/hadoop-hdds-container-service-0.5.0-SNAPSHOT.jar!/webapps/static,AVAILABLE}
2019-09-27 11:15:11,954 [main] INFO  handler.ContextHandler (ContextHandler.java:doStart(781)) - Started o.e.j.w.WebAppContext@13c8ac77{/,file:///tmp/jetty-0.0.0.0-35296-hddsDatanode-_-any-6765099051415133124.dir/webapp/,AVAILABLE}{/hddsDatanode}
2019-09-27 11:15:11,955 [main] INFO  server.AbstractConnector (AbstractConnector.java:doStart(278)) - Started ServerConnector@4bdf{HTTP/1.1,[http/1.1]}{0.0.0.0:35296}
2019-09-27 11:15:11,956 [main] INFO  server.Server (Server.java:doStart(419)) - Started @45737ms
2019-09-27 11:15:11,956 [main] WARN  impl.MetricsSystemImpl (MetricsSystemImpl.java:register(276)) - Sink prometheus already exists!
2019-09-27 11:15:11,957 [main] INFO  server.BaseHttpServer (BaseHttpServer.java:updateConnectorAddress(215)) - HTTP server of HDDSDATANODE is listening at http://0.0.0.0:35296
2019-09-27 11:15:11,958 [main] INFO  impl.MetricsSystemImpl (MetricsSystemImpl.java:init(158)) - HddsDatanode metrics system started (again)
2019-09-27 11:15:11,961 [org.apache.hadoop.util.JvmPauseMonitor$Monitor@7cf22cd] INFO  util.JvmPauseMonitor (JvmPauseMonitor.java:run(188)) - Starting JVM pause monitor
2019-09-27 11:15:11,961 [main] INFO  ozone.HddsDatanodeService (HddsDatanodeService.java:start(184)) - HddsDatanodeService host:pr-hdds-2166-8ptj5-2756111467 ip:192.168.30.19
2019-09-27 11:15:11,963 [Datanode State Machine Thread - 0] INFO  datanode.InitDatanodeState (InitDatanodeState.java:persistContainerDatanodeDetails(140)) - DatanodeDetails is persisted to /workdir/hadoop-ozone/integration-test/target/test-dir/MiniOzoneClusterImpl-42dc4d63-2424-41fa-b594-829d6399a12e/datanode-2/meta/datanode.id
2019-09-27 11:15:11,968 [main] INFO  volume.HddsVolume (HddsVolume.java:<init>(176)) - Creating Volume: /workdir/hadoop-ozone/integration-test/target/test-dir/MiniOzoneClusterImpl-42dc4d63-2424-41fa-b594-829d6399a12e/datanode-3/data/containers/hdds of  storage type : DISK and capacity : 1482555576320
2019-09-27 11:15:11,968 [main] INFO  volume.VolumeSet (VolumeSet.java:initializeVolumeSet(170)) - Added Volume : /workdir/hadoop-ozone/integration-test/target/test-dir/MiniOzoneClusterImpl-42dc4d63-2424-41fa-b594-829d6399a12e/datanode-3/data/containers/hdds to VolumeSet
2019-09-27 11:15:11,968 [main] INFO  volume.ThrottledAsyncChecker (ThrottledAsyncChecker.java:schedule(139)) - Scheduling a check for org.apache.hadoop.ozone.container.common.volume.HddsVolume@3472947a
2019-09-27 11:15:11,969 [main] INFO  volume.HddsVolumeChecker (HddsVolumeChecker.java:checkAllVolumes(202)) - Scheduled health check for volume org.apache.hadoop.ozone.container.common.volume.HddsVolume@3472947a
2019-09-27 11:15:11,986 [main] INFO  impl.RaftServerProxy (ConfUtils.java:logGet(43)) - raft.rpc.type = GRPC (default)
2019-09-27 11:15:11,987 [main] INFO  grpc.GrpcFactory (GrpcFactory.java:checkPooledByteBufAllocatorUseCacheForAllThreads(45)) - PERFORMANCE WARNING: useCacheForAllThreads is true that may cause Netty to create a lot garbage objects and, as a result, trigger GC.
	It is recommended to disable useCacheForAllThreads by setting -Dorg.apache.ratis.thirdparty.io.netty.allocator.useCacheForAllThreads=false in command line.
2019-09-27 11:15:11,987 [main] INFO  grpc.GrpcConfigKeys$Server (ConfUtils.java:logGet(43)) - raft.grpc.server.port = 0 (default)
2019-09-27 11:15:11,987 [main] INFO  server.GrpcService (ConfUtils.java:logGet(43)) - raft.grpc.message.size.max = 33570816 (custom)
2019-09-27 11:15:11,987 [main] INFO  server.RaftServerConfigKeys (ConfUtils.java:logGet(43)) - raft.server.log.appender.buffer.byte-limit = 33554432 (custom)
2019-09-27 11:15:11,988 [main] INFO  server.GrpcService (ConfUtils.java:logGet(43)) - raft.grpc.flow.control.window = 1MB (=1048576) (default)
2019-09-27 11:15:11,988 [main] INFO  server.RaftServerConfigKeys (ConfUtils.java:logGet(43)) - raft.server.rpc.request.timeout = 3000ms (default)
2019-09-27 11:15:11,988 [main] INFO  server.RaftServerConfigKeys (ConfUtils.java:logGet(43)) - raft.server.storage.dir = [/workdir/hadoop-ozone/integration-test/target/test-dir/MiniOzoneClusterImpl-42dc4d63-2424-41fa-b594-829d6399a12e/datanode-3/data/ratis] (custom)
2019-09-27 11:15:11,989 [main] INFO  hdfs.DFSUtil (DFSUtil.java:httpServerTemplateForNNAndJN(1641)) - Starting Web-server for hddsDatanode at: http://0.0.0.0:0
2019-09-27 11:15:11,991 [main] INFO  server.AuthenticationFilter (AuthenticationFilter.java:constructSecretProvider(240)) - Unable to initialize FileSignerSecretProvider, falling back to use random secrets.
2019-09-27 11:15:11,991 [main] WARN  http.HttpRequestLog (HttpRequestLog.java:getRequestLog(97)) - Jetty request log can only be enabled using Log4j
2019-09-27 11:15:11,993 [main] INFO  http.HttpServer2 (HttpServer2.java:addGlobalFilter(975)) - Added global filter 'safety' (class=org.apache.hadoop.http.HttpServer2$QuotingInputFilter)
2019-09-27 11:15:11,994 [main] INFO  http.HttpServer2 (HttpServer2.java:addFilter(948)) - Added filter static_user_filter (class=org.apache.hadoop.http.lib.StaticUserWebFilter$StaticUserFilter) to context hddsDatanode
2019-09-27 11:15:11,994 [main] INFO  http.HttpServer2 (HttpServer2.java:addFilter(958)) - Added filter static_user_filter (class=org.apache.hadoop.http.lib.StaticUserWebFilter$StaticUserFilter) to context logs
2019-09-27 11:15:11,994 [main] INFO  http.HttpServer2 (HttpServer2.java:addFilter(958)) - Added filter static_user_filter (class=org.apache.hadoop.http.lib.StaticUserWebFilter$StaticUserFilter) to context static
2019-09-27 11:15:11,995 [main] INFO  http.HttpServer2 (HttpServer2.java:bindListener(1191)) - Jetty bound to port 35351
2019-09-27 11:15:11,995 [main] INFO  server.Server (Server.java:doStart(351)) - jetty-9.3.25.v20180904, build timestamp: 2018-09-04T21:11:46Z, git hash: 3ce520221d0240229c862b122d2b06c12a625732
2019-09-27 11:15:11,997 [main] INFO  handler.ContextHandler (ContextHandler.java:doStart(781)) - Started o.e.j.s.ServletContextHandler@4fa4f485{/logs,file:///workdir/hadoop-ozone/integration-test/target/log,AVAILABLE}
2019-09-27 11:15:11,997 [main] INFO  handler.ContextHandler (ContextHandler.java:doStart(781)) - Started o.e.j.s.ServletContextHandler@4a44cfc0{/static,jar:file:/home/user/.m2/repository/org/apache/hadoop/hadoop-hdds-container-service/0.5.0-SNAPSHOT/hadoop-hdds-container-service-0.5.0-SNAPSHOT.jar!/webapps/static,AVAILABLE}
2019-09-27 11:15:12,026 [main] INFO  handler.ContextHandler (ContextHandler.java:doStart(781)) - Started o.e.j.w.WebAppContext@6d6d480c{/,file:///tmp/jetty-0.0.0.0-35351-hddsDatanode-_-any-8047302339604904471.dir/webapp/,AVAILABLE}{/hddsDatanode}
2019-09-27 11:15:12,026 [main] INFO  server.AbstractConnector (AbstractConnector.java:doStart(278)) - Started ServerConnector@e95595b{HTTP/1.1,[http/1.1]}{0.0.0.0:35351}
2019-09-27 11:15:12,028 [main] INFO  server.Server (Server.java:doStart(419)) - Started @45809ms
2019-09-27 11:15:12,028 [main] WARN  impl.MetricsSystemImpl (MetricsSystemImpl.java:register(276)) - Sink prometheus already exists!
2019-09-27 11:15:12,029 [main] INFO  server.BaseHttpServer (BaseHttpServer.java:updateConnectorAddress(215)) - HTTP server of HDDSDATANODE is listening at http://0.0.0.0:35351
2019-09-27 11:15:12,029 [main] INFO  impl.MetricsSystemImpl (MetricsSystemImpl.java:init(158)) - HddsDatanode metrics system started (again)
2019-09-27 11:15:12,033 [org.apache.hadoop.util.JvmPauseMonitor$Monitor@958839e] INFO  util.JvmPauseMonitor (JvmPauseMonitor.java:run(188)) - Starting JVM pause monitor
2019-09-27 11:15:12,033 [main] INFO  ozone.HddsDatanodeService (HddsDatanodeService.java:start(184)) - HddsDatanodeService host:pr-hdds-2166-8ptj5-2756111467 ip:192.168.30.19
2019-09-27 11:15:12,034 [Datanode State Machine Thread - 0] INFO  datanode.InitDatanodeState (InitDatanodeState.java:persistContainerDatanodeDetails(140)) - DatanodeDetails is persisted to /workdir/hadoop-ozone/integration-test/target/test-dir/MiniOzoneClusterImpl-42dc4d63-2424-41fa-b594-829d6399a12e/datanode-3/meta/datanode.id
2019-09-27 11:15:12,039 [main] INFO  volume.HddsVolume (HddsVolume.java:<init>(176)) - Creating Volume: /workdir/hadoop-ozone/integration-test/target/test-dir/MiniOzoneClusterImpl-42dc4d63-2424-41fa-b594-829d6399a12e/datanode-4/data/containers/hdds of  storage type : DISK and capacity : 1482555576320
2019-09-27 11:15:12,039 [main] INFO  volume.VolumeSet (VolumeSet.java:initializeVolumeSet(170)) - Added Volume : /workdir/hadoop-ozone/integration-test/target/test-dir/MiniOzoneClusterImpl-42dc4d63-2424-41fa-b594-829d6399a12e/datanode-4/data/containers/hdds to VolumeSet
2019-09-27 11:15:12,040 [main] INFO  volume.ThrottledAsyncChecker (ThrottledAsyncChecker.java:schedule(139)) - Scheduling a check for org.apache.hadoop.ozone.container.common.volume.HddsVolume@32d5279
2019-09-27 11:15:12,040 [main] INFO  volume.HddsVolumeChecker (HddsVolumeChecker.java:checkAllVolumes(202)) - Scheduled health check for volume org.apache.hadoop.ozone.container.common.volume.HddsVolume@32d5279
2019-09-27 11:15:12,058 [main] INFO  impl.RaftServerProxy (ConfUtils.java:logGet(43)) - raft.rpc.type = GRPC (default)
2019-09-27 11:15:12,058 [main] INFO  grpc.GrpcFactory (GrpcFactory.java:checkPooledByteBufAllocatorUseCacheForAllThreads(45)) - PERFORMANCE WARNING: useCacheForAllThreads is true that may cause Netty to create a lot garbage objects and, as a result, trigger GC.
	It is recommended to disable useCacheForAllThreads by setting -Dorg.apache.ratis.thirdparty.io.netty.allocator.useCacheForAllThreads=false in command line.
2019-09-27 11:15:12,058 [main] INFO  grpc.GrpcConfigKeys$Server (ConfUtils.java:logGet(43)) - raft.grpc.server.port = 0 (default)
2019-09-27 11:15:12,058 [main] INFO  server.GrpcService (ConfUtils.java:logGet(43)) - raft.grpc.message.size.max = 33570816 (custom)
2019-09-27 11:15:12,059 [main] INFO  server.RaftServerConfigKeys (ConfUtils.java:logGet(43)) - raft.server.log.appender.buffer.byte-limit = 33554432 (custom)
2019-09-27 11:15:12,059 [main] INFO  server.GrpcService (ConfUtils.java:logGet(43)) - raft.grpc.flow.control.window = 1MB (=1048576) (default)
2019-09-27 11:15:12,059 [main] INFO  server.RaftServerConfigKeys (ConfUtils.java:logGet(43)) - raft.server.rpc.request.timeout = 3000ms (default)
2019-09-27 11:15:12,059 [main] INFO  server.RaftServerConfigKeys (ConfUtils.java:logGet(43)) - raft.server.storage.dir = [/workdir/hadoop-ozone/integration-test/target/test-dir/MiniOzoneClusterImpl-42dc4d63-2424-41fa-b594-829d6399a12e/datanode-4/data/ratis] (custom)
2019-09-27 11:15:12,061 [main] INFO  hdfs.DFSUtil (DFSUtil.java:httpServerTemplateForNNAndJN(1641)) - Starting Web-server for hddsDatanode at: http://0.0.0.0:0
2019-09-27 11:15:12,063 [main] INFO  server.AuthenticationFilter (AuthenticationFilter.java:constructSecretProvider(240)) - Unable to initialize FileSignerSecretProvider, falling back to use random secrets.
2019-09-27 11:15:12,064 [main] WARN  http.HttpRequestLog (HttpRequestLog.java:getRequestLog(97)) - Jetty request log can only be enabled using Log4j
2019-09-27 11:15:12,066 [main] INFO  http.HttpServer2 (HttpServer2.java:addGlobalFilter(975)) - Added global filter 'safety' (class=org.apache.hadoop.http.HttpServer2$QuotingInputFilter)
2019-09-27 11:15:12,067 [main] INFO  http.HttpServer2 (HttpServer2.java:addFilter(948)) - Added filter static_user_filter (class=org.apache.hadoop.http.lib.StaticUserWebFilter$StaticUserFilter) to context hddsDatanode
2019-09-27 11:15:12,068 [main] INFO  http.HttpServer2 (HttpServer2.java:addFilter(958)) - Added filter static_user_filter (class=org.apache.hadoop.http.lib.StaticUserWebFilter$StaticUserFilter) to context logs
2019-09-27 11:15:12,068 [main] INFO  http.HttpServer2 (HttpServer2.java:addFilter(958)) - Added filter static_user_filter (class=org.apache.hadoop.http.lib.StaticUserWebFilter$StaticUserFilter) to context static
2019-09-27 11:15:12,069 [main] INFO  http.HttpServer2 (HttpServer2.java:bindListener(1191)) - Jetty bound to port 42600
2019-09-27 11:15:12,069 [main] INFO  server.Server (Server.java:doStart(351)) - jetty-9.3.25.v20180904, build timestamp: 2018-09-04T21:11:46Z, git hash: 3ce520221d0240229c862b122d2b06c12a625732
2019-09-27 11:15:12,072 [main] INFO  handler.ContextHandler (ContextHandler.java:doStart(781)) - Started o.e.j.s.ServletContextHandler@27443560{/logs,file:///workdir/hadoop-ozone/integration-test/target/log,AVAILABLE}
2019-09-27 11:15:12,073 [main] INFO  handler.ContextHandler (ContextHandler.java:doStart(781)) - Started o.e.j.s.ServletContextHandler@2582b0ef{/static,jar:file:/home/user/.m2/repository/org/apache/hadoop/hadoop-hdds-container-service/0.5.0-SNAPSHOT/hadoop-hdds-container-service-0.5.0-SNAPSHOT.jar!/webapps/static,AVAILABLE}
2019-09-27 11:15:12,113 [main] INFO  handler.ContextHandler (ContextHandler.java:doStart(781)) - Started o.e.j.w.WebAppContext@5d3ff859{/,file:///tmp/jetty-0.0.0.0-42600-hddsDatanode-_-any-7078552189944594945.dir/webapp/,AVAILABLE}{/hddsDatanode}
2019-09-27 11:15:12,113 [main] INFO  server.AbstractConnector (AbstractConnector.java:doStart(278)) - Started ServerConnector@32bb0072{HTTP/1.1,[http/1.1]}{0.0.0.0:42600}
2019-09-27 11:15:12,115 [main] INFO  server.Server (Server.java:doStart(419)) - Started @45896ms
2019-09-27 11:15:12,115 [main] WARN  impl.MetricsSystemImpl (MetricsSystemImpl.java:register(276)) - Sink prometheus already exists!
2019-09-27 11:15:12,116 [main] INFO  server.BaseHttpServer (BaseHttpServer.java:updateConnectorAddress(215)) - HTTP server of HDDSDATANODE is listening at http://0.0.0.0:42600
2019-09-27 11:15:12,116 [main] INFO  impl.MetricsSystemImpl (MetricsSystemImpl.java:init(158)) - HddsDatanode metrics system started (again)
2019-09-27 11:15:12,121 [org.apache.hadoop.util.JvmPauseMonitor$Monitor@491a7a1] INFO  util.JvmPauseMonitor (JvmPauseMonitor.java:run(188)) - Starting JVM pause monitor
2019-09-27 11:15:12,122 [main] INFO  ozone.HddsDatanodeService (HddsDatanodeService.java:start(184)) - HddsDatanodeService host:pr-hdds-2166-8ptj5-2756111467 ip:192.168.30.19
2019-09-27 11:15:12,123 [Datanode State Machine Thread - 0] INFO  datanode.InitDatanodeState (InitDatanodeState.java:persistContainerDatanodeDetails(140)) - DatanodeDetails is persisted to /workdir/hadoop-ozone/integration-test/target/test-dir/MiniOzoneClusterImpl-42dc4d63-2424-41fa-b594-829d6399a12e/datanode-4/meta/datanode.id
2019-09-27 11:15:12,129 [main] INFO  volume.HddsVolume (HddsVolume.java:<init>(176)) - Creating Volume: /workdir/hadoop-ozone/integration-test/target/test-dir/MiniOzoneClusterImpl-42dc4d63-2424-41fa-b594-829d6399a12e/datanode-5/data/containers/hdds of  storage type : DISK and capacity : 1482555576320
2019-09-27 11:15:12,129 [main] INFO  volume.VolumeSet (VolumeSet.java:initializeVolumeSet(170)) - Added Volume : /workdir/hadoop-ozone/integration-test/target/test-dir/MiniOzoneClusterImpl-42dc4d63-2424-41fa-b594-829d6399a12e/datanode-5/data/containers/hdds to VolumeSet
2019-09-27 11:15:12,130 [main] INFO  volume.ThrottledAsyncChecker (ThrottledAsyncChecker.java:schedule(139)) - Scheduling a check for org.apache.hadoop.ozone.container.common.volume.HddsVolume@36f7d7b
2019-09-27 11:15:12,130 [main] INFO  volume.HddsVolumeChecker (HddsVolumeChecker.java:checkAllVolumes(202)) - Scheduled health check for volume org.apache.hadoop.ozone.container.common.volume.HddsVolume@36f7d7b
2019-09-27 11:15:12,148 [main] INFO  impl.RaftServerProxy (ConfUtils.java:logGet(43)) - raft.rpc.type = GRPC (default)
2019-09-27 11:15:12,148 [main] INFO  grpc.GrpcFactory (GrpcFactory.java:checkPooledByteBufAllocatorUseCacheForAllThreads(45)) - PERFORMANCE WARNING: useCacheForAllThreads is true that may cause Netty to create a lot garbage objects and, as a result, trigger GC.
	It is recommended to disable useCacheForAllThreads by setting -Dorg.apache.ratis.thirdparty.io.netty.allocator.useCacheForAllThreads=false in command line.
2019-09-27 11:15:12,148 [main] INFO  grpc.GrpcConfigKeys$Server (ConfUtils.java:logGet(43)) - raft.grpc.server.port = 0 (default)
2019-09-27 11:15:12,149 [main] INFO  server.GrpcService (ConfUtils.java:logGet(43)) - raft.grpc.message.size.max = 33570816 (custom)
2019-09-27 11:15:12,149 [main] INFO  server.RaftServerConfigKeys (ConfUtils.java:logGet(43)) - raft.server.log.appender.buffer.byte-limit = 33554432 (custom)
2019-09-27 11:15:12,149 [main] INFO  server.GrpcService (ConfUtils.java:logGet(43)) - raft.grpc.flow.control.window = 1MB (=1048576) (default)
2019-09-27 11:15:12,149 [main] INFO  server.RaftServerConfigKeys (ConfUtils.java:logGet(43)) - raft.server.rpc.request.timeout = 3000ms (default)
2019-09-27 11:15:12,150 [main] INFO  server.RaftServerConfigKeys (ConfUtils.java:logGet(43)) - raft.server.storage.dir = [/workdir/hadoop-ozone/integration-test/target/test-dir/MiniOzoneClusterImpl-42dc4d63-2424-41fa-b594-829d6399a12e/datanode-5/data/ratis] (custom)
2019-09-27 11:15:12,151 [main] INFO  hdfs.DFSUtil (DFSUtil.java:httpServerTemplateForNNAndJN(1641)) - Starting Web-server for hddsDatanode at: http://0.0.0.0:0
2019-09-27 11:15:12,152 [main] INFO  server.AuthenticationFilter (AuthenticationFilter.java:constructSecretProvider(240)) - Unable to initialize FileSignerSecretProvider, falling back to use random secrets.
2019-09-27 11:15:12,153 [main] WARN  http.HttpRequestLog (HttpRequestLog.java:getRequestLog(97)) - Jetty request log can only be enabled using Log4j
2019-09-27 11:15:12,154 [main] INFO  http.HttpServer2 (HttpServer2.java:addGlobalFilter(975)) - Added global filter 'safety' (class=org.apache.hadoop.http.HttpServer2$QuotingInputFilter)
2019-09-27 11:15:12,155 [main] INFO  http.HttpServer2 (HttpServer2.java:addFilter(948)) - Added filter static_user_filter (class=org.apache.hadoop.http.lib.StaticUserWebFilter$StaticUserFilter) to context hddsDatanode
2019-09-27 11:15:12,155 [main] INFO  http.HttpServer2 (HttpServer2.java:addFilter(958)) - Added filter static_user_filter (class=org.apache.hadoop.http.lib.StaticUserWebFilter$StaticUserFilter) to context static
2019-09-27 11:15:12,155 [main] INFO  http.HttpServer2 (HttpServer2.java:addFilter(958)) - Added filter static_user_filter (class=org.apache.hadoop.http.lib.StaticUserWebFilter$StaticUserFilter) to context logs
2019-09-27 11:15:12,156 [main] INFO  http.HttpServer2 (HttpServer2.java:bindListener(1191)) - Jetty bound to port 46178
2019-09-27 11:15:12,157 [main] INFO  server.Server (Server.java:doStart(351)) - jetty-9.3.25.v20180904, build timestamp: 2018-09-04T21:11:46Z, git hash: 3ce520221d0240229c862b122d2b06c12a625732
2019-09-27 11:15:12,158 [main] INFO  handler.ContextHandler (ContextHandler.java:doStart(781)) - Started o.e.j.s.ServletContextHandler@168b4cb0{/logs,file:///workdir/hadoop-ozone/integration-test/target/log,AVAILABLE}
2019-09-27 11:15:12,159 [main] INFO  handler.ContextHandler (ContextHandler.java:doStart(781)) - Started o.e.j.s.ServletContextHandler@35b17c06{/static,jar:file:/home/user/.m2/repository/org/apache/hadoop/hadoop-hdds-container-service/0.5.0-SNAPSHOT/hadoop-hdds-container-service-0.5.0-SNAPSHOT.jar!/webapps/static,AVAILABLE}
2019-09-27 11:15:12,183 [main] INFO  handler.ContextHandler (ContextHandler.java:doStart(781)) - Started o.e.j.w.WebAppContext@22d322f5{/,file:///tmp/jetty-0.0.0.0-46178-hddsDatanode-_-any-8235653980727945307.dir/webapp/,AVAILABLE}{/hddsDatanode}
2019-09-27 11:15:12,183 [main] INFO  server.AbstractConnector (AbstractConnector.java:doStart(278)) - Started ServerConnector@65afeb6d{HTTP/1.1,[http/1.1]}{0.0.0.0:46178}
2019-09-27 11:15:12,185 [main] INFO  server.Server (Server.java:doStart(419)) - Started @45966ms
2019-09-27 11:15:12,185 [main] WARN  impl.MetricsSystemImpl (MetricsSystemImpl.java:register(276)) - Sink prometheus already exists!
2019-09-27 11:15:12,186 [main] INFO  server.BaseHttpServer (BaseHttpServer.java:updateConnectorAddress(215)) - HTTP server of HDDSDATANODE is listening at http://0.0.0.0:46178
2019-09-27 11:15:12,186 [main] INFO  impl.MetricsSystemImpl (MetricsSystemImpl.java:init(158)) - HddsDatanode metrics system started (again)
2019-09-27 11:15:12,191 [org.apache.hadoop.util.JvmPauseMonitor$Monitor@713915ac] INFO  util.JvmPauseMonitor (JvmPauseMonitor.java:run(188)) - Starting JVM pause monitor
2019-09-27 11:15:12,192 [main] INFO  ozone.HddsDatanodeService (HddsDatanodeService.java:start(184)) - HddsDatanodeService host:pr-hdds-2166-8ptj5-2756111467 ip:192.168.30.19
2019-09-27 11:15:12,193 [Datanode State Machine Thread - 0] INFO  datanode.InitDatanodeState (InitDatanodeState.java:persistContainerDatanodeDetails(140)) - DatanodeDetails is persisted to /workdir/hadoop-ozone/integration-test/target/test-dir/MiniOzoneClusterImpl-42dc4d63-2424-41fa-b594-829d6399a12e/datanode-5/meta/datanode.id
2019-09-27 11:15:12,198 [main] INFO  volume.HddsVolume (HddsVolume.java:<init>(176)) - Creating Volume: /workdir/hadoop-ozone/integration-test/target/test-dir/MiniOzoneClusterImpl-42dc4d63-2424-41fa-b594-829d6399a12e/datanode-6/data/containers/hdds of  storage type : DISK and capacity : 1482555576320
2019-09-27 11:15:12,199 [main] INFO  volume.VolumeSet (VolumeSet.java:initializeVolumeSet(170)) - Added Volume : /workdir/hadoop-ozone/integration-test/target/test-dir/MiniOzoneClusterImpl-42dc4d63-2424-41fa-b594-829d6399a12e/datanode-6/data/containers/hdds to VolumeSet
2019-09-27 11:15:12,199 [main] INFO  volume.ThrottledAsyncChecker (ThrottledAsyncChecker.java:schedule(139)) - Scheduling a check for org.apache.hadoop.ozone.container.common.volume.HddsVolume@26837057
2019-09-27 11:15:12,200 [main] INFO  volume.HddsVolumeChecker (HddsVolumeChecker.java:checkAllVolumes(202)) - Scheduled health check for volume org.apache.hadoop.ozone.container.common.volume.HddsVolume@26837057
2019-09-27 11:15:12,215 [main] INFO  impl.RaftServerProxy (ConfUtils.java:logGet(43)) - raft.rpc.type = GRPC (default)
2019-09-27 11:15:12,215 [main] INFO  grpc.GrpcFactory (GrpcFactory.java:checkPooledByteBufAllocatorUseCacheForAllThreads(45)) - PERFORMANCE WARNING: useCacheForAllThreads is true that may cause Netty to create a lot garbage objects and, as a result, trigger GC.
	It is recommended to disable useCacheForAllThreads by setting -Dorg.apache.ratis.thirdparty.io.netty.allocator.useCacheForAllThreads=false in command line.
2019-09-27 11:15:12,215 [main] INFO  grpc.GrpcConfigKeys$Server (ConfUtils.java:logGet(43)) - raft.grpc.server.port = 0 (default)
2019-09-27 11:15:12,216 [main] INFO  server.GrpcService (ConfUtils.java:logGet(43)) - raft.grpc.message.size.max = 33570816 (custom)
2019-09-27 11:15:12,216 [main] INFO  server.RaftServerConfigKeys (ConfUtils.java:logGet(43)) - raft.server.log.appender.buffer.byte-limit = 33554432 (custom)
2019-09-27 11:15:12,216 [main] INFO  server.GrpcService (ConfUtils.java:logGet(43)) - raft.grpc.flow.control.window = 1MB (=1048576) (default)
2019-09-27 11:15:12,216 [main] INFO  server.RaftServerConfigKeys (ConfUtils.java:logGet(43)) - raft.server.rpc.request.timeout = 3000ms (default)
2019-09-27 11:15:12,217 [main] INFO  server.RaftServerConfigKeys (ConfUtils.java:logGet(43)) - raft.server.storage.dir = [/workdir/hadoop-ozone/integration-test/target/test-dir/MiniOzoneClusterImpl-42dc4d63-2424-41fa-b594-829d6399a12e/datanode-6/data/ratis] (custom)
2019-09-27 11:15:12,219 [main] INFO  hdfs.DFSUtil (DFSUtil.java:httpServerTemplateForNNAndJN(1641)) - Starting Web-server for hddsDatanode at: http://0.0.0.0:0
2019-09-27 11:15:12,220 [main] INFO  server.AuthenticationFilter (AuthenticationFilter.java:constructSecretProvider(240)) - Unable to initialize FileSignerSecretProvider, falling back to use random secrets.
2019-09-27 11:15:12,220 [main] WARN  http.HttpRequestLog (HttpRequestLog.java:getRequestLog(97)) - Jetty request log can only be enabled using Log4j
2019-09-27 11:15:12,222 [main] INFO  http.HttpServer2 (HttpServer2.java:addGlobalFilter(975)) - Added global filter 'safety' (class=org.apache.hadoop.http.HttpServer2$QuotingInputFilter)
2019-09-27 11:15:12,222 [main] INFO  http.HttpServer2 (HttpServer2.java:addFilter(948)) - Added filter static_user_filter (class=org.apache.hadoop.http.lib.StaticUserWebFilter$StaticUserFilter) to context hddsDatanode
2019-09-27 11:15:12,223 [main] INFO  http.HttpServer2 (HttpServer2.java:addFilter(958)) - Added filter static_user_filter (class=org.apache.hadoop.http.lib.StaticUserWebFilter$StaticUserFilter) to context static
2019-09-27 11:15:12,223 [main] INFO  http.HttpServer2 (HttpServer2.java:addFilter(958)) - Added filter static_user_filter (class=org.apache.hadoop.http.lib.StaticUserWebFilter$StaticUserFilter) to context logs
2019-09-27 11:15:12,224 [main] INFO  http.HttpServer2 (HttpServer2.java:bindListener(1191)) - Jetty bound to port 38168
2019-09-27 11:15:12,224 [main] INFO  server.Server (Server.java:doStart(351)) - jetty-9.3.25.v20180904, build timestamp: 2018-09-04T21:11:46Z, git hash: 3ce520221d0240229c862b122d2b06c12a625732
2019-09-27 11:15:12,225 [main] INFO  handler.ContextHandler (ContextHandler.java:doStart(781)) - Started o.e.j.s.ServletContextHandler@7237f3c1{/logs,file:///workdir/hadoop-ozone/integration-test/target/log,AVAILABLE}
2019-09-27 11:15:12,226 [main] INFO  handler.ContextHandler (ContextHandler.java:doStart(781)) - Started o.e.j.s.ServletContextHandler@642a16aa{/static,jar:file:/home/user/.m2/repository/org/apache/hadoop/hadoop-hdds-container-service/0.5.0-SNAPSHOT/hadoop-hdds-container-service-0.5.0-SNAPSHOT.jar!/webapps/static,AVAILABLE}
2019-09-27 11:15:12,257 [main] INFO  handler.ContextHandler (ContextHandler.java:doStart(781)) - Started o.e.j.w.WebAppContext@46e3559f{/,file:///tmp/jetty-0.0.0.0-38168-hddsDatanode-_-any-8987030937339065654.dir/webapp/,AVAILABLE}{/hddsDatanode}
2019-09-27 11:15:12,257 [main] INFO  server.AbstractConnector (AbstractConnector.java:doStart(278)) - Started ServerConnector@3b83459e{HTTP/1.1,[http/1.1]}{0.0.0.0:38168}
2019-09-27 11:15:12,259 [main] INFO  server.Server (Server.java:doStart(419)) - Started @46040ms
2019-09-27 11:15:12,259 [main] WARN  impl.MetricsSystemImpl (MetricsSystemImpl.java:register(276)) - Sink prometheus already exists!
2019-09-27 11:15:12,260 [main] INFO  server.BaseHttpServer (BaseHttpServer.java:updateConnectorAddress(215)) - HTTP server of HDDSDATANODE is listening at http://0.0.0.0:38168
2019-09-27 11:15:12,260 [main] INFO  ozone.MiniOzoneClusterImpl (MiniOzoneClusterImpl.java:lambda$waitForClusterToBeReady$0(147)) - Waiting for cluster to be ready. Got 0 of 7 DN Heartbeats.
2019-09-27 11:15:12,264 [org.apache.hadoop.util.JvmPauseMonitor$Monitor@5102fb7d] INFO  util.JvmPauseMonitor (JvmPauseMonitor.java:run(188)) - Starting JVM pause monitor
2019-09-27 11:15:12,265 [Datanode State Machine Thread - 0] INFO  datanode.InitDatanodeState (InitDatanodeState.java:persistContainerDatanodeDetails(140)) - DatanodeDetails is persisted to /workdir/hadoop-ozone/integration-test/target/test-dir/MiniOzoneClusterImpl-42dc4d63-2424-41fa-b594-829d6399a12e/datanode-6/meta/datanode.id
2019-09-27 11:15:13,260 [main] INFO  ozone.MiniOzoneClusterImpl (MiniOzoneClusterImpl.java:lambda$waitForClusterToBeReady$0(147)) - Waiting for cluster to be ready. Got 0 of 7 DN Heartbeats.
2019-09-27 11:15:13,846 [Datanode State Machine Thread - 0] INFO  ozoneimpl.OzoneContainer (OzoneContainer.java:start(217)) - Attempting to start container services.
2019-09-27 11:15:13,850 [Datanode State Machine Thread - 0] INFO  ozoneimpl.OzoneContainer (OzoneContainer.java:startContainerScrub(179)) - Background container scanner has been disabled.
2019-09-27 11:15:13,850 [Datanode State Machine Thread - 0] INFO  ratis.XceiverServerRatis (XceiverServerRatis.java:start(411)) - Starting XceiverServerRatis a96e18d2-d85e-44b3-ac33-f7ee1f0e315e at port 0
2019-09-27 11:15:13,858 [Datanode State Machine Thread - 0] INFO  impl.RaftServerProxy (RaftServerProxy.java:lambda$start$3(299)) - a96e18d2-d85e-44b3-ac33-f7ee1f0e315e: start RPC server
2019-09-27 11:15:13,862 [Datanode State Machine Thread - 0] INFO  server.GrpcService (GrpcService.java:startImpl(158)) - a96e18d2-d85e-44b3-ac33-f7ee1f0e315e: GrpcService started, listening on 0.0.0.0/0.0.0.0:46314
2019-09-27 11:15:13,862 [Datanode State Machine Thread - 0] INFO  ratis.XceiverServerRatis (XceiverServerRatis.java:start(421)) - XceiverServerRatis a96e18d2-d85e-44b3-ac33-f7ee1f0e315e is started using port 46314
2019-09-27 11:15:13,870 [Datanode State Machine Thread - 0] INFO  server.XceiverServerGrpc (XceiverServerGrpc.java:start(149)) - XceiverServerGrpc a96e18d2-d85e-44b3-ac33-f7ee1f0e315e is started using port 34586
2019-09-27 11:15:13,905 [Datanode State Machine Thread - 0] INFO  ozoneimpl.OzoneContainer (OzoneContainer.java:start(217)) - Attempting to start container services.
2019-09-27 11:15:13,907 [Datanode State Machine Thread - 0] INFO  ozoneimpl.OzoneContainer (OzoneContainer.java:startContainerScrub(179)) - Background container scanner has been disabled.
2019-09-27 11:15:13,907 [Datanode State Machine Thread - 0] INFO  ratis.XceiverServerRatis (XceiverServerRatis.java:start(411)) - Starting XceiverServerRatis 8fa838ef-66c5-4745-8715-8af883a303a7 at port 0
2019-09-27 11:15:13,914 [Datanode State Machine Thread - 0] INFO  impl.RaftServerProxy (RaftServerProxy.java:lambda$start$3(299)) - 8fa838ef-66c5-4745-8715-8af883a303a7: start RPC server
2019-09-27 11:15:13,919 [Datanode State Machine Thread - 0] INFO  server.GrpcService (GrpcService.java:startImpl(158)) - 8fa838ef-66c5-4745-8715-8af883a303a7: GrpcService started, listening on 0.0.0.0/0.0.0.0:33975
2019-09-27 11:15:13,919 [Datanode State Machine Thread - 0] INFO  ratis.XceiverServerRatis (XceiverServerRatis.java:start(421)) - XceiverServerRatis 8fa838ef-66c5-4745-8715-8af883a303a7 is started using port 33975
2019-09-27 11:15:13,921 [Datanode State Machine Thread - 0] INFO  server.XceiverServerGrpc (XceiverServerGrpc.java:start(149)) - XceiverServerGrpc 8fa838ef-66c5-4745-8715-8af883a303a7 is started using port 39504
2019-09-27 11:15:13,988 [Datanode State Machine Thread - 0] INFO  ozoneimpl.OzoneContainer (OzoneContainer.java:start(217)) - Attempting to start container services.
2019-09-27 11:15:13,994 [Datanode State Machine Thread - 0] INFO  ozoneimpl.OzoneContainer (OzoneContainer.java:startContainerScrub(179)) - Background container scanner has been disabled.
2019-09-27 11:15:13,995 [Datanode State Machine Thread - 0] INFO  ratis.XceiverServerRatis (XceiverServerRatis.java:start(411)) - Starting XceiverServerRatis 8112e14c-94ef-40e0-91bc-84c8c0bddf88 at port 0
2019-09-27 11:15:14,003 [Datanode State Machine Thread - 0] INFO  impl.RaftServerProxy (RaftServerProxy.java:lambda$start$3(299)) - 8112e14c-94ef-40e0-91bc-84c8c0bddf88: start RPC server
2019-09-27 11:15:14,005 [Datanode State Machine Thread - 0] INFO  server.GrpcService (GrpcService.java:startImpl(158)) - 8112e14c-94ef-40e0-91bc-84c8c0bddf88: GrpcService started, listening on 0.0.0.0/0.0.0.0:43428
2019-09-27 11:15:14,006 [Datanode State Machine Thread - 0] INFO  ratis.XceiverServerRatis (XceiverServerRatis.java:start(421)) - XceiverServerRatis 8112e14c-94ef-40e0-91bc-84c8c0bddf88 is started using port 43428
2019-09-27 11:15:14,014 [Datanode State Machine Thread - 0] INFO  server.XceiverServerGrpc (XceiverServerGrpc.java:start(149)) - XceiverServerGrpc 8112e14c-94ef-40e0-91bc-84c8c0bddf88 is started using port 36439
2019-09-27 11:15:14,072 [Datanode State Machine Thread - 0] INFO  ozoneimpl.OzoneContainer (OzoneContainer.java:start(217)) - Attempting to start container services.
2019-09-27 11:15:14,072 [Datanode State Machine Thread - 0] INFO  ozoneimpl.OzoneContainer (OzoneContainer.java:startContainerScrub(179)) - Background container scanner has been disabled.
2019-09-27 11:15:14,072 [Datanode State Machine Thread - 0] INFO  ratis.XceiverServerRatis (XceiverServerRatis.java:start(411)) - Starting XceiverServerRatis a512c71a-116c-4107-8700-5c6ffbdd9d1e at port 0
2019-09-27 11:15:14,081 [Datanode State Machine Thread - 0] INFO  impl.RaftServerProxy (RaftServerProxy.java:lambda$start$3(299)) - a512c71a-116c-4107-8700-5c6ffbdd9d1e: start RPC server
2019-09-27 11:15:14,082 [Datanode State Machine Thread - 0] INFO  server.GrpcService (GrpcService.java:startImpl(158)) - a512c71a-116c-4107-8700-5c6ffbdd9d1e: GrpcService started, listening on 0.0.0.0/0.0.0.0:35812
2019-09-27 11:15:14,082 [Datanode State Machine Thread - 0] INFO  ratis.XceiverServerRatis (XceiverServerRatis.java:start(421)) - XceiverServerRatis a512c71a-116c-4107-8700-5c6ffbdd9d1e is started using port 35812
2019-09-27 11:15:14,084 [Datanode State Machine Thread - 0] INFO  server.XceiverServerGrpc (XceiverServerGrpc.java:start(149)) - XceiverServerGrpc a512c71a-116c-4107-8700-5c6ffbdd9d1e is started using port 40212
2019-09-27 11:15:14,137 [Datanode State Machine Thread - 0] INFO  ozoneimpl.OzoneContainer (OzoneContainer.java:start(217)) - Attempting to start container services.
2019-09-27 11:15:14,138 [Datanode State Machine Thread - 0] INFO  ozoneimpl.OzoneContainer (OzoneContainer.java:startContainerScrub(179)) - Background container scanner has been disabled.
2019-09-27 11:15:14,138 [Datanode State Machine Thread - 0] INFO  ratis.XceiverServerRatis (XceiverServerRatis.java:start(411)) - Starting XceiverServerRatis 2c1dfcd2-f5f6-4d27-8cde-b5b1d4e3262e at port 0
2019-09-27 11:15:14,145 [Datanode State Machine Thread - 0] INFO  impl.RaftServerProxy (RaftServerProxy.java:lambda$start$3(299)) - 2c1dfcd2-f5f6-4d27-8cde-b5b1d4e3262e: start RPC server
2019-09-27 11:15:14,147 [Datanode State Machine Thread - 0] INFO  server.GrpcService (GrpcService.java:startImpl(158)) - 2c1dfcd2-f5f6-4d27-8cde-b5b1d4e3262e: GrpcService started, listening on 0.0.0.0/0.0.0.0:36329
2019-09-27 11:15:14,147 [Datanode State Machine Thread - 0] INFO  ratis.XceiverServerRatis (XceiverServerRatis.java:start(421)) - XceiverServerRatis 2c1dfcd2-f5f6-4d27-8cde-b5b1d4e3262e is started using port 36329
2019-09-27 11:15:14,148 [Datanode State Machine Thread - 0] INFO  server.XceiverServerGrpc (XceiverServerGrpc.java:start(149)) - XceiverServerGrpc 2c1dfcd2-f5f6-4d27-8cde-b5b1d4e3262e is started using port 44145
2019-09-27 11:15:14,216 [Datanode State Machine Thread - 0] INFO  ozoneimpl.OzoneContainer (OzoneContainer.java:start(217)) - Attempting to start container services.
2019-09-27 11:15:14,216 [Datanode State Machine Thread - 0] INFO  ozoneimpl.OzoneContainer (OzoneContainer.java:startContainerScrub(179)) - Background container scanner has been disabled.
2019-09-27 11:15:14,216 [Datanode State Machine Thread - 0] INFO  ratis.XceiverServerRatis (XceiverServerRatis.java:start(411)) - Starting XceiverServerRatis 63945773-f795-4888-b22e-7c9ec0fbc5da at port 0
2019-09-27 11:15:14,223 [Datanode State Machine Thread - 0] INFO  impl.RaftServerProxy (RaftServerProxy.java:lambda$start$3(299)) - 63945773-f795-4888-b22e-7c9ec0fbc5da: start RPC server
2019-09-27 11:15:14,224 [Datanode State Machine Thread - 0] INFO  server.GrpcService (GrpcService.java:startImpl(158)) - 63945773-f795-4888-b22e-7c9ec0fbc5da: GrpcService started, listening on 0.0.0.0/0.0.0.0:41529
2019-09-27 11:15:14,224 [Datanode State Machine Thread - 0] INFO  ratis.XceiverServerRatis (XceiverServerRatis.java:start(421)) - XceiverServerRatis 63945773-f795-4888-b22e-7c9ec0fbc5da is started using port 41529
2019-09-27 11:15:14,226 [Datanode State Machine Thread - 0] INFO  server.XceiverServerGrpc (XceiverServerGrpc.java:start(149)) - XceiverServerGrpc 63945773-f795-4888-b22e-7c9ec0fbc5da is started using port 34194
2019-09-27 11:15:14,262 [main] INFO  ozone.MiniOzoneClusterImpl (MiniOzoneClusterImpl.java:lambda$waitForClusterToBeReady$0(147)) - Waiting for cluster to be ready. Got 0 of 7 DN Heartbeats.
2019-09-27 11:15:14,288 [Datanode State Machine Thread - 0] INFO  ozoneimpl.OzoneContainer (OzoneContainer.java:start(217)) - Attempting to start container services.
2019-09-27 11:15:14,289 [Datanode State Machine Thread - 0] INFO  ozoneimpl.OzoneContainer (OzoneContainer.java:startContainerScrub(179)) - Background container scanner has been disabled.
2019-09-27 11:15:14,289 [Datanode State Machine Thread - 0] INFO  ratis.XceiverServerRatis (XceiverServerRatis.java:start(411)) - Starting XceiverServerRatis ec00122a-ee51-4453-ad34-729d4a055134 at port 0
2019-09-27 11:15:14,296 [Datanode State Machine Thread - 0] INFO  impl.RaftServerProxy (RaftServerProxy.java:lambda$start$3(299)) - ec00122a-ee51-4453-ad34-729d4a055134: start RPC server
2019-09-27 11:15:14,304 [Datanode State Machine Thread - 0] INFO  server.GrpcService (GrpcService.java:startImpl(158)) - ec00122a-ee51-4453-ad34-729d4a055134: GrpcService started, listening on 0.0.0.0/0.0.0.0:40424
2019-09-27 11:15:14,305 [Datanode State Machine Thread - 0] INFO  ratis.XceiverServerRatis (XceiverServerRatis.java:start(421)) - XceiverServerRatis ec00122a-ee51-4453-ad34-729d4a055134 is started using port 40424
2019-09-27 11:15:14,305 [Datanode State Machine Thread - 0] INFO  server.XceiverServerGrpc (XceiverServerGrpc.java:start(149)) - XceiverServerGrpc ec00122a-ee51-4453-ad34-729d4a055134 is started using port 41308
2019-09-27 11:15:15,262 [main] INFO  ozone.MiniOzoneClusterImpl (MiniOzoneClusterImpl.java:lambda$waitForClusterToBeReady$0(147)) - Waiting for cluster to be ready. Got 0 of 7 DN Heartbeats.
2019-09-27 11:15:15,806 [IPC Server handler 0 on 35324] INFO  net.NetworkTopology (NetworkTopologyImpl.java:add(111)) - Added a new node: /default-rack/a96e18d2-d85e-44b3-ac33-f7ee1f0e315e
2019-09-27 11:15:15,808 [IPC Server handler 0 on 35324] INFO  node.SCMNodeManager (SCMNodeManager.java:register(266)) - Registered Data node : a96e18d2-d85e-44b3-ac33-f7ee1f0e315e{ip: 192.168.30.19, host: pr-hdds-2166-8ptj5-2756111467, networkLocation: /default-rack, certSerialId: null}
2019-09-27 11:15:15,810 [EventQueue-NodeRegistrationContainerReportForDataNodeSafeModeRule] INFO  safemode.SCMSafeModeManager (DataNodeSafeModeRule.java:process(71)) - SCM in safe mode. 1 DataNodes registered, 1 required.
2019-09-27 11:15:15,812 [EventQueue-NodeRegistrationContainerReportForDataNodeSafeModeRule] INFO  safemode.SCMSafeModeManager (SCMSafeModeManager.java:validateSafeModeExitRules(177)) - ScmSafeModeManager, all rules are successfully validated
2019-09-27 11:15:15,813 [EventQueue-NodeRegistrationContainerReportForDataNodeSafeModeRule] INFO  safemode.SCMSafeModeManager (SCMSafeModeManager.java:exitSafeMode(193)) - SCM exiting safe mode.
2019-09-27 11:15:15,832 [grpc-default-executor-0] INFO  impl.RaftServerProxy (RaftServerProxy.java:addNew(89)) - a96e18d2-d85e-44b3-ac33-f7ee1f0e315e: addNew group-3ACD1B7378CD:[a96e18d2-d85e-44b3-ac33-f7ee1f0e315e:192.168.30.19:46314] returns group-3ACD1B7378CD:java.util.concurrent.CompletableFuture@eb5dec9[Not completed]
2019-09-27 11:15:15,834 [pool-119-thread-1] INFO  impl.RaftServerImpl (RaftServerImpl.java:<init>(95)) - a96e18d2-d85e-44b3-ac33-f7ee1f0e315e: new RaftServerImpl for group-3ACD1B7378CD:[a96e18d2-d85e-44b3-ac33-f7ee1f0e315e:192.168.30.19:46314] with ContainerStateMachine:uninitialized
2019-09-27 11:15:15,835 [pool-119-thread-1] INFO  server.RaftServerConfigKeys (ConfUtils.java:logGet(43)) - raft.server.rpc.timeout.min = 5s (custom)
2019-09-27 11:15:15,835 [pool-119-thread-1] INFO  server.RaftServerConfigKeys (ConfUtils.java:logGet(43)) - raft.server.rpc.timeout.max = 5200ms (custom)
2019-09-27 11:15:15,835 [pool-119-thread-1] INFO  server.RaftServerConfigKeys (ConfUtils.java:logGet(43)) - raft.server.rpcslowness.timeout = 120s (custom)
2019-09-27 11:15:15,835 [pool-119-thread-1] INFO  server.RaftServerConfigKeys (ConfUtils.java:logGet(43)) - raft.server.sleep.deviation.threshold = 300 (default)
2019-09-27 11:15:15,835 [pool-119-thread-1] INFO  server.RaftServerConfigKeys (ConfUtils.java:logGet(43)) - raft.server.log.appender.install.snapshot.enabled = false (custom)
2019-09-27 11:15:15,836 [pool-119-thread-1] INFO  impl.RaftServerImpl (ServerState.java:<init>(103)) - a96e18d2-d85e-44b3-ac33-f7ee1f0e315e@group-3ACD1B7378CD: ConfigurationManager, init=-1: [a96e18d2-d85e-44b3-ac33-f7ee1f0e315e:192.168.30.19:46314], old=null, confs=<EMPTY_MAP>
2019-09-27 11:15:15,836 [pool-119-thread-1] INFO  server.RaftServerConfigKeys (ConfUtils.java:logGet(43)) - raft.server.storage.dir = [/workdir/hadoop-ozone/integration-test/target/test-dir/MiniOzoneClusterImpl-42dc4d63-2424-41fa-b594-829d6399a12e/datanode-0/data/ratis] (custom)
2019-09-27 11:15:15,837 [pool-119-thread-1] INFO  storage.RaftStorageDirectory (RaftStorageDirectory.java:analyzeStorage(246)) - The storage directory /workdir/hadoop-ozone/integration-test/target/test-dir/MiniOzoneClusterImpl-42dc4d63-2424-41fa-b594-829d6399a12e/datanode-0/data/ratis/27ed4f04-a0eb-4ab6-bc52-3acd1b7378cd does not exist. Creating ...
2019-09-27 11:15:15,860 [pool-119-thread-1] INFO  storage.RaftStorageDirectory (RaftStorageDirectory.java:tryLock(328)) - Lock on /workdir/hadoop-ozone/integration-test/target/test-dir/MiniOzoneClusterImpl-42dc4d63-2424-41fa-b594-829d6399a12e/datanode-0/data/ratis/27ed4f04-a0eb-4ab6-bc52-3acd1b7378cd/in_use.lock acquired by nodename 29434@pr-hdds-2166-8ptj5-2756111467
2019-09-27 11:15:15,880 [IPC Server handler 1 on 35324] INFO  net.NetworkTopology (NetworkTopologyImpl.java:add(111)) - Added a new node: /default-rack/8fa838ef-66c5-4745-8715-8af883a303a7
2019-09-27 11:15:15,880 [IPC Server handler 1 on 35324] INFO  node.SCMNodeManager (SCMNodeManager.java:register(266)) - Registered Data node : 8fa838ef-66c5-4745-8715-8af883a303a7{ip: 192.168.30.19, host: pr-hdds-2166-8ptj5-2756111467, networkLocation: /default-rack, certSerialId: null}
2019-09-27 11:15:15,884 [pool-119-thread-1] INFO  storage.RaftStorage (RaftStorage.java:format(72)) - Storage directory /workdir/hadoop-ozone/integration-test/target/test-dir/MiniOzoneClusterImpl-42dc4d63-2424-41fa-b594-829d6399a12e/datanode-0/data/ratis/27ed4f04-a0eb-4ab6-bc52-3acd1b7378cd has been successfully formatted.
2019-09-27 11:15:15,885 [pool-119-thread-1] INFO  ratis.ContainerStateMachine (ContainerStateMachine.java:loadSnapshot(230)) - group-3ACD1B7378CD: The snapshot info is null. Setting the last applied indexto:(t:0, i:~)
2019-09-27 11:15:15,885 [pool-119-thread-1] INFO  server.RaftServerConfigKeys (ConfUtils.java:logGet(43)) - raft.server.notification.no-leader.timeout = 120s (custom)
2019-09-27 11:15:15,885 [pool-119-thread-1] INFO  server.RaftServerConfigKeys (ConfUtils.java:logGet(43)) - raft.server.log.use.memory = false (default)
2019-09-27 11:15:15,886 [pool-119-thread-1] INFO  server.RaftServerConfigKeys (ConfUtils.java:logGet(43)) - raft.server.log.purge.gap = 1000000 (custom)
2019-09-27 11:15:15,886 [pool-119-thread-1] INFO  server.RaftServerConfigKeys (ConfUtils.java:logGet(43)) - raft.server.log.appender.buffer.byte-limit = 33554432 (custom)
2019-09-27 11:15:15,886 [pool-119-thread-1] INFO  server.RaftServerConfigKeys (ConfUtils.java:logGet(43)) - raft.server.log.segment.size.max = 1048576 (custom)
2019-09-27 11:15:15,887 [pool-119-thread-1] INFO  server.RaftServerConfigKeys (ConfUtils.java:logGet(43)) - raft.server.log.segment.cache.num.max = 2 (custom)
2019-09-27 11:15:15,887 [pool-119-thread-1] INFO  segmented.SegmentedRaftLogWorker (SegmentedRaftLogWorker.java:<init>(172)) - new a96e18d2-d85e-44b3-ac33-f7ee1f0e315e@group-3ACD1B7378CD-SegmentedRaftLogWorker for RaftStorage:Storage Directory /workdir/hadoop-ozone/integration-test/target/test-dir/MiniOzoneClusterImpl-42dc4d63-2424-41fa-b594-829d6399a12e/datanode-0/data/ratis/27ed4f04-a0eb-4ab6-bc52-3acd1b7378cd
2019-09-27 11:15:15,891 [pool-119-thread-1] INFO  server.RaftServerConfigKeys (ConfUtils.java:logGet(43)) - raft.server.log.queue.byte-limit = 2147483647 (custom)
2019-09-27 11:15:15,891 [pool-119-thread-1] INFO  server.RaftServerConfigKeys (ConfUtils.java:logGet(43)) - raft.server.log.queue.element-limit = 1024 (custom)
2019-09-27 11:15:15,891 [pool-119-thread-1] INFO  server.RaftServerConfigKeys (ConfUtils.java:logGet(43)) - raft.server.log.segment.size.max = 1048576 (custom)
2019-09-27 11:15:15,891 [pool-119-thread-1] INFO  server.RaftServerConfigKeys (ConfUtils.java:logGet(43)) - raft.server.log.preallocated.size = 16384 (custom)
2019-09-27 11:15:15,892 [pool-119-thread-1] INFO  server.RaftServerConfigKeys (ConfUtils.java:logGet(43)) - raft.server.log.write.buffer.size = 33554432 (custom)
2019-09-27 11:15:15,892 [pool-119-thread-1] INFO  server.RaftServerConfigKeys (ConfUtils.java:logGet(43)) - raft.server.log.force.sync.num = 128 (default)
2019-09-27 11:15:15,892 [pool-119-thread-1] INFO  server.RaftServerConfigKeys (ConfUtils.java:logGet(43)) - raft.server.log.statemachine.data.sync = true (default)
2019-09-27 11:15:15,892 [pool-119-thread-1] INFO  server.RaftServerConfigKeys (ConfUtils.java:logGet(43)) - raft.server.log.statemachine.data.sync.timeout = 10s (default)
2019-09-27 11:15:15,892 [pool-119-thread-1] INFO  server.RaftServerConfigKeys (ConfUtils.java:logGet(43)) - raft.server.log.statemachine.data.sync.timeout.retry = -1 (default)
2019-09-27 11:15:15,893 [pool-119-thread-1] INFO  server.RaftServerConfigKeys (ConfUtils.java:logGet(43)) - raft.server.log.statemachine.data.caching.enabled = true (custom)
2019-09-27 11:15:15,894 [pool-119-thread-1] INFO  segmented.SegmentedRaftLogWorker (SegmentedRaftLogWorker.java:lambda$new$0(132)) - a96e18d2-d85e-44b3-ac33-f7ee1f0e315e@group-3ACD1B7378CD-SegmentedRaftLogWorker: flushIndex: setUnconditionally 0 -> -1
2019-09-27 11:15:15,894 [pool-119-thread-1] INFO  server.RaftServerConfigKeys (ConfUtils.java:logGet(43)) - raft.server.snapshot.auto.trigger.enabled = true (custom)
2019-09-27 11:15:15,894 [pool-119-thread-1] INFO  server.RaftServerConfigKeys (ConfUtils.java:logGet(43)) - raft.server.snapshot.auto.trigger.threshold = 10000 (custom)
2019-09-27 11:15:15,894 [pool-119-thread-1] INFO  server.RaftServerConfigKeys (ConfUtils.java:logGet(43)) - raft.server.snapshot.retention.num.files = 5 (custom)
2019-09-27 11:15:15,895 [pool-119-thread-1] INFO  server.RaftServerConfigKeys (ConfUtils.java:logGet(43)) - raft.server.retrycache.expirytime = 600000ms (custom)
2019-09-27 11:15:15,898 [pool-119-thread-1] INFO  impl.RaftServerImpl (RaftServerImpl.java:start(185)) - a96e18d2-d85e-44b3-ac33-f7ee1f0e315e@group-3ACD1B7378CD: start as a follower, conf=-1: [a96e18d2-d85e-44b3-ac33-f7ee1f0e315e:192.168.30.19:46314], old=null
2019-09-27 11:15:15,898 [pool-119-thread-1] INFO  impl.RaftServerImpl (RaftServerImpl.java:setRole(174)) - a96e18d2-d85e-44b3-ac33-f7ee1f0e315e@group-3ACD1B7378CD: changes role from      null to FOLLOWER at term 0 for startAsFollower
2019-09-27 11:15:15,898 [pool-119-thread-1] INFO  impl.RoleInfo (RoleInfo.java:updateAndGet(143)) - a96e18d2-d85e-44b3-ac33-f7ee1f0e315e: start FollowerState
2019-09-27 11:15:15,899 [pool-119-thread-1] INFO  util.JmxRegister (JmxRegister.java:tryRegister(44)) - Successfully registered JMX Bean with object name Ratis:service=RaftServer,group=group-3ACD1B7378CD,id=a96e18d2-d85e-44b3-ac33-f7ee1f0e315e
2019-09-27 11:15:15,904 [RatisPipelineUtilsThread] INFO  pipeline.PipelineStateManager (PipelineStateManager.java:addPipeline(56)) - Created pipeline Pipeline[ Id: 27ed4f04-a0eb-4ab6-bc52-3acd1b7378cd, Nodes: a96e18d2-d85e-44b3-ac33-f7ee1f0e315e{ip: 192.168.30.19, host: pr-hdds-2166-8ptj5-2756111467, networkLocation: /default-rack, certSerialId: null}, Type:RATIS, Factor:ONE, State:OPEN]
2019-09-27 11:15:15,913 [grpc-default-executor-0] INFO  impl.RaftServerProxy (RaftServerProxy.java:addNew(89)) - 8fa838ef-66c5-4745-8715-8af883a303a7: addNew group-A990E4F209ED:[8fa838ef-66c5-4745-8715-8af883a303a7:192.168.30.19:33975] returns group-A990E4F209ED:java.util.concurrent.CompletableFuture@4f5cab2a[Not completed]
2019-09-27 11:15:15,915 [pool-129-thread-1] INFO  impl.RaftServerImpl (RaftServerImpl.java:<init>(95)) - 8fa838ef-66c5-4745-8715-8af883a303a7: new RaftServerImpl for group-A990E4F209ED:[8fa838ef-66c5-4745-8715-8af883a303a7:192.168.30.19:33975] with ContainerStateMachine:uninitialized
2019-09-27 11:15:15,916 [pool-129-thread-1] INFO  server.RaftServerConfigKeys (ConfUtils.java:logGet(43)) - raft.server.rpc.timeout.min = 5s (custom)
2019-09-27 11:15:15,916 [pool-129-thread-1] INFO  server.RaftServerConfigKeys (ConfUtils.java:logGet(43)) - raft.server.rpc.timeout.max = 5200ms (custom)
2019-09-27 11:15:15,916 [pool-129-thread-1] INFO  server.RaftServerConfigKeys (ConfUtils.java:logGet(43)) - raft.server.rpcslowness.timeout = 120s (custom)
2019-09-27 11:15:15,916 [pool-129-thread-1] INFO  server.RaftServerConfigKeys (ConfUtils.java:logGet(43)) - raft.server.sleep.deviation.threshold = 300 (default)
2019-09-27 11:15:15,916 [pool-129-thread-1] INFO  server.RaftServerConfigKeys (ConfUtils.java:logGet(43)) - raft.server.log.appender.install.snapshot.enabled = false (custom)
2019-09-27 11:15:15,916 [pool-129-thread-1] INFO  impl.RaftServerImpl (ServerState.java:<init>(103)) - 8fa838ef-66c5-4745-8715-8af883a303a7@group-A990E4F209ED: ConfigurationManager, init=-1: [8fa838ef-66c5-4745-8715-8af883a303a7:192.168.30.19:33975], old=null, confs=<EMPTY_MAP>
2019-09-27 11:15:15,917 [pool-129-thread-1] INFO  server.RaftServerConfigKeys (ConfUtils.java:logGet(43)) - raft.server.storage.dir = [/workdir/hadoop-ozone/integration-test/target/test-dir/MiniOzoneClusterImpl-42dc4d63-2424-41fa-b594-829d6399a12e/datanode-1/data/ratis] (custom)
2019-09-27 11:15:15,917 [pool-129-thread-1] INFO  storage.RaftStorageDirectory (RaftStorageDirectory.java:analyzeStorage(246)) - The storage directory /workdir/hadoop-ozone/integration-test/target/test-dir/MiniOzoneClusterImpl-42dc4d63-2424-41fa-b594-829d6399a12e/datanode-1/data/ratis/b4524e8f-070d-4d4a-8e61-a990e4f209ed does not exist. Creating ...
2019-09-27 11:15:15,930 [pool-129-thread-1] INFO  storage.RaftStorageDirectory (RaftStorageDirectory.java:tryLock(328)) - Lock on /workdir/hadoop-ozone/integration-test/target/test-dir/MiniOzoneClusterImpl-42dc4d63-2424-41fa-b594-829d6399a12e/datanode-1/data/ratis/b4524e8f-070d-4d4a-8e61-a990e4f209ed/in_use.lock acquired by nodename 29434@pr-hdds-2166-8ptj5-2756111467
2019-09-27 11:15:15,943 [pool-129-thread-1] INFO  storage.RaftStorage (RaftStorage.java:format(72)) - Storage directory /workdir/hadoop-ozone/integration-test/target/test-dir/MiniOzoneClusterImpl-42dc4d63-2424-41fa-b594-829d6399a12e/datanode-1/data/ratis/b4524e8f-070d-4d4a-8e61-a990e4f209ed has been successfully formatted.
2019-09-27 11:15:15,943 [pool-129-thread-1] INFO  ratis.ContainerStateMachine (ContainerStateMachine.java:loadSnapshot(230)) - group-A990E4F209ED: The snapshot info is null. Setting the last applied indexto:(t:0, i:~)
2019-09-27 11:15:15,943 [pool-129-thread-1] INFO  server.RaftServerConfigKeys (ConfUtils.java:logGet(43)) - raft.server.notification.no-leader.timeout = 120s (custom)
2019-09-27 11:15:15,944 [pool-129-thread-1] INFO  server.RaftServerConfigKeys (ConfUtils.java:logGet(43)) - raft.server.log.use.memory = false (default)
2019-09-27 11:15:15,944 [pool-129-thread-1] INFO  server.RaftServerConfigKeys (ConfUtils.java:logGet(43)) - raft.server.log.purge.gap = 1000000 (custom)
2019-09-27 11:15:15,944 [pool-129-thread-1] INFO  server.RaftServerConfigKeys (ConfUtils.java:logGet(43)) - raft.server.log.appender.buffer.byte-limit = 33554432 (custom)
2019-09-27 11:15:15,944 [pool-129-thread-1] INFO  server.RaftServerConfigKeys (ConfUtils.java:logGet(43)) - raft.server.log.segment.size.max = 1048576 (custom)
2019-09-27 11:15:15,944 [pool-129-thread-1] INFO  server.RaftServerConfigKeys (ConfUtils.java:logGet(43)) - raft.server.log.segment.cache.num.max = 2 (custom)
2019-09-27 11:15:15,944 [pool-129-thread-1] INFO  segmented.SegmentedRaftLogWorker (SegmentedRaftLogWorker.java:<init>(172)) - new 8fa838ef-66c5-4745-8715-8af883a303a7@group-A990E4F209ED-SegmentedRaftLogWorker for RaftStorage:Storage Directory /workdir/hadoop-ozone/integration-test/target/test-dir/MiniOzoneClusterImpl-42dc4d63-2424-41fa-b594-829d6399a12e/datanode-1/data/ratis/b4524e8f-070d-4d4a-8e61-a990e4f209ed
2019-09-27 11:15:15,948 [pool-129-thread-1] INFO  server.RaftServerConfigKeys (ConfUtils.java:logGet(43)) - raft.server.log.queue.byte-limit = 2147483647 (custom)
2019-09-27 11:15:15,948 [pool-129-thread-1] INFO  server.RaftServerConfigKeys (ConfUtils.java:logGet(43)) - raft.server.log.queue.element-limit = 1024 (custom)
2019-09-27 11:15:15,948 [pool-129-thread-1] INFO  server.RaftServerConfigKeys (ConfUtils.java:logGet(43)) - raft.server.log.segment.size.max = 1048576 (custom)
2019-09-27 11:15:15,948 [pool-129-thread-1] INFO  server.RaftServerConfigKeys (ConfUtils.java:logGet(43)) - raft.server.log.preallocated.size = 16384 (custom)
2019-09-27 11:15:15,948 [pool-129-thread-1] INFO  server.RaftServerConfigKeys (ConfUtils.java:logGet(43)) - raft.server.log.write.buffer.size = 33554432 (custom)
2019-09-27 11:15:15,948 [pool-129-thread-1] INFO  server.RaftServerConfigKeys (ConfUtils.java:logGet(43)) - raft.server.log.force.sync.num = 128 (default)
2019-09-27 11:15:15,949 [pool-129-thread-1] INFO  server.RaftServerConfigKeys (ConfUtils.java:logGet(43)) - raft.server.log.statemachine.data.sync = true (default)
2019-09-27 11:15:15,949 [pool-129-thread-1] INFO  server.RaftServerConfigKeys (ConfUtils.java:logGet(43)) - raft.server.log.statemachine.data.sync.timeout = 10s (default)
2019-09-27 11:15:15,949 [pool-129-thread-1] INFO  server.RaftServerConfigKeys (ConfUtils.java:logGet(43)) - raft.server.log.statemachine.data.sync.timeout.retry = -1 (default)
2019-09-27 11:15:15,949 [pool-129-thread-1] INFO  server.RaftServerConfigKeys (ConfUtils.java:logGet(43)) - raft.server.log.statemachine.data.caching.enabled = true (custom)
2019-09-27 11:15:15,950 [pool-129-thread-1] INFO  segmented.SegmentedRaftLogWorker (SegmentedRaftLogWorker.java:lambda$new$0(132)) - 8fa838ef-66c5-4745-8715-8af883a303a7@group-A990E4F209ED-SegmentedRaftLogWorker: flushIndex: setUnconditionally 0 -> -1
2019-09-27 11:15:15,950 [pool-129-thread-1] INFO  server.RaftServerConfigKeys (ConfUtils.java:logGet(43)) - raft.server.snapshot.auto.trigger.enabled = true (custom)
2019-09-27 11:15:15,950 [pool-129-thread-1] INFO  server.RaftServerConfigKeys (ConfUtils.java:logGet(43)) - raft.server.snapshot.auto.trigger.threshold = 10000 (custom)
2019-09-27 11:15:15,950 [pool-129-thread-1] INFO  server.RaftServerConfigKeys (ConfUtils.java:logGet(43)) - raft.server.snapshot.retention.num.files = 5 (custom)
2019-09-27 11:15:15,950 [pool-129-thread-1] INFO  server.RaftServerConfigKeys (ConfUtils.java:logGet(43)) - raft.server.retrycache.expirytime = 600000ms (custom)
2019-09-27 11:15:15,954 [pool-129-thread-1] INFO  impl.RaftServerImpl (RaftServerImpl.java:start(185)) - 8fa838ef-66c5-4745-8715-8af883a303a7@group-A990E4F209ED: start as a follower, conf=-1: [8fa838ef-66c5-4745-8715-8af883a303a7:192.168.30.19:33975], old=null
2019-09-27 11:15:15,954 [pool-129-thread-1] INFO  impl.RaftServerImpl (RaftServerImpl.java:setRole(174)) - 8fa838ef-66c5-4745-8715-8af883a303a7@group-A990E4F209ED: changes role from      null to FOLLOWER at term 0 for startAsFollower
2019-09-27 11:15:15,954 [pool-129-thread-1] INFO  impl.RoleInfo (RoleInfo.java:updateAndGet(143)) - 8fa838ef-66c5-4745-8715-8af883a303a7: start FollowerState
2019-09-27 11:15:15,954 [pool-129-thread-1] INFO  util.JmxRegister (JmxRegister.java:tryRegister(44)) - Successfully registered JMX Bean with object name Ratis:service=RaftServer,group=group-A990E4F209ED,id=8fa838ef-66c5-4745-8715-8af883a303a7
2019-09-27 11:15:15,957 [RatisPipelineUtilsThread] INFO  pipeline.PipelineStateManager (PipelineStateManager.java:addPipeline(56)) - Created pipeline Pipeline[ Id: b4524e8f-070d-4d4a-8e61-a990e4f209ed, Nodes: 8fa838ef-66c5-4745-8715-8af883a303a7{ip: 192.168.30.19, host: pr-hdds-2166-8ptj5-2756111467, networkLocation: /default-rack, certSerialId: null}, Type:RATIS, Factor:ONE, State:OPEN]
2019-09-27 11:15:15,962 [IPC Server handler 2 on 35324] INFO  net.NetworkTopology (NetworkTopologyImpl.java:add(111)) - Added a new node: /default-rack/8112e14c-94ef-40e0-91bc-84c8c0bddf88
2019-09-27 11:15:15,963 [IPC Server handler 2 on 35324] INFO  node.SCMNodeManager (SCMNodeManager.java:register(266)) - Registered Data node : 8112e14c-94ef-40e0-91bc-84c8c0bddf88{ip: 192.168.30.19, host: pr-hdds-2166-8ptj5-2756111467, networkLocation: /default-rack, certSerialId: null}
2019-09-27 11:15:15,971 [grpc-default-executor-0] INFO  impl.RaftServerProxy (RaftServerProxy.java:addNew(89)) - 8112e14c-94ef-40e0-91bc-84c8c0bddf88: addNew group-95F98B6D9FE3:[8112e14c-94ef-40e0-91bc-84c8c0bddf88:192.168.30.19:43428] returns group-95F98B6D9FE3:java.util.concurrent.CompletableFuture@1a4d32ad[Not completed]
2019-09-27 11:15:15,977 [pool-139-thread-1] INFO  impl.RaftServerImpl (RaftServerImpl.java:<init>(95)) - 8112e14c-94ef-40e0-91bc-84c8c0bddf88: new RaftServerImpl for group-95F98B6D9FE3:[8112e14c-94ef-40e0-91bc-84c8c0bddf88:192.168.30.19:43428] with ContainerStateMachine:uninitialized
2019-09-27 11:15:15,977 [pool-139-thread-1] INFO  server.RaftServerConfigKeys (ConfUtils.java:logGet(43)) - raft.server.rpc.timeout.min = 5s (custom)
2019-09-27 11:15:15,978 [pool-139-thread-1] INFO  server.RaftServerConfigKeys (ConfUtils.java:logGet(43)) - raft.server.rpc.timeout.max = 5200ms (custom)
2019-09-27 11:15:15,978 [pool-139-thread-1] INFO  server.RaftServerConfigKeys (ConfUtils.java:logGet(43)) - raft.server.rpcslowness.timeout = 120s (custom)
2019-09-27 11:15:15,978 [pool-139-thread-1] INFO  server.RaftServerConfigKeys (ConfUtils.java:logGet(43)) - raft.server.sleep.deviation.threshold = 300 (default)
2019-09-27 11:15:15,978 [pool-139-thread-1] INFO  server.RaftServerConfigKeys (ConfUtils.java:logGet(43)) - raft.server.log.appender.install.snapshot.enabled = false (custom)
2019-09-27 11:15:15,978 [pool-139-thread-1] INFO  impl.RaftServerImpl (ServerState.java:<init>(103)) - 8112e14c-94ef-40e0-91bc-84c8c0bddf88@group-95F98B6D9FE3: ConfigurationManager, init=-1: [8112e14c-94ef-40e0-91bc-84c8c0bddf88:192.168.30.19:43428], old=null, confs=<EMPTY_MAP>
2019-09-27 11:15:15,978 [pool-139-thread-1] INFO  server.RaftServerConfigKeys (ConfUtils.java:logGet(43)) - raft.server.storage.dir = [/workdir/hadoop-ozone/integration-test/target/test-dir/MiniOzoneClusterImpl-42dc4d63-2424-41fa-b594-829d6399a12e/datanode-2/data/ratis] (custom)
2019-09-27 11:15:15,978 [pool-139-thread-1] INFO  storage.RaftStorageDirectory (RaftStorageDirectory.java:analyzeStorage(246)) - The storage directory /workdir/hadoop-ozone/integration-test/target/test-dir/MiniOzoneClusterImpl-42dc4d63-2424-41fa-b594-829d6399a12e/datanode-2/data/ratis/440c0404-50e4-4c8d-8b9f-95f98b6d9fe3 does not exist. Creating ...
2019-09-27 11:15:16,001 [pool-139-thread-1] INFO  storage.RaftStorageDirectory (RaftStorageDirectory.java:tryLock(328)) - Lock on /workdir/hadoop-ozone/integration-test/target/test-dir/MiniOzoneClusterImpl-42dc4d63-2424-41fa-b594-829d6399a12e/datanode-2/data/ratis/440c0404-50e4-4c8d-8b9f-95f98b6d9fe3/in_use.lock acquired by nodename 29434@pr-hdds-2166-8ptj5-2756111467
2019-09-27 11:15:16,025 [pool-139-thread-1] INFO  storage.RaftStorage (RaftStorage.java:format(72)) - Storage directory /workdir/hadoop-ozone/integration-test/target/test-dir/MiniOzoneClusterImpl-42dc4d63-2424-41fa-b594-829d6399a12e/datanode-2/data/ratis/440c0404-50e4-4c8d-8b9f-95f98b6d9fe3 has been successfully formatted.
2019-09-27 11:15:16,025 [pool-139-thread-1] INFO  ratis.ContainerStateMachine (ContainerStateMachine.java:loadSnapshot(230)) - group-95F98B6D9FE3: The snapshot info is null. Setting the last applied indexto:(t:0, i:~)
2019-09-27 11:15:16,025 [pool-139-thread-1] INFO  server.RaftServerConfigKeys (ConfUtils.java:logGet(43)) - raft.server.notification.no-leader.timeout = 120s (custom)
2019-09-27 11:15:16,026 [pool-139-thread-1] INFO  server.RaftServerConfigKeys (ConfUtils.java:logGet(43)) - raft.server.log.use.memory = false (default)
2019-09-27 11:15:16,026 [pool-139-thread-1] INFO  server.RaftServerConfigKeys (ConfUtils.java:logGet(43)) - raft.server.log.purge.gap = 1000000 (custom)
2019-09-27 11:15:16,026 [pool-139-thread-1] INFO  server.RaftServerConfigKeys (ConfUtils.java:logGet(43)) - raft.server.log.appender.buffer.byte-limit = 33554432 (custom)
2019-09-27 11:15:16,026 [pool-139-thread-1] INFO  server.RaftServerConfigKeys (ConfUtils.java:logGet(43)) - raft.server.log.segment.size.max = 1048576 (custom)
2019-09-27 11:15:16,026 [pool-139-thread-1] INFO  server.RaftServerConfigKeys (ConfUtils.java:logGet(43)) - raft.server.log.segment.cache.num.max = 2 (custom)
2019-09-27 11:15:16,026 [pool-139-thread-1] INFO  segmented.SegmentedRaftLogWorker (SegmentedRaftLogWorker.java:<init>(172)) - new 8112e14c-94ef-40e0-91bc-84c8c0bddf88@group-95F98B6D9FE3-SegmentedRaftLogWorker for RaftStorage:Storage Directory /workdir/hadoop-ozone/integration-test/target/test-dir/MiniOzoneClusterImpl-42dc4d63-2424-41fa-b594-829d6399a12e/datanode-2/data/ratis/440c0404-50e4-4c8d-8b9f-95f98b6d9fe3
2019-09-27 11:15:16,028 [pool-139-thread-1] INFO  server.RaftServerConfigKeys (ConfUtils.java:logGet(43)) - raft.server.log.queue.byte-limit = 2147483647 (custom)
2019-09-27 11:15:16,028 [pool-139-thread-1] INFO  server.RaftServerConfigKeys (ConfUtils.java:logGet(43)) - raft.server.log.queue.element-limit = 1024 (custom)
2019-09-27 11:15:16,029 [pool-139-thread-1] INFO  server.RaftServerConfigKeys (ConfUtils.java:logGet(43)) - raft.server.log.segment.size.max = 1048576 (custom)
2019-09-27 11:15:16,029 [pool-139-thread-1] INFO  server.RaftServerConfigKeys (ConfUtils.java:logGet(43)) - raft.server.log.preallocated.size = 16384 (custom)
2019-09-27 11:15:16,029 [pool-139-thread-1] INFO  server.RaftServerConfigKeys (ConfUtils.java:logGet(43)) - raft.server.log.write.buffer.size = 33554432 (custom)
2019-09-27 11:15:16,029 [pool-139-thread-1] INFO  server.RaftServerConfigKeys (ConfUtils.java:logGet(43)) - raft.server.log.force.sync.num = 128 (default)
2019-09-27 11:15:16,029 [pool-139-thread-1] INFO  server.RaftServerConfigKeys (ConfUtils.java:logGet(43)) - raft.server.log.statemachine.data.sync = true (default)
2019-09-27 11:15:16,029 [pool-139-thread-1] INFO  server.RaftServerConfigKeys (ConfUtils.java:logGet(43)) - raft.server.log.statemachine.data.sync.timeout = 10s (default)
2019-09-27 11:15:16,029 [pool-139-thread-1] INFO  server.RaftServerConfigKeys (ConfUtils.java:logGet(43)) - raft.server.log.statemachine.data.sync.timeout.retry = -1 (default)
2019-09-27 11:15:16,030 [pool-139-thread-1] INFO  server.RaftServerConfigKeys (ConfUtils.java:logGet(43)) - raft.server.log.statemachine.data.caching.enabled = true (custom)
2019-09-27 11:15:16,030 [pool-139-thread-1] INFO  segmented.SegmentedRaftLogWorker (SegmentedRaftLogWorker.java:lambda$new$0(132)) - 8112e14c-94ef-40e0-91bc-84c8c0bddf88@group-95F98B6D9FE3-SegmentedRaftLogWorker: flushIndex: setUnconditionally 0 -> -1
2019-09-27 11:15:16,030 [pool-139-thread-1] INFO  server.RaftServerConfigKeys (ConfUtils.java:logGet(43)) - raft.server.snapshot.auto.trigger.enabled = true (custom)
2019-09-27 11:15:16,030 [pool-139-thread-1] INFO  server.RaftServerConfigKeys (ConfUtils.java:logGet(43)) - raft.server.snapshot.auto.trigger.threshold = 10000 (custom)
2019-09-27 11:15:16,030 [pool-139-thread-1] INFO  server.RaftServerConfigKeys (ConfUtils.java:logGet(43)) - raft.server.snapshot.retention.num.files = 5 (custom)
2019-09-27 11:15:16,031 [pool-139-thread-1] INFO  server.RaftServerConfigKeys (ConfUtils.java:logGet(43)) - raft.server.retrycache.expirytime = 600000ms (custom)
2019-09-27 11:15:16,033 [pool-139-thread-1] INFO  impl.RaftServerImpl (RaftServerImpl.java:start(185)) - 8112e14c-94ef-40e0-91bc-84c8c0bddf88@group-95F98B6D9FE3: start as a follower, conf=-1: [8112e14c-94ef-40e0-91bc-84c8c0bddf88:192.168.30.19:43428], old=null
2019-09-27 11:15:16,033 [pool-139-thread-1] INFO  impl.RaftServerImpl (RaftServerImpl.java:setRole(174)) - 8112e14c-94ef-40e0-91bc-84c8c0bddf88@group-95F98B6D9FE3: changes role from      null to FOLLOWER at term 0 for startAsFollower
2019-09-27 11:15:16,033 [pool-139-thread-1] INFO  impl.RoleInfo (RoleInfo.java:updateAndGet(143)) - 8112e14c-94ef-40e0-91bc-84c8c0bddf88: start FollowerState
2019-09-27 11:15:16,034 [pool-139-thread-1] INFO  util.JmxRegister (JmxRegister.java:tryRegister(44)) - Successfully registered JMX Bean with object name Ratis:service=RaftServer,group=group-95F98B6D9FE3,id=8112e14c-94ef-40e0-91bc-84c8c0bddf88
2019-09-27 11:15:16,034 [IPC Server handler 5 on 35324] INFO  net.NetworkTopology (NetworkTopologyImpl.java:add(111)) - Added a new node: /default-rack/a512c71a-116c-4107-8700-5c6ffbdd9d1e
2019-09-27 11:15:16,034 [IPC Server handler 5 on 35324] INFO  node.SCMNodeManager (SCMNodeManager.java:register(266)) - Registered Data node : a512c71a-116c-4107-8700-5c6ffbdd9d1e{ip: 192.168.30.19, host: pr-hdds-2166-8ptj5-2756111467, networkLocation: /default-rack, certSerialId: null}
2019-09-27 11:15:16,036 [RatisPipelineUtilsThread] INFO  pipeline.PipelineStateManager (PipelineStateManager.java:addPipeline(56)) - Created pipeline Pipeline[ Id: 440c0404-50e4-4c8d-8b9f-95f98b6d9fe3, Nodes: 8112e14c-94ef-40e0-91bc-84c8c0bddf88{ip: 192.168.30.19, host: pr-hdds-2166-8ptj5-2756111467, networkLocation: /default-rack, certSerialId: null}, Type:RATIS, Factor:ONE, State:OPEN]
2019-09-27 11:15:16,048 [grpc-default-executor-0] INFO  impl.RaftServerProxy (RaftServerProxy.java:addNew(89)) - a512c71a-116c-4107-8700-5c6ffbdd9d1e: addNew group-10AA4B3EF550:[a512c71a-116c-4107-8700-5c6ffbdd9d1e:192.168.30.19:35812] returns group-10AA4B3EF550:java.util.concurrent.CompletableFuture@45f6ea6a[Not completed]
2019-09-27 11:15:16,054 [pool-149-thread-1] INFO  impl.RaftServerImpl (RaftServerImpl.java:<init>(95)) - a512c71a-116c-4107-8700-5c6ffbdd9d1e: new RaftServerImpl for group-10AA4B3EF550:[a512c71a-116c-4107-8700-5c6ffbdd9d1e:192.168.30.19:35812] with ContainerStateMachine:uninitialized
2019-09-27 11:15:16,054 [pool-149-thread-1] INFO  server.RaftServerConfigKeys (ConfUtils.java:logGet(43)) - raft.server.rpc.timeout.min = 5s (custom)
2019-09-27 11:15:16,054 [pool-149-thread-1] INFO  server.RaftServerConfigKeys (ConfUtils.java:logGet(43)) - raft.server.rpc.timeout.max = 5200ms (custom)
2019-09-27 11:15:16,054 [pool-149-thread-1] INFO  server.RaftServerConfigKeys (ConfUtils.java:logGet(43)) - raft.server.rpcslowness.timeout = 120s (custom)
2019-09-27 11:15:16,054 [pool-149-thread-1] INFO  server.RaftServerConfigKeys (ConfUtils.java:logGet(43)) - raft.server.sleep.deviation.threshold = 300 (default)
2019-09-27 11:15:16,054 [pool-149-thread-1] INFO  server.RaftServerConfigKeys (ConfUtils.java:logGet(43)) - raft.server.log.appender.install.snapshot.enabled = false (custom)
2019-09-27 11:15:16,054 [pool-149-thread-1] INFO  impl.RaftServerImpl (ServerState.java:<init>(103)) - a512c71a-116c-4107-8700-5c6ffbdd9d1e@group-10AA4B3EF550: ConfigurationManager, init=-1: [a512c71a-116c-4107-8700-5c6ffbdd9d1e:192.168.30.19:35812], old=null, confs=<EMPTY_MAP>
2019-09-27 11:15:16,055 [pool-149-thread-1] INFO  server.RaftServerConfigKeys (ConfUtils.java:logGet(43)) - raft.server.storage.dir = [/workdir/hadoop-ozone/integration-test/target/test-dir/MiniOzoneClusterImpl-42dc4d63-2424-41fa-b594-829d6399a12e/datanode-3/data/ratis] (custom)
2019-09-27 11:15:16,055 [pool-149-thread-1] INFO  storage.RaftStorageDirectory (RaftStorageDirectory.java:analyzeStorage(246)) - The storage directory /workdir/hadoop-ozone/integration-test/target/test-dir/MiniOzoneClusterImpl-42dc4d63-2424-41fa-b594-829d6399a12e/datanode-3/data/ratis/0a272764-be11-43b5-bbe9-10aa4b3ef550 does not exist. Creating ...
2019-09-27 11:15:16,079 [pool-149-thread-1] INFO  storage.RaftStorageDirectory (RaftStorageDirectory.java:tryLock(328)) - Lock on /workdir/hadoop-ozone/integration-test/target/test-dir/MiniOzoneClusterImpl-42dc4d63-2424-41fa-b594-829d6399a12e/datanode-3/data/ratis/0a272764-be11-43b5-bbe9-10aa4b3ef550/in_use.lock acquired by nodename 29434@pr-hdds-2166-8ptj5-2756111467
2019-09-27 11:15:16,092 [pool-149-thread-1] INFO  storage.RaftStorage (RaftStorage.java:format(72)) - Storage directory /workdir/hadoop-ozone/integration-test/target/test-dir/MiniOzoneClusterImpl-42dc4d63-2424-41fa-b594-829d6399a12e/datanode-3/data/ratis/0a272764-be11-43b5-bbe9-10aa4b3ef550 has been successfully formatted.
2019-09-27 11:15:16,092 [pool-149-thread-1] INFO  ratis.ContainerStateMachine (ContainerStateMachine.java:loadSnapshot(230)) - group-10AA4B3EF550: The snapshot info is null. Setting the last applied indexto:(t:0, i:~)
2019-09-27 11:15:16,092 [pool-149-thread-1] INFO  server.RaftServerConfigKeys (ConfUtils.java:logGet(43)) - raft.server.notification.no-leader.timeout = 120s (custom)
2019-09-27 11:15:16,092 [pool-149-thread-1] INFO  server.RaftServerConfigKeys (ConfUtils.java:logGet(43)) - raft.server.log.use.memory = false (default)
2019-09-27 11:15:16,092 [pool-149-thread-1] INFO  server.RaftServerConfigKeys (ConfUtils.java:logGet(43)) - raft.server.log.purge.gap = 1000000 (custom)
2019-09-27 11:15:16,092 [pool-149-thread-1] INFO  server.RaftServerConfigKeys (ConfUtils.java:logGet(43)) - raft.server.log.appender.buffer.byte-limit = 33554432 (custom)
2019-09-27 11:15:16,092 [pool-149-thread-1] INFO  server.RaftServerConfigKeys (ConfUtils.java:logGet(43)) - raft.server.log.segment.size.max = 1048576 (custom)
2019-09-27 11:15:16,092 [pool-149-thread-1] INFO  server.RaftServerConfigKeys (ConfUtils.java:logGet(43)) - raft.server.log.segment.cache.num.max = 2 (custom)
2019-09-27 11:15:16,093 [pool-149-thread-1] INFO  segmented.SegmentedRaftLogWorker (SegmentedRaftLogWorker.java:<init>(172)) - new a512c71a-116c-4107-8700-5c6ffbdd9d1e@group-10AA4B3EF550-SegmentedRaftLogWorker for RaftStorage:Storage Directory /workdir/hadoop-ozone/integration-test/target/test-dir/MiniOzoneClusterImpl-42dc4d63-2424-41fa-b594-829d6399a12e/datanode-3/data/ratis/0a272764-be11-43b5-bbe9-10aa4b3ef550
2019-09-27 11:15:16,094 [pool-149-thread-1] INFO  server.RaftServerConfigKeys (ConfUtils.java:logGet(43)) - raft.server.log.queue.byte-limit = 2147483647 (custom)
2019-09-27 11:15:16,095 [pool-149-thread-1] INFO  server.RaftServerConfigKeys (ConfUtils.java:logGet(43)) - raft.server.log.queue.element-limit = 1024 (custom)
2019-09-27 11:15:16,095 [pool-149-thread-1] INFO  server.RaftServerConfigKeys (ConfUtils.java:logGet(43)) - raft.server.log.segment.size.max = 1048576 (custom)
2019-09-27 11:15:16,095 [pool-149-thread-1] INFO  server.RaftServerConfigKeys (ConfUtils.java:logGet(43)) - raft.server.log.preallocated.size = 16384 (custom)
2019-09-27 11:15:16,095 [pool-149-thread-1] INFO  server.RaftServerConfigKeys (ConfUtils.java:logGet(43)) - raft.server.log.write.buffer.size = 33554432 (custom)
2019-09-27 11:15:16,095 [pool-149-thread-1] INFO  server.RaftServerConfigKeys (ConfUtils.java:logGet(43)) - raft.server.log.force.sync.num = 128 (default)
2019-09-27 11:15:16,095 [pool-149-thread-1] INFO  server.RaftServerConfigKeys (ConfUtils.java:logGet(43)) - raft.server.log.statemachine.data.sync = true (default)
2019-09-27 11:15:16,095 [pool-149-thread-1] INFO  server.RaftServerConfigKeys (ConfUtils.java:logGet(43)) - raft.server.log.statemachine.data.sync.timeout = 10s (default)
2019-09-27 11:15:16,095 [pool-149-thread-1] INFO  server.RaftServerConfigKeys (ConfUtils.java:logGet(43)) - raft.server.log.statemachine.data.sync.timeout.retry = -1 (default)
2019-09-27 11:15:16,095 [pool-149-thread-1] INFO  server.RaftServerConfigKeys (ConfUtils.java:logGet(43)) - raft.server.log.statemachine.data.caching.enabled = true (custom)
2019-09-27 11:15:16,096 [pool-149-thread-1] INFO  segmented.SegmentedRaftLogWorker (SegmentedRaftLogWorker.java:lambda$new$0(132)) - a512c71a-116c-4107-8700-5c6ffbdd9d1e@group-10AA4B3EF550-SegmentedRaftLogWorker: flushIndex: setUnconditionally 0 -> -1
2019-09-27 11:15:16,096 [pool-149-thread-1] INFO  server.RaftServerConfigKeys (ConfUtils.java:logGet(43)) - raft.server.snapshot.auto.trigger.enabled = true (custom)
2019-09-27 11:15:16,096 [pool-149-thread-1] INFO  server.RaftServerConfigKeys (ConfUtils.java:logGet(43)) - raft.server.snapshot.auto.trigger.threshold = 10000 (custom)
2019-09-27 11:15:16,096 [pool-149-thread-1] INFO  server.RaftServerConfigKeys (ConfUtils.java:logGet(43)) - raft.server.snapshot.retention.num.files = 5 (custom)
2019-09-27 11:15:16,096 [pool-149-thread-1] INFO  server.RaftServerConfigKeys (ConfUtils.java:logGet(43)) - raft.server.retrycache.expirytime = 600000ms (custom)
2019-09-27 11:15:16,098 [pool-149-thread-1] INFO  impl.RaftServerImpl (RaftServerImpl.java:start(185)) - a512c71a-116c-4107-8700-5c6ffbdd9d1e@group-10AA4B3EF550: start as a follower, conf=-1: [a512c71a-116c-4107-8700-5c6ffbdd9d1e:192.168.30.19:35812], old=null
2019-09-27 11:15:16,098 [pool-149-thread-1] INFO  impl.RaftServerImpl (RaftServerImpl.java:setRole(174)) - a512c71a-116c-4107-8700-5c6ffbdd9d1e@group-10AA4B3EF550: changes role from      null to FOLLOWER at term 0 for startAsFollower
2019-09-27 11:15:16,098 [pool-149-thread-1] INFO  impl.RoleInfo (RoleInfo.java:updateAndGet(143)) - a512c71a-116c-4107-8700-5c6ffbdd9d1e: start FollowerState
2019-09-27 11:15:16,110 [pool-149-thread-1] INFO  util.JmxRegister (JmxRegister.java:tryRegister(44)) - Successfully registered JMX Bean with object name Ratis:service=RaftServer,group=group-10AA4B3EF550,id=a512c71a-116c-4107-8700-5c6ffbdd9d1e
2019-09-27 11:15:16,120 [RatisPipelineUtilsThread] INFO  pipeline.PipelineStateManager (PipelineStateManager.java:addPipeline(56)) - Created pipeline Pipeline[ Id: 0a272764-be11-43b5-bbe9-10aa4b3ef550, Nodes: a512c71a-116c-4107-8700-5c6ffbdd9d1e{ip: 192.168.30.19, host: pr-hdds-2166-8ptj5-2756111467, networkLocation: /default-rack, certSerialId: null}, Type:RATIS, Factor:ONE, State:OPEN]
2019-09-27 11:15:16,126 [IPC Server handler 7 on 35324] INFO  net.NetworkTopology (NetworkTopologyImpl.java:add(111)) - Added a new node: /default-rack/2c1dfcd2-f5f6-4d27-8cde-b5b1d4e3262e
2019-09-27 11:15:16,127 [IPC Server handler 7 on 35324] INFO  node.SCMNodeManager (SCMNodeManager.java:register(266)) - Registered Data node : 2c1dfcd2-f5f6-4d27-8cde-b5b1d4e3262e{ip: 192.168.30.19, host: pr-hdds-2166-8ptj5-2756111467, networkLocation: /default-rack, certSerialId: null}
2019-09-27 11:15:16,136 [grpc-default-executor-1] INFO  impl.RaftServerProxy (RaftServerProxy.java:addNew(89)) - 8fa838ef-66c5-4745-8715-8af883a303a7: addNew group-3C127E8F42E4:[8112e14c-94ef-40e0-91bc-84c8c0bddf88:192.168.30.19:43428, 8fa838ef-66c5-4745-8715-8af883a303a7:192.168.30.19:33975, a96e18d2-d85e-44b3-ac33-f7ee1f0e315e:192.168.30.19:46314] returns group-3C127E8F42E4:java.util.concurrent.CompletableFuture@2bc11747[Not completed]
2019-09-27 11:15:16,137 [grpc-default-executor-4] INFO  impl.RaftServerProxy (RaftServerProxy.java:addNew(89)) - 8112e14c-94ef-40e0-91bc-84c8c0bddf88: addNew group-3C127E8F42E4:[8112e14c-94ef-40e0-91bc-84c8c0bddf88:192.168.30.19:43428, 8fa838ef-66c5-4745-8715-8af883a303a7:192.168.30.19:33975, a96e18d2-d85e-44b3-ac33-f7ee1f0e315e:192.168.30.19:46314] returns group-3C127E8F42E4:java.util.concurrent.CompletableFuture@4e3f567a[Not completed]
2019-09-27 11:15:16,137 [grpc-default-executor-4] INFO  impl.RaftServerProxy (RaftServerProxy.java:addNew(89)) - a96e18d2-d85e-44b3-ac33-f7ee1f0e315e: addNew group-3C127E8F42E4:[8112e14c-94ef-40e0-91bc-84c8c0bddf88:192.168.30.19:43428, 8fa838ef-66c5-4745-8715-8af883a303a7:192.168.30.19:33975, a96e18d2-d85e-44b3-ac33-f7ee1f0e315e:192.168.30.19:46314] returns group-3C127E8F42E4:java.util.concurrent.CompletableFuture@56ca1a00[Not completed]
2019-09-27 11:15:16,138 [pool-129-thread-1] INFO  impl.RaftServerImpl (RaftServerImpl.java:<init>(95)) - 8fa838ef-66c5-4745-8715-8af883a303a7: new RaftServerImpl for group-3C127E8F42E4:[8112e14c-94ef-40e0-91bc-84c8c0bddf88:192.168.30.19:43428, 8fa838ef-66c5-4745-8715-8af883a303a7:192.168.30.19:33975, a96e18d2-d85e-44b3-ac33-f7ee1f0e315e:192.168.30.19:46314] with ContainerStateMachine:uninitialized
2019-09-27 11:15:16,138 [pool-129-thread-1] INFO  server.RaftServerConfigKeys (ConfUtils.java:logGet(43)) - raft.server.rpc.timeout.min = 5s (custom)
2019-09-27 11:15:16,138 [pool-129-thread-1] INFO  server.RaftServerConfigKeys (ConfUtils.java:logGet(43)) - raft.server.rpc.timeout.max = 5200ms (custom)
2019-09-27 11:15:16,138 [pool-129-thread-1] INFO  server.RaftServerConfigKeys (ConfUtils.java:logGet(43)) - raft.server.rpcslowness.timeout = 120s (custom)
2019-09-27 11:15:16,138 [pool-129-thread-1] INFO  server.RaftServerConfigKeys (ConfUtils.java:logGet(43)) - raft.server.sleep.deviation.threshold = 300 (default)
2019-09-27 11:15:16,139 [pool-129-thread-1] INFO  server.RaftServerConfigKeys (ConfUtils.java:logGet(43)) - raft.server.log.appender.install.snapshot.enabled = false (custom)
2019-09-27 11:15:16,139 [pool-129-thread-1] INFO  impl.RaftServerImpl (ServerState.java:<init>(103)) - 8fa838ef-66c5-4745-8715-8af883a303a7@group-3C127E8F42E4: ConfigurationManager, init=-1: [8112e14c-94ef-40e0-91bc-84c8c0bddf88:192.168.30.19:43428, 8fa838ef-66c5-4745-8715-8af883a303a7:192.168.30.19:33975, a96e18d2-d85e-44b3-ac33-f7ee1f0e315e:192.168.30.19:46314], old=null, confs=<EMPTY_MAP>
2019-09-27 11:15:16,139 [pool-129-thread-1] INFO  server.RaftServerConfigKeys (ConfUtils.java:logGet(43)) - raft.server.storage.dir = [/workdir/hadoop-ozone/integration-test/target/test-dir/MiniOzoneClusterImpl-42dc4d63-2424-41fa-b594-829d6399a12e/datanode-1/data/ratis] (custom)
2019-09-27 11:15:16,139 [pool-119-thread-1] INFO  impl.RaftServerImpl (RaftServerImpl.java:<init>(95)) - a96e18d2-d85e-44b3-ac33-f7ee1f0e315e: new RaftServerImpl for group-3C127E8F42E4:[8112e14c-94ef-40e0-91bc-84c8c0bddf88:192.168.30.19:43428, 8fa838ef-66c5-4745-8715-8af883a303a7:192.168.30.19:33975, a96e18d2-d85e-44b3-ac33-f7ee1f0e315e:192.168.30.19:46314] with ContainerStateMachine:uninitialized
2019-09-27 11:15:16,139 [pool-129-thread-1] INFO  storage.RaftStorageDirectory (RaftStorageDirectory.java:analyzeStorage(246)) - The storage directory /workdir/hadoop-ozone/integration-test/target/test-dir/MiniOzoneClusterImpl-42dc4d63-2424-41fa-b594-829d6399a12e/datanode-1/data/ratis/7be0fa00-ccda-43b4-af5f-3c127e8f42e4 does not exist. Creating ...
2019-09-27 11:15:16,139 [pool-119-thread-1] INFO  server.RaftServerConfigKeys (ConfUtils.java:logGet(43)) - raft.server.rpc.timeout.min = 5s (custom)
2019-09-27 11:15:16,140 [pool-119-thread-1] INFO  server.RaftServerConfigKeys (ConfUtils.java:logGet(43)) - raft.server.rpc.timeout.max = 5200ms (custom)
2019-09-27 11:15:16,140 [pool-119-thread-1] INFO  server.RaftServerConfigKeys (ConfUtils.java:logGet(43)) - raft.server.rpcslowness.timeout = 120s (custom)
2019-09-27 11:15:16,140 [pool-139-thread-1] INFO  impl.RaftServerImpl (RaftServerImpl.java:<init>(95)) - 8112e14c-94ef-40e0-91bc-84c8c0bddf88: new RaftServerImpl for group-3C127E8F42E4:[8112e14c-94ef-40e0-91bc-84c8c0bddf88:192.168.30.19:43428, 8fa838ef-66c5-4745-8715-8af883a303a7:192.168.30.19:33975, a96e18d2-d85e-44b3-ac33-f7ee1f0e315e:192.168.30.19:46314] with ContainerStateMachine:uninitialized
2019-09-27 11:15:16,140 [pool-119-thread-1] INFO  server.RaftServerConfigKeys (ConfUtils.java:logGet(43)) - raft.server.sleep.deviation.threshold = 300 (default)
2019-09-27 11:15:16,140 [pool-139-thread-1] INFO  server.RaftServerConfigKeys (ConfUtils.java:logGet(43)) - raft.server.rpc.timeout.min = 5s (custom)
2019-09-27 11:15:16,140 [pool-119-thread-1] INFO  server.RaftServerConfigKeys (ConfUtils.java:logGet(43)) - raft.server.log.appender.install.snapshot.enabled = false (custom)
2019-09-27 11:15:16,140 [pool-139-thread-1] INFO  server.RaftServerConfigKeys (ConfUtils.java:logGet(43)) - raft.server.rpc.timeout.max = 5200ms (custom)
2019-09-27 11:15:16,140 [pool-119-thread-1] INFO  impl.RaftServerImpl (ServerState.java:<init>(103)) - a96e18d2-d85e-44b3-ac33-f7ee1f0e315e@group-3C127E8F42E4: ConfigurationManager, init=-1: [8112e14c-94ef-40e0-91bc-84c8c0bddf88:192.168.30.19:43428, 8fa838ef-66c5-4745-8715-8af883a303a7:192.168.30.19:33975, a96e18d2-d85e-44b3-ac33-f7ee1f0e315e:192.168.30.19:46314], old=null, confs=<EMPTY_MAP>
2019-09-27 11:15:16,141 [pool-139-thread-1] INFO  server.RaftServerConfigKeys (ConfUtils.java:logGet(43)) - raft.server.rpcslowness.timeout = 120s (custom)
2019-09-27 11:15:16,141 [pool-119-thread-1] INFO  server.RaftServerConfigKeys (ConfUtils.java:logGet(43)) - raft.server.storage.dir = [/workdir/hadoop-ozone/integration-test/target/test-dir/MiniOzoneClusterImpl-42dc4d63-2424-41fa-b594-829d6399a12e/datanode-0/data/ratis] (custom)
2019-09-27 11:15:16,141 [pool-139-thread-1] INFO  server.RaftServerConfigKeys (ConfUtils.java:logGet(43)) - raft.server.sleep.deviation.threshold = 300 (default)
2019-09-27 11:15:16,141 [pool-139-thread-1] INFO  server.RaftServerConfigKeys (ConfUtils.java:logGet(43)) - raft.server.log.appender.install.snapshot.enabled = false (custom)
2019-09-27 11:15:16,141 [pool-119-thread-1] INFO  storage.RaftStorageDirectory (RaftStorageDirectory.java:analyzeStorage(246)) - The storage directory /workdir/hadoop-ozone/integration-test/target/test-dir/MiniOzoneClusterImpl-42dc4d63-2424-41fa-b594-829d6399a12e/datanode-0/data/ratis/7be0fa00-ccda-43b4-af5f-3c127e8f42e4 does not exist. Creating ...
2019-09-27 11:15:16,141 [pool-139-thread-1] INFO  impl.RaftServerImpl (ServerState.java:<init>(103)) - 8112e14c-94ef-40e0-91bc-84c8c0bddf88@group-3C127E8F42E4: ConfigurationManager, init=-1: [8112e14c-94ef-40e0-91bc-84c8c0bddf88:192.168.30.19:43428, 8fa838ef-66c5-4745-8715-8af883a303a7:192.168.30.19:33975, a96e18d2-d85e-44b3-ac33-f7ee1f0e315e:192.168.30.19:46314], old=null, confs=<EMPTY_MAP>
2019-09-27 11:15:16,142 [pool-139-thread-1] INFO  server.RaftServerConfigKeys (ConfUtils.java:logGet(43)) - raft.server.storage.dir = [/workdir/hadoop-ozone/integration-test/target/test-dir/MiniOzoneClusterImpl-42dc4d63-2424-41fa-b594-829d6399a12e/datanode-2/data/ratis] (custom)
2019-09-27 11:15:16,142 [pool-139-thread-1] INFO  storage.RaftStorageDirectory (RaftStorageDirectory.java:analyzeStorage(246)) - The storage directory /workdir/hadoop-ozone/integration-test/target/test-dir/MiniOzoneClusterImpl-42dc4d63-2424-41fa-b594-829d6399a12e/datanode-2/data/ratis/7be0fa00-ccda-43b4-af5f-3c127e8f42e4 does not exist. Creating ...
2019-09-27 11:15:16,157 [pool-139-thread-1] INFO  storage.RaftStorageDirectory (RaftStorageDirectory.java:tryLock(328)) - Lock on /workdir/hadoop-ozone/integration-test/target/test-dir/MiniOzoneClusterImpl-42dc4d63-2424-41fa-b594-829d6399a12e/datanode-2/data/ratis/7be0fa00-ccda-43b4-af5f-3c127e8f42e4/in_use.lock acquired by nodename 29434@pr-hdds-2166-8ptj5-2756111467
2019-09-27 11:15:16,157 [pool-129-thread-1] INFO  storage.RaftStorageDirectory (RaftStorageDirectory.java:tryLock(328)) - Lock on /workdir/hadoop-ozone/integration-test/target/test-dir/MiniOzoneClusterImpl-42dc4d63-2424-41fa-b594-829d6399a12e/datanode-1/data/ratis/7be0fa00-ccda-43b4-af5f-3c127e8f42e4/in_use.lock acquired by nodename 29434@pr-hdds-2166-8ptj5-2756111467
2019-09-27 11:15:16,157 [pool-119-thread-1] INFO  storage.RaftStorageDirectory (RaftStorageDirectory.java:tryLock(328)) - Lock on /workdir/hadoop-ozone/integration-test/target/test-dir/MiniOzoneClusterImpl-42dc4d63-2424-41fa-b594-829d6399a12e/datanode-0/data/ratis/7be0fa00-ccda-43b4-af5f-3c127e8f42e4/in_use.lock acquired by nodename 29434@pr-hdds-2166-8ptj5-2756111467
2019-09-27 11:15:16,180 [pool-139-thread-1] INFO  storage.RaftStorage (RaftStorage.java:format(72)) - Storage directory /workdir/hadoop-ozone/integration-test/target/test-dir/MiniOzoneClusterImpl-42dc4d63-2424-41fa-b594-829d6399a12e/datanode-2/data/ratis/7be0fa00-ccda-43b4-af5f-3c127e8f42e4 has been successfully formatted.
2019-09-27 11:15:16,180 [pool-119-thread-1] INFO  storage.RaftStorage (RaftStorage.java:format(72)) - Storage directory /workdir/hadoop-ozone/integration-test/target/test-dir/MiniOzoneClusterImpl-42dc4d63-2424-41fa-b594-829d6399a12e/datanode-0/data/ratis/7be0fa00-ccda-43b4-af5f-3c127e8f42e4 has been successfully formatted.
2019-09-27 11:15:16,180 [pool-129-thread-1] INFO  storage.RaftStorage (RaftStorage.java:format(72)) - Storage directory /workdir/hadoop-ozone/integration-test/target/test-dir/MiniOzoneClusterImpl-42dc4d63-2424-41fa-b594-829d6399a12e/datanode-1/data/ratis/7be0fa00-ccda-43b4-af5f-3c127e8f42e4 has been successfully formatted.
2019-09-27 11:15:16,181 [pool-139-thread-1] INFO  ratis.ContainerStateMachine (ContainerStateMachine.java:loadSnapshot(230)) - group-3C127E8F42E4: The snapshot info is null. Setting the last applied indexto:(t:0, i:~)
2019-09-27 11:15:16,181 [pool-119-thread-1] INFO  ratis.ContainerStateMachine (ContainerStateMachine.java:loadSnapshot(230)) - group-3C127E8F42E4: The snapshot info is null. Setting the last applied indexto:(t:0, i:~)
2019-09-27 11:15:16,181 [pool-129-thread-1] INFO  ratis.ContainerStateMachine (ContainerStateMachine.java:loadSnapshot(230)) - group-3C127E8F42E4: The snapshot info is null. Setting the last applied indexto:(t:0, i:~)
2019-09-27 11:15:16,181 [pool-139-thread-1] INFO  server.RaftServerConfigKeys (ConfUtils.java:logGet(43)) - raft.server.notification.no-leader.timeout = 120s (custom)
2019-09-27 11:15:16,181 [pool-129-thread-1] INFO  server.RaftServerConfigKeys (ConfUtils.java:logGet(43)) - raft.server.notification.no-leader.timeout = 120s (custom)
2019-09-27 11:15:16,181 [pool-119-thread-1] INFO  server.RaftServerConfigKeys (ConfUtils.java:logGet(43)) - raft.server.notification.no-leader.timeout = 120s (custom)
2019-09-27 11:15:16,182 [pool-129-thread-1] INFO  server.RaftServerConfigKeys (ConfUtils.java:logGet(43)) - raft.server.log.use.memory = false (default)
2019-09-27 11:15:16,182 [pool-139-thread-1] INFO  server.RaftServerConfigKeys (ConfUtils.java:logGet(43)) - raft.server.log.use.memory = false (default)
2019-09-27 11:15:16,182 [pool-129-thread-1] INFO  server.RaftServerConfigKeys (ConfUtils.java:logGet(43)) - raft.server.log.purge.gap = 1000000 (custom)
2019-09-27 11:15:16,182 [pool-119-thread-1] INFO  server.RaftServerConfigKeys (ConfUtils.java:logGet(43)) - raft.server.log.use.memory = false (default)
2019-09-27 11:15:16,182 [pool-129-thread-1] INFO  server.RaftServerConfigKeys (ConfUtils.java:logGet(43)) - raft.server.log.appender.buffer.byte-limit = 33554432 (custom)
2019-09-27 11:15:16,182 [pool-139-thread-1] INFO  server.RaftServerConfigKeys (ConfUtils.java:logGet(43)) - raft.server.log.purge.gap = 1000000 (custom)
2019-09-27 11:15:16,183 [pool-129-thread-1] INFO  server.RaftServerConfigKeys (ConfUtils.java:logGet(43)) - raft.server.log.segment.size.max = 1048576 (custom)
2019-09-27 11:15:16,183 [pool-119-thread-1] INFO  server.RaftServerConfigKeys (ConfUtils.java:logGet(43)) - raft.server.log.purge.gap = 1000000 (custom)
2019-09-27 11:15:16,183 [pool-129-thread-1] INFO  server.RaftServerConfigKeys (ConfUtils.java:logGet(43)) - raft.server.log.segment.cache.num.max = 2 (custom)
2019-09-27 11:15:16,183 [pool-139-thread-1] INFO  server.RaftServerConfigKeys (ConfUtils.java:logGet(43)) - raft.server.log.appender.buffer.byte-limit = 33554432 (custom)
2019-09-27 11:15:16,183 [pool-129-thread-1] INFO  segmented.SegmentedRaftLogWorker (SegmentedRaftLogWorker.java:<init>(172)) - new 8fa838ef-66c5-4745-8715-8af883a303a7@group-3C127E8F42E4-SegmentedRaftLogWorker for RaftStorage:Storage Directory /workdir/hadoop-ozone/integration-test/target/test-dir/MiniOzoneClusterImpl-42dc4d63-2424-41fa-b594-829d6399a12e/datanode-1/data/ratis/7be0fa00-ccda-43b4-af5f-3c127e8f42e4
2019-09-27 11:15:16,183 [pool-119-thread-1] INFO  server.RaftServerConfigKeys (ConfUtils.java:logGet(43)) - raft.server.log.appender.buffer.byte-limit = 33554432 (custom)
2019-09-27 11:15:16,184 [pool-129-thread-1] INFO  server.RaftServerConfigKeys (ConfUtils.java:logGet(43)) - raft.server.log.queue.byte-limit = 2147483647 (custom)
2019-09-27 11:15:16,184 [pool-139-thread-1] INFO  server.RaftServerConfigKeys (ConfUtils.java:logGet(43)) - raft.server.log.segment.size.max = 1048576 (custom)
2019-09-27 11:15:16,184 [pool-129-thread-1] INFO  server.RaftServerConfigKeys (ConfUtils.java:logGet(43)) - raft.server.log.queue.element-limit = 1024 (custom)
2019-09-27 11:15:16,184 [pool-119-thread-1] INFO  server.RaftServerConfigKeys (ConfUtils.java:logGet(43)) - raft.server.log.segment.size.max = 1048576 (custom)
2019-09-27 11:15:16,184 [pool-129-thread-1] INFO  server.RaftServerConfigKeys (ConfUtils.java:logGet(43)) - raft.server.log.segment.size.max = 1048576 (custom)
2019-09-27 11:15:16,184 [pool-139-thread-1] INFO  server.RaftServerConfigKeys (ConfUtils.java:logGet(43)) - raft.server.log.segment.cache.num.max = 2 (custom)
2019-09-27 11:15:16,185 [pool-129-thread-1] INFO  server.RaftServerConfigKeys (ConfUtils.java:logGet(43)) - raft.server.log.preallocated.size = 16384 (custom)
2019-09-27 11:15:16,184 [pool-119-thread-1] INFO  server.RaftServerConfigKeys (ConfUtils.java:logGet(43)) - raft.server.log.segment.cache.num.max = 2 (custom)
2019-09-27 11:15:16,185 [pool-129-thread-1] INFO  server.RaftServerConfigKeys (ConfUtils.java:logGet(43)) - raft.server.log.write.buffer.size = 33554432 (custom)
2019-09-27 11:15:16,185 [pool-139-thread-1] INFO  segmented.SegmentedRaftLogWorker (SegmentedRaftLogWorker.java:<init>(172)) - new 8112e14c-94ef-40e0-91bc-84c8c0bddf88@group-3C127E8F42E4-SegmentedRaftLogWorker for RaftStorage:Storage Directory /workdir/hadoop-ozone/integration-test/target/test-dir/MiniOzoneClusterImpl-42dc4d63-2424-41fa-b594-829d6399a12e/datanode-2/data/ratis/7be0fa00-ccda-43b4-af5f-3c127e8f42e4
2019-09-27 11:15:16,185 [pool-129-thread-1] INFO  server.RaftServerConfigKeys (ConfUtils.java:logGet(43)) - raft.server.log.force.sync.num = 128 (default)
2019-09-27 11:15:16,185 [pool-119-thread-1] INFO  segmented.SegmentedRaftLogWorker (SegmentedRaftLogWorker.java:<init>(172)) - new a96e18d2-d85e-44b3-ac33-f7ee1f0e315e@group-3C127E8F42E4-SegmentedRaftLogWorker for RaftStorage:Storage Directory /workdir/hadoop-ozone/integration-test/target/test-dir/MiniOzoneClusterImpl-42dc4d63-2424-41fa-b594-829d6399a12e/datanode-0/data/ratis/7be0fa00-ccda-43b4-af5f-3c127e8f42e4
2019-09-27 11:15:16,185 [pool-129-thread-1] INFO  server.RaftServerConfigKeys (ConfUtils.java:logGet(43)) - raft.server.log.statemachine.data.sync = true (default)
2019-09-27 11:15:16,185 [pool-139-thread-1] INFO  server.RaftServerConfigKeys (ConfUtils.java:logGet(43)) - raft.server.log.queue.byte-limit = 2147483647 (custom)
2019-09-27 11:15:16,186 [pool-129-thread-1] INFO  server.RaftServerConfigKeys (ConfUtils.java:logGet(43)) - raft.server.log.statemachine.data.sync.timeout = 10s (default)
2019-09-27 11:15:16,186 [pool-119-thread-1] INFO  server.RaftServerConfigKeys (ConfUtils.java:logGet(43)) - raft.server.log.queue.byte-limit = 2147483647 (custom)
2019-09-27 11:15:16,186 [pool-129-thread-1] INFO  server.RaftServerConfigKeys (ConfUtils.java:logGet(43)) - raft.server.log.statemachine.data.sync.timeout.retry = -1 (default)
2019-09-27 11:15:16,186 [pool-139-thread-1] INFO  server.RaftServerConfigKeys (ConfUtils.java:logGet(43)) - raft.server.log.queue.element-limit = 1024 (custom)
2019-09-27 11:15:16,186 [pool-129-thread-1] INFO  server.RaftServerConfigKeys (ConfUtils.java:logGet(43)) - raft.server.log.statemachine.data.caching.enabled = true (custom)
2019-09-27 11:15:16,186 [pool-119-thread-1] INFO  server.RaftServerConfigKeys (ConfUtils.java:logGet(43)) - raft.server.log.queue.element-limit = 1024 (custom)
2019-09-27 11:15:16,187 [pool-139-thread-1] INFO  server.RaftServerConfigKeys (ConfUtils.java:logGet(43)) - raft.server.log.segment.size.max = 1048576 (custom)
2019-09-27 11:15:16,187 [pool-129-thread-1] INFO  segmented.SegmentedRaftLogWorker (SegmentedRaftLogWorker.java:lambda$new$0(132)) - 8fa838ef-66c5-4745-8715-8af883a303a7@group-3C127E8F42E4-SegmentedRaftLogWorker: flushIndex: setUnconditionally 0 -> -1
2019-09-27 11:15:16,187 [pool-119-thread-1] INFO  server.RaftServerConfigKeys (ConfUtils.java:logGet(43)) - raft.server.log.segment.size.max = 1048576 (custom)
2019-09-27 11:15:16,187 [pool-139-thread-1] INFO  server.RaftServerConfigKeys (ConfUtils.java:logGet(43)) - raft.server.log.preallocated.size = 16384 (custom)
2019-09-27 11:15:16,188 [pool-119-thread-1] INFO  server.RaftServerConfigKeys (ConfUtils.java:logGet(43)) - raft.server.log.preallocated.size = 16384 (custom)
2019-09-27 11:15:16,187 [pool-129-thread-1] INFO  server.RaftServerConfigKeys (ConfUtils.java:logGet(43)) - raft.server.snapshot.auto.trigger.enabled = true (custom)
2019-09-27 11:15:16,188 [pool-119-thread-1] INFO  server.RaftServerConfigKeys (ConfUtils.java:logGet(43)) - raft.server.log.write.buffer.size = 33554432 (custom)
2019-09-27 11:15:16,188 [pool-139-thread-1] INFO  server.RaftServerConfigKeys (ConfUtils.java:logGet(43)) - raft.server.log.write.buffer.size = 33554432 (custom)
2019-09-27 11:15:16,188 [pool-119-thread-1] INFO  server.RaftServerConfigKeys (ConfUtils.java:logGet(43)) - raft.server.log.force.sync.num = 128 (default)
2019-09-27 11:15:16,188 [pool-129-thread-1] INFO  server.RaftServerConfigKeys (ConfUtils.java:logGet(43)) - raft.server.snapshot.auto.trigger.threshold = 10000 (custom)
2019-09-27 11:15:16,188 [pool-119-thread-1] INFO  server.RaftServerConfigKeys (ConfUtils.java:logGet(43)) - raft.server.log.statemachine.data.sync = true (default)
2019-09-27 11:15:16,188 [pool-139-thread-1] INFO  server.RaftServerConfigKeys (ConfUtils.java:logGet(43)) - raft.server.log.force.sync.num = 128 (default)
2019-09-27 11:15:16,189 [pool-119-thread-1] INFO  server.RaftServerConfigKeys (ConfUtils.java:logGet(43)) - raft.server.log.statemachine.data.sync.timeout = 10s (default)
2019-09-27 11:15:16,189 [pool-129-thread-1] INFO  server.RaftServerConfigKeys (ConfUtils.java:logGet(43)) - raft.server.snapshot.retention.num.files = 5 (custom)
2019-09-27 11:15:16,189 [pool-119-thread-1] INFO  server.RaftServerConfigKeys (ConfUtils.java:logGet(43)) - raft.server.log.statemachine.data.sync.timeout.retry = -1 (default)
2019-09-27 11:15:16,189 [pool-139-thread-1] INFO  server.RaftServerConfigKeys (ConfUtils.java:logGet(43)) - raft.server.log.statemachine.data.sync = true (default)
2019-09-27 11:15:16,189 [pool-119-thread-1] INFO  server.RaftServerConfigKeys (ConfUtils.java:logGet(43)) - raft.server.log.statemachine.data.caching.enabled = true (custom)
2019-09-27 11:15:16,189 [pool-129-thread-1] INFO  server.RaftServerConfigKeys (ConfUtils.java:logGet(43)) - raft.server.retrycache.expirytime = 600000ms (custom)
2019-09-27 11:15:16,190 [pool-139-thread-1] INFO  server.RaftServerConfigKeys (ConfUtils.java:logGet(43)) - raft.server.log.statemachine.data.sync.timeout = 10s (default)
2019-09-27 11:15:16,190 [pool-139-thread-1] INFO  server.RaftServerConfigKeys (ConfUtils.java:logGet(43)) - raft.server.log.statemachine.data.sync.timeout.retry = -1 (default)
2019-09-27 11:15:16,190 [pool-119-thread-1] INFO  segmented.SegmentedRaftLogWorker (SegmentedRaftLogWorker.java:lambda$new$0(132)) - a96e18d2-d85e-44b3-ac33-f7ee1f0e315e@group-3C127E8F42E4-SegmentedRaftLogWorker: flushIndex: setUnconditionally 0 -> -1
2019-09-27 11:15:16,190 [pool-139-thread-1] INFO  server.RaftServerConfigKeys (ConfUtils.java:logGet(43)) - raft.server.log.statemachine.data.caching.enabled = true (custom)
2019-09-27 11:15:16,190 [pool-119-thread-1] INFO  server.RaftServerConfigKeys (ConfUtils.java:logGet(43)) - raft.server.snapshot.auto.trigger.enabled = true (custom)
2019-09-27 11:15:16,191 [pool-139-thread-1] INFO  segmented.SegmentedRaftLogWorker (SegmentedRaftLogWorker.java:lambda$new$0(132)) - 8112e14c-94ef-40e0-91bc-84c8c0bddf88@group-3C127E8F42E4-SegmentedRaftLogWorker: flushIndex: setUnconditionally 0 -> -1
2019-09-27 11:15:16,191 [pool-119-thread-1] INFO  server.RaftServerConfigKeys (ConfUtils.java:logGet(43)) - raft.server.snapshot.auto.trigger.threshold = 10000 (custom)
2019-09-27 11:15:16,191 [pool-139-thread-1] INFO  server.RaftServerConfigKeys (ConfUtils.java:logGet(43)) - raft.server.snapshot.auto.trigger.enabled = true (custom)
2019-09-27 11:15:16,191 [pool-119-thread-1] INFO  server.RaftServerConfigKeys (ConfUtils.java:logGet(43)) - raft.server.snapshot.retention.num.files = 5 (custom)
2019-09-27 11:15:16,191 [pool-139-thread-1] INFO  server.RaftServerConfigKeys (ConfUtils.java:logGet(43)) - raft.server.snapshot.auto.trigger.threshold = 10000 (custom)
2019-09-27 11:15:16,191 [pool-139-thread-1] INFO  server.RaftServerConfigKeys (ConfUtils.java:logGet(43)) - raft.server.snapshot.retention.num.files = 5 (custom)
2019-09-27 11:15:16,191 [pool-119-thread-1] INFO  server.RaftServerConfigKeys (ConfUtils.java:logGet(43)) - raft.server.retrycache.expirytime = 600000ms (custom)
2019-09-27 11:15:16,191 [pool-139-thread-1] INFO  server.RaftServerConfigKeys (ConfUtils.java:logGet(43)) - raft.server.retrycache.expirytime = 600000ms (custom)
2019-09-27 11:15:16,193 [IPC Server handler 6 on 35324] INFO  net.NetworkTopology (NetworkTopologyImpl.java:add(111)) - Added a new node: /default-rack/63945773-f795-4888-b22e-7c9ec0fbc5da
2019-09-27 11:15:16,193 [IPC Server handler 6 on 35324] INFO  node.SCMNodeManager (SCMNodeManager.java:register(266)) - Registered Data node : 63945773-f795-4888-b22e-7c9ec0fbc5da{ip: 192.168.30.19, host: pr-hdds-2166-8ptj5-2756111467, networkLocation: /default-rack, certSerialId: null}
2019-09-27 11:15:16,194 [pool-129-thread-1] INFO  impl.RaftServerImpl (RaftServerImpl.java:start(185)) - 8fa838ef-66c5-4745-8715-8af883a303a7@group-3C127E8F42E4: start as a follower, conf=-1: [8112e14c-94ef-40e0-91bc-84c8c0bddf88:192.168.30.19:43428, 8fa838ef-66c5-4745-8715-8af883a303a7:192.168.30.19:33975, a96e18d2-d85e-44b3-ac33-f7ee1f0e315e:192.168.30.19:46314], old=null
2019-09-27 11:15:16,194 [pool-129-thread-1] INFO  impl.RaftServerImpl (RaftServerImpl.java:setRole(174)) - 8fa838ef-66c5-4745-8715-8af883a303a7@group-3C127E8F42E4: changes role from      null to FOLLOWER at term 0 for startAsFollower
2019-09-27 11:15:16,194 [pool-129-thread-1] INFO  impl.RoleInfo (RoleInfo.java:updateAndGet(143)) - 8fa838ef-66c5-4745-8715-8af883a303a7: start FollowerState
2019-09-27 11:15:16,195 [pool-129-thread-1] INFO  util.JmxRegister (JmxRegister.java:tryRegister(44)) - Successfully registered JMX Bean with object name Ratis:service=RaftServer,group=group-3C127E8F42E4,id=8fa838ef-66c5-4745-8715-8af883a303a7
2019-09-27 11:15:16,196 [pool-139-thread-1] INFO  impl.RaftServerImpl (RaftServerImpl.java:start(185)) - 8112e14c-94ef-40e0-91bc-84c8c0bddf88@group-3C127E8F42E4: start as a follower, conf=-1: [8112e14c-94ef-40e0-91bc-84c8c0bddf88:192.168.30.19:43428, 8fa838ef-66c5-4745-8715-8af883a303a7:192.168.30.19:33975, a96e18d2-d85e-44b3-ac33-f7ee1f0e315e:192.168.30.19:46314], old=null
2019-09-27 11:15:16,196 [pool-139-thread-1] INFO  impl.RaftServerImpl (RaftServerImpl.java:setRole(174)) - 8112e14c-94ef-40e0-91bc-84c8c0bddf88@group-3C127E8F42E4: changes role from      null to FOLLOWER at term 0 for startAsFollower
2019-09-27 11:15:16,197 [pool-139-thread-1] INFO  impl.RoleInfo (RoleInfo.java:updateAndGet(143)) - 8112e14c-94ef-40e0-91bc-84c8c0bddf88: start FollowerState
2019-09-27 11:15:16,197 [pool-139-thread-1] INFO  util.JmxRegister (JmxRegister.java:tryRegister(44)) - Successfully registered JMX Bean with object name Ratis:service=RaftServer,group=group-3C127E8F42E4,id=8112e14c-94ef-40e0-91bc-84c8c0bddf88
2019-09-27 11:15:16,197 [pool-119-thread-1] INFO  impl.RaftServerImpl (RaftServerImpl.java:start(185)) - a96e18d2-d85e-44b3-ac33-f7ee1f0e315e@group-3C127E8F42E4: start as a follower, conf=-1: [8112e14c-94ef-40e0-91bc-84c8c0bddf88:192.168.30.19:43428, 8fa838ef-66c5-4745-8715-8af883a303a7:192.168.30.19:33975, a96e18d2-d85e-44b3-ac33-f7ee1f0e315e:192.168.30.19:46314], old=null
2019-09-27 11:15:16,197 [pool-119-thread-1] INFO  impl.RaftServerImpl (RaftServerImpl.java:setRole(174)) - a96e18d2-d85e-44b3-ac33-f7ee1f0e315e@group-3C127E8F42E4: changes role from      null to FOLLOWER at term 0 for startAsFollower
2019-09-27 11:15:16,197 [pool-119-thread-1] INFO  impl.RoleInfo (RoleInfo.java:updateAndGet(143)) - a96e18d2-d85e-44b3-ac33-f7ee1f0e315e: start FollowerState
2019-09-27 11:15:16,198 [pool-119-thread-1] INFO  util.JmxRegister (JmxRegister.java:tryRegister(44)) - Successfully registered JMX Bean with object name Ratis:service=RaftServer,group=group-3C127E8F42E4,id=a96e18d2-d85e-44b3-ac33-f7ee1f0e315e
2019-09-27 11:15:16,201 [RatisPipelineUtilsThread] INFO  pipeline.PipelineStateManager (PipelineStateManager.java:addPipeline(56)) - Created pipeline Pipeline[ Id: 7be0fa00-ccda-43b4-af5f-3c127e8f42e4, Nodes: 8112e14c-94ef-40e0-91bc-84c8c0bddf88{ip: 192.168.30.19, host: pr-hdds-2166-8ptj5-2756111467, networkLocation: /default-rack, certSerialId: null}a96e18d2-d85e-44b3-ac33-f7ee1f0e315e{ip: 192.168.30.19, host: pr-hdds-2166-8ptj5-2756111467, networkLocation: /default-rack, certSerialId: null}8fa838ef-66c5-4745-8715-8af883a303a7{ip: 192.168.30.19, host: pr-hdds-2166-8ptj5-2756111467, networkLocation: /default-rack, certSerialId: null}, Type:RATIS, Factor:THREE, State:OPEN]
2019-09-27 11:15:16,219 [grpc-default-executor-4] INFO  impl.RaftServerProxy (RaftServerProxy.java:addNew(89)) - a512c71a-116c-4107-8700-5c6ffbdd9d1e: addNew group-492F3DA3AAE8:[2c1dfcd2-f5f6-4d27-8cde-b5b1d4e3262e:192.168.30.19:36329, 63945773-f795-4888-b22e-7c9ec0fbc5da:192.168.30.19:41529, a512c71a-116c-4107-8700-5c6ffbdd9d1e:192.168.30.19:35812] returns group-492F3DA3AAE8:java.util.concurrent.CompletableFuture@1d1d0e9e[Not completed]
2019-09-27 11:15:16,222 [grpc-default-executor-0] INFO  impl.RaftServerProxy (RaftServerProxy.java:addNew(89)) - 63945773-f795-4888-b22e-7c9ec0fbc5da: addNew group-492F3DA3AAE8:[2c1dfcd2-f5f6-4d27-8cde-b5b1d4e3262e:192.168.30.19:36329, 63945773-f795-4888-b22e-7c9ec0fbc5da:192.168.30.19:41529, a512c71a-116c-4107-8700-5c6ffbdd9d1e:192.168.30.19:35812] returns group-492F3DA3AAE8:java.util.concurrent.CompletableFuture@6ca55545[Not completed]
2019-09-27 11:15:16,226 [grpc-default-executor-1] INFO  impl.RaftServerProxy (RaftServerProxy.java:addNew(89)) - 2c1dfcd2-f5f6-4d27-8cde-b5b1d4e3262e: addNew group-492F3DA3AAE8:[2c1dfcd2-f5f6-4d27-8cde-b5b1d4e3262e:192.168.30.19:36329, 63945773-f795-4888-b22e-7c9ec0fbc5da:192.168.30.19:41529, a512c71a-116c-4107-8700-5c6ffbdd9d1e:192.168.30.19:35812] returns group-492F3DA3AAE8:java.util.concurrent.CompletableFuture@5dae799f[Not completed]
2019-09-27 11:15:16,227 [pool-149-thread-1] INFO  impl.RaftServerImpl (RaftServerImpl.java:<init>(95)) - a512c71a-116c-4107-8700-5c6ffbdd9d1e: new RaftServerImpl for group-492F3DA3AAE8:[2c1dfcd2-f5f6-4d27-8cde-b5b1d4e3262e:192.168.30.19:36329, 63945773-f795-4888-b22e-7c9ec0fbc5da:192.168.30.19:41529, a512c71a-116c-4107-8700-5c6ffbdd9d1e:192.168.30.19:35812] with ContainerStateMachine:uninitialized
2019-09-27 11:15:16,227 [pool-149-thread-1] INFO  server.RaftServerConfigKeys (ConfUtils.java:logGet(43)) - raft.server.rpc.timeout.min = 5s (custom)
2019-09-27 11:15:16,227 [pool-149-thread-1] INFO  server.RaftServerConfigKeys (ConfUtils.java:logGet(43)) - raft.server.rpc.timeout.max = 5200ms (custom)
2019-09-27 11:15:16,228 [pool-149-thread-1] INFO  server.RaftServerConfigKeys (ConfUtils.java:logGet(43)) - raft.server.rpcslowness.timeout = 120s (custom)
2019-09-27 11:15:16,228 [pool-149-thread-1] INFO  server.RaftServerConfigKeys (ConfUtils.java:logGet(43)) - raft.server.sleep.deviation.threshold = 300 (default)
2019-09-27 11:15:16,228 [pool-149-thread-1] INFO  server.RaftServerConfigKeys (ConfUtils.java:logGet(43)) - raft.server.log.appender.install.snapshot.enabled = false (custom)
2019-09-27 11:15:16,228 [pool-149-thread-1] INFO  impl.RaftServerImpl (ServerState.java:<init>(103)) - a512c71a-116c-4107-8700-5c6ffbdd9d1e@group-492F3DA3AAE8: ConfigurationManager, init=-1: [2c1dfcd2-f5f6-4d27-8cde-b5b1d4e3262e:192.168.30.19:36329, 63945773-f795-4888-b22e-7c9ec0fbc5da:192.168.30.19:41529, a512c71a-116c-4107-8700-5c6ffbdd9d1e:192.168.30.19:35812], old=null, confs=<EMPTY_MAP>
2019-09-27 11:15:16,228 [pool-149-thread-1] INFO  server.RaftServerConfigKeys (ConfUtils.java:logGet(43)) - raft.server.storage.dir = [/workdir/hadoop-ozone/integration-test/target/test-dir/MiniOzoneClusterImpl-42dc4d63-2424-41fa-b594-829d6399a12e/datanode-3/data/ratis] (custom)
2019-09-27 11:15:16,228 [pool-149-thread-1] INFO  storage.RaftStorageDirectory (RaftStorageDirectory.java:analyzeStorage(246)) - The storage directory /workdir/hadoop-ozone/integration-test/target/test-dir/MiniOzoneClusterImpl-42dc4d63-2424-41fa-b594-829d6399a12e/datanode-3/data/ratis/38024c06-93ec-483f-9240-492f3da3aae8 does not exist. Creating ...
2019-09-27 11:15:16,231 [pool-169-thread-1] INFO  impl.RaftServerImpl (RaftServerImpl.java:<init>(95)) - 63945773-f795-4888-b22e-7c9ec0fbc5da: new RaftServerImpl for group-492F3DA3AAE8:[2c1dfcd2-f5f6-4d27-8cde-b5b1d4e3262e:192.168.30.19:36329, 63945773-f795-4888-b22e-7c9ec0fbc5da:192.168.30.19:41529, a512c71a-116c-4107-8700-5c6ffbdd9d1e:192.168.30.19:35812] with ContainerStateMachine:uninitialized
2019-09-27 11:15:16,231 [pool-169-thread-1] INFO  server.RaftServerConfigKeys (ConfUtils.java:logGet(43)) - raft.server.rpc.timeout.min = 5s (custom)
2019-09-27 11:15:16,231 [pool-169-thread-1] INFO  server.RaftServerConfigKeys (ConfUtils.java:logGet(43)) - raft.server.rpc.timeout.max = 5200ms (custom)
2019-09-27 11:15:16,232 [pool-169-thread-1] INFO  server.RaftServerConfigKeys (ConfUtils.java:logGet(43)) - raft.server.rpcslowness.timeout = 120s (custom)
2019-09-27 11:15:16,232 [pool-169-thread-1] INFO  server.RaftServerConfigKeys (ConfUtils.java:logGet(43)) - raft.server.sleep.deviation.threshold = 300 (default)
2019-09-27 11:15:16,232 [pool-169-thread-1] INFO  server.RaftServerConfigKeys (ConfUtils.java:logGet(43)) - raft.server.log.appender.install.snapshot.enabled = false (custom)
2019-09-27 11:15:16,232 [pool-169-thread-1] INFO  impl.RaftServerImpl (ServerState.java:<init>(103)) - 63945773-f795-4888-b22e-7c9ec0fbc5da@group-492F3DA3AAE8: ConfigurationManager, init=-1: [2c1dfcd2-f5f6-4d27-8cde-b5b1d4e3262e:192.168.30.19:36329, 63945773-f795-4888-b22e-7c9ec0fbc5da:192.168.30.19:41529, a512c71a-116c-4107-8700-5c6ffbdd9d1e:192.168.30.19:35812], old=null, confs=<EMPTY_MAP>
2019-09-27 11:15:16,235 [pool-159-thread-1] INFO  impl.RaftServerImpl (RaftServerImpl.java:<init>(95)) - 2c1dfcd2-f5f6-4d27-8cde-b5b1d4e3262e: new RaftServerImpl for group-492F3DA3AAE8:[2c1dfcd2-f5f6-4d27-8cde-b5b1d4e3262e:192.168.30.19:36329, 63945773-f795-4888-b22e-7c9ec0fbc5da:192.168.30.19:41529, a512c71a-116c-4107-8700-5c6ffbdd9d1e:192.168.30.19:35812] with ContainerStateMachine:uninitialized
2019-09-27 11:15:16,235 [pool-169-thread-1] INFO  server.RaftServerConfigKeys (ConfUtils.java:logGet(43)) - raft.server.storage.dir = [/workdir/hadoop-ozone/integration-test/target/test-dir/MiniOzoneClusterImpl-42dc4d63-2424-41fa-b594-829d6399a12e/datanode-5/data/ratis] (custom)
2019-09-27 11:15:16,235 [pool-159-thread-1] INFO  server.RaftServerConfigKeys (ConfUtils.java:logGet(43)) - raft.server.rpc.timeout.min = 5s (custom)
2019-09-27 11:15:16,236 [pool-159-thread-1] INFO  server.RaftServerConfigKeys (ConfUtils.java:logGet(43)) - raft.server.rpc.timeout.max = 5200ms (custom)
2019-09-27 11:15:16,236 [pool-169-thread-1] INFO  storage.RaftStorageDirectory (RaftStorageDirectory.java:analyzeStorage(246)) - The storage directory /workdir/hadoop-ozone/integration-test/target/test-dir/MiniOzoneClusterImpl-42dc4d63-2424-41fa-b594-829d6399a12e/datanode-5/data/ratis/38024c06-93ec-483f-9240-492f3da3aae8 does not exist. Creating ...
2019-09-27 11:15:16,236 [pool-159-thread-1] INFO  server.RaftServerConfigKeys (ConfUtils.java:logGet(43)) - raft.server.rpcslowness.timeout = 120s (custom)
2019-09-27 11:15:16,236 [pool-159-thread-1] INFO  server.RaftServerConfigKeys (ConfUtils.java:logGet(43)) - raft.server.sleep.deviation.threshold = 300 (default)
2019-09-27 11:15:16,236 [pool-159-thread-1] INFO  server.RaftServerConfigKeys (ConfUtils.java:logGet(43)) - raft.server.log.appender.install.snapshot.enabled = false (custom)
2019-09-27 11:15:16,237 [pool-159-thread-1] INFO  impl.RaftServerImpl (ServerState.java:<init>(103)) - 2c1dfcd2-f5f6-4d27-8cde-b5b1d4e3262e@group-492F3DA3AAE8: ConfigurationManager, init=-1: [2c1dfcd2-f5f6-4d27-8cde-b5b1d4e3262e:192.168.30.19:36329, 63945773-f795-4888-b22e-7c9ec0fbc5da:192.168.30.19:41529, a512c71a-116c-4107-8700-5c6ffbdd9d1e:192.168.30.19:35812], old=null, confs=<EMPTY_MAP>
2019-09-27 11:15:16,237 [pool-159-thread-1] INFO  server.RaftServerConfigKeys (ConfUtils.java:logGet(43)) - raft.server.storage.dir = [/workdir/hadoop-ozone/integration-test/target/test-dir/MiniOzoneClusterImpl-42dc4d63-2424-41fa-b594-829d6399a12e/datanode-4/data/ratis] (custom)
2019-09-27 11:15:16,237 [pool-159-thread-1] INFO  storage.RaftStorageDirectory (RaftStorageDirectory.java:analyzeStorage(246)) - The storage directory /workdir/hadoop-ozone/integration-test/target/test-dir/MiniOzoneClusterImpl-42dc4d63-2424-41fa-b594-829d6399a12e/datanode-4/data/ratis/38024c06-93ec-483f-9240-492f3da3aae8 does not exist. Creating ...
2019-09-27 11:15:16,253 [pool-149-thread-1] INFO  storage.RaftStorageDirectory (RaftStorageDirectory.java:tryLock(328)) - Lock on /workdir/hadoop-ozone/integration-test/target/test-dir/MiniOzoneClusterImpl-42dc4d63-2424-41fa-b594-829d6399a12e/datanode-3/data/ratis/38024c06-93ec-483f-9240-492f3da3aae8/in_use.lock acquired by nodename 29434@pr-hdds-2166-8ptj5-2756111467
2019-09-27 11:15:16,254 [pool-159-thread-1] INFO  storage.RaftStorageDirectory (RaftStorageDirectory.java:tryLock(328)) - Lock on /workdir/hadoop-ozone/integration-test/target/test-dir/MiniOzoneClusterImpl-42dc4d63-2424-41fa-b594-829d6399a12e/datanode-4/data/ratis/38024c06-93ec-483f-9240-492f3da3aae8/in_use.lock acquired by nodename 29434@pr-hdds-2166-8ptj5-2756111467
2019-09-27 11:15:16,253 [pool-169-thread-1] INFO  storage.RaftStorageDirectory (RaftStorageDirectory.java:tryLock(328)) - Lock on /workdir/hadoop-ozone/integration-test/target/test-dir/MiniOzoneClusterImpl-42dc4d63-2424-41fa-b594-829d6399a12e/datanode-5/data/ratis/38024c06-93ec-483f-9240-492f3da3aae8/in_use.lock acquired by nodename 29434@pr-hdds-2166-8ptj5-2756111467
2019-09-27 11:15:16,263 [main] INFO  ozone.MiniOzoneClusterImpl (MiniOzoneClusterImpl.java:lambda$waitForClusterToBeReady$0(147)) - Waiting for cluster to be ready. Got 6 of 7 DN Heartbeats.
2019-09-27 11:15:16,264 [IPC Server handler 8 on 35324] INFO  net.NetworkTopology (NetworkTopologyImpl.java:add(111)) - Added a new node: /default-rack/ec00122a-ee51-4453-ad34-729d4a055134
2019-09-27 11:15:16,264 [IPC Server handler 8 on 35324] INFO  node.SCMNodeManager (SCMNodeManager.java:register(266)) - Registered Data node : ec00122a-ee51-4453-ad34-729d4a055134{ip: 192.168.30.19, host: pr-hdds-2166-8ptj5-2756111467, networkLocation: /default-rack, certSerialId: null}
2019-09-27 11:15:16,277 [pool-149-thread-1] INFO  storage.RaftStorage (RaftStorage.java:format(72)) - Storage directory /workdir/hadoop-ozone/integration-test/target/test-dir/MiniOzoneClusterImpl-42dc4d63-2424-41fa-b594-829d6399a12e/datanode-3/data/ratis/38024c06-93ec-483f-9240-492f3da3aae8 has been successfully formatted.
2019-09-27 11:15:16,277 [pool-159-thread-1] INFO  storage.RaftStorage (RaftStorage.java:format(72)) - Storage directory /workdir/hadoop-ozone/integration-test/target/test-dir/MiniOzoneClusterImpl-42dc4d63-2424-41fa-b594-829d6399a12e/datanode-4/data/ratis/38024c06-93ec-483f-9240-492f3da3aae8 has been successfully formatted.
2019-09-27 11:15:16,277 [pool-169-thread-1] INFO  storage.RaftStorage (RaftStorage.java:format(72)) - Storage directory /workdir/hadoop-ozone/integration-test/target/test-dir/MiniOzoneClusterImpl-42dc4d63-2424-41fa-b594-829d6399a12e/datanode-5/data/ratis/38024c06-93ec-483f-9240-492f3da3aae8 has been successfully formatted.
2019-09-27 11:15:16,277 [pool-159-thread-1] INFO  ratis.ContainerStateMachine (ContainerStateMachine.java:loadSnapshot(230)) - group-492F3DA3AAE8: The snapshot info is null. Setting the last applied indexto:(t:0, i:~)
2019-09-27 11:15:16,277 [pool-169-thread-1] INFO  ratis.ContainerStateMachine (ContainerStateMachine.java:loadSnapshot(230)) - group-492F3DA3AAE8: The snapshot info is null. Setting the last applied indexto:(t:0, i:~)
2019-09-27 11:15:16,277 [pool-149-thread-1] INFO  ratis.ContainerStateMachine (ContainerStateMachine.java:loadSnapshot(230)) - group-492F3DA3AAE8: The snapshot info is null. Setting the last applied indexto:(t:0, i:~)
2019-09-27 11:15:16,277 [pool-169-thread-1] INFO  server.RaftServerConfigKeys (ConfUtils.java:logGet(43)) - raft.server.notification.no-leader.timeout = 120s (custom)
2019-09-27 11:15:16,277 [pool-159-thread-1] INFO  server.RaftServerConfigKeys (ConfUtils.java:logGet(43)) - raft.server.notification.no-leader.timeout = 120s (custom)
2019-09-27 11:15:16,278 [pool-169-thread-1] INFO  server.RaftServerConfigKeys (ConfUtils.java:logGet(43)) - raft.server.log.use.memory = false (default)
2019-09-27 11:15:16,277 [pool-149-thread-1] INFO  server.RaftServerConfigKeys (ConfUtils.java:logGet(43)) - raft.server.notification.no-leader.timeout = 120s (custom)
2019-09-27 11:15:16,278 [pool-169-thread-1] INFO  server.RaftServerConfigKeys (ConfUtils.java:logGet(43)) - raft.server.log.purge.gap = 1000000 (custom)
2019-09-27 11:15:16,278 [pool-159-thread-1] INFO  server.RaftServerConfigKeys (ConfUtils.java:logGet(43)) - raft.server.log.use.memory = false (default)
2019-09-27 11:15:16,278 [pool-169-thread-1] INFO  server.RaftServerConfigKeys (ConfUtils.java:logGet(43)) - raft.server.log.appender.buffer.byte-limit = 33554432 (custom)
2019-09-27 11:15:16,278 [pool-149-thread-1] INFO  server.RaftServerConfigKeys (ConfUtils.java:logGet(43)) - raft.server.log.use.memory = false (default)
2019-09-27 11:15:16,279 [pool-169-thread-1] INFO  server.RaftServerConfigKeys (ConfUtils.java:logGet(43)) - raft.server.log.segment.size.max = 1048576 (custom)
2019-09-27 11:15:16,278 [pool-159-thread-1] INFO  server.RaftServerConfigKeys (ConfUtils.java:logGet(43)) - raft.server.log.purge.gap = 1000000 (custom)
2019-09-27 11:15:16,279 [pool-169-thread-1] INFO  server.RaftServerConfigKeys (ConfUtils.java:logGet(43)) - raft.server.log.segment.cache.num.max = 2 (custom)
2019-09-27 11:15:16,279 [pool-149-thread-1] INFO  server.RaftServerConfigKeys (ConfUtils.java:logGet(43)) - raft.server.log.purge.gap = 1000000 (custom)
2019-09-27 11:15:16,279 [pool-169-thread-1] INFO  segmented.SegmentedRaftLogWorker (SegmentedRaftLogWorker.java:<init>(172)) - new 63945773-f795-4888-b22e-7c9ec0fbc5da@group-492F3DA3AAE8-SegmentedRaftLogWorker for RaftStorage:Storage Directory /workdir/hadoop-ozone/integration-test/target/test-dir/MiniOzoneClusterImpl-42dc4d63-2424-41fa-b594-829d6399a12e/datanode-5/data/ratis/38024c06-93ec-483f-9240-492f3da3aae8
2019-09-27 11:15:16,279 [pool-159-thread-1] INFO  server.RaftServerConfigKeys (ConfUtils.java:logGet(43)) - raft.server.log.appender.buffer.byte-limit = 33554432 (custom)
2019-09-27 11:15:16,279 [pool-149-thread-1] INFO  server.RaftServerConfigKeys (ConfUtils.java:logGet(43)) - raft.server.log.appender.buffer.byte-limit = 33554432 (custom)
2019-09-27 11:15:16,279 [pool-159-thread-1] INFO  server.RaftServerConfigKeys (ConfUtils.java:logGet(43)) - raft.server.log.segment.size.max = 1048576 (custom)
2019-09-27 11:15:16,280 [pool-149-thread-1] INFO  server.RaftServerConfigKeys (ConfUtils.java:logGet(43)) - raft.server.log.segment.size.max = 1048576 (custom)
2019-09-27 11:15:16,280 [pool-159-thread-1] INFO  server.RaftServerConfigKeys (ConfUtils.java:logGet(43)) - raft.server.log.segment.cache.num.max = 2 (custom)
2019-09-27 11:15:16,280 [pool-149-thread-1] INFO  server.RaftServerConfigKeys (ConfUtils.java:logGet(43)) - raft.server.log.segment.cache.num.max = 2 (custom)
2019-09-27 11:15:16,280 [pool-159-thread-1] INFO  segmented.SegmentedRaftLogWorker (SegmentedRaftLogWorker.java:<init>(172)) - new 2c1dfcd2-f5f6-4d27-8cde-b5b1d4e3262e@group-492F3DA3AAE8-SegmentedRaftLogWorker for RaftStorage:Storage Directory /workdir/hadoop-ozone/integration-test/target/test-dir/MiniOzoneClusterImpl-42dc4d63-2424-41fa-b594-829d6399a12e/datanode-4/data/ratis/38024c06-93ec-483f-9240-492f3da3aae8
2019-09-27 11:15:16,280 [pool-149-thread-1] INFO  segmented.SegmentedRaftLogWorker (SegmentedRaftLogWorker.java:<init>(172)) - new a512c71a-116c-4107-8700-5c6ffbdd9d1e@group-492F3DA3AAE8-SegmentedRaftLogWorker for RaftStorage:Storage Directory /workdir/hadoop-ozone/integration-test/target/test-dir/MiniOzoneClusterImpl-42dc4d63-2424-41fa-b594-829d6399a12e/datanode-3/data/ratis/38024c06-93ec-483f-9240-492f3da3aae8
2019-09-27 11:15:16,280 [pool-149-thread-1] INFO  server.RaftServerConfigKeys (ConfUtils.java:logGet(43)) - raft.server.log.queue.byte-limit = 2147483647 (custom)
2019-09-27 11:15:16,281 [pool-149-thread-1] INFO  server.RaftServerConfigKeys (ConfUtils.java:logGet(43)) - raft.server.log.queue.element-limit = 1024 (custom)
2019-09-27 11:15:16,281 [pool-149-thread-1] INFO  server.RaftServerConfigKeys (ConfUtils.java:logGet(43)) - raft.server.log.segment.size.max = 1048576 (custom)
2019-09-27 11:15:16,281 [pool-149-thread-1] INFO  server.RaftServerConfigKeys (ConfUtils.java:logGet(43)) - raft.server.log.preallocated.size = 16384 (custom)
2019-09-27 11:15:16,281 [pool-149-thread-1] INFO  server.RaftServerConfigKeys (ConfUtils.java:logGet(43)) - raft.server.log.write.buffer.size = 33554432 (custom)
2019-09-27 11:15:16,281 [pool-149-thread-1] INFO  server.RaftServerConfigKeys (ConfUtils.java:logGet(43)) - raft.server.log.force.sync.num = 128 (default)
2019-09-27 11:15:16,282 [pool-149-thread-1] INFO  server.RaftServerConfigKeys (ConfUtils.java:logGet(43)) - raft.server.log.statemachine.data.sync = true (default)
2019-09-27 11:15:16,282 [pool-149-thread-1] INFO  server.RaftServerConfigKeys (ConfUtils.java:logGet(43)) - raft.server.log.statemachine.data.sync.timeout = 10s (default)
2019-09-27 11:15:16,282 [pool-149-thread-1] INFO  server.RaftServerConfigKeys (ConfUtils.java:logGet(43)) - raft.server.log.statemachine.data.sync.timeout.retry = -1 (default)
2019-09-27 11:15:16,282 [pool-149-thread-1] INFO  server.RaftServerConfigKeys (ConfUtils.java:logGet(43)) - raft.server.log.statemachine.data.caching.enabled = true (custom)
2019-09-27 11:15:16,282 [pool-149-thread-1] INFO  segmented.SegmentedRaftLogWorker (SegmentedRaftLogWorker.java:lambda$new$0(132)) - a512c71a-116c-4107-8700-5c6ffbdd9d1e@group-492F3DA3AAE8-SegmentedRaftLogWorker: flushIndex: setUnconditionally 0 -> -1
2019-09-27 11:15:16,282 [pool-169-thread-1] INFO  server.RaftServerConfigKeys (ConfUtils.java:logGet(43)) - raft.server.log.queue.byte-limit = 2147483647 (custom)
2019-09-27 11:15:16,283 [pool-149-thread-1] INFO  server.RaftServerConfigKeys (ConfUtils.java:logGet(43)) - raft.server.snapshot.auto.trigger.enabled = true (custom)
2019-09-27 11:15:16,283 [pool-169-thread-1] INFO  server.RaftServerConfigKeys (ConfUtils.java:logGet(43)) - raft.server.log.queue.element-limit = 1024 (custom)
2019-09-27 11:15:16,283 [pool-149-thread-1] INFO  server.RaftServerConfigKeys (ConfUtils.java:logGet(43)) - raft.server.snapshot.auto.trigger.threshold = 10000 (custom)
2019-09-27 11:15:16,283 [pool-149-thread-1] INFO  server.RaftServerConfigKeys (ConfUtils.java:logGet(43)) - raft.server.snapshot.retention.num.files = 5 (custom)
2019-09-27 11:15:16,283 [pool-169-thread-1] INFO  server.RaftServerConfigKeys (ConfUtils.java:logGet(43)) - raft.server.log.segment.size.max = 1048576 (custom)
2019-09-27 11:15:16,283 [pool-149-thread-1] INFO  server.RaftServerConfigKeys (ConfUtils.java:logGet(43)) - raft.server.retrycache.expirytime = 600000ms (custom)
2019-09-27 11:15:16,283 [pool-159-thread-1] INFO  server.RaftServerConfigKeys (ConfUtils.java:logGet(43)) - raft.server.log.queue.byte-limit = 2147483647 (custom)
2019-09-27 11:15:16,283 [pool-169-thread-1] INFO  server.RaftServerConfigKeys (ConfUtils.java:logGet(43)) - raft.server.log.preallocated.size = 16384 (custom)
2019-09-27 11:15:16,284 [pool-159-thread-1] INFO  server.RaftServerConfigKeys (ConfUtils.java:logGet(43)) - raft.server.log.queue.element-limit = 1024 (custom)
2019-09-27 11:15:16,284 [pool-169-thread-1] INFO  server.RaftServerConfigKeys (ConfUtils.java:logGet(43)) - raft.server.log.write.buffer.size = 33554432 (custom)
2019-09-27 11:15:16,284 [pool-159-thread-1] INFO  server.RaftServerConfigKeys (ConfUtils.java:logGet(43)) - raft.server.log.segment.size.max = 1048576 (custom)
2019-09-27 11:15:16,284 [pool-169-thread-1] INFO  server.RaftServerConfigKeys (ConfUtils.java:logGet(43)) - raft.server.log.force.sync.num = 128 (default)
2019-09-27 11:15:16,284 [pool-159-thread-1] INFO  server.RaftServerConfigKeys (ConfUtils.java:logGet(43)) - raft.server.log.preallocated.size = 16384 (custom)
2019-09-27 11:15:16,284 [pool-169-thread-1] INFO  server.RaftServerConfigKeys (ConfUtils.java:logGet(43)) - raft.server.log.statemachine.data.sync = true (default)
2019-09-27 11:15:16,285 [pool-159-thread-1] INFO  server.RaftServerConfigKeys (ConfUtils.java:logGet(43)) - raft.server.log.write.buffer.size = 33554432 (custom)
2019-09-27 11:15:16,285 [pool-169-thread-1] INFO  server.RaftServerConfigKeys (ConfUtils.java:logGet(43)) - raft.server.log.statemachine.data.sync.timeout = 10s (default)
2019-09-27 11:15:16,285 [pool-159-thread-1] INFO  server.RaftServerConfigKeys (ConfUtils.java:logGet(43)) - raft.server.log.force.sync.num = 128 (default)
2019-09-27 11:15:16,285 [pool-169-thread-1] INFO  server.RaftServerConfigKeys (ConfUtils.java:logGet(43)) - raft.server.log.statemachine.data.sync.timeout.retry = -1 (default)
2019-09-27 11:15:16,285 [pool-159-thread-1] INFO  server.RaftServerConfigKeys (ConfUtils.java:logGet(43)) - raft.server.log.statemachine.data.sync = true (default)
2019-09-27 11:15:16,286 [pool-159-thread-1] INFO  server.RaftServerConfigKeys (ConfUtils.java:logGet(43)) - raft.server.log.statemachine.data.sync.timeout = 10s (default)
2019-09-27 11:15:16,286 [pool-169-thread-1] INFO  server.RaftServerConfigKeys (ConfUtils.java:logGet(43)) - raft.server.log.statemachine.data.caching.enabled = true (custom)
2019-09-27 11:15:16,286 [pool-149-thread-1] INFO  impl.RaftServerImpl (RaftServerImpl.java:start(185)) - a512c71a-116c-4107-8700-5c6ffbdd9d1e@group-492F3DA3AAE8: start as a follower, conf=-1: [2c1dfcd2-f5f6-4d27-8cde-b5b1d4e3262e:192.168.30.19:36329, 63945773-f795-4888-b22e-7c9ec0fbc5da:192.168.30.19:41529, a512c71a-116c-4107-8700-5c6ffbdd9d1e:192.168.30.19:35812], old=null
2019-09-27 11:15:16,286 [pool-159-thread-1] INFO  server.RaftServerConfigKeys (ConfUtils.java:logGet(43)) - raft.server.log.statemachine.data.sync.timeout.retry = -1 (default)
2019-09-27 11:15:16,286 [pool-169-thread-1] INFO  segmented.SegmentedRaftLogWorker (SegmentedRaftLogWorker.java:lambda$new$0(132)) - 63945773-f795-4888-b22e-7c9ec0fbc5da@group-492F3DA3AAE8-SegmentedRaftLogWorker: flushIndex: setUnconditionally 0 -> -1
2019-09-27 11:15:16,286 [pool-149-thread-1] INFO  impl.RaftServerImpl (RaftServerImpl.java:setRole(174)) - a512c71a-116c-4107-8700-5c6ffbdd9d1e@group-492F3DA3AAE8: changes role from      null to FOLLOWER at term 0 for startAsFollower
2019-09-27 11:15:16,286 [pool-159-thread-1] INFO  server.RaftServerConfigKeys (ConfUtils.java:logGet(43)) - raft.server.log.statemachine.data.caching.enabled = true (custom)
2019-09-27 11:15:16,287 [pool-149-thread-1] INFO  impl.RoleInfo (RoleInfo.java:updateAndGet(143)) - a512c71a-116c-4107-8700-5c6ffbdd9d1e: start FollowerState
2019-09-27 11:15:16,287 [pool-169-thread-1] INFO  server.RaftServerConfigKeys (ConfUtils.java:logGet(43)) - raft.server.snapshot.auto.trigger.enabled = true (custom)
2019-09-27 11:15:16,287 [pool-159-thread-1] INFO  segmented.SegmentedRaftLogWorker (SegmentedRaftLogWorker.java:lambda$new$0(132)) - 2c1dfcd2-f5f6-4d27-8cde-b5b1d4e3262e@group-492F3DA3AAE8-SegmentedRaftLogWorker: flushIndex: setUnconditionally 0 -> -1
2019-09-27 11:15:16,287 [pool-149-thread-1] INFO  util.JmxRegister (JmxRegister.java:tryRegister(44)) - Successfully registered JMX Bean with object name Ratis:service=RaftServer,group=group-492F3DA3AAE8,id=a512c71a-116c-4107-8700-5c6ffbdd9d1e
2019-09-27 11:15:16,287 [pool-169-thread-1] INFO  server.RaftServerConfigKeys (ConfUtils.java:logGet(43)) - raft.server.snapshot.auto.trigger.threshold = 10000 (custom)
2019-09-27 11:15:16,287 [pool-159-thread-1] INFO  server.RaftServerConfigKeys (ConfUtils.java:logGet(43)) - raft.server.snapshot.auto.trigger.enabled = true (custom)
2019-09-27 11:15:16,287 [pool-169-thread-1] INFO  server.RaftServerConfigKeys (ConfUtils.java:logGet(43)) - raft.server.snapshot.retention.num.files = 5 (custom)
2019-09-27 11:15:16,288 [pool-159-thread-1] INFO  server.RaftServerConfigKeys (ConfUtils.java:logGet(43)) - raft.server.snapshot.auto.trigger.threshold = 10000 (custom)
2019-09-27 11:15:16,288 [pool-169-thread-1] INFO  server.RaftServerConfigKeys (ConfUtils.java:logGet(43)) - raft.server.retrycache.expirytime = 600000ms (custom)
2019-09-27 11:15:16,288 [pool-159-thread-1] INFO  server.RaftServerConfigKeys (ConfUtils.java:logGet(43)) - raft.server.snapshot.retention.num.files = 5 (custom)
2019-09-27 11:15:16,288 [pool-159-thread-1] INFO  server.RaftServerConfigKeys (ConfUtils.java:logGet(43)) - raft.server.retrycache.expirytime = 600000ms (custom)
2019-09-27 11:15:16,291 [pool-169-thread-1] INFO  impl.RaftServerImpl (RaftServerImpl.java:start(185)) - 63945773-f795-4888-b22e-7c9ec0fbc5da@group-492F3DA3AAE8: start as a follower, conf=-1: [2c1dfcd2-f5f6-4d27-8cde-b5b1d4e3262e:192.168.30.19:36329, 63945773-f795-4888-b22e-7c9ec0fbc5da:192.168.30.19:41529, a512c71a-116c-4107-8700-5c6ffbdd9d1e:192.168.30.19:35812], old=null
2019-09-27 11:15:16,291 [pool-169-thread-1] INFO  impl.RaftServerImpl (RaftServerImpl.java:setRole(174)) - 63945773-f795-4888-b22e-7c9ec0fbc5da@group-492F3DA3AAE8: changes role from      null to FOLLOWER at term 0 for startAsFollower
2019-09-27 11:15:16,291 [pool-159-thread-1] INFO  impl.RaftServerImpl (RaftServerImpl.java:start(185)) - 2c1dfcd2-f5f6-4d27-8cde-b5b1d4e3262e@group-492F3DA3AAE8: start as a follower, conf=-1: [2c1dfcd2-f5f6-4d27-8cde-b5b1d4e3262e:192.168.30.19:36329, 63945773-f795-4888-b22e-7c9ec0fbc5da:192.168.30.19:41529, a512c71a-116c-4107-8700-5c6ffbdd9d1e:192.168.30.19:35812], old=null
2019-09-27 11:15:16,292 [pool-169-thread-1] INFO  impl.RoleInfo (RoleInfo.java:updateAndGet(143)) - 63945773-f795-4888-b22e-7c9ec0fbc5da: start FollowerState
2019-09-27 11:15:16,292 [pool-159-thread-1] INFO  impl.RaftServerImpl (RaftServerImpl.java:setRole(174)) - 2c1dfcd2-f5f6-4d27-8cde-b5b1d4e3262e@group-492F3DA3AAE8: changes role from      null to FOLLOWER at term 0 for startAsFollower
2019-09-27 11:15:16,292 [pool-159-thread-1] INFO  impl.RoleInfo (RoleInfo.java:updateAndGet(143)) - 2c1dfcd2-f5f6-4d27-8cde-b5b1d4e3262e: start FollowerState
2019-09-27 11:15:16,292 [pool-169-thread-1] INFO  util.JmxRegister (JmxRegister.java:tryRegister(44)) - Successfully registered JMX Bean with object name Ratis:service=RaftServer,group=group-492F3DA3AAE8,id=63945773-f795-4888-b22e-7c9ec0fbc5da
2019-09-27 11:15:16,292 [pool-159-thread-1] INFO  util.JmxRegister (JmxRegister.java:tryRegister(44)) - Successfully registered JMX Bean with object name Ratis:service=RaftServer,group=group-492F3DA3AAE8,id=2c1dfcd2-f5f6-4d27-8cde-b5b1d4e3262e
2019-09-27 11:15:16,296 [RatisPipelineUtilsThread] INFO  pipeline.PipelineStateManager (PipelineStateManager.java:addPipeline(56)) - Created pipeline Pipeline[ Id: 38024c06-93ec-483f-9240-492f3da3aae8, Nodes: 63945773-f795-4888-b22e-7c9ec0fbc5da{ip: 192.168.30.19, host: pr-hdds-2166-8ptj5-2756111467, networkLocation: /default-rack, certSerialId: null}2c1dfcd2-f5f6-4d27-8cde-b5b1d4e3262e{ip: 192.168.30.19, host: pr-hdds-2166-8ptj5-2756111467, networkLocation: /default-rack, certSerialId: null}a512c71a-116c-4107-8700-5c6ffbdd9d1e{ip: 192.168.30.19, host: pr-hdds-2166-8ptj5-2756111467, networkLocation: /default-rack, certSerialId: null}, Type:RATIS, Factor:THREE, State:OPEN]
2019-09-27 11:15:17,263 [main] INFO  ozone.MiniOzoneClusterImpl (MiniOzoneClusterImpl.java:lambda$waitForClusterToBeReady$0(147)) - Cluster is ready. Got 7 of 7 DN Heartbeats.
2019-09-27 11:15:17,302 [main] INFO  rpc.RpcClient (RpcClient.java:createVolume(276)) - Creating Volume: testblockoutputstreamwithretries, with jenkins1000 as owner.
2019-09-27 11:15:17,306 [IPC Server handler 4 on 42254] INFO  volume.OMVolumeCreateRequest (OMVolumeCreateRequest.java:validateAndUpdateCache(194)) - created volume:testblockoutputstreamwithretries for user:jenkins1000
2019-09-27 11:15:17,332 [main] INFO  rpc.RpcClient (RpcClient.java:createBucket(415)) - Creating Bucket: testblockoutputstreamwithretries/testblockoutputstreamwithretries, with Versioning false and Storage Type set to DISK and Encryption set to false 
2019-09-27 11:15:18,819 [Thread-679] INFO  container.ReplicationManager (ReplicationManager.java:start(162)) - Starting Replication Monitor Thread.
2019-09-27 11:15:18,822 [ReplicationMonitor] INFO  container.ReplicationManager (ReplicationManager.java:run(225)) - Replication Monitor Thread took 0 milliseconds for processing 3 containers.
2019-09-27 11:15:20,931 [Thread-681] INFO  impl.FollowerState (FollowerState.java:run(106)) - a96e18d2-d85e-44b3-ac33-f7ee1f0e315e:group-3ACD1B7378CD changes to CANDIDATE, lastRpcTime:5032, electionTimeout:5032ms
2019-09-27 11:15:20,931 [Thread-681] INFO  impl.RoleInfo (RoleInfo.java:shutdownFollowerState(121)) - a96e18d2-d85e-44b3-ac33-f7ee1f0e315e: shutdown FollowerState
2019-09-27 11:15:20,931 [Thread-681] INFO  impl.RaftServerImpl (RaftServerImpl.java:setRole(174)) - a96e18d2-d85e-44b3-ac33-f7ee1f0e315e@group-3ACD1B7378CD: changes role from  FOLLOWER to CANDIDATE at term 0 for changeToCandidate
2019-09-27 11:15:20,932 [Thread-681] INFO  impl.RoleInfo (RoleInfo.java:updateAndGet(143)) - a96e18d2-d85e-44b3-ac33-f7ee1f0e315e: start LeaderElection
2019-09-27 11:15:20,968 [a96e18d2-d85e-44b3-ac33-f7ee1f0e315e@group-3ACD1B7378CD:LeaderElection16] INFO  impl.LeaderElection (LeaderElection.java:askForVotes(182)) - a96e18d2-d85e-44b3-ac33-f7ee1f0e315e@group-3ACD1B7378CD:LeaderElection16: begin an election at term 1 for -1: [a96e18d2-d85e-44b3-ac33-f7ee1f0e315e:192.168.30.19:46314], old=null
2019-09-27 11:15:20,969 [a96e18d2-d85e-44b3-ac33-f7ee1f0e315e@group-3ACD1B7378CD:LeaderElection16] INFO  impl.RoleInfo (RoleInfo.java:shutdownLeaderElection(134)) - a96e18d2-d85e-44b3-ac33-f7ee1f0e315e: shutdown LeaderElection
2019-09-27 11:15:20,969 [a96e18d2-d85e-44b3-ac33-f7ee1f0e315e@group-3ACD1B7378CD:LeaderElection16] INFO  impl.RaftServerImpl (RaftServerImpl.java:setRole(174)) - a96e18d2-d85e-44b3-ac33-f7ee1f0e315e@group-3ACD1B7378CD: changes role from CANDIDATE to LEADER at term 1 for changeToLeader
2019-09-27 11:15:20,969 [a96e18d2-d85e-44b3-ac33-f7ee1f0e315e@group-3ACD1B7378CD:LeaderElection16] INFO  impl.RaftServerImpl (ServerState.java:setLeader(253)) - a96e18d2-d85e-44b3-ac33-f7ee1f0e315e@group-3ACD1B7378CD: change Leader from null to a96e18d2-d85e-44b3-ac33-f7ee1f0e315e at term 1 for becomeLeader, leader elected after 5083ms
2019-09-27 11:15:20,971 [a96e18d2-d85e-44b3-ac33-f7ee1f0e315e@group-3ACD1B7378CD:LeaderElection16] INFO  server.RaftServerConfigKeys (ConfUtils.java:logGet(43)) - raft.server.staging.catchup.gap = 1000 (default)
2019-09-27 11:15:20,971 [a96e18d2-d85e-44b3-ac33-f7ee1f0e315e@group-3ACD1B7378CD:LeaderElection16] INFO  server.RaftServerConfigKeys (ConfUtils.java:logGet(43)) - raft.server.rpc.sleep.time = 25ms (default)
2019-09-27 11:15:20,971 [a96e18d2-d85e-44b3-ac33-f7ee1f0e315e@group-3ACD1B7378CD:LeaderElection16] INFO  server.RaftServerConfigKeys (ConfUtils.java:logGet(43)) - raft.server.write.element-limit = 4096 (default)
2019-09-27 11:15:20,971 [a96e18d2-d85e-44b3-ac33-f7ee1f0e315e@group-3ACD1B7378CD:LeaderElection16] INFO  server.RaftServerConfigKeys (ConfUtils.java:logGet(43)) - raft.server.watch.timeout = 10s (default)
2019-09-27 11:15:20,971 [a96e18d2-d85e-44b3-ac33-f7ee1f0e315e@group-3ACD1B7378CD:LeaderElection16] INFO  server.RaftServerConfigKeys (ConfUtils.java:logGet(43)) - raft.server.watch.timeout.denomination = 1s (default)
2019-09-27 11:15:20,972 [a96e18d2-d85e-44b3-ac33-f7ee1f0e315e@group-3ACD1B7378CD:LeaderElection16] INFO  server.RaftServerConfigKeys (ConfUtils.java:logGet(43)) - raft.server.watch.element-limit = 65536 (default)
2019-09-27 11:15:20,974 [a96e18d2-d85e-44b3-ac33-f7ee1f0e315e@group-3ACD1B7378CD:LeaderElection16] INFO  impl.RoleInfo (RoleInfo.java:updateAndGet(143)) - a96e18d2-d85e-44b3-ac33-f7ee1f0e315e: start LeaderState
2019-09-27 11:15:20,974 [a96e18d2-d85e-44b3-ac33-f7ee1f0e315e@group-3ACD1B7378CD:LeaderElection16] INFO  segmented.SegmentedRaftLogWorker (SegmentedRaftLogWorker.java:startLogSegment(380)) - a96e18d2-d85e-44b3-ac33-f7ee1f0e315e@group-3ACD1B7378CD-SegmentedRaftLogWorker: Starting segment from index:0
2019-09-27 11:15:20,975 [a96e18d2-d85e-44b3-ac33-f7ee1f0e315e@group-3ACD1B7378CD:LeaderElection16] INFO  impl.RaftServerImpl (ServerState.java:setRaftConf(354)) - a96e18d2-d85e-44b3-ac33-f7ee1f0e315e@group-3ACD1B7378CD: set configuration 0: [a96e18d2-d85e-44b3-ac33-f7ee1f0e315e:192.168.30.19:46314], old=null at 0
2019-09-27 11:15:21,023 [a96e18d2-d85e-44b3-ac33-f7ee1f0e315e@group-3ACD1B7378CD-SegmentedRaftLogWorker] INFO  segmented.SegmentedRaftLogWorker (SegmentedRaftLogWorker.java:execute(569)) - a96e18d2-d85e-44b3-ac33-f7ee1f0e315e@group-3ACD1B7378CD-SegmentedRaftLogWorker: created new log segment /workdir/hadoop-ozone/integration-test/target/test-dir/MiniOzoneClusterImpl-42dc4d63-2424-41fa-b594-829d6399a12e/datanode-0/data/ratis/27ed4f04-a0eb-4ab6-bc52-3acd1b7378cd/current/log_inprogress_0
2019-09-27 11:15:21,065 [Thread-687] INFO  impl.FollowerState (FollowerState.java:run(106)) - 8112e14c-94ef-40e0-91bc-84c8c0bddf88:group-95F98B6D9FE3 changes to CANDIDATE, lastRpcTime:5031, electionTimeout:5031ms
2019-09-27 11:15:21,065 [Thread-687] INFO  impl.RoleInfo (RoleInfo.java:shutdownFollowerState(121)) - 8112e14c-94ef-40e0-91bc-84c8c0bddf88: shutdown FollowerState
2019-09-27 11:15:21,065 [Thread-687] INFO  impl.RaftServerImpl (RaftServerImpl.java:setRole(174)) - 8112e14c-94ef-40e0-91bc-84c8c0bddf88@group-95F98B6D9FE3: changes role from  FOLLOWER to CANDIDATE at term 0 for changeToCandidate
2019-09-27 11:15:21,065 [Thread-687] INFO  impl.RoleInfo (RoleInfo.java:updateAndGet(143)) - 8112e14c-94ef-40e0-91bc-84c8c0bddf88: start LeaderElection
2019-09-27 11:15:21,069 [Thread-684] INFO  impl.FollowerState (FollowerState.java:run(106)) - 8fa838ef-66c5-4745-8715-8af883a303a7:group-A990E4F209ED changes to CANDIDATE, lastRpcTime:5115, electionTimeout:5115ms
2019-09-27 11:15:21,070 [Thread-684] INFO  impl.RoleInfo (RoleInfo.java:shutdownFollowerState(121)) - 8fa838ef-66c5-4745-8715-8af883a303a7: shutdown FollowerState
2019-09-27 11:15:21,070 [Thread-684] INFO  impl.RaftServerImpl (RaftServerImpl.java:setRole(174)) - 8fa838ef-66c5-4745-8715-8af883a303a7@group-A990E4F209ED: changes role from  FOLLOWER to CANDIDATE at term 0 for changeToCandidate
2019-09-27 11:15:21,070 [Thread-684] INFO  impl.RoleInfo (RoleInfo.java:updateAndGet(143)) - 8fa838ef-66c5-4745-8715-8af883a303a7: start LeaderElection
2019-09-27 11:15:21,087 [8112e14c-94ef-40e0-91bc-84c8c0bddf88@group-95F98B6D9FE3:LeaderElection17] INFO  impl.LeaderElection (LeaderElection.java:askForVotes(182)) - 8112e14c-94ef-40e0-91bc-84c8c0bddf88@group-95F98B6D9FE3:LeaderElection17: begin an election at term 1 for -1: [8112e14c-94ef-40e0-91bc-84c8c0bddf88:192.168.30.19:43428], old=null
2019-09-27 11:15:21,087 [8fa838ef-66c5-4745-8715-8af883a303a7@group-A990E4F209ED:LeaderElection18] INFO  impl.LeaderElection (LeaderElection.java:askForVotes(182)) - 8fa838ef-66c5-4745-8715-8af883a303a7@group-A990E4F209ED:LeaderElection18: begin an election at term 1 for -1: [8fa838ef-66c5-4745-8715-8af883a303a7:192.168.30.19:33975], old=null
2019-09-27 11:15:21,088 [8112e14c-94ef-40e0-91bc-84c8c0bddf88@group-95F98B6D9FE3:LeaderElection17] INFO  impl.RoleInfo (RoleInfo.java:shutdownLeaderElection(134)) - 8112e14c-94ef-40e0-91bc-84c8c0bddf88: shutdown LeaderElection
2019-09-27 11:15:21,088 [8fa838ef-66c5-4745-8715-8af883a303a7@group-A990E4F209ED:LeaderElection18] INFO  impl.RoleInfo (RoleInfo.java:shutdownLeaderElection(134)) - 8fa838ef-66c5-4745-8715-8af883a303a7: shutdown LeaderElection
2019-09-27 11:15:21,088 [8112e14c-94ef-40e0-91bc-84c8c0bddf88@group-95F98B6D9FE3:LeaderElection17] INFO  impl.RaftServerImpl (RaftServerImpl.java:setRole(174)) - 8112e14c-94ef-40e0-91bc-84c8c0bddf88@group-95F98B6D9FE3: changes role from CANDIDATE to LEADER at term 1 for changeToLeader
2019-09-27 11:15:21,088 [8fa838ef-66c5-4745-8715-8af883a303a7@group-A990E4F209ED:LeaderElection18] INFO  impl.RaftServerImpl (RaftServerImpl.java:setRole(174)) - 8fa838ef-66c5-4745-8715-8af883a303a7@group-A990E4F209ED: changes role from CANDIDATE to LEADER at term 1 for changeToLeader
2019-09-27 11:15:21,088 [8112e14c-94ef-40e0-91bc-84c8c0bddf88@group-95F98B6D9FE3:LeaderElection17] INFO  impl.RaftServerImpl (ServerState.java:setLeader(253)) - 8112e14c-94ef-40e0-91bc-84c8c0bddf88@group-95F98B6D9FE3: change Leader from null to 8112e14c-94ef-40e0-91bc-84c8c0bddf88 at term 1 for becomeLeader, leader elected after 5062ms
2019-09-27 11:15:21,088 [8fa838ef-66c5-4745-8715-8af883a303a7@group-A990E4F209ED:LeaderElection18] INFO  impl.RaftServerImpl (ServerState.java:setLeader(253)) - 8fa838ef-66c5-4745-8715-8af883a303a7@group-A990E4F209ED: change Leader from null to 8fa838ef-66c5-4745-8715-8af883a303a7 at term 1 for becomeLeader, leader elected after 5144ms
2019-09-27 11:15:21,091 [8112e14c-94ef-40e0-91bc-84c8c0bddf88@group-95F98B6D9FE3:LeaderElection17] INFO  server.RaftServerConfigKeys (ConfUtils.java:logGet(43)) - raft.server.staging.catchup.gap = 1000 (default)
2019-09-27 11:15:21,093 [8fa838ef-66c5-4745-8715-8af883a303a7@group-A990E4F209ED:LeaderElection18] INFO  server.RaftServerConfigKeys (ConfUtils.java:logGet(43)) - raft.server.staging.catchup.gap = 1000 (default)
2019-09-27 11:15:21,094 [8112e14c-94ef-40e0-91bc-84c8c0bddf88@group-95F98B6D9FE3:LeaderElection17] INFO  server.RaftServerConfigKeys (ConfUtils.java:logGet(43)) - raft.server.rpc.sleep.time = 25ms (default)
2019-09-27 11:15:21,094 [8fa838ef-66c5-4745-8715-8af883a303a7@group-A990E4F209ED:LeaderElection18] INFO  server.RaftServerConfigKeys (ConfUtils.java:logGet(43)) - raft.server.rpc.sleep.time = 25ms (default)
2019-09-27 11:15:21,094 [8112e14c-94ef-40e0-91bc-84c8c0bddf88@group-95F98B6D9FE3:LeaderElection17] INFO  server.RaftServerConfigKeys (ConfUtils.java:logGet(43)) - raft.server.write.element-limit = 4096 (default)
2019-09-27 11:15:21,094 [8fa838ef-66c5-4745-8715-8af883a303a7@group-A990E4F209ED:LeaderElection18] INFO  server.RaftServerConfigKeys (ConfUtils.java:logGet(43)) - raft.server.write.element-limit = 4096 (default)
2019-09-27 11:15:21,094 [8112e14c-94ef-40e0-91bc-84c8c0bddf88@group-95F98B6D9FE3:LeaderElection17] INFO  server.RaftServerConfigKeys (ConfUtils.java:logGet(43)) - raft.server.watch.timeout = 10s (default)
2019-09-27 11:15:21,094 [8fa838ef-66c5-4745-8715-8af883a303a7@group-A990E4F209ED:LeaderElection18] INFO  server.RaftServerConfigKeys (ConfUtils.java:logGet(43)) - raft.server.watch.timeout = 10s (default)
2019-09-27 11:15:21,094 [8112e14c-94ef-40e0-91bc-84c8c0bddf88@group-95F98B6D9FE3:LeaderElection17] INFO  server.RaftServerConfigKeys (ConfUtils.java:logGet(43)) - raft.server.watch.timeout.denomination = 1s (default)
2019-09-27 11:15:21,094 [8fa838ef-66c5-4745-8715-8af883a303a7@group-A990E4F209ED:LeaderElection18] INFO  server.RaftServerConfigKeys (ConfUtils.java:logGet(43)) - raft.server.watch.timeout.denomination = 1s (default)
2019-09-27 11:15:21,094 [8112e14c-94ef-40e0-91bc-84c8c0bddf88@group-95F98B6D9FE3:LeaderElection17] INFO  server.RaftServerConfigKeys (ConfUtils.java:logGet(43)) - raft.server.watch.element-limit = 65536 (default)
2019-09-27 11:15:21,094 [8fa838ef-66c5-4745-8715-8af883a303a7@group-A990E4F209ED:LeaderElection18] INFO  server.RaftServerConfigKeys (ConfUtils.java:logGet(43)) - raft.server.watch.element-limit = 65536 (default)
2019-09-27 11:15:21,097 [8112e14c-94ef-40e0-91bc-84c8c0bddf88@group-95F98B6D9FE3:LeaderElection17] INFO  impl.RoleInfo (RoleInfo.java:updateAndGet(143)) - 8112e14c-94ef-40e0-91bc-84c8c0bddf88: start LeaderState
2019-09-27 11:15:21,098 [8fa838ef-66c5-4745-8715-8af883a303a7@group-A990E4F209ED:LeaderElection18] INFO  impl.RoleInfo (RoleInfo.java:updateAndGet(143)) - 8fa838ef-66c5-4745-8715-8af883a303a7: start LeaderState
2019-09-27 11:15:21,098 [8112e14c-94ef-40e0-91bc-84c8c0bddf88@group-95F98B6D9FE3:LeaderElection17] INFO  segmented.SegmentedRaftLogWorker (SegmentedRaftLogWorker.java:startLogSegment(380)) - 8112e14c-94ef-40e0-91bc-84c8c0bddf88@group-95F98B6D9FE3-SegmentedRaftLogWorker: Starting segment from index:0
2019-09-27 11:15:21,098 [8fa838ef-66c5-4745-8715-8af883a303a7@group-A990E4F209ED:LeaderElection18] INFO  segmented.SegmentedRaftLogWorker (SegmentedRaftLogWorker.java:startLogSegment(380)) - 8fa838ef-66c5-4745-8715-8af883a303a7@group-A990E4F209ED-SegmentedRaftLogWorker: Starting segment from index:0
2019-09-27 11:15:21,098 [8112e14c-94ef-40e0-91bc-84c8c0bddf88@group-95F98B6D9FE3:LeaderElection17] INFO  impl.RaftServerImpl (ServerState.java:setRaftConf(354)) - 8112e14c-94ef-40e0-91bc-84c8c0bddf88@group-95F98B6D9FE3: set configuration 0: [8112e14c-94ef-40e0-91bc-84c8c0bddf88:192.168.30.19:43428], old=null at 0
2019-09-27 11:15:21,131 [8fa838ef-66c5-4745-8715-8af883a303a7@group-A990E4F209ED:LeaderElection18] INFO  impl.RaftServerImpl (ServerState.java:setRaftConf(354)) - 8fa838ef-66c5-4745-8715-8af883a303a7@group-A990E4F209ED: set configuration 0: [8fa838ef-66c5-4745-8715-8af883a303a7:192.168.30.19:33975], old=null at 0
2019-09-27 11:15:21,154 [8112e14c-94ef-40e0-91bc-84c8c0bddf88@group-95F98B6D9FE3-SegmentedRaftLogWorker] INFO  segmented.SegmentedRaftLogWorker (SegmentedRaftLogWorker.java:execute(569)) - 8112e14c-94ef-40e0-91bc-84c8c0bddf88@group-95F98B6D9FE3-SegmentedRaftLogWorker: created new log segment /workdir/hadoop-ozone/integration-test/target/test-dir/MiniOzoneClusterImpl-42dc4d63-2424-41fa-b594-829d6399a12e/datanode-2/data/ratis/440c0404-50e4-4c8d-8b9f-95f98b6d9fe3/current/log_inprogress_0
2019-09-27 11:15:21,154 [8fa838ef-66c5-4745-8715-8af883a303a7@group-A990E4F209ED-SegmentedRaftLogWorker] INFO  segmented.SegmentedRaftLogWorker (SegmentedRaftLogWorker.java:execute(569)) - 8fa838ef-66c5-4745-8715-8af883a303a7@group-A990E4F209ED-SegmentedRaftLogWorker: created new log segment /workdir/hadoop-ozone/integration-test/target/test-dir/MiniOzoneClusterImpl-42dc4d63-2424-41fa-b594-829d6399a12e/datanode-1/data/ratis/b4524e8f-070d-4d4a-8e61-a990e4f209ed/current/log_inprogress_0
2019-09-27 11:15:21,214 [Thread-697] INFO  impl.FollowerState (FollowerState.java:run(106)) - 8112e14c-94ef-40e0-91bc-84c8c0bddf88:group-3C127E8F42E4 changes to CANDIDATE, lastRpcTime:5017, electionTimeout:5017ms
2019-09-27 11:15:21,214 [Thread-697] INFO  impl.RoleInfo (RoleInfo.java:shutdownFollowerState(121)) - 8112e14c-94ef-40e0-91bc-84c8c0bddf88: shutdown FollowerState
2019-09-27 11:15:21,215 [Thread-697] INFO  impl.RaftServerImpl (RaftServerImpl.java:setRole(174)) - 8112e14c-94ef-40e0-91bc-84c8c0bddf88@group-3C127E8F42E4: changes role from  FOLLOWER to CANDIDATE at term 0 for changeToCandidate
2019-09-27 11:15:21,215 [Thread-697] INFO  impl.RoleInfo (RoleInfo.java:updateAndGet(143)) - 8112e14c-94ef-40e0-91bc-84c8c0bddf88: start LeaderElection
2019-09-27 11:15:21,234 [Thread-690] INFO  impl.FollowerState (FollowerState.java:run(106)) - a512c71a-116c-4107-8700-5c6ffbdd9d1e:group-10AA4B3EF550 changes to CANDIDATE, lastRpcTime:5135, electionTimeout:5124ms
2019-09-27 11:15:21,234 [Thread-690] INFO  impl.RoleInfo (RoleInfo.java:shutdownFollowerState(121)) - a512c71a-116c-4107-8700-5c6ffbdd9d1e: shutdown FollowerState
2019-09-27 11:15:21,234 [Thread-690] INFO  impl.RaftServerImpl (RaftServerImpl.java:setRole(174)) - a512c71a-116c-4107-8700-5c6ffbdd9d1e@group-10AA4B3EF550: changes role from  FOLLOWER to CANDIDATE at term 0 for changeToCandidate
2019-09-27 11:15:21,234 [Thread-690] INFO  impl.RoleInfo (RoleInfo.java:updateAndGet(143)) - a512c71a-116c-4107-8700-5c6ffbdd9d1e: start LeaderElection
2019-09-27 11:15:21,253 [a512c71a-116c-4107-8700-5c6ffbdd9d1e@group-10AA4B3EF550:LeaderElection20] INFO  impl.LeaderElection (LeaderElection.java:askForVotes(182)) - a512c71a-116c-4107-8700-5c6ffbdd9d1e@group-10AA4B3EF550:LeaderElection20: begin an election at term 1 for -1: [a512c71a-116c-4107-8700-5c6ffbdd9d1e:192.168.30.19:35812], old=null
2019-09-27 11:15:21,253 [8112e14c-94ef-40e0-91bc-84c8c0bddf88@group-3C127E8F42E4:LeaderElection19] INFO  impl.LeaderElection (LeaderElection.java:askForVotes(182)) - 8112e14c-94ef-40e0-91bc-84c8c0bddf88@group-3C127E8F42E4:LeaderElection19: begin an election at term 1 for -1: [8112e14c-94ef-40e0-91bc-84c8c0bddf88:192.168.30.19:43428, 8fa838ef-66c5-4745-8715-8af883a303a7:192.168.30.19:33975, a96e18d2-d85e-44b3-ac33-f7ee1f0e315e:192.168.30.19:46314], old=null
2019-09-27 11:15:21,253 [a512c71a-116c-4107-8700-5c6ffbdd9d1e@group-10AA4B3EF550:LeaderElection20] INFO  impl.RoleInfo (RoleInfo.java:shutdownLeaderElection(134)) - a512c71a-116c-4107-8700-5c6ffbdd9d1e: shutdown LeaderElection
2019-09-27 11:15:21,253 [a512c71a-116c-4107-8700-5c6ffbdd9d1e@group-10AA4B3EF550:LeaderElection20] INFO  impl.RaftServerImpl (RaftServerImpl.java:setRole(174)) - a512c71a-116c-4107-8700-5c6ffbdd9d1e@group-10AA4B3EF550: changes role from CANDIDATE to LEADER at term 1 for changeToLeader
2019-09-27 11:15:21,253 [a512c71a-116c-4107-8700-5c6ffbdd9d1e@group-10AA4B3EF550:LeaderElection20] INFO  impl.RaftServerImpl (ServerState.java:setLeader(253)) - a512c71a-116c-4107-8700-5c6ffbdd9d1e@group-10AA4B3EF550: change Leader from null to a512c71a-116c-4107-8700-5c6ffbdd9d1e at term 1 for becomeLeader, leader elected after 5161ms
2019-09-27 11:15:21,256 [a512c71a-116c-4107-8700-5c6ffbdd9d1e@group-10AA4B3EF550:LeaderElection20] INFO  server.RaftServerConfigKeys (ConfUtils.java:logGet(43)) - raft.server.staging.catchup.gap = 1000 (default)
2019-09-27 11:15:21,256 [a512c71a-116c-4107-8700-5c6ffbdd9d1e@group-10AA4B3EF550:LeaderElection20] INFO  server.RaftServerConfigKeys (ConfUtils.java:logGet(43)) - raft.server.rpc.sleep.time = 25ms (default)
2019-09-27 11:15:21,256 [a512c71a-116c-4107-8700-5c6ffbdd9d1e@group-10AA4B3EF550:LeaderElection20] INFO  server.RaftServerConfigKeys (ConfUtils.java:logGet(43)) - raft.server.write.element-limit = 4096 (default)
2019-09-27 11:15:21,256 [a512c71a-116c-4107-8700-5c6ffbdd9d1e@group-10AA4B3EF550:LeaderElection20] INFO  server.RaftServerConfigKeys (ConfUtils.java:logGet(43)) - raft.server.watch.timeout = 10s (default)
2019-09-27 11:15:21,257 [a512c71a-116c-4107-8700-5c6ffbdd9d1e@group-10AA4B3EF550:LeaderElection20] INFO  server.RaftServerConfigKeys (ConfUtils.java:logGet(43)) - raft.server.watch.timeout.denomination = 1s (default)
2019-09-27 11:15:21,257 [a512c71a-116c-4107-8700-5c6ffbdd9d1e@group-10AA4B3EF550:LeaderElection20] INFO  server.RaftServerConfigKeys (ConfUtils.java:logGet(43)) - raft.server.watch.element-limit = 65536 (default)
2019-09-27 11:15:21,260 [a512c71a-116c-4107-8700-5c6ffbdd9d1e@group-10AA4B3EF550:LeaderElection20] INFO  impl.RoleInfo (RoleInfo.java:updateAndGet(143)) - a512c71a-116c-4107-8700-5c6ffbdd9d1e: start LeaderState
2019-09-27 11:15:21,260 [a512c71a-116c-4107-8700-5c6ffbdd9d1e@group-10AA4B3EF550:LeaderElection20] INFO  segmented.SegmentedRaftLogWorker (SegmentedRaftLogWorker.java:startLogSegment(380)) - a512c71a-116c-4107-8700-5c6ffbdd9d1e@group-10AA4B3EF550-SegmentedRaftLogWorker: Starting segment from index:0
2019-09-27 11:15:21,261 [a512c71a-116c-4107-8700-5c6ffbdd9d1e@group-10AA4B3EF550:LeaderElection20] INFO  impl.RaftServerImpl (ServerState.java:setRaftConf(354)) - a512c71a-116c-4107-8700-5c6ffbdd9d1e@group-10AA4B3EF550: set configuration 0: [a512c71a-116c-4107-8700-5c6ffbdd9d1e:192.168.30.19:35812], old=null at 0
2019-09-27 11:15:21,261 [grpc-default-executor-0] INFO  impl.RaftServerImpl (RaftServerImpl.java:setRole(174)) - 8fa838ef-66c5-4745-8715-8af883a303a7@group-3C127E8F42E4: changes role from  FOLLOWER to FOLLOWER at term 1 for recognizeCandidate:8112e14c-94ef-40e0-91bc-84c8c0bddf88
2019-09-27 11:15:21,299 [grpc-default-executor-1] INFO  impl.RaftServerImpl (RaftServerImpl.java:setRole(174)) - a96e18d2-d85e-44b3-ac33-f7ee1f0e315e@group-3C127E8F42E4: changes role from  FOLLOWER to FOLLOWER at term 1 for recognizeCandidate:8112e14c-94ef-40e0-91bc-84c8c0bddf88
2019-09-27 11:15:21,300 [grpc-default-executor-0] INFO  impl.RoleInfo (RoleInfo.java:shutdownFollowerState(121)) - 8fa838ef-66c5-4745-8715-8af883a303a7: shutdown FollowerState
2019-09-27 11:15:21,300 [grpc-default-executor-1] INFO  impl.RoleInfo (RoleInfo.java:shutdownFollowerState(121)) - a96e18d2-d85e-44b3-ac33-f7ee1f0e315e: shutdown FollowerState
2019-09-27 11:15:21,300 [grpc-default-executor-0] INFO  impl.RoleInfo (RoleInfo.java:updateAndGet(143)) - 8fa838ef-66c5-4745-8715-8af883a303a7: start FollowerState
2019-09-27 11:15:21,300 [Thread-699] INFO  impl.FollowerState (FollowerState.java:run(115)) - a96e18d2-d85e-44b3-ac33-f7ee1f0e315e: FollowerState was interrupted: java.lang.InterruptedException: sleep interrupted
2019-09-27 11:15:21,300 [grpc-default-executor-1] INFO  impl.RoleInfo (RoleInfo.java:updateAndGet(143)) - a96e18d2-d85e-44b3-ac33-f7ee1f0e315e: start FollowerState
2019-09-27 11:15:21,320 [a512c71a-116c-4107-8700-5c6ffbdd9d1e@group-10AA4B3EF550-SegmentedRaftLogWorker] INFO  segmented.SegmentedRaftLogWorker (SegmentedRaftLogWorker.java:execute(569)) - a512c71a-116c-4107-8700-5c6ffbdd9d1e@group-10AA4B3EF550-SegmentedRaftLogWorker: created new log segment /workdir/hadoop-ozone/integration-test/target/test-dir/MiniOzoneClusterImpl-42dc4d63-2424-41fa-b594-829d6399a12e/datanode-3/data/ratis/0a272764-be11-43b5-bbe9-10aa4b3ef550/current/log_inprogress_0
2019-09-27 11:15:21,324 [8112e14c-94ef-40e0-91bc-84c8c0bddf88@group-3C127E8F42E4:LeaderElection19] INFO  impl.LeaderElection (LeaderElection.java:logAndReturn(56)) - 8112e14c-94ef-40e0-91bc-84c8c0bddf88@group-3C127E8F42E4:LeaderElection19: Election PASSED; received 1 response(s) [8112e14c-94ef-40e0-91bc-84c8c0bddf88<-8fa838ef-66c5-4745-8715-8af883a303a7#0:OK-t1] and 0 exception(s); 8112e14c-94ef-40e0-91bc-84c8c0bddf88@group-3C127E8F42E4:t1, leader=null, voted=8112e14c-94ef-40e0-91bc-84c8c0bddf88, raftlog=8112e14c-94ef-40e0-91bc-84c8c0bddf88@group-3C127E8F42E4-SegmentedRaftLog:OPENED:c-1,f-1,i0, conf=-1: [8112e14c-94ef-40e0-91bc-84c8c0bddf88:192.168.30.19:43428, 8fa838ef-66c5-4745-8715-8af883a303a7:192.168.30.19:33975, a96e18d2-d85e-44b3-ac33-f7ee1f0e315e:192.168.30.19:46314], old=null
2019-09-27 11:15:21,324 [8112e14c-94ef-40e0-91bc-84c8c0bddf88@group-3C127E8F42E4:LeaderElection19] INFO  impl.RoleInfo (RoleInfo.java:shutdownLeaderElection(134)) - 8112e14c-94ef-40e0-91bc-84c8c0bddf88: shutdown LeaderElection
2019-09-27 11:15:21,324 [8112e14c-94ef-40e0-91bc-84c8c0bddf88@group-3C127E8F42E4:LeaderElection19] INFO  impl.RaftServerImpl (RaftServerImpl.java:setRole(174)) - 8112e14c-94ef-40e0-91bc-84c8c0bddf88@group-3C127E8F42E4: changes role from CANDIDATE to LEADER at term 1 for changeToLeader
2019-09-27 11:15:21,324 [8112e14c-94ef-40e0-91bc-84c8c0bddf88@group-3C127E8F42E4:LeaderElection19] INFO  impl.RaftServerImpl (ServerState.java:setLeader(253)) - 8112e14c-94ef-40e0-91bc-84c8c0bddf88@group-3C127E8F42E4: change Leader from null to 8112e14c-94ef-40e0-91bc-84c8c0bddf88 at term 1 for becomeLeader, leader elected after 5143ms
2019-09-27 11:15:21,325 [8112e14c-94ef-40e0-91bc-84c8c0bddf88@group-3C127E8F42E4:LeaderElection19] INFO  server.RaftServerConfigKeys (ConfUtils.java:logGet(43)) - raft.server.staging.catchup.gap = 1000 (default)
2019-09-27 11:15:21,325 [8112e14c-94ef-40e0-91bc-84c8c0bddf88@group-3C127E8F42E4:LeaderElection19] INFO  server.RaftServerConfigKeys (ConfUtils.java:logGet(43)) - raft.server.rpc.sleep.time = 25ms (default)
2019-09-27 11:15:21,325 [8112e14c-94ef-40e0-91bc-84c8c0bddf88@group-3C127E8F42E4:LeaderElection19] INFO  server.RaftServerConfigKeys (ConfUtils.java:logGet(43)) - raft.server.write.element-limit = 4096 (default)
2019-09-27 11:15:21,325 [8112e14c-94ef-40e0-91bc-84c8c0bddf88@group-3C127E8F42E4:LeaderElection19] INFO  server.RaftServerConfigKeys (ConfUtils.java:logGet(43)) - raft.server.watch.timeout = 10s (default)
2019-09-27 11:15:21,325 [8112e14c-94ef-40e0-91bc-84c8c0bddf88@group-3C127E8F42E4:LeaderElection19] INFO  server.RaftServerConfigKeys (ConfUtils.java:logGet(43)) - raft.server.watch.timeout.denomination = 1s (default)
2019-09-27 11:15:21,325 [8112e14c-94ef-40e0-91bc-84c8c0bddf88@group-3C127E8F42E4:LeaderElection19] INFO  server.RaftServerConfigKeys (ConfUtils.java:logGet(43)) - raft.server.watch.element-limit = 65536 (default)
2019-09-27 11:15:21,329 [8112e14c-94ef-40e0-91bc-84c8c0bddf88@group-3C127E8F42E4:LeaderElection19] INFO  server.RaftServerConfigKeys (ConfUtils.java:logGet(43)) - raft.server.log.appender.snapshot.chunk.size.max = 16MB (=16777216) (default)
2019-09-27 11:15:21,329 [8112e14c-94ef-40e0-91bc-84c8c0bddf88@group-3C127E8F42E4:LeaderElection19] INFO  server.RaftServerConfigKeys (ConfUtils.java:logGet(43)) - raft.server.log.appender.buffer.byte-limit = 33554432 (custom)
2019-09-27 11:15:21,330 [8112e14c-94ef-40e0-91bc-84c8c0bddf88@group-3C127E8F42E4:LeaderElection19] INFO  server.RaftServerConfigKeys (ConfUtils.java:logGet(43)) - raft.server.log.appender.buffer.element-limit = 1 (custom)
2019-09-27 11:15:21,330 [8112e14c-94ef-40e0-91bc-84c8c0bddf88@group-3C127E8F42E4:LeaderElection19] INFO  grpc.GrpcConfigKeys$Server (ConfUtils.java:logGet(43)) - raft.grpc.server.leader.outstanding.appends.max = 128 (default)
2019-09-27 11:15:21,330 [8112e14c-94ef-40e0-91bc-84c8c0bddf88@group-3C127E8F42E4:LeaderElection19] INFO  server.RaftServerConfigKeys (ConfUtils.java:logGet(43)) - raft.server.rpc.request.timeout = 3000ms (default)
2019-09-27 11:15:21,330 [8112e14c-94ef-40e0-91bc-84c8c0bddf88@group-3C127E8F42E4:LeaderElection19] INFO  server.RaftServerConfigKeys (ConfUtils.java:logGet(43)) - raft.server.log.appender.install.snapshot.enabled = false (custom)
2019-09-27 11:15:21,331 [8112e14c-94ef-40e0-91bc-84c8c0bddf88@group-3C127E8F42E4:LeaderElection19] INFO  server.RaftServerConfigKeys (ConfUtils.java:logGet(43)) - raft.server.log.appender.snapshot.chunk.size.max = 16MB (=16777216) (default)
2019-09-27 11:15:21,331 [8112e14c-94ef-40e0-91bc-84c8c0bddf88@group-3C127E8F42E4:LeaderElection19] INFO  server.RaftServerConfigKeys (ConfUtils.java:logGet(43)) - raft.server.log.appender.buffer.byte-limit = 33554432 (custom)
2019-09-27 11:15:21,331 [8112e14c-94ef-40e0-91bc-84c8c0bddf88@group-3C127E8F42E4:LeaderElection19] INFO  server.RaftServerConfigKeys (ConfUtils.java:logGet(43)) - raft.server.log.appender.buffer.element-limit = 1 (custom)
2019-09-27 11:15:21,331 [8112e14c-94ef-40e0-91bc-84c8c0bddf88@group-3C127E8F42E4:LeaderElection19] INFO  grpc.GrpcConfigKeys$Server (ConfUtils.java:logGet(43)) - raft.grpc.server.leader.outstanding.appends.max = 128 (default)
2019-09-27 11:15:21,331 [8112e14c-94ef-40e0-91bc-84c8c0bddf88@group-3C127E8F42E4:LeaderElection19] INFO  server.RaftServerConfigKeys (ConfUtils.java:logGet(43)) - raft.server.rpc.request.timeout = 3000ms (default)
2019-09-27 11:15:21,332 [8112e14c-94ef-40e0-91bc-84c8c0bddf88@group-3C127E8F42E4:LeaderElection19] INFO  server.RaftServerConfigKeys (ConfUtils.java:logGet(43)) - raft.server.log.appender.install.snapshot.enabled = false (custom)
2019-09-27 11:15:21,332 [8112e14c-94ef-40e0-91bc-84c8c0bddf88@group-3C127E8F42E4:LeaderElection19] INFO  impl.RoleInfo (RoleInfo.java:updateAndGet(143)) - 8112e14c-94ef-40e0-91bc-84c8c0bddf88: start LeaderState
2019-09-27 11:15:21,332 [8112e14c-94ef-40e0-91bc-84c8c0bddf88@group-3C127E8F42E4:LeaderElection19] INFO  segmented.SegmentedRaftLogWorker (SegmentedRaftLogWorker.java:startLogSegment(380)) - 8112e14c-94ef-40e0-91bc-84c8c0bddf88@group-3C127E8F42E4-SegmentedRaftLogWorker: Starting segment from index:0
2019-09-27 11:15:21,356 [8112e14c-94ef-40e0-91bc-84c8c0bddf88@group-3C127E8F42E4:LeaderElection19] INFO  impl.RaftServerImpl (ServerState.java:setRaftConf(354)) - 8112e14c-94ef-40e0-91bc-84c8c0bddf88@group-3C127E8F42E4: set configuration 0: [8112e14c-94ef-40e0-91bc-84c8c0bddf88:192.168.30.19:43428, 8fa838ef-66c5-4745-8715-8af883a303a7:192.168.30.19:33975, a96e18d2-d85e-44b3-ac33-f7ee1f0e315e:192.168.30.19:46314], old=null at 0
2019-09-27 11:15:21,361 [grpc-default-executor-1] INFO  impl.RaftServerImpl (ServerState.java:setLeader(253)) - a96e18d2-d85e-44b3-ac33-f7ee1f0e315e@group-3C127E8F42E4: change Leader from null to 8112e14c-94ef-40e0-91bc-84c8c0bddf88 at term 1 for appendEntries, leader elected after 5179ms
2019-09-27 11:15:21,361 [grpc-default-executor-0] INFO  impl.RaftServerImpl (ServerState.java:setLeader(253)) - 8fa838ef-66c5-4745-8715-8af883a303a7@group-3C127E8F42E4: change Leader from null to 8112e14c-94ef-40e0-91bc-84c8c0bddf88 at term 1 for appendEntries, leader elected after 5179ms
2019-09-27 11:15:21,363 [Thread-707] INFO  impl.FollowerState (FollowerState.java:run(106)) - 2c1dfcd2-f5f6-4d27-8cde-b5b1d4e3262e:group-492F3DA3AAE8 changes to CANDIDATE, lastRpcTime:5071, electionTimeout:5071ms
2019-09-27 11:15:21,366 [Thread-707] INFO  impl.RoleInfo (RoleInfo.java:shutdownFollowerState(121)) - 2c1dfcd2-f5f6-4d27-8cde-b5b1d4e3262e: shutdown FollowerState
2019-09-27 11:15:21,366 [Thread-707] INFO  impl.RaftServerImpl (RaftServerImpl.java:setRole(174)) - 2c1dfcd2-f5f6-4d27-8cde-b5b1d4e3262e@group-492F3DA3AAE8: changes role from  FOLLOWER to CANDIDATE at term 0 for changeToCandidate
2019-09-27 11:15:21,366 [Thread-707] INFO  impl.RoleInfo (RoleInfo.java:updateAndGet(143)) - 2c1dfcd2-f5f6-4d27-8cde-b5b1d4e3262e: start LeaderElection
2019-09-27 11:15:21,370 [grpc-default-executor-1] INFO  impl.RaftServerImpl (ServerState.java:setRaftConf(354)) - a96e18d2-d85e-44b3-ac33-f7ee1f0e315e@group-3C127E8F42E4: set configuration 0: [8112e14c-94ef-40e0-91bc-84c8c0bddf88:192.168.30.19:43428, 8fa838ef-66c5-4745-8715-8af883a303a7:192.168.30.19:33975, a96e18d2-d85e-44b3-ac33-f7ee1f0e315e:192.168.30.19:46314], old=null at 0
2019-09-27 11:15:21,370 [grpc-default-executor-1] INFO  segmented.SegmentedRaftLogWorker (SegmentedRaftLogWorker.java:startLogSegment(380)) - a96e18d2-d85e-44b3-ac33-f7ee1f0e315e@group-3C127E8F42E4-SegmentedRaftLogWorker: Starting segment from index:0
2019-09-27 11:15:21,371 [grpc-default-executor-0] INFO  impl.RaftServerImpl (ServerState.java:setRaftConf(354)) - 8fa838ef-66c5-4745-8715-8af883a303a7@group-3C127E8F42E4: set configuration 0: [8112e14c-94ef-40e0-91bc-84c8c0bddf88:192.168.30.19:43428, 8fa838ef-66c5-4745-8715-8af883a303a7:192.168.30.19:33975, a96e18d2-d85e-44b3-ac33-f7ee1f0e315e:192.168.30.19:46314], old=null at 0
2019-09-27 11:15:21,371 [grpc-default-executor-0] INFO  segmented.SegmentedRaftLogWorker (SegmentedRaftLogWorker.java:startLogSegment(380)) - 8fa838ef-66c5-4745-8715-8af883a303a7@group-3C127E8F42E4-SegmentedRaftLogWorker: Starting segment from index:0
2019-09-27 11:15:21,378 [8112e14c-94ef-40e0-91bc-84c8c0bddf88@group-3C127E8F42E4-SegmentedRaftLogWorker] INFO  segmented.SegmentedRaftLogWorker (SegmentedRaftLogWorker.java:execute(569)) - 8112e14c-94ef-40e0-91bc-84c8c0bddf88@group-3C127E8F42E4-SegmentedRaftLogWorker: created new log segment /workdir/hadoop-ozone/integration-test/target/test-dir/MiniOzoneClusterImpl-42dc4d63-2424-41fa-b594-829d6399a12e/datanode-2/data/ratis/7be0fa00-ccda-43b4-af5f-3c127e8f42e4/current/log_inprogress_0
2019-09-27 11:15:21,401 [2c1dfcd2-f5f6-4d27-8cde-b5b1d4e3262e@group-492F3DA3AAE8:LeaderElection21] INFO  impl.LeaderElection (LeaderElection.java:askForVotes(182)) - 2c1dfcd2-f5f6-4d27-8cde-b5b1d4e3262e@group-492F3DA3AAE8:LeaderElection21: begin an election at term 1 for -1: [2c1dfcd2-f5f6-4d27-8cde-b5b1d4e3262e:192.168.30.19:36329, 63945773-f795-4888-b22e-7c9ec0fbc5da:192.168.30.19:41529, a512c71a-116c-4107-8700-5c6ffbdd9d1e:192.168.30.19:35812], old=null
2019-09-27 11:15:21,412 [Thread-702] INFO  impl.FollowerState (FollowerState.java:run(106)) - a512c71a-116c-4107-8700-5c6ffbdd9d1e:group-492F3DA3AAE8 changes to CANDIDATE, lastRpcTime:5125, electionTimeout:5120ms
2019-09-27 11:15:21,412 [Thread-702] INFO  impl.RoleInfo (RoleInfo.java:shutdownFollowerState(121)) - a512c71a-116c-4107-8700-5c6ffbdd9d1e: shutdown FollowerState
2019-09-27 11:15:21,412 [Thread-702] INFO  impl.RaftServerImpl (RaftServerImpl.java:setRole(174)) - a512c71a-116c-4107-8700-5c6ffbdd9d1e@group-492F3DA3AAE8: changes role from  FOLLOWER to CANDIDATE at term 0 for changeToCandidate
2019-09-27 11:15:21,413 [Thread-702] INFO  impl.RoleInfo (RoleInfo.java:updateAndGet(143)) - a512c71a-116c-4107-8700-5c6ffbdd9d1e: start LeaderElection
2019-09-27 11:15:21,418 [grpc-default-executor-1] INFO  impl.RaftServerImpl (RaftServerImpl.java:setRole(174)) - 63945773-f795-4888-b22e-7c9ec0fbc5da@group-492F3DA3AAE8: changes role from  FOLLOWER to FOLLOWER at term 1 for recognizeCandidate:2c1dfcd2-f5f6-4d27-8cde-b5b1d4e3262e
2019-09-27 11:15:21,418 [grpc-default-executor-1] INFO  impl.RoleInfo (RoleInfo.java:shutdownFollowerState(121)) - 63945773-f795-4888-b22e-7c9ec0fbc5da: shutdown FollowerState
2019-09-27 11:15:21,419 [grpc-default-executor-1] INFO  impl.RoleInfo (RoleInfo.java:updateAndGet(143)) - 63945773-f795-4888-b22e-7c9ec0fbc5da: start FollowerState
2019-09-27 11:15:21,419 [Thread-706] INFO  impl.FollowerState (FollowerState.java:run(115)) - 63945773-f795-4888-b22e-7c9ec0fbc5da: FollowerState was interrupted: java.lang.InterruptedException: sleep interrupted
2019-09-27 11:15:21,433 [8fa838ef-66c5-4745-8715-8af883a303a7@group-3C127E8F42E4-SegmentedRaftLogWorker] INFO  segmented.SegmentedRaftLogWorker (SegmentedRaftLogWorker.java:execute(569)) - 8fa838ef-66c5-4745-8715-8af883a303a7@group-3C127E8F42E4-SegmentedRaftLogWorker: created new log segment /workdir/hadoop-ozone/integration-test/target/test-dir/MiniOzoneClusterImpl-42dc4d63-2424-41fa-b594-829d6399a12e/datanode-1/data/ratis/7be0fa00-ccda-43b4-af5f-3c127e8f42e4/current/log_inprogress_0
2019-09-27 11:15:21,433 [a96e18d2-d85e-44b3-ac33-f7ee1f0e315e@group-3C127E8F42E4-SegmentedRaftLogWorker] INFO  segmented.SegmentedRaftLogWorker (SegmentedRaftLogWorker.java:execute(569)) - a96e18d2-d85e-44b3-ac33-f7ee1f0e315e@group-3C127E8F42E4-SegmentedRaftLogWorker: created new log segment /workdir/hadoop-ozone/integration-test/target/test-dir/MiniOzoneClusterImpl-42dc4d63-2424-41fa-b594-829d6399a12e/datanode-0/data/ratis/7be0fa00-ccda-43b4-af5f-3c127e8f42e4/current/log_inprogress_0
2019-09-27 11:15:21,435 [a512c71a-116c-4107-8700-5c6ffbdd9d1e@group-492F3DA3AAE8:LeaderElection22] INFO  impl.LeaderElection (LeaderElection.java:askForVotes(182)) - a512c71a-116c-4107-8700-5c6ffbdd9d1e@group-492F3DA3AAE8:LeaderElection22: begin an election at term 1 for -1: [2c1dfcd2-f5f6-4d27-8cde-b5b1d4e3262e:192.168.30.19:36329, 63945773-f795-4888-b22e-7c9ec0fbc5da:192.168.30.19:41529, a512c71a-116c-4107-8700-5c6ffbdd9d1e:192.168.30.19:35812], old=null
2019-09-27 11:15:21,436 [2c1dfcd2-f5f6-4d27-8cde-b5b1d4e3262e@group-492F3DA3AAE8:LeaderElection21] INFO  impl.LeaderElection (LeaderElection.java:logAndReturn(56)) - 2c1dfcd2-f5f6-4d27-8cde-b5b1d4e3262e@group-492F3DA3AAE8:LeaderElection21: Election PASSED; received 1 response(s) [2c1dfcd2-f5f6-4d27-8cde-b5b1d4e3262e<-63945773-f795-4888-b22e-7c9ec0fbc5da#0:OK-t1] and 0 exception(s); 2c1dfcd2-f5f6-4d27-8cde-b5b1d4e3262e@group-492F3DA3AAE8:t1, leader=null, voted=2c1dfcd2-f5f6-4d27-8cde-b5b1d4e3262e, raftlog=2c1dfcd2-f5f6-4d27-8cde-b5b1d4e3262e@group-492F3DA3AAE8-SegmentedRaftLog:OPENED:c-1,f-1,i0, conf=-1: [2c1dfcd2-f5f6-4d27-8cde-b5b1d4e3262e:192.168.30.19:36329, 63945773-f795-4888-b22e-7c9ec0fbc5da:192.168.30.19:41529, a512c71a-116c-4107-8700-5c6ffbdd9d1e:192.168.30.19:35812], old=null
2019-09-27 11:15:21,436 [2c1dfcd2-f5f6-4d27-8cde-b5b1d4e3262e@group-492F3DA3AAE8:LeaderElection21] INFO  impl.RoleInfo (RoleInfo.java:shutdownLeaderElection(134)) - 2c1dfcd2-f5f6-4d27-8cde-b5b1d4e3262e: shutdown LeaderElection
2019-09-27 11:15:21,436 [2c1dfcd2-f5f6-4d27-8cde-b5b1d4e3262e@group-492F3DA3AAE8:LeaderElection21] INFO  impl.RaftServerImpl (RaftServerImpl.java:setRole(174)) - 2c1dfcd2-f5f6-4d27-8cde-b5b1d4e3262e@group-492F3DA3AAE8: changes role from CANDIDATE to LEADER at term 1 for changeToLeader
2019-09-27 11:15:21,436 [2c1dfcd2-f5f6-4d27-8cde-b5b1d4e3262e@group-492F3DA3AAE8:LeaderElection21] INFO  impl.RaftServerImpl (ServerState.java:setLeader(253)) - 2c1dfcd2-f5f6-4d27-8cde-b5b1d4e3262e@group-492F3DA3AAE8: change Leader from null to 2c1dfcd2-f5f6-4d27-8cde-b5b1d4e3262e at term 1 for becomeLeader, leader elected after 5159ms
2019-09-27 11:15:21,438 [2c1dfcd2-f5f6-4d27-8cde-b5b1d4e3262e@group-492F3DA3AAE8:LeaderElection21] INFO  server.RaftServerConfigKeys (ConfUtils.java:logGet(43)) - raft.server.staging.catchup.gap = 1000 (default)
2019-09-27 11:15:21,439 [2c1dfcd2-f5f6-4d27-8cde-b5b1d4e3262e@group-492F3DA3AAE8:LeaderElection21] INFO  server.RaftServerConfigKeys (ConfUtils.java:logGet(43)) - raft.server.rpc.sleep.time = 25ms (default)
2019-09-27 11:15:21,439 [2c1dfcd2-f5f6-4d27-8cde-b5b1d4e3262e@group-492F3DA3AAE8:LeaderElection21] INFO  server.RaftServerConfigKeys (ConfUtils.java:logGet(43)) - raft.server.write.element-limit = 4096 (default)
2019-09-27 11:15:21,439 [2c1dfcd2-f5f6-4d27-8cde-b5b1d4e3262e@group-492F3DA3AAE8:LeaderElection21] INFO  server.RaftServerConfigKeys (ConfUtils.java:logGet(43)) - raft.server.watch.timeout = 10s (default)
2019-09-27 11:15:21,439 [2c1dfcd2-f5f6-4d27-8cde-b5b1d4e3262e@group-492F3DA3AAE8:LeaderElection21] INFO  server.RaftServerConfigKeys (ConfUtils.java:logGet(43)) - raft.server.watch.timeout.denomination = 1s (default)
2019-09-27 11:15:21,439 [2c1dfcd2-f5f6-4d27-8cde-b5b1d4e3262e@group-492F3DA3AAE8:LeaderElection21] INFO  server.RaftServerConfigKeys (ConfUtils.java:logGet(43)) - raft.server.watch.element-limit = 65536 (default)
2019-09-27 11:15:21,442 [2c1dfcd2-f5f6-4d27-8cde-b5b1d4e3262e@group-492F3DA3AAE8:LeaderElection21] INFO  server.RaftServerConfigKeys (ConfUtils.java:logGet(43)) - raft.server.log.appender.snapshot.chunk.size.max = 16MB (=16777216) (default)
2019-09-27 11:15:21,443 [2c1dfcd2-f5f6-4d27-8cde-b5b1d4e3262e@group-492F3DA3AAE8:LeaderElection21] INFO  server.RaftServerConfigKeys (ConfUtils.java:logGet(43)) - raft.server.log.appender.buffer.byte-limit = 33554432 (custom)
2019-09-27 11:15:21,443 [2c1dfcd2-f5f6-4d27-8cde-b5b1d4e3262e@group-492F3DA3AAE8:LeaderElection21] INFO  server.RaftServerConfigKeys (ConfUtils.java:logGet(43)) - raft.server.log.appender.buffer.element-limit = 1 (custom)
2019-09-27 11:15:21,443 [2c1dfcd2-f5f6-4d27-8cde-b5b1d4e3262e@group-492F3DA3AAE8:LeaderElection21] INFO  grpc.GrpcConfigKeys$Server (ConfUtils.java:logGet(43)) - raft.grpc.server.leader.outstanding.appends.max = 128 (default)
2019-09-27 11:15:21,443 [2c1dfcd2-f5f6-4d27-8cde-b5b1d4e3262e@group-492F3DA3AAE8:LeaderElection21] INFO  server.RaftServerConfigKeys (ConfUtils.java:logGet(43)) - raft.server.rpc.request.timeout = 3000ms (default)
2019-09-27 11:15:21,443 [2c1dfcd2-f5f6-4d27-8cde-b5b1d4e3262e@group-492F3DA3AAE8:LeaderElection21] INFO  server.RaftServerConfigKeys (ConfUtils.java:logGet(43)) - raft.server.log.appender.install.snapshot.enabled = false (custom)
2019-09-27 11:15:21,444 [2c1dfcd2-f5f6-4d27-8cde-b5b1d4e3262e@group-492F3DA3AAE8:LeaderElection21] INFO  server.RaftServerConfigKeys (ConfUtils.java:logGet(43)) - raft.server.log.appender.snapshot.chunk.size.max = 16MB (=16777216) (default)
2019-09-27 11:15:21,444 [2c1dfcd2-f5f6-4d27-8cde-b5b1d4e3262e@group-492F3DA3AAE8:LeaderElection21] INFO  server.RaftServerConfigKeys (ConfUtils.java:logGet(43)) - raft.server.log.appender.buffer.byte-limit = 33554432 (custom)
2019-09-27 11:15:21,444 [2c1dfcd2-f5f6-4d27-8cde-b5b1d4e3262e@group-492F3DA3AAE8:LeaderElection21] INFO  server.RaftServerConfigKeys (ConfUtils.java:logGet(43)) - raft.server.log.appender.buffer.element-limit = 1 (custom)
2019-09-27 11:15:21,444 [2c1dfcd2-f5f6-4d27-8cde-b5b1d4e3262e@group-492F3DA3AAE8:LeaderElection21] INFO  grpc.GrpcConfigKeys$Server (ConfUtils.java:logGet(43)) - raft.grpc.server.leader.outstanding.appends.max = 128 (default)
2019-09-27 11:15:21,444 [2c1dfcd2-f5f6-4d27-8cde-b5b1d4e3262e@group-492F3DA3AAE8:LeaderElection21] INFO  server.RaftServerConfigKeys (ConfUtils.java:logGet(43)) - raft.server.rpc.request.timeout = 3000ms (default)
2019-09-27 11:15:21,445 [2c1dfcd2-f5f6-4d27-8cde-b5b1d4e3262e@group-492F3DA3AAE8:LeaderElection21] INFO  server.RaftServerConfigKeys (ConfUtils.java:logGet(43)) - raft.server.log.appender.install.snapshot.enabled = false (custom)
2019-09-27 11:15:21,445 [2c1dfcd2-f5f6-4d27-8cde-b5b1d4e3262e@group-492F3DA3AAE8:LeaderElection21] INFO  impl.RoleInfo (RoleInfo.java:updateAndGet(143)) - 2c1dfcd2-f5f6-4d27-8cde-b5b1d4e3262e: start LeaderState
2019-09-27 11:15:21,445 [2c1dfcd2-f5f6-4d27-8cde-b5b1d4e3262e@group-492F3DA3AAE8:LeaderElection21] INFO  segmented.SegmentedRaftLogWorker (SegmentedRaftLogWorker.java:startLogSegment(380)) - 2c1dfcd2-f5f6-4d27-8cde-b5b1d4e3262e@group-492F3DA3AAE8-SegmentedRaftLogWorker: Starting segment from index:0
2019-09-27 11:15:21,446 [2c1dfcd2-f5f6-4d27-8cde-b5b1d4e3262e@group-492F3DA3AAE8:LeaderElection21] INFO  impl.RaftServerImpl (ServerState.java:setRaftConf(354)) - 2c1dfcd2-f5f6-4d27-8cde-b5b1d4e3262e@group-492F3DA3AAE8: set configuration 0: [2c1dfcd2-f5f6-4d27-8cde-b5b1d4e3262e:192.168.30.19:36329, 63945773-f795-4888-b22e-7c9ec0fbc5da:192.168.30.19:41529, a512c71a-116c-4107-8700-5c6ffbdd9d1e:192.168.30.19:35812], old=null at 0
2019-09-27 11:15:21,446 [grpc-default-executor-0] INFO  impl.RaftServerImpl (RaftServerImpl.java:requestVote(758)) - 2c1dfcd2-f5f6-4d27-8cde-b5b1d4e3262e@group-492F3DA3AAE8-   LEADER: Withhold vote from candidate a512c71a-116c-4107-8700-5c6ffbdd9d1e with term 1. State: leader=2c1dfcd2-f5f6-4d27-8cde-b5b1d4e3262e, term=1, lastRpcElapsed=null
2019-09-27 11:15:21,477 [grpc-default-executor-1] INFO  impl.RaftServerImpl (ServerState.java:setLeader(253)) - 63945773-f795-4888-b22e-7c9ec0fbc5da@group-492F3DA3AAE8: change Leader from null to 2c1dfcd2-f5f6-4d27-8cde-b5b1d4e3262e at term 1 for appendEntries, leader elected after 5199ms
2019-09-27 11:15:21,477 [a512c71a-116c-4107-8700-5c6ffbdd9d1e@group-492F3DA3AAE8:LeaderElection22] INFO  impl.LeaderElection (LeaderElection.java:logAndReturn(56)) - a512c71a-116c-4107-8700-5c6ffbdd9d1e@group-492F3DA3AAE8:LeaderElection22: Election REJECTED; received 2 response(s) [a512c71a-116c-4107-8700-5c6ffbdd9d1e<-2c1dfcd2-f5f6-4d27-8cde-b5b1d4e3262e#0:FAIL-t1, a512c71a-116c-4107-8700-5c6ffbdd9d1e<-63945773-f795-4888-b22e-7c9ec0fbc5da#0:FAIL-t1] and 0 exception(s); a512c71a-116c-4107-8700-5c6ffbdd9d1e@group-492F3DA3AAE8:t1, leader=null, voted=a512c71a-116c-4107-8700-5c6ffbdd9d1e, raftlog=a512c71a-116c-4107-8700-5c6ffbdd9d1e@group-492F3DA3AAE8-SegmentedRaftLog:OPENED:c-1,f-1,i0, conf=-1: [2c1dfcd2-f5f6-4d27-8cde-b5b1d4e3262e:192.168.30.19:36329, 63945773-f795-4888-b22e-7c9ec0fbc5da:192.168.30.19:41529, a512c71a-116c-4107-8700-5c6ffbdd9d1e:192.168.30.19:35812], old=null
2019-09-27 11:15:21,477 [grpc-default-executor-4] INFO  impl.RaftServerImpl (RaftServerImpl.java:setRole(174)) - a512c71a-116c-4107-8700-5c6ffbdd9d1e@group-492F3DA3AAE8: changes role from CANDIDATE to FOLLOWER at term 1 for appendEntries
2019-09-27 11:15:21,480 [grpc-default-executor-4] INFO  impl.RoleInfo (RoleInfo.java:shutdownLeaderElection(134)) - a512c71a-116c-4107-8700-5c6ffbdd9d1e: shutdown LeaderElection
2019-09-27 11:15:21,481 [grpc-default-executor-4] INFO  impl.RoleInfo (RoleInfo.java:updateAndGet(143)) - a512c71a-116c-4107-8700-5c6ffbdd9d1e: start FollowerState
2019-09-27 11:15:21,481 [grpc-default-executor-4] INFO  impl.RaftServerImpl (ServerState.java:setLeader(253)) - a512c71a-116c-4107-8700-5c6ffbdd9d1e@group-492F3DA3AAE8: change Leader from null to 2c1dfcd2-f5f6-4d27-8cde-b5b1d4e3262e at term 1 for appendEntries, leader elected after 5203ms
2019-09-27 11:15:21,483 [grpc-default-executor-4] INFO  impl.RaftServerImpl (ServerState.java:setRaftConf(354)) - 63945773-f795-4888-b22e-7c9ec0fbc5da@group-492F3DA3AAE8: set configuration 0: [2c1dfcd2-f5f6-4d27-8cde-b5b1d4e3262e:192.168.30.19:36329, 63945773-f795-4888-b22e-7c9ec0fbc5da:192.168.30.19:41529, a512c71a-116c-4107-8700-5c6ffbdd9d1e:192.168.30.19:35812], old=null at 0
2019-09-27 11:15:21,483 [grpc-default-executor-4] INFO  segmented.SegmentedRaftLogWorker (SegmentedRaftLogWorker.java:startLogSegment(380)) - 63945773-f795-4888-b22e-7c9ec0fbc5da@group-492F3DA3AAE8-SegmentedRaftLogWorker: Starting segment from index:0
2019-09-27 11:15:21,487 [grpc-default-executor-4] INFO  impl.RaftServerImpl (ServerState.java:setRaftConf(354)) - a512c71a-116c-4107-8700-5c6ffbdd9d1e@group-492F3DA3AAE8: set configuration 0: [2c1dfcd2-f5f6-4d27-8cde-b5b1d4e3262e:192.168.30.19:36329, 63945773-f795-4888-b22e-7c9ec0fbc5da:192.168.30.19:41529, a512c71a-116c-4107-8700-5c6ffbdd9d1e:192.168.30.19:35812], old=null at 0
2019-09-27 11:15:21,487 [grpc-default-executor-4] INFO  segmented.SegmentedRaftLogWorker (SegmentedRaftLogWorker.java:startLogSegment(380)) - a512c71a-116c-4107-8700-5c6ffbdd9d1e@group-492F3DA3AAE8-SegmentedRaftLogWorker: Starting segment from index:0
2019-09-27 11:15:21,490 [2c1dfcd2-f5f6-4d27-8cde-b5b1d4e3262e@group-492F3DA3AAE8-SegmentedRaftLogWorker] INFO  segmented.SegmentedRaftLogWorker (SegmentedRaftLogWorker.java:execute(569)) - 2c1dfcd2-f5f6-4d27-8cde-b5b1d4e3262e@group-492F3DA3AAE8-SegmentedRaftLogWorker: created new log segment /workdir/hadoop-ozone/integration-test/target/test-dir/MiniOzoneClusterImpl-42dc4d63-2424-41fa-b594-829d6399a12e/datanode-4/data/ratis/38024c06-93ec-483f-9240-492f3da3aae8/current/log_inprogress_0
2019-09-27 11:15:21,553 [63945773-f795-4888-b22e-7c9ec0fbc5da@group-492F3DA3AAE8-SegmentedRaftLogWorker] INFO  segmented.SegmentedRaftLogWorker (SegmentedRaftLogWorker.java:execute(569)) - 63945773-f795-4888-b22e-7c9ec0fbc5da@group-492F3DA3AAE8-SegmentedRaftLogWorker: created new log segment /workdir/hadoop-ozone/integration-test/target/test-dir/MiniOzoneClusterImpl-42dc4d63-2424-41fa-b594-829d6399a12e/datanode-5/data/ratis/38024c06-93ec-483f-9240-492f3da3aae8/current/log_inprogress_0
2019-09-27 11:15:21,553 [a512c71a-116c-4107-8700-5c6ffbdd9d1e@group-492F3DA3AAE8-SegmentedRaftLogWorker] INFO  segmented.SegmentedRaftLogWorker (SegmentedRaftLogWorker.java:execute(569)) - a512c71a-116c-4107-8700-5c6ffbdd9d1e@group-492F3DA3AAE8-SegmentedRaftLogWorker: created new log segment /workdir/hadoop-ozone/integration-test/target/test-dir/MiniOzoneClusterImpl-42dc4d63-2424-41fa-b594-829d6399a12e/datanode-3/data/ratis/38024c06-93ec-483f-9240-492f3da3aae8/current/log_inprogress_0
2019-09-27 11:15:22,076 [RatisApplyTransactionExecutor 1] ERROR ratis.ContainerStateMachine (ContainerStateMachine.java:lambda$applyTransaction$6(721)) - gid group-492F3DA3AAE8 : ApplyTransaction failed. cmd CreateContainer logIndex 7 exception {}
java.lang.IllegalArgumentException
	at com.google.common.base.Preconditions.checkArgument(Preconditions.java:72)
	at org.apache.hadoop.ozone.container.keyvalue.KeyValueHandler.handleCreateContainer(KeyValueHandler.java:215)
	at org.apache.hadoop.ozone.container.keyvalue.KeyValueHandler.handle(KeyValueHandler.java:152)
	at org.apache.hadoop.ozone.container.common.impl.HddsDispatcher.dispatchRequest(HddsDispatcher.java:275)
	at org.apache.hadoop.ozone.container.common.impl.HddsDispatcher.dispatch(HddsDispatcher.java:150)
	at org.apache.hadoop.ozone.container.common.transport.server.ratis.ContainerStateMachine.dispatchCommand(ContainerStateMachine.java:401)
	at org.apache.hadoop.ozone.container.common.transport.server.ratis.ContainerStateMachine.runCommand(ContainerStateMachine.java:409)
	at org.apache.hadoop.ozone.container.common.transport.server.ratis.ContainerStateMachine.lambda$applyTransaction$6(ContainerStateMachine.java:719)
	at java.util.concurrent.CompletableFuture$AsyncSupply.run(CompletableFuture.java:1590)
	at java.util.concurrent.ThreadPoolExecutor.runWorker(ThreadPoolExecutor.java:1149)
	at java.util.concurrent.ThreadPoolExecutor$Worker.run(ThreadPoolExecutor.java:624)
	at java.lang.Thread.run(Thread.java:748)
2019-09-27 11:15:22,108 [RatisApplyTransactionExecutor 1] ERROR ratis.ContainerStateMachine (ContainerStateMachine.java:lambda$applyTransaction$6(721)) - gid group-492F3DA3AAE8 : ApplyTransaction failed. cmd CreateContainer logIndex 7 exception {}
java.lang.IllegalArgumentException
	at com.google.common.base.Preconditions.checkArgument(Preconditions.java:72)
	at org.apache.hadoop.ozone.container.keyvalue.KeyValueHandler.handleCreateContainer(KeyValueHandler.java:215)
	at org.apache.hadoop.ozone.container.keyvalue.KeyValueHandler.handle(KeyValueHandler.java:152)
	at org.apache.hadoop.ozone.container.common.impl.HddsDispatcher.dispatchRequest(HddsDispatcher.java:275)
	at org.apache.hadoop.ozone.container.common.impl.HddsDispatcher.dispatch(HddsDispatcher.java:150)
	at org.apache.hadoop.ozone.container.common.transport.server.ratis.ContainerStateMachine.dispatchCommand(ContainerStateMachine.java:401)
	at org.apache.hadoop.ozone.container.common.transport.server.ratis.ContainerStateMachine.runCommand(ContainerStateMachine.java:409)
	at org.apache.hadoop.ozone.container.common.transport.server.ratis.ContainerStateMachine.lambda$applyTransaction$6(ContainerStateMachine.java:719)
	at java.util.concurrent.CompletableFuture$AsyncSupply.run(CompletableFuture.java:1590)
	at java.util.concurrent.ThreadPoolExecutor.runWorker(ThreadPoolExecutor.java:1149)
	at java.util.concurrent.ThreadPoolExecutor$Worker.run(ThreadPoolExecutor.java:624)
	at java.lang.Thread.run(Thread.java:748)
2019-09-27 11:15:22,108 [RatisApplyTransactionExecutor 1] ERROR ratis.ContainerStateMachine (ContainerStateMachine.java:lambda$applyTransaction$6(721)) - gid group-492F3DA3AAE8 : ApplyTransaction failed. cmd CreateContainer logIndex 7 exception {}
java.lang.IllegalArgumentException
	at com.google.common.base.Preconditions.checkArgument(Preconditions.java:72)
	at org.apache.hadoop.ozone.container.keyvalue.KeyValueHandler.handleCreateContainer(KeyValueHandler.java:215)
	at org.apache.hadoop.ozone.container.keyvalue.KeyValueHandler.handle(KeyValueHandler.java:152)
	at org.apache.hadoop.ozone.container.common.impl.HddsDispatcher.dispatchRequest(HddsDispatcher.java:275)
	at org.apache.hadoop.ozone.container.common.impl.HddsDispatcher.dispatch(HddsDispatcher.java:150)
	at org.apache.hadoop.ozone.container.common.transport.server.ratis.ContainerStateMachine.dispatchCommand(ContainerStateMachine.java:401)
	at org.apache.hadoop.ozone.container.common.transport.server.ratis.ContainerStateMachine.runCommand(ContainerStateMachine.java:409)
	at org.apache.hadoop.ozone.container.common.transport.server.ratis.ContainerStateMachine.lambda$applyTransaction$6(ContainerStateMachine.java:719)
	at java.util.concurrent.CompletableFuture$AsyncSupply.run(CompletableFuture.java:1590)
	at java.util.concurrent.ThreadPoolExecutor.runWorker(ThreadPoolExecutor.java:1149)
	at java.util.concurrent.ThreadPoolExecutor$Worker.run(ThreadPoolExecutor.java:624)
	at java.lang.Thread.run(Thread.java:748)
2019-09-27 11:16:54,437 [main] INFO  ozone.MiniOzoneClusterImpl (MiniOzoneClusterImpl.java:shutdown(314)) - Shutting down the Mini Ozone Cluster
2019-09-27 11:16:54,439 [main] INFO  ozone.MiniOzoneClusterImpl (MiniOzoneClusterImpl.java:stop(330)) - Stopping the Mini Ozone Cluster
2019-09-27 11:16:54,439 [main] INFO  ozone.MiniOzoneClusterImpl (MiniOzoneClusterImpl.java:stopOM(400)) - Stopping the OzoneManager
2019-09-27 11:16:54,439 [main] INFO  ipc.Server (Server.java:stop(3082)) - Stopping server on 42254
2019-09-27 11:16:54,460 [IPC Server listener on 42254] INFO  ipc.Server (Server.java:run(1185)) - Stopping IPC Server listener on 42254
2019-09-27 11:16:54,460 [main] INFO  ratis.OzoneManagerDoubleBuffer (OzoneManagerDoubleBuffer.java:stop(248)) - Stopping OMDoubleBuffer flush thread
2019-09-27 11:16:54,463 [IPC Server Responder] INFO  ipc.Server (Server.java:run(1319)) - Stopping IPC Server Responder
2019-09-27 11:16:54,474 [OMDoubleBufferFlushThread] INFO  ratis.OzoneManagerDoubleBuffer (OzoneManagerDoubleBuffer.java:flushTransactions(191)) - OMDoubleBuffer flush thread OMDoubleBufferFlushThread is interrupted and will exit. OMDoubleBufferFlushThread
2019-09-27 11:16:54,494 [main] INFO  utils.BackgroundService (BackgroundService.java:shutdown(148)) - Shutting down service KeyDeletingService
2019-09-27 11:16:54,498 [main] INFO  handler.ContextHandler (ContextHandler.java:doStop(910)) - Stopped o.e.j.w.WebAppContext@45adc393{/,null,UNAVAILABLE}{/ozoneManager}
2019-09-27 11:16:54,499 [main] INFO  server.AbstractConnector (AbstractConnector.java:doStop(318)) - Stopped ServerConnector@65fe2691{HTTP/1.1,[http/1.1]}{0.0.0.0:0}
2019-09-27 11:16:54,500 [main] INFO  handler.ContextHandler (ContextHandler.java:doStop(910)) - Stopped o.e.j.s.ServletContextHandler@64deb58f{/static,file:///workdir/hadoop-ozone/integration-test/target/test-classes/webapps/static,UNAVAILABLE}
2019-09-27 11:16:54,501 [main] INFO  handler.ContextHandler (ContextHandler.java:doStop(910)) - Stopped o.e.j.s.ServletContextHandler@7cac93fe{/logs,file:///workdir/hadoop-ozone/integration-test/target/log,UNAVAILABLE}
2019-09-27 11:16:54,505 [main] INFO  ozone.MiniOzoneClusterImpl (MiniOzoneClusterImpl.java:stopDatanodes(377)) - Stopping the HddsDatanodes
2019-09-27 11:16:54,889 [Datanode State Machine Thread - 0] INFO  statemachine.DatanodeStateMachine (DatanodeStateMachine.java:lambda$startDaemon$0(350)) - Ozone container server started.
2019-09-27 11:16:55,070 [Datanode State Machine Thread - 0] INFO  statemachine.DatanodeStateMachine (DatanodeStateMachine.java:lambda$startDaemon$0(350)) - Ozone container server started.
2019-09-27 11:16:59,507 [main] INFO  ozoneimpl.OzoneContainer (OzoneContainer.java:stop(231)) - Attempting to stop container services.
2019-09-27 11:16:59,507 [ForkJoinPool.commonPool-worker-1] INFO  ozoneimpl.OzoneContainer (OzoneContainer.java:stop(231)) - Attempting to stop container services.
2019-09-27 11:16:59,508 [main] INFO  impl.RaftServerProxy (RaftServerProxy.java:lambda$close$4(314)) - 2c1dfcd2-f5f6-4d27-8cde-b5b1d4e3262e: close
2019-09-27 11:16:59,508 [ForkJoinPool.commonPool-worker-1] INFO  impl.RaftServerProxy (RaftServerProxy.java:lambda$close$4(314)) - 8fa838ef-66c5-4745-8715-8af883a303a7: close
2019-09-27 11:16:59,509 [main] INFO  impl.RaftServerImpl (RaftServerImpl.java:lambda$shutdown$3(251)) - 2c1dfcd2-f5f6-4d27-8cde-b5b1d4e3262e@group-492F3DA3AAE8: shutdown
2019-09-27 11:16:59,509 [ForkJoinPool.commonPool-worker-1] INFO  impl.RaftServerImpl (RaftServerImpl.java:lambda$shutdown$3(251)) - 8fa838ef-66c5-4745-8715-8af883a303a7@group-A990E4F209ED: shutdown
2019-09-27 11:16:59,509 [main] INFO  util.JmxRegister (JmxRegister.java:unregister(73)) - Successfully un-registered JMX Bean with object name Ratis:service=RaftServer,group=group-492F3DA3AAE8,id=2c1dfcd2-f5f6-4d27-8cde-b5b1d4e3262e
2019-09-27 11:16:59,509 [ForkJoinPool.commonPool-worker-1] INFO  util.JmxRegister (JmxRegister.java:unregister(73)) - Successfully un-registered JMX Bean with object name Ratis:service=RaftServer,group=group-A990E4F209ED,id=8fa838ef-66c5-4745-8715-8af883a303a7
2019-09-27 11:16:59,510 [main] INFO  impl.RoleInfo (RoleInfo.java:shutdownLeaderState(104)) - 2c1dfcd2-f5f6-4d27-8cde-b5b1d4e3262e: shutdown LeaderState
2019-09-27 11:16:59,510 [ForkJoinPool.commonPool-worker-1] INFO  impl.RoleInfo (RoleInfo.java:shutdownLeaderState(104)) - 8fa838ef-66c5-4745-8715-8af883a303a7: shutdown LeaderState
2019-09-27 11:16:59,518 [org.apache.ratis.server.impl.LogAppender$AppenderDaemon$$Lambda$504/1363596011@1b840190] WARN  server.GrpcLogAppender (GrpcLogAppender.java:mayWait(143)) - 2c1dfcd2-f5f6-4d27-8cde-b5b1d4e3262e@group-492F3DA3AAE8->63945773-f795-4888-b22e-7c9ec0fbc5da-GrpcLogAppender: Wait interrupted by java.lang.InterruptedException
2019-09-27 11:16:59,518 [org.apache.ratis.server.impl.LogAppender$AppenderDaemon$$Lambda$504/1363596011@38a349fb] WARN  server.GrpcLogAppender (GrpcLogAppender.java:mayWait(143)) - 2c1dfcd2-f5f6-4d27-8cde-b5b1d4e3262e@group-492F3DA3AAE8->a512c71a-116c-4107-8700-5c6ffbdd9d1e-GrpcLogAppender: Wait interrupted by java.lang.InterruptedException
2019-09-27 11:16:59,517 [main] INFO  impl.PendingRequests (PendingRequests.java:sendNotLeaderResponses(202)) - 2c1dfcd2-f5f6-4d27-8cde-b5b1d4e3262e-PendingRequests: sendNotLeaderResponses
2019-09-27 11:16:59,518 [ForkJoinPool.commonPool-worker-1] INFO  impl.PendingRequests (PendingRequests.java:sendNotLeaderResponses(202)) - 8fa838ef-66c5-4745-8715-8af883a303a7-PendingRequests: sendNotLeaderResponses
2019-09-27 11:16:59,520 [main] INFO  impl.StateMachineUpdater (StateMachineUpdater.java:stopAndJoin(125)) - 2c1dfcd2-f5f6-4d27-8cde-b5b1d4e3262e@group-492F3DA3AAE8-StateMachineUpdater: set stopIndex = 8
2019-09-27 11:16:59,521 [2c1dfcd2-f5f6-4d27-8cde-b5b1d4e3262e@group-492F3DA3AAE8-StateMachineUpdater] INFO  ratis.ContainerStateMachine (ContainerStateMachine.java:takeSnapshot(289)) - group-492F3DA3AAE8: Taking a snapshot at:(t:1, i:6) file /workdir/hadoop-ozone/integration-test/target/test-dir/MiniOzoneClusterImpl-42dc4d63-2424-41fa-b594-829d6399a12e/datanode-4/data/ratis/38024c06-93ec-483f-9240-492f3da3aae8/sm/snapshot.1_6
2019-09-27 11:16:59,521 [grpc-default-executor-4] INFO  server.GrpcServerProtocolService (GrpcServerProtocolService.java:onCompleted(113)) - a512c71a-116c-4107-8700-5c6ffbdd9d1e: Completed APPEND_ENTRIES, lastRequest: 2c1dfcd2-f5f6-4d27-8cde-b5b1d4e3262e->a512c71a-116c-4107-8700-5c6ffbdd9d1e#47-t1, previous=(t:1, i:8), leaderCommit=8, initializing? false, entries: <empty>
2019-09-27 11:16:59,521 [grpc-default-executor-0] INFO  server.GrpcServerProtocolService (GrpcServerProtocolService.java:onCompleted(113)) - 63945773-f795-4888-b22e-7c9ec0fbc5da: Completed APPEND_ENTRIES, lastRequest: 2c1dfcd2-f5f6-4d27-8cde-b5b1d4e3262e->63945773-f795-4888-b22e-7c9ec0fbc5da#47-t1, previous=(t:1, i:8), leaderCommit=8, initializing? false, entries: <empty>
2019-09-27 11:16:59,520 [ForkJoinPool.commonPool-worker-1] INFO  impl.StateMachineUpdater (StateMachineUpdater.java:stopAndJoin(125)) - 8fa838ef-66c5-4745-8715-8af883a303a7@group-A990E4F209ED-StateMachineUpdater: set stopIndex = 0
2019-09-27 11:16:59,522 [ForkJoinPool.commonPool-worker-1] INFO  impl.RaftServerImpl (ServerState.java:close(385)) - 8fa838ef-66c5-4745-8715-8af883a303a7@group-A990E4F209ED: closes. applyIndex: 0
2019-09-27 11:16:59,522 [grpc-default-executor-4] INFO  server.GrpcLogAppender (GrpcLogAppender.java:onCompleted(293)) - 2c1dfcd2-f5f6-4d27-8cde-b5b1d4e3262e@group-492F3DA3AAE8->63945773-f795-4888-b22e-7c9ec0fbc5da-AppendLogResponseHandler: follower responses appendEntries COMPLETED
2019-09-27 11:16:59,522 [grpc-default-executor-0] INFO  server.GrpcLogAppender (GrpcLogAppender.java:onCompleted(293)) - 2c1dfcd2-f5f6-4d27-8cde-b5b1d4e3262e@group-492F3DA3AAE8->a512c71a-116c-4107-8700-5c6ffbdd9d1e-AppendLogResponseHandler: follower responses appendEntries COMPLETED
2019-09-27 11:16:59,522 [8fa838ef-66c5-4745-8715-8af883a303a7@group-A990E4F209ED-SegmentedRaftLogWorker] INFO  segmented.SegmentedRaftLogWorker (SegmentedRaftLogWorker.java:run(313)) - 8fa838ef-66c5-4745-8715-8af883a303a7@group-A990E4F209ED-SegmentedRaftLogWorker was interrupted, exiting. There are 0 tasks remaining in the queue.
2019-09-27 11:16:59,522 [grpc-default-executor-4] INFO  impl.FollowerInfo (FollowerInfo.java:lambda$new$0(51)) - 2c1dfcd2-f5f6-4d27-8cde-b5b1d4e3262e@group-492F3DA3AAE8->63945773-f795-4888-b22e-7c9ec0fbc5da: nextIndex: updateUnconditionally 9 -> 8
2019-09-27 11:16:59,523 [grpc-default-executor-0] INFO  impl.FollowerInfo (FollowerInfo.java:lambda$new$0(51)) - 2c1dfcd2-f5f6-4d27-8cde-b5b1d4e3262e@group-492F3DA3AAE8->a512c71a-116c-4107-8700-5c6ffbdd9d1e: nextIndex: updateUnconditionally 9 -> 8
2019-09-27 11:16:59,530 [ForkJoinPool.commonPool-worker-1] INFO  segmented.SegmentedRaftLogWorker (SegmentedRaftLogWorker.java:close(228)) - 8fa838ef-66c5-4745-8715-8af883a303a7@group-A990E4F209ED-SegmentedRaftLogWorker close()
2019-09-27 11:16:59,535 [ForkJoinPool.commonPool-worker-1] INFO  impl.RaftServerImpl (RaftServerImpl.java:lambda$shutdown$3(251)) - 8fa838ef-66c5-4745-8715-8af883a303a7@group-3C127E8F42E4: shutdown
2019-09-27 11:16:59,535 [ForkJoinPool.commonPool-worker-1] INFO  util.JmxRegister (JmxRegister.java:unregister(73)) - Successfully un-registered JMX Bean with object name Ratis:service=RaftServer,group=group-3C127E8F42E4,id=8fa838ef-66c5-4745-8715-8af883a303a7
2019-09-27 11:16:59,535 [ForkJoinPool.commonPool-worker-1] INFO  impl.RoleInfo (RoleInfo.java:shutdownFollowerState(121)) - 8fa838ef-66c5-4745-8715-8af883a303a7: shutdown FollowerState
2019-09-27 11:16:59,535 [ForkJoinPool.commonPool-worker-1] INFO  impl.StateMachineUpdater (StateMachineUpdater.java:stopAndJoin(125)) - 8fa838ef-66c5-4745-8715-8af883a303a7@group-3C127E8F42E4-StateMachineUpdater: set stopIndex = 0
2019-09-27 11:16:59,536 [Thread-733] INFO  impl.FollowerState (FollowerState.java:run(115)) - 8fa838ef-66c5-4745-8715-8af883a303a7: FollowerState was interrupted: java.lang.InterruptedException: sleep interrupted
2019-09-27 11:16:59,538 [ForkJoinPool.commonPool-worker-1] INFO  impl.RaftServerImpl (ServerState.java:close(385)) - 8fa838ef-66c5-4745-8715-8af883a303a7@group-3C127E8F42E4: closes. applyIndex: 0
2019-09-27 11:16:59,538 [8fa838ef-66c5-4745-8715-8af883a303a7@group-3C127E8F42E4-SegmentedRaftLogWorker] INFO  segmented.SegmentedRaftLogWorker (SegmentedRaftLogWorker.java:run(313)) - 8fa838ef-66c5-4745-8715-8af883a303a7@group-3C127E8F42E4-SegmentedRaftLogWorker was interrupted, exiting. There are 0 tasks remaining in the queue.
2019-09-27 11:16:59,543 [ForkJoinPool.commonPool-worker-1] INFO  segmented.SegmentedRaftLogWorker (SegmentedRaftLogWorker.java:close(228)) - 8fa838ef-66c5-4745-8715-8af883a303a7@group-3C127E8F42E4-SegmentedRaftLogWorker close()
2019-09-27 11:16:59,545 [ForkJoinPool.commonPool-worker-1] INFO  server.GrpcService (GrpcService.java:closeImpl(164)) - 8fa838ef-66c5-4745-8715-8af883a303a7: shutdown server with port 33975 now
2019-09-27 11:16:59,545 [2c1dfcd2-f5f6-4d27-8cde-b5b1d4e3262e@group-492F3DA3AAE8-StateMachineUpdater] INFO  ratis.ContainerStateMachine (ContainerStateMachine.java:takeSnapshot(300)) - group-492F3DA3AAE8: Finished taking a snapshot at:(t:1, i:6) file:/workdir/hadoop-ozone/integration-test/target/test-dir/MiniOzoneClusterImpl-42dc4d63-2424-41fa-b594-829d6399a12e/datanode-4/data/ratis/38024c06-93ec-483f-9240-492f3da3aae8/sm/snapshot.1_6 time:24
2019-09-27 11:16:59,546 [2c1dfcd2-f5f6-4d27-8cde-b5b1d4e3262e@group-492F3DA3AAE8-StateMachineUpdater] INFO  impl.StateMachineUpdater (StateMachineUpdater.java:takeSnapshot(258)) - 2c1dfcd2-f5f6-4d27-8cde-b5b1d4e3262e@group-492F3DA3AAE8-StateMachineUpdater: Took a snapshot at index 6
2019-09-27 11:16:59,546 [2c1dfcd2-f5f6-4d27-8cde-b5b1d4e3262e@group-492F3DA3AAE8-StateMachineUpdater] INFO  impl.StateMachineUpdater (StateMachineUpdater.java:lambda$new$0(83)) - 2c1dfcd2-f5f6-4d27-8cde-b5b1d4e3262e@group-492F3DA3AAE8-StateMachineUpdater: snapshotIndex: updateIncreasingly -1 -> 6
2019-09-27 11:16:59,546 [grpc-default-executor-4] WARN  server.GrpcServerProtocolService (LogUtils.java:warn(134)) - 8fa838ef-66c5-4745-8715-8af883a303a7: installSnapshot onError, lastRequest: 8112e14c-94ef-40e0-91bc-84c8c0bddf88->8fa838ef-66c5-4745-8715-8af883a303a7#40-t1, previous=(t:1, i:0), leaderCommit=0, initializing? false, entries: <empty>: org.apache.ratis.thirdparty.io.grpc.StatusRuntimeException: CANCELLED: cancelled before receiving half close
2019-09-27 11:16:59,546 [ForkJoinPool.commonPool-worker-1] INFO  server.GrpcService (GrpcService.java:closeImpl(172)) - 8fa838ef-66c5-4745-8715-8af883a303a7: shutdown server with port 33975 successfully
2019-09-27 11:16:59,546 [2c1dfcd2-f5f6-4d27-8cde-b5b1d4e3262e@group-492F3DA3AAE8-StateMachineUpdater] INFO  ratis.ContainerStateMachine (ContainerStateMachine.java:takeSnapshot(289)) - group-492F3DA3AAE8: Taking a snapshot at:(t:1, i:6) file /workdir/hadoop-ozone/integration-test/target/test-dir/MiniOzoneClusterImpl-42dc4d63-2424-41fa-b594-829d6399a12e/datanode-4/data/ratis/38024c06-93ec-483f-9240-492f3da3aae8/sm/snapshot.1_6
2019-09-27 11:16:59,550 [grpc-default-executor-3] WARN  server.GrpcLogAppender (LogUtils.java:warn(134)) - 8112e14c-94ef-40e0-91bc-84c8c0bddf88@group-3C127E8F42E4->8fa838ef-66c5-4745-8715-8af883a303a7-AppendLogResponseHandler: Failed appendEntries: org.apache.ratis.thirdparty.io.grpc.StatusRuntimeException: CANCELLED: HTTP/2 error code: CANCEL
Received Rst Stream
2019-09-27 11:16:59,550 [grpc-default-executor-3] INFO  impl.FollowerInfo (FollowerInfo.java:lambda$new$0(51)) - 8112e14c-94ef-40e0-91bc-84c8c0bddf88@group-3C127E8F42E4->8fa838ef-66c5-4745-8715-8af883a303a7: nextIndex: updateUnconditionally 1 -> 0
2019-09-27 11:16:59,562 [2c1dfcd2-f5f6-4d27-8cde-b5b1d4e3262e@group-492F3DA3AAE8-StateMachineUpdater] INFO  ratis.ContainerStateMachine (ContainerStateMachine.java:takeSnapshot(300)) - group-492F3DA3AAE8: Finished taking a snapshot at:(t:1, i:6) file:/workdir/hadoop-ozone/integration-test/target/test-dir/MiniOzoneClusterImpl-42dc4d63-2424-41fa-b594-829d6399a12e/datanode-4/data/ratis/38024c06-93ec-483f-9240-492f3da3aae8/sm/snapshot.1_6 time:16
2019-09-27 11:16:59,562 [refreshUsed-/workdir/hadoop-ozone/integration-test/target/test-dir/MiniOzoneClusterImpl-42dc4d63-2424-41fa-b594-829d6399a12e/datanode-1/data/containers] WARN  fs.CachingGetSpaceUsed (CachingGetSpaceUsed.java:run(183)) - Thread Interrupted waiting to refresh disk information: sleep interrupted
2019-09-27 11:16:59,562 [2c1dfcd2-f5f6-4d27-8cde-b5b1d4e3262e@group-492F3DA3AAE8-StateMachineUpdater] INFO  impl.StateMachineUpdater (StateMachineUpdater.java:takeSnapshot(258)) - 2c1dfcd2-f5f6-4d27-8cde-b5b1d4e3262e@group-492F3DA3AAE8-StateMachineUpdater: Took a snapshot at index 6
2019-09-27 11:16:59,562 [2c1dfcd2-f5f6-4d27-8cde-b5b1d4e3262e@group-492F3DA3AAE8-StateMachineUpdater] INFO  impl.StateMachineUpdater (StateMachineUpdater.java:lambda$new$0(83)) - 2c1dfcd2-f5f6-4d27-8cde-b5b1d4e3262e@group-492F3DA3AAE8-StateMachineUpdater: snapshotIndex: updateIncreasingly 6 -> 6
2019-09-27 11:16:59,563 [main] INFO  impl.RaftServerImpl (ServerState.java:close(385)) - 2c1dfcd2-f5f6-4d27-8cde-b5b1d4e3262e@group-492F3DA3AAE8: closes. applyIndex: 8
2019-09-27 11:16:59,563 [2c1dfcd2-f5f6-4d27-8cde-b5b1d4e3262e@group-492F3DA3AAE8-SegmentedRaftLogWorker] INFO  segmented.SegmentedRaftLogWorker (SegmentedRaftLogWorker.java:run(313)) - 2c1dfcd2-f5f6-4d27-8cde-b5b1d4e3262e@group-492F3DA3AAE8-SegmentedRaftLogWorker was interrupted, exiting. There are 0 tasks remaining in the queue.
2019-09-27 11:16:59,565 [main] INFO  segmented.SegmentedRaftLogWorker (SegmentedRaftLogWorker.java:close(228)) - 2c1dfcd2-f5f6-4d27-8cde-b5b1d4e3262e@group-492F3DA3AAE8-SegmentedRaftLogWorker close()
2019-09-27 11:16:59,568 [main] INFO  server.GrpcService (GrpcService.java:closeImpl(164)) - 2c1dfcd2-f5f6-4d27-8cde-b5b1d4e3262e: shutdown server with port 36329 now
2019-09-27 11:16:59,568 [main] INFO  server.GrpcService (GrpcService.java:closeImpl(172)) - 2c1dfcd2-f5f6-4d27-8cde-b5b1d4e3262e: shutdown server with port 36329 successfully
2019-09-27 11:16:59,573 [refreshUsed-/workdir/hadoop-ozone/integration-test/target/test-dir/MiniOzoneClusterImpl-42dc4d63-2424-41fa-b594-829d6399a12e/datanode-4/data/containers] WARN  fs.CachingGetSpaceUsed (CachingGetSpaceUsed.java:run(183)) - Thread Interrupted waiting to refresh disk information: sleep interrupted
2019-09-27 11:16:59,584 [ForkJoinPool.commonPool-worker-1] INFO  utils.BackgroundService (BackgroundService.java:shutdown(148)) - Shutting down service BlockDeletingService
2019-09-27 11:16:59,589 [ForkJoinPool.commonPool-worker-1] INFO  statemachine.DatanodeStateMachine (DatanodeStateMachine.java:stopDaemon(395)) - Ozone container server stopped.
2019-09-27 11:16:59,591 [main] INFO  utils.BackgroundService (BackgroundService.java:shutdown(148)) - Shutting down service BlockDeletingService
2019-09-27 11:16:59,596 [main] INFO  statemachine.DatanodeStateMachine (DatanodeStateMachine.java:stopDaemon(395)) - Ozone container server stopped.
2019-09-27 11:16:59,598 [main] INFO  handler.ContextHandler (ContextHandler.java:doStop(910)) - Stopped o.e.j.w.WebAppContext@5d3ff859{/,null,UNAVAILABLE}{/hddsDatanode}
2019-09-27 11:16:59,598 [ForkJoinPool.commonPool-worker-1] INFO  handler.ContextHandler (ContextHandler.java:doStop(910)) - Stopped o.e.j.w.WebAppContext@3ff54f3d{/,null,UNAVAILABLE}{/hddsDatanode}
2019-09-27 11:16:59,599 [main] INFO  server.AbstractConnector (AbstractConnector.java:doStop(318)) - Stopped ServerConnector@32bb0072{HTTP/1.1,[http/1.1]}{0.0.0.0:0}
2019-09-27 11:16:59,599 [ForkJoinPool.commonPool-worker-1] INFO  server.AbstractConnector (AbstractConnector.java:doStop(318)) - Stopped ServerConnector@14c93774{HTTP/1.1,[http/1.1]}{0.0.0.0:0}
2019-09-27 11:16:59,599 [main] INFO  handler.ContextHandler (ContextHandler.java:doStop(910)) - Stopped o.e.j.s.ServletContextHandler@2582b0ef{/static,jar:file:/home/user/.m2/repository/org/apache/hadoop/hadoop-hdds-container-service/0.5.0-SNAPSHOT/hadoop-hdds-container-service-0.5.0-SNAPSHOT.jar!/webapps/static,UNAVAILABLE}
2019-09-27 11:16:59,601 [ForkJoinPool.commonPool-worker-1] INFO  handler.ContextHandler (ContextHandler.java:doStop(910)) - Stopped o.e.j.s.ServletContextHandler@7e351d7{/static,jar:file:/home/user/.m2/repository/org/apache/hadoop/hadoop-hdds-container-service/0.5.0-SNAPSHOT/hadoop-hdds-container-service-0.5.0-SNAPSHOT.jar!/webapps/static,UNAVAILABLE}
2019-09-27 11:16:59,601 [main] INFO  handler.ContextHandler (ContextHandler.java:doStop(910)) - Stopped o.e.j.s.ServletContextHandler@27443560{/logs,file:///workdir/hadoop-ozone/integration-test/target/log,UNAVAILABLE}
2019-09-27 11:16:59,602 [ForkJoinPool.commonPool-worker-1] INFO  handler.ContextHandler (ContextHandler.java:doStop(910)) - Stopped o.e.j.s.ServletContextHandler@46911148{/logs,file:///workdir/hadoop-ozone/integration-test/target/log,UNAVAILABLE}
2019-09-27 11:16:59,971 [Datanode State Machine Thread - 0] INFO  statemachine.DatanodeStateMachine (DatanodeStateMachine.java:lambda$startDaemon$0(350)) - Ozone container server started.
2019-09-27 11:17:00,129 [Datanode State Machine Thread - 0] INFO  statemachine.DatanodeStateMachine (DatanodeStateMachine.java:lambda$startDaemon$0(350)) - Ozone container server started.
2019-09-27 11:17:01,612 [grpc-default-executor-0] WARN  server.GrpcLogAppender (LogUtils.java:warn(134)) - 8112e14c-94ef-40e0-91bc-84c8c0bddf88@group-3C127E8F42E4->8fa838ef-66c5-4745-8715-8af883a303a7-AppendLogResponseHandler: Failed appendEntries: org.apache.ratis.thirdparty.io.grpc.StatusRuntimeException: UNAVAILABLE: io exception
2019-09-27 11:17:01,613 [grpc-default-executor-0] INFO  impl.FollowerInfo (FollowerInfo.java:lambda$new$0(51)) - 8112e14c-94ef-40e0-91bc-84c8c0bddf88@group-3C127E8F42E4->8fa838ef-66c5-4745-8715-8af883a303a7: nextIndex: updateUnconditionally 0 -> 0
2019-09-27 11:17:03,083 [Thread-746] INFO  impl.FollowerState (FollowerState.java:run(106)) - 63945773-f795-4888-b22e-7c9ec0fbc5da:group-492F3DA3AAE8 changes to CANDIDATE, lastRpcTime:5832, electionTimeout:5026ms
2019-09-27 11:17:03,084 [Thread-746] INFO  impl.RoleInfo (RoleInfo.java:shutdownFollowerState(121)) - 63945773-f795-4888-b22e-7c9ec0fbc5da: shutdown FollowerState
2019-09-27 11:17:03,085 [Thread-746] INFO  impl.RaftServerImpl (RaftServerImpl.java:setRole(174)) - 63945773-f795-4888-b22e-7c9ec0fbc5da@group-492F3DA3AAE8: changes role from  FOLLOWER to CANDIDATE at term 1 for changeToCandidate
2019-09-27 11:17:03,085 [Thread-746] INFO  impl.RoleInfo (RoleInfo.java:updateAndGet(143)) - 63945773-f795-4888-b22e-7c9ec0fbc5da: start LeaderElection
2019-09-27 11:17:03,091 [63945773-f795-4888-b22e-7c9ec0fbc5da@group-492F3DA3AAE8:LeaderElection23] INFO  impl.RaftServerImpl (ServerState.java:setLeader(253)) - 63945773-f795-4888-b22e-7c9ec0fbc5da@group-492F3DA3AAE8: change Leader from 2c1dfcd2-f5f6-4d27-8cde-b5b1d4e3262e to null at term 1 for initElection
2019-09-27 11:17:03,116 [63945773-f795-4888-b22e-7c9ec0fbc5da@group-492F3DA3AAE8:LeaderElection23] INFO  impl.LeaderElection (LeaderElection.java:askForVotes(182)) - 63945773-f795-4888-b22e-7c9ec0fbc5da@group-492F3DA3AAE8:LeaderElection23: begin an election at term 2 for 0: [2c1dfcd2-f5f6-4d27-8cde-b5b1d4e3262e:192.168.30.19:36329, 63945773-f795-4888-b22e-7c9ec0fbc5da:192.168.30.19:41529, a512c71a-116c-4107-8700-5c6ffbdd9d1e:192.168.30.19:35812], old=null
2019-09-27 11:17:03,124 [63945773-f795-4888-b22e-7c9ec0fbc5da@group-492F3DA3AAE8:LeaderElection23] INFO  impl.LeaderElection (LogUtils.java:infoOrTrace(149)) - 63945773-f795-4888-b22e-7c9ec0fbc5da@group-492F3DA3AAE8:LeaderElection23 got exception when requesting votes: {}
java.util.concurrent.ExecutionException: org.apache.ratis.thirdparty.io.grpc.StatusRuntimeException: UNAVAILABLE: io exception
	at java.util.concurrent.FutureTask.report(FutureTask.java:122)
	at java.util.concurrent.FutureTask.get(FutureTask.java:192)
	at org.apache.ratis.server.impl.LeaderElection.waitForResults(LeaderElection.java:263)
	at org.apache.ratis.server.impl.LeaderElection.askForVotes(LeaderElection.java:201)
	at org.apache.ratis.server.impl.LeaderElection.run(LeaderElection.java:133)
	at java.lang.Thread.run(Thread.java:748)
Caused by: org.apache.ratis.thirdparty.io.grpc.StatusRuntimeException: UNAVAILABLE: io exception
	at org.apache.ratis.thirdparty.io.grpc.stub.ClientCalls.toStatusRuntimeException(ClientCalls.java:233)
	at org.apache.ratis.thirdparty.io.grpc.stub.ClientCalls.getUnchecked(ClientCalls.java:214)
	at org.apache.ratis.thirdparty.io.grpc.stub.ClientCalls.blockingUnaryCall(ClientCalls.java:139)
	at org.apache.ratis.proto.grpc.RaftServerProtocolServiceGrpc$RaftServerProtocolServiceBlockingStub.requestVote(RaftServerProtocolServiceGrpc.java:265)
	at org.apache.ratis.grpc.server.GrpcServerProtocolClient.requestVote(GrpcServerProtocolClient.java:90)
	at org.apache.ratis.grpc.server.GrpcService.requestVote(GrpcService.java:204)
	at org.apache.ratis.server.impl.LeaderElection.lambda$submitRequests$1(LeaderElection.java:238)
	at java.util.concurrent.FutureTask.run(FutureTask.java:266)
	at java.util.concurrent.Executors$RunnableAdapter.call(Executors.java:511)
	at java.util.concurrent.FutureTask.run(FutureTask.java:266)
	at java.util.concurrent.ThreadPoolExecutor.runWorker(ThreadPoolExecutor.java:1149)
	at java.util.concurrent.ThreadPoolExecutor$Worker.run(ThreadPoolExecutor.java:624)
	... 1 more
Caused by: org.apache.ratis.thirdparty.io.netty.channel.AbstractChannel$AnnotatedConnectException: Connection refused: /192.168.30.19:36329
	at sun.nio.ch.SocketChannelImpl.checkConnect(Native Method)
	at sun.nio.ch.SocketChannelImpl.finishConnect(SocketChannelImpl.java:717)
	at org.apache.ratis.thirdparty.io.netty.channel.socket.nio.NioSocketChannel.doFinishConnect(NioSocketChannel.java:327)
	at org.apache.ratis.thirdparty.io.netty.channel.nio.AbstractNioChannel$AbstractNioUnsafe.finishConnect(AbstractNioChannel.java:340)
	at org.apache.ratis.thirdparty.io.netty.channel.nio.NioEventLoop.processSelectedKey(NioEventLoop.java:632)
	at org.apache.ratis.thirdparty.io.netty.channel.nio.NioEventLoop.processSelectedKeysOptimized(NioEventLoop.java:579)
	at org.apache.ratis.thirdparty.io.netty.channel.nio.NioEventLoop.processSelectedKeys(NioEventLoop.java:496)
	at org.apache.ratis.thirdparty.io.netty.channel.nio.NioEventLoop.run(NioEventLoop.java:458)
	at org.apache.ratis.thirdparty.io.netty.util.concurrent.SingleThreadEventExecutor$5.run(SingleThreadEventExecutor.java:897)
	at org.apache.ratis.thirdparty.io.netty.util.concurrent.FastThreadLocalRunnable.run(FastThreadLocalRunnable.java:30)
	... 1 more
Caused by: java.net.ConnectException: Connection refused
	... 11 more
2019-09-27 11:17:03,130 [grpc-default-executor-4] INFO  impl.RaftServerImpl (ServerState.java:setLeader(253)) - a512c71a-116c-4107-8700-5c6ffbdd9d1e@group-492F3DA3AAE8: change Leader from 2c1dfcd2-f5f6-4d27-8cde-b5b1d4e3262e to null at term 2 for updateCurrentTerm
2019-09-27 11:17:03,131 [grpc-default-executor-4] INFO  impl.RaftServerImpl (RaftServerImpl.java:setRole(174)) - a512c71a-116c-4107-8700-5c6ffbdd9d1e@group-492F3DA3AAE8: changes role from  FOLLOWER to FOLLOWER at term 2 for recognizeCandidate:63945773-f795-4888-b22e-7c9ec0fbc5da
2019-09-27 11:17:03,131 [grpc-default-executor-4] INFO  impl.RoleInfo (RoleInfo.java:shutdownFollowerState(121)) - a512c71a-116c-4107-8700-5c6ffbdd9d1e: shutdown FollowerState
2019-09-27 11:17:03,131 [grpc-default-executor-4] INFO  impl.RoleInfo (RoleInfo.java:updateAndGet(143)) - a512c71a-116c-4107-8700-5c6ffbdd9d1e: start FollowerState
2019-09-27 11:17:03,131 [Thread-758] INFO  impl.FollowerState (FollowerState.java:run(115)) - a512c71a-116c-4107-8700-5c6ffbdd9d1e: FollowerState was interrupted: java.lang.InterruptedException: sleep interrupted
2019-09-27 11:17:03,158 [63945773-f795-4888-b22e-7c9ec0fbc5da@group-492F3DA3AAE8:LeaderElection23] INFO  impl.LeaderElection (LeaderElection.java:logAndReturn(56)) - 63945773-f795-4888-b22e-7c9ec0fbc5da@group-492F3DA3AAE8:LeaderElection23: Election PASSED; received 1 response(s) [63945773-f795-4888-b22e-7c9ec0fbc5da<-a512c71a-116c-4107-8700-5c6ffbdd9d1e#0:OK-t2] and 1 exception(s); 63945773-f795-4888-b22e-7c9ec0fbc5da@group-492F3DA3AAE8:t2, leader=null, voted=63945773-f795-4888-b22e-7c9ec0fbc5da, raftlog=63945773-f795-4888-b22e-7c9ec0fbc5da@group-492F3DA3AAE8-SegmentedRaftLog:OPENED:c8,f8,i8, conf=0: [2c1dfcd2-f5f6-4d27-8cde-b5b1d4e3262e:192.168.30.19:36329, 63945773-f795-4888-b22e-7c9ec0fbc5da:192.168.30.19:41529, a512c71a-116c-4107-8700-5c6ffbdd9d1e:192.168.30.19:35812], old=null
2019-09-27 11:17:03,158 [63945773-f795-4888-b22e-7c9ec0fbc5da@group-492F3DA3AAE8:LeaderElection23] INFO  impl.LeaderElection (LogUtils.java:infoOrTrace(149)) -   Exception 0: {}
java.util.concurrent.ExecutionException: org.apache.ratis.thirdparty.io.grpc.StatusRuntimeException: UNAVAILABLE: io exception
	at java.util.concurrent.FutureTask.report(FutureTask.java:122)
	at java.util.concurrent.FutureTask.get(FutureTask.java:192)
	at org.apache.ratis.server.impl.LeaderElection.waitForResults(LeaderElection.java:263)
	at org.apache.ratis.server.impl.LeaderElection.askForVotes(LeaderElection.java:201)
	at org.apache.ratis.server.impl.LeaderElection.run(LeaderElection.java:133)
	at java.lang.Thread.run(Thread.java:748)
Caused by: org.apache.ratis.thirdparty.io.grpc.StatusRuntimeException: UNAVAILABLE: io exception
	at org.apache.ratis.thirdparty.io.grpc.stub.ClientCalls.toStatusRuntimeException(ClientCalls.java:233)
	at org.apache.ratis.thirdparty.io.grpc.stub.ClientCalls.getUnchecked(ClientCalls.java:214)
	at org.apache.ratis.thirdparty.io.grpc.stub.ClientCalls.blockingUnaryCall(ClientCalls.java:139)
	at org.apache.ratis.proto.grpc.RaftServerProtocolServiceGrpc$RaftServerProtocolServiceBlockingStub.requestVote(RaftServerProtocolServiceGrpc.java:265)
	at org.apache.ratis.grpc.server.GrpcServerProtocolClient.requestVote(GrpcServerProtocolClient.java:90)
	at org.apache.ratis.grpc.server.GrpcService.requestVote(GrpcService.java:204)
	at org.apache.ratis.server.impl.LeaderElection.lambda$submitRequests$1(LeaderElection.java:238)
	at java.util.concurrent.FutureTask.run(FutureTask.java:266)
	at java.util.concurrent.Executors$RunnableAdapter.call(Executors.java:511)
	at java.util.concurrent.FutureTask.run(FutureTask.java:266)
	at java.util.concurrent.ThreadPoolExecutor.runWorker(ThreadPoolExecutor.java:1149)
	at java.util.concurrent.ThreadPoolExecutor$Worker.run(ThreadPoolExecutor.java:624)
	... 1 more
Caused by: org.apache.ratis.thirdparty.io.netty.channel.AbstractChannel$AnnotatedConnectException: Connection refused: /192.168.30.19:36329
	at sun.nio.ch.SocketChannelImpl.checkConnect(Native Method)
	at sun.nio.ch.SocketChannelImpl.finishConnect(SocketChannelImpl.java:717)
	at org.apache.ratis.thirdparty.io.netty.channel.socket.nio.NioSocketChannel.doFinishConnect(NioSocketChannel.java:327)
	at org.apache.ratis.thirdparty.io.netty.channel.nio.AbstractNioChannel$AbstractNioUnsafe.finishConnect(AbstractNioChannel.java:340)
	at org.apache.ratis.thirdparty.io.netty.channel.nio.NioEventLoop.processSelectedKey(NioEventLoop.java:632)
	at org.apache.ratis.thirdparty.io.netty.channel.nio.NioEventLoop.processSelectedKeysOptimized(NioEventLoop.java:579)
	at org.apache.ratis.thirdparty.io.netty.channel.nio.NioEventLoop.processSelectedKeys(NioEventLoop.java:496)
	at org.apache.ratis.thirdparty.io.netty.channel.nio.NioEventLoop.run(NioEventLoop.java:458)
	at org.apache.ratis.thirdparty.io.netty.util.concurrent.SingleThreadEventExecutor$5.run(SingleThreadEventExecutor.java:897)
	at org.apache.ratis.thirdparty.io.netty.util.concurrent.FastThreadLocalRunnable.run(FastThreadLocalRunnable.java:30)
	... 1 more
Caused by: java.net.ConnectException: Connection refused
	... 11 more
2019-09-27 11:17:03,159 [63945773-f795-4888-b22e-7c9ec0fbc5da@group-492F3DA3AAE8:LeaderElection23] INFO  impl.RoleInfo (RoleInfo.java:shutdownLeaderElection(134)) - 63945773-f795-4888-b22e-7c9ec0fbc5da: shutdown LeaderElection
2019-09-27 11:17:03,159 [63945773-f795-4888-b22e-7c9ec0fbc5da@group-492F3DA3AAE8:LeaderElection23] INFO  impl.RaftServerImpl (RaftServerImpl.java:setRole(174)) - 63945773-f795-4888-b22e-7c9ec0fbc5da@group-492F3DA3AAE8: changes role from CANDIDATE to LEADER at term 2 for changeToLeader
2019-09-27 11:17:03,159 [63945773-f795-4888-b22e-7c9ec0fbc5da@group-492F3DA3AAE8:LeaderElection23] INFO  impl.RaftServerImpl (ServerState.java:setLeader(253)) - 63945773-f795-4888-b22e-7c9ec0fbc5da@group-492F3DA3AAE8: change Leader from null to 63945773-f795-4888-b22e-7c9ec0fbc5da at term 2 for becomeLeader, leader elected after 68ms
2019-09-27 11:17:03,162 [63945773-f795-4888-b22e-7c9ec0fbc5da@group-492F3DA3AAE8:LeaderElection23] INFO  server.RaftServerConfigKeys (ConfUtils.java:logGet(43)) - raft.server.staging.catchup.gap = 1000 (default)
2019-09-27 11:17:03,162 [63945773-f795-4888-b22e-7c9ec0fbc5da@group-492F3DA3AAE8:LeaderElection23] INFO  server.RaftServerConfigKeys (ConfUtils.java:logGet(43)) - raft.server.rpc.sleep.time = 25ms (default)
2019-09-27 11:17:03,162 [63945773-f795-4888-b22e-7c9ec0fbc5da@group-492F3DA3AAE8:LeaderElection23] INFO  server.RaftServerConfigKeys (ConfUtils.java:logGet(43)) - raft.server.write.element-limit = 4096 (default)
2019-09-27 11:17:03,162 [63945773-f795-4888-b22e-7c9ec0fbc5da@group-492F3DA3AAE8:LeaderElection23] INFO  server.RaftServerConfigKeys (ConfUtils.java:logGet(43)) - raft.server.watch.timeout = 10s (default)
2019-09-27 11:17:03,163 [63945773-f795-4888-b22e-7c9ec0fbc5da@group-492F3DA3AAE8:LeaderElection23] INFO  server.RaftServerConfigKeys (ConfUtils.java:logGet(43)) - raft.server.watch.timeout.denomination = 1s (default)
2019-09-27 11:17:03,163 [63945773-f795-4888-b22e-7c9ec0fbc5da@group-492F3DA3AAE8:LeaderElection23] INFO  server.RaftServerConfigKeys (ConfUtils.java:logGet(43)) - raft.server.watch.element-limit = 65536 (default)
2019-09-27 11:17:03,167 [63945773-f795-4888-b22e-7c9ec0fbc5da@group-492F3DA3AAE8:LeaderElection23] INFO  server.RaftServerConfigKeys (ConfUtils.java:logGet(43)) - raft.server.log.appender.snapshot.chunk.size.max = 16MB (=16777216) (default)
2019-09-27 11:17:03,167 [63945773-f795-4888-b22e-7c9ec0fbc5da@group-492F3DA3AAE8:LeaderElection23] INFO  server.RaftServerConfigKeys (ConfUtils.java:logGet(43)) - raft.server.log.appender.buffer.byte-limit = 33554432 (custom)
2019-09-27 11:17:03,167 [63945773-f795-4888-b22e-7c9ec0fbc5da@group-492F3DA3AAE8:LeaderElection23] INFO  server.RaftServerConfigKeys (ConfUtils.java:logGet(43)) - raft.server.log.appender.buffer.element-limit = 1 (custom)
2019-09-27 11:17:03,168 [63945773-f795-4888-b22e-7c9ec0fbc5da@group-492F3DA3AAE8:LeaderElection23] INFO  grpc.GrpcConfigKeys$Server (ConfUtils.java:logGet(43)) - raft.grpc.server.leader.outstanding.appends.max = 128 (default)
2019-09-27 11:17:03,168 [63945773-f795-4888-b22e-7c9ec0fbc5da@group-492F3DA3AAE8:LeaderElection23] INFO  server.RaftServerConfigKeys (ConfUtils.java:logGet(43)) - raft.server.rpc.request.timeout = 3000ms (default)
2019-09-27 11:17:03,168 [63945773-f795-4888-b22e-7c9ec0fbc5da@group-492F3DA3AAE8:LeaderElection23] INFO  server.RaftServerConfigKeys (ConfUtils.java:logGet(43)) - raft.server.log.appender.install.snapshot.enabled = false (custom)
2019-09-27 11:17:03,168 [63945773-f795-4888-b22e-7c9ec0fbc5da@group-492F3DA3AAE8:LeaderElection23] INFO  server.RaftServerConfigKeys (ConfUtils.java:logGet(43)) - raft.server.log.appender.snapshot.chunk.size.max = 16MB (=16777216) (default)
2019-09-27 11:17:03,169 [63945773-f795-4888-b22e-7c9ec0fbc5da@group-492F3DA3AAE8:LeaderElection23] INFO  server.RaftServerConfigKeys (ConfUtils.java:logGet(43)) - raft.server.log.appender.buffer.byte-limit = 33554432 (custom)
2019-09-27 11:17:03,169 [63945773-f795-4888-b22e-7c9ec0fbc5da@group-492F3DA3AAE8:LeaderElection23] INFO  server.RaftServerConfigKeys (ConfUtils.java:logGet(43)) - raft.server.log.appender.buffer.element-limit = 1 (custom)
2019-09-27 11:17:03,169 [63945773-f795-4888-b22e-7c9ec0fbc5da@group-492F3DA3AAE8:LeaderElection23] INFO  grpc.GrpcConfigKeys$Server (ConfUtils.java:logGet(43)) - raft.grpc.server.leader.outstanding.appends.max = 128 (default)
2019-09-27 11:17:03,169 [63945773-f795-4888-b22e-7c9ec0fbc5da@group-492F3DA3AAE8:LeaderElection23] INFO  server.RaftServerConfigKeys (ConfUtils.java:logGet(43)) - raft.server.rpc.request.timeout = 3000ms (default)
2019-09-27 11:17:03,169 [63945773-f795-4888-b22e-7c9ec0fbc5da@group-492F3DA3AAE8:LeaderElection23] INFO  server.RaftServerConfigKeys (ConfUtils.java:logGet(43)) - raft.server.log.appender.install.snapshot.enabled = false (custom)
2019-09-27 11:17:03,170 [63945773-f795-4888-b22e-7c9ec0fbc5da@group-492F3DA3AAE8:LeaderElection23] INFO  impl.RoleInfo (RoleInfo.java:updateAndGet(143)) - 63945773-f795-4888-b22e-7c9ec0fbc5da: start LeaderState
2019-09-27 11:17:03,170 [63945773-f795-4888-b22e-7c9ec0fbc5da@group-492F3DA3AAE8:LeaderElection23] INFO  segmented.SegmentedRaftLogWorker (SegmentedRaftLogWorker.java:rollLogSegment(385)) - 63945773-f795-4888-b22e-7c9ec0fbc5da@group-492F3DA3AAE8-SegmentedRaftLogWorker: Rolling segment log-0_8 to index:8
2019-09-27 11:17:03,174 [63945773-f795-4888-b22e-7c9ec0fbc5da@group-492F3DA3AAE8:LeaderElection23] INFO  impl.RaftServerImpl (ServerState.java:setRaftConf(354)) - 63945773-f795-4888-b22e-7c9ec0fbc5da@group-492F3DA3AAE8: set configuration 9: [2c1dfcd2-f5f6-4d27-8cde-b5b1d4e3262e:192.168.30.19:36329, 63945773-f795-4888-b22e-7c9ec0fbc5da:192.168.30.19:41529, a512c71a-116c-4107-8700-5c6ffbdd9d1e:192.168.30.19:35812], old=null at 9
2019-09-27 11:17:03,175 [grpc-default-executor-4] WARN  server.GrpcLogAppender (LogUtils.java:warn(134)) - 63945773-f795-4888-b22e-7c9ec0fbc5da@group-492F3DA3AAE8->2c1dfcd2-f5f6-4d27-8cde-b5b1d4e3262e-AppendLogResponseHandler: Failed appendEntries: org.apache.ratis.thirdparty.io.grpc.StatusRuntimeException: UNAVAILABLE: io exception
2019-09-27 11:17:03,177 [63945773-f795-4888-b22e-7c9ec0fbc5da@group-492F3DA3AAE8-SegmentedRaftLogWorker] INFO  segmented.SegmentedRaftLogWorker (SegmentedRaftLogWorker.java:execute(526)) - 63945773-f795-4888-b22e-7c9ec0fbc5da@group-492F3DA3AAE8-SegmentedRaftLogWorker: Rolled log segment from /workdir/hadoop-ozone/integration-test/target/test-dir/MiniOzoneClusterImpl-42dc4d63-2424-41fa-b594-829d6399a12e/datanode-5/data/ratis/38024c06-93ec-483f-9240-492f3da3aae8/current/log_inprogress_0 to /workdir/hadoop-ozone/integration-test/target/test-dir/MiniOzoneClusterImpl-42dc4d63-2424-41fa-b594-829d6399a12e/datanode-5/data/ratis/38024c06-93ec-483f-9240-492f3da3aae8/current/log_0-8
2019-09-27 11:17:03,180 [grpc-default-executor-4] INFO  impl.FollowerInfo (FollowerInfo.java:lambda$new$0(51)) - 63945773-f795-4888-b22e-7c9ec0fbc5da@group-492F3DA3AAE8->2c1dfcd2-f5f6-4d27-8cde-b5b1d4e3262e: nextIndex: updateUnconditionally 9 -> 1
2019-09-27 11:17:03,180 [grpc-default-executor-0] INFO  impl.RaftServerImpl (ServerState.java:setLeader(253)) - a512c71a-116c-4107-8700-5c6ffbdd9d1e@group-492F3DA3AAE8: change Leader from null to 63945773-f795-4888-b22e-7c9ec0fbc5da at term 2 for appendEntries, leader elected after 49ms
2019-09-27 11:17:03,219 [grpc-default-executor-0] INFO  impl.RaftServerImpl (ServerState.java:setRaftConf(354)) - a512c71a-116c-4107-8700-5c6ffbdd9d1e@group-492F3DA3AAE8: set configuration 9: [2c1dfcd2-f5f6-4d27-8cde-b5b1d4e3262e:192.168.30.19:36329, 63945773-f795-4888-b22e-7c9ec0fbc5da:192.168.30.19:41529, a512c71a-116c-4107-8700-5c6ffbdd9d1e:192.168.30.19:35812], old=null at 9
2019-09-27 11:17:03,219 [grpc-default-executor-0] INFO  segmented.SegmentedRaftLogWorker (SegmentedRaftLogWorker.java:rollLogSegment(385)) - a512c71a-116c-4107-8700-5c6ffbdd9d1e@group-492F3DA3AAE8-SegmentedRaftLogWorker: Rolling segment log-0_8 to index:8
2019-09-27 11:17:03,220 [a512c71a-116c-4107-8700-5c6ffbdd9d1e@group-492F3DA3AAE8-SegmentedRaftLogWorker] INFO  segmented.SegmentedRaftLogWorker (SegmentedRaftLogWorker.java:execute(526)) - a512c71a-116c-4107-8700-5c6ffbdd9d1e@group-492F3DA3AAE8-SegmentedRaftLogWorker: Rolled log segment from /workdir/hadoop-ozone/integration-test/target/test-dir/MiniOzoneClusterImpl-42dc4d63-2424-41fa-b594-829d6399a12e/datanode-3/data/ratis/38024c06-93ec-483f-9240-492f3da3aae8/current/log_inprogress_0 to /workdir/hadoop-ozone/integration-test/target/test-dir/MiniOzoneClusterImpl-42dc4d63-2424-41fa-b594-829d6399a12e/datanode-3/data/ratis/38024c06-93ec-483f-9240-492f3da3aae8/current/log_0-8
2019-09-27 11:17:03,239 [63945773-f795-4888-b22e-7c9ec0fbc5da@group-492F3DA3AAE8-SegmentedRaftLogWorker] INFO  segmented.SegmentedRaftLogWorker (SegmentedRaftLogWorker.java:execute(569)) - 63945773-f795-4888-b22e-7c9ec0fbc5da@group-492F3DA3AAE8-SegmentedRaftLogWorker: created new log segment /workdir/hadoop-ozone/integration-test/target/test-dir/MiniOzoneClusterImpl-42dc4d63-2424-41fa-b594-829d6399a12e/datanode-5/data/ratis/38024c06-93ec-483f-9240-492f3da3aae8/current/log_inprogress_9
2019-09-27 11:17:03,278 [a512c71a-116c-4107-8700-5c6ffbdd9d1e@group-492F3DA3AAE8-SegmentedRaftLogWorker] INFO  segmented.SegmentedRaftLogWorker (SegmentedRaftLogWorker.java:execute(569)) - a512c71a-116c-4107-8700-5c6ffbdd9d1e@group-492F3DA3AAE8-SegmentedRaftLogWorker: created new log segment /workdir/hadoop-ozone/integration-test/target/test-dir/MiniOzoneClusterImpl-42dc4d63-2424-41fa-b594-829d6399a12e/datanode-3/data/ratis/38024c06-93ec-483f-9240-492f3da3aae8/current/log_inprogress_9
2019-09-27 11:17:03,299 [grpc-default-executor-3] WARN  server.GrpcLogAppender (LogUtils.java:warn(134)) - 63945773-f795-4888-b22e-7c9ec0fbc5da@group-492F3DA3AAE8->2c1dfcd2-f5f6-4d27-8cde-b5b1d4e3262e-AppendLogResponseHandler: Failed appendEntries: org.apache.ratis.thirdparty.io.grpc.StatusRuntimeException: UNAVAILABLE: io exception
2019-09-27 11:17:03,300 [grpc-default-executor-3] INFO  impl.FollowerInfo (FollowerInfo.java:lambda$new$0(51)) - 63945773-f795-4888-b22e-7c9ec0fbc5da@group-492F3DA3AAE8->2c1dfcd2-f5f6-4d27-8cde-b5b1d4e3262e: nextIndex: updateUnconditionally 2 -> 1
2019-09-27 11:17:04,113 [grpc-default-executor-0] WARN  server.GrpcLogAppender (LogUtils.java:warn(134)) - 8112e14c-94ef-40e0-91bc-84c8c0bddf88@group-3C127E8F42E4->8fa838ef-66c5-4745-8715-8af883a303a7-AppendLogResponseHandler: Failed appendEntries: org.apache.ratis.thirdparty.io.grpc.StatusRuntimeException: UNAVAILABLE: io exception
2019-09-27 11:17:04,114 [grpc-default-executor-0] INFO  impl.FollowerInfo (FollowerInfo.java:lambda$new$0(51)) - 8112e14c-94ef-40e0-91bc-84c8c0bddf88@group-3C127E8F42E4->8fa838ef-66c5-4745-8715-8af883a303a7: nextIndex: updateUnconditionally 0 -> 0
2019-09-27 11:17:04,605 [ForkJoinPool.commonPool-worker-1] INFO  ozoneimpl.OzoneContainer (OzoneContainer.java:stop(231)) - Attempting to stop container services.
2019-09-27 11:17:04,605 [main] INFO  ozoneimpl.OzoneContainer (OzoneContainer.java:stop(231)) - Attempting to stop container services.
2019-09-27 11:17:04,606 [ForkJoinPool.commonPool-worker-1] INFO  impl.RaftServerProxy (RaftServerProxy.java:lambda$close$4(314)) - 8112e14c-94ef-40e0-91bc-84c8c0bddf88: close
2019-09-27 11:17:04,607 [main] INFO  impl.RaftServerProxy (RaftServerProxy.java:lambda$close$4(314)) - a512c71a-116c-4107-8700-5c6ffbdd9d1e: close
2019-09-27 11:17:04,607 [ForkJoinPool.commonPool-worker-1] INFO  impl.RaftServerImpl (RaftServerImpl.java:lambda$shutdown$3(251)) - 8112e14c-94ef-40e0-91bc-84c8c0bddf88@group-3C127E8F42E4: shutdown
2019-09-27 11:17:04,607 [main] INFO  impl.RaftServerImpl (RaftServerImpl.java:lambda$shutdown$3(251)) - a512c71a-116c-4107-8700-5c6ffbdd9d1e@group-492F3DA3AAE8: shutdown
2019-09-27 11:17:04,607 [ForkJoinPool.commonPool-worker-1] INFO  util.JmxRegister (JmxRegister.java:unregister(73)) - Successfully un-registered JMX Bean with object name Ratis:service=RaftServer,group=group-3C127E8F42E4,id=8112e14c-94ef-40e0-91bc-84c8c0bddf88
2019-09-27 11:17:04,608 [main] INFO  util.JmxRegister (JmxRegister.java:unregister(73)) - Successfully un-registered JMX Bean with object name Ratis:service=RaftServer,group=group-492F3DA3AAE8,id=a512c71a-116c-4107-8700-5c6ffbdd9d1e
2019-09-27 11:17:04,608 [main] INFO  impl.RoleInfo (RoleInfo.java:shutdownFollowerState(121)) - a512c71a-116c-4107-8700-5c6ffbdd9d1e: shutdown FollowerState
2019-09-27 11:17:04,608 [ForkJoinPool.commonPool-worker-1] INFO  impl.RoleInfo (RoleInfo.java:shutdownLeaderState(104)) - 8112e14c-94ef-40e0-91bc-84c8c0bddf88: shutdown LeaderState
2019-09-27 11:17:04,609 [Thread-1318] INFO  impl.FollowerState (FollowerState.java:run(115)) - a512c71a-116c-4107-8700-5c6ffbdd9d1e: FollowerState was interrupted: java.lang.InterruptedException: sleep interrupted
2019-09-27 11:17:04,609 [main] INFO  impl.StateMachineUpdater (StateMachineUpdater.java:stopAndJoin(125)) - a512c71a-116c-4107-8700-5c6ffbdd9d1e@group-492F3DA3AAE8-StateMachineUpdater: set stopIndex = 9
2019-09-27 11:17:04,614 [a512c71a-116c-4107-8700-5c6ffbdd9d1e@group-492F3DA3AAE8-StateMachineUpdater] INFO  ratis.ContainerStateMachine (ContainerStateMachine.java:takeSnapshot(289)) - group-492F3DA3AAE8: Taking a snapshot at:(t:1, i:6) file /workdir/hadoop-ozone/integration-test/target/test-dir/MiniOzoneClusterImpl-42dc4d63-2424-41fa-b594-829d6399a12e/datanode-3/data/ratis/38024c06-93ec-483f-9240-492f3da3aae8/sm/snapshot.1_6
2019-09-27 11:17:04,614 [org.apache.ratis.server.impl.LogAppender$AppenderDaemon$$Lambda$504/1363596011@6a6affb6] WARN  server.GrpcLogAppender (GrpcLogAppender.java:mayWait(143)) - 8112e14c-94ef-40e0-91bc-84c8c0bddf88@group-3C127E8F42E4->8fa838ef-66c5-4745-8715-8af883a303a7-GrpcLogAppender: Wait interrupted by java.lang.InterruptedException
2019-09-27 11:17:04,614 [org.apache.ratis.server.impl.LogAppender$AppenderDaemon$$Lambda$504/1363596011@4f25ffd3] WARN  server.GrpcLogAppender (GrpcLogAppender.java:mayWait(143)) - 8112e14c-94ef-40e0-91bc-84c8c0bddf88@group-3C127E8F42E4->a96e18d2-d85e-44b3-ac33-f7ee1f0e315e-GrpcLogAppender: Wait interrupted by java.lang.InterruptedException
2019-09-27 11:17:04,614 [ForkJoinPool.commonPool-worker-1] INFO  impl.PendingRequests (PendingRequests.java:sendNotLeaderResponses(202)) - 8112e14c-94ef-40e0-91bc-84c8c0bddf88-PendingRequests: sendNotLeaderResponses
2019-09-27 11:17:04,617 [ForkJoinPool.commonPool-worker-1] INFO  impl.StateMachineUpdater (StateMachineUpdater.java:stopAndJoin(125)) - 8112e14c-94ef-40e0-91bc-84c8c0bddf88@group-3C127E8F42E4-StateMachineUpdater: set stopIndex = 0
2019-09-27 11:17:04,617 [grpc-default-executor-0] INFO  server.GrpcServerProtocolService (GrpcServerProtocolService.java:onCompleted(113)) - a96e18d2-d85e-44b3-ac33-f7ee1f0e315e: Completed APPEND_ENTRIES, lastRequest: 8112e14c-94ef-40e0-91bc-84c8c0bddf88->a96e18d2-d85e-44b3-ac33-f7ee1f0e315e#42-t1, previous=(t:1, i:0), leaderCommit=0, initializing? false, entries: <empty>
2019-09-27 11:17:04,617 [ForkJoinPool.commonPool-worker-1] INFO  impl.RaftServerImpl (ServerState.java:close(385)) - 8112e14c-94ef-40e0-91bc-84c8c0bddf88@group-3C127E8F42E4: closes. applyIndex: 0
2019-09-27 11:17:04,618 [8112e14c-94ef-40e0-91bc-84c8c0bddf88@group-3C127E8F42E4-SegmentedRaftLogWorker] INFO  segmented.SegmentedRaftLogWorker (SegmentedRaftLogWorker.java:run(313)) - 8112e14c-94ef-40e0-91bc-84c8c0bddf88@group-3C127E8F42E4-SegmentedRaftLogWorker was interrupted, exiting. There are 0 tasks remaining in the queue.
2019-09-27 11:17:04,620 [ForkJoinPool.commonPool-worker-1] INFO  segmented.SegmentedRaftLogWorker (SegmentedRaftLogWorker.java:close(228)) - 8112e14c-94ef-40e0-91bc-84c8c0bddf88@group-3C127E8F42E4-SegmentedRaftLogWorker close()
2019-09-27 11:17:04,620 [grpc-default-executor-0] INFO  server.GrpcLogAppender (GrpcLogAppender.java:onCompleted(293)) - 8112e14c-94ef-40e0-91bc-84c8c0bddf88@group-3C127E8F42E4->a96e18d2-d85e-44b3-ac33-f7ee1f0e315e-AppendLogResponseHandler: follower responses appendEntries COMPLETED
2019-09-27 11:17:04,637 [ForkJoinPool.commonPool-worker-1] INFO  impl.RaftServerImpl (RaftServerImpl.java:lambda$shutdown$3(251)) - 8112e14c-94ef-40e0-91bc-84c8c0bddf88@group-95F98B6D9FE3: shutdown
2019-09-27 11:17:04,638 [grpc-default-executor-0] INFO  impl.FollowerInfo (FollowerInfo.java:lambda$new$0(51)) - 8112e14c-94ef-40e0-91bc-84c8c0bddf88@group-3C127E8F42E4->a96e18d2-d85e-44b3-ac33-f7ee1f0e315e: nextIndex: updateUnconditionally 1 -> 0
2019-09-27 11:17:04,638 [ForkJoinPool.commonPool-worker-1] INFO  util.JmxRegister (JmxRegister.java:unregister(73)) - Successfully un-registered JMX Bean with object name Ratis:service=RaftServer,group=group-95F98B6D9FE3,id=8112e14c-94ef-40e0-91bc-84c8c0bddf88
2019-09-27 11:17:04,638 [ForkJoinPool.commonPool-worker-1] INFO  impl.RoleInfo (RoleInfo.java:shutdownLeaderState(104)) - 8112e14c-94ef-40e0-91bc-84c8c0bddf88: shutdown LeaderState
2019-09-27 11:17:04,638 [ForkJoinPool.commonPool-worker-1] INFO  impl.PendingRequests (PendingRequests.java:sendNotLeaderResponses(202)) - 8112e14c-94ef-40e0-91bc-84c8c0bddf88-PendingRequests: sendNotLeaderResponses
2019-09-27 11:17:04,639 [ForkJoinPool.commonPool-worker-1] INFO  impl.StateMachineUpdater (StateMachineUpdater.java:stopAndJoin(125)) - 8112e14c-94ef-40e0-91bc-84c8c0bddf88@group-95F98B6D9FE3-StateMachineUpdater: set stopIndex = 0
2019-09-27 11:17:04,639 [ForkJoinPool.commonPool-worker-1] INFO  impl.RaftServerImpl (ServerState.java:close(385)) - 8112e14c-94ef-40e0-91bc-84c8c0bddf88@group-95F98B6D9FE3: closes. applyIndex: 0
2019-09-27 11:17:04,639 [8112e14c-94ef-40e0-91bc-84c8c0bddf88@group-95F98B6D9FE3-SegmentedRaftLogWorker] INFO  segmented.SegmentedRaftLogWorker (SegmentedRaftLogWorker.java:run(313)) - 8112e14c-94ef-40e0-91bc-84c8c0bddf88@group-95F98B6D9FE3-SegmentedRaftLogWorker was interrupted, exiting. There are 0 tasks remaining in the queue.
2019-09-27 11:17:04,650 [ForkJoinPool.commonPool-worker-1] INFO  segmented.SegmentedRaftLogWorker (SegmentedRaftLogWorker.java:close(228)) - 8112e14c-94ef-40e0-91bc-84c8c0bddf88@group-95F98B6D9FE3-SegmentedRaftLogWorker close()
2019-09-27 11:17:04,651 [a512c71a-116c-4107-8700-5c6ffbdd9d1e@group-492F3DA3AAE8-StateMachineUpdater] INFO  ratis.ContainerStateMachine (ContainerStateMachine.java:takeSnapshot(300)) - group-492F3DA3AAE8: Finished taking a snapshot at:(t:1, i:6) file:/workdir/hadoop-ozone/integration-test/target/test-dir/MiniOzoneClusterImpl-42dc4d63-2424-41fa-b594-829d6399a12e/datanode-3/data/ratis/38024c06-93ec-483f-9240-492f3da3aae8/sm/snapshot.1_6 time:42
2019-09-27 11:17:04,651 [ForkJoinPool.commonPool-worker-1] INFO  server.GrpcService (GrpcService.java:closeImpl(164)) - 8112e14c-94ef-40e0-91bc-84c8c0bddf88: shutdown server with port 43428 now
2019-09-27 11:17:04,652 [a512c71a-116c-4107-8700-5c6ffbdd9d1e@group-492F3DA3AAE8-StateMachineUpdater] INFO  impl.StateMachineUpdater (StateMachineUpdater.java:takeSnapshot(258)) - a512c71a-116c-4107-8700-5c6ffbdd9d1e@group-492F3DA3AAE8-StateMachineUpdater: Took a snapshot at index 6
2019-09-27 11:17:04,652 [ForkJoinPool.commonPool-worker-1] INFO  server.GrpcService (GrpcService.java:closeImpl(172)) - 8112e14c-94ef-40e0-91bc-84c8c0bddf88: shutdown server with port 43428 successfully
2019-09-27 11:17:04,652 [a512c71a-116c-4107-8700-5c6ffbdd9d1e@group-492F3DA3AAE8-StateMachineUpdater] INFO  impl.StateMachineUpdater (StateMachineUpdater.java:lambda$new$0(83)) - a512c71a-116c-4107-8700-5c6ffbdd9d1e@group-492F3DA3AAE8-StateMachineUpdater: snapshotIndex: updateIncreasingly -1 -> 6
2019-09-27 11:17:04,653 [a512c71a-116c-4107-8700-5c6ffbdd9d1e@group-492F3DA3AAE8-StateMachineUpdater] INFO  ratis.ContainerStateMachine (ContainerStateMachine.java:takeSnapshot(289)) - group-492F3DA3AAE8: Taking a snapshot at:(t:1, i:6) file /workdir/hadoop-ozone/integration-test/target/test-dir/MiniOzoneClusterImpl-42dc4d63-2424-41fa-b594-829d6399a12e/datanode-3/data/ratis/38024c06-93ec-483f-9240-492f3da3aae8/sm/snapshot.1_6
2019-09-27 11:17:04,654 [refreshUsed-/workdir/hadoop-ozone/integration-test/target/test-dir/MiniOzoneClusterImpl-42dc4d63-2424-41fa-b594-829d6399a12e/datanode-2/data/containers] WARN  fs.CachingGetSpaceUsed (CachingGetSpaceUsed.java:run(183)) - Thread Interrupted waiting to refresh disk information: sleep interrupted
2019-09-27 11:17:04,677 [ForkJoinPool.commonPool-worker-1] INFO  utils.BackgroundService (BackgroundService.java:shutdown(148)) - Shutting down service BlockDeletingService
2019-09-27 11:17:04,682 [ForkJoinPool.commonPool-worker-1] INFO  statemachine.DatanodeStateMachine (DatanodeStateMachine.java:stopDaemon(395)) - Ozone container server stopped.
2019-09-27 11:17:04,689 [ForkJoinPool.commonPool-worker-1] INFO  handler.ContextHandler (ContextHandler.java:doStop(910)) - Stopped o.e.j.w.WebAppContext@13c8ac77{/,null,UNAVAILABLE}{/hddsDatanode}
2019-09-27 11:17:04,689 [ForkJoinPool.commonPool-worker-1] INFO  server.AbstractConnector (AbstractConnector.java:doStop(318)) - Stopped ServerConnector@4bdf{HTTP/1.1,[http/1.1]}{0.0.0.0:0}
2019-09-27 11:17:04,691 [ForkJoinPool.commonPool-worker-1] INFO  handler.ContextHandler (ContextHandler.java:doStop(910)) - Stopped o.e.j.s.ServletContextHandler@1642eeae{/static,jar:file:/home/user/.m2/repository/org/apache/hadoop/hadoop-hdds-container-service/0.5.0-SNAPSHOT/hadoop-hdds-container-service-0.5.0-SNAPSHOT.jar!/webapps/static,UNAVAILABLE}
2019-09-27 11:17:04,692 [ForkJoinPool.commonPool-worker-1] INFO  handler.ContextHandler (ContextHandler.java:doStop(910)) - Stopped o.e.j.s.ServletContextHandler@45ab3bdd{/logs,file:///workdir/hadoop-ozone/integration-test/target/log,UNAVAILABLE}
2019-09-27 11:17:04,698 [a512c71a-116c-4107-8700-5c6ffbdd9d1e@group-492F3DA3AAE8-StateMachineUpdater] INFO  ratis.ContainerStateMachine (ContainerStateMachine.java:takeSnapshot(300)) - group-492F3DA3AAE8: Finished taking a snapshot at:(t:1, i:6) file:/workdir/hadoop-ozone/integration-test/target/test-dir/MiniOzoneClusterImpl-42dc4d63-2424-41fa-b594-829d6399a12e/datanode-3/data/ratis/38024c06-93ec-483f-9240-492f3da3aae8/sm/snapshot.1_6 time:45
2019-09-27 11:17:04,698 [a512c71a-116c-4107-8700-5c6ffbdd9d1e@group-492F3DA3AAE8-StateMachineUpdater] INFO  impl.StateMachineUpdater (StateMachineUpdater.java:takeSnapshot(258)) - a512c71a-116c-4107-8700-5c6ffbdd9d1e@group-492F3DA3AAE8-StateMachineUpdater: Took a snapshot at index 6
2019-09-27 11:17:04,698 [a512c71a-116c-4107-8700-5c6ffbdd9d1e@group-492F3DA3AAE8-StateMachineUpdater] INFO  impl.StateMachineUpdater (StateMachineUpdater.java:lambda$new$0(83)) - a512c71a-116c-4107-8700-5c6ffbdd9d1e@group-492F3DA3AAE8-StateMachineUpdater: snapshotIndex: updateIncreasingly 6 -> 6
2019-09-27 11:17:04,699 [main] INFO  impl.RaftServerImpl (ServerState.java:close(385)) - a512c71a-116c-4107-8700-5c6ffbdd9d1e@group-492F3DA3AAE8: closes. applyIndex: 9
2019-09-27 11:17:04,700 [a512c71a-116c-4107-8700-5c6ffbdd9d1e@group-492F3DA3AAE8-SegmentedRaftLogWorker] INFO  segmented.SegmentedRaftLogWorker (SegmentedRaftLogWorker.java:run(313)) - a512c71a-116c-4107-8700-5c6ffbdd9d1e@group-492F3DA3AAE8-SegmentedRaftLogWorker was interrupted, exiting. There are 0 tasks remaining in the queue.
2019-09-27 11:17:04,701 [main] INFO  segmented.SegmentedRaftLogWorker (SegmentedRaftLogWorker.java:close(228)) - a512c71a-116c-4107-8700-5c6ffbdd9d1e@group-492F3DA3AAE8-SegmentedRaftLogWorker close()
2019-09-27 11:17:04,702 [main] INFO  impl.RaftServerImpl (RaftServerImpl.java:lambda$shutdown$3(251)) - a512c71a-116c-4107-8700-5c6ffbdd9d1e@group-10AA4B3EF550: shutdown
2019-09-27 11:17:04,703 [main] INFO  util.JmxRegister (JmxRegister.java:unregister(73)) - Successfully un-registered JMX Bean with object name Ratis:service=RaftServer,group=group-10AA4B3EF550,id=a512c71a-116c-4107-8700-5c6ffbdd9d1e
2019-09-27 11:17:04,703 [main] INFO  impl.RoleInfo (RoleInfo.java:shutdownLeaderState(104)) - a512c71a-116c-4107-8700-5c6ffbdd9d1e: shutdown LeaderState
2019-09-27 11:17:04,704 [main] INFO  impl.PendingRequests (PendingRequests.java:sendNotLeaderResponses(202)) - a512c71a-116c-4107-8700-5c6ffbdd9d1e-PendingRequests: sendNotLeaderResponses
2019-09-27 11:17:04,704 [main] INFO  impl.StateMachineUpdater (StateMachineUpdater.java:stopAndJoin(125)) - a512c71a-116c-4107-8700-5c6ffbdd9d1e@group-10AA4B3EF550-StateMachineUpdater: set stopIndex = 0
2019-09-27 11:17:04,705 [main] INFO  impl.RaftServerImpl (ServerState.java:close(385)) - a512c71a-116c-4107-8700-5c6ffbdd9d1e@group-10AA4B3EF550: closes. applyIndex: 0
2019-09-27 11:17:04,705 [a512c71a-116c-4107-8700-5c6ffbdd9d1e@group-10AA4B3EF550-SegmentedRaftLogWorker] INFO  segmented.SegmentedRaftLogWorker (SegmentedRaftLogWorker.java:run(313)) - a512c71a-116c-4107-8700-5c6ffbdd9d1e@group-10AA4B3EF550-SegmentedRaftLogWorker was interrupted, exiting. There are 0 tasks remaining in the queue.
2019-09-27 11:17:04,707 [main] INFO  segmented.SegmentedRaftLogWorker (SegmentedRaftLogWorker.java:close(228)) - a512c71a-116c-4107-8700-5c6ffbdd9d1e@group-10AA4B3EF550-SegmentedRaftLogWorker close()
2019-09-27 11:17:04,708 [main] INFO  server.GrpcService (GrpcService.java:closeImpl(164)) - a512c71a-116c-4107-8700-5c6ffbdd9d1e: shutdown server with port 35812 now
2019-09-27 11:17:04,709 [main] INFO  server.GrpcService (GrpcService.java:closeImpl(172)) - a512c71a-116c-4107-8700-5c6ffbdd9d1e: shutdown server with port 35812 successfully
2019-09-27 11:17:04,709 [grpc-default-executor-3] WARN  server.GrpcLogAppender (LogUtils.java:warn(134)) - 63945773-f795-4888-b22e-7c9ec0fbc5da@group-492F3DA3AAE8->a512c71a-116c-4107-8700-5c6ffbdd9d1e-AppendLogResponseHandler: Failed appendEntries: org.apache.ratis.thirdparty.io.grpc.StatusRuntimeException: CANCELLED: HTTP/2 error code: CANCEL
Received Rst Stream
2019-09-27 11:17:04,709 [grpc-default-executor-4] WARN  server.GrpcServerProtocolService (LogUtils.java:warn(134)) - a512c71a-116c-4107-8700-5c6ffbdd9d1e: installSnapshot onError, lastRequest: 63945773-f795-4888-b22e-7c9ec0fbc5da->a512c71a-116c-4107-8700-5c6ffbdd9d1e#2-t2, previous=(t:2, i:9), leaderCommit=9, initializing? false, entries: size=1, first=(t:2, i:10), METADATAENTRY(c9): org.apache.ratis.thirdparty.io.grpc.StatusRuntimeException: CANCELLED: cancelled before receiving half close
2019-09-27 11:17:04,710 [grpc-default-executor-3] INFO  impl.FollowerInfo (FollowerInfo.java:lambda$new$0(51)) - 63945773-f795-4888-b22e-7c9ec0fbc5da@group-492F3DA3AAE8->a512c71a-116c-4107-8700-5c6ffbdd9d1e: nextIndex: updateUnconditionally 11 -> 10
2019-09-27 11:17:04,716 [refreshUsed-/workdir/hadoop-ozone/integration-test/target/test-dir/MiniOzoneClusterImpl-42dc4d63-2424-41fa-b594-829d6399a12e/datanode-3/data/containers] WARN  fs.CachingGetSpaceUsed (CachingGetSpaceUsed.java:run(183)) - Thread Interrupted waiting to refresh disk information: sleep interrupted
2019-09-27 11:17:04,726 [main] INFO  utils.BackgroundService (BackgroundService.java:shutdown(148)) - Shutting down service BlockDeletingService
2019-09-27 11:17:04,729 [main] INFO  statemachine.DatanodeStateMachine (DatanodeStateMachine.java:stopDaemon(395)) - Ozone container server stopped.
2019-09-27 11:17:04,730 [main] INFO  handler.ContextHandler (ContextHandler.java:doStop(910)) - Stopped o.e.j.w.WebAppContext@6d6d480c{/,null,UNAVAILABLE}{/hddsDatanode}
2019-09-27 11:17:04,731 [main] INFO  server.AbstractConnector (AbstractConnector.java:doStop(318)) - Stopped ServerConnector@e95595b{HTTP/1.1,[http/1.1]}{0.0.0.0:0}
2019-09-27 11:17:04,731 [main] INFO  handler.ContextHandler (ContextHandler.java:doStop(910)) - Stopped o.e.j.s.ServletContextHandler@4a44cfc0{/static,jar:file:/home/user/.m2/repository/org/apache/hadoop/hadoop-hdds-container-service/0.5.0-SNAPSHOT/hadoop-hdds-container-service-0.5.0-SNAPSHOT.jar!/webapps/static,UNAVAILABLE}
2019-09-27 11:17:04,731 [main] INFO  handler.ContextHandler (ContextHandler.java:doStop(910)) - Stopped o.e.j.s.ServletContextHandler@4fa4f485{/logs,file:///workdir/hadoop-ozone/integration-test/target/log,UNAVAILABLE}
2019-09-27 11:17:04,891 [Datanode State Machine Thread - 0] INFO  statemachine.DatanodeStateMachine (DatanodeStateMachine.java:lambda$startDaemon$0(350)) - Ozone container server started.
2019-09-27 11:17:05,330 [Datanode State Machine Thread - 0] INFO  statemachine.DatanodeStateMachine (DatanodeStateMachine.java:lambda$startDaemon$0(350)) - Ozone container server started.
2019-09-27 11:17:05,802 [grpc-default-executor-5] WARN  server.GrpcLogAppender (LogUtils.java:warn(134)) - 63945773-f795-4888-b22e-7c9ec0fbc5da@group-492F3DA3AAE8->a512c71a-116c-4107-8700-5c6ffbdd9d1e-AppendLogResponseHandler: Failed appendEntries: org.apache.ratis.thirdparty.io.grpc.StatusRuntimeException: UNAVAILABLE: io exception
2019-09-27 11:17:05,802 [grpc-default-executor-5] INFO  impl.FollowerInfo (FollowerInfo.java:lambda$new$0(51)) - 63945773-f795-4888-b22e-7c9ec0fbc5da@group-492F3DA3AAE8->a512c71a-116c-4107-8700-5c6ffbdd9d1e: nextIndex: updateUnconditionally 10 -> 9
2019-09-27 11:17:05,803 [grpc-default-executor-4] WARN  server.GrpcLogAppender (LogUtils.java:warn(134)) - 63945773-f795-4888-b22e-7c9ec0fbc5da@group-492F3DA3AAE8->2c1dfcd2-f5f6-4d27-8cde-b5b1d4e3262e-AppendLogResponseHandler: Failed appendEntries: org.apache.ratis.thirdparty.io.grpc.StatusRuntimeException: UNAVAILABLE: io exception
2019-09-27 11:17:05,803 [grpc-default-executor-4] INFO  impl.FollowerInfo (FollowerInfo.java:lambda$new$0(51)) - 63945773-f795-4888-b22e-7c9ec0fbc5da@group-492F3DA3AAE8->2c1dfcd2-f5f6-4d27-8cde-b5b1d4e3262e: nextIndex: updateUnconditionally 1 -> 0
2019-09-27 11:17:08,303 [grpc-default-executor-3] WARN  server.GrpcLogAppender (LogUtils.java:warn(134)) - 63945773-f795-4888-b22e-7c9ec0fbc5da@group-492F3DA3AAE8->a512c71a-116c-4107-8700-5c6ffbdd9d1e-AppendLogResponseHandler: Failed appendEntries: org.apache.ratis.thirdparty.io.grpc.StatusRuntimeException: UNAVAILABLE: io exception
2019-09-27 11:17:08,304 [grpc-default-executor-0] WARN  server.GrpcLogAppender (LogUtils.java:warn(134)) - 63945773-f795-4888-b22e-7c9ec0fbc5da@group-492F3DA3AAE8->2c1dfcd2-f5f6-4d27-8cde-b5b1d4e3262e-AppendLogResponseHandler: Failed appendEntries: org.apache.ratis.thirdparty.io.grpc.StatusRuntimeException: UNAVAILABLE: io exception
2019-09-27 11:17:08,304 [grpc-default-executor-3] INFO  impl.FollowerInfo (FollowerInfo.java:lambda$new$0(51)) - 63945773-f795-4888-b22e-7c9ec0fbc5da@group-492F3DA3AAE8->a512c71a-116c-4107-8700-5c6ffbdd9d1e: nextIndex: updateUnconditionally 9 -> 8
2019-09-27 11:17:08,304 [grpc-default-executor-0] INFO  impl.FollowerInfo (FollowerInfo.java:lambda$new$0(51)) - 63945773-f795-4888-b22e-7c9ec0fbc5da@group-492F3DA3AAE8->2c1dfcd2-f5f6-4d27-8cde-b5b1d4e3262e: nextIndex: updateUnconditionally 0 -> 0
2019-09-27 11:17:09,695 [ForkJoinPool.commonPool-worker-1] INFO  ozoneimpl.OzoneContainer (OzoneContainer.java:stop(231)) - Attempting to stop container services.
2019-09-27 11:17:09,696 [ForkJoinPool.commonPool-worker-1] INFO  impl.RaftServerProxy (RaftServerProxy.java:lambda$close$4(314)) - a96e18d2-d85e-44b3-ac33-f7ee1f0e315e: close
2019-09-27 11:17:09,697 [ForkJoinPool.commonPool-worker-1] INFO  impl.RaftServerImpl (RaftServerImpl.java:lambda$shutdown$3(251)) - a96e18d2-d85e-44b3-ac33-f7ee1f0e315e@group-3ACD1B7378CD: shutdown
2019-09-27 11:17:09,697 [ForkJoinPool.commonPool-worker-1] INFO  util.JmxRegister (JmxRegister.java:unregister(73)) - Successfully un-registered JMX Bean with object name Ratis:service=RaftServer,group=group-3ACD1B7378CD,id=a96e18d2-d85e-44b3-ac33-f7ee1f0e315e
2019-09-27 11:17:09,698 [ForkJoinPool.commonPool-worker-1] INFO  impl.RoleInfo (RoleInfo.java:shutdownLeaderState(104)) - a96e18d2-d85e-44b3-ac33-f7ee1f0e315e: shutdown LeaderState
2019-09-27 11:17:09,698 [ForkJoinPool.commonPool-worker-1] INFO  impl.PendingRequests (PendingRequests.java:sendNotLeaderResponses(202)) - a96e18d2-d85e-44b3-ac33-f7ee1f0e315e-PendingRequests: sendNotLeaderResponses
2019-09-27 11:17:09,699 [ForkJoinPool.commonPool-worker-1] INFO  impl.StateMachineUpdater (StateMachineUpdater.java:stopAndJoin(125)) - a96e18d2-d85e-44b3-ac33-f7ee1f0e315e@group-3ACD1B7378CD-StateMachineUpdater: set stopIndex = 0
2019-09-27 11:17:09,700 [ForkJoinPool.commonPool-worker-1] INFO  impl.RaftServerImpl (ServerState.java:close(385)) - a96e18d2-d85e-44b3-ac33-f7ee1f0e315e@group-3ACD1B7378CD: closes. applyIndex: 0
2019-09-27 11:17:09,701 [a96e18d2-d85e-44b3-ac33-f7ee1f0e315e@group-3ACD1B7378CD-SegmentedRaftLogWorker] INFO  segmented.SegmentedRaftLogWorker (SegmentedRaftLogWorker.java:run(313)) - a96e18d2-d85e-44b3-ac33-f7ee1f0e315e@group-3ACD1B7378CD-SegmentedRaftLogWorker was interrupted, exiting. There are 0 tasks remaining in the queue.
2019-09-27 11:17:09,705 [ForkJoinPool.commonPool-worker-1] INFO  segmented.SegmentedRaftLogWorker (SegmentedRaftLogWorker.java:close(228)) - a96e18d2-d85e-44b3-ac33-f7ee1f0e315e@group-3ACD1B7378CD-SegmentedRaftLogWorker close()
2019-09-27 11:17:09,706 [ForkJoinPool.commonPool-worker-1] INFO  impl.RaftServerImpl (RaftServerImpl.java:lambda$shutdown$3(251)) - a96e18d2-d85e-44b3-ac33-f7ee1f0e315e@group-3C127E8F42E4: shutdown
2019-09-27 11:17:09,707 [ForkJoinPool.commonPool-worker-1] INFO  util.JmxRegister (JmxRegister.java:unregister(73)) - Successfully un-registered JMX Bean with object name Ratis:service=RaftServer,group=group-3C127E8F42E4,id=a96e18d2-d85e-44b3-ac33-f7ee1f0e315e
2019-09-27 11:17:09,707 [ForkJoinPool.commonPool-worker-1] INFO  impl.RoleInfo (RoleInfo.java:shutdownFollowerState(121)) - a96e18d2-d85e-44b3-ac33-f7ee1f0e315e: shutdown FollowerState
2019-09-27 11:17:09,707 [ForkJoinPool.commonPool-worker-1] INFO  impl.StateMachineUpdater (StateMachineUpdater.java:stopAndJoin(125)) - a96e18d2-d85e-44b3-ac33-f7ee1f0e315e@group-3C127E8F42E4-StateMachineUpdater: set stopIndex = 0
2019-09-27 11:17:09,708 [Thread-734] INFO  impl.FollowerState (FollowerState.java:run(115)) - a96e18d2-d85e-44b3-ac33-f7ee1f0e315e: FollowerState was interrupted: java.lang.InterruptedException: sleep interrupted
2019-09-27 11:17:09,708 [ForkJoinPool.commonPool-worker-1] INFO  impl.RaftServerImpl (ServerState.java:close(385)) - a96e18d2-d85e-44b3-ac33-f7ee1f0e315e@group-3C127E8F42E4: closes. applyIndex: 0
2019-09-27 11:17:09,710 [a96e18d2-d85e-44b3-ac33-f7ee1f0e315e@group-3C127E8F42E4-SegmentedRaftLogWorker] INFO  segmented.SegmentedRaftLogWorker (SegmentedRaftLogWorker.java:run(313)) - a96e18d2-d85e-44b3-ac33-f7ee1f0e315e@group-3C127E8F42E4-SegmentedRaftLogWorker was interrupted, exiting. There are 0 tasks remaining in the queue.
2019-09-27 11:17:09,712 [ForkJoinPool.commonPool-worker-1] INFO  segmented.SegmentedRaftLogWorker (SegmentedRaftLogWorker.java:close(228)) - a96e18d2-d85e-44b3-ac33-f7ee1f0e315e@group-3C127E8F42E4-SegmentedRaftLogWorker close()
2019-09-27 11:17:09,713 [ForkJoinPool.commonPool-worker-1] INFO  server.GrpcService (GrpcService.java:closeImpl(164)) - a96e18d2-d85e-44b3-ac33-f7ee1f0e315e: shutdown server with port 46314 now
2019-09-27 11:17:09,715 [ForkJoinPool.commonPool-worker-1] INFO  server.GrpcService (GrpcService.java:closeImpl(172)) - a96e18d2-d85e-44b3-ac33-f7ee1f0e315e: shutdown server with port 46314 successfully
2019-09-27 11:17:09,718 [refreshUsed-/workdir/hadoop-ozone/integration-test/target/test-dir/MiniOzoneClusterImpl-42dc4d63-2424-41fa-b594-829d6399a12e/datanode-0/data/containers] WARN  fs.CachingGetSpaceUsed (CachingGetSpaceUsed.java:run(183)) - Thread Interrupted waiting to refresh disk information: sleep interrupted
2019-09-27 11:17:09,733 [main] INFO  ozoneimpl.OzoneContainer (OzoneContainer.java:stop(231)) - Attempting to stop container services.
2019-09-27 11:17:09,734 [main] INFO  impl.RaftServerProxy (RaftServerProxy.java:lambda$close$4(314)) - ec00122a-ee51-4453-ad34-729d4a055134: close
2019-09-27 11:17:09,734 [main] INFO  server.GrpcService (GrpcService.java:closeImpl(164)) - ec00122a-ee51-4453-ad34-729d4a055134: shutdown server with port 40424 now
2019-09-27 11:17:09,735 [main] INFO  server.GrpcService (GrpcService.java:closeImpl(172)) - ec00122a-ee51-4453-ad34-729d4a055134: shutdown server with port 40424 successfully
2019-09-27 11:17:09,741 [refreshUsed-/workdir/hadoop-ozone/integration-test/target/test-dir/MiniOzoneClusterImpl-42dc4d63-2424-41fa-b594-829d6399a12e/datanode-6/data/containers] WARN  fs.CachingGetSpaceUsed (CachingGetSpaceUsed.java:run(183)) - Thread Interrupted waiting to refresh disk information: sleep interrupted
2019-09-27 11:17:09,742 [ForkJoinPool.commonPool-worker-1] INFO  utils.BackgroundService (BackgroundService.java:shutdown(148)) - Shutting down service BlockDeletingService
2019-09-27 11:17:09,746 [ForkJoinPool.commonPool-worker-1] INFO  statemachine.DatanodeStateMachine (DatanodeStateMachine.java:stopDaemon(395)) - Ozone container server stopped.
2019-09-27 11:17:09,750 [ForkJoinPool.commonPool-worker-1] INFO  handler.ContextHandler (ContextHandler.java:doStop(910)) - Stopped o.e.j.w.WebAppContext@6807a356{/,null,UNAVAILABLE}{/hddsDatanode}
2019-09-27 11:17:09,751 [ForkJoinPool.commonPool-worker-1] INFO  server.AbstractConnector (AbstractConnector.java:doStop(318)) - Stopped ServerConnector@7ddd84b5{HTTP/1.1,[http/1.1]}{0.0.0.0:0}
2019-09-27 11:17:09,761 [ForkJoinPool.commonPool-worker-1] INFO  handler.ContextHandler (ContextHandler.java:doStop(910)) - Stopped o.e.j.s.ServletContextHandler@71adfedd{/static,jar:file:/home/user/.m2/repository/org/apache/hadoop/hadoop-hdds-container-service/0.5.0-SNAPSHOT/hadoop-hdds-container-service-0.5.0-SNAPSHOT.jar!/webapps/static,UNAVAILABLE}
2019-09-27 11:17:09,761 [ForkJoinPool.commonPool-worker-1] INFO  handler.ContextHandler (ContextHandler.java:doStop(910)) - Stopped o.e.j.s.ServletContextHandler@4130955c{/logs,file:///workdir/hadoop-ozone/integration-test/target/log,UNAVAILABLE}
2019-09-27 11:17:09,771 [main] INFO  utils.BackgroundService (BackgroundService.java:shutdown(148)) - Shutting down service BlockDeletingService
2019-09-27 11:17:09,775 [main] INFO  statemachine.DatanodeStateMachine (DatanodeStateMachine.java:stopDaemon(395)) - Ozone container server stopped.
2019-09-27 11:17:09,775 [main] INFO  handler.ContextHandler (ContextHandler.java:doStop(910)) - Stopped o.e.j.w.WebAppContext@46e3559f{/,null,UNAVAILABLE}{/hddsDatanode}
2019-09-27 11:17:09,776 [main] INFO  server.AbstractConnector (AbstractConnector.java:doStop(318)) - Stopped ServerConnector@3b83459e{HTTP/1.1,[http/1.1]}{0.0.0.0:0}
2019-09-27 11:17:09,776 [main] INFO  handler.ContextHandler (ContextHandler.java:doStop(910)) - Stopped o.e.j.s.ServletContextHandler@642a16aa{/static,jar:file:/home/user/.m2/repository/org/apache/hadoop/hadoop-hdds-container-service/0.5.0-SNAPSHOT/hadoop-hdds-container-service-0.5.0-SNAPSHOT.jar!/webapps/static,UNAVAILABLE}
2019-09-27 11:17:09,777 [main] INFO  handler.ContextHandler (ContextHandler.java:doStop(910)) - Stopped o.e.j.s.ServletContextHandler@7237f3c1{/logs,file:///workdir/hadoop-ozone/integration-test/target/log,UNAVAILABLE}
2019-09-27 11:17:10,136 [Datanode State Machine Thread - 0] INFO  statemachine.DatanodeStateMachine (DatanodeStateMachine.java:lambda$startDaemon$0(350)) - Ozone container server started.
2019-09-27 11:17:10,805 [grpc-default-executor-3] WARN  server.GrpcLogAppender (LogUtils.java:warn(134)) - 63945773-f795-4888-b22e-7c9ec0fbc5da@group-492F3DA3AAE8->2c1dfcd2-f5f6-4d27-8cde-b5b1d4e3262e-AppendLogResponseHandler: Failed appendEntries: org.apache.ratis.thirdparty.io.grpc.StatusRuntimeException: UNAVAILABLE: io exception
2019-09-27 11:17:10,806 [grpc-default-executor-6] WARN  server.GrpcLogAppender (LogUtils.java:warn(134)) - 63945773-f795-4888-b22e-7c9ec0fbc5da@group-492F3DA3AAE8->a512c71a-116c-4107-8700-5c6ffbdd9d1e-AppendLogResponseHandler: Failed appendEntries: org.apache.ratis.thirdparty.io.grpc.StatusRuntimeException: UNAVAILABLE: io exception
2019-09-27 11:17:10,806 [grpc-default-executor-3] INFO  impl.FollowerInfo (FollowerInfo.java:lambda$new$0(51)) - 63945773-f795-4888-b22e-7c9ec0fbc5da@group-492F3DA3AAE8->2c1dfcd2-f5f6-4d27-8cde-b5b1d4e3262e: nextIndex: updateUnconditionally 0 -> 0
2019-09-27 11:17:10,806 [grpc-default-executor-6] INFO  impl.FollowerInfo (FollowerInfo.java:lambda$new$0(51)) - 63945773-f795-4888-b22e-7c9ec0fbc5da@group-492F3DA3AAE8->a512c71a-116c-4107-8700-5c6ffbdd9d1e: nextIndex: updateUnconditionally 8 -> 7
2019-09-27 11:17:13,320 [grpc-default-executor-3] WARN  server.GrpcLogAppender (LogUtils.java:warn(134)) - 63945773-f795-4888-b22e-7c9ec0fbc5da@group-492F3DA3AAE8->a512c71a-116c-4107-8700-5c6ffbdd9d1e-AppendLogResponseHandler: Failed appendEntries: org.apache.ratis.thirdparty.io.grpc.StatusRuntimeException: UNAVAILABLE: io exception
2019-09-27 11:17:13,320 [grpc-default-executor-4] WARN  server.GrpcLogAppender (LogUtils.java:warn(134)) - 63945773-f795-4888-b22e-7c9ec0fbc5da@group-492F3DA3AAE8->2c1dfcd2-f5f6-4d27-8cde-b5b1d4e3262e-AppendLogResponseHandler: Failed appendEntries: org.apache.ratis.thirdparty.io.grpc.StatusRuntimeException: UNAVAILABLE: io exception
2019-09-27 11:17:13,321 [grpc-default-executor-3] INFO  impl.FollowerInfo (FollowerInfo.java:lambda$new$0(51)) - 63945773-f795-4888-b22e-7c9ec0fbc5da@group-492F3DA3AAE8->a512c71a-116c-4107-8700-5c6ffbdd9d1e: nextIndex: updateUnconditionally 7 -> 6
2019-09-27 11:17:13,321 [grpc-default-executor-4] INFO  impl.FollowerInfo (FollowerInfo.java:lambda$new$0(51)) - 63945773-f795-4888-b22e-7c9ec0fbc5da@group-492F3DA3AAE8->2c1dfcd2-f5f6-4d27-8cde-b5b1d4e3262e: nextIndex: updateUnconditionally 0 -> 0
2019-09-27 11:17:14,765 [ForkJoinPool.commonPool-worker-1] INFO  ozoneimpl.OzoneContainer (OzoneContainer.java:stop(231)) - Attempting to stop container services.
2019-09-27 11:17:14,767 [ForkJoinPool.commonPool-worker-1] INFO  impl.RaftServerProxy (RaftServerProxy.java:lambda$close$4(314)) - 63945773-f795-4888-b22e-7c9ec0fbc5da: close
2019-09-27 11:17:14,768 [ForkJoinPool.commonPool-worker-1] INFO  impl.RaftServerImpl (RaftServerImpl.java:lambda$shutdown$3(251)) - 63945773-f795-4888-b22e-7c9ec0fbc5da@group-492F3DA3AAE8: shutdown
2019-09-27 11:17:14,768 [ForkJoinPool.commonPool-worker-1] INFO  util.JmxRegister (JmxRegister.java:unregister(73)) - Successfully un-registered JMX Bean with object name Ratis:service=RaftServer,group=group-492F3DA3AAE8,id=63945773-f795-4888-b22e-7c9ec0fbc5da
2019-09-27 11:17:14,769 [ForkJoinPool.commonPool-worker-1] INFO  impl.RoleInfo (RoleInfo.java:shutdownLeaderState(104)) - 63945773-f795-4888-b22e-7c9ec0fbc5da: shutdown LeaderState
2019-09-27 11:17:14,774 [ForkJoinPool.commonPool-worker-1] INFO  impl.PendingRequests (PendingRequests.java:sendNotLeaderResponses(202)) - 63945773-f795-4888-b22e-7c9ec0fbc5da-PendingRequests: sendNotLeaderResponses
2019-09-27 11:17:14,774 [org.apache.ratis.server.impl.LogAppender$AppenderDaemon$$Lambda$504/1363596011@6baf1f2c] WARN  server.GrpcLogAppender (GrpcLogAppender.java:mayWait(143)) - 63945773-f795-4888-b22e-7c9ec0fbc5da@group-492F3DA3AAE8->2c1dfcd2-f5f6-4d27-8cde-b5b1d4e3262e-GrpcLogAppender: Wait interrupted by java.lang.InterruptedException
2019-09-27 11:17:14,774 [org.apache.ratis.server.impl.LogAppender$AppenderDaemon$$Lambda$504/1363596011@1ca14b7e] WARN  server.GrpcLogAppender (GrpcLogAppender.java:mayWait(143)) - 63945773-f795-4888-b22e-7c9ec0fbc5da@group-492F3DA3AAE8->a512c71a-116c-4107-8700-5c6ffbdd9d1e-GrpcLogAppender: Wait interrupted by java.lang.InterruptedException
2019-09-27 11:17:14,776 [ForkJoinPool.commonPool-worker-1] INFO  impl.StateMachineUpdater (StateMachineUpdater.java:stopAndJoin(125)) - 63945773-f795-4888-b22e-7c9ec0fbc5da@group-492F3DA3AAE8-StateMachineUpdater: set stopIndex = 10
2019-09-27 11:17:14,777 [63945773-f795-4888-b22e-7c9ec0fbc5da@group-492F3DA3AAE8-StateMachineUpdater] INFO  ratis.ContainerStateMachine (ContainerStateMachine.java:takeSnapshot(289)) - group-492F3DA3AAE8: Taking a snapshot at:(t:1, i:6) file /workdir/hadoop-ozone/integration-test/target/test-dir/MiniOzoneClusterImpl-42dc4d63-2424-41fa-b594-829d6399a12e/datanode-5/data/ratis/38024c06-93ec-483f-9240-492f3da3aae8/sm/snapshot.1_6
2019-09-27 11:17:14,801 [63945773-f795-4888-b22e-7c9ec0fbc5da@group-492F3DA3AAE8-StateMachineUpdater] INFO  ratis.ContainerStateMachine (ContainerStateMachine.java:takeSnapshot(300)) - group-492F3DA3AAE8: Finished taking a snapshot at:(t:1, i:6) file:/workdir/hadoop-ozone/integration-test/target/test-dir/MiniOzoneClusterImpl-42dc4d63-2424-41fa-b594-829d6399a12e/datanode-5/data/ratis/38024c06-93ec-483f-9240-492f3da3aae8/sm/snapshot.1_6 time:25
2019-09-27 11:17:14,802 [63945773-f795-4888-b22e-7c9ec0fbc5da@group-492F3DA3AAE8-StateMachineUpdater] INFO  impl.StateMachineUpdater (StateMachineUpdater.java:takeSnapshot(258)) - 63945773-f795-4888-b22e-7c9ec0fbc5da@group-492F3DA3AAE8-StateMachineUpdater: Took a snapshot at index 6
2019-09-27 11:17:14,802 [63945773-f795-4888-b22e-7c9ec0fbc5da@group-492F3DA3AAE8-StateMachineUpdater] INFO  impl.StateMachineUpdater (StateMachineUpdater.java:lambda$new$0(83)) - 63945773-f795-4888-b22e-7c9ec0fbc5da@group-492F3DA3AAE8-StateMachineUpdater: snapshotIndex: updateIncreasingly -1 -> 6
2019-09-27 11:17:14,803 [63945773-f795-4888-b22e-7c9ec0fbc5da@group-492F3DA3AAE8-StateMachineUpdater] INFO  ratis.ContainerStateMachine (ContainerStateMachine.java:takeSnapshot(289)) - group-492F3DA3AAE8: Taking a snapshot at:(t:1, i:6) file /workdir/hadoop-ozone/integration-test/target/test-dir/MiniOzoneClusterImpl-42dc4d63-2424-41fa-b594-829d6399a12e/datanode-5/data/ratis/38024c06-93ec-483f-9240-492f3da3aae8/sm/snapshot.1_6
2019-09-27 11:17:14,816 [63945773-f795-4888-b22e-7c9ec0fbc5da@group-492F3DA3AAE8-StateMachineUpdater] INFO  ratis.ContainerStateMachine (ContainerStateMachine.java:takeSnapshot(300)) - group-492F3DA3AAE8: Finished taking a snapshot at:(t:1, i:6) file:/workdir/hadoop-ozone/integration-test/target/test-dir/MiniOzoneClusterImpl-42dc4d63-2424-41fa-b594-829d6399a12e/datanode-5/data/ratis/38024c06-93ec-483f-9240-492f3da3aae8/sm/snapshot.1_6 time:13
2019-09-27 11:17:14,816 [63945773-f795-4888-b22e-7c9ec0fbc5da@group-492F3DA3AAE8-StateMachineUpdater] INFO  impl.StateMachineUpdater (StateMachineUpdater.java:takeSnapshot(258)) - 63945773-f795-4888-b22e-7c9ec0fbc5da@group-492F3DA3AAE8-StateMachineUpdater: Took a snapshot at index 6
2019-09-27 11:17:14,816 [63945773-f795-4888-b22e-7c9ec0fbc5da@group-492F3DA3AAE8-StateMachineUpdater] INFO  impl.StateMachineUpdater (StateMachineUpdater.java:lambda$new$0(83)) - 63945773-f795-4888-b22e-7c9ec0fbc5da@group-492F3DA3AAE8-StateMachineUpdater: snapshotIndex: updateIncreasingly 6 -> 6
2019-09-27 11:17:14,817 [ForkJoinPool.commonPool-worker-1] INFO  impl.RaftServerImpl (ServerState.java:close(385)) - 63945773-f795-4888-b22e-7c9ec0fbc5da@group-492F3DA3AAE8: closes. applyIndex: 10
2019-09-27 11:17:14,818 [63945773-f795-4888-b22e-7c9ec0fbc5da@group-492F3DA3AAE8-SegmentedRaftLogWorker] INFO  segmented.SegmentedRaftLogWorker (SegmentedRaftLogWorker.java:run(313)) - 63945773-f795-4888-b22e-7c9ec0fbc5da@group-492F3DA3AAE8-SegmentedRaftLogWorker was interrupted, exiting. There are 0 tasks remaining in the queue.
2019-09-27 11:17:14,820 [ForkJoinPool.commonPool-worker-1] INFO  segmented.SegmentedRaftLogWorker (SegmentedRaftLogWorker.java:close(228)) - 63945773-f795-4888-b22e-7c9ec0fbc5da@group-492F3DA3AAE8-SegmentedRaftLogWorker close()
2019-09-27 11:17:14,827 [ForkJoinPool.commonPool-worker-1] INFO  server.GrpcService (GrpcService.java:closeImpl(164)) - 63945773-f795-4888-b22e-7c9ec0fbc5da: shutdown server with port 41529 now
2019-09-27 11:17:14,829 [ForkJoinPool.commonPool-worker-1] INFO  server.GrpcService (GrpcService.java:closeImpl(172)) - 63945773-f795-4888-b22e-7c9ec0fbc5da: shutdown server with port 41529 successfully
2019-09-27 11:17:14,831 [refreshUsed-/workdir/hadoop-ozone/integration-test/target/test-dir/MiniOzoneClusterImpl-42dc4d63-2424-41fa-b594-829d6399a12e/datanode-5/data/containers] WARN  fs.CachingGetSpaceUsed (CachingGetSpaceUsed.java:run(183)) - Thread Interrupted waiting to refresh disk information: sleep interrupted
2019-09-27 11:17:14,854 [ForkJoinPool.commonPool-worker-1] INFO  utils.BackgroundService (BackgroundService.java:shutdown(148)) - Shutting down service BlockDeletingService
2019-09-27 11:17:14,858 [ForkJoinPool.commonPool-worker-1] INFO  statemachine.DatanodeStateMachine (DatanodeStateMachine.java:stopDaemon(395)) - Ozone container server stopped.
2019-09-27 11:17:14,862 [ForkJoinPool.commonPool-worker-1] INFO  handler.ContextHandler (ContextHandler.java:doStop(910)) - Stopped o.e.j.w.WebAppContext@22d322f5{/,null,UNAVAILABLE}{/hddsDatanode}
2019-09-27 11:17:14,863 [ForkJoinPool.commonPool-worker-1] INFO  server.AbstractConnector (AbstractConnector.java:doStop(318)) - Stopped ServerConnector@65afeb6d{HTTP/1.1,[http/1.1]}{0.0.0.0:0}
2019-09-27 11:17:14,863 [ForkJoinPool.commonPool-worker-1] INFO  handler.ContextHandler (ContextHandler.java:doStop(910)) - Stopped o.e.j.s.ServletContextHandler@35b17c06{/static,jar:file:/home/user/.m2/repository/org/apache/hadoop/hadoop-hdds-container-service/0.5.0-SNAPSHOT/hadoop-hdds-container-service-0.5.0-SNAPSHOT.jar!/webapps/static,UNAVAILABLE}
2019-09-27 11:17:14,864 [ForkJoinPool.commonPool-worker-1] INFO  handler.ContextHandler (ContextHandler.java:doStop(910)) - Stopped o.e.j.s.ServletContextHandler@168b4cb0{/logs,file:///workdir/hadoop-ozone/integration-test/target/log,UNAVAILABLE}
2019-09-27 11:17:14,865 [main] INFO  ozone.MiniOzoneClusterImpl (MiniOzoneClusterImpl.java:stopSCM(392)) - Stopping the StorageContainerManager
2019-09-27 11:17:14,866 [main] INFO  server.StorageContainerManager (StorageContainerManager.java:stop(808)) - Stopping Replication Manager Service.
2019-09-27 11:17:14,866 [main] INFO  container.ReplicationManager (ReplicationManager.java:stop(203)) - Stopping Replication Monitor Thread.
2019-09-27 11:17:14,866 [main] INFO  server.StorageContainerManager (StorageContainerManager.java:stop(815)) - Stopping Lease Manager of the command watchers
2019-09-27 11:17:14,867 [main] INFO  server.StorageContainerManager (StorageContainerManager.java:stop(822)) - Stopping datanode service RPC server
2019-09-27 11:17:14,867 [main] INFO  server.SCMDatanodeProtocolServer (SCMDatanodeProtocolServer.java:stop(367)) - Stopping the RPC server for DataNodes
2019-09-27 11:17:14,867 [main] INFO  ipc.Server (Server.java:stop(3082)) - Stopping server on 35324
2019-09-27 11:17:14,870 [IPC Server listener on 35324] INFO  ipc.Server (Server.java:run(1185)) - Stopping IPC Server listener on 35324
2019-09-27 11:17:14,870 [IPC Server Responder] INFO  ipc.Server (Server.java:run(1319)) - Stopping IPC Server Responder
2019-09-27 11:17:14,951 [SCM Heartbeat Processing Thread - 0] WARN  node.NodeStateManager (NodeStateManager.java:scheduleNextHealthCheck(646)) - Current Thread is interrupted, shutting down HB processing thread for Node Manager.
2019-09-27 11:17:14,952 [main] INFO  server.StorageContainerManager (StorageContainerManager.java:stop(830)) - Stopping block service RPC server
2019-09-27 11:17:14,952 [main] INFO  server.SCMBlockProtocolServer (SCMBlockProtocolServer.java:stop(155)) - Stopping the RPC server for Block Protocol
2019-09-27 11:17:14,952 [main] INFO  ipc.Server (Server.java:stop(3082)) - Stopping server on 40533
2019-09-27 11:17:14,954 [IPC Server listener on 40533] INFO  ipc.Server (Server.java:run(1185)) - Stopping IPC Server listener on 40533
2019-09-27 11:17:14,954 [main] INFO  server.StorageContainerManager (StorageContainerManager.java:stop(837)) - Stopping the StorageContainerLocationProtocol RPC server
2019-09-27 11:17:14,955 [IPC Server Responder] INFO  ipc.Server (Server.java:run(1319)) - Stopping IPC Server Responder
2019-09-27 11:17:14,955 [main] INFO  server.SCMClientProtocolServer (SCMClientProtocolServer.java:stop(158)) - Stopping the RPC server for Client Protocol
2019-09-27 11:17:14,956 [main] INFO  ipc.Server (Server.java:stop(3082)) - Stopping server on 36561
2019-09-27 11:17:14,958 [IPC Server listener on 36561] INFO  ipc.Server (Server.java:run(1185)) - Stopping IPC Server listener on 36561
2019-09-27 11:17:14,958 [main] INFO  server.StorageContainerManager (StorageContainerManager.java:stop(844)) - Stopping Storage Container Manager HTTP server.
2019-09-27 11:17:14,959 [IPC Server Responder] INFO  ipc.Server (Server.java:run(1319)) - Stopping IPC Server Responder
2019-09-27 11:17:14,961 [main] INFO  handler.ContextHandler (ContextHandler.java:doStop(910)) - Stopped o.e.j.w.WebAppContext@239f017e{/,null,UNAVAILABLE}{/scm}
2019-09-27 11:17:14,962 [main] INFO  server.AbstractConnector (AbstractConnector.java:doStop(318)) - Stopped ServerConnector@38cedb7d{HTTP/1.1,[http/1.1]}{0.0.0.0:0}
2019-09-27 11:17:14,962 [main] INFO  handler.ContextHandler (ContextHandler.java:doStop(910)) - Stopped o.e.j.s.ServletContextHandler@4f2d995e{/static,file:///workdir/hadoop-ozone/integration-test/target/test-classes/webapps/static,UNAVAILABLE}
2019-09-27 11:17:14,963 [main] INFO  handler.ContextHandler (ContextHandler.java:doStop(910)) - Stopped o.e.j.s.ServletContextHandler@4a3bd45b{/logs,file:///workdir/hadoop-ozone/integration-test/target/log,UNAVAILABLE}
2019-09-27 11:17:14,964 [main] INFO  server.StorageContainerManager (StorageContainerManager.java:stop(855)) - Stopping Block Manager Service.
2019-09-27 11:17:14,964 [main] INFO  utils.BackgroundService (BackgroundService.java:shutdown(148)) - Shutting down service SCMBlockDeletingService
2019-09-27 11:17:14,965 [main] INFO  utils.BackgroundService (BackgroundService.java:shutdown(148)) - Shutting down service SCMBlockDeletingService
2019-09-27 11:17:14,965 [main] INFO  server.StorageContainerManager (StorageContainerManager.java:stop(877)) - Stopping SCM Event Queue.
2019-09-27 11:17:14,971 [main] INFO  impl.MetricsSystemImpl (MetricsSystemImpl.java:stop(210)) - Stopping HddsDatanode metrics system...
2019-09-27 11:17:14,986 [main] INFO  impl.MetricsSystemImpl (MetricsSystemImpl.java:stop(216)) - HddsDatanode metrics system stopped.
]]></system-out>
    <system-err><![CDATA[Sep 27, 2019 11:16:59 AM org.apache.ratis.thirdparty.io.grpc.internal.SerializingExecutor run
SEVERE: Exception while executing runnable org.apache.ratis.thirdparty.io.grpc.internal.ServerImpl$JumpToApplicationThreadServerStreamListener$1Closed@8b6d519
org.apache.ratis.thirdparty.io.grpc.StatusRuntimeException: CANCELLED: call already cancelled
	at org.apache.ratis.thirdparty.io.grpc.Status.asRuntimeException(Status.java:517)
	at org.apache.ratis.thirdparty.io.grpc.stub.ServerCalls$ServerCallStreamObserverImpl.onCompleted(ServerCalls.java:356)
	at org.apache.ratis.grpc.server.GrpcServerProtocolService$ServerRequestStreamObserver.onError(GrpcServerProtocolService.java:121)
	at org.apache.ratis.thirdparty.io.grpc.stub.ServerCalls$StreamingServerCallHandler$StreamingServerCallListener.onCancel(ServerCalls.java:269)
	at org.apache.ratis.thirdparty.io.grpc.internal.ServerCallImpl$ServerStreamListenerImpl.closed(ServerCallImpl.java:293)
	at org.apache.ratis.thirdparty.io.grpc.internal.ServerImpl$JumpToApplicationThreadServerStreamListener$1Closed.runInContext(ServerImpl.java:741)
	at org.apache.ratis.thirdparty.io.grpc.internal.ContextRunnable.run(ContextRunnable.java:37)
	at org.apache.ratis.thirdparty.io.grpc.internal.SerializingExecutor.run(SerializingExecutor.java:123)
	at java.util.concurrent.ThreadPoolExecutor.runWorker(ThreadPoolExecutor.java:1149)
	at java.util.concurrent.ThreadPoolExecutor$Worker.run(ThreadPoolExecutor.java:624)
	at java.lang.Thread.run(Thread.java:748)

Sep 27, 2019 11:17:04 AM org.apache.ratis.thirdparty.io.grpc.internal.SerializingExecutor run
SEVERE: Exception while executing runnable org.apache.ratis.thirdparty.io.grpc.internal.ServerImpl$JumpToApplicationThreadServerStreamListener$1Closed@6e0c7368
org.apache.ratis.thirdparty.io.grpc.StatusRuntimeException: CANCELLED: call already cancelled
	at org.apache.ratis.thirdparty.io.grpc.Status.asRuntimeException(Status.java:517)
	at org.apache.ratis.thirdparty.io.grpc.stub.ServerCalls$ServerCallStreamObserverImpl.onCompleted(ServerCalls.java:356)
	at org.apache.ratis.grpc.server.GrpcServerProtocolService$ServerRequestStreamObserver.onError(GrpcServerProtocolService.java:121)
	at org.apache.ratis.thirdparty.io.grpc.stub.ServerCalls$StreamingServerCallHandler$StreamingServerCallListener.onCancel(ServerCalls.java:269)
	at org.apache.ratis.thirdparty.io.grpc.internal.ServerCallImpl$ServerStreamListenerImpl.closed(ServerCallImpl.java:293)
	at org.apache.ratis.thirdparty.io.grpc.internal.ServerImpl$JumpToApplicationThreadServerStreamListener$1Closed.runInContext(ServerImpl.java:741)
	at org.apache.ratis.thirdparty.io.grpc.internal.ContextRunnable.run(ContextRunnable.java:37)
	at org.apache.ratis.thirdparty.io.grpc.internal.SerializingExecutor.run(SerializingExecutor.java:123)
	at java.util.concurrent.ThreadPoolExecutor.runWorker(ThreadPoolExecutor.java:1149)
	at java.util.concurrent.ThreadPoolExecutor$Worker.run(ThreadPoolExecutor.java:624)
	at java.lang.Thread.run(Thread.java:748)

]]></system-err>
  </testcase>
</testsuite>