<?xml version="1.0" encoding="UTF-8"?>
<testsuite xmlns:xsi="http://www.w3.org/2001/XMLSchema-instance" xsi:noNamespaceSchemaLocation="https://maven.apache.org/surefire/maven-surefire-plugin/xsd/surefire-test-report.xsd" name="org.apache.hadoop.ozone.client.rpc.TestBlockOutputStreamWithFailures" time="674.483" tests="8" errors="0" skipped="0" failures="1">
  <properties>
    <property name="awt.toolkit" value="sun.awt.X11.XToolkit"/>
    <property name="file.encoding.pkg" value="sun.io"/>
    <property name="java.specification.version" value="1.8"/>
    <property name="sun.cpu.isalist" value=""/>
    <property name="sun.jnu.encoding" value="UTF-8"/>
    <property name="java.class.path" value="/workdir/hadoop-ozone/integration-test/target/test-classes:/workdir/hadoop-ozone/integration-test/target/classes:/home/user/.m2/repository/org/apache/hadoop/hadoop-ozone-common/0.5.0-SNAPSHOT/hadoop-ozone-common-0.5.0-SNAPSHOT.jar:/home/user/.m2/repository/org/apache/commons/commons-compress/1.4.1/commons-compress-1.4.1.jar:/home/user/.m2/repository/org/tukaani/xz/1.0/xz-1.0.jar:/home/user/.m2/repository/org/apache/hadoop/hadoop-common/3.2.0/hadoop-common-3.2.0.jar:/home/user/.m2/repository/org/apache/hadoop/hadoop-hdfs/3.2.0/hadoop-hdfs-3.2.0.jar:/home/user/.m2/repository/org/apache/hadoop/hadoop-hdfs-client/3.2.0/hadoop-hdfs-client-3.2.0.jar:/home/user/.m2/repository/com/fasterxml/jackson/core/jackson-annotations/2.9.9/jackson-annotations-2.9.9.jar:/home/user/.m2/repository/org/apache/hadoop/hadoop-hdds-common/0.5.0-SNAPSHOT/hadoop-hdds-common-0.5.0-SNAPSHOT.jar:/home/user/.m2/repository/javax/annotation/javax.annotation-api/1.2/javax.annotation-api-1.2.jar:/home/user/.m2/repository/org/apache/ratis/ratis-server/0.4.0/ratis-server-0.4.0.jar:/home/user/.m2/repository/org/apache/ratis/ratis-thirdparty-misc/0.2.0/ratis-thirdparty-misc-0.2.0.jar:/home/user/.m2/repository/org/apache/ratis/ratis-proto/0.4.0/ratis-proto-0.4.0.jar:/home/user/.m2/repository/org/apache/ratis/ratis-common/0.4.0/ratis-common-0.4.0.jar:/home/user/.m2/repository/org/apache/ratis/ratis-client/0.4.0/ratis-client-0.4.0.jar:/home/user/.m2/repository/org/apache/ratis/ratis-metrics/0.4.0/ratis-metrics-0.4.0.jar:/home/user/.m2/repository/com/github/joshelser/dropwizard-metrics-hadoop-metrics2-reporter/0.1.2/dropwizard-metrics-hadoop-metrics2-reporter-0.1.2.jar:/home/user/.m2/repository/io/dropwizard/metrics/metrics-jvm/3.2.5/metrics-jvm-3.2.5.jar:/home/user/.m2/repository/io/dropwizard/metrics/metrics-ganglia/3.2.5/metrics-ganglia-3.2.5.jar:/home/user/.m2/repository/info/ganglia/gmetric4j/gmetric4j/1.0.7/gmetric4j-1.0.7.jar:/home/user/.m2/repository/org/apache/ratis/ratis-netty/0.4.0/ratis-netty-0.4.0.jar:/home/user/.m2/repository/org/apache/ratis/ratis-grpc/0.4.0/ratis-grpc-0.4.0.jar:/home/user/.m2/repository/org/rocksdb/rocksdbjni/6.0.1/rocksdbjni-6.0.1.jar:/home/user/.m2/repository/org/apache/logging/log4j/log4j-api/2.11.0/log4j-api-2.11.0.jar:/home/user/.m2/repository/org/apache/logging/log4j/log4j-core/2.11.0/log4j-core-2.11.0.jar:/home/user/.m2/repository/com/lmax/disruptor/3.4.2/disruptor-3.4.2.jar:/home/user/.m2/repository/org/apache/commons/commons-pool2/2.6.0/commons-pool2-2.6.0.jar:/home/user/.m2/repository/org/bouncycastle/bcpkix-jdk15on/1.60/bcpkix-jdk15on-1.60.jar:/home/user/.m2/repository/commons-validator/commons-validator/1.6/commons-validator-1.6.jar:/home/user/.m2/repository/commons-digester/commons-digester/1.8.1/commons-digester-1.8.1.jar:/home/user/.m2/repository/io/jaegertracing/jaeger-client/0.34.0/jaeger-client-0.34.0.jar:/home/user/.m2/repository/io/jaegertracing/jaeger-thrift/0.34.0/jaeger-thrift-0.34.0.jar:/home/user/.m2/repository/org/apache/thrift/libthrift/0.12.0/libthrift-0.12.0.jar:/home/user/.m2/repository/com/squareup/okhttp3/okhttp/3.9.0/okhttp-3.9.0.jar:/home/user/.m2/repository/com/squareup/okio/okio/1.13.0/okio-1.13.0.jar:/home/user/.m2/repository/io/jaegertracing/jaeger-core/0.34.0/jaeger-core-0.34.0.jar:/home/user/.m2/repository/io/jaegertracing/jaeger-tracerresolver/0.34.0/jaeger-tracerresolver-0.34.0.jar:/home/user/.m2/repository/io/opentracing/contrib/opentracing-tracerresolver/0.1.5/opentracing-tracerresolver-0.1.5.jar:/home/user/.m2/repository/io/opentracing/opentracing-util/0.31.0/opentracing-util-0.31.0.jar:/home/user/.m2/repository/io/opentracing/opentracing-api/0.31.0/opentracing-api-0.31.0.jar:/home/user/.m2/repository/io/opentracing/opentracing-noop/0.31.0/opentracing-noop-0.31.0.jar:/home/user/.m2/repository/org/apache/hadoop/hadoop-hdds-server-framework/0.5.0-SNAPSHOT/hadoop-hdds-server-framework-0.5.0-SNAPSHOT.jar:/home/user/.m2/repository/org/apache/hadoop/hadoop-hdds-container-service/0.5.0-SNAPSHOT/hadoop-hdds-container-service-0.5.0-SNAPSHOT.jar:/home/user/.m2/repository/org/apache/hadoop/hadoop-hdds-client/0.5.0-SNAPSHOT/hadoop-hdds-client-0.5.0-SNAPSHOT.jar:/home/user/.m2/repository/org/apache/hadoop/hadoop-hdds-tools/0.5.0-SNAPSHOT/hadoop-hdds-tools-0.5.0-SNAPSHOT.jar:/home/user/.m2/repository/org/apache/hadoop/hadoop-hdds-server-scm/0.5.0-SNAPSHOT/hadoop-hdds-server-scm-0.5.0-SNAPSHOT.jar:/home/user/.m2/repository/org/apache/hadoop/hadoop-hdds-docs/0.5.0-SNAPSHOT/hadoop-hdds-docs-0.5.0-SNAPSHOT.jar:/home/user/.m2/repository/io/dropwizard/metrics/metrics-core/3.2.4/metrics-core-3.2.4.jar:/home/user/.m2/repository/org/hamcrest/hamcrest-all/1.3/hamcrest-all-1.3.jar:/home/user/.m2/repository/org/bouncycastle/bcprov-jdk15on/1.60/bcprov-jdk15on-1.60.jar:/home/user/.m2/repository/info/picocli/picocli/3.9.6/picocli-3.9.6.jar:/home/user/.m2/repository/com/google/protobuf/protobuf-java/2.5.0/protobuf-java-2.5.0.jar:/home/user/.m2/repository/com/google/guava/guava/11.0.2/guava-11.0.2.jar:/home/user/.m2/repository/org/apache/hadoop/hadoop-ozone-ozone-manager/0.5.0-SNAPSHOT/hadoop-ozone-ozone-manager-0.5.0-SNAPSHOT.jar:/home/user/.m2/repository/org/apache/hadoop/hadoop-minikdc/3.2.0/hadoop-minikdc-3.2.0.jar:/home/user/.m2/repository/commons-io/commons-io/2.5/commons-io-2.5.jar:/home/user/.m2/repository/org/apache/kerby/kerb-simplekdc/1.0.1/kerb-simplekdc-1.0.1.jar:/home/user/.m2/repository/org/apache/kerby/kerb-client/1.0.1/kerb-client-1.0.1.jar:/home/user/.m2/repository/org/apache/kerby/kerby-config/1.0.1/kerby-config-1.0.1.jar:/home/user/.m2/repository/org/apache/kerby/kerb-core/1.0.1/kerb-core-1.0.1.jar:/home/user/.m2/repository/org/apache/kerby/kerby-pkix/1.0.1/kerby-pkix-1.0.1.jar:/home/user/.m2/repository/org/apache/kerby/kerby-asn1/1.0.1/kerby-asn1-1.0.1.jar:/home/user/.m2/repository/org/apache/kerby/kerby-util/1.0.1/kerby-util-1.0.1.jar:/home/user/.m2/repository/org/apache/kerby/kerb-common/1.0.1/kerb-common-1.0.1.jar:/home/user/.m2/repository/org/apache/kerby/kerb-crypto/1.0.1/kerb-crypto-1.0.1.jar:/home/user/.m2/repository/org/apache/kerby/kerb-util/1.0.1/kerb-util-1.0.1.jar:/home/user/.m2/repository/org/apache/kerby/token-provider/1.0.1/token-provider-1.0.1.jar:/home/user/.m2/repository/org/apache/kerby/kerb-admin/1.0.1/kerb-admin-1.0.1.jar:/home/user/.m2/repository/org/apache/kerby/kerb-server/1.0.1/kerb-server-1.0.1.jar:/home/user/.m2/repository/org/apache/kerby/kerb-identity/1.0.1/kerb-identity-1.0.1.jar:/home/user/.m2/repository/org/apache/kerby/kerby-xdr/1.0.1/kerby-xdr-1.0.1.jar:/home/user/.m2/repository/org/slf4j/slf4j-log4j12/1.7.25/slf4j-log4j12-1.7.25.jar:/home/user/.m2/repository/org/apache/hadoop/hadoop-ozone-s3gateway/0.5.0-SNAPSHOT/hadoop-ozone-s3gateway-0.5.0-SNAPSHOT.jar:/home/user/.m2/repository/org/jboss/weld/servlet/weld-servlet/2.4.7.Final/weld-servlet-2.4.7.Final.jar:/home/user/.m2/repository/org/glassfish/jersey/containers/jersey-container-servlet-core/2.27/jersey-container-servlet-core-2.27.jar:/home/user/.m2/repository/org/glassfish/hk2/external/javax.inject/2.5.0-b42/javax.inject-2.5.0-b42.jar:/home/user/.m2/repository/org/glassfish/jersey/core/jersey-common/2.27/jersey-common-2.27.jar:/home/user/.m2/repository/org/glassfish/hk2/osgi-resource-locator/1.0.1/osgi-resource-locator-1.0.1.jar:/home/user/.m2/repository/javax/ws/rs/javax.ws.rs-api/2.1/javax.ws.rs-api-2.1.jar:/home/user/.m2/repository/org/glassfish/jersey/ext/cdi/jersey-cdi1x/2.27/jersey-cdi1x-2.27.jar:/home/user/.m2/repository/org/glassfish/jersey/inject/jersey-hk2/2.27/jersey-hk2-2.27.jar:/home/user/.m2/repository/org/glassfish/hk2/hk2-locator/2.5.0-b42/hk2-locator-2.5.0-b42.jar:/home/user/.m2/repository/org/javassist/javassist/3.22.0-CR2/javassist-3.22.0-CR2.jar:/home/user/.m2/repository/org/glassfish/hk2/hk2-api/2.5.0/hk2-api-2.5.0.jar:/home/user/.m2/repository/org/glassfish/hk2/external/jakarta.inject/2.5.0/jakarta.inject-2.5.0.jar:/home/user/.m2/repository/org/glassfish/hk2/hk2-utils/2.5.0/hk2-utils-2.5.0.jar:/home/user/.m2/repository/jakarta/annotation/jakarta.annotation-api/1.3.4/jakarta.annotation-api-1.3.4.jar:/home/user/.m2/repository/org/glassfish/hk2/external/aopalliance-repackaged/2.5.0/aopalliance-repackaged-2.5.0.jar:/home/user/.m2/repository/com/fasterxml/jackson/dataformat/jackson-dataformat-xml/2.9.0/jackson-dataformat-xml-2.9.0.jar:/home/user/.m2/repository/com/fasterxml/jackson/core/jackson-core/2.9.9/jackson-core-2.9.9.jar:/home/user/.m2/repository/com/fasterxml/jackson/module/jackson-module-jaxb-annotations/2.9.9/jackson-module-jaxb-annotations-2.9.9.jar:/home/user/.m2/repository/javax/enterprise/cdi-api/1.2/cdi-api-1.2.jar:/home/user/.m2/repository/javax/el/javax.el-api/3.0.0/javax.el-api-3.0.0.jar:/home/user/.m2/repository/javax/interceptor/javax.interceptor-api/1.2/javax.interceptor-api-1.2.jar:/home/user/.m2/repository/javax/inject/javax.inject/1/javax.inject-1.jar:/home/user/.m2/repository/com/sun/xml/bind/jaxb-impl/2.3.0.1/jaxb-impl-2.3.0.1.jar:/home/user/.m2/repository/com/sun/xml/bind/jaxb-core/2.3.0.1/jaxb-core-2.3.0.1.jar:/home/user/.m2/repository/javax/xml/bind/jaxb-api/2.3.0/jaxb-api-2.3.0.jar:/home/user/.m2/repository/javax/activation/activation/1.1.1/activation-1.1.1.jar:/home/user/.m2/repository/org/apache/hadoop/hadoop-ozone-csi/0.5.0-SNAPSHOT/hadoop-ozone-csi-0.5.0-SNAPSHOT.jar:/home/user/.m2/repository/com/google/protobuf/protobuf-java-util/3.5.1/protobuf-java-util-3.5.1.jar:/home/user/.m2/repository/org/apache/hadoop/hadoop-hdds-config/0.5.0-SNAPSHOT/hadoop-hdds-config-0.5.0-SNAPSHOT.jar:/home/user/.m2/repository/io/grpc/grpc-netty/1.17.1/grpc-netty-1.17.1.jar:/home/user/.m2/repository/io/grpc/grpc-core/1.17.1/grpc-core-1.17.1.jar:/home/user/.m2/repository/io/grpc/grpc-context/1.17.1/grpc-context-1.17.1.jar:/home/user/.m2/repository/com/google/errorprone/error_prone_annotations/2.2.0/error_prone_annotations-2.2.0.jar:/home/user/.m2/repository/org/codehaus/mojo/animal-sniffer-annotations/1.17/animal-sniffer-annotations-1.17.jar:/home/user/.m2/repository/io/opencensus/opencensus-api/0.17.0/opencensus-api-0.17.0.jar:/home/user/.m2/repository/io/opencensus/opencensus-contrib-grpc-metrics/0.17.0/opencensus-contrib-grpc-metrics-0.17.0.jar:/home/user/.m2/repository/io/netty/netty-codec-http2/4.1.30.Final/netty-codec-http2-4.1.30.Final.jar:/home/user/.m2/repository/io/netty/netty-codec-http/4.1.30.Final/netty-codec-http-4.1.30.Final.jar:/home/user/.m2/repository/io/netty/netty-codec/4.1.30.Final/netty-codec-4.1.30.Final.jar:/home/user/.m2/repository/io/netty/netty-handler/4.1.30.Final/netty-handler-4.1.30.Final.jar:/home/user/.m2/repository/io/netty/netty-handler-proxy/4.1.30.Final/netty-handler-proxy-4.1.30.Final.jar:/home/user/.m2/repository/io/netty/netty-codec-socks/4.1.30.Final/netty-codec-socks-4.1.30.Final.jar:/home/user/.m2/repository/io/netty/netty-transport-native-epoll/4.1.30.Final/netty-transport-native-epoll-4.1.30.Final.jar:/home/user/.m2/repository/io/netty/netty-common/4.1.30.Final/netty-common-4.1.30.Final.jar:/home/user/.m2/repository/io/netty/netty-buffer/4.1.30.Final/netty-buffer-4.1.30.Final.jar:/home/user/.m2/repository/io/netty/netty-transport/4.1.30.Final/netty-transport-4.1.30.Final.jar:/home/user/.m2/repository/io/netty/netty-resolver/4.1.30.Final/netty-resolver-4.1.30.Final.jar:/home/user/.m2/repository/io/netty/netty-transport-native-unix-common/4.1.30.Final/netty-transport-native-unix-common-4.1.30.Final.jar:/home/user/.m2/repository/io/grpc/grpc-protobuf/1.17.1/grpc-protobuf-1.17.1.jar:/home/user/.m2/repository/com/google/api/grpc/proto-google-common-protos/1.0.0/proto-google-common-protos-1.0.0.jar:/home/user/.m2/repository/io/grpc/grpc-protobuf-lite/1.17.1/grpc-protobuf-lite-1.17.1.jar:/home/user/.m2/repository/io/grpc/grpc-stub/1.17.1/grpc-stub-1.17.1.jar:/home/user/.m2/repository/org/apache/hadoop/hadoop-ozone-recon/0.5.0-SNAPSHOT/hadoop-ozone-recon-0.5.0-SNAPSHOT.jar:/home/user/.m2/repository/org/apache/hadoop/hadoop-ozone-reconcodegen/0.5.0-SNAPSHOT/hadoop-ozone-reconcodegen-0.5.0-SNAPSHOT.jar:/home/user/.m2/repository/com/google/inject/extensions/guice-multibindings/4.0/guice-multibindings-4.0.jar:/home/user/.m2/repository/com/google/inject/guice/4.0/guice-4.0.jar:/home/user/.m2/repository/aopalliance/aopalliance/1.0/aopalliance-1.0.jar:/home/user/.m2/repository/com/google/inject/extensions/guice-servlet/4.0/guice-servlet-4.0.jar:/home/user/.m2/repository/org/glassfish/jersey/containers/jersey-container-servlet/2.27/jersey-container-servlet-2.27.jar:/home/user/.m2/repository/org/glassfish/hk2/guice-bridge/2.5.0/guice-bridge-2.5.0.jar:/home/user/.m2/repository/org/glassfish/jersey/core/jersey-server/2.27/jersey-server-2.27.jar:/home/user/.m2/repository/org/glassfish/jersey/core/jersey-client/2.27/jersey-client-2.27.jar:/home/user/.m2/repository/org/glassfish/jersey/media/jersey-media-jaxb/2.27/jersey-media-jaxb-2.27.jar:/home/user/.m2/repository/javax/validation/validation-api/1.1.0.Final/validation-api-1.1.0.Final.jar:/home/user/.m2/repository/org/glassfish/jersey/media/jersey-media-json-jackson/2.27/jersey-media-json-jackson-2.27.jar:/home/user/.m2/repository/org/glassfish/jersey/ext/jersey-entity-filtering/2.27/jersey-entity-filtering-2.27.jar:/home/user/.m2/repository/com/google/inject/extensions/guice-assistedinject/4.0/guice-assistedinject-4.0.jar:/home/user/.m2/repository/org/jooq/jooq/3.11.10/jooq-3.11.10.jar:/home/user/.m2/repository/org/jooq/jooq-meta/3.11.10/jooq-meta-3.11.10.jar:/home/user/.m2/repository/org/jooq/jooq-codegen/3.11.10/jooq-codegen-3.11.10.jar:/home/user/.m2/repository/com/jolbox/bonecp/0.8.0.RELEASE/bonecp-0.8.0.RELEASE.jar:/home/user/.m2/repository/org/xerial/sqlite-jdbc/3.25.2/sqlite-jdbc-3.25.2.jar:/home/user/.m2/repository/org/springframework/spring-jdbc/5.1.3.RELEASE/spring-jdbc-5.1.3.RELEASE.jar:/home/user/.m2/repository/org/springframework/spring-beans/5.1.3.RELEASE/spring-beans-5.1.3.RELEASE.jar:/home/user/.m2/repository/org/springframework/spring-core/5.1.3.RELEASE/spring-core-5.1.3.RELEASE.jar:/home/user/.m2/repository/org/springframework/spring-jcl/5.1.3.RELEASE/spring-jcl-5.1.3.RELEASE.jar:/home/user/.m2/repository/org/springframework/spring-tx/5.1.3.RELEASE/spring-tx-5.1.3.RELEASE.jar:/home/user/.m2/repository/org/apache/hadoop/hadoop-ozone-client/0.5.0-SNAPSHOT/hadoop-ozone-client-0.5.0-SNAPSHOT.jar:/home/user/.m2/repository/commons-lang/commons-lang/2.6/commons-lang-2.6.jar:/home/user/.m2/repository/org/apache/hadoop/hadoop-ozone-ozone-manager/0.5.0-SNAPSHOT/hadoop-ozone-ozone-manager-0.5.0-SNAPSHOT-tests.jar:/home/user/.m2/repository/junit/junit/4.11/junit-4.11.jar:/home/user/.m2/repository/org/hamcrest/hamcrest-core/1.3/hamcrest-core-1.3.jar:/home/user/.m2/repository/org/openjdk/jmh/jmh-core/1.19/jmh-core-1.19.jar:/home/user/.m2/repository/net/sf/jopt-simple/jopt-simple/4.6/jopt-simple-4.6.jar:/home/user/.m2/repository/org/apache/commons/commons-math3/3.1.1/commons-math3-3.1.1.jar:/home/user/.m2/repository/org/openjdk/jmh/jmh-generator-annprocess/1.19/jmh-generator-annprocess-1.19.jar:/home/user/.m2/repository/org/mockito/mockito-all/1.8.5/mockito-all-1.8.5.jar:/home/user/.m2/repository/org/apache/hadoop/hadoop-kms/3.2.0/hadoop-kms-3.2.0.jar:/home/user/.m2/repository/org/apache/hadoop/hadoop-auth/3.2.0/hadoop-auth-3.2.0.jar:/home/user/.m2/repository/com/nimbusds/nimbus-jose-jwt/4.41.1/nimbus-jose-jwt-4.41.1.jar:/home/user/.m2/repository/com/github/stephenc/jcip/jcip-annotations/1.0-1/jcip-annotations-1.0-1.jar:/home/user/.m2/repository/net/minidev/json-smart/2.3/json-smart-2.3.jar:/home/user/.m2/repository/net/minidev/accessors-smart/1.2/accessors-smart-1.2.jar:/home/user/.m2/repository/org/ow2/asm/asm/5.0.4/asm-5.0.4.jar:/home/user/.m2/repository/org/apache/curator/curator-framework/2.12.0/curator-framework-2.12.0.jar:/home/user/.m2/repository/com/sun/jersey/jersey-core/1.19/jersey-core-1.19.jar:/home/user/.m2/repository/javax/ws/rs/jsr311-api/1.1.1/jsr311-api-1.1.1.jar:/home/user/.m2/repository/com/sun/jersey/jersey-server/1.19/jersey-server-1.19.jar:/home/user/.m2/repository/javax/servlet/javax.servlet-api/3.1.0/javax.servlet-api-3.1.0.jar:/home/user/.m2/repository/org/eclipse/jetty/jetty-server/9.3.25.v20180904/jetty-server-9.3.25.v20180904.jar:/home/user/.m2/repository/org/eclipse/jetty/jetty-http/9.3.25.v20180904/jetty-http-9.3.25.v20180904.jar:/home/user/.m2/repository/org/eclipse/jetty/jetty-io/9.3.25.v20180904/jetty-io-9.3.25.v20180904.jar:/home/user/.m2/repository/org/eclipse/jetty/jetty-webapp/9.3.25.v20180904/jetty-webapp-9.3.25.v20180904.jar:/home/user/.m2/repository/org/eclipse/jetty/jetty-xml/9.3.25.v20180904/jetty-xml-9.3.25.v20180904.jar:/home/user/.m2/repository/log4j/log4j/1.2.17/log4j-1.2.17.jar:/home/user/.m2/repository/org/slf4j/slf4j-api/1.7.25/slf4j-api-1.7.25.jar:/home/user/.m2/repository/org/slf4j/jul-to-slf4j/1.7.25/jul-to-slf4j-1.7.25.jar:/home/user/.m2/repository/org/eclipse/jetty/jetty-util/9.3.25.v20180904/jetty-util-9.3.25.v20180904.jar:/home/user/.m2/repository/com/fasterxml/jackson/core/jackson-databind/2.9.9/jackson-databind-2.9.9.jar:/home/user/.m2/repository/org/apache/hadoop/hadoop-kms/3.2.0/hadoop-kms-3.2.0-tests.jar:/home/user/.m2/repository/org/apache/hadoop/hadoop-hdds-server-scm/0.5.0-SNAPSHOT/hadoop-hdds-server-scm-0.5.0-SNAPSHOT-tests.jar:/home/user/.m2/repository/org/apache/hadoop/hadoop-hdds-container-service/0.5.0-SNAPSHOT/hadoop-hdds-container-service-0.5.0-SNAPSHOT-tests.jar:/home/user/.m2/repository/org/yaml/snakeyaml/1.16/snakeyaml-1.16.jar:/home/user/.m2/repository/org/apache/hadoop/hadoop-common/3.2.0/hadoop-common-3.2.0-tests.jar:/home/user/.m2/repository/org/apache/hadoop/hadoop-annotations/3.2.0/hadoop-annotations-3.2.0.jar:/usr/lib/jvm/java-1.8-openjdk/jre/../lib/tools.jar:/home/user/.m2/repository/commons-cli/commons-cli/1.2/commons-cli-1.2.jar:/home/user/.m2/repository/org/apache/httpcomponents/httpclient/4.5.2/httpclient-4.5.2.jar:/home/user/.m2/repository/org/apache/httpcomponents/httpcore/4.4.4/httpcore-4.4.4.jar:/home/user/.m2/repository/commons-codec/commons-codec/1.11/commons-codec-1.11.jar:/home/user/.m2/repository/commons-net/commons-net/3.6/commons-net-3.6.jar:/home/user/.m2/repository/commons-collections/commons-collections/3.2.2/commons-collections-3.2.2.jar:/home/user/.m2/repository/org/eclipse/jetty/jetty-servlet/9.3.25.v20180904/jetty-servlet-9.3.25.v20180904.jar:/home/user/.m2/repository/org/eclipse/jetty/jetty-security/9.3.25.v20180904/jetty-security-9.3.25.v20180904.jar:/home/user/.m2/repository/javax/servlet/jsp/jsp-api/2.1/jsp-api-2.1.jar:/home/user/.m2/repository/com/sun/jersey/jersey-servlet/1.19/jersey-servlet-1.19.jar:/home/user/.m2/repository/com/sun/jersey/jersey-json/1.19/jersey-json-1.19.jar:/home/user/.m2/repository/org/codehaus/jettison/jettison/1.1/jettison-1.1.jar:/home/user/.m2/repository/org/codehaus/jackson/jackson-core-asl/1.9.13/jackson-core-asl-1.9.13.jar:/home/user/.m2/repository/org/codehaus/jackson/jackson-mapper-asl/1.9.13/jackson-mapper-asl-1.9.13.jar:/home/user/.m2/repository/org/codehaus/jackson/jackson-jaxrs/1.9.13/jackson-jaxrs-1.9.13.jar:/home/user/.m2/repository/org/codehaus/jackson/jackson-xc/1.9.13/jackson-xc-1.9.13.jar:/home/user/.m2/repository/commons-logging/commons-logging/1.1.3/commons-logging-1.1.3.jar:/home/user/.m2/repository/commons-beanutils/commons-beanutils/1.9.4/commons-beanutils-1.9.4.jar:/home/user/.m2/repository/org/apache/commons/commons-configuration2/2.1.1/commons-configuration2-2.1.1.jar:/home/user/.m2/repository/org/apache/commons/commons-lang3/3.7/commons-lang3-3.7.jar:/home/user/.m2/repository/org/apache/commons/commons-text/1.4/commons-text-1.4.jar:/home/user/.m2/repository/org/apache/avro/avro/1.7.7/avro-1.7.7.jar:/home/user/.m2/repository/com/thoughtworks/paranamer/paranamer/2.3/paranamer-2.3.jar:/home/user/.m2/repository/org/xerial/snappy/snappy-java/1.0.5/snappy-java-1.0.5.jar:/home/user/.m2/repository/com/google/re2j/re2j/1.1/re2j-1.1.jar:/home/user/.m2/repository/com/google/code/gson/gson/2.2.4/gson-2.2.4.jar:/home/user/.m2/repository/com/jcraft/jsch/0.1.54/jsch-0.1.54.jar:/home/user/.m2/repository/org/apache/curator/curator-client/2.12.0/curator-client-2.12.0.jar:/home/user/.m2/repository/org/apache/curator/curator-recipes/2.12.0/curator-recipes-2.12.0.jar:/home/user/.m2/repository/com/google/code/findbugs/jsr305/3.0.0/jsr305-3.0.0.jar:/home/user/.m2/repository/org/apache/htrace/htrace-core4/4.1.0-incubating/htrace-core4-4.1.0-incubating.jar:/home/user/.m2/repository/org/apache/zookeeper/zookeeper/3.4.13/zookeeper-3.4.13.jar:/home/user/.m2/repository/jline/jline/0.9.94/jline-0.9.94.jar:/home/user/.m2/repository/org/apache/yetus/audience-annotations/0.5.0/audience-annotations-0.5.0.jar:/home/user/.m2/repository/org/codehaus/woodstox/stax2-api/3.1.4/stax2-api-3.1.4.jar:/home/user/.m2/repository/com/fasterxml/woodstox/woodstox-core/5.0.3/woodstox-core-5.0.3.jar:/home/user/.m2/repository/dnsjava/dnsjava/2.1.7/dnsjava-2.1.7.jar:/home/user/.m2/repository/org/apache/hadoop/hadoop-hdfs/3.2.0/hadoop-hdfs-3.2.0-tests.jar:/home/user/.m2/repository/org/eclipse/jetty/jetty-util-ajax/9.3.25.v20180904/jetty-util-ajax-9.3.25.v20180904.jar:/home/user/.m2/repository/commons-daemon/commons-daemon/1.0.13/commons-daemon-1.0.13.jar:/home/user/.m2/repository/io/netty/netty/3.10.5.Final/netty-3.10.5.Final.jar:/home/user/.m2/repository/io/netty/netty-all/4.0.52.Final/netty-all-4.0.52.Final.jar:/home/user/.m2/repository/org/fusesource/leveldbjni/leveldbjni-all/1.8/leveldbjni-all-1.8.jar:"/>
    <property name="java.vm.vendor" value="IcedTea"/>
    <property name="sun.arch.data.model" value="64"/>
    <property name="test.build.dir" value="/workdir/hadoop-ozone/integration-test/target/test-dir"/>
    <property name="test.cache.data" value=""/>
    <property name="java.vendor.url" value="https://icedtea.classpath.org"/>
    <property name="user.timezone" value=""/>
    <property name="java.vm.specification.version" value="1.8"/>
    <property name="os.name" value="Linux"/>
    <property name="test.build.data" value="/workdir/hadoop-ozone/integration-test/target/test-dir"/>
    <property name="user.country" value="US"/>
    <property name="sun.java.launcher" value="SUN_STANDARD"/>
    <property name="sun.boot.library.path" value="/usr/lib/jvm/java-1.8-openjdk/jre/lib/amd64"/>
    <property name="sun.java.command" value="/workdir/hadoop-ozone/integration-test/target/surefire/surefirebooter4722966451931354825.jar /workdir/hadoop-ozone/integration-test/target/surefire 2019-09-28T05-55-09_152-jvmRun1 surefire7321971556066473464tmp surefire_634481930026283390553tmp"/>
    <property name="test" value="!TestMiniChaosOzoneCluster"/>
    <property name="surefire.test.class.path" value="/workdir/hadoop-ozone/integration-test/target/test-classes:/workdir/hadoop-ozone/integration-test/target/classes:/home/user/.m2/repository/org/apache/hadoop/hadoop-ozone-common/0.5.0-SNAPSHOT/hadoop-ozone-common-0.5.0-SNAPSHOT.jar:/home/user/.m2/repository/org/apache/commons/commons-compress/1.4.1/commons-compress-1.4.1.jar:/home/user/.m2/repository/org/tukaani/xz/1.0/xz-1.0.jar:/home/user/.m2/repository/org/apache/hadoop/hadoop-common/3.2.0/hadoop-common-3.2.0.jar:/home/user/.m2/repository/org/apache/hadoop/hadoop-hdfs/3.2.0/hadoop-hdfs-3.2.0.jar:/home/user/.m2/repository/org/apache/hadoop/hadoop-hdfs-client/3.2.0/hadoop-hdfs-client-3.2.0.jar:/home/user/.m2/repository/com/fasterxml/jackson/core/jackson-annotations/2.9.9/jackson-annotations-2.9.9.jar:/home/user/.m2/repository/org/apache/hadoop/hadoop-hdds-common/0.5.0-SNAPSHOT/hadoop-hdds-common-0.5.0-SNAPSHOT.jar:/home/user/.m2/repository/javax/annotation/javax.annotation-api/1.2/javax.annotation-api-1.2.jar:/home/user/.m2/repository/org/apache/ratis/ratis-server/0.4.0/ratis-server-0.4.0.jar:/home/user/.m2/repository/org/apache/ratis/ratis-thirdparty-misc/0.2.0/ratis-thirdparty-misc-0.2.0.jar:/home/user/.m2/repository/org/apache/ratis/ratis-proto/0.4.0/ratis-proto-0.4.0.jar:/home/user/.m2/repository/org/apache/ratis/ratis-common/0.4.0/ratis-common-0.4.0.jar:/home/user/.m2/repository/org/apache/ratis/ratis-client/0.4.0/ratis-client-0.4.0.jar:/home/user/.m2/repository/org/apache/ratis/ratis-metrics/0.4.0/ratis-metrics-0.4.0.jar:/home/user/.m2/repository/com/github/joshelser/dropwizard-metrics-hadoop-metrics2-reporter/0.1.2/dropwizard-metrics-hadoop-metrics2-reporter-0.1.2.jar:/home/user/.m2/repository/io/dropwizard/metrics/metrics-jvm/3.2.5/metrics-jvm-3.2.5.jar:/home/user/.m2/repository/io/dropwizard/metrics/metrics-ganglia/3.2.5/metrics-ganglia-3.2.5.jar:/home/user/.m2/repository/info/ganglia/gmetric4j/gmetric4j/1.0.7/gmetric4j-1.0.7.jar:/home/user/.m2/repository/org/apache/ratis/ratis-netty/0.4.0/ratis-netty-0.4.0.jar:/home/user/.m2/repository/org/apache/ratis/ratis-grpc/0.4.0/ratis-grpc-0.4.0.jar:/home/user/.m2/repository/org/rocksdb/rocksdbjni/6.0.1/rocksdbjni-6.0.1.jar:/home/user/.m2/repository/org/apache/logging/log4j/log4j-api/2.11.0/log4j-api-2.11.0.jar:/home/user/.m2/repository/org/apache/logging/log4j/log4j-core/2.11.0/log4j-core-2.11.0.jar:/home/user/.m2/repository/com/lmax/disruptor/3.4.2/disruptor-3.4.2.jar:/home/user/.m2/repository/org/apache/commons/commons-pool2/2.6.0/commons-pool2-2.6.0.jar:/home/user/.m2/repository/org/bouncycastle/bcpkix-jdk15on/1.60/bcpkix-jdk15on-1.60.jar:/home/user/.m2/repository/commons-validator/commons-validator/1.6/commons-validator-1.6.jar:/home/user/.m2/repository/commons-digester/commons-digester/1.8.1/commons-digester-1.8.1.jar:/home/user/.m2/repository/io/jaegertracing/jaeger-client/0.34.0/jaeger-client-0.34.0.jar:/home/user/.m2/repository/io/jaegertracing/jaeger-thrift/0.34.0/jaeger-thrift-0.34.0.jar:/home/user/.m2/repository/org/apache/thrift/libthrift/0.12.0/libthrift-0.12.0.jar:/home/user/.m2/repository/com/squareup/okhttp3/okhttp/3.9.0/okhttp-3.9.0.jar:/home/user/.m2/repository/com/squareup/okio/okio/1.13.0/okio-1.13.0.jar:/home/user/.m2/repository/io/jaegertracing/jaeger-core/0.34.0/jaeger-core-0.34.0.jar:/home/user/.m2/repository/io/jaegertracing/jaeger-tracerresolver/0.34.0/jaeger-tracerresolver-0.34.0.jar:/home/user/.m2/repository/io/opentracing/contrib/opentracing-tracerresolver/0.1.5/opentracing-tracerresolver-0.1.5.jar:/home/user/.m2/repository/io/opentracing/opentracing-util/0.31.0/opentracing-util-0.31.0.jar:/home/user/.m2/repository/io/opentracing/opentracing-api/0.31.0/opentracing-api-0.31.0.jar:/home/user/.m2/repository/io/opentracing/opentracing-noop/0.31.0/opentracing-noop-0.31.0.jar:/home/user/.m2/repository/org/apache/hadoop/hadoop-hdds-server-framework/0.5.0-SNAPSHOT/hadoop-hdds-server-framework-0.5.0-SNAPSHOT.jar:/home/user/.m2/repository/org/apache/hadoop/hadoop-hdds-container-service/0.5.0-SNAPSHOT/hadoop-hdds-container-service-0.5.0-SNAPSHOT.jar:/home/user/.m2/repository/org/apache/hadoop/hadoop-hdds-client/0.5.0-SNAPSHOT/hadoop-hdds-client-0.5.0-SNAPSHOT.jar:/home/user/.m2/repository/org/apache/hadoop/hadoop-hdds-tools/0.5.0-SNAPSHOT/hadoop-hdds-tools-0.5.0-SNAPSHOT.jar:/home/user/.m2/repository/org/apache/hadoop/hadoop-hdds-server-scm/0.5.0-SNAPSHOT/hadoop-hdds-server-scm-0.5.0-SNAPSHOT.jar:/home/user/.m2/repository/org/apache/hadoop/hadoop-hdds-docs/0.5.0-SNAPSHOT/hadoop-hdds-docs-0.5.0-SNAPSHOT.jar:/home/user/.m2/repository/io/dropwizard/metrics/metrics-core/3.2.4/metrics-core-3.2.4.jar:/home/user/.m2/repository/org/hamcrest/hamcrest-all/1.3/hamcrest-all-1.3.jar:/home/user/.m2/repository/org/bouncycastle/bcprov-jdk15on/1.60/bcprov-jdk15on-1.60.jar:/home/user/.m2/repository/info/picocli/picocli/3.9.6/picocli-3.9.6.jar:/home/user/.m2/repository/com/google/protobuf/protobuf-java/2.5.0/protobuf-java-2.5.0.jar:/home/user/.m2/repository/com/google/guava/guava/11.0.2/guava-11.0.2.jar:/home/user/.m2/repository/org/apache/hadoop/hadoop-ozone-ozone-manager/0.5.0-SNAPSHOT/hadoop-ozone-ozone-manager-0.5.0-SNAPSHOT.jar:/home/user/.m2/repository/org/apache/hadoop/hadoop-minikdc/3.2.0/hadoop-minikdc-3.2.0.jar:/home/user/.m2/repository/commons-io/commons-io/2.5/commons-io-2.5.jar:/home/user/.m2/repository/org/apache/kerby/kerb-simplekdc/1.0.1/kerb-simplekdc-1.0.1.jar:/home/user/.m2/repository/org/apache/kerby/kerb-client/1.0.1/kerb-client-1.0.1.jar:/home/user/.m2/repository/org/apache/kerby/kerby-config/1.0.1/kerby-config-1.0.1.jar:/home/user/.m2/repository/org/apache/kerby/kerb-core/1.0.1/kerb-core-1.0.1.jar:/home/user/.m2/repository/org/apache/kerby/kerby-pkix/1.0.1/kerby-pkix-1.0.1.jar:/home/user/.m2/repository/org/apache/kerby/kerby-asn1/1.0.1/kerby-asn1-1.0.1.jar:/home/user/.m2/repository/org/apache/kerby/kerby-util/1.0.1/kerby-util-1.0.1.jar:/home/user/.m2/repository/org/apache/kerby/kerb-common/1.0.1/kerb-common-1.0.1.jar:/home/user/.m2/repository/org/apache/kerby/kerb-crypto/1.0.1/kerb-crypto-1.0.1.jar:/home/user/.m2/repository/org/apache/kerby/kerb-util/1.0.1/kerb-util-1.0.1.jar:/home/user/.m2/repository/org/apache/kerby/token-provider/1.0.1/token-provider-1.0.1.jar:/home/user/.m2/repository/org/apache/kerby/kerb-admin/1.0.1/kerb-admin-1.0.1.jar:/home/user/.m2/repository/org/apache/kerby/kerb-server/1.0.1/kerb-server-1.0.1.jar:/home/user/.m2/repository/org/apache/kerby/kerb-identity/1.0.1/kerb-identity-1.0.1.jar:/home/user/.m2/repository/org/apache/kerby/kerby-xdr/1.0.1/kerby-xdr-1.0.1.jar:/home/user/.m2/repository/org/slf4j/slf4j-log4j12/1.7.25/slf4j-log4j12-1.7.25.jar:/home/user/.m2/repository/org/apache/hadoop/hadoop-ozone-s3gateway/0.5.0-SNAPSHOT/hadoop-ozone-s3gateway-0.5.0-SNAPSHOT.jar:/home/user/.m2/repository/org/jboss/weld/servlet/weld-servlet/2.4.7.Final/weld-servlet-2.4.7.Final.jar:/home/user/.m2/repository/org/glassfish/jersey/containers/jersey-container-servlet-core/2.27/jersey-container-servlet-core-2.27.jar:/home/user/.m2/repository/org/glassfish/hk2/external/javax.inject/2.5.0-b42/javax.inject-2.5.0-b42.jar:/home/user/.m2/repository/org/glassfish/jersey/core/jersey-common/2.27/jersey-common-2.27.jar:/home/user/.m2/repository/org/glassfish/hk2/osgi-resource-locator/1.0.1/osgi-resource-locator-1.0.1.jar:/home/user/.m2/repository/javax/ws/rs/javax.ws.rs-api/2.1/javax.ws.rs-api-2.1.jar:/home/user/.m2/repository/org/glassfish/jersey/ext/cdi/jersey-cdi1x/2.27/jersey-cdi1x-2.27.jar:/home/user/.m2/repository/org/glassfish/jersey/inject/jersey-hk2/2.27/jersey-hk2-2.27.jar:/home/user/.m2/repository/org/glassfish/hk2/hk2-locator/2.5.0-b42/hk2-locator-2.5.0-b42.jar:/home/user/.m2/repository/org/javassist/javassist/3.22.0-CR2/javassist-3.22.0-CR2.jar:/home/user/.m2/repository/org/glassfish/hk2/hk2-api/2.5.0/hk2-api-2.5.0.jar:/home/user/.m2/repository/org/glassfish/hk2/external/jakarta.inject/2.5.0/jakarta.inject-2.5.0.jar:/home/user/.m2/repository/org/glassfish/hk2/hk2-utils/2.5.0/hk2-utils-2.5.0.jar:/home/user/.m2/repository/jakarta/annotation/jakarta.annotation-api/1.3.4/jakarta.annotation-api-1.3.4.jar:/home/user/.m2/repository/org/glassfish/hk2/external/aopalliance-repackaged/2.5.0/aopalliance-repackaged-2.5.0.jar:/home/user/.m2/repository/com/fasterxml/jackson/dataformat/jackson-dataformat-xml/2.9.0/jackson-dataformat-xml-2.9.0.jar:/home/user/.m2/repository/com/fasterxml/jackson/core/jackson-core/2.9.9/jackson-core-2.9.9.jar:/home/user/.m2/repository/com/fasterxml/jackson/module/jackson-module-jaxb-annotations/2.9.9/jackson-module-jaxb-annotations-2.9.9.jar:/home/user/.m2/repository/javax/enterprise/cdi-api/1.2/cdi-api-1.2.jar:/home/user/.m2/repository/javax/el/javax.el-api/3.0.0/javax.el-api-3.0.0.jar:/home/user/.m2/repository/javax/interceptor/javax.interceptor-api/1.2/javax.interceptor-api-1.2.jar:/home/user/.m2/repository/javax/inject/javax.inject/1/javax.inject-1.jar:/home/user/.m2/repository/com/sun/xml/bind/jaxb-impl/2.3.0.1/jaxb-impl-2.3.0.1.jar:/home/user/.m2/repository/com/sun/xml/bind/jaxb-core/2.3.0.1/jaxb-core-2.3.0.1.jar:/home/user/.m2/repository/javax/xml/bind/jaxb-api/2.3.0/jaxb-api-2.3.0.jar:/home/user/.m2/repository/javax/activation/activation/1.1.1/activation-1.1.1.jar:/home/user/.m2/repository/org/apache/hadoop/hadoop-ozone-csi/0.5.0-SNAPSHOT/hadoop-ozone-csi-0.5.0-SNAPSHOT.jar:/home/user/.m2/repository/com/google/protobuf/protobuf-java-util/3.5.1/protobuf-java-util-3.5.1.jar:/home/user/.m2/repository/org/apache/hadoop/hadoop-hdds-config/0.5.0-SNAPSHOT/hadoop-hdds-config-0.5.0-SNAPSHOT.jar:/home/user/.m2/repository/io/grpc/grpc-netty/1.17.1/grpc-netty-1.17.1.jar:/home/user/.m2/repository/io/grpc/grpc-core/1.17.1/grpc-core-1.17.1.jar:/home/user/.m2/repository/io/grpc/grpc-context/1.17.1/grpc-context-1.17.1.jar:/home/user/.m2/repository/com/google/errorprone/error_prone_annotations/2.2.0/error_prone_annotations-2.2.0.jar:/home/user/.m2/repository/org/codehaus/mojo/animal-sniffer-annotations/1.17/animal-sniffer-annotations-1.17.jar:/home/user/.m2/repository/io/opencensus/opencensus-api/0.17.0/opencensus-api-0.17.0.jar:/home/user/.m2/repository/io/opencensus/opencensus-contrib-grpc-metrics/0.17.0/opencensus-contrib-grpc-metrics-0.17.0.jar:/home/user/.m2/repository/io/netty/netty-codec-http2/4.1.30.Final/netty-codec-http2-4.1.30.Final.jar:/home/user/.m2/repository/io/netty/netty-codec-http/4.1.30.Final/netty-codec-http-4.1.30.Final.jar:/home/user/.m2/repository/io/netty/netty-codec/4.1.30.Final/netty-codec-4.1.30.Final.jar:/home/user/.m2/repository/io/netty/netty-handler/4.1.30.Final/netty-handler-4.1.30.Final.jar:/home/user/.m2/repository/io/netty/netty-handler-proxy/4.1.30.Final/netty-handler-proxy-4.1.30.Final.jar:/home/user/.m2/repository/io/netty/netty-codec-socks/4.1.30.Final/netty-codec-socks-4.1.30.Final.jar:/home/user/.m2/repository/io/netty/netty-transport-native-epoll/4.1.30.Final/netty-transport-native-epoll-4.1.30.Final.jar:/home/user/.m2/repository/io/netty/netty-common/4.1.30.Final/netty-common-4.1.30.Final.jar:/home/user/.m2/repository/io/netty/netty-buffer/4.1.30.Final/netty-buffer-4.1.30.Final.jar:/home/user/.m2/repository/io/netty/netty-transport/4.1.30.Final/netty-transport-4.1.30.Final.jar:/home/user/.m2/repository/io/netty/netty-resolver/4.1.30.Final/netty-resolver-4.1.30.Final.jar:/home/user/.m2/repository/io/netty/netty-transport-native-unix-common/4.1.30.Final/netty-transport-native-unix-common-4.1.30.Final.jar:/home/user/.m2/repository/io/grpc/grpc-protobuf/1.17.1/grpc-protobuf-1.17.1.jar:/home/user/.m2/repository/com/google/api/grpc/proto-google-common-protos/1.0.0/proto-google-common-protos-1.0.0.jar:/home/user/.m2/repository/io/grpc/grpc-protobuf-lite/1.17.1/grpc-protobuf-lite-1.17.1.jar:/home/user/.m2/repository/io/grpc/grpc-stub/1.17.1/grpc-stub-1.17.1.jar:/home/user/.m2/repository/org/apache/hadoop/hadoop-ozone-recon/0.5.0-SNAPSHOT/hadoop-ozone-recon-0.5.0-SNAPSHOT.jar:/home/user/.m2/repository/org/apache/hadoop/hadoop-ozone-reconcodegen/0.5.0-SNAPSHOT/hadoop-ozone-reconcodegen-0.5.0-SNAPSHOT.jar:/home/user/.m2/repository/com/google/inject/extensions/guice-multibindings/4.0/guice-multibindings-4.0.jar:/home/user/.m2/repository/com/google/inject/guice/4.0/guice-4.0.jar:/home/user/.m2/repository/aopalliance/aopalliance/1.0/aopalliance-1.0.jar:/home/user/.m2/repository/com/google/inject/extensions/guice-servlet/4.0/guice-servlet-4.0.jar:/home/user/.m2/repository/org/glassfish/jersey/containers/jersey-container-servlet/2.27/jersey-container-servlet-2.27.jar:/home/user/.m2/repository/org/glassfish/hk2/guice-bridge/2.5.0/guice-bridge-2.5.0.jar:/home/user/.m2/repository/org/glassfish/jersey/core/jersey-server/2.27/jersey-server-2.27.jar:/home/user/.m2/repository/org/glassfish/jersey/core/jersey-client/2.27/jersey-client-2.27.jar:/home/user/.m2/repository/org/glassfish/jersey/media/jersey-media-jaxb/2.27/jersey-media-jaxb-2.27.jar:/home/user/.m2/repository/javax/validation/validation-api/1.1.0.Final/validation-api-1.1.0.Final.jar:/home/user/.m2/repository/org/glassfish/jersey/media/jersey-media-json-jackson/2.27/jersey-media-json-jackson-2.27.jar:/home/user/.m2/repository/org/glassfish/jersey/ext/jersey-entity-filtering/2.27/jersey-entity-filtering-2.27.jar:/home/user/.m2/repository/com/google/inject/extensions/guice-assistedinject/4.0/guice-assistedinject-4.0.jar:/home/user/.m2/repository/org/jooq/jooq/3.11.10/jooq-3.11.10.jar:/home/user/.m2/repository/org/jooq/jooq-meta/3.11.10/jooq-meta-3.11.10.jar:/home/user/.m2/repository/org/jooq/jooq-codegen/3.11.10/jooq-codegen-3.11.10.jar:/home/user/.m2/repository/com/jolbox/bonecp/0.8.0.RELEASE/bonecp-0.8.0.RELEASE.jar:/home/user/.m2/repository/org/xerial/sqlite-jdbc/3.25.2/sqlite-jdbc-3.25.2.jar:/home/user/.m2/repository/org/springframework/spring-jdbc/5.1.3.RELEASE/spring-jdbc-5.1.3.RELEASE.jar:/home/user/.m2/repository/org/springframework/spring-beans/5.1.3.RELEASE/spring-beans-5.1.3.RELEASE.jar:/home/user/.m2/repository/org/springframework/spring-core/5.1.3.RELEASE/spring-core-5.1.3.RELEASE.jar:/home/user/.m2/repository/org/springframework/spring-jcl/5.1.3.RELEASE/spring-jcl-5.1.3.RELEASE.jar:/home/user/.m2/repository/org/springframework/spring-tx/5.1.3.RELEASE/spring-tx-5.1.3.RELEASE.jar:/home/user/.m2/repository/org/apache/hadoop/hadoop-ozone-client/0.5.0-SNAPSHOT/hadoop-ozone-client-0.5.0-SNAPSHOT.jar:/home/user/.m2/repository/commons-lang/commons-lang/2.6/commons-lang-2.6.jar:/home/user/.m2/repository/org/apache/hadoop/hadoop-ozone-ozone-manager/0.5.0-SNAPSHOT/hadoop-ozone-ozone-manager-0.5.0-SNAPSHOT-tests.jar:/home/user/.m2/repository/junit/junit/4.11/junit-4.11.jar:/home/user/.m2/repository/org/hamcrest/hamcrest-core/1.3/hamcrest-core-1.3.jar:/home/user/.m2/repository/org/openjdk/jmh/jmh-core/1.19/jmh-core-1.19.jar:/home/user/.m2/repository/net/sf/jopt-simple/jopt-simple/4.6/jopt-simple-4.6.jar:/home/user/.m2/repository/org/apache/commons/commons-math3/3.1.1/commons-math3-3.1.1.jar:/home/user/.m2/repository/org/openjdk/jmh/jmh-generator-annprocess/1.19/jmh-generator-annprocess-1.19.jar:/home/user/.m2/repository/org/mockito/mockito-all/1.8.5/mockito-all-1.8.5.jar:/home/user/.m2/repository/org/apache/hadoop/hadoop-kms/3.2.0/hadoop-kms-3.2.0.jar:/home/user/.m2/repository/org/apache/hadoop/hadoop-auth/3.2.0/hadoop-auth-3.2.0.jar:/home/user/.m2/repository/com/nimbusds/nimbus-jose-jwt/4.41.1/nimbus-jose-jwt-4.41.1.jar:/home/user/.m2/repository/com/github/stephenc/jcip/jcip-annotations/1.0-1/jcip-annotations-1.0-1.jar:/home/user/.m2/repository/net/minidev/json-smart/2.3/json-smart-2.3.jar:/home/user/.m2/repository/net/minidev/accessors-smart/1.2/accessors-smart-1.2.jar:/home/user/.m2/repository/org/ow2/asm/asm/5.0.4/asm-5.0.4.jar:/home/user/.m2/repository/org/apache/curator/curator-framework/2.12.0/curator-framework-2.12.0.jar:/home/user/.m2/repository/com/sun/jersey/jersey-core/1.19/jersey-core-1.19.jar:/home/user/.m2/repository/javax/ws/rs/jsr311-api/1.1.1/jsr311-api-1.1.1.jar:/home/user/.m2/repository/com/sun/jersey/jersey-server/1.19/jersey-server-1.19.jar:/home/user/.m2/repository/javax/servlet/javax.servlet-api/3.1.0/javax.servlet-api-3.1.0.jar:/home/user/.m2/repository/org/eclipse/jetty/jetty-server/9.3.25.v20180904/jetty-server-9.3.25.v20180904.jar:/home/user/.m2/repository/org/eclipse/jetty/jetty-http/9.3.25.v20180904/jetty-http-9.3.25.v20180904.jar:/home/user/.m2/repository/org/eclipse/jetty/jetty-io/9.3.25.v20180904/jetty-io-9.3.25.v20180904.jar:/home/user/.m2/repository/org/eclipse/jetty/jetty-webapp/9.3.25.v20180904/jetty-webapp-9.3.25.v20180904.jar:/home/user/.m2/repository/org/eclipse/jetty/jetty-xml/9.3.25.v20180904/jetty-xml-9.3.25.v20180904.jar:/home/user/.m2/repository/log4j/log4j/1.2.17/log4j-1.2.17.jar:/home/user/.m2/repository/org/slf4j/slf4j-api/1.7.25/slf4j-api-1.7.25.jar:/home/user/.m2/repository/org/slf4j/jul-to-slf4j/1.7.25/jul-to-slf4j-1.7.25.jar:/home/user/.m2/repository/org/eclipse/jetty/jetty-util/9.3.25.v20180904/jetty-util-9.3.25.v20180904.jar:/home/user/.m2/repository/com/fasterxml/jackson/core/jackson-databind/2.9.9/jackson-databind-2.9.9.jar:/home/user/.m2/repository/org/apache/hadoop/hadoop-kms/3.2.0/hadoop-kms-3.2.0-tests.jar:/home/user/.m2/repository/org/apache/hadoop/hadoop-hdds-server-scm/0.5.0-SNAPSHOT/hadoop-hdds-server-scm-0.5.0-SNAPSHOT-tests.jar:/home/user/.m2/repository/org/apache/hadoop/hadoop-hdds-container-service/0.5.0-SNAPSHOT/hadoop-hdds-container-service-0.5.0-SNAPSHOT-tests.jar:/home/user/.m2/repository/org/yaml/snakeyaml/1.16/snakeyaml-1.16.jar:/home/user/.m2/repository/org/apache/hadoop/hadoop-common/3.2.0/hadoop-common-3.2.0-tests.jar:/home/user/.m2/repository/org/apache/hadoop/hadoop-annotations/3.2.0/hadoop-annotations-3.2.0.jar:/usr/lib/jvm/java-1.8-openjdk/jre/../lib/tools.jar:/home/user/.m2/repository/commons-cli/commons-cli/1.2/commons-cli-1.2.jar:/home/user/.m2/repository/org/apache/httpcomponents/httpclient/4.5.2/httpclient-4.5.2.jar:/home/user/.m2/repository/org/apache/httpcomponents/httpcore/4.4.4/httpcore-4.4.4.jar:/home/user/.m2/repository/commons-codec/commons-codec/1.11/commons-codec-1.11.jar:/home/user/.m2/repository/commons-net/commons-net/3.6/commons-net-3.6.jar:/home/user/.m2/repository/commons-collections/commons-collections/3.2.2/commons-collections-3.2.2.jar:/home/user/.m2/repository/org/eclipse/jetty/jetty-servlet/9.3.25.v20180904/jetty-servlet-9.3.25.v20180904.jar:/home/user/.m2/repository/org/eclipse/jetty/jetty-security/9.3.25.v20180904/jetty-security-9.3.25.v20180904.jar:/home/user/.m2/repository/javax/servlet/jsp/jsp-api/2.1/jsp-api-2.1.jar:/home/user/.m2/repository/com/sun/jersey/jersey-servlet/1.19/jersey-servlet-1.19.jar:/home/user/.m2/repository/com/sun/jersey/jersey-json/1.19/jersey-json-1.19.jar:/home/user/.m2/repository/org/codehaus/jettison/jettison/1.1/jettison-1.1.jar:/home/user/.m2/repository/org/codehaus/jackson/jackson-core-asl/1.9.13/jackson-core-asl-1.9.13.jar:/home/user/.m2/repository/org/codehaus/jackson/jackson-mapper-asl/1.9.13/jackson-mapper-asl-1.9.13.jar:/home/user/.m2/repository/org/codehaus/jackson/jackson-jaxrs/1.9.13/jackson-jaxrs-1.9.13.jar:/home/user/.m2/repository/org/codehaus/jackson/jackson-xc/1.9.13/jackson-xc-1.9.13.jar:/home/user/.m2/repository/commons-logging/commons-logging/1.1.3/commons-logging-1.1.3.jar:/home/user/.m2/repository/commons-beanutils/commons-beanutils/1.9.4/commons-beanutils-1.9.4.jar:/home/user/.m2/repository/org/apache/commons/commons-configuration2/2.1.1/commons-configuration2-2.1.1.jar:/home/user/.m2/repository/org/apache/commons/commons-lang3/3.7/commons-lang3-3.7.jar:/home/user/.m2/repository/org/apache/commons/commons-text/1.4/commons-text-1.4.jar:/home/user/.m2/repository/org/apache/avro/avro/1.7.7/avro-1.7.7.jar:/home/user/.m2/repository/com/thoughtworks/paranamer/paranamer/2.3/paranamer-2.3.jar:/home/user/.m2/repository/org/xerial/snappy/snappy-java/1.0.5/snappy-java-1.0.5.jar:/home/user/.m2/repository/com/google/re2j/re2j/1.1/re2j-1.1.jar:/home/user/.m2/repository/com/google/code/gson/gson/2.2.4/gson-2.2.4.jar:/home/user/.m2/repository/com/jcraft/jsch/0.1.54/jsch-0.1.54.jar:/home/user/.m2/repository/org/apache/curator/curator-client/2.12.0/curator-client-2.12.0.jar:/home/user/.m2/repository/org/apache/curator/curator-recipes/2.12.0/curator-recipes-2.12.0.jar:/home/user/.m2/repository/com/google/code/findbugs/jsr305/3.0.0/jsr305-3.0.0.jar:/home/user/.m2/repository/org/apache/htrace/htrace-core4/4.1.0-incubating/htrace-core4-4.1.0-incubating.jar:/home/user/.m2/repository/org/apache/zookeeper/zookeeper/3.4.13/zookeeper-3.4.13.jar:/home/user/.m2/repository/jline/jline/0.9.94/jline-0.9.94.jar:/home/user/.m2/repository/org/apache/yetus/audience-annotations/0.5.0/audience-annotations-0.5.0.jar:/home/user/.m2/repository/org/codehaus/woodstox/stax2-api/3.1.4/stax2-api-3.1.4.jar:/home/user/.m2/repository/com/fasterxml/woodstox/woodstox-core/5.0.3/woodstox-core-5.0.3.jar:/home/user/.m2/repository/dnsjava/dnsjava/2.1.7/dnsjava-2.1.7.jar:/home/user/.m2/repository/org/apache/hadoop/hadoop-hdfs/3.2.0/hadoop-hdfs-3.2.0-tests.jar:/home/user/.m2/repository/org/eclipse/jetty/jetty-util-ajax/9.3.25.v20180904/jetty-util-ajax-9.3.25.v20180904.jar:/home/user/.m2/repository/commons-daemon/commons-daemon/1.0.13/commons-daemon-1.0.13.jar:/home/user/.m2/repository/io/netty/netty/3.10.5.Final/netty-3.10.5.Final.jar:/home/user/.m2/repository/io/netty/netty-all/4.0.52.Final/netty-all-4.0.52.Final.jar:/home/user/.m2/repository/org/fusesource/leveldbjni/leveldbjni-all/1.8/leveldbjni-all-1.8.jar:"/>
    <property name="sun.cpu.endian" value="little"/>
    <property name="user.home" value="/home/user"/>
    <property name="user.language" value="en"/>
    <property name="java.specification.vendor" value="Oracle Corporation"/>
    <property name="java.home" value="/usr/lib/jvm/java-1.8-openjdk/jre"/>
    <property name="java.security.krb5.conf" value="/workdir/hadoop-ozone/integration-test/target/test-classes/krb5.conf"/>
    <property name="basedir" value="/workdir/hadoop-ozone/integration-test"/>
    <property name="file.separator" value="/"/>
    <property name="line.separator" value="&#10;"/>
    <property name="java.vm.specification.vendor" value="Oracle Corporation"/>
    <property name="java.specification.name" value="Java Platform API Specification"/>
    <property name="java.awt.graphicsenv" value="sun.awt.X11GraphicsEnvironment"/>
    <property name="surefire.real.class.path" value="/workdir/hadoop-ozone/integration-test/target/surefire/surefirebooter4722966451931354825.jar"/>
    <property name="hadoop.log.dir" value="/workdir/hadoop-ozone/integration-test/target/log"/>
    <property name="sun.boot.class.path" value="/usr/lib/jvm/java-1.8-openjdk/jre/lib/resources.jar:/usr/lib/jvm/java-1.8-openjdk/jre/lib/rt.jar:/usr/lib/jvm/java-1.8-openjdk/jre/lib/sunrsasign.jar:/usr/lib/jvm/java-1.8-openjdk/jre/lib/jsse.jar:/usr/lib/jvm/java-1.8-openjdk/jre/lib/jce.jar:/usr/lib/jvm/java-1.8-openjdk/jre/lib/charsets.jar:/usr/lib/jvm/java-1.8-openjdk/jre/lib/jfr.jar:/usr/lib/jvm/java-1.8-openjdk/jre/classes"/>
    <property name="sun.management.compiler" value="HotSpot 64-Bit Tiered Compilers"/>
    <property name="java.runtime.version" value="1.8.0_212-b04"/>
    <property name="java.net.preferIPv4Stack" value="true"/>
    <property name="user.name" value="jenkins1000"/>
    <property name="path.separator" value=":"/>
    <property name="java.security.egd" value="file:///dev/urandom"/>
    <property name="os.version" value="3.10.0-957.12.2.el7.x86_64"/>
    <property name="java.endorsed.dirs" value="/usr/lib/jvm/java-1.8-openjdk/jre/lib/endorsed"/>
    <property name="java.runtime.name" value="OpenJDK Runtime Environment"/>
    <property name="file.encoding" value="UTF-8"/>
    <property name="java.vm.name" value="OpenJDK 64-Bit Server VM"/>
    <property name="test.build.webapps" value=""/>
    <property name="localRepository" value="/home/user/.m2/repository"/>
    <property name="java.vendor.url.bug" value="https://icedtea.classpath.org/bugzilla"/>
    <property name="java.io.tmpdir" value="/tmp"/>
    <property name="require.test.libhadoop" value=""/>
    <property name="java.version" value="1.8.0_212"/>
    <property name="user.dir" value="/workdir/hadoop-ozone/integration-test"/>
    <property name="os.arch" value="amd64"/>
    <property name="java.vm.specification.name" value="Java Virtual Machine Specification"/>
    <property name="test.build.classes" value="/workdir/hadoop-ozone/integration-test/target/test-classes"/>
    <property name="java.awt.printerjob" value="sun.print.PSPrinterJob"/>
    <property name="sun.os.patch.level" value="unknown"/>
    <property name="hadoop.tmp.dir" value="/workdir/hadoop-ozone/integration-test/target/tmp"/>
    <property name="java.library.path" value="/usr/lib/jvm/java-1.8-openjdk/jre/lib/amd64/server:/usr/lib/jvm/java-1.8-openjdk/jre/lib/amd64:/usr/lib/jvm/java-1.8-openjdk/jre/../lib/amd64:/workdir/hadoop-ozone/integration-test/target/native/target/usr/local/lib:/workdir/hadoop-ozone/integration-test/../../hadoop-common-project/hadoop-common/target/native/target/usr/local/lib:/usr/java/packages/lib/amd64:/usr/lib64:/lib64:/lib:/usr/lib"/>
    <property name="java.vm.info" value="mixed mode"/>
    <property name="java.vendor" value="IcedTea"/>
    <property name="java.vm.version" value="25.212-b04"/>
    <property name="java.ext.dirs" value="/usr/lib/jvm/java-1.8-openjdk/jre/lib/ext:/usr/java/packages/lib/ext"/>
    <property name="sun.io.unicode.encoding" value="UnicodeLittle"/>
    <property name="java.class.version" value="52.0"/>
  </properties>
  <testcase name="test2DatanodesFailure" classname="org.apache.hadoop.ozone.client.rpc.TestBlockOutputStreamWithFailures" time="48.46"/>
  <testcase name="testDatanodeFailureWithPreAllocation" classname="org.apache.hadoop.ozone.client.rpc.TestBlockOutputStreamWithFailures" time="222.768"/>
  <testcase name="testDatanodeFailureWithSingleNodeRatis" classname="org.apache.hadoop.ozone.client.rpc.TestBlockOutputStreamWithFailures" time="222.961"/>
  <testcase name="testWatchForCommitWithSingleNodeRatis" classname="org.apache.hadoop.ozone.client.rpc.TestBlockOutputStreamWithFailures" time="34.47"/>
  <testcase name="testWatchForCommitDatanodeFailure" classname="org.apache.hadoop.ozone.client.rpc.TestBlockOutputStreamWithFailures" time="37.172">
    <failure message="expected:&lt;61&gt; but was:&lt;62&gt;" type="java.lang.AssertionError"><![CDATA[java.lang.AssertionError: expected:<61> but was:<62>
	at org.junit.Assert.fail(Assert.java:88)
	at org.junit.Assert.failNotEquals(Assert.java:743)
	at org.junit.Assert.assertEquals(Assert.java:118)
	at org.junit.Assert.assertEquals(Assert.java:555)
	at org.junit.Assert.assertEquals(Assert.java:542)
	at org.apache.hadoop.ozone.client.rpc.TestBlockOutputStreamWithFailures.testWatchForCommitDatanodeFailure(TestBlockOutputStreamWithFailures.java:336)
	at sun.reflect.NativeMethodAccessorImpl.invoke0(Native Method)
	at sun.reflect.NativeMethodAccessorImpl.invoke(NativeMethodAccessorImpl.java:62)
	at sun.reflect.DelegatingMethodAccessorImpl.invoke(DelegatingMethodAccessorImpl.java:43)
	at java.lang.reflect.Method.invoke(Method.java:498)
	at org.junit.runners.model.FrameworkMethod$1.runReflectiveCall(FrameworkMethod.java:47)
	at org.junit.internal.runners.model.ReflectiveCallable.run(ReflectiveCallable.java:12)
	at org.junit.runners.model.FrameworkMethod.invokeExplosively(FrameworkMethod.java:44)
	at org.junit.internal.runners.statements.InvokeMethod.evaluate(InvokeMethod.java:17)
	at org.junit.internal.runners.statements.RunBefores.evaluate(RunBefores.java:26)
	at org.junit.internal.runners.statements.RunAfters.evaluate(RunAfters.java:27)
	at org.junit.runners.ParentRunner.runLeaf(ParentRunner.java:271)
	at org.junit.runners.BlockJUnit4ClassRunner.runChild(BlockJUnit4ClassRunner.java:70)
	at org.junit.runners.BlockJUnit4ClassRunner.runChild(BlockJUnit4ClassRunner.java:50)
	at org.junit.runners.ParentRunner$3.run(ParentRunner.java:238)
	at org.junit.runners.ParentRunner$1.schedule(ParentRunner.java:63)
	at org.junit.runners.ParentRunner.runChildren(ParentRunner.java:236)
	at org.junit.runners.ParentRunner.access$000(ParentRunner.java:53)
	at org.junit.runners.ParentRunner$2.evaluate(ParentRunner.java:229)
	at org.junit.runners.ParentRunner.run(ParentRunner.java:309)
	at org.apache.maven.surefire.junit4.JUnit4Provider.execute(JUnit4Provider.java:365)
	at org.apache.maven.surefire.junit4.JUnit4Provider.executeWithRerun(JUnit4Provider.java:273)
	at org.apache.maven.surefire.junit4.JUnit4Provider.executeTestSet(JUnit4Provider.java:238)
	at org.apache.maven.surefire.junit4.JUnit4Provider.invoke(JUnit4Provider.java:159)
	at org.apache.maven.surefire.booter.ForkedBooter.invokeProviderInSameClassLoader(ForkedBooter.java:384)
	at org.apache.maven.surefire.booter.ForkedBooter.runSuitesInProcess(ForkedBooter.java:345)
	at org.apache.maven.surefire.booter.ForkedBooter.execute(ForkedBooter.java:126)
	at org.apache.maven.surefire.booter.ForkedBooter.main(ForkedBooter.java:418)
]]></failure>
    <system-out><![CDATA[2019-09-28 06:50:34,320 [main] WARN  server.ServerUtils (ServerUtils.java:getScmDbDir(145)) - ozone.scm.db.dirs is not configured. We recommend adding this setting. Falling back to ozone.metadata.dirs instead.
2019-09-28 06:50:34,335 [main] WARN  server.ServerUtils (ServerUtils.java:getScmDbDir(145)) - ozone.scm.db.dirs is not configured. We recommend adding this setting. Falling back to ozone.metadata.dirs instead.
2019-09-28 06:50:34,335 [main] WARN  server.ServerUtils (ServerUtils.java:getScmDbDir(145)) - ozone.scm.db.dirs is not configured. We recommend adding this setting. Falling back to ozone.metadata.dirs instead.
2019-09-28 06:50:34,336 [main] INFO  db.DBStoreBuilder (DBStoreBuilder.java:addTable(110)) - using custom profile for table: deletedBlocks
2019-09-28 06:50:34,336 [main] INFO  db.DBStoreBuilder (DBStoreBuilder.java:processTables(161)) - Using default column profile:DBProfile.DISK for Table:deletedBlocks
2019-09-28 06:50:34,337 [main] INFO  db.DBStoreBuilder (DBStoreBuilder.java:addTable(110)) - using custom profile for table: validCerts
2019-09-28 06:50:34,337 [main] INFO  db.DBStoreBuilder (DBStoreBuilder.java:processTables(161)) - Using default column profile:DBProfile.DISK for Table:validCerts
2019-09-28 06:50:34,337 [main] INFO  db.DBStoreBuilder (DBStoreBuilder.java:addTable(110)) - using custom profile for table: revokedCerts
2019-09-28 06:50:34,337 [main] INFO  db.DBStoreBuilder (DBStoreBuilder.java:processTables(161)) - Using default column profile:DBProfile.DISK for Table:revokedCerts
2019-09-28 06:50:34,337 [main] INFO  db.DBStoreBuilder (DBStoreBuilder.java:addTable(110)) - using custom profile for table: default
2019-09-28 06:50:34,338 [main] INFO  db.DBStoreBuilder (DBStoreBuilder.java:processTables(167)) - Using default column profile:DBProfile.DISK for Table:default
2019-09-28 06:50:34,338 [main] INFO  db.DBStoreBuilder (DBStoreBuilder.java:getDbProfile(198)) - Using default options. DBProfile.DISK
2019-09-28 06:50:34,564 [main] INFO  net.NodeSchemaLoader (NodeSchemaLoader.java:loadSchemaFromFile(125)) - Loading file from sun.misc.CompoundEnumeration@2e6d76ba
2019-09-28 06:50:34,564 [main] INFO  net.NodeSchemaLoader (NodeSchemaLoader.java:loadSchema(171)) - Loading network topology layer schema file
2019-09-28 06:50:34,570 [main] INFO  node.SCMNodeManager (SCMNodeManager.java:<init>(114)) - Entering startup safe mode.
2019-09-28 06:50:34,570 [main] INFO  algorithms.ContainerPlacementPolicyFactory (ContainerPlacementPolicyFactory.java:getPolicy(57)) - Create container placement policy of type org.apache.hadoop.hdds.scm.container.placement.algorithms.SCMContainerPlacementRandom
2019-09-28 06:50:34,571 [main] WARN  server.ServerUtils (ServerUtils.java:getScmDbDir(145)) - ozone.scm.db.dirs is not configured. We recommend adding this setting. Falling back to ozone.metadata.dirs instead.
2019-09-28 06:50:34,643 [main] INFO  pipeline.SCMPipelineManager (SCMPipelineManager.java:initializePipelineState(132)) - No pipeline exists in current db
2019-09-28 06:50:34,644 [main] WARN  server.ServerUtils (ServerUtils.java:getScmDbDir(145)) - ozone.scm.db.dirs is not configured. We recommend adding this setting. Falling back to ozone.metadata.dirs instead.
2019-09-28 06:50:34,709 [main] WARN  events.EventQueue (EventQueue.java:fireEvent(183)) - No event handler registered for event TypedEvent{payloadType=SafeModeStatus, name='SafeModeStatus'}
2019-09-28 06:50:34,710 [main] INFO  ipc.CallQueueManager (CallQueueManager.java:<init>(84)) - Using callQueue: class java.util.concurrent.LinkedBlockingQueue, queueCapacity: 2000, scheduler: class org.apache.hadoop.ipc.DefaultRpcScheduler, ipcBackoff: false.
2019-09-28 06:50:34,711 [Socket Reader #1 for port 35797] INFO  ipc.Server (Server.java:run(1074)) - Starting Socket Reader #1 for port 35797
2019-09-28 06:50:34,713 [main] INFO  ipc.CallQueueManager (CallQueueManager.java:<init>(84)) - Using callQueue: class java.util.concurrent.LinkedBlockingQueue, queueCapacity: 2000, scheduler: class org.apache.hadoop.ipc.DefaultRpcScheduler, ipcBackoff: false.
2019-09-28 06:50:34,714 [Socket Reader #1 for port 38251] INFO  ipc.Server (Server.java:run(1074)) - Starting Socket Reader #1 for port 38251
2019-09-28 06:50:34,716 [main] INFO  ipc.CallQueueManager (CallQueueManager.java:<init>(84)) - Using callQueue: class java.util.concurrent.LinkedBlockingQueue, queueCapacity: 2000, scheduler: class org.apache.hadoop.ipc.DefaultRpcScheduler, ipcBackoff: false.
2019-09-28 06:50:34,717 [Socket Reader #1 for port 37448] INFO  ipc.Server (Server.java:run(1074)) - Starting Socket Reader #1 for port 37448
2019-09-28 06:50:34,720 [main] INFO  hdfs.DFSUtil (DFSUtil.java:httpServerTemplateForNNAndJN(1641)) - Starting Web-server for scm at: http://0.0.0.0:0
2019-09-28 06:50:34,722 [main] INFO  server.AuthenticationFilter (AuthenticationFilter.java:constructSecretProvider(240)) - Unable to initialize FileSignerSecretProvider, falling back to use random secrets.
2019-09-28 06:50:34,722 [main] WARN  http.HttpRequestLog (HttpRequestLog.java:getRequestLog(97)) - Jetty request log can only be enabled using Log4j
2019-09-28 06:50:34,724 [main] INFO  http.HttpServer2 (HttpServer2.java:addGlobalFilter(975)) - Added global filter 'safety' (class=org.apache.hadoop.http.HttpServer2$QuotingInputFilter)
2019-09-28 06:50:34,724 [main] INFO  http.HttpServer2 (HttpServer2.java:addFilter(948)) - Added filter static_user_filter (class=org.apache.hadoop.http.lib.StaticUserWebFilter$StaticUserFilter) to context scm
2019-09-28 06:50:34,725 [main] INFO  http.HttpServer2 (HttpServer2.java:addFilter(958)) - Added filter static_user_filter (class=org.apache.hadoop.http.lib.StaticUserWebFilter$StaticUserFilter) to context static
2019-09-28 06:50:34,725 [main] INFO  http.HttpServer2 (HttpServer2.java:addFilter(958)) - Added filter static_user_filter (class=org.apache.hadoop.http.lib.StaticUserWebFilter$StaticUserFilter) to context logs
2019-09-28 06:50:34,726 [main] INFO  server.StorageContainerManager (StorageContainerManager.java:start(770)) - StorageContainerLocationProtocol RPC server is listening at /0.0.0.0:37448
2019-09-28 06:50:34,728 [main] WARN  impl.MetricsConfig (MetricsConfig.java:loadFirst(134)) - Cannot locate configuration: tried hadoop-metrics2-storagecontainermanager.properties,hadoop-metrics2.properties
2019-09-28 06:50:34,729 [main] INFO  impl.MetricsSystemImpl (MetricsSystemImpl.java:startTimer(374)) - Scheduled Metric snapshot period at 10 second(s).
2019-09-28 06:50:34,729 [main] INFO  impl.MetricsSystemImpl (MetricsSystemImpl.java:start(191)) - StorageContainerManager metrics system started
2019-09-28 06:50:34,777 [main] WARN  impl.MetricsSystemImpl (MetricsSystemImpl.java:register(276)) - Sink prometheus already exists!
2019-09-28 06:50:34,860 [main] INFO  server.SCMClientProtocolServer (SCMClientProtocolServer.java:start(150)) - RPC server for Client  is listening at /0.0.0.0:37448
2019-09-28 06:50:34,861 [IPC Server Responder] INFO  ipc.Server (Server.java:run(1314)) - IPC Server Responder: starting
2019-09-28 06:50:34,861 [IPC Server listener on 37448] INFO  ipc.Server (Server.java:run(1153)) - IPC Server listener on 37448: starting
2019-09-28 06:50:34,865 [main] INFO  server.StorageContainerManager (StorageContainerManager.java:start(780)) - ScmBlockLocationProtocol RPC server is listening at /0.0.0.0:38251
2019-09-28 06:50:34,865 [main] INFO  server.SCMBlockProtocolServer (SCMBlockProtocolServer.java:start(146)) - RPC server for Block Protocol is listening at /0.0.0.0:38251
2019-09-28 06:50:34,866 [IPC Server Responder] INFO  ipc.Server (Server.java:run(1314)) - IPC Server Responder: starting
2019-09-28 06:50:34,866 [IPC Server listener on 38251] INFO  ipc.Server (Server.java:run(1153)) - IPC Server listener on 38251: starting
2019-09-28 06:50:34,870 [main] INFO  server.StorageContainerManager (StorageContainerManager.java:start(784)) - ScmDatanodeProtocl RPC server is listening at /0.0.0.0:35797
2019-09-28 06:50:34,870 [main] INFO  server.SCMDatanodeProtocolServer (SCMDatanodeProtocolServer.java:start(191)) - RPC server for DataNodes is listening at /0.0.0.0:35797
2019-09-28 06:50:34,871 [IPC Server listener on 35797] INFO  ipc.Server (Server.java:run(1153)) - IPC Server listener on 35797: starting
2019-09-28 06:50:34,871 [IPC Server Responder] INFO  ipc.Server (Server.java:run(1314)) - IPC Server Responder: starting
2019-09-28 06:50:34,874 [main] INFO  http.HttpServer2 (HttpServer2.java:bindListener(1191)) - Jetty bound to port 45264
2019-09-28 06:50:34,874 [main] INFO  server.Server (Server.java:doStart(351)) - jetty-9.3.25.v20180904, build timestamp: 2018-09-04T21:11:46Z, git hash: 3ce520221d0240229c862b122d2b06c12a625732
2019-09-28 06:50:34,876 [main] INFO  handler.ContextHandler (ContextHandler.java:doStart(781)) - Started o.e.j.s.ServletContextHandler@691567ea{/logs,file:///workdir/hadoop-ozone/integration-test/target/log,AVAILABLE}
2019-09-28 06:50:34,876 [main] INFO  handler.ContextHandler (ContextHandler.java:doStart(781)) - Started o.e.j.s.ServletContextHandler@5c8d58ed{/static,file:///workdir/hadoop-ozone/integration-test/target/test-classes/webapps/static,AVAILABLE}
2019-09-28 06:50:34,881 [main] INFO  handler.ContextHandler (ContextHandler.java:doStart(781)) - Started o.e.j.w.WebAppContext@22791b75{/,file:///workdir/hadoop-ozone/integration-test/target/test-classes/webapps/scm/,AVAILABLE}{/scm}
2019-09-28 06:50:34,881 [main] INFO  server.AbstractConnector (AbstractConnector.java:doStart(278)) - Started ServerConnector@64f4f12{HTTP/1.1,[http/1.1]}{0.0.0.0:45264}
2019-09-28 06:50:34,882 [main] INFO  server.Server (Server.java:doStart(419)) - Started @529809ms
2019-09-28 06:50:34,883 [main] WARN  impl.MetricsSystemImpl (MetricsSystemImpl.java:register(276)) - Sink prometheus already exists!
2019-09-28 06:50:34,883 [main] INFO  server.BaseHttpServer (BaseHttpServer.java:updateConnectorAddress(215)) - HTTP server of SCM is listening at http://0.0.0.0:45264
2019-09-28 06:50:34,885 [main] WARN  server.ServerUtils (ServerUtils.java:getDBPath(222)) - ozone.om.db.dirs is not configured. We recommend adding this setting. Falling back to ozone.metadata.dirs instead.
2019-09-28 06:50:34,885 [org.apache.hadoop.util.JvmPauseMonitor$Monitor@7d0cd23c] INFO  util.JvmPauseMonitor (JvmPauseMonitor.java:run(188)) - Starting JVM pause monitor
2019-09-28 06:50:34,892 [main] WARN  server.ServerUtils (ServerUtils.java:getDBPath(222)) - ozone.om.db.dirs is not configured. We recommend adding this setting. Falling back to ozone.metadata.dirs instead.
2019-09-28 06:50:34,892 [main] WARN  server.ServerUtils (ServerUtils.java:getDBPath(222)) - ozone.om.db.dirs is not configured. We recommend adding this setting. Falling back to ozone.metadata.dirs instead.
2019-09-28 06:50:34,892 [main] INFO  om.OzoneManager (OzoneManager.java:setOMNodeDetails(652)) - OM Service ID is not set. Setting it to the default ID: omServiceIdDefault
2019-09-28 06:50:34,893 [main] INFO  om.OzoneManager (OzoneManager.java:setOMNodeDetails(658)) - OM Node ID is not set. Setting it to the OmStorage's OmID: 16450922-9b82-4822-a18e-9764f3b0ae39
2019-09-28 06:50:34,893 [main] INFO  om.OzoneManager (OzoneManager.java:loadOMHAConfigs(609)) - Found matching OM address with OMServiceId: null, OMNodeId: null, RPC Address: localhost:0 and Ratis port: 9872
2019-09-28 06:50:34,900 [main] WARN  server.ServerUtils (ServerUtils.java:getDBPath(222)) - ozone.om.db.dirs is not configured. We recommend adding this setting. Falling back to ozone.metadata.dirs instead.
2019-09-28 06:50:34,900 [main] INFO  db.DBStoreBuilder (DBStoreBuilder.java:addTable(110)) - using custom profile for table: userTable
2019-09-28 06:50:34,900 [main] INFO  db.DBStoreBuilder (DBStoreBuilder.java:processTables(161)) - Using default column profile:DBProfile.DISK for Table:userTable
2019-09-28 06:50:34,901 [main] INFO  db.DBStoreBuilder (DBStoreBuilder.java:addTable(110)) - using custom profile for table: volumeTable
2019-09-28 06:50:34,901 [main] INFO  db.DBStoreBuilder (DBStoreBuilder.java:processTables(161)) - Using default column profile:DBProfile.DISK for Table:volumeTable
2019-09-28 06:50:34,901 [main] INFO  db.DBStoreBuilder (DBStoreBuilder.java:addTable(110)) - using custom profile for table: bucketTable
2019-09-28 06:50:34,901 [main] INFO  db.DBStoreBuilder (DBStoreBuilder.java:processTables(161)) - Using default column profile:DBProfile.DISK for Table:bucketTable
2019-09-28 06:50:34,901 [main] INFO  db.DBStoreBuilder (DBStoreBuilder.java:addTable(110)) - using custom profile for table: keyTable
2019-09-28 06:50:34,902 [main] INFO  db.DBStoreBuilder (DBStoreBuilder.java:processTables(161)) - Using default column profile:DBProfile.DISK for Table:keyTable
2019-09-28 06:50:34,902 [main] INFO  db.DBStoreBuilder (DBStoreBuilder.java:addTable(110)) - using custom profile for table: deletedTable
2019-09-28 06:50:34,902 [main] INFO  db.DBStoreBuilder (DBStoreBuilder.java:processTables(161)) - Using default column profile:DBProfile.DISK for Table:deletedTable
2019-09-28 06:50:34,902 [main] INFO  db.DBStoreBuilder (DBStoreBuilder.java:addTable(110)) - using custom profile for table: openKeyTable
2019-09-28 06:50:34,902 [main] INFO  db.DBStoreBuilder (DBStoreBuilder.java:processTables(161)) - Using default column profile:DBProfile.DISK for Table:openKeyTable
2019-09-28 06:50:34,903 [main] INFO  db.DBStoreBuilder (DBStoreBuilder.java:addTable(110)) - using custom profile for table: s3Table
2019-09-28 06:50:34,903 [main] INFO  db.DBStoreBuilder (DBStoreBuilder.java:processTables(161)) - Using default column profile:DBProfile.DISK for Table:s3Table
2019-09-28 06:50:34,903 [main] INFO  db.DBStoreBuilder (DBStoreBuilder.java:addTable(110)) - using custom profile for table: multipartInfoTable
2019-09-28 06:50:34,903 [main] INFO  db.DBStoreBuilder (DBStoreBuilder.java:processTables(161)) - Using default column profile:DBProfile.DISK for Table:multipartInfoTable
2019-09-28 06:50:34,904 [main] INFO  db.DBStoreBuilder (DBStoreBuilder.java:addTable(110)) - using custom profile for table: dTokenTable
2019-09-28 06:50:34,904 [main] INFO  db.DBStoreBuilder (DBStoreBuilder.java:processTables(161)) - Using default column profile:DBProfile.DISK for Table:dTokenTable
2019-09-28 06:50:34,904 [main] INFO  db.DBStoreBuilder (DBStoreBuilder.java:addTable(110)) - using custom profile for table: s3SecretTable
2019-09-28 06:50:34,904 [main] INFO  db.DBStoreBuilder (DBStoreBuilder.java:processTables(161)) - Using default column profile:DBProfile.DISK for Table:s3SecretTable
2019-09-28 06:50:34,904 [main] INFO  db.DBStoreBuilder (DBStoreBuilder.java:addTable(110)) - using custom profile for table: prefixTable
2019-09-28 06:50:34,905 [main] INFO  db.DBStoreBuilder (DBStoreBuilder.java:processTables(161)) - Using default column profile:DBProfile.DISK for Table:prefixTable
2019-09-28 06:50:34,905 [main] INFO  db.DBStoreBuilder (DBStoreBuilder.java:addTable(110)) - using custom profile for table: default
2019-09-28 06:50:34,905 [main] INFO  db.DBStoreBuilder (DBStoreBuilder.java:processTables(167)) - Using default column profile:DBProfile.DISK for Table:default
2019-09-28 06:50:34,905 [main] INFO  db.DBStoreBuilder (DBStoreBuilder.java:getDbProfile(198)) - Using default options. DBProfile.DISK
2019-09-28 06:50:35,514 [main] INFO  ipc.CallQueueManager (CallQueueManager.java:<init>(84)) - Using callQueue: class java.util.concurrent.LinkedBlockingQueue, queueCapacity: 2000, scheduler: class org.apache.hadoop.ipc.DefaultRpcScheduler, ipcBackoff: false.
2019-09-28 06:50:35,515 [Socket Reader #1 for port 43376] INFO  ipc.Server (Server.java:run(1074)) - Starting Socket Reader #1 for port 43376
2019-09-28 06:50:35,528 [main] INFO  om.OzoneManager (OzoneManager.java:start(1243)) - OzoneManager RPC server is listening at localhost/127.0.0.1:43376
2019-09-28 06:50:35,528 [main] INFO  impl.MetricsSystemImpl (MetricsSystemImpl.java:init(158)) - OzoneManager metrics system started (again)
2019-09-28 06:50:35,529 [IPC Server Responder] INFO  ipc.Server (Server.java:run(1314)) - IPC Server Responder: starting
2019-09-28 06:50:35,529 [IPC Server listener on 43376] INFO  ipc.Server (Server.java:run(1153)) - IPC Server listener on 43376: starting
2019-09-28 06:50:35,535 [main] INFO  hdfs.DFSUtil (DFSUtil.java:httpServerTemplateForNNAndJN(1641)) - Starting Web-server for ozoneManager at: http://0.0.0.0:0
2019-09-28 06:50:35,536 [main] INFO  server.AuthenticationFilter (AuthenticationFilter.java:constructSecretProvider(240)) - Unable to initialize FileSignerSecretProvider, falling back to use random secrets.
2019-09-28 06:50:35,536 [main] WARN  http.HttpRequestLog (HttpRequestLog.java:getRequestLog(97)) - Jetty request log can only be enabled using Log4j
2019-09-28 06:50:35,538 [main] INFO  http.HttpServer2 (HttpServer2.java:addGlobalFilter(975)) - Added global filter 'safety' (class=org.apache.hadoop.http.HttpServer2$QuotingInputFilter)
2019-09-28 06:50:35,538 [main] INFO  http.HttpServer2 (HttpServer2.java:addFilter(948)) - Added filter static_user_filter (class=org.apache.hadoop.http.lib.StaticUserWebFilter$StaticUserFilter) to context ozoneManager
2019-09-28 06:50:35,538 [main] INFO  http.HttpServer2 (HttpServer2.java:addFilter(958)) - Added filter static_user_filter (class=org.apache.hadoop.http.lib.StaticUserWebFilter$StaticUserFilter) to context logs
2019-09-28 06:50:35,539 [main] INFO  http.HttpServer2 (HttpServer2.java:addFilter(958)) - Added filter static_user_filter (class=org.apache.hadoop.http.lib.StaticUserWebFilter$StaticUserFilter) to context static
2019-09-28 06:50:35,539 [main] INFO  http.HttpServer2 (HttpServer2.java:bindListener(1191)) - Jetty bound to port 39727
2019-09-28 06:50:35,539 [main] INFO  server.Server (Server.java:doStart(351)) - jetty-9.3.25.v20180904, build timestamp: 2018-09-04T21:11:46Z, git hash: 3ce520221d0240229c862b122d2b06c12a625732
2019-09-28 06:50:35,541 [main] INFO  handler.ContextHandler (ContextHandler.java:doStart(781)) - Started o.e.j.s.ServletContextHandler@4584304{/logs,file:///workdir/hadoop-ozone/integration-test/target/log,AVAILABLE}
2019-09-28 06:50:35,541 [main] INFO  handler.ContextHandler (ContextHandler.java:doStart(781)) - Started o.e.j.s.ServletContextHandler@6f50d55c{/static,file:///workdir/hadoop-ozone/integration-test/target/test-classes/webapps/static,AVAILABLE}
2019-09-28 06:50:35,545 [main] INFO  handler.ContextHandler (ContextHandler.java:doStart(781)) - Started o.e.j.w.WebAppContext@31ab1e67{/,file:///workdir/hadoop-ozone/integration-test/target/test-classes/webapps/ozoneManager/,AVAILABLE}{/ozoneManager}
2019-09-28 06:50:35,545 [main] INFO  server.AbstractConnector (AbstractConnector.java:doStart(278)) - Started ServerConnector@29bbc391{HTTP/1.1,[http/1.1]}{0.0.0.0:39727}
2019-09-28 06:50:35,547 [main] INFO  server.Server (Server.java:doStart(419)) - Started @530474ms
2019-09-28 06:50:35,547 [main] WARN  impl.MetricsSystemImpl (MetricsSystemImpl.java:register(276)) - Sink prometheus already exists!
2019-09-28 06:50:35,547 [main] INFO  server.BaseHttpServer (BaseHttpServer.java:updateConnectorAddress(215)) - HTTP server of OZONEMANAGER is listening at http://0.0.0.0:39727
2019-09-28 06:50:35,564 [main] INFO  impl.MetricsSystemImpl (MetricsSystemImpl.java:init(158)) - HddsDatanode metrics system started (again)
2019-09-28 06:50:35,568 [main] INFO  ozone.HddsDatanodeService (HddsDatanodeService.java:start(184)) - HddsDatanodeService host:pr-hdds-2202-m9h6s-3487434564 ip:192.168.151.105
2019-09-28 06:50:35,575 [main] INFO  volume.HddsVolume (HddsVolume.java:<init>(176)) - Creating Volume: /workdir/hadoop-ozone/integration-test/target/test-dir/MiniOzoneClusterImpl-20dc5c4d-f858-40ba-b097-a7c1cdb8c191/datanode-0/data/containers/hdds of  storage type : DISK and capacity : 1482555576320
2019-09-28 06:50:35,575 [main] INFO  volume.VolumeSet (VolumeSet.java:initializeVolumeSet(170)) - Added Volume : /workdir/hadoop-ozone/integration-test/target/test-dir/MiniOzoneClusterImpl-20dc5c4d-f858-40ba-b097-a7c1cdb8c191/datanode-0/data/containers/hdds to VolumeSet
2019-09-28 06:50:35,576 [main] INFO  volume.ThrottledAsyncChecker (ThrottledAsyncChecker.java:schedule(139)) - Scheduling a check for org.apache.hadoop.ozone.container.common.volume.HddsVolume@747f6c5a
2019-09-28 06:50:35,576 [main] INFO  volume.HddsVolumeChecker (HddsVolumeChecker.java:checkAllVolumes(202)) - Scheduled health check for volume org.apache.hadoop.ozone.container.common.volume.HddsVolume@747f6c5a
2019-09-28 06:50:35,595 [main] INFO  impl.RaftServerProxy (ConfUtils.java:logGet(43)) - raft.rpc.type = GRPC (default)
2019-09-28 06:50:35,595 [main] INFO  grpc.GrpcFactory (GrpcFactory.java:checkPooledByteBufAllocatorUseCacheForAllThreads(45)) - PERFORMANCE WARNING: useCacheForAllThreads is true that may cause Netty to create a lot garbage objects and, as a result, trigger GC.
	It is recommended to disable useCacheForAllThreads by setting -Dorg.apache.ratis.thirdparty.io.netty.allocator.useCacheForAllThreads=false in command line.
2019-09-28 06:50:35,595 [main] INFO  grpc.GrpcConfigKeys$Server (ConfUtils.java:logGet(43)) - raft.grpc.server.port = 0 (default)
2019-09-28 06:50:35,596 [main] INFO  server.GrpcService (ConfUtils.java:logGet(43)) - raft.grpc.message.size.max = 33570816 (custom)
2019-09-28 06:50:35,596 [main] INFO  server.RaftServerConfigKeys (ConfUtils.java:logGet(43)) - raft.server.log.appender.buffer.byte-limit = 33554432 (custom)
2019-09-28 06:50:35,596 [main] INFO  server.GrpcService (ConfUtils.java:logGet(43)) - raft.grpc.flow.control.window = 1MB (=1048576) (default)
2019-09-28 06:50:35,596 [main] INFO  server.RaftServerConfigKeys (ConfUtils.java:logGet(43)) - raft.server.rpc.request.timeout = 3000ms (default)
2019-09-28 06:50:35,597 [main] INFO  server.RaftServerConfigKeys (ConfUtils.java:logGet(43)) - raft.server.storage.dir = [/workdir/hadoop-ozone/integration-test/target/test-dir/MiniOzoneClusterImpl-20dc5c4d-f858-40ba-b097-a7c1cdb8c191/datanode-0/data/ratis] (custom)
2019-09-28 06:50:35,598 [main] INFO  hdfs.DFSUtil (DFSUtil.java:httpServerTemplateForNNAndJN(1641)) - Starting Web-server for hddsDatanode at: http://0.0.0.0:0
2019-09-28 06:50:35,600 [main] INFO  server.AuthenticationFilter (AuthenticationFilter.java:constructSecretProvider(240)) - Unable to initialize FileSignerSecretProvider, falling back to use random secrets.
2019-09-28 06:50:35,600 [main] WARN  http.HttpRequestLog (HttpRequestLog.java:getRequestLog(97)) - Jetty request log can only be enabled using Log4j
2019-09-28 06:50:35,601 [main] INFO  http.HttpServer2 (HttpServer2.java:addGlobalFilter(975)) - Added global filter 'safety' (class=org.apache.hadoop.http.HttpServer2$QuotingInputFilter)
2019-09-28 06:50:35,602 [main] INFO  http.HttpServer2 (HttpServer2.java:addFilter(948)) - Added filter static_user_filter (class=org.apache.hadoop.http.lib.StaticUserWebFilter$StaticUserFilter) to context hddsDatanode
2019-09-28 06:50:35,602 [main] INFO  http.HttpServer2 (HttpServer2.java:addFilter(958)) - Added filter static_user_filter (class=org.apache.hadoop.http.lib.StaticUserWebFilter$StaticUserFilter) to context logs
2019-09-28 06:50:35,602 [main] INFO  http.HttpServer2 (HttpServer2.java:addFilter(958)) - Added filter static_user_filter (class=org.apache.hadoop.http.lib.StaticUserWebFilter$StaticUserFilter) to context static
2019-09-28 06:50:35,603 [main] INFO  http.HttpServer2 (HttpServer2.java:bindListener(1191)) - Jetty bound to port 43571
2019-09-28 06:50:35,603 [main] INFO  server.Server (Server.java:doStart(351)) - jetty-9.3.25.v20180904, build timestamp: 2018-09-04T21:11:46Z, git hash: 3ce520221d0240229c862b122d2b06c12a625732
2019-09-28 06:50:35,604 [main] INFO  handler.ContextHandler (ContextHandler.java:doStart(781)) - Started o.e.j.s.ServletContextHandler@2055833f{/logs,file:///workdir/hadoop-ozone/integration-test/target/log,AVAILABLE}
2019-09-28 06:50:35,605 [main] INFO  handler.ContextHandler (ContextHandler.java:doStart(781)) - Started o.e.j.s.ServletContextHandler@310d57b1{/static,jar:file:/home/user/.m2/repository/org/apache/hadoop/hadoop-hdds-container-service/0.5.0-SNAPSHOT/hadoop-hdds-container-service-0.5.0-SNAPSHOT.jar!/webapps/static,AVAILABLE}
2019-09-28 06:50:35,635 [main] INFO  handler.ContextHandler (ContextHandler.java:doStart(781)) - Started o.e.j.w.WebAppContext@72a8361b{/,file:///tmp/jetty-0.0.0.0-43571-hddsDatanode-_-any-2781386920311342259.dir/webapp/,AVAILABLE}{/hddsDatanode}
2019-09-28 06:50:35,635 [main] INFO  server.AbstractConnector (AbstractConnector.java:doStart(278)) - Started ServerConnector@36478bce{HTTP/1.1,[http/1.1]}{0.0.0.0:43571}
2019-09-28 06:50:35,636 [main] INFO  server.Server (Server.java:doStart(419)) - Started @530563ms
2019-09-28 06:50:35,637 [main] WARN  impl.MetricsSystemImpl (MetricsSystemImpl.java:register(276)) - Sink prometheus already exists!
2019-09-28 06:50:35,638 [main] INFO  server.BaseHttpServer (BaseHttpServer.java:updateConnectorAddress(215)) - HTTP server of HDDSDATANODE is listening at http://0.0.0.0:43571
2019-09-28 06:50:35,638 [main] INFO  impl.MetricsSystemImpl (MetricsSystemImpl.java:init(158)) - HddsDatanode metrics system started (again)
2019-09-28 06:50:35,641 [main] INFO  ozone.HddsDatanodeService (HddsDatanodeService.java:start(184)) - HddsDatanodeService host:pr-hdds-2202-m9h6s-3487434564 ip:192.168.151.105
2019-09-28 06:50:35,641 [org.apache.hadoop.util.JvmPauseMonitor$Monitor@1fd8ff79] INFO  util.JvmPauseMonitor (JvmPauseMonitor.java:run(188)) - Starting JVM pause monitor
2019-09-28 06:50:35,643 [Datanode State Machine Thread - 0] INFO  datanode.InitDatanodeState (InitDatanodeState.java:persistContainerDatanodeDetails(140)) - DatanodeDetails is persisted to /workdir/hadoop-ozone/integration-test/target/test-dir/MiniOzoneClusterImpl-20dc5c4d-f858-40ba-b097-a7c1cdb8c191/datanode-0/meta/datanode.id
2019-09-28 06:50:35,648 [main] INFO  volume.HddsVolume (HddsVolume.java:<init>(176)) - Creating Volume: /workdir/hadoop-ozone/integration-test/target/test-dir/MiniOzoneClusterImpl-20dc5c4d-f858-40ba-b097-a7c1cdb8c191/datanode-1/data/containers/hdds of  storage type : DISK and capacity : 1482555576320
2019-09-28 06:50:35,649 [main] INFO  volume.VolumeSet (VolumeSet.java:initializeVolumeSet(170)) - Added Volume : /workdir/hadoop-ozone/integration-test/target/test-dir/MiniOzoneClusterImpl-20dc5c4d-f858-40ba-b097-a7c1cdb8c191/datanode-1/data/containers/hdds to VolumeSet
2019-09-28 06:50:35,649 [main] INFO  volume.ThrottledAsyncChecker (ThrottledAsyncChecker.java:schedule(139)) - Scheduling a check for org.apache.hadoop.ozone.container.common.volume.HddsVolume@2cccf134
2019-09-28 06:50:35,649 [main] INFO  volume.HddsVolumeChecker (HddsVolumeChecker.java:checkAllVolumes(202)) - Scheduled health check for volume org.apache.hadoop.ozone.container.common.volume.HddsVolume@2cccf134
2019-09-28 06:50:35,667 [main] INFO  impl.RaftServerProxy (ConfUtils.java:logGet(43)) - raft.rpc.type = GRPC (default)
2019-09-28 06:50:35,667 [main] INFO  grpc.GrpcFactory (GrpcFactory.java:checkPooledByteBufAllocatorUseCacheForAllThreads(45)) - PERFORMANCE WARNING: useCacheForAllThreads is true that may cause Netty to create a lot garbage objects and, as a result, trigger GC.
	It is recommended to disable useCacheForAllThreads by setting -Dorg.apache.ratis.thirdparty.io.netty.allocator.useCacheForAllThreads=false in command line.
2019-09-28 06:50:35,667 [main] INFO  grpc.GrpcConfigKeys$Server (ConfUtils.java:logGet(43)) - raft.grpc.server.port = 0 (default)
2019-09-28 06:50:35,668 [main] INFO  server.GrpcService (ConfUtils.java:logGet(43)) - raft.grpc.message.size.max = 33570816 (custom)
2019-09-28 06:50:35,668 [main] INFO  server.RaftServerConfigKeys (ConfUtils.java:logGet(43)) - raft.server.log.appender.buffer.byte-limit = 33554432 (custom)
2019-09-28 06:50:35,668 [main] INFO  server.GrpcService (ConfUtils.java:logGet(43)) - raft.grpc.flow.control.window = 1MB (=1048576) (default)
2019-09-28 06:50:35,668 [main] INFO  server.RaftServerConfigKeys (ConfUtils.java:logGet(43)) - raft.server.rpc.request.timeout = 3000ms (default)
2019-09-28 06:50:35,669 [main] INFO  server.RaftServerConfigKeys (ConfUtils.java:logGet(43)) - raft.server.storage.dir = [/workdir/hadoop-ozone/integration-test/target/test-dir/MiniOzoneClusterImpl-20dc5c4d-f858-40ba-b097-a7c1cdb8c191/datanode-1/data/ratis] (custom)
2019-09-28 06:50:35,670 [main] INFO  hdfs.DFSUtil (DFSUtil.java:httpServerTemplateForNNAndJN(1641)) - Starting Web-server for hddsDatanode at: http://0.0.0.0:0
2019-09-28 06:50:35,671 [main] INFO  server.AuthenticationFilter (AuthenticationFilter.java:constructSecretProvider(240)) - Unable to initialize FileSignerSecretProvider, falling back to use random secrets.
2019-09-28 06:50:35,671 [main] WARN  http.HttpRequestLog (HttpRequestLog.java:getRequestLog(97)) - Jetty request log can only be enabled using Log4j
2019-09-28 06:50:35,673 [main] INFO  http.HttpServer2 (HttpServer2.java:addGlobalFilter(975)) - Added global filter 'safety' (class=org.apache.hadoop.http.HttpServer2$QuotingInputFilter)
2019-09-28 06:50:35,673 [main] INFO  http.HttpServer2 (HttpServer2.java:addFilter(948)) - Added filter static_user_filter (class=org.apache.hadoop.http.lib.StaticUserWebFilter$StaticUserFilter) to context hddsDatanode
2019-09-28 06:50:35,673 [main] INFO  http.HttpServer2 (HttpServer2.java:addFilter(958)) - Added filter static_user_filter (class=org.apache.hadoop.http.lib.StaticUserWebFilter$StaticUserFilter) to context static
2019-09-28 06:50:35,674 [main] INFO  http.HttpServer2 (HttpServer2.java:addFilter(958)) - Added filter static_user_filter (class=org.apache.hadoop.http.lib.StaticUserWebFilter$StaticUserFilter) to context logs
2019-09-28 06:50:35,674 [main] INFO  http.HttpServer2 (HttpServer2.java:bindListener(1191)) - Jetty bound to port 40618
2019-09-28 06:50:35,674 [main] INFO  server.Server (Server.java:doStart(351)) - jetty-9.3.25.v20180904, build timestamp: 2018-09-04T21:11:46Z, git hash: 3ce520221d0240229c862b122d2b06c12a625732
2019-09-28 06:50:35,676 [main] INFO  handler.ContextHandler (ContextHandler.java:doStart(781)) - Started o.e.j.s.ServletContextHandler@69a5c6be{/logs,file:///workdir/hadoop-ozone/integration-test/target/log,AVAILABLE}
2019-09-28 06:50:35,676 [main] INFO  handler.ContextHandler (ContextHandler.java:doStart(781)) - Started o.e.j.s.ServletContextHandler@497ed877{/static,jar:file:/home/user/.m2/repository/org/apache/hadoop/hadoop-hdds-container-service/0.5.0-SNAPSHOT/hadoop-hdds-container-service-0.5.0-SNAPSHOT.jar!/webapps/static,AVAILABLE}
2019-09-28 06:50:35,713 [main] INFO  handler.ContextHandler (ContextHandler.java:doStart(781)) - Started o.e.j.w.WebAppContext@58a3d521{/,file:///tmp/jetty-0.0.0.0-40618-hddsDatanode-_-any-5698504986862748106.dir/webapp/,AVAILABLE}{/hddsDatanode}
2019-09-28 06:50:35,713 [main] INFO  server.AbstractConnector (AbstractConnector.java:doStart(278)) - Started ServerConnector@14d8e132{HTTP/1.1,[http/1.1]}{0.0.0.0:40618}
2019-09-28 06:50:35,715 [main] INFO  server.Server (Server.java:doStart(419)) - Started @530642ms
2019-09-28 06:50:35,715 [main] WARN  impl.MetricsSystemImpl (MetricsSystemImpl.java:register(276)) - Sink prometheus already exists!
2019-09-28 06:50:35,716 [main] INFO  server.BaseHttpServer (BaseHttpServer.java:updateConnectorAddress(215)) - HTTP server of HDDSDATANODE is listening at http://0.0.0.0:40618
2019-09-28 06:50:35,716 [main] INFO  impl.MetricsSystemImpl (MetricsSystemImpl.java:init(158)) - HddsDatanode metrics system started (again)
2019-09-28 06:50:35,720 [org.apache.hadoop.util.JvmPauseMonitor$Monitor@464f1e8e] INFO  util.JvmPauseMonitor (JvmPauseMonitor.java:run(188)) - Starting JVM pause monitor
2019-09-28 06:50:35,720 [main] INFO  ozone.HddsDatanodeService (HddsDatanodeService.java:start(184)) - HddsDatanodeService host:pr-hdds-2202-m9h6s-3487434564 ip:192.168.151.105
2019-09-28 06:50:35,721 [Datanode State Machine Thread - 0] INFO  datanode.InitDatanodeState (InitDatanodeState.java:persistContainerDatanodeDetails(140)) - DatanodeDetails is persisted to /workdir/hadoop-ozone/integration-test/target/test-dir/MiniOzoneClusterImpl-20dc5c4d-f858-40ba-b097-a7c1cdb8c191/datanode-1/meta/datanode.id
2019-09-28 06:50:35,727 [main] INFO  volume.HddsVolume (HddsVolume.java:<init>(176)) - Creating Volume: /workdir/hadoop-ozone/integration-test/target/test-dir/MiniOzoneClusterImpl-20dc5c4d-f858-40ba-b097-a7c1cdb8c191/datanode-2/data/containers/hdds of  storage type : DISK and capacity : 1482555576320
2019-09-28 06:50:35,727 [main] INFO  volume.VolumeSet (VolumeSet.java:initializeVolumeSet(170)) - Added Volume : /workdir/hadoop-ozone/integration-test/target/test-dir/MiniOzoneClusterImpl-20dc5c4d-f858-40ba-b097-a7c1cdb8c191/datanode-2/data/containers/hdds to VolumeSet
2019-09-28 06:50:35,727 [main] INFO  volume.ThrottledAsyncChecker (ThrottledAsyncChecker.java:schedule(139)) - Scheduling a check for org.apache.hadoop.ozone.container.common.volume.HddsVolume@13278a41
2019-09-28 06:50:35,728 [main] INFO  volume.HddsVolumeChecker (HddsVolumeChecker.java:checkAllVolumes(202)) - Scheduled health check for volume org.apache.hadoop.ozone.container.common.volume.HddsVolume@13278a41
2019-09-28 06:50:35,741 [main] INFO  impl.RaftServerProxy (ConfUtils.java:logGet(43)) - raft.rpc.type = GRPC (default)
2019-09-28 06:50:35,741 [main] INFO  grpc.GrpcFactory (GrpcFactory.java:checkPooledByteBufAllocatorUseCacheForAllThreads(45)) - PERFORMANCE WARNING: useCacheForAllThreads is true that may cause Netty to create a lot garbage objects and, as a result, trigger GC.
	It is recommended to disable useCacheForAllThreads by setting -Dorg.apache.ratis.thirdparty.io.netty.allocator.useCacheForAllThreads=false in command line.
2019-09-28 06:50:35,741 [main] INFO  grpc.GrpcConfigKeys$Server (ConfUtils.java:logGet(43)) - raft.grpc.server.port = 0 (default)
2019-09-28 06:50:35,742 [main] INFO  server.GrpcService (ConfUtils.java:logGet(43)) - raft.grpc.message.size.max = 33570816 (custom)
2019-09-28 06:50:35,742 [main] INFO  server.RaftServerConfigKeys (ConfUtils.java:logGet(43)) - raft.server.log.appender.buffer.byte-limit = 33554432 (custom)
2019-09-28 06:50:35,742 [main] INFO  server.GrpcService (ConfUtils.java:logGet(43)) - raft.grpc.flow.control.window = 1MB (=1048576) (default)
2019-09-28 06:50:35,742 [main] INFO  server.RaftServerConfigKeys (ConfUtils.java:logGet(43)) - raft.server.rpc.request.timeout = 3000ms (default)
2019-09-28 06:50:35,743 [main] INFO  server.RaftServerConfigKeys (ConfUtils.java:logGet(43)) - raft.server.storage.dir = [/workdir/hadoop-ozone/integration-test/target/test-dir/MiniOzoneClusterImpl-20dc5c4d-f858-40ba-b097-a7c1cdb8c191/datanode-2/data/ratis] (custom)
2019-09-28 06:50:35,744 [main] INFO  hdfs.DFSUtil (DFSUtil.java:httpServerTemplateForNNAndJN(1641)) - Starting Web-server for hddsDatanode at: http://0.0.0.0:0
2019-09-28 06:50:35,745 [main] INFO  server.AuthenticationFilter (AuthenticationFilter.java:constructSecretProvider(240)) - Unable to initialize FileSignerSecretProvider, falling back to use random secrets.
2019-09-28 06:50:35,745 [main] WARN  http.HttpRequestLog (HttpRequestLog.java:getRequestLog(97)) - Jetty request log can only be enabled using Log4j
2019-09-28 06:50:35,747 [main] INFO  http.HttpServer2 (HttpServer2.java:addGlobalFilter(975)) - Added global filter 'safety' (class=org.apache.hadoop.http.HttpServer2$QuotingInputFilter)
2019-09-28 06:50:35,747 [main] INFO  http.HttpServer2 (HttpServer2.java:addFilter(948)) - Added filter static_user_filter (class=org.apache.hadoop.http.lib.StaticUserWebFilter$StaticUserFilter) to context hddsDatanode
2019-09-28 06:50:35,747 [main] INFO  http.HttpServer2 (HttpServer2.java:addFilter(958)) - Added filter static_user_filter (class=org.apache.hadoop.http.lib.StaticUserWebFilter$StaticUserFilter) to context static
2019-09-28 06:50:35,748 [main] INFO  http.HttpServer2 (HttpServer2.java:addFilter(958)) - Added filter static_user_filter (class=org.apache.hadoop.http.lib.StaticUserWebFilter$StaticUserFilter) to context logs
2019-09-28 06:50:35,748 [main] INFO  http.HttpServer2 (HttpServer2.java:bindListener(1191)) - Jetty bound to port 35635
2019-09-28 06:50:35,748 [main] INFO  server.Server (Server.java:doStart(351)) - jetty-9.3.25.v20180904, build timestamp: 2018-09-04T21:11:46Z, git hash: 3ce520221d0240229c862b122d2b06c12a625732
2019-09-28 06:50:35,750 [main] INFO  handler.ContextHandler (ContextHandler.java:doStart(781)) - Started o.e.j.s.ServletContextHandler@a3cba3a{/logs,file:///workdir/hadoop-ozone/integration-test/target/log,AVAILABLE}
2019-09-28 06:50:35,750 [main] INFO  handler.ContextHandler (ContextHandler.java:doStart(781)) - Started o.e.j.s.ServletContextHandler@5ca4dce5{/static,jar:file:/home/user/.m2/repository/org/apache/hadoop/hadoop-hdds-container-service/0.5.0-SNAPSHOT/hadoop-hdds-container-service-0.5.0-SNAPSHOT.jar!/webapps/static,AVAILABLE}
2019-09-28 06:50:35,790 [main] INFO  handler.ContextHandler (ContextHandler.java:doStart(781)) - Started o.e.j.w.WebAppContext@1e2445f6{/,file:///tmp/jetty-0.0.0.0-35635-hddsDatanode-_-any-21562623061184614.dir/webapp/,AVAILABLE}{/hddsDatanode}
2019-09-28 06:50:35,790 [main] INFO  server.AbstractConnector (AbstractConnector.java:doStart(278)) - Started ServerConnector@17ec335a{HTTP/1.1,[http/1.1]}{0.0.0.0:35635}
2019-09-28 06:50:35,792 [main] INFO  server.Server (Server.java:doStart(419)) - Started @530719ms
2019-09-28 06:50:35,792 [main] WARN  impl.MetricsSystemImpl (MetricsSystemImpl.java:register(276)) - Sink prometheus already exists!
2019-09-28 06:50:35,793 [main] INFO  server.BaseHttpServer (BaseHttpServer.java:updateConnectorAddress(215)) - HTTP server of HDDSDATANODE is listening at http://0.0.0.0:35635
2019-09-28 06:50:35,793 [main] INFO  impl.MetricsSystemImpl (MetricsSystemImpl.java:init(158)) - HddsDatanode metrics system started (again)
2019-09-28 06:50:35,797 [main] INFO  ozone.HddsDatanodeService (HddsDatanodeService.java:start(184)) - HddsDatanodeService host:pr-hdds-2202-m9h6s-3487434564 ip:192.168.151.105
2019-09-28 06:50:35,797 [org.apache.hadoop.util.JvmPauseMonitor$Monitor@3d769e51] INFO  util.JvmPauseMonitor (JvmPauseMonitor.java:run(188)) - Starting JVM pause monitor
2019-09-28 06:50:35,798 [Datanode State Machine Thread - 0] INFO  datanode.InitDatanodeState (InitDatanodeState.java:persistContainerDatanodeDetails(140)) - DatanodeDetails is persisted to /workdir/hadoop-ozone/integration-test/target/test-dir/MiniOzoneClusterImpl-20dc5c4d-f858-40ba-b097-a7c1cdb8c191/datanode-2/meta/datanode.id
2019-09-28 06:50:35,804 [main] INFO  volume.HddsVolume (HddsVolume.java:<init>(176)) - Creating Volume: /workdir/hadoop-ozone/integration-test/target/test-dir/MiniOzoneClusterImpl-20dc5c4d-f858-40ba-b097-a7c1cdb8c191/datanode-3/data/containers/hdds of  storage type : DISK and capacity : 1482555576320
2019-09-28 06:50:35,805 [main] INFO  volume.VolumeSet (VolumeSet.java:initializeVolumeSet(170)) - Added Volume : /workdir/hadoop-ozone/integration-test/target/test-dir/MiniOzoneClusterImpl-20dc5c4d-f858-40ba-b097-a7c1cdb8c191/datanode-3/data/containers/hdds to VolumeSet
2019-09-28 06:50:35,805 [main] INFO  volume.ThrottledAsyncChecker (ThrottledAsyncChecker.java:schedule(139)) - Scheduling a check for org.apache.hadoop.ozone.container.common.volume.HddsVolume@46bb0bdf
2019-09-28 06:50:35,805 [main] INFO  volume.HddsVolumeChecker (HddsVolumeChecker.java:checkAllVolumes(202)) - Scheduled health check for volume org.apache.hadoop.ozone.container.common.volume.HddsVolume@46bb0bdf
2019-09-28 06:50:35,819 [main] INFO  impl.RaftServerProxy (ConfUtils.java:logGet(43)) - raft.rpc.type = GRPC (default)
2019-09-28 06:50:35,819 [main] INFO  grpc.GrpcFactory (GrpcFactory.java:checkPooledByteBufAllocatorUseCacheForAllThreads(45)) - PERFORMANCE WARNING: useCacheForAllThreads is true that may cause Netty to create a lot garbage objects and, as a result, trigger GC.
	It is recommended to disable useCacheForAllThreads by setting -Dorg.apache.ratis.thirdparty.io.netty.allocator.useCacheForAllThreads=false in command line.
2019-09-28 06:50:35,819 [main] INFO  grpc.GrpcConfigKeys$Server (ConfUtils.java:logGet(43)) - raft.grpc.server.port = 0 (default)
2019-09-28 06:50:35,820 [main] INFO  server.GrpcService (ConfUtils.java:logGet(43)) - raft.grpc.message.size.max = 33570816 (custom)
2019-09-28 06:50:35,820 [main] INFO  server.RaftServerConfigKeys (ConfUtils.java:logGet(43)) - raft.server.log.appender.buffer.byte-limit = 33554432 (custom)
2019-09-28 06:50:35,820 [main] INFO  server.GrpcService (ConfUtils.java:logGet(43)) - raft.grpc.flow.control.window = 1MB (=1048576) (default)
2019-09-28 06:50:35,820 [main] INFO  server.RaftServerConfigKeys (ConfUtils.java:logGet(43)) - raft.server.rpc.request.timeout = 3000ms (default)
2019-09-28 06:50:35,821 [main] INFO  server.RaftServerConfigKeys (ConfUtils.java:logGet(43)) - raft.server.storage.dir = [/workdir/hadoop-ozone/integration-test/target/test-dir/MiniOzoneClusterImpl-20dc5c4d-f858-40ba-b097-a7c1cdb8c191/datanode-3/data/ratis] (custom)
2019-09-28 06:50:35,822 [main] INFO  hdfs.DFSUtil (DFSUtil.java:httpServerTemplateForNNAndJN(1641)) - Starting Web-server for hddsDatanode at: http://0.0.0.0:0
2019-09-28 06:50:35,823 [main] INFO  server.AuthenticationFilter (AuthenticationFilter.java:constructSecretProvider(240)) - Unable to initialize FileSignerSecretProvider, falling back to use random secrets.
2019-09-28 06:50:35,824 [main] WARN  http.HttpRequestLog (HttpRequestLog.java:getRequestLog(97)) - Jetty request log can only be enabled using Log4j
2019-09-28 06:50:35,825 [main] INFO  http.HttpServer2 (HttpServer2.java:addGlobalFilter(975)) - Added global filter 'safety' (class=org.apache.hadoop.http.HttpServer2$QuotingInputFilter)
2019-09-28 06:50:35,825 [main] INFO  http.HttpServer2 (HttpServer2.java:addFilter(948)) - Added filter static_user_filter (class=org.apache.hadoop.http.lib.StaticUserWebFilter$StaticUserFilter) to context hddsDatanode
2019-09-28 06:50:35,826 [main] INFO  http.HttpServer2 (HttpServer2.java:addFilter(958)) - Added filter static_user_filter (class=org.apache.hadoop.http.lib.StaticUserWebFilter$StaticUserFilter) to context static
2019-09-28 06:50:35,826 [main] INFO  http.HttpServer2 (HttpServer2.java:addFilter(958)) - Added filter static_user_filter (class=org.apache.hadoop.http.lib.StaticUserWebFilter$StaticUserFilter) to context logs
2019-09-28 06:50:35,827 [main] INFO  http.HttpServer2 (HttpServer2.java:bindListener(1191)) - Jetty bound to port 46536
2019-09-28 06:50:35,827 [main] INFO  server.Server (Server.java:doStart(351)) - jetty-9.3.25.v20180904, build timestamp: 2018-09-04T21:11:46Z, git hash: 3ce520221d0240229c862b122d2b06c12a625732
2019-09-28 06:50:35,828 [main] INFO  handler.ContextHandler (ContextHandler.java:doStart(781)) - Started o.e.j.s.ServletContextHandler@1c3b6963{/logs,file:///workdir/hadoop-ozone/integration-test/target/log,AVAILABLE}
2019-09-28 06:50:35,829 [main] INFO  handler.ContextHandler (ContextHandler.java:doStart(781)) - Started o.e.j.s.ServletContextHandler@55a0f011{/static,jar:file:/home/user/.m2/repository/org/apache/hadoop/hadoop-hdds-container-service/0.5.0-SNAPSHOT/hadoop-hdds-container-service-0.5.0-SNAPSHOT.jar!/webapps/static,AVAILABLE}
2019-09-28 06:50:35,865 [main] INFO  handler.ContextHandler (ContextHandler.java:doStart(781)) - Started o.e.j.w.WebAppContext@6b063470{/,file:///tmp/jetty-0.0.0.0-46536-hddsDatanode-_-any-7591900435876936339.dir/webapp/,AVAILABLE}{/hddsDatanode}
2019-09-28 06:50:35,865 [main] INFO  server.AbstractConnector (AbstractConnector.java:doStart(278)) - Started ServerConnector@226d5af0{HTTP/1.1,[http/1.1]}{0.0.0.0:46536}
2019-09-28 06:50:35,867 [main] INFO  server.Server (Server.java:doStart(419)) - Started @530794ms
2019-09-28 06:50:35,867 [main] WARN  impl.MetricsSystemImpl (MetricsSystemImpl.java:register(276)) - Sink prometheus already exists!
2019-09-28 06:50:35,868 [main] INFO  server.BaseHttpServer (BaseHttpServer.java:updateConnectorAddress(215)) - HTTP server of HDDSDATANODE is listening at http://0.0.0.0:46536
2019-09-28 06:50:35,869 [main] INFO  impl.MetricsSystemImpl (MetricsSystemImpl.java:init(158)) - HddsDatanode metrics system started (again)
2019-09-28 06:50:35,874 [org.apache.hadoop.util.JvmPauseMonitor$Monitor@1a9a3cd2] INFO  util.JvmPauseMonitor (JvmPauseMonitor.java:run(188)) - Starting JVM pause monitor
2019-09-28 06:50:35,874 [main] INFO  ozone.HddsDatanodeService (HddsDatanodeService.java:start(184)) - HddsDatanodeService host:pr-hdds-2202-m9h6s-3487434564 ip:192.168.151.105
2019-09-28 06:50:35,875 [Datanode State Machine Thread - 0] INFO  datanode.InitDatanodeState (InitDatanodeState.java:persistContainerDatanodeDetails(140)) - DatanodeDetails is persisted to /workdir/hadoop-ozone/integration-test/target/test-dir/MiniOzoneClusterImpl-20dc5c4d-f858-40ba-b097-a7c1cdb8c191/datanode-3/meta/datanode.id
2019-09-28 06:50:35,882 [main] INFO  volume.HddsVolume (HddsVolume.java:<init>(176)) - Creating Volume: /workdir/hadoop-ozone/integration-test/target/test-dir/MiniOzoneClusterImpl-20dc5c4d-f858-40ba-b097-a7c1cdb8c191/datanode-4/data/containers/hdds of  storage type : DISK and capacity : 1482555576320
2019-09-28 06:50:35,882 [main] INFO  volume.VolumeSet (VolumeSet.java:initializeVolumeSet(170)) - Added Volume : /workdir/hadoop-ozone/integration-test/target/test-dir/MiniOzoneClusterImpl-20dc5c4d-f858-40ba-b097-a7c1cdb8c191/datanode-4/data/containers/hdds to VolumeSet
2019-09-28 06:50:35,883 [main] INFO  volume.ThrottledAsyncChecker (ThrottledAsyncChecker.java:schedule(139)) - Scheduling a check for org.apache.hadoop.ozone.container.common.volume.HddsVolume@47187f50
2019-09-28 06:50:35,883 [main] INFO  volume.HddsVolumeChecker (HddsVolumeChecker.java:checkAllVolumes(202)) - Scheduled health check for volume org.apache.hadoop.ozone.container.common.volume.HddsVolume@47187f50
2019-09-28 06:50:35,906 [main] INFO  impl.RaftServerProxy (ConfUtils.java:logGet(43)) - raft.rpc.type = GRPC (default)
2019-09-28 06:50:35,906 [main] INFO  grpc.GrpcFactory (GrpcFactory.java:checkPooledByteBufAllocatorUseCacheForAllThreads(45)) - PERFORMANCE WARNING: useCacheForAllThreads is true that may cause Netty to create a lot garbage objects and, as a result, trigger GC.
	It is recommended to disable useCacheForAllThreads by setting -Dorg.apache.ratis.thirdparty.io.netty.allocator.useCacheForAllThreads=false in command line.
2019-09-28 06:50:35,907 [main] INFO  grpc.GrpcConfigKeys$Server (ConfUtils.java:logGet(43)) - raft.grpc.server.port = 0 (default)
2019-09-28 06:50:35,907 [main] INFO  server.GrpcService (ConfUtils.java:logGet(43)) - raft.grpc.message.size.max = 33570816 (custom)
2019-09-28 06:50:35,907 [main] INFO  server.RaftServerConfigKeys (ConfUtils.java:logGet(43)) - raft.server.log.appender.buffer.byte-limit = 33554432 (custom)
2019-09-28 06:50:35,908 [main] INFO  server.GrpcService (ConfUtils.java:logGet(43)) - raft.grpc.flow.control.window = 1MB (=1048576) (default)
2019-09-28 06:50:35,908 [main] INFO  server.RaftServerConfigKeys (ConfUtils.java:logGet(43)) - raft.server.rpc.request.timeout = 3000ms (default)
2019-09-28 06:50:35,909 [main] INFO  server.RaftServerConfigKeys (ConfUtils.java:logGet(43)) - raft.server.storage.dir = [/workdir/hadoop-ozone/integration-test/target/test-dir/MiniOzoneClusterImpl-20dc5c4d-f858-40ba-b097-a7c1cdb8c191/datanode-4/data/ratis] (custom)
2019-09-28 06:50:35,910 [main] INFO  hdfs.DFSUtil (DFSUtil.java:httpServerTemplateForNNAndJN(1641)) - Starting Web-server for hddsDatanode at: http://0.0.0.0:0
2019-09-28 06:50:35,912 [main] INFO  server.AuthenticationFilter (AuthenticationFilter.java:constructSecretProvider(240)) - Unable to initialize FileSignerSecretProvider, falling back to use random secrets.
2019-09-28 06:50:35,912 [main] WARN  http.HttpRequestLog (HttpRequestLog.java:getRequestLog(97)) - Jetty request log can only be enabled using Log4j
2019-09-28 06:50:35,914 [main] INFO  http.HttpServer2 (HttpServer2.java:addGlobalFilter(975)) - Added global filter 'safety' (class=org.apache.hadoop.http.HttpServer2$QuotingInputFilter)
2019-09-28 06:50:35,915 [main] INFO  http.HttpServer2 (HttpServer2.java:addFilter(948)) - Added filter static_user_filter (class=org.apache.hadoop.http.lib.StaticUserWebFilter$StaticUserFilter) to context hddsDatanode
2019-09-28 06:50:35,915 [main] INFO  http.HttpServer2 (HttpServer2.java:addFilter(958)) - Added filter static_user_filter (class=org.apache.hadoop.http.lib.StaticUserWebFilter$StaticUserFilter) to context logs
2019-09-28 06:50:35,915 [main] INFO  http.HttpServer2 (HttpServer2.java:addFilter(958)) - Added filter static_user_filter (class=org.apache.hadoop.http.lib.StaticUserWebFilter$StaticUserFilter) to context static
2019-09-28 06:50:35,916 [main] INFO  http.HttpServer2 (HttpServer2.java:bindListener(1191)) - Jetty bound to port 42233
2019-09-28 06:50:35,916 [main] INFO  server.Server (Server.java:doStart(351)) - jetty-9.3.25.v20180904, build timestamp: 2018-09-04T21:11:46Z, git hash: 3ce520221d0240229c862b122d2b06c12a625732
2019-09-28 06:50:35,918 [main] INFO  handler.ContextHandler (ContextHandler.java:doStart(781)) - Started o.e.j.s.ServletContextHandler@256589a1{/logs,file:///workdir/hadoop-ozone/integration-test/target/log,AVAILABLE}
2019-09-28 06:50:35,919 [main] INFO  handler.ContextHandler (ContextHandler.java:doStart(781)) - Started o.e.j.s.ServletContextHandler@9b367c8{/static,jar:file:/home/user/.m2/repository/org/apache/hadoop/hadoop-hdds-container-service/0.5.0-SNAPSHOT/hadoop-hdds-container-service-0.5.0-SNAPSHOT.jar!/webapps/static,AVAILABLE}
2019-09-28 06:50:35,949 [main] INFO  handler.ContextHandler (ContextHandler.java:doStart(781)) - Started o.e.j.w.WebAppContext@6cc48a17{/,file:///tmp/jetty-0.0.0.0-42233-hddsDatanode-_-any-6738910859911755252.dir/webapp/,AVAILABLE}{/hddsDatanode}
2019-09-28 06:50:35,950 [main] INFO  server.AbstractConnector (AbstractConnector.java:doStart(278)) - Started ServerConnector@289f15e9{HTTP/1.1,[http/1.1]}{0.0.0.0:42233}
2019-09-28 06:50:35,952 [main] INFO  server.Server (Server.java:doStart(419)) - Started @530879ms
2019-09-28 06:50:35,952 [main] WARN  impl.MetricsSystemImpl (MetricsSystemImpl.java:register(276)) - Sink prometheus already exists!
2019-09-28 06:50:35,953 [main] INFO  server.BaseHttpServer (BaseHttpServer.java:updateConnectorAddress(215)) - HTTP server of HDDSDATANODE is listening at http://0.0.0.0:42233
2019-09-28 06:50:35,953 [main] INFO  impl.MetricsSystemImpl (MetricsSystemImpl.java:init(158)) - HddsDatanode metrics system started (again)
2019-09-28 06:50:35,957 [org.apache.hadoop.util.JvmPauseMonitor$Monitor@17100ef1] INFO  util.JvmPauseMonitor (JvmPauseMonitor.java:run(188)) - Starting JVM pause monitor
2019-09-28 06:50:35,957 [main] INFO  ozone.HddsDatanodeService (HddsDatanodeService.java:start(184)) - HddsDatanodeService host:pr-hdds-2202-m9h6s-3487434564 ip:192.168.151.105
2019-09-28 06:50:35,959 [Datanode State Machine Thread - 0] INFO  datanode.InitDatanodeState (InitDatanodeState.java:persistContainerDatanodeDetails(140)) - DatanodeDetails is persisted to /workdir/hadoop-ozone/integration-test/target/test-dir/MiniOzoneClusterImpl-20dc5c4d-f858-40ba-b097-a7c1cdb8c191/datanode-4/meta/datanode.id
2019-09-28 06:50:35,964 [main] INFO  volume.HddsVolume (HddsVolume.java:<init>(176)) - Creating Volume: /workdir/hadoop-ozone/integration-test/target/test-dir/MiniOzoneClusterImpl-20dc5c4d-f858-40ba-b097-a7c1cdb8c191/datanode-5/data/containers/hdds of  storage type : DISK and capacity : 1482555576320
2019-09-28 06:50:35,965 [main] INFO  volume.VolumeSet (VolumeSet.java:initializeVolumeSet(170)) - Added Volume : /workdir/hadoop-ozone/integration-test/target/test-dir/MiniOzoneClusterImpl-20dc5c4d-f858-40ba-b097-a7c1cdb8c191/datanode-5/data/containers/hdds to VolumeSet
2019-09-28 06:50:35,965 [main] INFO  volume.ThrottledAsyncChecker (ThrottledAsyncChecker.java:schedule(139)) - Scheduling a check for org.apache.hadoop.ozone.container.common.volume.HddsVolume@73a845cb
2019-09-28 06:50:35,965 [main] INFO  volume.HddsVolumeChecker (HddsVolumeChecker.java:checkAllVolumes(202)) - Scheduled health check for volume org.apache.hadoop.ozone.container.common.volume.HddsVolume@73a845cb
2019-09-28 06:50:35,980 [main] INFO  impl.RaftServerProxy (ConfUtils.java:logGet(43)) - raft.rpc.type = GRPC (default)
2019-09-28 06:50:35,980 [main] INFO  grpc.GrpcFactory (GrpcFactory.java:checkPooledByteBufAllocatorUseCacheForAllThreads(45)) - PERFORMANCE WARNING: useCacheForAllThreads is true that may cause Netty to create a lot garbage objects and, as a result, trigger GC.
	It is recommended to disable useCacheForAllThreads by setting -Dorg.apache.ratis.thirdparty.io.netty.allocator.useCacheForAllThreads=false in command line.
2019-09-28 06:50:35,980 [main] INFO  grpc.GrpcConfigKeys$Server (ConfUtils.java:logGet(43)) - raft.grpc.server.port = 0 (default)
2019-09-28 06:50:35,980 [main] INFO  server.GrpcService (ConfUtils.java:logGet(43)) - raft.grpc.message.size.max = 33570816 (custom)
2019-09-28 06:50:35,980 [main] INFO  server.RaftServerConfigKeys (ConfUtils.java:logGet(43)) - raft.server.log.appender.buffer.byte-limit = 33554432 (custom)
2019-09-28 06:50:35,981 [main] INFO  server.GrpcService (ConfUtils.java:logGet(43)) - raft.grpc.flow.control.window = 1MB (=1048576) (default)
2019-09-28 06:50:35,981 [main] INFO  server.RaftServerConfigKeys (ConfUtils.java:logGet(43)) - raft.server.rpc.request.timeout = 3000ms (default)
2019-09-28 06:50:35,981 [main] INFO  server.RaftServerConfigKeys (ConfUtils.java:logGet(43)) - raft.server.storage.dir = [/workdir/hadoop-ozone/integration-test/target/test-dir/MiniOzoneClusterImpl-20dc5c4d-f858-40ba-b097-a7c1cdb8c191/datanode-5/data/ratis] (custom)
2019-09-28 06:50:35,983 [main] INFO  hdfs.DFSUtil (DFSUtil.java:httpServerTemplateForNNAndJN(1641)) - Starting Web-server for hddsDatanode at: http://0.0.0.0:0
2019-09-28 06:50:35,984 [main] INFO  server.AuthenticationFilter (AuthenticationFilter.java:constructSecretProvider(240)) - Unable to initialize FileSignerSecretProvider, falling back to use random secrets.
2019-09-28 06:50:35,984 [main] WARN  http.HttpRequestLog (HttpRequestLog.java:getRequestLog(97)) - Jetty request log can only be enabled using Log4j
2019-09-28 06:50:35,986 [main] INFO  http.HttpServer2 (HttpServer2.java:addGlobalFilter(975)) - Added global filter 'safety' (class=org.apache.hadoop.http.HttpServer2$QuotingInputFilter)
2019-09-28 06:50:35,987 [main] INFO  http.HttpServer2 (HttpServer2.java:addFilter(948)) - Added filter static_user_filter (class=org.apache.hadoop.http.lib.StaticUserWebFilter$StaticUserFilter) to context hddsDatanode
2019-09-28 06:50:35,987 [main] INFO  http.HttpServer2 (HttpServer2.java:addFilter(958)) - Added filter static_user_filter (class=org.apache.hadoop.http.lib.StaticUserWebFilter$StaticUserFilter) to context logs
2019-09-28 06:50:35,987 [main] INFO  http.HttpServer2 (HttpServer2.java:addFilter(958)) - Added filter static_user_filter (class=org.apache.hadoop.http.lib.StaticUserWebFilter$StaticUserFilter) to context static
2019-09-28 06:50:35,988 [main] INFO  http.HttpServer2 (HttpServer2.java:bindListener(1191)) - Jetty bound to port 36433
2019-09-28 06:50:35,988 [main] INFO  server.Server (Server.java:doStart(351)) - jetty-9.3.25.v20180904, build timestamp: 2018-09-04T21:11:46Z, git hash: 3ce520221d0240229c862b122d2b06c12a625732
2019-09-28 06:50:35,990 [main] INFO  handler.ContextHandler (ContextHandler.java:doStart(781)) - Started o.e.j.s.ServletContextHandler@2ab09943{/logs,file:///workdir/hadoop-ozone/integration-test/target/log,AVAILABLE}
2019-09-28 06:50:35,991 [main] INFO  handler.ContextHandler (ContextHandler.java:doStart(781)) - Started o.e.j.s.ServletContextHandler@5864e8bf{/static,jar:file:/home/user/.m2/repository/org/apache/hadoop/hadoop-hdds-container-service/0.5.0-SNAPSHOT/hadoop-hdds-container-service-0.5.0-SNAPSHOT.jar!/webapps/static,AVAILABLE}
2019-09-28 06:50:36,034 [main] INFO  handler.ContextHandler (ContextHandler.java:doStart(781)) - Started o.e.j.w.WebAppContext@621f23ac{/,file:///tmp/jetty-0.0.0.0-36433-hddsDatanode-_-any-1323616587662001532.dir/webapp/,AVAILABLE}{/hddsDatanode}
2019-09-28 06:50:36,034 [main] INFO  server.AbstractConnector (AbstractConnector.java:doStart(278)) - Started ServerConnector@7761e342{HTTP/1.1,[http/1.1]}{0.0.0.0:36433}
2019-09-28 06:50:36,036 [main] INFO  server.Server (Server.java:doStart(419)) - Started @530962ms
2019-09-28 06:50:36,036 [main] WARN  impl.MetricsSystemImpl (MetricsSystemImpl.java:register(276)) - Sink prometheus already exists!
2019-09-28 06:50:36,036 [main] INFO  server.BaseHttpServer (BaseHttpServer.java:updateConnectorAddress(215)) - HTTP server of HDDSDATANODE is listening at http://0.0.0.0:36433
2019-09-28 06:50:36,037 [main] INFO  impl.MetricsSystemImpl (MetricsSystemImpl.java:init(158)) - HddsDatanode metrics system started (again)
2019-09-28 06:50:36,041 [org.apache.hadoop.util.JvmPauseMonitor$Monitor@1e3a46f8] INFO  util.JvmPauseMonitor (JvmPauseMonitor.java:run(188)) - Starting JVM pause monitor
2019-09-28 06:50:36,042 [Datanode State Machine Thread - 0] INFO  datanode.InitDatanodeState (InitDatanodeState.java:persistContainerDatanodeDetails(140)) - DatanodeDetails is persisted to /workdir/hadoop-ozone/integration-test/target/test-dir/MiniOzoneClusterImpl-20dc5c4d-f858-40ba-b097-a7c1cdb8c191/datanode-5/meta/datanode.id
2019-09-28 06:50:36,042 [main] INFO  ozone.HddsDatanodeService (HddsDatanodeService.java:start(184)) - HddsDatanodeService host:pr-hdds-2202-m9h6s-3487434564 ip:192.168.151.105
2019-09-28 06:50:36,049 [main] INFO  volume.HddsVolume (HddsVolume.java:<init>(176)) - Creating Volume: /workdir/hadoop-ozone/integration-test/target/test-dir/MiniOzoneClusterImpl-20dc5c4d-f858-40ba-b097-a7c1cdb8c191/datanode-6/data/containers/hdds of  storage type : DISK and capacity : 1482555576320
2019-09-28 06:50:36,050 [main] INFO  volume.VolumeSet (VolumeSet.java:initializeVolumeSet(170)) - Added Volume : /workdir/hadoop-ozone/integration-test/target/test-dir/MiniOzoneClusterImpl-20dc5c4d-f858-40ba-b097-a7c1cdb8c191/datanode-6/data/containers/hdds to VolumeSet
2019-09-28 06:50:36,050 [main] INFO  volume.ThrottledAsyncChecker (ThrottledAsyncChecker.java:schedule(139)) - Scheduling a check for org.apache.hadoop.ozone.container.common.volume.HddsVolume@3f68a7f8
2019-09-28 06:50:36,050 [main] INFO  volume.HddsVolumeChecker (HddsVolumeChecker.java:checkAllVolumes(202)) - Scheduled health check for volume org.apache.hadoop.ozone.container.common.volume.HddsVolume@3f68a7f8
2019-09-28 06:50:36,065 [main] INFO  impl.RaftServerProxy (ConfUtils.java:logGet(43)) - raft.rpc.type = GRPC (default)
2019-09-28 06:50:36,065 [main] INFO  grpc.GrpcFactory (GrpcFactory.java:checkPooledByteBufAllocatorUseCacheForAllThreads(45)) - PERFORMANCE WARNING: useCacheForAllThreads is true that may cause Netty to create a lot garbage objects and, as a result, trigger GC.
	It is recommended to disable useCacheForAllThreads by setting -Dorg.apache.ratis.thirdparty.io.netty.allocator.useCacheForAllThreads=false in command line.
2019-09-28 06:50:36,066 [main] INFO  grpc.GrpcConfigKeys$Server (ConfUtils.java:logGet(43)) - raft.grpc.server.port = 0 (default)
2019-09-28 06:50:36,066 [main] INFO  server.GrpcService (ConfUtils.java:logGet(43)) - raft.grpc.message.size.max = 33570816 (custom)
2019-09-28 06:50:36,066 [main] INFO  server.RaftServerConfigKeys (ConfUtils.java:logGet(43)) - raft.server.log.appender.buffer.byte-limit = 33554432 (custom)
2019-09-28 06:50:36,066 [main] INFO  server.GrpcService (ConfUtils.java:logGet(43)) - raft.grpc.flow.control.window = 1MB (=1048576) (default)
2019-09-28 06:50:36,066 [main] INFO  server.RaftServerConfigKeys (ConfUtils.java:logGet(43)) - raft.server.rpc.request.timeout = 3000ms (default)
2019-09-28 06:50:36,067 [main] INFO  server.RaftServerConfigKeys (ConfUtils.java:logGet(43)) - raft.server.storage.dir = [/workdir/hadoop-ozone/integration-test/target/test-dir/MiniOzoneClusterImpl-20dc5c4d-f858-40ba-b097-a7c1cdb8c191/datanode-6/data/ratis] (custom)
2019-09-28 06:50:36,068 [main] INFO  hdfs.DFSUtil (DFSUtil.java:httpServerTemplateForNNAndJN(1641)) - Starting Web-server for hddsDatanode at: http://0.0.0.0:0
2019-09-28 06:50:36,069 [main] INFO  server.AuthenticationFilter (AuthenticationFilter.java:constructSecretProvider(240)) - Unable to initialize FileSignerSecretProvider, falling back to use random secrets.
2019-09-28 06:50:36,069 [main] WARN  http.HttpRequestLog (HttpRequestLog.java:getRequestLog(97)) - Jetty request log can only be enabled using Log4j
2019-09-28 06:50:36,071 [main] INFO  http.HttpServer2 (HttpServer2.java:addGlobalFilter(975)) - Added global filter 'safety' (class=org.apache.hadoop.http.HttpServer2$QuotingInputFilter)
2019-09-28 06:50:36,071 [main] INFO  http.HttpServer2 (HttpServer2.java:addFilter(948)) - Added filter static_user_filter (class=org.apache.hadoop.http.lib.StaticUserWebFilter$StaticUserFilter) to context hddsDatanode
2019-09-28 06:50:36,072 [main] INFO  http.HttpServer2 (HttpServer2.java:addFilter(958)) - Added filter static_user_filter (class=org.apache.hadoop.http.lib.StaticUserWebFilter$StaticUserFilter) to context logs
2019-09-28 06:50:36,072 [main] INFO  http.HttpServer2 (HttpServer2.java:addFilter(958)) - Added filter static_user_filter (class=org.apache.hadoop.http.lib.StaticUserWebFilter$StaticUserFilter) to context static
2019-09-28 06:50:36,072 [main] INFO  http.HttpServer2 (HttpServer2.java:bindListener(1191)) - Jetty bound to port 39766
2019-09-28 06:50:36,073 [main] INFO  server.Server (Server.java:doStart(351)) - jetty-9.3.25.v20180904, build timestamp: 2018-09-04T21:11:46Z, git hash: 3ce520221d0240229c862b122d2b06c12a625732
2019-09-28 06:50:36,074 [main] INFO  handler.ContextHandler (ContextHandler.java:doStart(781)) - Started o.e.j.s.ServletContextHandler@73e1ecd0{/logs,file:///workdir/hadoop-ozone/integration-test/target/log,AVAILABLE}
2019-09-28 06:50:36,074 [main] INFO  handler.ContextHandler (ContextHandler.java:doStart(781)) - Started o.e.j.s.ServletContextHandler@65600fb3{/static,jar:file:/home/user/.m2/repository/org/apache/hadoop/hadoop-hdds-container-service/0.5.0-SNAPSHOT/hadoop-hdds-container-service-0.5.0-SNAPSHOT.jar!/webapps/static,AVAILABLE}
2019-09-28 06:50:36,106 [main] INFO  handler.ContextHandler (ContextHandler.java:doStart(781)) - Started o.e.j.w.WebAppContext@4c635edc{/,file:///tmp/jetty-0.0.0.0-39766-hddsDatanode-_-any-5377022784073148996.dir/webapp/,AVAILABLE}{/hddsDatanode}
2019-09-28 06:50:36,106 [main] INFO  server.AbstractConnector (AbstractConnector.java:doStart(278)) - Started ServerConnector@4245bf68{HTTP/1.1,[http/1.1]}{0.0.0.0:39766}
2019-09-28 06:50:36,106 [main] INFO  server.Server (Server.java:doStart(419)) - Started @531033ms
2019-09-28 06:50:36,112 [main] WARN  impl.MetricsSystemImpl (MetricsSystemImpl.java:register(276)) - Sink prometheus already exists!
2019-09-28 06:50:36,113 [main] INFO  server.BaseHttpServer (BaseHttpServer.java:updateConnectorAddress(215)) - HTTP server of HDDSDATANODE is listening at http://0.0.0.0:39766
2019-09-28 06:50:36,114 [main] INFO  ozone.MiniOzoneClusterImpl (MiniOzoneClusterImpl.java:lambda$waitForClusterToBeReady$0(147)) - Waiting for cluster to be ready. Got 0 of 7 DN Heartbeats.
2019-09-28 06:50:36,115 [org.apache.hadoop.util.JvmPauseMonitor$Monitor@13cced25] INFO  util.JvmPauseMonitor (JvmPauseMonitor.java:run(188)) - Starting JVM pause monitor
2019-09-28 06:50:36,116 [Datanode State Machine Thread - 0] INFO  datanode.InitDatanodeState (InitDatanodeState.java:persistContainerDatanodeDetails(140)) - DatanodeDetails is persisted to /workdir/hadoop-ozone/integration-test/target/test-dir/MiniOzoneClusterImpl-20dc5c4d-f858-40ba-b097-a7c1cdb8c191/datanode-6/meta/datanode.id
2019-09-28 06:50:37,114 [main] INFO  ozone.MiniOzoneClusterImpl (MiniOzoneClusterImpl.java:lambda$waitForClusterToBeReady$0(147)) - Waiting for cluster to be ready. Got 0 of 7 DN Heartbeats.
2019-09-28 06:50:37,666 [Datanode State Machine Thread - 0] INFO  ozoneimpl.OzoneContainer (OzoneContainer.java:start(217)) - Attempting to start container services.
2019-09-28 06:50:37,666 [Datanode State Machine Thread - 0] INFO  ozoneimpl.OzoneContainer (OzoneContainer.java:startContainerScrub(179)) - Background container scanner has been disabled.
2019-09-28 06:50:37,666 [Datanode State Machine Thread - 0] INFO  ratis.XceiverServerRatis (XceiverServerRatis.java:start(411)) - Starting XceiverServerRatis 1aedca0a-abf4-402e-a95f-5711575201c0 at port 0
2019-09-28 06:50:37,676 [Datanode State Machine Thread - 0] INFO  impl.RaftServerProxy (RaftServerProxy.java:lambda$start$3(299)) - 1aedca0a-abf4-402e-a95f-5711575201c0: start RPC server
2019-09-28 06:50:37,678 [Datanode State Machine Thread - 0] INFO  server.GrpcService (GrpcService.java:startImpl(158)) - 1aedca0a-abf4-402e-a95f-5711575201c0: GrpcService started, listening on 0.0.0.0/0.0.0.0:36668
2019-09-28 06:50:37,678 [Datanode State Machine Thread - 0] INFO  ratis.XceiverServerRatis (XceiverServerRatis.java:start(421)) - XceiverServerRatis 1aedca0a-abf4-402e-a95f-5711575201c0 is started using port 36668
2019-09-28 06:50:37,681 [Datanode State Machine Thread - 0] INFO  server.XceiverServerGrpc (XceiverServerGrpc.java:start(149)) - XceiverServerGrpc 1aedca0a-abf4-402e-a95f-5711575201c0 is started using port 39584
2019-09-28 06:50:37,735 [Datanode State Machine Thread - 0] INFO  ozoneimpl.OzoneContainer (OzoneContainer.java:start(217)) - Attempting to start container services.
2019-09-28 06:50:37,736 [Datanode State Machine Thread - 0] INFO  ozoneimpl.OzoneContainer (OzoneContainer.java:startContainerScrub(179)) - Background container scanner has been disabled.
2019-09-28 06:50:37,736 [Datanode State Machine Thread - 0] INFO  ratis.XceiverServerRatis (XceiverServerRatis.java:start(411)) - Starting XceiverServerRatis bb7a0018-9dff-480a-8fd9-59e58ac2575d at port 0
2019-09-28 06:50:37,745 [Datanode State Machine Thread - 0] INFO  impl.RaftServerProxy (RaftServerProxy.java:lambda$start$3(299)) - bb7a0018-9dff-480a-8fd9-59e58ac2575d: start RPC server
2019-09-28 06:50:37,745 [Datanode State Machine Thread - 0] INFO  server.GrpcService (GrpcService.java:startImpl(158)) - bb7a0018-9dff-480a-8fd9-59e58ac2575d: GrpcService started, listening on 0.0.0.0/0.0.0.0:37928
2019-09-28 06:50:37,745 [Datanode State Machine Thread - 0] INFO  ratis.XceiverServerRatis (XceiverServerRatis.java:start(421)) - XceiverServerRatis bb7a0018-9dff-480a-8fd9-59e58ac2575d is started using port 37928
2019-09-28 06:50:37,746 [Datanode State Machine Thread - 0] INFO  server.XceiverServerGrpc (XceiverServerGrpc.java:start(149)) - XceiverServerGrpc bb7a0018-9dff-480a-8fd9-59e58ac2575d is started using port 44908
2019-09-28 06:50:37,816 [Datanode State Machine Thread - 0] INFO  ozoneimpl.OzoneContainer (OzoneContainer.java:start(217)) - Attempting to start container services.
2019-09-28 06:50:37,817 [Datanode State Machine Thread - 0] INFO  ozoneimpl.OzoneContainer (OzoneContainer.java:startContainerScrub(179)) - Background container scanner has been disabled.
2019-09-28 06:50:37,817 [Datanode State Machine Thread - 0] INFO  ratis.XceiverServerRatis (XceiverServerRatis.java:start(411)) - Starting XceiverServerRatis 5b2524e0-1373-4ae9-bf84-76001f7e06e4 at port 0
2019-09-28 06:50:37,826 [Datanode State Machine Thread - 0] INFO  impl.RaftServerProxy (RaftServerProxy.java:lambda$start$3(299)) - 5b2524e0-1373-4ae9-bf84-76001f7e06e4: start RPC server
2019-09-28 06:50:37,827 [Datanode State Machine Thread - 0] INFO  server.GrpcService (GrpcService.java:startImpl(158)) - 5b2524e0-1373-4ae9-bf84-76001f7e06e4: GrpcService started, listening on 0.0.0.0/0.0.0.0:42084
2019-09-28 06:50:37,827 [Datanode State Machine Thread - 0] INFO  ratis.XceiverServerRatis (XceiverServerRatis.java:start(421)) - XceiverServerRatis 5b2524e0-1373-4ae9-bf84-76001f7e06e4 is started using port 42084
2019-09-28 06:50:37,828 [Datanode State Machine Thread - 0] INFO  server.XceiverServerGrpc (XceiverServerGrpc.java:start(149)) - XceiverServerGrpc 5b2524e0-1373-4ae9-bf84-76001f7e06e4 is started using port 41685
2019-09-28 06:50:37,888 [Datanode State Machine Thread - 0] INFO  ozoneimpl.OzoneContainer (OzoneContainer.java:start(217)) - Attempting to start container services.
2019-09-28 06:50:37,888 [Datanode State Machine Thread - 0] INFO  ozoneimpl.OzoneContainer (OzoneContainer.java:startContainerScrub(179)) - Background container scanner has been disabled.
2019-09-28 06:50:37,888 [Datanode State Machine Thread - 0] INFO  ratis.XceiverServerRatis (XceiverServerRatis.java:start(411)) - Starting XceiverServerRatis dea5c579-b378-47c6-bc7f-f894534e83b6 at port 0
2019-09-28 06:50:37,895 [Datanode State Machine Thread - 0] INFO  impl.RaftServerProxy (RaftServerProxy.java:lambda$start$3(299)) - dea5c579-b378-47c6-bc7f-f894534e83b6: start RPC server
2019-09-28 06:50:37,896 [Datanode State Machine Thread - 0] INFO  server.GrpcService (GrpcService.java:startImpl(158)) - dea5c579-b378-47c6-bc7f-f894534e83b6: GrpcService started, listening on 0.0.0.0/0.0.0.0:34460
2019-09-28 06:50:37,896 [Datanode State Machine Thread - 0] INFO  ratis.XceiverServerRatis (XceiverServerRatis.java:start(421)) - XceiverServerRatis dea5c579-b378-47c6-bc7f-f894534e83b6 is started using port 34460
2019-09-28 06:50:37,896 [Datanode State Machine Thread - 0] INFO  server.XceiverServerGrpc (XceiverServerGrpc.java:start(149)) - XceiverServerGrpc dea5c579-b378-47c6-bc7f-f894534e83b6 is started using port 45313
2019-09-28 06:50:37,972 [Datanode State Machine Thread - 0] INFO  ozoneimpl.OzoneContainer (OzoneContainer.java:start(217)) - Attempting to start container services.
2019-09-28 06:50:37,972 [Datanode State Machine Thread - 0] INFO  ozoneimpl.OzoneContainer (OzoneContainer.java:startContainerScrub(179)) - Background container scanner has been disabled.
2019-09-28 06:50:37,972 [Datanode State Machine Thread - 0] INFO  ratis.XceiverServerRatis (XceiverServerRatis.java:start(411)) - Starting XceiverServerRatis 9ab61eb8-0da8-412c-bec0-c0b2863e5c0c at port 0
2019-09-28 06:50:37,980 [Datanode State Machine Thread - 0] INFO  impl.RaftServerProxy (RaftServerProxy.java:lambda$start$3(299)) - 9ab61eb8-0da8-412c-bec0-c0b2863e5c0c: start RPC server
2019-09-28 06:50:37,981 [Datanode State Machine Thread - 0] INFO  server.GrpcService (GrpcService.java:startImpl(158)) - 9ab61eb8-0da8-412c-bec0-c0b2863e5c0c: GrpcService started, listening on 0.0.0.0/0.0.0.0:37566
2019-09-28 06:50:37,981 [Datanode State Machine Thread - 0] INFO  ratis.XceiverServerRatis (XceiverServerRatis.java:start(421)) - XceiverServerRatis 9ab61eb8-0da8-412c-bec0-c0b2863e5c0c is started using port 37566
2019-09-28 06:50:37,982 [Datanode State Machine Thread - 0] INFO  server.XceiverServerGrpc (XceiverServerGrpc.java:start(149)) - XceiverServerGrpc 9ab61eb8-0da8-412c-bec0-c0b2863e5c0c is started using port 43210
2019-09-28 06:50:38,056 [Datanode State Machine Thread - 0] INFO  ozoneimpl.OzoneContainer (OzoneContainer.java:start(217)) - Attempting to start container services.
2019-09-28 06:50:38,056 [Datanode State Machine Thread - 0] INFO  ozoneimpl.OzoneContainer (OzoneContainer.java:startContainerScrub(179)) - Background container scanner has been disabled.
2019-09-28 06:50:38,056 [Datanode State Machine Thread - 0] INFO  ratis.XceiverServerRatis (XceiverServerRatis.java:start(411)) - Starting XceiverServerRatis 6ec37010-c9c3-47a1-9200-a5346984dcfb at port 0
2019-09-28 06:50:38,065 [Datanode State Machine Thread - 0] INFO  impl.RaftServerProxy (RaftServerProxy.java:lambda$start$3(299)) - 6ec37010-c9c3-47a1-9200-a5346984dcfb: start RPC server
2019-09-28 06:50:38,066 [Datanode State Machine Thread - 0] INFO  server.GrpcService (GrpcService.java:startImpl(158)) - 6ec37010-c9c3-47a1-9200-a5346984dcfb: GrpcService started, listening on 0.0.0.0/0.0.0.0:35921
2019-09-28 06:50:38,066 [Datanode State Machine Thread - 0] INFO  ratis.XceiverServerRatis (XceiverServerRatis.java:start(421)) - XceiverServerRatis 6ec37010-c9c3-47a1-9200-a5346984dcfb is started using port 35921
2019-09-28 06:50:38,066 [Datanode State Machine Thread - 0] INFO  server.XceiverServerGrpc (XceiverServerGrpc.java:start(149)) - XceiverServerGrpc 6ec37010-c9c3-47a1-9200-a5346984dcfb is started using port 44015
2019-09-28 06:50:38,115 [main] INFO  ozone.MiniOzoneClusterImpl (MiniOzoneClusterImpl.java:lambda$waitForClusterToBeReady$0(147)) - Waiting for cluster to be ready. Got 0 of 7 DN Heartbeats.
2019-09-28 06:50:38,128 [Datanode State Machine Thread - 0] INFO  ozoneimpl.OzoneContainer (OzoneContainer.java:start(217)) - Attempting to start container services.
2019-09-28 06:50:38,128 [Datanode State Machine Thread - 0] INFO  ozoneimpl.OzoneContainer (OzoneContainer.java:startContainerScrub(179)) - Background container scanner has been disabled.
2019-09-28 06:50:38,129 [Datanode State Machine Thread - 0] INFO  ratis.XceiverServerRatis (XceiverServerRatis.java:start(411)) - Starting XceiverServerRatis fd88f408-da0f-424e-89f0-666fdcc7f52f at port 0
2019-09-28 06:50:38,135 [Datanode State Machine Thread - 0] INFO  impl.RaftServerProxy (RaftServerProxy.java:lambda$start$3(299)) - fd88f408-da0f-424e-89f0-666fdcc7f52f: start RPC server
2019-09-28 06:50:38,136 [Datanode State Machine Thread - 0] INFO  server.GrpcService (GrpcService.java:startImpl(158)) - fd88f408-da0f-424e-89f0-666fdcc7f52f: GrpcService started, listening on 0.0.0.0/0.0.0.0:41635
2019-09-28 06:50:38,136 [Datanode State Machine Thread - 0] INFO  ratis.XceiverServerRatis (XceiverServerRatis.java:start(421)) - XceiverServerRatis fd88f408-da0f-424e-89f0-666fdcc7f52f is started using port 41635
2019-09-28 06:50:38,147 [Datanode State Machine Thread - 0] INFO  server.XceiverServerGrpc (XceiverServerGrpc.java:start(149)) - XceiverServerGrpc fd88f408-da0f-424e-89f0-666fdcc7f52f is started using port 42956
2019-09-28 06:50:39,115 [main] INFO  ozone.MiniOzoneClusterImpl (MiniOzoneClusterImpl.java:lambda$waitForClusterToBeReady$0(147)) - Waiting for cluster to be ready. Got 0 of 7 DN Heartbeats.
2019-09-28 06:50:39,647 [IPC Server handler 3 on 35797] INFO  net.NetworkTopology (NetworkTopologyImpl.java:add(111)) - Added a new node: /default-rack/1aedca0a-abf4-402e-a95f-5711575201c0
2019-09-28 06:50:39,650 [IPC Server handler 3 on 35797] INFO  node.SCMNodeManager (SCMNodeManager.java:register(266)) - Registered Data node : 1aedca0a-abf4-402e-a95f-5711575201c0{ip: 192.168.151.105, host: pr-hdds-2202-m9h6s-3487434564, networkLocation: /default-rack, certSerialId: null}
2019-09-28 06:50:39,651 [EventQueue-NodeRegistrationContainerReportForDataNodeSafeModeRule] INFO  safemode.SCMSafeModeManager (DataNodeSafeModeRule.java:process(71)) - SCM in safe mode. 1 DataNodes registered, 1 required.
2019-09-28 06:50:39,654 [EventQueue-NodeRegistrationContainerReportForDataNodeSafeModeRule] INFO  safemode.SCMSafeModeManager (SCMSafeModeManager.java:validateSafeModeExitRules(177)) - ScmSafeModeManager, all rules are successfully validated
2019-09-28 06:50:39,654 [EventQueue-NodeRegistrationContainerReportForDataNodeSafeModeRule] INFO  safemode.SCMSafeModeManager (SCMSafeModeManager.java:exitSafeMode(193)) - SCM exiting safe mode.
2019-09-28 06:50:39,667 [grpc-default-executor-4] INFO  impl.RaftServerProxy (RaftServerProxy.java:addNew(89)) - 1aedca0a-abf4-402e-a95f-5711575201c0: addNew group-4D159CC19454:[1aedca0a-abf4-402e-a95f-5711575201c0:192.168.151.105:36668] returns group-4D159CC19454:java.util.concurrent.CompletableFuture@77170d15[Not completed]
2019-09-28 06:50:39,668 [pool-409-thread-1] INFO  impl.RaftServerImpl (RaftServerImpl.java:<init>(95)) - 1aedca0a-abf4-402e-a95f-5711575201c0: new RaftServerImpl for group-4D159CC19454:[1aedca0a-abf4-402e-a95f-5711575201c0:192.168.151.105:36668] with ContainerStateMachine:uninitialized
2019-09-28 06:50:39,669 [pool-409-thread-1] INFO  server.RaftServerConfigKeys (ConfUtils.java:logGet(43)) - raft.server.rpc.timeout.min = 5s (custom)
2019-09-28 06:50:39,669 [pool-409-thread-1] INFO  server.RaftServerConfigKeys (ConfUtils.java:logGet(43)) - raft.server.rpc.timeout.max = 5200ms (custom)
2019-09-28 06:50:39,669 [pool-409-thread-1] INFO  server.RaftServerConfigKeys (ConfUtils.java:logGet(43)) - raft.server.rpcslowness.timeout = 120s (custom)
2019-09-28 06:50:39,669 [pool-409-thread-1] INFO  server.RaftServerConfigKeys (ConfUtils.java:logGet(43)) - raft.server.sleep.deviation.threshold = 300 (default)
2019-09-28 06:50:39,669 [pool-409-thread-1] INFO  server.RaftServerConfigKeys (ConfUtils.java:logGet(43)) - raft.server.log.appender.install.snapshot.enabled = false (custom)
2019-09-28 06:50:39,669 [pool-409-thread-1] INFO  impl.RaftServerImpl (ServerState.java:<init>(103)) - 1aedca0a-abf4-402e-a95f-5711575201c0@group-4D159CC19454: ConfigurationManager, init=-1: [1aedca0a-abf4-402e-a95f-5711575201c0:192.168.151.105:36668], old=null, confs=<EMPTY_MAP>
2019-09-28 06:50:39,670 [pool-409-thread-1] INFO  server.RaftServerConfigKeys (ConfUtils.java:logGet(43)) - raft.server.storage.dir = [/workdir/hadoop-ozone/integration-test/target/test-dir/MiniOzoneClusterImpl-20dc5c4d-f858-40ba-b097-a7c1cdb8c191/datanode-0/data/ratis] (custom)
2019-09-28 06:50:39,670 [pool-409-thread-1] INFO  storage.RaftStorageDirectory (RaftStorageDirectory.java:analyzeStorage(246)) - The storage directory /workdir/hadoop-ozone/integration-test/target/test-dir/MiniOzoneClusterImpl-20dc5c4d-f858-40ba-b097-a7c1cdb8c191/datanode-0/data/ratis/01fd5a80-3c50-4567-8df5-4d159cc19454 does not exist. Creating ...
2019-09-28 06:50:39,685 [pool-409-thread-1] INFO  storage.RaftStorageDirectory (RaftStorageDirectory.java:tryLock(328)) - Lock on /workdir/hadoop-ozone/integration-test/target/test-dir/MiniOzoneClusterImpl-20dc5c4d-f858-40ba-b097-a7c1cdb8c191/datanode-0/data/ratis/01fd5a80-3c50-4567-8df5-4d159cc19454/in_use.lock acquired by nodename 20552@pr-hdds-2202-m9h6s-3487434564
2019-09-28 06:50:39,698 [pool-409-thread-1] INFO  storage.RaftStorage (RaftStorage.java:format(72)) - Storage directory /workdir/hadoop-ozone/integration-test/target/test-dir/MiniOzoneClusterImpl-20dc5c4d-f858-40ba-b097-a7c1cdb8c191/datanode-0/data/ratis/01fd5a80-3c50-4567-8df5-4d159cc19454 has been successfully formatted.
2019-09-28 06:50:39,699 [pool-409-thread-1] INFO  ratis.ContainerStateMachine (ContainerStateMachine.java:loadSnapshot(230)) - group-4D159CC19454: The snapshot info is null. Setting the last applied indexto:(t:0, i:~)
2019-09-28 06:50:39,699 [pool-409-thread-1] INFO  server.RaftServerConfigKeys (ConfUtils.java:logGet(43)) - raft.server.notification.no-leader.timeout = 120s (custom)
2019-09-28 06:50:39,699 [pool-409-thread-1] INFO  server.RaftServerConfigKeys (ConfUtils.java:logGet(43)) - raft.server.log.use.memory = false (default)
2019-09-28 06:50:39,699 [pool-409-thread-1] INFO  server.RaftServerConfigKeys (ConfUtils.java:logGet(43)) - raft.server.log.purge.gap = 1000000 (custom)
2019-09-28 06:50:39,699 [pool-409-thread-1] INFO  server.RaftServerConfigKeys (ConfUtils.java:logGet(43)) - raft.server.log.appender.buffer.byte-limit = 33554432 (custom)
2019-09-28 06:50:39,699 [pool-409-thread-1] INFO  server.RaftServerConfigKeys (ConfUtils.java:logGet(43)) - raft.server.log.segment.size.max = 1048576 (custom)
2019-09-28 06:50:39,700 [pool-409-thread-1] INFO  server.RaftServerConfigKeys (ConfUtils.java:logGet(43)) - raft.server.log.segment.cache.num.max = 2 (custom)
2019-09-28 06:50:39,700 [pool-409-thread-1] INFO  segmented.SegmentedRaftLogWorker (SegmentedRaftLogWorker.java:<init>(172)) - new 1aedca0a-abf4-402e-a95f-5711575201c0@group-4D159CC19454-SegmentedRaftLogWorker for RaftStorage:Storage Directory /workdir/hadoop-ozone/integration-test/target/test-dir/MiniOzoneClusterImpl-20dc5c4d-f858-40ba-b097-a7c1cdb8c191/datanode-0/data/ratis/01fd5a80-3c50-4567-8df5-4d159cc19454
2019-09-28 06:50:39,701 [pool-409-thread-1] INFO  server.RaftServerConfigKeys (ConfUtils.java:logGet(43)) - raft.server.log.queue.byte-limit = 2147483647 (custom)
2019-09-28 06:50:39,701 [pool-409-thread-1] INFO  server.RaftServerConfigKeys (ConfUtils.java:logGet(43)) - raft.server.log.queue.element-limit = 1024 (custom)
2019-09-28 06:50:39,702 [pool-409-thread-1] INFO  server.RaftServerConfigKeys (ConfUtils.java:logGet(43)) - raft.server.log.segment.size.max = 1048576 (custom)
2019-09-28 06:50:39,702 [pool-409-thread-1] INFO  server.RaftServerConfigKeys (ConfUtils.java:logGet(43)) - raft.server.log.preallocated.size = 16384 (custom)
2019-09-28 06:50:39,702 [pool-409-thread-1] INFO  server.RaftServerConfigKeys (ConfUtils.java:logGet(43)) - raft.server.log.write.buffer.size = 33554432 (custom)
2019-09-28 06:50:39,702 [pool-409-thread-1] INFO  server.RaftServerConfigKeys (ConfUtils.java:logGet(43)) - raft.server.log.force.sync.num = 128 (default)
2019-09-28 06:50:39,702 [pool-409-thread-1] INFO  server.RaftServerConfigKeys (ConfUtils.java:logGet(43)) - raft.server.log.statemachine.data.sync = true (default)
2019-09-28 06:50:39,702 [pool-409-thread-1] INFO  server.RaftServerConfigKeys (ConfUtils.java:logGet(43)) - raft.server.log.statemachine.data.sync.timeout = 10s (default)
2019-09-28 06:50:39,702 [pool-409-thread-1] INFO  server.RaftServerConfigKeys (ConfUtils.java:logGet(43)) - raft.server.log.statemachine.data.sync.timeout.retry = -1 (default)
2019-09-28 06:50:39,703 [pool-409-thread-1] INFO  server.RaftServerConfigKeys (ConfUtils.java:logGet(43)) - raft.server.log.statemachine.data.caching.enabled = true (custom)
2019-09-28 06:50:39,703 [pool-409-thread-1] INFO  segmented.SegmentedRaftLogWorker (SegmentedRaftLogWorker.java:lambda$new$0(132)) - 1aedca0a-abf4-402e-a95f-5711575201c0@group-4D159CC19454-SegmentedRaftLogWorker: flushIndex: setUnconditionally 0 -> -1
2019-09-28 06:50:39,703 [pool-409-thread-1] INFO  server.RaftServerConfigKeys (ConfUtils.java:logGet(43)) - raft.server.snapshot.auto.trigger.enabled = true (custom)
2019-09-28 06:50:39,703 [pool-409-thread-1] INFO  server.RaftServerConfigKeys (ConfUtils.java:logGet(43)) - raft.server.snapshot.auto.trigger.threshold = 10000 (custom)
2019-09-28 06:50:39,704 [pool-409-thread-1] INFO  server.RaftServerConfigKeys (ConfUtils.java:logGet(43)) - raft.server.snapshot.retention.num.files = 5 (custom)
2019-09-28 06:50:39,704 [pool-409-thread-1] INFO  server.RaftServerConfigKeys (ConfUtils.java:logGet(43)) - raft.server.retrycache.expirytime = 600000ms (custom)
2019-09-28 06:50:39,705 [pool-409-thread-1] INFO  impl.RaftServerImpl (RaftServerImpl.java:start(185)) - 1aedca0a-abf4-402e-a95f-5711575201c0@group-4D159CC19454: start as a follower, conf=-1: [1aedca0a-abf4-402e-a95f-5711575201c0:192.168.151.105:36668], old=null
2019-09-28 06:50:39,705 [pool-409-thread-1] INFO  impl.RaftServerImpl (RaftServerImpl.java:setRole(174)) - 1aedca0a-abf4-402e-a95f-5711575201c0@group-4D159CC19454: changes role from      null to FOLLOWER at term 0 for startAsFollower
2019-09-28 06:50:39,705 [pool-409-thread-1] INFO  impl.RoleInfo (RoleInfo.java:updateAndGet(143)) - 1aedca0a-abf4-402e-a95f-5711575201c0: start FollowerState
2019-09-28 06:50:39,706 [pool-409-thread-1] INFO  util.JmxRegister (JmxRegister.java:tryRegister(44)) - Successfully registered JMX Bean with object name Ratis:service=RaftServer,group=group-4D159CC19454,id=1aedca0a-abf4-402e-a95f-5711575201c0
2019-09-28 06:50:39,709 [RatisPipelineUtilsThread] INFO  pipeline.PipelineStateManager (PipelineStateManager.java:addPipeline(56)) - Created pipeline Pipeline[ Id: 01fd5a80-3c50-4567-8df5-4d159cc19454, Nodes: 1aedca0a-abf4-402e-a95f-5711575201c0{ip: 192.168.151.105, host: pr-hdds-2202-m9h6s-3487434564, networkLocation: /default-rack, certSerialId: null}, Type:RATIS, Factor:ONE, State:OPEN]
2019-09-28 06:50:39,721 [IPC Server handler 5 on 35797] INFO  net.NetworkTopology (NetworkTopologyImpl.java:add(111)) - Added a new node: /default-rack/bb7a0018-9dff-480a-8fd9-59e58ac2575d
2019-09-28 06:50:39,721 [IPC Server handler 5 on 35797] INFO  node.SCMNodeManager (SCMNodeManager.java:register(266)) - Registered Data node : bb7a0018-9dff-480a-8fd9-59e58ac2575d{ip: 192.168.151.105, host: pr-hdds-2202-m9h6s-3487434564, networkLocation: /default-rack, certSerialId: null}
2019-09-28 06:50:39,727 [grpc-default-executor-4] INFO  impl.RaftServerProxy (RaftServerProxy.java:addNew(89)) - bb7a0018-9dff-480a-8fd9-59e58ac2575d: addNew group-C9BB3F1CDFBF:[bb7a0018-9dff-480a-8fd9-59e58ac2575d:192.168.151.105:37928] returns group-C9BB3F1CDFBF:java.util.concurrent.CompletableFuture@451bf764[Not completed]
2019-09-28 06:50:39,729 [pool-419-thread-1] INFO  impl.RaftServerImpl (RaftServerImpl.java:<init>(95)) - bb7a0018-9dff-480a-8fd9-59e58ac2575d: new RaftServerImpl for group-C9BB3F1CDFBF:[bb7a0018-9dff-480a-8fd9-59e58ac2575d:192.168.151.105:37928] with ContainerStateMachine:uninitialized
2019-09-28 06:50:39,729 [pool-419-thread-1] INFO  server.RaftServerConfigKeys (ConfUtils.java:logGet(43)) - raft.server.rpc.timeout.min = 5s (custom)
2019-09-28 06:50:39,729 [pool-419-thread-1] INFO  server.RaftServerConfigKeys (ConfUtils.java:logGet(43)) - raft.server.rpc.timeout.max = 5200ms (custom)
2019-09-28 06:50:39,729 [pool-419-thread-1] INFO  server.RaftServerConfigKeys (ConfUtils.java:logGet(43)) - raft.server.rpcslowness.timeout = 120s (custom)
2019-09-28 06:50:39,729 [pool-419-thread-1] INFO  server.RaftServerConfigKeys (ConfUtils.java:logGet(43)) - raft.server.sleep.deviation.threshold = 300 (default)
2019-09-28 06:50:39,730 [pool-419-thread-1] INFO  server.RaftServerConfigKeys (ConfUtils.java:logGet(43)) - raft.server.log.appender.install.snapshot.enabled = false (custom)
2019-09-28 06:50:39,730 [pool-419-thread-1] INFO  impl.RaftServerImpl (ServerState.java:<init>(103)) - bb7a0018-9dff-480a-8fd9-59e58ac2575d@group-C9BB3F1CDFBF: ConfigurationManager, init=-1: [bb7a0018-9dff-480a-8fd9-59e58ac2575d:192.168.151.105:37928], old=null, confs=<EMPTY_MAP>
2019-09-28 06:50:39,730 [pool-419-thread-1] INFO  server.RaftServerConfigKeys (ConfUtils.java:logGet(43)) - raft.server.storage.dir = [/workdir/hadoop-ozone/integration-test/target/test-dir/MiniOzoneClusterImpl-20dc5c4d-f858-40ba-b097-a7c1cdb8c191/datanode-1/data/ratis] (custom)
2019-09-28 06:50:39,730 [pool-419-thread-1] INFO  storage.RaftStorageDirectory (RaftStorageDirectory.java:analyzeStorage(246)) - The storage directory /workdir/hadoop-ozone/integration-test/target/test-dir/MiniOzoneClusterImpl-20dc5c4d-f858-40ba-b097-a7c1cdb8c191/datanode-1/data/ratis/4e0b9c29-7056-4806-aa95-c9bb3f1cdfbf does not exist. Creating ...
2019-09-28 06:50:39,743 [pool-419-thread-1] INFO  storage.RaftStorageDirectory (RaftStorageDirectory.java:tryLock(328)) - Lock on /workdir/hadoop-ozone/integration-test/target/test-dir/MiniOzoneClusterImpl-20dc5c4d-f858-40ba-b097-a7c1cdb8c191/datanode-1/data/ratis/4e0b9c29-7056-4806-aa95-c9bb3f1cdfbf/in_use.lock acquired by nodename 20552@pr-hdds-2202-m9h6s-3487434564
2019-09-28 06:50:39,756 [pool-419-thread-1] INFO  storage.RaftStorage (RaftStorage.java:format(72)) - Storage directory /workdir/hadoop-ozone/integration-test/target/test-dir/MiniOzoneClusterImpl-20dc5c4d-f858-40ba-b097-a7c1cdb8c191/datanode-1/data/ratis/4e0b9c29-7056-4806-aa95-c9bb3f1cdfbf has been successfully formatted.
2019-09-28 06:50:39,757 [pool-419-thread-1] INFO  ratis.ContainerStateMachine (ContainerStateMachine.java:loadSnapshot(230)) - group-C9BB3F1CDFBF: The snapshot info is null. Setting the last applied indexto:(t:0, i:~)
2019-09-28 06:50:39,757 [pool-419-thread-1] INFO  server.RaftServerConfigKeys (ConfUtils.java:logGet(43)) - raft.server.notification.no-leader.timeout = 120s (custom)
2019-09-28 06:50:39,757 [pool-419-thread-1] INFO  server.RaftServerConfigKeys (ConfUtils.java:logGet(43)) - raft.server.log.use.memory = false (default)
2019-09-28 06:50:39,757 [pool-419-thread-1] INFO  server.RaftServerConfigKeys (ConfUtils.java:logGet(43)) - raft.server.log.purge.gap = 1000000 (custom)
2019-09-28 06:50:39,757 [pool-419-thread-1] INFO  server.RaftServerConfigKeys (ConfUtils.java:logGet(43)) - raft.server.log.appender.buffer.byte-limit = 33554432 (custom)
2019-09-28 06:50:39,757 [pool-419-thread-1] INFO  server.RaftServerConfigKeys (ConfUtils.java:logGet(43)) - raft.server.log.segment.size.max = 1048576 (custom)
2019-09-28 06:50:39,757 [pool-419-thread-1] INFO  server.RaftServerConfigKeys (ConfUtils.java:logGet(43)) - raft.server.log.segment.cache.num.max = 2 (custom)
2019-09-28 06:50:39,757 [pool-419-thread-1] INFO  segmented.SegmentedRaftLogWorker (SegmentedRaftLogWorker.java:<init>(172)) - new bb7a0018-9dff-480a-8fd9-59e58ac2575d@group-C9BB3F1CDFBF-SegmentedRaftLogWorker for RaftStorage:Storage Directory /workdir/hadoop-ozone/integration-test/target/test-dir/MiniOzoneClusterImpl-20dc5c4d-f858-40ba-b097-a7c1cdb8c191/datanode-1/data/ratis/4e0b9c29-7056-4806-aa95-c9bb3f1cdfbf
2019-09-28 06:50:39,759 [pool-419-thread-1] INFO  server.RaftServerConfigKeys (ConfUtils.java:logGet(43)) - raft.server.log.queue.byte-limit = 2147483647 (custom)
2019-09-28 06:50:39,759 [pool-419-thread-1] INFO  server.RaftServerConfigKeys (ConfUtils.java:logGet(43)) - raft.server.log.queue.element-limit = 1024 (custom)
2019-09-28 06:50:39,760 [pool-419-thread-1] INFO  server.RaftServerConfigKeys (ConfUtils.java:logGet(43)) - raft.server.log.segment.size.max = 1048576 (custom)
2019-09-28 06:50:39,760 [pool-419-thread-1] INFO  server.RaftServerConfigKeys (ConfUtils.java:logGet(43)) - raft.server.log.preallocated.size = 16384 (custom)
2019-09-28 06:50:39,760 [pool-419-thread-1] INFO  server.RaftServerConfigKeys (ConfUtils.java:logGet(43)) - raft.server.log.write.buffer.size = 33554432 (custom)
2019-09-28 06:50:39,760 [pool-419-thread-1] INFO  server.RaftServerConfigKeys (ConfUtils.java:logGet(43)) - raft.server.log.force.sync.num = 128 (default)
2019-09-28 06:50:39,760 [pool-419-thread-1] INFO  server.RaftServerConfigKeys (ConfUtils.java:logGet(43)) - raft.server.log.statemachine.data.sync = true (default)
2019-09-28 06:50:39,760 [pool-419-thread-1] INFO  server.RaftServerConfigKeys (ConfUtils.java:logGet(43)) - raft.server.log.statemachine.data.sync.timeout = 10s (default)
2019-09-28 06:50:39,760 [pool-419-thread-1] INFO  server.RaftServerConfigKeys (ConfUtils.java:logGet(43)) - raft.server.log.statemachine.data.sync.timeout.retry = -1 (default)
2019-09-28 06:50:39,761 [pool-419-thread-1] INFO  server.RaftServerConfigKeys (ConfUtils.java:logGet(43)) - raft.server.log.statemachine.data.caching.enabled = true (custom)
2019-09-28 06:50:39,761 [pool-419-thread-1] INFO  segmented.SegmentedRaftLogWorker (SegmentedRaftLogWorker.java:lambda$new$0(132)) - bb7a0018-9dff-480a-8fd9-59e58ac2575d@group-C9BB3F1CDFBF-SegmentedRaftLogWorker: flushIndex: setUnconditionally 0 -> -1
2019-09-28 06:50:39,761 [pool-419-thread-1] INFO  server.RaftServerConfigKeys (ConfUtils.java:logGet(43)) - raft.server.snapshot.auto.trigger.enabled = true (custom)
2019-09-28 06:50:39,761 [pool-419-thread-1] INFO  server.RaftServerConfigKeys (ConfUtils.java:logGet(43)) - raft.server.snapshot.auto.trigger.threshold = 10000 (custom)
2019-09-28 06:50:39,762 [pool-419-thread-1] INFO  server.RaftServerConfigKeys (ConfUtils.java:logGet(43)) - raft.server.snapshot.retention.num.files = 5 (custom)
2019-09-28 06:50:39,762 [pool-419-thread-1] INFO  server.RaftServerConfigKeys (ConfUtils.java:logGet(43)) - raft.server.retrycache.expirytime = 600000ms (custom)
2019-09-28 06:50:39,764 [pool-419-thread-1] INFO  impl.RaftServerImpl (RaftServerImpl.java:start(185)) - bb7a0018-9dff-480a-8fd9-59e58ac2575d@group-C9BB3F1CDFBF: start as a follower, conf=-1: [bb7a0018-9dff-480a-8fd9-59e58ac2575d:192.168.151.105:37928], old=null
2019-09-28 06:50:39,764 [pool-419-thread-1] INFO  impl.RaftServerImpl (RaftServerImpl.java:setRole(174)) - bb7a0018-9dff-480a-8fd9-59e58ac2575d@group-C9BB3F1CDFBF: changes role from      null to FOLLOWER at term 0 for startAsFollower
2019-09-28 06:50:39,764 [pool-419-thread-1] INFO  impl.RoleInfo (RoleInfo.java:updateAndGet(143)) - bb7a0018-9dff-480a-8fd9-59e58ac2575d: start FollowerState
2019-09-28 06:50:39,764 [pool-419-thread-1] INFO  util.JmxRegister (JmxRegister.java:tryRegister(44)) - Successfully registered JMX Bean with object name Ratis:service=RaftServer,group=group-C9BB3F1CDFBF,id=bb7a0018-9dff-480a-8fd9-59e58ac2575d
2019-09-28 06:50:39,766 [RatisPipelineUtilsThread] INFO  pipeline.PipelineStateManager (PipelineStateManager.java:addPipeline(56)) - Created pipeline Pipeline[ Id: 4e0b9c29-7056-4806-aa95-c9bb3f1cdfbf, Nodes: bb7a0018-9dff-480a-8fd9-59e58ac2575d{ip: 192.168.151.105, host: pr-hdds-2202-m9h6s-3487434564, networkLocation: /default-rack, certSerialId: null}, Type:RATIS, Factor:ONE, State:OPEN]
2019-09-28 06:50:39,799 [IPC Server handler 4 on 35797] INFO  net.NetworkTopology (NetworkTopologyImpl.java:add(111)) - Added a new node: /default-rack/5b2524e0-1373-4ae9-bf84-76001f7e06e4
2019-09-28 06:50:39,800 [IPC Server handler 4 on 35797] INFO  node.SCMNodeManager (SCMNodeManager.java:register(266)) - Registered Data node : 5b2524e0-1373-4ae9-bf84-76001f7e06e4{ip: 192.168.151.105, host: pr-hdds-2202-m9h6s-3487434564, networkLocation: /default-rack, certSerialId: null}
2019-09-28 06:50:39,807 [grpc-default-executor-4] INFO  impl.RaftServerProxy (RaftServerProxy.java:addNew(89)) - 5b2524e0-1373-4ae9-bf84-76001f7e06e4: addNew group-4F27612131D4:[5b2524e0-1373-4ae9-bf84-76001f7e06e4:192.168.151.105:42084] returns group-4F27612131D4:java.util.concurrent.CompletableFuture@467291e9[Not completed]
2019-09-28 06:50:39,808 [pool-429-thread-1] INFO  impl.RaftServerImpl (RaftServerImpl.java:<init>(95)) - 5b2524e0-1373-4ae9-bf84-76001f7e06e4: new RaftServerImpl for group-4F27612131D4:[5b2524e0-1373-4ae9-bf84-76001f7e06e4:192.168.151.105:42084] with ContainerStateMachine:uninitialized
2019-09-28 06:50:39,808 [pool-429-thread-1] INFO  server.RaftServerConfigKeys (ConfUtils.java:logGet(43)) - raft.server.rpc.timeout.min = 5s (custom)
2019-09-28 06:50:39,808 [pool-429-thread-1] INFO  server.RaftServerConfigKeys (ConfUtils.java:logGet(43)) - raft.server.rpc.timeout.max = 5200ms (custom)
2019-09-28 06:50:39,808 [pool-429-thread-1] INFO  server.RaftServerConfigKeys (ConfUtils.java:logGet(43)) - raft.server.rpcslowness.timeout = 120s (custom)
2019-09-28 06:50:39,808 [pool-429-thread-1] INFO  server.RaftServerConfigKeys (ConfUtils.java:logGet(43)) - raft.server.sleep.deviation.threshold = 300 (default)
2019-09-28 06:50:39,809 [pool-429-thread-1] INFO  server.RaftServerConfigKeys (ConfUtils.java:logGet(43)) - raft.server.log.appender.install.snapshot.enabled = false (custom)
2019-09-28 06:50:39,809 [pool-429-thread-1] INFO  impl.RaftServerImpl (ServerState.java:<init>(103)) - 5b2524e0-1373-4ae9-bf84-76001f7e06e4@group-4F27612131D4: ConfigurationManager, init=-1: [5b2524e0-1373-4ae9-bf84-76001f7e06e4:192.168.151.105:42084], old=null, confs=<EMPTY_MAP>
2019-09-28 06:50:39,809 [pool-429-thread-1] INFO  server.RaftServerConfigKeys (ConfUtils.java:logGet(43)) - raft.server.storage.dir = [/workdir/hadoop-ozone/integration-test/target/test-dir/MiniOzoneClusterImpl-20dc5c4d-f858-40ba-b097-a7c1cdb8c191/datanode-2/data/ratis] (custom)
2019-09-28 06:50:39,809 [pool-429-thread-1] INFO  storage.RaftStorageDirectory (RaftStorageDirectory.java:analyzeStorage(246)) - The storage directory /workdir/hadoop-ozone/integration-test/target/test-dir/MiniOzoneClusterImpl-20dc5c4d-f858-40ba-b097-a7c1cdb8c191/datanode-2/data/ratis/344e26c1-ba50-436a-897f-4f27612131d4 does not exist. Creating ...
2019-09-28 06:50:39,822 [pool-429-thread-1] INFO  storage.RaftStorageDirectory (RaftStorageDirectory.java:tryLock(328)) - Lock on /workdir/hadoop-ozone/integration-test/target/test-dir/MiniOzoneClusterImpl-20dc5c4d-f858-40ba-b097-a7c1cdb8c191/datanode-2/data/ratis/344e26c1-ba50-436a-897f-4f27612131d4/in_use.lock acquired by nodename 20552@pr-hdds-2202-m9h6s-3487434564
2019-09-28 06:50:39,835 [pool-429-thread-1] INFO  storage.RaftStorage (RaftStorage.java:format(72)) - Storage directory /workdir/hadoop-ozone/integration-test/target/test-dir/MiniOzoneClusterImpl-20dc5c4d-f858-40ba-b097-a7c1cdb8c191/datanode-2/data/ratis/344e26c1-ba50-436a-897f-4f27612131d4 has been successfully formatted.
2019-09-28 06:50:39,836 [pool-429-thread-1] INFO  ratis.ContainerStateMachine (ContainerStateMachine.java:loadSnapshot(230)) - group-4F27612131D4: The snapshot info is null. Setting the last applied indexto:(t:0, i:~)
2019-09-28 06:50:39,836 [pool-429-thread-1] INFO  server.RaftServerConfigKeys (ConfUtils.java:logGet(43)) - raft.server.notification.no-leader.timeout = 120s (custom)
2019-09-28 06:50:39,836 [pool-429-thread-1] INFO  server.RaftServerConfigKeys (ConfUtils.java:logGet(43)) - raft.server.log.use.memory = false (default)
2019-09-28 06:50:39,836 [pool-429-thread-1] INFO  server.RaftServerConfigKeys (ConfUtils.java:logGet(43)) - raft.server.log.purge.gap = 1000000 (custom)
2019-09-28 06:50:39,836 [pool-429-thread-1] INFO  server.RaftServerConfigKeys (ConfUtils.java:logGet(43)) - raft.server.log.appender.buffer.byte-limit = 33554432 (custom)
2019-09-28 06:50:39,836 [pool-429-thread-1] INFO  server.RaftServerConfigKeys (ConfUtils.java:logGet(43)) - raft.server.log.segment.size.max = 1048576 (custom)
2019-09-28 06:50:39,836 [pool-429-thread-1] INFO  server.RaftServerConfigKeys (ConfUtils.java:logGet(43)) - raft.server.log.segment.cache.num.max = 2 (custom)
2019-09-28 06:50:39,836 [pool-429-thread-1] INFO  segmented.SegmentedRaftLogWorker (SegmentedRaftLogWorker.java:<init>(172)) - new 5b2524e0-1373-4ae9-bf84-76001f7e06e4@group-4F27612131D4-SegmentedRaftLogWorker for RaftStorage:Storage Directory /workdir/hadoop-ozone/integration-test/target/test-dir/MiniOzoneClusterImpl-20dc5c4d-f858-40ba-b097-a7c1cdb8c191/datanode-2/data/ratis/344e26c1-ba50-436a-897f-4f27612131d4
2019-09-28 06:50:39,838 [pool-429-thread-1] INFO  server.RaftServerConfigKeys (ConfUtils.java:logGet(43)) - raft.server.log.queue.byte-limit = 2147483647 (custom)
2019-09-28 06:50:39,838 [pool-429-thread-1] INFO  server.RaftServerConfigKeys (ConfUtils.java:logGet(43)) - raft.server.log.queue.element-limit = 1024 (custom)
2019-09-28 06:50:39,838 [pool-429-thread-1] INFO  server.RaftServerConfigKeys (ConfUtils.java:logGet(43)) - raft.server.log.segment.size.max = 1048576 (custom)
2019-09-28 06:50:39,838 [pool-429-thread-1] INFO  server.RaftServerConfigKeys (ConfUtils.java:logGet(43)) - raft.server.log.preallocated.size = 16384 (custom)
2019-09-28 06:50:39,838 [pool-429-thread-1] INFO  server.RaftServerConfigKeys (ConfUtils.java:logGet(43)) - raft.server.log.write.buffer.size = 33554432 (custom)
2019-09-28 06:50:39,839 [pool-429-thread-1] INFO  server.RaftServerConfigKeys (ConfUtils.java:logGet(43)) - raft.server.log.force.sync.num = 128 (default)
2019-09-28 06:50:39,839 [pool-429-thread-1] INFO  server.RaftServerConfigKeys (ConfUtils.java:logGet(43)) - raft.server.log.statemachine.data.sync = true (default)
2019-09-28 06:50:39,839 [pool-429-thread-1] INFO  server.RaftServerConfigKeys (ConfUtils.java:logGet(43)) - raft.server.log.statemachine.data.sync.timeout = 10s (default)
2019-09-28 06:50:39,839 [pool-429-thread-1] INFO  server.RaftServerConfigKeys (ConfUtils.java:logGet(43)) - raft.server.log.statemachine.data.sync.timeout.retry = -1 (default)
2019-09-28 06:50:39,839 [pool-429-thread-1] INFO  server.RaftServerConfigKeys (ConfUtils.java:logGet(43)) - raft.server.log.statemachine.data.caching.enabled = true (custom)
2019-09-28 06:50:39,839 [pool-429-thread-1] INFO  segmented.SegmentedRaftLogWorker (SegmentedRaftLogWorker.java:lambda$new$0(132)) - 5b2524e0-1373-4ae9-bf84-76001f7e06e4@group-4F27612131D4-SegmentedRaftLogWorker: flushIndex: setUnconditionally 0 -> -1
2019-09-28 06:50:39,840 [pool-429-thread-1] INFO  server.RaftServerConfigKeys (ConfUtils.java:logGet(43)) - raft.server.snapshot.auto.trigger.enabled = true (custom)
2019-09-28 06:50:39,840 [pool-429-thread-1] INFO  server.RaftServerConfigKeys (ConfUtils.java:logGet(43)) - raft.server.snapshot.auto.trigger.threshold = 10000 (custom)
2019-09-28 06:50:39,840 [pool-429-thread-1] INFO  server.RaftServerConfigKeys (ConfUtils.java:logGet(43)) - raft.server.snapshot.retention.num.files = 5 (custom)
2019-09-28 06:50:39,840 [pool-429-thread-1] INFO  server.RaftServerConfigKeys (ConfUtils.java:logGet(43)) - raft.server.retrycache.expirytime = 600000ms (custom)
2019-09-28 06:50:39,842 [pool-429-thread-1] INFO  impl.RaftServerImpl (RaftServerImpl.java:start(185)) - 5b2524e0-1373-4ae9-bf84-76001f7e06e4@group-4F27612131D4: start as a follower, conf=-1: [5b2524e0-1373-4ae9-bf84-76001f7e06e4:192.168.151.105:42084], old=null
2019-09-28 06:50:39,842 [pool-429-thread-1] INFO  impl.RaftServerImpl (RaftServerImpl.java:setRole(174)) - 5b2524e0-1373-4ae9-bf84-76001f7e06e4@group-4F27612131D4: changes role from      null to FOLLOWER at term 0 for startAsFollower
2019-09-28 06:50:39,842 [pool-429-thread-1] INFO  impl.RoleInfo (RoleInfo.java:updateAndGet(143)) - 5b2524e0-1373-4ae9-bf84-76001f7e06e4: start FollowerState
2019-09-28 06:50:39,842 [pool-429-thread-1] INFO  util.JmxRegister (JmxRegister.java:tryRegister(44)) - Successfully registered JMX Bean with object name Ratis:service=RaftServer,group=group-4F27612131D4,id=5b2524e0-1373-4ae9-bf84-76001f7e06e4
2019-09-28 06:50:39,844 [RatisPipelineUtilsThread] INFO  pipeline.PipelineStateManager (PipelineStateManager.java:addPipeline(56)) - Created pipeline Pipeline[ Id: 344e26c1-ba50-436a-897f-4f27612131d4, Nodes: 5b2524e0-1373-4ae9-bf84-76001f7e06e4{ip: 192.168.151.105, host: pr-hdds-2202-m9h6s-3487434564, networkLocation: /default-rack, certSerialId: null}, Type:RATIS, Factor:ONE, State:OPEN]
2019-09-28 06:50:39,858 [grpc-default-executor-4] INFO  impl.RaftServerProxy (RaftServerProxy.java:addNew(89)) - 5b2524e0-1373-4ae9-bf84-76001f7e06e4: addNew group-1F4DB181918D:[1aedca0a-abf4-402e-a95f-5711575201c0:192.168.151.105:36668, 5b2524e0-1373-4ae9-bf84-76001f7e06e4:192.168.151.105:42084, bb7a0018-9dff-480a-8fd9-59e58ac2575d:192.168.151.105:37928] returns group-1F4DB181918D:java.util.concurrent.CompletableFuture@f9b68f7[Not completed]
2019-09-28 06:50:39,858 [grpc-default-executor-10] INFO  impl.RaftServerProxy (RaftServerProxy.java:addNew(89)) - bb7a0018-9dff-480a-8fd9-59e58ac2575d: addNew group-1F4DB181918D:[1aedca0a-abf4-402e-a95f-5711575201c0:192.168.151.105:36668, 5b2524e0-1373-4ae9-bf84-76001f7e06e4:192.168.151.105:42084, bb7a0018-9dff-480a-8fd9-59e58ac2575d:192.168.151.105:37928] returns group-1F4DB181918D:java.util.concurrent.CompletableFuture@513dccd6[Not completed]
2019-09-28 06:50:39,859 [pool-429-thread-1] INFO  impl.RaftServerImpl (RaftServerImpl.java:<init>(95)) - 5b2524e0-1373-4ae9-bf84-76001f7e06e4: new RaftServerImpl for group-1F4DB181918D:[1aedca0a-abf4-402e-a95f-5711575201c0:192.168.151.105:36668, 5b2524e0-1373-4ae9-bf84-76001f7e06e4:192.168.151.105:42084, bb7a0018-9dff-480a-8fd9-59e58ac2575d:192.168.151.105:37928] with ContainerStateMachine:uninitialized
2019-09-28 06:50:39,860 [pool-429-thread-1] INFO  server.RaftServerConfigKeys (ConfUtils.java:logGet(43)) - raft.server.rpc.timeout.min = 5s (custom)
2019-09-28 06:50:39,860 [pool-429-thread-1] INFO  server.RaftServerConfigKeys (ConfUtils.java:logGet(43)) - raft.server.rpc.timeout.max = 5200ms (custom)
2019-09-28 06:50:39,860 [pool-419-thread-1] INFO  impl.RaftServerImpl (RaftServerImpl.java:<init>(95)) - bb7a0018-9dff-480a-8fd9-59e58ac2575d: new RaftServerImpl for group-1F4DB181918D:[1aedca0a-abf4-402e-a95f-5711575201c0:192.168.151.105:36668, 5b2524e0-1373-4ae9-bf84-76001f7e06e4:192.168.151.105:42084, bb7a0018-9dff-480a-8fd9-59e58ac2575d:192.168.151.105:37928] with ContainerStateMachine:uninitialized
2019-09-28 06:50:39,860 [pool-429-thread-1] INFO  server.RaftServerConfigKeys (ConfUtils.java:logGet(43)) - raft.server.rpcslowness.timeout = 120s (custom)
2019-09-28 06:50:39,860 [pool-419-thread-1] INFO  server.RaftServerConfigKeys (ConfUtils.java:logGet(43)) - raft.server.rpc.timeout.min = 5s (custom)
2019-09-28 06:50:39,860 [pool-429-thread-1] INFO  server.RaftServerConfigKeys (ConfUtils.java:logGet(43)) - raft.server.sleep.deviation.threshold = 300 (default)
2019-09-28 06:50:39,860 [pool-419-thread-1] INFO  server.RaftServerConfigKeys (ConfUtils.java:logGet(43)) - raft.server.rpc.timeout.max = 5200ms (custom)
2019-09-28 06:50:39,861 [pool-429-thread-1] INFO  server.RaftServerConfigKeys (ConfUtils.java:logGet(43)) - raft.server.log.appender.install.snapshot.enabled = false (custom)
2019-09-28 06:50:39,861 [pool-419-thread-1] INFO  server.RaftServerConfigKeys (ConfUtils.java:logGet(43)) - raft.server.rpcslowness.timeout = 120s (custom)
2019-09-28 06:50:39,861 [pool-429-thread-1] INFO  impl.RaftServerImpl (ServerState.java:<init>(103)) - 5b2524e0-1373-4ae9-bf84-76001f7e06e4@group-1F4DB181918D: ConfigurationManager, init=-1: [1aedca0a-abf4-402e-a95f-5711575201c0:192.168.151.105:36668, 5b2524e0-1373-4ae9-bf84-76001f7e06e4:192.168.151.105:42084, bb7a0018-9dff-480a-8fd9-59e58ac2575d:192.168.151.105:37928], old=null, confs=<EMPTY_MAP>
2019-09-28 06:50:39,861 [pool-419-thread-1] INFO  server.RaftServerConfigKeys (ConfUtils.java:logGet(43)) - raft.server.sleep.deviation.threshold = 300 (default)
2019-09-28 06:50:39,861 [pool-429-thread-1] INFO  server.RaftServerConfigKeys (ConfUtils.java:logGet(43)) - raft.server.storage.dir = [/workdir/hadoop-ozone/integration-test/target/test-dir/MiniOzoneClusterImpl-20dc5c4d-f858-40ba-b097-a7c1cdb8c191/datanode-2/data/ratis] (custom)
2019-09-28 06:50:39,861 [pool-419-thread-1] INFO  server.RaftServerConfigKeys (ConfUtils.java:logGet(43)) - raft.server.log.appender.install.snapshot.enabled = false (custom)
2019-09-28 06:50:39,862 [pool-419-thread-1] INFO  impl.RaftServerImpl (ServerState.java:<init>(103)) - bb7a0018-9dff-480a-8fd9-59e58ac2575d@group-1F4DB181918D: ConfigurationManager, init=-1: [1aedca0a-abf4-402e-a95f-5711575201c0:192.168.151.105:36668, 5b2524e0-1373-4ae9-bf84-76001f7e06e4:192.168.151.105:42084, bb7a0018-9dff-480a-8fd9-59e58ac2575d:192.168.151.105:37928], old=null, confs=<EMPTY_MAP>
2019-09-28 06:50:39,862 [pool-429-thread-1] INFO  storage.RaftStorageDirectory (RaftStorageDirectory.java:analyzeStorage(246)) - The storage directory /workdir/hadoop-ozone/integration-test/target/test-dir/MiniOzoneClusterImpl-20dc5c4d-f858-40ba-b097-a7c1cdb8c191/datanode-2/data/ratis/7642af21-c421-404d-8d3a-1f4db181918d does not exist. Creating ...
2019-09-28 06:50:39,862 [pool-419-thread-1] INFO  server.RaftServerConfigKeys (ConfUtils.java:logGet(43)) - raft.server.storage.dir = [/workdir/hadoop-ozone/integration-test/target/test-dir/MiniOzoneClusterImpl-20dc5c4d-f858-40ba-b097-a7c1cdb8c191/datanode-1/data/ratis] (custom)
2019-09-28 06:50:39,862 [grpc-default-executor-9] INFO  impl.RaftServerProxy (RaftServerProxy.java:addNew(89)) - 1aedca0a-abf4-402e-a95f-5711575201c0: addNew group-1F4DB181918D:[1aedca0a-abf4-402e-a95f-5711575201c0:192.168.151.105:36668, 5b2524e0-1373-4ae9-bf84-76001f7e06e4:192.168.151.105:42084, bb7a0018-9dff-480a-8fd9-59e58ac2575d:192.168.151.105:37928] returns group-1F4DB181918D:java.util.concurrent.CompletableFuture@54b5dfee[Not completed]
2019-09-28 06:50:39,862 [pool-419-thread-1] INFO  storage.RaftStorageDirectory (RaftStorageDirectory.java:analyzeStorage(246)) - The storage directory /workdir/hadoop-ozone/integration-test/target/test-dir/MiniOzoneClusterImpl-20dc5c4d-f858-40ba-b097-a7c1cdb8c191/datanode-1/data/ratis/7642af21-c421-404d-8d3a-1f4db181918d does not exist. Creating ...
2019-09-28 06:50:39,863 [pool-409-thread-1] INFO  impl.RaftServerImpl (RaftServerImpl.java:<init>(95)) - 1aedca0a-abf4-402e-a95f-5711575201c0: new RaftServerImpl for group-1F4DB181918D:[1aedca0a-abf4-402e-a95f-5711575201c0:192.168.151.105:36668, 5b2524e0-1373-4ae9-bf84-76001f7e06e4:192.168.151.105:42084, bb7a0018-9dff-480a-8fd9-59e58ac2575d:192.168.151.105:37928] with ContainerStateMachine:uninitialized
2019-09-28 06:50:39,863 [pool-409-thread-1] INFO  server.RaftServerConfigKeys (ConfUtils.java:logGet(43)) - raft.server.rpc.timeout.min = 5s (custom)
2019-09-28 06:50:39,863 [pool-409-thread-1] INFO  server.RaftServerConfigKeys (ConfUtils.java:logGet(43)) - raft.server.rpc.timeout.max = 5200ms (custom)
2019-09-28 06:50:39,864 [pool-409-thread-1] INFO  server.RaftServerConfigKeys (ConfUtils.java:logGet(43)) - raft.server.rpcslowness.timeout = 120s (custom)
2019-09-28 06:50:39,864 [pool-409-thread-1] INFO  server.RaftServerConfigKeys (ConfUtils.java:logGet(43)) - raft.server.sleep.deviation.threshold = 300 (default)
2019-09-28 06:50:39,864 [pool-409-thread-1] INFO  server.RaftServerConfigKeys (ConfUtils.java:logGet(43)) - raft.server.log.appender.install.snapshot.enabled = false (custom)
2019-09-28 06:50:39,864 [pool-409-thread-1] INFO  impl.RaftServerImpl (ServerState.java:<init>(103)) - 1aedca0a-abf4-402e-a95f-5711575201c0@group-1F4DB181918D: ConfigurationManager, init=-1: [1aedca0a-abf4-402e-a95f-5711575201c0:192.168.151.105:36668, 5b2524e0-1373-4ae9-bf84-76001f7e06e4:192.168.151.105:42084, bb7a0018-9dff-480a-8fd9-59e58ac2575d:192.168.151.105:37928], old=null, confs=<EMPTY_MAP>
2019-09-28 06:50:39,864 [pool-409-thread-1] INFO  server.RaftServerConfigKeys (ConfUtils.java:logGet(43)) - raft.server.storage.dir = [/workdir/hadoop-ozone/integration-test/target/test-dir/MiniOzoneClusterImpl-20dc5c4d-f858-40ba-b097-a7c1cdb8c191/datanode-0/data/ratis] (custom)
2019-09-28 06:50:39,865 [pool-409-thread-1] INFO  storage.RaftStorageDirectory (RaftStorageDirectory.java:analyzeStorage(246)) - The storage directory /workdir/hadoop-ozone/integration-test/target/test-dir/MiniOzoneClusterImpl-20dc5c4d-f858-40ba-b097-a7c1cdb8c191/datanode-0/data/ratis/7642af21-c421-404d-8d3a-1f4db181918d does not exist. Creating ...
2019-09-28 06:50:39,874 [IPC Server handler 11 on 35797] INFO  net.NetworkTopology (NetworkTopologyImpl.java:add(111)) - Added a new node: /default-rack/dea5c579-b378-47c6-bc7f-f894534e83b6
2019-09-28 06:50:39,874 [IPC Server handler 11 on 35797] INFO  node.SCMNodeManager (SCMNodeManager.java:register(266)) - Registered Data node : dea5c579-b378-47c6-bc7f-f894534e83b6{ip: 192.168.151.105, host: pr-hdds-2202-m9h6s-3487434564, networkLocation: /default-rack, certSerialId: null}
2019-09-28 06:50:39,876 [pool-409-thread-1] INFO  storage.RaftStorageDirectory (RaftStorageDirectory.java:tryLock(328)) - Lock on /workdir/hadoop-ozone/integration-test/target/test-dir/MiniOzoneClusterImpl-20dc5c4d-f858-40ba-b097-a7c1cdb8c191/datanode-0/data/ratis/7642af21-c421-404d-8d3a-1f4db181918d/in_use.lock acquired by nodename 20552@pr-hdds-2202-m9h6s-3487434564
2019-09-28 06:50:39,876 [pool-429-thread-1] INFO  storage.RaftStorageDirectory (RaftStorageDirectory.java:tryLock(328)) - Lock on /workdir/hadoop-ozone/integration-test/target/test-dir/MiniOzoneClusterImpl-20dc5c4d-f858-40ba-b097-a7c1cdb8c191/datanode-2/data/ratis/7642af21-c421-404d-8d3a-1f4db181918d/in_use.lock acquired by nodename 20552@pr-hdds-2202-m9h6s-3487434564
2019-09-28 06:50:39,876 [pool-419-thread-1] INFO  storage.RaftStorageDirectory (RaftStorageDirectory.java:tryLock(328)) - Lock on /workdir/hadoop-ozone/integration-test/target/test-dir/MiniOzoneClusterImpl-20dc5c4d-f858-40ba-b097-a7c1cdb8c191/datanode-1/data/ratis/7642af21-c421-404d-8d3a-1f4db181918d/in_use.lock acquired by nodename 20552@pr-hdds-2202-m9h6s-3487434564
2019-09-28 06:50:39,889 [pool-419-thread-1] INFO  storage.RaftStorage (RaftStorage.java:format(72)) - Storage directory /workdir/hadoop-ozone/integration-test/target/test-dir/MiniOzoneClusterImpl-20dc5c4d-f858-40ba-b097-a7c1cdb8c191/datanode-1/data/ratis/7642af21-c421-404d-8d3a-1f4db181918d has been successfully formatted.
2019-09-28 06:50:39,890 [pool-409-thread-1] INFO  storage.RaftStorage (RaftStorage.java:format(72)) - Storage directory /workdir/hadoop-ozone/integration-test/target/test-dir/MiniOzoneClusterImpl-20dc5c4d-f858-40ba-b097-a7c1cdb8c191/datanode-0/data/ratis/7642af21-c421-404d-8d3a-1f4db181918d has been successfully formatted.
2019-09-28 06:50:39,890 [pool-419-thread-1] INFO  ratis.ContainerStateMachine (ContainerStateMachine.java:loadSnapshot(230)) - group-1F4DB181918D: The snapshot info is null. Setting the last applied indexto:(t:0, i:~)
2019-09-28 06:50:39,889 [pool-429-thread-1] INFO  storage.RaftStorage (RaftStorage.java:format(72)) - Storage directory /workdir/hadoop-ozone/integration-test/target/test-dir/MiniOzoneClusterImpl-20dc5c4d-f858-40ba-b097-a7c1cdb8c191/datanode-2/data/ratis/7642af21-c421-404d-8d3a-1f4db181918d has been successfully formatted.
2019-09-28 06:50:39,890 [pool-419-thread-1] INFO  server.RaftServerConfigKeys (ConfUtils.java:logGet(43)) - raft.server.notification.no-leader.timeout = 120s (custom)
2019-09-28 06:50:39,890 [pool-409-thread-1] INFO  ratis.ContainerStateMachine (ContainerStateMachine.java:loadSnapshot(230)) - group-1F4DB181918D: The snapshot info is null. Setting the last applied indexto:(t:0, i:~)
2019-09-28 06:50:39,890 [pool-419-thread-1] INFO  server.RaftServerConfigKeys (ConfUtils.java:logGet(43)) - raft.server.log.use.memory = false (default)
2019-09-28 06:50:39,890 [pool-429-thread-1] INFO  ratis.ContainerStateMachine (ContainerStateMachine.java:loadSnapshot(230)) - group-1F4DB181918D: The snapshot info is null. Setting the last applied indexto:(t:0, i:~)
2019-09-28 06:50:39,890 [pool-419-thread-1] INFO  server.RaftServerConfigKeys (ConfUtils.java:logGet(43)) - raft.server.log.purge.gap = 1000000 (custom)
2019-09-28 06:50:39,890 [pool-409-thread-1] INFO  server.RaftServerConfigKeys (ConfUtils.java:logGet(43)) - raft.server.notification.no-leader.timeout = 120s (custom)
2019-09-28 06:50:39,891 [pool-419-thread-1] INFO  server.RaftServerConfigKeys (ConfUtils.java:logGet(43)) - raft.server.log.appender.buffer.byte-limit = 33554432 (custom)
2019-09-28 06:50:39,890 [pool-429-thread-1] INFO  server.RaftServerConfigKeys (ConfUtils.java:logGet(43)) - raft.server.notification.no-leader.timeout = 120s (custom)
2019-09-28 06:50:39,891 [pool-419-thread-1] INFO  server.RaftServerConfigKeys (ConfUtils.java:logGet(43)) - raft.server.log.segment.size.max = 1048576 (custom)
2019-09-28 06:50:39,891 [pool-409-thread-1] INFO  server.RaftServerConfigKeys (ConfUtils.java:logGet(43)) - raft.server.log.use.memory = false (default)
2019-09-28 06:50:39,891 [pool-419-thread-1] INFO  server.RaftServerConfigKeys (ConfUtils.java:logGet(43)) - raft.server.log.segment.cache.num.max = 2 (custom)
2019-09-28 06:50:39,891 [pool-419-thread-1] INFO  segmented.SegmentedRaftLogWorker (SegmentedRaftLogWorker.java:<init>(172)) - new bb7a0018-9dff-480a-8fd9-59e58ac2575d@group-1F4DB181918D-SegmentedRaftLogWorker for RaftStorage:Storage Directory /workdir/hadoop-ozone/integration-test/target/test-dir/MiniOzoneClusterImpl-20dc5c4d-f858-40ba-b097-a7c1cdb8c191/datanode-1/data/ratis/7642af21-c421-404d-8d3a-1f4db181918d
2019-09-28 06:50:39,891 [pool-429-thread-1] INFO  server.RaftServerConfigKeys (ConfUtils.java:logGet(43)) - raft.server.log.use.memory = false (default)
2019-09-28 06:50:39,891 [pool-419-thread-1] INFO  server.RaftServerConfigKeys (ConfUtils.java:logGet(43)) - raft.server.log.queue.byte-limit = 2147483647 (custom)
2019-09-28 06:50:39,892 [pool-419-thread-1] INFO  server.RaftServerConfigKeys (ConfUtils.java:logGet(43)) - raft.server.log.queue.element-limit = 1024 (custom)
2019-09-28 06:50:39,891 [pool-409-thread-1] INFO  server.RaftServerConfigKeys (ConfUtils.java:logGet(43)) - raft.server.log.purge.gap = 1000000 (custom)
2019-09-28 06:50:39,892 [pool-419-thread-1] INFO  server.RaftServerConfigKeys (ConfUtils.java:logGet(43)) - raft.server.log.segment.size.max = 1048576 (custom)
2019-09-28 06:50:39,892 [pool-429-thread-1] INFO  server.RaftServerConfigKeys (ConfUtils.java:logGet(43)) - raft.server.log.purge.gap = 1000000 (custom)
2019-09-28 06:50:39,892 [pool-419-thread-1] INFO  server.RaftServerConfigKeys (ConfUtils.java:logGet(43)) - raft.server.log.preallocated.size = 16384 (custom)
2019-09-28 06:50:39,892 [pool-409-thread-1] INFO  server.RaftServerConfigKeys (ConfUtils.java:logGet(43)) - raft.server.log.appender.buffer.byte-limit = 33554432 (custom)
2019-09-28 06:50:39,892 [pool-419-thread-1] INFO  server.RaftServerConfigKeys (ConfUtils.java:logGet(43)) - raft.server.log.write.buffer.size = 33554432 (custom)
2019-09-28 06:50:39,892 [pool-419-thread-1] INFO  server.RaftServerConfigKeys (ConfUtils.java:logGet(43)) - raft.server.log.force.sync.num = 128 (default)
2019-09-28 06:50:39,892 [pool-429-thread-1] INFO  server.RaftServerConfigKeys (ConfUtils.java:logGet(43)) - raft.server.log.appender.buffer.byte-limit = 33554432 (custom)
2019-09-28 06:50:39,893 [pool-419-thread-1] INFO  server.RaftServerConfigKeys (ConfUtils.java:logGet(43)) - raft.server.log.statemachine.data.sync = true (default)
2019-09-28 06:50:39,892 [pool-409-thread-1] INFO  server.RaftServerConfigKeys (ConfUtils.java:logGet(43)) - raft.server.log.segment.size.max = 1048576 (custom)
2019-09-28 06:50:39,893 [pool-419-thread-1] INFO  server.RaftServerConfigKeys (ConfUtils.java:logGet(43)) - raft.server.log.statemachine.data.sync.timeout = 10s (default)
2019-09-28 06:50:39,893 [pool-429-thread-1] INFO  server.RaftServerConfigKeys (ConfUtils.java:logGet(43)) - raft.server.log.segment.size.max = 1048576 (custom)
2019-09-28 06:50:39,893 [pool-419-thread-1] INFO  server.RaftServerConfigKeys (ConfUtils.java:logGet(43)) - raft.server.log.statemachine.data.sync.timeout.retry = -1 (default)
2019-09-28 06:50:39,893 [pool-409-thread-1] INFO  server.RaftServerConfigKeys (ConfUtils.java:logGet(43)) - raft.server.log.segment.cache.num.max = 2 (custom)
2019-09-28 06:50:39,893 [pool-419-thread-1] INFO  server.RaftServerConfigKeys (ConfUtils.java:logGet(43)) - raft.server.log.statemachine.data.caching.enabled = true (custom)
2019-09-28 06:50:39,893 [pool-429-thread-1] INFO  server.RaftServerConfigKeys (ConfUtils.java:logGet(43)) - raft.server.log.segment.cache.num.max = 2 (custom)
2019-09-28 06:50:39,894 [pool-419-thread-1] INFO  segmented.SegmentedRaftLogWorker (SegmentedRaftLogWorker.java:lambda$new$0(132)) - bb7a0018-9dff-480a-8fd9-59e58ac2575d@group-1F4DB181918D-SegmentedRaftLogWorker: flushIndex: setUnconditionally 0 -> -1
2019-09-28 06:50:39,893 [pool-409-thread-1] INFO  segmented.SegmentedRaftLogWorker (SegmentedRaftLogWorker.java:<init>(172)) - new 1aedca0a-abf4-402e-a95f-5711575201c0@group-1F4DB181918D-SegmentedRaftLogWorker for RaftStorage:Storage Directory /workdir/hadoop-ozone/integration-test/target/test-dir/MiniOzoneClusterImpl-20dc5c4d-f858-40ba-b097-a7c1cdb8c191/datanode-0/data/ratis/7642af21-c421-404d-8d3a-1f4db181918d
2019-09-28 06:50:39,894 [pool-429-thread-1] INFO  segmented.SegmentedRaftLogWorker (SegmentedRaftLogWorker.java:<init>(172)) - new 5b2524e0-1373-4ae9-bf84-76001f7e06e4@group-1F4DB181918D-SegmentedRaftLogWorker for RaftStorage:Storage Directory /workdir/hadoop-ozone/integration-test/target/test-dir/MiniOzoneClusterImpl-20dc5c4d-f858-40ba-b097-a7c1cdb8c191/datanode-2/data/ratis/7642af21-c421-404d-8d3a-1f4db181918d
2019-09-28 06:50:39,894 [pool-419-thread-1] INFO  server.RaftServerConfigKeys (ConfUtils.java:logGet(43)) - raft.server.snapshot.auto.trigger.enabled = true (custom)
2019-09-28 06:50:39,894 [pool-409-thread-1] INFO  server.RaftServerConfigKeys (ConfUtils.java:logGet(43)) - raft.server.log.queue.byte-limit = 2147483647 (custom)
2019-09-28 06:50:39,894 [pool-419-thread-1] INFO  server.RaftServerConfigKeys (ConfUtils.java:logGet(43)) - raft.server.snapshot.auto.trigger.threshold = 10000 (custom)
2019-09-28 06:50:39,894 [pool-419-thread-1] INFO  server.RaftServerConfigKeys (ConfUtils.java:logGet(43)) - raft.server.snapshot.retention.num.files = 5 (custom)
2019-09-28 06:50:39,894 [pool-429-thread-1] INFO  server.RaftServerConfigKeys (ConfUtils.java:logGet(43)) - raft.server.log.queue.byte-limit = 2147483647 (custom)
2019-09-28 06:50:39,894 [pool-419-thread-1] INFO  server.RaftServerConfigKeys (ConfUtils.java:logGet(43)) - raft.server.retrycache.expirytime = 600000ms (custom)
2019-09-28 06:50:39,894 [pool-409-thread-1] INFO  server.RaftServerConfigKeys (ConfUtils.java:logGet(43)) - raft.server.log.queue.element-limit = 1024 (custom)
2019-09-28 06:50:39,894 [pool-429-thread-1] INFO  server.RaftServerConfigKeys (ConfUtils.java:logGet(43)) - raft.server.log.queue.element-limit = 1024 (custom)
2019-09-28 06:50:39,895 [pool-409-thread-1] INFO  server.RaftServerConfigKeys (ConfUtils.java:logGet(43)) - raft.server.log.segment.size.max = 1048576 (custom)
2019-09-28 06:50:39,895 [pool-429-thread-1] INFO  server.RaftServerConfigKeys (ConfUtils.java:logGet(43)) - raft.server.log.segment.size.max = 1048576 (custom)
2019-09-28 06:50:39,895 [pool-409-thread-1] INFO  server.RaftServerConfigKeys (ConfUtils.java:logGet(43)) - raft.server.log.preallocated.size = 16384 (custom)
2019-09-28 06:50:39,895 [pool-429-thread-1] INFO  server.RaftServerConfigKeys (ConfUtils.java:logGet(43)) - raft.server.log.preallocated.size = 16384 (custom)
2019-09-28 06:50:39,895 [pool-409-thread-1] INFO  server.RaftServerConfigKeys (ConfUtils.java:logGet(43)) - raft.server.log.write.buffer.size = 33554432 (custom)
2019-09-28 06:50:39,895 [pool-429-thread-1] INFO  server.RaftServerConfigKeys (ConfUtils.java:logGet(43)) - raft.server.log.write.buffer.size = 33554432 (custom)
2019-09-28 06:50:39,895 [pool-409-thread-1] INFO  server.RaftServerConfigKeys (ConfUtils.java:logGet(43)) - raft.server.log.force.sync.num = 128 (default)
2019-09-28 06:50:39,896 [pool-429-thread-1] INFO  server.RaftServerConfigKeys (ConfUtils.java:logGet(43)) - raft.server.log.force.sync.num = 128 (default)
2019-09-28 06:50:39,896 [pool-409-thread-1] INFO  server.RaftServerConfigKeys (ConfUtils.java:logGet(43)) - raft.server.log.statemachine.data.sync = true (default)
2019-09-28 06:50:39,896 [pool-429-thread-1] INFO  server.RaftServerConfigKeys (ConfUtils.java:logGet(43)) - raft.server.log.statemachine.data.sync = true (default)
2019-09-28 06:50:39,896 [pool-419-thread-1] INFO  impl.RaftServerImpl (RaftServerImpl.java:start(185)) - bb7a0018-9dff-480a-8fd9-59e58ac2575d@group-1F4DB181918D: start as a follower, conf=-1: [1aedca0a-abf4-402e-a95f-5711575201c0:192.168.151.105:36668, 5b2524e0-1373-4ae9-bf84-76001f7e06e4:192.168.151.105:42084, bb7a0018-9dff-480a-8fd9-59e58ac2575d:192.168.151.105:37928], old=null
2019-09-28 06:50:39,896 [pool-409-thread-1] INFO  server.RaftServerConfigKeys (ConfUtils.java:logGet(43)) - raft.server.log.statemachine.data.sync.timeout = 10s (default)
2019-09-28 06:50:39,896 [pool-419-thread-1] INFO  impl.RaftServerImpl (RaftServerImpl.java:setRole(174)) - bb7a0018-9dff-480a-8fd9-59e58ac2575d@group-1F4DB181918D: changes role from      null to FOLLOWER at term 0 for startAsFollower
2019-09-28 06:50:39,896 [pool-429-thread-1] INFO  server.RaftServerConfigKeys (ConfUtils.java:logGet(43)) - raft.server.log.statemachine.data.sync.timeout = 10s (default)
2019-09-28 06:50:39,896 [pool-419-thread-1] INFO  impl.RoleInfo (RoleInfo.java:updateAndGet(143)) - bb7a0018-9dff-480a-8fd9-59e58ac2575d: start FollowerState
2019-09-28 06:50:39,896 [pool-409-thread-1] INFO  server.RaftServerConfigKeys (ConfUtils.java:logGet(43)) - raft.server.log.statemachine.data.sync.timeout.retry = -1 (default)
2019-09-28 06:50:39,897 [pool-429-thread-1] INFO  server.RaftServerConfigKeys (ConfUtils.java:logGet(43)) - raft.server.log.statemachine.data.sync.timeout.retry = -1 (default)
2019-09-28 06:50:39,911 [pool-419-thread-1] INFO  util.JmxRegister (JmxRegister.java:tryRegister(44)) - Successfully registered JMX Bean with object name Ratis:service=RaftServer,group=group-1F4DB181918D,id=bb7a0018-9dff-480a-8fd9-59e58ac2575d
2019-09-28 06:50:39,897 [pool-409-thread-1] INFO  server.RaftServerConfigKeys (ConfUtils.java:logGet(43)) - raft.server.log.statemachine.data.caching.enabled = true (custom)
2019-09-28 06:50:39,911 [pool-429-thread-1] INFO  server.RaftServerConfigKeys (ConfUtils.java:logGet(43)) - raft.server.log.statemachine.data.caching.enabled = true (custom)
2019-09-28 06:50:39,920 [pool-409-thread-1] INFO  segmented.SegmentedRaftLogWorker (SegmentedRaftLogWorker.java:lambda$new$0(132)) - 1aedca0a-abf4-402e-a95f-5711575201c0@group-1F4DB181918D-SegmentedRaftLogWorker: flushIndex: setUnconditionally 0 -> -1
2019-09-28 06:50:39,920 [pool-429-thread-1] INFO  segmented.SegmentedRaftLogWorker (SegmentedRaftLogWorker.java:lambda$new$0(132)) - 5b2524e0-1373-4ae9-bf84-76001f7e06e4@group-1F4DB181918D-SegmentedRaftLogWorker: flushIndex: setUnconditionally 0 -> -1
2019-09-28 06:50:39,920 [pool-409-thread-1] INFO  server.RaftServerConfigKeys (ConfUtils.java:logGet(43)) - raft.server.snapshot.auto.trigger.enabled = true (custom)
2019-09-28 06:50:39,920 [pool-429-thread-1] INFO  server.RaftServerConfigKeys (ConfUtils.java:logGet(43)) - raft.server.snapshot.auto.trigger.enabled = true (custom)
2019-09-28 06:50:39,920 [pool-409-thread-1] INFO  server.RaftServerConfigKeys (ConfUtils.java:logGet(43)) - raft.server.snapshot.auto.trigger.threshold = 10000 (custom)
2019-09-28 06:50:39,920 [pool-429-thread-1] INFO  server.RaftServerConfigKeys (ConfUtils.java:logGet(43)) - raft.server.snapshot.auto.trigger.threshold = 10000 (custom)
2019-09-28 06:50:39,920 [pool-409-thread-1] INFO  server.RaftServerConfigKeys (ConfUtils.java:logGet(43)) - raft.server.snapshot.retention.num.files = 5 (custom)
2019-09-28 06:50:39,921 [pool-429-thread-1] INFO  server.RaftServerConfigKeys (ConfUtils.java:logGet(43)) - raft.server.snapshot.retention.num.files = 5 (custom)
2019-09-28 06:50:39,921 [pool-409-thread-1] INFO  server.RaftServerConfigKeys (ConfUtils.java:logGet(43)) - raft.server.retrycache.expirytime = 600000ms (custom)
2019-09-28 06:50:39,921 [pool-429-thread-1] INFO  server.RaftServerConfigKeys (ConfUtils.java:logGet(43)) - raft.server.retrycache.expirytime = 600000ms (custom)
2019-09-28 06:50:39,924 [pool-409-thread-1] INFO  impl.RaftServerImpl (RaftServerImpl.java:start(185)) - 1aedca0a-abf4-402e-a95f-5711575201c0@group-1F4DB181918D: start as a follower, conf=-1: [1aedca0a-abf4-402e-a95f-5711575201c0:192.168.151.105:36668, 5b2524e0-1373-4ae9-bf84-76001f7e06e4:192.168.151.105:42084, bb7a0018-9dff-480a-8fd9-59e58ac2575d:192.168.151.105:37928], old=null
2019-09-28 06:50:39,924 [pool-409-thread-1] INFO  impl.RaftServerImpl (RaftServerImpl.java:setRole(174)) - 1aedca0a-abf4-402e-a95f-5711575201c0@group-1F4DB181918D: changes role from      null to FOLLOWER at term 0 for startAsFollower
2019-09-28 06:50:39,924 [pool-429-thread-1] INFO  impl.RaftServerImpl (RaftServerImpl.java:start(185)) - 5b2524e0-1373-4ae9-bf84-76001f7e06e4@group-1F4DB181918D: start as a follower, conf=-1: [1aedca0a-abf4-402e-a95f-5711575201c0:192.168.151.105:36668, 5b2524e0-1373-4ae9-bf84-76001f7e06e4:192.168.151.105:42084, bb7a0018-9dff-480a-8fd9-59e58ac2575d:192.168.151.105:37928], old=null
2019-09-28 06:50:39,924 [pool-409-thread-1] INFO  impl.RoleInfo (RoleInfo.java:updateAndGet(143)) - 1aedca0a-abf4-402e-a95f-5711575201c0: start FollowerState
2019-09-28 06:50:39,924 [pool-429-thread-1] INFO  impl.RaftServerImpl (RaftServerImpl.java:setRole(174)) - 5b2524e0-1373-4ae9-bf84-76001f7e06e4@group-1F4DB181918D: changes role from      null to FOLLOWER at term 0 for startAsFollower
2019-09-28 06:50:39,924 [pool-429-thread-1] INFO  impl.RoleInfo (RoleInfo.java:updateAndGet(143)) - 5b2524e0-1373-4ae9-bf84-76001f7e06e4: start FollowerState
2019-09-28 06:50:39,924 [pool-409-thread-1] INFO  util.JmxRegister (JmxRegister.java:tryRegister(44)) - Successfully registered JMX Bean with object name Ratis:service=RaftServer,group=group-1F4DB181918D,id=1aedca0a-abf4-402e-a95f-5711575201c0
2019-09-28 06:50:39,925 [pool-429-thread-1] INFO  util.JmxRegister (JmxRegister.java:tryRegister(44)) - Successfully registered JMX Bean with object name Ratis:service=RaftServer,group=group-1F4DB181918D,id=5b2524e0-1373-4ae9-bf84-76001f7e06e4
2019-09-28 06:50:39,927 [RatisPipelineUtilsThread] INFO  pipeline.PipelineStateManager (PipelineStateManager.java:addPipeline(56)) - Created pipeline Pipeline[ Id: 7642af21-c421-404d-8d3a-1f4db181918d, Nodes: 1aedca0a-abf4-402e-a95f-5711575201c0{ip: 192.168.151.105, host: pr-hdds-2202-m9h6s-3487434564, networkLocation: /default-rack, certSerialId: null}5b2524e0-1373-4ae9-bf84-76001f7e06e4{ip: 192.168.151.105, host: pr-hdds-2202-m9h6s-3487434564, networkLocation: /default-rack, certSerialId: null}bb7a0018-9dff-480a-8fd9-59e58ac2575d{ip: 192.168.151.105, host: pr-hdds-2202-m9h6s-3487434564, networkLocation: /default-rack, certSerialId: null}, Type:RATIS, Factor:THREE, State:OPEN]
2019-09-28 06:50:39,958 [IPC Server handler 0 on 35797] INFO  net.NetworkTopology (NetworkTopologyImpl.java:add(111)) - Added a new node: /default-rack/9ab61eb8-0da8-412c-bec0-c0b2863e5c0c
2019-09-28 06:50:39,958 [IPC Server handler 0 on 35797] INFO  node.SCMNodeManager (SCMNodeManager.java:register(266)) - Registered Data node : 9ab61eb8-0da8-412c-bec0-c0b2863e5c0c{ip: 192.168.151.105, host: pr-hdds-2202-m9h6s-3487434564, networkLocation: /default-rack, certSerialId: null}
2019-09-28 06:50:39,968 [grpc-default-executor-9] INFO  impl.RaftServerProxy (RaftServerProxy.java:addNew(89)) - dea5c579-b378-47c6-bc7f-f894534e83b6: addNew group-60F41555E79D:[dea5c579-b378-47c6-bc7f-f894534e83b6:192.168.151.105:34460] returns group-60F41555E79D:java.util.concurrent.CompletableFuture@695b66ba[Not completed]
2019-09-28 06:50:39,972 [pool-439-thread-1] INFO  impl.RaftServerImpl (RaftServerImpl.java:<init>(95)) - dea5c579-b378-47c6-bc7f-f894534e83b6: new RaftServerImpl for group-60F41555E79D:[dea5c579-b378-47c6-bc7f-f894534e83b6:192.168.151.105:34460] with ContainerStateMachine:uninitialized
2019-09-28 06:50:39,972 [pool-439-thread-1] INFO  server.RaftServerConfigKeys (ConfUtils.java:logGet(43)) - raft.server.rpc.timeout.min = 5s (custom)
2019-09-28 06:50:39,973 [pool-439-thread-1] INFO  server.RaftServerConfigKeys (ConfUtils.java:logGet(43)) - raft.server.rpc.timeout.max = 5200ms (custom)
2019-09-28 06:50:39,973 [pool-439-thread-1] INFO  server.RaftServerConfigKeys (ConfUtils.java:logGet(43)) - raft.server.rpcslowness.timeout = 120s (custom)
2019-09-28 06:50:39,973 [pool-439-thread-1] INFO  server.RaftServerConfigKeys (ConfUtils.java:logGet(43)) - raft.server.sleep.deviation.threshold = 300 (default)
2019-09-28 06:50:39,973 [pool-439-thread-1] INFO  server.RaftServerConfigKeys (ConfUtils.java:logGet(43)) - raft.server.log.appender.install.snapshot.enabled = false (custom)
2019-09-28 06:50:39,973 [pool-439-thread-1] INFO  impl.RaftServerImpl (ServerState.java:<init>(103)) - dea5c579-b378-47c6-bc7f-f894534e83b6@group-60F41555E79D: ConfigurationManager, init=-1: [dea5c579-b378-47c6-bc7f-f894534e83b6:192.168.151.105:34460], old=null, confs=<EMPTY_MAP>
2019-09-28 06:50:39,973 [pool-439-thread-1] INFO  server.RaftServerConfigKeys (ConfUtils.java:logGet(43)) - raft.server.storage.dir = [/workdir/hadoop-ozone/integration-test/target/test-dir/MiniOzoneClusterImpl-20dc5c4d-f858-40ba-b097-a7c1cdb8c191/datanode-3/data/ratis] (custom)
2019-09-28 06:50:39,974 [pool-439-thread-1] INFO  storage.RaftStorageDirectory (RaftStorageDirectory.java:analyzeStorage(246)) - The storage directory /workdir/hadoop-ozone/integration-test/target/test-dir/MiniOzoneClusterImpl-20dc5c4d-f858-40ba-b097-a7c1cdb8c191/datanode-3/data/ratis/2750e59f-9a33-4570-8619-60f41555e79d does not exist. Creating ...
2019-09-28 06:50:39,996 [pool-439-thread-1] INFO  storage.RaftStorageDirectory (RaftStorageDirectory.java:tryLock(328)) - Lock on /workdir/hadoop-ozone/integration-test/target/test-dir/MiniOzoneClusterImpl-20dc5c4d-f858-40ba-b097-a7c1cdb8c191/datanode-3/data/ratis/2750e59f-9a33-4570-8619-60f41555e79d/in_use.lock acquired by nodename 20552@pr-hdds-2202-m9h6s-3487434564
2019-09-28 06:50:40,009 [pool-439-thread-1] INFO  storage.RaftStorage (RaftStorage.java:format(72)) - Storage directory /workdir/hadoop-ozone/integration-test/target/test-dir/MiniOzoneClusterImpl-20dc5c4d-f858-40ba-b097-a7c1cdb8c191/datanode-3/data/ratis/2750e59f-9a33-4570-8619-60f41555e79d has been successfully formatted.
2019-09-28 06:50:40,010 [pool-439-thread-1] INFO  ratis.ContainerStateMachine (ContainerStateMachine.java:loadSnapshot(230)) - group-60F41555E79D: The snapshot info is null. Setting the last applied indexto:(t:0, i:~)
2019-09-28 06:50:40,010 [pool-439-thread-1] INFO  server.RaftServerConfigKeys (ConfUtils.java:logGet(43)) - raft.server.notification.no-leader.timeout = 120s (custom)
2019-09-28 06:50:40,010 [pool-439-thread-1] INFO  server.RaftServerConfigKeys (ConfUtils.java:logGet(43)) - raft.server.log.use.memory = false (default)
2019-09-28 06:50:40,010 [pool-439-thread-1] INFO  server.RaftServerConfigKeys (ConfUtils.java:logGet(43)) - raft.server.log.purge.gap = 1000000 (custom)
2019-09-28 06:50:40,010 [pool-439-thread-1] INFO  server.RaftServerConfigKeys (ConfUtils.java:logGet(43)) - raft.server.log.appender.buffer.byte-limit = 33554432 (custom)
2019-09-28 06:50:40,010 [pool-439-thread-1] INFO  server.RaftServerConfigKeys (ConfUtils.java:logGet(43)) - raft.server.log.segment.size.max = 1048576 (custom)
2019-09-28 06:50:40,011 [pool-439-thread-1] INFO  server.RaftServerConfigKeys (ConfUtils.java:logGet(43)) - raft.server.log.segment.cache.num.max = 2 (custom)
2019-09-28 06:50:40,011 [pool-439-thread-1] INFO  segmented.SegmentedRaftLogWorker (SegmentedRaftLogWorker.java:<init>(172)) - new dea5c579-b378-47c6-bc7f-f894534e83b6@group-60F41555E79D-SegmentedRaftLogWorker for RaftStorage:Storage Directory /workdir/hadoop-ozone/integration-test/target/test-dir/MiniOzoneClusterImpl-20dc5c4d-f858-40ba-b097-a7c1cdb8c191/datanode-3/data/ratis/2750e59f-9a33-4570-8619-60f41555e79d
2019-09-28 06:50:40,012 [pool-439-thread-1] INFO  server.RaftServerConfigKeys (ConfUtils.java:logGet(43)) - raft.server.log.queue.byte-limit = 2147483647 (custom)
2019-09-28 06:50:40,012 [pool-439-thread-1] INFO  server.RaftServerConfigKeys (ConfUtils.java:logGet(43)) - raft.server.log.queue.element-limit = 1024 (custom)
2019-09-28 06:50:40,013 [pool-439-thread-1] INFO  server.RaftServerConfigKeys (ConfUtils.java:logGet(43)) - raft.server.log.segment.size.max = 1048576 (custom)
2019-09-28 06:50:40,013 [pool-439-thread-1] INFO  server.RaftServerConfigKeys (ConfUtils.java:logGet(43)) - raft.server.log.preallocated.size = 16384 (custom)
2019-09-28 06:50:40,013 [pool-439-thread-1] INFO  server.RaftServerConfigKeys (ConfUtils.java:logGet(43)) - raft.server.log.write.buffer.size = 33554432 (custom)
2019-09-28 06:50:40,013 [pool-439-thread-1] INFO  server.RaftServerConfigKeys (ConfUtils.java:logGet(43)) - raft.server.log.force.sync.num = 128 (default)
2019-09-28 06:50:40,013 [pool-439-thread-1] INFO  server.RaftServerConfigKeys (ConfUtils.java:logGet(43)) - raft.server.log.statemachine.data.sync = true (default)
2019-09-28 06:50:40,013 [pool-439-thread-1] INFO  server.RaftServerConfigKeys (ConfUtils.java:logGet(43)) - raft.server.log.statemachine.data.sync.timeout = 10s (default)
2019-09-28 06:50:40,013 [pool-439-thread-1] INFO  server.RaftServerConfigKeys (ConfUtils.java:logGet(43)) - raft.server.log.statemachine.data.sync.timeout.retry = -1 (default)
2019-09-28 06:50:40,014 [pool-439-thread-1] INFO  server.RaftServerConfigKeys (ConfUtils.java:logGet(43)) - raft.server.log.statemachine.data.caching.enabled = true (custom)
2019-09-28 06:50:40,014 [pool-439-thread-1] INFO  segmented.SegmentedRaftLogWorker (SegmentedRaftLogWorker.java:lambda$new$0(132)) - dea5c579-b378-47c6-bc7f-f894534e83b6@group-60F41555E79D-SegmentedRaftLogWorker: flushIndex: setUnconditionally 0 -> -1
2019-09-28 06:50:40,014 [pool-439-thread-1] INFO  server.RaftServerConfigKeys (ConfUtils.java:logGet(43)) - raft.server.snapshot.auto.trigger.enabled = true (custom)
2019-09-28 06:50:40,014 [pool-439-thread-1] INFO  server.RaftServerConfigKeys (ConfUtils.java:logGet(43)) - raft.server.snapshot.auto.trigger.threshold = 10000 (custom)
2019-09-28 06:50:40,015 [pool-439-thread-1] INFO  server.RaftServerConfigKeys (ConfUtils.java:logGet(43)) - raft.server.snapshot.retention.num.files = 5 (custom)
2019-09-28 06:50:40,015 [pool-439-thread-1] INFO  server.RaftServerConfigKeys (ConfUtils.java:logGet(43)) - raft.server.retrycache.expirytime = 600000ms (custom)
2019-09-28 06:50:40,017 [pool-439-thread-1] INFO  impl.RaftServerImpl (RaftServerImpl.java:start(185)) - dea5c579-b378-47c6-bc7f-f894534e83b6@group-60F41555E79D: start as a follower, conf=-1: [dea5c579-b378-47c6-bc7f-f894534e83b6:192.168.151.105:34460], old=null
2019-09-28 06:50:40,017 [pool-439-thread-1] INFO  impl.RaftServerImpl (RaftServerImpl.java:setRole(174)) - dea5c579-b378-47c6-bc7f-f894534e83b6@group-60F41555E79D: changes role from      null to FOLLOWER at term 0 for startAsFollower
2019-09-28 06:50:40,017 [pool-439-thread-1] INFO  impl.RoleInfo (RoleInfo.java:updateAndGet(143)) - dea5c579-b378-47c6-bc7f-f894534e83b6: start FollowerState
2019-09-28 06:50:40,017 [pool-439-thread-1] INFO  util.JmxRegister (JmxRegister.java:tryRegister(44)) - Successfully registered JMX Bean with object name Ratis:service=RaftServer,group=group-60F41555E79D,id=dea5c579-b378-47c6-bc7f-f894534e83b6
2019-09-28 06:50:40,019 [RatisPipelineUtilsThread] INFO  pipeline.PipelineStateManager (PipelineStateManager.java:addPipeline(56)) - Created pipeline Pipeline[ Id: 2750e59f-9a33-4570-8619-60f41555e79d, Nodes: dea5c579-b378-47c6-bc7f-f894534e83b6{ip: 192.168.151.105, host: pr-hdds-2202-m9h6s-3487434564, networkLocation: /default-rack, certSerialId: null}, Type:RATIS, Factor:ONE, State:OPEN]
2019-09-28 06:50:40,028 [grpc-default-executor-9] INFO  impl.RaftServerProxy (RaftServerProxy.java:addNew(89)) - 9ab61eb8-0da8-412c-bec0-c0b2863e5c0c: addNew group-AD4495CB3A0B:[9ab61eb8-0da8-412c-bec0-c0b2863e5c0c:192.168.151.105:37566] returns group-AD4495CB3A0B:java.util.concurrent.CompletableFuture@37fee7ca[Not completed]
2019-09-28 06:50:40,029 [pool-449-thread-1] INFO  impl.RaftServerImpl (RaftServerImpl.java:<init>(95)) - 9ab61eb8-0da8-412c-bec0-c0b2863e5c0c: new RaftServerImpl for group-AD4495CB3A0B:[9ab61eb8-0da8-412c-bec0-c0b2863e5c0c:192.168.151.105:37566] with ContainerStateMachine:uninitialized
2019-09-28 06:50:40,029 [pool-449-thread-1] INFO  server.RaftServerConfigKeys (ConfUtils.java:logGet(43)) - raft.server.rpc.timeout.min = 5s (custom)
2019-09-28 06:50:40,029 [pool-449-thread-1] INFO  server.RaftServerConfigKeys (ConfUtils.java:logGet(43)) - raft.server.rpc.timeout.max = 5200ms (custom)
2019-09-28 06:50:40,029 [pool-449-thread-1] INFO  server.RaftServerConfigKeys (ConfUtils.java:logGet(43)) - raft.server.rpcslowness.timeout = 120s (custom)
2019-09-28 06:50:40,029 [pool-449-thread-1] INFO  server.RaftServerConfigKeys (ConfUtils.java:logGet(43)) - raft.server.sleep.deviation.threshold = 300 (default)
2019-09-28 06:50:40,030 [pool-449-thread-1] INFO  server.RaftServerConfigKeys (ConfUtils.java:logGet(43)) - raft.server.log.appender.install.snapshot.enabled = false (custom)
2019-09-28 06:50:40,030 [pool-449-thread-1] INFO  impl.RaftServerImpl (ServerState.java:<init>(103)) - 9ab61eb8-0da8-412c-bec0-c0b2863e5c0c@group-AD4495CB3A0B: ConfigurationManager, init=-1: [9ab61eb8-0da8-412c-bec0-c0b2863e5c0c:192.168.151.105:37566], old=null, confs=<EMPTY_MAP>
2019-09-28 06:50:40,030 [pool-449-thread-1] INFO  server.RaftServerConfigKeys (ConfUtils.java:logGet(43)) - raft.server.storage.dir = [/workdir/hadoop-ozone/integration-test/target/test-dir/MiniOzoneClusterImpl-20dc5c4d-f858-40ba-b097-a7c1cdb8c191/datanode-4/data/ratis] (custom)
2019-09-28 06:50:40,030 [pool-449-thread-1] INFO  storage.RaftStorageDirectory (RaftStorageDirectory.java:analyzeStorage(246)) - The storage directory /workdir/hadoop-ozone/integration-test/target/test-dir/MiniOzoneClusterImpl-20dc5c4d-f858-40ba-b097-a7c1cdb8c191/datanode-4/data/ratis/bc1b9533-c748-428a-9b75-ad4495cb3a0b does not exist. Creating ...
2019-09-28 06:50:40,043 [IPC Server handler 2 on 35797] INFO  net.NetworkTopology (NetworkTopologyImpl.java:add(111)) - Added a new node: /default-rack/6ec37010-c9c3-47a1-9200-a5346984dcfb
2019-09-28 06:50:40,043 [IPC Server handler 2 on 35797] INFO  node.SCMNodeManager (SCMNodeManager.java:register(266)) - Registered Data node : 6ec37010-c9c3-47a1-9200-a5346984dcfb{ip: 192.168.151.105, host: pr-hdds-2202-m9h6s-3487434564, networkLocation: /default-rack, certSerialId: null}
2019-09-28 06:50:40,043 [pool-449-thread-1] INFO  storage.RaftStorageDirectory (RaftStorageDirectory.java:tryLock(328)) - Lock on /workdir/hadoop-ozone/integration-test/target/test-dir/MiniOzoneClusterImpl-20dc5c4d-f858-40ba-b097-a7c1cdb8c191/datanode-4/data/ratis/bc1b9533-c748-428a-9b75-ad4495cb3a0b/in_use.lock acquired by nodename 20552@pr-hdds-2202-m9h6s-3487434564
2019-09-28 06:50:40,056 [pool-449-thread-1] INFO  storage.RaftStorage (RaftStorage.java:format(72)) - Storage directory /workdir/hadoop-ozone/integration-test/target/test-dir/MiniOzoneClusterImpl-20dc5c4d-f858-40ba-b097-a7c1cdb8c191/datanode-4/data/ratis/bc1b9533-c748-428a-9b75-ad4495cb3a0b has been successfully formatted.
2019-09-28 06:50:40,056 [pool-449-thread-1] INFO  ratis.ContainerStateMachine (ContainerStateMachine.java:loadSnapshot(230)) - group-AD4495CB3A0B: The snapshot info is null. Setting the last applied indexto:(t:0, i:~)
2019-09-28 06:50:40,057 [pool-449-thread-1] INFO  server.RaftServerConfigKeys (ConfUtils.java:logGet(43)) - raft.server.notification.no-leader.timeout = 120s (custom)
2019-09-28 06:50:40,057 [pool-449-thread-1] INFO  server.RaftServerConfigKeys (ConfUtils.java:logGet(43)) - raft.server.log.use.memory = false (default)
2019-09-28 06:50:40,057 [pool-449-thread-1] INFO  server.RaftServerConfigKeys (ConfUtils.java:logGet(43)) - raft.server.log.purge.gap = 1000000 (custom)
2019-09-28 06:50:40,057 [pool-449-thread-1] INFO  server.RaftServerConfigKeys (ConfUtils.java:logGet(43)) - raft.server.log.appender.buffer.byte-limit = 33554432 (custom)
2019-09-28 06:50:40,057 [pool-449-thread-1] INFO  server.RaftServerConfigKeys (ConfUtils.java:logGet(43)) - raft.server.log.segment.size.max = 1048576 (custom)
2019-09-28 06:50:40,057 [pool-449-thread-1] INFO  server.RaftServerConfigKeys (ConfUtils.java:logGet(43)) - raft.server.log.segment.cache.num.max = 2 (custom)
2019-09-28 06:50:40,057 [pool-449-thread-1] INFO  segmented.SegmentedRaftLogWorker (SegmentedRaftLogWorker.java:<init>(172)) - new 9ab61eb8-0da8-412c-bec0-c0b2863e5c0c@group-AD4495CB3A0B-SegmentedRaftLogWorker for RaftStorage:Storage Directory /workdir/hadoop-ozone/integration-test/target/test-dir/MiniOzoneClusterImpl-20dc5c4d-f858-40ba-b097-a7c1cdb8c191/datanode-4/data/ratis/bc1b9533-c748-428a-9b75-ad4495cb3a0b
2019-09-28 06:50:40,058 [pool-449-thread-1] INFO  server.RaftServerConfigKeys (ConfUtils.java:logGet(43)) - raft.server.log.queue.byte-limit = 2147483647 (custom)
2019-09-28 06:50:40,059 [pool-449-thread-1] INFO  server.RaftServerConfigKeys (ConfUtils.java:logGet(43)) - raft.server.log.queue.element-limit = 1024 (custom)
2019-09-28 06:50:40,059 [pool-449-thread-1] INFO  server.RaftServerConfigKeys (ConfUtils.java:logGet(43)) - raft.server.log.segment.size.max = 1048576 (custom)
2019-09-28 06:50:40,059 [pool-449-thread-1] INFO  server.RaftServerConfigKeys (ConfUtils.java:logGet(43)) - raft.server.log.preallocated.size = 16384 (custom)
2019-09-28 06:50:40,059 [pool-449-thread-1] INFO  server.RaftServerConfigKeys (ConfUtils.java:logGet(43)) - raft.server.log.write.buffer.size = 33554432 (custom)
2019-09-28 06:50:40,059 [pool-449-thread-1] INFO  server.RaftServerConfigKeys (ConfUtils.java:logGet(43)) - raft.server.log.force.sync.num = 128 (default)
2019-09-28 06:50:40,059 [pool-449-thread-1] INFO  server.RaftServerConfigKeys (ConfUtils.java:logGet(43)) - raft.server.log.statemachine.data.sync = true (default)
2019-09-28 06:50:40,059 [pool-449-thread-1] INFO  server.RaftServerConfigKeys (ConfUtils.java:logGet(43)) - raft.server.log.statemachine.data.sync.timeout = 10s (default)
2019-09-28 06:50:40,059 [pool-449-thread-1] INFO  server.RaftServerConfigKeys (ConfUtils.java:logGet(43)) - raft.server.log.statemachine.data.sync.timeout.retry = -1 (default)
2019-09-28 06:50:40,060 [pool-449-thread-1] INFO  server.RaftServerConfigKeys (ConfUtils.java:logGet(43)) - raft.server.log.statemachine.data.caching.enabled = true (custom)
2019-09-28 06:50:40,060 [pool-449-thread-1] INFO  segmented.SegmentedRaftLogWorker (SegmentedRaftLogWorker.java:lambda$new$0(132)) - 9ab61eb8-0da8-412c-bec0-c0b2863e5c0c@group-AD4495CB3A0B-SegmentedRaftLogWorker: flushIndex: setUnconditionally 0 -> -1
2019-09-28 06:50:40,060 [pool-449-thread-1] INFO  server.RaftServerConfigKeys (ConfUtils.java:logGet(43)) - raft.server.snapshot.auto.trigger.enabled = true (custom)
2019-09-28 06:50:40,060 [pool-449-thread-1] INFO  server.RaftServerConfigKeys (ConfUtils.java:logGet(43)) - raft.server.snapshot.auto.trigger.threshold = 10000 (custom)
2019-09-28 06:50:40,060 [pool-449-thread-1] INFO  server.RaftServerConfigKeys (ConfUtils.java:logGet(43)) - raft.server.snapshot.retention.num.files = 5 (custom)
2019-09-28 06:50:40,060 [pool-449-thread-1] INFO  server.RaftServerConfigKeys (ConfUtils.java:logGet(43)) - raft.server.retrycache.expirytime = 600000ms (custom)
2019-09-28 06:50:40,062 [pool-449-thread-1] INFO  impl.RaftServerImpl (RaftServerImpl.java:start(185)) - 9ab61eb8-0da8-412c-bec0-c0b2863e5c0c@group-AD4495CB3A0B: start as a follower, conf=-1: [9ab61eb8-0da8-412c-bec0-c0b2863e5c0c:192.168.151.105:37566], old=null
2019-09-28 06:50:40,062 [pool-449-thread-1] INFO  impl.RaftServerImpl (RaftServerImpl.java:setRole(174)) - 9ab61eb8-0da8-412c-bec0-c0b2863e5c0c@group-AD4495CB3A0B: changes role from      null to FOLLOWER at term 0 for startAsFollower
2019-09-28 06:50:40,062 [pool-449-thread-1] INFO  impl.RoleInfo (RoleInfo.java:updateAndGet(143)) - 9ab61eb8-0da8-412c-bec0-c0b2863e5c0c: start FollowerState
2019-09-28 06:50:40,062 [pool-449-thread-1] INFO  util.JmxRegister (JmxRegister.java:tryRegister(44)) - Successfully registered JMX Bean with object name Ratis:service=RaftServer,group=group-AD4495CB3A0B,id=9ab61eb8-0da8-412c-bec0-c0b2863e5c0c
2019-09-28 06:50:40,064 [RatisPipelineUtilsThread] INFO  pipeline.PipelineStateManager (PipelineStateManager.java:addPipeline(56)) - Created pipeline Pipeline[ Id: bc1b9533-c748-428a-9b75-ad4495cb3a0b, Nodes: 9ab61eb8-0da8-412c-bec0-c0b2863e5c0c{ip: 192.168.151.105, host: pr-hdds-2202-m9h6s-3487434564, networkLocation: /default-rack, certSerialId: null}, Type:RATIS, Factor:ONE, State:OPEN]
2019-09-28 06:50:40,070 [grpc-default-executor-9] INFO  impl.RaftServerProxy (RaftServerProxy.java:addNew(89)) - 6ec37010-c9c3-47a1-9200-a5346984dcfb: addNew group-B662D9BEDDFD:[6ec37010-c9c3-47a1-9200-a5346984dcfb:192.168.151.105:35921] returns group-B662D9BEDDFD:java.util.concurrent.CompletableFuture@7f657698[Not completed]
2019-09-28 06:50:40,071 [pool-459-thread-1] INFO  impl.RaftServerImpl (RaftServerImpl.java:<init>(95)) - 6ec37010-c9c3-47a1-9200-a5346984dcfb: new RaftServerImpl for group-B662D9BEDDFD:[6ec37010-c9c3-47a1-9200-a5346984dcfb:192.168.151.105:35921] with ContainerStateMachine:uninitialized
2019-09-28 06:50:40,071 [pool-459-thread-1] INFO  server.RaftServerConfigKeys (ConfUtils.java:logGet(43)) - raft.server.rpc.timeout.min = 5s (custom)
2019-09-28 06:50:40,071 [pool-459-thread-1] INFO  server.RaftServerConfigKeys (ConfUtils.java:logGet(43)) - raft.server.rpc.timeout.max = 5200ms (custom)
2019-09-28 06:50:40,071 [pool-459-thread-1] INFO  server.RaftServerConfigKeys (ConfUtils.java:logGet(43)) - raft.server.rpcslowness.timeout = 120s (custom)
2019-09-28 06:50:40,072 [pool-459-thread-1] INFO  server.RaftServerConfigKeys (ConfUtils.java:logGet(43)) - raft.server.sleep.deviation.threshold = 300 (default)
2019-09-28 06:50:40,072 [pool-459-thread-1] INFO  server.RaftServerConfigKeys (ConfUtils.java:logGet(43)) - raft.server.log.appender.install.snapshot.enabled = false (custom)
2019-09-28 06:50:40,072 [pool-459-thread-1] INFO  impl.RaftServerImpl (ServerState.java:<init>(103)) - 6ec37010-c9c3-47a1-9200-a5346984dcfb@group-B662D9BEDDFD: ConfigurationManager, init=-1: [6ec37010-c9c3-47a1-9200-a5346984dcfb:192.168.151.105:35921], old=null, confs=<EMPTY_MAP>
2019-09-28 06:50:40,072 [pool-459-thread-1] INFO  server.RaftServerConfigKeys (ConfUtils.java:logGet(43)) - raft.server.storage.dir = [/workdir/hadoop-ozone/integration-test/target/test-dir/MiniOzoneClusterImpl-20dc5c4d-f858-40ba-b097-a7c1cdb8c191/datanode-5/data/ratis] (custom)
2019-09-28 06:50:40,072 [pool-459-thread-1] INFO  storage.RaftStorageDirectory (RaftStorageDirectory.java:analyzeStorage(246)) - The storage directory /workdir/hadoop-ozone/integration-test/target/test-dir/MiniOzoneClusterImpl-20dc5c4d-f858-40ba-b097-a7c1cdb8c191/datanode-5/data/ratis/45ab4bcc-2083-402a-a00f-b662d9beddfd does not exist. Creating ...
2019-09-28 06:50:40,085 [pool-459-thread-1] INFO  storage.RaftStorageDirectory (RaftStorageDirectory.java:tryLock(328)) - Lock on /workdir/hadoop-ozone/integration-test/target/test-dir/MiniOzoneClusterImpl-20dc5c4d-f858-40ba-b097-a7c1cdb8c191/datanode-5/data/ratis/45ab4bcc-2083-402a-a00f-b662d9beddfd/in_use.lock acquired by nodename 20552@pr-hdds-2202-m9h6s-3487434564
2019-09-28 06:50:40,099 [pool-459-thread-1] INFO  storage.RaftStorage (RaftStorage.java:format(72)) - Storage directory /workdir/hadoop-ozone/integration-test/target/test-dir/MiniOzoneClusterImpl-20dc5c4d-f858-40ba-b097-a7c1cdb8c191/datanode-5/data/ratis/45ab4bcc-2083-402a-a00f-b662d9beddfd has been successfully formatted.
2019-09-28 06:50:40,099 [pool-459-thread-1] INFO  ratis.ContainerStateMachine (ContainerStateMachine.java:loadSnapshot(230)) - group-B662D9BEDDFD: The snapshot info is null. Setting the last applied indexto:(t:0, i:~)
2019-09-28 06:50:40,099 [pool-459-thread-1] INFO  server.RaftServerConfigKeys (ConfUtils.java:logGet(43)) - raft.server.notification.no-leader.timeout = 120s (custom)
2019-09-28 06:50:40,099 [pool-459-thread-1] INFO  server.RaftServerConfigKeys (ConfUtils.java:logGet(43)) - raft.server.log.use.memory = false (default)
2019-09-28 06:50:40,099 [pool-459-thread-1] INFO  server.RaftServerConfigKeys (ConfUtils.java:logGet(43)) - raft.server.log.purge.gap = 1000000 (custom)
2019-09-28 06:50:40,100 [pool-459-thread-1] INFO  server.RaftServerConfigKeys (ConfUtils.java:logGet(43)) - raft.server.log.appender.buffer.byte-limit = 33554432 (custom)
2019-09-28 06:50:40,100 [pool-459-thread-1] INFO  server.RaftServerConfigKeys (ConfUtils.java:logGet(43)) - raft.server.log.segment.size.max = 1048576 (custom)
2019-09-28 06:50:40,100 [pool-459-thread-1] INFO  server.RaftServerConfigKeys (ConfUtils.java:logGet(43)) - raft.server.log.segment.cache.num.max = 2 (custom)
2019-09-28 06:50:40,100 [pool-459-thread-1] INFO  segmented.SegmentedRaftLogWorker (SegmentedRaftLogWorker.java:<init>(172)) - new 6ec37010-c9c3-47a1-9200-a5346984dcfb@group-B662D9BEDDFD-SegmentedRaftLogWorker for RaftStorage:Storage Directory /workdir/hadoop-ozone/integration-test/target/test-dir/MiniOzoneClusterImpl-20dc5c4d-f858-40ba-b097-a7c1cdb8c191/datanode-5/data/ratis/45ab4bcc-2083-402a-a00f-b662d9beddfd
2019-09-28 06:50:40,102 [pool-459-thread-1] INFO  server.RaftServerConfigKeys (ConfUtils.java:logGet(43)) - raft.server.log.queue.byte-limit = 2147483647 (custom)
2019-09-28 06:50:40,102 [pool-459-thread-1] INFO  server.RaftServerConfigKeys (ConfUtils.java:logGet(43)) - raft.server.log.queue.element-limit = 1024 (custom)
2019-09-28 06:50:40,102 [pool-459-thread-1] INFO  server.RaftServerConfigKeys (ConfUtils.java:logGet(43)) - raft.server.log.segment.size.max = 1048576 (custom)
2019-09-28 06:50:40,102 [pool-459-thread-1] INFO  server.RaftServerConfigKeys (ConfUtils.java:logGet(43)) - raft.server.log.preallocated.size = 16384 (custom)
2019-09-28 06:50:40,102 [pool-459-thread-1] INFO  server.RaftServerConfigKeys (ConfUtils.java:logGet(43)) - raft.server.log.write.buffer.size = 33554432 (custom)
2019-09-28 06:50:40,102 [pool-459-thread-1] INFO  server.RaftServerConfigKeys (ConfUtils.java:logGet(43)) - raft.server.log.force.sync.num = 128 (default)
2019-09-28 06:50:40,103 [pool-459-thread-1] INFO  server.RaftServerConfigKeys (ConfUtils.java:logGet(43)) - raft.server.log.statemachine.data.sync = true (default)
2019-09-28 06:50:40,103 [pool-459-thread-1] INFO  server.RaftServerConfigKeys (ConfUtils.java:logGet(43)) - raft.server.log.statemachine.data.sync.timeout = 10s (default)
2019-09-28 06:50:40,103 [pool-459-thread-1] INFO  server.RaftServerConfigKeys (ConfUtils.java:logGet(43)) - raft.server.log.statemachine.data.sync.timeout.retry = -1 (default)
2019-09-28 06:50:40,103 [pool-459-thread-1] INFO  server.RaftServerConfigKeys (ConfUtils.java:logGet(43)) - raft.server.log.statemachine.data.caching.enabled = true (custom)
2019-09-28 06:50:40,103 [pool-459-thread-1] INFO  segmented.SegmentedRaftLogWorker (SegmentedRaftLogWorker.java:lambda$new$0(132)) - 6ec37010-c9c3-47a1-9200-a5346984dcfb@group-B662D9BEDDFD-SegmentedRaftLogWorker: flushIndex: setUnconditionally 0 -> -1
2019-09-28 06:50:40,104 [pool-459-thread-1] INFO  server.RaftServerConfigKeys (ConfUtils.java:logGet(43)) - raft.server.snapshot.auto.trigger.enabled = true (custom)
2019-09-28 06:50:40,104 [pool-459-thread-1] INFO  server.RaftServerConfigKeys (ConfUtils.java:logGet(43)) - raft.server.snapshot.auto.trigger.threshold = 10000 (custom)
2019-09-28 06:50:40,104 [pool-459-thread-1] INFO  server.RaftServerConfigKeys (ConfUtils.java:logGet(43)) - raft.server.snapshot.retention.num.files = 5 (custom)
2019-09-28 06:50:40,104 [pool-459-thread-1] INFO  server.RaftServerConfigKeys (ConfUtils.java:logGet(43)) - raft.server.retrycache.expirytime = 600000ms (custom)
2019-09-28 06:50:40,105 [pool-459-thread-1] INFO  impl.RaftServerImpl (RaftServerImpl.java:start(185)) - 6ec37010-c9c3-47a1-9200-a5346984dcfb@group-B662D9BEDDFD: start as a follower, conf=-1: [6ec37010-c9c3-47a1-9200-a5346984dcfb:192.168.151.105:35921], old=null
2019-09-28 06:50:40,106 [pool-459-thread-1] INFO  impl.RaftServerImpl (RaftServerImpl.java:setRole(174)) - 6ec37010-c9c3-47a1-9200-a5346984dcfb@group-B662D9BEDDFD: changes role from      null to FOLLOWER at term 0 for startAsFollower
2019-09-28 06:50:40,106 [pool-459-thread-1] INFO  impl.RoleInfo (RoleInfo.java:updateAndGet(143)) - 6ec37010-c9c3-47a1-9200-a5346984dcfb: start FollowerState
2019-09-28 06:50:40,106 [pool-459-thread-1] INFO  util.JmxRegister (JmxRegister.java:tryRegister(44)) - Successfully registered JMX Bean with object name Ratis:service=RaftServer,group=group-B662D9BEDDFD,id=6ec37010-c9c3-47a1-9200-a5346984dcfb
2019-09-28 06:50:40,108 [RatisPipelineUtilsThread] INFO  pipeline.PipelineStateManager (PipelineStateManager.java:addPipeline(56)) - Created pipeline Pipeline[ Id: 45ab4bcc-2083-402a-a00f-b662d9beddfd, Nodes: 6ec37010-c9c3-47a1-9200-a5346984dcfb{ip: 192.168.151.105, host: pr-hdds-2202-m9h6s-3487434564, networkLocation: /default-rack, certSerialId: null}, Type:RATIS, Factor:ONE, State:OPEN]
2019-09-28 06:50:40,117 [main] INFO  ozone.MiniOzoneClusterImpl (MiniOzoneClusterImpl.java:lambda$waitForClusterToBeReady$0(147)) - Waiting for cluster to be ready. Got 6 of 7 DN Heartbeats.
2019-09-28 06:50:40,118 [grpc-default-executor-10] INFO  impl.RaftServerProxy (RaftServerProxy.java:addNew(89)) - dea5c579-b378-47c6-bc7f-f894534e83b6: addNew group-24F6C351D8FB:[6ec37010-c9c3-47a1-9200-a5346984dcfb:192.168.151.105:35921, dea5c579-b378-47c6-bc7f-f894534e83b6:192.168.151.105:34460, 9ab61eb8-0da8-412c-bec0-c0b2863e5c0c:192.168.151.105:37566] returns group-24F6C351D8FB:java.util.concurrent.CompletableFuture@291990ab[Not completed]
2019-09-28 06:50:40,118 [IPC Server handler 3 on 35797] INFO  net.NetworkTopology (NetworkTopologyImpl.java:add(111)) - Added a new node: /default-rack/fd88f408-da0f-424e-89f0-666fdcc7f52f
2019-09-28 06:50:40,118 [grpc-default-executor-4] INFO  impl.RaftServerProxy (RaftServerProxy.java:addNew(89)) - 9ab61eb8-0da8-412c-bec0-c0b2863e5c0c: addNew group-24F6C351D8FB:[6ec37010-c9c3-47a1-9200-a5346984dcfb:192.168.151.105:35921, dea5c579-b378-47c6-bc7f-f894534e83b6:192.168.151.105:34460, 9ab61eb8-0da8-412c-bec0-c0b2863e5c0c:192.168.151.105:37566] returns group-24F6C351D8FB:java.util.concurrent.CompletableFuture@75e68894[Not completed]
2019-09-28 06:50:40,118 [grpc-default-executor-9] INFO  impl.RaftServerProxy (RaftServerProxy.java:addNew(89)) - 6ec37010-c9c3-47a1-9200-a5346984dcfb: addNew group-24F6C351D8FB:[6ec37010-c9c3-47a1-9200-a5346984dcfb:192.168.151.105:35921, dea5c579-b378-47c6-bc7f-f894534e83b6:192.168.151.105:34460, 9ab61eb8-0da8-412c-bec0-c0b2863e5c0c:192.168.151.105:37566] returns group-24F6C351D8FB:java.util.concurrent.CompletableFuture@2b1a832d[Not completed]
2019-09-28 06:50:40,118 [IPC Server handler 3 on 35797] INFO  node.SCMNodeManager (SCMNodeManager.java:register(266)) - Registered Data node : fd88f408-da0f-424e-89f0-666fdcc7f52f{ip: 192.168.151.105, host: pr-hdds-2202-m9h6s-3487434564, networkLocation: /default-rack, certSerialId: null}
2019-09-28 06:50:40,119 [pool-439-thread-1] INFO  impl.RaftServerImpl (RaftServerImpl.java:<init>(95)) - dea5c579-b378-47c6-bc7f-f894534e83b6: new RaftServerImpl for group-24F6C351D8FB:[6ec37010-c9c3-47a1-9200-a5346984dcfb:192.168.151.105:35921, dea5c579-b378-47c6-bc7f-f894534e83b6:192.168.151.105:34460, 9ab61eb8-0da8-412c-bec0-c0b2863e5c0c:192.168.151.105:37566] with ContainerStateMachine:uninitialized
2019-09-28 06:50:40,119 [pool-439-thread-1] INFO  server.RaftServerConfigKeys (ConfUtils.java:logGet(43)) - raft.server.rpc.timeout.min = 5s (custom)
2019-09-28 06:50:40,119 [pool-439-thread-1] INFO  server.RaftServerConfigKeys (ConfUtils.java:logGet(43)) - raft.server.rpc.timeout.max = 5200ms (custom)
2019-09-28 06:50:40,119 [pool-439-thread-1] INFO  server.RaftServerConfigKeys (ConfUtils.java:logGet(43)) - raft.server.rpcslowness.timeout = 120s (custom)
2019-09-28 06:50:40,119 [pool-449-thread-1] INFO  impl.RaftServerImpl (RaftServerImpl.java:<init>(95)) - 9ab61eb8-0da8-412c-bec0-c0b2863e5c0c: new RaftServerImpl for group-24F6C351D8FB:[6ec37010-c9c3-47a1-9200-a5346984dcfb:192.168.151.105:35921, dea5c579-b378-47c6-bc7f-f894534e83b6:192.168.151.105:34460, 9ab61eb8-0da8-412c-bec0-c0b2863e5c0c:192.168.151.105:37566] with ContainerStateMachine:uninitialized
2019-09-28 06:50:40,119 [pool-439-thread-1] INFO  server.RaftServerConfigKeys (ConfUtils.java:logGet(43)) - raft.server.sleep.deviation.threshold = 300 (default)
2019-09-28 06:50:40,120 [pool-459-thread-1] INFO  impl.RaftServerImpl (RaftServerImpl.java:<init>(95)) - 6ec37010-c9c3-47a1-9200-a5346984dcfb: new RaftServerImpl for group-24F6C351D8FB:[6ec37010-c9c3-47a1-9200-a5346984dcfb:192.168.151.105:35921, dea5c579-b378-47c6-bc7f-f894534e83b6:192.168.151.105:34460, 9ab61eb8-0da8-412c-bec0-c0b2863e5c0c:192.168.151.105:37566] with ContainerStateMachine:uninitialized
2019-09-28 06:50:40,119 [pool-449-thread-1] INFO  server.RaftServerConfigKeys (ConfUtils.java:logGet(43)) - raft.server.rpc.timeout.min = 5s (custom)
2019-09-28 06:50:40,120 [pool-459-thread-1] INFO  server.RaftServerConfigKeys (ConfUtils.java:logGet(43)) - raft.server.rpc.timeout.min = 5s (custom)
2019-09-28 06:50:40,120 [pool-459-thread-1] INFO  server.RaftServerConfigKeys (ConfUtils.java:logGet(43)) - raft.server.rpc.timeout.max = 5200ms (custom)
2019-09-28 06:50:40,120 [pool-439-thread-1] INFO  server.RaftServerConfigKeys (ConfUtils.java:logGet(43)) - raft.server.log.appender.install.snapshot.enabled = false (custom)
2019-09-28 06:50:40,120 [pool-459-thread-1] INFO  server.RaftServerConfigKeys (ConfUtils.java:logGet(43)) - raft.server.rpcslowness.timeout = 120s (custom)
2019-09-28 06:50:40,120 [pool-449-thread-1] INFO  server.RaftServerConfigKeys (ConfUtils.java:logGet(43)) - raft.server.rpc.timeout.max = 5200ms (custom)
2019-09-28 06:50:40,120 [pool-459-thread-1] INFO  server.RaftServerConfigKeys (ConfUtils.java:logGet(43)) - raft.server.sleep.deviation.threshold = 300 (default)
2019-09-28 06:50:40,120 [pool-439-thread-1] INFO  impl.RaftServerImpl (ServerState.java:<init>(103)) - dea5c579-b378-47c6-bc7f-f894534e83b6@group-24F6C351D8FB: ConfigurationManager, init=-1: [6ec37010-c9c3-47a1-9200-a5346984dcfb:192.168.151.105:35921, dea5c579-b378-47c6-bc7f-f894534e83b6:192.168.151.105:34460, 9ab61eb8-0da8-412c-bec0-c0b2863e5c0c:192.168.151.105:37566], old=null, confs=<EMPTY_MAP>
2019-09-28 06:50:40,121 [pool-459-thread-1] INFO  server.RaftServerConfigKeys (ConfUtils.java:logGet(43)) - raft.server.log.appender.install.snapshot.enabled = false (custom)
2019-09-28 06:50:40,120 [pool-449-thread-1] INFO  server.RaftServerConfigKeys (ConfUtils.java:logGet(43)) - raft.server.rpcslowness.timeout = 120s (custom)
2019-09-28 06:50:40,121 [pool-459-thread-1] INFO  impl.RaftServerImpl (ServerState.java:<init>(103)) - 6ec37010-c9c3-47a1-9200-a5346984dcfb@group-24F6C351D8FB: ConfigurationManager, init=-1: [6ec37010-c9c3-47a1-9200-a5346984dcfb:192.168.151.105:35921, dea5c579-b378-47c6-bc7f-f894534e83b6:192.168.151.105:34460, 9ab61eb8-0da8-412c-bec0-c0b2863e5c0c:192.168.151.105:37566], old=null, confs=<EMPTY_MAP>
2019-09-28 06:50:40,121 [pool-439-thread-1] INFO  server.RaftServerConfigKeys (ConfUtils.java:logGet(43)) - raft.server.storage.dir = [/workdir/hadoop-ozone/integration-test/target/test-dir/MiniOzoneClusterImpl-20dc5c4d-f858-40ba-b097-a7c1cdb8c191/datanode-3/data/ratis] (custom)
2019-09-28 06:50:40,121 [pool-459-thread-1] INFO  server.RaftServerConfigKeys (ConfUtils.java:logGet(43)) - raft.server.storage.dir = [/workdir/hadoop-ozone/integration-test/target/test-dir/MiniOzoneClusterImpl-20dc5c4d-f858-40ba-b097-a7c1cdb8c191/datanode-5/data/ratis] (custom)
2019-09-28 06:50:40,121 [pool-449-thread-1] INFO  server.RaftServerConfigKeys (ConfUtils.java:logGet(43)) - raft.server.sleep.deviation.threshold = 300 (default)
2019-09-28 06:50:40,121 [pool-439-thread-1] INFO  storage.RaftStorageDirectory (RaftStorageDirectory.java:analyzeStorage(246)) - The storage directory /workdir/hadoop-ozone/integration-test/target/test-dir/MiniOzoneClusterImpl-20dc5c4d-f858-40ba-b097-a7c1cdb8c191/datanode-3/data/ratis/edcd737b-12a3-4d17-ae82-24f6c351d8fb does not exist. Creating ...
2019-09-28 06:50:40,121 [pool-449-thread-1] INFO  server.RaftServerConfigKeys (ConfUtils.java:logGet(43)) - raft.server.log.appender.install.snapshot.enabled = false (custom)
2019-09-28 06:50:40,121 [pool-459-thread-1] INFO  storage.RaftStorageDirectory (RaftStorageDirectory.java:analyzeStorage(246)) - The storage directory /workdir/hadoop-ozone/integration-test/target/test-dir/MiniOzoneClusterImpl-20dc5c4d-f858-40ba-b097-a7c1cdb8c191/datanode-5/data/ratis/edcd737b-12a3-4d17-ae82-24f6c351d8fb does not exist. Creating ...
2019-09-28 06:50:40,122 [pool-449-thread-1] INFO  impl.RaftServerImpl (ServerState.java:<init>(103)) - 9ab61eb8-0da8-412c-bec0-c0b2863e5c0c@group-24F6C351D8FB: ConfigurationManager, init=-1: [6ec37010-c9c3-47a1-9200-a5346984dcfb:192.168.151.105:35921, dea5c579-b378-47c6-bc7f-f894534e83b6:192.168.151.105:34460, 9ab61eb8-0da8-412c-bec0-c0b2863e5c0c:192.168.151.105:37566], old=null, confs=<EMPTY_MAP>
2019-09-28 06:50:40,122 [pool-449-thread-1] INFO  server.RaftServerConfigKeys (ConfUtils.java:logGet(43)) - raft.server.storage.dir = [/workdir/hadoop-ozone/integration-test/target/test-dir/MiniOzoneClusterImpl-20dc5c4d-f858-40ba-b097-a7c1cdb8c191/datanode-4/data/ratis] (custom)
2019-09-28 06:50:40,122 [pool-449-thread-1] INFO  storage.RaftStorageDirectory (RaftStorageDirectory.java:analyzeStorage(246)) - The storage directory /workdir/hadoop-ozone/integration-test/target/test-dir/MiniOzoneClusterImpl-20dc5c4d-f858-40ba-b097-a7c1cdb8c191/datanode-4/data/ratis/edcd737b-12a3-4d17-ae82-24f6c351d8fb does not exist. Creating ...
2019-09-28 06:50:40,135 [pool-449-thread-1] INFO  storage.RaftStorageDirectory (RaftStorageDirectory.java:tryLock(328)) - Lock on /workdir/hadoop-ozone/integration-test/target/test-dir/MiniOzoneClusterImpl-20dc5c4d-f858-40ba-b097-a7c1cdb8c191/datanode-4/data/ratis/edcd737b-12a3-4d17-ae82-24f6c351d8fb/in_use.lock acquired by nodename 20552@pr-hdds-2202-m9h6s-3487434564
2019-09-28 06:50:40,135 [pool-459-thread-1] INFO  storage.RaftStorageDirectory (RaftStorageDirectory.java:tryLock(328)) - Lock on /workdir/hadoop-ozone/integration-test/target/test-dir/MiniOzoneClusterImpl-20dc5c4d-f858-40ba-b097-a7c1cdb8c191/datanode-5/data/ratis/edcd737b-12a3-4d17-ae82-24f6c351d8fb/in_use.lock acquired by nodename 20552@pr-hdds-2202-m9h6s-3487434564
2019-09-28 06:50:40,135 [pool-439-thread-1] INFO  storage.RaftStorageDirectory (RaftStorageDirectory.java:tryLock(328)) - Lock on /workdir/hadoop-ozone/integration-test/target/test-dir/MiniOzoneClusterImpl-20dc5c4d-f858-40ba-b097-a7c1cdb8c191/datanode-3/data/ratis/edcd737b-12a3-4d17-ae82-24f6c351d8fb/in_use.lock acquired by nodename 20552@pr-hdds-2202-m9h6s-3487434564
2019-09-28 06:50:40,149 [pool-459-thread-1] INFO  storage.RaftStorage (RaftStorage.java:format(72)) - Storage directory /workdir/hadoop-ozone/integration-test/target/test-dir/MiniOzoneClusterImpl-20dc5c4d-f858-40ba-b097-a7c1cdb8c191/datanode-5/data/ratis/edcd737b-12a3-4d17-ae82-24f6c351d8fb has been successfully formatted.
2019-09-28 06:50:40,149 [pool-449-thread-1] INFO  storage.RaftStorage (RaftStorage.java:format(72)) - Storage directory /workdir/hadoop-ozone/integration-test/target/test-dir/MiniOzoneClusterImpl-20dc5c4d-f858-40ba-b097-a7c1cdb8c191/datanode-4/data/ratis/edcd737b-12a3-4d17-ae82-24f6c351d8fb has been successfully formatted.
2019-09-28 06:50:40,149 [pool-439-thread-1] INFO  storage.RaftStorage (RaftStorage.java:format(72)) - Storage directory /workdir/hadoop-ozone/integration-test/target/test-dir/MiniOzoneClusterImpl-20dc5c4d-f858-40ba-b097-a7c1cdb8c191/datanode-3/data/ratis/edcd737b-12a3-4d17-ae82-24f6c351d8fb has been successfully formatted.
2019-09-28 06:50:40,149 [pool-449-thread-1] INFO  ratis.ContainerStateMachine (ContainerStateMachine.java:loadSnapshot(230)) - group-24F6C351D8FB: The snapshot info is null. Setting the last applied indexto:(t:0, i:~)
2019-09-28 06:50:40,149 [pool-459-thread-1] INFO  ratis.ContainerStateMachine (ContainerStateMachine.java:loadSnapshot(230)) - group-24F6C351D8FB: The snapshot info is null. Setting the last applied indexto:(t:0, i:~)
2019-09-28 06:50:40,149 [pool-459-thread-1] INFO  server.RaftServerConfigKeys (ConfUtils.java:logGet(43)) - raft.server.notification.no-leader.timeout = 120s (custom)
2019-09-28 06:50:40,149 [pool-449-thread-1] INFO  server.RaftServerConfigKeys (ConfUtils.java:logGet(43)) - raft.server.notification.no-leader.timeout = 120s (custom)
2019-09-28 06:50:40,149 [pool-439-thread-1] INFO  ratis.ContainerStateMachine (ContainerStateMachine.java:loadSnapshot(230)) - group-24F6C351D8FB: The snapshot info is null. Setting the last applied indexto:(t:0, i:~)
2019-09-28 06:50:40,150 [pool-449-thread-1] INFO  server.RaftServerConfigKeys (ConfUtils.java:logGet(43)) - raft.server.log.use.memory = false (default)
2019-09-28 06:50:40,150 [pool-459-thread-1] INFO  server.RaftServerConfigKeys (ConfUtils.java:logGet(43)) - raft.server.log.use.memory = false (default)
2019-09-28 06:50:40,150 [pool-449-thread-1] INFO  server.RaftServerConfigKeys (ConfUtils.java:logGet(43)) - raft.server.log.purge.gap = 1000000 (custom)
2019-09-28 06:50:40,150 [pool-439-thread-1] INFO  server.RaftServerConfigKeys (ConfUtils.java:logGet(43)) - raft.server.notification.no-leader.timeout = 120s (custom)
2019-09-28 06:50:40,150 [pool-449-thread-1] INFO  server.RaftServerConfigKeys (ConfUtils.java:logGet(43)) - raft.server.log.appender.buffer.byte-limit = 33554432 (custom)
2019-09-28 06:50:40,150 [pool-459-thread-1] INFO  server.RaftServerConfigKeys (ConfUtils.java:logGet(43)) - raft.server.log.purge.gap = 1000000 (custom)
2019-09-28 06:50:40,151 [pool-449-thread-1] INFO  server.RaftServerConfigKeys (ConfUtils.java:logGet(43)) - raft.server.log.segment.size.max = 1048576 (custom)
2019-09-28 06:50:40,150 [pool-439-thread-1] INFO  server.RaftServerConfigKeys (ConfUtils.java:logGet(43)) - raft.server.log.use.memory = false (default)
2019-09-28 06:50:40,151 [pool-449-thread-1] INFO  server.RaftServerConfigKeys (ConfUtils.java:logGet(43)) - raft.server.log.segment.cache.num.max = 2 (custom)
2019-09-28 06:50:40,151 [pool-449-thread-1] INFO  segmented.SegmentedRaftLogWorker (SegmentedRaftLogWorker.java:<init>(172)) - new 9ab61eb8-0da8-412c-bec0-c0b2863e5c0c@group-24F6C351D8FB-SegmentedRaftLogWorker for RaftStorage:Storage Directory /workdir/hadoop-ozone/integration-test/target/test-dir/MiniOzoneClusterImpl-20dc5c4d-f858-40ba-b097-a7c1cdb8c191/datanode-4/data/ratis/edcd737b-12a3-4d17-ae82-24f6c351d8fb
2019-09-28 06:50:40,151 [pool-459-thread-1] INFO  server.RaftServerConfigKeys (ConfUtils.java:logGet(43)) - raft.server.log.appender.buffer.byte-limit = 33554432 (custom)
2019-09-28 06:50:40,151 [pool-449-thread-1] INFO  server.RaftServerConfigKeys (ConfUtils.java:logGet(43)) - raft.server.log.queue.byte-limit = 2147483647 (custom)
2019-09-28 06:50:40,152 [pool-449-thread-1] INFO  server.RaftServerConfigKeys (ConfUtils.java:logGet(43)) - raft.server.log.queue.element-limit = 1024 (custom)
2019-09-28 06:50:40,151 [pool-439-thread-1] INFO  server.RaftServerConfigKeys (ConfUtils.java:logGet(43)) - raft.server.log.purge.gap = 1000000 (custom)
2019-09-28 06:50:40,152 [pool-449-thread-1] INFO  server.RaftServerConfigKeys (ConfUtils.java:logGet(43)) - raft.server.log.segment.size.max = 1048576 (custom)
2019-09-28 06:50:40,151 [pool-459-thread-1] INFO  server.RaftServerConfigKeys (ConfUtils.java:logGet(43)) - raft.server.log.segment.size.max = 1048576 (custom)
2019-09-28 06:50:40,152 [pool-449-thread-1] INFO  server.RaftServerConfigKeys (ConfUtils.java:logGet(43)) - raft.server.log.preallocated.size = 16384 (custom)
2019-09-28 06:50:40,152 [pool-439-thread-1] INFO  server.RaftServerConfigKeys (ConfUtils.java:logGet(43)) - raft.server.log.appender.buffer.byte-limit = 33554432 (custom)
2019-09-28 06:50:40,152 [pool-449-thread-1] INFO  server.RaftServerConfigKeys (ConfUtils.java:logGet(43)) - raft.server.log.write.buffer.size = 33554432 (custom)
2019-09-28 06:50:40,152 [pool-459-thread-1] INFO  server.RaftServerConfigKeys (ConfUtils.java:logGet(43)) - raft.server.log.segment.cache.num.max = 2 (custom)
2019-09-28 06:50:40,153 [pool-449-thread-1] INFO  server.RaftServerConfigKeys (ConfUtils.java:logGet(43)) - raft.server.log.force.sync.num = 128 (default)
2019-09-28 06:50:40,152 [pool-439-thread-1] INFO  server.RaftServerConfigKeys (ConfUtils.java:logGet(43)) - raft.server.log.segment.size.max = 1048576 (custom)
2019-09-28 06:50:40,153 [pool-449-thread-1] INFO  server.RaftServerConfigKeys (ConfUtils.java:logGet(43)) - raft.server.log.statemachine.data.sync = true (default)
2019-09-28 06:50:40,153 [pool-449-thread-1] INFO  server.RaftServerConfigKeys (ConfUtils.java:logGet(43)) - raft.server.log.statemachine.data.sync.timeout = 10s (default)
2019-09-28 06:50:40,153 [pool-459-thread-1] INFO  segmented.SegmentedRaftLogWorker (SegmentedRaftLogWorker.java:<init>(172)) - new 6ec37010-c9c3-47a1-9200-a5346984dcfb@group-24F6C351D8FB-SegmentedRaftLogWorker for RaftStorage:Storage Directory /workdir/hadoop-ozone/integration-test/target/test-dir/MiniOzoneClusterImpl-20dc5c4d-f858-40ba-b097-a7c1cdb8c191/datanode-5/data/ratis/edcd737b-12a3-4d17-ae82-24f6c351d8fb
2019-09-28 06:50:40,153 [pool-449-thread-1] INFO  server.RaftServerConfigKeys (ConfUtils.java:logGet(43)) - raft.server.log.statemachine.data.sync.timeout.retry = -1 (default)
2019-09-28 06:50:40,153 [pool-439-thread-1] INFO  server.RaftServerConfigKeys (ConfUtils.java:logGet(43)) - raft.server.log.segment.cache.num.max = 2 (custom)
2019-09-28 06:50:40,154 [pool-449-thread-1] INFO  server.RaftServerConfigKeys (ConfUtils.java:logGet(43)) - raft.server.log.statemachine.data.caching.enabled = true (custom)
2019-09-28 06:50:40,153 [pool-459-thread-1] INFO  server.RaftServerConfigKeys (ConfUtils.java:logGet(43)) - raft.server.log.queue.byte-limit = 2147483647 (custom)
2019-09-28 06:50:40,154 [pool-439-thread-1] INFO  segmented.SegmentedRaftLogWorker (SegmentedRaftLogWorker.java:<init>(172)) - new dea5c579-b378-47c6-bc7f-f894534e83b6@group-24F6C351D8FB-SegmentedRaftLogWorker for RaftStorage:Storage Directory /workdir/hadoop-ozone/integration-test/target/test-dir/MiniOzoneClusterImpl-20dc5c4d-f858-40ba-b097-a7c1cdb8c191/datanode-3/data/ratis/edcd737b-12a3-4d17-ae82-24f6c351d8fb
2019-09-28 06:50:40,154 [pool-449-thread-1] INFO  segmented.SegmentedRaftLogWorker (SegmentedRaftLogWorker.java:lambda$new$0(132)) - 9ab61eb8-0da8-412c-bec0-c0b2863e5c0c@group-24F6C351D8FB-SegmentedRaftLogWorker: flushIndex: setUnconditionally 0 -> -1
2019-09-28 06:50:40,154 [pool-459-thread-1] INFO  server.RaftServerConfigKeys (ConfUtils.java:logGet(43)) - raft.server.log.queue.element-limit = 1024 (custom)
2019-09-28 06:50:40,154 [pool-439-thread-1] INFO  server.RaftServerConfigKeys (ConfUtils.java:logGet(43)) - raft.server.log.queue.byte-limit = 2147483647 (custom)
2019-09-28 06:50:40,154 [pool-449-thread-1] INFO  server.RaftServerConfigKeys (ConfUtils.java:logGet(43)) - raft.server.snapshot.auto.trigger.enabled = true (custom)
2019-09-28 06:50:40,154 [pool-459-thread-1] INFO  server.RaftServerConfigKeys (ConfUtils.java:logGet(43)) - raft.server.log.segment.size.max = 1048576 (custom)
2019-09-28 06:50:40,155 [pool-449-thread-1] INFO  server.RaftServerConfigKeys (ConfUtils.java:logGet(43)) - raft.server.snapshot.auto.trigger.threshold = 10000 (custom)
2019-09-28 06:50:40,155 [pool-439-thread-1] INFO  server.RaftServerConfigKeys (ConfUtils.java:logGet(43)) - raft.server.log.queue.element-limit = 1024 (custom)
2019-09-28 06:50:40,155 [pool-449-thread-1] INFO  server.RaftServerConfigKeys (ConfUtils.java:logGet(43)) - raft.server.snapshot.retention.num.files = 5 (custom)
2019-09-28 06:50:40,155 [pool-459-thread-1] INFO  server.RaftServerConfigKeys (ConfUtils.java:logGet(43)) - raft.server.log.preallocated.size = 16384 (custom)
2019-09-28 06:50:40,155 [pool-449-thread-1] INFO  server.RaftServerConfigKeys (ConfUtils.java:logGet(43)) - raft.server.retrycache.expirytime = 600000ms (custom)
2019-09-28 06:50:40,155 [pool-439-thread-1] INFO  server.RaftServerConfigKeys (ConfUtils.java:logGet(43)) - raft.server.log.segment.size.max = 1048576 (custom)
2019-09-28 06:50:40,155 [pool-459-thread-1] INFO  server.RaftServerConfigKeys (ConfUtils.java:logGet(43)) - raft.server.log.write.buffer.size = 33554432 (custom)
2019-09-28 06:50:40,156 [pool-439-thread-1] INFO  server.RaftServerConfigKeys (ConfUtils.java:logGet(43)) - raft.server.log.preallocated.size = 16384 (custom)
2019-09-28 06:50:40,156 [pool-459-thread-1] INFO  server.RaftServerConfigKeys (ConfUtils.java:logGet(43)) - raft.server.log.force.sync.num = 128 (default)
2019-09-28 06:50:40,156 [pool-439-thread-1] INFO  server.RaftServerConfigKeys (ConfUtils.java:logGet(43)) - raft.server.log.write.buffer.size = 33554432 (custom)
2019-09-28 06:50:40,156 [pool-459-thread-1] INFO  server.RaftServerConfigKeys (ConfUtils.java:logGet(43)) - raft.server.log.statemachine.data.sync = true (default)
2019-09-28 06:50:40,156 [pool-439-thread-1] INFO  server.RaftServerConfigKeys (ConfUtils.java:logGet(43)) - raft.server.log.force.sync.num = 128 (default)
2019-09-28 06:50:40,156 [pool-459-thread-1] INFO  server.RaftServerConfigKeys (ConfUtils.java:logGet(43)) - raft.server.log.statemachine.data.sync.timeout = 10s (default)
2019-09-28 06:50:40,157 [pool-439-thread-1] INFO  server.RaftServerConfigKeys (ConfUtils.java:logGet(43)) - raft.server.log.statemachine.data.sync = true (default)
2019-09-28 06:50:40,157 [pool-459-thread-1] INFO  server.RaftServerConfigKeys (ConfUtils.java:logGet(43)) - raft.server.log.statemachine.data.sync.timeout.retry = -1 (default)
2019-09-28 06:50:40,157 [pool-439-thread-1] INFO  server.RaftServerConfigKeys (ConfUtils.java:logGet(43)) - raft.server.log.statemachine.data.sync.timeout = 10s (default)
2019-09-28 06:50:40,157 [pool-459-thread-1] INFO  server.RaftServerConfigKeys (ConfUtils.java:logGet(43)) - raft.server.log.statemachine.data.caching.enabled = true (custom)
2019-09-28 06:50:40,157 [pool-449-thread-1] INFO  impl.RaftServerImpl (RaftServerImpl.java:start(185)) - 9ab61eb8-0da8-412c-bec0-c0b2863e5c0c@group-24F6C351D8FB: start as a follower, conf=-1: [6ec37010-c9c3-47a1-9200-a5346984dcfb:192.168.151.105:35921, dea5c579-b378-47c6-bc7f-f894534e83b6:192.168.151.105:34460, 9ab61eb8-0da8-412c-bec0-c0b2863e5c0c:192.168.151.105:37566], old=null
2019-09-28 06:50:40,157 [pool-439-thread-1] INFO  server.RaftServerConfigKeys (ConfUtils.java:logGet(43)) - raft.server.log.statemachine.data.sync.timeout.retry = -1 (default)
2019-09-28 06:50:40,157 [pool-449-thread-1] INFO  impl.RaftServerImpl (RaftServerImpl.java:setRole(174)) - 9ab61eb8-0da8-412c-bec0-c0b2863e5c0c@group-24F6C351D8FB: changes role from      null to FOLLOWER at term 0 for startAsFollower
2019-09-28 06:50:40,157 [pool-459-thread-1] INFO  segmented.SegmentedRaftLogWorker (SegmentedRaftLogWorker.java:lambda$new$0(132)) - 6ec37010-c9c3-47a1-9200-a5346984dcfb@group-24F6C351D8FB-SegmentedRaftLogWorker: flushIndex: setUnconditionally 0 -> -1
2019-09-28 06:50:40,158 [pool-449-thread-1] INFO  impl.RoleInfo (RoleInfo.java:updateAndGet(143)) - 9ab61eb8-0da8-412c-bec0-c0b2863e5c0c: start FollowerState
2019-09-28 06:50:40,158 [pool-439-thread-1] INFO  server.RaftServerConfigKeys (ConfUtils.java:logGet(43)) - raft.server.log.statemachine.data.caching.enabled = true (custom)
2019-09-28 06:50:40,158 [pool-459-thread-1] INFO  server.RaftServerConfigKeys (ConfUtils.java:logGet(43)) - raft.server.snapshot.auto.trigger.enabled = true (custom)
2019-09-28 06:50:40,158 [pool-449-thread-1] INFO  util.JmxRegister (JmxRegister.java:tryRegister(44)) - Successfully registered JMX Bean with object name Ratis:service=RaftServer,group=group-24F6C351D8FB,id=9ab61eb8-0da8-412c-bec0-c0b2863e5c0c
2019-09-28 06:50:40,158 [pool-459-thread-1] INFO  server.RaftServerConfigKeys (ConfUtils.java:logGet(43)) - raft.server.snapshot.auto.trigger.threshold = 10000 (custom)
2019-09-28 06:50:40,159 [pool-459-thread-1] INFO  server.RaftServerConfigKeys (ConfUtils.java:logGet(43)) - raft.server.snapshot.retention.num.files = 5 (custom)
2019-09-28 06:50:40,159 [pool-459-thread-1] INFO  server.RaftServerConfigKeys (ConfUtils.java:logGet(43)) - raft.server.retrycache.expirytime = 600000ms (custom)
2019-09-28 06:50:40,159 [pool-439-thread-1] INFO  segmented.SegmentedRaftLogWorker (SegmentedRaftLogWorker.java:lambda$new$0(132)) - dea5c579-b378-47c6-bc7f-f894534e83b6@group-24F6C351D8FB-SegmentedRaftLogWorker: flushIndex: setUnconditionally 0 -> -1
2019-09-28 06:50:40,160 [pool-439-thread-1] INFO  server.RaftServerConfigKeys (ConfUtils.java:logGet(43)) - raft.server.snapshot.auto.trigger.enabled = true (custom)
2019-09-28 06:50:40,160 [pool-439-thread-1] INFO  server.RaftServerConfigKeys (ConfUtils.java:logGet(43)) - raft.server.snapshot.auto.trigger.threshold = 10000 (custom)
2019-09-28 06:50:40,160 [pool-439-thread-1] INFO  server.RaftServerConfigKeys (ConfUtils.java:logGet(43)) - raft.server.snapshot.retention.num.files = 5 (custom)
2019-09-28 06:50:40,160 [pool-439-thread-1] INFO  server.RaftServerConfigKeys (ConfUtils.java:logGet(43)) - raft.server.retrycache.expirytime = 600000ms (custom)
2019-09-28 06:50:40,160 [pool-459-thread-1] INFO  impl.RaftServerImpl (RaftServerImpl.java:start(185)) - 6ec37010-c9c3-47a1-9200-a5346984dcfb@group-24F6C351D8FB: start as a follower, conf=-1: [6ec37010-c9c3-47a1-9200-a5346984dcfb:192.168.151.105:35921, dea5c579-b378-47c6-bc7f-f894534e83b6:192.168.151.105:34460, 9ab61eb8-0da8-412c-bec0-c0b2863e5c0c:192.168.151.105:37566], old=null
2019-09-28 06:50:40,160 [pool-459-thread-1] INFO  impl.RaftServerImpl (RaftServerImpl.java:setRole(174)) - 6ec37010-c9c3-47a1-9200-a5346984dcfb@group-24F6C351D8FB: changes role from      null to FOLLOWER at term 0 for startAsFollower
2019-09-28 06:50:40,160 [pool-459-thread-1] INFO  impl.RoleInfo (RoleInfo.java:updateAndGet(143)) - 6ec37010-c9c3-47a1-9200-a5346984dcfb: start FollowerState
2019-09-28 06:50:40,161 [pool-459-thread-1] INFO  util.JmxRegister (JmxRegister.java:tryRegister(44)) - Successfully registered JMX Bean with object name Ratis:service=RaftServer,group=group-24F6C351D8FB,id=6ec37010-c9c3-47a1-9200-a5346984dcfb
2019-09-28 06:50:40,162 [pool-439-thread-1] INFO  impl.RaftServerImpl (RaftServerImpl.java:start(185)) - dea5c579-b378-47c6-bc7f-f894534e83b6@group-24F6C351D8FB: start as a follower, conf=-1: [6ec37010-c9c3-47a1-9200-a5346984dcfb:192.168.151.105:35921, dea5c579-b378-47c6-bc7f-f894534e83b6:192.168.151.105:34460, 9ab61eb8-0da8-412c-bec0-c0b2863e5c0c:192.168.151.105:37566], old=null
2019-09-28 06:50:40,162 [pool-439-thread-1] INFO  impl.RaftServerImpl (RaftServerImpl.java:setRole(174)) - dea5c579-b378-47c6-bc7f-f894534e83b6@group-24F6C351D8FB: changes role from      null to FOLLOWER at term 0 for startAsFollower
2019-09-28 06:50:40,162 [pool-439-thread-1] INFO  impl.RoleInfo (RoleInfo.java:updateAndGet(143)) - dea5c579-b378-47c6-bc7f-f894534e83b6: start FollowerState
2019-09-28 06:50:40,162 [pool-439-thread-1] INFO  util.JmxRegister (JmxRegister.java:tryRegister(44)) - Successfully registered JMX Bean with object name Ratis:service=RaftServer,group=group-24F6C351D8FB,id=dea5c579-b378-47c6-bc7f-f894534e83b6
2019-09-28 06:50:40,164 [RatisPipelineUtilsThread] INFO  pipeline.PipelineStateManager (PipelineStateManager.java:addPipeline(56)) - Created pipeline Pipeline[ Id: edcd737b-12a3-4d17-ae82-24f6c351d8fb, Nodes: dea5c579-b378-47c6-bc7f-f894534e83b6{ip: 192.168.151.105, host: pr-hdds-2202-m9h6s-3487434564, networkLocation: /default-rack, certSerialId: null}9ab61eb8-0da8-412c-bec0-c0b2863e5c0c{ip: 192.168.151.105, host: pr-hdds-2202-m9h6s-3487434564, networkLocation: /default-rack, certSerialId: null}6ec37010-c9c3-47a1-9200-a5346984dcfb{ip: 192.168.151.105, host: pr-hdds-2202-m9h6s-3487434564, networkLocation: /default-rack, certSerialId: null}, Type:RATIS, Factor:THREE, State:OPEN]
2019-09-28 06:50:41,117 [main] INFO  ozone.MiniOzoneClusterImpl (MiniOzoneClusterImpl.java:lambda$waitForClusterToBeReady$0(147)) - Cluster is ready. Got 7 of 7 DN Heartbeats.
2019-09-28 06:50:41,158 [main] INFO  rpc.RpcClient (RpcClient.java:createVolume(276)) - Creating Volume: testblockoutputstream, with jenkins1000 as owner.
2019-09-28 06:50:41,162 [IPC Server handler 3 on 43376] INFO  volume.OMVolumeCreateRequest (OMVolumeCreateRequest.java:validateAndUpdateCache(194)) - created volume:testblockoutputstream for user:jenkins1000
2019-09-28 06:50:41,182 [main] INFO  rpc.RpcClient (RpcClient.java:createBucket(415)) - Creating Bucket: testblockoutputstream/testblockoutputstream, with Versioning false and Storage Type set to DISK and Encryption set to false 
2019-09-28 06:50:42,655 [Thread-2886] INFO  container.ReplicationManager (ReplicationManager.java:start(162)) - Starting Replication Monitor Thread.
2019-09-28 06:50:42,659 [ReplicationMonitor] INFO  container.ReplicationManager (ReplicationManager.java:run(225)) - Replication Monitor Thread took 1 milliseconds for processing 1 containers.
2019-09-28 06:50:44,853 [Thread-2891] INFO  impl.FollowerState (FollowerState.java:run(106)) - bb7a0018-9dff-480a-8fd9-59e58ac2575d:group-C9BB3F1CDFBF changes to CANDIDATE, lastRpcTime:5088, electionTimeout:5088ms
2019-09-28 06:50:44,853 [Thread-2891] INFO  impl.RoleInfo (RoleInfo.java:shutdownFollowerState(121)) - bb7a0018-9dff-480a-8fd9-59e58ac2575d: shutdown FollowerState
2019-09-28 06:50:44,853 [Thread-2891] INFO  impl.RaftServerImpl (RaftServerImpl.java:setRole(174)) - bb7a0018-9dff-480a-8fd9-59e58ac2575d@group-C9BB3F1CDFBF: changes role from  FOLLOWER to CANDIDATE at term 0 for changeToCandidate
2019-09-28 06:50:44,854 [Thread-2891] INFO  impl.RoleInfo (RoleInfo.java:updateAndGet(143)) - bb7a0018-9dff-480a-8fd9-59e58ac2575d: start LeaderElection
2019-09-28 06:50:44,862 [Thread-2888] INFO  impl.FollowerState (FollowerState.java:run(106)) - 1aedca0a-abf4-402e-a95f-5711575201c0:group-4D159CC19454 changes to CANDIDATE, lastRpcTime:5156, electionTimeout:5148ms
2019-09-28 06:50:44,865 [Thread-2888] INFO  impl.RoleInfo (RoleInfo.java:shutdownFollowerState(121)) - 1aedca0a-abf4-402e-a95f-5711575201c0: shutdown FollowerState
2019-09-28 06:50:44,865 [Thread-2888] INFO  impl.RaftServerImpl (RaftServerImpl.java:setRole(174)) - 1aedca0a-abf4-402e-a95f-5711575201c0@group-4D159CC19454: changes role from  FOLLOWER to CANDIDATE at term 0 for changeToCandidate
2019-09-28 06:50:44,865 [Thread-2888] INFO  impl.RoleInfo (RoleInfo.java:updateAndGet(143)) - 1aedca0a-abf4-402e-a95f-5711575201c0: start LeaderElection
2019-09-28 06:50:44,890 [bb7a0018-9dff-480a-8fd9-59e58ac2575d@group-C9BB3F1CDFBF:LeaderElection53] INFO  impl.LeaderElection (LeaderElection.java:askForVotes(182)) - bb7a0018-9dff-480a-8fd9-59e58ac2575d@group-C9BB3F1CDFBF:LeaderElection53: begin an election at term 1 for -1: [bb7a0018-9dff-480a-8fd9-59e58ac2575d:192.168.151.105:37928], old=null
2019-09-28 06:50:44,890 [bb7a0018-9dff-480a-8fd9-59e58ac2575d@group-C9BB3F1CDFBF:LeaderElection53] INFO  impl.RoleInfo (RoleInfo.java:shutdownLeaderElection(134)) - bb7a0018-9dff-480a-8fd9-59e58ac2575d: shutdown LeaderElection
2019-09-28 06:50:44,890 [bb7a0018-9dff-480a-8fd9-59e58ac2575d@group-C9BB3F1CDFBF:LeaderElection53] INFO  impl.RaftServerImpl (RaftServerImpl.java:setRole(174)) - bb7a0018-9dff-480a-8fd9-59e58ac2575d@group-C9BB3F1CDFBF: changes role from CANDIDATE to LEADER at term 1 for changeToLeader
2019-09-28 06:50:44,891 [bb7a0018-9dff-480a-8fd9-59e58ac2575d@group-C9BB3F1CDFBF:LeaderElection53] INFO  impl.RaftServerImpl (ServerState.java:setLeader(253)) - bb7a0018-9dff-480a-8fd9-59e58ac2575d@group-C9BB3F1CDFBF: change Leader from null to bb7a0018-9dff-480a-8fd9-59e58ac2575d at term 1 for becomeLeader, leader elected after 5133ms
2019-09-28 06:50:44,891 [bb7a0018-9dff-480a-8fd9-59e58ac2575d@group-C9BB3F1CDFBF:LeaderElection53] INFO  server.RaftServerConfigKeys (ConfUtils.java:logGet(43)) - raft.server.staging.catchup.gap = 1000 (default)
2019-09-28 06:50:44,891 [bb7a0018-9dff-480a-8fd9-59e58ac2575d@group-C9BB3F1CDFBF:LeaderElection53] INFO  server.RaftServerConfigKeys (ConfUtils.java:logGet(43)) - raft.server.rpc.sleep.time = 25ms (default)
2019-09-28 06:50:44,891 [bb7a0018-9dff-480a-8fd9-59e58ac2575d@group-C9BB3F1CDFBF:LeaderElection53] INFO  server.RaftServerConfigKeys (ConfUtils.java:logGet(43)) - raft.server.write.element-limit = 4096 (default)
2019-09-28 06:50:44,891 [bb7a0018-9dff-480a-8fd9-59e58ac2575d@group-C9BB3F1CDFBF:LeaderElection53] INFO  server.RaftServerConfigKeys (ConfUtils.java:logGet(43)) - raft.server.watch.timeout = 10s (default)
2019-09-28 06:50:44,892 [bb7a0018-9dff-480a-8fd9-59e58ac2575d@group-C9BB3F1CDFBF:LeaderElection53] INFO  server.RaftServerConfigKeys (ConfUtils.java:logGet(43)) - raft.server.watch.timeout.denomination = 1s (default)
2019-09-28 06:50:44,892 [bb7a0018-9dff-480a-8fd9-59e58ac2575d@group-C9BB3F1CDFBF:LeaderElection53] INFO  server.RaftServerConfigKeys (ConfUtils.java:logGet(43)) - raft.server.watch.element-limit = 65536 (default)
2019-09-28 06:50:44,894 [bb7a0018-9dff-480a-8fd9-59e58ac2575d@group-C9BB3F1CDFBF:LeaderElection53] INFO  impl.RoleInfo (RoleInfo.java:updateAndGet(143)) - bb7a0018-9dff-480a-8fd9-59e58ac2575d: start LeaderState
2019-09-28 06:50:44,895 [bb7a0018-9dff-480a-8fd9-59e58ac2575d@group-C9BB3F1CDFBF:LeaderElection53] INFO  segmented.SegmentedRaftLogWorker (SegmentedRaftLogWorker.java:startLogSegment(380)) - bb7a0018-9dff-480a-8fd9-59e58ac2575d@group-C9BB3F1CDFBF-SegmentedRaftLogWorker: Starting segment from index:0
2019-09-28 06:50:44,895 [bb7a0018-9dff-480a-8fd9-59e58ac2575d@group-C9BB3F1CDFBF:LeaderElection53] INFO  impl.RaftServerImpl (ServerState.java:setRaftConf(354)) - bb7a0018-9dff-480a-8fd9-59e58ac2575d@group-C9BB3F1CDFBF: set configuration 0: [bb7a0018-9dff-480a-8fd9-59e58ac2575d:192.168.151.105:37928], old=null at 0
2019-09-28 06:50:44,902 [1aedca0a-abf4-402e-a95f-5711575201c0@group-4D159CC19454:LeaderElection54] INFO  impl.LeaderElection (LeaderElection.java:askForVotes(182)) - 1aedca0a-abf4-402e-a95f-5711575201c0@group-4D159CC19454:LeaderElection54: begin an election at term 1 for -1: [1aedca0a-abf4-402e-a95f-5711575201c0:192.168.151.105:36668], old=null
2019-09-28 06:50:44,902 [1aedca0a-abf4-402e-a95f-5711575201c0@group-4D159CC19454:LeaderElection54] INFO  impl.RoleInfo (RoleInfo.java:shutdownLeaderElection(134)) - 1aedca0a-abf4-402e-a95f-5711575201c0: shutdown LeaderElection
2019-09-28 06:50:44,902 [1aedca0a-abf4-402e-a95f-5711575201c0@group-4D159CC19454:LeaderElection54] INFO  impl.RaftServerImpl (RaftServerImpl.java:setRole(174)) - 1aedca0a-abf4-402e-a95f-5711575201c0@group-4D159CC19454: changes role from CANDIDATE to LEADER at term 1 for changeToLeader
2019-09-28 06:50:44,902 [1aedca0a-abf4-402e-a95f-5711575201c0@group-4D159CC19454:LeaderElection54] INFO  impl.RaftServerImpl (ServerState.java:setLeader(253)) - 1aedca0a-abf4-402e-a95f-5711575201c0@group-4D159CC19454: change Leader from null to 1aedca0a-abf4-402e-a95f-5711575201c0 at term 1 for becomeLeader, leader elected after 5203ms
2019-09-28 06:50:44,902 [1aedca0a-abf4-402e-a95f-5711575201c0@group-4D159CC19454:LeaderElection54] INFO  server.RaftServerConfigKeys (ConfUtils.java:logGet(43)) - raft.server.staging.catchup.gap = 1000 (default)
2019-09-28 06:50:44,903 [1aedca0a-abf4-402e-a95f-5711575201c0@group-4D159CC19454:LeaderElection54] INFO  server.RaftServerConfigKeys (ConfUtils.java:logGet(43)) - raft.server.rpc.sleep.time = 25ms (default)
2019-09-28 06:50:44,903 [1aedca0a-abf4-402e-a95f-5711575201c0@group-4D159CC19454:LeaderElection54] INFO  server.RaftServerConfigKeys (ConfUtils.java:logGet(43)) - raft.server.write.element-limit = 4096 (default)
2019-09-28 06:50:44,903 [1aedca0a-abf4-402e-a95f-5711575201c0@group-4D159CC19454:LeaderElection54] INFO  server.RaftServerConfigKeys (ConfUtils.java:logGet(43)) - raft.server.watch.timeout = 10s (default)
2019-09-28 06:50:44,903 [1aedca0a-abf4-402e-a95f-5711575201c0@group-4D159CC19454:LeaderElection54] INFO  server.RaftServerConfigKeys (ConfUtils.java:logGet(43)) - raft.server.watch.timeout.denomination = 1s (default)
2019-09-28 06:50:44,903 [1aedca0a-abf4-402e-a95f-5711575201c0@group-4D159CC19454:LeaderElection54] INFO  server.RaftServerConfigKeys (ConfUtils.java:logGet(43)) - raft.server.watch.element-limit = 65536 (default)
2019-09-28 06:50:44,905 [1aedca0a-abf4-402e-a95f-5711575201c0@group-4D159CC19454:LeaderElection54] INFO  impl.RoleInfo (RoleInfo.java:updateAndGet(143)) - 1aedca0a-abf4-402e-a95f-5711575201c0: start LeaderState
2019-09-28 06:50:44,905 [1aedca0a-abf4-402e-a95f-5711575201c0@group-4D159CC19454:LeaderElection54] INFO  segmented.SegmentedRaftLogWorker (SegmentedRaftLogWorker.java:startLogSegment(380)) - 1aedca0a-abf4-402e-a95f-5711575201c0@group-4D159CC19454-SegmentedRaftLogWorker: Starting segment from index:0
2019-09-28 06:50:44,906 [1aedca0a-abf4-402e-a95f-5711575201c0@group-4D159CC19454:LeaderElection54] INFO  impl.RaftServerImpl (ServerState.java:setRaftConf(354)) - 1aedca0a-abf4-402e-a95f-5711575201c0@group-4D159CC19454: set configuration 0: [1aedca0a-abf4-402e-a95f-5711575201c0:192.168.151.105:36668], old=null at 0
2019-09-28 06:50:44,941 [Thread-2894] INFO  impl.FollowerState (FollowerState.java:run(106)) - 5b2524e0-1373-4ae9-bf84-76001f7e06e4:group-4F27612131D4 changes to CANDIDATE, lastRpcTime:5099, electionTimeout:5065ms
2019-09-28 06:50:44,942 [Thread-2894] INFO  impl.RoleInfo (RoleInfo.java:shutdownFollowerState(121)) - 5b2524e0-1373-4ae9-bf84-76001f7e06e4: shutdown FollowerState
2019-09-28 06:50:44,942 [Thread-2894] INFO  impl.RaftServerImpl (RaftServerImpl.java:setRole(174)) - 5b2524e0-1373-4ae9-bf84-76001f7e06e4@group-4F27612131D4: changes role from  FOLLOWER to CANDIDATE at term 0 for changeToCandidate
2019-09-28 06:50:44,942 [Thread-2894] INFO  impl.RoleInfo (RoleInfo.java:updateAndGet(143)) - 5b2524e0-1373-4ae9-bf84-76001f7e06e4: start LeaderElection
2019-09-28 06:50:44,954 [bb7a0018-9dff-480a-8fd9-59e58ac2575d@group-C9BB3F1CDFBF-SegmentedRaftLogWorker] INFO  segmented.SegmentedRaftLogWorker (SegmentedRaftLogWorker.java:execute(569)) - bb7a0018-9dff-480a-8fd9-59e58ac2575d@group-C9BB3F1CDFBF-SegmentedRaftLogWorker: created new log segment /workdir/hadoop-ozone/integration-test/target/test-dir/MiniOzoneClusterImpl-20dc5c4d-f858-40ba-b097-a7c1cdb8c191/datanode-1/data/ratis/4e0b9c29-7056-4806-aa95-c9bb3f1cdfbf/current/log_inprogress_0
2019-09-28 06:50:44,954 [1aedca0a-abf4-402e-a95f-5711575201c0@group-4D159CC19454-SegmentedRaftLogWorker] INFO  segmented.SegmentedRaftLogWorker (SegmentedRaftLogWorker.java:execute(569)) - 1aedca0a-abf4-402e-a95f-5711575201c0@group-4D159CC19454-SegmentedRaftLogWorker: created new log segment /workdir/hadoop-ozone/integration-test/target/test-dir/MiniOzoneClusterImpl-20dc5c4d-f858-40ba-b097-a7c1cdb8c191/datanode-0/data/ratis/01fd5a80-3c50-4567-8df5-4d159cc19454/current/log_inprogress_0
2019-09-28 06:50:44,954 [5b2524e0-1373-4ae9-bf84-76001f7e06e4@group-4F27612131D4:LeaderElection55] INFO  impl.LeaderElection (LeaderElection.java:askForVotes(182)) - 5b2524e0-1373-4ae9-bf84-76001f7e06e4@group-4F27612131D4:LeaderElection55: begin an election at term 1 for -1: [5b2524e0-1373-4ae9-bf84-76001f7e06e4:192.168.151.105:42084], old=null
2019-09-28 06:50:44,955 [5b2524e0-1373-4ae9-bf84-76001f7e06e4@group-4F27612131D4:LeaderElection55] INFO  impl.RoleInfo (RoleInfo.java:shutdownLeaderElection(134)) - 5b2524e0-1373-4ae9-bf84-76001f7e06e4: shutdown LeaderElection
2019-09-28 06:50:44,955 [5b2524e0-1373-4ae9-bf84-76001f7e06e4@group-4F27612131D4:LeaderElection55] INFO  impl.RaftServerImpl (RaftServerImpl.java:setRole(174)) - 5b2524e0-1373-4ae9-bf84-76001f7e06e4@group-4F27612131D4: changes role from CANDIDATE to LEADER at term 1 for changeToLeader
2019-09-28 06:50:44,955 [5b2524e0-1373-4ae9-bf84-76001f7e06e4@group-4F27612131D4:LeaderElection55] INFO  impl.RaftServerImpl (ServerState.java:setLeader(253)) - 5b2524e0-1373-4ae9-bf84-76001f7e06e4@group-4F27612131D4: change Leader from null to 5b2524e0-1373-4ae9-bf84-76001f7e06e4 at term 1 for becomeLeader, leader elected after 5119ms
2019-09-28 06:50:44,955 [5b2524e0-1373-4ae9-bf84-76001f7e06e4@group-4F27612131D4:LeaderElection55] INFO  server.RaftServerConfigKeys (ConfUtils.java:logGet(43)) - raft.server.staging.catchup.gap = 1000 (default)
2019-09-28 06:50:44,955 [5b2524e0-1373-4ae9-bf84-76001f7e06e4@group-4F27612131D4:LeaderElection55] INFO  server.RaftServerConfigKeys (ConfUtils.java:logGet(43)) - raft.server.rpc.sleep.time = 25ms (default)
2019-09-28 06:50:44,956 [5b2524e0-1373-4ae9-bf84-76001f7e06e4@group-4F27612131D4:LeaderElection55] INFO  server.RaftServerConfigKeys (ConfUtils.java:logGet(43)) - raft.server.write.element-limit = 4096 (default)
2019-09-28 06:50:44,956 [5b2524e0-1373-4ae9-bf84-76001f7e06e4@group-4F27612131D4:LeaderElection55] INFO  server.RaftServerConfigKeys (ConfUtils.java:logGet(43)) - raft.server.watch.timeout = 10s (default)
2019-09-28 06:50:44,956 [5b2524e0-1373-4ae9-bf84-76001f7e06e4@group-4F27612131D4:LeaderElection55] INFO  server.RaftServerConfigKeys (ConfUtils.java:logGet(43)) - raft.server.watch.timeout.denomination = 1s (default)
2019-09-28 06:50:44,956 [5b2524e0-1373-4ae9-bf84-76001f7e06e4@group-4F27612131D4:LeaderElection55] INFO  server.RaftServerConfigKeys (ConfUtils.java:logGet(43)) - raft.server.watch.element-limit = 65536 (default)
2019-09-28 06:50:44,958 [5b2524e0-1373-4ae9-bf84-76001f7e06e4@group-4F27612131D4:LeaderElection55] INFO  impl.RoleInfo (RoleInfo.java:updateAndGet(143)) - 5b2524e0-1373-4ae9-bf84-76001f7e06e4: start LeaderState
2019-09-28 06:50:44,958 [5b2524e0-1373-4ae9-bf84-76001f7e06e4@group-4F27612131D4:LeaderElection55] INFO  segmented.SegmentedRaftLogWorker (SegmentedRaftLogWorker.java:startLogSegment(380)) - 5b2524e0-1373-4ae9-bf84-76001f7e06e4@group-4F27612131D4-SegmentedRaftLogWorker: Starting segment from index:0
2019-09-28 06:50:44,959 [5b2524e0-1373-4ae9-bf84-76001f7e06e4@group-4F27612131D4:LeaderElection55] INFO  impl.RaftServerImpl (ServerState.java:setRaftConf(354)) - 5b2524e0-1373-4ae9-bf84-76001f7e06e4@group-4F27612131D4: set configuration 0: [5b2524e0-1373-4ae9-bf84-76001f7e06e4:192.168.151.105:42084], old=null at 0
2019-09-28 06:50:44,959 [Thread-2897] INFO  impl.FollowerState (FollowerState.java:run(106)) - bb7a0018-9dff-480a-8fd9-59e58ac2575d:group-1F4DB181918D changes to CANDIDATE, lastRpcTime:5062, electionTimeout:5048ms
2019-09-28 06:50:44,995 [Thread-2897] INFO  impl.RoleInfo (RoleInfo.java:shutdownFollowerState(121)) - bb7a0018-9dff-480a-8fd9-59e58ac2575d: shutdown FollowerState
2019-09-28 06:50:44,995 [Thread-2897] INFO  impl.RaftServerImpl (RaftServerImpl.java:setRole(174)) - bb7a0018-9dff-480a-8fd9-59e58ac2575d@group-1F4DB181918D: changes role from  FOLLOWER to CANDIDATE at term 0 for changeToCandidate
2019-09-28 06:50:44,996 [Thread-2897] INFO  impl.RoleInfo (RoleInfo.java:updateAndGet(143)) - bb7a0018-9dff-480a-8fd9-59e58ac2575d: start LeaderElection
2019-09-28 06:50:45,007 [5b2524e0-1373-4ae9-bf84-76001f7e06e4@group-4F27612131D4-SegmentedRaftLogWorker] INFO  segmented.SegmentedRaftLogWorker (SegmentedRaftLogWorker.java:execute(569)) - 5b2524e0-1373-4ae9-bf84-76001f7e06e4@group-4F27612131D4-SegmentedRaftLogWorker: created new log segment /workdir/hadoop-ozone/integration-test/target/test-dir/MiniOzoneClusterImpl-20dc5c4d-f858-40ba-b097-a7c1cdb8c191/datanode-2/data/ratis/344e26c1-ba50-436a-897f-4f27612131d4/current/log_inprogress_0
2019-09-28 06:50:45,007 [bb7a0018-9dff-480a-8fd9-59e58ac2575d@group-1F4DB181918D:LeaderElection56] INFO  impl.LeaderElection (LeaderElection.java:askForVotes(182)) - bb7a0018-9dff-480a-8fd9-59e58ac2575d@group-1F4DB181918D:LeaderElection56: begin an election at term 1 for -1: [1aedca0a-abf4-402e-a95f-5711575201c0:192.168.151.105:36668, 5b2524e0-1373-4ae9-bf84-76001f7e06e4:192.168.151.105:42084, bb7a0018-9dff-480a-8fd9-59e58ac2575d:192.168.151.105:37928], old=null
2019-09-28 06:50:45,012 [grpc-default-executor-9] INFO  impl.RaftServerImpl (RaftServerImpl.java:setRole(174)) - 5b2524e0-1373-4ae9-bf84-76001f7e06e4@group-1F4DB181918D: changes role from  FOLLOWER to FOLLOWER at term 1 for recognizeCandidate:bb7a0018-9dff-480a-8fd9-59e58ac2575d
2019-09-28 06:50:45,012 [grpc-default-executor-4] INFO  impl.RaftServerImpl (RaftServerImpl.java:setRole(174)) - 1aedca0a-abf4-402e-a95f-5711575201c0@group-1F4DB181918D: changes role from  FOLLOWER to FOLLOWER at term 1 for recognizeCandidate:bb7a0018-9dff-480a-8fd9-59e58ac2575d
2019-09-28 06:50:45,012 [grpc-default-executor-4] INFO  impl.RoleInfo (RoleInfo.java:shutdownFollowerState(121)) - 1aedca0a-abf4-402e-a95f-5711575201c0: shutdown FollowerState
2019-09-28 06:50:45,012 [grpc-default-executor-9] INFO  impl.RoleInfo (RoleInfo.java:shutdownFollowerState(121)) - 5b2524e0-1373-4ae9-bf84-76001f7e06e4: shutdown FollowerState
2019-09-28 06:50:45,013 [Thread-2901] INFO  impl.FollowerState (FollowerState.java:run(115)) - 1aedca0a-abf4-402e-a95f-5711575201c0: FollowerState was interrupted: java.lang.InterruptedException: sleep interrupted
2019-09-28 06:50:45,013 [grpc-default-executor-9] INFO  impl.RoleInfo (RoleInfo.java:updateAndGet(143)) - 5b2524e0-1373-4ae9-bf84-76001f7e06e4: start FollowerState
2019-09-28 06:50:45,012 [grpc-default-executor-4] INFO  impl.RoleInfo (RoleInfo.java:updateAndGet(143)) - 1aedca0a-abf4-402e-a95f-5711575201c0: start FollowerState
2019-09-28 06:50:45,016 [Thread-2902] INFO  impl.FollowerState (FollowerState.java:run(115)) - 5b2524e0-1373-4ae9-bf84-76001f7e06e4: FollowerState was interrupted: java.lang.InterruptedException: sleep interrupted
2019-09-28 06:50:45,034 [bb7a0018-9dff-480a-8fd9-59e58ac2575d@group-1F4DB181918D:LeaderElection56] INFO  impl.LeaderElection (LeaderElection.java:logAndReturn(56)) - bb7a0018-9dff-480a-8fd9-59e58ac2575d@group-1F4DB181918D:LeaderElection56: Election PASSED; received 1 response(s) [bb7a0018-9dff-480a-8fd9-59e58ac2575d<-5b2524e0-1373-4ae9-bf84-76001f7e06e4#0:OK-t1] and 0 exception(s); bb7a0018-9dff-480a-8fd9-59e58ac2575d@group-1F4DB181918D:t1, leader=null, voted=bb7a0018-9dff-480a-8fd9-59e58ac2575d, raftlog=bb7a0018-9dff-480a-8fd9-59e58ac2575d@group-1F4DB181918D-SegmentedRaftLog:OPENED:c-1,f-1,i0, conf=-1: [1aedca0a-abf4-402e-a95f-5711575201c0:192.168.151.105:36668, 5b2524e0-1373-4ae9-bf84-76001f7e06e4:192.168.151.105:42084, bb7a0018-9dff-480a-8fd9-59e58ac2575d:192.168.151.105:37928], old=null
2019-09-28 06:50:45,034 [bb7a0018-9dff-480a-8fd9-59e58ac2575d@group-1F4DB181918D:LeaderElection56] INFO  impl.RoleInfo (RoleInfo.java:shutdownLeaderElection(134)) - bb7a0018-9dff-480a-8fd9-59e58ac2575d: shutdown LeaderElection
2019-09-28 06:50:45,035 [bb7a0018-9dff-480a-8fd9-59e58ac2575d@group-1F4DB181918D:LeaderElection56] INFO  impl.RaftServerImpl (RaftServerImpl.java:setRole(174)) - bb7a0018-9dff-480a-8fd9-59e58ac2575d@group-1F4DB181918D: changes role from CANDIDATE to LEADER at term 1 for changeToLeader
2019-09-28 06:50:45,035 [bb7a0018-9dff-480a-8fd9-59e58ac2575d@group-1F4DB181918D:LeaderElection56] INFO  impl.RaftServerImpl (ServerState.java:setLeader(253)) - bb7a0018-9dff-480a-8fd9-59e58ac2575d@group-1F4DB181918D: change Leader from null to bb7a0018-9dff-480a-8fd9-59e58ac2575d at term 1 for becomeLeader, leader elected after 5144ms
2019-09-28 06:50:45,035 [bb7a0018-9dff-480a-8fd9-59e58ac2575d@group-1F4DB181918D:LeaderElection56] INFO  server.RaftServerConfigKeys (ConfUtils.java:logGet(43)) - raft.server.staging.catchup.gap = 1000 (default)
2019-09-28 06:50:45,035 [bb7a0018-9dff-480a-8fd9-59e58ac2575d@group-1F4DB181918D:LeaderElection56] INFO  server.RaftServerConfigKeys (ConfUtils.java:logGet(43)) - raft.server.rpc.sleep.time = 25ms (default)
2019-09-28 06:50:45,035 [bb7a0018-9dff-480a-8fd9-59e58ac2575d@group-1F4DB181918D:LeaderElection56] INFO  server.RaftServerConfigKeys (ConfUtils.java:logGet(43)) - raft.server.write.element-limit = 4096 (default)
2019-09-28 06:50:45,035 [bb7a0018-9dff-480a-8fd9-59e58ac2575d@group-1F4DB181918D:LeaderElection56] INFO  server.RaftServerConfigKeys (ConfUtils.java:logGet(43)) - raft.server.watch.timeout = 10s (default)
2019-09-28 06:50:45,035 [bb7a0018-9dff-480a-8fd9-59e58ac2575d@group-1F4DB181918D:LeaderElection56] INFO  server.RaftServerConfigKeys (ConfUtils.java:logGet(43)) - raft.server.watch.timeout.denomination = 1s (default)
2019-09-28 06:50:45,036 [bb7a0018-9dff-480a-8fd9-59e58ac2575d@group-1F4DB181918D:LeaderElection56] INFO  server.RaftServerConfigKeys (ConfUtils.java:logGet(43)) - raft.server.watch.element-limit = 65536 (default)
2019-09-28 06:50:45,038 [bb7a0018-9dff-480a-8fd9-59e58ac2575d@group-1F4DB181918D:LeaderElection56] INFO  server.RaftServerConfigKeys (ConfUtils.java:logGet(43)) - raft.server.log.appender.snapshot.chunk.size.max = 16MB (=16777216) (default)
2019-09-28 06:50:45,038 [bb7a0018-9dff-480a-8fd9-59e58ac2575d@group-1F4DB181918D:LeaderElection56] INFO  server.RaftServerConfigKeys (ConfUtils.java:logGet(43)) - raft.server.log.appender.buffer.byte-limit = 33554432 (custom)
2019-09-28 06:50:45,038 [bb7a0018-9dff-480a-8fd9-59e58ac2575d@group-1F4DB181918D:LeaderElection56] INFO  server.RaftServerConfigKeys (ConfUtils.java:logGet(43)) - raft.server.log.appender.buffer.element-limit = 1 (custom)
2019-09-28 06:50:45,039 [bb7a0018-9dff-480a-8fd9-59e58ac2575d@group-1F4DB181918D:LeaderElection56] INFO  grpc.GrpcConfigKeys$Server (ConfUtils.java:logGet(43)) - raft.grpc.server.leader.outstanding.appends.max = 128 (default)
2019-09-28 06:50:45,039 [bb7a0018-9dff-480a-8fd9-59e58ac2575d@group-1F4DB181918D:LeaderElection56] INFO  server.RaftServerConfigKeys (ConfUtils.java:logGet(43)) - raft.server.rpc.request.timeout = 3000ms (default)
2019-09-28 06:50:45,039 [bb7a0018-9dff-480a-8fd9-59e58ac2575d@group-1F4DB181918D:LeaderElection56] INFO  server.RaftServerConfigKeys (ConfUtils.java:logGet(43)) - raft.server.log.appender.install.snapshot.enabled = false (custom)
2019-09-28 06:50:45,039 [bb7a0018-9dff-480a-8fd9-59e58ac2575d@group-1F4DB181918D:LeaderElection56] INFO  server.RaftServerConfigKeys (ConfUtils.java:logGet(43)) - raft.server.log.appender.snapshot.chunk.size.max = 16MB (=16777216) (default)
2019-09-28 06:50:45,040 [bb7a0018-9dff-480a-8fd9-59e58ac2575d@group-1F4DB181918D:LeaderElection56] INFO  server.RaftServerConfigKeys (ConfUtils.java:logGet(43)) - raft.server.log.appender.buffer.byte-limit = 33554432 (custom)
2019-09-28 06:50:45,040 [bb7a0018-9dff-480a-8fd9-59e58ac2575d@group-1F4DB181918D:LeaderElection56] INFO  server.RaftServerConfigKeys (ConfUtils.java:logGet(43)) - raft.server.log.appender.buffer.element-limit = 1 (custom)
2019-09-28 06:50:45,040 [bb7a0018-9dff-480a-8fd9-59e58ac2575d@group-1F4DB181918D:LeaderElection56] INFO  grpc.GrpcConfigKeys$Server (ConfUtils.java:logGet(43)) - raft.grpc.server.leader.outstanding.appends.max = 128 (default)
2019-09-28 06:50:45,040 [bb7a0018-9dff-480a-8fd9-59e58ac2575d@group-1F4DB181918D:LeaderElection56] INFO  server.RaftServerConfigKeys (ConfUtils.java:logGet(43)) - raft.server.rpc.request.timeout = 3000ms (default)
2019-09-28 06:50:45,041 [bb7a0018-9dff-480a-8fd9-59e58ac2575d@group-1F4DB181918D:LeaderElection56] INFO  server.RaftServerConfigKeys (ConfUtils.java:logGet(43)) - raft.server.log.appender.install.snapshot.enabled = false (custom)
2019-09-28 06:50:45,041 [bb7a0018-9dff-480a-8fd9-59e58ac2575d@group-1F4DB181918D:LeaderElection56] INFO  impl.RoleInfo (RoleInfo.java:updateAndGet(143)) - bb7a0018-9dff-480a-8fd9-59e58ac2575d: start LeaderState
2019-09-28 06:50:45,041 [bb7a0018-9dff-480a-8fd9-59e58ac2575d@group-1F4DB181918D:LeaderElection56] INFO  segmented.SegmentedRaftLogWorker (SegmentedRaftLogWorker.java:startLogSegment(380)) - bb7a0018-9dff-480a-8fd9-59e58ac2575d@group-1F4DB181918D-SegmentedRaftLogWorker: Starting segment from index:0
2019-09-28 06:50:45,042 [bb7a0018-9dff-480a-8fd9-59e58ac2575d@group-1F4DB181918D:LeaderElection56] INFO  impl.RaftServerImpl (ServerState.java:setRaftConf(354)) - bb7a0018-9dff-480a-8fd9-59e58ac2575d@group-1F4DB181918D: set configuration 0: [1aedca0a-abf4-402e-a95f-5711575201c0:192.168.151.105:36668, 5b2524e0-1373-4ae9-bf84-76001f7e06e4:192.168.151.105:42084, bb7a0018-9dff-480a-8fd9-59e58ac2575d:192.168.151.105:37928], old=null at 0
2019-09-28 06:50:45,076 [grpc-default-executor-9] INFO  impl.RaftServerImpl (ServerState.java:setLeader(253)) - 5b2524e0-1373-4ae9-bf84-76001f7e06e4@group-1F4DB181918D: change Leader from null to bb7a0018-9dff-480a-8fd9-59e58ac2575d at term 1 for appendEntries, leader elected after 5186ms
2019-09-28 06:50:45,079 [grpc-default-executor-4] INFO  impl.RaftServerImpl (ServerState.java:setLeader(253)) - 1aedca0a-abf4-402e-a95f-5711575201c0@group-1F4DB181918D: change Leader from null to bb7a0018-9dff-480a-8fd9-59e58ac2575d at term 1 for appendEntries, leader elected after 5188ms
2019-09-28 06:50:45,097 [bb7a0018-9dff-480a-8fd9-59e58ac2575d@group-1F4DB181918D-SegmentedRaftLogWorker] INFO  segmented.SegmentedRaftLogWorker (SegmentedRaftLogWorker.java:execute(569)) - bb7a0018-9dff-480a-8fd9-59e58ac2575d@group-1F4DB181918D-SegmentedRaftLogWorker: created new log segment /workdir/hadoop-ozone/integration-test/target/test-dir/MiniOzoneClusterImpl-20dc5c4d-f858-40ba-b097-a7c1cdb8c191/datanode-1/data/ratis/7642af21-c421-404d-8d3a-1f4db181918d/current/log_inprogress_0
2019-09-28 06:50:45,102 [grpc-default-executor-9] INFO  impl.RaftServerImpl (ServerState.java:setRaftConf(354)) - 5b2524e0-1373-4ae9-bf84-76001f7e06e4@group-1F4DB181918D: set configuration 0: [1aedca0a-abf4-402e-a95f-5711575201c0:192.168.151.105:36668, 5b2524e0-1373-4ae9-bf84-76001f7e06e4:192.168.151.105:42084, bb7a0018-9dff-480a-8fd9-59e58ac2575d:192.168.151.105:37928], old=null at 0
2019-09-28 06:50:45,102 [grpc-default-executor-4] INFO  impl.RaftServerImpl (ServerState.java:setRaftConf(354)) - 1aedca0a-abf4-402e-a95f-5711575201c0@group-1F4DB181918D: set configuration 0: [1aedca0a-abf4-402e-a95f-5711575201c0:192.168.151.105:36668, 5b2524e0-1373-4ae9-bf84-76001f7e06e4:192.168.151.105:42084, bb7a0018-9dff-480a-8fd9-59e58ac2575d:192.168.151.105:37928], old=null at 0
2019-09-28 06:50:45,103 [grpc-default-executor-9] INFO  segmented.SegmentedRaftLogWorker (SegmentedRaftLogWorker.java:startLogSegment(380)) - 5b2524e0-1373-4ae9-bf84-76001f7e06e4@group-1F4DB181918D-SegmentedRaftLogWorker: Starting segment from index:0
2019-09-28 06:50:45,103 [grpc-default-executor-4] INFO  segmented.SegmentedRaftLogWorker (SegmentedRaftLogWorker.java:startLogSegment(380)) - 1aedca0a-abf4-402e-a95f-5711575201c0@group-1F4DB181918D-SegmentedRaftLogWorker: Starting segment from index:0
2019-09-28 06:50:45,157 [Thread-2906] INFO  impl.FollowerState (FollowerState.java:run(106)) - dea5c579-b378-47c6-bc7f-f894534e83b6:group-60F41555E79D changes to CANDIDATE, lastRpcTime:5140, electionTimeout:5140ms
2019-09-28 06:50:45,158 [Thread-2906] INFO  impl.RoleInfo (RoleInfo.java:shutdownFollowerState(121)) - dea5c579-b378-47c6-bc7f-f894534e83b6: shutdown FollowerState
2019-09-28 06:50:45,158 [Thread-2906] INFO  impl.RaftServerImpl (RaftServerImpl.java:setRole(174)) - dea5c579-b378-47c6-bc7f-f894534e83b6@group-60F41555E79D: changes role from  FOLLOWER to CANDIDATE at term 0 for changeToCandidate
2019-09-28 06:50:45,158 [Thread-2906] INFO  impl.RoleInfo (RoleInfo.java:updateAndGet(143)) - dea5c579-b378-47c6-bc7f-f894534e83b6: start LeaderElection
2019-09-28 06:50:45,158 [5b2524e0-1373-4ae9-bf84-76001f7e06e4@group-1F4DB181918D-SegmentedRaftLogWorker] INFO  segmented.SegmentedRaftLogWorker (SegmentedRaftLogWorker.java:execute(569)) - 5b2524e0-1373-4ae9-bf84-76001f7e06e4@group-1F4DB181918D-SegmentedRaftLogWorker: created new log segment /workdir/hadoop-ozone/integration-test/target/test-dir/MiniOzoneClusterImpl-20dc5c4d-f858-40ba-b097-a7c1cdb8c191/datanode-2/data/ratis/7642af21-c421-404d-8d3a-1f4db181918d/current/log_inprogress_0
2019-09-28 06:50:45,158 [1aedca0a-abf4-402e-a95f-5711575201c0@group-1F4DB181918D-SegmentedRaftLogWorker] INFO  segmented.SegmentedRaftLogWorker (SegmentedRaftLogWorker.java:execute(569)) - 1aedca0a-abf4-402e-a95f-5711575201c0@group-1F4DB181918D-SegmentedRaftLogWorker: created new log segment /workdir/hadoop-ozone/integration-test/target/test-dir/MiniOzoneClusterImpl-20dc5c4d-f858-40ba-b097-a7c1cdb8c191/datanode-0/data/ratis/7642af21-c421-404d-8d3a-1f4db181918d/current/log_inprogress_0
2019-09-28 06:50:45,175 [Thread-2909] INFO  impl.FollowerState (FollowerState.java:run(106)) - 9ab61eb8-0da8-412c-bec0-c0b2863e5c0c:group-AD4495CB3A0B changes to CANDIDATE, lastRpcTime:5113, electionTimeout:5113ms
2019-09-28 06:50:45,176 [Thread-2909] INFO  impl.RoleInfo (RoleInfo.java:shutdownFollowerState(121)) - 9ab61eb8-0da8-412c-bec0-c0b2863e5c0c: shutdown FollowerState
2019-09-28 06:50:45,176 [Thread-2909] INFO  impl.RaftServerImpl (RaftServerImpl.java:setRole(174)) - 9ab61eb8-0da8-412c-bec0-c0b2863e5c0c@group-AD4495CB3A0B: changes role from  FOLLOWER to CANDIDATE at term 0 for changeToCandidate
2019-09-28 06:50:45,176 [Thread-2909] INFO  impl.RoleInfo (RoleInfo.java:updateAndGet(143)) - 9ab61eb8-0da8-412c-bec0-c0b2863e5c0c: start LeaderElection
2019-09-28 06:50:45,179 [dea5c579-b378-47c6-bc7f-f894534e83b6@group-60F41555E79D:LeaderElection57] INFO  impl.LeaderElection (LeaderElection.java:askForVotes(182)) - dea5c579-b378-47c6-bc7f-f894534e83b6@group-60F41555E79D:LeaderElection57: begin an election at term 1 for -1: [dea5c579-b378-47c6-bc7f-f894534e83b6:192.168.151.105:34460], old=null
2019-09-28 06:50:45,182 [dea5c579-b378-47c6-bc7f-f894534e83b6@group-60F41555E79D:LeaderElection57] INFO  impl.RoleInfo (RoleInfo.java:shutdownLeaderElection(134)) - dea5c579-b378-47c6-bc7f-f894534e83b6: shutdown LeaderElection
2019-09-28 06:50:45,183 [dea5c579-b378-47c6-bc7f-f894534e83b6@group-60F41555E79D:LeaderElection57] INFO  impl.RaftServerImpl (RaftServerImpl.java:setRole(174)) - dea5c579-b378-47c6-bc7f-f894534e83b6@group-60F41555E79D: changes role from CANDIDATE to LEADER at term 1 for changeToLeader
2019-09-28 06:50:45,183 [dea5c579-b378-47c6-bc7f-f894534e83b6@group-60F41555E79D:LeaderElection57] INFO  impl.RaftServerImpl (ServerState.java:setLeader(253)) - dea5c579-b378-47c6-bc7f-f894534e83b6@group-60F41555E79D: change Leader from null to dea5c579-b378-47c6-bc7f-f894534e83b6 at term 1 for becomeLeader, leader elected after 5172ms
2019-09-28 06:50:45,183 [dea5c579-b378-47c6-bc7f-f894534e83b6@group-60F41555E79D:LeaderElection57] INFO  server.RaftServerConfigKeys (ConfUtils.java:logGet(43)) - raft.server.staging.catchup.gap = 1000 (default)
2019-09-28 06:50:45,183 [dea5c579-b378-47c6-bc7f-f894534e83b6@group-60F41555E79D:LeaderElection57] INFO  server.RaftServerConfigKeys (ConfUtils.java:logGet(43)) - raft.server.rpc.sleep.time = 25ms (default)
2019-09-28 06:50:45,183 [dea5c579-b378-47c6-bc7f-f894534e83b6@group-60F41555E79D:LeaderElection57] INFO  server.RaftServerConfigKeys (ConfUtils.java:logGet(43)) - raft.server.write.element-limit = 4096 (default)
2019-09-28 06:50:45,183 [dea5c579-b378-47c6-bc7f-f894534e83b6@group-60F41555E79D:LeaderElection57] INFO  server.RaftServerConfigKeys (ConfUtils.java:logGet(43)) - raft.server.watch.timeout = 10s (default)
2019-09-28 06:50:45,183 [dea5c579-b378-47c6-bc7f-f894534e83b6@group-60F41555E79D:LeaderElection57] INFO  server.RaftServerConfigKeys (ConfUtils.java:logGet(43)) - raft.server.watch.timeout.denomination = 1s (default)
2019-09-28 06:50:45,183 [dea5c579-b378-47c6-bc7f-f894534e83b6@group-60F41555E79D:LeaderElection57] INFO  server.RaftServerConfigKeys (ConfUtils.java:logGet(43)) - raft.server.watch.element-limit = 65536 (default)
2019-09-28 06:50:45,185 [dea5c579-b378-47c6-bc7f-f894534e83b6@group-60F41555E79D:LeaderElection57] INFO  impl.RoleInfo (RoleInfo.java:updateAndGet(143)) - dea5c579-b378-47c6-bc7f-f894534e83b6: start LeaderState
2019-09-28 06:50:45,185 [dea5c579-b378-47c6-bc7f-f894534e83b6@group-60F41555E79D:LeaderElection57] INFO  segmented.SegmentedRaftLogWorker (SegmentedRaftLogWorker.java:startLogSegment(380)) - dea5c579-b378-47c6-bc7f-f894534e83b6@group-60F41555E79D-SegmentedRaftLogWorker: Starting segment from index:0
2019-09-28 06:50:45,185 [dea5c579-b378-47c6-bc7f-f894534e83b6@group-60F41555E79D:LeaderElection57] INFO  impl.RaftServerImpl (ServerState.java:setRaftConf(354)) - dea5c579-b378-47c6-bc7f-f894534e83b6@group-60F41555E79D: set configuration 0: [dea5c579-b378-47c6-bc7f-f894534e83b6:192.168.151.105:34460], old=null at 0
2019-09-28 06:50:45,188 [Thread-2919] INFO  impl.FollowerState (FollowerState.java:run(106)) - 6ec37010-c9c3-47a1-9200-a5346984dcfb:group-24F6C351D8FB changes to CANDIDATE, lastRpcTime:5027, electionTimeout:5027ms
2019-09-28 06:50:45,188 [Thread-2919] INFO  impl.RoleInfo (RoleInfo.java:shutdownFollowerState(121)) - 6ec37010-c9c3-47a1-9200-a5346984dcfb: shutdown FollowerState
2019-09-28 06:50:45,189 [Thread-2919] INFO  impl.RaftServerImpl (RaftServerImpl.java:setRole(174)) - 6ec37010-c9c3-47a1-9200-a5346984dcfb@group-24F6C351D8FB: changes role from  FOLLOWER to CANDIDATE at term 0 for changeToCandidate
2019-09-28 06:50:45,189 [Thread-2919] INFO  impl.RoleInfo (RoleInfo.java:updateAndGet(143)) - 6ec37010-c9c3-47a1-9200-a5346984dcfb: start LeaderElection
2019-09-28 06:50:45,225 [9ab61eb8-0da8-412c-bec0-c0b2863e5c0c@group-AD4495CB3A0B:LeaderElection58] INFO  impl.LeaderElection (LeaderElection.java:askForVotes(182)) - 9ab61eb8-0da8-412c-bec0-c0b2863e5c0c@group-AD4495CB3A0B:LeaderElection58: begin an election at term 1 for -1: [9ab61eb8-0da8-412c-bec0-c0b2863e5c0c:192.168.151.105:37566], old=null
2019-09-28 06:50:45,228 [9ab61eb8-0da8-412c-bec0-c0b2863e5c0c@group-AD4495CB3A0B:LeaderElection58] INFO  impl.RoleInfo (RoleInfo.java:shutdownLeaderElection(134)) - 9ab61eb8-0da8-412c-bec0-c0b2863e5c0c: shutdown LeaderElection
2019-09-28 06:50:45,228 [9ab61eb8-0da8-412c-bec0-c0b2863e5c0c@group-AD4495CB3A0B:LeaderElection58] INFO  impl.RaftServerImpl (RaftServerImpl.java:setRole(174)) - 9ab61eb8-0da8-412c-bec0-c0b2863e5c0c@group-AD4495CB3A0B: changes role from CANDIDATE to LEADER at term 1 for changeToLeader
2019-09-28 06:50:45,228 [9ab61eb8-0da8-412c-bec0-c0b2863e5c0c@group-AD4495CB3A0B:LeaderElection58] INFO  impl.RaftServerImpl (ServerState.java:setLeader(253)) - 9ab61eb8-0da8-412c-bec0-c0b2863e5c0c@group-AD4495CB3A0B: change Leader from null to 9ab61eb8-0da8-412c-bec0-c0b2863e5c0c at term 1 for becomeLeader, leader elected after 5171ms
2019-09-28 06:50:45,228 [9ab61eb8-0da8-412c-bec0-c0b2863e5c0c@group-AD4495CB3A0B:LeaderElection58] INFO  server.RaftServerConfigKeys (ConfUtils.java:logGet(43)) - raft.server.staging.catchup.gap = 1000 (default)
2019-09-28 06:50:45,229 [9ab61eb8-0da8-412c-bec0-c0b2863e5c0c@group-AD4495CB3A0B:LeaderElection58] INFO  server.RaftServerConfigKeys (ConfUtils.java:logGet(43)) - raft.server.rpc.sleep.time = 25ms (default)
2019-09-28 06:50:45,229 [9ab61eb8-0da8-412c-bec0-c0b2863e5c0c@group-AD4495CB3A0B:LeaderElection58] INFO  server.RaftServerConfigKeys (ConfUtils.java:logGet(43)) - raft.server.write.element-limit = 4096 (default)
2019-09-28 06:50:45,229 [9ab61eb8-0da8-412c-bec0-c0b2863e5c0c@group-AD4495CB3A0B:LeaderElection58] INFO  server.RaftServerConfigKeys (ConfUtils.java:logGet(43)) - raft.server.watch.timeout = 10s (default)
2019-09-28 06:50:45,229 [9ab61eb8-0da8-412c-bec0-c0b2863e5c0c@group-AD4495CB3A0B:LeaderElection58] INFO  server.RaftServerConfigKeys (ConfUtils.java:logGet(43)) - raft.server.watch.timeout.denomination = 1s (default)
2019-09-28 06:50:45,229 [9ab61eb8-0da8-412c-bec0-c0b2863e5c0c@group-AD4495CB3A0B:LeaderElection58] INFO  server.RaftServerConfigKeys (ConfUtils.java:logGet(43)) - raft.server.watch.element-limit = 65536 (default)
2019-09-28 06:50:45,231 [9ab61eb8-0da8-412c-bec0-c0b2863e5c0c@group-AD4495CB3A0B:LeaderElection58] INFO  impl.RoleInfo (RoleInfo.java:updateAndGet(143)) - 9ab61eb8-0da8-412c-bec0-c0b2863e5c0c: start LeaderState
2019-09-28 06:50:45,231 [9ab61eb8-0da8-412c-bec0-c0b2863e5c0c@group-AD4495CB3A0B:LeaderElection58] INFO  segmented.SegmentedRaftLogWorker (SegmentedRaftLogWorker.java:startLogSegment(380)) - 9ab61eb8-0da8-412c-bec0-c0b2863e5c0c@group-AD4495CB3A0B-SegmentedRaftLogWorker: Starting segment from index:0
2019-09-28 06:50:45,231 [9ab61eb8-0da8-412c-bec0-c0b2863e5c0c@group-AD4495CB3A0B:LeaderElection58] INFO  impl.RaftServerImpl (ServerState.java:setRaftConf(354)) - 9ab61eb8-0da8-412c-bec0-c0b2863e5c0c@group-AD4495CB3A0B: set configuration 0: [9ab61eb8-0da8-412c-bec0-c0b2863e5c0c:192.168.151.105:37566], old=null at 0
2019-09-28 06:50:45,264 [Thread-2915] INFO  impl.FollowerState (FollowerState.java:run(106)) - 9ab61eb8-0da8-412c-bec0-c0b2863e5c0c:group-24F6C351D8FB changes to CANDIDATE, lastRpcTime:5106, electionTimeout:5089ms
2019-09-28 06:50:45,264 [Thread-2921] INFO  impl.FollowerState (FollowerState.java:run(106)) - dea5c579-b378-47c6-bc7f-f894534e83b6:group-24F6C351D8FB changes to CANDIDATE, lastRpcTime:5102, electionTimeout:5079ms
2019-09-28 06:50:45,265 [Thread-2915] INFO  impl.RoleInfo (RoleInfo.java:shutdownFollowerState(121)) - 9ab61eb8-0da8-412c-bec0-c0b2863e5c0c: shutdown FollowerState
2019-09-28 06:50:45,264 [dea5c579-b378-47c6-bc7f-f894534e83b6@group-60F41555E79D-SegmentedRaftLogWorker] INFO  segmented.SegmentedRaftLogWorker (SegmentedRaftLogWorker.java:execute(569)) - dea5c579-b378-47c6-bc7f-f894534e83b6@group-60F41555E79D-SegmentedRaftLogWorker: created new log segment /workdir/hadoop-ozone/integration-test/target/test-dir/MiniOzoneClusterImpl-20dc5c4d-f858-40ba-b097-a7c1cdb8c191/datanode-3/data/ratis/2750e59f-9a33-4570-8619-60f41555e79d/current/log_inprogress_0
2019-09-28 06:50:45,264 [Thread-2912] INFO  impl.FollowerState (FollowerState.java:run(106)) - 6ec37010-c9c3-47a1-9200-a5346984dcfb:group-B662D9BEDDFD changes to CANDIDATE, lastRpcTime:5158, electionTimeout:5132ms
2019-09-28 06:50:45,265 [Thread-2921] INFO  impl.RoleInfo (RoleInfo.java:shutdownFollowerState(121)) - dea5c579-b378-47c6-bc7f-f894534e83b6: shutdown FollowerState
2019-09-28 06:50:45,265 [Thread-2912] INFO  impl.RoleInfo (RoleInfo.java:shutdownFollowerState(121)) - 6ec37010-c9c3-47a1-9200-a5346984dcfb: shutdown FollowerState
2019-09-28 06:50:45,265 [Thread-2915] INFO  impl.RaftServerImpl (RaftServerImpl.java:setRole(174)) - 9ab61eb8-0da8-412c-bec0-c0b2863e5c0c@group-24F6C351D8FB: changes role from  FOLLOWER to CANDIDATE at term 0 for changeToCandidate
2019-09-28 06:50:45,265 [6ec37010-c9c3-47a1-9200-a5346984dcfb@group-24F6C351D8FB:LeaderElection59] INFO  impl.LeaderElection (LeaderElection.java:askForVotes(182)) - 6ec37010-c9c3-47a1-9200-a5346984dcfb@group-24F6C351D8FB:LeaderElection59: begin an election at term 1 for -1: [6ec37010-c9c3-47a1-9200-a5346984dcfb:192.168.151.105:35921, dea5c579-b378-47c6-bc7f-f894534e83b6:192.168.151.105:34460, 9ab61eb8-0da8-412c-bec0-c0b2863e5c0c:192.168.151.105:37566], old=null
2019-09-28 06:50:45,266 [Thread-2915] INFO  impl.RoleInfo (RoleInfo.java:updateAndGet(143)) - 9ab61eb8-0da8-412c-bec0-c0b2863e5c0c: start LeaderElection
2019-09-28 06:50:45,265 [Thread-2912] INFO  impl.RaftServerImpl (RaftServerImpl.java:setRole(174)) - 6ec37010-c9c3-47a1-9200-a5346984dcfb@group-B662D9BEDDFD: changes role from  FOLLOWER to CANDIDATE at term 0 for changeToCandidate
2019-09-28 06:50:45,265 [Thread-2921] INFO  impl.RaftServerImpl (RaftServerImpl.java:setRole(174)) - dea5c579-b378-47c6-bc7f-f894534e83b6@group-24F6C351D8FB: changes role from  FOLLOWER to CANDIDATE at term 0 for changeToCandidate
2019-09-28 06:50:45,269 [Thread-2912] INFO  impl.RoleInfo (RoleInfo.java:updateAndGet(143)) - 6ec37010-c9c3-47a1-9200-a5346984dcfb: start LeaderElection
2019-09-28 06:50:45,269 [Thread-2921] INFO  impl.RoleInfo (RoleInfo.java:updateAndGet(143)) - dea5c579-b378-47c6-bc7f-f894534e83b6: start LeaderElection
2019-09-28 06:50:45,279 [9ab61eb8-0da8-412c-bec0-c0b2863e5c0c@group-AD4495CB3A0B-SegmentedRaftLogWorker] INFO  segmented.SegmentedRaftLogWorker (SegmentedRaftLogWorker.java:execute(569)) - 9ab61eb8-0da8-412c-bec0-c0b2863e5c0c@group-AD4495CB3A0B-SegmentedRaftLogWorker: created new log segment /workdir/hadoop-ozone/integration-test/target/test-dir/MiniOzoneClusterImpl-20dc5c4d-f858-40ba-b097-a7c1cdb8c191/datanode-4/data/ratis/bc1b9533-c748-428a-9b75-ad4495cb3a0b/current/log_inprogress_0
2019-09-28 06:50:45,295 [dea5c579-b378-47c6-bc7f-f894534e83b6@group-24F6C351D8FB:LeaderElection62] INFO  impl.LeaderElection (LeaderElection.java:askForVotes(182)) - dea5c579-b378-47c6-bc7f-f894534e83b6@group-24F6C351D8FB:LeaderElection62: begin an election at term 1 for -1: [6ec37010-c9c3-47a1-9200-a5346984dcfb:192.168.151.105:35921, dea5c579-b378-47c6-bc7f-f894534e83b6:192.168.151.105:34460, 9ab61eb8-0da8-412c-bec0-c0b2863e5c0c:192.168.151.105:37566], old=null
2019-09-28 06:50:45,295 [9ab61eb8-0da8-412c-bec0-c0b2863e5c0c@group-24F6C351D8FB:LeaderElection60] INFO  impl.LeaderElection (LeaderElection.java:askForVotes(182)) - 9ab61eb8-0da8-412c-bec0-c0b2863e5c0c@group-24F6C351D8FB:LeaderElection60: begin an election at term 1 for -1: [6ec37010-c9c3-47a1-9200-a5346984dcfb:192.168.151.105:35921, dea5c579-b378-47c6-bc7f-f894534e83b6:192.168.151.105:34460, 9ab61eb8-0da8-412c-bec0-c0b2863e5c0c:192.168.151.105:37566], old=null
2019-09-28 06:50:45,295 [6ec37010-c9c3-47a1-9200-a5346984dcfb@group-B662D9BEDDFD:LeaderElection61] INFO  impl.LeaderElection (LeaderElection.java:askForVotes(182)) - 6ec37010-c9c3-47a1-9200-a5346984dcfb@group-B662D9BEDDFD:LeaderElection61: begin an election at term 1 for -1: [6ec37010-c9c3-47a1-9200-a5346984dcfb:192.168.151.105:35921], old=null
2019-09-28 06:50:45,298 [6ec37010-c9c3-47a1-9200-a5346984dcfb@group-B662D9BEDDFD:LeaderElection61] INFO  impl.RoleInfo (RoleInfo.java:shutdownLeaderElection(134)) - 6ec37010-c9c3-47a1-9200-a5346984dcfb: shutdown LeaderElection
2019-09-28 06:50:45,299 [6ec37010-c9c3-47a1-9200-a5346984dcfb@group-B662D9BEDDFD:LeaderElection61] INFO  impl.RaftServerImpl (RaftServerImpl.java:setRole(174)) - 6ec37010-c9c3-47a1-9200-a5346984dcfb@group-B662D9BEDDFD: changes role from CANDIDATE to LEADER at term 1 for changeToLeader
2019-09-28 06:50:45,299 [6ec37010-c9c3-47a1-9200-a5346984dcfb@group-B662D9BEDDFD:LeaderElection61] INFO  impl.RaftServerImpl (ServerState.java:setLeader(253)) - 6ec37010-c9c3-47a1-9200-a5346984dcfb@group-B662D9BEDDFD: change Leader from null to 6ec37010-c9c3-47a1-9200-a5346984dcfb at term 1 for becomeLeader, leader elected after 5199ms
2019-09-28 06:50:45,299 [6ec37010-c9c3-47a1-9200-a5346984dcfb@group-B662D9BEDDFD:LeaderElection61] INFO  server.RaftServerConfigKeys (ConfUtils.java:logGet(43)) - raft.server.staging.catchup.gap = 1000 (default)
2019-09-28 06:50:45,299 [6ec37010-c9c3-47a1-9200-a5346984dcfb@group-24F6C351D8FB:LeaderElection59] INFO  impl.LeaderElection (LeaderElection.java:logAndReturn(56)) - 6ec37010-c9c3-47a1-9200-a5346984dcfb@group-24F6C351D8FB:LeaderElection59: Election REJECTED; received 2 response(s) [6ec37010-c9c3-47a1-9200-a5346984dcfb<-9ab61eb8-0da8-412c-bec0-c0b2863e5c0c#0:FAIL-t1, 6ec37010-c9c3-47a1-9200-a5346984dcfb<-dea5c579-b378-47c6-bc7f-f894534e83b6#0:FAIL-t1] and 0 exception(s); 6ec37010-c9c3-47a1-9200-a5346984dcfb@group-24F6C351D8FB:t1, leader=null, voted=6ec37010-c9c3-47a1-9200-a5346984dcfb, raftlog=6ec37010-c9c3-47a1-9200-a5346984dcfb@group-24F6C351D8FB-SegmentedRaftLog:OPENED:c-1,f-1,i0, conf=-1: [6ec37010-c9c3-47a1-9200-a5346984dcfb:192.168.151.105:35921, dea5c579-b378-47c6-bc7f-f894534e83b6:192.168.151.105:34460, 9ab61eb8-0da8-412c-bec0-c0b2863e5c0c:192.168.151.105:37566], old=null
2019-09-28 06:50:45,299 [6ec37010-c9c3-47a1-9200-a5346984dcfb@group-B662D9BEDDFD:LeaderElection61] INFO  server.RaftServerConfigKeys (ConfUtils.java:logGet(43)) - raft.server.rpc.sleep.time = 25ms (default)
2019-09-28 06:50:45,299 [6ec37010-c9c3-47a1-9200-a5346984dcfb@group-24F6C351D8FB:LeaderElection59] INFO  impl.RaftServerImpl (RaftServerImpl.java:setRole(174)) - 6ec37010-c9c3-47a1-9200-a5346984dcfb@group-24F6C351D8FB: changes role from CANDIDATE to FOLLOWER at term 1 for DISCOVERED_A_NEW_TERM
2019-09-28 06:50:45,299 [6ec37010-c9c3-47a1-9200-a5346984dcfb@group-B662D9BEDDFD:LeaderElection61] INFO  server.RaftServerConfigKeys (ConfUtils.java:logGet(43)) - raft.server.write.element-limit = 4096 (default)
2019-09-28 06:50:45,302 [6ec37010-c9c3-47a1-9200-a5346984dcfb@group-24F6C351D8FB:LeaderElection59] INFO  impl.RoleInfo (RoleInfo.java:shutdownLeaderElection(134)) - 6ec37010-c9c3-47a1-9200-a5346984dcfb: shutdown LeaderElection
2019-09-28 06:50:45,303 [6ec37010-c9c3-47a1-9200-a5346984dcfb@group-B662D9BEDDFD:LeaderElection61] INFO  server.RaftServerConfigKeys (ConfUtils.java:logGet(43)) - raft.server.watch.timeout = 10s (default)
2019-09-28 06:50:45,303 [6ec37010-c9c3-47a1-9200-a5346984dcfb@group-24F6C351D8FB:LeaderElection59] INFO  impl.RoleInfo (RoleInfo.java:updateAndGet(143)) - 6ec37010-c9c3-47a1-9200-a5346984dcfb: start FollowerState
2019-09-28 06:50:45,303 [6ec37010-c9c3-47a1-9200-a5346984dcfb@group-B662D9BEDDFD:LeaderElection61] INFO  server.RaftServerConfigKeys (ConfUtils.java:logGet(43)) - raft.server.watch.timeout.denomination = 1s (default)
2019-09-28 06:50:45,303 [6ec37010-c9c3-47a1-9200-a5346984dcfb@group-B662D9BEDDFD:LeaderElection61] INFO  server.RaftServerConfigKeys (ConfUtils.java:logGet(43)) - raft.server.watch.element-limit = 65536 (default)
2019-09-28 06:50:45,317 [6ec37010-c9c3-47a1-9200-a5346984dcfb@group-B662D9BEDDFD:LeaderElection61] INFO  impl.RoleInfo (RoleInfo.java:updateAndGet(143)) - 6ec37010-c9c3-47a1-9200-a5346984dcfb: start LeaderState
2019-09-28 06:50:45,317 [6ec37010-c9c3-47a1-9200-a5346984dcfb@group-B662D9BEDDFD:LeaderElection61] INFO  segmented.SegmentedRaftLogWorker (SegmentedRaftLogWorker.java:startLogSegment(380)) - 6ec37010-c9c3-47a1-9200-a5346984dcfb@group-B662D9BEDDFD-SegmentedRaftLogWorker: Starting segment from index:0
2019-09-28 06:50:45,318 [6ec37010-c9c3-47a1-9200-a5346984dcfb@group-B662D9BEDDFD:LeaderElection61] INFO  impl.RaftServerImpl (ServerState.java:setRaftConf(354)) - 6ec37010-c9c3-47a1-9200-a5346984dcfb@group-B662D9BEDDFD: set configuration 0: [6ec37010-c9c3-47a1-9200-a5346984dcfb:192.168.151.105:35921], old=null at 0
2019-09-28 06:50:45,352 [dea5c579-b378-47c6-bc7f-f894534e83b6@group-24F6C351D8FB:LeaderElection62] INFO  impl.LeaderElection (LeaderElection.java:logAndReturn(56)) - dea5c579-b378-47c6-bc7f-f894534e83b6@group-24F6C351D8FB:LeaderElection62: Election REJECTED; received 2 response(s) [dea5c579-b378-47c6-bc7f-f894534e83b6<-6ec37010-c9c3-47a1-9200-a5346984dcfb#0:FAIL-t1, dea5c579-b378-47c6-bc7f-f894534e83b6<-9ab61eb8-0da8-412c-bec0-c0b2863e5c0c#0:FAIL-t1] and 0 exception(s); dea5c579-b378-47c6-bc7f-f894534e83b6@group-24F6C351D8FB:t1, leader=null, voted=dea5c579-b378-47c6-bc7f-f894534e83b6, raftlog=dea5c579-b378-47c6-bc7f-f894534e83b6@group-24F6C351D8FB-SegmentedRaftLog:OPENED:c-1,f-1,i0, conf=-1: [6ec37010-c9c3-47a1-9200-a5346984dcfb:192.168.151.105:35921, dea5c579-b378-47c6-bc7f-f894534e83b6:192.168.151.105:34460, 9ab61eb8-0da8-412c-bec0-c0b2863e5c0c:192.168.151.105:37566], old=null
2019-09-28 06:50:45,353 [dea5c579-b378-47c6-bc7f-f894534e83b6@group-24F6C351D8FB:LeaderElection62] INFO  impl.RaftServerImpl (RaftServerImpl.java:setRole(174)) - dea5c579-b378-47c6-bc7f-f894534e83b6@group-24F6C351D8FB: changes role from CANDIDATE to FOLLOWER at term 1 for DISCOVERED_A_NEW_TERM
2019-09-28 06:50:45,353 [dea5c579-b378-47c6-bc7f-f894534e83b6@group-24F6C351D8FB:LeaderElection62] INFO  impl.RoleInfo (RoleInfo.java:shutdownLeaderElection(134)) - dea5c579-b378-47c6-bc7f-f894534e83b6: shutdown LeaderElection
2019-09-28 06:50:45,353 [9ab61eb8-0da8-412c-bec0-c0b2863e5c0c@group-24F6C351D8FB:LeaderElection60] INFO  impl.LeaderElection (LeaderElection.java:logAndReturn(56)) - 9ab61eb8-0da8-412c-bec0-c0b2863e5c0c@group-24F6C351D8FB:LeaderElection60: Election REJECTED; received 2 response(s) [9ab61eb8-0da8-412c-bec0-c0b2863e5c0c<-6ec37010-c9c3-47a1-9200-a5346984dcfb#0:FAIL-t1, 9ab61eb8-0da8-412c-bec0-c0b2863e5c0c<-dea5c579-b378-47c6-bc7f-f894534e83b6#0:FAIL-t1] and 0 exception(s); 9ab61eb8-0da8-412c-bec0-c0b2863e5c0c@group-24F6C351D8FB:t1, leader=null, voted=9ab61eb8-0da8-412c-bec0-c0b2863e5c0c, raftlog=9ab61eb8-0da8-412c-bec0-c0b2863e5c0c@group-24F6C351D8FB-SegmentedRaftLog:OPENED:c-1,f-1,i0, conf=-1: [6ec37010-c9c3-47a1-9200-a5346984dcfb:192.168.151.105:35921, dea5c579-b378-47c6-bc7f-f894534e83b6:192.168.151.105:34460, 9ab61eb8-0da8-412c-bec0-c0b2863e5c0c:192.168.151.105:37566], old=null
2019-09-28 06:50:45,356 [dea5c579-b378-47c6-bc7f-f894534e83b6@group-24F6C351D8FB:LeaderElection62] INFO  impl.RoleInfo (RoleInfo.java:updateAndGet(143)) - dea5c579-b378-47c6-bc7f-f894534e83b6: start FollowerState
2019-09-28 06:50:45,356 [9ab61eb8-0da8-412c-bec0-c0b2863e5c0c@group-24F6C351D8FB:LeaderElection60] INFO  impl.RaftServerImpl (RaftServerImpl.java:setRole(174)) - 9ab61eb8-0da8-412c-bec0-c0b2863e5c0c@group-24F6C351D8FB: changes role from CANDIDATE to FOLLOWER at term 1 for DISCOVERED_A_NEW_TERM
2019-09-28 06:50:45,359 [9ab61eb8-0da8-412c-bec0-c0b2863e5c0c@group-24F6C351D8FB:LeaderElection60] INFO  impl.RoleInfo (RoleInfo.java:shutdownLeaderElection(134)) - 9ab61eb8-0da8-412c-bec0-c0b2863e5c0c: shutdown LeaderElection
2019-09-28 06:50:45,359 [9ab61eb8-0da8-412c-bec0-c0b2863e5c0c@group-24F6C351D8FB:LeaderElection60] INFO  impl.RoleInfo (RoleInfo.java:updateAndGet(143)) - 9ab61eb8-0da8-412c-bec0-c0b2863e5c0c: start FollowerState
2019-09-28 06:50:45,371 [6ec37010-c9c3-47a1-9200-a5346984dcfb@group-B662D9BEDDFD-SegmentedRaftLogWorker] INFO  segmented.SegmentedRaftLogWorker (SegmentedRaftLogWorker.java:execute(569)) - 6ec37010-c9c3-47a1-9200-a5346984dcfb@group-B662D9BEDDFD-SegmentedRaftLogWorker: created new log segment /workdir/hadoop-ozone/integration-test/target/test-dir/MiniOzoneClusterImpl-20dc5c4d-f858-40ba-b097-a7c1cdb8c191/datanode-5/data/ratis/45ab4bcc-2083-402a-a00f-b662d9beddfd/current/log_inprogress_0
2019-09-28 06:50:46,694 [main] WARN  scm.XceiverClientRatis (XceiverClientRatis.java:watchForCommit(292)) - 3 way commit failed on pipeline Pipeline[ Id: 7642af21-c421-404d-8d3a-1f4db181918d, Nodes: 1aedca0a-abf4-402e-a95f-5711575201c0{ip: 192.168.151.105, host: pr-hdds-2202-m9h6s-3487434564, networkLocation: /default-rack, certSerialId: null}5b2524e0-1373-4ae9-bf84-76001f7e06e4{ip: 192.168.151.105, host: pr-hdds-2202-m9h6s-3487434564, networkLocation: /default-rack, certSerialId: null}bb7a0018-9dff-480a-8fd9-59e58ac2575d{ip: 192.168.151.105, host: pr-hdds-2202-m9h6s-3487434564, networkLocation: /default-rack, certSerialId: null}, Type:RATIS, Factor:THREE, State:OPEN]
java.util.concurrent.TimeoutException
	at java.util.concurrent.CompletableFuture.timedGet(CompletableFuture.java:1771)
	at java.util.concurrent.CompletableFuture.get(CompletableFuture.java:1915)
	at org.apache.hadoop.hdds.scm.XceiverClientRatis.watchForCommit(XceiverClientRatis.java:289)
	at org.apache.hadoop.hdds.scm.storage.CommitWatcher.watchForCommit(CommitWatcher.java:194)
	at org.apache.hadoop.hdds.scm.storage.CommitWatcher.watchOnLastIndex(CommitWatcher.java:157)
	at org.apache.hadoop.hdds.scm.storage.BlockOutputStream.watchForCommit(BlockOutputStream.java:347)
	at org.apache.hadoop.hdds.scm.storage.BlockOutputStream.handleFlush(BlockOutputStream.java:479)
	at org.apache.hadoop.hdds.scm.storage.BlockOutputStream.flush(BlockOutputStream.java:428)
	at org.apache.hadoop.ozone.client.io.BlockOutputStreamEntry.flush(BlockOutputStreamEntry.java:136)
	at org.apache.hadoop.ozone.client.io.KeyOutputStream.handleFlushOrClose(KeyOutputStream.java:443)
	at org.apache.hadoop.ozone.client.io.KeyOutputStream.flush(KeyOutputStream.java:397)
	at org.apache.hadoop.ozone.client.io.OzoneOutputStream.flush(OzoneOutputStream.java:54)
	at org.apache.hadoop.ozone.client.rpc.TestBlockOutputStreamWithFailures.testWatchForCommitDatanodeFailure(TestBlockOutputStreamWithFailures.java:330)
	at sun.reflect.NativeMethodAccessorImpl.invoke0(Native Method)
	at sun.reflect.NativeMethodAccessorImpl.invoke(NativeMethodAccessorImpl.java:62)
	at sun.reflect.DelegatingMethodAccessorImpl.invoke(DelegatingMethodAccessorImpl.java:43)
	at java.lang.reflect.Method.invoke(Method.java:498)
	at org.junit.runners.model.FrameworkMethod$1.runReflectiveCall(FrameworkMethod.java:47)
	at org.junit.internal.runners.model.ReflectiveCallable.run(ReflectiveCallable.java:12)
	at org.junit.runners.model.FrameworkMethod.invokeExplosively(FrameworkMethod.java:44)
	at org.junit.internal.runners.statements.InvokeMethod.evaluate(InvokeMethod.java:17)
	at org.junit.internal.runners.statements.RunBefores.evaluate(RunBefores.java:26)
	at org.junit.internal.runners.statements.RunAfters.evaluate(RunAfters.java:27)
	at org.junit.runners.ParentRunner.runLeaf(ParentRunner.java:271)
	at org.junit.runners.BlockJUnit4ClassRunner.runChild(BlockJUnit4ClassRunner.java:70)
	at org.junit.runners.BlockJUnit4ClassRunner.runChild(BlockJUnit4ClassRunner.java:50)
	at org.junit.runners.ParentRunner$3.run(ParentRunner.java:238)
	at org.junit.runners.ParentRunner$1.schedule(ParentRunner.java:63)
	at org.junit.runners.ParentRunner.runChildren(ParentRunner.java:236)
	at org.junit.runners.ParentRunner.access$000(ParentRunner.java:53)
	at org.junit.runners.ParentRunner$2.evaluate(ParentRunner.java:229)
	at org.junit.runners.ParentRunner.run(ParentRunner.java:309)
	at org.apache.maven.surefire.junit4.JUnit4Provider.execute(JUnit4Provider.java:365)
	at org.apache.maven.surefire.junit4.JUnit4Provider.executeWithRerun(JUnit4Provider.java:273)
	at org.apache.maven.surefire.junit4.JUnit4Provider.executeTestSet(JUnit4Provider.java:238)
	at org.apache.maven.surefire.junit4.JUnit4Provider.invoke(JUnit4Provider.java:159)
	at org.apache.maven.surefire.booter.ForkedBooter.invokeProviderInSameClassLoader(ForkedBooter.java:384)
	at org.apache.maven.surefire.booter.ForkedBooter.runSuitesInProcess(ForkedBooter.java:345)
	at org.apache.maven.surefire.booter.ForkedBooter.execute(ForkedBooter.java:126)
	at org.apache.maven.surefire.booter.ForkedBooter.main(ForkedBooter.java:418)
2019-09-28 06:50:47,699 [main] WARN  storage.CommitWatcher (CommitWatcher.java:watchForCommit(203)) - watchForCommit failed for index 14
java.util.concurrent.TimeoutException
	at java.util.concurrent.CompletableFuture.timedGet(CompletableFuture.java:1771)
	at java.util.concurrent.CompletableFuture.get(CompletableFuture.java:1915)
	at org.apache.hadoop.hdds.scm.XceiverClientRatis.watchForCommit(XceiverClientRatis.java:298)
	at org.apache.hadoop.hdds.scm.storage.CommitWatcher.watchForCommit(CommitWatcher.java:194)
	at org.apache.hadoop.hdds.scm.storage.CommitWatcher.watchOnLastIndex(CommitWatcher.java:157)
	at org.apache.hadoop.hdds.scm.storage.BlockOutputStream.watchForCommit(BlockOutputStream.java:347)
	at org.apache.hadoop.hdds.scm.storage.BlockOutputStream.handleFlush(BlockOutputStream.java:479)
	at org.apache.hadoop.hdds.scm.storage.BlockOutputStream.flush(BlockOutputStream.java:428)
	at org.apache.hadoop.ozone.client.io.BlockOutputStreamEntry.flush(BlockOutputStreamEntry.java:136)
	at org.apache.hadoop.ozone.client.io.KeyOutputStream.handleFlushOrClose(KeyOutputStream.java:443)
	at org.apache.hadoop.ozone.client.io.KeyOutputStream.flush(KeyOutputStream.java:397)
	at org.apache.hadoop.ozone.client.io.OzoneOutputStream.flush(OzoneOutputStream.java:54)
	at org.apache.hadoop.ozone.client.rpc.TestBlockOutputStreamWithFailures.testWatchForCommitDatanodeFailure(TestBlockOutputStreamWithFailures.java:330)
	at sun.reflect.NativeMethodAccessorImpl.invoke0(Native Method)
	at sun.reflect.NativeMethodAccessorImpl.invoke(NativeMethodAccessorImpl.java:62)
	at sun.reflect.DelegatingMethodAccessorImpl.invoke(DelegatingMethodAccessorImpl.java:43)
	at java.lang.reflect.Method.invoke(Method.java:498)
	at org.junit.runners.model.FrameworkMethod$1.runReflectiveCall(FrameworkMethod.java:47)
	at org.junit.internal.runners.model.ReflectiveCallable.run(ReflectiveCallable.java:12)
	at org.junit.runners.model.FrameworkMethod.invokeExplosively(FrameworkMethod.java:44)
	at org.junit.internal.runners.statements.InvokeMethod.evaluate(InvokeMethod.java:17)
	at org.junit.internal.runners.statements.RunBefores.evaluate(RunBefores.java:26)
	at org.junit.internal.runners.statements.RunAfters.evaluate(RunAfters.java:27)
	at org.junit.runners.ParentRunner.runLeaf(ParentRunner.java:271)
	at org.junit.runners.BlockJUnit4ClassRunner.runChild(BlockJUnit4ClassRunner.java:70)
	at org.junit.runners.BlockJUnit4ClassRunner.runChild(BlockJUnit4ClassRunner.java:50)
	at org.junit.runners.ParentRunner$3.run(ParentRunner.java:238)
	at org.junit.runners.ParentRunner$1.schedule(ParentRunner.java:63)
	at org.junit.runners.ParentRunner.runChildren(ParentRunner.java:236)
	at org.junit.runners.ParentRunner.access$000(ParentRunner.java:53)
	at org.junit.runners.ParentRunner$2.evaluate(ParentRunner.java:229)
	at org.junit.runners.ParentRunner.run(ParentRunner.java:309)
	at org.apache.maven.surefire.junit4.JUnit4Provider.execute(JUnit4Provider.java:365)
	at org.apache.maven.surefire.junit4.JUnit4Provider.executeWithRerun(JUnit4Provider.java:273)
	at org.apache.maven.surefire.junit4.JUnit4Provider.executeTestSet(JUnit4Provider.java:238)
	at org.apache.maven.surefire.junit4.JUnit4Provider.invoke(JUnit4Provider.java:159)
	at org.apache.maven.surefire.booter.ForkedBooter.invokeProviderInSameClassLoader(ForkedBooter.java:384)
	at org.apache.maven.surefire.booter.ForkedBooter.runSuitesInProcess(ForkedBooter.java:345)
	at org.apache.maven.surefire.booter.ForkedBooter.execute(ForkedBooter.java:126)
	at org.apache.maven.surefire.booter.ForkedBooter.main(ForkedBooter.java:418)
2019-09-28 06:50:47,700 [main] WARN  io.KeyOutputStream (KeyOutputStream.java:handleException(274)) - Encountered exception java.io.IOException: Unexpected Storage Container Exception: java.io.IOException: Unexpected Storage Container Exception: java.util.concurrent.TimeoutException on the pipeline Pipeline[ Id: 7642af21-c421-404d-8d3a-1f4db181918d, Nodes: 1aedca0a-abf4-402e-a95f-5711575201c0{ip: 192.168.151.105, host: pr-hdds-2202-m9h6s-3487434564, networkLocation: /default-rack, certSerialId: null}5b2524e0-1373-4ae9-bf84-76001f7e06e4{ip: 192.168.151.105, host: pr-hdds-2202-m9h6s-3487434564, networkLocation: /default-rack, certSerialId: null}bb7a0018-9dff-480a-8fd9-59e58ac2575d{ip: 192.168.151.105, host: pr-hdds-2202-m9h6s-3487434564, networkLocation: /default-rack, certSerialId: null}, Type:RATIS, Factor:THREE, State:OPEN]. The last committed block length is 400, uncommitted data length is 50 retry count 0
2019-09-28 06:50:50,415 [Thread-2973] INFO  impl.FollowerState (FollowerState.java:run(106)) - 6ec37010-c9c3-47a1-9200-a5346984dcfb:group-24F6C351D8FB changes to CANDIDATE, lastRpcTime:5112, electionTimeout:5102ms
2019-09-28 06:50:50,418 [Thread-2973] INFO  impl.RoleInfo (RoleInfo.java:shutdownFollowerState(121)) - 6ec37010-c9c3-47a1-9200-a5346984dcfb: shutdown FollowerState
2019-09-28 06:50:50,418 [Thread-2973] INFO  impl.RaftServerImpl (RaftServerImpl.java:setRole(174)) - 6ec37010-c9c3-47a1-9200-a5346984dcfb@group-24F6C351D8FB: changes role from  FOLLOWER to CANDIDATE at term 1 for changeToCandidate
2019-09-28 06:50:50,418 [Thread-2973] INFO  impl.RoleInfo (RoleInfo.java:updateAndGet(143)) - 6ec37010-c9c3-47a1-9200-a5346984dcfb: start LeaderElection
2019-09-28 06:50:50,435 [6ec37010-c9c3-47a1-9200-a5346984dcfb@group-24F6C351D8FB:LeaderElection63] INFO  impl.LeaderElection (LeaderElection.java:askForVotes(182)) - 6ec37010-c9c3-47a1-9200-a5346984dcfb@group-24F6C351D8FB:LeaderElection63: begin an election at term 2 for -1: [6ec37010-c9c3-47a1-9200-a5346984dcfb:192.168.151.105:35921, dea5c579-b378-47c6-bc7f-f894534e83b6:192.168.151.105:34460, 9ab61eb8-0da8-412c-bec0-c0b2863e5c0c:192.168.151.105:37566], old=null
2019-09-28 06:50:50,440 [grpc-default-executor-4] INFO  impl.RaftServerImpl (RaftServerImpl.java:setRole(174)) - 9ab61eb8-0da8-412c-bec0-c0b2863e5c0c@group-24F6C351D8FB: changes role from  FOLLOWER to FOLLOWER at term 2 for recognizeCandidate:6ec37010-c9c3-47a1-9200-a5346984dcfb
2019-09-28 06:50:50,440 [grpc-default-executor-11] INFO  impl.RaftServerImpl (RaftServerImpl.java:setRole(174)) - dea5c579-b378-47c6-bc7f-f894534e83b6@group-24F6C351D8FB: changes role from  FOLLOWER to FOLLOWER at term 2 for recognizeCandidate:6ec37010-c9c3-47a1-9200-a5346984dcfb
2019-09-28 06:50:50,441 [grpc-default-executor-4] INFO  impl.RoleInfo (RoleInfo.java:shutdownFollowerState(121)) - 9ab61eb8-0da8-412c-bec0-c0b2863e5c0c: shutdown FollowerState
2019-09-28 06:50:50,441 [grpc-default-executor-11] INFO  impl.RoleInfo (RoleInfo.java:shutdownFollowerState(121)) - dea5c579-b378-47c6-bc7f-f894534e83b6: shutdown FollowerState
2019-09-28 06:50:50,441 [grpc-default-executor-4] INFO  impl.RoleInfo (RoleInfo.java:updateAndGet(143)) - 9ab61eb8-0da8-412c-bec0-c0b2863e5c0c: start FollowerState
2019-09-28 06:50:50,441 [Thread-2974] INFO  impl.FollowerState (FollowerState.java:run(115)) - dea5c579-b378-47c6-bc7f-f894534e83b6: FollowerState was interrupted: java.lang.InterruptedException: sleep interrupted
2019-09-28 06:50:50,441 [Thread-2975] INFO  impl.FollowerState (FollowerState.java:run(115)) - 9ab61eb8-0da8-412c-bec0-c0b2863e5c0c: FollowerState was interrupted: java.lang.InterruptedException: sleep interrupted
2019-09-28 06:50:50,441 [grpc-default-executor-11] INFO  impl.RoleInfo (RoleInfo.java:updateAndGet(143)) - dea5c579-b378-47c6-bc7f-f894534e83b6: start FollowerState
2019-09-28 06:50:50,460 [6ec37010-c9c3-47a1-9200-a5346984dcfb@group-24F6C351D8FB:LeaderElection63] INFO  impl.LeaderElection (LeaderElection.java:logAndReturn(56)) - 6ec37010-c9c3-47a1-9200-a5346984dcfb@group-24F6C351D8FB:LeaderElection63: Election PASSED; received 1 response(s) [6ec37010-c9c3-47a1-9200-a5346984dcfb<-9ab61eb8-0da8-412c-bec0-c0b2863e5c0c#0:OK-t2] and 0 exception(s); 6ec37010-c9c3-47a1-9200-a5346984dcfb@group-24F6C351D8FB:t2, leader=null, voted=6ec37010-c9c3-47a1-9200-a5346984dcfb, raftlog=6ec37010-c9c3-47a1-9200-a5346984dcfb@group-24F6C351D8FB-SegmentedRaftLog:OPENED:c-1,f-1,i0, conf=-1: [6ec37010-c9c3-47a1-9200-a5346984dcfb:192.168.151.105:35921, dea5c579-b378-47c6-bc7f-f894534e83b6:192.168.151.105:34460, 9ab61eb8-0da8-412c-bec0-c0b2863e5c0c:192.168.151.105:37566], old=null
2019-09-28 06:50:50,460 [6ec37010-c9c3-47a1-9200-a5346984dcfb@group-24F6C351D8FB:LeaderElection63] INFO  impl.RoleInfo (RoleInfo.java:shutdownLeaderElection(134)) - 6ec37010-c9c3-47a1-9200-a5346984dcfb: shutdown LeaderElection
2019-09-28 06:50:50,460 [6ec37010-c9c3-47a1-9200-a5346984dcfb@group-24F6C351D8FB:LeaderElection63] INFO  impl.RaftServerImpl (RaftServerImpl.java:setRole(174)) - 6ec37010-c9c3-47a1-9200-a5346984dcfb@group-24F6C351D8FB: changes role from CANDIDATE to LEADER at term 2 for changeToLeader
2019-09-28 06:50:50,460 [6ec37010-c9c3-47a1-9200-a5346984dcfb@group-24F6C351D8FB:LeaderElection63] INFO  impl.RaftServerImpl (ServerState.java:setLeader(253)) - 6ec37010-c9c3-47a1-9200-a5346984dcfb@group-24F6C351D8FB: change Leader from null to 6ec37010-c9c3-47a1-9200-a5346984dcfb at term 2 for becomeLeader, leader elected after 10310ms
2019-09-28 06:50:50,460 [6ec37010-c9c3-47a1-9200-a5346984dcfb@group-24F6C351D8FB:LeaderElection63] INFO  server.RaftServerConfigKeys (ConfUtils.java:logGet(43)) - raft.server.staging.catchup.gap = 1000 (default)
2019-09-28 06:50:50,461 [6ec37010-c9c3-47a1-9200-a5346984dcfb@group-24F6C351D8FB:LeaderElection63] INFO  server.RaftServerConfigKeys (ConfUtils.java:logGet(43)) - raft.server.rpc.sleep.time = 25ms (default)
2019-09-28 06:50:50,461 [6ec37010-c9c3-47a1-9200-a5346984dcfb@group-24F6C351D8FB:LeaderElection63] INFO  server.RaftServerConfigKeys (ConfUtils.java:logGet(43)) - raft.server.write.element-limit = 4096 (default)
2019-09-28 06:50:50,461 [6ec37010-c9c3-47a1-9200-a5346984dcfb@group-24F6C351D8FB:LeaderElection63] INFO  server.RaftServerConfigKeys (ConfUtils.java:logGet(43)) - raft.server.watch.timeout = 10s (default)
2019-09-28 06:50:50,461 [6ec37010-c9c3-47a1-9200-a5346984dcfb@group-24F6C351D8FB:LeaderElection63] INFO  server.RaftServerConfigKeys (ConfUtils.java:logGet(43)) - raft.server.watch.timeout.denomination = 1s (default)
2019-09-28 06:50:50,461 [6ec37010-c9c3-47a1-9200-a5346984dcfb@group-24F6C351D8FB:LeaderElection63] INFO  server.RaftServerConfigKeys (ConfUtils.java:logGet(43)) - raft.server.watch.element-limit = 65536 (default)
2019-09-28 06:50:50,463 [6ec37010-c9c3-47a1-9200-a5346984dcfb@group-24F6C351D8FB:LeaderElection63] INFO  server.RaftServerConfigKeys (ConfUtils.java:logGet(43)) - raft.server.log.appender.snapshot.chunk.size.max = 16MB (=16777216) (default)
2019-09-28 06:50:50,463 [6ec37010-c9c3-47a1-9200-a5346984dcfb@group-24F6C351D8FB:LeaderElection63] INFO  server.RaftServerConfigKeys (ConfUtils.java:logGet(43)) - raft.server.log.appender.buffer.byte-limit = 33554432 (custom)
2019-09-28 06:50:50,463 [6ec37010-c9c3-47a1-9200-a5346984dcfb@group-24F6C351D8FB:LeaderElection63] INFO  server.RaftServerConfigKeys (ConfUtils.java:logGet(43)) - raft.server.log.appender.buffer.element-limit = 1 (custom)
2019-09-28 06:50:50,463 [6ec37010-c9c3-47a1-9200-a5346984dcfb@group-24F6C351D8FB:LeaderElection63] INFO  grpc.GrpcConfigKeys$Server (ConfUtils.java:logGet(43)) - raft.grpc.server.leader.outstanding.appends.max = 128 (default)
2019-09-28 06:50:50,463 [6ec37010-c9c3-47a1-9200-a5346984dcfb@group-24F6C351D8FB:LeaderElection63] INFO  server.RaftServerConfigKeys (ConfUtils.java:logGet(43)) - raft.server.rpc.request.timeout = 3000ms (default)
2019-09-28 06:50:50,464 [6ec37010-c9c3-47a1-9200-a5346984dcfb@group-24F6C351D8FB:LeaderElection63] INFO  server.RaftServerConfigKeys (ConfUtils.java:logGet(43)) - raft.server.log.appender.install.snapshot.enabled = false (custom)
2019-09-28 06:50:50,464 [6ec37010-c9c3-47a1-9200-a5346984dcfb@group-24F6C351D8FB:LeaderElection63] INFO  server.RaftServerConfigKeys (ConfUtils.java:logGet(43)) - raft.server.log.appender.snapshot.chunk.size.max = 16MB (=16777216) (default)
2019-09-28 06:50:50,464 [6ec37010-c9c3-47a1-9200-a5346984dcfb@group-24F6C351D8FB:LeaderElection63] INFO  server.RaftServerConfigKeys (ConfUtils.java:logGet(43)) - raft.server.log.appender.buffer.byte-limit = 33554432 (custom)
2019-09-28 06:50:50,464 [6ec37010-c9c3-47a1-9200-a5346984dcfb@group-24F6C351D8FB:LeaderElection63] INFO  server.RaftServerConfigKeys (ConfUtils.java:logGet(43)) - raft.server.log.appender.buffer.element-limit = 1 (custom)
2019-09-28 06:50:50,464 [6ec37010-c9c3-47a1-9200-a5346984dcfb@group-24F6C351D8FB:LeaderElection63] INFO  grpc.GrpcConfigKeys$Server (ConfUtils.java:logGet(43)) - raft.grpc.server.leader.outstanding.appends.max = 128 (default)
2019-09-28 06:50:50,464 [6ec37010-c9c3-47a1-9200-a5346984dcfb@group-24F6C351D8FB:LeaderElection63] INFO  server.RaftServerConfigKeys (ConfUtils.java:logGet(43)) - raft.server.rpc.request.timeout = 3000ms (default)
2019-09-28 06:50:50,464 [6ec37010-c9c3-47a1-9200-a5346984dcfb@group-24F6C351D8FB:LeaderElection63] INFO  server.RaftServerConfigKeys (ConfUtils.java:logGet(43)) - raft.server.log.appender.install.snapshot.enabled = false (custom)
2019-09-28 06:50:50,465 [6ec37010-c9c3-47a1-9200-a5346984dcfb@group-24F6C351D8FB:LeaderElection63] INFO  impl.RoleInfo (RoleInfo.java:updateAndGet(143)) - 6ec37010-c9c3-47a1-9200-a5346984dcfb: start LeaderState
2019-09-28 06:50:50,465 [6ec37010-c9c3-47a1-9200-a5346984dcfb@group-24F6C351D8FB:LeaderElection63] INFO  segmented.SegmentedRaftLogWorker (SegmentedRaftLogWorker.java:startLogSegment(380)) - 6ec37010-c9c3-47a1-9200-a5346984dcfb@group-24F6C351D8FB-SegmentedRaftLogWorker: Starting segment from index:0
2019-09-28 06:50:50,466 [6ec37010-c9c3-47a1-9200-a5346984dcfb@group-24F6C351D8FB:LeaderElection63] INFO  impl.RaftServerImpl (ServerState.java:setRaftConf(354)) - 6ec37010-c9c3-47a1-9200-a5346984dcfb@group-24F6C351D8FB: set configuration 0: [6ec37010-c9c3-47a1-9200-a5346984dcfb:192.168.151.105:35921, dea5c579-b378-47c6-bc7f-f894534e83b6:192.168.151.105:34460, 9ab61eb8-0da8-412c-bec0-c0b2863e5c0c:192.168.151.105:37566], old=null at 0
2019-09-28 06:50:50,467 [grpc-default-executor-4] INFO  impl.RaftServerImpl (ServerState.java:setLeader(253)) - dea5c579-b378-47c6-bc7f-f894534e83b6@group-24F6C351D8FB: change Leader from null to 6ec37010-c9c3-47a1-9200-a5346984dcfb at term 2 for appendEntries, leader elected after 10316ms
2019-09-28 06:50:50,467 [grpc-default-executor-11] INFO  impl.RaftServerImpl (ServerState.java:setLeader(253)) - 9ab61eb8-0da8-412c-bec0-c0b2863e5c0c@group-24F6C351D8FB: change Leader from null to 6ec37010-c9c3-47a1-9200-a5346984dcfb at term 2 for appendEntries, leader elected after 10317ms
2019-09-28 06:50:50,503 [grpc-default-executor-11] INFO  impl.RaftServerImpl (ServerState.java:setRaftConf(354)) - dea5c579-b378-47c6-bc7f-f894534e83b6@group-24F6C351D8FB: set configuration 0: [6ec37010-c9c3-47a1-9200-a5346984dcfb:192.168.151.105:35921, dea5c579-b378-47c6-bc7f-f894534e83b6:192.168.151.105:34460, 9ab61eb8-0da8-412c-bec0-c0b2863e5c0c:192.168.151.105:37566], old=null at 0
2019-09-28 06:50:50,503 [grpc-default-executor-4] INFO  impl.RaftServerImpl (ServerState.java:setRaftConf(354)) - 9ab61eb8-0da8-412c-bec0-c0b2863e5c0c@group-24F6C351D8FB: set configuration 0: [6ec37010-c9c3-47a1-9200-a5346984dcfb:192.168.151.105:35921, dea5c579-b378-47c6-bc7f-f894534e83b6:192.168.151.105:34460, 9ab61eb8-0da8-412c-bec0-c0b2863e5c0c:192.168.151.105:37566], old=null at 0
2019-09-28 06:50:50,503 [grpc-default-executor-11] INFO  segmented.SegmentedRaftLogWorker (SegmentedRaftLogWorker.java:startLogSegment(380)) - dea5c579-b378-47c6-bc7f-f894534e83b6@group-24F6C351D8FB-SegmentedRaftLogWorker: Starting segment from index:0
2019-09-28 06:50:50,503 [grpc-default-executor-4] INFO  segmented.SegmentedRaftLogWorker (SegmentedRaftLogWorker.java:startLogSegment(380)) - 9ab61eb8-0da8-412c-bec0-c0b2863e5c0c@group-24F6C351D8FB-SegmentedRaftLogWorker: Starting segment from index:0
2019-09-28 06:50:50,513 [6ec37010-c9c3-47a1-9200-a5346984dcfb@group-24F6C351D8FB-SegmentedRaftLogWorker] INFO  segmented.SegmentedRaftLogWorker (SegmentedRaftLogWorker.java:execute(569)) - 6ec37010-c9c3-47a1-9200-a5346984dcfb@group-24F6C351D8FB-SegmentedRaftLogWorker: created new log segment /workdir/hadoop-ozone/integration-test/target/test-dir/MiniOzoneClusterImpl-20dc5c4d-f858-40ba-b097-a7c1cdb8c191/datanode-5/data/ratis/edcd737b-12a3-4d17-ae82-24f6c351d8fb/current/log_inprogress_0
2019-09-28 06:50:50,555 [dea5c579-b378-47c6-bc7f-f894534e83b6@group-24F6C351D8FB-SegmentedRaftLogWorker] INFO  segmented.SegmentedRaftLogWorker (SegmentedRaftLogWorker.java:execute(569)) - dea5c579-b378-47c6-bc7f-f894534e83b6@group-24F6C351D8FB-SegmentedRaftLogWorker: created new log segment /workdir/hadoop-ozone/integration-test/target/test-dir/MiniOzoneClusterImpl-20dc5c4d-f858-40ba-b097-a7c1cdb8c191/datanode-3/data/ratis/edcd737b-12a3-4d17-ae82-24f6c351d8fb/current/log_inprogress_0
2019-09-28 06:50:50,555 [9ab61eb8-0da8-412c-bec0-c0b2863e5c0c@group-24F6C351D8FB-SegmentedRaftLogWorker] INFO  segmented.SegmentedRaftLogWorker (SegmentedRaftLogWorker.java:execute(569)) - 9ab61eb8-0da8-412c-bec0-c0b2863e5c0c@group-24F6C351D8FB-SegmentedRaftLogWorker: created new log segment /workdir/hadoop-ozone/integration-test/target/test-dir/MiniOzoneClusterImpl-20dc5c4d-f858-40ba-b097-a7c1cdb8c191/datanode-4/data/ratis/edcd737b-12a3-4d17-ae82-24f6c351d8fb/current/log_inprogress_0
2019-09-28 06:50:50,983 [main] INFO  ozone.MiniOzoneClusterImpl (MiniOzoneClusterImpl.java:shutdown(314)) - Shutting down the Mini Ozone Cluster
2019-09-28 06:50:50,983 [main] INFO  ozone.MiniOzoneClusterImpl (MiniOzoneClusterImpl.java:stop(330)) - Stopping the Mini Ozone Cluster
2019-09-28 06:50:50,983 [main] INFO  ozone.MiniOzoneClusterImpl (MiniOzoneClusterImpl.java:stopOM(400)) - Stopping the OzoneManager
2019-09-28 06:50:50,983 [main] INFO  ipc.Server (Server.java:stop(3082)) - Stopping server on 43376
2019-09-28 06:50:50,994 [main] INFO  ratis.OzoneManagerDoubleBuffer (OzoneManagerDoubleBuffer.java:stop(248)) - Stopping OMDoubleBuffer flush thread
2019-09-28 06:50:50,995 [IPC Server Responder] INFO  ipc.Server (Server.java:run(1319)) - Stopping IPC Server Responder
2019-09-28 06:50:50,995 [OMDoubleBufferFlushThread] INFO  ratis.OzoneManagerDoubleBuffer (OzoneManagerDoubleBuffer.java:flushTransactions(191)) - OMDoubleBuffer flush thread OMDoubleBufferFlushThread is interrupted and will exit. OMDoubleBufferFlushThread
2019-09-28 06:50:50,995 [IPC Server listener on 43376] INFO  ipc.Server (Server.java:run(1185)) - Stopping IPC Server listener on 43376
2019-09-28 06:50:51,005 [main] INFO  utils.BackgroundService (BackgroundService.java:shutdown(148)) - Shutting down service KeyDeletingService
2019-09-28 06:50:51,044 [main] INFO  handler.ContextHandler (ContextHandler.java:doStop(910)) - Stopped o.e.j.w.WebAppContext@31ab1e67{/,null,UNAVAILABLE}{/ozoneManager}
2019-09-28 06:50:51,045 [main] INFO  server.AbstractConnector (AbstractConnector.java:doStop(318)) - Stopped ServerConnector@29bbc391{HTTP/1.1,[http/1.1]}{0.0.0.0:0}
2019-09-28 06:50:51,045 [main] INFO  handler.ContextHandler (ContextHandler.java:doStop(910)) - Stopped o.e.j.s.ServletContextHandler@6f50d55c{/static,file:///workdir/hadoop-ozone/integration-test/target/test-classes/webapps/static,UNAVAILABLE}
2019-09-28 06:50:51,045 [main] INFO  handler.ContextHandler (ContextHandler.java:doStop(910)) - Stopped o.e.j.s.ServletContextHandler@4584304{/logs,file:///workdir/hadoop-ozone/integration-test/target/log,UNAVAILABLE}
2019-09-28 06:50:51,048 [main] INFO  ozone.MiniOzoneClusterImpl (MiniOzoneClusterImpl.java:stopDatanodes(377)) - Stopping the HddsDatanodes
2019-09-28 06:50:51,456 [Datanode State Machine Thread - 0] INFO  statemachine.DatanodeStateMachine (DatanodeStateMachine.java:lambda$startDaemon$0(350)) - Ozone container server started.
2019-09-28 06:50:51,882 [Datanode State Machine Thread - 0] INFO  statemachine.DatanodeStateMachine (DatanodeStateMachine.java:lambda$startDaemon$0(350)) - Ozone container server started.
2019-09-28 06:50:55,462 [EventQueue-StaleNodeForStaleNodeHandler] INFO  node.StaleNodeHandler (StaleNodeHandler.java:onMessage(58)) - Datanode bb7a0018-9dff-480a-8fd9-59e58ac2575d{ip: 192.168.151.105, host: pr-hdds-2202-m9h6s-3487434564, networkLocation: /default-rack, certSerialId: null} moved to stale state. Finalizing its pipelines [PipelineID=7642af21-c421-404d-8d3a-1f4db181918d, PipelineID=4e0b9c29-7056-4806-aa95-c9bb3f1cdfbf]
2019-09-28 06:50:55,462 [EventQueue-StaleNodeForStaleNodeHandler] INFO  pipeline.SCMPipelineManager (SCMPipelineManager.java:finalizeAndDestroyPipeline(315)) - destroying pipeline:Pipeline[ Id: 7642af21-c421-404d-8d3a-1f4db181918d, Nodes: 1aedca0a-abf4-402e-a95f-5711575201c0{ip: 192.168.151.105, host: pr-hdds-2202-m9h6s-3487434564, networkLocation: /default-rack, certSerialId: null}5b2524e0-1373-4ae9-bf84-76001f7e06e4{ip: 192.168.151.105, host: pr-hdds-2202-m9h6s-3487434564, networkLocation: /default-rack, certSerialId: null}bb7a0018-9dff-480a-8fd9-59e58ac2575d{ip: 192.168.151.105, host: pr-hdds-2202-m9h6s-3487434564, networkLocation: /default-rack, certSerialId: null}, Type:RATIS, Factor:THREE, State:OPEN]
2019-09-28 06:50:55,462 [EventQueue-StaleNodeForStaleNodeHandler] INFO  pipeline.PipelineStateManager (PipelineStateManager.java:finalizePipeline(123)) - Pipeline Pipeline[ Id: 7642af21-c421-404d-8d3a-1f4db181918d, Nodes: 1aedca0a-abf4-402e-a95f-5711575201c0{ip: 192.168.151.105, host: pr-hdds-2202-m9h6s-3487434564, networkLocation: /default-rack, certSerialId: null}5b2524e0-1373-4ae9-bf84-76001f7e06e4{ip: 192.168.151.105, host: pr-hdds-2202-m9h6s-3487434564, networkLocation: /default-rack, certSerialId: null}bb7a0018-9dff-480a-8fd9-59e58ac2575d{ip: 192.168.151.105, host: pr-hdds-2202-m9h6s-3487434564, networkLocation: /default-rack, certSerialId: null}, Type:RATIS, Factor:THREE, State:CLOSED] moved to CLOSED state
2019-09-28 06:50:55,463 [EventQueue-CloseContainerForCloseContainerEventHandler] INFO  container.CloseContainerEventHandler (CloseContainerEventHandler.java:onMessage(61)) - Close container Event triggered for container : #1
2019-09-28 06:50:55,463 [EventQueue-StaleNodeForStaleNodeHandler] INFO  pipeline.SCMPipelineManager (SCMPipelineManager.java:finalizeAndDestroyPipeline(315)) - destroying pipeline:Pipeline[ Id: 4e0b9c29-7056-4806-aa95-c9bb3f1cdfbf, Nodes: bb7a0018-9dff-480a-8fd9-59e58ac2575d{ip: 192.168.151.105, host: pr-hdds-2202-m9h6s-3487434564, networkLocation: /default-rack, certSerialId: null}, Type:RATIS, Factor:ONE, State:OPEN]
2019-09-28 06:50:55,475 [EventQueue-StaleNodeForStaleNodeHandler] INFO  pipeline.PipelineStateManager (PipelineStateManager.java:finalizePipeline(123)) - Pipeline Pipeline[ Id: 4e0b9c29-7056-4806-aa95-c9bb3f1cdfbf, Nodes: bb7a0018-9dff-480a-8fd9-59e58ac2575d{ip: 192.168.151.105, host: pr-hdds-2202-m9h6s-3487434564, networkLocation: /default-rack, certSerialId: null}, Type:RATIS, Factor:ONE, State:CLOSED] moved to CLOSED state
2019-09-28 06:50:55,962 [EventQueue-StaleNodeForStaleNodeHandler] INFO  node.StaleNodeHandler (StaleNodeHandler.java:onMessage(58)) - Datanode 9ab61eb8-0da8-412c-bec0-c0b2863e5c0c{ip: 192.168.151.105, host: pr-hdds-2202-m9h6s-3487434564, networkLocation: /default-rack, certSerialId: null} moved to stale state. Finalizing its pipelines [PipelineID=bc1b9533-c748-428a-9b75-ad4495cb3a0b, PipelineID=edcd737b-12a3-4d17-ae82-24f6c351d8fb]
2019-09-28 06:50:55,962 [EventQueue-StaleNodeForStaleNodeHandler] INFO  pipeline.SCMPipelineManager (SCMPipelineManager.java:finalizeAndDestroyPipeline(315)) - destroying pipeline:Pipeline[ Id: bc1b9533-c748-428a-9b75-ad4495cb3a0b, Nodes: 9ab61eb8-0da8-412c-bec0-c0b2863e5c0c{ip: 192.168.151.105, host: pr-hdds-2202-m9h6s-3487434564, networkLocation: /default-rack, certSerialId: null}, Type:RATIS, Factor:ONE, State:OPEN]
2019-09-28 06:50:55,962 [EventQueue-StaleNodeForStaleNodeHandler] INFO  pipeline.PipelineStateManager (PipelineStateManager.java:finalizePipeline(123)) - Pipeline Pipeline[ Id: bc1b9533-c748-428a-9b75-ad4495cb3a0b, Nodes: 9ab61eb8-0da8-412c-bec0-c0b2863e5c0c{ip: 192.168.151.105, host: pr-hdds-2202-m9h6s-3487434564, networkLocation: /default-rack, certSerialId: null}, Type:RATIS, Factor:ONE, State:CLOSED] moved to CLOSED state
2019-09-28 06:50:55,962 [EventQueue-StaleNodeForStaleNodeHandler] INFO  pipeline.SCMPipelineManager (SCMPipelineManager.java:finalizeAndDestroyPipeline(315)) - destroying pipeline:Pipeline[ Id: edcd737b-12a3-4d17-ae82-24f6c351d8fb, Nodes: dea5c579-b378-47c6-bc7f-f894534e83b6{ip: 192.168.151.105, host: pr-hdds-2202-m9h6s-3487434564, networkLocation: /default-rack, certSerialId: null}9ab61eb8-0da8-412c-bec0-c0b2863e5c0c{ip: 192.168.151.105, host: pr-hdds-2202-m9h6s-3487434564, networkLocation: /default-rack, certSerialId: null}6ec37010-c9c3-47a1-9200-a5346984dcfb{ip: 192.168.151.105, host: pr-hdds-2202-m9h6s-3487434564, networkLocation: /default-rack, certSerialId: null}, Type:RATIS, Factor:THREE, State:OPEN]
2019-09-28 06:50:55,963 [EventQueue-StaleNodeForStaleNodeHandler] INFO  pipeline.PipelineStateManager (PipelineStateManager.java:finalizePipeline(123)) - Pipeline Pipeline[ Id: edcd737b-12a3-4d17-ae82-24f6c351d8fb, Nodes: dea5c579-b378-47c6-bc7f-f894534e83b6{ip: 192.168.151.105, host: pr-hdds-2202-m9h6s-3487434564, networkLocation: /default-rack, certSerialId: null}9ab61eb8-0da8-412c-bec0-c0b2863e5c0c{ip: 192.168.151.105, host: pr-hdds-2202-m9h6s-3487434564, networkLocation: /default-rack, certSerialId: null}6ec37010-c9c3-47a1-9200-a5346984dcfb{ip: 192.168.151.105, host: pr-hdds-2202-m9h6s-3487434564, networkLocation: /default-rack, certSerialId: null}, Type:RATIS, Factor:THREE, State:CLOSED] moved to CLOSED state
2019-09-28 06:50:55,963 [EventQueue-CloseContainerForCloseContainerEventHandler] INFO  container.CloseContainerEventHandler (CloseContainerEventHandler.java:onMessage(61)) - Close container Event triggered for container : #2
2019-09-28 06:50:56,049 [main] INFO  ozoneimpl.OzoneContainer (OzoneContainer.java:stop(231)) - Attempting to stop container services.
2019-09-28 06:50:56,053 [ForkJoinPool.commonPool-worker-0] INFO  ozoneimpl.OzoneContainer (OzoneContainer.java:stop(231)) - Attempting to stop container services.
2019-09-28 06:50:56,053 [main] INFO  impl.RaftServerProxy (RaftServerProxy.java:lambda$close$4(314)) - 9ab61eb8-0da8-412c-bec0-c0b2863e5c0c: close
2019-09-28 06:50:56,053 [ForkJoinPool.commonPool-worker-0] INFO  impl.RaftServerProxy (RaftServerProxy.java:lambda$close$4(314)) - bb7a0018-9dff-480a-8fd9-59e58ac2575d: close
2019-09-28 06:50:56,054 [main] INFO  impl.RaftServerImpl (RaftServerImpl.java:lambda$shutdown$3(251)) - 9ab61eb8-0da8-412c-bec0-c0b2863e5c0c@group-AD4495CB3A0B: shutdown
2019-09-28 06:50:56,054 [ForkJoinPool.commonPool-worker-0] INFO  impl.RaftServerImpl (RaftServerImpl.java:lambda$shutdown$3(251)) - bb7a0018-9dff-480a-8fd9-59e58ac2575d@group-1F4DB181918D: shutdown
2019-09-28 06:50:56,054 [main] INFO  util.JmxRegister (JmxRegister.java:unregister(73)) - Successfully un-registered JMX Bean with object name Ratis:service=RaftServer,group=group-AD4495CB3A0B,id=9ab61eb8-0da8-412c-bec0-c0b2863e5c0c
2019-09-28 06:50:56,054 [ForkJoinPool.commonPool-worker-0] INFO  util.JmxRegister (JmxRegister.java:unregister(73)) - Successfully un-registered JMX Bean with object name Ratis:service=RaftServer,group=group-1F4DB181918D,id=bb7a0018-9dff-480a-8fd9-59e58ac2575d
2019-09-28 06:50:56,054 [main] INFO  impl.RoleInfo (RoleInfo.java:shutdownLeaderState(104)) - 9ab61eb8-0da8-412c-bec0-c0b2863e5c0c: shutdown LeaderState
2019-09-28 06:50:56,055 [ForkJoinPool.commonPool-worker-0] INFO  impl.RoleInfo (RoleInfo.java:shutdownLeaderState(104)) - bb7a0018-9dff-480a-8fd9-59e58ac2575d: shutdown LeaderState
2019-09-28 06:50:56,055 [main] INFO  impl.PendingRequests (PendingRequests.java:sendNotLeaderResponses(202)) - 9ab61eb8-0da8-412c-bec0-c0b2863e5c0c-PendingRequests: sendNotLeaderResponses
2019-09-28 06:50:56,061 [org.apache.ratis.server.impl.LogAppender$AppenderDaemon$$Lambda$510/1990470102@4c80ac80] WARN  server.GrpcLogAppender (GrpcLogAppender.java:mayWait(143)) - bb7a0018-9dff-480a-8fd9-59e58ac2575d@group-1F4DB181918D->1aedca0a-abf4-402e-a95f-5711575201c0-GrpcLogAppender: Wait interrupted by java.lang.InterruptedException
2019-09-28 06:50:56,061 [org.apache.ratis.server.impl.LogAppender$AppenderDaemon$$Lambda$510/1990470102@1dee72cc] WARN  server.GrpcLogAppender (GrpcLogAppender.java:mayWait(143)) - bb7a0018-9dff-480a-8fd9-59e58ac2575d@group-1F4DB181918D->5b2524e0-1373-4ae9-bf84-76001f7e06e4-GrpcLogAppender: Wait interrupted by java.lang.InterruptedException
2019-09-28 06:50:56,061 [ForkJoinPool.commonPool-worker-0] INFO  impl.PendingRequests (PendingRequests.java:sendNotLeaderResponses(202)) - bb7a0018-9dff-480a-8fd9-59e58ac2575d-PendingRequests: sendNotLeaderResponses
2019-09-28 06:50:56,061 [main] INFO  impl.StateMachineUpdater (StateMachineUpdater.java:stopAndJoin(125)) - 9ab61eb8-0da8-412c-bec0-c0b2863e5c0c@group-AD4495CB3A0B-StateMachineUpdater: set stopIndex = 0
2019-09-28 06:50:56,067 [bb7a0018-9dff-480a-8fd9-59e58ac2575d@group-1F4DB181918D-StateMachineUpdater] INFO  ratis.ContainerStateMachine (ContainerStateMachine.java:takeSnapshot(289)) - group-1F4DB181918D: Taking a snapshot at:(t:1, i:14) file /workdir/hadoop-ozone/integration-test/target/test-dir/MiniOzoneClusterImpl-20dc5c4d-f858-40ba-b097-a7c1cdb8c191/datanode-1/data/ratis/7642af21-c421-404d-8d3a-1f4db181918d/sm/snapshot.1_14
2019-09-28 06:50:56,067 [ForkJoinPool.commonPool-worker-0] INFO  impl.StateMachineUpdater (StateMachineUpdater.java:stopAndJoin(125)) - bb7a0018-9dff-480a-8fd9-59e58ac2575d@group-1F4DB181918D-StateMachineUpdater: set stopIndex = 16
2019-09-28 06:50:56,062 [grpc-default-executor-11] INFO  server.GrpcServerProtocolService (GrpcServerProtocolService.java:onCompleted(113)) - 5b2524e0-1373-4ae9-bf84-76001f7e06e4: Completed APPEND_ENTRIES, lastRequest: bb7a0018-9dff-480a-8fd9-59e58ac2575d->5b2524e0-1373-4ae9-bf84-76001f7e06e4#21-t1, previous=(t:1, i:16), leaderCommit=16, initializing? false, entries: <empty>
2019-09-28 06:50:56,062 [grpc-default-executor-4] INFO  server.GrpcServerProtocolService (GrpcServerProtocolService.java:onCompleted(113)) - 1aedca0a-abf4-402e-a95f-5711575201c0: Completed APPEND_ENTRIES, lastRequest: bb7a0018-9dff-480a-8fd9-59e58ac2575d->1aedca0a-abf4-402e-a95f-5711575201c0#21-t1, previous=(t:1, i:16), leaderCommit=16, initializing? false, entries: <empty>
2019-09-28 06:50:56,067 [main] INFO  impl.RaftServerImpl (ServerState.java:close(385)) - 9ab61eb8-0da8-412c-bec0-c0b2863e5c0c@group-AD4495CB3A0B: closes. applyIndex: 0
2019-09-28 06:50:56,068 [grpc-default-executor-9] INFO  server.GrpcLogAppender (GrpcLogAppender.java:onCompleted(293)) - bb7a0018-9dff-480a-8fd9-59e58ac2575d@group-1F4DB181918D->1aedca0a-abf4-402e-a95f-5711575201c0-AppendLogResponseHandler: follower responses appendEntries COMPLETED
2019-09-28 06:50:56,069 [9ab61eb8-0da8-412c-bec0-c0b2863e5c0c@group-AD4495CB3A0B-SegmentedRaftLogWorker] INFO  segmented.SegmentedRaftLogWorker (SegmentedRaftLogWorker.java:run(313)) - 9ab61eb8-0da8-412c-bec0-c0b2863e5c0c@group-AD4495CB3A0B-SegmentedRaftLogWorker was interrupted, exiting. There are 0 tasks remaining in the queue.
2019-09-28 06:50:56,068 [grpc-default-executor-4] INFO  server.GrpcLogAppender (GrpcLogAppender.java:onCompleted(293)) - bb7a0018-9dff-480a-8fd9-59e58ac2575d@group-1F4DB181918D->5b2524e0-1373-4ae9-bf84-76001f7e06e4-AppendLogResponseHandler: follower responses appendEntries COMPLETED
2019-09-28 06:50:56,072 [main] INFO  segmented.SegmentedRaftLogWorker (SegmentedRaftLogWorker.java:close(228)) - 9ab61eb8-0da8-412c-bec0-c0b2863e5c0c@group-AD4495CB3A0B-SegmentedRaftLogWorker close()
2019-09-28 06:50:56,072 [grpc-default-executor-9] INFO  impl.FollowerInfo (FollowerInfo.java:lambda$new$0(51)) - bb7a0018-9dff-480a-8fd9-59e58ac2575d@group-1F4DB181918D->1aedca0a-abf4-402e-a95f-5711575201c0: nextIndex: updateUnconditionally 17 -> 16
2019-09-28 06:50:56,077 [main] INFO  impl.RaftServerImpl (RaftServerImpl.java:lambda$shutdown$3(251)) - 9ab61eb8-0da8-412c-bec0-c0b2863e5c0c@group-24F6C351D8FB: shutdown
2019-09-28 06:50:56,078 [main] INFO  util.JmxRegister (JmxRegister.java:unregister(73)) - Successfully un-registered JMX Bean with object name Ratis:service=RaftServer,group=group-24F6C351D8FB,id=9ab61eb8-0da8-412c-bec0-c0b2863e5c0c
2019-09-28 06:50:56,078 [main] INFO  impl.RoleInfo (RoleInfo.java:shutdownFollowerState(121)) - 9ab61eb8-0da8-412c-bec0-c0b2863e5c0c: shutdown FollowerState
2019-09-28 06:50:56,078 [main] INFO  impl.StateMachineUpdater (StateMachineUpdater.java:stopAndJoin(125)) - 9ab61eb8-0da8-412c-bec0-c0b2863e5c0c@group-24F6C351D8FB-StateMachineUpdater: set stopIndex = 4
2019-09-28 06:50:56,072 [grpc-default-executor-4] INFO  impl.FollowerInfo (FollowerInfo.java:lambda$new$0(51)) - bb7a0018-9dff-480a-8fd9-59e58ac2575d@group-1F4DB181918D->5b2524e0-1373-4ae9-bf84-76001f7e06e4: nextIndex: updateUnconditionally 17 -> 16
2019-09-28 06:50:56,078 [Thread-3037] INFO  impl.FollowerState (FollowerState.java:run(115)) - 9ab61eb8-0da8-412c-bec0-c0b2863e5c0c: FollowerState was interrupted: java.lang.InterruptedException: sleep interrupted
2019-09-28 06:50:56,078 [9ab61eb8-0da8-412c-bec0-c0b2863e5c0c@group-24F6C351D8FB-StateMachineUpdater] INFO  ratis.ContainerStateMachine (ContainerStateMachine.java:takeSnapshot(289)) - group-24F6C351D8FB: Taking a snapshot at:(t:2, i:3) file /workdir/hadoop-ozone/integration-test/target/test-dir/MiniOzoneClusterImpl-20dc5c4d-f858-40ba-b097-a7c1cdb8c191/datanode-4/data/ratis/edcd737b-12a3-4d17-ae82-24f6c351d8fb/sm/snapshot.2_3
2019-09-28 06:50:56,082 [bb7a0018-9dff-480a-8fd9-59e58ac2575d@group-1F4DB181918D-StateMachineUpdater] INFO  ratis.ContainerStateMachine (ContainerStateMachine.java:takeSnapshot(300)) - group-1F4DB181918D: Finished taking a snapshot at:(t:1, i:14) file:/workdir/hadoop-ozone/integration-test/target/test-dir/MiniOzoneClusterImpl-20dc5c4d-f858-40ba-b097-a7c1cdb8c191/datanode-1/data/ratis/7642af21-c421-404d-8d3a-1f4db181918d/sm/snapshot.1_14 time:15
2019-09-28 06:50:56,082 [bb7a0018-9dff-480a-8fd9-59e58ac2575d@group-1F4DB181918D-StateMachineUpdater] INFO  impl.StateMachineUpdater (StateMachineUpdater.java:takeSnapshot(258)) - bb7a0018-9dff-480a-8fd9-59e58ac2575d@group-1F4DB181918D-StateMachineUpdater: Took a snapshot at index 14
2019-09-28 06:50:56,082 [bb7a0018-9dff-480a-8fd9-59e58ac2575d@group-1F4DB181918D-StateMachineUpdater] INFO  impl.StateMachineUpdater (StateMachineUpdater.java:lambda$new$0(83)) - bb7a0018-9dff-480a-8fd9-59e58ac2575d@group-1F4DB181918D-StateMachineUpdater: snapshotIndex: updateIncreasingly -1 -> 14
2019-09-28 06:50:56,083 [bb7a0018-9dff-480a-8fd9-59e58ac2575d@group-1F4DB181918D-StateMachineUpdater] INFO  ratis.ContainerStateMachine (ContainerStateMachine.java:takeSnapshot(289)) - group-1F4DB181918D: Taking a snapshot at:(t:1, i:14) file /workdir/hadoop-ozone/integration-test/target/test-dir/MiniOzoneClusterImpl-20dc5c4d-f858-40ba-b097-a7c1cdb8c191/datanode-1/data/ratis/7642af21-c421-404d-8d3a-1f4db181918d/sm/snapshot.1_14
2019-09-28 06:50:56,113 [bb7a0018-9dff-480a-8fd9-59e58ac2575d@group-1F4DB181918D-StateMachineUpdater] INFO  ratis.ContainerStateMachine (ContainerStateMachine.java:takeSnapshot(300)) - group-1F4DB181918D: Finished taking a snapshot at:(t:1, i:14) file:/workdir/hadoop-ozone/integration-test/target/test-dir/MiniOzoneClusterImpl-20dc5c4d-f858-40ba-b097-a7c1cdb8c191/datanode-1/data/ratis/7642af21-c421-404d-8d3a-1f4db181918d/sm/snapshot.1_14 time:31
2019-09-28 06:50:56,113 [9ab61eb8-0da8-412c-bec0-c0b2863e5c0c@group-24F6C351D8FB-StateMachineUpdater] INFO  ratis.ContainerStateMachine (ContainerStateMachine.java:takeSnapshot(300)) - group-24F6C351D8FB: Finished taking a snapshot at:(t:2, i:3) file:/workdir/hadoop-ozone/integration-test/target/test-dir/MiniOzoneClusterImpl-20dc5c4d-f858-40ba-b097-a7c1cdb8c191/datanode-4/data/ratis/edcd737b-12a3-4d17-ae82-24f6c351d8fb/sm/snapshot.2_3 time:35
2019-09-28 06:50:56,113 [bb7a0018-9dff-480a-8fd9-59e58ac2575d@group-1F4DB181918D-StateMachineUpdater] INFO  impl.StateMachineUpdater (StateMachineUpdater.java:takeSnapshot(258)) - bb7a0018-9dff-480a-8fd9-59e58ac2575d@group-1F4DB181918D-StateMachineUpdater: Took a snapshot at index 14
2019-09-28 06:50:56,113 [bb7a0018-9dff-480a-8fd9-59e58ac2575d@group-1F4DB181918D-StateMachineUpdater] INFO  impl.StateMachineUpdater (StateMachineUpdater.java:lambda$new$0(83)) - bb7a0018-9dff-480a-8fd9-59e58ac2575d@group-1F4DB181918D-StateMachineUpdater: snapshotIndex: updateIncreasingly 14 -> 14
2019-09-28 06:50:56,113 [9ab61eb8-0da8-412c-bec0-c0b2863e5c0c@group-24F6C351D8FB-StateMachineUpdater] INFO  impl.StateMachineUpdater (StateMachineUpdater.java:takeSnapshot(258)) - 9ab61eb8-0da8-412c-bec0-c0b2863e5c0c@group-24F6C351D8FB-StateMachineUpdater: Took a snapshot at index 3
2019-09-28 06:50:56,113 [9ab61eb8-0da8-412c-bec0-c0b2863e5c0c@group-24F6C351D8FB-StateMachineUpdater] INFO  impl.StateMachineUpdater (StateMachineUpdater.java:lambda$new$0(83)) - 9ab61eb8-0da8-412c-bec0-c0b2863e5c0c@group-24F6C351D8FB-StateMachineUpdater: snapshotIndex: updateIncreasingly -1 -> 3
2019-09-28 06:50:56,113 [ForkJoinPool.commonPool-worker-0] INFO  impl.RaftServerImpl (ServerState.java:close(385)) - bb7a0018-9dff-480a-8fd9-59e58ac2575d@group-1F4DB181918D: closes. applyIndex: 16
2019-09-28 06:50:56,114 [9ab61eb8-0da8-412c-bec0-c0b2863e5c0c@group-24F6C351D8FB-StateMachineUpdater] INFO  ratis.ContainerStateMachine (ContainerStateMachine.java:takeSnapshot(289)) - group-24F6C351D8FB: Taking a snapshot at:(t:2, i:3) file /workdir/hadoop-ozone/integration-test/target/test-dir/MiniOzoneClusterImpl-20dc5c4d-f858-40ba-b097-a7c1cdb8c191/datanode-4/data/ratis/edcd737b-12a3-4d17-ae82-24f6c351d8fb/sm/snapshot.2_3
2019-09-28 06:50:56,114 [bb7a0018-9dff-480a-8fd9-59e58ac2575d@group-1F4DB181918D-SegmentedRaftLogWorker] INFO  segmented.SegmentedRaftLogWorker (SegmentedRaftLogWorker.java:run(313)) - bb7a0018-9dff-480a-8fd9-59e58ac2575d@group-1F4DB181918D-SegmentedRaftLogWorker was interrupted, exiting. There are 0 tasks remaining in the queue.
2019-09-28 06:50:56,117 [ForkJoinPool.commonPool-worker-0] INFO  segmented.SegmentedRaftLogWorker (SegmentedRaftLogWorker.java:close(228)) - bb7a0018-9dff-480a-8fd9-59e58ac2575d@group-1F4DB181918D-SegmentedRaftLogWorker close()
2019-09-28 06:50:56,121 [ForkJoinPool.commonPool-worker-0] INFO  impl.RaftServerImpl (RaftServerImpl.java:lambda$shutdown$3(251)) - bb7a0018-9dff-480a-8fd9-59e58ac2575d@group-C9BB3F1CDFBF: shutdown
2019-09-28 06:50:56,122 [ForkJoinPool.commonPool-worker-0] INFO  util.JmxRegister (JmxRegister.java:unregister(73)) - Successfully un-registered JMX Bean with object name Ratis:service=RaftServer,group=group-C9BB3F1CDFBF,id=bb7a0018-9dff-480a-8fd9-59e58ac2575d
2019-09-28 06:50:56,122 [ForkJoinPool.commonPool-worker-0] INFO  impl.RoleInfo (RoleInfo.java:shutdownLeaderState(104)) - bb7a0018-9dff-480a-8fd9-59e58ac2575d: shutdown LeaderState
2019-09-28 06:50:56,123 [ForkJoinPool.commonPool-worker-0] INFO  impl.PendingRequests (PendingRequests.java:sendNotLeaderResponses(202)) - bb7a0018-9dff-480a-8fd9-59e58ac2575d-PendingRequests: sendNotLeaderResponses
2019-09-28 06:50:56,123 [ForkJoinPool.commonPool-worker-0] INFO  impl.StateMachineUpdater (StateMachineUpdater.java:stopAndJoin(125)) - bb7a0018-9dff-480a-8fd9-59e58ac2575d@group-C9BB3F1CDFBF-StateMachineUpdater: set stopIndex = 0
2019-09-28 06:50:56,123 [ForkJoinPool.commonPool-worker-0] INFO  impl.RaftServerImpl (ServerState.java:close(385)) - bb7a0018-9dff-480a-8fd9-59e58ac2575d@group-C9BB3F1CDFBF: closes. applyIndex: 0
2019-09-28 06:50:56,124 [bb7a0018-9dff-480a-8fd9-59e58ac2575d@group-C9BB3F1CDFBF-SegmentedRaftLogWorker] INFO  segmented.SegmentedRaftLogWorker (SegmentedRaftLogWorker.java:run(313)) - bb7a0018-9dff-480a-8fd9-59e58ac2575d@group-C9BB3F1CDFBF-SegmentedRaftLogWorker was interrupted, exiting. There are 0 tasks remaining in the queue.
2019-09-28 06:50:56,126 [9ab61eb8-0da8-412c-bec0-c0b2863e5c0c@group-24F6C351D8FB-StateMachineUpdater] INFO  ratis.ContainerStateMachine (ContainerStateMachine.java:takeSnapshot(300)) - group-24F6C351D8FB: Finished taking a snapshot at:(t:2, i:3) file:/workdir/hadoop-ozone/integration-test/target/test-dir/MiniOzoneClusterImpl-20dc5c4d-f858-40ba-b097-a7c1cdb8c191/datanode-4/data/ratis/edcd737b-12a3-4d17-ae82-24f6c351d8fb/sm/snapshot.2_3 time:13
2019-09-28 06:50:56,126 [ForkJoinPool.commonPool-worker-0] INFO  segmented.SegmentedRaftLogWorker (SegmentedRaftLogWorker.java:close(228)) - bb7a0018-9dff-480a-8fd9-59e58ac2575d@group-C9BB3F1CDFBF-SegmentedRaftLogWorker close()
2019-09-28 06:50:56,126 [9ab61eb8-0da8-412c-bec0-c0b2863e5c0c@group-24F6C351D8FB-StateMachineUpdater] INFO  impl.StateMachineUpdater (StateMachineUpdater.java:takeSnapshot(258)) - 9ab61eb8-0da8-412c-bec0-c0b2863e5c0c@group-24F6C351D8FB-StateMachineUpdater: Took a snapshot at index 3
2019-09-28 06:50:56,131 [9ab61eb8-0da8-412c-bec0-c0b2863e5c0c@group-24F6C351D8FB-StateMachineUpdater] INFO  impl.StateMachineUpdater (StateMachineUpdater.java:lambda$new$0(83)) - 9ab61eb8-0da8-412c-bec0-c0b2863e5c0c@group-24F6C351D8FB-StateMachineUpdater: snapshotIndex: updateIncreasingly 3 -> 3
2019-09-28 06:50:56,131 [ForkJoinPool.commonPool-worker-0] INFO  server.GrpcService (GrpcService.java:closeImpl(164)) - bb7a0018-9dff-480a-8fd9-59e58ac2575d: shutdown server with port 37928 now
2019-09-28 06:50:56,131 [main] INFO  impl.RaftServerImpl (ServerState.java:close(385)) - 9ab61eb8-0da8-412c-bec0-c0b2863e5c0c@group-24F6C351D8FB: closes. applyIndex: 4
2019-09-28 06:50:56,132 [9ab61eb8-0da8-412c-bec0-c0b2863e5c0c@group-24F6C351D8FB-SegmentedRaftLogWorker] INFO  segmented.SegmentedRaftLogWorker (SegmentedRaftLogWorker.java:run(313)) - 9ab61eb8-0da8-412c-bec0-c0b2863e5c0c@group-24F6C351D8FB-SegmentedRaftLogWorker was interrupted, exiting. There are 0 tasks remaining in the queue.
2019-09-28 06:50:56,132 [grpc-default-executor-9] WARN  client.GrpcClientProtocolService (LogUtils.java:warn(134)) - 1-UnorderedRequestStreamObserver1: onError: org.apache.ratis.thirdparty.io.grpc.StatusRuntimeException: CANCELLED: cancelled before receiving half close
2019-09-28 06:50:56,134 [ForkJoinPool.commonPool-worker-0] INFO  server.GrpcService (GrpcService.java:closeImpl(172)) - bb7a0018-9dff-480a-8fd9-59e58ac2575d: shutdown server with port 37928 successfully
2019-09-28 06:50:56,134 [main] INFO  segmented.SegmentedRaftLogWorker (SegmentedRaftLogWorker.java:close(228)) - 9ab61eb8-0da8-412c-bec0-c0b2863e5c0c@group-24F6C351D8FB-SegmentedRaftLogWorker close()
2019-09-28 06:50:56,138 [main] INFO  server.GrpcService (GrpcService.java:closeImpl(164)) - 9ab61eb8-0da8-412c-bec0-c0b2863e5c0c: shutdown server with port 37566 now
2019-09-28 06:50:56,138 [grpc-default-executor-4] WARN  server.GrpcServerProtocolService (LogUtils.java:warn(134)) - 9ab61eb8-0da8-412c-bec0-c0b2863e5c0c: installSnapshot onError, lastRequest: 6ec37010-c9c3-47a1-9200-a5346984dcfb->9ab61eb8-0da8-412c-bec0-c0b2863e5c0c#7-t2, previous=(t:2, i:4), leaderCommit=4, initializing? false, entries: <empty>: org.apache.ratis.thirdparty.io.grpc.StatusRuntimeException: CANCELLED: cancelled before receiving half close
2019-09-28 06:50:56,138 [main] INFO  server.GrpcService (GrpcService.java:closeImpl(172)) - 9ab61eb8-0da8-412c-bec0-c0b2863e5c0c: shutdown server with port 37566 successfully
2019-09-28 06:50:56,139 [grpc-default-executor-11] WARN  server.GrpcLogAppender (LogUtils.java:warn(134)) - 6ec37010-c9c3-47a1-9200-a5346984dcfb@group-24F6C351D8FB->9ab61eb8-0da8-412c-bec0-c0b2863e5c0c-AppendLogResponseHandler: Failed appendEntries: org.apache.ratis.thirdparty.io.grpc.StatusRuntimeException: CANCELLED: HTTP/2 error code: CANCEL
Received Rst Stream
2019-09-28 06:50:56,139 [grpc-default-executor-11] INFO  impl.FollowerInfo (FollowerInfo.java:lambda$new$0(51)) - 6ec37010-c9c3-47a1-9200-a5346984dcfb@group-24F6C351D8FB->9ab61eb8-0da8-412c-bec0-c0b2863e5c0c: nextIndex: updateUnconditionally 5 -> 4
2019-09-28 06:50:56,140 [refreshUsed-/workdir/hadoop-ozone/integration-test/target/test-dir/MiniOzoneClusterImpl-20dc5c4d-f858-40ba-b097-a7c1cdb8c191/datanode-4/data/containers] WARN  fs.CachingGetSpaceUsed (CachingGetSpaceUsed.java:run(183)) - Thread Interrupted waiting to refresh disk information: sleep interrupted
2019-09-28 06:50:56,141 [refreshUsed-/workdir/hadoop-ozone/integration-test/target/test-dir/MiniOzoneClusterImpl-20dc5c4d-f858-40ba-b097-a7c1cdb8c191/datanode-1/data/containers] WARN  fs.CachingGetSpaceUsed (CachingGetSpaceUsed.java:run(183)) - Thread Interrupted waiting to refresh disk information: sleep interrupted
2019-09-28 06:50:56,158 [main] INFO  utils.BackgroundService (BackgroundService.java:shutdown(148)) - Shutting down service BlockDeletingService
2019-09-28 06:50:56,165 [main] INFO  statemachine.DatanodeStateMachine (DatanodeStateMachine.java:stopDaemon(395)) - Ozone container server stopped.
2019-09-28 06:50:56,167 [main] INFO  handler.ContextHandler (ContextHandler.java:doStop(910)) - Stopped o.e.j.w.WebAppContext@6cc48a17{/,null,UNAVAILABLE}{/hddsDatanode}
2019-09-28 06:50:56,167 [ForkJoinPool.commonPool-worker-0] INFO  utils.BackgroundService (BackgroundService.java:shutdown(148)) - Shutting down service BlockDeletingService
2019-09-28 06:50:56,167 [main] INFO  server.AbstractConnector (AbstractConnector.java:doStop(318)) - Stopped ServerConnector@289f15e9{HTTP/1.1,[http/1.1]}{0.0.0.0:0}
2019-09-28 06:50:56,174 [ForkJoinPool.commonPool-worker-0] INFO  statemachine.DatanodeStateMachine (DatanodeStateMachine.java:stopDaemon(395)) - Ozone container server stopped.
2019-09-28 06:50:56,176 [main] INFO  handler.ContextHandler (ContextHandler.java:doStop(910)) - Stopped o.e.j.s.ServletContextHandler@9b367c8{/static,jar:file:/home/user/.m2/repository/org/apache/hadoop/hadoop-hdds-container-service/0.5.0-SNAPSHOT/hadoop-hdds-container-service-0.5.0-SNAPSHOT.jar!/webapps/static,UNAVAILABLE}
2019-09-28 06:50:56,179 [main] INFO  handler.ContextHandler (ContextHandler.java:doStop(910)) - Stopped o.e.j.s.ServletContextHandler@256589a1{/logs,file:///workdir/hadoop-ozone/integration-test/target/log,UNAVAILABLE}
2019-09-28 06:50:56,181 [ForkJoinPool.commonPool-worker-0] INFO  handler.ContextHandler (ContextHandler.java:doStop(910)) - Stopped o.e.j.w.WebAppContext@58a3d521{/,null,UNAVAILABLE}{/hddsDatanode}
2019-09-28 06:50:56,182 [ForkJoinPool.commonPool-worker-0] INFO  server.AbstractConnector (AbstractConnector.java:doStop(318)) - Stopped ServerConnector@14d8e132{HTTP/1.1,[http/1.1]}{0.0.0.0:0}
2019-09-28 06:50:56,184 [ForkJoinPool.commonPool-worker-0] INFO  handler.ContextHandler (ContextHandler.java:doStop(910)) - Stopped o.e.j.s.ServletContextHandler@497ed877{/static,jar:file:/home/user/.m2/repository/org/apache/hadoop/hadoop-hdds-container-service/0.5.0-SNAPSHOT/hadoop-hdds-container-service-0.5.0-SNAPSHOT.jar!/webapps/static,UNAVAILABLE}
2019-09-28 06:50:56,186 [ForkJoinPool.commonPool-worker-0] INFO  handler.ContextHandler (ContextHandler.java:doStop(910)) - Stopped o.e.j.s.ServletContextHandler@69a5c6be{/logs,file:///workdir/hadoop-ozone/integration-test/target/log,UNAVAILABLE}
2019-09-28 06:50:56,458 [Datanode State Machine Thread - 0] INFO  statemachine.DatanodeStateMachine (DatanodeStateMachine.java:lambda$startDaemon$0(350)) - Ozone container server started.
2019-09-28 06:50:56,881 [Datanode State Machine Thread - 0] INFO  statemachine.DatanodeStateMachine (DatanodeStateMachine.java:lambda$startDaemon$0(350)) - Ozone container server started.
2019-09-28 06:50:57,916 [grpc-default-executor-9] WARN  server.GrpcLogAppender (LogUtils.java:warn(134)) - 6ec37010-c9c3-47a1-9200-a5346984dcfb@group-24F6C351D8FB->9ab61eb8-0da8-412c-bec0-c0b2863e5c0c-AppendLogResponseHandler: Failed appendEntries: org.apache.ratis.thirdparty.io.grpc.StatusRuntimeException: UNAVAILABLE: io exception
2019-09-28 06:50:57,916 [grpc-default-executor-9] INFO  impl.FollowerInfo (FollowerInfo.java:lambda$new$0(51)) - 6ec37010-c9c3-47a1-9200-a5346984dcfb@group-24F6C351D8FB->9ab61eb8-0da8-412c-bec0-c0b2863e5c0c: nextIndex: updateUnconditionally 5 -> 4
2019-09-28 06:50:57,930 [grpc-default-executor-11] WARN  server.GrpcLogAppender (LogUtils.java:warn(134)) - 6ec37010-c9c3-47a1-9200-a5346984dcfb@group-24F6C351D8FB->9ab61eb8-0da8-412c-bec0-c0b2863e5c0c-AppendLogResponseHandler: Failed appendEntries: org.apache.ratis.thirdparty.io.grpc.StatusRuntimeException: UNAVAILABLE: io exception
2019-09-28 06:50:57,931 [grpc-default-executor-11] INFO  impl.FollowerInfo (FollowerInfo.java:lambda$new$0(51)) - 6ec37010-c9c3-47a1-9200-a5346984dcfb@group-24F6C351D8FB->9ab61eb8-0da8-412c-bec0-c0b2863e5c0c: nextIndex: updateUnconditionally 5 -> 4
2019-09-28 06:50:57,942 [grpc-default-executor-11] WARN  server.GrpcLogAppender (LogUtils.java:warn(134)) - 6ec37010-c9c3-47a1-9200-a5346984dcfb@group-24F6C351D8FB->9ab61eb8-0da8-412c-bec0-c0b2863e5c0c-AppendLogResponseHandler: Failed appendEntries: org.apache.ratis.thirdparty.io.grpc.StatusRuntimeException: UNAVAILABLE: io exception
2019-09-28 06:50:57,942 [grpc-default-executor-11] INFO  impl.FollowerInfo (FollowerInfo.java:lambda$new$0(51)) - 6ec37010-c9c3-47a1-9200-a5346984dcfb@group-24F6C351D8FB->9ab61eb8-0da8-412c-bec0-c0b2863e5c0c: nextIndex: updateUnconditionally 5 -> 4
2019-09-28 06:50:57,954 [RatisApplyTransactionExecutor 2] INFO  interfaces.Container (KeyValueContainer.java:flushAndSyncDB(386)) - Container 2 is synced with bcsId 3.
2019-09-28 06:50:57,954 [RatisApplyTransactionExecutor 2] INFO  interfaces.Container (KeyValueContainer.java:flushAndSyncDB(386)) - Container 2 is synced with bcsId 3.
2019-09-28 06:50:57,968 [RatisApplyTransactionExecutor 2] INFO  interfaces.Container (KeyValueContainer.java:flushAndSyncDB(386)) - Container 2 is synced with bcsId 3.
2019-09-28 06:50:57,969 [RatisApplyTransactionExecutor 2] INFO  interfaces.Container (KeyValueContainer.java:flushAndSyncDB(386)) - Container 2 is synced with bcsId 3.
2019-09-28 06:50:57,969 [RatisApplyTransactionExecutor 2] INFO  interfaces.Container (KeyValueContainer.java:close(335)) - Container 2 is closed with bcsId 3.
2019-09-28 06:50:57,970 [EventQueue-IncrementalContainerReportForIncrementalContainerReportHandler] INFO  container.IncrementalContainerReportHandler (AbstractContainerReportHandler.java:updateContainerState(176)) - Moving container #2 to CLOSED state, datanode 6ec37010-c9c3-47a1-9200-a5346984dcfb{ip: 192.168.151.105, host: pr-hdds-2202-m9h6s-3487434564, networkLocation: /default-rack, certSerialId: null} reported CLOSED replica.
2019-09-28 06:50:57,982 [RatisApplyTransactionExecutor 2] INFO  interfaces.Container (KeyValueContainer.java:close(335)) - Container 2 is closed with bcsId 3.
2019-09-28 06:51:00,447 [grpc-default-executor-4] WARN  server.GrpcLogAppender (LogUtils.java:warn(134)) - 6ec37010-c9c3-47a1-9200-a5346984dcfb@group-24F6C351D8FB->9ab61eb8-0da8-412c-bec0-c0b2863e5c0c-AppendLogResponseHandler: Failed appendEntries: org.apache.ratis.thirdparty.io.grpc.StatusRuntimeException: UNAVAILABLE: io exception
2019-09-28 06:51:00,448 [grpc-default-executor-4] INFO  impl.FollowerInfo (FollowerInfo.java:lambda$new$0(51)) - 6ec37010-c9c3-47a1-9200-a5346984dcfb@group-24F6C351D8FB->9ab61eb8-0da8-412c-bec0-c0b2863e5c0c: nextIndex: updateUnconditionally 4 -> 3
2019-09-28 06:51:00,472 [EventQueue-StaleNodeForStaleNodeHandler] INFO  node.StaleNodeHandler (StaleNodeHandler.java:onMessage(58)) - Datanode 5b2524e0-1373-4ae9-bf84-76001f7e06e4{ip: 192.168.151.105, host: pr-hdds-2202-m9h6s-3487434564, networkLocation: /default-rack, certSerialId: null} moved to stale state. Finalizing its pipelines [PipelineID=7642af21-c421-404d-8d3a-1f4db181918d, PipelineID=344e26c1-ba50-436a-897f-4f27612131d4]
2019-09-28 06:51:00,473 [EventQueue-StaleNodeForStaleNodeHandler] INFO  pipeline.SCMPipelineManager (SCMPipelineManager.java:finalizeAndDestroyPipeline(315)) - destroying pipeline:Pipeline[ Id: 7642af21-c421-404d-8d3a-1f4db181918d, Nodes: 1aedca0a-abf4-402e-a95f-5711575201c0{ip: 192.168.151.105, host: pr-hdds-2202-m9h6s-3487434564, networkLocation: /default-rack, certSerialId: null}5b2524e0-1373-4ae9-bf84-76001f7e06e4{ip: 192.168.151.105, host: pr-hdds-2202-m9h6s-3487434564, networkLocation: /default-rack, certSerialId: null}bb7a0018-9dff-480a-8fd9-59e58ac2575d{ip: 192.168.151.105, host: pr-hdds-2202-m9h6s-3487434564, networkLocation: /default-rack, certSerialId: null}, Type:RATIS, Factor:THREE, State:CLOSED]
2019-09-28 06:51:00,473 [EventQueue-StaleNodeForStaleNodeHandler] INFO  pipeline.SCMPipelineManager (SCMPipelineManager.java:finalizeAndDestroyPipeline(315)) - destroying pipeline:Pipeline[ Id: 344e26c1-ba50-436a-897f-4f27612131d4, Nodes: 5b2524e0-1373-4ae9-bf84-76001f7e06e4{ip: 192.168.151.105, host: pr-hdds-2202-m9h6s-3487434564, networkLocation: /default-rack, certSerialId: null}, Type:RATIS, Factor:ONE, State:OPEN]
2019-09-28 06:51:00,474 [EventQueue-StaleNodeForStaleNodeHandler] INFO  pipeline.PipelineStateManager (PipelineStateManager.java:finalizePipeline(123)) - Pipeline Pipeline[ Id: 344e26c1-ba50-436a-897f-4f27612131d4, Nodes: 5b2524e0-1373-4ae9-bf84-76001f7e06e4{ip: 192.168.151.105, host: pr-hdds-2202-m9h6s-3487434564, networkLocation: /default-rack, certSerialId: null}, Type:RATIS, Factor:ONE, State:CLOSED] moved to CLOSED state
2019-09-28 06:51:00,973 [EventQueue-StaleNodeForStaleNodeHandler] INFO  node.StaleNodeHandler (StaleNodeHandler.java:onMessage(58)) - Datanode dea5c579-b378-47c6-bc7f-f894534e83b6{ip: 192.168.151.105, host: pr-hdds-2202-m9h6s-3487434564, networkLocation: /default-rack, certSerialId: null} moved to stale state. Finalizing its pipelines [PipelineID=2750e59f-9a33-4570-8619-60f41555e79d, PipelineID=edcd737b-12a3-4d17-ae82-24f6c351d8fb]
2019-09-28 06:51:00,974 [EventQueue-StaleNodeForStaleNodeHandler] INFO  pipeline.SCMPipelineManager (SCMPipelineManager.java:finalizeAndDestroyPipeline(315)) - destroying pipeline:Pipeline[ Id: 2750e59f-9a33-4570-8619-60f41555e79d, Nodes: dea5c579-b378-47c6-bc7f-f894534e83b6{ip: 192.168.151.105, host: pr-hdds-2202-m9h6s-3487434564, networkLocation: /default-rack, certSerialId: null}, Type:RATIS, Factor:ONE, State:OPEN]
2019-09-28 06:51:00,974 [EventQueue-StaleNodeForStaleNodeHandler] INFO  pipeline.PipelineStateManager (PipelineStateManager.java:finalizePipeline(123)) - Pipeline Pipeline[ Id: 2750e59f-9a33-4570-8619-60f41555e79d, Nodes: dea5c579-b378-47c6-bc7f-f894534e83b6{ip: 192.168.151.105, host: pr-hdds-2202-m9h6s-3487434564, networkLocation: /default-rack, certSerialId: null}, Type:RATIS, Factor:ONE, State:CLOSED] moved to CLOSED state
2019-09-28 06:51:00,975 [EventQueue-StaleNodeForStaleNodeHandler] INFO  pipeline.SCMPipelineManager (SCMPipelineManager.java:finalizeAndDestroyPipeline(315)) - destroying pipeline:Pipeline[ Id: edcd737b-12a3-4d17-ae82-24f6c351d8fb, Nodes: dea5c579-b378-47c6-bc7f-f894534e83b6{ip: 192.168.151.105, host: pr-hdds-2202-m9h6s-3487434564, networkLocation: /default-rack, certSerialId: null}9ab61eb8-0da8-412c-bec0-c0b2863e5c0c{ip: 192.168.151.105, host: pr-hdds-2202-m9h6s-3487434564, networkLocation: /default-rack, certSerialId: null}6ec37010-c9c3-47a1-9200-a5346984dcfb{ip: 192.168.151.105, host: pr-hdds-2202-m9h6s-3487434564, networkLocation: /default-rack, certSerialId: null}, Type:RATIS, Factor:THREE, State:CLOSED]
2019-09-28 06:51:01,183 [main] INFO  ozoneimpl.OzoneContainer (OzoneContainer.java:stop(231)) - Attempting to stop container services.
2019-09-28 06:51:01,189 [ForkJoinPool.commonPool-worker-0] INFO  ozoneimpl.OzoneContainer (OzoneContainer.java:stop(231)) - Attempting to stop container services.
2019-09-28 06:51:01,192 [main] INFO  impl.RaftServerProxy (RaftServerProxy.java:lambda$close$4(314)) - dea5c579-b378-47c6-bc7f-f894534e83b6: close
2019-09-28 06:51:01,192 [ForkJoinPool.commonPool-worker-0] INFO  impl.RaftServerProxy (RaftServerProxy.java:lambda$close$4(314)) - 5b2524e0-1373-4ae9-bf84-76001f7e06e4: close
2019-09-28 06:51:01,192 [main] INFO  impl.RaftServerImpl (RaftServerImpl.java:lambda$shutdown$3(251)) - dea5c579-b378-47c6-bc7f-f894534e83b6@group-60F41555E79D: shutdown
2019-09-28 06:51:01,192 [ForkJoinPool.commonPool-worker-0] INFO  impl.RaftServerImpl (RaftServerImpl.java:lambda$shutdown$3(251)) - 5b2524e0-1373-4ae9-bf84-76001f7e06e4@group-1F4DB181918D: shutdown
2019-09-28 06:51:01,193 [main] INFO  util.JmxRegister (JmxRegister.java:unregister(73)) - Successfully un-registered JMX Bean with object name Ratis:service=RaftServer,group=group-60F41555E79D,id=dea5c579-b378-47c6-bc7f-f894534e83b6
2019-09-28 06:51:01,193 [ForkJoinPool.commonPool-worker-0] INFO  util.JmxRegister (JmxRegister.java:unregister(73)) - Successfully un-registered JMX Bean with object name Ratis:service=RaftServer,group=group-1F4DB181918D,id=5b2524e0-1373-4ae9-bf84-76001f7e06e4
2019-09-28 06:51:01,193 [main] INFO  impl.RoleInfo (RoleInfo.java:shutdownLeaderState(104)) - dea5c579-b378-47c6-bc7f-f894534e83b6: shutdown LeaderState
2019-09-28 06:51:01,194 [ForkJoinPool.commonPool-worker-0] INFO  impl.RoleInfo (RoleInfo.java:shutdownFollowerState(121)) - 5b2524e0-1373-4ae9-bf84-76001f7e06e4: shutdown FollowerState
2019-09-28 06:51:01,194 [main] INFO  impl.PendingRequests (PendingRequests.java:sendNotLeaderResponses(202)) - dea5c579-b378-47c6-bc7f-f894534e83b6-PendingRequests: sendNotLeaderResponses
2019-09-28 06:51:01,194 [Thread-2945] INFO  impl.FollowerState (FollowerState.java:run(115)) - 5b2524e0-1373-4ae9-bf84-76001f7e06e4: FollowerState was interrupted: java.lang.InterruptedException: sleep interrupted
2019-09-28 06:51:01,194 [ForkJoinPool.commonPool-worker-0] INFO  impl.StateMachineUpdater (StateMachineUpdater.java:stopAndJoin(125)) - 5b2524e0-1373-4ae9-bf84-76001f7e06e4@group-1F4DB181918D-StateMachineUpdater: set stopIndex = 16
2019-09-28 06:51:01,196 [main] INFO  impl.StateMachineUpdater (StateMachineUpdater.java:stopAndJoin(125)) - dea5c579-b378-47c6-bc7f-f894534e83b6@group-60F41555E79D-StateMachineUpdater: set stopIndex = 0
2019-09-28 06:51:01,195 [5b2524e0-1373-4ae9-bf84-76001f7e06e4@group-1F4DB181918D-StateMachineUpdater] INFO  ratis.ContainerStateMachine (ContainerStateMachine.java:takeSnapshot(289)) - group-1F4DB181918D: Taking a snapshot at:(t:1, i:16) file /workdir/hadoop-ozone/integration-test/target/test-dir/MiniOzoneClusterImpl-20dc5c4d-f858-40ba-b097-a7c1cdb8c191/datanode-2/data/ratis/7642af21-c421-404d-8d3a-1f4db181918d/sm/snapshot.1_16
2019-09-28 06:51:01,197 [main] INFO  impl.RaftServerImpl (ServerState.java:close(385)) - dea5c579-b378-47c6-bc7f-f894534e83b6@group-60F41555E79D: closes. applyIndex: 0
2019-09-28 06:51:01,198 [dea5c579-b378-47c6-bc7f-f894534e83b6@group-60F41555E79D-SegmentedRaftLogWorker] INFO  segmented.SegmentedRaftLogWorker (SegmentedRaftLogWorker.java:run(313)) - dea5c579-b378-47c6-bc7f-f894534e83b6@group-60F41555E79D-SegmentedRaftLogWorker was interrupted, exiting. There are 0 tasks remaining in the queue.
2019-09-28 06:51:01,200 [main] INFO  segmented.SegmentedRaftLogWorker (SegmentedRaftLogWorker.java:close(228)) - dea5c579-b378-47c6-bc7f-f894534e83b6@group-60F41555E79D-SegmentedRaftLogWorker close()
2019-09-28 06:51:01,204 [main] INFO  impl.RaftServerImpl (RaftServerImpl.java:lambda$shutdown$3(251)) - dea5c579-b378-47c6-bc7f-f894534e83b6@group-24F6C351D8FB: shutdown
2019-09-28 06:51:01,204 [main] INFO  util.JmxRegister (JmxRegister.java:unregister(73)) - Successfully un-registered JMX Bean with object name Ratis:service=RaftServer,group=group-24F6C351D8FB,id=dea5c579-b378-47c6-bc7f-f894534e83b6
2019-09-28 06:51:01,205 [main] INFO  impl.RoleInfo (RoleInfo.java:shutdownFollowerState(121)) - dea5c579-b378-47c6-bc7f-f894534e83b6: shutdown FollowerState
2019-09-28 06:51:01,205 [main] INFO  impl.StateMachineUpdater (StateMachineUpdater.java:stopAndJoin(125)) - dea5c579-b378-47c6-bc7f-f894534e83b6@group-24F6C351D8FB-StateMachineUpdater: set stopIndex = 6
2019-09-28 06:51:01,205 [Thread-3038] INFO  impl.FollowerState (FollowerState.java:run(115)) - dea5c579-b378-47c6-bc7f-f894534e83b6: FollowerState was interrupted: java.lang.InterruptedException: sleep interrupted
2019-09-28 06:51:01,205 [dea5c579-b378-47c6-bc7f-f894534e83b6@group-24F6C351D8FB-StateMachineUpdater] INFO  ratis.ContainerStateMachine (ContainerStateMachine.java:takeSnapshot(289)) - group-24F6C351D8FB: Taking a snapshot at:(t:2, i:5) file /workdir/hadoop-ozone/integration-test/target/test-dir/MiniOzoneClusterImpl-20dc5c4d-f858-40ba-b097-a7c1cdb8c191/datanode-3/data/ratis/edcd737b-12a3-4d17-ae82-24f6c351d8fb/sm/snapshot.2_5
2019-09-28 06:51:01,213 [dea5c579-b378-47c6-bc7f-f894534e83b6@group-24F6C351D8FB-StateMachineUpdater] INFO  ratis.ContainerStateMachine (ContainerStateMachine.java:takeSnapshot(300)) - group-24F6C351D8FB: Finished taking a snapshot at:(t:2, i:5) file:/workdir/hadoop-ozone/integration-test/target/test-dir/MiniOzoneClusterImpl-20dc5c4d-f858-40ba-b097-a7c1cdb8c191/datanode-3/data/ratis/edcd737b-12a3-4d17-ae82-24f6c351d8fb/sm/snapshot.2_5 time:8
2019-09-28 06:51:01,213 [5b2524e0-1373-4ae9-bf84-76001f7e06e4@group-1F4DB181918D-StateMachineUpdater] INFO  ratis.ContainerStateMachine (ContainerStateMachine.java:takeSnapshot(300)) - group-1F4DB181918D: Finished taking a snapshot at:(t:1, i:16) file:/workdir/hadoop-ozone/integration-test/target/test-dir/MiniOzoneClusterImpl-20dc5c4d-f858-40ba-b097-a7c1cdb8c191/datanode-2/data/ratis/7642af21-c421-404d-8d3a-1f4db181918d/sm/snapshot.1_16 time:19
2019-09-28 06:51:01,214 [dea5c579-b378-47c6-bc7f-f894534e83b6@group-24F6C351D8FB-StateMachineUpdater] INFO  impl.StateMachineUpdater (StateMachineUpdater.java:takeSnapshot(258)) - dea5c579-b378-47c6-bc7f-f894534e83b6@group-24F6C351D8FB-StateMachineUpdater: Took a snapshot at index 5
2019-09-28 06:51:01,214 [5b2524e0-1373-4ae9-bf84-76001f7e06e4@group-1F4DB181918D-StateMachineUpdater] INFO  impl.StateMachineUpdater (StateMachineUpdater.java:takeSnapshot(258)) - 5b2524e0-1373-4ae9-bf84-76001f7e06e4@group-1F4DB181918D-StateMachineUpdater: Took a snapshot at index 16
2019-09-28 06:51:01,214 [dea5c579-b378-47c6-bc7f-f894534e83b6@group-24F6C351D8FB-StateMachineUpdater] INFO  impl.StateMachineUpdater (StateMachineUpdater.java:lambda$new$0(83)) - dea5c579-b378-47c6-bc7f-f894534e83b6@group-24F6C351D8FB-StateMachineUpdater: snapshotIndex: updateIncreasingly -1 -> 5
2019-09-28 06:51:01,214 [5b2524e0-1373-4ae9-bf84-76001f7e06e4@group-1F4DB181918D-StateMachineUpdater] INFO  impl.StateMachineUpdater (StateMachineUpdater.java:lambda$new$0(83)) - 5b2524e0-1373-4ae9-bf84-76001f7e06e4@group-1F4DB181918D-StateMachineUpdater: snapshotIndex: updateIncreasingly -1 -> 16
2019-09-28 06:51:01,214 [dea5c579-b378-47c6-bc7f-f894534e83b6@group-24F6C351D8FB-StateMachineUpdater] INFO  ratis.ContainerStateMachine (ContainerStateMachine.java:takeSnapshot(289)) - group-24F6C351D8FB: Taking a snapshot at:(t:2, i:5) file /workdir/hadoop-ozone/integration-test/target/test-dir/MiniOzoneClusterImpl-20dc5c4d-f858-40ba-b097-a7c1cdb8c191/datanode-3/data/ratis/edcd737b-12a3-4d17-ae82-24f6c351d8fb/sm/snapshot.2_5
2019-09-28 06:51:01,214 [ForkJoinPool.commonPool-worker-0] INFO  impl.RaftServerImpl (ServerState.java:close(385)) - 5b2524e0-1373-4ae9-bf84-76001f7e06e4@group-1F4DB181918D: closes. applyIndex: 16
2019-09-28 06:51:01,215 [5b2524e0-1373-4ae9-bf84-76001f7e06e4@group-1F4DB181918D-SegmentedRaftLogWorker] INFO  segmented.SegmentedRaftLogWorker (SegmentedRaftLogWorker.java:run(313)) - 5b2524e0-1373-4ae9-bf84-76001f7e06e4@group-1F4DB181918D-SegmentedRaftLogWorker was interrupted, exiting. There are 0 tasks remaining in the queue.
2019-09-28 06:51:01,216 [ForkJoinPool.commonPool-worker-0] INFO  segmented.SegmentedRaftLogWorker (SegmentedRaftLogWorker.java:close(228)) - 5b2524e0-1373-4ae9-bf84-76001f7e06e4@group-1F4DB181918D-SegmentedRaftLogWorker close()
2019-09-28 06:51:01,219 [ForkJoinPool.commonPool-worker-0] INFO  impl.RaftServerImpl (RaftServerImpl.java:lambda$shutdown$3(251)) - 5b2524e0-1373-4ae9-bf84-76001f7e06e4@group-4F27612131D4: shutdown
2019-09-28 06:51:01,219 [ForkJoinPool.commonPool-worker-0] INFO  util.JmxRegister (JmxRegister.java:unregister(73)) - Successfully un-registered JMX Bean with object name Ratis:service=RaftServer,group=group-4F27612131D4,id=5b2524e0-1373-4ae9-bf84-76001f7e06e4
2019-09-28 06:51:01,219 [ForkJoinPool.commonPool-worker-0] INFO  impl.RoleInfo (RoleInfo.java:shutdownLeaderState(104)) - 5b2524e0-1373-4ae9-bf84-76001f7e06e4: shutdown LeaderState
2019-09-28 06:51:01,219 [ForkJoinPool.commonPool-worker-0] INFO  impl.PendingRequests (PendingRequests.java:sendNotLeaderResponses(202)) - 5b2524e0-1373-4ae9-bf84-76001f7e06e4-PendingRequests: sendNotLeaderResponses
2019-09-28 06:51:01,220 [ForkJoinPool.commonPool-worker-0] INFO  impl.StateMachineUpdater (StateMachineUpdater.java:stopAndJoin(125)) - 5b2524e0-1373-4ae9-bf84-76001f7e06e4@group-4F27612131D4-StateMachineUpdater: set stopIndex = 0
2019-09-28 06:51:01,220 [ForkJoinPool.commonPool-worker-0] INFO  impl.RaftServerImpl (ServerState.java:close(385)) - 5b2524e0-1373-4ae9-bf84-76001f7e06e4@group-4F27612131D4: closes. applyIndex: 0
2019-09-28 06:51:01,220 [5b2524e0-1373-4ae9-bf84-76001f7e06e4@group-4F27612131D4-SegmentedRaftLogWorker] INFO  segmented.SegmentedRaftLogWorker (SegmentedRaftLogWorker.java:run(313)) - 5b2524e0-1373-4ae9-bf84-76001f7e06e4@group-4F27612131D4-SegmentedRaftLogWorker was interrupted, exiting. There are 0 tasks remaining in the queue.
2019-09-28 06:51:01,222 [ForkJoinPool.commonPool-worker-0] INFO  segmented.SegmentedRaftLogWorker (SegmentedRaftLogWorker.java:close(228)) - 5b2524e0-1373-4ae9-bf84-76001f7e06e4@group-4F27612131D4-SegmentedRaftLogWorker close()
2019-09-28 06:51:01,225 [ForkJoinPool.commonPool-worker-0] INFO  server.GrpcService (GrpcService.java:closeImpl(164)) - 5b2524e0-1373-4ae9-bf84-76001f7e06e4: shutdown server with port 42084 now
2019-09-28 06:51:01,225 [ForkJoinPool.commonPool-worker-0] INFO  server.GrpcService (GrpcService.java:closeImpl(172)) - 5b2524e0-1373-4ae9-bf84-76001f7e06e4: shutdown server with port 42084 successfully
2019-09-28 06:51:01,227 [dea5c579-b378-47c6-bc7f-f894534e83b6@group-24F6C351D8FB-StateMachineUpdater] INFO  ratis.ContainerStateMachine (ContainerStateMachine.java:takeSnapshot(300)) - group-24F6C351D8FB: Finished taking a snapshot at:(t:2, i:5) file:/workdir/hadoop-ozone/integration-test/target/test-dir/MiniOzoneClusterImpl-20dc5c4d-f858-40ba-b097-a7c1cdb8c191/datanode-3/data/ratis/edcd737b-12a3-4d17-ae82-24f6c351d8fb/sm/snapshot.2_5 time:12
2019-09-28 06:51:01,227 [dea5c579-b378-47c6-bc7f-f894534e83b6@group-24F6C351D8FB-StateMachineUpdater] INFO  impl.StateMachineUpdater (StateMachineUpdater.java:takeSnapshot(258)) - dea5c579-b378-47c6-bc7f-f894534e83b6@group-24F6C351D8FB-StateMachineUpdater: Took a snapshot at index 5
2019-09-28 06:51:01,227 [dea5c579-b378-47c6-bc7f-f894534e83b6@group-24F6C351D8FB-StateMachineUpdater] INFO  impl.StateMachineUpdater (StateMachineUpdater.java:lambda$new$0(83)) - dea5c579-b378-47c6-bc7f-f894534e83b6@group-24F6C351D8FB-StateMachineUpdater: snapshotIndex: updateIncreasingly 5 -> 5
2019-09-28 06:51:01,227 [main] INFO  impl.RaftServerImpl (ServerState.java:close(385)) - dea5c579-b378-47c6-bc7f-f894534e83b6@group-24F6C351D8FB: closes. applyIndex: 6
2019-09-28 06:51:01,228 [dea5c579-b378-47c6-bc7f-f894534e83b6@group-24F6C351D8FB-SegmentedRaftLogWorker] INFO  segmented.SegmentedRaftLogWorker (SegmentedRaftLogWorker.java:run(313)) - dea5c579-b378-47c6-bc7f-f894534e83b6@group-24F6C351D8FB-SegmentedRaftLogWorker was interrupted, exiting. There are 0 tasks remaining in the queue.
2019-09-28 06:51:01,229 [main] INFO  segmented.SegmentedRaftLogWorker (SegmentedRaftLogWorker.java:close(228)) - dea5c579-b378-47c6-bc7f-f894534e83b6@group-24F6C351D8FB-SegmentedRaftLogWorker close()
2019-09-28 06:51:01,232 [main] INFO  server.GrpcService (GrpcService.java:closeImpl(164)) - dea5c579-b378-47c6-bc7f-f894534e83b6: shutdown server with port 34460 now
2019-09-28 06:51:01,233 [refreshUsed-/workdir/hadoop-ozone/integration-test/target/test-dir/MiniOzoneClusterImpl-20dc5c4d-f858-40ba-b097-a7c1cdb8c191/datanode-2/data/containers] WARN  fs.CachingGetSpaceUsed (CachingGetSpaceUsed.java:run(183)) - Thread Interrupted waiting to refresh disk information: sleep interrupted
2019-09-28 06:51:01,237 [grpc-default-executor-9] WARN  server.GrpcServerProtocolService (LogUtils.java:warn(134)) - dea5c579-b378-47c6-bc7f-f894534e83b6: installSnapshot onError, lastRequest: 6ec37010-c9c3-47a1-9200-a5346984dcfb->dea5c579-b378-47c6-bc7f-f894534e83b6#10-t2, previous=(t:2, i:6), leaderCommit=6, initializing? false, entries: <empty>: org.apache.ratis.thirdparty.io.grpc.StatusRuntimeException: CANCELLED: cancelled before receiving half close
2019-09-28 06:51:01,237 [main] INFO  server.GrpcService (GrpcService.java:closeImpl(172)) - dea5c579-b378-47c6-bc7f-f894534e83b6: shutdown server with port 34460 successfully
2019-09-28 06:51:01,237 [grpc-default-executor-4] WARN  server.GrpcLogAppender (LogUtils.java:warn(134)) - 6ec37010-c9c3-47a1-9200-a5346984dcfb@group-24F6C351D8FB->dea5c579-b378-47c6-bc7f-f894534e83b6-AppendLogResponseHandler: Failed appendEntries: org.apache.ratis.thirdparty.io.grpc.StatusRuntimeException: CANCELLED: HTTP/2 error code: CANCEL
Received Rst Stream
2019-09-28 06:51:01,238 [grpc-default-executor-4] INFO  impl.FollowerInfo (FollowerInfo.java:lambda$new$0(51)) - 6ec37010-c9c3-47a1-9200-a5346984dcfb@group-24F6C351D8FB->dea5c579-b378-47c6-bc7f-f894534e83b6: nextIndex: updateUnconditionally 7 -> 6
2019-09-28 06:51:01,238 [refreshUsed-/workdir/hadoop-ozone/integration-test/target/test-dir/MiniOzoneClusterImpl-20dc5c4d-f858-40ba-b097-a7c1cdb8c191/datanode-3/data/containers] WARN  fs.CachingGetSpaceUsed (CachingGetSpaceUsed.java:run(183)) - Thread Interrupted waiting to refresh disk information: sleep interrupted
2019-09-28 06:51:01,249 [main] INFO  utils.BackgroundService (BackgroundService.java:shutdown(148)) - Shutting down service BlockDeletingService
2019-09-28 06:51:01,254 [main] INFO  statemachine.DatanodeStateMachine (DatanodeStateMachine.java:stopDaemon(395)) - Ozone container server stopped.
2019-09-28 06:51:01,255 [main] INFO  handler.ContextHandler (ContextHandler.java:doStop(910)) - Stopped o.e.j.w.WebAppContext@6b063470{/,null,UNAVAILABLE}{/hddsDatanode}
2019-09-28 06:51:01,256 [main] INFO  server.AbstractConnector (AbstractConnector.java:doStop(318)) - Stopped ServerConnector@226d5af0{HTTP/1.1,[http/1.1]}{0.0.0.0:0}
2019-09-28 06:51:01,256 [main] INFO  handler.ContextHandler (ContextHandler.java:doStop(910)) - Stopped o.e.j.s.ServletContextHandler@55a0f011{/static,jar:file:/home/user/.m2/repository/org/apache/hadoop/hadoop-hdds-container-service/0.5.0-SNAPSHOT/hadoop-hdds-container-service-0.5.0-SNAPSHOT.jar!/webapps/static,UNAVAILABLE}
2019-09-28 06:51:01,256 [main] INFO  handler.ContextHandler (ContextHandler.java:doStop(910)) - Stopped o.e.j.s.ServletContextHandler@1c3b6963{/logs,file:///workdir/hadoop-ozone/integration-test/target/log,UNAVAILABLE}
2019-09-28 06:51:01,261 [ForkJoinPool.commonPool-worker-0] INFO  utils.BackgroundService (BackgroundService.java:shutdown(148)) - Shutting down service BlockDeletingService
2019-09-28 06:51:01,265 [ForkJoinPool.commonPool-worker-0] INFO  statemachine.DatanodeStateMachine (DatanodeStateMachine.java:stopDaemon(395)) - Ozone container server stopped.
2019-09-28 06:51:01,269 [ForkJoinPool.commonPool-worker-0] INFO  handler.ContextHandler (ContextHandler.java:doStop(910)) - Stopped o.e.j.w.WebAppContext@1e2445f6{/,null,UNAVAILABLE}{/hddsDatanode}
2019-09-28 06:51:01,270 [ForkJoinPool.commonPool-worker-0] INFO  server.AbstractConnector (AbstractConnector.java:doStop(318)) - Stopped ServerConnector@17ec335a{HTTP/1.1,[http/1.1]}{0.0.0.0:0}
2019-09-28 06:51:01,271 [ForkJoinPool.commonPool-worker-0] INFO  handler.ContextHandler (ContextHandler.java:doStop(910)) - Stopped o.e.j.s.ServletContextHandler@5ca4dce5{/static,jar:file:/home/user/.m2/repository/org/apache/hadoop/hadoop-hdds-container-service/0.5.0-SNAPSHOT/hadoop-hdds-container-service-0.5.0-SNAPSHOT.jar!/webapps/static,UNAVAILABLE}
2019-09-28 06:51:01,273 [ForkJoinPool.commonPool-worker-0] INFO  handler.ContextHandler (ContextHandler.java:doStop(910)) - Stopped o.e.j.s.ServletContextHandler@a3cba3a{/logs,file:///workdir/hadoop-ozone/integration-test/target/log,UNAVAILABLE}
2019-09-28 06:51:01,473 [Datanode State Machine Thread - 0] INFO  statemachine.DatanodeStateMachine (DatanodeStateMachine.java:lambda$startDaemon$0(350)) - Ozone container server started.
2019-09-28 06:51:02,119 [Datanode State Machine Thread - 0] INFO  statemachine.DatanodeStateMachine (DatanodeStateMachine.java:lambda$startDaemon$0(350)) - Ozone container server started.
2019-09-28 06:51:02,946 [grpc-default-executor-4] WARN  server.GrpcLogAppender (LogUtils.java:warn(134)) - 6ec37010-c9c3-47a1-9200-a5346984dcfb@group-24F6C351D8FB->9ab61eb8-0da8-412c-bec0-c0b2863e5c0c-AppendLogResponseHandler: Failed appendEntries: org.apache.ratis.thirdparty.io.grpc.StatusRuntimeException: UNAVAILABLE: io exception
2019-09-28 06:51:02,946 [grpc-default-executor-4] INFO  impl.FollowerInfo (FollowerInfo.java:lambda$new$0(51)) - 6ec37010-c9c3-47a1-9200-a5346984dcfb@group-24F6C351D8FB->9ab61eb8-0da8-412c-bec0-c0b2863e5c0c: nextIndex: updateUnconditionally 3 -> 2
2019-09-28 06:51:02,948 [grpc-default-executor-4] WARN  server.GrpcLogAppender (LogUtils.java:warn(134)) - 6ec37010-c9c3-47a1-9200-a5346984dcfb@group-24F6C351D8FB->dea5c579-b378-47c6-bc7f-f894534e83b6-AppendLogResponseHandler: Failed appendEntries: org.apache.ratis.thirdparty.io.grpc.StatusRuntimeException: UNAVAILABLE: io exception
2019-09-28 06:51:02,949 [grpc-default-executor-4] INFO  impl.FollowerInfo (FollowerInfo.java:lambda$new$0(51)) - 6ec37010-c9c3-47a1-9200-a5346984dcfb@group-24F6C351D8FB->dea5c579-b378-47c6-bc7f-f894534e83b6: nextIndex: updateUnconditionally 6 -> 5
2019-09-28 06:51:05,450 [grpc-default-executor-9] WARN  server.GrpcLogAppender (LogUtils.java:warn(134)) - 6ec37010-c9c3-47a1-9200-a5346984dcfb@group-24F6C351D8FB->dea5c579-b378-47c6-bc7f-f894534e83b6-AppendLogResponseHandler: Failed appendEntries: org.apache.ratis.thirdparty.io.grpc.StatusRuntimeException: UNAVAILABLE: io exception
2019-09-28 06:51:05,450 [grpc-default-executor-4] WARN  server.GrpcLogAppender (LogUtils.java:warn(134)) - 6ec37010-c9c3-47a1-9200-a5346984dcfb@group-24F6C351D8FB->9ab61eb8-0da8-412c-bec0-c0b2863e5c0c-AppendLogResponseHandler: Failed appendEntries: org.apache.ratis.thirdparty.io.grpc.StatusRuntimeException: UNAVAILABLE: io exception
2019-09-28 06:51:05,451 [grpc-default-executor-9] INFO  impl.FollowerInfo (FollowerInfo.java:lambda$new$0(51)) - 6ec37010-c9c3-47a1-9200-a5346984dcfb@group-24F6C351D8FB->dea5c579-b378-47c6-bc7f-f894534e83b6: nextIndex: updateUnconditionally 5 -> 4
2019-09-28 06:51:05,451 [grpc-default-executor-4] INFO  impl.FollowerInfo (FollowerInfo.java:lambda$new$0(51)) - 6ec37010-c9c3-47a1-9200-a5346984dcfb@group-24F6C351D8FB->9ab61eb8-0da8-412c-bec0-c0b2863e5c0c: nextIndex: updateUnconditionally 2 -> 1
2019-09-28 06:51:05,478 [EventQueue-StaleNodeForStaleNodeHandler] INFO  node.StaleNodeHandler (StaleNodeHandler.java:onMessage(58)) - Datanode 1aedca0a-abf4-402e-a95f-5711575201c0{ip: 192.168.151.105, host: pr-hdds-2202-m9h6s-3487434564, networkLocation: /default-rack, certSerialId: null} moved to stale state. Finalizing its pipelines [PipelineID=7642af21-c421-404d-8d3a-1f4db181918d, PipelineID=01fd5a80-3c50-4567-8df5-4d159cc19454]
2019-09-28 06:51:05,479 [EventQueue-StaleNodeForStaleNodeHandler] INFO  pipeline.SCMPipelineManager (SCMPipelineManager.java:finalizeAndDestroyPipeline(315)) - destroying pipeline:Pipeline[ Id: 7642af21-c421-404d-8d3a-1f4db181918d, Nodes: 1aedca0a-abf4-402e-a95f-5711575201c0{ip: 192.168.151.105, host: pr-hdds-2202-m9h6s-3487434564, networkLocation: /default-rack, certSerialId: null}5b2524e0-1373-4ae9-bf84-76001f7e06e4{ip: 192.168.151.105, host: pr-hdds-2202-m9h6s-3487434564, networkLocation: /default-rack, certSerialId: null}bb7a0018-9dff-480a-8fd9-59e58ac2575d{ip: 192.168.151.105, host: pr-hdds-2202-m9h6s-3487434564, networkLocation: /default-rack, certSerialId: null}, Type:RATIS, Factor:THREE, State:CLOSED]
2019-09-28 06:51:05,479 [EventQueue-StaleNodeForStaleNodeHandler] INFO  pipeline.SCMPipelineManager (SCMPipelineManager.java:finalizeAndDestroyPipeline(315)) - destroying pipeline:Pipeline[ Id: 01fd5a80-3c50-4567-8df5-4d159cc19454, Nodes: 1aedca0a-abf4-402e-a95f-5711575201c0{ip: 192.168.151.105, host: pr-hdds-2202-m9h6s-3487434564, networkLocation: /default-rack, certSerialId: null}, Type:RATIS, Factor:ONE, State:OPEN]
2019-09-28 06:51:05,479 [EventQueue-StaleNodeForStaleNodeHandler] INFO  pipeline.PipelineStateManager (PipelineStateManager.java:finalizePipeline(123)) - Pipeline Pipeline[ Id: 01fd5a80-3c50-4567-8df5-4d159cc19454, Nodes: 1aedca0a-abf4-402e-a95f-5711575201c0{ip: 192.168.151.105, host: pr-hdds-2202-m9h6s-3487434564, networkLocation: /default-rack, certSerialId: null}, Type:RATIS, Factor:ONE, State:CLOSED] moved to CLOSED state
2019-09-28 06:51:05,585 [Thread-2944] INFO  impl.FollowerState (FollowerState.java:run(106)) - 1aedca0a-abf4-402e-a95f-5711575201c0:group-1F4DB181918D changes to CANDIDATE, lastRpcTime:9882, electionTimeout:5007ms
2019-09-28 06:51:05,588 [Thread-2944] INFO  impl.RoleInfo (RoleInfo.java:shutdownFollowerState(121)) - 1aedca0a-abf4-402e-a95f-5711575201c0: shutdown FollowerState
2019-09-28 06:51:05,588 [Thread-2944] INFO  impl.RaftServerImpl (RaftServerImpl.java:setRole(174)) - 1aedca0a-abf4-402e-a95f-5711575201c0@group-1F4DB181918D: changes role from  FOLLOWER to CANDIDATE at term 1 for changeToCandidate
2019-09-28 06:51:05,588 [Thread-2944] INFO  impl.RoleInfo (RoleInfo.java:updateAndGet(143)) - 1aedca0a-abf4-402e-a95f-5711575201c0: start LeaderElection
2019-09-28 06:51:05,590 [1aedca0a-abf4-402e-a95f-5711575201c0@group-1F4DB181918D:LeaderElection64] INFO  impl.RaftServerImpl (ServerState.java:setLeader(253)) - 1aedca0a-abf4-402e-a95f-5711575201c0@group-1F4DB181918D: change Leader from bb7a0018-9dff-480a-8fd9-59e58ac2575d to null at term 1 for initElection
2019-09-28 06:51:05,606 [1aedca0a-abf4-402e-a95f-5711575201c0@group-1F4DB181918D:LeaderElection64] INFO  impl.LeaderElection (LeaderElection.java:askForVotes(182)) - 1aedca0a-abf4-402e-a95f-5711575201c0@group-1F4DB181918D:LeaderElection64: begin an election at term 2 for 0: [1aedca0a-abf4-402e-a95f-5711575201c0:192.168.151.105:36668, 5b2524e0-1373-4ae9-bf84-76001f7e06e4:192.168.151.105:42084, bb7a0018-9dff-480a-8fd9-59e58ac2575d:192.168.151.105:37928], old=null
2019-09-28 06:51:05,608 [1aedca0a-abf4-402e-a95f-5711575201c0@group-1F4DB181918D:LeaderElection64] INFO  impl.LeaderElection (LogUtils.java:infoOrTrace(149)) - 1aedca0a-abf4-402e-a95f-5711575201c0@group-1F4DB181918D:LeaderElection64 got exception when requesting votes: {}
java.util.concurrent.ExecutionException: org.apache.ratis.thirdparty.io.grpc.StatusRuntimeException: UNAVAILABLE: io exception
	at java.util.concurrent.FutureTask.report(FutureTask.java:122)
	at java.util.concurrent.FutureTask.get(FutureTask.java:192)
	at org.apache.ratis.server.impl.LeaderElection.waitForResults(LeaderElection.java:263)
	at org.apache.ratis.server.impl.LeaderElection.askForVotes(LeaderElection.java:201)
	at org.apache.ratis.server.impl.LeaderElection.run(LeaderElection.java:133)
	at java.lang.Thread.run(Thread.java:748)
Caused by: org.apache.ratis.thirdparty.io.grpc.StatusRuntimeException: UNAVAILABLE: io exception
	at org.apache.ratis.thirdparty.io.grpc.stub.ClientCalls.toStatusRuntimeException(ClientCalls.java:233)
	at org.apache.ratis.thirdparty.io.grpc.stub.ClientCalls.getUnchecked(ClientCalls.java:214)
	at org.apache.ratis.thirdparty.io.grpc.stub.ClientCalls.blockingUnaryCall(ClientCalls.java:139)
	at org.apache.ratis.proto.grpc.RaftServerProtocolServiceGrpc$RaftServerProtocolServiceBlockingStub.requestVote(RaftServerProtocolServiceGrpc.java:265)
	at org.apache.ratis.grpc.server.GrpcServerProtocolClient.requestVote(GrpcServerProtocolClient.java:90)
	at org.apache.ratis.grpc.server.GrpcService.requestVote(GrpcService.java:204)
	at org.apache.ratis.server.impl.LeaderElection.lambda$submitRequests$1(LeaderElection.java:238)
	at java.util.concurrent.FutureTask.run(FutureTask.java:266)
	at java.util.concurrent.Executors$RunnableAdapter.call(Executors.java:511)
	at java.util.concurrent.FutureTask.run(FutureTask.java:266)
	at java.util.concurrent.ThreadPoolExecutor.runWorker(ThreadPoolExecutor.java:1149)
	at java.util.concurrent.ThreadPoolExecutor$Worker.run(ThreadPoolExecutor.java:624)
	... 1 more
Caused by: org.apache.ratis.thirdparty.io.netty.channel.AbstractChannel$AnnotatedConnectException: Connection refused: /192.168.151.105:37928
	at sun.nio.ch.SocketChannelImpl.checkConnect(Native Method)
	at sun.nio.ch.SocketChannelImpl.finishConnect(SocketChannelImpl.java:717)
	at org.apache.ratis.thirdparty.io.netty.channel.socket.nio.NioSocketChannel.doFinishConnect(NioSocketChannel.java:327)
	at org.apache.ratis.thirdparty.io.netty.channel.nio.AbstractNioChannel$AbstractNioUnsafe.finishConnect(AbstractNioChannel.java:340)
	at org.apache.ratis.thirdparty.io.netty.channel.nio.NioEventLoop.processSelectedKey(NioEventLoop.java:632)
	at org.apache.ratis.thirdparty.io.netty.channel.nio.NioEventLoop.processSelectedKeysOptimized(NioEventLoop.java:579)
	at org.apache.ratis.thirdparty.io.netty.channel.nio.NioEventLoop.processSelectedKeys(NioEventLoop.java:496)
	at org.apache.ratis.thirdparty.io.netty.channel.nio.NioEventLoop.run(NioEventLoop.java:458)
	at org.apache.ratis.thirdparty.io.netty.util.concurrent.SingleThreadEventExecutor$5.run(SingleThreadEventExecutor.java:897)
	at org.apache.ratis.thirdparty.io.netty.util.concurrent.FastThreadLocalRunnable.run(FastThreadLocalRunnable.java:30)
	... 1 more
Caused by: java.net.ConnectException: Connection refused
	... 11 more
2019-09-28 06:51:05,610 [1aedca0a-abf4-402e-a95f-5711575201c0@group-1F4DB181918D:LeaderElection64] INFO  impl.LeaderElection (LogUtils.java:infoOrTrace(149)) - 1aedca0a-abf4-402e-a95f-5711575201c0@group-1F4DB181918D:LeaderElection64 got exception when requesting votes: {}
java.util.concurrent.ExecutionException: org.apache.ratis.thirdparty.io.grpc.StatusRuntimeException: UNAVAILABLE: io exception
	at java.util.concurrent.FutureTask.report(FutureTask.java:122)
	at java.util.concurrent.FutureTask.get(FutureTask.java:192)
	at org.apache.ratis.server.impl.LeaderElection.waitForResults(LeaderElection.java:263)
	at org.apache.ratis.server.impl.LeaderElection.askForVotes(LeaderElection.java:201)
	at org.apache.ratis.server.impl.LeaderElection.run(LeaderElection.java:133)
	at java.lang.Thread.run(Thread.java:748)
Caused by: org.apache.ratis.thirdparty.io.grpc.StatusRuntimeException: UNAVAILABLE: io exception
	at org.apache.ratis.thirdparty.io.grpc.stub.ClientCalls.toStatusRuntimeException(ClientCalls.java:233)
	at org.apache.ratis.thirdparty.io.grpc.stub.ClientCalls.getUnchecked(ClientCalls.java:214)
	at org.apache.ratis.thirdparty.io.grpc.stub.ClientCalls.blockingUnaryCall(ClientCalls.java:139)
	at org.apache.ratis.proto.grpc.RaftServerProtocolServiceGrpc$RaftServerProtocolServiceBlockingStub.requestVote(RaftServerProtocolServiceGrpc.java:265)
	at org.apache.ratis.grpc.server.GrpcServerProtocolClient.requestVote(GrpcServerProtocolClient.java:90)
	at org.apache.ratis.grpc.server.GrpcService.requestVote(GrpcService.java:204)
	at org.apache.ratis.server.impl.LeaderElection.lambda$submitRequests$1(LeaderElection.java:238)
	at java.util.concurrent.FutureTask.run(FutureTask.java:266)
	at java.util.concurrent.Executors$RunnableAdapter.call(Executors.java:511)
	at java.util.concurrent.FutureTask.run(FutureTask.java:266)
	at java.util.concurrent.ThreadPoolExecutor.runWorker(ThreadPoolExecutor.java:1149)
	at java.util.concurrent.ThreadPoolExecutor$Worker.run(ThreadPoolExecutor.java:624)
	... 1 more
Caused by: org.apache.ratis.thirdparty.io.netty.channel.AbstractChannel$AnnotatedConnectException: Connection refused: /192.168.151.105:42084
	at sun.nio.ch.SocketChannelImpl.checkConnect(Native Method)
	at sun.nio.ch.SocketChannelImpl.finishConnect(SocketChannelImpl.java:717)
	at org.apache.ratis.thirdparty.io.netty.channel.socket.nio.NioSocketChannel.doFinishConnect(NioSocketChannel.java:327)
	at org.apache.ratis.thirdparty.io.netty.channel.nio.AbstractNioChannel$AbstractNioUnsafe.finishConnect(AbstractNioChannel.java:340)
	at org.apache.ratis.thirdparty.io.netty.channel.nio.NioEventLoop.processSelectedKey(NioEventLoop.java:632)
	at org.apache.ratis.thirdparty.io.netty.channel.nio.NioEventLoop.processSelectedKeysOptimized(NioEventLoop.java:579)
	at org.apache.ratis.thirdparty.io.netty.channel.nio.NioEventLoop.processSelectedKeys(NioEventLoop.java:496)
	at org.apache.ratis.thirdparty.io.netty.channel.nio.NioEventLoop.run(NioEventLoop.java:458)
	at org.apache.ratis.thirdparty.io.netty.util.concurrent.SingleThreadEventExecutor$5.run(SingleThreadEventExecutor.java:897)
	at org.apache.ratis.thirdparty.io.netty.util.concurrent.FastThreadLocalRunnable.run(FastThreadLocalRunnable.java:30)
	... 1 more
Caused by: java.net.ConnectException: Connection refused
	... 11 more
2019-09-28 06:51:05,611 [1aedca0a-abf4-402e-a95f-5711575201c0@group-1F4DB181918D:LeaderElection64] INFO  impl.LeaderElection (LeaderElection.java:logAndReturn(56)) - 1aedca0a-abf4-402e-a95f-5711575201c0@group-1F4DB181918D:LeaderElection64: Election REJECTED; received 0 response(s) [] and 2 exception(s); 1aedca0a-abf4-402e-a95f-5711575201c0@group-1F4DB181918D:t2, leader=null, voted=1aedca0a-abf4-402e-a95f-5711575201c0, raftlog=1aedca0a-abf4-402e-a95f-5711575201c0@group-1F4DB181918D-SegmentedRaftLog:OPENED:c16,f16,i16, conf=0: [1aedca0a-abf4-402e-a95f-5711575201c0:192.168.151.105:36668, 5b2524e0-1373-4ae9-bf84-76001f7e06e4:192.168.151.105:42084, bb7a0018-9dff-480a-8fd9-59e58ac2575d:192.168.151.105:37928], old=null
2019-09-28 06:51:05,611 [1aedca0a-abf4-402e-a95f-5711575201c0@group-1F4DB181918D:LeaderElection64] INFO  impl.LeaderElection (LogUtils.java:infoOrTrace(149)) -   Exception 0: {}
java.util.concurrent.ExecutionException: org.apache.ratis.thirdparty.io.grpc.StatusRuntimeException: UNAVAILABLE: io exception
	at java.util.concurrent.FutureTask.report(FutureTask.java:122)
	at java.util.concurrent.FutureTask.get(FutureTask.java:192)
	at org.apache.ratis.server.impl.LeaderElection.waitForResults(LeaderElection.java:263)
	at org.apache.ratis.server.impl.LeaderElection.askForVotes(LeaderElection.java:201)
	at org.apache.ratis.server.impl.LeaderElection.run(LeaderElection.java:133)
	at java.lang.Thread.run(Thread.java:748)
Caused by: org.apache.ratis.thirdparty.io.grpc.StatusRuntimeException: UNAVAILABLE: io exception
	at org.apache.ratis.thirdparty.io.grpc.stub.ClientCalls.toStatusRuntimeException(ClientCalls.java:233)
	at org.apache.ratis.thirdparty.io.grpc.stub.ClientCalls.getUnchecked(ClientCalls.java:214)
	at org.apache.ratis.thirdparty.io.grpc.stub.ClientCalls.blockingUnaryCall(ClientCalls.java:139)
	at org.apache.ratis.proto.grpc.RaftServerProtocolServiceGrpc$RaftServerProtocolServiceBlockingStub.requestVote(RaftServerProtocolServiceGrpc.java:265)
	at org.apache.ratis.grpc.server.GrpcServerProtocolClient.requestVote(GrpcServerProtocolClient.java:90)
	at org.apache.ratis.grpc.server.GrpcService.requestVote(GrpcService.java:204)
	at org.apache.ratis.server.impl.LeaderElection.lambda$submitRequests$1(LeaderElection.java:238)
	at java.util.concurrent.FutureTask.run(FutureTask.java:266)
	at java.util.concurrent.Executors$RunnableAdapter.call(Executors.java:511)
	at java.util.concurrent.FutureTask.run(FutureTask.java:266)
	at java.util.concurrent.ThreadPoolExecutor.runWorker(ThreadPoolExecutor.java:1149)
	at java.util.concurrent.ThreadPoolExecutor$Worker.run(ThreadPoolExecutor.java:624)
	... 1 more
Caused by: org.apache.ratis.thirdparty.io.netty.channel.AbstractChannel$AnnotatedConnectException: Connection refused: /192.168.151.105:37928
	at sun.nio.ch.SocketChannelImpl.checkConnect(Native Method)
	at sun.nio.ch.SocketChannelImpl.finishConnect(SocketChannelImpl.java:717)
	at org.apache.ratis.thirdparty.io.netty.channel.socket.nio.NioSocketChannel.doFinishConnect(NioSocketChannel.java:327)
	at org.apache.ratis.thirdparty.io.netty.channel.nio.AbstractNioChannel$AbstractNioUnsafe.finishConnect(AbstractNioChannel.java:340)
	at org.apache.ratis.thirdparty.io.netty.channel.nio.NioEventLoop.processSelectedKey(NioEventLoop.java:632)
	at org.apache.ratis.thirdparty.io.netty.channel.nio.NioEventLoop.processSelectedKeysOptimized(NioEventLoop.java:579)
	at org.apache.ratis.thirdparty.io.netty.channel.nio.NioEventLoop.processSelectedKeys(NioEventLoop.java:496)
	at org.apache.ratis.thirdparty.io.netty.channel.nio.NioEventLoop.run(NioEventLoop.java:458)
	at org.apache.ratis.thirdparty.io.netty.util.concurrent.SingleThreadEventExecutor$5.run(SingleThreadEventExecutor.java:897)
	at org.apache.ratis.thirdparty.io.netty.util.concurrent.FastThreadLocalRunnable.run(FastThreadLocalRunnable.java:30)
	... 1 more
Caused by: java.net.ConnectException: Connection refused
	... 11 more
2019-09-28 06:51:05,612 [1aedca0a-abf4-402e-a95f-5711575201c0@group-1F4DB181918D:LeaderElection64] INFO  impl.LeaderElection (LogUtils.java:infoOrTrace(149)) -   Exception 1: {}
java.util.concurrent.ExecutionException: org.apache.ratis.thirdparty.io.grpc.StatusRuntimeException: UNAVAILABLE: io exception
	at java.util.concurrent.FutureTask.report(FutureTask.java:122)
	at java.util.concurrent.FutureTask.get(FutureTask.java:192)
	at org.apache.ratis.server.impl.LeaderElection.waitForResults(LeaderElection.java:263)
	at org.apache.ratis.server.impl.LeaderElection.askForVotes(LeaderElection.java:201)
	at org.apache.ratis.server.impl.LeaderElection.run(LeaderElection.java:133)
	at java.lang.Thread.run(Thread.java:748)
Caused by: org.apache.ratis.thirdparty.io.grpc.StatusRuntimeException: UNAVAILABLE: io exception
	at org.apache.ratis.thirdparty.io.grpc.stub.ClientCalls.toStatusRuntimeException(ClientCalls.java:233)
	at org.apache.ratis.thirdparty.io.grpc.stub.ClientCalls.getUnchecked(ClientCalls.java:214)
	at org.apache.ratis.thirdparty.io.grpc.stub.ClientCalls.blockingUnaryCall(ClientCalls.java:139)
	at org.apache.ratis.proto.grpc.RaftServerProtocolServiceGrpc$RaftServerProtocolServiceBlockingStub.requestVote(RaftServerProtocolServiceGrpc.java:265)
	at org.apache.ratis.grpc.server.GrpcServerProtocolClient.requestVote(GrpcServerProtocolClient.java:90)
	at org.apache.ratis.grpc.server.GrpcService.requestVote(GrpcService.java:204)
	at org.apache.ratis.server.impl.LeaderElection.lambda$submitRequests$1(LeaderElection.java:238)
	at java.util.concurrent.FutureTask.run(FutureTask.java:266)
	at java.util.concurrent.Executors$RunnableAdapter.call(Executors.java:511)
	at java.util.concurrent.FutureTask.run(FutureTask.java:266)
	at java.util.concurrent.ThreadPoolExecutor.runWorker(ThreadPoolExecutor.java:1149)
	at java.util.concurrent.ThreadPoolExecutor$Worker.run(ThreadPoolExecutor.java:624)
	... 1 more
Caused by: org.apache.ratis.thirdparty.io.netty.channel.AbstractChannel$AnnotatedConnectException: Connection refused: /192.168.151.105:42084
	at sun.nio.ch.SocketChannelImpl.checkConnect(Native Method)
	at sun.nio.ch.SocketChannelImpl.finishConnect(SocketChannelImpl.java:717)
	at org.apache.ratis.thirdparty.io.netty.channel.socket.nio.NioSocketChannel.doFinishConnect(NioSocketChannel.java:327)
	at org.apache.ratis.thirdparty.io.netty.channel.nio.AbstractNioChannel$AbstractNioUnsafe.finishConnect(AbstractNioChannel.java:340)
	at org.apache.ratis.thirdparty.io.netty.channel.nio.NioEventLoop.processSelectedKey(NioEventLoop.java:632)
	at org.apache.ratis.thirdparty.io.netty.channel.nio.NioEventLoop.processSelectedKeysOptimized(NioEventLoop.java:579)
	at org.apache.ratis.thirdparty.io.netty.channel.nio.NioEventLoop.processSelectedKeys(NioEventLoop.java:496)
	at org.apache.ratis.thirdparty.io.netty.channel.nio.NioEventLoop.run(NioEventLoop.java:458)
	at org.apache.ratis.thirdparty.io.netty.util.concurrent.SingleThreadEventExecutor$5.run(SingleThreadEventExecutor.java:897)
	at org.apache.ratis.thirdparty.io.netty.util.concurrent.FastThreadLocalRunnable.run(FastThreadLocalRunnable.java:30)
	... 1 more
Caused by: java.net.ConnectException: Connection refused
	... 11 more
2019-09-28 06:51:05,612 [1aedca0a-abf4-402e-a95f-5711575201c0@group-1F4DB181918D:LeaderElection64] INFO  impl.RaftServerImpl (RaftServerImpl.java:setRole(174)) - 1aedca0a-abf4-402e-a95f-5711575201c0@group-1F4DB181918D: changes role from CANDIDATE to FOLLOWER at term 2 for DISCOVERED_A_NEW_TERM
2019-09-28 06:51:05,612 [1aedca0a-abf4-402e-a95f-5711575201c0@group-1F4DB181918D:LeaderElection64] INFO  impl.RoleInfo (RoleInfo.java:shutdownLeaderElection(134)) - 1aedca0a-abf4-402e-a95f-5711575201c0: shutdown LeaderElection
2019-09-28 06:51:05,612 [1aedca0a-abf4-402e-a95f-5711575201c0@group-1F4DB181918D:LeaderElection64] INFO  impl.RoleInfo (RoleInfo.java:updateAndGet(143)) - 1aedca0a-abf4-402e-a95f-5711575201c0: start FollowerState
2019-09-28 06:51:06,179 [EventQueue-StaleNodeForStaleNodeHandler] INFO  node.StaleNodeHandler (StaleNodeHandler.java:onMessage(58)) - Datanode fd88f408-da0f-424e-89f0-666fdcc7f52f{ip: 192.168.151.105, host: pr-hdds-2202-m9h6s-3487434564, networkLocation: /default-rack, certSerialId: null} moved to stale state. Finalizing its pipelines []
2019-09-28 06:51:06,258 [main] INFO  ozoneimpl.OzoneContainer (OzoneContainer.java:stop(231)) - Attempting to stop container services.
2019-09-28 06:51:06,259 [main] INFO  impl.RaftServerProxy (RaftServerProxy.java:lambda$close$4(314)) - fd88f408-da0f-424e-89f0-666fdcc7f52f: close
2019-09-28 06:51:06,260 [main] INFO  server.GrpcService (GrpcService.java:closeImpl(164)) - fd88f408-da0f-424e-89f0-666fdcc7f52f: shutdown server with port 41635 now
2019-09-28 06:51:06,261 [main] INFO  server.GrpcService (GrpcService.java:closeImpl(172)) - fd88f408-da0f-424e-89f0-666fdcc7f52f: shutdown server with port 41635 successfully
2019-09-28 06:51:06,267 [refreshUsed-/workdir/hadoop-ozone/integration-test/target/test-dir/MiniOzoneClusterImpl-20dc5c4d-f858-40ba-b097-a7c1cdb8c191/datanode-6/data/containers] WARN  fs.CachingGetSpaceUsed (CachingGetSpaceUsed.java:run(183)) - Thread Interrupted waiting to refresh disk information: sleep interrupted
2019-09-28 06:51:06,274 [ForkJoinPool.commonPool-worker-0] INFO  ozoneimpl.OzoneContainer (OzoneContainer.java:stop(231)) - Attempting to stop container services.
2019-09-28 06:51:06,275 [ForkJoinPool.commonPool-worker-0] INFO  impl.RaftServerProxy (RaftServerProxy.java:lambda$close$4(314)) - 1aedca0a-abf4-402e-a95f-5711575201c0: close
2019-09-28 06:51:06,275 [ForkJoinPool.commonPool-worker-0] INFO  impl.RaftServerImpl (RaftServerImpl.java:lambda$shutdown$3(251)) - 1aedca0a-abf4-402e-a95f-5711575201c0@group-1F4DB181918D: shutdown
2019-09-28 06:51:06,275 [ForkJoinPool.commonPool-worker-0] INFO  util.JmxRegister (JmxRegister.java:unregister(73)) - Successfully un-registered JMX Bean with object name Ratis:service=RaftServer,group=group-1F4DB181918D,id=1aedca0a-abf4-402e-a95f-5711575201c0
2019-09-28 06:51:06,276 [ForkJoinPool.commonPool-worker-0] INFO  impl.RoleInfo (RoleInfo.java:shutdownFollowerState(121)) - 1aedca0a-abf4-402e-a95f-5711575201c0: shutdown FollowerState
2019-09-28 06:51:06,276 [ForkJoinPool.commonPool-worker-0] INFO  impl.StateMachineUpdater (StateMachineUpdater.java:stopAndJoin(125)) - 1aedca0a-abf4-402e-a95f-5711575201c0@group-1F4DB181918D-StateMachineUpdater: set stopIndex = 16
2019-09-28 06:51:06,276 [1aedca0a-abf4-402e-a95f-5711575201c0@group-1F4DB181918D-StateMachineUpdater] INFO  ratis.ContainerStateMachine (ContainerStateMachine.java:takeSnapshot(289)) - group-1F4DB181918D: Taking a snapshot at:(t:1, i:16) file /workdir/hadoop-ozone/integration-test/target/test-dir/MiniOzoneClusterImpl-20dc5c4d-f858-40ba-b097-a7c1cdb8c191/datanode-0/data/ratis/7642af21-c421-404d-8d3a-1f4db181918d/sm/snapshot.1_16
2019-09-28 06:51:06,276 [Thread-3081] INFO  impl.FollowerState (FollowerState.java:run(115)) - 1aedca0a-abf4-402e-a95f-5711575201c0: FollowerState was interrupted: java.lang.InterruptedException: sleep interrupted
2019-09-28 06:51:06,289 [main] INFO  utils.BackgroundService (BackgroundService.java:shutdown(148)) - Shutting down service BlockDeletingService
2019-09-28 06:51:06,293 [main] INFO  statemachine.DatanodeStateMachine (DatanodeStateMachine.java:stopDaemon(395)) - Ozone container server stopped.
2019-09-28 06:51:06,295 [1aedca0a-abf4-402e-a95f-5711575201c0@group-1F4DB181918D-StateMachineUpdater] INFO  ratis.ContainerStateMachine (ContainerStateMachine.java:takeSnapshot(300)) - group-1F4DB181918D: Finished taking a snapshot at:(t:1, i:16) file:/workdir/hadoop-ozone/integration-test/target/test-dir/MiniOzoneClusterImpl-20dc5c4d-f858-40ba-b097-a7c1cdb8c191/datanode-0/data/ratis/7642af21-c421-404d-8d3a-1f4db181918d/sm/snapshot.1_16 time:19
2019-09-28 06:51:06,295 [main] INFO  handler.ContextHandler (ContextHandler.java:doStop(910)) - Stopped o.e.j.w.WebAppContext@4c635edc{/,null,UNAVAILABLE}{/hddsDatanode}
2019-09-28 06:51:06,296 [1aedca0a-abf4-402e-a95f-5711575201c0@group-1F4DB181918D-StateMachineUpdater] INFO  impl.StateMachineUpdater (StateMachineUpdater.java:takeSnapshot(258)) - 1aedca0a-abf4-402e-a95f-5711575201c0@group-1F4DB181918D-StateMachineUpdater: Took a snapshot at index 16
2019-09-28 06:51:06,296 [1aedca0a-abf4-402e-a95f-5711575201c0@group-1F4DB181918D-StateMachineUpdater] INFO  impl.StateMachineUpdater (StateMachineUpdater.java:lambda$new$0(83)) - 1aedca0a-abf4-402e-a95f-5711575201c0@group-1F4DB181918D-StateMachineUpdater: snapshotIndex: updateIncreasingly -1 -> 16
2019-09-28 06:51:06,297 [main] INFO  server.AbstractConnector (AbstractConnector.java:doStop(318)) - Stopped ServerConnector@4245bf68{HTTP/1.1,[http/1.1]}{0.0.0.0:0}
2019-09-28 06:51:06,297 [ForkJoinPool.commonPool-worker-0] INFO  impl.RaftServerImpl (ServerState.java:close(385)) - 1aedca0a-abf4-402e-a95f-5711575201c0@group-1F4DB181918D: closes. applyIndex: 16
2019-09-28 06:51:06,298 [main] INFO  handler.ContextHandler (ContextHandler.java:doStop(910)) - Stopped o.e.j.s.ServletContextHandler@65600fb3{/static,jar:file:/home/user/.m2/repository/org/apache/hadoop/hadoop-hdds-container-service/0.5.0-SNAPSHOT/hadoop-hdds-container-service-0.5.0-SNAPSHOT.jar!/webapps/static,UNAVAILABLE}
2019-09-28 06:51:06,298 [1aedca0a-abf4-402e-a95f-5711575201c0@group-1F4DB181918D-SegmentedRaftLogWorker] INFO  segmented.SegmentedRaftLogWorker (SegmentedRaftLogWorker.java:run(313)) - 1aedca0a-abf4-402e-a95f-5711575201c0@group-1F4DB181918D-SegmentedRaftLogWorker was interrupted, exiting. There are 0 tasks remaining in the queue.
2019-09-28 06:51:06,298 [main] INFO  handler.ContextHandler (ContextHandler.java:doStop(910)) - Stopped o.e.j.s.ServletContextHandler@73e1ecd0{/logs,file:///workdir/hadoop-ozone/integration-test/target/log,UNAVAILABLE}
2019-09-28 06:51:06,300 [ForkJoinPool.commonPool-worker-0] INFO  segmented.SegmentedRaftLogWorker (SegmentedRaftLogWorker.java:close(228)) - 1aedca0a-abf4-402e-a95f-5711575201c0@group-1F4DB181918D-SegmentedRaftLogWorker close()
2019-09-28 06:51:06,303 [ForkJoinPool.commonPool-worker-0] INFO  impl.RaftServerImpl (RaftServerImpl.java:lambda$shutdown$3(251)) - 1aedca0a-abf4-402e-a95f-5711575201c0@group-4D159CC19454: shutdown
2019-09-28 06:51:06,303 [ForkJoinPool.commonPool-worker-0] INFO  util.JmxRegister (JmxRegister.java:unregister(73)) - Successfully un-registered JMX Bean with object name Ratis:service=RaftServer,group=group-4D159CC19454,id=1aedca0a-abf4-402e-a95f-5711575201c0
2019-09-28 06:51:06,303 [ForkJoinPool.commonPool-worker-0] INFO  impl.RoleInfo (RoleInfo.java:shutdownLeaderState(104)) - 1aedca0a-abf4-402e-a95f-5711575201c0: shutdown LeaderState
2019-09-28 06:51:06,304 [ForkJoinPool.commonPool-worker-0] INFO  impl.PendingRequests (PendingRequests.java:sendNotLeaderResponses(202)) - 1aedca0a-abf4-402e-a95f-5711575201c0-PendingRequests: sendNotLeaderResponses
2019-09-28 06:51:06,304 [ForkJoinPool.commonPool-worker-0] INFO  impl.StateMachineUpdater (StateMachineUpdater.java:stopAndJoin(125)) - 1aedca0a-abf4-402e-a95f-5711575201c0@group-4D159CC19454-StateMachineUpdater: set stopIndex = 0
2019-09-28 06:51:06,305 [ForkJoinPool.commonPool-worker-0] INFO  impl.RaftServerImpl (ServerState.java:close(385)) - 1aedca0a-abf4-402e-a95f-5711575201c0@group-4D159CC19454: closes. applyIndex: 0
2019-09-28 06:51:06,305 [1aedca0a-abf4-402e-a95f-5711575201c0@group-4D159CC19454-SegmentedRaftLogWorker] INFO  segmented.SegmentedRaftLogWorker (SegmentedRaftLogWorker.java:run(313)) - 1aedca0a-abf4-402e-a95f-5711575201c0@group-4D159CC19454-SegmentedRaftLogWorker was interrupted, exiting. There are 0 tasks remaining in the queue.
2019-09-28 06:51:06,306 [ForkJoinPool.commonPool-worker-0] INFO  segmented.SegmentedRaftLogWorker (SegmentedRaftLogWorker.java:close(228)) - 1aedca0a-abf4-402e-a95f-5711575201c0@group-4D159CC19454-SegmentedRaftLogWorker close()
2019-09-28 06:51:06,311 [ForkJoinPool.commonPool-worker-0] INFO  server.GrpcService (GrpcService.java:closeImpl(164)) - 1aedca0a-abf4-402e-a95f-5711575201c0: shutdown server with port 36668 now
2019-09-28 06:51:06,311 [ForkJoinPool.commonPool-worker-0] INFO  server.GrpcService (GrpcService.java:closeImpl(172)) - 1aedca0a-abf4-402e-a95f-5711575201c0: shutdown server with port 36668 successfully
2019-09-28 06:51:06,313 [refreshUsed-/workdir/hadoop-ozone/integration-test/target/test-dir/MiniOzoneClusterImpl-20dc5c4d-f858-40ba-b097-a7c1cdb8c191/datanode-0/data/containers] WARN  fs.CachingGetSpaceUsed (CachingGetSpaceUsed.java:run(183)) - Thread Interrupted waiting to refresh disk information: sleep interrupted
2019-09-28 06:51:06,326 [ForkJoinPool.commonPool-worker-0] INFO  utils.BackgroundService (BackgroundService.java:shutdown(148)) - Shutting down service BlockDeletingService
2019-09-28 06:51:06,329 [ForkJoinPool.commonPool-worker-0] INFO  statemachine.DatanodeStateMachine (DatanodeStateMachine.java:stopDaemon(395)) - Ozone container server stopped.
2019-09-28 06:51:06,333 [ForkJoinPool.commonPool-worker-0] INFO  handler.ContextHandler (ContextHandler.java:doStop(910)) - Stopped o.e.j.w.WebAppContext@72a8361b{/,null,UNAVAILABLE}{/hddsDatanode}
2019-09-28 06:51:06,333 [ForkJoinPool.commonPool-worker-0] INFO  server.AbstractConnector (AbstractConnector.java:doStop(318)) - Stopped ServerConnector@36478bce{HTTP/1.1,[http/1.1]}{0.0.0.0:0}
2019-09-28 06:51:06,334 [ForkJoinPool.commonPool-worker-0] INFO  handler.ContextHandler (ContextHandler.java:doStop(910)) - Stopped o.e.j.s.ServletContextHandler@310d57b1{/static,jar:file:/home/user/.m2/repository/org/apache/hadoop/hadoop-hdds-container-service/0.5.0-SNAPSHOT/hadoop-hdds-container-service-0.5.0-SNAPSHOT.jar!/webapps/static,UNAVAILABLE}
2019-09-28 06:51:06,335 [ForkJoinPool.commonPool-worker-0] INFO  handler.ContextHandler (ContextHandler.java:doStop(910)) - Stopped o.e.j.s.ServletContextHandler@2055833f{/logs,file:///workdir/hadoop-ozone/integration-test/target/log,UNAVAILABLE}
2019-09-28 06:51:06,971 [Datanode State Machine Thread - 0] INFO  statemachine.DatanodeStateMachine (DatanodeStateMachine.java:lambda$startDaemon$0(350)) - Ozone container server started.
2019-09-28 06:51:07,949 [grpc-default-executor-10] WARN  server.GrpcLogAppender (LogUtils.java:warn(134)) - 6ec37010-c9c3-47a1-9200-a5346984dcfb@group-24F6C351D8FB->9ab61eb8-0da8-412c-bec0-c0b2863e5c0c-AppendLogResponseHandler: Failed appendEntries: org.apache.ratis.thirdparty.io.grpc.StatusRuntimeException: UNAVAILABLE: io exception
2019-09-28 06:51:07,949 [grpc-default-executor-10] INFO  impl.FollowerInfo (FollowerInfo.java:lambda$new$0(51)) - 6ec37010-c9c3-47a1-9200-a5346984dcfb@group-24F6C351D8FB->9ab61eb8-0da8-412c-bec0-c0b2863e5c0c: nextIndex: updateUnconditionally 1 -> 0
2019-09-28 06:51:07,949 [grpc-default-executor-10] WARN  server.GrpcLogAppender (LogUtils.java:warn(134)) - 6ec37010-c9c3-47a1-9200-a5346984dcfb@group-24F6C351D8FB->dea5c579-b378-47c6-bc7f-f894534e83b6-AppendLogResponseHandler: Failed appendEntries: org.apache.ratis.thirdparty.io.grpc.StatusRuntimeException: UNAVAILABLE: io exception
2019-09-28 06:51:07,949 [grpc-default-executor-10] INFO  impl.FollowerInfo (FollowerInfo.java:lambda$new$0(51)) - 6ec37010-c9c3-47a1-9200-a5346984dcfb@group-24F6C351D8FB->dea5c579-b378-47c6-bc7f-f894534e83b6: nextIndex: updateUnconditionally 4 -> 3
2019-09-28 06:51:10,455 [grpc-default-executor-10] WARN  server.GrpcLogAppender (LogUtils.java:warn(134)) - 6ec37010-c9c3-47a1-9200-a5346984dcfb@group-24F6C351D8FB->9ab61eb8-0da8-412c-bec0-c0b2863e5c0c-AppendLogResponseHandler: Failed appendEntries: org.apache.ratis.thirdparty.io.grpc.StatusRuntimeException: UNAVAILABLE: io exception
2019-09-28 06:51:10,455 [grpc-default-executor-4] WARN  server.GrpcLogAppender (LogUtils.java:warn(134)) - 6ec37010-c9c3-47a1-9200-a5346984dcfb@group-24F6C351D8FB->dea5c579-b378-47c6-bc7f-f894534e83b6-AppendLogResponseHandler: Failed appendEntries: org.apache.ratis.thirdparty.io.grpc.StatusRuntimeException: UNAVAILABLE: io exception
2019-09-28 06:51:10,456 [grpc-default-executor-4] INFO  impl.FollowerInfo (FollowerInfo.java:lambda$new$0(51)) - 6ec37010-c9c3-47a1-9200-a5346984dcfb@group-24F6C351D8FB->dea5c579-b378-47c6-bc7f-f894534e83b6: nextIndex: updateUnconditionally 3 -> 2
2019-09-28 06:51:10,456 [grpc-default-executor-10] INFO  impl.FollowerInfo (FollowerInfo.java:lambda$new$0(51)) - 6ec37010-c9c3-47a1-9200-a5346984dcfb@group-24F6C351D8FB->9ab61eb8-0da8-412c-bec0-c0b2863e5c0c: nextIndex: updateUnconditionally 0 -> 0
2019-09-28 06:51:10,989 [EventQueue-StaleNodeForStaleNodeHandler] INFO  node.StaleNodeHandler (StaleNodeHandler.java:onMessage(58)) - Datanode 6ec37010-c9c3-47a1-9200-a5346984dcfb{ip: 192.168.151.105, host: pr-hdds-2202-m9h6s-3487434564, networkLocation: /default-rack, certSerialId: null} moved to stale state. Finalizing its pipelines [PipelineID=45ab4bcc-2083-402a-a00f-b662d9beddfd, PipelineID=edcd737b-12a3-4d17-ae82-24f6c351d8fb]
2019-09-28 06:51:10,990 [EventQueue-StaleNodeForStaleNodeHandler] INFO  pipeline.SCMPipelineManager (SCMPipelineManager.java:finalizeAndDestroyPipeline(315)) - destroying pipeline:Pipeline[ Id: 45ab4bcc-2083-402a-a00f-b662d9beddfd, Nodes: 6ec37010-c9c3-47a1-9200-a5346984dcfb{ip: 192.168.151.105, host: pr-hdds-2202-m9h6s-3487434564, networkLocation: /default-rack, certSerialId: null}, Type:RATIS, Factor:ONE, State:OPEN]
2019-09-28 06:51:10,990 [EventQueue-StaleNodeForStaleNodeHandler] INFO  pipeline.PipelineStateManager (PipelineStateManager.java:finalizePipeline(123)) - Pipeline Pipeline[ Id: 45ab4bcc-2083-402a-a00f-b662d9beddfd, Nodes: 6ec37010-c9c3-47a1-9200-a5346984dcfb{ip: 192.168.151.105, host: pr-hdds-2202-m9h6s-3487434564, networkLocation: /default-rack, certSerialId: null}, Type:RATIS, Factor:ONE, State:CLOSED] moved to CLOSED state
2019-09-28 06:51:10,990 [EventQueue-StaleNodeForStaleNodeHandler] INFO  pipeline.SCMPipelineManager (SCMPipelineManager.java:finalizeAndDestroyPipeline(315)) - destroying pipeline:Pipeline[ Id: edcd737b-12a3-4d17-ae82-24f6c351d8fb, Nodes: dea5c579-b378-47c6-bc7f-f894534e83b6{ip: 192.168.151.105, host: pr-hdds-2202-m9h6s-3487434564, networkLocation: /default-rack, certSerialId: null}9ab61eb8-0da8-412c-bec0-c0b2863e5c0c{ip: 192.168.151.105, host: pr-hdds-2202-m9h6s-3487434564, networkLocation: /default-rack, certSerialId: null}6ec37010-c9c3-47a1-9200-a5346984dcfb{ip: 192.168.151.105, host: pr-hdds-2202-m9h6s-3487434564, networkLocation: /default-rack, certSerialId: null}, Type:RATIS, Factor:THREE, State:CLOSED]
2019-09-28 06:51:11,305 [main] INFO  ozoneimpl.OzoneContainer (OzoneContainer.java:stop(231)) - Attempting to stop container services.
2019-09-28 06:51:11,307 [main] INFO  impl.RaftServerProxy (RaftServerProxy.java:lambda$close$4(314)) - 6ec37010-c9c3-47a1-9200-a5346984dcfb: close
2019-09-28 06:51:11,308 [main] INFO  impl.RaftServerImpl (RaftServerImpl.java:lambda$shutdown$3(251)) - 6ec37010-c9c3-47a1-9200-a5346984dcfb@group-B662D9BEDDFD: shutdown
2019-09-28 06:51:11,308 [ForkJoinPool.commonPool-worker-1] INFO  impl.RaftServerImpl (RaftServerImpl.java:lambda$shutdown$3(251)) - 6ec37010-c9c3-47a1-9200-a5346984dcfb@group-24F6C351D8FB: shutdown
2019-09-28 06:51:11,310 [main] INFO  util.JmxRegister (JmxRegister.java:unregister(73)) - Successfully un-registered JMX Bean with object name Ratis:service=RaftServer,group=group-B662D9BEDDFD,id=6ec37010-c9c3-47a1-9200-a5346984dcfb
2019-09-28 06:51:11,310 [ForkJoinPool.commonPool-worker-1] INFO  util.JmxRegister (JmxRegister.java:unregister(73)) - Successfully un-registered JMX Bean with object name Ratis:service=RaftServer,group=group-24F6C351D8FB,id=6ec37010-c9c3-47a1-9200-a5346984dcfb
2019-09-28 06:51:11,311 [main] INFO  impl.RoleInfo (RoleInfo.java:shutdownLeaderState(104)) - 6ec37010-c9c3-47a1-9200-a5346984dcfb: shutdown LeaderState
2019-09-28 06:51:11,311 [ForkJoinPool.commonPool-worker-1] INFO  impl.RoleInfo (RoleInfo.java:shutdownLeaderState(104)) - 6ec37010-c9c3-47a1-9200-a5346984dcfb: shutdown LeaderState
2019-09-28 06:51:11,313 [main] INFO  impl.PendingRequests (PendingRequests.java:sendNotLeaderResponses(202)) - 6ec37010-c9c3-47a1-9200-a5346984dcfb-PendingRequests: sendNotLeaderResponses
2019-09-28 06:51:11,314 [org.apache.ratis.server.impl.LogAppender$AppenderDaemon$$Lambda$510/1990470102@39cf0a67] WARN  server.GrpcLogAppender (GrpcLogAppender.java:mayWait(143)) - 6ec37010-c9c3-47a1-9200-a5346984dcfb@group-24F6C351D8FB->dea5c579-b378-47c6-bc7f-f894534e83b6-GrpcLogAppender: Wait interrupted by java.lang.InterruptedException
2019-09-28 06:51:11,314 [ForkJoinPool.commonPool-worker-1] INFO  impl.PendingRequests (PendingRequests.java:sendNotLeaderResponses(202)) - 6ec37010-c9c3-47a1-9200-a5346984dcfb-PendingRequests: sendNotLeaderResponses
2019-09-28 06:51:11,314 [org.apache.ratis.server.impl.LogAppender$AppenderDaemon$$Lambda$510/1990470102@60a40f14] WARN  server.GrpcLogAppender (GrpcLogAppender.java:mayWait(143)) - 6ec37010-c9c3-47a1-9200-a5346984dcfb@group-24F6C351D8FB->9ab61eb8-0da8-412c-bec0-c0b2863e5c0c-GrpcLogAppender: Wait interrupted by java.lang.InterruptedException
2019-09-28 06:51:11,315 [main] INFO  impl.StateMachineUpdater (StateMachineUpdater.java:stopAndJoin(125)) - 6ec37010-c9c3-47a1-9200-a5346984dcfb@group-B662D9BEDDFD-StateMachineUpdater: set stopIndex = 0
2019-09-28 06:51:11,322 [main] INFO  impl.RaftServerImpl (ServerState.java:close(385)) - 6ec37010-c9c3-47a1-9200-a5346984dcfb@group-B662D9BEDDFD: closes. applyIndex: 0
2019-09-28 06:51:11,322 [ForkJoinPool.commonPool-worker-1] INFO  impl.StateMachineUpdater (StateMachineUpdater.java:stopAndJoin(125)) - 6ec37010-c9c3-47a1-9200-a5346984dcfb@group-24F6C351D8FB-StateMachineUpdater: set stopIndex = 6
2019-09-28 06:51:11,322 [6ec37010-c9c3-47a1-9200-a5346984dcfb@group-24F6C351D8FB-StateMachineUpdater] INFO  ratis.ContainerStateMachine (ContainerStateMachine.java:takeSnapshot(289)) - group-24F6C351D8FB: Taking a snapshot at:(t:2, i:6) file /workdir/hadoop-ozone/integration-test/target/test-dir/MiniOzoneClusterImpl-20dc5c4d-f858-40ba-b097-a7c1cdb8c191/datanode-5/data/ratis/edcd737b-12a3-4d17-ae82-24f6c351d8fb/sm/snapshot.2_6
2019-09-28 06:51:11,322 [6ec37010-c9c3-47a1-9200-a5346984dcfb@group-B662D9BEDDFD-SegmentedRaftLogWorker] INFO  segmented.SegmentedRaftLogWorker (SegmentedRaftLogWorker.java:run(313)) - 6ec37010-c9c3-47a1-9200-a5346984dcfb@group-B662D9BEDDFD-SegmentedRaftLogWorker was interrupted, exiting. There are 0 tasks remaining in the queue.
2019-09-28 06:51:11,323 [main] INFO  segmented.SegmentedRaftLogWorker (SegmentedRaftLogWorker.java:close(228)) - 6ec37010-c9c3-47a1-9200-a5346984dcfb@group-B662D9BEDDFD-SegmentedRaftLogWorker close()
2019-09-28 06:51:11,336 [6ec37010-c9c3-47a1-9200-a5346984dcfb@group-24F6C351D8FB-StateMachineUpdater] INFO  ratis.ContainerStateMachine (ContainerStateMachine.java:takeSnapshot(300)) - group-24F6C351D8FB: Finished taking a snapshot at:(t:2, i:6) file:/workdir/hadoop-ozone/integration-test/target/test-dir/MiniOzoneClusterImpl-20dc5c4d-f858-40ba-b097-a7c1cdb8c191/datanode-5/data/ratis/edcd737b-12a3-4d17-ae82-24f6c351d8fb/sm/snapshot.2_6 time:14
2019-09-28 06:51:11,336 [6ec37010-c9c3-47a1-9200-a5346984dcfb@group-24F6C351D8FB-StateMachineUpdater] INFO  impl.StateMachineUpdater (StateMachineUpdater.java:takeSnapshot(258)) - 6ec37010-c9c3-47a1-9200-a5346984dcfb@group-24F6C351D8FB-StateMachineUpdater: Took a snapshot at index 6
2019-09-28 06:51:11,337 [6ec37010-c9c3-47a1-9200-a5346984dcfb@group-24F6C351D8FB-StateMachineUpdater] INFO  impl.StateMachineUpdater (StateMachineUpdater.java:lambda$new$0(83)) - 6ec37010-c9c3-47a1-9200-a5346984dcfb@group-24F6C351D8FB-StateMachineUpdater: snapshotIndex: updateIncreasingly -1 -> 6
2019-09-28 06:51:11,337 [ForkJoinPool.commonPool-worker-1] INFO  impl.RaftServerImpl (ServerState.java:close(385)) - 6ec37010-c9c3-47a1-9200-a5346984dcfb@group-24F6C351D8FB: closes. applyIndex: 6
2019-09-28 06:51:11,338 [6ec37010-c9c3-47a1-9200-a5346984dcfb@group-24F6C351D8FB-SegmentedRaftLogWorker] INFO  segmented.SegmentedRaftLogWorker (SegmentedRaftLogWorker.java:run(313)) - 6ec37010-c9c3-47a1-9200-a5346984dcfb@group-24F6C351D8FB-SegmentedRaftLogWorker was interrupted, exiting. There are 0 tasks remaining in the queue.
2019-09-28 06:51:11,338 [ForkJoinPool.commonPool-worker-1] INFO  segmented.SegmentedRaftLogWorker (SegmentedRaftLogWorker.java:close(228)) - 6ec37010-c9c3-47a1-9200-a5346984dcfb@group-24F6C351D8FB-SegmentedRaftLogWorker close()
2019-09-28 06:51:11,339 [main] INFO  server.GrpcService (GrpcService.java:closeImpl(164)) - 6ec37010-c9c3-47a1-9200-a5346984dcfb: shutdown server with port 35921 now
2019-09-28 06:51:11,340 [main] INFO  server.GrpcService (GrpcService.java:closeImpl(172)) - 6ec37010-c9c3-47a1-9200-a5346984dcfb: shutdown server with port 35921 successfully
2019-09-28 06:51:11,343 [refreshUsed-/workdir/hadoop-ozone/integration-test/target/test-dir/MiniOzoneClusterImpl-20dc5c4d-f858-40ba-b097-a7c1cdb8c191/datanode-5/data/containers] WARN  fs.CachingGetSpaceUsed (CachingGetSpaceUsed.java:run(183)) - Thread Interrupted waiting to refresh disk information: sleep interrupted
2019-09-28 06:51:11,364 [main] INFO  utils.BackgroundService (BackgroundService.java:shutdown(148)) - Shutting down service BlockDeletingService
2019-09-28 06:51:11,368 [main] INFO  statemachine.DatanodeStateMachine (DatanodeStateMachine.java:stopDaemon(395)) - Ozone container server stopped.
2019-09-28 06:51:11,370 [main] INFO  handler.ContextHandler (ContextHandler.java:doStop(910)) - Stopped o.e.j.w.WebAppContext@621f23ac{/,null,UNAVAILABLE}{/hddsDatanode}
2019-09-28 06:51:11,371 [main] INFO  server.AbstractConnector (AbstractConnector.java:doStop(318)) - Stopped ServerConnector@7761e342{HTTP/1.1,[http/1.1]}{0.0.0.0:0}
2019-09-28 06:51:11,371 [main] INFO  handler.ContextHandler (ContextHandler.java:doStop(910)) - Stopped o.e.j.s.ServletContextHandler@5864e8bf{/static,jar:file:/home/user/.m2/repository/org/apache/hadoop/hadoop-hdds-container-service/0.5.0-SNAPSHOT/hadoop-hdds-container-service-0.5.0-SNAPSHOT.jar!/webapps/static,UNAVAILABLE}
2019-09-28 06:51:11,372 [main] INFO  handler.ContextHandler (ContextHandler.java:doStop(910)) - Stopped o.e.j.s.ServletContextHandler@2ab09943{/logs,file:///workdir/hadoop-ozone/integration-test/target/log,UNAVAILABLE}
2019-09-28 06:51:11,373 [main] INFO  ozone.MiniOzoneClusterImpl (MiniOzoneClusterImpl.java:stopSCM(392)) - Stopping the StorageContainerManager
2019-09-28 06:51:11,373 [main] INFO  server.StorageContainerManager (StorageContainerManager.java:stop(808)) - Stopping Replication Manager Service.
2019-09-28 06:51:11,373 [main] INFO  container.ReplicationManager (ReplicationManager.java:stop(203)) - Stopping Replication Monitor Thread.
2019-09-28 06:51:11,373 [main] INFO  server.StorageContainerManager (StorageContainerManager.java:stop(815)) - Stopping Lease Manager of the command watchers
2019-09-28 06:51:11,374 [main] INFO  server.StorageContainerManager (StorageContainerManager.java:stop(822)) - Stopping datanode service RPC server
2019-09-28 06:51:11,374 [main] INFO  server.SCMDatanodeProtocolServer (SCMDatanodeProtocolServer.java:stop(367)) - Stopping the RPC server for DataNodes
2019-09-28 06:51:11,374 [main] INFO  ipc.Server (Server.java:stop(3082)) - Stopping server on 35797
2019-09-28 06:51:11,377 [IPC Server listener on 35797] INFO  ipc.Server (Server.java:run(1185)) - Stopping IPC Server listener on 35797
2019-09-28 06:51:11,377 [IPC Server Responder] INFO  ipc.Server (Server.java:run(1319)) - Stopping IPC Server Responder
2019-09-28 06:51:11,389 [SCM Heartbeat Processing Thread - 0] WARN  node.NodeStateManager (NodeStateManager.java:scheduleNextHealthCheck(646)) - Current Thread is interrupted, shutting down HB processing thread for Node Manager.
2019-09-28 06:51:11,389 [main] INFO  server.StorageContainerManager (StorageContainerManager.java:stop(830)) - Stopping block service RPC server
2019-09-28 06:51:11,390 [main] INFO  server.SCMBlockProtocolServer (SCMBlockProtocolServer.java:stop(155)) - Stopping the RPC server for Block Protocol
2019-09-28 06:51:11,390 [main] INFO  ipc.Server (Server.java:stop(3082)) - Stopping server on 38251
2019-09-28 06:51:11,393 [IPC Server listener on 38251] INFO  ipc.Server (Server.java:run(1185)) - Stopping IPC Server listener on 38251
2019-09-28 06:51:11,393 [IPC Server Responder] INFO  ipc.Server (Server.java:run(1319)) - Stopping IPC Server Responder
2019-09-28 06:51:11,393 [main] INFO  server.StorageContainerManager (StorageContainerManager.java:stop(837)) - Stopping the StorageContainerLocationProtocol RPC server
2019-09-28 06:51:11,394 [main] INFO  server.SCMClientProtocolServer (SCMClientProtocolServer.java:stop(158)) - Stopping the RPC server for Client Protocol
2019-09-28 06:51:11,395 [main] INFO  ipc.Server (Server.java:stop(3082)) - Stopping server on 37448
2019-09-28 06:51:11,397 [main] INFO  server.StorageContainerManager (StorageContainerManager.java:stop(844)) - Stopping Storage Container Manager HTTP server.
2019-09-28 06:51:11,398 [IPC Server listener on 37448] INFO  ipc.Server (Server.java:run(1185)) - Stopping IPC Server listener on 37448
2019-09-28 06:51:11,398 [IPC Server Responder] INFO  ipc.Server (Server.java:run(1319)) - Stopping IPC Server Responder
2019-09-28 06:51:11,399 [main] INFO  handler.ContextHandler (ContextHandler.java:doStop(910)) - Stopped o.e.j.w.WebAppContext@22791b75{/,null,UNAVAILABLE}{/scm}
2019-09-28 06:51:11,400 [main] INFO  server.AbstractConnector (AbstractConnector.java:doStop(318)) - Stopped ServerConnector@64f4f12{HTTP/1.1,[http/1.1]}{0.0.0.0:0}
2019-09-28 06:51:11,400 [main] INFO  handler.ContextHandler (ContextHandler.java:doStop(910)) - Stopped o.e.j.s.ServletContextHandler@5c8d58ed{/static,file:///workdir/hadoop-ozone/integration-test/target/test-classes/webapps/static,UNAVAILABLE}
2019-09-28 06:51:11,401 [main] INFO  handler.ContextHandler (ContextHandler.java:doStop(910)) - Stopped o.e.j.s.ServletContextHandler@691567ea{/logs,file:///workdir/hadoop-ozone/integration-test/target/log,UNAVAILABLE}
2019-09-28 06:51:11,401 [main] INFO  server.StorageContainerManager (StorageContainerManager.java:stop(855)) - Stopping Block Manager Service.
2019-09-28 06:51:11,402 [main] INFO  utils.BackgroundService (BackgroundService.java:shutdown(148)) - Shutting down service SCMBlockDeletingService
2019-09-28 06:51:11,402 [main] INFO  utils.BackgroundService (BackgroundService.java:shutdown(148)) - Shutting down service SCMBlockDeletingService
2019-09-28 06:51:11,403 [main] INFO  server.StorageContainerManager (StorageContainerManager.java:stop(877)) - Stopping SCM Event Queue.
2019-09-28 06:51:11,408 [main] INFO  impl.MetricsSystemImpl (MetricsSystemImpl.java:stop(210)) - Stopping HddsDatanode metrics system...
2019-09-28 06:51:11,428 [main] INFO  impl.MetricsSystemImpl (MetricsSystemImpl.java:stop(216)) - HddsDatanode metrics system stopped.
]]></system-out>
    <system-err><![CDATA[Sep 28, 2019 6:50:56 AM org.apache.ratis.thirdparty.io.grpc.internal.SerializingExecutor run
SEVERE: Exception while executing runnable org.apache.ratis.thirdparty.io.grpc.internal.ServerImpl$JumpToApplicationThreadServerStreamListener$1Closed@58636799
org.apache.ratis.thirdparty.io.grpc.StatusRuntimeException: CANCELLED: call already cancelled
	at org.apache.ratis.thirdparty.io.grpc.Status.asRuntimeException(Status.java:517)
	at org.apache.ratis.thirdparty.io.grpc.stub.ServerCalls$ServerCallStreamObserverImpl.onCompleted(ServerCalls.java:356)
	at org.apache.ratis.grpc.server.GrpcServerProtocolService$ServerRequestStreamObserver.onError(GrpcServerProtocolService.java:121)
	at org.apache.ratis.thirdparty.io.grpc.stub.ServerCalls$StreamingServerCallHandler$StreamingServerCallListener.onCancel(ServerCalls.java:269)
	at org.apache.ratis.thirdparty.io.grpc.internal.ServerCallImpl$ServerStreamListenerImpl.closed(ServerCallImpl.java:293)
	at org.apache.ratis.thirdparty.io.grpc.internal.ServerImpl$JumpToApplicationThreadServerStreamListener$1Closed.runInContext(ServerImpl.java:741)
	at org.apache.ratis.thirdparty.io.grpc.internal.ContextRunnable.run(ContextRunnable.java:37)
	at org.apache.ratis.thirdparty.io.grpc.internal.SerializingExecutor.run(SerializingExecutor.java:123)
	at java.util.concurrent.ThreadPoolExecutor.runWorker(ThreadPoolExecutor.java:1149)
	at java.util.concurrent.ThreadPoolExecutor$Worker.run(ThreadPoolExecutor.java:624)
	at java.lang.Thread.run(Thread.java:748)

Sep 28, 2019 6:51:01 AM org.apache.ratis.thirdparty.io.grpc.internal.SerializingExecutor run
SEVERE: Exception while executing runnable org.apache.ratis.thirdparty.io.grpc.internal.ServerImpl$JumpToApplicationThreadServerStreamListener$1Closed@28b692f8
org.apache.ratis.thirdparty.io.grpc.StatusRuntimeException: CANCELLED: call already cancelled
	at org.apache.ratis.thirdparty.io.grpc.Status.asRuntimeException(Status.java:517)
	at org.apache.ratis.thirdparty.io.grpc.stub.ServerCalls$ServerCallStreamObserverImpl.onCompleted(ServerCalls.java:356)
	at org.apache.ratis.grpc.server.GrpcServerProtocolService$ServerRequestStreamObserver.onError(GrpcServerProtocolService.java:121)
	at org.apache.ratis.thirdparty.io.grpc.stub.ServerCalls$StreamingServerCallHandler$StreamingServerCallListener.onCancel(ServerCalls.java:269)
	at org.apache.ratis.thirdparty.io.grpc.internal.ServerCallImpl$ServerStreamListenerImpl.closed(ServerCallImpl.java:293)
	at org.apache.ratis.thirdparty.io.grpc.internal.ServerImpl$JumpToApplicationThreadServerStreamListener$1Closed.runInContext(ServerImpl.java:741)
	at org.apache.ratis.thirdparty.io.grpc.internal.ContextRunnable.run(ContextRunnable.java:37)
	at org.apache.ratis.thirdparty.io.grpc.internal.SerializingExecutor.run(SerializingExecutor.java:123)
	at java.util.concurrent.ThreadPoolExecutor.runWorker(ThreadPoolExecutor.java:1149)
	at java.util.concurrent.ThreadPoolExecutor$Worker.run(ThreadPoolExecutor.java:624)
	at java.lang.Thread.run(Thread.java:748)

]]></system-err>
  </testcase>
  <testcase name="testFailureWithPrimeSizedData" classname="org.apache.hadoop.ozone.client.rpc.TestBlockOutputStreamWithFailures" time="33.586"/>
  <testcase name="testWatchForCommitWithCloseContainerException" classname="org.apache.hadoop.ozone.client.rpc.TestBlockOutputStreamWithFailures" time="35.201"/>
  <testcase name="testExceptionDuringClose" classname="org.apache.hadoop.ozone.client.rpc.TestBlockOutputStreamWithFailures" time="39.63"/>
</testsuite>