<?xml version="1.0" encoding="UTF-8"?>
<testsuite xmlns:xsi="http://www.w3.org/2001/XMLSchema-instance" xsi:noNamespaceSchemaLocation="https://maven.apache.org/surefire/maven-surefire-plugin/xsd/surefire-test-report.xsd" name="org.apache.hadoop.ozone.scm.pipeline.TestSCMPipelineMetrics" time="77.116" tests="3" errors="0" skipped="0" failures="1">
  <properties>
    <property name="awt.toolkit" value="sun.awt.X11.XToolkit"/>
    <property name="file.encoding.pkg" value="sun.io"/>
    <property name="java.specification.version" value="1.8"/>
    <property name="sun.cpu.isalist" value=""/>
    <property name="sun.jnu.encoding" value="ANSI_X3.4-1968"/>
    <property name="java.class.path" value="/workdir/hadoop-ozone/integration-test/target/test-classes:/workdir/hadoop-ozone/integration-test/target/classes:/home/user/.m2/repository/org/apache/hadoop/hadoop-ozone-common/0.5.0-SNAPSHOT/hadoop-ozone-common-0.5.0-SNAPSHOT.jar:/home/user/.m2/repository/org/apache/commons/commons-compress/1.4.1/commons-compress-1.4.1.jar:/home/user/.m2/repository/org/tukaani/xz/1.0/xz-1.0.jar:/home/user/.m2/repository/org/apache/hadoop/hadoop-common/3.2.0/hadoop-common-3.2.0.jar:/home/user/.m2/repository/org/apache/hadoop/hadoop-hdfs/3.2.0/hadoop-hdfs-3.2.0.jar:/home/user/.m2/repository/org/apache/hadoop/hadoop-hdfs-client/3.2.0/hadoop-hdfs-client-3.2.0.jar:/home/user/.m2/repository/com/fasterxml/jackson/core/jackson-annotations/2.9.9/jackson-annotations-2.9.9.jar:/home/user/.m2/repository/org/apache/hadoop/hadoop-hdds-common/0.5.0-SNAPSHOT/hadoop-hdds-common-0.5.0-SNAPSHOT.jar:/home/user/.m2/repository/javax/annotation/javax.annotation-api/1.2/javax.annotation-api-1.2.jar:/home/user/.m2/repository/org/apache/ratis/ratis-server/0.5.0-63cd2fb-SNAPSHOT/ratis-server-0.5.0-63cd2fb-SNAPSHOT.jar:/home/user/.m2/repository/org/apache/ratis/ratis-thirdparty-misc/0.2.0/ratis-thirdparty-misc-0.2.0.jar:/home/user/.m2/repository/org/apache/ratis/ratis-proto/0.5.0-63cd2fb-SNAPSHOT/ratis-proto-0.5.0-63cd2fb-SNAPSHOT.jar:/home/user/.m2/repository/org/apache/ratis/ratis-common/0.5.0-63cd2fb-SNAPSHOT/ratis-common-0.5.0-63cd2fb-SNAPSHOT.jar:/home/user/.m2/repository/org/apache/ratis/ratis-client/0.5.0-63cd2fb-SNAPSHOT/ratis-client-0.5.0-63cd2fb-SNAPSHOT.jar:/home/user/.m2/repository/org/apache/ratis/ratis-metrics/0.5.0-63cd2fb-SNAPSHOT/ratis-metrics-0.5.0-63cd2fb-SNAPSHOT.jar:/home/user/.m2/repository/com/github/joshelser/dropwizard-metrics-hadoop-metrics2-reporter/0.1.2/dropwizard-metrics-hadoop-metrics2-reporter-0.1.2.jar:/home/user/.m2/repository/io/dropwizard/metrics/metrics-jvm/3.2.5/metrics-jvm-3.2.5.jar:/home/user/.m2/repository/io/dropwizard/metrics/metrics-ganglia/3.2.5/metrics-ganglia-3.2.5.jar:/home/user/.m2/repository/info/ganglia/gmetric4j/gmetric4j/1.0.7/gmetric4j-1.0.7.jar:/home/user/.m2/repository/org/apache/ratis/ratis-netty/0.5.0-63cd2fb-SNAPSHOT/ratis-netty-0.5.0-63cd2fb-SNAPSHOT.jar:/home/user/.m2/repository/org/apache/ratis/ratis-grpc/0.5.0-63cd2fb-SNAPSHOT/ratis-grpc-0.5.0-63cd2fb-SNAPSHOT.jar:/home/user/.m2/repository/org/rocksdb/rocksdbjni/6.0.1/rocksdbjni-6.0.1.jar:/home/user/.m2/repository/org/apache/logging/log4j/log4j-api/2.11.0/log4j-api-2.11.0.jar:/home/user/.m2/repository/org/apache/logging/log4j/log4j-core/2.11.0/log4j-core-2.11.0.jar:/home/user/.m2/repository/com/lmax/disruptor/3.4.2/disruptor-3.4.2.jar:/home/user/.m2/repository/org/apache/commons/commons-pool2/2.6.0/commons-pool2-2.6.0.jar:/home/user/.m2/repository/org/bouncycastle/bcpkix-jdk15on/1.60/bcpkix-jdk15on-1.60.jar:/home/user/.m2/repository/commons-validator/commons-validator/1.6/commons-validator-1.6.jar:/home/user/.m2/repository/commons-digester/commons-digester/1.8.1/commons-digester-1.8.1.jar:/home/user/.m2/repository/io/jaegertracing/jaeger-client/0.34.0/jaeger-client-0.34.0.jar:/home/user/.m2/repository/io/jaegertracing/jaeger-thrift/0.34.0/jaeger-thrift-0.34.0.jar:/home/user/.m2/repository/org/apache/thrift/libthrift/0.12.0/libthrift-0.12.0.jar:/home/user/.m2/repository/com/squareup/okhttp3/okhttp/3.9.0/okhttp-3.9.0.jar:/home/user/.m2/repository/com/squareup/okio/okio/1.13.0/okio-1.13.0.jar:/home/user/.m2/repository/io/jaegertracing/jaeger-core/0.34.0/jaeger-core-0.34.0.jar:/home/user/.m2/repository/io/jaegertracing/jaeger-tracerresolver/0.34.0/jaeger-tracerresolver-0.34.0.jar:/home/user/.m2/repository/io/opentracing/contrib/opentracing-tracerresolver/0.1.5/opentracing-tracerresolver-0.1.5.jar:/home/user/.m2/repository/io/opentracing/opentracing-util/0.31.0/opentracing-util-0.31.0.jar:/home/user/.m2/repository/io/opentracing/opentracing-api/0.31.0/opentracing-api-0.31.0.jar:/home/user/.m2/repository/io/opentracing/opentracing-noop/0.31.0/opentracing-noop-0.31.0.jar:/home/user/.m2/repository/org/apache/hadoop/hadoop-hdds-server-framework/0.5.0-SNAPSHOT/hadoop-hdds-server-framework-0.5.0-SNAPSHOT.jar:/home/user/.m2/repository/org/apache/hadoop/hadoop-hdds-container-service/0.5.0-SNAPSHOT/hadoop-hdds-container-service-0.5.0-SNAPSHOT.jar:/home/user/.m2/repository/org/apache/hadoop/hadoop-hdds-client/0.5.0-SNAPSHOT/hadoop-hdds-client-0.5.0-SNAPSHOT.jar:/home/user/.m2/repository/org/apache/hadoop/hadoop-hdds-tools/0.5.0-SNAPSHOT/hadoop-hdds-tools-0.5.0-SNAPSHOT.jar:/home/user/.m2/repository/org/apache/hadoop/hadoop-hdds-server-scm/0.5.0-SNAPSHOT/hadoop-hdds-server-scm-0.5.0-SNAPSHOT.jar:/home/user/.m2/repository/org/apache/hadoop/hadoop-hdds-docs/0.5.0-SNAPSHOT/hadoop-hdds-docs-0.5.0-SNAPSHOT.jar:/home/user/.m2/repository/io/dropwizard/metrics/metrics-core/3.2.4/metrics-core-3.2.4.jar:/home/user/.m2/repository/org/hamcrest/hamcrest-all/1.3/hamcrest-all-1.3.jar:/home/user/.m2/repository/org/bouncycastle/bcprov-jdk15on/1.60/bcprov-jdk15on-1.60.jar:/home/user/.m2/repository/info/picocli/picocli/3.9.6/picocli-3.9.6.jar:/home/user/.m2/repository/com/google/protobuf/protobuf-java/2.5.0/protobuf-java-2.5.0.jar:/home/user/.m2/repository/com/google/guava/guava/11.0.2/guava-11.0.2.jar:/home/user/.m2/repository/org/apache/hadoop/hadoop-ozone-ozone-manager/0.5.0-SNAPSHOT/hadoop-ozone-ozone-manager-0.5.0-SNAPSHOT.jar:/home/user/.m2/repository/org/apache/hadoop/hadoop-minikdc/3.2.0/hadoop-minikdc-3.2.0.jar:/home/user/.m2/repository/commons-io/commons-io/2.5/commons-io-2.5.jar:/home/user/.m2/repository/org/apache/kerby/kerb-simplekdc/1.0.1/kerb-simplekdc-1.0.1.jar:/home/user/.m2/repository/org/apache/kerby/kerb-client/1.0.1/kerb-client-1.0.1.jar:/home/user/.m2/repository/org/apache/kerby/kerby-config/1.0.1/kerby-config-1.0.1.jar:/home/user/.m2/repository/org/apache/kerby/kerb-core/1.0.1/kerb-core-1.0.1.jar:/home/user/.m2/repository/org/apache/kerby/kerby-pkix/1.0.1/kerby-pkix-1.0.1.jar:/home/user/.m2/repository/org/apache/kerby/kerby-asn1/1.0.1/kerby-asn1-1.0.1.jar:/home/user/.m2/repository/org/apache/kerby/kerby-util/1.0.1/kerby-util-1.0.1.jar:/home/user/.m2/repository/org/apache/kerby/kerb-common/1.0.1/kerb-common-1.0.1.jar:/home/user/.m2/repository/org/apache/kerby/kerb-crypto/1.0.1/kerb-crypto-1.0.1.jar:/home/user/.m2/repository/org/apache/kerby/kerb-util/1.0.1/kerb-util-1.0.1.jar:/home/user/.m2/repository/org/apache/kerby/token-provider/1.0.1/token-provider-1.0.1.jar:/home/user/.m2/repository/org/apache/kerby/kerb-admin/1.0.1/kerb-admin-1.0.1.jar:/home/user/.m2/repository/org/apache/kerby/kerb-server/1.0.1/kerb-server-1.0.1.jar:/home/user/.m2/repository/org/apache/kerby/kerb-identity/1.0.1/kerb-identity-1.0.1.jar:/home/user/.m2/repository/org/apache/kerby/kerby-xdr/1.0.1/kerby-xdr-1.0.1.jar:/home/user/.m2/repository/org/slf4j/slf4j-log4j12/1.7.25/slf4j-log4j12-1.7.25.jar:/home/user/.m2/repository/org/apache/hadoop/hadoop-ozone-s3gateway/0.5.0-SNAPSHOT/hadoop-ozone-s3gateway-0.5.0-SNAPSHOT.jar:/home/user/.m2/repository/org/jboss/weld/servlet/weld-servlet/2.4.7.Final/weld-servlet-2.4.7.Final.jar:/home/user/.m2/repository/org/glassfish/jersey/containers/jersey-container-servlet-core/2.27/jersey-container-servlet-core-2.27.jar:/home/user/.m2/repository/org/glassfish/hk2/external/javax.inject/2.5.0-b42/javax.inject-2.5.0-b42.jar:/home/user/.m2/repository/org/glassfish/jersey/core/jersey-common/2.27/jersey-common-2.27.jar:/home/user/.m2/repository/org/glassfish/hk2/osgi-resource-locator/1.0.1/osgi-resource-locator-1.0.1.jar:/home/user/.m2/repository/javax/ws/rs/javax.ws.rs-api/2.1/javax.ws.rs-api-2.1.jar:/home/user/.m2/repository/org/glassfish/jersey/ext/cdi/jersey-cdi1x/2.27/jersey-cdi1x-2.27.jar:/home/user/.m2/repository/org/glassfish/jersey/inject/jersey-hk2/2.27/jersey-hk2-2.27.jar:/home/user/.m2/repository/org/glassfish/hk2/hk2-locator/2.5.0-b42/hk2-locator-2.5.0-b42.jar:/home/user/.m2/repository/org/javassist/javassist/3.22.0-CR2/javassist-3.22.0-CR2.jar:/home/user/.m2/repository/org/glassfish/hk2/hk2-api/2.5.0/hk2-api-2.5.0.jar:/home/user/.m2/repository/org/glassfish/hk2/external/jakarta.inject/2.5.0/jakarta.inject-2.5.0.jar:/home/user/.m2/repository/org/glassfish/hk2/hk2-utils/2.5.0/hk2-utils-2.5.0.jar:/home/user/.m2/repository/jakarta/annotation/jakarta.annotation-api/1.3.4/jakarta.annotation-api-1.3.4.jar:/home/user/.m2/repository/org/glassfish/hk2/external/aopalliance-repackaged/2.5.0/aopalliance-repackaged-2.5.0.jar:/home/user/.m2/repository/com/fasterxml/jackson/dataformat/jackson-dataformat-xml/2.9.0/jackson-dataformat-xml-2.9.0.jar:/home/user/.m2/repository/com/fasterxml/jackson/core/jackson-core/2.9.9/jackson-core-2.9.9.jar:/home/user/.m2/repository/com/fasterxml/jackson/module/jackson-module-jaxb-annotations/2.9.9/jackson-module-jaxb-annotations-2.9.9.jar:/home/user/.m2/repository/javax/enterprise/cdi-api/1.2/cdi-api-1.2.jar:/home/user/.m2/repository/javax/el/javax.el-api/3.0.0/javax.el-api-3.0.0.jar:/home/user/.m2/repository/javax/interceptor/javax.interceptor-api/1.2/javax.interceptor-api-1.2.jar:/home/user/.m2/repository/javax/inject/javax.inject/1/javax.inject-1.jar:/home/user/.m2/repository/com/sun/xml/bind/jaxb-impl/2.3.0.1/jaxb-impl-2.3.0.1.jar:/home/user/.m2/repository/com/sun/xml/bind/jaxb-core/2.3.0.1/jaxb-core-2.3.0.1.jar:/home/user/.m2/repository/javax/xml/bind/jaxb-api/2.3.0/jaxb-api-2.3.0.jar:/home/user/.m2/repository/javax/activation/activation/1.1.1/activation-1.1.1.jar:/home/user/.m2/repository/org/apache/hadoop/hadoop-ozone-csi/0.5.0-SNAPSHOT/hadoop-ozone-csi-0.5.0-SNAPSHOT.jar:/home/user/.m2/repository/com/google/protobuf/protobuf-java-util/3.5.1/protobuf-java-util-3.5.1.jar:/home/user/.m2/repository/org/apache/hadoop/hadoop-hdds-config/0.5.0-SNAPSHOT/hadoop-hdds-config-0.5.0-SNAPSHOT.jar:/home/user/.m2/repository/io/grpc/grpc-netty/1.17.1/grpc-netty-1.17.1.jar:/home/user/.m2/repository/io/grpc/grpc-core/1.17.1/grpc-core-1.17.1.jar:/home/user/.m2/repository/io/grpc/grpc-context/1.17.1/grpc-context-1.17.1.jar:/home/user/.m2/repository/com/google/errorprone/error_prone_annotations/2.2.0/error_prone_annotations-2.2.0.jar:/home/user/.m2/repository/org/codehaus/mojo/animal-sniffer-annotations/1.17/animal-sniffer-annotations-1.17.jar:/home/user/.m2/repository/io/opencensus/opencensus-api/0.17.0/opencensus-api-0.17.0.jar:/home/user/.m2/repository/io/opencensus/opencensus-contrib-grpc-metrics/0.17.0/opencensus-contrib-grpc-metrics-0.17.0.jar:/home/user/.m2/repository/io/netty/netty-codec-http2/4.1.30.Final/netty-codec-http2-4.1.30.Final.jar:/home/user/.m2/repository/io/netty/netty-codec-http/4.1.30.Final/netty-codec-http-4.1.30.Final.jar:/home/user/.m2/repository/io/netty/netty-codec/4.1.30.Final/netty-codec-4.1.30.Final.jar:/home/user/.m2/repository/io/netty/netty-handler/4.1.30.Final/netty-handler-4.1.30.Final.jar:/home/user/.m2/repository/io/netty/netty-handler-proxy/4.1.30.Final/netty-handler-proxy-4.1.30.Final.jar:/home/user/.m2/repository/io/netty/netty-codec-socks/4.1.30.Final/netty-codec-socks-4.1.30.Final.jar:/home/user/.m2/repository/io/netty/netty-transport-native-epoll/4.1.30.Final/netty-transport-native-epoll-4.1.30.Final.jar:/home/user/.m2/repository/io/netty/netty-common/4.1.30.Final/netty-common-4.1.30.Final.jar:/home/user/.m2/repository/io/netty/netty-buffer/4.1.30.Final/netty-buffer-4.1.30.Final.jar:/home/user/.m2/repository/io/netty/netty-transport/4.1.30.Final/netty-transport-4.1.30.Final.jar:/home/user/.m2/repository/io/netty/netty-resolver/4.1.30.Final/netty-resolver-4.1.30.Final.jar:/home/user/.m2/repository/io/netty/netty-transport-native-unix-common/4.1.30.Final/netty-transport-native-unix-common-4.1.30.Final.jar:/home/user/.m2/repository/io/grpc/grpc-protobuf/1.17.1/grpc-protobuf-1.17.1.jar:/home/user/.m2/repository/com/google/api/grpc/proto-google-common-protos/1.0.0/proto-google-common-protos-1.0.0.jar:/home/user/.m2/repository/io/grpc/grpc-protobuf-lite/1.17.1/grpc-protobuf-lite-1.17.1.jar:/home/user/.m2/repository/io/grpc/grpc-stub/1.17.1/grpc-stub-1.17.1.jar:/home/user/.m2/repository/org/apache/hadoop/hadoop-ozone-recon/0.5.0-SNAPSHOT/hadoop-ozone-recon-0.5.0-SNAPSHOT.jar:/home/user/.m2/repository/org/apache/hadoop/hadoop-ozone-reconcodegen/0.5.0-SNAPSHOT/hadoop-ozone-reconcodegen-0.5.0-SNAPSHOT.jar:/home/user/.m2/repository/com/google/inject/extensions/guice-multibindings/4.0/guice-multibindings-4.0.jar:/home/user/.m2/repository/com/google/inject/guice/4.0/guice-4.0.jar:/home/user/.m2/repository/aopalliance/aopalliance/1.0/aopalliance-1.0.jar:/home/user/.m2/repository/com/google/inject/extensions/guice-servlet/4.0/guice-servlet-4.0.jar:/home/user/.m2/repository/org/glassfish/jersey/containers/jersey-container-servlet/2.27/jersey-container-servlet-2.27.jar:/home/user/.m2/repository/org/glassfish/hk2/guice-bridge/2.5.0/guice-bridge-2.5.0.jar:/home/user/.m2/repository/org/glassfish/jersey/core/jersey-server/2.27/jersey-server-2.27.jar:/home/user/.m2/repository/org/glassfish/jersey/core/jersey-client/2.27/jersey-client-2.27.jar:/home/user/.m2/repository/org/glassfish/jersey/media/jersey-media-jaxb/2.27/jersey-media-jaxb-2.27.jar:/home/user/.m2/repository/javax/validation/validation-api/1.1.0.Final/validation-api-1.1.0.Final.jar:/home/user/.m2/repository/org/glassfish/jersey/media/jersey-media-json-jackson/2.27/jersey-media-json-jackson-2.27.jar:/home/user/.m2/repository/org/glassfish/jersey/ext/jersey-entity-filtering/2.27/jersey-entity-filtering-2.27.jar:/home/user/.m2/repository/com/google/inject/extensions/guice-assistedinject/4.0/guice-assistedinject-4.0.jar:/home/user/.m2/repository/org/jooq/jooq/3.11.10/jooq-3.11.10.jar:/home/user/.m2/repository/org/jooq/jooq-meta/3.11.10/jooq-meta-3.11.10.jar:/home/user/.m2/repository/org/jooq/jooq-codegen/3.11.10/jooq-codegen-3.11.10.jar:/home/user/.m2/repository/com/jolbox/bonecp/0.8.0.RELEASE/bonecp-0.8.0.RELEASE.jar:/home/user/.m2/repository/org/xerial/sqlite-jdbc/3.25.2/sqlite-jdbc-3.25.2.jar:/home/user/.m2/repository/org/springframework/spring-jdbc/5.1.3.RELEASE/spring-jdbc-5.1.3.RELEASE.jar:/home/user/.m2/repository/org/springframework/spring-beans/5.1.3.RELEASE/spring-beans-5.1.3.RELEASE.jar:/home/user/.m2/repository/org/springframework/spring-core/5.1.3.RELEASE/spring-core-5.1.3.RELEASE.jar:/home/user/.m2/repository/org/springframework/spring-jcl/5.1.3.RELEASE/spring-jcl-5.1.3.RELEASE.jar:/home/user/.m2/repository/org/springframework/spring-tx/5.1.3.RELEASE/spring-tx-5.1.3.RELEASE.jar:/home/user/.m2/repository/org/apache/hadoop/hadoop-ozone-client/0.5.0-SNAPSHOT/hadoop-ozone-client-0.5.0-SNAPSHOT.jar:/home/user/.m2/repository/commons-lang/commons-lang/2.6/commons-lang-2.6.jar:/home/user/.m2/repository/org/apache/hadoop/hadoop-ozone-ozone-manager/0.5.0-SNAPSHOT/hadoop-ozone-ozone-manager-0.5.0-SNAPSHOT-tests.jar:/home/user/.m2/repository/junit/junit/4.11/junit-4.11.jar:/home/user/.m2/repository/org/hamcrest/hamcrest-core/1.3/hamcrest-core-1.3.jar:/home/user/.m2/repository/org/openjdk/jmh/jmh-core/1.19/jmh-core-1.19.jar:/home/user/.m2/repository/net/sf/jopt-simple/jopt-simple/4.6/jopt-simple-4.6.jar:/home/user/.m2/repository/org/apache/commons/commons-math3/3.1.1/commons-math3-3.1.1.jar:/home/user/.m2/repository/org/openjdk/jmh/jmh-generator-annprocess/1.19/jmh-generator-annprocess-1.19.jar:/home/user/.m2/repository/org/mockito/mockito-all/1.8.5/mockito-all-1.8.5.jar:/home/user/.m2/repository/org/apache/hadoop/hadoop-kms/3.2.0/hadoop-kms-3.2.0.jar:/home/user/.m2/repository/org/apache/hadoop/hadoop-auth/3.2.0/hadoop-auth-3.2.0.jar:/home/user/.m2/repository/com/nimbusds/nimbus-jose-jwt/4.41.1/nimbus-jose-jwt-4.41.1.jar:/home/user/.m2/repository/com/github/stephenc/jcip/jcip-annotations/1.0-1/jcip-annotations-1.0-1.jar:/home/user/.m2/repository/net/minidev/json-smart/2.3/json-smart-2.3.jar:/home/user/.m2/repository/net/minidev/accessors-smart/1.2/accessors-smart-1.2.jar:/home/user/.m2/repository/org/ow2/asm/asm/5.0.4/asm-5.0.4.jar:/home/user/.m2/repository/org/apache/curator/curator-framework/2.12.0/curator-framework-2.12.0.jar:/home/user/.m2/repository/com/sun/jersey/jersey-core/1.19/jersey-core-1.19.jar:/home/user/.m2/repository/javax/ws/rs/jsr311-api/1.1.1/jsr311-api-1.1.1.jar:/home/user/.m2/repository/com/sun/jersey/jersey-server/1.19/jersey-server-1.19.jar:/home/user/.m2/repository/javax/servlet/javax.servlet-api/3.1.0/javax.servlet-api-3.1.0.jar:/home/user/.m2/repository/org/eclipse/jetty/jetty-server/9.3.25.v20180904/jetty-server-9.3.25.v20180904.jar:/home/user/.m2/repository/org/eclipse/jetty/jetty-http/9.3.25.v20180904/jetty-http-9.3.25.v20180904.jar:/home/user/.m2/repository/org/eclipse/jetty/jetty-io/9.3.25.v20180904/jetty-io-9.3.25.v20180904.jar:/home/user/.m2/repository/org/eclipse/jetty/jetty-webapp/9.3.25.v20180904/jetty-webapp-9.3.25.v20180904.jar:/home/user/.m2/repository/org/eclipse/jetty/jetty-xml/9.3.25.v20180904/jetty-xml-9.3.25.v20180904.jar:/home/user/.m2/repository/log4j/log4j/1.2.17/log4j-1.2.17.jar:/home/user/.m2/repository/org/slf4j/slf4j-api/1.7.25/slf4j-api-1.7.25.jar:/home/user/.m2/repository/org/slf4j/jul-to-slf4j/1.7.25/jul-to-slf4j-1.7.25.jar:/home/user/.m2/repository/org/eclipse/jetty/jetty-util/9.3.25.v20180904/jetty-util-9.3.25.v20180904.jar:/home/user/.m2/repository/com/fasterxml/jackson/core/jackson-databind/2.9.9/jackson-databind-2.9.9.jar:/home/user/.m2/repository/org/apache/hadoop/hadoop-kms/3.2.0/hadoop-kms-3.2.0-tests.jar:/home/user/.m2/repository/org/apache/hadoop/hadoop-hdds-server-scm/0.5.0-SNAPSHOT/hadoop-hdds-server-scm-0.5.0-SNAPSHOT-tests.jar:/home/user/.m2/repository/org/apache/hadoop/hadoop-hdds-container-service/0.5.0-SNAPSHOT/hadoop-hdds-container-service-0.5.0-SNAPSHOT-tests.jar:/home/user/.m2/repository/org/yaml/snakeyaml/1.16/snakeyaml-1.16.jar:/home/user/.m2/repository/org/apache/hadoop/hadoop-common/3.2.0/hadoop-common-3.2.0-tests.jar:/home/user/.m2/repository/org/apache/hadoop/hadoop-annotations/3.2.0/hadoop-annotations-3.2.0.jar:/usr/lib/jvm/java-1.8.0-openjdk-1.8.0.222.b10-1.el7_7.x86_64/jre/../lib/tools.jar:/home/user/.m2/repository/commons-cli/commons-cli/1.2/commons-cli-1.2.jar:/home/user/.m2/repository/org/apache/httpcomponents/httpclient/4.5.2/httpclient-4.5.2.jar:/home/user/.m2/repository/org/apache/httpcomponents/httpcore/4.4.4/httpcore-4.4.4.jar:/home/user/.m2/repository/commons-codec/commons-codec/1.11/commons-codec-1.11.jar:/home/user/.m2/repository/commons-net/commons-net/3.6/commons-net-3.6.jar:/home/user/.m2/repository/commons-collections/commons-collections/3.2.2/commons-collections-3.2.2.jar:/home/user/.m2/repository/org/eclipse/jetty/jetty-servlet/9.3.25.v20180904/jetty-servlet-9.3.25.v20180904.jar:/home/user/.m2/repository/org/eclipse/jetty/jetty-security/9.3.25.v20180904/jetty-security-9.3.25.v20180904.jar:/home/user/.m2/repository/javax/servlet/jsp/jsp-api/2.1/jsp-api-2.1.jar:/home/user/.m2/repository/com/sun/jersey/jersey-servlet/1.19/jersey-servlet-1.19.jar:/home/user/.m2/repository/com/sun/jersey/jersey-json/1.19/jersey-json-1.19.jar:/home/user/.m2/repository/org/codehaus/jettison/jettison/1.1/jettison-1.1.jar:/home/user/.m2/repository/org/codehaus/jackson/jackson-core-asl/1.9.13/jackson-core-asl-1.9.13.jar:/home/user/.m2/repository/org/codehaus/jackson/jackson-mapper-asl/1.9.13/jackson-mapper-asl-1.9.13.jar:/home/user/.m2/repository/org/codehaus/jackson/jackson-jaxrs/1.9.13/jackson-jaxrs-1.9.13.jar:/home/user/.m2/repository/org/codehaus/jackson/jackson-xc/1.9.13/jackson-xc-1.9.13.jar:/home/user/.m2/repository/commons-logging/commons-logging/1.1.3/commons-logging-1.1.3.jar:/home/user/.m2/repository/commons-beanutils/commons-beanutils/1.9.4/commons-beanutils-1.9.4.jar:/home/user/.m2/repository/org/apache/commons/commons-configuration2/2.1.1/commons-configuration2-2.1.1.jar:/home/user/.m2/repository/org/apache/commons/commons-lang3/3.7/commons-lang3-3.7.jar:/home/user/.m2/repository/org/apache/commons/commons-text/1.4/commons-text-1.4.jar:/home/user/.m2/repository/org/apache/avro/avro/1.7.7/avro-1.7.7.jar:/home/user/.m2/repository/com/thoughtworks/paranamer/paranamer/2.3/paranamer-2.3.jar:/home/user/.m2/repository/org/xerial/snappy/snappy-java/1.0.5/snappy-java-1.0.5.jar:/home/user/.m2/repository/com/google/re2j/re2j/1.1/re2j-1.1.jar:/home/user/.m2/repository/com/google/code/gson/gson/2.2.4/gson-2.2.4.jar:/home/user/.m2/repository/com/jcraft/jsch/0.1.54/jsch-0.1.54.jar:/home/user/.m2/repository/org/apache/curator/curator-client/2.12.0/curator-client-2.12.0.jar:/home/user/.m2/repository/org/apache/curator/curator-recipes/2.12.0/curator-recipes-2.12.0.jar:/home/user/.m2/repository/com/google/code/findbugs/jsr305/3.0.0/jsr305-3.0.0.jar:/home/user/.m2/repository/org/apache/htrace/htrace-core4/4.1.0-incubating/htrace-core4-4.1.0-incubating.jar:/home/user/.m2/repository/org/apache/zookeeper/zookeeper/3.4.13/zookeeper-3.4.13.jar:/home/user/.m2/repository/jline/jline/0.9.94/jline-0.9.94.jar:/home/user/.m2/repository/org/apache/yetus/audience-annotations/0.5.0/audience-annotations-0.5.0.jar:/home/user/.m2/repository/org/codehaus/woodstox/stax2-api/3.1.4/stax2-api-3.1.4.jar:/home/user/.m2/repository/com/fasterxml/woodstox/woodstox-core/5.0.3/woodstox-core-5.0.3.jar:/home/user/.m2/repository/dnsjava/dnsjava/2.1.7/dnsjava-2.1.7.jar:/home/user/.m2/repository/org/apache/hadoop/hadoop-hdfs/3.2.0/hadoop-hdfs-3.2.0-tests.jar:/home/user/.m2/repository/org/eclipse/jetty/jetty-util-ajax/9.3.25.v20180904/jetty-util-ajax-9.3.25.v20180904.jar:/home/user/.m2/repository/commons-daemon/commons-daemon/1.0.13/commons-daemon-1.0.13.jar:/home/user/.m2/repository/io/netty/netty/3.10.5.Final/netty-3.10.5.Final.jar:/home/user/.m2/repository/io/netty/netty-all/4.0.52.Final/netty-all-4.0.52.Final.jar:/home/user/.m2/repository/org/fusesource/leveldbjni/leveldbjni-all/1.8/leveldbjni-all-1.8.jar:"/>
    <property name="java.vm.vendor" value="Oracle Corporation"/>
    <property name="sun.arch.data.model" value="64"/>
    <property name="test.build.dir" value="/workdir/hadoop-ozone/integration-test/target/test-dir"/>
    <property name="test.cache.data" value=""/>
    <property name="java.vendor.url" value="http://java.oracle.com/"/>
    <property name="user.timezone" value=""/>
    <property name="java.vm.specification.version" value="1.8"/>
    <property name="os.name" value="Linux"/>
    <property name="test.build.data" value="/workdir/hadoop-ozone/integration-test/target/test-dir"/>
    <property name="user.country" value="US"/>
    <property name="sun.java.launcher" value="SUN_STANDARD"/>
    <property name="sun.boot.library.path" value="/usr/lib/jvm/java-1.8.0-openjdk-1.8.0.222.b10-1.el7_7.x86_64/jre/lib/amd64"/>
    <property name="sun.java.command" value="/workdir/hadoop-ozone/integration-test/target/surefire/surefirebooter8508875476990402457.jar /workdir/hadoop-ozone/integration-test/target/surefire 2019-10-15T20-05-15_728-jvmRun1 surefire5763134918246660299tmp surefire_217838469082806096053tmp"/>
    <property name="surefire.test.class.path" value="/workdir/hadoop-ozone/integration-test/target/test-classes:/workdir/hadoop-ozone/integration-test/target/classes:/home/user/.m2/repository/org/apache/hadoop/hadoop-ozone-common/0.5.0-SNAPSHOT/hadoop-ozone-common-0.5.0-SNAPSHOT.jar:/home/user/.m2/repository/org/apache/commons/commons-compress/1.4.1/commons-compress-1.4.1.jar:/home/user/.m2/repository/org/tukaani/xz/1.0/xz-1.0.jar:/home/user/.m2/repository/org/apache/hadoop/hadoop-common/3.2.0/hadoop-common-3.2.0.jar:/home/user/.m2/repository/org/apache/hadoop/hadoop-hdfs/3.2.0/hadoop-hdfs-3.2.0.jar:/home/user/.m2/repository/org/apache/hadoop/hadoop-hdfs-client/3.2.0/hadoop-hdfs-client-3.2.0.jar:/home/user/.m2/repository/com/fasterxml/jackson/core/jackson-annotations/2.9.9/jackson-annotations-2.9.9.jar:/home/user/.m2/repository/org/apache/hadoop/hadoop-hdds-common/0.5.0-SNAPSHOT/hadoop-hdds-common-0.5.0-SNAPSHOT.jar:/home/user/.m2/repository/javax/annotation/javax.annotation-api/1.2/javax.annotation-api-1.2.jar:/home/user/.m2/repository/org/apache/ratis/ratis-server/0.5.0-63cd2fb-SNAPSHOT/ratis-server-0.5.0-63cd2fb-SNAPSHOT.jar:/home/user/.m2/repository/org/apache/ratis/ratis-thirdparty-misc/0.2.0/ratis-thirdparty-misc-0.2.0.jar:/home/user/.m2/repository/org/apache/ratis/ratis-proto/0.5.0-63cd2fb-SNAPSHOT/ratis-proto-0.5.0-63cd2fb-SNAPSHOT.jar:/home/user/.m2/repository/org/apache/ratis/ratis-common/0.5.0-63cd2fb-SNAPSHOT/ratis-common-0.5.0-63cd2fb-SNAPSHOT.jar:/home/user/.m2/repository/org/apache/ratis/ratis-client/0.5.0-63cd2fb-SNAPSHOT/ratis-client-0.5.0-63cd2fb-SNAPSHOT.jar:/home/user/.m2/repository/org/apache/ratis/ratis-metrics/0.5.0-63cd2fb-SNAPSHOT/ratis-metrics-0.5.0-63cd2fb-SNAPSHOT.jar:/home/user/.m2/repository/com/github/joshelser/dropwizard-metrics-hadoop-metrics2-reporter/0.1.2/dropwizard-metrics-hadoop-metrics2-reporter-0.1.2.jar:/home/user/.m2/repository/io/dropwizard/metrics/metrics-jvm/3.2.5/metrics-jvm-3.2.5.jar:/home/user/.m2/repository/io/dropwizard/metrics/metrics-ganglia/3.2.5/metrics-ganglia-3.2.5.jar:/home/user/.m2/repository/info/ganglia/gmetric4j/gmetric4j/1.0.7/gmetric4j-1.0.7.jar:/home/user/.m2/repository/org/apache/ratis/ratis-netty/0.5.0-63cd2fb-SNAPSHOT/ratis-netty-0.5.0-63cd2fb-SNAPSHOT.jar:/home/user/.m2/repository/org/apache/ratis/ratis-grpc/0.5.0-63cd2fb-SNAPSHOT/ratis-grpc-0.5.0-63cd2fb-SNAPSHOT.jar:/home/user/.m2/repository/org/rocksdb/rocksdbjni/6.0.1/rocksdbjni-6.0.1.jar:/home/user/.m2/repository/org/apache/logging/log4j/log4j-api/2.11.0/log4j-api-2.11.0.jar:/home/user/.m2/repository/org/apache/logging/log4j/log4j-core/2.11.0/log4j-core-2.11.0.jar:/home/user/.m2/repository/com/lmax/disruptor/3.4.2/disruptor-3.4.2.jar:/home/user/.m2/repository/org/apache/commons/commons-pool2/2.6.0/commons-pool2-2.6.0.jar:/home/user/.m2/repository/org/bouncycastle/bcpkix-jdk15on/1.60/bcpkix-jdk15on-1.60.jar:/home/user/.m2/repository/commons-validator/commons-validator/1.6/commons-validator-1.6.jar:/home/user/.m2/repository/commons-digester/commons-digester/1.8.1/commons-digester-1.8.1.jar:/home/user/.m2/repository/io/jaegertracing/jaeger-client/0.34.0/jaeger-client-0.34.0.jar:/home/user/.m2/repository/io/jaegertracing/jaeger-thrift/0.34.0/jaeger-thrift-0.34.0.jar:/home/user/.m2/repository/org/apache/thrift/libthrift/0.12.0/libthrift-0.12.0.jar:/home/user/.m2/repository/com/squareup/okhttp3/okhttp/3.9.0/okhttp-3.9.0.jar:/home/user/.m2/repository/com/squareup/okio/okio/1.13.0/okio-1.13.0.jar:/home/user/.m2/repository/io/jaegertracing/jaeger-core/0.34.0/jaeger-core-0.34.0.jar:/home/user/.m2/repository/io/jaegertracing/jaeger-tracerresolver/0.34.0/jaeger-tracerresolver-0.34.0.jar:/home/user/.m2/repository/io/opentracing/contrib/opentracing-tracerresolver/0.1.5/opentracing-tracerresolver-0.1.5.jar:/home/user/.m2/repository/io/opentracing/opentracing-util/0.31.0/opentracing-util-0.31.0.jar:/home/user/.m2/repository/io/opentracing/opentracing-api/0.31.0/opentracing-api-0.31.0.jar:/home/user/.m2/repository/io/opentracing/opentracing-noop/0.31.0/opentracing-noop-0.31.0.jar:/home/user/.m2/repository/org/apache/hadoop/hadoop-hdds-server-framework/0.5.0-SNAPSHOT/hadoop-hdds-server-framework-0.5.0-SNAPSHOT.jar:/home/user/.m2/repository/org/apache/hadoop/hadoop-hdds-container-service/0.5.0-SNAPSHOT/hadoop-hdds-container-service-0.5.0-SNAPSHOT.jar:/home/user/.m2/repository/org/apache/hadoop/hadoop-hdds-client/0.5.0-SNAPSHOT/hadoop-hdds-client-0.5.0-SNAPSHOT.jar:/home/user/.m2/repository/org/apache/hadoop/hadoop-hdds-tools/0.5.0-SNAPSHOT/hadoop-hdds-tools-0.5.0-SNAPSHOT.jar:/home/user/.m2/repository/org/apache/hadoop/hadoop-hdds-server-scm/0.5.0-SNAPSHOT/hadoop-hdds-server-scm-0.5.0-SNAPSHOT.jar:/home/user/.m2/repository/org/apache/hadoop/hadoop-hdds-docs/0.5.0-SNAPSHOT/hadoop-hdds-docs-0.5.0-SNAPSHOT.jar:/home/user/.m2/repository/io/dropwizard/metrics/metrics-core/3.2.4/metrics-core-3.2.4.jar:/home/user/.m2/repository/org/hamcrest/hamcrest-all/1.3/hamcrest-all-1.3.jar:/home/user/.m2/repository/org/bouncycastle/bcprov-jdk15on/1.60/bcprov-jdk15on-1.60.jar:/home/user/.m2/repository/info/picocli/picocli/3.9.6/picocli-3.9.6.jar:/home/user/.m2/repository/com/google/protobuf/protobuf-java/2.5.0/protobuf-java-2.5.0.jar:/home/user/.m2/repository/com/google/guava/guava/11.0.2/guava-11.0.2.jar:/home/user/.m2/repository/org/apache/hadoop/hadoop-ozone-ozone-manager/0.5.0-SNAPSHOT/hadoop-ozone-ozone-manager-0.5.0-SNAPSHOT.jar:/home/user/.m2/repository/org/apache/hadoop/hadoop-minikdc/3.2.0/hadoop-minikdc-3.2.0.jar:/home/user/.m2/repository/commons-io/commons-io/2.5/commons-io-2.5.jar:/home/user/.m2/repository/org/apache/kerby/kerb-simplekdc/1.0.1/kerb-simplekdc-1.0.1.jar:/home/user/.m2/repository/org/apache/kerby/kerb-client/1.0.1/kerb-client-1.0.1.jar:/home/user/.m2/repository/org/apache/kerby/kerby-config/1.0.1/kerby-config-1.0.1.jar:/home/user/.m2/repository/org/apache/kerby/kerb-core/1.0.1/kerb-core-1.0.1.jar:/home/user/.m2/repository/org/apache/kerby/kerby-pkix/1.0.1/kerby-pkix-1.0.1.jar:/home/user/.m2/repository/org/apache/kerby/kerby-asn1/1.0.1/kerby-asn1-1.0.1.jar:/home/user/.m2/repository/org/apache/kerby/kerby-util/1.0.1/kerby-util-1.0.1.jar:/home/user/.m2/repository/org/apache/kerby/kerb-common/1.0.1/kerb-common-1.0.1.jar:/home/user/.m2/repository/org/apache/kerby/kerb-crypto/1.0.1/kerb-crypto-1.0.1.jar:/home/user/.m2/repository/org/apache/kerby/kerb-util/1.0.1/kerb-util-1.0.1.jar:/home/user/.m2/repository/org/apache/kerby/token-provider/1.0.1/token-provider-1.0.1.jar:/home/user/.m2/repository/org/apache/kerby/kerb-admin/1.0.1/kerb-admin-1.0.1.jar:/home/user/.m2/repository/org/apache/kerby/kerb-server/1.0.1/kerb-server-1.0.1.jar:/home/user/.m2/repository/org/apache/kerby/kerb-identity/1.0.1/kerb-identity-1.0.1.jar:/home/user/.m2/repository/org/apache/kerby/kerby-xdr/1.0.1/kerby-xdr-1.0.1.jar:/home/user/.m2/repository/org/slf4j/slf4j-log4j12/1.7.25/slf4j-log4j12-1.7.25.jar:/home/user/.m2/repository/org/apache/hadoop/hadoop-ozone-s3gateway/0.5.0-SNAPSHOT/hadoop-ozone-s3gateway-0.5.0-SNAPSHOT.jar:/home/user/.m2/repository/org/jboss/weld/servlet/weld-servlet/2.4.7.Final/weld-servlet-2.4.7.Final.jar:/home/user/.m2/repository/org/glassfish/jersey/containers/jersey-container-servlet-core/2.27/jersey-container-servlet-core-2.27.jar:/home/user/.m2/repository/org/glassfish/hk2/external/javax.inject/2.5.0-b42/javax.inject-2.5.0-b42.jar:/home/user/.m2/repository/org/glassfish/jersey/core/jersey-common/2.27/jersey-common-2.27.jar:/home/user/.m2/repository/org/glassfish/hk2/osgi-resource-locator/1.0.1/osgi-resource-locator-1.0.1.jar:/home/user/.m2/repository/javax/ws/rs/javax.ws.rs-api/2.1/javax.ws.rs-api-2.1.jar:/home/user/.m2/repository/org/glassfish/jersey/ext/cdi/jersey-cdi1x/2.27/jersey-cdi1x-2.27.jar:/home/user/.m2/repository/org/glassfish/jersey/inject/jersey-hk2/2.27/jersey-hk2-2.27.jar:/home/user/.m2/repository/org/glassfish/hk2/hk2-locator/2.5.0-b42/hk2-locator-2.5.0-b42.jar:/home/user/.m2/repository/org/javassist/javassist/3.22.0-CR2/javassist-3.22.0-CR2.jar:/home/user/.m2/repository/org/glassfish/hk2/hk2-api/2.5.0/hk2-api-2.5.0.jar:/home/user/.m2/repository/org/glassfish/hk2/external/jakarta.inject/2.5.0/jakarta.inject-2.5.0.jar:/home/user/.m2/repository/org/glassfish/hk2/hk2-utils/2.5.0/hk2-utils-2.5.0.jar:/home/user/.m2/repository/jakarta/annotation/jakarta.annotation-api/1.3.4/jakarta.annotation-api-1.3.4.jar:/home/user/.m2/repository/org/glassfish/hk2/external/aopalliance-repackaged/2.5.0/aopalliance-repackaged-2.5.0.jar:/home/user/.m2/repository/com/fasterxml/jackson/dataformat/jackson-dataformat-xml/2.9.0/jackson-dataformat-xml-2.9.0.jar:/home/user/.m2/repository/com/fasterxml/jackson/core/jackson-core/2.9.9/jackson-core-2.9.9.jar:/home/user/.m2/repository/com/fasterxml/jackson/module/jackson-module-jaxb-annotations/2.9.9/jackson-module-jaxb-annotations-2.9.9.jar:/home/user/.m2/repository/javax/enterprise/cdi-api/1.2/cdi-api-1.2.jar:/home/user/.m2/repository/javax/el/javax.el-api/3.0.0/javax.el-api-3.0.0.jar:/home/user/.m2/repository/javax/interceptor/javax.interceptor-api/1.2/javax.interceptor-api-1.2.jar:/home/user/.m2/repository/javax/inject/javax.inject/1/javax.inject-1.jar:/home/user/.m2/repository/com/sun/xml/bind/jaxb-impl/2.3.0.1/jaxb-impl-2.3.0.1.jar:/home/user/.m2/repository/com/sun/xml/bind/jaxb-core/2.3.0.1/jaxb-core-2.3.0.1.jar:/home/user/.m2/repository/javax/xml/bind/jaxb-api/2.3.0/jaxb-api-2.3.0.jar:/home/user/.m2/repository/javax/activation/activation/1.1.1/activation-1.1.1.jar:/home/user/.m2/repository/org/apache/hadoop/hadoop-ozone-csi/0.5.0-SNAPSHOT/hadoop-ozone-csi-0.5.0-SNAPSHOT.jar:/home/user/.m2/repository/com/google/protobuf/protobuf-java-util/3.5.1/protobuf-java-util-3.5.1.jar:/home/user/.m2/repository/org/apache/hadoop/hadoop-hdds-config/0.5.0-SNAPSHOT/hadoop-hdds-config-0.5.0-SNAPSHOT.jar:/home/user/.m2/repository/io/grpc/grpc-netty/1.17.1/grpc-netty-1.17.1.jar:/home/user/.m2/repository/io/grpc/grpc-core/1.17.1/grpc-core-1.17.1.jar:/home/user/.m2/repository/io/grpc/grpc-context/1.17.1/grpc-context-1.17.1.jar:/home/user/.m2/repository/com/google/errorprone/error_prone_annotations/2.2.0/error_prone_annotations-2.2.0.jar:/home/user/.m2/repository/org/codehaus/mojo/animal-sniffer-annotations/1.17/animal-sniffer-annotations-1.17.jar:/home/user/.m2/repository/io/opencensus/opencensus-api/0.17.0/opencensus-api-0.17.0.jar:/home/user/.m2/repository/io/opencensus/opencensus-contrib-grpc-metrics/0.17.0/opencensus-contrib-grpc-metrics-0.17.0.jar:/home/user/.m2/repository/io/netty/netty-codec-http2/4.1.30.Final/netty-codec-http2-4.1.30.Final.jar:/home/user/.m2/repository/io/netty/netty-codec-http/4.1.30.Final/netty-codec-http-4.1.30.Final.jar:/home/user/.m2/repository/io/netty/netty-codec/4.1.30.Final/netty-codec-4.1.30.Final.jar:/home/user/.m2/repository/io/netty/netty-handler/4.1.30.Final/netty-handler-4.1.30.Final.jar:/home/user/.m2/repository/io/netty/netty-handler-proxy/4.1.30.Final/netty-handler-proxy-4.1.30.Final.jar:/home/user/.m2/repository/io/netty/netty-codec-socks/4.1.30.Final/netty-codec-socks-4.1.30.Final.jar:/home/user/.m2/repository/io/netty/netty-transport-native-epoll/4.1.30.Final/netty-transport-native-epoll-4.1.30.Final.jar:/home/user/.m2/repository/io/netty/netty-common/4.1.30.Final/netty-common-4.1.30.Final.jar:/home/user/.m2/repository/io/netty/netty-buffer/4.1.30.Final/netty-buffer-4.1.30.Final.jar:/home/user/.m2/repository/io/netty/netty-transport/4.1.30.Final/netty-transport-4.1.30.Final.jar:/home/user/.m2/repository/io/netty/netty-resolver/4.1.30.Final/netty-resolver-4.1.30.Final.jar:/home/user/.m2/repository/io/netty/netty-transport-native-unix-common/4.1.30.Final/netty-transport-native-unix-common-4.1.30.Final.jar:/home/user/.m2/repository/io/grpc/grpc-protobuf/1.17.1/grpc-protobuf-1.17.1.jar:/home/user/.m2/repository/com/google/api/grpc/proto-google-common-protos/1.0.0/proto-google-common-protos-1.0.0.jar:/home/user/.m2/repository/io/grpc/grpc-protobuf-lite/1.17.1/grpc-protobuf-lite-1.17.1.jar:/home/user/.m2/repository/io/grpc/grpc-stub/1.17.1/grpc-stub-1.17.1.jar:/home/user/.m2/repository/org/apache/hadoop/hadoop-ozone-recon/0.5.0-SNAPSHOT/hadoop-ozone-recon-0.5.0-SNAPSHOT.jar:/home/user/.m2/repository/org/apache/hadoop/hadoop-ozone-reconcodegen/0.5.0-SNAPSHOT/hadoop-ozone-reconcodegen-0.5.0-SNAPSHOT.jar:/home/user/.m2/repository/com/google/inject/extensions/guice-multibindings/4.0/guice-multibindings-4.0.jar:/home/user/.m2/repository/com/google/inject/guice/4.0/guice-4.0.jar:/home/user/.m2/repository/aopalliance/aopalliance/1.0/aopalliance-1.0.jar:/home/user/.m2/repository/com/google/inject/extensions/guice-servlet/4.0/guice-servlet-4.0.jar:/home/user/.m2/repository/org/glassfish/jersey/containers/jersey-container-servlet/2.27/jersey-container-servlet-2.27.jar:/home/user/.m2/repository/org/glassfish/hk2/guice-bridge/2.5.0/guice-bridge-2.5.0.jar:/home/user/.m2/repository/org/glassfish/jersey/core/jersey-server/2.27/jersey-server-2.27.jar:/home/user/.m2/repository/org/glassfish/jersey/core/jersey-client/2.27/jersey-client-2.27.jar:/home/user/.m2/repository/org/glassfish/jersey/media/jersey-media-jaxb/2.27/jersey-media-jaxb-2.27.jar:/home/user/.m2/repository/javax/validation/validation-api/1.1.0.Final/validation-api-1.1.0.Final.jar:/home/user/.m2/repository/org/glassfish/jersey/media/jersey-media-json-jackson/2.27/jersey-media-json-jackson-2.27.jar:/home/user/.m2/repository/org/glassfish/jersey/ext/jersey-entity-filtering/2.27/jersey-entity-filtering-2.27.jar:/home/user/.m2/repository/com/google/inject/extensions/guice-assistedinject/4.0/guice-assistedinject-4.0.jar:/home/user/.m2/repository/org/jooq/jooq/3.11.10/jooq-3.11.10.jar:/home/user/.m2/repository/org/jooq/jooq-meta/3.11.10/jooq-meta-3.11.10.jar:/home/user/.m2/repository/org/jooq/jooq-codegen/3.11.10/jooq-codegen-3.11.10.jar:/home/user/.m2/repository/com/jolbox/bonecp/0.8.0.RELEASE/bonecp-0.8.0.RELEASE.jar:/home/user/.m2/repository/org/xerial/sqlite-jdbc/3.25.2/sqlite-jdbc-3.25.2.jar:/home/user/.m2/repository/org/springframework/spring-jdbc/5.1.3.RELEASE/spring-jdbc-5.1.3.RELEASE.jar:/home/user/.m2/repository/org/springframework/spring-beans/5.1.3.RELEASE/spring-beans-5.1.3.RELEASE.jar:/home/user/.m2/repository/org/springframework/spring-core/5.1.3.RELEASE/spring-core-5.1.3.RELEASE.jar:/home/user/.m2/repository/org/springframework/spring-jcl/5.1.3.RELEASE/spring-jcl-5.1.3.RELEASE.jar:/home/user/.m2/repository/org/springframework/spring-tx/5.1.3.RELEASE/spring-tx-5.1.3.RELEASE.jar:/home/user/.m2/repository/org/apache/hadoop/hadoop-ozone-client/0.5.0-SNAPSHOT/hadoop-ozone-client-0.5.0-SNAPSHOT.jar:/home/user/.m2/repository/commons-lang/commons-lang/2.6/commons-lang-2.6.jar:/home/user/.m2/repository/org/apache/hadoop/hadoop-ozone-ozone-manager/0.5.0-SNAPSHOT/hadoop-ozone-ozone-manager-0.5.0-SNAPSHOT-tests.jar:/home/user/.m2/repository/junit/junit/4.11/junit-4.11.jar:/home/user/.m2/repository/org/hamcrest/hamcrest-core/1.3/hamcrest-core-1.3.jar:/home/user/.m2/repository/org/openjdk/jmh/jmh-core/1.19/jmh-core-1.19.jar:/home/user/.m2/repository/net/sf/jopt-simple/jopt-simple/4.6/jopt-simple-4.6.jar:/home/user/.m2/repository/org/apache/commons/commons-math3/3.1.1/commons-math3-3.1.1.jar:/home/user/.m2/repository/org/openjdk/jmh/jmh-generator-annprocess/1.19/jmh-generator-annprocess-1.19.jar:/home/user/.m2/repository/org/mockito/mockito-all/1.8.5/mockito-all-1.8.5.jar:/home/user/.m2/repository/org/apache/hadoop/hadoop-kms/3.2.0/hadoop-kms-3.2.0.jar:/home/user/.m2/repository/org/apache/hadoop/hadoop-auth/3.2.0/hadoop-auth-3.2.0.jar:/home/user/.m2/repository/com/nimbusds/nimbus-jose-jwt/4.41.1/nimbus-jose-jwt-4.41.1.jar:/home/user/.m2/repository/com/github/stephenc/jcip/jcip-annotations/1.0-1/jcip-annotations-1.0-1.jar:/home/user/.m2/repository/net/minidev/json-smart/2.3/json-smart-2.3.jar:/home/user/.m2/repository/net/minidev/accessors-smart/1.2/accessors-smart-1.2.jar:/home/user/.m2/repository/org/ow2/asm/asm/5.0.4/asm-5.0.4.jar:/home/user/.m2/repository/org/apache/curator/curator-framework/2.12.0/curator-framework-2.12.0.jar:/home/user/.m2/repository/com/sun/jersey/jersey-core/1.19/jersey-core-1.19.jar:/home/user/.m2/repository/javax/ws/rs/jsr311-api/1.1.1/jsr311-api-1.1.1.jar:/home/user/.m2/repository/com/sun/jersey/jersey-server/1.19/jersey-server-1.19.jar:/home/user/.m2/repository/javax/servlet/javax.servlet-api/3.1.0/javax.servlet-api-3.1.0.jar:/home/user/.m2/repository/org/eclipse/jetty/jetty-server/9.3.25.v20180904/jetty-server-9.3.25.v20180904.jar:/home/user/.m2/repository/org/eclipse/jetty/jetty-http/9.3.25.v20180904/jetty-http-9.3.25.v20180904.jar:/home/user/.m2/repository/org/eclipse/jetty/jetty-io/9.3.25.v20180904/jetty-io-9.3.25.v20180904.jar:/home/user/.m2/repository/org/eclipse/jetty/jetty-webapp/9.3.25.v20180904/jetty-webapp-9.3.25.v20180904.jar:/home/user/.m2/repository/org/eclipse/jetty/jetty-xml/9.3.25.v20180904/jetty-xml-9.3.25.v20180904.jar:/home/user/.m2/repository/log4j/log4j/1.2.17/log4j-1.2.17.jar:/home/user/.m2/repository/org/slf4j/slf4j-api/1.7.25/slf4j-api-1.7.25.jar:/home/user/.m2/repository/org/slf4j/jul-to-slf4j/1.7.25/jul-to-slf4j-1.7.25.jar:/home/user/.m2/repository/org/eclipse/jetty/jetty-util/9.3.25.v20180904/jetty-util-9.3.25.v20180904.jar:/home/user/.m2/repository/com/fasterxml/jackson/core/jackson-databind/2.9.9/jackson-databind-2.9.9.jar:/home/user/.m2/repository/org/apache/hadoop/hadoop-kms/3.2.0/hadoop-kms-3.2.0-tests.jar:/home/user/.m2/repository/org/apache/hadoop/hadoop-hdds-server-scm/0.5.0-SNAPSHOT/hadoop-hdds-server-scm-0.5.0-SNAPSHOT-tests.jar:/home/user/.m2/repository/org/apache/hadoop/hadoop-hdds-container-service/0.5.0-SNAPSHOT/hadoop-hdds-container-service-0.5.0-SNAPSHOT-tests.jar:/home/user/.m2/repository/org/yaml/snakeyaml/1.16/snakeyaml-1.16.jar:/home/user/.m2/repository/org/apache/hadoop/hadoop-common/3.2.0/hadoop-common-3.2.0-tests.jar:/home/user/.m2/repository/org/apache/hadoop/hadoop-annotations/3.2.0/hadoop-annotations-3.2.0.jar:/usr/lib/jvm/java-1.8.0-openjdk-1.8.0.222.b10-1.el7_7.x86_64/jre/../lib/tools.jar:/home/user/.m2/repository/commons-cli/commons-cli/1.2/commons-cli-1.2.jar:/home/user/.m2/repository/org/apache/httpcomponents/httpclient/4.5.2/httpclient-4.5.2.jar:/home/user/.m2/repository/org/apache/httpcomponents/httpcore/4.4.4/httpcore-4.4.4.jar:/home/user/.m2/repository/commons-codec/commons-codec/1.11/commons-codec-1.11.jar:/home/user/.m2/repository/commons-net/commons-net/3.6/commons-net-3.6.jar:/home/user/.m2/repository/commons-collections/commons-collections/3.2.2/commons-collections-3.2.2.jar:/home/user/.m2/repository/org/eclipse/jetty/jetty-servlet/9.3.25.v20180904/jetty-servlet-9.3.25.v20180904.jar:/home/user/.m2/repository/org/eclipse/jetty/jetty-security/9.3.25.v20180904/jetty-security-9.3.25.v20180904.jar:/home/user/.m2/repository/javax/servlet/jsp/jsp-api/2.1/jsp-api-2.1.jar:/home/user/.m2/repository/com/sun/jersey/jersey-servlet/1.19/jersey-servlet-1.19.jar:/home/user/.m2/repository/com/sun/jersey/jersey-json/1.19/jersey-json-1.19.jar:/home/user/.m2/repository/org/codehaus/jettison/jettison/1.1/jettison-1.1.jar:/home/user/.m2/repository/org/codehaus/jackson/jackson-core-asl/1.9.13/jackson-core-asl-1.9.13.jar:/home/user/.m2/repository/org/codehaus/jackson/jackson-mapper-asl/1.9.13/jackson-mapper-asl-1.9.13.jar:/home/user/.m2/repository/org/codehaus/jackson/jackson-jaxrs/1.9.13/jackson-jaxrs-1.9.13.jar:/home/user/.m2/repository/org/codehaus/jackson/jackson-xc/1.9.13/jackson-xc-1.9.13.jar:/home/user/.m2/repository/commons-logging/commons-logging/1.1.3/commons-logging-1.1.3.jar:/home/user/.m2/repository/commons-beanutils/commons-beanutils/1.9.4/commons-beanutils-1.9.4.jar:/home/user/.m2/repository/org/apache/commons/commons-configuration2/2.1.1/commons-configuration2-2.1.1.jar:/home/user/.m2/repository/org/apache/commons/commons-lang3/3.7/commons-lang3-3.7.jar:/home/user/.m2/repository/org/apache/commons/commons-text/1.4/commons-text-1.4.jar:/home/user/.m2/repository/org/apache/avro/avro/1.7.7/avro-1.7.7.jar:/home/user/.m2/repository/com/thoughtworks/paranamer/paranamer/2.3/paranamer-2.3.jar:/home/user/.m2/repository/org/xerial/snappy/snappy-java/1.0.5/snappy-java-1.0.5.jar:/home/user/.m2/repository/com/google/re2j/re2j/1.1/re2j-1.1.jar:/home/user/.m2/repository/com/google/code/gson/gson/2.2.4/gson-2.2.4.jar:/home/user/.m2/repository/com/jcraft/jsch/0.1.54/jsch-0.1.54.jar:/home/user/.m2/repository/org/apache/curator/curator-client/2.12.0/curator-client-2.12.0.jar:/home/user/.m2/repository/org/apache/curator/curator-recipes/2.12.0/curator-recipes-2.12.0.jar:/home/user/.m2/repository/com/google/code/findbugs/jsr305/3.0.0/jsr305-3.0.0.jar:/home/user/.m2/repository/org/apache/htrace/htrace-core4/4.1.0-incubating/htrace-core4-4.1.0-incubating.jar:/home/user/.m2/repository/org/apache/zookeeper/zookeeper/3.4.13/zookeeper-3.4.13.jar:/home/user/.m2/repository/jline/jline/0.9.94/jline-0.9.94.jar:/home/user/.m2/repository/org/apache/yetus/audience-annotations/0.5.0/audience-annotations-0.5.0.jar:/home/user/.m2/repository/org/codehaus/woodstox/stax2-api/3.1.4/stax2-api-3.1.4.jar:/home/user/.m2/repository/com/fasterxml/woodstox/woodstox-core/5.0.3/woodstox-core-5.0.3.jar:/home/user/.m2/repository/dnsjava/dnsjava/2.1.7/dnsjava-2.1.7.jar:/home/user/.m2/repository/org/apache/hadoop/hadoop-hdfs/3.2.0/hadoop-hdfs-3.2.0-tests.jar:/home/user/.m2/repository/org/eclipse/jetty/jetty-util-ajax/9.3.25.v20180904/jetty-util-ajax-9.3.25.v20180904.jar:/home/user/.m2/repository/commons-daemon/commons-daemon/1.0.13/commons-daemon-1.0.13.jar:/home/user/.m2/repository/io/netty/netty/3.10.5.Final/netty-3.10.5.Final.jar:/home/user/.m2/repository/io/netty/netty-all/4.0.52.Final/netty-all-4.0.52.Final.jar:/home/user/.m2/repository/org/fusesource/leveldbjni/leveldbjni-all/1.8/leveldbjni-all-1.8.jar:"/>
    <property name="sun.cpu.endian" value="little"/>
    <property name="user.home" value="/home/user"/>
    <property name="user.language" value="en"/>
    <property name="java.specification.vendor" value="Oracle Corporation"/>
    <property name="java.home" value="/usr/lib/jvm/java-1.8.0-openjdk-1.8.0.222.b10-1.el7_7.x86_64/jre"/>
    <property name="surefire.excludesFile" value="/tools/ozone-bad-unit-tests"/>
    <property name="java.security.krb5.conf" value="/workdir/hadoop-ozone/integration-test/target/test-classes/krb5.conf"/>
    <property name="basedir" value="/workdir/hadoop-ozone/integration-test"/>
    <property name="file.separator" value="/"/>
    <property name="line.separator" value="&#10;"/>
    <property name="java.vm.specification.vendor" value="Oracle Corporation"/>
    <property name="java.specification.name" value="Java Platform API Specification"/>
    <property name="java.awt.graphicsenv" value="sun.awt.X11GraphicsEnvironment"/>
    <property name="surefire.real.class.path" value="/workdir/hadoop-ozone/integration-test/target/surefire/surefirebooter8508875476990402457.jar"/>
    <property name="hadoop.log.dir" value="/workdir/hadoop-ozone/integration-test/target/log"/>
    <property name="sun.boot.class.path" value="/usr/lib/jvm/java-1.8.0-openjdk-1.8.0.222.b10-1.el7_7.x86_64/jre/lib/resources.jar:/usr/lib/jvm/java-1.8.0-openjdk-1.8.0.222.b10-1.el7_7.x86_64/jre/lib/rt.jar:/usr/lib/jvm/java-1.8.0-openjdk-1.8.0.222.b10-1.el7_7.x86_64/jre/lib/sunrsasign.jar:/usr/lib/jvm/java-1.8.0-openjdk-1.8.0.222.b10-1.el7_7.x86_64/jre/lib/jsse.jar:/usr/lib/jvm/java-1.8.0-openjdk-1.8.0.222.b10-1.el7_7.x86_64/jre/lib/jce.jar:/usr/lib/jvm/java-1.8.0-openjdk-1.8.0.222.b10-1.el7_7.x86_64/jre/lib/charsets.jar:/usr/lib/jvm/java-1.8.0-openjdk-1.8.0.222.b10-1.el7_7.x86_64/jre/lib/jfr.jar:/usr/lib/jvm/java-1.8.0-openjdk-1.8.0.222.b10-1.el7_7.x86_64/jre/classes"/>
    <property name="sun.management.compiler" value="HotSpot 64-Bit Tiered Compilers"/>
    <property name="java.runtime.version" value="1.8.0_222-b10"/>
    <property name="java.net.preferIPv4Stack" value="true"/>
    <property name="user.name" value="jenkins1000"/>
    <property name="path.separator" value=":"/>
    <property name="java.security.egd" value="file:///dev/urandom"/>
    <property name="os.version" value="3.10.0-957.12.2.el7.x86_64"/>
    <property name="java.endorsed.dirs" value="/usr/lib/jvm/java-1.8.0-openjdk-1.8.0.222.b10-1.el7_7.x86_64/jre/lib/endorsed"/>
    <property name="java.runtime.name" value="OpenJDK Runtime Environment"/>
    <property name="file.encoding" value="ANSI_X3.4-1968"/>
    <property name="java.vm.name" value="OpenJDK 64-Bit Server VM"/>
    <property name="test.build.webapps" value=""/>
    <property name="localRepository" value="/home/user/.m2/repository"/>
    <property name="java.vendor.url.bug" value="http://bugreport.sun.com/bugreport/"/>
    <property name="java.io.tmpdir" value="/tmp"/>
    <property name="require.test.libhadoop" value=""/>
    <property name="java.version" value="1.8.0_222"/>
    <property name="user.dir" value="/workdir/hadoop-ozone/integration-test"/>
    <property name="os.arch" value="amd64"/>
    <property name="java.vm.specification.name" value="Java Virtual Machine Specification"/>
    <property name="test.build.classes" value="/workdir/hadoop-ozone/integration-test/target/test-classes"/>
    <property name="java.awt.printerjob" value="sun.print.PSPrinterJob"/>
    <property name="sun.os.patch.level" value="unknown"/>
    <property name="hadoop.tmp.dir" value="/workdir/hadoop-ozone/integration-test/target/tmp"/>
    <property name="java.library.path" value="/usr/lib:/workdir/hadoop-ozone/integration-test/target/native/target/usr/local/lib:/workdir/hadoop-ozone/integration-test/../../hadoop-common-project/hadoop-common/target/native/target/usr/local/lib:/usr/java/packages/lib/amd64:/usr/lib64:/lib64:/lib:/usr/lib"/>
    <property name="java.vm.info" value="mixed mode"/>
    <property name="java.vendor" value="Oracle Corporation"/>
    <property name="java.vm.version" value="25.222-b10"/>
    <property name="java.ext.dirs" value="/usr/lib/jvm/java-1.8.0-openjdk-1.8.0.222.b10-1.el7_7.x86_64/jre/lib/ext:/usr/java/packages/lib/ext"/>
    <property name="sun.io.unicode.encoding" value="UnicodeLittle"/>
    <property name="java.class.version" value="52.0"/>
  </properties>
  <testcase name="testPipelineDestroy" classname="org.apache.hadoop.ozone.scm.pipeline.TestSCMPipelineMetrics" time="28.425">
    <failure message="Bad value for metric NumPipelineDestroyed expected:&lt;1&gt; but was:&lt;5&gt;" type="java.lang.AssertionError"><![CDATA[java.lang.AssertionError: Bad value for metric NumPipelineDestroyed expected:<1> but was:<5>
	at org.junit.Assert.fail(Assert.java:88)
	at org.junit.Assert.failNotEquals(Assert.java:743)
	at org.junit.Assert.assertEquals(Assert.java:118)
	at org.junit.Assert.assertEquals(Assert.java:555)
	at org.apache.hadoop.test.MetricsAsserts.assertCounter(MetricsAsserts.java:227)
	at org.apache.hadoop.ozone.scm.pipeline.TestSCMPipelineMetrics.testPipelineDestroy(TestSCMPipelineMetrics.java:93)
	at sun.reflect.NativeMethodAccessorImpl.invoke0(Native Method)
	at sun.reflect.NativeMethodAccessorImpl.invoke(NativeMethodAccessorImpl.java:62)
	at sun.reflect.DelegatingMethodAccessorImpl.invoke(DelegatingMethodAccessorImpl.java:43)
	at java.lang.reflect.Method.invoke(Method.java:498)
	at org.junit.runners.model.FrameworkMethod$1.runReflectiveCall(FrameworkMethod.java:47)
	at org.junit.internal.runners.model.ReflectiveCallable.run(ReflectiveCallable.java:12)
	at org.junit.runners.model.FrameworkMethod.invokeExplosively(FrameworkMethod.java:44)
	at org.junit.internal.runners.statements.InvokeMethod.evaluate(InvokeMethod.java:17)
	at org.junit.internal.runners.statements.RunBefores.evaluate(RunBefores.java:26)
	at org.junit.internal.runners.statements.RunAfters.evaluate(RunAfters.java:27)
	at org.junit.runners.ParentRunner.runLeaf(ParentRunner.java:271)
	at org.junit.runners.BlockJUnit4ClassRunner.runChild(BlockJUnit4ClassRunner.java:70)
	at org.junit.runners.BlockJUnit4ClassRunner.runChild(BlockJUnit4ClassRunner.java:50)
	at org.junit.runners.ParentRunner$3.run(ParentRunner.java:238)
	at org.junit.runners.ParentRunner$1.schedule(ParentRunner.java:63)
	at org.junit.runners.ParentRunner.runChildren(ParentRunner.java:236)
	at org.junit.runners.ParentRunner.access$000(ParentRunner.java:53)
	at org.junit.runners.ParentRunner$2.evaluate(ParentRunner.java:229)
	at org.junit.runners.ParentRunner.run(ParentRunner.java:309)
	at org.apache.maven.surefire.junit4.JUnit4Provider.execute(JUnit4Provider.java:365)
	at org.apache.maven.surefire.junit4.JUnit4Provider.executeWithRerun(JUnit4Provider.java:273)
	at org.apache.maven.surefire.junit4.JUnit4Provider.executeTestSet(JUnit4Provider.java:238)
	at org.apache.maven.surefire.junit4.JUnit4Provider.invoke(JUnit4Provider.java:159)
	at org.apache.maven.surefire.booter.ForkedBooter.invokeProviderInSameClassLoader(ForkedBooter.java:384)
	at org.apache.maven.surefire.booter.ForkedBooter.runSuitesInProcess(ForkedBooter.java:345)
	at org.apache.maven.surefire.booter.ForkedBooter.execute(ForkedBooter.java:126)
	at org.apache.maven.surefire.booter.ForkedBooter.main(ForkedBooter.java:418)
]]></failure>
    <system-out><![CDATA[2019-10-15 20:22:15,546 [main] WARN  server.ServerUtils (ServerUtils.java:getScmDbDir(145)) - ozone.scm.db.dirs is not configured. We recommend adding this setting. Falling back to ozone.metadata.dirs instead.
2019-10-15 20:22:15,664 [main] WARN  server.ServerUtils (ServerUtils.java:getScmDbDir(145)) - ozone.scm.db.dirs is not configured. We recommend adding this setting. Falling back to ozone.metadata.dirs instead.
2019-10-15 20:22:15,668 [main] WARN  server.ServerUtils (ServerUtils.java:getScmDbDir(145)) - ozone.scm.db.dirs is not configured. We recommend adding this setting. Falling back to ozone.metadata.dirs instead.
2019-10-15 20:22:15,696 [main] INFO  util.log (Log.java:initialized(192)) - Logging initialized @956ms
2019-10-15 20:22:15,793 [main] INFO  db.DBStoreBuilder (DBStoreBuilder.java:addTable(117)) - using custom profile for table: deletedBlocks
2019-10-15 20:22:15,794 [main] INFO  db.DBStoreBuilder (DBStoreBuilder.java:processTables(168)) - Using default column profile:DBProfile.DISK for Table:deletedBlocks
2019-10-15 20:22:15,794 [main] INFO  db.DBStoreBuilder (DBStoreBuilder.java:addTable(117)) - using custom profile for table: validCerts
2019-10-15 20:22:15,794 [main] INFO  db.DBStoreBuilder (DBStoreBuilder.java:processTables(168)) - Using default column profile:DBProfile.DISK for Table:validCerts
2019-10-15 20:22:15,794 [main] INFO  db.DBStoreBuilder (DBStoreBuilder.java:addTable(117)) - using custom profile for table: revokedCerts
2019-10-15 20:22:15,795 [main] INFO  db.DBStoreBuilder (DBStoreBuilder.java:processTables(168)) - Using default column profile:DBProfile.DISK for Table:revokedCerts
2019-10-15 20:22:15,810 [main] INFO  db.DBStoreBuilder (DBStoreBuilder.java:addTable(117)) - using custom profile for table: default
2019-10-15 20:22:15,810 [main] INFO  db.DBStoreBuilder (DBStoreBuilder.java:processTables(174)) - Using default column profile:DBProfile.DISK for Table:default
2019-10-15 20:22:15,811 [main] INFO  db.DBStoreBuilder (DBStoreBuilder.java:getDbProfile(205)) - Using default options. DBProfile.DISK
2019-10-15 20:22:16,067 [main] INFO  net.NodeSchemaLoader (NodeSchemaLoader.java:loadSchemaFromFile(125)) - Loading file from sun.misc.CompoundEnumeration@765d7657
2019-10-15 20:22:16,069 [main] INFO  net.NodeSchemaLoader (NodeSchemaLoader.java:loadSchema(171)) - Loading network topology layer schema file
2019-10-15 20:22:16,128 [main] WARN  server.ServerUtils (ServerUtils.java:sanitizeUserArgs(70)) - ozone.scm.stale.node.interval value = 300000 is larger than max = 100000 based on the key value of ozone.scm.heartbeat.thread.interval, reset to the max value 100000.
2019-10-15 20:22:16,130 [main] WARN  server.ServerUtils (ServerUtils.java:sanitizeUserArgs(70)) - ozone.scm.stale.node.interval value = 300000 is larger than max = 100000 based on the key value of ozone.scm.heartbeat.thread.interval, reset to the max value 100000.
2019-10-15 20:22:16,132 [main] INFO  node.SCMNodeManager (SCMNodeManager.java:<init>(116)) - Entering startup safe mode.
2019-10-15 20:22:16,193 [main] INFO  algorithms.ContainerPlacementPolicyFactory (ContainerPlacementPolicyFactory.java:getPolicy(57)) - Create container placement policy of type org.apache.hadoop.hdds.scm.container.placement.algorithms.SCMContainerPlacementRandom
2019-10-15 20:22:16,206 [main] WARN  server.ServerUtils (ServerUtils.java:getScmDbDir(145)) - ozone.scm.db.dirs is not configured. We recommend adding this setting. Falling back to ozone.metadata.dirs instead.
2019-10-15 20:22:16,280 [main] INFO  pipeline.SCMPipelineManager (SCMPipelineManager.java:initializePipelineState(132)) - No pipeline exists in current db
2019-10-15 20:22:16,283 [main] WARN  server.ServerUtils (ServerUtils.java:getScmDbDir(145)) - ozone.scm.db.dirs is not configured. We recommend adding this setting. Falling back to ozone.metadata.dirs instead.
2019-10-15 20:22:16,407 [main] WARN  events.EventQueue (EventQueue.java:fireEvent(183)) - No event handler registered for event TypedEvent{payloadType=SafeModeStatus, name='SafeModeStatus'}
2019-10-15 20:22:16,748 [main] INFO  ipc.CallQueueManager (CallQueueManager.java:<init>(84)) - Using callQueue: class java.util.concurrent.LinkedBlockingQueue, queueCapacity: 2000, scheduler: class org.apache.hadoop.ipc.DefaultRpcScheduler, ipcBackoff: false.
2019-10-15 20:22:16,771 [Socket Reader #1 for port 46803] INFO  ipc.Server (Server.java:run(1074)) - Starting Socket Reader #1 for port 46803
2019-10-15 20:22:16,910 [main] INFO  ipc.CallQueueManager (CallQueueManager.java:<init>(84)) - Using callQueue: class java.util.concurrent.LinkedBlockingQueue, queueCapacity: 2000, scheduler: class org.apache.hadoop.ipc.DefaultRpcScheduler, ipcBackoff: false.
2019-10-15 20:22:16,911 [Socket Reader #1 for port 40575] INFO  ipc.Server (Server.java:run(1074)) - Starting Socket Reader #1 for port 40575
2019-10-15 20:22:16,921 [main] INFO  ipc.CallQueueManager (CallQueueManager.java:<init>(84)) - Using callQueue: class java.util.concurrent.LinkedBlockingQueue, queueCapacity: 2000, scheduler: class org.apache.hadoop.ipc.DefaultRpcScheduler, ipcBackoff: false.
2019-10-15 20:22:16,922 [Socket Reader #1 for port 37190] INFO  ipc.Server (Server.java:run(1074)) - Starting Socket Reader #1 for port 37190
2019-10-15 20:22:16,949 [main] INFO  hdfs.DFSUtil (DFSUtil.java:httpServerTemplateForNNAndJN(1641)) - Starting Web-server for scm at: http://0.0.0.0:0
2019-10-15 20:22:17,143 [main] INFO  server.AuthenticationFilter (AuthenticationFilter.java:constructSecretProvider(240)) - Unable to initialize FileSignerSecretProvider, falling back to use random secrets.
2019-10-15 20:22:17,152 [main] WARN  http.HttpRequestLog (HttpRequestLog.java:getRequestLog(97)) - Jetty request log can only be enabled using Log4j
2019-10-15 20:22:17,160 [main] INFO  http.HttpServer2 (HttpServer2.java:addGlobalFilter(975)) - Added global filter 'safety' (class=org.apache.hadoop.http.HttpServer2$QuotingInputFilter)
2019-10-15 20:22:17,163 [main] INFO  http.HttpServer2 (HttpServer2.java:addFilter(948)) - Added filter static_user_filter (class=org.apache.hadoop.http.lib.StaticUserWebFilter$StaticUserFilter) to context scm
2019-10-15 20:22:17,163 [main] INFO  http.HttpServer2 (HttpServer2.java:addFilter(958)) - Added filter static_user_filter (class=org.apache.hadoop.http.lib.StaticUserWebFilter$StaticUserFilter) to context logs
2019-10-15 20:22:17,163 [main] INFO  http.HttpServer2 (HttpServer2.java:addFilter(958)) - Added filter static_user_filter (class=org.apache.hadoop.http.lib.StaticUserWebFilter$StaticUserFilter) to context static
2019-10-15 20:22:17,194 [main] INFO  server.StorageContainerManager (StorageContainerManager.java:start(772)) - StorageContainerLocationProtocol RPC server is listening at /0.0.0.0:37190
2019-10-15 20:22:17,255 [main] WARN  impl.MetricsConfig (MetricsConfig.java:loadFirst(134)) - Cannot locate configuration: tried hadoop-metrics2-storagecontainermanager.properties,hadoop-metrics2.properties
2019-10-15 20:22:17,269 [main] INFO  impl.MetricsSystemImpl (MetricsSystemImpl.java:startTimer(374)) - Scheduled Metric snapshot period at 10 second(s).
2019-10-15 20:22:17,270 [main] INFO  impl.MetricsSystemImpl (MetricsSystemImpl.java:start(191)) - StorageContainerManager metrics system started
2019-10-15 20:22:17,514 [main] INFO  server.SCMClientProtocolServer (SCMClientProtocolServer.java:start(159)) - RPC server for Client  is listening at /0.0.0.0:37190
2019-10-15 20:22:17,515 [IPC Server Responder] INFO  ipc.Server (Server.java:run(1314)) - IPC Server Responder: starting
2019-10-15 20:22:17,515 [IPC Server listener on 37190] INFO  ipc.Server (Server.java:run(1153)) - IPC Server listener on 37190: starting
2019-10-15 20:22:17,518 [main] INFO  server.StorageContainerManager (StorageContainerManager.java:start(782)) - ScmBlockLocationProtocol RPC server is listening at /0.0.0.0:40575
2019-10-15 20:22:17,518 [main] INFO  server.SCMBlockProtocolServer (SCMBlockProtocolServer.java:start(146)) - RPC server for Block Protocol is listening at /0.0.0.0:40575
2019-10-15 20:22:17,519 [IPC Server Responder] INFO  ipc.Server (Server.java:run(1314)) - IPC Server Responder: starting
2019-10-15 20:22:17,519 [IPC Server listener on 40575] INFO  ipc.Server (Server.java:run(1153)) - IPC Server listener on 40575: starting
2019-10-15 20:22:17,521 [main] INFO  server.StorageContainerManager (StorageContainerManager.java:start(786)) - ScmDatanodeProtocl RPC server is listening at /0.0.0.0:46803
2019-10-15 20:22:17,521 [main] INFO  server.SCMDatanodeProtocolServer (SCMDatanodeProtocolServer.java:start(169)) - RPC server for DataNodes is listening at /0.0.0.0:46803
2019-10-15 20:22:17,522 [IPC Server Responder] INFO  ipc.Server (Server.java:run(1314)) - IPC Server Responder: starting
2019-10-15 20:22:17,522 [IPC Server listener on 46803] INFO  ipc.Server (Server.java:run(1153)) - IPC Server listener on 46803: starting
2019-10-15 20:22:17,525 [main] INFO  http.HttpServer2 (HttpServer2.java:bindListener(1191)) - Jetty bound to port 33769
2019-10-15 20:22:17,527 [main] INFO  server.Server (Server.java:doStart(351)) - jetty-9.3.25.v20180904, build timestamp: 2018-09-04T21:11:46Z, git hash: 3ce520221d0240229c862b122d2b06c12a625732
2019-10-15 20:22:17,562 [main] INFO  handler.ContextHandler (ContextHandler.java:doStart(781)) - Started o.e.j.s.ServletContextHandler@44040454{/logs,file:///workdir/hadoop-ozone/integration-test/target/log,AVAILABLE}
2019-10-15 20:22:17,562 [main] INFO  handler.ContextHandler (ContextHandler.java:doStart(781)) - Started o.e.j.s.ServletContextHandler@18bc345{/static,file:///workdir/hadoop-ozone/integration-test/target/test-classes/webapps/static,AVAILABLE}
2019-10-15 20:22:17,593 [main] INFO  handler.ContextHandler (ContextHandler.java:doStart(781)) - Started o.e.j.w.WebAppContext@58c540cf{/,file:///workdir/hadoop-ozone/integration-test/target/test-classes/webapps/scm/,AVAILABLE}{/scm}
2019-10-15 20:22:17,599 [main] INFO  server.AbstractConnector (AbstractConnector.java:doStart(278)) - Started ServerConnector@1cf2fed4{HTTP/1.1,[http/1.1]}{0.0.0.0:33769}
2019-10-15 20:22:17,599 [main] INFO  server.Server (Server.java:doStart(419)) - Started @2859ms
2019-10-15 20:22:17,601 [main] INFO  impl.MetricsSinkAdapter (MetricsSinkAdapter.java:start(204)) - Sink prometheus started
2019-10-15 20:22:17,601 [main] INFO  impl.MetricsSystemImpl (MetricsSystemImpl.java:registerSink(301)) - Registered sink prometheus
2019-10-15 20:22:17,602 [main] INFO  server.BaseHttpServer (BaseHttpServer.java:updateConnectorAddress(215)) - HTTP server of SCM is listening at http://0.0.0.0:33769
2019-10-15 20:22:17,607 [org.apache.hadoop.util.JvmPauseMonitor$Monitor@687a762c] INFO  util.JvmPauseMonitor (JvmPauseMonitor.java:run(188)) - Starting JVM pause monitor
2019-10-15 20:22:17,610 [main] WARN  server.ServerUtils (ServerUtils.java:getDBPath(222)) - ozone.om.db.dirs is not configured. We recommend adding this setting. Falling back to ozone.metadata.dirs instead.
2019-10-15 20:22:17,707 [main] INFO  ha.OMHANodeDetails (OMHANodeDetails.java:loadOMHAConfig(190)) - Configuration either no ozone.om.address set. Falling back to the default OM address /127.0.0.1:0
2019-10-15 20:22:17,707 [main] INFO  ha.OMHANodeDetails (OMHANodeDetails.java:getOMNodeDetails(220)) - OM Service ID is not set. Setting it to the default ID: omServiceIdDefault
2019-10-15 20:22:17,709 [main] WARN  server.ServerUtils (ServerUtils.java:getDBPath(222)) - ozone.om.db.dirs is not configured. We recommend adding this setting. Falling back to ozone.metadata.dirs instead.
2019-10-15 20:22:17,709 [main] WARN  server.ServerUtils (ServerUtils.java:getDBPath(222)) - ozone.om.db.dirs is not configured. We recommend adding this setting. Falling back to ozone.metadata.dirs instead.
2019-10-15 20:22:18,330 [main] WARN  server.ServerUtils (ServerUtils.java:getDBPath(222)) - ozone.om.db.dirs is not configured. We recommend adding this setting. Falling back to ozone.metadata.dirs instead.
2019-10-15 20:22:18,338 [main] INFO  db.DBStoreBuilder (DBStoreBuilder.java:addTable(117)) - using custom profile for table: userTable
2019-10-15 20:22:18,338 [main] INFO  db.DBStoreBuilder (DBStoreBuilder.java:processTables(168)) - Using default column profile:DBProfile.DISK for Table:userTable
2019-10-15 20:22:18,338 [main] INFO  db.DBStoreBuilder (DBStoreBuilder.java:addTable(117)) - using custom profile for table: volumeTable
2019-10-15 20:22:18,339 [main] INFO  db.DBStoreBuilder (DBStoreBuilder.java:processTables(168)) - Using default column profile:DBProfile.DISK for Table:volumeTable
2019-10-15 20:22:18,339 [main] INFO  db.DBStoreBuilder (DBStoreBuilder.java:addTable(117)) - using custom profile for table: bucketTable
2019-10-15 20:22:18,339 [main] INFO  db.DBStoreBuilder (DBStoreBuilder.java:processTables(168)) - Using default column profile:DBProfile.DISK for Table:bucketTable
2019-10-15 20:22:18,339 [main] INFO  db.DBStoreBuilder (DBStoreBuilder.java:addTable(117)) - using custom profile for table: keyTable
2019-10-15 20:22:18,339 [main] INFO  db.DBStoreBuilder (DBStoreBuilder.java:processTables(168)) - Using default column profile:DBProfile.DISK for Table:keyTable
2019-10-15 20:22:18,340 [main] INFO  db.DBStoreBuilder (DBStoreBuilder.java:addTable(117)) - using custom profile for table: deletedTable
2019-10-15 20:22:18,340 [main] INFO  db.DBStoreBuilder (DBStoreBuilder.java:processTables(168)) - Using default column profile:DBProfile.DISK for Table:deletedTable
2019-10-15 20:22:18,340 [main] INFO  db.DBStoreBuilder (DBStoreBuilder.java:addTable(117)) - using custom profile for table: openKeyTable
2019-10-15 20:22:18,340 [main] INFO  db.DBStoreBuilder (DBStoreBuilder.java:processTables(168)) - Using default column profile:DBProfile.DISK for Table:openKeyTable
2019-10-15 20:22:18,341 [main] INFO  db.DBStoreBuilder (DBStoreBuilder.java:addTable(117)) - using custom profile for table: s3Table
2019-10-15 20:22:18,341 [main] INFO  db.DBStoreBuilder (DBStoreBuilder.java:processTables(168)) - Using default column profile:DBProfile.DISK for Table:s3Table
2019-10-15 20:22:18,341 [main] INFO  db.DBStoreBuilder (DBStoreBuilder.java:addTable(117)) - using custom profile for table: multipartInfoTable
2019-10-15 20:22:18,341 [main] INFO  db.DBStoreBuilder (DBStoreBuilder.java:processTables(168)) - Using default column profile:DBProfile.DISK for Table:multipartInfoTable
2019-10-15 20:22:18,342 [main] INFO  db.DBStoreBuilder (DBStoreBuilder.java:addTable(117)) - using custom profile for table: dTokenTable
2019-10-15 20:22:18,342 [main] INFO  db.DBStoreBuilder (DBStoreBuilder.java:processTables(168)) - Using default column profile:DBProfile.DISK for Table:dTokenTable
2019-10-15 20:22:18,342 [main] INFO  db.DBStoreBuilder (DBStoreBuilder.java:addTable(117)) - using custom profile for table: s3SecretTable
2019-10-15 20:22:18,342 [main] INFO  db.DBStoreBuilder (DBStoreBuilder.java:processTables(168)) - Using default column profile:DBProfile.DISK for Table:s3SecretTable
2019-10-15 20:22:18,343 [main] INFO  db.DBStoreBuilder (DBStoreBuilder.java:addTable(117)) - using custom profile for table: prefixTable
2019-10-15 20:22:18,343 [main] INFO  db.DBStoreBuilder (DBStoreBuilder.java:processTables(168)) - Using default column profile:DBProfile.DISK for Table:prefixTable
2019-10-15 20:22:18,343 [main] INFO  db.DBStoreBuilder (DBStoreBuilder.java:addTable(117)) - using custom profile for table: default
2019-10-15 20:22:18,343 [main] INFO  db.DBStoreBuilder (DBStoreBuilder.java:processTables(174)) - Using default column profile:DBProfile.DISK for Table:default
2019-10-15 20:22:18,343 [main] INFO  db.DBStoreBuilder (DBStoreBuilder.java:getDbProfile(205)) - Using default options. DBProfile.DISK
2019-10-15 20:22:19,033 [main] INFO  ipc.CallQueueManager (CallQueueManager.java:<init>(84)) - Using callQueue: class java.util.concurrent.LinkedBlockingQueue, queueCapacity: 2000, scheduler: class org.apache.hadoop.ipc.DefaultRpcScheduler, ipcBackoff: false.
2019-10-15 20:22:19,034 [Socket Reader #1 for port 42443] INFO  ipc.Server (Server.java:run(1074)) - Starting Socket Reader #1 for port 42443
2019-10-15 20:22:19,058 [main] INFO  om.OzoneManager (OzoneManager.java:start(1071)) - OzoneManager RPC server is listening at localhost/127.0.0.1:42443
2019-10-15 20:22:19,058 [main] INFO  impl.MetricsSystemImpl (MetricsSystemImpl.java:init(158)) - OzoneManager metrics system started (again)
2019-10-15 20:22:19,066 [IPC Server listener on 42443] INFO  ipc.Server (Server.java:run(1153)) - IPC Server listener on 42443: starting
2019-10-15 20:22:19,066 [IPC Server Responder] INFO  ipc.Server (Server.java:run(1314)) - IPC Server Responder: starting
2019-10-15 20:22:19,073 [main] INFO  hdfs.DFSUtil (DFSUtil.java:httpServerTemplateForNNAndJN(1641)) - Starting Web-server for ozoneManager at: http://0.0.0.0:0
2019-10-15 20:22:19,076 [main] INFO  server.AuthenticationFilter (AuthenticationFilter.java:constructSecretProvider(240)) - Unable to initialize FileSignerSecretProvider, falling back to use random secrets.
2019-10-15 20:22:19,076 [main] WARN  http.HttpRequestLog (HttpRequestLog.java:getRequestLog(97)) - Jetty request log can only be enabled using Log4j
2019-10-15 20:22:19,079 [main] INFO  http.HttpServer2 (HttpServer2.java:addGlobalFilter(975)) - Added global filter 'safety' (class=org.apache.hadoop.http.HttpServer2$QuotingInputFilter)
2019-10-15 20:22:19,081 [main] INFO  http.HttpServer2 (HttpServer2.java:addFilter(948)) - Added filter static_user_filter (class=org.apache.hadoop.http.lib.StaticUserWebFilter$StaticUserFilter) to context ozoneManager
2019-10-15 20:22:19,081 [main] INFO  http.HttpServer2 (HttpServer2.java:addFilter(958)) - Added filter static_user_filter (class=org.apache.hadoop.http.lib.StaticUserWebFilter$StaticUserFilter) to context static
2019-10-15 20:22:19,081 [main] INFO  http.HttpServer2 (HttpServer2.java:addFilter(958)) - Added filter static_user_filter (class=org.apache.hadoop.http.lib.StaticUserWebFilter$StaticUserFilter) to context logs
2019-10-15 20:22:19,084 [main] INFO  http.HttpServer2 (HttpServer2.java:bindListener(1191)) - Jetty bound to port 45918
2019-10-15 20:22:19,084 [main] INFO  server.Server (Server.java:doStart(351)) - jetty-9.3.25.v20180904, build timestamp: 2018-09-04T21:11:46Z, git hash: 3ce520221d0240229c862b122d2b06c12a625732
2019-10-15 20:22:19,087 [main] INFO  handler.ContextHandler (ContextHandler.java:doStart(781)) - Started o.e.j.s.ServletContextHandler@304a3655{/logs,file:///workdir/hadoop-ozone/integration-test/target/log,AVAILABLE}
2019-10-15 20:22:19,088 [main] INFO  handler.ContextHandler (ContextHandler.java:doStart(781)) - Started o.e.j.s.ServletContextHandler@12a160c2{/static,file:///workdir/hadoop-ozone/integration-test/target/test-classes/webapps/static,AVAILABLE}
2019-10-15 20:22:19,094 [main] INFO  handler.ContextHandler (ContextHandler.java:doStart(781)) - Started o.e.j.w.WebAppContext@38548b19{/,file:///workdir/hadoop-ozone/integration-test/target/test-classes/webapps/ozoneManager/,AVAILABLE}{/ozoneManager}
2019-10-15 20:22:19,095 [main] INFO  server.AbstractConnector (AbstractConnector.java:doStart(278)) - Started ServerConnector@41aaedaa{HTTP/1.1,[http/1.1]}{0.0.0.0:45918}
2019-10-15 20:22:19,096 [main] INFO  server.Server (Server.java:doStart(419)) - Started @4356ms
2019-10-15 20:22:19,096 [main] WARN  impl.MetricsSystemImpl (MetricsSystemImpl.java:register(276)) - Sink prometheus already exists!
2019-10-15 20:22:19,098 [main] INFO  server.BaseHttpServer (BaseHttpServer.java:updateConnectorAddress(215)) - HTTP server of OZONEMANAGER is listening at http://0.0.0.0:45918
2019-10-15 20:22:19,366 [main] INFO  impl.MetricsSystemImpl (MetricsSystemImpl.java:init(158)) - HddsDatanode metrics system started (again)
2019-10-15 20:22:19,417 [main] INFO  ozone.HddsDatanodeService (HddsDatanodeService.java:start(184)) - HddsDatanodeService host:pr-hdds-1868-w6t9t-2578031758 ip:192.168.157.221
2019-10-15 20:22:19,449 [main] INFO  volume.HddsVolume (HddsVolume.java:<init>(176)) - Creating Volume: /workdir/hadoop-ozone/integration-test/target/test-dir/MiniOzoneClusterImpl-3772ebd4-26bc-4d7a-a4e6-f41925ce4177/datanode-0/data/containers/hdds of  storage type : DISK and capacity : 1482555576320
2019-10-15 20:22:19,452 [main] INFO  volume.VolumeSet (VolumeSet.java:initializeVolumeSet(170)) - Added Volume : /workdir/hadoop-ozone/integration-test/target/test-dir/MiniOzoneClusterImpl-3772ebd4-26bc-4d7a-a4e6-f41925ce4177/datanode-0/data/containers/hdds to VolumeSet
2019-10-15 20:22:19,456 [main] INFO  volume.ThrottledAsyncChecker (ThrottledAsyncChecker.java:schedule(141)) - Scheduling a check for org.apache.hadoop.ozone.container.common.volume.HddsVolume@59532566
2019-10-15 20:22:19,475 [main] INFO  volume.HddsVolumeChecker (HddsVolumeChecker.java:checkAllVolumes(204)) - Scheduled health check for volume org.apache.hadoop.ozone.container.common.volume.HddsVolume@59532566
2019-10-15 20:22:19,581 [main] INFO  impl.RaftServerProxy (ConfUtils.java:logGet(43)) - raft.rpc.type = GRPC (default)
2019-10-15 20:22:19,634 [main] INFO  grpc.GrpcFactory (GrpcFactory.java:checkPooledByteBufAllocatorUseCacheForAllThreads(45)) - PERFORMANCE WARNING: useCacheForAllThreads is true that may cause Netty to create a lot garbage objects and, as a result, trigger GC.
	It is recommended to disable useCacheForAllThreads by setting -Dorg.apache.ratis.thirdparty.io.netty.allocator.useCacheForAllThreads=false in command line.
2019-10-15 20:22:19,638 [main] INFO  grpc.GrpcConfigKeys$Server (ConfUtils.java:logGet(43)) - raft.grpc.server.port = 0 (default)
2019-10-15 20:22:19,639 [main] INFO  server.GrpcService (ConfUtils.java:logGet(43)) - raft.grpc.message.size.max = 33570816 (custom)
2019-10-15 20:22:19,640 [main] INFO  server.RaftServerConfigKeys (ConfUtils.java:logGet(43)) - raft.server.log.appender.buffer.byte-limit = 33554432 (custom)
2019-10-15 20:22:19,641 [main] INFO  server.GrpcService (ConfUtils.java:logGet(43)) - raft.grpc.flow.control.window = 1MB (=1048576) (default)
2019-10-15 20:22:19,642 [main] INFO  server.RaftServerConfigKeys (ConfUtils.java:logGet(43)) - raft.server.rpc.request.timeout = 3000ms (default)
2019-10-15 20:22:19,778 [main] INFO  server.RaftServerConfigKeys (ConfUtils.java:logGet(43)) - raft.server.storage.dir = [/workdir/hadoop-ozone/integration-test/target/test-dir/MiniOzoneClusterImpl-3772ebd4-26bc-4d7a-a4e6-f41925ce4177/datanode-0/data/ratis] (custom)
2019-10-15 20:22:19,823 [main] INFO  hdfs.DFSUtil (DFSUtil.java:httpServerTemplateForNNAndJN(1641)) - Starting Web-server for hddsDatanode at: http://0.0.0.0:0
2019-10-15 20:22:19,826 [main] INFO  server.AuthenticationFilter (AuthenticationFilter.java:constructSecretProvider(240)) - Unable to initialize FileSignerSecretProvider, falling back to use random secrets.
2019-10-15 20:22:19,827 [main] WARN  http.HttpRequestLog (HttpRequestLog.java:getRequestLog(97)) - Jetty request log can only be enabled using Log4j
2019-10-15 20:22:19,830 [main] INFO  http.HttpServer2 (HttpServer2.java:addGlobalFilter(975)) - Added global filter 'safety' (class=org.apache.hadoop.http.HttpServer2$QuotingInputFilter)
2019-10-15 20:22:19,832 [main] INFO  http.HttpServer2 (HttpServer2.java:addFilter(948)) - Added filter static_user_filter (class=org.apache.hadoop.http.lib.StaticUserWebFilter$StaticUserFilter) to context hddsDatanode
2019-10-15 20:22:19,832 [main] INFO  http.HttpServer2 (HttpServer2.java:addFilter(958)) - Added filter static_user_filter (class=org.apache.hadoop.http.lib.StaticUserWebFilter$StaticUserFilter) to context static
2019-10-15 20:22:19,832 [main] INFO  http.HttpServer2 (HttpServer2.java:addFilter(958)) - Added filter static_user_filter (class=org.apache.hadoop.http.lib.StaticUserWebFilter$StaticUserFilter) to context logs
2019-10-15 20:22:19,834 [main] INFO  http.HttpServer2 (HttpServer2.java:bindListener(1191)) - Jetty bound to port 34687
2019-10-15 20:22:19,834 [main] INFO  server.Server (Server.java:doStart(351)) - jetty-9.3.25.v20180904, build timestamp: 2018-09-04T21:11:46Z, git hash: 3ce520221d0240229c862b122d2b06c12a625732
2019-10-15 20:22:19,837 [main] INFO  handler.ContextHandler (ContextHandler.java:doStart(781)) - Started o.e.j.s.ServletContextHandler@51288417{/logs,file:///workdir/hadoop-ozone/integration-test/target/log,AVAILABLE}
2019-10-15 20:22:19,838 [main] INFO  handler.ContextHandler (ContextHandler.java:doStart(781)) - Started o.e.j.s.ServletContextHandler@1e0895f5{/static,jar:file:/home/user/.m2/repository/org/apache/hadoop/hadoop-hdds-container-service/0.5.0-SNAPSHOT/hadoop-hdds-container-service-0.5.0-SNAPSHOT.jar!/webapps/static,AVAILABLE}
2019-10-15 20:22:19,877 [main] INFO  handler.ContextHandler (ContextHandler.java:doStart(781)) - Started o.e.j.w.WebAppContext@73c9e8e8{/,file:///tmp/jetty-0.0.0.0-34687-hddsDatanode-_-any-5502879130049846019.dir/webapp/,AVAILABLE}{/hddsDatanode}
2019-10-15 20:22:19,878 [main] INFO  server.AbstractConnector (AbstractConnector.java:doStart(278)) - Started ServerConnector@de8039f{HTTP/1.1,[http/1.1]}{0.0.0.0:34687}
2019-10-15 20:22:19,878 [main] INFO  server.Server (Server.java:doStart(419)) - Started @5138ms
2019-10-15 20:22:19,879 [main] WARN  impl.MetricsSystemImpl (MetricsSystemImpl.java:register(276)) - Sink prometheus already exists!
2019-10-15 20:22:19,880 [main] INFO  server.BaseHttpServer (BaseHttpServer.java:updateConnectorAddress(215)) - HTTP server of HDDSDATANODE is listening at http://0.0.0.0:34687
2019-10-15 20:22:19,880 [main] INFO  impl.MetricsSystemImpl (MetricsSystemImpl.java:init(158)) - HddsDatanode metrics system started (again)
2019-10-15 20:22:19,883 [main] INFO  ozone.HddsDatanodeService (HddsDatanodeService.java:start(184)) - HddsDatanodeService host:pr-hdds-1868-w6t9t-2578031758 ip:192.168.157.221
2019-10-15 20:22:19,886 [org.apache.hadoop.util.JvmPauseMonitor$Monitor@4c8a1788] INFO  util.JvmPauseMonitor (JvmPauseMonitor.java:run(188)) - Starting JVM pause monitor
2019-10-15 20:22:19,891 [main] INFO  volume.HddsVolume (HddsVolume.java:<init>(176)) - Creating Volume: /workdir/hadoop-ozone/integration-test/target/test-dir/MiniOzoneClusterImpl-3772ebd4-26bc-4d7a-a4e6-f41925ce4177/datanode-1/data/containers/hdds of  storage type : DISK and capacity : 1482555576320
2019-10-15 20:22:19,892 [main] INFO  volume.VolumeSet (VolumeSet.java:initializeVolumeSet(170)) - Added Volume : /workdir/hadoop-ozone/integration-test/target/test-dir/MiniOzoneClusterImpl-3772ebd4-26bc-4d7a-a4e6-f41925ce4177/datanode-1/data/containers/hdds to VolumeSet
2019-10-15 20:22:19,892 [main] INFO  volume.ThrottledAsyncChecker (ThrottledAsyncChecker.java:schedule(141)) - Scheduling a check for org.apache.hadoop.ozone.container.common.volume.HddsVolume@1a4d1ab7
2019-10-15 20:22:19,893 [main] INFO  volume.HddsVolumeChecker (HddsVolumeChecker.java:checkAllVolumes(204)) - Scheduled health check for volume org.apache.hadoop.ozone.container.common.volume.HddsVolume@1a4d1ab7
2019-10-15 20:22:19,907 [main] INFO  impl.RaftServerProxy (ConfUtils.java:logGet(43)) - raft.rpc.type = GRPC (default)
2019-10-15 20:22:19,908 [main] INFO  grpc.GrpcFactory (GrpcFactory.java:checkPooledByteBufAllocatorUseCacheForAllThreads(45)) - PERFORMANCE WARNING: useCacheForAllThreads is true that may cause Netty to create a lot garbage objects and, as a result, trigger GC.
	It is recommended to disable useCacheForAllThreads by setting -Dorg.apache.ratis.thirdparty.io.netty.allocator.useCacheForAllThreads=false in command line.
2019-10-15 20:22:19,908 [main] INFO  grpc.GrpcConfigKeys$Server (ConfUtils.java:logGet(43)) - raft.grpc.server.port = 0 (default)
2019-10-15 20:22:19,908 [main] INFO  server.GrpcService (ConfUtils.java:logGet(43)) - raft.grpc.message.size.max = 33570816 (custom)
2019-10-15 20:22:19,908 [main] INFO  server.RaftServerConfigKeys (ConfUtils.java:logGet(43)) - raft.server.log.appender.buffer.byte-limit = 33554432 (custom)
2019-10-15 20:22:19,908 [main] INFO  server.GrpcService (ConfUtils.java:logGet(43)) - raft.grpc.flow.control.window = 1MB (=1048576) (default)
2019-10-15 20:22:19,909 [main] INFO  server.RaftServerConfigKeys (ConfUtils.java:logGet(43)) - raft.server.rpc.request.timeout = 3000ms (default)
2019-10-15 20:22:19,909 [main] INFO  server.RaftServerConfigKeys (ConfUtils.java:logGet(43)) - raft.server.storage.dir = [/workdir/hadoop-ozone/integration-test/target/test-dir/MiniOzoneClusterImpl-3772ebd4-26bc-4d7a-a4e6-f41925ce4177/datanode-1/data/ratis] (custom)
2019-10-15 20:22:19,911 [main] INFO  hdfs.DFSUtil (DFSUtil.java:httpServerTemplateForNNAndJN(1641)) - Starting Web-server for hddsDatanode at: http://0.0.0.0:0
2019-10-15 20:22:19,912 [main] INFO  server.AuthenticationFilter (AuthenticationFilter.java:constructSecretProvider(240)) - Unable to initialize FileSignerSecretProvider, falling back to use random secrets.
2019-10-15 20:22:19,913 [main] WARN  http.HttpRequestLog (HttpRequestLog.java:getRequestLog(97)) - Jetty request log can only be enabled using Log4j
2019-10-15 20:22:19,915 [main] INFO  http.HttpServer2 (HttpServer2.java:addGlobalFilter(975)) - Added global filter 'safety' (class=org.apache.hadoop.http.HttpServer2$QuotingInputFilter)
2019-10-15 20:22:19,915 [main] INFO  http.HttpServer2 (HttpServer2.java:addFilter(948)) - Added filter static_user_filter (class=org.apache.hadoop.http.lib.StaticUserWebFilter$StaticUserFilter) to context hddsDatanode
2019-10-15 20:22:19,916 [main] INFO  http.HttpServer2 (HttpServer2.java:addFilter(958)) - Added filter static_user_filter (class=org.apache.hadoop.http.lib.StaticUserWebFilter$StaticUserFilter) to context logs
2019-10-15 20:22:19,916 [main] INFO  http.HttpServer2 (HttpServer2.java:addFilter(958)) - Added filter static_user_filter (class=org.apache.hadoop.http.lib.StaticUserWebFilter$StaticUserFilter) to context static
2019-10-15 20:22:19,917 [main] INFO  http.HttpServer2 (HttpServer2.java:bindListener(1191)) - Jetty bound to port 39266
2019-10-15 20:22:19,917 [main] INFO  server.Server (Server.java:doStart(351)) - jetty-9.3.25.v20180904, build timestamp: 2018-09-04T21:11:46Z, git hash: 3ce520221d0240229c862b122d2b06c12a625732
2019-10-15 20:22:19,921 [main] INFO  handler.ContextHandler (ContextHandler.java:doStart(781)) - Started o.e.j.s.ServletContextHandler@6a472566{/logs,file:///workdir/hadoop-ozone/integration-test/target/log,AVAILABLE}
2019-10-15 20:22:19,921 [main] INFO  handler.ContextHandler (ContextHandler.java:doStart(781)) - Started o.e.j.s.ServletContextHandler@5e65afb6{/static,jar:file:/home/user/.m2/repository/org/apache/hadoop/hadoop-hdds-container-service/0.5.0-SNAPSHOT/hadoop-hdds-container-service-0.5.0-SNAPSHOT.jar!/webapps/static,AVAILABLE}
2019-10-15 20:22:19,959 [main] INFO  handler.ContextHandler (ContextHandler.java:doStart(781)) - Started o.e.j.w.WebAppContext@5c77ba8f{/,file:///tmp/jetty-0.0.0.0-39266-hddsDatanode-_-any-6709547326948355391.dir/webapp/,AVAILABLE}{/hddsDatanode}
2019-10-15 20:22:19,961 [main] INFO  server.AbstractConnector (AbstractConnector.java:doStart(278)) - Started ServerConnector@660f0c{HTTP/1.1,[http/1.1]}{0.0.0.0:39266}
2019-10-15 20:22:19,961 [main] INFO  server.Server (Server.java:doStart(419)) - Started @5222ms
2019-10-15 20:22:19,961 [main] WARN  impl.MetricsSystemImpl (MetricsSystemImpl.java:register(276)) - Sink prometheus already exists!
2019-10-15 20:22:19,963 [main] INFO  server.BaseHttpServer (BaseHttpServer.java:updateConnectorAddress(215)) - HTTP server of HDDSDATANODE is listening at http://0.0.0.0:39266
2019-10-15 20:22:19,963 [main] INFO  impl.MetricsSystemImpl (MetricsSystemImpl.java:init(158)) - HddsDatanode metrics system started (again)
2019-10-15 20:22:19,965 [org.apache.hadoop.util.JvmPauseMonitor$Monitor@7f3355b6] INFO  util.JvmPauseMonitor (JvmPauseMonitor.java:run(188)) - Starting JVM pause monitor
2019-10-15 20:22:19,966 [main] INFO  ozone.HddsDatanodeService (HddsDatanodeService.java:start(184)) - HddsDatanodeService host:pr-hdds-1868-w6t9t-2578031758 ip:192.168.157.221
2019-10-15 20:22:19,974 [main] INFO  volume.HddsVolume (HddsVolume.java:<init>(176)) - Creating Volume: /workdir/hadoop-ozone/integration-test/target/test-dir/MiniOzoneClusterImpl-3772ebd4-26bc-4d7a-a4e6-f41925ce4177/datanode-2/data/containers/hdds of  storage type : DISK and capacity : 1482555576320
2019-10-15 20:22:19,974 [main] INFO  volume.VolumeSet (VolumeSet.java:initializeVolumeSet(170)) - Added Volume : /workdir/hadoop-ozone/integration-test/target/test-dir/MiniOzoneClusterImpl-3772ebd4-26bc-4d7a-a4e6-f41925ce4177/datanode-2/data/containers/hdds to VolumeSet
2019-10-15 20:22:19,974 [main] INFO  volume.ThrottledAsyncChecker (ThrottledAsyncChecker.java:schedule(141)) - Scheduling a check for org.apache.hadoop.ozone.container.common.volume.HddsVolume@22a736d7
2019-10-15 20:22:19,975 [main] INFO  volume.HddsVolumeChecker (HddsVolumeChecker.java:checkAllVolumes(204)) - Scheduled health check for volume org.apache.hadoop.ozone.container.common.volume.HddsVolume@22a736d7
2019-10-15 20:22:19,988 [main] INFO  impl.RaftServerProxy (ConfUtils.java:logGet(43)) - raft.rpc.type = GRPC (default)
2019-10-15 20:22:19,988 [main] INFO  grpc.GrpcFactory (GrpcFactory.java:checkPooledByteBufAllocatorUseCacheForAllThreads(45)) - PERFORMANCE WARNING: useCacheForAllThreads is true that may cause Netty to create a lot garbage objects and, as a result, trigger GC.
	It is recommended to disable useCacheForAllThreads by setting -Dorg.apache.ratis.thirdparty.io.netty.allocator.useCacheForAllThreads=false in command line.
2019-10-15 20:22:19,989 [main] INFO  grpc.GrpcConfigKeys$Server (ConfUtils.java:logGet(43)) - raft.grpc.server.port = 0 (default)
2019-10-15 20:22:19,989 [main] INFO  server.GrpcService (ConfUtils.java:logGet(43)) - raft.grpc.message.size.max = 33570816 (custom)
2019-10-15 20:22:19,989 [main] INFO  server.RaftServerConfigKeys (ConfUtils.java:logGet(43)) - raft.server.log.appender.buffer.byte-limit = 33554432 (custom)
2019-10-15 20:22:19,989 [main] INFO  server.GrpcService (ConfUtils.java:logGet(43)) - raft.grpc.flow.control.window = 1MB (=1048576) (default)
2019-10-15 20:22:19,989 [main] INFO  server.RaftServerConfigKeys (ConfUtils.java:logGet(43)) - raft.server.rpc.request.timeout = 3000ms (default)
2019-10-15 20:22:19,990 [main] INFO  server.RaftServerConfigKeys (ConfUtils.java:logGet(43)) - raft.server.storage.dir = [/workdir/hadoop-ozone/integration-test/target/test-dir/MiniOzoneClusterImpl-3772ebd4-26bc-4d7a-a4e6-f41925ce4177/datanode-2/data/ratis] (custom)
2019-10-15 20:22:19,992 [main] INFO  hdfs.DFSUtil (DFSUtil.java:httpServerTemplateForNNAndJN(1641)) - Starting Web-server for hddsDatanode at: http://0.0.0.0:0
2019-10-15 20:22:19,993 [main] INFO  server.AuthenticationFilter (AuthenticationFilter.java:constructSecretProvider(240)) - Unable to initialize FileSignerSecretProvider, falling back to use random secrets.
2019-10-15 20:22:19,994 [main] WARN  http.HttpRequestLog (HttpRequestLog.java:getRequestLog(97)) - Jetty request log can only be enabled using Log4j
2019-10-15 20:22:19,996 [main] INFO  http.HttpServer2 (HttpServer2.java:addGlobalFilter(975)) - Added global filter 'safety' (class=org.apache.hadoop.http.HttpServer2$QuotingInputFilter)
2019-10-15 20:22:19,996 [main] INFO  http.HttpServer2 (HttpServer2.java:addFilter(948)) - Added filter static_user_filter (class=org.apache.hadoop.http.lib.StaticUserWebFilter$StaticUserFilter) to context hddsDatanode
2019-10-15 20:22:19,996 [main] INFO  http.HttpServer2 (HttpServer2.java:addFilter(958)) - Added filter static_user_filter (class=org.apache.hadoop.http.lib.StaticUserWebFilter$StaticUserFilter) to context logs
2019-10-15 20:22:19,996 [main] INFO  http.HttpServer2 (HttpServer2.java:addFilter(958)) - Added filter static_user_filter (class=org.apache.hadoop.http.lib.StaticUserWebFilter$StaticUserFilter) to context static
2019-10-15 20:22:19,997 [main] INFO  http.HttpServer2 (HttpServer2.java:bindListener(1191)) - Jetty bound to port 39882
2019-10-15 20:22:19,997 [main] INFO  server.Server (Server.java:doStart(351)) - jetty-9.3.25.v20180904, build timestamp: 2018-09-04T21:11:46Z, git hash: 3ce520221d0240229c862b122d2b06c12a625732
2019-10-15 20:22:20,000 [main] INFO  handler.ContextHandler (ContextHandler.java:doStart(781)) - Started o.e.j.s.ServletContextHandler@6069dd38{/logs,file:///workdir/hadoop-ozone/integration-test/target/log,AVAILABLE}
2019-10-15 20:22:20,001 [main] INFO  handler.ContextHandler (ContextHandler.java:doStart(781)) - Started o.e.j.s.ServletContextHandler@558756be{/static,jar:file:/home/user/.m2/repository/org/apache/hadoop/hadoop-hdds-container-service/0.5.0-SNAPSHOT/hadoop-hdds-container-service-0.5.0-SNAPSHOT.jar!/webapps/static,AVAILABLE}
2019-10-15 20:22:20,005 [Datanode State Machine Thread - 0] INFO  datanode.InitDatanodeState (InitDatanodeState.java:persistContainerDatanodeDetails(140)) - DatanodeDetails is persisted to /workdir/hadoop-ozone/integration-test/target/test-dir/MiniOzoneClusterImpl-3772ebd4-26bc-4d7a-a4e6-f41925ce4177/datanode-0/meta/datanode.id
2019-10-15 20:22:20,008 [Datanode State Machine Thread - 0] INFO  datanode.InitDatanodeState (InitDatanodeState.java:persistContainerDatanodeDetails(140)) - DatanodeDetails is persisted to /workdir/hadoop-ozone/integration-test/target/test-dir/MiniOzoneClusterImpl-3772ebd4-26bc-4d7a-a4e6-f41925ce4177/datanode-1/meta/datanode.id
2019-10-15 20:22:20,032 [main] INFO  handler.ContextHandler (ContextHandler.java:doStart(781)) - Started o.e.j.w.WebAppContext@54e3658c{/,file:///tmp/jetty-0.0.0.0-39882-hddsDatanode-_-any-5832107403892540066.dir/webapp/,AVAILABLE}{/hddsDatanode}
2019-10-15 20:22:20,032 [main] INFO  server.AbstractConnector (AbstractConnector.java:doStart(278)) - Started ServerConnector@43e9089{HTTP/1.1,[http/1.1]}{0.0.0.0:39882}
2019-10-15 20:22:20,033 [main] INFO  server.Server (Server.java:doStart(419)) - Started @5293ms
2019-10-15 20:22:20,033 [main] WARN  impl.MetricsSystemImpl (MetricsSystemImpl.java:register(276)) - Sink prometheus already exists!
2019-10-15 20:22:20,034 [main] INFO  server.BaseHttpServer (BaseHttpServer.java:updateConnectorAddress(215)) - HTTP server of HDDSDATANODE is listening at http://0.0.0.0:39882
2019-10-15 20:22:20,036 [main] INFO  ozone.MiniOzoneClusterImpl (MiniOzoneClusterImpl.java:lambda$waitForClusterToBeReady$2(172)) - Waiting for cluster to be ready. Got 0 of 3 DN Heartbeats.
2019-10-15 20:22:20,037 [org.apache.hadoop.util.JvmPauseMonitor$Monitor@4ecba2bc] INFO  util.JvmPauseMonitor (JvmPauseMonitor.java:run(188)) - Starting JVM pause monitor
2019-10-15 20:22:20,039 [Datanode State Machine Thread - 0] INFO  datanode.InitDatanodeState (InitDatanodeState.java:persistContainerDatanodeDetails(140)) - DatanodeDetails is persisted to /workdir/hadoop-ozone/integration-test/target/test-dir/MiniOzoneClusterImpl-3772ebd4-26bc-4d7a-a4e6-f41925ce4177/datanode-2/meta/datanode.id
2019-10-15 20:22:21,036 [main] INFO  ozone.MiniOzoneClusterImpl (MiniOzoneClusterImpl.java:lambda$waitForClusterToBeReady$2(172)) - Waiting for cluster to be ready. Got 0 of 3 DN Heartbeats.
2019-10-15 20:22:21,980 [Datanode State Machine Thread - 0] INFO  ozoneimpl.OzoneContainer (OzoneContainer.java:start(213)) - Attempting to start container services.
2019-10-15 20:22:21,982 [Datanode State Machine Thread - 0] INFO  ozoneimpl.OzoneContainer (OzoneContainer.java:startContainerScrub(177)) - Background container scanner has been disabled.
2019-10-15 20:22:21,983 [Datanode State Machine Thread - 0] INFO  ratis.XceiverServerRatis (XceiverServerRatis.java:start(425)) - Starting XceiverServerRatis a039f237-790c-4f08-8b7b-02a31c66338b at port 0
2019-10-15 20:22:21,983 [Datanode State Machine Thread - 0] INFO  ozoneimpl.OzoneContainer (OzoneContainer.java:start(213)) - Attempting to start container services.
2019-10-15 20:22:21,988 [Datanode State Machine Thread - 0] INFO  ozoneimpl.OzoneContainer (OzoneContainer.java:startContainerScrub(177)) - Background container scanner has been disabled.
2019-10-15 20:22:21,988 [Datanode State Machine Thread - 0] INFO  ratis.XceiverServerRatis (XceiverServerRatis.java:start(425)) - Starting XceiverServerRatis 78b16809-dde5-48ba-a05c-aae9496d7a2a at port 0
2019-10-15 20:22:22,022 [Datanode State Machine Thread - 0] INFO  impl.RaftServerProxy (RaftServerProxy.java:lambda$start$3(299)) - 78b16809-dde5-48ba-a05c-aae9496d7a2a: start RPC server
2019-10-15 20:22:22,022 [Datanode State Machine Thread - 0] INFO  impl.RaftServerProxy (RaftServerProxy.java:lambda$start$3(299)) - a039f237-790c-4f08-8b7b-02a31c66338b: start RPC server
2019-10-15 20:22:22,038 [main] INFO  ozone.MiniOzoneClusterImpl (MiniOzoneClusterImpl.java:lambda$waitForClusterToBeReady$2(172)) - Waiting for cluster to be ready. Got 0 of 3 DN Heartbeats.
2019-10-15 20:22:22,053 [Datanode State Machine Thread - 0] INFO  ozoneimpl.OzoneContainer (OzoneContainer.java:start(213)) - Attempting to start container services.
2019-10-15 20:22:22,055 [Datanode State Machine Thread - 0] INFO  ozoneimpl.OzoneContainer (OzoneContainer.java:startContainerScrub(177)) - Background container scanner has been disabled.
2019-10-15 20:22:22,055 [Datanode State Machine Thread - 0] INFO  ratis.XceiverServerRatis (XceiverServerRatis.java:start(425)) - Starting XceiverServerRatis 0f7f73c0-3a6b-4f89-bec0-f9d5b9697739 at port 0
2019-10-15 20:22:22,062 [Datanode State Machine Thread - 0] INFO  impl.RaftServerProxy (RaftServerProxy.java:lambda$start$3(299)) - 0f7f73c0-3a6b-4f89-bec0-f9d5b9697739: start RPC server
2019-10-15 20:22:22,152 [Datanode State Machine Thread - 0] INFO  server.GrpcService (GrpcService.java:startImpl(158)) - 78b16809-dde5-48ba-a05c-aae9496d7a2a: GrpcService started, listening on 0.0.0.0/0.0.0.0:34821
2019-10-15 20:22:22,153 [Datanode State Machine Thread - 0] INFO  server.GrpcService (GrpcService.java:startImpl(158)) - a039f237-790c-4f08-8b7b-02a31c66338b: GrpcService started, listening on 0.0.0.0/0.0.0.0:36266
2019-10-15 20:22:22,152 [Datanode State Machine Thread - 0] INFO  server.GrpcService (GrpcService.java:startImpl(158)) - 0f7f73c0-3a6b-4f89-bec0-f9d5b9697739: GrpcService started, listening on 0.0.0.0/0.0.0.0:46817
2019-10-15 20:22:22,154 [Datanode State Machine Thread - 0] INFO  ratis.XceiverServerRatis (XceiverServerRatis.java:start(435)) - XceiverServerRatis a039f237-790c-4f08-8b7b-02a31c66338b is started using port 36266
2019-10-15 20:22:22,153 [Datanode State Machine Thread - 0] INFO  ratis.XceiverServerRatis (XceiverServerRatis.java:start(435)) - XceiverServerRatis 78b16809-dde5-48ba-a05c-aae9496d7a2a is started using port 34821
2019-10-15 20:22:22,154 [Datanode State Machine Thread - 0] INFO  ratis.XceiverServerRatis (XceiverServerRatis.java:start(435)) - XceiverServerRatis 0f7f73c0-3a6b-4f89-bec0-f9d5b9697739 is started using port 46817
2019-10-15 20:22:22,159 [Datanode State Machine Thread - 0] INFO  server.XceiverServerGrpc (XceiverServerGrpc.java:start(149)) - XceiverServerGrpc 78b16809-dde5-48ba-a05c-aae9496d7a2a is started using port 44529
2019-10-15 20:22:22,160 [Datanode State Machine Thread - 0] INFO  server.XceiverServerGrpc (XceiverServerGrpc.java:start(149)) - XceiverServerGrpc 0f7f73c0-3a6b-4f89-bec0-f9d5b9697739 is started using port 40922
2019-10-15 20:22:22,159 [Datanode State Machine Thread - 0] INFO  server.XceiverServerGrpc (XceiverServerGrpc.java:start(149)) - XceiverServerGrpc a039f237-790c-4f08-8b7b-02a31c66338b is started using port 41195
2019-10-15 20:22:23,040 [main] INFO  ozone.MiniOzoneClusterImpl (MiniOzoneClusterImpl.java:lambda$waitForClusterToBeReady$2(172)) - Waiting for cluster to be ready. Got 0 of 3 DN Heartbeats.
2019-10-15 20:22:23,929 [IPC Server handler 0 on 46803] INFO  net.NetworkTopology (NetworkTopologyImpl.java:add(111)) - Added a new node: /default-rack/a039f237-790c-4f08-8b7b-02a31c66338b
2019-10-15 20:22:23,930 [IPC Server handler 0 on 46803] INFO  node.SCMNodeManager (SCMNodeManager.java:register(268)) - Registered Data node : a039f237-790c-4f08-8b7b-02a31c66338b{ip: 192.168.157.221, host: pr-hdds-1868-w6t9t-2578031758, networkLocation: /default-rack, certSerialId: null}
2019-10-15 20:22:23,933 [EventQueue-NodeRegistrationContainerReportForDataNodeSafeModeRule] INFO  safemode.SCMSafeModeManager (DataNodeSafeModeRule.java:process(71)) - SCM in safe mode. 1 DataNodes registered, 1 required.
2019-10-15 20:22:23,933 [EventQueue-NodeRegistrationContainerReportForDataNodeSafeModeRule] INFO  safemode.SCMSafeModeManager (SCMSafeModeManager.java:validateSafeModeExitRules(177)) - ScmSafeModeManager, all rules are successfully validated
2019-10-15 20:22:23,934 [EventQueue-NodeRegistrationContainerReportForDataNodeSafeModeRule] INFO  safemode.SCMSafeModeManager (SCMSafeModeManager.java:exitSafeMode(193)) - SCM exiting safe mode.
2019-10-15 20:22:23,969 [IPC Server handler 2 on 46803] INFO  net.NetworkTopology (NetworkTopologyImpl.java:add(111)) - Added a new node: /default-rack/78b16809-dde5-48ba-a05c-aae9496d7a2a
2019-10-15 20:22:23,969 [IPC Server handler 2 on 46803] INFO  node.SCMNodeManager (SCMNodeManager.java:register(268)) - Registered Data node : 78b16809-dde5-48ba-a05c-aae9496d7a2a{ip: 192.168.157.221, host: pr-hdds-1868-w6t9t-2578031758, networkLocation: /default-rack, certSerialId: null}
2019-10-15 20:22:24,039 [IPC Server handler 1 on 46803] INFO  net.NetworkTopology (NetworkTopologyImpl.java:add(111)) - Added a new node: /default-rack/0f7f73c0-3a6b-4f89-bec0-f9d5b9697739
2019-10-15 20:22:24,040 [IPC Server handler 1 on 46803] INFO  node.SCMNodeManager (SCMNodeManager.java:register(268)) - Registered Data node : 0f7f73c0-3a6b-4f89-bec0-f9d5b9697739{ip: 192.168.157.221, host: pr-hdds-1868-w6t9t-2578031758, networkLocation: /default-rack, certSerialId: null}
2019-10-15 20:22:24,437 [grpc-default-executor-0] INFO  impl.RaftServerProxy (RaftServerProxy.java:addNew(89)) - a039f237-790c-4f08-8b7b-02a31c66338b: addNew group-5CAD7051DE4D:[a039f237-790c-4f08-8b7b-02a31c66338b:192.168.157.221:36266] returns group-5CAD7051DE4D:java.util.concurrent.CompletableFuture@6fe9caba[Not completed]
2019-10-15 20:22:24,449 [pool-27-thread-1] INFO  impl.RaftServerImpl (RaftServerImpl.java:<init>(95)) - a039f237-790c-4f08-8b7b-02a31c66338b: new RaftServerImpl for group-5CAD7051DE4D:[a039f237-790c-4f08-8b7b-02a31c66338b:192.168.157.221:36266] with ContainerStateMachine:uninitialized
2019-10-15 20:22:24,452 [pool-27-thread-1] INFO  server.RaftServerConfigKeys (ConfUtils.java:logGet(43)) - raft.server.rpc.timeout.min = 5s (custom)
2019-10-15 20:22:24,453 [pool-27-thread-1] INFO  server.RaftServerConfigKeys (ConfUtils.java:logGet(43)) - raft.server.rpc.timeout.max = 5200ms (custom)
2019-10-15 20:22:24,453 [pool-27-thread-1] INFO  server.RaftServerConfigKeys (ConfUtils.java:logGet(43)) - raft.server.rpcslowness.timeout = 120s (custom)
2019-10-15 20:22:24,454 [pool-27-thread-1] INFO  server.RaftServerConfigKeys (ConfUtils.java:logGet(43)) - raft.server.sleep.deviation.threshold = 300 (default)
2019-10-15 20:22:24,455 [pool-27-thread-1] INFO  server.RaftServerConfigKeys (ConfUtils.java:logGet(43)) - raft.server.log.appender.install.snapshot.enabled = false (custom)
2019-10-15 20:22:24,463 [pool-27-thread-1] INFO  impl.RaftServerImpl (ServerState.java:<init>(103)) - a039f237-790c-4f08-8b7b-02a31c66338b@group-5CAD7051DE4D: ConfigurationManager, init=-1: [a039f237-790c-4f08-8b7b-02a31c66338b:192.168.157.221:36266], old=null, confs=<EMPTY_MAP>
2019-10-15 20:22:24,464 [pool-27-thread-1] INFO  server.RaftServerConfigKeys (ConfUtils.java:logGet(43)) - raft.server.storage.dir = [/workdir/hadoop-ozone/integration-test/target/test-dir/MiniOzoneClusterImpl-3772ebd4-26bc-4d7a-a4e6-f41925ce4177/datanode-0/data/ratis] (custom)
2019-10-15 20:22:24,470 [pool-27-thread-1] INFO  server.RaftServerConfigKeys (ConfUtils.java:logGet(43)) - raft.server.log.corruption.policy = EXCEPTION (default)
2019-10-15 20:22:24,472 [pool-27-thread-1] INFO  storage.RaftStorageDirectory (RaftStorageDirectory.java:analyzeStorage(246)) - The storage directory /workdir/hadoop-ozone/integration-test/target/test-dir/MiniOzoneClusterImpl-3772ebd4-26bc-4d7a-a4e6-f41925ce4177/datanode-0/data/ratis/c1ffa685-0224-47cb-9ec4-5cad7051de4d does not exist. Creating ...
2019-10-15 20:22:24,503 [pool-27-thread-1] INFO  storage.RaftStorageDirectory (RaftStorageDirectory.java:tryLock(328)) - Lock on /workdir/hadoop-ozone/integration-test/target/test-dir/MiniOzoneClusterImpl-3772ebd4-26bc-4d7a-a4e6-f41925ce4177/datanode-0/data/ratis/c1ffa685-0224-47cb-9ec4-5cad7051de4d/in_use.lock acquired by nodename 23267@pr-hdds-1868-w6t9t-2578031758
2019-10-15 20:22:24,530 [pool-27-thread-1] INFO  storage.RaftStorage (RaftStorage.java:format(84)) - Storage directory /workdir/hadoop-ozone/integration-test/target/test-dir/MiniOzoneClusterImpl-3772ebd4-26bc-4d7a-a4e6-f41925ce4177/datanode-0/data/ratis/c1ffa685-0224-47cb-9ec4-5cad7051de4d has been successfully formatted.
2019-10-15 20:22:24,535 [pool-27-thread-1] INFO  ratis.ContainerStateMachine (ContainerStateMachine.java:loadSnapshot(233)) - group-5CAD7051DE4D: The snapshot info is null. Setting the last applied indexto:(t:0, i:~)
2019-10-15 20:22:24,536 [pool-27-thread-1] INFO  server.RaftServerConfigKeys (ConfUtils.java:logGet(43)) - raft.server.notification.no-leader.timeout = 120s (custom)
2019-10-15 20:22:24,539 [pool-27-thread-1] INFO  server.RaftServerConfigKeys (ConfUtils.java:logGet(43)) - raft.server.log.use.memory = false (default)
2019-10-15 20:22:24,547 [pool-27-thread-1] INFO  server.RaftServerConfigKeys (ConfUtils.java:logGet(43)) - raft.server.log.purge.gap = 1000000 (custom)
2019-10-15 20:22:24,548 [pool-27-thread-1] INFO  server.RaftServerConfigKeys (ConfUtils.java:logGet(43)) - raft.server.log.appender.buffer.byte-limit = 33554432 (custom)
2019-10-15 20:22:24,551 [pool-27-thread-1] INFO  server.RaftServerConfigKeys (ConfUtils.java:logGet(43)) - raft.server.log.segment.size.max = 1048576 (custom)
2019-10-15 20:22:24,553 [pool-27-thread-1] INFO  impl.MetricsSystemImpl (MetricsSystemImpl.java:init(158)) - ratis metrics system started (again)
2019-10-15 20:22:24,562 [pool-27-thread-1] INFO  metrics.MetricRegistries (MetricRegistriesLoader.java:load(64)) - Loaded MetricRegistries class org.apache.ratis.metrics.impl.MetricRegistriesImpl
2019-10-15 20:22:24,603 [pool-27-thread-1] INFO  server.RaftServerConfigKeys (ConfUtils.java:logGet(43)) - raft.server.log.segment.cache.num.max = 2 (custom)
2019-10-15 20:22:24,609 [pool-27-thread-1] INFO  segmented.SegmentedRaftLogWorker (SegmentedRaftLogWorker.java:<init>(173)) - new a039f237-790c-4f08-8b7b-02a31c66338b@group-5CAD7051DE4D-SegmentedRaftLogWorker for RaftStorage:Storage Directory /workdir/hadoop-ozone/integration-test/target/test-dir/MiniOzoneClusterImpl-3772ebd4-26bc-4d7a-a4e6-f41925ce4177/datanode-0/data/ratis/c1ffa685-0224-47cb-9ec4-5cad7051de4d
2019-10-15 20:22:24,609 [pool-27-thread-1] INFO  server.RaftServerConfigKeys (ConfUtils.java:logGet(43)) - raft.server.log.queue.byte-limit = 2147483647 (custom)
2019-10-15 20:22:24,610 [pool-27-thread-1] INFO  server.RaftServerConfigKeys (ConfUtils.java:logGet(43)) - raft.server.log.queue.element-limit = 1024 (custom)
2019-10-15 20:22:24,611 [pool-27-thread-1] INFO  server.RaftServerConfigKeys (ConfUtils.java:logGet(43)) - raft.server.log.segment.size.max = 1048576 (custom)
2019-10-15 20:22:24,611 [pool-27-thread-1] INFO  server.RaftServerConfigKeys (ConfUtils.java:logGet(43)) - raft.server.log.preallocated.size = 16384 (custom)
2019-10-15 20:22:24,612 [pool-27-thread-1] INFO  server.RaftServerConfigKeys (ConfUtils.java:logGet(43)) - raft.server.log.write.buffer.size = 33554432 (custom)
2019-10-15 20:22:24,612 [pool-27-thread-1] INFO  server.RaftServerConfigKeys (ConfUtils.java:logGet(43)) - raft.server.log.force.sync.num = 128 (default)
2019-10-15 20:22:24,613 [pool-27-thread-1] INFO  server.RaftServerConfigKeys (ConfUtils.java:logGet(43)) - raft.server.log.statemachine.data.sync = true (default)
2019-10-15 20:22:24,613 [pool-27-thread-1] INFO  server.RaftServerConfigKeys (ConfUtils.java:logGet(43)) - raft.server.log.statemachine.data.sync.timeout = 10s (default)
2019-10-15 20:22:24,614 [pool-27-thread-1] INFO  server.RaftServerConfigKeys (ConfUtils.java:logGet(43)) - raft.server.log.statemachine.data.sync.timeout.retry = -1 (default)
2019-10-15 20:22:24,625 [pool-27-thread-1] INFO  server.RaftServerConfigKeys (ConfUtils.java:logGet(43)) - raft.server.log.statemachine.data.caching.enabled = true (custom)
2019-10-15 20:22:24,630 [pool-27-thread-1] INFO  segmented.SegmentedRaftLogWorker (SegmentedRaftLogWorker.java:lambda$new$0(128)) - a039f237-790c-4f08-8b7b-02a31c66338b@group-5CAD7051DE4D-SegmentedRaftLogWorker: flushIndex: setUnconditionally 0 -> -1
2019-10-15 20:22:24,634 [pool-27-thread-1] INFO  server.RaftServerConfigKeys (ConfUtils.java:logGet(43)) - raft.server.snapshot.auto.trigger.enabled = true (custom)
2019-10-15 20:22:24,635 [pool-27-thread-1] INFO  server.RaftServerConfigKeys (ConfUtils.java:logGet(43)) - raft.server.snapshot.auto.trigger.threshold = 10000 (custom)
2019-10-15 20:22:24,635 [pool-27-thread-1] INFO  server.RaftServerConfigKeys (ConfUtils.java:logGet(43)) - raft.server.snapshot.retention.file.num = 5 (custom)
2019-10-15 20:22:24,636 [pool-27-thread-1] INFO  server.RaftServerConfigKeys (ConfUtils.java:logGet(43)) - raft.server.retrycache.expirytime = 600000ms (custom)
2019-10-15 20:22:24,660 [pool-27-thread-1] INFO  impl.RaftServerImpl (RaftServerImpl.java:start(181)) - a039f237-790c-4f08-8b7b-02a31c66338b@group-5CAD7051DE4D: start as a follower, conf=-1: [a039f237-790c-4f08-8b7b-02a31c66338b:192.168.157.221:36266], old=null
2019-10-15 20:22:24,661 [pool-27-thread-1] INFO  impl.RaftServerImpl (RaftServerImpl.java:setRole(170)) - a039f237-790c-4f08-8b7b-02a31c66338b@group-5CAD7051DE4D: changes role from      null to FOLLOWER at term 0 for startAsFollower
2019-10-15 20:22:24,662 [pool-27-thread-1] INFO  impl.RoleInfo (RoleInfo.java:updateAndGet(143)) - a039f237-790c-4f08-8b7b-02a31c66338b: start FollowerState
2019-10-15 20:22:24,664 [pool-27-thread-1] INFO  util.JmxRegister (JmxRegister.java:tryRegister(44)) - Successfully registered JMX Bean with object name Ratis:service=RaftServer,group=group-5CAD7051DE4D,id=a039f237-790c-4f08-8b7b-02a31c66338b
2019-10-15 20:22:24,727 [RatisPipelineUtilsThread] INFO  pipeline.PipelineStateManager (PipelineStateManager.java:addPipeline(57)) - Created pipeline Pipeline[ Id: c1ffa685-0224-47cb-9ec4-5cad7051de4d, Nodes: a039f237-790c-4f08-8b7b-02a31c66338b{ip: 192.168.157.221, host: pr-hdds-1868-w6t9t-2578031758, networkLocation: /default-rack, certSerialId: null}, Type:RATIS, Factor:ONE, State:ALLOCATED]
2019-10-15 20:22:24,743 [grpc-default-executor-0] INFO  impl.RaftServerProxy (RaftServerProxy.java:addNew(89)) - 78b16809-dde5-48ba-a05c-aae9496d7a2a: addNew group-5530F9CBE7AC:[78b16809-dde5-48ba-a05c-aae9496d7a2a:192.168.157.221:34821] returns group-5530F9CBE7AC:java.util.concurrent.CompletableFuture@7b6e0310[Not completed]
2019-10-15 20:22:24,760 [pool-37-thread-1] INFO  impl.RaftServerImpl (RaftServerImpl.java:<init>(95)) - 78b16809-dde5-48ba-a05c-aae9496d7a2a: new RaftServerImpl for group-5530F9CBE7AC:[78b16809-dde5-48ba-a05c-aae9496d7a2a:192.168.157.221:34821] with ContainerStateMachine:uninitialized
2019-10-15 20:22:24,762 [pool-37-thread-1] INFO  server.RaftServerConfigKeys (ConfUtils.java:logGet(43)) - raft.server.rpc.timeout.min = 5s (custom)
2019-10-15 20:22:24,762 [pool-37-thread-1] INFO  server.RaftServerConfigKeys (ConfUtils.java:logGet(43)) - raft.server.rpc.timeout.max = 5200ms (custom)
2019-10-15 20:22:24,762 [pool-37-thread-1] INFO  server.RaftServerConfigKeys (ConfUtils.java:logGet(43)) - raft.server.rpcslowness.timeout = 120s (custom)
2019-10-15 20:22:24,762 [pool-37-thread-1] INFO  server.RaftServerConfigKeys (ConfUtils.java:logGet(43)) - raft.server.sleep.deviation.threshold = 300 (default)
2019-10-15 20:22:24,762 [pool-37-thread-1] INFO  server.RaftServerConfigKeys (ConfUtils.java:logGet(43)) - raft.server.log.appender.install.snapshot.enabled = false (custom)
2019-10-15 20:22:24,763 [pool-37-thread-1] INFO  impl.RaftServerImpl (ServerState.java:<init>(103)) - 78b16809-dde5-48ba-a05c-aae9496d7a2a@group-5530F9CBE7AC: ConfigurationManager, init=-1: [78b16809-dde5-48ba-a05c-aae9496d7a2a:192.168.157.221:34821], old=null, confs=<EMPTY_MAP>
2019-10-15 20:22:24,763 [pool-37-thread-1] INFO  server.RaftServerConfigKeys (ConfUtils.java:logGet(43)) - raft.server.storage.dir = [/workdir/hadoop-ozone/integration-test/target/test-dir/MiniOzoneClusterImpl-3772ebd4-26bc-4d7a-a4e6-f41925ce4177/datanode-1/data/ratis] (custom)
2019-10-15 20:22:24,763 [pool-37-thread-1] INFO  server.RaftServerConfigKeys (ConfUtils.java:logGet(43)) - raft.server.log.corruption.policy = EXCEPTION (default)
2019-10-15 20:22:24,764 [pool-37-thread-1] INFO  storage.RaftStorageDirectory (RaftStorageDirectory.java:analyzeStorage(246)) - The storage directory /workdir/hadoop-ozone/integration-test/target/test-dir/MiniOzoneClusterImpl-3772ebd4-26bc-4d7a-a4e6-f41925ce4177/datanode-1/data/ratis/57cca478-f276-47bc-9372-5530f9cbe7ac does not exist. Creating ...
2019-10-15 20:22:24,770 [pool-37-thread-1] INFO  storage.RaftStorageDirectory (RaftStorageDirectory.java:tryLock(328)) - Lock on /workdir/hadoop-ozone/integration-test/target/test-dir/MiniOzoneClusterImpl-3772ebd4-26bc-4d7a-a4e6-f41925ce4177/datanode-1/data/ratis/57cca478-f276-47bc-9372-5530f9cbe7ac/in_use.lock acquired by nodename 23267@pr-hdds-1868-w6t9t-2578031758
2019-10-15 20:22:24,802 [pool-37-thread-1] INFO  storage.RaftStorage (RaftStorage.java:format(84)) - Storage directory /workdir/hadoop-ozone/integration-test/target/test-dir/MiniOzoneClusterImpl-3772ebd4-26bc-4d7a-a4e6-f41925ce4177/datanode-1/data/ratis/57cca478-f276-47bc-9372-5530f9cbe7ac has been successfully formatted.
2019-10-15 20:22:24,804 [pool-37-thread-1] INFO  ratis.ContainerStateMachine (ContainerStateMachine.java:loadSnapshot(233)) - group-5530F9CBE7AC: The snapshot info is null. Setting the last applied indexto:(t:0, i:~)
2019-10-15 20:22:24,805 [pool-37-thread-1] INFO  server.RaftServerConfigKeys (ConfUtils.java:logGet(43)) - raft.server.notification.no-leader.timeout = 120s (custom)
2019-10-15 20:22:24,805 [pool-37-thread-1] INFO  server.RaftServerConfigKeys (ConfUtils.java:logGet(43)) - raft.server.log.use.memory = false (default)
2019-10-15 20:22:24,805 [pool-37-thread-1] INFO  server.RaftServerConfigKeys (ConfUtils.java:logGet(43)) - raft.server.log.purge.gap = 1000000 (custom)
2019-10-15 20:22:24,805 [pool-37-thread-1] INFO  server.RaftServerConfigKeys (ConfUtils.java:logGet(43)) - raft.server.log.appender.buffer.byte-limit = 33554432 (custom)
2019-10-15 20:22:24,806 [pool-37-thread-1] INFO  server.RaftServerConfigKeys (ConfUtils.java:logGet(43)) - raft.server.log.segment.size.max = 1048576 (custom)
2019-10-15 20:22:24,813 [pool-37-thread-1] INFO  server.RaftServerConfigKeys (ConfUtils.java:logGet(43)) - raft.server.log.segment.cache.num.max = 2 (custom)
2019-10-15 20:22:24,813 [pool-37-thread-1] INFO  segmented.SegmentedRaftLogWorker (SegmentedRaftLogWorker.java:<init>(173)) - new 78b16809-dde5-48ba-a05c-aae9496d7a2a@group-5530F9CBE7AC-SegmentedRaftLogWorker for RaftStorage:Storage Directory /workdir/hadoop-ozone/integration-test/target/test-dir/MiniOzoneClusterImpl-3772ebd4-26bc-4d7a-a4e6-f41925ce4177/datanode-1/data/ratis/57cca478-f276-47bc-9372-5530f9cbe7ac
2019-10-15 20:22:24,814 [pool-37-thread-1] INFO  server.RaftServerConfigKeys (ConfUtils.java:logGet(43)) - raft.server.log.queue.byte-limit = 2147483647 (custom)
2019-10-15 20:22:24,814 [pool-37-thread-1] INFO  server.RaftServerConfigKeys (ConfUtils.java:logGet(43)) - raft.server.log.queue.element-limit = 1024 (custom)
2019-10-15 20:22:24,815 [pool-37-thread-1] INFO  server.RaftServerConfigKeys (ConfUtils.java:logGet(43)) - raft.server.log.segment.size.max = 1048576 (custom)
2019-10-15 20:22:24,815 [pool-37-thread-1] INFO  server.RaftServerConfigKeys (ConfUtils.java:logGet(43)) - raft.server.log.preallocated.size = 16384 (custom)
2019-10-15 20:22:24,815 [pool-37-thread-1] INFO  server.RaftServerConfigKeys (ConfUtils.java:logGet(43)) - raft.server.log.write.buffer.size = 33554432 (custom)
2019-10-15 20:22:24,815 [pool-37-thread-1] INFO  server.RaftServerConfigKeys (ConfUtils.java:logGet(43)) - raft.server.log.force.sync.num = 128 (default)
2019-10-15 20:22:24,815 [pool-37-thread-1] INFO  server.RaftServerConfigKeys (ConfUtils.java:logGet(43)) - raft.server.log.statemachine.data.sync = true (default)
2019-10-15 20:22:24,816 [pool-37-thread-1] INFO  server.RaftServerConfigKeys (ConfUtils.java:logGet(43)) - raft.server.log.statemachine.data.sync.timeout = 10s (default)
2019-10-15 20:22:24,816 [pool-37-thread-1] INFO  server.RaftServerConfigKeys (ConfUtils.java:logGet(43)) - raft.server.log.statemachine.data.sync.timeout.retry = -1 (default)
2019-10-15 20:22:24,817 [pool-37-thread-1] INFO  server.RaftServerConfigKeys (ConfUtils.java:logGet(43)) - raft.server.log.statemachine.data.caching.enabled = true (custom)
2019-10-15 20:22:24,818 [pool-37-thread-1] INFO  segmented.SegmentedRaftLogWorker (SegmentedRaftLogWorker.java:lambda$new$0(128)) - 78b16809-dde5-48ba-a05c-aae9496d7a2a@group-5530F9CBE7AC-SegmentedRaftLogWorker: flushIndex: setUnconditionally 0 -> -1
2019-10-15 20:22:24,818 [pool-37-thread-1] INFO  server.RaftServerConfigKeys (ConfUtils.java:logGet(43)) - raft.server.snapshot.auto.trigger.enabled = true (custom)
2019-10-15 20:22:24,818 [pool-37-thread-1] INFO  server.RaftServerConfigKeys (ConfUtils.java:logGet(43)) - raft.server.snapshot.auto.trigger.threshold = 10000 (custom)
2019-10-15 20:22:24,818 [pool-37-thread-1] INFO  server.RaftServerConfigKeys (ConfUtils.java:logGet(43)) - raft.server.snapshot.retention.file.num = 5 (custom)
2019-10-15 20:22:24,819 [pool-37-thread-1] INFO  server.RaftServerConfigKeys (ConfUtils.java:logGet(43)) - raft.server.retrycache.expirytime = 600000ms (custom)
2019-10-15 20:22:24,824 [pool-37-thread-1] INFO  impl.RaftServerImpl (RaftServerImpl.java:start(181)) - 78b16809-dde5-48ba-a05c-aae9496d7a2a@group-5530F9CBE7AC: start as a follower, conf=-1: [78b16809-dde5-48ba-a05c-aae9496d7a2a:192.168.157.221:34821], old=null
2019-10-15 20:22:24,824 [pool-37-thread-1] INFO  impl.RaftServerImpl (RaftServerImpl.java:setRole(170)) - 78b16809-dde5-48ba-a05c-aae9496d7a2a@group-5530F9CBE7AC: changes role from      null to FOLLOWER at term 0 for startAsFollower
2019-10-15 20:22:24,825 [pool-37-thread-1] INFO  impl.RoleInfo (RoleInfo.java:updateAndGet(143)) - 78b16809-dde5-48ba-a05c-aae9496d7a2a: start FollowerState
2019-10-15 20:22:24,825 [pool-37-thread-1] INFO  util.JmxRegister (JmxRegister.java:tryRegister(44)) - Successfully registered JMX Bean with object name Ratis:service=RaftServer,group=group-5530F9CBE7AC,id=78b16809-dde5-48ba-a05c-aae9496d7a2a
2019-10-15 20:22:24,841 [RatisPipelineUtilsThread] INFO  pipeline.PipelineStateManager (PipelineStateManager.java:addPipeline(57)) - Created pipeline Pipeline[ Id: 57cca478-f276-47bc-9372-5530f9cbe7ac, Nodes: 78b16809-dde5-48ba-a05c-aae9496d7a2a{ip: 192.168.157.221, host: pr-hdds-1868-w6t9t-2578031758, networkLocation: /default-rack, certSerialId: null}, Type:RATIS, Factor:ONE, State:ALLOCATED]
2019-10-15 20:22:24,860 [grpc-default-executor-0] INFO  impl.RaftServerProxy (RaftServerProxy.java:addNew(89)) - 0f7f73c0-3a6b-4f89-bec0-f9d5b9697739: addNew group-360F708054F7:[0f7f73c0-3a6b-4f89-bec0-f9d5b9697739:192.168.157.221:46817] returns group-360F708054F7:java.util.concurrent.CompletableFuture@302ef635[Not completed]
2019-10-15 20:22:24,874 [pool-47-thread-1] INFO  impl.RaftServerImpl (RaftServerImpl.java:<init>(95)) - 0f7f73c0-3a6b-4f89-bec0-f9d5b9697739: new RaftServerImpl for group-360F708054F7:[0f7f73c0-3a6b-4f89-bec0-f9d5b9697739:192.168.157.221:46817] with ContainerStateMachine:uninitialized
2019-10-15 20:22:24,875 [pool-47-thread-1] INFO  server.RaftServerConfigKeys (ConfUtils.java:logGet(43)) - raft.server.rpc.timeout.min = 5s (custom)
2019-10-15 20:22:24,875 [pool-47-thread-1] INFO  server.RaftServerConfigKeys (ConfUtils.java:logGet(43)) - raft.server.rpc.timeout.max = 5200ms (custom)
2019-10-15 20:22:24,875 [pool-47-thread-1] INFO  server.RaftServerConfigKeys (ConfUtils.java:logGet(43)) - raft.server.rpcslowness.timeout = 120s (custom)
2019-10-15 20:22:24,876 [pool-47-thread-1] INFO  server.RaftServerConfigKeys (ConfUtils.java:logGet(43)) - raft.server.sleep.deviation.threshold = 300 (default)
2019-10-15 20:22:24,876 [pool-47-thread-1] INFO  server.RaftServerConfigKeys (ConfUtils.java:logGet(43)) - raft.server.log.appender.install.snapshot.enabled = false (custom)
2019-10-15 20:22:24,876 [pool-47-thread-1] INFO  impl.RaftServerImpl (ServerState.java:<init>(103)) - 0f7f73c0-3a6b-4f89-bec0-f9d5b9697739@group-360F708054F7: ConfigurationManager, init=-1: [0f7f73c0-3a6b-4f89-bec0-f9d5b9697739:192.168.157.221:46817], old=null, confs=<EMPTY_MAP>
2019-10-15 20:22:24,876 [pool-47-thread-1] INFO  server.RaftServerConfigKeys (ConfUtils.java:logGet(43)) - raft.server.storage.dir = [/workdir/hadoop-ozone/integration-test/target/test-dir/MiniOzoneClusterImpl-3772ebd4-26bc-4d7a-a4e6-f41925ce4177/datanode-2/data/ratis] (custom)
2019-10-15 20:22:24,876 [pool-47-thread-1] INFO  server.RaftServerConfigKeys (ConfUtils.java:logGet(43)) - raft.server.log.corruption.policy = EXCEPTION (default)
2019-10-15 20:22:24,876 [pool-47-thread-1] INFO  storage.RaftStorageDirectory (RaftStorageDirectory.java:analyzeStorage(246)) - The storage directory /workdir/hadoop-ozone/integration-test/target/test-dir/MiniOzoneClusterImpl-3772ebd4-26bc-4d7a-a4e6-f41925ce4177/datanode-2/data/ratis/a9de9c5f-c2c0-472d-9352-360f708054f7 does not exist. Creating ...
2019-10-15 20:22:24,889 [pool-47-thread-1] INFO  storage.RaftStorageDirectory (RaftStorageDirectory.java:tryLock(328)) - Lock on /workdir/hadoop-ozone/integration-test/target/test-dir/MiniOzoneClusterImpl-3772ebd4-26bc-4d7a-a4e6-f41925ce4177/datanode-2/data/ratis/a9de9c5f-c2c0-472d-9352-360f708054f7/in_use.lock acquired by nodename 23267@pr-hdds-1868-w6t9t-2578031758
2019-10-15 20:22:24,901 [pool-47-thread-1] INFO  storage.RaftStorage (RaftStorage.java:format(84)) - Storage directory /workdir/hadoop-ozone/integration-test/target/test-dir/MiniOzoneClusterImpl-3772ebd4-26bc-4d7a-a4e6-f41925ce4177/datanode-2/data/ratis/a9de9c5f-c2c0-472d-9352-360f708054f7 has been successfully formatted.
2019-10-15 20:22:24,901 [pool-47-thread-1] INFO  ratis.ContainerStateMachine (ContainerStateMachine.java:loadSnapshot(233)) - group-360F708054F7: The snapshot info is null. Setting the last applied indexto:(t:0, i:~)
2019-10-15 20:22:24,902 [pool-47-thread-1] INFO  server.RaftServerConfigKeys (ConfUtils.java:logGet(43)) - raft.server.notification.no-leader.timeout = 120s (custom)
2019-10-15 20:22:24,902 [pool-47-thread-1] INFO  server.RaftServerConfigKeys (ConfUtils.java:logGet(43)) - raft.server.log.use.memory = false (default)
2019-10-15 20:22:24,902 [pool-47-thread-1] INFO  server.RaftServerConfigKeys (ConfUtils.java:logGet(43)) - raft.server.log.purge.gap = 1000000 (custom)
2019-10-15 20:22:24,902 [pool-47-thread-1] INFO  server.RaftServerConfigKeys (ConfUtils.java:logGet(43)) - raft.server.log.appender.buffer.byte-limit = 33554432 (custom)
2019-10-15 20:22:24,902 [pool-47-thread-1] INFO  server.RaftServerConfigKeys (ConfUtils.java:logGet(43)) - raft.server.log.segment.size.max = 1048576 (custom)
2019-10-15 20:22:24,915 [pool-47-thread-1] INFO  server.RaftServerConfigKeys (ConfUtils.java:logGet(43)) - raft.server.log.segment.cache.num.max = 2 (custom)
2019-10-15 20:22:24,915 [pool-47-thread-1] INFO  segmented.SegmentedRaftLogWorker (SegmentedRaftLogWorker.java:<init>(173)) - new 0f7f73c0-3a6b-4f89-bec0-f9d5b9697739@group-360F708054F7-SegmentedRaftLogWorker for RaftStorage:Storage Directory /workdir/hadoop-ozone/integration-test/target/test-dir/MiniOzoneClusterImpl-3772ebd4-26bc-4d7a-a4e6-f41925ce4177/datanode-2/data/ratis/a9de9c5f-c2c0-472d-9352-360f708054f7
2019-10-15 20:22:24,916 [pool-47-thread-1] INFO  server.RaftServerConfigKeys (ConfUtils.java:logGet(43)) - raft.server.log.queue.byte-limit = 2147483647 (custom)
2019-10-15 20:22:24,916 [pool-47-thread-1] INFO  server.RaftServerConfigKeys (ConfUtils.java:logGet(43)) - raft.server.log.queue.element-limit = 1024 (custom)
2019-10-15 20:22:24,916 [pool-47-thread-1] INFO  server.RaftServerConfigKeys (ConfUtils.java:logGet(43)) - raft.server.log.segment.size.max = 1048576 (custom)
2019-10-15 20:22:24,916 [pool-47-thread-1] INFO  server.RaftServerConfigKeys (ConfUtils.java:logGet(43)) - raft.server.log.preallocated.size = 16384 (custom)
2019-10-15 20:22:24,916 [pool-47-thread-1] INFO  server.RaftServerConfigKeys (ConfUtils.java:logGet(43)) - raft.server.log.write.buffer.size = 33554432 (custom)
2019-10-15 20:22:24,916 [pool-47-thread-1] INFO  server.RaftServerConfigKeys (ConfUtils.java:logGet(43)) - raft.server.log.force.sync.num = 128 (default)
2019-10-15 20:22:24,916 [pool-47-thread-1] INFO  server.RaftServerConfigKeys (ConfUtils.java:logGet(43)) - raft.server.log.statemachine.data.sync = true (default)
2019-10-15 20:22:24,916 [pool-47-thread-1] INFO  server.RaftServerConfigKeys (ConfUtils.java:logGet(43)) - raft.server.log.statemachine.data.sync.timeout = 10s (default)
2019-10-15 20:22:24,917 [pool-47-thread-1] INFO  server.RaftServerConfigKeys (ConfUtils.java:logGet(43)) - raft.server.log.statemachine.data.sync.timeout.retry = -1 (default)
2019-10-15 20:22:24,917 [pool-47-thread-1] INFO  server.RaftServerConfigKeys (ConfUtils.java:logGet(43)) - raft.server.log.statemachine.data.caching.enabled = true (custom)
2019-10-15 20:22:24,917 [pool-47-thread-1] INFO  segmented.SegmentedRaftLogWorker (SegmentedRaftLogWorker.java:lambda$new$0(128)) - 0f7f73c0-3a6b-4f89-bec0-f9d5b9697739@group-360F708054F7-SegmentedRaftLogWorker: flushIndex: setUnconditionally 0 -> -1
2019-10-15 20:22:24,918 [pool-47-thread-1] INFO  server.RaftServerConfigKeys (ConfUtils.java:logGet(43)) - raft.server.snapshot.auto.trigger.enabled = true (custom)
2019-10-15 20:22:24,918 [pool-47-thread-1] INFO  server.RaftServerConfigKeys (ConfUtils.java:logGet(43)) - raft.server.snapshot.auto.trigger.threshold = 10000 (custom)
2019-10-15 20:22:24,918 [pool-47-thread-1] INFO  server.RaftServerConfigKeys (ConfUtils.java:logGet(43)) - raft.server.snapshot.retention.file.num = 5 (custom)
2019-10-15 20:22:24,918 [pool-47-thread-1] INFO  server.RaftServerConfigKeys (ConfUtils.java:logGet(43)) - raft.server.retrycache.expirytime = 600000ms (custom)
2019-10-15 20:22:24,921 [pool-47-thread-1] INFO  impl.RaftServerImpl (RaftServerImpl.java:start(181)) - 0f7f73c0-3a6b-4f89-bec0-f9d5b9697739@group-360F708054F7: start as a follower, conf=-1: [0f7f73c0-3a6b-4f89-bec0-f9d5b9697739:192.168.157.221:46817], old=null
2019-10-15 20:22:24,921 [pool-47-thread-1] INFO  impl.RaftServerImpl (RaftServerImpl.java:setRole(170)) - 0f7f73c0-3a6b-4f89-bec0-f9d5b9697739@group-360F708054F7: changes role from      null to FOLLOWER at term 0 for startAsFollower
2019-10-15 20:22:24,921 [pool-47-thread-1] INFO  impl.RoleInfo (RoleInfo.java:updateAndGet(143)) - 0f7f73c0-3a6b-4f89-bec0-f9d5b9697739: start FollowerState
2019-10-15 20:22:24,921 [pool-47-thread-1] INFO  util.JmxRegister (JmxRegister.java:tryRegister(44)) - Successfully registered JMX Bean with object name Ratis:service=RaftServer,group=group-360F708054F7,id=0f7f73c0-3a6b-4f89-bec0-f9d5b9697739
2019-10-15 20:22:24,933 [RatisPipelineUtilsThread] INFO  pipeline.PipelineStateManager (PipelineStateManager.java:addPipeline(57)) - Created pipeline Pipeline[ Id: a9de9c5f-c2c0-472d-9352-360f708054f7, Nodes: 0f7f73c0-3a6b-4f89-bec0-f9d5b9697739{ip: 192.168.157.221, host: pr-hdds-1868-w6t9t-2578031758, networkLocation: /default-rack, certSerialId: null}, Type:RATIS, Factor:ONE, State:ALLOCATED]
2019-10-15 20:22:24,957 [grpc-default-executor-1] INFO  impl.RaftServerProxy (RaftServerProxy.java:addNew(89)) - a039f237-790c-4f08-8b7b-02a31c66338b: addNew group-476BD57F70A6:[78b16809-dde5-48ba-a05c-aae9496d7a2a:192.168.157.221:34821, a039f237-790c-4f08-8b7b-02a31c66338b:192.168.157.221:36266, 0f7f73c0-3a6b-4f89-bec0-f9d5b9697739:192.168.157.221:46817] returns group-476BD57F70A6:java.util.concurrent.CompletableFuture@29352111[Not completed]
2019-10-15 20:22:24,957 [grpc-default-executor-2] INFO  impl.RaftServerProxy (RaftServerProxy.java:addNew(89)) - 78b16809-dde5-48ba-a05c-aae9496d7a2a: addNew group-476BD57F70A6:[78b16809-dde5-48ba-a05c-aae9496d7a2a:192.168.157.221:34821, a039f237-790c-4f08-8b7b-02a31c66338b:192.168.157.221:36266, 0f7f73c0-3a6b-4f89-bec0-f9d5b9697739:192.168.157.221:46817] returns group-476BD57F70A6:java.util.concurrent.CompletableFuture@5c63ba1a[Not completed]
2019-10-15 20:22:24,960 [pool-37-thread-1] INFO  impl.RaftServerImpl (RaftServerImpl.java:<init>(95)) - 78b16809-dde5-48ba-a05c-aae9496d7a2a: new RaftServerImpl for group-476BD57F70A6:[78b16809-dde5-48ba-a05c-aae9496d7a2a:192.168.157.221:34821, a039f237-790c-4f08-8b7b-02a31c66338b:192.168.157.221:36266, 0f7f73c0-3a6b-4f89-bec0-f9d5b9697739:192.168.157.221:46817] with ContainerStateMachine:uninitialized
2019-10-15 20:22:24,960 [pool-37-thread-1] INFO  server.RaftServerConfigKeys (ConfUtils.java:logGet(43)) - raft.server.rpc.timeout.min = 5s (custom)
2019-10-15 20:22:24,960 [pool-37-thread-1] INFO  server.RaftServerConfigKeys (ConfUtils.java:logGet(43)) - raft.server.rpc.timeout.max = 5200ms (custom)
2019-10-15 20:22:24,960 [grpc-default-executor-2] INFO  impl.RaftServerProxy (RaftServerProxy.java:addNew(89)) - 0f7f73c0-3a6b-4f89-bec0-f9d5b9697739: addNew group-476BD57F70A6:[78b16809-dde5-48ba-a05c-aae9496d7a2a:192.168.157.221:34821, a039f237-790c-4f08-8b7b-02a31c66338b:192.168.157.221:36266, 0f7f73c0-3a6b-4f89-bec0-f9d5b9697739:192.168.157.221:46817] returns group-476BD57F70A6:java.util.concurrent.CompletableFuture@19613ff2[Not completed]
2019-10-15 20:22:24,960 [pool-37-thread-1] INFO  server.RaftServerConfigKeys (ConfUtils.java:logGet(43)) - raft.server.rpcslowness.timeout = 120s (custom)
2019-10-15 20:22:24,960 [pool-37-thread-1] INFO  server.RaftServerConfigKeys (ConfUtils.java:logGet(43)) - raft.server.sleep.deviation.threshold = 300 (default)
2019-10-15 20:22:24,961 [pool-37-thread-1] INFO  server.RaftServerConfigKeys (ConfUtils.java:logGet(43)) - raft.server.log.appender.install.snapshot.enabled = false (custom)
2019-10-15 20:22:24,961 [pool-27-thread-1] INFO  impl.RaftServerImpl (RaftServerImpl.java:<init>(95)) - a039f237-790c-4f08-8b7b-02a31c66338b: new RaftServerImpl for group-476BD57F70A6:[78b16809-dde5-48ba-a05c-aae9496d7a2a:192.168.157.221:34821, a039f237-790c-4f08-8b7b-02a31c66338b:192.168.157.221:36266, 0f7f73c0-3a6b-4f89-bec0-f9d5b9697739:192.168.157.221:46817] with ContainerStateMachine:uninitialized
2019-10-15 20:22:24,961 [pool-37-thread-1] INFO  impl.RaftServerImpl (ServerState.java:<init>(103)) - 78b16809-dde5-48ba-a05c-aae9496d7a2a@group-476BD57F70A6: ConfigurationManager, init=-1: [78b16809-dde5-48ba-a05c-aae9496d7a2a:192.168.157.221:34821, a039f237-790c-4f08-8b7b-02a31c66338b:192.168.157.221:36266, 0f7f73c0-3a6b-4f89-bec0-f9d5b9697739:192.168.157.221:46817], old=null, confs=<EMPTY_MAP>
2019-10-15 20:22:24,961 [pool-27-thread-1] INFO  server.RaftServerConfigKeys (ConfUtils.java:logGet(43)) - raft.server.rpc.timeout.min = 5s (custom)
2019-10-15 20:22:24,961 [pool-37-thread-1] INFO  server.RaftServerConfigKeys (ConfUtils.java:logGet(43)) - raft.server.storage.dir = [/workdir/hadoop-ozone/integration-test/target/test-dir/MiniOzoneClusterImpl-3772ebd4-26bc-4d7a-a4e6-f41925ce4177/datanode-1/data/ratis] (custom)
2019-10-15 20:22:24,961 [pool-27-thread-1] INFO  server.RaftServerConfigKeys (ConfUtils.java:logGet(43)) - raft.server.rpc.timeout.max = 5200ms (custom)
2019-10-15 20:22:24,961 [pool-47-thread-1] INFO  impl.RaftServerImpl (RaftServerImpl.java:<init>(95)) - 0f7f73c0-3a6b-4f89-bec0-f9d5b9697739: new RaftServerImpl for group-476BD57F70A6:[78b16809-dde5-48ba-a05c-aae9496d7a2a:192.168.157.221:34821, a039f237-790c-4f08-8b7b-02a31c66338b:192.168.157.221:36266, 0f7f73c0-3a6b-4f89-bec0-f9d5b9697739:192.168.157.221:46817] with ContainerStateMachine:uninitialized
2019-10-15 20:22:24,961 [pool-37-thread-1] INFO  server.RaftServerConfigKeys (ConfUtils.java:logGet(43)) - raft.server.log.corruption.policy = EXCEPTION (default)
2019-10-15 20:22:24,961 [pool-27-thread-1] INFO  server.RaftServerConfigKeys (ConfUtils.java:logGet(43)) - raft.server.rpcslowness.timeout = 120s (custom)
2019-10-15 20:22:24,962 [pool-37-thread-1] INFO  storage.RaftStorageDirectory (RaftStorageDirectory.java:analyzeStorage(246)) - The storage directory /workdir/hadoop-ozone/integration-test/target/test-dir/MiniOzoneClusterImpl-3772ebd4-26bc-4d7a-a4e6-f41925ce4177/datanode-1/data/ratis/0d61bf8b-af7c-4593-992d-476bd57f70a6 does not exist. Creating ...
2019-10-15 20:22:24,962 [pool-27-thread-1] INFO  server.RaftServerConfigKeys (ConfUtils.java:logGet(43)) - raft.server.sleep.deviation.threshold = 300 (default)
2019-10-15 20:22:24,962 [pool-47-thread-1] INFO  server.RaftServerConfigKeys (ConfUtils.java:logGet(43)) - raft.server.rpc.timeout.min = 5s (custom)
2019-10-15 20:22:24,962 [pool-27-thread-1] INFO  server.RaftServerConfigKeys (ConfUtils.java:logGet(43)) - raft.server.log.appender.install.snapshot.enabled = false (custom)
2019-10-15 20:22:24,962 [pool-47-thread-1] INFO  server.RaftServerConfigKeys (ConfUtils.java:logGet(43)) - raft.server.rpc.timeout.max = 5200ms (custom)
2019-10-15 20:22:24,962 [pool-27-thread-1] INFO  impl.RaftServerImpl (ServerState.java:<init>(103)) - a039f237-790c-4f08-8b7b-02a31c66338b@group-476BD57F70A6: ConfigurationManager, init=-1: [78b16809-dde5-48ba-a05c-aae9496d7a2a:192.168.157.221:34821, a039f237-790c-4f08-8b7b-02a31c66338b:192.168.157.221:36266, 0f7f73c0-3a6b-4f89-bec0-f9d5b9697739:192.168.157.221:46817], old=null, confs=<EMPTY_MAP>
2019-10-15 20:22:24,962 [pool-47-thread-1] INFO  server.RaftServerConfigKeys (ConfUtils.java:logGet(43)) - raft.server.rpcslowness.timeout = 120s (custom)
2019-10-15 20:22:24,963 [pool-47-thread-1] INFO  server.RaftServerConfigKeys (ConfUtils.java:logGet(43)) - raft.server.sleep.deviation.threshold = 300 (default)
2019-10-15 20:22:24,963 [pool-27-thread-1] INFO  server.RaftServerConfigKeys (ConfUtils.java:logGet(43)) - raft.server.storage.dir = [/workdir/hadoop-ozone/integration-test/target/test-dir/MiniOzoneClusterImpl-3772ebd4-26bc-4d7a-a4e6-f41925ce4177/datanode-0/data/ratis] (custom)
2019-10-15 20:22:24,963 [pool-47-thread-1] INFO  server.RaftServerConfigKeys (ConfUtils.java:logGet(43)) - raft.server.log.appender.install.snapshot.enabled = false (custom)
2019-10-15 20:22:24,963 [pool-47-thread-1] INFO  impl.RaftServerImpl (ServerState.java:<init>(103)) - 0f7f73c0-3a6b-4f89-bec0-f9d5b9697739@group-476BD57F70A6: ConfigurationManager, init=-1: [78b16809-dde5-48ba-a05c-aae9496d7a2a:192.168.157.221:34821, a039f237-790c-4f08-8b7b-02a31c66338b:192.168.157.221:36266, 0f7f73c0-3a6b-4f89-bec0-f9d5b9697739:192.168.157.221:46817], old=null, confs=<EMPTY_MAP>
2019-10-15 20:22:24,963 [pool-27-thread-1] INFO  server.RaftServerConfigKeys (ConfUtils.java:logGet(43)) - raft.server.log.corruption.policy = EXCEPTION (default)
2019-10-15 20:22:24,963 [pool-47-thread-1] INFO  server.RaftServerConfigKeys (ConfUtils.java:logGet(43)) - raft.server.storage.dir = [/workdir/hadoop-ozone/integration-test/target/test-dir/MiniOzoneClusterImpl-3772ebd4-26bc-4d7a-a4e6-f41925ce4177/datanode-2/data/ratis] (custom)
2019-10-15 20:22:24,963 [pool-27-thread-1] INFO  storage.RaftStorageDirectory (RaftStorageDirectory.java:analyzeStorage(246)) - The storage directory /workdir/hadoop-ozone/integration-test/target/test-dir/MiniOzoneClusterImpl-3772ebd4-26bc-4d7a-a4e6-f41925ce4177/datanode-0/data/ratis/0d61bf8b-af7c-4593-992d-476bd57f70a6 does not exist. Creating ...
2019-10-15 20:22:24,963 [pool-47-thread-1] INFO  server.RaftServerConfigKeys (ConfUtils.java:logGet(43)) - raft.server.log.corruption.policy = EXCEPTION (default)
2019-10-15 20:22:24,964 [pool-47-thread-1] INFO  storage.RaftStorageDirectory (RaftStorageDirectory.java:analyzeStorage(246)) - The storage directory /workdir/hadoop-ozone/integration-test/target/test-dir/MiniOzoneClusterImpl-3772ebd4-26bc-4d7a-a4e6-f41925ce4177/datanode-2/data/ratis/0d61bf8b-af7c-4593-992d-476bd57f70a6 does not exist. Creating ...
2019-10-15 20:22:24,987 [pool-27-thread-1] INFO  storage.RaftStorageDirectory (RaftStorageDirectory.java:tryLock(328)) - Lock on /workdir/hadoop-ozone/integration-test/target/test-dir/MiniOzoneClusterImpl-3772ebd4-26bc-4d7a-a4e6-f41925ce4177/datanode-0/data/ratis/0d61bf8b-af7c-4593-992d-476bd57f70a6/in_use.lock acquired by nodename 23267@pr-hdds-1868-w6t9t-2578031758
2019-10-15 20:22:24,987 [pool-37-thread-1] INFO  storage.RaftStorageDirectory (RaftStorageDirectory.java:tryLock(328)) - Lock on /workdir/hadoop-ozone/integration-test/target/test-dir/MiniOzoneClusterImpl-3772ebd4-26bc-4d7a-a4e6-f41925ce4177/datanode-1/data/ratis/0d61bf8b-af7c-4593-992d-476bd57f70a6/in_use.lock acquired by nodename 23267@pr-hdds-1868-w6t9t-2578031758
2019-10-15 20:22:24,987 [pool-47-thread-1] INFO  storage.RaftStorageDirectory (RaftStorageDirectory.java:tryLock(328)) - Lock on /workdir/hadoop-ozone/integration-test/target/test-dir/MiniOzoneClusterImpl-3772ebd4-26bc-4d7a-a4e6-f41925ce4177/datanode-2/data/ratis/0d61bf8b-af7c-4593-992d-476bd57f70a6/in_use.lock acquired by nodename 23267@pr-hdds-1868-w6t9t-2578031758
2019-10-15 20:22:25,013 [pool-47-thread-1] INFO  storage.RaftStorage (RaftStorage.java:format(84)) - Storage directory /workdir/hadoop-ozone/integration-test/target/test-dir/MiniOzoneClusterImpl-3772ebd4-26bc-4d7a-a4e6-f41925ce4177/datanode-2/data/ratis/0d61bf8b-af7c-4593-992d-476bd57f70a6 has been successfully formatted.
2019-10-15 20:22:25,013 [pool-37-thread-1] INFO  storage.RaftStorage (RaftStorage.java:format(84)) - Storage directory /workdir/hadoop-ozone/integration-test/target/test-dir/MiniOzoneClusterImpl-3772ebd4-26bc-4d7a-a4e6-f41925ce4177/datanode-1/data/ratis/0d61bf8b-af7c-4593-992d-476bd57f70a6 has been successfully formatted.
2019-10-15 20:22:25,013 [pool-27-thread-1] INFO  storage.RaftStorage (RaftStorage.java:format(84)) - Storage directory /workdir/hadoop-ozone/integration-test/target/test-dir/MiniOzoneClusterImpl-3772ebd4-26bc-4d7a-a4e6-f41925ce4177/datanode-0/data/ratis/0d61bf8b-af7c-4593-992d-476bd57f70a6 has been successfully formatted.
2019-10-15 20:22:25,013 [pool-47-thread-1] INFO  ratis.ContainerStateMachine (ContainerStateMachine.java:loadSnapshot(233)) - group-476BD57F70A6: The snapshot info is null. Setting the last applied indexto:(t:0, i:~)
2019-10-15 20:22:25,014 [pool-37-thread-1] INFO  ratis.ContainerStateMachine (ContainerStateMachine.java:loadSnapshot(233)) - group-476BD57F70A6: The snapshot info is null. Setting the last applied indexto:(t:0, i:~)
2019-10-15 20:22:25,014 [pool-47-thread-1] INFO  server.RaftServerConfigKeys (ConfUtils.java:logGet(43)) - raft.server.notification.no-leader.timeout = 120s (custom)
2019-10-15 20:22:25,014 [pool-27-thread-1] INFO  ratis.ContainerStateMachine (ContainerStateMachine.java:loadSnapshot(233)) - group-476BD57F70A6: The snapshot info is null. Setting the last applied indexto:(t:0, i:~)
2019-10-15 20:22:25,014 [pool-47-thread-1] INFO  server.RaftServerConfigKeys (ConfUtils.java:logGet(43)) - raft.server.log.use.memory = false (default)
2019-10-15 20:22:25,014 [pool-37-thread-1] INFO  server.RaftServerConfigKeys (ConfUtils.java:logGet(43)) - raft.server.notification.no-leader.timeout = 120s (custom)
2019-10-15 20:22:25,014 [pool-47-thread-1] INFO  server.RaftServerConfigKeys (ConfUtils.java:logGet(43)) - raft.server.log.purge.gap = 1000000 (custom)
2019-10-15 20:22:25,014 [pool-27-thread-1] INFO  server.RaftServerConfigKeys (ConfUtils.java:logGet(43)) - raft.server.notification.no-leader.timeout = 120s (custom)
2019-10-15 20:22:25,014 [pool-47-thread-1] INFO  server.RaftServerConfigKeys (ConfUtils.java:logGet(43)) - raft.server.log.appender.buffer.byte-limit = 33554432 (custom)
2019-10-15 20:22:25,014 [pool-37-thread-1] INFO  server.RaftServerConfigKeys (ConfUtils.java:logGet(43)) - raft.server.log.use.memory = false (default)
2019-10-15 20:22:25,015 [pool-47-thread-1] INFO  server.RaftServerConfigKeys (ConfUtils.java:logGet(43)) - raft.server.log.segment.size.max = 1048576 (custom)
2019-10-15 20:22:25,015 [pool-27-thread-1] INFO  server.RaftServerConfigKeys (ConfUtils.java:logGet(43)) - raft.server.log.use.memory = false (default)
2019-10-15 20:22:25,015 [pool-47-thread-1] INFO  server.RaftServerConfigKeys (ConfUtils.java:logGet(43)) - raft.server.log.segment.cache.num.max = 2 (custom)
2019-10-15 20:22:25,015 [pool-37-thread-1] INFO  server.RaftServerConfigKeys (ConfUtils.java:logGet(43)) - raft.server.log.purge.gap = 1000000 (custom)
2019-10-15 20:22:25,015 [pool-47-thread-1] INFO  segmented.SegmentedRaftLogWorker (SegmentedRaftLogWorker.java:<init>(173)) - new 0f7f73c0-3a6b-4f89-bec0-f9d5b9697739@group-476BD57F70A6-SegmentedRaftLogWorker for RaftStorage:Storage Directory /workdir/hadoop-ozone/integration-test/target/test-dir/MiniOzoneClusterImpl-3772ebd4-26bc-4d7a-a4e6-f41925ce4177/datanode-2/data/ratis/0d61bf8b-af7c-4593-992d-476bd57f70a6
2019-10-15 20:22:25,015 [pool-27-thread-1] INFO  server.RaftServerConfigKeys (ConfUtils.java:logGet(43)) - raft.server.log.purge.gap = 1000000 (custom)
2019-10-15 20:22:25,015 [pool-47-thread-1] INFO  server.RaftServerConfigKeys (ConfUtils.java:logGet(43)) - raft.server.log.queue.byte-limit = 2147483647 (custom)
2019-10-15 20:22:25,016 [pool-27-thread-1] INFO  server.RaftServerConfigKeys (ConfUtils.java:logGet(43)) - raft.server.log.appender.buffer.byte-limit = 33554432 (custom)
2019-10-15 20:22:25,015 [pool-37-thread-1] INFO  server.RaftServerConfigKeys (ConfUtils.java:logGet(43)) - raft.server.log.appender.buffer.byte-limit = 33554432 (custom)
2019-10-15 20:22:25,016 [pool-27-thread-1] INFO  server.RaftServerConfigKeys (ConfUtils.java:logGet(43)) - raft.server.log.segment.size.max = 1048576 (custom)
2019-10-15 20:22:25,016 [pool-47-thread-1] INFO  server.RaftServerConfigKeys (ConfUtils.java:logGet(43)) - raft.server.log.queue.element-limit = 1024 (custom)
2019-10-15 20:22:25,016 [pool-27-thread-1] INFO  server.RaftServerConfigKeys (ConfUtils.java:logGet(43)) - raft.server.log.segment.cache.num.max = 2 (custom)
2019-10-15 20:22:25,016 [pool-37-thread-1] INFO  server.RaftServerConfigKeys (ConfUtils.java:logGet(43)) - raft.server.log.segment.size.max = 1048576 (custom)
2019-10-15 20:22:25,017 [pool-27-thread-1] INFO  segmented.SegmentedRaftLogWorker (SegmentedRaftLogWorker.java:<init>(173)) - new a039f237-790c-4f08-8b7b-02a31c66338b@group-476BD57F70A6-SegmentedRaftLogWorker for RaftStorage:Storage Directory /workdir/hadoop-ozone/integration-test/target/test-dir/MiniOzoneClusterImpl-3772ebd4-26bc-4d7a-a4e6-f41925ce4177/datanode-0/data/ratis/0d61bf8b-af7c-4593-992d-476bd57f70a6
2019-10-15 20:22:25,017 [pool-47-thread-1] INFO  server.RaftServerConfigKeys (ConfUtils.java:logGet(43)) - raft.server.log.segment.size.max = 1048576 (custom)
2019-10-15 20:22:25,017 [pool-27-thread-1] INFO  server.RaftServerConfigKeys (ConfUtils.java:logGet(43)) - raft.server.log.queue.byte-limit = 2147483647 (custom)
2019-10-15 20:22:25,017 [pool-37-thread-1] INFO  server.RaftServerConfigKeys (ConfUtils.java:logGet(43)) - raft.server.log.segment.cache.num.max = 2 (custom)
2019-10-15 20:22:25,017 [pool-27-thread-1] INFO  server.RaftServerConfigKeys (ConfUtils.java:logGet(43)) - raft.server.log.queue.element-limit = 1024 (custom)
2019-10-15 20:22:25,017 [pool-47-thread-1] INFO  server.RaftServerConfigKeys (ConfUtils.java:logGet(43)) - raft.server.log.preallocated.size = 16384 (custom)
2019-10-15 20:22:25,018 [pool-27-thread-1] INFO  server.RaftServerConfigKeys (ConfUtils.java:logGet(43)) - raft.server.log.segment.size.max = 1048576 (custom)
2019-10-15 20:22:25,018 [pool-37-thread-1] INFO  segmented.SegmentedRaftLogWorker (SegmentedRaftLogWorker.java:<init>(173)) - new 78b16809-dde5-48ba-a05c-aae9496d7a2a@group-476BD57F70A6-SegmentedRaftLogWorker for RaftStorage:Storage Directory /workdir/hadoop-ozone/integration-test/target/test-dir/MiniOzoneClusterImpl-3772ebd4-26bc-4d7a-a4e6-f41925ce4177/datanode-1/data/ratis/0d61bf8b-af7c-4593-992d-476bd57f70a6
2019-10-15 20:22:25,018 [pool-27-thread-1] INFO  server.RaftServerConfigKeys (ConfUtils.java:logGet(43)) - raft.server.log.preallocated.size = 16384 (custom)
2019-10-15 20:22:25,018 [pool-47-thread-1] INFO  server.RaftServerConfigKeys (ConfUtils.java:logGet(43)) - raft.server.log.write.buffer.size = 33554432 (custom)
2019-10-15 20:22:25,018 [pool-27-thread-1] INFO  server.RaftServerConfigKeys (ConfUtils.java:logGet(43)) - raft.server.log.write.buffer.size = 33554432 (custom)
2019-10-15 20:22:25,018 [pool-37-thread-1] INFO  server.RaftServerConfigKeys (ConfUtils.java:logGet(43)) - raft.server.log.queue.byte-limit = 2147483647 (custom)
2019-10-15 20:22:25,019 [pool-27-thread-1] INFO  server.RaftServerConfigKeys (ConfUtils.java:logGet(43)) - raft.server.log.force.sync.num = 128 (default)
2019-10-15 20:22:25,019 [pool-47-thread-1] INFO  server.RaftServerConfigKeys (ConfUtils.java:logGet(43)) - raft.server.log.force.sync.num = 128 (default)
2019-10-15 20:22:25,019 [pool-27-thread-1] INFO  server.RaftServerConfigKeys (ConfUtils.java:logGet(43)) - raft.server.log.statemachine.data.sync = true (default)
2019-10-15 20:22:25,019 [pool-37-thread-1] INFO  server.RaftServerConfigKeys (ConfUtils.java:logGet(43)) - raft.server.log.queue.element-limit = 1024 (custom)
2019-10-15 20:22:25,019 [pool-27-thread-1] INFO  server.RaftServerConfigKeys (ConfUtils.java:logGet(43)) - raft.server.log.statemachine.data.sync.timeout = 10s (default)
2019-10-15 20:22:25,019 [pool-47-thread-1] INFO  server.RaftServerConfigKeys (ConfUtils.java:logGet(43)) - raft.server.log.statemachine.data.sync = true (default)
2019-10-15 20:22:25,020 [pool-27-thread-1] INFO  server.RaftServerConfigKeys (ConfUtils.java:logGet(43)) - raft.server.log.statemachine.data.sync.timeout.retry = -1 (default)
2019-10-15 20:22:25,020 [pool-37-thread-1] INFO  server.RaftServerConfigKeys (ConfUtils.java:logGet(43)) - raft.server.log.segment.size.max = 1048576 (custom)
2019-10-15 20:22:25,020 [pool-47-thread-1] INFO  server.RaftServerConfigKeys (ConfUtils.java:logGet(43)) - raft.server.log.statemachine.data.sync.timeout = 10s (default)
2019-10-15 20:22:25,020 [pool-37-thread-1] INFO  server.RaftServerConfigKeys (ConfUtils.java:logGet(43)) - raft.server.log.preallocated.size = 16384 (custom)
2019-10-15 20:22:25,020 [pool-27-thread-1] INFO  server.RaftServerConfigKeys (ConfUtils.java:logGet(43)) - raft.server.log.statemachine.data.caching.enabled = true (custom)
2019-10-15 20:22:25,021 [pool-37-thread-1] INFO  server.RaftServerConfigKeys (ConfUtils.java:logGet(43)) - raft.server.log.write.buffer.size = 33554432 (custom)
2019-10-15 20:22:25,021 [pool-47-thread-1] INFO  server.RaftServerConfigKeys (ConfUtils.java:logGet(43)) - raft.server.log.statemachine.data.sync.timeout.retry = -1 (default)
2019-10-15 20:22:25,021 [pool-37-thread-1] INFO  server.RaftServerConfigKeys (ConfUtils.java:logGet(43)) - raft.server.log.force.sync.num = 128 (default)
2019-10-15 20:22:25,021 [pool-27-thread-1] INFO  segmented.SegmentedRaftLogWorker (SegmentedRaftLogWorker.java:lambda$new$0(128)) - a039f237-790c-4f08-8b7b-02a31c66338b@group-476BD57F70A6-SegmentedRaftLogWorker: flushIndex: setUnconditionally 0 -> -1
2019-10-15 20:22:25,021 [pool-37-thread-1] INFO  server.RaftServerConfigKeys (ConfUtils.java:logGet(43)) - raft.server.log.statemachine.data.sync = true (default)
2019-10-15 20:22:25,021 [pool-47-thread-1] INFO  server.RaftServerConfigKeys (ConfUtils.java:logGet(43)) - raft.server.log.statemachine.data.caching.enabled = true (custom)
2019-10-15 20:22:25,022 [pool-27-thread-1] INFO  server.RaftServerConfigKeys (ConfUtils.java:logGet(43)) - raft.server.snapshot.auto.trigger.enabled = true (custom)
2019-10-15 20:22:25,022 [pool-37-thread-1] INFO  server.RaftServerConfigKeys (ConfUtils.java:logGet(43)) - raft.server.log.statemachine.data.sync.timeout = 10s (default)
2019-10-15 20:22:25,022 [pool-47-thread-1] INFO  segmented.SegmentedRaftLogWorker (SegmentedRaftLogWorker.java:lambda$new$0(128)) - 0f7f73c0-3a6b-4f89-bec0-f9d5b9697739@group-476BD57F70A6-SegmentedRaftLogWorker: flushIndex: setUnconditionally 0 -> -1
2019-10-15 20:22:25,022 [pool-27-thread-1] INFO  server.RaftServerConfigKeys (ConfUtils.java:logGet(43)) - raft.server.snapshot.auto.trigger.threshold = 10000 (custom)
2019-10-15 20:22:25,022 [pool-37-thread-1] INFO  server.RaftServerConfigKeys (ConfUtils.java:logGet(43)) - raft.server.log.statemachine.data.sync.timeout.retry = -1 (default)
2019-10-15 20:22:25,023 [pool-27-thread-1] INFO  server.RaftServerConfigKeys (ConfUtils.java:logGet(43)) - raft.server.snapshot.retention.file.num = 5 (custom)
2019-10-15 20:22:25,023 [pool-47-thread-1] INFO  server.RaftServerConfigKeys (ConfUtils.java:logGet(43)) - raft.server.snapshot.auto.trigger.enabled = true (custom)
2019-10-15 20:22:25,023 [pool-37-thread-1] INFO  server.RaftServerConfigKeys (ConfUtils.java:logGet(43)) - raft.server.log.statemachine.data.caching.enabled = true (custom)
2019-10-15 20:22:25,023 [pool-47-thread-1] INFO  server.RaftServerConfigKeys (ConfUtils.java:logGet(43)) - raft.server.snapshot.auto.trigger.threshold = 10000 (custom)
2019-10-15 20:22:25,023 [pool-27-thread-1] INFO  server.RaftServerConfigKeys (ConfUtils.java:logGet(43)) - raft.server.retrycache.expirytime = 600000ms (custom)
2019-10-15 20:22:25,024 [pool-37-thread-1] INFO  segmented.SegmentedRaftLogWorker (SegmentedRaftLogWorker.java:lambda$new$0(128)) - 78b16809-dde5-48ba-a05c-aae9496d7a2a@group-476BD57F70A6-SegmentedRaftLogWorker: flushIndex: setUnconditionally 0 -> -1
2019-10-15 20:22:25,024 [pool-47-thread-1] INFO  server.RaftServerConfigKeys (ConfUtils.java:logGet(43)) - raft.server.snapshot.retention.file.num = 5 (custom)
2019-10-15 20:22:25,024 [pool-37-thread-1] INFO  server.RaftServerConfigKeys (ConfUtils.java:logGet(43)) - raft.server.snapshot.auto.trigger.enabled = true (custom)
2019-10-15 20:22:25,024 [pool-47-thread-1] INFO  server.RaftServerConfigKeys (ConfUtils.java:logGet(43)) - raft.server.retrycache.expirytime = 600000ms (custom)
2019-10-15 20:22:25,024 [pool-37-thread-1] INFO  server.RaftServerConfigKeys (ConfUtils.java:logGet(43)) - raft.server.snapshot.auto.trigger.threshold = 10000 (custom)
2019-10-15 20:22:25,025 [pool-37-thread-1] INFO  server.RaftServerConfigKeys (ConfUtils.java:logGet(43)) - raft.server.snapshot.retention.file.num = 5 (custom)
2019-10-15 20:22:25,025 [pool-37-thread-1] INFO  server.RaftServerConfigKeys (ConfUtils.java:logGet(43)) - raft.server.retrycache.expirytime = 600000ms (custom)
2019-10-15 20:22:25,031 [pool-27-thread-1] INFO  impl.RaftServerImpl (RaftServerImpl.java:start(181)) - a039f237-790c-4f08-8b7b-02a31c66338b@group-476BD57F70A6: start as a follower, conf=-1: [78b16809-dde5-48ba-a05c-aae9496d7a2a:192.168.157.221:34821, a039f237-790c-4f08-8b7b-02a31c66338b:192.168.157.221:36266, 0f7f73c0-3a6b-4f89-bec0-f9d5b9697739:192.168.157.221:46817], old=null
2019-10-15 20:22:25,031 [pool-37-thread-1] INFO  impl.RaftServerImpl (RaftServerImpl.java:start(181)) - 78b16809-dde5-48ba-a05c-aae9496d7a2a@group-476BD57F70A6: start as a follower, conf=-1: [78b16809-dde5-48ba-a05c-aae9496d7a2a:192.168.157.221:34821, a039f237-790c-4f08-8b7b-02a31c66338b:192.168.157.221:36266, 0f7f73c0-3a6b-4f89-bec0-f9d5b9697739:192.168.157.221:46817], old=null
2019-10-15 20:22:25,031 [pool-27-thread-1] INFO  impl.RaftServerImpl (RaftServerImpl.java:setRole(170)) - a039f237-790c-4f08-8b7b-02a31c66338b@group-476BD57F70A6: changes role from      null to FOLLOWER at term 0 for startAsFollower
2019-10-15 20:22:25,031 [pool-37-thread-1] INFO  impl.RaftServerImpl (RaftServerImpl.java:setRole(170)) - 78b16809-dde5-48ba-a05c-aae9496d7a2a@group-476BD57F70A6: changes role from      null to FOLLOWER at term 0 for startAsFollower
2019-10-15 20:22:25,031 [pool-27-thread-1] INFO  impl.RoleInfo (RoleInfo.java:updateAndGet(143)) - a039f237-790c-4f08-8b7b-02a31c66338b: start FollowerState
2019-10-15 20:22:25,031 [pool-47-thread-1] INFO  impl.RaftServerImpl (RaftServerImpl.java:start(181)) - 0f7f73c0-3a6b-4f89-bec0-f9d5b9697739@group-476BD57F70A6: start as a follower, conf=-1: [78b16809-dde5-48ba-a05c-aae9496d7a2a:192.168.157.221:34821, a039f237-790c-4f08-8b7b-02a31c66338b:192.168.157.221:36266, 0f7f73c0-3a6b-4f89-bec0-f9d5b9697739:192.168.157.221:46817], old=null
2019-10-15 20:22:25,032 [pool-37-thread-1] INFO  impl.RoleInfo (RoleInfo.java:updateAndGet(143)) - 78b16809-dde5-48ba-a05c-aae9496d7a2a: start FollowerState
2019-10-15 20:22:25,032 [pool-47-thread-1] INFO  impl.RaftServerImpl (RaftServerImpl.java:setRole(170)) - 0f7f73c0-3a6b-4f89-bec0-f9d5b9697739@group-476BD57F70A6: changes role from      null to FOLLOWER at term 0 for startAsFollower
2019-10-15 20:22:25,032 [pool-27-thread-1] INFO  util.JmxRegister (JmxRegister.java:tryRegister(44)) - Successfully registered JMX Bean with object name Ratis:service=RaftServer,group=group-476BD57F70A6,id=a039f237-790c-4f08-8b7b-02a31c66338b
2019-10-15 20:22:25,032 [pool-37-thread-1] INFO  util.JmxRegister (JmxRegister.java:tryRegister(44)) - Successfully registered JMX Bean with object name Ratis:service=RaftServer,group=group-476BD57F70A6,id=78b16809-dde5-48ba-a05c-aae9496d7a2a
2019-10-15 20:22:25,032 [pool-47-thread-1] INFO  impl.RoleInfo (RoleInfo.java:updateAndGet(143)) - 0f7f73c0-3a6b-4f89-bec0-f9d5b9697739: start FollowerState
2019-10-15 20:22:25,033 [pool-47-thread-1] INFO  util.JmxRegister (JmxRegister.java:tryRegister(44)) - Successfully registered JMX Bean with object name Ratis:service=RaftServer,group=group-476BD57F70A6,id=0f7f73c0-3a6b-4f89-bec0-f9d5b9697739
2019-10-15 20:22:25,056 [RatisPipelineUtilsThread] INFO  pipeline.PipelineStateManager (PipelineStateManager.java:addPipeline(57)) - Created pipeline Pipeline[ Id: 0d61bf8b-af7c-4593-992d-476bd57f70a6, Nodes: 78b16809-dde5-48ba-a05c-aae9496d7a2a{ip: 192.168.157.221, host: pr-hdds-1868-w6t9t-2578031758, networkLocation: /default-rack, certSerialId: null}0f7f73c0-3a6b-4f89-bec0-f9d5b9697739{ip: 192.168.157.221, host: pr-hdds-1868-w6t9t-2578031758, networkLocation: /default-rack, certSerialId: null}a039f237-790c-4f08-8b7b-02a31c66338b{ip: 192.168.157.221, host: pr-hdds-1868-w6t9t-2578031758, networkLocation: /default-rack, certSerialId: null}, Type:RATIS, Factor:THREE, State:ALLOCATED]
2019-10-15 20:22:25,058 [main] INFO  ozone.MiniOzoneClusterImpl (MiniOzoneClusterImpl.java:lambda$waitForClusterToBeReady$2(164)) - Waiting for 4 number of pipelines out of 4, to report a leader.
2019-10-15 20:22:26,058 [main] INFO  ozone.MiniOzoneClusterImpl (MiniOzoneClusterImpl.java:lambda$waitForClusterToBeReady$2(164)) - Waiting for 4 number of pipelines out of 4, to report a leader.
2019-10-15 20:22:26,939 [Thread-178] INFO  container.ReplicationManager (ReplicationManager.java:start(162)) - Starting Replication Monitor Thread.
2019-10-15 20:22:26,942 [Thread-178] INFO  pipeline.SCMPipelineManager (SCMPipelineManager.java:finalizeAndDestroyPipeline(315)) - destroying pipeline:Pipeline[ Id: c1ffa685-0224-47cb-9ec4-5cad7051de4d, Nodes: a039f237-790c-4f08-8b7b-02a31c66338b{ip: 192.168.157.221, host: pr-hdds-1868-w6t9t-2578031758, networkLocation: /default-rack, certSerialId: null}, Type:RATIS, Factor:ONE, State:ALLOCATED]
2019-10-15 20:22:26,942 [ReplicationMonitor] INFO  container.ReplicationManager (ReplicationManager.java:run(225)) - Replication Monitor Thread took 1 milliseconds for processing 0 containers.
2019-10-15 20:22:26,943 [Thread-178] INFO  pipeline.PipelineStateManager (PipelineStateManager.java:finalizePipeline(123)) - Pipeline Pipeline[ Id: c1ffa685-0224-47cb-9ec4-5cad7051de4d, Nodes: a039f237-790c-4f08-8b7b-02a31c66338b{ip: 192.168.157.221, host: pr-hdds-1868-w6t9t-2578031758, networkLocation: /default-rack, certSerialId: null}, Type:RATIS, Factor:ONE, State:CLOSED] moved to CLOSED state
2019-10-15 20:22:26,970 [grpc-default-executor-1] INFO  impl.RaftServerProxy (RaftServerProxy.java:remove(95)) - a039f237-790c-4f08-8b7b-02a31c66338b: remove  FOLLOWER a039f237-790c-4f08-8b7b-02a31c66338b@group-5CAD7051DE4D:t0, leader=null, voted=null, raftlog=a039f237-790c-4f08-8b7b-02a31c66338b@group-5CAD7051DE4D-SegmentedRaftLog:OPENED:c-1,f-1,i0, conf=-1: [a039f237-790c-4f08-8b7b-02a31c66338b:192.168.157.221:36266], old=null RUNNING
2019-10-15 20:22:26,973 [grpc-default-executor-1] INFO  impl.RaftServerImpl (RaftServerImpl.java:lambda$shutdown$3(247)) - a039f237-790c-4f08-8b7b-02a31c66338b@group-5CAD7051DE4D: shutdown
2019-10-15 20:22:26,973 [grpc-default-executor-1] INFO  util.JmxRegister (JmxRegister.java:unregister(73)) - Successfully un-registered JMX Bean with object name Ratis:service=RaftServer,group=group-5CAD7051DE4D,id=a039f237-790c-4f08-8b7b-02a31c66338b
2019-10-15 20:22:26,973 [grpc-default-executor-1] INFO  impl.RoleInfo (RoleInfo.java:shutdownFollowerState(121)) - a039f237-790c-4f08-8b7b-02a31c66338b: shutdown FollowerState
2019-10-15 20:22:26,974 [grpc-default-executor-1] INFO  impl.StateMachineUpdater (StateMachineUpdater.java:stopAndJoin(136)) - a039f237-790c-4f08-8b7b-02a31c66338b@group-5CAD7051DE4D-StateMachineUpdater: set stopIndex = -1
2019-10-15 20:22:26,974 [Thread-180] INFO  impl.FollowerState (FollowerState.java:run(117)) - a039f237-790c-4f08-8b7b-02a31c66338b@group-5CAD7051DE4D-FollowerState was interrupted: java.lang.InterruptedException: sleep interrupted
2019-10-15 20:22:26,976 [grpc-default-executor-1] INFO  impl.RaftServerImpl (ServerState.java:close(387)) - a039f237-790c-4f08-8b7b-02a31c66338b@group-5CAD7051DE4D: closes. applyIndex: -1
2019-10-15 20:22:26,980 [a039f237-790c-4f08-8b7b-02a31c66338b@group-5CAD7051DE4D-SegmentedRaftLogWorker] INFO  segmented.SegmentedRaftLogWorker (SegmentedRaftLogWorker.java:run(316)) - a039f237-790c-4f08-8b7b-02a31c66338b@group-5CAD7051DE4D-SegmentedRaftLogWorker was interrupted, exiting. There are 0 tasks remaining in the queue.
2019-10-15 20:22:26,981 [grpc-default-executor-1] INFO  segmented.SegmentedRaftLogWorker (SegmentedRaftLogWorker.java:close(224)) - a039f237-790c-4f08-8b7b-02a31c66338b@group-5CAD7051DE4D-SegmentedRaftLogWorker close()
2019-10-15 20:22:26,997 [Thread-178] INFO  pipeline.PipelineStateManager (PipelineStateManager.java:removePipeline(108)) - Pipeline Pipeline[ Id: c1ffa685-0224-47cb-9ec4-5cad7051de4d, Nodes: a039f237-790c-4f08-8b7b-02a31c66338b{ip: 192.168.157.221, host: pr-hdds-1868-w6t9t-2578031758, networkLocation: /default-rack, certSerialId: null}, Type:RATIS, Factor:ONE, State:CLOSED] removed from db
2019-10-15 20:22:26,998 [Thread-178] INFO  pipeline.SCMPipelineManager (SCMPipelineManager.java:finalizeAndDestroyPipeline(315)) - destroying pipeline:Pipeline[ Id: a9de9c5f-c2c0-472d-9352-360f708054f7, Nodes: 0f7f73c0-3a6b-4f89-bec0-f9d5b9697739{ip: 192.168.157.221, host: pr-hdds-1868-w6t9t-2578031758, networkLocation: /default-rack, certSerialId: null}, Type:RATIS, Factor:ONE, State:ALLOCATED]
2019-10-15 20:22:27,008 [grpc-default-executor-1] INFO  impl.RaftServerProxy (RaftServerProxy.java:addNew(89)) - a039f237-790c-4f08-8b7b-02a31c66338b: addNew group-0D1FF87E2017:[a039f237-790c-4f08-8b7b-02a31c66338b:192.168.157.221:36266] returns group-0D1FF87E2017:java.util.concurrent.CompletableFuture@319a489c[Not completed]
2019-10-15 20:22:27,010 [pool-27-thread-1] INFO  impl.RaftServerImpl (RaftServerImpl.java:<init>(95)) - a039f237-790c-4f08-8b7b-02a31c66338b: new RaftServerImpl for group-0D1FF87E2017:[a039f237-790c-4f08-8b7b-02a31c66338b:192.168.157.221:36266] with ContainerStateMachine:uninitialized
2019-10-15 20:22:27,010 [pool-27-thread-1] INFO  server.RaftServerConfigKeys (ConfUtils.java:logGet(43)) - raft.server.rpc.timeout.min = 5s (custom)
2019-10-15 20:22:27,010 [pool-27-thread-1] INFO  server.RaftServerConfigKeys (ConfUtils.java:logGet(43)) - raft.server.rpc.timeout.max = 5200ms (custom)
2019-10-15 20:22:27,011 [pool-27-thread-1] INFO  server.RaftServerConfigKeys (ConfUtils.java:logGet(43)) - raft.server.rpcslowness.timeout = 120s (custom)
2019-10-15 20:22:27,011 [pool-27-thread-1] INFO  server.RaftServerConfigKeys (ConfUtils.java:logGet(43)) - raft.server.sleep.deviation.threshold = 300 (default)
2019-10-15 20:22:27,011 [pool-27-thread-1] INFO  server.RaftServerConfigKeys (ConfUtils.java:logGet(43)) - raft.server.log.appender.install.snapshot.enabled = false (custom)
2019-10-15 20:22:27,011 [pool-27-thread-1] INFO  impl.RaftServerImpl (ServerState.java:<init>(103)) - a039f237-790c-4f08-8b7b-02a31c66338b@group-0D1FF87E2017: ConfigurationManager, init=-1: [a039f237-790c-4f08-8b7b-02a31c66338b:192.168.157.221:36266], old=null, confs=<EMPTY_MAP>
2019-10-15 20:22:27,011 [pool-27-thread-1] INFO  server.RaftServerConfigKeys (ConfUtils.java:logGet(43)) - raft.server.storage.dir = [/workdir/hadoop-ozone/integration-test/target/test-dir/MiniOzoneClusterImpl-3772ebd4-26bc-4d7a-a4e6-f41925ce4177/datanode-0/data/ratis] (custom)
2019-10-15 20:22:27,012 [pool-27-thread-1] INFO  server.RaftServerConfigKeys (ConfUtils.java:logGet(43)) - raft.server.log.corruption.policy = EXCEPTION (default)
2019-10-15 20:22:27,012 [pool-27-thread-1] INFO  storage.RaftStorageDirectory (RaftStorageDirectory.java:analyzeStorage(246)) - The storage directory /workdir/hadoop-ozone/integration-test/target/test-dir/MiniOzoneClusterImpl-3772ebd4-26bc-4d7a-a4e6-f41925ce4177/datanode-0/data/ratis/db6be94c-0eca-4403-860f-0d1ff87e2017 does not exist. Creating ...
2019-10-15 20:22:27,025 [pool-27-thread-1] INFO  storage.RaftStorageDirectory (RaftStorageDirectory.java:tryLock(328)) - Lock on /workdir/hadoop-ozone/integration-test/target/test-dir/MiniOzoneClusterImpl-3772ebd4-26bc-4d7a-a4e6-f41925ce4177/datanode-0/data/ratis/db6be94c-0eca-4403-860f-0d1ff87e2017/in_use.lock acquired by nodename 23267@pr-hdds-1868-w6t9t-2578031758
2019-10-15 20:22:27,039 [pool-27-thread-1] INFO  storage.RaftStorage (RaftStorage.java:format(84)) - Storage directory /workdir/hadoop-ozone/integration-test/target/test-dir/MiniOzoneClusterImpl-3772ebd4-26bc-4d7a-a4e6-f41925ce4177/datanode-0/data/ratis/db6be94c-0eca-4403-860f-0d1ff87e2017 has been successfully formatted.
2019-10-15 20:22:27,040 [pool-27-thread-1] INFO  ratis.ContainerStateMachine (ContainerStateMachine.java:loadSnapshot(233)) - group-0D1FF87E2017: The snapshot info is null. Setting the last applied indexto:(t:0, i:~)
2019-10-15 20:22:27,040 [pool-27-thread-1] INFO  server.RaftServerConfigKeys (ConfUtils.java:logGet(43)) - raft.server.notification.no-leader.timeout = 120s (custom)
2019-10-15 20:22:27,040 [pool-27-thread-1] INFO  server.RaftServerConfigKeys (ConfUtils.java:logGet(43)) - raft.server.log.use.memory = false (default)
2019-10-15 20:22:27,040 [pool-27-thread-1] INFO  server.RaftServerConfigKeys (ConfUtils.java:logGet(43)) - raft.server.log.purge.gap = 1000000 (custom)
2019-10-15 20:22:27,040 [pool-27-thread-1] INFO  server.RaftServerConfigKeys (ConfUtils.java:logGet(43)) - raft.server.log.appender.buffer.byte-limit = 33554432 (custom)
2019-10-15 20:22:27,040 [pool-27-thread-1] INFO  server.RaftServerConfigKeys (ConfUtils.java:logGet(43)) - raft.server.log.segment.size.max = 1048576 (custom)
2019-10-15 20:22:27,041 [pool-27-thread-1] INFO  server.RaftServerConfigKeys (ConfUtils.java:logGet(43)) - raft.server.log.segment.cache.num.max = 2 (custom)
2019-10-15 20:22:27,041 [pool-27-thread-1] INFO  segmented.SegmentedRaftLogWorker (SegmentedRaftLogWorker.java:<init>(173)) - new a039f237-790c-4f08-8b7b-02a31c66338b@group-0D1FF87E2017-SegmentedRaftLogWorker for RaftStorage:Storage Directory /workdir/hadoop-ozone/integration-test/target/test-dir/MiniOzoneClusterImpl-3772ebd4-26bc-4d7a-a4e6-f41925ce4177/datanode-0/data/ratis/db6be94c-0eca-4403-860f-0d1ff87e2017
2019-10-15 20:22:27,041 [pool-27-thread-1] INFO  server.RaftServerConfigKeys (ConfUtils.java:logGet(43)) - raft.server.log.queue.byte-limit = 2147483647 (custom)
2019-10-15 20:22:27,041 [pool-27-thread-1] INFO  server.RaftServerConfigKeys (ConfUtils.java:logGet(43)) - raft.server.log.queue.element-limit = 1024 (custom)
2019-10-15 20:22:27,041 [pool-27-thread-1] INFO  server.RaftServerConfigKeys (ConfUtils.java:logGet(43)) - raft.server.log.segment.size.max = 1048576 (custom)
2019-10-15 20:22:27,041 [pool-27-thread-1] INFO  server.RaftServerConfigKeys (ConfUtils.java:logGet(43)) - raft.server.log.preallocated.size = 16384 (custom)
2019-10-15 20:22:27,042 [pool-27-thread-1] INFO  server.RaftServerConfigKeys (ConfUtils.java:logGet(43)) - raft.server.log.write.buffer.size = 33554432 (custom)
2019-10-15 20:22:27,042 [pool-27-thread-1] INFO  server.RaftServerConfigKeys (ConfUtils.java:logGet(43)) - raft.server.log.force.sync.num = 128 (default)
2019-10-15 20:22:27,042 [pool-27-thread-1] INFO  server.RaftServerConfigKeys (ConfUtils.java:logGet(43)) - raft.server.log.statemachine.data.sync = true (default)
2019-10-15 20:22:27,042 [pool-27-thread-1] INFO  server.RaftServerConfigKeys (ConfUtils.java:logGet(43)) - raft.server.log.statemachine.data.sync.timeout = 10s (default)
2019-10-15 20:22:27,042 [pool-27-thread-1] INFO  server.RaftServerConfigKeys (ConfUtils.java:logGet(43)) - raft.server.log.statemachine.data.sync.timeout.retry = -1 (default)
2019-10-15 20:22:27,042 [pool-27-thread-1] INFO  server.RaftServerConfigKeys (ConfUtils.java:logGet(43)) - raft.server.log.statemachine.data.caching.enabled = true (custom)
2019-10-15 20:22:27,043 [pool-27-thread-1] INFO  segmented.SegmentedRaftLogWorker (SegmentedRaftLogWorker.java:lambda$new$0(128)) - a039f237-790c-4f08-8b7b-02a31c66338b@group-0D1FF87E2017-SegmentedRaftLogWorker: flushIndex: setUnconditionally 0 -> -1
2019-10-15 20:22:27,043 [pool-27-thread-1] INFO  server.RaftServerConfigKeys (ConfUtils.java:logGet(43)) - raft.server.snapshot.auto.trigger.enabled = true (custom)
2019-10-15 20:22:27,043 [pool-27-thread-1] INFO  server.RaftServerConfigKeys (ConfUtils.java:logGet(43)) - raft.server.snapshot.auto.trigger.threshold = 10000 (custom)
2019-10-15 20:22:27,043 [pool-27-thread-1] INFO  server.RaftServerConfigKeys (ConfUtils.java:logGet(43)) - raft.server.snapshot.retention.file.num = 5 (custom)
2019-10-15 20:22:27,043 [pool-27-thread-1] INFO  server.RaftServerConfigKeys (ConfUtils.java:logGet(43)) - raft.server.retrycache.expirytime = 600000ms (custom)
2019-10-15 20:22:27,046 [pool-27-thread-1] INFO  impl.RaftServerImpl (RaftServerImpl.java:start(181)) - a039f237-790c-4f08-8b7b-02a31c66338b@group-0D1FF87E2017: start as a follower, conf=-1: [a039f237-790c-4f08-8b7b-02a31c66338b:192.168.157.221:36266], old=null
2019-10-15 20:22:27,046 [pool-27-thread-1] INFO  impl.RaftServerImpl (RaftServerImpl.java:setRole(170)) - a039f237-790c-4f08-8b7b-02a31c66338b@group-0D1FF87E2017: changes role from      null to FOLLOWER at term 0 for startAsFollower
2019-10-15 20:22:27,046 [pool-27-thread-1] INFO  impl.RoleInfo (RoleInfo.java:updateAndGet(143)) - a039f237-790c-4f08-8b7b-02a31c66338b: start FollowerState
2019-10-15 20:22:27,047 [pool-27-thread-1] INFO  util.JmxRegister (JmxRegister.java:tryRegister(44)) - Successfully registered JMX Bean with object name Ratis:service=RaftServer,group=group-0D1FF87E2017,id=a039f237-790c-4f08-8b7b-02a31c66338b
2019-10-15 20:22:27,055 [RatisPipelineUtilsThread] INFO  pipeline.PipelineStateManager (PipelineStateManager.java:addPipeline(57)) - Created pipeline Pipeline[ Id: db6be94c-0eca-4403-860f-0d1ff87e2017, Nodes: a039f237-790c-4f08-8b7b-02a31c66338b{ip: 192.168.157.221, host: pr-hdds-1868-w6t9t-2578031758, networkLocation: /default-rack, certSerialId: null}, Type:RATIS, Factor:ONE, State:ALLOCATED]
2019-10-15 20:22:27,056 [Thread-178] INFO  pipeline.PipelineStateManager (PipelineStateManager.java:finalizePipeline(123)) - Pipeline Pipeline[ Id: a9de9c5f-c2c0-472d-9352-360f708054f7, Nodes: 0f7f73c0-3a6b-4f89-bec0-f9d5b9697739{ip: 192.168.157.221, host: pr-hdds-1868-w6t9t-2578031758, networkLocation: /default-rack, certSerialId: null}, Type:RATIS, Factor:ONE, State:CLOSED] moved to CLOSED state
2019-10-15 20:22:27,059 [main] INFO  ozone.MiniOzoneClusterImpl (MiniOzoneClusterImpl.java:lambda$waitForClusterToBeReady$2(164)) - Waiting for 3 number of pipelines out of 4, to report a leader.
2019-10-15 20:22:27,065 [grpc-default-executor-1] INFO  impl.RaftServerProxy (RaftServerProxy.java:remove(95)) - 0f7f73c0-3a6b-4f89-bec0-f9d5b9697739: remove  FOLLOWER 0f7f73c0-3a6b-4f89-bec0-f9d5b9697739@group-360F708054F7:t0, leader=null, voted=null, raftlog=0f7f73c0-3a6b-4f89-bec0-f9d5b9697739@group-360F708054F7-SegmentedRaftLog:OPENED:c-1,f-1,i0, conf=-1: [0f7f73c0-3a6b-4f89-bec0-f9d5b9697739:192.168.157.221:46817], old=null RUNNING
2019-10-15 20:22:27,066 [grpc-default-executor-1] INFO  impl.RaftServerImpl (RaftServerImpl.java:lambda$shutdown$3(247)) - 0f7f73c0-3a6b-4f89-bec0-f9d5b9697739@group-360F708054F7: shutdown
2019-10-15 20:22:27,066 [grpc-default-executor-1] INFO  util.JmxRegister (JmxRegister.java:unregister(73)) - Successfully un-registered JMX Bean with object name Ratis:service=RaftServer,group=group-360F708054F7,id=0f7f73c0-3a6b-4f89-bec0-f9d5b9697739
2019-10-15 20:22:27,066 [grpc-default-executor-1] INFO  impl.RoleInfo (RoleInfo.java:shutdownFollowerState(121)) - 0f7f73c0-3a6b-4f89-bec0-f9d5b9697739: shutdown FollowerState
2019-10-15 20:22:27,066 [grpc-default-executor-1] INFO  impl.StateMachineUpdater (StateMachineUpdater.java:stopAndJoin(136)) - 0f7f73c0-3a6b-4f89-bec0-f9d5b9697739@group-360F708054F7-StateMachineUpdater: set stopIndex = -1
2019-10-15 20:22:27,066 [Thread-186] INFO  impl.FollowerState (FollowerState.java:run(117)) - 0f7f73c0-3a6b-4f89-bec0-f9d5b9697739@group-360F708054F7-FollowerState was interrupted: java.lang.InterruptedException: sleep interrupted
2019-10-15 20:22:27,068 [grpc-default-executor-1] INFO  impl.RaftServerImpl (ServerState.java:close(387)) - 0f7f73c0-3a6b-4f89-bec0-f9d5b9697739@group-360F708054F7: closes. applyIndex: -1
2019-10-15 20:22:27,068 [0f7f73c0-3a6b-4f89-bec0-f9d5b9697739@group-360F708054F7-SegmentedRaftLogWorker] INFO  segmented.SegmentedRaftLogWorker (SegmentedRaftLogWorker.java:run(316)) - 0f7f73c0-3a6b-4f89-bec0-f9d5b9697739@group-360F708054F7-SegmentedRaftLogWorker was interrupted, exiting. There are 0 tasks remaining in the queue.
2019-10-15 20:22:27,068 [grpc-default-executor-1] INFO  segmented.SegmentedRaftLogWorker (SegmentedRaftLogWorker.java:close(224)) - 0f7f73c0-3a6b-4f89-bec0-f9d5b9697739@group-360F708054F7-SegmentedRaftLogWorker close()
2019-10-15 20:22:27,076 [Thread-178] INFO  pipeline.PipelineStateManager (PipelineStateManager.java:removePipeline(108)) - Pipeline Pipeline[ Id: a9de9c5f-c2c0-472d-9352-360f708054f7, Nodes: 0f7f73c0-3a6b-4f89-bec0-f9d5b9697739{ip: 192.168.157.221, host: pr-hdds-1868-w6t9t-2578031758, networkLocation: /default-rack, certSerialId: null}, Type:RATIS, Factor:ONE, State:CLOSED] removed from db
2019-10-15 20:22:27,076 [Thread-178] INFO  pipeline.SCMPipelineManager (SCMPipelineManager.java:finalizeAndDestroyPipeline(315)) - destroying pipeline:Pipeline[ Id: 0d61bf8b-af7c-4593-992d-476bd57f70a6, Nodes: 78b16809-dde5-48ba-a05c-aae9496d7a2a{ip: 192.168.157.221, host: pr-hdds-1868-w6t9t-2578031758, networkLocation: /default-rack, certSerialId: null}0f7f73c0-3a6b-4f89-bec0-f9d5b9697739{ip: 192.168.157.221, host: pr-hdds-1868-w6t9t-2578031758, networkLocation: /default-rack, certSerialId: null}a039f237-790c-4f08-8b7b-02a31c66338b{ip: 192.168.157.221, host: pr-hdds-1868-w6t9t-2578031758, networkLocation: /default-rack, certSerialId: null}, Type:RATIS, Factor:THREE, State:ALLOCATED]
2019-10-15 20:22:27,084 [grpc-default-executor-1] INFO  impl.RaftServerProxy (RaftServerProxy.java:addNew(89)) - 0f7f73c0-3a6b-4f89-bec0-f9d5b9697739: addNew group-6538DD1BE24D:[0f7f73c0-3a6b-4f89-bec0-f9d5b9697739:192.168.157.221:46817] returns group-6538DD1BE24D:java.util.concurrent.CompletableFuture@75b2311e[Not completed]
2019-10-15 20:22:27,085 [pool-47-thread-1] INFO  impl.RaftServerImpl (RaftServerImpl.java:<init>(95)) - 0f7f73c0-3a6b-4f89-bec0-f9d5b9697739: new RaftServerImpl for group-6538DD1BE24D:[0f7f73c0-3a6b-4f89-bec0-f9d5b9697739:192.168.157.221:46817] with ContainerStateMachine:uninitialized
2019-10-15 20:22:27,086 [pool-47-thread-1] INFO  server.RaftServerConfigKeys (ConfUtils.java:logGet(43)) - raft.server.rpc.timeout.min = 5s (custom)
2019-10-15 20:22:27,086 [pool-47-thread-1] INFO  server.RaftServerConfigKeys (ConfUtils.java:logGet(43)) - raft.server.rpc.timeout.max = 5200ms (custom)
2019-10-15 20:22:27,086 [pool-47-thread-1] INFO  server.RaftServerConfigKeys (ConfUtils.java:logGet(43)) - raft.server.rpcslowness.timeout = 120s (custom)
2019-10-15 20:22:27,086 [pool-47-thread-1] INFO  server.RaftServerConfigKeys (ConfUtils.java:logGet(43)) - raft.server.sleep.deviation.threshold = 300 (default)
2019-10-15 20:22:27,086 [pool-47-thread-1] INFO  server.RaftServerConfigKeys (ConfUtils.java:logGet(43)) - raft.server.log.appender.install.snapshot.enabled = false (custom)
2019-10-15 20:22:27,086 [pool-47-thread-1] INFO  impl.RaftServerImpl (ServerState.java:<init>(103)) - 0f7f73c0-3a6b-4f89-bec0-f9d5b9697739@group-6538DD1BE24D: ConfigurationManager, init=-1: [0f7f73c0-3a6b-4f89-bec0-f9d5b9697739:192.168.157.221:46817], old=null, confs=<EMPTY_MAP>
2019-10-15 20:22:27,086 [pool-47-thread-1] INFO  server.RaftServerConfigKeys (ConfUtils.java:logGet(43)) - raft.server.storage.dir = [/workdir/hadoop-ozone/integration-test/target/test-dir/MiniOzoneClusterImpl-3772ebd4-26bc-4d7a-a4e6-f41925ce4177/datanode-2/data/ratis] (custom)
2019-10-15 20:22:27,091 [pool-47-thread-1] INFO  server.RaftServerConfigKeys (ConfUtils.java:logGet(43)) - raft.server.log.corruption.policy = EXCEPTION (default)
2019-10-15 20:22:27,092 [pool-47-thread-1] INFO  storage.RaftStorageDirectory (RaftStorageDirectory.java:analyzeStorage(246)) - The storage directory /workdir/hadoop-ozone/integration-test/target/test-dir/MiniOzoneClusterImpl-3772ebd4-26bc-4d7a-a4e6-f41925ce4177/datanode-2/data/ratis/f8f2a955-2612-4c2a-a361-6538dd1be24d does not exist. Creating ...
2019-10-15 20:22:27,113 [pool-47-thread-1] INFO  storage.RaftStorageDirectory (RaftStorageDirectory.java:tryLock(328)) - Lock on /workdir/hadoop-ozone/integration-test/target/test-dir/MiniOzoneClusterImpl-3772ebd4-26bc-4d7a-a4e6-f41925ce4177/datanode-2/data/ratis/f8f2a955-2612-4c2a-a361-6538dd1be24d/in_use.lock acquired by nodename 23267@pr-hdds-1868-w6t9t-2578031758
2019-10-15 20:22:27,133 [pool-47-thread-1] INFO  storage.RaftStorage (RaftStorage.java:format(84)) - Storage directory /workdir/hadoop-ozone/integration-test/target/test-dir/MiniOzoneClusterImpl-3772ebd4-26bc-4d7a-a4e6-f41925ce4177/datanode-2/data/ratis/f8f2a955-2612-4c2a-a361-6538dd1be24d has been successfully formatted.
2019-10-15 20:22:27,134 [pool-47-thread-1] INFO  ratis.ContainerStateMachine (ContainerStateMachine.java:loadSnapshot(233)) - group-6538DD1BE24D: The snapshot info is null. Setting the last applied indexto:(t:0, i:~)
2019-10-15 20:22:27,134 [pool-47-thread-1] INFO  server.RaftServerConfigKeys (ConfUtils.java:logGet(43)) - raft.server.notification.no-leader.timeout = 120s (custom)
2019-10-15 20:22:27,134 [pool-47-thread-1] INFO  server.RaftServerConfigKeys (ConfUtils.java:logGet(43)) - raft.server.log.use.memory = false (default)
2019-10-15 20:22:27,134 [pool-47-thread-1] INFO  server.RaftServerConfigKeys (ConfUtils.java:logGet(43)) - raft.server.log.purge.gap = 1000000 (custom)
2019-10-15 20:22:27,134 [pool-47-thread-1] INFO  server.RaftServerConfigKeys (ConfUtils.java:logGet(43)) - raft.server.log.appender.buffer.byte-limit = 33554432 (custom)
2019-10-15 20:22:27,135 [pool-47-thread-1] INFO  server.RaftServerConfigKeys (ConfUtils.java:logGet(43)) - raft.server.log.segment.size.max = 1048576 (custom)
2019-10-15 20:22:27,135 [pool-47-thread-1] INFO  server.RaftServerConfigKeys (ConfUtils.java:logGet(43)) - raft.server.log.segment.cache.num.max = 2 (custom)
2019-10-15 20:22:27,135 [pool-47-thread-1] INFO  segmented.SegmentedRaftLogWorker (SegmentedRaftLogWorker.java:<init>(173)) - new 0f7f73c0-3a6b-4f89-bec0-f9d5b9697739@group-6538DD1BE24D-SegmentedRaftLogWorker for RaftStorage:Storage Directory /workdir/hadoop-ozone/integration-test/target/test-dir/MiniOzoneClusterImpl-3772ebd4-26bc-4d7a-a4e6-f41925ce4177/datanode-2/data/ratis/f8f2a955-2612-4c2a-a361-6538dd1be24d
2019-10-15 20:22:27,135 [pool-47-thread-1] INFO  server.RaftServerConfigKeys (ConfUtils.java:logGet(43)) - raft.server.log.queue.byte-limit = 2147483647 (custom)
2019-10-15 20:22:27,135 [pool-47-thread-1] INFO  server.RaftServerConfigKeys (ConfUtils.java:logGet(43)) - raft.server.log.queue.element-limit = 1024 (custom)
2019-10-15 20:22:27,135 [pool-47-thread-1] INFO  server.RaftServerConfigKeys (ConfUtils.java:logGet(43)) - raft.server.log.segment.size.max = 1048576 (custom)
2019-10-15 20:22:27,135 [pool-47-thread-1] INFO  server.RaftServerConfigKeys (ConfUtils.java:logGet(43)) - raft.server.log.preallocated.size = 16384 (custom)
2019-10-15 20:22:27,136 [pool-47-thread-1] INFO  server.RaftServerConfigKeys (ConfUtils.java:logGet(43)) - raft.server.log.write.buffer.size = 33554432 (custom)
2019-10-15 20:22:27,136 [pool-47-thread-1] INFO  server.RaftServerConfigKeys (ConfUtils.java:logGet(43)) - raft.server.log.force.sync.num = 128 (default)
2019-10-15 20:22:27,136 [pool-47-thread-1] INFO  server.RaftServerConfigKeys (ConfUtils.java:logGet(43)) - raft.server.log.statemachine.data.sync = true (default)
2019-10-15 20:22:27,136 [pool-47-thread-1] INFO  server.RaftServerConfigKeys (ConfUtils.java:logGet(43)) - raft.server.log.statemachine.data.sync.timeout = 10s (default)
2019-10-15 20:22:27,136 [pool-47-thread-1] INFO  server.RaftServerConfigKeys (ConfUtils.java:logGet(43)) - raft.server.log.statemachine.data.sync.timeout.retry = -1 (default)
2019-10-15 20:22:27,136 [pool-47-thread-1] INFO  server.RaftServerConfigKeys (ConfUtils.java:logGet(43)) - raft.server.log.statemachine.data.caching.enabled = true (custom)
2019-10-15 20:22:27,137 [pool-47-thread-1] INFO  segmented.SegmentedRaftLogWorker (SegmentedRaftLogWorker.java:lambda$new$0(128)) - 0f7f73c0-3a6b-4f89-bec0-f9d5b9697739@group-6538DD1BE24D-SegmentedRaftLogWorker: flushIndex: setUnconditionally 0 -> -1
2019-10-15 20:22:27,137 [pool-47-thread-1] INFO  server.RaftServerConfigKeys (ConfUtils.java:logGet(43)) - raft.server.snapshot.auto.trigger.enabled = true (custom)
2019-10-15 20:22:27,137 [pool-47-thread-1] INFO  server.RaftServerConfigKeys (ConfUtils.java:logGet(43)) - raft.server.snapshot.auto.trigger.threshold = 10000 (custom)
2019-10-15 20:22:27,137 [pool-47-thread-1] INFO  server.RaftServerConfigKeys (ConfUtils.java:logGet(43)) - raft.server.snapshot.retention.file.num = 5 (custom)
2019-10-15 20:22:27,138 [pool-47-thread-1] INFO  server.RaftServerConfigKeys (ConfUtils.java:logGet(43)) - raft.server.retrycache.expirytime = 600000ms (custom)
2019-10-15 20:22:27,140 [pool-47-thread-1] INFO  impl.RaftServerImpl (RaftServerImpl.java:start(181)) - 0f7f73c0-3a6b-4f89-bec0-f9d5b9697739@group-6538DD1BE24D: start as a follower, conf=-1: [0f7f73c0-3a6b-4f89-bec0-f9d5b9697739:192.168.157.221:46817], old=null
2019-10-15 20:22:27,141 [pool-47-thread-1] INFO  impl.RaftServerImpl (RaftServerImpl.java:setRole(170)) - 0f7f73c0-3a6b-4f89-bec0-f9d5b9697739@group-6538DD1BE24D: changes role from      null to FOLLOWER at term 0 for startAsFollower
2019-10-15 20:22:27,141 [pool-47-thread-1] INFO  impl.RoleInfo (RoleInfo.java:updateAndGet(143)) - 0f7f73c0-3a6b-4f89-bec0-f9d5b9697739: start FollowerState
2019-10-15 20:22:27,141 [pool-47-thread-1] INFO  util.JmxRegister (JmxRegister.java:tryRegister(44)) - Successfully registered JMX Bean with object name Ratis:service=RaftServer,group=group-6538DD1BE24D,id=0f7f73c0-3a6b-4f89-bec0-f9d5b9697739
2019-10-15 20:22:27,151 [RatisPipelineUtilsThread] INFO  pipeline.PipelineStateManager (PipelineStateManager.java:addPipeline(57)) - Created pipeline Pipeline[ Id: f8f2a955-2612-4c2a-a361-6538dd1be24d, Nodes: 0f7f73c0-3a6b-4f89-bec0-f9d5b9697739{ip: 192.168.157.221, host: pr-hdds-1868-w6t9t-2578031758, networkLocation: /default-rack, certSerialId: null}, Type:RATIS, Factor:ONE, State:ALLOCATED]
2019-10-15 20:22:27,152 [Thread-178] INFO  pipeline.PipelineStateManager (PipelineStateManager.java:finalizePipeline(123)) - Pipeline Pipeline[ Id: 0d61bf8b-af7c-4593-992d-476bd57f70a6, Nodes: 78b16809-dde5-48ba-a05c-aae9496d7a2a{ip: 192.168.157.221, host: pr-hdds-1868-w6t9t-2578031758, networkLocation: /default-rack, certSerialId: null}0f7f73c0-3a6b-4f89-bec0-f9d5b9697739{ip: 192.168.157.221, host: pr-hdds-1868-w6t9t-2578031758, networkLocation: /default-rack, certSerialId: null}a039f237-790c-4f08-8b7b-02a31c66338b{ip: 192.168.157.221, host: pr-hdds-1868-w6t9t-2578031758, networkLocation: /default-rack, certSerialId: null}, Type:RATIS, Factor:THREE, State:CLOSED] moved to CLOSED state
2019-10-15 20:22:27,161 [grpc-default-executor-1] INFO  impl.RaftServerProxy (RaftServerProxy.java:remove(95)) - 78b16809-dde5-48ba-a05c-aae9496d7a2a: remove  FOLLOWER 78b16809-dde5-48ba-a05c-aae9496d7a2a@group-476BD57F70A6:t0, leader=null, voted=null, raftlog=78b16809-dde5-48ba-a05c-aae9496d7a2a@group-476BD57F70A6-SegmentedRaftLog:OPENED:c-1,f-1,i0, conf=-1: [78b16809-dde5-48ba-a05c-aae9496d7a2a:192.168.157.221:34821, a039f237-790c-4f08-8b7b-02a31c66338b:192.168.157.221:36266, 0f7f73c0-3a6b-4f89-bec0-f9d5b9697739:192.168.157.221:46817], old=null RUNNING
2019-10-15 20:22:27,162 [grpc-default-executor-1] INFO  impl.RaftServerImpl (RaftServerImpl.java:lambda$shutdown$3(247)) - 78b16809-dde5-48ba-a05c-aae9496d7a2a@group-476BD57F70A6: shutdown
2019-10-15 20:22:27,162 [grpc-default-executor-1] INFO  util.JmxRegister (JmxRegister.java:unregister(73)) - Successfully un-registered JMX Bean with object name Ratis:service=RaftServer,group=group-476BD57F70A6,id=78b16809-dde5-48ba-a05c-aae9496d7a2a
2019-10-15 20:22:27,162 [grpc-default-executor-1] INFO  impl.RoleInfo (RoleInfo.java:shutdownFollowerState(121)) - 78b16809-dde5-48ba-a05c-aae9496d7a2a: shutdown FollowerState
2019-10-15 20:22:27,162 [grpc-default-executor-1] INFO  impl.StateMachineUpdater (StateMachineUpdater.java:stopAndJoin(136)) - 78b16809-dde5-48ba-a05c-aae9496d7a2a@group-476BD57F70A6-StateMachineUpdater: set stopIndex = -1
2019-10-15 20:22:27,162 [Thread-192] INFO  impl.FollowerState (FollowerState.java:run(117)) - 78b16809-dde5-48ba-a05c-aae9496d7a2a@group-476BD57F70A6-FollowerState was interrupted: java.lang.InterruptedException: sleep interrupted
2019-10-15 20:22:27,163 [grpc-default-executor-1] INFO  impl.RaftServerImpl (ServerState.java:close(387)) - 78b16809-dde5-48ba-a05c-aae9496d7a2a@group-476BD57F70A6: closes. applyIndex: -1
2019-10-15 20:22:27,163 [78b16809-dde5-48ba-a05c-aae9496d7a2a@group-476BD57F70A6-SegmentedRaftLogWorker] INFO  segmented.SegmentedRaftLogWorker (SegmentedRaftLogWorker.java:run(316)) - 78b16809-dde5-48ba-a05c-aae9496d7a2a@group-476BD57F70A6-SegmentedRaftLogWorker was interrupted, exiting. There are 0 tasks remaining in the queue.
2019-10-15 20:22:27,164 [grpc-default-executor-1] INFO  segmented.SegmentedRaftLogWorker (SegmentedRaftLogWorker.java:close(224)) - 78b16809-dde5-48ba-a05c-aae9496d7a2a@group-476BD57F70A6-SegmentedRaftLogWorker close()
2019-10-15 20:22:27,177 [grpc-default-executor-1] INFO  impl.RaftServerProxy (RaftServerProxy.java:remove(95)) - 0f7f73c0-3a6b-4f89-bec0-f9d5b9697739: remove  FOLLOWER 0f7f73c0-3a6b-4f89-bec0-f9d5b9697739@group-476BD57F70A6:t0, leader=null, voted=null, raftlog=0f7f73c0-3a6b-4f89-bec0-f9d5b9697739@group-476BD57F70A6-SegmentedRaftLog:OPENED:c-1,f-1,i0, conf=-1: [78b16809-dde5-48ba-a05c-aae9496d7a2a:192.168.157.221:34821, a039f237-790c-4f08-8b7b-02a31c66338b:192.168.157.221:36266, 0f7f73c0-3a6b-4f89-bec0-f9d5b9697739:192.168.157.221:46817], old=null RUNNING
2019-10-15 20:22:27,177 [grpc-default-executor-1] INFO  impl.RaftServerImpl (RaftServerImpl.java:lambda$shutdown$3(247)) - 0f7f73c0-3a6b-4f89-bec0-f9d5b9697739@group-476BD57F70A6: shutdown
2019-10-15 20:22:27,178 [grpc-default-executor-1] INFO  util.JmxRegister (JmxRegister.java:unregister(73)) - Successfully un-registered JMX Bean with object name Ratis:service=RaftServer,group=group-476BD57F70A6,id=0f7f73c0-3a6b-4f89-bec0-f9d5b9697739
2019-10-15 20:22:27,178 [grpc-default-executor-1] INFO  impl.RoleInfo (RoleInfo.java:shutdownFollowerState(121)) - 0f7f73c0-3a6b-4f89-bec0-f9d5b9697739: shutdown FollowerState
2019-10-15 20:22:27,178 [grpc-default-executor-1] INFO  impl.StateMachineUpdater (StateMachineUpdater.java:stopAndJoin(136)) - 0f7f73c0-3a6b-4f89-bec0-f9d5b9697739@group-476BD57F70A6-StateMachineUpdater: set stopIndex = -1
2019-10-15 20:22:27,178 [Thread-193] INFO  impl.FollowerState (FollowerState.java:run(117)) - 0f7f73c0-3a6b-4f89-bec0-f9d5b9697739@group-476BD57F70A6-FollowerState was interrupted: java.lang.InterruptedException: sleep interrupted
2019-10-15 20:22:27,179 [grpc-default-executor-1] INFO  impl.RaftServerImpl (ServerState.java:close(387)) - 0f7f73c0-3a6b-4f89-bec0-f9d5b9697739@group-476BD57F70A6: closes. applyIndex: -1
2019-10-15 20:22:27,179 [0f7f73c0-3a6b-4f89-bec0-f9d5b9697739@group-476BD57F70A6-SegmentedRaftLogWorker] INFO  segmented.SegmentedRaftLogWorker (SegmentedRaftLogWorker.java:run(316)) - 0f7f73c0-3a6b-4f89-bec0-f9d5b9697739@group-476BD57F70A6-SegmentedRaftLogWorker was interrupted, exiting. There are 0 tasks remaining in the queue.
2019-10-15 20:22:27,179 [grpc-default-executor-1] INFO  segmented.SegmentedRaftLogWorker (SegmentedRaftLogWorker.java:close(224)) - 0f7f73c0-3a6b-4f89-bec0-f9d5b9697739@group-476BD57F70A6-SegmentedRaftLogWorker close()
2019-10-15 20:22:27,193 [grpc-default-executor-1] INFO  impl.RaftServerProxy (RaftServerProxy.java:remove(95)) - a039f237-790c-4f08-8b7b-02a31c66338b: remove  FOLLOWER a039f237-790c-4f08-8b7b-02a31c66338b@group-476BD57F70A6:t0, leader=null, voted=null, raftlog=a039f237-790c-4f08-8b7b-02a31c66338b@group-476BD57F70A6-SegmentedRaftLog:OPENED:c-1,f-1,i0, conf=-1: [78b16809-dde5-48ba-a05c-aae9496d7a2a:192.168.157.221:34821, a039f237-790c-4f08-8b7b-02a31c66338b:192.168.157.221:36266, 0f7f73c0-3a6b-4f89-bec0-f9d5b9697739:192.168.157.221:46817], old=null RUNNING
2019-10-15 20:22:27,193 [grpc-default-executor-1] INFO  impl.RaftServerImpl (RaftServerImpl.java:lambda$shutdown$3(247)) - a039f237-790c-4f08-8b7b-02a31c66338b@group-476BD57F70A6: shutdown
2019-10-15 20:22:27,193 [grpc-default-executor-1] INFO  util.JmxRegister (JmxRegister.java:unregister(73)) - Successfully un-registered JMX Bean with object name Ratis:service=RaftServer,group=group-476BD57F70A6,id=a039f237-790c-4f08-8b7b-02a31c66338b
2019-10-15 20:22:27,193 [grpc-default-executor-1] INFO  impl.RoleInfo (RoleInfo.java:shutdownFollowerState(121)) - a039f237-790c-4f08-8b7b-02a31c66338b: shutdown FollowerState
2019-10-15 20:22:27,193 [grpc-default-executor-1] INFO  impl.StateMachineUpdater (StateMachineUpdater.java:stopAndJoin(136)) - a039f237-790c-4f08-8b7b-02a31c66338b@group-476BD57F70A6-StateMachineUpdater: set stopIndex = -1
2019-10-15 20:22:27,193 [Thread-191] INFO  impl.FollowerState (FollowerState.java:run(117)) - a039f237-790c-4f08-8b7b-02a31c66338b@group-476BD57F70A6-FollowerState was interrupted: java.lang.InterruptedException: sleep interrupted
2019-10-15 20:22:27,194 [grpc-default-executor-1] INFO  impl.RaftServerImpl (ServerState.java:close(387)) - a039f237-790c-4f08-8b7b-02a31c66338b@group-476BD57F70A6: closes. applyIndex: -1
2019-10-15 20:22:27,195 [a039f237-790c-4f08-8b7b-02a31c66338b@group-476BD57F70A6-SegmentedRaftLogWorker] INFO  segmented.SegmentedRaftLogWorker (SegmentedRaftLogWorker.java:run(316)) - a039f237-790c-4f08-8b7b-02a31c66338b@group-476BD57F70A6-SegmentedRaftLogWorker was interrupted, exiting. There are 0 tasks remaining in the queue.
2019-10-15 20:22:27,195 [grpc-default-executor-1] INFO  segmented.SegmentedRaftLogWorker (SegmentedRaftLogWorker.java:close(224)) - a039f237-790c-4f08-8b7b-02a31c66338b@group-476BD57F70A6-SegmentedRaftLogWorker close()
2019-10-15 20:22:27,201 [Thread-178] INFO  pipeline.PipelineStateManager (PipelineStateManager.java:removePipeline(108)) - Pipeline Pipeline[ Id: 0d61bf8b-af7c-4593-992d-476bd57f70a6, Nodes: 78b16809-dde5-48ba-a05c-aae9496d7a2a{ip: 192.168.157.221, host: pr-hdds-1868-w6t9t-2578031758, networkLocation: /default-rack, certSerialId: null}0f7f73c0-3a6b-4f89-bec0-f9d5b9697739{ip: 192.168.157.221, host: pr-hdds-1868-w6t9t-2578031758, networkLocation: /default-rack, certSerialId: null}a039f237-790c-4f08-8b7b-02a31c66338b{ip: 192.168.157.221, host: pr-hdds-1868-w6t9t-2578031758, networkLocation: /default-rack, certSerialId: null}, Type:RATIS, Factor:THREE, State:CLOSED] removed from db
2019-10-15 20:22:27,201 [Thread-178] INFO  pipeline.SCMPipelineManager (SCMPipelineManager.java:finalizeAndDestroyPipeline(315)) - destroying pipeline:Pipeline[ Id: 57cca478-f276-47bc-9372-5530f9cbe7ac, Nodes: 78b16809-dde5-48ba-a05c-aae9496d7a2a{ip: 192.168.157.221, host: pr-hdds-1868-w6t9t-2578031758, networkLocation: /default-rack, certSerialId: null}, Type:RATIS, Factor:ONE, State:ALLOCATED]
2019-10-15 20:22:27,212 [grpc-default-executor-0] INFO  impl.RaftServerProxy (RaftServerProxy.java:addNew(89)) - 78b16809-dde5-48ba-a05c-aae9496d7a2a: addNew group-040A8562CE8F:[78b16809-dde5-48ba-a05c-aae9496d7a2a:192.168.157.221:34821, a039f237-790c-4f08-8b7b-02a31c66338b:192.168.157.221:36266, 0f7f73c0-3a6b-4f89-bec0-f9d5b9697739:192.168.157.221:46817] returns group-040A8562CE8F:java.util.concurrent.CompletableFuture@369c1f7e[Not completed]
2019-10-15 20:22:27,213 [grpc-default-executor-2] INFO  impl.RaftServerProxy (RaftServerProxy.java:addNew(89)) - 0f7f73c0-3a6b-4f89-bec0-f9d5b9697739: addNew group-040A8562CE8F:[78b16809-dde5-48ba-a05c-aae9496d7a2a:192.168.157.221:34821, a039f237-790c-4f08-8b7b-02a31c66338b:192.168.157.221:36266, 0f7f73c0-3a6b-4f89-bec0-f9d5b9697739:192.168.157.221:46817] returns group-040A8562CE8F:java.util.concurrent.CompletableFuture@283220ae[Not completed]
2019-10-15 20:22:27,213 [grpc-default-executor-1] INFO  impl.RaftServerProxy (RaftServerProxy.java:addNew(89)) - a039f237-790c-4f08-8b7b-02a31c66338b: addNew group-040A8562CE8F:[78b16809-dde5-48ba-a05c-aae9496d7a2a:192.168.157.221:34821, a039f237-790c-4f08-8b7b-02a31c66338b:192.168.157.221:36266, 0f7f73c0-3a6b-4f89-bec0-f9d5b9697739:192.168.157.221:46817] returns group-040A8562CE8F:java.util.concurrent.CompletableFuture@733c2bb4[Not completed]
2019-10-15 20:22:27,214 [pool-37-thread-1] INFO  impl.RaftServerImpl (RaftServerImpl.java:<init>(95)) - 78b16809-dde5-48ba-a05c-aae9496d7a2a: new RaftServerImpl for group-040A8562CE8F:[78b16809-dde5-48ba-a05c-aae9496d7a2a:192.168.157.221:34821, a039f237-790c-4f08-8b7b-02a31c66338b:192.168.157.221:36266, 0f7f73c0-3a6b-4f89-bec0-f9d5b9697739:192.168.157.221:46817] with ContainerStateMachine:uninitialized
2019-10-15 20:22:27,215 [pool-37-thread-1] INFO  server.RaftServerConfigKeys (ConfUtils.java:logGet(43)) - raft.server.rpc.timeout.min = 5s (custom)
2019-10-15 20:22:27,215 [pool-37-thread-1] INFO  server.RaftServerConfigKeys (ConfUtils.java:logGet(43)) - raft.server.rpc.timeout.max = 5200ms (custom)
2019-10-15 20:22:27,215 [pool-37-thread-1] INFO  server.RaftServerConfigKeys (ConfUtils.java:logGet(43)) - raft.server.rpcslowness.timeout = 120s (custom)
2019-10-15 20:22:27,215 [pool-37-thread-1] INFO  server.RaftServerConfigKeys (ConfUtils.java:logGet(43)) - raft.server.sleep.deviation.threshold = 300 (default)
2019-10-15 20:22:27,215 [pool-37-thread-1] INFO  server.RaftServerConfigKeys (ConfUtils.java:logGet(43)) - raft.server.log.appender.install.snapshot.enabled = false (custom)
2019-10-15 20:22:27,215 [pool-37-thread-1] INFO  impl.RaftServerImpl (ServerState.java:<init>(103)) - 78b16809-dde5-48ba-a05c-aae9496d7a2a@group-040A8562CE8F: ConfigurationManager, init=-1: [78b16809-dde5-48ba-a05c-aae9496d7a2a:192.168.157.221:34821, a039f237-790c-4f08-8b7b-02a31c66338b:192.168.157.221:36266, 0f7f73c0-3a6b-4f89-bec0-f9d5b9697739:192.168.157.221:46817], old=null, confs=<EMPTY_MAP>
2019-10-15 20:22:27,215 [pool-37-thread-1] INFO  server.RaftServerConfigKeys (ConfUtils.java:logGet(43)) - raft.server.storage.dir = [/workdir/hadoop-ozone/integration-test/target/test-dir/MiniOzoneClusterImpl-3772ebd4-26bc-4d7a-a4e6-f41925ce4177/datanode-1/data/ratis] (custom)
2019-10-15 20:22:27,215 [pool-37-thread-1] INFO  server.RaftServerConfigKeys (ConfUtils.java:logGet(43)) - raft.server.log.corruption.policy = EXCEPTION (default)
2019-10-15 20:22:27,216 [pool-37-thread-1] INFO  storage.RaftStorageDirectory (RaftStorageDirectory.java:analyzeStorage(246)) - The storage directory /workdir/hadoop-ozone/integration-test/target/test-dir/MiniOzoneClusterImpl-3772ebd4-26bc-4d7a-a4e6-f41925ce4177/datanode-1/data/ratis/8a8bc694-1ffd-47fc-8b6d-040a8562ce8f does not exist. Creating ...
2019-10-15 20:22:27,216 [pool-47-thread-1] INFO  impl.RaftServerImpl (RaftServerImpl.java:<init>(95)) - 0f7f73c0-3a6b-4f89-bec0-f9d5b9697739: new RaftServerImpl for group-040A8562CE8F:[78b16809-dde5-48ba-a05c-aae9496d7a2a:192.168.157.221:34821, a039f237-790c-4f08-8b7b-02a31c66338b:192.168.157.221:36266, 0f7f73c0-3a6b-4f89-bec0-f9d5b9697739:192.168.157.221:46817] with ContainerStateMachine:uninitialized
2019-10-15 20:22:27,216 [pool-47-thread-1] INFO  server.RaftServerConfigKeys (ConfUtils.java:logGet(43)) - raft.server.rpc.timeout.min = 5s (custom)
2019-10-15 20:22:27,216 [pool-47-thread-1] INFO  server.RaftServerConfigKeys (ConfUtils.java:logGet(43)) - raft.server.rpc.timeout.max = 5200ms (custom)
2019-10-15 20:22:27,216 [pool-27-thread-1] INFO  impl.RaftServerImpl (RaftServerImpl.java:<init>(95)) - a039f237-790c-4f08-8b7b-02a31c66338b: new RaftServerImpl for group-040A8562CE8F:[78b16809-dde5-48ba-a05c-aae9496d7a2a:192.168.157.221:34821, a039f237-790c-4f08-8b7b-02a31c66338b:192.168.157.221:36266, 0f7f73c0-3a6b-4f89-bec0-f9d5b9697739:192.168.157.221:46817] with ContainerStateMachine:uninitialized
2019-10-15 20:22:27,216 [pool-47-thread-1] INFO  server.RaftServerConfigKeys (ConfUtils.java:logGet(43)) - raft.server.rpcslowness.timeout = 120s (custom)
2019-10-15 20:22:27,216 [pool-27-thread-1] INFO  server.RaftServerConfigKeys (ConfUtils.java:logGet(43)) - raft.server.rpc.timeout.min = 5s (custom)
2019-10-15 20:22:27,216 [pool-47-thread-1] INFO  server.RaftServerConfigKeys (ConfUtils.java:logGet(43)) - raft.server.sleep.deviation.threshold = 300 (default)
2019-10-15 20:22:27,217 [pool-27-thread-1] INFO  server.RaftServerConfigKeys (ConfUtils.java:logGet(43)) - raft.server.rpc.timeout.max = 5200ms (custom)
2019-10-15 20:22:27,217 [pool-47-thread-1] INFO  server.RaftServerConfigKeys (ConfUtils.java:logGet(43)) - raft.server.log.appender.install.snapshot.enabled = false (custom)
2019-10-15 20:22:27,217 [pool-27-thread-1] INFO  server.RaftServerConfigKeys (ConfUtils.java:logGet(43)) - raft.server.rpcslowness.timeout = 120s (custom)
2019-10-15 20:22:27,217 [pool-47-thread-1] INFO  impl.RaftServerImpl (ServerState.java:<init>(103)) - 0f7f73c0-3a6b-4f89-bec0-f9d5b9697739@group-040A8562CE8F: ConfigurationManager, init=-1: [78b16809-dde5-48ba-a05c-aae9496d7a2a:192.168.157.221:34821, a039f237-790c-4f08-8b7b-02a31c66338b:192.168.157.221:36266, 0f7f73c0-3a6b-4f89-bec0-f9d5b9697739:192.168.157.221:46817], old=null, confs=<EMPTY_MAP>
2019-10-15 20:22:27,217 [pool-27-thread-1] INFO  server.RaftServerConfigKeys (ConfUtils.java:logGet(43)) - raft.server.sleep.deviation.threshold = 300 (default)
2019-10-15 20:22:27,217 [pool-27-thread-1] INFO  server.RaftServerConfigKeys (ConfUtils.java:logGet(43)) - raft.server.log.appender.install.snapshot.enabled = false (custom)
2019-10-15 20:22:27,217 [pool-47-thread-1] INFO  server.RaftServerConfigKeys (ConfUtils.java:logGet(43)) - raft.server.storage.dir = [/workdir/hadoop-ozone/integration-test/target/test-dir/MiniOzoneClusterImpl-3772ebd4-26bc-4d7a-a4e6-f41925ce4177/datanode-2/data/ratis] (custom)
2019-10-15 20:22:27,217 [pool-27-thread-1] INFO  impl.RaftServerImpl (ServerState.java:<init>(103)) - a039f237-790c-4f08-8b7b-02a31c66338b@group-040A8562CE8F: ConfigurationManager, init=-1: [78b16809-dde5-48ba-a05c-aae9496d7a2a:192.168.157.221:34821, a039f237-790c-4f08-8b7b-02a31c66338b:192.168.157.221:36266, 0f7f73c0-3a6b-4f89-bec0-f9d5b9697739:192.168.157.221:46817], old=null, confs=<EMPTY_MAP>
2019-10-15 20:22:27,217 [pool-27-thread-1] INFO  server.RaftServerConfigKeys (ConfUtils.java:logGet(43)) - raft.server.storage.dir = [/workdir/hadoop-ozone/integration-test/target/test-dir/MiniOzoneClusterImpl-3772ebd4-26bc-4d7a-a4e6-f41925ce4177/datanode-0/data/ratis] (custom)
2019-10-15 20:22:27,217 [pool-47-thread-1] INFO  server.RaftServerConfigKeys (ConfUtils.java:logGet(43)) - raft.server.log.corruption.policy = EXCEPTION (default)
2019-10-15 20:22:27,218 [pool-27-thread-1] INFO  server.RaftServerConfigKeys (ConfUtils.java:logGet(43)) - raft.server.log.corruption.policy = EXCEPTION (default)
2019-10-15 20:22:27,218 [pool-47-thread-1] INFO  storage.RaftStorageDirectory (RaftStorageDirectory.java:analyzeStorage(246)) - The storage directory /workdir/hadoop-ozone/integration-test/target/test-dir/MiniOzoneClusterImpl-3772ebd4-26bc-4d7a-a4e6-f41925ce4177/datanode-2/data/ratis/8a8bc694-1ffd-47fc-8b6d-040a8562ce8f does not exist. Creating ...
2019-10-15 20:22:27,218 [pool-27-thread-1] INFO  storage.RaftStorageDirectory (RaftStorageDirectory.java:analyzeStorage(246)) - The storage directory /workdir/hadoop-ozone/integration-test/target/test-dir/MiniOzoneClusterImpl-3772ebd4-26bc-4d7a-a4e6-f41925ce4177/datanode-0/data/ratis/8a8bc694-1ffd-47fc-8b6d-040a8562ce8f does not exist. Creating ...
2019-10-15 20:22:27,240 [pool-27-thread-1] INFO  storage.RaftStorageDirectory (RaftStorageDirectory.java:tryLock(328)) - Lock on /workdir/hadoop-ozone/integration-test/target/test-dir/MiniOzoneClusterImpl-3772ebd4-26bc-4d7a-a4e6-f41925ce4177/datanode-0/data/ratis/8a8bc694-1ffd-47fc-8b6d-040a8562ce8f/in_use.lock acquired by nodename 23267@pr-hdds-1868-w6t9t-2578031758
2019-10-15 20:22:27,240 [pool-47-thread-1] INFO  storage.RaftStorageDirectory (RaftStorageDirectory.java:tryLock(328)) - Lock on /workdir/hadoop-ozone/integration-test/target/test-dir/MiniOzoneClusterImpl-3772ebd4-26bc-4d7a-a4e6-f41925ce4177/datanode-2/data/ratis/8a8bc694-1ffd-47fc-8b6d-040a8562ce8f/in_use.lock acquired by nodename 23267@pr-hdds-1868-w6t9t-2578031758
2019-10-15 20:22:27,240 [pool-37-thread-1] INFO  storage.RaftStorageDirectory (RaftStorageDirectory.java:tryLock(328)) - Lock on /workdir/hadoop-ozone/integration-test/target/test-dir/MiniOzoneClusterImpl-3772ebd4-26bc-4d7a-a4e6-f41925ce4177/datanode-1/data/ratis/8a8bc694-1ffd-47fc-8b6d-040a8562ce8f/in_use.lock acquired by nodename 23267@pr-hdds-1868-w6t9t-2578031758
2019-10-15 20:22:27,245 [pool-27-thread-1] INFO  storage.RaftStorage (RaftStorage.java:format(84)) - Storage directory /workdir/hadoop-ozone/integration-test/target/test-dir/MiniOzoneClusterImpl-3772ebd4-26bc-4d7a-a4e6-f41925ce4177/datanode-0/data/ratis/8a8bc694-1ffd-47fc-8b6d-040a8562ce8f has been successfully formatted.
2019-10-15 20:22:27,245 [pool-27-thread-1] INFO  ratis.ContainerStateMachine (ContainerStateMachine.java:loadSnapshot(233)) - group-040A8562CE8F: The snapshot info is null. Setting the last applied indexto:(t:0, i:~)
2019-10-15 20:22:27,245 [pool-27-thread-1] INFO  server.RaftServerConfigKeys (ConfUtils.java:logGet(43)) - raft.server.notification.no-leader.timeout = 120s (custom)
2019-10-15 20:22:27,246 [pool-27-thread-1] INFO  server.RaftServerConfigKeys (ConfUtils.java:logGet(43)) - raft.server.log.use.memory = false (default)
2019-10-15 20:22:27,246 [pool-27-thread-1] INFO  server.RaftServerConfigKeys (ConfUtils.java:logGet(43)) - raft.server.log.purge.gap = 1000000 (custom)
2019-10-15 20:22:27,246 [pool-27-thread-1] INFO  server.RaftServerConfigKeys (ConfUtils.java:logGet(43)) - raft.server.log.appender.buffer.byte-limit = 33554432 (custom)
2019-10-15 20:22:27,246 [pool-27-thread-1] INFO  server.RaftServerConfigKeys (ConfUtils.java:logGet(43)) - raft.server.log.segment.size.max = 1048576 (custom)
2019-10-15 20:22:27,246 [pool-27-thread-1] INFO  server.RaftServerConfigKeys (ConfUtils.java:logGet(43)) - raft.server.log.segment.cache.num.max = 2 (custom)
2019-10-15 20:22:27,246 [pool-27-thread-1] INFO  segmented.SegmentedRaftLogWorker (SegmentedRaftLogWorker.java:<init>(173)) - new a039f237-790c-4f08-8b7b-02a31c66338b@group-040A8562CE8F-SegmentedRaftLogWorker for RaftStorage:Storage Directory /workdir/hadoop-ozone/integration-test/target/test-dir/MiniOzoneClusterImpl-3772ebd4-26bc-4d7a-a4e6-f41925ce4177/datanode-0/data/ratis/8a8bc694-1ffd-47fc-8b6d-040a8562ce8f
2019-10-15 20:22:27,246 [pool-27-thread-1] INFO  server.RaftServerConfigKeys (ConfUtils.java:logGet(43)) - raft.server.log.queue.byte-limit = 2147483647 (custom)
2019-10-15 20:22:27,246 [pool-27-thread-1] INFO  server.RaftServerConfigKeys (ConfUtils.java:logGet(43)) - raft.server.log.queue.element-limit = 1024 (custom)
2019-10-15 20:22:27,246 [pool-27-thread-1] INFO  server.RaftServerConfigKeys (ConfUtils.java:logGet(43)) - raft.server.log.segment.size.max = 1048576 (custom)
2019-10-15 20:22:27,247 [pool-27-thread-1] INFO  server.RaftServerConfigKeys (ConfUtils.java:logGet(43)) - raft.server.log.preallocated.size = 16384 (custom)
2019-10-15 20:22:27,247 [pool-27-thread-1] INFO  server.RaftServerConfigKeys (ConfUtils.java:logGet(43)) - raft.server.log.write.buffer.size = 33554432 (custom)
2019-10-15 20:22:27,247 [pool-27-thread-1] INFO  server.RaftServerConfigKeys (ConfUtils.java:logGet(43)) - raft.server.log.force.sync.num = 128 (default)
2019-10-15 20:22:27,247 [pool-27-thread-1] INFO  server.RaftServerConfigKeys (ConfUtils.java:logGet(43)) - raft.server.log.statemachine.data.sync = true (default)
2019-10-15 20:22:27,247 [pool-27-thread-1] INFO  server.RaftServerConfigKeys (ConfUtils.java:logGet(43)) - raft.server.log.statemachine.data.sync.timeout = 10s (default)
2019-10-15 20:22:27,247 [pool-47-thread-1] INFO  storage.RaftStorage (RaftStorage.java:format(84)) - Storage directory /workdir/hadoop-ozone/integration-test/target/test-dir/MiniOzoneClusterImpl-3772ebd4-26bc-4d7a-a4e6-f41925ce4177/datanode-2/data/ratis/8a8bc694-1ffd-47fc-8b6d-040a8562ce8f has been successfully formatted.
2019-10-15 20:22:27,247 [pool-37-thread-1] INFO  storage.RaftStorage (RaftStorage.java:format(84)) - Storage directory /workdir/hadoop-ozone/integration-test/target/test-dir/MiniOzoneClusterImpl-3772ebd4-26bc-4d7a-a4e6-f41925ce4177/datanode-1/data/ratis/8a8bc694-1ffd-47fc-8b6d-040a8562ce8f has been successfully formatted.
2019-10-15 20:22:27,247 [pool-47-thread-1] INFO  ratis.ContainerStateMachine (ContainerStateMachine.java:loadSnapshot(233)) - group-040A8562CE8F: The snapshot info is null. Setting the last applied indexto:(t:0, i:~)
2019-10-15 20:22:27,247 [pool-27-thread-1] INFO  server.RaftServerConfigKeys (ConfUtils.java:logGet(43)) - raft.server.log.statemachine.data.sync.timeout.retry = -1 (default)
2019-10-15 20:22:27,248 [pool-47-thread-1] INFO  server.RaftServerConfigKeys (ConfUtils.java:logGet(43)) - raft.server.notification.no-leader.timeout = 120s (custom)
2019-10-15 20:22:27,248 [pool-27-thread-1] INFO  server.RaftServerConfigKeys (ConfUtils.java:logGet(43)) - raft.server.log.statemachine.data.caching.enabled = true (custom)
2019-10-15 20:22:27,248 [pool-37-thread-1] INFO  ratis.ContainerStateMachine (ContainerStateMachine.java:loadSnapshot(233)) - group-040A8562CE8F: The snapshot info is null. Setting the last applied indexto:(t:0, i:~)
2019-10-15 20:22:27,248 [pool-47-thread-1] INFO  server.RaftServerConfigKeys (ConfUtils.java:logGet(43)) - raft.server.log.use.memory = false (default)
2019-10-15 20:22:27,248 [pool-37-thread-1] INFO  server.RaftServerConfigKeys (ConfUtils.java:logGet(43)) - raft.server.notification.no-leader.timeout = 120s (custom)
2019-10-15 20:22:27,248 [pool-27-thread-1] INFO  segmented.SegmentedRaftLogWorker (SegmentedRaftLogWorker.java:lambda$new$0(128)) - a039f237-790c-4f08-8b7b-02a31c66338b@group-040A8562CE8F-SegmentedRaftLogWorker: flushIndex: setUnconditionally 0 -> -1
2019-10-15 20:22:27,248 [pool-37-thread-1] INFO  server.RaftServerConfigKeys (ConfUtils.java:logGet(43)) - raft.server.log.use.memory = false (default)
2019-10-15 20:22:27,248 [pool-47-thread-1] INFO  server.RaftServerConfigKeys (ConfUtils.java:logGet(43)) - raft.server.log.purge.gap = 1000000 (custom)
2019-10-15 20:22:27,249 [pool-37-thread-1] INFO  server.RaftServerConfigKeys (ConfUtils.java:logGet(43)) - raft.server.log.purge.gap = 1000000 (custom)
2019-10-15 20:22:27,249 [pool-27-thread-1] INFO  server.RaftServerConfigKeys (ConfUtils.java:logGet(43)) - raft.server.snapshot.auto.trigger.enabled = true (custom)
2019-10-15 20:22:27,249 [pool-37-thread-1] INFO  server.RaftServerConfigKeys (ConfUtils.java:logGet(43)) - raft.server.log.appender.buffer.byte-limit = 33554432 (custom)
2019-10-15 20:22:27,249 [pool-47-thread-1] INFO  server.RaftServerConfigKeys (ConfUtils.java:logGet(43)) - raft.server.log.appender.buffer.byte-limit = 33554432 (custom)
2019-10-15 20:22:27,249 [pool-37-thread-1] INFO  server.RaftServerConfigKeys (ConfUtils.java:logGet(43)) - raft.server.log.segment.size.max = 1048576 (custom)
2019-10-15 20:22:27,249 [pool-27-thread-1] INFO  server.RaftServerConfigKeys (ConfUtils.java:logGet(43)) - raft.server.snapshot.auto.trigger.threshold = 10000 (custom)
2019-10-15 20:22:27,250 [pool-37-thread-1] INFO  server.RaftServerConfigKeys (ConfUtils.java:logGet(43)) - raft.server.log.segment.cache.num.max = 2 (custom)
2019-10-15 20:22:27,249 [pool-47-thread-1] INFO  server.RaftServerConfigKeys (ConfUtils.java:logGet(43)) - raft.server.log.segment.size.max = 1048576 (custom)
2019-10-15 20:22:27,250 [pool-37-thread-1] INFO  segmented.SegmentedRaftLogWorker (SegmentedRaftLogWorker.java:<init>(173)) - new 78b16809-dde5-48ba-a05c-aae9496d7a2a@group-040A8562CE8F-SegmentedRaftLogWorker for RaftStorage:Storage Directory /workdir/hadoop-ozone/integration-test/target/test-dir/MiniOzoneClusterImpl-3772ebd4-26bc-4d7a-a4e6-f41925ce4177/datanode-1/data/ratis/8a8bc694-1ffd-47fc-8b6d-040a8562ce8f
2019-10-15 20:22:27,250 [pool-27-thread-1] INFO  server.RaftServerConfigKeys (ConfUtils.java:logGet(43)) - raft.server.snapshot.retention.file.num = 5 (custom)
2019-10-15 20:22:27,250 [pool-37-thread-1] INFO  server.RaftServerConfigKeys (ConfUtils.java:logGet(43)) - raft.server.log.queue.byte-limit = 2147483647 (custom)
2019-10-15 20:22:27,250 [pool-47-thread-1] INFO  server.RaftServerConfigKeys (ConfUtils.java:logGet(43)) - raft.server.log.segment.cache.num.max = 2 (custom)
2019-10-15 20:22:27,250 [pool-37-thread-1] INFO  server.RaftServerConfigKeys (ConfUtils.java:logGet(43)) - raft.server.log.queue.element-limit = 1024 (custom)
2019-10-15 20:22:27,250 [pool-27-thread-1] INFO  server.RaftServerConfigKeys (ConfUtils.java:logGet(43)) - raft.server.retrycache.expirytime = 600000ms (custom)
2019-10-15 20:22:27,251 [pool-37-thread-1] INFO  server.RaftServerConfigKeys (ConfUtils.java:logGet(43)) - raft.server.log.segment.size.max = 1048576 (custom)
2019-10-15 20:22:27,250 [pool-47-thread-1] INFO  segmented.SegmentedRaftLogWorker (SegmentedRaftLogWorker.java:<init>(173)) - new 0f7f73c0-3a6b-4f89-bec0-f9d5b9697739@group-040A8562CE8F-SegmentedRaftLogWorker for RaftStorage:Storage Directory /workdir/hadoop-ozone/integration-test/target/test-dir/MiniOzoneClusterImpl-3772ebd4-26bc-4d7a-a4e6-f41925ce4177/datanode-2/data/ratis/8a8bc694-1ffd-47fc-8b6d-040a8562ce8f
2019-10-15 20:22:27,251 [pool-37-thread-1] INFO  server.RaftServerConfigKeys (ConfUtils.java:logGet(43)) - raft.server.log.preallocated.size = 16384 (custom)
2019-10-15 20:22:27,251 [pool-47-thread-1] INFO  server.RaftServerConfigKeys (ConfUtils.java:logGet(43)) - raft.server.log.queue.byte-limit = 2147483647 (custom)
2019-10-15 20:22:27,251 [pool-37-thread-1] INFO  server.RaftServerConfigKeys (ConfUtils.java:logGet(43)) - raft.server.log.write.buffer.size = 33554432 (custom)
2019-10-15 20:22:27,251 [pool-47-thread-1] INFO  server.RaftServerConfigKeys (ConfUtils.java:logGet(43)) - raft.server.log.queue.element-limit = 1024 (custom)
2019-10-15 20:22:27,251 [pool-37-thread-1] INFO  server.RaftServerConfigKeys (ConfUtils.java:logGet(43)) - raft.server.log.force.sync.num = 128 (default)
2019-10-15 20:22:27,251 [pool-47-thread-1] INFO  server.RaftServerConfigKeys (ConfUtils.java:logGet(43)) - raft.server.log.segment.size.max = 1048576 (custom)
2019-10-15 20:22:27,252 [pool-37-thread-1] INFO  server.RaftServerConfigKeys (ConfUtils.java:logGet(43)) - raft.server.log.statemachine.data.sync = true (default)
2019-10-15 20:22:27,252 [pool-47-thread-1] INFO  server.RaftServerConfigKeys (ConfUtils.java:logGet(43)) - raft.server.log.preallocated.size = 16384 (custom)
2019-10-15 20:22:27,252 [pool-37-thread-1] INFO  server.RaftServerConfigKeys (ConfUtils.java:logGet(43)) - raft.server.log.statemachine.data.sync.timeout = 10s (default)
2019-10-15 20:22:27,252 [pool-47-thread-1] INFO  server.RaftServerConfigKeys (ConfUtils.java:logGet(43)) - raft.server.log.write.buffer.size = 33554432 (custom)
2019-10-15 20:22:27,252 [pool-37-thread-1] INFO  server.RaftServerConfigKeys (ConfUtils.java:logGet(43)) - raft.server.log.statemachine.data.sync.timeout.retry = -1 (default)
2019-10-15 20:22:27,252 [pool-47-thread-1] INFO  server.RaftServerConfigKeys (ConfUtils.java:logGet(43)) - raft.server.log.force.sync.num = 128 (default)
2019-10-15 20:22:27,252 [pool-27-thread-1] INFO  impl.RaftServerImpl (RaftServerImpl.java:start(181)) - a039f237-790c-4f08-8b7b-02a31c66338b@group-040A8562CE8F: start as a follower, conf=-1: [78b16809-dde5-48ba-a05c-aae9496d7a2a:192.168.157.221:34821, a039f237-790c-4f08-8b7b-02a31c66338b:192.168.157.221:36266, 0f7f73c0-3a6b-4f89-bec0-f9d5b9697739:192.168.157.221:46817], old=null
2019-10-15 20:22:27,253 [pool-47-thread-1] INFO  server.RaftServerConfigKeys (ConfUtils.java:logGet(43)) - raft.server.log.statemachine.data.sync = true (default)
2019-10-15 20:22:27,252 [pool-37-thread-1] INFO  server.RaftServerConfigKeys (ConfUtils.java:logGet(43)) - raft.server.log.statemachine.data.caching.enabled = true (custom)
2019-10-15 20:22:27,253 [pool-47-thread-1] INFO  server.RaftServerConfigKeys (ConfUtils.java:logGet(43)) - raft.server.log.statemachine.data.sync.timeout = 10s (default)
2019-10-15 20:22:27,253 [pool-27-thread-1] INFO  impl.RaftServerImpl (RaftServerImpl.java:setRole(170)) - a039f237-790c-4f08-8b7b-02a31c66338b@group-040A8562CE8F: changes role from      null to FOLLOWER at term 0 for startAsFollower
2019-10-15 20:22:27,253 [pool-37-thread-1] INFO  segmented.SegmentedRaftLogWorker (SegmentedRaftLogWorker.java:lambda$new$0(128)) - 78b16809-dde5-48ba-a05c-aae9496d7a2a@group-040A8562CE8F-SegmentedRaftLogWorker: flushIndex: setUnconditionally 0 -> -1
2019-10-15 20:22:27,253 [pool-47-thread-1] INFO  server.RaftServerConfigKeys (ConfUtils.java:logGet(43)) - raft.server.log.statemachine.data.sync.timeout.retry = -1 (default)
2019-10-15 20:22:27,253 [pool-27-thread-1] INFO  impl.RoleInfo (RoleInfo.java:updateAndGet(143)) - a039f237-790c-4f08-8b7b-02a31c66338b: start FollowerState
2019-10-15 20:22:27,253 [pool-37-thread-1] INFO  server.RaftServerConfigKeys (ConfUtils.java:logGet(43)) - raft.server.snapshot.auto.trigger.enabled = true (custom)
2019-10-15 20:22:27,254 [pool-47-thread-1] INFO  server.RaftServerConfigKeys (ConfUtils.java:logGet(43)) - raft.server.log.statemachine.data.caching.enabled = true (custom)
2019-10-15 20:22:27,254 [pool-37-thread-1] INFO  server.RaftServerConfigKeys (ConfUtils.java:logGet(43)) - raft.server.snapshot.auto.trigger.threshold = 10000 (custom)
2019-10-15 20:22:27,254 [pool-27-thread-1] INFO  util.JmxRegister (JmxRegister.java:tryRegister(44)) - Successfully registered JMX Bean with object name Ratis:service=RaftServer,group=group-040A8562CE8F,id=a039f237-790c-4f08-8b7b-02a31c66338b
2019-10-15 20:22:27,254 [pool-37-thread-1] INFO  server.RaftServerConfigKeys (ConfUtils.java:logGet(43)) - raft.server.snapshot.retention.file.num = 5 (custom)
2019-10-15 20:22:27,254 [pool-47-thread-1] INFO  segmented.SegmentedRaftLogWorker (SegmentedRaftLogWorker.java:lambda$new$0(128)) - 0f7f73c0-3a6b-4f89-bec0-f9d5b9697739@group-040A8562CE8F-SegmentedRaftLogWorker: flushIndex: setUnconditionally 0 -> -1
2019-10-15 20:22:27,254 [pool-37-thread-1] INFO  server.RaftServerConfigKeys (ConfUtils.java:logGet(43)) - raft.server.retrycache.expirytime = 600000ms (custom)
2019-10-15 20:22:27,254 [pool-47-thread-1] INFO  server.RaftServerConfigKeys (ConfUtils.java:logGet(43)) - raft.server.snapshot.auto.trigger.enabled = true (custom)
2019-10-15 20:22:27,255 [pool-47-thread-1] INFO  server.RaftServerConfigKeys (ConfUtils.java:logGet(43)) - raft.server.snapshot.auto.trigger.threshold = 10000 (custom)
2019-10-15 20:22:27,255 [pool-47-thread-1] INFO  server.RaftServerConfigKeys (ConfUtils.java:logGet(43)) - raft.server.snapshot.retention.file.num = 5 (custom)
2019-10-15 20:22:27,255 [pool-47-thread-1] INFO  server.RaftServerConfigKeys (ConfUtils.java:logGet(43)) - raft.server.retrycache.expirytime = 600000ms (custom)
2019-10-15 20:22:27,258 [pool-37-thread-1] INFO  impl.RaftServerImpl (RaftServerImpl.java:start(181)) - 78b16809-dde5-48ba-a05c-aae9496d7a2a@group-040A8562CE8F: start as a follower, conf=-1: [78b16809-dde5-48ba-a05c-aae9496d7a2a:192.168.157.221:34821, a039f237-790c-4f08-8b7b-02a31c66338b:192.168.157.221:36266, 0f7f73c0-3a6b-4f89-bec0-f9d5b9697739:192.168.157.221:46817], old=null
2019-10-15 20:22:27,258 [pool-37-thread-1] INFO  impl.RaftServerImpl (RaftServerImpl.java:setRole(170)) - 78b16809-dde5-48ba-a05c-aae9496d7a2a@group-040A8562CE8F: changes role from      null to FOLLOWER at term 0 for startAsFollower
2019-10-15 20:22:27,262 [pool-37-thread-1] INFO  impl.RoleInfo (RoleInfo.java:updateAndGet(143)) - 78b16809-dde5-48ba-a05c-aae9496d7a2a: start FollowerState
2019-10-15 20:22:27,262 [pool-47-thread-1] INFO  impl.RaftServerImpl (RaftServerImpl.java:start(181)) - 0f7f73c0-3a6b-4f89-bec0-f9d5b9697739@group-040A8562CE8F: start as a follower, conf=-1: [78b16809-dde5-48ba-a05c-aae9496d7a2a:192.168.157.221:34821, a039f237-790c-4f08-8b7b-02a31c66338b:192.168.157.221:36266, 0f7f73c0-3a6b-4f89-bec0-f9d5b9697739:192.168.157.221:46817], old=null
2019-10-15 20:22:27,262 [pool-47-thread-1] INFO  impl.RaftServerImpl (RaftServerImpl.java:setRole(170)) - 0f7f73c0-3a6b-4f89-bec0-f9d5b9697739@group-040A8562CE8F: changes role from      null to FOLLOWER at term 0 for startAsFollower
2019-10-15 20:22:27,262 [pool-37-thread-1] INFO  util.JmxRegister (JmxRegister.java:tryRegister(44)) - Successfully registered JMX Bean with object name Ratis:service=RaftServer,group=group-040A8562CE8F,id=78b16809-dde5-48ba-a05c-aae9496d7a2a
2019-10-15 20:22:27,262 [pool-47-thread-1] INFO  impl.RoleInfo (RoleInfo.java:updateAndGet(143)) - 0f7f73c0-3a6b-4f89-bec0-f9d5b9697739: start FollowerState
2019-10-15 20:22:27,263 [pool-47-thread-1] INFO  util.JmxRegister (JmxRegister.java:tryRegister(44)) - Successfully registered JMX Bean with object name Ratis:service=RaftServer,group=group-040A8562CE8F,id=0f7f73c0-3a6b-4f89-bec0-f9d5b9697739
2019-10-15 20:22:27,273 [RatisPipelineUtilsThread] INFO  pipeline.PipelineStateManager (PipelineStateManager.java:addPipeline(57)) - Created pipeline Pipeline[ Id: 8a8bc694-1ffd-47fc-8b6d-040a8562ce8f, Nodes: 78b16809-dde5-48ba-a05c-aae9496d7a2a{ip: 192.168.157.221, host: pr-hdds-1868-w6t9t-2578031758, networkLocation: /default-rack, certSerialId: null}0f7f73c0-3a6b-4f89-bec0-f9d5b9697739{ip: 192.168.157.221, host: pr-hdds-1868-w6t9t-2578031758, networkLocation: /default-rack, certSerialId: null}a039f237-790c-4f08-8b7b-02a31c66338b{ip: 192.168.157.221, host: pr-hdds-1868-w6t9t-2578031758, networkLocation: /default-rack, certSerialId: null}, Type:RATIS, Factor:THREE, State:ALLOCATED]
2019-10-15 20:22:27,273 [Thread-178] INFO  pipeline.PipelineStateManager (PipelineStateManager.java:finalizePipeline(123)) - Pipeline Pipeline[ Id: 57cca478-f276-47bc-9372-5530f9cbe7ac, Nodes: 78b16809-dde5-48ba-a05c-aae9496d7a2a{ip: 192.168.157.221, host: pr-hdds-1868-w6t9t-2578031758, networkLocation: /default-rack, certSerialId: null}, Type:RATIS, Factor:ONE, State:CLOSED] moved to CLOSED state
2019-10-15 20:22:27,286 [grpc-default-executor-1] INFO  impl.RaftServerProxy (RaftServerProxy.java:remove(95)) - 78b16809-dde5-48ba-a05c-aae9496d7a2a: remove  FOLLOWER 78b16809-dde5-48ba-a05c-aae9496d7a2a@group-5530F9CBE7AC:t0, leader=null, voted=null, raftlog=78b16809-dde5-48ba-a05c-aae9496d7a2a@group-5530F9CBE7AC-SegmentedRaftLog:OPENED:c-1,f-1,i0, conf=-1: [78b16809-dde5-48ba-a05c-aae9496d7a2a:192.168.157.221:34821], old=null RUNNING
2019-10-15 20:22:27,288 [grpc-default-executor-1] INFO  impl.RaftServerImpl (RaftServerImpl.java:lambda$shutdown$3(247)) - 78b16809-dde5-48ba-a05c-aae9496d7a2a@group-5530F9CBE7AC: shutdown
2019-10-15 20:22:27,290 [grpc-default-executor-1] INFO  util.JmxRegister (JmxRegister.java:unregister(73)) - Successfully un-registered JMX Bean with object name Ratis:service=RaftServer,group=group-5530F9CBE7AC,id=78b16809-dde5-48ba-a05c-aae9496d7a2a
2019-10-15 20:22:27,290 [grpc-default-executor-1] INFO  impl.RoleInfo (RoleInfo.java:shutdownFollowerState(121)) - 78b16809-dde5-48ba-a05c-aae9496d7a2a: shutdown FollowerState
2019-10-15 20:22:27,290 [grpc-default-executor-1] INFO  impl.StateMachineUpdater (StateMachineUpdater.java:stopAndJoin(136)) - 78b16809-dde5-48ba-a05c-aae9496d7a2a@group-5530F9CBE7AC-StateMachineUpdater: set stopIndex = -1
2019-10-15 20:22:27,290 [Thread-183] INFO  impl.FollowerState (FollowerState.java:run(117)) - 78b16809-dde5-48ba-a05c-aae9496d7a2a@group-5530F9CBE7AC-FollowerState was interrupted: java.lang.InterruptedException: sleep interrupted
2019-10-15 20:22:27,291 [grpc-default-executor-1] INFO  impl.RaftServerImpl (ServerState.java:close(387)) - 78b16809-dde5-48ba-a05c-aae9496d7a2a@group-5530F9CBE7AC: closes. applyIndex: -1
2019-10-15 20:22:27,292 [78b16809-dde5-48ba-a05c-aae9496d7a2a@group-5530F9CBE7AC-SegmentedRaftLogWorker] INFO  segmented.SegmentedRaftLogWorker (SegmentedRaftLogWorker.java:run(316)) - 78b16809-dde5-48ba-a05c-aae9496d7a2a@group-5530F9CBE7AC-SegmentedRaftLogWorker was interrupted, exiting. There are 0 tasks remaining in the queue.
2019-10-15 20:22:27,292 [grpc-default-executor-1] INFO  segmented.SegmentedRaftLogWorker (SegmentedRaftLogWorker.java:close(224)) - 78b16809-dde5-48ba-a05c-aae9496d7a2a@group-5530F9CBE7AC-SegmentedRaftLogWorker close()
2019-10-15 20:22:27,305 [Thread-178] INFO  pipeline.PipelineStateManager (PipelineStateManager.java:removePipeline(108)) - Pipeline Pipeline[ Id: 57cca478-f276-47bc-9372-5530f9cbe7ac, Nodes: 78b16809-dde5-48ba-a05c-aae9496d7a2a{ip: 192.168.157.221, host: pr-hdds-1868-w6t9t-2578031758, networkLocation: /default-rack, certSerialId: null}, Type:RATIS, Factor:ONE, State:CLOSED] removed from db
2019-10-15 20:22:27,328 [grpc-default-executor-1] INFO  impl.RaftServerProxy (RaftServerProxy.java:addNew(89)) - 78b16809-dde5-48ba-a05c-aae9496d7a2a: addNew group-CA60F9C26C67:[78b16809-dde5-48ba-a05c-aae9496d7a2a:192.168.157.221:34821] returns group-CA60F9C26C67:java.util.concurrent.CompletableFuture@39e4fef5[Not completed]
2019-10-15 20:22:27,352 [pool-37-thread-1] INFO  impl.RaftServerImpl (RaftServerImpl.java:<init>(95)) - 78b16809-dde5-48ba-a05c-aae9496d7a2a: new RaftServerImpl for group-CA60F9C26C67:[78b16809-dde5-48ba-a05c-aae9496d7a2a:192.168.157.221:34821] with ContainerStateMachine:uninitialized
2019-10-15 20:22:27,352 [pool-37-thread-1] INFO  server.RaftServerConfigKeys (ConfUtils.java:logGet(43)) - raft.server.rpc.timeout.min = 5s (custom)
2019-10-15 20:22:27,352 [pool-37-thread-1] INFO  server.RaftServerConfigKeys (ConfUtils.java:logGet(43)) - raft.server.rpc.timeout.max = 5200ms (custom)
2019-10-15 20:22:27,352 [pool-37-thread-1] INFO  server.RaftServerConfigKeys (ConfUtils.java:logGet(43)) - raft.server.rpcslowness.timeout = 120s (custom)
2019-10-15 20:22:27,352 [pool-37-thread-1] INFO  server.RaftServerConfigKeys (ConfUtils.java:logGet(43)) - raft.server.sleep.deviation.threshold = 300 (default)
2019-10-15 20:22:27,353 [pool-37-thread-1] INFO  server.RaftServerConfigKeys (ConfUtils.java:logGet(43)) - raft.server.log.appender.install.snapshot.enabled = false (custom)
2019-10-15 20:22:27,353 [pool-37-thread-1] INFO  impl.RaftServerImpl (ServerState.java:<init>(103)) - 78b16809-dde5-48ba-a05c-aae9496d7a2a@group-CA60F9C26C67: ConfigurationManager, init=-1: [78b16809-dde5-48ba-a05c-aae9496d7a2a:192.168.157.221:34821], old=null, confs=<EMPTY_MAP>
2019-10-15 20:22:27,353 [pool-37-thread-1] INFO  server.RaftServerConfigKeys (ConfUtils.java:logGet(43)) - raft.server.storage.dir = [/workdir/hadoop-ozone/integration-test/target/test-dir/MiniOzoneClusterImpl-3772ebd4-26bc-4d7a-a4e6-f41925ce4177/datanode-1/data/ratis] (custom)
2019-10-15 20:22:27,353 [pool-37-thread-1] INFO  server.RaftServerConfigKeys (ConfUtils.java:logGet(43)) - raft.server.log.corruption.policy = EXCEPTION (default)
2019-10-15 20:22:27,354 [pool-37-thread-1] INFO  storage.RaftStorageDirectory (RaftStorageDirectory.java:analyzeStorage(246)) - The storage directory /workdir/hadoop-ozone/integration-test/target/test-dir/MiniOzoneClusterImpl-3772ebd4-26bc-4d7a-a4e6-f41925ce4177/datanode-1/data/ratis/c9ef40fc-242c-462e-92ce-ca60f9c26c67 does not exist. Creating ...
2019-10-15 20:22:27,379 [pool-37-thread-1] INFO  storage.RaftStorageDirectory (RaftStorageDirectory.java:tryLock(328)) - Lock on /workdir/hadoop-ozone/integration-test/target/test-dir/MiniOzoneClusterImpl-3772ebd4-26bc-4d7a-a4e6-f41925ce4177/datanode-1/data/ratis/c9ef40fc-242c-462e-92ce-ca60f9c26c67/in_use.lock acquired by nodename 23267@pr-hdds-1868-w6t9t-2578031758
2019-10-15 20:22:27,421 [pool-37-thread-1] INFO  storage.RaftStorage (RaftStorage.java:format(84)) - Storage directory /workdir/hadoop-ozone/integration-test/target/test-dir/MiniOzoneClusterImpl-3772ebd4-26bc-4d7a-a4e6-f41925ce4177/datanode-1/data/ratis/c9ef40fc-242c-462e-92ce-ca60f9c26c67 has been successfully formatted.
2019-10-15 20:22:27,422 [pool-37-thread-1] INFO  ratis.ContainerStateMachine (ContainerStateMachine.java:loadSnapshot(233)) - group-CA60F9C26C67: The snapshot info is null. Setting the last applied indexto:(t:0, i:~)
2019-10-15 20:22:27,422 [pool-37-thread-1] INFO  server.RaftServerConfigKeys (ConfUtils.java:logGet(43)) - raft.server.notification.no-leader.timeout = 120s (custom)
2019-10-15 20:22:27,422 [pool-37-thread-1] INFO  server.RaftServerConfigKeys (ConfUtils.java:logGet(43)) - raft.server.log.use.memory = false (default)
2019-10-15 20:22:27,423 [pool-37-thread-1] INFO  server.RaftServerConfigKeys (ConfUtils.java:logGet(43)) - raft.server.log.purge.gap = 1000000 (custom)
2019-10-15 20:22:27,423 [pool-37-thread-1] INFO  server.RaftServerConfigKeys (ConfUtils.java:logGet(43)) - raft.server.log.appender.buffer.byte-limit = 33554432 (custom)
2019-10-15 20:22:27,423 [pool-37-thread-1] INFO  server.RaftServerConfigKeys (ConfUtils.java:logGet(43)) - raft.server.log.segment.size.max = 1048576 (custom)
2019-10-15 20:22:27,423 [pool-37-thread-1] INFO  server.RaftServerConfigKeys (ConfUtils.java:logGet(43)) - raft.server.log.segment.cache.num.max = 2 (custom)
2019-10-15 20:22:27,423 [pool-37-thread-1] INFO  segmented.SegmentedRaftLogWorker (SegmentedRaftLogWorker.java:<init>(173)) - new 78b16809-dde5-48ba-a05c-aae9496d7a2a@group-CA60F9C26C67-SegmentedRaftLogWorker for RaftStorage:Storage Directory /workdir/hadoop-ozone/integration-test/target/test-dir/MiniOzoneClusterImpl-3772ebd4-26bc-4d7a-a4e6-f41925ce4177/datanode-1/data/ratis/c9ef40fc-242c-462e-92ce-ca60f9c26c67
2019-10-15 20:22:27,423 [pool-37-thread-1] INFO  server.RaftServerConfigKeys (ConfUtils.java:logGet(43)) - raft.server.log.queue.byte-limit = 2147483647 (custom)
2019-10-15 20:22:27,424 [pool-37-thread-1] INFO  server.RaftServerConfigKeys (ConfUtils.java:logGet(43)) - raft.server.log.queue.element-limit = 1024 (custom)
2019-10-15 20:22:27,424 [pool-37-thread-1] INFO  server.RaftServerConfigKeys (ConfUtils.java:logGet(43)) - raft.server.log.segment.size.max = 1048576 (custom)
2019-10-15 20:22:27,424 [pool-37-thread-1] INFO  server.RaftServerConfigKeys (ConfUtils.java:logGet(43)) - raft.server.log.preallocated.size = 16384 (custom)
2019-10-15 20:22:27,424 [pool-37-thread-1] INFO  server.RaftServerConfigKeys (ConfUtils.java:logGet(43)) - raft.server.log.write.buffer.size = 33554432 (custom)
2019-10-15 20:22:27,424 [pool-37-thread-1] INFO  server.RaftServerConfigKeys (ConfUtils.java:logGet(43)) - raft.server.log.force.sync.num = 128 (default)
2019-10-15 20:22:27,424 [pool-37-thread-1] INFO  server.RaftServerConfigKeys (ConfUtils.java:logGet(43)) - raft.server.log.statemachine.data.sync = true (default)
2019-10-15 20:22:27,425 [pool-37-thread-1] INFO  server.RaftServerConfigKeys (ConfUtils.java:logGet(43)) - raft.server.log.statemachine.data.sync.timeout = 10s (default)
2019-10-15 20:22:27,425 [pool-37-thread-1] INFO  server.RaftServerConfigKeys (ConfUtils.java:logGet(43)) - raft.server.log.statemachine.data.sync.timeout.retry = -1 (default)
2019-10-15 20:22:27,425 [pool-37-thread-1] INFO  server.RaftServerConfigKeys (ConfUtils.java:logGet(43)) - raft.server.log.statemachine.data.caching.enabled = true (custom)
2019-10-15 20:22:27,425 [pool-37-thread-1] INFO  segmented.SegmentedRaftLogWorker (SegmentedRaftLogWorker.java:lambda$new$0(128)) - 78b16809-dde5-48ba-a05c-aae9496d7a2a@group-CA60F9C26C67-SegmentedRaftLogWorker: flushIndex: setUnconditionally 0 -> -1
2019-10-15 20:22:27,426 [pool-37-thread-1] INFO  server.RaftServerConfigKeys (ConfUtils.java:logGet(43)) - raft.server.snapshot.auto.trigger.enabled = true (custom)
2019-10-15 20:22:27,426 [pool-37-thread-1] INFO  server.RaftServerConfigKeys (ConfUtils.java:logGet(43)) - raft.server.snapshot.auto.trigger.threshold = 10000 (custom)
2019-10-15 20:22:27,426 [pool-37-thread-1] INFO  server.RaftServerConfigKeys (ConfUtils.java:logGet(43)) - raft.server.snapshot.retention.file.num = 5 (custom)
2019-10-15 20:22:27,426 [pool-37-thread-1] INFO  server.RaftServerConfigKeys (ConfUtils.java:logGet(43)) - raft.server.retrycache.expirytime = 600000ms (custom)
2019-10-15 20:22:27,430 [pool-37-thread-1] INFO  impl.RaftServerImpl (RaftServerImpl.java:start(181)) - 78b16809-dde5-48ba-a05c-aae9496d7a2a@group-CA60F9C26C67: start as a follower, conf=-1: [78b16809-dde5-48ba-a05c-aae9496d7a2a:192.168.157.221:34821], old=null
2019-10-15 20:22:27,430 [pool-37-thread-1] INFO  impl.RaftServerImpl (RaftServerImpl.java:setRole(170)) - 78b16809-dde5-48ba-a05c-aae9496d7a2a@group-CA60F9C26C67: changes role from      null to FOLLOWER at term 0 for startAsFollower
2019-10-15 20:22:27,430 [pool-37-thread-1] INFO  impl.RoleInfo (RoleInfo.java:updateAndGet(143)) - 78b16809-dde5-48ba-a05c-aae9496d7a2a: start FollowerState
2019-10-15 20:22:27,431 [pool-37-thread-1] INFO  util.JmxRegister (JmxRegister.java:tryRegister(44)) - Successfully registered JMX Bean with object name Ratis:service=RaftServer,group=group-CA60F9C26C67,id=78b16809-dde5-48ba-a05c-aae9496d7a2a
2019-10-15 20:22:27,439 [RatisPipelineUtilsThread] INFO  pipeline.PipelineStateManager (PipelineStateManager.java:addPipeline(57)) - Created pipeline Pipeline[ Id: c9ef40fc-242c-462e-92ce-ca60f9c26c67, Nodes: 78b16809-dde5-48ba-a05c-aae9496d7a2a{ip: 192.168.157.221, host: pr-hdds-1868-w6t9t-2578031758, networkLocation: /default-rack, certSerialId: null}, Type:RATIS, Factor:ONE, State:ALLOCATED]
2019-10-15 20:22:28,059 [main] INFO  ozone.MiniOzoneClusterImpl (MiniOzoneClusterImpl.java:lambda$waitForClusterToBeReady$2(164)) - Waiting for 4 number of pipelines out of 4, to report a leader.
2019-10-15 20:22:29,060 [main] INFO  ozone.MiniOzoneClusterImpl (MiniOzoneClusterImpl.java:lambda$waitForClusterToBeReady$2(164)) - Waiting for 4 number of pipelines out of 4, to report a leader.
2019-10-15 20:22:30,061 [main] INFO  ozone.MiniOzoneClusterImpl (MiniOzoneClusterImpl.java:lambda$waitForClusterToBeReady$2(164)) - Waiting for 4 number of pipelines out of 4, to report a leader.
2019-10-15 20:22:31,061 [main] INFO  ozone.MiniOzoneClusterImpl (MiniOzoneClusterImpl.java:lambda$waitForClusterToBeReady$2(164)) - Waiting for 4 number of pipelines out of 4, to report a leader.
2019-10-15 20:22:32,062 [main] INFO  ozone.MiniOzoneClusterImpl (MiniOzoneClusterImpl.java:lambda$waitForClusterToBeReady$2(164)) - Waiting for 4 number of pipelines out of 4, to report a leader.
2019-10-15 20:22:32,221 [Thread-200] INFO  impl.FollowerState (FollowerState.java:run(108)) - a039f237-790c-4f08-8b7b-02a31c66338b@group-0D1FF87E2017-FollowerState: change to CANDIDATE, lastRpcTime:5174ms, electionTimeout:5174ms
2019-10-15 20:22:32,223 [Thread-200] INFO  impl.RoleInfo (RoleInfo.java:shutdownFollowerState(121)) - a039f237-790c-4f08-8b7b-02a31c66338b: shutdown FollowerState
2019-10-15 20:22:32,224 [Thread-200] INFO  impl.RaftServerImpl (RaftServerImpl.java:setRole(170)) - a039f237-790c-4f08-8b7b-02a31c66338b@group-0D1FF87E2017: changes role from  FOLLOWER to CANDIDATE at term 0 for changeToCandidate
2019-10-15 20:22:32,229 [Thread-200] INFO  impl.RoleInfo (RoleInfo.java:updateAndGet(143)) - a039f237-790c-4f08-8b7b-02a31c66338b: start LeaderElection
2019-10-15 20:22:32,245 [a039f237-790c-4f08-8b7b-02a31c66338b@group-0D1FF87E2017-LeaderElection1] INFO  impl.LeaderElection (LeaderElection.java:askForVotes(178)) - a039f237-790c-4f08-8b7b-02a31c66338b@group-0D1FF87E2017-LeaderElection1: begin an election at term 1 for -1: [a039f237-790c-4f08-8b7b-02a31c66338b:192.168.157.221:36266], old=null
2019-10-15 20:22:32,246 [a039f237-790c-4f08-8b7b-02a31c66338b@group-0D1FF87E2017-LeaderElection1] INFO  impl.RoleInfo (RoleInfo.java:shutdownLeaderElection(134)) - a039f237-790c-4f08-8b7b-02a31c66338b: shutdown LeaderElection
2019-10-15 20:22:32,247 [a039f237-790c-4f08-8b7b-02a31c66338b@group-0D1FF87E2017-LeaderElection1] INFO  impl.RaftServerImpl (RaftServerImpl.java:setRole(170)) - a039f237-790c-4f08-8b7b-02a31c66338b@group-0D1FF87E2017: changes role from CANDIDATE to LEADER at term 1 for changeToLeader
2019-10-15 20:22:32,247 [a039f237-790c-4f08-8b7b-02a31c66338b@group-0D1FF87E2017-LeaderElection1] INFO  ratis.XceiverServerRatis (XceiverServerRatis.java:handleLeaderChangedNotification(702)) - Leader change notification received for group: group-0D1FF87E2017 with new leaderId: a039f237-790c-4f08-8b7b-02a31c66338b
2019-10-15 20:22:32,252 [a039f237-790c-4f08-8b7b-02a31c66338b@group-0D1FF87E2017-LeaderElection1] INFO  impl.RaftServerImpl (ServerState.java:setLeader(255)) - a039f237-790c-4f08-8b7b-02a31c66338b@group-0D1FF87E2017: change Leader from null to a039f237-790c-4f08-8b7b-02a31c66338b at term 1 for becomeLeader, leader elected after 5207ms
2019-10-15 20:22:32,253 [Thread-204] INFO  impl.FollowerState (FollowerState.java:run(108)) - 0f7f73c0-3a6b-4f89-bec0-f9d5b9697739@group-6538DD1BE24D-FollowerState: change to CANDIDATE, lastRpcTime:5112ms, electionTimeout:5112ms
2019-10-15 20:22:32,254 [Thread-204] INFO  impl.RoleInfo (RoleInfo.java:shutdownFollowerState(121)) - 0f7f73c0-3a6b-4f89-bec0-f9d5b9697739: shutdown FollowerState
2019-10-15 20:22:32,254 [Thread-204] INFO  impl.RaftServerImpl (RaftServerImpl.java:setRole(170)) - 0f7f73c0-3a6b-4f89-bec0-f9d5b9697739@group-6538DD1BE24D: changes role from  FOLLOWER to CANDIDATE at term 0 for changeToCandidate
2019-10-15 20:22:32,254 [Thread-204] INFO  impl.RoleInfo (RoleInfo.java:updateAndGet(143)) - 0f7f73c0-3a6b-4f89-bec0-f9d5b9697739: start LeaderElection
2019-10-15 20:22:32,260 [a039f237-790c-4f08-8b7b-02a31c66338b@group-0D1FF87E2017-LeaderElection1] INFO  server.RaftServerConfigKeys (ConfUtils.java:logGet(43)) - raft.server.staging.catchup.gap = 1000 (default)
2019-10-15 20:22:32,260 [a039f237-790c-4f08-8b7b-02a31c66338b@group-0D1FF87E2017-LeaderElection1] INFO  server.RaftServerConfigKeys (ConfUtils.java:logGet(43)) - raft.server.rpc.sleep.time = 25ms (default)
2019-10-15 20:22:32,266 [a039f237-790c-4f08-8b7b-02a31c66338b@group-0D1FF87E2017-LeaderElection1] INFO  server.RaftServerConfigKeys (ConfUtils.java:logGet(43)) - raft.server.write.element-limit = 4096 (default)
2019-10-15 20:22:32,270 [a039f237-790c-4f08-8b7b-02a31c66338b@group-0D1FF87E2017-LeaderElection1] INFO  server.RaftServerConfigKeys (ConfUtils.java:logGet(43)) - raft.server.watch.timeout = 10s (default)
2019-10-15 20:22:32,270 [0f7f73c0-3a6b-4f89-bec0-f9d5b9697739@group-6538DD1BE24D-LeaderElection2] INFO  impl.LeaderElection (LeaderElection.java:askForVotes(178)) - 0f7f73c0-3a6b-4f89-bec0-f9d5b9697739@group-6538DD1BE24D-LeaderElection2: begin an election at term 1 for -1: [0f7f73c0-3a6b-4f89-bec0-f9d5b9697739:192.168.157.221:46817], old=null
2019-10-15 20:22:32,271 [a039f237-790c-4f08-8b7b-02a31c66338b@group-0D1FF87E2017-LeaderElection1] INFO  server.RaftServerConfigKeys (ConfUtils.java:logGet(43)) - raft.server.watch.timeout.denomination = 1s (default)
2019-10-15 20:22:32,271 [0f7f73c0-3a6b-4f89-bec0-f9d5b9697739@group-6538DD1BE24D-LeaderElection2] INFO  impl.RoleInfo (RoleInfo.java:shutdownLeaderElection(134)) - 0f7f73c0-3a6b-4f89-bec0-f9d5b9697739: shutdown LeaderElection
2019-10-15 20:22:32,271 [Thread-214] INFO  impl.FollowerState (FollowerState.java:run(108)) - 78b16809-dde5-48ba-a05c-aae9496d7a2a@group-040A8562CE8F-FollowerState: change to CANDIDATE, lastRpcTime:5009ms, electionTimeout:5008ms
2019-10-15 20:22:32,272 [0f7f73c0-3a6b-4f89-bec0-f9d5b9697739@group-6538DD1BE24D-LeaderElection2] INFO  impl.RaftServerImpl (RaftServerImpl.java:setRole(170)) - 0f7f73c0-3a6b-4f89-bec0-f9d5b9697739@group-6538DD1BE24D: changes role from CANDIDATE to LEADER at term 1 for changeToLeader
2019-10-15 20:22:32,272 [Thread-214] INFO  impl.RoleInfo (RoleInfo.java:shutdownFollowerState(121)) - 78b16809-dde5-48ba-a05c-aae9496d7a2a: shutdown FollowerState
2019-10-15 20:22:32,272 [0f7f73c0-3a6b-4f89-bec0-f9d5b9697739@group-6538DD1BE24D-LeaderElection2] INFO  ratis.XceiverServerRatis (XceiverServerRatis.java:handleLeaderChangedNotification(702)) - Leader change notification received for group: group-6538DD1BE24D with new leaderId: 0f7f73c0-3a6b-4f89-bec0-f9d5b9697739
2019-10-15 20:22:32,272 [Thread-214] INFO  impl.RaftServerImpl (RaftServerImpl.java:setRole(170)) - 78b16809-dde5-48ba-a05c-aae9496d7a2a@group-040A8562CE8F: changes role from  FOLLOWER to CANDIDATE at term 0 for changeToCandidate
2019-10-15 20:22:32,273 [Thread-214] INFO  impl.RoleInfo (RoleInfo.java:updateAndGet(143)) - 78b16809-dde5-48ba-a05c-aae9496d7a2a: start LeaderElection
2019-10-15 20:22:32,273 [0f7f73c0-3a6b-4f89-bec0-f9d5b9697739@group-6538DD1BE24D-LeaderElection2] INFO  impl.RaftServerImpl (ServerState.java:setLeader(255)) - 0f7f73c0-3a6b-4f89-bec0-f9d5b9697739@group-6538DD1BE24D: change Leader from null to 0f7f73c0-3a6b-4f89-bec0-f9d5b9697739 at term 1 for becomeLeader, leader elected after 5138ms
2019-10-15 20:22:32,273 [0f7f73c0-3a6b-4f89-bec0-f9d5b9697739@group-6538DD1BE24D-LeaderElection2] INFO  server.RaftServerConfigKeys (ConfUtils.java:logGet(43)) - raft.server.staging.catchup.gap = 1000 (default)
2019-10-15 20:22:32,273 [a039f237-790c-4f08-8b7b-02a31c66338b@group-0D1FF87E2017-LeaderElection1] INFO  server.RaftServerConfigKeys (ConfUtils.java:logGet(43)) - raft.server.watch.element-limit = 65536 (default)
2019-10-15 20:22:32,276 [0f7f73c0-3a6b-4f89-bec0-f9d5b9697739@group-6538DD1BE24D-LeaderElection2] INFO  server.RaftServerConfigKeys (ConfUtils.java:logGet(43)) - raft.server.rpc.sleep.time = 25ms (default)
2019-10-15 20:22:32,277 [0f7f73c0-3a6b-4f89-bec0-f9d5b9697739@group-6538DD1BE24D-LeaderElection2] INFO  server.RaftServerConfigKeys (ConfUtils.java:logGet(43)) - raft.server.write.element-limit = 4096 (default)
2019-10-15 20:22:32,277 [0f7f73c0-3a6b-4f89-bec0-f9d5b9697739@group-6538DD1BE24D-LeaderElection2] INFO  server.RaftServerConfigKeys (ConfUtils.java:logGet(43)) - raft.server.watch.timeout = 10s (default)
2019-10-15 20:22:32,277 [0f7f73c0-3a6b-4f89-bec0-f9d5b9697739@group-6538DD1BE24D-LeaderElection2] INFO  server.RaftServerConfigKeys (ConfUtils.java:logGet(43)) - raft.server.watch.timeout.denomination = 1s (default)
2019-10-15 20:22:32,277 [0f7f73c0-3a6b-4f89-bec0-f9d5b9697739@group-6538DD1BE24D-LeaderElection2] INFO  server.RaftServerConfigKeys (ConfUtils.java:logGet(43)) - raft.server.watch.element-limit = 65536 (default)
2019-10-15 20:22:32,285 [EventQueue-PipelineReportForPipelineReportHandler] INFO  pipeline.PipelineReportHandler (PipelineReportHandler.java:processPipelineReport(119)) - Pipeline PipelineID=f8f2a955-2612-4c2a-a361-6538dd1be24d reported by 0f7f73c0-3a6b-4f89-bec0-f9d5b9697739{ip: 192.168.157.221, host: pr-hdds-1868-w6t9t-2578031758, networkLocation: /default-rack, certSerialId: null} with leaderId 0f7f73c0-3a6b-4f89-bec0-f9d5b9697739
2019-10-15 20:22:32,289 [78b16809-dde5-48ba-a05c-aae9496d7a2a@group-040A8562CE8F-LeaderElection3] INFO  impl.LeaderElection (LeaderElection.java:askForVotes(178)) - 78b16809-dde5-48ba-a05c-aae9496d7a2a@group-040A8562CE8F-LeaderElection3: begin an election at term 1 for -1: [78b16809-dde5-48ba-a05c-aae9496d7a2a:192.168.157.221:34821, a039f237-790c-4f08-8b7b-02a31c66338b:192.168.157.221:36266, 0f7f73c0-3a6b-4f89-bec0-f9d5b9697739:192.168.157.221:46817], old=null
2019-10-15 20:22:32,290 [EventQueue-PipelineReportForPipelineReportHandler] INFO  pipeline.PipelineStateManager (PipelineStateManager.java:openPipeline(136)) - Pipeline Pipeline[ Id: f8f2a955-2612-4c2a-a361-6538dd1be24d, Nodes: 0f7f73c0-3a6b-4f89-bec0-f9d5b9697739{ip: 192.168.157.221, host: pr-hdds-1868-w6t9t-2578031758, networkLocation: /default-rack, certSerialId: null}, Type:RATIS, Factor:ONE, State:OPEN] moved to OPEN state
2019-10-15 20:22:32,290 [EventQueue-PipelineReportForPipelineReportHandler] INFO  pipeline.PipelineReportHandler (PipelineReportHandler.java:processPipelineReport(119)) - Pipeline PipelineID=8a8bc694-1ffd-47fc-8b6d-040a8562ce8f reported by 0f7f73c0-3a6b-4f89-bec0-f9d5b9697739{ip: 192.168.157.221, host: pr-hdds-1868-w6t9t-2578031758, networkLocation: /default-rack, certSerialId: null} with leaderId 
2019-10-15 20:22:32,290 [EventQueue-PipelineReportForPipelineReportHandler] INFO  pipeline.PipelineReportHandler (PipelineReportHandler.java:processPipelineReport(119)) - Pipeline PipelineID=8a8bc694-1ffd-47fc-8b6d-040a8562ce8f reported by a039f237-790c-4f08-8b7b-02a31c66338b{ip: 192.168.157.221, host: pr-hdds-1868-w6t9t-2578031758, networkLocation: /default-rack, certSerialId: null} with leaderId 
2019-10-15 20:22:32,291 [Thread-210] INFO  impl.FollowerState (FollowerState.java:run(108)) - a039f237-790c-4f08-8b7b-02a31c66338b@group-040A8562CE8F-FollowerState: change to CANDIDATE, lastRpcTime:5037ms, electionTimeout:5037ms
2019-10-15 20:22:32,291 [EventQueue-PipelineReportForPipelineReportHandler] INFO  pipeline.PipelineReportHandler (PipelineReportHandler.java:processPipelineReport(119)) - Pipeline PipelineID=db6be94c-0eca-4403-860f-0d1ff87e2017 reported by a039f237-790c-4f08-8b7b-02a31c66338b{ip: 192.168.157.221, host: pr-hdds-1868-w6t9t-2578031758, networkLocation: /default-rack, certSerialId: null} with leaderId a039f237-790c-4f08-8b7b-02a31c66338b
2019-10-15 20:22:32,291 [Thread-210] INFO  impl.RoleInfo (RoleInfo.java:shutdownFollowerState(121)) - a039f237-790c-4f08-8b7b-02a31c66338b: shutdown FollowerState
2019-10-15 20:22:32,291 [EventQueue-PipelineReportForPipelineReportHandler] INFO  pipeline.PipelineStateManager (PipelineStateManager.java:openPipeline(136)) - Pipeline Pipeline[ Id: db6be94c-0eca-4403-860f-0d1ff87e2017, Nodes: a039f237-790c-4f08-8b7b-02a31c66338b{ip: 192.168.157.221, host: pr-hdds-1868-w6t9t-2578031758, networkLocation: /default-rack, certSerialId: null}, Type:RATIS, Factor:ONE, State:OPEN] moved to OPEN state
2019-10-15 20:22:32,291 [Thread-210] INFO  impl.RaftServerImpl (RaftServerImpl.java:setRole(170)) - a039f237-790c-4f08-8b7b-02a31c66338b@group-040A8562CE8F: changes role from  FOLLOWER to CANDIDATE at term 0 for changeToCandidate
2019-10-15 20:22:32,292 [Thread-210] INFO  impl.RoleInfo (RoleInfo.java:updateAndGet(143)) - a039f237-790c-4f08-8b7b-02a31c66338b: start LeaderElection
2019-10-15 20:22:32,299 [a039f237-790c-4f08-8b7b-02a31c66338b@group-0D1FF87E2017-LeaderElection1] INFO  impl.RoleInfo (RoleInfo.java:updateAndGet(143)) - a039f237-790c-4f08-8b7b-02a31c66338b: start LeaderState
2019-10-15 20:22:32,299 [0f7f73c0-3a6b-4f89-bec0-f9d5b9697739@group-6538DD1BE24D-LeaderElection2] INFO  impl.RoleInfo (RoleInfo.java:updateAndGet(143)) - 0f7f73c0-3a6b-4f89-bec0-f9d5b9697739: start LeaderState
2019-10-15 20:22:32,313 [a039f237-790c-4f08-8b7b-02a31c66338b@group-040A8562CE8F-LeaderElection4] INFO  impl.LeaderElection (LeaderElection.java:askForVotes(178)) - a039f237-790c-4f08-8b7b-02a31c66338b@group-040A8562CE8F-LeaderElection4: begin an election at term 1 for -1: [78b16809-dde5-48ba-a05c-aae9496d7a2a:192.168.157.221:34821, a039f237-790c-4f08-8b7b-02a31c66338b:192.168.157.221:36266, 0f7f73c0-3a6b-4f89-bec0-f9d5b9697739:192.168.157.221:46817], old=null
2019-10-15 20:22:32,330 [grpc-default-executor-1] INFO  impl.RaftServerImpl (RaftServerImpl.java:setRole(170)) - 0f7f73c0-3a6b-4f89-bec0-f9d5b9697739@group-040A8562CE8F: changes role from  FOLLOWER to FOLLOWER at term 1 for recognizeCandidate:a039f237-790c-4f08-8b7b-02a31c66338b
2019-10-15 20:22:32,331 [grpc-default-executor-1] INFO  impl.RoleInfo (RoleInfo.java:shutdownFollowerState(121)) - 0f7f73c0-3a6b-4f89-bec0-f9d5b9697739: shutdown FollowerState
2019-10-15 20:22:32,332 [Thread-215] INFO  impl.FollowerState (FollowerState.java:run(117)) - 0f7f73c0-3a6b-4f89-bec0-f9d5b9697739@group-040A8562CE8F-FollowerState was interrupted: java.lang.InterruptedException: sleep interrupted
2019-10-15 20:22:32,332 [a039f237-790c-4f08-8b7b-02a31c66338b@group-0D1FF87E2017-LeaderElection1] INFO  segmented.SegmentedRaftLogWorker (SegmentedRaftLogWorker.java:startLogSegment(385)) - a039f237-790c-4f08-8b7b-02a31c66338b@group-0D1FF87E2017-SegmentedRaftLogWorker: Starting segment from index:0
2019-10-15 20:22:32,332 [grpc-default-executor-1] INFO  impl.RoleInfo (RoleInfo.java:updateAndGet(143)) - 0f7f73c0-3a6b-4f89-bec0-f9d5b9697739: start FollowerState
2019-10-15 20:22:32,332 [0f7f73c0-3a6b-4f89-bec0-f9d5b9697739@group-6538DD1BE24D-LeaderElection2] INFO  segmented.SegmentedRaftLogWorker (SegmentedRaftLogWorker.java:startLogSegment(385)) - 0f7f73c0-3a6b-4f89-bec0-f9d5b9697739@group-6538DD1BE24D-SegmentedRaftLogWorker: Starting segment from index:0
2019-10-15 20:22:32,347 [a039f237-790c-4f08-8b7b-02a31c66338b@group-0D1FF87E2017-LeaderElection1] INFO  impl.RaftServerImpl (ServerState.java:setRaftConf(356)) - a039f237-790c-4f08-8b7b-02a31c66338b@group-0D1FF87E2017: set configuration 0: [a039f237-790c-4f08-8b7b-02a31c66338b:192.168.157.221:36266], old=null at 0
2019-10-15 20:22:32,347 [0f7f73c0-3a6b-4f89-bec0-f9d5b9697739@group-6538DD1BE24D-LeaderElection2] INFO  impl.RaftServerImpl (ServerState.java:setRaftConf(356)) - 0f7f73c0-3a6b-4f89-bec0-f9d5b9697739@group-6538DD1BE24D: set configuration 0: [0f7f73c0-3a6b-4f89-bec0-f9d5b9697739:192.168.157.221:46817], old=null at 0
2019-10-15 20:22:32,369 [a039f237-790c-4f08-8b7b-02a31c66338b@group-040A8562CE8F-LeaderElection4] INFO  impl.LeaderElection (LeaderElection.java:logAndReturn(56)) - a039f237-790c-4f08-8b7b-02a31c66338b@group-040A8562CE8F-LeaderElection4: Election PASSED; received 2 response(s) [a039f237-790c-4f08-8b7b-02a31c66338b<-78b16809-dde5-48ba-a05c-aae9496d7a2a#0:FAIL-t1, a039f237-790c-4f08-8b7b-02a31c66338b<-0f7f73c0-3a6b-4f89-bec0-f9d5b9697739#0:OK-t1] and 0 exception(s); a039f237-790c-4f08-8b7b-02a31c66338b@group-040A8562CE8F:t1, leader=null, voted=a039f237-790c-4f08-8b7b-02a31c66338b, raftlog=a039f237-790c-4f08-8b7b-02a31c66338b@group-040A8562CE8F-SegmentedRaftLog:OPENED:c-1,f-1,i0, conf=-1: [78b16809-dde5-48ba-a05c-aae9496d7a2a:192.168.157.221:34821, a039f237-790c-4f08-8b7b-02a31c66338b:192.168.157.221:36266, 0f7f73c0-3a6b-4f89-bec0-f9d5b9697739:192.168.157.221:46817], old=null
2019-10-15 20:22:32,369 [78b16809-dde5-48ba-a05c-aae9496d7a2a@group-040A8562CE8F-LeaderElection3] INFO  impl.LeaderElection (LeaderElection.java:logAndReturn(56)) - 78b16809-dde5-48ba-a05c-aae9496d7a2a@group-040A8562CE8F-LeaderElection3: Election REJECTED; received 2 response(s) [78b16809-dde5-48ba-a05c-aae9496d7a2a<-a039f237-790c-4f08-8b7b-02a31c66338b#0:FAIL-t1, 78b16809-dde5-48ba-a05c-aae9496d7a2a<-0f7f73c0-3a6b-4f89-bec0-f9d5b9697739#0:FAIL-t1] and 0 exception(s); 78b16809-dde5-48ba-a05c-aae9496d7a2a@group-040A8562CE8F:t1, leader=null, voted=78b16809-dde5-48ba-a05c-aae9496d7a2a, raftlog=78b16809-dde5-48ba-a05c-aae9496d7a2a@group-040A8562CE8F-SegmentedRaftLog:OPENED:c-1,f-1,i0, conf=-1: [78b16809-dde5-48ba-a05c-aae9496d7a2a:192.168.157.221:34821, a039f237-790c-4f08-8b7b-02a31c66338b:192.168.157.221:36266, 0f7f73c0-3a6b-4f89-bec0-f9d5b9697739:192.168.157.221:46817], old=null
2019-10-15 20:22:32,370 [a039f237-790c-4f08-8b7b-02a31c66338b@group-040A8562CE8F-LeaderElection4] INFO  impl.RoleInfo (RoleInfo.java:shutdownLeaderElection(134)) - a039f237-790c-4f08-8b7b-02a31c66338b: shutdown LeaderElection
2019-10-15 20:22:32,371 [78b16809-dde5-48ba-a05c-aae9496d7a2a@group-040A8562CE8F-LeaderElection3] INFO  impl.RaftServerImpl (RaftServerImpl.java:setRole(170)) - 78b16809-dde5-48ba-a05c-aae9496d7a2a@group-040A8562CE8F: changes role from CANDIDATE to FOLLOWER at term 1 for DISCOVERED_A_NEW_TERM
2019-10-15 20:22:32,371 [a039f237-790c-4f08-8b7b-02a31c66338b@group-040A8562CE8F-LeaderElection4] INFO  impl.RaftServerImpl (RaftServerImpl.java:setRole(170)) - a039f237-790c-4f08-8b7b-02a31c66338b@group-040A8562CE8F: changes role from CANDIDATE to LEADER at term 1 for changeToLeader
2019-10-15 20:22:32,373 [78b16809-dde5-48ba-a05c-aae9496d7a2a@group-040A8562CE8F-LeaderElection3] INFO  impl.RoleInfo (RoleInfo.java:shutdownLeaderElection(134)) - 78b16809-dde5-48ba-a05c-aae9496d7a2a: shutdown LeaderElection
2019-10-15 20:22:32,374 [a039f237-790c-4f08-8b7b-02a31c66338b@group-040A8562CE8F-LeaderElection4] INFO  ratis.XceiverServerRatis (XceiverServerRatis.java:handleLeaderChangedNotification(702)) - Leader change notification received for group: group-040A8562CE8F with new leaderId: a039f237-790c-4f08-8b7b-02a31c66338b
2019-10-15 20:22:32,374 [78b16809-dde5-48ba-a05c-aae9496d7a2a@group-040A8562CE8F-LeaderElection3] INFO  impl.RoleInfo (RoleInfo.java:updateAndGet(143)) - 78b16809-dde5-48ba-a05c-aae9496d7a2a: start FollowerState
2019-10-15 20:22:32,374 [a039f237-790c-4f08-8b7b-02a31c66338b@group-040A8562CE8F-LeaderElection4] INFO  impl.RaftServerImpl (ServerState.java:setLeader(255)) - a039f237-790c-4f08-8b7b-02a31c66338b@group-040A8562CE8F: change Leader from null to a039f237-790c-4f08-8b7b-02a31c66338b at term 1 for becomeLeader, leader elected after 5128ms
2019-10-15 20:22:32,374 [a039f237-790c-4f08-8b7b-02a31c66338b@group-040A8562CE8F-LeaderElection4] INFO  server.RaftServerConfigKeys (ConfUtils.java:logGet(43)) - raft.server.staging.catchup.gap = 1000 (default)
2019-10-15 20:22:32,375 [a039f237-790c-4f08-8b7b-02a31c66338b@group-040A8562CE8F-LeaderElection4] INFO  server.RaftServerConfigKeys (ConfUtils.java:logGet(43)) - raft.server.rpc.sleep.time = 25ms (default)
2019-10-15 20:22:32,375 [a039f237-790c-4f08-8b7b-02a31c66338b@group-040A8562CE8F-LeaderElection4] INFO  server.RaftServerConfigKeys (ConfUtils.java:logGet(43)) - raft.server.write.element-limit = 4096 (default)
2019-10-15 20:22:32,375 [a039f237-790c-4f08-8b7b-02a31c66338b@group-040A8562CE8F-LeaderElection4] INFO  server.RaftServerConfigKeys (ConfUtils.java:logGet(43)) - raft.server.watch.timeout = 10s (default)
2019-10-15 20:22:32,376 [a039f237-790c-4f08-8b7b-02a31c66338b@group-040A8562CE8F-LeaderElection4] INFO  server.RaftServerConfigKeys (ConfUtils.java:logGet(43)) - raft.server.watch.timeout.denomination = 1s (default)
2019-10-15 20:22:32,376 [a039f237-790c-4f08-8b7b-02a31c66338b@group-040A8562CE8F-LeaderElection4] INFO  server.RaftServerConfigKeys (ConfUtils.java:logGet(43)) - raft.server.watch.element-limit = 65536 (default)
2019-10-15 20:22:32,378 [EventQueue-PipelineReportForPipelineReportHandler] INFO  pipeline.PipelineReportHandler (PipelineReportHandler.java:processPipelineReport(119)) - Pipeline PipelineID=8a8bc694-1ffd-47fc-8b6d-040a8562ce8f reported by a039f237-790c-4f08-8b7b-02a31c66338b{ip: 192.168.157.221, host: pr-hdds-1868-w6t9t-2578031758, networkLocation: /default-rack, certSerialId: null} with leaderId a039f237-790c-4f08-8b7b-02a31c66338b
2019-10-15 20:22:32,381 [a039f237-790c-4f08-8b7b-02a31c66338b@group-040A8562CE8F-LeaderElection4] INFO  server.RaftServerConfigKeys (ConfUtils.java:logGet(43)) - raft.server.log.appender.snapshot.chunk.size.max = 16MB (=16777216) (default)
2019-10-15 20:22:32,382 [a039f237-790c-4f08-8b7b-02a31c66338b@group-040A8562CE8F-LeaderElection4] INFO  server.RaftServerConfigKeys (ConfUtils.java:logGet(43)) - raft.server.log.appender.buffer.byte-limit = 33554432 (custom)
2019-10-15 20:22:32,382 [a039f237-790c-4f08-8b7b-02a31c66338b@group-040A8562CE8F-LeaderElection4] INFO  server.RaftServerConfigKeys (ConfUtils.java:logGet(43)) - raft.server.log.appender.buffer.element-limit = 1 (custom)
2019-10-15 20:22:32,385 [a039f237-790c-4f08-8b7b-02a31c66338b@group-040A8562CE8F-LeaderElection4] INFO  grpc.GrpcConfigKeys$Server (ConfUtils.java:logGet(43)) - raft.grpc.server.leader.outstanding.appends.max = 128 (default)
2019-10-15 20:22:32,389 [a039f237-790c-4f08-8b7b-02a31c66338b@group-040A8562CE8F-LeaderElection4] INFO  server.RaftServerConfigKeys (ConfUtils.java:logGet(43)) - raft.server.rpc.request.timeout = 3000ms (default)
2019-10-15 20:22:32,389 [a039f237-790c-4f08-8b7b-02a31c66338b@group-040A8562CE8F-LeaderElection4] INFO  server.RaftServerConfigKeys (ConfUtils.java:logGet(43)) - raft.server.log.appender.install.snapshot.enabled = false (custom)
2019-10-15 20:22:32,390 [a039f237-790c-4f08-8b7b-02a31c66338b@group-040A8562CE8F-LeaderElection4] INFO  server.RaftServerConfigKeys (ConfUtils.java:logGet(43)) - raft.server.log.appender.snapshot.chunk.size.max = 16MB (=16777216) (default)
2019-10-15 20:22:32,390 [a039f237-790c-4f08-8b7b-02a31c66338b@group-040A8562CE8F-LeaderElection4] INFO  server.RaftServerConfigKeys (ConfUtils.java:logGet(43)) - raft.server.log.appender.buffer.byte-limit = 33554432 (custom)
2019-10-15 20:22:32,390 [a039f237-790c-4f08-8b7b-02a31c66338b@group-040A8562CE8F-LeaderElection4] INFO  server.RaftServerConfigKeys (ConfUtils.java:logGet(43)) - raft.server.log.appender.buffer.element-limit = 1 (custom)
2019-10-15 20:22:32,390 [a039f237-790c-4f08-8b7b-02a31c66338b@group-040A8562CE8F-LeaderElection4] INFO  grpc.GrpcConfigKeys$Server (ConfUtils.java:logGet(43)) - raft.grpc.server.leader.outstanding.appends.max = 128 (default)
2019-10-15 20:22:32,390 [a039f237-790c-4f08-8b7b-02a31c66338b@group-040A8562CE8F-LeaderElection4] INFO  server.RaftServerConfigKeys (ConfUtils.java:logGet(43)) - raft.server.rpc.request.timeout = 3000ms (default)
2019-10-15 20:22:32,390 [a039f237-790c-4f08-8b7b-02a31c66338b@group-040A8562CE8F-LeaderElection4] INFO  server.RaftServerConfigKeys (ConfUtils.java:logGet(43)) - raft.server.log.appender.install.snapshot.enabled = false (custom)
2019-10-15 20:22:32,393 [a039f237-790c-4f08-8b7b-02a31c66338b@group-040A8562CE8F-LeaderElection4] INFO  impl.RoleInfo (RoleInfo.java:updateAndGet(143)) - a039f237-790c-4f08-8b7b-02a31c66338b: start LeaderState
2019-10-15 20:22:32,393 [a039f237-790c-4f08-8b7b-02a31c66338b@group-040A8562CE8F-LeaderElection4] INFO  segmented.SegmentedRaftLogWorker (SegmentedRaftLogWorker.java:startLogSegment(385)) - a039f237-790c-4f08-8b7b-02a31c66338b@group-040A8562CE8F-SegmentedRaftLogWorker: Starting segment from index:0
2019-10-15 20:22:32,394 [a039f237-790c-4f08-8b7b-02a31c66338b@group-040A8562CE8F-LeaderElection4] INFO  impl.RaftServerImpl (ServerState.java:setRaftConf(356)) - a039f237-790c-4f08-8b7b-02a31c66338b@group-040A8562CE8F: set configuration 0: [78b16809-dde5-48ba-a05c-aae9496d7a2a:192.168.157.221:34821, a039f237-790c-4f08-8b7b-02a31c66338b:192.168.157.221:36266, 0f7f73c0-3a6b-4f89-bec0-f9d5b9697739:192.168.157.221:46817], old=null at 0
2019-10-15 20:22:32,415 [grpc-default-executor-0] INFO  ratis.XceiverServerRatis (XceiverServerRatis.java:handleLeaderChangedNotification(702)) - Leader change notification received for group: group-040A8562CE8F with new leaderId: a039f237-790c-4f08-8b7b-02a31c66338b
2019-10-15 20:22:32,416 [grpc-default-executor-1] INFO  ratis.XceiverServerRatis (XceiverServerRatis.java:handleLeaderChangedNotification(702)) - Leader change notification received for group: group-040A8562CE8F with new leaderId: a039f237-790c-4f08-8b7b-02a31c66338b
2019-10-15 20:22:32,416 [grpc-default-executor-0] INFO  impl.RaftServerImpl (ServerState.java:setLeader(255)) - 0f7f73c0-3a6b-4f89-bec0-f9d5b9697739@group-040A8562CE8F: change Leader from null to a039f237-790c-4f08-8b7b-02a31c66338b at term 1 for appendEntries, leader elected after 5167ms
2019-10-15 20:22:32,417 [grpc-default-executor-1] INFO  impl.RaftServerImpl (ServerState.java:setLeader(255)) - 78b16809-dde5-48ba-a05c-aae9496d7a2a@group-040A8562CE8F: change Leader from null to a039f237-790c-4f08-8b7b-02a31c66338b at term 1 for appendEntries, leader elected after 5167ms
2019-10-15 20:22:32,420 [EventQueue-PipelineReportForPipelineReportHandler] INFO  pipeline.PipelineReportHandler (PipelineReportHandler.java:processPipelineReport(119)) - Pipeline PipelineID=8a8bc694-1ffd-47fc-8b6d-040a8562ce8f reported by 0f7f73c0-3a6b-4f89-bec0-f9d5b9697739{ip: 192.168.157.221, host: pr-hdds-1868-w6t9t-2578031758, networkLocation: /default-rack, certSerialId: null} with leaderId a039f237-790c-4f08-8b7b-02a31c66338b
2019-10-15 20:22:32,420 [EventQueue-PipelineReportForPipelineReportHandler] INFO  pipeline.PipelineReportHandler (PipelineReportHandler.java:processPipelineReport(119)) - Pipeline PipelineID=8a8bc694-1ffd-47fc-8b6d-040a8562ce8f reported by 78b16809-dde5-48ba-a05c-aae9496d7a2a{ip: 192.168.157.221, host: pr-hdds-1868-w6t9t-2578031758, networkLocation: /default-rack, certSerialId: null} with leaderId a039f237-790c-4f08-8b7b-02a31c66338b
2019-10-15 20:22:32,421 [EventQueue-PipelineReportForPipelineReportHandler] INFO  pipeline.PipelineStateManager (PipelineStateManager.java:openPipeline(136)) - Pipeline Pipeline[ Id: 8a8bc694-1ffd-47fc-8b6d-040a8562ce8f, Nodes: 78b16809-dde5-48ba-a05c-aae9496d7a2a{ip: 192.168.157.221, host: pr-hdds-1868-w6t9t-2578031758, networkLocation: /default-rack, certSerialId: null}0f7f73c0-3a6b-4f89-bec0-f9d5b9697739{ip: 192.168.157.221, host: pr-hdds-1868-w6t9t-2578031758, networkLocation: /default-rack, certSerialId: null}a039f237-790c-4f08-8b7b-02a31c66338b{ip: 192.168.157.221, host: pr-hdds-1868-w6t9t-2578031758, networkLocation: /default-rack, certSerialId: null}, Type:RATIS, Factor:THREE, State:OPEN] moved to OPEN state
2019-10-15 20:22:32,421 [EventQueue-PipelineReportForPipelineReportHandler] INFO  pipeline.PipelineReportHandler (PipelineReportHandler.java:processPipelineReport(119)) - Pipeline PipelineID=c9ef40fc-242c-462e-92ce-ca60f9c26c67 reported by 78b16809-dde5-48ba-a05c-aae9496d7a2a{ip: 192.168.157.221, host: pr-hdds-1868-w6t9t-2578031758, networkLocation: /default-rack, certSerialId: null} with leaderId 
2019-10-15 20:22:32,422 [EventQueue-PipelineReportForPipelineReportHandler] INFO  pipeline.PipelineStateManager (PipelineStateManager.java:openPipeline(136)) - Pipeline Pipeline[ Id: c9ef40fc-242c-462e-92ce-ca60f9c26c67, Nodes: 78b16809-dde5-48ba-a05c-aae9496d7a2a{ip: 192.168.157.221, host: pr-hdds-1868-w6t9t-2578031758, networkLocation: /default-rack, certSerialId: null}, Type:RATIS, Factor:ONE, State:OPEN] moved to OPEN state
2019-10-15 20:22:32,435 [Thread-220] INFO  impl.FollowerState (FollowerState.java:run(108)) - 78b16809-dde5-48ba-a05c-aae9496d7a2a@group-CA60F9C26C67-FollowerState: change to CANDIDATE, lastRpcTime:5004ms, electionTimeout:5004ms
2019-10-15 20:22:32,436 [Thread-220] INFO  impl.RoleInfo (RoleInfo.java:shutdownFollowerState(121)) - 78b16809-dde5-48ba-a05c-aae9496d7a2a: shutdown FollowerState
2019-10-15 20:22:32,436 [Thread-220] INFO  impl.RaftServerImpl (RaftServerImpl.java:setRole(170)) - 78b16809-dde5-48ba-a05c-aae9496d7a2a@group-CA60F9C26C67: changes role from  FOLLOWER to CANDIDATE at term 0 for changeToCandidate
2019-10-15 20:22:32,436 [Thread-220] INFO  impl.RoleInfo (RoleInfo.java:updateAndGet(143)) - 78b16809-dde5-48ba-a05c-aae9496d7a2a: start LeaderElection
2019-10-15 20:22:32,444 [grpc-default-executor-0] INFO  impl.RaftServerImpl (ServerState.java:setRaftConf(356)) - 0f7f73c0-3a6b-4f89-bec0-f9d5b9697739@group-040A8562CE8F: set configuration 0: [78b16809-dde5-48ba-a05c-aae9496d7a2a:192.168.157.221:34821, a039f237-790c-4f08-8b7b-02a31c66338b:192.168.157.221:36266, 0f7f73c0-3a6b-4f89-bec0-f9d5b9697739:192.168.157.221:46817], old=null at 0
2019-10-15 20:22:32,444 [grpc-default-executor-1] INFO  impl.RaftServerImpl (ServerState.java:setRaftConf(356)) - 78b16809-dde5-48ba-a05c-aae9496d7a2a@group-040A8562CE8F: set configuration 0: [78b16809-dde5-48ba-a05c-aae9496d7a2a:192.168.157.221:34821, a039f237-790c-4f08-8b7b-02a31c66338b:192.168.157.221:36266, 0f7f73c0-3a6b-4f89-bec0-f9d5b9697739:192.168.157.221:46817], old=null at 0
2019-10-15 20:22:32,444 [grpc-default-executor-0] INFO  segmented.SegmentedRaftLogWorker (SegmentedRaftLogWorker.java:startLogSegment(385)) - 0f7f73c0-3a6b-4f89-bec0-f9d5b9697739@group-040A8562CE8F-SegmentedRaftLogWorker: Starting segment from index:0
2019-10-15 20:22:32,444 [grpc-default-executor-1] INFO  segmented.SegmentedRaftLogWorker (SegmentedRaftLogWorker.java:startLogSegment(385)) - 78b16809-dde5-48ba-a05c-aae9496d7a2a@group-040A8562CE8F-SegmentedRaftLogWorker: Starting segment from index:0
2019-10-15 20:22:32,460 [78b16809-dde5-48ba-a05c-aae9496d7a2a@group-CA60F9C26C67-LeaderElection5] INFO  impl.LeaderElection (LeaderElection.java:askForVotes(178)) - 78b16809-dde5-48ba-a05c-aae9496d7a2a@group-CA60F9C26C67-LeaderElection5: begin an election at term 1 for -1: [78b16809-dde5-48ba-a05c-aae9496d7a2a:192.168.157.221:34821], old=null
2019-10-15 20:22:32,460 [78b16809-dde5-48ba-a05c-aae9496d7a2a@group-CA60F9C26C67-LeaderElection5] INFO  impl.RoleInfo (RoleInfo.java:shutdownLeaderElection(134)) - 78b16809-dde5-48ba-a05c-aae9496d7a2a: shutdown LeaderElection
2019-10-15 20:22:32,460 [78b16809-dde5-48ba-a05c-aae9496d7a2a@group-CA60F9C26C67-LeaderElection5] INFO  impl.RaftServerImpl (RaftServerImpl.java:setRole(170)) - 78b16809-dde5-48ba-a05c-aae9496d7a2a@group-CA60F9C26C67: changes role from CANDIDATE to LEADER at term 1 for changeToLeader
2019-10-15 20:22:32,460 [78b16809-dde5-48ba-a05c-aae9496d7a2a@group-CA60F9C26C67-LeaderElection5] INFO  ratis.XceiverServerRatis (XceiverServerRatis.java:handleLeaderChangedNotification(702)) - Leader change notification received for group: group-CA60F9C26C67 with new leaderId: 78b16809-dde5-48ba-a05c-aae9496d7a2a
2019-10-15 20:22:32,460 [78b16809-dde5-48ba-a05c-aae9496d7a2a@group-CA60F9C26C67-LeaderElection5] INFO  impl.RaftServerImpl (ServerState.java:setLeader(255)) - 78b16809-dde5-48ba-a05c-aae9496d7a2a@group-CA60F9C26C67: change Leader from null to 78b16809-dde5-48ba-a05c-aae9496d7a2a at term 1 for becomeLeader, leader elected after 5037ms
2019-10-15 20:22:32,461 [78b16809-dde5-48ba-a05c-aae9496d7a2a@group-CA60F9C26C67-LeaderElection5] INFO  server.RaftServerConfigKeys (ConfUtils.java:logGet(43)) - raft.server.staging.catchup.gap = 1000 (default)
2019-10-15 20:22:32,461 [78b16809-dde5-48ba-a05c-aae9496d7a2a@group-CA60F9C26C67-LeaderElection5] INFO  server.RaftServerConfigKeys (ConfUtils.java:logGet(43)) - raft.server.rpc.sleep.time = 25ms (default)
2019-10-15 20:22:32,461 [78b16809-dde5-48ba-a05c-aae9496d7a2a@group-CA60F9C26C67-LeaderElection5] INFO  server.RaftServerConfigKeys (ConfUtils.java:logGet(43)) - raft.server.write.element-limit = 4096 (default)
2019-10-15 20:22:32,462 [78b16809-dde5-48ba-a05c-aae9496d7a2a@group-CA60F9C26C67-LeaderElection5] INFO  server.RaftServerConfigKeys (ConfUtils.java:logGet(43)) - raft.server.watch.timeout = 10s (default)
2019-10-15 20:22:32,462 [78b16809-dde5-48ba-a05c-aae9496d7a2a@group-CA60F9C26C67-LeaderElection5] INFO  server.RaftServerConfigKeys (ConfUtils.java:logGet(43)) - raft.server.watch.timeout.denomination = 1s (default)
2019-10-15 20:22:32,462 [78b16809-dde5-48ba-a05c-aae9496d7a2a@group-CA60F9C26C67-LeaderElection5] INFO  server.RaftServerConfigKeys (ConfUtils.java:logGet(43)) - raft.server.watch.element-limit = 65536 (default)
2019-10-15 20:22:32,464 [78b16809-dde5-48ba-a05c-aae9496d7a2a@group-CA60F9C26C67-LeaderElection5] INFO  impl.RoleInfo (RoleInfo.java:updateAndGet(143)) - 78b16809-dde5-48ba-a05c-aae9496d7a2a: start LeaderState
2019-10-15 20:22:32,465 [78b16809-dde5-48ba-a05c-aae9496d7a2a@group-CA60F9C26C67-LeaderElection5] INFO  segmented.SegmentedRaftLogWorker (SegmentedRaftLogWorker.java:startLogSegment(385)) - 78b16809-dde5-48ba-a05c-aae9496d7a2a@group-CA60F9C26C67-SegmentedRaftLogWorker: Starting segment from index:0
2019-10-15 20:22:32,465 [78b16809-dde5-48ba-a05c-aae9496d7a2a@group-CA60F9C26C67-LeaderElection5] INFO  impl.RaftServerImpl (ServerState.java:setRaftConf(356)) - 78b16809-dde5-48ba-a05c-aae9496d7a2a@group-CA60F9C26C67: set configuration 0: [78b16809-dde5-48ba-a05c-aae9496d7a2a:192.168.157.221:34821], old=null at 0
2019-10-15 20:22:32,522 [0f7f73c0-3a6b-4f89-bec0-f9d5b9697739@group-040A8562CE8F-SegmentedRaftLogWorker] INFO  segmented.SegmentedRaftLogWorker (SegmentedRaftLogWorker.java:execute(576)) - 0f7f73c0-3a6b-4f89-bec0-f9d5b9697739@group-040A8562CE8F-SegmentedRaftLogWorker: created new log segment /workdir/hadoop-ozone/integration-test/target/test-dir/MiniOzoneClusterImpl-3772ebd4-26bc-4d7a-a4e6-f41925ce4177/datanode-2/data/ratis/8a8bc694-1ffd-47fc-8b6d-040a8562ce8f/current/log_inprogress_0
2019-10-15 20:22:32,523 [a039f237-790c-4f08-8b7b-02a31c66338b@group-040A8562CE8F-SegmentedRaftLogWorker] INFO  segmented.SegmentedRaftLogWorker (SegmentedRaftLogWorker.java:execute(576)) - a039f237-790c-4f08-8b7b-02a31c66338b@group-040A8562CE8F-SegmentedRaftLogWorker: created new log segment /workdir/hadoop-ozone/integration-test/target/test-dir/MiniOzoneClusterImpl-3772ebd4-26bc-4d7a-a4e6-f41925ce4177/datanode-0/data/ratis/8a8bc694-1ffd-47fc-8b6d-040a8562ce8f/current/log_inprogress_0
2019-10-15 20:22:32,545 [78b16809-dde5-48ba-a05c-aae9496d7a2a@group-CA60F9C26C67-SegmentedRaftLogWorker] INFO  segmented.SegmentedRaftLogWorker (SegmentedRaftLogWorker.java:execute(576)) - 78b16809-dde5-48ba-a05c-aae9496d7a2a@group-CA60F9C26C67-SegmentedRaftLogWorker: created new log segment /workdir/hadoop-ozone/integration-test/target/test-dir/MiniOzoneClusterImpl-3772ebd4-26bc-4d7a-a4e6-f41925ce4177/datanode-1/data/ratis/c9ef40fc-242c-462e-92ce-ca60f9c26c67/current/log_inprogress_0
2019-10-15 20:22:32,545 [a039f237-790c-4f08-8b7b-02a31c66338b@group-0D1FF87E2017-SegmentedRaftLogWorker] INFO  segmented.SegmentedRaftLogWorker (SegmentedRaftLogWorker.java:execute(576)) - a039f237-790c-4f08-8b7b-02a31c66338b@group-0D1FF87E2017-SegmentedRaftLogWorker: created new log segment /workdir/hadoop-ozone/integration-test/target/test-dir/MiniOzoneClusterImpl-3772ebd4-26bc-4d7a-a4e6-f41925ce4177/datanode-0/data/ratis/db6be94c-0eca-4403-860f-0d1ff87e2017/current/log_inprogress_0
2019-10-15 20:22:32,545 [78b16809-dde5-48ba-a05c-aae9496d7a2a@group-040A8562CE8F-SegmentedRaftLogWorker] INFO  segmented.SegmentedRaftLogWorker (SegmentedRaftLogWorker.java:execute(576)) - 78b16809-dde5-48ba-a05c-aae9496d7a2a@group-040A8562CE8F-SegmentedRaftLogWorker: created new log segment /workdir/hadoop-ozone/integration-test/target/test-dir/MiniOzoneClusterImpl-3772ebd4-26bc-4d7a-a4e6-f41925ce4177/datanode-1/data/ratis/8a8bc694-1ffd-47fc-8b6d-040a8562ce8f/current/log_inprogress_0
2019-10-15 20:22:32,545 [0f7f73c0-3a6b-4f89-bec0-f9d5b9697739@group-6538DD1BE24D-SegmentedRaftLogWorker] INFO  segmented.SegmentedRaftLogWorker (SegmentedRaftLogWorker.java:execute(576)) - 0f7f73c0-3a6b-4f89-bec0-f9d5b9697739@group-6538DD1BE24D-SegmentedRaftLogWorker: created new log segment /workdir/hadoop-ozone/integration-test/target/test-dir/MiniOzoneClusterImpl-3772ebd4-26bc-4d7a-a4e6-f41925ce4177/datanode-2/data/ratis/f8f2a955-2612-4c2a-a361-6538dd1be24d/current/log_inprogress_0
2019-10-15 20:22:33,063 [main] INFO  ozone.MiniOzoneClusterImpl (MiniOzoneClusterImpl.java:lambda$waitForClusterToBeReady$2(172)) - Cluster is ready. Got 3 of 3 DN Heartbeats.
2019-10-15 20:22:33,067 [main] INFO  pipeline.SCMPipelineManager (SCMPipelineManager.java:finalizeAndDestroyPipeline(315)) - destroying pipeline:Pipeline[ Id: f8f2a955-2612-4c2a-a361-6538dd1be24d, Nodes: 0f7f73c0-3a6b-4f89-bec0-f9d5b9697739{ip: 192.168.157.221, host: pr-hdds-1868-w6t9t-2578031758, networkLocation: /default-rack, certSerialId: null}, Type:RATIS, Factor:ONE, State:OPEN]
2019-10-15 20:22:33,067 [main] INFO  pipeline.PipelineStateManager (PipelineStateManager.java:finalizePipeline(123)) - Pipeline Pipeline[ Id: f8f2a955-2612-4c2a-a361-6538dd1be24d, Nodes: 0f7f73c0-3a6b-4f89-bec0-f9d5b9697739{ip: 192.168.157.221, host: pr-hdds-1868-w6t9t-2578031758, networkLocation: /default-rack, certSerialId: null}, Type:RATIS, Factor:ONE, State:CLOSED] moved to CLOSED state
2019-10-15 20:22:33,078 [grpc-default-executor-1] INFO  impl.RaftServerProxy (RaftServerProxy.java:remove(95)) - 0f7f73c0-3a6b-4f89-bec0-f9d5b9697739: remove    LEADER 0f7f73c0-3a6b-4f89-bec0-f9d5b9697739@group-6538DD1BE24D:t1, leader=0f7f73c0-3a6b-4f89-bec0-f9d5b9697739, voted=0f7f73c0-3a6b-4f89-bec0-f9d5b9697739, raftlog=0f7f73c0-3a6b-4f89-bec0-f9d5b9697739@group-6538DD1BE24D-SegmentedRaftLog:OPENED:c0,f0,i0, conf=0: [0f7f73c0-3a6b-4f89-bec0-f9d5b9697739:192.168.157.221:46817], old=null RUNNING
2019-10-15 20:22:33,078 [grpc-default-executor-1] INFO  impl.RaftServerImpl (RaftServerImpl.java:lambda$shutdown$3(247)) - 0f7f73c0-3a6b-4f89-bec0-f9d5b9697739@group-6538DD1BE24D: shutdown
2019-10-15 20:22:33,079 [grpc-default-executor-1] INFO  util.JmxRegister (JmxRegister.java:unregister(73)) - Successfully un-registered JMX Bean with object name Ratis:service=RaftServer,group=group-6538DD1BE24D,id=0f7f73c0-3a6b-4f89-bec0-f9d5b9697739
2019-10-15 20:22:33,079 [grpc-default-executor-1] INFO  impl.RoleInfo (RoleInfo.java:shutdownLeaderState(104)) - 0f7f73c0-3a6b-4f89-bec0-f9d5b9697739: shutdown LeaderState
2019-10-15 20:22:33,080 [grpc-default-executor-1] INFO  impl.PendingRequests (PendingRequests.java:sendNotLeaderResponses(202)) - 0f7f73c0-3a6b-4f89-bec0-f9d5b9697739@group-6538DD1BE24D-PendingRequests: sendNotLeaderResponses
2019-10-15 20:22:33,082 [grpc-default-executor-1] INFO  impl.StateMachineUpdater (StateMachineUpdater.java:stopAndJoin(136)) - 0f7f73c0-3a6b-4f89-bec0-f9d5b9697739@group-6538DD1BE24D-StateMachineUpdater: set stopIndex = 0
2019-10-15 20:22:33,083 [grpc-default-executor-1] INFO  impl.RaftServerImpl (ServerState.java:close(387)) - 0f7f73c0-3a6b-4f89-bec0-f9d5b9697739@group-6538DD1BE24D: closes. applyIndex: 0
2019-10-15 20:22:33,084 [0f7f73c0-3a6b-4f89-bec0-f9d5b9697739@group-6538DD1BE24D-SegmentedRaftLogWorker] INFO  segmented.SegmentedRaftLogWorker (SegmentedRaftLogWorker.java:run(316)) - 0f7f73c0-3a6b-4f89-bec0-f9d5b9697739@group-6538DD1BE24D-SegmentedRaftLogWorker was interrupted, exiting. There are 0 tasks remaining in the queue.
2019-10-15 20:22:33,086 [grpc-default-executor-1] INFO  segmented.SegmentedRaftLogWorker (SegmentedRaftLogWorker.java:close(224)) - 0f7f73c0-3a6b-4f89-bec0-f9d5b9697739@group-6538DD1BE24D-SegmentedRaftLogWorker close()
2019-10-15 20:22:33,093 [main] INFO  pipeline.PipelineStateManager (PipelineStateManager.java:removePipeline(108)) - Pipeline Pipeline[ Id: f8f2a955-2612-4c2a-a361-6538dd1be24d, Nodes: 0f7f73c0-3a6b-4f89-bec0-f9d5b9697739{ip: 192.168.157.221, host: pr-hdds-1868-w6t9t-2578031758, networkLocation: /default-rack, certSerialId: null}, Type:RATIS, Factor:ONE, State:CLOSED] removed from db
2019-10-15 20:22:33,104 [grpc-default-executor-1] INFO  impl.RaftServerProxy (RaftServerProxy.java:addNew(89)) - 0f7f73c0-3a6b-4f89-bec0-f9d5b9697739: addNew group-95E111BE9D76:[0f7f73c0-3a6b-4f89-bec0-f9d5b9697739:192.168.157.221:46817] returns group-95E111BE9D76:java.util.concurrent.CompletableFuture@2ff3c86f[Not completed]
2019-10-15 20:22:33,106 [pool-47-thread-1] INFO  impl.RaftServerImpl (RaftServerImpl.java:<init>(95)) - 0f7f73c0-3a6b-4f89-bec0-f9d5b9697739: new RaftServerImpl for group-95E111BE9D76:[0f7f73c0-3a6b-4f89-bec0-f9d5b9697739:192.168.157.221:46817] with ContainerStateMachine:uninitialized
2019-10-15 20:22:33,107 [pool-47-thread-1] INFO  server.RaftServerConfigKeys (ConfUtils.java:logGet(43)) - raft.server.rpc.timeout.min = 5s (custom)
2019-10-15 20:22:33,107 [pool-47-thread-1] INFO  server.RaftServerConfigKeys (ConfUtils.java:logGet(43)) - raft.server.rpc.timeout.max = 5200ms (custom)
2019-10-15 20:22:33,107 [pool-47-thread-1] INFO  server.RaftServerConfigKeys (ConfUtils.java:logGet(43)) - raft.server.rpcslowness.timeout = 120s (custom)
2019-10-15 20:22:33,107 [pool-47-thread-1] INFO  server.RaftServerConfigKeys (ConfUtils.java:logGet(43)) - raft.server.sleep.deviation.threshold = 300 (default)
2019-10-15 20:22:33,108 [pool-47-thread-1] INFO  server.RaftServerConfigKeys (ConfUtils.java:logGet(43)) - raft.server.log.appender.install.snapshot.enabled = false (custom)
2019-10-15 20:22:33,108 [pool-47-thread-1] INFO  impl.RaftServerImpl (ServerState.java:<init>(103)) - 0f7f73c0-3a6b-4f89-bec0-f9d5b9697739@group-95E111BE9D76: ConfigurationManager, init=-1: [0f7f73c0-3a6b-4f89-bec0-f9d5b9697739:192.168.157.221:46817], old=null, confs=<EMPTY_MAP>
2019-10-15 20:22:33,108 [pool-47-thread-1] INFO  server.RaftServerConfigKeys (ConfUtils.java:logGet(43)) - raft.server.storage.dir = [/workdir/hadoop-ozone/integration-test/target/test-dir/MiniOzoneClusterImpl-3772ebd4-26bc-4d7a-a4e6-f41925ce4177/datanode-2/data/ratis] (custom)
2019-10-15 20:22:33,108 [pool-47-thread-1] INFO  server.RaftServerConfigKeys (ConfUtils.java:logGet(43)) - raft.server.log.corruption.policy = EXCEPTION (default)
2019-10-15 20:22:33,109 [pool-47-thread-1] INFO  storage.RaftStorageDirectory (RaftStorageDirectory.java:analyzeStorage(246)) - The storage directory /workdir/hadoop-ozone/integration-test/target/test-dir/MiniOzoneClusterImpl-3772ebd4-26bc-4d7a-a4e6-f41925ce4177/datanode-2/data/ratis/ab2ae58d-6b90-4936-9a03-95e111be9d76 does not exist. Creating ...
2019-10-15 20:22:33,130 [pool-47-thread-1] INFO  storage.RaftStorageDirectory (RaftStorageDirectory.java:tryLock(328)) - Lock on /workdir/hadoop-ozone/integration-test/target/test-dir/MiniOzoneClusterImpl-3772ebd4-26bc-4d7a-a4e6-f41925ce4177/datanode-2/data/ratis/ab2ae58d-6b90-4936-9a03-95e111be9d76/in_use.lock acquired by nodename 23267@pr-hdds-1868-w6t9t-2578031758
2019-10-15 20:22:33,144 [pool-47-thread-1] INFO  storage.RaftStorage (RaftStorage.java:format(84)) - Storage directory /workdir/hadoop-ozone/integration-test/target/test-dir/MiniOzoneClusterImpl-3772ebd4-26bc-4d7a-a4e6-f41925ce4177/datanode-2/data/ratis/ab2ae58d-6b90-4936-9a03-95e111be9d76 has been successfully formatted.
2019-10-15 20:22:33,144 [pool-47-thread-1] INFO  ratis.ContainerStateMachine (ContainerStateMachine.java:loadSnapshot(233)) - group-95E111BE9D76: The snapshot info is null. Setting the last applied indexto:(t:0, i:~)
2019-10-15 20:22:33,144 [pool-47-thread-1] INFO  server.RaftServerConfigKeys (ConfUtils.java:logGet(43)) - raft.server.notification.no-leader.timeout = 120s (custom)
2019-10-15 20:22:33,145 [pool-47-thread-1] INFO  server.RaftServerConfigKeys (ConfUtils.java:logGet(43)) - raft.server.log.use.memory = false (default)
2019-10-15 20:22:33,145 [pool-47-thread-1] INFO  server.RaftServerConfigKeys (ConfUtils.java:logGet(43)) - raft.server.log.purge.gap = 1000000 (custom)
2019-10-15 20:22:33,145 [pool-47-thread-1] INFO  server.RaftServerConfigKeys (ConfUtils.java:logGet(43)) - raft.server.log.appender.buffer.byte-limit = 33554432 (custom)
2019-10-15 20:22:33,145 [pool-47-thread-1] INFO  server.RaftServerConfigKeys (ConfUtils.java:logGet(43)) - raft.server.log.segment.size.max = 1048576 (custom)
2019-10-15 20:22:33,145 [pool-47-thread-1] INFO  server.RaftServerConfigKeys (ConfUtils.java:logGet(43)) - raft.server.log.segment.cache.num.max = 2 (custom)
2019-10-15 20:22:33,145 [pool-47-thread-1] INFO  segmented.SegmentedRaftLogWorker (SegmentedRaftLogWorker.java:<init>(173)) - new 0f7f73c0-3a6b-4f89-bec0-f9d5b9697739@group-95E111BE9D76-SegmentedRaftLogWorker for RaftStorage:Storage Directory /workdir/hadoop-ozone/integration-test/target/test-dir/MiniOzoneClusterImpl-3772ebd4-26bc-4d7a-a4e6-f41925ce4177/datanode-2/data/ratis/ab2ae58d-6b90-4936-9a03-95e111be9d76
2019-10-15 20:22:33,145 [pool-47-thread-1] INFO  server.RaftServerConfigKeys (ConfUtils.java:logGet(43)) - raft.server.log.queue.byte-limit = 2147483647 (custom)
2019-10-15 20:22:33,145 [pool-47-thread-1] INFO  server.RaftServerConfigKeys (ConfUtils.java:logGet(43)) - raft.server.log.queue.element-limit = 1024 (custom)
2019-10-15 20:22:33,146 [pool-47-thread-1] INFO  server.RaftServerConfigKeys (ConfUtils.java:logGet(43)) - raft.server.log.segment.size.max = 1048576 (custom)
2019-10-15 20:22:33,146 [pool-47-thread-1] INFO  server.RaftServerConfigKeys (ConfUtils.java:logGet(43)) - raft.server.log.preallocated.size = 16384 (custom)
2019-10-15 20:22:33,146 [pool-47-thread-1] INFO  server.RaftServerConfigKeys (ConfUtils.java:logGet(43)) - raft.server.log.write.buffer.size = 33554432 (custom)
2019-10-15 20:22:33,146 [pool-47-thread-1] INFO  server.RaftServerConfigKeys (ConfUtils.java:logGet(43)) - raft.server.log.force.sync.num = 128 (default)
2019-10-15 20:22:33,146 [pool-47-thread-1] INFO  server.RaftServerConfigKeys (ConfUtils.java:logGet(43)) - raft.server.log.statemachine.data.sync = true (default)
2019-10-15 20:22:33,146 [pool-47-thread-1] INFO  server.RaftServerConfigKeys (ConfUtils.java:logGet(43)) - raft.server.log.statemachine.data.sync.timeout = 10s (default)
2019-10-15 20:22:33,146 [pool-47-thread-1] INFO  server.RaftServerConfigKeys (ConfUtils.java:logGet(43)) - raft.server.log.statemachine.data.sync.timeout.retry = -1 (default)
2019-10-15 20:22:33,147 [pool-47-thread-1] INFO  server.RaftServerConfigKeys (ConfUtils.java:logGet(43)) - raft.server.log.statemachine.data.caching.enabled = true (custom)
2019-10-15 20:22:33,147 [pool-47-thread-1] INFO  segmented.SegmentedRaftLogWorker (SegmentedRaftLogWorker.java:lambda$new$0(128)) - 0f7f73c0-3a6b-4f89-bec0-f9d5b9697739@group-95E111BE9D76-SegmentedRaftLogWorker: flushIndex: setUnconditionally 0 -> -1
2019-10-15 20:22:33,147 [pool-47-thread-1] INFO  server.RaftServerConfigKeys (ConfUtils.java:logGet(43)) - raft.server.snapshot.auto.trigger.enabled = true (custom)
2019-10-15 20:22:33,147 [pool-47-thread-1] INFO  server.RaftServerConfigKeys (ConfUtils.java:logGet(43)) - raft.server.snapshot.auto.trigger.threshold = 10000 (custom)
2019-10-15 20:22:33,147 [pool-47-thread-1] INFO  server.RaftServerConfigKeys (ConfUtils.java:logGet(43)) - raft.server.snapshot.retention.file.num = 5 (custom)
2019-10-15 20:22:33,148 [pool-47-thread-1] INFO  server.RaftServerConfigKeys (ConfUtils.java:logGet(43)) - raft.server.retrycache.expirytime = 600000ms (custom)
2019-10-15 20:22:33,151 [pool-47-thread-1] INFO  impl.RaftServerImpl (RaftServerImpl.java:start(181)) - 0f7f73c0-3a6b-4f89-bec0-f9d5b9697739@group-95E111BE9D76: start as a follower, conf=-1: [0f7f73c0-3a6b-4f89-bec0-f9d5b9697739:192.168.157.221:46817], old=null
2019-10-15 20:22:33,151 [pool-47-thread-1] INFO  impl.RaftServerImpl (RaftServerImpl.java:setRole(170)) - 0f7f73c0-3a6b-4f89-bec0-f9d5b9697739@group-95E111BE9D76: changes role from      null to FOLLOWER at term 0 for startAsFollower
2019-10-15 20:22:33,151 [pool-47-thread-1] INFO  impl.RoleInfo (RoleInfo.java:updateAndGet(143)) - 0f7f73c0-3a6b-4f89-bec0-f9d5b9697739: start FollowerState
2019-10-15 20:22:33,152 [pool-47-thread-1] INFO  util.JmxRegister (JmxRegister.java:tryRegister(44)) - Successfully registered JMX Bean with object name Ratis:service=RaftServer,group=group-95E111BE9D76,id=0f7f73c0-3a6b-4f89-bec0-f9d5b9697739
2019-10-15 20:22:33,159 [RatisPipelineUtilsThread] INFO  pipeline.PipelineStateManager (PipelineStateManager.java:addPipeline(57)) - Created pipeline Pipeline[ Id: ab2ae58d-6b90-4936-9a03-95e111be9d76, Nodes: 0f7f73c0-3a6b-4f89-bec0-f9d5b9697739{ip: 192.168.157.221, host: pr-hdds-1868-w6t9t-2578031758, networkLocation: /default-rack, certSerialId: null}, Type:RATIS, Factor:ONE, State:ALLOCATED]
2019-10-15 20:22:33,244 [main] INFO  ozone.MiniOzoneClusterImpl (MiniOzoneClusterImpl.java:shutdown(352)) - Shutting down the Mini Ozone Cluster
2019-10-15 20:22:33,244 [main] INFO  ozone.MiniOzoneClusterImpl (MiniOzoneClusterImpl.java:stop(368)) - Stopping the Mini Ozone Cluster
2019-10-15 20:22:33,245 [main] INFO  ozone.MiniOzoneClusterImpl (MiniOzoneClusterImpl.java:stopOM(438)) - Stopping the OzoneManager
2019-10-15 20:22:33,245 [main] INFO  ipc.Server (Server.java:stop(3082)) - Stopping server on 42443
2019-10-15 20:22:33,255 [main] INFO  ratis.OzoneManagerDoubleBuffer (OzoneManagerDoubleBuffer.java:stop(250)) - Stopping OMDoubleBuffer flush thread
2019-10-15 20:22:33,256 [IPC Server listener on 42443] INFO  ipc.Server (Server.java:run(1185)) - Stopping IPC Server listener on 42443
2019-10-15 20:22:33,258 [IPC Server Responder] INFO  ipc.Server (Server.java:run(1319)) - Stopping IPC Server Responder
2019-10-15 20:22:33,261 [OMDoubleBufferFlushThread] INFO  ratis.OzoneManagerDoubleBuffer (OzoneManagerDoubleBuffer.java:flushTransactions(193)) - OMDoubleBuffer flush thread OMDoubleBufferFlushThread is interrupted and will exit. OMDoubleBufferFlushThread
2019-10-15 20:22:33,263 [main] INFO  utils.BackgroundService (BackgroundService.java:shutdown(151)) - Shutting down service KeyDeletingService
2019-10-15 20:22:33,267 [main] INFO  handler.ContextHandler (ContextHandler.java:doStop(910)) - Stopped o.e.j.w.WebAppContext@38548b19{/,null,UNAVAILABLE}{/ozoneManager}
2019-10-15 20:22:33,273 [main] INFO  server.AbstractConnector (AbstractConnector.java:doStop(318)) - Stopped ServerConnector@41aaedaa{HTTP/1.1,[http/1.1]}{0.0.0.0:0}
2019-10-15 20:22:33,274 [main] INFO  handler.ContextHandler (ContextHandler.java:doStop(910)) - Stopped o.e.j.s.ServletContextHandler@12a160c2{/static,file:///workdir/hadoop-ozone/integration-test/target/test-classes/webapps/static,UNAVAILABLE}
2019-10-15 20:22:33,274 [main] INFO  handler.ContextHandler (ContextHandler.java:doStop(910)) - Stopped o.e.j.s.ServletContextHandler@304a3655{/logs,file:///workdir/hadoop-ozone/integration-test/target/log,UNAVAILABLE}
2019-10-15 20:22:33,279 [main] INFO  ozone.MiniOzoneClusterImpl (MiniOzoneClusterImpl.java:stopDatanodes(415)) - Stopping the HddsDatanodes
2019-10-15 20:22:33,375 [Datanode State Machine Thread - 0] INFO  statemachine.DatanodeStateMachine (DatanodeStateMachine.java:lambda$startDaemon$0(350)) - Ozone container server started.
2019-10-15 20:22:33,461 [Datanode State Machine Thread - 0] INFO  statemachine.DatanodeStateMachine (DatanodeStateMachine.java:lambda$startDaemon$0(350)) - Ozone container server started.
2019-10-15 20:22:38,230 [Thread-247] INFO  impl.FollowerState (FollowerState.java:run(108)) - 0f7f73c0-3a6b-4f89-bec0-f9d5b9697739@group-95E111BE9D76-FollowerState: change to CANDIDATE, lastRpcTime:5078ms, electionTimeout:5078ms
2019-10-15 20:22:38,231 [Thread-247] INFO  impl.RoleInfo (RoleInfo.java:shutdownFollowerState(121)) - 0f7f73c0-3a6b-4f89-bec0-f9d5b9697739: shutdown FollowerState
2019-10-15 20:22:38,231 [Thread-247] INFO  impl.RaftServerImpl (RaftServerImpl.java:setRole(170)) - 0f7f73c0-3a6b-4f89-bec0-f9d5b9697739@group-95E111BE9D76: changes role from  FOLLOWER to CANDIDATE at term 0 for changeToCandidate
2019-10-15 20:22:38,231 [Thread-247] INFO  impl.RoleInfo (RoleInfo.java:updateAndGet(143)) - 0f7f73c0-3a6b-4f89-bec0-f9d5b9697739: start LeaderElection
2019-10-15 20:22:38,262 [0f7f73c0-3a6b-4f89-bec0-f9d5b9697739@group-95E111BE9D76-LeaderElection6] INFO  impl.LeaderElection (LeaderElection.java:askForVotes(178)) - 0f7f73c0-3a6b-4f89-bec0-f9d5b9697739@group-95E111BE9D76-LeaderElection6: begin an election at term 1 for -1: [0f7f73c0-3a6b-4f89-bec0-f9d5b9697739:192.168.157.221:46817], old=null
2019-10-15 20:22:38,263 [0f7f73c0-3a6b-4f89-bec0-f9d5b9697739@group-95E111BE9D76-LeaderElection6] INFO  impl.RoleInfo (RoleInfo.java:shutdownLeaderElection(134)) - 0f7f73c0-3a6b-4f89-bec0-f9d5b9697739: shutdown LeaderElection
2019-10-15 20:22:38,263 [0f7f73c0-3a6b-4f89-bec0-f9d5b9697739@group-95E111BE9D76-LeaderElection6] INFO  impl.RaftServerImpl (RaftServerImpl.java:setRole(170)) - 0f7f73c0-3a6b-4f89-bec0-f9d5b9697739@group-95E111BE9D76: changes role from CANDIDATE to LEADER at term 1 for changeToLeader
2019-10-15 20:22:38,263 [0f7f73c0-3a6b-4f89-bec0-f9d5b9697739@group-95E111BE9D76-LeaderElection6] INFO  ratis.XceiverServerRatis (XceiverServerRatis.java:handleLeaderChangedNotification(702)) - Leader change notification received for group: group-95E111BE9D76 with new leaderId: 0f7f73c0-3a6b-4f89-bec0-f9d5b9697739
2019-10-15 20:22:38,263 [0f7f73c0-3a6b-4f89-bec0-f9d5b9697739@group-95E111BE9D76-LeaderElection6] INFO  impl.RaftServerImpl (ServerState.java:setLeader(255)) - 0f7f73c0-3a6b-4f89-bec0-f9d5b9697739@group-95E111BE9D76: change Leader from null to 0f7f73c0-3a6b-4f89-bec0-f9d5b9697739 at term 1 for becomeLeader, leader elected after 5118ms
2019-10-15 20:22:38,264 [0f7f73c0-3a6b-4f89-bec0-f9d5b9697739@group-95E111BE9D76-LeaderElection6] INFO  server.RaftServerConfigKeys (ConfUtils.java:logGet(43)) - raft.server.staging.catchup.gap = 1000 (default)
2019-10-15 20:22:38,264 [0f7f73c0-3a6b-4f89-bec0-f9d5b9697739@group-95E111BE9D76-LeaderElection6] INFO  server.RaftServerConfigKeys (ConfUtils.java:logGet(43)) - raft.server.rpc.sleep.time = 25ms (default)
2019-10-15 20:22:38,264 [0f7f73c0-3a6b-4f89-bec0-f9d5b9697739@group-95E111BE9D76-LeaderElection6] INFO  server.RaftServerConfigKeys (ConfUtils.java:logGet(43)) - raft.server.write.element-limit = 4096 (default)
2019-10-15 20:22:38,264 [0f7f73c0-3a6b-4f89-bec0-f9d5b9697739@group-95E111BE9D76-LeaderElection6] INFO  server.RaftServerConfigKeys (ConfUtils.java:logGet(43)) - raft.server.watch.timeout = 10s (default)
2019-10-15 20:22:38,265 [0f7f73c0-3a6b-4f89-bec0-f9d5b9697739@group-95E111BE9D76-LeaderElection6] INFO  server.RaftServerConfigKeys (ConfUtils.java:logGet(43)) - raft.server.watch.timeout.denomination = 1s (default)
2019-10-15 20:22:38,265 [0f7f73c0-3a6b-4f89-bec0-f9d5b9697739@group-95E111BE9D76-LeaderElection6] INFO  server.RaftServerConfigKeys (ConfUtils.java:logGet(43)) - raft.server.watch.element-limit = 65536 (default)
2019-10-15 20:22:38,266 [EventQueue-PipelineReportForPipelineReportHandler] INFO  pipeline.PipelineReportHandler (PipelineReportHandler.java:processPipelineReport(119)) - Pipeline PipelineID=ab2ae58d-6b90-4936-9a03-95e111be9d76 reported by 0f7f73c0-3a6b-4f89-bec0-f9d5b9697739{ip: 192.168.157.221, host: pr-hdds-1868-w6t9t-2578031758, networkLocation: /default-rack, certSerialId: null} with leaderId 0f7f73c0-3a6b-4f89-bec0-f9d5b9697739
2019-10-15 20:22:38,267 [EventQueue-PipelineReportForPipelineReportHandler] INFO  pipeline.PipelineStateManager (PipelineStateManager.java:openPipeline(136)) - Pipeline Pipeline[ Id: ab2ae58d-6b90-4936-9a03-95e111be9d76, Nodes: 0f7f73c0-3a6b-4f89-bec0-f9d5b9697739{ip: 192.168.157.221, host: pr-hdds-1868-w6t9t-2578031758, networkLocation: /default-rack, certSerialId: null}, Type:RATIS, Factor:ONE, State:OPEN] moved to OPEN state
2019-10-15 20:22:38,270 [0f7f73c0-3a6b-4f89-bec0-f9d5b9697739@group-95E111BE9D76-LeaderElection6] INFO  impl.RoleInfo (RoleInfo.java:updateAndGet(143)) - 0f7f73c0-3a6b-4f89-bec0-f9d5b9697739: start LeaderState
2019-10-15 20:22:38,270 [0f7f73c0-3a6b-4f89-bec0-f9d5b9697739@group-95E111BE9D76-LeaderElection6] INFO  segmented.SegmentedRaftLogWorker (SegmentedRaftLogWorker.java:startLogSegment(385)) - 0f7f73c0-3a6b-4f89-bec0-f9d5b9697739@group-95E111BE9D76-SegmentedRaftLogWorker: Starting segment from index:0
2019-10-15 20:22:38,272 [0f7f73c0-3a6b-4f89-bec0-f9d5b9697739@group-95E111BE9D76-LeaderElection6] INFO  impl.RaftServerImpl (ServerState.java:setRaftConf(356)) - 0f7f73c0-3a6b-4f89-bec0-f9d5b9697739@group-95E111BE9D76: set configuration 0: [0f7f73c0-3a6b-4f89-bec0-f9d5b9697739:192.168.157.221:46817], old=null at 0
2019-10-15 20:22:38,309 [main] INFO  ozoneimpl.OzoneContainer (OzoneContainer.java:stop(227)) - Attempting to stop container services.
2019-10-15 20:22:38,309 [ForkJoinPool.commonPool-worker-0] INFO  ozoneimpl.OzoneContainer (OzoneContainer.java:stop(227)) - Attempting to stop container services.
2019-10-15 20:22:38,310 [main] INFO  impl.RaftServerProxy (RaftServerProxy.java:lambda$close$4(314)) - 78b16809-dde5-48ba-a05c-aae9496d7a2a: close
2019-10-15 20:22:38,311 [ForkJoinPool.commonPool-worker-0] INFO  impl.RaftServerProxy (RaftServerProxy.java:lambda$close$4(314)) - a039f237-790c-4f08-8b7b-02a31c66338b: close
2019-10-15 20:22:38,312 [main] INFO  impl.RaftServerImpl (RaftServerImpl.java:lambda$shutdown$3(247)) - 78b16809-dde5-48ba-a05c-aae9496d7a2a@group-040A8562CE8F: shutdown
2019-10-15 20:22:38,312 [ForkJoinPool.commonPool-worker-0] INFO  impl.RaftServerImpl (RaftServerImpl.java:lambda$shutdown$3(247)) - a039f237-790c-4f08-8b7b-02a31c66338b@group-040A8562CE8F: shutdown
2019-10-15 20:22:38,313 [main] INFO  util.JmxRegister (JmxRegister.java:unregister(73)) - Successfully un-registered JMX Bean with object name Ratis:service=RaftServer,group=group-040A8562CE8F,id=78b16809-dde5-48ba-a05c-aae9496d7a2a
2019-10-15 20:22:38,313 [ForkJoinPool.commonPool-worker-0] INFO  util.JmxRegister (JmxRegister.java:unregister(73)) - Successfully un-registered JMX Bean with object name Ratis:service=RaftServer,group=group-040A8562CE8F,id=a039f237-790c-4f08-8b7b-02a31c66338b
2019-10-15 20:22:38,313 [main] INFO  impl.RoleInfo (RoleInfo.java:shutdownFollowerState(121)) - 78b16809-dde5-48ba-a05c-aae9496d7a2a: shutdown FollowerState
2019-10-15 20:22:38,314 [ForkJoinPool.commonPool-worker-0] INFO  impl.RoleInfo (RoleInfo.java:shutdownLeaderState(104)) - a039f237-790c-4f08-8b7b-02a31c66338b: shutdown LeaderState
2019-10-15 20:22:38,315 [Thread-233] INFO  impl.FollowerState (FollowerState.java:run(117)) - 78b16809-dde5-48ba-a05c-aae9496d7a2a@group-040A8562CE8F-FollowerState was interrupted: java.lang.InterruptedException: sleep interrupted
2019-10-15 20:22:38,317 [org.apache.ratis.server.impl.LogAppender$AppenderDaemon$$Lambda$420/312440835@5f6387e] WARN  server.GrpcLogAppender (GrpcLogAppender.java:mayWait(143)) - a039f237-790c-4f08-8b7b-02a31c66338b@group-040A8562CE8F->78b16809-dde5-48ba-a05c-aae9496d7a2a-GrpcLogAppender: Wait interrupted by java.lang.InterruptedException
2019-10-15 20:22:38,314 [main] INFO  impl.StateMachineUpdater (StateMachineUpdater.java:stopAndJoin(136)) - 78b16809-dde5-48ba-a05c-aae9496d7a2a@group-040A8562CE8F-StateMachineUpdater: set stopIndex = 0
2019-10-15 20:22:38,320 [main] INFO  impl.RaftServerImpl (ServerState.java:close(387)) - 78b16809-dde5-48ba-a05c-aae9496d7a2a@group-040A8562CE8F: closes. applyIndex: 0
2019-10-15 20:22:38,317 [org.apache.ratis.server.impl.LogAppender$AppenderDaemon$$Lambda$420/312440835@4fdd2e34] WARN  server.GrpcLogAppender (GrpcLogAppender.java:mayWait(143)) - a039f237-790c-4f08-8b7b-02a31c66338b@group-040A8562CE8F->0f7f73c0-3a6b-4f89-bec0-f9d5b9697739-GrpcLogAppender: Wait interrupted by java.lang.InterruptedException
2019-10-15 20:22:38,317 [ForkJoinPool.commonPool-worker-0] INFO  impl.PendingRequests (PendingRequests.java:sendNotLeaderResponses(202)) - a039f237-790c-4f08-8b7b-02a31c66338b@group-040A8562CE8F-PendingRequests: sendNotLeaderResponses
2019-10-15 20:22:38,325 [78b16809-dde5-48ba-a05c-aae9496d7a2a@group-040A8562CE8F-SegmentedRaftLogWorker] INFO  segmented.SegmentedRaftLogWorker (SegmentedRaftLogWorker.java:run(316)) - 78b16809-dde5-48ba-a05c-aae9496d7a2a@group-040A8562CE8F-SegmentedRaftLogWorker was interrupted, exiting. There are 0 tasks remaining in the queue.
2019-10-15 20:22:38,326 [ForkJoinPool.commonPool-worker-0] INFO  impl.StateMachineUpdater (StateMachineUpdater.java:stopAndJoin(136)) - a039f237-790c-4f08-8b7b-02a31c66338b@group-040A8562CE8F-StateMachineUpdater: set stopIndex = 0
2019-10-15 20:22:38,327 [main] INFO  segmented.SegmentedRaftLogWorker (SegmentedRaftLogWorker.java:close(224)) - 78b16809-dde5-48ba-a05c-aae9496d7a2a@group-040A8562CE8F-SegmentedRaftLogWorker close()
2019-10-15 20:22:38,328 [ForkJoinPool.commonPool-worker-0] INFO  impl.RaftServerImpl (ServerState.java:close(387)) - a039f237-790c-4f08-8b7b-02a31c66338b@group-040A8562CE8F: closes. applyIndex: 0
2019-10-15 20:22:38,330 [main] INFO  impl.RaftServerImpl (RaftServerImpl.java:lambda$shutdown$3(247)) - 78b16809-dde5-48ba-a05c-aae9496d7a2a@group-CA60F9C26C67: shutdown
2019-10-15 20:22:38,330 [a039f237-790c-4f08-8b7b-02a31c66338b@group-040A8562CE8F-SegmentedRaftLogWorker] INFO  segmented.SegmentedRaftLogWorker (SegmentedRaftLogWorker.java:run(316)) - a039f237-790c-4f08-8b7b-02a31c66338b@group-040A8562CE8F-SegmentedRaftLogWorker was interrupted, exiting. There are 0 tasks remaining in the queue.
2019-10-15 20:22:38,330 [grpc-default-executor-0] INFO  server.GrpcServerProtocolService (GrpcServerProtocolService.java:onCompleted(113)) - 78b16809-dde5-48ba-a05c-aae9496d7a2a: Completed APPEND_ENTRIES, lastRequest: a039f237-790c-4f08-8b7b-02a31c66338b->78b16809-dde5-48ba-a05c-aae9496d7a2a#3-t1, previous=(t:1, i:0), leaderCommit=0, initializing? false, entries: <empty>
2019-10-15 20:22:38,330 [grpc-default-executor-1] INFO  server.GrpcServerProtocolService (GrpcServerProtocolService.java:onCompleted(113)) - 0f7f73c0-3a6b-4f89-bec0-f9d5b9697739: Completed APPEND_ENTRIES, lastRequest: a039f237-790c-4f08-8b7b-02a31c66338b->0f7f73c0-3a6b-4f89-bec0-f9d5b9697739#3-t1, previous=(t:1, i:0), leaderCommit=0, initializing? false, entries: <empty>
2019-10-15 20:22:38,330 [main] INFO  util.JmxRegister (JmxRegister.java:unregister(73)) - Successfully un-registered JMX Bean with object name Ratis:service=RaftServer,group=group-CA60F9C26C67,id=78b16809-dde5-48ba-a05c-aae9496d7a2a
2019-10-15 20:22:38,332 [main] INFO  impl.RoleInfo (RoleInfo.java:shutdownLeaderState(104)) - 78b16809-dde5-48ba-a05c-aae9496d7a2a: shutdown LeaderState
2019-10-15 20:22:38,332 [0f7f73c0-3a6b-4f89-bec0-f9d5b9697739@group-95E111BE9D76-SegmentedRaftLogWorker] INFO  segmented.SegmentedRaftLogWorker (SegmentedRaftLogWorker.java:execute(576)) - 0f7f73c0-3a6b-4f89-bec0-f9d5b9697739@group-95E111BE9D76-SegmentedRaftLogWorker: created new log segment /workdir/hadoop-ozone/integration-test/target/test-dir/MiniOzoneClusterImpl-3772ebd4-26bc-4d7a-a4e6-f41925ce4177/datanode-2/data/ratis/ab2ae58d-6b90-4936-9a03-95e111be9d76/current/log_inprogress_0
2019-10-15 20:22:38,332 [ForkJoinPool.commonPool-worker-0] INFO  segmented.SegmentedRaftLogWorker (SegmentedRaftLogWorker.java:close(224)) - a039f237-790c-4f08-8b7b-02a31c66338b@group-040A8562CE8F-SegmentedRaftLogWorker close()
2019-10-15 20:22:38,333 [main] INFO  impl.PendingRequests (PendingRequests.java:sendNotLeaderResponses(202)) - 78b16809-dde5-48ba-a05c-aae9496d7a2a@group-CA60F9C26C67-PendingRequests: sendNotLeaderResponses
2019-10-15 20:22:38,336 [grpc-default-executor-1] INFO  server.GrpcLogAppender (GrpcLogAppender.java:onCompleted(293)) - a039f237-790c-4f08-8b7b-02a31c66338b@group-040A8562CE8F->0f7f73c0-3a6b-4f89-bec0-f9d5b9697739-AppendLogResponseHandler: follower responses appendEntries COMPLETED
2019-10-15 20:22:38,336 [main] INFO  impl.StateMachineUpdater (StateMachineUpdater.java:stopAndJoin(136)) - 78b16809-dde5-48ba-a05c-aae9496d7a2a@group-CA60F9C26C67-StateMachineUpdater: set stopIndex = 0
2019-10-15 20:22:38,335 [ForkJoinPool.commonPool-worker-0] INFO  impl.RaftServerImpl (RaftServerImpl.java:lambda$shutdown$3(247)) - a039f237-790c-4f08-8b7b-02a31c66338b@group-0D1FF87E2017: shutdown
2019-10-15 20:22:38,338 [main] INFO  impl.RaftServerImpl (ServerState.java:close(387)) - 78b16809-dde5-48ba-a05c-aae9496d7a2a@group-CA60F9C26C67: closes. applyIndex: 0
2019-10-15 20:22:38,336 [grpc-default-executor-0] INFO  server.GrpcLogAppender (GrpcLogAppender.java:onCompleted(293)) - a039f237-790c-4f08-8b7b-02a31c66338b@group-040A8562CE8F->78b16809-dde5-48ba-a05c-aae9496d7a2a-AppendLogResponseHandler: follower responses appendEntries COMPLETED
2019-10-15 20:22:38,338 [78b16809-dde5-48ba-a05c-aae9496d7a2a@group-CA60F9C26C67-SegmentedRaftLogWorker] INFO  segmented.SegmentedRaftLogWorker (SegmentedRaftLogWorker.java:run(316)) - 78b16809-dde5-48ba-a05c-aae9496d7a2a@group-CA60F9C26C67-SegmentedRaftLogWorker was interrupted, exiting. There are 0 tasks remaining in the queue.
2019-10-15 20:22:38,338 [ForkJoinPool.commonPool-worker-0] INFO  util.JmxRegister (JmxRegister.java:unregister(73)) - Successfully un-registered JMX Bean with object name Ratis:service=RaftServer,group=group-0D1FF87E2017,id=a039f237-790c-4f08-8b7b-02a31c66338b
2019-10-15 20:22:38,341 [main] INFO  segmented.SegmentedRaftLogWorker (SegmentedRaftLogWorker.java:close(224)) - 78b16809-dde5-48ba-a05c-aae9496d7a2a@group-CA60F9C26C67-SegmentedRaftLogWorker close()
2019-10-15 20:22:38,341 [grpc-default-executor-1] INFO  impl.FollowerInfo (FollowerInfo.java:lambda$new$0(51)) - a039f237-790c-4f08-8b7b-02a31c66338b@group-040A8562CE8F->0f7f73c0-3a6b-4f89-bec0-f9d5b9697739: nextIndex: updateUnconditionally 1 -> 0
2019-10-15 20:22:38,341 [ForkJoinPool.commonPool-worker-0] INFO  impl.RoleInfo (RoleInfo.java:shutdownLeaderState(104)) - a039f237-790c-4f08-8b7b-02a31c66338b: shutdown LeaderState
2019-10-15 20:22:38,341 [grpc-default-executor-0] INFO  impl.FollowerInfo (FollowerInfo.java:lambda$new$0(51)) - a039f237-790c-4f08-8b7b-02a31c66338b@group-040A8562CE8F->78b16809-dde5-48ba-a05c-aae9496d7a2a: nextIndex: updateUnconditionally 1 -> 0
2019-10-15 20:22:38,343 [main] INFO  server.GrpcService (GrpcService.java:closeImpl(164)) - 78b16809-dde5-48ba-a05c-aae9496d7a2a: shutdown server with port 34821 now
2019-10-15 20:22:38,343 [ForkJoinPool.commonPool-worker-0] INFO  impl.PendingRequests (PendingRequests.java:sendNotLeaderResponses(202)) - a039f237-790c-4f08-8b7b-02a31c66338b@group-0D1FF87E2017-PendingRequests: sendNotLeaderResponses
2019-10-15 20:22:38,344 [ForkJoinPool.commonPool-worker-0] INFO  impl.StateMachineUpdater (StateMachineUpdater.java:stopAndJoin(136)) - a039f237-790c-4f08-8b7b-02a31c66338b@group-0D1FF87E2017-StateMachineUpdater: set stopIndex = 0
2019-10-15 20:22:38,344 [ForkJoinPool.commonPool-worker-0] INFO  impl.RaftServerImpl (ServerState.java:close(387)) - a039f237-790c-4f08-8b7b-02a31c66338b@group-0D1FF87E2017: closes. applyIndex: 0
2019-10-15 20:22:38,345 [a039f237-790c-4f08-8b7b-02a31c66338b@group-0D1FF87E2017-SegmentedRaftLogWorker] INFO  segmented.SegmentedRaftLogWorker (SegmentedRaftLogWorker.java:run(316)) - a039f237-790c-4f08-8b7b-02a31c66338b@group-0D1FF87E2017-SegmentedRaftLogWorker was interrupted, exiting. There are 0 tasks remaining in the queue.
2019-10-15 20:22:38,346 [ForkJoinPool.commonPool-worker-0] INFO  segmented.SegmentedRaftLogWorker (SegmentedRaftLogWorker.java:close(224)) - a039f237-790c-4f08-8b7b-02a31c66338b@group-0D1FF87E2017-SegmentedRaftLogWorker close()
2019-10-15 20:22:38,349 [ForkJoinPool.commonPool-worker-0] INFO  server.GrpcService (GrpcService.java:closeImpl(164)) - a039f237-790c-4f08-8b7b-02a31c66338b: shutdown server with port 36266 now
2019-10-15 20:22:38,350 [ForkJoinPool.commonPool-worker-0] INFO  server.GrpcService (GrpcService.java:closeImpl(172)) - a039f237-790c-4f08-8b7b-02a31c66338b: shutdown server with port 36266 successfully
2019-10-15 20:22:38,351 [main] INFO  server.GrpcService (GrpcService.java:closeImpl(172)) - 78b16809-dde5-48ba-a05c-aae9496d7a2a: shutdown server with port 34821 successfully
2019-10-15 20:22:38,354 [refreshUsed-/workdir/hadoop-ozone/integration-test/target/test-dir/MiniOzoneClusterImpl-3772ebd4-26bc-4d7a-a4e6-f41925ce4177/datanode-1/data/containers] WARN  fs.CachingGetSpaceUsed (CachingGetSpaceUsed.java:run(183)) - Thread Interrupted waiting to refresh disk information: sleep interrupted
2019-10-15 20:22:38,356 [refreshUsed-/workdir/hadoop-ozone/integration-test/target/test-dir/MiniOzoneClusterImpl-3772ebd4-26bc-4d7a-a4e6-f41925ce4177/datanode-0/data/containers] WARN  fs.CachingGetSpaceUsed (CachingGetSpaceUsed.java:run(183)) - Thread Interrupted waiting to refresh disk information: sleep interrupted
2019-10-15 20:22:38,374 [main] INFO  utils.BackgroundService (BackgroundService.java:shutdown(151)) - Shutting down service BlockDeletingService
2019-10-15 20:22:38,376 [main] INFO  statemachine.DatanodeStateMachine (DatanodeStateMachine.java:stopDaemon(395)) - Ozone container server stopped.
2019-10-15 20:22:38,377 [main] INFO  handler.ContextHandler (ContextHandler.java:doStop(910)) - Stopped o.e.j.w.WebAppContext@5c77ba8f{/,null,UNAVAILABLE}{/hddsDatanode}
2019-10-15 20:22:38,378 [main] INFO  server.AbstractConnector (AbstractConnector.java:doStop(318)) - Stopped ServerConnector@660f0c{HTTP/1.1,[http/1.1]}{0.0.0.0:0}
2019-10-15 20:22:38,378 [main] INFO  handler.ContextHandler (ContextHandler.java:doStop(910)) - Stopped o.e.j.s.ServletContextHandler@5e65afb6{/static,jar:file:/home/user/.m2/repository/org/apache/hadoop/hadoop-hdds-container-service/0.5.0-SNAPSHOT/hadoop-hdds-container-service-0.5.0-SNAPSHOT.jar!/webapps/static,UNAVAILABLE}
2019-10-15 20:22:38,379 [main] INFO  handler.ContextHandler (ContextHandler.java:doStop(910)) - Stopped o.e.j.s.ServletContextHandler@6a472566{/logs,file:///workdir/hadoop-ozone/integration-test/target/log,UNAVAILABLE}
2019-10-15 20:22:38,383 [ForkJoinPool.commonPool-worker-0] INFO  utils.BackgroundService (BackgroundService.java:shutdown(151)) - Shutting down service BlockDeletingService
2019-10-15 20:22:38,384 [ForkJoinPool.commonPool-worker-0] INFO  statemachine.DatanodeStateMachine (DatanodeStateMachine.java:stopDaemon(395)) - Ozone container server stopped.
2019-10-15 20:22:38,386 [ForkJoinPool.commonPool-worker-0] INFO  handler.ContextHandler (ContextHandler.java:doStop(910)) - Stopped o.e.j.w.WebAppContext@73c9e8e8{/,null,UNAVAILABLE}{/hddsDatanode}
2019-10-15 20:22:38,387 [ForkJoinPool.commonPool-worker-0] INFO  server.AbstractConnector (AbstractConnector.java:doStop(318)) - Stopped ServerConnector@de8039f{HTTP/1.1,[http/1.1]}{0.0.0.0:0}
2019-10-15 20:22:38,388 [ForkJoinPool.commonPool-worker-0] INFO  handler.ContextHandler (ContextHandler.java:doStop(910)) - Stopped o.e.j.s.ServletContextHandler@1e0895f5{/static,jar:file:/home/user/.m2/repository/org/apache/hadoop/hadoop-hdds-container-service/0.5.0-SNAPSHOT/hadoop-hdds-container-service-0.5.0-SNAPSHOT.jar!/webapps/static,UNAVAILABLE}
2019-10-15 20:22:38,389 [ForkJoinPool.commonPool-worker-0] INFO  handler.ContextHandler (ContextHandler.java:doStop(910)) - Stopped o.e.j.s.ServletContextHandler@51288417{/logs,file:///workdir/hadoop-ozone/integration-test/target/log,UNAVAILABLE}
2019-10-15 20:22:39,263 [Datanode State Machine Thread - 0] INFO  statemachine.DatanodeStateMachine (DatanodeStateMachine.java:lambda$startDaemon$0(350)) - Ozone container server started.
2019-10-15 20:22:43,380 [main] INFO  ozoneimpl.OzoneContainer (OzoneContainer.java:stop(227)) - Attempting to stop container services.
2019-10-15 20:22:43,381 [main] INFO  impl.RaftServerProxy (RaftServerProxy.java:lambda$close$4(314)) - 0f7f73c0-3a6b-4f89-bec0-f9d5b9697739: close
2019-10-15 20:22:43,382 [main] INFO  impl.RaftServerImpl (RaftServerImpl.java:lambda$shutdown$3(247)) - 0f7f73c0-3a6b-4f89-bec0-f9d5b9697739@group-040A8562CE8F: shutdown
2019-10-15 20:22:43,382 [ForkJoinPool.commonPool-worker-1] INFO  impl.RaftServerImpl (RaftServerImpl.java:lambda$shutdown$3(247)) - 0f7f73c0-3a6b-4f89-bec0-f9d5b9697739@group-95E111BE9D76: shutdown
2019-10-15 20:22:43,382 [main] INFO  util.JmxRegister (JmxRegister.java:unregister(73)) - Successfully un-registered JMX Bean with object name Ratis:service=RaftServer,group=group-040A8562CE8F,id=0f7f73c0-3a6b-4f89-bec0-f9d5b9697739
2019-10-15 20:22:43,382 [ForkJoinPool.commonPool-worker-1] INFO  util.JmxRegister (JmxRegister.java:unregister(73)) - Successfully un-registered JMX Bean with object name Ratis:service=RaftServer,group=group-95E111BE9D76,id=0f7f73c0-3a6b-4f89-bec0-f9d5b9697739
2019-10-15 20:22:43,383 [main] INFO  impl.RoleInfo (RoleInfo.java:shutdownFollowerState(121)) - 0f7f73c0-3a6b-4f89-bec0-f9d5b9697739: shutdown FollowerState
2019-10-15 20:22:43,383 [ForkJoinPool.commonPool-worker-1] INFO  impl.RoleInfo (RoleInfo.java:shutdownLeaderState(104)) - 0f7f73c0-3a6b-4f89-bec0-f9d5b9697739: shutdown LeaderState
2019-10-15 20:22:43,383 [main] INFO  impl.StateMachineUpdater (StateMachineUpdater.java:stopAndJoin(136)) - 0f7f73c0-3a6b-4f89-bec0-f9d5b9697739@group-040A8562CE8F-StateMachineUpdater: set stopIndex = 0
2019-10-15 20:22:43,383 [ForkJoinPool.commonPool-worker-1] INFO  impl.PendingRequests (PendingRequests.java:sendNotLeaderResponses(202)) - 0f7f73c0-3a6b-4f89-bec0-f9d5b9697739@group-95E111BE9D76-PendingRequests: sendNotLeaderResponses
2019-10-15 20:22:43,383 [Thread-232] INFO  impl.FollowerState (FollowerState.java:run(117)) - 0f7f73c0-3a6b-4f89-bec0-f9d5b9697739@group-040A8562CE8F-FollowerState was interrupted: java.lang.InterruptedException: sleep interrupted
2019-10-15 20:22:43,384 [main] INFO  impl.RaftServerImpl (ServerState.java:close(387)) - 0f7f73c0-3a6b-4f89-bec0-f9d5b9697739@group-040A8562CE8F: closes. applyIndex: 0
2019-10-15 20:22:43,385 [ForkJoinPool.commonPool-worker-1] INFO  impl.StateMachineUpdater (StateMachineUpdater.java:stopAndJoin(136)) - 0f7f73c0-3a6b-4f89-bec0-f9d5b9697739@group-95E111BE9D76-StateMachineUpdater: set stopIndex = 0
2019-10-15 20:22:43,386 [0f7f73c0-3a6b-4f89-bec0-f9d5b9697739@group-040A8562CE8F-SegmentedRaftLogWorker] INFO  segmented.SegmentedRaftLogWorker (SegmentedRaftLogWorker.java:run(316)) - 0f7f73c0-3a6b-4f89-bec0-f9d5b9697739@group-040A8562CE8F-SegmentedRaftLogWorker was interrupted, exiting. There are 0 tasks remaining in the queue.
2019-10-15 20:22:43,386 [ForkJoinPool.commonPool-worker-1] INFO  impl.RaftServerImpl (ServerState.java:close(387)) - 0f7f73c0-3a6b-4f89-bec0-f9d5b9697739@group-95E111BE9D76: closes. applyIndex: 0
2019-10-15 20:22:43,387 [main] INFO  segmented.SegmentedRaftLogWorker (SegmentedRaftLogWorker.java:close(224)) - 0f7f73c0-3a6b-4f89-bec0-f9d5b9697739@group-040A8562CE8F-SegmentedRaftLogWorker close()
2019-10-15 20:22:43,387 [0f7f73c0-3a6b-4f89-bec0-f9d5b9697739@group-95E111BE9D76-SegmentedRaftLogWorker] INFO  segmented.SegmentedRaftLogWorker (SegmentedRaftLogWorker.java:run(316)) - 0f7f73c0-3a6b-4f89-bec0-f9d5b9697739@group-95E111BE9D76-SegmentedRaftLogWorker was interrupted, exiting. There are 0 tasks remaining in the queue.
2019-10-15 20:22:43,389 [ForkJoinPool.commonPool-worker-1] INFO  segmented.SegmentedRaftLogWorker (SegmentedRaftLogWorker.java:close(224)) - 0f7f73c0-3a6b-4f89-bec0-f9d5b9697739@group-95E111BE9D76-SegmentedRaftLogWorker close()
2019-10-15 20:22:43,391 [main] INFO  server.GrpcService (GrpcService.java:closeImpl(164)) - 0f7f73c0-3a6b-4f89-bec0-f9d5b9697739: shutdown server with port 46817 now
2019-10-15 20:22:43,392 [main] INFO  server.GrpcService (GrpcService.java:closeImpl(172)) - 0f7f73c0-3a6b-4f89-bec0-f9d5b9697739: shutdown server with port 46817 successfully
2019-10-15 20:22:43,397 [refreshUsed-/workdir/hadoop-ozone/integration-test/target/test-dir/MiniOzoneClusterImpl-3772ebd4-26bc-4d7a-a4e6-f41925ce4177/datanode-2/data/containers] WARN  fs.CachingGetSpaceUsed (CachingGetSpaceUsed.java:run(183)) - Thread Interrupted waiting to refresh disk information: sleep interrupted
2019-10-15 20:22:43,418 [main] INFO  utils.BackgroundService (BackgroundService.java:shutdown(151)) - Shutting down service BlockDeletingService
2019-10-15 20:22:43,420 [main] INFO  statemachine.DatanodeStateMachine (DatanodeStateMachine.java:stopDaemon(395)) - Ozone container server stopped.
2019-10-15 20:22:43,421 [main] INFO  handler.ContextHandler (ContextHandler.java:doStop(910)) - Stopped o.e.j.w.WebAppContext@54e3658c{/,null,UNAVAILABLE}{/hddsDatanode}
2019-10-15 20:22:43,421 [main] INFO  server.AbstractConnector (AbstractConnector.java:doStop(318)) - Stopped ServerConnector@43e9089{HTTP/1.1,[http/1.1]}{0.0.0.0:0}
2019-10-15 20:22:43,422 [main] INFO  handler.ContextHandler (ContextHandler.java:doStop(910)) - Stopped o.e.j.s.ServletContextHandler@558756be{/static,jar:file:/home/user/.m2/repository/org/apache/hadoop/hadoop-hdds-container-service/0.5.0-SNAPSHOT/hadoop-hdds-container-service-0.5.0-SNAPSHOT.jar!/webapps/static,UNAVAILABLE}
2019-10-15 20:22:43,422 [main] INFO  handler.ContextHandler (ContextHandler.java:doStop(910)) - Stopped o.e.j.s.ServletContextHandler@6069dd38{/logs,file:///workdir/hadoop-ozone/integration-test/target/log,UNAVAILABLE}
2019-10-15 20:22:43,423 [main] INFO  ozone.MiniOzoneClusterImpl (MiniOzoneClusterImpl.java:stopSCM(430)) - Stopping the StorageContainerManager
2019-10-15 20:22:43,423 [main] INFO  server.StorageContainerManager (StorageContainerManager.java:stop(810)) - Stopping Replication Manager Service.
2019-10-15 20:22:43,424 [main] INFO  container.ReplicationManager (ReplicationManager.java:stop(203)) - Stopping Replication Monitor Thread.
2019-10-15 20:22:43,424 [main] INFO  server.StorageContainerManager (StorageContainerManager.java:stop(817)) - Stopping Lease Manager of the command watchers
2019-10-15 20:22:43,424 [main] INFO  server.StorageContainerManager (StorageContainerManager.java:stop(824)) - Stopping datanode service RPC server
2019-10-15 20:22:43,424 [main] INFO  server.SCMDatanodeProtocolServer (SCMDatanodeProtocolServer.java:stop(346)) - Stopping the RPC server for DataNodes
2019-10-15 20:22:43,424 [main] INFO  ipc.Server (Server.java:stop(3082)) - Stopping server on 46803
2019-10-15 20:22:43,425 [IPC Server listener on 46803] INFO  ipc.Server (Server.java:run(1185)) - Stopping IPC Server listener on 46803
2019-10-15 20:22:43,426 [IPC Server Responder] INFO  ipc.Server (Server.java:run(1319)) - Stopping IPC Server Responder
2019-10-15 20:22:43,516 [SCM Heartbeat Processing Thread - 0] WARN  node.NodeStateManager (NodeStateManager.java:scheduleNextHealthCheck(646)) - Current Thread is interrupted, shutting down HB processing thread for Node Manager.
2019-10-15 20:22:43,516 [main] INFO  server.StorageContainerManager (StorageContainerManager.java:stop(832)) - Stopping block service RPC server
2019-10-15 20:22:43,517 [main] INFO  server.SCMBlockProtocolServer (SCMBlockProtocolServer.java:stop(155)) - Stopping the RPC server for Block Protocol
2019-10-15 20:22:43,517 [main] INFO  ipc.Server (Server.java:stop(3082)) - Stopping server on 40575
2019-10-15 20:22:43,518 [main] INFO  server.StorageContainerManager (StorageContainerManager.java:stop(839)) - Stopping the StorageContainerLocationProtocol RPC server
2019-10-15 20:22:43,518 [IPC Server listener on 40575] INFO  ipc.Server (Server.java:run(1185)) - Stopping IPC Server listener on 40575
2019-10-15 20:22:43,518 [main] INFO  server.SCMClientProtocolServer (SCMClientProtocolServer.java:stop(168)) - Stopping the RPC server for Client Protocol
2019-10-15 20:22:43,519 [IPC Server Responder] INFO  ipc.Server (Server.java:run(1319)) - Stopping IPC Server Responder
2019-10-15 20:22:43,519 [main] INFO  ipc.Server (Server.java:stop(3082)) - Stopping server on 37190
2019-10-15 20:22:43,521 [IPC Server listener on 37190] INFO  ipc.Server (Server.java:run(1185)) - Stopping IPC Server listener on 37190
2019-10-15 20:22:43,521 [IPC Server Responder] INFO  ipc.Server (Server.java:run(1319)) - Stopping IPC Server Responder
2019-10-15 20:22:43,521 [main] INFO  server.StorageContainerManager (StorageContainerManager.java:stop(846)) - Stopping Storage Container Manager HTTP server.
2019-10-15 20:22:43,523 [main] INFO  handler.ContextHandler (ContextHandler.java:doStop(910)) - Stopped o.e.j.w.WebAppContext@58c540cf{/,null,UNAVAILABLE}{/scm}
2019-10-15 20:22:43,523 [main] INFO  server.AbstractConnector (AbstractConnector.java:doStop(318)) - Stopped ServerConnector@1cf2fed4{HTTP/1.1,[http/1.1]}{0.0.0.0:0}
2019-10-15 20:22:43,524 [main] INFO  handler.ContextHandler (ContextHandler.java:doStop(910)) - Stopped o.e.j.s.ServletContextHandler@18bc345{/static,file:///workdir/hadoop-ozone/integration-test/target/test-classes/webapps/static,UNAVAILABLE}
2019-10-15 20:22:43,524 [main] INFO  handler.ContextHandler (ContextHandler.java:doStop(910)) - Stopped o.e.j.s.ServletContextHandler@44040454{/logs,file:///workdir/hadoop-ozone/integration-test/target/log,UNAVAILABLE}
2019-10-15 20:22:43,526 [main] INFO  server.StorageContainerManager (StorageContainerManager.java:stop(857)) - Stopping Block Manager Service.
2019-10-15 20:22:43,526 [main] INFO  utils.BackgroundService (BackgroundService.java:shutdown(151)) - Shutting down service SCMBlockDeletingService
2019-10-15 20:22:43,527 [main] INFO  utils.BackgroundService (BackgroundService.java:shutdown(151)) - Shutting down service SCMBlockDeletingService
2019-10-15 20:22:43,527 [main] INFO  server.StorageContainerManager (StorageContainerManager.java:stop(879)) - Stopping SCM Event Queue.
2019-10-15 20:22:43,535 [main] INFO  impl.MetricsSystemImpl (MetricsSystemImpl.java:stop(210)) - Stopping ratis metrics system...
2019-10-15 20:22:43,543 [prometheus] INFO  impl.MetricsSinkAdapter (MetricsSinkAdapter.java:publishMetricsFromQueue(141)) - prometheus thread interrupted.
2019-10-15 20:22:43,543 [main] INFO  impl.MetricsSystemImpl (MetricsSystemImpl.java:stop(216)) - ratis metrics system stopped.
]]></system-out>
    <system-err><![CDATA[ERROR StatusLogger No Log4j 2 configuration file found. Using default configuration (logging only errors to the console), or user programmatically provided configurations. Set system property 'log4j2.debug' to show Log4j 2 internal initialization logging. See https://logging.apache.org/log4j/2.x/manual/configuration.html for instructions on how to configure Log4j 2
]]></system-err>
  </testcase>
  <testcase name="testNumBlocksAllocated" classname="org.apache.hadoop.ozone.scm.pipeline.TestSCMPipelineMetrics" time="23.95"/>
  <testcase name="testPipelineCreation" classname="org.apache.hadoop.ozone.scm.pipeline.TestSCMPipelineMetrics" time="24.68"/>
</testsuite>