<?xml version="1.0" encoding="UTF-8"?>
<testsuite xmlns:xsi="http://www.w3.org/2001/XMLSchema-instance" xsi:noNamespaceSchemaLocation="https://maven.apache.org/surefire/maven-surefire-plugin/xsd/surefire-test-report.xsd" name="org.apache.hadoop.ozone.client.rpc.TestWatchForCommit" time="238.058" tests="5" errors="1" skipped="0" failures="0">
  <properties>
    <property name="awt.toolkit" value="sun.awt.X11.XToolkit"/>
    <property name="file.encoding.pkg" value="sun.io"/>
    <property name="java.specification.version" value="1.8"/>
    <property name="sun.cpu.isalist" value=""/>
    <property name="sun.jnu.encoding" value="UTF-8"/>
    <property name="java.class.path" value="/workdir/hadoop-ozone/integration-test/target/test-classes:/workdir/hadoop-ozone/integration-test/target/classes:/home/user/.m2/repository/org/apache/hadoop/hadoop-ozone-common/0.5.0-SNAPSHOT/hadoop-ozone-common-0.5.0-SNAPSHOT.jar:/home/user/.m2/repository/org/apache/commons/commons-compress/1.4.1/commons-compress-1.4.1.jar:/home/user/.m2/repository/org/tukaani/xz/1.0/xz-1.0.jar:/home/user/.m2/repository/org/apache/hadoop/hadoop-common/3.2.0/hadoop-common-3.2.0.jar:/home/user/.m2/repository/org/apache/hadoop/hadoop-hdfs/3.2.0/hadoop-hdfs-3.2.0.jar:/home/user/.m2/repository/org/apache/hadoop/hadoop-hdfs-client/3.2.0/hadoop-hdfs-client-3.2.0.jar:/home/user/.m2/repository/com/fasterxml/jackson/core/jackson-annotations/2.9.9/jackson-annotations-2.9.9.jar:/home/user/.m2/repository/org/apache/hadoop/hadoop-hdds-common/0.5.0-SNAPSHOT/hadoop-hdds-common-0.5.0-SNAPSHOT.jar:/home/user/.m2/repository/javax/annotation/javax.annotation-api/1.2/javax.annotation-api-1.2.jar:/home/user/.m2/repository/org/apache/ratis/ratis-server/0.5.0-201fc85-SNAPSHOT/ratis-server-0.5.0-201fc85-SNAPSHOT.jar:/home/user/.m2/repository/org/apache/ratis/ratis-thirdparty-misc/0.2.0/ratis-thirdparty-misc-0.2.0.jar:/home/user/.m2/repository/org/apache/ratis/ratis-proto/0.5.0-201fc85-SNAPSHOT/ratis-proto-0.5.0-201fc85-SNAPSHOT.jar:/home/user/.m2/repository/org/apache/ratis/ratis-common/0.5.0-201fc85-SNAPSHOT/ratis-common-0.5.0-201fc85-SNAPSHOT.jar:/home/user/.m2/repository/org/apache/ratis/ratis-client/0.5.0-201fc85-SNAPSHOT/ratis-client-0.5.0-201fc85-SNAPSHOT.jar:/home/user/.m2/repository/org/apache/ratis/ratis-metrics/0.5.0-201fc85-SNAPSHOT/ratis-metrics-0.5.0-201fc85-SNAPSHOT.jar:/home/user/.m2/repository/com/github/joshelser/dropwizard-metrics-hadoop-metrics2-reporter/0.1.2/dropwizard-metrics-hadoop-metrics2-reporter-0.1.2.jar:/home/user/.m2/repository/io/dropwizard/metrics/metrics-jvm/3.2.5/metrics-jvm-3.2.5.jar:/home/user/.m2/repository/io/dropwizard/metrics/metrics-ganglia/3.2.5/metrics-ganglia-3.2.5.jar:/home/user/.m2/repository/info/ganglia/gmetric4j/gmetric4j/1.0.7/gmetric4j-1.0.7.jar:/home/user/.m2/repository/org/apache/ratis/ratis-netty/0.5.0-201fc85-SNAPSHOT/ratis-netty-0.5.0-201fc85-SNAPSHOT.jar:/home/user/.m2/repository/org/apache/ratis/ratis-grpc/0.5.0-201fc85-SNAPSHOT/ratis-grpc-0.5.0-201fc85-SNAPSHOT.jar:/home/user/.m2/repository/org/rocksdb/rocksdbjni/6.0.1/rocksdbjni-6.0.1.jar:/home/user/.m2/repository/org/apache/logging/log4j/log4j-api/2.11.0/log4j-api-2.11.0.jar:/home/user/.m2/repository/org/apache/logging/log4j/log4j-core/2.11.0/log4j-core-2.11.0.jar:/home/user/.m2/repository/com/lmax/disruptor/3.4.2/disruptor-3.4.2.jar:/home/user/.m2/repository/org/apache/commons/commons-pool2/2.6.0/commons-pool2-2.6.0.jar:/home/user/.m2/repository/org/bouncycastle/bcpkix-jdk15on/1.60/bcpkix-jdk15on-1.60.jar:/home/user/.m2/repository/commons-validator/commons-validator/1.6/commons-validator-1.6.jar:/home/user/.m2/repository/commons-digester/commons-digester/1.8.1/commons-digester-1.8.1.jar:/home/user/.m2/repository/io/jaegertracing/jaeger-client/0.34.0/jaeger-client-0.34.0.jar:/home/user/.m2/repository/io/jaegertracing/jaeger-thrift/0.34.0/jaeger-thrift-0.34.0.jar:/home/user/.m2/repository/org/apache/thrift/libthrift/0.12.0/libthrift-0.12.0.jar:/home/user/.m2/repository/com/squareup/okhttp3/okhttp/3.9.0/okhttp-3.9.0.jar:/home/user/.m2/repository/com/squareup/okio/okio/1.13.0/okio-1.13.0.jar:/home/user/.m2/repository/io/jaegertracing/jaeger-core/0.34.0/jaeger-core-0.34.0.jar:/home/user/.m2/repository/io/jaegertracing/jaeger-tracerresolver/0.34.0/jaeger-tracerresolver-0.34.0.jar:/home/user/.m2/repository/io/opentracing/contrib/opentracing-tracerresolver/0.1.5/opentracing-tracerresolver-0.1.5.jar:/home/user/.m2/repository/io/opentracing/opentracing-util/0.31.0/opentracing-util-0.31.0.jar:/home/user/.m2/repository/io/opentracing/opentracing-api/0.31.0/opentracing-api-0.31.0.jar:/home/user/.m2/repository/io/opentracing/opentracing-noop/0.31.0/opentracing-noop-0.31.0.jar:/home/user/.m2/repository/org/apache/hadoop/hadoop-hdds-server-framework/0.5.0-SNAPSHOT/hadoop-hdds-server-framework-0.5.0-SNAPSHOT.jar:/home/user/.m2/repository/org/apache/hadoop/hadoop-hdds-container-service/0.5.0-SNAPSHOT/hadoop-hdds-container-service-0.5.0-SNAPSHOT.jar:/home/user/.m2/repository/org/apache/hadoop/hadoop-hdds-client/0.5.0-SNAPSHOT/hadoop-hdds-client-0.5.0-SNAPSHOT.jar:/home/user/.m2/repository/org/apache/hadoop/hadoop-hdds-tools/0.5.0-SNAPSHOT/hadoop-hdds-tools-0.5.0-SNAPSHOT.jar:/home/user/.m2/repository/org/apache/hadoop/hadoop-hdds-server-scm/0.5.0-SNAPSHOT/hadoop-hdds-server-scm-0.5.0-SNAPSHOT.jar:/home/user/.m2/repository/org/apache/hadoop/hadoop-hdds-docs/0.5.0-SNAPSHOT/hadoop-hdds-docs-0.5.0-SNAPSHOT.jar:/home/user/.m2/repository/io/dropwizard/metrics/metrics-core/3.2.4/metrics-core-3.2.4.jar:/home/user/.m2/repository/org/hamcrest/hamcrest-all/1.3/hamcrest-all-1.3.jar:/home/user/.m2/repository/org/bouncycastle/bcprov-jdk15on/1.60/bcprov-jdk15on-1.60.jar:/home/user/.m2/repository/info/picocli/picocli/3.9.6/picocli-3.9.6.jar:/home/user/.m2/repository/com/google/protobuf/protobuf-java/2.5.0/protobuf-java-2.5.0.jar:/home/user/.m2/repository/com/google/guava/guava/11.0.2/guava-11.0.2.jar:/home/user/.m2/repository/org/apache/hadoop/hadoop-ozone-ozone-manager/0.5.0-SNAPSHOT/hadoop-ozone-ozone-manager-0.5.0-SNAPSHOT.jar:/home/user/.m2/repository/org/apache/hadoop/hadoop-minikdc/3.2.0/hadoop-minikdc-3.2.0.jar:/home/user/.m2/repository/commons-io/commons-io/2.5/commons-io-2.5.jar:/home/user/.m2/repository/org/apache/kerby/kerb-simplekdc/1.0.1/kerb-simplekdc-1.0.1.jar:/home/user/.m2/repository/org/apache/kerby/kerb-client/1.0.1/kerb-client-1.0.1.jar:/home/user/.m2/repository/org/apache/kerby/kerby-config/1.0.1/kerby-config-1.0.1.jar:/home/user/.m2/repository/org/apache/kerby/kerb-core/1.0.1/kerb-core-1.0.1.jar:/home/user/.m2/repository/org/apache/kerby/kerby-pkix/1.0.1/kerby-pkix-1.0.1.jar:/home/user/.m2/repository/org/apache/kerby/kerby-asn1/1.0.1/kerby-asn1-1.0.1.jar:/home/user/.m2/repository/org/apache/kerby/kerby-util/1.0.1/kerby-util-1.0.1.jar:/home/user/.m2/repository/org/apache/kerby/kerb-common/1.0.1/kerb-common-1.0.1.jar:/home/user/.m2/repository/org/apache/kerby/kerb-crypto/1.0.1/kerb-crypto-1.0.1.jar:/home/user/.m2/repository/org/apache/kerby/kerb-util/1.0.1/kerb-util-1.0.1.jar:/home/user/.m2/repository/org/apache/kerby/token-provider/1.0.1/token-provider-1.0.1.jar:/home/user/.m2/repository/org/apache/kerby/kerb-admin/1.0.1/kerb-admin-1.0.1.jar:/home/user/.m2/repository/org/apache/kerby/kerb-server/1.0.1/kerb-server-1.0.1.jar:/home/user/.m2/repository/org/apache/kerby/kerb-identity/1.0.1/kerb-identity-1.0.1.jar:/home/user/.m2/repository/org/apache/kerby/kerby-xdr/1.0.1/kerby-xdr-1.0.1.jar:/home/user/.m2/repository/org/slf4j/slf4j-log4j12/1.7.25/slf4j-log4j12-1.7.25.jar:/home/user/.m2/repository/org/apache/hadoop/hadoop-ozone-s3gateway/0.5.0-SNAPSHOT/hadoop-ozone-s3gateway-0.5.0-SNAPSHOT.jar:/home/user/.m2/repository/org/jboss/weld/servlet/weld-servlet/2.4.7.Final/weld-servlet-2.4.7.Final.jar:/home/user/.m2/repository/org/glassfish/jersey/containers/jersey-container-servlet-core/2.27/jersey-container-servlet-core-2.27.jar:/home/user/.m2/repository/org/glassfish/hk2/external/javax.inject/2.5.0-b42/javax.inject-2.5.0-b42.jar:/home/user/.m2/repository/org/glassfish/jersey/core/jersey-common/2.27/jersey-common-2.27.jar:/home/user/.m2/repository/org/glassfish/hk2/osgi-resource-locator/1.0.1/osgi-resource-locator-1.0.1.jar:/home/user/.m2/repository/javax/ws/rs/javax.ws.rs-api/2.1/javax.ws.rs-api-2.1.jar:/home/user/.m2/repository/org/glassfish/jersey/ext/cdi/jersey-cdi1x/2.27/jersey-cdi1x-2.27.jar:/home/user/.m2/repository/org/glassfish/jersey/inject/jersey-hk2/2.27/jersey-hk2-2.27.jar:/home/user/.m2/repository/org/glassfish/hk2/hk2-locator/2.5.0-b42/hk2-locator-2.5.0-b42.jar:/home/user/.m2/repository/org/javassist/javassist/3.22.0-CR2/javassist-3.22.0-CR2.jar:/home/user/.m2/repository/org/glassfish/hk2/hk2-api/2.5.0/hk2-api-2.5.0.jar:/home/user/.m2/repository/org/glassfish/hk2/external/jakarta.inject/2.5.0/jakarta.inject-2.5.0.jar:/home/user/.m2/repository/org/glassfish/hk2/hk2-utils/2.5.0/hk2-utils-2.5.0.jar:/home/user/.m2/repository/jakarta/annotation/jakarta.annotation-api/1.3.4/jakarta.annotation-api-1.3.4.jar:/home/user/.m2/repository/org/glassfish/hk2/external/aopalliance-repackaged/2.5.0/aopalliance-repackaged-2.5.0.jar:/home/user/.m2/repository/com/fasterxml/jackson/dataformat/jackson-dataformat-xml/2.9.0/jackson-dataformat-xml-2.9.0.jar:/home/user/.m2/repository/com/fasterxml/jackson/core/jackson-core/2.9.9/jackson-core-2.9.9.jar:/home/user/.m2/repository/com/fasterxml/jackson/module/jackson-module-jaxb-annotations/2.9.9/jackson-module-jaxb-annotations-2.9.9.jar:/home/user/.m2/repository/javax/enterprise/cdi-api/1.2/cdi-api-1.2.jar:/home/user/.m2/repository/javax/el/javax.el-api/3.0.0/javax.el-api-3.0.0.jar:/home/user/.m2/repository/javax/interceptor/javax.interceptor-api/1.2/javax.interceptor-api-1.2.jar:/home/user/.m2/repository/javax/inject/javax.inject/1/javax.inject-1.jar:/home/user/.m2/repository/com/sun/xml/bind/jaxb-impl/2.3.0.1/jaxb-impl-2.3.0.1.jar:/home/user/.m2/repository/com/sun/xml/bind/jaxb-core/2.3.0.1/jaxb-core-2.3.0.1.jar:/home/user/.m2/repository/javax/xml/bind/jaxb-api/2.3.0/jaxb-api-2.3.0.jar:/home/user/.m2/repository/javax/activation/activation/1.1.1/activation-1.1.1.jar:/home/user/.m2/repository/org/apache/hadoop/hadoop-ozone-csi/0.5.0-SNAPSHOT/hadoop-ozone-csi-0.5.0-SNAPSHOT.jar:/home/user/.m2/repository/com/google/protobuf/protobuf-java-util/3.5.1/protobuf-java-util-3.5.1.jar:/home/user/.m2/repository/org/apache/hadoop/hadoop-hdds-config/0.5.0-SNAPSHOT/hadoop-hdds-config-0.5.0-SNAPSHOT.jar:/home/user/.m2/repository/io/grpc/grpc-netty/1.17.1/grpc-netty-1.17.1.jar:/home/user/.m2/repository/io/grpc/grpc-core/1.17.1/grpc-core-1.17.1.jar:/home/user/.m2/repository/io/grpc/grpc-context/1.17.1/grpc-context-1.17.1.jar:/home/user/.m2/repository/com/google/errorprone/error_prone_annotations/2.2.0/error_prone_annotations-2.2.0.jar:/home/user/.m2/repository/org/codehaus/mojo/animal-sniffer-annotations/1.17/animal-sniffer-annotations-1.17.jar:/home/user/.m2/repository/io/opencensus/opencensus-api/0.17.0/opencensus-api-0.17.0.jar:/home/user/.m2/repository/io/opencensus/opencensus-contrib-grpc-metrics/0.17.0/opencensus-contrib-grpc-metrics-0.17.0.jar:/home/user/.m2/repository/io/netty/netty-codec-http2/4.1.30.Final/netty-codec-http2-4.1.30.Final.jar:/home/user/.m2/repository/io/netty/netty-codec-http/4.1.30.Final/netty-codec-http-4.1.30.Final.jar:/home/user/.m2/repository/io/netty/netty-codec/4.1.30.Final/netty-codec-4.1.30.Final.jar:/home/user/.m2/repository/io/netty/netty-handler/4.1.30.Final/netty-handler-4.1.30.Final.jar:/home/user/.m2/repository/io/netty/netty-handler-proxy/4.1.30.Final/netty-handler-proxy-4.1.30.Final.jar:/home/user/.m2/repository/io/netty/netty-codec-socks/4.1.30.Final/netty-codec-socks-4.1.30.Final.jar:/home/user/.m2/repository/io/netty/netty-transport-native-epoll/4.1.30.Final/netty-transport-native-epoll-4.1.30.Final.jar:/home/user/.m2/repository/io/netty/netty-common/4.1.30.Final/netty-common-4.1.30.Final.jar:/home/user/.m2/repository/io/netty/netty-buffer/4.1.30.Final/netty-buffer-4.1.30.Final.jar:/home/user/.m2/repository/io/netty/netty-transport/4.1.30.Final/netty-transport-4.1.30.Final.jar:/home/user/.m2/repository/io/netty/netty-resolver/4.1.30.Final/netty-resolver-4.1.30.Final.jar:/home/user/.m2/repository/io/netty/netty-transport-native-unix-common/4.1.30.Final/netty-transport-native-unix-common-4.1.30.Final.jar:/home/user/.m2/repository/io/grpc/grpc-protobuf/1.17.1/grpc-protobuf-1.17.1.jar:/home/user/.m2/repository/com/google/api/grpc/proto-google-common-protos/1.0.0/proto-google-common-protos-1.0.0.jar:/home/user/.m2/repository/io/grpc/grpc-protobuf-lite/1.17.1/grpc-protobuf-lite-1.17.1.jar:/home/user/.m2/repository/io/grpc/grpc-stub/1.17.1/grpc-stub-1.17.1.jar:/home/user/.m2/repository/org/apache/hadoop/hadoop-ozone-recon/0.5.0-SNAPSHOT/hadoop-ozone-recon-0.5.0-SNAPSHOT.jar:/home/user/.m2/repository/org/apache/hadoop/hadoop-ozone-reconcodegen/0.5.0-SNAPSHOT/hadoop-ozone-reconcodegen-0.5.0-SNAPSHOT.jar:/home/user/.m2/repository/com/google/inject/extensions/guice-multibindings/4.0/guice-multibindings-4.0.jar:/home/user/.m2/repository/com/google/inject/guice/4.0/guice-4.0.jar:/home/user/.m2/repository/aopalliance/aopalliance/1.0/aopalliance-1.0.jar:/home/user/.m2/repository/com/google/inject/extensions/guice-servlet/4.0/guice-servlet-4.0.jar:/home/user/.m2/repository/org/glassfish/jersey/containers/jersey-container-servlet/2.27/jersey-container-servlet-2.27.jar:/home/user/.m2/repository/org/glassfish/hk2/guice-bridge/2.5.0/guice-bridge-2.5.0.jar:/home/user/.m2/repository/org/glassfish/jersey/core/jersey-server/2.27/jersey-server-2.27.jar:/home/user/.m2/repository/org/glassfish/jersey/core/jersey-client/2.27/jersey-client-2.27.jar:/home/user/.m2/repository/org/glassfish/jersey/media/jersey-media-jaxb/2.27/jersey-media-jaxb-2.27.jar:/home/user/.m2/repository/javax/validation/validation-api/1.1.0.Final/validation-api-1.1.0.Final.jar:/home/user/.m2/repository/org/glassfish/jersey/media/jersey-media-json-jackson/2.27/jersey-media-json-jackson-2.27.jar:/home/user/.m2/repository/org/glassfish/jersey/ext/jersey-entity-filtering/2.27/jersey-entity-filtering-2.27.jar:/home/user/.m2/repository/com/google/inject/extensions/guice-assistedinject/4.0/guice-assistedinject-4.0.jar:/home/user/.m2/repository/org/jooq/jooq/3.11.10/jooq-3.11.10.jar:/home/user/.m2/repository/org/jooq/jooq-meta/3.11.10/jooq-meta-3.11.10.jar:/home/user/.m2/repository/org/jooq/jooq-codegen/3.11.10/jooq-codegen-3.11.10.jar:/home/user/.m2/repository/com/jolbox/bonecp/0.8.0.RELEASE/bonecp-0.8.0.RELEASE.jar:/home/user/.m2/repository/org/xerial/sqlite-jdbc/3.25.2/sqlite-jdbc-3.25.2.jar:/home/user/.m2/repository/org/springframework/spring-jdbc/5.1.3.RELEASE/spring-jdbc-5.1.3.RELEASE.jar:/home/user/.m2/repository/org/springframework/spring-beans/5.1.3.RELEASE/spring-beans-5.1.3.RELEASE.jar:/home/user/.m2/repository/org/springframework/spring-core/5.1.3.RELEASE/spring-core-5.1.3.RELEASE.jar:/home/user/.m2/repository/org/springframework/spring-jcl/5.1.3.RELEASE/spring-jcl-5.1.3.RELEASE.jar:/home/user/.m2/repository/org/springframework/spring-tx/5.1.3.RELEASE/spring-tx-5.1.3.RELEASE.jar:/home/user/.m2/repository/org/apache/hadoop/hadoop-ozone-client/0.5.0-SNAPSHOT/hadoop-ozone-client-0.5.0-SNAPSHOT.jar:/home/user/.m2/repository/commons-lang/commons-lang/2.6/commons-lang-2.6.jar:/home/user/.m2/repository/org/apache/hadoop/hadoop-ozone-ozone-manager/0.5.0-SNAPSHOT/hadoop-ozone-ozone-manager-0.5.0-SNAPSHOT-tests.jar:/home/user/.m2/repository/junit/junit/4.11/junit-4.11.jar:/home/user/.m2/repository/org/hamcrest/hamcrest-core/1.3/hamcrest-core-1.3.jar:/home/user/.m2/repository/org/openjdk/jmh/jmh-core/1.19/jmh-core-1.19.jar:/home/user/.m2/repository/net/sf/jopt-simple/jopt-simple/4.6/jopt-simple-4.6.jar:/home/user/.m2/repository/org/apache/commons/commons-math3/3.1.1/commons-math3-3.1.1.jar:/home/user/.m2/repository/org/openjdk/jmh/jmh-generator-annprocess/1.19/jmh-generator-annprocess-1.19.jar:/home/user/.m2/repository/org/mockito/mockito-all/1.8.5/mockito-all-1.8.5.jar:/home/user/.m2/repository/org/apache/hadoop/hadoop-kms/3.2.0/hadoop-kms-3.2.0.jar:/home/user/.m2/repository/org/apache/hadoop/hadoop-auth/3.2.0/hadoop-auth-3.2.0.jar:/home/user/.m2/repository/com/nimbusds/nimbus-jose-jwt/4.41.1/nimbus-jose-jwt-4.41.1.jar:/home/user/.m2/repository/com/github/stephenc/jcip/jcip-annotations/1.0-1/jcip-annotations-1.0-1.jar:/home/user/.m2/repository/net/minidev/json-smart/2.3/json-smart-2.3.jar:/home/user/.m2/repository/net/minidev/accessors-smart/1.2/accessors-smart-1.2.jar:/home/user/.m2/repository/org/ow2/asm/asm/5.0.4/asm-5.0.4.jar:/home/user/.m2/repository/org/apache/curator/curator-framework/2.12.0/curator-framework-2.12.0.jar:/home/user/.m2/repository/com/sun/jersey/jersey-core/1.19/jersey-core-1.19.jar:/home/user/.m2/repository/javax/ws/rs/jsr311-api/1.1.1/jsr311-api-1.1.1.jar:/home/user/.m2/repository/com/sun/jersey/jersey-server/1.19/jersey-server-1.19.jar:/home/user/.m2/repository/javax/servlet/javax.servlet-api/3.1.0/javax.servlet-api-3.1.0.jar:/home/user/.m2/repository/org/eclipse/jetty/jetty-server/9.3.25.v20180904/jetty-server-9.3.25.v20180904.jar:/home/user/.m2/repository/org/eclipse/jetty/jetty-http/9.3.25.v20180904/jetty-http-9.3.25.v20180904.jar:/home/user/.m2/repository/org/eclipse/jetty/jetty-io/9.3.25.v20180904/jetty-io-9.3.25.v20180904.jar:/home/user/.m2/repository/org/eclipse/jetty/jetty-webapp/9.3.25.v20180904/jetty-webapp-9.3.25.v20180904.jar:/home/user/.m2/repository/org/eclipse/jetty/jetty-xml/9.3.25.v20180904/jetty-xml-9.3.25.v20180904.jar:/home/user/.m2/repository/log4j/log4j/1.2.17/log4j-1.2.17.jar:/home/user/.m2/repository/org/slf4j/slf4j-api/1.7.25/slf4j-api-1.7.25.jar:/home/user/.m2/repository/org/slf4j/jul-to-slf4j/1.7.25/jul-to-slf4j-1.7.25.jar:/home/user/.m2/repository/org/eclipse/jetty/jetty-util/9.3.25.v20180904/jetty-util-9.3.25.v20180904.jar:/home/user/.m2/repository/com/fasterxml/jackson/core/jackson-databind/2.9.9/jackson-databind-2.9.9.jar:/home/user/.m2/repository/org/apache/hadoop/hadoop-kms/3.2.0/hadoop-kms-3.2.0-tests.jar:/home/user/.m2/repository/org/apache/hadoop/hadoop-hdds-server-scm/0.5.0-SNAPSHOT/hadoop-hdds-server-scm-0.5.0-SNAPSHOT-tests.jar:/home/user/.m2/repository/org/apache/hadoop/hadoop-hdds-container-service/0.5.0-SNAPSHOT/hadoop-hdds-container-service-0.5.0-SNAPSHOT-tests.jar:/home/user/.m2/repository/org/yaml/snakeyaml/1.16/snakeyaml-1.16.jar:/home/user/.m2/repository/org/apache/hadoop/hadoop-common/3.2.0/hadoop-common-3.2.0-tests.jar:/home/user/.m2/repository/org/apache/hadoop/hadoop-annotations/3.2.0/hadoop-annotations-3.2.0.jar:/usr/lib/jvm/java-1.8-openjdk/jre/../lib/tools.jar:/home/user/.m2/repository/commons-cli/commons-cli/1.2/commons-cli-1.2.jar:/home/user/.m2/repository/org/apache/httpcomponents/httpclient/4.5.2/httpclient-4.5.2.jar:/home/user/.m2/repository/org/apache/httpcomponents/httpcore/4.4.4/httpcore-4.4.4.jar:/home/user/.m2/repository/commons-codec/commons-codec/1.11/commons-codec-1.11.jar:/home/user/.m2/repository/commons-net/commons-net/3.6/commons-net-3.6.jar:/home/user/.m2/repository/commons-collections/commons-collections/3.2.2/commons-collections-3.2.2.jar:/home/user/.m2/repository/org/eclipse/jetty/jetty-servlet/9.3.25.v20180904/jetty-servlet-9.3.25.v20180904.jar:/home/user/.m2/repository/org/eclipse/jetty/jetty-security/9.3.25.v20180904/jetty-security-9.3.25.v20180904.jar:/home/user/.m2/repository/javax/servlet/jsp/jsp-api/2.1/jsp-api-2.1.jar:/home/user/.m2/repository/com/sun/jersey/jersey-servlet/1.19/jersey-servlet-1.19.jar:/home/user/.m2/repository/com/sun/jersey/jersey-json/1.19/jersey-json-1.19.jar:/home/user/.m2/repository/org/codehaus/jettison/jettison/1.1/jettison-1.1.jar:/home/user/.m2/repository/org/codehaus/jackson/jackson-core-asl/1.9.13/jackson-core-asl-1.9.13.jar:/home/user/.m2/repository/org/codehaus/jackson/jackson-mapper-asl/1.9.13/jackson-mapper-asl-1.9.13.jar:/home/user/.m2/repository/org/codehaus/jackson/jackson-jaxrs/1.9.13/jackson-jaxrs-1.9.13.jar:/home/user/.m2/repository/org/codehaus/jackson/jackson-xc/1.9.13/jackson-xc-1.9.13.jar:/home/user/.m2/repository/commons-logging/commons-logging/1.1.3/commons-logging-1.1.3.jar:/home/user/.m2/repository/commons-beanutils/commons-beanutils/1.9.4/commons-beanutils-1.9.4.jar:/home/user/.m2/repository/org/apache/commons/commons-configuration2/2.1.1/commons-configuration2-2.1.1.jar:/home/user/.m2/repository/org/apache/commons/commons-lang3/3.7/commons-lang3-3.7.jar:/home/user/.m2/repository/org/apache/commons/commons-text/1.4/commons-text-1.4.jar:/home/user/.m2/repository/org/apache/avro/avro/1.7.7/avro-1.7.7.jar:/home/user/.m2/repository/com/thoughtworks/paranamer/paranamer/2.3/paranamer-2.3.jar:/home/user/.m2/repository/org/xerial/snappy/snappy-java/1.0.5/snappy-java-1.0.5.jar:/home/user/.m2/repository/com/google/re2j/re2j/1.1/re2j-1.1.jar:/home/user/.m2/repository/com/google/code/gson/gson/2.2.4/gson-2.2.4.jar:/home/user/.m2/repository/com/jcraft/jsch/0.1.54/jsch-0.1.54.jar:/home/user/.m2/repository/org/apache/curator/curator-client/2.12.0/curator-client-2.12.0.jar:/home/user/.m2/repository/org/apache/curator/curator-recipes/2.12.0/curator-recipes-2.12.0.jar:/home/user/.m2/repository/com/google/code/findbugs/jsr305/3.0.0/jsr305-3.0.0.jar:/home/user/.m2/repository/org/apache/htrace/htrace-core4/4.1.0-incubating/htrace-core4-4.1.0-incubating.jar:/home/user/.m2/repository/org/apache/zookeeper/zookeeper/3.4.13/zookeeper-3.4.13.jar:/home/user/.m2/repository/jline/jline/0.9.94/jline-0.9.94.jar:/home/user/.m2/repository/org/apache/yetus/audience-annotations/0.5.0/audience-annotations-0.5.0.jar:/home/user/.m2/repository/org/codehaus/woodstox/stax2-api/3.1.4/stax2-api-3.1.4.jar:/home/user/.m2/repository/com/fasterxml/woodstox/woodstox-core/5.0.3/woodstox-core-5.0.3.jar:/home/user/.m2/repository/dnsjava/dnsjava/2.1.7/dnsjava-2.1.7.jar:/home/user/.m2/repository/org/apache/hadoop/hadoop-hdfs/3.2.0/hadoop-hdfs-3.2.0-tests.jar:/home/user/.m2/repository/org/eclipse/jetty/jetty-util-ajax/9.3.25.v20180904/jetty-util-ajax-9.3.25.v20180904.jar:/home/user/.m2/repository/commons-daemon/commons-daemon/1.0.13/commons-daemon-1.0.13.jar:/home/user/.m2/repository/io/netty/netty/3.10.5.Final/netty-3.10.5.Final.jar:/home/user/.m2/repository/io/netty/netty-all/4.0.52.Final/netty-all-4.0.52.Final.jar:/home/user/.m2/repository/org/fusesource/leveldbjni/leveldbjni-all/1.8/leveldbjni-all-1.8.jar:"/>
    <property name="java.vm.vendor" value="IcedTea"/>
    <property name="sun.arch.data.model" value="64"/>
    <property name="test.build.dir" value="/workdir/hadoop-ozone/integration-test/target/test-dir"/>
    <property name="test.cache.data" value=""/>
    <property name="java.vendor.url" value="https://icedtea.classpath.org"/>
    <property name="user.timezone" value=""/>
    <property name="java.vm.specification.version" value="1.8"/>
    <property name="os.name" value="Linux"/>
    <property name="test.build.data" value="/workdir/hadoop-ozone/integration-test/target/test-dir"/>
    <property name="user.country" value="US"/>
    <property name="sun.java.launcher" value="SUN_STANDARD"/>
    <property name="sun.boot.library.path" value="/usr/lib/jvm/java-1.8-openjdk/jre/lib/amd64"/>
    <property name="sun.java.command" value="/workdir/hadoop-ozone/integration-test/target/surefire/surefirebooter6895904944205710330.jar /workdir/hadoop-ozone/integration-test/target/surefire 2019-10-07T11-06-07_216-jvmRun1 surefire496973619114645383tmp surefire_622687440202114524378tmp"/>
    <property name="test" value="!TestMiniChaosOzoneCluster"/>
    <property name="surefire.test.class.path" value="/workdir/hadoop-ozone/integration-test/target/test-classes:/workdir/hadoop-ozone/integration-test/target/classes:/home/user/.m2/repository/org/apache/hadoop/hadoop-ozone-common/0.5.0-SNAPSHOT/hadoop-ozone-common-0.5.0-SNAPSHOT.jar:/home/user/.m2/repository/org/apache/commons/commons-compress/1.4.1/commons-compress-1.4.1.jar:/home/user/.m2/repository/org/tukaani/xz/1.0/xz-1.0.jar:/home/user/.m2/repository/org/apache/hadoop/hadoop-common/3.2.0/hadoop-common-3.2.0.jar:/home/user/.m2/repository/org/apache/hadoop/hadoop-hdfs/3.2.0/hadoop-hdfs-3.2.0.jar:/home/user/.m2/repository/org/apache/hadoop/hadoop-hdfs-client/3.2.0/hadoop-hdfs-client-3.2.0.jar:/home/user/.m2/repository/com/fasterxml/jackson/core/jackson-annotations/2.9.9/jackson-annotations-2.9.9.jar:/home/user/.m2/repository/org/apache/hadoop/hadoop-hdds-common/0.5.0-SNAPSHOT/hadoop-hdds-common-0.5.0-SNAPSHOT.jar:/home/user/.m2/repository/javax/annotation/javax.annotation-api/1.2/javax.annotation-api-1.2.jar:/home/user/.m2/repository/org/apache/ratis/ratis-server/0.5.0-201fc85-SNAPSHOT/ratis-server-0.5.0-201fc85-SNAPSHOT.jar:/home/user/.m2/repository/org/apache/ratis/ratis-thirdparty-misc/0.2.0/ratis-thirdparty-misc-0.2.0.jar:/home/user/.m2/repository/org/apache/ratis/ratis-proto/0.5.0-201fc85-SNAPSHOT/ratis-proto-0.5.0-201fc85-SNAPSHOT.jar:/home/user/.m2/repository/org/apache/ratis/ratis-common/0.5.0-201fc85-SNAPSHOT/ratis-common-0.5.0-201fc85-SNAPSHOT.jar:/home/user/.m2/repository/org/apache/ratis/ratis-client/0.5.0-201fc85-SNAPSHOT/ratis-client-0.5.0-201fc85-SNAPSHOT.jar:/home/user/.m2/repository/org/apache/ratis/ratis-metrics/0.5.0-201fc85-SNAPSHOT/ratis-metrics-0.5.0-201fc85-SNAPSHOT.jar:/home/user/.m2/repository/com/github/joshelser/dropwizard-metrics-hadoop-metrics2-reporter/0.1.2/dropwizard-metrics-hadoop-metrics2-reporter-0.1.2.jar:/home/user/.m2/repository/io/dropwizard/metrics/metrics-jvm/3.2.5/metrics-jvm-3.2.5.jar:/home/user/.m2/repository/io/dropwizard/metrics/metrics-ganglia/3.2.5/metrics-ganglia-3.2.5.jar:/home/user/.m2/repository/info/ganglia/gmetric4j/gmetric4j/1.0.7/gmetric4j-1.0.7.jar:/home/user/.m2/repository/org/apache/ratis/ratis-netty/0.5.0-201fc85-SNAPSHOT/ratis-netty-0.5.0-201fc85-SNAPSHOT.jar:/home/user/.m2/repository/org/apache/ratis/ratis-grpc/0.5.0-201fc85-SNAPSHOT/ratis-grpc-0.5.0-201fc85-SNAPSHOT.jar:/home/user/.m2/repository/org/rocksdb/rocksdbjni/6.0.1/rocksdbjni-6.0.1.jar:/home/user/.m2/repository/org/apache/logging/log4j/log4j-api/2.11.0/log4j-api-2.11.0.jar:/home/user/.m2/repository/org/apache/logging/log4j/log4j-core/2.11.0/log4j-core-2.11.0.jar:/home/user/.m2/repository/com/lmax/disruptor/3.4.2/disruptor-3.4.2.jar:/home/user/.m2/repository/org/apache/commons/commons-pool2/2.6.0/commons-pool2-2.6.0.jar:/home/user/.m2/repository/org/bouncycastle/bcpkix-jdk15on/1.60/bcpkix-jdk15on-1.60.jar:/home/user/.m2/repository/commons-validator/commons-validator/1.6/commons-validator-1.6.jar:/home/user/.m2/repository/commons-digester/commons-digester/1.8.1/commons-digester-1.8.1.jar:/home/user/.m2/repository/io/jaegertracing/jaeger-client/0.34.0/jaeger-client-0.34.0.jar:/home/user/.m2/repository/io/jaegertracing/jaeger-thrift/0.34.0/jaeger-thrift-0.34.0.jar:/home/user/.m2/repository/org/apache/thrift/libthrift/0.12.0/libthrift-0.12.0.jar:/home/user/.m2/repository/com/squareup/okhttp3/okhttp/3.9.0/okhttp-3.9.0.jar:/home/user/.m2/repository/com/squareup/okio/okio/1.13.0/okio-1.13.0.jar:/home/user/.m2/repository/io/jaegertracing/jaeger-core/0.34.0/jaeger-core-0.34.0.jar:/home/user/.m2/repository/io/jaegertracing/jaeger-tracerresolver/0.34.0/jaeger-tracerresolver-0.34.0.jar:/home/user/.m2/repository/io/opentracing/contrib/opentracing-tracerresolver/0.1.5/opentracing-tracerresolver-0.1.5.jar:/home/user/.m2/repository/io/opentracing/opentracing-util/0.31.0/opentracing-util-0.31.0.jar:/home/user/.m2/repository/io/opentracing/opentracing-api/0.31.0/opentracing-api-0.31.0.jar:/home/user/.m2/repository/io/opentracing/opentracing-noop/0.31.0/opentracing-noop-0.31.0.jar:/home/user/.m2/repository/org/apache/hadoop/hadoop-hdds-server-framework/0.5.0-SNAPSHOT/hadoop-hdds-server-framework-0.5.0-SNAPSHOT.jar:/home/user/.m2/repository/org/apache/hadoop/hadoop-hdds-container-service/0.5.0-SNAPSHOT/hadoop-hdds-container-service-0.5.0-SNAPSHOT.jar:/home/user/.m2/repository/org/apache/hadoop/hadoop-hdds-client/0.5.0-SNAPSHOT/hadoop-hdds-client-0.5.0-SNAPSHOT.jar:/home/user/.m2/repository/org/apache/hadoop/hadoop-hdds-tools/0.5.0-SNAPSHOT/hadoop-hdds-tools-0.5.0-SNAPSHOT.jar:/home/user/.m2/repository/org/apache/hadoop/hadoop-hdds-server-scm/0.5.0-SNAPSHOT/hadoop-hdds-server-scm-0.5.0-SNAPSHOT.jar:/home/user/.m2/repository/org/apache/hadoop/hadoop-hdds-docs/0.5.0-SNAPSHOT/hadoop-hdds-docs-0.5.0-SNAPSHOT.jar:/home/user/.m2/repository/io/dropwizard/metrics/metrics-core/3.2.4/metrics-core-3.2.4.jar:/home/user/.m2/repository/org/hamcrest/hamcrest-all/1.3/hamcrest-all-1.3.jar:/home/user/.m2/repository/org/bouncycastle/bcprov-jdk15on/1.60/bcprov-jdk15on-1.60.jar:/home/user/.m2/repository/info/picocli/picocli/3.9.6/picocli-3.9.6.jar:/home/user/.m2/repository/com/google/protobuf/protobuf-java/2.5.0/protobuf-java-2.5.0.jar:/home/user/.m2/repository/com/google/guava/guava/11.0.2/guava-11.0.2.jar:/home/user/.m2/repository/org/apache/hadoop/hadoop-ozone-ozone-manager/0.5.0-SNAPSHOT/hadoop-ozone-ozone-manager-0.5.0-SNAPSHOT.jar:/home/user/.m2/repository/org/apache/hadoop/hadoop-minikdc/3.2.0/hadoop-minikdc-3.2.0.jar:/home/user/.m2/repository/commons-io/commons-io/2.5/commons-io-2.5.jar:/home/user/.m2/repository/org/apache/kerby/kerb-simplekdc/1.0.1/kerb-simplekdc-1.0.1.jar:/home/user/.m2/repository/org/apache/kerby/kerb-client/1.0.1/kerb-client-1.0.1.jar:/home/user/.m2/repository/org/apache/kerby/kerby-config/1.0.1/kerby-config-1.0.1.jar:/home/user/.m2/repository/org/apache/kerby/kerb-core/1.0.1/kerb-core-1.0.1.jar:/home/user/.m2/repository/org/apache/kerby/kerby-pkix/1.0.1/kerby-pkix-1.0.1.jar:/home/user/.m2/repository/org/apache/kerby/kerby-asn1/1.0.1/kerby-asn1-1.0.1.jar:/home/user/.m2/repository/org/apache/kerby/kerby-util/1.0.1/kerby-util-1.0.1.jar:/home/user/.m2/repository/org/apache/kerby/kerb-common/1.0.1/kerb-common-1.0.1.jar:/home/user/.m2/repository/org/apache/kerby/kerb-crypto/1.0.1/kerb-crypto-1.0.1.jar:/home/user/.m2/repository/org/apache/kerby/kerb-util/1.0.1/kerb-util-1.0.1.jar:/home/user/.m2/repository/org/apache/kerby/token-provider/1.0.1/token-provider-1.0.1.jar:/home/user/.m2/repository/org/apache/kerby/kerb-admin/1.0.1/kerb-admin-1.0.1.jar:/home/user/.m2/repository/org/apache/kerby/kerb-server/1.0.1/kerb-server-1.0.1.jar:/home/user/.m2/repository/org/apache/kerby/kerb-identity/1.0.1/kerb-identity-1.0.1.jar:/home/user/.m2/repository/org/apache/kerby/kerby-xdr/1.0.1/kerby-xdr-1.0.1.jar:/home/user/.m2/repository/org/slf4j/slf4j-log4j12/1.7.25/slf4j-log4j12-1.7.25.jar:/home/user/.m2/repository/org/apache/hadoop/hadoop-ozone-s3gateway/0.5.0-SNAPSHOT/hadoop-ozone-s3gateway-0.5.0-SNAPSHOT.jar:/home/user/.m2/repository/org/jboss/weld/servlet/weld-servlet/2.4.7.Final/weld-servlet-2.4.7.Final.jar:/home/user/.m2/repository/org/glassfish/jersey/containers/jersey-container-servlet-core/2.27/jersey-container-servlet-core-2.27.jar:/home/user/.m2/repository/org/glassfish/hk2/external/javax.inject/2.5.0-b42/javax.inject-2.5.0-b42.jar:/home/user/.m2/repository/org/glassfish/jersey/core/jersey-common/2.27/jersey-common-2.27.jar:/home/user/.m2/repository/org/glassfish/hk2/osgi-resource-locator/1.0.1/osgi-resource-locator-1.0.1.jar:/home/user/.m2/repository/javax/ws/rs/javax.ws.rs-api/2.1/javax.ws.rs-api-2.1.jar:/home/user/.m2/repository/org/glassfish/jersey/ext/cdi/jersey-cdi1x/2.27/jersey-cdi1x-2.27.jar:/home/user/.m2/repository/org/glassfish/jersey/inject/jersey-hk2/2.27/jersey-hk2-2.27.jar:/home/user/.m2/repository/org/glassfish/hk2/hk2-locator/2.5.0-b42/hk2-locator-2.5.0-b42.jar:/home/user/.m2/repository/org/javassist/javassist/3.22.0-CR2/javassist-3.22.0-CR2.jar:/home/user/.m2/repository/org/glassfish/hk2/hk2-api/2.5.0/hk2-api-2.5.0.jar:/home/user/.m2/repository/org/glassfish/hk2/external/jakarta.inject/2.5.0/jakarta.inject-2.5.0.jar:/home/user/.m2/repository/org/glassfish/hk2/hk2-utils/2.5.0/hk2-utils-2.5.0.jar:/home/user/.m2/repository/jakarta/annotation/jakarta.annotation-api/1.3.4/jakarta.annotation-api-1.3.4.jar:/home/user/.m2/repository/org/glassfish/hk2/external/aopalliance-repackaged/2.5.0/aopalliance-repackaged-2.5.0.jar:/home/user/.m2/repository/com/fasterxml/jackson/dataformat/jackson-dataformat-xml/2.9.0/jackson-dataformat-xml-2.9.0.jar:/home/user/.m2/repository/com/fasterxml/jackson/core/jackson-core/2.9.9/jackson-core-2.9.9.jar:/home/user/.m2/repository/com/fasterxml/jackson/module/jackson-module-jaxb-annotations/2.9.9/jackson-module-jaxb-annotations-2.9.9.jar:/home/user/.m2/repository/javax/enterprise/cdi-api/1.2/cdi-api-1.2.jar:/home/user/.m2/repository/javax/el/javax.el-api/3.0.0/javax.el-api-3.0.0.jar:/home/user/.m2/repository/javax/interceptor/javax.interceptor-api/1.2/javax.interceptor-api-1.2.jar:/home/user/.m2/repository/javax/inject/javax.inject/1/javax.inject-1.jar:/home/user/.m2/repository/com/sun/xml/bind/jaxb-impl/2.3.0.1/jaxb-impl-2.3.0.1.jar:/home/user/.m2/repository/com/sun/xml/bind/jaxb-core/2.3.0.1/jaxb-core-2.3.0.1.jar:/home/user/.m2/repository/javax/xml/bind/jaxb-api/2.3.0/jaxb-api-2.3.0.jar:/home/user/.m2/repository/javax/activation/activation/1.1.1/activation-1.1.1.jar:/home/user/.m2/repository/org/apache/hadoop/hadoop-ozone-csi/0.5.0-SNAPSHOT/hadoop-ozone-csi-0.5.0-SNAPSHOT.jar:/home/user/.m2/repository/com/google/protobuf/protobuf-java-util/3.5.1/protobuf-java-util-3.5.1.jar:/home/user/.m2/repository/org/apache/hadoop/hadoop-hdds-config/0.5.0-SNAPSHOT/hadoop-hdds-config-0.5.0-SNAPSHOT.jar:/home/user/.m2/repository/io/grpc/grpc-netty/1.17.1/grpc-netty-1.17.1.jar:/home/user/.m2/repository/io/grpc/grpc-core/1.17.1/grpc-core-1.17.1.jar:/home/user/.m2/repository/io/grpc/grpc-context/1.17.1/grpc-context-1.17.1.jar:/home/user/.m2/repository/com/google/errorprone/error_prone_annotations/2.2.0/error_prone_annotations-2.2.0.jar:/home/user/.m2/repository/org/codehaus/mojo/animal-sniffer-annotations/1.17/animal-sniffer-annotations-1.17.jar:/home/user/.m2/repository/io/opencensus/opencensus-api/0.17.0/opencensus-api-0.17.0.jar:/home/user/.m2/repository/io/opencensus/opencensus-contrib-grpc-metrics/0.17.0/opencensus-contrib-grpc-metrics-0.17.0.jar:/home/user/.m2/repository/io/netty/netty-codec-http2/4.1.30.Final/netty-codec-http2-4.1.30.Final.jar:/home/user/.m2/repository/io/netty/netty-codec-http/4.1.30.Final/netty-codec-http-4.1.30.Final.jar:/home/user/.m2/repository/io/netty/netty-codec/4.1.30.Final/netty-codec-4.1.30.Final.jar:/home/user/.m2/repository/io/netty/netty-handler/4.1.30.Final/netty-handler-4.1.30.Final.jar:/home/user/.m2/repository/io/netty/netty-handler-proxy/4.1.30.Final/netty-handler-proxy-4.1.30.Final.jar:/home/user/.m2/repository/io/netty/netty-codec-socks/4.1.30.Final/netty-codec-socks-4.1.30.Final.jar:/home/user/.m2/repository/io/netty/netty-transport-native-epoll/4.1.30.Final/netty-transport-native-epoll-4.1.30.Final.jar:/home/user/.m2/repository/io/netty/netty-common/4.1.30.Final/netty-common-4.1.30.Final.jar:/home/user/.m2/repository/io/netty/netty-buffer/4.1.30.Final/netty-buffer-4.1.30.Final.jar:/home/user/.m2/repository/io/netty/netty-transport/4.1.30.Final/netty-transport-4.1.30.Final.jar:/home/user/.m2/repository/io/netty/netty-resolver/4.1.30.Final/netty-resolver-4.1.30.Final.jar:/home/user/.m2/repository/io/netty/netty-transport-native-unix-common/4.1.30.Final/netty-transport-native-unix-common-4.1.30.Final.jar:/home/user/.m2/repository/io/grpc/grpc-protobuf/1.17.1/grpc-protobuf-1.17.1.jar:/home/user/.m2/repository/com/google/api/grpc/proto-google-common-protos/1.0.0/proto-google-common-protos-1.0.0.jar:/home/user/.m2/repository/io/grpc/grpc-protobuf-lite/1.17.1/grpc-protobuf-lite-1.17.1.jar:/home/user/.m2/repository/io/grpc/grpc-stub/1.17.1/grpc-stub-1.17.1.jar:/home/user/.m2/repository/org/apache/hadoop/hadoop-ozone-recon/0.5.0-SNAPSHOT/hadoop-ozone-recon-0.5.0-SNAPSHOT.jar:/home/user/.m2/repository/org/apache/hadoop/hadoop-ozone-reconcodegen/0.5.0-SNAPSHOT/hadoop-ozone-reconcodegen-0.5.0-SNAPSHOT.jar:/home/user/.m2/repository/com/google/inject/extensions/guice-multibindings/4.0/guice-multibindings-4.0.jar:/home/user/.m2/repository/com/google/inject/guice/4.0/guice-4.0.jar:/home/user/.m2/repository/aopalliance/aopalliance/1.0/aopalliance-1.0.jar:/home/user/.m2/repository/com/google/inject/extensions/guice-servlet/4.0/guice-servlet-4.0.jar:/home/user/.m2/repository/org/glassfish/jersey/containers/jersey-container-servlet/2.27/jersey-container-servlet-2.27.jar:/home/user/.m2/repository/org/glassfish/hk2/guice-bridge/2.5.0/guice-bridge-2.5.0.jar:/home/user/.m2/repository/org/glassfish/jersey/core/jersey-server/2.27/jersey-server-2.27.jar:/home/user/.m2/repository/org/glassfish/jersey/core/jersey-client/2.27/jersey-client-2.27.jar:/home/user/.m2/repository/org/glassfish/jersey/media/jersey-media-jaxb/2.27/jersey-media-jaxb-2.27.jar:/home/user/.m2/repository/javax/validation/validation-api/1.1.0.Final/validation-api-1.1.0.Final.jar:/home/user/.m2/repository/org/glassfish/jersey/media/jersey-media-json-jackson/2.27/jersey-media-json-jackson-2.27.jar:/home/user/.m2/repository/org/glassfish/jersey/ext/jersey-entity-filtering/2.27/jersey-entity-filtering-2.27.jar:/home/user/.m2/repository/com/google/inject/extensions/guice-assistedinject/4.0/guice-assistedinject-4.0.jar:/home/user/.m2/repository/org/jooq/jooq/3.11.10/jooq-3.11.10.jar:/home/user/.m2/repository/org/jooq/jooq-meta/3.11.10/jooq-meta-3.11.10.jar:/home/user/.m2/repository/org/jooq/jooq-codegen/3.11.10/jooq-codegen-3.11.10.jar:/home/user/.m2/repository/com/jolbox/bonecp/0.8.0.RELEASE/bonecp-0.8.0.RELEASE.jar:/home/user/.m2/repository/org/xerial/sqlite-jdbc/3.25.2/sqlite-jdbc-3.25.2.jar:/home/user/.m2/repository/org/springframework/spring-jdbc/5.1.3.RELEASE/spring-jdbc-5.1.3.RELEASE.jar:/home/user/.m2/repository/org/springframework/spring-beans/5.1.3.RELEASE/spring-beans-5.1.3.RELEASE.jar:/home/user/.m2/repository/org/springframework/spring-core/5.1.3.RELEASE/spring-core-5.1.3.RELEASE.jar:/home/user/.m2/repository/org/springframework/spring-jcl/5.1.3.RELEASE/spring-jcl-5.1.3.RELEASE.jar:/home/user/.m2/repository/org/springframework/spring-tx/5.1.3.RELEASE/spring-tx-5.1.3.RELEASE.jar:/home/user/.m2/repository/org/apache/hadoop/hadoop-ozone-client/0.5.0-SNAPSHOT/hadoop-ozone-client-0.5.0-SNAPSHOT.jar:/home/user/.m2/repository/commons-lang/commons-lang/2.6/commons-lang-2.6.jar:/home/user/.m2/repository/org/apache/hadoop/hadoop-ozone-ozone-manager/0.5.0-SNAPSHOT/hadoop-ozone-ozone-manager-0.5.0-SNAPSHOT-tests.jar:/home/user/.m2/repository/junit/junit/4.11/junit-4.11.jar:/home/user/.m2/repository/org/hamcrest/hamcrest-core/1.3/hamcrest-core-1.3.jar:/home/user/.m2/repository/org/openjdk/jmh/jmh-core/1.19/jmh-core-1.19.jar:/home/user/.m2/repository/net/sf/jopt-simple/jopt-simple/4.6/jopt-simple-4.6.jar:/home/user/.m2/repository/org/apache/commons/commons-math3/3.1.1/commons-math3-3.1.1.jar:/home/user/.m2/repository/org/openjdk/jmh/jmh-generator-annprocess/1.19/jmh-generator-annprocess-1.19.jar:/home/user/.m2/repository/org/mockito/mockito-all/1.8.5/mockito-all-1.8.5.jar:/home/user/.m2/repository/org/apache/hadoop/hadoop-kms/3.2.0/hadoop-kms-3.2.0.jar:/home/user/.m2/repository/org/apache/hadoop/hadoop-auth/3.2.0/hadoop-auth-3.2.0.jar:/home/user/.m2/repository/com/nimbusds/nimbus-jose-jwt/4.41.1/nimbus-jose-jwt-4.41.1.jar:/home/user/.m2/repository/com/github/stephenc/jcip/jcip-annotations/1.0-1/jcip-annotations-1.0-1.jar:/home/user/.m2/repository/net/minidev/json-smart/2.3/json-smart-2.3.jar:/home/user/.m2/repository/net/minidev/accessors-smart/1.2/accessors-smart-1.2.jar:/home/user/.m2/repository/org/ow2/asm/asm/5.0.4/asm-5.0.4.jar:/home/user/.m2/repository/org/apache/curator/curator-framework/2.12.0/curator-framework-2.12.0.jar:/home/user/.m2/repository/com/sun/jersey/jersey-core/1.19/jersey-core-1.19.jar:/home/user/.m2/repository/javax/ws/rs/jsr311-api/1.1.1/jsr311-api-1.1.1.jar:/home/user/.m2/repository/com/sun/jersey/jersey-server/1.19/jersey-server-1.19.jar:/home/user/.m2/repository/javax/servlet/javax.servlet-api/3.1.0/javax.servlet-api-3.1.0.jar:/home/user/.m2/repository/org/eclipse/jetty/jetty-server/9.3.25.v20180904/jetty-server-9.3.25.v20180904.jar:/home/user/.m2/repository/org/eclipse/jetty/jetty-http/9.3.25.v20180904/jetty-http-9.3.25.v20180904.jar:/home/user/.m2/repository/org/eclipse/jetty/jetty-io/9.3.25.v20180904/jetty-io-9.3.25.v20180904.jar:/home/user/.m2/repository/org/eclipse/jetty/jetty-webapp/9.3.25.v20180904/jetty-webapp-9.3.25.v20180904.jar:/home/user/.m2/repository/org/eclipse/jetty/jetty-xml/9.3.25.v20180904/jetty-xml-9.3.25.v20180904.jar:/home/user/.m2/repository/log4j/log4j/1.2.17/log4j-1.2.17.jar:/home/user/.m2/repository/org/slf4j/slf4j-api/1.7.25/slf4j-api-1.7.25.jar:/home/user/.m2/repository/org/slf4j/jul-to-slf4j/1.7.25/jul-to-slf4j-1.7.25.jar:/home/user/.m2/repository/org/eclipse/jetty/jetty-util/9.3.25.v20180904/jetty-util-9.3.25.v20180904.jar:/home/user/.m2/repository/com/fasterxml/jackson/core/jackson-databind/2.9.9/jackson-databind-2.9.9.jar:/home/user/.m2/repository/org/apache/hadoop/hadoop-kms/3.2.0/hadoop-kms-3.2.0-tests.jar:/home/user/.m2/repository/org/apache/hadoop/hadoop-hdds-server-scm/0.5.0-SNAPSHOT/hadoop-hdds-server-scm-0.5.0-SNAPSHOT-tests.jar:/home/user/.m2/repository/org/apache/hadoop/hadoop-hdds-container-service/0.5.0-SNAPSHOT/hadoop-hdds-container-service-0.5.0-SNAPSHOT-tests.jar:/home/user/.m2/repository/org/yaml/snakeyaml/1.16/snakeyaml-1.16.jar:/home/user/.m2/repository/org/apache/hadoop/hadoop-common/3.2.0/hadoop-common-3.2.0-tests.jar:/home/user/.m2/repository/org/apache/hadoop/hadoop-annotations/3.2.0/hadoop-annotations-3.2.0.jar:/usr/lib/jvm/java-1.8-openjdk/jre/../lib/tools.jar:/home/user/.m2/repository/commons-cli/commons-cli/1.2/commons-cli-1.2.jar:/home/user/.m2/repository/org/apache/httpcomponents/httpclient/4.5.2/httpclient-4.5.2.jar:/home/user/.m2/repository/org/apache/httpcomponents/httpcore/4.4.4/httpcore-4.4.4.jar:/home/user/.m2/repository/commons-codec/commons-codec/1.11/commons-codec-1.11.jar:/home/user/.m2/repository/commons-net/commons-net/3.6/commons-net-3.6.jar:/home/user/.m2/repository/commons-collections/commons-collections/3.2.2/commons-collections-3.2.2.jar:/home/user/.m2/repository/org/eclipse/jetty/jetty-servlet/9.3.25.v20180904/jetty-servlet-9.3.25.v20180904.jar:/home/user/.m2/repository/org/eclipse/jetty/jetty-security/9.3.25.v20180904/jetty-security-9.3.25.v20180904.jar:/home/user/.m2/repository/javax/servlet/jsp/jsp-api/2.1/jsp-api-2.1.jar:/home/user/.m2/repository/com/sun/jersey/jersey-servlet/1.19/jersey-servlet-1.19.jar:/home/user/.m2/repository/com/sun/jersey/jersey-json/1.19/jersey-json-1.19.jar:/home/user/.m2/repository/org/codehaus/jettison/jettison/1.1/jettison-1.1.jar:/home/user/.m2/repository/org/codehaus/jackson/jackson-core-asl/1.9.13/jackson-core-asl-1.9.13.jar:/home/user/.m2/repository/org/codehaus/jackson/jackson-mapper-asl/1.9.13/jackson-mapper-asl-1.9.13.jar:/home/user/.m2/repository/org/codehaus/jackson/jackson-jaxrs/1.9.13/jackson-jaxrs-1.9.13.jar:/home/user/.m2/repository/org/codehaus/jackson/jackson-xc/1.9.13/jackson-xc-1.9.13.jar:/home/user/.m2/repository/commons-logging/commons-logging/1.1.3/commons-logging-1.1.3.jar:/home/user/.m2/repository/commons-beanutils/commons-beanutils/1.9.4/commons-beanutils-1.9.4.jar:/home/user/.m2/repository/org/apache/commons/commons-configuration2/2.1.1/commons-configuration2-2.1.1.jar:/home/user/.m2/repository/org/apache/commons/commons-lang3/3.7/commons-lang3-3.7.jar:/home/user/.m2/repository/org/apache/commons/commons-text/1.4/commons-text-1.4.jar:/home/user/.m2/repository/org/apache/avro/avro/1.7.7/avro-1.7.7.jar:/home/user/.m2/repository/com/thoughtworks/paranamer/paranamer/2.3/paranamer-2.3.jar:/home/user/.m2/repository/org/xerial/snappy/snappy-java/1.0.5/snappy-java-1.0.5.jar:/home/user/.m2/repository/com/google/re2j/re2j/1.1/re2j-1.1.jar:/home/user/.m2/repository/com/google/code/gson/gson/2.2.4/gson-2.2.4.jar:/home/user/.m2/repository/com/jcraft/jsch/0.1.54/jsch-0.1.54.jar:/home/user/.m2/repository/org/apache/curator/curator-client/2.12.0/curator-client-2.12.0.jar:/home/user/.m2/repository/org/apache/curator/curator-recipes/2.12.0/curator-recipes-2.12.0.jar:/home/user/.m2/repository/com/google/code/findbugs/jsr305/3.0.0/jsr305-3.0.0.jar:/home/user/.m2/repository/org/apache/htrace/htrace-core4/4.1.0-incubating/htrace-core4-4.1.0-incubating.jar:/home/user/.m2/repository/org/apache/zookeeper/zookeeper/3.4.13/zookeeper-3.4.13.jar:/home/user/.m2/repository/jline/jline/0.9.94/jline-0.9.94.jar:/home/user/.m2/repository/org/apache/yetus/audience-annotations/0.5.0/audience-annotations-0.5.0.jar:/home/user/.m2/repository/org/codehaus/woodstox/stax2-api/3.1.4/stax2-api-3.1.4.jar:/home/user/.m2/repository/com/fasterxml/woodstox/woodstox-core/5.0.3/woodstox-core-5.0.3.jar:/home/user/.m2/repository/dnsjava/dnsjava/2.1.7/dnsjava-2.1.7.jar:/home/user/.m2/repository/org/apache/hadoop/hadoop-hdfs/3.2.0/hadoop-hdfs-3.2.0-tests.jar:/home/user/.m2/repository/org/eclipse/jetty/jetty-util-ajax/9.3.25.v20180904/jetty-util-ajax-9.3.25.v20180904.jar:/home/user/.m2/repository/commons-daemon/commons-daemon/1.0.13/commons-daemon-1.0.13.jar:/home/user/.m2/repository/io/netty/netty/3.10.5.Final/netty-3.10.5.Final.jar:/home/user/.m2/repository/io/netty/netty-all/4.0.52.Final/netty-all-4.0.52.Final.jar:/home/user/.m2/repository/org/fusesource/leveldbjni/leveldbjni-all/1.8/leveldbjni-all-1.8.jar:"/>
    <property name="sun.cpu.endian" value="little"/>
    <property name="user.home" value="/home/user"/>
    <property name="user.language" value="en"/>
    <property name="java.specification.vendor" value="Oracle Corporation"/>
    <property name="java.home" value="/usr/lib/jvm/java-1.8-openjdk/jre"/>
    <property name="java.security.krb5.conf" value="/workdir/hadoop-ozone/integration-test/target/test-classes/krb5.conf"/>
    <property name="basedir" value="/workdir/hadoop-ozone/integration-test"/>
    <property name="file.separator" value="/"/>
    <property name="line.separator" value="&#10;"/>
    <property name="java.vm.specification.vendor" value="Oracle Corporation"/>
    <property name="java.specification.name" value="Java Platform API Specification"/>
    <property name="java.awt.graphicsenv" value="sun.awt.X11GraphicsEnvironment"/>
    <property name="surefire.real.class.path" value="/workdir/hadoop-ozone/integration-test/target/surefire/surefirebooter6895904944205710330.jar"/>
    <property name="hadoop.log.dir" value="/workdir/hadoop-ozone/integration-test/target/log"/>
    <property name="sun.boot.class.path" value="/usr/lib/jvm/java-1.8-openjdk/jre/lib/resources.jar:/usr/lib/jvm/java-1.8-openjdk/jre/lib/rt.jar:/usr/lib/jvm/java-1.8-openjdk/jre/lib/sunrsasign.jar:/usr/lib/jvm/java-1.8-openjdk/jre/lib/jsse.jar:/usr/lib/jvm/java-1.8-openjdk/jre/lib/jce.jar:/usr/lib/jvm/java-1.8-openjdk/jre/lib/charsets.jar:/usr/lib/jvm/java-1.8-openjdk/jre/lib/jfr.jar:/usr/lib/jvm/java-1.8-openjdk/jre/classes"/>
    <property name="sun.management.compiler" value="HotSpot 64-Bit Tiered Compilers"/>
    <property name="java.runtime.version" value="1.8.0_212-b04"/>
    <property name="java.net.preferIPv4Stack" value="true"/>
    <property name="user.name" value="jenkins1000"/>
    <property name="path.separator" value=":"/>
    <property name="java.security.egd" value="file:///dev/urandom"/>
    <property name="os.version" value="3.10.0-957.12.2.el7.x86_64"/>
    <property name="java.endorsed.dirs" value="/usr/lib/jvm/java-1.8-openjdk/jre/lib/endorsed"/>
    <property name="java.runtime.name" value="OpenJDK Runtime Environment"/>
    <property name="file.encoding" value="UTF-8"/>
    <property name="java.vm.name" value="OpenJDK 64-Bit Server VM"/>
    <property name="test.build.webapps" value=""/>
    <property name="localRepository" value="/home/user/.m2/repository"/>
    <property name="java.vendor.url.bug" value="https://icedtea.classpath.org/bugzilla"/>
    <property name="java.io.tmpdir" value="/tmp"/>
    <property name="require.test.libhadoop" value=""/>
    <property name="java.version" value="1.8.0_212"/>
    <property name="user.dir" value="/workdir/hadoop-ozone/integration-test"/>
    <property name="os.arch" value="amd64"/>
    <property name="java.vm.specification.name" value="Java Virtual Machine Specification"/>
    <property name="test.build.classes" value="/workdir/hadoop-ozone/integration-test/target/test-classes"/>
    <property name="java.awt.printerjob" value="sun.print.PSPrinterJob"/>
    <property name="sun.os.patch.level" value="unknown"/>
    <property name="hadoop.tmp.dir" value="/workdir/hadoop-ozone/integration-test/target/tmp"/>
    <property name="java.library.path" value="/usr/lib/jvm/java-1.8-openjdk/jre/lib/amd64/server:/usr/lib/jvm/java-1.8-openjdk/jre/lib/amd64:/usr/lib/jvm/java-1.8-openjdk/jre/../lib/amd64:/workdir/hadoop-ozone/integration-test/target/native/target/usr/local/lib:/workdir/hadoop-ozone/integration-test/../../hadoop-common-project/hadoop-common/target/native/target/usr/local/lib:/usr/java/packages/lib/amd64:/usr/lib64:/lib64:/lib:/usr/lib"/>
    <property name="java.vm.info" value="mixed mode"/>
    <property name="java.vendor" value="IcedTea"/>
    <property name="java.vm.version" value="25.212-b04"/>
    <property name="java.ext.dirs" value="/usr/lib/jvm/java-1.8-openjdk/jre/lib/ext:/usr/java/packages/lib/ext"/>
    <property name="sun.io.unicode.encoding" value="UnicodeLittle"/>
    <property name="java.class.version" value="52.0"/>
  </properties>
  <testcase name="testWatchForCommitWithKeyWrite" classname="org.apache.hadoop.ozone.client.rpc.TestWatchForCommit" time="60.748"/>
  <testcase name="testWatchForCommitWithSmallerTimeoutValue" classname="org.apache.hadoop.ozone.client.rpc.TestWatchForCommit" time="42.529"/>
  <testcase name="testWatchForCommitForRetryfailure" classname="org.apache.hadoop.ozone.client.rpc.TestWatchForCommit" time="75.693"/>
  <testcase name="testWatchForCommitForGroupMismatchException" classname="org.apache.hadoop.ozone.client.rpc.TestWatchForCommit" time="36.991"/>
  <testcase name="test2WayCommitForTimeoutException" classname="org.apache.hadoop.ozone.client.rpc.TestWatchForCommit" time="22.032">
    <error type="java.util.concurrent.TimeoutException">java.util.concurrent.TimeoutException
	at java.util.concurrent.CompletableFuture.timedGet(CompletableFuture.java:1771)
	at java.util.concurrent.CompletableFuture.get(CompletableFuture.java:1915)
	at org.apache.hadoop.hdds.scm.XceiverClientRatis.watchForCommit(XceiverClientRatis.java:275)
	at org.apache.hadoop.ozone.client.rpc.TestWatchForCommit.test2WayCommitForTimeoutException(TestWatchForCommit.java:391)
	at sun.reflect.NativeMethodAccessorImpl.invoke0(Native Method)
	at sun.reflect.NativeMethodAccessorImpl.invoke(NativeMethodAccessorImpl.java:62)
	at sun.reflect.DelegatingMethodAccessorImpl.invoke(DelegatingMethodAccessorImpl.java:43)
	at java.lang.reflect.Method.invoke(Method.java:498)
	at org.junit.runners.model.FrameworkMethod$1.runReflectiveCall(FrameworkMethod.java:47)
	at org.junit.internal.runners.model.ReflectiveCallable.run(ReflectiveCallable.java:12)
	at org.junit.runners.model.FrameworkMethod.invokeExplosively(FrameworkMethod.java:44)
	at org.junit.internal.runners.statements.InvokeMethod.evaluate(InvokeMethod.java:17)
	at org.junit.runners.ParentRunner.runLeaf(ParentRunner.java:271)
	at org.junit.runners.BlockJUnit4ClassRunner.runChild(BlockJUnit4ClassRunner.java:70)
	at org.junit.runners.BlockJUnit4ClassRunner.runChild(BlockJUnit4ClassRunner.java:50)
	at org.junit.runners.ParentRunner$3.run(ParentRunner.java:238)
	at org.junit.runners.ParentRunner$1.schedule(ParentRunner.java:63)
	at org.junit.runners.ParentRunner.runChildren(ParentRunner.java:236)
	at org.junit.runners.ParentRunner.access$000(ParentRunner.java:53)
	at org.junit.runners.ParentRunner$2.evaluate(ParentRunner.java:229)
	at org.junit.runners.ParentRunner.run(ParentRunner.java:309)
	at org.apache.maven.surefire.junit4.JUnit4Provider.execute(JUnit4Provider.java:365)
	at org.apache.maven.surefire.junit4.JUnit4Provider.executeWithRerun(JUnit4Provider.java:273)
	at org.apache.maven.surefire.junit4.JUnit4Provider.executeTestSet(JUnit4Provider.java:238)
	at org.apache.maven.surefire.junit4.JUnit4Provider.invoke(JUnit4Provider.java:159)
	at org.apache.maven.surefire.booter.ForkedBooter.invokeProviderInSameClassLoader(ForkedBooter.java:384)
	at org.apache.maven.surefire.booter.ForkedBooter.runSuitesInProcess(ForkedBooter.java:345)
	at org.apache.maven.surefire.booter.ForkedBooter.execute(ForkedBooter.java:126)
	at org.apache.maven.surefire.booter.ForkedBooter.main(ForkedBooter.java:418)
</error>
    <system-out><![CDATA[2019-10-07 12:26:50,171 [main] WARN  server.ServerUtils (ServerUtils.java:getScmDbDir(145)) - ozone.scm.db.dirs is not configured. We recommend adding this setting. Falling back to ozone.metadata.dirs instead.
2019-10-07 12:26:50,212 [main] WARN  server.ServerUtils (ServerUtils.java:getScmDbDir(145)) - ozone.scm.db.dirs is not configured. We recommend adding this setting. Falling back to ozone.metadata.dirs instead.
2019-10-07 12:26:50,212 [main] WARN  server.ServerUtils (ServerUtils.java:getScmDbDir(145)) - ozone.scm.db.dirs is not configured. We recommend adding this setting. Falling back to ozone.metadata.dirs instead.
2019-10-07 12:26:50,213 [main] INFO  db.DBStoreBuilder (DBStoreBuilder.java:addTable(117)) - using custom profile for table: deletedBlocks
2019-10-07 12:26:50,213 [main] INFO  db.DBStoreBuilder (DBStoreBuilder.java:processTables(168)) - Using default column profile:DBProfile.DISK for Table:deletedBlocks
2019-10-07 12:26:50,213 [main] INFO  db.DBStoreBuilder (DBStoreBuilder.java:addTable(117)) - using custom profile for table: validCerts
2019-10-07 12:26:50,213 [main] INFO  db.DBStoreBuilder (DBStoreBuilder.java:processTables(168)) - Using default column profile:DBProfile.DISK for Table:validCerts
2019-10-07 12:26:50,213 [main] INFO  db.DBStoreBuilder (DBStoreBuilder.java:addTable(117)) - using custom profile for table: revokedCerts
2019-10-07 12:26:50,213 [main] INFO  db.DBStoreBuilder (DBStoreBuilder.java:processTables(168)) - Using default column profile:DBProfile.DISK for Table:revokedCerts
2019-10-07 12:26:50,214 [main] INFO  db.DBStoreBuilder (DBStoreBuilder.java:addTable(117)) - using custom profile for table: default
2019-10-07 12:26:50,214 [main] INFO  db.DBStoreBuilder (DBStoreBuilder.java:processTables(174)) - Using default column profile:DBProfile.DISK for Table:default
2019-10-07 12:26:50,214 [main] INFO  db.DBStoreBuilder (DBStoreBuilder.java:getDbProfile(205)) - Using default options. DBProfile.DISK
2019-10-07 12:26:50,354 [main] INFO  net.NodeSchemaLoader (NodeSchemaLoader.java:loadSchemaFromFile(125)) - Loading file from sun.misc.CompoundEnumeration@5eed6dfb
2019-10-07 12:26:50,354 [main] INFO  net.NodeSchemaLoader (NodeSchemaLoader.java:loadSchema(171)) - Loading network topology layer schema file
2019-10-07 12:26:50,359 [main] WARN  server.ServerUtils (ServerUtils.java:sanitizeUserArgs(70)) - ozone.scm.stale.node.interval value = 300000 is larger than max = 100000 based on the key value of ozone.scm.heartbeat.thread.interval, reset to the max value 100000.
2019-10-07 12:26:50,360 [main] WARN  server.ServerUtils (ServerUtils.java:sanitizeUserArgs(70)) - ozone.scm.stale.node.interval value = 300000 is larger than max = 100000 based on the key value of ozone.scm.heartbeat.thread.interval, reset to the max value 100000.
2019-10-07 12:26:50,360 [main] INFO  node.SCMNodeManager (SCMNodeManager.java:<init>(116)) - Entering startup safe mode.
2019-10-07 12:26:50,361 [main] INFO  algorithms.ContainerPlacementPolicyFactory (ContainerPlacementPolicyFactory.java:getPolicy(57)) - Create container placement policy of type org.apache.hadoop.hdds.scm.container.placement.algorithms.SCMContainerPlacementRandom
2019-10-07 12:26:50,361 [main] WARN  server.ServerUtils (ServerUtils.java:getScmDbDir(145)) - ozone.scm.db.dirs is not configured. We recommend adding this setting. Falling back to ozone.metadata.dirs instead.
2019-10-07 12:26:50,403 [main] INFO  pipeline.SCMPipelineManager (SCMPipelineManager.java:initializePipelineState(132)) - No pipeline exists in current db
2019-10-07 12:26:50,403 [main] WARN  server.ServerUtils (ServerUtils.java:getScmDbDir(145)) - ozone.scm.db.dirs is not configured. We recommend adding this setting. Falling back to ozone.metadata.dirs instead.
2019-10-07 12:26:50,462 [main] WARN  events.EventQueue (EventQueue.java:fireEvent(183)) - No event handler registered for event TypedEvent{payloadType=SafeModeStatus, name='SafeModeStatus'}
2019-10-07 12:26:50,463 [main] INFO  ipc.CallQueueManager (CallQueueManager.java:<init>(84)) - Using callQueue: class java.util.concurrent.LinkedBlockingQueue, queueCapacity: 2000, scheduler: class org.apache.hadoop.ipc.DefaultRpcScheduler, ipcBackoff: false.
2019-10-07 12:26:50,464 [Socket Reader #1 for port 34254] INFO  ipc.Server (Server.java:run(1074)) - Starting Socket Reader #1 for port 34254
2019-10-07 12:26:50,466 [main] INFO  ipc.CallQueueManager (CallQueueManager.java:<init>(84)) - Using callQueue: class java.util.concurrent.LinkedBlockingQueue, queueCapacity: 2000, scheduler: class org.apache.hadoop.ipc.DefaultRpcScheduler, ipcBackoff: false.
2019-10-07 12:26:50,467 [Socket Reader #1 for port 39313] INFO  ipc.Server (Server.java:run(1074)) - Starting Socket Reader #1 for port 39313
2019-10-07 12:26:50,469 [main] INFO  ipc.CallQueueManager (CallQueueManager.java:<init>(84)) - Using callQueue: class java.util.concurrent.LinkedBlockingQueue, queueCapacity: 2000, scheduler: class org.apache.hadoop.ipc.DefaultRpcScheduler, ipcBackoff: false.
2019-10-07 12:26:50,469 [Socket Reader #1 for port 37247] INFO  ipc.Server (Server.java:run(1074)) - Starting Socket Reader #1 for port 37247
2019-10-07 12:26:50,471 [main] INFO  hdfs.DFSUtil (DFSUtil.java:httpServerTemplateForNNAndJN(1641)) - Starting Web-server for scm at: http://0.0.0.0:0
2019-10-07 12:26:50,474 [main] INFO  server.AuthenticationFilter (AuthenticationFilter.java:constructSecretProvider(240)) - Unable to initialize FileSignerSecretProvider, falling back to use random secrets.
2019-10-07 12:26:50,475 [main] WARN  http.HttpRequestLog (HttpRequestLog.java:getRequestLog(97)) - Jetty request log can only be enabled using Log4j
2019-10-07 12:26:50,478 [main] INFO  http.HttpServer2 (HttpServer2.java:addGlobalFilter(975)) - Added global filter 'safety' (class=org.apache.hadoop.http.HttpServer2$QuotingInputFilter)
2019-10-07 12:26:50,479 [main] INFO  http.HttpServer2 (HttpServer2.java:addFilter(948)) - Added filter static_user_filter (class=org.apache.hadoop.http.lib.StaticUserWebFilter$StaticUserFilter) to context scm
2019-10-07 12:26:50,479 [main] INFO  http.HttpServer2 (HttpServer2.java:addFilter(958)) - Added filter static_user_filter (class=org.apache.hadoop.http.lib.StaticUserWebFilter$StaticUserFilter) to context static
2019-10-07 12:26:50,479 [main] INFO  http.HttpServer2 (HttpServer2.java:addFilter(958)) - Added filter static_user_filter (class=org.apache.hadoop.http.lib.StaticUserWebFilter$StaticUserFilter) to context logs
2019-10-07 12:26:50,483 [main] INFO  server.StorageContainerManager (StorageContainerManager.java:start(770)) - StorageContainerLocationProtocol RPC server is listening at /0.0.0.0:37247
2019-10-07 12:26:50,485 [main] WARN  impl.MetricsConfig (MetricsConfig.java:loadFirst(134)) - Cannot locate configuration: tried hadoop-metrics2-storagecontainermanager.properties,hadoop-metrics2.properties
2019-10-07 12:26:50,487 [main] INFO  impl.MetricsSystemImpl (MetricsSystemImpl.java:startTimer(374)) - Scheduled Metric snapshot period at 10 second(s).
2019-10-07 12:26:50,487 [main] INFO  impl.MetricsSystemImpl (MetricsSystemImpl.java:start(191)) - StorageContainerManager metrics system started
2019-10-07 12:26:50,579 [main] WARN  impl.MetricsSystemImpl (MetricsSystemImpl.java:register(276)) - Sink prometheus already exists!
2019-10-07 12:26:50,698 [main] INFO  server.SCMClientProtocolServer (SCMClientProtocolServer.java:start(159)) - RPC server for Client  is listening at /0.0.0.0:37247
2019-10-07 12:26:50,699 [IPC Server Responder] INFO  ipc.Server (Server.java:run(1314)) - IPC Server Responder: starting
2019-10-07 12:26:50,699 [IPC Server listener on 37247] INFO  ipc.Server (Server.java:run(1153)) - IPC Server listener on 37247: starting
2019-10-07 12:26:50,704 [main] INFO  server.StorageContainerManager (StorageContainerManager.java:start(780)) - ScmBlockLocationProtocol RPC server is listening at /0.0.0.0:39313
2019-10-07 12:26:50,705 [main] INFO  server.SCMBlockProtocolServer (SCMBlockProtocolServer.java:start(146)) - RPC server for Block Protocol is listening at /0.0.0.0:39313
2019-10-07 12:26:50,705 [IPC Server Responder] INFO  ipc.Server (Server.java:run(1314)) - IPC Server Responder: starting
2019-10-07 12:26:50,706 [IPC Server listener on 39313] INFO  ipc.Server (Server.java:run(1153)) - IPC Server listener on 39313: starting
2019-10-07 12:26:50,708 [main] INFO  server.StorageContainerManager (StorageContainerManager.java:start(784)) - ScmDatanodeProtocl RPC server is listening at /0.0.0.0:34254
2019-10-07 12:26:50,708 [main] INFO  server.SCMDatanodeProtocolServer (SCMDatanodeProtocolServer.java:start(169)) - RPC server for DataNodes is listening at /0.0.0.0:34254
2019-10-07 12:26:50,709 [IPC Server Responder] INFO  ipc.Server (Server.java:run(1314)) - IPC Server Responder: starting
2019-10-07 12:26:50,709 [IPC Server listener on 34254] INFO  ipc.Server (Server.java:run(1153)) - IPC Server listener on 34254: starting
2019-10-07 12:26:50,712 [main] INFO  http.HttpServer2 (HttpServer2.java:bindListener(1191)) - Jetty bound to port 39481
2019-10-07 12:26:50,712 [main] INFO  server.Server (Server.java:doStart(351)) - jetty-9.3.25.v20180904, build timestamp: 2018-09-04T21:11:46Z, git hash: 3ce520221d0240229c862b122d2b06c12a625732
2019-10-07 12:26:50,714 [main] INFO  handler.ContextHandler (ContextHandler.java:doStart(781)) - Started o.e.j.s.ServletContextHandler@5d1d9d73{/logs,file:///workdir/hadoop-ozone/integration-test/target/log,AVAILABLE}
2019-10-07 12:26:50,714 [main] INFO  handler.ContextHandler (ContextHandler.java:doStart(781)) - Started o.e.j.s.ServletContextHandler@764a3e5d{/static,file:///workdir/hadoop-ozone/integration-test/target/test-classes/webapps/static,AVAILABLE}
2019-10-07 12:26:50,720 [main] INFO  handler.ContextHandler (ContextHandler.java:doStart(781)) - Started o.e.j.w.WebAppContext@482c351d{/,file:///workdir/hadoop-ozone/integration-test/target/test-classes/webapps/scm/,AVAILABLE}{/scm}
2019-10-07 12:26:50,720 [main] INFO  server.AbstractConnector (AbstractConnector.java:doStart(278)) - Started ServerConnector@75eaba95{HTTP/1.1,[http/1.1]}{0.0.0.0:39481}
2019-10-07 12:26:50,721 [main] INFO  server.Server (Server.java:doStart(419)) - Started @216912ms
2019-10-07 12:26:50,722 [main] WARN  impl.MetricsSystemImpl (MetricsSystemImpl.java:register(276)) - Sink prometheus already exists!
2019-10-07 12:26:50,722 [main] INFO  server.BaseHttpServer (BaseHttpServer.java:updateConnectorAddress(215)) - HTTP server of SCM is listening at http://0.0.0.0:39481
2019-10-07 12:26:50,724 [main] WARN  server.ServerUtils (ServerUtils.java:getDBPath(222)) - ozone.om.db.dirs is not configured. We recommend adding this setting. Falling back to ozone.metadata.dirs instead.
2019-10-07 12:26:50,724 [org.apache.hadoop.util.JvmPauseMonitor$Monitor@435e416c] INFO  util.JvmPauseMonitor (JvmPauseMonitor.java:run(188)) - Starting JVM pause monitor
2019-10-07 12:26:50,737 [main] INFO  ha.OMHANodeDetails (OMHANodeDetails.java:loadOMHAConfig(190)) - Configuration either no ozone.om.address set. Falling back to the default OM address /127.0.0.1:0
2019-10-07 12:26:50,737 [main] INFO  ha.OMHANodeDetails (OMHANodeDetails.java:getOMNodeDetails(220)) - OM Service ID is not set. Setting it to the default ID: omServiceIdDefault
2019-10-07 12:26:50,737 [main] WARN  server.ServerUtils (ServerUtils.java:getDBPath(222)) - ozone.om.db.dirs is not configured. We recommend adding this setting. Falling back to ozone.metadata.dirs instead.
2019-10-07 12:26:50,738 [main] WARN  server.ServerUtils (ServerUtils.java:getDBPath(222)) - ozone.om.db.dirs is not configured. We recommend adding this setting. Falling back to ozone.metadata.dirs instead.
2019-10-07 12:26:50,746 [main] WARN  server.ServerUtils (ServerUtils.java:getDBPath(222)) - ozone.om.db.dirs is not configured. We recommend adding this setting. Falling back to ozone.metadata.dirs instead.
2019-10-07 12:26:50,746 [main] INFO  db.DBStoreBuilder (DBStoreBuilder.java:addTable(117)) - using custom profile for table: userTable
2019-10-07 12:26:50,746 [main] INFO  db.DBStoreBuilder (DBStoreBuilder.java:processTables(168)) - Using default column profile:DBProfile.DISK for Table:userTable
2019-10-07 12:26:50,747 [main] INFO  db.DBStoreBuilder (DBStoreBuilder.java:addTable(117)) - using custom profile for table: volumeTable
2019-10-07 12:26:50,747 [main] INFO  db.DBStoreBuilder (DBStoreBuilder.java:processTables(168)) - Using default column profile:DBProfile.DISK for Table:volumeTable
2019-10-07 12:26:50,747 [main] INFO  db.DBStoreBuilder (DBStoreBuilder.java:addTable(117)) - using custom profile for table: bucketTable
2019-10-07 12:26:50,747 [main] INFO  db.DBStoreBuilder (DBStoreBuilder.java:processTables(168)) - Using default column profile:DBProfile.DISK for Table:bucketTable
2019-10-07 12:26:50,747 [main] INFO  db.DBStoreBuilder (DBStoreBuilder.java:addTable(117)) - using custom profile for table: keyTable
2019-10-07 12:26:50,747 [main] INFO  db.DBStoreBuilder (DBStoreBuilder.java:processTables(168)) - Using default column profile:DBProfile.DISK for Table:keyTable
2019-10-07 12:26:50,748 [main] INFO  db.DBStoreBuilder (DBStoreBuilder.java:addTable(117)) - using custom profile for table: deletedTable
2019-10-07 12:26:50,748 [main] INFO  db.DBStoreBuilder (DBStoreBuilder.java:processTables(168)) - Using default column profile:DBProfile.DISK for Table:deletedTable
2019-10-07 12:26:50,748 [main] INFO  db.DBStoreBuilder (DBStoreBuilder.java:addTable(117)) - using custom profile for table: openKeyTable
2019-10-07 12:26:50,748 [main] INFO  db.DBStoreBuilder (DBStoreBuilder.java:processTables(168)) - Using default column profile:DBProfile.DISK for Table:openKeyTable
2019-10-07 12:26:50,748 [main] INFO  db.DBStoreBuilder (DBStoreBuilder.java:addTable(117)) - using custom profile for table: s3Table
2019-10-07 12:26:50,748 [main] INFO  db.DBStoreBuilder (DBStoreBuilder.java:processTables(168)) - Using default column profile:DBProfile.DISK for Table:s3Table
2019-10-07 12:26:50,749 [main] INFO  db.DBStoreBuilder (DBStoreBuilder.java:addTable(117)) - using custom profile for table: multipartInfoTable
2019-10-07 12:26:50,749 [main] INFO  db.DBStoreBuilder (DBStoreBuilder.java:processTables(168)) - Using default column profile:DBProfile.DISK for Table:multipartInfoTable
2019-10-07 12:26:50,749 [main] INFO  db.DBStoreBuilder (DBStoreBuilder.java:addTable(117)) - using custom profile for table: dTokenTable
2019-10-07 12:26:50,749 [main] INFO  db.DBStoreBuilder (DBStoreBuilder.java:processTables(168)) - Using default column profile:DBProfile.DISK for Table:dTokenTable
2019-10-07 12:26:50,749 [main] INFO  db.DBStoreBuilder (DBStoreBuilder.java:addTable(117)) - using custom profile for table: s3SecretTable
2019-10-07 12:26:50,749 [main] INFO  db.DBStoreBuilder (DBStoreBuilder.java:processTables(168)) - Using default column profile:DBProfile.DISK for Table:s3SecretTable
2019-10-07 12:26:50,750 [main] INFO  db.DBStoreBuilder (DBStoreBuilder.java:addTable(117)) - using custom profile for table: prefixTable
2019-10-07 12:26:50,750 [main] INFO  db.DBStoreBuilder (DBStoreBuilder.java:processTables(168)) - Using default column profile:DBProfile.DISK for Table:prefixTable
2019-10-07 12:26:50,750 [main] INFO  db.DBStoreBuilder (DBStoreBuilder.java:addTable(117)) - using custom profile for table: default
2019-10-07 12:26:50,750 [main] INFO  db.DBStoreBuilder (DBStoreBuilder.java:processTables(174)) - Using default column profile:DBProfile.DISK for Table:default
2019-10-07 12:26:50,750 [main] INFO  db.DBStoreBuilder (DBStoreBuilder.java:getDbProfile(205)) - Using default options. DBProfile.DISK
2019-10-07 12:26:51,124 [main] INFO  ipc.CallQueueManager (CallQueueManager.java:<init>(84)) - Using callQueue: class java.util.concurrent.LinkedBlockingQueue, queueCapacity: 2000, scheduler: class org.apache.hadoop.ipc.DefaultRpcScheduler, ipcBackoff: false.
2019-10-07 12:26:51,125 [Socket Reader #1 for port 43919] INFO  ipc.Server (Server.java:run(1074)) - Starting Socket Reader #1 for port 43919
2019-10-07 12:26:51,136 [main] INFO  om.OzoneManager (OzoneManager.java:start(1069)) - OzoneManager RPC server is listening at localhost/127.0.0.1:43919
2019-10-07 12:26:51,136 [main] INFO  impl.MetricsSystemImpl (MetricsSystemImpl.java:init(158)) - OzoneManager metrics system started (again)
2019-10-07 12:26:51,138 [IPC Server Responder] INFO  ipc.Server (Server.java:run(1314)) - IPC Server Responder: starting
2019-10-07 12:26:51,138 [IPC Server listener on 43919] INFO  ipc.Server (Server.java:run(1153)) - IPC Server listener on 43919: starting
2019-10-07 12:26:51,141 [main] INFO  hdfs.DFSUtil (DFSUtil.java:httpServerTemplateForNNAndJN(1641)) - Starting Web-server for ozoneManager at: http://0.0.0.0:0
2019-10-07 12:26:51,142 [main] INFO  server.AuthenticationFilter (AuthenticationFilter.java:constructSecretProvider(240)) - Unable to initialize FileSignerSecretProvider, falling back to use random secrets.
2019-10-07 12:26:51,143 [main] WARN  http.HttpRequestLog (HttpRequestLog.java:getRequestLog(97)) - Jetty request log can only be enabled using Log4j
2019-10-07 12:26:51,144 [main] INFO  http.HttpServer2 (HttpServer2.java:addGlobalFilter(975)) - Added global filter 'safety' (class=org.apache.hadoop.http.HttpServer2$QuotingInputFilter)
2019-10-07 12:26:51,144 [main] INFO  http.HttpServer2 (HttpServer2.java:addFilter(948)) - Added filter static_user_filter (class=org.apache.hadoop.http.lib.StaticUserWebFilter$StaticUserFilter) to context ozoneManager
2019-10-07 12:26:51,144 [main] INFO  http.HttpServer2 (HttpServer2.java:addFilter(958)) - Added filter static_user_filter (class=org.apache.hadoop.http.lib.StaticUserWebFilter$StaticUserFilter) to context logs
2019-10-07 12:26:51,145 [main] INFO  http.HttpServer2 (HttpServer2.java:addFilter(958)) - Added filter static_user_filter (class=org.apache.hadoop.http.lib.StaticUserWebFilter$StaticUserFilter) to context static
2019-10-07 12:26:51,145 [main] INFO  http.HttpServer2 (HttpServer2.java:bindListener(1191)) - Jetty bound to port 37595
2019-10-07 12:26:51,145 [main] INFO  server.Server (Server.java:doStart(351)) - jetty-9.3.25.v20180904, build timestamp: 2018-09-04T21:11:46Z, git hash: 3ce520221d0240229c862b122d2b06c12a625732
2019-10-07 12:26:51,146 [main] INFO  handler.ContextHandler (ContextHandler.java:doStart(781)) - Started o.e.j.s.ServletContextHandler@1e6060f1{/logs,file:///workdir/hadoop-ozone/integration-test/target/log,AVAILABLE}
2019-10-07 12:26:51,147 [main] INFO  handler.ContextHandler (ContextHandler.java:doStart(781)) - Started o.e.j.s.ServletContextHandler@2c6c302f{/static,file:///workdir/hadoop-ozone/integration-test/target/test-classes/webapps/static,AVAILABLE}
2019-10-07 12:26:51,150 [main] INFO  handler.ContextHandler (ContextHandler.java:doStart(781)) - Started o.e.j.w.WebAppContext@391d1e33{/,file:///workdir/hadoop-ozone/integration-test/target/test-classes/webapps/ozoneManager/,AVAILABLE}{/ozoneManager}
2019-10-07 12:26:51,150 [main] INFO  server.AbstractConnector (AbstractConnector.java:doStart(278)) - Started ServerConnector@66f16742{HTTP/1.1,[http/1.1]}{0.0.0.0:37595}
2019-10-07 12:26:51,151 [main] INFO  server.Server (Server.java:doStart(419)) - Started @217342ms
2019-10-07 12:26:51,151 [main] WARN  impl.MetricsSystemImpl (MetricsSystemImpl.java:register(276)) - Sink prometheus already exists!
2019-10-07 12:26:51,151 [main] INFO  server.BaseHttpServer (BaseHttpServer.java:updateConnectorAddress(215)) - HTTP server of OZONEMANAGER is listening at http://0.0.0.0:37595
2019-10-07 12:26:51,164 [main] INFO  impl.MetricsSystemImpl (MetricsSystemImpl.java:init(158)) - HddsDatanode metrics system started (again)
2019-10-07 12:26:51,167 [main] INFO  ozone.HddsDatanodeService (HddsDatanodeService.java:start(184)) - HddsDatanodeService host:pr-hdds-2071-fmvlq-2762171947 ip:192.168.30.26
2019-10-07 12:26:51,172 [main] INFO  volume.HddsVolume (HddsVolume.java:<init>(176)) - Creating Volume: /workdir/hadoop-ozone/integration-test/target/test-dir/MiniOzoneClusterImpl-86c498e6-12e9-4451-86e6-34dda6797130/datanode-0/data/containers/hdds of  storage type : DISK and capacity : 1482555576320
2019-10-07 12:26:51,172 [main] INFO  volume.VolumeSet (VolumeSet.java:initializeVolumeSet(170)) - Added Volume : /workdir/hadoop-ozone/integration-test/target/test-dir/MiniOzoneClusterImpl-86c498e6-12e9-4451-86e6-34dda6797130/datanode-0/data/containers/hdds to VolumeSet
2019-10-07 12:26:51,173 [main] INFO  volume.ThrottledAsyncChecker (ThrottledAsyncChecker.java:schedule(139)) - Scheduling a check for org.apache.hadoop.ozone.container.common.volume.HddsVolume@443a06ad
2019-10-07 12:26:51,173 [main] INFO  volume.HddsVolumeChecker (HddsVolumeChecker.java:checkAllVolumes(202)) - Scheduled health check for volume org.apache.hadoop.ozone.container.common.volume.HddsVolume@443a06ad
2019-10-07 12:26:51,186 [main] INFO  impl.RaftServerProxy (ConfUtils.java:logGet(43)) - raft.rpc.type = GRPC (default)
2019-10-07 12:26:51,186 [main] INFO  grpc.GrpcFactory (GrpcFactory.java:checkPooledByteBufAllocatorUseCacheForAllThreads(45)) - PERFORMANCE WARNING: useCacheForAllThreads is true that may cause Netty to create a lot garbage objects and, as a result, trigger GC.
	It is recommended to disable useCacheForAllThreads by setting -Dorg.apache.ratis.thirdparty.io.netty.allocator.useCacheForAllThreads=false in command line.
2019-10-07 12:26:51,186 [main] INFO  grpc.GrpcConfigKeys$Server (ConfUtils.java:logGet(43)) - raft.grpc.server.port = 0 (default)
2019-10-07 12:26:51,186 [main] INFO  server.GrpcService (ConfUtils.java:logGet(43)) - raft.grpc.message.size.max = 33570816 (custom)
2019-10-07 12:26:51,187 [main] INFO  server.RaftServerConfigKeys (ConfUtils.java:logGet(43)) - raft.server.log.appender.buffer.byte-limit = 33554432 (custom)
2019-10-07 12:26:51,187 [main] INFO  server.GrpcService (ConfUtils.java:logGet(43)) - raft.grpc.flow.control.window = 1MB (=1048576) (default)
2019-10-07 12:26:51,187 [main] INFO  server.RaftServerConfigKeys (ConfUtils.java:logGet(43)) - raft.server.rpc.request.timeout = 3000ms (default)
2019-10-07 12:26:51,187 [main] INFO  server.RaftServerConfigKeys (ConfUtils.java:logGet(43)) - raft.server.storage.dir = [/workdir/hadoop-ozone/integration-test/target/test-dir/MiniOzoneClusterImpl-86c498e6-12e9-4451-86e6-34dda6797130/datanode-0/data/ratis] (custom)
2019-10-07 12:26:51,189 [main] INFO  hdfs.DFSUtil (DFSUtil.java:httpServerTemplateForNNAndJN(1641)) - Starting Web-server for hddsDatanode at: http://0.0.0.0:0
2019-10-07 12:26:51,190 [main] INFO  server.AuthenticationFilter (AuthenticationFilter.java:constructSecretProvider(240)) - Unable to initialize FileSignerSecretProvider, falling back to use random secrets.
2019-10-07 12:26:51,190 [main] WARN  http.HttpRequestLog (HttpRequestLog.java:getRequestLog(97)) - Jetty request log can only be enabled using Log4j
2019-10-07 12:26:51,191 [main] INFO  http.HttpServer2 (HttpServer2.java:addGlobalFilter(975)) - Added global filter 'safety' (class=org.apache.hadoop.http.HttpServer2$QuotingInputFilter)
2019-10-07 12:26:51,192 [main] INFO  http.HttpServer2 (HttpServer2.java:addFilter(948)) - Added filter static_user_filter (class=org.apache.hadoop.http.lib.StaticUserWebFilter$StaticUserFilter) to context hddsDatanode
2019-10-07 12:26:51,192 [main] INFO  http.HttpServer2 (HttpServer2.java:addFilter(958)) - Added filter static_user_filter (class=org.apache.hadoop.http.lib.StaticUserWebFilter$StaticUserFilter) to context static
2019-10-07 12:26:51,192 [main] INFO  http.HttpServer2 (HttpServer2.java:addFilter(958)) - Added filter static_user_filter (class=org.apache.hadoop.http.lib.StaticUserWebFilter$StaticUserFilter) to context logs
2019-10-07 12:26:51,193 [main] INFO  http.HttpServer2 (HttpServer2.java:bindListener(1191)) - Jetty bound to port 36733
2019-10-07 12:26:51,193 [main] INFO  server.Server (Server.java:doStart(351)) - jetty-9.3.25.v20180904, build timestamp: 2018-09-04T21:11:46Z, git hash: 3ce520221d0240229c862b122d2b06c12a625732
2019-10-07 12:26:51,194 [main] INFO  handler.ContextHandler (ContextHandler.java:doStart(781)) - Started o.e.j.s.ServletContextHandler@5d194314{/logs,file:///workdir/hadoop-ozone/integration-test/target/log,AVAILABLE}
2019-10-07 12:26:51,195 [main] INFO  handler.ContextHandler (ContextHandler.java:doStart(781)) - Started o.e.j.s.ServletContextHandler@637c840d{/static,jar:file:/home/user/.m2/repository/org/apache/hadoop/hadoop-hdds-container-service/0.5.0-SNAPSHOT/hadoop-hdds-container-service-0.5.0-SNAPSHOT.jar!/webapps/static,AVAILABLE}
2019-10-07 12:26:51,223 [main] INFO  handler.ContextHandler (ContextHandler.java:doStart(781)) - Started o.e.j.w.WebAppContext@38ac8968{/,file:///tmp/jetty-0.0.0.0-36733-hddsDatanode-_-any-6764639672140523845.dir/webapp/,AVAILABLE}{/hddsDatanode}
2019-10-07 12:26:51,223 [main] INFO  server.AbstractConnector (AbstractConnector.java:doStart(278)) - Started ServerConnector@17ff8810{HTTP/1.1,[http/1.1]}{0.0.0.0:36733}
2019-10-07 12:26:51,224 [main] INFO  server.Server (Server.java:doStart(419)) - Started @217415ms
2019-10-07 12:26:51,224 [main] WARN  impl.MetricsSystemImpl (MetricsSystemImpl.java:register(276)) - Sink prometheus already exists!
2019-10-07 12:26:51,225 [main] INFO  server.BaseHttpServer (BaseHttpServer.java:updateConnectorAddress(215)) - HTTP server of HDDSDATANODE is listening at http://0.0.0.0:36733
2019-10-07 12:26:51,225 [main] INFO  impl.MetricsSystemImpl (MetricsSystemImpl.java:init(158)) - HddsDatanode metrics system started (again)
2019-10-07 12:26:51,229 [org.apache.hadoop.util.JvmPauseMonitor$Monitor@1411e6c5] INFO  util.JvmPauseMonitor (JvmPauseMonitor.java:run(188)) - Starting JVM pause monitor
2019-10-07 12:26:51,230 [Datanode State Machine Thread - 0] INFO  datanode.InitDatanodeState (InitDatanodeState.java:persistContainerDatanodeDetails(140)) - DatanodeDetails is persisted to /workdir/hadoop-ozone/integration-test/target/test-dir/MiniOzoneClusterImpl-86c498e6-12e9-4451-86e6-34dda6797130/datanode-0/meta/datanode.id
2019-10-07 12:26:51,230 [main] INFO  ozone.HddsDatanodeService (HddsDatanodeService.java:start(184)) - HddsDatanodeService host:pr-hdds-2071-fmvlq-2762171947 ip:192.168.30.26
2019-10-07 12:26:51,235 [main] INFO  volume.HddsVolume (HddsVolume.java:<init>(176)) - Creating Volume: /workdir/hadoop-ozone/integration-test/target/test-dir/MiniOzoneClusterImpl-86c498e6-12e9-4451-86e6-34dda6797130/datanode-1/data/containers/hdds of  storage type : DISK and capacity : 1482555576320
2019-10-07 12:26:51,236 [main] INFO  volume.VolumeSet (VolumeSet.java:initializeVolumeSet(170)) - Added Volume : /workdir/hadoop-ozone/integration-test/target/test-dir/MiniOzoneClusterImpl-86c498e6-12e9-4451-86e6-34dda6797130/datanode-1/data/containers/hdds to VolumeSet
2019-10-07 12:26:51,236 [main] INFO  volume.ThrottledAsyncChecker (ThrottledAsyncChecker.java:schedule(139)) - Scheduling a check for org.apache.hadoop.ozone.container.common.volume.HddsVolume@34136bd1
2019-10-07 12:26:51,236 [main] INFO  volume.HddsVolumeChecker (HddsVolumeChecker.java:checkAllVolumes(202)) - Scheduled health check for volume org.apache.hadoop.ozone.container.common.volume.HddsVolume@34136bd1
2019-10-07 12:26:51,251 [main] INFO  impl.RaftServerProxy (ConfUtils.java:logGet(43)) - raft.rpc.type = GRPC (default)
2019-10-07 12:26:51,252 [main] INFO  grpc.GrpcFactory (GrpcFactory.java:checkPooledByteBufAllocatorUseCacheForAllThreads(45)) - PERFORMANCE WARNING: useCacheForAllThreads is true that may cause Netty to create a lot garbage objects and, as a result, trigger GC.
	It is recommended to disable useCacheForAllThreads by setting -Dorg.apache.ratis.thirdparty.io.netty.allocator.useCacheForAllThreads=false in command line.
2019-10-07 12:26:51,252 [main] INFO  grpc.GrpcConfigKeys$Server (ConfUtils.java:logGet(43)) - raft.grpc.server.port = 0 (default)
2019-10-07 12:26:51,252 [main] INFO  server.GrpcService (ConfUtils.java:logGet(43)) - raft.grpc.message.size.max = 33570816 (custom)
2019-10-07 12:26:51,252 [main] INFO  server.RaftServerConfigKeys (ConfUtils.java:logGet(43)) - raft.server.log.appender.buffer.byte-limit = 33554432 (custom)
2019-10-07 12:26:51,252 [main] INFO  server.GrpcService (ConfUtils.java:logGet(43)) - raft.grpc.flow.control.window = 1MB (=1048576) (default)
2019-10-07 12:26:51,253 [main] INFO  server.RaftServerConfigKeys (ConfUtils.java:logGet(43)) - raft.server.rpc.request.timeout = 3000ms (default)
2019-10-07 12:26:51,253 [main] INFO  server.RaftServerConfigKeys (ConfUtils.java:logGet(43)) - raft.server.storage.dir = [/workdir/hadoop-ozone/integration-test/target/test-dir/MiniOzoneClusterImpl-86c498e6-12e9-4451-86e6-34dda6797130/datanode-1/data/ratis] (custom)
2019-10-07 12:26:51,254 [main] INFO  hdfs.DFSUtil (DFSUtil.java:httpServerTemplateForNNAndJN(1641)) - Starting Web-server for hddsDatanode at: http://0.0.0.0:0
2019-10-07 12:26:51,256 [main] INFO  server.AuthenticationFilter (AuthenticationFilter.java:constructSecretProvider(240)) - Unable to initialize FileSignerSecretProvider, falling back to use random secrets.
2019-10-07 12:26:51,256 [main] WARN  http.HttpRequestLog (HttpRequestLog.java:getRequestLog(97)) - Jetty request log can only be enabled using Log4j
2019-10-07 12:26:51,257 [main] INFO  http.HttpServer2 (HttpServer2.java:addGlobalFilter(975)) - Added global filter 'safety' (class=org.apache.hadoop.http.HttpServer2$QuotingInputFilter)
2019-10-07 12:26:51,258 [main] INFO  http.HttpServer2 (HttpServer2.java:addFilter(948)) - Added filter static_user_filter (class=org.apache.hadoop.http.lib.StaticUserWebFilter$StaticUserFilter) to context hddsDatanode
2019-10-07 12:26:51,258 [main] INFO  http.HttpServer2 (HttpServer2.java:addFilter(958)) - Added filter static_user_filter (class=org.apache.hadoop.http.lib.StaticUserWebFilter$StaticUserFilter) to context logs
2019-10-07 12:26:51,258 [main] INFO  http.HttpServer2 (HttpServer2.java:addFilter(958)) - Added filter static_user_filter (class=org.apache.hadoop.http.lib.StaticUserWebFilter$StaticUserFilter) to context static
2019-10-07 12:26:51,259 [main] INFO  http.HttpServer2 (HttpServer2.java:bindListener(1191)) - Jetty bound to port 40204
2019-10-07 12:26:51,259 [main] INFO  server.Server (Server.java:doStart(351)) - jetty-9.3.25.v20180904, build timestamp: 2018-09-04T21:11:46Z, git hash: 3ce520221d0240229c862b122d2b06c12a625732
2019-10-07 12:26:51,260 [main] INFO  handler.ContextHandler (ContextHandler.java:doStart(781)) - Started o.e.j.s.ServletContextHandler@16cb9989{/logs,file:///workdir/hadoop-ozone/integration-test/target/log,AVAILABLE}
2019-10-07 12:26:51,261 [main] INFO  handler.ContextHandler (ContextHandler.java:doStart(781)) - Started o.e.j.s.ServletContextHandler@3815146b{/static,jar:file:/home/user/.m2/repository/org/apache/hadoop/hadoop-hdds-container-service/0.5.0-SNAPSHOT/hadoop-hdds-container-service-0.5.0-SNAPSHOT.jar!/webapps/static,AVAILABLE}
2019-10-07 12:26:51,293 [main] INFO  handler.ContextHandler (ContextHandler.java:doStart(781)) - Started o.e.j.w.WebAppContext@afde064{/,file:///tmp/jetty-0.0.0.0-40204-hddsDatanode-_-any-6024766399729404968.dir/webapp/,AVAILABLE}{/hddsDatanode}
2019-10-07 12:26:51,293 [main] INFO  server.AbstractConnector (AbstractConnector.java:doStart(278)) - Started ServerConnector@5a592c70{HTTP/1.1,[http/1.1]}{0.0.0.0:40204}
2019-10-07 12:26:51,295 [main] INFO  server.Server (Server.java:doStart(419)) - Started @217486ms
2019-10-07 12:26:51,295 [main] WARN  impl.MetricsSystemImpl (MetricsSystemImpl.java:register(276)) - Sink prometheus already exists!
2019-10-07 12:26:51,296 [main] INFO  server.BaseHttpServer (BaseHttpServer.java:updateConnectorAddress(215)) - HTTP server of HDDSDATANODE is listening at http://0.0.0.0:40204
2019-10-07 12:26:51,296 [main] INFO  impl.MetricsSystemImpl (MetricsSystemImpl.java:init(158)) - HddsDatanode metrics system started (again)
2019-10-07 12:26:51,300 [org.apache.hadoop.util.JvmPauseMonitor$Monitor@2b00a2ab] INFO  util.JvmPauseMonitor (JvmPauseMonitor.java:run(188)) - Starting JVM pause monitor
2019-10-07 12:26:51,301 [main] INFO  ozone.HddsDatanodeService (HddsDatanodeService.java:start(184)) - HddsDatanodeService host:pr-hdds-2071-fmvlq-2762171947 ip:192.168.30.26
2019-10-07 12:26:51,301 [Datanode State Machine Thread - 0] INFO  datanode.InitDatanodeState (InitDatanodeState.java:persistContainerDatanodeDetails(140)) - DatanodeDetails is persisted to /workdir/hadoop-ozone/integration-test/target/test-dir/MiniOzoneClusterImpl-86c498e6-12e9-4451-86e6-34dda6797130/datanode-1/meta/datanode.id
2019-10-07 12:26:51,307 [main] INFO  volume.HddsVolume (HddsVolume.java:<init>(176)) - Creating Volume: /workdir/hadoop-ozone/integration-test/target/test-dir/MiniOzoneClusterImpl-86c498e6-12e9-4451-86e6-34dda6797130/datanode-2/data/containers/hdds of  storage type : DISK and capacity : 1482555576320
2019-10-07 12:26:51,307 [main] INFO  volume.VolumeSet (VolumeSet.java:initializeVolumeSet(170)) - Added Volume : /workdir/hadoop-ozone/integration-test/target/test-dir/MiniOzoneClusterImpl-86c498e6-12e9-4451-86e6-34dda6797130/datanode-2/data/containers/hdds to VolumeSet
2019-10-07 12:26:51,307 [main] INFO  volume.ThrottledAsyncChecker (ThrottledAsyncChecker.java:schedule(139)) - Scheduling a check for org.apache.hadoop.ozone.container.common.volume.HddsVolume@bbb6f0
2019-10-07 12:26:51,307 [main] INFO  volume.HddsVolumeChecker (HddsVolumeChecker.java:checkAllVolumes(202)) - Scheduled health check for volume org.apache.hadoop.ozone.container.common.volume.HddsVolume@bbb6f0
2019-10-07 12:26:51,319 [main] INFO  impl.RaftServerProxy (ConfUtils.java:logGet(43)) - raft.rpc.type = GRPC (default)
2019-10-07 12:26:51,319 [main] INFO  grpc.GrpcFactory (GrpcFactory.java:checkPooledByteBufAllocatorUseCacheForAllThreads(45)) - PERFORMANCE WARNING: useCacheForAllThreads is true that may cause Netty to create a lot garbage objects and, as a result, trigger GC.
	It is recommended to disable useCacheForAllThreads by setting -Dorg.apache.ratis.thirdparty.io.netty.allocator.useCacheForAllThreads=false in command line.
2019-10-07 12:26:51,319 [main] INFO  grpc.GrpcConfigKeys$Server (ConfUtils.java:logGet(43)) - raft.grpc.server.port = 0 (default)
2019-10-07 12:26:51,320 [main] INFO  server.GrpcService (ConfUtils.java:logGet(43)) - raft.grpc.message.size.max = 33570816 (custom)
2019-10-07 12:26:51,320 [main] INFO  server.RaftServerConfigKeys (ConfUtils.java:logGet(43)) - raft.server.log.appender.buffer.byte-limit = 33554432 (custom)
2019-10-07 12:26:51,320 [main] INFO  server.GrpcService (ConfUtils.java:logGet(43)) - raft.grpc.flow.control.window = 1MB (=1048576) (default)
2019-10-07 12:26:51,320 [main] INFO  server.RaftServerConfigKeys (ConfUtils.java:logGet(43)) - raft.server.rpc.request.timeout = 3000ms (default)
2019-10-07 12:26:51,320 [main] INFO  server.RaftServerConfigKeys (ConfUtils.java:logGet(43)) - raft.server.storage.dir = [/workdir/hadoop-ozone/integration-test/target/test-dir/MiniOzoneClusterImpl-86c498e6-12e9-4451-86e6-34dda6797130/datanode-2/data/ratis] (custom)
2019-10-07 12:26:51,321 [main] INFO  hdfs.DFSUtil (DFSUtil.java:httpServerTemplateForNNAndJN(1641)) - Starting Web-server for hddsDatanode at: http://0.0.0.0:0
2019-10-07 12:26:51,322 [main] INFO  server.AuthenticationFilter (AuthenticationFilter.java:constructSecretProvider(240)) - Unable to initialize FileSignerSecretProvider, falling back to use random secrets.
2019-10-07 12:26:51,323 [main] WARN  http.HttpRequestLog (HttpRequestLog.java:getRequestLog(97)) - Jetty request log can only be enabled using Log4j
2019-10-07 12:26:51,324 [main] INFO  http.HttpServer2 (HttpServer2.java:addGlobalFilter(975)) - Added global filter 'safety' (class=org.apache.hadoop.http.HttpServer2$QuotingInputFilter)
2019-10-07 12:26:51,324 [main] INFO  http.HttpServer2 (HttpServer2.java:addFilter(948)) - Added filter static_user_filter (class=org.apache.hadoop.http.lib.StaticUserWebFilter$StaticUserFilter) to context hddsDatanode
2019-10-07 12:26:51,324 [main] INFO  http.HttpServer2 (HttpServer2.java:addFilter(958)) - Added filter static_user_filter (class=org.apache.hadoop.http.lib.StaticUserWebFilter$StaticUserFilter) to context logs
2019-10-07 12:26:51,324 [main] INFO  http.HttpServer2 (HttpServer2.java:addFilter(958)) - Added filter static_user_filter (class=org.apache.hadoop.http.lib.StaticUserWebFilter$StaticUserFilter) to context static
2019-10-07 12:26:51,325 [main] INFO  http.HttpServer2 (HttpServer2.java:bindListener(1191)) - Jetty bound to port 34532
2019-10-07 12:26:51,325 [main] INFO  server.Server (Server.java:doStart(351)) - jetty-9.3.25.v20180904, build timestamp: 2018-09-04T21:11:46Z, git hash: 3ce520221d0240229c862b122d2b06c12a625732
2019-10-07 12:26:51,328 [main] INFO  handler.ContextHandler (ContextHandler.java:doStart(781)) - Started o.e.j.s.ServletContextHandler@6314df3c{/logs,file:///workdir/hadoop-ozone/integration-test/target/log,AVAILABLE}
2019-10-07 12:26:51,329 [main] INFO  handler.ContextHandler (ContextHandler.java:doStart(781)) - Started o.e.j.s.ServletContextHandler@10b8b900{/static,jar:file:/home/user/.m2/repository/org/apache/hadoop/hadoop-hdds-container-service/0.5.0-SNAPSHOT/hadoop-hdds-container-service-0.5.0-SNAPSHOT.jar!/webapps/static,AVAILABLE}
2019-10-07 12:26:51,360 [main] INFO  handler.ContextHandler (ContextHandler.java:doStart(781)) - Started o.e.j.w.WebAppContext@476fde05{/,file:///tmp/jetty-0.0.0.0-34532-hddsDatanode-_-any-5367769788436082709.dir/webapp/,AVAILABLE}{/hddsDatanode}
2019-10-07 12:26:51,361 [main] INFO  server.AbstractConnector (AbstractConnector.java:doStart(278)) - Started ServerConnector@5111de7c{HTTP/1.1,[http/1.1]}{0.0.0.0:34532}
2019-10-07 12:26:51,362 [main] INFO  server.Server (Server.java:doStart(419)) - Started @217553ms
2019-10-07 12:26:51,362 [main] WARN  impl.MetricsSystemImpl (MetricsSystemImpl.java:register(276)) - Sink prometheus already exists!
2019-10-07 12:26:51,363 [main] INFO  server.BaseHttpServer (BaseHttpServer.java:updateConnectorAddress(215)) - HTTP server of HDDSDATANODE is listening at http://0.0.0.0:34532
2019-10-07 12:26:51,363 [main] INFO  impl.MetricsSystemImpl (MetricsSystemImpl.java:init(158)) - HddsDatanode metrics system started (again)
2019-10-07 12:26:51,367 [org.apache.hadoop.util.JvmPauseMonitor$Monitor@37a83d56] INFO  util.JvmPauseMonitor (JvmPauseMonitor.java:run(188)) - Starting JVM pause monitor
2019-10-07 12:26:51,368 [main] INFO  ozone.HddsDatanodeService (HddsDatanodeService.java:start(184)) - HddsDatanodeService host:pr-hdds-2071-fmvlq-2762171947 ip:192.168.30.26
2019-10-07 12:26:51,368 [Datanode State Machine Thread - 0] INFO  datanode.InitDatanodeState (InitDatanodeState.java:persistContainerDatanodeDetails(140)) - DatanodeDetails is persisted to /workdir/hadoop-ozone/integration-test/target/test-dir/MiniOzoneClusterImpl-86c498e6-12e9-4451-86e6-34dda6797130/datanode-2/meta/datanode.id
2019-10-07 12:26:51,373 [main] INFO  volume.HddsVolume (HddsVolume.java:<init>(176)) - Creating Volume: /workdir/hadoop-ozone/integration-test/target/test-dir/MiniOzoneClusterImpl-86c498e6-12e9-4451-86e6-34dda6797130/datanode-3/data/containers/hdds of  storage type : DISK and capacity : 1482555576320
2019-10-07 12:26:51,373 [main] INFO  volume.VolumeSet (VolumeSet.java:initializeVolumeSet(170)) - Added Volume : /workdir/hadoop-ozone/integration-test/target/test-dir/MiniOzoneClusterImpl-86c498e6-12e9-4451-86e6-34dda6797130/datanode-3/data/containers/hdds to VolumeSet
2019-10-07 12:26:51,373 [main] INFO  volume.ThrottledAsyncChecker (ThrottledAsyncChecker.java:schedule(139)) - Scheduling a check for org.apache.hadoop.ozone.container.common.volume.HddsVolume@14f060b8
2019-10-07 12:26:51,374 [main] INFO  volume.HddsVolumeChecker (HddsVolumeChecker.java:checkAllVolumes(202)) - Scheduled health check for volume org.apache.hadoop.ozone.container.common.volume.HddsVolume@14f060b8
2019-10-07 12:26:51,385 [main] INFO  impl.RaftServerProxy (ConfUtils.java:logGet(43)) - raft.rpc.type = GRPC (default)
2019-10-07 12:26:51,386 [main] INFO  grpc.GrpcFactory (GrpcFactory.java:checkPooledByteBufAllocatorUseCacheForAllThreads(45)) - PERFORMANCE WARNING: useCacheForAllThreads is true that may cause Netty to create a lot garbage objects and, as a result, trigger GC.
	It is recommended to disable useCacheForAllThreads by setting -Dorg.apache.ratis.thirdparty.io.netty.allocator.useCacheForAllThreads=false in command line.
2019-10-07 12:26:51,386 [main] INFO  grpc.GrpcConfigKeys$Server (ConfUtils.java:logGet(43)) - raft.grpc.server.port = 0 (default)
2019-10-07 12:26:51,386 [main] INFO  server.GrpcService (ConfUtils.java:logGet(43)) - raft.grpc.message.size.max = 33570816 (custom)
2019-10-07 12:26:51,386 [main] INFO  server.RaftServerConfigKeys (ConfUtils.java:logGet(43)) - raft.server.log.appender.buffer.byte-limit = 33554432 (custom)
2019-10-07 12:26:51,386 [main] INFO  server.GrpcService (ConfUtils.java:logGet(43)) - raft.grpc.flow.control.window = 1MB (=1048576) (default)
2019-10-07 12:26:51,386 [main] INFO  server.RaftServerConfigKeys (ConfUtils.java:logGet(43)) - raft.server.rpc.request.timeout = 3000ms (default)
2019-10-07 12:26:51,387 [main] INFO  server.RaftServerConfigKeys (ConfUtils.java:logGet(43)) - raft.server.storage.dir = [/workdir/hadoop-ozone/integration-test/target/test-dir/MiniOzoneClusterImpl-86c498e6-12e9-4451-86e6-34dda6797130/datanode-3/data/ratis] (custom)
2019-10-07 12:26:51,388 [main] INFO  hdfs.DFSUtil (DFSUtil.java:httpServerTemplateForNNAndJN(1641)) - Starting Web-server for hddsDatanode at: http://0.0.0.0:0
2019-10-07 12:26:51,389 [main] INFO  server.AuthenticationFilter (AuthenticationFilter.java:constructSecretProvider(240)) - Unable to initialize FileSignerSecretProvider, falling back to use random secrets.
2019-10-07 12:26:51,389 [main] WARN  http.HttpRequestLog (HttpRequestLog.java:getRequestLog(97)) - Jetty request log can only be enabled using Log4j
2019-10-07 12:26:51,390 [main] INFO  http.HttpServer2 (HttpServer2.java:addGlobalFilter(975)) - Added global filter 'safety' (class=org.apache.hadoop.http.HttpServer2$QuotingInputFilter)
2019-10-07 12:26:51,391 [main] INFO  http.HttpServer2 (HttpServer2.java:addFilter(948)) - Added filter static_user_filter (class=org.apache.hadoop.http.lib.StaticUserWebFilter$StaticUserFilter) to context hddsDatanode
2019-10-07 12:26:51,391 [main] INFO  http.HttpServer2 (HttpServer2.java:addFilter(958)) - Added filter static_user_filter (class=org.apache.hadoop.http.lib.StaticUserWebFilter$StaticUserFilter) to context logs
2019-10-07 12:26:51,391 [main] INFO  http.HttpServer2 (HttpServer2.java:addFilter(958)) - Added filter static_user_filter (class=org.apache.hadoop.http.lib.StaticUserWebFilter$StaticUserFilter) to context static
2019-10-07 12:26:51,392 [main] INFO  http.HttpServer2 (HttpServer2.java:bindListener(1191)) - Jetty bound to port 38201
2019-10-07 12:26:51,392 [main] INFO  server.Server (Server.java:doStart(351)) - jetty-9.3.25.v20180904, build timestamp: 2018-09-04T21:11:46Z, git hash: 3ce520221d0240229c862b122d2b06c12a625732
2019-10-07 12:26:51,393 [main] INFO  handler.ContextHandler (ContextHandler.java:doStart(781)) - Started o.e.j.s.ServletContextHandler@7e3d2ebd{/logs,file:///workdir/hadoop-ozone/integration-test/target/log,AVAILABLE}
2019-10-07 12:26:51,394 [main] INFO  handler.ContextHandler (ContextHandler.java:doStart(781)) - Started o.e.j.s.ServletContextHandler@3a4a5f3c{/static,jar:file:/home/user/.m2/repository/org/apache/hadoop/hadoop-hdds-container-service/0.5.0-SNAPSHOT/hadoop-hdds-container-service-0.5.0-SNAPSHOT.jar!/webapps/static,AVAILABLE}
2019-10-07 12:26:51,419 [main] INFO  handler.ContextHandler (ContextHandler.java:doStart(781)) - Started o.e.j.w.WebAppContext@353c6da1{/,file:///tmp/jetty-0.0.0.0-38201-hddsDatanode-_-any-5816154662057819308.dir/webapp/,AVAILABLE}{/hddsDatanode}
2019-10-07 12:26:51,419 [main] INFO  server.AbstractConnector (AbstractConnector.java:doStart(278)) - Started ServerConnector@36c07c75{HTTP/1.1,[http/1.1]}{0.0.0.0:38201}
2019-10-07 12:26:51,421 [main] INFO  server.Server (Server.java:doStart(419)) - Started @217612ms
2019-10-07 12:26:51,421 [main] WARN  impl.MetricsSystemImpl (MetricsSystemImpl.java:register(276)) - Sink prometheus already exists!
2019-10-07 12:26:51,422 [main] INFO  server.BaseHttpServer (BaseHttpServer.java:updateConnectorAddress(215)) - HTTP server of HDDSDATANODE is listening at http://0.0.0.0:38201
2019-10-07 12:26:51,422 [main] INFO  impl.MetricsSystemImpl (MetricsSystemImpl.java:init(158)) - HddsDatanode metrics system started (again)
2019-10-07 12:26:51,426 [org.apache.hadoop.util.JvmPauseMonitor$Monitor@2a5b0c90] INFO  util.JvmPauseMonitor (JvmPauseMonitor.java:run(188)) - Starting JVM pause monitor
2019-10-07 12:26:51,427 [main] INFO  ozone.HddsDatanodeService (HddsDatanodeService.java:start(184)) - HddsDatanodeService host:pr-hdds-2071-fmvlq-2762171947 ip:192.168.30.26
2019-10-07 12:26:51,427 [Datanode State Machine Thread - 0] INFO  datanode.InitDatanodeState (InitDatanodeState.java:persistContainerDatanodeDetails(140)) - DatanodeDetails is persisted to /workdir/hadoop-ozone/integration-test/target/test-dir/MiniOzoneClusterImpl-86c498e6-12e9-4451-86e6-34dda6797130/datanode-3/meta/datanode.id
2019-10-07 12:26:51,431 [main] INFO  volume.HddsVolume (HddsVolume.java:<init>(176)) - Creating Volume: /workdir/hadoop-ozone/integration-test/target/test-dir/MiniOzoneClusterImpl-86c498e6-12e9-4451-86e6-34dda6797130/datanode-4/data/containers/hdds of  storage type : DISK and capacity : 1482555576320
2019-10-07 12:26:51,432 [main] INFO  volume.VolumeSet (VolumeSet.java:initializeVolumeSet(170)) - Added Volume : /workdir/hadoop-ozone/integration-test/target/test-dir/MiniOzoneClusterImpl-86c498e6-12e9-4451-86e6-34dda6797130/datanode-4/data/containers/hdds to VolumeSet
2019-10-07 12:26:51,432 [main] INFO  volume.ThrottledAsyncChecker (ThrottledAsyncChecker.java:schedule(139)) - Scheduling a check for org.apache.hadoop.ozone.container.common.volume.HddsVolume@1785d194
2019-10-07 12:26:51,432 [main] INFO  volume.HddsVolumeChecker (HddsVolumeChecker.java:checkAllVolumes(202)) - Scheduled health check for volume org.apache.hadoop.ozone.container.common.volume.HddsVolume@1785d194
2019-10-07 12:26:51,444 [main] INFO  impl.RaftServerProxy (ConfUtils.java:logGet(43)) - raft.rpc.type = GRPC (default)
2019-10-07 12:26:51,444 [main] INFO  grpc.GrpcFactory (GrpcFactory.java:checkPooledByteBufAllocatorUseCacheForAllThreads(45)) - PERFORMANCE WARNING: useCacheForAllThreads is true that may cause Netty to create a lot garbage objects and, as a result, trigger GC.
	It is recommended to disable useCacheForAllThreads by setting -Dorg.apache.ratis.thirdparty.io.netty.allocator.useCacheForAllThreads=false in command line.
2019-10-07 12:26:51,445 [main] INFO  grpc.GrpcConfigKeys$Server (ConfUtils.java:logGet(43)) - raft.grpc.server.port = 0 (default)
2019-10-07 12:26:51,445 [main] INFO  server.GrpcService (ConfUtils.java:logGet(43)) - raft.grpc.message.size.max = 33570816 (custom)
2019-10-07 12:26:51,445 [main] INFO  server.RaftServerConfigKeys (ConfUtils.java:logGet(43)) - raft.server.log.appender.buffer.byte-limit = 33554432 (custom)
2019-10-07 12:26:51,445 [main] INFO  server.GrpcService (ConfUtils.java:logGet(43)) - raft.grpc.flow.control.window = 1MB (=1048576) (default)
2019-10-07 12:26:51,445 [main] INFO  server.RaftServerConfigKeys (ConfUtils.java:logGet(43)) - raft.server.rpc.request.timeout = 3000ms (default)
2019-10-07 12:26:51,446 [main] INFO  server.RaftServerConfigKeys (ConfUtils.java:logGet(43)) - raft.server.storage.dir = [/workdir/hadoop-ozone/integration-test/target/test-dir/MiniOzoneClusterImpl-86c498e6-12e9-4451-86e6-34dda6797130/datanode-4/data/ratis] (custom)
2019-10-07 12:26:51,447 [main] INFO  hdfs.DFSUtil (DFSUtil.java:httpServerTemplateForNNAndJN(1641)) - Starting Web-server for hddsDatanode at: http://0.0.0.0:0
2019-10-07 12:26:51,448 [main] INFO  server.AuthenticationFilter (AuthenticationFilter.java:constructSecretProvider(240)) - Unable to initialize FileSignerSecretProvider, falling back to use random secrets.
2019-10-07 12:26:51,448 [main] WARN  http.HttpRequestLog (HttpRequestLog.java:getRequestLog(97)) - Jetty request log can only be enabled using Log4j
2019-10-07 12:26:51,449 [main] INFO  http.HttpServer2 (HttpServer2.java:addGlobalFilter(975)) - Added global filter 'safety' (class=org.apache.hadoop.http.HttpServer2$QuotingInputFilter)
2019-10-07 12:26:51,450 [main] INFO  http.HttpServer2 (HttpServer2.java:addFilter(948)) - Added filter static_user_filter (class=org.apache.hadoop.http.lib.StaticUserWebFilter$StaticUserFilter) to context hddsDatanode
2019-10-07 12:26:51,450 [main] INFO  http.HttpServer2 (HttpServer2.java:addFilter(958)) - Added filter static_user_filter (class=org.apache.hadoop.http.lib.StaticUserWebFilter$StaticUserFilter) to context logs
2019-10-07 12:26:51,450 [main] INFO  http.HttpServer2 (HttpServer2.java:addFilter(958)) - Added filter static_user_filter (class=org.apache.hadoop.http.lib.StaticUserWebFilter$StaticUserFilter) to context static
2019-10-07 12:26:51,451 [main] INFO  http.HttpServer2 (HttpServer2.java:bindListener(1191)) - Jetty bound to port 34481
2019-10-07 12:26:51,451 [main] INFO  server.Server (Server.java:doStart(351)) - jetty-9.3.25.v20180904, build timestamp: 2018-09-04T21:11:46Z, git hash: 3ce520221d0240229c862b122d2b06c12a625732
2019-10-07 12:26:51,452 [main] INFO  handler.ContextHandler (ContextHandler.java:doStart(781)) - Started o.e.j.s.ServletContextHandler@682e422c{/logs,file:///workdir/hadoop-ozone/integration-test/target/log,AVAILABLE}
2019-10-07 12:26:51,453 [main] INFO  handler.ContextHandler (ContextHandler.java:doStart(781)) - Started o.e.j.s.ServletContextHandler@2726a511{/static,jar:file:/home/user/.m2/repository/org/apache/hadoop/hadoop-hdds-container-service/0.5.0-SNAPSHOT/hadoop-hdds-container-service-0.5.0-SNAPSHOT.jar!/webapps/static,AVAILABLE}
2019-10-07 12:26:51,483 [main] INFO  handler.ContextHandler (ContextHandler.java:doStart(781)) - Started o.e.j.w.WebAppContext@34a6d9db{/,file:///tmp/jetty-0.0.0.0-34481-hddsDatanode-_-any-1022658845612352358.dir/webapp/,AVAILABLE}{/hddsDatanode}
2019-10-07 12:26:51,483 [main] INFO  server.AbstractConnector (AbstractConnector.java:doStart(278)) - Started ServerConnector@52ecc989{HTTP/1.1,[http/1.1]}{0.0.0.0:34481}
2019-10-07 12:26:51,485 [main] INFO  server.Server (Server.java:doStart(419)) - Started @217676ms
2019-10-07 12:26:51,485 [main] WARN  impl.MetricsSystemImpl (MetricsSystemImpl.java:register(276)) - Sink prometheus already exists!
2019-10-07 12:26:51,486 [main] INFO  server.BaseHttpServer (BaseHttpServer.java:updateConnectorAddress(215)) - HTTP server of HDDSDATANODE is listening at http://0.0.0.0:34481
2019-10-07 12:26:51,486 [main] INFO  impl.MetricsSystemImpl (MetricsSystemImpl.java:init(158)) - HddsDatanode metrics system started (again)
2019-10-07 12:26:51,491 [org.apache.hadoop.util.JvmPauseMonitor$Monitor@1536bffc] INFO  util.JvmPauseMonitor (JvmPauseMonitor.java:run(188)) - Starting JVM pause monitor
2019-10-07 12:26:51,491 [main] INFO  ozone.HddsDatanodeService (HddsDatanodeService.java:start(184)) - HddsDatanodeService host:pr-hdds-2071-fmvlq-2762171947 ip:192.168.30.26
2019-10-07 12:26:51,492 [Datanode State Machine Thread - 0] INFO  datanode.InitDatanodeState (InitDatanodeState.java:persistContainerDatanodeDetails(140)) - DatanodeDetails is persisted to /workdir/hadoop-ozone/integration-test/target/test-dir/MiniOzoneClusterImpl-86c498e6-12e9-4451-86e6-34dda6797130/datanode-4/meta/datanode.id
2019-10-07 12:26:51,496 [main] INFO  volume.HddsVolume (HddsVolume.java:<init>(176)) - Creating Volume: /workdir/hadoop-ozone/integration-test/target/test-dir/MiniOzoneClusterImpl-86c498e6-12e9-4451-86e6-34dda6797130/datanode-5/data/containers/hdds of  storage type : DISK and capacity : 1482555576320
2019-10-07 12:26:51,497 [main] INFO  volume.VolumeSet (VolumeSet.java:initializeVolumeSet(170)) - Added Volume : /workdir/hadoop-ozone/integration-test/target/test-dir/MiniOzoneClusterImpl-86c498e6-12e9-4451-86e6-34dda6797130/datanode-5/data/containers/hdds to VolumeSet
2019-10-07 12:26:51,497 [main] INFO  volume.ThrottledAsyncChecker (ThrottledAsyncChecker.java:schedule(139)) - Scheduling a check for org.apache.hadoop.ozone.container.common.volume.HddsVolume@78d73b1b
2019-10-07 12:26:51,497 [main] INFO  volume.HddsVolumeChecker (HddsVolumeChecker.java:checkAllVolumes(202)) - Scheduled health check for volume org.apache.hadoop.ozone.container.common.volume.HddsVolume@78d73b1b
2019-10-07 12:26:51,509 [main] INFO  impl.RaftServerProxy (ConfUtils.java:logGet(43)) - raft.rpc.type = GRPC (default)
2019-10-07 12:26:51,509 [main] INFO  grpc.GrpcFactory (GrpcFactory.java:checkPooledByteBufAllocatorUseCacheForAllThreads(45)) - PERFORMANCE WARNING: useCacheForAllThreads is true that may cause Netty to create a lot garbage objects and, as a result, trigger GC.
	It is recommended to disable useCacheForAllThreads by setting -Dorg.apache.ratis.thirdparty.io.netty.allocator.useCacheForAllThreads=false in command line.
2019-10-07 12:26:51,509 [main] INFO  grpc.GrpcConfigKeys$Server (ConfUtils.java:logGet(43)) - raft.grpc.server.port = 0 (default)
2019-10-07 12:26:51,509 [main] INFO  server.GrpcService (ConfUtils.java:logGet(43)) - raft.grpc.message.size.max = 33570816 (custom)
2019-10-07 12:26:51,509 [main] INFO  server.RaftServerConfigKeys (ConfUtils.java:logGet(43)) - raft.server.log.appender.buffer.byte-limit = 33554432 (custom)
2019-10-07 12:26:51,510 [main] INFO  server.GrpcService (ConfUtils.java:logGet(43)) - raft.grpc.flow.control.window = 1MB (=1048576) (default)
2019-10-07 12:26:51,510 [main] INFO  server.RaftServerConfigKeys (ConfUtils.java:logGet(43)) - raft.server.rpc.request.timeout = 3000ms (default)
2019-10-07 12:26:51,510 [main] INFO  server.RaftServerConfigKeys (ConfUtils.java:logGet(43)) - raft.server.storage.dir = [/workdir/hadoop-ozone/integration-test/target/test-dir/MiniOzoneClusterImpl-86c498e6-12e9-4451-86e6-34dda6797130/datanode-5/data/ratis] (custom)
2019-10-07 12:26:51,511 [main] INFO  hdfs.DFSUtil (DFSUtil.java:httpServerTemplateForNNAndJN(1641)) - Starting Web-server for hddsDatanode at: http://0.0.0.0:0
2019-10-07 12:26:51,512 [main] INFO  server.AuthenticationFilter (AuthenticationFilter.java:constructSecretProvider(240)) - Unable to initialize FileSignerSecretProvider, falling back to use random secrets.
2019-10-07 12:26:51,512 [main] WARN  http.HttpRequestLog (HttpRequestLog.java:getRequestLog(97)) - Jetty request log can only be enabled using Log4j
2019-10-07 12:26:51,513 [main] INFO  http.HttpServer2 (HttpServer2.java:addGlobalFilter(975)) - Added global filter 'safety' (class=org.apache.hadoop.http.HttpServer2$QuotingInputFilter)
2019-10-07 12:26:51,514 [main] INFO  http.HttpServer2 (HttpServer2.java:addFilter(948)) - Added filter static_user_filter (class=org.apache.hadoop.http.lib.StaticUserWebFilter$StaticUserFilter) to context hddsDatanode
2019-10-07 12:26:51,514 [main] INFO  http.HttpServer2 (HttpServer2.java:addFilter(958)) - Added filter static_user_filter (class=org.apache.hadoop.http.lib.StaticUserWebFilter$StaticUserFilter) to context static
2019-10-07 12:26:51,514 [main] INFO  http.HttpServer2 (HttpServer2.java:addFilter(958)) - Added filter static_user_filter (class=org.apache.hadoop.http.lib.StaticUserWebFilter$StaticUserFilter) to context logs
2019-10-07 12:26:51,515 [main] INFO  http.HttpServer2 (HttpServer2.java:bindListener(1191)) - Jetty bound to port 33431
2019-10-07 12:26:51,515 [main] INFO  server.Server (Server.java:doStart(351)) - jetty-9.3.25.v20180904, build timestamp: 2018-09-04T21:11:46Z, git hash: 3ce520221d0240229c862b122d2b06c12a625732
2019-10-07 12:26:51,516 [main] INFO  handler.ContextHandler (ContextHandler.java:doStart(781)) - Started o.e.j.s.ServletContextHandler@6c4ce583{/logs,file:///workdir/hadoop-ozone/integration-test/target/log,AVAILABLE}
2019-10-07 12:26:51,517 [main] INFO  handler.ContextHandler (ContextHandler.java:doStart(781)) - Started o.e.j.s.ServletContextHandler@29bbc63c{/static,jar:file:/home/user/.m2/repository/org/apache/hadoop/hadoop-hdds-container-service/0.5.0-SNAPSHOT/hadoop-hdds-container-service-0.5.0-SNAPSHOT.jar!/webapps/static,AVAILABLE}
2019-10-07 12:26:51,550 [main] INFO  handler.ContextHandler (ContextHandler.java:doStart(781)) - Started o.e.j.w.WebAppContext@a91119b{/,file:///tmp/jetty-0.0.0.0-33431-hddsDatanode-_-any-2626257968760048378.dir/webapp/,AVAILABLE}{/hddsDatanode}
2019-10-07 12:26:51,551 [main] INFO  server.AbstractConnector (AbstractConnector.java:doStart(278)) - Started ServerConnector@77083e41{HTTP/1.1,[http/1.1]}{0.0.0.0:33431}
2019-10-07 12:26:51,555 [main] INFO  server.Server (Server.java:doStart(419)) - Started @217746ms
2019-10-07 12:26:51,555 [main] WARN  impl.MetricsSystemImpl (MetricsSystemImpl.java:register(276)) - Sink prometheus already exists!
2019-10-07 12:26:51,556 [main] INFO  server.BaseHttpServer (BaseHttpServer.java:updateConnectorAddress(215)) - HTTP server of HDDSDATANODE is listening at http://0.0.0.0:33431
2019-10-07 12:26:51,556 [main] INFO  impl.MetricsSystemImpl (MetricsSystemImpl.java:init(158)) - HddsDatanode metrics system started (again)
2019-10-07 12:26:51,561 [org.apache.hadoop.util.JvmPauseMonitor$Monitor@77422247] INFO  util.JvmPauseMonitor (JvmPauseMonitor.java:run(188)) - Starting JVM pause monitor
2019-10-07 12:26:51,562 [main] INFO  ozone.HddsDatanodeService (HddsDatanodeService.java:start(184)) - HddsDatanodeService host:pr-hdds-2071-fmvlq-2762171947 ip:192.168.30.26
2019-10-07 12:26:51,562 [Datanode State Machine Thread - 0] INFO  datanode.InitDatanodeState (InitDatanodeState.java:persistContainerDatanodeDetails(140)) - DatanodeDetails is persisted to /workdir/hadoop-ozone/integration-test/target/test-dir/MiniOzoneClusterImpl-86c498e6-12e9-4451-86e6-34dda6797130/datanode-5/meta/datanode.id
2019-10-07 12:26:51,568 [main] INFO  volume.HddsVolume (HddsVolume.java:<init>(176)) - Creating Volume: /workdir/hadoop-ozone/integration-test/target/test-dir/MiniOzoneClusterImpl-86c498e6-12e9-4451-86e6-34dda6797130/datanode-6/data/containers/hdds of  storage type : DISK and capacity : 1482555576320
2019-10-07 12:26:51,568 [main] INFO  volume.VolumeSet (VolumeSet.java:initializeVolumeSet(170)) - Added Volume : /workdir/hadoop-ozone/integration-test/target/test-dir/MiniOzoneClusterImpl-86c498e6-12e9-4451-86e6-34dda6797130/datanode-6/data/containers/hdds to VolumeSet
2019-10-07 12:26:51,569 [main] INFO  volume.ThrottledAsyncChecker (ThrottledAsyncChecker.java:schedule(139)) - Scheduling a check for org.apache.hadoop.ozone.container.common.volume.HddsVolume@2484dbb7
2019-10-07 12:26:51,569 [main] INFO  volume.HddsVolumeChecker (HddsVolumeChecker.java:checkAllVolumes(202)) - Scheduled health check for volume org.apache.hadoop.ozone.container.common.volume.HddsVolume@2484dbb7
2019-10-07 12:26:51,587 [main] INFO  impl.RaftServerProxy (ConfUtils.java:logGet(43)) - raft.rpc.type = GRPC (default)
2019-10-07 12:26:51,587 [main] INFO  grpc.GrpcFactory (GrpcFactory.java:checkPooledByteBufAllocatorUseCacheForAllThreads(45)) - PERFORMANCE WARNING: useCacheForAllThreads is true that may cause Netty to create a lot garbage objects and, as a result, trigger GC.
	It is recommended to disable useCacheForAllThreads by setting -Dorg.apache.ratis.thirdparty.io.netty.allocator.useCacheForAllThreads=false in command line.
2019-10-07 12:26:51,587 [main] INFO  grpc.GrpcConfigKeys$Server (ConfUtils.java:logGet(43)) - raft.grpc.server.port = 0 (default)
2019-10-07 12:26:51,588 [main] INFO  server.GrpcService (ConfUtils.java:logGet(43)) - raft.grpc.message.size.max = 33570816 (custom)
2019-10-07 12:26:51,588 [main] INFO  server.RaftServerConfigKeys (ConfUtils.java:logGet(43)) - raft.server.log.appender.buffer.byte-limit = 33554432 (custom)
2019-10-07 12:26:51,588 [main] INFO  server.GrpcService (ConfUtils.java:logGet(43)) - raft.grpc.flow.control.window = 1MB (=1048576) (default)
2019-10-07 12:26:51,588 [main] INFO  server.RaftServerConfigKeys (ConfUtils.java:logGet(43)) - raft.server.rpc.request.timeout = 3000ms (default)
2019-10-07 12:26:51,589 [main] INFO  server.RaftServerConfigKeys (ConfUtils.java:logGet(43)) - raft.server.storage.dir = [/workdir/hadoop-ozone/integration-test/target/test-dir/MiniOzoneClusterImpl-86c498e6-12e9-4451-86e6-34dda6797130/datanode-6/data/ratis] (custom)
2019-10-07 12:26:51,590 [main] INFO  hdfs.DFSUtil (DFSUtil.java:httpServerTemplateForNNAndJN(1641)) - Starting Web-server for hddsDatanode at: http://0.0.0.0:0
2019-10-07 12:26:51,592 [main] INFO  server.AuthenticationFilter (AuthenticationFilter.java:constructSecretProvider(240)) - Unable to initialize FileSignerSecretProvider, falling back to use random secrets.
2019-10-07 12:26:51,592 [main] WARN  http.HttpRequestLog (HttpRequestLog.java:getRequestLog(97)) - Jetty request log can only be enabled using Log4j
2019-10-07 12:26:51,594 [main] INFO  http.HttpServer2 (HttpServer2.java:addGlobalFilter(975)) - Added global filter 'safety' (class=org.apache.hadoop.http.HttpServer2$QuotingInputFilter)
2019-10-07 12:26:51,595 [main] INFO  http.HttpServer2 (HttpServer2.java:addFilter(948)) - Added filter static_user_filter (class=org.apache.hadoop.http.lib.StaticUserWebFilter$StaticUserFilter) to context hddsDatanode
2019-10-07 12:26:51,595 [main] INFO  http.HttpServer2 (HttpServer2.java:addFilter(958)) - Added filter static_user_filter (class=org.apache.hadoop.http.lib.StaticUserWebFilter$StaticUserFilter) to context static
2019-10-07 12:26:51,595 [main] INFO  http.HttpServer2 (HttpServer2.java:addFilter(958)) - Added filter static_user_filter (class=org.apache.hadoop.http.lib.StaticUserWebFilter$StaticUserFilter) to context logs
2019-10-07 12:26:51,596 [main] INFO  http.HttpServer2 (HttpServer2.java:bindListener(1191)) - Jetty bound to port 44584
2019-10-07 12:26:51,596 [main] INFO  server.Server (Server.java:doStart(351)) - jetty-9.3.25.v20180904, build timestamp: 2018-09-04T21:11:46Z, git hash: 3ce520221d0240229c862b122d2b06c12a625732
2019-10-07 12:26:51,597 [main] INFO  handler.ContextHandler (ContextHandler.java:doStart(781)) - Started o.e.j.s.ServletContextHandler@57cabdc3{/logs,file:///workdir/hadoop-ozone/integration-test/target/log,AVAILABLE}
2019-10-07 12:26:51,598 [main] INFO  handler.ContextHandler (ContextHandler.java:doStart(781)) - Started o.e.j.s.ServletContextHandler@129c4d19{/static,jar:file:/home/user/.m2/repository/org/apache/hadoop/hadoop-hdds-container-service/0.5.0-SNAPSHOT/hadoop-hdds-container-service-0.5.0-SNAPSHOT.jar!/webapps/static,AVAILABLE}
2019-10-07 12:26:51,624 [main] INFO  handler.ContextHandler (ContextHandler.java:doStart(781)) - Started o.e.j.w.WebAppContext@5e3db14{/,file:///tmp/jetty-0.0.0.0-44584-hddsDatanode-_-any-2241958973344895629.dir/webapp/,AVAILABLE}{/hddsDatanode}
2019-10-07 12:26:51,624 [main] INFO  server.AbstractConnector (AbstractConnector.java:doStart(278)) - Started ServerConnector@5fb54740{HTTP/1.1,[http/1.1]}{0.0.0.0:44584}
2019-10-07 12:26:51,626 [main] INFO  server.Server (Server.java:doStart(419)) - Started @217817ms
2019-10-07 12:26:51,626 [main] WARN  impl.MetricsSystemImpl (MetricsSystemImpl.java:register(276)) - Sink prometheus already exists!
2019-10-07 12:26:51,626 [main] INFO  server.BaseHttpServer (BaseHttpServer.java:updateConnectorAddress(215)) - HTTP server of HDDSDATANODE is listening at http://0.0.0.0:44584
2019-10-07 12:26:51,627 [main] INFO  ozone.MiniOzoneClusterImpl (MiniOzoneClusterImpl.java:lambda$waitForClusterToBeReady$0(147)) - Waiting for cluster to be ready. Got 0 of 7 DN Heartbeats.
2019-10-07 12:26:51,627 [org.apache.hadoop.util.JvmPauseMonitor$Monitor@6dc1dd21] INFO  util.JvmPauseMonitor (JvmPauseMonitor.java:run(188)) - Starting JVM pause monitor
2019-10-07 12:26:51,628 [Datanode State Machine Thread - 0] INFO  datanode.InitDatanodeState (InitDatanodeState.java:persistContainerDatanodeDetails(140)) - DatanodeDetails is persisted to /workdir/hadoop-ozone/integration-test/target/test-dir/MiniOzoneClusterImpl-86c498e6-12e9-4451-86e6-34dda6797130/datanode-6/meta/datanode.id
2019-10-07 12:26:52,627 [main] INFO  ozone.MiniOzoneClusterImpl (MiniOzoneClusterImpl.java:lambda$waitForClusterToBeReady$0(147)) - Waiting for cluster to be ready. Got 0 of 7 DN Heartbeats.
2019-10-07 12:26:53,271 [Datanode State Machine Thread - 0] INFO  ozoneimpl.OzoneContainer (OzoneContainer.java:start(217)) - Attempting to start container services.
2019-10-07 12:26:53,271 [Datanode State Machine Thread - 0] INFO  ozoneimpl.OzoneContainer (OzoneContainer.java:startContainerScrub(179)) - Background container scanner has been disabled.
2019-10-07 12:26:53,271 [Datanode State Machine Thread - 0] INFO  ratis.XceiverServerRatis (XceiverServerRatis.java:start(418)) - Starting XceiverServerRatis aa14afdf-76db-4a5e-8bf8-d986c3950086 at port 0
2019-10-07 12:26:53,277 [Datanode State Machine Thread - 0] INFO  impl.RaftServerProxy (RaftServerProxy.java:lambda$start$3(299)) - aa14afdf-76db-4a5e-8bf8-d986c3950086: start RPC server
2019-10-07 12:26:53,279 [Datanode State Machine Thread - 0] INFO  server.GrpcService (GrpcService.java:startImpl(158)) - aa14afdf-76db-4a5e-8bf8-d986c3950086: GrpcService started, listening on 0.0.0.0/0.0.0.0:46771
2019-10-07 12:26:53,279 [Datanode State Machine Thread - 0] INFO  ratis.XceiverServerRatis (XceiverServerRatis.java:start(428)) - XceiverServerRatis aa14afdf-76db-4a5e-8bf8-d986c3950086 is started using port 46771
2019-10-07 12:26:53,281 [Datanode State Machine Thread - 0] INFO  server.XceiverServerGrpc (XceiverServerGrpc.java:start(149)) - XceiverServerGrpc aa14afdf-76db-4a5e-8bf8-d986c3950086 is started using port 39475
2019-10-07 12:26:53,316 [Datanode State Machine Thread - 0] INFO  ozoneimpl.OzoneContainer (OzoneContainer.java:start(217)) - Attempting to start container services.
2019-10-07 12:26:53,316 [Datanode State Machine Thread - 0] INFO  ozoneimpl.OzoneContainer (OzoneContainer.java:startContainerScrub(179)) - Background container scanner has been disabled.
2019-10-07 12:26:53,316 [Datanode State Machine Thread - 0] INFO  ratis.XceiverServerRatis (XceiverServerRatis.java:start(418)) - Starting XceiverServerRatis c2d3070a-95d8-49e9-bf2e-f835b8e471c4 at port 0
2019-10-07 12:26:53,320 [Datanode State Machine Thread - 0] INFO  impl.RaftServerProxy (RaftServerProxy.java:lambda$start$3(299)) - c2d3070a-95d8-49e9-bf2e-f835b8e471c4: start RPC server
2019-10-07 12:26:53,321 [Datanode State Machine Thread - 0] INFO  server.GrpcService (GrpcService.java:startImpl(158)) - c2d3070a-95d8-49e9-bf2e-f835b8e471c4: GrpcService started, listening on 0.0.0.0/0.0.0.0:33473
2019-10-07 12:26:53,321 [Datanode State Machine Thread - 0] INFO  ratis.XceiverServerRatis (XceiverServerRatis.java:start(428)) - XceiverServerRatis c2d3070a-95d8-49e9-bf2e-f835b8e471c4 is started using port 33473
2019-10-07 12:26:53,321 [Datanode State Machine Thread - 0] INFO  server.XceiverServerGrpc (XceiverServerGrpc.java:start(149)) - XceiverServerGrpc c2d3070a-95d8-49e9-bf2e-f835b8e471c4 is started using port 44762
2019-10-07 12:26:53,382 [Datanode State Machine Thread - 0] INFO  ozoneimpl.OzoneContainer (OzoneContainer.java:start(217)) - Attempting to start container services.
2019-10-07 12:26:53,382 [Datanode State Machine Thread - 0] INFO  ozoneimpl.OzoneContainer (OzoneContainer.java:startContainerScrub(179)) - Background container scanner has been disabled.
2019-10-07 12:26:53,382 [Datanode State Machine Thread - 0] INFO  ratis.XceiverServerRatis (XceiverServerRatis.java:start(418)) - Starting XceiverServerRatis ecc1bd03-cc93-4b70-b2b6-f068c88737d7 at port 0
2019-10-07 12:26:53,390 [Datanode State Machine Thread - 0] INFO  impl.RaftServerProxy (RaftServerProxy.java:lambda$start$3(299)) - ecc1bd03-cc93-4b70-b2b6-f068c88737d7: start RPC server
2019-10-07 12:26:53,397 [Datanode State Machine Thread - 0] INFO  server.GrpcService (GrpcService.java:startImpl(158)) - ecc1bd03-cc93-4b70-b2b6-f068c88737d7: GrpcService started, listening on 0.0.0.0/0.0.0.0:35223
2019-10-07 12:26:53,397 [Datanode State Machine Thread - 0] INFO  ratis.XceiverServerRatis (XceiverServerRatis.java:start(428)) - XceiverServerRatis ecc1bd03-cc93-4b70-b2b6-f068c88737d7 is started using port 35223
2019-10-07 12:26:53,399 [Datanode State Machine Thread - 0] INFO  server.XceiverServerGrpc (XceiverServerGrpc.java:start(149)) - XceiverServerGrpc ecc1bd03-cc93-4b70-b2b6-f068c88737d7 is started using port 37406
2019-10-07 12:26:53,440 [Datanode State Machine Thread - 0] INFO  ozoneimpl.OzoneContainer (OzoneContainer.java:start(217)) - Attempting to start container services.
2019-10-07 12:26:53,440 [Datanode State Machine Thread - 0] INFO  ozoneimpl.OzoneContainer (OzoneContainer.java:startContainerScrub(179)) - Background container scanner has been disabled.
2019-10-07 12:26:53,440 [Datanode State Machine Thread - 0] INFO  ratis.XceiverServerRatis (XceiverServerRatis.java:start(418)) - Starting XceiverServerRatis aa8b7966-c8e9-4cbb-bb4b-5650954eb5b8 at port 0
2019-10-07 12:26:53,445 [Datanode State Machine Thread - 0] INFO  impl.RaftServerProxy (RaftServerProxy.java:lambda$start$3(299)) - aa8b7966-c8e9-4cbb-bb4b-5650954eb5b8: start RPC server
2019-10-07 12:26:53,448 [Datanode State Machine Thread - 0] INFO  server.GrpcService (GrpcService.java:startImpl(158)) - aa8b7966-c8e9-4cbb-bb4b-5650954eb5b8: GrpcService started, listening on 0.0.0.0/0.0.0.0:46353
2019-10-07 12:26:53,448 [Datanode State Machine Thread - 0] INFO  ratis.XceiverServerRatis (XceiverServerRatis.java:start(428)) - XceiverServerRatis aa8b7966-c8e9-4cbb-bb4b-5650954eb5b8 is started using port 46353
2019-10-07 12:26:53,450 [Datanode State Machine Thread - 0] INFO  server.XceiverServerGrpc (XceiverServerGrpc.java:start(149)) - XceiverServerGrpc aa8b7966-c8e9-4cbb-bb4b-5650954eb5b8 is started using port 45105
2019-10-07 12:26:53,504 [Datanode State Machine Thread - 0] INFO  ozoneimpl.OzoneContainer (OzoneContainer.java:start(217)) - Attempting to start container services.
2019-10-07 12:26:53,504 [Datanode State Machine Thread - 0] INFO  ozoneimpl.OzoneContainer (OzoneContainer.java:startContainerScrub(179)) - Background container scanner has been disabled.
2019-10-07 12:26:53,504 [Datanode State Machine Thread - 0] INFO  ratis.XceiverServerRatis (XceiverServerRatis.java:start(418)) - Starting XceiverServerRatis b769eb0e-7454-47be-a9f9-2b6008ceec91 at port 0
2019-10-07 12:26:53,509 [Datanode State Machine Thread - 0] INFO  impl.RaftServerProxy (RaftServerProxy.java:lambda$start$3(299)) - b769eb0e-7454-47be-a9f9-2b6008ceec91: start RPC server
2019-10-07 12:26:53,509 [Datanode State Machine Thread - 0] INFO  server.GrpcService (GrpcService.java:startImpl(158)) - b769eb0e-7454-47be-a9f9-2b6008ceec91: GrpcService started, listening on 0.0.0.0/0.0.0.0:36146
2019-10-07 12:26:53,509 [Datanode State Machine Thread - 0] INFO  ratis.XceiverServerRatis (XceiverServerRatis.java:start(428)) - XceiverServerRatis b769eb0e-7454-47be-a9f9-2b6008ceec91 is started using port 36146
2019-10-07 12:26:53,510 [Datanode State Machine Thread - 0] INFO  server.XceiverServerGrpc (XceiverServerGrpc.java:start(149)) - XceiverServerGrpc b769eb0e-7454-47be-a9f9-2b6008ceec91 is started using port 45534
2019-10-07 12:26:53,575 [Datanode State Machine Thread - 0] INFO  ozoneimpl.OzoneContainer (OzoneContainer.java:start(217)) - Attempting to start container services.
2019-10-07 12:26:53,575 [Datanode State Machine Thread - 0] INFO  ozoneimpl.OzoneContainer (OzoneContainer.java:startContainerScrub(179)) - Background container scanner has been disabled.
2019-10-07 12:26:53,575 [Datanode State Machine Thread - 0] INFO  ratis.XceiverServerRatis (XceiverServerRatis.java:start(418)) - Starting XceiverServerRatis 4006f311-924b-41b7-8b2d-6a306cebb526 at port 0
2019-10-07 12:26:53,580 [Datanode State Machine Thread - 0] INFO  impl.RaftServerProxy (RaftServerProxy.java:lambda$start$3(299)) - 4006f311-924b-41b7-8b2d-6a306cebb526: start RPC server
2019-10-07 12:26:53,580 [Datanode State Machine Thread - 0] INFO  server.GrpcService (GrpcService.java:startImpl(158)) - 4006f311-924b-41b7-8b2d-6a306cebb526: GrpcService started, listening on 0.0.0.0/0.0.0.0:38143
2019-10-07 12:26:53,581 [Datanode State Machine Thread - 0] INFO  ratis.XceiverServerRatis (XceiverServerRatis.java:start(428)) - XceiverServerRatis 4006f311-924b-41b7-8b2d-6a306cebb526 is started using port 38143
2019-10-07 12:26:53,583 [Datanode State Machine Thread - 0] INFO  server.XceiverServerGrpc (XceiverServerGrpc.java:start(149)) - XceiverServerGrpc 4006f311-924b-41b7-8b2d-6a306cebb526 is started using port 42909
2019-10-07 12:26:53,627 [main] INFO  ozone.MiniOzoneClusterImpl (MiniOzoneClusterImpl.java:lambda$waitForClusterToBeReady$0(147)) - Waiting for cluster to be ready. Got 0 of 7 DN Heartbeats.
2019-10-07 12:26:53,641 [Datanode State Machine Thread - 0] INFO  ozoneimpl.OzoneContainer (OzoneContainer.java:start(217)) - Attempting to start container services.
2019-10-07 12:26:53,641 [Datanode State Machine Thread - 0] INFO  ozoneimpl.OzoneContainer (OzoneContainer.java:startContainerScrub(179)) - Background container scanner has been disabled.
2019-10-07 12:26:53,641 [Datanode State Machine Thread - 0] INFO  ratis.XceiverServerRatis (XceiverServerRatis.java:start(418)) - Starting XceiverServerRatis 412546b7-b75f-4f0c-b2f9-5908dac52262 at port 0
2019-10-07 12:26:53,646 [Datanode State Machine Thread - 0] INFO  impl.RaftServerProxy (RaftServerProxy.java:lambda$start$3(299)) - 412546b7-b75f-4f0c-b2f9-5908dac52262: start RPC server
2019-10-07 12:26:53,655 [Datanode State Machine Thread - 0] INFO  server.GrpcService (GrpcService.java:startImpl(158)) - 412546b7-b75f-4f0c-b2f9-5908dac52262: GrpcService started, listening on 0.0.0.0/0.0.0.0:35993
2019-10-07 12:26:53,655 [Datanode State Machine Thread - 0] INFO  ratis.XceiverServerRatis (XceiverServerRatis.java:start(428)) - XceiverServerRatis 412546b7-b75f-4f0c-b2f9-5908dac52262 is started using port 35993
2019-10-07 12:26:53,656 [Datanode State Machine Thread - 0] INFO  server.XceiverServerGrpc (XceiverServerGrpc.java:start(149)) - XceiverServerGrpc 412546b7-b75f-4f0c-b2f9-5908dac52262 is started using port 34461
2019-10-07 12:26:54,628 [main] INFO  ozone.MiniOzoneClusterImpl (MiniOzoneClusterImpl.java:lambda$waitForClusterToBeReady$0(147)) - Waiting for cluster to be ready. Got 0 of 7 DN Heartbeats.
2019-10-07 12:26:55,234 [IPC Server handler 0 on 34254] INFO  net.NetworkTopology (NetworkTopologyImpl.java:add(111)) - Added a new node: /default-rack/aa14afdf-76db-4a5e-8bf8-d986c3950086
2019-10-07 12:26:55,235 [IPC Server handler 0 on 34254] INFO  node.SCMNodeManager (SCMNodeManager.java:register(267)) - Registered Data node : aa14afdf-76db-4a5e-8bf8-d986c3950086{ip: 192.168.30.26, host: pr-hdds-2071-fmvlq-2762171947, networkLocation: /default-rack, certSerialId: null}
2019-10-07 12:26:55,236 [EventQueue-NodeRegistrationContainerReportForDataNodeSafeModeRule] INFO  safemode.SCMSafeModeManager (DataNodeSafeModeRule.java:process(71)) - SCM in safe mode. 1 DataNodes registered, 1 required.
2019-10-07 12:26:55,238 [EventQueue-NodeRegistrationContainerReportForDataNodeSafeModeRule] INFO  safemode.SCMSafeModeManager (SCMSafeModeManager.java:validateSafeModeExitRules(177)) - ScmSafeModeManager, all rules are successfully validated
2019-10-07 12:26:55,238 [EventQueue-NodeRegistrationContainerReportForDataNodeSafeModeRule] INFO  safemode.SCMSafeModeManager (SCMSafeModeManager.java:exitSafeMode(193)) - SCM exiting safe mode.
2019-10-07 12:26:55,249 [grpc-default-executor-6] INFO  impl.RaftServerProxy (RaftServerProxy.java:addNew(89)) - aa14afdf-76db-4a5e-8bf8-d986c3950086: addNew group-2DF42521EE16:[aa14afdf-76db-4a5e-8bf8-d986c3950086:192.168.30.26:46771] returns group-2DF42521EE16:java.util.concurrent.CompletableFuture@2cb88e61[Not completed]
2019-10-07 12:26:55,251 [pool-383-thread-1] INFO  impl.RaftServerImpl (RaftServerImpl.java:<init>(95)) - aa14afdf-76db-4a5e-8bf8-d986c3950086: new RaftServerImpl for group-2DF42521EE16:[aa14afdf-76db-4a5e-8bf8-d986c3950086:192.168.30.26:46771] with ContainerStateMachine:uninitialized
2019-10-07 12:26:55,251 [pool-383-thread-1] INFO  server.RaftServerConfigKeys (ConfUtils.java:logGet(43)) - raft.server.rpc.timeout.min = 5s (custom)
2019-10-07 12:26:55,251 [pool-383-thread-1] INFO  server.RaftServerConfigKeys (ConfUtils.java:logGet(43)) - raft.server.rpc.timeout.max = 5200ms (custom)
2019-10-07 12:26:55,251 [pool-383-thread-1] INFO  server.RaftServerConfigKeys (ConfUtils.java:logGet(43)) - raft.server.rpcslowness.timeout = 120s (custom)
2019-10-07 12:26:55,251 [pool-383-thread-1] INFO  server.RaftServerConfigKeys (ConfUtils.java:logGet(43)) - raft.server.sleep.deviation.threshold = 300 (default)
2019-10-07 12:26:55,251 [pool-383-thread-1] INFO  server.RaftServerConfigKeys (ConfUtils.java:logGet(43)) - raft.server.log.appender.install.snapshot.enabled = false (custom)
2019-10-07 12:26:55,251 [pool-383-thread-1] INFO  impl.RaftServerImpl (ServerState.java:<init>(103)) - aa14afdf-76db-4a5e-8bf8-d986c3950086@group-2DF42521EE16: ConfigurationManager, init=-1: [aa14afdf-76db-4a5e-8bf8-d986c3950086:192.168.30.26:46771], old=null, confs=<EMPTY_MAP>
2019-10-07 12:26:55,252 [pool-383-thread-1] INFO  server.RaftServerConfigKeys (ConfUtils.java:logGet(43)) - raft.server.storage.dir = [/workdir/hadoop-ozone/integration-test/target/test-dir/MiniOzoneClusterImpl-86c498e6-12e9-4451-86e6-34dda6797130/datanode-0/data/ratis] (custom)
2019-10-07 12:26:55,252 [pool-383-thread-1] INFO  server.RaftServerConfigKeys (ConfUtils.java:logGet(43)) - raft.server.log.corruption.policy = EXCEPTION (default)
2019-10-07 12:26:55,252 [pool-383-thread-1] INFO  storage.RaftStorageDirectory (RaftStorageDirectory.java:analyzeStorage(246)) - The storage directory /workdir/hadoop-ozone/integration-test/target/test-dir/MiniOzoneClusterImpl-86c498e6-12e9-4451-86e6-34dda6797130/datanode-0/data/ratis/0dec3eae-a395-45fe-8d2a-2df42521ee16 does not exist. Creating ...
2019-10-07 12:26:55,262 [pool-383-thread-1] INFO  storage.RaftStorageDirectory (RaftStorageDirectory.java:tryLock(328)) - Lock on /workdir/hadoop-ozone/integration-test/target/test-dir/MiniOzoneClusterImpl-86c498e6-12e9-4451-86e6-34dda6797130/datanode-0/data/ratis/0dec3eae-a395-45fe-8d2a-2df42521ee16/in_use.lock acquired by nodename 10829@pr-hdds-2071-fmvlq-2762171947
2019-10-07 12:26:55,275 [pool-383-thread-1] INFO  storage.RaftStorage (RaftStorage.java:format(84)) - Storage directory /workdir/hadoop-ozone/integration-test/target/test-dir/MiniOzoneClusterImpl-86c498e6-12e9-4451-86e6-34dda6797130/datanode-0/data/ratis/0dec3eae-a395-45fe-8d2a-2df42521ee16 has been successfully formatted.
2019-10-07 12:26:55,276 [pool-383-thread-1] INFO  ratis.ContainerStateMachine (ContainerStateMachine.java:loadSnapshot(231)) - group-2DF42521EE16: The snapshot info is null. Setting the last applied indexto:(t:0, i:~)
2019-10-07 12:26:55,276 [pool-383-thread-1] INFO  server.RaftServerConfigKeys (ConfUtils.java:logGet(43)) - raft.server.notification.no-leader.timeout = 120s (custom)
2019-10-07 12:26:55,276 [pool-383-thread-1] INFO  server.RaftServerConfigKeys (ConfUtils.java:logGet(43)) - raft.server.log.use.memory = false (default)
2019-10-07 12:26:55,276 [pool-383-thread-1] INFO  server.RaftServerConfigKeys (ConfUtils.java:logGet(43)) - raft.server.log.purge.gap = 1000000 (custom)
2019-10-07 12:26:55,276 [pool-383-thread-1] INFO  server.RaftServerConfigKeys (ConfUtils.java:logGet(43)) - raft.server.log.appender.buffer.byte-limit = 33554432 (custom)
2019-10-07 12:26:55,276 [pool-383-thread-1] INFO  server.RaftServerConfigKeys (ConfUtils.java:logGet(43)) - raft.server.log.segment.size.max = 1048576 (custom)
2019-10-07 12:26:55,278 [pool-383-thread-1] INFO  server.RaftServerConfigKeys (ConfUtils.java:logGet(43)) - raft.server.log.segment.cache.num.max = 2 (custom)
2019-10-07 12:26:55,278 [pool-383-thread-1] INFO  segmented.SegmentedRaftLogWorker (SegmentedRaftLogWorker.java:<init>(173)) - new aa14afdf-76db-4a5e-8bf8-d986c3950086@group-2DF42521EE16-SegmentedRaftLogWorker for RaftStorage:Storage Directory /workdir/hadoop-ozone/integration-test/target/test-dir/MiniOzoneClusterImpl-86c498e6-12e9-4451-86e6-34dda6797130/datanode-0/data/ratis/0dec3eae-a395-45fe-8d2a-2df42521ee16
2019-10-07 12:26:55,278 [pool-383-thread-1] INFO  server.RaftServerConfigKeys (ConfUtils.java:logGet(43)) - raft.server.log.queue.byte-limit = 2147483647 (custom)
2019-10-07 12:26:55,279 [pool-383-thread-1] INFO  server.RaftServerConfigKeys (ConfUtils.java:logGet(43)) - raft.server.log.queue.element-limit = 1024 (custom)
2019-10-07 12:26:55,279 [pool-383-thread-1] INFO  server.RaftServerConfigKeys (ConfUtils.java:logGet(43)) - raft.server.log.segment.size.max = 1048576 (custom)
2019-10-07 12:26:55,279 [pool-383-thread-1] INFO  server.RaftServerConfigKeys (ConfUtils.java:logGet(43)) - raft.server.log.preallocated.size = 16384 (custom)
2019-10-07 12:26:55,279 [pool-383-thread-1] INFO  server.RaftServerConfigKeys (ConfUtils.java:logGet(43)) - raft.server.log.write.buffer.size = 33554432 (custom)
2019-10-07 12:26:55,279 [pool-383-thread-1] INFO  server.RaftServerConfigKeys (ConfUtils.java:logGet(43)) - raft.server.log.force.sync.num = 128 (default)
2019-10-07 12:26:55,279 [pool-383-thread-1] INFO  server.RaftServerConfigKeys (ConfUtils.java:logGet(43)) - raft.server.log.statemachine.data.sync = true (default)
2019-10-07 12:26:55,279 [pool-383-thread-1] INFO  server.RaftServerConfigKeys (ConfUtils.java:logGet(43)) - raft.server.log.statemachine.data.sync.timeout = 10s (default)
2019-10-07 12:26:55,279 [pool-383-thread-1] INFO  server.RaftServerConfigKeys (ConfUtils.java:logGet(43)) - raft.server.log.statemachine.data.sync.timeout.retry = -1 (default)
2019-10-07 12:26:55,280 [pool-383-thread-1] INFO  server.RaftServerConfigKeys (ConfUtils.java:logGet(43)) - raft.server.log.statemachine.data.caching.enabled = true (custom)
2019-10-07 12:26:55,280 [pool-383-thread-1] INFO  segmented.SegmentedRaftLogWorker (SegmentedRaftLogWorker.java:lambda$new$0(128)) - aa14afdf-76db-4a5e-8bf8-d986c3950086@group-2DF42521EE16-SegmentedRaftLogWorker: flushIndex: setUnconditionally 0 -> -1
2019-10-07 12:26:55,280 [pool-383-thread-1] INFO  server.RaftServerConfigKeys (ConfUtils.java:logGet(43)) - raft.server.snapshot.auto.trigger.enabled = true (custom)
2019-10-07 12:26:55,281 [pool-383-thread-1] INFO  server.RaftServerConfigKeys (ConfUtils.java:logGet(43)) - raft.server.snapshot.auto.trigger.threshold = 10000 (custom)
2019-10-07 12:26:55,281 [pool-383-thread-1] INFO  server.RaftServerConfigKeys (ConfUtils.java:logGet(43)) - raft.server.snapshot.retention.file.num = 5 (custom)
2019-10-07 12:26:55,281 [pool-383-thread-1] INFO  server.RaftServerConfigKeys (ConfUtils.java:logGet(43)) - raft.server.retrycache.expirytime = 600000ms (custom)
2019-10-07 12:26:55,282 [pool-383-thread-1] INFO  impl.RaftServerImpl (RaftServerImpl.java:start(181)) - aa14afdf-76db-4a5e-8bf8-d986c3950086@group-2DF42521EE16: start as a follower, conf=-1: [aa14afdf-76db-4a5e-8bf8-d986c3950086:192.168.30.26:46771], old=null
2019-10-07 12:26:55,282 [pool-383-thread-1] INFO  impl.RaftServerImpl (RaftServerImpl.java:setRole(170)) - aa14afdf-76db-4a5e-8bf8-d986c3950086@group-2DF42521EE16: changes role from      null to FOLLOWER at term 0 for startAsFollower
2019-10-07 12:26:55,282 [pool-383-thread-1] INFO  impl.RoleInfo (RoleInfo.java:updateAndGet(143)) - aa14afdf-76db-4a5e-8bf8-d986c3950086: start FollowerState
2019-10-07 12:26:55,283 [pool-383-thread-1] INFO  util.JmxRegister (JmxRegister.java:tryRegister(44)) - Successfully registered JMX Bean with object name Ratis:service=RaftServer,group=group-2DF42521EE16,id=aa14afdf-76db-4a5e-8bf8-d986c3950086
2019-10-07 12:26:55,287 [RatisPipelineUtilsThread] INFO  pipeline.PipelineStateManager (PipelineStateManager.java:addPipeline(56)) - Created pipeline Pipeline[ Id: 0dec3eae-a395-45fe-8d2a-2df42521ee16, Nodes: aa14afdf-76db-4a5e-8bf8-d986c3950086{ip: 192.168.30.26, host: pr-hdds-2071-fmvlq-2762171947, networkLocation: /default-rack, certSerialId: null}, Type:RATIS, Factor:ONE, State:OPEN]
2019-10-07 12:26:55,302 [IPC Server handler 2 on 34254] INFO  net.NetworkTopology (NetworkTopologyImpl.java:add(111)) - Added a new node: /default-rack/c2d3070a-95d8-49e9-bf2e-f835b8e471c4
2019-10-07 12:26:55,302 [IPC Server handler 2 on 34254] INFO  node.SCMNodeManager (SCMNodeManager.java:register(267)) - Registered Data node : c2d3070a-95d8-49e9-bf2e-f835b8e471c4{ip: 192.168.30.26, host: pr-hdds-2071-fmvlq-2762171947, networkLocation: /default-rack, certSerialId: null}
2019-10-07 12:26:55,312 [grpc-default-executor-6] INFO  impl.RaftServerProxy (RaftServerProxy.java:addNew(89)) - c2d3070a-95d8-49e9-bf2e-f835b8e471c4: addNew group-8F023078ED01:[c2d3070a-95d8-49e9-bf2e-f835b8e471c4:192.168.30.26:33473] returns group-8F023078ED01:java.util.concurrent.CompletableFuture@33a60ebc[Not completed]
2019-10-07 12:26:55,313 [pool-393-thread-1] INFO  impl.RaftServerImpl (RaftServerImpl.java:<init>(95)) - c2d3070a-95d8-49e9-bf2e-f835b8e471c4: new RaftServerImpl for group-8F023078ED01:[c2d3070a-95d8-49e9-bf2e-f835b8e471c4:192.168.30.26:33473] with ContainerStateMachine:uninitialized
2019-10-07 12:26:55,313 [pool-393-thread-1] INFO  server.RaftServerConfigKeys (ConfUtils.java:logGet(43)) - raft.server.rpc.timeout.min = 5s (custom)
2019-10-07 12:26:55,314 [pool-393-thread-1] INFO  server.RaftServerConfigKeys (ConfUtils.java:logGet(43)) - raft.server.rpc.timeout.max = 5200ms (custom)
2019-10-07 12:26:55,314 [pool-393-thread-1] INFO  server.RaftServerConfigKeys (ConfUtils.java:logGet(43)) - raft.server.rpcslowness.timeout = 120s (custom)
2019-10-07 12:26:55,314 [pool-393-thread-1] INFO  server.RaftServerConfigKeys (ConfUtils.java:logGet(43)) - raft.server.sleep.deviation.threshold = 300 (default)
2019-10-07 12:26:55,314 [pool-393-thread-1] INFO  server.RaftServerConfigKeys (ConfUtils.java:logGet(43)) - raft.server.log.appender.install.snapshot.enabled = false (custom)
2019-10-07 12:26:55,314 [pool-393-thread-1] INFO  impl.RaftServerImpl (ServerState.java:<init>(103)) - c2d3070a-95d8-49e9-bf2e-f835b8e471c4@group-8F023078ED01: ConfigurationManager, init=-1: [c2d3070a-95d8-49e9-bf2e-f835b8e471c4:192.168.30.26:33473], old=null, confs=<EMPTY_MAP>
2019-10-07 12:26:55,314 [pool-393-thread-1] INFO  server.RaftServerConfigKeys (ConfUtils.java:logGet(43)) - raft.server.storage.dir = [/workdir/hadoop-ozone/integration-test/target/test-dir/MiniOzoneClusterImpl-86c498e6-12e9-4451-86e6-34dda6797130/datanode-1/data/ratis] (custom)
2019-10-07 12:26:55,314 [pool-393-thread-1] INFO  server.RaftServerConfigKeys (ConfUtils.java:logGet(43)) - raft.server.log.corruption.policy = EXCEPTION (default)
2019-10-07 12:26:55,315 [pool-393-thread-1] INFO  storage.RaftStorageDirectory (RaftStorageDirectory.java:analyzeStorage(246)) - The storage directory /workdir/hadoop-ozone/integration-test/target/test-dir/MiniOzoneClusterImpl-86c498e6-12e9-4451-86e6-34dda6797130/datanode-1/data/ratis/78e1c383-dc85-41be-ba7f-8f023078ed01 does not exist. Creating ...
2019-10-07 12:26:55,322 [pool-393-thread-1] INFO  storage.RaftStorageDirectory (RaftStorageDirectory.java:tryLock(328)) - Lock on /workdir/hadoop-ozone/integration-test/target/test-dir/MiniOzoneClusterImpl-86c498e6-12e9-4451-86e6-34dda6797130/datanode-1/data/ratis/78e1c383-dc85-41be-ba7f-8f023078ed01/in_use.lock acquired by nodename 10829@pr-hdds-2071-fmvlq-2762171947
2019-10-07 12:26:55,325 [pool-393-thread-1] INFO  storage.RaftStorage (RaftStorage.java:format(84)) - Storage directory /workdir/hadoop-ozone/integration-test/target/test-dir/MiniOzoneClusterImpl-86c498e6-12e9-4451-86e6-34dda6797130/datanode-1/data/ratis/78e1c383-dc85-41be-ba7f-8f023078ed01 has been successfully formatted.
2019-10-07 12:26:55,325 [pool-393-thread-1] INFO  ratis.ContainerStateMachine (ContainerStateMachine.java:loadSnapshot(231)) - group-8F023078ED01: The snapshot info is null. Setting the last applied indexto:(t:0, i:~)
2019-10-07 12:26:55,325 [pool-393-thread-1] INFO  server.RaftServerConfigKeys (ConfUtils.java:logGet(43)) - raft.server.notification.no-leader.timeout = 120s (custom)
2019-10-07 12:26:55,326 [pool-393-thread-1] INFO  server.RaftServerConfigKeys (ConfUtils.java:logGet(43)) - raft.server.log.use.memory = false (default)
2019-10-07 12:26:55,326 [pool-393-thread-1] INFO  server.RaftServerConfigKeys (ConfUtils.java:logGet(43)) - raft.server.log.purge.gap = 1000000 (custom)
2019-10-07 12:26:55,326 [pool-393-thread-1] INFO  server.RaftServerConfigKeys (ConfUtils.java:logGet(43)) - raft.server.log.appender.buffer.byte-limit = 33554432 (custom)
2019-10-07 12:26:55,326 [pool-393-thread-1] INFO  server.RaftServerConfigKeys (ConfUtils.java:logGet(43)) - raft.server.log.segment.size.max = 1048576 (custom)
2019-10-07 12:26:55,328 [pool-393-thread-1] INFO  server.RaftServerConfigKeys (ConfUtils.java:logGet(43)) - raft.server.log.segment.cache.num.max = 2 (custom)
2019-10-07 12:26:55,328 [pool-393-thread-1] INFO  segmented.SegmentedRaftLogWorker (SegmentedRaftLogWorker.java:<init>(173)) - new c2d3070a-95d8-49e9-bf2e-f835b8e471c4@group-8F023078ED01-SegmentedRaftLogWorker for RaftStorage:Storage Directory /workdir/hadoop-ozone/integration-test/target/test-dir/MiniOzoneClusterImpl-86c498e6-12e9-4451-86e6-34dda6797130/datanode-1/data/ratis/78e1c383-dc85-41be-ba7f-8f023078ed01
2019-10-07 12:26:55,328 [pool-393-thread-1] INFO  server.RaftServerConfigKeys (ConfUtils.java:logGet(43)) - raft.server.log.queue.byte-limit = 2147483647 (custom)
2019-10-07 12:26:55,328 [pool-393-thread-1] INFO  server.RaftServerConfigKeys (ConfUtils.java:logGet(43)) - raft.server.log.queue.element-limit = 1024 (custom)
2019-10-07 12:26:55,328 [pool-393-thread-1] INFO  server.RaftServerConfigKeys (ConfUtils.java:logGet(43)) - raft.server.log.segment.size.max = 1048576 (custom)
2019-10-07 12:26:55,328 [pool-393-thread-1] INFO  server.RaftServerConfigKeys (ConfUtils.java:logGet(43)) - raft.server.log.preallocated.size = 16384 (custom)
2019-10-07 12:26:55,328 [pool-393-thread-1] INFO  server.RaftServerConfigKeys (ConfUtils.java:logGet(43)) - raft.server.log.write.buffer.size = 33554432 (custom)
2019-10-07 12:26:55,329 [pool-393-thread-1] INFO  server.RaftServerConfigKeys (ConfUtils.java:logGet(43)) - raft.server.log.force.sync.num = 128 (default)
2019-10-07 12:26:55,329 [pool-393-thread-1] INFO  server.RaftServerConfigKeys (ConfUtils.java:logGet(43)) - raft.server.log.statemachine.data.sync = true (default)
2019-10-07 12:26:55,329 [pool-393-thread-1] INFO  server.RaftServerConfigKeys (ConfUtils.java:logGet(43)) - raft.server.log.statemachine.data.sync.timeout = 10s (default)
2019-10-07 12:26:55,329 [pool-393-thread-1] INFO  server.RaftServerConfigKeys (ConfUtils.java:logGet(43)) - raft.server.log.statemachine.data.sync.timeout.retry = -1 (default)
2019-10-07 12:26:55,329 [pool-393-thread-1] INFO  server.RaftServerConfigKeys (ConfUtils.java:logGet(43)) - raft.server.log.statemachine.data.caching.enabled = true (custom)
2019-10-07 12:26:55,338 [pool-393-thread-1] INFO  segmented.SegmentedRaftLogWorker (SegmentedRaftLogWorker.java:lambda$new$0(128)) - c2d3070a-95d8-49e9-bf2e-f835b8e471c4@group-8F023078ED01-SegmentedRaftLogWorker: flushIndex: setUnconditionally 0 -> -1
2019-10-07 12:26:55,338 [pool-393-thread-1] INFO  server.RaftServerConfigKeys (ConfUtils.java:logGet(43)) - raft.server.snapshot.auto.trigger.enabled = true (custom)
2019-10-07 12:26:55,338 [pool-393-thread-1] INFO  server.RaftServerConfigKeys (ConfUtils.java:logGet(43)) - raft.server.snapshot.auto.trigger.threshold = 10000 (custom)
2019-10-07 12:26:55,338 [pool-393-thread-1] INFO  server.RaftServerConfigKeys (ConfUtils.java:logGet(43)) - raft.server.snapshot.retention.file.num = 5 (custom)
2019-10-07 12:26:55,338 [pool-393-thread-1] INFO  server.RaftServerConfigKeys (ConfUtils.java:logGet(43)) - raft.server.retrycache.expirytime = 600000ms (custom)
2019-10-07 12:26:55,339 [pool-393-thread-1] INFO  impl.RaftServerImpl (RaftServerImpl.java:start(181)) - c2d3070a-95d8-49e9-bf2e-f835b8e471c4@group-8F023078ED01: start as a follower, conf=-1: [c2d3070a-95d8-49e9-bf2e-f835b8e471c4:192.168.30.26:33473], old=null
2019-10-07 12:26:55,340 [pool-393-thread-1] INFO  impl.RaftServerImpl (RaftServerImpl.java:setRole(170)) - c2d3070a-95d8-49e9-bf2e-f835b8e471c4@group-8F023078ED01: changes role from      null to FOLLOWER at term 0 for startAsFollower
2019-10-07 12:26:55,340 [pool-393-thread-1] INFO  impl.RoleInfo (RoleInfo.java:updateAndGet(143)) - c2d3070a-95d8-49e9-bf2e-f835b8e471c4: start FollowerState
2019-10-07 12:26:55,340 [pool-393-thread-1] INFO  util.JmxRegister (JmxRegister.java:tryRegister(44)) - Successfully registered JMX Bean with object name Ratis:service=RaftServer,group=group-8F023078ED01,id=c2d3070a-95d8-49e9-bf2e-f835b8e471c4
2019-10-07 12:26:55,343 [RatisPipelineUtilsThread] INFO  pipeline.PipelineStateManager (PipelineStateManager.java:addPipeline(56)) - Created pipeline Pipeline[ Id: 78e1c383-dc85-41be-ba7f-8f023078ed01, Nodes: c2d3070a-95d8-49e9-bf2e-f835b8e471c4{ip: 192.168.30.26, host: pr-hdds-2071-fmvlq-2762171947, networkLocation: /default-rack, certSerialId: null}, Type:RATIS, Factor:ONE, State:OPEN]
2019-10-07 12:26:55,368 [IPC Server handler 3 on 34254] INFO  net.NetworkTopology (NetworkTopologyImpl.java:add(111)) - Added a new node: /default-rack/ecc1bd03-cc93-4b70-b2b6-f068c88737d7
2019-10-07 12:26:55,368 [IPC Server handler 3 on 34254] INFO  node.SCMNodeManager (SCMNodeManager.java:register(267)) - Registered Data node : ecc1bd03-cc93-4b70-b2b6-f068c88737d7{ip: 192.168.30.26, host: pr-hdds-2071-fmvlq-2762171947, networkLocation: /default-rack, certSerialId: null}
2019-10-07 12:26:55,379 [grpc-default-executor-6] INFO  impl.RaftServerProxy (RaftServerProxy.java:addNew(89)) - ecc1bd03-cc93-4b70-b2b6-f068c88737d7: addNew group-5831966DC34F:[ecc1bd03-cc93-4b70-b2b6-f068c88737d7:192.168.30.26:35223] returns group-5831966DC34F:java.util.concurrent.CompletableFuture@5e84e867[Not completed]
2019-10-07 12:26:55,380 [pool-403-thread-1] INFO  impl.RaftServerImpl (RaftServerImpl.java:<init>(95)) - ecc1bd03-cc93-4b70-b2b6-f068c88737d7: new RaftServerImpl for group-5831966DC34F:[ecc1bd03-cc93-4b70-b2b6-f068c88737d7:192.168.30.26:35223] with ContainerStateMachine:uninitialized
2019-10-07 12:26:55,380 [pool-403-thread-1] INFO  server.RaftServerConfigKeys (ConfUtils.java:logGet(43)) - raft.server.rpc.timeout.min = 5s (custom)
2019-10-07 12:26:55,380 [pool-403-thread-1] INFO  server.RaftServerConfigKeys (ConfUtils.java:logGet(43)) - raft.server.rpc.timeout.max = 5200ms (custom)
2019-10-07 12:26:55,380 [pool-403-thread-1] INFO  server.RaftServerConfigKeys (ConfUtils.java:logGet(43)) - raft.server.rpcslowness.timeout = 120s (custom)
2019-10-07 12:26:55,380 [pool-403-thread-1] INFO  server.RaftServerConfigKeys (ConfUtils.java:logGet(43)) - raft.server.sleep.deviation.threshold = 300 (default)
2019-10-07 12:26:55,380 [pool-403-thread-1] INFO  server.RaftServerConfigKeys (ConfUtils.java:logGet(43)) - raft.server.log.appender.install.snapshot.enabled = false (custom)
2019-10-07 12:26:55,380 [pool-403-thread-1] INFO  impl.RaftServerImpl (ServerState.java:<init>(103)) - ecc1bd03-cc93-4b70-b2b6-f068c88737d7@group-5831966DC34F: ConfigurationManager, init=-1: [ecc1bd03-cc93-4b70-b2b6-f068c88737d7:192.168.30.26:35223], old=null, confs=<EMPTY_MAP>
2019-10-07 12:26:55,381 [pool-403-thread-1] INFO  server.RaftServerConfigKeys (ConfUtils.java:logGet(43)) - raft.server.storage.dir = [/workdir/hadoop-ozone/integration-test/target/test-dir/MiniOzoneClusterImpl-86c498e6-12e9-4451-86e6-34dda6797130/datanode-2/data/ratis] (custom)
2019-10-07 12:26:55,381 [pool-403-thread-1] INFO  server.RaftServerConfigKeys (ConfUtils.java:logGet(43)) - raft.server.log.corruption.policy = EXCEPTION (default)
2019-10-07 12:26:55,381 [pool-403-thread-1] INFO  storage.RaftStorageDirectory (RaftStorageDirectory.java:analyzeStorage(246)) - The storage directory /workdir/hadoop-ozone/integration-test/target/test-dir/MiniOzoneClusterImpl-86c498e6-12e9-4451-86e6-34dda6797130/datanode-2/data/ratis/b59365a2-1c68-45d3-b08e-5831966dc34f does not exist. Creating ...
2019-10-07 12:26:55,394 [pool-403-thread-1] INFO  storage.RaftStorageDirectory (RaftStorageDirectory.java:tryLock(328)) - Lock on /workdir/hadoop-ozone/integration-test/target/test-dir/MiniOzoneClusterImpl-86c498e6-12e9-4451-86e6-34dda6797130/datanode-2/data/ratis/b59365a2-1c68-45d3-b08e-5831966dc34f/in_use.lock acquired by nodename 10829@pr-hdds-2071-fmvlq-2762171947
2019-10-07 12:26:55,406 [pool-403-thread-1] INFO  storage.RaftStorage (RaftStorage.java:format(84)) - Storage directory /workdir/hadoop-ozone/integration-test/target/test-dir/MiniOzoneClusterImpl-86c498e6-12e9-4451-86e6-34dda6797130/datanode-2/data/ratis/b59365a2-1c68-45d3-b08e-5831966dc34f has been successfully formatted.
2019-10-07 12:26:55,406 [pool-403-thread-1] INFO  ratis.ContainerStateMachine (ContainerStateMachine.java:loadSnapshot(231)) - group-5831966DC34F: The snapshot info is null. Setting the last applied indexto:(t:0, i:~)
2019-10-07 12:26:55,406 [pool-403-thread-1] INFO  server.RaftServerConfigKeys (ConfUtils.java:logGet(43)) - raft.server.notification.no-leader.timeout = 120s (custom)
2019-10-07 12:26:55,407 [pool-403-thread-1] INFO  server.RaftServerConfigKeys (ConfUtils.java:logGet(43)) - raft.server.log.use.memory = false (default)
2019-10-07 12:26:55,407 [pool-403-thread-1] INFO  server.RaftServerConfigKeys (ConfUtils.java:logGet(43)) - raft.server.log.purge.gap = 1000000 (custom)
2019-10-07 12:26:55,407 [pool-403-thread-1] INFO  server.RaftServerConfigKeys (ConfUtils.java:logGet(43)) - raft.server.log.appender.buffer.byte-limit = 33554432 (custom)
2019-10-07 12:26:55,407 [pool-403-thread-1] INFO  server.RaftServerConfigKeys (ConfUtils.java:logGet(43)) - raft.server.log.segment.size.max = 1048576 (custom)
2019-10-07 12:26:55,408 [pool-403-thread-1] INFO  server.RaftServerConfigKeys (ConfUtils.java:logGet(43)) - raft.server.log.segment.cache.num.max = 2 (custom)
2019-10-07 12:26:55,408 [pool-403-thread-1] INFO  segmented.SegmentedRaftLogWorker (SegmentedRaftLogWorker.java:<init>(173)) - new ecc1bd03-cc93-4b70-b2b6-f068c88737d7@group-5831966DC34F-SegmentedRaftLogWorker for RaftStorage:Storage Directory /workdir/hadoop-ozone/integration-test/target/test-dir/MiniOzoneClusterImpl-86c498e6-12e9-4451-86e6-34dda6797130/datanode-2/data/ratis/b59365a2-1c68-45d3-b08e-5831966dc34f
2019-10-07 12:26:55,408 [pool-403-thread-1] INFO  server.RaftServerConfigKeys (ConfUtils.java:logGet(43)) - raft.server.log.queue.byte-limit = 2147483647 (custom)
2019-10-07 12:26:55,408 [pool-403-thread-1] INFO  server.RaftServerConfigKeys (ConfUtils.java:logGet(43)) - raft.server.log.queue.element-limit = 1024 (custom)
2019-10-07 12:26:55,408 [pool-403-thread-1] INFO  server.RaftServerConfigKeys (ConfUtils.java:logGet(43)) - raft.server.log.segment.size.max = 1048576 (custom)
2019-10-07 12:26:55,408 [pool-403-thread-1] INFO  server.RaftServerConfigKeys (ConfUtils.java:logGet(43)) - raft.server.log.preallocated.size = 16384 (custom)
2019-10-07 12:26:55,408 [pool-403-thread-1] INFO  server.RaftServerConfigKeys (ConfUtils.java:logGet(43)) - raft.server.log.write.buffer.size = 33554432 (custom)
2019-10-07 12:26:55,408 [pool-403-thread-1] INFO  server.RaftServerConfigKeys (ConfUtils.java:logGet(43)) - raft.server.log.force.sync.num = 128 (default)
2019-10-07 12:26:55,409 [pool-403-thread-1] INFO  server.RaftServerConfigKeys (ConfUtils.java:logGet(43)) - raft.server.log.statemachine.data.sync = true (default)
2019-10-07 12:26:55,409 [pool-403-thread-1] INFO  server.RaftServerConfigKeys (ConfUtils.java:logGet(43)) - raft.server.log.statemachine.data.sync.timeout = 10s (default)
2019-10-07 12:26:55,409 [pool-403-thread-1] INFO  server.RaftServerConfigKeys (ConfUtils.java:logGet(43)) - raft.server.log.statemachine.data.sync.timeout.retry = -1 (default)
2019-10-07 12:26:55,409 [pool-403-thread-1] INFO  server.RaftServerConfigKeys (ConfUtils.java:logGet(43)) - raft.server.log.statemachine.data.caching.enabled = true (custom)
2019-10-07 12:26:55,409 [pool-403-thread-1] INFO  segmented.SegmentedRaftLogWorker (SegmentedRaftLogWorker.java:lambda$new$0(128)) - ecc1bd03-cc93-4b70-b2b6-f068c88737d7@group-5831966DC34F-SegmentedRaftLogWorker: flushIndex: setUnconditionally 0 -> -1
2019-10-07 12:26:55,409 [pool-403-thread-1] INFO  server.RaftServerConfigKeys (ConfUtils.java:logGet(43)) - raft.server.snapshot.auto.trigger.enabled = true (custom)
2019-10-07 12:26:55,409 [pool-403-thread-1] INFO  server.RaftServerConfigKeys (ConfUtils.java:logGet(43)) - raft.server.snapshot.auto.trigger.threshold = 10000 (custom)
2019-10-07 12:26:55,409 [pool-403-thread-1] INFO  server.RaftServerConfigKeys (ConfUtils.java:logGet(43)) - raft.server.snapshot.retention.file.num = 5 (custom)
2019-10-07 12:26:55,410 [pool-403-thread-1] INFO  server.RaftServerConfigKeys (ConfUtils.java:logGet(43)) - raft.server.retrycache.expirytime = 600000ms (custom)
2019-10-07 12:26:55,411 [pool-403-thread-1] INFO  impl.RaftServerImpl (RaftServerImpl.java:start(181)) - ecc1bd03-cc93-4b70-b2b6-f068c88737d7@group-5831966DC34F: start as a follower, conf=-1: [ecc1bd03-cc93-4b70-b2b6-f068c88737d7:192.168.30.26:35223], old=null
2019-10-07 12:26:55,411 [pool-403-thread-1] INFO  impl.RaftServerImpl (RaftServerImpl.java:setRole(170)) - ecc1bd03-cc93-4b70-b2b6-f068c88737d7@group-5831966DC34F: changes role from      null to FOLLOWER at term 0 for startAsFollower
2019-10-07 12:26:55,411 [pool-403-thread-1] INFO  impl.RoleInfo (RoleInfo.java:updateAndGet(143)) - ecc1bd03-cc93-4b70-b2b6-f068c88737d7: start FollowerState
2019-10-07 12:26:55,411 [pool-403-thread-1] INFO  util.JmxRegister (JmxRegister.java:tryRegister(44)) - Successfully registered JMX Bean with object name Ratis:service=RaftServer,group=group-5831966DC34F,id=ecc1bd03-cc93-4b70-b2b6-f068c88737d7
2019-10-07 12:26:55,414 [RatisPipelineUtilsThread] INFO  pipeline.PipelineStateManager (PipelineStateManager.java:addPipeline(56)) - Created pipeline Pipeline[ Id: b59365a2-1c68-45d3-b08e-5831966dc34f, Nodes: ecc1bd03-cc93-4b70-b2b6-f068c88737d7{ip: 192.168.30.26, host: pr-hdds-2071-fmvlq-2762171947, networkLocation: /default-rack, certSerialId: null}, Type:RATIS, Factor:ONE, State:OPEN]
2019-10-07 12:26:55,425 [grpc-default-executor-7] INFO  impl.RaftServerProxy (RaftServerProxy.java:addNew(89)) - c2d3070a-95d8-49e9-bf2e-f835b8e471c4: addNew group-68CE261B998A:[aa14afdf-76db-4a5e-8bf8-d986c3950086:192.168.30.26:46771, ecc1bd03-cc93-4b70-b2b6-f068c88737d7:192.168.30.26:35223, c2d3070a-95d8-49e9-bf2e-f835b8e471c4:192.168.30.26:33473] returns group-68CE261B998A:java.util.concurrent.CompletableFuture@4c680eec[Not completed]
2019-10-07 12:26:55,425 [grpc-default-executor-6] INFO  impl.RaftServerProxy (RaftServerProxy.java:addNew(89)) - aa14afdf-76db-4a5e-8bf8-d986c3950086: addNew group-68CE261B998A:[aa14afdf-76db-4a5e-8bf8-d986c3950086:192.168.30.26:46771, ecc1bd03-cc93-4b70-b2b6-f068c88737d7:192.168.30.26:35223, c2d3070a-95d8-49e9-bf2e-f835b8e471c4:192.168.30.26:33473] returns group-68CE261B998A:java.util.concurrent.CompletableFuture@2c09c45d[Not completed]
2019-10-07 12:26:55,426 [grpc-default-executor-7] INFO  impl.RaftServerProxy (RaftServerProxy.java:addNew(89)) - ecc1bd03-cc93-4b70-b2b6-f068c88737d7: addNew group-68CE261B998A:[aa14afdf-76db-4a5e-8bf8-d986c3950086:192.168.30.26:46771, ecc1bd03-cc93-4b70-b2b6-f068c88737d7:192.168.30.26:35223, c2d3070a-95d8-49e9-bf2e-f835b8e471c4:192.168.30.26:33473] returns group-68CE261B998A:java.util.concurrent.CompletableFuture@3eda69f8[Not completed]
2019-10-07 12:26:55,426 [pool-393-thread-1] INFO  impl.RaftServerImpl (RaftServerImpl.java:<init>(95)) - c2d3070a-95d8-49e9-bf2e-f835b8e471c4: new RaftServerImpl for group-68CE261B998A:[aa14afdf-76db-4a5e-8bf8-d986c3950086:192.168.30.26:46771, ecc1bd03-cc93-4b70-b2b6-f068c88737d7:192.168.30.26:35223, c2d3070a-95d8-49e9-bf2e-f835b8e471c4:192.168.30.26:33473] with ContainerStateMachine:uninitialized
2019-10-07 12:26:55,426 [pool-393-thread-1] INFO  server.RaftServerConfigKeys (ConfUtils.java:logGet(43)) - raft.server.rpc.timeout.min = 5s (custom)
2019-10-07 12:26:55,426 [pool-393-thread-1] INFO  server.RaftServerConfigKeys (ConfUtils.java:logGet(43)) - raft.server.rpc.timeout.max = 5200ms (custom)
2019-10-07 12:26:55,427 [pool-403-thread-1] INFO  impl.RaftServerImpl (RaftServerImpl.java:<init>(95)) - ecc1bd03-cc93-4b70-b2b6-f068c88737d7: new RaftServerImpl for group-68CE261B998A:[aa14afdf-76db-4a5e-8bf8-d986c3950086:192.168.30.26:46771, ecc1bd03-cc93-4b70-b2b6-f068c88737d7:192.168.30.26:35223, c2d3070a-95d8-49e9-bf2e-f835b8e471c4:192.168.30.26:33473] with ContainerStateMachine:uninitialized
2019-10-07 12:26:55,427 [pool-393-thread-1] INFO  server.RaftServerConfigKeys (ConfUtils.java:logGet(43)) - raft.server.rpcslowness.timeout = 120s (custom)
2019-10-07 12:26:55,427 [IPC Server handler 1 on 34254] INFO  net.NetworkTopology (NetworkTopologyImpl.java:add(111)) - Added a new node: /default-rack/aa8b7966-c8e9-4cbb-bb4b-5650954eb5b8
2019-10-07 12:26:55,427 [pool-403-thread-1] INFO  server.RaftServerConfigKeys (ConfUtils.java:logGet(43)) - raft.server.rpc.timeout.min = 5s (custom)
2019-10-07 12:26:55,427 [IPC Server handler 1 on 34254] INFO  node.SCMNodeManager (SCMNodeManager.java:register(267)) - Registered Data node : aa8b7966-c8e9-4cbb-bb4b-5650954eb5b8{ip: 192.168.30.26, host: pr-hdds-2071-fmvlq-2762171947, networkLocation: /default-rack, certSerialId: null}
2019-10-07 12:26:55,427 [pool-393-thread-1] INFO  server.RaftServerConfigKeys (ConfUtils.java:logGet(43)) - raft.server.sleep.deviation.threshold = 300 (default)
2019-10-07 12:26:55,427 [pool-403-thread-1] INFO  server.RaftServerConfigKeys (ConfUtils.java:logGet(43)) - raft.server.rpc.timeout.max = 5200ms (custom)
2019-10-07 12:26:55,427 [pool-403-thread-1] INFO  server.RaftServerConfigKeys (ConfUtils.java:logGet(43)) - raft.server.rpcslowness.timeout = 120s (custom)
2019-10-07 12:26:55,427 [pool-383-thread-1] INFO  impl.RaftServerImpl (RaftServerImpl.java:<init>(95)) - aa14afdf-76db-4a5e-8bf8-d986c3950086: new RaftServerImpl for group-68CE261B998A:[aa14afdf-76db-4a5e-8bf8-d986c3950086:192.168.30.26:46771, ecc1bd03-cc93-4b70-b2b6-f068c88737d7:192.168.30.26:35223, c2d3070a-95d8-49e9-bf2e-f835b8e471c4:192.168.30.26:33473] with ContainerStateMachine:uninitialized
2019-10-07 12:26:55,427 [pool-403-thread-1] INFO  server.RaftServerConfigKeys (ConfUtils.java:logGet(43)) - raft.server.sleep.deviation.threshold = 300 (default)
2019-10-07 12:26:55,427 [pool-393-thread-1] INFO  server.RaftServerConfigKeys (ConfUtils.java:logGet(43)) - raft.server.log.appender.install.snapshot.enabled = false (custom)
2019-10-07 12:26:55,428 [pool-403-thread-1] INFO  server.RaftServerConfigKeys (ConfUtils.java:logGet(43)) - raft.server.log.appender.install.snapshot.enabled = false (custom)
2019-10-07 12:26:55,428 [pool-383-thread-1] INFO  server.RaftServerConfigKeys (ConfUtils.java:logGet(43)) - raft.server.rpc.timeout.min = 5s (custom)
2019-10-07 12:26:55,428 [pool-403-thread-1] INFO  impl.RaftServerImpl (ServerState.java:<init>(103)) - ecc1bd03-cc93-4b70-b2b6-f068c88737d7@group-68CE261B998A: ConfigurationManager, init=-1: [aa14afdf-76db-4a5e-8bf8-d986c3950086:192.168.30.26:46771, ecc1bd03-cc93-4b70-b2b6-f068c88737d7:192.168.30.26:35223, c2d3070a-95d8-49e9-bf2e-f835b8e471c4:192.168.30.26:33473], old=null, confs=<EMPTY_MAP>
2019-10-07 12:26:55,428 [pool-393-thread-1] INFO  impl.RaftServerImpl (ServerState.java:<init>(103)) - c2d3070a-95d8-49e9-bf2e-f835b8e471c4@group-68CE261B998A: ConfigurationManager, init=-1: [aa14afdf-76db-4a5e-8bf8-d986c3950086:192.168.30.26:46771, ecc1bd03-cc93-4b70-b2b6-f068c88737d7:192.168.30.26:35223, c2d3070a-95d8-49e9-bf2e-f835b8e471c4:192.168.30.26:33473], old=null, confs=<EMPTY_MAP>
2019-10-07 12:26:55,428 [pool-403-thread-1] INFO  server.RaftServerConfigKeys (ConfUtils.java:logGet(43)) - raft.server.storage.dir = [/workdir/hadoop-ozone/integration-test/target/test-dir/MiniOzoneClusterImpl-86c498e6-12e9-4451-86e6-34dda6797130/datanode-2/data/ratis] (custom)
2019-10-07 12:26:55,428 [pool-383-thread-1] INFO  server.RaftServerConfigKeys (ConfUtils.java:logGet(43)) - raft.server.rpc.timeout.max = 5200ms (custom)
2019-10-07 12:26:55,428 [pool-393-thread-1] INFO  server.RaftServerConfigKeys (ConfUtils.java:logGet(43)) - raft.server.storage.dir = [/workdir/hadoop-ozone/integration-test/target/test-dir/MiniOzoneClusterImpl-86c498e6-12e9-4451-86e6-34dda6797130/datanode-1/data/ratis] (custom)
2019-10-07 12:26:55,428 [pool-403-thread-1] INFO  server.RaftServerConfigKeys (ConfUtils.java:logGet(43)) - raft.server.log.corruption.policy = EXCEPTION (default)
2019-10-07 12:26:55,428 [pool-383-thread-1] INFO  server.RaftServerConfigKeys (ConfUtils.java:logGet(43)) - raft.server.rpcslowness.timeout = 120s (custom)
2019-10-07 12:26:55,428 [pool-403-thread-1] INFO  storage.RaftStorageDirectory (RaftStorageDirectory.java:analyzeStorage(246)) - The storage directory /workdir/hadoop-ozone/integration-test/target/test-dir/MiniOzoneClusterImpl-86c498e6-12e9-4451-86e6-34dda6797130/datanode-2/data/ratis/2c35ca80-857e-4799-9ea8-68ce261b998a does not exist. Creating ...
2019-10-07 12:26:55,428 [pool-393-thread-1] INFO  server.RaftServerConfigKeys (ConfUtils.java:logGet(43)) - raft.server.log.corruption.policy = EXCEPTION (default)
2019-10-07 12:26:55,428 [pool-383-thread-1] INFO  server.RaftServerConfigKeys (ConfUtils.java:logGet(43)) - raft.server.sleep.deviation.threshold = 300 (default)
2019-10-07 12:26:55,429 [pool-393-thread-1] INFO  storage.RaftStorageDirectory (RaftStorageDirectory.java:analyzeStorage(246)) - The storage directory /workdir/hadoop-ozone/integration-test/target/test-dir/MiniOzoneClusterImpl-86c498e6-12e9-4451-86e6-34dda6797130/datanode-1/data/ratis/2c35ca80-857e-4799-9ea8-68ce261b998a does not exist. Creating ...
2019-10-07 12:26:55,429 [pool-383-thread-1] INFO  server.RaftServerConfigKeys (ConfUtils.java:logGet(43)) - raft.server.log.appender.install.snapshot.enabled = false (custom)
2019-10-07 12:26:55,429 [pool-383-thread-1] INFO  impl.RaftServerImpl (ServerState.java:<init>(103)) - aa14afdf-76db-4a5e-8bf8-d986c3950086@group-68CE261B998A: ConfigurationManager, init=-1: [aa14afdf-76db-4a5e-8bf8-d986c3950086:192.168.30.26:46771, ecc1bd03-cc93-4b70-b2b6-f068c88737d7:192.168.30.26:35223, c2d3070a-95d8-49e9-bf2e-f835b8e471c4:192.168.30.26:33473], old=null, confs=<EMPTY_MAP>
2019-10-07 12:26:55,429 [pool-383-thread-1] INFO  server.RaftServerConfigKeys (ConfUtils.java:logGet(43)) - raft.server.storage.dir = [/workdir/hadoop-ozone/integration-test/target/test-dir/MiniOzoneClusterImpl-86c498e6-12e9-4451-86e6-34dda6797130/datanode-0/data/ratis] (custom)
2019-10-07 12:26:55,429 [pool-383-thread-1] INFO  server.RaftServerConfigKeys (ConfUtils.java:logGet(43)) - raft.server.log.corruption.policy = EXCEPTION (default)
2019-10-07 12:26:55,429 [pool-383-thread-1] INFO  storage.RaftStorageDirectory (RaftStorageDirectory.java:analyzeStorage(246)) - The storage directory /workdir/hadoop-ozone/integration-test/target/test-dir/MiniOzoneClusterImpl-86c498e6-12e9-4451-86e6-34dda6797130/datanode-0/data/ratis/2c35ca80-857e-4799-9ea8-68ce261b998a does not exist. Creating ...
2019-10-07 12:26:55,441 [pool-393-thread-1] INFO  storage.RaftStorageDirectory (RaftStorageDirectory.java:tryLock(328)) - Lock on /workdir/hadoop-ozone/integration-test/target/test-dir/MiniOzoneClusterImpl-86c498e6-12e9-4451-86e6-34dda6797130/datanode-1/data/ratis/2c35ca80-857e-4799-9ea8-68ce261b998a/in_use.lock acquired by nodename 10829@pr-hdds-2071-fmvlq-2762171947
2019-10-07 12:26:55,441 [pool-383-thread-1] INFO  storage.RaftStorageDirectory (RaftStorageDirectory.java:tryLock(328)) - Lock on /workdir/hadoop-ozone/integration-test/target/test-dir/MiniOzoneClusterImpl-86c498e6-12e9-4451-86e6-34dda6797130/datanode-0/data/ratis/2c35ca80-857e-4799-9ea8-68ce261b998a/in_use.lock acquired by nodename 10829@pr-hdds-2071-fmvlq-2762171947
2019-10-07 12:26:55,441 [pool-403-thread-1] INFO  storage.RaftStorageDirectory (RaftStorageDirectory.java:tryLock(328)) - Lock on /workdir/hadoop-ozone/integration-test/target/test-dir/MiniOzoneClusterImpl-86c498e6-12e9-4451-86e6-34dda6797130/datanode-2/data/ratis/2c35ca80-857e-4799-9ea8-68ce261b998a/in_use.lock acquired by nodename 10829@pr-hdds-2071-fmvlq-2762171947
2019-10-07 12:26:55,455 [pool-403-thread-1] INFO  storage.RaftStorage (RaftStorage.java:format(84)) - Storage directory /workdir/hadoop-ozone/integration-test/target/test-dir/MiniOzoneClusterImpl-86c498e6-12e9-4451-86e6-34dda6797130/datanode-2/data/ratis/2c35ca80-857e-4799-9ea8-68ce261b998a has been successfully formatted.
2019-10-07 12:26:55,455 [pool-383-thread-1] INFO  storage.RaftStorage (RaftStorage.java:format(84)) - Storage directory /workdir/hadoop-ozone/integration-test/target/test-dir/MiniOzoneClusterImpl-86c498e6-12e9-4451-86e6-34dda6797130/datanode-0/data/ratis/2c35ca80-857e-4799-9ea8-68ce261b998a has been successfully formatted.
2019-10-07 12:26:55,455 [pool-393-thread-1] INFO  storage.RaftStorage (RaftStorage.java:format(84)) - Storage directory /workdir/hadoop-ozone/integration-test/target/test-dir/MiniOzoneClusterImpl-86c498e6-12e9-4451-86e6-34dda6797130/datanode-1/data/ratis/2c35ca80-857e-4799-9ea8-68ce261b998a has been successfully formatted.
2019-10-07 12:26:55,455 [pool-403-thread-1] INFO  ratis.ContainerStateMachine (ContainerStateMachine.java:loadSnapshot(231)) - group-68CE261B998A: The snapshot info is null. Setting the last applied indexto:(t:0, i:~)
2019-10-07 12:26:55,455 [pool-393-thread-1] INFO  ratis.ContainerStateMachine (ContainerStateMachine.java:loadSnapshot(231)) - group-68CE261B998A: The snapshot info is null. Setting the last applied indexto:(t:0, i:~)
2019-10-07 12:26:55,455 [pool-383-thread-1] INFO  ratis.ContainerStateMachine (ContainerStateMachine.java:loadSnapshot(231)) - group-68CE261B998A: The snapshot info is null. Setting the last applied indexto:(t:0, i:~)
2019-10-07 12:26:55,455 [pool-393-thread-1] INFO  server.RaftServerConfigKeys (ConfUtils.java:logGet(43)) - raft.server.notification.no-leader.timeout = 120s (custom)
2019-10-07 12:26:55,455 [pool-403-thread-1] INFO  server.RaftServerConfigKeys (ConfUtils.java:logGet(43)) - raft.server.notification.no-leader.timeout = 120s (custom)
2019-10-07 12:26:55,456 [pool-393-thread-1] INFO  server.RaftServerConfigKeys (ConfUtils.java:logGet(43)) - raft.server.log.use.memory = false (default)
2019-10-07 12:26:55,456 [pool-383-thread-1] INFO  server.RaftServerConfigKeys (ConfUtils.java:logGet(43)) - raft.server.notification.no-leader.timeout = 120s (custom)
2019-10-07 12:26:55,456 [pool-393-thread-1] INFO  server.RaftServerConfigKeys (ConfUtils.java:logGet(43)) - raft.server.log.purge.gap = 1000000 (custom)
2019-10-07 12:26:55,456 [pool-403-thread-1] INFO  server.RaftServerConfigKeys (ConfUtils.java:logGet(43)) - raft.server.log.use.memory = false (default)
2019-10-07 12:26:55,456 [pool-393-thread-1] INFO  server.RaftServerConfigKeys (ConfUtils.java:logGet(43)) - raft.server.log.appender.buffer.byte-limit = 33554432 (custom)
2019-10-07 12:26:55,456 [pool-383-thread-1] INFO  server.RaftServerConfigKeys (ConfUtils.java:logGet(43)) - raft.server.log.use.memory = false (default)
2019-10-07 12:26:55,456 [pool-393-thread-1] INFO  server.RaftServerConfigKeys (ConfUtils.java:logGet(43)) - raft.server.log.segment.size.max = 1048576 (custom)
2019-10-07 12:26:55,456 [pool-403-thread-1] INFO  server.RaftServerConfigKeys (ConfUtils.java:logGet(43)) - raft.server.log.purge.gap = 1000000 (custom)
2019-10-07 12:26:55,456 [pool-393-thread-1] INFO  server.RaftServerConfigKeys (ConfUtils.java:logGet(43)) - raft.server.log.segment.cache.num.max = 2 (custom)
2019-10-07 12:26:55,456 [pool-383-thread-1] INFO  server.RaftServerConfigKeys (ConfUtils.java:logGet(43)) - raft.server.log.purge.gap = 1000000 (custom)
2019-10-07 12:26:55,457 [pool-393-thread-1] INFO  segmented.SegmentedRaftLogWorker (SegmentedRaftLogWorker.java:<init>(173)) - new c2d3070a-95d8-49e9-bf2e-f835b8e471c4@group-68CE261B998A-SegmentedRaftLogWorker for RaftStorage:Storage Directory /workdir/hadoop-ozone/integration-test/target/test-dir/MiniOzoneClusterImpl-86c498e6-12e9-4451-86e6-34dda6797130/datanode-1/data/ratis/2c35ca80-857e-4799-9ea8-68ce261b998a
2019-10-07 12:26:55,456 [pool-403-thread-1] INFO  server.RaftServerConfigKeys (ConfUtils.java:logGet(43)) - raft.server.log.appender.buffer.byte-limit = 33554432 (custom)
2019-10-07 12:26:55,457 [pool-393-thread-1] INFO  server.RaftServerConfigKeys (ConfUtils.java:logGet(43)) - raft.server.log.queue.byte-limit = 2147483647 (custom)
2019-10-07 12:26:55,457 [pool-383-thread-1] INFO  server.RaftServerConfigKeys (ConfUtils.java:logGet(43)) - raft.server.log.appender.buffer.byte-limit = 33554432 (custom)
2019-10-07 12:26:55,457 [pool-393-thread-1] INFO  server.RaftServerConfigKeys (ConfUtils.java:logGet(43)) - raft.server.log.queue.element-limit = 1024 (custom)
2019-10-07 12:26:55,457 [pool-403-thread-1] INFO  server.RaftServerConfigKeys (ConfUtils.java:logGet(43)) - raft.server.log.segment.size.max = 1048576 (custom)
2019-10-07 12:26:55,457 [pool-393-thread-1] INFO  server.RaftServerConfigKeys (ConfUtils.java:logGet(43)) - raft.server.log.segment.size.max = 1048576 (custom)
2019-10-07 12:26:55,457 [pool-383-thread-1] INFO  server.RaftServerConfigKeys (ConfUtils.java:logGet(43)) - raft.server.log.segment.size.max = 1048576 (custom)
2019-10-07 12:26:55,457 [pool-393-thread-1] INFO  server.RaftServerConfigKeys (ConfUtils.java:logGet(43)) - raft.server.log.preallocated.size = 16384 (custom)
2019-10-07 12:26:55,457 [pool-403-thread-1] INFO  server.RaftServerConfigKeys (ConfUtils.java:logGet(43)) - raft.server.log.segment.cache.num.max = 2 (custom)
2019-10-07 12:26:55,457 [pool-393-thread-1] INFO  server.RaftServerConfigKeys (ConfUtils.java:logGet(43)) - raft.server.log.write.buffer.size = 33554432 (custom)
2019-10-07 12:26:55,457 [pool-383-thread-1] INFO  server.RaftServerConfigKeys (ConfUtils.java:logGet(43)) - raft.server.log.segment.cache.num.max = 2 (custom)
2019-10-07 12:26:55,458 [pool-393-thread-1] INFO  server.RaftServerConfigKeys (ConfUtils.java:logGet(43)) - raft.server.log.force.sync.num = 128 (default)
2019-10-07 12:26:55,458 [pool-403-thread-1] INFO  segmented.SegmentedRaftLogWorker (SegmentedRaftLogWorker.java:<init>(173)) - new ecc1bd03-cc93-4b70-b2b6-f068c88737d7@group-68CE261B998A-SegmentedRaftLogWorker for RaftStorage:Storage Directory /workdir/hadoop-ozone/integration-test/target/test-dir/MiniOzoneClusterImpl-86c498e6-12e9-4451-86e6-34dda6797130/datanode-2/data/ratis/2c35ca80-857e-4799-9ea8-68ce261b998a
2019-10-07 12:26:55,458 [pool-393-thread-1] INFO  server.RaftServerConfigKeys (ConfUtils.java:logGet(43)) - raft.server.log.statemachine.data.sync = true (default)
2019-10-07 12:26:55,458 [pool-383-thread-1] INFO  segmented.SegmentedRaftLogWorker (SegmentedRaftLogWorker.java:<init>(173)) - new aa14afdf-76db-4a5e-8bf8-d986c3950086@group-68CE261B998A-SegmentedRaftLogWorker for RaftStorage:Storage Directory /workdir/hadoop-ozone/integration-test/target/test-dir/MiniOzoneClusterImpl-86c498e6-12e9-4451-86e6-34dda6797130/datanode-0/data/ratis/2c35ca80-857e-4799-9ea8-68ce261b998a
2019-10-07 12:26:55,458 [pool-393-thread-1] INFO  server.RaftServerConfigKeys (ConfUtils.java:logGet(43)) - raft.server.log.statemachine.data.sync.timeout = 10s (default)
2019-10-07 12:26:55,458 [pool-403-thread-1] INFO  server.RaftServerConfigKeys (ConfUtils.java:logGet(43)) - raft.server.log.queue.byte-limit = 2147483647 (custom)
2019-10-07 12:26:55,458 [pool-393-thread-1] INFO  server.RaftServerConfigKeys (ConfUtils.java:logGet(43)) - raft.server.log.statemachine.data.sync.timeout.retry = -1 (default)
2019-10-07 12:26:55,458 [pool-383-thread-1] INFO  server.RaftServerConfigKeys (ConfUtils.java:logGet(43)) - raft.server.log.queue.byte-limit = 2147483647 (custom)
2019-10-07 12:26:55,458 [pool-393-thread-1] INFO  server.RaftServerConfigKeys (ConfUtils.java:logGet(43)) - raft.server.log.statemachine.data.caching.enabled = true (custom)
2019-10-07 12:26:55,458 [pool-403-thread-1] INFO  server.RaftServerConfigKeys (ConfUtils.java:logGet(43)) - raft.server.log.queue.element-limit = 1024 (custom)
2019-10-07 12:26:55,459 [pool-383-thread-1] INFO  server.RaftServerConfigKeys (ConfUtils.java:logGet(43)) - raft.server.log.queue.element-limit = 1024 (custom)
2019-10-07 12:26:55,459 [pool-393-thread-1] INFO  segmented.SegmentedRaftLogWorker (SegmentedRaftLogWorker.java:lambda$new$0(128)) - c2d3070a-95d8-49e9-bf2e-f835b8e471c4@group-68CE261B998A-SegmentedRaftLogWorker: flushIndex: setUnconditionally 0 -> -1
2019-10-07 12:26:55,459 [pool-403-thread-1] INFO  server.RaftServerConfigKeys (ConfUtils.java:logGet(43)) - raft.server.log.segment.size.max = 1048576 (custom)
2019-10-07 12:26:55,459 [pool-383-thread-1] INFO  server.RaftServerConfigKeys (ConfUtils.java:logGet(43)) - raft.server.log.segment.size.max = 1048576 (custom)
2019-10-07 12:26:55,459 [pool-393-thread-1] INFO  server.RaftServerConfigKeys (ConfUtils.java:logGet(43)) - raft.server.snapshot.auto.trigger.enabled = true (custom)
2019-10-07 12:26:55,459 [pool-403-thread-1] INFO  server.RaftServerConfigKeys (ConfUtils.java:logGet(43)) - raft.server.log.preallocated.size = 16384 (custom)
2019-10-07 12:26:55,459 [pool-393-thread-1] INFO  server.RaftServerConfigKeys (ConfUtils.java:logGet(43)) - raft.server.snapshot.auto.trigger.threshold = 10000 (custom)
2019-10-07 12:26:55,459 [pool-383-thread-1] INFO  server.RaftServerConfigKeys (ConfUtils.java:logGet(43)) - raft.server.log.preallocated.size = 16384 (custom)
2019-10-07 12:26:55,459 [pool-393-thread-1] INFO  server.RaftServerConfigKeys (ConfUtils.java:logGet(43)) - raft.server.snapshot.retention.file.num = 5 (custom)
2019-10-07 12:26:55,459 [pool-403-thread-1] INFO  server.RaftServerConfigKeys (ConfUtils.java:logGet(43)) - raft.server.log.write.buffer.size = 33554432 (custom)
2019-10-07 12:26:55,460 [pool-393-thread-1] INFO  server.RaftServerConfigKeys (ConfUtils.java:logGet(43)) - raft.server.retrycache.expirytime = 600000ms (custom)
2019-10-07 12:26:55,459 [pool-383-thread-1] INFO  server.RaftServerConfigKeys (ConfUtils.java:logGet(43)) - raft.server.log.write.buffer.size = 33554432 (custom)
2019-10-07 12:26:55,460 [pool-403-thread-1] INFO  server.RaftServerConfigKeys (ConfUtils.java:logGet(43)) - raft.server.log.force.sync.num = 128 (default)
2019-10-07 12:26:55,460 [pool-383-thread-1] INFO  server.RaftServerConfigKeys (ConfUtils.java:logGet(43)) - raft.server.log.force.sync.num = 128 (default)
2019-10-07 12:26:55,460 [pool-403-thread-1] INFO  server.RaftServerConfigKeys (ConfUtils.java:logGet(43)) - raft.server.log.statemachine.data.sync = true (default)
2019-10-07 12:26:55,460 [pool-383-thread-1] INFO  server.RaftServerConfigKeys (ConfUtils.java:logGet(43)) - raft.server.log.statemachine.data.sync = true (default)
2019-10-07 12:26:55,460 [pool-403-thread-1] INFO  server.RaftServerConfigKeys (ConfUtils.java:logGet(43)) - raft.server.log.statemachine.data.sync.timeout = 10s (default)
2019-10-07 12:26:55,460 [pool-383-thread-1] INFO  server.RaftServerConfigKeys (ConfUtils.java:logGet(43)) - raft.server.log.statemachine.data.sync.timeout = 10s (default)
2019-10-07 12:26:55,460 [pool-403-thread-1] INFO  server.RaftServerConfigKeys (ConfUtils.java:logGet(43)) - raft.server.log.statemachine.data.sync.timeout.retry = -1 (default)
2019-10-07 12:26:55,460 [pool-383-thread-1] INFO  server.RaftServerConfigKeys (ConfUtils.java:logGet(43)) - raft.server.log.statemachine.data.sync.timeout.retry = -1 (default)
2019-10-07 12:26:55,460 [pool-403-thread-1] INFO  server.RaftServerConfigKeys (ConfUtils.java:logGet(43)) - raft.server.log.statemachine.data.caching.enabled = true (custom)
2019-10-07 12:26:55,461 [pool-383-thread-1] INFO  server.RaftServerConfigKeys (ConfUtils.java:logGet(43)) - raft.server.log.statemachine.data.caching.enabled = true (custom)
2019-10-07 12:26:55,461 [pool-403-thread-1] INFO  segmented.SegmentedRaftLogWorker (SegmentedRaftLogWorker.java:lambda$new$0(128)) - ecc1bd03-cc93-4b70-b2b6-f068c88737d7@group-68CE261B998A-SegmentedRaftLogWorker: flushIndex: setUnconditionally 0 -> -1
2019-10-07 12:26:55,461 [pool-383-thread-1] INFO  segmented.SegmentedRaftLogWorker (SegmentedRaftLogWorker.java:lambda$new$0(128)) - aa14afdf-76db-4a5e-8bf8-d986c3950086@group-68CE261B998A-SegmentedRaftLogWorker: flushIndex: setUnconditionally 0 -> -1
2019-10-07 12:26:55,461 [pool-393-thread-1] INFO  impl.RaftServerImpl (RaftServerImpl.java:start(181)) - c2d3070a-95d8-49e9-bf2e-f835b8e471c4@group-68CE261B998A: start as a follower, conf=-1: [aa14afdf-76db-4a5e-8bf8-d986c3950086:192.168.30.26:46771, ecc1bd03-cc93-4b70-b2b6-f068c88737d7:192.168.30.26:35223, c2d3070a-95d8-49e9-bf2e-f835b8e471c4:192.168.30.26:33473], old=null
2019-10-07 12:26:55,461 [pool-403-thread-1] INFO  server.RaftServerConfigKeys (ConfUtils.java:logGet(43)) - raft.server.snapshot.auto.trigger.enabled = true (custom)
2019-10-07 12:26:55,461 [pool-383-thread-1] INFO  server.RaftServerConfigKeys (ConfUtils.java:logGet(43)) - raft.server.snapshot.auto.trigger.enabled = true (custom)
2019-10-07 12:26:55,461 [pool-393-thread-1] INFO  impl.RaftServerImpl (RaftServerImpl.java:setRole(170)) - c2d3070a-95d8-49e9-bf2e-f835b8e471c4@group-68CE261B998A: changes role from      null to FOLLOWER at term 0 for startAsFollower
2019-10-07 12:26:55,461 [pool-383-thread-1] INFO  server.RaftServerConfigKeys (ConfUtils.java:logGet(43)) - raft.server.snapshot.auto.trigger.threshold = 10000 (custom)
2019-10-07 12:26:55,461 [pool-403-thread-1] INFO  server.RaftServerConfigKeys (ConfUtils.java:logGet(43)) - raft.server.snapshot.auto.trigger.threshold = 10000 (custom)
2019-10-07 12:26:55,461 [pool-383-thread-1] INFO  server.RaftServerConfigKeys (ConfUtils.java:logGet(43)) - raft.server.snapshot.retention.file.num = 5 (custom)
2019-10-07 12:26:55,461 [pool-393-thread-1] INFO  impl.RoleInfo (RoleInfo.java:updateAndGet(143)) - c2d3070a-95d8-49e9-bf2e-f835b8e471c4: start FollowerState
2019-10-07 12:26:55,462 [pool-383-thread-1] INFO  server.RaftServerConfigKeys (ConfUtils.java:logGet(43)) - raft.server.retrycache.expirytime = 600000ms (custom)
2019-10-07 12:26:55,461 [pool-403-thread-1] INFO  server.RaftServerConfigKeys (ConfUtils.java:logGet(43)) - raft.server.snapshot.retention.file.num = 5 (custom)
2019-10-07 12:26:55,462 [pool-393-thread-1] INFO  util.JmxRegister (JmxRegister.java:tryRegister(44)) - Successfully registered JMX Bean with object name Ratis:service=RaftServer,group=group-68CE261B998A,id=c2d3070a-95d8-49e9-bf2e-f835b8e471c4
2019-10-07 12:26:55,462 [pool-403-thread-1] INFO  server.RaftServerConfigKeys (ConfUtils.java:logGet(43)) - raft.server.retrycache.expirytime = 600000ms (custom)
2019-10-07 12:26:55,465 [pool-383-thread-1] INFO  impl.RaftServerImpl (RaftServerImpl.java:start(181)) - aa14afdf-76db-4a5e-8bf8-d986c3950086@group-68CE261B998A: start as a follower, conf=-1: [aa14afdf-76db-4a5e-8bf8-d986c3950086:192.168.30.26:46771, ecc1bd03-cc93-4b70-b2b6-f068c88737d7:192.168.30.26:35223, c2d3070a-95d8-49e9-bf2e-f835b8e471c4:192.168.30.26:33473], old=null
2019-10-07 12:26:55,465 [pool-383-thread-1] INFO  impl.RaftServerImpl (RaftServerImpl.java:setRole(170)) - aa14afdf-76db-4a5e-8bf8-d986c3950086@group-68CE261B998A: changes role from      null to FOLLOWER at term 0 for startAsFollower
2019-10-07 12:26:55,465 [pool-383-thread-1] INFO  impl.RoleInfo (RoleInfo.java:updateAndGet(143)) - aa14afdf-76db-4a5e-8bf8-d986c3950086: start FollowerState
2019-10-07 12:26:55,465 [pool-403-thread-1] INFO  impl.RaftServerImpl (RaftServerImpl.java:start(181)) - ecc1bd03-cc93-4b70-b2b6-f068c88737d7@group-68CE261B998A: start as a follower, conf=-1: [aa14afdf-76db-4a5e-8bf8-d986c3950086:192.168.30.26:46771, ecc1bd03-cc93-4b70-b2b6-f068c88737d7:192.168.30.26:35223, c2d3070a-95d8-49e9-bf2e-f835b8e471c4:192.168.30.26:33473], old=null
2019-10-07 12:26:55,466 [pool-403-thread-1] INFO  impl.RaftServerImpl (RaftServerImpl.java:setRole(170)) - ecc1bd03-cc93-4b70-b2b6-f068c88737d7@group-68CE261B998A: changes role from      null to FOLLOWER at term 0 for startAsFollower
2019-10-07 12:26:55,466 [pool-403-thread-1] INFO  impl.RoleInfo (RoleInfo.java:updateAndGet(143)) - ecc1bd03-cc93-4b70-b2b6-f068c88737d7: start FollowerState
2019-10-07 12:26:55,466 [pool-383-thread-1] INFO  util.JmxRegister (JmxRegister.java:tryRegister(44)) - Successfully registered JMX Bean with object name Ratis:service=RaftServer,group=group-68CE261B998A,id=aa14afdf-76db-4a5e-8bf8-d986c3950086
2019-10-07 12:26:55,466 [pool-403-thread-1] INFO  util.JmxRegister (JmxRegister.java:tryRegister(44)) - Successfully registered JMX Bean with object name Ratis:service=RaftServer,group=group-68CE261B998A,id=ecc1bd03-cc93-4b70-b2b6-f068c88737d7
2019-10-07 12:26:55,471 [RatisPipelineUtilsThread] INFO  pipeline.PipelineStateManager (PipelineStateManager.java:addPipeline(56)) - Created pipeline Pipeline[ Id: 2c35ca80-857e-4799-9ea8-68ce261b998a, Nodes: aa14afdf-76db-4a5e-8bf8-d986c3950086{ip: 192.168.30.26, host: pr-hdds-2071-fmvlq-2762171947, networkLocation: /default-rack, certSerialId: null}c2d3070a-95d8-49e9-bf2e-f835b8e471c4{ip: 192.168.30.26, host: pr-hdds-2071-fmvlq-2762171947, networkLocation: /default-rack, certSerialId: null}ecc1bd03-cc93-4b70-b2b6-f068c88737d7{ip: 192.168.30.26, host: pr-hdds-2071-fmvlq-2762171947, networkLocation: /default-rack, certSerialId: null}, Type:RATIS, Factor:THREE, State:OPEN]
2019-10-07 12:26:55,491 [IPC Server handler 4 on 34254] INFO  net.NetworkTopology (NetworkTopologyImpl.java:add(111)) - Added a new node: /default-rack/b769eb0e-7454-47be-a9f9-2b6008ceec91
2019-10-07 12:26:55,491 [IPC Server handler 4 on 34254] INFO  node.SCMNodeManager (SCMNodeManager.java:register(267)) - Registered Data node : b769eb0e-7454-47be-a9f9-2b6008ceec91{ip: 192.168.30.26, host: pr-hdds-2071-fmvlq-2762171947, networkLocation: /default-rack, certSerialId: null}
2019-10-07 12:26:55,505 [grpc-default-executor-7] INFO  impl.RaftServerProxy (RaftServerProxy.java:addNew(89)) - aa8b7966-c8e9-4cbb-bb4b-5650954eb5b8: addNew group-4E385413F319:[aa8b7966-c8e9-4cbb-bb4b-5650954eb5b8:192.168.30.26:46353] returns group-4E385413F319:java.util.concurrent.CompletableFuture@576c853f[Not completed]
2019-10-07 12:26:55,506 [pool-413-thread-1] INFO  impl.RaftServerImpl (RaftServerImpl.java:<init>(95)) - aa8b7966-c8e9-4cbb-bb4b-5650954eb5b8: new RaftServerImpl for group-4E385413F319:[aa8b7966-c8e9-4cbb-bb4b-5650954eb5b8:192.168.30.26:46353] with ContainerStateMachine:uninitialized
2019-10-07 12:26:55,506 [pool-413-thread-1] INFO  server.RaftServerConfigKeys (ConfUtils.java:logGet(43)) - raft.server.rpc.timeout.min = 5s (custom)
2019-10-07 12:26:55,506 [pool-413-thread-1] INFO  server.RaftServerConfigKeys (ConfUtils.java:logGet(43)) - raft.server.rpc.timeout.max = 5200ms (custom)
2019-10-07 12:26:55,506 [pool-413-thread-1] INFO  server.RaftServerConfigKeys (ConfUtils.java:logGet(43)) - raft.server.rpcslowness.timeout = 120s (custom)
2019-10-07 12:26:55,506 [pool-413-thread-1] INFO  server.RaftServerConfigKeys (ConfUtils.java:logGet(43)) - raft.server.sleep.deviation.threshold = 300 (default)
2019-10-07 12:26:55,506 [pool-413-thread-1] INFO  server.RaftServerConfigKeys (ConfUtils.java:logGet(43)) - raft.server.log.appender.install.snapshot.enabled = false (custom)
2019-10-07 12:26:55,506 [pool-413-thread-1] INFO  impl.RaftServerImpl (ServerState.java:<init>(103)) - aa8b7966-c8e9-4cbb-bb4b-5650954eb5b8@group-4E385413F319: ConfigurationManager, init=-1: [aa8b7966-c8e9-4cbb-bb4b-5650954eb5b8:192.168.30.26:46353], old=null, confs=<EMPTY_MAP>
2019-10-07 12:26:55,507 [pool-413-thread-1] INFO  server.RaftServerConfigKeys (ConfUtils.java:logGet(43)) - raft.server.storage.dir = [/workdir/hadoop-ozone/integration-test/target/test-dir/MiniOzoneClusterImpl-86c498e6-12e9-4451-86e6-34dda6797130/datanode-3/data/ratis] (custom)
2019-10-07 12:26:55,507 [pool-413-thread-1] INFO  server.RaftServerConfigKeys (ConfUtils.java:logGet(43)) - raft.server.log.corruption.policy = EXCEPTION (default)
2019-10-07 12:26:55,507 [pool-413-thread-1] INFO  storage.RaftStorageDirectory (RaftStorageDirectory.java:analyzeStorage(246)) - The storage directory /workdir/hadoop-ozone/integration-test/target/test-dir/MiniOzoneClusterImpl-86c498e6-12e9-4451-86e6-34dda6797130/datanode-3/data/ratis/b28de95a-4af9-4ee7-a432-4e385413f319 does not exist. Creating ...
2019-10-07 12:26:55,520 [pool-413-thread-1] INFO  storage.RaftStorageDirectory (RaftStorageDirectory.java:tryLock(328)) - Lock on /workdir/hadoop-ozone/integration-test/target/test-dir/MiniOzoneClusterImpl-86c498e6-12e9-4451-86e6-34dda6797130/datanode-3/data/ratis/b28de95a-4af9-4ee7-a432-4e385413f319/in_use.lock acquired by nodename 10829@pr-hdds-2071-fmvlq-2762171947
2019-10-07 12:26:55,532 [pool-413-thread-1] INFO  storage.RaftStorage (RaftStorage.java:format(84)) - Storage directory /workdir/hadoop-ozone/integration-test/target/test-dir/MiniOzoneClusterImpl-86c498e6-12e9-4451-86e6-34dda6797130/datanode-3/data/ratis/b28de95a-4af9-4ee7-a432-4e385413f319 has been successfully formatted.
2019-10-07 12:26:55,533 [pool-413-thread-1] INFO  ratis.ContainerStateMachine (ContainerStateMachine.java:loadSnapshot(231)) - group-4E385413F319: The snapshot info is null. Setting the last applied indexto:(t:0, i:~)
2019-10-07 12:26:55,533 [pool-413-thread-1] INFO  server.RaftServerConfigKeys (ConfUtils.java:logGet(43)) - raft.server.notification.no-leader.timeout = 120s (custom)
2019-10-07 12:26:55,533 [pool-413-thread-1] INFO  server.RaftServerConfigKeys (ConfUtils.java:logGet(43)) - raft.server.log.use.memory = false (default)
2019-10-07 12:26:55,533 [pool-413-thread-1] INFO  server.RaftServerConfigKeys (ConfUtils.java:logGet(43)) - raft.server.log.purge.gap = 1000000 (custom)
2019-10-07 12:26:55,533 [pool-413-thread-1] INFO  server.RaftServerConfigKeys (ConfUtils.java:logGet(43)) - raft.server.log.appender.buffer.byte-limit = 33554432 (custom)
2019-10-07 12:26:55,533 [pool-413-thread-1] INFO  server.RaftServerConfigKeys (ConfUtils.java:logGet(43)) - raft.server.log.segment.size.max = 1048576 (custom)
2019-10-07 12:26:55,535 [pool-413-thread-1] INFO  server.RaftServerConfigKeys (ConfUtils.java:logGet(43)) - raft.server.log.segment.cache.num.max = 2 (custom)
2019-10-07 12:26:55,535 [pool-413-thread-1] INFO  segmented.SegmentedRaftLogWorker (SegmentedRaftLogWorker.java:<init>(173)) - new aa8b7966-c8e9-4cbb-bb4b-5650954eb5b8@group-4E385413F319-SegmentedRaftLogWorker for RaftStorage:Storage Directory /workdir/hadoop-ozone/integration-test/target/test-dir/MiniOzoneClusterImpl-86c498e6-12e9-4451-86e6-34dda6797130/datanode-3/data/ratis/b28de95a-4af9-4ee7-a432-4e385413f319
2019-10-07 12:26:55,535 [pool-413-thread-1] INFO  server.RaftServerConfigKeys (ConfUtils.java:logGet(43)) - raft.server.log.queue.byte-limit = 2147483647 (custom)
2019-10-07 12:26:55,535 [pool-413-thread-1] INFO  server.RaftServerConfigKeys (ConfUtils.java:logGet(43)) - raft.server.log.queue.element-limit = 1024 (custom)
2019-10-07 12:26:55,535 [pool-413-thread-1] INFO  server.RaftServerConfigKeys (ConfUtils.java:logGet(43)) - raft.server.log.segment.size.max = 1048576 (custom)
2019-10-07 12:26:55,536 [pool-413-thread-1] INFO  server.RaftServerConfigKeys (ConfUtils.java:logGet(43)) - raft.server.log.preallocated.size = 16384 (custom)
2019-10-07 12:26:55,536 [pool-413-thread-1] INFO  server.RaftServerConfigKeys (ConfUtils.java:logGet(43)) - raft.server.log.write.buffer.size = 33554432 (custom)
2019-10-07 12:26:55,536 [pool-413-thread-1] INFO  server.RaftServerConfigKeys (ConfUtils.java:logGet(43)) - raft.server.log.force.sync.num = 128 (default)
2019-10-07 12:26:55,536 [pool-413-thread-1] INFO  server.RaftServerConfigKeys (ConfUtils.java:logGet(43)) - raft.server.log.statemachine.data.sync = true (default)
2019-10-07 12:26:55,536 [pool-413-thread-1] INFO  server.RaftServerConfigKeys (ConfUtils.java:logGet(43)) - raft.server.log.statemachine.data.sync.timeout = 10s (default)
2019-10-07 12:26:55,536 [pool-413-thread-1] INFO  server.RaftServerConfigKeys (ConfUtils.java:logGet(43)) - raft.server.log.statemachine.data.sync.timeout.retry = -1 (default)
2019-10-07 12:26:55,536 [pool-413-thread-1] INFO  server.RaftServerConfigKeys (ConfUtils.java:logGet(43)) - raft.server.log.statemachine.data.caching.enabled = true (custom)
2019-10-07 12:26:55,537 [pool-413-thread-1] INFO  segmented.SegmentedRaftLogWorker (SegmentedRaftLogWorker.java:lambda$new$0(128)) - aa8b7966-c8e9-4cbb-bb4b-5650954eb5b8@group-4E385413F319-SegmentedRaftLogWorker: flushIndex: setUnconditionally 0 -> -1
2019-10-07 12:26:55,537 [pool-413-thread-1] INFO  server.RaftServerConfigKeys (ConfUtils.java:logGet(43)) - raft.server.snapshot.auto.trigger.enabled = true (custom)
2019-10-07 12:26:55,537 [pool-413-thread-1] INFO  server.RaftServerConfigKeys (ConfUtils.java:logGet(43)) - raft.server.snapshot.auto.trigger.threshold = 10000 (custom)
2019-10-07 12:26:55,537 [pool-413-thread-1] INFO  server.RaftServerConfigKeys (ConfUtils.java:logGet(43)) - raft.server.snapshot.retention.file.num = 5 (custom)
2019-10-07 12:26:55,537 [pool-413-thread-1] INFO  server.RaftServerConfigKeys (ConfUtils.java:logGet(43)) - raft.server.retrycache.expirytime = 600000ms (custom)
2019-10-07 12:26:55,539 [pool-413-thread-1] INFO  impl.RaftServerImpl (RaftServerImpl.java:start(181)) - aa8b7966-c8e9-4cbb-bb4b-5650954eb5b8@group-4E385413F319: start as a follower, conf=-1: [aa8b7966-c8e9-4cbb-bb4b-5650954eb5b8:192.168.30.26:46353], old=null
2019-10-07 12:26:55,539 [pool-413-thread-1] INFO  impl.RaftServerImpl (RaftServerImpl.java:setRole(170)) - aa8b7966-c8e9-4cbb-bb4b-5650954eb5b8@group-4E385413F319: changes role from      null to FOLLOWER at term 0 for startAsFollower
2019-10-07 12:26:55,539 [pool-413-thread-1] INFO  impl.RoleInfo (RoleInfo.java:updateAndGet(143)) - aa8b7966-c8e9-4cbb-bb4b-5650954eb5b8: start FollowerState
2019-10-07 12:26:55,539 [pool-413-thread-1] INFO  util.JmxRegister (JmxRegister.java:tryRegister(44)) - Successfully registered JMX Bean with object name Ratis:service=RaftServer,group=group-4E385413F319,id=aa8b7966-c8e9-4cbb-bb4b-5650954eb5b8
2019-10-07 12:26:55,543 [RatisPipelineUtilsThread] INFO  pipeline.PipelineStateManager (PipelineStateManager.java:addPipeline(56)) - Created pipeline Pipeline[ Id: b28de95a-4af9-4ee7-a432-4e385413f319, Nodes: aa8b7966-c8e9-4cbb-bb4b-5650954eb5b8{ip: 192.168.30.26, host: pr-hdds-2071-fmvlq-2762171947, networkLocation: /default-rack, certSerialId: null}, Type:RATIS, Factor:ONE, State:OPEN]
2019-10-07 12:26:55,549 [grpc-default-executor-7] INFO  impl.RaftServerProxy (RaftServerProxy.java:addNew(89)) - b769eb0e-7454-47be-a9f9-2b6008ceec91: addNew group-6C0FFB050062:[b769eb0e-7454-47be-a9f9-2b6008ceec91:192.168.30.26:36146] returns group-6C0FFB050062:java.util.concurrent.CompletableFuture@4b66381a[Not completed]
2019-10-07 12:26:55,550 [pool-423-thread-1] INFO  impl.RaftServerImpl (RaftServerImpl.java:<init>(95)) - b769eb0e-7454-47be-a9f9-2b6008ceec91: new RaftServerImpl for group-6C0FFB050062:[b769eb0e-7454-47be-a9f9-2b6008ceec91:192.168.30.26:36146] with ContainerStateMachine:uninitialized
2019-10-07 12:26:55,550 [pool-423-thread-1] INFO  server.RaftServerConfigKeys (ConfUtils.java:logGet(43)) - raft.server.rpc.timeout.min = 5s (custom)
2019-10-07 12:26:55,550 [pool-423-thread-1] INFO  server.RaftServerConfigKeys (ConfUtils.java:logGet(43)) - raft.server.rpc.timeout.max = 5200ms (custom)
2019-10-07 12:26:55,551 [pool-423-thread-1] INFO  server.RaftServerConfigKeys (ConfUtils.java:logGet(43)) - raft.server.rpcslowness.timeout = 120s (custom)
2019-10-07 12:26:55,551 [pool-423-thread-1] INFO  server.RaftServerConfigKeys (ConfUtils.java:logGet(43)) - raft.server.sleep.deviation.threshold = 300 (default)
2019-10-07 12:26:55,551 [pool-423-thread-1] INFO  server.RaftServerConfigKeys (ConfUtils.java:logGet(43)) - raft.server.log.appender.install.snapshot.enabled = false (custom)
2019-10-07 12:26:55,551 [pool-423-thread-1] INFO  impl.RaftServerImpl (ServerState.java:<init>(103)) - b769eb0e-7454-47be-a9f9-2b6008ceec91@group-6C0FFB050062: ConfigurationManager, init=-1: [b769eb0e-7454-47be-a9f9-2b6008ceec91:192.168.30.26:36146], old=null, confs=<EMPTY_MAP>
2019-10-07 12:26:55,551 [pool-423-thread-1] INFO  server.RaftServerConfigKeys (ConfUtils.java:logGet(43)) - raft.server.storage.dir = [/workdir/hadoop-ozone/integration-test/target/test-dir/MiniOzoneClusterImpl-86c498e6-12e9-4451-86e6-34dda6797130/datanode-4/data/ratis] (custom)
2019-10-07 12:26:55,551 [pool-423-thread-1] INFO  server.RaftServerConfigKeys (ConfUtils.java:logGet(43)) - raft.server.log.corruption.policy = EXCEPTION (default)
2019-10-07 12:26:55,551 [pool-423-thread-1] INFO  storage.RaftStorageDirectory (RaftStorageDirectory.java:analyzeStorage(246)) - The storage directory /workdir/hadoop-ozone/integration-test/target/test-dir/MiniOzoneClusterImpl-86c498e6-12e9-4451-86e6-34dda6797130/datanode-4/data/ratis/18dc822c-2f16-42cf-8073-6c0ffb050062 does not exist. Creating ...
2019-10-07 12:26:55,562 [IPC Server handler 5 on 34254] INFO  net.NetworkTopology (NetworkTopologyImpl.java:add(111)) - Added a new node: /default-rack/4006f311-924b-41b7-8b2d-6a306cebb526
2019-10-07 12:26:55,562 [IPC Server handler 5 on 34254] INFO  node.SCMNodeManager (SCMNodeManager.java:register(267)) - Registered Data node : 4006f311-924b-41b7-8b2d-6a306cebb526{ip: 192.168.30.26, host: pr-hdds-2071-fmvlq-2762171947, networkLocation: /default-rack, certSerialId: null}
2019-10-07 12:26:55,564 [pool-423-thread-1] INFO  storage.RaftStorageDirectory (RaftStorageDirectory.java:tryLock(328)) - Lock on /workdir/hadoop-ozone/integration-test/target/test-dir/MiniOzoneClusterImpl-86c498e6-12e9-4451-86e6-34dda6797130/datanode-4/data/ratis/18dc822c-2f16-42cf-8073-6c0ffb050062/in_use.lock acquired by nodename 10829@pr-hdds-2071-fmvlq-2762171947
2019-10-07 12:26:55,577 [pool-423-thread-1] INFO  storage.RaftStorage (RaftStorage.java:format(84)) - Storage directory /workdir/hadoop-ozone/integration-test/target/test-dir/MiniOzoneClusterImpl-86c498e6-12e9-4451-86e6-34dda6797130/datanode-4/data/ratis/18dc822c-2f16-42cf-8073-6c0ffb050062 has been successfully formatted.
2019-10-07 12:26:55,577 [pool-423-thread-1] INFO  ratis.ContainerStateMachine (ContainerStateMachine.java:loadSnapshot(231)) - group-6C0FFB050062: The snapshot info is null. Setting the last applied indexto:(t:0, i:~)
2019-10-07 12:26:55,577 [pool-423-thread-1] INFO  server.RaftServerConfigKeys (ConfUtils.java:logGet(43)) - raft.server.notification.no-leader.timeout = 120s (custom)
2019-10-07 12:26:55,577 [pool-423-thread-1] INFO  server.RaftServerConfigKeys (ConfUtils.java:logGet(43)) - raft.server.log.use.memory = false (default)
2019-10-07 12:26:55,577 [pool-423-thread-1] INFO  server.RaftServerConfigKeys (ConfUtils.java:logGet(43)) - raft.server.log.purge.gap = 1000000 (custom)
2019-10-07 12:26:55,577 [pool-423-thread-1] INFO  server.RaftServerConfigKeys (ConfUtils.java:logGet(43)) - raft.server.log.appender.buffer.byte-limit = 33554432 (custom)
2019-10-07 12:26:55,577 [pool-423-thread-1] INFO  server.RaftServerConfigKeys (ConfUtils.java:logGet(43)) - raft.server.log.segment.size.max = 1048576 (custom)
2019-10-07 12:26:55,578 [pool-423-thread-1] INFO  server.RaftServerConfigKeys (ConfUtils.java:logGet(43)) - raft.server.log.segment.cache.num.max = 2 (custom)
2019-10-07 12:26:55,579 [pool-423-thread-1] INFO  segmented.SegmentedRaftLogWorker (SegmentedRaftLogWorker.java:<init>(173)) - new b769eb0e-7454-47be-a9f9-2b6008ceec91@group-6C0FFB050062-SegmentedRaftLogWorker for RaftStorage:Storage Directory /workdir/hadoop-ozone/integration-test/target/test-dir/MiniOzoneClusterImpl-86c498e6-12e9-4451-86e6-34dda6797130/datanode-4/data/ratis/18dc822c-2f16-42cf-8073-6c0ffb050062
2019-10-07 12:26:55,579 [pool-423-thread-1] INFO  server.RaftServerConfigKeys (ConfUtils.java:logGet(43)) - raft.server.log.queue.byte-limit = 2147483647 (custom)
2019-10-07 12:26:55,579 [pool-423-thread-1] INFO  server.RaftServerConfigKeys (ConfUtils.java:logGet(43)) - raft.server.log.queue.element-limit = 1024 (custom)
2019-10-07 12:26:55,579 [pool-423-thread-1] INFO  server.RaftServerConfigKeys (ConfUtils.java:logGet(43)) - raft.server.log.segment.size.max = 1048576 (custom)
2019-10-07 12:26:55,579 [pool-423-thread-1] INFO  server.RaftServerConfigKeys (ConfUtils.java:logGet(43)) - raft.server.log.preallocated.size = 16384 (custom)
2019-10-07 12:26:55,579 [pool-423-thread-1] INFO  server.RaftServerConfigKeys (ConfUtils.java:logGet(43)) - raft.server.log.write.buffer.size = 33554432 (custom)
2019-10-07 12:26:55,579 [pool-423-thread-1] INFO  server.RaftServerConfigKeys (ConfUtils.java:logGet(43)) - raft.server.log.force.sync.num = 128 (default)
2019-10-07 12:26:55,579 [pool-423-thread-1] INFO  server.RaftServerConfigKeys (ConfUtils.java:logGet(43)) - raft.server.log.statemachine.data.sync = true (default)
2019-10-07 12:26:55,579 [pool-423-thread-1] INFO  server.RaftServerConfigKeys (ConfUtils.java:logGet(43)) - raft.server.log.statemachine.data.sync.timeout = 10s (default)
2019-10-07 12:26:55,579 [pool-423-thread-1] INFO  server.RaftServerConfigKeys (ConfUtils.java:logGet(43)) - raft.server.log.statemachine.data.sync.timeout.retry = -1 (default)
2019-10-07 12:26:55,580 [pool-423-thread-1] INFO  server.RaftServerConfigKeys (ConfUtils.java:logGet(43)) - raft.server.log.statemachine.data.caching.enabled = true (custom)
2019-10-07 12:26:55,580 [pool-423-thread-1] INFO  segmented.SegmentedRaftLogWorker (SegmentedRaftLogWorker.java:lambda$new$0(128)) - b769eb0e-7454-47be-a9f9-2b6008ceec91@group-6C0FFB050062-SegmentedRaftLogWorker: flushIndex: setUnconditionally 0 -> -1
2019-10-07 12:26:55,580 [pool-423-thread-1] INFO  server.RaftServerConfigKeys (ConfUtils.java:logGet(43)) - raft.server.snapshot.auto.trigger.enabled = true (custom)
2019-10-07 12:26:55,580 [pool-423-thread-1] INFO  server.RaftServerConfigKeys (ConfUtils.java:logGet(43)) - raft.server.snapshot.auto.trigger.threshold = 10000 (custom)
2019-10-07 12:26:55,580 [pool-423-thread-1] INFO  server.RaftServerConfigKeys (ConfUtils.java:logGet(43)) - raft.server.snapshot.retention.file.num = 5 (custom)
2019-10-07 12:26:55,580 [pool-423-thread-1] INFO  server.RaftServerConfigKeys (ConfUtils.java:logGet(43)) - raft.server.retrycache.expirytime = 600000ms (custom)
2019-10-07 12:26:55,581 [pool-423-thread-1] INFO  impl.RaftServerImpl (RaftServerImpl.java:start(181)) - b769eb0e-7454-47be-a9f9-2b6008ceec91@group-6C0FFB050062: start as a follower, conf=-1: [b769eb0e-7454-47be-a9f9-2b6008ceec91:192.168.30.26:36146], old=null
2019-10-07 12:26:55,581 [pool-423-thread-1] INFO  impl.RaftServerImpl (RaftServerImpl.java:setRole(170)) - b769eb0e-7454-47be-a9f9-2b6008ceec91@group-6C0FFB050062: changes role from      null to FOLLOWER at term 0 for startAsFollower
2019-10-07 12:26:55,581 [pool-423-thread-1] INFO  impl.RoleInfo (RoleInfo.java:updateAndGet(143)) - b769eb0e-7454-47be-a9f9-2b6008ceec91: start FollowerState
2019-10-07 12:26:55,581 [pool-423-thread-1] INFO  util.JmxRegister (JmxRegister.java:tryRegister(44)) - Successfully registered JMX Bean with object name Ratis:service=RaftServer,group=group-6C0FFB050062,id=b769eb0e-7454-47be-a9f9-2b6008ceec91
2019-10-07 12:26:55,584 [RatisPipelineUtilsThread] INFO  pipeline.PipelineStateManager (PipelineStateManager.java:addPipeline(56)) - Created pipeline Pipeline[ Id: 18dc822c-2f16-42cf-8073-6c0ffb050062, Nodes: b769eb0e-7454-47be-a9f9-2b6008ceec91{ip: 192.168.30.26, host: pr-hdds-2071-fmvlq-2762171947, networkLocation: /default-rack, certSerialId: null}, Type:RATIS, Factor:ONE, State:OPEN]
2019-10-07 12:26:55,591 [grpc-default-executor-7] INFO  impl.RaftServerProxy (RaftServerProxy.java:addNew(89)) - 4006f311-924b-41b7-8b2d-6a306cebb526: addNew group-C1767DCA003F:[4006f311-924b-41b7-8b2d-6a306cebb526:192.168.30.26:38143] returns group-C1767DCA003F:java.util.concurrent.CompletableFuture@166f1312[Not completed]
2019-10-07 12:26:55,592 [pool-433-thread-1] INFO  impl.RaftServerImpl (RaftServerImpl.java:<init>(95)) - 4006f311-924b-41b7-8b2d-6a306cebb526: new RaftServerImpl for group-C1767DCA003F:[4006f311-924b-41b7-8b2d-6a306cebb526:192.168.30.26:38143] with ContainerStateMachine:uninitialized
2019-10-07 12:26:55,592 [pool-433-thread-1] INFO  server.RaftServerConfigKeys (ConfUtils.java:logGet(43)) - raft.server.rpc.timeout.min = 5s (custom)
2019-10-07 12:26:55,592 [pool-433-thread-1] INFO  server.RaftServerConfigKeys (ConfUtils.java:logGet(43)) - raft.server.rpc.timeout.max = 5200ms (custom)
2019-10-07 12:26:55,592 [pool-433-thread-1] INFO  server.RaftServerConfigKeys (ConfUtils.java:logGet(43)) - raft.server.rpcslowness.timeout = 120s (custom)
2019-10-07 12:26:55,592 [pool-433-thread-1] INFO  server.RaftServerConfigKeys (ConfUtils.java:logGet(43)) - raft.server.sleep.deviation.threshold = 300 (default)
2019-10-07 12:26:55,592 [pool-433-thread-1] INFO  server.RaftServerConfigKeys (ConfUtils.java:logGet(43)) - raft.server.log.appender.install.snapshot.enabled = false (custom)
2019-10-07 12:26:55,592 [pool-433-thread-1] INFO  impl.RaftServerImpl (ServerState.java:<init>(103)) - 4006f311-924b-41b7-8b2d-6a306cebb526@group-C1767DCA003F: ConfigurationManager, init=-1: [4006f311-924b-41b7-8b2d-6a306cebb526:192.168.30.26:38143], old=null, confs=<EMPTY_MAP>
2019-10-07 12:26:55,592 [pool-433-thread-1] INFO  server.RaftServerConfigKeys (ConfUtils.java:logGet(43)) - raft.server.storage.dir = [/workdir/hadoop-ozone/integration-test/target/test-dir/MiniOzoneClusterImpl-86c498e6-12e9-4451-86e6-34dda6797130/datanode-5/data/ratis] (custom)
2019-10-07 12:26:55,592 [pool-433-thread-1] INFO  server.RaftServerConfigKeys (ConfUtils.java:logGet(43)) - raft.server.log.corruption.policy = EXCEPTION (default)
2019-10-07 12:26:55,593 [pool-433-thread-1] INFO  storage.RaftStorageDirectory (RaftStorageDirectory.java:analyzeStorage(246)) - The storage directory /workdir/hadoop-ozone/integration-test/target/test-dir/MiniOzoneClusterImpl-86c498e6-12e9-4451-86e6-34dda6797130/datanode-5/data/ratis/7d17ffe9-d64b-4f91-b128-c1767dca003f does not exist. Creating ...
2019-10-07 12:26:55,605 [pool-433-thread-1] INFO  storage.RaftStorageDirectory (RaftStorageDirectory.java:tryLock(328)) - Lock on /workdir/hadoop-ozone/integration-test/target/test-dir/MiniOzoneClusterImpl-86c498e6-12e9-4451-86e6-34dda6797130/datanode-5/data/ratis/7d17ffe9-d64b-4f91-b128-c1767dca003f/in_use.lock acquired by nodename 10829@pr-hdds-2071-fmvlq-2762171947
2019-10-07 12:26:55,618 [pool-433-thread-1] INFO  storage.RaftStorage (RaftStorage.java:format(84)) - Storage directory /workdir/hadoop-ozone/integration-test/target/test-dir/MiniOzoneClusterImpl-86c498e6-12e9-4451-86e6-34dda6797130/datanode-5/data/ratis/7d17ffe9-d64b-4f91-b128-c1767dca003f has been successfully formatted.
2019-10-07 12:26:55,618 [pool-433-thread-1] INFO  ratis.ContainerStateMachine (ContainerStateMachine.java:loadSnapshot(231)) - group-C1767DCA003F: The snapshot info is null. Setting the last applied indexto:(t:0, i:~)
2019-10-07 12:26:55,618 [pool-433-thread-1] INFO  server.RaftServerConfigKeys (ConfUtils.java:logGet(43)) - raft.server.notification.no-leader.timeout = 120s (custom)
2019-10-07 12:26:55,618 [pool-433-thread-1] INFO  server.RaftServerConfigKeys (ConfUtils.java:logGet(43)) - raft.server.log.use.memory = false (default)
2019-10-07 12:26:55,618 [pool-433-thread-1] INFO  server.RaftServerConfigKeys (ConfUtils.java:logGet(43)) - raft.server.log.purge.gap = 1000000 (custom)
2019-10-07 12:26:55,618 [pool-433-thread-1] INFO  server.RaftServerConfigKeys (ConfUtils.java:logGet(43)) - raft.server.log.appender.buffer.byte-limit = 33554432 (custom)
2019-10-07 12:26:55,618 [pool-433-thread-1] INFO  server.RaftServerConfigKeys (ConfUtils.java:logGet(43)) - raft.server.log.segment.size.max = 1048576 (custom)
2019-10-07 12:26:55,619 [pool-433-thread-1] INFO  server.RaftServerConfigKeys (ConfUtils.java:logGet(43)) - raft.server.log.segment.cache.num.max = 2 (custom)
2019-10-07 12:26:55,620 [pool-433-thread-1] INFO  segmented.SegmentedRaftLogWorker (SegmentedRaftLogWorker.java:<init>(173)) - new 4006f311-924b-41b7-8b2d-6a306cebb526@group-C1767DCA003F-SegmentedRaftLogWorker for RaftStorage:Storage Directory /workdir/hadoop-ozone/integration-test/target/test-dir/MiniOzoneClusterImpl-86c498e6-12e9-4451-86e6-34dda6797130/datanode-5/data/ratis/7d17ffe9-d64b-4f91-b128-c1767dca003f
2019-10-07 12:26:55,620 [pool-433-thread-1] INFO  server.RaftServerConfigKeys (ConfUtils.java:logGet(43)) - raft.server.log.queue.byte-limit = 2147483647 (custom)
2019-10-07 12:26:55,620 [pool-433-thread-1] INFO  server.RaftServerConfigKeys (ConfUtils.java:logGet(43)) - raft.server.log.queue.element-limit = 1024 (custom)
2019-10-07 12:26:55,620 [pool-433-thread-1] INFO  server.RaftServerConfigKeys (ConfUtils.java:logGet(43)) - raft.server.log.segment.size.max = 1048576 (custom)
2019-10-07 12:26:55,620 [pool-433-thread-1] INFO  server.RaftServerConfigKeys (ConfUtils.java:logGet(43)) - raft.server.log.preallocated.size = 16384 (custom)
2019-10-07 12:26:55,620 [pool-433-thread-1] INFO  server.RaftServerConfigKeys (ConfUtils.java:logGet(43)) - raft.server.log.write.buffer.size = 33554432 (custom)
2019-10-07 12:26:55,620 [pool-433-thread-1] INFO  server.RaftServerConfigKeys (ConfUtils.java:logGet(43)) - raft.server.log.force.sync.num = 128 (default)
2019-10-07 12:26:55,620 [pool-433-thread-1] INFO  server.RaftServerConfigKeys (ConfUtils.java:logGet(43)) - raft.server.log.statemachine.data.sync = true (default)
2019-10-07 12:26:55,620 [pool-433-thread-1] INFO  server.RaftServerConfigKeys (ConfUtils.java:logGet(43)) - raft.server.log.statemachine.data.sync.timeout = 10s (default)
2019-10-07 12:26:55,620 [pool-433-thread-1] INFO  server.RaftServerConfigKeys (ConfUtils.java:logGet(43)) - raft.server.log.statemachine.data.sync.timeout.retry = -1 (default)
2019-10-07 12:26:55,620 [pool-433-thread-1] INFO  server.RaftServerConfigKeys (ConfUtils.java:logGet(43)) - raft.server.log.statemachine.data.caching.enabled = true (custom)
2019-10-07 12:26:55,621 [pool-433-thread-1] INFO  segmented.SegmentedRaftLogWorker (SegmentedRaftLogWorker.java:lambda$new$0(128)) - 4006f311-924b-41b7-8b2d-6a306cebb526@group-C1767DCA003F-SegmentedRaftLogWorker: flushIndex: setUnconditionally 0 -> -1
2019-10-07 12:26:55,621 [pool-433-thread-1] INFO  server.RaftServerConfigKeys (ConfUtils.java:logGet(43)) - raft.server.snapshot.auto.trigger.enabled = true (custom)
2019-10-07 12:26:55,621 [pool-433-thread-1] INFO  server.RaftServerConfigKeys (ConfUtils.java:logGet(43)) - raft.server.snapshot.auto.trigger.threshold = 10000 (custom)
2019-10-07 12:26:55,621 [pool-433-thread-1] INFO  server.RaftServerConfigKeys (ConfUtils.java:logGet(43)) - raft.server.snapshot.retention.file.num = 5 (custom)
2019-10-07 12:26:55,621 [pool-433-thread-1] INFO  server.RaftServerConfigKeys (ConfUtils.java:logGet(43)) - raft.server.retrycache.expirytime = 600000ms (custom)
2019-10-07 12:26:55,622 [pool-433-thread-1] INFO  impl.RaftServerImpl (RaftServerImpl.java:start(181)) - 4006f311-924b-41b7-8b2d-6a306cebb526@group-C1767DCA003F: start as a follower, conf=-1: [4006f311-924b-41b7-8b2d-6a306cebb526:192.168.30.26:38143], old=null
2019-10-07 12:26:55,622 [pool-433-thread-1] INFO  impl.RaftServerImpl (RaftServerImpl.java:setRole(170)) - 4006f311-924b-41b7-8b2d-6a306cebb526@group-C1767DCA003F: changes role from      null to FOLLOWER at term 0 for startAsFollower
2019-10-07 12:26:55,622 [pool-433-thread-1] INFO  impl.RoleInfo (RoleInfo.java:updateAndGet(143)) - 4006f311-924b-41b7-8b2d-6a306cebb526: start FollowerState
2019-10-07 12:26:55,623 [pool-433-thread-1] INFO  util.JmxRegister (JmxRegister.java:tryRegister(44)) - Successfully registered JMX Bean with object name Ratis:service=RaftServer,group=group-C1767DCA003F,id=4006f311-924b-41b7-8b2d-6a306cebb526
2019-10-07 12:26:55,626 [RatisPipelineUtilsThread] INFO  pipeline.PipelineStateManager (PipelineStateManager.java:addPipeline(56)) - Created pipeline Pipeline[ Id: 7d17ffe9-d64b-4f91-b128-c1767dca003f, Nodes: 4006f311-924b-41b7-8b2d-6a306cebb526{ip: 192.168.30.26, host: pr-hdds-2071-fmvlq-2762171947, networkLocation: /default-rack, certSerialId: null}, Type:RATIS, Factor:ONE, State:OPEN]
2019-10-07 12:26:55,629 [main] INFO  ozone.MiniOzoneClusterImpl (MiniOzoneClusterImpl.java:lambda$waitForClusterToBeReady$0(147)) - Waiting for cluster to be ready. Got 6 of 7 DN Heartbeats.
2019-10-07 12:26:55,631 [IPC Server handler 7 on 34254] INFO  net.NetworkTopology (NetworkTopologyImpl.java:add(111)) - Added a new node: /default-rack/412546b7-b75f-4f0c-b2f9-5908dac52262
2019-10-07 12:26:55,631 [IPC Server handler 7 on 34254] INFO  node.SCMNodeManager (SCMNodeManager.java:register(267)) - Registered Data node : 412546b7-b75f-4f0c-b2f9-5908dac52262{ip: 192.168.30.26, host: pr-hdds-2071-fmvlq-2762171947, networkLocation: /default-rack, certSerialId: null}
2019-10-07 12:26:55,638 [grpc-default-executor-6] INFO  impl.RaftServerProxy (RaftServerProxy.java:addNew(89)) - aa8b7966-c8e9-4cbb-bb4b-5650954eb5b8: addNew group-441AD3FF729C:[4006f311-924b-41b7-8b2d-6a306cebb526:192.168.30.26:38143, aa8b7966-c8e9-4cbb-bb4b-5650954eb5b8:192.168.30.26:46353, b769eb0e-7454-47be-a9f9-2b6008ceec91:192.168.30.26:36146] returns group-441AD3FF729C:java.util.concurrent.CompletableFuture@7bcee7bc[Not completed]
2019-10-07 12:26:55,638 [grpc-default-executor-7] INFO  impl.RaftServerProxy (RaftServerProxy.java:addNew(89)) - b769eb0e-7454-47be-a9f9-2b6008ceec91: addNew group-441AD3FF729C:[4006f311-924b-41b7-8b2d-6a306cebb526:192.168.30.26:38143, aa8b7966-c8e9-4cbb-bb4b-5650954eb5b8:192.168.30.26:46353, b769eb0e-7454-47be-a9f9-2b6008ceec91:192.168.30.26:36146] returns group-441AD3FF729C:java.util.concurrent.CompletableFuture@1412a226[Not completed]
2019-10-07 12:26:55,638 [grpc-default-executor-3] INFO  impl.RaftServerProxy (RaftServerProxy.java:addNew(89)) - 4006f311-924b-41b7-8b2d-6a306cebb526: addNew group-441AD3FF729C:[4006f311-924b-41b7-8b2d-6a306cebb526:192.168.30.26:38143, aa8b7966-c8e9-4cbb-bb4b-5650954eb5b8:192.168.30.26:46353, b769eb0e-7454-47be-a9f9-2b6008ceec91:192.168.30.26:36146] returns group-441AD3FF729C:java.util.concurrent.CompletableFuture@1ccfddfd[Not completed]
2019-10-07 12:26:55,639 [pool-433-thread-1] INFO  impl.RaftServerImpl (RaftServerImpl.java:<init>(95)) - 4006f311-924b-41b7-8b2d-6a306cebb526: new RaftServerImpl for group-441AD3FF729C:[4006f311-924b-41b7-8b2d-6a306cebb526:192.168.30.26:38143, aa8b7966-c8e9-4cbb-bb4b-5650954eb5b8:192.168.30.26:46353, b769eb0e-7454-47be-a9f9-2b6008ceec91:192.168.30.26:36146] with ContainerStateMachine:uninitialized
2019-10-07 12:26:55,639 [pool-433-thread-1] INFO  server.RaftServerConfigKeys (ConfUtils.java:logGet(43)) - raft.server.rpc.timeout.min = 5s (custom)
2019-10-07 12:26:55,640 [pool-433-thread-1] INFO  server.RaftServerConfigKeys (ConfUtils.java:logGet(43)) - raft.server.rpc.timeout.max = 5200ms (custom)
2019-10-07 12:26:55,640 [pool-413-thread-1] INFO  impl.RaftServerImpl (RaftServerImpl.java:<init>(95)) - aa8b7966-c8e9-4cbb-bb4b-5650954eb5b8: new RaftServerImpl for group-441AD3FF729C:[4006f311-924b-41b7-8b2d-6a306cebb526:192.168.30.26:38143, aa8b7966-c8e9-4cbb-bb4b-5650954eb5b8:192.168.30.26:46353, b769eb0e-7454-47be-a9f9-2b6008ceec91:192.168.30.26:36146] with ContainerStateMachine:uninitialized
2019-10-07 12:26:55,640 [pool-433-thread-1] INFO  server.RaftServerConfigKeys (ConfUtils.java:logGet(43)) - raft.server.rpcslowness.timeout = 120s (custom)
2019-10-07 12:26:55,640 [pool-413-thread-1] INFO  server.RaftServerConfigKeys (ConfUtils.java:logGet(43)) - raft.server.rpc.timeout.min = 5s (custom)
2019-10-07 12:26:55,640 [pool-433-thread-1] INFO  server.RaftServerConfigKeys (ConfUtils.java:logGet(43)) - raft.server.sleep.deviation.threshold = 300 (default)
2019-10-07 12:26:55,640 [pool-413-thread-1] INFO  server.RaftServerConfigKeys (ConfUtils.java:logGet(43)) - raft.server.rpc.timeout.max = 5200ms (custom)
2019-10-07 12:26:55,640 [pool-433-thread-1] INFO  server.RaftServerConfigKeys (ConfUtils.java:logGet(43)) - raft.server.log.appender.install.snapshot.enabled = false (custom)
2019-10-07 12:26:55,640 [pool-423-thread-1] INFO  impl.RaftServerImpl (RaftServerImpl.java:<init>(95)) - b769eb0e-7454-47be-a9f9-2b6008ceec91: new RaftServerImpl for group-441AD3FF729C:[4006f311-924b-41b7-8b2d-6a306cebb526:192.168.30.26:38143, aa8b7966-c8e9-4cbb-bb4b-5650954eb5b8:192.168.30.26:46353, b769eb0e-7454-47be-a9f9-2b6008ceec91:192.168.30.26:36146] with ContainerStateMachine:uninitialized
2019-10-07 12:26:55,640 [pool-433-thread-1] INFO  impl.RaftServerImpl (ServerState.java:<init>(103)) - 4006f311-924b-41b7-8b2d-6a306cebb526@group-441AD3FF729C: ConfigurationManager, init=-1: [4006f311-924b-41b7-8b2d-6a306cebb526:192.168.30.26:38143, aa8b7966-c8e9-4cbb-bb4b-5650954eb5b8:192.168.30.26:46353, b769eb0e-7454-47be-a9f9-2b6008ceec91:192.168.30.26:36146], old=null, confs=<EMPTY_MAP>
2019-10-07 12:26:55,640 [pool-413-thread-1] INFO  server.RaftServerConfigKeys (ConfUtils.java:logGet(43)) - raft.server.rpcslowness.timeout = 120s (custom)
2019-10-07 12:26:55,640 [pool-433-thread-1] INFO  server.RaftServerConfigKeys (ConfUtils.java:logGet(43)) - raft.server.storage.dir = [/workdir/hadoop-ozone/integration-test/target/test-dir/MiniOzoneClusterImpl-86c498e6-12e9-4451-86e6-34dda6797130/datanode-5/data/ratis] (custom)
2019-10-07 12:26:55,640 [pool-423-thread-1] INFO  server.RaftServerConfigKeys (ConfUtils.java:logGet(43)) - raft.server.rpc.timeout.min = 5s (custom)
2019-10-07 12:26:55,640 [pool-413-thread-1] INFO  server.RaftServerConfigKeys (ConfUtils.java:logGet(43)) - raft.server.sleep.deviation.threshold = 300 (default)
2019-10-07 12:26:55,641 [pool-433-thread-1] INFO  server.RaftServerConfigKeys (ConfUtils.java:logGet(43)) - raft.server.log.corruption.policy = EXCEPTION (default)
2019-10-07 12:26:55,641 [pool-423-thread-1] INFO  server.RaftServerConfigKeys (ConfUtils.java:logGet(43)) - raft.server.rpc.timeout.max = 5200ms (custom)
2019-10-07 12:26:55,641 [pool-433-thread-1] INFO  storage.RaftStorageDirectory (RaftStorageDirectory.java:analyzeStorage(246)) - The storage directory /workdir/hadoop-ozone/integration-test/target/test-dir/MiniOzoneClusterImpl-86c498e6-12e9-4451-86e6-34dda6797130/datanode-5/data/ratis/b4e384f3-41b9-46d2-ba51-441ad3ff729c does not exist. Creating ...
2019-10-07 12:26:55,641 [pool-413-thread-1] INFO  server.RaftServerConfigKeys (ConfUtils.java:logGet(43)) - raft.server.log.appender.install.snapshot.enabled = false (custom)
2019-10-07 12:26:55,641 [pool-423-thread-1] INFO  server.RaftServerConfigKeys (ConfUtils.java:logGet(43)) - raft.server.rpcslowness.timeout = 120s (custom)
2019-10-07 12:26:55,641 [pool-413-thread-1] INFO  impl.RaftServerImpl (ServerState.java:<init>(103)) - aa8b7966-c8e9-4cbb-bb4b-5650954eb5b8@group-441AD3FF729C: ConfigurationManager, init=-1: [4006f311-924b-41b7-8b2d-6a306cebb526:192.168.30.26:38143, aa8b7966-c8e9-4cbb-bb4b-5650954eb5b8:192.168.30.26:46353, b769eb0e-7454-47be-a9f9-2b6008ceec91:192.168.30.26:36146], old=null, confs=<EMPTY_MAP>
2019-10-07 12:26:55,641 [pool-423-thread-1] INFO  server.RaftServerConfigKeys (ConfUtils.java:logGet(43)) - raft.server.sleep.deviation.threshold = 300 (default)
2019-10-07 12:26:55,641 [pool-413-thread-1] INFO  server.RaftServerConfigKeys (ConfUtils.java:logGet(43)) - raft.server.storage.dir = [/workdir/hadoop-ozone/integration-test/target/test-dir/MiniOzoneClusterImpl-86c498e6-12e9-4451-86e6-34dda6797130/datanode-3/data/ratis] (custom)
2019-10-07 12:26:55,641 [pool-423-thread-1] INFO  server.RaftServerConfigKeys (ConfUtils.java:logGet(43)) - raft.server.log.appender.install.snapshot.enabled = false (custom)
2019-10-07 12:26:55,641 [pool-413-thread-1] INFO  server.RaftServerConfigKeys (ConfUtils.java:logGet(43)) - raft.server.log.corruption.policy = EXCEPTION (default)
2019-10-07 12:26:55,641 [pool-423-thread-1] INFO  impl.RaftServerImpl (ServerState.java:<init>(103)) - b769eb0e-7454-47be-a9f9-2b6008ceec91@group-441AD3FF729C: ConfigurationManager, init=-1: [4006f311-924b-41b7-8b2d-6a306cebb526:192.168.30.26:38143, aa8b7966-c8e9-4cbb-bb4b-5650954eb5b8:192.168.30.26:46353, b769eb0e-7454-47be-a9f9-2b6008ceec91:192.168.30.26:36146], old=null, confs=<EMPTY_MAP>
2019-10-07 12:26:55,642 [pool-413-thread-1] INFO  storage.RaftStorageDirectory (RaftStorageDirectory.java:analyzeStorage(246)) - The storage directory /workdir/hadoop-ozone/integration-test/target/test-dir/MiniOzoneClusterImpl-86c498e6-12e9-4451-86e6-34dda6797130/datanode-3/data/ratis/b4e384f3-41b9-46d2-ba51-441ad3ff729c does not exist. Creating ...
2019-10-07 12:26:55,642 [pool-423-thread-1] INFO  server.RaftServerConfigKeys (ConfUtils.java:logGet(43)) - raft.server.storage.dir = [/workdir/hadoop-ozone/integration-test/target/test-dir/MiniOzoneClusterImpl-86c498e6-12e9-4451-86e6-34dda6797130/datanode-4/data/ratis] (custom)
2019-10-07 12:26:55,642 [pool-423-thread-1] INFO  server.RaftServerConfigKeys (ConfUtils.java:logGet(43)) - raft.server.log.corruption.policy = EXCEPTION (default)
2019-10-07 12:26:55,642 [pool-423-thread-1] INFO  storage.RaftStorageDirectory (RaftStorageDirectory.java:analyzeStorage(246)) - The storage directory /workdir/hadoop-ozone/integration-test/target/test-dir/MiniOzoneClusterImpl-86c498e6-12e9-4451-86e6-34dda6797130/datanode-4/data/ratis/b4e384f3-41b9-46d2-ba51-441ad3ff729c does not exist. Creating ...
2019-10-07 12:26:55,654 [pool-413-thread-1] INFO  storage.RaftStorageDirectory (RaftStorageDirectory.java:tryLock(328)) - Lock on /workdir/hadoop-ozone/integration-test/target/test-dir/MiniOzoneClusterImpl-86c498e6-12e9-4451-86e6-34dda6797130/datanode-3/data/ratis/b4e384f3-41b9-46d2-ba51-441ad3ff729c/in_use.lock acquired by nodename 10829@pr-hdds-2071-fmvlq-2762171947
2019-10-07 12:26:55,654 [pool-433-thread-1] INFO  storage.RaftStorageDirectory (RaftStorageDirectory.java:tryLock(328)) - Lock on /workdir/hadoop-ozone/integration-test/target/test-dir/MiniOzoneClusterImpl-86c498e6-12e9-4451-86e6-34dda6797130/datanode-5/data/ratis/b4e384f3-41b9-46d2-ba51-441ad3ff729c/in_use.lock acquired by nodename 10829@pr-hdds-2071-fmvlq-2762171947
2019-10-07 12:26:55,654 [pool-423-thread-1] INFO  storage.RaftStorageDirectory (RaftStorageDirectory.java:tryLock(328)) - Lock on /workdir/hadoop-ozone/integration-test/target/test-dir/MiniOzoneClusterImpl-86c498e6-12e9-4451-86e6-34dda6797130/datanode-4/data/ratis/b4e384f3-41b9-46d2-ba51-441ad3ff729c/in_use.lock acquired by nodename 10829@pr-hdds-2071-fmvlq-2762171947
2019-10-07 12:26:55,668 [pool-423-thread-1] INFO  storage.RaftStorage (RaftStorage.java:format(84)) - Storage directory /workdir/hadoop-ozone/integration-test/target/test-dir/MiniOzoneClusterImpl-86c498e6-12e9-4451-86e6-34dda6797130/datanode-4/data/ratis/b4e384f3-41b9-46d2-ba51-441ad3ff729c has been successfully formatted.
2019-10-07 12:26:55,668 [pool-413-thread-1] INFO  storage.RaftStorage (RaftStorage.java:format(84)) - Storage directory /workdir/hadoop-ozone/integration-test/target/test-dir/MiniOzoneClusterImpl-86c498e6-12e9-4451-86e6-34dda6797130/datanode-3/data/ratis/b4e384f3-41b9-46d2-ba51-441ad3ff729c has been successfully formatted.
2019-10-07 12:26:55,668 [pool-433-thread-1] INFO  storage.RaftStorage (RaftStorage.java:format(84)) - Storage directory /workdir/hadoop-ozone/integration-test/target/test-dir/MiniOzoneClusterImpl-86c498e6-12e9-4451-86e6-34dda6797130/datanode-5/data/ratis/b4e384f3-41b9-46d2-ba51-441ad3ff729c has been successfully formatted.
2019-10-07 12:26:55,668 [pool-423-thread-1] INFO  ratis.ContainerStateMachine (ContainerStateMachine.java:loadSnapshot(231)) - group-441AD3FF729C: The snapshot info is null. Setting the last applied indexto:(t:0, i:~)
2019-10-07 12:26:55,668 [pool-433-thread-1] INFO  ratis.ContainerStateMachine (ContainerStateMachine.java:loadSnapshot(231)) - group-441AD3FF729C: The snapshot info is null. Setting the last applied indexto:(t:0, i:~)
2019-10-07 12:26:55,668 [pool-413-thread-1] INFO  ratis.ContainerStateMachine (ContainerStateMachine.java:loadSnapshot(231)) - group-441AD3FF729C: The snapshot info is null. Setting the last applied indexto:(t:0, i:~)
2019-10-07 12:26:55,668 [pool-433-thread-1] INFO  server.RaftServerConfigKeys (ConfUtils.java:logGet(43)) - raft.server.notification.no-leader.timeout = 120s (custom)
2019-10-07 12:26:55,668 [pool-423-thread-1] INFO  server.RaftServerConfigKeys (ConfUtils.java:logGet(43)) - raft.server.notification.no-leader.timeout = 120s (custom)
2019-10-07 12:26:55,668 [pool-433-thread-1] INFO  server.RaftServerConfigKeys (ConfUtils.java:logGet(43)) - raft.server.log.use.memory = false (default)
2019-10-07 12:26:55,668 [pool-413-thread-1] INFO  server.RaftServerConfigKeys (ConfUtils.java:logGet(43)) - raft.server.notification.no-leader.timeout = 120s (custom)
2019-10-07 12:26:55,668 [pool-433-thread-1] INFO  server.RaftServerConfigKeys (ConfUtils.java:logGet(43)) - raft.server.log.purge.gap = 1000000 (custom)
2019-10-07 12:26:55,668 [pool-423-thread-1] INFO  server.RaftServerConfigKeys (ConfUtils.java:logGet(43)) - raft.server.log.use.memory = false (default)
2019-10-07 12:26:55,669 [pool-433-thread-1] INFO  server.RaftServerConfigKeys (ConfUtils.java:logGet(43)) - raft.server.log.appender.buffer.byte-limit = 33554432 (custom)
2019-10-07 12:26:55,669 [pool-413-thread-1] INFO  server.RaftServerConfigKeys (ConfUtils.java:logGet(43)) - raft.server.log.use.memory = false (default)
2019-10-07 12:26:55,669 [pool-433-thread-1] INFO  server.RaftServerConfigKeys (ConfUtils.java:logGet(43)) - raft.server.log.segment.size.max = 1048576 (custom)
2019-10-07 12:26:55,669 [pool-423-thread-1] INFO  server.RaftServerConfigKeys (ConfUtils.java:logGet(43)) - raft.server.log.purge.gap = 1000000 (custom)
2019-10-07 12:26:55,669 [pool-433-thread-1] INFO  server.RaftServerConfigKeys (ConfUtils.java:logGet(43)) - raft.server.log.segment.cache.num.max = 2 (custom)
2019-10-07 12:26:55,669 [pool-413-thread-1] INFO  server.RaftServerConfigKeys (ConfUtils.java:logGet(43)) - raft.server.log.purge.gap = 1000000 (custom)
2019-10-07 12:26:55,669 [pool-433-thread-1] INFO  segmented.SegmentedRaftLogWorker (SegmentedRaftLogWorker.java:<init>(173)) - new 4006f311-924b-41b7-8b2d-6a306cebb526@group-441AD3FF729C-SegmentedRaftLogWorker for RaftStorage:Storage Directory /workdir/hadoop-ozone/integration-test/target/test-dir/MiniOzoneClusterImpl-86c498e6-12e9-4451-86e6-34dda6797130/datanode-5/data/ratis/b4e384f3-41b9-46d2-ba51-441ad3ff729c
2019-10-07 12:26:55,669 [pool-423-thread-1] INFO  server.RaftServerConfigKeys (ConfUtils.java:logGet(43)) - raft.server.log.appender.buffer.byte-limit = 33554432 (custom)
2019-10-07 12:26:55,669 [pool-433-thread-1] INFO  server.RaftServerConfigKeys (ConfUtils.java:logGet(43)) - raft.server.log.queue.byte-limit = 2147483647 (custom)
2019-10-07 12:26:55,669 [pool-413-thread-1] INFO  server.RaftServerConfigKeys (ConfUtils.java:logGet(43)) - raft.server.log.appender.buffer.byte-limit = 33554432 (custom)
2019-10-07 12:26:55,669 [pool-433-thread-1] INFO  server.RaftServerConfigKeys (ConfUtils.java:logGet(43)) - raft.server.log.queue.element-limit = 1024 (custom)
2019-10-07 12:26:55,669 [pool-423-thread-1] INFO  server.RaftServerConfigKeys (ConfUtils.java:logGet(43)) - raft.server.log.segment.size.max = 1048576 (custom)
2019-10-07 12:26:55,670 [pool-433-thread-1] INFO  server.RaftServerConfigKeys (ConfUtils.java:logGet(43)) - raft.server.log.segment.size.max = 1048576 (custom)
2019-10-07 12:26:55,669 [pool-413-thread-1] INFO  server.RaftServerConfigKeys (ConfUtils.java:logGet(43)) - raft.server.log.segment.size.max = 1048576 (custom)
2019-10-07 12:26:55,670 [pool-433-thread-1] INFO  server.RaftServerConfigKeys (ConfUtils.java:logGet(43)) - raft.server.log.preallocated.size = 16384 (custom)
2019-10-07 12:26:55,670 [pool-423-thread-1] INFO  server.RaftServerConfigKeys (ConfUtils.java:logGet(43)) - raft.server.log.segment.cache.num.max = 2 (custom)
2019-10-07 12:26:55,670 [pool-433-thread-1] INFO  server.RaftServerConfigKeys (ConfUtils.java:logGet(43)) - raft.server.log.write.buffer.size = 33554432 (custom)
2019-10-07 12:26:55,670 [pool-413-thread-1] INFO  server.RaftServerConfigKeys (ConfUtils.java:logGet(43)) - raft.server.log.segment.cache.num.max = 2 (custom)
2019-10-07 12:26:55,670 [pool-433-thread-1] INFO  server.RaftServerConfigKeys (ConfUtils.java:logGet(43)) - raft.server.log.force.sync.num = 128 (default)
2019-10-07 12:26:55,670 [pool-423-thread-1] INFO  segmented.SegmentedRaftLogWorker (SegmentedRaftLogWorker.java:<init>(173)) - new b769eb0e-7454-47be-a9f9-2b6008ceec91@group-441AD3FF729C-SegmentedRaftLogWorker for RaftStorage:Storage Directory /workdir/hadoop-ozone/integration-test/target/test-dir/MiniOzoneClusterImpl-86c498e6-12e9-4451-86e6-34dda6797130/datanode-4/data/ratis/b4e384f3-41b9-46d2-ba51-441ad3ff729c
2019-10-07 12:26:55,670 [pool-433-thread-1] INFO  server.RaftServerConfigKeys (ConfUtils.java:logGet(43)) - raft.server.log.statemachine.data.sync = true (default)
2019-10-07 12:26:55,670 [pool-413-thread-1] INFO  segmented.SegmentedRaftLogWorker (SegmentedRaftLogWorker.java:<init>(173)) - new aa8b7966-c8e9-4cbb-bb4b-5650954eb5b8@group-441AD3FF729C-SegmentedRaftLogWorker for RaftStorage:Storage Directory /workdir/hadoop-ozone/integration-test/target/test-dir/MiniOzoneClusterImpl-86c498e6-12e9-4451-86e6-34dda6797130/datanode-3/data/ratis/b4e384f3-41b9-46d2-ba51-441ad3ff729c
2019-10-07 12:26:55,670 [pool-433-thread-1] INFO  server.RaftServerConfigKeys (ConfUtils.java:logGet(43)) - raft.server.log.statemachine.data.sync.timeout = 10s (default)
2019-10-07 12:26:55,670 [pool-423-thread-1] INFO  server.RaftServerConfigKeys (ConfUtils.java:logGet(43)) - raft.server.log.queue.byte-limit = 2147483647 (custom)
2019-10-07 12:26:55,670 [pool-433-thread-1] INFO  server.RaftServerConfigKeys (ConfUtils.java:logGet(43)) - raft.server.log.statemachine.data.sync.timeout.retry = -1 (default)
2019-10-07 12:26:55,670 [pool-413-thread-1] INFO  server.RaftServerConfigKeys (ConfUtils.java:logGet(43)) - raft.server.log.queue.byte-limit = 2147483647 (custom)
2019-10-07 12:26:55,671 [pool-433-thread-1] INFO  server.RaftServerConfigKeys (ConfUtils.java:logGet(43)) - raft.server.log.statemachine.data.caching.enabled = true (custom)
2019-10-07 12:26:55,671 [pool-423-thread-1] INFO  server.RaftServerConfigKeys (ConfUtils.java:logGet(43)) - raft.server.log.queue.element-limit = 1024 (custom)
2019-10-07 12:26:55,671 [pool-413-thread-1] INFO  server.RaftServerConfigKeys (ConfUtils.java:logGet(43)) - raft.server.log.queue.element-limit = 1024 (custom)
2019-10-07 12:26:55,671 [pool-433-thread-1] INFO  segmented.SegmentedRaftLogWorker (SegmentedRaftLogWorker.java:lambda$new$0(128)) - 4006f311-924b-41b7-8b2d-6a306cebb526@group-441AD3FF729C-SegmentedRaftLogWorker: flushIndex: setUnconditionally 0 -> -1
2019-10-07 12:26:55,671 [pool-423-thread-1] INFO  server.RaftServerConfigKeys (ConfUtils.java:logGet(43)) - raft.server.log.segment.size.max = 1048576 (custom)
2019-10-07 12:26:55,671 [pool-413-thread-1] INFO  server.RaftServerConfigKeys (ConfUtils.java:logGet(43)) - raft.server.log.segment.size.max = 1048576 (custom)
2019-10-07 12:26:55,671 [pool-433-thread-1] INFO  server.RaftServerConfigKeys (ConfUtils.java:logGet(43)) - raft.server.snapshot.auto.trigger.enabled = true (custom)
2019-10-07 12:26:55,671 [pool-423-thread-1] INFO  server.RaftServerConfigKeys (ConfUtils.java:logGet(43)) - raft.server.log.preallocated.size = 16384 (custom)
2019-10-07 12:26:55,671 [pool-433-thread-1] INFO  server.RaftServerConfigKeys (ConfUtils.java:logGet(43)) - raft.server.snapshot.auto.trigger.threshold = 10000 (custom)
2019-10-07 12:26:55,671 [pool-413-thread-1] INFO  server.RaftServerConfigKeys (ConfUtils.java:logGet(43)) - raft.server.log.preallocated.size = 16384 (custom)
2019-10-07 12:26:55,671 [pool-433-thread-1] INFO  server.RaftServerConfigKeys (ConfUtils.java:logGet(43)) - raft.server.snapshot.retention.file.num = 5 (custom)
2019-10-07 12:26:55,671 [pool-423-thread-1] INFO  server.RaftServerConfigKeys (ConfUtils.java:logGet(43)) - raft.server.log.write.buffer.size = 33554432 (custom)
2019-10-07 12:26:55,672 [pool-433-thread-1] INFO  server.RaftServerConfigKeys (ConfUtils.java:logGet(43)) - raft.server.retrycache.expirytime = 600000ms (custom)
2019-10-07 12:26:55,672 [pool-413-thread-1] INFO  server.RaftServerConfigKeys (ConfUtils.java:logGet(43)) - raft.server.log.write.buffer.size = 33554432 (custom)
2019-10-07 12:26:55,672 [pool-423-thread-1] INFO  server.RaftServerConfigKeys (ConfUtils.java:logGet(43)) - raft.server.log.force.sync.num = 128 (default)
2019-10-07 12:26:55,672 [pool-413-thread-1] INFO  server.RaftServerConfigKeys (ConfUtils.java:logGet(43)) - raft.server.log.force.sync.num = 128 (default)
2019-10-07 12:26:55,672 [pool-423-thread-1] INFO  server.RaftServerConfigKeys (ConfUtils.java:logGet(43)) - raft.server.log.statemachine.data.sync = true (default)
2019-10-07 12:26:55,672 [pool-413-thread-1] INFO  server.RaftServerConfigKeys (ConfUtils.java:logGet(43)) - raft.server.log.statemachine.data.sync = true (default)
2019-10-07 12:26:55,672 [pool-423-thread-1] INFO  server.RaftServerConfigKeys (ConfUtils.java:logGet(43)) - raft.server.log.statemachine.data.sync.timeout = 10s (default)
2019-10-07 12:26:55,672 [pool-413-thread-1] INFO  server.RaftServerConfigKeys (ConfUtils.java:logGet(43)) - raft.server.log.statemachine.data.sync.timeout = 10s (default)
2019-10-07 12:26:55,672 [pool-423-thread-1] INFO  server.RaftServerConfigKeys (ConfUtils.java:logGet(43)) - raft.server.log.statemachine.data.sync.timeout.retry = -1 (default)
2019-10-07 12:26:55,672 [pool-413-thread-1] INFO  server.RaftServerConfigKeys (ConfUtils.java:logGet(43)) - raft.server.log.statemachine.data.sync.timeout.retry = -1 (default)
2019-10-07 12:26:55,672 [pool-423-thread-1] INFO  server.RaftServerConfigKeys (ConfUtils.java:logGet(43)) - raft.server.log.statemachine.data.caching.enabled = true (custom)
2019-10-07 12:26:55,672 [pool-413-thread-1] INFO  server.RaftServerConfigKeys (ConfUtils.java:logGet(43)) - raft.server.log.statemachine.data.caching.enabled = true (custom)
2019-10-07 12:26:55,673 [pool-423-thread-1] INFO  segmented.SegmentedRaftLogWorker (SegmentedRaftLogWorker.java:lambda$new$0(128)) - b769eb0e-7454-47be-a9f9-2b6008ceec91@group-441AD3FF729C-SegmentedRaftLogWorker: flushIndex: setUnconditionally 0 -> -1
2019-10-07 12:26:55,673 [pool-413-thread-1] INFO  segmented.SegmentedRaftLogWorker (SegmentedRaftLogWorker.java:lambda$new$0(128)) - aa8b7966-c8e9-4cbb-bb4b-5650954eb5b8@group-441AD3FF729C-SegmentedRaftLogWorker: flushIndex: setUnconditionally 0 -> -1
2019-10-07 12:26:55,673 [pool-423-thread-1] INFO  server.RaftServerConfigKeys (ConfUtils.java:logGet(43)) - raft.server.snapshot.auto.trigger.enabled = true (custom)
2019-10-07 12:26:55,673 [pool-433-thread-1] INFO  impl.RaftServerImpl (RaftServerImpl.java:start(181)) - 4006f311-924b-41b7-8b2d-6a306cebb526@group-441AD3FF729C: start as a follower, conf=-1: [4006f311-924b-41b7-8b2d-6a306cebb526:192.168.30.26:38143, aa8b7966-c8e9-4cbb-bb4b-5650954eb5b8:192.168.30.26:46353, b769eb0e-7454-47be-a9f9-2b6008ceec91:192.168.30.26:36146], old=null
2019-10-07 12:26:55,673 [pool-423-thread-1] INFO  server.RaftServerConfigKeys (ConfUtils.java:logGet(43)) - raft.server.snapshot.auto.trigger.threshold = 10000 (custom)
2019-10-07 12:26:55,673 [pool-413-thread-1] INFO  server.RaftServerConfigKeys (ConfUtils.java:logGet(43)) - raft.server.snapshot.auto.trigger.enabled = true (custom)
2019-10-07 12:26:55,673 [pool-433-thread-1] INFO  impl.RaftServerImpl (RaftServerImpl.java:setRole(170)) - 4006f311-924b-41b7-8b2d-6a306cebb526@group-441AD3FF729C: changes role from      null to FOLLOWER at term 0 for startAsFollower
2019-10-07 12:26:55,673 [pool-413-thread-1] INFO  server.RaftServerConfigKeys (ConfUtils.java:logGet(43)) - raft.server.snapshot.auto.trigger.threshold = 10000 (custom)
2019-10-07 12:26:55,673 [pool-423-thread-1] INFO  server.RaftServerConfigKeys (ConfUtils.java:logGet(43)) - raft.server.snapshot.retention.file.num = 5 (custom)
2019-10-07 12:26:55,673 [pool-413-thread-1] INFO  server.RaftServerConfigKeys (ConfUtils.java:logGet(43)) - raft.server.snapshot.retention.file.num = 5 (custom)
2019-10-07 12:26:55,673 [pool-433-thread-1] INFO  impl.RoleInfo (RoleInfo.java:updateAndGet(143)) - 4006f311-924b-41b7-8b2d-6a306cebb526: start FollowerState
2019-10-07 12:26:55,673 [pool-413-thread-1] INFO  server.RaftServerConfigKeys (ConfUtils.java:logGet(43)) - raft.server.retrycache.expirytime = 600000ms (custom)
2019-10-07 12:26:55,673 [pool-423-thread-1] INFO  server.RaftServerConfigKeys (ConfUtils.java:logGet(43)) - raft.server.retrycache.expirytime = 600000ms (custom)
2019-10-07 12:26:55,674 [pool-433-thread-1] INFO  util.JmxRegister (JmxRegister.java:tryRegister(44)) - Successfully registered JMX Bean with object name Ratis:service=RaftServer,group=group-441AD3FF729C,id=4006f311-924b-41b7-8b2d-6a306cebb526
2019-10-07 12:26:55,676 [pool-413-thread-1] INFO  impl.RaftServerImpl (RaftServerImpl.java:start(181)) - aa8b7966-c8e9-4cbb-bb4b-5650954eb5b8@group-441AD3FF729C: start as a follower, conf=-1: [4006f311-924b-41b7-8b2d-6a306cebb526:192.168.30.26:38143, aa8b7966-c8e9-4cbb-bb4b-5650954eb5b8:192.168.30.26:46353, b769eb0e-7454-47be-a9f9-2b6008ceec91:192.168.30.26:36146], old=null
2019-10-07 12:26:55,676 [pool-413-thread-1] INFO  impl.RaftServerImpl (RaftServerImpl.java:setRole(170)) - aa8b7966-c8e9-4cbb-bb4b-5650954eb5b8@group-441AD3FF729C: changes role from      null to FOLLOWER at term 0 for startAsFollower
2019-10-07 12:26:55,676 [pool-413-thread-1] INFO  impl.RoleInfo (RoleInfo.java:updateAndGet(143)) - aa8b7966-c8e9-4cbb-bb4b-5650954eb5b8: start FollowerState
2019-10-07 12:26:55,676 [pool-423-thread-1] INFO  impl.RaftServerImpl (RaftServerImpl.java:start(181)) - b769eb0e-7454-47be-a9f9-2b6008ceec91@group-441AD3FF729C: start as a follower, conf=-1: [4006f311-924b-41b7-8b2d-6a306cebb526:192.168.30.26:38143, aa8b7966-c8e9-4cbb-bb4b-5650954eb5b8:192.168.30.26:46353, b769eb0e-7454-47be-a9f9-2b6008ceec91:192.168.30.26:36146], old=null
2019-10-07 12:26:55,676 [pool-423-thread-1] INFO  impl.RaftServerImpl (RaftServerImpl.java:setRole(170)) - b769eb0e-7454-47be-a9f9-2b6008ceec91@group-441AD3FF729C: changes role from      null to FOLLOWER at term 0 for startAsFollower
2019-10-07 12:26:55,677 [pool-423-thread-1] INFO  impl.RoleInfo (RoleInfo.java:updateAndGet(143)) - b769eb0e-7454-47be-a9f9-2b6008ceec91: start FollowerState
2019-10-07 12:26:55,677 [pool-413-thread-1] INFO  util.JmxRegister (JmxRegister.java:tryRegister(44)) - Successfully registered JMX Bean with object name Ratis:service=RaftServer,group=group-441AD3FF729C,id=aa8b7966-c8e9-4cbb-bb4b-5650954eb5b8
2019-10-07 12:26:55,677 [pool-423-thread-1] INFO  util.JmxRegister (JmxRegister.java:tryRegister(44)) - Successfully registered JMX Bean with object name Ratis:service=RaftServer,group=group-441AD3FF729C,id=b769eb0e-7454-47be-a9f9-2b6008ceec91
2019-10-07 12:26:55,681 [RatisPipelineUtilsThread] INFO  pipeline.PipelineStateManager (PipelineStateManager.java:addPipeline(56)) - Created pipeline Pipeline[ Id: b4e384f3-41b9-46d2-ba51-441ad3ff729c, Nodes: aa8b7966-c8e9-4cbb-bb4b-5650954eb5b8{ip: 192.168.30.26, host: pr-hdds-2071-fmvlq-2762171947, networkLocation: /default-rack, certSerialId: null}b769eb0e-7454-47be-a9f9-2b6008ceec91{ip: 192.168.30.26, host: pr-hdds-2071-fmvlq-2762171947, networkLocation: /default-rack, certSerialId: null}4006f311-924b-41b7-8b2d-6a306cebb526{ip: 192.168.30.26, host: pr-hdds-2071-fmvlq-2762171947, networkLocation: /default-rack, certSerialId: null}, Type:RATIS, Factor:THREE, State:OPEN]
2019-10-07 12:26:56,629 [main] INFO  ozone.MiniOzoneClusterImpl (MiniOzoneClusterImpl.java:lambda$waitForClusterToBeReady$0(147)) - Cluster is ready. Got 7 of 7 DN Heartbeats.
2019-10-07 12:26:56,687 [main] INFO  rpc.RpcClient (RpcClient.java:createVolume(277)) - Creating Volume: watchforcommithandlingtest, with jenkins1000 as owner.
2019-10-07 12:26:56,691 [IPC Server handler 16 on 43919] INFO  volume.OMVolumeCreateRequest (OMVolumeCreateRequest.java:validateAndUpdateCache(193)) - created volume:watchforcommithandlingtest for user:jenkins1000
2019-10-07 12:26:56,705 [main] INFO  rpc.RpcClient (RpcClient.java:createBucket(416)) - Creating Bucket: watchforcommithandlingtest/watchforcommithandlingtest, with Versioning false and Storage Type set to DISK and Encryption set to false 
2019-10-07 12:26:56,710 [main] INFO  ozone.MiniOzoneClusterImpl (MiniOzoneClusterImpl.java:getStorageContainerLocationClient(234)) - Creating StorageContainerLocationProtocol RPC client with address /0.0.0.0:37247
2019-10-07 12:26:58,239 [Thread-2419] INFO  container.ReplicationManager (ReplicationManager.java:start(162)) - Starting Replication Monitor Thread.
2019-10-07 12:26:58,243 [ReplicationMonitor] INFO  container.ReplicationManager (ReplicationManager.java:run(225)) - Replication Monitor Thread took 0 milliseconds for processing 1 containers.
2019-10-07 12:27:00,391 [Thread-2421] INFO  impl.FollowerState (FollowerState.java:run(108)) - aa14afdf-76db-4a5e-8bf8-d986c3950086@group-2DF42521EE16-FollowerState: change to CANDIDATE, lastRpcTime:5108ms, electionTimeout:5108ms
2019-10-07 12:27:00,391 [Thread-2421] INFO  impl.RoleInfo (RoleInfo.java:shutdownFollowerState(121)) - aa14afdf-76db-4a5e-8bf8-d986c3950086: shutdown FollowerState
2019-10-07 12:27:00,391 [Thread-2421] INFO  impl.RaftServerImpl (RaftServerImpl.java:setRole(170)) - aa14afdf-76db-4a5e-8bf8-d986c3950086@group-2DF42521EE16: changes role from  FOLLOWER to CANDIDATE at term 0 for changeToCandidate
2019-10-07 12:27:00,391 [Thread-2421] INFO  impl.RoleInfo (RoleInfo.java:updateAndGet(143)) - aa14afdf-76db-4a5e-8bf8-d986c3950086: start LeaderElection
2019-10-07 12:27:00,406 [aa14afdf-76db-4a5e-8bf8-d986c3950086@group-2DF42521EE16-LeaderElection93] INFO  impl.LeaderElection (LeaderElection.java:askForVotes(178)) - aa14afdf-76db-4a5e-8bf8-d986c3950086@group-2DF42521EE16-LeaderElection93: begin an election at term 1 for -1: [aa14afdf-76db-4a5e-8bf8-d986c3950086:192.168.30.26:46771], old=null
2019-10-07 12:27:00,406 [aa14afdf-76db-4a5e-8bf8-d986c3950086@group-2DF42521EE16-LeaderElection93] INFO  impl.RoleInfo (RoleInfo.java:shutdownLeaderElection(134)) - aa14afdf-76db-4a5e-8bf8-d986c3950086: shutdown LeaderElection
2019-10-07 12:27:00,406 [aa14afdf-76db-4a5e-8bf8-d986c3950086@group-2DF42521EE16-LeaderElection93] INFO  impl.RaftServerImpl (RaftServerImpl.java:setRole(170)) - aa14afdf-76db-4a5e-8bf8-d986c3950086@group-2DF42521EE16: changes role from CANDIDATE to LEADER at term 1 for changeToLeader
2019-10-07 12:27:00,406 [aa14afdf-76db-4a5e-8bf8-d986c3950086@group-2DF42521EE16-LeaderElection93] INFO  impl.RaftServerImpl (ServerState.java:setLeader(255)) - aa14afdf-76db-4a5e-8bf8-d986c3950086@group-2DF42521EE16: change Leader from null to aa14afdf-76db-4a5e-8bf8-d986c3950086 at term 1 for becomeLeader, leader elected after 5130ms
2019-10-07 12:27:00,406 [aa14afdf-76db-4a5e-8bf8-d986c3950086@group-2DF42521EE16-LeaderElection93] INFO  server.RaftServerConfigKeys (ConfUtils.java:logGet(43)) - raft.server.staging.catchup.gap = 1000 (default)
2019-10-07 12:27:00,406 [aa14afdf-76db-4a5e-8bf8-d986c3950086@group-2DF42521EE16-LeaderElection93] INFO  server.RaftServerConfigKeys (ConfUtils.java:logGet(43)) - raft.server.rpc.sleep.time = 25ms (default)
2019-10-07 12:27:00,406 [aa14afdf-76db-4a5e-8bf8-d986c3950086@group-2DF42521EE16-LeaderElection93] INFO  server.RaftServerConfigKeys (ConfUtils.java:logGet(43)) - raft.server.write.element-limit = 4096 (default)
2019-10-07 12:27:00,406 [aa14afdf-76db-4a5e-8bf8-d986c3950086@group-2DF42521EE16-LeaderElection93] INFO  server.RaftServerConfigKeys (ConfUtils.java:logGet(43)) - raft.server.watch.timeout = 10s (default)
2019-10-07 12:27:00,406 [aa14afdf-76db-4a5e-8bf8-d986c3950086@group-2DF42521EE16-LeaderElection93] INFO  server.RaftServerConfigKeys (ConfUtils.java:logGet(43)) - raft.server.watch.timeout.denomination = 1s (default)
2019-10-07 12:27:00,407 [aa14afdf-76db-4a5e-8bf8-d986c3950086@group-2DF42521EE16-LeaderElection93] INFO  server.RaftServerConfigKeys (ConfUtils.java:logGet(43)) - raft.server.watch.element-limit = 65536 (default)
2019-10-07 12:27:00,408 [aa14afdf-76db-4a5e-8bf8-d986c3950086@group-2DF42521EE16-LeaderElection93] INFO  impl.RoleInfo (RoleInfo.java:updateAndGet(143)) - aa14afdf-76db-4a5e-8bf8-d986c3950086: start LeaderState
2019-10-07 12:27:00,408 [aa14afdf-76db-4a5e-8bf8-d986c3950086@group-2DF42521EE16-LeaderElection93] INFO  segmented.SegmentedRaftLogWorker (SegmentedRaftLogWorker.java:startLogSegment(385)) - aa14afdf-76db-4a5e-8bf8-d986c3950086@group-2DF42521EE16-SegmentedRaftLogWorker: Starting segment from index:0
2019-10-07 12:27:00,409 [aa14afdf-76db-4a5e-8bf8-d986c3950086@group-2DF42521EE16-LeaderElection93] INFO  impl.RaftServerImpl (ServerState.java:setRaftConf(356)) - aa14afdf-76db-4a5e-8bf8-d986c3950086@group-2DF42521EE16: set configuration 0: [aa14afdf-76db-4a5e-8bf8-d986c3950086:192.168.30.26:46771], old=null at 0
2019-10-07 12:27:00,423 [Thread-2424] INFO  impl.FollowerState (FollowerState.java:run(108)) - c2d3070a-95d8-49e9-bf2e-f835b8e471c4@group-8F023078ED01-FollowerState: change to CANDIDATE, lastRpcTime:5083ms, electionTimeout:5083ms
2019-10-07 12:27:00,423 [Thread-2424] INFO  impl.RoleInfo (RoleInfo.java:shutdownFollowerState(121)) - c2d3070a-95d8-49e9-bf2e-f835b8e471c4: shutdown FollowerState
2019-10-07 12:27:00,423 [Thread-2424] INFO  impl.RaftServerImpl (RaftServerImpl.java:setRole(170)) - c2d3070a-95d8-49e9-bf2e-f835b8e471c4@group-8F023078ED01: changes role from  FOLLOWER to CANDIDATE at term 0 for changeToCandidate
2019-10-07 12:27:00,424 [Thread-2424] INFO  impl.RoleInfo (RoleInfo.java:updateAndGet(143)) - c2d3070a-95d8-49e9-bf2e-f835b8e471c4: start LeaderElection
2019-10-07 12:27:00,460 [aa14afdf-76db-4a5e-8bf8-d986c3950086@group-2DF42521EE16-SegmentedRaftLogWorker] INFO  segmented.SegmentedRaftLogWorker (SegmentedRaftLogWorker.java:execute(574)) - aa14afdf-76db-4a5e-8bf8-d986c3950086@group-2DF42521EE16-SegmentedRaftLogWorker: created new log segment /workdir/hadoop-ozone/integration-test/target/test-dir/MiniOzoneClusterImpl-86c498e6-12e9-4451-86e6-34dda6797130/datanode-0/data/ratis/0dec3eae-a395-45fe-8d2a-2df42521ee16/current/log_inprogress_0
2019-10-07 12:27:00,460 [c2d3070a-95d8-49e9-bf2e-f835b8e471c4@group-8F023078ED01-LeaderElection94] INFO  impl.LeaderElection (LeaderElection.java:askForVotes(178)) - c2d3070a-95d8-49e9-bf2e-f835b8e471c4@group-8F023078ED01-LeaderElection94: begin an election at term 1 for -1: [c2d3070a-95d8-49e9-bf2e-f835b8e471c4:192.168.30.26:33473], old=null
2019-10-07 12:27:00,460 [c2d3070a-95d8-49e9-bf2e-f835b8e471c4@group-8F023078ED01-LeaderElection94] INFO  impl.RoleInfo (RoleInfo.java:shutdownLeaderElection(134)) - c2d3070a-95d8-49e9-bf2e-f835b8e471c4: shutdown LeaderElection
2019-10-07 12:27:00,460 [c2d3070a-95d8-49e9-bf2e-f835b8e471c4@group-8F023078ED01-LeaderElection94] INFO  impl.RaftServerImpl (RaftServerImpl.java:setRole(170)) - c2d3070a-95d8-49e9-bf2e-f835b8e471c4@group-8F023078ED01: changes role from CANDIDATE to LEADER at term 1 for changeToLeader
2019-10-07 12:27:00,460 [c2d3070a-95d8-49e9-bf2e-f835b8e471c4@group-8F023078ED01-LeaderElection94] INFO  impl.RaftServerImpl (ServerState.java:setLeader(255)) - c2d3070a-95d8-49e9-bf2e-f835b8e471c4@group-8F023078ED01: change Leader from null to c2d3070a-95d8-49e9-bf2e-f835b8e471c4 at term 1 for becomeLeader, leader elected after 5134ms
2019-10-07 12:27:00,460 [c2d3070a-95d8-49e9-bf2e-f835b8e471c4@group-8F023078ED01-LeaderElection94] INFO  server.RaftServerConfigKeys (ConfUtils.java:logGet(43)) - raft.server.staging.catchup.gap = 1000 (default)
2019-10-07 12:27:00,460 [c2d3070a-95d8-49e9-bf2e-f835b8e471c4@group-8F023078ED01-LeaderElection94] INFO  server.RaftServerConfigKeys (ConfUtils.java:logGet(43)) - raft.server.rpc.sleep.time = 25ms (default)
2019-10-07 12:27:00,460 [c2d3070a-95d8-49e9-bf2e-f835b8e471c4@group-8F023078ED01-LeaderElection94] INFO  server.RaftServerConfigKeys (ConfUtils.java:logGet(43)) - raft.server.write.element-limit = 4096 (default)
2019-10-07 12:27:00,460 [c2d3070a-95d8-49e9-bf2e-f835b8e471c4@group-8F023078ED01-LeaderElection94] INFO  server.RaftServerConfigKeys (ConfUtils.java:logGet(43)) - raft.server.watch.timeout = 10s (default)
2019-10-07 12:27:00,461 [c2d3070a-95d8-49e9-bf2e-f835b8e471c4@group-8F023078ED01-LeaderElection94] INFO  server.RaftServerConfigKeys (ConfUtils.java:logGet(43)) - raft.server.watch.timeout.denomination = 1s (default)
2019-10-07 12:27:00,461 [c2d3070a-95d8-49e9-bf2e-f835b8e471c4@group-8F023078ED01-LeaderElection94] INFO  server.RaftServerConfigKeys (ConfUtils.java:logGet(43)) - raft.server.watch.element-limit = 65536 (default)
2019-10-07 12:27:00,462 [c2d3070a-95d8-49e9-bf2e-f835b8e471c4@group-8F023078ED01-LeaderElection94] INFO  impl.RoleInfo (RoleInfo.java:updateAndGet(143)) - c2d3070a-95d8-49e9-bf2e-f835b8e471c4: start LeaderState
2019-10-07 12:27:00,462 [c2d3070a-95d8-49e9-bf2e-f835b8e471c4@group-8F023078ED01-LeaderElection94] INFO  segmented.SegmentedRaftLogWorker (SegmentedRaftLogWorker.java:startLogSegment(385)) - c2d3070a-95d8-49e9-bf2e-f835b8e471c4@group-8F023078ED01-SegmentedRaftLogWorker: Starting segment from index:0
2019-10-07 12:27:00,462 [c2d3070a-95d8-49e9-bf2e-f835b8e471c4@group-8F023078ED01-LeaderElection94] INFO  impl.RaftServerImpl (ServerState.java:setRaftConf(356)) - c2d3070a-95d8-49e9-bf2e-f835b8e471c4@group-8F023078ED01: set configuration 0: [c2d3070a-95d8-49e9-bf2e-f835b8e471c4:192.168.30.26:33473], old=null at 0
2019-10-07 12:27:00,486 [c2d3070a-95d8-49e9-bf2e-f835b8e471c4@group-8F023078ED01-SegmentedRaftLogWorker] INFO  segmented.SegmentedRaftLogWorker (SegmentedRaftLogWorker.java:execute(574)) - c2d3070a-95d8-49e9-bf2e-f835b8e471c4@group-8F023078ED01-SegmentedRaftLogWorker: created new log segment /workdir/hadoop-ozone/integration-test/target/test-dir/MiniOzoneClusterImpl-86c498e6-12e9-4451-86e6-34dda6797130/datanode-1/data/ratis/78e1c383-dc85-41be-ba7f-8f023078ed01/current/log_inprogress_0
2019-10-07 12:27:00,556 [Thread-2427] INFO  impl.FollowerState (FollowerState.java:run(108)) - ecc1bd03-cc93-4b70-b2b6-f068c88737d7@group-5831966DC34F-FollowerState: change to CANDIDATE, lastRpcTime:5145ms, electionTimeout:5145ms
2019-10-07 12:27:00,556 [Thread-2427] INFO  impl.RoleInfo (RoleInfo.java:shutdownFollowerState(121)) - ecc1bd03-cc93-4b70-b2b6-f068c88737d7: shutdown FollowerState
2019-10-07 12:27:00,556 [Thread-2427] INFO  impl.RaftServerImpl (RaftServerImpl.java:setRole(170)) - ecc1bd03-cc93-4b70-b2b6-f068c88737d7@group-5831966DC34F: changes role from  FOLLOWER to CANDIDATE at term 0 for changeToCandidate
2019-10-07 12:27:00,557 [Thread-2427] INFO  impl.RoleInfo (RoleInfo.java:updateAndGet(143)) - ecc1bd03-cc93-4b70-b2b6-f068c88737d7: start LeaderElection
2019-10-07 12:27:00,561 [Thread-2430] INFO  impl.FollowerState (FollowerState.java:run(108)) - c2d3070a-95d8-49e9-bf2e-f835b8e471c4@group-68CE261B998A-FollowerState: change to CANDIDATE, lastRpcTime:5099ms, electionTimeout:5099ms
2019-10-07 12:27:00,561 [Thread-2430] INFO  impl.RoleInfo (RoleInfo.java:shutdownFollowerState(121)) - c2d3070a-95d8-49e9-bf2e-f835b8e471c4: shutdown FollowerState
2019-10-07 12:27:00,561 [Thread-2430] INFO  impl.RaftServerImpl (RaftServerImpl.java:setRole(170)) - c2d3070a-95d8-49e9-bf2e-f835b8e471c4@group-68CE261B998A: changes role from  FOLLOWER to CANDIDATE at term 0 for changeToCandidate
2019-10-07 12:27:00,561 [Thread-2430] INFO  impl.RoleInfo (RoleInfo.java:updateAndGet(143)) - c2d3070a-95d8-49e9-bf2e-f835b8e471c4: start LeaderElection
2019-10-07 12:27:00,572 [ecc1bd03-cc93-4b70-b2b6-f068c88737d7@group-5831966DC34F-LeaderElection95] INFO  impl.LeaderElection (LeaderElection.java:askForVotes(178)) - ecc1bd03-cc93-4b70-b2b6-f068c88737d7@group-5831966DC34F-LeaderElection95: begin an election at term 1 for -1: [ecc1bd03-cc93-4b70-b2b6-f068c88737d7:192.168.30.26:35223], old=null
2019-10-07 12:27:00,572 [c2d3070a-95d8-49e9-bf2e-f835b8e471c4@group-68CE261B998A-LeaderElection96] INFO  impl.LeaderElection (LeaderElection.java:askForVotes(178)) - c2d3070a-95d8-49e9-bf2e-f835b8e471c4@group-68CE261B998A-LeaderElection96: begin an election at term 1 for -1: [aa14afdf-76db-4a5e-8bf8-d986c3950086:192.168.30.26:46771, ecc1bd03-cc93-4b70-b2b6-f068c88737d7:192.168.30.26:35223, c2d3070a-95d8-49e9-bf2e-f835b8e471c4:192.168.30.26:33473], old=null
2019-10-07 12:27:00,573 [ecc1bd03-cc93-4b70-b2b6-f068c88737d7@group-5831966DC34F-LeaderElection95] INFO  impl.RoleInfo (RoleInfo.java:shutdownLeaderElection(134)) - ecc1bd03-cc93-4b70-b2b6-f068c88737d7: shutdown LeaderElection
2019-10-07 12:27:00,573 [ecc1bd03-cc93-4b70-b2b6-f068c88737d7@group-5831966DC34F-LeaderElection95] INFO  impl.RaftServerImpl (RaftServerImpl.java:setRole(170)) - ecc1bd03-cc93-4b70-b2b6-f068c88737d7@group-5831966DC34F: changes role from CANDIDATE to LEADER at term 1 for changeToLeader
2019-10-07 12:27:00,573 [ecc1bd03-cc93-4b70-b2b6-f068c88737d7@group-5831966DC34F-LeaderElection95] INFO  impl.RaftServerImpl (ServerState.java:setLeader(255)) - ecc1bd03-cc93-4b70-b2b6-f068c88737d7@group-5831966DC34F: change Leader from null to ecc1bd03-cc93-4b70-b2b6-f068c88737d7 at term 1 for becomeLeader, leader elected after 5166ms
2019-10-07 12:27:00,573 [ecc1bd03-cc93-4b70-b2b6-f068c88737d7@group-5831966DC34F-LeaderElection95] INFO  server.RaftServerConfigKeys (ConfUtils.java:logGet(43)) - raft.server.staging.catchup.gap = 1000 (default)
2019-10-07 12:27:00,573 [ecc1bd03-cc93-4b70-b2b6-f068c88737d7@group-5831966DC34F-LeaderElection95] INFO  server.RaftServerConfigKeys (ConfUtils.java:logGet(43)) - raft.server.rpc.sleep.time = 25ms (default)
2019-10-07 12:27:00,573 [ecc1bd03-cc93-4b70-b2b6-f068c88737d7@group-5831966DC34F-LeaderElection95] INFO  server.RaftServerConfigKeys (ConfUtils.java:logGet(43)) - raft.server.write.element-limit = 4096 (default)
2019-10-07 12:27:00,573 [ecc1bd03-cc93-4b70-b2b6-f068c88737d7@group-5831966DC34F-LeaderElection95] INFO  server.RaftServerConfigKeys (ConfUtils.java:logGet(43)) - raft.server.watch.timeout = 10s (default)
2019-10-07 12:27:00,574 [ecc1bd03-cc93-4b70-b2b6-f068c88737d7@group-5831966DC34F-LeaderElection95] INFO  server.RaftServerConfigKeys (ConfUtils.java:logGet(43)) - raft.server.watch.timeout.denomination = 1s (default)
2019-10-07 12:27:00,574 [ecc1bd03-cc93-4b70-b2b6-f068c88737d7@group-5831966DC34F-LeaderElection95] INFO  server.RaftServerConfigKeys (ConfUtils.java:logGet(43)) - raft.server.watch.element-limit = 65536 (default)
2019-10-07 12:27:00,575 [ecc1bd03-cc93-4b70-b2b6-f068c88737d7@group-5831966DC34F-LeaderElection95] INFO  impl.RoleInfo (RoleInfo.java:updateAndGet(143)) - ecc1bd03-cc93-4b70-b2b6-f068c88737d7: start LeaderState
2019-10-07 12:27:00,575 [ecc1bd03-cc93-4b70-b2b6-f068c88737d7@group-5831966DC34F-LeaderElection95] INFO  segmented.SegmentedRaftLogWorker (SegmentedRaftLogWorker.java:startLogSegment(385)) - ecc1bd03-cc93-4b70-b2b6-f068c88737d7@group-5831966DC34F-SegmentedRaftLogWorker: Starting segment from index:0
2019-10-07 12:27:00,576 [ecc1bd03-cc93-4b70-b2b6-f068c88737d7@group-5831966DC34F-LeaderElection95] INFO  impl.RaftServerImpl (ServerState.java:setRaftConf(356)) - ecc1bd03-cc93-4b70-b2b6-f068c88737d7@group-5831966DC34F: set configuration 0: [ecc1bd03-cc93-4b70-b2b6-f068c88737d7:192.168.30.26:35223], old=null at 0
2019-10-07 12:27:00,576 [grpc-default-executor-7] INFO  impl.RaftServerImpl (RaftServerImpl.java:setRole(170)) - aa14afdf-76db-4a5e-8bf8-d986c3950086@group-68CE261B998A: changes role from  FOLLOWER to FOLLOWER at term 1 for recognizeCandidate:c2d3070a-95d8-49e9-bf2e-f835b8e471c4
2019-10-07 12:27:00,576 [grpc-default-executor-3] INFO  impl.RaftServerImpl (RaftServerImpl.java:setRole(170)) - ecc1bd03-cc93-4b70-b2b6-f068c88737d7@group-68CE261B998A: changes role from  FOLLOWER to FOLLOWER at term 1 for recognizeCandidate:c2d3070a-95d8-49e9-bf2e-f835b8e471c4
2019-10-07 12:27:00,576 [grpc-default-executor-7] INFO  impl.RoleInfo (RoleInfo.java:shutdownFollowerState(121)) - aa14afdf-76db-4a5e-8bf8-d986c3950086: shutdown FollowerState
2019-10-07 12:27:00,577 [grpc-default-executor-3] INFO  impl.RoleInfo (RoleInfo.java:shutdownFollowerState(121)) - ecc1bd03-cc93-4b70-b2b6-f068c88737d7: shutdown FollowerState
2019-10-07 12:27:00,577 [Thread-2433] INFO  impl.FollowerState (FollowerState.java:run(117)) - aa14afdf-76db-4a5e-8bf8-d986c3950086@group-68CE261B998A-FollowerState was interrupted: java.lang.InterruptedException: sleep interrupted
2019-10-07 12:27:00,577 [grpc-default-executor-7] INFO  impl.RoleInfo (RoleInfo.java:updateAndGet(143)) - aa14afdf-76db-4a5e-8bf8-d986c3950086: start FollowerState
2019-10-07 12:27:00,577 [Thread-2435] INFO  impl.FollowerState (FollowerState.java:run(117)) - ecc1bd03-cc93-4b70-b2b6-f068c88737d7@group-68CE261B998A-FollowerState was interrupted: java.lang.InterruptedException: sleep interrupted
2019-10-07 12:27:00,577 [grpc-default-executor-3] INFO  impl.RoleInfo (RoleInfo.java:updateAndGet(143)) - ecc1bd03-cc93-4b70-b2b6-f068c88737d7: start FollowerState
2019-10-07 12:27:00,582 [c2d3070a-95d8-49e9-bf2e-f835b8e471c4@group-68CE261B998A-LeaderElection96] INFO  impl.LeaderElection (LeaderElection.java:logAndReturn(56)) - c2d3070a-95d8-49e9-bf2e-f835b8e471c4@group-68CE261B998A-LeaderElection96: Election PASSED; received 1 response(s) [c2d3070a-95d8-49e9-bf2e-f835b8e471c4<-aa14afdf-76db-4a5e-8bf8-d986c3950086#0:OK-t1] and 0 exception(s); c2d3070a-95d8-49e9-bf2e-f835b8e471c4@group-68CE261B998A:t1, leader=null, voted=c2d3070a-95d8-49e9-bf2e-f835b8e471c4, raftlog=c2d3070a-95d8-49e9-bf2e-f835b8e471c4@group-68CE261B998A-SegmentedRaftLog:OPENED:c-1,f-1,i0, conf=-1: [aa14afdf-76db-4a5e-8bf8-d986c3950086:192.168.30.26:46771, ecc1bd03-cc93-4b70-b2b6-f068c88737d7:192.168.30.26:35223, c2d3070a-95d8-49e9-bf2e-f835b8e471c4:192.168.30.26:33473], old=null
2019-10-07 12:27:00,582 [c2d3070a-95d8-49e9-bf2e-f835b8e471c4@group-68CE261B998A-LeaderElection96] INFO  impl.RoleInfo (RoleInfo.java:shutdownLeaderElection(134)) - c2d3070a-95d8-49e9-bf2e-f835b8e471c4: shutdown LeaderElection
2019-10-07 12:27:00,582 [c2d3070a-95d8-49e9-bf2e-f835b8e471c4@group-68CE261B998A-LeaderElection96] INFO  impl.RaftServerImpl (RaftServerImpl.java:setRole(170)) - c2d3070a-95d8-49e9-bf2e-f835b8e471c4@group-68CE261B998A: changes role from CANDIDATE to LEADER at term 1 for changeToLeader
2019-10-07 12:27:00,583 [c2d3070a-95d8-49e9-bf2e-f835b8e471c4@group-68CE261B998A-LeaderElection96] INFO  impl.RaftServerImpl (ServerState.java:setLeader(255)) - c2d3070a-95d8-49e9-bf2e-f835b8e471c4@group-68CE261B998A: change Leader from null to c2d3070a-95d8-49e9-bf2e-f835b8e471c4 at term 1 for becomeLeader, leader elected after 5127ms
2019-10-07 12:27:00,583 [c2d3070a-95d8-49e9-bf2e-f835b8e471c4@group-68CE261B998A-LeaderElection96] INFO  server.RaftServerConfigKeys (ConfUtils.java:logGet(43)) - raft.server.staging.catchup.gap = 1000 (default)
2019-10-07 12:27:00,583 [c2d3070a-95d8-49e9-bf2e-f835b8e471c4@group-68CE261B998A-LeaderElection96] INFO  server.RaftServerConfigKeys (ConfUtils.java:logGet(43)) - raft.server.rpc.sleep.time = 25ms (default)
2019-10-07 12:27:00,583 [c2d3070a-95d8-49e9-bf2e-f835b8e471c4@group-68CE261B998A-LeaderElection96] INFO  server.RaftServerConfigKeys (ConfUtils.java:logGet(43)) - raft.server.write.element-limit = 4096 (default)
2019-10-07 12:27:00,583 [c2d3070a-95d8-49e9-bf2e-f835b8e471c4@group-68CE261B998A-LeaderElection96] INFO  server.RaftServerConfigKeys (ConfUtils.java:logGet(43)) - raft.server.watch.timeout = 10s (default)
2019-10-07 12:27:00,583 [c2d3070a-95d8-49e9-bf2e-f835b8e471c4@group-68CE261B998A-LeaderElection96] INFO  server.RaftServerConfigKeys (ConfUtils.java:logGet(43)) - raft.server.watch.timeout.denomination = 1s (default)
2019-10-07 12:27:00,583 [c2d3070a-95d8-49e9-bf2e-f835b8e471c4@group-68CE261B998A-LeaderElection96] INFO  server.RaftServerConfigKeys (ConfUtils.java:logGet(43)) - raft.server.watch.element-limit = 65536 (default)
2019-10-07 12:27:00,585 [c2d3070a-95d8-49e9-bf2e-f835b8e471c4@group-68CE261B998A-LeaderElection96] INFO  server.RaftServerConfigKeys (ConfUtils.java:logGet(43)) - raft.server.log.appender.snapshot.chunk.size.max = 16MB (=16777216) (default)
2019-10-07 12:27:00,585 [c2d3070a-95d8-49e9-bf2e-f835b8e471c4@group-68CE261B998A-LeaderElection96] INFO  server.RaftServerConfigKeys (ConfUtils.java:logGet(43)) - raft.server.log.appender.buffer.byte-limit = 33554432 (custom)
2019-10-07 12:27:00,585 [c2d3070a-95d8-49e9-bf2e-f835b8e471c4@group-68CE261B998A-LeaderElection96] INFO  server.RaftServerConfigKeys (ConfUtils.java:logGet(43)) - raft.server.log.appender.buffer.element-limit = 1 (custom)
2019-10-07 12:27:00,585 [c2d3070a-95d8-49e9-bf2e-f835b8e471c4@group-68CE261B998A-LeaderElection96] INFO  grpc.GrpcConfigKeys$Server (ConfUtils.java:logGet(43)) - raft.grpc.server.leader.outstanding.appends.max = 128 (default)
2019-10-07 12:27:00,585 [c2d3070a-95d8-49e9-bf2e-f835b8e471c4@group-68CE261B998A-LeaderElection96] INFO  server.RaftServerConfigKeys (ConfUtils.java:logGet(43)) - raft.server.rpc.request.timeout = 3000ms (default)
2019-10-07 12:27:00,585 [c2d3070a-95d8-49e9-bf2e-f835b8e471c4@group-68CE261B998A-LeaderElection96] INFO  server.RaftServerConfigKeys (ConfUtils.java:logGet(43)) - raft.server.log.appender.install.snapshot.enabled = false (custom)
2019-10-07 12:27:00,586 [c2d3070a-95d8-49e9-bf2e-f835b8e471c4@group-68CE261B998A-LeaderElection96] INFO  server.RaftServerConfigKeys (ConfUtils.java:logGet(43)) - raft.server.log.appender.snapshot.chunk.size.max = 16MB (=16777216) (default)
2019-10-07 12:27:00,586 [c2d3070a-95d8-49e9-bf2e-f835b8e471c4@group-68CE261B998A-LeaderElection96] INFO  server.RaftServerConfigKeys (ConfUtils.java:logGet(43)) - raft.server.log.appender.buffer.byte-limit = 33554432 (custom)
2019-10-07 12:27:00,586 [c2d3070a-95d8-49e9-bf2e-f835b8e471c4@group-68CE261B998A-LeaderElection96] INFO  server.RaftServerConfigKeys (ConfUtils.java:logGet(43)) - raft.server.log.appender.buffer.element-limit = 1 (custom)
2019-10-07 12:27:00,586 [c2d3070a-95d8-49e9-bf2e-f835b8e471c4@group-68CE261B998A-LeaderElection96] INFO  grpc.GrpcConfigKeys$Server (ConfUtils.java:logGet(43)) - raft.grpc.server.leader.outstanding.appends.max = 128 (default)
2019-10-07 12:27:00,586 [c2d3070a-95d8-49e9-bf2e-f835b8e471c4@group-68CE261B998A-LeaderElection96] INFO  server.RaftServerConfigKeys (ConfUtils.java:logGet(43)) - raft.server.rpc.request.timeout = 3000ms (default)
2019-10-07 12:27:00,586 [c2d3070a-95d8-49e9-bf2e-f835b8e471c4@group-68CE261B998A-LeaderElection96] INFO  server.RaftServerConfigKeys (ConfUtils.java:logGet(43)) - raft.server.log.appender.install.snapshot.enabled = false (custom)
2019-10-07 12:27:00,586 [c2d3070a-95d8-49e9-bf2e-f835b8e471c4@group-68CE261B998A-LeaderElection96] INFO  impl.RoleInfo (RoleInfo.java:updateAndGet(143)) - c2d3070a-95d8-49e9-bf2e-f835b8e471c4: start LeaderState
2019-10-07 12:27:00,587 [c2d3070a-95d8-49e9-bf2e-f835b8e471c4@group-68CE261B998A-LeaderElection96] INFO  segmented.SegmentedRaftLogWorker (SegmentedRaftLogWorker.java:startLogSegment(385)) - c2d3070a-95d8-49e9-bf2e-f835b8e471c4@group-68CE261B998A-SegmentedRaftLogWorker: Starting segment from index:0
2019-10-07 12:27:00,587 [c2d3070a-95d8-49e9-bf2e-f835b8e471c4@group-68CE261B998A-LeaderElection96] INFO  impl.RaftServerImpl (ServerState.java:setRaftConf(356)) - c2d3070a-95d8-49e9-bf2e-f835b8e471c4@group-68CE261B998A: set configuration 0: [aa14afdf-76db-4a5e-8bf8-d986c3950086:192.168.30.26:46771, ecc1bd03-cc93-4b70-b2b6-f068c88737d7:192.168.30.26:35223, c2d3070a-95d8-49e9-bf2e-f835b8e471c4:192.168.30.26:33473], old=null at 0
2019-10-07 12:27:00,588 [grpc-default-executor-3] INFO  impl.RaftServerImpl (ServerState.java:setLeader(255)) - ecc1bd03-cc93-4b70-b2b6-f068c88737d7@group-68CE261B998A: change Leader from null to c2d3070a-95d8-49e9-bf2e-f835b8e471c4 at term 1 for appendEntries, leader elected after 5133ms
2019-10-07 12:27:00,588 [grpc-default-executor-7] INFO  impl.RaftServerImpl (ServerState.java:setLeader(255)) - aa14afdf-76db-4a5e-8bf8-d986c3950086@group-68CE261B998A: change Leader from null to c2d3070a-95d8-49e9-bf2e-f835b8e471c4 at term 1 for appendEntries, leader elected after 5132ms
2019-10-07 12:27:00,618 [grpc-default-executor-3] INFO  impl.RaftServerImpl (ServerState.java:setRaftConf(356)) - ecc1bd03-cc93-4b70-b2b6-f068c88737d7@group-68CE261B998A: set configuration 0: [aa14afdf-76db-4a5e-8bf8-d986c3950086:192.168.30.26:46771, ecc1bd03-cc93-4b70-b2b6-f068c88737d7:192.168.30.26:35223, c2d3070a-95d8-49e9-bf2e-f835b8e471c4:192.168.30.26:33473], old=null at 0
2019-10-07 12:27:00,618 [grpc-default-executor-7] INFO  impl.RaftServerImpl (ServerState.java:setRaftConf(356)) - aa14afdf-76db-4a5e-8bf8-d986c3950086@group-68CE261B998A: set configuration 0: [aa14afdf-76db-4a5e-8bf8-d986c3950086:192.168.30.26:46771, ecc1bd03-cc93-4b70-b2b6-f068c88737d7:192.168.30.26:35223, c2d3070a-95d8-49e9-bf2e-f835b8e471c4:192.168.30.26:33473], old=null at 0
2019-10-07 12:27:00,618 [grpc-default-executor-3] INFO  segmented.SegmentedRaftLogWorker (SegmentedRaftLogWorker.java:startLogSegment(385)) - ecc1bd03-cc93-4b70-b2b6-f068c88737d7@group-68CE261B998A-SegmentedRaftLogWorker: Starting segment from index:0
2019-10-07 12:27:00,618 [grpc-default-executor-7] INFO  segmented.SegmentedRaftLogWorker (SegmentedRaftLogWorker.java:startLogSegment(385)) - aa14afdf-76db-4a5e-8bf8-d986c3950086@group-68CE261B998A-SegmentedRaftLogWorker: Starting segment from index:0
2019-10-07 12:27:00,627 [c2d3070a-95d8-49e9-bf2e-f835b8e471c4@group-68CE261B998A-SegmentedRaftLogWorker] INFO  segmented.SegmentedRaftLogWorker (SegmentedRaftLogWorker.java:execute(574)) - c2d3070a-95d8-49e9-bf2e-f835b8e471c4@group-68CE261B998A-SegmentedRaftLogWorker: created new log segment /workdir/hadoop-ozone/integration-test/target/test-dir/MiniOzoneClusterImpl-86c498e6-12e9-4451-86e6-34dda6797130/datanode-1/data/ratis/2c35ca80-857e-4799-9ea8-68ce261b998a/current/log_inprogress_0
2019-10-07 12:27:00,627 [ecc1bd03-cc93-4b70-b2b6-f068c88737d7@group-5831966DC34F-SegmentedRaftLogWorker] INFO  segmented.SegmentedRaftLogWorker (SegmentedRaftLogWorker.java:execute(574)) - ecc1bd03-cc93-4b70-b2b6-f068c88737d7@group-5831966DC34F-SegmentedRaftLogWorker: created new log segment /workdir/hadoop-ozone/integration-test/target/test-dir/MiniOzoneClusterImpl-86c498e6-12e9-4451-86e6-34dda6797130/datanode-2/data/ratis/b59365a2-1c68-45d3-b08e-5831966dc34f/current/log_inprogress_0
2019-10-07 12:27:00,630 [Thread-2442] INFO  impl.FollowerState (FollowerState.java:run(108)) - b769eb0e-7454-47be-a9f9-2b6008ceec91@group-6C0FFB050062-FollowerState: change to CANDIDATE, lastRpcTime:5048ms, electionTimeout:5048ms
2019-10-07 12:27:00,630 [Thread-2442] INFO  impl.RoleInfo (RoleInfo.java:shutdownFollowerState(121)) - b769eb0e-7454-47be-a9f9-2b6008ceec91: shutdown FollowerState
2019-10-07 12:27:00,630 [Thread-2442] INFO  impl.RaftServerImpl (RaftServerImpl.java:setRole(170)) - b769eb0e-7454-47be-a9f9-2b6008ceec91@group-6C0FFB050062: changes role from  FOLLOWER to CANDIDATE at term 0 for changeToCandidate
2019-10-07 12:27:00,630 [Thread-2442] INFO  impl.RoleInfo (RoleInfo.java:updateAndGet(143)) - b769eb0e-7454-47be-a9f9-2b6008ceec91: start LeaderElection
2019-10-07 12:27:00,661 [aa14afdf-76db-4a5e-8bf8-d986c3950086@group-68CE261B998A-SegmentedRaftLogWorker] INFO  segmented.SegmentedRaftLogWorker (SegmentedRaftLogWorker.java:execute(574)) - aa14afdf-76db-4a5e-8bf8-d986c3950086@group-68CE261B998A-SegmentedRaftLogWorker: created new log segment /workdir/hadoop-ozone/integration-test/target/test-dir/MiniOzoneClusterImpl-86c498e6-12e9-4451-86e6-34dda6797130/datanode-0/data/ratis/2c35ca80-857e-4799-9ea8-68ce261b998a/current/log_inprogress_0
2019-10-07 12:27:00,661 [ecc1bd03-cc93-4b70-b2b6-f068c88737d7@group-68CE261B998A-SegmentedRaftLogWorker] INFO  segmented.SegmentedRaftLogWorker (SegmentedRaftLogWorker.java:execute(574)) - ecc1bd03-cc93-4b70-b2b6-f068c88737d7@group-68CE261B998A-SegmentedRaftLogWorker: created new log segment /workdir/hadoop-ozone/integration-test/target/test-dir/MiniOzoneClusterImpl-86c498e6-12e9-4451-86e6-34dda6797130/datanode-2/data/ratis/2c35ca80-857e-4799-9ea8-68ce261b998a/current/log_inprogress_0
2019-10-07 12:27:00,661 [b769eb0e-7454-47be-a9f9-2b6008ceec91@group-6C0FFB050062-LeaderElection97] INFO  impl.LeaderElection (LeaderElection.java:askForVotes(178)) - b769eb0e-7454-47be-a9f9-2b6008ceec91@group-6C0FFB050062-LeaderElection97: begin an election at term 1 for -1: [b769eb0e-7454-47be-a9f9-2b6008ceec91:192.168.30.26:36146], old=null
2019-10-07 12:27:00,661 [b769eb0e-7454-47be-a9f9-2b6008ceec91@group-6C0FFB050062-LeaderElection97] INFO  impl.RoleInfo (RoleInfo.java:shutdownLeaderElection(134)) - b769eb0e-7454-47be-a9f9-2b6008ceec91: shutdown LeaderElection
2019-10-07 12:27:00,661 [b769eb0e-7454-47be-a9f9-2b6008ceec91@group-6C0FFB050062-LeaderElection97] INFO  impl.RaftServerImpl (RaftServerImpl.java:setRole(170)) - b769eb0e-7454-47be-a9f9-2b6008ceec91@group-6C0FFB050062: changes role from CANDIDATE to LEADER at term 1 for changeToLeader
2019-10-07 12:27:00,661 [b769eb0e-7454-47be-a9f9-2b6008ceec91@group-6C0FFB050062-LeaderElection97] INFO  impl.RaftServerImpl (ServerState.java:setLeader(255)) - b769eb0e-7454-47be-a9f9-2b6008ceec91@group-6C0FFB050062: change Leader from null to b769eb0e-7454-47be-a9f9-2b6008ceec91 at term 1 for becomeLeader, leader elected after 5084ms
2019-10-07 12:27:00,661 [b769eb0e-7454-47be-a9f9-2b6008ceec91@group-6C0FFB050062-LeaderElection97] INFO  server.RaftServerConfigKeys (ConfUtils.java:logGet(43)) - raft.server.staging.catchup.gap = 1000 (default)
2019-10-07 12:27:00,662 [b769eb0e-7454-47be-a9f9-2b6008ceec91@group-6C0FFB050062-LeaderElection97] INFO  server.RaftServerConfigKeys (ConfUtils.java:logGet(43)) - raft.server.rpc.sleep.time = 25ms (default)
2019-10-07 12:27:00,662 [b769eb0e-7454-47be-a9f9-2b6008ceec91@group-6C0FFB050062-LeaderElection97] INFO  server.RaftServerConfigKeys (ConfUtils.java:logGet(43)) - raft.server.write.element-limit = 4096 (default)
2019-10-07 12:27:00,662 [b769eb0e-7454-47be-a9f9-2b6008ceec91@group-6C0FFB050062-LeaderElection97] INFO  server.RaftServerConfigKeys (ConfUtils.java:logGet(43)) - raft.server.watch.timeout = 10s (default)
2019-10-07 12:27:00,662 [b769eb0e-7454-47be-a9f9-2b6008ceec91@group-6C0FFB050062-LeaderElection97] INFO  server.RaftServerConfigKeys (ConfUtils.java:logGet(43)) - raft.server.watch.timeout.denomination = 1s (default)
2019-10-07 12:27:00,662 [b769eb0e-7454-47be-a9f9-2b6008ceec91@group-6C0FFB050062-LeaderElection97] INFO  server.RaftServerConfigKeys (ConfUtils.java:logGet(43)) - raft.server.watch.element-limit = 65536 (default)
2019-10-07 12:27:00,664 [b769eb0e-7454-47be-a9f9-2b6008ceec91@group-6C0FFB050062-LeaderElection97] INFO  impl.RoleInfo (RoleInfo.java:updateAndGet(143)) - b769eb0e-7454-47be-a9f9-2b6008ceec91: start LeaderState
2019-10-07 12:27:00,664 [b769eb0e-7454-47be-a9f9-2b6008ceec91@group-6C0FFB050062-LeaderElection97] INFO  segmented.SegmentedRaftLogWorker (SegmentedRaftLogWorker.java:startLogSegment(385)) - b769eb0e-7454-47be-a9f9-2b6008ceec91@group-6C0FFB050062-SegmentedRaftLogWorker: Starting segment from index:0
2019-10-07 12:27:00,665 [b769eb0e-7454-47be-a9f9-2b6008ceec91@group-6C0FFB050062-LeaderElection97] INFO  impl.RaftServerImpl (ServerState.java:setRaftConf(356)) - b769eb0e-7454-47be-a9f9-2b6008ceec91@group-6C0FFB050062: set configuration 0: [b769eb0e-7454-47be-a9f9-2b6008ceec91:192.168.30.26:36146], old=null at 0
2019-10-07 12:27:00,700 [b769eb0e-7454-47be-a9f9-2b6008ceec91@group-6C0FFB050062-SegmentedRaftLogWorker] INFO  segmented.SegmentedRaftLogWorker (SegmentedRaftLogWorker.java:execute(574)) - b769eb0e-7454-47be-a9f9-2b6008ceec91@group-6C0FFB050062-SegmentedRaftLogWorker: created new log segment /workdir/hadoop-ozone/integration-test/target/test-dir/MiniOzoneClusterImpl-86c498e6-12e9-4451-86e6-34dda6797130/datanode-4/data/ratis/18dc822c-2f16-42cf-8073-6c0ffb050062/current/log_inprogress_0
2019-10-07 12:27:00,722 [Thread-2439] INFO  impl.FollowerState (FollowerState.java:run(108)) - aa8b7966-c8e9-4cbb-bb4b-5650954eb5b8@group-4E385413F319-FollowerState: change to CANDIDATE, lastRpcTime:5183ms, electionTimeout:5183ms
2019-10-07 12:27:00,723 [Thread-2439] INFO  impl.RoleInfo (RoleInfo.java:shutdownFollowerState(121)) - aa8b7966-c8e9-4cbb-bb4b-5650954eb5b8: shutdown FollowerState
2019-10-07 12:27:00,723 [Thread-2439] INFO  impl.RaftServerImpl (RaftServerImpl.java:setRole(170)) - aa8b7966-c8e9-4cbb-bb4b-5650954eb5b8@group-4E385413F319: changes role from  FOLLOWER to CANDIDATE at term 0 for changeToCandidate
2019-10-07 12:27:00,723 [Thread-2439] INFO  impl.RoleInfo (RoleInfo.java:updateAndGet(143)) - aa8b7966-c8e9-4cbb-bb4b-5650954eb5b8: start LeaderElection
2019-10-07 12:27:00,740 [aa8b7966-c8e9-4cbb-bb4b-5650954eb5b8@group-4E385413F319-LeaderElection98] INFO  impl.LeaderElection (LeaderElection.java:askForVotes(178)) - aa8b7966-c8e9-4cbb-bb4b-5650954eb5b8@group-4E385413F319-LeaderElection98: begin an election at term 1 for -1: [aa8b7966-c8e9-4cbb-bb4b-5650954eb5b8:192.168.30.26:46353], old=null
2019-10-07 12:27:00,740 [aa8b7966-c8e9-4cbb-bb4b-5650954eb5b8@group-4E385413F319-LeaderElection98] INFO  impl.RoleInfo (RoleInfo.java:shutdownLeaderElection(134)) - aa8b7966-c8e9-4cbb-bb4b-5650954eb5b8: shutdown LeaderElection
2019-10-07 12:27:00,740 [aa8b7966-c8e9-4cbb-bb4b-5650954eb5b8@group-4E385413F319-LeaderElection98] INFO  impl.RaftServerImpl (RaftServerImpl.java:setRole(170)) - aa8b7966-c8e9-4cbb-bb4b-5650954eb5b8@group-4E385413F319: changes role from CANDIDATE to LEADER at term 1 for changeToLeader
2019-10-07 12:27:00,740 [aa8b7966-c8e9-4cbb-bb4b-5650954eb5b8@group-4E385413F319-LeaderElection98] INFO  impl.RaftServerImpl (ServerState.java:setLeader(255)) - aa8b7966-c8e9-4cbb-bb4b-5650954eb5b8@group-4E385413F319: change Leader from null to aa8b7966-c8e9-4cbb-bb4b-5650954eb5b8 at term 1 for becomeLeader, leader elected after 5207ms
2019-10-07 12:27:00,740 [aa8b7966-c8e9-4cbb-bb4b-5650954eb5b8@group-4E385413F319-LeaderElection98] INFO  server.RaftServerConfigKeys (ConfUtils.java:logGet(43)) - raft.server.staging.catchup.gap = 1000 (default)
2019-10-07 12:27:00,740 [aa8b7966-c8e9-4cbb-bb4b-5650954eb5b8@group-4E385413F319-LeaderElection98] INFO  server.RaftServerConfigKeys (ConfUtils.java:logGet(43)) - raft.server.rpc.sleep.time = 25ms (default)
2019-10-07 12:27:00,741 [aa8b7966-c8e9-4cbb-bb4b-5650954eb5b8@group-4E385413F319-LeaderElection98] INFO  server.RaftServerConfigKeys (ConfUtils.java:logGet(43)) - raft.server.write.element-limit = 4096 (default)
2019-10-07 12:27:00,741 [aa8b7966-c8e9-4cbb-bb4b-5650954eb5b8@group-4E385413F319-LeaderElection98] INFO  server.RaftServerConfigKeys (ConfUtils.java:logGet(43)) - raft.server.watch.timeout = 10s (default)
2019-10-07 12:27:00,741 [aa8b7966-c8e9-4cbb-bb4b-5650954eb5b8@group-4E385413F319-LeaderElection98] INFO  server.RaftServerConfigKeys (ConfUtils.java:logGet(43)) - raft.server.watch.timeout.denomination = 1s (default)
2019-10-07 12:27:00,741 [aa8b7966-c8e9-4cbb-bb4b-5650954eb5b8@group-4E385413F319-LeaderElection98] INFO  server.RaftServerConfigKeys (ConfUtils.java:logGet(43)) - raft.server.watch.element-limit = 65536 (default)
2019-10-07 12:27:00,742 [aa8b7966-c8e9-4cbb-bb4b-5650954eb5b8@group-4E385413F319-LeaderElection98] INFO  impl.RoleInfo (RoleInfo.java:updateAndGet(143)) - aa8b7966-c8e9-4cbb-bb4b-5650954eb5b8: start LeaderState
2019-10-07 12:27:00,743 [aa8b7966-c8e9-4cbb-bb4b-5650954eb5b8@group-4E385413F319-LeaderElection98] INFO  segmented.SegmentedRaftLogWorker (SegmentedRaftLogWorker.java:startLogSegment(385)) - aa8b7966-c8e9-4cbb-bb4b-5650954eb5b8@group-4E385413F319-SegmentedRaftLogWorker: Starting segment from index:0
2019-10-07 12:27:00,743 [aa8b7966-c8e9-4cbb-bb4b-5650954eb5b8@group-4E385413F319-LeaderElection98] INFO  impl.RaftServerImpl (ServerState.java:setRaftConf(356)) - aa8b7966-c8e9-4cbb-bb4b-5650954eb5b8@group-4E385413F319: set configuration 0: [aa8b7966-c8e9-4cbb-bb4b-5650954eb5b8:192.168.30.26:46353], old=null at 0
2019-10-07 12:27:00,770 [Thread-2445] INFO  impl.FollowerState (FollowerState.java:run(108)) - 4006f311-924b-41b7-8b2d-6a306cebb526@group-C1767DCA003F-FollowerState: change to CANDIDATE, lastRpcTime:5147ms, electionTimeout:5147ms
2019-10-07 12:27:00,770 [Thread-2445] INFO  impl.RoleInfo (RoleInfo.java:shutdownFollowerState(121)) - 4006f311-924b-41b7-8b2d-6a306cebb526: shutdown FollowerState
2019-10-07 12:27:00,770 [Thread-2445] INFO  impl.RaftServerImpl (RaftServerImpl.java:setRole(170)) - 4006f311-924b-41b7-8b2d-6a306cebb526@group-C1767DCA003F: changes role from  FOLLOWER to CANDIDATE at term 0 for changeToCandidate
2019-10-07 12:27:00,770 [Thread-2445] INFO  impl.RoleInfo (RoleInfo.java:updateAndGet(143)) - 4006f311-924b-41b7-8b2d-6a306cebb526: start LeaderElection
2019-10-07 12:27:00,782 [aa8b7966-c8e9-4cbb-bb4b-5650954eb5b8@group-4E385413F319-SegmentedRaftLogWorker] INFO  segmented.SegmentedRaftLogWorker (SegmentedRaftLogWorker.java:execute(574)) - aa8b7966-c8e9-4cbb-bb4b-5650954eb5b8@group-4E385413F319-SegmentedRaftLogWorker: created new log segment /workdir/hadoop-ozone/integration-test/target/test-dir/MiniOzoneClusterImpl-86c498e6-12e9-4451-86e6-34dda6797130/datanode-3/data/ratis/b28de95a-4af9-4ee7-a432-4e385413f319/current/log_inprogress_0
2019-10-07 12:27:00,782 [4006f311-924b-41b7-8b2d-6a306cebb526@group-C1767DCA003F-LeaderElection99] INFO  impl.LeaderElection (LeaderElection.java:askForVotes(178)) - 4006f311-924b-41b7-8b2d-6a306cebb526@group-C1767DCA003F-LeaderElection99: begin an election at term 1 for -1: [4006f311-924b-41b7-8b2d-6a306cebb526:192.168.30.26:38143], old=null
2019-10-07 12:27:00,782 [4006f311-924b-41b7-8b2d-6a306cebb526@group-C1767DCA003F-LeaderElection99] INFO  impl.RoleInfo (RoleInfo.java:shutdownLeaderElection(134)) - 4006f311-924b-41b7-8b2d-6a306cebb526: shutdown LeaderElection
2019-10-07 12:27:00,782 [4006f311-924b-41b7-8b2d-6a306cebb526@group-C1767DCA003F-LeaderElection99] INFO  impl.RaftServerImpl (RaftServerImpl.java:setRole(170)) - 4006f311-924b-41b7-8b2d-6a306cebb526@group-C1767DCA003F: changes role from CANDIDATE to LEADER at term 1 for changeToLeader
2019-10-07 12:27:00,782 [4006f311-924b-41b7-8b2d-6a306cebb526@group-C1767DCA003F-LeaderElection99] INFO  impl.RaftServerImpl (ServerState.java:setLeader(255)) - 4006f311-924b-41b7-8b2d-6a306cebb526@group-C1767DCA003F: change Leader from null to 4006f311-924b-41b7-8b2d-6a306cebb526 at term 1 for becomeLeader, leader elected after 5164ms
2019-10-07 12:27:00,782 [4006f311-924b-41b7-8b2d-6a306cebb526@group-C1767DCA003F-LeaderElection99] INFO  server.RaftServerConfigKeys (ConfUtils.java:logGet(43)) - raft.server.staging.catchup.gap = 1000 (default)
2019-10-07 12:27:00,783 [4006f311-924b-41b7-8b2d-6a306cebb526@group-C1767DCA003F-LeaderElection99] INFO  server.RaftServerConfigKeys (ConfUtils.java:logGet(43)) - raft.server.rpc.sleep.time = 25ms (default)
2019-10-07 12:27:00,783 [4006f311-924b-41b7-8b2d-6a306cebb526@group-C1767DCA003F-LeaderElection99] INFO  server.RaftServerConfigKeys (ConfUtils.java:logGet(43)) - raft.server.write.element-limit = 4096 (default)
2019-10-07 12:27:00,783 [4006f311-924b-41b7-8b2d-6a306cebb526@group-C1767DCA003F-LeaderElection99] INFO  server.RaftServerConfigKeys (ConfUtils.java:logGet(43)) - raft.server.watch.timeout = 10s (default)
2019-10-07 12:27:00,783 [4006f311-924b-41b7-8b2d-6a306cebb526@group-C1767DCA003F-LeaderElection99] INFO  server.RaftServerConfigKeys (ConfUtils.java:logGet(43)) - raft.server.watch.timeout.denomination = 1s (default)
2019-10-07 12:27:00,783 [4006f311-924b-41b7-8b2d-6a306cebb526@group-C1767DCA003F-LeaderElection99] INFO  server.RaftServerConfigKeys (ConfUtils.java:logGet(43)) - raft.server.watch.element-limit = 65536 (default)
2019-10-07 12:27:00,784 [4006f311-924b-41b7-8b2d-6a306cebb526@group-C1767DCA003F-LeaderElection99] INFO  impl.RoleInfo (RoleInfo.java:updateAndGet(143)) - 4006f311-924b-41b7-8b2d-6a306cebb526: start LeaderState
2019-10-07 12:27:00,785 [4006f311-924b-41b7-8b2d-6a306cebb526@group-C1767DCA003F-LeaderElection99] INFO  segmented.SegmentedRaftLogWorker (SegmentedRaftLogWorker.java:startLogSegment(385)) - 4006f311-924b-41b7-8b2d-6a306cebb526@group-C1767DCA003F-SegmentedRaftLogWorker: Starting segment from index:0
2019-10-07 12:27:00,785 [4006f311-924b-41b7-8b2d-6a306cebb526@group-C1767DCA003F-LeaderElection99] INFO  impl.RaftServerImpl (ServerState.java:setRaftConf(356)) - 4006f311-924b-41b7-8b2d-6a306cebb526@group-C1767DCA003F: set configuration 0: [4006f311-924b-41b7-8b2d-6a306cebb526:192.168.30.26:38143], old=null at 0
2019-10-07 12:27:00,804 [Thread-2448] INFO  impl.FollowerState (FollowerState.java:run(108)) - 4006f311-924b-41b7-8b2d-6a306cebb526@group-441AD3FF729C-FollowerState: change to CANDIDATE, lastRpcTime:5130ms, electionTimeout:5130ms
2019-10-07 12:27:00,804 [Thread-2448] INFO  impl.RoleInfo (RoleInfo.java:shutdownFollowerState(121)) - 4006f311-924b-41b7-8b2d-6a306cebb526: shutdown FollowerState
2019-10-07 12:27:00,804 [Thread-2448] INFO  impl.RaftServerImpl (RaftServerImpl.java:setRole(170)) - 4006f311-924b-41b7-8b2d-6a306cebb526@group-441AD3FF729C: changes role from  FOLLOWER to CANDIDATE at term 0 for changeToCandidate
2019-10-07 12:27:00,804 [Thread-2448] INFO  impl.RoleInfo (RoleInfo.java:updateAndGet(143)) - 4006f311-924b-41b7-8b2d-6a306cebb526: start LeaderElection
2019-10-07 12:27:00,815 [Thread-2451] INFO  impl.FollowerState (FollowerState.java:run(108)) - aa8b7966-c8e9-4cbb-bb4b-5650954eb5b8@group-441AD3FF729C-FollowerState: change to CANDIDATE, lastRpcTime:5139ms, electionTimeout:5138ms
2019-10-07 12:27:00,815 [Thread-2451] INFO  impl.RoleInfo (RoleInfo.java:shutdownFollowerState(121)) - aa8b7966-c8e9-4cbb-bb4b-5650954eb5b8: shutdown FollowerState
2019-10-07 12:27:00,815 [Thread-2451] INFO  impl.RaftServerImpl (RaftServerImpl.java:setRole(170)) - aa8b7966-c8e9-4cbb-bb4b-5650954eb5b8@group-441AD3FF729C: changes role from  FOLLOWER to CANDIDATE at term 0 for changeToCandidate
2019-10-07 12:27:00,815 [Thread-2451] INFO  impl.RoleInfo (RoleInfo.java:updateAndGet(143)) - aa8b7966-c8e9-4cbb-bb4b-5650954eb5b8: start LeaderElection
2019-10-07 12:27:00,833 [aa8b7966-c8e9-4cbb-bb4b-5650954eb5b8@group-441AD3FF729C-LeaderElection101] INFO  impl.LeaderElection (LeaderElection.java:askForVotes(178)) - aa8b7966-c8e9-4cbb-bb4b-5650954eb5b8@group-441AD3FF729C-LeaderElection101: begin an election at term 1 for -1: [4006f311-924b-41b7-8b2d-6a306cebb526:192.168.30.26:38143, aa8b7966-c8e9-4cbb-bb4b-5650954eb5b8:192.168.30.26:46353, b769eb0e-7454-47be-a9f9-2b6008ceec91:192.168.30.26:36146], old=null
2019-10-07 12:27:00,836 [4006f311-924b-41b7-8b2d-6a306cebb526@group-441AD3FF729C-LeaderElection100] INFO  impl.LeaderElection (LeaderElection.java:askForVotes(178)) - 4006f311-924b-41b7-8b2d-6a306cebb526@group-441AD3FF729C-LeaderElection100: begin an election at term 1 for -1: [4006f311-924b-41b7-8b2d-6a306cebb526:192.168.30.26:38143, aa8b7966-c8e9-4cbb-bb4b-5650954eb5b8:192.168.30.26:46353, b769eb0e-7454-47be-a9f9-2b6008ceec91:192.168.30.26:36146], old=null
2019-10-07 12:27:00,846 [4006f311-924b-41b7-8b2d-6a306cebb526@group-C1767DCA003F-SegmentedRaftLogWorker] INFO  segmented.SegmentedRaftLogWorker (SegmentedRaftLogWorker.java:execute(574)) - 4006f311-924b-41b7-8b2d-6a306cebb526@group-C1767DCA003F-SegmentedRaftLogWorker: created new log segment /workdir/hadoop-ozone/integration-test/target/test-dir/MiniOzoneClusterImpl-86c498e6-12e9-4451-86e6-34dda6797130/datanode-5/data/ratis/7d17ffe9-d64b-4f91-b128-c1767dca003f/current/log_inprogress_0
2019-10-07 12:27:00,852 [grpc-default-executor-5] INFO  impl.RaftServerImpl (RaftServerImpl.java:setRole(170)) - b769eb0e-7454-47be-a9f9-2b6008ceec91@group-441AD3FF729C: changes role from  FOLLOWER to FOLLOWER at term 1 for recognizeCandidate:aa8b7966-c8e9-4cbb-bb4b-5650954eb5b8
2019-10-07 12:27:00,852 [grpc-default-executor-5] INFO  impl.RoleInfo (RoleInfo.java:shutdownFollowerState(121)) - b769eb0e-7454-47be-a9f9-2b6008ceec91: shutdown FollowerState
2019-10-07 12:27:00,852 [grpc-default-executor-5] INFO  impl.RoleInfo (RoleInfo.java:updateAndGet(143)) - b769eb0e-7454-47be-a9f9-2b6008ceec91: start FollowerState
2019-10-07 12:27:00,852 [Thread-2453] INFO  impl.FollowerState (FollowerState.java:run(117)) - b769eb0e-7454-47be-a9f9-2b6008ceec91@group-441AD3FF729C-FollowerState was interrupted: java.lang.InterruptedException: sleep interrupted
2019-10-07 12:27:00,865 [aa8b7966-c8e9-4cbb-bb4b-5650954eb5b8@group-441AD3FF729C-LeaderElection101] INFO  impl.LeaderElection (LeaderElection.java:logAndReturn(56)) - aa8b7966-c8e9-4cbb-bb4b-5650954eb5b8@group-441AD3FF729C-LeaderElection101: Election PASSED; received 2 response(s) [aa8b7966-c8e9-4cbb-bb4b-5650954eb5b8<-4006f311-924b-41b7-8b2d-6a306cebb526#0:FAIL-t1, aa8b7966-c8e9-4cbb-bb4b-5650954eb5b8<-b769eb0e-7454-47be-a9f9-2b6008ceec91#0:OK-t1] and 0 exception(s); aa8b7966-c8e9-4cbb-bb4b-5650954eb5b8@group-441AD3FF729C:t1, leader=null, voted=aa8b7966-c8e9-4cbb-bb4b-5650954eb5b8, raftlog=aa8b7966-c8e9-4cbb-bb4b-5650954eb5b8@group-441AD3FF729C-SegmentedRaftLog:OPENED:c-1,f-1,i0, conf=-1: [4006f311-924b-41b7-8b2d-6a306cebb526:192.168.30.26:38143, aa8b7966-c8e9-4cbb-bb4b-5650954eb5b8:192.168.30.26:46353, b769eb0e-7454-47be-a9f9-2b6008ceec91:192.168.30.26:36146], old=null
2019-10-07 12:27:00,868 [aa8b7966-c8e9-4cbb-bb4b-5650954eb5b8@group-441AD3FF729C-LeaderElection101] INFO  impl.RoleInfo (RoleInfo.java:shutdownLeaderElection(134)) - aa8b7966-c8e9-4cbb-bb4b-5650954eb5b8: shutdown LeaderElection
2019-10-07 12:27:00,871 [aa8b7966-c8e9-4cbb-bb4b-5650954eb5b8@group-441AD3FF729C-LeaderElection101] INFO  impl.RaftServerImpl (RaftServerImpl.java:setRole(170)) - aa8b7966-c8e9-4cbb-bb4b-5650954eb5b8@group-441AD3FF729C: changes role from CANDIDATE to LEADER at term 1 for changeToLeader
2019-10-07 12:27:00,875 [aa8b7966-c8e9-4cbb-bb4b-5650954eb5b8@group-441AD3FF729C-LeaderElection101] INFO  impl.RaftServerImpl (ServerState.java:setLeader(255)) - aa8b7966-c8e9-4cbb-bb4b-5650954eb5b8@group-441AD3FF729C: change Leader from null to aa8b7966-c8e9-4cbb-bb4b-5650954eb5b8 at term 1 for becomeLeader, leader elected after 5206ms
2019-10-07 12:27:00,875 [aa8b7966-c8e9-4cbb-bb4b-5650954eb5b8@group-441AD3FF729C-LeaderElection101] INFO  server.RaftServerConfigKeys (ConfUtils.java:logGet(43)) - raft.server.staging.catchup.gap = 1000 (default)
2019-10-07 12:27:00,876 [aa8b7966-c8e9-4cbb-bb4b-5650954eb5b8@group-441AD3FF729C-LeaderElection101] INFO  server.RaftServerConfigKeys (ConfUtils.java:logGet(43)) - raft.server.rpc.sleep.time = 25ms (default)
2019-10-07 12:27:00,876 [aa8b7966-c8e9-4cbb-bb4b-5650954eb5b8@group-441AD3FF729C-LeaderElection101] INFO  server.RaftServerConfigKeys (ConfUtils.java:logGet(43)) - raft.server.write.element-limit = 4096 (default)
2019-10-07 12:27:00,876 [aa8b7966-c8e9-4cbb-bb4b-5650954eb5b8@group-441AD3FF729C-LeaderElection101] INFO  server.RaftServerConfigKeys (ConfUtils.java:logGet(43)) - raft.server.watch.timeout = 10s (default)
2019-10-07 12:27:00,876 [4006f311-924b-41b7-8b2d-6a306cebb526@group-441AD3FF729C-LeaderElection100] INFO  impl.LeaderElection (LeaderElection.java:logAndReturn(56)) - 4006f311-924b-41b7-8b2d-6a306cebb526@group-441AD3FF729C-LeaderElection100: Election REJECTED; received 2 response(s) [4006f311-924b-41b7-8b2d-6a306cebb526<-aa8b7966-c8e9-4cbb-bb4b-5650954eb5b8#0:FAIL-t1, 4006f311-924b-41b7-8b2d-6a306cebb526<-b769eb0e-7454-47be-a9f9-2b6008ceec91#0:FAIL-t1] and 0 exception(s); 4006f311-924b-41b7-8b2d-6a306cebb526@group-441AD3FF729C:t1, leader=null, voted=4006f311-924b-41b7-8b2d-6a306cebb526, raftlog=4006f311-924b-41b7-8b2d-6a306cebb526@group-441AD3FF729C-SegmentedRaftLog:OPENED:c-1,f-1,i0, conf=-1: [4006f311-924b-41b7-8b2d-6a306cebb526:192.168.30.26:38143, aa8b7966-c8e9-4cbb-bb4b-5650954eb5b8:192.168.30.26:46353, b769eb0e-7454-47be-a9f9-2b6008ceec91:192.168.30.26:36146], old=null
2019-10-07 12:27:00,879 [4006f311-924b-41b7-8b2d-6a306cebb526@group-441AD3FF729C-LeaderElection100] INFO  impl.RaftServerImpl (RaftServerImpl.java:setRole(170)) - 4006f311-924b-41b7-8b2d-6a306cebb526@group-441AD3FF729C: changes role from CANDIDATE to FOLLOWER at term 1 for DISCOVERED_A_NEW_TERM
2019-10-07 12:27:00,879 [4006f311-924b-41b7-8b2d-6a306cebb526@group-441AD3FF729C-LeaderElection100] INFO  impl.RoleInfo (RoleInfo.java:shutdownLeaderElection(134)) - 4006f311-924b-41b7-8b2d-6a306cebb526: shutdown LeaderElection
2019-10-07 12:27:00,879 [4006f311-924b-41b7-8b2d-6a306cebb526@group-441AD3FF729C-LeaderElection100] INFO  impl.RoleInfo (RoleInfo.java:updateAndGet(143)) - 4006f311-924b-41b7-8b2d-6a306cebb526: start FollowerState
2019-10-07 12:27:00,876 [aa8b7966-c8e9-4cbb-bb4b-5650954eb5b8@group-441AD3FF729C-LeaderElection101] INFO  server.RaftServerConfigKeys (ConfUtils.java:logGet(43)) - raft.server.watch.timeout.denomination = 1s (default)
2019-10-07 12:27:00,880 [aa8b7966-c8e9-4cbb-bb4b-5650954eb5b8@group-441AD3FF729C-LeaderElection101] INFO  server.RaftServerConfigKeys (ConfUtils.java:logGet(43)) - raft.server.watch.element-limit = 65536 (default)
2019-10-07 12:27:00,881 [aa8b7966-c8e9-4cbb-bb4b-5650954eb5b8@group-441AD3FF729C-LeaderElection101] INFO  server.RaftServerConfigKeys (ConfUtils.java:logGet(43)) - raft.server.log.appender.snapshot.chunk.size.max = 16MB (=16777216) (default)
2019-10-07 12:27:00,881 [aa8b7966-c8e9-4cbb-bb4b-5650954eb5b8@group-441AD3FF729C-LeaderElection101] INFO  server.RaftServerConfigKeys (ConfUtils.java:logGet(43)) - raft.server.log.appender.buffer.byte-limit = 33554432 (custom)
2019-10-07 12:27:00,881 [aa8b7966-c8e9-4cbb-bb4b-5650954eb5b8@group-441AD3FF729C-LeaderElection101] INFO  server.RaftServerConfigKeys (ConfUtils.java:logGet(43)) - raft.server.log.appender.buffer.element-limit = 1 (custom)
2019-10-07 12:27:00,881 [aa8b7966-c8e9-4cbb-bb4b-5650954eb5b8@group-441AD3FF729C-LeaderElection101] INFO  grpc.GrpcConfigKeys$Server (ConfUtils.java:logGet(43)) - raft.grpc.server.leader.outstanding.appends.max = 128 (default)
2019-10-07 12:27:00,882 [aa8b7966-c8e9-4cbb-bb4b-5650954eb5b8@group-441AD3FF729C-LeaderElection101] INFO  server.RaftServerConfigKeys (ConfUtils.java:logGet(43)) - raft.server.rpc.request.timeout = 3000ms (default)
2019-10-07 12:27:00,882 [aa8b7966-c8e9-4cbb-bb4b-5650954eb5b8@group-441AD3FF729C-LeaderElection101] INFO  server.RaftServerConfigKeys (ConfUtils.java:logGet(43)) - raft.server.log.appender.install.snapshot.enabled = false (custom)
2019-10-07 12:27:00,882 [aa8b7966-c8e9-4cbb-bb4b-5650954eb5b8@group-441AD3FF729C-LeaderElection101] INFO  server.RaftServerConfigKeys (ConfUtils.java:logGet(43)) - raft.server.log.appender.snapshot.chunk.size.max = 16MB (=16777216) (default)
2019-10-07 12:27:00,882 [aa8b7966-c8e9-4cbb-bb4b-5650954eb5b8@group-441AD3FF729C-LeaderElection101] INFO  server.RaftServerConfigKeys (ConfUtils.java:logGet(43)) - raft.server.log.appender.buffer.byte-limit = 33554432 (custom)
2019-10-07 12:27:00,882 [aa8b7966-c8e9-4cbb-bb4b-5650954eb5b8@group-441AD3FF729C-LeaderElection101] INFO  server.RaftServerConfigKeys (ConfUtils.java:logGet(43)) - raft.server.log.appender.buffer.element-limit = 1 (custom)
2019-10-07 12:27:00,882 [aa8b7966-c8e9-4cbb-bb4b-5650954eb5b8@group-441AD3FF729C-LeaderElection101] INFO  grpc.GrpcConfigKeys$Server (ConfUtils.java:logGet(43)) - raft.grpc.server.leader.outstanding.appends.max = 128 (default)
2019-10-07 12:27:00,882 [aa8b7966-c8e9-4cbb-bb4b-5650954eb5b8@group-441AD3FF729C-LeaderElection101] INFO  server.RaftServerConfigKeys (ConfUtils.java:logGet(43)) - raft.server.rpc.request.timeout = 3000ms (default)
2019-10-07 12:27:00,882 [aa8b7966-c8e9-4cbb-bb4b-5650954eb5b8@group-441AD3FF729C-LeaderElection101] INFO  server.RaftServerConfigKeys (ConfUtils.java:logGet(43)) - raft.server.log.appender.install.snapshot.enabled = false (custom)
2019-10-07 12:27:00,883 [aa8b7966-c8e9-4cbb-bb4b-5650954eb5b8@group-441AD3FF729C-LeaderElection101] INFO  impl.RoleInfo (RoleInfo.java:updateAndGet(143)) - aa8b7966-c8e9-4cbb-bb4b-5650954eb5b8: start LeaderState
2019-10-07 12:27:00,883 [aa8b7966-c8e9-4cbb-bb4b-5650954eb5b8@group-441AD3FF729C-LeaderElection101] INFO  segmented.SegmentedRaftLogWorker (SegmentedRaftLogWorker.java:startLogSegment(385)) - aa8b7966-c8e9-4cbb-bb4b-5650954eb5b8@group-441AD3FF729C-SegmentedRaftLogWorker: Starting segment from index:0
2019-10-07 12:27:00,883 [aa8b7966-c8e9-4cbb-bb4b-5650954eb5b8@group-441AD3FF729C-LeaderElection101] INFO  impl.RaftServerImpl (ServerState.java:setRaftConf(356)) - aa8b7966-c8e9-4cbb-bb4b-5650954eb5b8@group-441AD3FF729C: set configuration 0: [4006f311-924b-41b7-8b2d-6a306cebb526:192.168.30.26:38143, aa8b7966-c8e9-4cbb-bb4b-5650954eb5b8:192.168.30.26:46353, b769eb0e-7454-47be-a9f9-2b6008ceec91:192.168.30.26:36146], old=null at 0
2019-10-07 12:27:00,884 [grpc-default-executor-6] INFO  impl.RaftServerImpl (ServerState.java:setLeader(255)) - 4006f311-924b-41b7-8b2d-6a306cebb526@group-441AD3FF729C: change Leader from null to aa8b7966-c8e9-4cbb-bb4b-5650954eb5b8 at term 1 for appendEntries, leader elected after 5216ms
2019-10-07 12:27:00,885 [grpc-default-executor-5] INFO  impl.RaftServerImpl (ServerState.java:setLeader(255)) - b769eb0e-7454-47be-a9f9-2b6008ceec91@group-441AD3FF729C: change Leader from null to aa8b7966-c8e9-4cbb-bb4b-5650954eb5b8 at term 1 for appendEntries, leader elected after 5216ms
2019-10-07 12:27:00,886 [grpc-default-executor-5] INFO  impl.RaftServerImpl (ServerState.java:setRaftConf(356)) - 4006f311-924b-41b7-8b2d-6a306cebb526@group-441AD3FF729C: set configuration 0: [4006f311-924b-41b7-8b2d-6a306cebb526:192.168.30.26:38143, aa8b7966-c8e9-4cbb-bb4b-5650954eb5b8:192.168.30.26:46353, b769eb0e-7454-47be-a9f9-2b6008ceec91:192.168.30.26:36146], old=null at 0
2019-10-07 12:27:00,886 [grpc-default-executor-5] INFO  segmented.SegmentedRaftLogWorker (SegmentedRaftLogWorker.java:startLogSegment(385)) - 4006f311-924b-41b7-8b2d-6a306cebb526@group-441AD3FF729C-SegmentedRaftLogWorker: Starting segment from index:0
2019-10-07 12:27:00,886 [grpc-default-executor-6] INFO  impl.RaftServerImpl (ServerState.java:setRaftConf(356)) - b769eb0e-7454-47be-a9f9-2b6008ceec91@group-441AD3FF729C: set configuration 0: [4006f311-924b-41b7-8b2d-6a306cebb526:192.168.30.26:38143, aa8b7966-c8e9-4cbb-bb4b-5650954eb5b8:192.168.30.26:46353, b769eb0e-7454-47be-a9f9-2b6008ceec91:192.168.30.26:36146], old=null at 0
2019-10-07 12:27:00,887 [grpc-default-executor-6] INFO  segmented.SegmentedRaftLogWorker (SegmentedRaftLogWorker.java:startLogSegment(385)) - b769eb0e-7454-47be-a9f9-2b6008ceec91@group-441AD3FF729C-SegmentedRaftLogWorker: Starting segment from index:0
2019-10-07 12:27:00,976 [aa8b7966-c8e9-4cbb-bb4b-5650954eb5b8@group-441AD3FF729C-SegmentedRaftLogWorker] INFO  segmented.SegmentedRaftLogWorker (SegmentedRaftLogWorker.java:execute(574)) - aa8b7966-c8e9-4cbb-bb4b-5650954eb5b8@group-441AD3FF729C-SegmentedRaftLogWorker: created new log segment /workdir/hadoop-ozone/integration-test/target/test-dir/MiniOzoneClusterImpl-86c498e6-12e9-4451-86e6-34dda6797130/datanode-3/data/ratis/b4e384f3-41b9-46d2-ba51-441ad3ff729c/current/log_inprogress_0
2019-10-07 12:27:00,976 [b769eb0e-7454-47be-a9f9-2b6008ceec91@group-441AD3FF729C-SegmentedRaftLogWorker] INFO  segmented.SegmentedRaftLogWorker (SegmentedRaftLogWorker.java:execute(574)) - b769eb0e-7454-47be-a9f9-2b6008ceec91@group-441AD3FF729C-SegmentedRaftLogWorker: created new log segment /workdir/hadoop-ozone/integration-test/target/test-dir/MiniOzoneClusterImpl-86c498e6-12e9-4451-86e6-34dda6797130/datanode-4/data/ratis/b4e384f3-41b9-46d2-ba51-441ad3ff729c/current/log_inprogress_0
2019-10-07 12:27:00,976 [4006f311-924b-41b7-8b2d-6a306cebb526@group-441AD3FF729C-SegmentedRaftLogWorker] INFO  segmented.SegmentedRaftLogWorker (SegmentedRaftLogWorker.java:execute(574)) - 4006f311-924b-41b7-8b2d-6a306cebb526@group-441AD3FF729C-SegmentedRaftLogWorker: created new log segment /workdir/hadoop-ozone/integration-test/target/test-dir/MiniOzoneClusterImpl-86c498e6-12e9-4451-86e6-34dda6797130/datanode-5/data/ratis/b4e384f3-41b9-46d2-ba51-441ad3ff729c/current/log_inprogress_0
2019-10-07 12:27:05,880 [Datanode State Machine Thread - 0] INFO  statemachine.DatanodeStateMachine (DatanodeStateMachine.java:lambda$startDaemon$0(350)) - Ozone container server started.
2019-10-07 12:27:05,881 [main] INFO  ozoneimpl.OzoneContainer (OzoneContainer.java:stop(231)) - Attempting to stop container services.
2019-10-07 12:27:05,883 [main] INFO  impl.RaftServerProxy (RaftServerProxy.java:lambda$close$4(314)) - aa14afdf-76db-4a5e-8bf8-d986c3950086: close
2019-10-07 12:27:05,884 [main] INFO  impl.RaftServerImpl (RaftServerImpl.java:lambda$shutdown$3(247)) - aa14afdf-76db-4a5e-8bf8-d986c3950086@group-2DF42521EE16: shutdown
2019-10-07 12:27:05,884 [main] INFO  util.JmxRegister (JmxRegister.java:unregister(73)) - Successfully un-registered JMX Bean with object name Ratis:service=RaftServer,group=group-2DF42521EE16,id=aa14afdf-76db-4a5e-8bf8-d986c3950086
2019-10-07 12:27:05,885 [main] INFO  impl.RoleInfo (RoleInfo.java:shutdownLeaderState(104)) - aa14afdf-76db-4a5e-8bf8-d986c3950086: shutdown LeaderState
2019-10-07 12:27:05,885 [main] INFO  impl.PendingRequests (PendingRequests.java:sendNotLeaderResponses(202)) - aa14afdf-76db-4a5e-8bf8-d986c3950086@group-2DF42521EE16-PendingRequests: sendNotLeaderResponses
2019-10-07 12:27:05,886 [main] INFO  impl.StateMachineUpdater (StateMachineUpdater.java:stopAndJoin(136)) - aa14afdf-76db-4a5e-8bf8-d986c3950086@group-2DF42521EE16-StateMachineUpdater: set stopIndex = 0
2019-10-07 12:27:05,887 [main] INFO  impl.RaftServerImpl (ServerState.java:close(387)) - aa14afdf-76db-4a5e-8bf8-d986c3950086@group-2DF42521EE16: closes. applyIndex: 0
2019-10-07 12:27:05,887 [aa14afdf-76db-4a5e-8bf8-d986c3950086@group-2DF42521EE16-SegmentedRaftLogWorker] INFO  segmented.SegmentedRaftLogWorker (SegmentedRaftLogWorker.java:run(316)) - aa14afdf-76db-4a5e-8bf8-d986c3950086@group-2DF42521EE16-SegmentedRaftLogWorker was interrupted, exiting. There are 0 tasks remaining in the queue.
2019-10-07 12:27:05,892 [main] INFO  segmented.SegmentedRaftLogWorker (SegmentedRaftLogWorker.java:close(224)) - aa14afdf-76db-4a5e-8bf8-d986c3950086@group-2DF42521EE16-SegmentedRaftLogWorker close()
2019-10-07 12:27:05,898 [main] INFO  impl.RaftServerImpl (RaftServerImpl.java:lambda$shutdown$3(247)) - aa14afdf-76db-4a5e-8bf8-d986c3950086@group-68CE261B998A: shutdown
2019-10-07 12:27:05,898 [main] INFO  util.JmxRegister (JmxRegister.java:unregister(73)) - Successfully un-registered JMX Bean with object name Ratis:service=RaftServer,group=group-68CE261B998A,id=aa14afdf-76db-4a5e-8bf8-d986c3950086
2019-10-07 12:27:05,898 [main] INFO  impl.RoleInfo (RoleInfo.java:shutdownFollowerState(121)) - aa14afdf-76db-4a5e-8bf8-d986c3950086: shutdown FollowerState
2019-10-07 12:27:05,899 [main] INFO  impl.StateMachineUpdater (StateMachineUpdater.java:stopAndJoin(136)) - aa14afdf-76db-4a5e-8bf8-d986c3950086@group-68CE261B998A-StateMachineUpdater: set stopIndex = 2
2019-10-07 12:27:05,899 [Thread-2477] INFO  impl.FollowerState (FollowerState.java:run(117)) - aa14afdf-76db-4a5e-8bf8-d986c3950086@group-68CE261B998A-FollowerState was interrupted: java.lang.InterruptedException: sleep interrupted
2019-10-07 12:27:05,899 [aa14afdf-76db-4a5e-8bf8-d986c3950086@group-68CE261B998A-StateMachineUpdater] INFO  ratis.ContainerStateMachine (ContainerStateMachine.java:takeSnapshot(294)) - group-68CE261B998A: Taking a snapshot at:(t:1, i:1) file /workdir/hadoop-ozone/integration-test/target/test-dir/MiniOzoneClusterImpl-86c498e6-12e9-4451-86e6-34dda6797130/datanode-0/data/ratis/2c35ca80-857e-4799-9ea8-68ce261b998a/sm/snapshot.1_1
2019-10-07 12:27:05,952 [aa14afdf-76db-4a5e-8bf8-d986c3950086@group-68CE261B998A-StateMachineUpdater] INFO  ratis.ContainerStateMachine (ContainerStateMachine.java:takeSnapshot(305)) - group-68CE261B998A: Finished taking a snapshot at:(t:1, i:1) file:/workdir/hadoop-ozone/integration-test/target/test-dir/MiniOzoneClusterImpl-86c498e6-12e9-4451-86e6-34dda6797130/datanode-0/data/ratis/2c35ca80-857e-4799-9ea8-68ce261b998a/sm/snapshot.1_1 time:53
2019-10-07 12:27:05,952 [aa14afdf-76db-4a5e-8bf8-d986c3950086@group-68CE261B998A-StateMachineUpdater] INFO  impl.StateMachineUpdater (StateMachineUpdater.java:takeSnapshot(269)) - aa14afdf-76db-4a5e-8bf8-d986c3950086@group-68CE261B998A-StateMachineUpdater: Took a snapshot at index 1
2019-10-07 12:27:05,953 [aa14afdf-76db-4a5e-8bf8-d986c3950086@group-68CE261B998A-StateMachineUpdater] INFO  impl.StateMachineUpdater (StateMachineUpdater.java:lambda$new$0(84)) - aa14afdf-76db-4a5e-8bf8-d986c3950086@group-68CE261B998A-StateMachineUpdater: snapshotIndex: updateIncreasingly -1 -> 1
2019-10-07 12:27:05,954 [aa14afdf-76db-4a5e-8bf8-d986c3950086@group-68CE261B998A-StateMachineUpdater] INFO  ratis.ContainerStateMachine (ContainerStateMachine.java:takeSnapshot(294)) - group-68CE261B998A: Taking a snapshot at:(t:1, i:1) file /workdir/hadoop-ozone/integration-test/target/test-dir/MiniOzoneClusterImpl-86c498e6-12e9-4451-86e6-34dda6797130/datanode-0/data/ratis/2c35ca80-857e-4799-9ea8-68ce261b998a/sm/snapshot.1_1
2019-10-07 12:27:05,962 [aa14afdf-76db-4a5e-8bf8-d986c3950086@group-68CE261B998A-StateMachineUpdater] INFO  ratis.ContainerStateMachine (ContainerStateMachine.java:takeSnapshot(305)) - group-68CE261B998A: Finished taking a snapshot at:(t:1, i:1) file:/workdir/hadoop-ozone/integration-test/target/test-dir/MiniOzoneClusterImpl-86c498e6-12e9-4451-86e6-34dda6797130/datanode-0/data/ratis/2c35ca80-857e-4799-9ea8-68ce261b998a/sm/snapshot.1_1 time:8
2019-10-07 12:27:05,962 [aa14afdf-76db-4a5e-8bf8-d986c3950086@group-68CE261B998A-StateMachineUpdater] INFO  impl.StateMachineUpdater (StateMachineUpdater.java:takeSnapshot(269)) - aa14afdf-76db-4a5e-8bf8-d986c3950086@group-68CE261B998A-StateMachineUpdater: Took a snapshot at index 1
2019-10-07 12:27:05,962 [aa14afdf-76db-4a5e-8bf8-d986c3950086@group-68CE261B998A-StateMachineUpdater] INFO  impl.StateMachineUpdater (StateMachineUpdater.java:lambda$new$0(84)) - aa14afdf-76db-4a5e-8bf8-d986c3950086@group-68CE261B998A-StateMachineUpdater: snapshotIndex: updateIncreasingly 1 -> 1
2019-10-07 12:27:05,963 [main] INFO  impl.RaftServerImpl (ServerState.java:close(387)) - aa14afdf-76db-4a5e-8bf8-d986c3950086@group-68CE261B998A: closes. applyIndex: 2
2019-10-07 12:27:05,964 [aa14afdf-76db-4a5e-8bf8-d986c3950086@group-68CE261B998A-SegmentedRaftLogWorker] INFO  segmented.SegmentedRaftLogWorker (SegmentedRaftLogWorker.java:run(316)) - aa14afdf-76db-4a5e-8bf8-d986c3950086@group-68CE261B998A-SegmentedRaftLogWorker was interrupted, exiting. There are 0 tasks remaining in the queue.
2019-10-07 12:27:05,967 [main] INFO  segmented.SegmentedRaftLogWorker (SegmentedRaftLogWorker.java:close(224)) - aa14afdf-76db-4a5e-8bf8-d986c3950086@group-68CE261B998A-SegmentedRaftLogWorker close()
2019-10-07 12:27:05,973 [main] INFO  server.GrpcService (GrpcService.java:closeImpl(164)) - aa14afdf-76db-4a5e-8bf8-d986c3950086: shutdown server with port 46771 now
2019-10-07 12:27:05,975 [grpc-default-executor-6] WARN  server.GrpcServerProtocolService (LogUtils.java:warn(134)) - aa14afdf-76db-4a5e-8bf8-d986c3950086: installSnapshot onError, lastRequest: c2d3070a-95d8-49e9-bf2e-f835b8e471c4->aa14afdf-76db-4a5e-8bf8-d986c3950086#5-t1, previous=(t:1, i:2), leaderCommit=2, initializing? false, entries: <empty>: org.apache.ratis.thirdparty.io.grpc.StatusRuntimeException: CANCELLED: cancelled before receiving half close
2019-10-07 12:27:05,975 [main] INFO  server.GrpcService (GrpcService.java:closeImpl(172)) - aa14afdf-76db-4a5e-8bf8-d986c3950086: shutdown server with port 46771 successfully
2019-10-07 12:27:05,976 [grpc-default-executor-7] WARN  server.GrpcLogAppender (LogUtils.java:warn(134)) - c2d3070a-95d8-49e9-bf2e-f835b8e471c4@group-68CE261B998A->aa14afdf-76db-4a5e-8bf8-d986c3950086-AppendLogResponseHandler: Failed appendEntries: org.apache.ratis.thirdparty.io.grpc.StatusRuntimeException: CANCELLED: HTTP/2 error code: CANCEL
Received Rst Stream
2019-10-07 12:27:05,977 [grpc-default-executor-7] INFO  impl.FollowerInfo (FollowerInfo.java:lambda$new$0(51)) - c2d3070a-95d8-49e9-bf2e-f835b8e471c4@group-68CE261B998A->aa14afdf-76db-4a5e-8bf8-d986c3950086: nextIndex: updateUnconditionally 3 -> 2
2019-10-07 12:27:05,978 [refreshUsed-/workdir/hadoop-ozone/integration-test/target/test-dir/MiniOzoneClusterImpl-86c498e6-12e9-4451-86e6-34dda6797130/datanode-0/data/containers] WARN  fs.CachingGetSpaceUsed (CachingGetSpaceUsed.java:run(183)) - Thread Interrupted waiting to refresh disk information: sleep interrupted
2019-10-07 12:27:05,998 [main] INFO  utils.BackgroundService (BackgroundService.java:shutdown(148)) - Shutting down service BlockDeletingService
2019-10-07 12:27:06,006 [main] INFO  statemachine.DatanodeStateMachine (DatanodeStateMachine.java:stopDaemon(395)) - Ozone container server stopped.
2019-10-07 12:27:06,008 [main] INFO  handler.ContextHandler (ContextHandler.java:doStop(910)) - Stopped o.e.j.w.WebAppContext@38ac8968{/,null,UNAVAILABLE}{/hddsDatanode}
2019-10-07 12:27:06,009 [main] INFO  server.AbstractConnector (AbstractConnector.java:doStop(318)) - Stopped ServerConnector@17ff8810{HTTP/1.1,[http/1.1]}{0.0.0.0:0}
2019-10-07 12:27:06,009 [main] INFO  handler.ContextHandler (ContextHandler.java:doStop(910)) - Stopped o.e.j.s.ServletContextHandler@637c840d{/static,jar:file:/home/user/.m2/repository/org/apache/hadoop/hadoop-hdds-container-service/0.5.0-SNAPSHOT/hadoop-hdds-container-service-0.5.0-SNAPSHOT.jar!/webapps/static,UNAVAILABLE}
2019-10-07 12:27:06,009 [main] INFO  handler.ContextHandler (ContextHandler.java:doStop(910)) - Stopped o.e.j.s.ServletContextHandler@5d194314{/logs,file:///workdir/hadoop-ozone/integration-test/target/log,UNAVAILABLE}
2019-10-07 12:27:06,020 [grpc-default-executor-6] WARN  server.GrpcLogAppender (LogUtils.java:warn(134)) - c2d3070a-95d8-49e9-bf2e-f835b8e471c4@group-68CE261B998A->aa14afdf-76db-4a5e-8bf8-d986c3950086-AppendLogResponseHandler: Failed appendEntries: org.apache.ratis.thirdparty.io.grpc.StatusRuntimeException: UNAVAILABLE: io exception
2019-10-07 12:27:06,020 [grpc-default-executor-6] INFO  impl.FollowerInfo (FollowerInfo.java:lambda$new$0(51)) - c2d3070a-95d8-49e9-bf2e-f835b8e471c4@group-68CE261B998A->aa14afdf-76db-4a5e-8bf8-d986c3950086: nextIndex: updateUnconditionally 3 -> 2
2019-10-07 12:27:06,031 [grpc-default-executor-5] WARN  server.GrpcLogAppender (LogUtils.java:warn(134)) - c2d3070a-95d8-49e9-bf2e-f835b8e471c4@group-68CE261B998A->aa14afdf-76db-4a5e-8bf8-d986c3950086-AppendLogResponseHandler: Failed appendEntries: org.apache.ratis.thirdparty.io.grpc.StatusRuntimeException: UNAVAILABLE: io exception
2019-10-07 12:27:06,031 [grpc-default-executor-5] INFO  impl.FollowerInfo (FollowerInfo.java:lambda$new$0(51)) - c2d3070a-95d8-49e9-bf2e-f835b8e471c4@group-68CE261B998A->aa14afdf-76db-4a5e-8bf8-d986c3950086: nextIndex: updateUnconditionally 3 -> 2
2019-10-07 12:27:06,046 [grpc-default-executor-6] WARN  server.GrpcLogAppender (LogUtils.java:warn(134)) - c2d3070a-95d8-49e9-bf2e-f835b8e471c4@group-68CE261B998A->aa14afdf-76db-4a5e-8bf8-d986c3950086-AppendLogResponseHandler: Failed appendEntries: org.apache.ratis.thirdparty.io.grpc.StatusRuntimeException: UNAVAILABLE: io exception
2019-10-07 12:27:06,047 [grpc-default-executor-6] INFO  impl.FollowerInfo (FollowerInfo.java:lambda$new$0(51)) - c2d3070a-95d8-49e9-bf2e-f835b8e471c4@group-68CE261B998A->aa14afdf-76db-4a5e-8bf8-d986c3950086: nextIndex: updateUnconditionally 3 -> 2
2019-10-07 12:27:06,047 [EventQueue-IncrementalContainerReportForIncrementalContainerReportHandler] WARN  container.IncrementalContainerReportHandler (AbstractContainerReportHandler.java:updateContainerState(143)) - Container #1 is in OPEN state, but the datanode c2d3070a-95d8-49e9-bf2e-f835b8e471c4{ip: 192.168.30.26, host: pr-hdds-2071-fmvlq-2762171947, networkLocation: /default-rack, certSerialId: null} reports an CLOSING replica.
2019-10-07 12:27:06,058 [EventQueue-IncrementalContainerReportForIncrementalContainerReportHandler] WARN  container.IncrementalContainerReportHandler (AbstractContainerReportHandler.java:updateContainerState(143)) - Container #1 is in OPEN state, but the datanode ecc1bd03-cc93-4b70-b2b6-f068c88737d7{ip: 192.168.30.26, host: pr-hdds-2071-fmvlq-2762171947, networkLocation: /default-rack, certSerialId: null} reports an CLOSING replica.
2019-10-07 12:27:06,084 [RatisApplyTransactionExecutor 1] INFO  interfaces.Container (KeyValueContainer.java:flushAndSyncDB(386)) - Container 1 is synced with bcsId 0.
2019-10-07 12:27:06,115 [RatisApplyTransactionExecutor 1] INFO  interfaces.Container (KeyValueContainer.java:flushAndSyncDB(386)) - Container 1 is synced with bcsId 0.
2019-10-07 12:27:06,126 [RatisApplyTransactionExecutor 1] INFO  interfaces.Container (KeyValueContainer.java:flushAndSyncDB(386)) - Container 1 is synced with bcsId 0.
2019-10-07 12:27:06,126 [RatisApplyTransactionExecutor 1] INFO  interfaces.Container (KeyValueContainer.java:flushAndSyncDB(386)) - Container 1 is synced with bcsId 0.
2019-10-07 12:27:06,140 [RatisApplyTransactionExecutor 1] INFO  interfaces.Container (KeyValueContainer.java:close(335)) - Container 1 is closed with bcsId 0.
2019-10-07 12:27:06,140 [RatisApplyTransactionExecutor 1] INFO  interfaces.Container (KeyValueContainer.java:close(335)) - Container 1 is closed with bcsId 0.
2019-10-07 12:27:06,150 [EventQueue-IncrementalContainerReportForIncrementalContainerReportHandler] WARN  container.IncrementalContainerReportHandler (AbstractContainerReportHandler.java:updateContainerState(143)) - Container #1 is in OPEN state, but the datanode c2d3070a-95d8-49e9-bf2e-f835b8e471c4{ip: 192.168.30.26, host: pr-hdds-2071-fmvlq-2762171947, networkLocation: /default-rack, certSerialId: null} reports an CLOSED replica.
2019-10-07 12:27:06,150 [EventQueue-IncrementalContainerReportForIncrementalContainerReportHandler] WARN  container.IncrementalContainerReportHandler (AbstractContainerReportHandler.java:updateContainerState(143)) - Container #1 is in OPEN state, but the datanode ecc1bd03-cc93-4b70-b2b6-f068c88737d7{ip: 192.168.30.26, host: pr-hdds-2071-fmvlq-2762171947, networkLocation: /default-rack, certSerialId: null} reports an CLOSED replica.
2019-10-07 12:27:08,549 [grpc-default-executor-7] WARN  server.GrpcLogAppender (LogUtils.java:warn(134)) - c2d3070a-95d8-49e9-bf2e-f835b8e471c4@group-68CE261B998A->aa14afdf-76db-4a5e-8bf8-d986c3950086-AppendLogResponseHandler: Failed appendEntries: org.apache.ratis.thirdparty.io.grpc.StatusRuntimeException: UNAVAILABLE: io exception
2019-10-07 12:27:08,549 [grpc-default-executor-7] INFO  impl.FollowerInfo (FollowerInfo.java:lambda$new$0(51)) - c2d3070a-95d8-49e9-bf2e-f835b8e471c4@group-68CE261B998A->aa14afdf-76db-4a5e-8bf8-d986c3950086: nextIndex: updateUnconditionally 2 -> 1
2019-10-07 12:27:09,162 [main] WARN  scm.XceiverClientRatis (XceiverClientRatis.java:watchForCommit(269)) - 3 way commit failed on pipeline Pipeline[ Id: 2c35ca80-857e-4799-9ea8-68ce261b998a, Nodes: aa14afdf-76db-4a5e-8bf8-d986c3950086{ip: 192.168.30.26, host: pr-hdds-2071-fmvlq-2762171947, networkLocation: /default-rack, certSerialId: null}c2d3070a-95d8-49e9-bf2e-f835b8e471c4{ip: 192.168.30.26, host: pr-hdds-2071-fmvlq-2762171947, networkLocation: /default-rack, certSerialId: null}ecc1bd03-cc93-4b70-b2b6-f068c88737d7{ip: 192.168.30.26, host: pr-hdds-2071-fmvlq-2762171947, networkLocation: /default-rack, certSerialId: null}, Type:RATIS, Factor:THREE, State:OPEN]
java.util.concurrent.TimeoutException
	at java.util.concurrent.CompletableFuture.timedGet(CompletableFuture.java:1771)
	at java.util.concurrent.CompletableFuture.get(CompletableFuture.java:1915)
	at org.apache.hadoop.hdds.scm.XceiverClientRatis.watchForCommit(XceiverClientRatis.java:266)
	at org.apache.hadoop.ozone.client.rpc.TestWatchForCommit.test2WayCommitForTimeoutException(TestWatchForCommit.java:391)
	at sun.reflect.NativeMethodAccessorImpl.invoke0(Native Method)
	at sun.reflect.NativeMethodAccessorImpl.invoke(NativeMethodAccessorImpl.java:62)
	at sun.reflect.DelegatingMethodAccessorImpl.invoke(DelegatingMethodAccessorImpl.java:43)
	at java.lang.reflect.Method.invoke(Method.java:498)
	at org.junit.runners.model.FrameworkMethod$1.runReflectiveCall(FrameworkMethod.java:47)
	at org.junit.internal.runners.model.ReflectiveCallable.run(ReflectiveCallable.java:12)
	at org.junit.runners.model.FrameworkMethod.invokeExplosively(FrameworkMethod.java:44)
	at org.junit.internal.runners.statements.InvokeMethod.evaluate(InvokeMethod.java:17)
	at org.junit.runners.ParentRunner.runLeaf(ParentRunner.java:271)
	at org.junit.runners.BlockJUnit4ClassRunner.runChild(BlockJUnit4ClassRunner.java:70)
	at org.junit.runners.BlockJUnit4ClassRunner.runChild(BlockJUnit4ClassRunner.java:50)
	at org.junit.runners.ParentRunner$3.run(ParentRunner.java:238)
	at org.junit.runners.ParentRunner$1.schedule(ParentRunner.java:63)
	at org.junit.runners.ParentRunner.runChildren(ParentRunner.java:236)
	at org.junit.runners.ParentRunner.access$000(ParentRunner.java:53)
	at org.junit.runners.ParentRunner$2.evaluate(ParentRunner.java:229)
	at org.junit.runners.ParentRunner.run(ParentRunner.java:309)
	at org.apache.maven.surefire.junit4.JUnit4Provider.execute(JUnit4Provider.java:365)
	at org.apache.maven.surefire.junit4.JUnit4Provider.executeWithRerun(JUnit4Provider.java:273)
	at org.apache.maven.surefire.junit4.JUnit4Provider.executeTestSet(JUnit4Provider.java:238)
	at org.apache.maven.surefire.junit4.JUnit4Provider.invoke(JUnit4Provider.java:159)
	at org.apache.maven.surefire.booter.ForkedBooter.invokeProviderInSameClassLoader(ForkedBooter.java:384)
	at org.apache.maven.surefire.booter.ForkedBooter.runSuitesInProcess(ForkedBooter.java:345)
	at org.apache.maven.surefire.booter.ForkedBooter.execute(ForkedBooter.java:126)
	at org.apache.maven.surefire.booter.ForkedBooter.main(ForkedBooter.java:418)
2019-10-07 12:27:09,172 [Thread-2538] INFO  client.GrpcClientProtocolService (GrpcClientProtocolService.java:lambda$processClientRequest$0(278)) - Failed RaftClientRequest:client-3CB8D66027B3->ecc1bd03-cc93-4b70-b2b6-f068c88737d7@group-68CE261B998A, cid=105, seq=0, Watch-MAJORITY_COMMITTED(3), Message:<EMPTY>, reply=RaftClientReply:client-3CB8D66027B3->ecc1bd03-cc93-4b70-b2b6-f068c88737d7@group-68CE261B998A, cid=105, FAILED org.apache.ratis.protocol.NotLeaderException: Server ecc1bd03-cc93-4b70-b2b6-f068c88737d7@group-68CE261B998A is not the leader c2d3070a-95d8-49e9-bf2e-f835b8e471c4:192.168.30.26:33473, logIndex=0, commits[ecc1bd03-cc93-4b70-b2b6-f068c88737d7:c4, aa14afdf-76db-4a5e-8bf8-d986c3950086:c2, c2d3070a-95d8-49e9-bf2e-f835b8e471c4:c4]
2019-10-07 12:27:11,051 [grpc-default-executor-6] WARN  server.GrpcLogAppender (LogUtils.java:warn(134)) - c2d3070a-95d8-49e9-bf2e-f835b8e471c4@group-68CE261B998A->aa14afdf-76db-4a5e-8bf8-d986c3950086-AppendLogResponseHandler: Failed appendEntries: org.apache.ratis.thirdparty.io.grpc.StatusRuntimeException: UNAVAILABLE: io exception
2019-10-07 12:27:11,052 [grpc-default-executor-6] INFO  impl.FollowerInfo (FollowerInfo.java:lambda$new$0(51)) - c2d3070a-95d8-49e9-bf2e-f835b8e471c4@group-68CE261B998A->aa14afdf-76db-4a5e-8bf8-d986c3950086: nextIndex: updateUnconditionally 1 -> 0
]]></system-out>
    <system-err><![CDATA[Oct 07, 2019 12:27:05 PM org.apache.ratis.thirdparty.io.grpc.internal.SerializingExecutor run
SEVERE: Exception while executing runnable org.apache.ratis.thirdparty.io.grpc.internal.ServerImpl$JumpToApplicationThreadServerStreamListener$1Closed@62dfaab5
org.apache.ratis.thirdparty.io.grpc.StatusRuntimeException: CANCELLED: call already cancelled
	at org.apache.ratis.thirdparty.io.grpc.Status.asRuntimeException(Status.java:517)
	at org.apache.ratis.thirdparty.io.grpc.stub.ServerCalls$ServerCallStreamObserverImpl.onCompleted(ServerCalls.java:356)
	at org.apache.ratis.grpc.server.GrpcServerProtocolService$ServerRequestStreamObserver.onError(GrpcServerProtocolService.java:121)
	at org.apache.ratis.thirdparty.io.grpc.stub.ServerCalls$StreamingServerCallHandler$StreamingServerCallListener.onCancel(ServerCalls.java:269)
	at org.apache.ratis.thirdparty.io.grpc.internal.ServerCallImpl$ServerStreamListenerImpl.closed(ServerCallImpl.java:293)
	at org.apache.ratis.thirdparty.io.grpc.internal.ServerImpl$JumpToApplicationThreadServerStreamListener$1Closed.runInContext(ServerImpl.java:741)
	at org.apache.ratis.thirdparty.io.grpc.internal.ContextRunnable.run(ContextRunnable.java:37)
	at org.apache.ratis.thirdparty.io.grpc.internal.SerializingExecutor.run(SerializingExecutor.java:123)
	at java.util.concurrent.ThreadPoolExecutor.runWorker(ThreadPoolExecutor.java:1149)
	at java.util.concurrent.ThreadPoolExecutor$Worker.run(ThreadPoolExecutor.java:624)
	at java.lang.Thread.run(Thread.java:748)

]]></system-err>
  </testcase>
</testsuite>